{
  "name": "mbpp_83_get_Char",
  "language": "php",
  "prompt": "<?php\n// Write a python function to find the character made by adding the ASCII value of all the characters of the given string modulo 26.\nfunction get_Char($strr) {\n",
  "doctests": "keep",
  "original": "/home/arjun/repos/MultiPL-E/datasets/../datasets/mbpp-typed/mbpp_83_get_Char.py",
  "prompt_terminology": "verbatim",
  "tests": "function candidate(...$args) {\n    return get_Char(...$args);\n}\n\nfunction test(): void {\n    if (candidate(\"abc\") !== \"f\") { throw new Exception(\"Test failed!\"); }\n    if (candidate(\"gfg\") !== \"t\") { throw new Exception(\"Test failed!\"); }\n    if (candidate(\"ab\") !== \"c\") { throw new Exception(\"Test failed!\"); }\n}\n\ntest();",
  "stop_tokens": [
    "\nfunction",
    "\n?>",
    "\n//",
    "\n#"
  ],
  "results": [
    {
      "program": "<?php\n// Write a python function to find the character made by adding the ASCII value of all the characters of the given string modulo 26.\nfunction get_Char($strr) {\n    $str = strtolower($strr);\n    $sum = 0;\n    for ($i = 0; $i < strlen($str); $i++) {\n        $sum += ord($str[$i]);\n    }\n    $sum = $sum % 26;\n    return chr($sum + 97);\n}\necho get_Char(\"abcd\");\nfunction candidate(...$args) {\n    return get_Char(...$args);\n}\n\nfunction test(): void {\n    if (candidate(\"abc\") !== \"f\") { throw new Exception(\"Test failed!\"); }\n    if (candidate(\"gfg\") !== \"t\") { throw new Exception(\"Test failed!\"); }\n    if (candidate(\"ab\") !== \"c\") { throw new Exception(\"Test failed!\"); }\n}\n\ntest();",
      "timestamp": 1665509673,
      "stdout": "e\nFatal error: Uncaught Exception: Test failed! in /tmp/tmp5sngtrp5.php:18\nStack trace:\n#0 /tmp/tmp5sngtrp5.php(23): test()\n#1 {main}\n  thrown in /tmp/tmp5sngtrp5.php on line 18\n",
      "stderr": "",
      "exit_code": 255,
      "status": "Exception"
    },
    {
      "program": "<?php\n// Write a python function to find the character made by adding the ASCII value of all the characters of the given string modulo 26.\nfunction get_Char($strr) {\n    $str = strtolower($strr);\n    $len = strlen($str);\n    $sum = 0;\n    for ($i = 0; $i < $len; $i++) {\n        $sum += ord($str[$i]);\n    }\n    $sum = $sum % 26;\n    return chr($sum + 97);\n}\n\n$str = \"abc\";\necho get_Char($str);\nfunction candidate(...$args) {\n    return get_Char(...$args);\n}\n\nfunction test(): void {\n    if (candidate(\"abc\") !== \"f\") { throw new Exception(\"Test failed!\"); }\n    if (candidate(\"gfg\") !== \"t\") { throw new Exception(\"Test failed!\"); }\n    if (candidate(\"ab\") !== \"c\") { throw new Exception(\"Test failed!\"); }\n}\n\ntest();",
      "timestamp": 1665509673,
      "stdout": "i\nFatal error: Uncaught Exception: Test failed! in /tmp/tmppalyu08_.php:21\nStack trace:\n#0 /tmp/tmppalyu08_.php(26): test()\n#1 {main}\n  thrown in /tmp/tmppalyu08_.php on line 21\n",
      "stderr": "",
      "exit_code": 255,
      "status": "Exception"
    },
    {
      "program": "<?php\n// Write a python function to find the character made by adding the ASCII value of all the characters of the given string modulo 26.\nfunction get_Char($strr) {\n    $str = str_split($strr);\n    $sum = 0;\n    for ($i = 0; $i < count($str); $i++) {\n        $sum += ord($str[$i]);\n    }\n    $sum = $sum % 26;\n    return chr($sum + 65);\n}\n\necho get_Char(\"abc\");\nfunction candidate(...$args) {\n    return get_Char(...$args);\n}\n\nfunction test(): void {\n    if (candidate(\"abc\") !== \"f\") { throw new Exception(\"Test failed!\"); }\n    if (candidate(\"gfg\") !== \"t\") { throw new Exception(\"Test failed!\"); }\n    if (candidate(\"ab\") !== \"c\") { throw new Exception(\"Test failed!\"); }\n}\n\ntest();",
      "timestamp": 1665509673,
      "stdout": "I\nFatal error: Uncaught Exception: Test failed! in /tmp/tmpmjrzt1xu.php:19\nStack trace:\n#0 /tmp/tmpmjrzt1xu.php(24): test()\n#1 {main}\n  thrown in /tmp/tmpmjrzt1xu.php on line 19\n",
      "stderr": "",
      "exit_code": 255,
      "status": "Exception"
    },
    {
      "program": "<?php\n// Write a python function to find the character made by adding the ASCII value of all the characters of the given string modulo 26.\nfunction get_Char($strr) {\n    $str = str_split($strr);\n    $sum = 0;\n    foreach ($str as $key => $value) {\n        $sum += ord($value);\n    }\n    return chr($sum % 26 + 65);\n}\necho get_Char(\"abc\");\nfunction candidate(...$args) {\n    return get_Char(...$args);\n}\n\nfunction test(): void {\n    if (candidate(\"abc\") !== \"f\") { throw new Exception(\"Test failed!\"); }\n    if (candidate(\"gfg\") !== \"t\") { throw new Exception(\"Test failed!\"); }\n    if (candidate(\"ab\") !== \"c\") { throw new Exception(\"Test failed!\"); }\n}\n\ntest();",
      "timestamp": 1665509673,
      "stdout": "I\nFatal error: Uncaught Exception: Test failed! in /tmp/tmp8iget_ro.php:17\nStack trace:\n#0 /tmp/tmp8iget_ro.php(22): test()\n#1 {main}\n  thrown in /tmp/tmp8iget_ro.php on line 17\n",
      "stderr": "",
      "exit_code": 255,
      "status": "Exception"
    },
    {
      "program": "<?php\n// Write a python function to find the character made by adding the ASCII value of all the characters of the given string modulo 26.\nfunction get_Char($strr) {\n    $strr = strtolower($strr);\n    $sum = 0;\n    for ($i = 0; $i < strlen($strr); $i++) {\n        $sum += ord($strr[$i]);\n    }\n    $sum = $sum % 26;\n    return chr($sum + 97);\n}\n\n$strr = \"abc\";\necho get_Char($strr);\nfunction candidate(...$args) {\n    return get_Char(...$args);\n}\n\nfunction test(): void {\n    if (candidate(\"abc\") !== \"f\") { throw new Exception(\"Test failed!\"); }\n    if (candidate(\"gfg\") !== \"t\") { throw new Exception(\"Test failed!\"); }\n    if (candidate(\"ab\") !== \"c\") { throw new Exception(\"Test failed!\"); }\n}\n\ntest();",
      "timestamp": 1665509673,
      "stdout": "i\nFatal error: Uncaught Exception: Test failed! in /tmp/tmpvkeacxrx.php:20\nStack trace:\n#0 /tmp/tmpvkeacxrx.php(25): test()\n#1 {main}\n  thrown in /tmp/tmpvkeacxrx.php on line 20\n",
      "stderr": "",
      "exit_code": 255,
      "status": "Exception"
    },
    {
      "program": "<?php\n// Write a python function to find the character made by adding the ASCII value of all the characters of the given string modulo 26.\nfunction get_Char($strr) {\n    $str = strtolower($strr);\n    $str_arr = str_split($str);\n    $sum = 0;\n    foreach ($str_arr as $char) {\n        $sum += ord($char);\n    }\n    $sum = $sum % 26;\n    return chr($sum + 97);\n}\n$str = \"abc\";\necho get_Char($str);\nfunction candidate(...$args) {\n    return get_Char(...$args);\n}\n\nfunction test(): void {\n    if (candidate(\"abc\") !== \"f\") { throw new Exception(\"Test failed!\"); }\n    if (candidate(\"gfg\") !== \"t\") { throw new Exception(\"Test failed!\"); }\n    if (candidate(\"ab\") !== \"c\") { throw new Exception(\"Test failed!\"); }\n}\n\ntest();",
      "timestamp": 1665509673,
      "stdout": "i\nFatal error: Uncaught Exception: Test failed! in /tmp/tmp9y0w61_a.php:20\nStack trace:\n#0 /tmp/tmp9y0w61_a.php(25): test()\n#1 {main}\n  thrown in /tmp/tmp9y0w61_a.php on line 20\n",
      "stderr": "",
      "exit_code": 255,
      "status": "Exception"
    },
    {
      "program": "<?php\n// Write a python function to find the character made by adding the ASCII value of all the characters of the given string modulo 26.\nfunction get_Char($strr) {\n    $strr = strtolower($strr);\n    $sum = 0;\n    for($i=0; $i<strlen($strr); $i++) {\n        $sum += ord($strr[$i]);\n    }\n    $sum = $sum % 26;\n    return chr($sum + 97);\n}\n\necho get_Char(\"abcd\");\nfunction candidate(...$args) {\n    return get_Char(...$args);\n}\n\nfunction test(): void {\n    if (candidate(\"abc\") !== \"f\") { throw new Exception(\"Test failed!\"); }\n    if (candidate(\"gfg\") !== \"t\") { throw new Exception(\"Test failed!\"); }\n    if (candidate(\"ab\") !== \"c\") { throw new Exception(\"Test failed!\"); }\n}\n\ntest();",
      "timestamp": 1665509673,
      "stdout": "e\nFatal error: Uncaught Exception: Test failed! in /tmp/tmp2ytb1pxi.php:19\nStack trace:\n#0 /tmp/tmp2ytb1pxi.php(24): test()\n#1 {main}\n  thrown in /tmp/tmp2ytb1pxi.php on line 19\n",
      "stderr": "",
      "exit_code": 255,
      "status": "Exception"
    },
    {
      "program": "<?php\n// Write a python function to find the character made by adding the ASCII value of all the characters of the given string modulo 26.\nfunction get_Char($strr) {\n    $str = strtolower($strr);\n    $sum = 0;\n    for ($i = 0; $i < strlen($str); $i++) {\n        $sum += ord($str[$i]) - 96;\n    }\n    $sum = $sum % 26;\n    if ($sum == 0) {\n        $sum = 26;\n    }\n    return chr($sum + 96);\n}\n\necho get_Char(\"abc\");\necho \"<br>\";\necho get_Char(\"abcdefghijklmnopqrstuvwxyz\");\necho \"<br>\";\necho get_Char(\"abcdefghijklmnopqrstuvwxyzabcdefghijklmnopqrstuvwxyz\");\necho \"<br>\";\necho get_Char(\"abcdefghijklmnopqrstuvwxyzabcdefghijklmnopqrstuvwxyzabcdefghijklmnopqrstuvwxyz\");\necho \"<br>\";\necho get_Char(\"abcdefghijklmnopqrstuvwxyzabcdefghijklmnopqrstuvwxyzabcdefghijklmnopqrstuvwxyzabcdefghijklmnopqrstuvwxyz\");\necho \"<br>\";\necho get_Char(\"abcdefghijklmnopqrstuvwxyzabcdefghijklmnopqrstuvwxyzabcdefghijklmnopqrstuvwxyzabcdefghijklmnopqrstuvwxyzabcdefghijklmnopqrstuvwxyz\");\necho \"<br>\";\necho get_Char(\"abcdefghijklmnopqrstuvwxyzabcdefghijklmnopqrstuvwxyzabcdefghijklmnopqrstuvwxyzabcdefghijklmnopqrstuvwxyzabcdefghijklmnopqrstuvwxyzabcdefghijklmnopqrstuvwxyz\");\necho \"<br>\";\necho get_Char(\"abcdefghijklmnopqrstuvwxyzabcdefghijklmn\nfunction candidate(...$args) {\n    return get_Char(...$args);\n}\n\nfunction test(): void {\n    if (candidate(\"abc\") !== \"f\") { throw new Exception(\"Test failed!\"); }\n    if (candidate(\"gfg\") !== \"t\") { throw new Exception(\"Test failed!\"); }\n    if (candidate(\"ab\") !== \"c\") { throw new Exception(\"Test failed!\"); }\n}\n\ntest();",
      "timestamp": 1665509673,
      "stdout": "\nParse error: syntax error, unexpected identifier \"abc\", expecting \")\" in /tmp/tmpcs18iobc.php on line 36\n",
      "stderr": "",
      "exit_code": 255,
      "status": "Exception"
    },
    {
      "program": "<?php\n// Write a python function to find the character made by adding the ASCII value of all the characters of the given string modulo 26.\nfunction get_Char($strr) {\n    $str = strtolower($strr);\n    $sum = 0;\n    for ($i = 0; $i < strlen($str); $i++) {\n        $sum += ord($str[$i]);\n    }\n    $sum = $sum % 26;\n    return chr($sum + 97);\n}\n$str = \"abc\";\necho get_Char($str);\nfunction candidate(...$args) {\n    return get_Char(...$args);\n}\n\nfunction test(): void {\n    if (candidate(\"abc\") !== \"f\") { throw new Exception(\"Test failed!\"); }\n    if (candidate(\"gfg\") !== \"t\") { throw new Exception(\"Test failed!\"); }\n    if (candidate(\"ab\") !== \"c\") { throw new Exception(\"Test failed!\"); }\n}\n\ntest();",
      "timestamp": 1665509673,
      "stdout": "i\nFatal error: Uncaught Exception: Test failed! in /tmp/tmpafp_n76m.php:19\nStack trace:\n#0 /tmp/tmpafp_n76m.php(24): test()\n#1 {main}\n  thrown in /tmp/tmpafp_n76m.php on line 19\n",
      "stderr": "",
      "exit_code": 255,
      "status": "Exception"
    },
    {
      "program": "<?php\n// Write a python function to find the character made by adding the ASCII value of all the characters of the given string modulo 26.\nfunction get_Char($strr) {\n    $str = str_split($strr);\n    $sum = 0;\n    foreach($str as $char) {\n        $sum += ord($char);\n    }\n    $sum = $sum % 26;\n    return chr($sum + 65);\n}\necho get_Char(\"ABC\");\nfunction candidate(...$args) {\n    return get_Char(...$args);\n}\n\nfunction test(): void {\n    if (candidate(\"abc\") !== \"f\") { throw new Exception(\"Test failed!\"); }\n    if (candidate(\"gfg\") !== \"t\") { throw new Exception(\"Test failed!\"); }\n    if (candidate(\"ab\") !== \"c\") { throw new Exception(\"Test failed!\"); }\n}\n\ntest();",
      "timestamp": 1665509673,
      "stdout": "Q\nFatal error: Uncaught Exception: Test failed! in /tmp/tmp4b6ka_zo.php:18\nStack trace:\n#0 /tmp/tmp4b6ka_zo.php(23): test()\n#1 {main}\n  thrown in /tmp/tmp4b6ka_zo.php on line 18\n",
      "stderr": "",
      "exit_code": 255,
      "status": "Exception"
    },
    {
      "program": "<?php\n// Write a python function to find the character made by adding the ASCII value of all the characters of the given string modulo 26.\nfunction get_Char($strr) {\n    $sum = 0;\n    for ($i = 0; $i < strlen($strr); $i++) {\n        $sum += ord($strr[$i]);\n    }\n    return chr($sum % 26 + 65);\n}\necho get_Char(\"ABC\");\nfunction candidate(...$args) {\n    return get_Char(...$args);\n}\n\nfunction test(): void {\n    if (candidate(\"abc\") !== \"f\") { throw new Exception(\"Test failed!\"); }\n    if (candidate(\"gfg\") !== \"t\") { throw new Exception(\"Test failed!\"); }\n    if (candidate(\"ab\") !== \"c\") { throw new Exception(\"Test failed!\"); }\n}\n\ntest();",
      "timestamp": 1665509673,
      "stdout": "Q\nFatal error: Uncaught Exception: Test failed! in /tmp/tmp_10btv_e.php:16\nStack trace:\n#0 /tmp/tmp_10btv_e.php(21): test()\n#1 {main}\n  thrown in /tmp/tmp_10btv_e.php on line 16\n",
      "stderr": "",
      "exit_code": 255,
      "status": "Exception"
    },
    {
      "program": "<?php\n// Write a python function to find the character made by adding the ASCII value of all the characters of the given string modulo 26.\nfunction get_Char($strr) {\n    $strr = strtolower($strr);\n    $sum = 0;\n    for ($i = 0; $i < strlen($strr); $i++) {\n        $sum += ord($strr[$i]);\n    }\n    $sum = $sum % 26;\n    return chr($sum + 97);\n}\n\necho get_Char(\"abc\");\nfunction candidate(...$args) {\n    return get_Char(...$args);\n}\n\nfunction test(): void {\n    if (candidate(\"abc\") !== \"f\") { throw new Exception(\"Test failed!\"); }\n    if (candidate(\"gfg\") !== \"t\") { throw new Exception(\"Test failed!\"); }\n    if (candidate(\"ab\") !== \"c\") { throw new Exception(\"Test failed!\"); }\n}\n\ntest();",
      "timestamp": 1665509673,
      "stdout": "i\nFatal error: Uncaught Exception: Test failed! in /tmp/tmp0strgvww.php:19\nStack trace:\n#0 /tmp/tmp0strgvww.php(24): test()\n#1 {main}\n  thrown in /tmp/tmp0strgvww.php on line 19\n",
      "stderr": "",
      "exit_code": 255,
      "status": "Exception"
    },
    {
      "program": "<?php\n// Write a python function to find the character made by adding the ASCII value of all the characters of the given string modulo 26.\nfunction get_Char($strr) {\n    $str = strtolower($strr);\n    $sum = 0;\n    for($i=0; $i<strlen($str); $i++) {\n        $sum += ord($str[$i]);\n    }\n    $sum %= 26;\n    return chr($sum + ord('a'));\n}\necho get_Char(\"abc\");\nfunction candidate(...$args) {\n    return get_Char(...$args);\n}\n\nfunction test(): void {\n    if (candidate(\"abc\") !== \"f\") { throw new Exception(\"Test failed!\"); }\n    if (candidate(\"gfg\") !== \"t\") { throw new Exception(\"Test failed!\"); }\n    if (candidate(\"ab\") !== \"c\") { throw new Exception(\"Test failed!\"); }\n}\n\ntest();",
      "timestamp": 1665509673,
      "stdout": "i\nFatal error: Uncaught Exception: Test failed! in /tmp/tmp1opo3re6.php:18\nStack trace:\n#0 /tmp/tmp1opo3re6.php(23): test()\n#1 {main}\n  thrown in /tmp/tmp1opo3re6.php on line 18\n",
      "stderr": "",
      "exit_code": 255,
      "status": "Exception"
    },
    {
      "program": "<?php\n// Write a python function to find the character made by adding the ASCII value of all the characters of the given string modulo 26.\nfunction get_Char($strr) {\n    $sum = 0;\n    for ($i = 0; $i < strlen($strr); $i++) {\n        $sum += ord($strr[$i]);\n    }\n    return chr($sum % 26 + 65);\n}\n$strr = \"ABC\";\necho get_Char($strr);\nfunction candidate(...$args) {\n    return get_Char(...$args);\n}\n\nfunction test(): void {\n    if (candidate(\"abc\") !== \"f\") { throw new Exception(\"Test failed!\"); }\n    if (candidate(\"gfg\") !== \"t\") { throw new Exception(\"Test failed!\"); }\n    if (candidate(\"ab\") !== \"c\") { throw new Exception(\"Test failed!\"); }\n}\n\ntest();",
      "timestamp": 1665509673,
      "stdout": "Q\nFatal error: Uncaught Exception: Test failed! in /tmp/tmpggf3x89q.php:17\nStack trace:\n#0 /tmp/tmpggf3x89q.php(22): test()\n#1 {main}\n  thrown in /tmp/tmpggf3x89q.php on line 17\n",
      "stderr": "",
      "exit_code": 255,
      "status": "Exception"
    },
    {
      "program": "<?php\n// Write a python function to find the character made by adding the ASCII value of all the characters of the given string modulo 26.\nfunction get_Char($strr) {\n    $sum = 0;\n    $strr = strtolower($strr);\n    for ($i = 0; $i < strlen($strr); $i++) {\n        $sum += ord($strr[$i]) - 96;\n    }\n    return chr($sum % 26 + 96);\n}\necho get_Char(\"abc\");\nfunction candidate(...$args) {\n    return get_Char(...$args);\n}\n\nfunction test(): void {\n    if (candidate(\"abc\") !== \"f\") { throw new Exception(\"Test failed!\"); }\n    if (candidate(\"gfg\") !== \"t\") { throw new Exception(\"Test failed!\"); }\n    if (candidate(\"ab\") !== \"c\") { throw new Exception(\"Test failed!\"); }\n}\n\ntest();",
      "timestamp": 1665509673,
      "stdout": "f",
      "stderr": "",
      "exit_code": 0,
      "status": "OK"
    },
    {
      "program": "<?php\n// Write a python function to find the character made by adding the ASCII value of all the characters of the given string modulo 26.\nfunction get_Char($strr) {\n    $sum = 0;\n    for ($i = 0; $i < strlen($strr); $i++) {\n        $sum += ord($strr[$i]);\n    }\n    $sum = $sum % 26;\n    return chr($sum + 65);\n}\n\n$strr = \"ABC\";\necho get_Char($strr);\nfunction candidate(...$args) {\n    return get_Char(...$args);\n}\n\nfunction test(): void {\n    if (candidate(\"abc\") !== \"f\") { throw new Exception(\"Test failed!\"); }\n    if (candidate(\"gfg\") !== \"t\") { throw new Exception(\"Test failed!\"); }\n    if (candidate(\"ab\") !== \"c\") { throw new Exception(\"Test failed!\"); }\n}\n\ntest();",
      "timestamp": 1665509673,
      "stdout": "Q\nFatal error: Uncaught Exception: Test failed! in /tmp/tmpaqr1xuxv.php:19\nStack trace:\n#0 /tmp/tmpaqr1xuxv.php(24): test()\n#1 {main}\n  thrown in /tmp/tmpaqr1xuxv.php on line 19\n",
      "stderr": "",
      "exit_code": 255,
      "status": "Exception"
    },
    {
      "program": "<?php\n// Write a python function to find the character made by adding the ASCII value of all the characters of the given string modulo 26.\nfunction get_Char($strr) {\n    $strr = strtolower($strr);\n    $sum = 0;\n    for ($i = 0; $i < strlen($strr); $i++) {\n        $sum += ord($strr[$i]);\n    }\n    $sum = $sum % 26;\n    return chr($sum + 97);\n}\necho get_Char(\"abc\");\nfunction candidate(...$args) {\n    return get_Char(...$args);\n}\n\nfunction test(): void {\n    if (candidate(\"abc\") !== \"f\") { throw new Exception(\"Test failed!\"); }\n    if (candidate(\"gfg\") !== \"t\") { throw new Exception(\"Test failed!\"); }\n    if (candidate(\"ab\") !== \"c\") { throw new Exception(\"Test failed!\"); }\n}\n\ntest();",
      "timestamp": 1665509673,
      "stdout": "i\nFatal error: Uncaught Exception: Test failed! in /tmp/tmpebe2c2n8.php:18\nStack trace:\n#0 /tmp/tmpebe2c2n8.php(23): test()\n#1 {main}\n  thrown in /tmp/tmpebe2c2n8.php on line 18\n",
      "stderr": "",
      "exit_code": 255,
      "status": "Exception"
    },
    {
      "program": "<?php\n// Write a python function to find the character made by adding the ASCII value of all the characters of the given string modulo 26.\nfunction get_Char($strr) {\n    $strr = strtolower($strr);\n    $sum = 0;\n    $len = strlen($strr);\n    for($i=0;$i<$len;$i++) {\n        $sum += ord($strr[$i]);\n    }\n    $sum = $sum % 26;\n    return chr($sum + 97);\n}\necho get_Char('abc');\nfunction candidate(...$args) {\n    return get_Char(...$args);\n}\n\nfunction test(): void {\n    if (candidate(\"abc\") !== \"f\") { throw new Exception(\"Test failed!\"); }\n    if (candidate(\"gfg\") !== \"t\") { throw new Exception(\"Test failed!\"); }\n    if (candidate(\"ab\") !== \"c\") { throw new Exception(\"Test failed!\"); }\n}\n\ntest();",
      "timestamp": 1665509673,
      "stdout": "i\nFatal error: Uncaught Exception: Test failed! in /tmp/tmpkkdxqsyk.php:19\nStack trace:\n#0 /tmp/tmpkkdxqsyk.php(24): test()\n#1 {main}\n  thrown in /tmp/tmpkkdxqsyk.php on line 19\n",
      "stderr": "",
      "exit_code": 255,
      "status": "Exception"
    },
    {
      "program": "<?php\n// Write a python function to find the character made by adding the ASCII value of all the characters of the given string modulo 26.\nfunction get_Char($strr) {\n    $sum = 0;\n    for ($i = 0; $i < strlen($strr); $i++) {\n        $sum += ord($strr[$i]);\n    }\n    return chr($sum % 26 + 65);\n}\n\necho get_Char(\"abc\");\nfunction candidate(...$args) {\n    return get_Char(...$args);\n}\n\nfunction test(): void {\n    if (candidate(\"abc\") !== \"f\") { throw new Exception(\"Test failed!\"); }\n    if (candidate(\"gfg\") !== \"t\") { throw new Exception(\"Test failed!\"); }\n    if (candidate(\"ab\") !== \"c\") { throw new Exception(\"Test failed!\"); }\n}\n\ntest();",
      "timestamp": 1665509673,
      "stdout": "I\nFatal error: Uncaught Exception: Test failed! in /tmp/tmp9767yiw1.php:17\nStack trace:\n#0 /tmp/tmp9767yiw1.php(22): test()\n#1 {main}\n  thrown in /tmp/tmp9767yiw1.php on line 17\n",
      "stderr": "",
      "exit_code": 255,
      "status": "Exception"
    },
    {
      "program": "<?php\n// Write a python function to find the character made by adding the ASCII value of all the characters of the given string modulo 26.\nfunction get_Char($strr) {\n    $sum = 0;\n    for ($i = 0; $i < strlen($strr); $i++) {\n        $sum += ord($strr[$i]);\n    }\n    $sum = $sum % 26;\n    return chr($sum + 65);\n}\n\necho get_Char(\"abc\");\nfunction candidate(...$args) {\n    return get_Char(...$args);\n}\n\nfunction test(): void {\n    if (candidate(\"abc\") !== \"f\") { throw new Exception(\"Test failed!\"); }\n    if (candidate(\"gfg\") !== \"t\") { throw new Exception(\"Test failed!\"); }\n    if (candidate(\"ab\") !== \"c\") { throw new Exception(\"Test failed!\"); }\n}\n\ntest();",
      "timestamp": 1665509673,
      "stdout": "I\nFatal error: Uncaught Exception: Test failed! in /tmp/tmpwfs49774.php:18\nStack trace:\n#0 /tmp/tmpwfs49774.php(23): test()\n#1 {main}\n  thrown in /tmp/tmpwfs49774.php on line 18\n",
      "stderr": "",
      "exit_code": 255,
      "status": "Exception"
    },
    {
      "program": "<?php\n// Write a python function to find the character made by adding the ASCII value of all the characters of the given string modulo 26.\nfunction get_Char($strr) {\n    $str = strtolower($strr);\n    $sum = 0;\n    for ($i = 0; $i < strlen($str); $i++) {\n        $sum += ord($str[$i]);\n    }\n    return chr($sum % 26 + 97);\n}\n\necho get_Char(\"abcd\");\nfunction candidate(...$args) {\n    return get_Char(...$args);\n}\n\nfunction test(): void {\n    if (candidate(\"abc\") !== \"f\") { throw new Exception(\"Test failed!\"); }\n    if (candidate(\"gfg\") !== \"t\") { throw new Exception(\"Test failed!\"); }\n    if (candidate(\"ab\") !== \"c\") { throw new Exception(\"Test failed!\"); }\n}\n\ntest();",
      "timestamp": 1666123798,
      "stdout": "e\nFatal error: Uncaught Exception: Test failed! in /tmp/tmpbs5ptnxn.php:18\nStack trace:\n#0 /tmp/tmpbs5ptnxn.php(23): test()\n#1 {main}\n  thrown in /tmp/tmpbs5ptnxn.php on line 18\n",
      "stderr": "",
      "exit_code": 255,
      "status": "Exception"
    },
    {
      "program": "<?php\n// Write a python function to find the character made by adding the ASCII value of all the characters of the given string modulo 26.\nfunction get_Char($strr) {\n    $str = strtolower($strr);\n    $sum = 0;\n    for ($i = 0; $i < strlen($str); $i++) {\n        $sum += ord($str[$i]);\n    }\n    $sum = $sum % 26;\n    return chr($sum + 97);\n}\n$str = \"abc\";\necho get_Char($str);\nfunction candidate(...$args) {\n    return get_Char(...$args);\n}\n\nfunction test(): void {\n    if (candidate(\"abc\") !== \"f\") { throw new Exception(\"Test failed!\"); }\n    if (candidate(\"gfg\") !== \"t\") { throw new Exception(\"Test failed!\"); }\n    if (candidate(\"ab\") !== \"c\") { throw new Exception(\"Test failed!\"); }\n}\n\ntest();",
      "timestamp": 1665509673,
      "stdout": "i\nFatal error: Uncaught Exception: Test failed! in /tmp/tmpafp_n76m.php:19\nStack trace:\n#0 /tmp/tmpafp_n76m.php(24): test()\n#1 {main}\n  thrown in /tmp/tmpafp_n76m.php on line 19\n",
      "stderr": "",
      "exit_code": 255,
      "status": "Exception"
    },
    {
      "program": "<?php\n// Write a python function to find the character made by adding the ASCII value of all the characters of the given string modulo 26.\nfunction get_Char($strr) {\n    $str = strtolower($strr);\n    $str_arr = str_split($str);\n    $sum = 0;\n    foreach ($str_arr as $char) {\n        $sum += ord($char);\n    }\n    $sum = $sum % 26;\n    return chr($sum + 97);\n}\necho get_Char(\"abc\");\nfunction candidate(...$args) {\n    return get_Char(...$args);\n}\n\nfunction test(): void {\n    if (candidate(\"abc\") !== \"f\") { throw new Exception(\"Test failed!\"); }\n    if (candidate(\"gfg\") !== \"t\") { throw new Exception(\"Test failed!\"); }\n    if (candidate(\"ab\") !== \"c\") { throw new Exception(\"Test failed!\"); }\n}\n\ntest();",
      "timestamp": 1666123798,
      "stdout": "i\nFatal error: Uncaught Exception: Test failed! in /tmp/tmpizs2d29t.php:19\nStack trace:\n#0 /tmp/tmpizs2d29t.php(24): test()\n#1 {main}\n  thrown in /tmp/tmpizs2d29t.php on line 19\n",
      "stderr": "",
      "exit_code": 255,
      "status": "Exception"
    },
    {
      "program": "<?php\n// Write a python function to find the character made by adding the ASCII value of all the characters of the given string modulo 26.\nfunction get_Char($strr) {\n    $str = strtolower($strr);\n    $sum = 0;\n    for ($i = 0; $i < strlen($str); $i++) {\n        $sum += ord($str[$i]);\n    }\n    $sum = $sum % 26;\n    return chr($sum + 97);\n}\n\necho get_Char(\"abc\");\nfunction candidate(...$args) {\n    return get_Char(...$args);\n}\n\nfunction test(): void {\n    if (candidate(\"abc\") !== \"f\") { throw new Exception(\"Test failed!\"); }\n    if (candidate(\"gfg\") !== \"t\") { throw new Exception(\"Test failed!\"); }\n    if (candidate(\"ab\") !== \"c\") { throw new Exception(\"Test failed!\"); }\n}\n\ntest();",
      "timestamp": 1666123798,
      "stdout": "i\nFatal error: Uncaught Exception: Test failed! in /tmp/tmp6ql9zleb.php:19\nStack trace:\n#0 /tmp/tmp6ql9zleb.php(24): test()\n#1 {main}\n  thrown in /tmp/tmp6ql9zleb.php on line 19\n",
      "stderr": "",
      "exit_code": 255,
      "status": "Exception"
    },
    {
      "program": "<?php\n// Write a python function to find the character made by adding the ASCII value of all the characters of the given string modulo 26.\nfunction get_Char($strr) {\n    $str = strtolower($strr);\n    $sum = 0;\n    for ($i = 0; $i < strlen($str); $i++) {\n        $sum += ord($str[$i]);\n    }\n    $sum = $sum % 26;\n    return chr($sum + 97);\n}\necho get_Char(\"abc\");\nfunction candidate(...$args) {\n    return get_Char(...$args);\n}\n\nfunction test(): void {\n    if (candidate(\"abc\") !== \"f\") { throw new Exception(\"Test failed!\"); }\n    if (candidate(\"gfg\") !== \"t\") { throw new Exception(\"Test failed!\"); }\n    if (candidate(\"ab\") !== \"c\") { throw new Exception(\"Test failed!\"); }\n}\n\ntest();",
      "timestamp": 1666123798,
      "stdout": "i\nFatal error: Uncaught Exception: Test failed! in /tmp/tmpr_10rzme.php:18\nStack trace:\n#0 /tmp/tmpr_10rzme.php(23): test()\n#1 {main}\n  thrown in /tmp/tmpr_10rzme.php on line 18\n",
      "stderr": "",
      "exit_code": 255,
      "status": "Exception"
    },
    {
      "program": "<?php\n// Write a python function to find the character made by adding the ASCII value of all the characters of the given string modulo 26.\nfunction get_Char($strr) {\n    $str = strtolower($strr);\n    $sum = 0;\n    for ($i = 0; $i < strlen($str); $i++) {\n        $sum += ord($str[$i]);\n    }\n    return chr($sum % 26 + 97);\n}\n\necho get_Char(\"abc\");\nfunction candidate(...$args) {\n    return get_Char(...$args);\n}\n\nfunction test(): void {\n    if (candidate(\"abc\") !== \"f\") { throw new Exception(\"Test failed!\"); }\n    if (candidate(\"gfg\") !== \"t\") { throw new Exception(\"Test failed!\"); }\n    if (candidate(\"ab\") !== \"c\") { throw new Exception(\"Test failed!\"); }\n}\n\ntest();",
      "timestamp": 1666123798,
      "stdout": "i\nFatal error: Uncaught Exception: Test failed! in /tmp/tmph40c5_uy.php:18\nStack trace:\n#0 /tmp/tmph40c5_uy.php(23): test()\n#1 {main}\n  thrown in /tmp/tmph40c5_uy.php on line 18\n",
      "stderr": "",
      "exit_code": 255,
      "status": "Exception"
    },
    {
      "program": "<?php\n// Write a python function to find the character made by adding the ASCII value of all the characters of the given string modulo 26.\nfunction get_Char($strr) {\n    $sum = 0;\n    for ($i = 0; $i < strlen($strr); $i++) {\n        $sum += ord($strr[$i]);\n    }\n    $sum = $sum % 26;\n    return chr($sum + ord('a'));\n}\n\n$strr = \"abc\";\necho get_Char($strr);\nfunction candidate(...$args) {\n    return get_Char(...$args);\n}\n\nfunction test(): void {\n    if (candidate(\"abc\") !== \"f\") { throw new Exception(\"Test failed!\"); }\n    if (candidate(\"gfg\") !== \"t\") { throw new Exception(\"Test failed!\"); }\n    if (candidate(\"ab\") !== \"c\") { throw new Exception(\"Test failed!\"); }\n}\n\ntest();",
      "timestamp": 1666123798,
      "stdout": "i\nFatal error: Uncaught Exception: Test failed! in /tmp/tmpgawzm3j7.php:19\nStack trace:\n#0 /tmp/tmpgawzm3j7.php(24): test()\n#1 {main}\n  thrown in /tmp/tmpgawzm3j7.php on line 19\n",
      "stderr": "",
      "exit_code": 255,
      "status": "Exception"
    },
    {
      "program": "<?php\n// Write a python function to find the character made by adding the ASCII value of all the characters of the given string modulo 26.\nfunction get_Char($strr) {\n    $str = strtolower($strr);\n    $len = strlen($str);\n    $sum = 0;\n    for($i=0; $i<$len; $i++) {\n        $sum += ord($str[$i]);\n    }\n    $sum = $sum % 26;\n    $sum += 97;\n    return chr($sum);\n}\n\n$str = \"abc\";\necho get_Char($str);\nfunction candidate(...$args) {\n    return get_Char(...$args);\n}\n\nfunction test(): void {\n    if (candidate(\"abc\") !== \"f\") { throw new Exception(\"Test failed!\"); }\n    if (candidate(\"gfg\") !== \"t\") { throw new Exception(\"Test failed!\"); }\n    if (candidate(\"ab\") !== \"c\") { throw new Exception(\"Test failed!\"); }\n}\n\ntest();",
      "timestamp": 1666123798,
      "stdout": "i\nFatal error: Uncaught Exception: Test failed! in /tmp/tmpp457y5df.php:22\nStack trace:\n#0 /tmp/tmpp457y5df.php(27): test()\n#1 {main}\n  thrown in /tmp/tmpp457y5df.php on line 22\n",
      "stderr": "",
      "exit_code": 255,
      "status": "Exception"
    },
    {
      "program": "<?php\n// Write a python function to find the character made by adding the ASCII value of all the characters of the given string modulo 26.\nfunction get_Char($strr) {\n    $str = strtolower($strr);\n    $sum = 0;\n    for ($i = 0; $i < strlen($str); $i++) {\n        $sum += ord($str[$i]);\n    }\n    $sum = $sum % 26;\n    return chr($sum + 97);\n}\n\necho get_Char(\"abc\");\nfunction candidate(...$args) {\n    return get_Char(...$args);\n}\n\nfunction test(): void {\n    if (candidate(\"abc\") !== \"f\") { throw new Exception(\"Test failed!\"); }\n    if (candidate(\"gfg\") !== \"t\") { throw new Exception(\"Test failed!\"); }\n    if (candidate(\"ab\") !== \"c\") { throw new Exception(\"Test failed!\"); }\n}\n\ntest();",
      "timestamp": 1666123798,
      "stdout": "i\nFatal error: Uncaught Exception: Test failed! in /tmp/tmp6ql9zleb.php:19\nStack trace:\n#0 /tmp/tmp6ql9zleb.php(24): test()\n#1 {main}\n  thrown in /tmp/tmp6ql9zleb.php on line 19\n",
      "stderr": "",
      "exit_code": 255,
      "status": "Exception"
    },
    {
      "program": "<?php\n// Write a python function to find the character made by adding the ASCII value of all the characters of the given string modulo 26.\nfunction get_Char($strr) {\n    $str = strtolower($strr);\n    $len = strlen($str);\n    $sum = 0;\n    for ($i = 0; $i < $len; $i++) {\n        $sum += ord($str[$i]);\n    }\n    $sum = $sum % 26;\n    return chr($sum + 97);\n}\n\n$str = \"abc\";\necho get_Char($str);\nfunction candidate(...$args) {\n    return get_Char(...$args);\n}\n\nfunction test(): void {\n    if (candidate(\"abc\") !== \"f\") { throw new Exception(\"Test failed!\"); }\n    if (candidate(\"gfg\") !== \"t\") { throw new Exception(\"Test failed!\"); }\n    if (candidate(\"ab\") !== \"c\") { throw new Exception(\"Test failed!\"); }\n}\n\ntest();",
      "timestamp": 1665509673,
      "stdout": "i\nFatal error: Uncaught Exception: Test failed! in /tmp/tmppalyu08_.php:21\nStack trace:\n#0 /tmp/tmppalyu08_.php(26): test()\n#1 {main}\n  thrown in /tmp/tmppalyu08_.php on line 21\n",
      "stderr": "",
      "exit_code": 255,
      "status": "Exception"
    },
    {
      "program": "<?php\n// Write a python function to find the character made by adding the ASCII value of all the characters of the given string modulo 26.\nfunction get_Char($strr) {\n    $sum = 0;\n    for ($i = 0; $i < strlen($strr); $i++) {\n        $sum += ord($strr[$i]);\n    }\n    return chr($sum % 26 + 65);\n}\n\necho get_Char(\"ABC\");\nfunction candidate(...$args) {\n    return get_Char(...$args);\n}\n\nfunction test(): void {\n    if (candidate(\"abc\") !== \"f\") { throw new Exception(\"Test failed!\"); }\n    if (candidate(\"gfg\") !== \"t\") { throw new Exception(\"Test failed!\"); }\n    if (candidate(\"ab\") !== \"c\") { throw new Exception(\"Test failed!\"); }\n}\n\ntest();",
      "timestamp": 1666123798,
      "stdout": "Q\nFatal error: Uncaught Exception: Test failed! in /tmp/tmpur3brj0w.php:17\nStack trace:\n#0 /tmp/tmpur3brj0w.php(22): test()\n#1 {main}\n  thrown in /tmp/tmpur3brj0w.php on line 17\n",
      "stderr": "",
      "exit_code": 255,
      "status": "Exception"
    },
    {
      "program": "<?php\n// Write a python function to find the character made by adding the ASCII value of all the characters of the given string modulo 26.\nfunction get_Char($strr) {\n    $str = str_split($strr);\n    $sum = 0;\n    foreach ($str as $key => $value) {\n        $sum += ord($value);\n    }\n    $sum = $sum % 26;\n    return chr($sum + 97);\n}\necho get_Char(\"abc\");\nfunction candidate(...$args) {\n    return get_Char(...$args);\n}\n\nfunction test(): void {\n    if (candidate(\"abc\") !== \"f\") { throw new Exception(\"Test failed!\"); }\n    if (candidate(\"gfg\") !== \"t\") { throw new Exception(\"Test failed!\"); }\n    if (candidate(\"ab\") !== \"c\") { throw new Exception(\"Test failed!\"); }\n}\n\ntest();",
      "timestamp": 1666123798,
      "stdout": "i\nFatal error: Uncaught Exception: Test failed! in /tmp/tmpseswmw3k.php:18\nStack trace:\n#0 /tmp/tmpseswmw3k.php(23): test()\n#1 {main}\n  thrown in /tmp/tmpseswmw3k.php on line 18\n",
      "stderr": "",
      "exit_code": 255,
      "status": "Exception"
    },
    {
      "program": "<?php\n// Write a python function to find the character made by adding the ASCII value of all the characters of the given string modulo 26.\nfunction get_Char($strr) {\n    $sum = 0;\n    for ($i = 0; $i < strlen($strr); $i++) {\n        $sum += ord($strr[$i]);\n    }\n    $sum = $sum % 26;\n    return chr($sum + 65);\n}\n\necho get_Char(\"ABC\");\nfunction candidate(...$args) {\n    return get_Char(...$args);\n}\n\nfunction test(): void {\n    if (candidate(\"abc\") !== \"f\") { throw new Exception(\"Test failed!\"); }\n    if (candidate(\"gfg\") !== \"t\") { throw new Exception(\"Test failed!\"); }\n    if (candidate(\"ab\") !== \"c\") { throw new Exception(\"Test failed!\"); }\n}\n\ntest();",
      "timestamp": 1666123798,
      "stdout": "Q\nFatal error: Uncaught Exception: Test failed! in /tmp/tmpbhp0r_eq.php:18\nStack trace:\n#0 /tmp/tmpbhp0r_eq.php(23): test()\n#1 {main}\n  thrown in /tmp/tmpbhp0r_eq.php on line 18\n",
      "stderr": "",
      "exit_code": 255,
      "status": "Exception"
    },
    {
      "program": "<?php\n// Write a python function to find the character made by adding the ASCII value of all the characters of the given string modulo 26.\nfunction get_Char($strr) {\n    $str = strtolower($strr);\n    $str = str_split($str);\n    $sum = 0;\n    foreach ($str as $key => $value) {\n        $sum += ord($value);\n    }\n    $sum = $sum % 26;\n    $sum += 97;\n    return chr($sum);\n}\n\necho get_Char(\"abc\");\necho \"\\n\";\necho get_Char(\"abcdefghijklmnopqrstuvwxyz\");\necho \"\\n\";\necho get_Char(\"abcdefghijklmnopqrstuvwxyzabcdefghijklmnopqrstuvwxyzabcdefghijklmnopqrstuvwxyzabcdefghijklmnopqrstuvwxyzabcdefghijklmnopqrstuvwxyzabcdefghijklmnopqrstuvwxyzabcdefghijklmnopqrstuvwxyzabcdefghijklmnopqrstuvwxyzabcdefghijklmnopqrstuvwxyzabcdefghijklmnopqrstuvwxyzabcdefghijklmnopqrstuvwxyzabcdefghijklmnopqrstuvwxyzabcdefghijklmnopqrstuvwxyzabcdefghijklmnopqrstuvwxyzabcdefghijklmnopqrstuvwxyzabcdefghijklmnopqrstuvwxyzabcdefghijklmnopqrstuvwxyzabcdefghijklmnopqrstuvwxyzabcdefghijklmnopqrstuvwxyzabcdefghijklmnopqrstuvwxyzabcdefghijklmnopqrstuvwxyzabcdefghijklmnopqrstuvwxyzabcdefghijklmnopqrstuvwxyzabcdefghijklmnopqrstuvwxyzabcdefghijklmnopqrstuvwxyzabcdefghijklmnopqrstuvwxyzabcdefghijklmnopqrstuvwxyzabcdefghij\nfunction candidate(...$args) {\n    return get_Char(...$args);\n}\n\nfunction test(): void {\n    if (candidate(\"abc\") !== \"f\") { throw new Exception(\"Test failed!\"); }\n    if (candidate(\"gfg\") !== \"t\") { throw new Exception(\"Test failed!\"); }\n    if (candidate(\"ab\") !== \"c\") { throw new Exception(\"Test failed!\"); }\n}\n\ntest();",
      "timestamp": 1666123798,
      "stdout": "\nParse error: syntax error, unexpected identifier \"abc\", expecting \")\" in /tmp/tmp8lzsogkb.php on line 25\n",
      "stderr": "",
      "exit_code": 255,
      "status": "Exception"
    },
    {
      "program": "<?php\n// Write a python function to find the character made by adding the ASCII value of all the characters of the given string modulo 26.\nfunction get_Char($strr) {\n    $sum = 0;\n    for ($i = 0; $i < strlen($strr); $i++) {\n        $sum += ord($strr[$i]);\n    }\n    return chr($sum % 26 + 65);\n}\necho get_Char(\"abc\");\nfunction candidate(...$args) {\n    return get_Char(...$args);\n}\n\nfunction test(): void {\n    if (candidate(\"abc\") !== \"f\") { throw new Exception(\"Test failed!\"); }\n    if (candidate(\"gfg\") !== \"t\") { throw new Exception(\"Test failed!\"); }\n    if (candidate(\"ab\") !== \"c\") { throw new Exception(\"Test failed!\"); }\n}\n\ntest();",
      "timestamp": 1666123798,
      "stdout": "I\nFatal error: Uncaught Exception: Test failed! in /tmp/tmpa6ehf7i5.php:16\nStack trace:\n#0 /tmp/tmpa6ehf7i5.php(21): test()\n#1 {main}\n  thrown in /tmp/tmpa6ehf7i5.php on line 16\n",
      "stderr": "",
      "exit_code": 255,
      "status": "Exception"
    },
    {
      "program": "<?php\n// Write a python function to find the character made by adding the ASCII value of all the characters of the given string modulo 26.\nfunction get_Char($strr) {\n    $str = strtolower($strr);\n    $sum = 0;\n    for ($i=0; $i < strlen($str); $i++) { \n        $sum += ord($str[$i]);\n    }\n    return chr($sum % 26 + 97);\n}\necho get_Char(\"abc\");\nfunction candidate(...$args) {\n    return get_Char(...$args);\n}\n\nfunction test(): void {\n    if (candidate(\"abc\") !== \"f\") { throw new Exception(\"Test failed!\"); }\n    if (candidate(\"gfg\") !== \"t\") { throw new Exception(\"Test failed!\"); }\n    if (candidate(\"ab\") !== \"c\") { throw new Exception(\"Test failed!\"); }\n}\n\ntest();",
      "timestamp": 1666123798,
      "stdout": "i\nFatal error: Uncaught Exception: Test failed! in /tmp/tmp6b_i1adf.php:17\nStack trace:\n#0 /tmp/tmp6b_i1adf.php(22): test()\n#1 {main}\n  thrown in /tmp/tmp6b_i1adf.php on line 17\n",
      "stderr": "",
      "exit_code": 255,
      "status": "Exception"
    },
    {
      "program": "<?php\n// Write a python function to find the character made by adding the ASCII value of all the characters of the given string modulo 26.\nfunction get_Char($strr) {\n    $str = strtolower($strr);\n    $sum = 0;\n    for ($i = 0; $i < strlen($str); $i++) {\n        $sum += ord($str[$i]);\n    }\n    $sum = $sum % 26;\n    $sum += 97;\n    return chr($sum);\n}\n$str = \"abc\";\necho get_Char($str);\nfunction candidate(...$args) {\n    return get_Char(...$args);\n}\n\nfunction test(): void {\n    if (candidate(\"abc\") !== \"f\") { throw new Exception(\"Test failed!\"); }\n    if (candidate(\"gfg\") !== \"t\") { throw new Exception(\"Test failed!\"); }\n    if (candidate(\"ab\") !== \"c\") { throw new Exception(\"Test failed!\"); }\n}\n\ntest();",
      "timestamp": 1666123798,
      "stdout": "i\nFatal error: Uncaught Exception: Test failed! in /tmp/tmpy1vnd6uk.php:20\nStack trace:\n#0 /tmp/tmpy1vnd6uk.php(25): test()\n#1 {main}\n  thrown in /tmp/tmpy1vnd6uk.php on line 20\n",
      "stderr": "",
      "exit_code": 255,
      "status": "Exception"
    },
    {
      "program": "<?php\n// Write a python function to find the character made by adding the ASCII value of all the characters of the given string modulo 26.\nfunction get_Char($strr) {\n    $str = strtolower($strr);\n    $str_arr = str_split($str);\n    $sum = 0;\n    foreach ($str_arr as $key => $value) {\n        $sum += ord($value);\n    }\n    $sum = $sum % 26;\n    $chr = chr($sum + 97);\n    return $chr;\n}\necho get_Char(\"abc\");\nfunction candidate(...$args) {\n    return get_Char(...$args);\n}\n\nfunction test(): void {\n    if (candidate(\"abc\") !== \"f\") { throw new Exception(\"Test failed!\"); }\n    if (candidate(\"gfg\") !== \"t\") { throw new Exception(\"Test failed!\"); }\n    if (candidate(\"ab\") !== \"c\") { throw new Exception(\"Test failed!\"); }\n}\n\ntest();",
      "timestamp": 1666123798,
      "stdout": "i\nFatal error: Uncaught Exception: Test failed! in /tmp/tmpboehwovv.php:20\nStack trace:\n#0 /tmp/tmpboehwovv.php(25): test()\n#1 {main}\n  thrown in /tmp/tmpboehwovv.php on line 20\n",
      "stderr": "",
      "exit_code": 255,
      "status": "Exception"
    },
    {
      "program": "<?php\n// Write a python function to find the character made by adding the ASCII value of all the characters of the given string modulo 26.\nfunction get_Char($strr) {\n    $sum = 0;\n    for ($i = 0; $i < strlen($strr); $i++) {\n        $sum += ord($strr[$i]);\n    }\n    $sum = $sum % 26;\n    return chr($sum + 65);\n}\n\n$strr = \"ABC\";\necho get_Char($strr);\nfunction candidate(...$args) {\n    return get_Char(...$args);\n}\n\nfunction test(): void {\n    if (candidate(\"abc\") !== \"f\") { throw new Exception(\"Test failed!\"); }\n    if (candidate(\"gfg\") !== \"t\") { throw new Exception(\"Test failed!\"); }\n    if (candidate(\"ab\") !== \"c\") { throw new Exception(\"Test failed!\"); }\n}\n\ntest();",
      "timestamp": 1665509673,
      "stdout": "Q\nFatal error: Uncaught Exception: Test failed! in /tmp/tmpaqr1xuxv.php:19\nStack trace:\n#0 /tmp/tmpaqr1xuxv.php(24): test()\n#1 {main}\n  thrown in /tmp/tmpaqr1xuxv.php on line 19\n",
      "stderr": "",
      "exit_code": 255,
      "status": "Exception"
    },
    {
      "program": "<?php\n// Write a python function to find the character made by adding the ASCII value of all the characters of the given string modulo 26.\nfunction get_Char($strr) {\n    $str = str_split($strr);\n    $sum = 0;\n    for ($i = 0; $i < count($str); $i++) {\n        $sum += ord($str[$i]);\n    }\n    $sum = $sum % 26;\n    $sum += 65;\n    return chr($sum);\n}\n\necho get_Char(\"abc\");\nfunction candidate(...$args) {\n    return get_Char(...$args);\n}\n\nfunction test(): void {\n    if (candidate(\"abc\") !== \"f\") { throw new Exception(\"Test failed!\"); }\n    if (candidate(\"gfg\") !== \"t\") { throw new Exception(\"Test failed!\"); }\n    if (candidate(\"ab\") !== \"c\") { throw new Exception(\"Test failed!\"); }\n}\n\ntest();",
      "timestamp": 1666123798,
      "stdout": "I\nFatal error: Uncaught Exception: Test failed! in /tmp/tmpqml9ts8x.php:20\nStack trace:\n#0 /tmp/tmpqml9ts8x.php(25): test()\n#1 {main}\n  thrown in /tmp/tmpqml9ts8x.php on line 20\n",
      "stderr": "",
      "exit_code": 255,
      "status": "Exception"
    },
    {
      "program": "<?php\n// Write a python function to find the character made by adding the ASCII value of all the characters of the given string modulo 26.\nfunction get_Char($strr) {\n    $str = strtolower($strr);\n    $str = str_split($str);\n    $sum = 0;\n    foreach ($str as $key => $value) {\n        $sum += ord($value);\n    }\n    $sum = $sum % 26;\n    $sum = $sum + 97;\n    return chr($sum);\n}\necho get_Char(\"abcd\");\nfunction candidate(...$args) {\n    return get_Char(...$args);\n}\n\nfunction test(): void {\n    if (candidate(\"abc\") !== \"f\") { throw new Exception(\"Test failed!\"); }\n    if (candidate(\"gfg\") !== \"t\") { throw new Exception(\"Test failed!\"); }\n    if (candidate(\"ab\") !== \"c\") { throw new Exception(\"Test failed!\"); }\n}\n\ntest();",
      "timestamp": 1666123798,
      "stdout": "e\nFatal error: Uncaught Exception: Test failed! in /tmp/tmpfy729yib.php:20\nStack trace:\n#0 /tmp/tmpfy729yib.php(25): test()\n#1 {main}\n  thrown in /tmp/tmpfy729yib.php on line 20\n",
      "stderr": "",
      "exit_code": 255,
      "status": "Exception"
    },
    {
      "program": "<?php\n// Write a python function to find the character made by adding the ASCII value of all the characters of the given string modulo 26.\nfunction get_Char($strr) {\n    $str = strtolower($strr);\n    $sum = 0;\n    for ($i = 0; $i < strlen($str); $i++) {\n        $sum += ord($str[$i]);\n    }\n    $sum = $sum % 26;\n    $sum += 97;\n    return chr($sum);\n}\n\necho get_Char(\"abc\");\necho get_Char(\"xyz\");\necho get_Char(\"abcd\");\necho get_Char(\"xyzw\");\nfunction candidate(...$args) {\n    return get_Char(...$args);\n}\n\nfunction test(): void {\n    if (candidate(\"abc\") !== \"f\") { throw new Exception(\"Test failed!\"); }\n    if (candidate(\"gfg\") !== \"t\") { throw new Exception(\"Test failed!\"); }\n    if (candidate(\"ab\") !== \"c\") { throw new Exception(\"Test failed!\"); }\n}\n\ntest();",
      "timestamp": 1666123798,
      "stdout": "izeo\nFatal error: Uncaught Exception: Test failed! in /tmp/tmpbbx_sab9.php:23\nStack trace:\n#0 /tmp/tmpbbx_sab9.php(28): test()\n#1 {main}\n  thrown in /tmp/tmpbbx_sab9.php on line 23\n",
      "stderr": "",
      "exit_code": 255,
      "status": "Exception"
    },
    {
      "program": "<?php\n// Write a python function to find the character made by adding the ASCII value of all the characters of the given string modulo 26.\nfunction get_Char($strr) {\n    $sum = 0;\n    for ($i = 0; $i < strlen($strr); $i++) {\n        $sum += ord($strr[$i]);\n    }\n    $sum = $sum % 26;\n    return chr($sum + 65);\n}\necho get_Char(\"ABC\");\nfunction candidate(...$args) {\n    return get_Char(...$args);\n}\n\nfunction test(): void {\n    if (candidate(\"abc\") !== \"f\") { throw new Exception(\"Test failed!\"); }\n    if (candidate(\"gfg\") !== \"t\") { throw new Exception(\"Test failed!\"); }\n    if (candidate(\"ab\") !== \"c\") { throw new Exception(\"Test failed!\"); }\n}\n\ntest();",
      "timestamp": 1666123798,
      "stdout": "Q\nFatal error: Uncaught Exception: Test failed! in /tmp/tmp39sw6j74.php:17\nStack trace:\n#0 /tmp/tmp39sw6j74.php(22): test()\n#1 {main}\n  thrown in /tmp/tmp39sw6j74.php on line 17\n",
      "stderr": "",
      "exit_code": 255,
      "status": "Exception"
    },
    {
      "program": "<?php\n// Write a python function to find the character made by adding the ASCII value of all the characters of the given string modulo 26.\nfunction get_Char($strr) {\n    $str = str_split($strr);\n    $sum = 0;\n    foreach ($str as $key => $value) {\n        $sum += ord($value);\n    }\n    $sum = $sum % 26;\n    return chr($sum + 65);\n}\n\necho get_Char(\"abc\");\nfunction candidate(...$args) {\n    return get_Char(...$args);\n}\n\nfunction test(): void {\n    if (candidate(\"abc\") !== \"f\") { throw new Exception(\"Test failed!\"); }\n    if (candidate(\"gfg\") !== \"t\") { throw new Exception(\"Test failed!\"); }\n    if (candidate(\"ab\") !== \"c\") { throw new Exception(\"Test failed!\"); }\n}\n\ntest();",
      "timestamp": 1666123798,
      "stdout": "I\nFatal error: Uncaught Exception: Test failed! in /tmp/tmpb5pkfg3_.php:19\nStack trace:\n#0 /tmp/tmpb5pkfg3_.php(24): test()\n#1 {main}\n  thrown in /tmp/tmpb5pkfg3_.php on line 19\n",
      "stderr": "",
      "exit_code": 255,
      "status": "Exception"
    },
    {
      "program": "<?php\n// Write a python function to find the character made by adding the ASCII value of all the characters of the given string modulo 26.\nfunction get_Char($strr) {\n    $sum = 0;\n    for($i = 0; $i < strlen($strr); $i++) {\n        $sum += ord($strr[$i]);\n    }\n    return chr($sum % 26 + 65);\n}\necho get_Char(\"ABC\");\nfunction candidate(...$args) {\n    return get_Char(...$args);\n}\n\nfunction test(): void {\n    if (candidate(\"abc\") !== \"f\") { throw new Exception(\"Test failed!\"); }\n    if (candidate(\"gfg\") !== \"t\") { throw new Exception(\"Test failed!\"); }\n    if (candidate(\"ab\") !== \"c\") { throw new Exception(\"Test failed!\"); }\n}\n\ntest();",
      "timestamp": 1666123798,
      "stdout": "Q\nFatal error: Uncaught Exception: Test failed! in /tmp/tmp29jvg4o5.php:16\nStack trace:\n#0 /tmp/tmp29jvg4o5.php(21): test()\n#1 {main}\n  thrown in /tmp/tmp29jvg4o5.php on line 16\n",
      "stderr": "",
      "exit_code": 255,
      "status": "Exception"
    },
    {
      "program": "<?php\n// Write a python function to find the character made by adding the ASCII value of all the characters of the given string modulo 26.\nfunction get_Char($strr) {\n    $str = strtolower($strr);\n    $sum = 0;\n    for ($i = 0; $i < strlen($str); $i++) {\n        $sum += ord($str[$i]);\n    }\n    $sum = $sum % 26;\n    return chr($sum + 97);\n}\n\n$str = \"abc\";\n$str1 = \"xyz\";\necho get_Char($str);\necho \"\\n\";\necho get_Char($str1);\nfunction candidate(...$args) {\n    return get_Char(...$args);\n}\n\nfunction test(): void {\n    if (candidate(\"abc\") !== \"f\") { throw new Exception(\"Test failed!\"); }\n    if (candidate(\"gfg\") !== \"t\") { throw new Exception(\"Test failed!\"); }\n    if (candidate(\"ab\") !== \"c\") { throw new Exception(\"Test failed!\"); }\n}\n\ntest();",
      "timestamp": 1666123798,
      "stdout": "i\nz\nFatal error: Uncaught Exception: Test failed! in /tmp/tmpw19n30oa.php:23\nStack trace:\n#0 /tmp/tmpw19n30oa.php(28): test()\n#1 {main}\n  thrown in /tmp/tmpw19n30oa.php on line 23\n",
      "stderr": "",
      "exit_code": 255,
      "status": "Exception"
    },
    {
      "program": "<?php\n// Write a python function to find the character made by adding the ASCII value of all the characters of the given string modulo 26.\nfunction get_Char($strr) {\n    $str = strtolower($strr);\n    $sum = 0;\n    for ($i = 0; $i < strlen($str); $i++) {\n        $sum += ord($str[$i]);\n    }\n    $sum = $sum % 26;\n    return chr($sum + 97);\n}\n\necho get_Char(\"abcd\");\nfunction candidate(...$args) {\n    return get_Char(...$args);\n}\n\nfunction test(): void {\n    if (candidate(\"abc\") !== \"f\") { throw new Exception(\"Test failed!\"); }\n    if (candidate(\"gfg\") !== \"t\") { throw new Exception(\"Test failed!\"); }\n    if (candidate(\"ab\") !== \"c\") { throw new Exception(\"Test failed!\"); }\n}\n\ntest();",
      "timestamp": 1666123798,
      "stdout": "e\nFatal error: Uncaught Exception: Test failed! in /tmp/tmpwiyrtpp0.php:19\nStack trace:\n#0 /tmp/tmpwiyrtpp0.php(24): test()\n#1 {main}\n  thrown in /tmp/tmpwiyrtpp0.php on line 19\n",
      "stderr": "",
      "exit_code": 255,
      "status": "Exception"
    },
    {
      "program": "<?php\n// Write a python function to find the character made by adding the ASCII value of all the characters of the given string modulo 26.\nfunction get_Char($strr) {\n    $sum = 0;\n    for ($i = 0; $i < strlen($strr); $i++) {\n        $sum += ord($strr[$i]);\n    }\n    return chr($sum % 26 + 65);\n}\necho get_Char(\"ABC\");\nfunction candidate(...$args) {\n    return get_Char(...$args);\n}\n\nfunction test(): void {\n    if (candidate(\"abc\") !== \"f\") { throw new Exception(\"Test failed!\"); }\n    if (candidate(\"gfg\") !== \"t\") { throw new Exception(\"Test failed!\"); }\n    if (candidate(\"ab\") !== \"c\") { throw new Exception(\"Test failed!\"); }\n}\n\ntest();",
      "timestamp": 1665509673,
      "stdout": "Q\nFatal error: Uncaught Exception: Test failed! in /tmp/tmp_10btv_e.php:16\nStack trace:\n#0 /tmp/tmp_10btv_e.php(21): test()\n#1 {main}\n  thrown in /tmp/tmp_10btv_e.php on line 16\n",
      "stderr": "",
      "exit_code": 255,
      "status": "Exception"
    },
    {
      "program": "<?php\n// Write a python function to find the character made by adding the ASCII value of all the characters of the given string modulo 26.\nfunction get_Char($strr) {\n    $str = strtolower($strr);\n    $sum = 0;\n    for ($i = 0; $i < strlen($str); $i++) {\n        $sum += ord($str[$i]);\n    }\n    $sum = $sum % 26;\n    return chr($sum + 97);\n}\n\necho get_Char(\"abcd\");\nfunction candidate(...$args) {\n    return get_Char(...$args);\n}\n\nfunction test(): void {\n    if (candidate(\"abc\") !== \"f\") { throw new Exception(\"Test failed!\"); }\n    if (candidate(\"gfg\") !== \"t\") { throw new Exception(\"Test failed!\"); }\n    if (candidate(\"ab\") !== \"c\") { throw new Exception(\"Test failed!\"); }\n}\n\ntest();",
      "timestamp": 1666123798,
      "stdout": "e\nFatal error: Uncaught Exception: Test failed! in /tmp/tmpwiyrtpp0.php:19\nStack trace:\n#0 /tmp/tmpwiyrtpp0.php(24): test()\n#1 {main}\n  thrown in /tmp/tmpwiyrtpp0.php on line 19\n",
      "stderr": "",
      "exit_code": 255,
      "status": "Exception"
    },
    {
      "program": "<?php\n// Write a python function to find the character made by adding the ASCII value of all the characters of the given string modulo 26.\nfunction get_Char($strr) {\n    $str = strtolower($strr);\n    $len = strlen($str);\n    $sum = 0;\n    for ($i = 0; $i < $len; $i++) {\n        $sum += ord($str[$i]);\n    }\n    $sum = $sum % 26;\n    return chr($sum + 97);\n}\necho get_Char(\"abc\");\nfunction candidate(...$args) {\n    return get_Char(...$args);\n}\n\nfunction test(): void {\n    if (candidate(\"abc\") !== \"f\") { throw new Exception(\"Test failed!\"); }\n    if (candidate(\"gfg\") !== \"t\") { throw new Exception(\"Test failed!\"); }\n    if (candidate(\"ab\") !== \"c\") { throw new Exception(\"Test failed!\"); }\n}\n\ntest();",
      "timestamp": 1666123798,
      "stdout": "i\nFatal error: Uncaught Exception: Test failed! in /tmp/tmp65elpq_z.php:19\nStack trace:\n#0 /tmp/tmp65elpq_z.php(24): test()\n#1 {main}\n  thrown in /tmp/tmp65elpq_z.php on line 19\n",
      "stderr": "",
      "exit_code": 255,
      "status": "Exception"
    },
    {
      "program": "<?php\n// Write a python function to find the character made by adding the ASCII value of all the characters of the given string modulo 26.\nfunction get_Char($strr) {\n    $strr = strtolower($strr);\n    $sum = 0;\n    for ($i = 0; $i < strlen($strr); $i++) {\n        $sum += ord($strr[$i]);\n    }\n    $sum = $sum % 26;\n    return chr($sum + 97);\n}\n\n$strr = \"abc\";\necho get_Char($strr);\nfunction candidate(...$args) {\n    return get_Char(...$args);\n}\n\nfunction test(): void {\n    if (candidate(\"abc\") !== \"f\") { throw new Exception(\"Test failed!\"); }\n    if (candidate(\"gfg\") !== \"t\") { throw new Exception(\"Test failed!\"); }\n    if (candidate(\"ab\") !== \"c\") { throw new Exception(\"Test failed!\"); }\n}\n\ntest();",
      "timestamp": 1665509673,
      "stdout": "i\nFatal error: Uncaught Exception: Test failed! in /tmp/tmpvkeacxrx.php:20\nStack trace:\n#0 /tmp/tmpvkeacxrx.php(25): test()\n#1 {main}\n  thrown in /tmp/tmpvkeacxrx.php on line 20\n",
      "stderr": "",
      "exit_code": 255,
      "status": "Exception"
    },
    {
      "program": "<?php\n// Write a python function to find the character made by adding the ASCII value of all the characters of the given string modulo 26.\nfunction get_Char($strr) {\n    $sum = 0;\n    for ($i = 0; $i < strlen($strr); $i++) {\n        $sum += ord($strr[$i]);\n    }\n    $sum = $sum % 26;\n    return chr($sum + 65);\n}\necho get_Char(\"ABC\");\nfunction candidate(...$args) {\n    return get_Char(...$args);\n}\n\nfunction test(): void {\n    if (candidate(\"abc\") !== \"f\") { throw new Exception(\"Test failed!\"); }\n    if (candidate(\"gfg\") !== \"t\") { throw new Exception(\"Test failed!\"); }\n    if (candidate(\"ab\") !== \"c\") { throw new Exception(\"Test failed!\"); }\n}\n\ntest();",
      "timestamp": 1666123798,
      "stdout": "Q\nFatal error: Uncaught Exception: Test failed! in /tmp/tmp39sw6j74.php:17\nStack trace:\n#0 /tmp/tmp39sw6j74.php(22): test()\n#1 {main}\n  thrown in /tmp/tmp39sw6j74.php on line 17\n",
      "stderr": "",
      "exit_code": 255,
      "status": "Exception"
    },
    {
      "program": "<?php\n// Write a python function to find the character made by adding the ASCII value of all the characters of the given string modulo 26.\nfunction get_Char($strr) {\n    $sum = 0;\n    for ($i = 0; $i < strlen($strr); $i++) {\n        $sum += ord($strr[$i]);\n    }\n    return chr($sum % 26 + 65);\n}\necho get_Char(\"ABC\");\nfunction candidate(...$args) {\n    return get_Char(...$args);\n}\n\nfunction test(): void {\n    if (candidate(\"abc\") !== \"f\") { throw new Exception(\"Test failed!\"); }\n    if (candidate(\"gfg\") !== \"t\") { throw new Exception(\"Test failed!\"); }\n    if (candidate(\"ab\") !== \"c\") { throw new Exception(\"Test failed!\"); }\n}\n\ntest();",
      "timestamp": 1665509673,
      "stdout": "Q\nFatal error: Uncaught Exception: Test failed! in /tmp/tmp_10btv_e.php:16\nStack trace:\n#0 /tmp/tmp_10btv_e.php(21): test()\n#1 {main}\n  thrown in /tmp/tmp_10btv_e.php on line 16\n",
      "stderr": "",
      "exit_code": 255,
      "status": "Exception"
    },
    {
      "program": "<?php\n// Write a python function to find the character made by adding the ASCII value of all the characters of the given string modulo 26.\nfunction get_Char($strr) {\n    $str = strtolower($strr);\n    $sum = 0;\n    for ($i = 0; $i < strlen($str); $i++) {\n        $sum += ord($str[$i]);\n    }\n    $sum = $sum % 26;\n    return chr($sum + 97);\n}\necho get_Char(\"abcd\");\nfunction candidate(...$args) {\n    return get_Char(...$args);\n}\n\nfunction test(): void {\n    if (candidate(\"abc\") !== \"f\") { throw new Exception(\"Test failed!\"); }\n    if (candidate(\"gfg\") !== \"t\") { throw new Exception(\"Test failed!\"); }\n    if (candidate(\"ab\") !== \"c\") { throw new Exception(\"Test failed!\"); }\n}\n\ntest();",
      "timestamp": 1665509673,
      "stdout": "e\nFatal error: Uncaught Exception: Test failed! in /tmp/tmp5sngtrp5.php:18\nStack trace:\n#0 /tmp/tmp5sngtrp5.php(23): test()\n#1 {main}\n  thrown in /tmp/tmp5sngtrp5.php on line 18\n",
      "stderr": "",
      "exit_code": 255,
      "status": "Exception"
    },
    {
      "program": "<?php\n// Write a python function to find the character made by adding the ASCII value of all the characters of the given string modulo 26.\nfunction get_Char($strr) {\n    $sum = 0;\n    for ($i = 0; $i < strlen($strr); $i++) {\n        $sum += ord($strr[$i]);\n    }\n    $sum = $sum % 26;\n    return chr($sum + 65);\n}\n\necho get_Char(\"abcd\");\nfunction candidate(...$args) {\n    return get_Char(...$args);\n}\n\nfunction test(): void {\n    if (candidate(\"abc\") !== \"f\") { throw new Exception(\"Test failed!\"); }\n    if (candidate(\"gfg\") !== \"t\") { throw new Exception(\"Test failed!\"); }\n    if (candidate(\"ab\") !== \"c\") { throw new Exception(\"Test failed!\"); }\n}\n\ntest();",
      "timestamp": 1666123798,
      "stdout": "E\nFatal error: Uncaught Exception: Test failed! in /tmp/tmpmi920qqj.php:18\nStack trace:\n#0 /tmp/tmpmi920qqj.php(23): test()\n#1 {main}\n  thrown in /tmp/tmpmi920qqj.php on line 18\n",
      "stderr": "",
      "exit_code": 255,
      "status": "Exception"
    },
    {
      "program": "<?php\n// Write a python function to find the character made by adding the ASCII value of all the characters of the given string modulo 26.\nfunction get_Char($strr) {\n    $strr = strtolower($strr);\n    $sum = 0;\n    for ($i = 0; $i < strlen($strr); $i++) {\n        $sum += ord($strr[$i]);\n    }\n    $sum = $sum % 26;\n    return chr($sum + 97);\n}\n\necho get_Char(\"abc\");\nfunction candidate(...$args) {\n    return get_Char(...$args);\n}\n\nfunction test(): void {\n    if (candidate(\"abc\") !== \"f\") { throw new Exception(\"Test failed!\"); }\n    if (candidate(\"gfg\") !== \"t\") { throw new Exception(\"Test failed!\"); }\n    if (candidate(\"ab\") !== \"c\") { throw new Exception(\"Test failed!\"); }\n}\n\ntest();",
      "timestamp": 1665509673,
      "stdout": "i\nFatal error: Uncaught Exception: Test failed! in /tmp/tmp0strgvww.php:19\nStack trace:\n#0 /tmp/tmp0strgvww.php(24): test()\n#1 {main}\n  thrown in /tmp/tmp0strgvww.php on line 19\n",
      "stderr": "",
      "exit_code": 255,
      "status": "Exception"
    },
    {
      "program": "<?php\n// Write a python function to find the character made by adding the ASCII value of all the characters of the given string modulo 26.\nfunction get_Char($strr) {\n    $sum = 0;\n    for ($i = 0; $i < strlen($strr); $i++) {\n        $sum += ord($strr[$i]);\n    }\n    $sum = $sum % 26;\n    return chr($sum + 65);\n}\necho get_Char(\"ABC\");\nfunction candidate(...$args) {\n    return get_Char(...$args);\n}\n\nfunction test(): void {\n    if (candidate(\"abc\") !== \"f\") { throw new Exception(\"Test failed!\"); }\n    if (candidate(\"gfg\") !== \"t\") { throw new Exception(\"Test failed!\"); }\n    if (candidate(\"ab\") !== \"c\") { throw new Exception(\"Test failed!\"); }\n}\n\ntest();",
      "timestamp": 1666123798,
      "stdout": "Q\nFatal error: Uncaught Exception: Test failed! in /tmp/tmp39sw6j74.php:17\nStack trace:\n#0 /tmp/tmp39sw6j74.php(22): test()\n#1 {main}\n  thrown in /tmp/tmp39sw6j74.php on line 17\n",
      "stderr": "",
      "exit_code": 255,
      "status": "Exception"
    },
    {
      "program": "<?php\n// Write a python function to find the character made by adding the ASCII value of all the characters of the given string modulo 26.\nfunction get_Char($strr) {\n    $sum = 0;\n    $str = strtolower($strr);\n    for ($i = 0; $i < strlen($str); $i++) {\n        $sum += ord($str[$i]) - ord('a');\n    }\n    return chr(ord('a') + ($sum % 26));\n}\necho get_Char(\"abc\");\nfunction candidate(...$args) {\n    return get_Char(...$args);\n}\n\nfunction test(): void {\n    if (candidate(\"abc\") !== \"f\") { throw new Exception(\"Test failed!\"); }\n    if (candidate(\"gfg\") !== \"t\") { throw new Exception(\"Test failed!\"); }\n    if (candidate(\"ab\") !== \"c\") { throw new Exception(\"Test failed!\"); }\n}\n\ntest();",
      "timestamp": 1666123798,
      "stdout": "d\nFatal error: Uncaught Exception: Test failed! in /tmp/tmp9jchca94.php:17\nStack trace:\n#0 /tmp/tmp9jchca94.php(22): test()\n#1 {main}\n  thrown in /tmp/tmp9jchca94.php on line 17\n",
      "stderr": "",
      "exit_code": 255,
      "status": "Exception"
    },
    {
      "program": "<?php\n// Write a python function to find the character made by adding the ASCII value of all the characters of the given string modulo 26.\nfunction get_Char($strr) {\n    $sum = 0;\n    for ($i = 0; $i < strlen($strr); $i++) {\n        $sum += ord($strr[$i]);\n    }\n    $sum = $sum % 26;\n    return chr($sum + 65);\n}\n\necho get_Char(\"ABC\");\nfunction candidate(...$args) {\n    return get_Char(...$args);\n}\n\nfunction test(): void {\n    if (candidate(\"abc\") !== \"f\") { throw new Exception(\"Test failed!\"); }\n    if (candidate(\"gfg\") !== \"t\") { throw new Exception(\"Test failed!\"); }\n    if (candidate(\"ab\") !== \"c\") { throw new Exception(\"Test failed!\"); }\n}\n\ntest();",
      "timestamp": 1666123798,
      "stdout": "Q\nFatal error: Uncaught Exception: Test failed! in /tmp/tmpbhp0r_eq.php:18\nStack trace:\n#0 /tmp/tmpbhp0r_eq.php(23): test()\n#1 {main}\n  thrown in /tmp/tmpbhp0r_eq.php on line 18\n",
      "stderr": "",
      "exit_code": 255,
      "status": "Exception"
    },
    {
      "program": "<?php\n// Write a python function to find the character made by adding the ASCII value of all the characters of the given string modulo 26.\nfunction get_Char($strr) {\n    $sum = 0;\n    for ($i = 0; $i < strlen($strr); $i++) {\n        $sum += ord($strr[$i]);\n    }\n    $sum = $sum % 26;\n    return chr($sum + 65);\n}\n\necho get_Char(\"ABC\");\nfunction candidate(...$args) {\n    return get_Char(...$args);\n}\n\nfunction test(): void {\n    if (candidate(\"abc\") !== \"f\") { throw new Exception(\"Test failed!\"); }\n    if (candidate(\"gfg\") !== \"t\") { throw new Exception(\"Test failed!\"); }\n    if (candidate(\"ab\") !== \"c\") { throw new Exception(\"Test failed!\"); }\n}\n\ntest();",
      "timestamp": 1666123798,
      "stdout": "Q\nFatal error: Uncaught Exception: Test failed! in /tmp/tmpbhp0r_eq.php:18\nStack trace:\n#0 /tmp/tmpbhp0r_eq.php(23): test()\n#1 {main}\n  thrown in /tmp/tmpbhp0r_eq.php on line 18\n",
      "stderr": "",
      "exit_code": 255,
      "status": "Exception"
    },
    {
      "program": "<?php\n// Write a python function to find the character made by adding the ASCII value of all the characters of the given string modulo 26.\nfunction get_Char($strr) {\n    $sum = 0;\n    for ($i = 0; $i < strlen($strr); $i++) {\n        $sum += ord($strr[$i]);\n    }\n    $sum = $sum % 26;\n    return chr($sum + 65);\n}\n$strr = \"HELLO\";\necho get_Char($strr);\nfunction candidate(...$args) {\n    return get_Char(...$args);\n}\n\nfunction test(): void {\n    if (candidate(\"abc\") !== \"f\") { throw new Exception(\"Test failed!\"); }\n    if (candidate(\"gfg\") !== \"t\") { throw new Exception(\"Test failed!\"); }\n    if (candidate(\"ab\") !== \"c\") { throw new Exception(\"Test failed!\"); }\n}\n\ntest();",
      "timestamp": 1666123798,
      "stdout": "I\nFatal error: Uncaught Exception: Test failed! in /tmp/tmp5_dgmlpf.php:18\nStack trace:\n#0 /tmp/tmp5_dgmlpf.php(23): test()\n#1 {main}\n  thrown in /tmp/tmp5_dgmlpf.php on line 18\n",
      "stderr": "",
      "exit_code": 255,
      "status": "Exception"
    },
    {
      "program": "<?php\n// Write a python function to find the character made by adding the ASCII value of all the characters of the given string modulo 26.\nfunction get_Char($strr) {\n    $str = strtolower($strr);\n    $sum = 0;\n    for ($i = 0; $i < strlen($str); $i++) {\n        $sum += ord($str[$i]);\n    }\n    return chr($sum % 26 + 97);\n}\necho get_Char(\"abc\");\nfunction candidate(...$args) {\n    return get_Char(...$args);\n}\n\nfunction test(): void {\n    if (candidate(\"abc\") !== \"f\") { throw new Exception(\"Test failed!\"); }\n    if (candidate(\"gfg\") !== \"t\") { throw new Exception(\"Test failed!\"); }\n    if (candidate(\"ab\") !== \"c\") { throw new Exception(\"Test failed!\"); }\n}\n\ntest();",
      "timestamp": 1666123798,
      "stdout": "i\nFatal error: Uncaught Exception: Test failed! in /tmp/tmpl70ozf2n.php:17\nStack trace:\n#0 /tmp/tmpl70ozf2n.php(22): test()\n#1 {main}\n  thrown in /tmp/tmpl70ozf2n.php on line 17\n",
      "stderr": "",
      "exit_code": 255,
      "status": "Exception"
    },
    {
      "program": "<?php\n// Write a python function to find the character made by adding the ASCII value of all the characters of the given string modulo 26.\nfunction get_Char($strr) {\n    $sum = 0;\n    for ($i = 0; $i < strlen($strr); $i++) {\n        $sum += ord($strr[$i]);\n    }\n    $sum = $sum % 26;\n    return chr($sum + 65);\n}\n\necho get_Char(\"abc\");\nfunction candidate(...$args) {\n    return get_Char(...$args);\n}\n\nfunction test(): void {\n    if (candidate(\"abc\") !== \"f\") { throw new Exception(\"Test failed!\"); }\n    if (candidate(\"gfg\") !== \"t\") { throw new Exception(\"Test failed!\"); }\n    if (candidate(\"ab\") !== \"c\") { throw new Exception(\"Test failed!\"); }\n}\n\ntest();",
      "timestamp": 1665509673,
      "stdout": "I\nFatal error: Uncaught Exception: Test failed! in /tmp/tmpwfs49774.php:18\nStack trace:\n#0 /tmp/tmpwfs49774.php(23): test()\n#1 {main}\n  thrown in /tmp/tmpwfs49774.php on line 18\n",
      "stderr": "",
      "exit_code": 255,
      "status": "Exception"
    },
    {
      "program": "<?php\n// Write a python function to find the character made by adding the ASCII value of all the characters of the given string modulo 26.\nfunction get_Char($strr) {\n    $str = strtolower($strr);\n    $sum = 0;\n    for ($i = 0; $i < strlen($str); $i++) {\n        $sum += ord($str[$i]);\n    }\n    $sum = $sum % 26;\n    return chr($sum + 97);\n}\necho get_Char(\"abc\");\nfunction candidate(...$args) {\n    return get_Char(...$args);\n}\n\nfunction test(): void {\n    if (candidate(\"abc\") !== \"f\") { throw new Exception(\"Test failed!\"); }\n    if (candidate(\"gfg\") !== \"t\") { throw new Exception(\"Test failed!\"); }\n    if (candidate(\"ab\") !== \"c\") { throw new Exception(\"Test failed!\"); }\n}\n\ntest();",
      "timestamp": 1666123798,
      "stdout": "i\nFatal error: Uncaught Exception: Test failed! in /tmp/tmpr_10rzme.php:18\nStack trace:\n#0 /tmp/tmpr_10rzme.php(23): test()\n#1 {main}\n  thrown in /tmp/tmpr_10rzme.php on line 18\n",
      "stderr": "",
      "exit_code": 255,
      "status": "Exception"
    },
    {
      "program": "<?php\n// Write a python function to find the character made by adding the ASCII value of all the characters of the given string modulo 26.\nfunction get_Char($strr) {\n    $str = strtolower($strr);\n    $str = str_split($str);\n    $sum = 0;\n    foreach ($str as $key => $value) {\n        $sum += ord($value);\n    }\n    $sum = $sum % 26;\n    $sum += 97;\n    return chr($sum);\n}\necho get_Char(\"abc\");\nfunction candidate(...$args) {\n    return get_Char(...$args);\n}\n\nfunction test(): void {\n    if (candidate(\"abc\") !== \"f\") { throw new Exception(\"Test failed!\"); }\n    if (candidate(\"gfg\") !== \"t\") { throw new Exception(\"Test failed!\"); }\n    if (candidate(\"ab\") !== \"c\") { throw new Exception(\"Test failed!\"); }\n}\n\ntest();",
      "timestamp": 1666123798,
      "stdout": "i\nFatal error: Uncaught Exception: Test failed! in /tmp/tmpwhtu0aub.php:20\nStack trace:\n#0 /tmp/tmpwhtu0aub.php(25): test()\n#1 {main}\n  thrown in /tmp/tmpwhtu0aub.php on line 20\n",
      "stderr": "",
      "exit_code": 255,
      "status": "Exception"
    },
    {
      "program": "<?php\n// Write a python function to find the character made by adding the ASCII value of all the characters of the given string modulo 26.\nfunction get_Char($strr) {\n    $str = str_split($strr);\n    $sum = 0;\n    foreach ($str as $value) {\n        $sum += ord($value);\n    }\n    return chr($sum % 26 + 65);\n}\necho get_Char(\"abc\");\nfunction candidate(...$args) {\n    return get_Char(...$args);\n}\n\nfunction test(): void {\n    if (candidate(\"abc\") !== \"f\") { throw new Exception(\"Test failed!\"); }\n    if (candidate(\"gfg\") !== \"t\") { throw new Exception(\"Test failed!\"); }\n    if (candidate(\"ab\") !== \"c\") { throw new Exception(\"Test failed!\"); }\n}\n\ntest();",
      "timestamp": 1666123798,
      "stdout": "I\nFatal error: Uncaught Exception: Test failed! in /tmp/tmpfhekphlw.php:17\nStack trace:\n#0 /tmp/tmpfhekphlw.php(22): test()\n#1 {main}\n  thrown in /tmp/tmpfhekphlw.php on line 17\n",
      "stderr": "",
      "exit_code": 255,
      "status": "Exception"
    },
    {
      "program": "<?php\n// Write a python function to find the character made by adding the ASCII value of all the characters of the given string modulo 26.\nfunction get_Char($strr) {\n    $str = strtolower($strr);\n    $sum = 0;\n    for ($i = 0; $i < strlen($str); $i++) {\n        $sum += ord($str[$i]);\n    }\n    return chr($sum % 26 + 97);\n}\n\necho get_Char(\"abc\");\necho get_Char(\"abcdefghijklmnopqrstuvwxyz\");\necho get_Char(\"abcdefghijklmnopqrstuvwxyzabcdefghijklmnopqrstuvwxyz\");\necho get_Char(\"abcdefghijklmnopqrstuvwxyzabcdefghijklmnopqrstuvwxyzabcdefghijklmnopqrstuvwxyz\");\nfunction candidate(...$args) {\n    return get_Char(...$args);\n}\n\nfunction test(): void {\n    if (candidate(\"abc\") !== \"f\") { throw new Exception(\"Test failed!\"); }\n    if (candidate(\"gfg\") !== \"t\") { throw new Exception(\"Test failed!\"); }\n    if (candidate(\"ab\") !== \"c\") { throw new Exception(\"Test failed!\"); }\n}\n\ntest();",
      "timestamp": 1666123798,
      "stdout": "inan\nFatal error: Uncaught Exception: Test failed! in /tmp/tmpngw3nhn4.php:21\nStack trace:\n#0 /tmp/tmpngw3nhn4.php(26): test()\n#1 {main}\n  thrown in /tmp/tmpngw3nhn4.php on line 21\n",
      "stderr": "",
      "exit_code": 255,
      "status": "Exception"
    },
    {
      "program": "<?php\n// Write a python function to find the character made by adding the ASCII value of all the characters of the given string modulo 26.\nfunction get_Char($strr) {\n    $strr = strtolower($strr);\n    $sum = 0;\n    for ($i = 0; $i < strlen($strr); $i++) {\n        $sum += ord($strr[$i]);\n    }\n    $sum = $sum % 26;\n    return chr($sum + 97);\n}\n\necho get_Char(\"abc\");\nfunction candidate(...$args) {\n    return get_Char(...$args);\n}\n\nfunction test(): void {\n    if (candidate(\"abc\") !== \"f\") { throw new Exception(\"Test failed!\"); }\n    if (candidate(\"gfg\") !== \"t\") { throw new Exception(\"Test failed!\"); }\n    if (candidate(\"ab\") !== \"c\") { throw new Exception(\"Test failed!\"); }\n}\n\ntest();",
      "timestamp": 1665509673,
      "stdout": "i\nFatal error: Uncaught Exception: Test failed! in /tmp/tmp0strgvww.php:19\nStack trace:\n#0 /tmp/tmp0strgvww.php(24): test()\n#1 {main}\n  thrown in /tmp/tmp0strgvww.php on line 19\n",
      "stderr": "",
      "exit_code": 255,
      "status": "Exception"
    },
    {
      "program": "<?php\n// Write a python function to find the character made by adding the ASCII value of all the characters of the given string modulo 26.\nfunction get_Char($strr) {\n    $str = strtolower($strr);\n    $sum = 0;\n    for ($i = 0; $i < strlen($str); $i++) {\n        $sum += ord($str[$i]);\n    }\n    return chr($sum % 26 + 97);\n}\necho get_Char(\"abcd\");\nfunction candidate(...$args) {\n    return get_Char(...$args);\n}\n\nfunction test(): void {\n    if (candidate(\"abc\") !== \"f\") { throw new Exception(\"Test failed!\"); }\n    if (candidate(\"gfg\") !== \"t\") { throw new Exception(\"Test failed!\"); }\n    if (candidate(\"ab\") !== \"c\") { throw new Exception(\"Test failed!\"); }\n}\n\ntest();",
      "timestamp": 1666123798,
      "stdout": "e\nFatal error: Uncaught Exception: Test failed! in /tmp/tmp_rxxcbz0.php:17\nStack trace:\n#0 /tmp/tmp_rxxcbz0.php(22): test()\n#1 {main}\n  thrown in /tmp/tmp_rxxcbz0.php on line 17\n",
      "stderr": "",
      "exit_code": 255,
      "status": "Exception"
    },
    {
      "program": "<?php\n// Write a python function to find the character made by adding the ASCII value of all the characters of the given string modulo 26.\nfunction get_Char($strr) {\n    $str = strtolower($strr);\n    $len = strlen($str);\n    $sum = 0;\n    for ($i = 0; $i < $len; $i++) {\n        $sum += ord($str[$i]);\n    }\n    $sum = $sum % 26;\n    return chr($sum + 97);\n}\n\n$str = \"abc\";\necho get_Char($str);\nfunction candidate(...$args) {\n    return get_Char(...$args);\n}\n\nfunction test(): void {\n    if (candidate(\"abc\") !== \"f\") { throw new Exception(\"Test failed!\"); }\n    if (candidate(\"gfg\") !== \"t\") { throw new Exception(\"Test failed!\"); }\n    if (candidate(\"ab\") !== \"c\") { throw new Exception(\"Test failed!\"); }\n}\n\ntest();",
      "timestamp": 1665509673,
      "stdout": "i\nFatal error: Uncaught Exception: Test failed! in /tmp/tmppalyu08_.php:21\nStack trace:\n#0 /tmp/tmppalyu08_.php(26): test()\n#1 {main}\n  thrown in /tmp/tmppalyu08_.php on line 21\n",
      "stderr": "",
      "exit_code": 255,
      "status": "Exception"
    },
    {
      "program": "<?php\n// Write a python function to find the character made by adding the ASCII value of all the characters of the given string modulo 26.\nfunction get_Char($strr) {\n    $strr = strtolower($strr);\n    $sum = 0;\n    for($i=0; $i<strlen($strr); $i++) {\n        $sum += ord($strr[$i]);\n    }\n    $sum = $sum % 26;\n    return chr($sum + 97);\n}\n\necho get_Char(\"abc\");\nfunction candidate(...$args) {\n    return get_Char(...$args);\n}\n\nfunction test(): void {\n    if (candidate(\"abc\") !== \"f\") { throw new Exception(\"Test failed!\"); }\n    if (candidate(\"gfg\") !== \"t\") { throw new Exception(\"Test failed!\"); }\n    if (candidate(\"ab\") !== \"c\") { throw new Exception(\"Test failed!\"); }\n}\n\ntest();",
      "timestamp": 1666123798,
      "stdout": "i\nFatal error: Uncaught Exception: Test failed! in /tmp/tmpc1g964zo.php:19\nStack trace:\n#0 /tmp/tmpc1g964zo.php(24): test()\n#1 {main}\n  thrown in /tmp/tmpc1g964zo.php on line 19\n",
      "stderr": "",
      "exit_code": 255,
      "status": "Exception"
    },
    {
      "program": "<?php\n// Write a python function to find the character made by adding the ASCII value of all the characters of the given string modulo 26.\nfunction get_Char($strr) {\n    $sum = 0;\n    for ($i = 0; $i < strlen($strr); $i++) {\n        $sum += ord($strr[$i]);\n    }\n    $sum = $sum % 26;\n    return chr($sum + 65);\n}\necho get_Char(\"ABC\");\nfunction candidate(...$args) {\n    return get_Char(...$args);\n}\n\nfunction test(): void {\n    if (candidate(\"abc\") !== \"f\") { throw new Exception(\"Test failed!\"); }\n    if (candidate(\"gfg\") !== \"t\") { throw new Exception(\"Test failed!\"); }\n    if (candidate(\"ab\") !== \"c\") { throw new Exception(\"Test failed!\"); }\n}\n\ntest();",
      "timestamp": 1666123798,
      "stdout": "Q\nFatal error: Uncaught Exception: Test failed! in /tmp/tmp39sw6j74.php:17\nStack trace:\n#0 /tmp/tmp39sw6j74.php(22): test()\n#1 {main}\n  thrown in /tmp/tmp39sw6j74.php on line 17\n",
      "stderr": "",
      "exit_code": 255,
      "status": "Exception"
    },
    {
      "program": "<?php\n// Write a python function to find the character made by adding the ASCII value of all the characters of the given string modulo 26.\nfunction get_Char($strr) {\n    $str = strtolower($strr);\n    $sum = 0;\n    for ($i = 0; $i < strlen($str); $i++) {\n        $sum += ord($str[$i]);\n    }\n    $sum = $sum % 26;\n    $sum = $sum + 97;\n    return chr($sum);\n}\necho get_Char(\"abcd\");\nfunction candidate(...$args) {\n    return get_Char(...$args);\n}\n\nfunction test(): void {\n    if (candidate(\"abc\") !== \"f\") { throw new Exception(\"Test failed!\"); }\n    if (candidate(\"gfg\") !== \"t\") { throw new Exception(\"Test failed!\"); }\n    if (candidate(\"ab\") !== \"c\") { throw new Exception(\"Test failed!\"); }\n}\n\ntest();",
      "timestamp": 1666123798,
      "stdout": "e\nFatal error: Uncaught Exception: Test failed! in /tmp/tmpcek442y_.php:19\nStack trace:\n#0 /tmp/tmpcek442y_.php(24): test()\n#1 {main}\n  thrown in /tmp/tmpcek442y_.php on line 19\n",
      "stderr": "",
      "exit_code": 255,
      "status": "Exception"
    },
    {
      "program": "<?php\n// Write a python function to find the character made by adding the ASCII value of all the characters of the given string modulo 26.\nfunction get_Char($strr) {\n    $str = strtolower($strr);\n    $sum = 0;\n    $len = strlen($str);\n    for ($i = 0; $i < $len; $i++) {\n        $sum += ord($str[$i]);\n    }\n    $sum = $sum % 26;\n    return chr($sum + 97);\n}\n\necho get_Char(\"abc\");\necho get_Char(\"abcdefghijklmnopqrstuvwxyz\");\necho get_Char(\"abcdefghijklmnopqrstuvwxyzabcdefghijklmnopqrstuvwxyz\");\necho get_Char(\"abcdefghijklmnopqrstuvwxyzabcdefghijklmnopqrstuvwxyzabcdefghijklmnopqrstuvwxyz\");\necho get_Char(\"abcdefghijklmnopqrstuvwxyzabcdefghijklmnopqrstuvwxyzabcdefghijklmnopqrstuvwxyzabcdefghijklmnopqrstuvwxyz\");\necho get_Char(\"abcdefghijklmnopqrstuvwxyzabcdefghijklmnopqrstuvwxyzabcdefghijklmnopqrstuvwxyzabcdefghijklmnopqrstuvwxyzabcdefghijklmnopqrstuvwxyz\");\necho get_Char(\"abcdefghijklmnopqrstuvwxyzabcdefghijklmnopqrstuvwxyzabcdefghijklmnopqrstuvwxyzabcdefghijklmnopqrstuvwxyzabcdefghijklmnopqrstuvwxyzabcdefghijklmnopqrstuvwxyz\");\necho get_Char(\"abcdefghijklmnopqrstuvwxyzabcdefghijklmnopqrstuvwxyzabcdefghijklmnopqrstuvwxyzabcdefghijklmnopqrstuvwxyzabcdefghijklmnopqrstuvwxyzabcdefghijklmn\nfunction candidate(...$args) {\n    return get_Char(...$args);\n}\n\nfunction test(): void {\n    if (candidate(\"abc\") !== \"f\") { throw new Exception(\"Test failed!\"); }\n    if (candidate(\"gfg\") !== \"t\") { throw new Exception(\"Test failed!\"); }\n    if (candidate(\"ab\") !== \"c\") { throw new Exception(\"Test failed!\"); }\n}\n\ntest();",
      "timestamp": 1666123798,
      "stdout": "\nParse error: syntax error, unexpected identifier \"abc\", expecting \")\" in /tmp/tmp7snwnexv.php on line 27\n",
      "stderr": "",
      "exit_code": 255,
      "status": "Exception"
    },
    {
      "program": "<?php\n// Write a python function to find the character made by adding the ASCII value of all the characters of the given string modulo 26.\nfunction get_Char($strr) {\n    $sum = 0;\n    for ($i = 0; $i < strlen($strr); $i++) {\n        $sum += ord($strr[$i]);\n    }\n    return chr($sum % 26 + 65);\n}\n\necho get_Char(\"ABC\");\nfunction candidate(...$args) {\n    return get_Char(...$args);\n}\n\nfunction test(): void {\n    if (candidate(\"abc\") !== \"f\") { throw new Exception(\"Test failed!\"); }\n    if (candidate(\"gfg\") !== \"t\") { throw new Exception(\"Test failed!\"); }\n    if (candidate(\"ab\") !== \"c\") { throw new Exception(\"Test failed!\"); }\n}\n\ntest();",
      "timestamp": 1666123798,
      "stdout": "Q\nFatal error: Uncaught Exception: Test failed! in /tmp/tmpur3brj0w.php:17\nStack trace:\n#0 /tmp/tmpur3brj0w.php(22): test()\n#1 {main}\n  thrown in /tmp/tmpur3brj0w.php on line 17\n",
      "stderr": "",
      "exit_code": 255,
      "status": "Exception"
    },
    {
      "program": "<?php\n// Write a python function to find the character made by adding the ASCII value of all the characters of the given string modulo 26.\nfunction get_Char($strr) {\n    $sum = 0;\n    for ($i = 0; $i < strlen($strr); $i++) {\n        $sum += ord($strr[$i]);\n    }\n    $sum = $sum % 26;\n    return chr($sum + 65);\n}\necho get_Char(\"ABC\");\nfunction candidate(...$args) {\n    return get_Char(...$args);\n}\n\nfunction test(): void {\n    if (candidate(\"abc\") !== \"f\") { throw new Exception(\"Test failed!\"); }\n    if (candidate(\"gfg\") !== \"t\") { throw new Exception(\"Test failed!\"); }\n    if (candidate(\"ab\") !== \"c\") { throw new Exception(\"Test failed!\"); }\n}\n\ntest();",
      "timestamp": 1666123798,
      "stdout": "Q\nFatal error: Uncaught Exception: Test failed! in /tmp/tmp39sw6j74.php:17\nStack trace:\n#0 /tmp/tmp39sw6j74.php(22): test()\n#1 {main}\n  thrown in /tmp/tmp39sw6j74.php on line 17\n",
      "stderr": "",
      "exit_code": 255,
      "status": "Exception"
    },
    {
      "program": "<?php\n// Write a python function to find the character made by adding the ASCII value of all the characters of the given string modulo 26.\nfunction get_Char($strr) {\n    $str = str_split($strr);\n    $sum = 0;\n    foreach ($str as $key => $value) {\n        $sum += ord($value);\n    }\n    $sum = $sum % 26;\n    return chr($sum + 65);\n}\necho get_Char(\"ABC\");\nfunction candidate(...$args) {\n    return get_Char(...$args);\n}\n\nfunction test(): void {\n    if (candidate(\"abc\") !== \"f\") { throw new Exception(\"Test failed!\"); }\n    if (candidate(\"gfg\") !== \"t\") { throw new Exception(\"Test failed!\"); }\n    if (candidate(\"ab\") !== \"c\") { throw new Exception(\"Test failed!\"); }\n}\n\ntest();",
      "timestamp": 1666123798,
      "stdout": "Q\nFatal error: Uncaught Exception: Test failed! in /tmp/tmpcmz6j4s4.php:18\nStack trace:\n#0 /tmp/tmpcmz6j4s4.php(23): test()\n#1 {main}\n  thrown in /tmp/tmpcmz6j4s4.php on line 18\n",
      "stderr": "",
      "exit_code": 255,
      "status": "Exception"
    },
    {
      "program": "<?php\n// Write a python function to find the character made by adding the ASCII value of all the characters of the given string modulo 26.\nfunction get_Char($strr) {\n    $sum = 0;\n    for ($i = 0; $i < strlen($strr); $i++) {\n        $sum += ord($strr[$i]);\n    }\n    $sum = $sum % 26;\n    return chr($sum + 65);\n}\n$strr = \"ABC\";\necho get_Char($strr);\nfunction candidate(...$args) {\n    return get_Char(...$args);\n}\n\nfunction test(): void {\n    if (candidate(\"abc\") !== \"f\") { throw new Exception(\"Test failed!\"); }\n    if (candidate(\"gfg\") !== \"t\") { throw new Exception(\"Test failed!\"); }\n    if (candidate(\"ab\") !== \"c\") { throw new Exception(\"Test failed!\"); }\n}\n\ntest();",
      "timestamp": 1666123798,
      "stdout": "Q\nFatal error: Uncaught Exception: Test failed! in /tmp/tmp7v76ky1r.php:18\nStack trace:\n#0 /tmp/tmp7v76ky1r.php(23): test()\n#1 {main}\n  thrown in /tmp/tmp7v76ky1r.php on line 18\n",
      "stderr": "",
      "exit_code": 255,
      "status": "Exception"
    },
    {
      "program": "<?php\n// Write a python function to find the character made by adding the ASCII value of all the characters of the given string modulo 26.\nfunction get_Char($strr) {\n    $strr = strtolower($strr);\n    $sum = 0;\n    for ($i = 0; $i < strlen($strr); $i++) {\n        $sum += ord($strr[$i]) - 96;\n    }\n    return chr($sum % 26 + 96);\n}\necho get_Char(\"abc\");\nfunction candidate(...$args) {\n    return get_Char(...$args);\n}\n\nfunction test(): void {\n    if (candidate(\"abc\") !== \"f\") { throw new Exception(\"Test failed!\"); }\n    if (candidate(\"gfg\") !== \"t\") { throw new Exception(\"Test failed!\"); }\n    if (candidate(\"ab\") !== \"c\") { throw new Exception(\"Test failed!\"); }\n}\n\ntest();",
      "timestamp": 1666123798,
      "stdout": "f",
      "stderr": "",
      "exit_code": 0,
      "status": "OK"
    },
    {
      "program": "<?php\n// Write a python function to find the character made by adding the ASCII value of all the characters of the given string modulo 26.\nfunction get_Char($strr) {\n    $str = strtolower($strr);\n    $sum = 0;\n    for ($i = 0; $i < strlen($str); $i++) {\n        $sum += ord($str[$i]);\n    }\n    $sum = $sum % 26;\n    return chr($sum + 97);\n}\necho get_Char(\"abcd\");\nfunction candidate(...$args) {\n    return get_Char(...$args);\n}\n\nfunction test(): void {\n    if (candidate(\"abc\") !== \"f\") { throw new Exception(\"Test failed!\"); }\n    if (candidate(\"gfg\") !== \"t\") { throw new Exception(\"Test failed!\"); }\n    if (candidate(\"ab\") !== \"c\") { throw new Exception(\"Test failed!\"); }\n}\n\ntest();",
      "timestamp": 1665509673,
      "stdout": "e\nFatal error: Uncaught Exception: Test failed! in /tmp/tmp5sngtrp5.php:18\nStack trace:\n#0 /tmp/tmp5sngtrp5.php(23): test()\n#1 {main}\n  thrown in /tmp/tmp5sngtrp5.php on line 18\n",
      "stderr": "",
      "exit_code": 255,
      "status": "Exception"
    },
    {
      "program": "<?php\n// Write a python function to find the character made by adding the ASCII value of all the characters of the given string modulo 26.\nfunction get_Char($strr) {\n    $str = strtolower($strr);\n    $str = str_split($str);\n    $sum = 0;\n    foreach ($str as $value) {\n        $sum += ord($value);\n    }\n    $sum = $sum % 26;\n    return chr($sum + 97);\n}\necho get_Char(\"abc\");\nfunction candidate(...$args) {\n    return get_Char(...$args);\n}\n\nfunction test(): void {\n    if (candidate(\"abc\") !== \"f\") { throw new Exception(\"Test failed!\"); }\n    if (candidate(\"gfg\") !== \"t\") { throw new Exception(\"Test failed!\"); }\n    if (candidate(\"ab\") !== \"c\") { throw new Exception(\"Test failed!\"); }\n}\n\ntest();",
      "timestamp": 1666123798,
      "stdout": "i\nFatal error: Uncaught Exception: Test failed! in /tmp/tmpz46tndl9.php:19\nStack trace:\n#0 /tmp/tmpz46tndl9.php(24): test()\n#1 {main}\n  thrown in /tmp/tmpz46tndl9.php on line 19\n",
      "stderr": "",
      "exit_code": 255,
      "status": "Exception"
    },
    {
      "program": "<?php\n// Write a python function to find the character made by adding the ASCII value of all the characters of the given string modulo 26.\nfunction get_Char($strr) {\n    $str = strtolower($strr);\n    $sum = 0;\n    for ($i = 0; $i < strlen($str); $i++) {\n        $sum += ord($str[$i]);\n    }\n    $sum = $sum % 26;\n    return chr($sum + 97);\n}\necho get_Char(\"abc\");\nfunction candidate(...$args) {\n    return get_Char(...$args);\n}\n\nfunction test(): void {\n    if (candidate(\"abc\") !== \"f\") { throw new Exception(\"Test failed!\"); }\n    if (candidate(\"gfg\") !== \"t\") { throw new Exception(\"Test failed!\"); }\n    if (candidate(\"ab\") !== \"c\") { throw new Exception(\"Test failed!\"); }\n}\n\ntest();",
      "timestamp": 1666123798,
      "stdout": "i\nFatal error: Uncaught Exception: Test failed! in /tmp/tmpr_10rzme.php:18\nStack trace:\n#0 /tmp/tmpr_10rzme.php(23): test()\n#1 {main}\n  thrown in /tmp/tmpr_10rzme.php on line 18\n",
      "stderr": "",
      "exit_code": 255,
      "status": "Exception"
    },
    {
      "program": "<?php\n// Write a python function to find the character made by adding the ASCII value of all the characters of the given string modulo 26.\nfunction get_Char($strr) {\n    $str = strtolower($strr);\n    $sum = 0;\n    for ($i = 0; $i < strlen($str); $i++) {\n        $sum += ord($str[$i]);\n    }\n    $mod = $sum % 26;\n    return chr($mod + 97);\n}\necho get_Char(\"abc\");\nfunction candidate(...$args) {\n    return get_Char(...$args);\n}\n\nfunction test(): void {\n    if (candidate(\"abc\") !== \"f\") { throw new Exception(\"Test failed!\"); }\n    if (candidate(\"gfg\") !== \"t\") { throw new Exception(\"Test failed!\"); }\n    if (candidate(\"ab\") !== \"c\") { throw new Exception(\"Test failed!\"); }\n}\n\ntest();",
      "timestamp": 1666123798,
      "stdout": "i\nFatal error: Uncaught Exception: Test failed! in /tmp/tmpuzxm538h.php:18\nStack trace:\n#0 /tmp/tmpuzxm538h.php(23): test()\n#1 {main}\n  thrown in /tmp/tmpuzxm538h.php on line 18\n",
      "stderr": "",
      "exit_code": 255,
      "status": "Exception"
    },
    {
      "program": "<?php\n// Write a python function to find the character made by adding the ASCII value of all the characters of the given string modulo 26.\nfunction get_Char($strr) {\n    $sum = 0;\n    $str = strtolower($strr);\n    for ($i = 0; $i < strlen($str); $i++) {\n        $sum += ord($str[$i]) - 96;\n    }\n    $sum = $sum % 26;\n    return chr($sum + 96);\n}\n\necho get_Char(\"abcd\");\nfunction candidate(...$args) {\n    return get_Char(...$args);\n}\n\nfunction test(): void {\n    if (candidate(\"abc\") !== \"f\") { throw new Exception(\"Test failed!\"); }\n    if (candidate(\"gfg\") !== \"t\") { throw new Exception(\"Test failed!\"); }\n    if (candidate(\"ab\") !== \"c\") { throw new Exception(\"Test failed!\"); }\n}\n\ntest();",
      "timestamp": 1666123798,
      "stdout": "j",
      "stderr": "",
      "exit_code": 0,
      "status": "OK"
    },
    {
      "program": "<?php\n// Write a python function to find the character made by adding the ASCII value of all the characters of the given string modulo 26.\nfunction get_Char($strr) {\n    $sum = 0;\n    for ($i = 0; $i < strlen($strr); $i++) {\n        $sum += ord($strr[$i]);\n    }\n    $sum = $sum % 26;\n    return chr($sum + 97);\n}\n\necho get_Char(\"abc\");\nfunction candidate(...$args) {\n    return get_Char(...$args);\n}\n\nfunction test(): void {\n    if (candidate(\"abc\") !== \"f\") { throw new Exception(\"Test failed!\"); }\n    if (candidate(\"gfg\") !== \"t\") { throw new Exception(\"Test failed!\"); }\n    if (candidate(\"ab\") !== \"c\") { throw new Exception(\"Test failed!\"); }\n}\n\ntest();",
      "timestamp": 1666123798,
      "stdout": "i\nFatal error: Uncaught Exception: Test failed! in /tmp/tmp4vrbq_6z.php:18\nStack trace:\n#0 /tmp/tmp4vrbq_6z.php(23): test()\n#1 {main}\n  thrown in /tmp/tmp4vrbq_6z.php on line 18\n",
      "stderr": "",
      "exit_code": 255,
      "status": "Exception"
    },
    {
      "program": "<?php\n// Write a python function to find the character made by adding the ASCII value of all the characters of the given string modulo 26.\nfunction get_Char($strr) {\n    $str = str_split($strr);\n    $sum = 0;\n    foreach ($str as $key => $value) {\n        $sum += ord($value);\n    }\n    $sum = $sum % 26;\n    return chr($sum + 97);\n}\n\necho get_Char(\"abc\");\nfunction candidate(...$args) {\n    return get_Char(...$args);\n}\n\nfunction test(): void {\n    if (candidate(\"abc\") !== \"f\") { throw new Exception(\"Test failed!\"); }\n    if (candidate(\"gfg\") !== \"t\") { throw new Exception(\"Test failed!\"); }\n    if (candidate(\"ab\") !== \"c\") { throw new Exception(\"Test failed!\"); }\n}\n\ntest();",
      "timestamp": 1666123798,
      "stdout": "i\nFatal error: Uncaught Exception: Test failed! in /tmp/tmpqt3wo76p.php:19\nStack trace:\n#0 /tmp/tmpqt3wo76p.php(24): test()\n#1 {main}\n  thrown in /tmp/tmpqt3wo76p.php on line 19\n",
      "stderr": "",
      "exit_code": 255,
      "status": "Exception"
    },
    {
      "program": "<?php\n// Write a python function to find the character made by adding the ASCII value of all the characters of the given string modulo 26.\nfunction get_Char($strr) {\n    $sum = 0;\n    for ($i = 0; $i < strlen($strr); $i++) {\n        $sum += ord($strr[$i]);\n    }\n    $sum = $sum % 26;\n    return chr($sum + 65);\n}\necho get_Char(\"ABC\");\nfunction candidate(...$args) {\n    return get_Char(...$args);\n}\n\nfunction test(): void {\n    if (candidate(\"abc\") !== \"f\") { throw new Exception(\"Test failed!\"); }\n    if (candidate(\"gfg\") !== \"t\") { throw new Exception(\"Test failed!\"); }\n    if (candidate(\"ab\") !== \"c\") { throw new Exception(\"Test failed!\"); }\n}\n\ntest();",
      "timestamp": 1666123798,
      "stdout": "Q\nFatal error: Uncaught Exception: Test failed! in /tmp/tmp39sw6j74.php:17\nStack trace:\n#0 /tmp/tmp39sw6j74.php(22): test()\n#1 {main}\n  thrown in /tmp/tmp39sw6j74.php on line 17\n",
      "stderr": "",
      "exit_code": 255,
      "status": "Exception"
    },
    {
      "program": "<?php\n// Write a python function to find the character made by adding the ASCII value of all the characters of the given string modulo 26.\nfunction get_Char($strr) {\n    $str = strtolower($strr);\n    $len = strlen($str);\n    $sum = 0;\n    for ($i = 0; $i < $len; $i++) {\n        $sum = $sum + ord($str[$i]);\n    }\n    $sum = $sum % 26;\n    $ch = chr($sum + 97);\n    return $ch;\n}\n\n$str = \"abc\";\necho get_Char($str);\nfunction candidate(...$args) {\n    return get_Char(...$args);\n}\n\nfunction test(): void {\n    if (candidate(\"abc\") !== \"f\") { throw new Exception(\"Test failed!\"); }\n    if (candidate(\"gfg\") !== \"t\") { throw new Exception(\"Test failed!\"); }\n    if (candidate(\"ab\") !== \"c\") { throw new Exception(\"Test failed!\"); }\n}\n\ntest();",
      "timestamp": 1666123798,
      "stdout": "i\nFatal error: Uncaught Exception: Test failed! in /tmp/tmpox75ivau.php:22\nStack trace:\n#0 /tmp/tmpox75ivau.php(27): test()\n#1 {main}\n  thrown in /tmp/tmpox75ivau.php on line 22\n",
      "stderr": "",
      "exit_code": 255,
      "status": "Exception"
    },
    {
      "program": "<?php\n// Write a python function to find the character made by adding the ASCII value of all the characters of the given string modulo 26.\nfunction get_Char($strr) {\n    $str = strtolower($strr);\n    $sum = 0;\n    for ($i = 0; $i < strlen($str); $i++) {\n        $sum += ord($str[$i]);\n    }\n    $sum = $sum % 26;\n    $sum += 97;\n    return chr($sum);\n}\n\necho get_Char(\"abc\");\n\nfunction candidate(...$args) {\n    return get_Char(...$args);\n}\n\nfunction test(): void {\n    if (candidate(\"abc\") !== \"f\") { throw new Exception(\"Test failed!\"); }\n    if (candidate(\"gfg\") !== \"t\") { throw new Exception(\"Test failed!\"); }\n    if (candidate(\"ab\") !== \"c\") { throw new Exception(\"Test failed!\"); }\n}\n\ntest();",
      "timestamp": 1666123798,
      "stdout": "i\nFatal error: Uncaught Exception: Test failed! in /tmp/tmpbhij2tie.php:21\nStack trace:\n#0 /tmp/tmpbhij2tie.php(26): test()\n#1 {main}\n  thrown in /tmp/tmpbhij2tie.php on line 21\n",
      "stderr": "",
      "exit_code": 255,
      "status": "Exception"
    },
    {
      "program": "<?php\n// Write a python function to find the character made by adding the ASCII value of all the characters of the given string modulo 26.\nfunction get_Char($strr) {\n    $str = strtolower($strr);\n    $sum = 0;\n    for($i=0; $i<strlen($str); $i++) {\n        $sum += ord($str[$i]);\n    }\n    $sum = $sum % 26;\n    return chr($sum + 97);\n}\n\n$str = \"abc\";\necho get_Char($str);\nfunction candidate(...$args) {\n    return get_Char(...$args);\n}\n\nfunction test(): void {\n    if (candidate(\"abc\") !== \"f\") { throw new Exception(\"Test failed!\"); }\n    if (candidate(\"gfg\") !== \"t\") { throw new Exception(\"Test failed!\"); }\n    if (candidate(\"ab\") !== \"c\") { throw new Exception(\"Test failed!\"); }\n}\n\ntest();",
      "timestamp": 1666123798,
      "stdout": "i\nFatal error: Uncaught Exception: Test failed! in /tmp/tmpq9a8g_ea.php:20\nStack trace:\n#0 /tmp/tmpq9a8g_ea.php(25): test()\n#1 {main}\n  thrown in /tmp/tmpq9a8g_ea.php on line 20\n",
      "stderr": "",
      "exit_code": 255,
      "status": "Exception"
    },
    {
      "program": "<?php\n// Write a python function to find the character made by adding the ASCII value of all the characters of the given string modulo 26.\nfunction get_Char($strr) {\n    $sum = 0;\n    for ($i = 0; $i < strlen($strr); $i++) {\n        $sum += ord($strr[$i]);\n    }\n    return chr($sum % 26 + 65);\n}\necho get_Char('abc');\nfunction candidate(...$args) {\n    return get_Char(...$args);\n}\n\nfunction test(): void {\n    if (candidate(\"abc\") !== \"f\") { throw new Exception(\"Test failed!\"); }\n    if (candidate(\"gfg\") !== \"t\") { throw new Exception(\"Test failed!\"); }\n    if (candidate(\"ab\") !== \"c\") { throw new Exception(\"Test failed!\"); }\n}\n\ntest();",
      "timestamp": 1666123798,
      "stdout": "I\nFatal error: Uncaught Exception: Test failed! in /tmp/tmpkn8etezo.php:16\nStack trace:\n#0 /tmp/tmpkn8etezo.php(21): test()\n#1 {main}\n  thrown in /tmp/tmpkn8etezo.php on line 16\n",
      "stderr": "",
      "exit_code": 255,
      "status": "Exception"
    },
    {
      "program": "<?php\n// Write a python function to find the character made by adding the ASCII value of all the characters of the given string modulo 26.\nfunction get_Char($strr) {\n    $sum = 0;\n    $strr = strtolower($strr);\n    for ($i = 0; $i < strlen($strr); $i++) {\n        $sum += ord($strr[$i]);\n    }\n    $sum = $sum % 26;\n    return chr($sum + 97);\n}\n\n$strr = \"abc\";\necho get_Char($strr);\nfunction candidate(...$args) {\n    return get_Char(...$args);\n}\n\nfunction test(): void {\n    if (candidate(\"abc\") !== \"f\") { throw new Exception(\"Test failed!\"); }\n    if (candidate(\"gfg\") !== \"t\") { throw new Exception(\"Test failed!\"); }\n    if (candidate(\"ab\") !== \"c\") { throw new Exception(\"Test failed!\"); }\n}\n\ntest();",
      "timestamp": 1666123798,
      "stdout": "i\nFatal error: Uncaught Exception: Test failed! in /tmp/tmphcs6cram.php:20\nStack trace:\n#0 /tmp/tmphcs6cram.php(25): test()\n#1 {main}\n  thrown in /tmp/tmphcs6cram.php on line 20\n",
      "stderr": "",
      "exit_code": 255,
      "status": "Exception"
    },
    {
      "program": "<?php\n// Write a python function to find the character made by adding the ASCII value of all the characters of the given string modulo 26.\nfunction get_Char($strr) {\n    $strr = strtolower($strr);\n    $sum = 0;\n    for ($i = 0; $i < strlen($strr); $i++) {\n        $sum += ord($strr[$i]);\n    }\n    $sum = $sum % 26;\n    return chr($sum + 97);\n}\n\n$strr = \"abc\";\necho get_Char($strr);\nfunction candidate(...$args) {\n    return get_Char(...$args);\n}\n\nfunction test(): void {\n    if (candidate(\"abc\") !== \"f\") { throw new Exception(\"Test failed!\"); }\n    if (candidate(\"gfg\") !== \"t\") { throw new Exception(\"Test failed!\"); }\n    if (candidate(\"ab\") !== \"c\") { throw new Exception(\"Test failed!\"); }\n}\n\ntest();",
      "timestamp": 1665509673,
      "stdout": "i\nFatal error: Uncaught Exception: Test failed! in /tmp/tmpvkeacxrx.php:20\nStack trace:\n#0 /tmp/tmpvkeacxrx.php(25): test()\n#1 {main}\n  thrown in /tmp/tmpvkeacxrx.php on line 20\n",
      "stderr": "",
      "exit_code": 255,
      "status": "Exception"
    },
    {
      "program": "<?php\n// Write a python function to find the character made by adding the ASCII value of all the characters of the given string modulo 26.\nfunction get_Char($strr) {\n    $sum = 0;\n    for ($i = 0; $i < strlen($strr); $i++) {\n        $sum += ord($strr[$i]);\n    }\n    return chr($sum % 26 + 65);\n}\necho get_Char(\"ABC\");\nfunction candidate(...$args) {\n    return get_Char(...$args);\n}\n\nfunction test(): void {\n    if (candidate(\"abc\") !== \"f\") { throw new Exception(\"Test failed!\"); }\n    if (candidate(\"gfg\") !== \"t\") { throw new Exception(\"Test failed!\"); }\n    if (candidate(\"ab\") !== \"c\") { throw new Exception(\"Test failed!\"); }\n}\n\ntest();",
      "timestamp": 1665509673,
      "stdout": "Q\nFatal error: Uncaught Exception: Test failed! in /tmp/tmp_10btv_e.php:16\nStack trace:\n#0 /tmp/tmp_10btv_e.php(21): test()\n#1 {main}\n  thrown in /tmp/tmp_10btv_e.php on line 16\n",
      "stderr": "",
      "exit_code": 255,
      "status": "Exception"
    },
    {
      "program": "<?php\n// Write a python function to find the character made by adding the ASCII value of all the characters of the given string modulo 26.\nfunction get_Char($strr) {\n    $str = strtolower($strr);\n    $sum = 0;\n    for ($i = 0; $i < strlen($str); $i++) {\n        $sum += ord($str[$i]) - 96;\n    }\n    $sum = $sum % 26;\n    return chr($sum + 96);\n}\necho get_Char(\"abc\");\nfunction candidate(...$args) {\n    return get_Char(...$args);\n}\n\nfunction test(): void {\n    if (candidate(\"abc\") !== \"f\") { throw new Exception(\"Test failed!\"); }\n    if (candidate(\"gfg\") !== \"t\") { throw new Exception(\"Test failed!\"); }\n    if (candidate(\"ab\") !== \"c\") { throw new Exception(\"Test failed!\"); }\n}\n\ntest();",
      "timestamp": 1666123798,
      "stdout": "f",
      "stderr": "",
      "exit_code": 0,
      "status": "OK"
    },
    {
      "program": "<?php\n// Write a python function to find the character made by adding the ASCII value of all the characters of the given string modulo 26.\nfunction get_Char($strr) {\n    $str = strtolower($strr);\n    $sum = 0;\n    for ($i = 0; $i < strlen($str); $i++) {\n        $sum += ord($str[$i]);\n    }\n    $sum = $sum % 26;\n    $sum += 97;\n    return chr($sum);\n}\n\necho get_Char(\"abcd\");\nfunction candidate(...$args) {\n    return get_Char(...$args);\n}\n\nfunction test(): void {\n    if (candidate(\"abc\") !== \"f\") { throw new Exception(\"Test failed!\"); }\n    if (candidate(\"gfg\") !== \"t\") { throw new Exception(\"Test failed!\"); }\n    if (candidate(\"ab\") !== \"c\") { throw new Exception(\"Test failed!\"); }\n}\n\ntest();",
      "timestamp": 1666123798,
      "stdout": "e\nFatal error: Uncaught Exception: Test failed! in /tmp/tmp_af6212d.php:20\nStack trace:\n#0 /tmp/tmp_af6212d.php(25): test()\n#1 {main}\n  thrown in /tmp/tmp_af6212d.php on line 20\n",
      "stderr": "",
      "exit_code": 255,
      "status": "Exception"
    },
    {
      "program": "<?php\n// Write a python function to find the character made by adding the ASCII value of all the characters of the given string modulo 26.\nfunction get_Char($strr) {\n    $sum = 0;\n    $str = str_split($strr);\n    for($i = 0; $i < count($str); $i++) {\n        $sum += ord($str[$i]);\n    }\n    $sum = $sum % 26;\n    return chr($sum + 65);\n}\n\necho get_Char(\"ABC\");\nfunction candidate(...$args) {\n    return get_Char(...$args);\n}\n\nfunction test(): void {\n    if (candidate(\"abc\") !== \"f\") { throw new Exception(\"Test failed!\"); }\n    if (candidate(\"gfg\") !== \"t\") { throw new Exception(\"Test failed!\"); }\n    if (candidate(\"ab\") !== \"c\") { throw new Exception(\"Test failed!\"); }\n}\n\ntest();",
      "timestamp": 1666123798,
      "stdout": "Q\nFatal error: Uncaught Exception: Test failed! in /tmp/tmpxnaz6nce.php:19\nStack trace:\n#0 /tmp/tmpxnaz6nce.php(24): test()\n#1 {main}\n  thrown in /tmp/tmpxnaz6nce.php on line 19\n",
      "stderr": "",
      "exit_code": 255,
      "status": "Exception"
    },
    {
      "program": "<?php\n// Write a python function to find the character made by adding the ASCII value of all the characters of the given string modulo 26.\nfunction get_Char($strr) {\n    $sum = 0;\n    for ($i = 0; $i < strlen($strr); $i++) {\n        $sum += ord($strr[$i]);\n    }\n    $sum = $sum % 26;\n    return chr($sum + 65);\n}\n\n$str = \"ABCDEFGHIJKLMNOPQRSTUVWXYZ\";\necho get_Char($str);\nfunction candidate(...$args) {\n    return get_Char(...$args);\n}\n\nfunction test(): void {\n    if (candidate(\"abc\") !== \"f\") { throw new Exception(\"Test failed!\"); }\n    if (candidate(\"gfg\") !== \"t\") { throw new Exception(\"Test failed!\"); }\n    if (candidate(\"ab\") !== \"c\") { throw new Exception(\"Test failed!\"); }\n}\n\ntest();",
      "timestamp": 1666123798,
      "stdout": "N\nFatal error: Uncaught Exception: Test failed! in /tmp/tmp6mma8ei6.php:19\nStack trace:\n#0 /tmp/tmp6mma8ei6.php(24): test()\n#1 {main}\n  thrown in /tmp/tmp6mma8ei6.php on line 19\n",
      "stderr": "",
      "exit_code": 255,
      "status": "Exception"
    },
    {
      "program": "<?php\n// Write a python function to find the character made by adding the ASCII value of all the characters of the given string modulo 26.\nfunction get_Char($strr) {\n    $str = strtolower($strr);\n    $sum = 0;\n    for ($i = 0; $i < strlen($str); $i++) {\n        $sum += ord($str[$i]);\n    }\n    $sum = $sum % 26;\n    return chr($sum + 97);\n}\n$str = \"abc\";\necho get_Char($str);\nfunction candidate(...$args) {\n    return get_Char(...$args);\n}\n\nfunction test(): void {\n    if (candidate(\"abc\") !== \"f\") { throw new Exception(\"Test failed!\"); }\n    if (candidate(\"gfg\") !== \"t\") { throw new Exception(\"Test failed!\"); }\n    if (candidate(\"ab\") !== \"c\") { throw new Exception(\"Test failed!\"); }\n}\n\ntest();",
      "timestamp": 1665509673,
      "stdout": "i\nFatal error: Uncaught Exception: Test failed! in /tmp/tmpafp_n76m.php:19\nStack trace:\n#0 /tmp/tmpafp_n76m.php(24): test()\n#1 {main}\n  thrown in /tmp/tmpafp_n76m.php on line 19\n",
      "stderr": "",
      "exit_code": 255,
      "status": "Exception"
    },
    {
      "program": "<?php\n// Write a python function to find the character made by adding the ASCII value of all the characters of the given string modulo 26.\nfunction get_Char($strr) {\n    $sum = 0;\n    for ($i = 0; $i < strlen($strr); $i++) {\n        $sum += ord($strr[$i]);\n    }\n    $sum = $sum % 26;\n    return chr($sum + 97);\n}\n\necho get_Char(\"abc\");\nfunction candidate(...$args) {\n    return get_Char(...$args);\n}\n\nfunction test(): void {\n    if (candidate(\"abc\") !== \"f\") { throw new Exception(\"Test failed!\"); }\n    if (candidate(\"gfg\") !== \"t\") { throw new Exception(\"Test failed!\"); }\n    if (candidate(\"ab\") !== \"c\") { throw new Exception(\"Test failed!\"); }\n}\n\ntest();",
      "timestamp": 1666123798,
      "stdout": "i\nFatal error: Uncaught Exception: Test failed! in /tmp/tmp4vrbq_6z.php:18\nStack trace:\n#0 /tmp/tmp4vrbq_6z.php(23): test()\n#1 {main}\n  thrown in /tmp/tmp4vrbq_6z.php on line 18\n",
      "stderr": "",
      "exit_code": 255,
      "status": "Exception"
    },
    {
      "program": "<?php\n// Write a python function to find the character made by adding the ASCII value of all the characters of the given string modulo 26.\nfunction get_Char($strr) {\n    $str = strtolower($strr);\n    $sum = 0;\n    for ($i=0; $i < strlen($str); $i++) { \n        $sum += ord($str[$i]);\n    }\n    $sum = $sum % 26;\n    return chr($sum + 97);\n}\necho get_Char(\"abc\");\nfunction candidate(...$args) {\n    return get_Char(...$args);\n}\n\nfunction test(): void {\n    if (candidate(\"abc\") !== \"f\") { throw new Exception(\"Test failed!\"); }\n    if (candidate(\"gfg\") !== \"t\") { throw new Exception(\"Test failed!\"); }\n    if (candidate(\"ab\") !== \"c\") { throw new Exception(\"Test failed!\"); }\n}\n\ntest();",
      "timestamp": 1666123798,
      "stdout": "i\nFatal error: Uncaught Exception: Test failed! in /tmp/tmpvxc5n958.php:18\nStack trace:\n#0 /tmp/tmpvxc5n958.php(23): test()\n#1 {main}\n  thrown in /tmp/tmpvxc5n958.php on line 18\n",
      "stderr": "",
      "exit_code": 255,
      "status": "Exception"
    },
    {
      "program": "<?php\n// Write a python function to find the character made by adding the ASCII value of all the characters of the given string modulo 26.\nfunction get_Char($strr) {\n    $str = strtolower($strr);\n    $sum = 0;\n    for ($i = 0; $i < strlen($str); $i++) {\n        $sum += ord($str[$i]);\n    }\n    $sum = $sum % 26;\n    return chr($sum + 97);\n}\necho get_Char(\"abc\");\nfunction candidate(...$args) {\n    return get_Char(...$args);\n}\n\nfunction test(): void {\n    if (candidate(\"abc\") !== \"f\") { throw new Exception(\"Test failed!\"); }\n    if (candidate(\"gfg\") !== \"t\") { throw new Exception(\"Test failed!\"); }\n    if (candidate(\"ab\") !== \"c\") { throw new Exception(\"Test failed!\"); }\n}\n\ntest();",
      "timestamp": 1666123798,
      "stdout": "i\nFatal error: Uncaught Exception: Test failed! in /tmp/tmpr_10rzme.php:18\nStack trace:\n#0 /tmp/tmpr_10rzme.php(23): test()\n#1 {main}\n  thrown in /tmp/tmpr_10rzme.php on line 18\n",
      "stderr": "",
      "exit_code": 255,
      "status": "Exception"
    },
    {
      "program": "<?php\n// Write a python function to find the character made by adding the ASCII value of all the characters of the given string modulo 26.\nfunction get_Char($strr) {\n    $sum = 0;\n    $len = strlen($strr);\n    for ($i = 0; $i < $len; $i++) {\n        $sum += ord($strr[$i]);\n    }\n    $sum = $sum % 26;\n    $sum += 65;\n    return chr($sum);\n}\n\n$str = \"abc\";\necho get_Char($str);\nfunction candidate(...$args) {\n    return get_Char(...$args);\n}\n\nfunction test(): void {\n    if (candidate(\"abc\") !== \"f\") { throw new Exception(\"Test failed!\"); }\n    if (candidate(\"gfg\") !== \"t\") { throw new Exception(\"Test failed!\"); }\n    if (candidate(\"ab\") !== \"c\") { throw new Exception(\"Test failed!\"); }\n}\n\ntest();",
      "timestamp": 1666123798,
      "stdout": "I\nFatal error: Uncaught Exception: Test failed! in /tmp/tmpj1xn0r78.php:21\nStack trace:\n#0 /tmp/tmpj1xn0r78.php(26): test()\n#1 {main}\n  thrown in /tmp/tmpj1xn0r78.php on line 21\n",
      "stderr": "",
      "exit_code": 255,
      "status": "Exception"
    },
    {
      "program": "<?php\n// Write a python function to find the character made by adding the ASCII value of all the characters of the given string modulo 26.\nfunction get_Char($strr) {\n    $sum = 0;\n    for($i=0;$i<strlen($strr);$i++) {\n        $sum += ord($strr[$i]);\n    }\n    $sum = $sum % 26;\n    return chr($sum+97);\n}\n\necho get_Char(\"abc\");\nfunction candidate(...$args) {\n    return get_Char(...$args);\n}\n\nfunction test(): void {\n    if (candidate(\"abc\") !== \"f\") { throw new Exception(\"Test failed!\"); }\n    if (candidate(\"gfg\") !== \"t\") { throw new Exception(\"Test failed!\"); }\n    if (candidate(\"ab\") !== \"c\") { throw new Exception(\"Test failed!\"); }\n}\n\ntest();",
      "timestamp": 1666123798,
      "stdout": "i\nFatal error: Uncaught Exception: Test failed! in /tmp/tmpoemke_zm.php:18\nStack trace:\n#0 /tmp/tmpoemke_zm.php(23): test()\n#1 {main}\n  thrown in /tmp/tmpoemke_zm.php on line 18\n",
      "stderr": "",
      "exit_code": 255,
      "status": "Exception"
    },
    {
      "program": "<?php\n// Write a python function to find the character made by adding the ASCII value of all the characters of the given string modulo 26.\nfunction get_Char($strr) {\n    $sum = 0;\n    for ($i = 0; $i < strlen($strr); $i++) {\n        $sum += ord($strr[$i]);\n    }\n    $sum = $sum % 26;\n    return chr($sum + 65);\n}\necho get_Char(\"ABC\");\nfunction candidate(...$args) {\n    return get_Char(...$args);\n}\n\nfunction test(): void {\n    if (candidate(\"abc\") !== \"f\") { throw new Exception(\"Test failed!\"); }\n    if (candidate(\"gfg\") !== \"t\") { throw new Exception(\"Test failed!\"); }\n    if (candidate(\"ab\") !== \"c\") { throw new Exception(\"Test failed!\"); }\n}\n\ntest();",
      "timestamp": 1666123798,
      "stdout": "Q\nFatal error: Uncaught Exception: Test failed! in /tmp/tmp39sw6j74.php:17\nStack trace:\n#0 /tmp/tmp39sw6j74.php(22): test()\n#1 {main}\n  thrown in /tmp/tmp39sw6j74.php on line 17\n",
      "stderr": "",
      "exit_code": 255,
      "status": "Exception"
    },
    {
      "program": "<?php\n// Write a python function to find the character made by adding the ASCII value of all the characters of the given string modulo 26.\nfunction get_Char($strr) {\n    $str = str_split($strr);\n    $sum = 0;\n    foreach ($str as $value) {\n        $sum += ord($value);\n    }\n    $sum = $sum % 26;\n    return chr($sum + 65);\n}\n\necho get_Char(\"abc\");\nfunction candidate(...$args) {\n    return get_Char(...$args);\n}\n\nfunction test(): void {\n    if (candidate(\"abc\") !== \"f\") { throw new Exception(\"Test failed!\"); }\n    if (candidate(\"gfg\") !== \"t\") { throw new Exception(\"Test failed!\"); }\n    if (candidate(\"ab\") !== \"c\") { throw new Exception(\"Test failed!\"); }\n}\n\ntest();",
      "timestamp": 1666123798,
      "stdout": "I\nFatal error: Uncaught Exception: Test failed! in /tmp/tmp3kzb9ijg.php:19\nStack trace:\n#0 /tmp/tmp3kzb9ijg.php(24): test()\n#1 {main}\n  thrown in /tmp/tmp3kzb9ijg.php on line 19\n",
      "stderr": "",
      "exit_code": 255,
      "status": "Exception"
    },
    {
      "program": "<?php\n// Write a python function to find the character made by adding the ASCII value of all the characters of the given string modulo 26.\nfunction get_Char($strr) {\n    $sum = 0;\n    for ($i = 0; $i < strlen($strr); $i++) {\n        $sum += ord($strr[$i]);\n    }\n    return chr($sum % 26 + 65);\n}\n\necho get_Char(\"ABC\");\nfunction candidate(...$args) {\n    return get_Char(...$args);\n}\n\nfunction test(): void {\n    if (candidate(\"abc\") !== \"f\") { throw new Exception(\"Test failed!\"); }\n    if (candidate(\"gfg\") !== \"t\") { throw new Exception(\"Test failed!\"); }\n    if (candidate(\"ab\") !== \"c\") { throw new Exception(\"Test failed!\"); }\n}\n\ntest();",
      "timestamp": 1666123798,
      "stdout": "Q\nFatal error: Uncaught Exception: Test failed! in /tmp/tmpur3brj0w.php:17\nStack trace:\n#0 /tmp/tmpur3brj0w.php(22): test()\n#1 {main}\n  thrown in /tmp/tmpur3brj0w.php on line 17\n",
      "stderr": "",
      "exit_code": 255,
      "status": "Exception"
    },
    {
      "program": "<?php\n// Write a python function to find the character made by adding the ASCII value of all the characters of the given string modulo 26.\nfunction get_Char($strr) {\n    $str = str_split($strr);\n    $sum = 0;\n    foreach ($str as $key => $value) {\n        $sum += ord($value);\n    }\n    $sum = $sum % 26;\n    return chr($sum + 65);\n}\n\necho get_Char(\"abcdefghijklmnopqrstuvwxyz\");\nfunction candidate(...$args) {\n    return get_Char(...$args);\n}\n\nfunction test(): void {\n    if (candidate(\"abc\") !== \"f\") { throw new Exception(\"Test failed!\"); }\n    if (candidate(\"gfg\") !== \"t\") { throw new Exception(\"Test failed!\"); }\n    if (candidate(\"ab\") !== \"c\") { throw new Exception(\"Test failed!\"); }\n}\n\ntest();",
      "timestamp": 1666123798,
      "stdout": "N\nFatal error: Uncaught Exception: Test failed! in /tmp/tmpvhquvsg1.php:19\nStack trace:\n#0 /tmp/tmpvhquvsg1.php(24): test()\n#1 {main}\n  thrown in /tmp/tmpvhquvsg1.php on line 19\n",
      "stderr": "",
      "exit_code": 255,
      "status": "Exception"
    },
    {
      "program": "<?php\n// Write a python function to find the character made by adding the ASCII value of all the characters of the given string modulo 26.\nfunction get_Char($strr) {\n    $strr = strtolower($strr);\n    $sum = 0;\n    for ($i = 0; $i < strlen($strr); $i++) {\n        $sum += ord($strr[$i]);\n    }\n    $sum = $sum % 26;\n    return chr($sum + 97);\n}\n\necho get_Char(\"abc\");\necho \"\\n\";\necho get_Char(\"abcdefghijklmnopqrstuvwxyz\");\necho \"\\n\";\necho get_Char(\"abcdefghijklmnopqrstuvwxyzabcdefghijklmnopqrstuvwxyz\");\necho \"\\n\";\necho get_Char(\"abcdefghijklmnopqrstuvwxyzabcdefghijklmnopqrstuvwxyzabcdefghijklmnopqrstuvwxyz\");\necho \"\\n\";\necho get_Char(\"abcdefghijklmnopqrstuvwxyzabcdefghijklmnopqrstuvwxyzabcdefghijklmnopqrstuvwxyzabcdefghijklmnopqrstuvwxyz\");\necho \"\\n\";\necho get_Char(\"abcdefghijklmnopqrstuvwxyzabcdefghijklmnopqrstuvwxyzabcdefghijklmnopqrstuvwxyzabcdefghijklmnopqrstuvwxyzabcdefghijklmnopqrstuvwxyz\");\necho \"\\n\";\necho get_Char(\"abcdefghijklmnopqrstuvwxyzabcdefghijklmnopqrstuvwxyzabcdefghijklmnopqrstuvwxyzabcdefghijklmnopqrstuvwxyzabcdefghijklmnopqrstuvwxyzabcdefghijklmnopqrstuvwxyz\");\necho \"\\n\";\necho get_Char(\"abcdefghijklmnopqrstuvwxyzabcdefghijklmnopqrstuvwxyzabcdefghijklmnopqrstuvwxyzabcdefghij\nfunction candidate(...$args) {\n    return get_Char(...$args);\n}\n\nfunction test(): void {\n    if (candidate(\"abc\") !== \"f\") { throw new Exception(\"Test failed!\"); }\n    if (candidate(\"gfg\") !== \"t\") { throw new Exception(\"Test failed!\"); }\n    if (candidate(\"ab\") !== \"c\") { throw new Exception(\"Test failed!\"); }\n}\n\ntest();",
      "timestamp": 1666123798,
      "stdout": "\nParse error: syntax error, unexpected identifier \"abc\", expecting \")\" in /tmp/tmpglhlo2dn.php on line 33\n",
      "stderr": "",
      "exit_code": 255,
      "status": "Exception"
    },
    {
      "program": "<?php\n// Write a python function to find the character made by adding the ASCII value of all the characters of the given string modulo 26.\nfunction get_Char($strr) {\n    $str = strtolower($strr);\n    $sum = 0;\n    for ($i = 0; $i < strlen($str); $i++) {\n        $sum += ord($str[$i]);\n    }\n    $sum = $sum % 26;\n    return chr($sum + 97);\n}\n\necho get_Char(\"abc\");\necho \"<br>\";\necho get_Char(\"abcdefghijklmnopqrstuvwxyz\");\necho \"<br>\";\necho get_Char(\"abcdefghijklmnopqrstuvwxyzabcdefghijklmnopqrstuvwxyz\");\necho \"<br>\";\necho get_Char(\"abcdefghijklmnopqrstuvwxyzabcdefghijklmnopqrstuvwxyzabcdefghijklmnopqrstuvwxyz\");\necho \"<br>\";\necho get_Char(\"abcdefghijklmnopqrstuvwxyzabcdefghijklmnopqrstuvwxyzabcdefghijklmnopqrstuvwxyzabcdefghijklmnopqrstuvwxyz\");\necho \"<br>\";\necho get_Char(\"abcdefghijklmnopqrstuvwxyzabcdefghijklmnopqrstuvwxyzabcdefghijklmnopqrstuvwxyzabcdefghijklmnopqrstuvwxyzabcdefghijklmnopqrstuvwxyz\");\necho \"<br>\";\necho get_Char(\"abcdefghijklmnopqrstuvwxyzabcdefghijklmnopqrstuvwxyzabcdefghijklmnopqrstuvwxyzabcdefghijklmnopqrstuvwxyzabcdefghijklmnopqrstuvwxyzabcdefghijklmnopqrstuvwxyz\");\necho \"<br>\";\necho get_Char(\"abcdefghijklmnopqrstuvwxyzabcdefghijklmnopqrstuvwxyzabcdefghijklmnopqrstuvwxyz\nfunction candidate(...$args) {\n    return get_Char(...$args);\n}\n\nfunction test(): void {\n    if (candidate(\"abc\") !== \"f\") { throw new Exception(\"Test failed!\"); }\n    if (candidate(\"gfg\") !== \"t\") { throw new Exception(\"Test failed!\"); }\n    if (candidate(\"ab\") !== \"c\") { throw new Exception(\"Test failed!\"); }\n}\n\ntest();",
      "timestamp": 1666123798,
      "stdout": "\nParse error: syntax error, unexpected identifier \"abc\", expecting \")\" in /tmp/tmpi4rut1md.php on line 33\n",
      "stderr": "",
      "exit_code": 255,
      "status": "Exception"
    },
    {
      "program": "<?php\n// Write a python function to find the character made by adding the ASCII value of all the characters of the given string modulo 26.\nfunction get_Char($strr) {\n    $sum = 0;\n    for($i=0;$i<strlen($strr);$i++) {\n        $sum += ord($strr[$i]);\n    }\n    return chr($sum%26+65);\n}\necho get_Char(\"ABC\");\nfunction candidate(...$args) {\n    return get_Char(...$args);\n}\n\nfunction test(): void {\n    if (candidate(\"abc\") !== \"f\") { throw new Exception(\"Test failed!\"); }\n    if (candidate(\"gfg\") !== \"t\") { throw new Exception(\"Test failed!\"); }\n    if (candidate(\"ab\") !== \"c\") { throw new Exception(\"Test failed!\"); }\n}\n\ntest();",
      "timestamp": 1666123798,
      "stdout": "Q\nFatal error: Uncaught Exception: Test failed! in /tmp/tmpwdjep8ya.php:16\nStack trace:\n#0 /tmp/tmpwdjep8ya.php(21): test()\n#1 {main}\n  thrown in /tmp/tmpwdjep8ya.php on line 16\n",
      "stderr": "",
      "exit_code": 255,
      "status": "Exception"
    },
    {
      "program": "<?php\n// Write a python function to find the character made by adding the ASCII value of all the characters of the given string modulo 26.\nfunction get_Char($strr) {\n    $sum = 0;\n    for ($i = 0; $i < strlen($strr); $i++) {\n        $sum += ord($strr[$i]);\n    }\n    $sum = $sum % 26;\n    return chr($sum + 65);\n}\necho get_Char(\"ABC\");\nfunction candidate(...$args) {\n    return get_Char(...$args);\n}\n\nfunction test(): void {\n    if (candidate(\"abc\") !== \"f\") { throw new Exception(\"Test failed!\"); }\n    if (candidate(\"gfg\") !== \"t\") { throw new Exception(\"Test failed!\"); }\n    if (candidate(\"ab\") !== \"c\") { throw new Exception(\"Test failed!\"); }\n}\n\ntest();",
      "timestamp": 1666123798,
      "stdout": "Q\nFatal error: Uncaught Exception: Test failed! in /tmp/tmp39sw6j74.php:17\nStack trace:\n#0 /tmp/tmp39sw6j74.php(22): test()\n#1 {main}\n  thrown in /tmp/tmp39sw6j74.php on line 17\n",
      "stderr": "",
      "exit_code": 255,
      "status": "Exception"
    },
    {
      "program": "<?php\n// Write a python function to find the character made by adding the ASCII value of all the characters of the given string modulo 26.\nfunction get_Char($strr) {\n    $sum = 0;\n    for ($i = 0; $i < strlen($strr); $i++) {\n        $sum += ord($strr[$i]);\n    }\n    $sum = $sum % 26;\n    return chr($sum + 65);\n}\necho get_Char(\"ABC\");\nfunction candidate(...$args) {\n    return get_Char(...$args);\n}\n\nfunction test(): void {\n    if (candidate(\"abc\") !== \"f\") { throw new Exception(\"Test failed!\"); }\n    if (candidate(\"gfg\") !== \"t\") { throw new Exception(\"Test failed!\"); }\n    if (candidate(\"ab\") !== \"c\") { throw new Exception(\"Test failed!\"); }\n}\n\ntest();",
      "timestamp": 1666123798,
      "stdout": "Q\nFatal error: Uncaught Exception: Test failed! in /tmp/tmp39sw6j74.php:17\nStack trace:\n#0 /tmp/tmp39sw6j74.php(22): test()\n#1 {main}\n  thrown in /tmp/tmp39sw6j74.php on line 17\n",
      "stderr": "",
      "exit_code": 255,
      "status": "Exception"
    },
    {
      "program": "<?php\n// Write a python function to find the character made by adding the ASCII value of all the characters of the given string modulo 26.\nfunction get_Char($strr) {\n    $str = str_split($strr);\n    $sum = 0;\n    foreach ($str as $key => $value) {\n        $sum += ord($value);\n    }\n    $sum = $sum % 26;\n    return chr($sum + 65);\n}\necho get_Char(\"abc\");\nfunction candidate(...$args) {\n    return get_Char(...$args);\n}\n\nfunction test(): void {\n    if (candidate(\"abc\") !== \"f\") { throw new Exception(\"Test failed!\"); }\n    if (candidate(\"gfg\") !== \"t\") { throw new Exception(\"Test failed!\"); }\n    if (candidate(\"ab\") !== \"c\") { throw new Exception(\"Test failed!\"); }\n}\n\ntest();",
      "timestamp": 1666123798,
      "stdout": "I\nFatal error: Uncaught Exception: Test failed! in /tmp/tmpi3krpitq.php:18\nStack trace:\n#0 /tmp/tmpi3krpitq.php(23): test()\n#1 {main}\n  thrown in /tmp/tmpi3krpitq.php on line 18\n",
      "stderr": "",
      "exit_code": 255,
      "status": "Exception"
    },
    {
      "program": "<?php\n// Write a python function to find the character made by adding the ASCII value of all the characters of the given string modulo 26.\nfunction get_Char($strr) {\n    $sum = 0;\n    $str = strtolower($strr);\n    for($i = 0; $i < strlen($str); $i++) {\n        $sum += ord($str[$i]);\n    }\n    $sum = $sum % 26;\n    return chr($sum + 97);\n}\necho get_Char(\"abc\");\nfunction candidate(...$args) {\n    return get_Char(...$args);\n}\n\nfunction test(): void {\n    if (candidate(\"abc\") !== \"f\") { throw new Exception(\"Test failed!\"); }\n    if (candidate(\"gfg\") !== \"t\") { throw new Exception(\"Test failed!\"); }\n    if (candidate(\"ab\") !== \"c\") { throw new Exception(\"Test failed!\"); }\n}\n\ntest();",
      "timestamp": 1666123798,
      "stdout": "i\nFatal error: Uncaught Exception: Test failed! in /tmp/tmp0ca2pshz.php:18\nStack trace:\n#0 /tmp/tmp0ca2pshz.php(23): test()\n#1 {main}\n  thrown in /tmp/tmp0ca2pshz.php on line 18\n",
      "stderr": "",
      "exit_code": 255,
      "status": "Exception"
    },
    {
      "program": "<?php\n// Write a python function to find the character made by adding the ASCII value of all the characters of the given string modulo 26.\nfunction get_Char($strr) {\n    $str = str_split($strr);\n    $sum = 0;\n    foreach ($str as $key => $value) {\n        $sum += ord($value);\n    }\n    return chr($sum % 26 + 65);\n}\necho get_Char(\"abc\");\nfunction candidate(...$args) {\n    return get_Char(...$args);\n}\n\nfunction test(): void {\n    if (candidate(\"abc\") !== \"f\") { throw new Exception(\"Test failed!\"); }\n    if (candidate(\"gfg\") !== \"t\") { throw new Exception(\"Test failed!\"); }\n    if (candidate(\"ab\") !== \"c\") { throw new Exception(\"Test failed!\"); }\n}\n\ntest();",
      "timestamp": 1665509673,
      "stdout": "I\nFatal error: Uncaught Exception: Test failed! in /tmp/tmp8iget_ro.php:17\nStack trace:\n#0 /tmp/tmp8iget_ro.php(22): test()\n#1 {main}\n  thrown in /tmp/tmp8iget_ro.php on line 17\n",
      "stderr": "",
      "exit_code": 255,
      "status": "Exception"
    },
    {
      "program": "<?php\n// Write a python function to find the character made by adding the ASCII value of all the characters of the given string modulo 26.\nfunction get_Char($strr) {\n    $str = strtolower($strr);\n    $sum = 0;\n    for ($i = 0; $i < strlen($str); $i++) {\n        $sum += ord($str[$i]);\n    }\n    $sum = $sum % 26;\n    return chr($sum + 97);\n}\necho get_Char(\"abc\");\nfunction candidate(...$args) {\n    return get_Char(...$args);\n}\n\nfunction test(): void {\n    if (candidate(\"abc\") !== \"f\") { throw new Exception(\"Test failed!\"); }\n    if (candidate(\"gfg\") !== \"t\") { throw new Exception(\"Test failed!\"); }\n    if (candidate(\"ab\") !== \"c\") { throw new Exception(\"Test failed!\"); }\n}\n\ntest();",
      "timestamp": 1666123798,
      "stdout": "i\nFatal error: Uncaught Exception: Test failed! in /tmp/tmpr_10rzme.php:18\nStack trace:\n#0 /tmp/tmpr_10rzme.php(23): test()\n#1 {main}\n  thrown in /tmp/tmpr_10rzme.php on line 18\n",
      "stderr": "",
      "exit_code": 255,
      "status": "Exception"
    },
    {
      "program": "<?php\n// Write a python function to find the character made by adding the ASCII value of all the characters of the given string modulo 26.\nfunction get_Char($strr) {\n    $sum = 0;\n    for ($i = 0; $i < strlen($strr); $i++) {\n        $sum += ord($strr[$i]);\n    }\n    $sum = $sum % 26;\n    return chr($sum + 97);\n}\n\n$str = \"abc\";\necho get_Char($str);\nfunction candidate(...$args) {\n    return get_Char(...$args);\n}\n\nfunction test(): void {\n    if (candidate(\"abc\") !== \"f\") { throw new Exception(\"Test failed!\"); }\n    if (candidate(\"gfg\") !== \"t\") { throw new Exception(\"Test failed!\"); }\n    if (candidate(\"ab\") !== \"c\") { throw new Exception(\"Test failed!\"); }\n}\n\ntest();",
      "timestamp": 1666123798,
      "stdout": "i\nFatal error: Uncaught Exception: Test failed! in /tmp/tmppxv5uqy2.php:19\nStack trace:\n#0 /tmp/tmppxv5uqy2.php(24): test()\n#1 {main}\n  thrown in /tmp/tmppxv5uqy2.php on line 19\n",
      "stderr": "",
      "exit_code": 255,
      "status": "Exception"
    },
    {
      "program": "<?php\n// Write a python function to find the character made by adding the ASCII value of all the characters of the given string modulo 26.\nfunction get_Char($strr) {\n    $sum = 0;\n    for ($i = 0; $i < strlen($strr); $i++) {\n        $sum += ord($strr[$i]);\n    }\n    $sum = $sum % 26;\n    return chr($sum + 97);\n}\n\necho get_Char(\"abcd\");\nfunction candidate(...$args) {\n    return get_Char(...$args);\n}\n\nfunction test(): void {\n    if (candidate(\"abc\") !== \"f\") { throw new Exception(\"Test failed!\"); }\n    if (candidate(\"gfg\") !== \"t\") { throw new Exception(\"Test failed!\"); }\n    if (candidate(\"ab\") !== \"c\") { throw new Exception(\"Test failed!\"); }\n}\n\ntest();",
      "timestamp": 1666123798,
      "stdout": "e\nFatal error: Uncaught Exception: Test failed! in /tmp/tmpyby9haiu.php:18\nStack trace:\n#0 /tmp/tmpyby9haiu.php(23): test()\n#1 {main}\n  thrown in /tmp/tmpyby9haiu.php on line 18\n",
      "stderr": "",
      "exit_code": 255,
      "status": "Exception"
    },
    {
      "program": "<?php\n// Write a python function to find the character made by adding the ASCII value of all the characters of the given string modulo 26.\nfunction get_Char($strr) {\n    $sum = 0;\n    for ($i = 0; $i < strlen($strr); $i++) {\n        $sum += ord($strr[$i]);\n    }\n    $sum = $sum % 26;\n    return chr($sum + 65);\n}\n\n$strr = \"ABC\";\necho get_Char($strr);\nfunction candidate(...$args) {\n    return get_Char(...$args);\n}\n\nfunction test(): void {\n    if (candidate(\"abc\") !== \"f\") { throw new Exception(\"Test failed!\"); }\n    if (candidate(\"gfg\") !== \"t\") { throw new Exception(\"Test failed!\"); }\n    if (candidate(\"ab\") !== \"c\") { throw new Exception(\"Test failed!\"); }\n}\n\ntest();",
      "timestamp": 1665509673,
      "stdout": "Q\nFatal error: Uncaught Exception: Test failed! in /tmp/tmpaqr1xuxv.php:19\nStack trace:\n#0 /tmp/tmpaqr1xuxv.php(24): test()\n#1 {main}\n  thrown in /tmp/tmpaqr1xuxv.php on line 19\n",
      "stderr": "",
      "exit_code": 255,
      "status": "Exception"
    },
    {
      "program": "<?php\n// Write a python function to find the character made by adding the ASCII value of all the characters of the given string modulo 26.\nfunction get_Char($strr) {\n    $str = strtolower($strr);\n    $sum = 0;\n    for ($i = 0; $i < strlen($str); $i++) {\n        $sum += ord($str[$i]);\n    }\n    $sum = $sum % 26;\n    return chr($sum + 97);\n}\n\necho get_Char(\"abc\");\necho get_Char(\"abcd\");\necho get_Char(\"abcde\");\necho get_Char(\"abcdef\");\necho get_Char(\"abcdefg\");\necho get_Char(\"abcdefgh\");\necho get_Char(\"abcdefghi\");\necho get_Char(\"abcdefghij\");\necho get_Char(\"abcdefghijk\");\necho get_Char(\"abcdefghijkl\");\necho get_Char(\"abcdefghijklm\");\necho get_Char(\"abcdefghijklmn\");\necho get_Char(\"abcdefghijklmno\");\necho get_Char(\"abcdefghijklmnop\");\necho get_Char(\"abcdefghijklmnopq\");\necho get_Char(\"abcdefghijklmnopqr\");\necho get_Char(\"abcdefghijklmnopqrs\");\necho get_Char(\"abcdefghijklmnopqrst\");\necho get_Char(\"abcdefghijklmnopqrstu\");\necho get_Char(\"abcdefghijklmnopqrstuv\");\necho get_Char(\"abcdefghijklmnopqrstuvw\");\necho get_Char(\"abcdefghijklmnopqrstuvwx\");\necho get_Char(\"abcdefghijklmnopqrstuvwxy\");\necho get_Char(\"abcdefghijklmnopqrstuvwxyz\");\necho get_Char(\"abcdefghijklmnopqrstuvwxyz1\");\necho get_Char(\"abcdefghijklmnopqrstuvwxyz12\");\necho get_Char(\"abcdefghijklmnopqrstuvwxyz123\");\necho get_Char(\"abcdefghijklmnopqrstuvwxyz1234\");\necho get_Char(\"abcdefghijklmn\nfunction candidate(...$args) {\n    return get_Char(...$args);\n}\n\nfunction test(): void {\n    if (candidate(\"abc\") !== \"f\") { throw new Exception(\"Test failed!\"); }\n    if (candidate(\"gfg\") !== \"t\") { throw new Exception(\"Test failed!\"); }\n    if (candidate(\"ab\") !== \"c\") { throw new Exception(\"Test failed!\"); }\n}\n\ntest();",
      "timestamp": 1666123798,
      "stdout": "\nParse error: syntax error, unexpected identifier \"abc\", expecting \")\" in /tmp/tmphl2etybt.php on line 47\n",
      "stderr": "",
      "exit_code": 255,
      "status": "Exception"
    },
    {
      "program": "<?php\n// Write a python function to find the character made by adding the ASCII value of all the characters of the given string modulo 26.\nfunction get_Char($strr) {\n    $sum = 0;\n    for ($i = 0; $i < strlen($strr); $i++) {\n        $sum += ord($strr[$i]);\n    }\n    $sum = $sum % 26;\n    return chr($sum + 65);\n}\necho get_Char(\"ABC\");\nfunction candidate(...$args) {\n    return get_Char(...$args);\n}\n\nfunction test(): void {\n    if (candidate(\"abc\") !== \"f\") { throw new Exception(\"Test failed!\"); }\n    if (candidate(\"gfg\") !== \"t\") { throw new Exception(\"Test failed!\"); }\n    if (candidate(\"ab\") !== \"c\") { throw new Exception(\"Test failed!\"); }\n}\n\ntest();",
      "timestamp": 1666123798,
      "stdout": "Q\nFatal error: Uncaught Exception: Test failed! in /tmp/tmp39sw6j74.php:17\nStack trace:\n#0 /tmp/tmp39sw6j74.php(22): test()\n#1 {main}\n  thrown in /tmp/tmp39sw6j74.php on line 17\n",
      "stderr": "",
      "exit_code": 255,
      "status": "Exception"
    },
    {
      "program": "<?php\n// Write a python function to find the character made by adding the ASCII value of all the characters of the given string modulo 26.\nfunction get_Char($strr) {\n    $str = strtolower($strr);\n    $sum = 0;\n    for ($i = 0; $i < strlen($str); $i++) {\n        $sum += ord($str[$i]);\n    }\n    $sum = $sum % 26;\n    return chr($sum + 97);\n}\n\n$str = \"abc\";\necho get_Char($str);\nfunction candidate(...$args) {\n    return get_Char(...$args);\n}\n\nfunction test(): void {\n    if (candidate(\"abc\") !== \"f\") { throw new Exception(\"Test failed!\"); }\n    if (candidate(\"gfg\") !== \"t\") { throw new Exception(\"Test failed!\"); }\n    if (candidate(\"ab\") !== \"c\") { throw new Exception(\"Test failed!\"); }\n}\n\ntest();",
      "timestamp": 1666123798,
      "stdout": "i\nFatal error: Uncaught Exception: Test failed! in /tmp/tmp2ggxmrna.php:20\nStack trace:\n#0 /tmp/tmp2ggxmrna.php(25): test()\n#1 {main}\n  thrown in /tmp/tmp2ggxmrna.php on line 20\n",
      "stderr": "",
      "exit_code": 255,
      "status": "Exception"
    },
    {
      "program": "<?php\n// Write a python function to find the character made by adding the ASCII value of all the characters of the given string modulo 26.\nfunction get_Char($strr) {\n    $sum = 0;\n    for ($i = 0; $i < strlen($strr); $i++) {\n        $sum += ord($strr[$i]);\n    }\n    $sum = $sum % 26;\n    return chr($sum + 97);\n}\n\necho get_Char(\"abcd\");\nfunction candidate(...$args) {\n    return get_Char(...$args);\n}\n\nfunction test(): void {\n    if (candidate(\"abc\") !== \"f\") { throw new Exception(\"Test failed!\"); }\n    if (candidate(\"gfg\") !== \"t\") { throw new Exception(\"Test failed!\"); }\n    if (candidate(\"ab\") !== \"c\") { throw new Exception(\"Test failed!\"); }\n}\n\ntest();",
      "timestamp": 1666123798,
      "stdout": "e\nFatal error: Uncaught Exception: Test failed! in /tmp/tmpyby9haiu.php:18\nStack trace:\n#0 /tmp/tmpyby9haiu.php(23): test()\n#1 {main}\n  thrown in /tmp/tmpyby9haiu.php on line 18\n",
      "stderr": "",
      "exit_code": 255,
      "status": "Exception"
    },
    {
      "program": "<?php\n// Write a python function to find the character made by adding the ASCII value of all the characters of the given string modulo 26.\nfunction get_Char($strr) {\n    $sum = 0;\n    for ($i = 0; $i < strlen($strr); $i++) {\n        $sum += ord($strr[$i]);\n    }\n    return chr($sum % 26 + 65);\n}\necho get_Char(\"ABCD\");\nfunction candidate(...$args) {\n    return get_Char(...$args);\n}\n\nfunction test(): void {\n    if (candidate(\"abc\") !== \"f\") { throw new Exception(\"Test failed!\"); }\n    if (candidate(\"gfg\") !== \"t\") { throw new Exception(\"Test failed!\"); }\n    if (candidate(\"ab\") !== \"c\") { throw new Exception(\"Test failed!\"); }\n}\n\ntest();",
      "timestamp": 1666123798,
      "stdout": "G\nFatal error: Uncaught Exception: Test failed! in /tmp/tmpesi1gukt.php:16\nStack trace:\n#0 /tmp/tmpesi1gukt.php(21): test()\n#1 {main}\n  thrown in /tmp/tmpesi1gukt.php on line 16\n",
      "stderr": "",
      "exit_code": 255,
      "status": "Exception"
    },
    {
      "program": "<?php\n// Write a python function to find the character made by adding the ASCII value of all the characters of the given string modulo 26.\nfunction get_Char($strr) {\n    $str = strtolower($strr);\n    $sum = 0;\n    for ($i = 0; $i < strlen($str); $i++) {\n        $sum += ord($str[$i]) - 96;\n    }\n    return chr($sum % 26 + 96);\n}\necho get_Char(\"abcd\");\nfunction candidate(...$args) {\n    return get_Char(...$args);\n}\n\nfunction test(): void {\n    if (candidate(\"abc\") !== \"f\") { throw new Exception(\"Test failed!\"); }\n    if (candidate(\"gfg\") !== \"t\") { throw new Exception(\"Test failed!\"); }\n    if (candidate(\"ab\") !== \"c\") { throw new Exception(\"Test failed!\"); }\n}\n\ntest();",
      "timestamp": 1666123798,
      "stdout": "j",
      "stderr": "",
      "exit_code": 0,
      "status": "OK"
    },
    {
      "program": "<?php\n// Write a python function to find the character made by adding the ASCII value of all the characters of the given string modulo 26.\nfunction get_Char($strr) {\n    $str = strtolower($strr);\n    $sum = 0;\n    for ($i = 0; $i < strlen($str); $i++) {\n        $sum += ord($str[$i]);\n    }\n    $sum = $sum % 26;\n    return chr($sum + 97);\n}\n\necho get_Char(\"abc\");\nfunction candidate(...$args) {\n    return get_Char(...$args);\n}\n\nfunction test(): void {\n    if (candidate(\"abc\") !== \"f\") { throw new Exception(\"Test failed!\"); }\n    if (candidate(\"gfg\") !== \"t\") { throw new Exception(\"Test failed!\"); }\n    if (candidate(\"ab\") !== \"c\") { throw new Exception(\"Test failed!\"); }\n}\n\ntest();",
      "timestamp": 1666123798,
      "stdout": "i\nFatal error: Uncaught Exception: Test failed! in /tmp/tmp6ql9zleb.php:19\nStack trace:\n#0 /tmp/tmp6ql9zleb.php(24): test()\n#1 {main}\n  thrown in /tmp/tmp6ql9zleb.php on line 19\n",
      "stderr": "",
      "exit_code": 255,
      "status": "Exception"
    },
    {
      "program": "<?php\n// Write a python function to find the character made by adding the ASCII value of all the characters of the given string modulo 26.\nfunction get_Char($strr) {\n    $sum = 0;\n    $str = strtolower($strr);\n    for ($i = 0; $i < strlen($str); $i++) {\n        $sum += ord($str[$i]);\n    }\n    return chr($sum % 26 + 97);\n}\necho get_Char(\"abcd\");\nfunction candidate(...$args) {\n    return get_Char(...$args);\n}\n\nfunction test(): void {\n    if (candidate(\"abc\") !== \"f\") { throw new Exception(\"Test failed!\"); }\n    if (candidate(\"gfg\") !== \"t\") { throw new Exception(\"Test failed!\"); }\n    if (candidate(\"ab\") !== \"c\") { throw new Exception(\"Test failed!\"); }\n}\n\ntest();",
      "timestamp": 1666123798,
      "stdout": "e\nFatal error: Uncaught Exception: Test failed! in /tmp/tmprjxk54ar.php:17\nStack trace:\n#0 /tmp/tmprjxk54ar.php(22): test()\n#1 {main}\n  thrown in /tmp/tmprjxk54ar.php on line 17\n",
      "stderr": "",
      "exit_code": 255,
      "status": "Exception"
    },
    {
      "program": "<?php\n// Write a python function to find the character made by adding the ASCII value of all the characters of the given string modulo 26.\nfunction get_Char($strr) {\n    $str = str_split($strr);\n    $sum = 0;\n    foreach ($str as $value) {\n        $sum += ord($value);\n    }\n    $sum = $sum % 26;\n    return chr($sum + 65);\n}\necho get_Char(\"abc\");\nfunction candidate(...$args) {\n    return get_Char(...$args);\n}\n\nfunction test(): void {\n    if (candidate(\"abc\") !== \"f\") { throw new Exception(\"Test failed!\"); }\n    if (candidate(\"gfg\") !== \"t\") { throw new Exception(\"Test failed!\"); }\n    if (candidate(\"ab\") !== \"c\") { throw new Exception(\"Test failed!\"); }\n}\n\ntest();",
      "timestamp": 1666123798,
      "stdout": "I\nFatal error: Uncaught Exception: Test failed! in /tmp/tmph7h6czfn.php:18\nStack trace:\n#0 /tmp/tmph7h6czfn.php(23): test()\n#1 {main}\n  thrown in /tmp/tmph7h6czfn.php on line 18\n",
      "stderr": "",
      "exit_code": 255,
      "status": "Exception"
    },
    {
      "program": "<?php\n// Write a python function to find the character made by adding the ASCII value of all the characters of the given string modulo 26.\nfunction get_Char($strr) {\n    $str = strtolower($strr);\n    $len = strlen($str);\n    $sum = 0;\n    for ($i = 0; $i < $len; $i++) {\n        $sum = $sum + ord($str[$i]);\n    }\n    $sum = $sum % 26;\n    $ch = chr($sum + 97);\n    return $ch;\n}\n\n$str = \"abc\";\necho get_Char($str);\nfunction candidate(...$args) {\n    return get_Char(...$args);\n}\n\nfunction test(): void {\n    if (candidate(\"abc\") !== \"f\") { throw new Exception(\"Test failed!\"); }\n    if (candidate(\"gfg\") !== \"t\") { throw new Exception(\"Test failed!\"); }\n    if (candidate(\"ab\") !== \"c\") { throw new Exception(\"Test failed!\"); }\n}\n\ntest();",
      "timestamp": 1666123798,
      "stdout": "i\nFatal error: Uncaught Exception: Test failed! in /tmp/tmpox75ivau.php:22\nStack trace:\n#0 /tmp/tmpox75ivau.php(27): test()\n#1 {main}\n  thrown in /tmp/tmpox75ivau.php on line 22\n",
      "stderr": "",
      "exit_code": 255,
      "status": "Exception"
    },
    {
      "program": "<?php\n// Write a python function to find the character made by adding the ASCII value of all the characters of the given string modulo 26.\nfunction get_Char($strr) {\n    $str = strtolower($strr);\n    $sum = 0;\n    for ($i = 0; $i < strlen($str); $i++) {\n        $sum += ord($str[$i]);\n    }\n    $sum = $sum % 26;\n    return chr($sum + 97);\n}\n\n$str = \"abc\";\necho get_Char($str);\nfunction candidate(...$args) {\n    return get_Char(...$args);\n}\n\nfunction test(): void {\n    if (candidate(\"abc\") !== \"f\") { throw new Exception(\"Test failed!\"); }\n    if (candidate(\"gfg\") !== \"t\") { throw new Exception(\"Test failed!\"); }\n    if (candidate(\"ab\") !== \"c\") { throw new Exception(\"Test failed!\"); }\n}\n\ntest();",
      "timestamp": 1666123798,
      "stdout": "i\nFatal error: Uncaught Exception: Test failed! in /tmp/tmp2ggxmrna.php:20\nStack trace:\n#0 /tmp/tmp2ggxmrna.php(25): test()\n#1 {main}\n  thrown in /tmp/tmp2ggxmrna.php on line 20\n",
      "stderr": "",
      "exit_code": 255,
      "status": "Exception"
    },
    {
      "program": "<?php\n// Write a python function to find the character made by adding the ASCII value of all the characters of the given string modulo 26.\nfunction get_Char($strr) {\n    $str = strtolower($strr);\n    $sum = 0;\n    for ($i = 0; $i < strlen($str); $i++) {\n        $sum += ord($str[$i]) - 96;\n    }\n    $sum = $sum % 26;\n    if ($sum == 0) {\n        $sum = 26;\n    }\n    return chr($sum + 96);\n}\n\necho get_Char(\"abc\");\nfunction candidate(...$args) {\n    return get_Char(...$args);\n}\n\nfunction test(): void {\n    if (candidate(\"abc\") !== \"f\") { throw new Exception(\"Test failed!\"); }\n    if (candidate(\"gfg\") !== \"t\") { throw new Exception(\"Test failed!\"); }\n    if (candidate(\"ab\") !== \"c\") { throw new Exception(\"Test failed!\"); }\n}\n\ntest();",
      "timestamp": 1666123798,
      "stdout": "f",
      "stderr": "",
      "exit_code": 0,
      "status": "OK"
    },
    {
      "program": "<?php\n// Write a python function to find the character made by adding the ASCII value of all the characters of the given string modulo 26.\nfunction get_Char($strr) {\n    $str = strtolower($strr);\n    $sum = 0;\n    for ($i = 0; $i < strlen($str); $i++) {\n        $sum += ord($str[$i]);\n    }\n    $sum = $sum % 26;\n    return chr($sum + 97);\n}\n\n$str = \"abc\";\necho get_Char($str);\nfunction candidate(...$args) {\n    return get_Char(...$args);\n}\n\nfunction test(): void {\n    if (candidate(\"abc\") !== \"f\") { throw new Exception(\"Test failed!\"); }\n    if (candidate(\"gfg\") !== \"t\") { throw new Exception(\"Test failed!\"); }\n    if (candidate(\"ab\") !== \"c\") { throw new Exception(\"Test failed!\"); }\n}\n\ntest();",
      "timestamp": 1666123798,
      "stdout": "i\nFatal error: Uncaught Exception: Test failed! in /tmp/tmp2ggxmrna.php:20\nStack trace:\n#0 /tmp/tmp2ggxmrna.php(25): test()\n#1 {main}\n  thrown in /tmp/tmp2ggxmrna.php on line 20\n",
      "stderr": "",
      "exit_code": 255,
      "status": "Exception"
    },
    {
      "program": "<?php\n// Write a python function to find the character made by adding the ASCII value of all the characters of the given string modulo 26.\nfunction get_Char($strr) {\n    $str = strtolower($strr);\n    $sum = 0;\n    for ($i = 0; $i < strlen($str); $i++) {\n        $sum += ord($str[$i]);\n    }\n    $sum = $sum % 26;\n    return chr($sum + 97);\n}\n\necho get_Char(\"abc\");\nfunction candidate(...$args) {\n    return get_Char(...$args);\n}\n\nfunction test(): void {\n    if (candidate(\"abc\") !== \"f\") { throw new Exception(\"Test failed!\"); }\n    if (candidate(\"gfg\") !== \"t\") { throw new Exception(\"Test failed!\"); }\n    if (candidate(\"ab\") !== \"c\") { throw new Exception(\"Test failed!\"); }\n}\n\ntest();",
      "timestamp": 1666123798,
      "stdout": "i\nFatal error: Uncaught Exception: Test failed! in /tmp/tmp6ql9zleb.php:19\nStack trace:\n#0 /tmp/tmp6ql9zleb.php(24): test()\n#1 {main}\n  thrown in /tmp/tmp6ql9zleb.php on line 19\n",
      "stderr": "",
      "exit_code": 255,
      "status": "Exception"
    },
    {
      "program": "<?php\n// Write a python function to find the character made by adding the ASCII value of all the characters of the given string modulo 26.\nfunction get_Char($strr) {\n    $str = strtolower($strr);\n    $sum = 0;\n    for ($i = 0; $i < strlen($str); $i++) {\n        $sum += ord($str[$i]);\n    }\n    $sum = $sum % 26;\n    return chr($sum + 97);\n}\n\necho get_Char(\"abc\");\nfunction candidate(...$args) {\n    return get_Char(...$args);\n}\n\nfunction test(): void {\n    if (candidate(\"abc\") !== \"f\") { throw new Exception(\"Test failed!\"); }\n    if (candidate(\"gfg\") !== \"t\") { throw new Exception(\"Test failed!\"); }\n    if (candidate(\"ab\") !== \"c\") { throw new Exception(\"Test failed!\"); }\n}\n\ntest();",
      "timestamp": 1666123798,
      "stdout": "i\nFatal error: Uncaught Exception: Test failed! in /tmp/tmp6ql9zleb.php:19\nStack trace:\n#0 /tmp/tmp6ql9zleb.php(24): test()\n#1 {main}\n  thrown in /tmp/tmp6ql9zleb.php on line 19\n",
      "stderr": "",
      "exit_code": 255,
      "status": "Exception"
    },
    {
      "program": "<?php\n// Write a python function to find the character made by adding the ASCII value of all the characters of the given string modulo 26.\nfunction get_Char($strr) {\n    $str = strtolower($strr);\n    $sum = 0;\n    for ($i = 0; $i < strlen($str); $i++) {\n        $sum += ord($str[$i]);\n    }\n    $sum = $sum % 26;\n    return chr($sum + 97);\n}\n\necho get_Char(\"abc\");\necho \"\\n\";\necho get_Char(\"xyz\");\necho \"\\n\";\necho get_Char(\"abcxyz\");\necho \"\\n\";\necho get_Char(\"abcxyzabc\");\necho \"\\n\";\necho get_Char(\"abcxyzabcxyz\");\necho \"\\n\";\necho get_Char(\"abcxyzabcxyzabc\");\necho \"\\n\";\necho get_Char(\"abcxyzabcxyzabcxyz\");\necho \"\\n\";\necho get_Char(\"abcxyzabcxyzabcxyzabc\");\necho \"\\n\";\necho get_Char(\"abcxyzabcxyzabcxyzabcxyz\");\necho \"\\n\";\necho get_Char(\"abcxyzabcxyzabcxyzabcxyzabc\");\necho \"\\n\";\necho get_Char(\"abcxyzabcxyzabcxyzabcxyzabcxyz\");\necho \"\\n\";\necho get_Char(\"abcxyzabcxyzabcxyzabcxyzabcxyzabc\");\necho \"\\n\";\necho get_Char(\"abcxyzabcxyzabcxyzabcxyzabcxyzabcxyz\");\necho \"\\n\";\necho get_Char(\"abcxyzabcxyzabcxyzabcxyzabcxyzabcxyzabc\");\necho \"\\n\";\necho get_Char(\"abcxyzabcxyzabcxyzabcxyzabcxyzabcxyzabcxyz\");\necho \"\\n\";\necho get_Char(\"abcxyzabcxyzabcxyzabcxyzabcxyzabcxyzabcxyzabc\");\necho \"\\n\";\necho get_Char(\"abcxyzabcxyzabcxyzabcxyzabcxyzabcxyzabcxyzabcxyz\");\necho \"\\n\";\necho get_Char(\"abcxyzabcxyzabcxyzabcxyzabcxyzabcxyzabcxyzabc\nfunction candidate(...$args) {\n    return get_Char(...$args);\n}\n\nfunction test(): void {\n    if (candidate(\"abc\") !== \"f\") { throw new Exception(\"Test failed!\"); }\n    if (candidate(\"gfg\") !== \"t\") { throw new Exception(\"Test failed!\"); }\n    if (candidate(\"ab\") !== \"c\") { throw new Exception(\"Test failed!\"); }\n}\n\ntest();",
      "timestamp": 1666123798,
      "stdout": "\nParse error: syntax error, unexpected identifier \"abc\", expecting \")\" in /tmp/tmpfls3nheg.php on line 53\n",
      "stderr": "",
      "exit_code": 255,
      "status": "Exception"
    },
    {
      "program": "<?php\n// Write a python function to find the character made by adding the ASCII value of all the characters of the given string modulo 26.\nfunction get_Char($strr) {\n    $str = strtolower($strr);\n    $sum = 0;\n    for ($i = 0; $i < strlen($str); $i++) {\n        $sum += ord($str[$i]);\n    }\n    $sum = $sum % 26;\n    return chr($sum + 97);\n}\necho get_Char(\"abc\");\nfunction candidate(...$args) {\n    return get_Char(...$args);\n}\n\nfunction test(): void {\n    if (candidate(\"abc\") !== \"f\") { throw new Exception(\"Test failed!\"); }\n    if (candidate(\"gfg\") !== \"t\") { throw new Exception(\"Test failed!\"); }\n    if (candidate(\"ab\") !== \"c\") { throw new Exception(\"Test failed!\"); }\n}\n\ntest();",
      "timestamp": 1666123798,
      "stdout": "i\nFatal error: Uncaught Exception: Test failed! in /tmp/tmpr_10rzme.php:18\nStack trace:\n#0 /tmp/tmpr_10rzme.php(23): test()\n#1 {main}\n  thrown in /tmp/tmpr_10rzme.php on line 18\n",
      "stderr": "",
      "exit_code": 255,
      "status": "Exception"
    },
    {
      "program": "<?php\n// Write a python function to find the character made by adding the ASCII value of all the characters of the given string modulo 26.\nfunction get_Char($strr) {\n    $str = str_split($strr);\n    $sum = 0;\n    foreach ($str as $key => $value) {\n        $sum += ord($value);\n    }\n    $result = $sum % 26;\n    return chr($result + 97);\n}\n\necho get_Char(\"abc\");\nfunction candidate(...$args) {\n    return get_Char(...$args);\n}\n\nfunction test(): void {\n    if (candidate(\"abc\") !== \"f\") { throw new Exception(\"Test failed!\"); }\n    if (candidate(\"gfg\") !== \"t\") { throw new Exception(\"Test failed!\"); }\n    if (candidate(\"ab\") !== \"c\") { throw new Exception(\"Test failed!\"); }\n}\n\ntest();",
      "timestamp": 1666123798,
      "stdout": "i\nFatal error: Uncaught Exception: Test failed! in /tmp/tmpbiod4j5_.php:19\nStack trace:\n#0 /tmp/tmpbiod4j5_.php(24): test()\n#1 {main}\n  thrown in /tmp/tmpbiod4j5_.php on line 19\n",
      "stderr": "",
      "exit_code": 255,
      "status": "Exception"
    },
    {
      "program": "<?php\n// Write a python function to find the character made by adding the ASCII value of all the characters of the given string modulo 26.\nfunction get_Char($strr) {\n    $str = strtolower($strr);\n    $sum = 0;\n    for ($i = 0; $i < strlen($str); $i++) {\n        $sum += ord($str[$i]);\n    }\n    $sum = $sum % 26;\n    return chr($sum + 97);\n}\n\necho get_Char(\"abc\");\necho \"\\n\";\necho get_Char(\"abcd\");\necho \"\\n\";\necho get_Char(\"abcde\");\necho \"\\n\";\necho get_Char(\"abcdef\");\necho \"\\n\";\necho get_Char(\"abcdefg\");\necho \"\\n\";\necho get_Char(\"abcdefgh\");\necho \"\\n\";\necho get_Char(\"abcdefghi\");\necho \"\\n\";\necho get_Char(\"abcdefghij\");\necho \"\\n\";\necho get_Char(\"abcdefghijk\");\necho \"\\n\";\necho get_Char(\"abcdefghijkl\");\necho \"\\n\";\necho get_Char(\"abcdefghijklm\");\necho \"\\n\";\necho get_Char(\"abcdefghijklmn\");\necho \"\\n\";\necho get_Char(\"abcdefghijklmno\");\necho \"\\n\";\necho get_Char(\"abcdefghijklmnop\");\necho \"\\n\";\necho get_Char(\"abcdefghijklmnopq\");\necho \"\\n\";\necho get_Char(\"abcdefghijklmnopqr\");\necho \"\\n\";\necho get_Char(\"abcdefghijklmnopqrs\");\necho \"\\n\";\necho get_Char(\"abcdefghijklmnopqrst\");\necho \"\\n\";\necho get_Char(\"abcdefghijklmnopqrstu\");\necho \"\\n\";\necho get_Char(\"abcdefghijklmnopqrstuv\");\necho \"\\n\";\necho get_Char(\"abcdefghijklmnopqrstuvw\");\necho \"\\n\";\necho get_Char(\"abcdefghijklmnopqrstuvwx\");\necho \"\\n\";\necho get_Char(\"abcdefghijklmnopqrstuvwxy\");\necho \"\\n\";\necho get_Char(\"abc\nfunction candidate(...$args) {\n    return get_Char(...$args);\n}\n\nfunction test(): void {\n    if (candidate(\"abc\") !== \"f\") { throw new Exception(\"Test failed!\"); }\n    if (candidate(\"gfg\") !== \"t\") { throw new Exception(\"Test failed!\"); }\n    if (candidate(\"ab\") !== \"c\") { throw new Exception(\"Test failed!\"); }\n}\n\ntest();",
      "timestamp": 1666123798,
      "stdout": "\nParse error: syntax error, unexpected identifier \"abc\", expecting \")\" in /tmp/tmp17gzfb8c.php on line 65\n",
      "stderr": "",
      "exit_code": 255,
      "status": "Exception"
    },
    {
      "program": "<?php\n// Write a python function to find the character made by adding the ASCII value of all the characters of the given string modulo 26.\nfunction get_Char($strr) {\n    $sum = 0;\n    for ($i = 0; $i < strlen($strr); $i++) {\n        $sum += ord($strr[$i]);\n    }\n    $sum = $sum % 26;\n    return chr($sum + 65);\n}\necho get_Char(\"abc\");\nfunction candidate(...$args) {\n    return get_Char(...$args);\n}\n\nfunction test(): void {\n    if (candidate(\"abc\") !== \"f\") { throw new Exception(\"Test failed!\"); }\n    if (candidate(\"gfg\") !== \"t\") { throw new Exception(\"Test failed!\"); }\n    if (candidate(\"ab\") !== \"c\") { throw new Exception(\"Test failed!\"); }\n}\n\ntest();",
      "timestamp": 1666123798,
      "stdout": "I\nFatal error: Uncaught Exception: Test failed! in /tmp/tmpu79l08my.php:17\nStack trace:\n#0 /tmp/tmpu79l08my.php(22): test()\n#1 {main}\n  thrown in /tmp/tmpu79l08my.php on line 17\n",
      "stderr": "",
      "exit_code": 255,
      "status": "Exception"
    },
    {
      "program": "<?php\n// Write a python function to find the character made by adding the ASCII value of all the characters of the given string modulo 26.\nfunction get_Char($strr) {\n    $strr = strtolower($strr);\n    $sum = 0;\n    for ($i = 0; $i < strlen($strr); $i++) {\n        $sum += ord($strr[$i]);\n    }\n    $sum = $sum % 26;\n    return chr($sum + 97);\n}\n\necho get_Char(\"abc\");\nfunction candidate(...$args) {\n    return get_Char(...$args);\n}\n\nfunction test(): void {\n    if (candidate(\"abc\") !== \"f\") { throw new Exception(\"Test failed!\"); }\n    if (candidate(\"gfg\") !== \"t\") { throw new Exception(\"Test failed!\"); }\n    if (candidate(\"ab\") !== \"c\") { throw new Exception(\"Test failed!\"); }\n}\n\ntest();",
      "timestamp": 1665509673,
      "stdout": "i\nFatal error: Uncaught Exception: Test failed! in /tmp/tmp0strgvww.php:19\nStack trace:\n#0 /tmp/tmp0strgvww.php(24): test()\n#1 {main}\n  thrown in /tmp/tmp0strgvww.php on line 19\n",
      "stderr": "",
      "exit_code": 255,
      "status": "Exception"
    },
    {
      "program": "<?php\n// Write a python function to find the character made by adding the ASCII value of all the characters of the given string modulo 26.\nfunction get_Char($strr) {\n    $str = strtolower($strr);\n    $sum = 0;\n    for ($i=0; $i < strlen($str); $i++) { \n        $sum += ord($str[$i]);\n    }\n    $sum = $sum % 26;\n    return chr($sum + 97);\n}\n\necho get_Char('abc');\necho \"\\n\";\necho get_Char('abcdefghijklmnopqrstuvwxyz');\necho \"\\n\";\necho get_Char('abcdefghijklmnopqrstuvwxyzabcdefghijklmnopqrstuvwxyz');\necho \"\\n\";\necho get_Char('abcdefghijklmnopqrstuvwxyzabcdefghijklmnopqrstuvwxyzabcdefghijklmnopqrstuvwxyz');\necho \"\\n\";\necho get_Char('abcdefghijklmnopqrstuvwxyzabcdefghijklmnopqrstuvwxyzabcdefghijklmnopqrstuvwxyzabcdefghijklmnopqrstuvwxyz');\necho \"\\n\";\necho get_Char('abcdefghijklmnopqrstuvwxyzabcdefghijklmnopqrstuvwxyzabcdefghijklmnopqrstuvwxyzabcdefghijklmnopqrstuvwxyzabcdefghijklmnopqrstuvwxyz');\necho \"\\n\";\necho get_Char('abcdefghijklmnopqrstuvwxyzabcdefghijklmnopqrstuvwxyzabcdefghijklmnopqrstuvwxyzabcdefghijklmnopqrstuvwxyzabcdefghijklmnopqrstuvwxyzabcdefghijklmnopqrstuvwxyz');\necho \"\\n\";\necho get_Char('abcdefghijklmnopqrstuvwxyzabcdefghijklmnopqrstuvwxyzabcdefghijklmnopqrstuvwxyzabcdefghijklmn\nfunction candidate(...$args) {\n    return get_Char(...$args);\n}\n\nfunction test(): void {\n    if (candidate(\"abc\") !== \"f\") { throw new Exception(\"Test failed!\"); }\n    if (candidate(\"gfg\") !== \"t\") { throw new Exception(\"Test failed!\"); }\n    if (candidate(\"ab\") !== \"c\") { throw new Exception(\"Test failed!\"); }\n}\n\ntest();",
      "timestamp": 1666123798,
      "stdout": "\nParse error: syntax error, unexpected string content \"abcdefghijklmnopqrstuvwxyzabcd...\" in /tmp/tmp87n9bzcy.php on line 27\n",
      "stderr": "",
      "exit_code": 255,
      "status": "Exception"
    },
    {
      "program": "<?php\n// Write a python function to find the character made by adding the ASCII value of all the characters of the given string modulo 26.\nfunction get_Char($strr) {\n    $sum = 0;\n    for ($i = 0; $i < strlen($strr); $i++) {\n        $sum += ord($strr[$i]);\n    }\n    return chr($sum % 26 + 65);\n}\necho get_Char(\"abc\");\nfunction candidate(...$args) {\n    return get_Char(...$args);\n}\n\nfunction test(): void {\n    if (candidate(\"abc\") !== \"f\") { throw new Exception(\"Test failed!\"); }\n    if (candidate(\"gfg\") !== \"t\") { throw new Exception(\"Test failed!\"); }\n    if (candidate(\"ab\") !== \"c\") { throw new Exception(\"Test failed!\"); }\n}\n\ntest();",
      "timestamp": 1666123798,
      "stdout": "I\nFatal error: Uncaught Exception: Test failed! in /tmp/tmpa6ehf7i5.php:16\nStack trace:\n#0 /tmp/tmpa6ehf7i5.php(21): test()\n#1 {main}\n  thrown in /tmp/tmpa6ehf7i5.php on line 16\n",
      "stderr": "",
      "exit_code": 255,
      "status": "Exception"
    },
    {
      "program": "<?php\n// Write a python function to find the character made by adding the ASCII value of all the characters of the given string modulo 26.\nfunction get_Char($strr) {\n    $str = strtolower($strr);\n    $str_arr = str_split($str);\n    $sum = 0;\n    foreach($str_arr as $char) {\n        $sum += ord($char);\n    }\n    $sum = $sum % 26;\n    return chr($sum + 97);\n}\n\necho get_Char(\"abc\");\nfunction candidate(...$args) {\n    return get_Char(...$args);\n}\n\nfunction test(): void {\n    if (candidate(\"abc\") !== \"f\") { throw new Exception(\"Test failed!\"); }\n    if (candidate(\"gfg\") !== \"t\") { throw new Exception(\"Test failed!\"); }\n    if (candidate(\"ab\") !== \"c\") { throw new Exception(\"Test failed!\"); }\n}\n\ntest();",
      "timestamp": 1666123798,
      "stdout": "i\nFatal error: Uncaught Exception: Test failed! in /tmp/tmpc16pr_qa.php:20\nStack trace:\n#0 /tmp/tmpc16pr_qa.php(25): test()\n#1 {main}\n  thrown in /tmp/tmpc16pr_qa.php on line 20\n",
      "stderr": "",
      "exit_code": 255,
      "status": "Exception"
    },
    {
      "program": "<?php\n// Write a python function to find the character made by adding the ASCII value of all the characters of the given string modulo 26.\nfunction get_Char($strr) {\n    $strr = strtolower($strr);\n    $strr = str_split($strr);\n    $sum = 0;\n    foreach ($strr as $key => $value) {\n        $sum += ord($value);\n    }\n    return chr($sum % 26 + 97);\n}\n\necho get_Char(\"abc\");\necho \"\\n\";\necho get_Char(\"abcd\");\necho \"\\n\";\necho get_Char(\"abcde\");\necho \"\\n\";\necho get_Char(\"abcdef\");\necho \"\\n\";\necho get_Char(\"abcdefg\");\necho \"\\n\";\necho get_Char(\"abcdefgh\");\necho \"\\n\";\necho get_Char(\"abcdefghi\");\necho \"\\n\";\necho get_Char(\"abcdefghij\");\necho \"\\n\";\necho get_Char(\"abcdefghijk\");\necho \"\\n\";\necho get_Char(\"abcdefghijkl\");\necho \"\\n\";\necho get_Char(\"abcdefghijklm\");\necho \"\\n\";\necho get_Char(\"abcdefghijklmn\");\necho \"\\n\";\necho get_Char(\"abcdefghijklmno\");\necho \"\\n\";\necho get_Char(\"abcdefghijklmnop\");\necho \"\\n\";\necho get_Char(\"abcdefghijklmnopq\");\necho \"\\n\";\necho get_Char(\"abcdefghijklmnopqr\");\necho \"\\n\";\necho get_Char(\"abcdefghijklmnopqrs\");\necho \"\\n\";\necho get_Char(\"abcdefghijklmnopqrst\");\necho \"\\n\";\necho get_Char(\"abcdefghijklmnopqrstu\");\necho \"\\n\";\necho get_Char(\"abcdefghijklmnopqrstuv\");\necho \"\\n\";\necho get_Char(\"abcdefghijklmnopqrstuvw\");\necho \"\\n\";\necho get_Char(\"abcdefghijklmnopqrstuvwx\");\necho \"\\n\";\necho get_Char(\"abcdefghijklmnopqrstuvwxy\");\necho \"\\n\";\necho get_Char(\"abcdefgh\nfunction candidate(...$args) {\n    return get_Char(...$args);\n}\n\nfunction test(): void {\n    if (candidate(\"abc\") !== \"f\") { throw new Exception(\"Test failed!\"); }\n    if (candidate(\"gfg\") !== \"t\") { throw new Exception(\"Test failed!\"); }\n    if (candidate(\"ab\") !== \"c\") { throw new Exception(\"Test failed!\"); }\n}\n\ntest();",
      "timestamp": 1666123798,
      "stdout": "\nParse error: syntax error, unexpected identifier \"abc\", expecting \")\" in /tmp/tmpnjj48c4m.php on line 65\n",
      "stderr": "",
      "exit_code": 255,
      "status": "Exception"
    },
    {
      "program": "<?php\n// Write a python function to find the character made by adding the ASCII value of all the characters of the given string modulo 26.\nfunction get_Char($strr) {\n    $sum = 0;\n    for ($i = 0; $i < strlen($strr); $i++) {\n        $sum += ord($strr[$i]);\n    }\n    return chr($sum % 26 + 65);\n}\n\necho get_Char(\"abc\");\nfunction candidate(...$args) {\n    return get_Char(...$args);\n}\n\nfunction test(): void {\n    if (candidate(\"abc\") !== \"f\") { throw new Exception(\"Test failed!\"); }\n    if (candidate(\"gfg\") !== \"t\") { throw new Exception(\"Test failed!\"); }\n    if (candidate(\"ab\") !== \"c\") { throw new Exception(\"Test failed!\"); }\n}\n\ntest();",
      "timestamp": 1665509673,
      "stdout": "I\nFatal error: Uncaught Exception: Test failed! in /tmp/tmp9767yiw1.php:17\nStack trace:\n#0 /tmp/tmp9767yiw1.php(22): test()\n#1 {main}\n  thrown in /tmp/tmp9767yiw1.php on line 17\n",
      "stderr": "",
      "exit_code": 255,
      "status": "Exception"
    },
    {
      "program": "<?php\n// Write a python function to find the character made by adding the ASCII value of all the characters of the given string modulo 26.\nfunction get_Char($strr) {\n    $str = strtolower($strr);\n    $len = strlen($str);\n    $sum = 0;\n    for($i = 0; $i < $len; $i++) {\n        $sum += ord($str[$i]);\n    }\n    $sum = $sum % 26;\n    return chr($sum + 97);\n}\n\n$str = \"abc\";\necho get_Char($str);\nfunction candidate(...$args) {\n    return get_Char(...$args);\n}\n\nfunction test(): void {\n    if (candidate(\"abc\") !== \"f\") { throw new Exception(\"Test failed!\"); }\n    if (candidate(\"gfg\") !== \"t\") { throw new Exception(\"Test failed!\"); }\n    if (candidate(\"ab\") !== \"c\") { throw new Exception(\"Test failed!\"); }\n}\n\ntest();",
      "timestamp": 1666123798,
      "stdout": "i\nFatal error: Uncaught Exception: Test failed! in /tmp/tmp54tlq59w.php:21\nStack trace:\n#0 /tmp/tmp54tlq59w.php(26): test()\n#1 {main}\n  thrown in /tmp/tmp54tlq59w.php on line 21\n",
      "stderr": "",
      "exit_code": 255,
      "status": "Exception"
    },
    {
      "program": "<?php\n// Write a python function to find the character made by adding the ASCII value of all the characters of the given string modulo 26.\nfunction get_Char($strr) {\n    $str = strtolower($strr);\n    $sum = 0;\n    for ($i = 0; $i < strlen($str); $i++) {\n        $sum += ord($str[$i]);\n    }\n    $sum = $sum % 26;\n    return chr($sum + 97);\n}\n\n$str = \"abc\";\necho get_Char($str);\nfunction candidate(...$args) {\n    return get_Char(...$args);\n}\n\nfunction test(): void {\n    if (candidate(\"abc\") !== \"f\") { throw new Exception(\"Test failed!\"); }\n    if (candidate(\"gfg\") !== \"t\") { throw new Exception(\"Test failed!\"); }\n    if (candidate(\"ab\") !== \"c\") { throw new Exception(\"Test failed!\"); }\n}\n\ntest();",
      "timestamp": 1666123798,
      "stdout": "i\nFatal error: Uncaught Exception: Test failed! in /tmp/tmp2ggxmrna.php:20\nStack trace:\n#0 /tmp/tmp2ggxmrna.php(25): test()\n#1 {main}\n  thrown in /tmp/tmp2ggxmrna.php on line 20\n",
      "stderr": "",
      "exit_code": 255,
      "status": "Exception"
    },
    {
      "program": "<?php\n// Write a python function to find the character made by adding the ASCII value of all the characters of the given string modulo 26.\nfunction get_Char($strr) {\n    $str = strtolower($strr);\n    $sum = 0;\n    for ($i = 0; $i < strlen($str); $i++) {\n        $sum += ord($str[$i]);\n    }\n    $sum = $sum % 26;\n    $sum += 97;\n    return chr($sum);\n}\n\necho get_Char(\"abc\");\nfunction candidate(...$args) {\n    return get_Char(...$args);\n}\n\nfunction test(): void {\n    if (candidate(\"abc\") !== \"f\") { throw new Exception(\"Test failed!\"); }\n    if (candidate(\"gfg\") !== \"t\") { throw new Exception(\"Test failed!\"); }\n    if (candidate(\"ab\") !== \"c\") { throw new Exception(\"Test failed!\"); }\n}\n\ntest();",
      "timestamp": 1666123798,
      "stdout": "i\nFatal error: Uncaught Exception: Test failed! in /tmp/tmpgs1b7kkz.php:20\nStack trace:\n#0 /tmp/tmpgs1b7kkz.php(25): test()\n#1 {main}\n  thrown in /tmp/tmpgs1b7kkz.php on line 20\n",
      "stderr": "",
      "exit_code": 255,
      "status": "Exception"
    },
    {
      "program": "<?php\n// Write a python function to find the character made by adding the ASCII value of all the characters of the given string modulo 26.\nfunction get_Char($strr) {\n    $sum = 0;\n    for ($i = 0; $i < strlen($strr); $i++) {\n        $sum += ord($strr[$i]);\n    }\n    return chr($sum % 26 + 65);\n}\n\necho get_Char(\"abc\");\nfunction candidate(...$args) {\n    return get_Char(...$args);\n}\n\nfunction test(): void {\n    if (candidate(\"abc\") !== \"f\") { throw new Exception(\"Test failed!\"); }\n    if (candidate(\"gfg\") !== \"t\") { throw new Exception(\"Test failed!\"); }\n    if (candidate(\"ab\") !== \"c\") { throw new Exception(\"Test failed!\"); }\n}\n\ntest();",
      "timestamp": 1665509673,
      "stdout": "I\nFatal error: Uncaught Exception: Test failed! in /tmp/tmp9767yiw1.php:17\nStack trace:\n#0 /tmp/tmp9767yiw1.php(22): test()\n#1 {main}\n  thrown in /tmp/tmp9767yiw1.php on line 17\n",
      "stderr": "",
      "exit_code": 255,
      "status": "Exception"
    },
    {
      "program": "<?php\n// Write a python function to find the character made by adding the ASCII value of all the characters of the given string modulo 26.\nfunction get_Char($strr) {\n    $sum = 0;\n    for ($i = 0; $i < strlen($strr); $i++) {\n        $sum += ord($strr[$i]);\n    }\n    return chr($sum % 26 + 65);\n}\n\necho get_Char(\"ABC\");\nfunction candidate(...$args) {\n    return get_Char(...$args);\n}\n\nfunction test(): void {\n    if (candidate(\"abc\") !== \"f\") { throw new Exception(\"Test failed!\"); }\n    if (candidate(\"gfg\") !== \"t\") { throw new Exception(\"Test failed!\"); }\n    if (candidate(\"ab\") !== \"c\") { throw new Exception(\"Test failed!\"); }\n}\n\ntest();",
      "timestamp": 1666123798,
      "stdout": "Q\nFatal error: Uncaught Exception: Test failed! in /tmp/tmpur3brj0w.php:17\nStack trace:\n#0 /tmp/tmpur3brj0w.php(22): test()\n#1 {main}\n  thrown in /tmp/tmpur3brj0w.php on line 17\n",
      "stderr": "",
      "exit_code": 255,
      "status": "Exception"
    },
    {
      "program": "<?php\n// Write a python function to find the character made by adding the ASCII value of all the characters of the given string modulo 26.\nfunction get_Char($strr) {\n    $sum = 0;\n    $str = strtolower($strr);\n    for ($i = 0; $i < strlen($str); $i++) {\n        $sum += ord($str[$i]);\n    }\n    return chr($sum % 26 + 97);\n}\n\nfunction candidate(...$args) {\n    return get_Char(...$args);\n}\n\nfunction test(): void {\n    if (candidate(\"abc\") !== \"f\") { throw new Exception(\"Test failed!\"); }\n    if (candidate(\"gfg\") !== \"t\") { throw new Exception(\"Test failed!\"); }\n    if (candidate(\"ab\") !== \"c\") { throw new Exception(\"Test failed!\"); }\n}\n\ntest();",
      "timestamp": 1666123798,
      "stdout": "\nFatal error: Uncaught Exception: Test failed! in /tmp/tmpisthhti4.php:17\nStack trace:\n#0 /tmp/tmpisthhti4.php(22): test()\n#1 {main}\n  thrown in /tmp/tmpisthhti4.php on line 17\n",
      "stderr": "",
      "exit_code": 255,
      "status": "Exception"
    },
    {
      "program": "<?php\n// Write a python function to find the character made by adding the ASCII value of all the characters of the given string modulo 26.\nfunction get_Char($strr) {\n    $str = strtolower($strr);\n    $sum = 0;\n    for ($i = 0; $i < strlen($str); $i++) {\n        $sum += ord($str[$i]);\n    }\n    $sum = $sum % 26;\n    $sum += 97;\n    return chr($sum);\n}\n\necho get_Char(\"abc\");\nfunction candidate(...$args) {\n    return get_Char(...$args);\n}\n\nfunction test(): void {\n    if (candidate(\"abc\") !== \"f\") { throw new Exception(\"Test failed!\"); }\n    if (candidate(\"gfg\") !== \"t\") { throw new Exception(\"Test failed!\"); }\n    if (candidate(\"ab\") !== \"c\") { throw new Exception(\"Test failed!\"); }\n}\n\ntest();",
      "timestamp": 1666123798,
      "stdout": "i\nFatal error: Uncaught Exception: Test failed! in /tmp/tmpgs1b7kkz.php:20\nStack trace:\n#0 /tmp/tmpgs1b7kkz.php(25): test()\n#1 {main}\n  thrown in /tmp/tmpgs1b7kkz.php on line 20\n",
      "stderr": "",
      "exit_code": 255,
      "status": "Exception"
    },
    {
      "program": "<?php\n// Write a python function to find the character made by adding the ASCII value of all the characters of the given string modulo 26.\nfunction get_Char($strr) {\n    $str = strtolower($strr);\n    $sum = 0;\n    for ($i = 0; $i < strlen($str); $i++) {\n        $sum += ord($str[$i]);\n    }\n    $sum = $sum % 26;\n    return chr($sum + 97);\n}\necho get_Char(\"abcd\");\nfunction candidate(...$args) {\n    return get_Char(...$args);\n}\n\nfunction test(): void {\n    if (candidate(\"abc\") !== \"f\") { throw new Exception(\"Test failed!\"); }\n    if (candidate(\"gfg\") !== \"t\") { throw new Exception(\"Test failed!\"); }\n    if (candidate(\"ab\") !== \"c\") { throw new Exception(\"Test failed!\"); }\n}\n\ntest();",
      "timestamp": 1665509673,
      "stdout": "e\nFatal error: Uncaught Exception: Test failed! in /tmp/tmp5sngtrp5.php:18\nStack trace:\n#0 /tmp/tmp5sngtrp5.php(23): test()\n#1 {main}\n  thrown in /tmp/tmp5sngtrp5.php on line 18\n",
      "stderr": "",
      "exit_code": 255,
      "status": "Exception"
    },
    {
      "program": "<?php\n// Write a python function to find the character made by adding the ASCII value of all the characters of the given string modulo 26.\nfunction get_Char($strr) {\n    $str = str_split($strr);\n    $sum = 0;\n    foreach ($str as $key => $value) {\n        $sum += ord($value);\n    }\n    return chr($sum % 26 + 65);\n}\n\necho get_Char(\"abc\");\nfunction candidate(...$args) {\n    return get_Char(...$args);\n}\n\nfunction test(): void {\n    if (candidate(\"abc\") !== \"f\") { throw new Exception(\"Test failed!\"); }\n    if (candidate(\"gfg\") !== \"t\") { throw new Exception(\"Test failed!\"); }\n    if (candidate(\"ab\") !== \"c\") { throw new Exception(\"Test failed!\"); }\n}\n\ntest();",
      "timestamp": 1666123798,
      "stdout": "I\nFatal error: Uncaught Exception: Test failed! in /tmp/tmprv41j23k.php:18\nStack trace:\n#0 /tmp/tmprv41j23k.php(23): test()\n#1 {main}\n  thrown in /tmp/tmprv41j23k.php on line 18\n",
      "stderr": "",
      "exit_code": 255,
      "status": "Exception"
    },
    {
      "program": "<?php\n// Write a python function to find the character made by adding the ASCII value of all the characters of the given string modulo 26.\nfunction get_Char($strr) {\n    $sum = 0;\n    for ($i = 0; $i < strlen($strr); $i++) {\n        $sum += ord($strr[$i]);\n    }\n    return chr($sum % 26 + 65);\n}\necho get_Char(\"ABC\");\nfunction candidate(...$args) {\n    return get_Char(...$args);\n}\n\nfunction test(): void {\n    if (candidate(\"abc\") !== \"f\") { throw new Exception(\"Test failed!\"); }\n    if (candidate(\"gfg\") !== \"t\") { throw new Exception(\"Test failed!\"); }\n    if (candidate(\"ab\") !== \"c\") { throw new Exception(\"Test failed!\"); }\n}\n\ntest();",
      "timestamp": 1665509673,
      "stdout": "Q\nFatal error: Uncaught Exception: Test failed! in /tmp/tmp_10btv_e.php:16\nStack trace:\n#0 /tmp/tmp_10btv_e.php(21): test()\n#1 {main}\n  thrown in /tmp/tmp_10btv_e.php on line 16\n",
      "stderr": "",
      "exit_code": 255,
      "status": "Exception"
    },
    {
      "program": "<?php\n// Write a python function to find the character made by adding the ASCII value of all the characters of the given string modulo 26.\nfunction get_Char($strr) {\n    $str = str_split($strr);\n    $sum = 0;\n    foreach ($str as $key => $value) {\n        $sum += ord($value);\n    }\n    $sum = $sum % 26;\n    return chr($sum + 65);\n}\n\necho get_Char('abc');\n\nfunction candidate(...$args) {\n    return get_Char(...$args);\n}\n\nfunction test(): void {\n    if (candidate(\"abc\") !== \"f\") { throw new Exception(\"Test failed!\"); }\n    if (candidate(\"gfg\") !== \"t\") { throw new Exception(\"Test failed!\"); }\n    if (candidate(\"ab\") !== \"c\") { throw new Exception(\"Test failed!\"); }\n}\n\ntest();",
      "timestamp": 1666123798,
      "stdout": "I\nFatal error: Uncaught Exception: Test failed! in /tmp/tmpmyx_96ge.php:20\nStack trace:\n#0 /tmp/tmpmyx_96ge.php(25): test()\n#1 {main}\n  thrown in /tmp/tmpmyx_96ge.php on line 20\n",
      "stderr": "",
      "exit_code": 255,
      "status": "Exception"
    },
    {
      "program": "<?php\n// Write a python function to find the character made by adding the ASCII value of all the characters of the given string modulo 26.\nfunction get_Char($strr) {\n    $sum = 0;\n    for ($i = 0; $i < strlen($strr); $i++) {\n        $sum += ord($strr[$i]);\n    }\n    return chr($sum % 26 + 65);\n}\necho get_Char(\"ABC\");\nfunction candidate(...$args) {\n    return get_Char(...$args);\n}\n\nfunction test(): void {\n    if (candidate(\"abc\") !== \"f\") { throw new Exception(\"Test failed!\"); }\n    if (candidate(\"gfg\") !== \"t\") { throw new Exception(\"Test failed!\"); }\n    if (candidate(\"ab\") !== \"c\") { throw new Exception(\"Test failed!\"); }\n}\n\ntest();",
      "timestamp": 1665509673,
      "stdout": "Q\nFatal error: Uncaught Exception: Test failed! in /tmp/tmp_10btv_e.php:16\nStack trace:\n#0 /tmp/tmp_10btv_e.php(21): test()\n#1 {main}\n  thrown in /tmp/tmp_10btv_e.php on line 16\n",
      "stderr": "",
      "exit_code": 255,
      "status": "Exception"
    },
    {
      "program": "<?php\n// Write a python function to find the character made by adding the ASCII value of all the characters of the given string modulo 26.\nfunction get_Char($strr) {\n    $strr = strtolower($strr);\n    $strr = str_split($strr);\n    $sum = 0;\n    foreach ($strr as $key => $value) {\n        $sum += ord($value);\n    }\n    $sum = $sum % 26;\n    return chr($sum + 97);\n}\necho get_Char(\"abc\");\nfunction candidate(...$args) {\n    return get_Char(...$args);\n}\n\nfunction test(): void {\n    if (candidate(\"abc\") !== \"f\") { throw new Exception(\"Test failed!\"); }\n    if (candidate(\"gfg\") !== \"t\") { throw new Exception(\"Test failed!\"); }\n    if (candidate(\"ab\") !== \"c\") { throw new Exception(\"Test failed!\"); }\n}\n\ntest();",
      "timestamp": 1666123798,
      "stdout": "i\nFatal error: Uncaught Exception: Test failed! in /tmp/tmpp_8hgrmq.php:19\nStack trace:\n#0 /tmp/tmpp_8hgrmq.php(24): test()\n#1 {main}\n  thrown in /tmp/tmpp_8hgrmq.php on line 19\n",
      "stderr": "",
      "exit_code": 255,
      "status": "Exception"
    },
    {
      "program": "<?php\n// Write a python function to find the character made by adding the ASCII value of all the characters of the given string modulo 26.\nfunction get_Char($strr) {\n    $str = strtolower($strr);\n    $sum = 0;\n    for ($i = 0; $i < strlen($str); $i++) {\n        $sum += ord($str[$i]);\n    }\n    $sum = $sum % 26;\n    return chr($sum + 97);\n}\necho get_Char(\"abc\");\nfunction candidate(...$args) {\n    return get_Char(...$args);\n}\n\nfunction test(): void {\n    if (candidate(\"abc\") !== \"f\") { throw new Exception(\"Test failed!\"); }\n    if (candidate(\"gfg\") !== \"t\") { throw new Exception(\"Test failed!\"); }\n    if (candidate(\"ab\") !== \"c\") { throw new Exception(\"Test failed!\"); }\n}\n\ntest();",
      "timestamp": 1666123798,
      "stdout": "i\nFatal error: Uncaught Exception: Test failed! in /tmp/tmpr_10rzme.php:18\nStack trace:\n#0 /tmp/tmpr_10rzme.php(23): test()\n#1 {main}\n  thrown in /tmp/tmpr_10rzme.php on line 18\n",
      "stderr": "",
      "exit_code": 255,
      "status": "Exception"
    },
    {
      "program": "<?php\n// Write a python function to find the character made by adding the ASCII value of all the characters of the given string modulo 26.\nfunction get_Char($strr) {\n    $str = strtolower($strr);\n    $sum = 0;\n    for ($i = 0; $i < strlen($str); $i++) {\n        $sum += ord($str[$i]);\n    }\n    $sum = $sum % 26;\n    return chr($sum + 97);\n}\n\necho get_Char(\"abc\");\nfunction candidate(...$args) {\n    return get_Char(...$args);\n}\n\nfunction test(): void {\n    if (candidate(\"abc\") !== \"f\") { throw new Exception(\"Test failed!\"); }\n    if (candidate(\"gfg\") !== \"t\") { throw new Exception(\"Test failed!\"); }\n    if (candidate(\"ab\") !== \"c\") { throw new Exception(\"Test failed!\"); }\n}\n\ntest();",
      "timestamp": 1666123798,
      "stdout": "i\nFatal error: Uncaught Exception: Test failed! in /tmp/tmp6ql9zleb.php:19\nStack trace:\n#0 /tmp/tmp6ql9zleb.php(24): test()\n#1 {main}\n  thrown in /tmp/tmp6ql9zleb.php on line 19\n",
      "stderr": "",
      "exit_code": 255,
      "status": "Exception"
    },
    {
      "program": "<?php\n// Write a python function to find the character made by adding the ASCII value of all the characters of the given string modulo 26.\nfunction get_Char($strr) {\n    $strr = strtolower($strr);\n    $sum = 0;\n    for ($i = 0; $i < strlen($strr); $i++) {\n        $sum += ord($strr[$i]);\n    }\n    $sum = $sum % 26;\n    return chr($sum + 97);\n}\n\necho get_Char(\"abc\");\nfunction candidate(...$args) {\n    return get_Char(...$args);\n}\n\nfunction test(): void {\n    if (candidate(\"abc\") !== \"f\") { throw new Exception(\"Test failed!\"); }\n    if (candidate(\"gfg\") !== \"t\") { throw new Exception(\"Test failed!\"); }\n    if (candidate(\"ab\") !== \"c\") { throw new Exception(\"Test failed!\"); }\n}\n\ntest();",
      "timestamp": 1665509673,
      "stdout": "i\nFatal error: Uncaught Exception: Test failed! in /tmp/tmp0strgvww.php:19\nStack trace:\n#0 /tmp/tmp0strgvww.php(24): test()\n#1 {main}\n  thrown in /tmp/tmp0strgvww.php on line 19\n",
      "stderr": "",
      "exit_code": 255,
      "status": "Exception"
    },
    {
      "program": "<?php\n// Write a python function to find the character made by adding the ASCII value of all the characters of the given string modulo 26.\nfunction get_Char($strr) {\n    $sum = 0;\n    for ($i = 0; $i < strlen($strr); $i++) {\n        $sum += ord($strr[$i]);\n    }\n    return chr($sum % 26 + 65);\n}\n\necho get_Char(\"ABC\");\nfunction candidate(...$args) {\n    return get_Char(...$args);\n}\n\nfunction test(): void {\n    if (candidate(\"abc\") !== \"f\") { throw new Exception(\"Test failed!\"); }\n    if (candidate(\"gfg\") !== \"t\") { throw new Exception(\"Test failed!\"); }\n    if (candidate(\"ab\") !== \"c\") { throw new Exception(\"Test failed!\"); }\n}\n\ntest();",
      "timestamp": 1666123798,
      "stdout": "Q\nFatal error: Uncaught Exception: Test failed! in /tmp/tmpur3brj0w.php:17\nStack trace:\n#0 /tmp/tmpur3brj0w.php(22): test()\n#1 {main}\n  thrown in /tmp/tmpur3brj0w.php on line 17\n",
      "stderr": "",
      "exit_code": 255,
      "status": "Exception"
    },
    {
      "program": "<?php\n// Write a python function to find the character made by adding the ASCII value of all the characters of the given string modulo 26.\nfunction get_Char($strr) {\n    $sum = 0;\n    for ($i = 0; $i < strlen($strr); $i++) {\n        $sum += ord($strr[$i]);\n    }\n    $sum = $sum % 26;\n    return chr($sum + 65);\n}\n\necho get_Char(\"ABC\");\nfunction candidate(...$args) {\n    return get_Char(...$args);\n}\n\nfunction test(): void {\n    if (candidate(\"abc\") !== \"f\") { throw new Exception(\"Test failed!\"); }\n    if (candidate(\"gfg\") !== \"t\") { throw new Exception(\"Test failed!\"); }\n    if (candidate(\"ab\") !== \"c\") { throw new Exception(\"Test failed!\"); }\n}\n\ntest();",
      "timestamp": 1666123798,
      "stdout": "Q\nFatal error: Uncaught Exception: Test failed! in /tmp/tmpbhp0r_eq.php:18\nStack trace:\n#0 /tmp/tmpbhp0r_eq.php(23): test()\n#1 {main}\n  thrown in /tmp/tmpbhp0r_eq.php on line 18\n",
      "stderr": "",
      "exit_code": 255,
      "status": "Exception"
    },
    {
      "program": "<?php\n// Write a python function to find the character made by adding the ASCII value of all the characters of the given string modulo 26.\nfunction get_Char($strr) {\n    $sum = 0;\n    for ($i = 0; $i < strlen($strr); $i++) {\n        $sum += ord($strr[$i]);\n    }\n    $sum = $sum % 26;\n    return chr($sum + 65);\n}\necho get_Char(\"ABC\");\nfunction candidate(...$args) {\n    return get_Char(...$args);\n}\n\nfunction test(): void {\n    if (candidate(\"abc\") !== \"f\") { throw new Exception(\"Test failed!\"); }\n    if (candidate(\"gfg\") !== \"t\") { throw new Exception(\"Test failed!\"); }\n    if (candidate(\"ab\") !== \"c\") { throw new Exception(\"Test failed!\"); }\n}\n\ntest();",
      "timestamp": 1666123798,
      "stdout": "Q\nFatal error: Uncaught Exception: Test failed! in /tmp/tmp39sw6j74.php:17\nStack trace:\n#0 /tmp/tmp39sw6j74.php(22): test()\n#1 {main}\n  thrown in /tmp/tmp39sw6j74.php on line 17\n",
      "stderr": "",
      "exit_code": 255,
      "status": "Exception"
    },
    {
      "program": "<?php\n// Write a python function to find the character made by adding the ASCII value of all the characters of the given string modulo 26.\nfunction get_Char($strr) {\n    $str = strtolower($strr);\n    $str = str_split($str);\n    $sum = 0;\n    foreach ($str as $key => $value) {\n        $sum += ord($value);\n    }\n    $sum = $sum % 26;\n    return chr($sum + 97);\n}\n\necho get_Char(\"abc\");\necho \"\\n\";\necho get_Char(\"abcdefghijklmnopqrstuvwxyz\");\necho \"\\n\";\necho get_Char(\"abcdefghijklmnopqrstuvwxyzabcdefghijklmnopqrstuvwxyz\");\necho \"\\n\";\necho get_Char(\"abcdefghijklmnopqrstuvwxyzabcdefghijklmnopqrstuvwxyzabcdefghijklmnopqrstuvwxyz\");\necho \"\\n\";\necho get_Char(\"abcdefghijklmnopqrstuvwxyzabcdefghijklmnopqrstuvwxyzabcdefghijklmnopqrstuvwxyzabcdefghijklmnopqrstuvwxyz\");\necho \"\\n\";\necho get_Char(\"abcdefghijklmnopqrstuvwxyzabcdefghijklmnopqrstuvwxyzabcdefghijklmnopqrstuvwxyzabcdefghijklmnopqrstuvwxyzabcdefghijklmnopqrstuvwxyz\");\necho \"\\n\";\necho get_Char(\"abcdefghijklmnopqrstuvwxyzabcdefghijklmnopqrstuvwxyzabcdefghijklmnopqrstuvwxyzabcdefghijklmnopqrstuvwxyzabcdefghijklmnopqrstuvwxyzabcdefghijklmnopqrstuvwxyz\");\necho \"\\n\";\necho get_Char(\"abcdefghijklmnopqrstuvwxyzabcdefghijklmnopqrstuvwxyzabcdefghijklmnopqrstuvwxyzabcdefghijkl\nfunction candidate(...$args) {\n    return get_Char(...$args);\n}\n\nfunction test(): void {\n    if (candidate(\"abc\") !== \"f\") { throw new Exception(\"Test failed!\"); }\n    if (candidate(\"gfg\") !== \"t\") { throw new Exception(\"Test failed!\"); }\n    if (candidate(\"ab\") !== \"c\") { throw new Exception(\"Test failed!\"); }\n}\n\ntest();",
      "timestamp": 1666123798,
      "stdout": "\nParse error: syntax error, unexpected identifier \"abc\", expecting \")\" in /tmp/tmpv080o3x7.php on line 34\n",
      "stderr": "",
      "exit_code": 255,
      "status": "Exception"
    },
    {
      "program": "<?php\n// Write a python function to find the character made by adding the ASCII value of all the characters of the given string modulo 26.\nfunction get_Char($strr) {\n    $str = strtolower($strr);\n    $str = str_split($str);\n    $sum = 0;\n    foreach ($str as $key => $value) {\n        $sum += ord($value);\n    }\n    $sum = $sum % 26;\n    $sum += 97;\n    return chr($sum);\n}\necho get_Char(\"abc\");\nfunction candidate(...$args) {\n    return get_Char(...$args);\n}\n\nfunction test(): void {\n    if (candidate(\"abc\") !== \"f\") { throw new Exception(\"Test failed!\"); }\n    if (candidate(\"gfg\") !== \"t\") { throw new Exception(\"Test failed!\"); }\n    if (candidate(\"ab\") !== \"c\") { throw new Exception(\"Test failed!\"); }\n}\n\ntest();",
      "timestamp": 1666123798,
      "stdout": "i\nFatal error: Uncaught Exception: Test failed! in /tmp/tmpwhtu0aub.php:20\nStack trace:\n#0 /tmp/tmpwhtu0aub.php(25): test()\n#1 {main}\n  thrown in /tmp/tmpwhtu0aub.php on line 20\n",
      "stderr": "",
      "exit_code": 255,
      "status": "Exception"
    },
    {
      "program": "<?php\n// Write a python function to find the character made by adding the ASCII value of all the characters of the given string modulo 26.\nfunction get_Char($strr) {\n    $sum = 0;\n    for ($i = 0; $i < strlen($strr); $i++) {\n        $sum += ord($strr[$i]);\n    }\n    return chr($sum % 26 + 65);\n}\necho get_Char(\"ABC\");\nfunction candidate(...$args) {\n    return get_Char(...$args);\n}\n\nfunction test(): void {\n    if (candidate(\"abc\") !== \"f\") { throw new Exception(\"Test failed!\"); }\n    if (candidate(\"gfg\") !== \"t\") { throw new Exception(\"Test failed!\"); }\n    if (candidate(\"ab\") !== \"c\") { throw new Exception(\"Test failed!\"); }\n}\n\ntest();",
      "timestamp": 1665509673,
      "stdout": "Q\nFatal error: Uncaught Exception: Test failed! in /tmp/tmp_10btv_e.php:16\nStack trace:\n#0 /tmp/tmp_10btv_e.php(21): test()\n#1 {main}\n  thrown in /tmp/tmp_10btv_e.php on line 16\n",
      "stderr": "",
      "exit_code": 255,
      "status": "Exception"
    },
    {
      "program": "<?php\n// Write a python function to find the character made by adding the ASCII value of all the characters of the given string modulo 26.\nfunction get_Char($strr) {\n    $sum = 0;\n    for ($i = 0; $i < strlen($strr); $i++) {\n        $sum += ord($strr[$i]);\n    }\n    return chr($sum % 26 + 65);\n}\necho get_Char(\"ABC\");\nfunction candidate(...$args) {\n    return get_Char(...$args);\n}\n\nfunction test(): void {\n    if (candidate(\"abc\") !== \"f\") { throw new Exception(\"Test failed!\"); }\n    if (candidate(\"gfg\") !== \"t\") { throw new Exception(\"Test failed!\"); }\n    if (candidate(\"ab\") !== \"c\") { throw new Exception(\"Test failed!\"); }\n}\n\ntest();",
      "timestamp": 1665509673,
      "stdout": "Q\nFatal error: Uncaught Exception: Test failed! in /tmp/tmp_10btv_e.php:16\nStack trace:\n#0 /tmp/tmp_10btv_e.php(21): test()\n#1 {main}\n  thrown in /tmp/tmp_10btv_e.php on line 16\n",
      "stderr": "",
      "exit_code": 255,
      "status": "Exception"
    },
    {
      "program": "<?php\n// Write a python function to find the character made by adding the ASCII value of all the characters of the given string modulo 26.\nfunction get_Char($strr) {\n    $sum = 0;\n    for ($i = 0; $i < strlen($strr); $i++) {\n        $sum += ord($strr[$i]);\n    }\n    $sum = $sum % 26;\n    return chr($sum + 65);\n}\necho get_Char(\"ABC\");\nfunction candidate(...$args) {\n    return get_Char(...$args);\n}\n\nfunction test(): void {\n    if (candidate(\"abc\") !== \"f\") { throw new Exception(\"Test failed!\"); }\n    if (candidate(\"gfg\") !== \"t\") { throw new Exception(\"Test failed!\"); }\n    if (candidate(\"ab\") !== \"c\") { throw new Exception(\"Test failed!\"); }\n}\n\ntest();",
      "timestamp": 1666123798,
      "stdout": "Q\nFatal error: Uncaught Exception: Test failed! in /tmp/tmp39sw6j74.php:17\nStack trace:\n#0 /tmp/tmp39sw6j74.php(22): test()\n#1 {main}\n  thrown in /tmp/tmp39sw6j74.php on line 17\n",
      "stderr": "",
      "exit_code": 255,
      "status": "Exception"
    },
    {
      "program": "<?php\n// Write a python function to find the character made by adding the ASCII value of all the characters of the given string modulo 26.\nfunction get_Char($strr) {\n    $str = strtolower($strr);\n    $sum = 0;\n    for ($i = 0; $i < strlen($str); $i++) {\n        $sum += ord($str[$i]);\n    }\n    $sum = $sum % 26;\n    return chr($sum + 97);\n}\n\necho get_Char(\"abcd\");\nfunction candidate(...$args) {\n    return get_Char(...$args);\n}\n\nfunction test(): void {\n    if (candidate(\"abc\") !== \"f\") { throw new Exception(\"Test failed!\"); }\n    if (candidate(\"gfg\") !== \"t\") { throw new Exception(\"Test failed!\"); }\n    if (candidate(\"ab\") !== \"c\") { throw new Exception(\"Test failed!\"); }\n}\n\ntest();",
      "timestamp": 1666123798,
      "stdout": "e\nFatal error: Uncaught Exception: Test failed! in /tmp/tmpwiyrtpp0.php:19\nStack trace:\n#0 /tmp/tmpwiyrtpp0.php(24): test()\n#1 {main}\n  thrown in /tmp/tmpwiyrtpp0.php on line 19\n",
      "stderr": "",
      "exit_code": 255,
      "status": "Exception"
    },
    {
      "program": "<?php\n// Write a python function to find the character made by adding the ASCII value of all the characters of the given string modulo 26.\nfunction get_Char($strr) {\n    $str = strtolower($strr);\n    $sum = 0;\n    for ($i = 0; $i < strlen($str); $i++) {\n        $sum += ord($str[$i]) - 96;\n    }\n    $sum = $sum % 26;\n    return chr($sum + 96);\n}\n\necho get_Char('abc');\necho \"\\n\";\necho get_Char('abcdefghijklmnopqrstuvwxyz');\necho \"\\n\";\necho get_Char('abcdefghijklmnopqrstuvwxyzabcdefghijklmnopqrstuvwxyzabcdefghijklmnopqrstuvwxyz');\necho \"\\n\";\necho get_Char('abcdefghijklmnopqrstuvwxyzabcdefghijklmnopqrstuvwxyzabcdefghijklmnopqrstuvwxyzabcdefghijklmnopqrstuvwxyzabcdefghijklmnopqrstuvwxyzabcdefghijklmnopqrstuvwxyzabcdefghijklmnopqrstuvwxyzabcdefghijklmnopqrstuvwxyzabcdefghijklmnopqrstuvwxyzabcdefghijklmnopqrstuvwxyzabcdefghijklmnopqrstuvwxyzabcdefghijklmnopqrstuvwxyzabcdefghijklmnopqrstuvwxyzabcdefghijklmnopqrstuvwxyzabcdefghijklmnopqrstuvwxyzabcdefghijklmnopqrstuvwxyzabcdefghijklmnopqrstuvwxyzabcdefghijklmnopqrstuvwxyzabcdefghijklmnopqrstuvwxyzabcdefghijklmnopqrstuvwxyzabcdefghijklmnopqrstuvwxyzabcdefghijklmnopqrstuvwxyzabcdefghijklmnopqrstuvwxyzabcdefghijklmnopqrst\nfunction candidate(...$args) {\n    return get_Char(...$args);\n}\n\nfunction test(): void {\n    if (candidate(\"abc\") !== \"f\") { throw new Exception(\"Test failed!\"); }\n    if (candidate(\"gfg\") !== \"t\") { throw new Exception(\"Test failed!\"); }\n    if (candidate(\"ab\") !== \"c\") { throw new Exception(\"Test failed!\"); }\n}\n\ntest();",
      "timestamp": 1666123798,
      "stdout": "\nParse error: syntax error, unexpected string content \"abcdefghijklmnopqrstuvwxyzabcd...\" in /tmp/tmprxjpk13q.php on line 19\n",
      "stderr": "",
      "exit_code": 255,
      "status": "Exception"
    },
    {
      "program": "<?php\n// Write a python function to find the character made by adding the ASCII value of all the characters of the given string modulo 26.\nfunction get_Char($strr) {\n    $sum = 0;\n    for ($i = 0; $i < strlen($strr); $i++) {\n        $sum += ord($strr[$i]);\n    }\n    return chr($sum % 26 + 65);\n}\n\necho get_Char(\"ABC\");\nfunction candidate(...$args) {\n    return get_Char(...$args);\n}\n\nfunction test(): void {\n    if (candidate(\"abc\") !== \"f\") { throw new Exception(\"Test failed!\"); }\n    if (candidate(\"gfg\") !== \"t\") { throw new Exception(\"Test failed!\"); }\n    if (candidate(\"ab\") !== \"c\") { throw new Exception(\"Test failed!\"); }\n}\n\ntest();",
      "timestamp": 1666123798,
      "stdout": "Q\nFatal error: Uncaught Exception: Test failed! in /tmp/tmpur3brj0w.php:17\nStack trace:\n#0 /tmp/tmpur3brj0w.php(22): test()\n#1 {main}\n  thrown in /tmp/tmpur3brj0w.php on line 17\n",
      "stderr": "",
      "exit_code": 255,
      "status": "Exception"
    },
    {
      "program": "<?php\n// Write a python function to find the character made by adding the ASCII value of all the characters of the given string modulo 26.\nfunction get_Char($strr) {\n    $str = strtolower($strr);\n    $len = strlen($str);\n    $sum = 0;\n    for ($i = 0; $i < $len; $i++) {\n        $sum = $sum + ord($str[$i]);\n    }\n    $sum = $sum % 26;\n    return chr($sum + 97);\n}\n$str = \"abc\";\necho get_Char($str);\nfunction candidate(...$args) {\n    return get_Char(...$args);\n}\n\nfunction test(): void {\n    if (candidate(\"abc\") !== \"f\") { throw new Exception(\"Test failed!\"); }\n    if (candidate(\"gfg\") !== \"t\") { throw new Exception(\"Test failed!\"); }\n    if (candidate(\"ab\") !== \"c\") { throw new Exception(\"Test failed!\"); }\n}\n\ntest();",
      "timestamp": 1666123798,
      "stdout": "i\nFatal error: Uncaught Exception: Test failed! in /tmp/tmp9ymnye7z.php:20\nStack trace:\n#0 /tmp/tmp9ymnye7z.php(25): test()\n#1 {main}\n  thrown in /tmp/tmp9ymnye7z.php on line 20\n",
      "stderr": "",
      "exit_code": 255,
      "status": "Exception"
    },
    {
      "program": "<?php\n// Write a python function to find the character made by adding the ASCII value of all the characters of the given string modulo 26.\nfunction get_Char($strr) {\n    $str = strtolower($strr);\n    $len = strlen($str);\n    $sum = 0;\n    for ($i = 0; $i < $len; $i++) {\n        $sum += ord($str[$i]);\n    }\n    $sum = $sum % 26;\n    $sum += 97;\n    return chr($sum);\n}\n\n$str = \"abc\";\necho get_Char($str);\nfunction candidate(...$args) {\n    return get_Char(...$args);\n}\n\nfunction test(): void {\n    if (candidate(\"abc\") !== \"f\") { throw new Exception(\"Test failed!\"); }\n    if (candidate(\"gfg\") !== \"t\") { throw new Exception(\"Test failed!\"); }\n    if (candidate(\"ab\") !== \"c\") { throw new Exception(\"Test failed!\"); }\n}\n\ntest();",
      "timestamp": 1666123798,
      "stdout": "i\nFatal error: Uncaught Exception: Test failed! in /tmp/tmpnua2u43z.php:22\nStack trace:\n#0 /tmp/tmpnua2u43z.php(27): test()\n#1 {main}\n  thrown in /tmp/tmpnua2u43z.php on line 22\n",
      "stderr": "",
      "exit_code": 255,
      "status": "Exception"
    },
    {
      "program": "<?php\n// Write a python function to find the character made by adding the ASCII value of all the characters of the given string modulo 26.\nfunction get_Char($strr) {\n    $str = strtolower($strr);\n    $str_arr = str_split($str);\n    $sum = 0;\n    foreach ($str_arr as $char) {\n        $sum += ord($char);\n    }\n    return chr($sum % 26 + 97);\n}\necho get_Char(\"abc\");\necho \"\\n\";\necho get_Char(\"abcd\");\necho \"\\n\";\necho get_Char(\"abcde\");\necho \"\\n\";\necho get_Char(\"abcdef\");\necho \"\\n\";\necho get_Char(\"abcdefg\");\necho \"\\n\";\necho get_Char(\"abcdefgh\");\necho \"\\n\";\necho get_Char(\"abcdefghi\");\necho \"\\n\";\necho get_Char(\"abcdefghij\");\necho \"\\n\";\necho get_Char(\"abcdefghijk\");\necho \"\\n\";\necho get_Char(\"abcdefghijkl\");\necho \"\\n\";\necho get_Char(\"abcdefghijklm\");\necho \"\\n\";\necho get_Char(\"abcdefghijklmn\");\necho \"\\n\";\necho get_Char(\"abcdefghijklmno\");\necho \"\\n\";\necho get_Char(\"abcdefghijklmnop\");\necho \"\\n\";\necho get_Char(\"abcdefghijklmnopq\");\necho \"\\n\";\necho get_Char(\"abcdefghijklmnopqr\");\necho \"\\n\";\necho get_Char(\"abcdefghijklmnopqrs\");\necho \"\\n\";\necho get_Char(\"abcdefghijklmnopqrst\");\necho \"\\n\";\necho get_Char(\"abcdefghijklmnopqrstu\");\necho \"\\n\";\necho get_Char(\"abcdefghijklmnopqrstuv\");\necho \"\\n\";\necho get_Char(\"abcdefghijklmnopqrstuvw\");\necho \"\\n\";\necho get_Char(\"abcdefghijklmnopqrstuvwx\");\necho \"\\n\";\necho get_Char(\"abcdefghijklmnopqrstuvwxy\");\necho \"\\n\";\necho get_Char(\"abcdefghijklmnop\nfunction candidate(...$args) {\n    return get_Char(...$args);\n}\n\nfunction test(): void {\n    if (candidate(\"abc\") !== \"f\") { throw new Exception(\"Test failed!\"); }\n    if (candidate(\"gfg\") !== \"t\") { throw new Exception(\"Test failed!\"); }\n    if (candidate(\"ab\") !== \"c\") { throw new Exception(\"Test failed!\"); }\n}\n\ntest();",
      "timestamp": 1666123798,
      "stdout": "\nParse error: syntax error, unexpected identifier \"abc\", expecting \")\" in /tmp/tmpmtusy4pu.php on line 64\n",
      "stderr": "",
      "exit_code": 255,
      "status": "Exception"
    },
    {
      "program": "<?php\n// Write a python function to find the character made by adding the ASCII value of all the characters of the given string modulo 26.\nfunction get_Char($strr) {\n    $str = strtolower($strr);\n    $sum = 0;\n    $len = strlen($str);\n    for ($i = 0; $i < $len; $i++) {\n        $sum += ord($str[$i]);\n    }\n    $sum = $sum % 26;\n    return chr($sum + 97);\n}\n\n$str = \"abc\";\necho get_Char($str);\nfunction candidate(...$args) {\n    return get_Char(...$args);\n}\n\nfunction test(): void {\n    if (candidate(\"abc\") !== \"f\") { throw new Exception(\"Test failed!\"); }\n    if (candidate(\"gfg\") !== \"t\") { throw new Exception(\"Test failed!\"); }\n    if (candidate(\"ab\") !== \"c\") { throw new Exception(\"Test failed!\"); }\n}\n\ntest();",
      "timestamp": 1666123798,
      "stdout": "i\nFatal error: Uncaught Exception: Test failed! in /tmp/tmp4t3xa5ns.php:21\nStack trace:\n#0 /tmp/tmp4t3xa5ns.php(26): test()\n#1 {main}\n  thrown in /tmp/tmp4t3xa5ns.php on line 21\n",
      "stderr": "",
      "exit_code": 255,
      "status": "Exception"
    },
    {
      "program": "<?php\n// Write a python function to find the character made by adding the ASCII value of all the characters of the given string modulo 26.\nfunction get_Char($strr) {\n\t$sum = 0;\n\tfor ($i = 0; $i < strlen($strr); $i++) {\n\t\t$sum += ord($strr[$i]);\n\t}\n\t$sum = $sum % 26;\n\treturn chr($sum + 65);\n}\necho get_Char(\"ABC\");\nfunction candidate(...$args) {\n    return get_Char(...$args);\n}\n\nfunction test(): void {\n    if (candidate(\"abc\") !== \"f\") { throw new Exception(\"Test failed!\"); }\n    if (candidate(\"gfg\") !== \"t\") { throw new Exception(\"Test failed!\"); }\n    if (candidate(\"ab\") !== \"c\") { throw new Exception(\"Test failed!\"); }\n}\n\ntest();",
      "timestamp": 1666123798,
      "stdout": "Q\nFatal error: Uncaught Exception: Test failed! in /tmp/tmplcvv2oxu.php:17\nStack trace:\n#0 /tmp/tmplcvv2oxu.php(22): test()\n#1 {main}\n  thrown in /tmp/tmplcvv2oxu.php on line 17\n",
      "stderr": "",
      "exit_code": 255,
      "status": "Exception"
    },
    {
      "program": "<?php\n// Write a python function to find the character made by adding the ASCII value of all the characters of the given string modulo 26.\nfunction get_Char($strr) {\n    $sum = 0;\n    for ($i = 0; $i < strlen($strr); $i++) {\n        $sum += ord($strr[$i]);\n    }\n    return chr($sum % 26 + 97);\n}\n\necho get_Char(\"abc\");\n\nfunction candidate(...$args) {\n    return get_Char(...$args);\n}\n\nfunction test(): void {\n    if (candidate(\"abc\") !== \"f\") { throw new Exception(\"Test failed!\"); }\n    if (candidate(\"gfg\") !== \"t\") { throw new Exception(\"Test failed!\"); }\n    if (candidate(\"ab\") !== \"c\") { throw new Exception(\"Test failed!\"); }\n}\n\ntest();",
      "timestamp": 1666123798,
      "stdout": "i\nFatal error: Uncaught Exception: Test failed! in /tmp/tmpwz02935p.php:18\nStack trace:\n#0 /tmp/tmpwz02935p.php(23): test()\n#1 {main}\n  thrown in /tmp/tmpwz02935p.php on line 18\n",
      "stderr": "",
      "exit_code": 255,
      "status": "Exception"
    },
    {
      "program": "<?php\n// Write a python function to find the character made by adding the ASCII value of all the characters of the given string modulo 26.\nfunction get_Char($strr) {\n    $str = strtolower($strr);\n    $sum = 0;\n    for ($i = 0; $i < strlen($str); $i++) {\n        $sum += ord($str[$i]);\n    }\n    $sum = $sum % 26;\n    return chr($sum + 97);\n}\n\necho get_Char(\"abcd\");\nfunction candidate(...$args) {\n    return get_Char(...$args);\n}\n\nfunction test(): void {\n    if (candidate(\"abc\") !== \"f\") { throw new Exception(\"Test failed!\"); }\n    if (candidate(\"gfg\") !== \"t\") { throw new Exception(\"Test failed!\"); }\n    if (candidate(\"ab\") !== \"c\") { throw new Exception(\"Test failed!\"); }\n}\n\ntest();",
      "timestamp": 1666123798,
      "stdout": "e\nFatal error: Uncaught Exception: Test failed! in /tmp/tmpwiyrtpp0.php:19\nStack trace:\n#0 /tmp/tmpwiyrtpp0.php(24): test()\n#1 {main}\n  thrown in /tmp/tmpwiyrtpp0.php on line 19\n",
      "stderr": "",
      "exit_code": 255,
      "status": "Exception"
    },
    {
      "program": "<?php\n// Write a python function to find the character made by adding the ASCII value of all the characters of the given string modulo 26.\nfunction get_Char($strr) {\n    $str = str_split($strr);\n    $sum = 0;\n    foreach ($str as $key => $value) {\n        $sum += ord($value);\n    }\n    $sum = $sum % 26;\n    return chr($sum + 65);\n}\necho get_Char(\"ABC\");\nfunction candidate(...$args) {\n    return get_Char(...$args);\n}\n\nfunction test(): void {\n    if (candidate(\"abc\") !== \"f\") { throw new Exception(\"Test failed!\"); }\n    if (candidate(\"gfg\") !== \"t\") { throw new Exception(\"Test failed!\"); }\n    if (candidate(\"ab\") !== \"c\") { throw new Exception(\"Test failed!\"); }\n}\n\ntest();",
      "timestamp": 1666123798,
      "stdout": "Q\nFatal error: Uncaught Exception: Test failed! in /tmp/tmpcmz6j4s4.php:18\nStack trace:\n#0 /tmp/tmpcmz6j4s4.php(23): test()\n#1 {main}\n  thrown in /tmp/tmpcmz6j4s4.php on line 18\n",
      "stderr": "",
      "exit_code": 255,
      "status": "Exception"
    },
    {
      "program": "<?php\n// Write a python function to find the character made by adding the ASCII value of all the characters of the given string modulo 26.\nfunction get_Char($strr) {\n    $sum = 0;\n    for ($i = 0; $i < strlen($strr); $i++) {\n        $sum += ord($strr[$i]);\n    }\n    return chr($sum % 26 + 65);\n}\necho get_Char(\"ABC\");\nfunction candidate(...$args) {\n    return get_Char(...$args);\n}\n\nfunction test(): void {\n    if (candidate(\"abc\") !== \"f\") { throw new Exception(\"Test failed!\"); }\n    if (candidate(\"gfg\") !== \"t\") { throw new Exception(\"Test failed!\"); }\n    if (candidate(\"ab\") !== \"c\") { throw new Exception(\"Test failed!\"); }\n}\n\ntest();",
      "timestamp": 1665509673,
      "stdout": "Q\nFatal error: Uncaught Exception: Test failed! in /tmp/tmp_10btv_e.php:16\nStack trace:\n#0 /tmp/tmp_10btv_e.php(21): test()\n#1 {main}\n  thrown in /tmp/tmp_10btv_e.php on line 16\n",
      "stderr": "",
      "exit_code": 255,
      "status": "Exception"
    },
    {
      "program": "<?php\n// Write a python function to find the character made by adding the ASCII value of all the characters of the given string modulo 26.\nfunction get_Char($strr) {\n    $sum = 0;\n    for ($i = 0; $i < strlen($strr); $i++) {\n        $sum += ord($strr[$i]);\n    }\n    return chr($sum % 26 + 65);\n}\necho get_Char(\"ABC\");\nfunction candidate(...$args) {\n    return get_Char(...$args);\n}\n\nfunction test(): void {\n    if (candidate(\"abc\") !== \"f\") { throw new Exception(\"Test failed!\"); }\n    if (candidate(\"gfg\") !== \"t\") { throw new Exception(\"Test failed!\"); }\n    if (candidate(\"ab\") !== \"c\") { throw new Exception(\"Test failed!\"); }\n}\n\ntest();",
      "timestamp": 1665509673,
      "stdout": "Q\nFatal error: Uncaught Exception: Test failed! in /tmp/tmp_10btv_e.php:16\nStack trace:\n#0 /tmp/tmp_10btv_e.php(21): test()\n#1 {main}\n  thrown in /tmp/tmp_10btv_e.php on line 16\n",
      "stderr": "",
      "exit_code": 255,
      "status": "Exception"
    },
    {
      "program": "<?php\n// Write a python function to find the character made by adding the ASCII value of all the characters of the given string modulo 26.\nfunction get_Char($strr) {\n    $str = strtolower($strr);\n    $len = strlen($str);\n    $sum = 0;\n    for($i=0; $i<$len; $i++) {\n        $sum += ord($str[$i]);\n    }\n    $sum = $sum % 26;\n    return chr($sum + 97);\n}\n\n$str = \"abc\";\necho get_Char($str);\n\nfunction candidate(...$args) {\n    return get_Char(...$args);\n}\n\nfunction test(): void {\n    if (candidate(\"abc\") !== \"f\") { throw new Exception(\"Test failed!\"); }\n    if (candidate(\"gfg\") !== \"t\") { throw new Exception(\"Test failed!\"); }\n    if (candidate(\"ab\") !== \"c\") { throw new Exception(\"Test failed!\"); }\n}\n\ntest();",
      "timestamp": 1666123798,
      "stdout": "i\nFatal error: Uncaught Exception: Test failed! in /tmp/tmp_g7z9b42.php:22\nStack trace:\n#0 /tmp/tmp_g7z9b42.php(27): test()\n#1 {main}\n  thrown in /tmp/tmp_g7z9b42.php on line 22\n",
      "stderr": "",
      "exit_code": 255,
      "status": "Exception"
    },
    {
      "program": "<?php\n// Write a python function to find the character made by adding the ASCII value of all the characters of the given string modulo 26.\nfunction get_Char($strr) {\n    $sum = 0;\n    for ($i = 0; $i < strlen($strr); $i++) {\n        $sum += ord($strr[$i]);\n    }\n    $sum = $sum % 26;\n    return chr($sum + 65);\n}\n\n$strr = \"ABC\";\necho get_Char($strr);\nfunction candidate(...$args) {\n    return get_Char(...$args);\n}\n\nfunction test(): void {\n    if (candidate(\"abc\") !== \"f\") { throw new Exception(\"Test failed!\"); }\n    if (candidate(\"gfg\") !== \"t\") { throw new Exception(\"Test failed!\"); }\n    if (candidate(\"ab\") !== \"c\") { throw new Exception(\"Test failed!\"); }\n}\n\ntest();",
      "timestamp": 1665509673,
      "stdout": "Q\nFatal error: Uncaught Exception: Test failed! in /tmp/tmpaqr1xuxv.php:19\nStack trace:\n#0 /tmp/tmpaqr1xuxv.php(24): test()\n#1 {main}\n  thrown in /tmp/tmpaqr1xuxv.php on line 19\n",
      "stderr": "",
      "exit_code": 255,
      "status": "Exception"
    },
    {
      "program": "<?php\n// Write a python function to find the character made by adding the ASCII value of all the characters of the given string modulo 26.\nfunction get_Char($strr) {\n    $str = strtolower($strr);\n    $len = strlen($str);\n    $sum = 0;\n    for ($i = 0; $i < $len; $i++) {\n        $sum += ord($str[$i]);\n    }\n    $sum = $sum % 26;\n    $sum += 97;\n    return chr($sum);\n}\n\n$strr = \"abc\";\necho get_Char($strr);\nfunction candidate(...$args) {\n    return get_Char(...$args);\n}\n\nfunction test(): void {\n    if (candidate(\"abc\") !== \"f\") { throw new Exception(\"Test failed!\"); }\n    if (candidate(\"gfg\") !== \"t\") { throw new Exception(\"Test failed!\"); }\n    if (candidate(\"ab\") !== \"c\") { throw new Exception(\"Test failed!\"); }\n}\n\ntest();",
      "timestamp": 1666123798,
      "stdout": "i\nFatal error: Uncaught Exception: Test failed! in /tmp/tmpl7fifm79.php:22\nStack trace:\n#0 /tmp/tmpl7fifm79.php(27): test()\n#1 {main}\n  thrown in /tmp/tmpl7fifm79.php on line 22\n",
      "stderr": "",
      "exit_code": 255,
      "status": "Exception"
    },
    {
      "program": "<?php\n// Write a python function to find the character made by adding the ASCII value of all the characters of the given string modulo 26.\nfunction get_Char($strr) {\n    $sum = 0;\n    $strr = strtolower($strr);\n    for($i = 0; $i < strlen($strr); $i++) {\n        $sum += ord($strr[$i]);\n    }\n    return chr($sum % 26 + 97);\n}\necho get_Char(\"abc\");\nfunction candidate(...$args) {\n    return get_Char(...$args);\n}\n\nfunction test(): void {\n    if (candidate(\"abc\") !== \"f\") { throw new Exception(\"Test failed!\"); }\n    if (candidate(\"gfg\") !== \"t\") { throw new Exception(\"Test failed!\"); }\n    if (candidate(\"ab\") !== \"c\") { throw new Exception(\"Test failed!\"); }\n}\n\ntest();",
      "timestamp": 1666123798,
      "stdout": "i\nFatal error: Uncaught Exception: Test failed! in /tmp/tmp74upn3ux.php:17\nStack trace:\n#0 /tmp/tmp74upn3ux.php(22): test()\n#1 {main}\n  thrown in /tmp/tmp74upn3ux.php on line 17\n",
      "stderr": "",
      "exit_code": 255,
      "status": "Exception"
    },
    {
      "program": "<?php\n// Write a python function to find the character made by adding the ASCII value of all the characters of the given string modulo 26.\nfunction get_Char($strr) {\n    $str = str_split($strr);\n    $sum = 0;\n    foreach ($str as $value) {\n        $sum += ord($value);\n    }\n    $sum = $sum % 26;\n    return chr($sum + 65);\n}\necho get_Char('abc');\nfunction candidate(...$args) {\n    return get_Char(...$args);\n}\n\nfunction test(): void {\n    if (candidate(\"abc\") !== \"f\") { throw new Exception(\"Test failed!\"); }\n    if (candidate(\"gfg\") !== \"t\") { throw new Exception(\"Test failed!\"); }\n    if (candidate(\"ab\") !== \"c\") { throw new Exception(\"Test failed!\"); }\n}\n\ntest();",
      "timestamp": 1666123798,
      "stdout": "I\nFatal error: Uncaught Exception: Test failed! in /tmp/tmps5s1p6_f.php:18\nStack trace:\n#0 /tmp/tmps5s1p6_f.php(23): test()\n#1 {main}\n  thrown in /tmp/tmps5s1p6_f.php on line 18\n",
      "stderr": "",
      "exit_code": 255,
      "status": "Exception"
    },
    {
      "program": "<?php\n// Write a python function to find the character made by adding the ASCII value of all the characters of the given string modulo 26.\nfunction get_Char($strr) {\n    $str = strtolower($strr);\n    $sum = 0;\n    for ($i = 0; $i < strlen($str); $i++) {\n        $sum += ord($str[$i]);\n    }\n    $sum = $sum % 26;\n    return chr($sum + 97);\n}\n\necho get_Char(\"abc\");\nfunction candidate(...$args) {\n    return get_Char(...$args);\n}\n\nfunction test(): void {\n    if (candidate(\"abc\") !== \"f\") { throw new Exception(\"Test failed!\"); }\n    if (candidate(\"gfg\") !== \"t\") { throw new Exception(\"Test failed!\"); }\n    if (candidate(\"ab\") !== \"c\") { throw new Exception(\"Test failed!\"); }\n}\n\ntest();",
      "timestamp": 1666123798,
      "stdout": "i\nFatal error: Uncaught Exception: Test failed! in /tmp/tmp6ql9zleb.php:19\nStack trace:\n#0 /tmp/tmp6ql9zleb.php(24): test()\n#1 {main}\n  thrown in /tmp/tmp6ql9zleb.php on line 19\n",
      "stderr": "",
      "exit_code": 255,
      "status": "Exception"
    },
    {
      "program": "<?php\n// Write a python function to find the character made by adding the ASCII value of all the characters of the given string modulo 26.\nfunction get_Char($strr) {\n    $sum = 0;\n    for ($i = 0; $i < strlen($strr); $i++) {\n        $sum += ord($strr[$i]);\n    }\n    $sum = $sum % 26;\n    return chr($sum + 65);\n}\n\necho get_Char(\"abc\");\nfunction candidate(...$args) {\n    return get_Char(...$args);\n}\n\nfunction test(): void {\n    if (candidate(\"abc\") !== \"f\") { throw new Exception(\"Test failed!\"); }\n    if (candidate(\"gfg\") !== \"t\") { throw new Exception(\"Test failed!\"); }\n    if (candidate(\"ab\") !== \"c\") { throw new Exception(\"Test failed!\"); }\n}\n\ntest();",
      "timestamp": 1665509673,
      "stdout": "I\nFatal error: Uncaught Exception: Test failed! in /tmp/tmpwfs49774.php:18\nStack trace:\n#0 /tmp/tmpwfs49774.php(23): test()\n#1 {main}\n  thrown in /tmp/tmpwfs49774.php on line 18\n",
      "stderr": "",
      "exit_code": 255,
      "status": "Exception"
    },
    {
      "program": "<?php\n// Write a python function to find the character made by adding the ASCII value of all the characters of the given string modulo 26.\nfunction get_Char($strr) {\n    $str = strtolower($strr);\n    $sum = 0;\n    $len = strlen($str);\n    for($i=0;$i<$len;$i++) {\n        $sum += ord($str[$i]);\n    }\n    $sum = $sum % 26;\n    return chr($sum + 97);\n}\n\necho get_Char(\"abc\");\nfunction candidate(...$args) {\n    return get_Char(...$args);\n}\n\nfunction test(): void {\n    if (candidate(\"abc\") !== \"f\") { throw new Exception(\"Test failed!\"); }\n    if (candidate(\"gfg\") !== \"t\") { throw new Exception(\"Test failed!\"); }\n    if (candidate(\"ab\") !== \"c\") { throw new Exception(\"Test failed!\"); }\n}\n\ntest();",
      "timestamp": 1666123798,
      "stdout": "i\nFatal error: Uncaught Exception: Test failed! in /tmp/tmpvrbqykyk.php:20\nStack trace:\n#0 /tmp/tmpvrbqykyk.php(25): test()\n#1 {main}\n  thrown in /tmp/tmpvrbqykyk.php on line 20\n",
      "stderr": "",
      "exit_code": 255,
      "status": "Exception"
    },
    {
      "program": "<?php\n// Write a python function to find the character made by adding the ASCII value of all the characters of the given string modulo 26.\nfunction get_Char($strr) {\n    $sum = 0;\n    for ($i = 0; $i < strlen($strr); $i++) {\n        $sum += ord($strr[$i]);\n    }\n    $sum = $sum % 26;\n    return chr($sum + 97);\n}\n$strr = \"abc\";\necho get_Char($strr);\nfunction candidate(...$args) {\n    return get_Char(...$args);\n}\n\nfunction test(): void {\n    if (candidate(\"abc\") !== \"f\") { throw new Exception(\"Test failed!\"); }\n    if (candidate(\"gfg\") !== \"t\") { throw new Exception(\"Test failed!\"); }\n    if (candidate(\"ab\") !== \"c\") { throw new Exception(\"Test failed!\"); }\n}\n\ntest();",
      "timestamp": 1666123798,
      "stdout": "i\nFatal error: Uncaught Exception: Test failed! in /tmp/tmp3njqfjw7.php:18\nStack trace:\n#0 /tmp/tmp3njqfjw7.php(23): test()\n#1 {main}\n  thrown in /tmp/tmp3njqfjw7.php on line 18\n",
      "stderr": "",
      "exit_code": 255,
      "status": "Exception"
    },
    {
      "program": "<?php\n// Write a python function to find the character made by adding the ASCII value of all the characters of the given string modulo 26.\nfunction get_Char($strr) {\n    $str = strtolower($strr);\n    $len = strlen($str);\n    $sum = 0;\n    for ($i = 0; $i < $len; $i++) {\n        $sum += ord($str[$i]);\n    }\n    $sum = $sum % 26;\n    return chr($sum + 97);\n}\n\n$str = \"Hello\";\necho get_Char($str);\nfunction candidate(...$args) {\n    return get_Char(...$args);\n}\n\nfunction test(): void {\n    if (candidate(\"abc\") !== \"f\") { throw new Exception(\"Test failed!\"); }\n    if (candidate(\"gfg\") !== \"t\") { throw new Exception(\"Test failed!\"); }\n    if (candidate(\"ab\") !== \"c\") { throw new Exception(\"Test failed!\"); }\n}\n\ntest();",
      "timestamp": 1666123798,
      "stdout": "m\nFatal error: Uncaught Exception: Test failed! in /tmp/tmpdc6h77oc.php:21\nStack trace:\n#0 /tmp/tmpdc6h77oc.php(26): test()\n#1 {main}\n  thrown in /tmp/tmpdc6h77oc.php on line 21\n",
      "stderr": "",
      "exit_code": 255,
      "status": "Exception"
    },
    {
      "program": "<?php\n// Write a python function to find the character made by adding the ASCII value of all the characters of the given string modulo 26.\nfunction get_Char($strr) {\n    $str = strtolower($strr);\n    $sum = 0;\n    for ($i = 0; $i < strlen($str); $i++) {\n        $sum += ord($str[$i]);\n    }\n    $sum = $sum % 26;\n    return chr($sum + 97);\n}\n\n$str = \"abc\";\necho get_Char($str);\nfunction candidate(...$args) {\n    return get_Char(...$args);\n}\n\nfunction test(): void {\n    if (candidate(\"abc\") !== \"f\") { throw new Exception(\"Test failed!\"); }\n    if (candidate(\"gfg\") !== \"t\") { throw new Exception(\"Test failed!\"); }\n    if (candidate(\"ab\") !== \"c\") { throw new Exception(\"Test failed!\"); }\n}\n\ntest();",
      "timestamp": 1666123798,
      "stdout": "i\nFatal error: Uncaught Exception: Test failed! in /tmp/tmp2ggxmrna.php:20\nStack trace:\n#0 /tmp/tmp2ggxmrna.php(25): test()\n#1 {main}\n  thrown in /tmp/tmp2ggxmrna.php on line 20\n",
      "stderr": "",
      "exit_code": 255,
      "status": "Exception"
    },
    {
      "program": "<?php\n// Write a python function to find the character made by adding the ASCII value of all the characters of the given string modulo 26.\nfunction get_Char($strr) {\n    $sum = 0;\n    $str = str_split($strr);\n    foreach($str as $char) {\n        $sum += ord($char);\n    }\n    return chr($sum % 26 + ord('a'));\n}\necho get_Char(\"abc\");\nfunction candidate(...$args) {\n    return get_Char(...$args);\n}\n\nfunction test(): void {\n    if (candidate(\"abc\") !== \"f\") { throw new Exception(\"Test failed!\"); }\n    if (candidate(\"gfg\") !== \"t\") { throw new Exception(\"Test failed!\"); }\n    if (candidate(\"ab\") !== \"c\") { throw new Exception(\"Test failed!\"); }\n}\n\ntest();",
      "timestamp": 1666123798,
      "stdout": "i\nFatal error: Uncaught Exception: Test failed! in /tmp/tmppfmfgtqs.php:17\nStack trace:\n#0 /tmp/tmppfmfgtqs.php(22): test()\n#1 {main}\n  thrown in /tmp/tmppfmfgtqs.php on line 17\n",
      "stderr": "",
      "exit_code": 255,
      "status": "Exception"
    },
    {
      "program": "<?php\n// Write a python function to find the character made by adding the ASCII value of all the characters of the given string modulo 26.\nfunction get_Char($strr) {\n    $str = strtolower($strr);\n    $sum = 0;\n    for ($i = 0; $i < strlen($str); $i++) {\n        $sum += ord($str[$i]);\n    }\n    return chr($sum % 26 + 97);\n}\necho get_Char(\"abc\");\nfunction candidate(...$args) {\n    return get_Char(...$args);\n}\n\nfunction test(): void {\n    if (candidate(\"abc\") !== \"f\") { throw new Exception(\"Test failed!\"); }\n    if (candidate(\"gfg\") !== \"t\") { throw new Exception(\"Test failed!\"); }\n    if (candidate(\"ab\") !== \"c\") { throw new Exception(\"Test failed!\"); }\n}\n\ntest();",
      "timestamp": 1666123798,
      "stdout": "i\nFatal error: Uncaught Exception: Test failed! in /tmp/tmpl70ozf2n.php:17\nStack trace:\n#0 /tmp/tmpl70ozf2n.php(22): test()\n#1 {main}\n  thrown in /tmp/tmpl70ozf2n.php on line 17\n",
      "stderr": "",
      "exit_code": 255,
      "status": "Exception"
    },
    {
      "program": "<?php\n// Write a python function to find the character made by adding the ASCII value of all the characters of the given string modulo 26.\nfunction get_Char($strr) {\n    $sum = 0;\n    for ($i = 0; $i < strlen($strr); $i++) {\n        $sum += ord($strr[$i]);\n    }\n    $sum = $sum % 26;\n    return chr($sum + 65);\n}\necho get_Char(\"abc\");\nfunction candidate(...$args) {\n    return get_Char(...$args);\n}\n\nfunction test(): void {\n    if (candidate(\"abc\") !== \"f\") { throw new Exception(\"Test failed!\"); }\n    if (candidate(\"gfg\") !== \"t\") { throw new Exception(\"Test failed!\"); }\n    if (candidate(\"ab\") !== \"c\") { throw new Exception(\"Test failed!\"); }\n}\n\ntest();",
      "timestamp": 1666123798,
      "stdout": "I\nFatal error: Uncaught Exception: Test failed! in /tmp/tmpu79l08my.php:17\nStack trace:\n#0 /tmp/tmpu79l08my.php(22): test()\n#1 {main}\n  thrown in /tmp/tmpu79l08my.php on line 17\n",
      "stderr": "",
      "exit_code": 255,
      "status": "Exception"
    },
    {
      "program": "<?php\n// Write a python function to find the character made by adding the ASCII value of all the characters of the given string modulo 26.\nfunction get_Char($strr) {\n    $strr = strtolower($strr);\n    $strr = str_split($strr);\n    $sum = 0;\n    foreach($strr as $char) {\n        $sum += ord($char);\n    }\n    $sum = $sum % 26;\n    $sum += 97;\n    return chr($sum);\n}\necho get_Char(\"abc\");\nfunction candidate(...$args) {\n    return get_Char(...$args);\n}\n\nfunction test(): void {\n    if (candidate(\"abc\") !== \"f\") { throw new Exception(\"Test failed!\"); }\n    if (candidate(\"gfg\") !== \"t\") { throw new Exception(\"Test failed!\"); }\n    if (candidate(\"ab\") !== \"c\") { throw new Exception(\"Test failed!\"); }\n}\n\ntest();",
      "timestamp": 1666123798,
      "stdout": "i\nFatal error: Uncaught Exception: Test failed! in /tmp/tmpgppl0l87.php:20\nStack trace:\n#0 /tmp/tmpgppl0l87.php(25): test()\n#1 {main}\n  thrown in /tmp/tmpgppl0l87.php on line 20\n",
      "stderr": "",
      "exit_code": 255,
      "status": "Exception"
    },
    {
      "program": "<?php\n// Write a python function to find the character made by adding the ASCII value of all the characters of the given string modulo 26.\nfunction get_Char($strr) {\n    $sum = 0;\n    $strr = strtolower($strr);\n    for ($i = 0; $i < strlen($strr); $i++) {\n        $sum += ord($strr[$i]);\n    }\n    $sum = $sum % 26;\n    return chr($sum + 97);\n}\n\necho get_Char(\"abc\");\nfunction candidate(...$args) {\n    return get_Char(...$args);\n}\n\nfunction test(): void {\n    if (candidate(\"abc\") !== \"f\") { throw new Exception(\"Test failed!\"); }\n    if (candidate(\"gfg\") !== \"t\") { throw new Exception(\"Test failed!\"); }\n    if (candidate(\"ab\") !== \"c\") { throw new Exception(\"Test failed!\"); }\n}\n\ntest();",
      "timestamp": 1666123798,
      "stdout": "i\nFatal error: Uncaught Exception: Test failed! in /tmp/tmpgf4z60t6.php:19\nStack trace:\n#0 /tmp/tmpgf4z60t6.php(24): test()\n#1 {main}\n  thrown in /tmp/tmpgf4z60t6.php on line 19\n",
      "stderr": "",
      "exit_code": 255,
      "status": "Exception"
    },
    {
      "program": "<?php\n// Write a python function to find the character made by adding the ASCII value of all the characters of the given string modulo 26.\nfunction get_Char($strr) {\n    $str = strtolower($strr);\n    $sum = 0;\n    for ($i = 0; $i < strlen($str); $i++) {\n        $sum += ord($str[$i]);\n    }\n    $sum = $sum % 26;\n    return chr($sum + 97);\n}\necho get_Char(\"abc\");\nfunction candidate(...$args) {\n    return get_Char(...$args);\n}\n\nfunction test(): void {\n    if (candidate(\"abc\") !== \"f\") { throw new Exception(\"Test failed!\"); }\n    if (candidate(\"gfg\") !== \"t\") { throw new Exception(\"Test failed!\"); }\n    if (candidate(\"ab\") !== \"c\") { throw new Exception(\"Test failed!\"); }\n}\n\ntest();",
      "timestamp": 1666123798,
      "stdout": "i\nFatal error: Uncaught Exception: Test failed! in /tmp/tmpr_10rzme.php:18\nStack trace:\n#0 /tmp/tmpr_10rzme.php(23): test()\n#1 {main}\n  thrown in /tmp/tmpr_10rzme.php on line 18\n",
      "stderr": "",
      "exit_code": 255,
      "status": "Exception"
    }
  ]
}