{
  "name": "mbpp_123_amicable_numbers_sum",
  "language": "py",
  "prompt": "def amicable_numbers_sum(limit: int) -> int:\n    \"\"\"\n\tWrite a function to sum all amicable numbers from 1 to a specified number.\n\t\"\"\"\n",
  "doctests": "keep",
  "original": "/home/arjun/repos/MultiPL-E/datasets/../datasets/mbpp-typed/mbpp_123_amicable_numbers_sum.py",
  "prompt_terminology": "verbatim",
  "tests": "def check(candidate):\n    assert candidate(999) == 504\n    assert candidate(9999) == 31626\n    assert candidate(99) == 0\n\ndef test_check():\n    check(amicable_numbers_sum)\n\ntest_check()\n",
  "stop_tokens": [
    "\ndef",
    "\n#",
    "\nif",
    "\nclass"
  ],
  "results": [
    {
      "program": "def amicable_numbers_sum(limit: int) -> int:\n    \"\"\"\n\tWrite a function to sum all amicable numbers from 1 to a specified number.\n\t\"\"\"\n    amicable_numbers = []\n    for i in range(1, limit):\n        if is_amicable(i):\n            amicable_numbers.append(i)\n    return sum(amicable_numbers)\n\n\ndef check(candidate):\n    assert candidate(999) == 504\n    assert candidate(9999) == 31626\n    assert candidate(99) == 0\n\ndef test_check():\n    check(amicable_numbers_sum)\n\ntest_check()\n",
      "timestamp": 1665509935,
      "stdout": "",
      "stderr": "Traceback (most recent call last):\n  File \"/tmp/tmp74aaz3mb.py\", line 20, in <module>\n    test_check()\n  File \"/tmp/tmp74aaz3mb.py\", line 18, in test_check\n    check(amicable_numbers_sum)\n  File \"/tmp/tmp74aaz3mb.py\", line 13, in check\n    assert candidate(999) == 504\n  File \"/tmp/tmp74aaz3mb.py\", line 7, in amicable_numbers_sum\n    if is_amicable(i):\nNameError: name 'is_amicable' is not defined\n",
      "exit_code": 1,
      "status": "Exception"
    },
    {
      "program": "def amicable_numbers_sum(limit: int) -> int:\n    \"\"\"\n\tWrite a function to sum all amicable numbers from 1 to a specified number.\n\t\"\"\"\n    amicable_numbers = set()\n    for i in range(1, limit):\n        for j in range(i + 1, limit):\n            if amicable_numbers_check(i, j):\n                amicable_numbers.add(i)\n                amicable_numbers.add(j)\n    return sum(amicable_numbers)\n\n\ndef check(candidate):\n    assert candidate(999) == 504\n    assert candidate(9999) == 31626\n    assert candidate(99) == 0\n\ndef test_check():\n    check(amicable_numbers_sum)\n\ntest_check()\n",
      "timestamp": 1665509935,
      "stdout": "",
      "stderr": "Traceback (most recent call last):\n  File \"/tmp/tmpgzy12u_k.py\", line 22, in <module>\n    test_check()\n  File \"/tmp/tmpgzy12u_k.py\", line 20, in test_check\n    check(amicable_numbers_sum)\n  File \"/tmp/tmpgzy12u_k.py\", line 15, in check\n    assert candidate(999) == 504\n  File \"/tmp/tmpgzy12u_k.py\", line 8, in amicable_numbers_sum\n    if amicable_numbers_check(i, j):\nNameError: name 'amicable_numbers_check' is not defined. Did you mean: 'amicable_numbers'?\n",
      "exit_code": 1,
      "status": "Exception"
    },
    {
      "program": "def amicable_numbers_sum(limit: int) -> int:\n    \"\"\"\n\tWrite a function to sum all amicable numbers from 1 to a specified number.\n\t\"\"\"\n    return sum(amicable_numbers(limit))\n\n\ndef check(candidate):\n    assert candidate(999) == 504\n    assert candidate(9999) == 31626\n    assert candidate(99) == 0\n\ndef test_check():\n    check(amicable_numbers_sum)\n\ntest_check()\n",
      "timestamp": 1665509935,
      "stdout": "",
      "stderr": "Traceback (most recent call last):\n  File \"/tmp/tmp46dgqnv7.py\", line 16, in <module>\n    test_check()\n  File \"/tmp/tmp46dgqnv7.py\", line 14, in test_check\n    check(amicable_numbers_sum)\n  File \"/tmp/tmp46dgqnv7.py\", line 9, in check\n    assert candidate(999) == 504\n  File \"/tmp/tmp46dgqnv7.py\", line 5, in amicable_numbers_sum\n    return sum(amicable_numbers(limit))\nNameError: name 'amicable_numbers' is not defined. Did you mean: 'amicable_numbers_sum'?\n",
      "exit_code": 1,
      "status": "Exception"
    },
    {
      "program": "def amicable_numbers_sum(limit: int) -> int:\n    \"\"\"\n\tWrite a function to sum all amicable numbers from 1 to a specified number.\n\t\"\"\"\n    return sum(\n        [\n            i\n            for i in range(1, limit)\n            if i == sum_proper_divisors(sum_proper_divisors(i)) and i != sum_proper_divisors(i)\n        ]\n    )\n\n\ndef check(candidate):\n    assert candidate(999) == 504\n    assert candidate(9999) == 31626\n    assert candidate(99) == 0\n\ndef test_check():\n    check(amicable_numbers_sum)\n\ntest_check()\n",
      "timestamp": 1665509935,
      "stdout": "",
      "stderr": "Traceback (most recent call last):\n  File \"/tmp/tmp2z8_6mdz.py\", line 22, in <module>\n    test_check()\n  File \"/tmp/tmp2z8_6mdz.py\", line 20, in test_check\n    check(amicable_numbers_sum)\n  File \"/tmp/tmp2z8_6mdz.py\", line 15, in check\n    assert candidate(999) == 504\n  File \"/tmp/tmp2z8_6mdz.py\", line 6, in amicable_numbers_sum\n    [\n  File \"/tmp/tmp2z8_6mdz.py\", line 9, in <listcomp>\n    if i == sum_proper_divisors(sum_proper_divisors(i)) and i != sum_proper_divisors(i)\nNameError: name 'sum_proper_divisors' is not defined\n",
      "exit_code": 1,
      "status": "Exception"
    },
    {
      "program": "def amicable_numbers_sum(limit: int) -> int:\n    \"\"\"\n\tWrite a function to sum all amicable numbers from 1 to a specified number.\n\t\"\"\"\n    return sum(\n        [\n            x\n            for x in range(1, limit)\n            if x == sum_of_divisors(sum_of_divisors(x)) and x != sum_of_divisors(x)\n        ]\n    )\n\n\ndef check(candidate):\n    assert candidate(999) == 504\n    assert candidate(9999) == 31626\n    assert candidate(99) == 0\n\ndef test_check():\n    check(amicable_numbers_sum)\n\ntest_check()\n",
      "timestamp": 1665509935,
      "stdout": "",
      "stderr": "Traceback (most recent call last):\n  File \"/tmp/tmpicu6k89c.py\", line 22, in <module>\n    test_check()\n  File \"/tmp/tmpicu6k89c.py\", line 20, in test_check\n    check(amicable_numbers_sum)\n  File \"/tmp/tmpicu6k89c.py\", line 15, in check\n    assert candidate(999) == 504\n  File \"/tmp/tmpicu6k89c.py\", line 6, in amicable_numbers_sum\n    [\n  File \"/tmp/tmpicu6k89c.py\", line 9, in <listcomp>\n    if x == sum_of_divisors(sum_of_divisors(x)) and x != sum_of_divisors(x)\nNameError: name 'sum_of_divisors' is not defined\n",
      "exit_code": 1,
      "status": "Exception"
    },
    {
      "program": "def amicable_numbers_sum(limit: int) -> int:\n    \"\"\"\n\tWrite a function to sum all amicable numbers from 1 to a specified number.\n\t\"\"\"\n    amicable_numbers = []\n    for i in range(1, limit):\n        if i not in amicable_numbers:\n            divisors_sum = sum_of_divisors(i)\n            if i == sum_of_divisors(divisors_sum) and i != divisors_sum:\n                amicable_numbers.append(i)\n                amicable_numbers.append(divisors_sum)\n    return sum(amicable_numbers)\n\n\ndef check(candidate):\n    assert candidate(999) == 504\n    assert candidate(9999) == 31626\n    assert candidate(99) == 0\n\ndef test_check():\n    check(amicable_numbers_sum)\n\ntest_check()\n",
      "timestamp": 1665509935,
      "stdout": "",
      "stderr": "Traceback (most recent call last):\n  File \"/tmp/tmps5lzipg6.py\", line 23, in <module>\n    test_check()\n  File \"/tmp/tmps5lzipg6.py\", line 21, in test_check\n    check(amicable_numbers_sum)\n  File \"/tmp/tmps5lzipg6.py\", line 16, in check\n    assert candidate(999) == 504\n  File \"/tmp/tmps5lzipg6.py\", line 8, in amicable_numbers_sum\n    divisors_sum = sum_of_divisors(i)\nNameError: name 'sum_of_divisors' is not defined\n",
      "exit_code": 1,
      "status": "Exception"
    },
    {
      "program": "def amicable_numbers_sum(limit: int) -> int:\n    \"\"\"\n\tWrite a function to sum all amicable numbers from 1 to a specified number.\n\t\"\"\"\n    return sum(\n        [\n            i\n            for i in range(1, limit + 1)\n            if i == sum_of_divisors(sum_of_divisors(i)) and i != sum_of_divisors(i)\n        ]\n    )\n\n\ndef check(candidate):\n    assert candidate(999) == 504\n    assert candidate(9999) == 31626\n    assert candidate(99) == 0\n\ndef test_check():\n    check(amicable_numbers_sum)\n\ntest_check()\n",
      "timestamp": 1665509935,
      "stdout": "",
      "stderr": "Traceback (most recent call last):\n  File \"/tmp/tmpmgpswgmo.py\", line 22, in <module>\n    test_check()\n  File \"/tmp/tmpmgpswgmo.py\", line 20, in test_check\n    check(amicable_numbers_sum)\n  File \"/tmp/tmpmgpswgmo.py\", line 15, in check\n    assert candidate(999) == 504\n  File \"/tmp/tmpmgpswgmo.py\", line 6, in amicable_numbers_sum\n    [\n  File \"/tmp/tmpmgpswgmo.py\", line 9, in <listcomp>\n    if i == sum_of_divisors(sum_of_divisors(i)) and i != sum_of_divisors(i)\nNameError: name 'sum_of_divisors' is not defined\n",
      "exit_code": 1,
      "status": "Exception"
    },
    {
      "program": "def amicable_numbers_sum(limit: int) -> int:\n    \"\"\"\n\tWrite a function to sum all amicable numbers from 1 to a specified number.\n\t\"\"\"\n    return sum(\n        [\n            i\n            for i in range(1, limit + 1)\n            if i == sum_of_divisors(sum_of_divisors(i)) and i != sum_of_divisors(i)\n        ]\n    )\n\n\ndef check(candidate):\n    assert candidate(999) == 504\n    assert candidate(9999) == 31626\n    assert candidate(99) == 0\n\ndef test_check():\n    check(amicable_numbers_sum)\n\ntest_check()\n",
      "timestamp": 1665509935,
      "stdout": "",
      "stderr": "Traceback (most recent call last):\n  File \"/tmp/tmpmgpswgmo.py\", line 22, in <module>\n    test_check()\n  File \"/tmp/tmpmgpswgmo.py\", line 20, in test_check\n    check(amicable_numbers_sum)\n  File \"/tmp/tmpmgpswgmo.py\", line 15, in check\n    assert candidate(999) == 504\n  File \"/tmp/tmpmgpswgmo.py\", line 6, in amicable_numbers_sum\n    [\n  File \"/tmp/tmpmgpswgmo.py\", line 9, in <listcomp>\n    if i == sum_of_divisors(sum_of_divisors(i)) and i != sum_of_divisors(i)\nNameError: name 'sum_of_divisors' is not defined\n",
      "exit_code": 1,
      "status": "Exception"
    },
    {
      "program": "def amicable_numbers_sum(limit: int) -> int:\n    \"\"\"\n\tWrite a function to sum all amicable numbers from 1 to a specified number.\n\t\"\"\"\n    return sum(\n        [\n            x\n            for x in range(1, limit)\n            if x == sum_of_divisors(sum_of_divisors(x)) and x != sum_of_divisors(x)\n        ]\n    )\n\n\ndef check(candidate):\n    assert candidate(999) == 504\n    assert candidate(9999) == 31626\n    assert candidate(99) == 0\n\ndef test_check():\n    check(amicable_numbers_sum)\n\ntest_check()\n",
      "timestamp": 1665509935,
      "stdout": "",
      "stderr": "Traceback (most recent call last):\n  File \"/tmp/tmpicu6k89c.py\", line 22, in <module>\n    test_check()\n  File \"/tmp/tmpicu6k89c.py\", line 20, in test_check\n    check(amicable_numbers_sum)\n  File \"/tmp/tmpicu6k89c.py\", line 15, in check\n    assert candidate(999) == 504\n  File \"/tmp/tmpicu6k89c.py\", line 6, in amicable_numbers_sum\n    [\n  File \"/tmp/tmpicu6k89c.py\", line 9, in <listcomp>\n    if x == sum_of_divisors(sum_of_divisors(x)) and x != sum_of_divisors(x)\nNameError: name 'sum_of_divisors' is not defined\n",
      "exit_code": 1,
      "status": "Exception"
    },
    {
      "program": "def amicable_numbers_sum(limit: int) -> int:\n    \"\"\"\n\tWrite a function to sum all amicable numbers from 1 to a specified number.\n\t\"\"\"\n    amicable_numbers = []\n    for i in range(1, limit):\n        if is_amicable_number(i):\n            amicable_numbers.append(i)\n    return sum(amicable_numbers)\n\n\ndef check(candidate):\n    assert candidate(999) == 504\n    assert candidate(9999) == 31626\n    assert candidate(99) == 0\n\ndef test_check():\n    check(amicable_numbers_sum)\n\ntest_check()\n",
      "timestamp": 1665509935,
      "stdout": "",
      "stderr": "Traceback (most recent call last):\n  File \"/tmp/tmpx7mandjd.py\", line 20, in <module>\n    test_check()\n  File \"/tmp/tmpx7mandjd.py\", line 18, in test_check\n    check(amicable_numbers_sum)\n  File \"/tmp/tmpx7mandjd.py\", line 13, in check\n    assert candidate(999) == 504\n  File \"/tmp/tmpx7mandjd.py\", line 7, in amicable_numbers_sum\n    if is_amicable_number(i):\nNameError: name 'is_amicable_number' is not defined. Did you mean: 'amicable_numbers'?\n",
      "exit_code": 1,
      "status": "Exception"
    },
    {
      "program": "def amicable_numbers_sum(limit: int) -> int:\n    \"\"\"\n\tWrite a function to sum all amicable numbers from 1 to a specified number.\n\t\"\"\"\n    amicable_numbers = []\n    for i in range(1, limit):\n        if i in amicable_numbers:\n            continue\n        d_i = sum_of_divisors(i)\n        d_d_i = sum_of_divisors(d_i)\n        if d_d_i == i and d_i != i:\n            amicable_numbers.append(i)\n            amicable_numbers.append(d_i)\n    return sum(amicable_numbers)\n\n\ndef check(candidate):\n    assert candidate(999) == 504\n    assert candidate(9999) == 31626\n    assert candidate(99) == 0\n\ndef test_check():\n    check(amicable_numbers_sum)\n\ntest_check()\n",
      "timestamp": 1665509935,
      "stdout": "",
      "stderr": "Traceback (most recent call last):\n  File \"/tmp/tmp0uiuwvnt.py\", line 25, in <module>\n    test_check()\n  File \"/tmp/tmp0uiuwvnt.py\", line 23, in test_check\n    check(amicable_numbers_sum)\n  File \"/tmp/tmp0uiuwvnt.py\", line 18, in check\n    assert candidate(999) == 504\n  File \"/tmp/tmp0uiuwvnt.py\", line 9, in amicable_numbers_sum\n    d_i = sum_of_divisors(i)\nNameError: name 'sum_of_divisors' is not defined\n",
      "exit_code": 1,
      "status": "Exception"
    },
    {
      "program": "def amicable_numbers_sum(limit: int) -> int:\n    \"\"\"\n\tWrite a function to sum all amicable numbers from 1 to a specified number.\n\t\"\"\"\n    return sum(amicable_numbers(limit))\n\n\ndef check(candidate):\n    assert candidate(999) == 504\n    assert candidate(9999) == 31626\n    assert candidate(99) == 0\n\ndef test_check():\n    check(amicable_numbers_sum)\n\ntest_check()\n",
      "timestamp": 1665509935,
      "stdout": "",
      "stderr": "Traceback (most recent call last):\n  File \"/tmp/tmp46dgqnv7.py\", line 16, in <module>\n    test_check()\n  File \"/tmp/tmp46dgqnv7.py\", line 14, in test_check\n    check(amicable_numbers_sum)\n  File \"/tmp/tmp46dgqnv7.py\", line 9, in check\n    assert candidate(999) == 504\n  File \"/tmp/tmp46dgqnv7.py\", line 5, in amicable_numbers_sum\n    return sum(amicable_numbers(limit))\nNameError: name 'amicable_numbers' is not defined. Did you mean: 'amicable_numbers_sum'?\n",
      "exit_code": 1,
      "status": "Exception"
    },
    {
      "program": "def amicable_numbers_sum(limit: int) -> int:\n    \"\"\"\n\tWrite a function to sum all amicable numbers from 1 to a specified number.\n\t\"\"\"\n    return sum(amicable_numbers_list(limit))\n\n\ndef check(candidate):\n    assert candidate(999) == 504\n    assert candidate(9999) == 31626\n    assert candidate(99) == 0\n\ndef test_check():\n    check(amicable_numbers_sum)\n\ntest_check()\n",
      "timestamp": 1665509935,
      "stdout": "",
      "stderr": "Traceback (most recent call last):\n  File \"/tmp/tmp4zz1n32r.py\", line 16, in <module>\n    test_check()\n  File \"/tmp/tmp4zz1n32r.py\", line 14, in test_check\n    check(amicable_numbers_sum)\n  File \"/tmp/tmp4zz1n32r.py\", line 9, in check\n    assert candidate(999) == 504\n  File \"/tmp/tmp4zz1n32r.py\", line 5, in amicable_numbers_sum\n    return sum(amicable_numbers_list(limit))\nNameError: name 'amicable_numbers_list' is not defined. Did you mean: 'amicable_numbers_sum'?\n",
      "exit_code": 1,
      "status": "Exception"
    },
    {
      "program": "def amicable_numbers_sum(limit: int) -> int:\n    \"\"\"\n\tWrite a function to sum all amicable numbers from 1 to a specified number.\n\t\"\"\"\n    sum_of_amicable_numbers = 0\n    for i in range(1, limit):\n        if is_amicable_number(i):\n            sum_of_amicable_numbers += i\n    return sum_of_amicable_numbers\n\n\ndef check(candidate):\n    assert candidate(999) == 504\n    assert candidate(9999) == 31626\n    assert candidate(99) == 0\n\ndef test_check():\n    check(amicable_numbers_sum)\n\ntest_check()\n",
      "timestamp": 1665509935,
      "stdout": "",
      "stderr": "Traceback (most recent call last):\n  File \"/tmp/tmp95m2__cp.py\", line 20, in <module>\n    test_check()\n  File \"/tmp/tmp95m2__cp.py\", line 18, in test_check\n    check(amicable_numbers_sum)\n  File \"/tmp/tmp95m2__cp.py\", line 13, in check\n    assert candidate(999) == 504\n  File \"/tmp/tmp95m2__cp.py\", line 7, in amicable_numbers_sum\n    if is_amicable_number(i):\nNameError: name 'is_amicable_number' is not defined. Did you mean: 'sum_of_amicable_numbers'?\n",
      "exit_code": 1,
      "status": "Exception"
    },
    {
      "program": "def amicable_numbers_sum(limit: int) -> int:\n    \"\"\"\n\tWrite a function to sum all amicable numbers from 1 to a specified number.\n\t\"\"\"\n    amicable_numbers = []\n    for i in range(1, limit + 1):\n        if i in amicable_numbers:\n            continue\n        sum_divisors = sum_of_divisors(i)\n        if sum_divisors > i and sum_of_divisors(sum_divisors) == i:\n            amicable_numbers.append(i)\n            amicable_numbers.append(sum_divisors)\n    return sum(amicable_numbers)\n\n\ndef check(candidate):\n    assert candidate(999) == 504\n    assert candidate(9999) == 31626\n    assert candidate(99) == 0\n\ndef test_check():\n    check(amicable_numbers_sum)\n\ntest_check()\n",
      "timestamp": 1665509935,
      "stdout": "",
      "stderr": "Traceback (most recent call last):\n  File \"/tmp/tmpmoj97ybt.py\", line 24, in <module>\n    test_check()\n  File \"/tmp/tmpmoj97ybt.py\", line 22, in test_check\n    check(amicable_numbers_sum)\n  File \"/tmp/tmpmoj97ybt.py\", line 17, in check\n    assert candidate(999) == 504\n  File \"/tmp/tmpmoj97ybt.py\", line 9, in amicable_numbers_sum\n    sum_divisors = sum_of_divisors(i)\nNameError: name 'sum_of_divisors' is not defined. Did you mean: 'sum_divisors'?\n",
      "exit_code": 1,
      "status": "Exception"
    },
    {
      "program": "def amicable_numbers_sum(limit: int) -> int:\n    \"\"\"\n\tWrite a function to sum all amicable numbers from 1 to a specified number.\n\t\"\"\"\n    sum_of_amicable_numbers = 0\n    for i in range(1, limit):\n        if is_amicable_number(i):\n            sum_of_amicable_numbers += i\n    return sum_of_amicable_numbers\n\n\ndef check(candidate):\n    assert candidate(999) == 504\n    assert candidate(9999) == 31626\n    assert candidate(99) == 0\n\ndef test_check():\n    check(amicable_numbers_sum)\n\ntest_check()\n",
      "timestamp": 1665509935,
      "stdout": "",
      "stderr": "Traceback (most recent call last):\n  File \"/tmp/tmp95m2__cp.py\", line 20, in <module>\n    test_check()\n  File \"/tmp/tmp95m2__cp.py\", line 18, in test_check\n    check(amicable_numbers_sum)\n  File \"/tmp/tmp95m2__cp.py\", line 13, in check\n    assert candidate(999) == 504\n  File \"/tmp/tmp95m2__cp.py\", line 7, in amicable_numbers_sum\n    if is_amicable_number(i):\nNameError: name 'is_amicable_number' is not defined. Did you mean: 'sum_of_amicable_numbers'?\n",
      "exit_code": 1,
      "status": "Exception"
    },
    {
      "program": "def amicable_numbers_sum(limit: int) -> int:\n    \"\"\"\n\tWrite a function to sum all amicable numbers from 1 to a specified number.\n\t\"\"\"\n    amicable_numbers = []\n    for i in range(1, limit):\n        if i in amicable_numbers:\n            continue\n        j = sum_of_divisors(i)\n        if i == sum_of_divisors(j) and i != j:\n            amicable_numbers.append(i)\n            amicable_numbers.append(j)\n    return sum(amicable_numbers)\n\n\ndef check(candidate):\n    assert candidate(999) == 504\n    assert candidate(9999) == 31626\n    assert candidate(99) == 0\n\ndef test_check():\n    check(amicable_numbers_sum)\n\ntest_check()\n",
      "timestamp": 1665509935,
      "stdout": "",
      "stderr": "Traceback (most recent call last):\n  File \"/tmp/tmp36jx3ctt.py\", line 24, in <module>\n    test_check()\n  File \"/tmp/tmp36jx3ctt.py\", line 22, in test_check\n    check(amicable_numbers_sum)\n  File \"/tmp/tmp36jx3ctt.py\", line 17, in check\n    assert candidate(999) == 504\n  File \"/tmp/tmp36jx3ctt.py\", line 9, in amicable_numbers_sum\n    j = sum_of_divisors(i)\nNameError: name 'sum_of_divisors' is not defined\n",
      "exit_code": 1,
      "status": "Exception"
    },
    {
      "program": "def amicable_numbers_sum(limit: int) -> int:\n    \"\"\"\n\tWrite a function to sum all amicable numbers from 1 to a specified number.\n\t\"\"\"\n    amicable_numbers = []\n    for i in range(1, limit + 1):\n        if i not in amicable_numbers:\n            divisors = get_divisors(i)\n            divisors_sum = sum(divisors)\n            if divisors_sum > i:\n                divisors_sum_divisors = get_divisors(divisors_sum)\n                divisors_sum_divisors_sum = sum(divisors_sum_divisors)\n                if divisors_sum_divisors_sum == i:\n                    amicable_numbers.append(i)\n                    amicable_numbers.append(divisors_sum)\n    return sum(amicable_numbers)\n\n\ndef check(candidate):\n    assert candidate(999) == 504\n    assert candidate(9999) == 31626\n    assert candidate(99) == 0\n\ndef test_check():\n    check(amicable_numbers_sum)\n\ntest_check()\n",
      "timestamp": 1665509935,
      "stdout": "",
      "stderr": "Traceback (most recent call last):\n  File \"/tmp/tmp9ek2v0tg.py\", line 27, in <module>\n    test_check()\n  File \"/tmp/tmp9ek2v0tg.py\", line 25, in test_check\n    check(amicable_numbers_sum)\n  File \"/tmp/tmp9ek2v0tg.py\", line 20, in check\n    assert candidate(999) == 504\n  File \"/tmp/tmp9ek2v0tg.py\", line 8, in amicable_numbers_sum\n    divisors = get_divisors(i)\nNameError: name 'get_divisors' is not defined\n",
      "exit_code": 1,
      "status": "Exception"
    },
    {
      "program": "def amicable_numbers_sum(limit: int) -> int:\n    \"\"\"\n\tWrite a function to sum all amicable numbers from 1 to a specified number.\n\t\"\"\"\n    return sum(\n        [\n            i\n            for i in range(1, limit)\n            if i == sum_divisors(sum_divisors(i)) and i != sum_divisors(i)\n        ]\n    )\n\n\ndef check(candidate):\n    assert candidate(999) == 504\n    assert candidate(9999) == 31626\n    assert candidate(99) == 0\n\ndef test_check():\n    check(amicable_numbers_sum)\n\ntest_check()\n",
      "timestamp": 1665509935,
      "stdout": "",
      "stderr": "Traceback (most recent call last):\n  File \"/tmp/tmpsvkvddro.py\", line 22, in <module>\n    test_check()\n  File \"/tmp/tmpsvkvddro.py\", line 20, in test_check\n    check(amicable_numbers_sum)\n  File \"/tmp/tmpsvkvddro.py\", line 15, in check\n    assert candidate(999) == 504\n  File \"/tmp/tmpsvkvddro.py\", line 6, in amicable_numbers_sum\n    [\n  File \"/tmp/tmpsvkvddro.py\", line 9, in <listcomp>\n    if i == sum_divisors(sum_divisors(i)) and i != sum_divisors(i)\nNameError: name 'sum_divisors' is not defined\n",
      "exit_code": 1,
      "status": "Exception"
    },
    {
      "program": "def amicable_numbers_sum(limit: int) -> int:\n    \"\"\"\n\tWrite a function to sum all amicable numbers from 1 to a specified number.\n\t\"\"\"\n    amicable_numbers = []\n    for i in range(1, limit):\n        if i in amicable_numbers:\n            continue\n        a = sum_of_divisors(i)\n        b = sum_of_divisors(a)\n        if i == b and a != b:\n            amicable_numbers.append(a)\n            amicable_numbers.append(b)\n    return sum(amicable_numbers)\n\n\ndef check(candidate):\n    assert candidate(999) == 504\n    assert candidate(9999) == 31626\n    assert candidate(99) == 0\n\ndef test_check():\n    check(amicable_numbers_sum)\n\ntest_check()\n",
      "timestamp": 1665509935,
      "stdout": "",
      "stderr": "Traceback (most recent call last):\n  File \"/tmp/tmpv2jbqauz.py\", line 25, in <module>\n    test_check()\n  File \"/tmp/tmpv2jbqauz.py\", line 23, in test_check\n    check(amicable_numbers_sum)\n  File \"/tmp/tmpv2jbqauz.py\", line 18, in check\n    assert candidate(999) == 504\n  File \"/tmp/tmpv2jbqauz.py\", line 9, in amicable_numbers_sum\n    a = sum_of_divisors(i)\nNameError: name 'sum_of_divisors' is not defined\n",
      "exit_code": 1,
      "status": "Exception"
    },
    {
      "program": "def amicable_numbers_sum(limit: int) -> int:\n    \"\"\"\n\tWrite a function to sum all amicable numbers from 1 to a specified number.\n\t\"\"\"\n    amicable_numbers = []\n    for i in range(1, limit):\n        if i not in amicable_numbers:\n            sum_of_divisors = sum_of_divisors_of(i)\n            if sum_of_divisors > i:\n                sum_of_divisors_of_sum_of_divisors = sum_of_divisors_of(sum_of_divisors)\n                if sum_of_divisors_of_sum_of_divisors == i:\n                    amicable_numbers.append(i)\n                    amicable_numbers.append(sum_of_divisors)\n    return sum(amicable_numbers)\n\n\ndef check(candidate):\n    assert candidate(999) == 504\n    assert candidate(9999) == 31626\n    assert candidate(99) == 0\n\ndef test_check():\n    check(amicable_numbers_sum)\n\ntest_check()\n",
      "timestamp": 1666122631,
      "stdout": "",
      "stderr": "Traceback (most recent call last):\n  File \"/tmp/tmp30hi29x7.py\", line 25, in <module>\n    test_check()\n  File \"/tmp/tmp30hi29x7.py\", line 23, in test_check\n    check(amicable_numbers_sum)\n  File \"/tmp/tmp30hi29x7.py\", line 18, in check\n    assert candidate(999) == 504\n  File \"/tmp/tmp30hi29x7.py\", line 8, in amicable_numbers_sum\n    sum_of_divisors = sum_of_divisors_of(i)\nNameError: name 'sum_of_divisors_of' is not defined. Did you mean: 'sum_of_divisors'?\n",
      "exit_code": 1,
      "status": "Exception"
    },
    {
      "program": "def amicable_numbers_sum(limit: int) -> int:\n    \"\"\"\n\tWrite a function to sum all amicable numbers from 1 to a specified number.\n\t\"\"\"\n    amicable_numbers = []\n    for i in range(1, limit):\n        if i in amicable_numbers:\n            continue\n        j = sum_of_divisors(i)\n        if i == sum_of_divisors(j) and i != j:\n            amicable_numbers.append(i)\n            amicable_numbers.append(j)\n    return sum(amicable_numbers)\n\n\ndef check(candidate):\n    assert candidate(999) == 504\n    assert candidate(9999) == 31626\n    assert candidate(99) == 0\n\ndef test_check():\n    check(amicable_numbers_sum)\n\ntest_check()\n",
      "timestamp": 1665509935,
      "stdout": "",
      "stderr": "Traceback (most recent call last):\n  File \"/tmp/tmp36jx3ctt.py\", line 24, in <module>\n    test_check()\n  File \"/tmp/tmp36jx3ctt.py\", line 22, in test_check\n    check(amicable_numbers_sum)\n  File \"/tmp/tmp36jx3ctt.py\", line 17, in check\n    assert candidate(999) == 504\n  File \"/tmp/tmp36jx3ctt.py\", line 9, in amicable_numbers_sum\n    j = sum_of_divisors(i)\nNameError: name 'sum_of_divisors' is not defined\n",
      "exit_code": 1,
      "status": "Exception"
    },
    {
      "program": "def amicable_numbers_sum(limit: int) -> int:\n    \"\"\"\n\tWrite a function to sum all amicable numbers from 1 to a specified number.\n\t\"\"\"\n    amicable_numbers = []\n    for i in range(1, limit):\n        if i not in amicable_numbers:\n            divisors_sum = sum(get_divisors(i))\n            if i == sum(get_divisors(divisors_sum)) and i != divisors_sum:\n                amicable_numbers.append(i)\n                amicable_numbers.append(divisors_sum)\n    return sum(amicable_numbers)\n\n\ndef check(candidate):\n    assert candidate(999) == 504\n    assert candidate(9999) == 31626\n    assert candidate(99) == 0\n\ndef test_check():\n    check(amicable_numbers_sum)\n\ntest_check()\n",
      "timestamp": 1666122631,
      "stdout": "",
      "stderr": "Traceback (most recent call last):\n  File \"/tmp/tmpfr9i2h02.py\", line 23, in <module>\n    test_check()\n  File \"/tmp/tmpfr9i2h02.py\", line 21, in test_check\n    check(amicable_numbers_sum)\n  File \"/tmp/tmpfr9i2h02.py\", line 16, in check\n    assert candidate(999) == 504\n  File \"/tmp/tmpfr9i2h02.py\", line 8, in amicable_numbers_sum\n    divisors_sum = sum(get_divisors(i))\nNameError: name 'get_divisors' is not defined\n",
      "exit_code": 1,
      "status": "Exception"
    },
    {
      "program": "def amicable_numbers_sum(limit: int) -> int:\n    \"\"\"\n\tWrite a function to sum all amicable numbers from 1 to a specified number.\n\t\"\"\"\n    amicable_numbers = []\n    for i in range(1, limit):\n        if is_amicable(i):\n            amicable_numbers.append(i)\n    return sum(amicable_numbers)\n\n\ndef check(candidate):\n    assert candidate(999) == 504\n    assert candidate(9999) == 31626\n    assert candidate(99) == 0\n\ndef test_check():\n    check(amicable_numbers_sum)\n\ntest_check()\n",
      "timestamp": 1665509935,
      "stdout": "",
      "stderr": "Traceback (most recent call last):\n  File \"/tmp/tmp74aaz3mb.py\", line 20, in <module>\n    test_check()\n  File \"/tmp/tmp74aaz3mb.py\", line 18, in test_check\n    check(amicable_numbers_sum)\n  File \"/tmp/tmp74aaz3mb.py\", line 13, in check\n    assert candidate(999) == 504\n  File \"/tmp/tmp74aaz3mb.py\", line 7, in amicable_numbers_sum\n    if is_amicable(i):\nNameError: name 'is_amicable' is not defined\n",
      "exit_code": 1,
      "status": "Exception"
    },
    {
      "program": "def amicable_numbers_sum(limit: int) -> int:\n    \"\"\"\n\tWrite a function to sum all amicable numbers from 1 to a specified number.\n\t\"\"\"\n    return sum(\n        [\n            i\n            for i in range(1, limit)\n            if sum_of_divisors(i) != i and sum_of_divisors(sum_of_divisors(i)) == i\n        ]\n    )\n\n\ndef check(candidate):\n    assert candidate(999) == 504\n    assert candidate(9999) == 31626\n    assert candidate(99) == 0\n\ndef test_check():\n    check(amicable_numbers_sum)\n\ntest_check()\n",
      "timestamp": 1665509935,
      "stdout": "",
      "stderr": "Traceback (most recent call last):\n  File \"/tmp/tmpaoy32brb.py\", line 22, in <module>\n    test_check()\n  File \"/tmp/tmpaoy32brb.py\", line 20, in test_check\n    check(amicable_numbers_sum)\n  File \"/tmp/tmpaoy32brb.py\", line 15, in check\n    assert candidate(999) == 504\n  File \"/tmp/tmpaoy32brb.py\", line 6, in amicable_numbers_sum\n    [\n  File \"/tmp/tmpaoy32brb.py\", line 9, in <listcomp>\n    if sum_of_divisors(i) != i and sum_of_divisors(sum_of_divisors(i)) == i\nNameError: name 'sum_of_divisors' is not defined\n",
      "exit_code": 1,
      "status": "Exception"
    },
    {
      "program": "def amicable_numbers_sum(limit: int) -> int:\n    \"\"\"\n\tWrite a function to sum all amicable numbers from 1 to a specified number.\n\t\"\"\"\n    return sum(\n        [\n            i\n            for i in range(1, limit)\n            if i == sum_of_divisors(sum_of_divisors(i)) and i != sum_of_divisors(i)\n        ]\n    )\n\n\ndef check(candidate):\n    assert candidate(999) == 504\n    assert candidate(9999) == 31626\n    assert candidate(99) == 0\n\ndef test_check():\n    check(amicable_numbers_sum)\n\ntest_check()\n",
      "timestamp": 1665509935,
      "stdout": "",
      "stderr": "Traceback (most recent call last):\n  File \"/tmp/tmp90gaj7e0.py\", line 22, in <module>\n    test_check()\n  File \"/tmp/tmp90gaj7e0.py\", line 20, in test_check\n    check(amicable_numbers_sum)\n  File \"/tmp/tmp90gaj7e0.py\", line 15, in check\n    assert candidate(999) == 504\n  File \"/tmp/tmp90gaj7e0.py\", line 6, in amicable_numbers_sum\n    [\n  File \"/tmp/tmp90gaj7e0.py\", line 9, in <listcomp>\n    if i == sum_of_divisors(sum_of_divisors(i)) and i != sum_of_divisors(i)\nNameError: name 'sum_of_divisors' is not defined\n",
      "exit_code": 1,
      "status": "Exception"
    },
    {
      "program": "def amicable_numbers_sum(limit: int) -> int:\n    \"\"\"\n\tWrite a function to sum all amicable numbers from 1 to a specified number.\n\t\"\"\"\n    amicable_numbers = []\n    for i in range(1, limit):\n        if i in amicable_numbers:\n            continue\n        sum_of_divisors = sum_of_divisors_of_number(i)\n        if sum_of_divisors > i:\n            sum_of_divisors_of_sum_of_divisors = sum_of_divisors_of_number(sum_of_divisors)\n            if sum_of_divisors_of_sum_of_divisors == i:\n                amicable_numbers.append(i)\n                amicable_numbers.append(sum_of_divisors)\n    return sum(amicable_numbers)\n\n\ndef check(candidate):\n    assert candidate(999) == 504\n    assert candidate(9999) == 31626\n    assert candidate(99) == 0\n\ndef test_check():\n    check(amicable_numbers_sum)\n\ntest_check()\n",
      "timestamp": 1666122631,
      "stdout": "",
      "stderr": "Traceback (most recent call last):\n  File \"/tmp/tmp2_2649vm.py\", line 26, in <module>\n    test_check()\n  File \"/tmp/tmp2_2649vm.py\", line 24, in test_check\n    check(amicable_numbers_sum)\n  File \"/tmp/tmp2_2649vm.py\", line 19, in check\n    assert candidate(999) == 504\n  File \"/tmp/tmp2_2649vm.py\", line 9, in amicable_numbers_sum\n    sum_of_divisors = sum_of_divisors_of_number(i)\nNameError: name 'sum_of_divisors_of_number' is not defined\n",
      "exit_code": 1,
      "status": "Exception"
    },
    {
      "program": "def amicable_numbers_sum(limit: int) -> int:\n    \"\"\"\n\tWrite a function to sum all amicable numbers from 1 to a specified number.\n\t\"\"\"\n    amicable_numbers = []\n    for i in range(1, limit):\n        if i not in amicable_numbers:\n            a = sum_of_divisors(i)\n            if a != i:\n                b = sum_of_divisors(a)\n                if b == i:\n                    amicable_numbers.append(a)\n                    amicable_numbers.append(b)\n    return sum(amicable_numbers)\n\n\ndef check(candidate):\n    assert candidate(999) == 504\n    assert candidate(9999) == 31626\n    assert candidate(99) == 0\n\ndef test_check():\n    check(amicable_numbers_sum)\n\ntest_check()\n",
      "timestamp": 1666122632,
      "stdout": "",
      "stderr": "Traceback (most recent call last):\n  File \"/tmp/tmpnvrakjt3.py\", line 25, in <module>\n    test_check()\n  File \"/tmp/tmpnvrakjt3.py\", line 23, in test_check\n    check(amicable_numbers_sum)\n  File \"/tmp/tmpnvrakjt3.py\", line 18, in check\n    assert candidate(999) == 504\n  File \"/tmp/tmpnvrakjt3.py\", line 8, in amicable_numbers_sum\n    a = sum_of_divisors(i)\nNameError: name 'sum_of_divisors' is not defined\n",
      "exit_code": 1,
      "status": "Exception"
    },
    {
      "program": "def amicable_numbers_sum(limit: int) -> int:\n    \"\"\"\n\tWrite a function to sum all amicable numbers from 1 to a specified number.\n\t\"\"\"\n    sum_of_amicable_numbers = 0\n    for i in range(1, limit):\n        if is_amicable_number(i):\n            sum_of_amicable_numbers += i\n    return sum_of_amicable_numbers\n\n\ndef check(candidate):\n    assert candidate(999) == 504\n    assert candidate(9999) == 31626\n    assert candidate(99) == 0\n\ndef test_check():\n    check(amicable_numbers_sum)\n\ntest_check()\n",
      "timestamp": 1665509935,
      "stdout": "",
      "stderr": "Traceback (most recent call last):\n  File \"/tmp/tmp95m2__cp.py\", line 20, in <module>\n    test_check()\n  File \"/tmp/tmp95m2__cp.py\", line 18, in test_check\n    check(amicable_numbers_sum)\n  File \"/tmp/tmp95m2__cp.py\", line 13, in check\n    assert candidate(999) == 504\n  File \"/tmp/tmp95m2__cp.py\", line 7, in amicable_numbers_sum\n    if is_amicable_number(i):\nNameError: name 'is_amicable_number' is not defined. Did you mean: 'sum_of_amicable_numbers'?\n",
      "exit_code": 1,
      "status": "Exception"
    },
    {
      "program": "def amicable_numbers_sum(limit: int) -> int:\n    \"\"\"\n\tWrite a function to sum all amicable numbers from 1 to a specified number.\n\t\"\"\"\n    amicable_numbers = set()\n    for i in range(1, limit + 1):\n        if i in amicable_numbers:\n            continue\n        divisors_sum = sum(get_divisors(i))\n        if divisors_sum != i and sum(get_divisors(divisors_sum)) == i:\n            amicable_numbers.add(i)\n            amicable_numbers.add(divisors_sum)\n    return sum(amicable_numbers)\n\n\ndef check(candidate):\n    assert candidate(999) == 504\n    assert candidate(9999) == 31626\n    assert candidate(99) == 0\n\ndef test_check():\n    check(amicable_numbers_sum)\n\ntest_check()\n",
      "timestamp": 1666122632,
      "stdout": "",
      "stderr": "Traceback (most recent call last):\n  File \"/tmp/tmpg0pl3gm7.py\", line 24, in <module>\n    test_check()\n  File \"/tmp/tmpg0pl3gm7.py\", line 22, in test_check\n    check(amicable_numbers_sum)\n  File \"/tmp/tmpg0pl3gm7.py\", line 17, in check\n    assert candidate(999) == 504\n  File \"/tmp/tmpg0pl3gm7.py\", line 9, in amicable_numbers_sum\n    divisors_sum = sum(get_divisors(i))\nNameError: name 'get_divisors' is not defined\n",
      "exit_code": 1,
      "status": "Exception"
    },
    {
      "program": "def amicable_numbers_sum(limit: int) -> int:\n    \"\"\"\n\tWrite a function to sum all amicable numbers from 1 to a specified number.\n\t\"\"\"\n    return sum(\n        [\n            i\n            for i in range(1, limit + 1)\n            if i == sum_of_divisors(sum_of_divisors(i)) and i != sum_of_divisors(i)\n        ]\n    )\n\n\ndef check(candidate):\n    assert candidate(999) == 504\n    assert candidate(9999) == 31626\n    assert candidate(99) == 0\n\ndef test_check():\n    check(amicable_numbers_sum)\n\ntest_check()\n",
      "timestamp": 1665509935,
      "stdout": "",
      "stderr": "Traceback (most recent call last):\n  File \"/tmp/tmpmgpswgmo.py\", line 22, in <module>\n    test_check()\n  File \"/tmp/tmpmgpswgmo.py\", line 20, in test_check\n    check(amicable_numbers_sum)\n  File \"/tmp/tmpmgpswgmo.py\", line 15, in check\n    assert candidate(999) == 504\n  File \"/tmp/tmpmgpswgmo.py\", line 6, in amicable_numbers_sum\n    [\n  File \"/tmp/tmpmgpswgmo.py\", line 9, in <listcomp>\n    if i == sum_of_divisors(sum_of_divisors(i)) and i != sum_of_divisors(i)\nNameError: name 'sum_of_divisors' is not defined\n",
      "exit_code": 1,
      "status": "Exception"
    },
    {
      "program": "def amicable_numbers_sum(limit: int) -> int:\n    \"\"\"\n\tWrite a function to sum all amicable numbers from 1 to a specified number.\n\t\"\"\"\n    amicable_numbers = []\n    for i in range(1, limit):\n        if is_amicable(i):\n            amicable_numbers.append(i)\n    return sum(amicable_numbers)\n\n\ndef check(candidate):\n    assert candidate(999) == 504\n    assert candidate(9999) == 31626\n    assert candidate(99) == 0\n\ndef test_check():\n    check(amicable_numbers_sum)\n\ntest_check()\n",
      "timestamp": 1665509935,
      "stdout": "",
      "stderr": "Traceback (most recent call last):\n  File \"/tmp/tmp74aaz3mb.py\", line 20, in <module>\n    test_check()\n  File \"/tmp/tmp74aaz3mb.py\", line 18, in test_check\n    check(amicable_numbers_sum)\n  File \"/tmp/tmp74aaz3mb.py\", line 13, in check\n    assert candidate(999) == 504\n  File \"/tmp/tmp74aaz3mb.py\", line 7, in amicable_numbers_sum\n    if is_amicable(i):\nNameError: name 'is_amicable' is not defined\n",
      "exit_code": 1,
      "status": "Exception"
    },
    {
      "program": "def amicable_numbers_sum(limit: int) -> int:\n    \"\"\"\n\tWrite a function to sum all amicable numbers from 1 to a specified number.\n\t\"\"\"\n    amicable_numbers = []\n    for i in range(1, limit + 1):\n        if i not in amicable_numbers:\n            j = sum_of_divisors(i)\n            if i == sum_of_divisors(j) and i != j:\n                amicable_numbers.append(i)\n                amicable_numbers.append(j)\n    return sum(amicable_numbers)\n\n\ndef check(candidate):\n    assert candidate(999) == 504\n    assert candidate(9999) == 31626\n    assert candidate(99) == 0\n\ndef test_check():\n    check(amicable_numbers_sum)\n\ntest_check()\n",
      "timestamp": 1666122631,
      "stdout": "",
      "stderr": "Traceback (most recent call last):\n  File \"/tmp/tmphsooqx79.py\", line 23, in <module>\n    test_check()\n  File \"/tmp/tmphsooqx79.py\", line 21, in test_check\n    check(amicable_numbers_sum)\n  File \"/tmp/tmphsooqx79.py\", line 16, in check\n    assert candidate(999) == 504\n  File \"/tmp/tmphsooqx79.py\", line 8, in amicable_numbers_sum\n    j = sum_of_divisors(i)\nNameError: name 'sum_of_divisors' is not defined\n",
      "exit_code": 1,
      "status": "Exception"
    },
    {
      "program": "def amicable_numbers_sum(limit: int) -> int:\n    \"\"\"\n\tWrite a function to sum all amicable numbers from 1 to a specified number.\n\t\"\"\"\n    sum_of_amicable_numbers = 0\n    for i in range(1, limit):\n        if is_amicable_number(i):\n            sum_of_amicable_numbers += i\n    return sum_of_amicable_numbers\n\n\ndef check(candidate):\n    assert candidate(999) == 504\n    assert candidate(9999) == 31626\n    assert candidate(99) == 0\n\ndef test_check():\n    check(amicable_numbers_sum)\n\ntest_check()\n",
      "timestamp": 1665509935,
      "stdout": "",
      "stderr": "Traceback (most recent call last):\n  File \"/tmp/tmp95m2__cp.py\", line 20, in <module>\n    test_check()\n  File \"/tmp/tmp95m2__cp.py\", line 18, in test_check\n    check(amicable_numbers_sum)\n  File \"/tmp/tmp95m2__cp.py\", line 13, in check\n    assert candidate(999) == 504\n  File \"/tmp/tmp95m2__cp.py\", line 7, in amicable_numbers_sum\n    if is_amicable_number(i):\nNameError: name 'is_amicable_number' is not defined. Did you mean: 'sum_of_amicable_numbers'?\n",
      "exit_code": 1,
      "status": "Exception"
    },
    {
      "program": "def amicable_numbers_sum(limit: int) -> int:\n    \"\"\"\n\tWrite a function to sum all amicable numbers from 1 to a specified number.\n\t\"\"\"\n    amicable_numbers = set()\n    for i in range(1, limit):\n        if i in amicable_numbers:\n            continue\n        j = sum_of_divisors(i)\n        if i != j and sum_of_divisors(j) == i:\n            amicable_numbers.add(i)\n            amicable_numbers.add(j)\n    return sum(amicable_numbers)\n\n\ndef check(candidate):\n    assert candidate(999) == 504\n    assert candidate(9999) == 31626\n    assert candidate(99) == 0\n\ndef test_check():\n    check(amicable_numbers_sum)\n\ntest_check()\n",
      "timestamp": 1666122631,
      "stdout": "",
      "stderr": "Traceback (most recent call last):\n  File \"/tmp/tmp30ezhh0o.py\", line 24, in <module>\n    test_check()\n  File \"/tmp/tmp30ezhh0o.py\", line 22, in test_check\n    check(amicable_numbers_sum)\n  File \"/tmp/tmp30ezhh0o.py\", line 17, in check\n    assert candidate(999) == 504\n  File \"/tmp/tmp30ezhh0o.py\", line 9, in amicable_numbers_sum\n    j = sum_of_divisors(i)\nNameError: name 'sum_of_divisors' is not defined\n",
      "exit_code": 1,
      "status": "Exception"
    },
    {
      "program": "def amicable_numbers_sum(limit: int) -> int:\n    \"\"\"\n\tWrite a function to sum all amicable numbers from 1 to a specified number.\n\t\"\"\"\n    amicable_numbers = []\n    for i in range(1, limit):\n        if i not in amicable_numbers:\n            a = sum_of_divisors(i)\n            b = sum_of_divisors(a)\n            if i == b and a != b:\n                amicable_numbers.append(i)\n                amicable_numbers.append(a)\n    return sum(amicable_numbers)\n\n\ndef check(candidate):\n    assert candidate(999) == 504\n    assert candidate(9999) == 31626\n    assert candidate(99) == 0\n\ndef test_check():\n    check(amicable_numbers_sum)\n\ntest_check()\n",
      "timestamp": 1666122632,
      "stdout": "",
      "stderr": "Traceback (most recent call last):\n  File \"/tmp/tmpykpvp5of.py\", line 24, in <module>\n    test_check()\n  File \"/tmp/tmpykpvp5of.py\", line 22, in test_check\n    check(amicable_numbers_sum)\n  File \"/tmp/tmpykpvp5of.py\", line 17, in check\n    assert candidate(999) == 504\n  File \"/tmp/tmpykpvp5of.py\", line 8, in amicable_numbers_sum\n    a = sum_of_divisors(i)\nNameError: name 'sum_of_divisors' is not defined\n",
      "exit_code": 1,
      "status": "Exception"
    },
    {
      "program": "def amicable_numbers_sum(limit: int) -> int:\n    \"\"\"\n\tWrite a function to sum all amicable numbers from 1 to a specified number.\n\t\"\"\"\n    amicable_numbers = []\n    for i in range(1, limit + 1):\n        if i not in amicable_numbers:\n            sum_divisors = sum_divisors_of_number(i)\n            if sum_divisors != i:\n                if sum_divisors == sum_divisors_of_number(sum_divisors):\n                    amicable_numbers.append(i)\n                    amicable_numbers.append(sum_divisors)\n    return sum(amicable_numbers)\n\n\ndef check(candidate):\n    assert candidate(999) == 504\n    assert candidate(9999) == 31626\n    assert candidate(99) == 0\n\ndef test_check():\n    check(amicable_numbers_sum)\n\ntest_check()\n",
      "timestamp": 1666122632,
      "stdout": "",
      "stderr": "Traceback (most recent call last):\n  File \"/tmp/tmpdibwji72.py\", line 24, in <module>\n    test_check()\n  File \"/tmp/tmpdibwji72.py\", line 22, in test_check\n    check(amicable_numbers_sum)\n  File \"/tmp/tmpdibwji72.py\", line 17, in check\n    assert candidate(999) == 504\n  File \"/tmp/tmpdibwji72.py\", line 8, in amicable_numbers_sum\n    sum_divisors = sum_divisors_of_number(i)\nNameError: name 'sum_divisors_of_number' is not defined\n",
      "exit_code": 1,
      "status": "Exception"
    },
    {
      "program": "def amicable_numbers_sum(limit: int) -> int:\n    \"\"\"\n\tWrite a function to sum all amicable numbers from 1 to a specified number.\n\t\"\"\"\n    return sum(\n        [\n            x\n            for x in range(1, limit + 1)\n            if x == sum_of_divisors(sum_of_divisors(x)) and x != sum_of_divisors(x)\n        ]\n    )\n\n\ndef check(candidate):\n    assert candidate(999) == 504\n    assert candidate(9999) == 31626\n    assert candidate(99) == 0\n\ndef test_check():\n    check(amicable_numbers_sum)\n\ntest_check()\n",
      "timestamp": 1666122632,
      "stdout": "",
      "stderr": "Traceback (most recent call last):\n  File \"/tmp/tmpt0z777uf.py\", line 22, in <module>\n    test_check()\n  File \"/tmp/tmpt0z777uf.py\", line 20, in test_check\n    check(amicable_numbers_sum)\n  File \"/tmp/tmpt0z777uf.py\", line 15, in check\n    assert candidate(999) == 504\n  File \"/tmp/tmpt0z777uf.py\", line 6, in amicable_numbers_sum\n    [\n  File \"/tmp/tmpt0z777uf.py\", line 9, in <listcomp>\n    if x == sum_of_divisors(sum_of_divisors(x)) and x != sum_of_divisors(x)\nNameError: name 'sum_of_divisors' is not defined\n",
      "exit_code": 1,
      "status": "Exception"
    },
    {
      "program": "def amicable_numbers_sum(limit: int) -> int:\n    \"\"\"\n\tWrite a function to sum all amicable numbers from 1 to a specified number.\n\t\"\"\"\n    return sum(\n        [\n            x\n            for x in range(1, limit)\n            if x == sum_of_divisors(sum_of_divisors(x)) and x != sum_of_divisors(x)\n        ]\n    )\n\n\ndef check(candidate):\n    assert candidate(999) == 504\n    assert candidate(9999) == 31626\n    assert candidate(99) == 0\n\ndef test_check():\n    check(amicable_numbers_sum)\n\ntest_check()\n",
      "timestamp": 1665509935,
      "stdout": "",
      "stderr": "Traceback (most recent call last):\n  File \"/tmp/tmpicu6k89c.py\", line 22, in <module>\n    test_check()\n  File \"/tmp/tmpicu6k89c.py\", line 20, in test_check\n    check(amicable_numbers_sum)\n  File \"/tmp/tmpicu6k89c.py\", line 15, in check\n    assert candidate(999) == 504\n  File \"/tmp/tmpicu6k89c.py\", line 6, in amicable_numbers_sum\n    [\n  File \"/tmp/tmpicu6k89c.py\", line 9, in <listcomp>\n    if x == sum_of_divisors(sum_of_divisors(x)) and x != sum_of_divisors(x)\nNameError: name 'sum_of_divisors' is not defined\n",
      "exit_code": 1,
      "status": "Exception"
    },
    {
      "program": "def amicable_numbers_sum(limit: int) -> int:\n    \"\"\"\n\tWrite a function to sum all amicable numbers from 1 to a specified number.\n\t\"\"\"\n    amicable_numbers = []\n    for i in range(1, limit):\n        if i not in amicable_numbers:\n            j = sum_of_divisors(i)\n            if i == sum_of_divisors(j) and i != j:\n                amicable_numbers.append(i)\n                amicable_numbers.append(j)\n    return sum(amicable_numbers)\n\n\ndef check(candidate):\n    assert candidate(999) == 504\n    assert candidate(9999) == 31626\n    assert candidate(99) == 0\n\ndef test_check():\n    check(amicable_numbers_sum)\n\ntest_check()\n",
      "timestamp": 1666122631,
      "stdout": "",
      "stderr": "Traceback (most recent call last):\n  File \"/tmp/tmpqt6sx76l.py\", line 23, in <module>\n    test_check()\n  File \"/tmp/tmpqt6sx76l.py\", line 21, in test_check\n    check(amicable_numbers_sum)\n  File \"/tmp/tmpqt6sx76l.py\", line 16, in check\n    assert candidate(999) == 504\n  File \"/tmp/tmpqt6sx76l.py\", line 8, in amicable_numbers_sum\n    j = sum_of_divisors(i)\nNameError: name 'sum_of_divisors' is not defined\n",
      "exit_code": 1,
      "status": "Exception"
    },
    {
      "program": "def amicable_numbers_sum(limit: int) -> int:\n    \"\"\"\n\tWrite a function to sum all amicable numbers from 1 to a specified number.\n\t\"\"\"\n    sum_of_amicable_numbers = 0\n    for i in range(1, limit):\n        if is_amicable_number(i):\n            sum_of_amicable_numbers += i\n    return sum_of_amicable_numbers\n\n\ndef check(candidate):\n    assert candidate(999) == 504\n    assert candidate(9999) == 31626\n    assert candidate(99) == 0\n\ndef test_check():\n    check(amicable_numbers_sum)\n\ntest_check()\n",
      "timestamp": 1665509935,
      "stdout": "",
      "stderr": "Traceback (most recent call last):\n  File \"/tmp/tmp95m2__cp.py\", line 20, in <module>\n    test_check()\n  File \"/tmp/tmp95m2__cp.py\", line 18, in test_check\n    check(amicable_numbers_sum)\n  File \"/tmp/tmp95m2__cp.py\", line 13, in check\n    assert candidate(999) == 504\n  File \"/tmp/tmp95m2__cp.py\", line 7, in amicable_numbers_sum\n    if is_amicable_number(i):\nNameError: name 'is_amicable_number' is not defined. Did you mean: 'sum_of_amicable_numbers'?\n",
      "exit_code": 1,
      "status": "Exception"
    },
    {
      "program": "def amicable_numbers_sum(limit: int) -> int:\n    \"\"\"\n\tWrite a function to sum all amicable numbers from 1 to a specified number.\n\t\"\"\"\n    amicable_numbers = []\n    for i in range(1, limit):\n        if i not in amicable_numbers:\n            if i == sum_of_divisors(sum_of_divisors(i)) and i != sum_of_divisors(i):\n                amicable_numbers.append(i)\n                amicable_numbers.append(sum_of_divisors(i))\n    return sum(amicable_numbers)\n\n\ndef check(candidate):\n    assert candidate(999) == 504\n    assert candidate(9999) == 31626\n    assert candidate(99) == 0\n\ndef test_check():\n    check(amicable_numbers_sum)\n\ntest_check()\n",
      "timestamp": 1666122632,
      "stdout": "",
      "stderr": "Traceback (most recent call last):\n  File \"/tmp/tmpb4qxhsv7.py\", line 22, in <module>\n    test_check()\n  File \"/tmp/tmpb4qxhsv7.py\", line 20, in test_check\n    check(amicable_numbers_sum)\n  File \"/tmp/tmpb4qxhsv7.py\", line 15, in check\n    assert candidate(999) == 504\n  File \"/tmp/tmpb4qxhsv7.py\", line 8, in amicable_numbers_sum\n    if i == sum_of_divisors(sum_of_divisors(i)) and i != sum_of_divisors(i):\nNameError: name 'sum_of_divisors' is not defined\n",
      "exit_code": 1,
      "status": "Exception"
    },
    {
      "program": "def amicable_numbers_sum(limit: int) -> int:\n    \"\"\"\n\tWrite a function to sum all amicable numbers from 1 to a specified number.\n\t\"\"\"\n    return sum(\n        [\n            x\n            for x in range(1, limit)\n            if x == sum_of_divisors(sum_of_divisors(x)) and x != sum_of_divisors(x)\n        ]\n    )\n\n\ndef check(candidate):\n    assert candidate(999) == 504\n    assert candidate(9999) == 31626\n    assert candidate(99) == 0\n\ndef test_check():\n    check(amicable_numbers_sum)\n\ntest_check()\n",
      "timestamp": 1665509935,
      "stdout": "",
      "stderr": "Traceback (most recent call last):\n  File \"/tmp/tmpicu6k89c.py\", line 22, in <module>\n    test_check()\n  File \"/tmp/tmpicu6k89c.py\", line 20, in test_check\n    check(amicable_numbers_sum)\n  File \"/tmp/tmpicu6k89c.py\", line 15, in check\n    assert candidate(999) == 504\n  File \"/tmp/tmpicu6k89c.py\", line 6, in amicable_numbers_sum\n    [\n  File \"/tmp/tmpicu6k89c.py\", line 9, in <listcomp>\n    if x == sum_of_divisors(sum_of_divisors(x)) and x != sum_of_divisors(x)\nNameError: name 'sum_of_divisors' is not defined\n",
      "exit_code": 1,
      "status": "Exception"
    },
    {
      "program": "def amicable_numbers_sum(limit: int) -> int:\n    \"\"\"\n\tWrite a function to sum all amicable numbers from 1 to a specified number.\n\t\"\"\"\n    amicable_numbers = []\n    for i in range(1, limit):\n        if i in amicable_numbers:\n            continue\n        j = sum_of_divisors(i)\n        if j != i and sum_of_divisors(j) == i:\n            amicable_numbers.append(i)\n            amicable_numbers.append(j)\n    return sum(amicable_numbers)\n\n\ndef check(candidate):\n    assert candidate(999) == 504\n    assert candidate(9999) == 31626\n    assert candidate(99) == 0\n\ndef test_check():\n    check(amicable_numbers_sum)\n\ntest_check()\n",
      "timestamp": 1666122631,
      "stdout": "",
      "stderr": "Traceback (most recent call last):\n  File \"/tmp/tmp9cbgudr7.py\", line 24, in <module>\n    test_check()\n  File \"/tmp/tmp9cbgudr7.py\", line 22, in test_check\n    check(amicable_numbers_sum)\n  File \"/tmp/tmp9cbgudr7.py\", line 17, in check\n    assert candidate(999) == 504\n  File \"/tmp/tmp9cbgudr7.py\", line 9, in amicable_numbers_sum\n    j = sum_of_divisors(i)\nNameError: name 'sum_of_divisors' is not defined\n",
      "exit_code": 1,
      "status": "Exception"
    },
    {
      "program": "def amicable_numbers_sum(limit: int) -> int:\n    \"\"\"\n\tWrite a function to sum all amicable numbers from 1 to a specified number.\n\t\"\"\"\n    amicable_numbers = []\n    for i in range(1, limit):\n        if i not in amicable_numbers:\n            d_i = sum_of_divisors(i)\n            if d_i > i:\n                d_d_i = sum_of_divisors(d_i)\n                if d_d_i == i:\n                    amicable_numbers.append(i)\n                    amicable_numbers.append(d_i)\n    return sum(amicable_numbers)\n\n\ndef check(candidate):\n    assert candidate(999) == 504\n    assert candidate(9999) == 31626\n    assert candidate(99) == 0\n\ndef test_check():\n    check(amicable_numbers_sum)\n\ntest_check()\n",
      "timestamp": 1666122631,
      "stdout": "",
      "stderr": "Traceback (most recent call last):\n  File \"/tmp/tmpb2byj2zg.py\", line 25, in <module>\n    test_check()\n  File \"/tmp/tmpb2byj2zg.py\", line 23, in test_check\n    check(amicable_numbers_sum)\n  File \"/tmp/tmpb2byj2zg.py\", line 18, in check\n    assert candidate(999) == 504\n  File \"/tmp/tmpb2byj2zg.py\", line 8, in amicable_numbers_sum\n    d_i = sum_of_divisors(i)\nNameError: name 'sum_of_divisors' is not defined\n",
      "exit_code": 1,
      "status": "Exception"
    },
    {
      "program": "def amicable_numbers_sum(limit: int) -> int:\n    \"\"\"\n\tWrite a function to sum all amicable numbers from 1 to a specified number.\n\t\"\"\"\n    amicable_numbers = set()\n    for i in range(1, limit + 1):\n        if i in amicable_numbers:\n            continue\n        sum_of_divisors = sum_of_divisors_of(i)\n        if sum_of_divisors > i and sum_of_divisors <= limit:\n            if sum_of_divisors_of(sum_of_divisors) == i:\n                amicable_numbers.add(i)\n                amicable_numbers.add(sum_of_divisors)\n    return sum(amicable_numbers)\n\n\ndef check(candidate):\n    assert candidate(999) == 504\n    assert candidate(9999) == 31626\n    assert candidate(99) == 0\n\ndef test_check():\n    check(amicable_numbers_sum)\n\ntest_check()\n",
      "timestamp": 1666122632,
      "stdout": "",
      "stderr": "Traceback (most recent call last):\n  File \"/tmp/tmpw8sta7o6.py\", line 25, in <module>\n    test_check()\n  File \"/tmp/tmpw8sta7o6.py\", line 23, in test_check\n    check(amicable_numbers_sum)\n  File \"/tmp/tmpw8sta7o6.py\", line 18, in check\n    assert candidate(999) == 504\n  File \"/tmp/tmpw8sta7o6.py\", line 9, in amicable_numbers_sum\n    sum_of_divisors = sum_of_divisors_of(i)\nNameError: name 'sum_of_divisors_of' is not defined. Did you mean: 'sum_of_divisors'?\n",
      "exit_code": 1,
      "status": "Exception"
    },
    {
      "program": "def amicable_numbers_sum(limit: int) -> int:\n    \"\"\"\n\tWrite a function to sum all amicable numbers from 1 to a specified number.\n\t\"\"\"\n    sum_of_amicable_numbers = 0\n    for i in range(1, limit + 1):\n        if is_amicable_number(i):\n            sum_of_amicable_numbers += i\n    return sum_of_amicable_numbers\n\n\ndef check(candidate):\n    assert candidate(999) == 504\n    assert candidate(9999) == 31626\n    assert candidate(99) == 0\n\ndef test_check():\n    check(amicable_numbers_sum)\n\ntest_check()\n",
      "timestamp": 1665509935,
      "stdout": "",
      "stderr": "Traceback (most recent call last):\n  File \"/tmp/tmp9z8pgsiw.py\", line 20, in <module>\n    test_check()\n  File \"/tmp/tmp9z8pgsiw.py\", line 18, in test_check\n    check(amicable_numbers_sum)\n  File \"/tmp/tmp9z8pgsiw.py\", line 13, in check\n    assert candidate(999) == 504\n  File \"/tmp/tmp9z8pgsiw.py\", line 7, in amicable_numbers_sum\n    if is_amicable_number(i):\nNameError: name 'is_amicable_number' is not defined. Did you mean: 'sum_of_amicable_numbers'?\n",
      "exit_code": 1,
      "status": "Exception"
    },
    {
      "program": "def amicable_numbers_sum(limit: int) -> int:\n    \"\"\"\n\tWrite a function to sum all amicable numbers from 1 to a specified number.\n\t\"\"\"\n    amicable_numbers = []\n    for i in range(1, limit):\n        if i not in amicable_numbers:\n            a = sum_of_divisors(i)\n            b = sum_of_divisors(a)\n            if i == b and i != a:\n                amicable_numbers.append(i)\n                amicable_numbers.append(a)\n    return sum(amicable_numbers)\n\n\ndef check(candidate):\n    assert candidate(999) == 504\n    assert candidate(9999) == 31626\n    assert candidate(99) == 0\n\ndef test_check():\n    check(amicable_numbers_sum)\n\ntest_check()\n",
      "timestamp": 1666122632,
      "stdout": "",
      "stderr": "Traceback (most recent call last):\n  File \"/tmp/tmp2pk336l6.py\", line 24, in <module>\n    test_check()\n  File \"/tmp/tmp2pk336l6.py\", line 22, in test_check\n    check(amicable_numbers_sum)\n  File \"/tmp/tmp2pk336l6.py\", line 17, in check\n    assert candidate(999) == 504\n  File \"/tmp/tmp2pk336l6.py\", line 8, in amicable_numbers_sum\n    a = sum_of_divisors(i)\nNameError: name 'sum_of_divisors' is not defined\n",
      "exit_code": 1,
      "status": "Exception"
    },
    {
      "program": "def amicable_numbers_sum(limit: int) -> int:\n    \"\"\"\n\tWrite a function to sum all amicable numbers from 1 to a specified number.\n\t\"\"\"\n    return sum(amicable_numbers(limit))\n\n\ndef check(candidate):\n    assert candidate(999) == 504\n    assert candidate(9999) == 31626\n    assert candidate(99) == 0\n\ndef test_check():\n    check(amicable_numbers_sum)\n\ntest_check()\n",
      "timestamp": 1665509935,
      "stdout": "",
      "stderr": "Traceback (most recent call last):\n  File \"/tmp/tmp46dgqnv7.py\", line 16, in <module>\n    test_check()\n  File \"/tmp/tmp46dgqnv7.py\", line 14, in test_check\n    check(amicable_numbers_sum)\n  File \"/tmp/tmp46dgqnv7.py\", line 9, in check\n    assert candidate(999) == 504\n  File \"/tmp/tmp46dgqnv7.py\", line 5, in amicable_numbers_sum\n    return sum(amicable_numbers(limit))\nNameError: name 'amicable_numbers' is not defined. Did you mean: 'amicable_numbers_sum'?\n",
      "exit_code": 1,
      "status": "Exception"
    },
    {
      "program": "def amicable_numbers_sum(limit: int) -> int:\n    \"\"\"\n\tWrite a function to sum all amicable numbers from 1 to a specified number.\n\t\"\"\"\n    amicable_numbers = []\n    for i in range(1, limit + 1):\n        if is_amicable(i):\n            amicable_numbers.append(i)\n    return sum(amicable_numbers)\n\n\ndef check(candidate):\n    assert candidate(999) == 504\n    assert candidate(9999) == 31626\n    assert candidate(99) == 0\n\ndef test_check():\n    check(amicable_numbers_sum)\n\ntest_check()\n",
      "timestamp": 1666122632,
      "stdout": "",
      "stderr": "Traceback (most recent call last):\n  File \"/tmp/tmpj_1x0l2_.py\", line 20, in <module>\n    test_check()\n  File \"/tmp/tmpj_1x0l2_.py\", line 18, in test_check\n    check(amicable_numbers_sum)\n  File \"/tmp/tmpj_1x0l2_.py\", line 13, in check\n    assert candidate(999) == 504\n  File \"/tmp/tmpj_1x0l2_.py\", line 7, in amicable_numbers_sum\n    if is_amicable(i):\nNameError: name 'is_amicable' is not defined\n",
      "exit_code": 1,
      "status": "Exception"
    },
    {
      "program": "def amicable_numbers_sum(limit: int) -> int:\n    \"\"\"\n\tWrite a function to sum all amicable numbers from 1 to a specified number.\n\t\"\"\"\n    amicable_numbers = set()\n    for i in range(1, limit):\n        if i in amicable_numbers:\n            continue\n        j = sum_of_divisors(i)\n        if i == sum_of_divisors(j) and i != j:\n            amicable_numbers.add(i)\n            amicable_numbers.add(j)\n    return sum(amicable_numbers)\n\n\ndef check(candidate):\n    assert candidate(999) == 504\n    assert candidate(9999) == 31626\n    assert candidate(99) == 0\n\ndef test_check():\n    check(amicable_numbers_sum)\n\ntest_check()\n",
      "timestamp": 1666122630,
      "stdout": "",
      "stderr": "Traceback (most recent call last):\n  File \"/tmp/tmpj5d2ivd2.py\", line 24, in <module>\n    test_check()\n  File \"/tmp/tmpj5d2ivd2.py\", line 22, in test_check\n    check(amicable_numbers_sum)\n  File \"/tmp/tmpj5d2ivd2.py\", line 17, in check\n    assert candidate(999) == 504\n  File \"/tmp/tmpj5d2ivd2.py\", line 9, in amicable_numbers_sum\n    j = sum_of_divisors(i)\nNameError: name 'sum_of_divisors' is not defined\n",
      "exit_code": 1,
      "status": "Exception"
    },
    {
      "program": "def amicable_numbers_sum(limit: int) -> int:\n    \"\"\"\n\tWrite a function to sum all amicable numbers from 1 to a specified number.\n\t\"\"\"\n    amicable_numbers = set()\n    for i in range(1, limit + 1):\n        if i not in amicable_numbers:\n            j = sum_of_divisors(i)\n            if i == sum_of_divisors(j) and i != j:\n                amicable_numbers.add(i)\n                amicable_numbers.add(j)\n    return sum(amicable_numbers)\n\n\ndef check(candidate):\n    assert candidate(999) == 504\n    assert candidate(9999) == 31626\n    assert candidate(99) == 0\n\ndef test_check():\n    check(amicable_numbers_sum)\n\ntest_check()\n",
      "timestamp": 1666122631,
      "stdout": "",
      "stderr": "Traceback (most recent call last):\n  File \"/tmp/tmplo1nnehh.py\", line 23, in <module>\n    test_check()\n  File \"/tmp/tmplo1nnehh.py\", line 21, in test_check\n    check(amicable_numbers_sum)\n  File \"/tmp/tmplo1nnehh.py\", line 16, in check\n    assert candidate(999) == 504\n  File \"/tmp/tmplo1nnehh.py\", line 8, in amicable_numbers_sum\n    j = sum_of_divisors(i)\nNameError: name 'sum_of_divisors' is not defined\n",
      "exit_code": 1,
      "status": "Exception"
    },
    {
      "program": "def amicable_numbers_sum(limit: int) -> int:\n    \"\"\"\n\tWrite a function to sum all amicable numbers from 1 to a specified number.\n\t\"\"\"\n    return sum(\n        [\n            i\n            for i in range(1, limit + 1)\n            if i == sum_of_divisors(sum_of_divisors(i)) and i != sum_of_divisors(i)\n        ]\n    )\n\n\ndef check(candidate):\n    assert candidate(999) == 504\n    assert candidate(9999) == 31626\n    assert candidate(99) == 0\n\ndef test_check():\n    check(amicable_numbers_sum)\n\ntest_check()\n",
      "timestamp": 1665509935,
      "stdout": "",
      "stderr": "Traceback (most recent call last):\n  File \"/tmp/tmpmgpswgmo.py\", line 22, in <module>\n    test_check()\n  File \"/tmp/tmpmgpswgmo.py\", line 20, in test_check\n    check(amicable_numbers_sum)\n  File \"/tmp/tmpmgpswgmo.py\", line 15, in check\n    assert candidate(999) == 504\n  File \"/tmp/tmpmgpswgmo.py\", line 6, in amicable_numbers_sum\n    [\n  File \"/tmp/tmpmgpswgmo.py\", line 9, in <listcomp>\n    if i == sum_of_divisors(sum_of_divisors(i)) and i != sum_of_divisors(i)\nNameError: name 'sum_of_divisors' is not defined\n",
      "exit_code": 1,
      "status": "Exception"
    },
    {
      "program": "def amicable_numbers_sum(limit: int) -> int:\n    \"\"\"\n\tWrite a function to sum all amicable numbers from 1 to a specified number.\n\t\"\"\"\n    amicable_numbers = []\n    for i in range(1, limit):\n        if i in amicable_numbers:\n            continue\n        j = sum_of_divisors(i)\n        if i == sum_of_divisors(j) and i != j:\n            amicable_numbers.append(i)\n            amicable_numbers.append(j)\n    return sum(amicable_numbers)\n\n\ndef check(candidate):\n    assert candidate(999) == 504\n    assert candidate(9999) == 31626\n    assert candidate(99) == 0\n\ndef test_check():\n    check(amicable_numbers_sum)\n\ntest_check()\n",
      "timestamp": 1665509935,
      "stdout": "",
      "stderr": "Traceback (most recent call last):\n  File \"/tmp/tmp36jx3ctt.py\", line 24, in <module>\n    test_check()\n  File \"/tmp/tmp36jx3ctt.py\", line 22, in test_check\n    check(amicable_numbers_sum)\n  File \"/tmp/tmp36jx3ctt.py\", line 17, in check\n    assert candidate(999) == 504\n  File \"/tmp/tmp36jx3ctt.py\", line 9, in amicable_numbers_sum\n    j = sum_of_divisors(i)\nNameError: name 'sum_of_divisors' is not defined\n",
      "exit_code": 1,
      "status": "Exception"
    },
    {
      "program": "def amicable_numbers_sum(limit: int) -> int:\n    \"\"\"\n\tWrite a function to sum all amicable numbers from 1 to a specified number.\n\t\"\"\"\n    amicable_numbers = []\n    for i in range(1, limit + 1):\n        if is_amicable(i):\n            amicable_numbers.append(i)\n    return sum(amicable_numbers)\n\n\ndef check(candidate):\n    assert candidate(999) == 504\n    assert candidate(9999) == 31626\n    assert candidate(99) == 0\n\ndef test_check():\n    check(amicable_numbers_sum)\n\ntest_check()\n",
      "timestamp": 1666122632,
      "stdout": "",
      "stderr": "Traceback (most recent call last):\n  File \"/tmp/tmpj_1x0l2_.py\", line 20, in <module>\n    test_check()\n  File \"/tmp/tmpj_1x0l2_.py\", line 18, in test_check\n    check(amicable_numbers_sum)\n  File \"/tmp/tmpj_1x0l2_.py\", line 13, in check\n    assert candidate(999) == 504\n  File \"/tmp/tmpj_1x0l2_.py\", line 7, in amicable_numbers_sum\n    if is_amicable(i):\nNameError: name 'is_amicable' is not defined\n",
      "exit_code": 1,
      "status": "Exception"
    },
    {
      "program": "def amicable_numbers_sum(limit: int) -> int:\n    \"\"\"\n\tWrite a function to sum all amicable numbers from 1 to a specified number.\n\t\"\"\"\n    sum_of_amicable_numbers = 0\n    for i in range(1, limit + 1):\n        if is_amicable_number(i):\n            sum_of_amicable_numbers += i\n    return sum_of_amicable_numbers\n\n\ndef check(candidate):\n    assert candidate(999) == 504\n    assert candidate(9999) == 31626\n    assert candidate(99) == 0\n\ndef test_check():\n    check(amicable_numbers_sum)\n\ntest_check()\n",
      "timestamp": 1665509935,
      "stdout": "",
      "stderr": "Traceback (most recent call last):\n  File \"/tmp/tmp9z8pgsiw.py\", line 20, in <module>\n    test_check()\n  File \"/tmp/tmp9z8pgsiw.py\", line 18, in test_check\n    check(amicable_numbers_sum)\n  File \"/tmp/tmp9z8pgsiw.py\", line 13, in check\n    assert candidate(999) == 504\n  File \"/tmp/tmp9z8pgsiw.py\", line 7, in amicable_numbers_sum\n    if is_amicable_number(i):\nNameError: name 'is_amicable_number' is not defined. Did you mean: 'sum_of_amicable_numbers'?\n",
      "exit_code": 1,
      "status": "Exception"
    },
    {
      "program": "def amicable_numbers_sum(limit: int) -> int:\n    \"\"\"\n\tWrite a function to sum all amicable numbers from 1 to a specified number.\n\t\"\"\"\n    return sum(\n        [\n            i\n            for i in range(1, limit + 1)\n            if i == sum_of_divisors(sum_of_divisors(i)) and i != sum_of_divisors(i)\n        ]\n    )\n\n\ndef check(candidate):\n    assert candidate(999) == 504\n    assert candidate(9999) == 31626\n    assert candidate(99) == 0\n\ndef test_check():\n    check(amicable_numbers_sum)\n\ntest_check()\n",
      "timestamp": 1665509935,
      "stdout": "",
      "stderr": "Traceback (most recent call last):\n  File \"/tmp/tmpmgpswgmo.py\", line 22, in <module>\n    test_check()\n  File \"/tmp/tmpmgpswgmo.py\", line 20, in test_check\n    check(amicable_numbers_sum)\n  File \"/tmp/tmpmgpswgmo.py\", line 15, in check\n    assert candidate(999) == 504\n  File \"/tmp/tmpmgpswgmo.py\", line 6, in amicable_numbers_sum\n    [\n  File \"/tmp/tmpmgpswgmo.py\", line 9, in <listcomp>\n    if i == sum_of_divisors(sum_of_divisors(i)) and i != sum_of_divisors(i)\nNameError: name 'sum_of_divisors' is not defined\n",
      "exit_code": 1,
      "status": "Exception"
    },
    {
      "program": "def amicable_numbers_sum(limit: int) -> int:\n    \"\"\"\n\tWrite a function to sum all amicable numbers from 1 to a specified number.\n\t\"\"\"\n    amicable_numbers = set()\n    for i in range(1, limit):\n        if i not in amicable_numbers:\n            j = sum_of_divisors(i)\n            if i == sum_of_divisors(j) and i != j:\n                amicable_numbers.add(i)\n                amicable_numbers.add(j)\n    return sum(amicable_numbers)\n\n\ndef check(candidate):\n    assert candidate(999) == 504\n    assert candidate(9999) == 31626\n    assert candidate(99) == 0\n\ndef test_check():\n    check(amicable_numbers_sum)\n\ntest_check()\n",
      "timestamp": 1666122631,
      "stdout": "",
      "stderr": "Traceback (most recent call last):\n  File \"/tmp/tmpcuxea3s3.py\", line 23, in <module>\n    test_check()\n  File \"/tmp/tmpcuxea3s3.py\", line 21, in test_check\n    check(amicable_numbers_sum)\n  File \"/tmp/tmpcuxea3s3.py\", line 16, in check\n    assert candidate(999) == 504\n  File \"/tmp/tmpcuxea3s3.py\", line 8, in amicable_numbers_sum\n    j = sum_of_divisors(i)\nNameError: name 'sum_of_divisors' is not defined\n",
      "exit_code": 1,
      "status": "Exception"
    },
    {
      "program": "def amicable_numbers_sum(limit: int) -> int:\n    \"\"\"\n\tWrite a function to sum all amicable numbers from 1 to a specified number.\n\t\"\"\"\n    amicable_numbers = []\n    for i in range(1, limit + 1):\n        if i in amicable_numbers:\n            continue\n        sum_divisors_i = sum_divisors(i)\n        sum_divisors_j = sum_divisors(sum_divisors_i)\n        if i == sum_divisors_j and i != sum_divisors_i:\n            amicable_numbers.append(i)\n            amicable_numbers.append(sum_divisors_i)\n    return sum(amicable_numbers)\n\n\ndef check(candidate):\n    assert candidate(999) == 504\n    assert candidate(9999) == 31626\n    assert candidate(99) == 0\n\ndef test_check():\n    check(amicable_numbers_sum)\n\ntest_check()\n",
      "timestamp": 1666122632,
      "stdout": "",
      "stderr": "Traceback (most recent call last):\n  File \"/tmp/tmptbb2fbqq.py\", line 25, in <module>\n    test_check()\n  File \"/tmp/tmptbb2fbqq.py\", line 23, in test_check\n    check(amicable_numbers_sum)\n  File \"/tmp/tmptbb2fbqq.py\", line 18, in check\n    assert candidate(999) == 504\n  File \"/tmp/tmptbb2fbqq.py\", line 9, in amicable_numbers_sum\n    sum_divisors_i = sum_divisors(i)\nNameError: name 'sum_divisors' is not defined. Did you mean: 'sum_divisors_i'?\n",
      "exit_code": 1,
      "status": "Exception"
    },
    {
      "program": "def amicable_numbers_sum(limit: int) -> int:\n    \"\"\"\n\tWrite a function to sum all amicable numbers from 1 to a specified number.\n\t\"\"\"\n    return sum(\n        [\n            i\n            for i in range(1, limit)\n            if i == sum_of_divisors(sum_of_divisors(i)) and i != sum_of_divisors(i)\n        ]\n    )\n\n\ndef check(candidate):\n    assert candidate(999) == 504\n    assert candidate(9999) == 31626\n    assert candidate(99) == 0\n\ndef test_check():\n    check(amicable_numbers_sum)\n\ntest_check()\n",
      "timestamp": 1665509935,
      "stdout": "",
      "stderr": "Traceback (most recent call last):\n  File \"/tmp/tmp90gaj7e0.py\", line 22, in <module>\n    test_check()\n  File \"/tmp/tmp90gaj7e0.py\", line 20, in test_check\n    check(amicable_numbers_sum)\n  File \"/tmp/tmp90gaj7e0.py\", line 15, in check\n    assert candidate(999) == 504\n  File \"/tmp/tmp90gaj7e0.py\", line 6, in amicable_numbers_sum\n    [\n  File \"/tmp/tmp90gaj7e0.py\", line 9, in <listcomp>\n    if i == sum_of_divisors(sum_of_divisors(i)) and i != sum_of_divisors(i)\nNameError: name 'sum_of_divisors' is not defined\n",
      "exit_code": 1,
      "status": "Exception"
    },
    {
      "program": "def amicable_numbers_sum(limit: int) -> int:\n    \"\"\"\n\tWrite a function to sum all amicable numbers from 1 to a specified number.\n\t\"\"\"\n    amicable_numbers = []\n    for i in range(1, limit + 1):\n        if i in amicable_numbers:\n            continue\n        sum_divisors_i = sum_divisors(i)\n        if sum_divisors_i > i:\n            sum_divisors_j = sum_divisors(sum_divisors_i)\n            if sum_divisors_j == i:\n                amicable_numbers.append(i)\n                amicable_numbers.append(sum_divisors_i)\n    return sum(amicable_numbers)\n\n\ndef check(candidate):\n    assert candidate(999) == 504\n    assert candidate(9999) == 31626\n    assert candidate(99) == 0\n\ndef test_check():\n    check(amicable_numbers_sum)\n\ntest_check()\n",
      "timestamp": 1666122632,
      "stdout": "",
      "stderr": "Traceback (most recent call last):\n  File \"/tmp/tmpv3n5fzx3.py\", line 26, in <module>\n    test_check()\n  File \"/tmp/tmpv3n5fzx3.py\", line 24, in test_check\n    check(amicable_numbers_sum)\n  File \"/tmp/tmpv3n5fzx3.py\", line 19, in check\n    assert candidate(999) == 504\n  File \"/tmp/tmpv3n5fzx3.py\", line 9, in amicable_numbers_sum\n    sum_divisors_i = sum_divisors(i)\nNameError: name 'sum_divisors' is not defined. Did you mean: 'sum_divisors_i'?\n",
      "exit_code": 1,
      "status": "Exception"
    },
    {
      "program": "def amicable_numbers_sum(limit: int) -> int:\n    \"\"\"\n\tWrite a function to sum all amicable numbers from 1 to a specified number.\n\t\"\"\"\n    amicable_numbers = []\n    for i in range(1, limit):\n        if i in amicable_numbers:\n            continue\n        sum_divisors_i = sum_divisors(i)\n        if sum_divisors_i > i:\n            sum_divisors_sum_divisors_i = sum_divisors(sum_divisors_i)\n            if sum_divisors_sum_divisors_i == i:\n                amicable_numbers.append(i)\n                amicable_numbers.append(sum_divisors_i)\n    return sum(amicable_numbers)\n\n\ndef check(candidate):\n    assert candidate(999) == 504\n    assert candidate(9999) == 31626\n    assert candidate(99) == 0\n\ndef test_check():\n    check(amicable_numbers_sum)\n\ntest_check()\n",
      "timestamp": 1666122630,
      "stdout": "",
      "stderr": "Traceback (most recent call last):\n  File \"/tmp/tmpc839dxq7.py\", line 26, in <module>\n    test_check()\n  File \"/tmp/tmpc839dxq7.py\", line 24, in test_check\n    check(amicable_numbers_sum)\n  File \"/tmp/tmpc839dxq7.py\", line 19, in check\n    assert candidate(999) == 504\n  File \"/tmp/tmpc839dxq7.py\", line 9, in amicable_numbers_sum\n    sum_divisors_i = sum_divisors(i)\nNameError: name 'sum_divisors' is not defined. Did you mean: 'sum_divisors_i'?\n",
      "exit_code": 1,
      "status": "Exception"
    },
    {
      "program": "def amicable_numbers_sum(limit: int) -> int:\n    \"\"\"\n\tWrite a function to sum all amicable numbers from 1 to a specified number.\n\t\"\"\"\n    amicable_numbers = []\n    for i in range(1, limit + 1):\n        if i in amicable_numbers:\n            continue\n        divisors_sum = sum(divisors(i))\n        if i != divisors_sum and sum(divisors(divisors_sum)) == i:\n            amicable_numbers.append(i)\n            amicable_numbers.append(divisors_sum)\n    return sum(amicable_numbers)\n\n\ndef check(candidate):\n    assert candidate(999) == 504\n    assert candidate(9999) == 31626\n    assert candidate(99) == 0\n\ndef test_check():\n    check(amicable_numbers_sum)\n\ntest_check()\n",
      "timestamp": 1666122632,
      "stdout": "",
      "stderr": "Traceback (most recent call last):\n  File \"/tmp/tmpa9zj10rl.py\", line 24, in <module>\n    test_check()\n  File \"/tmp/tmpa9zj10rl.py\", line 22, in test_check\n    check(amicable_numbers_sum)\n  File \"/tmp/tmpa9zj10rl.py\", line 17, in check\n    assert candidate(999) == 504\n  File \"/tmp/tmpa9zj10rl.py\", line 9, in amicable_numbers_sum\n    divisors_sum = sum(divisors(i))\nNameError: name 'divisors' is not defined\n",
      "exit_code": 1,
      "status": "Exception"
    },
    {
      "program": "def amicable_numbers_sum(limit: int) -> int:\n    \"\"\"\n\tWrite a function to sum all amicable numbers from 1 to a specified number.\n\t\"\"\"\n    amicable_numbers = []\n    for i in range(1, limit):\n        if i in amicable_numbers:\n            continue\n        sum_of_divisors = sum_of_divisors_of(i)\n        if sum_of_divisors > i:\n            sum_of_divisors_of_sum_of_divisors = sum_of_divisors_of(sum_of_divisors)\n            if sum_of_divisors_of_sum_of_divisors == i:\n                amicable_numbers.append(i)\n                amicable_numbers.append(sum_of_divisors)\n    return sum(amicable_numbers)\n\n\ndef check(candidate):\n    assert candidate(999) == 504\n    assert candidate(9999) == 31626\n    assert candidate(99) == 0\n\ndef test_check():\n    check(amicable_numbers_sum)\n\ntest_check()\n",
      "timestamp": 1665509935,
      "stdout": "",
      "stderr": "Traceback (most recent call last):\n  File \"/tmp/tmpaea3qmgj.py\", line 26, in <module>\n    test_check()\n  File \"/tmp/tmpaea3qmgj.py\", line 24, in test_check\n    check(amicable_numbers_sum)\n  File \"/tmp/tmpaea3qmgj.py\", line 19, in check\n    assert candidate(999) == 504\n  File \"/tmp/tmpaea3qmgj.py\", line 9, in amicable_numbers_sum\n    sum_of_divisors = sum_of_divisors_of(i)\nNameError: name 'sum_of_divisors_of' is not defined. Did you mean: 'sum_of_divisors'?\n",
      "exit_code": 1,
      "status": "Exception"
    },
    {
      "program": "def amicable_numbers_sum(limit: int) -> int:\n    \"\"\"\n\tWrite a function to sum all amicable numbers from 1 to a specified number.\n\t\"\"\"\n    return sum(\n        [\n            i\n            for i in range(1, limit)\n            if i == sum_of_divisors(sum_of_divisors(i)) and i != sum_of_divisors(i)\n        ]\n    )\n\n\ndef check(candidate):\n    assert candidate(999) == 504\n    assert candidate(9999) == 31626\n    assert candidate(99) == 0\n\ndef test_check():\n    check(amicable_numbers_sum)\n\ntest_check()\n",
      "timestamp": 1665509935,
      "stdout": "",
      "stderr": "Traceback (most recent call last):\n  File \"/tmp/tmp90gaj7e0.py\", line 22, in <module>\n    test_check()\n  File \"/tmp/tmp90gaj7e0.py\", line 20, in test_check\n    check(amicable_numbers_sum)\n  File \"/tmp/tmp90gaj7e0.py\", line 15, in check\n    assert candidate(999) == 504\n  File \"/tmp/tmp90gaj7e0.py\", line 6, in amicable_numbers_sum\n    [\n  File \"/tmp/tmp90gaj7e0.py\", line 9, in <listcomp>\n    if i == sum_of_divisors(sum_of_divisors(i)) and i != sum_of_divisors(i)\nNameError: name 'sum_of_divisors' is not defined\n",
      "exit_code": 1,
      "status": "Exception"
    },
    {
      "program": "def amicable_numbers_sum(limit: int) -> int:\n    \"\"\"\n\tWrite a function to sum all amicable numbers from 1 to a specified number.\n\t\"\"\"\n    amicable_numbers = set()\n    for i in range(1, limit):\n        if i in amicable_numbers:\n            continue\n        a = sum_of_divisors(i)\n        b = sum_of_divisors(a)\n        if i == b and a != b:\n            amicable_numbers.add(i)\n            amicable_numbers.add(a)\n    return sum(amicable_numbers)\n\n\ndef check(candidate):\n    assert candidate(999) == 504\n    assert candidate(9999) == 31626\n    assert candidate(99) == 0\n\ndef test_check():\n    check(amicable_numbers_sum)\n\ntest_check()\n",
      "timestamp": 1666122632,
      "stdout": "",
      "stderr": "Traceback (most recent call last):\n  File \"/tmp/tmpmype9b9_.py\", line 25, in <module>\n    test_check()\n  File \"/tmp/tmpmype9b9_.py\", line 23, in test_check\n    check(amicable_numbers_sum)\n  File \"/tmp/tmpmype9b9_.py\", line 18, in check\n    assert candidate(999) == 504\n  File \"/tmp/tmpmype9b9_.py\", line 9, in amicable_numbers_sum\n    a = sum_of_divisors(i)\nNameError: name 'sum_of_divisors' is not defined\n",
      "exit_code": 1,
      "status": "Exception"
    },
    {
      "program": "def amicable_numbers_sum(limit: int) -> int:\n    \"\"\"\n\tWrite a function to sum all amicable numbers from 1 to a specified number.\n\t\"\"\"\n    amicable_numbers = set()\n    for i in range(1, limit):\n        if i in amicable_numbers:\n            continue\n        j = sum_of_divisors(i)\n        if j > i and sum_of_divisors(j) == i:\n            amicable_numbers.add(i)\n            amicable_numbers.add(j)\n    return sum(amicable_numbers)\n\n\ndef check(candidate):\n    assert candidate(999) == 504\n    assert candidate(9999) == 31626\n    assert candidate(99) == 0\n\ndef test_check():\n    check(amicable_numbers_sum)\n\ntest_check()\n",
      "timestamp": 1666122632,
      "stdout": "",
      "stderr": "Traceback (most recent call last):\n  File \"/tmp/tmpzmv0rjkh.py\", line 24, in <module>\n    test_check()\n  File \"/tmp/tmpzmv0rjkh.py\", line 22, in test_check\n    check(amicable_numbers_sum)\n  File \"/tmp/tmpzmv0rjkh.py\", line 17, in check\n    assert candidate(999) == 504\n  File \"/tmp/tmpzmv0rjkh.py\", line 9, in amicable_numbers_sum\n    j = sum_of_divisors(i)\nNameError: name 'sum_of_divisors' is not defined\n",
      "exit_code": 1,
      "status": "Exception"
    },
    {
      "program": "def amicable_numbers_sum(limit: int) -> int:\n    \"\"\"\n\tWrite a function to sum all amicable numbers from 1 to a specified number.\n\t\"\"\"\n    amicable_numbers = []\n    for i in range(1, limit + 1):\n        if is_amicable(i):\n            amicable_numbers.append(i)\n    return sum(amicable_numbers)\n\n\ndef check(candidate):\n    assert candidate(999) == 504\n    assert candidate(9999) == 31626\n    assert candidate(99) == 0\n\ndef test_check():\n    check(amicable_numbers_sum)\n\ntest_check()\n",
      "timestamp": 1666122632,
      "stdout": "",
      "stderr": "Traceback (most recent call last):\n  File \"/tmp/tmpj_1x0l2_.py\", line 20, in <module>\n    test_check()\n  File \"/tmp/tmpj_1x0l2_.py\", line 18, in test_check\n    check(amicable_numbers_sum)\n  File \"/tmp/tmpj_1x0l2_.py\", line 13, in check\n    assert candidate(999) == 504\n  File \"/tmp/tmpj_1x0l2_.py\", line 7, in amicable_numbers_sum\n    if is_amicable(i):\nNameError: name 'is_amicable' is not defined\n",
      "exit_code": 1,
      "status": "Exception"
    },
    {
      "program": "def amicable_numbers_sum(limit: int) -> int:\n    \"\"\"\n\tWrite a function to sum all amicable numbers from 1 to a specified number.\n\t\"\"\"\n    amicable_numbers = []\n    for i in range(1, limit + 1):\n        if is_amicable(i):\n            amicable_numbers.append(i)\n    return sum(amicable_numbers)\n\n\ndef check(candidate):\n    assert candidate(999) == 504\n    assert candidate(9999) == 31626\n    assert candidate(99) == 0\n\ndef test_check():\n    check(amicable_numbers_sum)\n\ntest_check()\n",
      "timestamp": 1666122632,
      "stdout": "",
      "stderr": "Traceback (most recent call last):\n  File \"/tmp/tmpj_1x0l2_.py\", line 20, in <module>\n    test_check()\n  File \"/tmp/tmpj_1x0l2_.py\", line 18, in test_check\n    check(amicable_numbers_sum)\n  File \"/tmp/tmpj_1x0l2_.py\", line 13, in check\n    assert candidate(999) == 504\n  File \"/tmp/tmpj_1x0l2_.py\", line 7, in amicable_numbers_sum\n    if is_amicable(i):\nNameError: name 'is_amicable' is not defined\n",
      "exit_code": 1,
      "status": "Exception"
    },
    {
      "program": "def amicable_numbers_sum(limit: int) -> int:\n    \"\"\"\n\tWrite a function to sum all amicable numbers from 1 to a specified number.\n\t\"\"\"\n    amicable_numbers = []\n    for i in range(1, limit):\n        if i in amicable_numbers:\n            continue\n        j = sum_of_divisors(i)\n        if i == sum_of_divisors(j) and i != j:\n            amicable_numbers.append(i)\n            amicable_numbers.append(j)\n    return sum(amicable_numbers)\n\n\ndef check(candidate):\n    assert candidate(999) == 504\n    assert candidate(9999) == 31626\n    assert candidate(99) == 0\n\ndef test_check():\n    check(amicable_numbers_sum)\n\ntest_check()\n",
      "timestamp": 1665509935,
      "stdout": "",
      "stderr": "Traceback (most recent call last):\n  File \"/tmp/tmp36jx3ctt.py\", line 24, in <module>\n    test_check()\n  File \"/tmp/tmp36jx3ctt.py\", line 22, in test_check\n    check(amicable_numbers_sum)\n  File \"/tmp/tmp36jx3ctt.py\", line 17, in check\n    assert candidate(999) == 504\n  File \"/tmp/tmp36jx3ctt.py\", line 9, in amicable_numbers_sum\n    j = sum_of_divisors(i)\nNameError: name 'sum_of_divisors' is not defined\n",
      "exit_code": 1,
      "status": "Exception"
    },
    {
      "program": "def amicable_numbers_sum(limit: int) -> int:\n    \"\"\"\n\tWrite a function to sum all amicable numbers from 1 to a specified number.\n\t\"\"\"\n    return sum(\n        [\n            x\n            for x in range(1, limit + 1)\n            if x != sum_proper_divisors(x) and x == sum_proper_divisors(sum_proper_divisors(x))\n        ]\n    )\n\n\ndef check(candidate):\n    assert candidate(999) == 504\n    assert candidate(9999) == 31626\n    assert candidate(99) == 0\n\ndef test_check():\n    check(amicable_numbers_sum)\n\ntest_check()\n",
      "timestamp": 1666122632,
      "stdout": "",
      "stderr": "Traceback (most recent call last):\n  File \"/tmp/tmp42lgs8s6.py\", line 22, in <module>\n    test_check()\n  File \"/tmp/tmp42lgs8s6.py\", line 20, in test_check\n    check(amicable_numbers_sum)\n  File \"/tmp/tmp42lgs8s6.py\", line 15, in check\n    assert candidate(999) == 504\n  File \"/tmp/tmp42lgs8s6.py\", line 6, in amicable_numbers_sum\n    [\n  File \"/tmp/tmp42lgs8s6.py\", line 9, in <listcomp>\n    if x != sum_proper_divisors(x) and x == sum_proper_divisors(sum_proper_divisors(x))\nNameError: name 'sum_proper_divisors' is not defined\n",
      "exit_code": 1,
      "status": "Exception"
    },
    {
      "program": "def amicable_numbers_sum(limit: int) -> int:\n    \"\"\"\n\tWrite a function to sum all amicable numbers from 1 to a specified number.\n\t\"\"\"\n    amicable_numbers = []\n    for i in range(1, limit):\n        if i in amicable_numbers:\n            continue\n        divisors_sum = sum(get_divisors(i))\n        if i == sum(get_divisors(divisors_sum)) and i != divisors_sum:\n            amicable_numbers.append(i)\n            amicable_numbers.append(divisors_sum)\n    return sum(amicable_numbers)\n\n\ndef check(candidate):\n    assert candidate(999) == 504\n    assert candidate(9999) == 31626\n    assert candidate(99) == 0\n\ndef test_check():\n    check(amicable_numbers_sum)\n\ntest_check()\n",
      "timestamp": 1666122631,
      "stdout": "",
      "stderr": "Traceback (most recent call last):\n  File \"/tmp/tmpm4tje86e.py\", line 24, in <module>\n    test_check()\n  File \"/tmp/tmpm4tje86e.py\", line 22, in test_check\n    check(amicable_numbers_sum)\n  File \"/tmp/tmpm4tje86e.py\", line 17, in check\n    assert candidate(999) == 504\n  File \"/tmp/tmpm4tje86e.py\", line 9, in amicable_numbers_sum\n    divisors_sum = sum(get_divisors(i))\nNameError: name 'get_divisors' is not defined\n",
      "exit_code": 1,
      "status": "Exception"
    },
    {
      "program": "def amicable_numbers_sum(limit: int) -> int:\n    \"\"\"\n\tWrite a function to sum all amicable numbers from 1 to a specified number.\n\t\"\"\"\n    amicable_numbers = []\n    for i in range(1, limit):\n        if i in amicable_numbers:\n            continue\n        amicable_pair = sum_of_divisors(i)\n        if sum_of_divisors(amicable_pair) == i and i != amicable_pair:\n            amicable_numbers.append(i)\n            amicable_numbers.append(amicable_pair)\n    return sum(amicable_numbers)\n\n\ndef check(candidate):\n    assert candidate(999) == 504\n    assert candidate(9999) == 31626\n    assert candidate(99) == 0\n\ndef test_check():\n    check(amicable_numbers_sum)\n\ntest_check()\n",
      "timestamp": 1666122632,
      "stdout": "",
      "stderr": "Traceback (most recent call last):\n  File \"/tmp/tmpqw98v4xd.py\", line 24, in <module>\n    test_check()\n  File \"/tmp/tmpqw98v4xd.py\", line 22, in test_check\n    check(amicable_numbers_sum)\n  File \"/tmp/tmpqw98v4xd.py\", line 17, in check\n    assert candidate(999) == 504\n  File \"/tmp/tmpqw98v4xd.py\", line 9, in amicable_numbers_sum\n    amicable_pair = sum_of_divisors(i)\nNameError: name 'sum_of_divisors' is not defined\n",
      "exit_code": 1,
      "status": "Exception"
    },
    {
      "program": "def amicable_numbers_sum(limit: int) -> int:\n    \"\"\"\n\tWrite a function to sum all amicable numbers from 1 to a specified number.\n\t\"\"\"\n    amicable_numbers = set()\n    for i in range(1, limit):\n        if i in amicable_numbers:\n            continue\n        j = sum_of_divisors(i)\n        if i == sum_of_divisors(j) and i != j:\n            amicable_numbers.add(i)\n            amicable_numbers.add(j)\n    return sum(amicable_numbers)\n\n\ndef check(candidate):\n    assert candidate(999) == 504\n    assert candidate(9999) == 31626\n    assert candidate(99) == 0\n\ndef test_check():\n    check(amicable_numbers_sum)\n\ntest_check()\n",
      "timestamp": 1666122630,
      "stdout": "",
      "stderr": "Traceback (most recent call last):\n  File \"/tmp/tmpj5d2ivd2.py\", line 24, in <module>\n    test_check()\n  File \"/tmp/tmpj5d2ivd2.py\", line 22, in test_check\n    check(amicable_numbers_sum)\n  File \"/tmp/tmpj5d2ivd2.py\", line 17, in check\n    assert candidate(999) == 504\n  File \"/tmp/tmpj5d2ivd2.py\", line 9, in amicable_numbers_sum\n    j = sum_of_divisors(i)\nNameError: name 'sum_of_divisors' is not defined\n",
      "exit_code": 1,
      "status": "Exception"
    },
    {
      "program": "def amicable_numbers_sum(limit: int) -> int:\n    \"\"\"\n\tWrite a function to sum all amicable numbers from 1 to a specified number.\n\t\"\"\"\n    return sum(\n        [\n            x\n            for x in range(1, limit)\n            if x == sum_proper_divisors(sum_proper_divisors(x)) and x != sum_proper_divisors(x)\n        ]\n    )\n\n\ndef check(candidate):\n    assert candidate(999) == 504\n    assert candidate(9999) == 31626\n    assert candidate(99) == 0\n\ndef test_check():\n    check(amicable_numbers_sum)\n\ntest_check()\n",
      "timestamp": 1666122632,
      "stdout": "",
      "stderr": "Traceback (most recent call last):\n  File \"/tmp/tmp_4vd4n2n.py\", line 22, in <module>\n    test_check()\n  File \"/tmp/tmp_4vd4n2n.py\", line 20, in test_check\n    check(amicable_numbers_sum)\n  File \"/tmp/tmp_4vd4n2n.py\", line 15, in check\n    assert candidate(999) == 504\n  File \"/tmp/tmp_4vd4n2n.py\", line 6, in amicable_numbers_sum\n    [\n  File \"/tmp/tmp_4vd4n2n.py\", line 9, in <listcomp>\n    if x == sum_proper_divisors(sum_proper_divisors(x)) and x != sum_proper_divisors(x)\nNameError: name 'sum_proper_divisors' is not defined\n",
      "exit_code": 1,
      "status": "Exception"
    },
    {
      "program": "def amicable_numbers_sum(limit: int) -> int:\n    \"\"\"\n\tWrite a function to sum all amicable numbers from 1 to a specified number.\n\t\"\"\"\n    return sum(\n        [\n            i\n            for i in range(1, limit)\n            if i == sum_of_divisors(sum_of_divisors(i)) and i != sum_of_divisors(i)\n        ]\n    )\n\n\ndef check(candidate):\n    assert candidate(999) == 504\n    assert candidate(9999) == 31626\n    assert candidate(99) == 0\n\ndef test_check():\n    check(amicable_numbers_sum)\n\ntest_check()\n",
      "timestamp": 1665509935,
      "stdout": "",
      "stderr": "Traceback (most recent call last):\n  File \"/tmp/tmp90gaj7e0.py\", line 22, in <module>\n    test_check()\n  File \"/tmp/tmp90gaj7e0.py\", line 20, in test_check\n    check(amicable_numbers_sum)\n  File \"/tmp/tmp90gaj7e0.py\", line 15, in check\n    assert candidate(999) == 504\n  File \"/tmp/tmp90gaj7e0.py\", line 6, in amicable_numbers_sum\n    [\n  File \"/tmp/tmp90gaj7e0.py\", line 9, in <listcomp>\n    if i == sum_of_divisors(sum_of_divisors(i)) and i != sum_of_divisors(i)\nNameError: name 'sum_of_divisors' is not defined\n",
      "exit_code": 1,
      "status": "Exception"
    },
    {
      "program": "def amicable_numbers_sum(limit: int) -> int:\n    \"\"\"\n\tWrite a function to sum all amicable numbers from 1 to a specified number.\n\t\"\"\"\n    amicable_numbers = []\n    for i in range(1, limit):\n        if i not in amicable_numbers:\n            d1 = sum_of_divisors(i)\n            d2 = sum_of_divisors(d1)\n            if d2 == i and d1 != d2:\n                amicable_numbers.append(i)\n                amicable_numbers.append(d1)\n    return sum(amicable_numbers)\n\n\ndef check(candidate):\n    assert candidate(999) == 504\n    assert candidate(9999) == 31626\n    assert candidate(99) == 0\n\ndef test_check():\n    check(amicable_numbers_sum)\n\ntest_check()\n",
      "timestamp": 1666122632,
      "stdout": "",
      "stderr": "Traceback (most recent call last):\n  File \"/tmp/tmp6wr02yk6.py\", line 24, in <module>\n    test_check()\n  File \"/tmp/tmp6wr02yk6.py\", line 22, in test_check\n    check(amicable_numbers_sum)\n  File \"/tmp/tmp6wr02yk6.py\", line 17, in check\n    assert candidate(999) == 504\n  File \"/tmp/tmp6wr02yk6.py\", line 8, in amicable_numbers_sum\n    d1 = sum_of_divisors(i)\nNameError: name 'sum_of_divisors' is not defined\n",
      "exit_code": 1,
      "status": "Exception"
    },
    {
      "program": "def amicable_numbers_sum(limit: int) -> int:\n    \"\"\"\n\tWrite a function to sum all amicable numbers from 1 to a specified number.\n\t\"\"\"\n    amicable_numbers = []\n    for i in range(1, limit):\n        if i not in amicable_numbers:\n            j = sum_of_divisors(i)\n            if i == sum_of_divisors(j) and i != j:\n                amicable_numbers.append(i)\n                amicable_numbers.append(j)\n    return sum(amicable_numbers)\n\n\ndef check(candidate):\n    assert candidate(999) == 504\n    assert candidate(9999) == 31626\n    assert candidate(99) == 0\n\ndef test_check():\n    check(amicable_numbers_sum)\n\ntest_check()\n",
      "timestamp": 1666122631,
      "stdout": "",
      "stderr": "Traceback (most recent call last):\n  File \"/tmp/tmpqt6sx76l.py\", line 23, in <module>\n    test_check()\n  File \"/tmp/tmpqt6sx76l.py\", line 21, in test_check\n    check(amicable_numbers_sum)\n  File \"/tmp/tmpqt6sx76l.py\", line 16, in check\n    assert candidate(999) == 504\n  File \"/tmp/tmpqt6sx76l.py\", line 8, in amicable_numbers_sum\n    j = sum_of_divisors(i)\nNameError: name 'sum_of_divisors' is not defined\n",
      "exit_code": 1,
      "status": "Exception"
    },
    {
      "program": "def amicable_numbers_sum(limit: int) -> int:\n    \"\"\"\n\tWrite a function to sum all amicable numbers from 1 to a specified number.\n\t\"\"\"\n    return sum(\n        [\n            i\n            for i in range(1, limit)\n            if i == sum_of_divisors(sum_of_divisors(i)) and i != sum_of_divisors(i)\n        ]\n    )\n\n\ndef check(candidate):\n    assert candidate(999) == 504\n    assert candidate(9999) == 31626\n    assert candidate(99) == 0\n\ndef test_check():\n    check(amicable_numbers_sum)\n\ntest_check()\n",
      "timestamp": 1665509935,
      "stdout": "",
      "stderr": "Traceback (most recent call last):\n  File \"/tmp/tmp90gaj7e0.py\", line 22, in <module>\n    test_check()\n  File \"/tmp/tmp90gaj7e0.py\", line 20, in test_check\n    check(amicable_numbers_sum)\n  File \"/tmp/tmp90gaj7e0.py\", line 15, in check\n    assert candidate(999) == 504\n  File \"/tmp/tmp90gaj7e0.py\", line 6, in amicable_numbers_sum\n    [\n  File \"/tmp/tmp90gaj7e0.py\", line 9, in <listcomp>\n    if i == sum_of_divisors(sum_of_divisors(i)) and i != sum_of_divisors(i)\nNameError: name 'sum_of_divisors' is not defined\n",
      "exit_code": 1,
      "status": "Exception"
    },
    {
      "program": "def amicable_numbers_sum(limit: int) -> int:\n    \"\"\"\n\tWrite a function to sum all amicable numbers from 1 to a specified number.\n\t\"\"\"\n    amicable_numbers = []\n    for i in range(1, limit + 1):\n        if i not in amicable_numbers:\n            divisors_sum = sum(get_divisors(i))\n            if sum(get_divisors(divisors_sum)) == i and divisors_sum != i:\n                amicable_numbers.append(i)\n                amicable_numbers.append(divisors_sum)\n    return sum(amicable_numbers)\n\n\ndef check(candidate):\n    assert candidate(999) == 504\n    assert candidate(9999) == 31626\n    assert candidate(99) == 0\n\ndef test_check():\n    check(amicable_numbers_sum)\n\ntest_check()\n",
      "timestamp": 1666122632,
      "stdout": "",
      "stderr": "Traceback (most recent call last):\n  File \"/tmp/tmpdsysmfmr.py\", line 23, in <module>\n    test_check()\n  File \"/tmp/tmpdsysmfmr.py\", line 21, in test_check\n    check(amicable_numbers_sum)\n  File \"/tmp/tmpdsysmfmr.py\", line 16, in check\n    assert candidate(999) == 504\n  File \"/tmp/tmpdsysmfmr.py\", line 8, in amicable_numbers_sum\n    divisors_sum = sum(get_divisors(i))\nNameError: name 'get_divisors' is not defined\n",
      "exit_code": 1,
      "status": "Exception"
    },
    {
      "program": "def amicable_numbers_sum(limit: int) -> int:\n    \"\"\"\n\tWrite a function to sum all amicable numbers from 1 to a specified number.\n\t\"\"\"\n    amicable_numbers = []\n    for i in range(1, limit):\n        if i not in amicable_numbers:\n            divisors_sum = sum(divisors(i))\n            if i == sum(divisors(divisors_sum)) and i != divisors_sum:\n                amicable_numbers.append(i)\n                amicable_numbers.append(divisors_sum)\n    return sum(amicable_numbers)\n\n\ndef check(candidate):\n    assert candidate(999) == 504\n    assert candidate(9999) == 31626\n    assert candidate(99) == 0\n\ndef test_check():\n    check(amicable_numbers_sum)\n\ntest_check()\n",
      "timestamp": 1666122632,
      "stdout": "",
      "stderr": "Traceback (most recent call last):\n  File \"/tmp/tmp1o5i0lfv.py\", line 23, in <module>\n    test_check()\n  File \"/tmp/tmp1o5i0lfv.py\", line 21, in test_check\n    check(amicable_numbers_sum)\n  File \"/tmp/tmp1o5i0lfv.py\", line 16, in check\n    assert candidate(999) == 504\n  File \"/tmp/tmp1o5i0lfv.py\", line 8, in amicable_numbers_sum\n    divisors_sum = sum(divisors(i))\nNameError: name 'divisors' is not defined\n",
      "exit_code": 1,
      "status": "Exception"
    },
    {
      "program": "def amicable_numbers_sum(limit: int) -> int:\n    \"\"\"\n\tWrite a function to sum all amicable numbers from 1 to a specified number.\n\t\"\"\"\n    amicable_numbers = set()\n    for i in range(1, limit):\n        if i not in amicable_numbers:\n            a = sum_of_divisors(i)\n            b = sum_of_divisors(a)\n            if i == b and a != b:\n                amicable_numbers.add(i)\n                amicable_numbers.add(a)\n    return sum(amicable_numbers)\n\n\ndef check(candidate):\n    assert candidate(999) == 504\n    assert candidate(9999) == 31626\n    assert candidate(99) == 0\n\ndef test_check():\n    check(amicable_numbers_sum)\n\ntest_check()\n",
      "timestamp": 1666122632,
      "stdout": "",
      "stderr": "Traceback (most recent call last):\n  File \"/tmp/tmpf9fb2fsp.py\", line 24, in <module>\n    test_check()\n  File \"/tmp/tmpf9fb2fsp.py\", line 22, in test_check\n    check(amicable_numbers_sum)\n  File \"/tmp/tmpf9fb2fsp.py\", line 17, in check\n    assert candidate(999) == 504\n  File \"/tmp/tmpf9fb2fsp.py\", line 8, in amicable_numbers_sum\n    a = sum_of_divisors(i)\nNameError: name 'sum_of_divisors' is not defined\n",
      "exit_code": 1,
      "status": "Exception"
    },
    {
      "program": "def amicable_numbers_sum(limit: int) -> int:\n    \"\"\"\n\tWrite a function to sum all amicable numbers from 1 to a specified number.\n\t\"\"\"\n    amicable_numbers = []\n    for i in range(1, limit + 1):\n        if i not in amicable_numbers:\n            a = sum_of_divisors(i)\n            b = sum_of_divisors(a)\n            if i == b and a != b:\n                amicable_numbers.append(i)\n                amicable_numbers.append(a)\n    return sum(amicable_numbers)\n\n\ndef check(candidate):\n    assert candidate(999) == 504\n    assert candidate(9999) == 31626\n    assert candidate(99) == 0\n\ndef test_check():\n    check(amicable_numbers_sum)\n\ntest_check()\n",
      "timestamp": 1666122632,
      "stdout": "",
      "stderr": "Traceback (most recent call last):\n  File \"/tmp/tmphg7mxbxw.py\", line 24, in <module>\n    test_check()\n  File \"/tmp/tmphg7mxbxw.py\", line 22, in test_check\n    check(amicable_numbers_sum)\n  File \"/tmp/tmphg7mxbxw.py\", line 17, in check\n    assert candidate(999) == 504\n  File \"/tmp/tmphg7mxbxw.py\", line 8, in amicable_numbers_sum\n    a = sum_of_divisors(i)\nNameError: name 'sum_of_divisors' is not defined\n",
      "exit_code": 1,
      "status": "Exception"
    },
    {
      "program": "def amicable_numbers_sum(limit: int) -> int:\n    \"\"\"\n\tWrite a function to sum all amicable numbers from 1 to a specified number.\n\t\"\"\"\n    return sum(amicable_numbers(limit))\n\n\ndef check(candidate):\n    assert candidate(999) == 504\n    assert candidate(9999) == 31626\n    assert candidate(99) == 0\n\ndef test_check():\n    check(amicable_numbers_sum)\n\ntest_check()\n",
      "timestamp": 1665509935,
      "stdout": "",
      "stderr": "Traceback (most recent call last):\n  File \"/tmp/tmp46dgqnv7.py\", line 16, in <module>\n    test_check()\n  File \"/tmp/tmp46dgqnv7.py\", line 14, in test_check\n    check(amicable_numbers_sum)\n  File \"/tmp/tmp46dgqnv7.py\", line 9, in check\n    assert candidate(999) == 504\n  File \"/tmp/tmp46dgqnv7.py\", line 5, in amicable_numbers_sum\n    return sum(amicable_numbers(limit))\nNameError: name 'amicable_numbers' is not defined. Did you mean: 'amicable_numbers_sum'?\n",
      "exit_code": 1,
      "status": "Exception"
    },
    {
      "program": "def amicable_numbers_sum(limit: int) -> int:\n    \"\"\"\n\tWrite a function to sum all amicable numbers from 1 to a specified number.\n\t\"\"\"\n    amicable_numbers = []\n    for i in range(1, limit + 1):\n        if i not in amicable_numbers:\n            divisor_sum = sum_of_divisors(i)\n            if divisor_sum != i:\n                divisor_sum_of_divisor_sum = sum_of_divisors(divisor_sum)\n                if divisor_sum_of_divisor_sum == i:\n                    amicable_numbers.append(i)\n                    amicable_numbers.append(divisor_sum)\n    return sum(amicable_numbers)\n\n\ndef check(candidate):\n    assert candidate(999) == 504\n    assert candidate(9999) == 31626\n    assert candidate(99) == 0\n\ndef test_check():\n    check(amicable_numbers_sum)\n\ntest_check()\n",
      "timestamp": 1666122632,
      "stdout": "",
      "stderr": "Traceback (most recent call last):\n  File \"/tmp/tmpjqelub0h.py\", line 25, in <module>\n    test_check()\n  File \"/tmp/tmpjqelub0h.py\", line 23, in test_check\n    check(amicable_numbers_sum)\n  File \"/tmp/tmpjqelub0h.py\", line 18, in check\n    assert candidate(999) == 504\n  File \"/tmp/tmpjqelub0h.py\", line 8, in amicable_numbers_sum\n    divisor_sum = sum_of_divisors(i)\nNameError: name 'sum_of_divisors' is not defined\n",
      "exit_code": 1,
      "status": "Exception"
    },
    {
      "program": "def amicable_numbers_sum(limit: int) -> int:\n    \"\"\"\n\tWrite a function to sum all amicable numbers from 1 to a specified number.\n\t\"\"\"\n    amicable_numbers = []\n    for i in range(1, limit):\n        if i in amicable_numbers:\n            continue\n        j = sum_of_divisors(i)\n        if sum_of_divisors(j) == i and i != j:\n            amicable_numbers.append(i)\n            amicable_numbers.append(j)\n    return sum(amicable_numbers)\n\n\ndef check(candidate):\n    assert candidate(999) == 504\n    assert candidate(9999) == 31626\n    assert candidate(99) == 0\n\ndef test_check():\n    check(amicable_numbers_sum)\n\ntest_check()\n",
      "timestamp": 1666122631,
      "stdout": "",
      "stderr": "Traceback (most recent call last):\n  File \"/tmp/tmpa0hyum72.py\", line 24, in <module>\n    test_check()\n  File \"/tmp/tmpa0hyum72.py\", line 22, in test_check\n    check(amicable_numbers_sum)\n  File \"/tmp/tmpa0hyum72.py\", line 17, in check\n    assert candidate(999) == 504\n  File \"/tmp/tmpa0hyum72.py\", line 9, in amicable_numbers_sum\n    j = sum_of_divisors(i)\nNameError: name 'sum_of_divisors' is not defined\n",
      "exit_code": 1,
      "status": "Exception"
    },
    {
      "program": "def amicable_numbers_sum(limit: int) -> int:\n    \"\"\"\n\tWrite a function to sum all amicable numbers from 1 to a specified number.\n\t\"\"\"\n    amicable_numbers = []\n    for i in range(1, limit + 1):\n        if i in amicable_numbers:\n            continue\n        a = sum_of_divisors(i)\n        if a == i:\n            continue\n        b = sum_of_divisors(a)\n        if b == i:\n            amicable_numbers.append(i)\n            amicable_numbers.append(a)\n    return sum(amicable_numbers)\n\n\ndef check(candidate):\n    assert candidate(999) == 504\n    assert candidate(9999) == 31626\n    assert candidate(99) == 0\n\ndef test_check():\n    check(amicable_numbers_sum)\n\ntest_check()\n",
      "timestamp": 1666122632,
      "stdout": "",
      "stderr": "Traceback (most recent call last):\n  File \"/tmp/tmpoivg3fqx.py\", line 27, in <module>\n    test_check()\n  File \"/tmp/tmpoivg3fqx.py\", line 25, in test_check\n    check(amicable_numbers_sum)\n  File \"/tmp/tmpoivg3fqx.py\", line 20, in check\n    assert candidate(999) == 504\n  File \"/tmp/tmpoivg3fqx.py\", line 9, in amicable_numbers_sum\n    a = sum_of_divisors(i)\nNameError: name 'sum_of_divisors' is not defined\n",
      "exit_code": 1,
      "status": "Exception"
    },
    {
      "program": "def amicable_numbers_sum(limit: int) -> int:\n    \"\"\"\n\tWrite a function to sum all amicable numbers from 1 to a specified number.\n\t\"\"\"\n    amicable_numbers = []\n    for i in range(1, limit):\n        if i in amicable_numbers:\n            continue\n        a = sum_of_divisors(i)\n        b = sum_of_divisors(a)\n        if i == b and a != b:\n            amicable_numbers.append(i)\n            amicable_numbers.append(a)\n    return sum(amicable_numbers)\n\n\ndef check(candidate):\n    assert candidate(999) == 504\n    assert candidate(9999) == 31626\n    assert candidate(99) == 0\n\ndef test_check():\n    check(amicable_numbers_sum)\n\ntest_check()\n",
      "timestamp": 1665509935,
      "stdout": "",
      "stderr": "Traceback (most recent call last):\n  File \"/tmp/tmpx40aw8vi.py\", line 25, in <module>\n    test_check()\n  File \"/tmp/tmpx40aw8vi.py\", line 23, in test_check\n    check(amicable_numbers_sum)\n  File \"/tmp/tmpx40aw8vi.py\", line 18, in check\n    assert candidate(999) == 504\n  File \"/tmp/tmpx40aw8vi.py\", line 9, in amicable_numbers_sum\n    a = sum_of_divisors(i)\nNameError: name 'sum_of_divisors' is not defined\n",
      "exit_code": 1,
      "status": "Exception"
    },
    {
      "program": "def amicable_numbers_sum(limit: int) -> int:\n    \"\"\"\n\tWrite a function to sum all amicable numbers from 1 to a specified number.\n\t\"\"\"\n    return sum(\n        [\n            i\n            for i in range(1, limit)\n            if sum_of_divisors(sum_of_divisors(i)) == i and i != sum_of_divisors(i)\n        ]\n    )\n\n\ndef check(candidate):\n    assert candidate(999) == 504\n    assert candidate(9999) == 31626\n    assert candidate(99) == 0\n\ndef test_check():\n    check(amicable_numbers_sum)\n\ntest_check()\n",
      "timestamp": 1666122632,
      "stdout": "",
      "stderr": "Traceback (most recent call last):\n  File \"/tmp/tmp74rx_krd.py\", line 22, in <module>\n    test_check()\n  File \"/tmp/tmp74rx_krd.py\", line 20, in test_check\n    check(amicable_numbers_sum)\n  File \"/tmp/tmp74rx_krd.py\", line 15, in check\n    assert candidate(999) == 504\n  File \"/tmp/tmp74rx_krd.py\", line 6, in amicable_numbers_sum\n    [\n  File \"/tmp/tmp74rx_krd.py\", line 9, in <listcomp>\n    if sum_of_divisors(sum_of_divisors(i)) == i and i != sum_of_divisors(i)\nNameError: name 'sum_of_divisors' is not defined\n",
      "exit_code": 1,
      "status": "Exception"
    },
    {
      "program": "def amicable_numbers_sum(limit: int) -> int:\n    \"\"\"\n\tWrite a function to sum all amicable numbers from 1 to a specified number.\n\t\"\"\"\n    amicable_numbers = []\n    for i in range(1, limit):\n        if i not in amicable_numbers:\n            sum_of_divisors = sum_of_divisors_of(i)\n            if sum_of_divisors != i and sum_of_divisors_of(sum_of_divisors) == i:\n                amicable_numbers.append(i)\n                amicable_numbers.append(sum_of_divisors)\n    return sum(amicable_numbers)\n\n\ndef check(candidate):\n    assert candidate(999) == 504\n    assert candidate(9999) == 31626\n    assert candidate(99) == 0\n\ndef test_check():\n    check(amicable_numbers_sum)\n\ntest_check()\n",
      "timestamp": 1666122632,
      "stdout": "",
      "stderr": "Traceback (most recent call last):\n  File \"/tmp/tmpp94fzo1y.py\", line 23, in <module>\n    test_check()\n  File \"/tmp/tmpp94fzo1y.py\", line 21, in test_check\n    check(amicable_numbers_sum)\n  File \"/tmp/tmpp94fzo1y.py\", line 16, in check\n    assert candidate(999) == 504\n  File \"/tmp/tmpp94fzo1y.py\", line 8, in amicable_numbers_sum\n    sum_of_divisors = sum_of_divisors_of(i)\nNameError: name 'sum_of_divisors_of' is not defined. Did you mean: 'sum_of_divisors'?\n",
      "exit_code": 1,
      "status": "Exception"
    },
    {
      "program": "def amicable_numbers_sum(limit: int) -> int:\n    \"\"\"\n\tWrite a function to sum all amicable numbers from 1 to a specified number.\n\t\"\"\"\n    return sum(\n        [\n            i\n            for i in range(1, limit)\n            if i == sum_of_divisors(sum_of_divisors(i)) and i != sum_of_divisors(i)\n        ]\n    )\n\n\ndef check(candidate):\n    assert candidate(999) == 504\n    assert candidate(9999) == 31626\n    assert candidate(99) == 0\n\ndef test_check():\n    check(amicable_numbers_sum)\n\ntest_check()\n",
      "timestamp": 1665509935,
      "stdout": "",
      "stderr": "Traceback (most recent call last):\n  File \"/tmp/tmp90gaj7e0.py\", line 22, in <module>\n    test_check()\n  File \"/tmp/tmp90gaj7e0.py\", line 20, in test_check\n    check(amicable_numbers_sum)\n  File \"/tmp/tmp90gaj7e0.py\", line 15, in check\n    assert candidate(999) == 504\n  File \"/tmp/tmp90gaj7e0.py\", line 6, in amicable_numbers_sum\n    [\n  File \"/tmp/tmp90gaj7e0.py\", line 9, in <listcomp>\n    if i == sum_of_divisors(sum_of_divisors(i)) and i != sum_of_divisors(i)\nNameError: name 'sum_of_divisors' is not defined\n",
      "exit_code": 1,
      "status": "Exception"
    },
    {
      "program": "def amicable_numbers_sum(limit: int) -> int:\n    \"\"\"\n\tWrite a function to sum all amicable numbers from 1 to a specified number.\n\t\"\"\"\n    amicable_numbers = []\n    for i in range(1, limit):\n        if i not in amicable_numbers:\n            sum_of_divisors = sum(divisors(i))\n            if sum_of_divisors > i:\n                sum_of_divisors_of_sum_of_divisors = sum(divisors(sum_of_divisors))\n                if sum_of_divisors_of_sum_of_divisors == i:\n                    amicable_numbers.append(i)\n                    amicable_numbers.append(sum_of_divisors)\n    return sum(amicable_numbers)\n\n\ndef check(candidate):\n    assert candidate(999) == 504\n    assert candidate(9999) == 31626\n    assert candidate(99) == 0\n\ndef test_check():\n    check(amicable_numbers_sum)\n\ntest_check()\n",
      "timestamp": 1666122632,
      "stdout": "",
      "stderr": "Traceback (most recent call last):\n  File \"/tmp/tmpzkgn82xg.py\", line 25, in <module>\n    test_check()\n  File \"/tmp/tmpzkgn82xg.py\", line 23, in test_check\n    check(amicable_numbers_sum)\n  File \"/tmp/tmpzkgn82xg.py\", line 18, in check\n    assert candidate(999) == 504\n  File \"/tmp/tmpzkgn82xg.py\", line 8, in amicable_numbers_sum\n    sum_of_divisors = sum(divisors(i))\nNameError: name 'divisors' is not defined\n",
      "exit_code": 1,
      "status": "Exception"
    },
    {
      "program": "def amicable_numbers_sum(limit: int) -> int:\n    \"\"\"\n\tWrite a function to sum all amicable numbers from 1 to a specified number.\n\t\"\"\"\n    amicable_numbers = set()\n    for i in range(1, limit):\n        if i in amicable_numbers:\n            continue\n        j = sum_of_divisors(i)\n        if i == sum_of_divisors(j) and i != j:\n            amicable_numbers.add(i)\n            amicable_numbers.add(j)\n    return sum(amicable_numbers)\n\n\ndef check(candidate):\n    assert candidate(999) == 504\n    assert candidate(9999) == 31626\n    assert candidate(99) == 0\n\ndef test_check():\n    check(amicable_numbers_sum)\n\ntest_check()\n",
      "timestamp": 1666122630,
      "stdout": "",
      "stderr": "Traceback (most recent call last):\n  File \"/tmp/tmpj5d2ivd2.py\", line 24, in <module>\n    test_check()\n  File \"/tmp/tmpj5d2ivd2.py\", line 22, in test_check\n    check(amicable_numbers_sum)\n  File \"/tmp/tmpj5d2ivd2.py\", line 17, in check\n    assert candidate(999) == 504\n  File \"/tmp/tmpj5d2ivd2.py\", line 9, in amicable_numbers_sum\n    j = sum_of_divisors(i)\nNameError: name 'sum_of_divisors' is not defined\n",
      "exit_code": 1,
      "status": "Exception"
    },
    {
      "program": "def amicable_numbers_sum(limit: int) -> int:\n    \"\"\"\n\tWrite a function to sum all amicable numbers from 1 to a specified number.\n\t\"\"\"\n    sum_of_amicable_numbers = 0\n    for i in range(1, limit):\n        if is_amicable_number(i):\n            sum_of_amicable_numbers += i\n    return sum_of_amicable_numbers\n\n\ndef check(candidate):\n    assert candidate(999) == 504\n    assert candidate(9999) == 31626\n    assert candidate(99) == 0\n\ndef test_check():\n    check(amicable_numbers_sum)\n\ntest_check()\n",
      "timestamp": 1665509935,
      "stdout": "",
      "stderr": "Traceback (most recent call last):\n  File \"/tmp/tmp95m2__cp.py\", line 20, in <module>\n    test_check()\n  File \"/tmp/tmp95m2__cp.py\", line 18, in test_check\n    check(amicable_numbers_sum)\n  File \"/tmp/tmp95m2__cp.py\", line 13, in check\n    assert candidate(999) == 504\n  File \"/tmp/tmp95m2__cp.py\", line 7, in amicable_numbers_sum\n    if is_amicable_number(i):\nNameError: name 'is_amicable_number' is not defined. Did you mean: 'sum_of_amicable_numbers'?\n",
      "exit_code": 1,
      "status": "Exception"
    },
    {
      "program": "def amicable_numbers_sum(limit: int) -> int:\n    \"\"\"\n\tWrite a function to sum all amicable numbers from 1 to a specified number.\n\t\"\"\"\n    amicable_numbers = []\n    for i in range(1, limit + 1):\n        if is_amicable_number(i):\n            amicable_numbers.append(i)\n    return sum(amicable_numbers)\n\n\ndef check(candidate):\n    assert candidate(999) == 504\n    assert candidate(9999) == 31626\n    assert candidate(99) == 0\n\ndef test_check():\n    check(amicable_numbers_sum)\n\ntest_check()\n",
      "timestamp": 1666122632,
      "stdout": "",
      "stderr": "Traceback (most recent call last):\n  File \"/tmp/tmpgsdb9e0h.py\", line 20, in <module>\n    test_check()\n  File \"/tmp/tmpgsdb9e0h.py\", line 18, in test_check\n    check(amicable_numbers_sum)\n  File \"/tmp/tmpgsdb9e0h.py\", line 13, in check\n    assert candidate(999) == 504\n  File \"/tmp/tmpgsdb9e0h.py\", line 7, in amicable_numbers_sum\n    if is_amicable_number(i):\nNameError: name 'is_amicable_number' is not defined. Did you mean: 'amicable_numbers'?\n",
      "exit_code": 1,
      "status": "Exception"
    },
    {
      "program": "def amicable_numbers_sum(limit: int) -> int:\n    \"\"\"\n\tWrite a function to sum all amicable numbers from 1 to a specified number.\n\t\"\"\"\n    return sum(\n        [\n            i\n            for i in range(1, limit + 1)\n            if i == sum(divisors(sum(divisors(i)))) and i != sum(divisors(i))\n        ]\n    )\n\n\ndef check(candidate):\n    assert candidate(999) == 504\n    assert candidate(9999) == 31626\n    assert candidate(99) == 0\n\ndef test_check():\n    check(amicable_numbers_sum)\n\ntest_check()\n",
      "timestamp": 1666122632,
      "stdout": "",
      "stderr": "Traceback (most recent call last):\n  File \"/tmp/tmp648t9sgz.py\", line 22, in <module>\n    test_check()\n  File \"/tmp/tmp648t9sgz.py\", line 20, in test_check\n    check(amicable_numbers_sum)\n  File \"/tmp/tmp648t9sgz.py\", line 15, in check\n    assert candidate(999) == 504\n  File \"/tmp/tmp648t9sgz.py\", line 6, in amicable_numbers_sum\n    [\n  File \"/tmp/tmp648t9sgz.py\", line 9, in <listcomp>\n    if i == sum(divisors(sum(divisors(i)))) and i != sum(divisors(i))\nNameError: name 'divisors' is not defined\n",
      "exit_code": 1,
      "status": "Exception"
    },
    {
      "program": "def amicable_numbers_sum(limit: int) -> int:\n    \"\"\"\n\tWrite a function to sum all amicable numbers from 1 to a specified number.\n\t\"\"\"\n    amicable_numbers = []\n    for i in range(1, limit):\n        if i not in amicable_numbers:\n            divisors_sum = sum(divisors(i))\n            if i == sum(divisors(divisors_sum)) and i != divisors_sum:\n                amicable_numbers.append(i)\n                amicable_numbers.append(divisors_sum)\n    return sum(amicable_numbers)\n\n\ndef check(candidate):\n    assert candidate(999) == 504\n    assert candidate(9999) == 31626\n    assert candidate(99) == 0\n\ndef test_check():\n    check(amicable_numbers_sum)\n\ntest_check()\n",
      "timestamp": 1666122632,
      "stdout": "",
      "stderr": "Traceback (most recent call last):\n  File \"/tmp/tmp1o5i0lfv.py\", line 23, in <module>\n    test_check()\n  File \"/tmp/tmp1o5i0lfv.py\", line 21, in test_check\n    check(amicable_numbers_sum)\n  File \"/tmp/tmp1o5i0lfv.py\", line 16, in check\n    assert candidate(999) == 504\n  File \"/tmp/tmp1o5i0lfv.py\", line 8, in amicable_numbers_sum\n    divisors_sum = sum(divisors(i))\nNameError: name 'divisors' is not defined\n",
      "exit_code": 1,
      "status": "Exception"
    },
    {
      "program": "def amicable_numbers_sum(limit: int) -> int:\n    \"\"\"\n\tWrite a function to sum all amicable numbers from 1 to a specified number.\n\t\"\"\"\n    amicable_numbers = []\n    for i in range(1, limit):\n        if i not in amicable_numbers:\n            if i == sum_of_divisors(sum_of_divisors(i)) and i != sum_of_divisors(i):\n                amicable_numbers.append(i)\n                amicable_numbers.append(sum_of_divisors(i))\n    return sum(amicable_numbers)\n\n\ndef check(candidate):\n    assert candidate(999) == 504\n    assert candidate(9999) == 31626\n    assert candidate(99) == 0\n\ndef test_check():\n    check(amicable_numbers_sum)\n\ntest_check()\n",
      "timestamp": 1666122632,
      "stdout": "",
      "stderr": "Traceback (most recent call last):\n  File \"/tmp/tmpb4qxhsv7.py\", line 22, in <module>\n    test_check()\n  File \"/tmp/tmpb4qxhsv7.py\", line 20, in test_check\n    check(amicable_numbers_sum)\n  File \"/tmp/tmpb4qxhsv7.py\", line 15, in check\n    assert candidate(999) == 504\n  File \"/tmp/tmpb4qxhsv7.py\", line 8, in amicable_numbers_sum\n    if i == sum_of_divisors(sum_of_divisors(i)) and i != sum_of_divisors(i):\nNameError: name 'sum_of_divisors' is not defined\n",
      "exit_code": 1,
      "status": "Exception"
    },
    {
      "program": "def amicable_numbers_sum(limit: int) -> int:\n    \"\"\"\n\tWrite a function to sum all amicable numbers from 1 to a specified number.\n\t\"\"\"\n    amicable_numbers = []\n    for i in range(1, limit):\n        if i not in amicable_numbers:\n            sum_of_divisors = sum_of_divisors_of(i)\n            if sum_of_divisors > i and sum_of_divisors_of(sum_of_divisors) == i:\n                amicable_numbers.append(i)\n                amicable_numbers.append(sum_of_divisors)\n    return sum(amicable_numbers)\n\n\ndef check(candidate):\n    assert candidate(999) == 504\n    assert candidate(9999) == 31626\n    assert candidate(99) == 0\n\ndef test_check():\n    check(amicable_numbers_sum)\n\ntest_check()\n",
      "timestamp": 1666122632,
      "stdout": "",
      "stderr": "Traceback (most recent call last):\n  File \"/tmp/tmp4u0nwaqh.py\", line 23, in <module>\n    test_check()\n  File \"/tmp/tmp4u0nwaqh.py\", line 21, in test_check\n    check(amicable_numbers_sum)\n  File \"/tmp/tmp4u0nwaqh.py\", line 16, in check\n    assert candidate(999) == 504\n  File \"/tmp/tmp4u0nwaqh.py\", line 8, in amicable_numbers_sum\n    sum_of_divisors = sum_of_divisors_of(i)\nNameError: name 'sum_of_divisors_of' is not defined. Did you mean: 'sum_of_divisors'?\n",
      "exit_code": 1,
      "status": "Exception"
    },
    {
      "program": "def amicable_numbers_sum(limit: int) -> int:\n    \"\"\"\n\tWrite a function to sum all amicable numbers from 1 to a specified number.\n\t\"\"\"\n    amicable_numbers = []\n    for i in range(1, limit):\n        if i not in amicable_numbers:\n            if is_amicable(i):\n                amicable_numbers.append(i)\n                amicable_numbers.append(sum_of_divisors(i))\n    return sum(amicable_numbers)\n\n\ndef check(candidate):\n    assert candidate(999) == 504\n    assert candidate(9999) == 31626\n    assert candidate(99) == 0\n\ndef test_check():\n    check(amicable_numbers_sum)\n\ntest_check()\n",
      "timestamp": 1666122631,
      "stdout": "",
      "stderr": "Traceback (most recent call last):\n  File \"/tmp/tmp3tjix_6l.py\", line 22, in <module>\n    test_check()\n  File \"/tmp/tmp3tjix_6l.py\", line 20, in test_check\n    check(amicable_numbers_sum)\n  File \"/tmp/tmp3tjix_6l.py\", line 15, in check\n    assert candidate(999) == 504\n  File \"/tmp/tmp3tjix_6l.py\", line 8, in amicable_numbers_sum\n    if is_amicable(i):\nNameError: name 'is_amicable' is not defined\n",
      "exit_code": 1,
      "status": "Exception"
    },
    {
      "program": "def amicable_numbers_sum(limit: int) -> int:\n    \"\"\"\n\tWrite a function to sum all amicable numbers from 1 to a specified number.\n\t\"\"\"\n    amicable_numbers = []\n    for i in range(1, limit):\n        if i not in amicable_numbers:\n            sum_of_divisors_i = sum_of_divisors(i)\n            sum_of_divisors_sum_of_divisors_i = sum_of_divisors(sum_of_divisors_i)\n            if i == sum_of_divisors_sum_of_divisors_i and i != sum_of_divisors_i:\n                amicable_numbers.append(i)\n                amicable_numbers.append(sum_of_divisors_i)\n    return sum(amicable_numbers)\n\n\ndef check(candidate):\n    assert candidate(999) == 504\n    assert candidate(9999) == 31626\n    assert candidate(99) == 0\n\ndef test_check():\n    check(amicable_numbers_sum)\n\ntest_check()\n",
      "timestamp": 1666122632,
      "stdout": "",
      "stderr": "Traceback (most recent call last):\n  File \"/tmp/tmptp55snpn.py\", line 24, in <module>\n    test_check()\n  File \"/tmp/tmptp55snpn.py\", line 22, in test_check\n    check(amicable_numbers_sum)\n  File \"/tmp/tmptp55snpn.py\", line 17, in check\n    assert candidate(999) == 504\n  File \"/tmp/tmptp55snpn.py\", line 8, in amicable_numbers_sum\n    sum_of_divisors_i = sum_of_divisors(i)\nNameError: name 'sum_of_divisors' is not defined. Did you mean: 'sum_of_divisors_i'?\n",
      "exit_code": 1,
      "status": "Exception"
    },
    {
      "program": "def amicable_numbers_sum(limit: int) -> int:\n    \"\"\"\n\tWrite a function to sum all amicable numbers from 1 to a specified number.\n\t\"\"\"\n    amicable_numbers = []\n    for i in range(1, limit):\n        if i in amicable_numbers:\n            continue\n        sum_of_divisors = sum_of_divisors_of(i)\n        if sum_of_divisors > i:\n            sum_of_divisors_of_sum_of_divisors = sum_of_divisors_of(sum_of_divisors)\n            if sum_of_divisors_of_sum_of_divisors == i:\n                amicable_numbers.append(i)\n                amicable_numbers.append(sum_of_divisors)\n    return sum(amicable_numbers)\n\n\ndef check(candidate):\n    assert candidate(999) == 504\n    assert candidate(9999) == 31626\n    assert candidate(99) == 0\n\ndef test_check():\n    check(amicable_numbers_sum)\n\ntest_check()\n",
      "timestamp": 1665509935,
      "stdout": "",
      "stderr": "Traceback (most recent call last):\n  File \"/tmp/tmpaea3qmgj.py\", line 26, in <module>\n    test_check()\n  File \"/tmp/tmpaea3qmgj.py\", line 24, in test_check\n    check(amicable_numbers_sum)\n  File \"/tmp/tmpaea3qmgj.py\", line 19, in check\n    assert candidate(999) == 504\n  File \"/tmp/tmpaea3qmgj.py\", line 9, in amicable_numbers_sum\n    sum_of_divisors = sum_of_divisors_of(i)\nNameError: name 'sum_of_divisors_of' is not defined. Did you mean: 'sum_of_divisors'?\n",
      "exit_code": 1,
      "status": "Exception"
    },
    {
      "program": "def amicable_numbers_sum(limit: int) -> int:\n    \"\"\"\n\tWrite a function to sum all amicable numbers from 1 to a specified number.\n\t\"\"\"\n    amicable_numbers = []\n    for i in range(1, limit):\n        if i not in amicable_numbers:\n            sum_of_divisors = sum_of_divisors_of(i)\n            if sum_of_divisors > i and sum_of_divisors_of(sum_of_divisors) == i:\n                amicable_numbers.append(i)\n                amicable_numbers.append(sum_of_divisors)\n    return sum(amicable_numbers)\n\n\ndef check(candidate):\n    assert candidate(999) == 504\n    assert candidate(9999) == 31626\n    assert candidate(99) == 0\n\ndef test_check():\n    check(amicable_numbers_sum)\n\ntest_check()\n",
      "timestamp": 1666122632,
      "stdout": "",
      "stderr": "Traceback (most recent call last):\n  File \"/tmp/tmp4u0nwaqh.py\", line 23, in <module>\n    test_check()\n  File \"/tmp/tmp4u0nwaqh.py\", line 21, in test_check\n    check(amicable_numbers_sum)\n  File \"/tmp/tmp4u0nwaqh.py\", line 16, in check\n    assert candidate(999) == 504\n  File \"/tmp/tmp4u0nwaqh.py\", line 8, in amicable_numbers_sum\n    sum_of_divisors = sum_of_divisors_of(i)\nNameError: name 'sum_of_divisors_of' is not defined. Did you mean: 'sum_of_divisors'?\n",
      "exit_code": 1,
      "status": "Exception"
    },
    {
      "program": "def amicable_numbers_sum(limit: int) -> int:\n    \"\"\"\n\tWrite a function to sum all amicable numbers from 1 to a specified number.\n\t\"\"\"\n    amicable_numbers = []\n    for i in range(1, limit + 1):\n        if i in amicable_numbers:\n            continue\n        j = sum_of_divisors(i)\n        if i == sum_of_divisors(j) and i != j:\n            amicable_numbers.append(i)\n            amicable_numbers.append(j)\n    return sum(amicable_numbers)\n\n\ndef check(candidate):\n    assert candidate(999) == 504\n    assert candidate(9999) == 31626\n    assert candidate(99) == 0\n\ndef test_check():\n    check(amicable_numbers_sum)\n\ntest_check()\n",
      "timestamp": 1665509935,
      "stdout": "",
      "stderr": "Traceback (most recent call last):\n  File \"/tmp/tmpxm7ctr8k.py\", line 24, in <module>\n    test_check()\n  File \"/tmp/tmpxm7ctr8k.py\", line 22, in test_check\n    check(amicable_numbers_sum)\n  File \"/tmp/tmpxm7ctr8k.py\", line 17, in check\n    assert candidate(999) == 504\n  File \"/tmp/tmpxm7ctr8k.py\", line 9, in amicable_numbers_sum\n    j = sum_of_divisors(i)\nNameError: name 'sum_of_divisors' is not defined\n",
      "exit_code": 1,
      "status": "Exception"
    },
    {
      "program": "def amicable_numbers_sum(limit: int) -> int:\n    \"\"\"\n\tWrite a function to sum all amicable numbers from 1 to a specified number.\n\t\"\"\"\n    amicable_numbers = []\n    for i in range(1, limit):\n        if i in amicable_numbers:\n            continue\n        divisors_sum = sum(divisors(i))\n        if i == sum(divisors(divisors_sum)) and i != divisors_sum:\n            amicable_numbers.append(i)\n            amicable_numbers.append(divisors_sum)\n    return sum(amicable_numbers)\n\n\ndef check(candidate):\n    assert candidate(999) == 504\n    assert candidate(9999) == 31626\n    assert candidate(99) == 0\n\ndef test_check():\n    check(amicable_numbers_sum)\n\ntest_check()\n",
      "timestamp": 1666122630,
      "stdout": "",
      "stderr": "Traceback (most recent call last):\n  File \"/tmp/tmp6pkth9z3.py\", line 24, in <module>\n    test_check()\n  File \"/tmp/tmp6pkth9z3.py\", line 22, in test_check\n    check(amicable_numbers_sum)\n  File \"/tmp/tmp6pkth9z3.py\", line 17, in check\n    assert candidate(999) == 504\n  File \"/tmp/tmp6pkth9z3.py\", line 9, in amicable_numbers_sum\n    divisors_sum = sum(divisors(i))\nNameError: name 'divisors' is not defined\n",
      "exit_code": 1,
      "status": "Exception"
    },
    {
      "program": "def amicable_numbers_sum(limit: int) -> int:\n    \"\"\"\n\tWrite a function to sum all amicable numbers from 1 to a specified number.\n\t\"\"\"\n    amicable_numbers = []\n    for i in range(1, limit):\n        if i in amicable_numbers:\n            continue\n        a = sum_of_divisors(i)\n        if a == i:\n            continue\n        b = sum_of_divisors(a)\n        if b == i:\n            amicable_numbers.append(a)\n            amicable_numbers.append(b)\n    return sum(amicable_numbers)\n\n\ndef check(candidate):\n    assert candidate(999) == 504\n    assert candidate(9999) == 31626\n    assert candidate(99) == 0\n\ndef test_check():\n    check(amicable_numbers_sum)\n\ntest_check()\n",
      "timestamp": 1666122632,
      "stdout": "",
      "stderr": "Traceback (most recent call last):\n  File \"/tmp/tmpmnxfi6sx.py\", line 27, in <module>\n    test_check()\n  File \"/tmp/tmpmnxfi6sx.py\", line 25, in test_check\n    check(amicable_numbers_sum)\n  File \"/tmp/tmpmnxfi6sx.py\", line 20, in check\n    assert candidate(999) == 504\n  File \"/tmp/tmpmnxfi6sx.py\", line 9, in amicable_numbers_sum\n    a = sum_of_divisors(i)\nNameError: name 'sum_of_divisors' is not defined\n",
      "exit_code": 1,
      "status": "Exception"
    },
    {
      "program": "def amicable_numbers_sum(limit: int) -> int:\n    \"\"\"\n\tWrite a function to sum all amicable numbers from 1 to a specified number.\n\t\"\"\"\n    amicable_numbers = []\n    for i in range(1, limit + 1):\n        if i not in amicable_numbers:\n            j = sum_of_divisors(i)\n            if i != j and sum_of_divisors(j) == i:\n                amicable_numbers.append(i)\n                amicable_numbers.append(j)\n    return sum(amicable_numbers)\n\n\ndef check(candidate):\n    assert candidate(999) == 504\n    assert candidate(9999) == 31626\n    assert candidate(99) == 0\n\ndef test_check():\n    check(amicable_numbers_sum)\n\ntest_check()\n",
      "timestamp": 1666122632,
      "stdout": "",
      "stderr": "Traceback (most recent call last):\n  File \"/tmp/tmpad28vql5.py\", line 23, in <module>\n    test_check()\n  File \"/tmp/tmpad28vql5.py\", line 21, in test_check\n    check(amicable_numbers_sum)\n  File \"/tmp/tmpad28vql5.py\", line 16, in check\n    assert candidate(999) == 504\n  File \"/tmp/tmpad28vql5.py\", line 8, in amicable_numbers_sum\n    j = sum_of_divisors(i)\nNameError: name 'sum_of_divisors' is not defined\n",
      "exit_code": 1,
      "status": "Exception"
    },
    {
      "program": "def amicable_numbers_sum(limit: int) -> int:\n    \"\"\"\n\tWrite a function to sum all amicable numbers from 1 to a specified number.\n\t\"\"\"\n    amicable_numbers = []\n    for i in range(1, limit + 1):\n        if i not in amicable_numbers:\n            a = sum_of_divisors(i)\n            b = sum_of_divisors(a)\n            if i == b and a != b:\n                amicable_numbers.append(i)\n                amicable_numbers.append(a)\n    return sum(amicable_numbers)\n\n\ndef check(candidate):\n    assert candidate(999) == 504\n    assert candidate(9999) == 31626\n    assert candidate(99) == 0\n\ndef test_check():\n    check(amicable_numbers_sum)\n\ntest_check()\n",
      "timestamp": 1666122632,
      "stdout": "",
      "stderr": "Traceback (most recent call last):\n  File \"/tmp/tmphg7mxbxw.py\", line 24, in <module>\n    test_check()\n  File \"/tmp/tmphg7mxbxw.py\", line 22, in test_check\n    check(amicable_numbers_sum)\n  File \"/tmp/tmphg7mxbxw.py\", line 17, in check\n    assert candidate(999) == 504\n  File \"/tmp/tmphg7mxbxw.py\", line 8, in amicable_numbers_sum\n    a = sum_of_divisors(i)\nNameError: name 'sum_of_divisors' is not defined\n",
      "exit_code": 1,
      "status": "Exception"
    },
    {
      "program": "def amicable_numbers_sum(limit: int) -> int:\n    \"\"\"\n\tWrite a function to sum all amicable numbers from 1 to a specified number.\n\t\"\"\"\n    amicable_numbers = []\n    for i in range(1, limit):\n        if i not in amicable_numbers:\n            a = sum_of_divisors(i)\n            b = sum_of_divisors(a)\n            if i == b and a != b:\n                amicable_numbers.append(a)\n                amicable_numbers.append(b)\n    return sum(amicable_numbers)\n\n\ndef check(candidate):\n    assert candidate(999) == 504\n    assert candidate(9999) == 31626\n    assert candidate(99) == 0\n\ndef test_check():\n    check(amicable_numbers_sum)\n\ntest_check()\n",
      "timestamp": 1666122632,
      "stdout": "",
      "stderr": "Traceback (most recent call last):\n  File \"/tmp/tmpkygk54e2.py\", line 24, in <module>\n    test_check()\n  File \"/tmp/tmpkygk54e2.py\", line 22, in test_check\n    check(amicable_numbers_sum)\n  File \"/tmp/tmpkygk54e2.py\", line 17, in check\n    assert candidate(999) == 504\n  File \"/tmp/tmpkygk54e2.py\", line 8, in amicable_numbers_sum\n    a = sum_of_divisors(i)\nNameError: name 'sum_of_divisors' is not defined\n",
      "exit_code": 1,
      "status": "Exception"
    },
    {
      "program": "def amicable_numbers_sum(limit: int) -> int:\n    \"\"\"\n\tWrite a function to sum all amicable numbers from 1 to a specified number.\n\t\"\"\"\n    amicable_numbers = []\n    for i in range(1, limit):\n        if i in amicable_numbers:\n            continue\n        j = sum_of_divisors(i)\n        if i == sum_of_divisors(j) and i != j:\n            amicable_numbers.append(i)\n            amicable_numbers.append(j)\n    return sum(amicable_numbers)\n\n\ndef check(candidate):\n    assert candidate(999) == 504\n    assert candidate(9999) == 31626\n    assert candidate(99) == 0\n\ndef test_check():\n    check(amicable_numbers_sum)\n\ntest_check()\n",
      "timestamp": 1665509935,
      "stdout": "",
      "stderr": "Traceback (most recent call last):\n  File \"/tmp/tmp36jx3ctt.py\", line 24, in <module>\n    test_check()\n  File \"/tmp/tmp36jx3ctt.py\", line 22, in test_check\n    check(amicable_numbers_sum)\n  File \"/tmp/tmp36jx3ctt.py\", line 17, in check\n    assert candidate(999) == 504\n  File \"/tmp/tmp36jx3ctt.py\", line 9, in amicable_numbers_sum\n    j = sum_of_divisors(i)\nNameError: name 'sum_of_divisors' is not defined\n",
      "exit_code": 1,
      "status": "Exception"
    },
    {
      "program": "def amicable_numbers_sum(limit: int) -> int:\n    \"\"\"\n\tWrite a function to sum all amicable numbers from 1 to a specified number.\n\t\"\"\"\n    amicable_numbers = []\n    for i in range(1, limit):\n        if i not in amicable_numbers:\n            if is_amicable(i):\n                amicable_numbers.append(i)\n                amicable_numbers.append(sum_proper_divisors(i))\n    return sum(amicable_numbers)\n\n\ndef check(candidate):\n    assert candidate(999) == 504\n    assert candidate(9999) == 31626\n    assert candidate(99) == 0\n\ndef test_check():\n    check(amicable_numbers_sum)\n\ntest_check()\n",
      "timestamp": 1666122632,
      "stdout": "",
      "stderr": "Traceback (most recent call last):\n  File \"/tmp/tmpnsxqfi0c.py\", line 22, in <module>\n    test_check()\n  File \"/tmp/tmpnsxqfi0c.py\", line 20, in test_check\n    check(amicable_numbers_sum)\n  File \"/tmp/tmpnsxqfi0c.py\", line 15, in check\n    assert candidate(999) == 504\n  File \"/tmp/tmpnsxqfi0c.py\", line 8, in amicable_numbers_sum\n    if is_amicable(i):\nNameError: name 'is_amicable' is not defined\n",
      "exit_code": 1,
      "status": "Exception"
    },
    {
      "program": "def amicable_numbers_sum(limit: int) -> int:\n    \"\"\"\n\tWrite a function to sum all amicable numbers from 1 to a specified number.\n\t\"\"\"\n    return sum(\n        [\n            i\n            for i in range(1, limit + 1)\n            if i == sum_of_divisors(sum_of_divisors(i)) and i != sum_of_divisors(i)\n        ]\n    )\n\n\ndef check(candidate):\n    assert candidate(999) == 504\n    assert candidate(9999) == 31626\n    assert candidate(99) == 0\n\ndef test_check():\n    check(amicable_numbers_sum)\n\ntest_check()\n",
      "timestamp": 1665509935,
      "stdout": "",
      "stderr": "Traceback (most recent call last):\n  File \"/tmp/tmpmgpswgmo.py\", line 22, in <module>\n    test_check()\n  File \"/tmp/tmpmgpswgmo.py\", line 20, in test_check\n    check(amicable_numbers_sum)\n  File \"/tmp/tmpmgpswgmo.py\", line 15, in check\n    assert candidate(999) == 504\n  File \"/tmp/tmpmgpswgmo.py\", line 6, in amicable_numbers_sum\n    [\n  File \"/tmp/tmpmgpswgmo.py\", line 9, in <listcomp>\n    if i == sum_of_divisors(sum_of_divisors(i)) and i != sum_of_divisors(i)\nNameError: name 'sum_of_divisors' is not defined\n",
      "exit_code": 1,
      "status": "Exception"
    },
    {
      "program": "def amicable_numbers_sum(limit: int) -> int:\n    \"\"\"\n\tWrite a function to sum all amicable numbers from 1 to a specified number.\n\t\"\"\"\n    amicable_numbers = []\n    for i in range(1, limit + 1):\n        if i in amicable_numbers:\n            continue\n        j = sum_of_divisors(i)\n        if i == sum_of_divisors(j) and i != j:\n            amicable_numbers.append(i)\n            amicable_numbers.append(j)\n    return sum(amicable_numbers)\n\n\ndef check(candidate):\n    assert candidate(999) == 504\n    assert candidate(9999) == 31626\n    assert candidate(99) == 0\n\ndef test_check():\n    check(amicable_numbers_sum)\n\ntest_check()\n",
      "timestamp": 1665509935,
      "stdout": "",
      "stderr": "Traceback (most recent call last):\n  File \"/tmp/tmpxm7ctr8k.py\", line 24, in <module>\n    test_check()\n  File \"/tmp/tmpxm7ctr8k.py\", line 22, in test_check\n    check(amicable_numbers_sum)\n  File \"/tmp/tmpxm7ctr8k.py\", line 17, in check\n    assert candidate(999) == 504\n  File \"/tmp/tmpxm7ctr8k.py\", line 9, in amicable_numbers_sum\n    j = sum_of_divisors(i)\nNameError: name 'sum_of_divisors' is not defined\n",
      "exit_code": 1,
      "status": "Exception"
    },
    {
      "program": "def amicable_numbers_sum(limit: int) -> int:\n    \"\"\"\n\tWrite a function to sum all amicable numbers from 1 to a specified number.\n\t\"\"\"\n    amicable_numbers = []\n    for i in range(1, limit):\n        if i in amicable_numbers:\n            continue\n        j = sum_of_divisors(i)\n        if i != j and sum_of_divisors(j) == i:\n            amicable_numbers.append(i)\n            amicable_numbers.append(j)\n    return sum(amicable_numbers)\n\n\ndef check(candidate):\n    assert candidate(999) == 504\n    assert candidate(9999) == 31626\n    assert candidate(99) == 0\n\ndef test_check():\n    check(amicable_numbers_sum)\n\ntest_check()\n",
      "timestamp": 1665509935,
      "stdout": "",
      "stderr": "Traceback (most recent call last):\n  File \"/tmp/tmp_xg3xt6a.py\", line 24, in <module>\n    test_check()\n  File \"/tmp/tmp_xg3xt6a.py\", line 22, in test_check\n    check(amicable_numbers_sum)\n  File \"/tmp/tmp_xg3xt6a.py\", line 17, in check\n    assert candidate(999) == 504\n  File \"/tmp/tmp_xg3xt6a.py\", line 9, in amicable_numbers_sum\n    j = sum_of_divisors(i)\nNameError: name 'sum_of_divisors' is not defined\n",
      "exit_code": 1,
      "status": "Exception"
    },
    {
      "program": "def amicable_numbers_sum(limit: int) -> int:\n    \"\"\"\n\tWrite a function to sum all amicable numbers from 1 to a specified number.\n\t\"\"\"\n    amicable_numbers = []\n    for i in range(1, limit):\n        if i in amicable_numbers:\n            continue\n        sum_of_divisors_i = sum_of_divisors(i)\n        if sum_of_divisors_i > i:\n            sum_of_divisors_j = sum_of_divisors(sum_of_divisors_i)\n            if sum_of_divisors_j == i:\n                amicable_numbers.append(i)\n                amicable_numbers.append(sum_of_divisors_i)\n    return sum(amicable_numbers)\n\n\ndef check(candidate):\n    assert candidate(999) == 504\n    assert candidate(9999) == 31626\n    assert candidate(99) == 0\n\ndef test_check():\n    check(amicable_numbers_sum)\n\ntest_check()\n",
      "timestamp": 1666122632,
      "stdout": "",
      "stderr": "Traceback (most recent call last):\n  File \"/tmp/tmpw2uv2d2b.py\", line 26, in <module>\n    test_check()\n  File \"/tmp/tmpw2uv2d2b.py\", line 24, in test_check\n    check(amicable_numbers_sum)\n  File \"/tmp/tmpw2uv2d2b.py\", line 19, in check\n    assert candidate(999) == 504\n  File \"/tmp/tmpw2uv2d2b.py\", line 9, in amicable_numbers_sum\n    sum_of_divisors_i = sum_of_divisors(i)\nNameError: name 'sum_of_divisors' is not defined. Did you mean: 'sum_of_divisors_i'?\n",
      "exit_code": 1,
      "status": "Exception"
    },
    {
      "program": "def amicable_numbers_sum(limit: int) -> int:\n    \"\"\"\n\tWrite a function to sum all amicable numbers from 1 to a specified number.\n\t\"\"\"\n    amicable_numbers = []\n    for i in range(1, limit + 1):\n        if i not in amicable_numbers:\n            a = sum_of_divisors(i)\n            b = sum_of_divisors(a)\n            if i == b and a != b:\n                amicable_numbers.append(i)\n                amicable_numbers.append(a)\n    return sum(amicable_numbers)\n\n\ndef check(candidate):\n    assert candidate(999) == 504\n    assert candidate(9999) == 31626\n    assert candidate(99) == 0\n\ndef test_check():\n    check(amicable_numbers_sum)\n\ntest_check()\n",
      "timestamp": 1666122632,
      "stdout": "",
      "stderr": "Traceback (most recent call last):\n  File \"/tmp/tmphg7mxbxw.py\", line 24, in <module>\n    test_check()\n  File \"/tmp/tmphg7mxbxw.py\", line 22, in test_check\n    check(amicable_numbers_sum)\n  File \"/tmp/tmphg7mxbxw.py\", line 17, in check\n    assert candidate(999) == 504\n  File \"/tmp/tmphg7mxbxw.py\", line 8, in amicable_numbers_sum\n    a = sum_of_divisors(i)\nNameError: name 'sum_of_divisors' is not defined\n",
      "exit_code": 1,
      "status": "Exception"
    },
    {
      "program": "def amicable_numbers_sum(limit: int) -> int:\n    \"\"\"\n\tWrite a function to sum all amicable numbers from 1 to a specified number.\n\t\"\"\"\n    amicable_numbers = []\n    for i in range(1, limit + 1):\n        if is_amicable_number(i):\n            amicable_numbers.append(i)\n    return sum(amicable_numbers)\n\n\ndef check(candidate):\n    assert candidate(999) == 504\n    assert candidate(9999) == 31626\n    assert candidate(99) == 0\n\ndef test_check():\n    check(amicable_numbers_sum)\n\ntest_check()\n",
      "timestamp": 1666122632,
      "stdout": "",
      "stderr": "Traceback (most recent call last):\n  File \"/tmp/tmpgsdb9e0h.py\", line 20, in <module>\n    test_check()\n  File \"/tmp/tmpgsdb9e0h.py\", line 18, in test_check\n    check(amicable_numbers_sum)\n  File \"/tmp/tmpgsdb9e0h.py\", line 13, in check\n    assert candidate(999) == 504\n  File \"/tmp/tmpgsdb9e0h.py\", line 7, in amicable_numbers_sum\n    if is_amicable_number(i):\nNameError: name 'is_amicable_number' is not defined. Did you mean: 'amicable_numbers'?\n",
      "exit_code": 1,
      "status": "Exception"
    },
    {
      "program": "def amicable_numbers_sum(limit: int) -> int:\n    \"\"\"\n\tWrite a function to sum all amicable numbers from 1 to a specified number.\n\t\"\"\"\n    return sum(\n        [\n            x\n            for x in range(1, limit + 1)\n            if x != sum_of_divisors(x) and x == sum_of_divisors(sum_of_divisors(x))\n        ]\n    )\n\n\ndef check(candidate):\n    assert candidate(999) == 504\n    assert candidate(9999) == 31626\n    assert candidate(99) == 0\n\ndef test_check():\n    check(amicable_numbers_sum)\n\ntest_check()\n",
      "timestamp": 1666122632,
      "stdout": "",
      "stderr": "Traceback (most recent call last):\n  File \"/tmp/tmpd8uet52g.py\", line 22, in <module>\n    test_check()\n  File \"/tmp/tmpd8uet52g.py\", line 20, in test_check\n    check(amicable_numbers_sum)\n  File \"/tmp/tmpd8uet52g.py\", line 15, in check\n    assert candidate(999) == 504\n  File \"/tmp/tmpd8uet52g.py\", line 6, in amicable_numbers_sum\n    [\n  File \"/tmp/tmpd8uet52g.py\", line 9, in <listcomp>\n    if x != sum_of_divisors(x) and x == sum_of_divisors(sum_of_divisors(x))\nNameError: name 'sum_of_divisors' is not defined\n",
      "exit_code": 1,
      "status": "Exception"
    },
    {
      "program": "def amicable_numbers_sum(limit: int) -> int:\n    \"\"\"\n\tWrite a function to sum all amicable numbers from 1 to a specified number.\n\t\"\"\"\n    amicable_numbers = []\n    for i in range(1, limit):\n        if i in amicable_numbers:\n            continue\n        j = sum_of_proper_divisors(i)\n        if i == sum_of_proper_divisors(j) and i != j:\n            amicable_numbers.append(i)\n            amicable_numbers.append(j)\n    return sum(amicable_numbers)\n\n\ndef check(candidate):\n    assert candidate(999) == 504\n    assert candidate(9999) == 31626\n    assert candidate(99) == 0\n\ndef test_check():\n    check(amicable_numbers_sum)\n\ntest_check()\n",
      "timestamp": 1666122632,
      "stdout": "",
      "stderr": "Traceback (most recent call last):\n  File \"/tmp/tmp0e2xfe5i.py\", line 24, in <module>\n    test_check()\n  File \"/tmp/tmp0e2xfe5i.py\", line 22, in test_check\n    check(amicable_numbers_sum)\n  File \"/tmp/tmp0e2xfe5i.py\", line 17, in check\n    assert candidate(999) == 504\n  File \"/tmp/tmp0e2xfe5i.py\", line 9, in amicable_numbers_sum\n    j = sum_of_proper_divisors(i)\nNameError: name 'sum_of_proper_divisors' is not defined\n",
      "exit_code": 1,
      "status": "Exception"
    },
    {
      "program": "def amicable_numbers_sum(limit: int) -> int:\n    \"\"\"\n\tWrite a function to sum all amicable numbers from 1 to a specified number.\n\t\"\"\"\n    sum_of_amicable_numbers = 0\n    for i in range(1, limit):\n        if is_amicable_number(i):\n            sum_of_amicable_numbers += i\n    return sum_of_amicable_numbers\n\n\ndef check(candidate):\n    assert candidate(999) == 504\n    assert candidate(9999) == 31626\n    assert candidate(99) == 0\n\ndef test_check():\n    check(amicable_numbers_sum)\n\ntest_check()\n",
      "timestamp": 1665509935,
      "stdout": "",
      "stderr": "Traceback (most recent call last):\n  File \"/tmp/tmp95m2__cp.py\", line 20, in <module>\n    test_check()\n  File \"/tmp/tmp95m2__cp.py\", line 18, in test_check\n    check(amicable_numbers_sum)\n  File \"/tmp/tmp95m2__cp.py\", line 13, in check\n    assert candidate(999) == 504\n  File \"/tmp/tmp95m2__cp.py\", line 7, in amicable_numbers_sum\n    if is_amicable_number(i):\nNameError: name 'is_amicable_number' is not defined. Did you mean: 'sum_of_amicable_numbers'?\n",
      "exit_code": 1,
      "status": "Exception"
    },
    {
      "program": "def amicable_numbers_sum(limit: int) -> int:\n    \"\"\"\n\tWrite a function to sum all amicable numbers from 1 to a specified number.\n\t\"\"\"\n    amicable_numbers = set()\n    for i in range(1, limit):\n        if i in amicable_numbers:\n            continue\n        j = sum_of_divisors(i)\n        if i != j and sum_of_divisors(j) == i:\n            amicable_numbers.add(i)\n            amicable_numbers.add(j)\n    return sum(amicable_numbers)\n\n\ndef check(candidate):\n    assert candidate(999) == 504\n    assert candidate(9999) == 31626\n    assert candidate(99) == 0\n\ndef test_check():\n    check(amicable_numbers_sum)\n\ntest_check()\n",
      "timestamp": 1666122631,
      "stdout": "",
      "stderr": "Traceback (most recent call last):\n  File \"/tmp/tmp30ezhh0o.py\", line 24, in <module>\n    test_check()\n  File \"/tmp/tmp30ezhh0o.py\", line 22, in test_check\n    check(amicable_numbers_sum)\n  File \"/tmp/tmp30ezhh0o.py\", line 17, in check\n    assert candidate(999) == 504\n  File \"/tmp/tmp30ezhh0o.py\", line 9, in amicable_numbers_sum\n    j = sum_of_divisors(i)\nNameError: name 'sum_of_divisors' is not defined\n",
      "exit_code": 1,
      "status": "Exception"
    },
    {
      "program": "def amicable_numbers_sum(limit: int) -> int:\n    \"\"\"\n\tWrite a function to sum all amicable numbers from 1 to a specified number.\n\t\"\"\"\n    amicable_numbers = []\n    for i in range(1, limit + 1):\n        if i not in amicable_numbers:\n            sum_of_divisors = sum_of_divisors_of(i)\n            if sum_of_divisors > i:\n                sum_of_divisors_of_sum_of_divisors = sum_of_divisors_of(sum_of_divisors)\n                if sum_of_divisors_of_sum_of_divisors == i:\n                    amicable_numbers.append(i)\n                    amicable_numbers.append(sum_of_divisors)\n\n    return sum(amicable_numbers)\n\n\ndef check(candidate):\n    assert candidate(999) == 504\n    assert candidate(9999) == 31626\n    assert candidate(99) == 0\n\ndef test_check():\n    check(amicable_numbers_sum)\n\ntest_check()\n",
      "timestamp": 1666122632,
      "stdout": "",
      "stderr": "Traceback (most recent call last):\n  File \"/tmp/tmpfugz3i9d.py\", line 26, in <module>\n    test_check()\n  File \"/tmp/tmpfugz3i9d.py\", line 24, in test_check\n    check(amicable_numbers_sum)\n  File \"/tmp/tmpfugz3i9d.py\", line 19, in check\n    assert candidate(999) == 504\n  File \"/tmp/tmpfugz3i9d.py\", line 8, in amicable_numbers_sum\n    sum_of_divisors = sum_of_divisors_of(i)\nNameError: name 'sum_of_divisors_of' is not defined. Did you mean: 'sum_of_divisors'?\n",
      "exit_code": 1,
      "status": "Exception"
    },
    {
      "program": "def amicable_numbers_sum(limit: int) -> int:\n    \"\"\"\n\tWrite a function to sum all amicable numbers from 1 to a specified number.\n\t\"\"\"\n    amicable_numbers = set()\n    for i in range(1, limit + 1):\n        if i not in amicable_numbers:\n            j = sum_of_divisors(i)\n            if i != j and sum_of_divisors(j) == i:\n                amicable_numbers.add(i)\n                amicable_numbers.add(j)\n    return sum(amicable_numbers)\n\n\ndef check(candidate):\n    assert candidate(999) == 504\n    assert candidate(9999) == 31626\n    assert candidate(99) == 0\n\ndef test_check():\n    check(amicable_numbers_sum)\n\ntest_check()\n",
      "timestamp": 1666122632,
      "stdout": "",
      "stderr": "Traceback (most recent call last):\n  File \"/tmp/tmptkuavcdv.py\", line 23, in <module>\n    test_check()\n  File \"/tmp/tmptkuavcdv.py\", line 21, in test_check\n    check(amicable_numbers_sum)\n  File \"/tmp/tmptkuavcdv.py\", line 16, in check\n    assert candidate(999) == 504\n  File \"/tmp/tmptkuavcdv.py\", line 8, in amicable_numbers_sum\n    j = sum_of_divisors(i)\nNameError: name 'sum_of_divisors' is not defined\n",
      "exit_code": 1,
      "status": "Exception"
    },
    {
      "program": "def amicable_numbers_sum(limit: int) -> int:\n    \"\"\"\n\tWrite a function to sum all amicable numbers from 1 to a specified number.\n\t\"\"\"\n    amicable_numbers = []\n    for i in range(1, limit):\n        if i in amicable_numbers:\n            continue\n        divisors_sum = sum_of_divisors(i)\n        if divisors_sum > i:\n            divisors_sum_of_divisors = sum_of_divisors(divisors_sum)\n            if divisors_sum_of_divisors == i:\n                amicable_numbers.append(i)\n                amicable_numbers.append(divisors_sum)\n    return sum(amicable_numbers)\n\n\ndef check(candidate):\n    assert candidate(999) == 504\n    assert candidate(9999) == 31626\n    assert candidate(99) == 0\n\ndef test_check():\n    check(amicable_numbers_sum)\n\ntest_check()\n",
      "timestamp": 1666122632,
      "stdout": "",
      "stderr": "Traceback (most recent call last):\n  File \"/tmp/tmpf8747ou8.py\", line 26, in <module>\n    test_check()\n  File \"/tmp/tmpf8747ou8.py\", line 24, in test_check\n    check(amicable_numbers_sum)\n  File \"/tmp/tmpf8747ou8.py\", line 19, in check\n    assert candidate(999) == 504\n  File \"/tmp/tmpf8747ou8.py\", line 9, in amicable_numbers_sum\n    divisors_sum = sum_of_divisors(i)\nNameError: name 'sum_of_divisors' is not defined\n",
      "exit_code": 1,
      "status": "Exception"
    },
    {
      "program": "def amicable_numbers_sum(limit: int) -> int:\n    \"\"\"\n\tWrite a function to sum all amicable numbers from 1 to a specified number.\n\t\"\"\"\n    amicable_numbers = set()\n    for i in range(1, limit):\n        if i in amicable_numbers:\n            continue\n        sum_of_divisors = sum_of_divisors_of(i)\n        if sum_of_divisors > i and sum_of_divisors_of(sum_of_divisors) == i:\n            amicable_numbers.add(i)\n            amicable_numbers.add(sum_of_divisors)\n    return sum(amicable_numbers)\n\n\ndef check(candidate):\n    assert candidate(999) == 504\n    assert candidate(9999) == 31626\n    assert candidate(99) == 0\n\ndef test_check():\n    check(amicable_numbers_sum)\n\ntest_check()\n",
      "timestamp": 1666122632,
      "stdout": "",
      "stderr": "Traceback (most recent call last):\n  File \"/tmp/tmp4hbc7hvp.py\", line 24, in <module>\n    test_check()\n  File \"/tmp/tmp4hbc7hvp.py\", line 22, in test_check\n    check(amicable_numbers_sum)\n  File \"/tmp/tmp4hbc7hvp.py\", line 17, in check\n    assert candidate(999) == 504\n  File \"/tmp/tmp4hbc7hvp.py\", line 9, in amicable_numbers_sum\n    sum_of_divisors = sum_of_divisors_of(i)\nNameError: name 'sum_of_divisors_of' is not defined. Did you mean: 'sum_of_divisors'?\n",
      "exit_code": 1,
      "status": "Exception"
    },
    {
      "program": "def amicable_numbers_sum(limit: int) -> int:\n    \"\"\"\n\tWrite a function to sum all amicable numbers from 1 to a specified number.\n\t\"\"\"\n    amicable_numbers = []\n    for i in range(1, limit):\n        if i not in amicable_numbers:\n            if amicable_numbers_check(i):\n                amicable_numbers.append(i)\n                amicable_numbers.append(amicable_numbers_check(i))\n    return sum(amicable_numbers)\n\n\ndef check(candidate):\n    assert candidate(999) == 504\n    assert candidate(9999) == 31626\n    assert candidate(99) == 0\n\ndef test_check():\n    check(amicable_numbers_sum)\n\ntest_check()\n",
      "timestamp": 1666122632,
      "stdout": "",
      "stderr": "Traceback (most recent call last):\n  File \"/tmp/tmpq4elwz40.py\", line 22, in <module>\n    test_check()\n  File \"/tmp/tmpq4elwz40.py\", line 20, in test_check\n    check(amicable_numbers_sum)\n  File \"/tmp/tmpq4elwz40.py\", line 15, in check\n    assert candidate(999) == 504\n  File \"/tmp/tmpq4elwz40.py\", line 8, in amicable_numbers_sum\n    if amicable_numbers_check(i):\nNameError: name 'amicable_numbers_check' is not defined. Did you mean: 'amicable_numbers'?\n",
      "exit_code": 1,
      "status": "Exception"
    },
    {
      "program": "def amicable_numbers_sum(limit: int) -> int:\n    \"\"\"\n\tWrite a function to sum all amicable numbers from 1 to a specified number.\n\t\"\"\"\n    amicable_numbers = []\n    for i in range(1, limit):\n        if is_amicable(i):\n            amicable_numbers.append(i)\n    return sum(amicable_numbers)\n\n\ndef check(candidate):\n    assert candidate(999) == 504\n    assert candidate(9999) == 31626\n    assert candidate(99) == 0\n\ndef test_check():\n    check(amicable_numbers_sum)\n\ntest_check()\n",
      "timestamp": 1665509935,
      "stdout": "",
      "stderr": "Traceback (most recent call last):\n  File \"/tmp/tmp74aaz3mb.py\", line 20, in <module>\n    test_check()\n  File \"/tmp/tmp74aaz3mb.py\", line 18, in test_check\n    check(amicable_numbers_sum)\n  File \"/tmp/tmp74aaz3mb.py\", line 13, in check\n    assert candidate(999) == 504\n  File \"/tmp/tmp74aaz3mb.py\", line 7, in amicable_numbers_sum\n    if is_amicable(i):\nNameError: name 'is_amicable' is not defined\n",
      "exit_code": 1,
      "status": "Exception"
    },
    {
      "program": "def amicable_numbers_sum(limit: int) -> int:\n    \"\"\"\n\tWrite a function to sum all amicable numbers from 1 to a specified number.\n\t\"\"\"\n    return sum(\n        [\n            i\n            for i in range(1, limit)\n            if i == sum_of_divisors(sum_of_divisors(i)) and i != sum_of_divisors(i)\n        ]\n    )\n\n\ndef check(candidate):\n    assert candidate(999) == 504\n    assert candidate(9999) == 31626\n    assert candidate(99) == 0\n\ndef test_check():\n    check(amicable_numbers_sum)\n\ntest_check()\n",
      "timestamp": 1665509935,
      "stdout": "",
      "stderr": "Traceback (most recent call last):\n  File \"/tmp/tmp90gaj7e0.py\", line 22, in <module>\n    test_check()\n  File \"/tmp/tmp90gaj7e0.py\", line 20, in test_check\n    check(amicable_numbers_sum)\n  File \"/tmp/tmp90gaj7e0.py\", line 15, in check\n    assert candidate(999) == 504\n  File \"/tmp/tmp90gaj7e0.py\", line 6, in amicable_numbers_sum\n    [\n  File \"/tmp/tmp90gaj7e0.py\", line 9, in <listcomp>\n    if i == sum_of_divisors(sum_of_divisors(i)) and i != sum_of_divisors(i)\nNameError: name 'sum_of_divisors' is not defined\n",
      "exit_code": 1,
      "status": "Exception"
    },
    {
      "program": "def amicable_numbers_sum(limit: int) -> int:\n    \"\"\"\n\tWrite a function to sum all amicable numbers from 1 to a specified number.\n\t\"\"\"\n    return sum(\n        [\n            x\n            for x in range(1, limit)\n            if amicable_numbers(x, sum_of_divisors(x))\n        ]\n    )\n\n\ndef check(candidate):\n    assert candidate(999) == 504\n    assert candidate(9999) == 31626\n    assert candidate(99) == 0\n\ndef test_check():\n    check(amicable_numbers_sum)\n\ntest_check()\n",
      "timestamp": 1666122632,
      "stdout": "",
      "stderr": "Traceback (most recent call last):\n  File \"/tmp/tmpawyhufg8.py\", line 22, in <module>\n    test_check()\n  File \"/tmp/tmpawyhufg8.py\", line 20, in test_check\n    check(amicable_numbers_sum)\n  File \"/tmp/tmpawyhufg8.py\", line 15, in check\n    assert candidate(999) == 504\n  File \"/tmp/tmpawyhufg8.py\", line 6, in amicable_numbers_sum\n    [\n  File \"/tmp/tmpawyhufg8.py\", line 9, in <listcomp>\n    if amicable_numbers(x, sum_of_divisors(x))\nNameError: name 'amicable_numbers' is not defined. Did you mean: 'amicable_numbers_sum'?\n",
      "exit_code": 1,
      "status": "Exception"
    },
    {
      "program": "def amicable_numbers_sum(limit: int) -> int:\n    \"\"\"\n\tWrite a function to sum all amicable numbers from 1 to a specified number.\n\t\"\"\"\n    return sum(\n        [\n            i\n            for i in range(1, limit)\n            if i == sum_proper_divisors(sum_proper_divisors(i)) and i != sum_proper_divisors(i)\n        ]\n    )\n\n\ndef check(candidate):\n    assert candidate(999) == 504\n    assert candidate(9999) == 31626\n    assert candidate(99) == 0\n\ndef test_check():\n    check(amicable_numbers_sum)\n\ntest_check()\n",
      "timestamp": 1665509935,
      "stdout": "",
      "stderr": "Traceback (most recent call last):\n  File \"/tmp/tmp2z8_6mdz.py\", line 22, in <module>\n    test_check()\n  File \"/tmp/tmp2z8_6mdz.py\", line 20, in test_check\n    check(amicable_numbers_sum)\n  File \"/tmp/tmp2z8_6mdz.py\", line 15, in check\n    assert candidate(999) == 504\n  File \"/tmp/tmp2z8_6mdz.py\", line 6, in amicable_numbers_sum\n    [\n  File \"/tmp/tmp2z8_6mdz.py\", line 9, in <listcomp>\n    if i == sum_proper_divisors(sum_proper_divisors(i)) and i != sum_proper_divisors(i)\nNameError: name 'sum_proper_divisors' is not defined\n",
      "exit_code": 1,
      "status": "Exception"
    },
    {
      "program": "def amicable_numbers_sum(limit: int) -> int:\n    \"\"\"\n\tWrite a function to sum all amicable numbers from 1 to a specified number.\n\t\"\"\"\n    amicable_numbers = set()\n    for i in range(1, limit):\n        if i in amicable_numbers:\n            continue\n        sum_of_divisors = sum_of_divisors_of(i)\n        if sum_of_divisors > i and sum_of_divisors_of(sum_of_divisors) == i:\n            amicable_numbers.add(i)\n            amicable_numbers.add(sum_of_divisors)\n    return sum(amicable_numbers)\n\n\ndef check(candidate):\n    assert candidate(999) == 504\n    assert candidate(9999) == 31626\n    assert candidate(99) == 0\n\ndef test_check():\n    check(amicable_numbers_sum)\n\ntest_check()\n",
      "timestamp": 1666122632,
      "stdout": "",
      "stderr": "Traceback (most recent call last):\n  File \"/tmp/tmp4hbc7hvp.py\", line 24, in <module>\n    test_check()\n  File \"/tmp/tmp4hbc7hvp.py\", line 22, in test_check\n    check(amicable_numbers_sum)\n  File \"/tmp/tmp4hbc7hvp.py\", line 17, in check\n    assert candidate(999) == 504\n  File \"/tmp/tmp4hbc7hvp.py\", line 9, in amicable_numbers_sum\n    sum_of_divisors = sum_of_divisors_of(i)\nNameError: name 'sum_of_divisors_of' is not defined. Did you mean: 'sum_of_divisors'?\n",
      "exit_code": 1,
      "status": "Exception"
    },
    {
      "program": "def amicable_numbers_sum(limit: int) -> int:\n    \"\"\"\n\tWrite a function to sum all amicable numbers from 1 to a specified number.\n\t\"\"\"\n    amicable_numbers = set()\n    for i in range(1, limit):\n        if i in amicable_numbers:\n            continue\n        j = sum_of_divisors(i)\n        if i == sum_of_divisors(j) and i != j:\n            amicable_numbers.add(i)\n            amicable_numbers.add(j)\n    return sum(amicable_numbers)\n\n\ndef check(candidate):\n    assert candidate(999) == 504\n    assert candidate(9999) == 31626\n    assert candidate(99) == 0\n\ndef test_check():\n    check(amicable_numbers_sum)\n\ntest_check()\n",
      "timestamp": 1666122630,
      "stdout": "",
      "stderr": "Traceback (most recent call last):\n  File \"/tmp/tmpj5d2ivd2.py\", line 24, in <module>\n    test_check()\n  File \"/tmp/tmpj5d2ivd2.py\", line 22, in test_check\n    check(amicable_numbers_sum)\n  File \"/tmp/tmpj5d2ivd2.py\", line 17, in check\n    assert candidate(999) == 504\n  File \"/tmp/tmpj5d2ivd2.py\", line 9, in amicable_numbers_sum\n    j = sum_of_divisors(i)\nNameError: name 'sum_of_divisors' is not defined\n",
      "exit_code": 1,
      "status": "Exception"
    },
    {
      "program": "def amicable_numbers_sum(limit: int) -> int:\n    \"\"\"\n\tWrite a function to sum all amicable numbers from 1 to a specified number.\n\t\"\"\"\n    amicable_numbers = []\n    for i in range(1, limit):\n        if i not in amicable_numbers:\n            a = sum_of_divisors(i)\n            b = sum_of_divisors(a)\n            if b == i and a != b:\n                amicable_numbers.append(a)\n                amicable_numbers.append(b)\n    return sum(amicable_numbers)\n\n\ndef check(candidate):\n    assert candidate(999) == 504\n    assert candidate(9999) == 31626\n    assert candidate(99) == 0\n\ndef test_check():\n    check(amicable_numbers_sum)\n\ntest_check()\n",
      "timestamp": 1666122631,
      "stdout": "",
      "stderr": "Traceback (most recent call last):\n  File \"/tmp/tmpmq0vpx_1.py\", line 24, in <module>\n    test_check()\n  File \"/tmp/tmpmq0vpx_1.py\", line 22, in test_check\n    check(amicable_numbers_sum)\n  File \"/tmp/tmpmq0vpx_1.py\", line 17, in check\n    assert candidate(999) == 504\n  File \"/tmp/tmpmq0vpx_1.py\", line 8, in amicable_numbers_sum\n    a = sum_of_divisors(i)\nNameError: name 'sum_of_divisors' is not defined\n",
      "exit_code": 1,
      "status": "Exception"
    },
    {
      "program": "def amicable_numbers_sum(limit: int) -> int:\n    \"\"\"\n\tWrite a function to sum all amicable numbers from 1 to a specified number.\n\t\"\"\"\n    amicable_numbers = []\n    for i in range(1, limit):\n        if i not in amicable_numbers:\n            sum_of_divisors_i = sum_of_divisors(i)\n            sum_of_divisors_sum_of_divisors_i = sum_of_divisors(sum_of_divisors_i)\n            if i == sum_of_divisors_sum_of_divisors_i and i != sum_of_divisors_i:\n                amicable_numbers.append(i)\n                amicable_numbers.append(sum_of_divisors_i)\n    return sum(amicable_numbers)\n\n\ndef check(candidate):\n    assert candidate(999) == 504\n    assert candidate(9999) == 31626\n    assert candidate(99) == 0\n\ndef test_check():\n    check(amicable_numbers_sum)\n\ntest_check()\n",
      "timestamp": 1666122632,
      "stdout": "",
      "stderr": "Traceback (most recent call last):\n  File \"/tmp/tmptp55snpn.py\", line 24, in <module>\n    test_check()\n  File \"/tmp/tmptp55snpn.py\", line 22, in test_check\n    check(amicable_numbers_sum)\n  File \"/tmp/tmptp55snpn.py\", line 17, in check\n    assert candidate(999) == 504\n  File \"/tmp/tmptp55snpn.py\", line 8, in amicable_numbers_sum\n    sum_of_divisors_i = sum_of_divisors(i)\nNameError: name 'sum_of_divisors' is not defined. Did you mean: 'sum_of_divisors_i'?\n",
      "exit_code": 1,
      "status": "Exception"
    },
    {
      "program": "def amicable_numbers_sum(limit: int) -> int:\n    \"\"\"\n\tWrite a function to sum all amicable numbers from 1 to a specified number.\n\t\"\"\"\n    return sum(\n        [\n            i\n            for i in range(1, limit)\n            if i == sum_of_divisors(sum_of_divisors(i)) and i != sum_of_divisors(i)\n        ]\n    )\n\n\ndef check(candidate):\n    assert candidate(999) == 504\n    assert candidate(9999) == 31626\n    assert candidate(99) == 0\n\ndef test_check():\n    check(amicable_numbers_sum)\n\ntest_check()\n",
      "timestamp": 1665509935,
      "stdout": "",
      "stderr": "Traceback (most recent call last):\n  File \"/tmp/tmp90gaj7e0.py\", line 22, in <module>\n    test_check()\n  File \"/tmp/tmp90gaj7e0.py\", line 20, in test_check\n    check(amicable_numbers_sum)\n  File \"/tmp/tmp90gaj7e0.py\", line 15, in check\n    assert candidate(999) == 504\n  File \"/tmp/tmp90gaj7e0.py\", line 6, in amicable_numbers_sum\n    [\n  File \"/tmp/tmp90gaj7e0.py\", line 9, in <listcomp>\n    if i == sum_of_divisors(sum_of_divisors(i)) and i != sum_of_divisors(i)\nNameError: name 'sum_of_divisors' is not defined\n",
      "exit_code": 1,
      "status": "Exception"
    },
    {
      "program": "def amicable_numbers_sum(limit: int) -> int:\n    \"\"\"\n\tWrite a function to sum all amicable numbers from 1 to a specified number.\n\t\"\"\"\n    return sum(\n        [\n            i\n            for i in range(1, limit + 1)\n            if amicable_numbers(i, proper_divisors(i))\n        ]\n    )\n\n\ndef check(candidate):\n    assert candidate(999) == 504\n    assert candidate(9999) == 31626\n    assert candidate(99) == 0\n\ndef test_check():\n    check(amicable_numbers_sum)\n\ntest_check()\n",
      "timestamp": 1666122632,
      "stdout": "",
      "stderr": "Traceback (most recent call last):\n  File \"/tmp/tmp0o2ha9dn.py\", line 22, in <module>\n    test_check()\n  File \"/tmp/tmp0o2ha9dn.py\", line 20, in test_check\n    check(amicable_numbers_sum)\n  File \"/tmp/tmp0o2ha9dn.py\", line 15, in check\n    assert candidate(999) == 504\n  File \"/tmp/tmp0o2ha9dn.py\", line 6, in amicable_numbers_sum\n    [\n  File \"/tmp/tmp0o2ha9dn.py\", line 9, in <listcomp>\n    if amicable_numbers(i, proper_divisors(i))\nNameError: name 'amicable_numbers' is not defined. Did you mean: 'amicable_numbers_sum'?\n",
      "exit_code": 1,
      "status": "Exception"
    },
    {
      "program": "def amicable_numbers_sum(limit: int) -> int:\n    \"\"\"\n\tWrite a function to sum all amicable numbers from 1 to a specified number.\n\t\"\"\"\n    amicable_numbers = []\n    for i in range(1, limit + 1):\n        if i in amicable_numbers:\n            continue\n        j = sum_of_proper_divisors(i)\n        if i == sum_of_proper_divisors(j) and i != j:\n            amicable_numbers.append(i)\n            amicable_numbers.append(j)\n    return sum(amicable_numbers)\n\n\ndef check(candidate):\n    assert candidate(999) == 504\n    assert candidate(9999) == 31626\n    assert candidate(99) == 0\n\ndef test_check():\n    check(amicable_numbers_sum)\n\ntest_check()\n",
      "timestamp": 1666122632,
      "stdout": "",
      "stderr": "Traceback (most recent call last):\n  File \"/tmp/tmpvwv91pom.py\", line 24, in <module>\n    test_check()\n  File \"/tmp/tmpvwv91pom.py\", line 22, in test_check\n    check(amicable_numbers_sum)\n  File \"/tmp/tmpvwv91pom.py\", line 17, in check\n    assert candidate(999) == 504\n  File \"/tmp/tmpvwv91pom.py\", line 9, in amicable_numbers_sum\n    j = sum_of_proper_divisors(i)\nNameError: name 'sum_of_proper_divisors' is not defined\n",
      "exit_code": 1,
      "status": "Exception"
    },
    {
      "program": "def amicable_numbers_sum(limit: int) -> int:\n    \"\"\"\n\tWrite a function to sum all amicable numbers from 1 to a specified number.\n\t\"\"\"\n    amicable_numbers = []\n    for i in range(1, limit):\n        if is_amicable_number(i):\n            amicable_numbers.append(i)\n    return sum(amicable_numbers)\n\n\ndef check(candidate):\n    assert candidate(999) == 504\n    assert candidate(9999) == 31626\n    assert candidate(99) == 0\n\ndef test_check():\n    check(amicable_numbers_sum)\n\ntest_check()\n",
      "timestamp": 1665509935,
      "stdout": "",
      "stderr": "Traceback (most recent call last):\n  File \"/tmp/tmpx7mandjd.py\", line 20, in <module>\n    test_check()\n  File \"/tmp/tmpx7mandjd.py\", line 18, in test_check\n    check(amicable_numbers_sum)\n  File \"/tmp/tmpx7mandjd.py\", line 13, in check\n    assert candidate(999) == 504\n  File \"/tmp/tmpx7mandjd.py\", line 7, in amicable_numbers_sum\n    if is_amicable_number(i):\nNameError: name 'is_amicable_number' is not defined. Did you mean: 'amicable_numbers'?\n",
      "exit_code": 1,
      "status": "Exception"
    },
    {
      "program": "def amicable_numbers_sum(limit: int) -> int:\n    \"\"\"\n\tWrite a function to sum all amicable numbers from 1 to a specified number.\n\t\"\"\"\n    return sum(\n        [\n            i\n            for i in range(1, limit)\n            if i == sum_proper_divisors(sum_proper_divisors(i))\n            and i != sum_proper_divisors(i)\n        ]\n    )\n\n\ndef check(candidate):\n    assert candidate(999) == 504\n    assert candidate(9999) == 31626\n    assert candidate(99) == 0\n\ndef test_check():\n    check(amicable_numbers_sum)\n\ntest_check()\n",
      "timestamp": 1666122632,
      "stdout": "",
      "stderr": "Traceback (most recent call last):\n  File \"/tmp/tmp_24zu2q5.py\", line 23, in <module>\n    test_check()\n  File \"/tmp/tmp_24zu2q5.py\", line 21, in test_check\n    check(amicable_numbers_sum)\n  File \"/tmp/tmp_24zu2q5.py\", line 16, in check\n    assert candidate(999) == 504\n  File \"/tmp/tmp_24zu2q5.py\", line 6, in amicable_numbers_sum\n    [\n  File \"/tmp/tmp_24zu2q5.py\", line 9, in <listcomp>\n    if i == sum_proper_divisors(sum_proper_divisors(i))\nNameError: name 'sum_proper_divisors' is not defined\n",
      "exit_code": 1,
      "status": "Exception"
    },
    {
      "program": "def amicable_numbers_sum(limit: int) -> int:\n    \"\"\"\n\tWrite a function to sum all amicable numbers from 1 to a specified number.\n\t\"\"\"\n    return sum(amicable_numbers(limit))\n\n\ndef check(candidate):\n    assert candidate(999) == 504\n    assert candidate(9999) == 31626\n    assert candidate(99) == 0\n\ndef test_check():\n    check(amicable_numbers_sum)\n\ntest_check()\n",
      "timestamp": 1665509935,
      "stdout": "",
      "stderr": "Traceback (most recent call last):\n  File \"/tmp/tmp46dgqnv7.py\", line 16, in <module>\n    test_check()\n  File \"/tmp/tmp46dgqnv7.py\", line 14, in test_check\n    check(amicable_numbers_sum)\n  File \"/tmp/tmp46dgqnv7.py\", line 9, in check\n    assert candidate(999) == 504\n  File \"/tmp/tmp46dgqnv7.py\", line 5, in amicable_numbers_sum\n    return sum(amicable_numbers(limit))\nNameError: name 'amicable_numbers' is not defined. Did you mean: 'amicable_numbers_sum'?\n",
      "exit_code": 1,
      "status": "Exception"
    },
    {
      "program": "def amicable_numbers_sum(limit: int) -> int:\n    \"\"\"\n\tWrite a function to sum all amicable numbers from 1 to a specified number.\n\t\"\"\"\n    amicable_numbers = []\n    for i in range(1, limit):\n        if i in amicable_numbers:\n            continue\n        divisors_sum = sum(divisors(i))\n        if i == sum(divisors(divisors_sum)) and i != divisors_sum:\n            amicable_numbers.append(i)\n            amicable_numbers.append(divisors_sum)\n    return sum(amicable_numbers)\n\n\ndef check(candidate):\n    assert candidate(999) == 504\n    assert candidate(9999) == 31626\n    assert candidate(99) == 0\n\ndef test_check():\n    check(amicable_numbers_sum)\n\ntest_check()\n",
      "timestamp": 1666122630,
      "stdout": "",
      "stderr": "Traceback (most recent call last):\n  File \"/tmp/tmp6pkth9z3.py\", line 24, in <module>\n    test_check()\n  File \"/tmp/tmp6pkth9z3.py\", line 22, in test_check\n    check(amicable_numbers_sum)\n  File \"/tmp/tmp6pkth9z3.py\", line 17, in check\n    assert candidate(999) == 504\n  File \"/tmp/tmp6pkth9z3.py\", line 9, in amicable_numbers_sum\n    divisors_sum = sum(divisors(i))\nNameError: name 'divisors' is not defined\n",
      "exit_code": 1,
      "status": "Exception"
    },
    {
      "program": "def amicable_numbers_sum(limit: int) -> int:\n    \"\"\"\n\tWrite a function to sum all amicable numbers from 1 to a specified number.\n\t\"\"\"\n    sum_of_amicable_numbers = 0\n    for i in range(1, limit):\n        if is_amicable_number(i):\n            sum_of_amicable_numbers += i\n    return sum_of_amicable_numbers\n\n\ndef check(candidate):\n    assert candidate(999) == 504\n    assert candidate(9999) == 31626\n    assert candidate(99) == 0\n\ndef test_check():\n    check(amicable_numbers_sum)\n\ntest_check()\n",
      "timestamp": 1665509935,
      "stdout": "",
      "stderr": "Traceback (most recent call last):\n  File \"/tmp/tmp95m2__cp.py\", line 20, in <module>\n    test_check()\n  File \"/tmp/tmp95m2__cp.py\", line 18, in test_check\n    check(amicable_numbers_sum)\n  File \"/tmp/tmp95m2__cp.py\", line 13, in check\n    assert candidate(999) == 504\n  File \"/tmp/tmp95m2__cp.py\", line 7, in amicable_numbers_sum\n    if is_amicable_number(i):\nNameError: name 'is_amicable_number' is not defined. Did you mean: 'sum_of_amicable_numbers'?\n",
      "exit_code": 1,
      "status": "Exception"
    },
    {
      "program": "def amicable_numbers_sum(limit: int) -> int:\n    \"\"\"\n\tWrite a function to sum all amicable numbers from 1 to a specified number.\n\t\"\"\"\n    return sum(amicable_numbers(limit))\n\n\ndef check(candidate):\n    assert candidate(999) == 504\n    assert candidate(9999) == 31626\n    assert candidate(99) == 0\n\ndef test_check():\n    check(amicable_numbers_sum)\n\ntest_check()\n",
      "timestamp": 1665509935,
      "stdout": "",
      "stderr": "Traceback (most recent call last):\n  File \"/tmp/tmp46dgqnv7.py\", line 16, in <module>\n    test_check()\n  File \"/tmp/tmp46dgqnv7.py\", line 14, in test_check\n    check(amicable_numbers_sum)\n  File \"/tmp/tmp46dgqnv7.py\", line 9, in check\n    assert candidate(999) == 504\n  File \"/tmp/tmp46dgqnv7.py\", line 5, in amicable_numbers_sum\n    return sum(amicable_numbers(limit))\nNameError: name 'amicable_numbers' is not defined. Did you mean: 'amicable_numbers_sum'?\n",
      "exit_code": 1,
      "status": "Exception"
    },
    {
      "program": "def amicable_numbers_sum(limit: int) -> int:\n    \"\"\"\n\tWrite a function to sum all amicable numbers from 1 to a specified number.\n\t\"\"\"\n    amicable_numbers = []\n    for i in range(1, limit):\n        if i in amicable_numbers:\n            continue\n        a = sum_of_divisors(i)\n        b = sum_of_divisors(a)\n        if i == b and a != b:\n            amicable_numbers.append(a)\n            amicable_numbers.append(b)\n    return sum(amicable_numbers)\n\n\ndef check(candidate):\n    assert candidate(999) == 504\n    assert candidate(9999) == 31626\n    assert candidate(99) == 0\n\ndef test_check():\n    check(amicable_numbers_sum)\n\ntest_check()\n",
      "timestamp": 1665509935,
      "stdout": "",
      "stderr": "Traceback (most recent call last):\n  File \"/tmp/tmpv2jbqauz.py\", line 25, in <module>\n    test_check()\n  File \"/tmp/tmpv2jbqauz.py\", line 23, in test_check\n    check(amicable_numbers_sum)\n  File \"/tmp/tmpv2jbqauz.py\", line 18, in check\n    assert candidate(999) == 504\n  File \"/tmp/tmpv2jbqauz.py\", line 9, in amicable_numbers_sum\n    a = sum_of_divisors(i)\nNameError: name 'sum_of_divisors' is not defined\n",
      "exit_code": 1,
      "status": "Exception"
    },
    {
      "program": "def amicable_numbers_sum(limit: int) -> int:\n    \"\"\"\n\tWrite a function to sum all amicable numbers from 1 to a specified number.\n\t\"\"\"\n    amicable_numbers = set()\n    for i in range(1, limit):\n        if i in amicable_numbers:\n            continue\n        divisors_sum = sum(get_divisors(i))\n        if i == sum(get_divisors(divisors_sum)) and i != divisors_sum:\n            amicable_numbers.add(i)\n            amicable_numbers.add(divisors_sum)\n    return sum(amicable_numbers)\n\n\ndef check(candidate):\n    assert candidate(999) == 504\n    assert candidate(9999) == 31626\n    assert candidate(99) == 0\n\ndef test_check():\n    check(amicable_numbers_sum)\n\ntest_check()\n",
      "timestamp": 1666122632,
      "stdout": "",
      "stderr": "Traceback (most recent call last):\n  File \"/tmp/tmpnhuyongy.py\", line 24, in <module>\n    test_check()\n  File \"/tmp/tmpnhuyongy.py\", line 22, in test_check\n    check(amicable_numbers_sum)\n  File \"/tmp/tmpnhuyongy.py\", line 17, in check\n    assert candidate(999) == 504\n  File \"/tmp/tmpnhuyongy.py\", line 9, in amicable_numbers_sum\n    divisors_sum = sum(get_divisors(i))\nNameError: name 'get_divisors' is not defined\n",
      "exit_code": 1,
      "status": "Exception"
    },
    {
      "program": "def amicable_numbers_sum(limit: int) -> int:\n    \"\"\"\n\tWrite a function to sum all amicable numbers from 1 to a specified number.\n\t\"\"\"\n    amicable_numbers = []\n    for i in range(1, limit + 1):\n        if i in amicable_numbers:\n            continue\n        sum_divisors = sum_of_divisors(i)\n        if sum_divisors > i:\n            sum_divisors_of_sum_divisors = sum_of_divisors(sum_divisors)\n            if sum_divisors_of_sum_divisors == i:\n                amicable_numbers.append(i)\n                amicable_numbers.append(sum_divisors)\n    return sum(amicable_numbers)\n\n\ndef check(candidate):\n    assert candidate(999) == 504\n    assert candidate(9999) == 31626\n    assert candidate(99) == 0\n\ndef test_check():\n    check(amicable_numbers_sum)\n\ntest_check()\n",
      "timestamp": 1666122632,
      "stdout": "",
      "stderr": "Traceback (most recent call last):\n  File \"/tmp/tmp8g56zc87.py\", line 26, in <module>\n    test_check()\n  File \"/tmp/tmp8g56zc87.py\", line 24, in test_check\n    check(amicable_numbers_sum)\n  File \"/tmp/tmp8g56zc87.py\", line 19, in check\n    assert candidate(999) == 504\n  File \"/tmp/tmp8g56zc87.py\", line 9, in amicable_numbers_sum\n    sum_divisors = sum_of_divisors(i)\nNameError: name 'sum_of_divisors' is not defined. Did you mean: 'sum_divisors'?\n",
      "exit_code": 1,
      "status": "Exception"
    },
    {
      "program": "def amicable_numbers_sum(limit: int) -> int:\n    \"\"\"\n\tWrite a function to sum all amicable numbers from 1 to a specified number.\n\t\"\"\"\n    amicable_numbers = []\n    for i in range(1, limit + 1):\n        if i in amicable_numbers:\n            continue\n        j = sum_of_divisors(i)\n        if i == sum_of_divisors(j) and i != j:\n            amicable_numbers.append(i)\n            amicable_numbers.append(j)\n    return sum(amicable_numbers)\n\n\ndef check(candidate):\n    assert candidate(999) == 504\n    assert candidate(9999) == 31626\n    assert candidate(99) == 0\n\ndef test_check():\n    check(amicable_numbers_sum)\n\ntest_check()\n",
      "timestamp": 1665509935,
      "stdout": "",
      "stderr": "Traceback (most recent call last):\n  File \"/tmp/tmpxm7ctr8k.py\", line 24, in <module>\n    test_check()\n  File \"/tmp/tmpxm7ctr8k.py\", line 22, in test_check\n    check(amicable_numbers_sum)\n  File \"/tmp/tmpxm7ctr8k.py\", line 17, in check\n    assert candidate(999) == 504\n  File \"/tmp/tmpxm7ctr8k.py\", line 9, in amicable_numbers_sum\n    j = sum_of_divisors(i)\nNameError: name 'sum_of_divisors' is not defined\n",
      "exit_code": 1,
      "status": "Exception"
    },
    {
      "program": "def amicable_numbers_sum(limit: int) -> int:\n    \"\"\"\n\tWrite a function to sum all amicable numbers from 1 to a specified number.\n\t\"\"\"\n    amicable_numbers = []\n    for i in range(1, limit):\n        if i in amicable_numbers:\n            continue\n        j = sum_of_divisors(i)\n        if i == sum_of_divisors(j) and i != j:\n            amicable_numbers.append(i)\n            amicable_numbers.append(j)\n    return sum(amicable_numbers)\n\n\ndef check(candidate):\n    assert candidate(999) == 504\n    assert candidate(9999) == 31626\n    assert candidate(99) == 0\n\ndef test_check():\n    check(amicable_numbers_sum)\n\ntest_check()\n",
      "timestamp": 1665509935,
      "stdout": "",
      "stderr": "Traceback (most recent call last):\n  File \"/tmp/tmp36jx3ctt.py\", line 24, in <module>\n    test_check()\n  File \"/tmp/tmp36jx3ctt.py\", line 22, in test_check\n    check(amicable_numbers_sum)\n  File \"/tmp/tmp36jx3ctt.py\", line 17, in check\n    assert candidate(999) == 504\n  File \"/tmp/tmp36jx3ctt.py\", line 9, in amicable_numbers_sum\n    j = sum_of_divisors(i)\nNameError: name 'sum_of_divisors' is not defined\n",
      "exit_code": 1,
      "status": "Exception"
    },
    {
      "program": "def amicable_numbers_sum(limit: int) -> int:\n    \"\"\"\n\tWrite a function to sum all amicable numbers from 1 to a specified number.\n\t\"\"\"\n    return sum(\n        [\n            i\n            for i in range(1, limit)\n            if i == sum_of_divisors(sum_of_divisors(i)) and i != sum_of_divisors(i)\n        ]\n    )\n\n\ndef check(candidate):\n    assert candidate(999) == 504\n    assert candidate(9999) == 31626\n    assert candidate(99) == 0\n\ndef test_check():\n    check(amicable_numbers_sum)\n\ntest_check()\n",
      "timestamp": 1665509935,
      "stdout": "",
      "stderr": "Traceback (most recent call last):\n  File \"/tmp/tmp90gaj7e0.py\", line 22, in <module>\n    test_check()\n  File \"/tmp/tmp90gaj7e0.py\", line 20, in test_check\n    check(amicable_numbers_sum)\n  File \"/tmp/tmp90gaj7e0.py\", line 15, in check\n    assert candidate(999) == 504\n  File \"/tmp/tmp90gaj7e0.py\", line 6, in amicable_numbers_sum\n    [\n  File \"/tmp/tmp90gaj7e0.py\", line 9, in <listcomp>\n    if i == sum_of_divisors(sum_of_divisors(i)) and i != sum_of_divisors(i)\nNameError: name 'sum_of_divisors' is not defined\n",
      "exit_code": 1,
      "status": "Exception"
    },
    {
      "program": "def amicable_numbers_sum(limit: int) -> int:\n    \"\"\"\n\tWrite a function to sum all amicable numbers from 1 to a specified number.\n\t\"\"\"\n    amicable_numbers = []\n    for i in range(1, limit + 1):\n        if i not in amicable_numbers:\n            sum_of_divisors = sum_of_divisors_of(i)\n            if sum_of_divisors > i:\n                sum_of_divisors_of_sum_of_divisors = sum_of_divisors_of(sum_of_divisors)\n                if sum_of_divisors_of_sum_of_divisors == i:\n                    amicable_numbers.append(i)\n                    amicable_numbers.append(sum_of_divisors)\n    return sum(amicable_numbers)\n\n\ndef check(candidate):\n    assert candidate(999) == 504\n    assert candidate(9999) == 31626\n    assert candidate(99) == 0\n\ndef test_check():\n    check(amicable_numbers_sum)\n\ntest_check()\n",
      "timestamp": 1666122631,
      "stdout": "",
      "stderr": "Traceback (most recent call last):\n  File \"/tmp/tmp9q797jao.py\", line 25, in <module>\n    test_check()\n  File \"/tmp/tmp9q797jao.py\", line 23, in test_check\n    check(amicable_numbers_sum)\n  File \"/tmp/tmp9q797jao.py\", line 18, in check\n    assert candidate(999) == 504\n  File \"/tmp/tmp9q797jao.py\", line 8, in amicable_numbers_sum\n    sum_of_divisors = sum_of_divisors_of(i)\nNameError: name 'sum_of_divisors_of' is not defined. Did you mean: 'sum_of_divisors'?\n",
      "exit_code": 1,
      "status": "Exception"
    },
    {
      "program": "def amicable_numbers_sum(limit: int) -> int:\n    \"\"\"\n\tWrite a function to sum all amicable numbers from 1 to a specified number.\n\t\"\"\"\n    amicable_numbers = []\n    for i in range(1, limit):\n        if i in amicable_numbers:\n            continue\n        sum_of_divisors = sum_of_divisors_of_number(i)\n        if sum_of_divisors > i:\n            sum_of_divisors_of_sum_of_divisors = sum_of_divisors_of_number(sum_of_divisors)\n            if sum_of_divisors_of_sum_of_divisors == i:\n                amicable_numbers.append(i)\n                amicable_numbers.append(sum_of_divisors)\n\n    return sum(amicable_numbers)\n\n\ndef check(candidate):\n    assert candidate(999) == 504\n    assert candidate(9999) == 31626\n    assert candidate(99) == 0\n\ndef test_check():\n    check(amicable_numbers_sum)\n\ntest_check()\n",
      "timestamp": 1666122632,
      "stdout": "",
      "stderr": "Traceback (most recent call last):\n  File \"/tmp/tmpys1qryuc.py\", line 27, in <module>\n    test_check()\n  File \"/tmp/tmpys1qryuc.py\", line 25, in test_check\n    check(amicable_numbers_sum)\n  File \"/tmp/tmpys1qryuc.py\", line 20, in check\n    assert candidate(999) == 504\n  File \"/tmp/tmpys1qryuc.py\", line 9, in amicable_numbers_sum\n    sum_of_divisors = sum_of_divisors_of_number(i)\nNameError: name 'sum_of_divisors_of_number' is not defined\n",
      "exit_code": 1,
      "status": "Exception"
    },
    {
      "program": "def amicable_numbers_sum(limit: int) -> int:\n    \"\"\"\n\tWrite a function to sum all amicable numbers from 1 to a specified number.\n\t\"\"\"\n    return sum(\n        [\n            i\n            for i in range(1, limit)\n            if i == sum_proper_divisors(sum_proper_divisors(i)) and i != sum_proper_divisors(i)\n        ]\n    )\n\n\ndef check(candidate):\n    assert candidate(999) == 504\n    assert candidate(9999) == 31626\n    assert candidate(99) == 0\n\ndef test_check():\n    check(amicable_numbers_sum)\n\ntest_check()\n",
      "timestamp": 1665509935,
      "stdout": "",
      "stderr": "Traceback (most recent call last):\n  File \"/tmp/tmp2z8_6mdz.py\", line 22, in <module>\n    test_check()\n  File \"/tmp/tmp2z8_6mdz.py\", line 20, in test_check\n    check(amicable_numbers_sum)\n  File \"/tmp/tmp2z8_6mdz.py\", line 15, in check\n    assert candidate(999) == 504\n  File \"/tmp/tmp2z8_6mdz.py\", line 6, in amicable_numbers_sum\n    [\n  File \"/tmp/tmp2z8_6mdz.py\", line 9, in <listcomp>\n    if i == sum_proper_divisors(sum_proper_divisors(i)) and i != sum_proper_divisors(i)\nNameError: name 'sum_proper_divisors' is not defined\n",
      "exit_code": 1,
      "status": "Exception"
    },
    {
      "program": "def amicable_numbers_sum(limit: int) -> int:\n    \"\"\"\n\tWrite a function to sum all amicable numbers from 1 to a specified number.\n\t\"\"\"\n    amicable_numbers = []\n    for i in range(1, limit + 1):\n        if i not in amicable_numbers:\n            sum_of_divisors = sum_of_divisors_of(i)\n            if sum_of_divisors > i:\n                sum_of_divisors_of_sum_of_divisors = sum_of_divisors_of(sum_of_divisors)\n                if sum_of_divisors_of_sum_of_divisors == i:\n                    amicable_numbers.append(i)\n                    amicable_numbers.append(sum_of_divisors)\n    return sum(amicable_numbers)\n\n\ndef check(candidate):\n    assert candidate(999) == 504\n    assert candidate(9999) == 31626\n    assert candidate(99) == 0\n\ndef test_check():\n    check(amicable_numbers_sum)\n\ntest_check()\n",
      "timestamp": 1666122631,
      "stdout": "",
      "stderr": "Traceback (most recent call last):\n  File \"/tmp/tmp9q797jao.py\", line 25, in <module>\n    test_check()\n  File \"/tmp/tmp9q797jao.py\", line 23, in test_check\n    check(amicable_numbers_sum)\n  File \"/tmp/tmp9q797jao.py\", line 18, in check\n    assert candidate(999) == 504\n  File \"/tmp/tmp9q797jao.py\", line 8, in amicable_numbers_sum\n    sum_of_divisors = sum_of_divisors_of(i)\nNameError: name 'sum_of_divisors_of' is not defined. Did you mean: 'sum_of_divisors'?\n",
      "exit_code": 1,
      "status": "Exception"
    },
    {
      "program": "def amicable_numbers_sum(limit: int) -> int:\n    \"\"\"\n\tWrite a function to sum all amicable numbers from 1 to a specified number.\n\t\"\"\"\n    amicable_numbers = set()\n    for i in range(1, limit):\n        if i in amicable_numbers:\n            continue\n        j = sum_of_divisors(i)\n        if i != j and sum_of_divisors(j) == i:\n            amicable_numbers.add(i)\n            amicable_numbers.add(j)\n    return sum(amicable_numbers)\n\n\ndef check(candidate):\n    assert candidate(999) == 504\n    assert candidate(9999) == 31626\n    assert candidate(99) == 0\n\ndef test_check():\n    check(amicable_numbers_sum)\n\ntest_check()\n",
      "timestamp": 1666122631,
      "stdout": "",
      "stderr": "Traceback (most recent call last):\n  File \"/tmp/tmp30ezhh0o.py\", line 24, in <module>\n    test_check()\n  File \"/tmp/tmp30ezhh0o.py\", line 22, in test_check\n    check(amicable_numbers_sum)\n  File \"/tmp/tmp30ezhh0o.py\", line 17, in check\n    assert candidate(999) == 504\n  File \"/tmp/tmp30ezhh0o.py\", line 9, in amicable_numbers_sum\n    j = sum_of_divisors(i)\nNameError: name 'sum_of_divisors' is not defined\n",
      "exit_code": 1,
      "status": "Exception"
    },
    {
      "program": "def amicable_numbers_sum(limit: int) -> int:\n    \"\"\"\n\tWrite a function to sum all amicable numbers from 1 to a specified number.\n\t\"\"\"\n    return sum(\n        [\n            i\n            for i in range(1, limit)\n            if i == sum_of_divisors(sum_of_divisors(i)) and i != sum_of_divisors(i)\n        ]\n    )\n\n\ndef check(candidate):\n    assert candidate(999) == 504\n    assert candidate(9999) == 31626\n    assert candidate(99) == 0\n\ndef test_check():\n    check(amicable_numbers_sum)\n\ntest_check()\n",
      "timestamp": 1665509935,
      "stdout": "",
      "stderr": "Traceback (most recent call last):\n  File \"/tmp/tmp90gaj7e0.py\", line 22, in <module>\n    test_check()\n  File \"/tmp/tmp90gaj7e0.py\", line 20, in test_check\n    check(amicable_numbers_sum)\n  File \"/tmp/tmp90gaj7e0.py\", line 15, in check\n    assert candidate(999) == 504\n  File \"/tmp/tmp90gaj7e0.py\", line 6, in amicable_numbers_sum\n    [\n  File \"/tmp/tmp90gaj7e0.py\", line 9, in <listcomp>\n    if i == sum_of_divisors(sum_of_divisors(i)) and i != sum_of_divisors(i)\nNameError: name 'sum_of_divisors' is not defined\n",
      "exit_code": 1,
      "status": "Exception"
    },
    {
      "program": "def amicable_numbers_sum(limit: int) -> int:\n    \"\"\"\n\tWrite a function to sum all amicable numbers from 1 to a specified number.\n\t\"\"\"\n    amicable_numbers = []\n    for i in range(1, limit + 1):\n        if i not in amicable_numbers:\n            sum_of_divisors = sum(divisors(i))\n            if sum_of_divisors > i:\n                sum_of_divisors_of_sum_of_divisors = sum(divisors(sum_of_divisors))\n                if sum_of_divisors_of_sum_of_divisors == i:\n                    amicable_numbers.append(i)\n                    amicable_numbers.append(sum_of_divisors)\n    return sum(amicable_numbers)\n\n\ndef check(candidate):\n    assert candidate(999) == 504\n    assert candidate(9999) == 31626\n    assert candidate(99) == 0\n\ndef test_check():\n    check(amicable_numbers_sum)\n\ntest_check()\n",
      "timestamp": 1666122632,
      "stdout": "",
      "stderr": "Traceback (most recent call last):\n  File \"/tmp/tmpqqfgvi7u.py\", line 25, in <module>\n    test_check()\n  File \"/tmp/tmpqqfgvi7u.py\", line 23, in test_check\n    check(amicable_numbers_sum)\n  File \"/tmp/tmpqqfgvi7u.py\", line 18, in check\n    assert candidate(999) == 504\n  File \"/tmp/tmpqqfgvi7u.py\", line 8, in amicable_numbers_sum\n    sum_of_divisors = sum(divisors(i))\nNameError: name 'divisors' is not defined\n",
      "exit_code": 1,
      "status": "Exception"
    },
    {
      "program": "def amicable_numbers_sum(limit: int) -> int:\n    \"\"\"\n\tWrite a function to sum all amicable numbers from 1 to a specified number.\n\t\"\"\"\n    amicable_numbers = []\n    for i in range(1, limit):\n        if i in amicable_numbers:\n            continue\n        divisors_sum = sum_of_divisors(i)\n        if i == sum_of_divisors(divisors_sum) and i != divisors_sum:\n            amicable_numbers.append(i)\n            amicable_numbers.append(divisors_sum)\n    return sum(amicable_numbers)\n\n\ndef check(candidate):\n    assert candidate(999) == 504\n    assert candidate(9999) == 31626\n    assert candidate(99) == 0\n\ndef test_check():\n    check(amicable_numbers_sum)\n\ntest_check()\n",
      "timestamp": 1666122632,
      "stdout": "",
      "stderr": "Traceback (most recent call last):\n  File \"/tmp/tmp9mgb2tbt.py\", line 24, in <module>\n    test_check()\n  File \"/tmp/tmp9mgb2tbt.py\", line 22, in test_check\n    check(amicable_numbers_sum)\n  File \"/tmp/tmp9mgb2tbt.py\", line 17, in check\n    assert candidate(999) == 504\n  File \"/tmp/tmp9mgb2tbt.py\", line 9, in amicable_numbers_sum\n    divisors_sum = sum_of_divisors(i)\nNameError: name 'sum_of_divisors' is not defined\n",
      "exit_code": 1,
      "status": "Exception"
    },
    {
      "program": "def amicable_numbers_sum(limit: int) -> int:\n    \"\"\"\n\tWrite a function to sum all amicable numbers from 1 to a specified number.\n\t\"\"\"\n    amicable_numbers = set()\n    for i in range(1, limit):\n        if i in amicable_numbers:\n            continue\n        j = sum_of_divisors(i)\n        if i == sum_of_divisors(j) and i != j:\n            amicable_numbers.add(i)\n            amicable_numbers.add(j)\n    return sum(amicable_numbers)\n\n\ndef check(candidate):\n    assert candidate(999) == 504\n    assert candidate(9999) == 31626\n    assert candidate(99) == 0\n\ndef test_check():\n    check(amicable_numbers_sum)\n\ntest_check()\n",
      "timestamp": 1666122630,
      "stdout": "",
      "stderr": "Traceback (most recent call last):\n  File \"/tmp/tmpj5d2ivd2.py\", line 24, in <module>\n    test_check()\n  File \"/tmp/tmpj5d2ivd2.py\", line 22, in test_check\n    check(amicable_numbers_sum)\n  File \"/tmp/tmpj5d2ivd2.py\", line 17, in check\n    assert candidate(999) == 504\n  File \"/tmp/tmpj5d2ivd2.py\", line 9, in amicable_numbers_sum\n    j = sum_of_divisors(i)\nNameError: name 'sum_of_divisors' is not defined\n",
      "exit_code": 1,
      "status": "Exception"
    },
    {
      "program": "def amicable_numbers_sum(limit: int) -> int:\n    \"\"\"\n\tWrite a function to sum all amicable numbers from 1 to a specified number.\n\t\"\"\"\n    amicable_numbers = []\n    for i in range(1, limit):\n        if i not in amicable_numbers:\n            if is_amicable(i):\n                amicable_numbers.append(i)\n                amicable_numbers.append(sum_of_divisors(i))\n    return sum(amicable_numbers)\n\n\ndef check(candidate):\n    assert candidate(999) == 504\n    assert candidate(9999) == 31626\n    assert candidate(99) == 0\n\ndef test_check():\n    check(amicable_numbers_sum)\n\ntest_check()\n",
      "timestamp": 1666122631,
      "stdout": "",
      "stderr": "Traceback (most recent call last):\n  File \"/tmp/tmp3tjix_6l.py\", line 22, in <module>\n    test_check()\n  File \"/tmp/tmp3tjix_6l.py\", line 20, in test_check\n    check(amicable_numbers_sum)\n  File \"/tmp/tmp3tjix_6l.py\", line 15, in check\n    assert candidate(999) == 504\n  File \"/tmp/tmp3tjix_6l.py\", line 8, in amicable_numbers_sum\n    if is_amicable(i):\nNameError: name 'is_amicable' is not defined\n",
      "exit_code": 1,
      "status": "Exception"
    },
    {
      "program": "def amicable_numbers_sum(limit: int) -> int:\n    \"\"\"\n\tWrite a function to sum all amicable numbers from 1 to a specified number.\n\t\"\"\"\n    amicable_numbers = []\n    for i in range(1, limit):\n        if i in amicable_numbers:\n            continue\n        j = sum_of_divisors(i)\n        if i == sum_of_divisors(j) and i != j:\n            amicable_numbers.append(i)\n            amicable_numbers.append(j)\n    return sum(amicable_numbers)\n\n\ndef check(candidate):\n    assert candidate(999) == 504\n    assert candidate(9999) == 31626\n    assert candidate(99) == 0\n\ndef test_check():\n    check(amicable_numbers_sum)\n\ntest_check()\n",
      "timestamp": 1665509935,
      "stdout": "",
      "stderr": "Traceback (most recent call last):\n  File \"/tmp/tmp36jx3ctt.py\", line 24, in <module>\n    test_check()\n  File \"/tmp/tmp36jx3ctt.py\", line 22, in test_check\n    check(amicable_numbers_sum)\n  File \"/tmp/tmp36jx3ctt.py\", line 17, in check\n    assert candidate(999) == 504\n  File \"/tmp/tmp36jx3ctt.py\", line 9, in amicable_numbers_sum\n    j = sum_of_divisors(i)\nNameError: name 'sum_of_divisors' is not defined\n",
      "exit_code": 1,
      "status": "Exception"
    },
    {
      "program": "def amicable_numbers_sum(limit: int) -> int:\n    \"\"\"\n\tWrite a function to sum all amicable numbers from 1 to a specified number.\n\t\"\"\"\n    amicable_numbers = set()\n    for i in range(1, limit):\n        if i in amicable_numbers:\n            continue\n        j = sum_of_divisors(i)\n        if i == sum_of_divisors(j) and i != j:\n            amicable_numbers.add(i)\n            amicable_numbers.add(j)\n    return sum(amicable_numbers)\n\n\ndef check(candidate):\n    assert candidate(999) == 504\n    assert candidate(9999) == 31626\n    assert candidate(99) == 0\n\ndef test_check():\n    check(amicable_numbers_sum)\n\ntest_check()\n",
      "timestamp": 1666122630,
      "stdout": "",
      "stderr": "Traceback (most recent call last):\n  File \"/tmp/tmpj5d2ivd2.py\", line 24, in <module>\n    test_check()\n  File \"/tmp/tmpj5d2ivd2.py\", line 22, in test_check\n    check(amicable_numbers_sum)\n  File \"/tmp/tmpj5d2ivd2.py\", line 17, in check\n    assert candidate(999) == 504\n  File \"/tmp/tmpj5d2ivd2.py\", line 9, in amicable_numbers_sum\n    j = sum_of_divisors(i)\nNameError: name 'sum_of_divisors' is not defined\n",
      "exit_code": 1,
      "status": "Exception"
    },
    {
      "program": "def amicable_numbers_sum(limit: int) -> int:\n    \"\"\"\n\tWrite a function to sum all amicable numbers from 1 to a specified number.\n\t\"\"\"\n    amicable_numbers = []\n    for i in range(1, limit + 1):\n        if i not in amicable_numbers:\n            sum_of_divisors = sum_of_divisors_of(i)\n            if sum_of_divisors != i:\n                sum_of_divisors_of_sum_of_divisors = sum_of_divisors_of(sum_of_divisors)\n                if sum_of_divisors_of_sum_of_divisors == i:\n                    amicable_numbers.append(i)\n                    amicable_numbers.append(sum_of_divisors)\n    return sum(amicable_numbers)\n\n\ndef check(candidate):\n    assert candidate(999) == 504\n    assert candidate(9999) == 31626\n    assert candidate(99) == 0\n\ndef test_check():\n    check(amicable_numbers_sum)\n\ntest_check()\n",
      "timestamp": 1666122632,
      "stdout": "",
      "stderr": "Traceback (most recent call last):\n  File \"/tmp/tmpykn4twlb.py\", line 25, in <module>\n    test_check()\n  File \"/tmp/tmpykn4twlb.py\", line 23, in test_check\n    check(amicable_numbers_sum)\n  File \"/tmp/tmpykn4twlb.py\", line 18, in check\n    assert candidate(999) == 504\n  File \"/tmp/tmpykn4twlb.py\", line 8, in amicable_numbers_sum\n    sum_of_divisors = sum_of_divisors_of(i)\nNameError: name 'sum_of_divisors_of' is not defined. Did you mean: 'sum_of_divisors'?\n",
      "exit_code": 1,
      "status": "Exception"
    },
    {
      "program": "def amicable_numbers_sum(limit: int) -> int:\n    \"\"\"\n\tWrite a function to sum all amicable numbers from 1 to a specified number.\n\t\"\"\"\n    sum = 0\n    for i in range(1, limit):\n        if is_amicable(i):\n            sum += i\n    return sum\n\n\ndef check(candidate):\n    assert candidate(999) == 504\n    assert candidate(9999) == 31626\n    assert candidate(99) == 0\n\ndef test_check():\n    check(amicable_numbers_sum)\n\ntest_check()\n",
      "timestamp": 1666122632,
      "stdout": "",
      "stderr": "Traceback (most recent call last):\n  File \"/tmp/tmpz403bmmy.py\", line 20, in <module>\n    test_check()\n  File \"/tmp/tmpz403bmmy.py\", line 18, in test_check\n    check(amicable_numbers_sum)\n  File \"/tmp/tmpz403bmmy.py\", line 13, in check\n    assert candidate(999) == 504\n  File \"/tmp/tmpz403bmmy.py\", line 7, in amicable_numbers_sum\n    if is_amicable(i):\nNameError: name 'is_amicable' is not defined\n",
      "exit_code": 1,
      "status": "Exception"
    },
    {
      "program": "def amicable_numbers_sum(limit: int) -> int:\n    \"\"\"\n\tWrite a function to sum all amicable numbers from 1 to a specified number.\n\t\"\"\"\n    amicable_numbers = []\n    for i in range(1, limit):\n        if i in amicable_numbers:\n            continue\n        sum_of_divisors_i = sum_of_divisors(i)\n        sum_of_divisors_j = sum_of_divisors(sum_of_divisors_i)\n        if sum_of_divisors_j == i and sum_of_divisors_i != sum_of_divisors_j:\n            amicable_numbers.append(i)\n            amicable_numbers.append(sum_of_divisors_i)\n    return sum(amicable_numbers)\n\n\ndef check(candidate):\n    assert candidate(999) == 504\n    assert candidate(9999) == 31626\n    assert candidate(99) == 0\n\ndef test_check():\n    check(amicable_numbers_sum)\n\ntest_check()\n",
      "timestamp": 1666122632,
      "stdout": "",
      "stderr": "Traceback (most recent call last):\n  File \"/tmp/tmpv7hn0q7d.py\", line 25, in <module>\n    test_check()\n  File \"/tmp/tmpv7hn0q7d.py\", line 23, in test_check\n    check(amicable_numbers_sum)\n  File \"/tmp/tmpv7hn0q7d.py\", line 18, in check\n    assert candidate(999) == 504\n  File \"/tmp/tmpv7hn0q7d.py\", line 9, in amicable_numbers_sum\n    sum_of_divisors_i = sum_of_divisors(i)\nNameError: name 'sum_of_divisors' is not defined. Did you mean: 'sum_of_divisors_i'?\n",
      "exit_code": 1,
      "status": "Exception"
    },
    {
      "program": "def amicable_numbers_sum(limit: int) -> int:\n    \"\"\"\n\tWrite a function to sum all amicable numbers from 1 to a specified number.\n\t\"\"\"\n    amicable_numbers = []\n    for i in range(1, limit):\n        if i not in amicable_numbers:\n            sum_of_divisors = sum_of_divisors_of(i)\n            if sum_of_divisors != i:\n                sum_of_divisors_of_sum_of_divisors = sum_of_divisors_of(sum_of_divisors)\n                if sum_of_divisors_of_sum_of_divisors == i:\n                    amicable_numbers.append(i)\n                    amicable_numbers.append(sum_of_divisors)\n    return sum(amicable_numbers)\n\n\ndef check(candidate):\n    assert candidate(999) == 504\n    assert candidate(9999) == 31626\n    assert candidate(99) == 0\n\ndef test_check():\n    check(amicable_numbers_sum)\n\ntest_check()\n",
      "timestamp": 1666122632,
      "stdout": "",
      "stderr": "Traceback (most recent call last):\n  File \"/tmp/tmptc7df5qb.py\", line 25, in <module>\n    test_check()\n  File \"/tmp/tmptc7df5qb.py\", line 23, in test_check\n    check(amicable_numbers_sum)\n  File \"/tmp/tmptc7df5qb.py\", line 18, in check\n    assert candidate(999) == 504\n  File \"/tmp/tmptc7df5qb.py\", line 8, in amicable_numbers_sum\n    sum_of_divisors = sum_of_divisors_of(i)\nNameError: name 'sum_of_divisors_of' is not defined. Did you mean: 'sum_of_divisors'?\n",
      "exit_code": 1,
      "status": "Exception"
    },
    {
      "program": "def amicable_numbers_sum(limit: int) -> int:\n    \"\"\"\n\tWrite a function to sum all amicable numbers from 1 to a specified number.\n\t\"\"\"\n    amicable_numbers = []\n    for i in range(1, limit):\n        if i not in amicable_numbers:\n            divisors_sum = sum(divisors(i))\n            if sum(divisors(divisors_sum)) == i and divisors_sum != i:\n                amicable_numbers.append(i)\n                amicable_numbers.append(divisors_sum)\n    return sum(amicable_numbers)\n\n\ndef check(candidate):\n    assert candidate(999) == 504\n    assert candidate(9999) == 31626\n    assert candidate(99) == 0\n\ndef test_check():\n    check(amicable_numbers_sum)\n\ntest_check()\n",
      "timestamp": 1666122632,
      "stdout": "",
      "stderr": "Traceback (most recent call last):\n  File \"/tmp/tmpver5lqma.py\", line 23, in <module>\n    test_check()\n  File \"/tmp/tmpver5lqma.py\", line 21, in test_check\n    check(amicable_numbers_sum)\n  File \"/tmp/tmpver5lqma.py\", line 16, in check\n    assert candidate(999) == 504\n  File \"/tmp/tmpver5lqma.py\", line 8, in amicable_numbers_sum\n    divisors_sum = sum(divisors(i))\nNameError: name 'divisors' is not defined\n",
      "exit_code": 1,
      "status": "Exception"
    },
    {
      "program": "def amicable_numbers_sum(limit: int) -> int:\n    \"\"\"\n\tWrite a function to sum all amicable numbers from 1 to a specified number.\n\t\"\"\"\n    sum_of_amicable_numbers = 0\n    for i in range(1, limit):\n        if is_amicable(i):\n            sum_of_amicable_numbers += i\n    return sum_of_amicable_numbers\n\n\ndef check(candidate):\n    assert candidate(999) == 504\n    assert candidate(9999) == 31626\n    assert candidate(99) == 0\n\ndef test_check():\n    check(amicable_numbers_sum)\n\ntest_check()\n",
      "timestamp": 1666122631,
      "stdout": "",
      "stderr": "Traceback (most recent call last):\n  File \"/tmp/tmpohqvtwzn.py\", line 20, in <module>\n    test_check()\n  File \"/tmp/tmpohqvtwzn.py\", line 18, in test_check\n    check(amicable_numbers_sum)\n  File \"/tmp/tmpohqvtwzn.py\", line 13, in check\n    assert candidate(999) == 504\n  File \"/tmp/tmpohqvtwzn.py\", line 7, in amicable_numbers_sum\n    if is_amicable(i):\nNameError: name 'is_amicable' is not defined\n",
      "exit_code": 1,
      "status": "Exception"
    },
    {
      "program": "def amicable_numbers_sum(limit: int) -> int:\n    \"\"\"\n\tWrite a function to sum all amicable numbers from 1 to a specified number.\n\t\"\"\"\n    amicable_numbers = []\n    for i in range(1, limit + 1):\n        if i in amicable_numbers:\n            continue\n        j = sum_of_divisors(i)\n        if i == sum_of_divisors(j) and i != j:\n            amicable_numbers.append(i)\n            amicable_numbers.append(j)\n    return sum(amicable_numbers)\n\n\ndef check(candidate):\n    assert candidate(999) == 504\n    assert candidate(9999) == 31626\n    assert candidate(99) == 0\n\ndef test_check():\n    check(amicable_numbers_sum)\n\ntest_check()\n",
      "timestamp": 1665509935,
      "stdout": "",
      "stderr": "Traceback (most recent call last):\n  File \"/tmp/tmpxm7ctr8k.py\", line 24, in <module>\n    test_check()\n  File \"/tmp/tmpxm7ctr8k.py\", line 22, in test_check\n    check(amicable_numbers_sum)\n  File \"/tmp/tmpxm7ctr8k.py\", line 17, in check\n    assert candidate(999) == 504\n  File \"/tmp/tmpxm7ctr8k.py\", line 9, in amicable_numbers_sum\n    j = sum_of_divisors(i)\nNameError: name 'sum_of_divisors' is not defined\n",
      "exit_code": 1,
      "status": "Exception"
    },
    {
      "program": "def amicable_numbers_sum(limit: int) -> int:\n    \"\"\"\n\tWrite a function to sum all amicable numbers from 1 to a specified number.\n\t\"\"\"\n    amicable_numbers = []\n    for i in range(1, limit):\n        if i not in amicable_numbers:\n            a = sum_of_divisors(i)\n            b = sum_of_divisors(a)\n            if i == b and a != b:\n                amicable_numbers.append(i)\n                amicable_numbers.append(a)\n    return sum(amicable_numbers)\n\n\ndef check(candidate):\n    assert candidate(999) == 504\n    assert candidate(9999) == 31626\n    assert candidate(99) == 0\n\ndef test_check():\n    check(amicable_numbers_sum)\n\ntest_check()\n",
      "timestamp": 1666122632,
      "stdout": "",
      "stderr": "Traceback (most recent call last):\n  File \"/tmp/tmpykpvp5of.py\", line 24, in <module>\n    test_check()\n  File \"/tmp/tmpykpvp5of.py\", line 22, in test_check\n    check(amicable_numbers_sum)\n  File \"/tmp/tmpykpvp5of.py\", line 17, in check\n    assert candidate(999) == 504\n  File \"/tmp/tmpykpvp5of.py\", line 8, in amicable_numbers_sum\n    a = sum_of_divisors(i)\nNameError: name 'sum_of_divisors' is not defined\n",
      "exit_code": 1,
      "status": "Exception"
    },
    {
      "program": "def amicable_numbers_sum(limit: int) -> int:\n    \"\"\"\n\tWrite a function to sum all amicable numbers from 1 to a specified number.\n\t\"\"\"\n    return sum(amicable_numbers(limit))\n\n\ndef check(candidate):\n    assert candidate(999) == 504\n    assert candidate(9999) == 31626\n    assert candidate(99) == 0\n\ndef test_check():\n    check(amicable_numbers_sum)\n\ntest_check()\n",
      "timestamp": 1665509935,
      "stdout": "",
      "stderr": "Traceback (most recent call last):\n  File \"/tmp/tmp46dgqnv7.py\", line 16, in <module>\n    test_check()\n  File \"/tmp/tmp46dgqnv7.py\", line 14, in test_check\n    check(amicable_numbers_sum)\n  File \"/tmp/tmp46dgqnv7.py\", line 9, in check\n    assert candidate(999) == 504\n  File \"/tmp/tmp46dgqnv7.py\", line 5, in amicable_numbers_sum\n    return sum(amicable_numbers(limit))\nNameError: name 'amicable_numbers' is not defined. Did you mean: 'amicable_numbers_sum'?\n",
      "exit_code": 1,
      "status": "Exception"
    },
    {
      "program": "def amicable_numbers_sum(limit: int) -> int:\n    \"\"\"\n\tWrite a function to sum all amicable numbers from 1 to a specified number.\n\t\"\"\"\n    return sum(\n        [\n            i\n            for i in range(1, limit)\n            if i == sum_divisors(sum_divisors(i)) and i != sum_divisors(i)\n        ]\n    )\n\n\ndef check(candidate):\n    assert candidate(999) == 504\n    assert candidate(9999) == 31626\n    assert candidate(99) == 0\n\ndef test_check():\n    check(amicable_numbers_sum)\n\ntest_check()\n",
      "timestamp": 1665509935,
      "stdout": "",
      "stderr": "Traceback (most recent call last):\n  File \"/tmp/tmpsvkvddro.py\", line 22, in <module>\n    test_check()\n  File \"/tmp/tmpsvkvddro.py\", line 20, in test_check\n    check(amicable_numbers_sum)\n  File \"/tmp/tmpsvkvddro.py\", line 15, in check\n    assert candidate(999) == 504\n  File \"/tmp/tmpsvkvddro.py\", line 6, in amicable_numbers_sum\n    [\n  File \"/tmp/tmpsvkvddro.py\", line 9, in <listcomp>\n    if i == sum_divisors(sum_divisors(i)) and i != sum_divisors(i)\nNameError: name 'sum_divisors' is not defined\n",
      "exit_code": 1,
      "status": "Exception"
    },
    {
      "program": "def amicable_numbers_sum(limit: int) -> int:\n    \"\"\"\n\tWrite a function to sum all amicable numbers from 1 to a specified number.\n\t\"\"\"\n    sum_of_amicable_numbers = 0\n    for i in range(1, limit + 1):\n        if is_amicable_number(i):\n            sum_of_amicable_numbers += i\n    return sum_of_amicable_numbers\n\n\ndef check(candidate):\n    assert candidate(999) == 504\n    assert candidate(9999) == 31626\n    assert candidate(99) == 0\n\ndef test_check():\n    check(amicable_numbers_sum)\n\ntest_check()\n",
      "timestamp": 1665509935,
      "stdout": "",
      "stderr": "Traceback (most recent call last):\n  File \"/tmp/tmp9z8pgsiw.py\", line 20, in <module>\n    test_check()\n  File \"/tmp/tmp9z8pgsiw.py\", line 18, in test_check\n    check(amicable_numbers_sum)\n  File \"/tmp/tmp9z8pgsiw.py\", line 13, in check\n    assert candidate(999) == 504\n  File \"/tmp/tmp9z8pgsiw.py\", line 7, in amicable_numbers_sum\n    if is_amicable_number(i):\nNameError: name 'is_amicable_number' is not defined. Did you mean: 'sum_of_amicable_numbers'?\n",
      "exit_code": 1,
      "status": "Exception"
    },
    {
      "program": "def amicable_numbers_sum(limit: int) -> int:\n    \"\"\"\n\tWrite a function to sum all amicable numbers from 1 to a specified number.\n\t\"\"\"\n    amicable_numbers = []\n    for i in range(1, limit):\n        if i in amicable_numbers:\n            continue\n        sum_of_divisors = sum_of_divisors_of(i)\n        if sum_of_divisors > i:\n            sum_of_divisors_of_sum_of_divisors = sum_of_divisors_of(sum_of_divisors)\n            if sum_of_divisors_of_sum_of_divisors == i:\n                amicable_numbers.append(i)\n                amicable_numbers.append(sum_of_divisors)\n    return sum(amicable_numbers)\n\n\ndef check(candidate):\n    assert candidate(999) == 504\n    assert candidate(9999) == 31626\n    assert candidate(99) == 0\n\ndef test_check():\n    check(amicable_numbers_sum)\n\ntest_check()\n",
      "timestamp": 1665509935,
      "stdout": "",
      "stderr": "Traceback (most recent call last):\n  File \"/tmp/tmpaea3qmgj.py\", line 26, in <module>\n    test_check()\n  File \"/tmp/tmpaea3qmgj.py\", line 24, in test_check\n    check(amicable_numbers_sum)\n  File \"/tmp/tmpaea3qmgj.py\", line 19, in check\n    assert candidate(999) == 504\n  File \"/tmp/tmpaea3qmgj.py\", line 9, in amicable_numbers_sum\n    sum_of_divisors = sum_of_divisors_of(i)\nNameError: name 'sum_of_divisors_of' is not defined. Did you mean: 'sum_of_divisors'?\n",
      "exit_code": 1,
      "status": "Exception"
    },
    {
      "program": "def amicable_numbers_sum(limit: int) -> int:\n    \"\"\"\n\tWrite a function to sum all amicable numbers from 1 to a specified number.\n\t\"\"\"\n    sum_of_amicable_numbers = 0\n    for i in range(1, limit + 1):\n        if is_amicable_number(i):\n            sum_of_amicable_numbers += i\n    return sum_of_amicable_numbers\n\n\ndef check(candidate):\n    assert candidate(999) == 504\n    assert candidate(9999) == 31626\n    assert candidate(99) == 0\n\ndef test_check():\n    check(amicable_numbers_sum)\n\ntest_check()\n",
      "timestamp": 1665509935,
      "stdout": "",
      "stderr": "Traceback (most recent call last):\n  File \"/tmp/tmp9z8pgsiw.py\", line 20, in <module>\n    test_check()\n  File \"/tmp/tmp9z8pgsiw.py\", line 18, in test_check\n    check(amicable_numbers_sum)\n  File \"/tmp/tmp9z8pgsiw.py\", line 13, in check\n    assert candidate(999) == 504\n  File \"/tmp/tmp9z8pgsiw.py\", line 7, in amicable_numbers_sum\n    if is_amicable_number(i):\nNameError: name 'is_amicable_number' is not defined. Did you mean: 'sum_of_amicable_numbers'?\n",
      "exit_code": 1,
      "status": "Exception"
    },
    {
      "program": "def amicable_numbers_sum(limit: int) -> int:\n    \"\"\"\n\tWrite a function to sum all amicable numbers from 1 to a specified number.\n\t\"\"\"\n    amicable_numbers = []\n    for i in range(1, limit):\n        if is_amicable(i):\n            amicable_numbers.append(i)\n    return sum(amicable_numbers)\n\n\ndef check(candidate):\n    assert candidate(999) == 504\n    assert candidate(9999) == 31626\n    assert candidate(99) == 0\n\ndef test_check():\n    check(amicable_numbers_sum)\n\ntest_check()\n",
      "timestamp": 1665509935,
      "stdout": "",
      "stderr": "Traceback (most recent call last):\n  File \"/tmp/tmp74aaz3mb.py\", line 20, in <module>\n    test_check()\n  File \"/tmp/tmp74aaz3mb.py\", line 18, in test_check\n    check(amicable_numbers_sum)\n  File \"/tmp/tmp74aaz3mb.py\", line 13, in check\n    assert candidate(999) == 504\n  File \"/tmp/tmp74aaz3mb.py\", line 7, in amicable_numbers_sum\n    if is_amicable(i):\nNameError: name 'is_amicable' is not defined\n",
      "exit_code": 1,
      "status": "Exception"
    },
    {
      "program": "def amicable_numbers_sum(limit: int) -> int:\n    \"\"\"\n\tWrite a function to sum all amicable numbers from 1 to a specified number.\n\t\"\"\"\n    sum_of_amicable_numbers = 0\n    for i in range(1, limit):\n        if is_amicable_number(i):\n            sum_of_amicable_numbers += i\n    return sum_of_amicable_numbers\n\n\ndef check(candidate):\n    assert candidate(999) == 504\n    assert candidate(9999) == 31626\n    assert candidate(99) == 0\n\ndef test_check():\n    check(amicable_numbers_sum)\n\ntest_check()\n",
      "timestamp": 1665509935,
      "stdout": "",
      "stderr": "Traceback (most recent call last):\n  File \"/tmp/tmp95m2__cp.py\", line 20, in <module>\n    test_check()\n  File \"/tmp/tmp95m2__cp.py\", line 18, in test_check\n    check(amicable_numbers_sum)\n  File \"/tmp/tmp95m2__cp.py\", line 13, in check\n    assert candidate(999) == 504\n  File \"/tmp/tmp95m2__cp.py\", line 7, in amicable_numbers_sum\n    if is_amicable_number(i):\nNameError: name 'is_amicable_number' is not defined. Did you mean: 'sum_of_amicable_numbers'?\n",
      "exit_code": 1,
      "status": "Exception"
    },
    {
      "program": "def amicable_numbers_sum(limit: int) -> int:\n    \"\"\"\n\tWrite a function to sum all amicable numbers from 1 to a specified number.\n\t\"\"\"\n    return sum(\n        [\n            x\n            for x in range(1, limit + 1)\n            if x == sum_divisors(sum_divisors(x)) and x != sum_divisors(x)\n        ]\n    )\n\n\ndef check(candidate):\n    assert candidate(999) == 504\n    assert candidate(9999) == 31626\n    assert candidate(99) == 0\n\ndef test_check():\n    check(amicable_numbers_sum)\n\ntest_check()\n",
      "timestamp": 1666122632,
      "stdout": "",
      "stderr": "Traceback (most recent call last):\n  File \"/tmp/tmpl2nmcbyu.py\", line 22, in <module>\n    test_check()\n  File \"/tmp/tmpl2nmcbyu.py\", line 20, in test_check\n    check(amicable_numbers_sum)\n  File \"/tmp/tmpl2nmcbyu.py\", line 15, in check\n    assert candidate(999) == 504\n  File \"/tmp/tmpl2nmcbyu.py\", line 6, in amicable_numbers_sum\n    [\n  File \"/tmp/tmpl2nmcbyu.py\", line 9, in <listcomp>\n    if x == sum_divisors(sum_divisors(x)) and x != sum_divisors(x)\nNameError: name 'sum_divisors' is not defined\n",
      "exit_code": 1,
      "status": "Exception"
    },
    {
      "program": "def amicable_numbers_sum(limit: int) -> int:\n    \"\"\"\n\tWrite a function to sum all amicable numbers from 1 to a specified number.\n\t\"\"\"\n    amicable_numbers = set()\n    for i in range(1, limit + 1):\n        if i in amicable_numbers:\n            continue\n        sum_of_divisors = sum_of_divisors_of(i)\n        if sum_of_divisors == i:\n            continue\n        sum_of_divisors_of_sum_of_divisors = sum_of_divisors_of(sum_of_divisors)\n        if sum_of_divisors_of_sum_of_divisors == i:\n            amicable_numbers.add(i)\n            amicable_numbers.add(sum_of_divisors)\n    return sum(amicable_numbers)\n\n\ndef check(candidate):\n    assert candidate(999) == 504\n    assert candidate(9999) == 31626\n    assert candidate(99) == 0\n\ndef test_check():\n    check(amicable_numbers_sum)\n\ntest_check()\n",
      "timestamp": 1666122632,
      "stdout": "",
      "stderr": "Traceback (most recent call last):\n  File \"/tmp/tmpyjc0_yts.py\", line 27, in <module>\n    test_check()\n  File \"/tmp/tmpyjc0_yts.py\", line 25, in test_check\n    check(amicable_numbers_sum)\n  File \"/tmp/tmpyjc0_yts.py\", line 20, in check\n    assert candidate(999) == 504\n  File \"/tmp/tmpyjc0_yts.py\", line 9, in amicable_numbers_sum\n    sum_of_divisors = sum_of_divisors_of(i)\nNameError: name 'sum_of_divisors_of' is not defined. Did you mean: 'sum_of_divisors'?\n",
      "exit_code": 1,
      "status": "Exception"
    },
    {
      "program": "def amicable_numbers_sum(limit: int) -> int:\n    \"\"\"\n\tWrite a function to sum all amicable numbers from 1 to a specified number.\n\t\"\"\"\n    amicable_numbers = []\n    for i in range(1, limit + 1):\n        if i in amicable_numbers:\n            continue\n        sum_of_divisors = sum_of_divisors_of(i)\n        if sum_of_divisors > i:\n            sum_of_divisors_of_sum_of_divisors = sum_of_divisors_of(sum_of_divisors)\n            if sum_of_divisors_of_sum_of_divisors == i:\n                amicable_numbers.append(i)\n                amicable_numbers.append(sum_of_divisors)\n    return sum(amicable_numbers)\n\n\ndef check(candidate):\n    assert candidate(999) == 504\n    assert candidate(9999) == 31626\n    assert candidate(99) == 0\n\ndef test_check():\n    check(amicable_numbers_sum)\n\ntest_check()\n",
      "timestamp": 1666122631,
      "stdout": "",
      "stderr": "Traceback (most recent call last):\n  File \"/tmp/tmphz9d9quy.py\", line 26, in <module>\n    test_check()\n  File \"/tmp/tmphz9d9quy.py\", line 24, in test_check\n    check(amicable_numbers_sum)\n  File \"/tmp/tmphz9d9quy.py\", line 19, in check\n    assert candidate(999) == 504\n  File \"/tmp/tmphz9d9quy.py\", line 9, in amicable_numbers_sum\n    sum_of_divisors = sum_of_divisors_of(i)\nNameError: name 'sum_of_divisors_of' is not defined. Did you mean: 'sum_of_divisors'?\n",
      "exit_code": 1,
      "status": "Exception"
    },
    {
      "program": "def amicable_numbers_sum(limit: int) -> int:\n    \"\"\"\n\tWrite a function to sum all amicable numbers from 1 to a specified number.\n\t\"\"\"\n    return sum(\n        [\n            x\n            for x in range(1, limit + 1)\n            if x == sum_of_divisors(sum_of_divisors(x)) and x != sum_of_divisors(x)\n        ]\n    )\n\n\ndef check(candidate):\n    assert candidate(999) == 504\n    assert candidate(9999) == 31626\n    assert candidate(99) == 0\n\ndef test_check():\n    check(amicable_numbers_sum)\n\ntest_check()\n",
      "timestamp": 1666122632,
      "stdout": "",
      "stderr": "Traceback (most recent call last):\n  File \"/tmp/tmpt0z777uf.py\", line 22, in <module>\n    test_check()\n  File \"/tmp/tmpt0z777uf.py\", line 20, in test_check\n    check(amicable_numbers_sum)\n  File \"/tmp/tmpt0z777uf.py\", line 15, in check\n    assert candidate(999) == 504\n  File \"/tmp/tmpt0z777uf.py\", line 6, in amicable_numbers_sum\n    [\n  File \"/tmp/tmpt0z777uf.py\", line 9, in <listcomp>\n    if x == sum_of_divisors(sum_of_divisors(x)) and x != sum_of_divisors(x)\nNameError: name 'sum_of_divisors' is not defined\n",
      "exit_code": 1,
      "status": "Exception"
    },
    {
      "program": "def amicable_numbers_sum(limit: int) -> int:\n    \"\"\"\n\tWrite a function to sum all amicable numbers from 1 to a specified number.\n\t\"\"\"\n    return sum(\n        [\n            i\n            for i in range(1, limit + 1)\n            if i == sum_of_divisors(sum_of_divisors(i)) and i != sum_of_divisors(i)\n        ]\n    )\n\n\ndef check(candidate):\n    assert candidate(999) == 504\n    assert candidate(9999) == 31626\n    assert candidate(99) == 0\n\ndef test_check():\n    check(amicable_numbers_sum)\n\ntest_check()\n",
      "timestamp": 1665509935,
      "stdout": "",
      "stderr": "Traceback (most recent call last):\n  File \"/tmp/tmpmgpswgmo.py\", line 22, in <module>\n    test_check()\n  File \"/tmp/tmpmgpswgmo.py\", line 20, in test_check\n    check(amicable_numbers_sum)\n  File \"/tmp/tmpmgpswgmo.py\", line 15, in check\n    assert candidate(999) == 504\n  File \"/tmp/tmpmgpswgmo.py\", line 6, in amicable_numbers_sum\n    [\n  File \"/tmp/tmpmgpswgmo.py\", line 9, in <listcomp>\n    if i == sum_of_divisors(sum_of_divisors(i)) and i != sum_of_divisors(i)\nNameError: name 'sum_of_divisors' is not defined\n",
      "exit_code": 1,
      "status": "Exception"
    },
    {
      "program": "def amicable_numbers_sum(limit: int) -> int:\n    \"\"\"\n\tWrite a function to sum all amicable numbers from 1 to a specified number.\n\t\"\"\"\n    amicable_numbers = []\n    for i in range(1, limit):\n        if i in amicable_numbers:\n            continue\n        sum_of_divisors = sum_of_divisors_of(i)\n        if sum_of_divisors > i:\n            sum_of_divisors_of_sum_of_divisors = sum_of_divisors_of(sum_of_divisors)\n            if sum_of_divisors_of_sum_of_divisors == i:\n                amicable_numbers.append(i)\n                amicable_numbers.append(sum_of_divisors)\n    return sum(amicable_numbers)\n\n\ndef check(candidate):\n    assert candidate(999) == 504\n    assert candidate(9999) == 31626\n    assert candidate(99) == 0\n\ndef test_check():\n    check(amicable_numbers_sum)\n\ntest_check()\n",
      "timestamp": 1665509935,
      "stdout": "",
      "stderr": "Traceback (most recent call last):\n  File \"/tmp/tmpaea3qmgj.py\", line 26, in <module>\n    test_check()\n  File \"/tmp/tmpaea3qmgj.py\", line 24, in test_check\n    check(amicable_numbers_sum)\n  File \"/tmp/tmpaea3qmgj.py\", line 19, in check\n    assert candidate(999) == 504\n  File \"/tmp/tmpaea3qmgj.py\", line 9, in amicable_numbers_sum\n    sum_of_divisors = sum_of_divisors_of(i)\nNameError: name 'sum_of_divisors_of' is not defined. Did you mean: 'sum_of_divisors'?\n",
      "exit_code": 1,
      "status": "Exception"
    },
    {
      "program": "def amicable_numbers_sum(limit: int) -> int:\n    \"\"\"\n\tWrite a function to sum all amicable numbers from 1 to a specified number.\n\t\"\"\"\n    amicable_numbers = set()\n    for i in range(1, limit):\n        if i in amicable_numbers:\n            continue\n        j = sum_of_divisors(i)\n        if i == sum_of_divisors(j) and i != j:\n            amicable_numbers.add(i)\n            amicable_numbers.add(j)\n    return sum(amicable_numbers)\n\n\ndef check(candidate):\n    assert candidate(999) == 504\n    assert candidate(9999) == 31626\n    assert candidate(99) == 0\n\ndef test_check():\n    check(amicable_numbers_sum)\n\ntest_check()\n",
      "timestamp": 1666122630,
      "stdout": "",
      "stderr": "Traceback (most recent call last):\n  File \"/tmp/tmpj5d2ivd2.py\", line 24, in <module>\n    test_check()\n  File \"/tmp/tmpj5d2ivd2.py\", line 22, in test_check\n    check(amicable_numbers_sum)\n  File \"/tmp/tmpj5d2ivd2.py\", line 17, in check\n    assert candidate(999) == 504\n  File \"/tmp/tmpj5d2ivd2.py\", line 9, in amicable_numbers_sum\n    j = sum_of_divisors(i)\nNameError: name 'sum_of_divisors' is not defined\n",
      "exit_code": 1,
      "status": "Exception"
    },
    {
      "program": "def amicable_numbers_sum(limit: int) -> int:\n    \"\"\"\n\tWrite a function to sum all amicable numbers from 1 to a specified number.\n\t\"\"\"\n    return sum(amicable_numbers(limit))\n\n\ndef check(candidate):\n    assert candidate(999) == 504\n    assert candidate(9999) == 31626\n    assert candidate(99) == 0\n\ndef test_check():\n    check(amicable_numbers_sum)\n\ntest_check()\n",
      "timestamp": 1665509935,
      "stdout": "",
      "stderr": "Traceback (most recent call last):\n  File \"/tmp/tmp46dgqnv7.py\", line 16, in <module>\n    test_check()\n  File \"/tmp/tmp46dgqnv7.py\", line 14, in test_check\n    check(amicable_numbers_sum)\n  File \"/tmp/tmp46dgqnv7.py\", line 9, in check\n    assert candidate(999) == 504\n  File \"/tmp/tmp46dgqnv7.py\", line 5, in amicable_numbers_sum\n    return sum(amicable_numbers(limit))\nNameError: name 'amicable_numbers' is not defined. Did you mean: 'amicable_numbers_sum'?\n",
      "exit_code": 1,
      "status": "Exception"
    },
    {
      "program": "def amicable_numbers_sum(limit: int) -> int:\n    \"\"\"\n\tWrite a function to sum all amicable numbers from 1 to a specified number.\n\t\"\"\"\n    return sum(\n        [\n            i\n            for i in range(1, limit)\n            if amicable_numbers(i, sum_of_divisors(i))\n        ]\n    )\n\n\ndef check(candidate):\n    assert candidate(999) == 504\n    assert candidate(9999) == 31626\n    assert candidate(99) == 0\n\ndef test_check():\n    check(amicable_numbers_sum)\n\ntest_check()\n",
      "timestamp": 1666122632,
      "stdout": "",
      "stderr": "Traceback (most recent call last):\n  File \"/tmp/tmp0i9qkwhs.py\", line 22, in <module>\n    test_check()\n  File \"/tmp/tmp0i9qkwhs.py\", line 20, in test_check\n    check(amicable_numbers_sum)\n  File \"/tmp/tmp0i9qkwhs.py\", line 15, in check\n    assert candidate(999) == 504\n  File \"/tmp/tmp0i9qkwhs.py\", line 6, in amicable_numbers_sum\n    [\n  File \"/tmp/tmp0i9qkwhs.py\", line 9, in <listcomp>\n    if amicable_numbers(i, sum_of_divisors(i))\nNameError: name 'amicable_numbers' is not defined. Did you mean: 'amicable_numbers_sum'?\n",
      "exit_code": 1,
      "status": "Exception"
    },
    {
      "program": "def amicable_numbers_sum(limit: int) -> int:\n    \"\"\"\n\tWrite a function to sum all amicable numbers from 1 to a specified number.\n\t\"\"\"\n    amicable_numbers = set()\n    for i in range(1, limit):\n        if i in amicable_numbers:\n            continue\n        j = sum_of_divisors(i)\n        if j > i and sum_of_divisors(j) == i:\n            amicable_numbers.add(i)\n            amicable_numbers.add(j)\n    return sum(amicable_numbers)\n\n\ndef check(candidate):\n    assert candidate(999) == 504\n    assert candidate(9999) == 31626\n    assert candidate(99) == 0\n\ndef test_check():\n    check(amicable_numbers_sum)\n\ntest_check()\n",
      "timestamp": 1666122632,
      "stdout": "",
      "stderr": "Traceback (most recent call last):\n  File \"/tmp/tmpzmv0rjkh.py\", line 24, in <module>\n    test_check()\n  File \"/tmp/tmpzmv0rjkh.py\", line 22, in test_check\n    check(amicable_numbers_sum)\n  File \"/tmp/tmpzmv0rjkh.py\", line 17, in check\n    assert candidate(999) == 504\n  File \"/tmp/tmpzmv0rjkh.py\", line 9, in amicable_numbers_sum\n    j = sum_of_divisors(i)\nNameError: name 'sum_of_divisors' is not defined\n",
      "exit_code": 1,
      "status": "Exception"
    },
    {
      "program": "def amicable_numbers_sum(limit: int) -> int:\n    \"\"\"\n\tWrite a function to sum all amicable numbers from 1 to a specified number.\n\t\"\"\"\n    return sum(\n        [\n            i\n            for i in range(1, limit)\n            if i == sum_of_divisors(sum_of_divisors(i)) and i != sum_of_divisors(i)\n        ]\n    )\n\n\ndef check(candidate):\n    assert candidate(999) == 504\n    assert candidate(9999) == 31626\n    assert candidate(99) == 0\n\ndef test_check():\n    check(amicable_numbers_sum)\n\ntest_check()\n",
      "timestamp": 1665509935,
      "stdout": "",
      "stderr": "Traceback (most recent call last):\n  File \"/tmp/tmp90gaj7e0.py\", line 22, in <module>\n    test_check()\n  File \"/tmp/tmp90gaj7e0.py\", line 20, in test_check\n    check(amicable_numbers_sum)\n  File \"/tmp/tmp90gaj7e0.py\", line 15, in check\n    assert candidate(999) == 504\n  File \"/tmp/tmp90gaj7e0.py\", line 6, in amicable_numbers_sum\n    [\n  File \"/tmp/tmp90gaj7e0.py\", line 9, in <listcomp>\n    if i == sum_of_divisors(sum_of_divisors(i)) and i != sum_of_divisors(i)\nNameError: name 'sum_of_divisors' is not defined\n",
      "exit_code": 1,
      "status": "Exception"
    },
    {
      "program": "def amicable_numbers_sum(limit: int) -> int:\n    \"\"\"\n\tWrite a function to sum all amicable numbers from 1 to a specified number.\n\t\"\"\"\n    amicable_numbers = []\n    for i in range(1, limit):\n        if i in amicable_numbers:\n            continue\n        j = sum_of_divisors(i)\n        if i != j and sum_of_divisors(j) == i:\n            amicable_numbers.append(i)\n            amicable_numbers.append(j)\n    return sum(amicable_numbers)\n\n\ndef check(candidate):\n    assert candidate(999) == 504\n    assert candidate(9999) == 31626\n    assert candidate(99) == 0\n\ndef test_check():\n    check(amicable_numbers_sum)\n\ntest_check()\n",
      "timestamp": 1665509935,
      "stdout": "",
      "stderr": "Traceback (most recent call last):\n  File \"/tmp/tmp_xg3xt6a.py\", line 24, in <module>\n    test_check()\n  File \"/tmp/tmp_xg3xt6a.py\", line 22, in test_check\n    check(amicable_numbers_sum)\n  File \"/tmp/tmp_xg3xt6a.py\", line 17, in check\n    assert candidate(999) == 504\n  File \"/tmp/tmp_xg3xt6a.py\", line 9, in amicable_numbers_sum\n    j = sum_of_divisors(i)\nNameError: name 'sum_of_divisors' is not defined\n",
      "exit_code": 1,
      "status": "Exception"
    },
    {
      "program": "def amicable_numbers_sum(limit: int) -> int:\n    \"\"\"\n\tWrite a function to sum all amicable numbers from 1 to a specified number.\n\t\"\"\"\n    amicable_numbers = []\n    for i in range(1, limit):\n        if i in amicable_numbers:\n            continue\n        sum_divisors_i = sum_divisors(i)\n        sum_divisors_j = sum_divisors(sum_divisors_i)\n        if sum_divisors_j == i and sum_divisors_i != sum_divisors_j:\n            amicable_numbers.append(i)\n            amicable_numbers.append(sum_divisors_i)\n    return sum(amicable_numbers)\n\n\ndef check(candidate):\n    assert candidate(999) == 504\n    assert candidate(9999) == 31626\n    assert candidate(99) == 0\n\ndef test_check():\n    check(amicable_numbers_sum)\n\ntest_check()\n",
      "timestamp": 1666122632,
      "stdout": "",
      "stderr": "Traceback (most recent call last):\n  File \"/tmp/tmpnaanw5cp.py\", line 25, in <module>\n    test_check()\n  File \"/tmp/tmpnaanw5cp.py\", line 23, in test_check\n    check(amicable_numbers_sum)\n  File \"/tmp/tmpnaanw5cp.py\", line 18, in check\n    assert candidate(999) == 504\n  File \"/tmp/tmpnaanw5cp.py\", line 9, in amicable_numbers_sum\n    sum_divisors_i = sum_divisors(i)\nNameError: name 'sum_divisors' is not defined. Did you mean: 'sum_divisors_i'?\n",
      "exit_code": 1,
      "status": "Exception"
    },
    {
      "program": "def amicable_numbers_sum(limit: int) -> int:\n    \"\"\"\n\tWrite a function to sum all amicable numbers from 1 to a specified number.\n\t\"\"\"\n    amicable_numbers = []\n    for i in range(1, limit):\n        if is_amicable(i):\n            amicable_numbers.append(i)\n    return sum(amicable_numbers)\n\n\ndef check(candidate):\n    assert candidate(999) == 504\n    assert candidate(9999) == 31626\n    assert candidate(99) == 0\n\ndef test_check():\n    check(amicable_numbers_sum)\n\ntest_check()\n",
      "timestamp": 1665509935,
      "stdout": "",
      "stderr": "Traceback (most recent call last):\n  File \"/tmp/tmp74aaz3mb.py\", line 20, in <module>\n    test_check()\n  File \"/tmp/tmp74aaz3mb.py\", line 18, in test_check\n    check(amicable_numbers_sum)\n  File \"/tmp/tmp74aaz3mb.py\", line 13, in check\n    assert candidate(999) == 504\n  File \"/tmp/tmp74aaz3mb.py\", line 7, in amicable_numbers_sum\n    if is_amicable(i):\nNameError: name 'is_amicable' is not defined\n",
      "exit_code": 1,
      "status": "Exception"
    },
    {
      "program": "def amicable_numbers_sum(limit: int) -> int:\n    \"\"\"\n\tWrite a function to sum all amicable numbers from 1 to a specified number.\n\t\"\"\"\n    return sum(\n        [\n            i\n            for i in range(1, limit)\n            if sum_of_divisors(sum_of_divisors(i)) == i\n            and sum_of_divisors(i) != i\n        ]\n    )\n\n\ndef check(candidate):\n    assert candidate(999) == 504\n    assert candidate(9999) == 31626\n    assert candidate(99) == 0\n\ndef test_check():\n    check(amicable_numbers_sum)\n\ntest_check()\n",
      "timestamp": 1666122632,
      "stdout": "",
      "stderr": "Traceback (most recent call last):\n  File \"/tmp/tmpg6i4zmvd.py\", line 23, in <module>\n    test_check()\n  File \"/tmp/tmpg6i4zmvd.py\", line 21, in test_check\n    check(amicable_numbers_sum)\n  File \"/tmp/tmpg6i4zmvd.py\", line 16, in check\n    assert candidate(999) == 504\n  File \"/tmp/tmpg6i4zmvd.py\", line 6, in amicable_numbers_sum\n    [\n  File \"/tmp/tmpg6i4zmvd.py\", line 9, in <listcomp>\n    if sum_of_divisors(sum_of_divisors(i)) == i\nNameError: name 'sum_of_divisors' is not defined\n",
      "exit_code": 1,
      "status": "Exception"
    },
    {
      "program": "def amicable_numbers_sum(limit: int) -> int:\n    \"\"\"\n\tWrite a function to sum all amicable numbers from 1 to a specified number.\n\t\"\"\"\n    return sum(\n        [\n            x\n            for x in range(1, limit + 1)\n            if amicable_numbers_sum_of_divisors(x) != x\n            and amicable_numbers_sum_of_divisors(amicable_numbers_sum_of_divisors(x)) == x\n        ]\n    )\n\n\ndef check(candidate):\n    assert candidate(999) == 504\n    assert candidate(9999) == 31626\n    assert candidate(99) == 0\n\ndef test_check():\n    check(amicable_numbers_sum)\n\ntest_check()\n",
      "timestamp": 1666122632,
      "stdout": "",
      "stderr": "Traceback (most recent call last):\n  File \"/tmp/tmpj3f489sd.py\", line 23, in <module>\n    test_check()\n  File \"/tmp/tmpj3f489sd.py\", line 21, in test_check\n    check(amicable_numbers_sum)\n  File \"/tmp/tmpj3f489sd.py\", line 16, in check\n    assert candidate(999) == 504\n  File \"/tmp/tmpj3f489sd.py\", line 6, in amicable_numbers_sum\n    [\n  File \"/tmp/tmpj3f489sd.py\", line 9, in <listcomp>\n    if amicable_numbers_sum_of_divisors(x) != x\nNameError: name 'amicable_numbers_sum_of_divisors' is not defined\n",
      "exit_code": 1,
      "status": "Exception"
    },
    {
      "program": "def amicable_numbers_sum(limit: int) -> int:\n    \"\"\"\n\tWrite a function to sum all amicable numbers from 1 to a specified number.\n\t\"\"\"\n    amicable_numbers = []\n    for i in range(1, limit):\n        if i in amicable_numbers:\n            continue\n        j = sum_of_divisors(i)\n        if i != j and sum_of_divisors(j) == i:\n            amicable_numbers.append(i)\n            amicable_numbers.append(j)\n    return sum(amicable_numbers)\n\n\ndef check(candidate):\n    assert candidate(999) == 504\n    assert candidate(9999) == 31626\n    assert candidate(99) == 0\n\ndef test_check():\n    check(amicable_numbers_sum)\n\ntest_check()\n",
      "timestamp": 1665509935,
      "stdout": "",
      "stderr": "Traceback (most recent call last):\n  File \"/tmp/tmp_xg3xt6a.py\", line 24, in <module>\n    test_check()\n  File \"/tmp/tmp_xg3xt6a.py\", line 22, in test_check\n    check(amicable_numbers_sum)\n  File \"/tmp/tmp_xg3xt6a.py\", line 17, in check\n    assert candidate(999) == 504\n  File \"/tmp/tmp_xg3xt6a.py\", line 9, in amicable_numbers_sum\n    j = sum_of_divisors(i)\nNameError: name 'sum_of_divisors' is not defined\n",
      "exit_code": 1,
      "status": "Exception"
    },
    {
      "program": "def amicable_numbers_sum(limit: int) -> int:\n    \"\"\"\n\tWrite a function to sum all amicable numbers from 1 to a specified number.\n\t\"\"\"\n    amicable_numbers = []\n    for i in range(1, limit):\n        if i not in amicable_numbers:\n            sum_of_divisors = sum_of_divisors_of(i)\n            if sum_of_divisors > i:\n                sum_of_divisors_of_sum_of_divisors = sum_of_divisors_of(sum_of_divisors)\n                if sum_of_divisors_of_sum_of_divisors == i:\n                    amicable_numbers.append(i)\n                    amicable_numbers.append(sum_of_divisors)\n    return sum(amicable_numbers)\n\n\ndef check(candidate):\n    assert candidate(999) == 504\n    assert candidate(9999) == 31626\n    assert candidate(99) == 0\n\ndef test_check():\n    check(amicable_numbers_sum)\n\ntest_check()\n",
      "timestamp": 1666122631,
      "stdout": "",
      "stderr": "Traceback (most recent call last):\n  File \"/tmp/tmp30hi29x7.py\", line 25, in <module>\n    test_check()\n  File \"/tmp/tmp30hi29x7.py\", line 23, in test_check\n    check(amicable_numbers_sum)\n  File \"/tmp/tmp30hi29x7.py\", line 18, in check\n    assert candidate(999) == 504\n  File \"/tmp/tmp30hi29x7.py\", line 8, in amicable_numbers_sum\n    sum_of_divisors = sum_of_divisors_of(i)\nNameError: name 'sum_of_divisors_of' is not defined. Did you mean: 'sum_of_divisors'?\n",
      "exit_code": 1,
      "status": "Exception"
    },
    {
      "program": "def amicable_numbers_sum(limit: int) -> int:\n    \"\"\"\n\tWrite a function to sum all amicable numbers from 1 to a specified number.\n\t\"\"\"\n    amicable_numbers = []\n    for i in range(1, limit):\n        if is_amicable(i):\n            amicable_numbers.append(i)\n    return sum(amicable_numbers)\n\n\ndef check(candidate):\n    assert candidate(999) == 504\n    assert candidate(9999) == 31626\n    assert candidate(99) == 0\n\ndef test_check():\n    check(amicable_numbers_sum)\n\ntest_check()\n",
      "timestamp": 1665509935,
      "stdout": "",
      "stderr": "Traceback (most recent call last):\n  File \"/tmp/tmp74aaz3mb.py\", line 20, in <module>\n    test_check()\n  File \"/tmp/tmp74aaz3mb.py\", line 18, in test_check\n    check(amicable_numbers_sum)\n  File \"/tmp/tmp74aaz3mb.py\", line 13, in check\n    assert candidate(999) == 504\n  File \"/tmp/tmp74aaz3mb.py\", line 7, in amicable_numbers_sum\n    if is_amicable(i):\nNameError: name 'is_amicable' is not defined\n",
      "exit_code": 1,
      "status": "Exception"
    },
    {
      "program": "def amicable_numbers_sum(limit: int) -> int:\n    \"\"\"\n\tWrite a function to sum all amicable numbers from 1 to a specified number.\n\t\"\"\"\n    amicable_numbers = []\n    for i in range(1, limit + 1):\n        if i in amicable_numbers:\n            continue\n        sum_of_divisors = sum(get_divisors(i))\n        if sum_of_divisors > i:\n            sum_of_divisors_of_sum_of_divisors = sum(get_divisors(sum_of_divisors))\n            if sum_of_divisors_of_sum_of_divisors == i:\n                amicable_numbers.append(i)\n                amicable_numbers.append(sum_of_divisors)\n    return sum(amicable_numbers)\n\n\ndef check(candidate):\n    assert candidate(999) == 504\n    assert candidate(9999) == 31626\n    assert candidate(99) == 0\n\ndef test_check():\n    check(amicable_numbers_sum)\n\ntest_check()\n",
      "timestamp": 1666122632,
      "stdout": "",
      "stderr": "Traceback (most recent call last):\n  File \"/tmp/tmp1ybdmte8.py\", line 26, in <module>\n    test_check()\n  File \"/tmp/tmp1ybdmte8.py\", line 24, in test_check\n    check(amicable_numbers_sum)\n  File \"/tmp/tmp1ybdmte8.py\", line 19, in check\n    assert candidate(999) == 504\n  File \"/tmp/tmp1ybdmte8.py\", line 9, in amicable_numbers_sum\n    sum_of_divisors = sum(get_divisors(i))\nNameError: name 'get_divisors' is not defined\n",
      "exit_code": 1,
      "status": "Exception"
    },
    {
      "program": "def amicable_numbers_sum(limit: int) -> int:\n    \"\"\"\n\tWrite a function to sum all amicable numbers from 1 to a specified number.\n\t\"\"\"\n    total = 0\n    for i in range(1, limit):\n        if is_amicable(i):\n            total += i\n    return total\n\n\ndef check(candidate):\n    assert candidate(999) == 504\n    assert candidate(9999) == 31626\n    assert candidate(99) == 0\n\ndef test_check():\n    check(amicable_numbers_sum)\n\ntest_check()\n",
      "timestamp": 1666122632,
      "stdout": "",
      "stderr": "Traceback (most recent call last):\n  File \"/tmp/tmp8dn1a7zz.py\", line 20, in <module>\n    test_check()\n  File \"/tmp/tmp8dn1a7zz.py\", line 18, in test_check\n    check(amicable_numbers_sum)\n  File \"/tmp/tmp8dn1a7zz.py\", line 13, in check\n    assert candidate(999) == 504\n  File \"/tmp/tmp8dn1a7zz.py\", line 7, in amicable_numbers_sum\n    if is_amicable(i):\nNameError: name 'is_amicable' is not defined\n",
      "exit_code": 1,
      "status": "Exception"
    },
    {
      "program": "def amicable_numbers_sum(limit: int) -> int:\n    \"\"\"\n\tWrite a function to sum all amicable numbers from 1 to a specified number.\n\t\"\"\"\n    sum_of_amicable_numbers = 0\n    for i in range(1, limit):\n        if is_amicable_number(i):\n            sum_of_amicable_numbers += i\n    return sum_of_amicable_numbers\n\n\ndef check(candidate):\n    assert candidate(999) == 504\n    assert candidate(9999) == 31626\n    assert candidate(99) == 0\n\ndef test_check():\n    check(amicable_numbers_sum)\n\ntest_check()\n",
      "timestamp": 1665509935,
      "stdout": "",
      "stderr": "Traceback (most recent call last):\n  File \"/tmp/tmp95m2__cp.py\", line 20, in <module>\n    test_check()\n  File \"/tmp/tmp95m2__cp.py\", line 18, in test_check\n    check(amicable_numbers_sum)\n  File \"/tmp/tmp95m2__cp.py\", line 13, in check\n    assert candidate(999) == 504\n  File \"/tmp/tmp95m2__cp.py\", line 7, in amicable_numbers_sum\n    if is_amicable_number(i):\nNameError: name 'is_amicable_number' is not defined. Did you mean: 'sum_of_amicable_numbers'?\n",
      "exit_code": 1,
      "status": "Exception"
    },
    {
      "program": "def amicable_numbers_sum(limit: int) -> int:\n    \"\"\"\n\tWrite a function to sum all amicable numbers from 1 to a specified number.\n\t\"\"\"\n    amicable_numbers = []\n    for i in range(1, limit):\n        if is_amicable_number(i):\n            amicable_numbers.append(i)\n    return sum(amicable_numbers)\n\n\ndef check(candidate):\n    assert candidate(999) == 504\n    assert candidate(9999) == 31626\n    assert candidate(99) == 0\n\ndef test_check():\n    check(amicable_numbers_sum)\n\ntest_check()\n",
      "timestamp": 1665509935,
      "stdout": "",
      "stderr": "Traceback (most recent call last):\n  File \"/tmp/tmpx7mandjd.py\", line 20, in <module>\n    test_check()\n  File \"/tmp/tmpx7mandjd.py\", line 18, in test_check\n    check(amicable_numbers_sum)\n  File \"/tmp/tmpx7mandjd.py\", line 13, in check\n    assert candidate(999) == 504\n  File \"/tmp/tmpx7mandjd.py\", line 7, in amicable_numbers_sum\n    if is_amicable_number(i):\nNameError: name 'is_amicable_number' is not defined. Did you mean: 'amicable_numbers'?\n",
      "exit_code": 1,
      "status": "Exception"
    },
    {
      "program": "def amicable_numbers_sum(limit: int) -> int:\n    \"\"\"\n\tWrite a function to sum all amicable numbers from 1 to a specified number.\n\t\"\"\"\n    amicable_numbers = []\n    for i in range(1, limit):\n        if i not in amicable_numbers:\n            divisors_sum = sum(get_divisors(i))\n            if i == sum(get_divisors(divisors_sum)) and i != divisors_sum:\n                amicable_numbers.append(i)\n                amicable_numbers.append(divisors_sum)\n    return sum(amicable_numbers)\n\n\ndef check(candidate):\n    assert candidate(999) == 504\n    assert candidate(9999) == 31626\n    assert candidate(99) == 0\n\ndef test_check():\n    check(amicable_numbers_sum)\n\ntest_check()\n",
      "timestamp": 1666122631,
      "stdout": "",
      "stderr": "Traceback (most recent call last):\n  File \"/tmp/tmpfr9i2h02.py\", line 23, in <module>\n    test_check()\n  File \"/tmp/tmpfr9i2h02.py\", line 21, in test_check\n    check(amicable_numbers_sum)\n  File \"/tmp/tmpfr9i2h02.py\", line 16, in check\n    assert candidate(999) == 504\n  File \"/tmp/tmpfr9i2h02.py\", line 8, in amicable_numbers_sum\n    divisors_sum = sum(get_divisors(i))\nNameError: name 'get_divisors' is not defined\n",
      "exit_code": 1,
      "status": "Exception"
    }
  ]
}