{
  "name": "mbpp_787_text_match_three",
  "language": "py",
  "prompt": "def text_match_three(text: str) -> bool:\n    \"\"\"\n\tWrite a function that matches a string that has an a followed by three 'b'.\n\t\"\"\"\n",
  "doctests": "keep",
  "original": "/home/arjun/repos/MultiPL-E/datasets/../datasets/mbpp-typed/mbpp_787_text_match_three.py",
  "prompt_terminology": "verbatim",
  "tests": "def check(candidate):\n    assert candidate('ac') == False\n    assert candidate('dc') == False\n    assert candidate('abbbba') == True\n    assert candidate('caacabbbba') == True\n\ndef test_check():\n    check(text_match_three)\n\ntest_check()\n",
  "stop_tokens": [
    "\ndef",
    "\n#",
    "\nif",
    "\nclass"
  ],
  "results": [
    {
      "program": "def text_match_three(text: str) -> bool:\n    \"\"\"\n\tWrite a function that matches a string that has an a followed by three 'b'.\n\t\"\"\"\n    return re.search(r\"ab{3}\", text)\n\n\ndef check(candidate):\n    assert candidate('ac') == False\n    assert candidate('dc') == False\n    assert candidate('abbbba') == True\n    assert candidate('caacabbbba') == True\n\ndef test_check():\n    check(text_match_three)\n\ntest_check()\n",
      "timestamp": 1665509876,
      "stdout": "",
      "stderr": "Traceback (most recent call last):\n  File \"/tmp/tmpssblcnc9.py\", line 17, in <module>\n    test_check()\n  File \"/tmp/tmpssblcnc9.py\", line 15, in test_check\n    check(text_match_three)\n  File \"/tmp/tmpssblcnc9.py\", line 9, in check\n    assert candidate('ac') == False\n  File \"/tmp/tmpssblcnc9.py\", line 5, in text_match_three\n    return re.search(r\"ab{3}\", text)\nNameError: name 're' is not defined\n",
      "exit_code": 1,
      "status": "Exception"
    },
    {
      "program": "def text_match_three(text: str) -> bool:\n    \"\"\"\n\tWrite a function that matches a string that has an a followed by three 'b'.\n\t\"\"\"\n    return re.search(r\"ab{3}\", text) is not None\n\n\ndef check(candidate):\n    assert candidate('ac') == False\n    assert candidate('dc') == False\n    assert candidate('abbbba') == True\n    assert candidate('caacabbbba') == True\n\ndef test_check():\n    check(text_match_three)\n\ntest_check()\n",
      "timestamp": 1665509876,
      "stdout": "",
      "stderr": "Traceback (most recent call last):\n  File \"/tmp/tmpxjmdkwal.py\", line 17, in <module>\n    test_check()\n  File \"/tmp/tmpxjmdkwal.py\", line 15, in test_check\n    check(text_match_three)\n  File \"/tmp/tmpxjmdkwal.py\", line 9, in check\n    assert candidate('ac') == False\n  File \"/tmp/tmpxjmdkwal.py\", line 5, in text_match_three\n    return re.search(r\"ab{3}\", text) is not None\nNameError: name 're' is not defined\n",
      "exit_code": 1,
      "status": "Exception"
    },
    {
      "program": "def text_match_three(text: str) -> bool:\n    \"\"\"\n\tWrite a function that matches a string that has an a followed by three 'b'.\n\t\"\"\"\n    return re.search(r\"ab{3}\", text) is not None\n\n\ndef check(candidate):\n    assert candidate('ac') == False\n    assert candidate('dc') == False\n    assert candidate('abbbba') == True\n    assert candidate('caacabbbba') == True\n\ndef test_check():\n    check(text_match_three)\n\ntest_check()\n",
      "timestamp": 1665509876,
      "stdout": "",
      "stderr": "Traceback (most recent call last):\n  File \"/tmp/tmpxjmdkwal.py\", line 17, in <module>\n    test_check()\n  File \"/tmp/tmpxjmdkwal.py\", line 15, in test_check\n    check(text_match_three)\n  File \"/tmp/tmpxjmdkwal.py\", line 9, in check\n    assert candidate('ac') == False\n  File \"/tmp/tmpxjmdkwal.py\", line 5, in text_match_three\n    return re.search(r\"ab{3}\", text) is not None\nNameError: name 're' is not defined\n",
      "exit_code": 1,
      "status": "Exception"
    },
    {
      "program": "def text_match_three(text: str) -> bool:\n    \"\"\"\n\tWrite a function that matches a string that has an a followed by three 'b'.\n\t\"\"\"\n    return re.search(r'ab{3}', text) is not None\n\n\ndef check(candidate):\n    assert candidate('ac') == False\n    assert candidate('dc') == False\n    assert candidate('abbbba') == True\n    assert candidate('caacabbbba') == True\n\ndef test_check():\n    check(text_match_three)\n\ntest_check()\n",
      "timestamp": 1665509876,
      "stdout": "",
      "stderr": "Traceback (most recent call last):\n  File \"/tmp/tmpo83mttb5.py\", line 17, in <module>\n    test_check()\n  File \"/tmp/tmpo83mttb5.py\", line 15, in test_check\n    check(text_match_three)\n  File \"/tmp/tmpo83mttb5.py\", line 9, in check\n    assert candidate('ac') == False\n  File \"/tmp/tmpo83mttb5.py\", line 5, in text_match_three\n    return re.search(r'ab{3}', text) is not None\nNameError: name 're' is not defined\n",
      "exit_code": 1,
      "status": "Exception"
    },
    {
      "program": "def text_match_three(text: str) -> bool:\n    \"\"\"\n\tWrite a function that matches a string that has an a followed by three 'b'.\n\t\"\"\"\n    pattern = re.compile(r\"ab{3}\")\n    return bool(pattern.search(text))\n\n\ndef check(candidate):\n    assert candidate('ac') == False\n    assert candidate('dc') == False\n    assert candidate('abbbba') == True\n    assert candidate('caacabbbba') == True\n\ndef test_check():\n    check(text_match_three)\n\ntest_check()\n",
      "timestamp": 1665509876,
      "stdout": "",
      "stderr": "Traceback (most recent call last):\n  File \"/tmp/tmpjic_uulp.py\", line 18, in <module>\n    test_check()\n  File \"/tmp/tmpjic_uulp.py\", line 16, in test_check\n    check(text_match_three)\n  File \"/tmp/tmpjic_uulp.py\", line 10, in check\n    assert candidate('ac') == False\n  File \"/tmp/tmpjic_uulp.py\", line 5, in text_match_three\n    pattern = re.compile(r\"ab{3}\")\nNameError: name 're' is not defined\n",
      "exit_code": 1,
      "status": "Exception"
    },
    {
      "program": "def text_match_three(text: str) -> bool:\n    \"\"\"\n\tWrite a function that matches a string that has an a followed by three 'b'.\n\t\"\"\"\n    pattern = re.compile(r\"ab{3}\")\n    return bool(pattern.search(text))\n\n\ndef check(candidate):\n    assert candidate('ac') == False\n    assert candidate('dc') == False\n    assert candidate('abbbba') == True\n    assert candidate('caacabbbba') == True\n\ndef test_check():\n    check(text_match_three)\n\ntest_check()\n",
      "timestamp": 1665509876,
      "stdout": "",
      "stderr": "Traceback (most recent call last):\n  File \"/tmp/tmpjic_uulp.py\", line 18, in <module>\n    test_check()\n  File \"/tmp/tmpjic_uulp.py\", line 16, in test_check\n    check(text_match_three)\n  File \"/tmp/tmpjic_uulp.py\", line 10, in check\n    assert candidate('ac') == False\n  File \"/tmp/tmpjic_uulp.py\", line 5, in text_match_three\n    pattern = re.compile(r\"ab{3}\")\nNameError: name 're' is not defined\n",
      "exit_code": 1,
      "status": "Exception"
    },
    {
      "program": "def text_match_three(text: str) -> bool:\n    \"\"\"\n\tWrite a function that matches a string that has an a followed by three 'b'.\n\t\"\"\"\n    pattern = re.compile(r\"ab{3}\")\n    return bool(pattern.search(text))\n\n\ndef check(candidate):\n    assert candidate('ac') == False\n    assert candidate('dc') == False\n    assert candidate('abbbba') == True\n    assert candidate('caacabbbba') == True\n\ndef test_check():\n    check(text_match_three)\n\ntest_check()\n",
      "timestamp": 1665509876,
      "stdout": "",
      "stderr": "Traceback (most recent call last):\n  File \"/tmp/tmpjic_uulp.py\", line 18, in <module>\n    test_check()\n  File \"/tmp/tmpjic_uulp.py\", line 16, in test_check\n    check(text_match_three)\n  File \"/tmp/tmpjic_uulp.py\", line 10, in check\n    assert candidate('ac') == False\n  File \"/tmp/tmpjic_uulp.py\", line 5, in text_match_three\n    pattern = re.compile(r\"ab{3}\")\nNameError: name 're' is not defined\n",
      "exit_code": 1,
      "status": "Exception"
    },
    {
      "program": "def text_match_three(text: str) -> bool:\n    \"\"\"\n\tWrite a function that matches a string that has an a followed by three 'b'.\n\t\"\"\"\n    return re.search(r\"ab{3}\", text) is not None\n\n\ndef check(candidate):\n    assert candidate('ac') == False\n    assert candidate('dc') == False\n    assert candidate('abbbba') == True\n    assert candidate('caacabbbba') == True\n\ndef test_check():\n    check(text_match_three)\n\ntest_check()\n",
      "timestamp": 1665509876,
      "stdout": "",
      "stderr": "Traceback (most recent call last):\n  File \"/tmp/tmpxjmdkwal.py\", line 17, in <module>\n    test_check()\n  File \"/tmp/tmpxjmdkwal.py\", line 15, in test_check\n    check(text_match_three)\n  File \"/tmp/tmpxjmdkwal.py\", line 9, in check\n    assert candidate('ac') == False\n  File \"/tmp/tmpxjmdkwal.py\", line 5, in text_match_three\n    return re.search(r\"ab{3}\", text) is not None\nNameError: name 're' is not defined\n",
      "exit_code": 1,
      "status": "Exception"
    },
    {
      "program": "def text_match_three(text: str) -> bool:\n    \"\"\"\n\tWrite a function that matches a string that has an a followed by three 'b'.\n\t\"\"\"\n    pattern = re.compile(r\"ab{3}\")\n    return bool(pattern.search(text))\n\n\ndef check(candidate):\n    assert candidate('ac') == False\n    assert candidate('dc') == False\n    assert candidate('abbbba') == True\n    assert candidate('caacabbbba') == True\n\ndef test_check():\n    check(text_match_three)\n\ntest_check()\n",
      "timestamp": 1665509876,
      "stdout": "",
      "stderr": "Traceback (most recent call last):\n  File \"/tmp/tmpjic_uulp.py\", line 18, in <module>\n    test_check()\n  File \"/tmp/tmpjic_uulp.py\", line 16, in test_check\n    check(text_match_three)\n  File \"/tmp/tmpjic_uulp.py\", line 10, in check\n    assert candidate('ac') == False\n  File \"/tmp/tmpjic_uulp.py\", line 5, in text_match_three\n    pattern = re.compile(r\"ab{3}\")\nNameError: name 're' is not defined\n",
      "exit_code": 1,
      "status": "Exception"
    },
    {
      "program": "def text_match_three(text: str) -> bool:\n    \"\"\"\n\tWrite a function that matches a string that has an a followed by three 'b'.\n\t\"\"\"\n    return re.search(r\"ab{3}\", text) is not None\n\n\ndef check(candidate):\n    assert candidate('ac') == False\n    assert candidate('dc') == False\n    assert candidate('abbbba') == True\n    assert candidate('caacabbbba') == True\n\ndef test_check():\n    check(text_match_three)\n\ntest_check()\n",
      "timestamp": 1665509876,
      "stdout": "",
      "stderr": "Traceback (most recent call last):\n  File \"/tmp/tmpxjmdkwal.py\", line 17, in <module>\n    test_check()\n  File \"/tmp/tmpxjmdkwal.py\", line 15, in test_check\n    check(text_match_three)\n  File \"/tmp/tmpxjmdkwal.py\", line 9, in check\n    assert candidate('ac') == False\n  File \"/tmp/tmpxjmdkwal.py\", line 5, in text_match_three\n    return re.search(r\"ab{3}\", text) is not None\nNameError: name 're' is not defined\n",
      "exit_code": 1,
      "status": "Exception"
    },
    {
      "program": "def text_match_three(text: str) -> bool:\n    \"\"\"\n\tWrite a function that matches a string that has an a followed by three 'b'.\n\t\"\"\"\n    return re.search(r'a[b]{3}', text) is not None\n\n\ndef check(candidate):\n    assert candidate('ac') == False\n    assert candidate('dc') == False\n    assert candidate('abbbba') == True\n    assert candidate('caacabbbba') == True\n\ndef test_check():\n    check(text_match_three)\n\ntest_check()\n",
      "timestamp": 1665509876,
      "stdout": "",
      "stderr": "Traceback (most recent call last):\n  File \"/tmp/tmpfozg3p9y.py\", line 17, in <module>\n    test_check()\n  File \"/tmp/tmpfozg3p9y.py\", line 15, in test_check\n    check(text_match_three)\n  File \"/tmp/tmpfozg3p9y.py\", line 9, in check\n    assert candidate('ac') == False\n  File \"/tmp/tmpfozg3p9y.py\", line 5, in text_match_three\n    return re.search(r'a[b]{3}', text) is not None\nNameError: name 're' is not defined\n",
      "exit_code": 1,
      "status": "Exception"
    },
    {
      "program": "def text_match_three(text: str) -> bool:\n    \"\"\"\n\tWrite a function that matches a string that has an a followed by three 'b'.\n\t\"\"\"\n    return re.search(r\"ab{3}\", text) is not None\n\n\ndef check(candidate):\n    assert candidate('ac') == False\n    assert candidate('dc') == False\n    assert candidate('abbbba') == True\n    assert candidate('caacabbbba') == True\n\ndef test_check():\n    check(text_match_three)\n\ntest_check()\n",
      "timestamp": 1665509876,
      "stdout": "",
      "stderr": "Traceback (most recent call last):\n  File \"/tmp/tmpxjmdkwal.py\", line 17, in <module>\n    test_check()\n  File \"/tmp/tmpxjmdkwal.py\", line 15, in test_check\n    check(text_match_three)\n  File \"/tmp/tmpxjmdkwal.py\", line 9, in check\n    assert candidate('ac') == False\n  File \"/tmp/tmpxjmdkwal.py\", line 5, in text_match_three\n    return re.search(r\"ab{3}\", text) is not None\nNameError: name 're' is not defined\n",
      "exit_code": 1,
      "status": "Exception"
    },
    {
      "program": "def text_match_three(text: str) -> bool:\n    \"\"\"\n\tWrite a function that matches a string that has an a followed by three 'b'.\n\t\"\"\"\n    pattern = re.compile(r\"ab{3}\")\n    return bool(pattern.search(text))\n\n\ndef check(candidate):\n    assert candidate('ac') == False\n    assert candidate('dc') == False\n    assert candidate('abbbba') == True\n    assert candidate('caacabbbba') == True\n\ndef test_check():\n    check(text_match_three)\n\ntest_check()\n",
      "timestamp": 1665509876,
      "stdout": "",
      "stderr": "Traceback (most recent call last):\n  File \"/tmp/tmpjic_uulp.py\", line 18, in <module>\n    test_check()\n  File \"/tmp/tmpjic_uulp.py\", line 16, in test_check\n    check(text_match_three)\n  File \"/tmp/tmpjic_uulp.py\", line 10, in check\n    assert candidate('ac') == False\n  File \"/tmp/tmpjic_uulp.py\", line 5, in text_match_three\n    pattern = re.compile(r\"ab{3}\")\nNameError: name 're' is not defined\n",
      "exit_code": 1,
      "status": "Exception"
    },
    {
      "program": "def text_match_three(text: str) -> bool:\n    \"\"\"\n\tWrite a function that matches a string that has an a followed by three 'b'.\n\t\"\"\"\n    return re.search(r\"ab{3}\", text) is not None\n\n\ndef check(candidate):\n    assert candidate('ac') == False\n    assert candidate('dc') == False\n    assert candidate('abbbba') == True\n    assert candidate('caacabbbba') == True\n\ndef test_check():\n    check(text_match_three)\n\ntest_check()\n",
      "timestamp": 1665509876,
      "stdout": "",
      "stderr": "Traceback (most recent call last):\n  File \"/tmp/tmpxjmdkwal.py\", line 17, in <module>\n    test_check()\n  File \"/tmp/tmpxjmdkwal.py\", line 15, in test_check\n    check(text_match_three)\n  File \"/tmp/tmpxjmdkwal.py\", line 9, in check\n    assert candidate('ac') == False\n  File \"/tmp/tmpxjmdkwal.py\", line 5, in text_match_three\n    return re.search(r\"ab{3}\", text) is not None\nNameError: name 're' is not defined\n",
      "exit_code": 1,
      "status": "Exception"
    },
    {
      "program": "def text_match_three(text: str) -> bool:\n    \"\"\"\n\tWrite a function that matches a string that has an a followed by three 'b'.\n\t\"\"\"\n    pattern = re.compile(r\"ab{3}\")\n    return pattern.search(text) is not None\n\n\ndef check(candidate):\n    assert candidate('ac') == False\n    assert candidate('dc') == False\n    assert candidate('abbbba') == True\n    assert candidate('caacabbbba') == True\n\ndef test_check():\n    check(text_match_three)\n\ntest_check()\n",
      "timestamp": 1665509876,
      "stdout": "",
      "stderr": "Traceback (most recent call last):\n  File \"/tmp/tmprj2ay09a.py\", line 18, in <module>\n    test_check()\n  File \"/tmp/tmprj2ay09a.py\", line 16, in test_check\n    check(text_match_three)\n  File \"/tmp/tmprj2ay09a.py\", line 10, in check\n    assert candidate('ac') == False\n  File \"/tmp/tmprj2ay09a.py\", line 5, in text_match_three\n    pattern = re.compile(r\"ab{3}\")\nNameError: name 're' is not defined\n",
      "exit_code": 1,
      "status": "Exception"
    },
    {
      "program": "def text_match_three(text: str) -> bool:\n    \"\"\"\n\tWrite a function that matches a string that has an a followed by three 'b'.\n\t\"\"\"\n    return re.search(r\"ab{3}\", text) is not None\n\n\ndef check(candidate):\n    assert candidate('ac') == False\n    assert candidate('dc') == False\n    assert candidate('abbbba') == True\n    assert candidate('caacabbbba') == True\n\ndef test_check():\n    check(text_match_three)\n\ntest_check()\n",
      "timestamp": 1665509876,
      "stdout": "",
      "stderr": "Traceback (most recent call last):\n  File \"/tmp/tmpxjmdkwal.py\", line 17, in <module>\n    test_check()\n  File \"/tmp/tmpxjmdkwal.py\", line 15, in test_check\n    check(text_match_three)\n  File \"/tmp/tmpxjmdkwal.py\", line 9, in check\n    assert candidate('ac') == False\n  File \"/tmp/tmpxjmdkwal.py\", line 5, in text_match_three\n    return re.search(r\"ab{3}\", text) is not None\nNameError: name 're' is not defined\n",
      "exit_code": 1,
      "status": "Exception"
    },
    {
      "program": "def text_match_three(text: str) -> bool:\n    \"\"\"\n\tWrite a function that matches a string that has an a followed by three 'b'.\n\t\"\"\"\n    pattern = re.compile(r'ab{3}')\n    return bool(pattern.match(text))\n\n\ndef check(candidate):\n    assert candidate('ac') == False\n    assert candidate('dc') == False\n    assert candidate('abbbba') == True\n    assert candidate('caacabbbba') == True\n\ndef test_check():\n    check(text_match_three)\n\ntest_check()\n",
      "timestamp": 1665509876,
      "stdout": "",
      "stderr": "Traceback (most recent call last):\n  File \"/tmp/tmpuo0e19n3.py\", line 18, in <module>\n    test_check()\n  File \"/tmp/tmpuo0e19n3.py\", line 16, in test_check\n    check(text_match_three)\n  File \"/tmp/tmpuo0e19n3.py\", line 10, in check\n    assert candidate('ac') == False\n  File \"/tmp/tmpuo0e19n3.py\", line 5, in text_match_three\n    pattern = re.compile(r'ab{3}')\nNameError: name 're' is not defined\n",
      "exit_code": 1,
      "status": "Exception"
    },
    {
      "program": "def text_match_three(text: str) -> bool:\n    \"\"\"\n\tWrite a function that matches a string that has an a followed by three 'b'.\n\t\"\"\"\n    pattern = re.compile(r\"ab{3}\")\n    return pattern.search(text) is not None\n\n\ndef check(candidate):\n    assert candidate('ac') == False\n    assert candidate('dc') == False\n    assert candidate('abbbba') == True\n    assert candidate('caacabbbba') == True\n\ndef test_check():\n    check(text_match_three)\n\ntest_check()\n",
      "timestamp": 1665509876,
      "stdout": "",
      "stderr": "Traceback (most recent call last):\n  File \"/tmp/tmprj2ay09a.py\", line 18, in <module>\n    test_check()\n  File \"/tmp/tmprj2ay09a.py\", line 16, in test_check\n    check(text_match_three)\n  File \"/tmp/tmprj2ay09a.py\", line 10, in check\n    assert candidate('ac') == False\n  File \"/tmp/tmprj2ay09a.py\", line 5, in text_match_three\n    pattern = re.compile(r\"ab{3}\")\nNameError: name 're' is not defined\n",
      "exit_code": 1,
      "status": "Exception"
    },
    {
      "program": "def text_match_three(text: str) -> bool:\n    \"\"\"\n\tWrite a function that matches a string that has an a followed by three 'b'.\n\t\"\"\"\n    return re.search(r\"ab{3}\", text) is not None\n\n\ndef check(candidate):\n    assert candidate('ac') == False\n    assert candidate('dc') == False\n    assert candidate('abbbba') == True\n    assert candidate('caacabbbba') == True\n\ndef test_check():\n    check(text_match_three)\n\ntest_check()\n",
      "timestamp": 1665509876,
      "stdout": "",
      "stderr": "Traceback (most recent call last):\n  File \"/tmp/tmpxjmdkwal.py\", line 17, in <module>\n    test_check()\n  File \"/tmp/tmpxjmdkwal.py\", line 15, in test_check\n    check(text_match_three)\n  File \"/tmp/tmpxjmdkwal.py\", line 9, in check\n    assert candidate('ac') == False\n  File \"/tmp/tmpxjmdkwal.py\", line 5, in text_match_three\n    return re.search(r\"ab{3}\", text) is not None\nNameError: name 're' is not defined\n",
      "exit_code": 1,
      "status": "Exception"
    },
    {
      "program": "def text_match_three(text: str) -> bool:\n    \"\"\"\n\tWrite a function that matches a string that has an a followed by three 'b'.\n\t\"\"\"\n    return re.search(r\"ab{3}\", text)\n\n\ndef check(candidate):\n    assert candidate('ac') == False\n    assert candidate('dc') == False\n    assert candidate('abbbba') == True\n    assert candidate('caacabbbba') == True\n\ndef test_check():\n    check(text_match_three)\n\ntest_check()\n",
      "timestamp": 1665509876,
      "stdout": "",
      "stderr": "Traceback (most recent call last):\n  File \"/tmp/tmpssblcnc9.py\", line 17, in <module>\n    test_check()\n  File \"/tmp/tmpssblcnc9.py\", line 15, in test_check\n    check(text_match_three)\n  File \"/tmp/tmpssblcnc9.py\", line 9, in check\n    assert candidate('ac') == False\n  File \"/tmp/tmpssblcnc9.py\", line 5, in text_match_three\n    return re.search(r\"ab{3}\", text)\nNameError: name 're' is not defined\n",
      "exit_code": 1,
      "status": "Exception"
    },
    {
      "program": "def text_match_three(text: str) -> bool:\n    \"\"\"\n\tWrite a function that matches a string that has an a followed by three 'b'.\n\t\"\"\"\n    return bool(re.search(r\"ab{3}\", text))\n\n\ndef check(candidate):\n    assert candidate('ac') == False\n    assert candidate('dc') == False\n    assert candidate('abbbba') == True\n    assert candidate('caacabbbba') == True\n\ndef test_check():\n    check(text_match_three)\n\ntest_check()\n",
      "timestamp": 1666122732,
      "stdout": "",
      "stderr": "Traceback (most recent call last):\n  File \"/tmp/tmpmy3dxssx.py\", line 17, in <module>\n    test_check()\n  File \"/tmp/tmpmy3dxssx.py\", line 15, in test_check\n    check(text_match_three)\n  File \"/tmp/tmpmy3dxssx.py\", line 9, in check\n    assert candidate('ac') == False\n  File \"/tmp/tmpmy3dxssx.py\", line 5, in text_match_three\n    return bool(re.search(r\"ab{3}\", text))\nNameError: name 're' is not defined\n",
      "exit_code": 1,
      "status": "Exception"
    },
    {
      "program": "def text_match_three(text: str) -> bool:\n    \"\"\"\n\tWrite a function that matches a string that has an a followed by three 'b'.\n\t\"\"\"\n    return re.search(r\"ab{3}\", text) is not None\n\n\ndef check(candidate):\n    assert candidate('ac') == False\n    assert candidate('dc') == False\n    assert candidate('abbbba') == True\n    assert candidate('caacabbbba') == True\n\ndef test_check():\n    check(text_match_three)\n\ntest_check()\n",
      "timestamp": 1665509876,
      "stdout": "",
      "stderr": "Traceback (most recent call last):\n  File \"/tmp/tmpxjmdkwal.py\", line 17, in <module>\n    test_check()\n  File \"/tmp/tmpxjmdkwal.py\", line 15, in test_check\n    check(text_match_three)\n  File \"/tmp/tmpxjmdkwal.py\", line 9, in check\n    assert candidate('ac') == False\n  File \"/tmp/tmpxjmdkwal.py\", line 5, in text_match_three\n    return re.search(r\"ab{3}\", text) is not None\nNameError: name 're' is not defined\n",
      "exit_code": 1,
      "status": "Exception"
    },
    {
      "program": "def text_match_three(text: str) -> bool:\n    \"\"\"\n\tWrite a function that matches a string that has an a followed by three 'b'.\n\t\"\"\"\n    pattern = re.compile(r\"ab{3}\")\n    return bool(pattern.match(text))\n\n\ndef check(candidate):\n    assert candidate('ac') == False\n    assert candidate('dc') == False\n    assert candidate('abbbba') == True\n    assert candidate('caacabbbba') == True\n\ndef test_check():\n    check(text_match_three)\n\ntest_check()\n",
      "timestamp": 1665509876,
      "stdout": "",
      "stderr": "Traceback (most recent call last):\n  File \"/tmp/tmpc_1czqwh.py\", line 18, in <module>\n    test_check()\n  File \"/tmp/tmpc_1czqwh.py\", line 16, in test_check\n    check(text_match_three)\n  File \"/tmp/tmpc_1czqwh.py\", line 10, in check\n    assert candidate('ac') == False\n  File \"/tmp/tmpc_1czqwh.py\", line 5, in text_match_three\n    pattern = re.compile(r\"ab{3}\")\nNameError: name 're' is not defined\n",
      "exit_code": 1,
      "status": "Exception"
    },
    {
      "program": "def text_match_three(text: str) -> bool:\n    \"\"\"\n\tWrite a function that matches a string that has an a followed by three 'b'.\n\t\"\"\"\n    return re.search(r\"ab{3}\", text) is not None\n\n\ndef check(candidate):\n    assert candidate('ac') == False\n    assert candidate('dc') == False\n    assert candidate('abbbba') == True\n    assert candidate('caacabbbba') == True\n\ndef test_check():\n    check(text_match_three)\n\ntest_check()\n",
      "timestamp": 1665509876,
      "stdout": "",
      "stderr": "Traceback (most recent call last):\n  File \"/tmp/tmpxjmdkwal.py\", line 17, in <module>\n    test_check()\n  File \"/tmp/tmpxjmdkwal.py\", line 15, in test_check\n    check(text_match_three)\n  File \"/tmp/tmpxjmdkwal.py\", line 9, in check\n    assert candidate('ac') == False\n  File \"/tmp/tmpxjmdkwal.py\", line 5, in text_match_three\n    return re.search(r\"ab{3}\", text) is not None\nNameError: name 're' is not defined\n",
      "exit_code": 1,
      "status": "Exception"
    },
    {
      "program": "def text_match_three(text: str) -> bool:\n    \"\"\"\n\tWrite a function that matches a string that has an a followed by three 'b'.\n\t\"\"\"\n    return re.search(r\"ab{3}\", text)\n\n\ndef check(candidate):\n    assert candidate('ac') == False\n    assert candidate('dc') == False\n    assert candidate('abbbba') == True\n    assert candidate('caacabbbba') == True\n\ndef test_check():\n    check(text_match_three)\n\ntest_check()\n",
      "timestamp": 1665509876,
      "stdout": "",
      "stderr": "Traceback (most recent call last):\n  File \"/tmp/tmpssblcnc9.py\", line 17, in <module>\n    test_check()\n  File \"/tmp/tmpssblcnc9.py\", line 15, in test_check\n    check(text_match_three)\n  File \"/tmp/tmpssblcnc9.py\", line 9, in check\n    assert candidate('ac') == False\n  File \"/tmp/tmpssblcnc9.py\", line 5, in text_match_three\n    return re.search(r\"ab{3}\", text)\nNameError: name 're' is not defined\n",
      "exit_code": 1,
      "status": "Exception"
    },
    {
      "program": "def text_match_three(text: str) -> bool:\n    \"\"\"\n\tWrite a function that matches a string that has an a followed by three 'b'.\n\t\"\"\"\n    pattern = re.compile(r\"ab{3}\")\n    return bool(pattern.match(text))\n\n\ndef check(candidate):\n    assert candidate('ac') == False\n    assert candidate('dc') == False\n    assert candidate('abbbba') == True\n    assert candidate('caacabbbba') == True\n\ndef test_check():\n    check(text_match_three)\n\ntest_check()\n",
      "timestamp": 1665509876,
      "stdout": "",
      "stderr": "Traceback (most recent call last):\n  File \"/tmp/tmpc_1czqwh.py\", line 18, in <module>\n    test_check()\n  File \"/tmp/tmpc_1czqwh.py\", line 16, in test_check\n    check(text_match_three)\n  File \"/tmp/tmpc_1czqwh.py\", line 10, in check\n    assert candidate('ac') == False\n  File \"/tmp/tmpc_1czqwh.py\", line 5, in text_match_three\n    pattern = re.compile(r\"ab{3}\")\nNameError: name 're' is not defined\n",
      "exit_code": 1,
      "status": "Exception"
    },
    {
      "program": "def text_match_three(text: str) -> bool:\n    \"\"\"\n\tWrite a function that matches a string that has an a followed by three 'b'.\n\t\"\"\"\n    return bool(re.match(r\"ab{3}\", text))\n\n\ndef check(candidate):\n    assert candidate('ac') == False\n    assert candidate('dc') == False\n    assert candidate('abbbba') == True\n    assert candidate('caacabbbba') == True\n\ndef test_check():\n    check(text_match_three)\n\ntest_check()\n",
      "timestamp": 1666122732,
      "stdout": "",
      "stderr": "Traceback (most recent call last):\n  File \"/tmp/tmpq3hey50w.py\", line 17, in <module>\n    test_check()\n  File \"/tmp/tmpq3hey50w.py\", line 15, in test_check\n    check(text_match_three)\n  File \"/tmp/tmpq3hey50w.py\", line 9, in check\n    assert candidate('ac') == False\n  File \"/tmp/tmpq3hey50w.py\", line 5, in text_match_three\n    return bool(re.match(r\"ab{3}\", text))\nNameError: name 're' is not defined\n",
      "exit_code": 1,
      "status": "Exception"
    },
    {
      "program": "def text_match_three(text: str) -> bool:\n    \"\"\"\n\tWrite a function that matches a string that has an a followed by three 'b'.\n\t\"\"\"\n    return re.search(r'ab{3}', text) is not None\n\n\ndef check(candidate):\n    assert candidate('ac') == False\n    assert candidate('dc') == False\n    assert candidate('abbbba') == True\n    assert candidate('caacabbbba') == True\n\ndef test_check():\n    check(text_match_three)\n\ntest_check()\n",
      "timestamp": 1665509876,
      "stdout": "",
      "stderr": "Traceback (most recent call last):\n  File \"/tmp/tmpo83mttb5.py\", line 17, in <module>\n    test_check()\n  File \"/tmp/tmpo83mttb5.py\", line 15, in test_check\n    check(text_match_three)\n  File \"/tmp/tmpo83mttb5.py\", line 9, in check\n    assert candidate('ac') == False\n  File \"/tmp/tmpo83mttb5.py\", line 5, in text_match_three\n    return re.search(r'ab{3}', text) is not None\nNameError: name 're' is not defined\n",
      "exit_code": 1,
      "status": "Exception"
    },
    {
      "program": "def text_match_three(text: str) -> bool:\n    \"\"\"\n\tWrite a function that matches a string that has an a followed by three 'b'.\n\t\"\"\"\n    return re.search(r\"ab{3}\", text) is not None\n\n\ndef check(candidate):\n    assert candidate('ac') == False\n    assert candidate('dc') == False\n    assert candidate('abbbba') == True\n    assert candidate('caacabbbba') == True\n\ndef test_check():\n    check(text_match_three)\n\ntest_check()\n",
      "timestamp": 1665509876,
      "stdout": "",
      "stderr": "Traceback (most recent call last):\n  File \"/tmp/tmpxjmdkwal.py\", line 17, in <module>\n    test_check()\n  File \"/tmp/tmpxjmdkwal.py\", line 15, in test_check\n    check(text_match_three)\n  File \"/tmp/tmpxjmdkwal.py\", line 9, in check\n    assert candidate('ac') == False\n  File \"/tmp/tmpxjmdkwal.py\", line 5, in text_match_three\n    return re.search(r\"ab{3}\", text) is not None\nNameError: name 're' is not defined\n",
      "exit_code": 1,
      "status": "Exception"
    },
    {
      "program": "def text_match_three(text: str) -> bool:\n    \"\"\"\n\tWrite a function that matches a string that has an a followed by three 'b'.\n\t\"\"\"\n    return re.search(r\"ab{3}\", text)\n\n\ndef check(candidate):\n    assert candidate('ac') == False\n    assert candidate('dc') == False\n    assert candidate('abbbba') == True\n    assert candidate('caacabbbba') == True\n\ndef test_check():\n    check(text_match_three)\n\ntest_check()\n",
      "timestamp": 1665509876,
      "stdout": "",
      "stderr": "Traceback (most recent call last):\n  File \"/tmp/tmpssblcnc9.py\", line 17, in <module>\n    test_check()\n  File \"/tmp/tmpssblcnc9.py\", line 15, in test_check\n    check(text_match_three)\n  File \"/tmp/tmpssblcnc9.py\", line 9, in check\n    assert candidate('ac') == False\n  File \"/tmp/tmpssblcnc9.py\", line 5, in text_match_three\n    return re.search(r\"ab{3}\", text)\nNameError: name 're' is not defined\n",
      "exit_code": 1,
      "status": "Exception"
    },
    {
      "program": "def text_match_three(text: str) -> bool:\n    \"\"\"\n\tWrite a function that matches a string that has an a followed by three 'b'.\n\t\"\"\"\n    pattern = re.compile(r\"ab{3}\")\n    return bool(pattern.search(text))\n\n\ndef check(candidate):\n    assert candidate('ac') == False\n    assert candidate('dc') == False\n    assert candidate('abbbba') == True\n    assert candidate('caacabbbba') == True\n\ndef test_check():\n    check(text_match_three)\n\ntest_check()\n",
      "timestamp": 1665509876,
      "stdout": "",
      "stderr": "Traceback (most recent call last):\n  File \"/tmp/tmpjic_uulp.py\", line 18, in <module>\n    test_check()\n  File \"/tmp/tmpjic_uulp.py\", line 16, in test_check\n    check(text_match_three)\n  File \"/tmp/tmpjic_uulp.py\", line 10, in check\n    assert candidate('ac') == False\n  File \"/tmp/tmpjic_uulp.py\", line 5, in text_match_three\n    pattern = re.compile(r\"ab{3}\")\nNameError: name 're' is not defined\n",
      "exit_code": 1,
      "status": "Exception"
    },
    {
      "program": "def text_match_three(text: str) -> bool:\n    \"\"\"\n\tWrite a function that matches a string that has an a followed by three 'b'.\n\t\"\"\"\n    pattern = re.compile(r'ab{3}')\n    return bool(pattern.search(text))\n\n\ndef check(candidate):\n    assert candidate('ac') == False\n    assert candidate('dc') == False\n    assert candidate('abbbba') == True\n    assert candidate('caacabbbba') == True\n\ndef test_check():\n    check(text_match_three)\n\ntest_check()\n",
      "timestamp": 1665509876,
      "stdout": "",
      "stderr": "Traceback (most recent call last):\n  File \"/tmp/tmp7ktntzkw.py\", line 18, in <module>\n    test_check()\n  File \"/tmp/tmp7ktntzkw.py\", line 16, in test_check\n    check(text_match_three)\n  File \"/tmp/tmp7ktntzkw.py\", line 10, in check\n    assert candidate('ac') == False\n  File \"/tmp/tmp7ktntzkw.py\", line 5, in text_match_three\n    pattern = re.compile(r'ab{3}')\nNameError: name 're' is not defined\n",
      "exit_code": 1,
      "status": "Exception"
    },
    {
      "program": "def text_match_three(text: str) -> bool:\n    \"\"\"\n\tWrite a function that matches a string that has an a followed by three 'b'.\n\t\"\"\"\n    return re.search(r\"ab{3}\", text)\n\n\ndef check(candidate):\n    assert candidate('ac') == False\n    assert candidate('dc') == False\n    assert candidate('abbbba') == True\n    assert candidate('caacabbbba') == True\n\ndef test_check():\n    check(text_match_three)\n\ntest_check()\n",
      "timestamp": 1665509876,
      "stdout": "",
      "stderr": "Traceback (most recent call last):\n  File \"/tmp/tmpssblcnc9.py\", line 17, in <module>\n    test_check()\n  File \"/tmp/tmpssblcnc9.py\", line 15, in test_check\n    check(text_match_three)\n  File \"/tmp/tmpssblcnc9.py\", line 9, in check\n    assert candidate('ac') == False\n  File \"/tmp/tmpssblcnc9.py\", line 5, in text_match_three\n    return re.search(r\"ab{3}\", text)\nNameError: name 're' is not defined\n",
      "exit_code": 1,
      "status": "Exception"
    },
    {
      "program": "def text_match_three(text: str) -> bool:\n    \"\"\"\n\tWrite a function that matches a string that has an a followed by three 'b'.\n\t\"\"\"\n    pattern = re.compile(r'ab{3}')\n    return bool(pattern.search(text))\n\n\ndef check(candidate):\n    assert candidate('ac') == False\n    assert candidate('dc') == False\n    assert candidate('abbbba') == True\n    assert candidate('caacabbbba') == True\n\ndef test_check():\n    check(text_match_three)\n\ntest_check()\n",
      "timestamp": 1665509876,
      "stdout": "",
      "stderr": "Traceback (most recent call last):\n  File \"/tmp/tmp7ktntzkw.py\", line 18, in <module>\n    test_check()\n  File \"/tmp/tmp7ktntzkw.py\", line 16, in test_check\n    check(text_match_three)\n  File \"/tmp/tmp7ktntzkw.py\", line 10, in check\n    assert candidate('ac') == False\n  File \"/tmp/tmp7ktntzkw.py\", line 5, in text_match_three\n    pattern = re.compile(r'ab{3}')\nNameError: name 're' is not defined\n",
      "exit_code": 1,
      "status": "Exception"
    },
    {
      "program": "def text_match_three(text: str) -> bool:\n    \"\"\"\n\tWrite a function that matches a string that has an a followed by three 'b'.\n\t\"\"\"\n    pattern = re.compile(r'ab{3}')\n    return bool(pattern.search(text))\n\n\ndef check(candidate):\n    assert candidate('ac') == False\n    assert candidate('dc') == False\n    assert candidate('abbbba') == True\n    assert candidate('caacabbbba') == True\n\ndef test_check():\n    check(text_match_three)\n\ntest_check()\n",
      "timestamp": 1665509876,
      "stdout": "",
      "stderr": "Traceback (most recent call last):\n  File \"/tmp/tmp7ktntzkw.py\", line 18, in <module>\n    test_check()\n  File \"/tmp/tmp7ktntzkw.py\", line 16, in test_check\n    check(text_match_three)\n  File \"/tmp/tmp7ktntzkw.py\", line 10, in check\n    assert candidate('ac') == False\n  File \"/tmp/tmp7ktntzkw.py\", line 5, in text_match_three\n    pattern = re.compile(r'ab{3}')\nNameError: name 're' is not defined\n",
      "exit_code": 1,
      "status": "Exception"
    },
    {
      "program": "def text_match_three(text: str) -> bool:\n    \"\"\"\n\tWrite a function that matches a string that has an a followed by three 'b'.\n\t\"\"\"\n    return re.search(r\"ab{3}\", text)\n\n\ndef check(candidate):\n    assert candidate('ac') == False\n    assert candidate('dc') == False\n    assert candidate('abbbba') == True\n    assert candidate('caacabbbba') == True\n\ndef test_check():\n    check(text_match_three)\n\ntest_check()\n",
      "timestamp": 1665509876,
      "stdout": "",
      "stderr": "Traceback (most recent call last):\n  File \"/tmp/tmpssblcnc9.py\", line 17, in <module>\n    test_check()\n  File \"/tmp/tmpssblcnc9.py\", line 15, in test_check\n    check(text_match_three)\n  File \"/tmp/tmpssblcnc9.py\", line 9, in check\n    assert candidate('ac') == False\n  File \"/tmp/tmpssblcnc9.py\", line 5, in text_match_three\n    return re.search(r\"ab{3}\", text)\nNameError: name 're' is not defined\n",
      "exit_code": 1,
      "status": "Exception"
    },
    {
      "program": "def text_match_three(text: str) -> bool:\n    \"\"\"\n\tWrite a function that matches a string that has an a followed by three 'b'.\n\t\"\"\"\n    return bool(re.match(r\"ab{3}\", text))\n\n\ndef check(candidate):\n    assert candidate('ac') == False\n    assert candidate('dc') == False\n    assert candidate('abbbba') == True\n    assert candidate('caacabbbba') == True\n\ndef test_check():\n    check(text_match_three)\n\ntest_check()\n",
      "timestamp": 1666122732,
      "stdout": "",
      "stderr": "Traceback (most recent call last):\n  File \"/tmp/tmpq3hey50w.py\", line 17, in <module>\n    test_check()\n  File \"/tmp/tmpq3hey50w.py\", line 15, in test_check\n    check(text_match_three)\n  File \"/tmp/tmpq3hey50w.py\", line 9, in check\n    assert candidate('ac') == False\n  File \"/tmp/tmpq3hey50w.py\", line 5, in text_match_three\n    return bool(re.match(r\"ab{3}\", text))\nNameError: name 're' is not defined\n",
      "exit_code": 1,
      "status": "Exception"
    },
    {
      "program": "def text_match_three(text: str) -> bool:\n    \"\"\"\n\tWrite a function that matches a string that has an a followed by three 'b'.\n\t\"\"\"\n    return re.search(r\"ab{3}\", text) is not None\n\n\ndef check(candidate):\n    assert candidate('ac') == False\n    assert candidate('dc') == False\n    assert candidate('abbbba') == True\n    assert candidate('caacabbbba') == True\n\ndef test_check():\n    check(text_match_three)\n\ntest_check()\n",
      "timestamp": 1665509876,
      "stdout": "",
      "stderr": "Traceback (most recent call last):\n  File \"/tmp/tmpxjmdkwal.py\", line 17, in <module>\n    test_check()\n  File \"/tmp/tmpxjmdkwal.py\", line 15, in test_check\n    check(text_match_three)\n  File \"/tmp/tmpxjmdkwal.py\", line 9, in check\n    assert candidate('ac') == False\n  File \"/tmp/tmpxjmdkwal.py\", line 5, in text_match_three\n    return re.search(r\"ab{3}\", text) is not None\nNameError: name 're' is not defined\n",
      "exit_code": 1,
      "status": "Exception"
    },
    {
      "program": "def text_match_three(text: str) -> bool:\n    \"\"\"\n\tWrite a function that matches a string that has an a followed by three 'b'.\n\t\"\"\"\n    return re.search(r\"ab{3}\", text)\n\n\ndef check(candidate):\n    assert candidate('ac') == False\n    assert candidate('dc') == False\n    assert candidate('abbbba') == True\n    assert candidate('caacabbbba') == True\n\ndef test_check():\n    check(text_match_three)\n\ntest_check()\n",
      "timestamp": 1665509876,
      "stdout": "",
      "stderr": "Traceback (most recent call last):\n  File \"/tmp/tmpssblcnc9.py\", line 17, in <module>\n    test_check()\n  File \"/tmp/tmpssblcnc9.py\", line 15, in test_check\n    check(text_match_three)\n  File \"/tmp/tmpssblcnc9.py\", line 9, in check\n    assert candidate('ac') == False\n  File \"/tmp/tmpssblcnc9.py\", line 5, in text_match_three\n    return re.search(r\"ab{3}\", text)\nNameError: name 're' is not defined\n",
      "exit_code": 1,
      "status": "Exception"
    },
    {
      "program": "def text_match_three(text: str) -> bool:\n    \"\"\"\n\tWrite a function that matches a string that has an a followed by three 'b'.\n\t\"\"\"\n    return re.search(r\"ab{3}\", text) is not None\n\n\ndef check(candidate):\n    assert candidate('ac') == False\n    assert candidate('dc') == False\n    assert candidate('abbbba') == True\n    assert candidate('caacabbbba') == True\n\ndef test_check():\n    check(text_match_three)\n\ntest_check()\n",
      "timestamp": 1665509876,
      "stdout": "",
      "stderr": "Traceback (most recent call last):\n  File \"/tmp/tmpxjmdkwal.py\", line 17, in <module>\n    test_check()\n  File \"/tmp/tmpxjmdkwal.py\", line 15, in test_check\n    check(text_match_three)\n  File \"/tmp/tmpxjmdkwal.py\", line 9, in check\n    assert candidate('ac') == False\n  File \"/tmp/tmpxjmdkwal.py\", line 5, in text_match_three\n    return re.search(r\"ab{3}\", text) is not None\nNameError: name 're' is not defined\n",
      "exit_code": 1,
      "status": "Exception"
    },
    {
      "program": "def text_match_three(text: str) -> bool:\n    \"\"\"\n\tWrite a function that matches a string that has an a followed by three 'b'.\n\t\"\"\"\n    return re.search(r\"ab{3}\", text)\n\n\ndef check(candidate):\n    assert candidate('ac') == False\n    assert candidate('dc') == False\n    assert candidate('abbbba') == True\n    assert candidate('caacabbbba') == True\n\ndef test_check():\n    check(text_match_three)\n\ntest_check()\n",
      "timestamp": 1665509876,
      "stdout": "",
      "stderr": "Traceback (most recent call last):\n  File \"/tmp/tmpssblcnc9.py\", line 17, in <module>\n    test_check()\n  File \"/tmp/tmpssblcnc9.py\", line 15, in test_check\n    check(text_match_three)\n  File \"/tmp/tmpssblcnc9.py\", line 9, in check\n    assert candidate('ac') == False\n  File \"/tmp/tmpssblcnc9.py\", line 5, in text_match_three\n    return re.search(r\"ab{3}\", text)\nNameError: name 're' is not defined\n",
      "exit_code": 1,
      "status": "Exception"
    },
    {
      "program": "def text_match_three(text: str) -> bool:\n    \"\"\"\n\tWrite a function that matches a string that has an a followed by three 'b'.\n\t\"\"\"\n    return re.search(r\"ab{3}\", text)\n\n\ndef check(candidate):\n    assert candidate('ac') == False\n    assert candidate('dc') == False\n    assert candidate('abbbba') == True\n    assert candidate('caacabbbba') == True\n\ndef test_check():\n    check(text_match_three)\n\ntest_check()\n",
      "timestamp": 1665509876,
      "stdout": "",
      "stderr": "Traceback (most recent call last):\n  File \"/tmp/tmpssblcnc9.py\", line 17, in <module>\n    test_check()\n  File \"/tmp/tmpssblcnc9.py\", line 15, in test_check\n    check(text_match_three)\n  File \"/tmp/tmpssblcnc9.py\", line 9, in check\n    assert candidate('ac') == False\n  File \"/tmp/tmpssblcnc9.py\", line 5, in text_match_three\n    return re.search(r\"ab{3}\", text)\nNameError: name 're' is not defined\n",
      "exit_code": 1,
      "status": "Exception"
    },
    {
      "program": "def text_match_three(text: str) -> bool:\n    \"\"\"\n\tWrite a function that matches a string that has an a followed by three 'b'.\n\t\"\"\"\n    return re.search(r\"ab{3}\", text)\n\n\ndef check(candidate):\n    assert candidate('ac') == False\n    assert candidate('dc') == False\n    assert candidate('abbbba') == True\n    assert candidate('caacabbbba') == True\n\ndef test_check():\n    check(text_match_three)\n\ntest_check()\n",
      "timestamp": 1665509876,
      "stdout": "",
      "stderr": "Traceback (most recent call last):\n  File \"/tmp/tmpssblcnc9.py\", line 17, in <module>\n    test_check()\n  File \"/tmp/tmpssblcnc9.py\", line 15, in test_check\n    check(text_match_three)\n  File \"/tmp/tmpssblcnc9.py\", line 9, in check\n    assert candidate('ac') == False\n  File \"/tmp/tmpssblcnc9.py\", line 5, in text_match_three\n    return re.search(r\"ab{3}\", text)\nNameError: name 're' is not defined\n",
      "exit_code": 1,
      "status": "Exception"
    },
    {
      "program": "def text_match_three(text: str) -> bool:\n    \"\"\"\n\tWrite a function that matches a string that has an a followed by three 'b'.\n\t\"\"\"\n    return re.search(r\"ab{3}\", text) is not None\n\n\ndef check(candidate):\n    assert candidate('ac') == False\n    assert candidate('dc') == False\n    assert candidate('abbbba') == True\n    assert candidate('caacabbbba') == True\n\ndef test_check():\n    check(text_match_three)\n\ntest_check()\n",
      "timestamp": 1665509876,
      "stdout": "",
      "stderr": "Traceback (most recent call last):\n  File \"/tmp/tmpxjmdkwal.py\", line 17, in <module>\n    test_check()\n  File \"/tmp/tmpxjmdkwal.py\", line 15, in test_check\n    check(text_match_three)\n  File \"/tmp/tmpxjmdkwal.py\", line 9, in check\n    assert candidate('ac') == False\n  File \"/tmp/tmpxjmdkwal.py\", line 5, in text_match_three\n    return re.search(r\"ab{3}\", text) is not None\nNameError: name 're' is not defined\n",
      "exit_code": 1,
      "status": "Exception"
    },
    {
      "program": "def text_match_three(text: str) -> bool:\n    \"\"\"\n\tWrite a function that matches a string that has an a followed by three 'b'.\n\t\"\"\"\n    pattern = re.compile(r'ab{3}')\n    return bool(pattern.match(text))\n\n\ndef check(candidate):\n    assert candidate('ac') == False\n    assert candidate('dc') == False\n    assert candidate('abbbba') == True\n    assert candidate('caacabbbba') == True\n\ndef test_check():\n    check(text_match_three)\n\ntest_check()\n",
      "timestamp": 1665509876,
      "stdout": "",
      "stderr": "Traceback (most recent call last):\n  File \"/tmp/tmpuo0e19n3.py\", line 18, in <module>\n    test_check()\n  File \"/tmp/tmpuo0e19n3.py\", line 16, in test_check\n    check(text_match_three)\n  File \"/tmp/tmpuo0e19n3.py\", line 10, in check\n    assert candidate('ac') == False\n  File \"/tmp/tmpuo0e19n3.py\", line 5, in text_match_three\n    pattern = re.compile(r'ab{3}')\nNameError: name 're' is not defined\n",
      "exit_code": 1,
      "status": "Exception"
    },
    {
      "program": "def text_match_three(text: str) -> bool:\n    \"\"\"\n\tWrite a function that matches a string that has an a followed by three 'b'.\n\t\"\"\"\n    return re.search(r\"ab{3}\", text) is not None\n\n\ndef check(candidate):\n    assert candidate('ac') == False\n    assert candidate('dc') == False\n    assert candidate('abbbba') == True\n    assert candidate('caacabbbba') == True\n\ndef test_check():\n    check(text_match_three)\n\ntest_check()\n",
      "timestamp": 1665509876,
      "stdout": "",
      "stderr": "Traceback (most recent call last):\n  File \"/tmp/tmpxjmdkwal.py\", line 17, in <module>\n    test_check()\n  File \"/tmp/tmpxjmdkwal.py\", line 15, in test_check\n    check(text_match_three)\n  File \"/tmp/tmpxjmdkwal.py\", line 9, in check\n    assert candidate('ac') == False\n  File \"/tmp/tmpxjmdkwal.py\", line 5, in text_match_three\n    return re.search(r\"ab{3}\", text) is not None\nNameError: name 're' is not defined\n",
      "exit_code": 1,
      "status": "Exception"
    },
    {
      "program": "def text_match_three(text: str) -> bool:\n    \"\"\"\n\tWrite a function that matches a string that has an a followed by three 'b'.\n\t\"\"\"\n    return re.search(r\"ab{3}\", text) is not None\n\n\ndef check(candidate):\n    assert candidate('ac') == False\n    assert candidate('dc') == False\n    assert candidate('abbbba') == True\n    assert candidate('caacabbbba') == True\n\ndef test_check():\n    check(text_match_three)\n\ntest_check()\n",
      "timestamp": 1665509876,
      "stdout": "",
      "stderr": "Traceback (most recent call last):\n  File \"/tmp/tmpxjmdkwal.py\", line 17, in <module>\n    test_check()\n  File \"/tmp/tmpxjmdkwal.py\", line 15, in test_check\n    check(text_match_three)\n  File \"/tmp/tmpxjmdkwal.py\", line 9, in check\n    assert candidate('ac') == False\n  File \"/tmp/tmpxjmdkwal.py\", line 5, in text_match_three\n    return re.search(r\"ab{3}\", text) is not None\nNameError: name 're' is not defined\n",
      "exit_code": 1,
      "status": "Exception"
    },
    {
      "program": "def text_match_three(text: str) -> bool:\n    \"\"\"\n\tWrite a function that matches a string that has an a followed by three 'b'.\n\t\"\"\"\n    return re.search(r\"ab{3}\", text) is not None\n\n\ndef check(candidate):\n    assert candidate('ac') == False\n    assert candidate('dc') == False\n    assert candidate('abbbba') == True\n    assert candidate('caacabbbba') == True\n\ndef test_check():\n    check(text_match_three)\n\ntest_check()\n",
      "timestamp": 1665509876,
      "stdout": "",
      "stderr": "Traceback (most recent call last):\n  File \"/tmp/tmpxjmdkwal.py\", line 17, in <module>\n    test_check()\n  File \"/tmp/tmpxjmdkwal.py\", line 15, in test_check\n    check(text_match_three)\n  File \"/tmp/tmpxjmdkwal.py\", line 9, in check\n    assert candidate('ac') == False\n  File \"/tmp/tmpxjmdkwal.py\", line 5, in text_match_three\n    return re.search(r\"ab{3}\", text) is not None\nNameError: name 're' is not defined\n",
      "exit_code": 1,
      "status": "Exception"
    },
    {
      "program": "def text_match_three(text: str) -> bool:\n    \"\"\"\n\tWrite a function that matches a string that has an a followed by three 'b'.\n\t\"\"\"\n    return re.search(r\"ab{3}\", text) is not None\n\n\ndef check(candidate):\n    assert candidate('ac') == False\n    assert candidate('dc') == False\n    assert candidate('abbbba') == True\n    assert candidate('caacabbbba') == True\n\ndef test_check():\n    check(text_match_three)\n\ntest_check()\n",
      "timestamp": 1665509876,
      "stdout": "",
      "stderr": "Traceback (most recent call last):\n  File \"/tmp/tmpxjmdkwal.py\", line 17, in <module>\n    test_check()\n  File \"/tmp/tmpxjmdkwal.py\", line 15, in test_check\n    check(text_match_three)\n  File \"/tmp/tmpxjmdkwal.py\", line 9, in check\n    assert candidate('ac') == False\n  File \"/tmp/tmpxjmdkwal.py\", line 5, in text_match_three\n    return re.search(r\"ab{3}\", text) is not None\nNameError: name 're' is not defined\n",
      "exit_code": 1,
      "status": "Exception"
    },
    {
      "program": "def text_match_three(text: str) -> bool:\n    \"\"\"\n\tWrite a function that matches a string that has an a followed by three 'b'.\n\t\"\"\"\n    return re.search(r\"ab{3}\", text) is not None\n\n\ndef check(candidate):\n    assert candidate('ac') == False\n    assert candidate('dc') == False\n    assert candidate('abbbba') == True\n    assert candidate('caacabbbba') == True\n\ndef test_check():\n    check(text_match_three)\n\ntest_check()\n",
      "timestamp": 1665509876,
      "stdout": "",
      "stderr": "Traceback (most recent call last):\n  File \"/tmp/tmpxjmdkwal.py\", line 17, in <module>\n    test_check()\n  File \"/tmp/tmpxjmdkwal.py\", line 15, in test_check\n    check(text_match_three)\n  File \"/tmp/tmpxjmdkwal.py\", line 9, in check\n    assert candidate('ac') == False\n  File \"/tmp/tmpxjmdkwal.py\", line 5, in text_match_three\n    return re.search(r\"ab{3}\", text) is not None\nNameError: name 're' is not defined\n",
      "exit_code": 1,
      "status": "Exception"
    },
    {
      "program": "def text_match_three(text: str) -> bool:\n    \"\"\"\n\tWrite a function that matches a string that has an a followed by three 'b'.\n\t\"\"\"\n    return re.search(r\"ab{3}\", text) is not None\n\n\ndef check(candidate):\n    assert candidate('ac') == False\n    assert candidate('dc') == False\n    assert candidate('abbbba') == True\n    assert candidate('caacabbbba') == True\n\ndef test_check():\n    check(text_match_three)\n\ntest_check()\n",
      "timestamp": 1665509876,
      "stdout": "",
      "stderr": "Traceback (most recent call last):\n  File \"/tmp/tmpxjmdkwal.py\", line 17, in <module>\n    test_check()\n  File \"/tmp/tmpxjmdkwal.py\", line 15, in test_check\n    check(text_match_three)\n  File \"/tmp/tmpxjmdkwal.py\", line 9, in check\n    assert candidate('ac') == False\n  File \"/tmp/tmpxjmdkwal.py\", line 5, in text_match_three\n    return re.search(r\"ab{3}\", text) is not None\nNameError: name 're' is not defined\n",
      "exit_code": 1,
      "status": "Exception"
    },
    {
      "program": "def text_match_three(text: str) -> bool:\n    \"\"\"\n\tWrite a function that matches a string that has an a followed by three 'b'.\n\t\"\"\"\n    return re.search(r\"ab{3}\", text) is not None\n\n\ndef check(candidate):\n    assert candidate('ac') == False\n    assert candidate('dc') == False\n    assert candidate('abbbba') == True\n    assert candidate('caacabbbba') == True\n\ndef test_check():\n    check(text_match_three)\n\ntest_check()\n",
      "timestamp": 1665509876,
      "stdout": "",
      "stderr": "Traceback (most recent call last):\n  File \"/tmp/tmpxjmdkwal.py\", line 17, in <module>\n    test_check()\n  File \"/tmp/tmpxjmdkwal.py\", line 15, in test_check\n    check(text_match_three)\n  File \"/tmp/tmpxjmdkwal.py\", line 9, in check\n    assert candidate('ac') == False\n  File \"/tmp/tmpxjmdkwal.py\", line 5, in text_match_three\n    return re.search(r\"ab{3}\", text) is not None\nNameError: name 're' is not defined\n",
      "exit_code": 1,
      "status": "Exception"
    },
    {
      "program": "def text_match_three(text: str) -> bool:\n    \"\"\"\n\tWrite a function that matches a string that has an a followed by three 'b'.\n\t\"\"\"\n    return re.search(r\"ab{3}\", text) is not None\n\n\ndef check(candidate):\n    assert candidate('ac') == False\n    assert candidate('dc') == False\n    assert candidate('abbbba') == True\n    assert candidate('caacabbbba') == True\n\ndef test_check():\n    check(text_match_three)\n\ntest_check()\n",
      "timestamp": 1665509876,
      "stdout": "",
      "stderr": "Traceback (most recent call last):\n  File \"/tmp/tmpxjmdkwal.py\", line 17, in <module>\n    test_check()\n  File \"/tmp/tmpxjmdkwal.py\", line 15, in test_check\n    check(text_match_three)\n  File \"/tmp/tmpxjmdkwal.py\", line 9, in check\n    assert candidate('ac') == False\n  File \"/tmp/tmpxjmdkwal.py\", line 5, in text_match_three\n    return re.search(r\"ab{3}\", text) is not None\nNameError: name 're' is not defined\n",
      "exit_code": 1,
      "status": "Exception"
    },
    {
      "program": "def text_match_three(text: str) -> bool:\n    \"\"\"\n\tWrite a function that matches a string that has an a followed by three 'b'.\n\t\"\"\"\n    return re.search(r\"ab{3}\", text) is not None\n\n\ndef check(candidate):\n    assert candidate('ac') == False\n    assert candidate('dc') == False\n    assert candidate('abbbba') == True\n    assert candidate('caacabbbba') == True\n\ndef test_check():\n    check(text_match_three)\n\ntest_check()\n",
      "timestamp": 1665509876,
      "stdout": "",
      "stderr": "Traceback (most recent call last):\n  File \"/tmp/tmpxjmdkwal.py\", line 17, in <module>\n    test_check()\n  File \"/tmp/tmpxjmdkwal.py\", line 15, in test_check\n    check(text_match_three)\n  File \"/tmp/tmpxjmdkwal.py\", line 9, in check\n    assert candidate('ac') == False\n  File \"/tmp/tmpxjmdkwal.py\", line 5, in text_match_three\n    return re.search(r\"ab{3}\", text) is not None\nNameError: name 're' is not defined\n",
      "exit_code": 1,
      "status": "Exception"
    },
    {
      "program": "def text_match_three(text: str) -> bool:\n    \"\"\"\n\tWrite a function that matches a string that has an a followed by three 'b'.\n\t\"\"\"\n    return re.search(r\"ab{3}\", text)\n\n\ndef check(candidate):\n    assert candidate('ac') == False\n    assert candidate('dc') == False\n    assert candidate('abbbba') == True\n    assert candidate('caacabbbba') == True\n\ndef test_check():\n    check(text_match_three)\n\ntest_check()\n",
      "timestamp": 1665509876,
      "stdout": "",
      "stderr": "Traceback (most recent call last):\n  File \"/tmp/tmpssblcnc9.py\", line 17, in <module>\n    test_check()\n  File \"/tmp/tmpssblcnc9.py\", line 15, in test_check\n    check(text_match_three)\n  File \"/tmp/tmpssblcnc9.py\", line 9, in check\n    assert candidate('ac') == False\n  File \"/tmp/tmpssblcnc9.py\", line 5, in text_match_three\n    return re.search(r\"ab{3}\", text)\nNameError: name 're' is not defined\n",
      "exit_code": 1,
      "status": "Exception"
    },
    {
      "program": "def text_match_three(text: str) -> bool:\n    \"\"\"\n\tWrite a function that matches a string that has an a followed by three 'b'.\n\t\"\"\"\n    return re.search(r\"ab{3}\", text) is not None\n\n\ndef check(candidate):\n    assert candidate('ac') == False\n    assert candidate('dc') == False\n    assert candidate('abbbba') == True\n    assert candidate('caacabbbba') == True\n\ndef test_check():\n    check(text_match_three)\n\ntest_check()\n",
      "timestamp": 1665509876,
      "stdout": "",
      "stderr": "Traceback (most recent call last):\n  File \"/tmp/tmpxjmdkwal.py\", line 17, in <module>\n    test_check()\n  File \"/tmp/tmpxjmdkwal.py\", line 15, in test_check\n    check(text_match_three)\n  File \"/tmp/tmpxjmdkwal.py\", line 9, in check\n    assert candidate('ac') == False\n  File \"/tmp/tmpxjmdkwal.py\", line 5, in text_match_three\n    return re.search(r\"ab{3}\", text) is not None\nNameError: name 're' is not defined\n",
      "exit_code": 1,
      "status": "Exception"
    },
    {
      "program": "def text_match_three(text: str) -> bool:\n    \"\"\"\n\tWrite a function that matches a string that has an a followed by three 'b'.\n\t\"\"\"\n    return re.search(r'ab{3}', text) is not None\n\n\ndef check(candidate):\n    assert candidate('ac') == False\n    assert candidate('dc') == False\n    assert candidate('abbbba') == True\n    assert candidate('caacabbbba') == True\n\ndef test_check():\n    check(text_match_three)\n\ntest_check()\n",
      "timestamp": 1665509876,
      "stdout": "",
      "stderr": "Traceback (most recent call last):\n  File \"/tmp/tmpo83mttb5.py\", line 17, in <module>\n    test_check()\n  File \"/tmp/tmpo83mttb5.py\", line 15, in test_check\n    check(text_match_three)\n  File \"/tmp/tmpo83mttb5.py\", line 9, in check\n    assert candidate('ac') == False\n  File \"/tmp/tmpo83mttb5.py\", line 5, in text_match_three\n    return re.search(r'ab{3}', text) is not None\nNameError: name 're' is not defined\n",
      "exit_code": 1,
      "status": "Exception"
    },
    {
      "program": "def text_match_three(text: str) -> bool:\n    \"\"\"\n\tWrite a function that matches a string that has an a followed by three 'b'.\n\t\"\"\"\n    pattern = re.compile(r\"ab{3}\")\n    return bool(pattern.match(text))\n\n\ndef check(candidate):\n    assert candidate('ac') == False\n    assert candidate('dc') == False\n    assert candidate('abbbba') == True\n    assert candidate('caacabbbba') == True\n\ndef test_check():\n    check(text_match_three)\n\ntest_check()\n",
      "timestamp": 1665509876,
      "stdout": "",
      "stderr": "Traceback (most recent call last):\n  File \"/tmp/tmpc_1czqwh.py\", line 18, in <module>\n    test_check()\n  File \"/tmp/tmpc_1czqwh.py\", line 16, in test_check\n    check(text_match_three)\n  File \"/tmp/tmpc_1czqwh.py\", line 10, in check\n    assert candidate('ac') == False\n  File \"/tmp/tmpc_1czqwh.py\", line 5, in text_match_three\n    pattern = re.compile(r\"ab{3}\")\nNameError: name 're' is not defined\n",
      "exit_code": 1,
      "status": "Exception"
    },
    {
      "program": "def text_match_three(text: str) -> bool:\n    \"\"\"\n\tWrite a function that matches a string that has an a followed by three 'b'.\n\t\"\"\"\n    return re.search(r'ab{3}', text) is not None\n\n\ndef check(candidate):\n    assert candidate('ac') == False\n    assert candidate('dc') == False\n    assert candidate('abbbba') == True\n    assert candidate('caacabbbba') == True\n\ndef test_check():\n    check(text_match_three)\n\ntest_check()\n",
      "timestamp": 1665509876,
      "stdout": "",
      "stderr": "Traceback (most recent call last):\n  File \"/tmp/tmpo83mttb5.py\", line 17, in <module>\n    test_check()\n  File \"/tmp/tmpo83mttb5.py\", line 15, in test_check\n    check(text_match_three)\n  File \"/tmp/tmpo83mttb5.py\", line 9, in check\n    assert candidate('ac') == False\n  File \"/tmp/tmpo83mttb5.py\", line 5, in text_match_three\n    return re.search(r'ab{3}', text) is not None\nNameError: name 're' is not defined\n",
      "exit_code": 1,
      "status": "Exception"
    },
    {
      "program": "def text_match_three(text: str) -> bool:\n    \"\"\"\n\tWrite a function that matches a string that has an a followed by three 'b'.\n\t\"\"\"\n    return re.search(r\"ab{3}\", text) is not None\n\n\ndef check(candidate):\n    assert candidate('ac') == False\n    assert candidate('dc') == False\n    assert candidate('abbbba') == True\n    assert candidate('caacabbbba') == True\n\ndef test_check():\n    check(text_match_three)\n\ntest_check()\n",
      "timestamp": 1665509876,
      "stdout": "",
      "stderr": "Traceback (most recent call last):\n  File \"/tmp/tmpxjmdkwal.py\", line 17, in <module>\n    test_check()\n  File \"/tmp/tmpxjmdkwal.py\", line 15, in test_check\n    check(text_match_three)\n  File \"/tmp/tmpxjmdkwal.py\", line 9, in check\n    assert candidate('ac') == False\n  File \"/tmp/tmpxjmdkwal.py\", line 5, in text_match_three\n    return re.search(r\"ab{3}\", text) is not None\nNameError: name 're' is not defined\n",
      "exit_code": 1,
      "status": "Exception"
    },
    {
      "program": "def text_match_three(text: str) -> bool:\n    \"\"\"\n\tWrite a function that matches a string that has an a followed by three 'b'.\n\t\"\"\"\n    return re.search(r\"ab{3}\", text)\n\n\ndef check(candidate):\n    assert candidate('ac') == False\n    assert candidate('dc') == False\n    assert candidate('abbbba') == True\n    assert candidate('caacabbbba') == True\n\ndef test_check():\n    check(text_match_three)\n\ntest_check()\n",
      "timestamp": 1665509876,
      "stdout": "",
      "stderr": "Traceback (most recent call last):\n  File \"/tmp/tmpssblcnc9.py\", line 17, in <module>\n    test_check()\n  File \"/tmp/tmpssblcnc9.py\", line 15, in test_check\n    check(text_match_three)\n  File \"/tmp/tmpssblcnc9.py\", line 9, in check\n    assert candidate('ac') == False\n  File \"/tmp/tmpssblcnc9.py\", line 5, in text_match_three\n    return re.search(r\"ab{3}\", text)\nNameError: name 're' is not defined\n",
      "exit_code": 1,
      "status": "Exception"
    },
    {
      "program": "def text_match_three(text: str) -> bool:\n    \"\"\"\n\tWrite a function that matches a string that has an a followed by three 'b'.\n\t\"\"\"\n    return re.search(r\"ab{3}\", text)\n\n\ndef check(candidate):\n    assert candidate('ac') == False\n    assert candidate('dc') == False\n    assert candidate('abbbba') == True\n    assert candidate('caacabbbba') == True\n\ndef test_check():\n    check(text_match_three)\n\ntest_check()\n",
      "timestamp": 1665509876,
      "stdout": "",
      "stderr": "Traceback (most recent call last):\n  File \"/tmp/tmpssblcnc9.py\", line 17, in <module>\n    test_check()\n  File \"/tmp/tmpssblcnc9.py\", line 15, in test_check\n    check(text_match_three)\n  File \"/tmp/tmpssblcnc9.py\", line 9, in check\n    assert candidate('ac') == False\n  File \"/tmp/tmpssblcnc9.py\", line 5, in text_match_three\n    return re.search(r\"ab{3}\", text)\nNameError: name 're' is not defined\n",
      "exit_code": 1,
      "status": "Exception"
    },
    {
      "program": "def text_match_three(text: str) -> bool:\n    \"\"\"\n\tWrite a function that matches a string that has an a followed by three 'b'.\n\t\"\"\"\n    pattern = re.compile(r'ab{3}')\n    return bool(pattern.search(text))\n\n\ndef check(candidate):\n    assert candidate('ac') == False\n    assert candidate('dc') == False\n    assert candidate('abbbba') == True\n    assert candidate('caacabbbba') == True\n\ndef test_check():\n    check(text_match_three)\n\ntest_check()\n",
      "timestamp": 1665509876,
      "stdout": "",
      "stderr": "Traceback (most recent call last):\n  File \"/tmp/tmp7ktntzkw.py\", line 18, in <module>\n    test_check()\n  File \"/tmp/tmp7ktntzkw.py\", line 16, in test_check\n    check(text_match_three)\n  File \"/tmp/tmp7ktntzkw.py\", line 10, in check\n    assert candidate('ac') == False\n  File \"/tmp/tmp7ktntzkw.py\", line 5, in text_match_three\n    pattern = re.compile(r'ab{3}')\nNameError: name 're' is not defined\n",
      "exit_code": 1,
      "status": "Exception"
    },
    {
      "program": "def text_match_three(text: str) -> bool:\n    \"\"\"\n\tWrite a function that matches a string that has an a followed by three 'b'.\n\t\"\"\"\n    return re.search(r\"ab{3}\", text) is not None\n\n\ndef check(candidate):\n    assert candidate('ac') == False\n    assert candidate('dc') == False\n    assert candidate('abbbba') == True\n    assert candidate('caacabbbba') == True\n\ndef test_check():\n    check(text_match_three)\n\ntest_check()\n",
      "timestamp": 1665509876,
      "stdout": "",
      "stderr": "Traceback (most recent call last):\n  File \"/tmp/tmpxjmdkwal.py\", line 17, in <module>\n    test_check()\n  File \"/tmp/tmpxjmdkwal.py\", line 15, in test_check\n    check(text_match_three)\n  File \"/tmp/tmpxjmdkwal.py\", line 9, in check\n    assert candidate('ac') == False\n  File \"/tmp/tmpxjmdkwal.py\", line 5, in text_match_three\n    return re.search(r\"ab{3}\", text) is not None\nNameError: name 're' is not defined\n",
      "exit_code": 1,
      "status": "Exception"
    },
    {
      "program": "def text_match_three(text: str) -> bool:\n    \"\"\"\n\tWrite a function that matches a string that has an a followed by three 'b'.\n\t\"\"\"\n    return re.search(r\"ab{3}\", text) is not None\n\n\ndef check(candidate):\n    assert candidate('ac') == False\n    assert candidate('dc') == False\n    assert candidate('abbbba') == True\n    assert candidate('caacabbbba') == True\n\ndef test_check():\n    check(text_match_three)\n\ntest_check()\n",
      "timestamp": 1665509876,
      "stdout": "",
      "stderr": "Traceback (most recent call last):\n  File \"/tmp/tmpxjmdkwal.py\", line 17, in <module>\n    test_check()\n  File \"/tmp/tmpxjmdkwal.py\", line 15, in test_check\n    check(text_match_three)\n  File \"/tmp/tmpxjmdkwal.py\", line 9, in check\n    assert candidate('ac') == False\n  File \"/tmp/tmpxjmdkwal.py\", line 5, in text_match_three\n    return re.search(r\"ab{3}\", text) is not None\nNameError: name 're' is not defined\n",
      "exit_code": 1,
      "status": "Exception"
    },
    {
      "program": "def text_match_three(text: str) -> bool:\n    \"\"\"\n\tWrite a function that matches a string that has an a followed by three 'b'.\n\t\"\"\"\n    return re.search(r\"ab{3}\", text)\n\n\ndef check(candidate):\n    assert candidate('ac') == False\n    assert candidate('dc') == False\n    assert candidate('abbbba') == True\n    assert candidate('caacabbbba') == True\n\ndef test_check():\n    check(text_match_three)\n\ntest_check()\n",
      "timestamp": 1665509876,
      "stdout": "",
      "stderr": "Traceback (most recent call last):\n  File \"/tmp/tmpssblcnc9.py\", line 17, in <module>\n    test_check()\n  File \"/tmp/tmpssblcnc9.py\", line 15, in test_check\n    check(text_match_three)\n  File \"/tmp/tmpssblcnc9.py\", line 9, in check\n    assert candidate('ac') == False\n  File \"/tmp/tmpssblcnc9.py\", line 5, in text_match_three\n    return re.search(r\"ab{3}\", text)\nNameError: name 're' is not defined\n",
      "exit_code": 1,
      "status": "Exception"
    },
    {
      "program": "def text_match_three(text: str) -> bool:\n    \"\"\"\n\tWrite a function that matches a string that has an a followed by three 'b'.\n\t\"\"\"\n    return re.search(r\"ab{3}\", text)\n\n\ndef check(candidate):\n    assert candidate('ac') == False\n    assert candidate('dc') == False\n    assert candidate('abbbba') == True\n    assert candidate('caacabbbba') == True\n\ndef test_check():\n    check(text_match_three)\n\ntest_check()\n",
      "timestamp": 1665509876,
      "stdout": "",
      "stderr": "Traceback (most recent call last):\n  File \"/tmp/tmpssblcnc9.py\", line 17, in <module>\n    test_check()\n  File \"/tmp/tmpssblcnc9.py\", line 15, in test_check\n    check(text_match_three)\n  File \"/tmp/tmpssblcnc9.py\", line 9, in check\n    assert candidate('ac') == False\n  File \"/tmp/tmpssblcnc9.py\", line 5, in text_match_three\n    return re.search(r\"ab{3}\", text)\nNameError: name 're' is not defined\n",
      "exit_code": 1,
      "status": "Exception"
    },
    {
      "program": "def text_match_three(text: str) -> bool:\n    \"\"\"\n\tWrite a function that matches a string that has an a followed by three 'b'.\n\t\"\"\"\n    return re.search(r'ab{3}', text)\n\n\ndef check(candidate):\n    assert candidate('ac') == False\n    assert candidate('dc') == False\n    assert candidate('abbbba') == True\n    assert candidate('caacabbbba') == True\n\ndef test_check():\n    check(text_match_three)\n\ntest_check()\n",
      "timestamp": 1665509876,
      "stdout": "",
      "stderr": "Traceback (most recent call last):\n  File \"/tmp/tmpnjfpwp56.py\", line 17, in <module>\n    test_check()\n  File \"/tmp/tmpnjfpwp56.py\", line 15, in test_check\n    check(text_match_three)\n  File \"/tmp/tmpnjfpwp56.py\", line 9, in check\n    assert candidate('ac') == False\n  File \"/tmp/tmpnjfpwp56.py\", line 5, in text_match_three\n    return re.search(r'ab{3}', text)\nNameError: name 're' is not defined\n",
      "exit_code": 1,
      "status": "Exception"
    },
    {
      "program": "def text_match_three(text: str) -> bool:\n    \"\"\"\n\tWrite a function that matches a string that has an a followed by three 'b'.\n\t\"\"\"\n    pattern = re.compile(r\"ab{3}\")\n    return bool(pattern.search(text))\n\n\ndef check(candidate):\n    assert candidate('ac') == False\n    assert candidate('dc') == False\n    assert candidate('abbbba') == True\n    assert candidate('caacabbbba') == True\n\ndef test_check():\n    check(text_match_three)\n\ntest_check()\n",
      "timestamp": 1665509876,
      "stdout": "",
      "stderr": "Traceback (most recent call last):\n  File \"/tmp/tmpjic_uulp.py\", line 18, in <module>\n    test_check()\n  File \"/tmp/tmpjic_uulp.py\", line 16, in test_check\n    check(text_match_three)\n  File \"/tmp/tmpjic_uulp.py\", line 10, in check\n    assert candidate('ac') == False\n  File \"/tmp/tmpjic_uulp.py\", line 5, in text_match_three\n    pattern = re.compile(r\"ab{3}\")\nNameError: name 're' is not defined\n",
      "exit_code": 1,
      "status": "Exception"
    },
    {
      "program": "def text_match_three(text: str) -> bool:\n    \"\"\"\n\tWrite a function that matches a string that has an a followed by three 'b'.\n\t\"\"\"\n    return bool(re.search(r\"ab{3}\", text))\n\n\ndef check(candidate):\n    assert candidate('ac') == False\n    assert candidate('dc') == False\n    assert candidate('abbbba') == True\n    assert candidate('caacabbbba') == True\n\ndef test_check():\n    check(text_match_three)\n\ntest_check()\n",
      "timestamp": 1666122732,
      "stdout": "",
      "stderr": "Traceback (most recent call last):\n  File \"/tmp/tmpmy3dxssx.py\", line 17, in <module>\n    test_check()\n  File \"/tmp/tmpmy3dxssx.py\", line 15, in test_check\n    check(text_match_three)\n  File \"/tmp/tmpmy3dxssx.py\", line 9, in check\n    assert candidate('ac') == False\n  File \"/tmp/tmpmy3dxssx.py\", line 5, in text_match_three\n    return bool(re.search(r\"ab{3}\", text))\nNameError: name 're' is not defined\n",
      "exit_code": 1,
      "status": "Exception"
    },
    {
      "program": "def text_match_three(text: str) -> bool:\n    \"\"\"\n\tWrite a function that matches a string that has an a followed by three 'b'.\n\t\"\"\"\n    pattern = re.compile(r\"ab{3}\")\n    return bool(pattern.search(text))\n\n\ndef check(candidate):\n    assert candidate('ac') == False\n    assert candidate('dc') == False\n    assert candidate('abbbba') == True\n    assert candidate('caacabbbba') == True\n\ndef test_check():\n    check(text_match_three)\n\ntest_check()\n",
      "timestamp": 1665509876,
      "stdout": "",
      "stderr": "Traceback (most recent call last):\n  File \"/tmp/tmpjic_uulp.py\", line 18, in <module>\n    test_check()\n  File \"/tmp/tmpjic_uulp.py\", line 16, in test_check\n    check(text_match_three)\n  File \"/tmp/tmpjic_uulp.py\", line 10, in check\n    assert candidate('ac') == False\n  File \"/tmp/tmpjic_uulp.py\", line 5, in text_match_three\n    pattern = re.compile(r\"ab{3}\")\nNameError: name 're' is not defined\n",
      "exit_code": 1,
      "status": "Exception"
    },
    {
      "program": "def text_match_three(text: str) -> bool:\n    \"\"\"\n\tWrite a function that matches a string that has an a followed by three 'b'.\n\t\"\"\"\n    pattern = re.compile(r\"ab{3}\")\n    return bool(pattern.search(text))\n\n\ndef check(candidate):\n    assert candidate('ac') == False\n    assert candidate('dc') == False\n    assert candidate('abbbba') == True\n    assert candidate('caacabbbba') == True\n\ndef test_check():\n    check(text_match_three)\n\ntest_check()\n",
      "timestamp": 1665509876,
      "stdout": "",
      "stderr": "Traceback (most recent call last):\n  File \"/tmp/tmpjic_uulp.py\", line 18, in <module>\n    test_check()\n  File \"/tmp/tmpjic_uulp.py\", line 16, in test_check\n    check(text_match_three)\n  File \"/tmp/tmpjic_uulp.py\", line 10, in check\n    assert candidate('ac') == False\n  File \"/tmp/tmpjic_uulp.py\", line 5, in text_match_three\n    pattern = re.compile(r\"ab{3}\")\nNameError: name 're' is not defined\n",
      "exit_code": 1,
      "status": "Exception"
    },
    {
      "program": "def text_match_three(text: str) -> bool:\n    \"\"\"\n\tWrite a function that matches a string that has an a followed by three 'b'.\n\t\"\"\"\n    return re.search(r\"ab{3}\", text) is not None\n\n\ndef check(candidate):\n    assert candidate('ac') == False\n    assert candidate('dc') == False\n    assert candidate('abbbba') == True\n    assert candidate('caacabbbba') == True\n\ndef test_check():\n    check(text_match_three)\n\ntest_check()\n",
      "timestamp": 1665509876,
      "stdout": "",
      "stderr": "Traceback (most recent call last):\n  File \"/tmp/tmpxjmdkwal.py\", line 17, in <module>\n    test_check()\n  File \"/tmp/tmpxjmdkwal.py\", line 15, in test_check\n    check(text_match_three)\n  File \"/tmp/tmpxjmdkwal.py\", line 9, in check\n    assert candidate('ac') == False\n  File \"/tmp/tmpxjmdkwal.py\", line 5, in text_match_three\n    return re.search(r\"ab{3}\", text) is not None\nNameError: name 're' is not defined\n",
      "exit_code": 1,
      "status": "Exception"
    },
    {
      "program": "def text_match_three(text: str) -> bool:\n    \"\"\"\n\tWrite a function that matches a string that has an a followed by three 'b'.\n\t\"\"\"\n    return re.search(r\"ab{3}\", text) is not None\n\n\ndef check(candidate):\n    assert candidate('ac') == False\n    assert candidate('dc') == False\n    assert candidate('abbbba') == True\n    assert candidate('caacabbbba') == True\n\ndef test_check():\n    check(text_match_three)\n\ntest_check()\n",
      "timestamp": 1665509876,
      "stdout": "",
      "stderr": "Traceback (most recent call last):\n  File \"/tmp/tmpxjmdkwal.py\", line 17, in <module>\n    test_check()\n  File \"/tmp/tmpxjmdkwal.py\", line 15, in test_check\n    check(text_match_three)\n  File \"/tmp/tmpxjmdkwal.py\", line 9, in check\n    assert candidate('ac') == False\n  File \"/tmp/tmpxjmdkwal.py\", line 5, in text_match_three\n    return re.search(r\"ab{3}\", text) is not None\nNameError: name 're' is not defined\n",
      "exit_code": 1,
      "status": "Exception"
    },
    {
      "program": "def text_match_three(text: str) -> bool:\n    \"\"\"\n\tWrite a function that matches a string that has an a followed by three 'b'.\n\t\"\"\"\n    return bool(re.search(r\"ab{3}\", text))\n\n\ndef check(candidate):\n    assert candidate('ac') == False\n    assert candidate('dc') == False\n    assert candidate('abbbba') == True\n    assert candidate('caacabbbba') == True\n\ndef test_check():\n    check(text_match_three)\n\ntest_check()\n",
      "timestamp": 1666122732,
      "stdout": "",
      "stderr": "Traceback (most recent call last):\n  File \"/tmp/tmpmy3dxssx.py\", line 17, in <module>\n    test_check()\n  File \"/tmp/tmpmy3dxssx.py\", line 15, in test_check\n    check(text_match_three)\n  File \"/tmp/tmpmy3dxssx.py\", line 9, in check\n    assert candidate('ac') == False\n  File \"/tmp/tmpmy3dxssx.py\", line 5, in text_match_three\n    return bool(re.search(r\"ab{3}\", text))\nNameError: name 're' is not defined\n",
      "exit_code": 1,
      "status": "Exception"
    },
    {
      "program": "def text_match_three(text: str) -> bool:\n    \"\"\"\n\tWrite a function that matches a string that has an a followed by three 'b'.\n\t\"\"\"\n    return re.search(r\"a{1}b{3}\", text) is not None\n\n\ndef check(candidate):\n    assert candidate('ac') == False\n    assert candidate('dc') == False\n    assert candidate('abbbba') == True\n    assert candidate('caacabbbba') == True\n\ndef test_check():\n    check(text_match_three)\n\ntest_check()\n",
      "timestamp": 1666122733,
      "stdout": "",
      "stderr": "Traceback (most recent call last):\n  File \"/tmp/tmpt8nyc1zs.py\", line 17, in <module>\n    test_check()\n  File \"/tmp/tmpt8nyc1zs.py\", line 15, in test_check\n    check(text_match_three)\n  File \"/tmp/tmpt8nyc1zs.py\", line 9, in check\n    assert candidate('ac') == False\n  File \"/tmp/tmpt8nyc1zs.py\", line 5, in text_match_three\n    return re.search(r\"a{1}b{3}\", text) is not None\nNameError: name 're' is not defined\n",
      "exit_code": 1,
      "status": "Exception"
    },
    {
      "program": "def text_match_three(text: str) -> bool:\n    \"\"\"\n\tWrite a function that matches a string that has an a followed by three 'b'.\n\t\"\"\"\n    pattern = re.compile(r\"ab{3}\")\n    return bool(pattern.search(text))\n\n\ndef check(candidate):\n    assert candidate('ac') == False\n    assert candidate('dc') == False\n    assert candidate('abbbba') == True\n    assert candidate('caacabbbba') == True\n\ndef test_check():\n    check(text_match_three)\n\ntest_check()\n",
      "timestamp": 1665509876,
      "stdout": "",
      "stderr": "Traceback (most recent call last):\n  File \"/tmp/tmpjic_uulp.py\", line 18, in <module>\n    test_check()\n  File \"/tmp/tmpjic_uulp.py\", line 16, in test_check\n    check(text_match_three)\n  File \"/tmp/tmpjic_uulp.py\", line 10, in check\n    assert candidate('ac') == False\n  File \"/tmp/tmpjic_uulp.py\", line 5, in text_match_three\n    pattern = re.compile(r\"ab{3}\")\nNameError: name 're' is not defined\n",
      "exit_code": 1,
      "status": "Exception"
    },
    {
      "program": "def text_match_three(text: str) -> bool:\n    \"\"\"\n\tWrite a function that matches a string that has an a followed by three 'b'.\n\t\"\"\"\n    return re.search(r\"ab{3}\", text) is not None\n\n\ndef check(candidate):\n    assert candidate('ac') == False\n    assert candidate('dc') == False\n    assert candidate('abbbba') == True\n    assert candidate('caacabbbba') == True\n\ndef test_check():\n    check(text_match_three)\n\ntest_check()\n",
      "timestamp": 1665509876,
      "stdout": "",
      "stderr": "Traceback (most recent call last):\n  File \"/tmp/tmpxjmdkwal.py\", line 17, in <module>\n    test_check()\n  File \"/tmp/tmpxjmdkwal.py\", line 15, in test_check\n    check(text_match_three)\n  File \"/tmp/tmpxjmdkwal.py\", line 9, in check\n    assert candidate('ac') == False\n  File \"/tmp/tmpxjmdkwal.py\", line 5, in text_match_three\n    return re.search(r\"ab{3}\", text) is not None\nNameError: name 're' is not defined\n",
      "exit_code": 1,
      "status": "Exception"
    },
    {
      "program": "def text_match_three(text: str) -> bool:\n    \"\"\"\n\tWrite a function that matches a string that has an a followed by three 'b'.\n\t\"\"\"\n    return re.search(r\"ab{3}\", text) is not None\n\n\ndef check(candidate):\n    assert candidate('ac') == False\n    assert candidate('dc') == False\n    assert candidate('abbbba') == True\n    assert candidate('caacabbbba') == True\n\ndef test_check():\n    check(text_match_three)\n\ntest_check()\n",
      "timestamp": 1665509876,
      "stdout": "",
      "stderr": "Traceback (most recent call last):\n  File \"/tmp/tmpxjmdkwal.py\", line 17, in <module>\n    test_check()\n  File \"/tmp/tmpxjmdkwal.py\", line 15, in test_check\n    check(text_match_three)\n  File \"/tmp/tmpxjmdkwal.py\", line 9, in check\n    assert candidate('ac') == False\n  File \"/tmp/tmpxjmdkwal.py\", line 5, in text_match_three\n    return re.search(r\"ab{3}\", text) is not None\nNameError: name 're' is not defined\n",
      "exit_code": 1,
      "status": "Exception"
    },
    {
      "program": "def text_match_three(text: str) -> bool:\n    \"\"\"\n\tWrite a function that matches a string that has an a followed by three 'b'.\n\t\"\"\"\n    return re.search(r\"ab{3}\", text) is not None\n\n\ndef check(candidate):\n    assert candidate('ac') == False\n    assert candidate('dc') == False\n    assert candidate('abbbba') == True\n    assert candidate('caacabbbba') == True\n\ndef test_check():\n    check(text_match_three)\n\ntest_check()\n",
      "timestamp": 1665509876,
      "stdout": "",
      "stderr": "Traceback (most recent call last):\n  File \"/tmp/tmpxjmdkwal.py\", line 17, in <module>\n    test_check()\n  File \"/tmp/tmpxjmdkwal.py\", line 15, in test_check\n    check(text_match_three)\n  File \"/tmp/tmpxjmdkwal.py\", line 9, in check\n    assert candidate('ac') == False\n  File \"/tmp/tmpxjmdkwal.py\", line 5, in text_match_three\n    return re.search(r\"ab{3}\", text) is not None\nNameError: name 're' is not defined\n",
      "exit_code": 1,
      "status": "Exception"
    },
    {
      "program": "def text_match_three(text: str) -> bool:\n    \"\"\"\n\tWrite a function that matches a string that has an a followed by three 'b'.\n\t\"\"\"\n    return re.search(r\"ab{3}\", text) is not None\n\n\ndef check(candidate):\n    assert candidate('ac') == False\n    assert candidate('dc') == False\n    assert candidate('abbbba') == True\n    assert candidate('caacabbbba') == True\n\ndef test_check():\n    check(text_match_three)\n\ntest_check()\n",
      "timestamp": 1665509876,
      "stdout": "",
      "stderr": "Traceback (most recent call last):\n  File \"/tmp/tmpxjmdkwal.py\", line 17, in <module>\n    test_check()\n  File \"/tmp/tmpxjmdkwal.py\", line 15, in test_check\n    check(text_match_three)\n  File \"/tmp/tmpxjmdkwal.py\", line 9, in check\n    assert candidate('ac') == False\n  File \"/tmp/tmpxjmdkwal.py\", line 5, in text_match_three\n    return re.search(r\"ab{3}\", text) is not None\nNameError: name 're' is not defined\n",
      "exit_code": 1,
      "status": "Exception"
    },
    {
      "program": "def text_match_three(text: str) -> bool:\n    \"\"\"\n\tWrite a function that matches a string that has an a followed by three 'b'.\n\t\"\"\"\n    return bool(re.match(r\"ab{3}\", text))\n\n\ndef check(candidate):\n    assert candidate('ac') == False\n    assert candidate('dc') == False\n    assert candidate('abbbba') == True\n    assert candidate('caacabbbba') == True\n\ndef test_check():\n    check(text_match_three)\n\ntest_check()\n",
      "timestamp": 1666122732,
      "stdout": "",
      "stderr": "Traceback (most recent call last):\n  File \"/tmp/tmpq3hey50w.py\", line 17, in <module>\n    test_check()\n  File \"/tmp/tmpq3hey50w.py\", line 15, in test_check\n    check(text_match_three)\n  File \"/tmp/tmpq3hey50w.py\", line 9, in check\n    assert candidate('ac') == False\n  File \"/tmp/tmpq3hey50w.py\", line 5, in text_match_three\n    return bool(re.match(r\"ab{3}\", text))\nNameError: name 're' is not defined\n",
      "exit_code": 1,
      "status": "Exception"
    },
    {
      "program": "def text_match_three(text: str) -> bool:\n    \"\"\"\n\tWrite a function that matches a string that has an a followed by three 'b'.\n\t\"\"\"\n    return re.search(r'ab{3}', text)\n\n\ndef check(candidate):\n    assert candidate('ac') == False\n    assert candidate('dc') == False\n    assert candidate('abbbba') == True\n    assert candidate('caacabbbba') == True\n\ndef test_check():\n    check(text_match_three)\n\ntest_check()\n",
      "timestamp": 1665509876,
      "stdout": "",
      "stderr": "Traceback (most recent call last):\n  File \"/tmp/tmpnjfpwp56.py\", line 17, in <module>\n    test_check()\n  File \"/tmp/tmpnjfpwp56.py\", line 15, in test_check\n    check(text_match_three)\n  File \"/tmp/tmpnjfpwp56.py\", line 9, in check\n    assert candidate('ac') == False\n  File \"/tmp/tmpnjfpwp56.py\", line 5, in text_match_three\n    return re.search(r'ab{3}', text)\nNameError: name 're' is not defined\n",
      "exit_code": 1,
      "status": "Exception"
    },
    {
      "program": "def text_match_three(text: str) -> bool:\n    \"\"\"\n\tWrite a function that matches a string that has an a followed by three 'b'.\n\t\"\"\"\n    pattern = re.compile(r\"ab{3}\")\n    return pattern.search(text) is not None\n\n\ndef check(candidate):\n    assert candidate('ac') == False\n    assert candidate('dc') == False\n    assert candidate('abbbba') == True\n    assert candidate('caacabbbba') == True\n\ndef test_check():\n    check(text_match_three)\n\ntest_check()\n",
      "timestamp": 1665509876,
      "stdout": "",
      "stderr": "Traceback (most recent call last):\n  File \"/tmp/tmprj2ay09a.py\", line 18, in <module>\n    test_check()\n  File \"/tmp/tmprj2ay09a.py\", line 16, in test_check\n    check(text_match_three)\n  File \"/tmp/tmprj2ay09a.py\", line 10, in check\n    assert candidate('ac') == False\n  File \"/tmp/tmprj2ay09a.py\", line 5, in text_match_three\n    pattern = re.compile(r\"ab{3}\")\nNameError: name 're' is not defined\n",
      "exit_code": 1,
      "status": "Exception"
    },
    {
      "program": "def text_match_three(text: str) -> bool:\n    \"\"\"\n\tWrite a function that matches a string that has an a followed by three 'b'.\n\t\"\"\"\n    return re.search(r\"ab{3}\", text)\n\n\ndef check(candidate):\n    assert candidate('ac') == False\n    assert candidate('dc') == False\n    assert candidate('abbbba') == True\n    assert candidate('caacabbbba') == True\n\ndef test_check():\n    check(text_match_three)\n\ntest_check()\n",
      "timestamp": 1665509876,
      "stdout": "",
      "stderr": "Traceback (most recent call last):\n  File \"/tmp/tmpssblcnc9.py\", line 17, in <module>\n    test_check()\n  File \"/tmp/tmpssblcnc9.py\", line 15, in test_check\n    check(text_match_three)\n  File \"/tmp/tmpssblcnc9.py\", line 9, in check\n    assert candidate('ac') == False\n  File \"/tmp/tmpssblcnc9.py\", line 5, in text_match_three\n    return re.search(r\"ab{3}\", text)\nNameError: name 're' is not defined\n",
      "exit_code": 1,
      "status": "Exception"
    },
    {
      "program": "def text_match_three(text: str) -> bool:\n    \"\"\"\n\tWrite a function that matches a string that has an a followed by three 'b'.\n\t\"\"\"\n    pattern = re.compile(r\"ab{3}\")\n    return bool(pattern.search(text))\n\n\ndef check(candidate):\n    assert candidate('ac') == False\n    assert candidate('dc') == False\n    assert candidate('abbbba') == True\n    assert candidate('caacabbbba') == True\n\ndef test_check():\n    check(text_match_three)\n\ntest_check()\n",
      "timestamp": 1665509876,
      "stdout": "",
      "stderr": "Traceback (most recent call last):\n  File \"/tmp/tmpjic_uulp.py\", line 18, in <module>\n    test_check()\n  File \"/tmp/tmpjic_uulp.py\", line 16, in test_check\n    check(text_match_three)\n  File \"/tmp/tmpjic_uulp.py\", line 10, in check\n    assert candidate('ac') == False\n  File \"/tmp/tmpjic_uulp.py\", line 5, in text_match_three\n    pattern = re.compile(r\"ab{3}\")\nNameError: name 're' is not defined\n",
      "exit_code": 1,
      "status": "Exception"
    },
    {
      "program": "def text_match_three(text: str) -> bool:\n    \"\"\"\n\tWrite a function that matches a string that has an a followed by three 'b'.\n\t\"\"\"\n    return re.search(r\"ab{3}\", text) is not None\n\n\ndef check(candidate):\n    assert candidate('ac') == False\n    assert candidate('dc') == False\n    assert candidate('abbbba') == True\n    assert candidate('caacabbbba') == True\n\ndef test_check():\n    check(text_match_three)\n\ntest_check()\n",
      "timestamp": 1665509876,
      "stdout": "",
      "stderr": "Traceback (most recent call last):\n  File \"/tmp/tmpxjmdkwal.py\", line 17, in <module>\n    test_check()\n  File \"/tmp/tmpxjmdkwal.py\", line 15, in test_check\n    check(text_match_three)\n  File \"/tmp/tmpxjmdkwal.py\", line 9, in check\n    assert candidate('ac') == False\n  File \"/tmp/tmpxjmdkwal.py\", line 5, in text_match_three\n    return re.search(r\"ab{3}\", text) is not None\nNameError: name 're' is not defined\n",
      "exit_code": 1,
      "status": "Exception"
    },
    {
      "program": "def text_match_three(text: str) -> bool:\n    \"\"\"\n\tWrite a function that matches a string that has an a followed by three 'b'.\n\t\"\"\"\n    return bool(re.match(r\"ab{3}\", text))\n\n\ndef check(candidate):\n    assert candidate('ac') == False\n    assert candidate('dc') == False\n    assert candidate('abbbba') == True\n    assert candidate('caacabbbba') == True\n\ndef test_check():\n    check(text_match_three)\n\ntest_check()\n",
      "timestamp": 1666122732,
      "stdout": "",
      "stderr": "Traceback (most recent call last):\n  File \"/tmp/tmpq3hey50w.py\", line 17, in <module>\n    test_check()\n  File \"/tmp/tmpq3hey50w.py\", line 15, in test_check\n    check(text_match_three)\n  File \"/tmp/tmpq3hey50w.py\", line 9, in check\n    assert candidate('ac') == False\n  File \"/tmp/tmpq3hey50w.py\", line 5, in text_match_three\n    return bool(re.match(r\"ab{3}\", text))\nNameError: name 're' is not defined\n",
      "exit_code": 1,
      "status": "Exception"
    },
    {
      "program": "def text_match_three(text: str) -> bool:\n    \"\"\"\n\tWrite a function that matches a string that has an a followed by three 'b'.\n\t\"\"\"\n    return re.search(r\"ab{3}\", text) is not None\n\n\ndef check(candidate):\n    assert candidate('ac') == False\n    assert candidate('dc') == False\n    assert candidate('abbbba') == True\n    assert candidate('caacabbbba') == True\n\ndef test_check():\n    check(text_match_three)\n\ntest_check()\n",
      "timestamp": 1665509876,
      "stdout": "",
      "stderr": "Traceback (most recent call last):\n  File \"/tmp/tmpxjmdkwal.py\", line 17, in <module>\n    test_check()\n  File \"/tmp/tmpxjmdkwal.py\", line 15, in test_check\n    check(text_match_three)\n  File \"/tmp/tmpxjmdkwal.py\", line 9, in check\n    assert candidate('ac') == False\n  File \"/tmp/tmpxjmdkwal.py\", line 5, in text_match_three\n    return re.search(r\"ab{3}\", text) is not None\nNameError: name 're' is not defined\n",
      "exit_code": 1,
      "status": "Exception"
    },
    {
      "program": "def text_match_three(text: str) -> bool:\n    \"\"\"\n\tWrite a function that matches a string that has an a followed by three 'b'.\n\t\"\"\"\n    pattern = re.compile(r'ab{3}')\n    return bool(pattern.search(text))\n\n\ndef check(candidate):\n    assert candidate('ac') == False\n    assert candidate('dc') == False\n    assert candidate('abbbba') == True\n    assert candidate('caacabbbba') == True\n\ndef test_check():\n    check(text_match_three)\n\ntest_check()\n",
      "timestamp": 1665509876,
      "stdout": "",
      "stderr": "Traceback (most recent call last):\n  File \"/tmp/tmp7ktntzkw.py\", line 18, in <module>\n    test_check()\n  File \"/tmp/tmp7ktntzkw.py\", line 16, in test_check\n    check(text_match_three)\n  File \"/tmp/tmp7ktntzkw.py\", line 10, in check\n    assert candidate('ac') == False\n  File \"/tmp/tmp7ktntzkw.py\", line 5, in text_match_three\n    pattern = re.compile(r'ab{3}')\nNameError: name 're' is not defined\n",
      "exit_code": 1,
      "status": "Exception"
    },
    {
      "program": "def text_match_three(text: str) -> bool:\n    \"\"\"\n\tWrite a function that matches a string that has an a followed by three 'b'.\n\t\"\"\"\n    return re.search(r\"ab{3}\", text) is not None\n\n\ndef check(candidate):\n    assert candidate('ac') == False\n    assert candidate('dc') == False\n    assert candidate('abbbba') == True\n    assert candidate('caacabbbba') == True\n\ndef test_check():\n    check(text_match_three)\n\ntest_check()\n",
      "timestamp": 1665509876,
      "stdout": "",
      "stderr": "Traceback (most recent call last):\n  File \"/tmp/tmpxjmdkwal.py\", line 17, in <module>\n    test_check()\n  File \"/tmp/tmpxjmdkwal.py\", line 15, in test_check\n    check(text_match_three)\n  File \"/tmp/tmpxjmdkwal.py\", line 9, in check\n    assert candidate('ac') == False\n  File \"/tmp/tmpxjmdkwal.py\", line 5, in text_match_three\n    return re.search(r\"ab{3}\", text) is not None\nNameError: name 're' is not defined\n",
      "exit_code": 1,
      "status": "Exception"
    },
    {
      "program": "def text_match_three(text: str) -> bool:\n    \"\"\"\n\tWrite a function that matches a string that has an a followed by three 'b'.\n\t\"\"\"\n    return re.match(r'^a{1}b{3}$', text)\n\n\ndef check(candidate):\n    assert candidate('ac') == False\n    assert candidate('dc') == False\n    assert candidate('abbbba') == True\n    assert candidate('caacabbbba') == True\n\ndef test_check():\n    check(text_match_three)\n\ntest_check()\n",
      "timestamp": 1666122733,
      "stdout": "",
      "stderr": "Traceback (most recent call last):\n  File \"/tmp/tmpa86w6urp.py\", line 17, in <module>\n    test_check()\n  File \"/tmp/tmpa86w6urp.py\", line 15, in test_check\n    check(text_match_three)\n  File \"/tmp/tmpa86w6urp.py\", line 9, in check\n    assert candidate('ac') == False\n  File \"/tmp/tmpa86w6urp.py\", line 5, in text_match_three\n    return re.match(r'^a{1}b{3}$', text)\nNameError: name 're' is not defined\n",
      "exit_code": 1,
      "status": "Exception"
    },
    {
      "program": "def text_match_three(text: str) -> bool:\n    \"\"\"\n\tWrite a function that matches a string that has an a followed by three 'b'.\n\t\"\"\"\n    return re.search(r\"ab{3}\", text)\n\n\ndef check(candidate):\n    assert candidate('ac') == False\n    assert candidate('dc') == False\n    assert candidate('abbbba') == True\n    assert candidate('caacabbbba') == True\n\ndef test_check():\n    check(text_match_three)\n\ntest_check()\n",
      "timestamp": 1665509876,
      "stdout": "",
      "stderr": "Traceback (most recent call last):\n  File \"/tmp/tmpssblcnc9.py\", line 17, in <module>\n    test_check()\n  File \"/tmp/tmpssblcnc9.py\", line 15, in test_check\n    check(text_match_three)\n  File \"/tmp/tmpssblcnc9.py\", line 9, in check\n    assert candidate('ac') == False\n  File \"/tmp/tmpssblcnc9.py\", line 5, in text_match_three\n    return re.search(r\"ab{3}\", text)\nNameError: name 're' is not defined\n",
      "exit_code": 1,
      "status": "Exception"
    },
    {
      "program": "def text_match_three(text: str) -> bool:\n    \"\"\"\n\tWrite a function that matches a string that has an a followed by three 'b'.\n\t\"\"\"\n    return re.search(r\"ab{3}\", text) is not None\n\n\ndef check(candidate):\n    assert candidate('ac') == False\n    assert candidate('dc') == False\n    assert candidate('abbbba') == True\n    assert candidate('caacabbbba') == True\n\ndef test_check():\n    check(text_match_three)\n\ntest_check()\n",
      "timestamp": 1665509876,
      "stdout": "",
      "stderr": "Traceback (most recent call last):\n  File \"/tmp/tmpxjmdkwal.py\", line 17, in <module>\n    test_check()\n  File \"/tmp/tmpxjmdkwal.py\", line 15, in test_check\n    check(text_match_three)\n  File \"/tmp/tmpxjmdkwal.py\", line 9, in check\n    assert candidate('ac') == False\n  File \"/tmp/tmpxjmdkwal.py\", line 5, in text_match_three\n    return re.search(r\"ab{3}\", text) is not None\nNameError: name 're' is not defined\n",
      "exit_code": 1,
      "status": "Exception"
    },
    {
      "program": "def text_match_three(text: str) -> bool:\n    \"\"\"\n\tWrite a function that matches a string that has an a followed by three 'b'.\n\t\"\"\"\n    return re.search(r\"ab{3}\", text) is not None\n\n\ndef check(candidate):\n    assert candidate('ac') == False\n    assert candidate('dc') == False\n    assert candidate('abbbba') == True\n    assert candidate('caacabbbba') == True\n\ndef test_check():\n    check(text_match_three)\n\ntest_check()\n",
      "timestamp": 1665509876,
      "stdout": "",
      "stderr": "Traceback (most recent call last):\n  File \"/tmp/tmpxjmdkwal.py\", line 17, in <module>\n    test_check()\n  File \"/tmp/tmpxjmdkwal.py\", line 15, in test_check\n    check(text_match_three)\n  File \"/tmp/tmpxjmdkwal.py\", line 9, in check\n    assert candidate('ac') == False\n  File \"/tmp/tmpxjmdkwal.py\", line 5, in text_match_three\n    return re.search(r\"ab{3}\", text) is not None\nNameError: name 're' is not defined\n",
      "exit_code": 1,
      "status": "Exception"
    },
    {
      "program": "def text_match_three(text: str) -> bool:\n    \"\"\"\n\tWrite a function that matches a string that has an a followed by three 'b'.\n\t\"\"\"\n    return re.search(r\"ab{3}\", text) is not None\n\n\ndef check(candidate):\n    assert candidate('ac') == False\n    assert candidate('dc') == False\n    assert candidate('abbbba') == True\n    assert candidate('caacabbbba') == True\n\ndef test_check():\n    check(text_match_three)\n\ntest_check()\n",
      "timestamp": 1665509876,
      "stdout": "",
      "stderr": "Traceback (most recent call last):\n  File \"/tmp/tmpxjmdkwal.py\", line 17, in <module>\n    test_check()\n  File \"/tmp/tmpxjmdkwal.py\", line 15, in test_check\n    check(text_match_three)\n  File \"/tmp/tmpxjmdkwal.py\", line 9, in check\n    assert candidate('ac') == False\n  File \"/tmp/tmpxjmdkwal.py\", line 5, in text_match_three\n    return re.search(r\"ab{3}\", text) is not None\nNameError: name 're' is not defined\n",
      "exit_code": 1,
      "status": "Exception"
    },
    {
      "program": "def text_match_three(text: str) -> bool:\n    \"\"\"\n\tWrite a function that matches a string that has an a followed by three 'b'.\n\t\"\"\"\n    pattern = re.compile(r\"ab{3}\")\n    return bool(pattern.search(text))\n\n\ndef check(candidate):\n    assert candidate('ac') == False\n    assert candidate('dc') == False\n    assert candidate('abbbba') == True\n    assert candidate('caacabbbba') == True\n\ndef test_check():\n    check(text_match_three)\n\ntest_check()\n",
      "timestamp": 1665509876,
      "stdout": "",
      "stderr": "Traceback (most recent call last):\n  File \"/tmp/tmpjic_uulp.py\", line 18, in <module>\n    test_check()\n  File \"/tmp/tmpjic_uulp.py\", line 16, in test_check\n    check(text_match_three)\n  File \"/tmp/tmpjic_uulp.py\", line 10, in check\n    assert candidate('ac') == False\n  File \"/tmp/tmpjic_uulp.py\", line 5, in text_match_three\n    pattern = re.compile(r\"ab{3}\")\nNameError: name 're' is not defined\n",
      "exit_code": 1,
      "status": "Exception"
    },
    {
      "program": "def text_match_three(text: str) -> bool:\n    \"\"\"\n\tWrite a function that matches a string that has an a followed by three 'b'.\n\t\"\"\"\n    return re.search(r\"ab{3}\", text) is not None\n\n\ndef check(candidate):\n    assert candidate('ac') == False\n    assert candidate('dc') == False\n    assert candidate('abbbba') == True\n    assert candidate('caacabbbba') == True\n\ndef test_check():\n    check(text_match_three)\n\ntest_check()\n",
      "timestamp": 1665509876,
      "stdout": "",
      "stderr": "Traceback (most recent call last):\n  File \"/tmp/tmpxjmdkwal.py\", line 17, in <module>\n    test_check()\n  File \"/tmp/tmpxjmdkwal.py\", line 15, in test_check\n    check(text_match_three)\n  File \"/tmp/tmpxjmdkwal.py\", line 9, in check\n    assert candidate('ac') == False\n  File \"/tmp/tmpxjmdkwal.py\", line 5, in text_match_three\n    return re.search(r\"ab{3}\", text) is not None\nNameError: name 're' is not defined\n",
      "exit_code": 1,
      "status": "Exception"
    },
    {
      "program": "def text_match_three(text: str) -> bool:\n    \"\"\"\n\tWrite a function that matches a string that has an a followed by three 'b'.\n\t\"\"\"\n    pattern = re.compile(r\"ab{3}\")\n    return bool(pattern.search(text))\n\n\ndef check(candidate):\n    assert candidate('ac') == False\n    assert candidate('dc') == False\n    assert candidate('abbbba') == True\n    assert candidate('caacabbbba') == True\n\ndef test_check():\n    check(text_match_three)\n\ntest_check()\n",
      "timestamp": 1665509876,
      "stdout": "",
      "stderr": "Traceback (most recent call last):\n  File \"/tmp/tmpjic_uulp.py\", line 18, in <module>\n    test_check()\n  File \"/tmp/tmpjic_uulp.py\", line 16, in test_check\n    check(text_match_three)\n  File \"/tmp/tmpjic_uulp.py\", line 10, in check\n    assert candidate('ac') == False\n  File \"/tmp/tmpjic_uulp.py\", line 5, in text_match_three\n    pattern = re.compile(r\"ab{3}\")\nNameError: name 're' is not defined\n",
      "exit_code": 1,
      "status": "Exception"
    },
    {
      "program": "def text_match_three(text: str) -> bool:\n    \"\"\"\n\tWrite a function that matches a string that has an a followed by three 'b'.\n\t\"\"\"\n    return re.search(r\"ab{3}\", text) is not None\n\n\ndef check(candidate):\n    assert candidate('ac') == False\n    assert candidate('dc') == False\n    assert candidate('abbbba') == True\n    assert candidate('caacabbbba') == True\n\ndef test_check():\n    check(text_match_three)\n\ntest_check()\n",
      "timestamp": 1665509876,
      "stdout": "",
      "stderr": "Traceback (most recent call last):\n  File \"/tmp/tmpxjmdkwal.py\", line 17, in <module>\n    test_check()\n  File \"/tmp/tmpxjmdkwal.py\", line 15, in test_check\n    check(text_match_three)\n  File \"/tmp/tmpxjmdkwal.py\", line 9, in check\n    assert candidate('ac') == False\n  File \"/tmp/tmpxjmdkwal.py\", line 5, in text_match_three\n    return re.search(r\"ab{3}\", text) is not None\nNameError: name 're' is not defined\n",
      "exit_code": 1,
      "status": "Exception"
    },
    {
      "program": "def text_match_three(text: str) -> bool:\n    \"\"\"\n\tWrite a function that matches a string that has an a followed by three 'b'.\n\t\"\"\"\n    return re.search(r'ab{3}', text) is not None\n\n\ndef check(candidate):\n    assert candidate('ac') == False\n    assert candidate('dc') == False\n    assert candidate('abbbba') == True\n    assert candidate('caacabbbba') == True\n\ndef test_check():\n    check(text_match_three)\n\ntest_check()\n",
      "timestamp": 1665509876,
      "stdout": "",
      "stderr": "Traceback (most recent call last):\n  File \"/tmp/tmpo83mttb5.py\", line 17, in <module>\n    test_check()\n  File \"/tmp/tmpo83mttb5.py\", line 15, in test_check\n    check(text_match_three)\n  File \"/tmp/tmpo83mttb5.py\", line 9, in check\n    assert candidate('ac') == False\n  File \"/tmp/tmpo83mttb5.py\", line 5, in text_match_three\n    return re.search(r'ab{3}', text) is not None\nNameError: name 're' is not defined\n",
      "exit_code": 1,
      "status": "Exception"
    },
    {
      "program": "def text_match_three(text: str) -> bool:\n    \"\"\"\n\tWrite a function that matches a string that has an a followed by three 'b'.\n\t\"\"\"\n    return re.search(r'ab{3}', text)\n\n\ndef check(candidate):\n    assert candidate('ac') == False\n    assert candidate('dc') == False\n    assert candidate('abbbba') == True\n    assert candidate('caacabbbba') == True\n\ndef test_check():\n    check(text_match_three)\n\ntest_check()\n",
      "timestamp": 1665509876,
      "stdout": "",
      "stderr": "Traceback (most recent call last):\n  File \"/tmp/tmpnjfpwp56.py\", line 17, in <module>\n    test_check()\n  File \"/tmp/tmpnjfpwp56.py\", line 15, in test_check\n    check(text_match_three)\n  File \"/tmp/tmpnjfpwp56.py\", line 9, in check\n    assert candidate('ac') == False\n  File \"/tmp/tmpnjfpwp56.py\", line 5, in text_match_three\n    return re.search(r'ab{3}', text)\nNameError: name 're' is not defined\n",
      "exit_code": 1,
      "status": "Exception"
    },
    {
      "program": "def text_match_three(text: str) -> bool:\n    \"\"\"\n\tWrite a function that matches a string that has an a followed by three 'b'.\n\t\"\"\"\n    return re.search(r\"ab{3}\", text)\n\n\ndef check(candidate):\n    assert candidate('ac') == False\n    assert candidate('dc') == False\n    assert candidate('abbbba') == True\n    assert candidate('caacabbbba') == True\n\ndef test_check():\n    check(text_match_three)\n\ntest_check()\n",
      "timestamp": 1665509876,
      "stdout": "",
      "stderr": "Traceback (most recent call last):\n  File \"/tmp/tmpssblcnc9.py\", line 17, in <module>\n    test_check()\n  File \"/tmp/tmpssblcnc9.py\", line 15, in test_check\n    check(text_match_three)\n  File \"/tmp/tmpssblcnc9.py\", line 9, in check\n    assert candidate('ac') == False\n  File \"/tmp/tmpssblcnc9.py\", line 5, in text_match_three\n    return re.search(r\"ab{3}\", text)\nNameError: name 're' is not defined\n",
      "exit_code": 1,
      "status": "Exception"
    },
    {
      "program": "def text_match_three(text: str) -> bool:\n    \"\"\"\n\tWrite a function that matches a string that has an a followed by three 'b'.\n\t\"\"\"\n    return re.search(r\"ab{3}\", text)\n\n\ndef check(candidate):\n    assert candidate('ac') == False\n    assert candidate('dc') == False\n    assert candidate('abbbba') == True\n    assert candidate('caacabbbba') == True\n\ndef test_check():\n    check(text_match_three)\n\ntest_check()\n",
      "timestamp": 1665509876,
      "stdout": "",
      "stderr": "Traceback (most recent call last):\n  File \"/tmp/tmpssblcnc9.py\", line 17, in <module>\n    test_check()\n  File \"/tmp/tmpssblcnc9.py\", line 15, in test_check\n    check(text_match_three)\n  File \"/tmp/tmpssblcnc9.py\", line 9, in check\n    assert candidate('ac') == False\n  File \"/tmp/tmpssblcnc9.py\", line 5, in text_match_three\n    return re.search(r\"ab{3}\", text)\nNameError: name 're' is not defined\n",
      "exit_code": 1,
      "status": "Exception"
    },
    {
      "program": "def text_match_three(text: str) -> bool:\n    \"\"\"\n\tWrite a function that matches a string that has an a followed by three 'b'.\n\t\"\"\"\n    pattern = re.compile(r'ab{3}')\n    return bool(pattern.search(text))\n\n\ndef check(candidate):\n    assert candidate('ac') == False\n    assert candidate('dc') == False\n    assert candidate('abbbba') == True\n    assert candidate('caacabbbba') == True\n\ndef test_check():\n    check(text_match_three)\n\ntest_check()\n",
      "timestamp": 1665509876,
      "stdout": "",
      "stderr": "Traceback (most recent call last):\n  File \"/tmp/tmp7ktntzkw.py\", line 18, in <module>\n    test_check()\n  File \"/tmp/tmp7ktntzkw.py\", line 16, in test_check\n    check(text_match_three)\n  File \"/tmp/tmp7ktntzkw.py\", line 10, in check\n    assert candidate('ac') == False\n  File \"/tmp/tmp7ktntzkw.py\", line 5, in text_match_three\n    pattern = re.compile(r'ab{3}')\nNameError: name 're' is not defined\n",
      "exit_code": 1,
      "status": "Exception"
    },
    {
      "program": "def text_match_three(text: str) -> bool:\n    \"\"\"\n\tWrite a function that matches a string that has an a followed by three 'b'.\n\t\"\"\"\n    pattern = re.compile(r'ab{3}')\n    return bool(pattern.match(text))\n\n\ndef check(candidate):\n    assert candidate('ac') == False\n    assert candidate('dc') == False\n    assert candidate('abbbba') == True\n    assert candidate('caacabbbba') == True\n\ndef test_check():\n    check(text_match_three)\n\ntest_check()\n",
      "timestamp": 1665509876,
      "stdout": "",
      "stderr": "Traceback (most recent call last):\n  File \"/tmp/tmpuo0e19n3.py\", line 18, in <module>\n    test_check()\n  File \"/tmp/tmpuo0e19n3.py\", line 16, in test_check\n    check(text_match_three)\n  File \"/tmp/tmpuo0e19n3.py\", line 10, in check\n    assert candidate('ac') == False\n  File \"/tmp/tmpuo0e19n3.py\", line 5, in text_match_three\n    pattern = re.compile(r'ab{3}')\nNameError: name 're' is not defined\n",
      "exit_code": 1,
      "status": "Exception"
    },
    {
      "program": "def text_match_three(text: str) -> bool:\n    \"\"\"\n\tWrite a function that matches a string that has an a followed by three 'b'.\n\t\"\"\"\n    pattern = re.compile(r\"ab{3}\")\n    return bool(pattern.search(text))\n\n\ndef check(candidate):\n    assert candidate('ac') == False\n    assert candidate('dc') == False\n    assert candidate('abbbba') == True\n    assert candidate('caacabbbba') == True\n\ndef test_check():\n    check(text_match_three)\n\ntest_check()\n",
      "timestamp": 1665509876,
      "stdout": "",
      "stderr": "Traceback (most recent call last):\n  File \"/tmp/tmpjic_uulp.py\", line 18, in <module>\n    test_check()\n  File \"/tmp/tmpjic_uulp.py\", line 16, in test_check\n    check(text_match_three)\n  File \"/tmp/tmpjic_uulp.py\", line 10, in check\n    assert candidate('ac') == False\n  File \"/tmp/tmpjic_uulp.py\", line 5, in text_match_three\n    pattern = re.compile(r\"ab{3}\")\nNameError: name 're' is not defined\n",
      "exit_code": 1,
      "status": "Exception"
    },
    {
      "program": "def text_match_three(text: str) -> bool:\n    \"\"\"\n\tWrite a function that matches a string that has an a followed by three 'b'.\n\t\"\"\"\n    return re.search(r\"ab{3}\", text) is not None\n\n\ndef check(candidate):\n    assert candidate('ac') == False\n    assert candidate('dc') == False\n    assert candidate('abbbba') == True\n    assert candidate('caacabbbba') == True\n\ndef test_check():\n    check(text_match_three)\n\ntest_check()\n",
      "timestamp": 1665509876,
      "stdout": "",
      "stderr": "Traceback (most recent call last):\n  File \"/tmp/tmpxjmdkwal.py\", line 17, in <module>\n    test_check()\n  File \"/tmp/tmpxjmdkwal.py\", line 15, in test_check\n    check(text_match_three)\n  File \"/tmp/tmpxjmdkwal.py\", line 9, in check\n    assert candidate('ac') == False\n  File \"/tmp/tmpxjmdkwal.py\", line 5, in text_match_three\n    return re.search(r\"ab{3}\", text) is not None\nNameError: name 're' is not defined\n",
      "exit_code": 1,
      "status": "Exception"
    },
    {
      "program": "def text_match_three(text: str) -> bool:\n    \"\"\"\n\tWrite a function that matches a string that has an a followed by three 'b'.\n\t\"\"\"\n    pattern = re.compile(r\"ab{3}\")\n    return bool(pattern.search(text))\n\n\ndef check(candidate):\n    assert candidate('ac') == False\n    assert candidate('dc') == False\n    assert candidate('abbbba') == True\n    assert candidate('caacabbbba') == True\n\ndef test_check():\n    check(text_match_three)\n\ntest_check()\n",
      "timestamp": 1665509876,
      "stdout": "",
      "stderr": "Traceback (most recent call last):\n  File \"/tmp/tmpjic_uulp.py\", line 18, in <module>\n    test_check()\n  File \"/tmp/tmpjic_uulp.py\", line 16, in test_check\n    check(text_match_three)\n  File \"/tmp/tmpjic_uulp.py\", line 10, in check\n    assert candidate('ac') == False\n  File \"/tmp/tmpjic_uulp.py\", line 5, in text_match_three\n    pattern = re.compile(r\"ab{3}\")\nNameError: name 're' is not defined\n",
      "exit_code": 1,
      "status": "Exception"
    },
    {
      "program": "def text_match_three(text: str) -> bool:\n    \"\"\"\n\tWrite a function that matches a string that has an a followed by three 'b'.\n\t\"\"\"\n    return re.search(r\"ab{3}\", text)\n\n\ndef check(candidate):\n    assert candidate('ac') == False\n    assert candidate('dc') == False\n    assert candidate('abbbba') == True\n    assert candidate('caacabbbba') == True\n\ndef test_check():\n    check(text_match_three)\n\ntest_check()\n",
      "timestamp": 1665509876,
      "stdout": "",
      "stderr": "Traceback (most recent call last):\n  File \"/tmp/tmpssblcnc9.py\", line 17, in <module>\n    test_check()\n  File \"/tmp/tmpssblcnc9.py\", line 15, in test_check\n    check(text_match_three)\n  File \"/tmp/tmpssblcnc9.py\", line 9, in check\n    assert candidate('ac') == False\n  File \"/tmp/tmpssblcnc9.py\", line 5, in text_match_three\n    return re.search(r\"ab{3}\", text)\nNameError: name 're' is not defined\n",
      "exit_code": 1,
      "status": "Exception"
    },
    {
      "program": "def text_match_three(text: str) -> bool:\n    \"\"\"\n\tWrite a function that matches a string that has an a followed by three 'b'.\n\t\"\"\"\n    return re.search(r\"ab{3}\", text)\n\n\ndef check(candidate):\n    assert candidate('ac') == False\n    assert candidate('dc') == False\n    assert candidate('abbbba') == True\n    assert candidate('caacabbbba') == True\n\ndef test_check():\n    check(text_match_three)\n\ntest_check()\n",
      "timestamp": 1665509876,
      "stdout": "",
      "stderr": "Traceback (most recent call last):\n  File \"/tmp/tmpssblcnc9.py\", line 17, in <module>\n    test_check()\n  File \"/tmp/tmpssblcnc9.py\", line 15, in test_check\n    check(text_match_three)\n  File \"/tmp/tmpssblcnc9.py\", line 9, in check\n    assert candidate('ac') == False\n  File \"/tmp/tmpssblcnc9.py\", line 5, in text_match_three\n    return re.search(r\"ab{3}\", text)\nNameError: name 're' is not defined\n",
      "exit_code": 1,
      "status": "Exception"
    },
    {
      "program": "def text_match_three(text: str) -> bool:\n    \"\"\"\n\tWrite a function that matches a string that has an a followed by three 'b'.\n\t\"\"\"\n    pattern = re.compile(r\"ab{3}\")\n    return bool(pattern.match(text))\n\n\ndef check(candidate):\n    assert candidate('ac') == False\n    assert candidate('dc') == False\n    assert candidate('abbbba') == True\n    assert candidate('caacabbbba') == True\n\ndef test_check():\n    check(text_match_three)\n\ntest_check()\n",
      "timestamp": 1665509876,
      "stdout": "",
      "stderr": "Traceback (most recent call last):\n  File \"/tmp/tmpc_1czqwh.py\", line 18, in <module>\n    test_check()\n  File \"/tmp/tmpc_1czqwh.py\", line 16, in test_check\n    check(text_match_three)\n  File \"/tmp/tmpc_1czqwh.py\", line 10, in check\n    assert candidate('ac') == False\n  File \"/tmp/tmpc_1czqwh.py\", line 5, in text_match_three\n    pattern = re.compile(r\"ab{3}\")\nNameError: name 're' is not defined\n",
      "exit_code": 1,
      "status": "Exception"
    },
    {
      "program": "def text_match_three(text: str) -> bool:\n    \"\"\"\n\tWrite a function that matches a string that has an a followed by three 'b'.\n\t\"\"\"\n    return re.search(r\"ab{3}\", text) is not None\n\n\ndef check(candidate):\n    assert candidate('ac') == False\n    assert candidate('dc') == False\n    assert candidate('abbbba') == True\n    assert candidate('caacabbbba') == True\n\ndef test_check():\n    check(text_match_three)\n\ntest_check()\n",
      "timestamp": 1665509876,
      "stdout": "",
      "stderr": "Traceback (most recent call last):\n  File \"/tmp/tmpxjmdkwal.py\", line 17, in <module>\n    test_check()\n  File \"/tmp/tmpxjmdkwal.py\", line 15, in test_check\n    check(text_match_three)\n  File \"/tmp/tmpxjmdkwal.py\", line 9, in check\n    assert candidate('ac') == False\n  File \"/tmp/tmpxjmdkwal.py\", line 5, in text_match_three\n    return re.search(r\"ab{3}\", text) is not None\nNameError: name 're' is not defined\n",
      "exit_code": 1,
      "status": "Exception"
    },
    {
      "program": "def text_match_three(text: str) -> bool:\n    \"\"\"\n\tWrite a function that matches a string that has an a followed by three 'b'.\n\t\"\"\"\n    return re.search(r\"ab{3}\", text)\n\n\ndef check(candidate):\n    assert candidate('ac') == False\n    assert candidate('dc') == False\n    assert candidate('abbbba') == True\n    assert candidate('caacabbbba') == True\n\ndef test_check():\n    check(text_match_three)\n\ntest_check()\n",
      "timestamp": 1665509876,
      "stdout": "",
      "stderr": "Traceback (most recent call last):\n  File \"/tmp/tmpssblcnc9.py\", line 17, in <module>\n    test_check()\n  File \"/tmp/tmpssblcnc9.py\", line 15, in test_check\n    check(text_match_three)\n  File \"/tmp/tmpssblcnc9.py\", line 9, in check\n    assert candidate('ac') == False\n  File \"/tmp/tmpssblcnc9.py\", line 5, in text_match_three\n    return re.search(r\"ab{3}\", text)\nNameError: name 're' is not defined\n",
      "exit_code": 1,
      "status": "Exception"
    },
    {
      "program": "def text_match_three(text: str) -> bool:\n    \"\"\"\n\tWrite a function that matches a string that has an a followed by three 'b'.\n\t\"\"\"\n    return re.search(r\"ab{3}\", text) is not None\n\n\ndef check(candidate):\n    assert candidate('ac') == False\n    assert candidate('dc') == False\n    assert candidate('abbbba') == True\n    assert candidate('caacabbbba') == True\n\ndef test_check():\n    check(text_match_three)\n\ntest_check()\n",
      "timestamp": 1665509876,
      "stdout": "",
      "stderr": "Traceback (most recent call last):\n  File \"/tmp/tmpxjmdkwal.py\", line 17, in <module>\n    test_check()\n  File \"/tmp/tmpxjmdkwal.py\", line 15, in test_check\n    check(text_match_three)\n  File \"/tmp/tmpxjmdkwal.py\", line 9, in check\n    assert candidate('ac') == False\n  File \"/tmp/tmpxjmdkwal.py\", line 5, in text_match_three\n    return re.search(r\"ab{3}\", text) is not None\nNameError: name 're' is not defined\n",
      "exit_code": 1,
      "status": "Exception"
    },
    {
      "program": "def text_match_three(text: str) -> bool:\n    \"\"\"\n\tWrite a function that matches a string that has an a followed by three 'b'.\n\t\"\"\"\n    return bool(re.match(r'ab{3}', text))\n\n\ndef check(candidate):\n    assert candidate('ac') == False\n    assert candidate('dc') == False\n    assert candidate('abbbba') == True\n    assert candidate('caacabbbba') == True\n\ndef test_check():\n    check(text_match_three)\n\ntest_check()\n",
      "timestamp": 1665509876,
      "stdout": "",
      "stderr": "Traceback (most recent call last):\n  File \"/tmp/tmpces1z652.py\", line 17, in <module>\n    test_check()\n  File \"/tmp/tmpces1z652.py\", line 15, in test_check\n    check(text_match_three)\n  File \"/tmp/tmpces1z652.py\", line 9, in check\n    assert candidate('ac') == False\n  File \"/tmp/tmpces1z652.py\", line 5, in text_match_three\n    return bool(re.match(r'ab{3}', text))\nNameError: name 're' is not defined\n",
      "exit_code": 1,
      "status": "Exception"
    },
    {
      "program": "def text_match_three(text: str) -> bool:\n    \"\"\"\n\tWrite a function that matches a string that has an a followed by three 'b'.\n\t\"\"\"\n    pattern = re.compile(r\"ab{3}\")\n    return bool(pattern.search(text))\n\n\ndef check(candidate):\n    assert candidate('ac') == False\n    assert candidate('dc') == False\n    assert candidate('abbbba') == True\n    assert candidate('caacabbbba') == True\n\ndef test_check():\n    check(text_match_three)\n\ntest_check()\n",
      "timestamp": 1665509876,
      "stdout": "",
      "stderr": "Traceback (most recent call last):\n  File \"/tmp/tmpjic_uulp.py\", line 18, in <module>\n    test_check()\n  File \"/tmp/tmpjic_uulp.py\", line 16, in test_check\n    check(text_match_three)\n  File \"/tmp/tmpjic_uulp.py\", line 10, in check\n    assert candidate('ac') == False\n  File \"/tmp/tmpjic_uulp.py\", line 5, in text_match_three\n    pattern = re.compile(r\"ab{3}\")\nNameError: name 're' is not defined\n",
      "exit_code": 1,
      "status": "Exception"
    },
    {
      "program": "def text_match_three(text: str) -> bool:\n    \"\"\"\n\tWrite a function that matches a string that has an a followed by three 'b'.\n\t\"\"\"\n    pattern = re.compile(r'ab{3}')\n    return bool(pattern.search(text))\n\n\ndef check(candidate):\n    assert candidate('ac') == False\n    assert candidate('dc') == False\n    assert candidate('abbbba') == True\n    assert candidate('caacabbbba') == True\n\ndef test_check():\n    check(text_match_three)\n\ntest_check()\n",
      "timestamp": 1665509876,
      "stdout": "",
      "stderr": "Traceback (most recent call last):\n  File \"/tmp/tmp7ktntzkw.py\", line 18, in <module>\n    test_check()\n  File \"/tmp/tmp7ktntzkw.py\", line 16, in test_check\n    check(text_match_three)\n  File \"/tmp/tmp7ktntzkw.py\", line 10, in check\n    assert candidate('ac') == False\n  File \"/tmp/tmp7ktntzkw.py\", line 5, in text_match_three\n    pattern = re.compile(r'ab{3}')\nNameError: name 're' is not defined\n",
      "exit_code": 1,
      "status": "Exception"
    },
    {
      "program": "def text_match_three(text: str) -> bool:\n    \"\"\"\n\tWrite a function that matches a string that has an a followed by three 'b'.\n\t\"\"\"\n    pattern = re.compile(r\"ab{3}\")\n    return bool(pattern.search(text))\n\n\ndef check(candidate):\n    assert candidate('ac') == False\n    assert candidate('dc') == False\n    assert candidate('abbbba') == True\n    assert candidate('caacabbbba') == True\n\ndef test_check():\n    check(text_match_three)\n\ntest_check()\n",
      "timestamp": 1665509876,
      "stdout": "",
      "stderr": "Traceback (most recent call last):\n  File \"/tmp/tmpjic_uulp.py\", line 18, in <module>\n    test_check()\n  File \"/tmp/tmpjic_uulp.py\", line 16, in test_check\n    check(text_match_three)\n  File \"/tmp/tmpjic_uulp.py\", line 10, in check\n    assert candidate('ac') == False\n  File \"/tmp/tmpjic_uulp.py\", line 5, in text_match_three\n    pattern = re.compile(r\"ab{3}\")\nNameError: name 're' is not defined\n",
      "exit_code": 1,
      "status": "Exception"
    },
    {
      "program": "def text_match_three(text: str) -> bool:\n    \"\"\"\n\tWrite a function that matches a string that has an a followed by three 'b'.\n\t\"\"\"\n    return re.search(r\"ab{3}\", text) is not None\n\n\ndef check(candidate):\n    assert candidate('ac') == False\n    assert candidate('dc') == False\n    assert candidate('abbbba') == True\n    assert candidate('caacabbbba') == True\n\ndef test_check():\n    check(text_match_three)\n\ntest_check()\n",
      "timestamp": 1665509876,
      "stdout": "",
      "stderr": "Traceback (most recent call last):\n  File \"/tmp/tmpxjmdkwal.py\", line 17, in <module>\n    test_check()\n  File \"/tmp/tmpxjmdkwal.py\", line 15, in test_check\n    check(text_match_three)\n  File \"/tmp/tmpxjmdkwal.py\", line 9, in check\n    assert candidate('ac') == False\n  File \"/tmp/tmpxjmdkwal.py\", line 5, in text_match_three\n    return re.search(r\"ab{3}\", text) is not None\nNameError: name 're' is not defined\n",
      "exit_code": 1,
      "status": "Exception"
    },
    {
      "program": "def text_match_three(text: str) -> bool:\n    \"\"\"\n\tWrite a function that matches a string that has an a followed by three 'b'.\n\t\"\"\"\n    return re.search(r\"ab{3}\", text) is not None\n\n\ndef check(candidate):\n    assert candidate('ac') == False\n    assert candidate('dc') == False\n    assert candidate('abbbba') == True\n    assert candidate('caacabbbba') == True\n\ndef test_check():\n    check(text_match_three)\n\ntest_check()\n",
      "timestamp": 1665509876,
      "stdout": "",
      "stderr": "Traceback (most recent call last):\n  File \"/tmp/tmpxjmdkwal.py\", line 17, in <module>\n    test_check()\n  File \"/tmp/tmpxjmdkwal.py\", line 15, in test_check\n    check(text_match_three)\n  File \"/tmp/tmpxjmdkwal.py\", line 9, in check\n    assert candidate('ac') == False\n  File \"/tmp/tmpxjmdkwal.py\", line 5, in text_match_three\n    return re.search(r\"ab{3}\", text) is not None\nNameError: name 're' is not defined\n",
      "exit_code": 1,
      "status": "Exception"
    },
    {
      "program": "def text_match_three(text: str) -> bool:\n    \"\"\"\n\tWrite a function that matches a string that has an a followed by three 'b'.\n\t\"\"\"\n    return bool(re.match(r'ab{3}', text))\n\n\ndef check(candidate):\n    assert candidate('ac') == False\n    assert candidate('dc') == False\n    assert candidate('abbbba') == True\n    assert candidate('caacabbbba') == True\n\ndef test_check():\n    check(text_match_three)\n\ntest_check()\n",
      "timestamp": 1665509876,
      "stdout": "",
      "stderr": "Traceback (most recent call last):\n  File \"/tmp/tmpces1z652.py\", line 17, in <module>\n    test_check()\n  File \"/tmp/tmpces1z652.py\", line 15, in test_check\n    check(text_match_three)\n  File \"/tmp/tmpces1z652.py\", line 9, in check\n    assert candidate('ac') == False\n  File \"/tmp/tmpces1z652.py\", line 5, in text_match_three\n    return bool(re.match(r'ab{3}', text))\nNameError: name 're' is not defined\n",
      "exit_code": 1,
      "status": "Exception"
    },
    {
      "program": "def text_match_three(text: str) -> bool:\n    \"\"\"\n\tWrite a function that matches a string that has an a followed by three 'b'.\n\t\"\"\"\n    return re.search(r\"ab{3}\", text) is not None\n\n\ndef check(candidate):\n    assert candidate('ac') == False\n    assert candidate('dc') == False\n    assert candidate('abbbba') == True\n    assert candidate('caacabbbba') == True\n\ndef test_check():\n    check(text_match_three)\n\ntest_check()\n",
      "timestamp": 1665509876,
      "stdout": "",
      "stderr": "Traceback (most recent call last):\n  File \"/tmp/tmpxjmdkwal.py\", line 17, in <module>\n    test_check()\n  File \"/tmp/tmpxjmdkwal.py\", line 15, in test_check\n    check(text_match_three)\n  File \"/tmp/tmpxjmdkwal.py\", line 9, in check\n    assert candidate('ac') == False\n  File \"/tmp/tmpxjmdkwal.py\", line 5, in text_match_three\n    return re.search(r\"ab{3}\", text) is not None\nNameError: name 're' is not defined\n",
      "exit_code": 1,
      "status": "Exception"
    },
    {
      "program": "def text_match_three(text: str) -> bool:\n    \"\"\"\n\tWrite a function that matches a string that has an a followed by three 'b'.\n\t\"\"\"\n    pattern = re.compile(r\"ab{3}\")\n    return bool(pattern.match(text))\n\n\ndef check(candidate):\n    assert candidate('ac') == False\n    assert candidate('dc') == False\n    assert candidate('abbbba') == True\n    assert candidate('caacabbbba') == True\n\ndef test_check():\n    check(text_match_three)\n\ntest_check()\n",
      "timestamp": 1665509876,
      "stdout": "",
      "stderr": "Traceback (most recent call last):\n  File \"/tmp/tmpc_1czqwh.py\", line 18, in <module>\n    test_check()\n  File \"/tmp/tmpc_1czqwh.py\", line 16, in test_check\n    check(text_match_three)\n  File \"/tmp/tmpc_1czqwh.py\", line 10, in check\n    assert candidate('ac') == False\n  File \"/tmp/tmpc_1czqwh.py\", line 5, in text_match_three\n    pattern = re.compile(r\"ab{3}\")\nNameError: name 're' is not defined\n",
      "exit_code": 1,
      "status": "Exception"
    },
    {
      "program": "def text_match_three(text: str) -> bool:\n    \"\"\"\n\tWrite a function that matches a string that has an a followed by three 'b'.\n\t\"\"\"\n    pattern = re.compile(r\"ab{3}\")\n    return bool(pattern.match(text))\n\n\ndef check(candidate):\n    assert candidate('ac') == False\n    assert candidate('dc') == False\n    assert candidate('abbbba') == True\n    assert candidate('caacabbbba') == True\n\ndef test_check():\n    check(text_match_three)\n\ntest_check()\n",
      "timestamp": 1665509876,
      "stdout": "",
      "stderr": "Traceback (most recent call last):\n  File \"/tmp/tmpc_1czqwh.py\", line 18, in <module>\n    test_check()\n  File \"/tmp/tmpc_1czqwh.py\", line 16, in test_check\n    check(text_match_three)\n  File \"/tmp/tmpc_1czqwh.py\", line 10, in check\n    assert candidate('ac') == False\n  File \"/tmp/tmpc_1czqwh.py\", line 5, in text_match_three\n    pattern = re.compile(r\"ab{3}\")\nNameError: name 're' is not defined\n",
      "exit_code": 1,
      "status": "Exception"
    },
    {
      "program": "def text_match_three(text: str) -> bool:\n    \"\"\"\n\tWrite a function that matches a string that has an a followed by three 'b'.\n\t\"\"\"\n    return bool(re.match(r\"ab{3}\", text))\n\n\ndef check(candidate):\n    assert candidate('ac') == False\n    assert candidate('dc') == False\n    assert candidate('abbbba') == True\n    assert candidate('caacabbbba') == True\n\ndef test_check():\n    check(text_match_three)\n\ntest_check()\n",
      "timestamp": 1666122732,
      "stdout": "",
      "stderr": "Traceback (most recent call last):\n  File \"/tmp/tmpq3hey50w.py\", line 17, in <module>\n    test_check()\n  File \"/tmp/tmpq3hey50w.py\", line 15, in test_check\n    check(text_match_three)\n  File \"/tmp/tmpq3hey50w.py\", line 9, in check\n    assert candidate('ac') == False\n  File \"/tmp/tmpq3hey50w.py\", line 5, in text_match_three\n    return bool(re.match(r\"ab{3}\", text))\nNameError: name 're' is not defined\n",
      "exit_code": 1,
      "status": "Exception"
    },
    {
      "program": "def text_match_three(text: str) -> bool:\n    \"\"\"\n\tWrite a function that matches a string that has an a followed by three 'b'.\n\t\"\"\"\n    return re.search(r\"ab{3}\", text) is not None\n\n\ndef check(candidate):\n    assert candidate('ac') == False\n    assert candidate('dc') == False\n    assert candidate('abbbba') == True\n    assert candidate('caacabbbba') == True\n\ndef test_check():\n    check(text_match_three)\n\ntest_check()\n",
      "timestamp": 1665509876,
      "stdout": "",
      "stderr": "Traceback (most recent call last):\n  File \"/tmp/tmpxjmdkwal.py\", line 17, in <module>\n    test_check()\n  File \"/tmp/tmpxjmdkwal.py\", line 15, in test_check\n    check(text_match_three)\n  File \"/tmp/tmpxjmdkwal.py\", line 9, in check\n    assert candidate('ac') == False\n  File \"/tmp/tmpxjmdkwal.py\", line 5, in text_match_three\n    return re.search(r\"ab{3}\", text) is not None\nNameError: name 're' is not defined\n",
      "exit_code": 1,
      "status": "Exception"
    },
    {
      "program": "def text_match_three(text: str) -> bool:\n    \"\"\"\n\tWrite a function that matches a string that has an a followed by three 'b'.\n\t\"\"\"\n    pattern = re.compile(r'ab{3}')\n    return pattern.search(text) is not None\n\n\ndef check(candidate):\n    assert candidate('ac') == False\n    assert candidate('dc') == False\n    assert candidate('abbbba') == True\n    assert candidate('caacabbbba') == True\n\ndef test_check():\n    check(text_match_three)\n\ntest_check()\n",
      "timestamp": 1666122733,
      "stdout": "",
      "stderr": "Traceback (most recent call last):\n  File \"/tmp/tmpt6nu9k1c.py\", line 18, in <module>\n    test_check()\n  File \"/tmp/tmpt6nu9k1c.py\", line 16, in test_check\n    check(text_match_three)\n  File \"/tmp/tmpt6nu9k1c.py\", line 10, in check\n    assert candidate('ac') == False\n  File \"/tmp/tmpt6nu9k1c.py\", line 5, in text_match_three\n    pattern = re.compile(r'ab{3}')\nNameError: name 're' is not defined\n",
      "exit_code": 1,
      "status": "Exception"
    },
    {
      "program": "def text_match_three(text: str) -> bool:\n    \"\"\"\n\tWrite a function that matches a string that has an a followed by three 'b'.\n\t\"\"\"\n    return re.search(r\"ab{3}\", text) is not None\n\n\ndef check(candidate):\n    assert candidate('ac') == False\n    assert candidate('dc') == False\n    assert candidate('abbbba') == True\n    assert candidate('caacabbbba') == True\n\ndef test_check():\n    check(text_match_three)\n\ntest_check()\n",
      "timestamp": 1665509876,
      "stdout": "",
      "stderr": "Traceback (most recent call last):\n  File \"/tmp/tmpxjmdkwal.py\", line 17, in <module>\n    test_check()\n  File \"/tmp/tmpxjmdkwal.py\", line 15, in test_check\n    check(text_match_three)\n  File \"/tmp/tmpxjmdkwal.py\", line 9, in check\n    assert candidate('ac') == False\n  File \"/tmp/tmpxjmdkwal.py\", line 5, in text_match_three\n    return re.search(r\"ab{3}\", text) is not None\nNameError: name 're' is not defined\n",
      "exit_code": 1,
      "status": "Exception"
    },
    {
      "program": "def text_match_three(text: str) -> bool:\n    \"\"\"\n\tWrite a function that matches a string that has an a followed by three 'b'.\n\t\"\"\"\n    return re.search(r'ab{3}', text) is not None\n\n\ndef check(candidate):\n    assert candidate('ac') == False\n    assert candidate('dc') == False\n    assert candidate('abbbba') == True\n    assert candidate('caacabbbba') == True\n\ndef test_check():\n    check(text_match_three)\n\ntest_check()\n",
      "timestamp": 1665509876,
      "stdout": "",
      "stderr": "Traceback (most recent call last):\n  File \"/tmp/tmpo83mttb5.py\", line 17, in <module>\n    test_check()\n  File \"/tmp/tmpo83mttb5.py\", line 15, in test_check\n    check(text_match_three)\n  File \"/tmp/tmpo83mttb5.py\", line 9, in check\n    assert candidate('ac') == False\n  File \"/tmp/tmpo83mttb5.py\", line 5, in text_match_three\n    return re.search(r'ab{3}', text) is not None\nNameError: name 're' is not defined\n",
      "exit_code": 1,
      "status": "Exception"
    },
    {
      "program": "def text_match_three(text: str) -> bool:\n    \"\"\"\n\tWrite a function that matches a string that has an a followed by three 'b'.\n\t\"\"\"\n    pattern = re.compile(r'ab{3}')\n    return bool(pattern.match(text))\n\n\ndef check(candidate):\n    assert candidate('ac') == False\n    assert candidate('dc') == False\n    assert candidate('abbbba') == True\n    assert candidate('caacabbbba') == True\n\ndef test_check():\n    check(text_match_three)\n\ntest_check()\n",
      "timestamp": 1665509876,
      "stdout": "",
      "stderr": "Traceback (most recent call last):\n  File \"/tmp/tmpuo0e19n3.py\", line 18, in <module>\n    test_check()\n  File \"/tmp/tmpuo0e19n3.py\", line 16, in test_check\n    check(text_match_three)\n  File \"/tmp/tmpuo0e19n3.py\", line 10, in check\n    assert candidate('ac') == False\n  File \"/tmp/tmpuo0e19n3.py\", line 5, in text_match_three\n    pattern = re.compile(r'ab{3}')\nNameError: name 're' is not defined\n",
      "exit_code": 1,
      "status": "Exception"
    },
    {
      "program": "def text_match_three(text: str) -> bool:\n    \"\"\"\n\tWrite a function that matches a string that has an a followed by three 'b'.\n\t\"\"\"\n    return re.search(r\"ab{3}\", text) is not None\n\n\ndef check(candidate):\n    assert candidate('ac') == False\n    assert candidate('dc') == False\n    assert candidate('abbbba') == True\n    assert candidate('caacabbbba') == True\n\ndef test_check():\n    check(text_match_three)\n\ntest_check()\n",
      "timestamp": 1665509876,
      "stdout": "",
      "stderr": "Traceback (most recent call last):\n  File \"/tmp/tmpxjmdkwal.py\", line 17, in <module>\n    test_check()\n  File \"/tmp/tmpxjmdkwal.py\", line 15, in test_check\n    check(text_match_three)\n  File \"/tmp/tmpxjmdkwal.py\", line 9, in check\n    assert candidate('ac') == False\n  File \"/tmp/tmpxjmdkwal.py\", line 5, in text_match_three\n    return re.search(r\"ab{3}\", text) is not None\nNameError: name 're' is not defined\n",
      "exit_code": 1,
      "status": "Exception"
    },
    {
      "program": "def text_match_three(text: str) -> bool:\n    \"\"\"\n\tWrite a function that matches a string that has an a followed by three 'b'.\n\t\"\"\"\n    return re.search(r\"ab{3}\", text) is not None\n\n\ndef check(candidate):\n    assert candidate('ac') == False\n    assert candidate('dc') == False\n    assert candidate('abbbba') == True\n    assert candidate('caacabbbba') == True\n\ndef test_check():\n    check(text_match_three)\n\ntest_check()\n",
      "timestamp": 1665509876,
      "stdout": "",
      "stderr": "Traceback (most recent call last):\n  File \"/tmp/tmpxjmdkwal.py\", line 17, in <module>\n    test_check()\n  File \"/tmp/tmpxjmdkwal.py\", line 15, in test_check\n    check(text_match_three)\n  File \"/tmp/tmpxjmdkwal.py\", line 9, in check\n    assert candidate('ac') == False\n  File \"/tmp/tmpxjmdkwal.py\", line 5, in text_match_three\n    return re.search(r\"ab{3}\", text) is not None\nNameError: name 're' is not defined\n",
      "exit_code": 1,
      "status": "Exception"
    },
    {
      "program": "def text_match_three(text: str) -> bool:\n    \"\"\"\n\tWrite a function that matches a string that has an a followed by three 'b'.\n\t\"\"\"\n    pattern = re.compile(r\"ab{3}\")\n    return bool(pattern.search(text))\n\n\ndef check(candidate):\n    assert candidate('ac') == False\n    assert candidate('dc') == False\n    assert candidate('abbbba') == True\n    assert candidate('caacabbbba') == True\n\ndef test_check():\n    check(text_match_three)\n\ntest_check()\n",
      "timestamp": 1665509876,
      "stdout": "",
      "stderr": "Traceback (most recent call last):\n  File \"/tmp/tmpjic_uulp.py\", line 18, in <module>\n    test_check()\n  File \"/tmp/tmpjic_uulp.py\", line 16, in test_check\n    check(text_match_three)\n  File \"/tmp/tmpjic_uulp.py\", line 10, in check\n    assert candidate('ac') == False\n  File \"/tmp/tmpjic_uulp.py\", line 5, in text_match_three\n    pattern = re.compile(r\"ab{3}\")\nNameError: name 're' is not defined\n",
      "exit_code": 1,
      "status": "Exception"
    },
    {
      "program": "def text_match_three(text: str) -> bool:\n    \"\"\"\n\tWrite a function that matches a string that has an a followed by three 'b'.\n\t\"\"\"\n    pattern = re.compile(r\"ab{3}\")\n    return bool(pattern.match(text))\n\n\ndef check(candidate):\n    assert candidate('ac') == False\n    assert candidate('dc') == False\n    assert candidate('abbbba') == True\n    assert candidate('caacabbbba') == True\n\ndef test_check():\n    check(text_match_three)\n\ntest_check()\n",
      "timestamp": 1665509876,
      "stdout": "",
      "stderr": "Traceback (most recent call last):\n  File \"/tmp/tmpc_1czqwh.py\", line 18, in <module>\n    test_check()\n  File \"/tmp/tmpc_1czqwh.py\", line 16, in test_check\n    check(text_match_three)\n  File \"/tmp/tmpc_1czqwh.py\", line 10, in check\n    assert candidate('ac') == False\n  File \"/tmp/tmpc_1czqwh.py\", line 5, in text_match_three\n    pattern = re.compile(r\"ab{3}\")\nNameError: name 're' is not defined\n",
      "exit_code": 1,
      "status": "Exception"
    },
    {
      "program": "def text_match_three(text: str) -> bool:\n    \"\"\"\n\tWrite a function that matches a string that has an a followed by three 'b'.\n\t\"\"\"\n    return re.search(r\"ab{3}\", text) is not None\n\n\ndef check(candidate):\n    assert candidate('ac') == False\n    assert candidate('dc') == False\n    assert candidate('abbbba') == True\n    assert candidate('caacabbbba') == True\n\ndef test_check():\n    check(text_match_three)\n\ntest_check()\n",
      "timestamp": 1665509876,
      "stdout": "",
      "stderr": "Traceback (most recent call last):\n  File \"/tmp/tmpxjmdkwal.py\", line 17, in <module>\n    test_check()\n  File \"/tmp/tmpxjmdkwal.py\", line 15, in test_check\n    check(text_match_three)\n  File \"/tmp/tmpxjmdkwal.py\", line 9, in check\n    assert candidate('ac') == False\n  File \"/tmp/tmpxjmdkwal.py\", line 5, in text_match_three\n    return re.search(r\"ab{3}\", text) is not None\nNameError: name 're' is not defined\n",
      "exit_code": 1,
      "status": "Exception"
    },
    {
      "program": "def text_match_three(text: str) -> bool:\n    \"\"\"\n\tWrite a function that matches a string that has an a followed by three 'b'.\n\t\"\"\"\n    return re.match(r\"ab{3}\", text) is not None\n\n\ndef check(candidate):\n    assert candidate('ac') == False\n    assert candidate('dc') == False\n    assert candidate('abbbba') == True\n    assert candidate('caacabbbba') == True\n\ndef test_check():\n    check(text_match_three)\n\ntest_check()\n",
      "timestamp": 1665509876,
      "stdout": "",
      "stderr": "Traceback (most recent call last):\n  File \"/tmp/tmpkga1dmsr.py\", line 17, in <module>\n    test_check()\n  File \"/tmp/tmpkga1dmsr.py\", line 15, in test_check\n    check(text_match_three)\n  File \"/tmp/tmpkga1dmsr.py\", line 9, in check\n    assert candidate('ac') == False\n  File \"/tmp/tmpkga1dmsr.py\", line 5, in text_match_three\n    return re.match(r\"ab{3}\", text) is not None\nNameError: name 're' is not defined\n",
      "exit_code": 1,
      "status": "Exception"
    },
    {
      "program": "def text_match_three(text: str) -> bool:\n    \"\"\"\n\tWrite a function that matches a string that has an a followed by three 'b'.\n\t\"\"\"\n    return re.search(r\"ab{3}\", text) is not None\n\n\ndef check(candidate):\n    assert candidate('ac') == False\n    assert candidate('dc') == False\n    assert candidate('abbbba') == True\n    assert candidate('caacabbbba') == True\n\ndef test_check():\n    check(text_match_three)\n\ntest_check()\n",
      "timestamp": 1665509876,
      "stdout": "",
      "stderr": "Traceback (most recent call last):\n  File \"/tmp/tmpxjmdkwal.py\", line 17, in <module>\n    test_check()\n  File \"/tmp/tmpxjmdkwal.py\", line 15, in test_check\n    check(text_match_three)\n  File \"/tmp/tmpxjmdkwal.py\", line 9, in check\n    assert candidate('ac') == False\n  File \"/tmp/tmpxjmdkwal.py\", line 5, in text_match_three\n    return re.search(r\"ab{3}\", text) is not None\nNameError: name 're' is not defined\n",
      "exit_code": 1,
      "status": "Exception"
    },
    {
      "program": "def text_match_three(text: str) -> bool:\n    \"\"\"\n\tWrite a function that matches a string that has an a followed by three 'b'.\n\t\"\"\"\n    return re.search(r\"ab{3}\", text)\n\n\ndef check(candidate):\n    assert candidate('ac') == False\n    assert candidate('dc') == False\n    assert candidate('abbbba') == True\n    assert candidate('caacabbbba') == True\n\ndef test_check():\n    check(text_match_three)\n\ntest_check()\n",
      "timestamp": 1665509876,
      "stdout": "",
      "stderr": "Traceback (most recent call last):\n  File \"/tmp/tmpssblcnc9.py\", line 17, in <module>\n    test_check()\n  File \"/tmp/tmpssblcnc9.py\", line 15, in test_check\n    check(text_match_three)\n  File \"/tmp/tmpssblcnc9.py\", line 9, in check\n    assert candidate('ac') == False\n  File \"/tmp/tmpssblcnc9.py\", line 5, in text_match_three\n    return re.search(r\"ab{3}\", text)\nNameError: name 're' is not defined\n",
      "exit_code": 1,
      "status": "Exception"
    },
    {
      "program": "def text_match_three(text: str) -> bool:\n    \"\"\"\n\tWrite a function that matches a string that has an a followed by three 'b'.\n\t\"\"\"\n    return bool(re.match(r\"^ab{3}\", text))\n\n\ndef check(candidate):\n    assert candidate('ac') == False\n    assert candidate('dc') == False\n    assert candidate('abbbba') == True\n    assert candidate('caacabbbba') == True\n\ndef test_check():\n    check(text_match_three)\n\ntest_check()\n",
      "timestamp": 1666122733,
      "stdout": "",
      "stderr": "Traceback (most recent call last):\n  File \"/tmp/tmp10t0jksf.py\", line 17, in <module>\n    test_check()\n  File \"/tmp/tmp10t0jksf.py\", line 15, in test_check\n    check(text_match_three)\n  File \"/tmp/tmp10t0jksf.py\", line 9, in check\n    assert candidate('ac') == False\n  File \"/tmp/tmp10t0jksf.py\", line 5, in text_match_three\n    return bool(re.match(r\"^ab{3}\", text))\nNameError: name 're' is not defined\n",
      "exit_code": 1,
      "status": "Exception"
    },
    {
      "program": "def text_match_three(text: str) -> bool:\n    \"\"\"\n\tWrite a function that matches a string that has an a followed by three 'b'.\n\t\"\"\"\n    return re.search(r'ab{3}', text)\n\n\ndef check(candidate):\n    assert candidate('ac') == False\n    assert candidate('dc') == False\n    assert candidate('abbbba') == True\n    assert candidate('caacabbbba') == True\n\ndef test_check():\n    check(text_match_three)\n\ntest_check()\n",
      "timestamp": 1665509876,
      "stdout": "",
      "stderr": "Traceback (most recent call last):\n  File \"/tmp/tmpnjfpwp56.py\", line 17, in <module>\n    test_check()\n  File \"/tmp/tmpnjfpwp56.py\", line 15, in test_check\n    check(text_match_three)\n  File \"/tmp/tmpnjfpwp56.py\", line 9, in check\n    assert candidate('ac') == False\n  File \"/tmp/tmpnjfpwp56.py\", line 5, in text_match_three\n    return re.search(r'ab{3}', text)\nNameError: name 're' is not defined\n",
      "exit_code": 1,
      "status": "Exception"
    },
    {
      "program": "def text_match_three(text: str) -> bool:\n    \"\"\"\n\tWrite a function that matches a string that has an a followed by three 'b'.\n\t\"\"\"\n    return re.search(r\"ab{3}\", text)\n\n\ndef check(candidate):\n    assert candidate('ac') == False\n    assert candidate('dc') == False\n    assert candidate('abbbba') == True\n    assert candidate('caacabbbba') == True\n\ndef test_check():\n    check(text_match_three)\n\ntest_check()\n",
      "timestamp": 1665509876,
      "stdout": "",
      "stderr": "Traceback (most recent call last):\n  File \"/tmp/tmpssblcnc9.py\", line 17, in <module>\n    test_check()\n  File \"/tmp/tmpssblcnc9.py\", line 15, in test_check\n    check(text_match_three)\n  File \"/tmp/tmpssblcnc9.py\", line 9, in check\n    assert candidate('ac') == False\n  File \"/tmp/tmpssblcnc9.py\", line 5, in text_match_three\n    return re.search(r\"ab{3}\", text)\nNameError: name 're' is not defined\n",
      "exit_code": 1,
      "status": "Exception"
    },
    {
      "program": "def text_match_three(text: str) -> bool:\n    \"\"\"\n\tWrite a function that matches a string that has an a followed by three 'b'.\n\t\"\"\"\n    pattern = re.compile(r\"ab{3}\")\n    return bool(pattern.match(text))\n\n\ndef check(candidate):\n    assert candidate('ac') == False\n    assert candidate('dc') == False\n    assert candidate('abbbba') == True\n    assert candidate('caacabbbba') == True\n\ndef test_check():\n    check(text_match_three)\n\ntest_check()\n",
      "timestamp": 1665509876,
      "stdout": "",
      "stderr": "Traceback (most recent call last):\n  File \"/tmp/tmpc_1czqwh.py\", line 18, in <module>\n    test_check()\n  File \"/tmp/tmpc_1czqwh.py\", line 16, in test_check\n    check(text_match_three)\n  File \"/tmp/tmpc_1czqwh.py\", line 10, in check\n    assert candidate('ac') == False\n  File \"/tmp/tmpc_1czqwh.py\", line 5, in text_match_three\n    pattern = re.compile(r\"ab{3}\")\nNameError: name 're' is not defined\n",
      "exit_code": 1,
      "status": "Exception"
    },
    {
      "program": "def text_match_three(text: str) -> bool:\n    \"\"\"\n\tWrite a function that matches a string that has an a followed by three 'b'.\n\t\"\"\"\n    return re.search(r\"ab{3}\", text)\n\n\ndef check(candidate):\n    assert candidate('ac') == False\n    assert candidate('dc') == False\n    assert candidate('abbbba') == True\n    assert candidate('caacabbbba') == True\n\ndef test_check():\n    check(text_match_three)\n\ntest_check()\n",
      "timestamp": 1665509876,
      "stdout": "",
      "stderr": "Traceback (most recent call last):\n  File \"/tmp/tmpssblcnc9.py\", line 17, in <module>\n    test_check()\n  File \"/tmp/tmpssblcnc9.py\", line 15, in test_check\n    check(text_match_three)\n  File \"/tmp/tmpssblcnc9.py\", line 9, in check\n    assert candidate('ac') == False\n  File \"/tmp/tmpssblcnc9.py\", line 5, in text_match_three\n    return re.search(r\"ab{3}\", text)\nNameError: name 're' is not defined\n",
      "exit_code": 1,
      "status": "Exception"
    },
    {
      "program": "def text_match_three(text: str) -> bool:\n    \"\"\"\n\tWrite a function that matches a string that has an a followed by three 'b'.\n\t\"\"\"\n    return re.search(r\"ab{3}\", text) is not None\n\n\ndef check(candidate):\n    assert candidate('ac') == False\n    assert candidate('dc') == False\n    assert candidate('abbbba') == True\n    assert candidate('caacabbbba') == True\n\ndef test_check():\n    check(text_match_three)\n\ntest_check()\n",
      "timestamp": 1665509876,
      "stdout": "",
      "stderr": "Traceback (most recent call last):\n  File \"/tmp/tmpxjmdkwal.py\", line 17, in <module>\n    test_check()\n  File \"/tmp/tmpxjmdkwal.py\", line 15, in test_check\n    check(text_match_three)\n  File \"/tmp/tmpxjmdkwal.py\", line 9, in check\n    assert candidate('ac') == False\n  File \"/tmp/tmpxjmdkwal.py\", line 5, in text_match_three\n    return re.search(r\"ab{3}\", text) is not None\nNameError: name 're' is not defined\n",
      "exit_code": 1,
      "status": "Exception"
    },
    {
      "program": "def text_match_three(text: str) -> bool:\n    \"\"\"\n\tWrite a function that matches a string that has an a followed by three 'b'.\n\t\"\"\"\n    return bool(re.search(r\"ab{3}\", text))\n\n\ndef check(candidate):\n    assert candidate('ac') == False\n    assert candidate('dc') == False\n    assert candidate('abbbba') == True\n    assert candidate('caacabbbba') == True\n\ndef test_check():\n    check(text_match_three)\n\ntest_check()\n",
      "timestamp": 1666122732,
      "stdout": "",
      "stderr": "Traceback (most recent call last):\n  File \"/tmp/tmpmy3dxssx.py\", line 17, in <module>\n    test_check()\n  File \"/tmp/tmpmy3dxssx.py\", line 15, in test_check\n    check(text_match_three)\n  File \"/tmp/tmpmy3dxssx.py\", line 9, in check\n    assert candidate('ac') == False\n  File \"/tmp/tmpmy3dxssx.py\", line 5, in text_match_three\n    return bool(re.search(r\"ab{3}\", text))\nNameError: name 're' is not defined\n",
      "exit_code": 1,
      "status": "Exception"
    },
    {
      "program": "def text_match_three(text: str) -> bool:\n    \"\"\"\n\tWrite a function that matches a string that has an a followed by three 'b'.\n\t\"\"\"\n    return re.search(r\"ab{3}\", text) is not None\n\n\ndef check(candidate):\n    assert candidate('ac') == False\n    assert candidate('dc') == False\n    assert candidate('abbbba') == True\n    assert candidate('caacabbbba') == True\n\ndef test_check():\n    check(text_match_three)\n\ntest_check()\n",
      "timestamp": 1665509876,
      "stdout": "",
      "stderr": "Traceback (most recent call last):\n  File \"/tmp/tmpxjmdkwal.py\", line 17, in <module>\n    test_check()\n  File \"/tmp/tmpxjmdkwal.py\", line 15, in test_check\n    check(text_match_three)\n  File \"/tmp/tmpxjmdkwal.py\", line 9, in check\n    assert candidate('ac') == False\n  File \"/tmp/tmpxjmdkwal.py\", line 5, in text_match_three\n    return re.search(r\"ab{3}\", text) is not None\nNameError: name 're' is not defined\n",
      "exit_code": 1,
      "status": "Exception"
    },
    {
      "program": "def text_match_three(text: str) -> bool:\n    \"\"\"\n\tWrite a function that matches a string that has an a followed by three 'b'.\n\t\"\"\"\n    return re.search(r\"ab{3}\", text) is not None\n\n\ndef check(candidate):\n    assert candidate('ac') == False\n    assert candidate('dc') == False\n    assert candidate('abbbba') == True\n    assert candidate('caacabbbba') == True\n\ndef test_check():\n    check(text_match_three)\n\ntest_check()\n",
      "timestamp": 1665509876,
      "stdout": "",
      "stderr": "Traceback (most recent call last):\n  File \"/tmp/tmpxjmdkwal.py\", line 17, in <module>\n    test_check()\n  File \"/tmp/tmpxjmdkwal.py\", line 15, in test_check\n    check(text_match_three)\n  File \"/tmp/tmpxjmdkwal.py\", line 9, in check\n    assert candidate('ac') == False\n  File \"/tmp/tmpxjmdkwal.py\", line 5, in text_match_three\n    return re.search(r\"ab{3}\", text) is not None\nNameError: name 're' is not defined\n",
      "exit_code": 1,
      "status": "Exception"
    },
    {
      "program": "def text_match_three(text: str) -> bool:\n    \"\"\"\n\tWrite a function that matches a string that has an a followed by three 'b'.\n\t\"\"\"\n    pattern = re.compile(r\"ab{3}\")\n    return bool(pattern.match(text))\n\n\ndef check(candidate):\n    assert candidate('ac') == False\n    assert candidate('dc') == False\n    assert candidate('abbbba') == True\n    assert candidate('caacabbbba') == True\n\ndef test_check():\n    check(text_match_three)\n\ntest_check()\n",
      "timestamp": 1665509876,
      "stdout": "",
      "stderr": "Traceback (most recent call last):\n  File \"/tmp/tmpc_1czqwh.py\", line 18, in <module>\n    test_check()\n  File \"/tmp/tmpc_1czqwh.py\", line 16, in test_check\n    check(text_match_three)\n  File \"/tmp/tmpc_1czqwh.py\", line 10, in check\n    assert candidate('ac') == False\n  File \"/tmp/tmpc_1czqwh.py\", line 5, in text_match_three\n    pattern = re.compile(r\"ab{3}\")\nNameError: name 're' is not defined\n",
      "exit_code": 1,
      "status": "Exception"
    },
    {
      "program": "def text_match_three(text: str) -> bool:\n    \"\"\"\n\tWrite a function that matches a string that has an a followed by three 'b'.\n\t\"\"\"\n    return re.search(r\"ab{3}\", text) is not None\n\n\ndef check(candidate):\n    assert candidate('ac') == False\n    assert candidate('dc') == False\n    assert candidate('abbbba') == True\n    assert candidate('caacabbbba') == True\n\ndef test_check():\n    check(text_match_three)\n\ntest_check()\n",
      "timestamp": 1665509876,
      "stdout": "",
      "stderr": "Traceback (most recent call last):\n  File \"/tmp/tmpxjmdkwal.py\", line 17, in <module>\n    test_check()\n  File \"/tmp/tmpxjmdkwal.py\", line 15, in test_check\n    check(text_match_three)\n  File \"/tmp/tmpxjmdkwal.py\", line 9, in check\n    assert candidate('ac') == False\n  File \"/tmp/tmpxjmdkwal.py\", line 5, in text_match_three\n    return re.search(r\"ab{3}\", text) is not None\nNameError: name 're' is not defined\n",
      "exit_code": 1,
      "status": "Exception"
    },
    {
      "program": "def text_match_three(text: str) -> bool:\n    \"\"\"\n\tWrite a function that matches a string that has an a followed by three 'b'.\n\t\"\"\"\n    return re.search(r\"ab{3}\", text) is not None\n\n\ndef check(candidate):\n    assert candidate('ac') == False\n    assert candidate('dc') == False\n    assert candidate('abbbba') == True\n    assert candidate('caacabbbba') == True\n\ndef test_check():\n    check(text_match_three)\n\ntest_check()\n",
      "timestamp": 1665509876,
      "stdout": "",
      "stderr": "Traceback (most recent call last):\n  File \"/tmp/tmpxjmdkwal.py\", line 17, in <module>\n    test_check()\n  File \"/tmp/tmpxjmdkwal.py\", line 15, in test_check\n    check(text_match_three)\n  File \"/tmp/tmpxjmdkwal.py\", line 9, in check\n    assert candidate('ac') == False\n  File \"/tmp/tmpxjmdkwal.py\", line 5, in text_match_three\n    return re.search(r\"ab{3}\", text) is not None\nNameError: name 're' is not defined\n",
      "exit_code": 1,
      "status": "Exception"
    },
    {
      "program": "def text_match_three(text: str) -> bool:\n    \"\"\"\n\tWrite a function that matches a string that has an a followed by three 'b'.\n\t\"\"\"\n    return re.search(r\"ab{3}\", text) is not None\n\n\ndef check(candidate):\n    assert candidate('ac') == False\n    assert candidate('dc') == False\n    assert candidate('abbbba') == True\n    assert candidate('caacabbbba') == True\n\ndef test_check():\n    check(text_match_three)\n\ntest_check()\n",
      "timestamp": 1665509876,
      "stdout": "",
      "stderr": "Traceback (most recent call last):\n  File \"/tmp/tmpxjmdkwal.py\", line 17, in <module>\n    test_check()\n  File \"/tmp/tmpxjmdkwal.py\", line 15, in test_check\n    check(text_match_three)\n  File \"/tmp/tmpxjmdkwal.py\", line 9, in check\n    assert candidate('ac') == False\n  File \"/tmp/tmpxjmdkwal.py\", line 5, in text_match_three\n    return re.search(r\"ab{3}\", text) is not None\nNameError: name 're' is not defined\n",
      "exit_code": 1,
      "status": "Exception"
    },
    {
      "program": "def text_match_three(text: str) -> bool:\n    \"\"\"\n\tWrite a function that matches a string that has an a followed by three 'b'.\n\t\"\"\"\n    return re.search(r'ab{3}', text)\n\n\ndef check(candidate):\n    assert candidate('ac') == False\n    assert candidate('dc') == False\n    assert candidate('abbbba') == True\n    assert candidate('caacabbbba') == True\n\ndef test_check():\n    check(text_match_three)\n\ntest_check()\n",
      "timestamp": 1665509876,
      "stdout": "",
      "stderr": "Traceback (most recent call last):\n  File \"/tmp/tmpnjfpwp56.py\", line 17, in <module>\n    test_check()\n  File \"/tmp/tmpnjfpwp56.py\", line 15, in test_check\n    check(text_match_three)\n  File \"/tmp/tmpnjfpwp56.py\", line 9, in check\n    assert candidate('ac') == False\n  File \"/tmp/tmpnjfpwp56.py\", line 5, in text_match_three\n    return re.search(r'ab{3}', text)\nNameError: name 're' is not defined\n",
      "exit_code": 1,
      "status": "Exception"
    },
    {
      "program": "def text_match_three(text: str) -> bool:\n    \"\"\"\n\tWrite a function that matches a string that has an a followed by three 'b'.\n\t\"\"\"\n    return re.search(r\"ab{3}\", text) is not None\n\n\ndef check(candidate):\n    assert candidate('ac') == False\n    assert candidate('dc') == False\n    assert candidate('abbbba') == True\n    assert candidate('caacabbbba') == True\n\ndef test_check():\n    check(text_match_three)\n\ntest_check()\n",
      "timestamp": 1665509876,
      "stdout": "",
      "stderr": "Traceback (most recent call last):\n  File \"/tmp/tmpxjmdkwal.py\", line 17, in <module>\n    test_check()\n  File \"/tmp/tmpxjmdkwal.py\", line 15, in test_check\n    check(text_match_three)\n  File \"/tmp/tmpxjmdkwal.py\", line 9, in check\n    assert candidate('ac') == False\n  File \"/tmp/tmpxjmdkwal.py\", line 5, in text_match_three\n    return re.search(r\"ab{3}\", text) is not None\nNameError: name 're' is not defined\n",
      "exit_code": 1,
      "status": "Exception"
    },
    {
      "program": "def text_match_three(text: str) -> bool:\n    \"\"\"\n\tWrite a function that matches a string that has an a followed by three 'b'.\n\t\"\"\"\n    return re.search(r\"ab{3}\", text) is not None\n\n\ndef check(candidate):\n    assert candidate('ac') == False\n    assert candidate('dc') == False\n    assert candidate('abbbba') == True\n    assert candidate('caacabbbba') == True\n\ndef test_check():\n    check(text_match_three)\n\ntest_check()\n",
      "timestamp": 1665509876,
      "stdout": "",
      "stderr": "Traceback (most recent call last):\n  File \"/tmp/tmpxjmdkwal.py\", line 17, in <module>\n    test_check()\n  File \"/tmp/tmpxjmdkwal.py\", line 15, in test_check\n    check(text_match_three)\n  File \"/tmp/tmpxjmdkwal.py\", line 9, in check\n    assert candidate('ac') == False\n  File \"/tmp/tmpxjmdkwal.py\", line 5, in text_match_three\n    return re.search(r\"ab{3}\", text) is not None\nNameError: name 're' is not defined\n",
      "exit_code": 1,
      "status": "Exception"
    },
    {
      "program": "def text_match_three(text: str) -> bool:\n    \"\"\"\n\tWrite a function that matches a string that has an a followed by three 'b'.\n\t\"\"\"\n    pattern = re.compile(r\"ab{3}\")\n    return bool(pattern.search(text))\n\n\ndef check(candidate):\n    assert candidate('ac') == False\n    assert candidate('dc') == False\n    assert candidate('abbbba') == True\n    assert candidate('caacabbbba') == True\n\ndef test_check():\n    check(text_match_three)\n\ntest_check()\n",
      "timestamp": 1665509876,
      "stdout": "",
      "stderr": "Traceback (most recent call last):\n  File \"/tmp/tmpjic_uulp.py\", line 18, in <module>\n    test_check()\n  File \"/tmp/tmpjic_uulp.py\", line 16, in test_check\n    check(text_match_three)\n  File \"/tmp/tmpjic_uulp.py\", line 10, in check\n    assert candidate('ac') == False\n  File \"/tmp/tmpjic_uulp.py\", line 5, in text_match_three\n    pattern = re.compile(r\"ab{3}\")\nNameError: name 're' is not defined\n",
      "exit_code": 1,
      "status": "Exception"
    },
    {
      "program": "def text_match_three(text: str) -> bool:\n    \"\"\"\n\tWrite a function that matches a string that has an a followed by three 'b'.\n\t\"\"\"\n    pattern = re.compile(r'ab{3}')\n    return bool(pattern.search(text))\n\n\ndef check(candidate):\n    assert candidate('ac') == False\n    assert candidate('dc') == False\n    assert candidate('abbbba') == True\n    assert candidate('caacabbbba') == True\n\ndef test_check():\n    check(text_match_three)\n\ntest_check()\n",
      "timestamp": 1665509876,
      "stdout": "",
      "stderr": "Traceback (most recent call last):\n  File \"/tmp/tmp7ktntzkw.py\", line 18, in <module>\n    test_check()\n  File \"/tmp/tmp7ktntzkw.py\", line 16, in test_check\n    check(text_match_three)\n  File \"/tmp/tmp7ktntzkw.py\", line 10, in check\n    assert candidate('ac') == False\n  File \"/tmp/tmp7ktntzkw.py\", line 5, in text_match_three\n    pattern = re.compile(r'ab{3}')\nNameError: name 're' is not defined\n",
      "exit_code": 1,
      "status": "Exception"
    },
    {
      "program": "def text_match_three(text: str) -> bool:\n    \"\"\"\n\tWrite a function that matches a string that has an a followed by three 'b'.\n\t\"\"\"\n    return re.search(r\"ab{3}\", text) is not None\n\n\ndef check(candidate):\n    assert candidate('ac') == False\n    assert candidate('dc') == False\n    assert candidate('abbbba') == True\n    assert candidate('caacabbbba') == True\n\ndef test_check():\n    check(text_match_three)\n\ntest_check()\n",
      "timestamp": 1665509876,
      "stdout": "",
      "stderr": "Traceback (most recent call last):\n  File \"/tmp/tmpxjmdkwal.py\", line 17, in <module>\n    test_check()\n  File \"/tmp/tmpxjmdkwal.py\", line 15, in test_check\n    check(text_match_three)\n  File \"/tmp/tmpxjmdkwal.py\", line 9, in check\n    assert candidate('ac') == False\n  File \"/tmp/tmpxjmdkwal.py\", line 5, in text_match_three\n    return re.search(r\"ab{3}\", text) is not None\nNameError: name 're' is not defined\n",
      "exit_code": 1,
      "status": "Exception"
    },
    {
      "program": "def text_match_three(text: str) -> bool:\n    \"\"\"\n\tWrite a function that matches a string that has an a followed by three 'b'.\n\t\"\"\"\n    return re.search(r\"ab{3}\", text)\n\n\ndef check(candidate):\n    assert candidate('ac') == False\n    assert candidate('dc') == False\n    assert candidate('abbbba') == True\n    assert candidate('caacabbbba') == True\n\ndef test_check():\n    check(text_match_three)\n\ntest_check()\n",
      "timestamp": 1665509876,
      "stdout": "",
      "stderr": "Traceback (most recent call last):\n  File \"/tmp/tmpssblcnc9.py\", line 17, in <module>\n    test_check()\n  File \"/tmp/tmpssblcnc9.py\", line 15, in test_check\n    check(text_match_three)\n  File \"/tmp/tmpssblcnc9.py\", line 9, in check\n    assert candidate('ac') == False\n  File \"/tmp/tmpssblcnc9.py\", line 5, in text_match_three\n    return re.search(r\"ab{3}\", text)\nNameError: name 're' is not defined\n",
      "exit_code": 1,
      "status": "Exception"
    },
    {
      "program": "def text_match_three(text: str) -> bool:\n    \"\"\"\n\tWrite a function that matches a string that has an a followed by three 'b'.\n\t\"\"\"\n    return re.search(r\"ab{3}\", text)\n\n\ndef check(candidate):\n    assert candidate('ac') == False\n    assert candidate('dc') == False\n    assert candidate('abbbba') == True\n    assert candidate('caacabbbba') == True\n\ndef test_check():\n    check(text_match_three)\n\ntest_check()\n",
      "timestamp": 1665509876,
      "stdout": "",
      "stderr": "Traceback (most recent call last):\n  File \"/tmp/tmpssblcnc9.py\", line 17, in <module>\n    test_check()\n  File \"/tmp/tmpssblcnc9.py\", line 15, in test_check\n    check(text_match_three)\n  File \"/tmp/tmpssblcnc9.py\", line 9, in check\n    assert candidate('ac') == False\n  File \"/tmp/tmpssblcnc9.py\", line 5, in text_match_three\n    return re.search(r\"ab{3}\", text)\nNameError: name 're' is not defined\n",
      "exit_code": 1,
      "status": "Exception"
    },
    {
      "program": "def text_match_three(text: str) -> bool:\n    \"\"\"\n\tWrite a function that matches a string that has an a followed by three 'b'.\n\t\"\"\"\n    pattern = re.compile(r'ab{3}')\n    return bool(pattern.match(text))\n\n\ndef check(candidate):\n    assert candidate('ac') == False\n    assert candidate('dc') == False\n    assert candidate('abbbba') == True\n    assert candidate('caacabbbba') == True\n\ndef test_check():\n    check(text_match_three)\n\ntest_check()\n",
      "timestamp": 1665509876,
      "stdout": "",
      "stderr": "Traceback (most recent call last):\n  File \"/tmp/tmpuo0e19n3.py\", line 18, in <module>\n    test_check()\n  File \"/tmp/tmpuo0e19n3.py\", line 16, in test_check\n    check(text_match_three)\n  File \"/tmp/tmpuo0e19n3.py\", line 10, in check\n    assert candidate('ac') == False\n  File \"/tmp/tmpuo0e19n3.py\", line 5, in text_match_three\n    pattern = re.compile(r'ab{3}')\nNameError: name 're' is not defined\n",
      "exit_code": 1,
      "status": "Exception"
    },
    {
      "program": "def text_match_three(text: str) -> bool:\n    \"\"\"\n\tWrite a function that matches a string that has an a followed by three 'b'.\n\t\"\"\"\n    return re.search(r\"ab{3}\", text)\n\n\ndef check(candidate):\n    assert candidate('ac') == False\n    assert candidate('dc') == False\n    assert candidate('abbbba') == True\n    assert candidate('caacabbbba') == True\n\ndef test_check():\n    check(text_match_three)\n\ntest_check()\n",
      "timestamp": 1665509876,
      "stdout": "",
      "stderr": "Traceback (most recent call last):\n  File \"/tmp/tmpssblcnc9.py\", line 17, in <module>\n    test_check()\n  File \"/tmp/tmpssblcnc9.py\", line 15, in test_check\n    check(text_match_three)\n  File \"/tmp/tmpssblcnc9.py\", line 9, in check\n    assert candidate('ac') == False\n  File \"/tmp/tmpssblcnc9.py\", line 5, in text_match_three\n    return re.search(r\"ab{3}\", text)\nNameError: name 're' is not defined\n",
      "exit_code": 1,
      "status": "Exception"
    },
    {
      "program": "def text_match_three(text: str) -> bool:\n    \"\"\"\n\tWrite a function that matches a string that has an a followed by three 'b'.\n\t\"\"\"\n    pattern = re.compile(r'ab{3}')\n    return bool(pattern.search(text))\n\n\ndef check(candidate):\n    assert candidate('ac') == False\n    assert candidate('dc') == False\n    assert candidate('abbbba') == True\n    assert candidate('caacabbbba') == True\n\ndef test_check():\n    check(text_match_three)\n\ntest_check()\n",
      "timestamp": 1665509876,
      "stdout": "",
      "stderr": "Traceback (most recent call last):\n  File \"/tmp/tmp7ktntzkw.py\", line 18, in <module>\n    test_check()\n  File \"/tmp/tmp7ktntzkw.py\", line 16, in test_check\n    check(text_match_three)\n  File \"/tmp/tmp7ktntzkw.py\", line 10, in check\n    assert candidate('ac') == False\n  File \"/tmp/tmp7ktntzkw.py\", line 5, in text_match_three\n    pattern = re.compile(r'ab{3}')\nNameError: name 're' is not defined\n",
      "exit_code": 1,
      "status": "Exception"
    },
    {
      "program": "def text_match_three(text: str) -> bool:\n    \"\"\"\n\tWrite a function that matches a string that has an a followed by three 'b'.\n\t\"\"\"\n    return re.search(r\"ab{3}\", text) is not None\n\n\ndef check(candidate):\n    assert candidate('ac') == False\n    assert candidate('dc') == False\n    assert candidate('abbbba') == True\n    assert candidate('caacabbbba') == True\n\ndef test_check():\n    check(text_match_three)\n\ntest_check()\n",
      "timestamp": 1665509876,
      "stdout": "",
      "stderr": "Traceback (most recent call last):\n  File \"/tmp/tmpxjmdkwal.py\", line 17, in <module>\n    test_check()\n  File \"/tmp/tmpxjmdkwal.py\", line 15, in test_check\n    check(text_match_three)\n  File \"/tmp/tmpxjmdkwal.py\", line 9, in check\n    assert candidate('ac') == False\n  File \"/tmp/tmpxjmdkwal.py\", line 5, in text_match_three\n    return re.search(r\"ab{3}\", text) is not None\nNameError: name 're' is not defined\n",
      "exit_code": 1,
      "status": "Exception"
    },
    {
      "program": "def text_match_three(text: str) -> bool:\n    \"\"\"\n\tWrite a function that matches a string that has an a followed by three 'b'.\n\t\"\"\"\n    return re.search(r'ab{3}', text)\n\n\ndef check(candidate):\n    assert candidate('ac') == False\n    assert candidate('dc') == False\n    assert candidate('abbbba') == True\n    assert candidate('caacabbbba') == True\n\ndef test_check():\n    check(text_match_three)\n\ntest_check()\n",
      "timestamp": 1665509876,
      "stdout": "",
      "stderr": "Traceback (most recent call last):\n  File \"/tmp/tmpnjfpwp56.py\", line 17, in <module>\n    test_check()\n  File \"/tmp/tmpnjfpwp56.py\", line 15, in test_check\n    check(text_match_three)\n  File \"/tmp/tmpnjfpwp56.py\", line 9, in check\n    assert candidate('ac') == False\n  File \"/tmp/tmpnjfpwp56.py\", line 5, in text_match_three\n    return re.search(r'ab{3}', text)\nNameError: name 're' is not defined\n",
      "exit_code": 1,
      "status": "Exception"
    },
    {
      "program": "def text_match_three(text: str) -> bool:\n    \"\"\"\n\tWrite a function that matches a string that has an a followed by three 'b'.\n\t\"\"\"\n    return re.search(r\"ab{3}\", text) is not None\n\n\ndef check(candidate):\n    assert candidate('ac') == False\n    assert candidate('dc') == False\n    assert candidate('abbbba') == True\n    assert candidate('caacabbbba') == True\n\ndef test_check():\n    check(text_match_three)\n\ntest_check()\n",
      "timestamp": 1665509876,
      "stdout": "",
      "stderr": "Traceback (most recent call last):\n  File \"/tmp/tmpxjmdkwal.py\", line 17, in <module>\n    test_check()\n  File \"/tmp/tmpxjmdkwal.py\", line 15, in test_check\n    check(text_match_three)\n  File \"/tmp/tmpxjmdkwal.py\", line 9, in check\n    assert candidate('ac') == False\n  File \"/tmp/tmpxjmdkwal.py\", line 5, in text_match_three\n    return re.search(r\"ab{3}\", text) is not None\nNameError: name 're' is not defined\n",
      "exit_code": 1,
      "status": "Exception"
    },
    {
      "program": "def text_match_three(text: str) -> bool:\n    \"\"\"\n\tWrite a function that matches a string that has an a followed by three 'b'.\n\t\"\"\"\n    pattern = re.compile(r\"ab{3}\")\n    return bool(pattern.search(text))\n\n\ndef check(candidate):\n    assert candidate('ac') == False\n    assert candidate('dc') == False\n    assert candidate('abbbba') == True\n    assert candidate('caacabbbba') == True\n\ndef test_check():\n    check(text_match_three)\n\ntest_check()\n",
      "timestamp": 1665509876,
      "stdout": "",
      "stderr": "Traceback (most recent call last):\n  File \"/tmp/tmpjic_uulp.py\", line 18, in <module>\n    test_check()\n  File \"/tmp/tmpjic_uulp.py\", line 16, in test_check\n    check(text_match_three)\n  File \"/tmp/tmpjic_uulp.py\", line 10, in check\n    assert candidate('ac') == False\n  File \"/tmp/tmpjic_uulp.py\", line 5, in text_match_three\n    pattern = re.compile(r\"ab{3}\")\nNameError: name 're' is not defined\n",
      "exit_code": 1,
      "status": "Exception"
    },
    {
      "program": "def text_match_three(text: str) -> bool:\n    \"\"\"\n\tWrite a function that matches a string that has an a followed by three 'b'.\n\t\"\"\"\n    return re.search(r\"ab{3}\", text) is not None\n\n\ndef check(candidate):\n    assert candidate('ac') == False\n    assert candidate('dc') == False\n    assert candidate('abbbba') == True\n    assert candidate('caacabbbba') == True\n\ndef test_check():\n    check(text_match_three)\n\ntest_check()\n",
      "timestamp": 1665509876,
      "stdout": "",
      "stderr": "Traceback (most recent call last):\n  File \"/tmp/tmpxjmdkwal.py\", line 17, in <module>\n    test_check()\n  File \"/tmp/tmpxjmdkwal.py\", line 15, in test_check\n    check(text_match_three)\n  File \"/tmp/tmpxjmdkwal.py\", line 9, in check\n    assert candidate('ac') == False\n  File \"/tmp/tmpxjmdkwal.py\", line 5, in text_match_three\n    return re.search(r\"ab{3}\", text) is not None\nNameError: name 're' is not defined\n",
      "exit_code": 1,
      "status": "Exception"
    },
    {
      "program": "def text_match_three(text: str) -> bool:\n    \"\"\"\n\tWrite a function that matches a string that has an a followed by three 'b'.\n\t\"\"\"\n    pattern = re.compile(r\"ab{3}\")\n    return bool(pattern.search(text))\n\n\ndef check(candidate):\n    assert candidate('ac') == False\n    assert candidate('dc') == False\n    assert candidate('abbbba') == True\n    assert candidate('caacabbbba') == True\n\ndef test_check():\n    check(text_match_three)\n\ntest_check()\n",
      "timestamp": 1665509876,
      "stdout": "",
      "stderr": "Traceback (most recent call last):\n  File \"/tmp/tmpjic_uulp.py\", line 18, in <module>\n    test_check()\n  File \"/tmp/tmpjic_uulp.py\", line 16, in test_check\n    check(text_match_three)\n  File \"/tmp/tmpjic_uulp.py\", line 10, in check\n    assert candidate('ac') == False\n  File \"/tmp/tmpjic_uulp.py\", line 5, in text_match_three\n    pattern = re.compile(r\"ab{3}\")\nNameError: name 're' is not defined\n",
      "exit_code": 1,
      "status": "Exception"
    },
    {
      "program": "def text_match_three(text: str) -> bool:\n    \"\"\"\n\tWrite a function that matches a string that has an a followed by three 'b'.\n\t\"\"\"\n    return re.search(r\"ab{3}\", text) is not None\n\n\ndef check(candidate):\n    assert candidate('ac') == False\n    assert candidate('dc') == False\n    assert candidate('abbbba') == True\n    assert candidate('caacabbbba') == True\n\ndef test_check():\n    check(text_match_three)\n\ntest_check()\n",
      "timestamp": 1665509876,
      "stdout": "",
      "stderr": "Traceback (most recent call last):\n  File \"/tmp/tmpxjmdkwal.py\", line 17, in <module>\n    test_check()\n  File \"/tmp/tmpxjmdkwal.py\", line 15, in test_check\n    check(text_match_three)\n  File \"/tmp/tmpxjmdkwal.py\", line 9, in check\n    assert candidate('ac') == False\n  File \"/tmp/tmpxjmdkwal.py\", line 5, in text_match_three\n    return re.search(r\"ab{3}\", text) is not None\nNameError: name 're' is not defined\n",
      "exit_code": 1,
      "status": "Exception"
    },
    {
      "program": "def text_match_three(text: str) -> bool:\n    \"\"\"\n\tWrite a function that matches a string that has an a followed by three 'b'.\n\t\"\"\"\n    pattern = r\"ab{3}\"\n    if re.search(pattern, text):\n        return True\n    return False\n\n\ndef check(candidate):\n    assert candidate('ac') == False\n    assert candidate('dc') == False\n    assert candidate('abbbba') == True\n    assert candidate('caacabbbba') == True\n\ndef test_check():\n    check(text_match_three)\n\ntest_check()\n",
      "timestamp": 1666122732,
      "stdout": "",
      "stderr": "Traceback (most recent call last):\n  File \"/tmp/tmpmg6oymf9.py\", line 20, in <module>\n    test_check()\n  File \"/tmp/tmpmg6oymf9.py\", line 18, in test_check\n    check(text_match_three)\n  File \"/tmp/tmpmg6oymf9.py\", line 12, in check\n    assert candidate('ac') == False\n  File \"/tmp/tmpmg6oymf9.py\", line 6, in text_match_three\n    if re.search(pattern, text):\nNameError: name 're' is not defined\n",
      "exit_code": 1,
      "status": "Exception"
    },
    {
      "program": "def text_match_three(text: str) -> bool:\n    \"\"\"\n\tWrite a function that matches a string that has an a followed by three 'b'.\n\t\"\"\"\n    pattern = re.compile(r\"ab{3}\")\n    return bool(pattern.search(text))\n\n\ndef check(candidate):\n    assert candidate('ac') == False\n    assert candidate('dc') == False\n    assert candidate('abbbba') == True\n    assert candidate('caacabbbba') == True\n\ndef test_check():\n    check(text_match_three)\n\ntest_check()\n",
      "timestamp": 1665509876,
      "stdout": "",
      "stderr": "Traceback (most recent call last):\n  File \"/tmp/tmpjic_uulp.py\", line 18, in <module>\n    test_check()\n  File \"/tmp/tmpjic_uulp.py\", line 16, in test_check\n    check(text_match_three)\n  File \"/tmp/tmpjic_uulp.py\", line 10, in check\n    assert candidate('ac') == False\n  File \"/tmp/tmpjic_uulp.py\", line 5, in text_match_three\n    pattern = re.compile(r\"ab{3}\")\nNameError: name 're' is not defined\n",
      "exit_code": 1,
      "status": "Exception"
    },
    {
      "program": "def text_match_three(text: str) -> bool:\n    \"\"\"\n\tWrite a function that matches a string that has an a followed by three 'b'.\n\t\"\"\"\n    return re.search(r\"ab{3}\", text) is not None\n\n\ndef check(candidate):\n    assert candidate('ac') == False\n    assert candidate('dc') == False\n    assert candidate('abbbba') == True\n    assert candidate('caacabbbba') == True\n\ndef test_check():\n    check(text_match_three)\n\ntest_check()\n",
      "timestamp": 1665509876,
      "stdout": "",
      "stderr": "Traceback (most recent call last):\n  File \"/tmp/tmpxjmdkwal.py\", line 17, in <module>\n    test_check()\n  File \"/tmp/tmpxjmdkwal.py\", line 15, in test_check\n    check(text_match_three)\n  File \"/tmp/tmpxjmdkwal.py\", line 9, in check\n    assert candidate('ac') == False\n  File \"/tmp/tmpxjmdkwal.py\", line 5, in text_match_three\n    return re.search(r\"ab{3}\", text) is not None\nNameError: name 're' is not defined\n",
      "exit_code": 1,
      "status": "Exception"
    },
    {
      "program": "def text_match_three(text: str) -> bool:\n    \"\"\"\n\tWrite a function that matches a string that has an a followed by three 'b'.\n\t\"\"\"\n    pattern = re.compile(r\"ab{3}\")\n    return bool(pattern.match(text))\n\n\ndef check(candidate):\n    assert candidate('ac') == False\n    assert candidate('dc') == False\n    assert candidate('abbbba') == True\n    assert candidate('caacabbbba') == True\n\ndef test_check():\n    check(text_match_three)\n\ntest_check()\n",
      "timestamp": 1665509876,
      "stdout": "",
      "stderr": "Traceback (most recent call last):\n  File \"/tmp/tmpc_1czqwh.py\", line 18, in <module>\n    test_check()\n  File \"/tmp/tmpc_1czqwh.py\", line 16, in test_check\n    check(text_match_three)\n  File \"/tmp/tmpc_1czqwh.py\", line 10, in check\n    assert candidate('ac') == False\n  File \"/tmp/tmpc_1czqwh.py\", line 5, in text_match_three\n    pattern = re.compile(r\"ab{3}\")\nNameError: name 're' is not defined\n",
      "exit_code": 1,
      "status": "Exception"
    },
    {
      "program": "def text_match_three(text: str) -> bool:\n    \"\"\"\n\tWrite a function that matches a string that has an a followed by three 'b'.\n\t\"\"\"\n    pattern = re.compile(r\"ab{3}\")\n    return bool(pattern.search(text))\n\n\ndef check(candidate):\n    assert candidate('ac') == False\n    assert candidate('dc') == False\n    assert candidate('abbbba') == True\n    assert candidate('caacabbbba') == True\n\ndef test_check():\n    check(text_match_three)\n\ntest_check()\n",
      "timestamp": 1665509876,
      "stdout": "",
      "stderr": "Traceback (most recent call last):\n  File \"/tmp/tmpjic_uulp.py\", line 18, in <module>\n    test_check()\n  File \"/tmp/tmpjic_uulp.py\", line 16, in test_check\n    check(text_match_three)\n  File \"/tmp/tmpjic_uulp.py\", line 10, in check\n    assert candidate('ac') == False\n  File \"/tmp/tmpjic_uulp.py\", line 5, in text_match_three\n    pattern = re.compile(r\"ab{3}\")\nNameError: name 're' is not defined\n",
      "exit_code": 1,
      "status": "Exception"
    },
    {
      "program": "def text_match_three(text: str) -> bool:\n    \"\"\"\n\tWrite a function that matches a string that has an a followed by three 'b'.\n\t\"\"\"\n    return re.search(r\"ab{3}\", text) is not None\n\n\ndef check(candidate):\n    assert candidate('ac') == False\n    assert candidate('dc') == False\n    assert candidate('abbbba') == True\n    assert candidate('caacabbbba') == True\n\ndef test_check():\n    check(text_match_three)\n\ntest_check()\n",
      "timestamp": 1665509876,
      "stdout": "",
      "stderr": "Traceback (most recent call last):\n  File \"/tmp/tmpxjmdkwal.py\", line 17, in <module>\n    test_check()\n  File \"/tmp/tmpxjmdkwal.py\", line 15, in test_check\n    check(text_match_three)\n  File \"/tmp/tmpxjmdkwal.py\", line 9, in check\n    assert candidate('ac') == False\n  File \"/tmp/tmpxjmdkwal.py\", line 5, in text_match_three\n    return re.search(r\"ab{3}\", text) is not None\nNameError: name 're' is not defined\n",
      "exit_code": 1,
      "status": "Exception"
    },
    {
      "program": "def text_match_three(text: str) -> bool:\n    \"\"\"\n\tWrite a function that matches a string that has an a followed by three 'b'.\n\t\"\"\"\n    pattern = re.compile(r\"ab{3}\")\n    return bool(pattern.search(text))\n\n\ndef check(candidate):\n    assert candidate('ac') == False\n    assert candidate('dc') == False\n    assert candidate('abbbba') == True\n    assert candidate('caacabbbba') == True\n\ndef test_check():\n    check(text_match_three)\n\ntest_check()\n",
      "timestamp": 1665509876,
      "stdout": "",
      "stderr": "Traceback (most recent call last):\n  File \"/tmp/tmpjic_uulp.py\", line 18, in <module>\n    test_check()\n  File \"/tmp/tmpjic_uulp.py\", line 16, in test_check\n    check(text_match_three)\n  File \"/tmp/tmpjic_uulp.py\", line 10, in check\n    assert candidate('ac') == False\n  File \"/tmp/tmpjic_uulp.py\", line 5, in text_match_three\n    pattern = re.compile(r\"ab{3}\")\nNameError: name 're' is not defined\n",
      "exit_code": 1,
      "status": "Exception"
    },
    {
      "program": "def text_match_three(text: str) -> bool:\n    \"\"\"\n\tWrite a function that matches a string that has an a followed by three 'b'.\n\t\"\"\"\n    return re.search(r\"ab{3}\", text) is not None\n\n\ndef check(candidate):\n    assert candidate('ac') == False\n    assert candidate('dc') == False\n    assert candidate('abbbba') == True\n    assert candidate('caacabbbba') == True\n\ndef test_check():\n    check(text_match_three)\n\ntest_check()\n",
      "timestamp": 1665509876,
      "stdout": "",
      "stderr": "Traceback (most recent call last):\n  File \"/tmp/tmpxjmdkwal.py\", line 17, in <module>\n    test_check()\n  File \"/tmp/tmpxjmdkwal.py\", line 15, in test_check\n    check(text_match_three)\n  File \"/tmp/tmpxjmdkwal.py\", line 9, in check\n    assert candidate('ac') == False\n  File \"/tmp/tmpxjmdkwal.py\", line 5, in text_match_three\n    return re.search(r\"ab{3}\", text) is not None\nNameError: name 're' is not defined\n",
      "exit_code": 1,
      "status": "Exception"
    },
    {
      "program": "def text_match_three(text: str) -> bool:\n    \"\"\"\n\tWrite a function that matches a string that has an a followed by three 'b'.\n\t\"\"\"\n    return re.search(r\"ab{3}\", text)\n\n\ndef check(candidate):\n    assert candidate('ac') == False\n    assert candidate('dc') == False\n    assert candidate('abbbba') == True\n    assert candidate('caacabbbba') == True\n\ndef test_check():\n    check(text_match_three)\n\ntest_check()\n",
      "timestamp": 1665509876,
      "stdout": "",
      "stderr": "Traceback (most recent call last):\n  File \"/tmp/tmpssblcnc9.py\", line 17, in <module>\n    test_check()\n  File \"/tmp/tmpssblcnc9.py\", line 15, in test_check\n    check(text_match_three)\n  File \"/tmp/tmpssblcnc9.py\", line 9, in check\n    assert candidate('ac') == False\n  File \"/tmp/tmpssblcnc9.py\", line 5, in text_match_three\n    return re.search(r\"ab{3}\", text)\nNameError: name 're' is not defined\n",
      "exit_code": 1,
      "status": "Exception"
    },
    {
      "program": "def text_match_three(text: str) -> bool:\n    \"\"\"\n\tWrite a function that matches a string that has an a followed by three 'b'.\n\t\"\"\"\n    return re.search(r\"ab{3}\", text)\n\n\ndef check(candidate):\n    assert candidate('ac') == False\n    assert candidate('dc') == False\n    assert candidate('abbbba') == True\n    assert candidate('caacabbbba') == True\n\ndef test_check():\n    check(text_match_three)\n\ntest_check()\n",
      "timestamp": 1665509876,
      "stdout": "",
      "stderr": "Traceback (most recent call last):\n  File \"/tmp/tmpssblcnc9.py\", line 17, in <module>\n    test_check()\n  File \"/tmp/tmpssblcnc9.py\", line 15, in test_check\n    check(text_match_three)\n  File \"/tmp/tmpssblcnc9.py\", line 9, in check\n    assert candidate('ac') == False\n  File \"/tmp/tmpssblcnc9.py\", line 5, in text_match_three\n    return re.search(r\"ab{3}\", text)\nNameError: name 're' is not defined\n",
      "exit_code": 1,
      "status": "Exception"
    },
    {
      "program": "def text_match_three(text: str) -> bool:\n    \"\"\"\n\tWrite a function that matches a string that has an a followed by three 'b'.\n\t\"\"\"\n    return re.search(r\"ab{3}\", text) is not None\n\n\ndef check(candidate):\n    assert candidate('ac') == False\n    assert candidate('dc') == False\n    assert candidate('abbbba') == True\n    assert candidate('caacabbbba') == True\n\ndef test_check():\n    check(text_match_three)\n\ntest_check()\n",
      "timestamp": 1665509876,
      "stdout": "",
      "stderr": "Traceback (most recent call last):\n  File \"/tmp/tmpxjmdkwal.py\", line 17, in <module>\n    test_check()\n  File \"/tmp/tmpxjmdkwal.py\", line 15, in test_check\n    check(text_match_three)\n  File \"/tmp/tmpxjmdkwal.py\", line 9, in check\n    assert candidate('ac') == False\n  File \"/tmp/tmpxjmdkwal.py\", line 5, in text_match_three\n    return re.search(r\"ab{3}\", text) is not None\nNameError: name 're' is not defined\n",
      "exit_code": 1,
      "status": "Exception"
    },
    {
      "program": "def text_match_three(text: str) -> bool:\n    \"\"\"\n\tWrite a function that matches a string that has an a followed by three 'b'.\n\t\"\"\"\n    return re.search(r'ab{3}', text) is not None\n\n\ndef check(candidate):\n    assert candidate('ac') == False\n    assert candidate('dc') == False\n    assert candidate('abbbba') == True\n    assert candidate('caacabbbba') == True\n\ndef test_check():\n    check(text_match_three)\n\ntest_check()\n",
      "timestamp": 1665509876,
      "stdout": "",
      "stderr": "Traceback (most recent call last):\n  File \"/tmp/tmpo83mttb5.py\", line 17, in <module>\n    test_check()\n  File \"/tmp/tmpo83mttb5.py\", line 15, in test_check\n    check(text_match_three)\n  File \"/tmp/tmpo83mttb5.py\", line 9, in check\n    assert candidate('ac') == False\n  File \"/tmp/tmpo83mttb5.py\", line 5, in text_match_three\n    return re.search(r'ab{3}', text) is not None\nNameError: name 're' is not defined\n",
      "exit_code": 1,
      "status": "Exception"
    },
    {
      "program": "def text_match_three(text: str) -> bool:\n    \"\"\"\n\tWrite a function that matches a string that has an a followed by three 'b'.\n\t\"\"\"\n    pattern = re.compile(r\"ab{3}\")\n    return bool(pattern.search(text))\n\n\ndef check(candidate):\n    assert candidate('ac') == False\n    assert candidate('dc') == False\n    assert candidate('abbbba') == True\n    assert candidate('caacabbbba') == True\n\ndef test_check():\n    check(text_match_three)\n\ntest_check()\n",
      "timestamp": 1665509876,
      "stdout": "",
      "stderr": "Traceback (most recent call last):\n  File \"/tmp/tmpjic_uulp.py\", line 18, in <module>\n    test_check()\n  File \"/tmp/tmpjic_uulp.py\", line 16, in test_check\n    check(text_match_three)\n  File \"/tmp/tmpjic_uulp.py\", line 10, in check\n    assert candidate('ac') == False\n  File \"/tmp/tmpjic_uulp.py\", line 5, in text_match_three\n    pattern = re.compile(r\"ab{3}\")\nNameError: name 're' is not defined\n",
      "exit_code": 1,
      "status": "Exception"
    },
    {
      "program": "def text_match_three(text: str) -> bool:\n    \"\"\"\n\tWrite a function that matches a string that has an a followed by three 'b'.\n\t\"\"\"\n    pattern = re.compile(r'ab{3}')\n    return bool(pattern.search(text))\n\n\ndef check(candidate):\n    assert candidate('ac') == False\n    assert candidate('dc') == False\n    assert candidate('abbbba') == True\n    assert candidate('caacabbbba') == True\n\ndef test_check():\n    check(text_match_three)\n\ntest_check()\n",
      "timestamp": 1665509876,
      "stdout": "",
      "stderr": "Traceback (most recent call last):\n  File \"/tmp/tmp7ktntzkw.py\", line 18, in <module>\n    test_check()\n  File \"/tmp/tmp7ktntzkw.py\", line 16, in test_check\n    check(text_match_three)\n  File \"/tmp/tmp7ktntzkw.py\", line 10, in check\n    assert candidate('ac') == False\n  File \"/tmp/tmp7ktntzkw.py\", line 5, in text_match_three\n    pattern = re.compile(r'ab{3}')\nNameError: name 're' is not defined\n",
      "exit_code": 1,
      "status": "Exception"
    },
    {
      "program": "def text_match_three(text: str) -> bool:\n    \"\"\"\n\tWrite a function that matches a string that has an a followed by three 'b'.\n\t\"\"\"\n    return re.search(r\"ab{3}\", text) is not None\n\n\ndef check(candidate):\n    assert candidate('ac') == False\n    assert candidate('dc') == False\n    assert candidate('abbbba') == True\n    assert candidate('caacabbbba') == True\n\ndef test_check():\n    check(text_match_three)\n\ntest_check()\n",
      "timestamp": 1665509876,
      "stdout": "",
      "stderr": "Traceback (most recent call last):\n  File \"/tmp/tmpxjmdkwal.py\", line 17, in <module>\n    test_check()\n  File \"/tmp/tmpxjmdkwal.py\", line 15, in test_check\n    check(text_match_three)\n  File \"/tmp/tmpxjmdkwal.py\", line 9, in check\n    assert candidate('ac') == False\n  File \"/tmp/tmpxjmdkwal.py\", line 5, in text_match_three\n    return re.search(r\"ab{3}\", text) is not None\nNameError: name 're' is not defined\n",
      "exit_code": 1,
      "status": "Exception"
    },
    {
      "program": "def text_match_three(text: str) -> bool:\n    \"\"\"\n\tWrite a function that matches a string that has an a followed by three 'b'.\n\t\"\"\"\n    pattern = re.compile(r'ab{3}')\n    return bool(pattern.search(text))\n\n\ndef check(candidate):\n    assert candidate('ac') == False\n    assert candidate('dc') == False\n    assert candidate('abbbba') == True\n    assert candidate('caacabbbba') == True\n\ndef test_check():\n    check(text_match_three)\n\ntest_check()\n",
      "timestamp": 1665509876,
      "stdout": "",
      "stderr": "Traceback (most recent call last):\n  File \"/tmp/tmp7ktntzkw.py\", line 18, in <module>\n    test_check()\n  File \"/tmp/tmp7ktntzkw.py\", line 16, in test_check\n    check(text_match_three)\n  File \"/tmp/tmp7ktntzkw.py\", line 10, in check\n    assert candidate('ac') == False\n  File \"/tmp/tmp7ktntzkw.py\", line 5, in text_match_three\n    pattern = re.compile(r'ab{3}')\nNameError: name 're' is not defined\n",
      "exit_code": 1,
      "status": "Exception"
    },
    {
      "program": "def text_match_three(text: str) -> bool:\n    \"\"\"\n\tWrite a function that matches a string that has an a followed by three 'b'.\n\t\"\"\"\n    pattern = re.compile(r\"ab{3}\")\n    return bool(pattern.match(text))\n\n\ndef check(candidate):\n    assert candidate('ac') == False\n    assert candidate('dc') == False\n    assert candidate('abbbba') == True\n    assert candidate('caacabbbba') == True\n\ndef test_check():\n    check(text_match_three)\n\ntest_check()\n",
      "timestamp": 1665509876,
      "stdout": "",
      "stderr": "Traceback (most recent call last):\n  File \"/tmp/tmpc_1czqwh.py\", line 18, in <module>\n    test_check()\n  File \"/tmp/tmpc_1czqwh.py\", line 16, in test_check\n    check(text_match_three)\n  File \"/tmp/tmpc_1czqwh.py\", line 10, in check\n    assert candidate('ac') == False\n  File \"/tmp/tmpc_1czqwh.py\", line 5, in text_match_three\n    pattern = re.compile(r\"ab{3}\")\nNameError: name 're' is not defined\n",
      "exit_code": 1,
      "status": "Exception"
    },
    {
      "program": "def text_match_three(text: str) -> bool:\n    \"\"\"\n\tWrite a function that matches a string that has an a followed by three 'b'.\n\t\"\"\"\n    return re.search(r\"ab{3}\", text)\n\n\ndef check(candidate):\n    assert candidate('ac') == False\n    assert candidate('dc') == False\n    assert candidate('abbbba') == True\n    assert candidate('caacabbbba') == True\n\ndef test_check():\n    check(text_match_three)\n\ntest_check()\n",
      "timestamp": 1665509876,
      "stdout": "",
      "stderr": "Traceback (most recent call last):\n  File \"/tmp/tmpssblcnc9.py\", line 17, in <module>\n    test_check()\n  File \"/tmp/tmpssblcnc9.py\", line 15, in test_check\n    check(text_match_three)\n  File \"/tmp/tmpssblcnc9.py\", line 9, in check\n    assert candidate('ac') == False\n  File \"/tmp/tmpssblcnc9.py\", line 5, in text_match_three\n    return re.search(r\"ab{3}\", text)\nNameError: name 're' is not defined\n",
      "exit_code": 1,
      "status": "Exception"
    },
    {
      "program": "def text_match_three(text: str) -> bool:\n    \"\"\"\n\tWrite a function that matches a string that has an a followed by three 'b'.\n\t\"\"\"\n    return re.search(r\"ab{3}\", text)\n\n\ndef check(candidate):\n    assert candidate('ac') == False\n    assert candidate('dc') == False\n    assert candidate('abbbba') == True\n    assert candidate('caacabbbba') == True\n\ndef test_check():\n    check(text_match_three)\n\ntest_check()\n",
      "timestamp": 1665509876,
      "stdout": "",
      "stderr": "Traceback (most recent call last):\n  File \"/tmp/tmpssblcnc9.py\", line 17, in <module>\n    test_check()\n  File \"/tmp/tmpssblcnc9.py\", line 15, in test_check\n    check(text_match_three)\n  File \"/tmp/tmpssblcnc9.py\", line 9, in check\n    assert candidate('ac') == False\n  File \"/tmp/tmpssblcnc9.py\", line 5, in text_match_three\n    return re.search(r\"ab{3}\", text)\nNameError: name 're' is not defined\n",
      "exit_code": 1,
      "status": "Exception"
    },
    {
      "program": "def text_match_three(text: str) -> bool:\n    \"\"\"\n\tWrite a function that matches a string that has an a followed by three 'b'.\n\t\"\"\"\n    pattern = re.compile(r\"ab{3}\")\n    return bool(pattern.search(text))\n\n\ndef check(candidate):\n    assert candidate('ac') == False\n    assert candidate('dc') == False\n    assert candidate('abbbba') == True\n    assert candidate('caacabbbba') == True\n\ndef test_check():\n    check(text_match_three)\n\ntest_check()\n",
      "timestamp": 1665509876,
      "stdout": "",
      "stderr": "Traceback (most recent call last):\n  File \"/tmp/tmpjic_uulp.py\", line 18, in <module>\n    test_check()\n  File \"/tmp/tmpjic_uulp.py\", line 16, in test_check\n    check(text_match_three)\n  File \"/tmp/tmpjic_uulp.py\", line 10, in check\n    assert candidate('ac') == False\n  File \"/tmp/tmpjic_uulp.py\", line 5, in text_match_three\n    pattern = re.compile(r\"ab{3}\")\nNameError: name 're' is not defined\n",
      "exit_code": 1,
      "status": "Exception"
    },
    {
      "program": "def text_match_three(text: str) -> bool:\n    \"\"\"\n\tWrite a function that matches a string that has an a followed by three 'b'.\n\t\"\"\"\n    return re.search(r\"ab{3}\", text)\n\n\ndef check(candidate):\n    assert candidate('ac') == False\n    assert candidate('dc') == False\n    assert candidate('abbbba') == True\n    assert candidate('caacabbbba') == True\n\ndef test_check():\n    check(text_match_three)\n\ntest_check()\n",
      "timestamp": 1665509876,
      "stdout": "",
      "stderr": "Traceback (most recent call last):\n  File \"/tmp/tmpssblcnc9.py\", line 17, in <module>\n    test_check()\n  File \"/tmp/tmpssblcnc9.py\", line 15, in test_check\n    check(text_match_three)\n  File \"/tmp/tmpssblcnc9.py\", line 9, in check\n    assert candidate('ac') == False\n  File \"/tmp/tmpssblcnc9.py\", line 5, in text_match_three\n    return re.search(r\"ab{3}\", text)\nNameError: name 're' is not defined\n",
      "exit_code": 1,
      "status": "Exception"
    },
    {
      "program": "def text_match_three(text: str) -> bool:\n    \"\"\"\n\tWrite a function that matches a string that has an a followed by three 'b'.\n\t\"\"\"\n    return re.search(r\"ab{3}\", text) is not None\n\n\ndef check(candidate):\n    assert candidate('ac') == False\n    assert candidate('dc') == False\n    assert candidate('abbbba') == True\n    assert candidate('caacabbbba') == True\n\ndef test_check():\n    check(text_match_three)\n\ntest_check()\n",
      "timestamp": 1665509876,
      "stdout": "",
      "stderr": "Traceback (most recent call last):\n  File \"/tmp/tmpxjmdkwal.py\", line 17, in <module>\n    test_check()\n  File \"/tmp/tmpxjmdkwal.py\", line 15, in test_check\n    check(text_match_three)\n  File \"/tmp/tmpxjmdkwal.py\", line 9, in check\n    assert candidate('ac') == False\n  File \"/tmp/tmpxjmdkwal.py\", line 5, in text_match_three\n    return re.search(r\"ab{3}\", text) is not None\nNameError: name 're' is not defined\n",
      "exit_code": 1,
      "status": "Exception"
    },
    {
      "program": "def text_match_three(text: str) -> bool:\n    \"\"\"\n\tWrite a function that matches a string that has an a followed by three 'b'.\n\t\"\"\"\n    pattern = re.compile(r\"ab{3}\")\n    return pattern.search(text) is not None\n\n\ndef check(candidate):\n    assert candidate('ac') == False\n    assert candidate('dc') == False\n    assert candidate('abbbba') == True\n    assert candidate('caacabbbba') == True\n\ndef test_check():\n    check(text_match_three)\n\ntest_check()\n",
      "timestamp": 1665509876,
      "stdout": "",
      "stderr": "Traceback (most recent call last):\n  File \"/tmp/tmprj2ay09a.py\", line 18, in <module>\n    test_check()\n  File \"/tmp/tmprj2ay09a.py\", line 16, in test_check\n    check(text_match_three)\n  File \"/tmp/tmprj2ay09a.py\", line 10, in check\n    assert candidate('ac') == False\n  File \"/tmp/tmprj2ay09a.py\", line 5, in text_match_three\n    pattern = re.compile(r\"ab{3}\")\nNameError: name 're' is not defined\n",
      "exit_code": 1,
      "status": "Exception"
    },
    {
      "program": "def text_match_three(text: str) -> bool:\n    \"\"\"\n\tWrite a function that matches a string that has an a followed by three 'b'.\n\t\"\"\"\n    return re.search(r\"ab{3}\", text) is not None\n\n\ndef check(candidate):\n    assert candidate('ac') == False\n    assert candidate('dc') == False\n    assert candidate('abbbba') == True\n    assert candidate('caacabbbba') == True\n\ndef test_check():\n    check(text_match_three)\n\ntest_check()\n",
      "timestamp": 1665509876,
      "stdout": "",
      "stderr": "Traceback (most recent call last):\n  File \"/tmp/tmpxjmdkwal.py\", line 17, in <module>\n    test_check()\n  File \"/tmp/tmpxjmdkwal.py\", line 15, in test_check\n    check(text_match_three)\n  File \"/tmp/tmpxjmdkwal.py\", line 9, in check\n    assert candidate('ac') == False\n  File \"/tmp/tmpxjmdkwal.py\", line 5, in text_match_three\n    return re.search(r\"ab{3}\", text) is not None\nNameError: name 're' is not defined\n",
      "exit_code": 1,
      "status": "Exception"
    },
    {
      "program": "def text_match_three(text: str) -> bool:\n    \"\"\"\n\tWrite a function that matches a string that has an a followed by three 'b'.\n\t\"\"\"\n    pattern = re.compile(r'ab{3}')\n    return bool(pattern.search(text))\n\n\ndef check(candidate):\n    assert candidate('ac') == False\n    assert candidate('dc') == False\n    assert candidate('abbbba') == True\n    assert candidate('caacabbbba') == True\n\ndef test_check():\n    check(text_match_three)\n\ntest_check()\n",
      "timestamp": 1665509876,
      "stdout": "",
      "stderr": "Traceback (most recent call last):\n  File \"/tmp/tmp7ktntzkw.py\", line 18, in <module>\n    test_check()\n  File \"/tmp/tmp7ktntzkw.py\", line 16, in test_check\n    check(text_match_three)\n  File \"/tmp/tmp7ktntzkw.py\", line 10, in check\n    assert candidate('ac') == False\n  File \"/tmp/tmp7ktntzkw.py\", line 5, in text_match_three\n    pattern = re.compile(r'ab{3}')\nNameError: name 're' is not defined\n",
      "exit_code": 1,
      "status": "Exception"
    },
    {
      "program": "def text_match_three(text: str) -> bool:\n    \"\"\"\n\tWrite a function that matches a string that has an a followed by three 'b'.\n\t\"\"\"\n    return re.search(r'ab{3}', text)\n\n\ndef check(candidate):\n    assert candidate('ac') == False\n    assert candidate('dc') == False\n    assert candidate('abbbba') == True\n    assert candidate('caacabbbba') == True\n\ndef test_check():\n    check(text_match_three)\n\ntest_check()\n",
      "timestamp": 1665509876,
      "stdout": "",
      "stderr": "Traceback (most recent call last):\n  File \"/tmp/tmpnjfpwp56.py\", line 17, in <module>\n    test_check()\n  File \"/tmp/tmpnjfpwp56.py\", line 15, in test_check\n    check(text_match_three)\n  File \"/tmp/tmpnjfpwp56.py\", line 9, in check\n    assert candidate('ac') == False\n  File \"/tmp/tmpnjfpwp56.py\", line 5, in text_match_three\n    return re.search(r'ab{3}', text)\nNameError: name 're' is not defined\n",
      "exit_code": 1,
      "status": "Exception"
    },
    {
      "program": "def text_match_three(text: str) -> bool:\n    \"\"\"\n\tWrite a function that matches a string that has an a followed by three 'b'.\n\t\"\"\"\n    return re.search(r\"ab{3}\", text) is not None\n\n\ndef check(candidate):\n    assert candidate('ac') == False\n    assert candidate('dc') == False\n    assert candidate('abbbba') == True\n    assert candidate('caacabbbba') == True\n\ndef test_check():\n    check(text_match_three)\n\ntest_check()\n",
      "timestamp": 1665509876,
      "stdout": "",
      "stderr": "Traceback (most recent call last):\n  File \"/tmp/tmpxjmdkwal.py\", line 17, in <module>\n    test_check()\n  File \"/tmp/tmpxjmdkwal.py\", line 15, in test_check\n    check(text_match_three)\n  File \"/tmp/tmpxjmdkwal.py\", line 9, in check\n    assert candidate('ac') == False\n  File \"/tmp/tmpxjmdkwal.py\", line 5, in text_match_three\n    return re.search(r\"ab{3}\", text) is not None\nNameError: name 're' is not defined\n",
      "exit_code": 1,
      "status": "Exception"
    },
    {
      "program": "def text_match_three(text: str) -> bool:\n    \"\"\"\n\tWrite a function that matches a string that has an a followed by three 'b'.\n\t\"\"\"\n    return re.search(r\"ab{3}\", text)\n\n\ndef check(candidate):\n    assert candidate('ac') == False\n    assert candidate('dc') == False\n    assert candidate('abbbba') == True\n    assert candidate('caacabbbba') == True\n\ndef test_check():\n    check(text_match_three)\n\ntest_check()\n",
      "timestamp": 1665509876,
      "stdout": "",
      "stderr": "Traceback (most recent call last):\n  File \"/tmp/tmpssblcnc9.py\", line 17, in <module>\n    test_check()\n  File \"/tmp/tmpssblcnc9.py\", line 15, in test_check\n    check(text_match_three)\n  File \"/tmp/tmpssblcnc9.py\", line 9, in check\n    assert candidate('ac') == False\n  File \"/tmp/tmpssblcnc9.py\", line 5, in text_match_three\n    return re.search(r\"ab{3}\", text)\nNameError: name 're' is not defined\n",
      "exit_code": 1,
      "status": "Exception"
    },
    {
      "program": "def text_match_three(text: str) -> bool:\n    \"\"\"\n\tWrite a function that matches a string that has an a followed by three 'b'.\n\t\"\"\"\n    pattern = re.compile(r\"ab{3}\")\n    return pattern.search(text) is not None\n\n\ndef check(candidate):\n    assert candidate('ac') == False\n    assert candidate('dc') == False\n    assert candidate('abbbba') == True\n    assert candidate('caacabbbba') == True\n\ndef test_check():\n    check(text_match_three)\n\ntest_check()\n",
      "timestamp": 1665509876,
      "stdout": "",
      "stderr": "Traceback (most recent call last):\n  File \"/tmp/tmprj2ay09a.py\", line 18, in <module>\n    test_check()\n  File \"/tmp/tmprj2ay09a.py\", line 16, in test_check\n    check(text_match_three)\n  File \"/tmp/tmprj2ay09a.py\", line 10, in check\n    assert candidate('ac') == False\n  File \"/tmp/tmprj2ay09a.py\", line 5, in text_match_three\n    pattern = re.compile(r\"ab{3}\")\nNameError: name 're' is not defined\n",
      "exit_code": 1,
      "status": "Exception"
    },
    {
      "program": "def text_match_three(text: str) -> bool:\n    \"\"\"\n\tWrite a function that matches a string that has an a followed by three 'b'.\n\t\"\"\"\n    pattern = r\"ab{3}\"\n    if re.search(pattern, text):\n        return True\n    return False\n\n\ndef check(candidate):\n    assert candidate('ac') == False\n    assert candidate('dc') == False\n    assert candidate('abbbba') == True\n    assert candidate('caacabbbba') == True\n\ndef test_check():\n    check(text_match_three)\n\ntest_check()\n",
      "timestamp": 1666122732,
      "stdout": "",
      "stderr": "Traceback (most recent call last):\n  File \"/tmp/tmpmg6oymf9.py\", line 20, in <module>\n    test_check()\n  File \"/tmp/tmpmg6oymf9.py\", line 18, in test_check\n    check(text_match_three)\n  File \"/tmp/tmpmg6oymf9.py\", line 12, in check\n    assert candidate('ac') == False\n  File \"/tmp/tmpmg6oymf9.py\", line 6, in text_match_three\n    if re.search(pattern, text):\nNameError: name 're' is not defined\n",
      "exit_code": 1,
      "status": "Exception"
    }
  ]
}