{
  "name": "mbpp_293_otherside_rightangle",
  "language": "py",
  "prompt": "def otherside_rightangle(w: int, h: int) -> float:\n    \"\"\"\n\tWrite a function to find the third side of a right angled triangle.\n\t\"\"\"\n",
  "doctests": "keep",
  "original": "/home/arjun/repos/MultiPL-E/datasets/../datasets/mbpp-typed/mbpp_293_otherside_rightangle.py",
  "prompt_terminology": "verbatim",
  "tests": "def check(candidate):\n    assert candidate(7, 8) == 10.63014581273465\n    assert candidate(3, 4) == 5\n    assert candidate(7, 15) == 16.55294535724685\n\ndef test_check():\n    check(otherside_rightangle)\n\ntest_check()\n",
  "stop_tokens": [
    "\ndef",
    "\n#",
    "\nif",
    "\nclass"
  ],
  "results": [
    {
      "program": "def otherside_rightangle(w: int, h: int) -> float:\n    \"\"\"\n\tWrite a function to find the third side of a right angled triangle.\n\t\"\"\"\n    return math.sqrt(w ** 2 + h ** 2)\n\n\ndef check(candidate):\n    assert candidate(7, 8) == 10.63014581273465\n    assert candidate(3, 4) == 5\n    assert candidate(7, 15) == 16.55294535724685\n\ndef test_check():\n    check(otherside_rightangle)\n\ntest_check()\n",
      "timestamp": 1665517474,
      "stdout": "",
      "stderr": "Traceback (most recent call last):\n  File \"/tmp/tmpawddrjoi.py\", line 16, in <module>\n    test_check()\n  File \"/tmp/tmpawddrjoi.py\", line 14, in test_check\n    check(otherside_rightangle)\n  File \"/tmp/tmpawddrjoi.py\", line 9, in check\n    assert candidate(7, 8) == 10.63014581273465\n  File \"/tmp/tmpawddrjoi.py\", line 5, in otherside_rightangle\n    return math.sqrt(w ** 2 + h ** 2)\nNameError: name 'math' is not defined\n",
      "exit_code": 1,
      "status": "Exception"
    },
    {
      "program": "def otherside_rightangle(w: int, h: int) -> float:\n    \"\"\"\n\tWrite a function to find the third side of a right angled triangle.\n\t\"\"\"\n    return math.sqrt(w ** 2 + h ** 2)\n\n\ndef check(candidate):\n    assert candidate(7, 8) == 10.63014581273465\n    assert candidate(3, 4) == 5\n    assert candidate(7, 15) == 16.55294535724685\n\ndef test_check():\n    check(otherside_rightangle)\n\ntest_check()\n",
      "timestamp": 1665517474,
      "stdout": "",
      "stderr": "Traceback (most recent call last):\n  File \"/tmp/tmpawddrjoi.py\", line 16, in <module>\n    test_check()\n  File \"/tmp/tmpawddrjoi.py\", line 14, in test_check\n    check(otherside_rightangle)\n  File \"/tmp/tmpawddrjoi.py\", line 9, in check\n    assert candidate(7, 8) == 10.63014581273465\n  File \"/tmp/tmpawddrjoi.py\", line 5, in otherside_rightangle\n    return math.sqrt(w ** 2 + h ** 2)\nNameError: name 'math' is not defined\n",
      "exit_code": 1,
      "status": "Exception"
    },
    {
      "program": "def otherside_rightangle(w: int, h: int) -> float:\n    \"\"\"\n\tWrite a function to find the third side of a right angled triangle.\n\t\"\"\"\n    return math.sqrt(w ** 2 + h ** 2)\n\n\ndef check(candidate):\n    assert candidate(7, 8) == 10.63014581273465\n    assert candidate(3, 4) == 5\n    assert candidate(7, 15) == 16.55294535724685\n\ndef test_check():\n    check(otherside_rightangle)\n\ntest_check()\n",
      "timestamp": 1665517474,
      "stdout": "",
      "stderr": "Traceback (most recent call last):\n  File \"/tmp/tmpawddrjoi.py\", line 16, in <module>\n    test_check()\n  File \"/tmp/tmpawddrjoi.py\", line 14, in test_check\n    check(otherside_rightangle)\n  File \"/tmp/tmpawddrjoi.py\", line 9, in check\n    assert candidate(7, 8) == 10.63014581273465\n  File \"/tmp/tmpawddrjoi.py\", line 5, in otherside_rightangle\n    return math.sqrt(w ** 2 + h ** 2)\nNameError: name 'math' is not defined\n",
      "exit_code": 1,
      "status": "Exception"
    },
    {
      "program": "def otherside_rightangle(w: int, h: int) -> float:\n    \"\"\"\n\tWrite a function to find the third side of a right angled triangle.\n\t\"\"\"\n    return math.sqrt(w ** 2 + h ** 2)\n\n\ndef check(candidate):\n    assert candidate(7, 8) == 10.63014581273465\n    assert candidate(3, 4) == 5\n    assert candidate(7, 15) == 16.55294535724685\n\ndef test_check():\n    check(otherside_rightangle)\n\ntest_check()\n",
      "timestamp": 1665517474,
      "stdout": "",
      "stderr": "Traceback (most recent call last):\n  File \"/tmp/tmpawddrjoi.py\", line 16, in <module>\n    test_check()\n  File \"/tmp/tmpawddrjoi.py\", line 14, in test_check\n    check(otherside_rightangle)\n  File \"/tmp/tmpawddrjoi.py\", line 9, in check\n    assert candidate(7, 8) == 10.63014581273465\n  File \"/tmp/tmpawddrjoi.py\", line 5, in otherside_rightangle\n    return math.sqrt(w ** 2 + h ** 2)\nNameError: name 'math' is not defined\n",
      "exit_code": 1,
      "status": "Exception"
    },
    {
      "program": "def otherside_rightangle(w: int, h: int) -> float:\n    \"\"\"\n\tWrite a function to find the third side of a right angled triangle.\n\t\"\"\"\n    return math.sqrt(w ** 2 + h ** 2)\n\n\ndef check(candidate):\n    assert candidate(7, 8) == 10.63014581273465\n    assert candidate(3, 4) == 5\n    assert candidate(7, 15) == 16.55294535724685\n\ndef test_check():\n    check(otherside_rightangle)\n\ntest_check()\n",
      "timestamp": 1665517474,
      "stdout": "",
      "stderr": "Traceback (most recent call last):\n  File \"/tmp/tmpawddrjoi.py\", line 16, in <module>\n    test_check()\n  File \"/tmp/tmpawddrjoi.py\", line 14, in test_check\n    check(otherside_rightangle)\n  File \"/tmp/tmpawddrjoi.py\", line 9, in check\n    assert candidate(7, 8) == 10.63014581273465\n  File \"/tmp/tmpawddrjoi.py\", line 5, in otherside_rightangle\n    return math.sqrt(w ** 2 + h ** 2)\nNameError: name 'math' is not defined\n",
      "exit_code": 1,
      "status": "Exception"
    },
    {
      "program": "def otherside_rightangle(w: int, h: int) -> float:\n    \"\"\"\n\tWrite a function to find the third side of a right angled triangle.\n\t\"\"\"\n    return math.sqrt(w ** 2 + h ** 2)\n\n\ndef check(candidate):\n    assert candidate(7, 8) == 10.63014581273465\n    assert candidate(3, 4) == 5\n    assert candidate(7, 15) == 16.55294535724685\n\ndef test_check():\n    check(otherside_rightangle)\n\ntest_check()\n",
      "timestamp": 1665517474,
      "stdout": "",
      "stderr": "Traceback (most recent call last):\n  File \"/tmp/tmpawddrjoi.py\", line 16, in <module>\n    test_check()\n  File \"/tmp/tmpawddrjoi.py\", line 14, in test_check\n    check(otherside_rightangle)\n  File \"/tmp/tmpawddrjoi.py\", line 9, in check\n    assert candidate(7, 8) == 10.63014581273465\n  File \"/tmp/tmpawddrjoi.py\", line 5, in otherside_rightangle\n    return math.sqrt(w ** 2 + h ** 2)\nNameError: name 'math' is not defined\n",
      "exit_code": 1,
      "status": "Exception"
    },
    {
      "program": "def otherside_rightangle(w: int, h: int) -> float:\n    \"\"\"\n\tWrite a function to find the third side of a right angled triangle.\n\t\"\"\"\n    return math.sqrt(w ** 2 + h ** 2)\n\n\ndef check(candidate):\n    assert candidate(7, 8) == 10.63014581273465\n    assert candidate(3, 4) == 5\n    assert candidate(7, 15) == 16.55294535724685\n\ndef test_check():\n    check(otherside_rightangle)\n\ntest_check()\n",
      "timestamp": 1665517474,
      "stdout": "",
      "stderr": "Traceback (most recent call last):\n  File \"/tmp/tmpawddrjoi.py\", line 16, in <module>\n    test_check()\n  File \"/tmp/tmpawddrjoi.py\", line 14, in test_check\n    check(otherside_rightangle)\n  File \"/tmp/tmpawddrjoi.py\", line 9, in check\n    assert candidate(7, 8) == 10.63014581273465\n  File \"/tmp/tmpawddrjoi.py\", line 5, in otherside_rightangle\n    return math.sqrt(w ** 2 + h ** 2)\nNameError: name 'math' is not defined\n",
      "exit_code": 1,
      "status": "Exception"
    },
    {
      "program": "def otherside_rightangle(w: int, h: int) -> float:\n    \"\"\"\n\tWrite a function to find the third side of a right angled triangle.\n\t\"\"\"\n    return math.sqrt(w ** 2 + h ** 2)\n\n\ndef check(candidate):\n    assert candidate(7, 8) == 10.63014581273465\n    assert candidate(3, 4) == 5\n    assert candidate(7, 15) == 16.55294535724685\n\ndef test_check():\n    check(otherside_rightangle)\n\ntest_check()\n",
      "timestamp": 1665517474,
      "stdout": "",
      "stderr": "Traceback (most recent call last):\n  File \"/tmp/tmpawddrjoi.py\", line 16, in <module>\n    test_check()\n  File \"/tmp/tmpawddrjoi.py\", line 14, in test_check\n    check(otherside_rightangle)\n  File \"/tmp/tmpawddrjoi.py\", line 9, in check\n    assert candidate(7, 8) == 10.63014581273465\n  File \"/tmp/tmpawddrjoi.py\", line 5, in otherside_rightangle\n    return math.sqrt(w ** 2 + h ** 2)\nNameError: name 'math' is not defined\n",
      "exit_code": 1,
      "status": "Exception"
    },
    {
      "program": "def otherside_rightangle(w: int, h: int) -> float:\n    \"\"\"\n\tWrite a function to find the third side of a right angled triangle.\n\t\"\"\"\n    return math.sqrt(w ** 2 + h ** 2)\n\n\ndef check(candidate):\n    assert candidate(7, 8) == 10.63014581273465\n    assert candidate(3, 4) == 5\n    assert candidate(7, 15) == 16.55294535724685\n\ndef test_check():\n    check(otherside_rightangle)\n\ntest_check()\n",
      "timestamp": 1665517474,
      "stdout": "",
      "stderr": "Traceback (most recent call last):\n  File \"/tmp/tmpawddrjoi.py\", line 16, in <module>\n    test_check()\n  File \"/tmp/tmpawddrjoi.py\", line 14, in test_check\n    check(otherside_rightangle)\n  File \"/tmp/tmpawddrjoi.py\", line 9, in check\n    assert candidate(7, 8) == 10.63014581273465\n  File \"/tmp/tmpawddrjoi.py\", line 5, in otherside_rightangle\n    return math.sqrt(w ** 2 + h ** 2)\nNameError: name 'math' is not defined\n",
      "exit_code": 1,
      "status": "Exception"
    },
    {
      "program": "def otherside_rightangle(w: int, h: int) -> float:\n    \"\"\"\n\tWrite a function to find the third side of a right angled triangle.\n\t\"\"\"\n    return math.sqrt(w ** 2 + h ** 2)\n\n\ndef check(candidate):\n    assert candidate(7, 8) == 10.63014581273465\n    assert candidate(3, 4) == 5\n    assert candidate(7, 15) == 16.55294535724685\n\ndef test_check():\n    check(otherside_rightangle)\n\ntest_check()\n",
      "timestamp": 1665517474,
      "stdout": "",
      "stderr": "Traceback (most recent call last):\n  File \"/tmp/tmpawddrjoi.py\", line 16, in <module>\n    test_check()\n  File \"/tmp/tmpawddrjoi.py\", line 14, in test_check\n    check(otherside_rightangle)\n  File \"/tmp/tmpawddrjoi.py\", line 9, in check\n    assert candidate(7, 8) == 10.63014581273465\n  File \"/tmp/tmpawddrjoi.py\", line 5, in otherside_rightangle\n    return math.sqrt(w ** 2 + h ** 2)\nNameError: name 'math' is not defined\n",
      "exit_code": 1,
      "status": "Exception"
    },
    {
      "program": "def otherside_rightangle(w: int, h: int) -> float:\n    \"\"\"\n\tWrite a function to find the third side of a right angled triangle.\n\t\"\"\"\n    return math.sqrt(w ** 2 + h ** 2)\n\n\ndef check(candidate):\n    assert candidate(7, 8) == 10.63014581273465\n    assert candidate(3, 4) == 5\n    assert candidate(7, 15) == 16.55294535724685\n\ndef test_check():\n    check(otherside_rightangle)\n\ntest_check()\n",
      "timestamp": 1665517474,
      "stdout": "",
      "stderr": "Traceback (most recent call last):\n  File \"/tmp/tmpawddrjoi.py\", line 16, in <module>\n    test_check()\n  File \"/tmp/tmpawddrjoi.py\", line 14, in test_check\n    check(otherside_rightangle)\n  File \"/tmp/tmpawddrjoi.py\", line 9, in check\n    assert candidate(7, 8) == 10.63014581273465\n  File \"/tmp/tmpawddrjoi.py\", line 5, in otherside_rightangle\n    return math.sqrt(w ** 2 + h ** 2)\nNameError: name 'math' is not defined\n",
      "exit_code": 1,
      "status": "Exception"
    },
    {
      "program": "def otherside_rightangle(w: int, h: int) -> float:\n    \"\"\"\n\tWrite a function to find the third side of a right angled triangle.\n\t\"\"\"\n    return math.sqrt(w ** 2 + h ** 2)\n\n\ndef check(candidate):\n    assert candidate(7, 8) == 10.63014581273465\n    assert candidate(3, 4) == 5\n    assert candidate(7, 15) == 16.55294535724685\n\ndef test_check():\n    check(otherside_rightangle)\n\ntest_check()\n",
      "timestamp": 1665517474,
      "stdout": "",
      "stderr": "Traceback (most recent call last):\n  File \"/tmp/tmpawddrjoi.py\", line 16, in <module>\n    test_check()\n  File \"/tmp/tmpawddrjoi.py\", line 14, in test_check\n    check(otherside_rightangle)\n  File \"/tmp/tmpawddrjoi.py\", line 9, in check\n    assert candidate(7, 8) == 10.63014581273465\n  File \"/tmp/tmpawddrjoi.py\", line 5, in otherside_rightangle\n    return math.sqrt(w ** 2 + h ** 2)\nNameError: name 'math' is not defined\n",
      "exit_code": 1,
      "status": "Exception"
    },
    {
      "program": "def otherside_rightangle(w: int, h: int) -> float:\n    \"\"\"\n\tWrite a function to find the third side of a right angled triangle.\n\t\"\"\"\n    return math.sqrt(w ** 2 + h ** 2)\n\n\ndef check(candidate):\n    assert candidate(7, 8) == 10.63014581273465\n    assert candidate(3, 4) == 5\n    assert candidate(7, 15) == 16.55294535724685\n\ndef test_check():\n    check(otherside_rightangle)\n\ntest_check()\n",
      "timestamp": 1665517474,
      "stdout": "",
      "stderr": "Traceback (most recent call last):\n  File \"/tmp/tmpawddrjoi.py\", line 16, in <module>\n    test_check()\n  File \"/tmp/tmpawddrjoi.py\", line 14, in test_check\n    check(otherside_rightangle)\n  File \"/tmp/tmpawddrjoi.py\", line 9, in check\n    assert candidate(7, 8) == 10.63014581273465\n  File \"/tmp/tmpawddrjoi.py\", line 5, in otherside_rightangle\n    return math.sqrt(w ** 2 + h ** 2)\nNameError: name 'math' is not defined\n",
      "exit_code": 1,
      "status": "Exception"
    },
    {
      "program": "def otherside_rightangle(w: int, h: int) -> float:\n    \"\"\"\n\tWrite a function to find the third side of a right angled triangle.\n\t\"\"\"\n    return math.sqrt(w ** 2 + h ** 2)\n\n\ndef check(candidate):\n    assert candidate(7, 8) == 10.63014581273465\n    assert candidate(3, 4) == 5\n    assert candidate(7, 15) == 16.55294535724685\n\ndef test_check():\n    check(otherside_rightangle)\n\ntest_check()\n",
      "timestamp": 1665517474,
      "stdout": "",
      "stderr": "Traceback (most recent call last):\n  File \"/tmp/tmpawddrjoi.py\", line 16, in <module>\n    test_check()\n  File \"/tmp/tmpawddrjoi.py\", line 14, in test_check\n    check(otherside_rightangle)\n  File \"/tmp/tmpawddrjoi.py\", line 9, in check\n    assert candidate(7, 8) == 10.63014581273465\n  File \"/tmp/tmpawddrjoi.py\", line 5, in otherside_rightangle\n    return math.sqrt(w ** 2 + h ** 2)\nNameError: name 'math' is not defined\n",
      "exit_code": 1,
      "status": "Exception"
    },
    {
      "program": "def otherside_rightangle(w: int, h: int) -> float:\n    \"\"\"\n\tWrite a function to find the third side of a right angled triangle.\n\t\"\"\"\n    return math.sqrt(w ** 2 + h ** 2)\n\n\ndef check(candidate):\n    assert candidate(7, 8) == 10.63014581273465\n    assert candidate(3, 4) == 5\n    assert candidate(7, 15) == 16.55294535724685\n\ndef test_check():\n    check(otherside_rightangle)\n\ntest_check()\n",
      "timestamp": 1665517474,
      "stdout": "",
      "stderr": "Traceback (most recent call last):\n  File \"/tmp/tmpawddrjoi.py\", line 16, in <module>\n    test_check()\n  File \"/tmp/tmpawddrjoi.py\", line 14, in test_check\n    check(otherside_rightangle)\n  File \"/tmp/tmpawddrjoi.py\", line 9, in check\n    assert candidate(7, 8) == 10.63014581273465\n  File \"/tmp/tmpawddrjoi.py\", line 5, in otherside_rightangle\n    return math.sqrt(w ** 2 + h ** 2)\nNameError: name 'math' is not defined\n",
      "exit_code": 1,
      "status": "Exception"
    },
    {
      "program": "def otherside_rightangle(w: int, h: int) -> float:\n    \"\"\"\n\tWrite a function to find the third side of a right angled triangle.\n\t\"\"\"\n    return math.sqrt(w ** 2 + h ** 2)\n\n\ndef check(candidate):\n    assert candidate(7, 8) == 10.63014581273465\n    assert candidate(3, 4) == 5\n    assert candidate(7, 15) == 16.55294535724685\n\ndef test_check():\n    check(otherside_rightangle)\n\ntest_check()\n",
      "timestamp": 1665517474,
      "stdout": "",
      "stderr": "Traceback (most recent call last):\n  File \"/tmp/tmpawddrjoi.py\", line 16, in <module>\n    test_check()\n  File \"/tmp/tmpawddrjoi.py\", line 14, in test_check\n    check(otherside_rightangle)\n  File \"/tmp/tmpawddrjoi.py\", line 9, in check\n    assert candidate(7, 8) == 10.63014581273465\n  File \"/tmp/tmpawddrjoi.py\", line 5, in otherside_rightangle\n    return math.sqrt(w ** 2 + h ** 2)\nNameError: name 'math' is not defined\n",
      "exit_code": 1,
      "status": "Exception"
    },
    {
      "program": "def otherside_rightangle(w: int, h: int) -> float:\n    \"\"\"\n\tWrite a function to find the third side of a right angled triangle.\n\t\"\"\"\n    return math.sqrt(w ** 2 + h ** 2)\n\n\ndef check(candidate):\n    assert candidate(7, 8) == 10.63014581273465\n    assert candidate(3, 4) == 5\n    assert candidate(7, 15) == 16.55294535724685\n\ndef test_check():\n    check(otherside_rightangle)\n\ntest_check()\n",
      "timestamp": 1665517474,
      "stdout": "",
      "stderr": "Traceback (most recent call last):\n  File \"/tmp/tmpawddrjoi.py\", line 16, in <module>\n    test_check()\n  File \"/tmp/tmpawddrjoi.py\", line 14, in test_check\n    check(otherside_rightangle)\n  File \"/tmp/tmpawddrjoi.py\", line 9, in check\n    assert candidate(7, 8) == 10.63014581273465\n  File \"/tmp/tmpawddrjoi.py\", line 5, in otherside_rightangle\n    return math.sqrt(w ** 2 + h ** 2)\nNameError: name 'math' is not defined\n",
      "exit_code": 1,
      "status": "Exception"
    },
    {
      "program": "def otherside_rightangle(w: int, h: int) -> float:\n    \"\"\"\n\tWrite a function to find the third side of a right angled triangle.\n\t\"\"\"\n    return math.sqrt(w ** 2 + h ** 2)\n\n\ndef check(candidate):\n    assert candidate(7, 8) == 10.63014581273465\n    assert candidate(3, 4) == 5\n    assert candidate(7, 15) == 16.55294535724685\n\ndef test_check():\n    check(otherside_rightangle)\n\ntest_check()\n",
      "timestamp": 1665517474,
      "stdout": "",
      "stderr": "Traceback (most recent call last):\n  File \"/tmp/tmpawddrjoi.py\", line 16, in <module>\n    test_check()\n  File \"/tmp/tmpawddrjoi.py\", line 14, in test_check\n    check(otherside_rightangle)\n  File \"/tmp/tmpawddrjoi.py\", line 9, in check\n    assert candidate(7, 8) == 10.63014581273465\n  File \"/tmp/tmpawddrjoi.py\", line 5, in otherside_rightangle\n    return math.sqrt(w ** 2 + h ** 2)\nNameError: name 'math' is not defined\n",
      "exit_code": 1,
      "status": "Exception"
    },
    {
      "program": "def otherside_rightangle(w: int, h: int) -> float:\n    \"\"\"\n\tWrite a function to find the third side of a right angled triangle.\n\t\"\"\"\n    return math.sqrt(w ** 2 + h ** 2)\n\n\ndef check(candidate):\n    assert candidate(7, 8) == 10.63014581273465\n    assert candidate(3, 4) == 5\n    assert candidate(7, 15) == 16.55294535724685\n\ndef test_check():\n    check(otherside_rightangle)\n\ntest_check()\n",
      "timestamp": 1665517474,
      "stdout": "",
      "stderr": "Traceback (most recent call last):\n  File \"/tmp/tmpawddrjoi.py\", line 16, in <module>\n    test_check()\n  File \"/tmp/tmpawddrjoi.py\", line 14, in test_check\n    check(otherside_rightangle)\n  File \"/tmp/tmpawddrjoi.py\", line 9, in check\n    assert candidate(7, 8) == 10.63014581273465\n  File \"/tmp/tmpawddrjoi.py\", line 5, in otherside_rightangle\n    return math.sqrt(w ** 2 + h ** 2)\nNameError: name 'math' is not defined\n",
      "exit_code": 1,
      "status": "Exception"
    },
    {
      "program": "def otherside_rightangle(w: int, h: int) -> float:\n    \"\"\"\n\tWrite a function to find the third side of a right angled triangle.\n\t\"\"\"\n    return math.sqrt(w ** 2 + h ** 2)\n\n\ndef check(candidate):\n    assert candidate(7, 8) == 10.63014581273465\n    assert candidate(3, 4) == 5\n    assert candidate(7, 15) == 16.55294535724685\n\ndef test_check():\n    check(otherside_rightangle)\n\ntest_check()\n",
      "timestamp": 1665517474,
      "stdout": "",
      "stderr": "Traceback (most recent call last):\n  File \"/tmp/tmpawddrjoi.py\", line 16, in <module>\n    test_check()\n  File \"/tmp/tmpawddrjoi.py\", line 14, in test_check\n    check(otherside_rightangle)\n  File \"/tmp/tmpawddrjoi.py\", line 9, in check\n    assert candidate(7, 8) == 10.63014581273465\n  File \"/tmp/tmpawddrjoi.py\", line 5, in otherside_rightangle\n    return math.sqrt(w ** 2 + h ** 2)\nNameError: name 'math' is not defined\n",
      "exit_code": 1,
      "status": "Exception"
    },
    {
      "program": "def otherside_rightangle(w: int, h: int) -> float:\n    \"\"\"\n\tWrite a function to find the third side of a right angled triangle.\n\t\"\"\"\n    return math.sqrt(w ** 2 + h ** 2)\n\n\ndef check(candidate):\n    assert candidate(7, 8) == 10.63014581273465\n    assert candidate(3, 4) == 5\n    assert candidate(7, 15) == 16.55294535724685\n\ndef test_check():\n    check(otherside_rightangle)\n\ntest_check()\n",
      "timestamp": 1665517474,
      "stdout": "",
      "stderr": "Traceback (most recent call last):\n  File \"/tmp/tmpawddrjoi.py\", line 16, in <module>\n    test_check()\n  File \"/tmp/tmpawddrjoi.py\", line 14, in test_check\n    check(otherside_rightangle)\n  File \"/tmp/tmpawddrjoi.py\", line 9, in check\n    assert candidate(7, 8) == 10.63014581273465\n  File \"/tmp/tmpawddrjoi.py\", line 5, in otherside_rightangle\n    return math.sqrt(w ** 2 + h ** 2)\nNameError: name 'math' is not defined\n",
      "exit_code": 1,
      "status": "Exception"
    },
    {
      "program": "def otherside_rightangle(w: int, h: int) -> float:\n    \"\"\"\n\tWrite a function to find the third side of a right angled triangle.\n\t\"\"\"\n    return math.sqrt(w ** 2 + h ** 2)\n\n\ndef check(candidate):\n    assert candidate(7, 8) == 10.63014581273465\n    assert candidate(3, 4) == 5\n    assert candidate(7, 15) == 16.55294535724685\n\ndef test_check():\n    check(otherside_rightangle)\n\ntest_check()\n",
      "timestamp": 1665517474,
      "stdout": "",
      "stderr": "Traceback (most recent call last):\n  File \"/tmp/tmpawddrjoi.py\", line 16, in <module>\n    test_check()\n  File \"/tmp/tmpawddrjoi.py\", line 14, in test_check\n    check(otherside_rightangle)\n  File \"/tmp/tmpawddrjoi.py\", line 9, in check\n    assert candidate(7, 8) == 10.63014581273465\n  File \"/tmp/tmpawddrjoi.py\", line 5, in otherside_rightangle\n    return math.sqrt(w ** 2 + h ** 2)\nNameError: name 'math' is not defined\n",
      "exit_code": 1,
      "status": "Exception"
    },
    {
      "program": "def otherside_rightangle(w: int, h: int) -> float:\n    \"\"\"\n\tWrite a function to find the third side of a right angled triangle.\n\t\"\"\"\n    return math.sqrt(w ** 2 + h ** 2)\n\n\ndef check(candidate):\n    assert candidate(7, 8) == 10.63014581273465\n    assert candidate(3, 4) == 5\n    assert candidate(7, 15) == 16.55294535724685\n\ndef test_check():\n    check(otherside_rightangle)\n\ntest_check()\n",
      "timestamp": 1665517474,
      "stdout": "",
      "stderr": "Traceback (most recent call last):\n  File \"/tmp/tmpawddrjoi.py\", line 16, in <module>\n    test_check()\n  File \"/tmp/tmpawddrjoi.py\", line 14, in test_check\n    check(otherside_rightangle)\n  File \"/tmp/tmpawddrjoi.py\", line 9, in check\n    assert candidate(7, 8) == 10.63014581273465\n  File \"/tmp/tmpawddrjoi.py\", line 5, in otherside_rightangle\n    return math.sqrt(w ** 2 + h ** 2)\nNameError: name 'math' is not defined\n",
      "exit_code": 1,
      "status": "Exception"
    },
    {
      "program": "def otherside_rightangle(w: int, h: int) -> float:\n    \"\"\"\n\tWrite a function to find the third side of a right angled triangle.\n\t\"\"\"\n    return math.sqrt(w ** 2 + h ** 2)\n\n\ndef check(candidate):\n    assert candidate(7, 8) == 10.63014581273465\n    assert candidate(3, 4) == 5\n    assert candidate(7, 15) == 16.55294535724685\n\ndef test_check():\n    check(otherside_rightangle)\n\ntest_check()\n",
      "timestamp": 1665517474,
      "stdout": "",
      "stderr": "Traceback (most recent call last):\n  File \"/tmp/tmpawddrjoi.py\", line 16, in <module>\n    test_check()\n  File \"/tmp/tmpawddrjoi.py\", line 14, in test_check\n    check(otherside_rightangle)\n  File \"/tmp/tmpawddrjoi.py\", line 9, in check\n    assert candidate(7, 8) == 10.63014581273465\n  File \"/tmp/tmpawddrjoi.py\", line 5, in otherside_rightangle\n    return math.sqrt(w ** 2 + h ** 2)\nNameError: name 'math' is not defined\n",
      "exit_code": 1,
      "status": "Exception"
    },
    {
      "program": "def otherside_rightangle(w: int, h: int) -> float:\n    \"\"\"\n\tWrite a function to find the third side of a right angled triangle.\n\t\"\"\"\n    return math.sqrt(w ** 2 + h ** 2)\n\n\ndef check(candidate):\n    assert candidate(7, 8) == 10.63014581273465\n    assert candidate(3, 4) == 5\n    assert candidate(7, 15) == 16.55294535724685\n\ndef test_check():\n    check(otherside_rightangle)\n\ntest_check()\n",
      "timestamp": 1665517474,
      "stdout": "",
      "stderr": "Traceback (most recent call last):\n  File \"/tmp/tmpawddrjoi.py\", line 16, in <module>\n    test_check()\n  File \"/tmp/tmpawddrjoi.py\", line 14, in test_check\n    check(otherside_rightangle)\n  File \"/tmp/tmpawddrjoi.py\", line 9, in check\n    assert candidate(7, 8) == 10.63014581273465\n  File \"/tmp/tmpawddrjoi.py\", line 5, in otherside_rightangle\n    return math.sqrt(w ** 2 + h ** 2)\nNameError: name 'math' is not defined\n",
      "exit_code": 1,
      "status": "Exception"
    },
    {
      "program": "def otherside_rightangle(w: int, h: int) -> float:\n    \"\"\"\n\tWrite a function to find the third side of a right angled triangle.\n\t\"\"\"\n    return math.sqrt(w ** 2 + h ** 2)\n\n\ndef check(candidate):\n    assert candidate(7, 8) == 10.63014581273465\n    assert candidate(3, 4) == 5\n    assert candidate(7, 15) == 16.55294535724685\n\ndef test_check():\n    check(otherside_rightangle)\n\ntest_check()\n",
      "timestamp": 1665517474,
      "stdout": "",
      "stderr": "Traceback (most recent call last):\n  File \"/tmp/tmpawddrjoi.py\", line 16, in <module>\n    test_check()\n  File \"/tmp/tmpawddrjoi.py\", line 14, in test_check\n    check(otherside_rightangle)\n  File \"/tmp/tmpawddrjoi.py\", line 9, in check\n    assert candidate(7, 8) == 10.63014581273465\n  File \"/tmp/tmpawddrjoi.py\", line 5, in otherside_rightangle\n    return math.sqrt(w ** 2 + h ** 2)\nNameError: name 'math' is not defined\n",
      "exit_code": 1,
      "status": "Exception"
    },
    {
      "program": "def otherside_rightangle(w: int, h: int) -> float:\n    \"\"\"\n\tWrite a function to find the third side of a right angled triangle.\n\t\"\"\"\n    return math.sqrt(w ** 2 + h ** 2)\n\n\ndef check(candidate):\n    assert candidate(7, 8) == 10.63014581273465\n    assert candidate(3, 4) == 5\n    assert candidate(7, 15) == 16.55294535724685\n\ndef test_check():\n    check(otherside_rightangle)\n\ntest_check()\n",
      "timestamp": 1665517474,
      "stdout": "",
      "stderr": "Traceback (most recent call last):\n  File \"/tmp/tmpawddrjoi.py\", line 16, in <module>\n    test_check()\n  File \"/tmp/tmpawddrjoi.py\", line 14, in test_check\n    check(otherside_rightangle)\n  File \"/tmp/tmpawddrjoi.py\", line 9, in check\n    assert candidate(7, 8) == 10.63014581273465\n  File \"/tmp/tmpawddrjoi.py\", line 5, in otherside_rightangle\n    return math.sqrt(w ** 2 + h ** 2)\nNameError: name 'math' is not defined\n",
      "exit_code": 1,
      "status": "Exception"
    },
    {
      "program": "def otherside_rightangle(w: int, h: int) -> float:\n    \"\"\"\n\tWrite a function to find the third side of a right angled triangle.\n\t\"\"\"\n    return math.sqrt(w ** 2 + h ** 2)\n\n\ndef check(candidate):\n    assert candidate(7, 8) == 10.63014581273465\n    assert candidate(3, 4) == 5\n    assert candidate(7, 15) == 16.55294535724685\n\ndef test_check():\n    check(otherside_rightangle)\n\ntest_check()\n",
      "timestamp": 1665517474,
      "stdout": "",
      "stderr": "Traceback (most recent call last):\n  File \"/tmp/tmpawddrjoi.py\", line 16, in <module>\n    test_check()\n  File \"/tmp/tmpawddrjoi.py\", line 14, in test_check\n    check(otherside_rightangle)\n  File \"/tmp/tmpawddrjoi.py\", line 9, in check\n    assert candidate(7, 8) == 10.63014581273465\n  File \"/tmp/tmpawddrjoi.py\", line 5, in otherside_rightangle\n    return math.sqrt(w ** 2 + h ** 2)\nNameError: name 'math' is not defined\n",
      "exit_code": 1,
      "status": "Exception"
    },
    {
      "program": "def otherside_rightangle(w: int, h: int) -> float:\n    \"\"\"\n\tWrite a function to find the third side of a right angled triangle.\n\t\"\"\"\n    return math.sqrt(w ** 2 + h ** 2)\n\n\ndef check(candidate):\n    assert candidate(7, 8) == 10.63014581273465\n    assert candidate(3, 4) == 5\n    assert candidate(7, 15) == 16.55294535724685\n\ndef test_check():\n    check(otherside_rightangle)\n\ntest_check()\n",
      "timestamp": 1665517474,
      "stdout": "",
      "stderr": "Traceback (most recent call last):\n  File \"/tmp/tmpawddrjoi.py\", line 16, in <module>\n    test_check()\n  File \"/tmp/tmpawddrjoi.py\", line 14, in test_check\n    check(otherside_rightangle)\n  File \"/tmp/tmpawddrjoi.py\", line 9, in check\n    assert candidate(7, 8) == 10.63014581273465\n  File \"/tmp/tmpawddrjoi.py\", line 5, in otherside_rightangle\n    return math.sqrt(w ** 2 + h ** 2)\nNameError: name 'math' is not defined\n",
      "exit_code": 1,
      "status": "Exception"
    },
    {
      "program": "def otherside_rightangle(w: int, h: int) -> float:\n    \"\"\"\n\tWrite a function to find the third side of a right angled triangle.\n\t\"\"\"\n    return math.sqrt(w ** 2 + h ** 2)\n\n\ndef check(candidate):\n    assert candidate(7, 8) == 10.63014581273465\n    assert candidate(3, 4) == 5\n    assert candidate(7, 15) == 16.55294535724685\n\ndef test_check():\n    check(otherside_rightangle)\n\ntest_check()\n",
      "timestamp": 1665517474,
      "stdout": "",
      "stderr": "Traceback (most recent call last):\n  File \"/tmp/tmpawddrjoi.py\", line 16, in <module>\n    test_check()\n  File \"/tmp/tmpawddrjoi.py\", line 14, in test_check\n    check(otherside_rightangle)\n  File \"/tmp/tmpawddrjoi.py\", line 9, in check\n    assert candidate(7, 8) == 10.63014581273465\n  File \"/tmp/tmpawddrjoi.py\", line 5, in otherside_rightangle\n    return math.sqrt(w ** 2 + h ** 2)\nNameError: name 'math' is not defined\n",
      "exit_code": 1,
      "status": "Exception"
    },
    {
      "program": "def otherside_rightangle(w: int, h: int) -> float:\n    \"\"\"\n\tWrite a function to find the third side of a right angled triangle.\n\t\"\"\"\n    return math.sqrt(w ** 2 + h ** 2)\n\n\ndef check(candidate):\n    assert candidate(7, 8) == 10.63014581273465\n    assert candidate(3, 4) == 5\n    assert candidate(7, 15) == 16.55294535724685\n\ndef test_check():\n    check(otherside_rightangle)\n\ntest_check()\n",
      "timestamp": 1665517474,
      "stdout": "",
      "stderr": "Traceback (most recent call last):\n  File \"/tmp/tmpawddrjoi.py\", line 16, in <module>\n    test_check()\n  File \"/tmp/tmpawddrjoi.py\", line 14, in test_check\n    check(otherside_rightangle)\n  File \"/tmp/tmpawddrjoi.py\", line 9, in check\n    assert candidate(7, 8) == 10.63014581273465\n  File \"/tmp/tmpawddrjoi.py\", line 5, in otherside_rightangle\n    return math.sqrt(w ** 2 + h ** 2)\nNameError: name 'math' is not defined\n",
      "exit_code": 1,
      "status": "Exception"
    },
    {
      "program": "def otherside_rightangle(w: int, h: int) -> float:\n    \"\"\"\n\tWrite a function to find the third side of a right angled triangle.\n\t\"\"\"\n    return math.sqrt(w ** 2 + h ** 2)\n\n\ndef check(candidate):\n    assert candidate(7, 8) == 10.63014581273465\n    assert candidate(3, 4) == 5\n    assert candidate(7, 15) == 16.55294535724685\n\ndef test_check():\n    check(otherside_rightangle)\n\ntest_check()\n",
      "timestamp": 1665517474,
      "stdout": "",
      "stderr": "Traceback (most recent call last):\n  File \"/tmp/tmpawddrjoi.py\", line 16, in <module>\n    test_check()\n  File \"/tmp/tmpawddrjoi.py\", line 14, in test_check\n    check(otherside_rightangle)\n  File \"/tmp/tmpawddrjoi.py\", line 9, in check\n    assert candidate(7, 8) == 10.63014581273465\n  File \"/tmp/tmpawddrjoi.py\", line 5, in otherside_rightangle\n    return math.sqrt(w ** 2 + h ** 2)\nNameError: name 'math' is not defined\n",
      "exit_code": 1,
      "status": "Exception"
    },
    {
      "program": "def otherside_rightangle(w: int, h: int) -> float:\n    \"\"\"\n\tWrite a function to find the third side of a right angled triangle.\n\t\"\"\"\n    return math.sqrt(w ** 2 + h ** 2)\n\n\ndef check(candidate):\n    assert candidate(7, 8) == 10.63014581273465\n    assert candidate(3, 4) == 5\n    assert candidate(7, 15) == 16.55294535724685\n\ndef test_check():\n    check(otherside_rightangle)\n\ntest_check()\n",
      "timestamp": 1665517474,
      "stdout": "",
      "stderr": "Traceback (most recent call last):\n  File \"/tmp/tmpawddrjoi.py\", line 16, in <module>\n    test_check()\n  File \"/tmp/tmpawddrjoi.py\", line 14, in test_check\n    check(otherside_rightangle)\n  File \"/tmp/tmpawddrjoi.py\", line 9, in check\n    assert candidate(7, 8) == 10.63014581273465\n  File \"/tmp/tmpawddrjoi.py\", line 5, in otherside_rightangle\n    return math.sqrt(w ** 2 + h ** 2)\nNameError: name 'math' is not defined\n",
      "exit_code": 1,
      "status": "Exception"
    },
    {
      "program": "def otherside_rightangle(w: int, h: int) -> float:\n    \"\"\"\n\tWrite a function to find the third side of a right angled triangle.\n\t\"\"\"\n    return math.sqrt(w ** 2 + h ** 2)\n\n\ndef check(candidate):\n    assert candidate(7, 8) == 10.63014581273465\n    assert candidate(3, 4) == 5\n    assert candidate(7, 15) == 16.55294535724685\n\ndef test_check():\n    check(otherside_rightangle)\n\ntest_check()\n",
      "timestamp": 1665517474,
      "stdout": "",
      "stderr": "Traceback (most recent call last):\n  File \"/tmp/tmpawddrjoi.py\", line 16, in <module>\n    test_check()\n  File \"/tmp/tmpawddrjoi.py\", line 14, in test_check\n    check(otherside_rightangle)\n  File \"/tmp/tmpawddrjoi.py\", line 9, in check\n    assert candidate(7, 8) == 10.63014581273465\n  File \"/tmp/tmpawddrjoi.py\", line 5, in otherside_rightangle\n    return math.sqrt(w ** 2 + h ** 2)\nNameError: name 'math' is not defined\n",
      "exit_code": 1,
      "status": "Exception"
    },
    {
      "program": "def otherside_rightangle(w: int, h: int) -> float:\n    \"\"\"\n\tWrite a function to find the third side of a right angled triangle.\n\t\"\"\"\n    return math.sqrt(w ** 2 + h ** 2)\n\n\nprint(otherside_rightangle(3, 4))\n\n\ndef check(candidate):\n    assert candidate(7, 8) == 10.63014581273465\n    assert candidate(3, 4) == 5\n    assert candidate(7, 15) == 16.55294535724685\n\ndef test_check():\n    check(otherside_rightangle)\n\ntest_check()\n",
      "timestamp": 1666123516,
      "stdout": "",
      "stderr": "Traceback (most recent call last):\n  File \"/tmp/tmpqlnfuygd.py\", line 8, in <module>\n    print(otherside_rightangle(3, 4))\n  File \"/tmp/tmpqlnfuygd.py\", line 5, in otherside_rightangle\n    return math.sqrt(w ** 2 + h ** 2)\nNameError: name 'math' is not defined\n",
      "exit_code": 1,
      "status": "Exception"
    },
    {
      "program": "def otherside_rightangle(w: int, h: int) -> float:\n    \"\"\"\n\tWrite a function to find the third side of a right angled triangle.\n\t\"\"\"\n    return math.sqrt(w ** 2 + h ** 2)\n\n\ndef check(candidate):\n    assert candidate(7, 8) == 10.63014581273465\n    assert candidate(3, 4) == 5\n    assert candidate(7, 15) == 16.55294535724685\n\ndef test_check():\n    check(otherside_rightangle)\n\ntest_check()\n",
      "timestamp": 1665517474,
      "stdout": "",
      "stderr": "Traceback (most recent call last):\n  File \"/tmp/tmpawddrjoi.py\", line 16, in <module>\n    test_check()\n  File \"/tmp/tmpawddrjoi.py\", line 14, in test_check\n    check(otherside_rightangle)\n  File \"/tmp/tmpawddrjoi.py\", line 9, in check\n    assert candidate(7, 8) == 10.63014581273465\n  File \"/tmp/tmpawddrjoi.py\", line 5, in otherside_rightangle\n    return math.sqrt(w ** 2 + h ** 2)\nNameError: name 'math' is not defined\n",
      "exit_code": 1,
      "status": "Exception"
    },
    {
      "program": "def otherside_rightangle(w: int, h: int) -> float:\n    \"\"\"\n\tWrite a function to find the third side of a right angled triangle.\n\t\"\"\"\n    return math.sqrt(w ** 2 + h ** 2)\n\n\ndef check(candidate):\n    assert candidate(7, 8) == 10.63014581273465\n    assert candidate(3, 4) == 5\n    assert candidate(7, 15) == 16.55294535724685\n\ndef test_check():\n    check(otherside_rightangle)\n\ntest_check()\n",
      "timestamp": 1665517474,
      "stdout": "",
      "stderr": "Traceback (most recent call last):\n  File \"/tmp/tmpawddrjoi.py\", line 16, in <module>\n    test_check()\n  File \"/tmp/tmpawddrjoi.py\", line 14, in test_check\n    check(otherside_rightangle)\n  File \"/tmp/tmpawddrjoi.py\", line 9, in check\n    assert candidate(7, 8) == 10.63014581273465\n  File \"/tmp/tmpawddrjoi.py\", line 5, in otherside_rightangle\n    return math.sqrt(w ** 2 + h ** 2)\nNameError: name 'math' is not defined\n",
      "exit_code": 1,
      "status": "Exception"
    },
    {
      "program": "def otherside_rightangle(w: int, h: int) -> float:\n    \"\"\"\n\tWrite a function to find the third side of a right angled triangle.\n\t\"\"\"\n    return math.sqrt(w ** 2 + h ** 2)\n\n\ndef check(candidate):\n    assert candidate(7, 8) == 10.63014581273465\n    assert candidate(3, 4) == 5\n    assert candidate(7, 15) == 16.55294535724685\n\ndef test_check():\n    check(otherside_rightangle)\n\ntest_check()\n",
      "timestamp": 1665517474,
      "stdout": "",
      "stderr": "Traceback (most recent call last):\n  File \"/tmp/tmpawddrjoi.py\", line 16, in <module>\n    test_check()\n  File \"/tmp/tmpawddrjoi.py\", line 14, in test_check\n    check(otherside_rightangle)\n  File \"/tmp/tmpawddrjoi.py\", line 9, in check\n    assert candidate(7, 8) == 10.63014581273465\n  File \"/tmp/tmpawddrjoi.py\", line 5, in otherside_rightangle\n    return math.sqrt(w ** 2 + h ** 2)\nNameError: name 'math' is not defined\n",
      "exit_code": 1,
      "status": "Exception"
    },
    {
      "program": "def otherside_rightangle(w: int, h: int) -> float:\n    \"\"\"\n\tWrite a function to find the third side of a right angled triangle.\n\t\"\"\"\n    return math.sqrt(w ** 2 + h ** 2)\n\n\ndef check(candidate):\n    assert candidate(7, 8) == 10.63014581273465\n    assert candidate(3, 4) == 5\n    assert candidate(7, 15) == 16.55294535724685\n\ndef test_check():\n    check(otherside_rightangle)\n\ntest_check()\n",
      "timestamp": 1665517474,
      "stdout": "",
      "stderr": "Traceback (most recent call last):\n  File \"/tmp/tmpawddrjoi.py\", line 16, in <module>\n    test_check()\n  File \"/tmp/tmpawddrjoi.py\", line 14, in test_check\n    check(otherside_rightangle)\n  File \"/tmp/tmpawddrjoi.py\", line 9, in check\n    assert candidate(7, 8) == 10.63014581273465\n  File \"/tmp/tmpawddrjoi.py\", line 5, in otherside_rightangle\n    return math.sqrt(w ** 2 + h ** 2)\nNameError: name 'math' is not defined\n",
      "exit_code": 1,
      "status": "Exception"
    },
    {
      "program": "def otherside_rightangle(w: int, h: int) -> float:\n    \"\"\"\n\tWrite a function to find the third side of a right angled triangle.\n\t\"\"\"\n    return math.sqrt(w ** 2 + h ** 2)\n\n\ndef check(candidate):\n    assert candidate(7, 8) == 10.63014581273465\n    assert candidate(3, 4) == 5\n    assert candidate(7, 15) == 16.55294535724685\n\ndef test_check():\n    check(otherside_rightangle)\n\ntest_check()\n",
      "timestamp": 1665517474,
      "stdout": "",
      "stderr": "Traceback (most recent call last):\n  File \"/tmp/tmpawddrjoi.py\", line 16, in <module>\n    test_check()\n  File \"/tmp/tmpawddrjoi.py\", line 14, in test_check\n    check(otherside_rightangle)\n  File \"/tmp/tmpawddrjoi.py\", line 9, in check\n    assert candidate(7, 8) == 10.63014581273465\n  File \"/tmp/tmpawddrjoi.py\", line 5, in otherside_rightangle\n    return math.sqrt(w ** 2 + h ** 2)\nNameError: name 'math' is not defined\n",
      "exit_code": 1,
      "status": "Exception"
    },
    {
      "program": "def otherside_rightangle(w: int, h: int) -> float:\n    \"\"\"\n\tWrite a function to find the third side of a right angled triangle.\n\t\"\"\"\n    return math.sqrt(w ** 2 + h ** 2)\n\n\ndef check(candidate):\n    assert candidate(7, 8) == 10.63014581273465\n    assert candidate(3, 4) == 5\n    assert candidate(7, 15) == 16.55294535724685\n\ndef test_check():\n    check(otherside_rightangle)\n\ntest_check()\n",
      "timestamp": 1665517474,
      "stdout": "",
      "stderr": "Traceback (most recent call last):\n  File \"/tmp/tmpawddrjoi.py\", line 16, in <module>\n    test_check()\n  File \"/tmp/tmpawddrjoi.py\", line 14, in test_check\n    check(otherside_rightangle)\n  File \"/tmp/tmpawddrjoi.py\", line 9, in check\n    assert candidate(7, 8) == 10.63014581273465\n  File \"/tmp/tmpawddrjoi.py\", line 5, in otherside_rightangle\n    return math.sqrt(w ** 2 + h ** 2)\nNameError: name 'math' is not defined\n",
      "exit_code": 1,
      "status": "Exception"
    },
    {
      "program": "def otherside_rightangle(w: int, h: int) -> float:\n    \"\"\"\n\tWrite a function to find the third side of a right angled triangle.\n\t\"\"\"\n    return math.sqrt(w ** 2 + h ** 2)\n\n\ndef check(candidate):\n    assert candidate(7, 8) == 10.63014581273465\n    assert candidate(3, 4) == 5\n    assert candidate(7, 15) == 16.55294535724685\n\ndef test_check():\n    check(otherside_rightangle)\n\ntest_check()\n",
      "timestamp": 1665517474,
      "stdout": "",
      "stderr": "Traceback (most recent call last):\n  File \"/tmp/tmpawddrjoi.py\", line 16, in <module>\n    test_check()\n  File \"/tmp/tmpawddrjoi.py\", line 14, in test_check\n    check(otherside_rightangle)\n  File \"/tmp/tmpawddrjoi.py\", line 9, in check\n    assert candidate(7, 8) == 10.63014581273465\n  File \"/tmp/tmpawddrjoi.py\", line 5, in otherside_rightangle\n    return math.sqrt(w ** 2 + h ** 2)\nNameError: name 'math' is not defined\n",
      "exit_code": 1,
      "status": "Exception"
    },
    {
      "program": "def otherside_rightangle(w: int, h: int) -> float:\n    \"\"\"\n\tWrite a function to find the third side of a right angled triangle.\n\t\"\"\"\n    return math.sqrt(w ** 2 + h ** 2)\n\n\ndef check(candidate):\n    assert candidate(7, 8) == 10.63014581273465\n    assert candidate(3, 4) == 5\n    assert candidate(7, 15) == 16.55294535724685\n\ndef test_check():\n    check(otherside_rightangle)\n\ntest_check()\n",
      "timestamp": 1665517474,
      "stdout": "",
      "stderr": "Traceback (most recent call last):\n  File \"/tmp/tmpawddrjoi.py\", line 16, in <module>\n    test_check()\n  File \"/tmp/tmpawddrjoi.py\", line 14, in test_check\n    check(otherside_rightangle)\n  File \"/tmp/tmpawddrjoi.py\", line 9, in check\n    assert candidate(7, 8) == 10.63014581273465\n  File \"/tmp/tmpawddrjoi.py\", line 5, in otherside_rightangle\n    return math.sqrt(w ** 2 + h ** 2)\nNameError: name 'math' is not defined\n",
      "exit_code": 1,
      "status": "Exception"
    },
    {
      "program": "def otherside_rightangle(w: int, h: int) -> float:\n    \"\"\"\n\tWrite a function to find the third side of a right angled triangle.\n\t\"\"\"\n    return math.sqrt(w ** 2 + h ** 2)\n\n\ndef check(candidate):\n    assert candidate(7, 8) == 10.63014581273465\n    assert candidate(3, 4) == 5\n    assert candidate(7, 15) == 16.55294535724685\n\ndef test_check():\n    check(otherside_rightangle)\n\ntest_check()\n",
      "timestamp": 1665517474,
      "stdout": "",
      "stderr": "Traceback (most recent call last):\n  File \"/tmp/tmpawddrjoi.py\", line 16, in <module>\n    test_check()\n  File \"/tmp/tmpawddrjoi.py\", line 14, in test_check\n    check(otherside_rightangle)\n  File \"/tmp/tmpawddrjoi.py\", line 9, in check\n    assert candidate(7, 8) == 10.63014581273465\n  File \"/tmp/tmpawddrjoi.py\", line 5, in otherside_rightangle\n    return math.sqrt(w ** 2 + h ** 2)\nNameError: name 'math' is not defined\n",
      "exit_code": 1,
      "status": "Exception"
    },
    {
      "program": "def otherside_rightangle(w: int, h: int) -> float:\n    \"\"\"\n\tWrite a function to find the third side of a right angled triangle.\n\t\"\"\"\n    return math.sqrt(w ** 2 + h ** 2)\n\n\ndef check(candidate):\n    assert candidate(7, 8) == 10.63014581273465\n    assert candidate(3, 4) == 5\n    assert candidate(7, 15) == 16.55294535724685\n\ndef test_check():\n    check(otherside_rightangle)\n\ntest_check()\n",
      "timestamp": 1665517474,
      "stdout": "",
      "stderr": "Traceback (most recent call last):\n  File \"/tmp/tmpawddrjoi.py\", line 16, in <module>\n    test_check()\n  File \"/tmp/tmpawddrjoi.py\", line 14, in test_check\n    check(otherside_rightangle)\n  File \"/tmp/tmpawddrjoi.py\", line 9, in check\n    assert candidate(7, 8) == 10.63014581273465\n  File \"/tmp/tmpawddrjoi.py\", line 5, in otherside_rightangle\n    return math.sqrt(w ** 2 + h ** 2)\nNameError: name 'math' is not defined\n",
      "exit_code": 1,
      "status": "Exception"
    },
    {
      "program": "def otherside_rightangle(w: int, h: int) -> float:\n    \"\"\"\n\tWrite a function to find the third side of a right angled triangle.\n\t\"\"\"\n    return math.sqrt(w ** 2 + h ** 2)\n\n\ndef check(candidate):\n    assert candidate(7, 8) == 10.63014581273465\n    assert candidate(3, 4) == 5\n    assert candidate(7, 15) == 16.55294535724685\n\ndef test_check():\n    check(otherside_rightangle)\n\ntest_check()\n",
      "timestamp": 1665517474,
      "stdout": "",
      "stderr": "Traceback (most recent call last):\n  File \"/tmp/tmpawddrjoi.py\", line 16, in <module>\n    test_check()\n  File \"/tmp/tmpawddrjoi.py\", line 14, in test_check\n    check(otherside_rightangle)\n  File \"/tmp/tmpawddrjoi.py\", line 9, in check\n    assert candidate(7, 8) == 10.63014581273465\n  File \"/tmp/tmpawddrjoi.py\", line 5, in otherside_rightangle\n    return math.sqrt(w ** 2 + h ** 2)\nNameError: name 'math' is not defined\n",
      "exit_code": 1,
      "status": "Exception"
    },
    {
      "program": "def otherside_rightangle(w: int, h: int) -> float:\n    \"\"\"\n\tWrite a function to find the third side of a right angled triangle.\n\t\"\"\"\n    return math.sqrt(w ** 2 + h ** 2)\n\n\ndef check(candidate):\n    assert candidate(7, 8) == 10.63014581273465\n    assert candidate(3, 4) == 5\n    assert candidate(7, 15) == 16.55294535724685\n\ndef test_check():\n    check(otherside_rightangle)\n\ntest_check()\n",
      "timestamp": 1665517474,
      "stdout": "",
      "stderr": "Traceback (most recent call last):\n  File \"/tmp/tmpawddrjoi.py\", line 16, in <module>\n    test_check()\n  File \"/tmp/tmpawddrjoi.py\", line 14, in test_check\n    check(otherside_rightangle)\n  File \"/tmp/tmpawddrjoi.py\", line 9, in check\n    assert candidate(7, 8) == 10.63014581273465\n  File \"/tmp/tmpawddrjoi.py\", line 5, in otherside_rightangle\n    return math.sqrt(w ** 2 + h ** 2)\nNameError: name 'math' is not defined\n",
      "exit_code": 1,
      "status": "Exception"
    },
    {
      "program": "def otherside_rightangle(w: int, h: int) -> float:\n    \"\"\"\n\tWrite a function to find the third side of a right angled triangle.\n\t\"\"\"\n    return math.sqrt(w ** 2 + h ** 2)\n\n\ndef check(candidate):\n    assert candidate(7, 8) == 10.63014581273465\n    assert candidate(3, 4) == 5\n    assert candidate(7, 15) == 16.55294535724685\n\ndef test_check():\n    check(otherside_rightangle)\n\ntest_check()\n",
      "timestamp": 1665517474,
      "stdout": "",
      "stderr": "Traceback (most recent call last):\n  File \"/tmp/tmpawddrjoi.py\", line 16, in <module>\n    test_check()\n  File \"/tmp/tmpawddrjoi.py\", line 14, in test_check\n    check(otherside_rightangle)\n  File \"/tmp/tmpawddrjoi.py\", line 9, in check\n    assert candidate(7, 8) == 10.63014581273465\n  File \"/tmp/tmpawddrjoi.py\", line 5, in otherside_rightangle\n    return math.sqrt(w ** 2 + h ** 2)\nNameError: name 'math' is not defined\n",
      "exit_code": 1,
      "status": "Exception"
    },
    {
      "program": "def otherside_rightangle(w: int, h: int) -> float:\n    \"\"\"\n\tWrite a function to find the third side of a right angled triangle.\n\t\"\"\"\n    return math.sqrt(w ** 2 + h ** 2)\n\n\ndef check(candidate):\n    assert candidate(7, 8) == 10.63014581273465\n    assert candidate(3, 4) == 5\n    assert candidate(7, 15) == 16.55294535724685\n\ndef test_check():\n    check(otherside_rightangle)\n\ntest_check()\n",
      "timestamp": 1665517474,
      "stdout": "",
      "stderr": "Traceback (most recent call last):\n  File \"/tmp/tmpawddrjoi.py\", line 16, in <module>\n    test_check()\n  File \"/tmp/tmpawddrjoi.py\", line 14, in test_check\n    check(otherside_rightangle)\n  File \"/tmp/tmpawddrjoi.py\", line 9, in check\n    assert candidate(7, 8) == 10.63014581273465\n  File \"/tmp/tmpawddrjoi.py\", line 5, in otherside_rightangle\n    return math.sqrt(w ** 2 + h ** 2)\nNameError: name 'math' is not defined\n",
      "exit_code": 1,
      "status": "Exception"
    },
    {
      "program": "def otherside_rightangle(w: int, h: int) -> float:\n    \"\"\"\n\tWrite a function to find the third side of a right angled triangle.\n\t\"\"\"\n    return math.sqrt(w ** 2 + h ** 2)\n\n\ndef check(candidate):\n    assert candidate(7, 8) == 10.63014581273465\n    assert candidate(3, 4) == 5\n    assert candidate(7, 15) == 16.55294535724685\n\ndef test_check():\n    check(otherside_rightangle)\n\ntest_check()\n",
      "timestamp": 1665517474,
      "stdout": "",
      "stderr": "Traceback (most recent call last):\n  File \"/tmp/tmpawddrjoi.py\", line 16, in <module>\n    test_check()\n  File \"/tmp/tmpawddrjoi.py\", line 14, in test_check\n    check(otherside_rightangle)\n  File \"/tmp/tmpawddrjoi.py\", line 9, in check\n    assert candidate(7, 8) == 10.63014581273465\n  File \"/tmp/tmpawddrjoi.py\", line 5, in otherside_rightangle\n    return math.sqrt(w ** 2 + h ** 2)\nNameError: name 'math' is not defined\n",
      "exit_code": 1,
      "status": "Exception"
    },
    {
      "program": "def otherside_rightangle(w: int, h: int) -> float:\n    \"\"\"\n\tWrite a function to find the third side of a right angled triangle.\n\t\"\"\"\n    return math.sqrt(w ** 2 + h ** 2)\n\n\ndef check(candidate):\n    assert candidate(7, 8) == 10.63014581273465\n    assert candidate(3, 4) == 5\n    assert candidate(7, 15) == 16.55294535724685\n\ndef test_check():\n    check(otherside_rightangle)\n\ntest_check()\n",
      "timestamp": 1665517474,
      "stdout": "",
      "stderr": "Traceback (most recent call last):\n  File \"/tmp/tmpawddrjoi.py\", line 16, in <module>\n    test_check()\n  File \"/tmp/tmpawddrjoi.py\", line 14, in test_check\n    check(otherside_rightangle)\n  File \"/tmp/tmpawddrjoi.py\", line 9, in check\n    assert candidate(7, 8) == 10.63014581273465\n  File \"/tmp/tmpawddrjoi.py\", line 5, in otherside_rightangle\n    return math.sqrt(w ** 2 + h ** 2)\nNameError: name 'math' is not defined\n",
      "exit_code": 1,
      "status": "Exception"
    },
    {
      "program": "def otherside_rightangle(w: int, h: int) -> float:\n    \"\"\"\n\tWrite a function to find the third side of a right angled triangle.\n\t\"\"\"\n    return math.sqrt(w ** 2 + h ** 2)\n\n\ndef check(candidate):\n    assert candidate(7, 8) == 10.63014581273465\n    assert candidate(3, 4) == 5\n    assert candidate(7, 15) == 16.55294535724685\n\ndef test_check():\n    check(otherside_rightangle)\n\ntest_check()\n",
      "timestamp": 1665517474,
      "stdout": "",
      "stderr": "Traceback (most recent call last):\n  File \"/tmp/tmpawddrjoi.py\", line 16, in <module>\n    test_check()\n  File \"/tmp/tmpawddrjoi.py\", line 14, in test_check\n    check(otherside_rightangle)\n  File \"/tmp/tmpawddrjoi.py\", line 9, in check\n    assert candidate(7, 8) == 10.63014581273465\n  File \"/tmp/tmpawddrjoi.py\", line 5, in otherside_rightangle\n    return math.sqrt(w ** 2 + h ** 2)\nNameError: name 'math' is not defined\n",
      "exit_code": 1,
      "status": "Exception"
    },
    {
      "program": "def otherside_rightangle(w: int, h: int) -> float:\n    \"\"\"\n\tWrite a function to find the third side of a right angled triangle.\n\t\"\"\"\n    return math.sqrt(w ** 2 + h ** 2)\n\n\ndef check(candidate):\n    assert candidate(7, 8) == 10.63014581273465\n    assert candidate(3, 4) == 5\n    assert candidate(7, 15) == 16.55294535724685\n\ndef test_check():\n    check(otherside_rightangle)\n\ntest_check()\n",
      "timestamp": 1665517474,
      "stdout": "",
      "stderr": "Traceback (most recent call last):\n  File \"/tmp/tmpawddrjoi.py\", line 16, in <module>\n    test_check()\n  File \"/tmp/tmpawddrjoi.py\", line 14, in test_check\n    check(otherside_rightangle)\n  File \"/tmp/tmpawddrjoi.py\", line 9, in check\n    assert candidate(7, 8) == 10.63014581273465\n  File \"/tmp/tmpawddrjoi.py\", line 5, in otherside_rightangle\n    return math.sqrt(w ** 2 + h ** 2)\nNameError: name 'math' is not defined\n",
      "exit_code": 1,
      "status": "Exception"
    },
    {
      "program": "def otherside_rightangle(w: int, h: int) -> float:\n    \"\"\"\n\tWrite a function to find the third side of a right angled triangle.\n\t\"\"\"\n    return math.sqrt(w ** 2 + h ** 2)\n\n\ndef check(candidate):\n    assert candidate(7, 8) == 10.63014581273465\n    assert candidate(3, 4) == 5\n    assert candidate(7, 15) == 16.55294535724685\n\ndef test_check():\n    check(otherside_rightangle)\n\ntest_check()\n",
      "timestamp": 1665517474,
      "stdout": "",
      "stderr": "Traceback (most recent call last):\n  File \"/tmp/tmpawddrjoi.py\", line 16, in <module>\n    test_check()\n  File \"/tmp/tmpawddrjoi.py\", line 14, in test_check\n    check(otherside_rightangle)\n  File \"/tmp/tmpawddrjoi.py\", line 9, in check\n    assert candidate(7, 8) == 10.63014581273465\n  File \"/tmp/tmpawddrjoi.py\", line 5, in otherside_rightangle\n    return math.sqrt(w ** 2 + h ** 2)\nNameError: name 'math' is not defined\n",
      "exit_code": 1,
      "status": "Exception"
    },
    {
      "program": "def otherside_rightangle(w: int, h: int) -> float:\n    \"\"\"\n\tWrite a function to find the third side of a right angled triangle.\n\t\"\"\"\n    return math.sqrt(w ** 2 + h ** 2)\n\n\ndef check(candidate):\n    assert candidate(7, 8) == 10.63014581273465\n    assert candidate(3, 4) == 5\n    assert candidate(7, 15) == 16.55294535724685\n\ndef test_check():\n    check(otherside_rightangle)\n\ntest_check()\n",
      "timestamp": 1665517474,
      "stdout": "",
      "stderr": "Traceback (most recent call last):\n  File \"/tmp/tmpawddrjoi.py\", line 16, in <module>\n    test_check()\n  File \"/tmp/tmpawddrjoi.py\", line 14, in test_check\n    check(otherside_rightangle)\n  File \"/tmp/tmpawddrjoi.py\", line 9, in check\n    assert candidate(7, 8) == 10.63014581273465\n  File \"/tmp/tmpawddrjoi.py\", line 5, in otherside_rightangle\n    return math.sqrt(w ** 2 + h ** 2)\nNameError: name 'math' is not defined\n",
      "exit_code": 1,
      "status": "Exception"
    },
    {
      "program": "def otherside_rightangle(w: int, h: int) -> float:\n    \"\"\"\n\tWrite a function to find the third side of a right angled triangle.\n\t\"\"\"\n    return math.sqrt(w ** 2 + h ** 2)\n\n\ndef check(candidate):\n    assert candidate(7, 8) == 10.63014581273465\n    assert candidate(3, 4) == 5\n    assert candidate(7, 15) == 16.55294535724685\n\ndef test_check():\n    check(otherside_rightangle)\n\ntest_check()\n",
      "timestamp": 1665517474,
      "stdout": "",
      "stderr": "Traceback (most recent call last):\n  File \"/tmp/tmpawddrjoi.py\", line 16, in <module>\n    test_check()\n  File \"/tmp/tmpawddrjoi.py\", line 14, in test_check\n    check(otherside_rightangle)\n  File \"/tmp/tmpawddrjoi.py\", line 9, in check\n    assert candidate(7, 8) == 10.63014581273465\n  File \"/tmp/tmpawddrjoi.py\", line 5, in otherside_rightangle\n    return math.sqrt(w ** 2 + h ** 2)\nNameError: name 'math' is not defined\n",
      "exit_code": 1,
      "status": "Exception"
    },
    {
      "program": "def otherside_rightangle(w: int, h: int) -> float:\n    \"\"\"\n\tWrite a function to find the third side of a right angled triangle.\n\t\"\"\"\n    return math.sqrt(w ** 2 + h ** 2)\n\n\ndef check(candidate):\n    assert candidate(7, 8) == 10.63014581273465\n    assert candidate(3, 4) == 5\n    assert candidate(7, 15) == 16.55294535724685\n\ndef test_check():\n    check(otherside_rightangle)\n\ntest_check()\n",
      "timestamp": 1665517474,
      "stdout": "",
      "stderr": "Traceback (most recent call last):\n  File \"/tmp/tmpawddrjoi.py\", line 16, in <module>\n    test_check()\n  File \"/tmp/tmpawddrjoi.py\", line 14, in test_check\n    check(otherside_rightangle)\n  File \"/tmp/tmpawddrjoi.py\", line 9, in check\n    assert candidate(7, 8) == 10.63014581273465\n  File \"/tmp/tmpawddrjoi.py\", line 5, in otherside_rightangle\n    return math.sqrt(w ** 2 + h ** 2)\nNameError: name 'math' is not defined\n",
      "exit_code": 1,
      "status": "Exception"
    },
    {
      "program": "def otherside_rightangle(w: int, h: int) -> float:\n    \"\"\"\n\tWrite a function to find the third side of a right angled triangle.\n\t\"\"\"\n    return math.sqrt(w * w + h * h)\n\n\ndef check(candidate):\n    assert candidate(7, 8) == 10.63014581273465\n    assert candidate(3, 4) == 5\n    assert candidate(7, 15) == 16.55294535724685\n\ndef test_check():\n    check(otherside_rightangle)\n\ntest_check()\n",
      "timestamp": 1666123517,
      "stdout": "",
      "stderr": "Traceback (most recent call last):\n  File \"/tmp/tmp7_nj5lil.py\", line 16, in <module>\n    test_check()\n  File \"/tmp/tmp7_nj5lil.py\", line 14, in test_check\n    check(otherside_rightangle)\n  File \"/tmp/tmp7_nj5lil.py\", line 9, in check\n    assert candidate(7, 8) == 10.63014581273465\n  File \"/tmp/tmp7_nj5lil.py\", line 5, in otherside_rightangle\n    return math.sqrt(w * w + h * h)\nNameError: name 'math' is not defined\n",
      "exit_code": 1,
      "status": "Exception"
    },
    {
      "program": "def otherside_rightangle(w: int, h: int) -> float:\n    \"\"\"\n\tWrite a function to find the third side of a right angled triangle.\n\t\"\"\"\n    return math.sqrt(w ** 2 + h ** 2)\n\n\ndef check(candidate):\n    assert candidate(7, 8) == 10.63014581273465\n    assert candidate(3, 4) == 5\n    assert candidate(7, 15) == 16.55294535724685\n\ndef test_check():\n    check(otherside_rightangle)\n\ntest_check()\n",
      "timestamp": 1665517474,
      "stdout": "",
      "stderr": "Traceback (most recent call last):\n  File \"/tmp/tmpawddrjoi.py\", line 16, in <module>\n    test_check()\n  File \"/tmp/tmpawddrjoi.py\", line 14, in test_check\n    check(otherside_rightangle)\n  File \"/tmp/tmpawddrjoi.py\", line 9, in check\n    assert candidate(7, 8) == 10.63014581273465\n  File \"/tmp/tmpawddrjoi.py\", line 5, in otherside_rightangle\n    return math.sqrt(w ** 2 + h ** 2)\nNameError: name 'math' is not defined\n",
      "exit_code": 1,
      "status": "Exception"
    },
    {
      "program": "def otherside_rightangle(w: int, h: int) -> float:\n    \"\"\"\n\tWrite a function to find the third side of a right angled triangle.\n\t\"\"\"\n    return math.sqrt(w ** 2 + h ** 2)\n\n\ndef check(candidate):\n    assert candidate(7, 8) == 10.63014581273465\n    assert candidate(3, 4) == 5\n    assert candidate(7, 15) == 16.55294535724685\n\ndef test_check():\n    check(otherside_rightangle)\n\ntest_check()\n",
      "timestamp": 1665517474,
      "stdout": "",
      "stderr": "Traceback (most recent call last):\n  File \"/tmp/tmpawddrjoi.py\", line 16, in <module>\n    test_check()\n  File \"/tmp/tmpawddrjoi.py\", line 14, in test_check\n    check(otherside_rightangle)\n  File \"/tmp/tmpawddrjoi.py\", line 9, in check\n    assert candidate(7, 8) == 10.63014581273465\n  File \"/tmp/tmpawddrjoi.py\", line 5, in otherside_rightangle\n    return math.sqrt(w ** 2 + h ** 2)\nNameError: name 'math' is not defined\n",
      "exit_code": 1,
      "status": "Exception"
    },
    {
      "program": "def otherside_rightangle(w: int, h: int) -> float:\n    \"\"\"\n\tWrite a function to find the third side of a right angled triangle.\n\t\"\"\"\n    return math.sqrt(w ** 2 + h ** 2)\n\n\ndef check(candidate):\n    assert candidate(7, 8) == 10.63014581273465\n    assert candidate(3, 4) == 5\n    assert candidate(7, 15) == 16.55294535724685\n\ndef test_check():\n    check(otherside_rightangle)\n\ntest_check()\n",
      "timestamp": 1665517474,
      "stdout": "",
      "stderr": "Traceback (most recent call last):\n  File \"/tmp/tmpawddrjoi.py\", line 16, in <module>\n    test_check()\n  File \"/tmp/tmpawddrjoi.py\", line 14, in test_check\n    check(otherside_rightangle)\n  File \"/tmp/tmpawddrjoi.py\", line 9, in check\n    assert candidate(7, 8) == 10.63014581273465\n  File \"/tmp/tmpawddrjoi.py\", line 5, in otherside_rightangle\n    return math.sqrt(w ** 2 + h ** 2)\nNameError: name 'math' is not defined\n",
      "exit_code": 1,
      "status": "Exception"
    },
    {
      "program": "def otherside_rightangle(w: int, h: int) -> float:\n    \"\"\"\n\tWrite a function to find the third side of a right angled triangle.\n\t\"\"\"\n    return math.sqrt(w ** 2 + h ** 2)\n\n\ndef check(candidate):\n    assert candidate(7, 8) == 10.63014581273465\n    assert candidate(3, 4) == 5\n    assert candidate(7, 15) == 16.55294535724685\n\ndef test_check():\n    check(otherside_rightangle)\n\ntest_check()\n",
      "timestamp": 1665517474,
      "stdout": "",
      "stderr": "Traceback (most recent call last):\n  File \"/tmp/tmpawddrjoi.py\", line 16, in <module>\n    test_check()\n  File \"/tmp/tmpawddrjoi.py\", line 14, in test_check\n    check(otherside_rightangle)\n  File \"/tmp/tmpawddrjoi.py\", line 9, in check\n    assert candidate(7, 8) == 10.63014581273465\n  File \"/tmp/tmpawddrjoi.py\", line 5, in otherside_rightangle\n    return math.sqrt(w ** 2 + h ** 2)\nNameError: name 'math' is not defined\n",
      "exit_code": 1,
      "status": "Exception"
    },
    {
      "program": "def otherside_rightangle(w: int, h: int) -> float:\n    \"\"\"\n\tWrite a function to find the third side of a right angled triangle.\n\t\"\"\"\n    return math.sqrt(w ** 2 + h ** 2)\n\n\ndef check(candidate):\n    assert candidate(7, 8) == 10.63014581273465\n    assert candidate(3, 4) == 5\n    assert candidate(7, 15) == 16.55294535724685\n\ndef test_check():\n    check(otherside_rightangle)\n\ntest_check()\n",
      "timestamp": 1665517474,
      "stdout": "",
      "stderr": "Traceback (most recent call last):\n  File \"/tmp/tmpawddrjoi.py\", line 16, in <module>\n    test_check()\n  File \"/tmp/tmpawddrjoi.py\", line 14, in test_check\n    check(otherside_rightangle)\n  File \"/tmp/tmpawddrjoi.py\", line 9, in check\n    assert candidate(7, 8) == 10.63014581273465\n  File \"/tmp/tmpawddrjoi.py\", line 5, in otherside_rightangle\n    return math.sqrt(w ** 2 + h ** 2)\nNameError: name 'math' is not defined\n",
      "exit_code": 1,
      "status": "Exception"
    },
    {
      "program": "def otherside_rightangle(w: int, h: int) -> float:\n    \"\"\"\n\tWrite a function to find the third side of a right angled triangle.\n\t\"\"\"\n    return math.sqrt(w ** 2 + h ** 2)\n\n\ndef check(candidate):\n    assert candidate(7, 8) == 10.63014581273465\n    assert candidate(3, 4) == 5\n    assert candidate(7, 15) == 16.55294535724685\n\ndef test_check():\n    check(otherside_rightangle)\n\ntest_check()\n",
      "timestamp": 1665517474,
      "stdout": "",
      "stderr": "Traceback (most recent call last):\n  File \"/tmp/tmpawddrjoi.py\", line 16, in <module>\n    test_check()\n  File \"/tmp/tmpawddrjoi.py\", line 14, in test_check\n    check(otherside_rightangle)\n  File \"/tmp/tmpawddrjoi.py\", line 9, in check\n    assert candidate(7, 8) == 10.63014581273465\n  File \"/tmp/tmpawddrjoi.py\", line 5, in otherside_rightangle\n    return math.sqrt(w ** 2 + h ** 2)\nNameError: name 'math' is not defined\n",
      "exit_code": 1,
      "status": "Exception"
    },
    {
      "program": "def otherside_rightangle(w: int, h: int) -> float:\n    \"\"\"\n\tWrite a function to find the third side of a right angled triangle.\n\t\"\"\"\n    return sqrt(w ** 2 + h ** 2)\n\n\ndef check(candidate):\n    assert candidate(7, 8) == 10.63014581273465\n    assert candidate(3, 4) == 5\n    assert candidate(7, 15) == 16.55294535724685\n\ndef test_check():\n    check(otherside_rightangle)\n\ntest_check()\n",
      "timestamp": 1666123516,
      "stdout": "",
      "stderr": "Traceback (most recent call last):\n  File \"/tmp/tmp2yast1d7.py\", line 16, in <module>\n    test_check()\n  File \"/tmp/tmp2yast1d7.py\", line 14, in test_check\n    check(otherside_rightangle)\n  File \"/tmp/tmp2yast1d7.py\", line 9, in check\n    assert candidate(7, 8) == 10.63014581273465\n  File \"/tmp/tmp2yast1d7.py\", line 5, in otherside_rightangle\n    return sqrt(w ** 2 + h ** 2)\nNameError: name 'sqrt' is not defined\n",
      "exit_code": 1,
      "status": "Exception"
    },
    {
      "program": "def otherside_rightangle(w: int, h: int) -> float:\n    \"\"\"\n\tWrite a function to find the third side of a right angled triangle.\n\t\"\"\"\n    return math.sqrt(w ** 2 + h ** 2)\n\n\ndef check(candidate):\n    assert candidate(7, 8) == 10.63014581273465\n    assert candidate(3, 4) == 5\n    assert candidate(7, 15) == 16.55294535724685\n\ndef test_check():\n    check(otherside_rightangle)\n\ntest_check()\n",
      "timestamp": 1665517474,
      "stdout": "",
      "stderr": "Traceback (most recent call last):\n  File \"/tmp/tmpawddrjoi.py\", line 16, in <module>\n    test_check()\n  File \"/tmp/tmpawddrjoi.py\", line 14, in test_check\n    check(otherside_rightangle)\n  File \"/tmp/tmpawddrjoi.py\", line 9, in check\n    assert candidate(7, 8) == 10.63014581273465\n  File \"/tmp/tmpawddrjoi.py\", line 5, in otherside_rightangle\n    return math.sqrt(w ** 2 + h ** 2)\nNameError: name 'math' is not defined\n",
      "exit_code": 1,
      "status": "Exception"
    },
    {
      "program": "def otherside_rightangle(w: int, h: int) -> float:\n    \"\"\"\n\tWrite a function to find the third side of a right angled triangle.\n\t\"\"\"\n    return math.sqrt(w ** 2 + h ** 2)\n\n\ndef check(candidate):\n    assert candidate(7, 8) == 10.63014581273465\n    assert candidate(3, 4) == 5\n    assert candidate(7, 15) == 16.55294535724685\n\ndef test_check():\n    check(otherside_rightangle)\n\ntest_check()\n",
      "timestamp": 1665517474,
      "stdout": "",
      "stderr": "Traceback (most recent call last):\n  File \"/tmp/tmpawddrjoi.py\", line 16, in <module>\n    test_check()\n  File \"/tmp/tmpawddrjoi.py\", line 14, in test_check\n    check(otherside_rightangle)\n  File \"/tmp/tmpawddrjoi.py\", line 9, in check\n    assert candidate(7, 8) == 10.63014581273465\n  File \"/tmp/tmpawddrjoi.py\", line 5, in otherside_rightangle\n    return math.sqrt(w ** 2 + h ** 2)\nNameError: name 'math' is not defined\n",
      "exit_code": 1,
      "status": "Exception"
    },
    {
      "program": "def otherside_rightangle(w: int, h: int) -> float:\n    \"\"\"\n\tWrite a function to find the third side of a right angled triangle.\n\t\"\"\"\n    return math.sqrt(w ** 2 + h ** 2)\n\n\ndef check(candidate):\n    assert candidate(7, 8) == 10.63014581273465\n    assert candidate(3, 4) == 5\n    assert candidate(7, 15) == 16.55294535724685\n\ndef test_check():\n    check(otherside_rightangle)\n\ntest_check()\n",
      "timestamp": 1665517474,
      "stdout": "",
      "stderr": "Traceback (most recent call last):\n  File \"/tmp/tmpawddrjoi.py\", line 16, in <module>\n    test_check()\n  File \"/tmp/tmpawddrjoi.py\", line 14, in test_check\n    check(otherside_rightangle)\n  File \"/tmp/tmpawddrjoi.py\", line 9, in check\n    assert candidate(7, 8) == 10.63014581273465\n  File \"/tmp/tmpawddrjoi.py\", line 5, in otherside_rightangle\n    return math.sqrt(w ** 2 + h ** 2)\nNameError: name 'math' is not defined\n",
      "exit_code": 1,
      "status": "Exception"
    },
    {
      "program": "def otherside_rightangle(w: int, h: int) -> float:\n    \"\"\"\n\tWrite a function to find the third side of a right angled triangle.\n\t\"\"\"\n    return math.sqrt(w ** 2 + h ** 2)\n\n\ndef check(candidate):\n    assert candidate(7, 8) == 10.63014581273465\n    assert candidate(3, 4) == 5\n    assert candidate(7, 15) == 16.55294535724685\n\ndef test_check():\n    check(otherside_rightangle)\n\ntest_check()\n",
      "timestamp": 1665517474,
      "stdout": "",
      "stderr": "Traceback (most recent call last):\n  File \"/tmp/tmpawddrjoi.py\", line 16, in <module>\n    test_check()\n  File \"/tmp/tmpawddrjoi.py\", line 14, in test_check\n    check(otherside_rightangle)\n  File \"/tmp/tmpawddrjoi.py\", line 9, in check\n    assert candidate(7, 8) == 10.63014581273465\n  File \"/tmp/tmpawddrjoi.py\", line 5, in otherside_rightangle\n    return math.sqrt(w ** 2 + h ** 2)\nNameError: name 'math' is not defined\n",
      "exit_code": 1,
      "status": "Exception"
    },
    {
      "program": "def otherside_rightangle(w: int, h: int) -> float:\n    \"\"\"\n\tWrite a function to find the third side of a right angled triangle.\n\t\"\"\"\n    return math.sqrt(w ** 2 + h ** 2)\n\n\ndef check(candidate):\n    assert candidate(7, 8) == 10.63014581273465\n    assert candidate(3, 4) == 5\n    assert candidate(7, 15) == 16.55294535724685\n\ndef test_check():\n    check(otherside_rightangle)\n\ntest_check()\n",
      "timestamp": 1665517474,
      "stdout": "",
      "stderr": "Traceback (most recent call last):\n  File \"/tmp/tmpawddrjoi.py\", line 16, in <module>\n    test_check()\n  File \"/tmp/tmpawddrjoi.py\", line 14, in test_check\n    check(otherside_rightangle)\n  File \"/tmp/tmpawddrjoi.py\", line 9, in check\n    assert candidate(7, 8) == 10.63014581273465\n  File \"/tmp/tmpawddrjoi.py\", line 5, in otherside_rightangle\n    return math.sqrt(w ** 2 + h ** 2)\nNameError: name 'math' is not defined\n",
      "exit_code": 1,
      "status": "Exception"
    },
    {
      "program": "def otherside_rightangle(w: int, h: int) -> float:\n    \"\"\"\n\tWrite a function to find the third side of a right angled triangle.\n\t\"\"\"\n    return math.sqrt(w ** 2 + h ** 2)\n\n\ndef check(candidate):\n    assert candidate(7, 8) == 10.63014581273465\n    assert candidate(3, 4) == 5\n    assert candidate(7, 15) == 16.55294535724685\n\ndef test_check():\n    check(otherside_rightangle)\n\ntest_check()\n",
      "timestamp": 1665517474,
      "stdout": "",
      "stderr": "Traceback (most recent call last):\n  File \"/tmp/tmpawddrjoi.py\", line 16, in <module>\n    test_check()\n  File \"/tmp/tmpawddrjoi.py\", line 14, in test_check\n    check(otherside_rightangle)\n  File \"/tmp/tmpawddrjoi.py\", line 9, in check\n    assert candidate(7, 8) == 10.63014581273465\n  File \"/tmp/tmpawddrjoi.py\", line 5, in otherside_rightangle\n    return math.sqrt(w ** 2 + h ** 2)\nNameError: name 'math' is not defined\n",
      "exit_code": 1,
      "status": "Exception"
    },
    {
      "program": "def otherside_rightangle(w: int, h: int) -> float:\n    \"\"\"\n\tWrite a function to find the third side of a right angled triangle.\n\t\"\"\"\n    return math.sqrt(w ** 2 + h ** 2)\n\n\ndef check(candidate):\n    assert candidate(7, 8) == 10.63014581273465\n    assert candidate(3, 4) == 5\n    assert candidate(7, 15) == 16.55294535724685\n\ndef test_check():\n    check(otherside_rightangle)\n\ntest_check()\n",
      "timestamp": 1665517474,
      "stdout": "",
      "stderr": "Traceback (most recent call last):\n  File \"/tmp/tmpawddrjoi.py\", line 16, in <module>\n    test_check()\n  File \"/tmp/tmpawddrjoi.py\", line 14, in test_check\n    check(otherside_rightangle)\n  File \"/tmp/tmpawddrjoi.py\", line 9, in check\n    assert candidate(7, 8) == 10.63014581273465\n  File \"/tmp/tmpawddrjoi.py\", line 5, in otherside_rightangle\n    return math.sqrt(w ** 2 + h ** 2)\nNameError: name 'math' is not defined\n",
      "exit_code": 1,
      "status": "Exception"
    },
    {
      "program": "def otherside_rightangle(w: int, h: int) -> float:\n    \"\"\"\n\tWrite a function to find the third side of a right angled triangle.\n\t\"\"\"\n    return math.sqrt(w ** 2 + h ** 2)\n\n\ndef check(candidate):\n    assert candidate(7, 8) == 10.63014581273465\n    assert candidate(3, 4) == 5\n    assert candidate(7, 15) == 16.55294535724685\n\ndef test_check():\n    check(otherside_rightangle)\n\ntest_check()\n",
      "timestamp": 1665517474,
      "stdout": "",
      "stderr": "Traceback (most recent call last):\n  File \"/tmp/tmpawddrjoi.py\", line 16, in <module>\n    test_check()\n  File \"/tmp/tmpawddrjoi.py\", line 14, in test_check\n    check(otherside_rightangle)\n  File \"/tmp/tmpawddrjoi.py\", line 9, in check\n    assert candidate(7, 8) == 10.63014581273465\n  File \"/tmp/tmpawddrjoi.py\", line 5, in otherside_rightangle\n    return math.sqrt(w ** 2 + h ** 2)\nNameError: name 'math' is not defined\n",
      "exit_code": 1,
      "status": "Exception"
    },
    {
      "program": "def otherside_rightangle(w: int, h: int) -> float:\n    \"\"\"\n\tWrite a function to find the third side of a right angled triangle.\n\t\"\"\"\n    return math.sqrt(w ** 2 + h ** 2)\n\n\ndef check(candidate):\n    assert candidate(7, 8) == 10.63014581273465\n    assert candidate(3, 4) == 5\n    assert candidate(7, 15) == 16.55294535724685\n\ndef test_check():\n    check(otherside_rightangle)\n\ntest_check()\n",
      "timestamp": 1665517474,
      "stdout": "",
      "stderr": "Traceback (most recent call last):\n  File \"/tmp/tmpawddrjoi.py\", line 16, in <module>\n    test_check()\n  File \"/tmp/tmpawddrjoi.py\", line 14, in test_check\n    check(otherside_rightangle)\n  File \"/tmp/tmpawddrjoi.py\", line 9, in check\n    assert candidate(7, 8) == 10.63014581273465\n  File \"/tmp/tmpawddrjoi.py\", line 5, in otherside_rightangle\n    return math.sqrt(w ** 2 + h ** 2)\nNameError: name 'math' is not defined\n",
      "exit_code": 1,
      "status": "Exception"
    },
    {
      "program": "def otherside_rightangle(w: int, h: int) -> float:\n    \"\"\"\n\tWrite a function to find the third side of a right angled triangle.\n\t\"\"\"\n    return math.sqrt(w ** 2 + h ** 2)\n\n\ndef check(candidate):\n    assert candidate(7, 8) == 10.63014581273465\n    assert candidate(3, 4) == 5\n    assert candidate(7, 15) == 16.55294535724685\n\ndef test_check():\n    check(otherside_rightangle)\n\ntest_check()\n",
      "timestamp": 1665517474,
      "stdout": "",
      "stderr": "Traceback (most recent call last):\n  File \"/tmp/tmpawddrjoi.py\", line 16, in <module>\n    test_check()\n  File \"/tmp/tmpawddrjoi.py\", line 14, in test_check\n    check(otherside_rightangle)\n  File \"/tmp/tmpawddrjoi.py\", line 9, in check\n    assert candidate(7, 8) == 10.63014581273465\n  File \"/tmp/tmpawddrjoi.py\", line 5, in otherside_rightangle\n    return math.sqrt(w ** 2 + h ** 2)\nNameError: name 'math' is not defined\n",
      "exit_code": 1,
      "status": "Exception"
    },
    {
      "program": "def otherside_rightangle(w: int, h: int) -> float:\n    \"\"\"\n\tWrite a function to find the third side of a right angled triangle.\n\t\"\"\"\n    return (w ** 2 + h ** 2) ** 0.5\n\n\ndef check(candidate):\n    assert candidate(7, 8) == 10.63014581273465\n    assert candidate(3, 4) == 5\n    assert candidate(7, 15) == 16.55294535724685\n\ndef test_check():\n    check(otherside_rightangle)\n\ntest_check()\n",
      "timestamp": 1666123516,
      "stdout": "",
      "stderr": "",
      "exit_code": 0,
      "status": "OK"
    },
    {
      "program": "def otherside_rightangle(w: int, h: int) -> float:\n    \"\"\"\n\tWrite a function to find the third side of a right angled triangle.\n\t\"\"\"\n    return math.sqrt(w ** 2 + h ** 2)\n\n\ndef check(candidate):\n    assert candidate(7, 8) == 10.63014581273465\n    assert candidate(3, 4) == 5\n    assert candidate(7, 15) == 16.55294535724685\n\ndef test_check():\n    check(otherside_rightangle)\n\ntest_check()\n",
      "timestamp": 1665517474,
      "stdout": "",
      "stderr": "Traceback (most recent call last):\n  File \"/tmp/tmpawddrjoi.py\", line 16, in <module>\n    test_check()\n  File \"/tmp/tmpawddrjoi.py\", line 14, in test_check\n    check(otherside_rightangle)\n  File \"/tmp/tmpawddrjoi.py\", line 9, in check\n    assert candidate(7, 8) == 10.63014581273465\n  File \"/tmp/tmpawddrjoi.py\", line 5, in otherside_rightangle\n    return math.sqrt(w ** 2 + h ** 2)\nNameError: name 'math' is not defined\n",
      "exit_code": 1,
      "status": "Exception"
    },
    {
      "program": "def otherside_rightangle(w: int, h: int) -> float:\n    \"\"\"\n\tWrite a function to find the third side of a right angled triangle.\n\t\"\"\"\n    return math.sqrt(w ** 2 + h ** 2)\n\n\ndef check(candidate):\n    assert candidate(7, 8) == 10.63014581273465\n    assert candidate(3, 4) == 5\n    assert candidate(7, 15) == 16.55294535724685\n\ndef test_check():\n    check(otherside_rightangle)\n\ntest_check()\n",
      "timestamp": 1665517474,
      "stdout": "",
      "stderr": "Traceback (most recent call last):\n  File \"/tmp/tmpawddrjoi.py\", line 16, in <module>\n    test_check()\n  File \"/tmp/tmpawddrjoi.py\", line 14, in test_check\n    check(otherside_rightangle)\n  File \"/tmp/tmpawddrjoi.py\", line 9, in check\n    assert candidate(7, 8) == 10.63014581273465\n  File \"/tmp/tmpawddrjoi.py\", line 5, in otherside_rightangle\n    return math.sqrt(w ** 2 + h ** 2)\nNameError: name 'math' is not defined\n",
      "exit_code": 1,
      "status": "Exception"
    },
    {
      "program": "def otherside_rightangle(w: int, h: int) -> float:\n    \"\"\"\n\tWrite a function to find the third side of a right angled triangle.\n\t\"\"\"\n    return math.sqrt(w ** 2 + h ** 2)\n\n\ndef check(candidate):\n    assert candidate(7, 8) == 10.63014581273465\n    assert candidate(3, 4) == 5\n    assert candidate(7, 15) == 16.55294535724685\n\ndef test_check():\n    check(otherside_rightangle)\n\ntest_check()\n",
      "timestamp": 1665517474,
      "stdout": "",
      "stderr": "Traceback (most recent call last):\n  File \"/tmp/tmpawddrjoi.py\", line 16, in <module>\n    test_check()\n  File \"/tmp/tmpawddrjoi.py\", line 14, in test_check\n    check(otherside_rightangle)\n  File \"/tmp/tmpawddrjoi.py\", line 9, in check\n    assert candidate(7, 8) == 10.63014581273465\n  File \"/tmp/tmpawddrjoi.py\", line 5, in otherside_rightangle\n    return math.sqrt(w ** 2 + h ** 2)\nNameError: name 'math' is not defined\n",
      "exit_code": 1,
      "status": "Exception"
    },
    {
      "program": "def otherside_rightangle(w: int, h: int) -> float:\n    \"\"\"\n\tWrite a function to find the third side of a right angled triangle.\n\t\"\"\"\n    return math.sqrt(w ** 2 + h ** 2)\n\n\ndef check(candidate):\n    assert candidate(7, 8) == 10.63014581273465\n    assert candidate(3, 4) == 5\n    assert candidate(7, 15) == 16.55294535724685\n\ndef test_check():\n    check(otherside_rightangle)\n\ntest_check()\n",
      "timestamp": 1665517474,
      "stdout": "",
      "stderr": "Traceback (most recent call last):\n  File \"/tmp/tmpawddrjoi.py\", line 16, in <module>\n    test_check()\n  File \"/tmp/tmpawddrjoi.py\", line 14, in test_check\n    check(otherside_rightangle)\n  File \"/tmp/tmpawddrjoi.py\", line 9, in check\n    assert candidate(7, 8) == 10.63014581273465\n  File \"/tmp/tmpawddrjoi.py\", line 5, in otherside_rightangle\n    return math.sqrt(w ** 2 + h ** 2)\nNameError: name 'math' is not defined\n",
      "exit_code": 1,
      "status": "Exception"
    },
    {
      "program": "def otherside_rightangle(w: int, h: int) -> float:\n    \"\"\"\n\tWrite a function to find the third side of a right angled triangle.\n\t\"\"\"\n    return math.sqrt(w ** 2 + h ** 2)\n\n\ndef check(candidate):\n    assert candidate(7, 8) == 10.63014581273465\n    assert candidate(3, 4) == 5\n    assert candidate(7, 15) == 16.55294535724685\n\ndef test_check():\n    check(otherside_rightangle)\n\ntest_check()\n",
      "timestamp": 1665517474,
      "stdout": "",
      "stderr": "Traceback (most recent call last):\n  File \"/tmp/tmpawddrjoi.py\", line 16, in <module>\n    test_check()\n  File \"/tmp/tmpawddrjoi.py\", line 14, in test_check\n    check(otherside_rightangle)\n  File \"/tmp/tmpawddrjoi.py\", line 9, in check\n    assert candidate(7, 8) == 10.63014581273465\n  File \"/tmp/tmpawddrjoi.py\", line 5, in otherside_rightangle\n    return math.sqrt(w ** 2 + h ** 2)\nNameError: name 'math' is not defined\n",
      "exit_code": 1,
      "status": "Exception"
    },
    {
      "program": "def otherside_rightangle(w: int, h: int) -> float:\n    \"\"\"\n\tWrite a function to find the third side of a right angled triangle.\n\t\"\"\"\n    return math.sqrt(w ** 2 + h ** 2)\n\n\ndef check(candidate):\n    assert candidate(7, 8) == 10.63014581273465\n    assert candidate(3, 4) == 5\n    assert candidate(7, 15) == 16.55294535724685\n\ndef test_check():\n    check(otherside_rightangle)\n\ntest_check()\n",
      "timestamp": 1665517474,
      "stdout": "",
      "stderr": "Traceback (most recent call last):\n  File \"/tmp/tmpawddrjoi.py\", line 16, in <module>\n    test_check()\n  File \"/tmp/tmpawddrjoi.py\", line 14, in test_check\n    check(otherside_rightangle)\n  File \"/tmp/tmpawddrjoi.py\", line 9, in check\n    assert candidate(7, 8) == 10.63014581273465\n  File \"/tmp/tmpawddrjoi.py\", line 5, in otherside_rightangle\n    return math.sqrt(w ** 2 + h ** 2)\nNameError: name 'math' is not defined\n",
      "exit_code": 1,
      "status": "Exception"
    },
    {
      "program": "def otherside_rightangle(w: int, h: int) -> float:\n    \"\"\"\n\tWrite a function to find the third side of a right angled triangle.\n\t\"\"\"\n    return math.sqrt(w ** 2 + h ** 2)\n\n\ndef check(candidate):\n    assert candidate(7, 8) == 10.63014581273465\n    assert candidate(3, 4) == 5\n    assert candidate(7, 15) == 16.55294535724685\n\ndef test_check():\n    check(otherside_rightangle)\n\ntest_check()\n",
      "timestamp": 1665517474,
      "stdout": "",
      "stderr": "Traceback (most recent call last):\n  File \"/tmp/tmpawddrjoi.py\", line 16, in <module>\n    test_check()\n  File \"/tmp/tmpawddrjoi.py\", line 14, in test_check\n    check(otherside_rightangle)\n  File \"/tmp/tmpawddrjoi.py\", line 9, in check\n    assert candidate(7, 8) == 10.63014581273465\n  File \"/tmp/tmpawddrjoi.py\", line 5, in otherside_rightangle\n    return math.sqrt(w ** 2 + h ** 2)\nNameError: name 'math' is not defined\n",
      "exit_code": 1,
      "status": "Exception"
    },
    {
      "program": "def otherside_rightangle(w: int, h: int) -> float:\n    \"\"\"\n\tWrite a function to find the third side of a right angled triangle.\n\t\"\"\"\n    return math.sqrt(w ** 2 + h ** 2)\n\n\ndef check(candidate):\n    assert candidate(7, 8) == 10.63014581273465\n    assert candidate(3, 4) == 5\n    assert candidate(7, 15) == 16.55294535724685\n\ndef test_check():\n    check(otherside_rightangle)\n\ntest_check()\n",
      "timestamp": 1665517474,
      "stdout": "",
      "stderr": "Traceback (most recent call last):\n  File \"/tmp/tmpawddrjoi.py\", line 16, in <module>\n    test_check()\n  File \"/tmp/tmpawddrjoi.py\", line 14, in test_check\n    check(otherside_rightangle)\n  File \"/tmp/tmpawddrjoi.py\", line 9, in check\n    assert candidate(7, 8) == 10.63014581273465\n  File \"/tmp/tmpawddrjoi.py\", line 5, in otherside_rightangle\n    return math.sqrt(w ** 2 + h ** 2)\nNameError: name 'math' is not defined\n",
      "exit_code": 1,
      "status": "Exception"
    },
    {
      "program": "def otherside_rightangle(w: int, h: int) -> float:\n    \"\"\"\n\tWrite a function to find the third side of a right angled triangle.\n\t\"\"\"\n    return math.sqrt(w ** 2 + h ** 2)\n\n\ndef check(candidate):\n    assert candidate(7, 8) == 10.63014581273465\n    assert candidate(3, 4) == 5\n    assert candidate(7, 15) == 16.55294535724685\n\ndef test_check():\n    check(otherside_rightangle)\n\ntest_check()\n",
      "timestamp": 1665517474,
      "stdout": "",
      "stderr": "Traceback (most recent call last):\n  File \"/tmp/tmpawddrjoi.py\", line 16, in <module>\n    test_check()\n  File \"/tmp/tmpawddrjoi.py\", line 14, in test_check\n    check(otherside_rightangle)\n  File \"/tmp/tmpawddrjoi.py\", line 9, in check\n    assert candidate(7, 8) == 10.63014581273465\n  File \"/tmp/tmpawddrjoi.py\", line 5, in otherside_rightangle\n    return math.sqrt(w ** 2 + h ** 2)\nNameError: name 'math' is not defined\n",
      "exit_code": 1,
      "status": "Exception"
    },
    {
      "program": "def otherside_rightangle(w: int, h: int) -> float:\n    \"\"\"\n\tWrite a function to find the third side of a right angled triangle.\n\t\"\"\"\n    return math.sqrt(w ** 2 + h ** 2)\n\n\ndef check(candidate):\n    assert candidate(7, 8) == 10.63014581273465\n    assert candidate(3, 4) == 5\n    assert candidate(7, 15) == 16.55294535724685\n\ndef test_check():\n    check(otherside_rightangle)\n\ntest_check()\n",
      "timestamp": 1665517474,
      "stdout": "",
      "stderr": "Traceback (most recent call last):\n  File \"/tmp/tmpawddrjoi.py\", line 16, in <module>\n    test_check()\n  File \"/tmp/tmpawddrjoi.py\", line 14, in test_check\n    check(otherside_rightangle)\n  File \"/tmp/tmpawddrjoi.py\", line 9, in check\n    assert candidate(7, 8) == 10.63014581273465\n  File \"/tmp/tmpawddrjoi.py\", line 5, in otherside_rightangle\n    return math.sqrt(w ** 2 + h ** 2)\nNameError: name 'math' is not defined\n",
      "exit_code": 1,
      "status": "Exception"
    },
    {
      "program": "def otherside_rightangle(w: int, h: int) -> float:\n    \"\"\"\n\tWrite a function to find the third side of a right angled triangle.\n\t\"\"\"\n    return math.sqrt(w ** 2 + h ** 2)\n\n\ndef check(candidate):\n    assert candidate(7, 8) == 10.63014581273465\n    assert candidate(3, 4) == 5\n    assert candidate(7, 15) == 16.55294535724685\n\ndef test_check():\n    check(otherside_rightangle)\n\ntest_check()\n",
      "timestamp": 1665517474,
      "stdout": "",
      "stderr": "Traceback (most recent call last):\n  File \"/tmp/tmpawddrjoi.py\", line 16, in <module>\n    test_check()\n  File \"/tmp/tmpawddrjoi.py\", line 14, in test_check\n    check(otherside_rightangle)\n  File \"/tmp/tmpawddrjoi.py\", line 9, in check\n    assert candidate(7, 8) == 10.63014581273465\n  File \"/tmp/tmpawddrjoi.py\", line 5, in otherside_rightangle\n    return math.sqrt(w ** 2 + h ** 2)\nNameError: name 'math' is not defined\n",
      "exit_code": 1,
      "status": "Exception"
    },
    {
      "program": "def otherside_rightangle(w: int, h: int) -> float:\n    \"\"\"\n\tWrite a function to find the third side of a right angled triangle.\n\t\"\"\"\n    return math.sqrt(w ** 2 + h ** 2)\n\n\ndef check(candidate):\n    assert candidate(7, 8) == 10.63014581273465\n    assert candidate(3, 4) == 5\n    assert candidate(7, 15) == 16.55294535724685\n\ndef test_check():\n    check(otherside_rightangle)\n\ntest_check()\n",
      "timestamp": 1665517474,
      "stdout": "",
      "stderr": "Traceback (most recent call last):\n  File \"/tmp/tmpawddrjoi.py\", line 16, in <module>\n    test_check()\n  File \"/tmp/tmpawddrjoi.py\", line 14, in test_check\n    check(otherside_rightangle)\n  File \"/tmp/tmpawddrjoi.py\", line 9, in check\n    assert candidate(7, 8) == 10.63014581273465\n  File \"/tmp/tmpawddrjoi.py\", line 5, in otherside_rightangle\n    return math.sqrt(w ** 2 + h ** 2)\nNameError: name 'math' is not defined\n",
      "exit_code": 1,
      "status": "Exception"
    },
    {
      "program": "def otherside_rightangle(w: int, h: int) -> float:\n    \"\"\"\n\tWrite a function to find the third side of a right angled triangle.\n\t\"\"\"\n    return math.sqrt(w ** 2 + h ** 2)\n\n\ndef check(candidate):\n    assert candidate(7, 8) == 10.63014581273465\n    assert candidate(3, 4) == 5\n    assert candidate(7, 15) == 16.55294535724685\n\ndef test_check():\n    check(otherside_rightangle)\n\ntest_check()\n",
      "timestamp": 1665517474,
      "stdout": "",
      "stderr": "Traceback (most recent call last):\n  File \"/tmp/tmpawddrjoi.py\", line 16, in <module>\n    test_check()\n  File \"/tmp/tmpawddrjoi.py\", line 14, in test_check\n    check(otherside_rightangle)\n  File \"/tmp/tmpawddrjoi.py\", line 9, in check\n    assert candidate(7, 8) == 10.63014581273465\n  File \"/tmp/tmpawddrjoi.py\", line 5, in otherside_rightangle\n    return math.sqrt(w ** 2 + h ** 2)\nNameError: name 'math' is not defined\n",
      "exit_code": 1,
      "status": "Exception"
    },
    {
      "program": "def otherside_rightangle(w: int, h: int) -> float:\n    \"\"\"\n\tWrite a function to find the third side of a right angled triangle.\n\t\"\"\"\n    return math.sqrt(w ** 2 + h ** 2)\n\n\ndef check(candidate):\n    assert candidate(7, 8) == 10.63014581273465\n    assert candidate(3, 4) == 5\n    assert candidate(7, 15) == 16.55294535724685\n\ndef test_check():\n    check(otherside_rightangle)\n\ntest_check()\n",
      "timestamp": 1665517474,
      "stdout": "",
      "stderr": "Traceback (most recent call last):\n  File \"/tmp/tmpawddrjoi.py\", line 16, in <module>\n    test_check()\n  File \"/tmp/tmpawddrjoi.py\", line 14, in test_check\n    check(otherside_rightangle)\n  File \"/tmp/tmpawddrjoi.py\", line 9, in check\n    assert candidate(7, 8) == 10.63014581273465\n  File \"/tmp/tmpawddrjoi.py\", line 5, in otherside_rightangle\n    return math.sqrt(w ** 2 + h ** 2)\nNameError: name 'math' is not defined\n",
      "exit_code": 1,
      "status": "Exception"
    },
    {
      "program": "def otherside_rightangle(w: int, h: int) -> float:\n    \"\"\"\n\tWrite a function to find the third side of a right angled triangle.\n\t\"\"\"\n    return math.sqrt(w ** 2 + h ** 2)\n\n\ndef check(candidate):\n    assert candidate(7, 8) == 10.63014581273465\n    assert candidate(3, 4) == 5\n    assert candidate(7, 15) == 16.55294535724685\n\ndef test_check():\n    check(otherside_rightangle)\n\ntest_check()\n",
      "timestamp": 1665517474,
      "stdout": "",
      "stderr": "Traceback (most recent call last):\n  File \"/tmp/tmpawddrjoi.py\", line 16, in <module>\n    test_check()\n  File \"/tmp/tmpawddrjoi.py\", line 14, in test_check\n    check(otherside_rightangle)\n  File \"/tmp/tmpawddrjoi.py\", line 9, in check\n    assert candidate(7, 8) == 10.63014581273465\n  File \"/tmp/tmpawddrjoi.py\", line 5, in otherside_rightangle\n    return math.sqrt(w ** 2 + h ** 2)\nNameError: name 'math' is not defined\n",
      "exit_code": 1,
      "status": "Exception"
    },
    {
      "program": "def otherside_rightangle(w: int, h: int) -> float:\n    \"\"\"\n\tWrite a function to find the third side of a right angled triangle.\n\t\"\"\"\n    return math.sqrt(w ** 2 + h ** 2)\n\n\ndef check(candidate):\n    assert candidate(7, 8) == 10.63014581273465\n    assert candidate(3, 4) == 5\n    assert candidate(7, 15) == 16.55294535724685\n\ndef test_check():\n    check(otherside_rightangle)\n\ntest_check()\n",
      "timestamp": 1665517474,
      "stdout": "",
      "stderr": "Traceback (most recent call last):\n  File \"/tmp/tmpawddrjoi.py\", line 16, in <module>\n    test_check()\n  File \"/tmp/tmpawddrjoi.py\", line 14, in test_check\n    check(otherside_rightangle)\n  File \"/tmp/tmpawddrjoi.py\", line 9, in check\n    assert candidate(7, 8) == 10.63014581273465\n  File \"/tmp/tmpawddrjoi.py\", line 5, in otherside_rightangle\n    return math.sqrt(w ** 2 + h ** 2)\nNameError: name 'math' is not defined\n",
      "exit_code": 1,
      "status": "Exception"
    },
    {
      "program": "def otherside_rightangle(w: int, h: int) -> float:\n    \"\"\"\n\tWrite a function to find the third side of a right angled triangle.\n\t\"\"\"\n    return math.sqrt(w ** 2 + h ** 2)\n\n\ndef check(candidate):\n    assert candidate(7, 8) == 10.63014581273465\n    assert candidate(3, 4) == 5\n    assert candidate(7, 15) == 16.55294535724685\n\ndef test_check():\n    check(otherside_rightangle)\n\ntest_check()\n",
      "timestamp": 1665517474,
      "stdout": "",
      "stderr": "Traceback (most recent call last):\n  File \"/tmp/tmpawddrjoi.py\", line 16, in <module>\n    test_check()\n  File \"/tmp/tmpawddrjoi.py\", line 14, in test_check\n    check(otherside_rightangle)\n  File \"/tmp/tmpawddrjoi.py\", line 9, in check\n    assert candidate(7, 8) == 10.63014581273465\n  File \"/tmp/tmpawddrjoi.py\", line 5, in otherside_rightangle\n    return math.sqrt(w ** 2 + h ** 2)\nNameError: name 'math' is not defined\n",
      "exit_code": 1,
      "status": "Exception"
    },
    {
      "program": "def otherside_rightangle(w: int, h: int) -> float:\n    \"\"\"\n\tWrite a function to find the third side of a right angled triangle.\n\t\"\"\"\n    return math.sqrt(w ** 2 + h ** 2)\n\n\ndef check(candidate):\n    assert candidate(7, 8) == 10.63014581273465\n    assert candidate(3, 4) == 5\n    assert candidate(7, 15) == 16.55294535724685\n\ndef test_check():\n    check(otherside_rightangle)\n\ntest_check()\n",
      "timestamp": 1665517474,
      "stdout": "",
      "stderr": "Traceback (most recent call last):\n  File \"/tmp/tmpawddrjoi.py\", line 16, in <module>\n    test_check()\n  File \"/tmp/tmpawddrjoi.py\", line 14, in test_check\n    check(otherside_rightangle)\n  File \"/tmp/tmpawddrjoi.py\", line 9, in check\n    assert candidate(7, 8) == 10.63014581273465\n  File \"/tmp/tmpawddrjoi.py\", line 5, in otherside_rightangle\n    return math.sqrt(w ** 2 + h ** 2)\nNameError: name 'math' is not defined\n",
      "exit_code": 1,
      "status": "Exception"
    },
    {
      "program": "def otherside_rightangle(w: int, h: int) -> float:\n    \"\"\"\n\tWrite a function to find the third side of a right angled triangle.\n\t\"\"\"\n    return math.sqrt(w ** 2 + h ** 2)\n\n\ndef check(candidate):\n    assert candidate(7, 8) == 10.63014581273465\n    assert candidate(3, 4) == 5\n    assert candidate(7, 15) == 16.55294535724685\n\ndef test_check():\n    check(otherside_rightangle)\n\ntest_check()\n",
      "timestamp": 1665517474,
      "stdout": "",
      "stderr": "Traceback (most recent call last):\n  File \"/tmp/tmpawddrjoi.py\", line 16, in <module>\n    test_check()\n  File \"/tmp/tmpawddrjoi.py\", line 14, in test_check\n    check(otherside_rightangle)\n  File \"/tmp/tmpawddrjoi.py\", line 9, in check\n    assert candidate(7, 8) == 10.63014581273465\n  File \"/tmp/tmpawddrjoi.py\", line 5, in otherside_rightangle\n    return math.sqrt(w ** 2 + h ** 2)\nNameError: name 'math' is not defined\n",
      "exit_code": 1,
      "status": "Exception"
    },
    {
      "program": "def otherside_rightangle(w: int, h: int) -> float:\n    \"\"\"\n\tWrite a function to find the third side of a right angled triangle.\n\t\"\"\"\n    return math.sqrt(w ** 2 + h ** 2)\n\n\ndef check(candidate):\n    assert candidate(7, 8) == 10.63014581273465\n    assert candidate(3, 4) == 5\n    assert candidate(7, 15) == 16.55294535724685\n\ndef test_check():\n    check(otherside_rightangle)\n\ntest_check()\n",
      "timestamp": 1665517474,
      "stdout": "",
      "stderr": "Traceback (most recent call last):\n  File \"/tmp/tmpawddrjoi.py\", line 16, in <module>\n    test_check()\n  File \"/tmp/tmpawddrjoi.py\", line 14, in test_check\n    check(otherside_rightangle)\n  File \"/tmp/tmpawddrjoi.py\", line 9, in check\n    assert candidate(7, 8) == 10.63014581273465\n  File \"/tmp/tmpawddrjoi.py\", line 5, in otherside_rightangle\n    return math.sqrt(w ** 2 + h ** 2)\nNameError: name 'math' is not defined\n",
      "exit_code": 1,
      "status": "Exception"
    },
    {
      "program": "def otherside_rightangle(w: int, h: int) -> float:\n    \"\"\"\n\tWrite a function to find the third side of a right angled triangle.\n\t\"\"\"\n    return math.sqrt(w ** 2 + h ** 2)\n\n\ndef check(candidate):\n    assert candidate(7, 8) == 10.63014581273465\n    assert candidate(3, 4) == 5\n    assert candidate(7, 15) == 16.55294535724685\n\ndef test_check():\n    check(otherside_rightangle)\n\ntest_check()\n",
      "timestamp": 1665517474,
      "stdout": "",
      "stderr": "Traceback (most recent call last):\n  File \"/tmp/tmpawddrjoi.py\", line 16, in <module>\n    test_check()\n  File \"/tmp/tmpawddrjoi.py\", line 14, in test_check\n    check(otherside_rightangle)\n  File \"/tmp/tmpawddrjoi.py\", line 9, in check\n    assert candidate(7, 8) == 10.63014581273465\n  File \"/tmp/tmpawddrjoi.py\", line 5, in otherside_rightangle\n    return math.sqrt(w ** 2 + h ** 2)\nNameError: name 'math' is not defined\n",
      "exit_code": 1,
      "status": "Exception"
    },
    {
      "program": "def otherside_rightangle(w: int, h: int) -> float:\n    \"\"\"\n\tWrite a function to find the third side of a right angled triangle.\n\t\"\"\"\n    return math.sqrt(w ** 2 + h ** 2)\n\n\ndef check(candidate):\n    assert candidate(7, 8) == 10.63014581273465\n    assert candidate(3, 4) == 5\n    assert candidate(7, 15) == 16.55294535724685\n\ndef test_check():\n    check(otherside_rightangle)\n\ntest_check()\n",
      "timestamp": 1665517474,
      "stdout": "",
      "stderr": "Traceback (most recent call last):\n  File \"/tmp/tmpawddrjoi.py\", line 16, in <module>\n    test_check()\n  File \"/tmp/tmpawddrjoi.py\", line 14, in test_check\n    check(otherside_rightangle)\n  File \"/tmp/tmpawddrjoi.py\", line 9, in check\n    assert candidate(7, 8) == 10.63014581273465\n  File \"/tmp/tmpawddrjoi.py\", line 5, in otherside_rightangle\n    return math.sqrt(w ** 2 + h ** 2)\nNameError: name 'math' is not defined\n",
      "exit_code": 1,
      "status": "Exception"
    },
    {
      "program": "def otherside_rightangle(w: int, h: int) -> float:\n    \"\"\"\n\tWrite a function to find the third side of a right angled triangle.\n\t\"\"\"\n    return math.sqrt(w ** 2 + h ** 2)\n\n\ndef check(candidate):\n    assert candidate(7, 8) == 10.63014581273465\n    assert candidate(3, 4) == 5\n    assert candidate(7, 15) == 16.55294535724685\n\ndef test_check():\n    check(otherside_rightangle)\n\ntest_check()\n",
      "timestamp": 1665517474,
      "stdout": "",
      "stderr": "Traceback (most recent call last):\n  File \"/tmp/tmpawddrjoi.py\", line 16, in <module>\n    test_check()\n  File \"/tmp/tmpawddrjoi.py\", line 14, in test_check\n    check(otherside_rightangle)\n  File \"/tmp/tmpawddrjoi.py\", line 9, in check\n    assert candidate(7, 8) == 10.63014581273465\n  File \"/tmp/tmpawddrjoi.py\", line 5, in otherside_rightangle\n    return math.sqrt(w ** 2 + h ** 2)\nNameError: name 'math' is not defined\n",
      "exit_code": 1,
      "status": "Exception"
    },
    {
      "program": "def otherside_rightangle(w: int, h: int) -> float:\n    \"\"\"\n\tWrite a function to find the third side of a right angled triangle.\n\t\"\"\"\n    return math.sqrt(w ** 2 + h ** 2)\n\n\ndef check(candidate):\n    assert candidate(7, 8) == 10.63014581273465\n    assert candidate(3, 4) == 5\n    assert candidate(7, 15) == 16.55294535724685\n\ndef test_check():\n    check(otherside_rightangle)\n\ntest_check()\n",
      "timestamp": 1665517474,
      "stdout": "",
      "stderr": "Traceback (most recent call last):\n  File \"/tmp/tmpawddrjoi.py\", line 16, in <module>\n    test_check()\n  File \"/tmp/tmpawddrjoi.py\", line 14, in test_check\n    check(otherside_rightangle)\n  File \"/tmp/tmpawddrjoi.py\", line 9, in check\n    assert candidate(7, 8) == 10.63014581273465\n  File \"/tmp/tmpawddrjoi.py\", line 5, in otherside_rightangle\n    return math.sqrt(w ** 2 + h ** 2)\nNameError: name 'math' is not defined\n",
      "exit_code": 1,
      "status": "Exception"
    },
    {
      "program": "def otherside_rightangle(w: int, h: int) -> float:\n    \"\"\"\n\tWrite a function to find the third side of a right angled triangle.\n\t\"\"\"\n    return math.sqrt(w ** 2 + h ** 2)\n\n\ndef check(candidate):\n    assert candidate(7, 8) == 10.63014581273465\n    assert candidate(3, 4) == 5\n    assert candidate(7, 15) == 16.55294535724685\n\ndef test_check():\n    check(otherside_rightangle)\n\ntest_check()\n",
      "timestamp": 1665517474,
      "stdout": "",
      "stderr": "Traceback (most recent call last):\n  File \"/tmp/tmpawddrjoi.py\", line 16, in <module>\n    test_check()\n  File \"/tmp/tmpawddrjoi.py\", line 14, in test_check\n    check(otherside_rightangle)\n  File \"/tmp/tmpawddrjoi.py\", line 9, in check\n    assert candidate(7, 8) == 10.63014581273465\n  File \"/tmp/tmpawddrjoi.py\", line 5, in otherside_rightangle\n    return math.sqrt(w ** 2 + h ** 2)\nNameError: name 'math' is not defined\n",
      "exit_code": 1,
      "status": "Exception"
    },
    {
      "program": "def otherside_rightangle(w: int, h: int) -> float:\n    \"\"\"\n\tWrite a function to find the third side of a right angled triangle.\n\t\"\"\"\n    return math.sqrt(w ** 2 + h ** 2)\n\n\ndef check(candidate):\n    assert candidate(7, 8) == 10.63014581273465\n    assert candidate(3, 4) == 5\n    assert candidate(7, 15) == 16.55294535724685\n\ndef test_check():\n    check(otherside_rightangle)\n\ntest_check()\n",
      "timestamp": 1665517474,
      "stdout": "",
      "stderr": "Traceback (most recent call last):\n  File \"/tmp/tmpawddrjoi.py\", line 16, in <module>\n    test_check()\n  File \"/tmp/tmpawddrjoi.py\", line 14, in test_check\n    check(otherside_rightangle)\n  File \"/tmp/tmpawddrjoi.py\", line 9, in check\n    assert candidate(7, 8) == 10.63014581273465\n  File \"/tmp/tmpawddrjoi.py\", line 5, in otherside_rightangle\n    return math.sqrt(w ** 2 + h ** 2)\nNameError: name 'math' is not defined\n",
      "exit_code": 1,
      "status": "Exception"
    },
    {
      "program": "def otherside_rightangle(w: int, h: int) -> float:\n    \"\"\"\n\tWrite a function to find the third side of a right angled triangle.\n\t\"\"\"\n    return math.sqrt(w ** 2 + h ** 2)\n\n\ndef check(candidate):\n    assert candidate(7, 8) == 10.63014581273465\n    assert candidate(3, 4) == 5\n    assert candidate(7, 15) == 16.55294535724685\n\ndef test_check():\n    check(otherside_rightangle)\n\ntest_check()\n",
      "timestamp": 1665517474,
      "stdout": "",
      "stderr": "Traceback (most recent call last):\n  File \"/tmp/tmpawddrjoi.py\", line 16, in <module>\n    test_check()\n  File \"/tmp/tmpawddrjoi.py\", line 14, in test_check\n    check(otherside_rightangle)\n  File \"/tmp/tmpawddrjoi.py\", line 9, in check\n    assert candidate(7, 8) == 10.63014581273465\n  File \"/tmp/tmpawddrjoi.py\", line 5, in otherside_rightangle\n    return math.sqrt(w ** 2 + h ** 2)\nNameError: name 'math' is not defined\n",
      "exit_code": 1,
      "status": "Exception"
    },
    {
      "program": "def otherside_rightangle(w: int, h: int) -> float:\n    \"\"\"\n\tWrite a function to find the third side of a right angled triangle.\n\t\"\"\"\n    return math.sqrt(w ** 2 + h ** 2)\n\n\ndef check(candidate):\n    assert candidate(7, 8) == 10.63014581273465\n    assert candidate(3, 4) == 5\n    assert candidate(7, 15) == 16.55294535724685\n\ndef test_check():\n    check(otherside_rightangle)\n\ntest_check()\n",
      "timestamp": 1665517474,
      "stdout": "",
      "stderr": "Traceback (most recent call last):\n  File \"/tmp/tmpawddrjoi.py\", line 16, in <module>\n    test_check()\n  File \"/tmp/tmpawddrjoi.py\", line 14, in test_check\n    check(otherside_rightangle)\n  File \"/tmp/tmpawddrjoi.py\", line 9, in check\n    assert candidate(7, 8) == 10.63014581273465\n  File \"/tmp/tmpawddrjoi.py\", line 5, in otherside_rightangle\n    return math.sqrt(w ** 2 + h ** 2)\nNameError: name 'math' is not defined\n",
      "exit_code": 1,
      "status": "Exception"
    },
    {
      "program": "def otherside_rightangle(w: int, h: int) -> float:\n    \"\"\"\n\tWrite a function to find the third side of a right angled triangle.\n\t\"\"\"\n    return math.sqrt(w ** 2 + h ** 2)\n\n\ndef check(candidate):\n    assert candidate(7, 8) == 10.63014581273465\n    assert candidate(3, 4) == 5\n    assert candidate(7, 15) == 16.55294535724685\n\ndef test_check():\n    check(otherside_rightangle)\n\ntest_check()\n",
      "timestamp": 1665517474,
      "stdout": "",
      "stderr": "Traceback (most recent call last):\n  File \"/tmp/tmpawddrjoi.py\", line 16, in <module>\n    test_check()\n  File \"/tmp/tmpawddrjoi.py\", line 14, in test_check\n    check(otherside_rightangle)\n  File \"/tmp/tmpawddrjoi.py\", line 9, in check\n    assert candidate(7, 8) == 10.63014581273465\n  File \"/tmp/tmpawddrjoi.py\", line 5, in otherside_rightangle\n    return math.sqrt(w ** 2 + h ** 2)\nNameError: name 'math' is not defined\n",
      "exit_code": 1,
      "status": "Exception"
    },
    {
      "program": "def otherside_rightangle(w: int, h: int) -> float:\n    \"\"\"\n\tWrite a function to find the third side of a right angled triangle.\n\t\"\"\"\n    return math.sqrt(w ** 2 + h ** 2)\n\n\ndef check(candidate):\n    assert candidate(7, 8) == 10.63014581273465\n    assert candidate(3, 4) == 5\n    assert candidate(7, 15) == 16.55294535724685\n\ndef test_check():\n    check(otherside_rightangle)\n\ntest_check()\n",
      "timestamp": 1665517474,
      "stdout": "",
      "stderr": "Traceback (most recent call last):\n  File \"/tmp/tmpawddrjoi.py\", line 16, in <module>\n    test_check()\n  File \"/tmp/tmpawddrjoi.py\", line 14, in test_check\n    check(otherside_rightangle)\n  File \"/tmp/tmpawddrjoi.py\", line 9, in check\n    assert candidate(7, 8) == 10.63014581273465\n  File \"/tmp/tmpawddrjoi.py\", line 5, in otherside_rightangle\n    return math.sqrt(w ** 2 + h ** 2)\nNameError: name 'math' is not defined\n",
      "exit_code": 1,
      "status": "Exception"
    },
    {
      "program": "def otherside_rightangle(w: int, h: int) -> float:\n    \"\"\"\n\tWrite a function to find the third side of a right angled triangle.\n\t\"\"\"\n    return math.sqrt(w ** 2 + h ** 2)\n\n\ndef check(candidate):\n    assert candidate(7, 8) == 10.63014581273465\n    assert candidate(3, 4) == 5\n    assert candidate(7, 15) == 16.55294535724685\n\ndef test_check():\n    check(otherside_rightangle)\n\ntest_check()\n",
      "timestamp": 1665517474,
      "stdout": "",
      "stderr": "Traceback (most recent call last):\n  File \"/tmp/tmpawddrjoi.py\", line 16, in <module>\n    test_check()\n  File \"/tmp/tmpawddrjoi.py\", line 14, in test_check\n    check(otherside_rightangle)\n  File \"/tmp/tmpawddrjoi.py\", line 9, in check\n    assert candidate(7, 8) == 10.63014581273465\n  File \"/tmp/tmpawddrjoi.py\", line 5, in otherside_rightangle\n    return math.sqrt(w ** 2 + h ** 2)\nNameError: name 'math' is not defined\n",
      "exit_code": 1,
      "status": "Exception"
    },
    {
      "program": "def otherside_rightangle(w: int, h: int) -> float:\n    \"\"\"\n\tWrite a function to find the third side of a right angled triangle.\n\t\"\"\"\n    return math.sqrt(w ** 2 + h ** 2)\n\n\ndef check(candidate):\n    assert candidate(7, 8) == 10.63014581273465\n    assert candidate(3, 4) == 5\n    assert candidate(7, 15) == 16.55294535724685\n\ndef test_check():\n    check(otherside_rightangle)\n\ntest_check()\n",
      "timestamp": 1665517474,
      "stdout": "",
      "stderr": "Traceback (most recent call last):\n  File \"/tmp/tmpawddrjoi.py\", line 16, in <module>\n    test_check()\n  File \"/tmp/tmpawddrjoi.py\", line 14, in test_check\n    check(otherside_rightangle)\n  File \"/tmp/tmpawddrjoi.py\", line 9, in check\n    assert candidate(7, 8) == 10.63014581273465\n  File \"/tmp/tmpawddrjoi.py\", line 5, in otherside_rightangle\n    return math.sqrt(w ** 2 + h ** 2)\nNameError: name 'math' is not defined\n",
      "exit_code": 1,
      "status": "Exception"
    },
    {
      "program": "def otherside_rightangle(w: int, h: int) -> float:\n    \"\"\"\n\tWrite a function to find the third side of a right angled triangle.\n\t\"\"\"\n    return math.sqrt(w ** 2 + h ** 2)\n\n\ndef check(candidate):\n    assert candidate(7, 8) == 10.63014581273465\n    assert candidate(3, 4) == 5\n    assert candidate(7, 15) == 16.55294535724685\n\ndef test_check():\n    check(otherside_rightangle)\n\ntest_check()\n",
      "timestamp": 1665517474,
      "stdout": "",
      "stderr": "Traceback (most recent call last):\n  File \"/tmp/tmpawddrjoi.py\", line 16, in <module>\n    test_check()\n  File \"/tmp/tmpawddrjoi.py\", line 14, in test_check\n    check(otherside_rightangle)\n  File \"/tmp/tmpawddrjoi.py\", line 9, in check\n    assert candidate(7, 8) == 10.63014581273465\n  File \"/tmp/tmpawddrjoi.py\", line 5, in otherside_rightangle\n    return math.sqrt(w ** 2 + h ** 2)\nNameError: name 'math' is not defined\n",
      "exit_code": 1,
      "status": "Exception"
    },
    {
      "program": "def otherside_rightangle(w: int, h: int) -> float:\n    \"\"\"\n\tWrite a function to find the third side of a right angled triangle.\n\t\"\"\"\n    return sqrt(w ** 2 + h ** 2)\n\n\ndef check(candidate):\n    assert candidate(7, 8) == 10.63014581273465\n    assert candidate(3, 4) == 5\n    assert candidate(7, 15) == 16.55294535724685\n\ndef test_check():\n    check(otherside_rightangle)\n\ntest_check()\n",
      "timestamp": 1666123516,
      "stdout": "",
      "stderr": "Traceback (most recent call last):\n  File \"/tmp/tmp2yast1d7.py\", line 16, in <module>\n    test_check()\n  File \"/tmp/tmp2yast1d7.py\", line 14, in test_check\n    check(otherside_rightangle)\n  File \"/tmp/tmp2yast1d7.py\", line 9, in check\n    assert candidate(7, 8) == 10.63014581273465\n  File \"/tmp/tmp2yast1d7.py\", line 5, in otherside_rightangle\n    return sqrt(w ** 2 + h ** 2)\nNameError: name 'sqrt' is not defined\n",
      "exit_code": 1,
      "status": "Exception"
    },
    {
      "program": "def otherside_rightangle(w: int, h: int) -> float:\n    \"\"\"\n\tWrite a function to find the third side of a right angled triangle.\n\t\"\"\"\n    return math.sqrt(w ** 2 + h ** 2)\n\n\ndef check(candidate):\n    assert candidate(7, 8) == 10.63014581273465\n    assert candidate(3, 4) == 5\n    assert candidate(7, 15) == 16.55294535724685\n\ndef test_check():\n    check(otherside_rightangle)\n\ntest_check()\n",
      "timestamp": 1665517474,
      "stdout": "",
      "stderr": "Traceback (most recent call last):\n  File \"/tmp/tmpawddrjoi.py\", line 16, in <module>\n    test_check()\n  File \"/tmp/tmpawddrjoi.py\", line 14, in test_check\n    check(otherside_rightangle)\n  File \"/tmp/tmpawddrjoi.py\", line 9, in check\n    assert candidate(7, 8) == 10.63014581273465\n  File \"/tmp/tmpawddrjoi.py\", line 5, in otherside_rightangle\n    return math.sqrt(w ** 2 + h ** 2)\nNameError: name 'math' is not defined\n",
      "exit_code": 1,
      "status": "Exception"
    },
    {
      "program": "def otherside_rightangle(w: int, h: int) -> float:\n    \"\"\"\n\tWrite a function to find the third side of a right angled triangle.\n\t\"\"\"\n    return math.sqrt(w ** 2 + h ** 2)\n\n\ndef check(candidate):\n    assert candidate(7, 8) == 10.63014581273465\n    assert candidate(3, 4) == 5\n    assert candidate(7, 15) == 16.55294535724685\n\ndef test_check():\n    check(otherside_rightangle)\n\ntest_check()\n",
      "timestamp": 1665517474,
      "stdout": "",
      "stderr": "Traceback (most recent call last):\n  File \"/tmp/tmpawddrjoi.py\", line 16, in <module>\n    test_check()\n  File \"/tmp/tmpawddrjoi.py\", line 14, in test_check\n    check(otherside_rightangle)\n  File \"/tmp/tmpawddrjoi.py\", line 9, in check\n    assert candidate(7, 8) == 10.63014581273465\n  File \"/tmp/tmpawddrjoi.py\", line 5, in otherside_rightangle\n    return math.sqrt(w ** 2 + h ** 2)\nNameError: name 'math' is not defined\n",
      "exit_code": 1,
      "status": "Exception"
    },
    {
      "program": "def otherside_rightangle(w: int, h: int) -> float:\n    \"\"\"\n\tWrite a function to find the third side of a right angled triangle.\n\t\"\"\"\n    return math.sqrt(w ** 2 + h ** 2)\n\n\ndef check(candidate):\n    assert candidate(7, 8) == 10.63014581273465\n    assert candidate(3, 4) == 5\n    assert candidate(7, 15) == 16.55294535724685\n\ndef test_check():\n    check(otherside_rightangle)\n\ntest_check()\n",
      "timestamp": 1665517474,
      "stdout": "",
      "stderr": "Traceback (most recent call last):\n  File \"/tmp/tmpawddrjoi.py\", line 16, in <module>\n    test_check()\n  File \"/tmp/tmpawddrjoi.py\", line 14, in test_check\n    check(otherside_rightangle)\n  File \"/tmp/tmpawddrjoi.py\", line 9, in check\n    assert candidate(7, 8) == 10.63014581273465\n  File \"/tmp/tmpawddrjoi.py\", line 5, in otherside_rightangle\n    return math.sqrt(w ** 2 + h ** 2)\nNameError: name 'math' is not defined\n",
      "exit_code": 1,
      "status": "Exception"
    },
    {
      "program": "def otherside_rightangle(w: int, h: int) -> float:\n    \"\"\"\n\tWrite a function to find the third side of a right angled triangle.\n\t\"\"\"\n    return math.sqrt(w ** 2 + h ** 2)\n\n\ndef check(candidate):\n    assert candidate(7, 8) == 10.63014581273465\n    assert candidate(3, 4) == 5\n    assert candidate(7, 15) == 16.55294535724685\n\ndef test_check():\n    check(otherside_rightangle)\n\ntest_check()\n",
      "timestamp": 1665517474,
      "stdout": "",
      "stderr": "Traceback (most recent call last):\n  File \"/tmp/tmpawddrjoi.py\", line 16, in <module>\n    test_check()\n  File \"/tmp/tmpawddrjoi.py\", line 14, in test_check\n    check(otherside_rightangle)\n  File \"/tmp/tmpawddrjoi.py\", line 9, in check\n    assert candidate(7, 8) == 10.63014581273465\n  File \"/tmp/tmpawddrjoi.py\", line 5, in otherside_rightangle\n    return math.sqrt(w ** 2 + h ** 2)\nNameError: name 'math' is not defined\n",
      "exit_code": 1,
      "status": "Exception"
    },
    {
      "program": "def otherside_rightangle(w: int, h: int) -> float:\n    \"\"\"\n\tWrite a function to find the third side of a right angled triangle.\n\t\"\"\"\n    return math.sqrt(w ** 2 + h ** 2)\n\n\ndef check(candidate):\n    assert candidate(7, 8) == 10.63014581273465\n    assert candidate(3, 4) == 5\n    assert candidate(7, 15) == 16.55294535724685\n\ndef test_check():\n    check(otherside_rightangle)\n\ntest_check()\n",
      "timestamp": 1665517474,
      "stdout": "",
      "stderr": "Traceback (most recent call last):\n  File \"/tmp/tmpawddrjoi.py\", line 16, in <module>\n    test_check()\n  File \"/tmp/tmpawddrjoi.py\", line 14, in test_check\n    check(otherside_rightangle)\n  File \"/tmp/tmpawddrjoi.py\", line 9, in check\n    assert candidate(7, 8) == 10.63014581273465\n  File \"/tmp/tmpawddrjoi.py\", line 5, in otherside_rightangle\n    return math.sqrt(w ** 2 + h ** 2)\nNameError: name 'math' is not defined\n",
      "exit_code": 1,
      "status": "Exception"
    },
    {
      "program": "def otherside_rightangle(w: int, h: int) -> float:\n    \"\"\"\n\tWrite a function to find the third side of a right angled triangle.\n\t\"\"\"\n    return math.sqrt(w ** 2 + h ** 2)\n\n\ndef check(candidate):\n    assert candidate(7, 8) == 10.63014581273465\n    assert candidate(3, 4) == 5\n    assert candidate(7, 15) == 16.55294535724685\n\ndef test_check():\n    check(otherside_rightangle)\n\ntest_check()\n",
      "timestamp": 1665517474,
      "stdout": "",
      "stderr": "Traceback (most recent call last):\n  File \"/tmp/tmpawddrjoi.py\", line 16, in <module>\n    test_check()\n  File \"/tmp/tmpawddrjoi.py\", line 14, in test_check\n    check(otherside_rightangle)\n  File \"/tmp/tmpawddrjoi.py\", line 9, in check\n    assert candidate(7, 8) == 10.63014581273465\n  File \"/tmp/tmpawddrjoi.py\", line 5, in otherside_rightangle\n    return math.sqrt(w ** 2 + h ** 2)\nNameError: name 'math' is not defined\n",
      "exit_code": 1,
      "status": "Exception"
    },
    {
      "program": "def otherside_rightangle(w: int, h: int) -> float:\n    \"\"\"\n\tWrite a function to find the third side of a right angled triangle.\n\t\"\"\"\n    return sqrt(w ** 2 + h ** 2)\n\n\ndef check(candidate):\n    assert candidate(7, 8) == 10.63014581273465\n    assert candidate(3, 4) == 5\n    assert candidate(7, 15) == 16.55294535724685\n\ndef test_check():\n    check(otherside_rightangle)\n\ntest_check()\n",
      "timestamp": 1666123516,
      "stdout": "",
      "stderr": "Traceback (most recent call last):\n  File \"/tmp/tmp2yast1d7.py\", line 16, in <module>\n    test_check()\n  File \"/tmp/tmp2yast1d7.py\", line 14, in test_check\n    check(otherside_rightangle)\n  File \"/tmp/tmp2yast1d7.py\", line 9, in check\n    assert candidate(7, 8) == 10.63014581273465\n  File \"/tmp/tmp2yast1d7.py\", line 5, in otherside_rightangle\n    return sqrt(w ** 2 + h ** 2)\nNameError: name 'sqrt' is not defined\n",
      "exit_code": 1,
      "status": "Exception"
    },
    {
      "program": "def otherside_rightangle(w: int, h: int) -> float:\n    \"\"\"\n\tWrite a function to find the third side of a right angled triangle.\n\t\"\"\"\n    return math.sqrt(w ** 2 + h ** 2)\n\n\ndef check(candidate):\n    assert candidate(7, 8) == 10.63014581273465\n    assert candidate(3, 4) == 5\n    assert candidate(7, 15) == 16.55294535724685\n\ndef test_check():\n    check(otherside_rightangle)\n\ntest_check()\n",
      "timestamp": 1665517474,
      "stdout": "",
      "stderr": "Traceback (most recent call last):\n  File \"/tmp/tmpawddrjoi.py\", line 16, in <module>\n    test_check()\n  File \"/tmp/tmpawddrjoi.py\", line 14, in test_check\n    check(otherside_rightangle)\n  File \"/tmp/tmpawddrjoi.py\", line 9, in check\n    assert candidate(7, 8) == 10.63014581273465\n  File \"/tmp/tmpawddrjoi.py\", line 5, in otherside_rightangle\n    return math.sqrt(w ** 2 + h ** 2)\nNameError: name 'math' is not defined\n",
      "exit_code": 1,
      "status": "Exception"
    },
    {
      "program": "def otherside_rightangle(w: int, h: int) -> float:\n    \"\"\"\n\tWrite a function to find the third side of a right angled triangle.\n\t\"\"\"\n    return math.sqrt(w ** 2 + h ** 2)\n\n\ndef check(candidate):\n    assert candidate(7, 8) == 10.63014581273465\n    assert candidate(3, 4) == 5\n    assert candidate(7, 15) == 16.55294535724685\n\ndef test_check():\n    check(otherside_rightangle)\n\ntest_check()\n",
      "timestamp": 1665517474,
      "stdout": "",
      "stderr": "Traceback (most recent call last):\n  File \"/tmp/tmpawddrjoi.py\", line 16, in <module>\n    test_check()\n  File \"/tmp/tmpawddrjoi.py\", line 14, in test_check\n    check(otherside_rightangle)\n  File \"/tmp/tmpawddrjoi.py\", line 9, in check\n    assert candidate(7, 8) == 10.63014581273465\n  File \"/tmp/tmpawddrjoi.py\", line 5, in otherside_rightangle\n    return math.sqrt(w ** 2 + h ** 2)\nNameError: name 'math' is not defined\n",
      "exit_code": 1,
      "status": "Exception"
    },
    {
      "program": "def otherside_rightangle(w: int, h: int) -> float:\n    \"\"\"\n\tWrite a function to find the third side of a right angled triangle.\n\t\"\"\"\n    return math.sqrt(w ** 2 + h ** 2)\n\n\ndef check(candidate):\n    assert candidate(7, 8) == 10.63014581273465\n    assert candidate(3, 4) == 5\n    assert candidate(7, 15) == 16.55294535724685\n\ndef test_check():\n    check(otherside_rightangle)\n\ntest_check()\n",
      "timestamp": 1665517474,
      "stdout": "",
      "stderr": "Traceback (most recent call last):\n  File \"/tmp/tmpawddrjoi.py\", line 16, in <module>\n    test_check()\n  File \"/tmp/tmpawddrjoi.py\", line 14, in test_check\n    check(otherside_rightangle)\n  File \"/tmp/tmpawddrjoi.py\", line 9, in check\n    assert candidate(7, 8) == 10.63014581273465\n  File \"/tmp/tmpawddrjoi.py\", line 5, in otherside_rightangle\n    return math.sqrt(w ** 2 + h ** 2)\nNameError: name 'math' is not defined\n",
      "exit_code": 1,
      "status": "Exception"
    },
    {
      "program": "def otherside_rightangle(w: int, h: int) -> float:\n    \"\"\"\n\tWrite a function to find the third side of a right angled triangle.\n\t\"\"\"\n    return math.sqrt(w ** 2 + h ** 2)\n\n\ndef check(candidate):\n    assert candidate(7, 8) == 10.63014581273465\n    assert candidate(3, 4) == 5\n    assert candidate(7, 15) == 16.55294535724685\n\ndef test_check():\n    check(otherside_rightangle)\n\ntest_check()\n",
      "timestamp": 1665517474,
      "stdout": "",
      "stderr": "Traceback (most recent call last):\n  File \"/tmp/tmpawddrjoi.py\", line 16, in <module>\n    test_check()\n  File \"/tmp/tmpawddrjoi.py\", line 14, in test_check\n    check(otherside_rightangle)\n  File \"/tmp/tmpawddrjoi.py\", line 9, in check\n    assert candidate(7, 8) == 10.63014581273465\n  File \"/tmp/tmpawddrjoi.py\", line 5, in otherside_rightangle\n    return math.sqrt(w ** 2 + h ** 2)\nNameError: name 'math' is not defined\n",
      "exit_code": 1,
      "status": "Exception"
    },
    {
      "program": "def otherside_rightangle(w: int, h: int) -> float:\n    \"\"\"\n\tWrite a function to find the third side of a right angled triangle.\n\t\"\"\"\n    return math.sqrt(w ** 2 + h ** 2)\n\n\ndef check(candidate):\n    assert candidate(7, 8) == 10.63014581273465\n    assert candidate(3, 4) == 5\n    assert candidate(7, 15) == 16.55294535724685\n\ndef test_check():\n    check(otherside_rightangle)\n\ntest_check()\n",
      "timestamp": 1665517474,
      "stdout": "",
      "stderr": "Traceback (most recent call last):\n  File \"/tmp/tmpawddrjoi.py\", line 16, in <module>\n    test_check()\n  File \"/tmp/tmpawddrjoi.py\", line 14, in test_check\n    check(otherside_rightangle)\n  File \"/tmp/tmpawddrjoi.py\", line 9, in check\n    assert candidate(7, 8) == 10.63014581273465\n  File \"/tmp/tmpawddrjoi.py\", line 5, in otherside_rightangle\n    return math.sqrt(w ** 2 + h ** 2)\nNameError: name 'math' is not defined\n",
      "exit_code": 1,
      "status": "Exception"
    },
    {
      "program": "def otherside_rightangle(w: int, h: int) -> float:\n    \"\"\"\n\tWrite a function to find the third side of a right angled triangle.\n\t\"\"\"\n    return math.sqrt(w ** 2 + h ** 2)\n\n\ndef check(candidate):\n    assert candidate(7, 8) == 10.63014581273465\n    assert candidate(3, 4) == 5\n    assert candidate(7, 15) == 16.55294535724685\n\ndef test_check():\n    check(otherside_rightangle)\n\ntest_check()\n",
      "timestamp": 1665517474,
      "stdout": "",
      "stderr": "Traceback (most recent call last):\n  File \"/tmp/tmpawddrjoi.py\", line 16, in <module>\n    test_check()\n  File \"/tmp/tmpawddrjoi.py\", line 14, in test_check\n    check(otherside_rightangle)\n  File \"/tmp/tmpawddrjoi.py\", line 9, in check\n    assert candidate(7, 8) == 10.63014581273465\n  File \"/tmp/tmpawddrjoi.py\", line 5, in otherside_rightangle\n    return math.sqrt(w ** 2 + h ** 2)\nNameError: name 'math' is not defined\n",
      "exit_code": 1,
      "status": "Exception"
    },
    {
      "program": "def otherside_rightangle(w: int, h: int) -> float:\n    \"\"\"\n\tWrite a function to find the third side of a right angled triangle.\n\t\"\"\"\n    return math.sqrt(w ** 2 + h ** 2)\n\n\ndef check(candidate):\n    assert candidate(7, 8) == 10.63014581273465\n    assert candidate(3, 4) == 5\n    assert candidate(7, 15) == 16.55294535724685\n\ndef test_check():\n    check(otherside_rightangle)\n\ntest_check()\n",
      "timestamp": 1665517474,
      "stdout": "",
      "stderr": "Traceback (most recent call last):\n  File \"/tmp/tmpawddrjoi.py\", line 16, in <module>\n    test_check()\n  File \"/tmp/tmpawddrjoi.py\", line 14, in test_check\n    check(otherside_rightangle)\n  File \"/tmp/tmpawddrjoi.py\", line 9, in check\n    assert candidate(7, 8) == 10.63014581273465\n  File \"/tmp/tmpawddrjoi.py\", line 5, in otherside_rightangle\n    return math.sqrt(w ** 2 + h ** 2)\nNameError: name 'math' is not defined\n",
      "exit_code": 1,
      "status": "Exception"
    },
    {
      "program": "def otherside_rightangle(w: int, h: int) -> float:\n    \"\"\"\n\tWrite a function to find the third side of a right angled triangle.\n\t\"\"\"\n    return math.sqrt(w ** 2 + h ** 2)\n\n\ndef check(candidate):\n    assert candidate(7, 8) == 10.63014581273465\n    assert candidate(3, 4) == 5\n    assert candidate(7, 15) == 16.55294535724685\n\ndef test_check():\n    check(otherside_rightangle)\n\ntest_check()\n",
      "timestamp": 1665517474,
      "stdout": "",
      "stderr": "Traceback (most recent call last):\n  File \"/tmp/tmpawddrjoi.py\", line 16, in <module>\n    test_check()\n  File \"/tmp/tmpawddrjoi.py\", line 14, in test_check\n    check(otherside_rightangle)\n  File \"/tmp/tmpawddrjoi.py\", line 9, in check\n    assert candidate(7, 8) == 10.63014581273465\n  File \"/tmp/tmpawddrjoi.py\", line 5, in otherside_rightangle\n    return math.sqrt(w ** 2 + h ** 2)\nNameError: name 'math' is not defined\n",
      "exit_code": 1,
      "status": "Exception"
    },
    {
      "program": "def otherside_rightangle(w: int, h: int) -> float:\n    \"\"\"\n\tWrite a function to find the third side of a right angled triangle.\n\t\"\"\"\n    return math.sqrt(w ** 2 + h ** 2)\n\n\ndef check(candidate):\n    assert candidate(7, 8) == 10.63014581273465\n    assert candidate(3, 4) == 5\n    assert candidate(7, 15) == 16.55294535724685\n\ndef test_check():\n    check(otherside_rightangle)\n\ntest_check()\n",
      "timestamp": 1665517474,
      "stdout": "",
      "stderr": "Traceback (most recent call last):\n  File \"/tmp/tmpawddrjoi.py\", line 16, in <module>\n    test_check()\n  File \"/tmp/tmpawddrjoi.py\", line 14, in test_check\n    check(otherside_rightangle)\n  File \"/tmp/tmpawddrjoi.py\", line 9, in check\n    assert candidate(7, 8) == 10.63014581273465\n  File \"/tmp/tmpawddrjoi.py\", line 5, in otherside_rightangle\n    return math.sqrt(w ** 2 + h ** 2)\nNameError: name 'math' is not defined\n",
      "exit_code": 1,
      "status": "Exception"
    },
    {
      "program": "def otherside_rightangle(w: int, h: int) -> float:\n    \"\"\"\n\tWrite a function to find the third side of a right angled triangle.\n\t\"\"\"\n    return math.sqrt(w ** 2 + h ** 2)\n\n\ndef check(candidate):\n    assert candidate(7, 8) == 10.63014581273465\n    assert candidate(3, 4) == 5\n    assert candidate(7, 15) == 16.55294535724685\n\ndef test_check():\n    check(otherside_rightangle)\n\ntest_check()\n",
      "timestamp": 1665517474,
      "stdout": "",
      "stderr": "Traceback (most recent call last):\n  File \"/tmp/tmpawddrjoi.py\", line 16, in <module>\n    test_check()\n  File \"/tmp/tmpawddrjoi.py\", line 14, in test_check\n    check(otherside_rightangle)\n  File \"/tmp/tmpawddrjoi.py\", line 9, in check\n    assert candidate(7, 8) == 10.63014581273465\n  File \"/tmp/tmpawddrjoi.py\", line 5, in otherside_rightangle\n    return math.sqrt(w ** 2 + h ** 2)\nNameError: name 'math' is not defined\n",
      "exit_code": 1,
      "status": "Exception"
    },
    {
      "program": "def otherside_rightangle(w: int, h: int) -> float:\n    \"\"\"\n\tWrite a function to find the third side of a right angled triangle.\n\t\"\"\"\n    return math.sqrt(w ** 2 + h ** 2)\n\n\ndef check(candidate):\n    assert candidate(7, 8) == 10.63014581273465\n    assert candidate(3, 4) == 5\n    assert candidate(7, 15) == 16.55294535724685\n\ndef test_check():\n    check(otherside_rightangle)\n\ntest_check()\n",
      "timestamp": 1665517474,
      "stdout": "",
      "stderr": "Traceback (most recent call last):\n  File \"/tmp/tmpawddrjoi.py\", line 16, in <module>\n    test_check()\n  File \"/tmp/tmpawddrjoi.py\", line 14, in test_check\n    check(otherside_rightangle)\n  File \"/tmp/tmpawddrjoi.py\", line 9, in check\n    assert candidate(7, 8) == 10.63014581273465\n  File \"/tmp/tmpawddrjoi.py\", line 5, in otherside_rightangle\n    return math.sqrt(w ** 2 + h ** 2)\nNameError: name 'math' is not defined\n",
      "exit_code": 1,
      "status": "Exception"
    },
    {
      "program": "def otherside_rightangle(w: int, h: int) -> float:\n    \"\"\"\n\tWrite a function to find the third side of a right angled triangle.\n\t\"\"\"\n    return math.sqrt(w ** 2 + h ** 2)\n\n\ndef check(candidate):\n    assert candidate(7, 8) == 10.63014581273465\n    assert candidate(3, 4) == 5\n    assert candidate(7, 15) == 16.55294535724685\n\ndef test_check():\n    check(otherside_rightangle)\n\ntest_check()\n",
      "timestamp": 1665517474,
      "stdout": "",
      "stderr": "Traceback (most recent call last):\n  File \"/tmp/tmpawddrjoi.py\", line 16, in <module>\n    test_check()\n  File \"/tmp/tmpawddrjoi.py\", line 14, in test_check\n    check(otherside_rightangle)\n  File \"/tmp/tmpawddrjoi.py\", line 9, in check\n    assert candidate(7, 8) == 10.63014581273465\n  File \"/tmp/tmpawddrjoi.py\", line 5, in otherside_rightangle\n    return math.sqrt(w ** 2 + h ** 2)\nNameError: name 'math' is not defined\n",
      "exit_code": 1,
      "status": "Exception"
    },
    {
      "program": "def otherside_rightangle(w: int, h: int) -> float:\n    \"\"\"\n\tWrite a function to find the third side of a right angled triangle.\n\t\"\"\"\n    return math.sqrt(w ** 2 + h ** 2)\n\n\ndef check(candidate):\n    assert candidate(7, 8) == 10.63014581273465\n    assert candidate(3, 4) == 5\n    assert candidate(7, 15) == 16.55294535724685\n\ndef test_check():\n    check(otherside_rightangle)\n\ntest_check()\n",
      "timestamp": 1665517474,
      "stdout": "",
      "stderr": "Traceback (most recent call last):\n  File \"/tmp/tmpawddrjoi.py\", line 16, in <module>\n    test_check()\n  File \"/tmp/tmpawddrjoi.py\", line 14, in test_check\n    check(otherside_rightangle)\n  File \"/tmp/tmpawddrjoi.py\", line 9, in check\n    assert candidate(7, 8) == 10.63014581273465\n  File \"/tmp/tmpawddrjoi.py\", line 5, in otherside_rightangle\n    return math.sqrt(w ** 2 + h ** 2)\nNameError: name 'math' is not defined\n",
      "exit_code": 1,
      "status": "Exception"
    },
    {
      "program": "def otherside_rightangle(w: int, h: int) -> float:\n    \"\"\"\n\tWrite a function to find the third side of a right angled triangle.\n\t\"\"\"\n    return math.sqrt(w ** 2 + h ** 2)\n\n\ndef check(candidate):\n    assert candidate(7, 8) == 10.63014581273465\n    assert candidate(3, 4) == 5\n    assert candidate(7, 15) == 16.55294535724685\n\ndef test_check():\n    check(otherside_rightangle)\n\ntest_check()\n",
      "timestamp": 1665517474,
      "stdout": "",
      "stderr": "Traceback (most recent call last):\n  File \"/tmp/tmpawddrjoi.py\", line 16, in <module>\n    test_check()\n  File \"/tmp/tmpawddrjoi.py\", line 14, in test_check\n    check(otherside_rightangle)\n  File \"/tmp/tmpawddrjoi.py\", line 9, in check\n    assert candidate(7, 8) == 10.63014581273465\n  File \"/tmp/tmpawddrjoi.py\", line 5, in otherside_rightangle\n    return math.sqrt(w ** 2 + h ** 2)\nNameError: name 'math' is not defined\n",
      "exit_code": 1,
      "status": "Exception"
    },
    {
      "program": "def otherside_rightangle(w: int, h: int) -> float:\n    \"\"\"\n\tWrite a function to find the third side of a right angled triangle.\n\t\"\"\"\n    return math.sqrt(w ** 2 + h ** 2)\n\n\ndef check(candidate):\n    assert candidate(7, 8) == 10.63014581273465\n    assert candidate(3, 4) == 5\n    assert candidate(7, 15) == 16.55294535724685\n\ndef test_check():\n    check(otherside_rightangle)\n\ntest_check()\n",
      "timestamp": 1665517474,
      "stdout": "",
      "stderr": "Traceback (most recent call last):\n  File \"/tmp/tmpawddrjoi.py\", line 16, in <module>\n    test_check()\n  File \"/tmp/tmpawddrjoi.py\", line 14, in test_check\n    check(otherside_rightangle)\n  File \"/tmp/tmpawddrjoi.py\", line 9, in check\n    assert candidate(7, 8) == 10.63014581273465\n  File \"/tmp/tmpawddrjoi.py\", line 5, in otherside_rightangle\n    return math.sqrt(w ** 2 + h ** 2)\nNameError: name 'math' is not defined\n",
      "exit_code": 1,
      "status": "Exception"
    },
    {
      "program": "def otherside_rightangle(w: int, h: int) -> float:\n    \"\"\"\n\tWrite a function to find the third side of a right angled triangle.\n\t\"\"\"\n    return math.sqrt(w ** 2 + h ** 2)\n\n\ndef check(candidate):\n    assert candidate(7, 8) == 10.63014581273465\n    assert candidate(3, 4) == 5\n    assert candidate(7, 15) == 16.55294535724685\n\ndef test_check():\n    check(otherside_rightangle)\n\ntest_check()\n",
      "timestamp": 1665517474,
      "stdout": "",
      "stderr": "Traceback (most recent call last):\n  File \"/tmp/tmpawddrjoi.py\", line 16, in <module>\n    test_check()\n  File \"/tmp/tmpawddrjoi.py\", line 14, in test_check\n    check(otherside_rightangle)\n  File \"/tmp/tmpawddrjoi.py\", line 9, in check\n    assert candidate(7, 8) == 10.63014581273465\n  File \"/tmp/tmpawddrjoi.py\", line 5, in otherside_rightangle\n    return math.sqrt(w ** 2 + h ** 2)\nNameError: name 'math' is not defined\n",
      "exit_code": 1,
      "status": "Exception"
    },
    {
      "program": "def otherside_rightangle(w: int, h: int) -> float:\n    \"\"\"\n\tWrite a function to find the third side of a right angled triangle.\n\t\"\"\"\n    return math.sqrt(w ** 2 + h ** 2)\n\n\ndef check(candidate):\n    assert candidate(7, 8) == 10.63014581273465\n    assert candidate(3, 4) == 5\n    assert candidate(7, 15) == 16.55294535724685\n\ndef test_check():\n    check(otherside_rightangle)\n\ntest_check()\n",
      "timestamp": 1665517474,
      "stdout": "",
      "stderr": "Traceback (most recent call last):\n  File \"/tmp/tmpawddrjoi.py\", line 16, in <module>\n    test_check()\n  File \"/tmp/tmpawddrjoi.py\", line 14, in test_check\n    check(otherside_rightangle)\n  File \"/tmp/tmpawddrjoi.py\", line 9, in check\n    assert candidate(7, 8) == 10.63014581273465\n  File \"/tmp/tmpawddrjoi.py\", line 5, in otherside_rightangle\n    return math.sqrt(w ** 2 + h ** 2)\nNameError: name 'math' is not defined\n",
      "exit_code": 1,
      "status": "Exception"
    },
    {
      "program": "def otherside_rightangle(w: int, h: int) -> float:\n    \"\"\"\n\tWrite a function to find the third side of a right angled triangle.\n\t\"\"\"\n    return math.sqrt(w ** 2 + h ** 2)\n\n\ndef check(candidate):\n    assert candidate(7, 8) == 10.63014581273465\n    assert candidate(3, 4) == 5\n    assert candidate(7, 15) == 16.55294535724685\n\ndef test_check():\n    check(otherside_rightangle)\n\ntest_check()\n",
      "timestamp": 1665517474,
      "stdout": "",
      "stderr": "Traceback (most recent call last):\n  File \"/tmp/tmpawddrjoi.py\", line 16, in <module>\n    test_check()\n  File \"/tmp/tmpawddrjoi.py\", line 14, in test_check\n    check(otherside_rightangle)\n  File \"/tmp/tmpawddrjoi.py\", line 9, in check\n    assert candidate(7, 8) == 10.63014581273465\n  File \"/tmp/tmpawddrjoi.py\", line 5, in otherside_rightangle\n    return math.sqrt(w ** 2 + h ** 2)\nNameError: name 'math' is not defined\n",
      "exit_code": 1,
      "status": "Exception"
    },
    {
      "program": "def otherside_rightangle(w: int, h: int) -> float:\n    \"\"\"\n\tWrite a function to find the third side of a right angled triangle.\n\t\"\"\"\n    return math.sqrt(w ** 2 + h ** 2)\n\n\ndef check(candidate):\n    assert candidate(7, 8) == 10.63014581273465\n    assert candidate(3, 4) == 5\n    assert candidate(7, 15) == 16.55294535724685\n\ndef test_check():\n    check(otherside_rightangle)\n\ntest_check()\n",
      "timestamp": 1665517474,
      "stdout": "",
      "stderr": "Traceback (most recent call last):\n  File \"/tmp/tmpawddrjoi.py\", line 16, in <module>\n    test_check()\n  File \"/tmp/tmpawddrjoi.py\", line 14, in test_check\n    check(otherside_rightangle)\n  File \"/tmp/tmpawddrjoi.py\", line 9, in check\n    assert candidate(7, 8) == 10.63014581273465\n  File \"/tmp/tmpawddrjoi.py\", line 5, in otherside_rightangle\n    return math.sqrt(w ** 2 + h ** 2)\nNameError: name 'math' is not defined\n",
      "exit_code": 1,
      "status": "Exception"
    },
    {
      "program": "def otherside_rightangle(w: int, h: int) -> float:\n    \"\"\"\n\tWrite a function to find the third side of a right angled triangle.\n\t\"\"\"\n    return math.sqrt(w ** 2 + h ** 2)\n\n\ndef check(candidate):\n    assert candidate(7, 8) == 10.63014581273465\n    assert candidate(3, 4) == 5\n    assert candidate(7, 15) == 16.55294535724685\n\ndef test_check():\n    check(otherside_rightangle)\n\ntest_check()\n",
      "timestamp": 1665517474,
      "stdout": "",
      "stderr": "Traceback (most recent call last):\n  File \"/tmp/tmpawddrjoi.py\", line 16, in <module>\n    test_check()\n  File \"/tmp/tmpawddrjoi.py\", line 14, in test_check\n    check(otherside_rightangle)\n  File \"/tmp/tmpawddrjoi.py\", line 9, in check\n    assert candidate(7, 8) == 10.63014581273465\n  File \"/tmp/tmpawddrjoi.py\", line 5, in otherside_rightangle\n    return math.sqrt(w ** 2 + h ** 2)\nNameError: name 'math' is not defined\n",
      "exit_code": 1,
      "status": "Exception"
    },
    {
      "program": "def otherside_rightangle(w: int, h: int) -> float:\n    \"\"\"\n\tWrite a function to find the third side of a right angled triangle.\n\t\"\"\"\n    return math.sqrt(w ** 2 + h ** 2)\n\n\ndef check(candidate):\n    assert candidate(7, 8) == 10.63014581273465\n    assert candidate(3, 4) == 5\n    assert candidate(7, 15) == 16.55294535724685\n\ndef test_check():\n    check(otherside_rightangle)\n\ntest_check()\n",
      "timestamp": 1665517474,
      "stdout": "",
      "stderr": "Traceback (most recent call last):\n  File \"/tmp/tmpawddrjoi.py\", line 16, in <module>\n    test_check()\n  File \"/tmp/tmpawddrjoi.py\", line 14, in test_check\n    check(otherside_rightangle)\n  File \"/tmp/tmpawddrjoi.py\", line 9, in check\n    assert candidate(7, 8) == 10.63014581273465\n  File \"/tmp/tmpawddrjoi.py\", line 5, in otherside_rightangle\n    return math.sqrt(w ** 2 + h ** 2)\nNameError: name 'math' is not defined\n",
      "exit_code": 1,
      "status": "Exception"
    },
    {
      "program": "def otherside_rightangle(w: int, h: int) -> float:\n    \"\"\"\n\tWrite a function to find the third side of a right angled triangle.\n\t\"\"\"\n    return math.sqrt(w ** 2 + h ** 2)\n\n\ndef check(candidate):\n    assert candidate(7, 8) == 10.63014581273465\n    assert candidate(3, 4) == 5\n    assert candidate(7, 15) == 16.55294535724685\n\ndef test_check():\n    check(otherside_rightangle)\n\ntest_check()\n",
      "timestamp": 1665517474,
      "stdout": "",
      "stderr": "Traceback (most recent call last):\n  File \"/tmp/tmpawddrjoi.py\", line 16, in <module>\n    test_check()\n  File \"/tmp/tmpawddrjoi.py\", line 14, in test_check\n    check(otherside_rightangle)\n  File \"/tmp/tmpawddrjoi.py\", line 9, in check\n    assert candidate(7, 8) == 10.63014581273465\n  File \"/tmp/tmpawddrjoi.py\", line 5, in otherside_rightangle\n    return math.sqrt(w ** 2 + h ** 2)\nNameError: name 'math' is not defined\n",
      "exit_code": 1,
      "status": "Exception"
    },
    {
      "program": "def otherside_rightangle(w: int, h: int) -> float:\n    \"\"\"\n\tWrite a function to find the third side of a right angled triangle.\n\t\"\"\"\n    return math.sqrt(w ** 2 + h ** 2)\n\n\ndef check(candidate):\n    assert candidate(7, 8) == 10.63014581273465\n    assert candidate(3, 4) == 5\n    assert candidate(7, 15) == 16.55294535724685\n\ndef test_check():\n    check(otherside_rightangle)\n\ntest_check()\n",
      "timestamp": 1665517474,
      "stdout": "",
      "stderr": "Traceback (most recent call last):\n  File \"/tmp/tmpawddrjoi.py\", line 16, in <module>\n    test_check()\n  File \"/tmp/tmpawddrjoi.py\", line 14, in test_check\n    check(otherside_rightangle)\n  File \"/tmp/tmpawddrjoi.py\", line 9, in check\n    assert candidate(7, 8) == 10.63014581273465\n  File \"/tmp/tmpawddrjoi.py\", line 5, in otherside_rightangle\n    return math.sqrt(w ** 2 + h ** 2)\nNameError: name 'math' is not defined\n",
      "exit_code": 1,
      "status": "Exception"
    },
    {
      "program": "def otherside_rightangle(w: int, h: int) -> float:\n    \"\"\"\n\tWrite a function to find the third side of a right angled triangle.\n\t\"\"\"\n    return math.sqrt(w ** 2 + h ** 2)\n\n\ndef check(candidate):\n    assert candidate(7, 8) == 10.63014581273465\n    assert candidate(3, 4) == 5\n    assert candidate(7, 15) == 16.55294535724685\n\ndef test_check():\n    check(otherside_rightangle)\n\ntest_check()\n",
      "timestamp": 1665517474,
      "stdout": "",
      "stderr": "Traceback (most recent call last):\n  File \"/tmp/tmpawddrjoi.py\", line 16, in <module>\n    test_check()\n  File \"/tmp/tmpawddrjoi.py\", line 14, in test_check\n    check(otherside_rightangle)\n  File \"/tmp/tmpawddrjoi.py\", line 9, in check\n    assert candidate(7, 8) == 10.63014581273465\n  File \"/tmp/tmpawddrjoi.py\", line 5, in otherside_rightangle\n    return math.sqrt(w ** 2 + h ** 2)\nNameError: name 'math' is not defined\n",
      "exit_code": 1,
      "status": "Exception"
    },
    {
      "program": "def otherside_rightangle(w: int, h: int) -> float:\n    \"\"\"\n\tWrite a function to find the third side of a right angled triangle.\n\t\"\"\"\n    return math.sqrt(w ** 2 + h ** 2)\n\n\ndef check(candidate):\n    assert candidate(7, 8) == 10.63014581273465\n    assert candidate(3, 4) == 5\n    assert candidate(7, 15) == 16.55294535724685\n\ndef test_check():\n    check(otherside_rightangle)\n\ntest_check()\n",
      "timestamp": 1665517474,
      "stdout": "",
      "stderr": "Traceback (most recent call last):\n  File \"/tmp/tmpawddrjoi.py\", line 16, in <module>\n    test_check()\n  File \"/tmp/tmpawddrjoi.py\", line 14, in test_check\n    check(otherside_rightangle)\n  File \"/tmp/tmpawddrjoi.py\", line 9, in check\n    assert candidate(7, 8) == 10.63014581273465\n  File \"/tmp/tmpawddrjoi.py\", line 5, in otherside_rightangle\n    return math.sqrt(w ** 2 + h ** 2)\nNameError: name 'math' is not defined\n",
      "exit_code": 1,
      "status": "Exception"
    },
    {
      "program": "def otherside_rightangle(w: int, h: int) -> float:\n    \"\"\"\n\tWrite a function to find the third side of a right angled triangle.\n\t\"\"\"\n    return math.sqrt(w ** 2 + h ** 2)\n\n\ndef check(candidate):\n    assert candidate(7, 8) == 10.63014581273465\n    assert candidate(3, 4) == 5\n    assert candidate(7, 15) == 16.55294535724685\n\ndef test_check():\n    check(otherside_rightangle)\n\ntest_check()\n",
      "timestamp": 1665517474,
      "stdout": "",
      "stderr": "Traceback (most recent call last):\n  File \"/tmp/tmpawddrjoi.py\", line 16, in <module>\n    test_check()\n  File \"/tmp/tmpawddrjoi.py\", line 14, in test_check\n    check(otherside_rightangle)\n  File \"/tmp/tmpawddrjoi.py\", line 9, in check\n    assert candidate(7, 8) == 10.63014581273465\n  File \"/tmp/tmpawddrjoi.py\", line 5, in otherside_rightangle\n    return math.sqrt(w ** 2 + h ** 2)\nNameError: name 'math' is not defined\n",
      "exit_code": 1,
      "status": "Exception"
    },
    {
      "program": "def otherside_rightangle(w: int, h: int) -> float:\n    \"\"\"\n\tWrite a function to find the third side of a right angled triangle.\n\t\"\"\"\n    return math.sqrt(w ** 2 + h ** 2)\n\n\ndef check(candidate):\n    assert candidate(7, 8) == 10.63014581273465\n    assert candidate(3, 4) == 5\n    assert candidate(7, 15) == 16.55294535724685\n\ndef test_check():\n    check(otherside_rightangle)\n\ntest_check()\n",
      "timestamp": 1665517474,
      "stdout": "",
      "stderr": "Traceback (most recent call last):\n  File \"/tmp/tmpawddrjoi.py\", line 16, in <module>\n    test_check()\n  File \"/tmp/tmpawddrjoi.py\", line 14, in test_check\n    check(otherside_rightangle)\n  File \"/tmp/tmpawddrjoi.py\", line 9, in check\n    assert candidate(7, 8) == 10.63014581273465\n  File \"/tmp/tmpawddrjoi.py\", line 5, in otherside_rightangle\n    return math.sqrt(w ** 2 + h ** 2)\nNameError: name 'math' is not defined\n",
      "exit_code": 1,
      "status": "Exception"
    },
    {
      "program": "def otherside_rightangle(w: int, h: int) -> float:\n    \"\"\"\n\tWrite a function to find the third side of a right angled triangle.\n\t\"\"\"\n    return math.sqrt(w ** 2 + h ** 2)\n\n\ndef check(candidate):\n    assert candidate(7, 8) == 10.63014581273465\n    assert candidate(3, 4) == 5\n    assert candidate(7, 15) == 16.55294535724685\n\ndef test_check():\n    check(otherside_rightangle)\n\ntest_check()\n",
      "timestamp": 1665517474,
      "stdout": "",
      "stderr": "Traceback (most recent call last):\n  File \"/tmp/tmpawddrjoi.py\", line 16, in <module>\n    test_check()\n  File \"/tmp/tmpawddrjoi.py\", line 14, in test_check\n    check(otherside_rightangle)\n  File \"/tmp/tmpawddrjoi.py\", line 9, in check\n    assert candidate(7, 8) == 10.63014581273465\n  File \"/tmp/tmpawddrjoi.py\", line 5, in otherside_rightangle\n    return math.sqrt(w ** 2 + h ** 2)\nNameError: name 'math' is not defined\n",
      "exit_code": 1,
      "status": "Exception"
    },
    {
      "program": "def otherside_rightangle(w: int, h: int) -> float:\n    \"\"\"\n\tWrite a function to find the third side of a right angled triangle.\n\t\"\"\"\n    return math.sqrt(w ** 2 + h ** 2)\n\n\ndef check(candidate):\n    assert candidate(7, 8) == 10.63014581273465\n    assert candidate(3, 4) == 5\n    assert candidate(7, 15) == 16.55294535724685\n\ndef test_check():\n    check(otherside_rightangle)\n\ntest_check()\n",
      "timestamp": 1665517474,
      "stdout": "",
      "stderr": "Traceback (most recent call last):\n  File \"/tmp/tmpawddrjoi.py\", line 16, in <module>\n    test_check()\n  File \"/tmp/tmpawddrjoi.py\", line 14, in test_check\n    check(otherside_rightangle)\n  File \"/tmp/tmpawddrjoi.py\", line 9, in check\n    assert candidate(7, 8) == 10.63014581273465\n  File \"/tmp/tmpawddrjoi.py\", line 5, in otherside_rightangle\n    return math.sqrt(w ** 2 + h ** 2)\nNameError: name 'math' is not defined\n",
      "exit_code": 1,
      "status": "Exception"
    },
    {
      "program": "def otherside_rightangle(w: int, h: int) -> float:\n    \"\"\"\n\tWrite a function to find the third side of a right angled triangle.\n\t\"\"\"\n    return math.sqrt(w ** 2 + h ** 2)\n\n\ndef check(candidate):\n    assert candidate(7, 8) == 10.63014581273465\n    assert candidate(3, 4) == 5\n    assert candidate(7, 15) == 16.55294535724685\n\ndef test_check():\n    check(otherside_rightangle)\n\ntest_check()\n",
      "timestamp": 1665517474,
      "stdout": "",
      "stderr": "Traceback (most recent call last):\n  File \"/tmp/tmpawddrjoi.py\", line 16, in <module>\n    test_check()\n  File \"/tmp/tmpawddrjoi.py\", line 14, in test_check\n    check(otherside_rightangle)\n  File \"/tmp/tmpawddrjoi.py\", line 9, in check\n    assert candidate(7, 8) == 10.63014581273465\n  File \"/tmp/tmpawddrjoi.py\", line 5, in otherside_rightangle\n    return math.sqrt(w ** 2 + h ** 2)\nNameError: name 'math' is not defined\n",
      "exit_code": 1,
      "status": "Exception"
    },
    {
      "program": "def otherside_rightangle(w: int, h: int) -> float:\n    \"\"\"\n\tWrite a function to find the third side of a right angled triangle.\n\t\"\"\"\n    return math.sqrt(w ** 2 + h ** 2)\n\n\ndef check(candidate):\n    assert candidate(7, 8) == 10.63014581273465\n    assert candidate(3, 4) == 5\n    assert candidate(7, 15) == 16.55294535724685\n\ndef test_check():\n    check(otherside_rightangle)\n\ntest_check()\n",
      "timestamp": 1665517474,
      "stdout": "",
      "stderr": "Traceback (most recent call last):\n  File \"/tmp/tmpawddrjoi.py\", line 16, in <module>\n    test_check()\n  File \"/tmp/tmpawddrjoi.py\", line 14, in test_check\n    check(otherside_rightangle)\n  File \"/tmp/tmpawddrjoi.py\", line 9, in check\n    assert candidate(7, 8) == 10.63014581273465\n  File \"/tmp/tmpawddrjoi.py\", line 5, in otherside_rightangle\n    return math.sqrt(w ** 2 + h ** 2)\nNameError: name 'math' is not defined\n",
      "exit_code": 1,
      "status": "Exception"
    },
    {
      "program": "def otherside_rightangle(w: int, h: int) -> float:\n    \"\"\"\n\tWrite a function to find the third side of a right angled triangle.\n\t\"\"\"\n    return math.sqrt(w ** 2 + h ** 2)\n\n\ndef check(candidate):\n    assert candidate(7, 8) == 10.63014581273465\n    assert candidate(3, 4) == 5\n    assert candidate(7, 15) == 16.55294535724685\n\ndef test_check():\n    check(otherside_rightangle)\n\ntest_check()\n",
      "timestamp": 1665517474,
      "stdout": "",
      "stderr": "Traceback (most recent call last):\n  File \"/tmp/tmpawddrjoi.py\", line 16, in <module>\n    test_check()\n  File \"/tmp/tmpawddrjoi.py\", line 14, in test_check\n    check(otherside_rightangle)\n  File \"/tmp/tmpawddrjoi.py\", line 9, in check\n    assert candidate(7, 8) == 10.63014581273465\n  File \"/tmp/tmpawddrjoi.py\", line 5, in otherside_rightangle\n    return math.sqrt(w ** 2 + h ** 2)\nNameError: name 'math' is not defined\n",
      "exit_code": 1,
      "status": "Exception"
    },
    {
      "program": "def otherside_rightangle(w: int, h: int) -> float:\n    \"\"\"\n\tWrite a function to find the third side of a right angled triangle.\n\t\"\"\"\n    return math.sqrt(w ** 2 + h ** 2)\n\n\ndef check(candidate):\n    assert candidate(7, 8) == 10.63014581273465\n    assert candidate(3, 4) == 5\n    assert candidate(7, 15) == 16.55294535724685\n\ndef test_check():\n    check(otherside_rightangle)\n\ntest_check()\n",
      "timestamp": 1665517474,
      "stdout": "",
      "stderr": "Traceback (most recent call last):\n  File \"/tmp/tmpawddrjoi.py\", line 16, in <module>\n    test_check()\n  File \"/tmp/tmpawddrjoi.py\", line 14, in test_check\n    check(otherside_rightangle)\n  File \"/tmp/tmpawddrjoi.py\", line 9, in check\n    assert candidate(7, 8) == 10.63014581273465\n  File \"/tmp/tmpawddrjoi.py\", line 5, in otherside_rightangle\n    return math.sqrt(w ** 2 + h ** 2)\nNameError: name 'math' is not defined\n",
      "exit_code": 1,
      "status": "Exception"
    },
    {
      "program": "def otherside_rightangle(w: int, h: int) -> float:\n    \"\"\"\n\tWrite a function to find the third side of a right angled triangle.\n\t\"\"\"\n    return math.sqrt(w ** 2 + h ** 2)\n\n\ndef check(candidate):\n    assert candidate(7, 8) == 10.63014581273465\n    assert candidate(3, 4) == 5\n    assert candidate(7, 15) == 16.55294535724685\n\ndef test_check():\n    check(otherside_rightangle)\n\ntest_check()\n",
      "timestamp": 1665517474,
      "stdout": "",
      "stderr": "Traceback (most recent call last):\n  File \"/tmp/tmpawddrjoi.py\", line 16, in <module>\n    test_check()\n  File \"/tmp/tmpawddrjoi.py\", line 14, in test_check\n    check(otherside_rightangle)\n  File \"/tmp/tmpawddrjoi.py\", line 9, in check\n    assert candidate(7, 8) == 10.63014581273465\n  File \"/tmp/tmpawddrjoi.py\", line 5, in otherside_rightangle\n    return math.sqrt(w ** 2 + h ** 2)\nNameError: name 'math' is not defined\n",
      "exit_code": 1,
      "status": "Exception"
    },
    {
      "program": "def otherside_rightangle(w: int, h: int) -> float:\n    \"\"\"\n\tWrite a function to find the third side of a right angled triangle.\n\t\"\"\"\n    return math.sqrt(w ** 2 + h ** 2)\n\n\ndef check(candidate):\n    assert candidate(7, 8) == 10.63014581273465\n    assert candidate(3, 4) == 5\n    assert candidate(7, 15) == 16.55294535724685\n\ndef test_check():\n    check(otherside_rightangle)\n\ntest_check()\n",
      "timestamp": 1665517474,
      "stdout": "",
      "stderr": "Traceback (most recent call last):\n  File \"/tmp/tmpawddrjoi.py\", line 16, in <module>\n    test_check()\n  File \"/tmp/tmpawddrjoi.py\", line 14, in test_check\n    check(otherside_rightangle)\n  File \"/tmp/tmpawddrjoi.py\", line 9, in check\n    assert candidate(7, 8) == 10.63014581273465\n  File \"/tmp/tmpawddrjoi.py\", line 5, in otherside_rightangle\n    return math.sqrt(w ** 2 + h ** 2)\nNameError: name 'math' is not defined\n",
      "exit_code": 1,
      "status": "Exception"
    },
    {
      "program": "def otherside_rightangle(w: int, h: int) -> float:\n    \"\"\"\n\tWrite a function to find the third side of a right angled triangle.\n\t\"\"\"\n    return math.sqrt(w ** 2 + h ** 2)\n\n\ndef check(candidate):\n    assert candidate(7, 8) == 10.63014581273465\n    assert candidate(3, 4) == 5\n    assert candidate(7, 15) == 16.55294535724685\n\ndef test_check():\n    check(otherside_rightangle)\n\ntest_check()\n",
      "timestamp": 1665517474,
      "stdout": "",
      "stderr": "Traceback (most recent call last):\n  File \"/tmp/tmpawddrjoi.py\", line 16, in <module>\n    test_check()\n  File \"/tmp/tmpawddrjoi.py\", line 14, in test_check\n    check(otherside_rightangle)\n  File \"/tmp/tmpawddrjoi.py\", line 9, in check\n    assert candidate(7, 8) == 10.63014581273465\n  File \"/tmp/tmpawddrjoi.py\", line 5, in otherside_rightangle\n    return math.sqrt(w ** 2 + h ** 2)\nNameError: name 'math' is not defined\n",
      "exit_code": 1,
      "status": "Exception"
    },
    {
      "program": "def otherside_rightangle(w: int, h: int) -> float:\n    \"\"\"\n\tWrite a function to find the third side of a right angled triangle.\n\t\"\"\"\n    return math.sqrt(w ** 2 + h ** 2)\n\n\ndef check(candidate):\n    assert candidate(7, 8) == 10.63014581273465\n    assert candidate(3, 4) == 5\n    assert candidate(7, 15) == 16.55294535724685\n\ndef test_check():\n    check(otherside_rightangle)\n\ntest_check()\n",
      "timestamp": 1665517474,
      "stdout": "",
      "stderr": "Traceback (most recent call last):\n  File \"/tmp/tmpawddrjoi.py\", line 16, in <module>\n    test_check()\n  File \"/tmp/tmpawddrjoi.py\", line 14, in test_check\n    check(otherside_rightangle)\n  File \"/tmp/tmpawddrjoi.py\", line 9, in check\n    assert candidate(7, 8) == 10.63014581273465\n  File \"/tmp/tmpawddrjoi.py\", line 5, in otherside_rightangle\n    return math.sqrt(w ** 2 + h ** 2)\nNameError: name 'math' is not defined\n",
      "exit_code": 1,
      "status": "Exception"
    },
    {
      "program": "def otherside_rightangle(w: int, h: int) -> float:\n    \"\"\"\n\tWrite a function to find the third side of a right angled triangle.\n\t\"\"\"\n    return math.sqrt(w ** 2 + h ** 2)\n\n\ndef check(candidate):\n    assert candidate(7, 8) == 10.63014581273465\n    assert candidate(3, 4) == 5\n    assert candidate(7, 15) == 16.55294535724685\n\ndef test_check():\n    check(otherside_rightangle)\n\ntest_check()\n",
      "timestamp": 1665517474,
      "stdout": "",
      "stderr": "Traceback (most recent call last):\n  File \"/tmp/tmpawddrjoi.py\", line 16, in <module>\n    test_check()\n  File \"/tmp/tmpawddrjoi.py\", line 14, in test_check\n    check(otherside_rightangle)\n  File \"/tmp/tmpawddrjoi.py\", line 9, in check\n    assert candidate(7, 8) == 10.63014581273465\n  File \"/tmp/tmpawddrjoi.py\", line 5, in otherside_rightangle\n    return math.sqrt(w ** 2 + h ** 2)\nNameError: name 'math' is not defined\n",
      "exit_code": 1,
      "status": "Exception"
    },
    {
      "program": "def otherside_rightangle(w: int, h: int) -> float:\n    \"\"\"\n\tWrite a function to find the third side of a right angled triangle.\n\t\"\"\"\n    return math.sqrt(w ** 2 + h ** 2)\n\n\ndef check(candidate):\n    assert candidate(7, 8) == 10.63014581273465\n    assert candidate(3, 4) == 5\n    assert candidate(7, 15) == 16.55294535724685\n\ndef test_check():\n    check(otherside_rightangle)\n\ntest_check()\n",
      "timestamp": 1665517474,
      "stdout": "",
      "stderr": "Traceback (most recent call last):\n  File \"/tmp/tmpawddrjoi.py\", line 16, in <module>\n    test_check()\n  File \"/tmp/tmpawddrjoi.py\", line 14, in test_check\n    check(otherside_rightangle)\n  File \"/tmp/tmpawddrjoi.py\", line 9, in check\n    assert candidate(7, 8) == 10.63014581273465\n  File \"/tmp/tmpawddrjoi.py\", line 5, in otherside_rightangle\n    return math.sqrt(w ** 2 + h ** 2)\nNameError: name 'math' is not defined\n",
      "exit_code": 1,
      "status": "Exception"
    },
    {
      "program": "def otherside_rightangle(w: int, h: int) -> float:\n    \"\"\"\n\tWrite a function to find the third side of a right angled triangle.\n\t\"\"\"\n    return math.sqrt(w ** 2 + h ** 2)\n\n\ndef check(candidate):\n    assert candidate(7, 8) == 10.63014581273465\n    assert candidate(3, 4) == 5\n    assert candidate(7, 15) == 16.55294535724685\n\ndef test_check():\n    check(otherside_rightangle)\n\ntest_check()\n",
      "timestamp": 1665517474,
      "stdout": "",
      "stderr": "Traceback (most recent call last):\n  File \"/tmp/tmpawddrjoi.py\", line 16, in <module>\n    test_check()\n  File \"/tmp/tmpawddrjoi.py\", line 14, in test_check\n    check(otherside_rightangle)\n  File \"/tmp/tmpawddrjoi.py\", line 9, in check\n    assert candidate(7, 8) == 10.63014581273465\n  File \"/tmp/tmpawddrjoi.py\", line 5, in otherside_rightangle\n    return math.sqrt(w ** 2 + h ** 2)\nNameError: name 'math' is not defined\n",
      "exit_code": 1,
      "status": "Exception"
    },
    {
      "program": "def otherside_rightangle(w: int, h: int) -> float:\n    \"\"\"\n\tWrite a function to find the third side of a right angled triangle.\n\t\"\"\"\n    return math.sqrt(w ** 2 + h ** 2)\n\n\ndef check(candidate):\n    assert candidate(7, 8) == 10.63014581273465\n    assert candidate(3, 4) == 5\n    assert candidate(7, 15) == 16.55294535724685\n\ndef test_check():\n    check(otherside_rightangle)\n\ntest_check()\n",
      "timestamp": 1665517474,
      "stdout": "",
      "stderr": "Traceback (most recent call last):\n  File \"/tmp/tmpawddrjoi.py\", line 16, in <module>\n    test_check()\n  File \"/tmp/tmpawddrjoi.py\", line 14, in test_check\n    check(otherside_rightangle)\n  File \"/tmp/tmpawddrjoi.py\", line 9, in check\n    assert candidate(7, 8) == 10.63014581273465\n  File \"/tmp/tmpawddrjoi.py\", line 5, in otherside_rightangle\n    return math.sqrt(w ** 2 + h ** 2)\nNameError: name 'math' is not defined\n",
      "exit_code": 1,
      "status": "Exception"
    },
    {
      "program": "def otherside_rightangle(w: int, h: int) -> float:\n    \"\"\"\n\tWrite a function to find the third side of a right angled triangle.\n\t\"\"\"\n    return math.sqrt(w ** 2 + h ** 2)\n\n\ndef check(candidate):\n    assert candidate(7, 8) == 10.63014581273465\n    assert candidate(3, 4) == 5\n    assert candidate(7, 15) == 16.55294535724685\n\ndef test_check():\n    check(otherside_rightangle)\n\ntest_check()\n",
      "timestamp": 1665517474,
      "stdout": "",
      "stderr": "Traceback (most recent call last):\n  File \"/tmp/tmpawddrjoi.py\", line 16, in <module>\n    test_check()\n  File \"/tmp/tmpawddrjoi.py\", line 14, in test_check\n    check(otherside_rightangle)\n  File \"/tmp/tmpawddrjoi.py\", line 9, in check\n    assert candidate(7, 8) == 10.63014581273465\n  File \"/tmp/tmpawddrjoi.py\", line 5, in otherside_rightangle\n    return math.sqrt(w ** 2 + h ** 2)\nNameError: name 'math' is not defined\n",
      "exit_code": 1,
      "status": "Exception"
    },
    {
      "program": "def otherside_rightangle(w: int, h: int) -> float:\n    \"\"\"\n\tWrite a function to find the third side of a right angled triangle.\n\t\"\"\"\n    return math.sqrt(w ** 2 + h ** 2)\n\n\ndef check(candidate):\n    assert candidate(7, 8) == 10.63014581273465\n    assert candidate(3, 4) == 5\n    assert candidate(7, 15) == 16.55294535724685\n\ndef test_check():\n    check(otherside_rightangle)\n\ntest_check()\n",
      "timestamp": 1665517474,
      "stdout": "",
      "stderr": "Traceback (most recent call last):\n  File \"/tmp/tmpawddrjoi.py\", line 16, in <module>\n    test_check()\n  File \"/tmp/tmpawddrjoi.py\", line 14, in test_check\n    check(otherside_rightangle)\n  File \"/tmp/tmpawddrjoi.py\", line 9, in check\n    assert candidate(7, 8) == 10.63014581273465\n  File \"/tmp/tmpawddrjoi.py\", line 5, in otherside_rightangle\n    return math.sqrt(w ** 2 + h ** 2)\nNameError: name 'math' is not defined\n",
      "exit_code": 1,
      "status": "Exception"
    },
    {
      "program": "def otherside_rightangle(w: int, h: int) -> float:\n    \"\"\"\n\tWrite a function to find the third side of a right angled triangle.\n\t\"\"\"\n    return math.sqrt(w ** 2 + h ** 2)\n\n\ndef check(candidate):\n    assert candidate(7, 8) == 10.63014581273465\n    assert candidate(3, 4) == 5\n    assert candidate(7, 15) == 16.55294535724685\n\ndef test_check():\n    check(otherside_rightangle)\n\ntest_check()\n",
      "timestamp": 1665517474,
      "stdout": "",
      "stderr": "Traceback (most recent call last):\n  File \"/tmp/tmpawddrjoi.py\", line 16, in <module>\n    test_check()\n  File \"/tmp/tmpawddrjoi.py\", line 14, in test_check\n    check(otherside_rightangle)\n  File \"/tmp/tmpawddrjoi.py\", line 9, in check\n    assert candidate(7, 8) == 10.63014581273465\n  File \"/tmp/tmpawddrjoi.py\", line 5, in otherside_rightangle\n    return math.sqrt(w ** 2 + h ** 2)\nNameError: name 'math' is not defined\n",
      "exit_code": 1,
      "status": "Exception"
    },
    {
      "program": "def otherside_rightangle(w: int, h: int) -> float:\n    \"\"\"\n\tWrite a function to find the third side of a right angled triangle.\n\t\"\"\"\n    return math.sqrt(w ** 2 + h ** 2)\n\n\ndef check(candidate):\n    assert candidate(7, 8) == 10.63014581273465\n    assert candidate(3, 4) == 5\n    assert candidate(7, 15) == 16.55294535724685\n\ndef test_check():\n    check(otherside_rightangle)\n\ntest_check()\n",
      "timestamp": 1665517474,
      "stdout": "",
      "stderr": "Traceback (most recent call last):\n  File \"/tmp/tmpawddrjoi.py\", line 16, in <module>\n    test_check()\n  File \"/tmp/tmpawddrjoi.py\", line 14, in test_check\n    check(otherside_rightangle)\n  File \"/tmp/tmpawddrjoi.py\", line 9, in check\n    assert candidate(7, 8) == 10.63014581273465\n  File \"/tmp/tmpawddrjoi.py\", line 5, in otherside_rightangle\n    return math.sqrt(w ** 2 + h ** 2)\nNameError: name 'math' is not defined\n",
      "exit_code": 1,
      "status": "Exception"
    },
    {
      "program": "def otherside_rightangle(w: int, h: int) -> float:\n    \"\"\"\n\tWrite a function to find the third side of a right angled triangle.\n\t\"\"\"\n    return math.sqrt(w ** 2 + h ** 2)\n\n\ndef check(candidate):\n    assert candidate(7, 8) == 10.63014581273465\n    assert candidate(3, 4) == 5\n    assert candidate(7, 15) == 16.55294535724685\n\ndef test_check():\n    check(otherside_rightangle)\n\ntest_check()\n",
      "timestamp": 1665517474,
      "stdout": "",
      "stderr": "Traceback (most recent call last):\n  File \"/tmp/tmpawddrjoi.py\", line 16, in <module>\n    test_check()\n  File \"/tmp/tmpawddrjoi.py\", line 14, in test_check\n    check(otherside_rightangle)\n  File \"/tmp/tmpawddrjoi.py\", line 9, in check\n    assert candidate(7, 8) == 10.63014581273465\n  File \"/tmp/tmpawddrjoi.py\", line 5, in otherside_rightangle\n    return math.sqrt(w ** 2 + h ** 2)\nNameError: name 'math' is not defined\n",
      "exit_code": 1,
      "status": "Exception"
    },
    {
      "program": "def otherside_rightangle(w: int, h: int) -> float:\n    \"\"\"\n\tWrite a function to find the third side of a right angled triangle.\n\t\"\"\"\n    return math.sqrt(w ** 2 + h ** 2)\n\n\ndef check(candidate):\n    assert candidate(7, 8) == 10.63014581273465\n    assert candidate(3, 4) == 5\n    assert candidate(7, 15) == 16.55294535724685\n\ndef test_check():\n    check(otherside_rightangle)\n\ntest_check()\n",
      "timestamp": 1665517474,
      "stdout": "",
      "stderr": "Traceback (most recent call last):\n  File \"/tmp/tmpawddrjoi.py\", line 16, in <module>\n    test_check()\n  File \"/tmp/tmpawddrjoi.py\", line 14, in test_check\n    check(otherside_rightangle)\n  File \"/tmp/tmpawddrjoi.py\", line 9, in check\n    assert candidate(7, 8) == 10.63014581273465\n  File \"/tmp/tmpawddrjoi.py\", line 5, in otherside_rightangle\n    return math.sqrt(w ** 2 + h ** 2)\nNameError: name 'math' is not defined\n",
      "exit_code": 1,
      "status": "Exception"
    },
    {
      "program": "def otherside_rightangle(w: int, h: int) -> float:\n    \"\"\"\n\tWrite a function to find the third side of a right angled triangle.\n\t\"\"\"\n    return math.sqrt(w ** 2 + h ** 2)\n\n\ndef check(candidate):\n    assert candidate(7, 8) == 10.63014581273465\n    assert candidate(3, 4) == 5\n    assert candidate(7, 15) == 16.55294535724685\n\ndef test_check():\n    check(otherside_rightangle)\n\ntest_check()\n",
      "timestamp": 1665517474,
      "stdout": "",
      "stderr": "Traceback (most recent call last):\n  File \"/tmp/tmpawddrjoi.py\", line 16, in <module>\n    test_check()\n  File \"/tmp/tmpawddrjoi.py\", line 14, in test_check\n    check(otherside_rightangle)\n  File \"/tmp/tmpawddrjoi.py\", line 9, in check\n    assert candidate(7, 8) == 10.63014581273465\n  File \"/tmp/tmpawddrjoi.py\", line 5, in otherside_rightangle\n    return math.sqrt(w ** 2 + h ** 2)\nNameError: name 'math' is not defined\n",
      "exit_code": 1,
      "status": "Exception"
    },
    {
      "program": "def otherside_rightangle(w: int, h: int) -> float:\n    \"\"\"\n\tWrite a function to find the third side of a right angled triangle.\n\t\"\"\"\n    return math.sqrt(w ** 2 + h ** 2)\n\n\ndef check(candidate):\n    assert candidate(7, 8) == 10.63014581273465\n    assert candidate(3, 4) == 5\n    assert candidate(7, 15) == 16.55294535724685\n\ndef test_check():\n    check(otherside_rightangle)\n\ntest_check()\n",
      "timestamp": 1665517474,
      "stdout": "",
      "stderr": "Traceback (most recent call last):\n  File \"/tmp/tmpawddrjoi.py\", line 16, in <module>\n    test_check()\n  File \"/tmp/tmpawddrjoi.py\", line 14, in test_check\n    check(otherside_rightangle)\n  File \"/tmp/tmpawddrjoi.py\", line 9, in check\n    assert candidate(7, 8) == 10.63014581273465\n  File \"/tmp/tmpawddrjoi.py\", line 5, in otherside_rightangle\n    return math.sqrt(w ** 2 + h ** 2)\nNameError: name 'math' is not defined\n",
      "exit_code": 1,
      "status": "Exception"
    },
    {
      "program": "def otherside_rightangle(w: int, h: int) -> float:\n    \"\"\"\n\tWrite a function to find the third side of a right angled triangle.\n\t\"\"\"\n    return math.sqrt(w ** 2 + h ** 2)\n\n\ndef check(candidate):\n    assert candidate(7, 8) == 10.63014581273465\n    assert candidate(3, 4) == 5\n    assert candidate(7, 15) == 16.55294535724685\n\ndef test_check():\n    check(otherside_rightangle)\n\ntest_check()\n",
      "timestamp": 1665517474,
      "stdout": "",
      "stderr": "Traceback (most recent call last):\n  File \"/tmp/tmpawddrjoi.py\", line 16, in <module>\n    test_check()\n  File \"/tmp/tmpawddrjoi.py\", line 14, in test_check\n    check(otherside_rightangle)\n  File \"/tmp/tmpawddrjoi.py\", line 9, in check\n    assert candidate(7, 8) == 10.63014581273465\n  File \"/tmp/tmpawddrjoi.py\", line 5, in otherside_rightangle\n    return math.sqrt(w ** 2 + h ** 2)\nNameError: name 'math' is not defined\n",
      "exit_code": 1,
      "status": "Exception"
    },
    {
      "program": "def otherside_rightangle(w: int, h: int) -> float:\n    \"\"\"\n\tWrite a function to find the third side of a right angled triangle.\n\t\"\"\"\n    return math.sqrt(w ** 2 + h ** 2)\n\n\ndef check(candidate):\n    assert candidate(7, 8) == 10.63014581273465\n    assert candidate(3, 4) == 5\n    assert candidate(7, 15) == 16.55294535724685\n\ndef test_check():\n    check(otherside_rightangle)\n\ntest_check()\n",
      "timestamp": 1665517474,
      "stdout": "",
      "stderr": "Traceback (most recent call last):\n  File \"/tmp/tmpawddrjoi.py\", line 16, in <module>\n    test_check()\n  File \"/tmp/tmpawddrjoi.py\", line 14, in test_check\n    check(otherside_rightangle)\n  File \"/tmp/tmpawddrjoi.py\", line 9, in check\n    assert candidate(7, 8) == 10.63014581273465\n  File \"/tmp/tmpawddrjoi.py\", line 5, in otherside_rightangle\n    return math.sqrt(w ** 2 + h ** 2)\nNameError: name 'math' is not defined\n",
      "exit_code": 1,
      "status": "Exception"
    },
    {
      "program": "def otherside_rightangle(w: int, h: int) -> float:\n    \"\"\"\n\tWrite a function to find the third side of a right angled triangle.\n\t\"\"\"\n    return math.sqrt(w ** 2 + h ** 2)\n\n\ndef check(candidate):\n    assert candidate(7, 8) == 10.63014581273465\n    assert candidate(3, 4) == 5\n    assert candidate(7, 15) == 16.55294535724685\n\ndef test_check():\n    check(otherside_rightangle)\n\ntest_check()\n",
      "timestamp": 1665517474,
      "stdout": "",
      "stderr": "Traceback (most recent call last):\n  File \"/tmp/tmpawddrjoi.py\", line 16, in <module>\n    test_check()\n  File \"/tmp/tmpawddrjoi.py\", line 14, in test_check\n    check(otherside_rightangle)\n  File \"/tmp/tmpawddrjoi.py\", line 9, in check\n    assert candidate(7, 8) == 10.63014581273465\n  File \"/tmp/tmpawddrjoi.py\", line 5, in otherside_rightangle\n    return math.sqrt(w ** 2 + h ** 2)\nNameError: name 'math' is not defined\n",
      "exit_code": 1,
      "status": "Exception"
    },
    {
      "program": "def otherside_rightangle(w: int, h: int) -> float:\n    \"\"\"\n\tWrite a function to find the third side of a right angled triangle.\n\t\"\"\"\n    return math.sqrt(w ** 2 + h ** 2)\n\n\ndef check(candidate):\n    assert candidate(7, 8) == 10.63014581273465\n    assert candidate(3, 4) == 5\n    assert candidate(7, 15) == 16.55294535724685\n\ndef test_check():\n    check(otherside_rightangle)\n\ntest_check()\n",
      "timestamp": 1665517474,
      "stdout": "",
      "stderr": "Traceback (most recent call last):\n  File \"/tmp/tmpawddrjoi.py\", line 16, in <module>\n    test_check()\n  File \"/tmp/tmpawddrjoi.py\", line 14, in test_check\n    check(otherside_rightangle)\n  File \"/tmp/tmpawddrjoi.py\", line 9, in check\n    assert candidate(7, 8) == 10.63014581273465\n  File \"/tmp/tmpawddrjoi.py\", line 5, in otherside_rightangle\n    return math.sqrt(w ** 2 + h ** 2)\nNameError: name 'math' is not defined\n",
      "exit_code": 1,
      "status": "Exception"
    },
    {
      "program": "def otherside_rightangle(w: int, h: int) -> float:\n    \"\"\"\n\tWrite a function to find the third side of a right angled triangle.\n\t\"\"\"\n    return math.sqrt(w ** 2 + h ** 2)\n\n\ndef check(candidate):\n    assert candidate(7, 8) == 10.63014581273465\n    assert candidate(3, 4) == 5\n    assert candidate(7, 15) == 16.55294535724685\n\ndef test_check():\n    check(otherside_rightangle)\n\ntest_check()\n",
      "timestamp": 1665517474,
      "stdout": "",
      "stderr": "Traceback (most recent call last):\n  File \"/tmp/tmpawddrjoi.py\", line 16, in <module>\n    test_check()\n  File \"/tmp/tmpawddrjoi.py\", line 14, in test_check\n    check(otherside_rightangle)\n  File \"/tmp/tmpawddrjoi.py\", line 9, in check\n    assert candidate(7, 8) == 10.63014581273465\n  File \"/tmp/tmpawddrjoi.py\", line 5, in otherside_rightangle\n    return math.sqrt(w ** 2 + h ** 2)\nNameError: name 'math' is not defined\n",
      "exit_code": 1,
      "status": "Exception"
    },
    {
      "program": "def otherside_rightangle(w: int, h: int) -> float:\n    \"\"\"\n\tWrite a function to find the third side of a right angled triangle.\n\t\"\"\"\n    return math.sqrt(w ** 2 + h ** 2)\n\n\ndef check(candidate):\n    assert candidate(7, 8) == 10.63014581273465\n    assert candidate(3, 4) == 5\n    assert candidate(7, 15) == 16.55294535724685\n\ndef test_check():\n    check(otherside_rightangle)\n\ntest_check()\n",
      "timestamp": 1665517474,
      "stdout": "",
      "stderr": "Traceback (most recent call last):\n  File \"/tmp/tmpawddrjoi.py\", line 16, in <module>\n    test_check()\n  File \"/tmp/tmpawddrjoi.py\", line 14, in test_check\n    check(otherside_rightangle)\n  File \"/tmp/tmpawddrjoi.py\", line 9, in check\n    assert candidate(7, 8) == 10.63014581273465\n  File \"/tmp/tmpawddrjoi.py\", line 5, in otherside_rightangle\n    return math.sqrt(w ** 2 + h ** 2)\nNameError: name 'math' is not defined\n",
      "exit_code": 1,
      "status": "Exception"
    },
    {
      "program": "def otherside_rightangle(w: int, h: int) -> float:\n    \"\"\"\n\tWrite a function to find the third side of a right angled triangle.\n\t\"\"\"\n    return math.sqrt(w ** 2 + h ** 2)\n\n\ndef check(candidate):\n    assert candidate(7, 8) == 10.63014581273465\n    assert candidate(3, 4) == 5\n    assert candidate(7, 15) == 16.55294535724685\n\ndef test_check():\n    check(otherside_rightangle)\n\ntest_check()\n",
      "timestamp": 1665517474,
      "stdout": "",
      "stderr": "Traceback (most recent call last):\n  File \"/tmp/tmpawddrjoi.py\", line 16, in <module>\n    test_check()\n  File \"/tmp/tmpawddrjoi.py\", line 14, in test_check\n    check(otherside_rightangle)\n  File \"/tmp/tmpawddrjoi.py\", line 9, in check\n    assert candidate(7, 8) == 10.63014581273465\n  File \"/tmp/tmpawddrjoi.py\", line 5, in otherside_rightangle\n    return math.sqrt(w ** 2 + h ** 2)\nNameError: name 'math' is not defined\n",
      "exit_code": 1,
      "status": "Exception"
    },
    {
      "program": "def otherside_rightangle(w: int, h: int) -> float:\n    \"\"\"\n\tWrite a function to find the third side of a right angled triangle.\n\t\"\"\"\n    return math.sqrt(w ** 2 + h ** 2)\n\n\ndef check(candidate):\n    assert candidate(7, 8) == 10.63014581273465\n    assert candidate(3, 4) == 5\n    assert candidate(7, 15) == 16.55294535724685\n\ndef test_check():\n    check(otherside_rightangle)\n\ntest_check()\n",
      "timestamp": 1665517474,
      "stdout": "",
      "stderr": "Traceback (most recent call last):\n  File \"/tmp/tmpawddrjoi.py\", line 16, in <module>\n    test_check()\n  File \"/tmp/tmpawddrjoi.py\", line 14, in test_check\n    check(otherside_rightangle)\n  File \"/tmp/tmpawddrjoi.py\", line 9, in check\n    assert candidate(7, 8) == 10.63014581273465\n  File \"/tmp/tmpawddrjoi.py\", line 5, in otherside_rightangle\n    return math.sqrt(w ** 2 + h ** 2)\nNameError: name 'math' is not defined\n",
      "exit_code": 1,
      "status": "Exception"
    },
    {
      "program": "def otherside_rightangle(w: int, h: int) -> float:\n    \"\"\"\n\tWrite a function to find the third side of a right angled triangle.\n\t\"\"\"\n    return math.sqrt(w ** 2 + h ** 2)\n\n\ndef check(candidate):\n    assert candidate(7, 8) == 10.63014581273465\n    assert candidate(3, 4) == 5\n    assert candidate(7, 15) == 16.55294535724685\n\ndef test_check():\n    check(otherside_rightangle)\n\ntest_check()\n",
      "timestamp": 1665517474,
      "stdout": "",
      "stderr": "Traceback (most recent call last):\n  File \"/tmp/tmpawddrjoi.py\", line 16, in <module>\n    test_check()\n  File \"/tmp/tmpawddrjoi.py\", line 14, in test_check\n    check(otherside_rightangle)\n  File \"/tmp/tmpawddrjoi.py\", line 9, in check\n    assert candidate(7, 8) == 10.63014581273465\n  File \"/tmp/tmpawddrjoi.py\", line 5, in otherside_rightangle\n    return math.sqrt(w ** 2 + h ** 2)\nNameError: name 'math' is not defined\n",
      "exit_code": 1,
      "status": "Exception"
    },
    {
      "program": "def otherside_rightangle(w: int, h: int) -> float:\n    \"\"\"\n\tWrite a function to find the third side of a right angled triangle.\n\t\"\"\"\n    return math.sqrt(w ** 2 + h ** 2)\n\n\ndef check(candidate):\n    assert candidate(7, 8) == 10.63014581273465\n    assert candidate(3, 4) == 5\n    assert candidate(7, 15) == 16.55294535724685\n\ndef test_check():\n    check(otherside_rightangle)\n\ntest_check()\n",
      "timestamp": 1665517474,
      "stdout": "",
      "stderr": "Traceback (most recent call last):\n  File \"/tmp/tmpawddrjoi.py\", line 16, in <module>\n    test_check()\n  File \"/tmp/tmpawddrjoi.py\", line 14, in test_check\n    check(otherside_rightangle)\n  File \"/tmp/tmpawddrjoi.py\", line 9, in check\n    assert candidate(7, 8) == 10.63014581273465\n  File \"/tmp/tmpawddrjoi.py\", line 5, in otherside_rightangle\n    return math.sqrt(w ** 2 + h ** 2)\nNameError: name 'math' is not defined\n",
      "exit_code": 1,
      "status": "Exception"
    },
    {
      "program": "def otherside_rightangle(w: int, h: int) -> float:\n    \"\"\"\n\tWrite a function to find the third side of a right angled triangle.\n\t\"\"\"\n    return math.sqrt(w ** 2 + h ** 2)\n\n\ndef check(candidate):\n    assert candidate(7, 8) == 10.63014581273465\n    assert candidate(3, 4) == 5\n    assert candidate(7, 15) == 16.55294535724685\n\ndef test_check():\n    check(otherside_rightangle)\n\ntest_check()\n",
      "timestamp": 1665517474,
      "stdout": "",
      "stderr": "Traceback (most recent call last):\n  File \"/tmp/tmpawddrjoi.py\", line 16, in <module>\n    test_check()\n  File \"/tmp/tmpawddrjoi.py\", line 14, in test_check\n    check(otherside_rightangle)\n  File \"/tmp/tmpawddrjoi.py\", line 9, in check\n    assert candidate(7, 8) == 10.63014581273465\n  File \"/tmp/tmpawddrjoi.py\", line 5, in otherside_rightangle\n    return math.sqrt(w ** 2 + h ** 2)\nNameError: name 'math' is not defined\n",
      "exit_code": 1,
      "status": "Exception"
    },
    {
      "program": "def otherside_rightangle(w: int, h: int) -> float:\n    \"\"\"\n\tWrite a function to find the third side of a right angled triangle.\n\t\"\"\"\n    return math.sqrt(w ** 2 + h ** 2)\n\n\ndef check(candidate):\n    assert candidate(7, 8) == 10.63014581273465\n    assert candidate(3, 4) == 5\n    assert candidate(7, 15) == 16.55294535724685\n\ndef test_check():\n    check(otherside_rightangle)\n\ntest_check()\n",
      "timestamp": 1665517474,
      "stdout": "",
      "stderr": "Traceback (most recent call last):\n  File \"/tmp/tmpawddrjoi.py\", line 16, in <module>\n    test_check()\n  File \"/tmp/tmpawddrjoi.py\", line 14, in test_check\n    check(otherside_rightangle)\n  File \"/tmp/tmpawddrjoi.py\", line 9, in check\n    assert candidate(7, 8) == 10.63014581273465\n  File \"/tmp/tmpawddrjoi.py\", line 5, in otherside_rightangle\n    return math.sqrt(w ** 2 + h ** 2)\nNameError: name 'math' is not defined\n",
      "exit_code": 1,
      "status": "Exception"
    },
    {
      "program": "def otherside_rightangle(w: int, h: int) -> float:\n    \"\"\"\n\tWrite a function to find the third side of a right angled triangle.\n\t\"\"\"\n    return math.sqrt(w ** 2 + h ** 2)\n\n\ndef check(candidate):\n    assert candidate(7, 8) == 10.63014581273465\n    assert candidate(3, 4) == 5\n    assert candidate(7, 15) == 16.55294535724685\n\ndef test_check():\n    check(otherside_rightangle)\n\ntest_check()\n",
      "timestamp": 1665517474,
      "stdout": "",
      "stderr": "Traceback (most recent call last):\n  File \"/tmp/tmpawddrjoi.py\", line 16, in <module>\n    test_check()\n  File \"/tmp/tmpawddrjoi.py\", line 14, in test_check\n    check(otherside_rightangle)\n  File \"/tmp/tmpawddrjoi.py\", line 9, in check\n    assert candidate(7, 8) == 10.63014581273465\n  File \"/tmp/tmpawddrjoi.py\", line 5, in otherside_rightangle\n    return math.sqrt(w ** 2 + h ** 2)\nNameError: name 'math' is not defined\n",
      "exit_code": 1,
      "status": "Exception"
    },
    {
      "program": "def otherside_rightangle(w: int, h: int) -> float:\n    \"\"\"\n\tWrite a function to find the third side of a right angled triangle.\n\t\"\"\"\n    return math.sqrt(w ** 2 + h ** 2)\n\n\ndef check(candidate):\n    assert candidate(7, 8) == 10.63014581273465\n    assert candidate(3, 4) == 5\n    assert candidate(7, 15) == 16.55294535724685\n\ndef test_check():\n    check(otherside_rightangle)\n\ntest_check()\n",
      "timestamp": 1665517474,
      "stdout": "",
      "stderr": "Traceback (most recent call last):\n  File \"/tmp/tmpawddrjoi.py\", line 16, in <module>\n    test_check()\n  File \"/tmp/tmpawddrjoi.py\", line 14, in test_check\n    check(otherside_rightangle)\n  File \"/tmp/tmpawddrjoi.py\", line 9, in check\n    assert candidate(7, 8) == 10.63014581273465\n  File \"/tmp/tmpawddrjoi.py\", line 5, in otherside_rightangle\n    return math.sqrt(w ** 2 + h ** 2)\nNameError: name 'math' is not defined\n",
      "exit_code": 1,
      "status": "Exception"
    },
    {
      "program": "def otherside_rightangle(w: int, h: int) -> float:\n    \"\"\"\n\tWrite a function to find the third side of a right angled triangle.\n\t\"\"\"\n    return math.sqrt(w ** 2 + h ** 2)\n\n\ndef check(candidate):\n    assert candidate(7, 8) == 10.63014581273465\n    assert candidate(3, 4) == 5\n    assert candidate(7, 15) == 16.55294535724685\n\ndef test_check():\n    check(otherside_rightangle)\n\ntest_check()\n",
      "timestamp": 1665517474,
      "stdout": "",
      "stderr": "Traceback (most recent call last):\n  File \"/tmp/tmpawddrjoi.py\", line 16, in <module>\n    test_check()\n  File \"/tmp/tmpawddrjoi.py\", line 14, in test_check\n    check(otherside_rightangle)\n  File \"/tmp/tmpawddrjoi.py\", line 9, in check\n    assert candidate(7, 8) == 10.63014581273465\n  File \"/tmp/tmpawddrjoi.py\", line 5, in otherside_rightangle\n    return math.sqrt(w ** 2 + h ** 2)\nNameError: name 'math' is not defined\n",
      "exit_code": 1,
      "status": "Exception"
    },
    {
      "program": "def otherside_rightangle(w: int, h: int) -> float:\n    \"\"\"\n\tWrite a function to find the third side of a right angled triangle.\n\t\"\"\"\n    return math.sqrt(w ** 2 + h ** 2)\n\n\ndef check(candidate):\n    assert candidate(7, 8) == 10.63014581273465\n    assert candidate(3, 4) == 5\n    assert candidate(7, 15) == 16.55294535724685\n\ndef test_check():\n    check(otherside_rightangle)\n\ntest_check()\n",
      "timestamp": 1665517474,
      "stdout": "",
      "stderr": "Traceback (most recent call last):\n  File \"/tmp/tmpawddrjoi.py\", line 16, in <module>\n    test_check()\n  File \"/tmp/tmpawddrjoi.py\", line 14, in test_check\n    check(otherside_rightangle)\n  File \"/tmp/tmpawddrjoi.py\", line 9, in check\n    assert candidate(7, 8) == 10.63014581273465\n  File \"/tmp/tmpawddrjoi.py\", line 5, in otherside_rightangle\n    return math.sqrt(w ** 2 + h ** 2)\nNameError: name 'math' is not defined\n",
      "exit_code": 1,
      "status": "Exception"
    },
    {
      "program": "def otherside_rightangle(w: int, h: int) -> float:\n    \"\"\"\n\tWrite a function to find the third side of a right angled triangle.\n\t\"\"\"\n    return math.sqrt(w ** 2 + h ** 2)\n\n\ndef check(candidate):\n    assert candidate(7, 8) == 10.63014581273465\n    assert candidate(3, 4) == 5\n    assert candidate(7, 15) == 16.55294535724685\n\ndef test_check():\n    check(otherside_rightangle)\n\ntest_check()\n",
      "timestamp": 1665517474,
      "stdout": "",
      "stderr": "Traceback (most recent call last):\n  File \"/tmp/tmpawddrjoi.py\", line 16, in <module>\n    test_check()\n  File \"/tmp/tmpawddrjoi.py\", line 14, in test_check\n    check(otherside_rightangle)\n  File \"/tmp/tmpawddrjoi.py\", line 9, in check\n    assert candidate(7, 8) == 10.63014581273465\n  File \"/tmp/tmpawddrjoi.py\", line 5, in otherside_rightangle\n    return math.sqrt(w ** 2 + h ** 2)\nNameError: name 'math' is not defined\n",
      "exit_code": 1,
      "status": "Exception"
    },
    {
      "program": "def otherside_rightangle(w: int, h: int) -> float:\n    \"\"\"\n\tWrite a function to find the third side of a right angled triangle.\n\t\"\"\"\n    return math.sqrt(w ** 2 + h ** 2)\n\n\ndef check(candidate):\n    assert candidate(7, 8) == 10.63014581273465\n    assert candidate(3, 4) == 5\n    assert candidate(7, 15) == 16.55294535724685\n\ndef test_check():\n    check(otherside_rightangle)\n\ntest_check()\n",
      "timestamp": 1665517474,
      "stdout": "",
      "stderr": "Traceback (most recent call last):\n  File \"/tmp/tmpawddrjoi.py\", line 16, in <module>\n    test_check()\n  File \"/tmp/tmpawddrjoi.py\", line 14, in test_check\n    check(otherside_rightangle)\n  File \"/tmp/tmpawddrjoi.py\", line 9, in check\n    assert candidate(7, 8) == 10.63014581273465\n  File \"/tmp/tmpawddrjoi.py\", line 5, in otherside_rightangle\n    return math.sqrt(w ** 2 + h ** 2)\nNameError: name 'math' is not defined\n",
      "exit_code": 1,
      "status": "Exception"
    },
    {
      "program": "def otherside_rightangle(w: int, h: int) -> float:\n    \"\"\"\n\tWrite a function to find the third side of a right angled triangle.\n\t\"\"\"\n    return math.sqrt(w ** 2 + h ** 2)\n\n\ndef check(candidate):\n    assert candidate(7, 8) == 10.63014581273465\n    assert candidate(3, 4) == 5\n    assert candidate(7, 15) == 16.55294535724685\n\ndef test_check():\n    check(otherside_rightangle)\n\ntest_check()\n",
      "timestamp": 1665517474,
      "stdout": "",
      "stderr": "Traceback (most recent call last):\n  File \"/tmp/tmpawddrjoi.py\", line 16, in <module>\n    test_check()\n  File \"/tmp/tmpawddrjoi.py\", line 14, in test_check\n    check(otherside_rightangle)\n  File \"/tmp/tmpawddrjoi.py\", line 9, in check\n    assert candidate(7, 8) == 10.63014581273465\n  File \"/tmp/tmpawddrjoi.py\", line 5, in otherside_rightangle\n    return math.sqrt(w ** 2 + h ** 2)\nNameError: name 'math' is not defined\n",
      "exit_code": 1,
      "status": "Exception"
    },
    {
      "program": "def otherside_rightangle(w: int, h: int) -> float:\n    \"\"\"\n\tWrite a function to find the third side of a right angled triangle.\n\t\"\"\"\n    return math.sqrt(w ** 2 + h ** 2)\n\n\ndef check(candidate):\n    assert candidate(7, 8) == 10.63014581273465\n    assert candidate(3, 4) == 5\n    assert candidate(7, 15) == 16.55294535724685\n\ndef test_check():\n    check(otherside_rightangle)\n\ntest_check()\n",
      "timestamp": 1665517474,
      "stdout": "",
      "stderr": "Traceback (most recent call last):\n  File \"/tmp/tmpawddrjoi.py\", line 16, in <module>\n    test_check()\n  File \"/tmp/tmpawddrjoi.py\", line 14, in test_check\n    check(otherside_rightangle)\n  File \"/tmp/tmpawddrjoi.py\", line 9, in check\n    assert candidate(7, 8) == 10.63014581273465\n  File \"/tmp/tmpawddrjoi.py\", line 5, in otherside_rightangle\n    return math.sqrt(w ** 2 + h ** 2)\nNameError: name 'math' is not defined\n",
      "exit_code": 1,
      "status": "Exception"
    },
    {
      "program": "def otherside_rightangle(w: int, h: int) -> float:\n    \"\"\"\n\tWrite a function to find the third side of a right angled triangle.\n\t\"\"\"\n    return math.sqrt(w ** 2 + h ** 2)\n\n\ndef check(candidate):\n    assert candidate(7, 8) == 10.63014581273465\n    assert candidate(3, 4) == 5\n    assert candidate(7, 15) == 16.55294535724685\n\ndef test_check():\n    check(otherside_rightangle)\n\ntest_check()\n",
      "timestamp": 1665517474,
      "stdout": "",
      "stderr": "Traceback (most recent call last):\n  File \"/tmp/tmpawddrjoi.py\", line 16, in <module>\n    test_check()\n  File \"/tmp/tmpawddrjoi.py\", line 14, in test_check\n    check(otherside_rightangle)\n  File \"/tmp/tmpawddrjoi.py\", line 9, in check\n    assert candidate(7, 8) == 10.63014581273465\n  File \"/tmp/tmpawddrjoi.py\", line 5, in otherside_rightangle\n    return math.sqrt(w ** 2 + h ** 2)\nNameError: name 'math' is not defined\n",
      "exit_code": 1,
      "status": "Exception"
    },
    {
      "program": "def otherside_rightangle(w: int, h: int) -> float:\n    \"\"\"\n\tWrite a function to find the third side of a right angled triangle.\n\t\"\"\"\n    return math.sqrt(w ** 2 + h ** 2)\n\n\ndef check(candidate):\n    assert candidate(7, 8) == 10.63014581273465\n    assert candidate(3, 4) == 5\n    assert candidate(7, 15) == 16.55294535724685\n\ndef test_check():\n    check(otherside_rightangle)\n\ntest_check()\n",
      "timestamp": 1665517474,
      "stdout": "",
      "stderr": "Traceback (most recent call last):\n  File \"/tmp/tmpawddrjoi.py\", line 16, in <module>\n    test_check()\n  File \"/tmp/tmpawddrjoi.py\", line 14, in test_check\n    check(otherside_rightangle)\n  File \"/tmp/tmpawddrjoi.py\", line 9, in check\n    assert candidate(7, 8) == 10.63014581273465\n  File \"/tmp/tmpawddrjoi.py\", line 5, in otherside_rightangle\n    return math.sqrt(w ** 2 + h ** 2)\nNameError: name 'math' is not defined\n",
      "exit_code": 1,
      "status": "Exception"
    },
    {
      "program": "def otherside_rightangle(w: int, h: int) -> float:\n    \"\"\"\n\tWrite a function to find the third side of a right angled triangle.\n\t\"\"\"\n    return math.sqrt(w ** 2 + h ** 2)\n\n\ndef check(candidate):\n    assert candidate(7, 8) == 10.63014581273465\n    assert candidate(3, 4) == 5\n    assert candidate(7, 15) == 16.55294535724685\n\ndef test_check():\n    check(otherside_rightangle)\n\ntest_check()\n",
      "timestamp": 1665517474,
      "stdout": "",
      "stderr": "Traceback (most recent call last):\n  File \"/tmp/tmpawddrjoi.py\", line 16, in <module>\n    test_check()\n  File \"/tmp/tmpawddrjoi.py\", line 14, in test_check\n    check(otherside_rightangle)\n  File \"/tmp/tmpawddrjoi.py\", line 9, in check\n    assert candidate(7, 8) == 10.63014581273465\n  File \"/tmp/tmpawddrjoi.py\", line 5, in otherside_rightangle\n    return math.sqrt(w ** 2 + h ** 2)\nNameError: name 'math' is not defined\n",
      "exit_code": 1,
      "status": "Exception"
    },
    {
      "program": "def otherside_rightangle(w: int, h: int) -> float:\n    \"\"\"\n\tWrite a function to find the third side of a right angled triangle.\n\t\"\"\"\n    return math.sqrt(w ** 2 + h ** 2)\n\n\ndef check(candidate):\n    assert candidate(7, 8) == 10.63014581273465\n    assert candidate(3, 4) == 5\n    assert candidate(7, 15) == 16.55294535724685\n\ndef test_check():\n    check(otherside_rightangle)\n\ntest_check()\n",
      "timestamp": 1665517474,
      "stdout": "",
      "stderr": "Traceback (most recent call last):\n  File \"/tmp/tmpawddrjoi.py\", line 16, in <module>\n    test_check()\n  File \"/tmp/tmpawddrjoi.py\", line 14, in test_check\n    check(otherside_rightangle)\n  File \"/tmp/tmpawddrjoi.py\", line 9, in check\n    assert candidate(7, 8) == 10.63014581273465\n  File \"/tmp/tmpawddrjoi.py\", line 5, in otherside_rightangle\n    return math.sqrt(w ** 2 + h ** 2)\nNameError: name 'math' is not defined\n",
      "exit_code": 1,
      "status": "Exception"
    },
    {
      "program": "def otherside_rightangle(w: int, h: int) -> float:\n    \"\"\"\n\tWrite a function to find the third side of a right angled triangle.\n\t\"\"\"\n    return math.sqrt(w ** 2 + h ** 2)\n\n\ndef check(candidate):\n    assert candidate(7, 8) == 10.63014581273465\n    assert candidate(3, 4) == 5\n    assert candidate(7, 15) == 16.55294535724685\n\ndef test_check():\n    check(otherside_rightangle)\n\ntest_check()\n",
      "timestamp": 1665517474,
      "stdout": "",
      "stderr": "Traceback (most recent call last):\n  File \"/tmp/tmpawddrjoi.py\", line 16, in <module>\n    test_check()\n  File \"/tmp/tmpawddrjoi.py\", line 14, in test_check\n    check(otherside_rightangle)\n  File \"/tmp/tmpawddrjoi.py\", line 9, in check\n    assert candidate(7, 8) == 10.63014581273465\n  File \"/tmp/tmpawddrjoi.py\", line 5, in otherside_rightangle\n    return math.sqrt(w ** 2 + h ** 2)\nNameError: name 'math' is not defined\n",
      "exit_code": 1,
      "status": "Exception"
    },
    {
      "program": "def otherside_rightangle(w: int, h: int) -> float:\n    \"\"\"\n\tWrite a function to find the third side of a right angled triangle.\n\t\"\"\"\n    return math.sqrt(w ** 2 + h ** 2)\n\n\ndef check(candidate):\n    assert candidate(7, 8) == 10.63014581273465\n    assert candidate(3, 4) == 5\n    assert candidate(7, 15) == 16.55294535724685\n\ndef test_check():\n    check(otherside_rightangle)\n\ntest_check()\n",
      "timestamp": 1665517474,
      "stdout": "",
      "stderr": "Traceback (most recent call last):\n  File \"/tmp/tmpawddrjoi.py\", line 16, in <module>\n    test_check()\n  File \"/tmp/tmpawddrjoi.py\", line 14, in test_check\n    check(otherside_rightangle)\n  File \"/tmp/tmpawddrjoi.py\", line 9, in check\n    assert candidate(7, 8) == 10.63014581273465\n  File \"/tmp/tmpawddrjoi.py\", line 5, in otherside_rightangle\n    return math.sqrt(w ** 2 + h ** 2)\nNameError: name 'math' is not defined\n",
      "exit_code": 1,
      "status": "Exception"
    },
    {
      "program": "def otherside_rightangle(w: int, h: int) -> float:\n    \"\"\"\n\tWrite a function to find the third side of a right angled triangle.\n\t\"\"\"\n    return math.sqrt(w ** 2 + h ** 2)\n\n\ndef check(candidate):\n    assert candidate(7, 8) == 10.63014581273465\n    assert candidate(3, 4) == 5\n    assert candidate(7, 15) == 16.55294535724685\n\ndef test_check():\n    check(otherside_rightangle)\n\ntest_check()\n",
      "timestamp": 1665517474,
      "stdout": "",
      "stderr": "Traceback (most recent call last):\n  File \"/tmp/tmpawddrjoi.py\", line 16, in <module>\n    test_check()\n  File \"/tmp/tmpawddrjoi.py\", line 14, in test_check\n    check(otherside_rightangle)\n  File \"/tmp/tmpawddrjoi.py\", line 9, in check\n    assert candidate(7, 8) == 10.63014581273465\n  File \"/tmp/tmpawddrjoi.py\", line 5, in otherside_rightangle\n    return math.sqrt(w ** 2 + h ** 2)\nNameError: name 'math' is not defined\n",
      "exit_code": 1,
      "status": "Exception"
    },
    {
      "program": "def otherside_rightangle(w: int, h: int) -> float:\n    \"\"\"\n\tWrite a function to find the third side of a right angled triangle.\n\t\"\"\"\n    return math.sqrt(w ** 2 + h ** 2)\n\n\ndef check(candidate):\n    assert candidate(7, 8) == 10.63014581273465\n    assert candidate(3, 4) == 5\n    assert candidate(7, 15) == 16.55294535724685\n\ndef test_check():\n    check(otherside_rightangle)\n\ntest_check()\n",
      "timestamp": 1665517474,
      "stdout": "",
      "stderr": "Traceback (most recent call last):\n  File \"/tmp/tmpawddrjoi.py\", line 16, in <module>\n    test_check()\n  File \"/tmp/tmpawddrjoi.py\", line 14, in test_check\n    check(otherside_rightangle)\n  File \"/tmp/tmpawddrjoi.py\", line 9, in check\n    assert candidate(7, 8) == 10.63014581273465\n  File \"/tmp/tmpawddrjoi.py\", line 5, in otherside_rightangle\n    return math.sqrt(w ** 2 + h ** 2)\nNameError: name 'math' is not defined\n",
      "exit_code": 1,
      "status": "Exception"
    },
    {
      "program": "def otherside_rightangle(w: int, h: int) -> float:\n    \"\"\"\n\tWrite a function to find the third side of a right angled triangle.\n\t\"\"\"\n    return sqrt(w ** 2 + h ** 2)\n\n\ndef check(candidate):\n    assert candidate(7, 8) == 10.63014581273465\n    assert candidate(3, 4) == 5\n    assert candidate(7, 15) == 16.55294535724685\n\ndef test_check():\n    check(otherside_rightangle)\n\ntest_check()\n",
      "timestamp": 1666123516,
      "stdout": "",
      "stderr": "Traceback (most recent call last):\n  File \"/tmp/tmp2yast1d7.py\", line 16, in <module>\n    test_check()\n  File \"/tmp/tmp2yast1d7.py\", line 14, in test_check\n    check(otherside_rightangle)\n  File \"/tmp/tmp2yast1d7.py\", line 9, in check\n    assert candidate(7, 8) == 10.63014581273465\n  File \"/tmp/tmp2yast1d7.py\", line 5, in otherside_rightangle\n    return sqrt(w ** 2 + h ** 2)\nNameError: name 'sqrt' is not defined\n",
      "exit_code": 1,
      "status": "Exception"
    },
    {
      "program": "def otherside_rightangle(w: int, h: int) -> float:\n    \"\"\"\n\tWrite a function to find the third side of a right angled triangle.\n\t\"\"\"\n    return math.sqrt(w ** 2 + h ** 2)\n\n\ndef check(candidate):\n    assert candidate(7, 8) == 10.63014581273465\n    assert candidate(3, 4) == 5\n    assert candidate(7, 15) == 16.55294535724685\n\ndef test_check():\n    check(otherside_rightangle)\n\ntest_check()\n",
      "timestamp": 1665517474,
      "stdout": "",
      "stderr": "Traceback (most recent call last):\n  File \"/tmp/tmpawddrjoi.py\", line 16, in <module>\n    test_check()\n  File \"/tmp/tmpawddrjoi.py\", line 14, in test_check\n    check(otherside_rightangle)\n  File \"/tmp/tmpawddrjoi.py\", line 9, in check\n    assert candidate(7, 8) == 10.63014581273465\n  File \"/tmp/tmpawddrjoi.py\", line 5, in otherside_rightangle\n    return math.sqrt(w ** 2 + h ** 2)\nNameError: name 'math' is not defined\n",
      "exit_code": 1,
      "status": "Exception"
    },
    {
      "program": "def otherside_rightangle(w: int, h: int) -> float:\n    \"\"\"\n\tWrite a function to find the third side of a right angled triangle.\n\t\"\"\"\n    return math.sqrt(w ** 2 + h ** 2)\n\n\ndef check(candidate):\n    assert candidate(7, 8) == 10.63014581273465\n    assert candidate(3, 4) == 5\n    assert candidate(7, 15) == 16.55294535724685\n\ndef test_check():\n    check(otherside_rightangle)\n\ntest_check()\n",
      "timestamp": 1665517474,
      "stdout": "",
      "stderr": "Traceback (most recent call last):\n  File \"/tmp/tmpawddrjoi.py\", line 16, in <module>\n    test_check()\n  File \"/tmp/tmpawddrjoi.py\", line 14, in test_check\n    check(otherside_rightangle)\n  File \"/tmp/tmpawddrjoi.py\", line 9, in check\n    assert candidate(7, 8) == 10.63014581273465\n  File \"/tmp/tmpawddrjoi.py\", line 5, in otherside_rightangle\n    return math.sqrt(w ** 2 + h ** 2)\nNameError: name 'math' is not defined\n",
      "exit_code": 1,
      "status": "Exception"
    },
    {
      "program": "def otherside_rightangle(w: int, h: int) -> float:\n    \"\"\"\n\tWrite a function to find the third side of a right angled triangle.\n\t\"\"\"\n    return math.sqrt(w ** 2 + h ** 2)\n\n\ndef check(candidate):\n    assert candidate(7, 8) == 10.63014581273465\n    assert candidate(3, 4) == 5\n    assert candidate(7, 15) == 16.55294535724685\n\ndef test_check():\n    check(otherside_rightangle)\n\ntest_check()\n",
      "timestamp": 1665517474,
      "stdout": "",
      "stderr": "Traceback (most recent call last):\n  File \"/tmp/tmpawddrjoi.py\", line 16, in <module>\n    test_check()\n  File \"/tmp/tmpawddrjoi.py\", line 14, in test_check\n    check(otherside_rightangle)\n  File \"/tmp/tmpawddrjoi.py\", line 9, in check\n    assert candidate(7, 8) == 10.63014581273465\n  File \"/tmp/tmpawddrjoi.py\", line 5, in otherside_rightangle\n    return math.sqrt(w ** 2 + h ** 2)\nNameError: name 'math' is not defined\n",
      "exit_code": 1,
      "status": "Exception"
    },
    {
      "program": "def otherside_rightangle(w: int, h: int) -> float:\n    \"\"\"\n\tWrite a function to find the third side of a right angled triangle.\n\t\"\"\"\n    return math.sqrt(w ** 2 + h ** 2)\n\n\ndef check(candidate):\n    assert candidate(7, 8) == 10.63014581273465\n    assert candidate(3, 4) == 5\n    assert candidate(7, 15) == 16.55294535724685\n\ndef test_check():\n    check(otherside_rightangle)\n\ntest_check()\n",
      "timestamp": 1665517474,
      "stdout": "",
      "stderr": "Traceback (most recent call last):\n  File \"/tmp/tmpawddrjoi.py\", line 16, in <module>\n    test_check()\n  File \"/tmp/tmpawddrjoi.py\", line 14, in test_check\n    check(otherside_rightangle)\n  File \"/tmp/tmpawddrjoi.py\", line 9, in check\n    assert candidate(7, 8) == 10.63014581273465\n  File \"/tmp/tmpawddrjoi.py\", line 5, in otherside_rightangle\n    return math.sqrt(w ** 2 + h ** 2)\nNameError: name 'math' is not defined\n",
      "exit_code": 1,
      "status": "Exception"
    },
    {
      "program": "def otherside_rightangle(w: int, h: int) -> float:\n    \"\"\"\n\tWrite a function to find the third side of a right angled triangle.\n\t\"\"\"\n    return math.sqrt(w ** 2 + h ** 2)\n\n\ndef check(candidate):\n    assert candidate(7, 8) == 10.63014581273465\n    assert candidate(3, 4) == 5\n    assert candidate(7, 15) == 16.55294535724685\n\ndef test_check():\n    check(otherside_rightangle)\n\ntest_check()\n",
      "timestamp": 1665517474,
      "stdout": "",
      "stderr": "Traceback (most recent call last):\n  File \"/tmp/tmpawddrjoi.py\", line 16, in <module>\n    test_check()\n  File \"/tmp/tmpawddrjoi.py\", line 14, in test_check\n    check(otherside_rightangle)\n  File \"/tmp/tmpawddrjoi.py\", line 9, in check\n    assert candidate(7, 8) == 10.63014581273465\n  File \"/tmp/tmpawddrjoi.py\", line 5, in otherside_rightangle\n    return math.sqrt(w ** 2 + h ** 2)\nNameError: name 'math' is not defined\n",
      "exit_code": 1,
      "status": "Exception"
    }
  ]
}