{
  "name": "mbpp_267_square_Sum",
  "language": "py",
  "prompt": "def square_Sum(n: int) -> int:\n    \"\"\"\n\tWrite a python function that takes in an integer n and returns the sum of the squares of the first n odd natural numbers.\n\t\"\"\"\n",
  "doctests": "keep",
  "original": "/home/arjun/repos/MultiPL-E/datasets/../datasets/mbpp-typed/mbpp_267_square_Sum.py",
  "prompt_terminology": "verbatim",
  "tests": "def check(candidate):\n    assert candidate(2) == 10\n    assert candidate(3) == 35\n    assert candidate(4) == 84\n\ndef test_check():\n    check(square_Sum)\n\ntest_check()\n",
  "stop_tokens": [
    "\ndef",
    "\n#",
    "\nif",
    "\nclass"
  ],
  "results": [
    {
      "program": "def square_Sum(n: int) -> int:\n    \"\"\"\n\tWrite a python function that takes in an integer n and returns the sum of the squares of the first n odd natural numbers.\n\t\"\"\"\n    return sum(i ** 2 for i in range(1, n + 1, 2))\n\n\ndef check(candidate):\n    assert candidate(2) == 10\n    assert candidate(3) == 35\n    assert candidate(4) == 84\n\ndef test_check():\n    check(square_Sum)\n\ntest_check()\n",
      "timestamp": 1665510369,
      "stdout": "",
      "stderr": "Traceback (most recent call last):\n  File \"/tmp/tmp262u8uep.py\", line 16, in <module>\n    test_check()\n  File \"/tmp/tmp262u8uep.py\", line 14, in test_check\n    check(square_Sum)\n  File \"/tmp/tmp262u8uep.py\", line 9, in check\n    assert candidate(2) == 10\nAssertionError\n",
      "exit_code": 1,
      "status": "Exception"
    },
    {
      "program": "def square_Sum(n: int) -> int:\n    \"\"\"\n\tWrite a python function that takes in an integer n and returns the sum of the squares of the first n odd natural numbers.\n\t\"\"\"\n    return sum(i ** 2 for i in range(1, n + 1, 2))\n\n\ndef check(candidate):\n    assert candidate(2) == 10\n    assert candidate(3) == 35\n    assert candidate(4) == 84\n\ndef test_check():\n    check(square_Sum)\n\ntest_check()\n",
      "timestamp": 1665510369,
      "stdout": "",
      "stderr": "Traceback (most recent call last):\n  File \"/tmp/tmp262u8uep.py\", line 16, in <module>\n    test_check()\n  File \"/tmp/tmp262u8uep.py\", line 14, in test_check\n    check(square_Sum)\n  File \"/tmp/tmp262u8uep.py\", line 9, in check\n    assert candidate(2) == 10\nAssertionError\n",
      "exit_code": 1,
      "status": "Exception"
    },
    {
      "program": "def square_Sum(n: int) -> int:\n    \"\"\"\n\tWrite a python function that takes in an integer n and returns the sum of the squares of the first n odd natural numbers.\n\t\"\"\"\n    return sum(i ** 2 for i in range(1, n + 1, 2))\n\n\ndef check(candidate):\n    assert candidate(2) == 10\n    assert candidate(3) == 35\n    assert candidate(4) == 84\n\ndef test_check():\n    check(square_Sum)\n\ntest_check()\n",
      "timestamp": 1665510369,
      "stdout": "",
      "stderr": "Traceback (most recent call last):\n  File \"/tmp/tmp262u8uep.py\", line 16, in <module>\n    test_check()\n  File \"/tmp/tmp262u8uep.py\", line 14, in test_check\n    check(square_Sum)\n  File \"/tmp/tmp262u8uep.py\", line 9, in check\n    assert candidate(2) == 10\nAssertionError\n",
      "exit_code": 1,
      "status": "Exception"
    },
    {
      "program": "def square_Sum(n: int) -> int:\n    \"\"\"\n\tWrite a python function that takes in an integer n and returns the sum of the squares of the first n odd natural numbers.\n\t\"\"\"\n    return sum([i ** 2 for i in range(1, n * 2, 2)])\n\n\ndef check(candidate):\n    assert candidate(2) == 10\n    assert candidate(3) == 35\n    assert candidate(4) == 84\n\ndef test_check():\n    check(square_Sum)\n\ntest_check()\n",
      "timestamp": 1665510369,
      "stdout": "",
      "stderr": "",
      "exit_code": 0,
      "status": "OK"
    },
    {
      "program": "def square_Sum(n: int) -> int:\n    \"\"\"\n\tWrite a python function that takes in an integer n and returns the sum of the squares of the first n odd natural numbers.\n\t\"\"\"\n    return sum([i ** 2 for i in range(1, n * 2, 2)])\n\n\ndef check(candidate):\n    assert candidate(2) == 10\n    assert candidate(3) == 35\n    assert candidate(4) == 84\n\ndef test_check():\n    check(square_Sum)\n\ntest_check()\n",
      "timestamp": 1665510369,
      "stdout": "",
      "stderr": "",
      "exit_code": 0,
      "status": "OK"
    },
    {
      "program": "def square_Sum(n: int) -> int:\n    \"\"\"\n\tWrite a python function that takes in an integer n and returns the sum of the squares of the first n odd natural numbers.\n\t\"\"\"\n    return sum([i ** 2 for i in range(1, n * 2, 2)])\n\n\ndef check(candidate):\n    assert candidate(2) == 10\n    assert candidate(3) == 35\n    assert candidate(4) == 84\n\ndef test_check():\n    check(square_Sum)\n\ntest_check()\n",
      "timestamp": 1665510369,
      "stdout": "",
      "stderr": "",
      "exit_code": 0,
      "status": "OK"
    },
    {
      "program": "def square_Sum(n: int) -> int:\n    \"\"\"\n\tWrite a python function that takes in an integer n and returns the sum of the squares of the first n odd natural numbers.\n\t\"\"\"\n    return sum([i ** 2 for i in range(1, n * 2, 2)])\n\n\ndef check(candidate):\n    assert candidate(2) == 10\n    assert candidate(3) == 35\n    assert candidate(4) == 84\n\ndef test_check():\n    check(square_Sum)\n\ntest_check()\n",
      "timestamp": 1665510369,
      "stdout": "",
      "stderr": "",
      "exit_code": 0,
      "status": "OK"
    },
    {
      "program": "def square_Sum(n: int) -> int:\n    \"\"\"\n\tWrite a python function that takes in an integer n and returns the sum of the squares of the first n odd natural numbers.\n\t\"\"\"\n    return sum([i ** 2 for i in range(1, n * 2, 2)])\n\n\ndef check(candidate):\n    assert candidate(2) == 10\n    assert candidate(3) == 35\n    assert candidate(4) == 84\n\ndef test_check():\n    check(square_Sum)\n\ntest_check()\n",
      "timestamp": 1665510369,
      "stdout": "",
      "stderr": "",
      "exit_code": 0,
      "status": "OK"
    },
    {
      "program": "def square_Sum(n: int) -> int:\n    \"\"\"\n\tWrite a python function that takes in an integer n and returns the sum of the squares of the first n odd natural numbers.\n\t\"\"\"\n    return sum(i ** 2 for i in range(1, n + 1) if i % 2 != 0)\n\n\ndef check(candidate):\n    assert candidate(2) == 10\n    assert candidate(3) == 35\n    assert candidate(4) == 84\n\ndef test_check():\n    check(square_Sum)\n\ntest_check()\n",
      "timestamp": 1665510369,
      "stdout": "",
      "stderr": "Traceback (most recent call last):\n  File \"/tmp/tmpus3z_qzj.py\", line 16, in <module>\n    test_check()\n  File \"/tmp/tmpus3z_qzj.py\", line 14, in test_check\n    check(square_Sum)\n  File \"/tmp/tmpus3z_qzj.py\", line 9, in check\n    assert candidate(2) == 10\nAssertionError\n",
      "exit_code": 1,
      "status": "Exception"
    },
    {
      "program": "def square_Sum(n: int) -> int:\n    \"\"\"\n\tWrite a python function that takes in an integer n and returns the sum of the squares of the first n odd natural numbers.\n\t\"\"\"\n    return sum(i ** 2 for i in range(1, n + 1, 2))\n\n\ndef check(candidate):\n    assert candidate(2) == 10\n    assert candidate(3) == 35\n    assert candidate(4) == 84\n\ndef test_check():\n    check(square_Sum)\n\ntest_check()\n",
      "timestamp": 1665510369,
      "stdout": "",
      "stderr": "Traceback (most recent call last):\n  File \"/tmp/tmp262u8uep.py\", line 16, in <module>\n    test_check()\n  File \"/tmp/tmp262u8uep.py\", line 14, in test_check\n    check(square_Sum)\n  File \"/tmp/tmp262u8uep.py\", line 9, in check\n    assert candidate(2) == 10\nAssertionError\n",
      "exit_code": 1,
      "status": "Exception"
    },
    {
      "program": "def square_Sum(n: int) -> int:\n    \"\"\"\n\tWrite a python function that takes in an integer n and returns the sum of the squares of the first n odd natural numbers.\n\t\"\"\"\n    return sum(i ** 2 for i in range(1, n + 1, 2))\n\n\ndef check(candidate):\n    assert candidate(2) == 10\n    assert candidate(3) == 35\n    assert candidate(4) == 84\n\ndef test_check():\n    check(square_Sum)\n\ntest_check()\n",
      "timestamp": 1665510369,
      "stdout": "",
      "stderr": "Traceback (most recent call last):\n  File \"/tmp/tmp262u8uep.py\", line 16, in <module>\n    test_check()\n  File \"/tmp/tmp262u8uep.py\", line 14, in test_check\n    check(square_Sum)\n  File \"/tmp/tmp262u8uep.py\", line 9, in check\n    assert candidate(2) == 10\nAssertionError\n",
      "exit_code": 1,
      "status": "Exception"
    },
    {
      "program": "def square_Sum(n: int) -> int:\n    \"\"\"\n\tWrite a python function that takes in an integer n and returns the sum of the squares of the first n odd natural numbers.\n\t\"\"\"\n    return sum([i**2 for i in range(1, n*2, 2)])\n\n\ndef check(candidate):\n    assert candidate(2) == 10\n    assert candidate(3) == 35\n    assert candidate(4) == 84\n\ndef test_check():\n    check(square_Sum)\n\ntest_check()\n",
      "timestamp": 1665510369,
      "stdout": "",
      "stderr": "",
      "exit_code": 0,
      "status": "OK"
    },
    {
      "program": "def square_Sum(n: int) -> int:\n    \"\"\"\n\tWrite a python function that takes in an integer n and returns the sum of the squares of the first n odd natural numbers.\n\t\"\"\"\n    return sum(map(lambda x: x ** 2, range(1, n * 2, 2)))\n\n\ndef check(candidate):\n    assert candidate(2) == 10\n    assert candidate(3) == 35\n    assert candidate(4) == 84\n\ndef test_check():\n    check(square_Sum)\n\ntest_check()\n",
      "timestamp": 1665510369,
      "stdout": "",
      "stderr": "",
      "exit_code": 0,
      "status": "OK"
    },
    {
      "program": "def square_Sum(n: int) -> int:\n    \"\"\"\n\tWrite a python function that takes in an integer n and returns the sum of the squares of the first n odd natural numbers.\n\t\"\"\"\n    return sum([i ** 2 for i in range(1, n * 2, 2)])\n\n\ndef check(candidate):\n    assert candidate(2) == 10\n    assert candidate(3) == 35\n    assert candidate(4) == 84\n\ndef test_check():\n    check(square_Sum)\n\ntest_check()\n",
      "timestamp": 1665510369,
      "stdout": "",
      "stderr": "",
      "exit_code": 0,
      "status": "OK"
    },
    {
      "program": "def square_Sum(n: int) -> int:\n    \"\"\"\n\tWrite a python function that takes in an integer n and returns the sum of the squares of the first n odd natural numbers.\n\t\"\"\"\n    return sum(i ** 2 for i in range(1, n * 2, 2))\n\n\ndef check(candidate):\n    assert candidate(2) == 10\n    assert candidate(3) == 35\n    assert candidate(4) == 84\n\ndef test_check():\n    check(square_Sum)\n\ntest_check()\n",
      "timestamp": 1665510369,
      "stdout": "",
      "stderr": "",
      "exit_code": 0,
      "status": "OK"
    },
    {
      "program": "def square_Sum(n: int) -> int:\n    \"\"\"\n\tWrite a python function that takes in an integer n and returns the sum of the squares of the first n odd natural numbers.\n\t\"\"\"\n    return sum(i ** 2 for i in range(1, n + 1, 2))\n\n\ndef check(candidate):\n    assert candidate(2) == 10\n    assert candidate(3) == 35\n    assert candidate(4) == 84\n\ndef test_check():\n    check(square_Sum)\n\ntest_check()\n",
      "timestamp": 1665510369,
      "stdout": "",
      "stderr": "Traceback (most recent call last):\n  File \"/tmp/tmp262u8uep.py\", line 16, in <module>\n    test_check()\n  File \"/tmp/tmp262u8uep.py\", line 14, in test_check\n    check(square_Sum)\n  File \"/tmp/tmp262u8uep.py\", line 9, in check\n    assert candidate(2) == 10\nAssertionError\n",
      "exit_code": 1,
      "status": "Exception"
    },
    {
      "program": "def square_Sum(n: int) -> int:\n    \"\"\"\n\tWrite a python function that takes in an integer n and returns the sum of the squares of the first n odd natural numbers.\n\t\"\"\"\n    return sum([i ** 2 for i in range(1, n * 2, 2)])\n\n\ndef check(candidate):\n    assert candidate(2) == 10\n    assert candidate(3) == 35\n    assert candidate(4) == 84\n\ndef test_check():\n    check(square_Sum)\n\ntest_check()\n",
      "timestamp": 1665510369,
      "stdout": "",
      "stderr": "",
      "exit_code": 0,
      "status": "OK"
    },
    {
      "program": "def square_Sum(n: int) -> int:\n    \"\"\"\n\tWrite a python function that takes in an integer n and returns the sum of the squares of the first n odd natural numbers.\n\t\"\"\"\n    return sum(i ** 2 for i in range(1, n * 2, 2))\n\n\ndef check(candidate):\n    assert candidate(2) == 10\n    assert candidate(3) == 35\n    assert candidate(4) == 84\n\ndef test_check():\n    check(square_Sum)\n\ntest_check()\n",
      "timestamp": 1665510369,
      "stdout": "",
      "stderr": "",
      "exit_code": 0,
      "status": "OK"
    },
    {
      "program": "def square_Sum(n: int) -> int:\n    \"\"\"\n\tWrite a python function that takes in an integer n and returns the sum of the squares of the first n odd natural numbers.\n\t\"\"\"\n    return sum(i ** 2 for i in range(1, n * 2, 2))\n\n\ndef check(candidate):\n    assert candidate(2) == 10\n    assert candidate(3) == 35\n    assert candidate(4) == 84\n\ndef test_check():\n    check(square_Sum)\n\ntest_check()\n",
      "timestamp": 1665510369,
      "stdout": "",
      "stderr": "",
      "exit_code": 0,
      "status": "OK"
    },
    {
      "program": "def square_Sum(n: int) -> int:\n    \"\"\"\n\tWrite a python function that takes in an integer n and returns the sum of the squares of the first n odd natural numbers.\n\t\"\"\"\n    return sum([i ** 2 for i in range(1, n * 2, 2)])\n\n\ndef check(candidate):\n    assert candidate(2) == 10\n    assert candidate(3) == 35\n    assert candidate(4) == 84\n\ndef test_check():\n    check(square_Sum)\n\ntest_check()\n",
      "timestamp": 1665510369,
      "stdout": "",
      "stderr": "",
      "exit_code": 0,
      "status": "OK"
    },
    {
      "program": "def square_Sum(n: int) -> int:\n    \"\"\"\n\tWrite a python function that takes in an integer n and returns the sum of the squares of the first n odd natural numbers.\n\t\"\"\"\n    return sum(i ** 2 for i in range(1, n + 1) if i % 2 != 0)\n\n\ndef check(candidate):\n    assert candidate(2) == 10\n    assert candidate(3) == 35\n    assert candidate(4) == 84\n\ndef test_check():\n    check(square_Sum)\n\ntest_check()\n",
      "timestamp": 1665510369,
      "stdout": "",
      "stderr": "Traceback (most recent call last):\n  File \"/tmp/tmpus3z_qzj.py\", line 16, in <module>\n    test_check()\n  File \"/tmp/tmpus3z_qzj.py\", line 14, in test_check\n    check(square_Sum)\n  File \"/tmp/tmpus3z_qzj.py\", line 9, in check\n    assert candidate(2) == 10\nAssertionError\n",
      "exit_code": 1,
      "status": "Exception"
    },
    {
      "program": "def square_Sum(n: int) -> int:\n    \"\"\"\n\tWrite a python function that takes in an integer n and returns the sum of the squares of the first n odd natural numbers.\n\t\"\"\"\n    return sum(i ** 2 for i in range(1, n + 1, 2))\n\n\ndef check(candidate):\n    assert candidate(2) == 10\n    assert candidate(3) == 35\n    assert candidate(4) == 84\n\ndef test_check():\n    check(square_Sum)\n\ntest_check()\n",
      "timestamp": 1665510369,
      "stdout": "",
      "stderr": "Traceback (most recent call last):\n  File \"/tmp/tmp262u8uep.py\", line 16, in <module>\n    test_check()\n  File \"/tmp/tmp262u8uep.py\", line 14, in test_check\n    check(square_Sum)\n  File \"/tmp/tmp262u8uep.py\", line 9, in check\n    assert candidate(2) == 10\nAssertionError\n",
      "exit_code": 1,
      "status": "Exception"
    },
    {
      "program": "def square_Sum(n: int) -> int:\n    \"\"\"\n\tWrite a python function that takes in an integer n and returns the sum of the squares of the first n odd natural numbers.\n\t\"\"\"\n    return sum([i ** 2 for i in range(1, n * 2, 2)])\n\n\ndef check(candidate):\n    assert candidate(2) == 10\n    assert candidate(3) == 35\n    assert candidate(4) == 84\n\ndef test_check():\n    check(square_Sum)\n\ntest_check()\n",
      "timestamp": 1665510369,
      "stdout": "",
      "stderr": "",
      "exit_code": 0,
      "status": "OK"
    },
    {
      "program": "def square_Sum(n: int) -> int:\n    \"\"\"\n\tWrite a python function that takes in an integer n and returns the sum of the squares of the first n odd natural numbers.\n\t\"\"\"\n    return sum([i ** 2 for i in range(1, n * 2, 2)])\n\n\ndef check(candidate):\n    assert candidate(2) == 10\n    assert candidate(3) == 35\n    assert candidate(4) == 84\n\ndef test_check():\n    check(square_Sum)\n\ntest_check()\n",
      "timestamp": 1665510369,
      "stdout": "",
      "stderr": "",
      "exit_code": 0,
      "status": "OK"
    },
    {
      "program": "def square_Sum(n: int) -> int:\n    \"\"\"\n\tWrite a python function that takes in an integer n and returns the sum of the squares of the first n odd natural numbers.\n\t\"\"\"\n    return sum(i ** 2 for i in range(1, n * 2, 2))\n\n\ndef check(candidate):\n    assert candidate(2) == 10\n    assert candidate(3) == 35\n    assert candidate(4) == 84\n\ndef test_check():\n    check(square_Sum)\n\ntest_check()\n",
      "timestamp": 1665510369,
      "stdout": "",
      "stderr": "",
      "exit_code": 0,
      "status": "OK"
    },
    {
      "program": "def square_Sum(n: int) -> int:\n    \"\"\"\n\tWrite a python function that takes in an integer n and returns the sum of the squares of the first n odd natural numbers.\n\t\"\"\"\n    return sum(i ** 2 for i in range(1, n + 1, 2))\n\n\ndef check(candidate):\n    assert candidate(2) == 10\n    assert candidate(3) == 35\n    assert candidate(4) == 84\n\ndef test_check():\n    check(square_Sum)\n\ntest_check()\n",
      "timestamp": 1665510369,
      "stdout": "",
      "stderr": "Traceback (most recent call last):\n  File \"/tmp/tmp262u8uep.py\", line 16, in <module>\n    test_check()\n  File \"/tmp/tmp262u8uep.py\", line 14, in test_check\n    check(square_Sum)\n  File \"/tmp/tmp262u8uep.py\", line 9, in check\n    assert candidate(2) == 10\nAssertionError\n",
      "exit_code": 1,
      "status": "Exception"
    },
    {
      "program": "def square_Sum(n: int) -> int:\n    \"\"\"\n\tWrite a python function that takes in an integer n and returns the sum of the squares of the first n odd natural numbers.\n\t\"\"\"\n    return sum(i ** 2 for i in range(1, n + 1, 2))\n\n\ndef check(candidate):\n    assert candidate(2) == 10\n    assert candidate(3) == 35\n    assert candidate(4) == 84\n\ndef test_check():\n    check(square_Sum)\n\ntest_check()\n",
      "timestamp": 1665510369,
      "stdout": "",
      "stderr": "Traceback (most recent call last):\n  File \"/tmp/tmp262u8uep.py\", line 16, in <module>\n    test_check()\n  File \"/tmp/tmp262u8uep.py\", line 14, in test_check\n    check(square_Sum)\n  File \"/tmp/tmp262u8uep.py\", line 9, in check\n    assert candidate(2) == 10\nAssertionError\n",
      "exit_code": 1,
      "status": "Exception"
    },
    {
      "program": "def square_Sum(n: int) -> int:\n    \"\"\"\n\tWrite a python function that takes in an integer n and returns the sum of the squares of the first n odd natural numbers.\n\t\"\"\"\n    return sum([i ** 2 for i in range(1, n * 2, 2)])\n\n\ndef check(candidate):\n    assert candidate(2) == 10\n    assert candidate(3) == 35\n    assert candidate(4) == 84\n\ndef test_check():\n    check(square_Sum)\n\ntest_check()\n",
      "timestamp": 1665510369,
      "stdout": "",
      "stderr": "",
      "exit_code": 0,
      "status": "OK"
    },
    {
      "program": "def square_Sum(n: int) -> int:\n    \"\"\"\n\tWrite a python function that takes in an integer n and returns the sum of the squares of the first n odd natural numbers.\n\t\"\"\"\n    return sum(i ** 2 for i in range(1, n + 1, 2))\n\n\ndef check(candidate):\n    assert candidate(2) == 10\n    assert candidate(3) == 35\n    assert candidate(4) == 84\n\ndef test_check():\n    check(square_Sum)\n\ntest_check()\n",
      "timestamp": 1665510369,
      "stdout": "",
      "stderr": "Traceback (most recent call last):\n  File \"/tmp/tmp262u8uep.py\", line 16, in <module>\n    test_check()\n  File \"/tmp/tmp262u8uep.py\", line 14, in test_check\n    check(square_Sum)\n  File \"/tmp/tmp262u8uep.py\", line 9, in check\n    assert candidate(2) == 10\nAssertionError\n",
      "exit_code": 1,
      "status": "Exception"
    },
    {
      "program": "def square_Sum(n: int) -> int:\n    \"\"\"\n\tWrite a python function that takes in an integer n and returns the sum of the squares of the first n odd natural numbers.\n\t\"\"\"\n    return sum(x ** 2 for x in range(1, n + 1, 2))\n\n\ndef check(candidate):\n    assert candidate(2) == 10\n    assert candidate(3) == 35\n    assert candidate(4) == 84\n\ndef test_check():\n    check(square_Sum)\n\ntest_check()\n",
      "timestamp": 1666122935,
      "stdout": "",
      "stderr": "Traceback (most recent call last):\n  File \"/tmp/tmpcpn0fw29.py\", line 16, in <module>\n    test_check()\n  File \"/tmp/tmpcpn0fw29.py\", line 14, in test_check\n    check(square_Sum)\n  File \"/tmp/tmpcpn0fw29.py\", line 9, in check\n    assert candidate(2) == 10\nAssertionError\n",
      "exit_code": 1,
      "status": "Exception"
    },
    {
      "program": "def square_Sum(n: int) -> int:\n    \"\"\"\n\tWrite a python function that takes in an integer n and returns the sum of the squares of the first n odd natural numbers.\n\t\"\"\"\n    return sum([i ** 2 for i in range(1, n * 2, 2)])\n\n\ndef check(candidate):\n    assert candidate(2) == 10\n    assert candidate(3) == 35\n    assert candidate(4) == 84\n\ndef test_check():\n    check(square_Sum)\n\ntest_check()\n",
      "timestamp": 1665510369,
      "stdout": "",
      "stderr": "",
      "exit_code": 0,
      "status": "OK"
    },
    {
      "program": "def square_Sum(n: int) -> int:\n    \"\"\"\n\tWrite a python function that takes in an integer n and returns the sum of the squares of the first n odd natural numbers.\n\t\"\"\"\n    return sum([i ** 2 for i in range(1, n * 2, 2)])\n\n\ndef check(candidate):\n    assert candidate(2) == 10\n    assert candidate(3) == 35\n    assert candidate(4) == 84\n\ndef test_check():\n    check(square_Sum)\n\ntest_check()\n",
      "timestamp": 1665510369,
      "stdout": "",
      "stderr": "",
      "exit_code": 0,
      "status": "OK"
    },
    {
      "program": "def square_Sum(n: int) -> int:\n    \"\"\"\n\tWrite a python function that takes in an integer n and returns the sum of the squares of the first n odd natural numbers.\n\t\"\"\"\n    return sum([i ** 2 for i in range(1, n * 2, 2)])\n\n\ndef check(candidate):\n    assert candidate(2) == 10\n    assert candidate(3) == 35\n    assert candidate(4) == 84\n\ndef test_check():\n    check(square_Sum)\n\ntest_check()\n",
      "timestamp": 1665510369,
      "stdout": "",
      "stderr": "",
      "exit_code": 0,
      "status": "OK"
    },
    {
      "program": "def square_Sum(n: int) -> int:\n    \"\"\"\n\tWrite a python function that takes in an integer n and returns the sum of the squares of the first n odd natural numbers.\n\t\"\"\"\n    return sum(i ** 2 for i in range(1, n + 1, 2))\n\n\ndef check(candidate):\n    assert candidate(2) == 10\n    assert candidate(3) == 35\n    assert candidate(4) == 84\n\ndef test_check():\n    check(square_Sum)\n\ntest_check()\n",
      "timestamp": 1665510369,
      "stdout": "",
      "stderr": "Traceback (most recent call last):\n  File \"/tmp/tmp262u8uep.py\", line 16, in <module>\n    test_check()\n  File \"/tmp/tmp262u8uep.py\", line 14, in test_check\n    check(square_Sum)\n  File \"/tmp/tmp262u8uep.py\", line 9, in check\n    assert candidate(2) == 10\nAssertionError\n",
      "exit_code": 1,
      "status": "Exception"
    },
    {
      "program": "def square_Sum(n: int) -> int:\n    \"\"\"\n\tWrite a python function that takes in an integer n and returns the sum of the squares of the first n odd natural numbers.\n\t\"\"\"\n    return sum(i ** 2 for i in range(1, n * 2, 2))\n\n\ndef check(candidate):\n    assert candidate(2) == 10\n    assert candidate(3) == 35\n    assert candidate(4) == 84\n\ndef test_check():\n    check(square_Sum)\n\ntest_check()\n",
      "timestamp": 1665510369,
      "stdout": "",
      "stderr": "",
      "exit_code": 0,
      "status": "OK"
    },
    {
      "program": "def square_Sum(n: int) -> int:\n    \"\"\"\n\tWrite a python function that takes in an integer n and returns the sum of the squares of the first n odd natural numbers.\n\t\"\"\"\n    return sum(i ** 2 for i in range(1, n + 1, 2))\n\n\ndef check(candidate):\n    assert candidate(2) == 10\n    assert candidate(3) == 35\n    assert candidate(4) == 84\n\ndef test_check():\n    check(square_Sum)\n\ntest_check()\n",
      "timestamp": 1665510369,
      "stdout": "",
      "stderr": "Traceback (most recent call last):\n  File \"/tmp/tmp262u8uep.py\", line 16, in <module>\n    test_check()\n  File \"/tmp/tmp262u8uep.py\", line 14, in test_check\n    check(square_Sum)\n  File \"/tmp/tmp262u8uep.py\", line 9, in check\n    assert candidate(2) == 10\nAssertionError\n",
      "exit_code": 1,
      "status": "Exception"
    },
    {
      "program": "def square_Sum(n: int) -> int:\n    \"\"\"\n\tWrite a python function that takes in an integer n and returns the sum of the squares of the first n odd natural numbers.\n\t\"\"\"\n    return sum([i ** 2 for i in range(1, n * 2, 2)])\n\n\ndef check(candidate):\n    assert candidate(2) == 10\n    assert candidate(3) == 35\n    assert candidate(4) == 84\n\ndef test_check():\n    check(square_Sum)\n\ntest_check()\n",
      "timestamp": 1665510369,
      "stdout": "",
      "stderr": "",
      "exit_code": 0,
      "status": "OK"
    },
    {
      "program": "def square_Sum(n: int) -> int:\n    \"\"\"\n\tWrite a python function that takes in an integer n and returns the sum of the squares of the first n odd natural numbers.\n\t\"\"\"\n    return sum([i ** 2 for i in range(1, n * 2, 2)])\n\n\ndef check(candidate):\n    assert candidate(2) == 10\n    assert candidate(3) == 35\n    assert candidate(4) == 84\n\ndef test_check():\n    check(square_Sum)\n\ntest_check()\n",
      "timestamp": 1665510369,
      "stdout": "",
      "stderr": "",
      "exit_code": 0,
      "status": "OK"
    },
    {
      "program": "def square_Sum(n: int) -> int:\n    \"\"\"\n\tWrite a python function that takes in an integer n and returns the sum of the squares of the first n odd natural numbers.\n\t\"\"\"\n    return sum(i ** 2 for i in range(1, n * 2, 2))\n\n\ndef check(candidate):\n    assert candidate(2) == 10\n    assert candidate(3) == 35\n    assert candidate(4) == 84\n\ndef test_check():\n    check(square_Sum)\n\ntest_check()\n",
      "timestamp": 1665510369,
      "stdout": "",
      "stderr": "",
      "exit_code": 0,
      "status": "OK"
    },
    {
      "program": "def square_Sum(n: int) -> int:\n    \"\"\"\n\tWrite a python function that takes in an integer n and returns the sum of the squares of the first n odd natural numbers.\n\t\"\"\"\n    return sum(i ** 2 for i in range(1, n * 2, 2))\n\n\ndef check(candidate):\n    assert candidate(2) == 10\n    assert candidate(3) == 35\n    assert candidate(4) == 84\n\ndef test_check():\n    check(square_Sum)\n\ntest_check()\n",
      "timestamp": 1665510369,
      "stdout": "",
      "stderr": "",
      "exit_code": 0,
      "status": "OK"
    },
    {
      "program": "def square_Sum(n: int) -> int:\n    \"\"\"\n\tWrite a python function that takes in an integer n and returns the sum of the squares of the first n odd natural numbers.\n\t\"\"\"\n    return sum([i ** 2 for i in range(1, n * 2, 2)])\n\n\ndef check(candidate):\n    assert candidate(2) == 10\n    assert candidate(3) == 35\n    assert candidate(4) == 84\n\ndef test_check():\n    check(square_Sum)\n\ntest_check()\n",
      "timestamp": 1665510369,
      "stdout": "",
      "stderr": "",
      "exit_code": 0,
      "status": "OK"
    },
    {
      "program": "def square_Sum(n: int) -> int:\n    \"\"\"\n\tWrite a python function that takes in an integer n and returns the sum of the squares of the first n odd natural numbers.\n\t\"\"\"\n    return sum([i ** 2 for i in range(1, n * 2, 2)])\n\n\ndef check(candidate):\n    assert candidate(2) == 10\n    assert candidate(3) == 35\n    assert candidate(4) == 84\n\ndef test_check():\n    check(square_Sum)\n\ntest_check()\n",
      "timestamp": 1665510369,
      "stdout": "",
      "stderr": "",
      "exit_code": 0,
      "status": "OK"
    },
    {
      "program": "def square_Sum(n: int) -> int:\n    \"\"\"\n\tWrite a python function that takes in an integer n and returns the sum of the squares of the first n odd natural numbers.\n\t\"\"\"\n    return sum([i ** 2 for i in range(1, n * 2, 2)])\n\n\ndef check(candidate):\n    assert candidate(2) == 10\n    assert candidate(3) == 35\n    assert candidate(4) == 84\n\ndef test_check():\n    check(square_Sum)\n\ntest_check()\n",
      "timestamp": 1665510369,
      "stdout": "",
      "stderr": "",
      "exit_code": 0,
      "status": "OK"
    },
    {
      "program": "def square_Sum(n: int) -> int:\n    \"\"\"\n\tWrite a python function that takes in an integer n and returns the sum of the squares of the first n odd natural numbers.\n\t\"\"\"\n    return sum(map(lambda x: x ** 2, range(1, n * 2, 2)))\n\n\ndef check(candidate):\n    assert candidate(2) == 10\n    assert candidate(3) == 35\n    assert candidate(4) == 84\n\ndef test_check():\n    check(square_Sum)\n\ntest_check()\n",
      "timestamp": 1665510369,
      "stdout": "",
      "stderr": "",
      "exit_code": 0,
      "status": "OK"
    },
    {
      "program": "def square_Sum(n: int) -> int:\n    \"\"\"\n\tWrite a python function that takes in an integer n and returns the sum of the squares of the first n odd natural numbers.\n\t\"\"\"\n    return sum([i ** 2 for i in range(1, n * 2, 2)])\n\n\ndef check(candidate):\n    assert candidate(2) == 10\n    assert candidate(3) == 35\n    assert candidate(4) == 84\n\ndef test_check():\n    check(square_Sum)\n\ntest_check()\n",
      "timestamp": 1665510369,
      "stdout": "",
      "stderr": "",
      "exit_code": 0,
      "status": "OK"
    },
    {
      "program": "def square_Sum(n: int) -> int:\n    \"\"\"\n\tWrite a python function that takes in an integer n and returns the sum of the squares of the first n odd natural numbers.\n\t\"\"\"\n    return sum([i ** 2 for i in range(1, n * 2, 2)])\n\n\ndef check(candidate):\n    assert candidate(2) == 10\n    assert candidate(3) == 35\n    assert candidate(4) == 84\n\ndef test_check():\n    check(square_Sum)\n\ntest_check()\n",
      "timestamp": 1665510369,
      "stdout": "",
      "stderr": "",
      "exit_code": 0,
      "status": "OK"
    },
    {
      "program": "def square_Sum(n: int) -> int:\n    \"\"\"\n\tWrite a python function that takes in an integer n and returns the sum of the squares of the first n odd natural numbers.\n\t\"\"\"\n    return sum([i ** 2 for i in range(1, n * 2, 2)])\n\n\ndef check(candidate):\n    assert candidate(2) == 10\n    assert candidate(3) == 35\n    assert candidate(4) == 84\n\ndef test_check():\n    check(square_Sum)\n\ntest_check()\n",
      "timestamp": 1665510369,
      "stdout": "",
      "stderr": "",
      "exit_code": 0,
      "status": "OK"
    },
    {
      "program": "def square_Sum(n: int) -> int:\n    \"\"\"\n\tWrite a python function that takes in an integer n and returns the sum of the squares of the first n odd natural numbers.\n\t\"\"\"\n    if n < 1:\n        return 0\n    return sum(map(lambda x: x ** 2, range(1, n * 2, 2)))\n\n\ndef check(candidate):\n    assert candidate(2) == 10\n    assert candidate(3) == 35\n    assert candidate(4) == 84\n\ndef test_check():\n    check(square_Sum)\n\ntest_check()\n",
      "timestamp": 1666122935,
      "stdout": "",
      "stderr": "",
      "exit_code": 0,
      "status": "OK"
    },
    {
      "program": "def square_Sum(n: int) -> int:\n    \"\"\"\n\tWrite a python function that takes in an integer n and returns the sum of the squares of the first n odd natural numbers.\n\t\"\"\"\n    return sum([i ** 2 for i in range(1, n * 2, 2)])\n\n\ndef check(candidate):\n    assert candidate(2) == 10\n    assert candidate(3) == 35\n    assert candidate(4) == 84\n\ndef test_check():\n    check(square_Sum)\n\ntest_check()\n",
      "timestamp": 1665510369,
      "stdout": "",
      "stderr": "",
      "exit_code": 0,
      "status": "OK"
    },
    {
      "program": "def square_Sum(n: int) -> int:\n    \"\"\"\n\tWrite a python function that takes in an integer n and returns the sum of the squares of the first n odd natural numbers.\n\t\"\"\"\n    return sum([i ** 2 for i in range(1, n * 2, 2)])\n\n\ndef check(candidate):\n    assert candidate(2) == 10\n    assert candidate(3) == 35\n    assert candidate(4) == 84\n\ndef test_check():\n    check(square_Sum)\n\ntest_check()\n",
      "timestamp": 1665510369,
      "stdout": "",
      "stderr": "",
      "exit_code": 0,
      "status": "OK"
    },
    {
      "program": "def square_Sum(n: int) -> int:\n    \"\"\"\n\tWrite a python function that takes in an integer n and returns the sum of the squares of the first n odd natural numbers.\n\t\"\"\"\n    return sum(i ** 2 for i in range(1, n * 2, 2))\n\n\ndef check(candidate):\n    assert candidate(2) == 10\n    assert candidate(3) == 35\n    assert candidate(4) == 84\n\ndef test_check():\n    check(square_Sum)\n\ntest_check()\n",
      "timestamp": 1665510369,
      "stdout": "",
      "stderr": "",
      "exit_code": 0,
      "status": "OK"
    },
    {
      "program": "def square_Sum(n: int) -> int:\n    \"\"\"\n\tWrite a python function that takes in an integer n and returns the sum of the squares of the first n odd natural numbers.\n\t\"\"\"\n    return sum(i ** 2 for i in range(1, n * 2, 2))\n\n\ndef check(candidate):\n    assert candidate(2) == 10\n    assert candidate(3) == 35\n    assert candidate(4) == 84\n\ndef test_check():\n    check(square_Sum)\n\ntest_check()\n",
      "timestamp": 1665510369,
      "stdout": "",
      "stderr": "",
      "exit_code": 0,
      "status": "OK"
    },
    {
      "program": "def square_Sum(n: int) -> int:\n    \"\"\"\n\tWrite a python function that takes in an integer n and returns the sum of the squares of the first n odd natural numbers.\n\t\"\"\"\n    return sum(i ** 2 for i in range(1, n * 2, 2))\n\n\ndef check(candidate):\n    assert candidate(2) == 10\n    assert candidate(3) == 35\n    assert candidate(4) == 84\n\ndef test_check():\n    check(square_Sum)\n\ntest_check()\n",
      "timestamp": 1665510369,
      "stdout": "",
      "stderr": "",
      "exit_code": 0,
      "status": "OK"
    },
    {
      "program": "def square_Sum(n: int) -> int:\n    \"\"\"\n\tWrite a python function that takes in an integer n and returns the sum of the squares of the first n odd natural numbers.\n\t\"\"\"\n    return sum([i ** 2 for i in range(1, n * 2, 2)])\n\n\ndef check(candidate):\n    assert candidate(2) == 10\n    assert candidate(3) == 35\n    assert candidate(4) == 84\n\ndef test_check():\n    check(square_Sum)\n\ntest_check()\n",
      "timestamp": 1665510369,
      "stdout": "",
      "stderr": "",
      "exit_code": 0,
      "status": "OK"
    },
    {
      "program": "def square_Sum(n: int) -> int:\n    \"\"\"\n\tWrite a python function that takes in an integer n and returns the sum of the squares of the first n odd natural numbers.\n\t\"\"\"\n    return sum([x ** 2 for x in range(1, n * 2, 2)])\n\n\ndef check(candidate):\n    assert candidate(2) == 10\n    assert candidate(3) == 35\n    assert candidate(4) == 84\n\ndef test_check():\n    check(square_Sum)\n\ntest_check()\n",
      "timestamp": 1666122934,
      "stdout": "",
      "stderr": "",
      "exit_code": 0,
      "status": "OK"
    },
    {
      "program": "def square_Sum(n: int) -> int:\n    \"\"\"\n\tWrite a python function that takes in an integer n and returns the sum of the squares of the first n odd natural numbers.\n\t\"\"\"\n    return sum([i ** 2 for i in range(1, n * 2, 2)])\n\n\ndef check(candidate):\n    assert candidate(2) == 10\n    assert candidate(3) == 35\n    assert candidate(4) == 84\n\ndef test_check():\n    check(square_Sum)\n\ntest_check()\n",
      "timestamp": 1665510369,
      "stdout": "",
      "stderr": "",
      "exit_code": 0,
      "status": "OK"
    },
    {
      "program": "def square_Sum(n: int) -> int:\n    \"\"\"\n\tWrite a python function that takes in an integer n and returns the sum of the squares of the first n odd natural numbers.\n\t\"\"\"\n    return sum([i ** 2 for i in range(1, n * 2, 2)])\n\n\ndef check(candidate):\n    assert candidate(2) == 10\n    assert candidate(3) == 35\n    assert candidate(4) == 84\n\ndef test_check():\n    check(square_Sum)\n\ntest_check()\n",
      "timestamp": 1665510369,
      "stdout": "",
      "stderr": "",
      "exit_code": 0,
      "status": "OK"
    },
    {
      "program": "def square_Sum(n: int) -> int:\n    \"\"\"\n\tWrite a python function that takes in an integer n and returns the sum of the squares of the first n odd natural numbers.\n\t\"\"\"\n    return sum(i ** 2 for i in range(1, n * 2, 2))\n\n\ndef check(candidate):\n    assert candidate(2) == 10\n    assert candidate(3) == 35\n    assert candidate(4) == 84\n\ndef test_check():\n    check(square_Sum)\n\ntest_check()\n",
      "timestamp": 1665510369,
      "stdout": "",
      "stderr": "",
      "exit_code": 0,
      "status": "OK"
    },
    {
      "program": "def square_Sum(n: int) -> int:\n    \"\"\"\n\tWrite a python function that takes in an integer n and returns the sum of the squares of the first n odd natural numbers.\n\t\"\"\"\n    return sum([i**2 for i in range(1, n*2, 2)])\n\n\ndef check(candidate):\n    assert candidate(2) == 10\n    assert candidate(3) == 35\n    assert candidate(4) == 84\n\ndef test_check():\n    check(square_Sum)\n\ntest_check()\n",
      "timestamp": 1665510369,
      "stdout": "",
      "stderr": "",
      "exit_code": 0,
      "status": "OK"
    },
    {
      "program": "def square_Sum(n: int) -> int:\n    \"\"\"\n\tWrite a python function that takes in an integer n and returns the sum of the squares of the first n odd natural numbers.\n\t\"\"\"\n    if n < 0:\n        return 0\n    return sum(i ** 2 for i in range(1, n * 2, 2))\n\n\ndef check(candidate):\n    assert candidate(2) == 10\n    assert candidate(3) == 35\n    assert candidate(4) == 84\n\ndef test_check():\n    check(square_Sum)\n\ntest_check()\n",
      "timestamp": 1666122934,
      "stdout": "",
      "stderr": "",
      "exit_code": 0,
      "status": "OK"
    },
    {
      "program": "def square_Sum(n: int) -> int:\n    \"\"\"\n\tWrite a python function that takes in an integer n and returns the sum of the squares of the first n odd natural numbers.\n\t\"\"\"\n    return sum(i ** 2 for i in range(1, n + 1, 2))\n\n\ndef check(candidate):\n    assert candidate(2) == 10\n    assert candidate(3) == 35\n    assert candidate(4) == 84\n\ndef test_check():\n    check(square_Sum)\n\ntest_check()\n",
      "timestamp": 1665510369,
      "stdout": "",
      "stderr": "Traceback (most recent call last):\n  File \"/tmp/tmp262u8uep.py\", line 16, in <module>\n    test_check()\n  File \"/tmp/tmp262u8uep.py\", line 14, in test_check\n    check(square_Sum)\n  File \"/tmp/tmp262u8uep.py\", line 9, in check\n    assert candidate(2) == 10\nAssertionError\n",
      "exit_code": 1,
      "status": "Exception"
    },
    {
      "program": "def square_Sum(n: int) -> int:\n    \"\"\"\n\tWrite a python function that takes in an integer n and returns the sum of the squares of the first n odd natural numbers.\n\t\"\"\"\n    return sum(i ** 2 for i in range(1, n * 2, 2))\n\n\ndef check(candidate):\n    assert candidate(2) == 10\n    assert candidate(3) == 35\n    assert candidate(4) == 84\n\ndef test_check():\n    check(square_Sum)\n\ntest_check()\n",
      "timestamp": 1665510369,
      "stdout": "",
      "stderr": "",
      "exit_code": 0,
      "status": "OK"
    },
    {
      "program": "def square_Sum(n: int) -> int:\n    \"\"\"\n\tWrite a python function that takes in an integer n and returns the sum of the squares of the first n odd natural numbers.\n\t\"\"\"\n    return sum(i**2 for i in range(1, n+1, 2))\n\n\ndef check(candidate):\n    assert candidate(2) == 10\n    assert candidate(3) == 35\n    assert candidate(4) == 84\n\ndef test_check():\n    check(square_Sum)\n\ntest_check()\n",
      "timestamp": 1666122935,
      "stdout": "",
      "stderr": "Traceback (most recent call last):\n  File \"/tmp/tmpkupz193i.py\", line 16, in <module>\n    test_check()\n  File \"/tmp/tmpkupz193i.py\", line 14, in test_check\n    check(square_Sum)\n  File \"/tmp/tmpkupz193i.py\", line 9, in check\n    assert candidate(2) == 10\nAssertionError\n",
      "exit_code": 1,
      "status": "Exception"
    },
    {
      "program": "def square_Sum(n: int) -> int:\n    \"\"\"\n\tWrite a python function that takes in an integer n and returns the sum of the squares of the first n odd natural numbers.\n\t\"\"\"\n    return sum(i ** 2 for i in range(1, n + 1, 2))\n\n\ndef check(candidate):\n    assert candidate(2) == 10\n    assert candidate(3) == 35\n    assert candidate(4) == 84\n\ndef test_check():\n    check(square_Sum)\n\ntest_check()\n",
      "timestamp": 1665510369,
      "stdout": "",
      "stderr": "Traceback (most recent call last):\n  File \"/tmp/tmp262u8uep.py\", line 16, in <module>\n    test_check()\n  File \"/tmp/tmp262u8uep.py\", line 14, in test_check\n    check(square_Sum)\n  File \"/tmp/tmp262u8uep.py\", line 9, in check\n    assert candidate(2) == 10\nAssertionError\n",
      "exit_code": 1,
      "status": "Exception"
    },
    {
      "program": "def square_Sum(n: int) -> int:\n    \"\"\"\n\tWrite a python function that takes in an integer n and returns the sum of the squares of the first n odd natural numbers.\n\t\"\"\"\n    return sum([i ** 2 for i in range(1, n * 2, 2)])\n\n\ndef check(candidate):\n    assert candidate(2) == 10\n    assert candidate(3) == 35\n    assert candidate(4) == 84\n\ndef test_check():\n    check(square_Sum)\n\ntest_check()\n",
      "timestamp": 1665510369,
      "stdout": "",
      "stderr": "",
      "exit_code": 0,
      "status": "OK"
    },
    {
      "program": "def square_Sum(n: int) -> int:\n    \"\"\"\n\tWrite a python function that takes in an integer n and returns the sum of the squares of the first n odd natural numbers.\n\t\"\"\"\n    return sum([i ** 2 for i in range(1, n * 2, 2)])\n\n\ndef check(candidate):\n    assert candidate(2) == 10\n    assert candidate(3) == 35\n    assert candidate(4) == 84\n\ndef test_check():\n    check(square_Sum)\n\ntest_check()\n",
      "timestamp": 1665510369,
      "stdout": "",
      "stderr": "",
      "exit_code": 0,
      "status": "OK"
    },
    {
      "program": "def square_Sum(n: int) -> int:\n    \"\"\"\n\tWrite a python function that takes in an integer n and returns the sum of the squares of the first n odd natural numbers.\n\t\"\"\"\n    return sum(i ** 2 for i in range(1, n + 1, 2))\n\n\ndef check(candidate):\n    assert candidate(2) == 10\n    assert candidate(3) == 35\n    assert candidate(4) == 84\n\ndef test_check():\n    check(square_Sum)\n\ntest_check()\n",
      "timestamp": 1665510369,
      "stdout": "",
      "stderr": "Traceback (most recent call last):\n  File \"/tmp/tmp262u8uep.py\", line 16, in <module>\n    test_check()\n  File \"/tmp/tmp262u8uep.py\", line 14, in test_check\n    check(square_Sum)\n  File \"/tmp/tmp262u8uep.py\", line 9, in check\n    assert candidate(2) == 10\nAssertionError\n",
      "exit_code": 1,
      "status": "Exception"
    },
    {
      "program": "def square_Sum(n: int) -> int:\n    \"\"\"\n\tWrite a python function that takes in an integer n and returns the sum of the squares of the first n odd natural numbers.\n\t\"\"\"\n    return sum([i ** 2 for i in range(1, n * 2, 2)])\n\n\ndef check(candidate):\n    assert candidate(2) == 10\n    assert candidate(3) == 35\n    assert candidate(4) == 84\n\ndef test_check():\n    check(square_Sum)\n\ntest_check()\n",
      "timestamp": 1665510369,
      "stdout": "",
      "stderr": "",
      "exit_code": 0,
      "status": "OK"
    },
    {
      "program": "def square_Sum(n: int) -> int:\n    \"\"\"\n\tWrite a python function that takes in an integer n and returns the sum of the squares of the first n odd natural numbers.\n\t\"\"\"\n    return sum(i ** 2 for i in range(1, n * 2, 2))\n\n\ndef check(candidate):\n    assert candidate(2) == 10\n    assert candidate(3) == 35\n    assert candidate(4) == 84\n\ndef test_check():\n    check(square_Sum)\n\ntest_check()\n",
      "timestamp": 1665510369,
      "stdout": "",
      "stderr": "",
      "exit_code": 0,
      "status": "OK"
    },
    {
      "program": "def square_Sum(n: int) -> int:\n    \"\"\"\n\tWrite a python function that takes in an integer n and returns the sum of the squares of the first n odd natural numbers.\n\t\"\"\"\n    return sum([i ** 2 for i in range(1, n * 2, 2)])\n\n\ndef check(candidate):\n    assert candidate(2) == 10\n    assert candidate(3) == 35\n    assert candidate(4) == 84\n\ndef test_check():\n    check(square_Sum)\n\ntest_check()\n",
      "timestamp": 1665510369,
      "stdout": "",
      "stderr": "",
      "exit_code": 0,
      "status": "OK"
    },
    {
      "program": "def square_Sum(n: int) -> int:\n    \"\"\"\n\tWrite a python function that takes in an integer n and returns the sum of the squares of the first n odd natural numbers.\n\t\"\"\"\n    return sum([i ** 2 for i in range(1, n * 2, 2)])\n\n\ndef check(candidate):\n    assert candidate(2) == 10\n    assert candidate(3) == 35\n    assert candidate(4) == 84\n\ndef test_check():\n    check(square_Sum)\n\ntest_check()\n",
      "timestamp": 1665510369,
      "stdout": "",
      "stderr": "",
      "exit_code": 0,
      "status": "OK"
    },
    {
      "program": "def square_Sum(n: int) -> int:\n    \"\"\"\n\tWrite a python function that takes in an integer n and returns the sum of the squares of the first n odd natural numbers.\n\t\"\"\"\n    return sum(map(lambda x: x ** 2, range(1, n * 2, 2)))\n\n\ndef check(candidate):\n    assert candidate(2) == 10\n    assert candidate(3) == 35\n    assert candidate(4) == 84\n\ndef test_check():\n    check(square_Sum)\n\ntest_check()\n",
      "timestamp": 1665510369,
      "stdout": "",
      "stderr": "",
      "exit_code": 0,
      "status": "OK"
    },
    {
      "program": "def square_Sum(n: int) -> int:\n    \"\"\"\n\tWrite a python function that takes in an integer n and returns the sum of the squares of the first n odd natural numbers.\n\t\"\"\"\n    return sum([i ** 2 for i in range(1, n + 1) if i % 2 != 0])\n\n\ndef check(candidate):\n    assert candidate(2) == 10\n    assert candidate(3) == 35\n    assert candidate(4) == 84\n\ndef test_check():\n    check(square_Sum)\n\ntest_check()\n",
      "timestamp": 1665510369,
      "stdout": "",
      "stderr": "Traceback (most recent call last):\n  File \"/tmp/tmp9utlcq6s.py\", line 16, in <module>\n    test_check()\n  File \"/tmp/tmp9utlcq6s.py\", line 14, in test_check\n    check(square_Sum)\n  File \"/tmp/tmp9utlcq6s.py\", line 9, in check\n    assert candidate(2) == 10\nAssertionError\n",
      "exit_code": 1,
      "status": "Exception"
    },
    {
      "program": "def square_Sum(n: int) -> int:\n    \"\"\"\n\tWrite a python function that takes in an integer n and returns the sum of the squares of the first n odd natural numbers.\n\t\"\"\"\n    return sum(i ** 2 for i in range(1, n + 1, 2))\n\n\ndef check(candidate):\n    assert candidate(2) == 10\n    assert candidate(3) == 35\n    assert candidate(4) == 84\n\ndef test_check():\n    check(square_Sum)\n\ntest_check()\n",
      "timestamp": 1665510369,
      "stdout": "",
      "stderr": "Traceback (most recent call last):\n  File \"/tmp/tmp262u8uep.py\", line 16, in <module>\n    test_check()\n  File \"/tmp/tmp262u8uep.py\", line 14, in test_check\n    check(square_Sum)\n  File \"/tmp/tmp262u8uep.py\", line 9, in check\n    assert candidate(2) == 10\nAssertionError\n",
      "exit_code": 1,
      "status": "Exception"
    },
    {
      "program": "def square_Sum(n: int) -> int:\n    \"\"\"\n\tWrite a python function that takes in an integer n and returns the sum of the squares of the first n odd natural numbers.\n\t\"\"\"\n    return sum([i ** 2 for i in range(1, n * 2, 2)])\n\n\ndef check(candidate):\n    assert candidate(2) == 10\n    assert candidate(3) == 35\n    assert candidate(4) == 84\n\ndef test_check():\n    check(square_Sum)\n\ntest_check()\n",
      "timestamp": 1665510369,
      "stdout": "",
      "stderr": "",
      "exit_code": 0,
      "status": "OK"
    },
    {
      "program": "def square_Sum(n: int) -> int:\n    \"\"\"\n\tWrite a python function that takes in an integer n and returns the sum of the squares of the first n odd natural numbers.\n\t\"\"\"\n    return sum([i ** 2 for i in range(1, n * 2, 2)])\n\n\ndef check(candidate):\n    assert candidate(2) == 10\n    assert candidate(3) == 35\n    assert candidate(4) == 84\n\ndef test_check():\n    check(square_Sum)\n\ntest_check()\n",
      "timestamp": 1665510369,
      "stdout": "",
      "stderr": "",
      "exit_code": 0,
      "status": "OK"
    },
    {
      "program": "def square_Sum(n: int) -> int:\n    \"\"\"\n\tWrite a python function that takes in an integer n and returns the sum of the squares of the first n odd natural numbers.\n\t\"\"\"\n    return sum([i ** 2 for i in range(1, n * 2, 2)])\n\n\ndef check(candidate):\n    assert candidate(2) == 10\n    assert candidate(3) == 35\n    assert candidate(4) == 84\n\ndef test_check():\n    check(square_Sum)\n\ntest_check()\n",
      "timestamp": 1665510369,
      "stdout": "",
      "stderr": "",
      "exit_code": 0,
      "status": "OK"
    },
    {
      "program": "def square_Sum(n: int) -> int:\n    \"\"\"\n\tWrite a python function that takes in an integer n and returns the sum of the squares of the first n odd natural numbers.\n\t\"\"\"\n    return sum(i ** 2 for i in range(1, n * 2, 2))\n\n\ndef check(candidate):\n    assert candidate(2) == 10\n    assert candidate(3) == 35\n    assert candidate(4) == 84\n\ndef test_check():\n    check(square_Sum)\n\ntest_check()\n",
      "timestamp": 1665510369,
      "stdout": "",
      "stderr": "",
      "exit_code": 0,
      "status": "OK"
    },
    {
      "program": "def square_Sum(n: int) -> int:\n    \"\"\"\n\tWrite a python function that takes in an integer n and returns the sum of the squares of the first n odd natural numbers.\n\t\"\"\"\n    return sum([i ** 2 for i in range(1, n + 1) if i % 2 != 0])\n\n\ndef check(candidate):\n    assert candidate(2) == 10\n    assert candidate(3) == 35\n    assert candidate(4) == 84\n\ndef test_check():\n    check(square_Sum)\n\ntest_check()\n",
      "timestamp": 1665510369,
      "stdout": "",
      "stderr": "Traceback (most recent call last):\n  File \"/tmp/tmp9utlcq6s.py\", line 16, in <module>\n    test_check()\n  File \"/tmp/tmp9utlcq6s.py\", line 14, in test_check\n    check(square_Sum)\n  File \"/tmp/tmp9utlcq6s.py\", line 9, in check\n    assert candidate(2) == 10\nAssertionError\n",
      "exit_code": 1,
      "status": "Exception"
    },
    {
      "program": "def square_Sum(n: int) -> int:\n    \"\"\"\n\tWrite a python function that takes in an integer n and returns the sum of the squares of the first n odd natural numbers.\n\t\"\"\"\n    return sum(x ** 2 for x in range(1, n + 1, 2))\n\n\ndef check(candidate):\n    assert candidate(2) == 10\n    assert candidate(3) == 35\n    assert candidate(4) == 84\n\ndef test_check():\n    check(square_Sum)\n\ntest_check()\n",
      "timestamp": 1666122935,
      "stdout": "",
      "stderr": "Traceback (most recent call last):\n  File \"/tmp/tmpcpn0fw29.py\", line 16, in <module>\n    test_check()\n  File \"/tmp/tmpcpn0fw29.py\", line 14, in test_check\n    check(square_Sum)\n  File \"/tmp/tmpcpn0fw29.py\", line 9, in check\n    assert candidate(2) == 10\nAssertionError\n",
      "exit_code": 1,
      "status": "Exception"
    },
    {
      "program": "def square_Sum(n: int) -> int:\n    \"\"\"\n\tWrite a python function that takes in an integer n and returns the sum of the squares of the first n odd natural numbers.\n\t\"\"\"\n    return sum(map(lambda x: x**2, range(1, n*2, 2)))\n\n\ndef check(candidate):\n    assert candidate(2) == 10\n    assert candidate(3) == 35\n    assert candidate(4) == 84\n\ndef test_check():\n    check(square_Sum)\n\ntest_check()\n",
      "timestamp": 1666122935,
      "stdout": "",
      "stderr": "",
      "exit_code": 0,
      "status": "OK"
    },
    {
      "program": "def square_Sum(n: int) -> int:\n    \"\"\"\n\tWrite a python function that takes in an integer n and returns the sum of the squares of the first n odd natural numbers.\n\t\"\"\"\n    return sum([i ** 2 for i in range(1, n * 2, 2)])\n\n\ndef check(candidate):\n    assert candidate(2) == 10\n    assert candidate(3) == 35\n    assert candidate(4) == 84\n\ndef test_check():\n    check(square_Sum)\n\ntest_check()\n",
      "timestamp": 1665510369,
      "stdout": "",
      "stderr": "",
      "exit_code": 0,
      "status": "OK"
    },
    {
      "program": "def square_Sum(n: int) -> int:\n    \"\"\"\n\tWrite a python function that takes in an integer n and returns the sum of the squares of the first n odd natural numbers.\n\t\"\"\"\n    return sum([i ** 2 for i in range(1, n * 2, 2)])\n\n\ndef check(candidate):\n    assert candidate(2) == 10\n    assert candidate(3) == 35\n    assert candidate(4) == 84\n\ndef test_check():\n    check(square_Sum)\n\ntest_check()\n",
      "timestamp": 1665510369,
      "stdout": "",
      "stderr": "",
      "exit_code": 0,
      "status": "OK"
    },
    {
      "program": "def square_Sum(n: int) -> int:\n    \"\"\"\n\tWrite a python function that takes in an integer n and returns the sum of the squares of the first n odd natural numbers.\n\t\"\"\"\n    return sum([i ** 2 for i in range(1, n * 2, 2)])\n\n\ndef check(candidate):\n    assert candidate(2) == 10\n    assert candidate(3) == 35\n    assert candidate(4) == 84\n\ndef test_check():\n    check(square_Sum)\n\ntest_check()\n",
      "timestamp": 1665510369,
      "stdout": "",
      "stderr": "",
      "exit_code": 0,
      "status": "OK"
    },
    {
      "program": "def square_Sum(n: int) -> int:\n    \"\"\"\n\tWrite a python function that takes in an integer n and returns the sum of the squares of the first n odd natural numbers.\n\t\"\"\"\n    return sum(i ** 2 for i in range(1, n * 2, 2))\n\n\ndef check(candidate):\n    assert candidate(2) == 10\n    assert candidate(3) == 35\n    assert candidate(4) == 84\n\ndef test_check():\n    check(square_Sum)\n\ntest_check()\n",
      "timestamp": 1665510369,
      "stdout": "",
      "stderr": "",
      "exit_code": 0,
      "status": "OK"
    },
    {
      "program": "def square_Sum(n: int) -> int:\n    \"\"\"\n\tWrite a python function that takes in an integer n and returns the sum of the squares of the first n odd natural numbers.\n\t\"\"\"\n    return sum([i ** 2 for i in range(1, n * 2, 2)])\n\n\ndef check(candidate):\n    assert candidate(2) == 10\n    assert candidate(3) == 35\n    assert candidate(4) == 84\n\ndef test_check():\n    check(square_Sum)\n\ntest_check()\n",
      "timestamp": 1665510369,
      "stdout": "",
      "stderr": "",
      "exit_code": 0,
      "status": "OK"
    },
    {
      "program": "def square_Sum(n: int) -> int:\n    \"\"\"\n\tWrite a python function that takes in an integer n and returns the sum of the squares of the first n odd natural numbers.\n\t\"\"\"\n    return sum([i ** 2 for i in range(1, n * 2, 2)])\n\n\ndef check(candidate):\n    assert candidate(2) == 10\n    assert candidate(3) == 35\n    assert candidate(4) == 84\n\ndef test_check():\n    check(square_Sum)\n\ntest_check()\n",
      "timestamp": 1665510369,
      "stdout": "",
      "stderr": "",
      "exit_code": 0,
      "status": "OK"
    },
    {
      "program": "def square_Sum(n: int) -> int:\n    \"\"\"\n\tWrite a python function that takes in an integer n and returns the sum of the squares of the first n odd natural numbers.\n\t\"\"\"\n    return sum([i ** 2 for i in range(1, n * 2, 2)])\n\n\ndef check(candidate):\n    assert candidate(2) == 10\n    assert candidate(3) == 35\n    assert candidate(4) == 84\n\ndef test_check():\n    check(square_Sum)\n\ntest_check()\n",
      "timestamp": 1665510369,
      "stdout": "",
      "stderr": "",
      "exit_code": 0,
      "status": "OK"
    },
    {
      "program": "def square_Sum(n: int) -> int:\n    \"\"\"\n\tWrite a python function that takes in an integer n and returns the sum of the squares of the first n odd natural numbers.\n\t\"\"\"\n    return sum(i ** 2 for i in range(1, n + 1, 2))\n\n\ndef check(candidate):\n    assert candidate(2) == 10\n    assert candidate(3) == 35\n    assert candidate(4) == 84\n\ndef test_check():\n    check(square_Sum)\n\ntest_check()\n",
      "timestamp": 1665510369,
      "stdout": "",
      "stderr": "Traceback (most recent call last):\n  File \"/tmp/tmp262u8uep.py\", line 16, in <module>\n    test_check()\n  File \"/tmp/tmp262u8uep.py\", line 14, in test_check\n    check(square_Sum)\n  File \"/tmp/tmp262u8uep.py\", line 9, in check\n    assert candidate(2) == 10\nAssertionError\n",
      "exit_code": 1,
      "status": "Exception"
    },
    {
      "program": "def square_Sum(n: int) -> int:\n    \"\"\"\n\tWrite a python function that takes in an integer n and returns the sum of the squares of the first n odd natural numbers.\n\t\"\"\"\n    return sum(i ** 2 for i in range(1, n + 1, 2))\n\n\ndef check(candidate):\n    assert candidate(2) == 10\n    assert candidate(3) == 35\n    assert candidate(4) == 84\n\ndef test_check():\n    check(square_Sum)\n\ntest_check()\n",
      "timestamp": 1665510369,
      "stdout": "",
      "stderr": "Traceback (most recent call last):\n  File \"/tmp/tmp262u8uep.py\", line 16, in <module>\n    test_check()\n  File \"/tmp/tmp262u8uep.py\", line 14, in test_check\n    check(square_Sum)\n  File \"/tmp/tmp262u8uep.py\", line 9, in check\n    assert candidate(2) == 10\nAssertionError\n",
      "exit_code": 1,
      "status": "Exception"
    },
    {
      "program": "def square_Sum(n: int) -> int:\n    \"\"\"\n\tWrite a python function that takes in an integer n and returns the sum of the squares of the first n odd natural numbers.\n\t\"\"\"\n    return sum(i ** 2 for i in range(1, n + 1, 2))\n\n\ndef check(candidate):\n    assert candidate(2) == 10\n    assert candidate(3) == 35\n    assert candidate(4) == 84\n\ndef test_check():\n    check(square_Sum)\n\ntest_check()\n",
      "timestamp": 1665510369,
      "stdout": "",
      "stderr": "Traceback (most recent call last):\n  File \"/tmp/tmp262u8uep.py\", line 16, in <module>\n    test_check()\n  File \"/tmp/tmp262u8uep.py\", line 14, in test_check\n    check(square_Sum)\n  File \"/tmp/tmp262u8uep.py\", line 9, in check\n    assert candidate(2) == 10\nAssertionError\n",
      "exit_code": 1,
      "status": "Exception"
    },
    {
      "program": "def square_Sum(n: int) -> int:\n    \"\"\"\n\tWrite a python function that takes in an integer n and returns the sum of the squares of the first n odd natural numbers.\n\t\"\"\"\n    if n < 0:\n        return 0\n    return sum([i ** 2 for i in range(1, n * 2, 2)])\n\n\ndef check(candidate):\n    assert candidate(2) == 10\n    assert candidate(3) == 35\n    assert candidate(4) == 84\n\ndef test_check():\n    check(square_Sum)\n\ntest_check()\n",
      "timestamp": 1666122935,
      "stdout": "",
      "stderr": "",
      "exit_code": 0,
      "status": "OK"
    },
    {
      "program": "def square_Sum(n: int) -> int:\n    \"\"\"\n\tWrite a python function that takes in an integer n and returns the sum of the squares of the first n odd natural numbers.\n\t\"\"\"\n    return sum(i ** 2 for i in range(1, n + 1, 2))\n\n\ndef check(candidate):\n    assert candidate(2) == 10\n    assert candidate(3) == 35\n    assert candidate(4) == 84\n\ndef test_check():\n    check(square_Sum)\n\ntest_check()\n",
      "timestamp": 1665510369,
      "stdout": "",
      "stderr": "Traceback (most recent call last):\n  File \"/tmp/tmp262u8uep.py\", line 16, in <module>\n    test_check()\n  File \"/tmp/tmp262u8uep.py\", line 14, in test_check\n    check(square_Sum)\n  File \"/tmp/tmp262u8uep.py\", line 9, in check\n    assert candidate(2) == 10\nAssertionError\n",
      "exit_code": 1,
      "status": "Exception"
    },
    {
      "program": "def square_Sum(n: int) -> int:\n    \"\"\"\n\tWrite a python function that takes in an integer n and returns the sum of the squares of the first n odd natural numbers.\n\t\"\"\"\n    return sum(i ** 2 for i in range(1, n * 2, 2))\n\n\ndef check(candidate):\n    assert candidate(2) == 10\n    assert candidate(3) == 35\n    assert candidate(4) == 84\n\ndef test_check():\n    check(square_Sum)\n\ntest_check()\n",
      "timestamp": 1665510369,
      "stdout": "",
      "stderr": "",
      "exit_code": 0,
      "status": "OK"
    },
    {
      "program": "def square_Sum(n: int) -> int:\n    \"\"\"\n\tWrite a python function that takes in an integer n and returns the sum of the squares of the first n odd natural numbers.\n\t\"\"\"\n    return sum(i ** 2 for i in range(1, n * 2, 2))\n\n\ndef check(candidate):\n    assert candidate(2) == 10\n    assert candidate(3) == 35\n    assert candidate(4) == 84\n\ndef test_check():\n    check(square_Sum)\n\ntest_check()\n",
      "timestamp": 1665510369,
      "stdout": "",
      "stderr": "",
      "exit_code": 0,
      "status": "OK"
    },
    {
      "program": "def square_Sum(n: int) -> int:\n    \"\"\"\n\tWrite a python function that takes in an integer n and returns the sum of the squares of the first n odd natural numbers.\n\t\"\"\"\n    if n <= 0:\n        return 0\n    else:\n        return (2 * n - 1) ** 2 + square_Sum(n - 1)\n\n\ndef check(candidate):\n    assert candidate(2) == 10\n    assert candidate(3) == 35\n    assert candidate(4) == 84\n\ndef test_check():\n    check(square_Sum)\n\ntest_check()\n",
      "timestamp": 1666122935,
      "stdout": "",
      "stderr": "",
      "exit_code": 0,
      "status": "OK"
    },
    {
      "program": "def square_Sum(n: int) -> int:\n    \"\"\"\n\tWrite a python function that takes in an integer n and returns the sum of the squares of the first n odd natural numbers.\n\t\"\"\"\n    return sum(i ** 2 for i in range(1, n * 2, 2))\n\n\ndef check(candidate):\n    assert candidate(2) == 10\n    assert candidate(3) == 35\n    assert candidate(4) == 84\n\ndef test_check():\n    check(square_Sum)\n\ntest_check()\n",
      "timestamp": 1665510369,
      "stdout": "",
      "stderr": "",
      "exit_code": 0,
      "status": "OK"
    },
    {
      "program": "def square_Sum(n: int) -> int:\n    \"\"\"\n\tWrite a python function that takes in an integer n and returns the sum of the squares of the first n odd natural numbers.\n\t\"\"\"\n    return sum([i ** 2 for i in range(1, n * 2, 2)])\n\n\ndef check(candidate):\n    assert candidate(2) == 10\n    assert candidate(3) == 35\n    assert candidate(4) == 84\n\ndef test_check():\n    check(square_Sum)\n\ntest_check()\n",
      "timestamp": 1665510369,
      "stdout": "",
      "stderr": "",
      "exit_code": 0,
      "status": "OK"
    },
    {
      "program": "def square_Sum(n: int) -> int:\n    \"\"\"\n\tWrite a python function that takes in an integer n and returns the sum of the squares of the first n odd natural numbers.\n\t\"\"\"\n    return sum(i ** 2 for i in range(1, n + 1, 2))\n\n\ndef check(candidate):\n    assert candidate(2) == 10\n    assert candidate(3) == 35\n    assert candidate(4) == 84\n\ndef test_check():\n    check(square_Sum)\n\ntest_check()\n",
      "timestamp": 1665510369,
      "stdout": "",
      "stderr": "Traceback (most recent call last):\n  File \"/tmp/tmp262u8uep.py\", line 16, in <module>\n    test_check()\n  File \"/tmp/tmp262u8uep.py\", line 14, in test_check\n    check(square_Sum)\n  File \"/tmp/tmp262u8uep.py\", line 9, in check\n    assert candidate(2) == 10\nAssertionError\n",
      "exit_code": 1,
      "status": "Exception"
    },
    {
      "program": "def square_Sum(n: int) -> int:\n    \"\"\"\n\tWrite a python function that takes in an integer n and returns the sum of the squares of the first n odd natural numbers.\n\t\"\"\"\n    return sum([i ** 2 for i in range(1, n * 2, 2)])\n\n\ndef check(candidate):\n    assert candidate(2) == 10\n    assert candidate(3) == 35\n    assert candidate(4) == 84\n\ndef test_check():\n    check(square_Sum)\n\ntest_check()\n",
      "timestamp": 1665510369,
      "stdout": "",
      "stderr": "",
      "exit_code": 0,
      "status": "OK"
    },
    {
      "program": "def square_Sum(n: int) -> int:\n    \"\"\"\n\tWrite a python function that takes in an integer n and returns the sum of the squares of the first n odd natural numbers.\n\t\"\"\"\n    return sum(i ** 2 for i in range(1, n * 2, 2))\n\n\ndef check(candidate):\n    assert candidate(2) == 10\n    assert candidate(3) == 35\n    assert candidate(4) == 84\n\ndef test_check():\n    check(square_Sum)\n\ntest_check()\n",
      "timestamp": 1665510369,
      "stdout": "",
      "stderr": "",
      "exit_code": 0,
      "status": "OK"
    },
    {
      "program": "def square_Sum(n: int) -> int:\n    \"\"\"\n\tWrite a python function that takes in an integer n and returns the sum of the squares of the first n odd natural numbers.\n\t\"\"\"\n    return sum(i ** 2 for i in range(1, n * 2, 2))\n\n\ndef check(candidate):\n    assert candidate(2) == 10\n    assert candidate(3) == 35\n    assert candidate(4) == 84\n\ndef test_check():\n    check(square_Sum)\n\ntest_check()\n",
      "timestamp": 1665510369,
      "stdout": "",
      "stderr": "",
      "exit_code": 0,
      "status": "OK"
    },
    {
      "program": "def square_Sum(n: int) -> int:\n    \"\"\"\n\tWrite a python function that takes in an integer n and returns the sum of the squares of the first n odd natural numbers.\n\t\"\"\"\n    return sum([i ** 2 for i in range(1, n * 2, 2)])\n\n\ndef check(candidate):\n    assert candidate(2) == 10\n    assert candidate(3) == 35\n    assert candidate(4) == 84\n\ndef test_check():\n    check(square_Sum)\n\ntest_check()\n",
      "timestamp": 1665510369,
      "stdout": "",
      "stderr": "",
      "exit_code": 0,
      "status": "OK"
    },
    {
      "program": "def square_Sum(n: int) -> int:\n    \"\"\"\n\tWrite a python function that takes in an integer n and returns the sum of the squares of the first n odd natural numbers.\n\t\"\"\"\n    return sum(i ** 2 for i in range(1, n * 2, 2))\n\n\ndef check(candidate):\n    assert candidate(2) == 10\n    assert candidate(3) == 35\n    assert candidate(4) == 84\n\ndef test_check():\n    check(square_Sum)\n\ntest_check()\n",
      "timestamp": 1665510369,
      "stdout": "",
      "stderr": "",
      "exit_code": 0,
      "status": "OK"
    },
    {
      "program": "def square_Sum(n: int) -> int:\n    \"\"\"\n\tWrite a python function that takes in an integer n and returns the sum of the squares of the first n odd natural numbers.\n\t\"\"\"\n    return sum([i ** 2 for i in range(1, n * 2, 2)])\n\n\ndef check(candidate):\n    assert candidate(2) == 10\n    assert candidate(3) == 35\n    assert candidate(4) == 84\n\ndef test_check():\n    check(square_Sum)\n\ntest_check()\n",
      "timestamp": 1665510369,
      "stdout": "",
      "stderr": "",
      "exit_code": 0,
      "status": "OK"
    },
    {
      "program": "def square_Sum(n: int) -> int:\n    \"\"\"\n\tWrite a python function that takes in an integer n and returns the sum of the squares of the first n odd natural numbers.\n\t\"\"\"\n    return sum([i ** 2 for i in range(1, n * 2, 2)])\n\n\ndef check(candidate):\n    assert candidate(2) == 10\n    assert candidate(3) == 35\n    assert candidate(4) == 84\n\ndef test_check():\n    check(square_Sum)\n\ntest_check()\n",
      "timestamp": 1665510369,
      "stdout": "",
      "stderr": "",
      "exit_code": 0,
      "status": "OK"
    },
    {
      "program": "def square_Sum(n: int) -> int:\n    \"\"\"\n\tWrite a python function that takes in an integer n and returns the sum of the squares of the first n odd natural numbers.\n\t\"\"\"\n    return sum([i ** 2 for i in range(1, n * 2, 2)])\n\n\ndef check(candidate):\n    assert candidate(2) == 10\n    assert candidate(3) == 35\n    assert candidate(4) == 84\n\ndef test_check():\n    check(square_Sum)\n\ntest_check()\n",
      "timestamp": 1665510369,
      "stdout": "",
      "stderr": "",
      "exit_code": 0,
      "status": "OK"
    },
    {
      "program": "def square_Sum(n: int) -> int:\n    \"\"\"\n\tWrite a python function that takes in an integer n and returns the sum of the squares of the first n odd natural numbers.\n\t\"\"\"\n    return sum([i ** 2 for i in range(1, n * 2, 2)])\n\n\ndef check(candidate):\n    assert candidate(2) == 10\n    assert candidate(3) == 35\n    assert candidate(4) == 84\n\ndef test_check():\n    check(square_Sum)\n\ntest_check()\n",
      "timestamp": 1665510369,
      "stdout": "",
      "stderr": "",
      "exit_code": 0,
      "status": "OK"
    },
    {
      "program": "def square_Sum(n: int) -> int:\n    \"\"\"\n\tWrite a python function that takes in an integer n and returns the sum of the squares of the first n odd natural numbers.\n\t\"\"\"\n    return sum([i ** 2 for i in range(1, n * 2, 2)])\n\n\ndef check(candidate):\n    assert candidate(2) == 10\n    assert candidate(3) == 35\n    assert candidate(4) == 84\n\ndef test_check():\n    check(square_Sum)\n\ntest_check()\n",
      "timestamp": 1665510369,
      "stdout": "",
      "stderr": "",
      "exit_code": 0,
      "status": "OK"
    },
    {
      "program": "def square_Sum(n: int) -> int:\n    \"\"\"\n\tWrite a python function that takes in an integer n and returns the sum of the squares of the first n odd natural numbers.\n\t\"\"\"\n    return sum(i ** 2 for i in range(1, n * 2, 2))\n\n\ndef check(candidate):\n    assert candidate(2) == 10\n    assert candidate(3) == 35\n    assert candidate(4) == 84\n\ndef test_check():\n    check(square_Sum)\n\ntest_check()\n",
      "timestamp": 1665510369,
      "stdout": "",
      "stderr": "",
      "exit_code": 0,
      "status": "OK"
    },
    {
      "program": "def square_Sum(n: int) -> int:\n    \"\"\"\n\tWrite a python function that takes in an integer n and returns the sum of the squares of the first n odd natural numbers.\n\t\"\"\"\n    return sum(i ** 2 for i in range(1, n * 2, 2))\n\n\ndef check(candidate):\n    assert candidate(2) == 10\n    assert candidate(3) == 35\n    assert candidate(4) == 84\n\ndef test_check():\n    check(square_Sum)\n\ntest_check()\n",
      "timestamp": 1665510369,
      "stdout": "",
      "stderr": "",
      "exit_code": 0,
      "status": "OK"
    },
    {
      "program": "def square_Sum(n: int) -> int:\n    \"\"\"\n\tWrite a python function that takes in an integer n and returns the sum of the squares of the first n odd natural numbers.\n\t\"\"\"\n    return sum(i ** 2 for i in range(1, n + 1, 2))\n\n\ndef check(candidate):\n    assert candidate(2) == 10\n    assert candidate(3) == 35\n    assert candidate(4) == 84\n\ndef test_check():\n    check(square_Sum)\n\ntest_check()\n",
      "timestamp": 1665510369,
      "stdout": "",
      "stderr": "Traceback (most recent call last):\n  File \"/tmp/tmp262u8uep.py\", line 16, in <module>\n    test_check()\n  File \"/tmp/tmp262u8uep.py\", line 14, in test_check\n    check(square_Sum)\n  File \"/tmp/tmp262u8uep.py\", line 9, in check\n    assert candidate(2) == 10\nAssertionError\n",
      "exit_code": 1,
      "status": "Exception"
    },
    {
      "program": "def square_Sum(n: int) -> int:\n    \"\"\"\n\tWrite a python function that takes in an integer n and returns the sum of the squares of the first n odd natural numbers.\n\t\"\"\"\n    return sum([i ** 2 for i in range(1, n * 2, 2)])\n\n\ndef check(candidate):\n    assert candidate(2) == 10\n    assert candidate(3) == 35\n    assert candidate(4) == 84\n\ndef test_check():\n    check(square_Sum)\n\ntest_check()\n",
      "timestamp": 1665510369,
      "stdout": "",
      "stderr": "",
      "exit_code": 0,
      "status": "OK"
    },
    {
      "program": "def square_Sum(n: int) -> int:\n    \"\"\"\n\tWrite a python function that takes in an integer n and returns the sum of the squares of the first n odd natural numbers.\n\t\"\"\"\n    return sum([i ** 2 for i in range(1, n * 2, 2)])\n\n\ndef check(candidate):\n    assert candidate(2) == 10\n    assert candidate(3) == 35\n    assert candidate(4) == 84\n\ndef test_check():\n    check(square_Sum)\n\ntest_check()\n",
      "timestamp": 1665510369,
      "stdout": "",
      "stderr": "",
      "exit_code": 0,
      "status": "OK"
    },
    {
      "program": "def square_Sum(n: int) -> int:\n    \"\"\"\n\tWrite a python function that takes in an integer n and returns the sum of the squares of the first n odd natural numbers.\n\t\"\"\"\n    return sum([i ** 2 for i in range(1, n * 2, 2)])\n\n\ndef check(candidate):\n    assert candidate(2) == 10\n    assert candidate(3) == 35\n    assert candidate(4) == 84\n\ndef test_check():\n    check(square_Sum)\n\ntest_check()\n",
      "timestamp": 1665510369,
      "stdout": "",
      "stderr": "",
      "exit_code": 0,
      "status": "OK"
    },
    {
      "program": "def square_Sum(n: int) -> int:\n    \"\"\"\n\tWrite a python function that takes in an integer n and returns the sum of the squares of the first n odd natural numbers.\n\t\"\"\"\n    return sum([i ** 2 for i in range(1, n * 2, 2)])\n\n\ndef check(candidate):\n    assert candidate(2) == 10\n    assert candidate(3) == 35\n    assert candidate(4) == 84\n\ndef test_check():\n    check(square_Sum)\n\ntest_check()\n",
      "timestamp": 1665510369,
      "stdout": "",
      "stderr": "",
      "exit_code": 0,
      "status": "OK"
    },
    {
      "program": "def square_Sum(n: int) -> int:\n    \"\"\"\n\tWrite a python function that takes in an integer n and returns the sum of the squares of the first n odd natural numbers.\n\t\"\"\"\n    return sum([i ** 2 for i in range(1, n * 2, 2)])\n\n\ndef check(candidate):\n    assert candidate(2) == 10\n    assert candidate(3) == 35\n    assert candidate(4) == 84\n\ndef test_check():\n    check(square_Sum)\n\ntest_check()\n",
      "timestamp": 1665510369,
      "stdout": "",
      "stderr": "",
      "exit_code": 0,
      "status": "OK"
    },
    {
      "program": "def square_Sum(n: int) -> int:\n    \"\"\"\n\tWrite a python function that takes in an integer n and returns the sum of the squares of the first n odd natural numbers.\n\t\"\"\"\n    return sum([i ** 2 for i in range(1, n + 1) if i % 2 != 0])\n\n\ndef check(candidate):\n    assert candidate(2) == 10\n    assert candidate(3) == 35\n    assert candidate(4) == 84\n\ndef test_check():\n    check(square_Sum)\n\ntest_check()\n",
      "timestamp": 1665510369,
      "stdout": "",
      "stderr": "Traceback (most recent call last):\n  File \"/tmp/tmp9utlcq6s.py\", line 16, in <module>\n    test_check()\n  File \"/tmp/tmp9utlcq6s.py\", line 14, in test_check\n    check(square_Sum)\n  File \"/tmp/tmp9utlcq6s.py\", line 9, in check\n    assert candidate(2) == 10\nAssertionError\n",
      "exit_code": 1,
      "status": "Exception"
    },
    {
      "program": "def square_Sum(n: int) -> int:\n    \"\"\"\n\tWrite a python function that takes in an integer n and returns the sum of the squares of the first n odd natural numbers.\n\t\"\"\"\n    return sum([i ** 2 for i in range(1, n * 2, 2)])\n\n\ndef check(candidate):\n    assert candidate(2) == 10\n    assert candidate(3) == 35\n    assert candidate(4) == 84\n\ndef test_check():\n    check(square_Sum)\n\ntest_check()\n",
      "timestamp": 1665510369,
      "stdout": "",
      "stderr": "",
      "exit_code": 0,
      "status": "OK"
    },
    {
      "program": "def square_Sum(n: int) -> int:\n    \"\"\"\n\tWrite a python function that takes in an integer n and returns the sum of the squares of the first n odd natural numbers.\n\t\"\"\"\n    return sum([i ** 2 for i in range(1, n * 2, 2)])\n\n\ndef check(candidate):\n    assert candidate(2) == 10\n    assert candidate(3) == 35\n    assert candidate(4) == 84\n\ndef test_check():\n    check(square_Sum)\n\ntest_check()\n",
      "timestamp": 1665510369,
      "stdout": "",
      "stderr": "",
      "exit_code": 0,
      "status": "OK"
    },
    {
      "program": "def square_Sum(n: int) -> int:\n    \"\"\"\n\tWrite a python function that takes in an integer n and returns the sum of the squares of the first n odd natural numbers.\n\t\"\"\"\n    return sum([i ** 2 for i in range(1, n + 1) if i % 2 != 0])\n\n\ndef check(candidate):\n    assert candidate(2) == 10\n    assert candidate(3) == 35\n    assert candidate(4) == 84\n\ndef test_check():\n    check(square_Sum)\n\ntest_check()\n",
      "timestamp": 1665510369,
      "stdout": "",
      "stderr": "Traceback (most recent call last):\n  File \"/tmp/tmp9utlcq6s.py\", line 16, in <module>\n    test_check()\n  File \"/tmp/tmp9utlcq6s.py\", line 14, in test_check\n    check(square_Sum)\n  File \"/tmp/tmp9utlcq6s.py\", line 9, in check\n    assert candidate(2) == 10\nAssertionError\n",
      "exit_code": 1,
      "status": "Exception"
    },
    {
      "program": "def square_Sum(n: int) -> int:\n    \"\"\"\n\tWrite a python function that takes in an integer n and returns the sum of the squares of the first n odd natural numbers.\n\t\"\"\"\n    return sum([i ** 2 for i in range(1, n * 2, 2)])\n\n\ndef check(candidate):\n    assert candidate(2) == 10\n    assert candidate(3) == 35\n    assert candidate(4) == 84\n\ndef test_check():\n    check(square_Sum)\n\ntest_check()\n",
      "timestamp": 1665510369,
      "stdout": "",
      "stderr": "",
      "exit_code": 0,
      "status": "OK"
    },
    {
      "program": "def square_Sum(n: int) -> int:\n    \"\"\"\n\tWrite a python function that takes in an integer n and returns the sum of the squares of the first n odd natural numbers.\n\t\"\"\"\n    return sum([i ** 2 for i in range(1, n * 2, 2)])\n\n\ndef check(candidate):\n    assert candidate(2) == 10\n    assert candidate(3) == 35\n    assert candidate(4) == 84\n\ndef test_check():\n    check(square_Sum)\n\ntest_check()\n",
      "timestamp": 1665510369,
      "stdout": "",
      "stderr": "",
      "exit_code": 0,
      "status": "OK"
    },
    {
      "program": "def square_Sum(n: int) -> int:\n    \"\"\"\n\tWrite a python function that takes in an integer n and returns the sum of the squares of the first n odd natural numbers.\n\t\"\"\"\n    return sum([i**2 for i in range(1, n*2, 2)])\n\n\ndef check(candidate):\n    assert candidate(2) == 10\n    assert candidate(3) == 35\n    assert candidate(4) == 84\n\ndef test_check():\n    check(square_Sum)\n\ntest_check()\n",
      "timestamp": 1665510369,
      "stdout": "",
      "stderr": "",
      "exit_code": 0,
      "status": "OK"
    },
    {
      "program": "def square_Sum(n: int) -> int:\n    \"\"\"\n\tWrite a python function that takes in an integer n and returns the sum of the squares of the first n odd natural numbers.\n\t\"\"\"\n    return sum([i ** 2 for i in range(1, n * 2, 2)])\n\n\ndef check(candidate):\n    assert candidate(2) == 10\n    assert candidate(3) == 35\n    assert candidate(4) == 84\n\ndef test_check():\n    check(square_Sum)\n\ntest_check()\n",
      "timestamp": 1665510369,
      "stdout": "",
      "stderr": "",
      "exit_code": 0,
      "status": "OK"
    },
    {
      "program": "def square_Sum(n: int) -> int:\n    \"\"\"\n\tWrite a python function that takes in an integer n and returns the sum of the squares of the first n odd natural numbers.\n\t\"\"\"\n    return sum(i ** 2 for i in range(1, n * 2, 2))\n\n\ndef check(candidate):\n    assert candidate(2) == 10\n    assert candidate(3) == 35\n    assert candidate(4) == 84\n\ndef test_check():\n    check(square_Sum)\n\ntest_check()\n",
      "timestamp": 1665510369,
      "stdout": "",
      "stderr": "",
      "exit_code": 0,
      "status": "OK"
    },
    {
      "program": "def square_Sum(n: int) -> int:\n    \"\"\"\n\tWrite a python function that takes in an integer n and returns the sum of the squares of the first n odd natural numbers.\n\t\"\"\"\n    return sum(i ** 2 for i in range(1, n * 2, 2))\n\n\ndef check(candidate):\n    assert candidate(2) == 10\n    assert candidate(3) == 35\n    assert candidate(4) == 84\n\ndef test_check():\n    check(square_Sum)\n\ntest_check()\n",
      "timestamp": 1665510369,
      "stdout": "",
      "stderr": "",
      "exit_code": 0,
      "status": "OK"
    },
    {
      "program": "def square_Sum(n: int) -> int:\n    \"\"\"\n\tWrite a python function that takes in an integer n and returns the sum of the squares of the first n odd natural numbers.\n\t\"\"\"\n    return sum(i ** 2 for i in range(1, n * 2, 2))\n\n\ndef check(candidate):\n    assert candidate(2) == 10\n    assert candidate(3) == 35\n    assert candidate(4) == 84\n\ndef test_check():\n    check(square_Sum)\n\ntest_check()\n",
      "timestamp": 1665510369,
      "stdout": "",
      "stderr": "",
      "exit_code": 0,
      "status": "OK"
    },
    {
      "program": "def square_Sum(n: int) -> int:\n    \"\"\"\n\tWrite a python function that takes in an integer n and returns the sum of the squares of the first n odd natural numbers.\n\t\"\"\"\n    return sum(map(lambda x: x ** 2, range(1, n * 2, 2)))\n\n\ndef check(candidate):\n    assert candidate(2) == 10\n    assert candidate(3) == 35\n    assert candidate(4) == 84\n\ndef test_check():\n    check(square_Sum)\n\ntest_check()\n",
      "timestamp": 1665510369,
      "stdout": "",
      "stderr": "",
      "exit_code": 0,
      "status": "OK"
    },
    {
      "program": "def square_Sum(n: int) -> int:\n    \"\"\"\n\tWrite a python function that takes in an integer n and returns the sum of the squares of the first n odd natural numbers.\n\t\"\"\"\n    if n < 0:\n        return 0\n    return sum(map(lambda x: x ** 2, range(1, n * 2, 2)))\n\n\ndef check(candidate):\n    assert candidate(2) == 10\n    assert candidate(3) == 35\n    assert candidate(4) == 84\n\ndef test_check():\n    check(square_Sum)\n\ntest_check()\n",
      "timestamp": 1666122935,
      "stdout": "",
      "stderr": "",
      "exit_code": 0,
      "status": "OK"
    },
    {
      "program": "def square_Sum(n: int) -> int:\n    \"\"\"\n\tWrite a python function that takes in an integer n and returns the sum of the squares of the first n odd natural numbers.\n\t\"\"\"\n    return sum(x ** 2 for x in range(1, n * 2, 2))\n\n\ndef check(candidate):\n    assert candidate(2) == 10\n    assert candidate(3) == 35\n    assert candidate(4) == 84\n\ndef test_check():\n    check(square_Sum)\n\ntest_check()\n",
      "timestamp": 1666122934,
      "stdout": "",
      "stderr": "",
      "exit_code": 0,
      "status": "OK"
    },
    {
      "program": "def square_Sum(n: int) -> int:\n    \"\"\"\n\tWrite a python function that takes in an integer n and returns the sum of the squares of the first n odd natural numbers.\n\t\"\"\"\n    if n < 0:\n        return -1\n    else:\n        return sum([i ** 2 for i in range(1, n * 2, 2)])\n\n\ndef check(candidate):\n    assert candidate(2) == 10\n    assert candidate(3) == 35\n    assert candidate(4) == 84\n\ndef test_check():\n    check(square_Sum)\n\ntest_check()\n",
      "timestamp": 1666122935,
      "stdout": "",
      "stderr": "",
      "exit_code": 0,
      "status": "OK"
    },
    {
      "program": "def square_Sum(n: int) -> int:\n    \"\"\"\n\tWrite a python function that takes in an integer n and returns the sum of the squares of the first n odd natural numbers.\n\t\"\"\"\n    return sum(i ** 2 for i in range(1, n + 1, 2))\n\n\ndef check(candidate):\n    assert candidate(2) == 10\n    assert candidate(3) == 35\n    assert candidate(4) == 84\n\ndef test_check():\n    check(square_Sum)\n\ntest_check()\n",
      "timestamp": 1665510369,
      "stdout": "",
      "stderr": "Traceback (most recent call last):\n  File \"/tmp/tmp262u8uep.py\", line 16, in <module>\n    test_check()\n  File \"/tmp/tmp262u8uep.py\", line 14, in test_check\n    check(square_Sum)\n  File \"/tmp/tmp262u8uep.py\", line 9, in check\n    assert candidate(2) == 10\nAssertionError\n",
      "exit_code": 1,
      "status": "Exception"
    },
    {
      "program": "def square_Sum(n: int) -> int:\n    \"\"\"\n\tWrite a python function that takes in an integer n and returns the sum of the squares of the first n odd natural numbers.\n\t\"\"\"\n    return sum([x**2 for x in range(1, n*2, 2)])\n\n\ndef check(candidate):\n    assert candidate(2) == 10\n    assert candidate(3) == 35\n    assert candidate(4) == 84\n\ndef test_check():\n    check(square_Sum)\n\ntest_check()\n",
      "timestamp": 1666122935,
      "stdout": "",
      "stderr": "",
      "exit_code": 0,
      "status": "OK"
    },
    {
      "program": "def square_Sum(n: int) -> int:\n    \"\"\"\n\tWrite a python function that takes in an integer n and returns the sum of the squares of the first n odd natural numbers.\n\t\"\"\"\n    return sum(i ** 2 for i in range(1, n + 1, 2))\n\n\ndef check(candidate):\n    assert candidate(2) == 10\n    assert candidate(3) == 35\n    assert candidate(4) == 84\n\ndef test_check():\n    check(square_Sum)\n\ntest_check()\n",
      "timestamp": 1665510369,
      "stdout": "",
      "stderr": "Traceback (most recent call last):\n  File \"/tmp/tmp262u8uep.py\", line 16, in <module>\n    test_check()\n  File \"/tmp/tmp262u8uep.py\", line 14, in test_check\n    check(square_Sum)\n  File \"/tmp/tmp262u8uep.py\", line 9, in check\n    assert candidate(2) == 10\nAssertionError\n",
      "exit_code": 1,
      "status": "Exception"
    },
    {
      "program": "def square_Sum(n: int) -> int:\n    \"\"\"\n\tWrite a python function that takes in an integer n and returns the sum of the squares of the first n odd natural numbers.\n\t\"\"\"\n    return sum(i ** 2 for i in range(1, n * 2, 2))\n\n\ndef check(candidate):\n    assert candidate(2) == 10\n    assert candidate(3) == 35\n    assert candidate(4) == 84\n\ndef test_check():\n    check(square_Sum)\n\ntest_check()\n",
      "timestamp": 1665510369,
      "stdout": "",
      "stderr": "",
      "exit_code": 0,
      "status": "OK"
    },
    {
      "program": "def square_Sum(n: int) -> int:\n    \"\"\"\n\tWrite a python function that takes in an integer n and returns the sum of the squares of the first n odd natural numbers.\n\t\"\"\"\n    return sum([i ** 2 for i in range(1, n * 2, 2)])\n\n\ndef check(candidate):\n    assert candidate(2) == 10\n    assert candidate(3) == 35\n    assert candidate(4) == 84\n\ndef test_check():\n    check(square_Sum)\n\ntest_check()\n",
      "timestamp": 1665510369,
      "stdout": "",
      "stderr": "",
      "exit_code": 0,
      "status": "OK"
    },
    {
      "program": "def square_Sum(n: int) -> int:\n    \"\"\"\n\tWrite a python function that takes in an integer n and returns the sum of the squares of the first n odd natural numbers.\n\t\"\"\"\n    return sum(map(lambda x: x ** 2, range(1, n * 2, 2)))\n\n\ndef check(candidate):\n    assert candidate(2) == 10\n    assert candidate(3) == 35\n    assert candidate(4) == 84\n\ndef test_check():\n    check(square_Sum)\n\ntest_check()\n",
      "timestamp": 1665510369,
      "stdout": "",
      "stderr": "",
      "exit_code": 0,
      "status": "OK"
    },
    {
      "program": "def square_Sum(n: int) -> int:\n    \"\"\"\n\tWrite a python function that takes in an integer n and returns the sum of the squares of the first n odd natural numbers.\n\t\"\"\"\n    return sum(i ** 2 for i in range(1, n + 1, 2))\n\n\ndef check(candidate):\n    assert candidate(2) == 10\n    assert candidate(3) == 35\n    assert candidate(4) == 84\n\ndef test_check():\n    check(square_Sum)\n\ntest_check()\n",
      "timestamp": 1665510369,
      "stdout": "",
      "stderr": "Traceback (most recent call last):\n  File \"/tmp/tmp262u8uep.py\", line 16, in <module>\n    test_check()\n  File \"/tmp/tmp262u8uep.py\", line 14, in test_check\n    check(square_Sum)\n  File \"/tmp/tmp262u8uep.py\", line 9, in check\n    assert candidate(2) == 10\nAssertionError\n",
      "exit_code": 1,
      "status": "Exception"
    },
    {
      "program": "def square_Sum(n: int) -> int:\n    \"\"\"\n\tWrite a python function that takes in an integer n and returns the sum of the squares of the first n odd natural numbers.\n\t\"\"\"\n    return sum(i ** 2 for i in range(1, n + 1, 2))\n\n\ndef check(candidate):\n    assert candidate(2) == 10\n    assert candidate(3) == 35\n    assert candidate(4) == 84\n\ndef test_check():\n    check(square_Sum)\n\ntest_check()\n",
      "timestamp": 1665510369,
      "stdout": "",
      "stderr": "Traceback (most recent call last):\n  File \"/tmp/tmp262u8uep.py\", line 16, in <module>\n    test_check()\n  File \"/tmp/tmp262u8uep.py\", line 14, in test_check\n    check(square_Sum)\n  File \"/tmp/tmp262u8uep.py\", line 9, in check\n    assert candidate(2) == 10\nAssertionError\n",
      "exit_code": 1,
      "status": "Exception"
    },
    {
      "program": "def square_Sum(n: int) -> int:\n    \"\"\"\n\tWrite a python function that takes in an integer n and returns the sum of the squares of the first n odd natural numbers.\n\t\"\"\"\n    return sum(i ** 2 for i in range(1, n + 1, 2))\n\n\ndef check(candidate):\n    assert candidate(2) == 10\n    assert candidate(3) == 35\n    assert candidate(4) == 84\n\ndef test_check():\n    check(square_Sum)\n\ntest_check()\n",
      "timestamp": 1665510369,
      "stdout": "",
      "stderr": "Traceback (most recent call last):\n  File \"/tmp/tmp262u8uep.py\", line 16, in <module>\n    test_check()\n  File \"/tmp/tmp262u8uep.py\", line 14, in test_check\n    check(square_Sum)\n  File \"/tmp/tmp262u8uep.py\", line 9, in check\n    assert candidate(2) == 10\nAssertionError\n",
      "exit_code": 1,
      "status": "Exception"
    },
    {
      "program": "def square_Sum(n: int) -> int:\n    \"\"\"\n\tWrite a python function that takes in an integer n and returns the sum of the squares of the first n odd natural numbers.\n\t\"\"\"\n    return sum(i ** 2 for i in range(1, n + 1, 2))\n\n\ndef check(candidate):\n    assert candidate(2) == 10\n    assert candidate(3) == 35\n    assert candidate(4) == 84\n\ndef test_check():\n    check(square_Sum)\n\ntest_check()\n",
      "timestamp": 1665510369,
      "stdout": "",
      "stderr": "Traceback (most recent call last):\n  File \"/tmp/tmp262u8uep.py\", line 16, in <module>\n    test_check()\n  File \"/tmp/tmp262u8uep.py\", line 14, in test_check\n    check(square_Sum)\n  File \"/tmp/tmp262u8uep.py\", line 9, in check\n    assert candidate(2) == 10\nAssertionError\n",
      "exit_code": 1,
      "status": "Exception"
    },
    {
      "program": "def square_Sum(n: int) -> int:\n    \"\"\"\n\tWrite a python function that takes in an integer n and returns the sum of the squares of the first n odd natural numbers.\n\t\"\"\"\n    return sum(x ** 2 for x in range(1, n * 2, 2))\n\n\ndef check(candidate):\n    assert candidate(2) == 10\n    assert candidate(3) == 35\n    assert candidate(4) == 84\n\ndef test_check():\n    check(square_Sum)\n\ntest_check()\n",
      "timestamp": 1666122934,
      "stdout": "",
      "stderr": "",
      "exit_code": 0,
      "status": "OK"
    },
    {
      "program": "def square_Sum(n: int) -> int:\n    \"\"\"\n\tWrite a python function that takes in an integer n and returns the sum of the squares of the first n odd natural numbers.\n\t\"\"\"\n    return sum(i ** 2 for i in range(1, n * 2, 2))\n\n\ndef check(candidate):\n    assert candidate(2) == 10\n    assert candidate(3) == 35\n    assert candidate(4) == 84\n\ndef test_check():\n    check(square_Sum)\n\ntest_check()\n",
      "timestamp": 1665510369,
      "stdout": "",
      "stderr": "",
      "exit_code": 0,
      "status": "OK"
    },
    {
      "program": "def square_Sum(n: int) -> int:\n    \"\"\"\n\tWrite a python function that takes in an integer n and returns the sum of the squares of the first n odd natural numbers.\n\t\"\"\"\n    return sum(map(lambda x: x ** 2, range(1, n * 2, 2)))\n\n\ndef check(candidate):\n    assert candidate(2) == 10\n    assert candidate(3) == 35\n    assert candidate(4) == 84\n\ndef test_check():\n    check(square_Sum)\n\ntest_check()\n",
      "timestamp": 1665510369,
      "stdout": "",
      "stderr": "",
      "exit_code": 0,
      "status": "OK"
    },
    {
      "program": "def square_Sum(n: int) -> int:\n    \"\"\"\n\tWrite a python function that takes in an integer n and returns the sum of the squares of the first n odd natural numbers.\n\t\"\"\"\n    return sum([x ** 2 for x in range(1, n * 2, 2)])\n\n\ndef check(candidate):\n    assert candidate(2) == 10\n    assert candidate(3) == 35\n    assert candidate(4) == 84\n\ndef test_check():\n    check(square_Sum)\n\ntest_check()\n",
      "timestamp": 1666122934,
      "stdout": "",
      "stderr": "",
      "exit_code": 0,
      "status": "OK"
    },
    {
      "program": "def square_Sum(n: int) -> int:\n    \"\"\"\n\tWrite a python function that takes in an integer n and returns the sum of the squares of the first n odd natural numbers.\n\t\"\"\"\n    return sum(i ** 2 for i in range(1, n + 1, 2))\n\n\ndef check(candidate):\n    assert candidate(2) == 10\n    assert candidate(3) == 35\n    assert candidate(4) == 84\n\ndef test_check():\n    check(square_Sum)\n\ntest_check()\n",
      "timestamp": 1665510369,
      "stdout": "",
      "stderr": "Traceback (most recent call last):\n  File \"/tmp/tmp262u8uep.py\", line 16, in <module>\n    test_check()\n  File \"/tmp/tmp262u8uep.py\", line 14, in test_check\n    check(square_Sum)\n  File \"/tmp/tmp262u8uep.py\", line 9, in check\n    assert candidate(2) == 10\nAssertionError\n",
      "exit_code": 1,
      "status": "Exception"
    },
    {
      "program": "def square_Sum(n: int) -> int:\n    \"\"\"\n\tWrite a python function that takes in an integer n and returns the sum of the squares of the first n odd natural numbers.\n\t\"\"\"\n    if n == 0:\n        return 0\n    else:\n        return (2 * n - 1) ** 2 + square_Sum(n - 1)\n\n\ndef check(candidate):\n    assert candidate(2) == 10\n    assert candidate(3) == 35\n    assert candidate(4) == 84\n\ndef test_check():\n    check(square_Sum)\n\ntest_check()\n",
      "timestamp": 1666122935,
      "stdout": "",
      "stderr": "",
      "exit_code": 0,
      "status": "OK"
    },
    {
      "program": "def square_Sum(n: int) -> int:\n    \"\"\"\n\tWrite a python function that takes in an integer n and returns the sum of the squares of the first n odd natural numbers.\n\t\"\"\"\n    return sum([i ** 2 for i in range(1, n * 2, 2)])\n\n\ndef check(candidate):\n    assert candidate(2) == 10\n    assert candidate(3) == 35\n    assert candidate(4) == 84\n\ndef test_check():\n    check(square_Sum)\n\ntest_check()\n",
      "timestamp": 1665510369,
      "stdout": "",
      "stderr": "",
      "exit_code": 0,
      "status": "OK"
    },
    {
      "program": "def square_Sum(n: int) -> int:\n    \"\"\"\n\tWrite a python function that takes in an integer n and returns the sum of the squares of the first n odd natural numbers.\n\t\"\"\"\n    return sum([i ** 2 for i in range(1, n * 2, 2)])\n\n\ndef check(candidate):\n    assert candidate(2) == 10\n    assert candidate(3) == 35\n    assert candidate(4) == 84\n\ndef test_check():\n    check(square_Sum)\n\ntest_check()\n",
      "timestamp": 1665510369,
      "stdout": "",
      "stderr": "",
      "exit_code": 0,
      "status": "OK"
    },
    {
      "program": "def square_Sum(n: int) -> int:\n    \"\"\"\n\tWrite a python function that takes in an integer n and returns the sum of the squares of the first n odd natural numbers.\n\t\"\"\"\n    return sum(map(lambda x: x ** 2, range(1, n * 2, 2)))\n\n\ndef check(candidate):\n    assert candidate(2) == 10\n    assert candidate(3) == 35\n    assert candidate(4) == 84\n\ndef test_check():\n    check(square_Sum)\n\ntest_check()\n",
      "timestamp": 1665510369,
      "stdout": "",
      "stderr": "",
      "exit_code": 0,
      "status": "OK"
    },
    {
      "program": "def square_Sum(n: int) -> int:\n    \"\"\"\n\tWrite a python function that takes in an integer n and returns the sum of the squares of the first n odd natural numbers.\n\t\"\"\"\n    return sum([i ** 2 for i in range(1, n * 2, 2)])\n\n\ndef check(candidate):\n    assert candidate(2) == 10\n    assert candidate(3) == 35\n    assert candidate(4) == 84\n\ndef test_check():\n    check(square_Sum)\n\ntest_check()\n",
      "timestamp": 1665510369,
      "stdout": "",
      "stderr": "",
      "exit_code": 0,
      "status": "OK"
    },
    {
      "program": "def square_Sum(n: int) -> int:\n    \"\"\"\n\tWrite a python function that takes in an integer n and returns the sum of the squares of the first n odd natural numbers.\n\t\"\"\"\n    if n < 0:\n        return -1\n    else:\n        return sum([i ** 2 for i in range(1, n * 2, 2)])\n\n\ndef check(candidate):\n    assert candidate(2) == 10\n    assert candidate(3) == 35\n    assert candidate(4) == 84\n\ndef test_check():\n    check(square_Sum)\n\ntest_check()\n",
      "timestamp": 1666122935,
      "stdout": "",
      "stderr": "",
      "exit_code": 0,
      "status": "OK"
    },
    {
      "program": "def square_Sum(n: int) -> int:\n    \"\"\"\n\tWrite a python function that takes in an integer n and returns the sum of the squares of the first n odd natural numbers.\n\t\"\"\"\n    return sum(i ** 2 for i in range(1, n * 2, 2))\n\n\ndef check(candidate):\n    assert candidate(2) == 10\n    assert candidate(3) == 35\n    assert candidate(4) == 84\n\ndef test_check():\n    check(square_Sum)\n\ntest_check()\n",
      "timestamp": 1665510369,
      "stdout": "",
      "stderr": "",
      "exit_code": 0,
      "status": "OK"
    },
    {
      "program": "def square_Sum(n: int) -> int:\n    \"\"\"\n\tWrite a python function that takes in an integer n and returns the sum of the squares of the first n odd natural numbers.\n\t\"\"\"\n    return sum([i**2 for i in range(1, n+1) if i % 2 != 0])\n\n\ndef check(candidate):\n    assert candidate(2) == 10\n    assert candidate(3) == 35\n    assert candidate(4) == 84\n\ndef test_check():\n    check(square_Sum)\n\ntest_check()\n",
      "timestamp": 1666122935,
      "stdout": "",
      "stderr": "Traceback (most recent call last):\n  File \"/tmp/tmpqgbn_l_h.py\", line 16, in <module>\n    test_check()\n  File \"/tmp/tmpqgbn_l_h.py\", line 14, in test_check\n    check(square_Sum)\n  File \"/tmp/tmpqgbn_l_h.py\", line 9, in check\n    assert candidate(2) == 10\nAssertionError\n",
      "exit_code": 1,
      "status": "Exception"
    },
    {
      "program": "def square_Sum(n: int) -> int:\n    \"\"\"\n\tWrite a python function that takes in an integer n and returns the sum of the squares of the first n odd natural numbers.\n\t\"\"\"\n    return sum([x ** 2 for x in range(1, n * 2, 2)])\n\n\ndef check(candidate):\n    assert candidate(2) == 10\n    assert candidate(3) == 35\n    assert candidate(4) == 84\n\ndef test_check():\n    check(square_Sum)\n\ntest_check()\n",
      "timestamp": 1666122934,
      "stdout": "",
      "stderr": "",
      "exit_code": 0,
      "status": "OK"
    },
    {
      "program": "def square_Sum(n: int) -> int:\n    \"\"\"\n\tWrite a python function that takes in an integer n and returns the sum of the squares of the first n odd natural numbers.\n\t\"\"\"\n    return sum([i ** 2 for i in range(1, n * 2, 2)])\n\n\ndef check(candidate):\n    assert candidate(2) == 10\n    assert candidate(3) == 35\n    assert candidate(4) == 84\n\ndef test_check():\n    check(square_Sum)\n\ntest_check()\n",
      "timestamp": 1665510369,
      "stdout": "",
      "stderr": "",
      "exit_code": 0,
      "status": "OK"
    },
    {
      "program": "def square_Sum(n: int) -> int:\n    \"\"\"\n\tWrite a python function that takes in an integer n and returns the sum of the squares of the first n odd natural numbers.\n\t\"\"\"\n    return sum(i ** 2 for i in range(1, n + 1, 2))\n\n\ndef check(candidate):\n    assert candidate(2) == 10\n    assert candidate(3) == 35\n    assert candidate(4) == 84\n\ndef test_check():\n    check(square_Sum)\n\ntest_check()\n",
      "timestamp": 1665510369,
      "stdout": "",
      "stderr": "Traceback (most recent call last):\n  File \"/tmp/tmp262u8uep.py\", line 16, in <module>\n    test_check()\n  File \"/tmp/tmp262u8uep.py\", line 14, in test_check\n    check(square_Sum)\n  File \"/tmp/tmp262u8uep.py\", line 9, in check\n    assert candidate(2) == 10\nAssertionError\n",
      "exit_code": 1,
      "status": "Exception"
    },
    {
      "program": "def square_Sum(n: int) -> int:\n    \"\"\"\n\tWrite a python function that takes in an integer n and returns the sum of the squares of the first n odd natural numbers.\n\t\"\"\"\n    return sum([i ** 2 for i in range(1, n * 2, 2)])\n\n\ndef check(candidate):\n    assert candidate(2) == 10\n    assert candidate(3) == 35\n    assert candidate(4) == 84\n\ndef test_check():\n    check(square_Sum)\n\ntest_check()\n",
      "timestamp": 1665510369,
      "stdout": "",
      "stderr": "",
      "exit_code": 0,
      "status": "OK"
    },
    {
      "program": "def square_Sum(n: int) -> int:\n    \"\"\"\n\tWrite a python function that takes in an integer n and returns the sum of the squares of the first n odd natural numbers.\n\t\"\"\"\n    return sum(i ** 2 for i in range(1, n + 1, 2))\n\n\ndef check(candidate):\n    assert candidate(2) == 10\n    assert candidate(3) == 35\n    assert candidate(4) == 84\n\ndef test_check():\n    check(square_Sum)\n\ntest_check()\n",
      "timestamp": 1665510369,
      "stdout": "",
      "stderr": "Traceback (most recent call last):\n  File \"/tmp/tmp262u8uep.py\", line 16, in <module>\n    test_check()\n  File \"/tmp/tmp262u8uep.py\", line 14, in test_check\n    check(square_Sum)\n  File \"/tmp/tmp262u8uep.py\", line 9, in check\n    assert candidate(2) == 10\nAssertionError\n",
      "exit_code": 1,
      "status": "Exception"
    },
    {
      "program": "def square_Sum(n: int) -> int:\n    \"\"\"\n\tWrite a python function that takes in an integer n and returns the sum of the squares of the first n odd natural numbers.\n\t\"\"\"\n    if n < 0:\n        return 0\n    return sum([i ** 2 for i in range(1, n * 2, 2)])\n\n\ndef check(candidate):\n    assert candidate(2) == 10\n    assert candidate(3) == 35\n    assert candidate(4) == 84\n\ndef test_check():\n    check(square_Sum)\n\ntest_check()\n",
      "timestamp": 1666122935,
      "stdout": "",
      "stderr": "",
      "exit_code": 0,
      "status": "OK"
    },
    {
      "program": "def square_Sum(n: int) -> int:\n    \"\"\"\n\tWrite a python function that takes in an integer n and returns the sum of the squares of the first n odd natural numbers.\n\t\"\"\"\n    return sum([i ** 2 for i in range(1, n * 2, 2)])\n\n\ndef check(candidate):\n    assert candidate(2) == 10\n    assert candidate(3) == 35\n    assert candidate(4) == 84\n\ndef test_check():\n    check(square_Sum)\n\ntest_check()\n",
      "timestamp": 1665510369,
      "stdout": "",
      "stderr": "",
      "exit_code": 0,
      "status": "OK"
    },
    {
      "program": "def square_Sum(n: int) -> int:\n    \"\"\"\n\tWrite a python function that takes in an integer n and returns the sum of the squares of the first n odd natural numbers.\n\t\"\"\"\n    return sum([i ** 2 for i in range(1, n * 2, 2)])\n\n\ndef check(candidate):\n    assert candidate(2) == 10\n    assert candidate(3) == 35\n    assert candidate(4) == 84\n\ndef test_check():\n    check(square_Sum)\n\ntest_check()\n",
      "timestamp": 1665510369,
      "stdout": "",
      "stderr": "",
      "exit_code": 0,
      "status": "OK"
    },
    {
      "program": "def square_Sum(n: int) -> int:\n    \"\"\"\n\tWrite a python function that takes in an integer n and returns the sum of the squares of the first n odd natural numbers.\n\t\"\"\"\n    return sum([i ** 2 for i in range(1, n * 2, 2)])\n\n\ndef check(candidate):\n    assert candidate(2) == 10\n    assert candidate(3) == 35\n    assert candidate(4) == 84\n\ndef test_check():\n    check(square_Sum)\n\ntest_check()\n",
      "timestamp": 1665510369,
      "stdout": "",
      "stderr": "",
      "exit_code": 0,
      "status": "OK"
    },
    {
      "program": "def square_Sum(n: int) -> int:\n    \"\"\"\n\tWrite a python function that takes in an integer n and returns the sum of the squares of the first n odd natural numbers.\n\t\"\"\"\n    return sum([i ** 2 for i in range(1, n * 2, 2)])\n\n\ndef check(candidate):\n    assert candidate(2) == 10\n    assert candidate(3) == 35\n    assert candidate(4) == 84\n\ndef test_check():\n    check(square_Sum)\n\ntest_check()\n",
      "timestamp": 1665510369,
      "stdout": "",
      "stderr": "",
      "exit_code": 0,
      "status": "OK"
    },
    {
      "program": "def square_Sum(n: int) -> int:\n    \"\"\"\n\tWrite a python function that takes in an integer n and returns the sum of the squares of the first n odd natural numbers.\n\t\"\"\"\n    return sum(map(lambda x: x ** 2, range(1, n + 1, 2)))\n\n\ndef check(candidate):\n    assert candidate(2) == 10\n    assert candidate(3) == 35\n    assert candidate(4) == 84\n\ndef test_check():\n    check(square_Sum)\n\ntest_check()\n",
      "timestamp": 1666122935,
      "stdout": "",
      "stderr": "Traceback (most recent call last):\n  File \"/tmp/tmpbxtcj5aq.py\", line 16, in <module>\n    test_check()\n  File \"/tmp/tmpbxtcj5aq.py\", line 14, in test_check\n    check(square_Sum)\n  File \"/tmp/tmpbxtcj5aq.py\", line 9, in check\n    assert candidate(2) == 10\nAssertionError\n",
      "exit_code": 1,
      "status": "Exception"
    },
    {
      "program": "def square_Sum(n: int) -> int:\n    \"\"\"\n\tWrite a python function that takes in an integer n and returns the sum of the squares of the first n odd natural numbers.\n\t\"\"\"\n    return sum([i ** 2 for i in range(1, n * 2, 2)])\n\n\ndef check(candidate):\n    assert candidate(2) == 10\n    assert candidate(3) == 35\n    assert candidate(4) == 84\n\ndef test_check():\n    check(square_Sum)\n\ntest_check()\n",
      "timestamp": 1665510369,
      "stdout": "",
      "stderr": "",
      "exit_code": 0,
      "status": "OK"
    },
    {
      "program": "def square_Sum(n: int) -> int:\n    \"\"\"\n\tWrite a python function that takes in an integer n and returns the sum of the squares of the first n odd natural numbers.\n\t\"\"\"\n    return sum([i ** 2 for i in range(1, n * 2, 2)])\n\n\ndef check(candidate):\n    assert candidate(2) == 10\n    assert candidate(3) == 35\n    assert candidate(4) == 84\n\ndef test_check():\n    check(square_Sum)\n\ntest_check()\n",
      "timestamp": 1665510369,
      "stdout": "",
      "stderr": "",
      "exit_code": 0,
      "status": "OK"
    },
    {
      "program": "def square_Sum(n: int) -> int:\n    \"\"\"\n\tWrite a python function that takes in an integer n and returns the sum of the squares of the first n odd natural numbers.\n\t\"\"\"\n    return sum(i ** 2 for i in range(1, n * 2, 2))\n\n\ndef check(candidate):\n    assert candidate(2) == 10\n    assert candidate(3) == 35\n    assert candidate(4) == 84\n\ndef test_check():\n    check(square_Sum)\n\ntest_check()\n",
      "timestamp": 1665510369,
      "stdout": "",
      "stderr": "",
      "exit_code": 0,
      "status": "OK"
    },
    {
      "program": "def square_Sum(n: int) -> int:\n    \"\"\"\n\tWrite a python function that takes in an integer n and returns the sum of the squares of the first n odd natural numbers.\n\t\"\"\"\n    return sum(map(lambda x: x ** 2, filter(lambda x: x % 2 != 0, range(1, n + 1))))\n\n\ndef check(candidate):\n    assert candidate(2) == 10\n    assert candidate(3) == 35\n    assert candidate(4) == 84\n\ndef test_check():\n    check(square_Sum)\n\ntest_check()\n",
      "timestamp": 1666122935,
      "stdout": "",
      "stderr": "Traceback (most recent call last):\n  File \"/tmp/tmpdx0zn_i8.py\", line 16, in <module>\n    test_check()\n  File \"/tmp/tmpdx0zn_i8.py\", line 14, in test_check\n    check(square_Sum)\n  File \"/tmp/tmpdx0zn_i8.py\", line 9, in check\n    assert candidate(2) == 10\nAssertionError\n",
      "exit_code": 1,
      "status": "Exception"
    },
    {
      "program": "def square_Sum(n: int) -> int:\n    \"\"\"\n\tWrite a python function that takes in an integer n and returns the sum of the squares of the first n odd natural numbers.\n\t\"\"\"\n    return sum(map(lambda x: x ** 2, range(1, n * 2, 2)))\n\n\ndef check(candidate):\n    assert candidate(2) == 10\n    assert candidate(3) == 35\n    assert candidate(4) == 84\n\ndef test_check():\n    check(square_Sum)\n\ntest_check()\n",
      "timestamp": 1665510369,
      "stdout": "",
      "stderr": "",
      "exit_code": 0,
      "status": "OK"
    },
    {
      "program": "def square_Sum(n: int) -> int:\n    \"\"\"\n\tWrite a python function that takes in an integer n and returns the sum of the squares of the first n odd natural numbers.\n\t\"\"\"\n    return sum([i ** 2 for i in range(1, n * 2, 2)])\n\n\ndef check(candidate):\n    assert candidate(2) == 10\n    assert candidate(3) == 35\n    assert candidate(4) == 84\n\ndef test_check():\n    check(square_Sum)\n\ntest_check()\n",
      "timestamp": 1665510369,
      "stdout": "",
      "stderr": "",
      "exit_code": 0,
      "status": "OK"
    },
    {
      "program": "def square_Sum(n: int) -> int:\n    \"\"\"\n\tWrite a python function that takes in an integer n and returns the sum of the squares of the first n odd natural numbers.\n\t\"\"\"\n    return sum([i ** 2 for i in range(1, n * 2, 2)])\n\n\ndef check(candidate):\n    assert candidate(2) == 10\n    assert candidate(3) == 35\n    assert candidate(4) == 84\n\ndef test_check():\n    check(square_Sum)\n\ntest_check()\n",
      "timestamp": 1665510369,
      "stdout": "",
      "stderr": "",
      "exit_code": 0,
      "status": "OK"
    },
    {
      "program": "def square_Sum(n: int) -> int:\n    \"\"\"\n\tWrite a python function that takes in an integer n and returns the sum of the squares of the first n odd natural numbers.\n\t\"\"\"\n    return sum([i ** 2 for i in range(1, n * 2, 2)])\n\n\ndef check(candidate):\n    assert candidate(2) == 10\n    assert candidate(3) == 35\n    assert candidate(4) == 84\n\ndef test_check():\n    check(square_Sum)\n\ntest_check()\n",
      "timestamp": 1665510369,
      "stdout": "",
      "stderr": "",
      "exit_code": 0,
      "status": "OK"
    },
    {
      "program": "def square_Sum(n: int) -> int:\n    \"\"\"\n\tWrite a python function that takes in an integer n and returns the sum of the squares of the first n odd natural numbers.\n\t\"\"\"\n    return sum([i ** 2 for i in range(1, n * 2, 2)])\n\n\ndef check(candidate):\n    assert candidate(2) == 10\n    assert candidate(3) == 35\n    assert candidate(4) == 84\n\ndef test_check():\n    check(square_Sum)\n\ntest_check()\n",
      "timestamp": 1665510369,
      "stdout": "",
      "stderr": "",
      "exit_code": 0,
      "status": "OK"
    },
    {
      "program": "def square_Sum(n: int) -> int:\n    \"\"\"\n\tWrite a python function that takes in an integer n and returns the sum of the squares of the first n odd natural numbers.\n\t\"\"\"\n    return sum([i ** 2 for i in range(1, n * 2, 2)])\n\n\ndef check(candidate):\n    assert candidate(2) == 10\n    assert candidate(3) == 35\n    assert candidate(4) == 84\n\ndef test_check():\n    check(square_Sum)\n\ntest_check()\n",
      "timestamp": 1665510369,
      "stdout": "",
      "stderr": "",
      "exit_code": 0,
      "status": "OK"
    },
    {
      "program": "def square_Sum(n: int) -> int:\n    \"\"\"\n\tWrite a python function that takes in an integer n and returns the sum of the squares of the first n odd natural numbers.\n\t\"\"\"\n    return sum([i ** 2 for i in range(1, n * 2, 2)])\n\n\ndef check(candidate):\n    assert candidate(2) == 10\n    assert candidate(3) == 35\n    assert candidate(4) == 84\n\ndef test_check():\n    check(square_Sum)\n\ntest_check()\n",
      "timestamp": 1665510369,
      "stdout": "",
      "stderr": "",
      "exit_code": 0,
      "status": "OK"
    },
    {
      "program": "def square_Sum(n: int) -> int:\n    \"\"\"\n\tWrite a python function that takes in an integer n and returns the sum of the squares of the first n odd natural numbers.\n\t\"\"\"\n    return sum([i ** 2 for i in range(1, n * 2, 2)])\n\n\ndef check(candidate):\n    assert candidate(2) == 10\n    assert candidate(3) == 35\n    assert candidate(4) == 84\n\ndef test_check():\n    check(square_Sum)\n\ntest_check()\n",
      "timestamp": 1665510369,
      "stdout": "",
      "stderr": "",
      "exit_code": 0,
      "status": "OK"
    },
    {
      "program": "def square_Sum(n: int) -> int:\n    \"\"\"\n\tWrite a python function that takes in an integer n and returns the sum of the squares of the first n odd natural numbers.\n\t\"\"\"\n    return sum(map(lambda x: x ** 2, range(1, n * 2, 2)))\n\n\ndef check(candidate):\n    assert candidate(2) == 10\n    assert candidate(3) == 35\n    assert candidate(4) == 84\n\ndef test_check():\n    check(square_Sum)\n\ntest_check()\n",
      "timestamp": 1665510369,
      "stdout": "",
      "stderr": "",
      "exit_code": 0,
      "status": "OK"
    },
    {
      "program": "def square_Sum(n: int) -> int:\n    \"\"\"\n\tWrite a python function that takes in an integer n and returns the sum of the squares of the first n odd natural numbers.\n\t\"\"\"\n    return sum([i ** 2 for i in range(1, n * 2, 2)])\n\n\ndef check(candidate):\n    assert candidate(2) == 10\n    assert candidate(3) == 35\n    assert candidate(4) == 84\n\ndef test_check():\n    check(square_Sum)\n\ntest_check()\n",
      "timestamp": 1665510369,
      "stdout": "",
      "stderr": "",
      "exit_code": 0,
      "status": "OK"
    },
    {
      "program": "def square_Sum(n: int) -> int:\n    \"\"\"\n\tWrite a python function that takes in an integer n and returns the sum of the squares of the first n odd natural numbers.\n\t\"\"\"\n    return sum([i ** 2 for i in range(1, n * 2, 2)])\n\n\ndef check(candidate):\n    assert candidate(2) == 10\n    assert candidate(3) == 35\n    assert candidate(4) == 84\n\ndef test_check():\n    check(square_Sum)\n\ntest_check()\n",
      "timestamp": 1665510369,
      "stdout": "",
      "stderr": "",
      "exit_code": 0,
      "status": "OK"
    },
    {
      "program": "def square_Sum(n: int) -> int:\n    \"\"\"\n\tWrite a python function that takes in an integer n and returns the sum of the squares of the first n odd natural numbers.\n\t\"\"\"\n    return sum(i ** 2 for i in range(1, n + 1, 2))\n\n\ndef check(candidate):\n    assert candidate(2) == 10\n    assert candidate(3) == 35\n    assert candidate(4) == 84\n\ndef test_check():\n    check(square_Sum)\n\ntest_check()\n",
      "timestamp": 1665510369,
      "stdout": "",
      "stderr": "Traceback (most recent call last):\n  File \"/tmp/tmp262u8uep.py\", line 16, in <module>\n    test_check()\n  File \"/tmp/tmp262u8uep.py\", line 14, in test_check\n    check(square_Sum)\n  File \"/tmp/tmp262u8uep.py\", line 9, in check\n    assert candidate(2) == 10\nAssertionError\n",
      "exit_code": 1,
      "status": "Exception"
    },
    {
      "program": "def square_Sum(n: int) -> int:\n    \"\"\"\n\tWrite a python function that takes in an integer n and returns the sum of the squares of the first n odd natural numbers.\n\t\"\"\"\n    return sum(i ** 2 for i in range(1, n + 1, 2))\n\n\ndef check(candidate):\n    assert candidate(2) == 10\n    assert candidate(3) == 35\n    assert candidate(4) == 84\n\ndef test_check():\n    check(square_Sum)\n\ntest_check()\n",
      "timestamp": 1665510369,
      "stdout": "",
      "stderr": "Traceback (most recent call last):\n  File \"/tmp/tmp262u8uep.py\", line 16, in <module>\n    test_check()\n  File \"/tmp/tmp262u8uep.py\", line 14, in test_check\n    check(square_Sum)\n  File \"/tmp/tmp262u8uep.py\", line 9, in check\n    assert candidate(2) == 10\nAssertionError\n",
      "exit_code": 1,
      "status": "Exception"
    },
    {
      "program": "def square_Sum(n: int) -> int:\n    \"\"\"\n\tWrite a python function that takes in an integer n and returns the sum of the squares of the first n odd natural numbers.\n\t\"\"\"\n    return sum(i ** 2 for i in range(1, n + 1, 2))\n\n\ndef check(candidate):\n    assert candidate(2) == 10\n    assert candidate(3) == 35\n    assert candidate(4) == 84\n\ndef test_check():\n    check(square_Sum)\n\ntest_check()\n",
      "timestamp": 1665510369,
      "stdout": "",
      "stderr": "Traceback (most recent call last):\n  File \"/tmp/tmp262u8uep.py\", line 16, in <module>\n    test_check()\n  File \"/tmp/tmp262u8uep.py\", line 14, in test_check\n    check(square_Sum)\n  File \"/tmp/tmp262u8uep.py\", line 9, in check\n    assert candidate(2) == 10\nAssertionError\n",
      "exit_code": 1,
      "status": "Exception"
    },
    {
      "program": "def square_Sum(n: int) -> int:\n    \"\"\"\n\tWrite a python function that takes in an integer n and returns the sum of the squares of the first n odd natural numbers.\n\t\"\"\"\n    return sum([i ** 2 for i in range(1, n * 2, 2)])\n\n\ndef check(candidate):\n    assert candidate(2) == 10\n    assert candidate(3) == 35\n    assert candidate(4) == 84\n\ndef test_check():\n    check(square_Sum)\n\ntest_check()\n",
      "timestamp": 1665510369,
      "stdout": "",
      "stderr": "",
      "exit_code": 0,
      "status": "OK"
    },
    {
      "program": "def square_Sum(n: int) -> int:\n    \"\"\"\n\tWrite a python function that takes in an integer n and returns the sum of the squares of the first n odd natural numbers.\n\t\"\"\"\n    return sum([i ** 2 for i in range(1, n * 2, 2)])\n\n\ndef check(candidate):\n    assert candidate(2) == 10\n    assert candidate(3) == 35\n    assert candidate(4) == 84\n\ndef test_check():\n    check(square_Sum)\n\ntest_check()\n",
      "timestamp": 1665510369,
      "stdout": "",
      "stderr": "",
      "exit_code": 0,
      "status": "OK"
    },
    {
      "program": "def square_Sum(n: int) -> int:\n    \"\"\"\n\tWrite a python function that takes in an integer n and returns the sum of the squares of the first n odd natural numbers.\n\t\"\"\"\n    return sum(i ** 2 for i in range(1, n + 1, 2))\n\n\ndef check(candidate):\n    assert candidate(2) == 10\n    assert candidate(3) == 35\n    assert candidate(4) == 84\n\ndef test_check():\n    check(square_Sum)\n\ntest_check()\n",
      "timestamp": 1665510369,
      "stdout": "",
      "stderr": "Traceback (most recent call last):\n  File \"/tmp/tmp262u8uep.py\", line 16, in <module>\n    test_check()\n  File \"/tmp/tmp262u8uep.py\", line 14, in test_check\n    check(square_Sum)\n  File \"/tmp/tmp262u8uep.py\", line 9, in check\n    assert candidate(2) == 10\nAssertionError\n",
      "exit_code": 1,
      "status": "Exception"
    },
    {
      "program": "def square_Sum(n: int) -> int:\n    \"\"\"\n\tWrite a python function that takes in an integer n and returns the sum of the squares of the first n odd natural numbers.\n\t\"\"\"\n    return sum([i**2 for i in range(1, n*2, 2)])\n\n\ndef check(candidate):\n    assert candidate(2) == 10\n    assert candidate(3) == 35\n    assert candidate(4) == 84\n\ndef test_check():\n    check(square_Sum)\n\ntest_check()\n",
      "timestamp": 1665510369,
      "stdout": "",
      "stderr": "",
      "exit_code": 0,
      "status": "OK"
    },
    {
      "program": "def square_Sum(n: int) -> int:\n    \"\"\"\n\tWrite a python function that takes in an integer n and returns the sum of the squares of the first n odd natural numbers.\n\t\"\"\"\n    return sum([i ** 2 for i in range(1, n * 2, 2)])\n\n\ndef check(candidate):\n    assert candidate(2) == 10\n    assert candidate(3) == 35\n    assert candidate(4) == 84\n\ndef test_check():\n    check(square_Sum)\n\ntest_check()\n",
      "timestamp": 1665510369,
      "stdout": "",
      "stderr": "",
      "exit_code": 0,
      "status": "OK"
    },
    {
      "program": "def square_Sum(n: int) -> int:\n    \"\"\"\n\tWrite a python function that takes in an integer n and returns the sum of the squares of the first n odd natural numbers.\n\t\"\"\"\n    return sum([i ** 2 for i in range(1, n * 2, 2)])\n\n\ndef check(candidate):\n    assert candidate(2) == 10\n    assert candidate(3) == 35\n    assert candidate(4) == 84\n\ndef test_check():\n    check(square_Sum)\n\ntest_check()\n",
      "timestamp": 1665510369,
      "stdout": "",
      "stderr": "",
      "exit_code": 0,
      "status": "OK"
    },
    {
      "program": "def square_Sum(n: int) -> int:\n    \"\"\"\n\tWrite a python function that takes in an integer n and returns the sum of the squares of the first n odd natural numbers.\n\t\"\"\"\n    return sum(i ** 2 for i in range(1, n * 2, 2))\n\n\ndef check(candidate):\n    assert candidate(2) == 10\n    assert candidate(3) == 35\n    assert candidate(4) == 84\n\ndef test_check():\n    check(square_Sum)\n\ntest_check()\n",
      "timestamp": 1665510369,
      "stdout": "",
      "stderr": "",
      "exit_code": 0,
      "status": "OK"
    },
    {
      "program": "def square_Sum(n: int) -> int:\n    \"\"\"\n\tWrite a python function that takes in an integer n and returns the sum of the squares of the first n odd natural numbers.\n\t\"\"\"\n    return sum([i ** 2 for i in range(1, n * 2, 2)])\n\n\ndef check(candidate):\n    assert candidate(2) == 10\n    assert candidate(3) == 35\n    assert candidate(4) == 84\n\ndef test_check():\n    check(square_Sum)\n\ntest_check()\n",
      "timestamp": 1665510369,
      "stdout": "",
      "stderr": "",
      "exit_code": 0,
      "status": "OK"
    },
    {
      "program": "def square_Sum(n: int) -> int:\n    \"\"\"\n\tWrite a python function that takes in an integer n and returns the sum of the squares of the first n odd natural numbers.\n\t\"\"\"\n    return sum(i ** 2 for i in range(1, n + 1, 2))\n\n\ndef check(candidate):\n    assert candidate(2) == 10\n    assert candidate(3) == 35\n    assert candidate(4) == 84\n\ndef test_check():\n    check(square_Sum)\n\ntest_check()\n",
      "timestamp": 1665510369,
      "stdout": "",
      "stderr": "Traceback (most recent call last):\n  File \"/tmp/tmp262u8uep.py\", line 16, in <module>\n    test_check()\n  File \"/tmp/tmp262u8uep.py\", line 14, in test_check\n    check(square_Sum)\n  File \"/tmp/tmp262u8uep.py\", line 9, in check\n    assert candidate(2) == 10\nAssertionError\n",
      "exit_code": 1,
      "status": "Exception"
    },
    {
      "program": "def square_Sum(n: int) -> int:\n    \"\"\"\n\tWrite a python function that takes in an integer n and returns the sum of the squares of the first n odd natural numbers.\n\t\"\"\"\n    return sum(i ** 2 for i in range(1, n * 2, 2))\n\n\ndef check(candidate):\n    assert candidate(2) == 10\n    assert candidate(3) == 35\n    assert candidate(4) == 84\n\ndef test_check():\n    check(square_Sum)\n\ntest_check()\n",
      "timestamp": 1665510369,
      "stdout": "",
      "stderr": "",
      "exit_code": 0,
      "status": "OK"
    },
    {
      "program": "def square_Sum(n: int) -> int:\n    \"\"\"\n\tWrite a python function that takes in an integer n and returns the sum of the squares of the first n odd natural numbers.\n\t\"\"\"\n    return sum(i ** 2 for i in range(1, n * 2, 2))\n\n\ndef check(candidate):\n    assert candidate(2) == 10\n    assert candidate(3) == 35\n    assert candidate(4) == 84\n\ndef test_check():\n    check(square_Sum)\n\ntest_check()\n",
      "timestamp": 1665510369,
      "stdout": "",
      "stderr": "",
      "exit_code": 0,
      "status": "OK"
    },
    {
      "program": "def square_Sum(n: int) -> int:\n    \"\"\"\n\tWrite a python function that takes in an integer n and returns the sum of the squares of the first n odd natural numbers.\n\t\"\"\"\n    if n <= 0:\n        return 0\n    return sum(map(lambda x: x ** 2, range(1, n * 2, 2)))\n\n\ndef check(candidate):\n    assert candidate(2) == 10\n    assert candidate(3) == 35\n    assert candidate(4) == 84\n\ndef test_check():\n    check(square_Sum)\n\ntest_check()\n",
      "timestamp": 1666122935,
      "stdout": "",
      "stderr": "",
      "exit_code": 0,
      "status": "OK"
    },
    {
      "program": "def square_Sum(n: int) -> int:\n    \"\"\"\n\tWrite a python function that takes in an integer n and returns the sum of the squares of the first n odd natural numbers.\n\t\"\"\"\n    return sum([i ** 2 for i in range(1, n * 2, 2)])\n\n\ndef check(candidate):\n    assert candidate(2) == 10\n    assert candidate(3) == 35\n    assert candidate(4) == 84\n\ndef test_check():\n    check(square_Sum)\n\ntest_check()\n",
      "timestamp": 1665510369,
      "stdout": "",
      "stderr": "",
      "exit_code": 0,
      "status": "OK"
    },
    {
      "program": "def square_Sum(n: int) -> int:\n    \"\"\"\n\tWrite a python function that takes in an integer n and returns the sum of the squares of the first n odd natural numbers.\n\t\"\"\"\n    return sum([x ** 2 for x in range(1, n * 2, 2)])\n\n\ndef check(candidate):\n    assert candidate(2) == 10\n    assert candidate(3) == 35\n    assert candidate(4) == 84\n\ndef test_check():\n    check(square_Sum)\n\ntest_check()\n",
      "timestamp": 1666122934,
      "stdout": "",
      "stderr": "",
      "exit_code": 0,
      "status": "OK"
    },
    {
      "program": "def square_Sum(n: int) -> int:\n    \"\"\"\n\tWrite a python function that takes in an integer n and returns the sum of the squares of the first n odd natural numbers.\n\t\"\"\"\n    return sum(i ** 2 for i in range(1, n * 2, 2))\n\n\ndef check(candidate):\n    assert candidate(2) == 10\n    assert candidate(3) == 35\n    assert candidate(4) == 84\n\ndef test_check():\n    check(square_Sum)\n\ntest_check()\n",
      "timestamp": 1665510369,
      "stdout": "",
      "stderr": "",
      "exit_code": 0,
      "status": "OK"
    },
    {
      "program": "def square_Sum(n: int) -> int:\n    \"\"\"\n\tWrite a python function that takes in an integer n and returns the sum of the squares of the first n odd natural numbers.\n\t\"\"\"\n    return sum([i ** 2 for i in range(1, n * 2, 2)])\n\n\ndef check(candidate):\n    assert candidate(2) == 10\n    assert candidate(3) == 35\n    assert candidate(4) == 84\n\ndef test_check():\n    check(square_Sum)\n\ntest_check()\n",
      "timestamp": 1665510369,
      "stdout": "",
      "stderr": "",
      "exit_code": 0,
      "status": "OK"
    }
  ]
}