{
  "name": "mbpp_603_get_ludic",
  "language": "py",
  "prompt": "from typing import List\n\ndef get_ludic(n: int) -> List[int]:\n    \"\"\"\n\tWrite a function to get all lucid numbers smaller than or equal to a given integer.\n\t\"\"\"\n",
  "doctests": "keep",
  "original": "/home/arjun/repos/MultiPL-E/datasets/../datasets/mbpp-typed/mbpp_603_get_ludic.py",
  "prompt_terminology": "verbatim",
  "tests": "def check(candidate):\n    assert candidate(10) == [1, 2, 3, 5, 7]\n    assert candidate(25) == [1, 2, 3, 5, 7, 11, 13, 17, 23, 25]\n    assert candidate(45) == [1, 2, 3, 5, 7, 11, 13, 17, 23, 25, 29, 37, 41, 43]\n\ndef test_check():\n    check(get_ludic)\n\ntest_check()\n",
  "stop_tokens": [
    "\ndef",
    "\n#",
    "\nif",
    "\nclass"
  ],
  "results": [
    {
      "program": "from typing import List\n\ndef get_ludic(n: int) -> List[int]:\n    \"\"\"\n\tWrite a function to get all lucid numbers smaller than or equal to a given integer.\n\t\"\"\"\n    return [i for i in range(1, n + 1) if is_ludic(i)]\n\ndef check(candidate):\n    assert candidate(10) == [1, 2, 3, 5, 7]\n    assert candidate(25) == [1, 2, 3, 5, 7, 11, 13, 17, 23, 25]\n    assert candidate(45) == [1, 2, 3, 5, 7, 11, 13, 17, 23, 25, 29, 37, 41, 43]\n\ndef test_check():\n    check(get_ludic)\n\ntest_check()\n",
      "timestamp": 1665510490,
      "stdout": "",
      "stderr": "Traceback (most recent call last):\n  File \"/tmp/tmpj5cs29eg.py\", line 17, in <module>\n    test_check()\n  File \"/tmp/tmpj5cs29eg.py\", line 15, in test_check\n    check(get_ludic)\n  File \"/tmp/tmpj5cs29eg.py\", line 10, in check\n    assert candidate(10) == [1, 2, 3, 5, 7]\n  File \"/tmp/tmpj5cs29eg.py\", line 7, in get_ludic\n    return [i for i in range(1, n + 1) if is_ludic(i)]\n  File \"/tmp/tmpj5cs29eg.py\", line 7, in <listcomp>\n    return [i for i in range(1, n + 1) if is_ludic(i)]\nNameError: name 'is_ludic' is not defined. Did you mean: 'get_ludic'?\n",
      "exit_code": 1,
      "status": "Exception"
    },
    {
      "program": "from typing import List\n\ndef get_ludic(n: int) -> List[int]:\n    \"\"\"\n\tWrite a function to get all lucid numbers smaller than or equal to a given integer.\n\t\"\"\"\n    return [x for x in range(1, n + 1) if x % 2 == 1 and x % 3 == 1 and x % 5 == 1]\n\ndef check(candidate):\n    assert candidate(10) == [1, 2, 3, 5, 7]\n    assert candidate(25) == [1, 2, 3, 5, 7, 11, 13, 17, 23, 25]\n    assert candidate(45) == [1, 2, 3, 5, 7, 11, 13, 17, 23, 25, 29, 37, 41, 43]\n\ndef test_check():\n    check(get_ludic)\n\ntest_check()\n",
      "timestamp": 1665510490,
      "stdout": "",
      "stderr": "Traceback (most recent call last):\n  File \"/tmp/tmpfjygml6x.py\", line 17, in <module>\n    test_check()\n  File \"/tmp/tmpfjygml6x.py\", line 15, in test_check\n    check(get_ludic)\n  File \"/tmp/tmpfjygml6x.py\", line 10, in check\n    assert candidate(10) == [1, 2, 3, 5, 7]\nAssertionError\n",
      "exit_code": 1,
      "status": "Exception"
    },
    {
      "program": "from typing import List\n\ndef get_ludic(n: int) -> List[int]:\n    \"\"\"\n\tWrite a function to get all lucid numbers smaller than or equal to a given integer.\n\t\"\"\"\n    ludic_numbers = []\n    for i in range(1, n + 1):\n        if is_ludic(i):\n            ludic_numbers.append(i)\n    return ludic_numbers\n\ndef check(candidate):\n    assert candidate(10) == [1, 2, 3, 5, 7]\n    assert candidate(25) == [1, 2, 3, 5, 7, 11, 13, 17, 23, 25]\n    assert candidate(45) == [1, 2, 3, 5, 7, 11, 13, 17, 23, 25, 29, 37, 41, 43]\n\ndef test_check():\n    check(get_ludic)\n\ntest_check()\n",
      "timestamp": 1665510490,
      "stdout": "",
      "stderr": "Traceback (most recent call last):\n  File \"/tmp/tmpvmyz77nr.py\", line 21, in <module>\n    test_check()\n  File \"/tmp/tmpvmyz77nr.py\", line 19, in test_check\n    check(get_ludic)\n  File \"/tmp/tmpvmyz77nr.py\", line 14, in check\n    assert candidate(10) == [1, 2, 3, 5, 7]\n  File \"/tmp/tmpvmyz77nr.py\", line 9, in get_ludic\n    if is_ludic(i):\nNameError: name 'is_ludic' is not defined. Did you mean: 'get_ludic'?\n",
      "exit_code": 1,
      "status": "Exception"
    },
    {
      "program": "from typing import List\n\ndef get_ludic(n: int) -> List[int]:\n    \"\"\"\n\tWrite a function to get all lucid numbers smaller than or equal to a given integer.\n\t\"\"\"\n    return [i for i in range(1, n + 1) if i % 3 == 0 or i % 5 == 0]\ndef check(candidate):\n    assert candidate(10) == [1, 2, 3, 5, 7]\n    assert candidate(25) == [1, 2, 3, 5, 7, 11, 13, 17, 23, 25]\n    assert candidate(45) == [1, 2, 3, 5, 7, 11, 13, 17, 23, 25, 29, 37, 41, 43]\n\ndef test_check():\n    check(get_ludic)\n\ntest_check()\n",
      "timestamp": 1665510490,
      "stdout": "",
      "stderr": "Traceback (most recent call last):\n  File \"/tmp/tmpx31wjh4j.py\", line 16, in <module>\n    test_check()\n  File \"/tmp/tmpx31wjh4j.py\", line 14, in test_check\n    check(get_ludic)\n  File \"/tmp/tmpx31wjh4j.py\", line 9, in check\n    assert candidate(10) == [1, 2, 3, 5, 7]\nAssertionError\n",
      "exit_code": 1,
      "status": "Exception"
    },
    {
      "program": "from typing import List\n\ndef get_ludic(n: int) -> List[int]:\n    \"\"\"\n\tWrite a function to get all lucid numbers smaller than or equal to a given integer.\n\t\"\"\"\n    return [x for x in range(1, n + 1) if x % 3 == 0 or x % 5 == 0]\ndef check(candidate):\n    assert candidate(10) == [1, 2, 3, 5, 7]\n    assert candidate(25) == [1, 2, 3, 5, 7, 11, 13, 17, 23, 25]\n    assert candidate(45) == [1, 2, 3, 5, 7, 11, 13, 17, 23, 25, 29, 37, 41, 43]\n\ndef test_check():\n    check(get_ludic)\n\ntest_check()\n",
      "timestamp": 1665510490,
      "stdout": "",
      "stderr": "Traceback (most recent call last):\n  File \"/tmp/tmpjtcdd63r.py\", line 16, in <module>\n    test_check()\n  File \"/tmp/tmpjtcdd63r.py\", line 14, in test_check\n    check(get_ludic)\n  File \"/tmp/tmpjtcdd63r.py\", line 9, in check\n    assert candidate(10) == [1, 2, 3, 5, 7]\nAssertionError\n",
      "exit_code": 1,
      "status": "Exception"
    },
    {
      "program": "from typing import List\n\ndef get_ludic(n: int) -> List[int]:\n    \"\"\"\n\tWrite a function to get all lucid numbers smaller than or equal to a given integer.\n\t\"\"\"\n    return [i for i in range(1, n + 1) if str(i).find(str(i)[::-1]) != -1]\ndef check(candidate):\n    assert candidate(10) == [1, 2, 3, 5, 7]\n    assert candidate(25) == [1, 2, 3, 5, 7, 11, 13, 17, 23, 25]\n    assert candidate(45) == [1, 2, 3, 5, 7, 11, 13, 17, 23, 25, 29, 37, 41, 43]\n\ndef test_check():\n    check(get_ludic)\n\ntest_check()\n",
      "timestamp": 1665510490,
      "stdout": "",
      "stderr": "Traceback (most recent call last):\n  File \"/tmp/tmp8t53xs33.py\", line 16, in <module>\n    test_check()\n  File \"/tmp/tmp8t53xs33.py\", line 14, in test_check\n    check(get_ludic)\n  File \"/tmp/tmp8t53xs33.py\", line 9, in check\n    assert candidate(10) == [1, 2, 3, 5, 7]\nAssertionError\n",
      "exit_code": 1,
      "status": "Exception"
    },
    {
      "program": "from typing import List\n\ndef get_ludic(n: int) -> List[int]:\n    \"\"\"\n\tWrite a function to get all lucid numbers smaller than or equal to a given integer.\n\t\"\"\"\n    ludic = []\n    for i in range(1, n + 1):\n        if i % 3 == 0 and i % 5 == 0:\n            ludic.append(i)\n        elif i % 3 == 0:\n            ludic.append(i)\n        elif i % 5 == 0:\n            ludic.append(i)\n    return ludic\n\ndef check(candidate):\n    assert candidate(10) == [1, 2, 3, 5, 7]\n    assert candidate(25) == [1, 2, 3, 5, 7, 11, 13, 17, 23, 25]\n    assert candidate(45) == [1, 2, 3, 5, 7, 11, 13, 17, 23, 25, 29, 37, 41, 43]\n\ndef test_check():\n    check(get_ludic)\n\ntest_check()\n",
      "timestamp": 1665510490,
      "stdout": "",
      "stderr": "Traceback (most recent call last):\n  File \"/tmp/tmpmkc03rvf.py\", line 25, in <module>\n    test_check()\n  File \"/tmp/tmpmkc03rvf.py\", line 23, in test_check\n    check(get_ludic)\n  File \"/tmp/tmpmkc03rvf.py\", line 18, in check\n    assert candidate(10) == [1, 2, 3, 5, 7]\nAssertionError\n",
      "exit_code": 1,
      "status": "Exception"
    },
    {
      "program": "from typing import List\n\ndef get_ludic(n: int) -> List[int]:\n    \"\"\"\n\tWrite a function to get all lucid numbers smaller than or equal to a given integer.\n\t\"\"\"\n    ludic = []\n    for i in range(1, n+1):\n        if i % 2 == 0:\n            ludic.append(i)\n        elif i % 3 == 0:\n            ludic.append(i)\n        elif i % 5 == 0:\n            ludic.append(i)\n        elif i % 7 == 0:\n            ludic.append(i)\n        elif i % 11 == 0:\n            ludic.append(i)\n        elif i % 13 == 0:\n            ludic.append(i)\n        elif i % 17 == 0:\n            ludic.append(i)\n        elif i % 19 == 0:\n            ludic.append(i)\n        elif i % 23 == 0:\n            ludic.append(i)\n        elif i % 29 == 0:\n            ludic.append(i)\n        elif i % 31 == 0:\n            ludic.append(i)\n        elif i % 37 == 0:\n            ludic.append(i)\n        elif i % 41 == 0:\n            ludic.append(i)\n        elif i % 43 == 0:\n            ludic.append(i)\n        elif i % 47 == 0:\n            ludic.append(i)\n        elif i % 53 == 0:\n            ludic.append(i)\n        elif i % 59 == 0:\n            ludic.append(i)\n        elif i % 61 == 0:\n            ludic.append(i)\n        elif i % 67 == 0:\n            ludic.append(i)\n        elif i % 71 == 0:\n            ludic.append(i)\n        elif i % 73 == 0:\n            ludic.append(i)\n        elif i % 79 == 0:\n            ludic.append(i)\n        elif i % 83 == 0:\n            ludic.append(i)\n        elif i % 89 == 0:\n            ludic.append(i)\n        elif i % 97 == 0:\n            ludic.append(i)\n        elif i % 101 == 0:\n            ludic.append(i)\ndef check(candidate):\n    assert candidate(10) == [1, 2, 3, 5, 7]\n    assert candidate(25) == [1, 2, 3, 5, 7, 11, 13, 17, 23, 25]\n    assert candidate(45) == [1, 2, 3, 5, 7, 11, 13, 17, 23, 25, 29, 37, 41, 43]\n\ndef test_check():\n    check(get_ludic)\n\ntest_check()\n",
      "timestamp": 1665510490,
      "stdout": "",
      "stderr": "Traceback (most recent call last):\n  File \"/tmp/tmpzf2j7xbe.py\", line 69, in <module>\n    test_check()\n  File \"/tmp/tmpzf2j7xbe.py\", line 67, in test_check\n    check(get_ludic)\n  File \"/tmp/tmpzf2j7xbe.py\", line 62, in check\n    assert candidate(10) == [1, 2, 3, 5, 7]\nAssertionError\n",
      "exit_code": 1,
      "status": "Exception"
    },
    {
      "program": "from typing import List\n\ndef get_ludic(n: int) -> List[int]:\n    \"\"\"\n\tWrite a function to get all lucid numbers smaller than or equal to a given integer.\n\t\"\"\"\n    return [i for i in range(n) if i % 3 == 0 or i % 5 == 0]\ndef check(candidate):\n    assert candidate(10) == [1, 2, 3, 5, 7]\n    assert candidate(25) == [1, 2, 3, 5, 7, 11, 13, 17, 23, 25]\n    assert candidate(45) == [1, 2, 3, 5, 7, 11, 13, 17, 23, 25, 29, 37, 41, 43]\n\ndef test_check():\n    check(get_ludic)\n\ntest_check()\n",
      "timestamp": 1665510490,
      "stdout": "",
      "stderr": "Traceback (most recent call last):\n  File \"/tmp/tmpecy2yc0c.py\", line 16, in <module>\n    test_check()\n  File \"/tmp/tmpecy2yc0c.py\", line 14, in test_check\n    check(get_ludic)\n  File \"/tmp/tmpecy2yc0c.py\", line 9, in check\n    assert candidate(10) == [1, 2, 3, 5, 7]\nAssertionError\n",
      "exit_code": 1,
      "status": "Exception"
    },
    {
      "program": "from typing import List\n\ndef get_ludic(n: int) -> List[int]:\n    \"\"\"\n\tWrite a function to get all lucid numbers smaller than or equal to a given integer.\n\t\"\"\"\n    return [i for i in range(1, n + 1) if i % 2 == 1 and i % 3 == 1 and i % 5 == 1]\n\n\ndef check(candidate):\n    assert candidate(10) == [1, 2, 3, 5, 7]\n    assert candidate(25) == [1, 2, 3, 5, 7, 11, 13, 17, 23, 25]\n    assert candidate(45) == [1, 2, 3, 5, 7, 11, 13, 17, 23, 25, 29, 37, 41, 43]\n\ndef test_check():\n    check(get_ludic)\n\ntest_check()\n",
      "timestamp": 1665510490,
      "stdout": "",
      "stderr": "Traceback (most recent call last):\n  File \"/tmp/tmp1xhsfeci.py\", line 18, in <module>\n    test_check()\n  File \"/tmp/tmp1xhsfeci.py\", line 16, in test_check\n    check(get_ludic)\n  File \"/tmp/tmp1xhsfeci.py\", line 11, in check\n    assert candidate(10) == [1, 2, 3, 5, 7]\nAssertionError\n",
      "exit_code": 1,
      "status": "Exception"
    },
    {
      "program": "from typing import List\n\ndef get_ludic(n: int) -> List[int]:\n    \"\"\"\n\tWrite a function to get all lucid numbers smaller than or equal to a given integer.\n\t\"\"\"\n    ludic = []\n    for i in range(1, n + 1):\n        if i % 3 == 0:\n            ludic.append(i)\n        else:\n            if '3' in str(i):\n                ludic.append(i)\n    return ludic\n\ndef check(candidate):\n    assert candidate(10) == [1, 2, 3, 5, 7]\n    assert candidate(25) == [1, 2, 3, 5, 7, 11, 13, 17, 23, 25]\n    assert candidate(45) == [1, 2, 3, 5, 7, 11, 13, 17, 23, 25, 29, 37, 41, 43]\n\ndef test_check():\n    check(get_ludic)\n\ntest_check()\n",
      "timestamp": 1665510490,
      "stdout": "",
      "stderr": "Traceback (most recent call last):\n  File \"/tmp/tmp4_wlv16x.py\", line 24, in <module>\n    test_check()\n  File \"/tmp/tmp4_wlv16x.py\", line 22, in test_check\n    check(get_ludic)\n  File \"/tmp/tmp4_wlv16x.py\", line 17, in check\n    assert candidate(10) == [1, 2, 3, 5, 7]\nAssertionError\n",
      "exit_code": 1,
      "status": "Exception"
    },
    {
      "program": "from typing import List\n\ndef get_ludic(n: int) -> List[int]:\n    \"\"\"\n\tWrite a function to get all lucid numbers smaller than or equal to a given integer.\n\t\"\"\"\n    ludic = []\n    for i in range(1, n+1):\n        if i % 3 == 0 and i % 5 == 0:\n            ludic.append(i)\n        elif i % 3 == 0:\n            ludic.append(i)\n        elif i % 5 == 0:\n            ludic.append(i)\n    return ludic\n\nprint(get_ludic(100))\ndef check(candidate):\n    assert candidate(10) == [1, 2, 3, 5, 7]\n    assert candidate(25) == [1, 2, 3, 5, 7, 11, 13, 17, 23, 25]\n    assert candidate(45) == [1, 2, 3, 5, 7, 11, 13, 17, 23, 25, 29, 37, 41, 43]\n\ndef test_check():\n    check(get_ludic)\n\ntest_check()\n",
      "timestamp": 1665510490,
      "stdout": "[3, 5, 6, 9, 10, 12, 15, 18, 20, 21, 24, 25, 27, 30, 33, 35, 36, 39, 40, 42, 45, 48, 50, 51, 54, 55, 57, 60, 63, 65, 66, 69, 70, 72, 75, 78, 80, 81, 84, 85, 87, 90, 93, 95, 96, 99, 100]\n",
      "stderr": "Traceback (most recent call last):\n  File \"/tmp/tmpn9rtidc1.py\", line 26, in <module>\n    test_check()\n  File \"/tmp/tmpn9rtidc1.py\", line 24, in test_check\n    check(get_ludic)\n  File \"/tmp/tmpn9rtidc1.py\", line 19, in check\n    assert candidate(10) == [1, 2, 3, 5, 7]\nAssertionError\n",
      "exit_code": 1,
      "status": "Exception"
    },
    {
      "program": "from typing import List\n\ndef get_ludic(n: int) -> List[int]:\n    \"\"\"\n\tWrite a function to get all lucid numbers smaller than or equal to a given integer.\n\t\"\"\"\n    return [i for i in range(1, n + 1) if is_ludic(i)]\n\ndef check(candidate):\n    assert candidate(10) == [1, 2, 3, 5, 7]\n    assert candidate(25) == [1, 2, 3, 5, 7, 11, 13, 17, 23, 25]\n    assert candidate(45) == [1, 2, 3, 5, 7, 11, 13, 17, 23, 25, 29, 37, 41, 43]\n\ndef test_check():\n    check(get_ludic)\n\ntest_check()\n",
      "timestamp": 1665510490,
      "stdout": "",
      "stderr": "Traceback (most recent call last):\n  File \"/tmp/tmpj5cs29eg.py\", line 17, in <module>\n    test_check()\n  File \"/tmp/tmpj5cs29eg.py\", line 15, in test_check\n    check(get_ludic)\n  File \"/tmp/tmpj5cs29eg.py\", line 10, in check\n    assert candidate(10) == [1, 2, 3, 5, 7]\n  File \"/tmp/tmpj5cs29eg.py\", line 7, in get_ludic\n    return [i for i in range(1, n + 1) if is_ludic(i)]\n  File \"/tmp/tmpj5cs29eg.py\", line 7, in <listcomp>\n    return [i for i in range(1, n + 1) if is_ludic(i)]\nNameError: name 'is_ludic' is not defined. Did you mean: 'get_ludic'?\n",
      "exit_code": 1,
      "status": "Exception"
    },
    {
      "program": "from typing import List\n\ndef get_ludic(n: int) -> List[int]:\n    \"\"\"\n\tWrite a function to get all lucid numbers smaller than or equal to a given integer.\n\t\"\"\"\n    ludic = []\n    for i in range(1, n + 1):\n        if i % 2 == 0:\n            ludic.append(i)\n        else:\n            for j in range(3, i + 1, 2):\n                if i % j == 0:\n                    break\n            else:\n                ludic.append(i)\n    return ludic\n\nprint(get_ludic(20))\ndef check(candidate):\n    assert candidate(10) == [1, 2, 3, 5, 7]\n    assert candidate(25) == [1, 2, 3, 5, 7, 11, 13, 17, 23, 25]\n    assert candidate(45) == [1, 2, 3, 5, 7, 11, 13, 17, 23, 25, 29, 37, 41, 43]\n\ndef test_check():\n    check(get_ludic)\n\ntest_check()\n",
      "timestamp": 1665510490,
      "stdout": "[1, 2, 4, 6, 8, 10, 12, 14, 16, 18, 20]\n",
      "stderr": "Traceback (most recent call last):\n  File \"/tmp/tmppthtlzvq.py\", line 28, in <module>\n    test_check()\n  File \"/tmp/tmppthtlzvq.py\", line 26, in test_check\n    check(get_ludic)\n  File \"/tmp/tmppthtlzvq.py\", line 21, in check\n    assert candidate(10) == [1, 2, 3, 5, 7]\nAssertionError\n",
      "exit_code": 1,
      "status": "Exception"
    },
    {
      "program": "from typing import List\n\ndef get_ludic(n: int) -> List[int]:\n    \"\"\"\n\tWrite a function to get all lucid numbers smaller than or equal to a given integer.\n\t\"\"\"\n    ludic = []\n    for i in range(1, n+1):\n        if i % 3 == 0 and i % 5 == 0:\n            ludic.append(i)\n    return ludic\n\ndef check(candidate):\n    assert candidate(10) == [1, 2, 3, 5, 7]\n    assert candidate(25) == [1, 2, 3, 5, 7, 11, 13, 17, 23, 25]\n    assert candidate(45) == [1, 2, 3, 5, 7, 11, 13, 17, 23, 25, 29, 37, 41, 43]\n\ndef test_check():\n    check(get_ludic)\n\ntest_check()\n",
      "timestamp": 1665510490,
      "stdout": "",
      "stderr": "Traceback (most recent call last):\n  File \"/tmp/tmpua30aftw.py\", line 21, in <module>\n    test_check()\n  File \"/tmp/tmpua30aftw.py\", line 19, in test_check\n    check(get_ludic)\n  File \"/tmp/tmpua30aftw.py\", line 14, in check\n    assert candidate(10) == [1, 2, 3, 5, 7]\nAssertionError\n",
      "exit_code": 1,
      "status": "Exception"
    },
    {
      "program": "from typing import List\n\ndef get_ludic(n: int) -> List[int]:\n    \"\"\"\n\tWrite a function to get all lucid numbers smaller than or equal to a given integer.\n\t\"\"\"\n    return [i for i in range(1, n + 1) if is_ludic(i)]\n\ndef check(candidate):\n    assert candidate(10) == [1, 2, 3, 5, 7]\n    assert candidate(25) == [1, 2, 3, 5, 7, 11, 13, 17, 23, 25]\n    assert candidate(45) == [1, 2, 3, 5, 7, 11, 13, 17, 23, 25, 29, 37, 41, 43]\n\ndef test_check():\n    check(get_ludic)\n\ntest_check()\n",
      "timestamp": 1665510490,
      "stdout": "",
      "stderr": "Traceback (most recent call last):\n  File \"/tmp/tmpj5cs29eg.py\", line 17, in <module>\n    test_check()\n  File \"/tmp/tmpj5cs29eg.py\", line 15, in test_check\n    check(get_ludic)\n  File \"/tmp/tmpj5cs29eg.py\", line 10, in check\n    assert candidate(10) == [1, 2, 3, 5, 7]\n  File \"/tmp/tmpj5cs29eg.py\", line 7, in get_ludic\n    return [i for i in range(1, n + 1) if is_ludic(i)]\n  File \"/tmp/tmpj5cs29eg.py\", line 7, in <listcomp>\n    return [i for i in range(1, n + 1) if is_ludic(i)]\nNameError: name 'is_ludic' is not defined. Did you mean: 'get_ludic'?\n",
      "exit_code": 1,
      "status": "Exception"
    },
    {
      "program": "from typing import List\n\ndef get_ludic(n: int) -> List[int]:\n    \"\"\"\n\tWrite a function to get all lucid numbers smaller than or equal to a given integer.\n\t\"\"\"\n    pass\ndef check(candidate):\n    assert candidate(10) == [1, 2, 3, 5, 7]\n    assert candidate(25) == [1, 2, 3, 5, 7, 11, 13, 17, 23, 25]\n    assert candidate(45) == [1, 2, 3, 5, 7, 11, 13, 17, 23, 25, 29, 37, 41, 43]\n\ndef test_check():\n    check(get_ludic)\n\ntest_check()\n",
      "timestamp": 1665510490,
      "stdout": "",
      "stderr": "Traceback (most recent call last):\n  File \"/tmp/tmpcgqiuyxm.py\", line 16, in <module>\n    test_check()\n  File \"/tmp/tmpcgqiuyxm.py\", line 14, in test_check\n    check(get_ludic)\n  File \"/tmp/tmpcgqiuyxm.py\", line 9, in check\n    assert candidate(10) == [1, 2, 3, 5, 7]\nAssertionError\n",
      "exit_code": 1,
      "status": "Exception"
    },
    {
      "program": "from typing import List\n\ndef get_ludic(n: int) -> List[int]:\n    \"\"\"\n\tWrite a function to get all lucid numbers smaller than or equal to a given integer.\n\t\"\"\"\n    return [i for i in range(1, n + 1) if is_ludic(i)]\n\n\ndef check(candidate):\n    assert candidate(10) == [1, 2, 3, 5, 7]\n    assert candidate(25) == [1, 2, 3, 5, 7, 11, 13, 17, 23, 25]\n    assert candidate(45) == [1, 2, 3, 5, 7, 11, 13, 17, 23, 25, 29, 37, 41, 43]\n\ndef test_check():\n    check(get_ludic)\n\ntest_check()\n",
      "timestamp": 1665510490,
      "stdout": "",
      "stderr": "Traceback (most recent call last):\n  File \"/tmp/tmpu_d18vh5.py\", line 18, in <module>\n    test_check()\n  File \"/tmp/tmpu_d18vh5.py\", line 16, in test_check\n    check(get_ludic)\n  File \"/tmp/tmpu_d18vh5.py\", line 11, in check\n    assert candidate(10) == [1, 2, 3, 5, 7]\n  File \"/tmp/tmpu_d18vh5.py\", line 7, in get_ludic\n    return [i for i in range(1, n + 1) if is_ludic(i)]\n  File \"/tmp/tmpu_d18vh5.py\", line 7, in <listcomp>\n    return [i for i in range(1, n + 1) if is_ludic(i)]\nNameError: name 'is_ludic' is not defined. Did you mean: 'get_ludic'?\n",
      "exit_code": 1,
      "status": "Exception"
    },
    {
      "program": "from typing import List\n\ndef get_ludic(n: int) -> List[int]:\n    \"\"\"\n\tWrite a function to get all lucid numbers smaller than or equal to a given integer.\n\t\"\"\"\n    return [i for i in range(1, n + 1) if i % 3 == 1 and i % 5 == 3 and i % 7 == 2]\ndef check(candidate):\n    assert candidate(10) == [1, 2, 3, 5, 7]\n    assert candidate(25) == [1, 2, 3, 5, 7, 11, 13, 17, 23, 25]\n    assert candidate(45) == [1, 2, 3, 5, 7, 11, 13, 17, 23, 25, 29, 37, 41, 43]\n\ndef test_check():\n    check(get_ludic)\n\ntest_check()\n",
      "timestamp": 1665510490,
      "stdout": "",
      "stderr": "Traceback (most recent call last):\n  File \"/tmp/tmpkvlhak9n.py\", line 16, in <module>\n    test_check()\n  File \"/tmp/tmpkvlhak9n.py\", line 14, in test_check\n    check(get_ludic)\n  File \"/tmp/tmpkvlhak9n.py\", line 9, in check\n    assert candidate(10) == [1, 2, 3, 5, 7]\nAssertionError\n",
      "exit_code": 1,
      "status": "Exception"
    },
    {
      "program": "from typing import List\n\ndef get_ludic(n: int) -> List[int]:\n    \"\"\"\n\tWrite a function to get all lucid numbers smaller than or equal to a given integer.\n\t\"\"\"\n    return [i for i in range(1, n + 1) if is_ludic(i)]\n\ndef check(candidate):\n    assert candidate(10) == [1, 2, 3, 5, 7]\n    assert candidate(25) == [1, 2, 3, 5, 7, 11, 13, 17, 23, 25]\n    assert candidate(45) == [1, 2, 3, 5, 7, 11, 13, 17, 23, 25, 29, 37, 41, 43]\n\ndef test_check():\n    check(get_ludic)\n\ntest_check()\n",
      "timestamp": 1665510490,
      "stdout": "",
      "stderr": "Traceback (most recent call last):\n  File \"/tmp/tmpj5cs29eg.py\", line 17, in <module>\n    test_check()\n  File \"/tmp/tmpj5cs29eg.py\", line 15, in test_check\n    check(get_ludic)\n  File \"/tmp/tmpj5cs29eg.py\", line 10, in check\n    assert candidate(10) == [1, 2, 3, 5, 7]\n  File \"/tmp/tmpj5cs29eg.py\", line 7, in get_ludic\n    return [i for i in range(1, n + 1) if is_ludic(i)]\n  File \"/tmp/tmpj5cs29eg.py\", line 7, in <listcomp>\n    return [i for i in range(1, n + 1) if is_ludic(i)]\nNameError: name 'is_ludic' is not defined. Did you mean: 'get_ludic'?\n",
      "exit_code": 1,
      "status": "Exception"
    },
    {
      "program": "from typing import List\n\ndef get_ludic(n: int) -> List[int]:\n    \"\"\"\n\tWrite a function to get all lucid numbers smaller than or equal to a given integer.\n\t\"\"\"\n    return [i for i in range(1, n + 1) if is_ludic(i)]\n\ndef check(candidate):\n    assert candidate(10) == [1, 2, 3, 5, 7]\n    assert candidate(25) == [1, 2, 3, 5, 7, 11, 13, 17, 23, 25]\n    assert candidate(45) == [1, 2, 3, 5, 7, 11, 13, 17, 23, 25, 29, 37, 41, 43]\n\ndef test_check():\n    check(get_ludic)\n\ntest_check()\n",
      "timestamp": 1665510490,
      "stdout": "",
      "stderr": "Traceback (most recent call last):\n  File \"/tmp/tmpj5cs29eg.py\", line 17, in <module>\n    test_check()\n  File \"/tmp/tmpj5cs29eg.py\", line 15, in test_check\n    check(get_ludic)\n  File \"/tmp/tmpj5cs29eg.py\", line 10, in check\n    assert candidate(10) == [1, 2, 3, 5, 7]\n  File \"/tmp/tmpj5cs29eg.py\", line 7, in get_ludic\n    return [i for i in range(1, n + 1) if is_ludic(i)]\n  File \"/tmp/tmpj5cs29eg.py\", line 7, in <listcomp>\n    return [i for i in range(1, n + 1) if is_ludic(i)]\nNameError: name 'is_ludic' is not defined. Did you mean: 'get_ludic'?\n",
      "exit_code": 1,
      "status": "Exception"
    },
    {
      "program": "from typing import List\n\ndef get_ludic(n: int) -> List[int]:\n    \"\"\"\n\tWrite a function to get all lucid numbers smaller than or equal to a given integer.\n\t\"\"\"\n    return [i for i in range(1, n + 1) if is_ludic(i)]\n\ndef check(candidate):\n    assert candidate(10) == [1, 2, 3, 5, 7]\n    assert candidate(25) == [1, 2, 3, 5, 7, 11, 13, 17, 23, 25]\n    assert candidate(45) == [1, 2, 3, 5, 7, 11, 13, 17, 23, 25, 29, 37, 41, 43]\n\ndef test_check():\n    check(get_ludic)\n\ntest_check()\n",
      "timestamp": 1665510490,
      "stdout": "",
      "stderr": "Traceback (most recent call last):\n  File \"/tmp/tmpj5cs29eg.py\", line 17, in <module>\n    test_check()\n  File \"/tmp/tmpj5cs29eg.py\", line 15, in test_check\n    check(get_ludic)\n  File \"/tmp/tmpj5cs29eg.py\", line 10, in check\n    assert candidate(10) == [1, 2, 3, 5, 7]\n  File \"/tmp/tmpj5cs29eg.py\", line 7, in get_ludic\n    return [i for i in range(1, n + 1) if is_ludic(i)]\n  File \"/tmp/tmpj5cs29eg.py\", line 7, in <listcomp>\n    return [i for i in range(1, n + 1) if is_ludic(i)]\nNameError: name 'is_ludic' is not defined. Did you mean: 'get_ludic'?\n",
      "exit_code": 1,
      "status": "Exception"
    },
    {
      "program": "from typing import List\n\ndef get_ludic(n: int) -> List[int]:\n    \"\"\"\n\tWrite a function to get all lucid numbers smaller than or equal to a given integer.\n\t\"\"\"\n    return [i for i in range(1, n + 1) if is_ludic(i)]\n\ndef check(candidate):\n    assert candidate(10) == [1, 2, 3, 5, 7]\n    assert candidate(25) == [1, 2, 3, 5, 7, 11, 13, 17, 23, 25]\n    assert candidate(45) == [1, 2, 3, 5, 7, 11, 13, 17, 23, 25, 29, 37, 41, 43]\n\ndef test_check():\n    check(get_ludic)\n\ntest_check()\n",
      "timestamp": 1665510490,
      "stdout": "",
      "stderr": "Traceback (most recent call last):\n  File \"/tmp/tmpj5cs29eg.py\", line 17, in <module>\n    test_check()\n  File \"/tmp/tmpj5cs29eg.py\", line 15, in test_check\n    check(get_ludic)\n  File \"/tmp/tmpj5cs29eg.py\", line 10, in check\n    assert candidate(10) == [1, 2, 3, 5, 7]\n  File \"/tmp/tmpj5cs29eg.py\", line 7, in get_ludic\n    return [i for i in range(1, n + 1) if is_ludic(i)]\n  File \"/tmp/tmpj5cs29eg.py\", line 7, in <listcomp>\n    return [i for i in range(1, n + 1) if is_ludic(i)]\nNameError: name 'is_ludic' is not defined. Did you mean: 'get_ludic'?\n",
      "exit_code": 1,
      "status": "Exception"
    },
    {
      "program": "from typing import List\n\ndef get_ludic(n: int) -> List[int]:\n    \"\"\"\n\tWrite a function to get all lucid numbers smaller than or equal to a given integer.\n\t\"\"\"\n    return [i for i in range(1, n + 1) if i % 3 == 0 or i % 5 == 0]\ndef check(candidate):\n    assert candidate(10) == [1, 2, 3, 5, 7]\n    assert candidate(25) == [1, 2, 3, 5, 7, 11, 13, 17, 23, 25]\n    assert candidate(45) == [1, 2, 3, 5, 7, 11, 13, 17, 23, 25, 29, 37, 41, 43]\n\ndef test_check():\n    check(get_ludic)\n\ntest_check()\n",
      "timestamp": 1665510490,
      "stdout": "",
      "stderr": "Traceback (most recent call last):\n  File \"/tmp/tmpx31wjh4j.py\", line 16, in <module>\n    test_check()\n  File \"/tmp/tmpx31wjh4j.py\", line 14, in test_check\n    check(get_ludic)\n  File \"/tmp/tmpx31wjh4j.py\", line 9, in check\n    assert candidate(10) == [1, 2, 3, 5, 7]\nAssertionError\n",
      "exit_code": 1,
      "status": "Exception"
    },
    {
      "program": "from typing import List\n\ndef get_ludic(n: int) -> List[int]:\n    \"\"\"\n\tWrite a function to get all lucid numbers smaller than or equal to a given integer.\n\t\"\"\"\n    return [x for x in range(1, n + 1) if x % 3 == 0 or x % 5 == 0]\n\ndef check(candidate):\n    assert candidate(10) == [1, 2, 3, 5, 7]\n    assert candidate(25) == [1, 2, 3, 5, 7, 11, 13, 17, 23, 25]\n    assert candidate(45) == [1, 2, 3, 5, 7, 11, 13, 17, 23, 25, 29, 37, 41, 43]\n\ndef test_check():\n    check(get_ludic)\n\ntest_check()\n",
      "timestamp": 1666123744,
      "stdout": "",
      "stderr": "Traceback (most recent call last):\n  File \"/tmp/tmpijjvfqwq.py\", line 17, in <module>\n    test_check()\n  File \"/tmp/tmpijjvfqwq.py\", line 15, in test_check\n    check(get_ludic)\n  File \"/tmp/tmpijjvfqwq.py\", line 10, in check\n    assert candidate(10) == [1, 2, 3, 5, 7]\nAssertionError\n",
      "exit_code": 1,
      "status": "Exception"
    },
    {
      "program": "from typing import List\n\ndef get_ludic(n: int) -> List[int]:\n    \"\"\"\n\tWrite a function to get all lucid numbers smaller than or equal to a given integer.\n\t\"\"\"\n    ludic_numbers = []\n    for i in range(1, n + 1):\n        if i % 2 == 0:\n            if i % 3 == 0:\n                if i % 5 == 0:\n                    ludic_numbers.append(i)\n        elif i % 3 == 0:\n            if i % 5 == 0:\n                ludic_numbers.append(i)\n        elif i % 5 == 0:\n            ludic_numbers.append(i)\n    return ludic_numbers\ndef check(candidate):\n    assert candidate(10) == [1, 2, 3, 5, 7]\n    assert candidate(25) == [1, 2, 3, 5, 7, 11, 13, 17, 23, 25]\n    assert candidate(45) == [1, 2, 3, 5, 7, 11, 13, 17, 23, 25, 29, 37, 41, 43]\n\ndef test_check():\n    check(get_ludic)\n\ntest_check()\n",
      "timestamp": 1666123744,
      "stdout": "",
      "stderr": "Traceback (most recent call last):\n  File \"/tmp/tmpu6j9nwdi.py\", line 27, in <module>\n    test_check()\n  File \"/tmp/tmpu6j9nwdi.py\", line 25, in test_check\n    check(get_ludic)\n  File \"/tmp/tmpu6j9nwdi.py\", line 20, in check\n    assert candidate(10) == [1, 2, 3, 5, 7]\nAssertionError\n",
      "exit_code": 1,
      "status": "Exception"
    },
    {
      "program": "from typing import List\n\ndef get_ludic(n: int) -> List[int]:\n    \"\"\"\n\tWrite a function to get all lucid numbers smaller than or equal to a given integer.\n\t\"\"\"\n    ludic = []\n    for i in range(1, n + 1):\n        if i % 2 == 0 or i % 3 == 0 or i % 5 == 0:\n            ludic.append(i)\n    return ludic\n\nprint(get_ludic(10))\ndef check(candidate):\n    assert candidate(10) == [1, 2, 3, 5, 7]\n    assert candidate(25) == [1, 2, 3, 5, 7, 11, 13, 17, 23, 25]\n    assert candidate(45) == [1, 2, 3, 5, 7, 11, 13, 17, 23, 25, 29, 37, 41, 43]\n\ndef test_check():\n    check(get_ludic)\n\ntest_check()\n",
      "timestamp": 1666123744,
      "stdout": "[2, 3, 4, 5, 6, 8, 9, 10]\n",
      "stderr": "Traceback (most recent call last):\n  File \"/tmp/tmph_x_q8c1.py\", line 22, in <module>\n    test_check()\n  File \"/tmp/tmph_x_q8c1.py\", line 20, in test_check\n    check(get_ludic)\n  File \"/tmp/tmph_x_q8c1.py\", line 15, in check\n    assert candidate(10) == [1, 2, 3, 5, 7]\nAssertionError\n",
      "exit_code": 1,
      "status": "Exception"
    },
    {
      "program": "from typing import List\n\ndef get_ludic(n: int) -> List[int]:\n    \"\"\"\n\tWrite a function to get all lucid numbers smaller than or equal to a given integer.\n\t\"\"\"\n    return [i for i in range(1, n + 1) if i % 2 == 0 or i % 3 == 0]\ndef check(candidate):\n    assert candidate(10) == [1, 2, 3, 5, 7]\n    assert candidate(25) == [1, 2, 3, 5, 7, 11, 13, 17, 23, 25]\n    assert candidate(45) == [1, 2, 3, 5, 7, 11, 13, 17, 23, 25, 29, 37, 41, 43]\n\ndef test_check():\n    check(get_ludic)\n\ntest_check()\n",
      "timestamp": 1666123743,
      "stdout": "",
      "stderr": "Traceback (most recent call last):\n  File \"/tmp/tmp8rozvmv4.py\", line 16, in <module>\n    test_check()\n  File \"/tmp/tmp8rozvmv4.py\", line 14, in test_check\n    check(get_ludic)\n  File \"/tmp/tmp8rozvmv4.py\", line 9, in check\n    assert candidate(10) == [1, 2, 3, 5, 7]\nAssertionError\n",
      "exit_code": 1,
      "status": "Exception"
    },
    {
      "program": "from typing import List\n\ndef get_ludic(n: int) -> List[int]:\n    \"\"\"\n\tWrite a function to get all lucid numbers smaller than or equal to a given integer.\n\t\"\"\"\n    ludic_numbers = []\n    for i in range(1, n + 1):\n        if i % 3 == 0 and i % 5 == 0:\n            ludic_numbers.append(i)\n        elif i % 3 == 0:\n            ludic_numbers.append(i)\n        elif i % 5 == 0:\n            ludic_numbers.append(i)\n    return ludic_numbers\n\ndef check(candidate):\n    assert candidate(10) == [1, 2, 3, 5, 7]\n    assert candidate(25) == [1, 2, 3, 5, 7, 11, 13, 17, 23, 25]\n    assert candidate(45) == [1, 2, 3, 5, 7, 11, 13, 17, 23, 25, 29, 37, 41, 43]\n\ndef test_check():\n    check(get_ludic)\n\ntest_check()\n",
      "timestamp": 1666123744,
      "stdout": "",
      "stderr": "Traceback (most recent call last):\n  File \"/tmp/tmp3k0euaxo.py\", line 25, in <module>\n    test_check()\n  File \"/tmp/tmp3k0euaxo.py\", line 23, in test_check\n    check(get_ludic)\n  File \"/tmp/tmp3k0euaxo.py\", line 18, in check\n    assert candidate(10) == [1, 2, 3, 5, 7]\nAssertionError\n",
      "exit_code": 1,
      "status": "Exception"
    },
    {
      "program": "from typing import List\n\ndef get_ludic(n: int) -> List[int]:\n    \"\"\"\n\tWrite a function to get all lucid numbers smaller than or equal to a given integer.\n\t\"\"\"\n    return [i for i in range(1, n + 1) if i % 10 == i // 10 ** (len(str(i)) - 1)]\n\ndef check(candidate):\n    assert candidate(10) == [1, 2, 3, 5, 7]\n    assert candidate(25) == [1, 2, 3, 5, 7, 11, 13, 17, 23, 25]\n    assert candidate(45) == [1, 2, 3, 5, 7, 11, 13, 17, 23, 25, 29, 37, 41, 43]\n\ndef test_check():\n    check(get_ludic)\n\ntest_check()\n",
      "timestamp": 1666123744,
      "stdout": "",
      "stderr": "Traceback (most recent call last):\n  File \"/tmp/tmpvpfca13r.py\", line 17, in <module>\n    test_check()\n  File \"/tmp/tmpvpfca13r.py\", line 15, in test_check\n    check(get_ludic)\n  File \"/tmp/tmpvpfca13r.py\", line 10, in check\n    assert candidate(10) == [1, 2, 3, 5, 7]\nAssertionError\n",
      "exit_code": 1,
      "status": "Exception"
    },
    {
      "program": "from typing import List\n\ndef get_ludic(n: int) -> List[int]:\n    \"\"\"\n\tWrite a function to get all lucid numbers smaller than or equal to a given integer.\n\t\"\"\"\n    return [i for i in range(1, n+1) if str(i).count('2') > 0]\n\nprint(get_ludic(100))\ndef check(candidate):\n    assert candidate(10) == [1, 2, 3, 5, 7]\n    assert candidate(25) == [1, 2, 3, 5, 7, 11, 13, 17, 23, 25]\n    assert candidate(45) == [1, 2, 3, 5, 7, 11, 13, 17, 23, 25, 29, 37, 41, 43]\n\ndef test_check():\n    check(get_ludic)\n\ntest_check()\n",
      "timestamp": 1666123744,
      "stdout": "[2, 12, 20, 21, 22, 23, 24, 25, 26, 27, 28, 29, 32, 42, 52, 62, 72, 82, 92]\n",
      "stderr": "Traceback (most recent call last):\n  File \"/tmp/tmp3_wcv5dl.py\", line 18, in <module>\n    test_check()\n  File \"/tmp/tmp3_wcv5dl.py\", line 16, in test_check\n    check(get_ludic)\n  File \"/tmp/tmp3_wcv5dl.py\", line 11, in check\n    assert candidate(10) == [1, 2, 3, 5, 7]\nAssertionError\n",
      "exit_code": 1,
      "status": "Exception"
    },
    {
      "program": "from typing import List\n\ndef get_ludic(n: int) -> List[int]:\n    \"\"\"\n\tWrite a function to get all lucid numbers smaller than or equal to a given integer.\n\t\"\"\"\n    return [i for i in range(1, n + 1) if is_ludic(i)]\n\ndef check(candidate):\n    assert candidate(10) == [1, 2, 3, 5, 7]\n    assert candidate(25) == [1, 2, 3, 5, 7, 11, 13, 17, 23, 25]\n    assert candidate(45) == [1, 2, 3, 5, 7, 11, 13, 17, 23, 25, 29, 37, 41, 43]\n\ndef test_check():\n    check(get_ludic)\n\ntest_check()\n",
      "timestamp": 1665510490,
      "stdout": "",
      "stderr": "Traceback (most recent call last):\n  File \"/tmp/tmpj5cs29eg.py\", line 17, in <module>\n    test_check()\n  File \"/tmp/tmpj5cs29eg.py\", line 15, in test_check\n    check(get_ludic)\n  File \"/tmp/tmpj5cs29eg.py\", line 10, in check\n    assert candidate(10) == [1, 2, 3, 5, 7]\n  File \"/tmp/tmpj5cs29eg.py\", line 7, in get_ludic\n    return [i for i in range(1, n + 1) if is_ludic(i)]\n  File \"/tmp/tmpj5cs29eg.py\", line 7, in <listcomp>\n    return [i for i in range(1, n + 1) if is_ludic(i)]\nNameError: name 'is_ludic' is not defined. Did you mean: 'get_ludic'?\n",
      "exit_code": 1,
      "status": "Exception"
    },
    {
      "program": "from typing import List\n\ndef get_ludic(n: int) -> List[int]:\n    \"\"\"\n\tWrite a function to get all lucid numbers smaller than or equal to a given integer.\n\t\"\"\"\n    return [i for i in range(1, n + 1) if i % 3 == 0 or '3' in str(i)]\ndef check(candidate):\n    assert candidate(10) == [1, 2, 3, 5, 7]\n    assert candidate(25) == [1, 2, 3, 5, 7, 11, 13, 17, 23, 25]\n    assert candidate(45) == [1, 2, 3, 5, 7, 11, 13, 17, 23, 25, 29, 37, 41, 43]\n\ndef test_check():\n    check(get_ludic)\n\ntest_check()\n",
      "timestamp": 1665510490,
      "stdout": "",
      "stderr": "Traceback (most recent call last):\n  File \"/tmp/tmpnmngqkwo.py\", line 16, in <module>\n    test_check()\n  File \"/tmp/tmpnmngqkwo.py\", line 14, in test_check\n    check(get_ludic)\n  File \"/tmp/tmpnmngqkwo.py\", line 9, in check\n    assert candidate(10) == [1, 2, 3, 5, 7]\nAssertionError\n",
      "exit_code": 1,
      "status": "Exception"
    },
    {
      "program": "from typing import List\n\ndef get_ludic(n: int) -> List[int]:\n    \"\"\"\n\tWrite a function to get all lucid numbers smaller than or equal to a given integer.\n\t\"\"\"\n    return [i for i in range(1, n + 1) if i % 2 == 1 and i % 3 == 1 and i % 5 == 1]\n\nprint(get_ludic(100))\ndef check(candidate):\n    assert candidate(10) == [1, 2, 3, 5, 7]\n    assert candidate(25) == [1, 2, 3, 5, 7, 11, 13, 17, 23, 25]\n    assert candidate(45) == [1, 2, 3, 5, 7, 11, 13, 17, 23, 25, 29, 37, 41, 43]\n\ndef test_check():\n    check(get_ludic)\n\ntest_check()\n",
      "timestamp": 1666123744,
      "stdout": "[1, 31, 61, 91]\n",
      "stderr": "Traceback (most recent call last):\n  File \"/tmp/tmpet5uzy4v.py\", line 18, in <module>\n    test_check()\n  File \"/tmp/tmpet5uzy4v.py\", line 16, in test_check\n    check(get_ludic)\n  File \"/tmp/tmpet5uzy4v.py\", line 11, in check\n    assert candidate(10) == [1, 2, 3, 5, 7]\nAssertionError\n",
      "exit_code": 1,
      "status": "Exception"
    },
    {
      "program": "from typing import List\n\ndef get_ludic(n: int) -> List[int]:\n    \"\"\"\n\tWrite a function to get all lucid numbers smaller than or equal to a given integer.\n\t\"\"\"\n    ludic = []\n    for i in range(1, n + 1):\n        if i % 3 == 0 or i % 5 == 0:\n            ludic.append(i)\n    return ludic\n\nprint(get_ludic(20))\ndef check(candidate):\n    assert candidate(10) == [1, 2, 3, 5, 7]\n    assert candidate(25) == [1, 2, 3, 5, 7, 11, 13, 17, 23, 25]\n    assert candidate(45) == [1, 2, 3, 5, 7, 11, 13, 17, 23, 25, 29, 37, 41, 43]\n\ndef test_check():\n    check(get_ludic)\n\ntest_check()\n",
      "timestamp": 1666123744,
      "stdout": "[3, 5, 6, 9, 10, 12, 15, 18, 20]\n",
      "stderr": "Traceback (most recent call last):\n  File \"/tmp/tmpg9njrm80.py\", line 22, in <module>\n    test_check()\n  File \"/tmp/tmpg9njrm80.py\", line 20, in test_check\n    check(get_ludic)\n  File \"/tmp/tmpg9njrm80.py\", line 15, in check\n    assert candidate(10) == [1, 2, 3, 5, 7]\nAssertionError\n",
      "exit_code": 1,
      "status": "Exception"
    },
    {
      "program": "from typing import List\n\ndef get_ludic(n: int) -> List[int]:\n    \"\"\"\n\tWrite a function to get all lucid numbers smaller than or equal to a given integer.\n\t\"\"\"\n    return [i for i in range(1, n + 1) if i % 3 == 0 or i % 5 == 0]\ndef check(candidate):\n    assert candidate(10) == [1, 2, 3, 5, 7]\n    assert candidate(25) == [1, 2, 3, 5, 7, 11, 13, 17, 23, 25]\n    assert candidate(45) == [1, 2, 3, 5, 7, 11, 13, 17, 23, 25, 29, 37, 41, 43]\n\ndef test_check():\n    check(get_ludic)\n\ntest_check()\n",
      "timestamp": 1665510490,
      "stdout": "",
      "stderr": "Traceback (most recent call last):\n  File \"/tmp/tmpx31wjh4j.py\", line 16, in <module>\n    test_check()\n  File \"/tmp/tmpx31wjh4j.py\", line 14, in test_check\n    check(get_ludic)\n  File \"/tmp/tmpx31wjh4j.py\", line 9, in check\n    assert candidate(10) == [1, 2, 3, 5, 7]\nAssertionError\n",
      "exit_code": 1,
      "status": "Exception"
    },
    {
      "program": "from typing import List\n\ndef get_ludic(n: int) -> List[int]:\n    \"\"\"\n\tWrite a function to get all lucid numbers smaller than or equal to a given integer.\n\t\"\"\"\n    return [i for i in range(1, n + 1) if i % 2 == 1 and i % 3 == 1 and i % 5 == 1]\ndef check(candidate):\n    assert candidate(10) == [1, 2, 3, 5, 7]\n    assert candidate(25) == [1, 2, 3, 5, 7, 11, 13, 17, 23, 25]\n    assert candidate(45) == [1, 2, 3, 5, 7, 11, 13, 17, 23, 25, 29, 37, 41, 43]\n\ndef test_check():\n    check(get_ludic)\n\ntest_check()\n",
      "timestamp": 1666123743,
      "stdout": "",
      "stderr": "Traceback (most recent call last):\n  File \"/tmp/tmpzc9jlqdh.py\", line 16, in <module>\n    test_check()\n  File \"/tmp/tmpzc9jlqdh.py\", line 14, in test_check\n    check(get_ludic)\n  File \"/tmp/tmpzc9jlqdh.py\", line 9, in check\n    assert candidate(10) == [1, 2, 3, 5, 7]\nAssertionError\n",
      "exit_code": 1,
      "status": "Exception"
    },
    {
      "program": "from typing import List\n\ndef get_ludic(n: int) -> List[int]:\n    \"\"\"\n\tWrite a function to get all lucid numbers smaller than or equal to a given integer.\n\t\"\"\"\n    return [i for i in range(1, n + 1) if i % 2 == 0 or i % 3 == 0 or i % 5 == 0]\n\ndef check(candidate):\n    assert candidate(10) == [1, 2, 3, 5, 7]\n    assert candidate(25) == [1, 2, 3, 5, 7, 11, 13, 17, 23, 25]\n    assert candidate(45) == [1, 2, 3, 5, 7, 11, 13, 17, 23, 25, 29, 37, 41, 43]\n\ndef test_check():\n    check(get_ludic)\n\ntest_check()\n",
      "timestamp": 1666123744,
      "stdout": "",
      "stderr": "Traceback (most recent call last):\n  File \"/tmp/tmp1m5nnp5z.py\", line 17, in <module>\n    test_check()\n  File \"/tmp/tmp1m5nnp5z.py\", line 15, in test_check\n    check(get_ludic)\n  File \"/tmp/tmp1m5nnp5z.py\", line 10, in check\n    assert candidate(10) == [1, 2, 3, 5, 7]\nAssertionError\n",
      "exit_code": 1,
      "status": "Exception"
    },
    {
      "program": "from typing import List\n\ndef get_ludic(n: int) -> List[int]:\n    \"\"\"\n\tWrite a function to get all lucid numbers smaller than or equal to a given integer.\n\t\"\"\"\n    return [x for x in range(1, n + 1) if x % 15 == 0 or x % 5 == 0 or x % 3 == 0]\ndef check(candidate):\n    assert candidate(10) == [1, 2, 3, 5, 7]\n    assert candidate(25) == [1, 2, 3, 5, 7, 11, 13, 17, 23, 25]\n    assert candidate(45) == [1, 2, 3, 5, 7, 11, 13, 17, 23, 25, 29, 37, 41, 43]\n\ndef test_check():\n    check(get_ludic)\n\ntest_check()\n",
      "timestamp": 1666123744,
      "stdout": "",
      "stderr": "Traceback (most recent call last):\n  File \"/tmp/tmp3n73tgqs.py\", line 16, in <module>\n    test_check()\n  File \"/tmp/tmp3n73tgqs.py\", line 14, in test_check\n    check(get_ludic)\n  File \"/tmp/tmp3n73tgqs.py\", line 9, in check\n    assert candidate(10) == [1, 2, 3, 5, 7]\nAssertionError\n",
      "exit_code": 1,
      "status": "Exception"
    },
    {
      "program": "from typing import List\n\ndef get_ludic(n: int) -> List[int]:\n    \"\"\"\n\tWrite a function to get all lucid numbers smaller than or equal to a given integer.\n\t\"\"\"\n    return [i for i in range(1, n+1) if i % 3 == 0 or i % 5 == 0]\n\ndef check(candidate):\n    assert candidate(10) == [1, 2, 3, 5, 7]\n    assert candidate(25) == [1, 2, 3, 5, 7, 11, 13, 17, 23, 25]\n    assert candidate(45) == [1, 2, 3, 5, 7, 11, 13, 17, 23, 25, 29, 37, 41, 43]\n\ndef test_check():\n    check(get_ludic)\n\ntest_check()\n",
      "timestamp": 1666123743,
      "stdout": "",
      "stderr": "Traceback (most recent call last):\n  File \"/tmp/tmp5qq7ld71.py\", line 17, in <module>\n    test_check()\n  File \"/tmp/tmp5qq7ld71.py\", line 15, in test_check\n    check(get_ludic)\n  File \"/tmp/tmp5qq7ld71.py\", line 10, in check\n    assert candidate(10) == [1, 2, 3, 5, 7]\nAssertionError\n",
      "exit_code": 1,
      "status": "Exception"
    },
    {
      "program": "from typing import List\n\ndef get_ludic(n: int) -> List[int]:\n    \"\"\"\n\tWrite a function to get all lucid numbers smaller than or equal to a given integer.\n\t\"\"\"\n    return [i for i in range(1, n + 1) if is_ludic(i)]\n\ndef check(candidate):\n    assert candidate(10) == [1, 2, 3, 5, 7]\n    assert candidate(25) == [1, 2, 3, 5, 7, 11, 13, 17, 23, 25]\n    assert candidate(45) == [1, 2, 3, 5, 7, 11, 13, 17, 23, 25, 29, 37, 41, 43]\n\ndef test_check():\n    check(get_ludic)\n\ntest_check()\n",
      "timestamp": 1665510490,
      "stdout": "",
      "stderr": "Traceback (most recent call last):\n  File \"/tmp/tmpj5cs29eg.py\", line 17, in <module>\n    test_check()\n  File \"/tmp/tmpj5cs29eg.py\", line 15, in test_check\n    check(get_ludic)\n  File \"/tmp/tmpj5cs29eg.py\", line 10, in check\n    assert candidate(10) == [1, 2, 3, 5, 7]\n  File \"/tmp/tmpj5cs29eg.py\", line 7, in get_ludic\n    return [i for i in range(1, n + 1) if is_ludic(i)]\n  File \"/tmp/tmpj5cs29eg.py\", line 7, in <listcomp>\n    return [i for i in range(1, n + 1) if is_ludic(i)]\nNameError: name 'is_ludic' is not defined. Did you mean: 'get_ludic'?\n",
      "exit_code": 1,
      "status": "Exception"
    },
    {
      "program": "from typing import List\n\ndef get_ludic(n: int) -> List[int]:\n    \"\"\"\n\tWrite a function to get all lucid numbers smaller than or equal to a given integer.\n\t\"\"\"\n    return [i for i in range(1, n + 1) if is_ludic(i)]\n\ndef check(candidate):\n    assert candidate(10) == [1, 2, 3, 5, 7]\n    assert candidate(25) == [1, 2, 3, 5, 7, 11, 13, 17, 23, 25]\n    assert candidate(45) == [1, 2, 3, 5, 7, 11, 13, 17, 23, 25, 29, 37, 41, 43]\n\ndef test_check():\n    check(get_ludic)\n\ntest_check()\n",
      "timestamp": 1665510490,
      "stdout": "",
      "stderr": "Traceback (most recent call last):\n  File \"/tmp/tmpj5cs29eg.py\", line 17, in <module>\n    test_check()\n  File \"/tmp/tmpj5cs29eg.py\", line 15, in test_check\n    check(get_ludic)\n  File \"/tmp/tmpj5cs29eg.py\", line 10, in check\n    assert candidate(10) == [1, 2, 3, 5, 7]\n  File \"/tmp/tmpj5cs29eg.py\", line 7, in get_ludic\n    return [i for i in range(1, n + 1) if is_ludic(i)]\n  File \"/tmp/tmpj5cs29eg.py\", line 7, in <listcomp>\n    return [i for i in range(1, n + 1) if is_ludic(i)]\nNameError: name 'is_ludic' is not defined. Did you mean: 'get_ludic'?\n",
      "exit_code": 1,
      "status": "Exception"
    },
    {
      "program": "from typing import List\n\ndef get_ludic(n: int) -> List[int]:\n    \"\"\"\n\tWrite a function to get all lucid numbers smaller than or equal to a given integer.\n\t\"\"\"\n    return [i for i in range(1, n + 1) if is_ludic(i)]\n\ndef check(candidate):\n    assert candidate(10) == [1, 2, 3, 5, 7]\n    assert candidate(25) == [1, 2, 3, 5, 7, 11, 13, 17, 23, 25]\n    assert candidate(45) == [1, 2, 3, 5, 7, 11, 13, 17, 23, 25, 29, 37, 41, 43]\n\ndef test_check():\n    check(get_ludic)\n\ntest_check()\n",
      "timestamp": 1665510490,
      "stdout": "",
      "stderr": "Traceback (most recent call last):\n  File \"/tmp/tmpj5cs29eg.py\", line 17, in <module>\n    test_check()\n  File \"/tmp/tmpj5cs29eg.py\", line 15, in test_check\n    check(get_ludic)\n  File \"/tmp/tmpj5cs29eg.py\", line 10, in check\n    assert candidate(10) == [1, 2, 3, 5, 7]\n  File \"/tmp/tmpj5cs29eg.py\", line 7, in get_ludic\n    return [i for i in range(1, n + 1) if is_ludic(i)]\n  File \"/tmp/tmpj5cs29eg.py\", line 7, in <listcomp>\n    return [i for i in range(1, n + 1) if is_ludic(i)]\nNameError: name 'is_ludic' is not defined. Did you mean: 'get_ludic'?\n",
      "exit_code": 1,
      "status": "Exception"
    },
    {
      "program": "from typing import List\n\ndef get_ludic(n: int) -> List[int]:\n    \"\"\"\n\tWrite a function to get all lucid numbers smaller than or equal to a given integer.\n\t\"\"\"\n    return [i for i in range(1, n + 1) if i % 10 == 0 or i % sum(map(int, str(i))) == 0]\ndef check(candidate):\n    assert candidate(10) == [1, 2, 3, 5, 7]\n    assert candidate(25) == [1, 2, 3, 5, 7, 11, 13, 17, 23, 25]\n    assert candidate(45) == [1, 2, 3, 5, 7, 11, 13, 17, 23, 25, 29, 37, 41, 43]\n\ndef test_check():\n    check(get_ludic)\n\ntest_check()\n",
      "timestamp": 1666123744,
      "stdout": "",
      "stderr": "Traceback (most recent call last):\n  File \"/tmp/tmpkhbwjy26.py\", line 16, in <module>\n    test_check()\n  File \"/tmp/tmpkhbwjy26.py\", line 14, in test_check\n    check(get_ludic)\n  File \"/tmp/tmpkhbwjy26.py\", line 9, in check\n    assert candidate(10) == [1, 2, 3, 5, 7]\nAssertionError\n",
      "exit_code": 1,
      "status": "Exception"
    },
    {
      "program": "from typing import List\n\ndef get_ludic(n: int) -> List[int]:\n    \"\"\"\n\tWrite a function to get all lucid numbers smaller than or equal to a given integer.\n\t\"\"\"\n    return [i for i in range(1, n + 1) if i % 3 == 0 or i % 5 == 0]\ndef check(candidate):\n    assert candidate(10) == [1, 2, 3, 5, 7]\n    assert candidate(25) == [1, 2, 3, 5, 7, 11, 13, 17, 23, 25]\n    assert candidate(45) == [1, 2, 3, 5, 7, 11, 13, 17, 23, 25, 29, 37, 41, 43]\n\ndef test_check():\n    check(get_ludic)\n\ntest_check()\n",
      "timestamp": 1665510490,
      "stdout": "",
      "stderr": "Traceback (most recent call last):\n  File \"/tmp/tmpx31wjh4j.py\", line 16, in <module>\n    test_check()\n  File \"/tmp/tmpx31wjh4j.py\", line 14, in test_check\n    check(get_ludic)\n  File \"/tmp/tmpx31wjh4j.py\", line 9, in check\n    assert candidate(10) == [1, 2, 3, 5, 7]\nAssertionError\n",
      "exit_code": 1,
      "status": "Exception"
    },
    {
      "program": "from typing import List\n\ndef get_ludic(n: int) -> List[int]:\n    \"\"\"\n\tWrite a function to get all lucid numbers smaller than or equal to a given integer.\n\t\"\"\"\n    return [i for i in range(1, n+1) if i % 3 == 0 or i % 5 == 0]\n\nprint(get_ludic(10))\ndef check(candidate):\n    assert candidate(10) == [1, 2, 3, 5, 7]\n    assert candidate(25) == [1, 2, 3, 5, 7, 11, 13, 17, 23, 25]\n    assert candidate(45) == [1, 2, 3, 5, 7, 11, 13, 17, 23, 25, 29, 37, 41, 43]\n\ndef test_check():\n    check(get_ludic)\n\ntest_check()\n",
      "timestamp": 1665510490,
      "stdout": "[3, 5, 6, 9, 10]\n",
      "stderr": "Traceback (most recent call last):\n  File \"/tmp/tmpb24bwmqh.py\", line 18, in <module>\n    test_check()\n  File \"/tmp/tmpb24bwmqh.py\", line 16, in test_check\n    check(get_ludic)\n  File \"/tmp/tmpb24bwmqh.py\", line 11, in check\n    assert candidate(10) == [1, 2, 3, 5, 7]\nAssertionError\n",
      "exit_code": 1,
      "status": "Exception"
    },
    {
      "program": "from typing import List\n\ndef get_ludic(n: int) -> List[int]:\n    \"\"\"\n\tWrite a function to get all lucid numbers smaller than or equal to a given integer.\n\t\"\"\"\n    return [i for i in range(1, n + 1) if i % 3 == 0 or i % 5 == 0]\ndef check(candidate):\n    assert candidate(10) == [1, 2, 3, 5, 7]\n    assert candidate(25) == [1, 2, 3, 5, 7, 11, 13, 17, 23, 25]\n    assert candidate(45) == [1, 2, 3, 5, 7, 11, 13, 17, 23, 25, 29, 37, 41, 43]\n\ndef test_check():\n    check(get_ludic)\n\ntest_check()\n",
      "timestamp": 1665510490,
      "stdout": "",
      "stderr": "Traceback (most recent call last):\n  File \"/tmp/tmpx31wjh4j.py\", line 16, in <module>\n    test_check()\n  File \"/tmp/tmpx31wjh4j.py\", line 14, in test_check\n    check(get_ludic)\n  File \"/tmp/tmpx31wjh4j.py\", line 9, in check\n    assert candidate(10) == [1, 2, 3, 5, 7]\nAssertionError\n",
      "exit_code": 1,
      "status": "Exception"
    },
    {
      "program": "from typing import List\n\ndef get_ludic(n: int) -> List[int]:\n    \"\"\"\n\tWrite a function to get all lucid numbers smaller than or equal to a given integer.\n\t\"\"\"\n    ludic = []\n    for i in range(1, n+1):\n        if is_ludic(i):\n            ludic.append(i)\n    return ludic\n\ndef check(candidate):\n    assert candidate(10) == [1, 2, 3, 5, 7]\n    assert candidate(25) == [1, 2, 3, 5, 7, 11, 13, 17, 23, 25]\n    assert candidate(45) == [1, 2, 3, 5, 7, 11, 13, 17, 23, 25, 29, 37, 41, 43]\n\ndef test_check():\n    check(get_ludic)\n\ntest_check()\n",
      "timestamp": 1666123743,
      "stdout": "",
      "stderr": "Traceback (most recent call last):\n  File \"/tmp/tmpt_yxk7lm.py\", line 21, in <module>\n    test_check()\n  File \"/tmp/tmpt_yxk7lm.py\", line 19, in test_check\n    check(get_ludic)\n  File \"/tmp/tmpt_yxk7lm.py\", line 14, in check\n    assert candidate(10) == [1, 2, 3, 5, 7]\n  File \"/tmp/tmpt_yxk7lm.py\", line 9, in get_ludic\n    if is_ludic(i):\nNameError: name 'is_ludic' is not defined. Did you mean: 'get_ludic'?\n",
      "exit_code": 1,
      "status": "Exception"
    },
    {
      "program": "from typing import List\n\ndef get_ludic(n: int) -> List[int]:\n    \"\"\"\n\tWrite a function to get all lucid numbers smaller than or equal to a given integer.\n\t\"\"\"\n    ludic = []\n    for i in range(1, n + 1):\n        if i % 3 == 0 and i % 5 == 0:\n            ludic.append(i)\n        elif i % 3 == 0 or i % 5 == 0:\n            ludic.append(i)\n    return ludic\n\ndef check(candidate):\n    assert candidate(10) == [1, 2, 3, 5, 7]\n    assert candidate(25) == [1, 2, 3, 5, 7, 11, 13, 17, 23, 25]\n    assert candidate(45) == [1, 2, 3, 5, 7, 11, 13, 17, 23, 25, 29, 37, 41, 43]\n\ndef test_check():\n    check(get_ludic)\n\ntest_check()\n",
      "timestamp": 1666123744,
      "stdout": "",
      "stderr": "Traceback (most recent call last):\n  File \"/tmp/tmpao6l_xvu.py\", line 23, in <module>\n    test_check()\n  File \"/tmp/tmpao6l_xvu.py\", line 21, in test_check\n    check(get_ludic)\n  File \"/tmp/tmpao6l_xvu.py\", line 16, in check\n    assert candidate(10) == [1, 2, 3, 5, 7]\nAssertionError\n",
      "exit_code": 1,
      "status": "Exception"
    },
    {
      "program": "from typing import List\n\ndef get_ludic(n: int) -> List[int]:\n    \"\"\"\n\tWrite a function to get all lucid numbers smaller than or equal to a given integer.\n\t\"\"\"\n    return [i for i in range(1, n + 1) if is_ludic(i)]\n\ndef check(candidate):\n    assert candidate(10) == [1, 2, 3, 5, 7]\n    assert candidate(25) == [1, 2, 3, 5, 7, 11, 13, 17, 23, 25]\n    assert candidate(45) == [1, 2, 3, 5, 7, 11, 13, 17, 23, 25, 29, 37, 41, 43]\n\ndef test_check():\n    check(get_ludic)\n\ntest_check()\n",
      "timestamp": 1665510490,
      "stdout": "",
      "stderr": "Traceback (most recent call last):\n  File \"/tmp/tmpj5cs29eg.py\", line 17, in <module>\n    test_check()\n  File \"/tmp/tmpj5cs29eg.py\", line 15, in test_check\n    check(get_ludic)\n  File \"/tmp/tmpj5cs29eg.py\", line 10, in check\n    assert candidate(10) == [1, 2, 3, 5, 7]\n  File \"/tmp/tmpj5cs29eg.py\", line 7, in get_ludic\n    return [i for i in range(1, n + 1) if is_ludic(i)]\n  File \"/tmp/tmpj5cs29eg.py\", line 7, in <listcomp>\n    return [i for i in range(1, n + 1) if is_ludic(i)]\nNameError: name 'is_ludic' is not defined. Did you mean: 'get_ludic'?\n",
      "exit_code": 1,
      "status": "Exception"
    },
    {
      "program": "from typing import List\n\ndef get_ludic(n: int) -> List[int]:\n    \"\"\"\n\tWrite a function to get all lucid numbers smaller than or equal to a given integer.\n\t\"\"\"\n    return [i for i in range(1, n + 1) if i % 2 == 0 and i % 3 == 0]\ndef check(candidate):\n    assert candidate(10) == [1, 2, 3, 5, 7]\n    assert candidate(25) == [1, 2, 3, 5, 7, 11, 13, 17, 23, 25]\n    assert candidate(45) == [1, 2, 3, 5, 7, 11, 13, 17, 23, 25, 29, 37, 41, 43]\n\ndef test_check():\n    check(get_ludic)\n\ntest_check()\n",
      "timestamp": 1666123744,
      "stdout": "",
      "stderr": "Traceback (most recent call last):\n  File \"/tmp/tmpkf6uyj7u.py\", line 16, in <module>\n    test_check()\n  File \"/tmp/tmpkf6uyj7u.py\", line 14, in test_check\n    check(get_ludic)\n  File \"/tmp/tmpkf6uyj7u.py\", line 9, in check\n    assert candidate(10) == [1, 2, 3, 5, 7]\nAssertionError\n",
      "exit_code": 1,
      "status": "Exception"
    },
    {
      "program": "from typing import List\n\ndef get_ludic(n: int) -> List[int]:\n    \"\"\"\n\tWrite a function to get all lucid numbers smaller than or equal to a given integer.\n\t\"\"\"\n    ludic = []\n    for i in range(1, n+1):\n        if i % 2 == 0:\n            ludic.append(i)\n        elif i % 3 == 0:\n            ludic.append(i)\n        elif i % 5 == 0:\n            ludic.append(i)\n        elif i % 7 == 0:\n            ludic.append(i)\n    return ludic\n\ndef check(candidate):\n    assert candidate(10) == [1, 2, 3, 5, 7]\n    assert candidate(25) == [1, 2, 3, 5, 7, 11, 13, 17, 23, 25]\n    assert candidate(45) == [1, 2, 3, 5, 7, 11, 13, 17, 23, 25, 29, 37, 41, 43]\n\ndef test_check():\n    check(get_ludic)\n\ntest_check()\n",
      "timestamp": 1666123744,
      "stdout": "",
      "stderr": "Traceback (most recent call last):\n  File \"/tmp/tmpd35kfvxw.py\", line 27, in <module>\n    test_check()\n  File \"/tmp/tmpd35kfvxw.py\", line 25, in test_check\n    check(get_ludic)\n  File \"/tmp/tmpd35kfvxw.py\", line 20, in check\n    assert candidate(10) == [1, 2, 3, 5, 7]\nAssertionError\n",
      "exit_code": 1,
      "status": "Exception"
    },
    {
      "program": "from typing import List\n\ndef get_ludic(n: int) -> List[int]:\n    \"\"\"\n\tWrite a function to get all lucid numbers smaller than or equal to a given integer.\n\t\"\"\"\n    return [i for i in range(1, n + 1) if i % 3 == 0 or '3' in str(i)]\ndef check(candidate):\n    assert candidate(10) == [1, 2, 3, 5, 7]\n    assert candidate(25) == [1, 2, 3, 5, 7, 11, 13, 17, 23, 25]\n    assert candidate(45) == [1, 2, 3, 5, 7, 11, 13, 17, 23, 25, 29, 37, 41, 43]\n\ndef test_check():\n    check(get_ludic)\n\ntest_check()\n",
      "timestamp": 1665510490,
      "stdout": "",
      "stderr": "Traceback (most recent call last):\n  File \"/tmp/tmpnmngqkwo.py\", line 16, in <module>\n    test_check()\n  File \"/tmp/tmpnmngqkwo.py\", line 14, in test_check\n    check(get_ludic)\n  File \"/tmp/tmpnmngqkwo.py\", line 9, in check\n    assert candidate(10) == [1, 2, 3, 5, 7]\nAssertionError\n",
      "exit_code": 1,
      "status": "Exception"
    },
    {
      "program": "from typing import List\n\ndef get_ludic(n: int) -> List[int]:\n    \"\"\"\n\tWrite a function to get all lucid numbers smaller than or equal to a given integer.\n\t\"\"\"\n    return [i for i in range(1, n+1) if str(i) == str(i)[::-1]]\ndef check(candidate):\n    assert candidate(10) == [1, 2, 3, 5, 7]\n    assert candidate(25) == [1, 2, 3, 5, 7, 11, 13, 17, 23, 25]\n    assert candidate(45) == [1, 2, 3, 5, 7, 11, 13, 17, 23, 25, 29, 37, 41, 43]\n\ndef test_check():\n    check(get_ludic)\n\ntest_check()\n",
      "timestamp": 1666123744,
      "stdout": "",
      "stderr": "Traceback (most recent call last):\n  File \"/tmp/tmp_oqhjfad.py\", line 16, in <module>\n    test_check()\n  File \"/tmp/tmp_oqhjfad.py\", line 14, in test_check\n    check(get_ludic)\n  File \"/tmp/tmp_oqhjfad.py\", line 9, in check\n    assert candidate(10) == [1, 2, 3, 5, 7]\nAssertionError\n",
      "exit_code": 1,
      "status": "Exception"
    },
    {
      "program": "from typing import List\n\ndef get_ludic(n: int) -> List[int]:\n    \"\"\"\n\tWrite a function to get all lucid numbers smaller than or equal to a given integer.\n\t\"\"\"\n    return [x for x in range(1, n+1) if x % 3 == 0 or x % 5 == 0]\n\ndef check(candidate):\n    assert candidate(10) == [1, 2, 3, 5, 7]\n    assert candidate(25) == [1, 2, 3, 5, 7, 11, 13, 17, 23, 25]\n    assert candidate(45) == [1, 2, 3, 5, 7, 11, 13, 17, 23, 25, 29, 37, 41, 43]\n\ndef test_check():\n    check(get_ludic)\n\ntest_check()\n",
      "timestamp": 1666123744,
      "stdout": "",
      "stderr": "Traceback (most recent call last):\n  File \"/tmp/tmp1mob6sn5.py\", line 17, in <module>\n    test_check()\n  File \"/tmp/tmp1mob6sn5.py\", line 15, in test_check\n    check(get_ludic)\n  File \"/tmp/tmp1mob6sn5.py\", line 10, in check\n    assert candidate(10) == [1, 2, 3, 5, 7]\nAssertionError\n",
      "exit_code": 1,
      "status": "Exception"
    },
    {
      "program": "from typing import List\n\ndef get_ludic(n: int) -> List[int]:\n    \"\"\"\n\tWrite a function to get all lucid numbers smaller than or equal to a given integer.\n\t\"\"\"\n    return [x for x in range(1, n + 1) if x % 2 == 0 or x % 3 == 0]\ndef check(candidate):\n    assert candidate(10) == [1, 2, 3, 5, 7]\n    assert candidate(25) == [1, 2, 3, 5, 7, 11, 13, 17, 23, 25]\n    assert candidate(45) == [1, 2, 3, 5, 7, 11, 13, 17, 23, 25, 29, 37, 41, 43]\n\ndef test_check():\n    check(get_ludic)\n\ntest_check()\n",
      "timestamp": 1666123744,
      "stdout": "",
      "stderr": "Traceback (most recent call last):\n  File \"/tmp/tmp37c0obic.py\", line 16, in <module>\n    test_check()\n  File \"/tmp/tmp37c0obic.py\", line 14, in test_check\n    check(get_ludic)\n  File \"/tmp/tmp37c0obic.py\", line 9, in check\n    assert candidate(10) == [1, 2, 3, 5, 7]\nAssertionError\n",
      "exit_code": 1,
      "status": "Exception"
    },
    {
      "program": "from typing import List\n\ndef get_ludic(n: int) -> List[int]:\n    \"\"\"\n\tWrite a function to get all lucid numbers smaller than or equal to a given integer.\n\t\"\"\"\n    return [x for x in range(1, n+1) if x % 3 == 0 or x % 5 == 0]\ndef check(candidate):\n    assert candidate(10) == [1, 2, 3, 5, 7]\n    assert candidate(25) == [1, 2, 3, 5, 7, 11, 13, 17, 23, 25]\n    assert candidate(45) == [1, 2, 3, 5, 7, 11, 13, 17, 23, 25, 29, 37, 41, 43]\n\ndef test_check():\n    check(get_ludic)\n\ntest_check()\n",
      "timestamp": 1666123744,
      "stdout": "",
      "stderr": "Traceback (most recent call last):\n  File \"/tmp/tmp9yo1vpxm.py\", line 16, in <module>\n    test_check()\n  File \"/tmp/tmp9yo1vpxm.py\", line 14, in test_check\n    check(get_ludic)\n  File \"/tmp/tmp9yo1vpxm.py\", line 9, in check\n    assert candidate(10) == [1, 2, 3, 5, 7]\nAssertionError\n",
      "exit_code": 1,
      "status": "Exception"
    },
    {
      "program": "from typing import List\n\ndef get_ludic(n: int) -> List[int]:\n    \"\"\"\n\tWrite a function to get all lucid numbers smaller than or equal to a given integer.\n\t\"\"\"\n    res = []\n    for i in range(1, n + 1):\n        if is_ludic(i):\n            res.append(i)\n    return res\n\n\ndef check(candidate):\n    assert candidate(10) == [1, 2, 3, 5, 7]\n    assert candidate(25) == [1, 2, 3, 5, 7, 11, 13, 17, 23, 25]\n    assert candidate(45) == [1, 2, 3, 5, 7, 11, 13, 17, 23, 25, 29, 37, 41, 43]\n\ndef test_check():\n    check(get_ludic)\n\ntest_check()\n",
      "timestamp": 1666123744,
      "stdout": "",
      "stderr": "Traceback (most recent call last):\n  File \"/tmp/tmpz36slaii.py\", line 22, in <module>\n    test_check()\n  File \"/tmp/tmpz36slaii.py\", line 20, in test_check\n    check(get_ludic)\n  File \"/tmp/tmpz36slaii.py\", line 15, in check\n    assert candidate(10) == [1, 2, 3, 5, 7]\n  File \"/tmp/tmpz36slaii.py\", line 9, in get_ludic\n    if is_ludic(i):\nNameError: name 'is_ludic' is not defined. Did you mean: 'get_ludic'?\n",
      "exit_code": 1,
      "status": "Exception"
    },
    {
      "program": "from typing import List\n\ndef get_ludic(n: int) -> List[int]:\n    \"\"\"\n\tWrite a function to get all lucid numbers smaller than or equal to a given integer.\n\t\"\"\"\n    return [i for i in range(1, n + 1) if is_ludic(i)]\n\ndef check(candidate):\n    assert candidate(10) == [1, 2, 3, 5, 7]\n    assert candidate(25) == [1, 2, 3, 5, 7, 11, 13, 17, 23, 25]\n    assert candidate(45) == [1, 2, 3, 5, 7, 11, 13, 17, 23, 25, 29, 37, 41, 43]\n\ndef test_check():\n    check(get_ludic)\n\ntest_check()\n",
      "timestamp": 1665510490,
      "stdout": "",
      "stderr": "Traceback (most recent call last):\n  File \"/tmp/tmpj5cs29eg.py\", line 17, in <module>\n    test_check()\n  File \"/tmp/tmpj5cs29eg.py\", line 15, in test_check\n    check(get_ludic)\n  File \"/tmp/tmpj5cs29eg.py\", line 10, in check\n    assert candidate(10) == [1, 2, 3, 5, 7]\n  File \"/tmp/tmpj5cs29eg.py\", line 7, in get_ludic\n    return [i for i in range(1, n + 1) if is_ludic(i)]\n  File \"/tmp/tmpj5cs29eg.py\", line 7, in <listcomp>\n    return [i for i in range(1, n + 1) if is_ludic(i)]\nNameError: name 'is_ludic' is not defined. Did you mean: 'get_ludic'?\n",
      "exit_code": 1,
      "status": "Exception"
    },
    {
      "program": "from typing import List\n\ndef get_ludic(n: int) -> List[int]:\n    \"\"\"\n\tWrite a function to get all lucid numbers smaller than or equal to a given integer.\n\t\"\"\"\n    return [i for i in range(1, n+1) if i % 10 == i // 10**(len(str(i))-1)]\n\n\ndef check(candidate):\n    assert candidate(10) == [1, 2, 3, 5, 7]\n    assert candidate(25) == [1, 2, 3, 5, 7, 11, 13, 17, 23, 25]\n    assert candidate(45) == [1, 2, 3, 5, 7, 11, 13, 17, 23, 25, 29, 37, 41, 43]\n\ndef test_check():\n    check(get_ludic)\n\ntest_check()\n",
      "timestamp": 1666123744,
      "stdout": "",
      "stderr": "Traceback (most recent call last):\n  File \"/tmp/tmpikkjsxto.py\", line 18, in <module>\n    test_check()\n  File \"/tmp/tmpikkjsxto.py\", line 16, in test_check\n    check(get_ludic)\n  File \"/tmp/tmpikkjsxto.py\", line 11, in check\n    assert candidate(10) == [1, 2, 3, 5, 7]\nAssertionError\n",
      "exit_code": 1,
      "status": "Exception"
    },
    {
      "program": "from typing import List\n\ndef get_ludic(n: int) -> List[int]:\n    \"\"\"\n\tWrite a function to get all lucid numbers smaller than or equal to a given integer.\n\t\"\"\"\n    return [i for i in range(n) if \"\".join(sorted(str(i))) == str(i)]\ndef check(candidate):\n    assert candidate(10) == [1, 2, 3, 5, 7]\n    assert candidate(25) == [1, 2, 3, 5, 7, 11, 13, 17, 23, 25]\n    assert candidate(45) == [1, 2, 3, 5, 7, 11, 13, 17, 23, 25, 29, 37, 41, 43]\n\ndef test_check():\n    check(get_ludic)\n\ntest_check()\n",
      "timestamp": 1666123744,
      "stdout": "",
      "stderr": "Traceback (most recent call last):\n  File \"/tmp/tmp88mvh7mk.py\", line 16, in <module>\n    test_check()\n  File \"/tmp/tmp88mvh7mk.py\", line 14, in test_check\n    check(get_ludic)\n  File \"/tmp/tmp88mvh7mk.py\", line 9, in check\n    assert candidate(10) == [1, 2, 3, 5, 7]\nAssertionError\n",
      "exit_code": 1,
      "status": "Exception"
    },
    {
      "program": "from typing import List\n\ndef get_ludic(n: int) -> List[int]:\n    \"\"\"\n\tWrite a function to get all lucid numbers smaller than or equal to a given integer.\n\t\"\"\"\n    return [i for i in range(1, n + 1) if i % 3 == 0 or i % 5 == 0]\ndef check(candidate):\n    assert candidate(10) == [1, 2, 3, 5, 7]\n    assert candidate(25) == [1, 2, 3, 5, 7, 11, 13, 17, 23, 25]\n    assert candidate(45) == [1, 2, 3, 5, 7, 11, 13, 17, 23, 25, 29, 37, 41, 43]\n\ndef test_check():\n    check(get_ludic)\n\ntest_check()\n",
      "timestamp": 1665510490,
      "stdout": "",
      "stderr": "Traceback (most recent call last):\n  File \"/tmp/tmpx31wjh4j.py\", line 16, in <module>\n    test_check()\n  File \"/tmp/tmpx31wjh4j.py\", line 14, in test_check\n    check(get_ludic)\n  File \"/tmp/tmpx31wjh4j.py\", line 9, in check\n    assert candidate(10) == [1, 2, 3, 5, 7]\nAssertionError\n",
      "exit_code": 1,
      "status": "Exception"
    },
    {
      "program": "from typing import List\n\ndef get_ludic(n: int) -> List[int]:\n    \"\"\"\n\tWrite a function to get all lucid numbers smaller than or equal to a given integer.\n\t\"\"\"\n    return [i for i in range(1, n + 1) if i % 3 == 0 or i % 5 == 0]\ndef check(candidate):\n    assert candidate(10) == [1, 2, 3, 5, 7]\n    assert candidate(25) == [1, 2, 3, 5, 7, 11, 13, 17, 23, 25]\n    assert candidate(45) == [1, 2, 3, 5, 7, 11, 13, 17, 23, 25, 29, 37, 41, 43]\n\ndef test_check():\n    check(get_ludic)\n\ntest_check()\n",
      "timestamp": 1665510490,
      "stdout": "",
      "stderr": "Traceback (most recent call last):\n  File \"/tmp/tmpx31wjh4j.py\", line 16, in <module>\n    test_check()\n  File \"/tmp/tmpx31wjh4j.py\", line 14, in test_check\n    check(get_ludic)\n  File \"/tmp/tmpx31wjh4j.py\", line 9, in check\n    assert candidate(10) == [1, 2, 3, 5, 7]\nAssertionError\n",
      "exit_code": 1,
      "status": "Exception"
    },
    {
      "program": "from typing import List\n\ndef get_ludic(n: int) -> List[int]:\n    \"\"\"\n\tWrite a function to get all lucid numbers smaller than or equal to a given integer.\n\t\"\"\"\n    return [i for i in range(n+1) if i % 3 == 0 or i % 5 == 0]\ndef check(candidate):\n    assert candidate(10) == [1, 2, 3, 5, 7]\n    assert candidate(25) == [1, 2, 3, 5, 7, 11, 13, 17, 23, 25]\n    assert candidate(45) == [1, 2, 3, 5, 7, 11, 13, 17, 23, 25, 29, 37, 41, 43]\n\ndef test_check():\n    check(get_ludic)\n\ntest_check()\n",
      "timestamp": 1666123743,
      "stdout": "",
      "stderr": "Traceback (most recent call last):\n  File \"/tmp/tmp6j2l_ueo.py\", line 16, in <module>\n    test_check()\n  File \"/tmp/tmp6j2l_ueo.py\", line 14, in test_check\n    check(get_ludic)\n  File \"/tmp/tmp6j2l_ueo.py\", line 9, in check\n    assert candidate(10) == [1, 2, 3, 5, 7]\nAssertionError\n",
      "exit_code": 1,
      "status": "Exception"
    },
    {
      "program": "from typing import List\n\ndef get_ludic(n: int) -> List[int]:\n    \"\"\"\n\tWrite a function to get all lucid numbers smaller than or equal to a given integer.\n\t\"\"\"\n    return [i for i in range(n) if i % 3 == 1 and i % 4 == 1]\ndef check(candidate):\n    assert candidate(10) == [1, 2, 3, 5, 7]\n    assert candidate(25) == [1, 2, 3, 5, 7, 11, 13, 17, 23, 25]\n    assert candidate(45) == [1, 2, 3, 5, 7, 11, 13, 17, 23, 25, 29, 37, 41, 43]\n\ndef test_check():\n    check(get_ludic)\n\ntest_check()\n",
      "timestamp": 1666123744,
      "stdout": "",
      "stderr": "Traceback (most recent call last):\n  File \"/tmp/tmpy47u2z27.py\", line 16, in <module>\n    test_check()\n  File \"/tmp/tmpy47u2z27.py\", line 14, in test_check\n    check(get_ludic)\n  File \"/tmp/tmpy47u2z27.py\", line 9, in check\n    assert candidate(10) == [1, 2, 3, 5, 7]\nAssertionError\n",
      "exit_code": 1,
      "status": "Exception"
    },
    {
      "program": "from typing import List\n\ndef get_ludic(n: int) -> List[int]:\n    \"\"\"\n\tWrite a function to get all lucid numbers smaller than or equal to a given integer.\n\t\"\"\"\n    return [i for i in range(1, n+1) if i % 3 == 0 or i % 5 == 0]\ndef check(candidate):\n    assert candidate(10) == [1, 2, 3, 5, 7]\n    assert candidate(25) == [1, 2, 3, 5, 7, 11, 13, 17, 23, 25]\n    assert candidate(45) == [1, 2, 3, 5, 7, 11, 13, 17, 23, 25, 29, 37, 41, 43]\n\ndef test_check():\n    check(get_ludic)\n\ntest_check()\n",
      "timestamp": 1665510490,
      "stdout": "",
      "stderr": "Traceback (most recent call last):\n  File \"/tmp/tmpwx2peing.py\", line 16, in <module>\n    test_check()\n  File \"/tmp/tmpwx2peing.py\", line 14, in test_check\n    check(get_ludic)\n  File \"/tmp/tmpwx2peing.py\", line 9, in check\n    assert candidate(10) == [1, 2, 3, 5, 7]\nAssertionError\n",
      "exit_code": 1,
      "status": "Exception"
    },
    {
      "program": "from typing import List\n\ndef get_ludic(n: int) -> List[int]:\n    \"\"\"\n\tWrite a function to get all lucid numbers smaller than or equal to a given integer.\n\t\"\"\"\n    ludic = []\n    for i in range(1, n + 1):\n        if i % 3 == 0 and i % 5 == 0:\n            ludic.append(i)\n        elif i % 3 == 0:\n            ludic.append(i)\n        elif i % 5 == 0:\n            ludic.append(i)\n    return ludic\n\nprint(get_ludic(20))\ndef check(candidate):\n    assert candidate(10) == [1, 2, 3, 5, 7]\n    assert candidate(25) == [1, 2, 3, 5, 7, 11, 13, 17, 23, 25]\n    assert candidate(45) == [1, 2, 3, 5, 7, 11, 13, 17, 23, 25, 29, 37, 41, 43]\n\ndef test_check():\n    check(get_ludic)\n\ntest_check()\n",
      "timestamp": 1666123744,
      "stdout": "[3, 5, 6, 9, 10, 12, 15, 18, 20]\n",
      "stderr": "Traceback (most recent call last):\n  File \"/tmp/tmpxkmqy5hb.py\", line 26, in <module>\n    test_check()\n  File \"/tmp/tmpxkmqy5hb.py\", line 24, in test_check\n    check(get_ludic)\n  File \"/tmp/tmpxkmqy5hb.py\", line 19, in check\n    assert candidate(10) == [1, 2, 3, 5, 7]\nAssertionError\n",
      "exit_code": 1,
      "status": "Exception"
    },
    {
      "program": "from typing import List\n\ndef get_ludic(n: int) -> List[int]:\n    \"\"\"\n\tWrite a function to get all lucid numbers smaller than or equal to a given integer.\n\t\"\"\"\n    return [i for i in range(1, n + 1) if i % 3 == 0 or '3' in str(i)]\ndef check(candidate):\n    assert candidate(10) == [1, 2, 3, 5, 7]\n    assert candidate(25) == [1, 2, 3, 5, 7, 11, 13, 17, 23, 25]\n    assert candidate(45) == [1, 2, 3, 5, 7, 11, 13, 17, 23, 25, 29, 37, 41, 43]\n\ndef test_check():\n    check(get_ludic)\n\ntest_check()\n",
      "timestamp": 1665510490,
      "stdout": "",
      "stderr": "Traceback (most recent call last):\n  File \"/tmp/tmpnmngqkwo.py\", line 16, in <module>\n    test_check()\n  File \"/tmp/tmpnmngqkwo.py\", line 14, in test_check\n    check(get_ludic)\n  File \"/tmp/tmpnmngqkwo.py\", line 9, in check\n    assert candidate(10) == [1, 2, 3, 5, 7]\nAssertionError\n",
      "exit_code": 1,
      "status": "Exception"
    },
    {
      "program": "from typing import List\n\ndef get_ludic(n: int) -> List[int]:\n    \"\"\"\n\tWrite a function to get all lucid numbers smaller than or equal to a given integer.\n\t\"\"\"\n    return [i for i in range(1, n+1) if str(i).count('1') == 1]\ndef check(candidate):\n    assert candidate(10) == [1, 2, 3, 5, 7]\n    assert candidate(25) == [1, 2, 3, 5, 7, 11, 13, 17, 23, 25]\n    assert candidate(45) == [1, 2, 3, 5, 7, 11, 13, 17, 23, 25, 29, 37, 41, 43]\n\ndef test_check():\n    check(get_ludic)\n\ntest_check()\n",
      "timestamp": 1666123743,
      "stdout": "",
      "stderr": "Traceback (most recent call last):\n  File \"/tmp/tmp1hdhfv6m.py\", line 16, in <module>\n    test_check()\n  File \"/tmp/tmp1hdhfv6m.py\", line 14, in test_check\n    check(get_ludic)\n  File \"/tmp/tmp1hdhfv6m.py\", line 9, in check\n    assert candidate(10) == [1, 2, 3, 5, 7]\nAssertionError\n",
      "exit_code": 1,
      "status": "Exception"
    },
    {
      "program": "from typing import List\n\ndef get_ludic(n: int) -> List[int]:\n    \"\"\"\n\tWrite a function to get all lucid numbers smaller than or equal to a given integer.\n\t\"\"\"\n    return [i for i in range(1, n + 1) if is_ludic(i)]\n\ndef check(candidate):\n    assert candidate(10) == [1, 2, 3, 5, 7]\n    assert candidate(25) == [1, 2, 3, 5, 7, 11, 13, 17, 23, 25]\n    assert candidate(45) == [1, 2, 3, 5, 7, 11, 13, 17, 23, 25, 29, 37, 41, 43]\n\ndef test_check():\n    check(get_ludic)\n\ntest_check()\n",
      "timestamp": 1665510490,
      "stdout": "",
      "stderr": "Traceback (most recent call last):\n  File \"/tmp/tmpj5cs29eg.py\", line 17, in <module>\n    test_check()\n  File \"/tmp/tmpj5cs29eg.py\", line 15, in test_check\n    check(get_ludic)\n  File \"/tmp/tmpj5cs29eg.py\", line 10, in check\n    assert candidate(10) == [1, 2, 3, 5, 7]\n  File \"/tmp/tmpj5cs29eg.py\", line 7, in get_ludic\n    return [i for i in range(1, n + 1) if is_ludic(i)]\n  File \"/tmp/tmpj5cs29eg.py\", line 7, in <listcomp>\n    return [i for i in range(1, n + 1) if is_ludic(i)]\nNameError: name 'is_ludic' is not defined. Did you mean: 'get_ludic'?\n",
      "exit_code": 1,
      "status": "Exception"
    },
    {
      "program": "from typing import List\n\ndef get_ludic(n: int) -> List[int]:\n    \"\"\"\n\tWrite a function to get all lucid numbers smaller than or equal to a given integer.\n\t\"\"\"\n    ludic = []\n    for i in range(1, n+1):\n        if is_ludic(i):\n            ludic.append(i)\n    return ludic\n\ndef check(candidate):\n    assert candidate(10) == [1, 2, 3, 5, 7]\n    assert candidate(25) == [1, 2, 3, 5, 7, 11, 13, 17, 23, 25]\n    assert candidate(45) == [1, 2, 3, 5, 7, 11, 13, 17, 23, 25, 29, 37, 41, 43]\n\ndef test_check():\n    check(get_ludic)\n\ntest_check()\n",
      "timestamp": 1666123743,
      "stdout": "",
      "stderr": "Traceback (most recent call last):\n  File \"/tmp/tmpt_yxk7lm.py\", line 21, in <module>\n    test_check()\n  File \"/tmp/tmpt_yxk7lm.py\", line 19, in test_check\n    check(get_ludic)\n  File \"/tmp/tmpt_yxk7lm.py\", line 14, in check\n    assert candidate(10) == [1, 2, 3, 5, 7]\n  File \"/tmp/tmpt_yxk7lm.py\", line 9, in get_ludic\n    if is_ludic(i):\nNameError: name 'is_ludic' is not defined. Did you mean: 'get_ludic'?\n",
      "exit_code": 1,
      "status": "Exception"
    },
    {
      "program": "from typing import List\n\ndef get_ludic(n: int) -> List[int]:\n    \"\"\"\n\tWrite a function to get all lucid numbers smaller than or equal to a given integer.\n\t\"\"\"\n    return [i for i in range(1, n + 1) if i % 3 == 0 or i % 5 == 0]\ndef check(candidate):\n    assert candidate(10) == [1, 2, 3, 5, 7]\n    assert candidate(25) == [1, 2, 3, 5, 7, 11, 13, 17, 23, 25]\n    assert candidate(45) == [1, 2, 3, 5, 7, 11, 13, 17, 23, 25, 29, 37, 41, 43]\n\ndef test_check():\n    check(get_ludic)\n\ntest_check()\n",
      "timestamp": 1665510490,
      "stdout": "",
      "stderr": "Traceback (most recent call last):\n  File \"/tmp/tmpx31wjh4j.py\", line 16, in <module>\n    test_check()\n  File \"/tmp/tmpx31wjh4j.py\", line 14, in test_check\n    check(get_ludic)\n  File \"/tmp/tmpx31wjh4j.py\", line 9, in check\n    assert candidate(10) == [1, 2, 3, 5, 7]\nAssertionError\n",
      "exit_code": 1,
      "status": "Exception"
    },
    {
      "program": "from typing import List\n\ndef get_ludic(n: int) -> List[int]:\n    \"\"\"\n\tWrite a function to get all lucid numbers smaller than or equal to a given integer.\n\t\"\"\"\n    return [x for x in range(1, n+1) if x % 3 == 0 or x % 5 == 0]\ndef check(candidate):\n    assert candidate(10) == [1, 2, 3, 5, 7]\n    assert candidate(25) == [1, 2, 3, 5, 7, 11, 13, 17, 23, 25]\n    assert candidate(45) == [1, 2, 3, 5, 7, 11, 13, 17, 23, 25, 29, 37, 41, 43]\n\ndef test_check():\n    check(get_ludic)\n\ntest_check()\n",
      "timestamp": 1666123744,
      "stdout": "",
      "stderr": "Traceback (most recent call last):\n  File \"/tmp/tmp9yo1vpxm.py\", line 16, in <module>\n    test_check()\n  File \"/tmp/tmp9yo1vpxm.py\", line 14, in test_check\n    check(get_ludic)\n  File \"/tmp/tmp9yo1vpxm.py\", line 9, in check\n    assert candidate(10) == [1, 2, 3, 5, 7]\nAssertionError\n",
      "exit_code": 1,
      "status": "Exception"
    },
    {
      "program": "from typing import List\n\ndef get_ludic(n: int) -> List[int]:\n    \"\"\"\n\tWrite a function to get all lucid numbers smaller than or equal to a given integer.\n\t\"\"\"\n    return [i for i in range(1, n + 1) if i % 3 == 0 or '3' in str(i)]\ndef check(candidate):\n    assert candidate(10) == [1, 2, 3, 5, 7]\n    assert candidate(25) == [1, 2, 3, 5, 7, 11, 13, 17, 23, 25]\n    assert candidate(45) == [1, 2, 3, 5, 7, 11, 13, 17, 23, 25, 29, 37, 41, 43]\n\ndef test_check():\n    check(get_ludic)\n\ntest_check()\n",
      "timestamp": 1665510490,
      "stdout": "",
      "stderr": "Traceback (most recent call last):\n  File \"/tmp/tmpnmngqkwo.py\", line 16, in <module>\n    test_check()\n  File \"/tmp/tmpnmngqkwo.py\", line 14, in test_check\n    check(get_ludic)\n  File \"/tmp/tmpnmngqkwo.py\", line 9, in check\n    assert candidate(10) == [1, 2, 3, 5, 7]\nAssertionError\n",
      "exit_code": 1,
      "status": "Exception"
    },
    {
      "program": "from typing import List\n\ndef get_ludic(n: int) -> List[int]:\n    \"\"\"\n\tWrite a function to get all lucid numbers smaller than or equal to a given integer.\n\t\"\"\"\n    return [i for i in range(1, n + 1) if is_ludic(i)]\n\ndef check(candidate):\n    assert candidate(10) == [1, 2, 3, 5, 7]\n    assert candidate(25) == [1, 2, 3, 5, 7, 11, 13, 17, 23, 25]\n    assert candidate(45) == [1, 2, 3, 5, 7, 11, 13, 17, 23, 25, 29, 37, 41, 43]\n\ndef test_check():\n    check(get_ludic)\n\ntest_check()\n",
      "timestamp": 1665510490,
      "stdout": "",
      "stderr": "Traceback (most recent call last):\n  File \"/tmp/tmpj5cs29eg.py\", line 17, in <module>\n    test_check()\n  File \"/tmp/tmpj5cs29eg.py\", line 15, in test_check\n    check(get_ludic)\n  File \"/tmp/tmpj5cs29eg.py\", line 10, in check\n    assert candidate(10) == [1, 2, 3, 5, 7]\n  File \"/tmp/tmpj5cs29eg.py\", line 7, in get_ludic\n    return [i for i in range(1, n + 1) if is_ludic(i)]\n  File \"/tmp/tmpj5cs29eg.py\", line 7, in <listcomp>\n    return [i for i in range(1, n + 1) if is_ludic(i)]\nNameError: name 'is_ludic' is not defined. Did you mean: 'get_ludic'?\n",
      "exit_code": 1,
      "status": "Exception"
    },
    {
      "program": "from typing import List\n\ndef get_ludic(n: int) -> List[int]:\n    \"\"\"\n\tWrite a function to get all lucid numbers smaller than or equal to a given integer.\n\t\"\"\"\n    return [i for i in range(1, n + 1) if i % 7 == 0 or '7' in str(i)]\ndef check(candidate):\n    assert candidate(10) == [1, 2, 3, 5, 7]\n    assert candidate(25) == [1, 2, 3, 5, 7, 11, 13, 17, 23, 25]\n    assert candidate(45) == [1, 2, 3, 5, 7, 11, 13, 17, 23, 25, 29, 37, 41, 43]\n\ndef test_check():\n    check(get_ludic)\n\ntest_check()\n",
      "timestamp": 1666123743,
      "stdout": "",
      "stderr": "Traceback (most recent call last):\n  File \"/tmp/tmpq4h6fx6a.py\", line 16, in <module>\n    test_check()\n  File \"/tmp/tmpq4h6fx6a.py\", line 14, in test_check\n    check(get_ludic)\n  File \"/tmp/tmpq4h6fx6a.py\", line 9, in check\n    assert candidate(10) == [1, 2, 3, 5, 7]\nAssertionError\n",
      "exit_code": 1,
      "status": "Exception"
    },
    {
      "program": "from typing import List\n\ndef get_ludic(n: int) -> List[int]:\n    \"\"\"\n\tWrite a function to get all lucid numbers smaller than or equal to a given integer.\n\t\"\"\"\n    ludic = []\n    for i in range(1, n + 1):\n        if i % 2 == 0 or i % 3 == 0 or i % 5 == 0:\n            ludic.append(i)\n    return ludic\n\ndef check(candidate):\n    assert candidate(10) == [1, 2, 3, 5, 7]\n    assert candidate(25) == [1, 2, 3, 5, 7, 11, 13, 17, 23, 25]\n    assert candidate(45) == [1, 2, 3, 5, 7, 11, 13, 17, 23, 25, 29, 37, 41, 43]\n\ndef test_check():\n    check(get_ludic)\n\ntest_check()\n",
      "timestamp": 1666123744,
      "stdout": "",
      "stderr": "Traceback (most recent call last):\n  File \"/tmp/tmpj8_limlg.py\", line 21, in <module>\n    test_check()\n  File \"/tmp/tmpj8_limlg.py\", line 19, in test_check\n    check(get_ludic)\n  File \"/tmp/tmpj8_limlg.py\", line 14, in check\n    assert candidate(10) == [1, 2, 3, 5, 7]\nAssertionError\n",
      "exit_code": 1,
      "status": "Exception"
    },
    {
      "program": "from typing import List\n\ndef get_ludic(n: int) -> List[int]:\n    \"\"\"\n\tWrite a function to get all lucid numbers smaller than or equal to a given integer.\n\t\"\"\"\n    ludic_numbers = []\n    for i in range(1, n + 1):\n        if i % 2 == 0:\n            ludic_numbers.append(i)\n        elif i % 3 == 0:\n            ludic_numbers.append(i)\n        elif i % 5 == 0:\n            ludic_numbers.append(i)\n        elif i % 7 == 0:\n            ludic_numbers.append(i)\n    return ludic_numbers\ndef check(candidate):\n    assert candidate(10) == [1, 2, 3, 5, 7]\n    assert candidate(25) == [1, 2, 3, 5, 7, 11, 13, 17, 23, 25]\n    assert candidate(45) == [1, 2, 3, 5, 7, 11, 13, 17, 23, 25, 29, 37, 41, 43]\n\ndef test_check():\n    check(get_ludic)\n\ntest_check()\n",
      "timestamp": 1666123744,
      "stdout": "",
      "stderr": "Traceback (most recent call last):\n  File \"/tmp/tmpxqczjo8v.py\", line 26, in <module>\n    test_check()\n  File \"/tmp/tmpxqczjo8v.py\", line 24, in test_check\n    check(get_ludic)\n  File \"/tmp/tmpxqczjo8v.py\", line 19, in check\n    assert candidate(10) == [1, 2, 3, 5, 7]\nAssertionError\n",
      "exit_code": 1,
      "status": "Exception"
    },
    {
      "program": "from typing import List\n\ndef get_ludic(n: int) -> List[int]:\n    \"\"\"\n\tWrite a function to get all lucid numbers smaller than or equal to a given integer.\n\t\"\"\"\n    return [i for i in range(1, n + 1) if i % 3 == 0 or i % 5 == 0]\ndef check(candidate):\n    assert candidate(10) == [1, 2, 3, 5, 7]\n    assert candidate(25) == [1, 2, 3, 5, 7, 11, 13, 17, 23, 25]\n    assert candidate(45) == [1, 2, 3, 5, 7, 11, 13, 17, 23, 25, 29, 37, 41, 43]\n\ndef test_check():\n    check(get_ludic)\n\ntest_check()\n",
      "timestamp": 1665510490,
      "stdout": "",
      "stderr": "Traceback (most recent call last):\n  File \"/tmp/tmpx31wjh4j.py\", line 16, in <module>\n    test_check()\n  File \"/tmp/tmpx31wjh4j.py\", line 14, in test_check\n    check(get_ludic)\n  File \"/tmp/tmpx31wjh4j.py\", line 9, in check\n    assert candidate(10) == [1, 2, 3, 5, 7]\nAssertionError\n",
      "exit_code": 1,
      "status": "Exception"
    },
    {
      "program": "from typing import List\n\ndef get_ludic(n: int) -> List[int]:\n    \"\"\"\n\tWrite a function to get all lucid numbers smaller than or equal to a given integer.\n\t\"\"\"\n    return [i for i in range(1, n + 1) if i % 2 == 1 and i % 5 == 4]\ndef check(candidate):\n    assert candidate(10) == [1, 2, 3, 5, 7]\n    assert candidate(25) == [1, 2, 3, 5, 7, 11, 13, 17, 23, 25]\n    assert candidate(45) == [1, 2, 3, 5, 7, 11, 13, 17, 23, 25, 29, 37, 41, 43]\n\ndef test_check():\n    check(get_ludic)\n\ntest_check()\n",
      "timestamp": 1666123744,
      "stdout": "",
      "stderr": "Traceback (most recent call last):\n  File \"/tmp/tmphrm3wn3f.py\", line 16, in <module>\n    test_check()\n  File \"/tmp/tmphrm3wn3f.py\", line 14, in test_check\n    check(get_ludic)\n  File \"/tmp/tmphrm3wn3f.py\", line 9, in check\n    assert candidate(10) == [1, 2, 3, 5, 7]\nAssertionError\n",
      "exit_code": 1,
      "status": "Exception"
    },
    {
      "program": "from typing import List\n\ndef get_ludic(n: int) -> List[int]:\n    \"\"\"\n\tWrite a function to get all lucid numbers smaller than or equal to a given integer.\n\t\"\"\"\n    return [i for i in range(1, n + 1) if i % 3 == 0 or i % 5 == 0]\ndef check(candidate):\n    assert candidate(10) == [1, 2, 3, 5, 7]\n    assert candidate(25) == [1, 2, 3, 5, 7, 11, 13, 17, 23, 25]\n    assert candidate(45) == [1, 2, 3, 5, 7, 11, 13, 17, 23, 25, 29, 37, 41, 43]\n\ndef test_check():\n    check(get_ludic)\n\ntest_check()\n",
      "timestamp": 1665510490,
      "stdout": "",
      "stderr": "Traceback (most recent call last):\n  File \"/tmp/tmpx31wjh4j.py\", line 16, in <module>\n    test_check()\n  File \"/tmp/tmpx31wjh4j.py\", line 14, in test_check\n    check(get_ludic)\n  File \"/tmp/tmpx31wjh4j.py\", line 9, in check\n    assert candidate(10) == [1, 2, 3, 5, 7]\nAssertionError\n",
      "exit_code": 1,
      "status": "Exception"
    },
    {
      "program": "from typing import List\n\ndef get_ludic(n: int) -> List[int]:\n    \"\"\"\n\tWrite a function to get all lucid numbers smaller than or equal to a given integer.\n\t\"\"\"\n    return [x for x in range(1, n + 1) if x % 3 == 0 or x % 5 == 0]\n\nprint(get_ludic(10))\ndef check(candidate):\n    assert candidate(10) == [1, 2, 3, 5, 7]\n    assert candidate(25) == [1, 2, 3, 5, 7, 11, 13, 17, 23, 25]\n    assert candidate(45) == [1, 2, 3, 5, 7, 11, 13, 17, 23, 25, 29, 37, 41, 43]\n\ndef test_check():\n    check(get_ludic)\n\ntest_check()\n",
      "timestamp": 1666123744,
      "stdout": "[3, 5, 6, 9, 10]\n",
      "stderr": "Traceback (most recent call last):\n  File \"/tmp/tmpmlc51cko.py\", line 18, in <module>\n    test_check()\n  File \"/tmp/tmpmlc51cko.py\", line 16, in test_check\n    check(get_ludic)\n  File \"/tmp/tmpmlc51cko.py\", line 11, in check\n    assert candidate(10) == [1, 2, 3, 5, 7]\nAssertionError\n",
      "exit_code": 1,
      "status": "Exception"
    },
    {
      "program": "from typing import List\n\ndef get_ludic(n: int) -> List[int]:\n    \"\"\"\n\tWrite a function to get all lucid numbers smaller than or equal to a given integer.\n\t\"\"\"\n    return [i for i in range(1, n + 1) if i % 3 == 0 or '3' in str(i)]\ndef check(candidate):\n    assert candidate(10) == [1, 2, 3, 5, 7]\n    assert candidate(25) == [1, 2, 3, 5, 7, 11, 13, 17, 23, 25]\n    assert candidate(45) == [1, 2, 3, 5, 7, 11, 13, 17, 23, 25, 29, 37, 41, 43]\n\ndef test_check():\n    check(get_ludic)\n\ntest_check()\n",
      "timestamp": 1665510490,
      "stdout": "",
      "stderr": "Traceback (most recent call last):\n  File \"/tmp/tmpnmngqkwo.py\", line 16, in <module>\n    test_check()\n  File \"/tmp/tmpnmngqkwo.py\", line 14, in test_check\n    check(get_ludic)\n  File \"/tmp/tmpnmngqkwo.py\", line 9, in check\n    assert candidate(10) == [1, 2, 3, 5, 7]\nAssertionError\n",
      "exit_code": 1,
      "status": "Exception"
    },
    {
      "program": "from typing import List\n\ndef get_ludic(n: int) -> List[int]:\n    \"\"\"\n\tWrite a function to get all lucid numbers smaller than or equal to a given integer.\n\t\"\"\"\n    return [i for i in range(1, n + 1) if str(i) == str(i)[::-1]]\ndef check(candidate):\n    assert candidate(10) == [1, 2, 3, 5, 7]\n    assert candidate(25) == [1, 2, 3, 5, 7, 11, 13, 17, 23, 25]\n    assert candidate(45) == [1, 2, 3, 5, 7, 11, 13, 17, 23, 25, 29, 37, 41, 43]\n\ndef test_check():\n    check(get_ludic)\n\ntest_check()\n",
      "timestamp": 1666123743,
      "stdout": "",
      "stderr": "Traceback (most recent call last):\n  File \"/tmp/tmp5_76p49y.py\", line 16, in <module>\n    test_check()\n  File \"/tmp/tmp5_76p49y.py\", line 14, in test_check\n    check(get_ludic)\n  File \"/tmp/tmp5_76p49y.py\", line 9, in check\n    assert candidate(10) == [1, 2, 3, 5, 7]\nAssertionError\n",
      "exit_code": 1,
      "status": "Exception"
    },
    {
      "program": "from typing import List\n\ndef get_ludic(n: int) -> List[int]:\n    \"\"\"\n\tWrite a function to get all lucid numbers smaller than or equal to a given integer.\n\t\"\"\"\n    return [x for x in range(n) if is_ludic(x)]\n\ndef check(candidate):\n    assert candidate(10) == [1, 2, 3, 5, 7]\n    assert candidate(25) == [1, 2, 3, 5, 7, 11, 13, 17, 23, 25]\n    assert candidate(45) == [1, 2, 3, 5, 7, 11, 13, 17, 23, 25, 29, 37, 41, 43]\n\ndef test_check():\n    check(get_ludic)\n\ntest_check()\n",
      "timestamp": 1666123744,
      "stdout": "",
      "stderr": "Traceback (most recent call last):\n  File \"/tmp/tmp_xn5gmv5.py\", line 17, in <module>\n    test_check()\n  File \"/tmp/tmp_xn5gmv5.py\", line 15, in test_check\n    check(get_ludic)\n  File \"/tmp/tmp_xn5gmv5.py\", line 10, in check\n    assert candidate(10) == [1, 2, 3, 5, 7]\n  File \"/tmp/tmp_xn5gmv5.py\", line 7, in get_ludic\n    return [x for x in range(n) if is_ludic(x)]\n  File \"/tmp/tmp_xn5gmv5.py\", line 7, in <listcomp>\n    return [x for x in range(n) if is_ludic(x)]\nNameError: name 'is_ludic' is not defined. Did you mean: 'get_ludic'?\n",
      "exit_code": 1,
      "status": "Exception"
    },
    {
      "program": "from typing import List\n\ndef get_ludic(n: int) -> List[int]:\n    \"\"\"\n\tWrite a function to get all lucid numbers smaller than or equal to a given integer.\n\t\"\"\"\n    ludic_numbers = []\n    for i in range(1, n + 1):\n        if i % 2 == 0:\n            ludic_numbers.append(i)\n        elif i % 3 == 0:\n            ludic_numbers.append(i)\n        elif i % 5 == 0:\n            ludic_numbers.append(i)\n        elif i % 7 == 0:\n            ludic_numbers.append(i)\n    return ludic_numbers\n\nprint(get_ludic(100))\ndef check(candidate):\n    assert candidate(10) == [1, 2, 3, 5, 7]\n    assert candidate(25) == [1, 2, 3, 5, 7, 11, 13, 17, 23, 25]\n    assert candidate(45) == [1, 2, 3, 5, 7, 11, 13, 17, 23, 25, 29, 37, 41, 43]\n\ndef test_check():\n    check(get_ludic)\n\ntest_check()\n",
      "timestamp": 1666123743,
      "stdout": "[2, 3, 4, 5, 6, 7, 8, 9, 10, 12, 14, 15, 16, 18, 20, 21, 22, 24, 25, 26, 27, 28, 30, 32, 33, 34, 35, 36, 38, 39, 40, 42, 44, 45, 46, 48, 49, 50, 51, 52, 54, 55, 56, 57, 58, 60, 62, 63, 64, 65, 66, 68, 69, 70, 72, 74, 75, 76, 77, 78, 80, 81, 82, 84, 85, 86, 87, 88, 90, 91, 92, 93, 94, 95, 96, 98, 99, 100]\n",
      "stderr": "Traceback (most recent call last):\n  File \"/tmp/tmpyhn4chvc.py\", line 28, in <module>\n    test_check()\n  File \"/tmp/tmpyhn4chvc.py\", line 26, in test_check\n    check(get_ludic)\n  File \"/tmp/tmpyhn4chvc.py\", line 21, in check\n    assert candidate(10) == [1, 2, 3, 5, 7]\nAssertionError\n",
      "exit_code": 1,
      "status": "Exception"
    },
    {
      "program": "from typing import List\n\ndef get_ludic(n: int) -> List[int]:\n    \"\"\"\n\tWrite a function to get all lucid numbers smaller than or equal to a given integer.\n\t\"\"\"\n    return [i for i in range(n) if i % 3 == 1 and i % 4 == 1]\ndef check(candidate):\n    assert candidate(10) == [1, 2, 3, 5, 7]\n    assert candidate(25) == [1, 2, 3, 5, 7, 11, 13, 17, 23, 25]\n    assert candidate(45) == [1, 2, 3, 5, 7, 11, 13, 17, 23, 25, 29, 37, 41, 43]\n\ndef test_check():\n    check(get_ludic)\n\ntest_check()\n",
      "timestamp": 1666123744,
      "stdout": "",
      "stderr": "Traceback (most recent call last):\n  File \"/tmp/tmpy47u2z27.py\", line 16, in <module>\n    test_check()\n  File \"/tmp/tmpy47u2z27.py\", line 14, in test_check\n    check(get_ludic)\n  File \"/tmp/tmpy47u2z27.py\", line 9, in check\n    assert candidate(10) == [1, 2, 3, 5, 7]\nAssertionError\n",
      "exit_code": 1,
      "status": "Exception"
    },
    {
      "program": "from typing import List\n\ndef get_ludic(n: int) -> List[int]:\n    \"\"\"\n\tWrite a function to get all lucid numbers smaller than or equal to a given integer.\n\t\"\"\"\n    ludic_numbers = []\n    for i in range(1, n + 1):\n        if i % 15 == 0:\n            ludic_numbers.append(i)\n        elif i % 3 == 0:\n            ludic_numbers.append(i)\n        elif i % 5 == 0:\n            ludic_numbers.append(i)\n    return ludic_numbers\n\nprint(get_ludic(100))\ndef check(candidate):\n    assert candidate(10) == [1, 2, 3, 5, 7]\n    assert candidate(25) == [1, 2, 3, 5, 7, 11, 13, 17, 23, 25]\n    assert candidate(45) == [1, 2, 3, 5, 7, 11, 13, 17, 23, 25, 29, 37, 41, 43]\n\ndef test_check():\n    check(get_ludic)\n\ntest_check()\n",
      "timestamp": 1666123744,
      "stdout": "[3, 5, 6, 9, 10, 12, 15, 18, 20, 21, 24, 25, 27, 30, 33, 35, 36, 39, 40, 42, 45, 48, 50, 51, 54, 55, 57, 60, 63, 65, 66, 69, 70, 72, 75, 78, 80, 81, 84, 85, 87, 90, 93, 95, 96, 99, 100]\n",
      "stderr": "Traceback (most recent call last):\n  File \"/tmp/tmpsds4lfn4.py\", line 26, in <module>\n    test_check()\n  File \"/tmp/tmpsds4lfn4.py\", line 24, in test_check\n    check(get_ludic)\n  File \"/tmp/tmpsds4lfn4.py\", line 19, in check\n    assert candidate(10) == [1, 2, 3, 5, 7]\nAssertionError\n",
      "exit_code": 1,
      "status": "Exception"
    },
    {
      "program": "from typing import List\n\ndef get_ludic(n: int) -> List[int]:\n    \"\"\"\n\tWrite a function to get all lucid numbers smaller than or equal to a given integer.\n\t\"\"\"\n    return [i for i in range(1, n + 1) if i % 3 == 0 or \"3\" in str(i)]\ndef check(candidate):\n    assert candidate(10) == [1, 2, 3, 5, 7]\n    assert candidate(25) == [1, 2, 3, 5, 7, 11, 13, 17, 23, 25]\n    assert candidate(45) == [1, 2, 3, 5, 7, 11, 13, 17, 23, 25, 29, 37, 41, 43]\n\ndef test_check():\n    check(get_ludic)\n\ntest_check()\n",
      "timestamp": 1666123743,
      "stdout": "",
      "stderr": "Traceback (most recent call last):\n  File \"/tmp/tmp_ifkzxcq.py\", line 16, in <module>\n    test_check()\n  File \"/tmp/tmp_ifkzxcq.py\", line 14, in test_check\n    check(get_ludic)\n  File \"/tmp/tmp_ifkzxcq.py\", line 9, in check\n    assert candidate(10) == [1, 2, 3, 5, 7]\nAssertionError\n",
      "exit_code": 1,
      "status": "Exception"
    },
    {
      "program": "from typing import List\n\ndef get_ludic(n: int) -> List[int]:\n    \"\"\"\n\tWrite a function to get all lucid numbers smaller than or equal to a given integer.\n\t\"\"\"\n    return [i for i in range(1, n+1) if i % 2 == 1 and i % 3 == 0]\ndef check(candidate):\n    assert candidate(10) == [1, 2, 3, 5, 7]\n    assert candidate(25) == [1, 2, 3, 5, 7, 11, 13, 17, 23, 25]\n    assert candidate(45) == [1, 2, 3, 5, 7, 11, 13, 17, 23, 25, 29, 37, 41, 43]\n\ndef test_check():\n    check(get_ludic)\n\ntest_check()\n",
      "timestamp": 1666123744,
      "stdout": "",
      "stderr": "Traceback (most recent call last):\n  File \"/tmp/tmpwa6_3t9o.py\", line 16, in <module>\n    test_check()\n  File \"/tmp/tmpwa6_3t9o.py\", line 14, in test_check\n    check(get_ludic)\n  File \"/tmp/tmpwa6_3t9o.py\", line 9, in check\n    assert candidate(10) == [1, 2, 3, 5, 7]\nAssertionError\n",
      "exit_code": 1,
      "status": "Exception"
    },
    {
      "program": "from typing import List\n\ndef get_ludic(n: int) -> List[int]:\n    \"\"\"\n\tWrite a function to get all lucid numbers smaller than or equal to a given integer.\n\t\"\"\"\n    return [i for i in range(n+1) if i % 3 == 0 or i % 5 == 0]\ndef check(candidate):\n    assert candidate(10) == [1, 2, 3, 5, 7]\n    assert candidate(25) == [1, 2, 3, 5, 7, 11, 13, 17, 23, 25]\n    assert candidate(45) == [1, 2, 3, 5, 7, 11, 13, 17, 23, 25, 29, 37, 41, 43]\n\ndef test_check():\n    check(get_ludic)\n\ntest_check()\n",
      "timestamp": 1666123743,
      "stdout": "",
      "stderr": "Traceback (most recent call last):\n  File \"/tmp/tmp6j2l_ueo.py\", line 16, in <module>\n    test_check()\n  File \"/tmp/tmp6j2l_ueo.py\", line 14, in test_check\n    check(get_ludic)\n  File \"/tmp/tmp6j2l_ueo.py\", line 9, in check\n    assert candidate(10) == [1, 2, 3, 5, 7]\nAssertionError\n",
      "exit_code": 1,
      "status": "Exception"
    },
    {
      "program": "from typing import List\n\ndef get_ludic(n: int) -> List[int]:\n    \"\"\"\n\tWrite a function to get all lucid numbers smaller than or equal to a given integer.\n\t\"\"\"\n    return [i for i in range(1, n+1) if i % 3 == 0 or '3' in str(i)]\ndef check(candidate):\n    assert candidate(10) == [1, 2, 3, 5, 7]\n    assert candidate(25) == [1, 2, 3, 5, 7, 11, 13, 17, 23, 25]\n    assert candidate(45) == [1, 2, 3, 5, 7, 11, 13, 17, 23, 25, 29, 37, 41, 43]\n\ndef test_check():\n    check(get_ludic)\n\ntest_check()\n",
      "timestamp": 1666123744,
      "stdout": "",
      "stderr": "Traceback (most recent call last):\n  File \"/tmp/tmpui0si_s3.py\", line 16, in <module>\n    test_check()\n  File \"/tmp/tmpui0si_s3.py\", line 14, in test_check\n    check(get_ludic)\n  File \"/tmp/tmpui0si_s3.py\", line 9, in check\n    assert candidate(10) == [1, 2, 3, 5, 7]\nAssertionError\n",
      "exit_code": 1,
      "status": "Exception"
    },
    {
      "program": "from typing import List\n\ndef get_ludic(n: int) -> List[int]:\n    \"\"\"\n\tWrite a function to get all lucid numbers smaller than or equal to a given integer.\n\t\"\"\"\n    return [i for i in range(1, n + 1) if i % 3 == 0 or '3' in str(i)]\ndef check(candidate):\n    assert candidate(10) == [1, 2, 3, 5, 7]\n    assert candidate(25) == [1, 2, 3, 5, 7, 11, 13, 17, 23, 25]\n    assert candidate(45) == [1, 2, 3, 5, 7, 11, 13, 17, 23, 25, 29, 37, 41, 43]\n\ndef test_check():\n    check(get_ludic)\n\ntest_check()\n",
      "timestamp": 1665510490,
      "stdout": "",
      "stderr": "Traceback (most recent call last):\n  File \"/tmp/tmpnmngqkwo.py\", line 16, in <module>\n    test_check()\n  File \"/tmp/tmpnmngqkwo.py\", line 14, in test_check\n    check(get_ludic)\n  File \"/tmp/tmpnmngqkwo.py\", line 9, in check\n    assert candidate(10) == [1, 2, 3, 5, 7]\nAssertionError\n",
      "exit_code": 1,
      "status": "Exception"
    },
    {
      "program": "from typing import List\n\ndef get_ludic(n: int) -> List[int]:\n    \"\"\"\n\tWrite a function to get all lucid numbers smaller than or equal to a given integer.\n\t\"\"\"\n    ludic = []\n    for i in range(1, n + 1):\n        if is_ludic(i):\n            ludic.append(i)\n    return ludic\n\ndef check(candidate):\n    assert candidate(10) == [1, 2, 3, 5, 7]\n    assert candidate(25) == [1, 2, 3, 5, 7, 11, 13, 17, 23, 25]\n    assert candidate(45) == [1, 2, 3, 5, 7, 11, 13, 17, 23, 25, 29, 37, 41, 43]\n\ndef test_check():\n    check(get_ludic)\n\ntest_check()\n",
      "timestamp": 1666123743,
      "stdout": "",
      "stderr": "Traceback (most recent call last):\n  File \"/tmp/tmphgmx56xe.py\", line 21, in <module>\n    test_check()\n  File \"/tmp/tmphgmx56xe.py\", line 19, in test_check\n    check(get_ludic)\n  File \"/tmp/tmphgmx56xe.py\", line 14, in check\n    assert candidate(10) == [1, 2, 3, 5, 7]\n  File \"/tmp/tmphgmx56xe.py\", line 9, in get_ludic\n    if is_ludic(i):\nNameError: name 'is_ludic' is not defined. Did you mean: 'get_ludic'?\n",
      "exit_code": 1,
      "status": "Exception"
    },
    {
      "program": "from typing import List\n\ndef get_ludic(n: int) -> List[int]:\n    \"\"\"\n\tWrite a function to get all lucid numbers smaller than or equal to a given integer.\n\t\"\"\"\n    return [i for i in range(1, n + 1) if i % 3 == 0 or i % 5 == 0]\ndef check(candidate):\n    assert candidate(10) == [1, 2, 3, 5, 7]\n    assert candidate(25) == [1, 2, 3, 5, 7, 11, 13, 17, 23, 25]\n    assert candidate(45) == [1, 2, 3, 5, 7, 11, 13, 17, 23, 25, 29, 37, 41, 43]\n\ndef test_check():\n    check(get_ludic)\n\ntest_check()\n",
      "timestamp": 1665510490,
      "stdout": "",
      "stderr": "Traceback (most recent call last):\n  File \"/tmp/tmpx31wjh4j.py\", line 16, in <module>\n    test_check()\n  File \"/tmp/tmpx31wjh4j.py\", line 14, in test_check\n    check(get_ludic)\n  File \"/tmp/tmpx31wjh4j.py\", line 9, in check\n    assert candidate(10) == [1, 2, 3, 5, 7]\nAssertionError\n",
      "exit_code": 1,
      "status": "Exception"
    },
    {
      "program": "from typing import List\n\ndef get_ludic(n: int) -> List[int]:\n    \"\"\"\n\tWrite a function to get all lucid numbers smaller than or equal to a given integer.\n\t\"\"\"\n    return [x for x in range(1, n + 1) if is_ludic(x)]\n\ndef check(candidate):\n    assert candidate(10) == [1, 2, 3, 5, 7]\n    assert candidate(25) == [1, 2, 3, 5, 7, 11, 13, 17, 23, 25]\n    assert candidate(45) == [1, 2, 3, 5, 7, 11, 13, 17, 23, 25, 29, 37, 41, 43]\n\ndef test_check():\n    check(get_ludic)\n\ntest_check()\n",
      "timestamp": 1666123743,
      "stdout": "",
      "stderr": "Traceback (most recent call last):\n  File \"/tmp/tmp996_efle.py\", line 17, in <module>\n    test_check()\n  File \"/tmp/tmp996_efle.py\", line 15, in test_check\n    check(get_ludic)\n  File \"/tmp/tmp996_efle.py\", line 10, in check\n    assert candidate(10) == [1, 2, 3, 5, 7]\n  File \"/tmp/tmp996_efle.py\", line 7, in get_ludic\n    return [x for x in range(1, n + 1) if is_ludic(x)]\n  File \"/tmp/tmp996_efle.py\", line 7, in <listcomp>\n    return [x for x in range(1, n + 1) if is_ludic(x)]\nNameError: name 'is_ludic' is not defined. Did you mean: 'get_ludic'?\n",
      "exit_code": 1,
      "status": "Exception"
    },
    {
      "program": "from typing import List\n\ndef get_ludic(n: int) -> List[int]:\n    \"\"\"\n\tWrite a function to get all lucid numbers smaller than or equal to a given integer.\n\t\"\"\"\n    ludic = []\n    for i in range(1, n+1):\n        if is_ludic(i):\n            ludic.append(i)\n    return ludic\n\ndef check(candidate):\n    assert candidate(10) == [1, 2, 3, 5, 7]\n    assert candidate(25) == [1, 2, 3, 5, 7, 11, 13, 17, 23, 25]\n    assert candidate(45) == [1, 2, 3, 5, 7, 11, 13, 17, 23, 25, 29, 37, 41, 43]\n\ndef test_check():\n    check(get_ludic)\n\ntest_check()\n",
      "timestamp": 1666123743,
      "stdout": "",
      "stderr": "Traceback (most recent call last):\n  File \"/tmp/tmpt_yxk7lm.py\", line 21, in <module>\n    test_check()\n  File \"/tmp/tmpt_yxk7lm.py\", line 19, in test_check\n    check(get_ludic)\n  File \"/tmp/tmpt_yxk7lm.py\", line 14, in check\n    assert candidate(10) == [1, 2, 3, 5, 7]\n  File \"/tmp/tmpt_yxk7lm.py\", line 9, in get_ludic\n    if is_ludic(i):\nNameError: name 'is_ludic' is not defined. Did you mean: 'get_ludic'?\n",
      "exit_code": 1,
      "status": "Exception"
    },
    {
      "program": "from typing import List\n\ndef get_ludic(n: int) -> List[int]:\n    \"\"\"\n\tWrite a function to get all lucid numbers smaller than or equal to a given integer.\n\t\"\"\"\n    return [i for i in range(n + 1) if i % 3 == 0 or '3' in str(i)]\ndef check(candidate):\n    assert candidate(10) == [1, 2, 3, 5, 7]\n    assert candidate(25) == [1, 2, 3, 5, 7, 11, 13, 17, 23, 25]\n    assert candidate(45) == [1, 2, 3, 5, 7, 11, 13, 17, 23, 25, 29, 37, 41, 43]\n\ndef test_check():\n    check(get_ludic)\n\ntest_check()\n",
      "timestamp": 1666123743,
      "stdout": "",
      "stderr": "Traceback (most recent call last):\n  File \"/tmp/tmpg8cqk4j2.py\", line 16, in <module>\n    test_check()\n  File \"/tmp/tmpg8cqk4j2.py\", line 14, in test_check\n    check(get_ludic)\n  File \"/tmp/tmpg8cqk4j2.py\", line 9, in check\n    assert candidate(10) == [1, 2, 3, 5, 7]\nAssertionError\n",
      "exit_code": 1,
      "status": "Exception"
    },
    {
      "program": "from typing import List\n\ndef get_ludic(n: int) -> List[int]:\n    \"\"\"\n\tWrite a function to get all lucid numbers smaller than or equal to a given integer.\n\t\"\"\"\n    return [i for i in range(1, n + 1) if i % 2 == 0 or i % 3 == 0 or i % 5 == 0]\ndef check(candidate):\n    assert candidate(10) == [1, 2, 3, 5, 7]\n    assert candidate(25) == [1, 2, 3, 5, 7, 11, 13, 17, 23, 25]\n    assert candidate(45) == [1, 2, 3, 5, 7, 11, 13, 17, 23, 25, 29, 37, 41, 43]\n\ndef test_check():\n    check(get_ludic)\n\ntest_check()\n",
      "timestamp": 1666123743,
      "stdout": "",
      "stderr": "Traceback (most recent call last):\n  File \"/tmp/tmp_g25em8g.py\", line 16, in <module>\n    test_check()\n  File \"/tmp/tmp_g25em8g.py\", line 14, in test_check\n    check(get_ludic)\n  File \"/tmp/tmp_g25em8g.py\", line 9, in check\n    assert candidate(10) == [1, 2, 3, 5, 7]\nAssertionError\n",
      "exit_code": 1,
      "status": "Exception"
    },
    {
      "program": "from typing import List\n\ndef get_ludic(n: int) -> List[int]:\n    \"\"\"\n\tWrite a function to get all lucid numbers smaller than or equal to a given integer.\n\t\"\"\"\n    pass\ndef check(candidate):\n    assert candidate(10) == [1, 2, 3, 5, 7]\n    assert candidate(25) == [1, 2, 3, 5, 7, 11, 13, 17, 23, 25]\n    assert candidate(45) == [1, 2, 3, 5, 7, 11, 13, 17, 23, 25, 29, 37, 41, 43]\n\ndef test_check():\n    check(get_ludic)\n\ntest_check()\n",
      "timestamp": 1665510490,
      "stdout": "",
      "stderr": "Traceback (most recent call last):\n  File \"/tmp/tmpcgqiuyxm.py\", line 16, in <module>\n    test_check()\n  File \"/tmp/tmpcgqiuyxm.py\", line 14, in test_check\n    check(get_ludic)\n  File \"/tmp/tmpcgqiuyxm.py\", line 9, in check\n    assert candidate(10) == [1, 2, 3, 5, 7]\nAssertionError\n",
      "exit_code": 1,
      "status": "Exception"
    },
    {
      "program": "from typing import List\n\ndef get_ludic(n: int) -> List[int]:\n    \"\"\"\n\tWrite a function to get all lucid numbers smaller than or equal to a given integer.\n\t\"\"\"\n    return [i for i in range(1, n + 1) if i % 2 == 0 or i % 3 == 0 or i % 5 == 0]\ndef check(candidate):\n    assert candidate(10) == [1, 2, 3, 5, 7]\n    assert candidate(25) == [1, 2, 3, 5, 7, 11, 13, 17, 23, 25]\n    assert candidate(45) == [1, 2, 3, 5, 7, 11, 13, 17, 23, 25, 29, 37, 41, 43]\n\ndef test_check():\n    check(get_ludic)\n\ntest_check()\n",
      "timestamp": 1666123743,
      "stdout": "",
      "stderr": "Traceback (most recent call last):\n  File \"/tmp/tmp_g25em8g.py\", line 16, in <module>\n    test_check()\n  File \"/tmp/tmp_g25em8g.py\", line 14, in test_check\n    check(get_ludic)\n  File \"/tmp/tmp_g25em8g.py\", line 9, in check\n    assert candidate(10) == [1, 2, 3, 5, 7]\nAssertionError\n",
      "exit_code": 1,
      "status": "Exception"
    },
    {
      "program": "from typing import List\n\ndef get_ludic(n: int) -> List[int]:\n    \"\"\"\n\tWrite a function to get all lucid numbers smaller than or equal to a given integer.\n\t\"\"\"\n    return [i for i in range(1, n + 1) if i % 10 == i // 10 ** (len(str(i)) - 1)]\ndef check(candidate):\n    assert candidate(10) == [1, 2, 3, 5, 7]\n    assert candidate(25) == [1, 2, 3, 5, 7, 11, 13, 17, 23, 25]\n    assert candidate(45) == [1, 2, 3, 5, 7, 11, 13, 17, 23, 25, 29, 37, 41, 43]\n\ndef test_check():\n    check(get_ludic)\n\ntest_check()\n",
      "timestamp": 1666123743,
      "stdout": "",
      "stderr": "Traceback (most recent call last):\n  File \"/tmp/tmpeai3qubq.py\", line 16, in <module>\n    test_check()\n  File \"/tmp/tmpeai3qubq.py\", line 14, in test_check\n    check(get_ludic)\n  File \"/tmp/tmpeai3qubq.py\", line 9, in check\n    assert candidate(10) == [1, 2, 3, 5, 7]\nAssertionError\n",
      "exit_code": 1,
      "status": "Exception"
    },
    {
      "program": "from typing import List\n\ndef get_ludic(n: int) -> List[int]:\n    \"\"\"\n\tWrite a function to get all lucid numbers smaller than or equal to a given integer.\n\t\"\"\"\n    return [i for i in range(1, n + 1) if i % 3 == 0 or i % 5 == 0]\ndef check(candidate):\n    assert candidate(10) == [1, 2, 3, 5, 7]\n    assert candidate(25) == [1, 2, 3, 5, 7, 11, 13, 17, 23, 25]\n    assert candidate(45) == [1, 2, 3, 5, 7, 11, 13, 17, 23, 25, 29, 37, 41, 43]\n\ndef test_check():\n    check(get_ludic)\n\ntest_check()\n",
      "timestamp": 1665510490,
      "stdout": "",
      "stderr": "Traceback (most recent call last):\n  File \"/tmp/tmpx31wjh4j.py\", line 16, in <module>\n    test_check()\n  File \"/tmp/tmpx31wjh4j.py\", line 14, in test_check\n    check(get_ludic)\n  File \"/tmp/tmpx31wjh4j.py\", line 9, in check\n    assert candidate(10) == [1, 2, 3, 5, 7]\nAssertionError\n",
      "exit_code": 1,
      "status": "Exception"
    },
    {
      "program": "from typing import List\n\ndef get_ludic(n: int) -> List[int]:\n    \"\"\"\n\tWrite a function to get all lucid numbers smaller than or equal to a given integer.\n\t\"\"\"\n    return [i for i in range(1, n+1) if i % 2 == 0 or i % 3 == 0 or i % 5 == 0]\n\ndef check(candidate):\n    assert candidate(10) == [1, 2, 3, 5, 7]\n    assert candidate(25) == [1, 2, 3, 5, 7, 11, 13, 17, 23, 25]\n    assert candidate(45) == [1, 2, 3, 5, 7, 11, 13, 17, 23, 25, 29, 37, 41, 43]\n\ndef test_check():\n    check(get_ludic)\n\ntest_check()\n",
      "timestamp": 1666123744,
      "stdout": "",
      "stderr": "Traceback (most recent call last):\n  File \"/tmp/tmp0ipohlb1.py\", line 17, in <module>\n    test_check()\n  File \"/tmp/tmp0ipohlb1.py\", line 15, in test_check\n    check(get_ludic)\n  File \"/tmp/tmp0ipohlb1.py\", line 10, in check\n    assert candidate(10) == [1, 2, 3, 5, 7]\nAssertionError\n",
      "exit_code": 1,
      "status": "Exception"
    },
    {
      "program": "from typing import List\n\ndef get_ludic(n: int) -> List[int]:\n    \"\"\"\n\tWrite a function to get all lucid numbers smaller than or equal to a given integer.\n\t\"\"\"\n    ludic = []\n    for i in range(1, n + 1):\n        if i % 2 == 1:\n            ludic.append(i)\n        elif i % 3 == 0:\n            ludic.append(i)\n        elif i % 5 == 0:\n            ludic.append(i)\n        elif i % 7 == 0:\n            ludic.append(i)\n    return ludic\n\ndef check(candidate):\n    assert candidate(10) == [1, 2, 3, 5, 7]\n    assert candidate(25) == [1, 2, 3, 5, 7, 11, 13, 17, 23, 25]\n    assert candidate(45) == [1, 2, 3, 5, 7, 11, 13, 17, 23, 25, 29, 37, 41, 43]\n\ndef test_check():\n    check(get_ludic)\n\ntest_check()\n",
      "timestamp": 1666123744,
      "stdout": "",
      "stderr": "Traceback (most recent call last):\n  File \"/tmp/tmpjm7v6mja.py\", line 27, in <module>\n    test_check()\n  File \"/tmp/tmpjm7v6mja.py\", line 25, in test_check\n    check(get_ludic)\n  File \"/tmp/tmpjm7v6mja.py\", line 20, in check\n    assert candidate(10) == [1, 2, 3, 5, 7]\nAssertionError\n",
      "exit_code": 1,
      "status": "Exception"
    },
    {
      "program": "from typing import List\n\ndef get_ludic(n: int) -> List[int]:\n    \"\"\"\n\tWrite a function to get all lucid numbers smaller than or equal to a given integer.\n\t\"\"\"\n    return [i for i in range(1, n + 1) if str(i) == str(i)[::-1]]\ndef check(candidate):\n    assert candidate(10) == [1, 2, 3, 5, 7]\n    assert candidate(25) == [1, 2, 3, 5, 7, 11, 13, 17, 23, 25]\n    assert candidate(45) == [1, 2, 3, 5, 7, 11, 13, 17, 23, 25, 29, 37, 41, 43]\n\ndef test_check():\n    check(get_ludic)\n\ntest_check()\n",
      "timestamp": 1666123743,
      "stdout": "",
      "stderr": "Traceback (most recent call last):\n  File \"/tmp/tmp5_76p49y.py\", line 16, in <module>\n    test_check()\n  File \"/tmp/tmp5_76p49y.py\", line 14, in test_check\n    check(get_ludic)\n  File \"/tmp/tmp5_76p49y.py\", line 9, in check\n    assert candidate(10) == [1, 2, 3, 5, 7]\nAssertionError\n",
      "exit_code": 1,
      "status": "Exception"
    },
    {
      "program": "from typing import List\n\ndef get_ludic(n: int) -> List[int]:\n    \"\"\"\n\tWrite a function to get all lucid numbers smaller than or equal to a given integer.\n\t\"\"\"\n    return [i for i in range(1, n + 1) if i % 3 == 0 or i % 5 == 0]\ndef check(candidate):\n    assert candidate(10) == [1, 2, 3, 5, 7]\n    assert candidate(25) == [1, 2, 3, 5, 7, 11, 13, 17, 23, 25]\n    assert candidate(45) == [1, 2, 3, 5, 7, 11, 13, 17, 23, 25, 29, 37, 41, 43]\n\ndef test_check():\n    check(get_ludic)\n\ntest_check()\n",
      "timestamp": 1665510490,
      "stdout": "",
      "stderr": "Traceback (most recent call last):\n  File \"/tmp/tmpx31wjh4j.py\", line 16, in <module>\n    test_check()\n  File \"/tmp/tmpx31wjh4j.py\", line 14, in test_check\n    check(get_ludic)\n  File \"/tmp/tmpx31wjh4j.py\", line 9, in check\n    assert candidate(10) == [1, 2, 3, 5, 7]\nAssertionError\n",
      "exit_code": 1,
      "status": "Exception"
    },
    {
      "program": "from typing import List\n\ndef get_ludic(n: int) -> List[int]:\n    \"\"\"\n\tWrite a function to get all lucid numbers smaller than or equal to a given integer.\n\t\"\"\"\n    return [i for i in range(1, n + 1) if i % 15 == 0]\ndef check(candidate):\n    assert candidate(10) == [1, 2, 3, 5, 7]\n    assert candidate(25) == [1, 2, 3, 5, 7, 11, 13, 17, 23, 25]\n    assert candidate(45) == [1, 2, 3, 5, 7, 11, 13, 17, 23, 25, 29, 37, 41, 43]\n\ndef test_check():\n    check(get_ludic)\n\ntest_check()\n",
      "timestamp": 1666123744,
      "stdout": "",
      "stderr": "Traceback (most recent call last):\n  File \"/tmp/tmpbujsohtp.py\", line 16, in <module>\n    test_check()\n  File \"/tmp/tmpbujsohtp.py\", line 14, in test_check\n    check(get_ludic)\n  File \"/tmp/tmpbujsohtp.py\", line 9, in check\n    assert candidate(10) == [1, 2, 3, 5, 7]\nAssertionError\n",
      "exit_code": 1,
      "status": "Exception"
    },
    {
      "program": "from typing import List\n\ndef get_ludic(n: int) -> List[int]:\n    \"\"\"\n\tWrite a function to get all lucid numbers smaller than or equal to a given integer.\n\t\"\"\"\n    ludic = []\n    for i in range(1, n + 1):\n        if i % 3 == 0 and i % 5 == 0:\n            ludic.append(i)\n        elif i % 3 == 0:\n            ludic.append(i)\n        elif i % 5 == 0:\n            ludic.append(i)\n    return ludic\n\n\ndef check(candidate):\n    assert candidate(10) == [1, 2, 3, 5, 7]\n    assert candidate(25) == [1, 2, 3, 5, 7, 11, 13, 17, 23, 25]\n    assert candidate(45) == [1, 2, 3, 5, 7, 11, 13, 17, 23, 25, 29, 37, 41, 43]\n\ndef test_check():\n    check(get_ludic)\n\ntest_check()\n",
      "timestamp": 1666123744,
      "stdout": "",
      "stderr": "Traceback (most recent call last):\n  File \"/tmp/tmp4u9n2ezr.py\", line 26, in <module>\n    test_check()\n  File \"/tmp/tmp4u9n2ezr.py\", line 24, in test_check\n    check(get_ludic)\n  File \"/tmp/tmp4u9n2ezr.py\", line 19, in check\n    assert candidate(10) == [1, 2, 3, 5, 7]\nAssertionError\n",
      "exit_code": 1,
      "status": "Exception"
    },
    {
      "program": "from typing import List\n\ndef get_ludic(n: int) -> List[int]:\n    \"\"\"\n\tWrite a function to get all lucid numbers smaller than or equal to a given integer.\n\t\"\"\"\n    return [i for i in range(1, n + 1) if is_ludic(i)]\n\ndef check(candidate):\n    assert candidate(10) == [1, 2, 3, 5, 7]\n    assert candidate(25) == [1, 2, 3, 5, 7, 11, 13, 17, 23, 25]\n    assert candidate(45) == [1, 2, 3, 5, 7, 11, 13, 17, 23, 25, 29, 37, 41, 43]\n\ndef test_check():\n    check(get_ludic)\n\ntest_check()\n",
      "timestamp": 1665510490,
      "stdout": "",
      "stderr": "Traceback (most recent call last):\n  File \"/tmp/tmpj5cs29eg.py\", line 17, in <module>\n    test_check()\n  File \"/tmp/tmpj5cs29eg.py\", line 15, in test_check\n    check(get_ludic)\n  File \"/tmp/tmpj5cs29eg.py\", line 10, in check\n    assert candidate(10) == [1, 2, 3, 5, 7]\n  File \"/tmp/tmpj5cs29eg.py\", line 7, in get_ludic\n    return [i for i in range(1, n + 1) if is_ludic(i)]\n  File \"/tmp/tmpj5cs29eg.py\", line 7, in <listcomp>\n    return [i for i in range(1, n + 1) if is_ludic(i)]\nNameError: name 'is_ludic' is not defined. Did you mean: 'get_ludic'?\n",
      "exit_code": 1,
      "status": "Exception"
    },
    {
      "program": "from typing import List\n\ndef get_ludic(n: int) -> List[int]:\n    \"\"\"\n\tWrite a function to get all lucid numbers smaller than or equal to a given integer.\n\t\"\"\"\n    return [i for i in range(1, n + 1) if i % 3 == 0 or '3' in str(i)]\ndef check(candidate):\n    assert candidate(10) == [1, 2, 3, 5, 7]\n    assert candidate(25) == [1, 2, 3, 5, 7, 11, 13, 17, 23, 25]\n    assert candidate(45) == [1, 2, 3, 5, 7, 11, 13, 17, 23, 25, 29, 37, 41, 43]\n\ndef test_check():\n    check(get_ludic)\n\ntest_check()\n",
      "timestamp": 1665510490,
      "stdout": "",
      "stderr": "Traceback (most recent call last):\n  File \"/tmp/tmpnmngqkwo.py\", line 16, in <module>\n    test_check()\n  File \"/tmp/tmpnmngqkwo.py\", line 14, in test_check\n    check(get_ludic)\n  File \"/tmp/tmpnmngqkwo.py\", line 9, in check\n    assert candidate(10) == [1, 2, 3, 5, 7]\nAssertionError\n",
      "exit_code": 1,
      "status": "Exception"
    },
    {
      "program": "from typing import List\n\ndef get_ludic(n: int) -> List[int]:\n    \"\"\"\n\tWrite a function to get all lucid numbers smaller than or equal to a given integer.\n\t\"\"\"\n    ludic_numbers = []\n    for i in range(1, n + 1):\n        if i % 2 == 0:\n            ludic_numbers.append(i)\n        elif i % 3 == 0:\n            ludic_numbers.append(i)\n        elif i % 5 == 0:\n            ludic_numbers.append(i)\n        elif i % 7 == 0:\n            ludic_numbers.append(i)\n    return ludic_numbers\n\nprint(get_ludic(100))\ndef check(candidate):\n    assert candidate(10) == [1, 2, 3, 5, 7]\n    assert candidate(25) == [1, 2, 3, 5, 7, 11, 13, 17, 23, 25]\n    assert candidate(45) == [1, 2, 3, 5, 7, 11, 13, 17, 23, 25, 29, 37, 41, 43]\n\ndef test_check():\n    check(get_ludic)\n\ntest_check()\n",
      "timestamp": 1666123743,
      "stdout": "[2, 3, 4, 5, 6, 7, 8, 9, 10, 12, 14, 15, 16, 18, 20, 21, 22, 24, 25, 26, 27, 28, 30, 32, 33, 34, 35, 36, 38, 39, 40, 42, 44, 45, 46, 48, 49, 50, 51, 52, 54, 55, 56, 57, 58, 60, 62, 63, 64, 65, 66, 68, 69, 70, 72, 74, 75, 76, 77, 78, 80, 81, 82, 84, 85, 86, 87, 88, 90, 91, 92, 93, 94, 95, 96, 98, 99, 100]\n",
      "stderr": "Traceback (most recent call last):\n  File \"/tmp/tmpyhn4chvc.py\", line 28, in <module>\n    test_check()\n  File \"/tmp/tmpyhn4chvc.py\", line 26, in test_check\n    check(get_ludic)\n  File \"/tmp/tmpyhn4chvc.py\", line 21, in check\n    assert candidate(10) == [1, 2, 3, 5, 7]\nAssertionError\n",
      "exit_code": 1,
      "status": "Exception"
    },
    {
      "program": "from typing import List\n\ndef get_ludic(n: int) -> List[int]:\n    \"\"\"\n\tWrite a function to get all lucid numbers smaller than or equal to a given integer.\n\t\"\"\"\n    return [i for i in range(1, n + 1) if i % 3 == 0 or '3' in str(i)]\ndef check(candidate):\n    assert candidate(10) == [1, 2, 3, 5, 7]\n    assert candidate(25) == [1, 2, 3, 5, 7, 11, 13, 17, 23, 25]\n    assert candidate(45) == [1, 2, 3, 5, 7, 11, 13, 17, 23, 25, 29, 37, 41, 43]\n\ndef test_check():\n    check(get_ludic)\n\ntest_check()\n",
      "timestamp": 1665510490,
      "stdout": "",
      "stderr": "Traceback (most recent call last):\n  File \"/tmp/tmpnmngqkwo.py\", line 16, in <module>\n    test_check()\n  File \"/tmp/tmpnmngqkwo.py\", line 14, in test_check\n    check(get_ludic)\n  File \"/tmp/tmpnmngqkwo.py\", line 9, in check\n    assert candidate(10) == [1, 2, 3, 5, 7]\nAssertionError\n",
      "exit_code": 1,
      "status": "Exception"
    },
    {
      "program": "from typing import List\n\ndef get_ludic(n: int) -> List[int]:\n    \"\"\"\n\tWrite a function to get all lucid numbers smaller than or equal to a given integer.\n\t\"\"\"\n    return [num for num in range(1, n + 1) if is_ludic(num)]\n\ndef check(candidate):\n    assert candidate(10) == [1, 2, 3, 5, 7]\n    assert candidate(25) == [1, 2, 3, 5, 7, 11, 13, 17, 23, 25]\n    assert candidate(45) == [1, 2, 3, 5, 7, 11, 13, 17, 23, 25, 29, 37, 41, 43]\n\ndef test_check():\n    check(get_ludic)\n\ntest_check()\n",
      "timestamp": 1666123744,
      "stdout": "",
      "stderr": "Traceback (most recent call last):\n  File \"/tmp/tmpngrgkaz6.py\", line 17, in <module>\n    test_check()\n  File \"/tmp/tmpngrgkaz6.py\", line 15, in test_check\n    check(get_ludic)\n  File \"/tmp/tmpngrgkaz6.py\", line 10, in check\n    assert candidate(10) == [1, 2, 3, 5, 7]\n  File \"/tmp/tmpngrgkaz6.py\", line 7, in get_ludic\n    return [num for num in range(1, n + 1) if is_ludic(num)]\n  File \"/tmp/tmpngrgkaz6.py\", line 7, in <listcomp>\n    return [num for num in range(1, n + 1) if is_ludic(num)]\nNameError: name 'is_ludic' is not defined. Did you mean: 'get_ludic'?\n",
      "exit_code": 1,
      "status": "Exception"
    },
    {
      "program": "from typing import List\n\ndef get_ludic(n: int) -> List[int]:\n    \"\"\"\n\tWrite a function to get all lucid numbers smaller than or equal to a given integer.\n\t\"\"\"\n    return [i for i in range(1, n+1) if i%3 == 0 or i%5 == 0]\ndef check(candidate):\n    assert candidate(10) == [1, 2, 3, 5, 7]\n    assert candidate(25) == [1, 2, 3, 5, 7, 11, 13, 17, 23, 25]\n    assert candidate(45) == [1, 2, 3, 5, 7, 11, 13, 17, 23, 25, 29, 37, 41, 43]\n\ndef test_check():\n    check(get_ludic)\n\ntest_check()\n",
      "timestamp": 1666123744,
      "stdout": "",
      "stderr": "Traceback (most recent call last):\n  File \"/tmp/tmpsybnr_uq.py\", line 16, in <module>\n    test_check()\n  File \"/tmp/tmpsybnr_uq.py\", line 14, in test_check\n    check(get_ludic)\n  File \"/tmp/tmpsybnr_uq.py\", line 9, in check\n    assert candidate(10) == [1, 2, 3, 5, 7]\nAssertionError\n",
      "exit_code": 1,
      "status": "Exception"
    },
    {
      "program": "from typing import List\n\ndef get_ludic(n: int) -> List[int]:\n    \"\"\"\n\tWrite a function to get all lucid numbers smaller than or equal to a given integer.\n\t\"\"\"\n    return [i for i in range(1, n + 1) if i % 3 == 0 or i % 5 == 0]\ndef check(candidate):\n    assert candidate(10) == [1, 2, 3, 5, 7]\n    assert candidate(25) == [1, 2, 3, 5, 7, 11, 13, 17, 23, 25]\n    assert candidate(45) == [1, 2, 3, 5, 7, 11, 13, 17, 23, 25, 29, 37, 41, 43]\n\ndef test_check():\n    check(get_ludic)\n\ntest_check()\n",
      "timestamp": 1665510490,
      "stdout": "",
      "stderr": "Traceback (most recent call last):\n  File \"/tmp/tmpx31wjh4j.py\", line 16, in <module>\n    test_check()\n  File \"/tmp/tmpx31wjh4j.py\", line 14, in test_check\n    check(get_ludic)\n  File \"/tmp/tmpx31wjh4j.py\", line 9, in check\n    assert candidate(10) == [1, 2, 3, 5, 7]\nAssertionError\n",
      "exit_code": 1,
      "status": "Exception"
    },
    {
      "program": "from typing import List\n\ndef get_ludic(n: int) -> List[int]:\n    \"\"\"\n\tWrite a function to get all lucid numbers smaller than or equal to a given integer.\n\t\"\"\"\n    ludic = []\n    for i in range(1, n + 1):\n        if i % 3 == 0 or i % 5 == 0:\n            ludic.append(i)\n    return ludic\n\nprint(get_ludic(20))\ndef check(candidate):\n    assert candidate(10) == [1, 2, 3, 5, 7]\n    assert candidate(25) == [1, 2, 3, 5, 7, 11, 13, 17, 23, 25]\n    assert candidate(45) == [1, 2, 3, 5, 7, 11, 13, 17, 23, 25, 29, 37, 41, 43]\n\ndef test_check():\n    check(get_ludic)\n\ntest_check()\n",
      "timestamp": 1666123744,
      "stdout": "[3, 5, 6, 9, 10, 12, 15, 18, 20]\n",
      "stderr": "Traceback (most recent call last):\n  File \"/tmp/tmpg9njrm80.py\", line 22, in <module>\n    test_check()\n  File \"/tmp/tmpg9njrm80.py\", line 20, in test_check\n    check(get_ludic)\n  File \"/tmp/tmpg9njrm80.py\", line 15, in check\n    assert candidate(10) == [1, 2, 3, 5, 7]\nAssertionError\n",
      "exit_code": 1,
      "status": "Exception"
    },
    {
      "program": "from typing import List\n\ndef get_ludic(n: int) -> List[int]:\n    \"\"\"\n\tWrite a function to get all lucid numbers smaller than or equal to a given integer.\n\t\"\"\"\n    return [i for i in range(1, n+1) if i % 3 == 0 or i % 5 == 0]\ndef check(candidate):\n    assert candidate(10) == [1, 2, 3, 5, 7]\n    assert candidate(25) == [1, 2, 3, 5, 7, 11, 13, 17, 23, 25]\n    assert candidate(45) == [1, 2, 3, 5, 7, 11, 13, 17, 23, 25, 29, 37, 41, 43]\n\ndef test_check():\n    check(get_ludic)\n\ntest_check()\n",
      "timestamp": 1665510490,
      "stdout": "",
      "stderr": "Traceback (most recent call last):\n  File \"/tmp/tmpwx2peing.py\", line 16, in <module>\n    test_check()\n  File \"/tmp/tmpwx2peing.py\", line 14, in test_check\n    check(get_ludic)\n  File \"/tmp/tmpwx2peing.py\", line 9, in check\n    assert candidate(10) == [1, 2, 3, 5, 7]\nAssertionError\n",
      "exit_code": 1,
      "status": "Exception"
    },
    {
      "program": "from typing import List\n\ndef get_ludic(n: int) -> List[int]:\n    \"\"\"\n\tWrite a function to get all lucid numbers smaller than or equal to a given integer.\n\t\"\"\"\n    ludic = []\n    for i in range(1, n+1):\n        if i % 3 == 0 or i % 5 == 0:\n            ludic.append(i)\n    return ludic\n\ndef check(candidate):\n    assert candidate(10) == [1, 2, 3, 5, 7]\n    assert candidate(25) == [1, 2, 3, 5, 7, 11, 13, 17, 23, 25]\n    assert candidate(45) == [1, 2, 3, 5, 7, 11, 13, 17, 23, 25, 29, 37, 41, 43]\n\ndef test_check():\n    check(get_ludic)\n\ntest_check()\n",
      "timestamp": 1665510490,
      "stdout": "",
      "stderr": "Traceback (most recent call last):\n  File \"/tmp/tmpdyq3zpb1.py\", line 21, in <module>\n    test_check()\n  File \"/tmp/tmpdyq3zpb1.py\", line 19, in test_check\n    check(get_ludic)\n  File \"/tmp/tmpdyq3zpb1.py\", line 14, in check\n    assert candidate(10) == [1, 2, 3, 5, 7]\nAssertionError\n",
      "exit_code": 1,
      "status": "Exception"
    },
    {
      "program": "from typing import List\n\ndef get_ludic(n: int) -> List[int]:\n    \"\"\"\n\tWrite a function to get all lucid numbers smaller than or equal to a given integer.\n\t\"\"\"\n    ludic = []\n    for i in range(1, n + 1):\n        if i % 15 == 0:\n            ludic.append(i)\n        elif i % 5 == 0:\n            ludic.append(i)\n        elif i % 3 == 0:\n            ludic.append(i)\n    return ludic\n\ndef check(candidate):\n    assert candidate(10) == [1, 2, 3, 5, 7]\n    assert candidate(25) == [1, 2, 3, 5, 7, 11, 13, 17, 23, 25]\n    assert candidate(45) == [1, 2, 3, 5, 7, 11, 13, 17, 23, 25, 29, 37, 41, 43]\n\ndef test_check():\n    check(get_ludic)\n\ntest_check()\n",
      "timestamp": 1666123744,
      "stdout": "",
      "stderr": "Traceback (most recent call last):\n  File \"/tmp/tmpk4mfnzab.py\", line 25, in <module>\n    test_check()\n  File \"/tmp/tmpk4mfnzab.py\", line 23, in test_check\n    check(get_ludic)\n  File \"/tmp/tmpk4mfnzab.py\", line 18, in check\n    assert candidate(10) == [1, 2, 3, 5, 7]\nAssertionError\n",
      "exit_code": 1,
      "status": "Exception"
    },
    {
      "program": "from typing import List\n\ndef get_ludic(n: int) -> List[int]:\n    \"\"\"\n\tWrite a function to get all lucid numbers smaller than or equal to a given integer.\n\t\"\"\"\n    return [i for i in range(1, n + 1) if i % 10 == 0 or i % 10 == 1]\ndef check(candidate):\n    assert candidate(10) == [1, 2, 3, 5, 7]\n    assert candidate(25) == [1, 2, 3, 5, 7, 11, 13, 17, 23, 25]\n    assert candidate(45) == [1, 2, 3, 5, 7, 11, 13, 17, 23, 25, 29, 37, 41, 43]\n\ndef test_check():\n    check(get_ludic)\n\ntest_check()\n",
      "timestamp": 1666123743,
      "stdout": "",
      "stderr": "Traceback (most recent call last):\n  File \"/tmp/tmp37y9udps.py\", line 16, in <module>\n    test_check()\n  File \"/tmp/tmp37y9udps.py\", line 14, in test_check\n    check(get_ludic)\n  File \"/tmp/tmp37y9udps.py\", line 9, in check\n    assert candidate(10) == [1, 2, 3, 5, 7]\nAssertionError\n",
      "exit_code": 1,
      "status": "Exception"
    },
    {
      "program": "from typing import List\n\ndef get_ludic(n: int) -> List[int]:\n    \"\"\"\n\tWrite a function to get all lucid numbers smaller than or equal to a given integer.\n\t\"\"\"\n    return [i for i in range(1, n + 1) if i % 2 == 0 and i % 3 == 0]\n\nprint(get_ludic(10))\ndef check(candidate):\n    assert candidate(10) == [1, 2, 3, 5, 7]\n    assert candidate(25) == [1, 2, 3, 5, 7, 11, 13, 17, 23, 25]\n    assert candidate(45) == [1, 2, 3, 5, 7, 11, 13, 17, 23, 25, 29, 37, 41, 43]\n\ndef test_check():\n    check(get_ludic)\n\ntest_check()\n",
      "timestamp": 1666123744,
      "stdout": "[6]\n",
      "stderr": "Traceback (most recent call last):\n  File \"/tmp/tmps5qsfuw9.py\", line 18, in <module>\n    test_check()\n  File \"/tmp/tmps5qsfuw9.py\", line 16, in test_check\n    check(get_ludic)\n  File \"/tmp/tmps5qsfuw9.py\", line 11, in check\n    assert candidate(10) == [1, 2, 3, 5, 7]\nAssertionError\n",
      "exit_code": 1,
      "status": "Exception"
    },
    {
      "program": "from typing import List\n\ndef get_ludic(n: int) -> List[int]:\n    \"\"\"\n\tWrite a function to get all lucid numbers smaller than or equal to a given integer.\n\t\"\"\"\n    return [i for i in range(1, n + 1) if is_ludic(i)]\n\ndef check(candidate):\n    assert candidate(10) == [1, 2, 3, 5, 7]\n    assert candidate(25) == [1, 2, 3, 5, 7, 11, 13, 17, 23, 25]\n    assert candidate(45) == [1, 2, 3, 5, 7, 11, 13, 17, 23, 25, 29, 37, 41, 43]\n\ndef test_check():\n    check(get_ludic)\n\ntest_check()\n",
      "timestamp": 1665510490,
      "stdout": "",
      "stderr": "Traceback (most recent call last):\n  File \"/tmp/tmpj5cs29eg.py\", line 17, in <module>\n    test_check()\n  File \"/tmp/tmpj5cs29eg.py\", line 15, in test_check\n    check(get_ludic)\n  File \"/tmp/tmpj5cs29eg.py\", line 10, in check\n    assert candidate(10) == [1, 2, 3, 5, 7]\n  File \"/tmp/tmpj5cs29eg.py\", line 7, in get_ludic\n    return [i for i in range(1, n + 1) if is_ludic(i)]\n  File \"/tmp/tmpj5cs29eg.py\", line 7, in <listcomp>\n    return [i for i in range(1, n + 1) if is_ludic(i)]\nNameError: name 'is_ludic' is not defined. Did you mean: 'get_ludic'?\n",
      "exit_code": 1,
      "status": "Exception"
    },
    {
      "program": "from typing import List\n\ndef get_ludic(n: int) -> List[int]:\n    \"\"\"\n\tWrite a function to get all lucid numbers smaller than or equal to a given integer.\n\t\"\"\"\n    ludic = []\n    for i in range(1, n + 1):\n        if i % 2 == 0 and i % 3 == 0:\n            ludic.append(i)\n    return ludic\n\nprint(get_ludic(30))\ndef check(candidate):\n    assert candidate(10) == [1, 2, 3, 5, 7]\n    assert candidate(25) == [1, 2, 3, 5, 7, 11, 13, 17, 23, 25]\n    assert candidate(45) == [1, 2, 3, 5, 7, 11, 13, 17, 23, 25, 29, 37, 41, 43]\n\ndef test_check():\n    check(get_ludic)\n\ntest_check()\n",
      "timestamp": 1666123744,
      "stdout": "[6, 12, 18, 24, 30]\n",
      "stderr": "Traceback (most recent call last):\n  File \"/tmp/tmpdz8si0gz.py\", line 22, in <module>\n    test_check()\n  File \"/tmp/tmpdz8si0gz.py\", line 20, in test_check\n    check(get_ludic)\n  File \"/tmp/tmpdz8si0gz.py\", line 15, in check\n    assert candidate(10) == [1, 2, 3, 5, 7]\nAssertionError\n",
      "exit_code": 1,
      "status": "Exception"
    },
    {
      "program": "from typing import List\n\ndef get_ludic(n: int) -> List[int]:\n    \"\"\"\n\tWrite a function to get all lucid numbers smaller than or equal to a given integer.\n\t\"\"\"\n    return [i for i in range(1, n + 1) if is_ludic(i)]\n\ndef check(candidate):\n    assert candidate(10) == [1, 2, 3, 5, 7]\n    assert candidate(25) == [1, 2, 3, 5, 7, 11, 13, 17, 23, 25]\n    assert candidate(45) == [1, 2, 3, 5, 7, 11, 13, 17, 23, 25, 29, 37, 41, 43]\n\ndef test_check():\n    check(get_ludic)\n\ntest_check()\n",
      "timestamp": 1665510490,
      "stdout": "",
      "stderr": "Traceback (most recent call last):\n  File \"/tmp/tmpj5cs29eg.py\", line 17, in <module>\n    test_check()\n  File \"/tmp/tmpj5cs29eg.py\", line 15, in test_check\n    check(get_ludic)\n  File \"/tmp/tmpj5cs29eg.py\", line 10, in check\n    assert candidate(10) == [1, 2, 3, 5, 7]\n  File \"/tmp/tmpj5cs29eg.py\", line 7, in get_ludic\n    return [i for i in range(1, n + 1) if is_ludic(i)]\n  File \"/tmp/tmpj5cs29eg.py\", line 7, in <listcomp>\n    return [i for i in range(1, n + 1) if is_ludic(i)]\nNameError: name 'is_ludic' is not defined. Did you mean: 'get_ludic'?\n",
      "exit_code": 1,
      "status": "Exception"
    },
    {
      "program": "from typing import List\n\ndef get_ludic(n: int) -> List[int]:\n    \"\"\"\n\tWrite a function to get all lucid numbers smaller than or equal to a given integer.\n\t\"\"\"\n    return [i for i in range(1, n + 1) if is_ludic(i)]\n\ndef check(candidate):\n    assert candidate(10) == [1, 2, 3, 5, 7]\n    assert candidate(25) == [1, 2, 3, 5, 7, 11, 13, 17, 23, 25]\n    assert candidate(45) == [1, 2, 3, 5, 7, 11, 13, 17, 23, 25, 29, 37, 41, 43]\n\ndef test_check():\n    check(get_ludic)\n\ntest_check()\n",
      "timestamp": 1665510490,
      "stdout": "",
      "stderr": "Traceback (most recent call last):\n  File \"/tmp/tmpj5cs29eg.py\", line 17, in <module>\n    test_check()\n  File \"/tmp/tmpj5cs29eg.py\", line 15, in test_check\n    check(get_ludic)\n  File \"/tmp/tmpj5cs29eg.py\", line 10, in check\n    assert candidate(10) == [1, 2, 3, 5, 7]\n  File \"/tmp/tmpj5cs29eg.py\", line 7, in get_ludic\n    return [i for i in range(1, n + 1) if is_ludic(i)]\n  File \"/tmp/tmpj5cs29eg.py\", line 7, in <listcomp>\n    return [i for i in range(1, n + 1) if is_ludic(i)]\nNameError: name 'is_ludic' is not defined. Did you mean: 'get_ludic'?\n",
      "exit_code": 1,
      "status": "Exception"
    },
    {
      "program": "from typing import List\n\ndef get_ludic(n: int) -> List[int]:\n    \"\"\"\n\tWrite a function to get all lucid numbers smaller than or equal to a given integer.\n\t\"\"\"\n    return [i for i in range(1, n + 1) if is_ludic(i)]\n\ndef check(candidate):\n    assert candidate(10) == [1, 2, 3, 5, 7]\n    assert candidate(25) == [1, 2, 3, 5, 7, 11, 13, 17, 23, 25]\n    assert candidate(45) == [1, 2, 3, 5, 7, 11, 13, 17, 23, 25, 29, 37, 41, 43]\n\ndef test_check():\n    check(get_ludic)\n\ntest_check()\n",
      "timestamp": 1665510490,
      "stdout": "",
      "stderr": "Traceback (most recent call last):\n  File \"/tmp/tmpj5cs29eg.py\", line 17, in <module>\n    test_check()\n  File \"/tmp/tmpj5cs29eg.py\", line 15, in test_check\n    check(get_ludic)\n  File \"/tmp/tmpj5cs29eg.py\", line 10, in check\n    assert candidate(10) == [1, 2, 3, 5, 7]\n  File \"/tmp/tmpj5cs29eg.py\", line 7, in get_ludic\n    return [i for i in range(1, n + 1) if is_ludic(i)]\n  File \"/tmp/tmpj5cs29eg.py\", line 7, in <listcomp>\n    return [i for i in range(1, n + 1) if is_ludic(i)]\nNameError: name 'is_ludic' is not defined. Did you mean: 'get_ludic'?\n",
      "exit_code": 1,
      "status": "Exception"
    },
    {
      "program": "from typing import List\n\ndef get_ludic(n: int) -> List[int]:\n    \"\"\"\n\tWrite a function to get all lucid numbers smaller than or equal to a given integer.\n\t\"\"\"\n    return [i for i in range(1, n + 1) if i % 3 == 0 or i % 5 == 0]\ndef check(candidate):\n    assert candidate(10) == [1, 2, 3, 5, 7]\n    assert candidate(25) == [1, 2, 3, 5, 7, 11, 13, 17, 23, 25]\n    assert candidate(45) == [1, 2, 3, 5, 7, 11, 13, 17, 23, 25, 29, 37, 41, 43]\n\ndef test_check():\n    check(get_ludic)\n\ntest_check()\n",
      "timestamp": 1665510490,
      "stdout": "",
      "stderr": "Traceback (most recent call last):\n  File \"/tmp/tmpx31wjh4j.py\", line 16, in <module>\n    test_check()\n  File \"/tmp/tmpx31wjh4j.py\", line 14, in test_check\n    check(get_ludic)\n  File \"/tmp/tmpx31wjh4j.py\", line 9, in check\n    assert candidate(10) == [1, 2, 3, 5, 7]\nAssertionError\n",
      "exit_code": 1,
      "status": "Exception"
    },
    {
      "program": "from typing import List\n\ndef get_ludic(n: int) -> List[int]:\n    \"\"\"\n\tWrite a function to get all lucid numbers smaller than or equal to a given integer.\n\t\"\"\"\n    return [x for x in range(1, n+1) if x % 2 == 1 and x % 3 == 0]\n\nprint(get_ludic(10))\ndef check(candidate):\n    assert candidate(10) == [1, 2, 3, 5, 7]\n    assert candidate(25) == [1, 2, 3, 5, 7, 11, 13, 17, 23, 25]\n    assert candidate(45) == [1, 2, 3, 5, 7, 11, 13, 17, 23, 25, 29, 37, 41, 43]\n\ndef test_check():\n    check(get_ludic)\n\ntest_check()\n",
      "timestamp": 1666123744,
      "stdout": "[3, 9]\n",
      "stderr": "Traceback (most recent call last):\n  File \"/tmp/tmp2v4ns82m.py\", line 18, in <module>\n    test_check()\n  File \"/tmp/tmp2v4ns82m.py\", line 16, in test_check\n    check(get_ludic)\n  File \"/tmp/tmp2v4ns82m.py\", line 11, in check\n    assert candidate(10) == [1, 2, 3, 5, 7]\nAssertionError\n",
      "exit_code": 1,
      "status": "Exception"
    },
    {
      "program": "from typing import List\n\ndef get_ludic(n: int) -> List[int]:\n    \"\"\"\n\tWrite a function to get all lucid numbers smaller than or equal to a given integer.\n\t\"\"\"\n    return [i for i in range(1, n + 1) if len(str(i)) == len(set(str(i)))]\ndef check(candidate):\n    assert candidate(10) == [1, 2, 3, 5, 7]\n    assert candidate(25) == [1, 2, 3, 5, 7, 11, 13, 17, 23, 25]\n    assert candidate(45) == [1, 2, 3, 5, 7, 11, 13, 17, 23, 25, 29, 37, 41, 43]\n\ndef test_check():\n    check(get_ludic)\n\ntest_check()\n",
      "timestamp": 1666123744,
      "stdout": "",
      "stderr": "Traceback (most recent call last):\n  File \"/tmp/tmp8p71zpxc.py\", line 16, in <module>\n    test_check()\n  File \"/tmp/tmp8p71zpxc.py\", line 14, in test_check\n    check(get_ludic)\n  File \"/tmp/tmp8p71zpxc.py\", line 9, in check\n    assert candidate(10) == [1, 2, 3, 5, 7]\nAssertionError\n",
      "exit_code": 1,
      "status": "Exception"
    },
    {
      "program": "from typing import List\n\ndef get_ludic(n: int) -> List[int]:\n    \"\"\"\n\tWrite a function to get all lucid numbers smaller than or equal to a given integer.\n\t\"\"\"\n    return [i for i in range(1, n + 1) if i % 3 == 0 or i % 5 == 0]\ndef check(candidate):\n    assert candidate(10) == [1, 2, 3, 5, 7]\n    assert candidate(25) == [1, 2, 3, 5, 7, 11, 13, 17, 23, 25]\n    assert candidate(45) == [1, 2, 3, 5, 7, 11, 13, 17, 23, 25, 29, 37, 41, 43]\n\ndef test_check():\n    check(get_ludic)\n\ntest_check()\n",
      "timestamp": 1665510490,
      "stdout": "",
      "stderr": "Traceback (most recent call last):\n  File \"/tmp/tmpx31wjh4j.py\", line 16, in <module>\n    test_check()\n  File \"/tmp/tmpx31wjh4j.py\", line 14, in test_check\n    check(get_ludic)\n  File \"/tmp/tmpx31wjh4j.py\", line 9, in check\n    assert candidate(10) == [1, 2, 3, 5, 7]\nAssertionError\n",
      "exit_code": 1,
      "status": "Exception"
    },
    {
      "program": "from typing import List\n\ndef get_ludic(n: int) -> List[int]:\n    \"\"\"\n\tWrite a function to get all lucid numbers smaller than or equal to a given integer.\n\t\"\"\"\n    ludic = []\n    for i in range(1, n + 1):\n        if is_ludic(i):\n            ludic.append(i)\n    return ludic\n\ndef check(candidate):\n    assert candidate(10) == [1, 2, 3, 5, 7]\n    assert candidate(25) == [1, 2, 3, 5, 7, 11, 13, 17, 23, 25]\n    assert candidate(45) == [1, 2, 3, 5, 7, 11, 13, 17, 23, 25, 29, 37, 41, 43]\n\ndef test_check():\n    check(get_ludic)\n\ntest_check()\n",
      "timestamp": 1666123743,
      "stdout": "",
      "stderr": "Traceback (most recent call last):\n  File \"/tmp/tmphgmx56xe.py\", line 21, in <module>\n    test_check()\n  File \"/tmp/tmphgmx56xe.py\", line 19, in test_check\n    check(get_ludic)\n  File \"/tmp/tmphgmx56xe.py\", line 14, in check\n    assert candidate(10) == [1, 2, 3, 5, 7]\n  File \"/tmp/tmphgmx56xe.py\", line 9, in get_ludic\n    if is_ludic(i):\nNameError: name 'is_ludic' is not defined. Did you mean: 'get_ludic'?\n",
      "exit_code": 1,
      "status": "Exception"
    },
    {
      "program": "from typing import List\n\ndef get_ludic(n: int) -> List[int]:\n    \"\"\"\n\tWrite a function to get all lucid numbers smaller than or equal to a given integer.\n\t\"\"\"\n    return [i for i in range(1, n + 1) if i % 3 == 0 or i % 5 == 0]\ndef check(candidate):\n    assert candidate(10) == [1, 2, 3, 5, 7]\n    assert candidate(25) == [1, 2, 3, 5, 7, 11, 13, 17, 23, 25]\n    assert candidate(45) == [1, 2, 3, 5, 7, 11, 13, 17, 23, 25, 29, 37, 41, 43]\n\ndef test_check():\n    check(get_ludic)\n\ntest_check()\n",
      "timestamp": 1665510490,
      "stdout": "",
      "stderr": "Traceback (most recent call last):\n  File \"/tmp/tmpx31wjh4j.py\", line 16, in <module>\n    test_check()\n  File \"/tmp/tmpx31wjh4j.py\", line 14, in test_check\n    check(get_ludic)\n  File \"/tmp/tmpx31wjh4j.py\", line 9, in check\n    assert candidate(10) == [1, 2, 3, 5, 7]\nAssertionError\n",
      "exit_code": 1,
      "status": "Exception"
    },
    {
      "program": "from typing import List\n\ndef get_ludic(n: int) -> List[int]:\n    \"\"\"\n\tWrite a function to get all lucid numbers smaller than or equal to a given integer.\n\t\"\"\"\n    return [i for i in range(1, n+1) if i % 3 == 0 or i % 5 == 0]\ndef check(candidate):\n    assert candidate(10) == [1, 2, 3, 5, 7]\n    assert candidate(25) == [1, 2, 3, 5, 7, 11, 13, 17, 23, 25]\n    assert candidate(45) == [1, 2, 3, 5, 7, 11, 13, 17, 23, 25, 29, 37, 41, 43]\n\ndef test_check():\n    check(get_ludic)\n\ntest_check()\n",
      "timestamp": 1665510490,
      "stdout": "",
      "stderr": "Traceback (most recent call last):\n  File \"/tmp/tmpwx2peing.py\", line 16, in <module>\n    test_check()\n  File \"/tmp/tmpwx2peing.py\", line 14, in test_check\n    check(get_ludic)\n  File \"/tmp/tmpwx2peing.py\", line 9, in check\n    assert candidate(10) == [1, 2, 3, 5, 7]\nAssertionError\n",
      "exit_code": 1,
      "status": "Exception"
    },
    {
      "program": "from typing import List\n\ndef get_ludic(n: int) -> List[int]:\n    \"\"\"\n\tWrite a function to get all lucid numbers smaller than or equal to a given integer.\n\t\"\"\"\n    return [i for i in range(1, n + 1) if i % 2 == 1 and i % 3 == 0]\n\nprint(get_ludic(10))\ndef check(candidate):\n    assert candidate(10) == [1, 2, 3, 5, 7]\n    assert candidate(25) == [1, 2, 3, 5, 7, 11, 13, 17, 23, 25]\n    assert candidate(45) == [1, 2, 3, 5, 7, 11, 13, 17, 23, 25, 29, 37, 41, 43]\n\ndef test_check():\n    check(get_ludic)\n\ntest_check()\n",
      "timestamp": 1666123743,
      "stdout": "[3, 9]\n",
      "stderr": "Traceback (most recent call last):\n  File \"/tmp/tmpad_kg5g6.py\", line 18, in <module>\n    test_check()\n  File \"/tmp/tmpad_kg5g6.py\", line 16, in test_check\n    check(get_ludic)\n  File \"/tmp/tmpad_kg5g6.py\", line 11, in check\n    assert candidate(10) == [1, 2, 3, 5, 7]\nAssertionError\n",
      "exit_code": 1,
      "status": "Exception"
    },
    {
      "program": "from typing import List\n\ndef get_ludic(n: int) -> List[int]:\n    \"\"\"\n\tWrite a function to get all lucid numbers smaller than or equal to a given integer.\n\t\"\"\"\n    return [i for i in range(1, n + 1) if i % 3 == 0 or i % 5 == 0]\n\n\ndef check(candidate):\n    assert candidate(10) == [1, 2, 3, 5, 7]\n    assert candidate(25) == [1, 2, 3, 5, 7, 11, 13, 17, 23, 25]\n    assert candidate(45) == [1, 2, 3, 5, 7, 11, 13, 17, 23, 25, 29, 37, 41, 43]\n\ndef test_check():\n    check(get_ludic)\n\ntest_check()\n",
      "timestamp": 1666123743,
      "stdout": "",
      "stderr": "Traceback (most recent call last):\n  File \"/tmp/tmpedt7owhk.py\", line 18, in <module>\n    test_check()\n  File \"/tmp/tmpedt7owhk.py\", line 16, in test_check\n    check(get_ludic)\n  File \"/tmp/tmpedt7owhk.py\", line 11, in check\n    assert candidate(10) == [1, 2, 3, 5, 7]\nAssertionError\n",
      "exit_code": 1,
      "status": "Exception"
    },
    {
      "program": "from typing import List\n\ndef get_ludic(n: int) -> List[int]:\n    \"\"\"\n\tWrite a function to get all lucid numbers smaller than or equal to a given integer.\n\t\"\"\"\n    return [i for i in range(1, n + 1) if str(i) == str(i)[::-1]]\n\ndef check(candidate):\n    assert candidate(10) == [1, 2, 3, 5, 7]\n    assert candidate(25) == [1, 2, 3, 5, 7, 11, 13, 17, 23, 25]\n    assert candidate(45) == [1, 2, 3, 5, 7, 11, 13, 17, 23, 25, 29, 37, 41, 43]\n\ndef test_check():\n    check(get_ludic)\n\ntest_check()\n",
      "timestamp": 1666123744,
      "stdout": "",
      "stderr": "Traceback (most recent call last):\n  File \"/tmp/tmpwhc79a0r.py\", line 17, in <module>\n    test_check()\n  File \"/tmp/tmpwhc79a0r.py\", line 15, in test_check\n    check(get_ludic)\n  File \"/tmp/tmpwhc79a0r.py\", line 10, in check\n    assert candidate(10) == [1, 2, 3, 5, 7]\nAssertionError\n",
      "exit_code": 1,
      "status": "Exception"
    },
    {
      "program": "from typing import List\n\ndef get_ludic(n: int) -> List[int]:\n    \"\"\"\n\tWrite a function to get all lucid numbers smaller than or equal to a given integer.\n\t\"\"\"\n    return [i for i in range(1, n + 1) if str(i).count('2') == 1]\n\ndef check(candidate):\n    assert candidate(10) == [1, 2, 3, 5, 7]\n    assert candidate(25) == [1, 2, 3, 5, 7, 11, 13, 17, 23, 25]\n    assert candidate(45) == [1, 2, 3, 5, 7, 11, 13, 17, 23, 25, 29, 37, 41, 43]\n\ndef test_check():\n    check(get_ludic)\n\ntest_check()\n",
      "timestamp": 1666123744,
      "stdout": "",
      "stderr": "Traceback (most recent call last):\n  File \"/tmp/tmpi25xvy1p.py\", line 17, in <module>\n    test_check()\n  File \"/tmp/tmpi25xvy1p.py\", line 15, in test_check\n    check(get_ludic)\n  File \"/tmp/tmpi25xvy1p.py\", line 10, in check\n    assert candidate(10) == [1, 2, 3, 5, 7]\nAssertionError\n",
      "exit_code": 1,
      "status": "Exception"
    },
    {
      "program": "from typing import List\n\ndef get_ludic(n: int) -> List[int]:\n    \"\"\"\n\tWrite a function to get all lucid numbers smaller than or equal to a given integer.\n\t\"\"\"\n    return [x for x in range(1, n+1) if x % 3 == 0 or x % 5 == 0]\ndef check(candidate):\n    assert candidate(10) == [1, 2, 3, 5, 7]\n    assert candidate(25) == [1, 2, 3, 5, 7, 11, 13, 17, 23, 25]\n    assert candidate(45) == [1, 2, 3, 5, 7, 11, 13, 17, 23, 25, 29, 37, 41, 43]\n\ndef test_check():\n    check(get_ludic)\n\ntest_check()\n",
      "timestamp": 1666123744,
      "stdout": "",
      "stderr": "Traceback (most recent call last):\n  File \"/tmp/tmp9yo1vpxm.py\", line 16, in <module>\n    test_check()\n  File \"/tmp/tmp9yo1vpxm.py\", line 14, in test_check\n    check(get_ludic)\n  File \"/tmp/tmp9yo1vpxm.py\", line 9, in check\n    assert candidate(10) == [1, 2, 3, 5, 7]\nAssertionError\n",
      "exit_code": 1,
      "status": "Exception"
    },
    {
      "program": "from typing import List\n\ndef get_ludic(n: int) -> List[int]:\n    \"\"\"\n\tWrite a function to get all lucid numbers smaller than or equal to a given integer.\n\t\"\"\"\n    return [i for i in range(1, n + 1) if is_ludic(i)]\n\ndef check(candidate):\n    assert candidate(10) == [1, 2, 3, 5, 7]\n    assert candidate(25) == [1, 2, 3, 5, 7, 11, 13, 17, 23, 25]\n    assert candidate(45) == [1, 2, 3, 5, 7, 11, 13, 17, 23, 25, 29, 37, 41, 43]\n\ndef test_check():\n    check(get_ludic)\n\ntest_check()\n",
      "timestamp": 1665510490,
      "stdout": "",
      "stderr": "Traceback (most recent call last):\n  File \"/tmp/tmpj5cs29eg.py\", line 17, in <module>\n    test_check()\n  File \"/tmp/tmpj5cs29eg.py\", line 15, in test_check\n    check(get_ludic)\n  File \"/tmp/tmpj5cs29eg.py\", line 10, in check\n    assert candidate(10) == [1, 2, 3, 5, 7]\n  File \"/tmp/tmpj5cs29eg.py\", line 7, in get_ludic\n    return [i for i in range(1, n + 1) if is_ludic(i)]\n  File \"/tmp/tmpj5cs29eg.py\", line 7, in <listcomp>\n    return [i for i in range(1, n + 1) if is_ludic(i)]\nNameError: name 'is_ludic' is not defined. Did you mean: 'get_ludic'?\n",
      "exit_code": 1,
      "status": "Exception"
    },
    {
      "program": "from typing import List\n\ndef get_ludic(n: int) -> List[int]:\n    \"\"\"\n\tWrite a function to get all lucid numbers smaller than or equal to a given integer.\n\t\"\"\"\n    return [i for i in range(1, n + 1) if is_ludic(i)]\n\ndef check(candidate):\n    assert candidate(10) == [1, 2, 3, 5, 7]\n    assert candidate(25) == [1, 2, 3, 5, 7, 11, 13, 17, 23, 25]\n    assert candidate(45) == [1, 2, 3, 5, 7, 11, 13, 17, 23, 25, 29, 37, 41, 43]\n\ndef test_check():\n    check(get_ludic)\n\ntest_check()\n",
      "timestamp": 1665510490,
      "stdout": "",
      "stderr": "Traceback (most recent call last):\n  File \"/tmp/tmpj5cs29eg.py\", line 17, in <module>\n    test_check()\n  File \"/tmp/tmpj5cs29eg.py\", line 15, in test_check\n    check(get_ludic)\n  File \"/tmp/tmpj5cs29eg.py\", line 10, in check\n    assert candidate(10) == [1, 2, 3, 5, 7]\n  File \"/tmp/tmpj5cs29eg.py\", line 7, in get_ludic\n    return [i for i in range(1, n + 1) if is_ludic(i)]\n  File \"/tmp/tmpj5cs29eg.py\", line 7, in <listcomp>\n    return [i for i in range(1, n + 1) if is_ludic(i)]\nNameError: name 'is_ludic' is not defined. Did you mean: 'get_ludic'?\n",
      "exit_code": 1,
      "status": "Exception"
    },
    {
      "program": "from typing import List\n\ndef get_ludic(n: int) -> List[int]:\n    \"\"\"\n\tWrite a function to get all lucid numbers smaller than or equal to a given integer.\n\t\"\"\"\n    return [i for i in range(1, n + 1) if not any(i % j == 0 for j in range(2, i))]\ndef check(candidate):\n    assert candidate(10) == [1, 2, 3, 5, 7]\n    assert candidate(25) == [1, 2, 3, 5, 7, 11, 13, 17, 23, 25]\n    assert candidate(45) == [1, 2, 3, 5, 7, 11, 13, 17, 23, 25, 29, 37, 41, 43]\n\ndef test_check():\n    check(get_ludic)\n\ntest_check()\n",
      "timestamp": 1665510490,
      "stdout": "",
      "stderr": "Traceback (most recent call last):\n  File \"/tmp/tmpouw6cfv2.py\", line 16, in <module>\n    test_check()\n  File \"/tmp/tmpouw6cfv2.py\", line 14, in test_check\n    check(get_ludic)\n  File \"/tmp/tmpouw6cfv2.py\", line 10, in check\n    assert candidate(25) == [1, 2, 3, 5, 7, 11, 13, 17, 23, 25]\nAssertionError\n",
      "exit_code": 1,
      "status": "Exception"
    },
    {
      "program": "from typing import List\n\ndef get_ludic(n: int) -> List[int]:\n    \"\"\"\n\tWrite a function to get all lucid numbers smaller than or equal to a given integer.\n\t\"\"\"\n    return [i for i in range(1, n+1) if i % 3 == 0 or i % 5 == 0]\n\ndef check(candidate):\n    assert candidate(10) == [1, 2, 3, 5, 7]\n    assert candidate(25) == [1, 2, 3, 5, 7, 11, 13, 17, 23, 25]\n    assert candidate(45) == [1, 2, 3, 5, 7, 11, 13, 17, 23, 25, 29, 37, 41, 43]\n\ndef test_check():\n    check(get_ludic)\n\ntest_check()\n",
      "timestamp": 1666123743,
      "stdout": "",
      "stderr": "Traceback (most recent call last):\n  File \"/tmp/tmp5qq7ld71.py\", line 17, in <module>\n    test_check()\n  File \"/tmp/tmp5qq7ld71.py\", line 15, in test_check\n    check(get_ludic)\n  File \"/tmp/tmp5qq7ld71.py\", line 10, in check\n    assert candidate(10) == [1, 2, 3, 5, 7]\nAssertionError\n",
      "exit_code": 1,
      "status": "Exception"
    },
    {
      "program": "from typing import List\n\ndef get_ludic(n: int) -> List[int]:\n    \"\"\"\n\tWrite a function to get all lucid numbers smaller than or equal to a given integer.\n\t\"\"\"\n    return [i for i in range(1, n + 1) if is_ludic(i)]\n\ndef check(candidate):\n    assert candidate(10) == [1, 2, 3, 5, 7]\n    assert candidate(25) == [1, 2, 3, 5, 7, 11, 13, 17, 23, 25]\n    assert candidate(45) == [1, 2, 3, 5, 7, 11, 13, 17, 23, 25, 29, 37, 41, 43]\n\ndef test_check():\n    check(get_ludic)\n\ntest_check()\n",
      "timestamp": 1665510490,
      "stdout": "",
      "stderr": "Traceback (most recent call last):\n  File \"/tmp/tmpj5cs29eg.py\", line 17, in <module>\n    test_check()\n  File \"/tmp/tmpj5cs29eg.py\", line 15, in test_check\n    check(get_ludic)\n  File \"/tmp/tmpj5cs29eg.py\", line 10, in check\n    assert candidate(10) == [1, 2, 3, 5, 7]\n  File \"/tmp/tmpj5cs29eg.py\", line 7, in get_ludic\n    return [i for i in range(1, n + 1) if is_ludic(i)]\n  File \"/tmp/tmpj5cs29eg.py\", line 7, in <listcomp>\n    return [i for i in range(1, n + 1) if is_ludic(i)]\nNameError: name 'is_ludic' is not defined. Did you mean: 'get_ludic'?\n",
      "exit_code": 1,
      "status": "Exception"
    },
    {
      "program": "from typing import List\n\ndef get_ludic(n: int) -> List[int]:\n    \"\"\"\n\tWrite a function to get all lucid numbers smaller than or equal to a given integer.\n\t\"\"\"\n    return [i for i in range(1, n + 1) if i % 15 == 0 or i % 5 == 0 or i % 3 == 0]\ndef check(candidate):\n    assert candidate(10) == [1, 2, 3, 5, 7]\n    assert candidate(25) == [1, 2, 3, 5, 7, 11, 13, 17, 23, 25]\n    assert candidate(45) == [1, 2, 3, 5, 7, 11, 13, 17, 23, 25, 29, 37, 41, 43]\n\ndef test_check():\n    check(get_ludic)\n\ntest_check()\n",
      "timestamp": 1666123744,
      "stdout": "",
      "stderr": "Traceback (most recent call last):\n  File \"/tmp/tmpinlc8ff4.py\", line 16, in <module>\n    test_check()\n  File \"/tmp/tmpinlc8ff4.py\", line 14, in test_check\n    check(get_ludic)\n  File \"/tmp/tmpinlc8ff4.py\", line 9, in check\n    assert candidate(10) == [1, 2, 3, 5, 7]\nAssertionError\n",
      "exit_code": 1,
      "status": "Exception"
    },
    {
      "program": "from typing import List\n\ndef get_ludic(n: int) -> List[int]:\n    \"\"\"\n\tWrite a function to get all lucid numbers smaller than or equal to a given integer.\n\t\"\"\"\n    return [i for i in range(1, n + 1) if (i % 3 == 0 and i % 5 == 0) or (i % 3 == 0 or i % 5 == 0)]\ndef check(candidate):\n    assert candidate(10) == [1, 2, 3, 5, 7]\n    assert candidate(25) == [1, 2, 3, 5, 7, 11, 13, 17, 23, 25]\n    assert candidate(45) == [1, 2, 3, 5, 7, 11, 13, 17, 23, 25, 29, 37, 41, 43]\n\ndef test_check():\n    check(get_ludic)\n\ntest_check()\n",
      "timestamp": 1666123744,
      "stdout": "",
      "stderr": "Traceback (most recent call last):\n  File \"/tmp/tmpi2d9rm7c.py\", line 16, in <module>\n    test_check()\n  File \"/tmp/tmpi2d9rm7c.py\", line 14, in test_check\n    check(get_ludic)\n  File \"/tmp/tmpi2d9rm7c.py\", line 9, in check\n    assert candidate(10) == [1, 2, 3, 5, 7]\nAssertionError\n",
      "exit_code": 1,
      "status": "Exception"
    },
    {
      "program": "from typing import List\n\ndef get_ludic(n: int) -> List[int]:\n    \"\"\"\n\tWrite a function to get all lucid numbers smaller than or equal to a given integer.\n\t\"\"\"\n    ludic_numbers = []\n    for i in range(1, n + 1):\n        if i % 3 == 0 and i % 5 == 0:\n            ludic_numbers.append(i)\n        elif i % 3 == 0:\n            ludic_numbers.append(i)\n        elif i % 5 == 0:\n            ludic_numbers.append(i)\n    return ludic_numbers\n\nprint(get_ludic(100))\ndef check(candidate):\n    assert candidate(10) == [1, 2, 3, 5, 7]\n    assert candidate(25) == [1, 2, 3, 5, 7, 11, 13, 17, 23, 25]\n    assert candidate(45) == [1, 2, 3, 5, 7, 11, 13, 17, 23, 25, 29, 37, 41, 43]\n\ndef test_check():\n    check(get_ludic)\n\ntest_check()\n",
      "timestamp": 1666123744,
      "stdout": "[3, 5, 6, 9, 10, 12, 15, 18, 20, 21, 24, 25, 27, 30, 33, 35, 36, 39, 40, 42, 45, 48, 50, 51, 54, 55, 57, 60, 63, 65, 66, 69, 70, 72, 75, 78, 80, 81, 84, 85, 87, 90, 93, 95, 96, 99, 100]\n",
      "stderr": "Traceback (most recent call last):\n  File \"/tmp/tmpege12ze5.py\", line 26, in <module>\n    test_check()\n  File \"/tmp/tmpege12ze5.py\", line 24, in test_check\n    check(get_ludic)\n  File \"/tmp/tmpege12ze5.py\", line 19, in check\n    assert candidate(10) == [1, 2, 3, 5, 7]\nAssertionError\n",
      "exit_code": 1,
      "status": "Exception"
    },
    {
      "program": "from typing import List\n\ndef get_ludic(n: int) -> List[int]:\n    \"\"\"\n\tWrite a function to get all lucid numbers smaller than or equal to a given integer.\n\t\"\"\"\n    ludic = []\n    for i in range(1, n + 1):\n        if i % 3 == 0 and i % 5 == 0:\n            ludic.append(i)\n        elif i % 3 == 0:\n            ludic.append(i)\n        elif i % 5 == 0:\n            ludic.append(i)\n    return ludic\n\ndef check(candidate):\n    assert candidate(10) == [1, 2, 3, 5, 7]\n    assert candidate(25) == [1, 2, 3, 5, 7, 11, 13, 17, 23, 25]\n    assert candidate(45) == [1, 2, 3, 5, 7, 11, 13, 17, 23, 25, 29, 37, 41, 43]\n\ndef test_check():\n    check(get_ludic)\n\ntest_check()\n",
      "timestamp": 1665510490,
      "stdout": "",
      "stderr": "Traceback (most recent call last):\n  File \"/tmp/tmpmkc03rvf.py\", line 25, in <module>\n    test_check()\n  File \"/tmp/tmpmkc03rvf.py\", line 23, in test_check\n    check(get_ludic)\n  File \"/tmp/tmpmkc03rvf.py\", line 18, in check\n    assert candidate(10) == [1, 2, 3, 5, 7]\nAssertionError\n",
      "exit_code": 1,
      "status": "Exception"
    },
    {
      "program": "from typing import List\n\ndef get_ludic(n: int) -> List[int]:\n    \"\"\"\n\tWrite a function to get all lucid numbers smaller than or equal to a given integer.\n\t\"\"\"\n    return [i for i in range(1, n + 1) if i % 2 == 0 or i % 3 == 0 or i % 5 == 0]\ndef check(candidate):\n    assert candidate(10) == [1, 2, 3, 5, 7]\n    assert candidate(25) == [1, 2, 3, 5, 7, 11, 13, 17, 23, 25]\n    assert candidate(45) == [1, 2, 3, 5, 7, 11, 13, 17, 23, 25, 29, 37, 41, 43]\n\ndef test_check():\n    check(get_ludic)\n\ntest_check()\n",
      "timestamp": 1666123743,
      "stdout": "",
      "stderr": "Traceback (most recent call last):\n  File \"/tmp/tmp_g25em8g.py\", line 16, in <module>\n    test_check()\n  File \"/tmp/tmp_g25em8g.py\", line 14, in test_check\n    check(get_ludic)\n  File \"/tmp/tmp_g25em8g.py\", line 9, in check\n    assert candidate(10) == [1, 2, 3, 5, 7]\nAssertionError\n",
      "exit_code": 1,
      "status": "Exception"
    },
    {
      "program": "from typing import List\n\ndef get_ludic(n: int) -> List[int]:\n    \"\"\"\n\tWrite a function to get all lucid numbers smaller than or equal to a given integer.\n\t\"\"\"\n    ludic = []\n    for i in range(1, n + 1):\n        if is_ludic(i):\n            ludic.append(i)\n    return ludic\n\ndef check(candidate):\n    assert candidate(10) == [1, 2, 3, 5, 7]\n    assert candidate(25) == [1, 2, 3, 5, 7, 11, 13, 17, 23, 25]\n    assert candidate(45) == [1, 2, 3, 5, 7, 11, 13, 17, 23, 25, 29, 37, 41, 43]\n\ndef test_check():\n    check(get_ludic)\n\ntest_check()\n",
      "timestamp": 1666123743,
      "stdout": "",
      "stderr": "Traceback (most recent call last):\n  File \"/tmp/tmphgmx56xe.py\", line 21, in <module>\n    test_check()\n  File \"/tmp/tmphgmx56xe.py\", line 19, in test_check\n    check(get_ludic)\n  File \"/tmp/tmphgmx56xe.py\", line 14, in check\n    assert candidate(10) == [1, 2, 3, 5, 7]\n  File \"/tmp/tmphgmx56xe.py\", line 9, in get_ludic\n    if is_ludic(i):\nNameError: name 'is_ludic' is not defined. Did you mean: 'get_ludic'?\n",
      "exit_code": 1,
      "status": "Exception"
    },
    {
      "program": "from typing import List\n\ndef get_ludic(n: int) -> List[int]:\n    \"\"\"\n\tWrite a function to get all lucid numbers smaller than or equal to a given integer.\n\t\"\"\"\n    return [i for i in range(1, n + 1) if i % 3 == 0 or i % 5 == 0]\ndef check(candidate):\n    assert candidate(10) == [1, 2, 3, 5, 7]\n    assert candidate(25) == [1, 2, 3, 5, 7, 11, 13, 17, 23, 25]\n    assert candidate(45) == [1, 2, 3, 5, 7, 11, 13, 17, 23, 25, 29, 37, 41, 43]\n\ndef test_check():\n    check(get_ludic)\n\ntest_check()\n",
      "timestamp": 1665510490,
      "stdout": "",
      "stderr": "Traceback (most recent call last):\n  File \"/tmp/tmpx31wjh4j.py\", line 16, in <module>\n    test_check()\n  File \"/tmp/tmpx31wjh4j.py\", line 14, in test_check\n    check(get_ludic)\n  File \"/tmp/tmpx31wjh4j.py\", line 9, in check\n    assert candidate(10) == [1, 2, 3, 5, 7]\nAssertionError\n",
      "exit_code": 1,
      "status": "Exception"
    },
    {
      "program": "from typing import List\n\ndef get_ludic(n: int) -> List[int]:\n    \"\"\"\n\tWrite a function to get all lucid numbers smaller than or equal to a given integer.\n\t\"\"\"\n    return [i for i in range(1, n + 1) if str(i) == str(i)[::-1]]\ndef check(candidate):\n    assert candidate(10) == [1, 2, 3, 5, 7]\n    assert candidate(25) == [1, 2, 3, 5, 7, 11, 13, 17, 23, 25]\n    assert candidate(45) == [1, 2, 3, 5, 7, 11, 13, 17, 23, 25, 29, 37, 41, 43]\n\ndef test_check():\n    check(get_ludic)\n\ntest_check()\n",
      "timestamp": 1666123743,
      "stdout": "",
      "stderr": "Traceback (most recent call last):\n  File \"/tmp/tmp5_76p49y.py\", line 16, in <module>\n    test_check()\n  File \"/tmp/tmp5_76p49y.py\", line 14, in test_check\n    check(get_ludic)\n  File \"/tmp/tmp5_76p49y.py\", line 9, in check\n    assert candidate(10) == [1, 2, 3, 5, 7]\nAssertionError\n",
      "exit_code": 1,
      "status": "Exception"
    },
    {
      "program": "from typing import List\n\ndef get_ludic(n: int) -> List[int]:\n    \"\"\"\n\tWrite a function to get all lucid numbers smaller than or equal to a given integer.\n\t\"\"\"\n    return [i for i in range(1, n + 1) if str(i).count('1') == 1]\ndef check(candidate):\n    assert candidate(10) == [1, 2, 3, 5, 7]\n    assert candidate(25) == [1, 2, 3, 5, 7, 11, 13, 17, 23, 25]\n    assert candidate(45) == [1, 2, 3, 5, 7, 11, 13, 17, 23, 25, 29, 37, 41, 43]\n\ndef test_check():\n    check(get_ludic)\n\ntest_check()\n",
      "timestamp": 1666123743,
      "stdout": "",
      "stderr": "Traceback (most recent call last):\n  File \"/tmp/tmpqmm6zr0j.py\", line 16, in <module>\n    test_check()\n  File \"/tmp/tmpqmm6zr0j.py\", line 14, in test_check\n    check(get_ludic)\n  File \"/tmp/tmpqmm6zr0j.py\", line 9, in check\n    assert candidate(10) == [1, 2, 3, 5, 7]\nAssertionError\n",
      "exit_code": 1,
      "status": "Exception"
    },
    {
      "program": "from typing import List\n\ndef get_ludic(n: int) -> List[int]:\n    \"\"\"\n\tWrite a function to get all lucid numbers smaller than or equal to a given integer.\n\t\"\"\"\n    return [i for i in range(1, n+1) if i % 3 == 0 or i % 5 == 0]\n\ndef check(candidate):\n    assert candidate(10) == [1, 2, 3, 5, 7]\n    assert candidate(25) == [1, 2, 3, 5, 7, 11, 13, 17, 23, 25]\n    assert candidate(45) == [1, 2, 3, 5, 7, 11, 13, 17, 23, 25, 29, 37, 41, 43]\n\ndef test_check():\n    check(get_ludic)\n\ntest_check()\n",
      "timestamp": 1666123743,
      "stdout": "",
      "stderr": "Traceback (most recent call last):\n  File \"/tmp/tmp5qq7ld71.py\", line 17, in <module>\n    test_check()\n  File \"/tmp/tmp5qq7ld71.py\", line 15, in test_check\n    check(get_ludic)\n  File \"/tmp/tmp5qq7ld71.py\", line 10, in check\n    assert candidate(10) == [1, 2, 3, 5, 7]\nAssertionError\n",
      "exit_code": 1,
      "status": "Exception"
    },
    {
      "program": "from typing import List\n\ndef get_ludic(n: int) -> List[int]:\n    \"\"\"\n\tWrite a function to get all lucid numbers smaller than or equal to a given integer.\n\t\"\"\"\n    return [x for x in range(1, n + 1) if x % 3 == 0 or x % 5 == 0]\ndef check(candidate):\n    assert candidate(10) == [1, 2, 3, 5, 7]\n    assert candidate(25) == [1, 2, 3, 5, 7, 11, 13, 17, 23, 25]\n    assert candidate(45) == [1, 2, 3, 5, 7, 11, 13, 17, 23, 25, 29, 37, 41, 43]\n\ndef test_check():\n    check(get_ludic)\n\ntest_check()\n",
      "timestamp": 1665510490,
      "stdout": "",
      "stderr": "Traceback (most recent call last):\n  File \"/tmp/tmpjtcdd63r.py\", line 16, in <module>\n    test_check()\n  File \"/tmp/tmpjtcdd63r.py\", line 14, in test_check\n    check(get_ludic)\n  File \"/tmp/tmpjtcdd63r.py\", line 9, in check\n    assert candidate(10) == [1, 2, 3, 5, 7]\nAssertionError\n",
      "exit_code": 1,
      "status": "Exception"
    },
    {
      "program": "from typing import List\n\ndef get_ludic(n: int) -> List[int]:\n    \"\"\"\n\tWrite a function to get all lucid numbers smaller than or equal to a given integer.\n\t\"\"\"\n    ludic = []\n    for i in range(1, n + 1):\n        if i % 3 == 0 and i % 5 == 0:\n            ludic.append(i)\n        elif i % 3 == 0:\n            ludic.append(i)\n        elif i % 5 == 0:\n            ludic.append(i)\n    return ludic\n\nprint(get_ludic(15))\ndef check(candidate):\n    assert candidate(10) == [1, 2, 3, 5, 7]\n    assert candidate(25) == [1, 2, 3, 5, 7, 11, 13, 17, 23, 25]\n    assert candidate(45) == [1, 2, 3, 5, 7, 11, 13, 17, 23, 25, 29, 37, 41, 43]\n\ndef test_check():\n    check(get_ludic)\n\ntest_check()\n",
      "timestamp": 1666123744,
      "stdout": "[3, 5, 6, 9, 10, 12, 15]\n",
      "stderr": "Traceback (most recent call last):\n  File \"/tmp/tmpcdhmyssm.py\", line 26, in <module>\n    test_check()\n  File \"/tmp/tmpcdhmyssm.py\", line 24, in test_check\n    check(get_ludic)\n  File \"/tmp/tmpcdhmyssm.py\", line 19, in check\n    assert candidate(10) == [1, 2, 3, 5, 7]\nAssertionError\n",
      "exit_code": 1,
      "status": "Exception"
    },
    {
      "program": "from typing import List\n\ndef get_ludic(n: int) -> List[int]:\n    \"\"\"\n\tWrite a function to get all lucid numbers smaller than or equal to a given integer.\n\t\"\"\"\n    return [i for i in range(1, n + 1) if is_ludic(i)]\n\ndef check(candidate):\n    assert candidate(10) == [1, 2, 3, 5, 7]\n    assert candidate(25) == [1, 2, 3, 5, 7, 11, 13, 17, 23, 25]\n    assert candidate(45) == [1, 2, 3, 5, 7, 11, 13, 17, 23, 25, 29, 37, 41, 43]\n\ndef test_check():\n    check(get_ludic)\n\ntest_check()\n",
      "timestamp": 1665510490,
      "stdout": "",
      "stderr": "Traceback (most recent call last):\n  File \"/tmp/tmpj5cs29eg.py\", line 17, in <module>\n    test_check()\n  File \"/tmp/tmpj5cs29eg.py\", line 15, in test_check\n    check(get_ludic)\n  File \"/tmp/tmpj5cs29eg.py\", line 10, in check\n    assert candidate(10) == [1, 2, 3, 5, 7]\n  File \"/tmp/tmpj5cs29eg.py\", line 7, in get_ludic\n    return [i for i in range(1, n + 1) if is_ludic(i)]\n  File \"/tmp/tmpj5cs29eg.py\", line 7, in <listcomp>\n    return [i for i in range(1, n + 1) if is_ludic(i)]\nNameError: name 'is_ludic' is not defined. Did you mean: 'get_ludic'?\n",
      "exit_code": 1,
      "status": "Exception"
    },
    {
      "program": "from typing import List\n\ndef get_ludic(n: int) -> List[int]:\n    \"\"\"\n\tWrite a function to get all lucid numbers smaller than or equal to a given integer.\n\t\"\"\"\n    return [i for i in range(1, n + 1) if i % 3 == 0 or i % 5 == 0]\ndef check(candidate):\n    assert candidate(10) == [1, 2, 3, 5, 7]\n    assert candidate(25) == [1, 2, 3, 5, 7, 11, 13, 17, 23, 25]\n    assert candidate(45) == [1, 2, 3, 5, 7, 11, 13, 17, 23, 25, 29, 37, 41, 43]\n\ndef test_check():\n    check(get_ludic)\n\ntest_check()\n",
      "timestamp": 1665510490,
      "stdout": "",
      "stderr": "Traceback (most recent call last):\n  File \"/tmp/tmpx31wjh4j.py\", line 16, in <module>\n    test_check()\n  File \"/tmp/tmpx31wjh4j.py\", line 14, in test_check\n    check(get_ludic)\n  File \"/tmp/tmpx31wjh4j.py\", line 9, in check\n    assert candidate(10) == [1, 2, 3, 5, 7]\nAssertionError\n",
      "exit_code": 1,
      "status": "Exception"
    },
    {
      "program": "from typing import List\n\ndef get_ludic(n: int) -> List[int]:\n    \"\"\"\n\tWrite a function to get all lucid numbers smaller than or equal to a given integer.\n\t\"\"\"\n    return [i for i in range(1, n + 1) if is_ludic(i)]\n\ndef check(candidate):\n    assert candidate(10) == [1, 2, 3, 5, 7]\n    assert candidate(25) == [1, 2, 3, 5, 7, 11, 13, 17, 23, 25]\n    assert candidate(45) == [1, 2, 3, 5, 7, 11, 13, 17, 23, 25, 29, 37, 41, 43]\n\ndef test_check():\n    check(get_ludic)\n\ntest_check()\n",
      "timestamp": 1665510490,
      "stdout": "",
      "stderr": "Traceback (most recent call last):\n  File \"/tmp/tmpj5cs29eg.py\", line 17, in <module>\n    test_check()\n  File \"/tmp/tmpj5cs29eg.py\", line 15, in test_check\n    check(get_ludic)\n  File \"/tmp/tmpj5cs29eg.py\", line 10, in check\n    assert candidate(10) == [1, 2, 3, 5, 7]\n  File \"/tmp/tmpj5cs29eg.py\", line 7, in get_ludic\n    return [i for i in range(1, n + 1) if is_ludic(i)]\n  File \"/tmp/tmpj5cs29eg.py\", line 7, in <listcomp>\n    return [i for i in range(1, n + 1) if is_ludic(i)]\nNameError: name 'is_ludic' is not defined. Did you mean: 'get_ludic'?\n",
      "exit_code": 1,
      "status": "Exception"
    },
    {
      "program": "from typing import List\n\ndef get_ludic(n: int) -> List[int]:\n    \"\"\"\n\tWrite a function to get all lucid numbers smaller than or equal to a given integer.\n\t\"\"\"\n    return [i for i in range(1, n + 1) if i % 3 == 0 or i % 5 == 0]\ndef check(candidate):\n    assert candidate(10) == [1, 2, 3, 5, 7]\n    assert candidate(25) == [1, 2, 3, 5, 7, 11, 13, 17, 23, 25]\n    assert candidate(45) == [1, 2, 3, 5, 7, 11, 13, 17, 23, 25, 29, 37, 41, 43]\n\ndef test_check():\n    check(get_ludic)\n\ntest_check()\n",
      "timestamp": 1665510490,
      "stdout": "",
      "stderr": "Traceback (most recent call last):\n  File \"/tmp/tmpx31wjh4j.py\", line 16, in <module>\n    test_check()\n  File \"/tmp/tmpx31wjh4j.py\", line 14, in test_check\n    check(get_ludic)\n  File \"/tmp/tmpx31wjh4j.py\", line 9, in check\n    assert candidate(10) == [1, 2, 3, 5, 7]\nAssertionError\n",
      "exit_code": 1,
      "status": "Exception"
    },
    {
      "program": "from typing import List\n\ndef get_ludic(n: int) -> List[int]:\n    \"\"\"\n\tWrite a function to get all lucid numbers smaller than or equal to a given integer.\n\t\"\"\"\n    ludic = []\n    for i in range(1, n + 1):\n        if i % 3 == 0:\n            ludic.append(i)\n        elif \"3\" in str(i):\n            ludic.append(i)\n    return ludic\n\nprint(get_ludic(100))\ndef check(candidate):\n    assert candidate(10) == [1, 2, 3, 5, 7]\n    assert candidate(25) == [1, 2, 3, 5, 7, 11, 13, 17, 23, 25]\n    assert candidate(45) == [1, 2, 3, 5, 7, 11, 13, 17, 23, 25, 29, 37, 41, 43]\n\ndef test_check():\n    check(get_ludic)\n\ntest_check()\n",
      "timestamp": 1666123744,
      "stdout": "[3, 6, 9, 12, 13, 15, 18, 21, 23, 24, 27, 30, 31, 32, 33, 34, 35, 36, 37, 38, 39, 42, 43, 45, 48, 51, 53, 54, 57, 60, 63, 66, 69, 72, 73, 75, 78, 81, 83, 84, 87, 90, 93, 96, 99]\n",
      "stderr": "Traceback (most recent call last):\n  File \"/tmp/tmpo6cp51nc.py\", line 24, in <module>\n    test_check()\n  File \"/tmp/tmpo6cp51nc.py\", line 22, in test_check\n    check(get_ludic)\n  File \"/tmp/tmpo6cp51nc.py\", line 17, in check\n    assert candidate(10) == [1, 2, 3, 5, 7]\nAssertionError\n",
      "exit_code": 1,
      "status": "Exception"
    },
    {
      "program": "from typing import List\n\ndef get_ludic(n: int) -> List[int]:\n    \"\"\"\n\tWrite a function to get all lucid numbers smaller than or equal to a given integer.\n\t\"\"\"\n    return [i for i in range(n + 1) if is_ludic(i)]\n\ndef check(candidate):\n    assert candidate(10) == [1, 2, 3, 5, 7]\n    assert candidate(25) == [1, 2, 3, 5, 7, 11, 13, 17, 23, 25]\n    assert candidate(45) == [1, 2, 3, 5, 7, 11, 13, 17, 23, 25, 29, 37, 41, 43]\n\ndef test_check():\n    check(get_ludic)\n\ntest_check()\n",
      "timestamp": 1666123743,
      "stdout": "",
      "stderr": "Traceback (most recent call last):\n  File \"/tmp/tmpasu9fj0p.py\", line 17, in <module>\n    test_check()\n  File \"/tmp/tmpasu9fj0p.py\", line 15, in test_check\n    check(get_ludic)\n  File \"/tmp/tmpasu9fj0p.py\", line 10, in check\n    assert candidate(10) == [1, 2, 3, 5, 7]\n  File \"/tmp/tmpasu9fj0p.py\", line 7, in get_ludic\n    return [i for i in range(n + 1) if is_ludic(i)]\n  File \"/tmp/tmpasu9fj0p.py\", line 7, in <listcomp>\n    return [i for i in range(n + 1) if is_ludic(i)]\nNameError: name 'is_ludic' is not defined. Did you mean: 'get_ludic'?\n",
      "exit_code": 1,
      "status": "Exception"
    },
    {
      "program": "from typing import List\n\ndef get_ludic(n: int) -> List[int]:\n    \"\"\"\n\tWrite a function to get all lucid numbers smaller than or equal to a given integer.\n\t\"\"\"\n    return [i for i in range(1, n + 1) if i % 3 == 0 or '3' in str(i)]\n\ndef check(candidate):\n    assert candidate(10) == [1, 2, 3, 5, 7]\n    assert candidate(25) == [1, 2, 3, 5, 7, 11, 13, 17, 23, 25]\n    assert candidate(45) == [1, 2, 3, 5, 7, 11, 13, 17, 23, 25, 29, 37, 41, 43]\n\ndef test_check():\n    check(get_ludic)\n\ntest_check()\n",
      "timestamp": 1666123744,
      "stdout": "",
      "stderr": "Traceback (most recent call last):\n  File \"/tmp/tmpzmrxbth5.py\", line 17, in <module>\n    test_check()\n  File \"/tmp/tmpzmrxbth5.py\", line 15, in test_check\n    check(get_ludic)\n  File \"/tmp/tmpzmrxbth5.py\", line 10, in check\n    assert candidate(10) == [1, 2, 3, 5, 7]\nAssertionError\n",
      "exit_code": 1,
      "status": "Exception"
    },
    {
      "program": "from typing import List\n\ndef get_ludic(n: int) -> List[int]:\n    \"\"\"\n\tWrite a function to get all lucid numbers smaller than or equal to a given integer.\n\t\"\"\"\n    return [i for i in range(1, n+1) if i % 3 == 0 or '3' in str(i)]\ndef check(candidate):\n    assert candidate(10) == [1, 2, 3, 5, 7]\n    assert candidate(25) == [1, 2, 3, 5, 7, 11, 13, 17, 23, 25]\n    assert candidate(45) == [1, 2, 3, 5, 7, 11, 13, 17, 23, 25, 29, 37, 41, 43]\n\ndef test_check():\n    check(get_ludic)\n\ntest_check()\n",
      "timestamp": 1666123744,
      "stdout": "",
      "stderr": "Traceback (most recent call last):\n  File \"/tmp/tmpui0si_s3.py\", line 16, in <module>\n    test_check()\n  File \"/tmp/tmpui0si_s3.py\", line 14, in test_check\n    check(get_ludic)\n  File \"/tmp/tmpui0si_s3.py\", line 9, in check\n    assert candidate(10) == [1, 2, 3, 5, 7]\nAssertionError\n",
      "exit_code": 1,
      "status": "Exception"
    },
    {
      "program": "from typing import List\n\ndef get_ludic(n: int) -> List[int]:\n    \"\"\"\n\tWrite a function to get all lucid numbers smaller than or equal to a given integer.\n\t\"\"\"\n    return [i for i in range(1, n+1) if i % 3 == 0 or i % 5 == 0]\n\nprint(get_ludic(15))\ndef check(candidate):\n    assert candidate(10) == [1, 2, 3, 5, 7]\n    assert candidate(25) == [1, 2, 3, 5, 7, 11, 13, 17, 23, 25]\n    assert candidate(45) == [1, 2, 3, 5, 7, 11, 13, 17, 23, 25, 29, 37, 41, 43]\n\ndef test_check():\n    check(get_ludic)\n\ntest_check()\n",
      "timestamp": 1666123744,
      "stdout": "[3, 5, 6, 9, 10, 12, 15]\n",
      "stderr": "Traceback (most recent call last):\n  File \"/tmp/tmpnvj9q8r5.py\", line 18, in <module>\n    test_check()\n  File \"/tmp/tmpnvj9q8r5.py\", line 16, in test_check\n    check(get_ludic)\n  File \"/tmp/tmpnvj9q8r5.py\", line 11, in check\n    assert candidate(10) == [1, 2, 3, 5, 7]\nAssertionError\n",
      "exit_code": 1,
      "status": "Exception"
    },
    {
      "program": "from typing import List\n\ndef get_ludic(n: int) -> List[int]:\n    \"\"\"\n\tWrite a function to get all lucid numbers smaller than or equal to a given integer.\n\t\"\"\"\n    return [i for i in range(1, n + 1) if is_ludic(i)]\n\ndef check(candidate):\n    assert candidate(10) == [1, 2, 3, 5, 7]\n    assert candidate(25) == [1, 2, 3, 5, 7, 11, 13, 17, 23, 25]\n    assert candidate(45) == [1, 2, 3, 5, 7, 11, 13, 17, 23, 25, 29, 37, 41, 43]\n\ndef test_check():\n    check(get_ludic)\n\ntest_check()\n",
      "timestamp": 1665510490,
      "stdout": "",
      "stderr": "Traceback (most recent call last):\n  File \"/tmp/tmpj5cs29eg.py\", line 17, in <module>\n    test_check()\n  File \"/tmp/tmpj5cs29eg.py\", line 15, in test_check\n    check(get_ludic)\n  File \"/tmp/tmpj5cs29eg.py\", line 10, in check\n    assert candidate(10) == [1, 2, 3, 5, 7]\n  File \"/tmp/tmpj5cs29eg.py\", line 7, in get_ludic\n    return [i for i in range(1, n + 1) if is_ludic(i)]\n  File \"/tmp/tmpj5cs29eg.py\", line 7, in <listcomp>\n    return [i for i in range(1, n + 1) if is_ludic(i)]\nNameError: name 'is_ludic' is not defined. Did you mean: 'get_ludic'?\n",
      "exit_code": 1,
      "status": "Exception"
    },
    {
      "program": "from typing import List\n\ndef get_ludic(n: int) -> List[int]:\n    \"\"\"\n\tWrite a function to get all lucid numbers smaller than or equal to a given integer.\n\t\"\"\"\n    return [i for i in range(1, n + 1) if i % 10 == i // 10 ** (len(str(i)) - 1)]\ndef check(candidate):\n    assert candidate(10) == [1, 2, 3, 5, 7]\n    assert candidate(25) == [1, 2, 3, 5, 7, 11, 13, 17, 23, 25]\n    assert candidate(45) == [1, 2, 3, 5, 7, 11, 13, 17, 23, 25, 29, 37, 41, 43]\n\ndef test_check():\n    check(get_ludic)\n\ntest_check()\n",
      "timestamp": 1666123743,
      "stdout": "",
      "stderr": "Traceback (most recent call last):\n  File \"/tmp/tmpeai3qubq.py\", line 16, in <module>\n    test_check()\n  File \"/tmp/tmpeai3qubq.py\", line 14, in test_check\n    check(get_ludic)\n  File \"/tmp/tmpeai3qubq.py\", line 9, in check\n    assert candidate(10) == [1, 2, 3, 5, 7]\nAssertionError\n",
      "exit_code": 1,
      "status": "Exception"
    },
    {
      "program": "from typing import List\n\ndef get_ludic(n: int) -> List[int]:\n    \"\"\"\n\tWrite a function to get all lucid numbers smaller than or equal to a given integer.\n\t\"\"\"\n    return [i for i in range(1, n + 1) if is_ludic(i)]\n\ndef check(candidate):\n    assert candidate(10) == [1, 2, 3, 5, 7]\n    assert candidate(25) == [1, 2, 3, 5, 7, 11, 13, 17, 23, 25]\n    assert candidate(45) == [1, 2, 3, 5, 7, 11, 13, 17, 23, 25, 29, 37, 41, 43]\n\ndef test_check():\n    check(get_ludic)\n\ntest_check()\n",
      "timestamp": 1665510490,
      "stdout": "",
      "stderr": "Traceback (most recent call last):\n  File \"/tmp/tmpj5cs29eg.py\", line 17, in <module>\n    test_check()\n  File \"/tmp/tmpj5cs29eg.py\", line 15, in test_check\n    check(get_ludic)\n  File \"/tmp/tmpj5cs29eg.py\", line 10, in check\n    assert candidate(10) == [1, 2, 3, 5, 7]\n  File \"/tmp/tmpj5cs29eg.py\", line 7, in get_ludic\n    return [i for i in range(1, n + 1) if is_ludic(i)]\n  File \"/tmp/tmpj5cs29eg.py\", line 7, in <listcomp>\n    return [i for i in range(1, n + 1) if is_ludic(i)]\nNameError: name 'is_ludic' is not defined. Did you mean: 'get_ludic'?\n",
      "exit_code": 1,
      "status": "Exception"
    },
    {
      "program": "from typing import List\n\ndef get_ludic(n: int) -> List[int]:\n    \"\"\"\n\tWrite a function to get all lucid numbers smaller than or equal to a given integer.\n\t\"\"\"\n    ludic_numbers = []\n    for i in range(1, n + 1):\n        if i % 2 == 0:\n            ludic_numbers.append(i)\n        else:\n            for j in range(1, i):\n                if j * j == i:\n                    ludic_numbers.append(i)\n                    break\n    return ludic_numbers\n\n\ndef check(candidate):\n    assert candidate(10) == [1, 2, 3, 5, 7]\n    assert candidate(25) == [1, 2, 3, 5, 7, 11, 13, 17, 23, 25]\n    assert candidate(45) == [1, 2, 3, 5, 7, 11, 13, 17, 23, 25, 29, 37, 41, 43]\n\ndef test_check():\n    check(get_ludic)\n\ntest_check()\n",
      "timestamp": 1666123744,
      "stdout": "",
      "stderr": "Traceback (most recent call last):\n  File \"/tmp/tmpc8bse43z.py\", line 27, in <module>\n    test_check()\n  File \"/tmp/tmpc8bse43z.py\", line 25, in test_check\n    check(get_ludic)\n  File \"/tmp/tmpc8bse43z.py\", line 20, in check\n    assert candidate(10) == [1, 2, 3, 5, 7]\nAssertionError\n",
      "exit_code": 1,
      "status": "Exception"
    },
    {
      "program": "from typing import List\n\ndef get_ludic(n: int) -> List[int]:\n    \"\"\"\n\tWrite a function to get all lucid numbers smaller than or equal to a given integer.\n\t\"\"\"\n    return [i for i in range(1, n + 1) if i % 3 == 0 or i % 5 == 0]\ndef check(candidate):\n    assert candidate(10) == [1, 2, 3, 5, 7]\n    assert candidate(25) == [1, 2, 3, 5, 7, 11, 13, 17, 23, 25]\n    assert candidate(45) == [1, 2, 3, 5, 7, 11, 13, 17, 23, 25, 29, 37, 41, 43]\n\ndef test_check():\n    check(get_ludic)\n\ntest_check()\n",
      "timestamp": 1665510490,
      "stdout": "",
      "stderr": "Traceback (most recent call last):\n  File \"/tmp/tmpx31wjh4j.py\", line 16, in <module>\n    test_check()\n  File \"/tmp/tmpx31wjh4j.py\", line 14, in test_check\n    check(get_ludic)\n  File \"/tmp/tmpx31wjh4j.py\", line 9, in check\n    assert candidate(10) == [1, 2, 3, 5, 7]\nAssertionError\n",
      "exit_code": 1,
      "status": "Exception"
    },
    {
      "program": "from typing import List\n\ndef get_ludic(n: int) -> List[int]:\n    \"\"\"\n\tWrite a function to get all lucid numbers smaller than or equal to a given integer.\n\t\"\"\"\n    return [i for i in range(n+1) if i % 3 == 0 or i % 5 == 0]\ndef check(candidate):\n    assert candidate(10) == [1, 2, 3, 5, 7]\n    assert candidate(25) == [1, 2, 3, 5, 7, 11, 13, 17, 23, 25]\n    assert candidate(45) == [1, 2, 3, 5, 7, 11, 13, 17, 23, 25, 29, 37, 41, 43]\n\ndef test_check():\n    check(get_ludic)\n\ntest_check()\n",
      "timestamp": 1666123743,
      "stdout": "",
      "stderr": "Traceback (most recent call last):\n  File \"/tmp/tmp6j2l_ueo.py\", line 16, in <module>\n    test_check()\n  File \"/tmp/tmp6j2l_ueo.py\", line 14, in test_check\n    check(get_ludic)\n  File \"/tmp/tmp6j2l_ueo.py\", line 9, in check\n    assert candidate(10) == [1, 2, 3, 5, 7]\nAssertionError\n",
      "exit_code": 1,
      "status": "Exception"
    },
    {
      "program": "from typing import List\n\ndef get_ludic(n: int) -> List[int]:\n    \"\"\"\n\tWrite a function to get all lucid numbers smaller than or equal to a given integer.\n\t\"\"\"\n    ludic = []\n    for i in range(1, n + 1):\n        if i % 3 == 0 or i % 5 == 0:\n            ludic.append(i)\n    return ludic\n\ndef check(candidate):\n    assert candidate(10) == [1, 2, 3, 5, 7]\n    assert candidate(25) == [1, 2, 3, 5, 7, 11, 13, 17, 23, 25]\n    assert candidate(45) == [1, 2, 3, 5, 7, 11, 13, 17, 23, 25, 29, 37, 41, 43]\n\ndef test_check():\n    check(get_ludic)\n\ntest_check()\n",
      "timestamp": 1666123743,
      "stdout": "",
      "stderr": "Traceback (most recent call last):\n  File \"/tmp/tmp1u8mnug8.py\", line 21, in <module>\n    test_check()\n  File \"/tmp/tmp1u8mnug8.py\", line 19, in test_check\n    check(get_ludic)\n  File \"/tmp/tmp1u8mnug8.py\", line 14, in check\n    assert candidate(10) == [1, 2, 3, 5, 7]\nAssertionError\n",
      "exit_code": 1,
      "status": "Exception"
    },
    {
      "program": "from typing import List\n\ndef get_ludic(n: int) -> List[int]:\n    \"\"\"\n\tWrite a function to get all lucid numbers smaller than or equal to a given integer.\n\t\"\"\"\n    return [x for x in range(1, n + 1) if x % 3 == 0 or x % 5 == 0]\ndef check(candidate):\n    assert candidate(10) == [1, 2, 3, 5, 7]\n    assert candidate(25) == [1, 2, 3, 5, 7, 11, 13, 17, 23, 25]\n    assert candidate(45) == [1, 2, 3, 5, 7, 11, 13, 17, 23, 25, 29, 37, 41, 43]\n\ndef test_check():\n    check(get_ludic)\n\ntest_check()\n",
      "timestamp": 1665510490,
      "stdout": "",
      "stderr": "Traceback (most recent call last):\n  File \"/tmp/tmpjtcdd63r.py\", line 16, in <module>\n    test_check()\n  File \"/tmp/tmpjtcdd63r.py\", line 14, in test_check\n    check(get_ludic)\n  File \"/tmp/tmpjtcdd63r.py\", line 9, in check\n    assert candidate(10) == [1, 2, 3, 5, 7]\nAssertionError\n",
      "exit_code": 1,
      "status": "Exception"
    },
    {
      "program": "from typing import List\n\ndef get_ludic(n: int) -> List[int]:\n    \"\"\"\n\tWrite a function to get all lucid numbers smaller than or equal to a given integer.\n\t\"\"\"\n    return [i for i in range(1, n + 1) if i % 3 == 0 or i % 5 == 0]\ndef check(candidate):\n    assert candidate(10) == [1, 2, 3, 5, 7]\n    assert candidate(25) == [1, 2, 3, 5, 7, 11, 13, 17, 23, 25]\n    assert candidate(45) == [1, 2, 3, 5, 7, 11, 13, 17, 23, 25, 29, 37, 41, 43]\n\ndef test_check():\n    check(get_ludic)\n\ntest_check()\n",
      "timestamp": 1665510490,
      "stdout": "",
      "stderr": "Traceback (most recent call last):\n  File \"/tmp/tmpx31wjh4j.py\", line 16, in <module>\n    test_check()\n  File \"/tmp/tmpx31wjh4j.py\", line 14, in test_check\n    check(get_ludic)\n  File \"/tmp/tmpx31wjh4j.py\", line 9, in check\n    assert candidate(10) == [1, 2, 3, 5, 7]\nAssertionError\n",
      "exit_code": 1,
      "status": "Exception"
    },
    {
      "program": "from typing import List\n\ndef get_ludic(n: int) -> List[int]:\n    \"\"\"\n\tWrite a function to get all lucid numbers smaller than or equal to a given integer.\n\t\"\"\"\n    return [x for x in range(1, n + 1) if x % 3 == 0 or x % 5 == 0]\ndef check(candidate):\n    assert candidate(10) == [1, 2, 3, 5, 7]\n    assert candidate(25) == [1, 2, 3, 5, 7, 11, 13, 17, 23, 25]\n    assert candidate(45) == [1, 2, 3, 5, 7, 11, 13, 17, 23, 25, 29, 37, 41, 43]\n\ndef test_check():\n    check(get_ludic)\n\ntest_check()\n",
      "timestamp": 1665510490,
      "stdout": "",
      "stderr": "Traceback (most recent call last):\n  File \"/tmp/tmpjtcdd63r.py\", line 16, in <module>\n    test_check()\n  File \"/tmp/tmpjtcdd63r.py\", line 14, in test_check\n    check(get_ludic)\n  File \"/tmp/tmpjtcdd63r.py\", line 9, in check\n    assert candidate(10) == [1, 2, 3, 5, 7]\nAssertionError\n",
      "exit_code": 1,
      "status": "Exception"
    },
    {
      "program": "from typing import List\n\ndef get_ludic(n: int) -> List[int]:\n    \"\"\"\n\tWrite a function to get all lucid numbers smaller than or equal to a given integer.\n\t\"\"\"\n    def is_ludic(num: int) -> bool:\n        \"\"\"\n\t\tCheck if a number is a lucid number.\n\t\t\"\"\"\n        digits = [int(d) for d in str(num)]\n        return sum(digits) == num\n\n    return [num for num in range(1, n + 1) if is_ludic(num)]\ndef check(candidate):\n    assert candidate(10) == [1, 2, 3, 5, 7]\n    assert candidate(25) == [1, 2, 3, 5, 7, 11, 13, 17, 23, 25]\n    assert candidate(45) == [1, 2, 3, 5, 7, 11, 13, 17, 23, 25, 29, 37, 41, 43]\n\ndef test_check():\n    check(get_ludic)\n\ntest_check()\n",
      "timestamp": 1666123744,
      "stdout": "",
      "stderr": "Traceback (most recent call last):\n  File \"/tmp/tmpngg3vz49.py\", line 23, in <module>\n    test_check()\n  File \"/tmp/tmpngg3vz49.py\", line 21, in test_check\n    check(get_ludic)\n  File \"/tmp/tmpngg3vz49.py\", line 16, in check\n    assert candidate(10) == [1, 2, 3, 5, 7]\nAssertionError\n",
      "exit_code": 1,
      "status": "Exception"
    },
    {
      "program": "from typing import List\n\ndef get_ludic(n: int) -> List[int]:\n    \"\"\"\n\tWrite a function to get all lucid numbers smaller than or equal to a given integer.\n\t\"\"\"\n    return [i for i in range(1, n+1) if i % 3 == 0 or '3' in str(i)]\ndef check(candidate):\n    assert candidate(10) == [1, 2, 3, 5, 7]\n    assert candidate(25) == [1, 2, 3, 5, 7, 11, 13, 17, 23, 25]\n    assert candidate(45) == [1, 2, 3, 5, 7, 11, 13, 17, 23, 25, 29, 37, 41, 43]\n\ndef test_check():\n    check(get_ludic)\n\ntest_check()\n",
      "timestamp": 1666123744,
      "stdout": "",
      "stderr": "Traceback (most recent call last):\n  File \"/tmp/tmpui0si_s3.py\", line 16, in <module>\n    test_check()\n  File \"/tmp/tmpui0si_s3.py\", line 14, in test_check\n    check(get_ludic)\n  File \"/tmp/tmpui0si_s3.py\", line 9, in check\n    assert candidate(10) == [1, 2, 3, 5, 7]\nAssertionError\n",
      "exit_code": 1,
      "status": "Exception"
    },
    {
      "program": "from typing import List\n\ndef get_ludic(n: int) -> List[int]:\n    \"\"\"\n\tWrite a function to get all lucid numbers smaller than or equal to a given integer.\n\t\"\"\"\n    return [i for i in range(1, n + 1) if i % 2 == 1 and i % 3 == 1 and i % 5 == 1]\ndef check(candidate):\n    assert candidate(10) == [1, 2, 3, 5, 7]\n    assert candidate(25) == [1, 2, 3, 5, 7, 11, 13, 17, 23, 25]\n    assert candidate(45) == [1, 2, 3, 5, 7, 11, 13, 17, 23, 25, 29, 37, 41, 43]\n\ndef test_check():\n    check(get_ludic)\n\ntest_check()\n",
      "timestamp": 1666123743,
      "stdout": "",
      "stderr": "Traceback (most recent call last):\n  File \"/tmp/tmpzc9jlqdh.py\", line 16, in <module>\n    test_check()\n  File \"/tmp/tmpzc9jlqdh.py\", line 14, in test_check\n    check(get_ludic)\n  File \"/tmp/tmpzc9jlqdh.py\", line 9, in check\n    assert candidate(10) == [1, 2, 3, 5, 7]\nAssertionError\n",
      "exit_code": 1,
      "status": "Exception"
    },
    {
      "program": "from typing import List\n\ndef get_ludic(n: int) -> List[int]:\n    \"\"\"\n\tWrite a function to get all lucid numbers smaller than or equal to a given integer.\n\t\"\"\"\n    ludic_numbers = []\n    for i in range(1, n + 1):\n        if i % 2 == 0:\n            ludic_numbers.append(i)\n        else:\n            for j in range(1, i):\n                if j ** 2 == i:\n                    ludic_numbers.append(i)\n                    break\n    return ludic_numbers\n\nprint(get_ludic(100))\ndef check(candidate):\n    assert candidate(10) == [1, 2, 3, 5, 7]\n    assert candidate(25) == [1, 2, 3, 5, 7, 11, 13, 17, 23, 25]\n    assert candidate(45) == [1, 2, 3, 5, 7, 11, 13, 17, 23, 25, 29, 37, 41, 43]\n\ndef test_check():\n    check(get_ludic)\n\ntest_check()\n",
      "timestamp": 1666123744,
      "stdout": "[2, 4, 6, 8, 9, 10, 12, 14, 16, 18, 20, 22, 24, 25, 26, 28, 30, 32, 34, 36, 38, 40, 42, 44, 46, 48, 49, 50, 52, 54, 56, 58, 60, 62, 64, 66, 68, 70, 72, 74, 76, 78, 80, 81, 82, 84, 86, 88, 90, 92, 94, 96, 98, 100]\n",
      "stderr": "Traceback (most recent call last):\n  File \"/tmp/tmpxfwnmz69.py\", line 27, in <module>\n    test_check()\n  File \"/tmp/tmpxfwnmz69.py\", line 25, in test_check\n    check(get_ludic)\n  File \"/tmp/tmpxfwnmz69.py\", line 20, in check\n    assert candidate(10) == [1, 2, 3, 5, 7]\nAssertionError\n",
      "exit_code": 1,
      "status": "Exception"
    },
    {
      "program": "from typing import List\n\ndef get_ludic(n: int) -> List[int]:\n    \"\"\"\n\tWrite a function to get all lucid numbers smaller than or equal to a given integer.\n\t\"\"\"\n    return [x for x in range(1, n+1) if x % sum(int(i) for i in str(x)) == 0]\ndef check(candidate):\n    assert candidate(10) == [1, 2, 3, 5, 7]\n    assert candidate(25) == [1, 2, 3, 5, 7, 11, 13, 17, 23, 25]\n    assert candidate(45) == [1, 2, 3, 5, 7, 11, 13, 17, 23, 25, 29, 37, 41, 43]\n\ndef test_check():\n    check(get_ludic)\n\ntest_check()\n",
      "timestamp": 1666123744,
      "stdout": "",
      "stderr": "Traceback (most recent call last):\n  File \"/tmp/tmp3qze3gs7.py\", line 16, in <module>\n    test_check()\n  File \"/tmp/tmp3qze3gs7.py\", line 14, in test_check\n    check(get_ludic)\n  File \"/tmp/tmp3qze3gs7.py\", line 9, in check\n    assert candidate(10) == [1, 2, 3, 5, 7]\nAssertionError\n",
      "exit_code": 1,
      "status": "Exception"
    },
    {
      "program": "from typing import List\n\ndef get_ludic(n: int) -> List[int]:\n    \"\"\"\n\tWrite a function to get all lucid numbers smaller than or equal to a given integer.\n\t\"\"\"\n    return [i for i in range(1, n + 1) if i % 2 == 1 and i % 3 == 0 and i % 5 == 0]\n\ndef check(candidate):\n    assert candidate(10) == [1, 2, 3, 5, 7]\n    assert candidate(25) == [1, 2, 3, 5, 7, 11, 13, 17, 23, 25]\n    assert candidate(45) == [1, 2, 3, 5, 7, 11, 13, 17, 23, 25, 29, 37, 41, 43]\n\ndef test_check():\n    check(get_ludic)\n\ntest_check()\n",
      "timestamp": 1666123744,
      "stdout": "",
      "stderr": "Traceback (most recent call last):\n  File \"/tmp/tmptm3vmab8.py\", line 17, in <module>\n    test_check()\n  File \"/tmp/tmptm3vmab8.py\", line 15, in test_check\n    check(get_ludic)\n  File \"/tmp/tmptm3vmab8.py\", line 10, in check\n    assert candidate(10) == [1, 2, 3, 5, 7]\nAssertionError\n",
      "exit_code": 1,
      "status": "Exception"
    },
    {
      "program": "from typing import List\n\ndef get_ludic(n: int) -> List[int]:\n    \"\"\"\n\tWrite a function to get all lucid numbers smaller than or equal to a given integer.\n\t\"\"\"\n    return [i for i in range(1, n + 1) if i % 3 == 0 or i % 5 == 0]\ndef check(candidate):\n    assert candidate(10) == [1, 2, 3, 5, 7]\n    assert candidate(25) == [1, 2, 3, 5, 7, 11, 13, 17, 23, 25]\n    assert candidate(45) == [1, 2, 3, 5, 7, 11, 13, 17, 23, 25, 29, 37, 41, 43]\n\ndef test_check():\n    check(get_ludic)\n\ntest_check()\n",
      "timestamp": 1665510490,
      "stdout": "",
      "stderr": "Traceback (most recent call last):\n  File \"/tmp/tmpx31wjh4j.py\", line 16, in <module>\n    test_check()\n  File \"/tmp/tmpx31wjh4j.py\", line 14, in test_check\n    check(get_ludic)\n  File \"/tmp/tmpx31wjh4j.py\", line 9, in check\n    assert candidate(10) == [1, 2, 3, 5, 7]\nAssertionError\n",
      "exit_code": 1,
      "status": "Exception"
    },
    {
      "program": "from typing import List\n\ndef get_ludic(n: int) -> List[int]:\n    \"\"\"\n\tWrite a function to get all lucid numbers smaller than or equal to a given integer.\n\t\"\"\"\n    ludic_numbers = []\n    for i in range(1, n + 1):\n        if i % 3 == 0 and i % 5 == 0:\n            ludic_numbers.append(i)\n        elif i % 3 == 0:\n            ludic_numbers.append(i)\n        elif i % 5 == 0:\n            ludic_numbers.append(i)\n    return ludic_numbers\n\n\ndef check(candidate):\n    assert candidate(10) == [1, 2, 3, 5, 7]\n    assert candidate(25) == [1, 2, 3, 5, 7, 11, 13, 17, 23, 25]\n    assert candidate(45) == [1, 2, 3, 5, 7, 11, 13, 17, 23, 25, 29, 37, 41, 43]\n\ndef test_check():\n    check(get_ludic)\n\ntest_check()\n",
      "timestamp": 1666123743,
      "stdout": "",
      "stderr": "Traceback (most recent call last):\n  File \"/tmp/tmpg32lpocx.py\", line 26, in <module>\n    test_check()\n  File \"/tmp/tmpg32lpocx.py\", line 24, in test_check\n    check(get_ludic)\n  File \"/tmp/tmpg32lpocx.py\", line 19, in check\n    assert candidate(10) == [1, 2, 3, 5, 7]\nAssertionError\n",
      "exit_code": 1,
      "status": "Exception"
    },
    {
      "program": "from typing import List\n\ndef get_ludic(n: int) -> List[int]:\n    \"\"\"\n\tWrite a function to get all lucid numbers smaller than or equal to a given integer.\n\t\"\"\"\n    return [x for x in range(1, n + 1) if x % 10 == 0 or x % 10 == 1]\ndef check(candidate):\n    assert candidate(10) == [1, 2, 3, 5, 7]\n    assert candidate(25) == [1, 2, 3, 5, 7, 11, 13, 17, 23, 25]\n    assert candidate(45) == [1, 2, 3, 5, 7, 11, 13, 17, 23, 25, 29, 37, 41, 43]\n\ndef test_check():\n    check(get_ludic)\n\ntest_check()\n",
      "timestamp": 1666123744,
      "stdout": "",
      "stderr": "Traceback (most recent call last):\n  File \"/tmp/tmpgez9z9_t.py\", line 16, in <module>\n    test_check()\n  File \"/tmp/tmpgez9z9_t.py\", line 14, in test_check\n    check(get_ludic)\n  File \"/tmp/tmpgez9z9_t.py\", line 9, in check\n    assert candidate(10) == [1, 2, 3, 5, 7]\nAssertionError\n",
      "exit_code": 1,
      "status": "Exception"
    },
    {
      "program": "from typing import List\n\ndef get_ludic(n: int) -> List[int]:\n    \"\"\"\n\tWrite a function to get all lucid numbers smaller than or equal to a given integer.\n\t\"\"\"\n    return [i for i in range(1, n + 1) if i % 3 == 0 or i % 5 == 0]\ndef check(candidate):\n    assert candidate(10) == [1, 2, 3, 5, 7]\n    assert candidate(25) == [1, 2, 3, 5, 7, 11, 13, 17, 23, 25]\n    assert candidate(45) == [1, 2, 3, 5, 7, 11, 13, 17, 23, 25, 29, 37, 41, 43]\n\ndef test_check():\n    check(get_ludic)\n\ntest_check()\n",
      "timestamp": 1665510490,
      "stdout": "",
      "stderr": "Traceback (most recent call last):\n  File \"/tmp/tmpx31wjh4j.py\", line 16, in <module>\n    test_check()\n  File \"/tmp/tmpx31wjh4j.py\", line 14, in test_check\n    check(get_ludic)\n  File \"/tmp/tmpx31wjh4j.py\", line 9, in check\n    assert candidate(10) == [1, 2, 3, 5, 7]\nAssertionError\n",
      "exit_code": 1,
      "status": "Exception"
    },
    {
      "program": "from typing import List\n\ndef get_ludic(n: int) -> List[int]:\n    \"\"\"\n\tWrite a function to get all lucid numbers smaller than or equal to a given integer.\n\t\"\"\"\n    ludic_numbers = []\n    for i in range(1, n + 1):\n        if i % 2 == 0:\n            continue\n        if i % 3 == 0:\n            continue\n        if i % 5 == 0:\n            continue\n        if i % 7 == 0:\n            continue\n        if i % 11 == 0:\n            continue\n        if i % 13 == 0:\n            continue\n        if i % 17 == 0:\n            continue\n        if i % 19 == 0:\n            continue\n        if i % 23 == 0:\n            continue\n        if i % 29 == 0:\n            continue\n        if i % 31 == 0:\n            continue\n        if i % 37 == 0:\n            continue\n        if i % 41 == 0:\n            continue\n        if i % 43 == 0:\n            continue\n        if i % 47 == 0:\n            continue\n        if i % 53 == 0:\n            continue\n        if i % 59 == 0:\n            continue\n        if i % 61 == 0:\n            continue\n        if i % 67 == 0:\n            continue\n        if i % 71 == 0:\n            continue\n        if i % 73 == 0:\n            continue\n        if i % 79 == 0:\n            continue\n        if i % 83 == 0:\n            continue\n        if i % 89 == 0:\n            continue\n        if i % 97 == 0:\n            continue\n        ludic_numbers.append(i)\n    return ludic_numbers\ndef check(candidate):\n    assert candidate(10) == [1, 2, 3, 5, 7]\n    assert candidate(25) == [1, 2, 3, 5, 7, 11, 13, 17, 23, 25]\n    assert candidate(45) == [1, 2, 3, 5, 7, 11, 13, 17, 23, 25, 29, 37, 41, 43]\n\ndef test_check():\n    check(get_ludic)\n\ntest_check()\n",
      "timestamp": 1666123744,
      "stdout": "",
      "stderr": "Traceback (most recent call last):\n  File \"/tmp/tmp6b423z42.py\", line 69, in <module>\n    test_check()\n  File \"/tmp/tmp6b423z42.py\", line 67, in test_check\n    check(get_ludic)\n  File \"/tmp/tmp6b423z42.py\", line 62, in check\n    assert candidate(10) == [1, 2, 3, 5, 7]\nAssertionError\n",
      "exit_code": 1,
      "status": "Exception"
    },
    {
      "program": "from typing import List\n\ndef get_ludic(n: int) -> List[int]:\n    \"\"\"\n\tWrite a function to get all lucid numbers smaller than or equal to a given integer.\n\t\"\"\"\n    return [i for i in range(1, n + 1) if is_ludic(i)]\n\ndef check(candidate):\n    assert candidate(10) == [1, 2, 3, 5, 7]\n    assert candidate(25) == [1, 2, 3, 5, 7, 11, 13, 17, 23, 25]\n    assert candidate(45) == [1, 2, 3, 5, 7, 11, 13, 17, 23, 25, 29, 37, 41, 43]\n\ndef test_check():\n    check(get_ludic)\n\ntest_check()\n",
      "timestamp": 1665510490,
      "stdout": "",
      "stderr": "Traceback (most recent call last):\n  File \"/tmp/tmpj5cs29eg.py\", line 17, in <module>\n    test_check()\n  File \"/tmp/tmpj5cs29eg.py\", line 15, in test_check\n    check(get_ludic)\n  File \"/tmp/tmpj5cs29eg.py\", line 10, in check\n    assert candidate(10) == [1, 2, 3, 5, 7]\n  File \"/tmp/tmpj5cs29eg.py\", line 7, in get_ludic\n    return [i for i in range(1, n + 1) if is_ludic(i)]\n  File \"/tmp/tmpj5cs29eg.py\", line 7, in <listcomp>\n    return [i for i in range(1, n + 1) if is_ludic(i)]\nNameError: name 'is_ludic' is not defined. Did you mean: 'get_ludic'?\n",
      "exit_code": 1,
      "status": "Exception"
    },
    {
      "program": "from typing import List\n\ndef get_ludic(n: int) -> List[int]:\n    \"\"\"\n\tWrite a function to get all lucid numbers smaller than or equal to a given integer.\n\t\"\"\"\n    ludic = []\n    for i in range(1, n + 1):\n        if i % 3 == 0 and i % 5 == 0:\n            ludic.append(i)\n        elif i % 3 == 0:\n            ludic.append(i)\n        elif i % 5 == 0:\n            ludic.append(i)\n    return ludic\n\ndef check(candidate):\n    assert candidate(10) == [1, 2, 3, 5, 7]\n    assert candidate(25) == [1, 2, 3, 5, 7, 11, 13, 17, 23, 25]\n    assert candidate(45) == [1, 2, 3, 5, 7, 11, 13, 17, 23, 25, 29, 37, 41, 43]\n\ndef test_check():\n    check(get_ludic)\n\ntest_check()\n",
      "timestamp": 1665510490,
      "stdout": "",
      "stderr": "Traceback (most recent call last):\n  File \"/tmp/tmpmkc03rvf.py\", line 25, in <module>\n    test_check()\n  File \"/tmp/tmpmkc03rvf.py\", line 23, in test_check\n    check(get_ludic)\n  File \"/tmp/tmpmkc03rvf.py\", line 18, in check\n    assert candidate(10) == [1, 2, 3, 5, 7]\nAssertionError\n",
      "exit_code": 1,
      "status": "Exception"
    },
    {
      "program": "from typing import List\n\ndef get_ludic(n: int) -> List[int]:\n    \"\"\"\n\tWrite a function to get all lucid numbers smaller than or equal to a given integer.\n\t\"\"\"\n    return [i for i in range(1, n + 1) if i % 3 == 0 or i % 5 == 0]\ndef check(candidate):\n    assert candidate(10) == [1, 2, 3, 5, 7]\n    assert candidate(25) == [1, 2, 3, 5, 7, 11, 13, 17, 23, 25]\n    assert candidate(45) == [1, 2, 3, 5, 7, 11, 13, 17, 23, 25, 29, 37, 41, 43]\n\ndef test_check():\n    check(get_ludic)\n\ntest_check()\n",
      "timestamp": 1665510490,
      "stdout": "",
      "stderr": "Traceback (most recent call last):\n  File \"/tmp/tmpx31wjh4j.py\", line 16, in <module>\n    test_check()\n  File \"/tmp/tmpx31wjh4j.py\", line 14, in test_check\n    check(get_ludic)\n  File \"/tmp/tmpx31wjh4j.py\", line 9, in check\n    assert candidate(10) == [1, 2, 3, 5, 7]\nAssertionError\n",
      "exit_code": 1,
      "status": "Exception"
    },
    {
      "program": "from typing import List\n\ndef get_ludic(n: int) -> List[int]:\n    \"\"\"\n\tWrite a function to get all lucid numbers smaller than or equal to a given integer.\n\t\"\"\"\n    return [i for i in range(1, n + 1) if str(i) == str(i)[::-1]]\n\ndef check(candidate):\n    assert candidate(10) == [1, 2, 3, 5, 7]\n    assert candidate(25) == [1, 2, 3, 5, 7, 11, 13, 17, 23, 25]\n    assert candidate(45) == [1, 2, 3, 5, 7, 11, 13, 17, 23, 25, 29, 37, 41, 43]\n\ndef test_check():\n    check(get_ludic)\n\ntest_check()\n",
      "timestamp": 1666123744,
      "stdout": "",
      "stderr": "Traceback (most recent call last):\n  File \"/tmp/tmpwhc79a0r.py\", line 17, in <module>\n    test_check()\n  File \"/tmp/tmpwhc79a0r.py\", line 15, in test_check\n    check(get_ludic)\n  File \"/tmp/tmpwhc79a0r.py\", line 10, in check\n    assert candidate(10) == [1, 2, 3, 5, 7]\nAssertionError\n",
      "exit_code": 1,
      "status": "Exception"
    },
    {
      "program": "from typing import List\n\ndef get_ludic(n: int) -> List[int]:\n    \"\"\"\n\tWrite a function to get all lucid numbers smaller than or equal to a given integer.\n\t\"\"\"\n    return [i for i in range(1, n + 1) if is_ludic(i)]\n\ndef check(candidate):\n    assert candidate(10) == [1, 2, 3, 5, 7]\n    assert candidate(25) == [1, 2, 3, 5, 7, 11, 13, 17, 23, 25]\n    assert candidate(45) == [1, 2, 3, 5, 7, 11, 13, 17, 23, 25, 29, 37, 41, 43]\n\ndef test_check():\n    check(get_ludic)\n\ntest_check()\n",
      "timestamp": 1665510490,
      "stdout": "",
      "stderr": "Traceback (most recent call last):\n  File \"/tmp/tmpj5cs29eg.py\", line 17, in <module>\n    test_check()\n  File \"/tmp/tmpj5cs29eg.py\", line 15, in test_check\n    check(get_ludic)\n  File \"/tmp/tmpj5cs29eg.py\", line 10, in check\n    assert candidate(10) == [1, 2, 3, 5, 7]\n  File \"/tmp/tmpj5cs29eg.py\", line 7, in get_ludic\n    return [i for i in range(1, n + 1) if is_ludic(i)]\n  File \"/tmp/tmpj5cs29eg.py\", line 7, in <listcomp>\n    return [i for i in range(1, n + 1) if is_ludic(i)]\nNameError: name 'is_ludic' is not defined. Did you mean: 'get_ludic'?\n",
      "exit_code": 1,
      "status": "Exception"
    },
    {
      "program": "from typing import List\n\ndef get_ludic(n: int) -> List[int]:\n    \"\"\"\n\tWrite a function to get all lucid numbers smaller than or equal to a given integer.\n\t\"\"\"\n    return [i for i in range(1, n + 1) if str(i) == str(i)[::-1]]\ndef check(candidate):\n    assert candidate(10) == [1, 2, 3, 5, 7]\n    assert candidate(25) == [1, 2, 3, 5, 7, 11, 13, 17, 23, 25]\n    assert candidate(45) == [1, 2, 3, 5, 7, 11, 13, 17, 23, 25, 29, 37, 41, 43]\n\ndef test_check():\n    check(get_ludic)\n\ntest_check()\n",
      "timestamp": 1666123743,
      "stdout": "",
      "stderr": "Traceback (most recent call last):\n  File \"/tmp/tmp5_76p49y.py\", line 16, in <module>\n    test_check()\n  File \"/tmp/tmp5_76p49y.py\", line 14, in test_check\n    check(get_ludic)\n  File \"/tmp/tmp5_76p49y.py\", line 9, in check\n    assert candidate(10) == [1, 2, 3, 5, 7]\nAssertionError\n",
      "exit_code": 1,
      "status": "Exception"
    },
    {
      "program": "from typing import List\n\ndef get_ludic(n: int) -> List[int]:\n    \"\"\"\n\tWrite a function to get all lucid numbers smaller than or equal to a given integer.\n\t\"\"\"\n    return [i for i in range(1, n + 1) if is_ludic(i)]\n\ndef check(candidate):\n    assert candidate(10) == [1, 2, 3, 5, 7]\n    assert candidate(25) == [1, 2, 3, 5, 7, 11, 13, 17, 23, 25]\n    assert candidate(45) == [1, 2, 3, 5, 7, 11, 13, 17, 23, 25, 29, 37, 41, 43]\n\ndef test_check():\n    check(get_ludic)\n\ntest_check()\n",
      "timestamp": 1665510490,
      "stdout": "",
      "stderr": "Traceback (most recent call last):\n  File \"/tmp/tmpj5cs29eg.py\", line 17, in <module>\n    test_check()\n  File \"/tmp/tmpj5cs29eg.py\", line 15, in test_check\n    check(get_ludic)\n  File \"/tmp/tmpj5cs29eg.py\", line 10, in check\n    assert candidate(10) == [1, 2, 3, 5, 7]\n  File \"/tmp/tmpj5cs29eg.py\", line 7, in get_ludic\n    return [i for i in range(1, n + 1) if is_ludic(i)]\n  File \"/tmp/tmpj5cs29eg.py\", line 7, in <listcomp>\n    return [i for i in range(1, n + 1) if is_ludic(i)]\nNameError: name 'is_ludic' is not defined. Did you mean: 'get_ludic'?\n",
      "exit_code": 1,
      "status": "Exception"
    },
    {
      "program": "from typing import List\n\ndef get_ludic(n: int) -> List[int]:\n    \"\"\"\n\tWrite a function to get all lucid numbers smaller than or equal to a given integer.\n\t\"\"\"\n    return [i for i in range(1, n+1) if i % 3 == 0 or '3' in str(i)]\ndef check(candidate):\n    assert candidate(10) == [1, 2, 3, 5, 7]\n    assert candidate(25) == [1, 2, 3, 5, 7, 11, 13, 17, 23, 25]\n    assert candidate(45) == [1, 2, 3, 5, 7, 11, 13, 17, 23, 25, 29, 37, 41, 43]\n\ndef test_check():\n    check(get_ludic)\n\ntest_check()\n",
      "timestamp": 1666123744,
      "stdout": "",
      "stderr": "Traceback (most recent call last):\n  File \"/tmp/tmpui0si_s3.py\", line 16, in <module>\n    test_check()\n  File \"/tmp/tmpui0si_s3.py\", line 14, in test_check\n    check(get_ludic)\n  File \"/tmp/tmpui0si_s3.py\", line 9, in check\n    assert candidate(10) == [1, 2, 3, 5, 7]\nAssertionError\n",
      "exit_code": 1,
      "status": "Exception"
    },
    {
      "program": "from typing import List\n\ndef get_ludic(n: int) -> List[int]:\n    \"\"\"\n\tWrite a function to get all lucid numbers smaller than or equal to a given integer.\n\t\"\"\"\n    return [i for i in range(n+1) if i % 3 == 0 or '3' in str(i)]\ndef check(candidate):\n    assert candidate(10) == [1, 2, 3, 5, 7]\n    assert candidate(25) == [1, 2, 3, 5, 7, 11, 13, 17, 23, 25]\n    assert candidate(45) == [1, 2, 3, 5, 7, 11, 13, 17, 23, 25, 29, 37, 41, 43]\n\ndef test_check():\n    check(get_ludic)\n\ntest_check()\n",
      "timestamp": 1666123743,
      "stdout": "",
      "stderr": "Traceback (most recent call last):\n  File \"/tmp/tmp70bid23e.py\", line 16, in <module>\n    test_check()\n  File \"/tmp/tmp70bid23e.py\", line 14, in test_check\n    check(get_ludic)\n  File \"/tmp/tmp70bid23e.py\", line 9, in check\n    assert candidate(10) == [1, 2, 3, 5, 7]\nAssertionError\n",
      "exit_code": 1,
      "status": "Exception"
    },
    {
      "program": "from typing import List\n\ndef get_ludic(n: int) -> List[int]:\n    \"\"\"\n\tWrite a function to get all lucid numbers smaller than or equal to a given integer.\n\t\"\"\"\n    return [i for i in range(1, n + 1) if i % 3 == 0 or \"3\" in str(i)]\ndef check(candidate):\n    assert candidate(10) == [1, 2, 3, 5, 7]\n    assert candidate(25) == [1, 2, 3, 5, 7, 11, 13, 17, 23, 25]\n    assert candidate(45) == [1, 2, 3, 5, 7, 11, 13, 17, 23, 25, 29, 37, 41, 43]\n\ndef test_check():\n    check(get_ludic)\n\ntest_check()\n",
      "timestamp": 1666123743,
      "stdout": "",
      "stderr": "Traceback (most recent call last):\n  File \"/tmp/tmp_ifkzxcq.py\", line 16, in <module>\n    test_check()\n  File \"/tmp/tmp_ifkzxcq.py\", line 14, in test_check\n    check(get_ludic)\n  File \"/tmp/tmp_ifkzxcq.py\", line 9, in check\n    assert candidate(10) == [1, 2, 3, 5, 7]\nAssertionError\n",
      "exit_code": 1,
      "status": "Exception"
    },
    {
      "program": "from typing import List\n\ndef get_ludic(n: int) -> List[int]:\n    \"\"\"\n\tWrite a function to get all lucid numbers smaller than or equal to a given integer.\n\t\"\"\"\n    ludic = []\n    for i in range(1, n + 1):\n        if is_ludic(i):\n            ludic.append(i)\n    return ludic\n\n\ndef check(candidate):\n    assert candidate(10) == [1, 2, 3, 5, 7]\n    assert candidate(25) == [1, 2, 3, 5, 7, 11, 13, 17, 23, 25]\n    assert candidate(45) == [1, 2, 3, 5, 7, 11, 13, 17, 23, 25, 29, 37, 41, 43]\n\ndef test_check():\n    check(get_ludic)\n\ntest_check()\n",
      "timestamp": 1666123744,
      "stdout": "",
      "stderr": "Traceback (most recent call last):\n  File \"/tmp/tmpsnnokptl.py\", line 22, in <module>\n    test_check()\n  File \"/tmp/tmpsnnokptl.py\", line 20, in test_check\n    check(get_ludic)\n  File \"/tmp/tmpsnnokptl.py\", line 15, in check\n    assert candidate(10) == [1, 2, 3, 5, 7]\n  File \"/tmp/tmpsnnokptl.py\", line 9, in get_ludic\n    if is_ludic(i):\nNameError: name 'is_ludic' is not defined. Did you mean: 'get_ludic'?\n",
      "exit_code": 1,
      "status": "Exception"
    },
    {
      "program": "from typing import List\n\ndef get_ludic(n: int) -> List[int]:\n    \"\"\"\n\tWrite a function to get all lucid numbers smaller than or equal to a given integer.\n\t\"\"\"\n    return [i for i in range(1, n + 1) if i % 3 == 0 or i % 5 == 0]\n\ndef check(candidate):\n    assert candidate(10) == [1, 2, 3, 5, 7]\n    assert candidate(25) == [1, 2, 3, 5, 7, 11, 13, 17, 23, 25]\n    assert candidate(45) == [1, 2, 3, 5, 7, 11, 13, 17, 23, 25, 29, 37, 41, 43]\n\ndef test_check():\n    check(get_ludic)\n\ntest_check()\n",
      "timestamp": 1665510490,
      "stdout": "",
      "stderr": "Traceback (most recent call last):\n  File \"/tmp/tmpkb277cmc.py\", line 17, in <module>\n    test_check()\n  File \"/tmp/tmpkb277cmc.py\", line 15, in test_check\n    check(get_ludic)\n  File \"/tmp/tmpkb277cmc.py\", line 10, in check\n    assert candidate(10) == [1, 2, 3, 5, 7]\nAssertionError\n",
      "exit_code": 1,
      "status": "Exception"
    },
    {
      "program": "from typing import List\n\ndef get_ludic(n: int) -> List[int]:\n    \"\"\"\n\tWrite a function to get all lucid numbers smaller than or equal to a given integer.\n\t\"\"\"\n    return [i for i in range(1, n + 1) if i % 3 == 0 or i % 5 == 0]\ndef check(candidate):\n    assert candidate(10) == [1, 2, 3, 5, 7]\n    assert candidate(25) == [1, 2, 3, 5, 7, 11, 13, 17, 23, 25]\n    assert candidate(45) == [1, 2, 3, 5, 7, 11, 13, 17, 23, 25, 29, 37, 41, 43]\n\ndef test_check():\n    check(get_ludic)\n\ntest_check()\n",
      "timestamp": 1665510490,
      "stdout": "",
      "stderr": "Traceback (most recent call last):\n  File \"/tmp/tmpx31wjh4j.py\", line 16, in <module>\n    test_check()\n  File \"/tmp/tmpx31wjh4j.py\", line 14, in test_check\n    check(get_ludic)\n  File \"/tmp/tmpx31wjh4j.py\", line 9, in check\n    assert candidate(10) == [1, 2, 3, 5, 7]\nAssertionError\n",
      "exit_code": 1,
      "status": "Exception"
    },
    {
      "program": "from typing import List\n\ndef get_ludic(n: int) -> List[int]:\n    \"\"\"\n\tWrite a function to get all lucid numbers smaller than or equal to a given integer.\n\t\"\"\"\n    ludic = []\n    for i in range(1, n + 1):\n        if i % 2 == 0:\n            ludic.append(i)\n        else:\n            for j in range(1, i):\n                if j * j == i:\n                    ludic.append(i)\n                    break\n    return ludic\n\ndef check(candidate):\n    assert candidate(10) == [1, 2, 3, 5, 7]\n    assert candidate(25) == [1, 2, 3, 5, 7, 11, 13, 17, 23, 25]\n    assert candidate(45) == [1, 2, 3, 5, 7, 11, 13, 17, 23, 25, 29, 37, 41, 43]\n\ndef test_check():\n    check(get_ludic)\n\ntest_check()\n",
      "timestamp": 1666123744,
      "stdout": "",
      "stderr": "Traceback (most recent call last):\n  File \"/tmp/tmpu8v3o46_.py\", line 26, in <module>\n    test_check()\n  File \"/tmp/tmpu8v3o46_.py\", line 24, in test_check\n    check(get_ludic)\n  File \"/tmp/tmpu8v3o46_.py\", line 19, in check\n    assert candidate(10) == [1, 2, 3, 5, 7]\nAssertionError\n",
      "exit_code": 1,
      "status": "Exception"
    }
  ]
}