{
  "name": "mbpp_592_sum_Of_product",
  "language": "py",
  "prompt": "def sum_Of_product(n: int) -> int:\n    \"\"\"\n\tWrite a python function to find the sum of the product of consecutive binomial co-efficients.\n\t\"\"\"\n",
  "doctests": "keep",
  "original": "/home/arjun/repos/MultiPL-E/datasets/../datasets/mbpp-typed/mbpp_592_sum_Of_product.py",
  "prompt_terminology": "verbatim",
  "tests": "def check(candidate):\n    assert candidate(3) == 15\n    assert candidate(4) == 56\n    assert candidate(1) == 1\n\ndef test_check():\n    check(sum_Of_product)\n\ntest_check()\n",
  "stop_tokens": [
    "\ndef",
    "\n#",
    "\nif",
    "\nclass"
  ],
  "results": [
    {
      "program": "def sum_Of_product(n: int) -> int:\n    \"\"\"\n\tWrite a python function to find the sum of the product of consecutive binomial co-efficients.\n\t\"\"\"\n    sum = 0\n    for i in range(1, n + 1):\n        sum += ncr(n, i) * ncr(n, i + 1)\n    return sum\n\n\ndef check(candidate):\n    assert candidate(3) == 15\n    assert candidate(4) == 56\n    assert candidate(1) == 1\n\ndef test_check():\n    check(sum_Of_product)\n\ntest_check()\n",
      "timestamp": 1665510313,
      "stdout": "",
      "stderr": "Traceback (most recent call last):\n  File \"/tmp/tmpxxwu54p3.py\", line 19, in <module>\n    test_check()\n  File \"/tmp/tmpxxwu54p3.py\", line 17, in test_check\n    check(sum_Of_product)\n  File \"/tmp/tmpxxwu54p3.py\", line 12, in check\n    assert candidate(3) == 15\n  File \"/tmp/tmpxxwu54p3.py\", line 7, in sum_Of_product\n    sum += ncr(n, i) * ncr(n, i + 1)\nNameError: name 'ncr' is not defined\n",
      "exit_code": 1,
      "status": "Exception"
    },
    {
      "program": "def sum_Of_product(n: int) -> int:\n    \"\"\"\n\tWrite a python function to find the sum of the product of consecutive binomial co-efficients.\n\t\"\"\"\n    sum = 0\n    for i in range(1, n + 1):\n        sum += binomial_coefficient(n, i) * i\n    return sum\n\n\ndef check(candidate):\n    assert candidate(3) == 15\n    assert candidate(4) == 56\n    assert candidate(1) == 1\n\ndef test_check():\n    check(sum_Of_product)\n\ntest_check()\n",
      "timestamp": 1665510313,
      "stdout": "",
      "stderr": "Traceback (most recent call last):\n  File \"/tmp/tmpjlym3tp3.py\", line 19, in <module>\n    test_check()\n  File \"/tmp/tmpjlym3tp3.py\", line 17, in test_check\n    check(sum_Of_product)\n  File \"/tmp/tmpjlym3tp3.py\", line 12, in check\n    assert candidate(3) == 15\n  File \"/tmp/tmpjlym3tp3.py\", line 7, in sum_Of_product\n    sum += binomial_coefficient(n, i) * i\nNameError: name 'binomial_coefficient' is not defined\n",
      "exit_code": 1,
      "status": "Exception"
    },
    {
      "program": "def sum_Of_product(n: int) -> int:\n    \"\"\"\n\tWrite a python function to find the sum of the product of consecutive binomial co-efficients.\n\t\"\"\"\n    sum = 0\n    for i in range(1, n + 1):\n        sum += (binomial_coefficient(n, i) * binomial_coefficient(n, i + 1))\n    return sum\n\n\ndef check(candidate):\n    assert candidate(3) == 15\n    assert candidate(4) == 56\n    assert candidate(1) == 1\n\ndef test_check():\n    check(sum_Of_product)\n\ntest_check()\n",
      "timestamp": 1665510313,
      "stdout": "",
      "stderr": "Traceback (most recent call last):\n  File \"/tmp/tmpcczu7s6a.py\", line 19, in <module>\n    test_check()\n  File \"/tmp/tmpcczu7s6a.py\", line 17, in test_check\n    check(sum_Of_product)\n  File \"/tmp/tmpcczu7s6a.py\", line 12, in check\n    assert candidate(3) == 15\n  File \"/tmp/tmpcczu7s6a.py\", line 7, in sum_Of_product\n    sum += (binomial_coefficient(n, i) * binomial_coefficient(n, i + 1))\nNameError: name 'binomial_coefficient' is not defined\n",
      "exit_code": 1,
      "status": "Exception"
    },
    {
      "program": "def sum_Of_product(n: int) -> int:\n    \"\"\"\n\tWrite a python function to find the sum of the product of consecutive binomial co-efficients.\n\t\"\"\"\n    sum = 0\n    for i in range(1, n + 1):\n        sum += binomial_coefficient(n, i) * binomial_coefficient(n, i + 1)\n    return sum\n\n\ndef check(candidate):\n    assert candidate(3) == 15\n    assert candidate(4) == 56\n    assert candidate(1) == 1\n\ndef test_check():\n    check(sum_Of_product)\n\ntest_check()\n",
      "timestamp": 1665510313,
      "stdout": "",
      "stderr": "Traceback (most recent call last):\n  File \"/tmp/tmp28x5smfj.py\", line 19, in <module>\n    test_check()\n  File \"/tmp/tmp28x5smfj.py\", line 17, in test_check\n    check(sum_Of_product)\n  File \"/tmp/tmp28x5smfj.py\", line 12, in check\n    assert candidate(3) == 15\n  File \"/tmp/tmp28x5smfj.py\", line 7, in sum_Of_product\n    sum += binomial_coefficient(n, i) * binomial_coefficient(n, i + 1)\nNameError: name 'binomial_coefficient' is not defined\n",
      "exit_code": 1,
      "status": "Exception"
    },
    {
      "program": "def sum_Of_product(n: int) -> int:\n    \"\"\"\n\tWrite a python function to find the sum of the product of consecutive binomial co-efficients.\n\t\"\"\"\n    return sum(binomial_coefficient(n, i) * binomial_coefficient(n, i + 1) for i in range(n))\n\n\ndef check(candidate):\n    assert candidate(3) == 15\n    assert candidate(4) == 56\n    assert candidate(1) == 1\n\ndef test_check():\n    check(sum_Of_product)\n\ntest_check()\n",
      "timestamp": 1665510313,
      "stdout": "",
      "stderr": "Traceback (most recent call last):\n  File \"/tmp/tmpbegw44z_.py\", line 16, in <module>\n    test_check()\n  File \"/tmp/tmpbegw44z_.py\", line 14, in test_check\n    check(sum_Of_product)\n  File \"/tmp/tmpbegw44z_.py\", line 9, in check\n    assert candidate(3) == 15\n  File \"/tmp/tmpbegw44z_.py\", line 5, in sum_Of_product\n    return sum(binomial_coefficient(n, i) * binomial_coefficient(n, i + 1) for i in range(n))\n  File \"/tmp/tmpbegw44z_.py\", line 5, in <genexpr>\n    return sum(binomial_coefficient(n, i) * binomial_coefficient(n, i + 1) for i in range(n))\nNameError: name 'binomial_coefficient' is not defined\n",
      "exit_code": 1,
      "status": "Exception"
    },
    {
      "program": "def sum_Of_product(n: int) -> int:\n    \"\"\"\n\tWrite a python function to find the sum of the product of consecutive binomial co-efficients.\n\t\"\"\"\n    if n == 0:\n        return 0\n    else:\n        return n * (n + 1) // 2\n\n\ndef check(candidate):\n    assert candidate(3) == 15\n    assert candidate(4) == 56\n    assert candidate(1) == 1\n\ndef test_check():\n    check(sum_Of_product)\n\ntest_check()\n",
      "timestamp": 1665510313,
      "stdout": "",
      "stderr": "Traceback (most recent call last):\n  File \"/tmp/tmps2peif1k.py\", line 19, in <module>\n    test_check()\n  File \"/tmp/tmps2peif1k.py\", line 17, in test_check\n    check(sum_Of_product)\n  File \"/tmp/tmps2peif1k.py\", line 12, in check\n    assert candidate(3) == 15\nAssertionError\n",
      "exit_code": 1,
      "status": "Exception"
    },
    {
      "program": "def sum_Of_product(n: int) -> int:\n    \"\"\"\n\tWrite a python function to find the sum of the product of consecutive binomial co-efficients.\n\t\"\"\"\n    sum = 0\n    for i in range(1, n + 1):\n        sum += binomial_coefficient(n, i) * binomial_coefficient(n, i + 1)\n    return sum\n\n\ndef check(candidate):\n    assert candidate(3) == 15\n    assert candidate(4) == 56\n    assert candidate(1) == 1\n\ndef test_check():\n    check(sum_Of_product)\n\ntest_check()\n",
      "timestamp": 1665510313,
      "stdout": "",
      "stderr": "Traceback (most recent call last):\n  File \"/tmp/tmp28x5smfj.py\", line 19, in <module>\n    test_check()\n  File \"/tmp/tmp28x5smfj.py\", line 17, in test_check\n    check(sum_Of_product)\n  File \"/tmp/tmp28x5smfj.py\", line 12, in check\n    assert candidate(3) == 15\n  File \"/tmp/tmp28x5smfj.py\", line 7, in sum_Of_product\n    sum += binomial_coefficient(n, i) * binomial_coefficient(n, i + 1)\nNameError: name 'binomial_coefficient' is not defined\n",
      "exit_code": 1,
      "status": "Exception"
    },
    {
      "program": "def sum_Of_product(n: int) -> int:\n    \"\"\"\n\tWrite a python function to find the sum of the product of consecutive binomial co-efficients.\n\t\"\"\"\n    sum = 0\n    for i in range(1, n + 1):\n        sum += binomial_coefficient(n, i) * binomial_coefficient(n, i + 1)\n    return sum\n\n\ndef check(candidate):\n    assert candidate(3) == 15\n    assert candidate(4) == 56\n    assert candidate(1) == 1\n\ndef test_check():\n    check(sum_Of_product)\n\ntest_check()\n",
      "timestamp": 1665510313,
      "stdout": "",
      "stderr": "Traceback (most recent call last):\n  File \"/tmp/tmp28x5smfj.py\", line 19, in <module>\n    test_check()\n  File \"/tmp/tmp28x5smfj.py\", line 17, in test_check\n    check(sum_Of_product)\n  File \"/tmp/tmp28x5smfj.py\", line 12, in check\n    assert candidate(3) == 15\n  File \"/tmp/tmp28x5smfj.py\", line 7, in sum_Of_product\n    sum += binomial_coefficient(n, i) * binomial_coefficient(n, i + 1)\nNameError: name 'binomial_coefficient' is not defined\n",
      "exit_code": 1,
      "status": "Exception"
    },
    {
      "program": "def sum_Of_product(n: int) -> int:\n    \"\"\"\n\tWrite a python function to find the sum of the product of consecutive binomial co-efficients.\n\t\"\"\"\n    sum = 0\n    for i in range(1, n + 1):\n        sum += (nCr(n, i) * nCr(n, i + 1))\n    return sum\n\n\ndef check(candidate):\n    assert candidate(3) == 15\n    assert candidate(4) == 56\n    assert candidate(1) == 1\n\ndef test_check():\n    check(sum_Of_product)\n\ntest_check()\n",
      "timestamp": 1665510313,
      "stdout": "",
      "stderr": "Traceback (most recent call last):\n  File \"/tmp/tmpdk5i06ly.py\", line 19, in <module>\n    test_check()\n  File \"/tmp/tmpdk5i06ly.py\", line 17, in test_check\n    check(sum_Of_product)\n  File \"/tmp/tmpdk5i06ly.py\", line 12, in check\n    assert candidate(3) == 15\n  File \"/tmp/tmpdk5i06ly.py\", line 7, in sum_Of_product\n    sum += (nCr(n, i) * nCr(n, i + 1))\nNameError: name 'nCr' is not defined\n",
      "exit_code": 1,
      "status": "Exception"
    },
    {
      "program": "def sum_Of_product(n: int) -> int:\n    \"\"\"\n\tWrite a python function to find the sum of the product of consecutive binomial co-efficients.\n\t\"\"\"\n    sum = 0\n    for i in range(1, n + 1):\n        sum += binomial_coefficient(n, i) * binomial_coefficient(n, i + 1)\n    return sum\n\n\ndef check(candidate):\n    assert candidate(3) == 15\n    assert candidate(4) == 56\n    assert candidate(1) == 1\n\ndef test_check():\n    check(sum_Of_product)\n\ntest_check()\n",
      "timestamp": 1665510313,
      "stdout": "",
      "stderr": "Traceback (most recent call last):\n  File \"/tmp/tmp28x5smfj.py\", line 19, in <module>\n    test_check()\n  File \"/tmp/tmp28x5smfj.py\", line 17, in test_check\n    check(sum_Of_product)\n  File \"/tmp/tmp28x5smfj.py\", line 12, in check\n    assert candidate(3) == 15\n  File \"/tmp/tmp28x5smfj.py\", line 7, in sum_Of_product\n    sum += binomial_coefficient(n, i) * binomial_coefficient(n, i + 1)\nNameError: name 'binomial_coefficient' is not defined\n",
      "exit_code": 1,
      "status": "Exception"
    },
    {
      "program": "def sum_Of_product(n: int) -> int:\n    \"\"\"\n\tWrite a python function to find the sum of the product of consecutive binomial co-efficients.\n\t\"\"\"\n    sum = 0\n    for i in range(1, n + 1):\n        sum += (binomial_coefficient(n, i) * binomial_coefficient(n, i + 1))\n    return sum\n\n\ndef check(candidate):\n    assert candidate(3) == 15\n    assert candidate(4) == 56\n    assert candidate(1) == 1\n\ndef test_check():\n    check(sum_Of_product)\n\ntest_check()\n",
      "timestamp": 1665510313,
      "stdout": "",
      "stderr": "Traceback (most recent call last):\n  File \"/tmp/tmpcczu7s6a.py\", line 19, in <module>\n    test_check()\n  File \"/tmp/tmpcczu7s6a.py\", line 17, in test_check\n    check(sum_Of_product)\n  File \"/tmp/tmpcczu7s6a.py\", line 12, in check\n    assert candidate(3) == 15\n  File \"/tmp/tmpcczu7s6a.py\", line 7, in sum_Of_product\n    sum += (binomial_coefficient(n, i) * binomial_coefficient(n, i + 1))\nNameError: name 'binomial_coefficient' is not defined\n",
      "exit_code": 1,
      "status": "Exception"
    },
    {
      "program": "def sum_Of_product(n: int) -> int:\n    \"\"\"\n\tWrite a python function to find the sum of the product of consecutive binomial co-efficients.\n\t\"\"\"\n    sum = 0\n    for i in range(1, n + 1):\n        sum += binomial_coefficient(n, i) * binomial_coefficient(n, i + 1)\n    return sum\n\n\ndef check(candidate):\n    assert candidate(3) == 15\n    assert candidate(4) == 56\n    assert candidate(1) == 1\n\ndef test_check():\n    check(sum_Of_product)\n\ntest_check()\n",
      "timestamp": 1665510313,
      "stdout": "",
      "stderr": "Traceback (most recent call last):\n  File \"/tmp/tmp28x5smfj.py\", line 19, in <module>\n    test_check()\n  File \"/tmp/tmp28x5smfj.py\", line 17, in test_check\n    check(sum_Of_product)\n  File \"/tmp/tmp28x5smfj.py\", line 12, in check\n    assert candidate(3) == 15\n  File \"/tmp/tmp28x5smfj.py\", line 7, in sum_Of_product\n    sum += binomial_coefficient(n, i) * binomial_coefficient(n, i + 1)\nNameError: name 'binomial_coefficient' is not defined\n",
      "exit_code": 1,
      "status": "Exception"
    },
    {
      "program": "def sum_Of_product(n: int) -> int:\n    \"\"\"\n\tWrite a python function to find the sum of the product of consecutive binomial co-efficients.\n\t\"\"\"\n    sum = 0\n    for i in range(1, n + 1):\n        sum += ncr(n, i) * ncr(n, i + 1)\n    return sum\n\n\ndef check(candidate):\n    assert candidate(3) == 15\n    assert candidate(4) == 56\n    assert candidate(1) == 1\n\ndef test_check():\n    check(sum_Of_product)\n\ntest_check()\n",
      "timestamp": 1665510313,
      "stdout": "",
      "stderr": "Traceback (most recent call last):\n  File \"/tmp/tmpxxwu54p3.py\", line 19, in <module>\n    test_check()\n  File \"/tmp/tmpxxwu54p3.py\", line 17, in test_check\n    check(sum_Of_product)\n  File \"/tmp/tmpxxwu54p3.py\", line 12, in check\n    assert candidate(3) == 15\n  File \"/tmp/tmpxxwu54p3.py\", line 7, in sum_Of_product\n    sum += ncr(n, i) * ncr(n, i + 1)\nNameError: name 'ncr' is not defined\n",
      "exit_code": 1,
      "status": "Exception"
    },
    {
      "program": "def sum_Of_product(n: int) -> int:\n    \"\"\"\n\tWrite a python function to find the sum of the product of consecutive binomial co-efficients.\n\t\"\"\"\n    sum = 0\n    for i in range(1, n + 1):\n        sum += binomial_coefficient(n, i) * binomial_coefficient(n, i + 1)\n    return sum\n\n\ndef check(candidate):\n    assert candidate(3) == 15\n    assert candidate(4) == 56\n    assert candidate(1) == 1\n\ndef test_check():\n    check(sum_Of_product)\n\ntest_check()\n",
      "timestamp": 1665510313,
      "stdout": "",
      "stderr": "Traceback (most recent call last):\n  File \"/tmp/tmp28x5smfj.py\", line 19, in <module>\n    test_check()\n  File \"/tmp/tmp28x5smfj.py\", line 17, in test_check\n    check(sum_Of_product)\n  File \"/tmp/tmp28x5smfj.py\", line 12, in check\n    assert candidate(3) == 15\n  File \"/tmp/tmp28x5smfj.py\", line 7, in sum_Of_product\n    sum += binomial_coefficient(n, i) * binomial_coefficient(n, i + 1)\nNameError: name 'binomial_coefficient' is not defined\n",
      "exit_code": 1,
      "status": "Exception"
    },
    {
      "program": "def sum_Of_product(n: int) -> int:\n    \"\"\"\n\tWrite a python function to find the sum of the product of consecutive binomial co-efficients.\n\t\"\"\"\n    sum = 0\n    for i in range(1, n + 1):\n        sum += nCr(n, i) * nCr(n, i + 1)\n    return sum\n\n\ndef check(candidate):\n    assert candidate(3) == 15\n    assert candidate(4) == 56\n    assert candidate(1) == 1\n\ndef test_check():\n    check(sum_Of_product)\n\ntest_check()\n",
      "timestamp": 1665510313,
      "stdout": "",
      "stderr": "Traceback (most recent call last):\n  File \"/tmp/tmppni0je0w.py\", line 19, in <module>\n    test_check()\n  File \"/tmp/tmppni0je0w.py\", line 17, in test_check\n    check(sum_Of_product)\n  File \"/tmp/tmppni0je0w.py\", line 12, in check\n    assert candidate(3) == 15\n  File \"/tmp/tmppni0je0w.py\", line 7, in sum_Of_product\n    sum += nCr(n, i) * nCr(n, i + 1)\nNameError: name 'nCr' is not defined\n",
      "exit_code": 1,
      "status": "Exception"
    },
    {
      "program": "def sum_Of_product(n: int) -> int:\n    \"\"\"\n\tWrite a python function to find the sum of the product of consecutive binomial co-efficients.\n\t\"\"\"\n    sum = 0\n    for i in range(1, n + 1):\n        sum += binomial_coefficient(n, i) * i\n    return sum\n\n\ndef check(candidate):\n    assert candidate(3) == 15\n    assert candidate(4) == 56\n    assert candidate(1) == 1\n\ndef test_check():\n    check(sum_Of_product)\n\ntest_check()\n",
      "timestamp": 1665510313,
      "stdout": "",
      "stderr": "Traceback (most recent call last):\n  File \"/tmp/tmpjlym3tp3.py\", line 19, in <module>\n    test_check()\n  File \"/tmp/tmpjlym3tp3.py\", line 17, in test_check\n    check(sum_Of_product)\n  File \"/tmp/tmpjlym3tp3.py\", line 12, in check\n    assert candidate(3) == 15\n  File \"/tmp/tmpjlym3tp3.py\", line 7, in sum_Of_product\n    sum += binomial_coefficient(n, i) * i\nNameError: name 'binomial_coefficient' is not defined\n",
      "exit_code": 1,
      "status": "Exception"
    },
    {
      "program": "def sum_Of_product(n: int) -> int:\n    \"\"\"\n\tWrite a python function to find the sum of the product of consecutive binomial co-efficients.\n\t\"\"\"\n    sum = 0\n    for i in range(1, n + 1):\n        sum += binomial_coefficient(n, i) * i\n    return sum\n\n\ndef check(candidate):\n    assert candidate(3) == 15\n    assert candidate(4) == 56\n    assert candidate(1) == 1\n\ndef test_check():\n    check(sum_Of_product)\n\ntest_check()\n",
      "timestamp": 1665510313,
      "stdout": "",
      "stderr": "Traceback (most recent call last):\n  File \"/tmp/tmpjlym3tp3.py\", line 19, in <module>\n    test_check()\n  File \"/tmp/tmpjlym3tp3.py\", line 17, in test_check\n    check(sum_Of_product)\n  File \"/tmp/tmpjlym3tp3.py\", line 12, in check\n    assert candidate(3) == 15\n  File \"/tmp/tmpjlym3tp3.py\", line 7, in sum_Of_product\n    sum += binomial_coefficient(n, i) * i\nNameError: name 'binomial_coefficient' is not defined\n",
      "exit_code": 1,
      "status": "Exception"
    },
    {
      "program": "def sum_Of_product(n: int) -> int:\n    \"\"\"\n\tWrite a python function to find the sum of the product of consecutive binomial co-efficients.\n\t\"\"\"\n    sum = 0\n    for i in range(1, n + 1):\n        sum += binomial_coefficient(n, i) * binomial_coefficient(n, i + 1)\n    return sum\n\n\ndef check(candidate):\n    assert candidate(3) == 15\n    assert candidate(4) == 56\n    assert candidate(1) == 1\n\ndef test_check():\n    check(sum_Of_product)\n\ntest_check()\n",
      "timestamp": 1665510313,
      "stdout": "",
      "stderr": "Traceback (most recent call last):\n  File \"/tmp/tmp28x5smfj.py\", line 19, in <module>\n    test_check()\n  File \"/tmp/tmp28x5smfj.py\", line 17, in test_check\n    check(sum_Of_product)\n  File \"/tmp/tmp28x5smfj.py\", line 12, in check\n    assert candidate(3) == 15\n  File \"/tmp/tmp28x5smfj.py\", line 7, in sum_Of_product\n    sum += binomial_coefficient(n, i) * binomial_coefficient(n, i + 1)\nNameError: name 'binomial_coefficient' is not defined\n",
      "exit_code": 1,
      "status": "Exception"
    },
    {
      "program": "def sum_Of_product(n: int) -> int:\n    \"\"\"\n\tWrite a python function to find the sum of the product of consecutive binomial co-efficients.\n\t\"\"\"\n    sum = 0\n    for i in range(n):\n        sum += (factorial(n) / (factorial(i) * factorial(n - i))) * (factorial(n) / (factorial(i + 1) * factorial(n - i - 1)))\n    return sum\n\n\ndef check(candidate):\n    assert candidate(3) == 15\n    assert candidate(4) == 56\n    assert candidate(1) == 1\n\ndef test_check():\n    check(sum_Of_product)\n\ntest_check()\n",
      "timestamp": 1665510313,
      "stdout": "",
      "stderr": "Traceback (most recent call last):\n  File \"/tmp/tmpnzgls5bv.py\", line 19, in <module>\n    test_check()\n  File \"/tmp/tmpnzgls5bv.py\", line 17, in test_check\n    check(sum_Of_product)\n  File \"/tmp/tmpnzgls5bv.py\", line 12, in check\n    assert candidate(3) == 15\n  File \"/tmp/tmpnzgls5bv.py\", line 7, in sum_Of_product\n    sum += (factorial(n) / (factorial(i) * factorial(n - i))) * (factorial(n) / (factorial(i + 1) * factorial(n - i - 1)))\nNameError: name 'factorial' is not defined\n",
      "exit_code": 1,
      "status": "Exception"
    },
    {
      "program": "def sum_Of_product(n: int) -> int:\n    \"\"\"\n\tWrite a python function to find the sum of the product of consecutive binomial co-efficients.\n\t\"\"\"\n    sum = 0\n    for i in range(1, n + 1):\n        sum += binomial_coefficient(n, i) * binomial_coefficient(n, i + 1)\n    return sum\n\n\ndef check(candidate):\n    assert candidate(3) == 15\n    assert candidate(4) == 56\n    assert candidate(1) == 1\n\ndef test_check():\n    check(sum_Of_product)\n\ntest_check()\n",
      "timestamp": 1665510313,
      "stdout": "",
      "stderr": "Traceback (most recent call last):\n  File \"/tmp/tmp28x5smfj.py\", line 19, in <module>\n    test_check()\n  File \"/tmp/tmp28x5smfj.py\", line 17, in test_check\n    check(sum_Of_product)\n  File \"/tmp/tmp28x5smfj.py\", line 12, in check\n    assert candidate(3) == 15\n  File \"/tmp/tmp28x5smfj.py\", line 7, in sum_Of_product\n    sum += binomial_coefficient(n, i) * binomial_coefficient(n, i + 1)\nNameError: name 'binomial_coefficient' is not defined\n",
      "exit_code": 1,
      "status": "Exception"
    },
    {
      "program": "def sum_Of_product(n: int) -> int:\n    \"\"\"\n\tWrite a python function to find the sum of the product of consecutive binomial co-efficients.\n\t\"\"\"\n    sum = 0\n    for i in range(1, n + 1):\n        sum += binomial_coefficient(n, i) * binomial_coefficient(n, i + 1)\n    return sum\n\n\ndef check(candidate):\n    assert candidate(3) == 15\n    assert candidate(4) == 56\n    assert candidate(1) == 1\n\ndef test_check():\n    check(sum_Of_product)\n\ntest_check()\n",
      "timestamp": 1665510313,
      "stdout": "",
      "stderr": "Traceback (most recent call last):\n  File \"/tmp/tmp28x5smfj.py\", line 19, in <module>\n    test_check()\n  File \"/tmp/tmp28x5smfj.py\", line 17, in test_check\n    check(sum_Of_product)\n  File \"/tmp/tmp28x5smfj.py\", line 12, in check\n    assert candidate(3) == 15\n  File \"/tmp/tmp28x5smfj.py\", line 7, in sum_Of_product\n    sum += binomial_coefficient(n, i) * binomial_coefficient(n, i + 1)\nNameError: name 'binomial_coefficient' is not defined\n",
      "exit_code": 1,
      "status": "Exception"
    },
    {
      "program": "def sum_Of_product(n: int) -> int:\n    \"\"\"\n\tWrite a python function to find the sum of the product of consecutive binomial co-efficients.\n\t\"\"\"\n    sum = 0\n    for i in range(1, n + 1):\n        sum += binomial_coefficient(n, i) * binomial_coefficient(n, i + 1)\n    return sum\n\n\ndef check(candidate):\n    assert candidate(3) == 15\n    assert candidate(4) == 56\n    assert candidate(1) == 1\n\ndef test_check():\n    check(sum_Of_product)\n\ntest_check()\n",
      "timestamp": 1665510313,
      "stdout": "",
      "stderr": "Traceback (most recent call last):\n  File \"/tmp/tmp28x5smfj.py\", line 19, in <module>\n    test_check()\n  File \"/tmp/tmp28x5smfj.py\", line 17, in test_check\n    check(sum_Of_product)\n  File \"/tmp/tmp28x5smfj.py\", line 12, in check\n    assert candidate(3) == 15\n  File \"/tmp/tmp28x5smfj.py\", line 7, in sum_Of_product\n    sum += binomial_coefficient(n, i) * binomial_coefficient(n, i + 1)\nNameError: name 'binomial_coefficient' is not defined\n",
      "exit_code": 1,
      "status": "Exception"
    },
    {
      "program": "def sum_Of_product(n: int) -> int:\n    \"\"\"\n\tWrite a python function to find the sum of the product of consecutive binomial co-efficients.\n\t\"\"\"\n    sum = 0\n    for i in range(1, n + 1):\n        sum += binomial_coefficient(n, i) * binomial_coefficient(n, i + 1)\n    return sum\n\n\ndef check(candidate):\n    assert candidate(3) == 15\n    assert candidate(4) == 56\n    assert candidate(1) == 1\n\ndef test_check():\n    check(sum_Of_product)\n\ntest_check()\n",
      "timestamp": 1665510313,
      "stdout": "",
      "stderr": "Traceback (most recent call last):\n  File \"/tmp/tmp28x5smfj.py\", line 19, in <module>\n    test_check()\n  File \"/tmp/tmp28x5smfj.py\", line 17, in test_check\n    check(sum_Of_product)\n  File \"/tmp/tmp28x5smfj.py\", line 12, in check\n    assert candidate(3) == 15\n  File \"/tmp/tmp28x5smfj.py\", line 7, in sum_Of_product\n    sum += binomial_coefficient(n, i) * binomial_coefficient(n, i + 1)\nNameError: name 'binomial_coefficient' is not defined\n",
      "exit_code": 1,
      "status": "Exception"
    },
    {
      "program": "def sum_Of_product(n: int) -> int:\n    \"\"\"\n\tWrite a python function to find the sum of the product of consecutive binomial co-efficients.\n\t\"\"\"\n    sum = 0\n    for i in range(1, n + 1):\n        sum += binomial_coefficient(n, i) * binomial_coefficient(n, i + 1)\n    return sum\n\n\ndef check(candidate):\n    assert candidate(3) == 15\n    assert candidate(4) == 56\n    assert candidate(1) == 1\n\ndef test_check():\n    check(sum_Of_product)\n\ntest_check()\n",
      "timestamp": 1665510313,
      "stdout": "",
      "stderr": "Traceback (most recent call last):\n  File \"/tmp/tmp28x5smfj.py\", line 19, in <module>\n    test_check()\n  File \"/tmp/tmp28x5smfj.py\", line 17, in test_check\n    check(sum_Of_product)\n  File \"/tmp/tmp28x5smfj.py\", line 12, in check\n    assert candidate(3) == 15\n  File \"/tmp/tmp28x5smfj.py\", line 7, in sum_Of_product\n    sum += binomial_coefficient(n, i) * binomial_coefficient(n, i + 1)\nNameError: name 'binomial_coefficient' is not defined\n",
      "exit_code": 1,
      "status": "Exception"
    },
    {
      "program": "def sum_Of_product(n: int) -> int:\n    \"\"\"\n\tWrite a python function to find the sum of the product of consecutive binomial co-efficients.\n\t\"\"\"\n    sum = 0\n    for i in range(1, n + 1):\n        sum += binomial_coefficient(n, i) * binomial_coefficient(n, i + 1)\n    return sum\n\n\ndef check(candidate):\n    assert candidate(3) == 15\n    assert candidate(4) == 56\n    assert candidate(1) == 1\n\ndef test_check():\n    check(sum_Of_product)\n\ntest_check()\n",
      "timestamp": 1665510313,
      "stdout": "",
      "stderr": "Traceback (most recent call last):\n  File \"/tmp/tmp28x5smfj.py\", line 19, in <module>\n    test_check()\n  File \"/tmp/tmp28x5smfj.py\", line 17, in test_check\n    check(sum_Of_product)\n  File \"/tmp/tmp28x5smfj.py\", line 12, in check\n    assert candidate(3) == 15\n  File \"/tmp/tmp28x5smfj.py\", line 7, in sum_Of_product\n    sum += binomial_coefficient(n, i) * binomial_coefficient(n, i + 1)\nNameError: name 'binomial_coefficient' is not defined\n",
      "exit_code": 1,
      "status": "Exception"
    },
    {
      "program": "def sum_Of_product(n: int) -> int:\n    \"\"\"\n\tWrite a python function to find the sum of the product of consecutive binomial co-efficients.\n\t\"\"\"\n    sum = 0\n    for i in range(1, n + 1):\n        sum += (factorial(n) / (factorial(i) * factorial(n - i))) * (factorial(n) / (factorial(i + 1) * factorial(n - i - 1)))\n    return sum\n\n\ndef check(candidate):\n    assert candidate(3) == 15\n    assert candidate(4) == 56\n    assert candidate(1) == 1\n\ndef test_check():\n    check(sum_Of_product)\n\ntest_check()\n",
      "timestamp": 1665510313,
      "stdout": "",
      "stderr": "Traceback (most recent call last):\n  File \"/tmp/tmpnajb98ov.py\", line 19, in <module>\n    test_check()\n  File \"/tmp/tmpnajb98ov.py\", line 17, in test_check\n    check(sum_Of_product)\n  File \"/tmp/tmpnajb98ov.py\", line 12, in check\n    assert candidate(3) == 15\n  File \"/tmp/tmpnajb98ov.py\", line 7, in sum_Of_product\n    sum += (factorial(n) / (factorial(i) * factorial(n - i))) * (factorial(n) / (factorial(i + 1) * factorial(n - i - 1)))\nNameError: name 'factorial' is not defined\n",
      "exit_code": 1,
      "status": "Exception"
    },
    {
      "program": "def sum_Of_product(n: int) -> int:\n    \"\"\"\n\tWrite a python function to find the sum of the product of consecutive binomial co-efficients.\n\t\"\"\"\n    if n < 2:\n        return 0\n    else:\n        return n * (n - 1) // 2 + sum_Of_product(n - 1)\n\n\ndef check(candidate):\n    assert candidate(3) == 15\n    assert candidate(4) == 56\n    assert candidate(1) == 1\n\ndef test_check():\n    check(sum_Of_product)\n\ntest_check()\n",
      "timestamp": 1666123389,
      "stdout": "",
      "stderr": "Traceback (most recent call last):\n  File \"/tmp/tmp_entywca.py\", line 19, in <module>\n    test_check()\n  File \"/tmp/tmp_entywca.py\", line 17, in test_check\n    check(sum_Of_product)\n  File \"/tmp/tmp_entywca.py\", line 12, in check\n    assert candidate(3) == 15\nAssertionError\n",
      "exit_code": 1,
      "status": "Exception"
    },
    {
      "program": "def sum_Of_product(n: int) -> int:\n    \"\"\"\n\tWrite a python function to find the sum of the product of consecutive binomial co-efficients.\n\t\"\"\"\n    sum = 0\n    for i in range(1, n + 1):\n        sum += binomial_coefficient(n, i) * binomial_coefficient(n, i + 1)\n    return sum\n\n\ndef check(candidate):\n    assert candidate(3) == 15\n    assert candidate(4) == 56\n    assert candidate(1) == 1\n\ndef test_check():\n    check(sum_Of_product)\n\ntest_check()\n",
      "timestamp": 1665510313,
      "stdout": "",
      "stderr": "Traceback (most recent call last):\n  File \"/tmp/tmp28x5smfj.py\", line 19, in <module>\n    test_check()\n  File \"/tmp/tmp28x5smfj.py\", line 17, in test_check\n    check(sum_Of_product)\n  File \"/tmp/tmp28x5smfj.py\", line 12, in check\n    assert candidate(3) == 15\n  File \"/tmp/tmp28x5smfj.py\", line 7, in sum_Of_product\n    sum += binomial_coefficient(n, i) * binomial_coefficient(n, i + 1)\nNameError: name 'binomial_coefficient' is not defined\n",
      "exit_code": 1,
      "status": "Exception"
    },
    {
      "program": "def sum_Of_product(n: int) -> int:\n    \"\"\"\n\tWrite a python function to find the sum of the product of consecutive binomial co-efficients.\n\t\"\"\"\n    sum = 0\n    for i in range(1, n + 1):\n        sum += binomial_coefficient(n, i) * binomial_coefficient(n, i + 1)\n    return sum\n\n\ndef check(candidate):\n    assert candidate(3) == 15\n    assert candidate(4) == 56\n    assert candidate(1) == 1\n\ndef test_check():\n    check(sum_Of_product)\n\ntest_check()\n",
      "timestamp": 1665510313,
      "stdout": "",
      "stderr": "Traceback (most recent call last):\n  File \"/tmp/tmp28x5smfj.py\", line 19, in <module>\n    test_check()\n  File \"/tmp/tmp28x5smfj.py\", line 17, in test_check\n    check(sum_Of_product)\n  File \"/tmp/tmp28x5smfj.py\", line 12, in check\n    assert candidate(3) == 15\n  File \"/tmp/tmp28x5smfj.py\", line 7, in sum_Of_product\n    sum += binomial_coefficient(n, i) * binomial_coefficient(n, i + 1)\nNameError: name 'binomial_coefficient' is not defined\n",
      "exit_code": 1,
      "status": "Exception"
    },
    {
      "program": "def sum_Of_product(n: int) -> int:\n    \"\"\"\n\tWrite a python function to find the sum of the product of consecutive binomial co-efficients.\n\t\"\"\"\n    if n < 0:\n        return 0\n    else:\n        return sum(binomial_coeff(n, i) * binomial_coeff(n, i + 1) for i in range(n))\n\n\ndef check(candidate):\n    assert candidate(3) == 15\n    assert candidate(4) == 56\n    assert candidate(1) == 1\n\ndef test_check():\n    check(sum_Of_product)\n\ntest_check()\n",
      "timestamp": 1666123389,
      "stdout": "",
      "stderr": "Traceback (most recent call last):\n  File \"/tmp/tmp_hsii23u.py\", line 19, in <module>\n    test_check()\n  File \"/tmp/tmp_hsii23u.py\", line 17, in test_check\n    check(sum_Of_product)\n  File \"/tmp/tmp_hsii23u.py\", line 12, in check\n    assert candidate(3) == 15\n  File \"/tmp/tmp_hsii23u.py\", line 8, in sum_Of_product\n    return sum(binomial_coeff(n, i) * binomial_coeff(n, i + 1) for i in range(n))\n  File \"/tmp/tmp_hsii23u.py\", line 8, in <genexpr>\n    return sum(binomial_coeff(n, i) * binomial_coeff(n, i + 1) for i in range(n))\nNameError: name 'binomial_coeff' is not defined\n",
      "exit_code": 1,
      "status": "Exception"
    },
    {
      "program": "def sum_Of_product(n: int) -> int:\n    \"\"\"\n\tWrite a python function to find the sum of the product of consecutive binomial co-efficients.\n\t\"\"\"\n    sum = 0\n    for i in range(1, n + 1):\n        sum += (nCr(n, i) * nCr(n, i + 1))\n    return sum\n\n\ndef check(candidate):\n    assert candidate(3) == 15\n    assert candidate(4) == 56\n    assert candidate(1) == 1\n\ndef test_check():\n    check(sum_Of_product)\n\ntest_check()\n",
      "timestamp": 1665510313,
      "stdout": "",
      "stderr": "Traceback (most recent call last):\n  File \"/tmp/tmpdk5i06ly.py\", line 19, in <module>\n    test_check()\n  File \"/tmp/tmpdk5i06ly.py\", line 17, in test_check\n    check(sum_Of_product)\n  File \"/tmp/tmpdk5i06ly.py\", line 12, in check\n    assert candidate(3) == 15\n  File \"/tmp/tmpdk5i06ly.py\", line 7, in sum_Of_product\n    sum += (nCr(n, i) * nCr(n, i + 1))\nNameError: name 'nCr' is not defined\n",
      "exit_code": 1,
      "status": "Exception"
    },
    {
      "program": "def sum_Of_product(n: int) -> int:\n    \"\"\"\n\tWrite a python function to find the sum of the product of consecutive binomial co-efficients.\n\t\"\"\"\n    sum = 0\n    for i in range(1, n + 1):\n        sum += binomial_coefficient(n, i) * binomial_coefficient(n, i + 1)\n    return sum\n\n\ndef check(candidate):\n    assert candidate(3) == 15\n    assert candidate(4) == 56\n    assert candidate(1) == 1\n\ndef test_check():\n    check(sum_Of_product)\n\ntest_check()\n",
      "timestamp": 1665510313,
      "stdout": "",
      "stderr": "Traceback (most recent call last):\n  File \"/tmp/tmp28x5smfj.py\", line 19, in <module>\n    test_check()\n  File \"/tmp/tmp28x5smfj.py\", line 17, in test_check\n    check(sum_Of_product)\n  File \"/tmp/tmp28x5smfj.py\", line 12, in check\n    assert candidate(3) == 15\n  File \"/tmp/tmp28x5smfj.py\", line 7, in sum_Of_product\n    sum += binomial_coefficient(n, i) * binomial_coefficient(n, i + 1)\nNameError: name 'binomial_coefficient' is not defined\n",
      "exit_code": 1,
      "status": "Exception"
    },
    {
      "program": "def sum_Of_product(n: int) -> int:\n    \"\"\"\n\tWrite a python function to find the sum of the product of consecutive binomial co-efficients.\n\t\"\"\"\n    sum = 0\n    for i in range(1, n + 1):\n        sum += nCr(n, i) * nCr(n, i + 1)\n    return sum\n\n\ndef check(candidate):\n    assert candidate(3) == 15\n    assert candidate(4) == 56\n    assert candidate(1) == 1\n\ndef test_check():\n    check(sum_Of_product)\n\ntest_check()\n",
      "timestamp": 1665510313,
      "stdout": "",
      "stderr": "Traceback (most recent call last):\n  File \"/tmp/tmppni0je0w.py\", line 19, in <module>\n    test_check()\n  File \"/tmp/tmppni0je0w.py\", line 17, in test_check\n    check(sum_Of_product)\n  File \"/tmp/tmppni0je0w.py\", line 12, in check\n    assert candidate(3) == 15\n  File \"/tmp/tmppni0je0w.py\", line 7, in sum_Of_product\n    sum += nCr(n, i) * nCr(n, i + 1)\nNameError: name 'nCr' is not defined\n",
      "exit_code": 1,
      "status": "Exception"
    },
    {
      "program": "def sum_Of_product(n: int) -> int:\n    \"\"\"\n\tWrite a python function to find the sum of the product of consecutive binomial co-efficients.\n\t\"\"\"\n    sum = 0\n    for i in range(1, n + 1):\n        sum += binomial_coefficient(n, i) * binomial_coefficient(n, i + 1)\n    return sum\n\n\ndef check(candidate):\n    assert candidate(3) == 15\n    assert candidate(4) == 56\n    assert candidate(1) == 1\n\ndef test_check():\n    check(sum_Of_product)\n\ntest_check()\n",
      "timestamp": 1665510313,
      "stdout": "",
      "stderr": "Traceback (most recent call last):\n  File \"/tmp/tmp28x5smfj.py\", line 19, in <module>\n    test_check()\n  File \"/tmp/tmp28x5smfj.py\", line 17, in test_check\n    check(sum_Of_product)\n  File \"/tmp/tmp28x5smfj.py\", line 12, in check\n    assert candidate(3) == 15\n  File \"/tmp/tmp28x5smfj.py\", line 7, in sum_Of_product\n    sum += binomial_coefficient(n, i) * binomial_coefficient(n, i + 1)\nNameError: name 'binomial_coefficient' is not defined\n",
      "exit_code": 1,
      "status": "Exception"
    },
    {
      "program": "def sum_Of_product(n: int) -> int:\n    \"\"\"\n\tWrite a python function to find the sum of the product of consecutive binomial co-efficients.\n\t\"\"\"\n    sum = 0\n    for i in range(1, n + 1):\n        sum += binomial_coefficient(n, i) * binomial_coefficient(n, i + 1)\n    return sum\n\n\ndef check(candidate):\n    assert candidate(3) == 15\n    assert candidate(4) == 56\n    assert candidate(1) == 1\n\ndef test_check():\n    check(sum_Of_product)\n\ntest_check()\n",
      "timestamp": 1665510313,
      "stdout": "",
      "stderr": "Traceback (most recent call last):\n  File \"/tmp/tmp28x5smfj.py\", line 19, in <module>\n    test_check()\n  File \"/tmp/tmp28x5smfj.py\", line 17, in test_check\n    check(sum_Of_product)\n  File \"/tmp/tmp28x5smfj.py\", line 12, in check\n    assert candidate(3) == 15\n  File \"/tmp/tmp28x5smfj.py\", line 7, in sum_Of_product\n    sum += binomial_coefficient(n, i) * binomial_coefficient(n, i + 1)\nNameError: name 'binomial_coefficient' is not defined\n",
      "exit_code": 1,
      "status": "Exception"
    },
    {
      "program": "def sum_Of_product(n: int) -> int:\n    \"\"\"\n\tWrite a python function to find the sum of the product of consecutive binomial co-efficients.\n\t\"\"\"\n    sum = 0\n    for i in range(1, n + 1):\n        sum += binomial_coefficient(n, i) * binomial_coefficient(n, i + 1)\n    return sum\n\n\ndef check(candidate):\n    assert candidate(3) == 15\n    assert candidate(4) == 56\n    assert candidate(1) == 1\n\ndef test_check():\n    check(sum_Of_product)\n\ntest_check()\n",
      "timestamp": 1665510313,
      "stdout": "",
      "stderr": "Traceback (most recent call last):\n  File \"/tmp/tmp28x5smfj.py\", line 19, in <module>\n    test_check()\n  File \"/tmp/tmp28x5smfj.py\", line 17, in test_check\n    check(sum_Of_product)\n  File \"/tmp/tmp28x5smfj.py\", line 12, in check\n    assert candidate(3) == 15\n  File \"/tmp/tmp28x5smfj.py\", line 7, in sum_Of_product\n    sum += binomial_coefficient(n, i) * binomial_coefficient(n, i + 1)\nNameError: name 'binomial_coefficient' is not defined\n",
      "exit_code": 1,
      "status": "Exception"
    },
    {
      "program": "def sum_Of_product(n: int) -> int:\n    \"\"\"\n\tWrite a python function to find the sum of the product of consecutive binomial co-efficients.\n\t\"\"\"\n    sum = 0\n    for i in range(1, n + 1):\n        sum += binomial_coefficient(n, i) * i\n    return sum\n\n\ndef check(candidate):\n    assert candidate(3) == 15\n    assert candidate(4) == 56\n    assert candidate(1) == 1\n\ndef test_check():\n    check(sum_Of_product)\n\ntest_check()\n",
      "timestamp": 1665510313,
      "stdout": "",
      "stderr": "Traceback (most recent call last):\n  File \"/tmp/tmpjlym3tp3.py\", line 19, in <module>\n    test_check()\n  File \"/tmp/tmpjlym3tp3.py\", line 17, in test_check\n    check(sum_Of_product)\n  File \"/tmp/tmpjlym3tp3.py\", line 12, in check\n    assert candidate(3) == 15\n  File \"/tmp/tmpjlym3tp3.py\", line 7, in sum_Of_product\n    sum += binomial_coefficient(n, i) * i\nNameError: name 'binomial_coefficient' is not defined\n",
      "exit_code": 1,
      "status": "Exception"
    },
    {
      "program": "def sum_Of_product(n: int) -> int:\n    \"\"\"\n\tWrite a python function to find the sum of the product of consecutive binomial co-efficients.\n\t\"\"\"\n    sum = 0\n    for i in range(1, n + 1):\n        sum += (factorial(n) / (factorial(i) * factorial(n - i))) * (factorial(n) / (factorial(i + 1) * factorial(n - i - 1)))\n    return sum\n\n\ndef check(candidate):\n    assert candidate(3) == 15\n    assert candidate(4) == 56\n    assert candidate(1) == 1\n\ndef test_check():\n    check(sum_Of_product)\n\ntest_check()\n",
      "timestamp": 1665510313,
      "stdout": "",
      "stderr": "Traceback (most recent call last):\n  File \"/tmp/tmpnajb98ov.py\", line 19, in <module>\n    test_check()\n  File \"/tmp/tmpnajb98ov.py\", line 17, in test_check\n    check(sum_Of_product)\n  File \"/tmp/tmpnajb98ov.py\", line 12, in check\n    assert candidate(3) == 15\n  File \"/tmp/tmpnajb98ov.py\", line 7, in sum_Of_product\n    sum += (factorial(n) / (factorial(i) * factorial(n - i))) * (factorial(n) / (factorial(i + 1) * factorial(n - i - 1)))\nNameError: name 'factorial' is not defined\n",
      "exit_code": 1,
      "status": "Exception"
    },
    {
      "program": "def sum_Of_product(n: int) -> int:\n    \"\"\"\n\tWrite a python function to find the sum of the product of consecutive binomial co-efficients.\n\t\"\"\"\n    sum = 0\n    for i in range(1, n + 1):\n        sum += (binomial_coefficient(n, i) * binomial_coefficient(n, i + 1))\n    return sum\n\n\ndef check(candidate):\n    assert candidate(3) == 15\n    assert candidate(4) == 56\n    assert candidate(1) == 1\n\ndef test_check():\n    check(sum_Of_product)\n\ntest_check()\n",
      "timestamp": 1665510313,
      "stdout": "",
      "stderr": "Traceback (most recent call last):\n  File \"/tmp/tmpcczu7s6a.py\", line 19, in <module>\n    test_check()\n  File \"/tmp/tmpcczu7s6a.py\", line 17, in test_check\n    check(sum_Of_product)\n  File \"/tmp/tmpcczu7s6a.py\", line 12, in check\n    assert candidate(3) == 15\n  File \"/tmp/tmpcczu7s6a.py\", line 7, in sum_Of_product\n    sum += (binomial_coefficient(n, i) * binomial_coefficient(n, i + 1))\nNameError: name 'binomial_coefficient' is not defined\n",
      "exit_code": 1,
      "status": "Exception"
    },
    {
      "program": "def sum_Of_product(n: int) -> int:\n    \"\"\"\n\tWrite a python function to find the sum of the product of consecutive binomial co-efficients.\n\t\"\"\"\n    sum = 0\n    for i in range(1, n + 1):\n        sum += binomial_coefficient(n, i) * binomial_coefficient(n, i + 1)\n    return sum\n\n\ndef check(candidate):\n    assert candidate(3) == 15\n    assert candidate(4) == 56\n    assert candidate(1) == 1\n\ndef test_check():\n    check(sum_Of_product)\n\ntest_check()\n",
      "timestamp": 1665510313,
      "stdout": "",
      "stderr": "Traceback (most recent call last):\n  File \"/tmp/tmp28x5smfj.py\", line 19, in <module>\n    test_check()\n  File \"/tmp/tmp28x5smfj.py\", line 17, in test_check\n    check(sum_Of_product)\n  File \"/tmp/tmp28x5smfj.py\", line 12, in check\n    assert candidate(3) == 15\n  File \"/tmp/tmp28x5smfj.py\", line 7, in sum_Of_product\n    sum += binomial_coefficient(n, i) * binomial_coefficient(n, i + 1)\nNameError: name 'binomial_coefficient' is not defined\n",
      "exit_code": 1,
      "status": "Exception"
    },
    {
      "program": "def sum_Of_product(n: int) -> int:\n    \"\"\"\n\tWrite a python function to find the sum of the product of consecutive binomial co-efficients.\n\t\"\"\"\n    sum = 0\n    for i in range(1, n + 1):\n        sum += binomial_coefficient(n, i) * binomial_coefficient(n, i + 1)\n    return sum\n\n\ndef check(candidate):\n    assert candidate(3) == 15\n    assert candidate(4) == 56\n    assert candidate(1) == 1\n\ndef test_check():\n    check(sum_Of_product)\n\ntest_check()\n",
      "timestamp": 1665510313,
      "stdout": "",
      "stderr": "Traceback (most recent call last):\n  File \"/tmp/tmp28x5smfj.py\", line 19, in <module>\n    test_check()\n  File \"/tmp/tmp28x5smfj.py\", line 17, in test_check\n    check(sum_Of_product)\n  File \"/tmp/tmp28x5smfj.py\", line 12, in check\n    assert candidate(3) == 15\n  File \"/tmp/tmp28x5smfj.py\", line 7, in sum_Of_product\n    sum += binomial_coefficient(n, i) * binomial_coefficient(n, i + 1)\nNameError: name 'binomial_coefficient' is not defined\n",
      "exit_code": 1,
      "status": "Exception"
    },
    {
      "program": "def sum_Of_product(n: int) -> int:\n    \"\"\"\n\tWrite a python function to find the sum of the product of consecutive binomial co-efficients.\n\t\"\"\"\n    sum = 0\n    for i in range(1, n + 1):\n        sum += binomial_coefficient(n, i) * binomial_coefficient(n, i + 1)\n    return sum\n\n\ndef check(candidate):\n    assert candidate(3) == 15\n    assert candidate(4) == 56\n    assert candidate(1) == 1\n\ndef test_check():\n    check(sum_Of_product)\n\ntest_check()\n",
      "timestamp": 1665510313,
      "stdout": "",
      "stderr": "Traceback (most recent call last):\n  File \"/tmp/tmp28x5smfj.py\", line 19, in <module>\n    test_check()\n  File \"/tmp/tmp28x5smfj.py\", line 17, in test_check\n    check(sum_Of_product)\n  File \"/tmp/tmp28x5smfj.py\", line 12, in check\n    assert candidate(3) == 15\n  File \"/tmp/tmp28x5smfj.py\", line 7, in sum_Of_product\n    sum += binomial_coefficient(n, i) * binomial_coefficient(n, i + 1)\nNameError: name 'binomial_coefficient' is not defined\n",
      "exit_code": 1,
      "status": "Exception"
    },
    {
      "program": "def sum_Of_product(n: int) -> int:\n    \"\"\"\n\tWrite a python function to find the sum of the product of consecutive binomial co-efficients.\n\t\"\"\"\n    sum = 0\n    for i in range(1, n + 1):\n        sum += binomial_coefficient(n, i) * binomial_coefficient(n, i + 1)\n    return sum\n\n\ndef check(candidate):\n    assert candidate(3) == 15\n    assert candidate(4) == 56\n    assert candidate(1) == 1\n\ndef test_check():\n    check(sum_Of_product)\n\ntest_check()\n",
      "timestamp": 1665510313,
      "stdout": "",
      "stderr": "Traceback (most recent call last):\n  File \"/tmp/tmp28x5smfj.py\", line 19, in <module>\n    test_check()\n  File \"/tmp/tmp28x5smfj.py\", line 17, in test_check\n    check(sum_Of_product)\n  File \"/tmp/tmp28x5smfj.py\", line 12, in check\n    assert candidate(3) == 15\n  File \"/tmp/tmp28x5smfj.py\", line 7, in sum_Of_product\n    sum += binomial_coefficient(n, i) * binomial_coefficient(n, i + 1)\nNameError: name 'binomial_coefficient' is not defined\n",
      "exit_code": 1,
      "status": "Exception"
    },
    {
      "program": "def sum_Of_product(n: int) -> int:\n    \"\"\"\n\tWrite a python function to find the sum of the product of consecutive binomial co-efficients.\n\t\"\"\"\n    sum = 0\n    for i in range(1, n + 1):\n        sum += nCr(n, i) * nCr(n, i + 1)\n    return sum\n\n\ndef check(candidate):\n    assert candidate(3) == 15\n    assert candidate(4) == 56\n    assert candidate(1) == 1\n\ndef test_check():\n    check(sum_Of_product)\n\ntest_check()\n",
      "timestamp": 1665510313,
      "stdout": "",
      "stderr": "Traceback (most recent call last):\n  File \"/tmp/tmppni0je0w.py\", line 19, in <module>\n    test_check()\n  File \"/tmp/tmppni0je0w.py\", line 17, in test_check\n    check(sum_Of_product)\n  File \"/tmp/tmppni0je0w.py\", line 12, in check\n    assert candidate(3) == 15\n  File \"/tmp/tmppni0je0w.py\", line 7, in sum_Of_product\n    sum += nCr(n, i) * nCr(n, i + 1)\nNameError: name 'nCr' is not defined\n",
      "exit_code": 1,
      "status": "Exception"
    },
    {
      "program": "def sum_Of_product(n: int) -> int:\n    \"\"\"\n\tWrite a python function to find the sum of the product of consecutive binomial co-efficients.\n\t\"\"\"\n    sum = 0\n    for i in range(1, n + 1):\n        sum += binomial_coefficient(n, i) * binomial_coefficient(n, i + 1)\n    return sum\n\n\ndef check(candidate):\n    assert candidate(3) == 15\n    assert candidate(4) == 56\n    assert candidate(1) == 1\n\ndef test_check():\n    check(sum_Of_product)\n\ntest_check()\n",
      "timestamp": 1665510313,
      "stdout": "",
      "stderr": "Traceback (most recent call last):\n  File \"/tmp/tmp28x5smfj.py\", line 19, in <module>\n    test_check()\n  File \"/tmp/tmp28x5smfj.py\", line 17, in test_check\n    check(sum_Of_product)\n  File \"/tmp/tmp28x5smfj.py\", line 12, in check\n    assert candidate(3) == 15\n  File \"/tmp/tmp28x5smfj.py\", line 7, in sum_Of_product\n    sum += binomial_coefficient(n, i) * binomial_coefficient(n, i + 1)\nNameError: name 'binomial_coefficient' is not defined\n",
      "exit_code": 1,
      "status": "Exception"
    },
    {
      "program": "def sum_Of_product(n: int) -> int:\n    \"\"\"\n\tWrite a python function to find the sum of the product of consecutive binomial co-efficients.\n\t\"\"\"\n    sum = 0\n    for i in range(1, n + 1):\n        sum += binomial_coefficient(n, i) * binomial_coefficient(n, i + 1)\n    return sum\n\n\ndef check(candidate):\n    assert candidate(3) == 15\n    assert candidate(4) == 56\n    assert candidate(1) == 1\n\ndef test_check():\n    check(sum_Of_product)\n\ntest_check()\n",
      "timestamp": 1665510313,
      "stdout": "",
      "stderr": "Traceback (most recent call last):\n  File \"/tmp/tmp28x5smfj.py\", line 19, in <module>\n    test_check()\n  File \"/tmp/tmp28x5smfj.py\", line 17, in test_check\n    check(sum_Of_product)\n  File \"/tmp/tmp28x5smfj.py\", line 12, in check\n    assert candidate(3) == 15\n  File \"/tmp/tmp28x5smfj.py\", line 7, in sum_Of_product\n    sum += binomial_coefficient(n, i) * binomial_coefficient(n, i + 1)\nNameError: name 'binomial_coefficient' is not defined\n",
      "exit_code": 1,
      "status": "Exception"
    },
    {
      "program": "def sum_Of_product(n: int) -> int:\n    \"\"\"\n\tWrite a python function to find the sum of the product of consecutive binomial co-efficients.\n\t\"\"\"\n    sum = 0\n    for i in range(1, n + 1):\n        sum += (factorial(n) / (factorial(i) * factorial(n - i))) * (factorial(n) / (factorial(i + 1) * factorial(n - i - 1)))\n    return sum\n\n\ndef check(candidate):\n    assert candidate(3) == 15\n    assert candidate(4) == 56\n    assert candidate(1) == 1\n\ndef test_check():\n    check(sum_Of_product)\n\ntest_check()\n",
      "timestamp": 1665510313,
      "stdout": "",
      "stderr": "Traceback (most recent call last):\n  File \"/tmp/tmpnajb98ov.py\", line 19, in <module>\n    test_check()\n  File \"/tmp/tmpnajb98ov.py\", line 17, in test_check\n    check(sum_Of_product)\n  File \"/tmp/tmpnajb98ov.py\", line 12, in check\n    assert candidate(3) == 15\n  File \"/tmp/tmpnajb98ov.py\", line 7, in sum_Of_product\n    sum += (factorial(n) / (factorial(i) * factorial(n - i))) * (factorial(n) / (factorial(i + 1) * factorial(n - i - 1)))\nNameError: name 'factorial' is not defined\n",
      "exit_code": 1,
      "status": "Exception"
    },
    {
      "program": "def sum_Of_product(n: int) -> int:\n    \"\"\"\n\tWrite a python function to find the sum of the product of consecutive binomial co-efficients.\n\t\"\"\"\n    sum = 0\n    for i in range(1, n + 1):\n        sum += binomial_coefficient(n, i) * binomial_coefficient(n, i + 1)\n    return sum\n\n\ndef check(candidate):\n    assert candidate(3) == 15\n    assert candidate(4) == 56\n    assert candidate(1) == 1\n\ndef test_check():\n    check(sum_Of_product)\n\ntest_check()\n",
      "timestamp": 1665510313,
      "stdout": "",
      "stderr": "Traceback (most recent call last):\n  File \"/tmp/tmp28x5smfj.py\", line 19, in <module>\n    test_check()\n  File \"/tmp/tmp28x5smfj.py\", line 17, in test_check\n    check(sum_Of_product)\n  File \"/tmp/tmp28x5smfj.py\", line 12, in check\n    assert candidate(3) == 15\n  File \"/tmp/tmp28x5smfj.py\", line 7, in sum_Of_product\n    sum += binomial_coefficient(n, i) * binomial_coefficient(n, i + 1)\nNameError: name 'binomial_coefficient' is not defined\n",
      "exit_code": 1,
      "status": "Exception"
    },
    {
      "program": "def sum_Of_product(n: int) -> int:\n    \"\"\"\n\tWrite a python function to find the sum of the product of consecutive binomial co-efficients.\n\t\"\"\"\n    return sum(binomial_coefficient(n, i) * binomial_coefficient(n, i + 1) for i in range(n))\n\n\ndef check(candidate):\n    assert candidate(3) == 15\n    assert candidate(4) == 56\n    assert candidate(1) == 1\n\ndef test_check():\n    check(sum_Of_product)\n\ntest_check()\n",
      "timestamp": 1665510313,
      "stdout": "",
      "stderr": "Traceback (most recent call last):\n  File \"/tmp/tmpbegw44z_.py\", line 16, in <module>\n    test_check()\n  File \"/tmp/tmpbegw44z_.py\", line 14, in test_check\n    check(sum_Of_product)\n  File \"/tmp/tmpbegw44z_.py\", line 9, in check\n    assert candidate(3) == 15\n  File \"/tmp/tmpbegw44z_.py\", line 5, in sum_Of_product\n    return sum(binomial_coefficient(n, i) * binomial_coefficient(n, i + 1) for i in range(n))\n  File \"/tmp/tmpbegw44z_.py\", line 5, in <genexpr>\n    return sum(binomial_coefficient(n, i) * binomial_coefficient(n, i + 1) for i in range(n))\nNameError: name 'binomial_coefficient' is not defined\n",
      "exit_code": 1,
      "status": "Exception"
    },
    {
      "program": "def sum_Of_product(n: int) -> int:\n    \"\"\"\n\tWrite a python function to find the sum of the product of consecutive binomial co-efficients.\n\t\"\"\"\n    if n < 0:\n        return 0\n    sum = 0\n    for i in range(1, n + 1):\n        sum += binomial_coefficient(n, i) * i\n    return sum\n\n\ndef check(candidate):\n    assert candidate(3) == 15\n    assert candidate(4) == 56\n    assert candidate(1) == 1\n\ndef test_check():\n    check(sum_Of_product)\n\ntest_check()\n",
      "timestamp": 1666123389,
      "stdout": "",
      "stderr": "Traceback (most recent call last):\n  File \"/tmp/tmp1faqntat.py\", line 21, in <module>\n    test_check()\n  File \"/tmp/tmp1faqntat.py\", line 19, in test_check\n    check(sum_Of_product)\n  File \"/tmp/tmp1faqntat.py\", line 14, in check\n    assert candidate(3) == 15\n  File \"/tmp/tmp1faqntat.py\", line 9, in sum_Of_product\n    sum += binomial_coefficient(n, i) * i\nNameError: name 'binomial_coefficient' is not defined\n",
      "exit_code": 1,
      "status": "Exception"
    },
    {
      "program": "def sum_Of_product(n: int) -> int:\n    \"\"\"\n\tWrite a python function to find the sum of the product of consecutive binomial co-efficients.\n\t\"\"\"\n    sum = 0\n    for i in range(1, n + 1):\n        sum += binomial_coefficient(n, i) * binomial_coefficient(n, i + 1)\n    return sum\n\n\ndef check(candidate):\n    assert candidate(3) == 15\n    assert candidate(4) == 56\n    assert candidate(1) == 1\n\ndef test_check():\n    check(sum_Of_product)\n\ntest_check()\n",
      "timestamp": 1665510313,
      "stdout": "",
      "stderr": "Traceback (most recent call last):\n  File \"/tmp/tmp28x5smfj.py\", line 19, in <module>\n    test_check()\n  File \"/tmp/tmp28x5smfj.py\", line 17, in test_check\n    check(sum_Of_product)\n  File \"/tmp/tmp28x5smfj.py\", line 12, in check\n    assert candidate(3) == 15\n  File \"/tmp/tmp28x5smfj.py\", line 7, in sum_Of_product\n    sum += binomial_coefficient(n, i) * binomial_coefficient(n, i + 1)\nNameError: name 'binomial_coefficient' is not defined\n",
      "exit_code": 1,
      "status": "Exception"
    },
    {
      "program": "def sum_Of_product(n: int) -> int:\n    \"\"\"\n\tWrite a python function to find the sum of the product of consecutive binomial co-efficients.\n\t\"\"\"\n    sum_of_product = 0\n    for i in range(1, n + 1):\n        sum_of_product += (binomial_coefficient(n, i) * binomial_coefficient(n, i + 1))\n    return sum_of_product\n\n\ndef check(candidate):\n    assert candidate(3) == 15\n    assert candidate(4) == 56\n    assert candidate(1) == 1\n\ndef test_check():\n    check(sum_Of_product)\n\ntest_check()\n",
      "timestamp": 1666123389,
      "stdout": "",
      "stderr": "Traceback (most recent call last):\n  File \"/tmp/tmp1ptywx3s.py\", line 19, in <module>\n    test_check()\n  File \"/tmp/tmp1ptywx3s.py\", line 17, in test_check\n    check(sum_Of_product)\n  File \"/tmp/tmp1ptywx3s.py\", line 12, in check\n    assert candidate(3) == 15\n  File \"/tmp/tmp1ptywx3s.py\", line 7, in sum_Of_product\n    sum_of_product += (binomial_coefficient(n, i) * binomial_coefficient(n, i + 1))\nNameError: name 'binomial_coefficient' is not defined\n",
      "exit_code": 1,
      "status": "Exception"
    },
    {
      "program": "def sum_Of_product(n: int) -> int:\n    \"\"\"\n\tWrite a python function to find the sum of the product of consecutive binomial co-efficients.\n\t\"\"\"\n    sum = 0\n    for i in range(1, n + 1):\n        sum += binomial_coefficient(n, i) * binomial_coefficient(n, i + 1)\n    return sum\n\n\ndef check(candidate):\n    assert candidate(3) == 15\n    assert candidate(4) == 56\n    assert candidate(1) == 1\n\ndef test_check():\n    check(sum_Of_product)\n\ntest_check()\n",
      "timestamp": 1665510313,
      "stdout": "",
      "stderr": "Traceback (most recent call last):\n  File \"/tmp/tmp28x5smfj.py\", line 19, in <module>\n    test_check()\n  File \"/tmp/tmp28x5smfj.py\", line 17, in test_check\n    check(sum_Of_product)\n  File \"/tmp/tmp28x5smfj.py\", line 12, in check\n    assert candidate(3) == 15\n  File \"/tmp/tmp28x5smfj.py\", line 7, in sum_Of_product\n    sum += binomial_coefficient(n, i) * binomial_coefficient(n, i + 1)\nNameError: name 'binomial_coefficient' is not defined\n",
      "exit_code": 1,
      "status": "Exception"
    },
    {
      "program": "def sum_Of_product(n: int) -> int:\n    \"\"\"\n\tWrite a python function to find the sum of the product of consecutive binomial co-efficients.\n\t\"\"\"\n    if n < 0:\n        return None\n    else:\n        sum = 0\n        for i in range(1, n + 1):\n            sum += (factorial(n) / (factorial(i) * factorial(n - i))) * (factorial(n) / (factorial(i + 1) * factorial(n - i - 1)))\n        return int(sum)\n\n\ndef check(candidate):\n    assert candidate(3) == 15\n    assert candidate(4) == 56\n    assert candidate(1) == 1\n\ndef test_check():\n    check(sum_Of_product)\n\ntest_check()\n",
      "timestamp": 1666123389,
      "stdout": "",
      "stderr": "Traceback (most recent call last):\n  File \"/tmp/tmpzbjnxr_i.py\", line 22, in <module>\n    test_check()\n  File \"/tmp/tmpzbjnxr_i.py\", line 20, in test_check\n    check(sum_Of_product)\n  File \"/tmp/tmpzbjnxr_i.py\", line 15, in check\n    assert candidate(3) == 15\n  File \"/tmp/tmpzbjnxr_i.py\", line 10, in sum_Of_product\n    sum += (factorial(n) / (factorial(i) * factorial(n - i))) * (factorial(n) / (factorial(i + 1) * factorial(n - i - 1)))\nNameError: name 'factorial' is not defined\n",
      "exit_code": 1,
      "status": "Exception"
    },
    {
      "program": "def sum_Of_product(n: int) -> int:\n    \"\"\"\n\tWrite a python function to find the sum of the product of consecutive binomial co-efficients.\n\t\"\"\"\n    sum = 0\n    for i in range(1, n+1):\n        sum += binomial_coefficient(n, i) * i\n    return sum\n\n\ndef check(candidate):\n    assert candidate(3) == 15\n    assert candidate(4) == 56\n    assert candidate(1) == 1\n\ndef test_check():\n    check(sum_Of_product)\n\ntest_check()\n",
      "timestamp": 1666123389,
      "stdout": "",
      "stderr": "Traceback (most recent call last):\n  File \"/tmp/tmpkdxkuqe1.py\", line 19, in <module>\n    test_check()\n  File \"/tmp/tmpkdxkuqe1.py\", line 17, in test_check\n    check(sum_Of_product)\n  File \"/tmp/tmpkdxkuqe1.py\", line 12, in check\n    assert candidate(3) == 15\n  File \"/tmp/tmpkdxkuqe1.py\", line 7, in sum_Of_product\n    sum += binomial_coefficient(n, i) * i\nNameError: name 'binomial_coefficient' is not defined\n",
      "exit_code": 1,
      "status": "Exception"
    },
    {
      "program": "def sum_Of_product(n: int) -> int:\n    \"\"\"\n\tWrite a python function to find the sum of the product of consecutive binomial co-efficients.\n\t\"\"\"\n    sum = 0\n    for i in range(1, n + 1):\n        sum += binomial_coefficient(n, i) * binomial_coefficient(n, i + 1)\n    return sum\n\n\ndef check(candidate):\n    assert candidate(3) == 15\n    assert candidate(4) == 56\n    assert candidate(1) == 1\n\ndef test_check():\n    check(sum_Of_product)\n\ntest_check()\n",
      "timestamp": 1665510313,
      "stdout": "",
      "stderr": "Traceback (most recent call last):\n  File \"/tmp/tmp28x5smfj.py\", line 19, in <module>\n    test_check()\n  File \"/tmp/tmp28x5smfj.py\", line 17, in test_check\n    check(sum_Of_product)\n  File \"/tmp/tmp28x5smfj.py\", line 12, in check\n    assert candidate(3) == 15\n  File \"/tmp/tmp28x5smfj.py\", line 7, in sum_Of_product\n    sum += binomial_coefficient(n, i) * binomial_coefficient(n, i + 1)\nNameError: name 'binomial_coefficient' is not defined\n",
      "exit_code": 1,
      "status": "Exception"
    },
    {
      "program": "def sum_Of_product(n: int) -> int:\n    \"\"\"\n\tWrite a python function to find the sum of the product of consecutive binomial co-efficients.\n\t\"\"\"\n    return sum(binomial_coefficient(n, i) * binomial_coefficient(n, i + 1) for i in range(n))\n\n\ndef check(candidate):\n    assert candidate(3) == 15\n    assert candidate(4) == 56\n    assert candidate(1) == 1\n\ndef test_check():\n    check(sum_Of_product)\n\ntest_check()\n",
      "timestamp": 1665510313,
      "stdout": "",
      "stderr": "Traceback (most recent call last):\n  File \"/tmp/tmpbegw44z_.py\", line 16, in <module>\n    test_check()\n  File \"/tmp/tmpbegw44z_.py\", line 14, in test_check\n    check(sum_Of_product)\n  File \"/tmp/tmpbegw44z_.py\", line 9, in check\n    assert candidate(3) == 15\n  File \"/tmp/tmpbegw44z_.py\", line 5, in sum_Of_product\n    return sum(binomial_coefficient(n, i) * binomial_coefficient(n, i + 1) for i in range(n))\n  File \"/tmp/tmpbegw44z_.py\", line 5, in <genexpr>\n    return sum(binomial_coefficient(n, i) * binomial_coefficient(n, i + 1) for i in range(n))\nNameError: name 'binomial_coefficient' is not defined\n",
      "exit_code": 1,
      "status": "Exception"
    },
    {
      "program": "def sum_Of_product(n: int) -> int:\n    \"\"\"\n\tWrite a python function to find the sum of the product of consecutive binomial co-efficients.\n\t\"\"\"\n    sum = 0\n    for i in range(1, n + 1):\n        sum += binomial_coefficient(n, i) * binomial_coefficient(n, i + 1)\n    return sum\n\n\ndef check(candidate):\n    assert candidate(3) == 15\n    assert candidate(4) == 56\n    assert candidate(1) == 1\n\ndef test_check():\n    check(sum_Of_product)\n\ntest_check()\n",
      "timestamp": 1665510313,
      "stdout": "",
      "stderr": "Traceback (most recent call last):\n  File \"/tmp/tmp28x5smfj.py\", line 19, in <module>\n    test_check()\n  File \"/tmp/tmp28x5smfj.py\", line 17, in test_check\n    check(sum_Of_product)\n  File \"/tmp/tmp28x5smfj.py\", line 12, in check\n    assert candidate(3) == 15\n  File \"/tmp/tmp28x5smfj.py\", line 7, in sum_Of_product\n    sum += binomial_coefficient(n, i) * binomial_coefficient(n, i + 1)\nNameError: name 'binomial_coefficient' is not defined\n",
      "exit_code": 1,
      "status": "Exception"
    },
    {
      "program": "def sum_Of_product(n: int) -> int:\n    \"\"\"\n\tWrite a python function to find the sum of the product of consecutive binomial co-efficients.\n\t\"\"\"\n    sum = 0\n    for i in range(1, n + 1):\n        sum += nCr(n, i) * nCr(n, i + 1)\n    return sum\n\n\ndef check(candidate):\n    assert candidate(3) == 15\n    assert candidate(4) == 56\n    assert candidate(1) == 1\n\ndef test_check():\n    check(sum_Of_product)\n\ntest_check()\n",
      "timestamp": 1665510313,
      "stdout": "",
      "stderr": "Traceback (most recent call last):\n  File \"/tmp/tmppni0je0w.py\", line 19, in <module>\n    test_check()\n  File \"/tmp/tmppni0je0w.py\", line 17, in test_check\n    check(sum_Of_product)\n  File \"/tmp/tmppni0je0w.py\", line 12, in check\n    assert candidate(3) == 15\n  File \"/tmp/tmppni0je0w.py\", line 7, in sum_Of_product\n    sum += nCr(n, i) * nCr(n, i + 1)\nNameError: name 'nCr' is not defined\n",
      "exit_code": 1,
      "status": "Exception"
    },
    {
      "program": "def sum_Of_product(n: int) -> int:\n    \"\"\"\n\tWrite a python function to find the sum of the product of consecutive binomial co-efficients.\n\t\"\"\"\n    sum = 0\n    for i in range(1, n + 1):\n        sum += binomial_coefficient(n, i) * binomial_coefficient(n, i + 1)\n    return sum\n\n\ndef check(candidate):\n    assert candidate(3) == 15\n    assert candidate(4) == 56\n    assert candidate(1) == 1\n\ndef test_check():\n    check(sum_Of_product)\n\ntest_check()\n",
      "timestamp": 1665510313,
      "stdout": "",
      "stderr": "Traceback (most recent call last):\n  File \"/tmp/tmp28x5smfj.py\", line 19, in <module>\n    test_check()\n  File \"/tmp/tmp28x5smfj.py\", line 17, in test_check\n    check(sum_Of_product)\n  File \"/tmp/tmp28x5smfj.py\", line 12, in check\n    assert candidate(3) == 15\n  File \"/tmp/tmp28x5smfj.py\", line 7, in sum_Of_product\n    sum += binomial_coefficient(n, i) * binomial_coefficient(n, i + 1)\nNameError: name 'binomial_coefficient' is not defined\n",
      "exit_code": 1,
      "status": "Exception"
    },
    {
      "program": "def sum_Of_product(n: int) -> int:\n    \"\"\"\n\tWrite a python function to find the sum of the product of consecutive binomial co-efficients.\n\t\"\"\"\n    sum = 0\n    for i in range(1, n + 1):\n        sum += binomial_coefficient(n, i) * binomial_coefficient(n, i + 1)\n    return sum\n\n\ndef check(candidate):\n    assert candidate(3) == 15\n    assert candidate(4) == 56\n    assert candidate(1) == 1\n\ndef test_check():\n    check(sum_Of_product)\n\ntest_check()\n",
      "timestamp": 1665510313,
      "stdout": "",
      "stderr": "Traceback (most recent call last):\n  File \"/tmp/tmp28x5smfj.py\", line 19, in <module>\n    test_check()\n  File \"/tmp/tmp28x5smfj.py\", line 17, in test_check\n    check(sum_Of_product)\n  File \"/tmp/tmp28x5smfj.py\", line 12, in check\n    assert candidate(3) == 15\n  File \"/tmp/tmp28x5smfj.py\", line 7, in sum_Of_product\n    sum += binomial_coefficient(n, i) * binomial_coefficient(n, i + 1)\nNameError: name 'binomial_coefficient' is not defined\n",
      "exit_code": 1,
      "status": "Exception"
    },
    {
      "program": "def sum_Of_product(n: int) -> int:\n    \"\"\"\n\tWrite a python function to find the sum of the product of consecutive binomial co-efficients.\n\t\"\"\"\n    sum = 0\n    for i in range(1, n + 1):\n        sum += binomial_coefficient(n, i) * binomial_coefficient(n, i + 1)\n    return sum\n\n\ndef check(candidate):\n    assert candidate(3) == 15\n    assert candidate(4) == 56\n    assert candidate(1) == 1\n\ndef test_check():\n    check(sum_Of_product)\n\ntest_check()\n",
      "timestamp": 1665510313,
      "stdout": "",
      "stderr": "Traceback (most recent call last):\n  File \"/tmp/tmp28x5smfj.py\", line 19, in <module>\n    test_check()\n  File \"/tmp/tmp28x5smfj.py\", line 17, in test_check\n    check(sum_Of_product)\n  File \"/tmp/tmp28x5smfj.py\", line 12, in check\n    assert candidate(3) == 15\n  File \"/tmp/tmp28x5smfj.py\", line 7, in sum_Of_product\n    sum += binomial_coefficient(n, i) * binomial_coefficient(n, i + 1)\nNameError: name 'binomial_coefficient' is not defined\n",
      "exit_code": 1,
      "status": "Exception"
    },
    {
      "program": "def sum_Of_product(n: int) -> int:\n    \"\"\"\n\tWrite a python function to find the sum of the product of consecutive binomial co-efficients.\n\t\"\"\"\n    sum = 0\n    for i in range(1, n + 1):\n        sum += binomial_coefficient(n, i) * binomial_coefficient(n, i + 1)\n    return sum\n\n\ndef check(candidate):\n    assert candidate(3) == 15\n    assert candidate(4) == 56\n    assert candidate(1) == 1\n\ndef test_check():\n    check(sum_Of_product)\n\ntest_check()\n",
      "timestamp": 1665510313,
      "stdout": "",
      "stderr": "Traceback (most recent call last):\n  File \"/tmp/tmp28x5smfj.py\", line 19, in <module>\n    test_check()\n  File \"/tmp/tmp28x5smfj.py\", line 17, in test_check\n    check(sum_Of_product)\n  File \"/tmp/tmp28x5smfj.py\", line 12, in check\n    assert candidate(3) == 15\n  File \"/tmp/tmp28x5smfj.py\", line 7, in sum_Of_product\n    sum += binomial_coefficient(n, i) * binomial_coefficient(n, i + 1)\nNameError: name 'binomial_coefficient' is not defined\n",
      "exit_code": 1,
      "status": "Exception"
    },
    {
      "program": "def sum_Of_product(n: int) -> int:\n    \"\"\"\n\tWrite a python function to find the sum of the product of consecutive binomial co-efficients.\n\t\"\"\"\n    sum = 0\n    for i in range(1, n + 1):\n        sum += binomial_coefficient(n, i) * binomial_coefficient(n, i + 1)\n    return sum\n\n\ndef check(candidate):\n    assert candidate(3) == 15\n    assert candidate(4) == 56\n    assert candidate(1) == 1\n\ndef test_check():\n    check(sum_Of_product)\n\ntest_check()\n",
      "timestamp": 1665510313,
      "stdout": "",
      "stderr": "Traceback (most recent call last):\n  File \"/tmp/tmp28x5smfj.py\", line 19, in <module>\n    test_check()\n  File \"/tmp/tmp28x5smfj.py\", line 17, in test_check\n    check(sum_Of_product)\n  File \"/tmp/tmp28x5smfj.py\", line 12, in check\n    assert candidate(3) == 15\n  File \"/tmp/tmp28x5smfj.py\", line 7, in sum_Of_product\n    sum += binomial_coefficient(n, i) * binomial_coefficient(n, i + 1)\nNameError: name 'binomial_coefficient' is not defined\n",
      "exit_code": 1,
      "status": "Exception"
    },
    {
      "program": "def sum_Of_product(n: int) -> int:\n    \"\"\"\n\tWrite a python function to find the sum of the product of consecutive binomial co-efficients.\n\t\"\"\"\n    sum = 0\n    for i in range(1, n + 1):\n        sum += (factorial(n) / (factorial(i) * factorial(n - i))) * (factorial(n) / (factorial(i + 1) * factorial(n - i - 1)))\n    return sum\n\n\ndef check(candidate):\n    assert candidate(3) == 15\n    assert candidate(4) == 56\n    assert candidate(1) == 1\n\ndef test_check():\n    check(sum_Of_product)\n\ntest_check()\n",
      "timestamp": 1665510313,
      "stdout": "",
      "stderr": "Traceback (most recent call last):\n  File \"/tmp/tmpnajb98ov.py\", line 19, in <module>\n    test_check()\n  File \"/tmp/tmpnajb98ov.py\", line 17, in test_check\n    check(sum_Of_product)\n  File \"/tmp/tmpnajb98ov.py\", line 12, in check\n    assert candidate(3) == 15\n  File \"/tmp/tmpnajb98ov.py\", line 7, in sum_Of_product\n    sum += (factorial(n) / (factorial(i) * factorial(n - i))) * (factorial(n) / (factorial(i + 1) * factorial(n - i - 1)))\nNameError: name 'factorial' is not defined\n",
      "exit_code": 1,
      "status": "Exception"
    },
    {
      "program": "def sum_Of_product(n: int) -> int:\n    \"\"\"\n\tWrite a python function to find the sum of the product of consecutive binomial co-efficients.\n\t\"\"\"\n    sum = 0\n    for i in range(1, n + 1):\n        sum += binomial_coefficient(n, i) * binomial_coefficient(n, i + 1)\n    return sum\n\n\ndef check(candidate):\n    assert candidate(3) == 15\n    assert candidate(4) == 56\n    assert candidate(1) == 1\n\ndef test_check():\n    check(sum_Of_product)\n\ntest_check()\n",
      "timestamp": 1665510313,
      "stdout": "",
      "stderr": "Traceback (most recent call last):\n  File \"/tmp/tmp28x5smfj.py\", line 19, in <module>\n    test_check()\n  File \"/tmp/tmp28x5smfj.py\", line 17, in test_check\n    check(sum_Of_product)\n  File \"/tmp/tmp28x5smfj.py\", line 12, in check\n    assert candidate(3) == 15\n  File \"/tmp/tmp28x5smfj.py\", line 7, in sum_Of_product\n    sum += binomial_coefficient(n, i) * binomial_coefficient(n, i + 1)\nNameError: name 'binomial_coefficient' is not defined\n",
      "exit_code": 1,
      "status": "Exception"
    },
    {
      "program": "def sum_Of_product(n: int) -> int:\n    \"\"\"\n\tWrite a python function to find the sum of the product of consecutive binomial co-efficients.\n\t\"\"\"\n    sum = 0\n    for i in range(1, n + 1):\n        sum += binomial_coefficient(n, i) * binomial_coefficient(n, i + 1)\n    return sum\n\n\ndef check(candidate):\n    assert candidate(3) == 15\n    assert candidate(4) == 56\n    assert candidate(1) == 1\n\ndef test_check():\n    check(sum_Of_product)\n\ntest_check()\n",
      "timestamp": 1665510313,
      "stdout": "",
      "stderr": "Traceback (most recent call last):\n  File \"/tmp/tmp28x5smfj.py\", line 19, in <module>\n    test_check()\n  File \"/tmp/tmp28x5smfj.py\", line 17, in test_check\n    check(sum_Of_product)\n  File \"/tmp/tmp28x5smfj.py\", line 12, in check\n    assert candidate(3) == 15\n  File \"/tmp/tmp28x5smfj.py\", line 7, in sum_Of_product\n    sum += binomial_coefficient(n, i) * binomial_coefficient(n, i + 1)\nNameError: name 'binomial_coefficient' is not defined\n",
      "exit_code": 1,
      "status": "Exception"
    },
    {
      "program": "def sum_Of_product(n: int) -> int:\n    \"\"\"\n\tWrite a python function to find the sum of the product of consecutive binomial co-efficients.\n\t\"\"\"\n    sum = 0\n    for i in range(1, n + 1):\n        sum += binomial_coefficient(n, i) * binomial_coefficient(n, i + 1)\n    return sum\n\n\ndef check(candidate):\n    assert candidate(3) == 15\n    assert candidate(4) == 56\n    assert candidate(1) == 1\n\ndef test_check():\n    check(sum_Of_product)\n\ntest_check()\n",
      "timestamp": 1665510313,
      "stdout": "",
      "stderr": "Traceback (most recent call last):\n  File \"/tmp/tmp28x5smfj.py\", line 19, in <module>\n    test_check()\n  File \"/tmp/tmp28x5smfj.py\", line 17, in test_check\n    check(sum_Of_product)\n  File \"/tmp/tmp28x5smfj.py\", line 12, in check\n    assert candidate(3) == 15\n  File \"/tmp/tmp28x5smfj.py\", line 7, in sum_Of_product\n    sum += binomial_coefficient(n, i) * binomial_coefficient(n, i + 1)\nNameError: name 'binomial_coefficient' is not defined\n",
      "exit_code": 1,
      "status": "Exception"
    },
    {
      "program": "def sum_Of_product(n: int) -> int:\n    \"\"\"\n\tWrite a python function to find the sum of the product of consecutive binomial co-efficients.\n\t\"\"\"\n    sum = 0\n    for i in range(1, n + 1):\n        sum += binomial_coefficient(n, i) * binomial_coefficient(n, i + 1)\n    return sum\n\n\ndef check(candidate):\n    assert candidate(3) == 15\n    assert candidate(4) == 56\n    assert candidate(1) == 1\n\ndef test_check():\n    check(sum_Of_product)\n\ntest_check()\n",
      "timestamp": 1665510313,
      "stdout": "",
      "stderr": "Traceback (most recent call last):\n  File \"/tmp/tmp28x5smfj.py\", line 19, in <module>\n    test_check()\n  File \"/tmp/tmp28x5smfj.py\", line 17, in test_check\n    check(sum_Of_product)\n  File \"/tmp/tmp28x5smfj.py\", line 12, in check\n    assert candidate(3) == 15\n  File \"/tmp/tmp28x5smfj.py\", line 7, in sum_Of_product\n    sum += binomial_coefficient(n, i) * binomial_coefficient(n, i + 1)\nNameError: name 'binomial_coefficient' is not defined\n",
      "exit_code": 1,
      "status": "Exception"
    },
    {
      "program": "def sum_Of_product(n: int) -> int:\n    \"\"\"\n\tWrite a python function to find the sum of the product of consecutive binomial co-efficients.\n\t\"\"\"\n    sum = 0\n    for i in range(1, n + 1):\n        sum += binomial_coefficient(n, i) * binomial_coefficient(n, i + 1)\n    return sum\n\n\ndef check(candidate):\n    assert candidate(3) == 15\n    assert candidate(4) == 56\n    assert candidate(1) == 1\n\ndef test_check():\n    check(sum_Of_product)\n\ntest_check()\n",
      "timestamp": 1665510313,
      "stdout": "",
      "stderr": "Traceback (most recent call last):\n  File \"/tmp/tmp28x5smfj.py\", line 19, in <module>\n    test_check()\n  File \"/tmp/tmp28x5smfj.py\", line 17, in test_check\n    check(sum_Of_product)\n  File \"/tmp/tmp28x5smfj.py\", line 12, in check\n    assert candidate(3) == 15\n  File \"/tmp/tmp28x5smfj.py\", line 7, in sum_Of_product\n    sum += binomial_coefficient(n, i) * binomial_coefficient(n, i + 1)\nNameError: name 'binomial_coefficient' is not defined\n",
      "exit_code": 1,
      "status": "Exception"
    },
    {
      "program": "def sum_Of_product(n: int) -> int:\n    \"\"\"\n\tWrite a python function to find the sum of the product of consecutive binomial co-efficients.\n\t\"\"\"\n    sum = 0\n    for i in range(1, n + 1):\n        sum += (binomial_coefficient(n, i) * binomial_coefficient(n, i + 1))\n    return sum\n\n\ndef check(candidate):\n    assert candidate(3) == 15\n    assert candidate(4) == 56\n    assert candidate(1) == 1\n\ndef test_check():\n    check(sum_Of_product)\n\ntest_check()\n",
      "timestamp": 1665510313,
      "stdout": "",
      "stderr": "Traceback (most recent call last):\n  File \"/tmp/tmpcczu7s6a.py\", line 19, in <module>\n    test_check()\n  File \"/tmp/tmpcczu7s6a.py\", line 17, in test_check\n    check(sum_Of_product)\n  File \"/tmp/tmpcczu7s6a.py\", line 12, in check\n    assert candidate(3) == 15\n  File \"/tmp/tmpcczu7s6a.py\", line 7, in sum_Of_product\n    sum += (binomial_coefficient(n, i) * binomial_coefficient(n, i + 1))\nNameError: name 'binomial_coefficient' is not defined\n",
      "exit_code": 1,
      "status": "Exception"
    },
    {
      "program": "def sum_Of_product(n: int) -> int:\n    \"\"\"\n\tWrite a python function to find the sum of the product of consecutive binomial co-efficients.\n\t\"\"\"\n    sum = 0\n    for i in range(1, n + 1):\n        sum += (binomial_coefficient(n, i) * binomial_coefficient(n, i + 1))\n    return sum\n\n\ndef check(candidate):\n    assert candidate(3) == 15\n    assert candidate(4) == 56\n    assert candidate(1) == 1\n\ndef test_check():\n    check(sum_Of_product)\n\ntest_check()\n",
      "timestamp": 1665510313,
      "stdout": "",
      "stderr": "Traceback (most recent call last):\n  File \"/tmp/tmpcczu7s6a.py\", line 19, in <module>\n    test_check()\n  File \"/tmp/tmpcczu7s6a.py\", line 17, in test_check\n    check(sum_Of_product)\n  File \"/tmp/tmpcczu7s6a.py\", line 12, in check\n    assert candidate(3) == 15\n  File \"/tmp/tmpcczu7s6a.py\", line 7, in sum_Of_product\n    sum += (binomial_coefficient(n, i) * binomial_coefficient(n, i + 1))\nNameError: name 'binomial_coefficient' is not defined\n",
      "exit_code": 1,
      "status": "Exception"
    },
    {
      "program": "def sum_Of_product(n: int) -> int:\n    \"\"\"\n\tWrite a python function to find the sum of the product of consecutive binomial co-efficients.\n\t\"\"\"\n    sum = 0\n    for i in range(1, n + 1):\n        sum += (factorial(n) / (factorial(i) * factorial(n - i))) * (factorial(n) / (factorial(i + 1) * factorial(n - i - 1)))\n    return sum\n\n\ndef check(candidate):\n    assert candidate(3) == 15\n    assert candidate(4) == 56\n    assert candidate(1) == 1\n\ndef test_check():\n    check(sum_Of_product)\n\ntest_check()\n",
      "timestamp": 1665510313,
      "stdout": "",
      "stderr": "Traceback (most recent call last):\n  File \"/tmp/tmpnajb98ov.py\", line 19, in <module>\n    test_check()\n  File \"/tmp/tmpnajb98ov.py\", line 17, in test_check\n    check(sum_Of_product)\n  File \"/tmp/tmpnajb98ov.py\", line 12, in check\n    assert candidate(3) == 15\n  File \"/tmp/tmpnajb98ov.py\", line 7, in sum_Of_product\n    sum += (factorial(n) / (factorial(i) * factorial(n - i))) * (factorial(n) / (factorial(i + 1) * factorial(n - i - 1)))\nNameError: name 'factorial' is not defined\n",
      "exit_code": 1,
      "status": "Exception"
    },
    {
      "program": "def sum_Of_product(n: int) -> int:\n    \"\"\"\n\tWrite a python function to find the sum of the product of consecutive binomial co-efficients.\n\t\"\"\"\n    sum = 0\n    for i in range(1, n + 1):\n        sum += binomial_coefficient(n, i) * binomial_coefficient(n, i + 1)\n    return sum\n\n\ndef check(candidate):\n    assert candidate(3) == 15\n    assert candidate(4) == 56\n    assert candidate(1) == 1\n\ndef test_check():\n    check(sum_Of_product)\n\ntest_check()\n",
      "timestamp": 1665510313,
      "stdout": "",
      "stderr": "Traceback (most recent call last):\n  File \"/tmp/tmp28x5smfj.py\", line 19, in <module>\n    test_check()\n  File \"/tmp/tmp28x5smfj.py\", line 17, in test_check\n    check(sum_Of_product)\n  File \"/tmp/tmp28x5smfj.py\", line 12, in check\n    assert candidate(3) == 15\n  File \"/tmp/tmp28x5smfj.py\", line 7, in sum_Of_product\n    sum += binomial_coefficient(n, i) * binomial_coefficient(n, i + 1)\nNameError: name 'binomial_coefficient' is not defined\n",
      "exit_code": 1,
      "status": "Exception"
    },
    {
      "program": "def sum_Of_product(n: int) -> int:\n    \"\"\"\n\tWrite a python function to find the sum of the product of consecutive binomial co-efficients.\n\t\"\"\"\n    if n == 0:\n        return 0\n    elif n == 1:\n        return 1\n    else:\n        return n * sum_Of_product(n - 1)\n\n\ndef check(candidate):\n    assert candidate(3) == 15\n    assert candidate(4) == 56\n    assert candidate(1) == 1\n\ndef test_check():\n    check(sum_Of_product)\n\ntest_check()\n",
      "timestamp": 1666123389,
      "stdout": "",
      "stderr": "Traceback (most recent call last):\n  File \"/tmp/tmp0jwuwffn.py\", line 21, in <module>\n    test_check()\n  File \"/tmp/tmp0jwuwffn.py\", line 19, in test_check\n    check(sum_Of_product)\n  File \"/tmp/tmp0jwuwffn.py\", line 14, in check\n    assert candidate(3) == 15\nAssertionError\n",
      "exit_code": 1,
      "status": "Exception"
    },
    {
      "program": "def sum_Of_product(n: int) -> int:\n    \"\"\"\n\tWrite a python function to find the sum of the product of consecutive binomial co-efficients.\n\t\"\"\"\n    sum = 0\n    for i in range(1, n + 1):\n        sum += binomial_coefficient(n, i) * binomial_coefficient(n, i + 1)\n    return sum\n\n\ndef check(candidate):\n    assert candidate(3) == 15\n    assert candidate(4) == 56\n    assert candidate(1) == 1\n\ndef test_check():\n    check(sum_Of_product)\n\ntest_check()\n",
      "timestamp": 1665510313,
      "stdout": "",
      "stderr": "Traceback (most recent call last):\n  File \"/tmp/tmp28x5smfj.py\", line 19, in <module>\n    test_check()\n  File \"/tmp/tmp28x5smfj.py\", line 17, in test_check\n    check(sum_Of_product)\n  File \"/tmp/tmp28x5smfj.py\", line 12, in check\n    assert candidate(3) == 15\n  File \"/tmp/tmp28x5smfj.py\", line 7, in sum_Of_product\n    sum += binomial_coefficient(n, i) * binomial_coefficient(n, i + 1)\nNameError: name 'binomial_coefficient' is not defined\n",
      "exit_code": 1,
      "status": "Exception"
    },
    {
      "program": "def sum_Of_product(n: int) -> int:\n    \"\"\"\n\tWrite a python function to find the sum of the product of consecutive binomial co-efficients.\n\t\"\"\"\n    sum = 0\n    for i in range(1, n + 1):\n        sum += binomial_coefficient(n, i) * binomial_coefficient(n, i + 1)\n    return sum\n\n\ndef check(candidate):\n    assert candidate(3) == 15\n    assert candidate(4) == 56\n    assert candidate(1) == 1\n\ndef test_check():\n    check(sum_Of_product)\n\ntest_check()\n",
      "timestamp": 1665510313,
      "stdout": "",
      "stderr": "Traceback (most recent call last):\n  File \"/tmp/tmp28x5smfj.py\", line 19, in <module>\n    test_check()\n  File \"/tmp/tmp28x5smfj.py\", line 17, in test_check\n    check(sum_Of_product)\n  File \"/tmp/tmp28x5smfj.py\", line 12, in check\n    assert candidate(3) == 15\n  File \"/tmp/tmp28x5smfj.py\", line 7, in sum_Of_product\n    sum += binomial_coefficient(n, i) * binomial_coefficient(n, i + 1)\nNameError: name 'binomial_coefficient' is not defined\n",
      "exit_code": 1,
      "status": "Exception"
    },
    {
      "program": "def sum_Of_product(n: int) -> int:\n    \"\"\"\n\tWrite a python function to find the sum of the product of consecutive binomial co-efficients.\n\t\"\"\"\n    if n < 0:\n        return 0\n    else:\n        return n * (n + 1) // 2\n\n\ndef check(candidate):\n    assert candidate(3) == 15\n    assert candidate(4) == 56\n    assert candidate(1) == 1\n\ndef test_check():\n    check(sum_Of_product)\n\ntest_check()\n",
      "timestamp": 1665510313,
      "stdout": "",
      "stderr": "Traceback (most recent call last):\n  File \"/tmp/tmpcbalt342.py\", line 19, in <module>\n    test_check()\n  File \"/tmp/tmpcbalt342.py\", line 17, in test_check\n    check(sum_Of_product)\n  File \"/tmp/tmpcbalt342.py\", line 12, in check\n    assert candidate(3) == 15\nAssertionError\n",
      "exit_code": 1,
      "status": "Exception"
    },
    {
      "program": "def sum_Of_product(n: int) -> int:\n    \"\"\"\n\tWrite a python function to find the sum of the product of consecutive binomial co-efficients.\n\t\"\"\"\n    sum = 0\n    for i in range(n):\n        sum += binomial_coefficient(n, i) * binomial_coefficient(n, i + 1)\n    return sum\n\n\ndef check(candidate):\n    assert candidate(3) == 15\n    assert candidate(4) == 56\n    assert candidate(1) == 1\n\ndef test_check():\n    check(sum_Of_product)\n\ntest_check()\n",
      "timestamp": 1666123388,
      "stdout": "",
      "stderr": "Traceback (most recent call last):\n  File \"/tmp/tmpw8s99yyl.py\", line 19, in <module>\n    test_check()\n  File \"/tmp/tmpw8s99yyl.py\", line 17, in test_check\n    check(sum_Of_product)\n  File \"/tmp/tmpw8s99yyl.py\", line 12, in check\n    assert candidate(3) == 15\n  File \"/tmp/tmpw8s99yyl.py\", line 7, in sum_Of_product\n    sum += binomial_coefficient(n, i) * binomial_coefficient(n, i + 1)\nNameError: name 'binomial_coefficient' is not defined\n",
      "exit_code": 1,
      "status": "Exception"
    },
    {
      "program": "def sum_Of_product(n: int) -> int:\n    \"\"\"\n\tWrite a python function to find the sum of the product of consecutive binomial co-efficients.\n\t\"\"\"\n    sum = 0\n    for i in range(1, n + 1):\n        sum += binomial_coefficient(n, i) * binomial_coefficient(n, i + 1)\n    return sum\n\n\ndef check(candidate):\n    assert candidate(3) == 15\n    assert candidate(4) == 56\n    assert candidate(1) == 1\n\ndef test_check():\n    check(sum_Of_product)\n\ntest_check()\n",
      "timestamp": 1665510313,
      "stdout": "",
      "stderr": "Traceback (most recent call last):\n  File \"/tmp/tmp28x5smfj.py\", line 19, in <module>\n    test_check()\n  File \"/tmp/tmp28x5smfj.py\", line 17, in test_check\n    check(sum_Of_product)\n  File \"/tmp/tmp28x5smfj.py\", line 12, in check\n    assert candidate(3) == 15\n  File \"/tmp/tmp28x5smfj.py\", line 7, in sum_Of_product\n    sum += binomial_coefficient(n, i) * binomial_coefficient(n, i + 1)\nNameError: name 'binomial_coefficient' is not defined\n",
      "exit_code": 1,
      "status": "Exception"
    },
    {
      "program": "def sum_Of_product(n: int) -> int:\n    \"\"\"\n\tWrite a python function to find the sum of the product of consecutive binomial co-efficients.\n\t\"\"\"\n    sum = 0\n    for i in range(1, n + 1):\n        sum += binomial_coefficient(n, i) * binomial_coefficient(n, i + 1)\n    return sum\n\n\ndef check(candidate):\n    assert candidate(3) == 15\n    assert candidate(4) == 56\n    assert candidate(1) == 1\n\ndef test_check():\n    check(sum_Of_product)\n\ntest_check()\n",
      "timestamp": 1665510313,
      "stdout": "",
      "stderr": "Traceback (most recent call last):\n  File \"/tmp/tmp28x5smfj.py\", line 19, in <module>\n    test_check()\n  File \"/tmp/tmp28x5smfj.py\", line 17, in test_check\n    check(sum_Of_product)\n  File \"/tmp/tmp28x5smfj.py\", line 12, in check\n    assert candidate(3) == 15\n  File \"/tmp/tmp28x5smfj.py\", line 7, in sum_Of_product\n    sum += binomial_coefficient(n, i) * binomial_coefficient(n, i + 1)\nNameError: name 'binomial_coefficient' is not defined\n",
      "exit_code": 1,
      "status": "Exception"
    },
    {
      "program": "def sum_Of_product(n: int) -> int:\n    \"\"\"\n\tWrite a python function to find the sum of the product of consecutive binomial co-efficients.\n\t\"\"\"\n    sum = 0\n    for i in range(1, n + 1):\n        sum += binomial_coefficient(n, i) * binomial_coefficient(n, i + 1)\n    return sum\n\n\ndef check(candidate):\n    assert candidate(3) == 15\n    assert candidate(4) == 56\n    assert candidate(1) == 1\n\ndef test_check():\n    check(sum_Of_product)\n\ntest_check()\n",
      "timestamp": 1665510313,
      "stdout": "",
      "stderr": "Traceback (most recent call last):\n  File \"/tmp/tmp28x5smfj.py\", line 19, in <module>\n    test_check()\n  File \"/tmp/tmp28x5smfj.py\", line 17, in test_check\n    check(sum_Of_product)\n  File \"/tmp/tmp28x5smfj.py\", line 12, in check\n    assert candidate(3) == 15\n  File \"/tmp/tmp28x5smfj.py\", line 7, in sum_Of_product\n    sum += binomial_coefficient(n, i) * binomial_coefficient(n, i + 1)\nNameError: name 'binomial_coefficient' is not defined\n",
      "exit_code": 1,
      "status": "Exception"
    },
    {
      "program": "def sum_Of_product(n: int) -> int:\n    \"\"\"\n\tWrite a python function to find the sum of the product of consecutive binomial co-efficients.\n\t\"\"\"\n    sum = 0\n    for i in range(1, n + 1):\n        sum += (factorial(n) / (factorial(i) * factorial(n - i))) * (factorial(n) / (factorial(i + 1) * factorial(n - i - 1)))\n    return sum\n\n\ndef check(candidate):\n    assert candidate(3) == 15\n    assert candidate(4) == 56\n    assert candidate(1) == 1\n\ndef test_check():\n    check(sum_Of_product)\n\ntest_check()\n",
      "timestamp": 1665510313,
      "stdout": "",
      "stderr": "Traceback (most recent call last):\n  File \"/tmp/tmpnajb98ov.py\", line 19, in <module>\n    test_check()\n  File \"/tmp/tmpnajb98ov.py\", line 17, in test_check\n    check(sum_Of_product)\n  File \"/tmp/tmpnajb98ov.py\", line 12, in check\n    assert candidate(3) == 15\n  File \"/tmp/tmpnajb98ov.py\", line 7, in sum_Of_product\n    sum += (factorial(n) / (factorial(i) * factorial(n - i))) * (factorial(n) / (factorial(i + 1) * factorial(n - i - 1)))\nNameError: name 'factorial' is not defined\n",
      "exit_code": 1,
      "status": "Exception"
    },
    {
      "program": "def sum_Of_product(n: int) -> int:\n    \"\"\"\n\tWrite a python function to find the sum of the product of consecutive binomial co-efficients.\n\t\"\"\"\n    sum = 0\n    for i in range(1, n + 1):\n        sum += nCr(n, i) * nCr(n, i + 1)\n    return sum\n\n\ndef check(candidate):\n    assert candidate(3) == 15\n    assert candidate(4) == 56\n    assert candidate(1) == 1\n\ndef test_check():\n    check(sum_Of_product)\n\ntest_check()\n",
      "timestamp": 1665510313,
      "stdout": "",
      "stderr": "Traceback (most recent call last):\n  File \"/tmp/tmppni0je0w.py\", line 19, in <module>\n    test_check()\n  File \"/tmp/tmppni0je0w.py\", line 17, in test_check\n    check(sum_Of_product)\n  File \"/tmp/tmppni0je0w.py\", line 12, in check\n    assert candidate(3) == 15\n  File \"/tmp/tmppni0je0w.py\", line 7, in sum_Of_product\n    sum += nCr(n, i) * nCr(n, i + 1)\nNameError: name 'nCr' is not defined\n",
      "exit_code": 1,
      "status": "Exception"
    },
    {
      "program": "def sum_Of_product(n: int) -> int:\n    \"\"\"\n\tWrite a python function to find the sum of the product of consecutive binomial co-efficients.\n\t\"\"\"\n    sum = 0\n    for i in range(1, n + 1):\n        sum += binomial_coefficient(n, i) * binomial_coefficient(n, i + 1)\n    return sum\n\n\ndef check(candidate):\n    assert candidate(3) == 15\n    assert candidate(4) == 56\n    assert candidate(1) == 1\n\ndef test_check():\n    check(sum_Of_product)\n\ntest_check()\n",
      "timestamp": 1665510313,
      "stdout": "",
      "stderr": "Traceback (most recent call last):\n  File \"/tmp/tmp28x5smfj.py\", line 19, in <module>\n    test_check()\n  File \"/tmp/tmp28x5smfj.py\", line 17, in test_check\n    check(sum_Of_product)\n  File \"/tmp/tmp28x5smfj.py\", line 12, in check\n    assert candidate(3) == 15\n  File \"/tmp/tmp28x5smfj.py\", line 7, in sum_Of_product\n    sum += binomial_coefficient(n, i) * binomial_coefficient(n, i + 1)\nNameError: name 'binomial_coefficient' is not defined\n",
      "exit_code": 1,
      "status": "Exception"
    },
    {
      "program": "def sum_Of_product(n: int) -> int:\n    \"\"\"\n\tWrite a python function to find the sum of the product of consecutive binomial co-efficients.\n\t\"\"\"\n    if n < 0:\n        return 0\n    sum = 0\n    for i in range(1, n + 1):\n        sum += binomial_coefficient(n, i) * i\n    return sum\n\n\ndef check(candidate):\n    assert candidate(3) == 15\n    assert candidate(4) == 56\n    assert candidate(1) == 1\n\ndef test_check():\n    check(sum_Of_product)\n\ntest_check()\n",
      "timestamp": 1666123389,
      "stdout": "",
      "stderr": "Traceback (most recent call last):\n  File \"/tmp/tmp1faqntat.py\", line 21, in <module>\n    test_check()\n  File \"/tmp/tmp1faqntat.py\", line 19, in test_check\n    check(sum_Of_product)\n  File \"/tmp/tmp1faqntat.py\", line 14, in check\n    assert candidate(3) == 15\n  File \"/tmp/tmp1faqntat.py\", line 9, in sum_Of_product\n    sum += binomial_coefficient(n, i) * i\nNameError: name 'binomial_coefficient' is not defined\n",
      "exit_code": 1,
      "status": "Exception"
    },
    {
      "program": "def sum_Of_product(n: int) -> int:\n    \"\"\"\n\tWrite a python function to find the sum of the product of consecutive binomial co-efficients.\n\t\"\"\"\n    sum = 0\n    for i in range(1, n + 1):\n        sum += binomial_coefficient(n, i) * binomial_coefficient(n, i + 1)\n    return sum\n\n\ndef check(candidate):\n    assert candidate(3) == 15\n    assert candidate(4) == 56\n    assert candidate(1) == 1\n\ndef test_check():\n    check(sum_Of_product)\n\ntest_check()\n",
      "timestamp": 1665510313,
      "stdout": "",
      "stderr": "Traceback (most recent call last):\n  File \"/tmp/tmp28x5smfj.py\", line 19, in <module>\n    test_check()\n  File \"/tmp/tmp28x5smfj.py\", line 17, in test_check\n    check(sum_Of_product)\n  File \"/tmp/tmp28x5smfj.py\", line 12, in check\n    assert candidate(3) == 15\n  File \"/tmp/tmp28x5smfj.py\", line 7, in sum_Of_product\n    sum += binomial_coefficient(n, i) * binomial_coefficient(n, i + 1)\nNameError: name 'binomial_coefficient' is not defined\n",
      "exit_code": 1,
      "status": "Exception"
    },
    {
      "program": "def sum_Of_product(n: int) -> int:\n    \"\"\"\n\tWrite a python function to find the sum of the product of consecutive binomial co-efficients.\n\t\"\"\"\n    sum = 0\n    for i in range(1, n + 1):\n        sum += (nCr(n, i) * nCr(n, i + 1))\n    return sum\n\n\ndef check(candidate):\n    assert candidate(3) == 15\n    assert candidate(4) == 56\n    assert candidate(1) == 1\n\ndef test_check():\n    check(sum_Of_product)\n\ntest_check()\n",
      "timestamp": 1665510313,
      "stdout": "",
      "stderr": "Traceback (most recent call last):\n  File \"/tmp/tmpdk5i06ly.py\", line 19, in <module>\n    test_check()\n  File \"/tmp/tmpdk5i06ly.py\", line 17, in test_check\n    check(sum_Of_product)\n  File \"/tmp/tmpdk5i06ly.py\", line 12, in check\n    assert candidate(3) == 15\n  File \"/tmp/tmpdk5i06ly.py\", line 7, in sum_Of_product\n    sum += (nCr(n, i) * nCr(n, i + 1))\nNameError: name 'nCr' is not defined\n",
      "exit_code": 1,
      "status": "Exception"
    },
    {
      "program": "def sum_Of_product(n: int) -> int:\n    \"\"\"\n\tWrite a python function to find the sum of the product of consecutive binomial co-efficients.\n\t\"\"\"\n    sum = 0\n    for i in range(1, n + 1):\n        sum += binomial_coefficient(n, i) * binomial_coefficient(n, i + 1)\n    return sum\n\n\ndef check(candidate):\n    assert candidate(3) == 15\n    assert candidate(4) == 56\n    assert candidate(1) == 1\n\ndef test_check():\n    check(sum_Of_product)\n\ntest_check()\n",
      "timestamp": 1665510313,
      "stdout": "",
      "stderr": "Traceback (most recent call last):\n  File \"/tmp/tmp28x5smfj.py\", line 19, in <module>\n    test_check()\n  File \"/tmp/tmp28x5smfj.py\", line 17, in test_check\n    check(sum_Of_product)\n  File \"/tmp/tmp28x5smfj.py\", line 12, in check\n    assert candidate(3) == 15\n  File \"/tmp/tmp28x5smfj.py\", line 7, in sum_Of_product\n    sum += binomial_coefficient(n, i) * binomial_coefficient(n, i + 1)\nNameError: name 'binomial_coefficient' is not defined\n",
      "exit_code": 1,
      "status": "Exception"
    },
    {
      "program": "def sum_Of_product(n: int) -> int:\n    \"\"\"\n\tWrite a python function to find the sum of the product of consecutive binomial co-efficients.\n\t\"\"\"\n    sum = 0\n    for i in range(1, n + 1):\n        sum += nCr(n, i) * nCr(n, i + 1)\n    return sum\n\n\ndef check(candidate):\n    assert candidate(3) == 15\n    assert candidate(4) == 56\n    assert candidate(1) == 1\n\ndef test_check():\n    check(sum_Of_product)\n\ntest_check()\n",
      "timestamp": 1665510313,
      "stdout": "",
      "stderr": "Traceback (most recent call last):\n  File \"/tmp/tmppni0je0w.py\", line 19, in <module>\n    test_check()\n  File \"/tmp/tmppni0je0w.py\", line 17, in test_check\n    check(sum_Of_product)\n  File \"/tmp/tmppni0je0w.py\", line 12, in check\n    assert candidate(3) == 15\n  File \"/tmp/tmppni0je0w.py\", line 7, in sum_Of_product\n    sum += nCr(n, i) * nCr(n, i + 1)\nNameError: name 'nCr' is not defined\n",
      "exit_code": 1,
      "status": "Exception"
    },
    {
      "program": "def sum_Of_product(n: int) -> int:\n    \"\"\"\n\tWrite a python function to find the sum of the product of consecutive binomial co-efficients.\n\t\"\"\"\n    sum = 0\n    for i in range(1, n + 1):\n        sum += math.factorial(n) / (math.factorial(i) * math.factorial(n - i))\n    return sum\n\n\ndef check(candidate):\n    assert candidate(3) == 15\n    assert candidate(4) == 56\n    assert candidate(1) == 1\n\ndef test_check():\n    check(sum_Of_product)\n\ntest_check()\n",
      "timestamp": 1666123388,
      "stdout": "",
      "stderr": "Traceback (most recent call last):\n  File \"/tmp/tmp4nzn4y8o.py\", line 19, in <module>\n    test_check()\n  File \"/tmp/tmp4nzn4y8o.py\", line 17, in test_check\n    check(sum_Of_product)\n  File \"/tmp/tmp4nzn4y8o.py\", line 12, in check\n    assert candidate(3) == 15\n  File \"/tmp/tmp4nzn4y8o.py\", line 7, in sum_Of_product\n    sum += math.factorial(n) / (math.factorial(i) * math.factorial(n - i))\nNameError: name 'math' is not defined\n",
      "exit_code": 1,
      "status": "Exception"
    },
    {
      "program": "def sum_Of_product(n: int) -> int:\n    \"\"\"\n\tWrite a python function to find the sum of the product of consecutive binomial co-efficients.\n\t\"\"\"\n    sum = 0\n    for i in range(1, n + 1):\n        sum += (factorial(n) / (factorial(i) * factorial(n - i))) * (factorial(n) / (factorial(i + 1) * factorial(n - i - 1)))\n    return sum\n\n\ndef check(candidate):\n    assert candidate(3) == 15\n    assert candidate(4) == 56\n    assert candidate(1) == 1\n\ndef test_check():\n    check(sum_Of_product)\n\ntest_check()\n",
      "timestamp": 1665510313,
      "stdout": "",
      "stderr": "Traceback (most recent call last):\n  File \"/tmp/tmpnajb98ov.py\", line 19, in <module>\n    test_check()\n  File \"/tmp/tmpnajb98ov.py\", line 17, in test_check\n    check(sum_Of_product)\n  File \"/tmp/tmpnajb98ov.py\", line 12, in check\n    assert candidate(3) == 15\n  File \"/tmp/tmpnajb98ov.py\", line 7, in sum_Of_product\n    sum += (factorial(n) / (factorial(i) * factorial(n - i))) * (factorial(n) / (factorial(i + 1) * factorial(n - i - 1)))\nNameError: name 'factorial' is not defined\n",
      "exit_code": 1,
      "status": "Exception"
    },
    {
      "program": "def sum_Of_product(n: int) -> int:\n    \"\"\"\n\tWrite a python function to find the sum of the product of consecutive binomial co-efficients.\n\t\"\"\"\n    sum = 0\n    for i in range(1, n + 1):\n        sum += binomial_coefficient(n, i) * binomial_coefficient(n, i + 1)\n    return sum\n\n\ndef check(candidate):\n    assert candidate(3) == 15\n    assert candidate(4) == 56\n    assert candidate(1) == 1\n\ndef test_check():\n    check(sum_Of_product)\n\ntest_check()\n",
      "timestamp": 1665510313,
      "stdout": "",
      "stderr": "Traceback (most recent call last):\n  File \"/tmp/tmp28x5smfj.py\", line 19, in <module>\n    test_check()\n  File \"/tmp/tmp28x5smfj.py\", line 17, in test_check\n    check(sum_Of_product)\n  File \"/tmp/tmp28x5smfj.py\", line 12, in check\n    assert candidate(3) == 15\n  File \"/tmp/tmp28x5smfj.py\", line 7, in sum_Of_product\n    sum += binomial_coefficient(n, i) * binomial_coefficient(n, i + 1)\nNameError: name 'binomial_coefficient' is not defined\n",
      "exit_code": 1,
      "status": "Exception"
    },
    {
      "program": "def sum_Of_product(n: int) -> int:\n    \"\"\"\n\tWrite a python function to find the sum of the product of consecutive binomial co-efficients.\n\t\"\"\"\n    sum = 0\n    for i in range(1, n + 1):\n        sum += binomial_coefficient(n, i) * binomial_coefficient(n, i + 1)\n    return sum\n\n\ndef check(candidate):\n    assert candidate(3) == 15\n    assert candidate(4) == 56\n    assert candidate(1) == 1\n\ndef test_check():\n    check(sum_Of_product)\n\ntest_check()\n",
      "timestamp": 1665510313,
      "stdout": "",
      "stderr": "Traceback (most recent call last):\n  File \"/tmp/tmp28x5smfj.py\", line 19, in <module>\n    test_check()\n  File \"/tmp/tmp28x5smfj.py\", line 17, in test_check\n    check(sum_Of_product)\n  File \"/tmp/tmp28x5smfj.py\", line 12, in check\n    assert candidate(3) == 15\n  File \"/tmp/tmp28x5smfj.py\", line 7, in sum_Of_product\n    sum += binomial_coefficient(n, i) * binomial_coefficient(n, i + 1)\nNameError: name 'binomial_coefficient' is not defined\n",
      "exit_code": 1,
      "status": "Exception"
    },
    {
      "program": "def sum_Of_product(n: int) -> int:\n    \"\"\"\n\tWrite a python function to find the sum of the product of consecutive binomial co-efficients.\n\t\"\"\"\n    sum = 0\n    for i in range(1, n + 1):\n        sum += (binomial_coefficient(n, i) * binomial_coefficient(n, i + 1))\n    return sum\n\n\ndef check(candidate):\n    assert candidate(3) == 15\n    assert candidate(4) == 56\n    assert candidate(1) == 1\n\ndef test_check():\n    check(sum_Of_product)\n\ntest_check()\n",
      "timestamp": 1665510313,
      "stdout": "",
      "stderr": "Traceback (most recent call last):\n  File \"/tmp/tmpcczu7s6a.py\", line 19, in <module>\n    test_check()\n  File \"/tmp/tmpcczu7s6a.py\", line 17, in test_check\n    check(sum_Of_product)\n  File \"/tmp/tmpcczu7s6a.py\", line 12, in check\n    assert candidate(3) == 15\n  File \"/tmp/tmpcczu7s6a.py\", line 7, in sum_Of_product\n    sum += (binomial_coefficient(n, i) * binomial_coefficient(n, i + 1))\nNameError: name 'binomial_coefficient' is not defined\n",
      "exit_code": 1,
      "status": "Exception"
    },
    {
      "program": "def sum_Of_product(n: int) -> int:\n    \"\"\"\n\tWrite a python function to find the sum of the product of consecutive binomial co-efficients.\n\t\"\"\"\n    sum = 0\n    for i in range(1, n + 1):\n        sum += binomial_coefficient(n, i) * binomial_coefficient(n, i + 1)\n    return sum\n\n\ndef check(candidate):\n    assert candidate(3) == 15\n    assert candidate(4) == 56\n    assert candidate(1) == 1\n\ndef test_check():\n    check(sum_Of_product)\n\ntest_check()\n",
      "timestamp": 1665510313,
      "stdout": "",
      "stderr": "Traceback (most recent call last):\n  File \"/tmp/tmp28x5smfj.py\", line 19, in <module>\n    test_check()\n  File \"/tmp/tmp28x5smfj.py\", line 17, in test_check\n    check(sum_Of_product)\n  File \"/tmp/tmp28x5smfj.py\", line 12, in check\n    assert candidate(3) == 15\n  File \"/tmp/tmp28x5smfj.py\", line 7, in sum_Of_product\n    sum += binomial_coefficient(n, i) * binomial_coefficient(n, i + 1)\nNameError: name 'binomial_coefficient' is not defined\n",
      "exit_code": 1,
      "status": "Exception"
    },
    {
      "program": "def sum_Of_product(n: int) -> int:\n    \"\"\"\n\tWrite a python function to find the sum of the product of consecutive binomial co-efficients.\n\t\"\"\"\n    sum = 0\n    for i in range(1, n + 1):\n        sum += binomial_coefficient(n, i) * binomial_coefficient(n, i + 1)\n    return sum\n\n\ndef check(candidate):\n    assert candidate(3) == 15\n    assert candidate(4) == 56\n    assert candidate(1) == 1\n\ndef test_check():\n    check(sum_Of_product)\n\ntest_check()\n",
      "timestamp": 1665510313,
      "stdout": "",
      "stderr": "Traceback (most recent call last):\n  File \"/tmp/tmp28x5smfj.py\", line 19, in <module>\n    test_check()\n  File \"/tmp/tmp28x5smfj.py\", line 17, in test_check\n    check(sum_Of_product)\n  File \"/tmp/tmp28x5smfj.py\", line 12, in check\n    assert candidate(3) == 15\n  File \"/tmp/tmp28x5smfj.py\", line 7, in sum_Of_product\n    sum += binomial_coefficient(n, i) * binomial_coefficient(n, i + 1)\nNameError: name 'binomial_coefficient' is not defined\n",
      "exit_code": 1,
      "status": "Exception"
    },
    {
      "program": "def sum_Of_product(n: int) -> int:\n    \"\"\"\n\tWrite a python function to find the sum of the product of consecutive binomial co-efficients.\n\t\"\"\"\n    sum = 0\n    for i in range(1, n + 1):\n        sum += binomial_coefficient(n, i) * binomial_coefficient(n, i + 1)\n    return sum\n\n\ndef check(candidate):\n    assert candidate(3) == 15\n    assert candidate(4) == 56\n    assert candidate(1) == 1\n\ndef test_check():\n    check(sum_Of_product)\n\ntest_check()\n",
      "timestamp": 1665510313,
      "stdout": "",
      "stderr": "Traceback (most recent call last):\n  File \"/tmp/tmp28x5smfj.py\", line 19, in <module>\n    test_check()\n  File \"/tmp/tmp28x5smfj.py\", line 17, in test_check\n    check(sum_Of_product)\n  File \"/tmp/tmp28x5smfj.py\", line 12, in check\n    assert candidate(3) == 15\n  File \"/tmp/tmp28x5smfj.py\", line 7, in sum_Of_product\n    sum += binomial_coefficient(n, i) * binomial_coefficient(n, i + 1)\nNameError: name 'binomial_coefficient' is not defined\n",
      "exit_code": 1,
      "status": "Exception"
    },
    {
      "program": "def sum_Of_product(n: int) -> int:\n    \"\"\"\n\tWrite a python function to find the sum of the product of consecutive binomial co-efficients.\n\t\"\"\"\n    sum = 0\n    for i in range(1, n + 1):\n        sum += binomial_coefficient(n, i) * binomial_coefficient(n, i + 1)\n    return sum\n\n\ndef check(candidate):\n    assert candidate(3) == 15\n    assert candidate(4) == 56\n    assert candidate(1) == 1\n\ndef test_check():\n    check(sum_Of_product)\n\ntest_check()\n",
      "timestamp": 1665510313,
      "stdout": "",
      "stderr": "Traceback (most recent call last):\n  File \"/tmp/tmp28x5smfj.py\", line 19, in <module>\n    test_check()\n  File \"/tmp/tmp28x5smfj.py\", line 17, in test_check\n    check(sum_Of_product)\n  File \"/tmp/tmp28x5smfj.py\", line 12, in check\n    assert candidate(3) == 15\n  File \"/tmp/tmp28x5smfj.py\", line 7, in sum_Of_product\n    sum += binomial_coefficient(n, i) * binomial_coefficient(n, i + 1)\nNameError: name 'binomial_coefficient' is not defined\n",
      "exit_code": 1,
      "status": "Exception"
    },
    {
      "program": "def sum_Of_product(n: int) -> int:\n    \"\"\"\n\tWrite a python function to find the sum of the product of consecutive binomial co-efficients.\n\t\"\"\"\n    sum = 0\n    for i in range(1, n + 1):\n        sum += (binomial_coefficient(n, i) * binomial_coefficient(n, i + 1))\n    return sum\n\n\ndef check(candidate):\n    assert candidate(3) == 15\n    assert candidate(4) == 56\n    assert candidate(1) == 1\n\ndef test_check():\n    check(sum_Of_product)\n\ntest_check()\n",
      "timestamp": 1665510313,
      "stdout": "",
      "stderr": "Traceback (most recent call last):\n  File \"/tmp/tmpcczu7s6a.py\", line 19, in <module>\n    test_check()\n  File \"/tmp/tmpcczu7s6a.py\", line 17, in test_check\n    check(sum_Of_product)\n  File \"/tmp/tmpcczu7s6a.py\", line 12, in check\n    assert candidate(3) == 15\n  File \"/tmp/tmpcczu7s6a.py\", line 7, in sum_Of_product\n    sum += (binomial_coefficient(n, i) * binomial_coefficient(n, i + 1))\nNameError: name 'binomial_coefficient' is not defined\n",
      "exit_code": 1,
      "status": "Exception"
    },
    {
      "program": "def sum_Of_product(n: int) -> int:\n    \"\"\"\n\tWrite a python function to find the sum of the product of consecutive binomial co-efficients.\n\t\"\"\"\n    sum = 0\n    for i in range(1, n + 1):\n        sum += binomial_coefficient(n, i) * binomial_coefficient(n, i + 1)\n    return sum\n\n\ndef check(candidate):\n    assert candidate(3) == 15\n    assert candidate(4) == 56\n    assert candidate(1) == 1\n\ndef test_check():\n    check(sum_Of_product)\n\ntest_check()\n",
      "timestamp": 1665510313,
      "stdout": "",
      "stderr": "Traceback (most recent call last):\n  File \"/tmp/tmp28x5smfj.py\", line 19, in <module>\n    test_check()\n  File \"/tmp/tmp28x5smfj.py\", line 17, in test_check\n    check(sum_Of_product)\n  File \"/tmp/tmp28x5smfj.py\", line 12, in check\n    assert candidate(3) == 15\n  File \"/tmp/tmp28x5smfj.py\", line 7, in sum_Of_product\n    sum += binomial_coefficient(n, i) * binomial_coefficient(n, i + 1)\nNameError: name 'binomial_coefficient' is not defined\n",
      "exit_code": 1,
      "status": "Exception"
    },
    {
      "program": "def sum_Of_product(n: int) -> int:\n    \"\"\"\n\tWrite a python function to find the sum of the product of consecutive binomial co-efficients.\n\t\"\"\"\n    sum = 0\n    for i in range(1, n + 1):\n        sum += binomial_coefficient(n, i) * binomial_coefficient(n, i + 1)\n    return sum\n\n\ndef check(candidate):\n    assert candidate(3) == 15\n    assert candidate(4) == 56\n    assert candidate(1) == 1\n\ndef test_check():\n    check(sum_Of_product)\n\ntest_check()\n",
      "timestamp": 1665510313,
      "stdout": "",
      "stderr": "Traceback (most recent call last):\n  File \"/tmp/tmp28x5smfj.py\", line 19, in <module>\n    test_check()\n  File \"/tmp/tmp28x5smfj.py\", line 17, in test_check\n    check(sum_Of_product)\n  File \"/tmp/tmp28x5smfj.py\", line 12, in check\n    assert candidate(3) == 15\n  File \"/tmp/tmp28x5smfj.py\", line 7, in sum_Of_product\n    sum += binomial_coefficient(n, i) * binomial_coefficient(n, i + 1)\nNameError: name 'binomial_coefficient' is not defined\n",
      "exit_code": 1,
      "status": "Exception"
    },
    {
      "program": "def sum_Of_product(n: int) -> int:\n    \"\"\"\n\tWrite a python function to find the sum of the product of consecutive binomial co-efficients.\n\t\"\"\"\n    sum_of_product = 0\n    for i in range(1, n + 1):\n        sum_of_product += (binomial_coefficient(n, i) * binomial_coefficient(n, i + 1))\n    return sum_of_product\n\n\ndef check(candidate):\n    assert candidate(3) == 15\n    assert candidate(4) == 56\n    assert candidate(1) == 1\n\ndef test_check():\n    check(sum_Of_product)\n\ntest_check()\n",
      "timestamp": 1666123389,
      "stdout": "",
      "stderr": "Traceback (most recent call last):\n  File \"/tmp/tmp1ptywx3s.py\", line 19, in <module>\n    test_check()\n  File \"/tmp/tmp1ptywx3s.py\", line 17, in test_check\n    check(sum_Of_product)\n  File \"/tmp/tmp1ptywx3s.py\", line 12, in check\n    assert candidate(3) == 15\n  File \"/tmp/tmp1ptywx3s.py\", line 7, in sum_Of_product\n    sum_of_product += (binomial_coefficient(n, i) * binomial_coefficient(n, i + 1))\nNameError: name 'binomial_coefficient' is not defined\n",
      "exit_code": 1,
      "status": "Exception"
    },
    {
      "program": "def sum_Of_product(n: int) -> int:\n    \"\"\"\n\tWrite a python function to find the sum of the product of consecutive binomial co-efficients.\n\t\"\"\"\n    sum = 0\n    for i in range(1, n + 1):\n        for j in range(i + 1, n + 1):\n            sum += nCr(i, j)\n    return sum\n\n\ndef check(candidate):\n    assert candidate(3) == 15\n    assert candidate(4) == 56\n    assert candidate(1) == 1\n\ndef test_check():\n    check(sum_Of_product)\n\ntest_check()\n",
      "timestamp": 1666123389,
      "stdout": "",
      "stderr": "Traceback (most recent call last):\n  File \"/tmp/tmp6173rmeu.py\", line 20, in <module>\n    test_check()\n  File \"/tmp/tmp6173rmeu.py\", line 18, in test_check\n    check(sum_Of_product)\n  File \"/tmp/tmp6173rmeu.py\", line 13, in check\n    assert candidate(3) == 15\n  File \"/tmp/tmp6173rmeu.py\", line 8, in sum_Of_product\n    sum += nCr(i, j)\nNameError: name 'nCr' is not defined\n",
      "exit_code": 1,
      "status": "Exception"
    },
    {
      "program": "def sum_Of_product(n: int) -> int:\n    \"\"\"\n\tWrite a python function to find the sum of the product of consecutive binomial co-efficients.\n\t\"\"\"\n    sum = 0\n    for i in range(1, n + 1):\n        sum += binomial_coefficient(n, i) * i\n    return sum\n\n\ndef check(candidate):\n    assert candidate(3) == 15\n    assert candidate(4) == 56\n    assert candidate(1) == 1\n\ndef test_check():\n    check(sum_Of_product)\n\ntest_check()\n",
      "timestamp": 1665510313,
      "stdout": "",
      "stderr": "Traceback (most recent call last):\n  File \"/tmp/tmpjlym3tp3.py\", line 19, in <module>\n    test_check()\n  File \"/tmp/tmpjlym3tp3.py\", line 17, in test_check\n    check(sum_Of_product)\n  File \"/tmp/tmpjlym3tp3.py\", line 12, in check\n    assert candidate(3) == 15\n  File \"/tmp/tmpjlym3tp3.py\", line 7, in sum_Of_product\n    sum += binomial_coefficient(n, i) * i\nNameError: name 'binomial_coefficient' is not defined\n",
      "exit_code": 1,
      "status": "Exception"
    },
    {
      "program": "def sum_Of_product(n: int) -> int:\n    \"\"\"\n\tWrite a python function to find the sum of the product of consecutive binomial co-efficients.\n\t\"\"\"\n    sum = 0\n    for i in range(1, n + 1):\n        sum += binomial_coefficient(n, i) * binomial_coefficient(n, i + 1)\n    return sum\n\n\ndef check(candidate):\n    assert candidate(3) == 15\n    assert candidate(4) == 56\n    assert candidate(1) == 1\n\ndef test_check():\n    check(sum_Of_product)\n\ntest_check()\n",
      "timestamp": 1665510313,
      "stdout": "",
      "stderr": "Traceback (most recent call last):\n  File \"/tmp/tmp28x5smfj.py\", line 19, in <module>\n    test_check()\n  File \"/tmp/tmp28x5smfj.py\", line 17, in test_check\n    check(sum_Of_product)\n  File \"/tmp/tmp28x5smfj.py\", line 12, in check\n    assert candidate(3) == 15\n  File \"/tmp/tmp28x5smfj.py\", line 7, in sum_Of_product\n    sum += binomial_coefficient(n, i) * binomial_coefficient(n, i + 1)\nNameError: name 'binomial_coefficient' is not defined\n",
      "exit_code": 1,
      "status": "Exception"
    },
    {
      "program": "def sum_Of_product(n: int) -> int:\n    \"\"\"\n\tWrite a python function to find the sum of the product of consecutive binomial co-efficients.\n\t\"\"\"\n    sum = 0\n    for i in range(1, n + 1):\n        sum += (factorial(n) / (factorial(i) * factorial(n - i))) * (factorial(n) / (factorial(i + 1) * factorial(n - i - 1)))\n    return sum\n\n\ndef check(candidate):\n    assert candidate(3) == 15\n    assert candidate(4) == 56\n    assert candidate(1) == 1\n\ndef test_check():\n    check(sum_Of_product)\n\ntest_check()\n",
      "timestamp": 1665510313,
      "stdout": "",
      "stderr": "Traceback (most recent call last):\n  File \"/tmp/tmpnajb98ov.py\", line 19, in <module>\n    test_check()\n  File \"/tmp/tmpnajb98ov.py\", line 17, in test_check\n    check(sum_Of_product)\n  File \"/tmp/tmpnajb98ov.py\", line 12, in check\n    assert candidate(3) == 15\n  File \"/tmp/tmpnajb98ov.py\", line 7, in sum_Of_product\n    sum += (factorial(n) / (factorial(i) * factorial(n - i))) * (factorial(n) / (factorial(i + 1) * factorial(n - i - 1)))\nNameError: name 'factorial' is not defined\n",
      "exit_code": 1,
      "status": "Exception"
    },
    {
      "program": "def sum_Of_product(n: int) -> int:\n    \"\"\"\n\tWrite a python function to find the sum of the product of consecutive binomial co-efficients.\n\t\"\"\"\n    return sum(math.factorial(n) // (math.factorial(i) * math.factorial(n - i)) for i in range(1, n + 1))\n\n\ndef check(candidate):\n    assert candidate(3) == 15\n    assert candidate(4) == 56\n    assert candidate(1) == 1\n\ndef test_check():\n    check(sum_Of_product)\n\ntest_check()\n",
      "timestamp": 1666123388,
      "stdout": "",
      "stderr": "Traceback (most recent call last):\n  File \"/tmp/tmp2e39cn87.py\", line 16, in <module>\n    test_check()\n  File \"/tmp/tmp2e39cn87.py\", line 14, in test_check\n    check(sum_Of_product)\n  File \"/tmp/tmp2e39cn87.py\", line 9, in check\n    assert candidate(3) == 15\n  File \"/tmp/tmp2e39cn87.py\", line 5, in sum_Of_product\n    return sum(math.factorial(n) // (math.factorial(i) * math.factorial(n - i)) for i in range(1, n + 1))\n  File \"/tmp/tmp2e39cn87.py\", line 5, in <genexpr>\n    return sum(math.factorial(n) // (math.factorial(i) * math.factorial(n - i)) for i in range(1, n + 1))\nNameError: name 'math' is not defined\n",
      "exit_code": 1,
      "status": "Exception"
    },
    {
      "program": "def sum_Of_product(n: int) -> int:\n    \"\"\"\n\tWrite a python function to find the sum of the product of consecutive binomial co-efficients.\n\t\"\"\"\n    sum = 0\n    for i in range(1, n + 1):\n        sum += (binomial_coefficient(n, i) * binomial_coefficient(n, i + 1))\n    return sum\n\n\ndef check(candidate):\n    assert candidate(3) == 15\n    assert candidate(4) == 56\n    assert candidate(1) == 1\n\ndef test_check():\n    check(sum_Of_product)\n\ntest_check()\n",
      "timestamp": 1665510313,
      "stdout": "",
      "stderr": "Traceback (most recent call last):\n  File \"/tmp/tmpcczu7s6a.py\", line 19, in <module>\n    test_check()\n  File \"/tmp/tmpcczu7s6a.py\", line 17, in test_check\n    check(sum_Of_product)\n  File \"/tmp/tmpcczu7s6a.py\", line 12, in check\n    assert candidate(3) == 15\n  File \"/tmp/tmpcczu7s6a.py\", line 7, in sum_Of_product\n    sum += (binomial_coefficient(n, i) * binomial_coefficient(n, i + 1))\nNameError: name 'binomial_coefficient' is not defined\n",
      "exit_code": 1,
      "status": "Exception"
    },
    {
      "program": "def sum_Of_product(n: int) -> int:\n    \"\"\"\n\tWrite a python function to find the sum of the product of consecutive binomial co-efficients.\n\t\"\"\"\n    sum = 0\n    for i in range(n):\n        sum += (factorial(n) / (factorial(i) * factorial(n - i))) * (factorial(n) / (factorial(i + 1) * factorial(n - i - 1)))\n    return sum\n\n\ndef check(candidate):\n    assert candidate(3) == 15\n    assert candidate(4) == 56\n    assert candidate(1) == 1\n\ndef test_check():\n    check(sum_Of_product)\n\ntest_check()\n",
      "timestamp": 1665510313,
      "stdout": "",
      "stderr": "Traceback (most recent call last):\n  File \"/tmp/tmpnzgls5bv.py\", line 19, in <module>\n    test_check()\n  File \"/tmp/tmpnzgls5bv.py\", line 17, in test_check\n    check(sum_Of_product)\n  File \"/tmp/tmpnzgls5bv.py\", line 12, in check\n    assert candidate(3) == 15\n  File \"/tmp/tmpnzgls5bv.py\", line 7, in sum_Of_product\n    sum += (factorial(n) / (factorial(i) * factorial(n - i))) * (factorial(n) / (factorial(i + 1) * factorial(n - i - 1)))\nNameError: name 'factorial' is not defined\n",
      "exit_code": 1,
      "status": "Exception"
    },
    {
      "program": "def sum_Of_product(n: int) -> int:\n    \"\"\"\n\tWrite a python function to find the sum of the product of consecutive binomial co-efficients.\n\t\"\"\"\n    sum = 0\n    for i in range(1, n + 1):\n        sum += binomial_coefficient(n, i) * binomial_coefficient(n, i + 1)\n    return sum\n\n\ndef check(candidate):\n    assert candidate(3) == 15\n    assert candidate(4) == 56\n    assert candidate(1) == 1\n\ndef test_check():\n    check(sum_Of_product)\n\ntest_check()\n",
      "timestamp": 1665510313,
      "stdout": "",
      "stderr": "Traceback (most recent call last):\n  File \"/tmp/tmp28x5smfj.py\", line 19, in <module>\n    test_check()\n  File \"/tmp/tmp28x5smfj.py\", line 17, in test_check\n    check(sum_Of_product)\n  File \"/tmp/tmp28x5smfj.py\", line 12, in check\n    assert candidate(3) == 15\n  File \"/tmp/tmp28x5smfj.py\", line 7, in sum_Of_product\n    sum += binomial_coefficient(n, i) * binomial_coefficient(n, i + 1)\nNameError: name 'binomial_coefficient' is not defined\n",
      "exit_code": 1,
      "status": "Exception"
    },
    {
      "program": "def sum_Of_product(n: int) -> int:\n    \"\"\"\n\tWrite a python function to find the sum of the product of consecutive binomial co-efficients.\n\t\"\"\"\n    sum = 0\n    for i in range(1, n + 1):\n        sum += (binomial_coefficient(n, i) * binomial_coefficient(n, i + 1))\n    return sum\n\n\ndef check(candidate):\n    assert candidate(3) == 15\n    assert candidate(4) == 56\n    assert candidate(1) == 1\n\ndef test_check():\n    check(sum_Of_product)\n\ntest_check()\n",
      "timestamp": 1665510313,
      "stdout": "",
      "stderr": "Traceback (most recent call last):\n  File \"/tmp/tmpcczu7s6a.py\", line 19, in <module>\n    test_check()\n  File \"/tmp/tmpcczu7s6a.py\", line 17, in test_check\n    check(sum_Of_product)\n  File \"/tmp/tmpcczu7s6a.py\", line 12, in check\n    assert candidate(3) == 15\n  File \"/tmp/tmpcczu7s6a.py\", line 7, in sum_Of_product\n    sum += (binomial_coefficient(n, i) * binomial_coefficient(n, i + 1))\nNameError: name 'binomial_coefficient' is not defined\n",
      "exit_code": 1,
      "status": "Exception"
    },
    {
      "program": "def sum_Of_product(n: int) -> int:\n    \"\"\"\n\tWrite a python function to find the sum of the product of consecutive binomial co-efficients.\n\t\"\"\"\n    if n < 2:\n        return 0\n    else:\n        return n * (n - 1) + sum_Of_product(n - 1)\n\n\ndef check(candidate):\n    assert candidate(3) == 15\n    assert candidate(4) == 56\n    assert candidate(1) == 1\n\ndef test_check():\n    check(sum_Of_product)\n\ntest_check()\n",
      "timestamp": 1666123388,
      "stdout": "",
      "stderr": "Traceback (most recent call last):\n  File \"/tmp/tmpdy8ziqss.py\", line 19, in <module>\n    test_check()\n  File \"/tmp/tmpdy8ziqss.py\", line 17, in test_check\n    check(sum_Of_product)\n  File \"/tmp/tmpdy8ziqss.py\", line 12, in check\n    assert candidate(3) == 15\nAssertionError\n",
      "exit_code": 1,
      "status": "Exception"
    },
    {
      "program": "def sum_Of_product(n: int) -> int:\n    \"\"\"\n\tWrite a python function to find the sum of the product of consecutive binomial co-efficients.\n\t\"\"\"\n    sum = 0\n    for i in range(1, n + 1):\n        sum += binomial_coefficient(n, i) * binomial_coefficient(n, i + 1)\n    return sum\n\n\ndef check(candidate):\n    assert candidate(3) == 15\n    assert candidate(4) == 56\n    assert candidate(1) == 1\n\ndef test_check():\n    check(sum_Of_product)\n\ntest_check()\n",
      "timestamp": 1665510313,
      "stdout": "",
      "stderr": "Traceback (most recent call last):\n  File \"/tmp/tmp28x5smfj.py\", line 19, in <module>\n    test_check()\n  File \"/tmp/tmp28x5smfj.py\", line 17, in test_check\n    check(sum_Of_product)\n  File \"/tmp/tmp28x5smfj.py\", line 12, in check\n    assert candidate(3) == 15\n  File \"/tmp/tmp28x5smfj.py\", line 7, in sum_Of_product\n    sum += binomial_coefficient(n, i) * binomial_coefficient(n, i + 1)\nNameError: name 'binomial_coefficient' is not defined\n",
      "exit_code": 1,
      "status": "Exception"
    },
    {
      "program": "def sum_Of_product(n: int) -> int:\n    \"\"\"\n\tWrite a python function to find the sum of the product of consecutive binomial co-efficients.\n\t\"\"\"\n    return sum(binomial(n, i) * binomial(n, i + 1) for i in range(n))\n\n\ndef check(candidate):\n    assert candidate(3) == 15\n    assert candidate(4) == 56\n    assert candidate(1) == 1\n\ndef test_check():\n    check(sum_Of_product)\n\ntest_check()\n",
      "timestamp": 1666123388,
      "stdout": "",
      "stderr": "Traceback (most recent call last):\n  File \"/tmp/tmphbn0_4z6.py\", line 16, in <module>\n    test_check()\n  File \"/tmp/tmphbn0_4z6.py\", line 14, in test_check\n    check(sum_Of_product)\n  File \"/tmp/tmphbn0_4z6.py\", line 9, in check\n    assert candidate(3) == 15\n  File \"/tmp/tmphbn0_4z6.py\", line 5, in sum_Of_product\n    return sum(binomial(n, i) * binomial(n, i + 1) for i in range(n))\n  File \"/tmp/tmphbn0_4z6.py\", line 5, in <genexpr>\n    return sum(binomial(n, i) * binomial(n, i + 1) for i in range(n))\nNameError: name 'binomial' is not defined\n",
      "exit_code": 1,
      "status": "Exception"
    },
    {
      "program": "def sum_Of_product(n: int) -> int:\n    \"\"\"\n\tWrite a python function to find the sum of the product of consecutive binomial co-efficients.\n\t\"\"\"\n    sum = 0\n    for i in range(1, n + 1):\n        sum += binomial_coefficient(n, i) * binomial_coefficient(n, i + 1)\n    return sum\n\n\ndef check(candidate):\n    assert candidate(3) == 15\n    assert candidate(4) == 56\n    assert candidate(1) == 1\n\ndef test_check():\n    check(sum_Of_product)\n\ntest_check()\n",
      "timestamp": 1665510313,
      "stdout": "",
      "stderr": "Traceback (most recent call last):\n  File \"/tmp/tmp28x5smfj.py\", line 19, in <module>\n    test_check()\n  File \"/tmp/tmp28x5smfj.py\", line 17, in test_check\n    check(sum_Of_product)\n  File \"/tmp/tmp28x5smfj.py\", line 12, in check\n    assert candidate(3) == 15\n  File \"/tmp/tmp28x5smfj.py\", line 7, in sum_Of_product\n    sum += binomial_coefficient(n, i) * binomial_coefficient(n, i + 1)\nNameError: name 'binomial_coefficient' is not defined\n",
      "exit_code": 1,
      "status": "Exception"
    },
    {
      "program": "def sum_Of_product(n: int) -> int:\n    \"\"\"\n\tWrite a python function to find the sum of the product of consecutive binomial co-efficients.\n\t\"\"\"\n    sum = 0\n    for i in range(1, n + 1):\n        sum += binomial_coefficient(n, i) * binomial_coefficient(n, i + 1)\n    return sum\n\n\ndef check(candidate):\n    assert candidate(3) == 15\n    assert candidate(4) == 56\n    assert candidate(1) == 1\n\ndef test_check():\n    check(sum_Of_product)\n\ntest_check()\n",
      "timestamp": 1665510313,
      "stdout": "",
      "stderr": "Traceback (most recent call last):\n  File \"/tmp/tmp28x5smfj.py\", line 19, in <module>\n    test_check()\n  File \"/tmp/tmp28x5smfj.py\", line 17, in test_check\n    check(sum_Of_product)\n  File \"/tmp/tmp28x5smfj.py\", line 12, in check\n    assert candidate(3) == 15\n  File \"/tmp/tmp28x5smfj.py\", line 7, in sum_Of_product\n    sum += binomial_coefficient(n, i) * binomial_coefficient(n, i + 1)\nNameError: name 'binomial_coefficient' is not defined\n",
      "exit_code": 1,
      "status": "Exception"
    },
    {
      "program": "def sum_Of_product(n: int) -> int:\n    \"\"\"\n\tWrite a python function to find the sum of the product of consecutive binomial co-efficients.\n\t\"\"\"\n    sum = 0\n    for i in range(1, n + 1):\n        sum += binomial_coefficient(n, i) * binomial_coefficient(n, i + 1)\n    return sum\n\n\ndef check(candidate):\n    assert candidate(3) == 15\n    assert candidate(4) == 56\n    assert candidate(1) == 1\n\ndef test_check():\n    check(sum_Of_product)\n\ntest_check()\n",
      "timestamp": 1665510313,
      "stdout": "",
      "stderr": "Traceback (most recent call last):\n  File \"/tmp/tmp28x5smfj.py\", line 19, in <module>\n    test_check()\n  File \"/tmp/tmp28x5smfj.py\", line 17, in test_check\n    check(sum_Of_product)\n  File \"/tmp/tmp28x5smfj.py\", line 12, in check\n    assert candidate(3) == 15\n  File \"/tmp/tmp28x5smfj.py\", line 7, in sum_Of_product\n    sum += binomial_coefficient(n, i) * binomial_coefficient(n, i + 1)\nNameError: name 'binomial_coefficient' is not defined\n",
      "exit_code": 1,
      "status": "Exception"
    },
    {
      "program": "def sum_Of_product(n: int) -> int:\n    \"\"\"\n\tWrite a python function to find the sum of the product of consecutive binomial co-efficients.\n\t\"\"\"\n    sum = 0\n    for i in range(1, n + 1):\n        sum += math.factorial(n) / (math.factorial(i) * math.factorial(n - i))\n    return sum\n\n\ndef check(candidate):\n    assert candidate(3) == 15\n    assert candidate(4) == 56\n    assert candidate(1) == 1\n\ndef test_check():\n    check(sum_Of_product)\n\ntest_check()\n",
      "timestamp": 1666123388,
      "stdout": "",
      "stderr": "Traceback (most recent call last):\n  File \"/tmp/tmp4nzn4y8o.py\", line 19, in <module>\n    test_check()\n  File \"/tmp/tmp4nzn4y8o.py\", line 17, in test_check\n    check(sum_Of_product)\n  File \"/tmp/tmp4nzn4y8o.py\", line 12, in check\n    assert candidate(3) == 15\n  File \"/tmp/tmp4nzn4y8o.py\", line 7, in sum_Of_product\n    sum += math.factorial(n) / (math.factorial(i) * math.factorial(n - i))\nNameError: name 'math' is not defined\n",
      "exit_code": 1,
      "status": "Exception"
    },
    {
      "program": "def sum_Of_product(n: int) -> int:\n    \"\"\"\n\tWrite a python function to find the sum of the product of consecutive binomial co-efficients.\n\t\"\"\"\n    sum = 0\n    for i in range(1, n + 1):\n        sum += binomial_coefficient(n, i) * binomial_coefficient(n, i + 1)\n    return sum\n\n\ndef check(candidate):\n    assert candidate(3) == 15\n    assert candidate(4) == 56\n    assert candidate(1) == 1\n\ndef test_check():\n    check(sum_Of_product)\n\ntest_check()\n",
      "timestamp": 1665510313,
      "stdout": "",
      "stderr": "Traceback (most recent call last):\n  File \"/tmp/tmp28x5smfj.py\", line 19, in <module>\n    test_check()\n  File \"/tmp/tmp28x5smfj.py\", line 17, in test_check\n    check(sum_Of_product)\n  File \"/tmp/tmp28x5smfj.py\", line 12, in check\n    assert candidate(3) == 15\n  File \"/tmp/tmp28x5smfj.py\", line 7, in sum_Of_product\n    sum += binomial_coefficient(n, i) * binomial_coefficient(n, i + 1)\nNameError: name 'binomial_coefficient' is not defined\n",
      "exit_code": 1,
      "status": "Exception"
    },
    {
      "program": "def sum_Of_product(n: int) -> int:\n    \"\"\"\n\tWrite a python function to find the sum of the product of consecutive binomial co-efficients.\n\t\"\"\"\n    sum = 0\n    for i in range(1, n + 1):\n        sum += binomial_coefficient(n, i) * binomial_coefficient(n, i + 1)\n    return sum\n\n\ndef check(candidate):\n    assert candidate(3) == 15\n    assert candidate(4) == 56\n    assert candidate(1) == 1\n\ndef test_check():\n    check(sum_Of_product)\n\ntest_check()\n",
      "timestamp": 1665510313,
      "stdout": "",
      "stderr": "Traceback (most recent call last):\n  File \"/tmp/tmp28x5smfj.py\", line 19, in <module>\n    test_check()\n  File \"/tmp/tmp28x5smfj.py\", line 17, in test_check\n    check(sum_Of_product)\n  File \"/tmp/tmp28x5smfj.py\", line 12, in check\n    assert candidate(3) == 15\n  File \"/tmp/tmp28x5smfj.py\", line 7, in sum_Of_product\n    sum += binomial_coefficient(n, i) * binomial_coefficient(n, i + 1)\nNameError: name 'binomial_coefficient' is not defined\n",
      "exit_code": 1,
      "status": "Exception"
    },
    {
      "program": "def sum_Of_product(n: int) -> int:\n    \"\"\"\n\tWrite a python function to find the sum of the product of consecutive binomial co-efficients.\n\t\"\"\"\n    sum = 0\n    for i in range(1, n + 1):\n        sum += (math.factorial(n) / (math.factorial(i) * math.factorial(n - i))) * (math.factorial(n) / (math.factorial(i) * math.factorial(n - i)))\n    return sum\n\n\ndef check(candidate):\n    assert candidate(3) == 15\n    assert candidate(4) == 56\n    assert candidate(1) == 1\n\ndef test_check():\n    check(sum_Of_product)\n\ntest_check()\n",
      "timestamp": 1666123389,
      "stdout": "",
      "stderr": "Traceback (most recent call last):\n  File \"/tmp/tmp9m30amt2.py\", line 19, in <module>\n    test_check()\n  File \"/tmp/tmp9m30amt2.py\", line 17, in test_check\n    check(sum_Of_product)\n  File \"/tmp/tmp9m30amt2.py\", line 12, in check\n    assert candidate(3) == 15\n  File \"/tmp/tmp9m30amt2.py\", line 7, in sum_Of_product\n    sum += (math.factorial(n) / (math.factorial(i) * math.factorial(n - i))) * (math.factorial(n) / (math.factorial(i) * math.factorial(n - i)))\nNameError: name 'math' is not defined\n",
      "exit_code": 1,
      "status": "Exception"
    },
    {
      "program": "def sum_Of_product(n: int) -> int:\n    \"\"\"\n\tWrite a python function to find the sum of the product of consecutive binomial co-efficients.\n\t\"\"\"\n    sum = 0\n    for i in range(1, n + 1):\n        sum += binomial_coefficient(n, i) * binomial_coefficient(n, i + 1)\n    return sum\n\n\ndef check(candidate):\n    assert candidate(3) == 15\n    assert candidate(4) == 56\n    assert candidate(1) == 1\n\ndef test_check():\n    check(sum_Of_product)\n\ntest_check()\n",
      "timestamp": 1665510313,
      "stdout": "",
      "stderr": "Traceback (most recent call last):\n  File \"/tmp/tmp28x5smfj.py\", line 19, in <module>\n    test_check()\n  File \"/tmp/tmp28x5smfj.py\", line 17, in test_check\n    check(sum_Of_product)\n  File \"/tmp/tmp28x5smfj.py\", line 12, in check\n    assert candidate(3) == 15\n  File \"/tmp/tmp28x5smfj.py\", line 7, in sum_Of_product\n    sum += binomial_coefficient(n, i) * binomial_coefficient(n, i + 1)\nNameError: name 'binomial_coefficient' is not defined\n",
      "exit_code": 1,
      "status": "Exception"
    },
    {
      "program": "def sum_Of_product(n: int) -> int:\n    \"\"\"\n\tWrite a python function to find the sum of the product of consecutive binomial co-efficients.\n\t\"\"\"\n    sum = 0\n    for i in range(1, n + 1):\n        sum += binomial_coefficient(n, i) * binomial_coefficient(n, i + 1)\n    return sum\n\n\ndef check(candidate):\n    assert candidate(3) == 15\n    assert candidate(4) == 56\n    assert candidate(1) == 1\n\ndef test_check():\n    check(sum_Of_product)\n\ntest_check()\n",
      "timestamp": 1665510313,
      "stdout": "",
      "stderr": "Traceback (most recent call last):\n  File \"/tmp/tmp28x5smfj.py\", line 19, in <module>\n    test_check()\n  File \"/tmp/tmp28x5smfj.py\", line 17, in test_check\n    check(sum_Of_product)\n  File \"/tmp/tmp28x5smfj.py\", line 12, in check\n    assert candidate(3) == 15\n  File \"/tmp/tmp28x5smfj.py\", line 7, in sum_Of_product\n    sum += binomial_coefficient(n, i) * binomial_coefficient(n, i + 1)\nNameError: name 'binomial_coefficient' is not defined\n",
      "exit_code": 1,
      "status": "Exception"
    },
    {
      "program": "def sum_Of_product(n: int) -> int:\n    \"\"\"\n\tWrite a python function to find the sum of the product of consecutive binomial co-efficients.\n\t\"\"\"\n    sum = 0\n    for i in range(1, n + 1):\n        sum += binomial_coefficient(n, i) * binomial_coefficient(n, i + 1)\n    return sum\n\n\ndef check(candidate):\n    assert candidate(3) == 15\n    assert candidate(4) == 56\n    assert candidate(1) == 1\n\ndef test_check():\n    check(sum_Of_product)\n\ntest_check()\n",
      "timestamp": 1665510313,
      "stdout": "",
      "stderr": "Traceback (most recent call last):\n  File \"/tmp/tmp28x5smfj.py\", line 19, in <module>\n    test_check()\n  File \"/tmp/tmp28x5smfj.py\", line 17, in test_check\n    check(sum_Of_product)\n  File \"/tmp/tmp28x5smfj.py\", line 12, in check\n    assert candidate(3) == 15\n  File \"/tmp/tmp28x5smfj.py\", line 7, in sum_Of_product\n    sum += binomial_coefficient(n, i) * binomial_coefficient(n, i + 1)\nNameError: name 'binomial_coefficient' is not defined\n",
      "exit_code": 1,
      "status": "Exception"
    },
    {
      "program": "def sum_Of_product(n: int) -> int:\n    \"\"\"\n\tWrite a python function to find the sum of the product of consecutive binomial co-efficients.\n\t\"\"\"\n    sum = 0\n    for i in range(1, n + 1):\n        sum += binomial_coefficient(n, i) * binomial_coefficient(n, i + 1)\n    return sum\n\n\ndef check(candidate):\n    assert candidate(3) == 15\n    assert candidate(4) == 56\n    assert candidate(1) == 1\n\ndef test_check():\n    check(sum_Of_product)\n\ntest_check()\n",
      "timestamp": 1665510313,
      "stdout": "",
      "stderr": "Traceback (most recent call last):\n  File \"/tmp/tmp28x5smfj.py\", line 19, in <module>\n    test_check()\n  File \"/tmp/tmp28x5smfj.py\", line 17, in test_check\n    check(sum_Of_product)\n  File \"/tmp/tmp28x5smfj.py\", line 12, in check\n    assert candidate(3) == 15\n  File \"/tmp/tmp28x5smfj.py\", line 7, in sum_Of_product\n    sum += binomial_coefficient(n, i) * binomial_coefficient(n, i + 1)\nNameError: name 'binomial_coefficient' is not defined\n",
      "exit_code": 1,
      "status": "Exception"
    },
    {
      "program": "def sum_Of_product(n: int) -> int:\n    \"\"\"\n\tWrite a python function to find the sum of the product of consecutive binomial co-efficients.\n\t\"\"\"\n    sum = 0\n    for i in range(1, n + 1):\n        sum += binomial_coefficient(n, i) * binomial_coefficient(n, i + 1)\n    return sum\n\n\ndef check(candidate):\n    assert candidate(3) == 15\n    assert candidate(4) == 56\n    assert candidate(1) == 1\n\ndef test_check():\n    check(sum_Of_product)\n\ntest_check()\n",
      "timestamp": 1665510313,
      "stdout": "",
      "stderr": "Traceback (most recent call last):\n  File \"/tmp/tmp28x5smfj.py\", line 19, in <module>\n    test_check()\n  File \"/tmp/tmp28x5smfj.py\", line 17, in test_check\n    check(sum_Of_product)\n  File \"/tmp/tmp28x5smfj.py\", line 12, in check\n    assert candidate(3) == 15\n  File \"/tmp/tmp28x5smfj.py\", line 7, in sum_Of_product\n    sum += binomial_coefficient(n, i) * binomial_coefficient(n, i + 1)\nNameError: name 'binomial_coefficient' is not defined\n",
      "exit_code": 1,
      "status": "Exception"
    },
    {
      "program": "def sum_Of_product(n: int) -> int:\n    \"\"\"\n\tWrite a python function to find the sum of the product of consecutive binomial co-efficients.\n\t\"\"\"\n    sum = 0\n    for i in range(1, n + 1):\n        sum += binomial_coefficient(n, i) * binomial_coefficient(n, i + 1)\n    return sum\n\n\ndef check(candidate):\n    assert candidate(3) == 15\n    assert candidate(4) == 56\n    assert candidate(1) == 1\n\ndef test_check():\n    check(sum_Of_product)\n\ntest_check()\n",
      "timestamp": 1665510313,
      "stdout": "",
      "stderr": "Traceback (most recent call last):\n  File \"/tmp/tmp28x5smfj.py\", line 19, in <module>\n    test_check()\n  File \"/tmp/tmp28x5smfj.py\", line 17, in test_check\n    check(sum_Of_product)\n  File \"/tmp/tmp28x5smfj.py\", line 12, in check\n    assert candidate(3) == 15\n  File \"/tmp/tmp28x5smfj.py\", line 7, in sum_Of_product\n    sum += binomial_coefficient(n, i) * binomial_coefficient(n, i + 1)\nNameError: name 'binomial_coefficient' is not defined\n",
      "exit_code": 1,
      "status": "Exception"
    },
    {
      "program": "def sum_Of_product(n: int) -> int:\n    \"\"\"\n\tWrite a python function to find the sum of the product of consecutive binomial co-efficients.\n\t\"\"\"\n    sum = 0\n    for i in range(1, n + 1):\n        sum += binomial_coefficient(n, i) * binomial_coefficient(n, i + 1)\n    return sum\n\n\ndef check(candidate):\n    assert candidate(3) == 15\n    assert candidate(4) == 56\n    assert candidate(1) == 1\n\ndef test_check():\n    check(sum_Of_product)\n\ntest_check()\n",
      "timestamp": 1665510313,
      "stdout": "",
      "stderr": "Traceback (most recent call last):\n  File \"/tmp/tmp28x5smfj.py\", line 19, in <module>\n    test_check()\n  File \"/tmp/tmp28x5smfj.py\", line 17, in test_check\n    check(sum_Of_product)\n  File \"/tmp/tmp28x5smfj.py\", line 12, in check\n    assert candidate(3) == 15\n  File \"/tmp/tmp28x5smfj.py\", line 7, in sum_Of_product\n    sum += binomial_coefficient(n, i) * binomial_coefficient(n, i + 1)\nNameError: name 'binomial_coefficient' is not defined\n",
      "exit_code": 1,
      "status": "Exception"
    },
    {
      "program": "def sum_Of_product(n: int) -> int:\n    \"\"\"\n\tWrite a python function to find the sum of the product of consecutive binomial co-efficients.\n\t\"\"\"\n    sum = 0\n    for i in range(1, n + 1):\n        sum += binomial_coefficient(n, i) * binomial_coefficient(n, i + 1)\n    return sum\n\n\ndef check(candidate):\n    assert candidate(3) == 15\n    assert candidate(4) == 56\n    assert candidate(1) == 1\n\ndef test_check():\n    check(sum_Of_product)\n\ntest_check()\n",
      "timestamp": 1665510313,
      "stdout": "",
      "stderr": "Traceback (most recent call last):\n  File \"/tmp/tmp28x5smfj.py\", line 19, in <module>\n    test_check()\n  File \"/tmp/tmp28x5smfj.py\", line 17, in test_check\n    check(sum_Of_product)\n  File \"/tmp/tmp28x5smfj.py\", line 12, in check\n    assert candidate(3) == 15\n  File \"/tmp/tmp28x5smfj.py\", line 7, in sum_Of_product\n    sum += binomial_coefficient(n, i) * binomial_coefficient(n, i + 1)\nNameError: name 'binomial_coefficient' is not defined\n",
      "exit_code": 1,
      "status": "Exception"
    },
    {
      "program": "def sum_Of_product(n: int) -> int:\n    \"\"\"\n\tWrite a python function to find the sum of the product of consecutive binomial co-efficients.\n\t\"\"\"\n    if n < 0:\n        return 0\n    else:\n        return (n * (n + 1) * (2 * n + 1)) // 6\n\n\ndef check(candidate):\n    assert candidate(3) == 15\n    assert candidate(4) == 56\n    assert candidate(1) == 1\n\ndef test_check():\n    check(sum_Of_product)\n\ntest_check()\n",
      "timestamp": 1665510313,
      "stdout": "",
      "stderr": "Traceback (most recent call last):\n  File \"/tmp/tmpj5qzbv_4.py\", line 19, in <module>\n    test_check()\n  File \"/tmp/tmpj5qzbv_4.py\", line 17, in test_check\n    check(sum_Of_product)\n  File \"/tmp/tmpj5qzbv_4.py\", line 12, in check\n    assert candidate(3) == 15\nAssertionError\n",
      "exit_code": 1,
      "status": "Exception"
    },
    {
      "program": "def sum_Of_product(n: int) -> int:\n    \"\"\"\n\tWrite a python function to find the sum of the product of consecutive binomial co-efficients.\n\t\"\"\"\n    sum = 0\n    for i in range(1, n + 1):\n        sum += binomial_coefficient(n, i) * binomial_coefficient(n, i + 1)\n    return sum\n\n\ndef check(candidate):\n    assert candidate(3) == 15\n    assert candidate(4) == 56\n    assert candidate(1) == 1\n\ndef test_check():\n    check(sum_Of_product)\n\ntest_check()\n",
      "timestamp": 1665510313,
      "stdout": "",
      "stderr": "Traceback (most recent call last):\n  File \"/tmp/tmp28x5smfj.py\", line 19, in <module>\n    test_check()\n  File \"/tmp/tmp28x5smfj.py\", line 17, in test_check\n    check(sum_Of_product)\n  File \"/tmp/tmp28x5smfj.py\", line 12, in check\n    assert candidate(3) == 15\n  File \"/tmp/tmp28x5smfj.py\", line 7, in sum_Of_product\n    sum += binomial_coefficient(n, i) * binomial_coefficient(n, i + 1)\nNameError: name 'binomial_coefficient' is not defined\n",
      "exit_code": 1,
      "status": "Exception"
    },
    {
      "program": "def sum_Of_product(n: int) -> int:\n    \"\"\"\n\tWrite a python function to find the sum of the product of consecutive binomial co-efficients.\n\t\"\"\"\n    sum = 0\n    for i in range(1, n + 1):\n        sum += (binomial_coefficient(n, i) * binomial_coefficient(n, i + 1))\n    return sum\n\n\ndef check(candidate):\n    assert candidate(3) == 15\n    assert candidate(4) == 56\n    assert candidate(1) == 1\n\ndef test_check():\n    check(sum_Of_product)\n\ntest_check()\n",
      "timestamp": 1665510313,
      "stdout": "",
      "stderr": "Traceback (most recent call last):\n  File \"/tmp/tmpcczu7s6a.py\", line 19, in <module>\n    test_check()\n  File \"/tmp/tmpcczu7s6a.py\", line 17, in test_check\n    check(sum_Of_product)\n  File \"/tmp/tmpcczu7s6a.py\", line 12, in check\n    assert candidate(3) == 15\n  File \"/tmp/tmpcczu7s6a.py\", line 7, in sum_Of_product\n    sum += (binomial_coefficient(n, i) * binomial_coefficient(n, i + 1))\nNameError: name 'binomial_coefficient' is not defined\n",
      "exit_code": 1,
      "status": "Exception"
    },
    {
      "program": "def sum_Of_product(n: int) -> int:\n    \"\"\"\n\tWrite a python function to find the sum of the product of consecutive binomial co-efficients.\n\t\"\"\"\n    sum = 0\n    for i in range(1, n + 1):\n        sum += binomial_coefficient(n, i) * binomial_coefficient(n, i + 1)\n    return sum\n\n\ndef check(candidate):\n    assert candidate(3) == 15\n    assert candidate(4) == 56\n    assert candidate(1) == 1\n\ndef test_check():\n    check(sum_Of_product)\n\ntest_check()\n",
      "timestamp": 1665510313,
      "stdout": "",
      "stderr": "Traceback (most recent call last):\n  File \"/tmp/tmp28x5smfj.py\", line 19, in <module>\n    test_check()\n  File \"/tmp/tmp28x5smfj.py\", line 17, in test_check\n    check(sum_Of_product)\n  File \"/tmp/tmp28x5smfj.py\", line 12, in check\n    assert candidate(3) == 15\n  File \"/tmp/tmp28x5smfj.py\", line 7, in sum_Of_product\n    sum += binomial_coefficient(n, i) * binomial_coefficient(n, i + 1)\nNameError: name 'binomial_coefficient' is not defined\n",
      "exit_code": 1,
      "status": "Exception"
    },
    {
      "program": "def sum_Of_product(n: int) -> int:\n    \"\"\"\n\tWrite a python function to find the sum of the product of consecutive binomial co-efficients.\n\t\"\"\"\n    sum = 0\n    for i in range(1, n + 1):\n        sum += binomial_coefficient(n, i) * binomial_coefficient(n, i + 1)\n    return sum\n\n\ndef check(candidate):\n    assert candidate(3) == 15\n    assert candidate(4) == 56\n    assert candidate(1) == 1\n\ndef test_check():\n    check(sum_Of_product)\n\ntest_check()\n",
      "timestamp": 1665510313,
      "stdout": "",
      "stderr": "Traceback (most recent call last):\n  File \"/tmp/tmp28x5smfj.py\", line 19, in <module>\n    test_check()\n  File \"/tmp/tmp28x5smfj.py\", line 17, in test_check\n    check(sum_Of_product)\n  File \"/tmp/tmp28x5smfj.py\", line 12, in check\n    assert candidate(3) == 15\n  File \"/tmp/tmp28x5smfj.py\", line 7, in sum_Of_product\n    sum += binomial_coefficient(n, i) * binomial_coefficient(n, i + 1)\nNameError: name 'binomial_coefficient' is not defined\n",
      "exit_code": 1,
      "status": "Exception"
    },
    {
      "program": "def sum_Of_product(n: int) -> int:\n    \"\"\"\n\tWrite a python function to find the sum of the product of consecutive binomial co-efficients.\n\t\"\"\"\n    sum = 0\n    for i in range(1, n + 1):\n        sum += binomial_coefficient(n, i) * binomial_coefficient(n, i + 1)\n    return sum\n\n\ndef check(candidate):\n    assert candidate(3) == 15\n    assert candidate(4) == 56\n    assert candidate(1) == 1\n\ndef test_check():\n    check(sum_Of_product)\n\ntest_check()\n",
      "timestamp": 1665510313,
      "stdout": "",
      "stderr": "Traceback (most recent call last):\n  File \"/tmp/tmp28x5smfj.py\", line 19, in <module>\n    test_check()\n  File \"/tmp/tmp28x5smfj.py\", line 17, in test_check\n    check(sum_Of_product)\n  File \"/tmp/tmp28x5smfj.py\", line 12, in check\n    assert candidate(3) == 15\n  File \"/tmp/tmp28x5smfj.py\", line 7, in sum_Of_product\n    sum += binomial_coefficient(n, i) * binomial_coefficient(n, i + 1)\nNameError: name 'binomial_coefficient' is not defined\n",
      "exit_code": 1,
      "status": "Exception"
    },
    {
      "program": "def sum_Of_product(n: int) -> int:\n    \"\"\"\n\tWrite a python function to find the sum of the product of consecutive binomial co-efficients.\n\t\"\"\"\n    sum = 0\n    for i in range(1, n + 1):\n        sum += binomial_coefficient(n, i) * binomial_coefficient(n, i + 1)\n    return sum\n\n\ndef check(candidate):\n    assert candidate(3) == 15\n    assert candidate(4) == 56\n    assert candidate(1) == 1\n\ndef test_check():\n    check(sum_Of_product)\n\ntest_check()\n",
      "timestamp": 1665510313,
      "stdout": "",
      "stderr": "Traceback (most recent call last):\n  File \"/tmp/tmp28x5smfj.py\", line 19, in <module>\n    test_check()\n  File \"/tmp/tmp28x5smfj.py\", line 17, in test_check\n    check(sum_Of_product)\n  File \"/tmp/tmp28x5smfj.py\", line 12, in check\n    assert candidate(3) == 15\n  File \"/tmp/tmp28x5smfj.py\", line 7, in sum_Of_product\n    sum += binomial_coefficient(n, i) * binomial_coefficient(n, i + 1)\nNameError: name 'binomial_coefficient' is not defined\n",
      "exit_code": 1,
      "status": "Exception"
    },
    {
      "program": "def sum_Of_product(n: int) -> int:\n    \"\"\"\n\tWrite a python function to find the sum of the product of consecutive binomial co-efficients.\n\t\"\"\"\n    sum = 0\n    for i in range(1, n + 1):\n        sum += binomial_coefficient(n, i) * binomial_coefficient(n, i + 1)\n    return sum\n\n\ndef check(candidate):\n    assert candidate(3) == 15\n    assert candidate(4) == 56\n    assert candidate(1) == 1\n\ndef test_check():\n    check(sum_Of_product)\n\ntest_check()\n",
      "timestamp": 1665510313,
      "stdout": "",
      "stderr": "Traceback (most recent call last):\n  File \"/tmp/tmp28x5smfj.py\", line 19, in <module>\n    test_check()\n  File \"/tmp/tmp28x5smfj.py\", line 17, in test_check\n    check(sum_Of_product)\n  File \"/tmp/tmp28x5smfj.py\", line 12, in check\n    assert candidate(3) == 15\n  File \"/tmp/tmp28x5smfj.py\", line 7, in sum_Of_product\n    sum += binomial_coefficient(n, i) * binomial_coefficient(n, i + 1)\nNameError: name 'binomial_coefficient' is not defined\n",
      "exit_code": 1,
      "status": "Exception"
    },
    {
      "program": "def sum_Of_product(n: int) -> int:\n    \"\"\"\n\tWrite a python function to find the sum of the product of consecutive binomial co-efficients.\n\t\"\"\"\n    sum = 0\n    for i in range(1, n + 1):\n        sum += binomial_coefficient(n, i) * binomial_coefficient(n, i + 1)\n    return sum\n\n\ndef check(candidate):\n    assert candidate(3) == 15\n    assert candidate(4) == 56\n    assert candidate(1) == 1\n\ndef test_check():\n    check(sum_Of_product)\n\ntest_check()\n",
      "timestamp": 1665510313,
      "stdout": "",
      "stderr": "Traceback (most recent call last):\n  File \"/tmp/tmp28x5smfj.py\", line 19, in <module>\n    test_check()\n  File \"/tmp/tmp28x5smfj.py\", line 17, in test_check\n    check(sum_Of_product)\n  File \"/tmp/tmp28x5smfj.py\", line 12, in check\n    assert candidate(3) == 15\n  File \"/tmp/tmp28x5smfj.py\", line 7, in sum_Of_product\n    sum += binomial_coefficient(n, i) * binomial_coefficient(n, i + 1)\nNameError: name 'binomial_coefficient' is not defined\n",
      "exit_code": 1,
      "status": "Exception"
    },
    {
      "program": "def sum_Of_product(n: int) -> int:\n    \"\"\"\n\tWrite a python function to find the sum of the product of consecutive binomial co-efficients.\n\t\"\"\"\n    sum = 0\n    for i in range(1, n + 1):\n        sum += binomial_coefficient(n, i) * binomial_coefficient(n, i + 1)\n    return sum\n\n\ndef check(candidate):\n    assert candidate(3) == 15\n    assert candidate(4) == 56\n    assert candidate(1) == 1\n\ndef test_check():\n    check(sum_Of_product)\n\ntest_check()\n",
      "timestamp": 1665510313,
      "stdout": "",
      "stderr": "Traceback (most recent call last):\n  File \"/tmp/tmp28x5smfj.py\", line 19, in <module>\n    test_check()\n  File \"/tmp/tmp28x5smfj.py\", line 17, in test_check\n    check(sum_Of_product)\n  File \"/tmp/tmp28x5smfj.py\", line 12, in check\n    assert candidate(3) == 15\n  File \"/tmp/tmp28x5smfj.py\", line 7, in sum_Of_product\n    sum += binomial_coefficient(n, i) * binomial_coefficient(n, i + 1)\nNameError: name 'binomial_coefficient' is not defined\n",
      "exit_code": 1,
      "status": "Exception"
    },
    {
      "program": "def sum_Of_product(n: int) -> int:\n    \"\"\"\n\tWrite a python function to find the sum of the product of consecutive binomial co-efficients.\n\t\"\"\"\n    sum = 0\n    for i in range(1, n + 1):\n        sum += binomial_coefficient(n, i) * binomial_coefficient(n, i + 1)\n    return sum\n\n\ndef check(candidate):\n    assert candidate(3) == 15\n    assert candidate(4) == 56\n    assert candidate(1) == 1\n\ndef test_check():\n    check(sum_Of_product)\n\ntest_check()\n",
      "timestamp": 1665510313,
      "stdout": "",
      "stderr": "Traceback (most recent call last):\n  File \"/tmp/tmp28x5smfj.py\", line 19, in <module>\n    test_check()\n  File \"/tmp/tmp28x5smfj.py\", line 17, in test_check\n    check(sum_Of_product)\n  File \"/tmp/tmp28x5smfj.py\", line 12, in check\n    assert candidate(3) == 15\n  File \"/tmp/tmp28x5smfj.py\", line 7, in sum_Of_product\n    sum += binomial_coefficient(n, i) * binomial_coefficient(n, i + 1)\nNameError: name 'binomial_coefficient' is not defined\n",
      "exit_code": 1,
      "status": "Exception"
    },
    {
      "program": "def sum_Of_product(n: int) -> int:\n    \"\"\"\n\tWrite a python function to find the sum of the product of consecutive binomial co-efficients.\n\t\"\"\"\n    sum = 0\n    for i in range(1, n + 1):\n        sum += factorial(n) / (factorial(i) * factorial(n - i))\n    return sum\n\n\ndef check(candidate):\n    assert candidate(3) == 15\n    assert candidate(4) == 56\n    assert candidate(1) == 1\n\ndef test_check():\n    check(sum_Of_product)\n\ntest_check()\n",
      "timestamp": 1665510313,
      "stdout": "",
      "stderr": "Traceback (most recent call last):\n  File \"/tmp/tmplvtvmpcy.py\", line 19, in <module>\n    test_check()\n  File \"/tmp/tmplvtvmpcy.py\", line 17, in test_check\n    check(sum_Of_product)\n  File \"/tmp/tmplvtvmpcy.py\", line 12, in check\n    assert candidate(3) == 15\n  File \"/tmp/tmplvtvmpcy.py\", line 7, in sum_Of_product\n    sum += factorial(n) / (factorial(i) * factorial(n - i))\nNameError: name 'factorial' is not defined\n",
      "exit_code": 1,
      "status": "Exception"
    },
    {
      "program": "def sum_Of_product(n: int) -> int:\n    \"\"\"\n\tWrite a python function to find the sum of the product of consecutive binomial co-efficients.\n\t\"\"\"\n    sum = 0\n    for i in range(1, n + 1):\n        sum += binomial_coefficient(n, i) * binomial_coefficient(n, i + 1)\n    return sum\n\n\ndef check(candidate):\n    assert candidate(3) == 15\n    assert candidate(4) == 56\n    assert candidate(1) == 1\n\ndef test_check():\n    check(sum_Of_product)\n\ntest_check()\n",
      "timestamp": 1665510313,
      "stdout": "",
      "stderr": "Traceback (most recent call last):\n  File \"/tmp/tmp28x5smfj.py\", line 19, in <module>\n    test_check()\n  File \"/tmp/tmp28x5smfj.py\", line 17, in test_check\n    check(sum_Of_product)\n  File \"/tmp/tmp28x5smfj.py\", line 12, in check\n    assert candidate(3) == 15\n  File \"/tmp/tmp28x5smfj.py\", line 7, in sum_Of_product\n    sum += binomial_coefficient(n, i) * binomial_coefficient(n, i + 1)\nNameError: name 'binomial_coefficient' is not defined\n",
      "exit_code": 1,
      "status": "Exception"
    },
    {
      "program": "def sum_Of_product(n: int) -> int:\n    \"\"\"\n\tWrite a python function to find the sum of the product of consecutive binomial co-efficients.\n\t\"\"\"\n    sum = 0\n    for i in range(1, n + 1):\n        sum += binomial_coefficient(n, i) * binomial_coefficient(n, i + 1)\n    return sum\n\n\ndef check(candidate):\n    assert candidate(3) == 15\n    assert candidate(4) == 56\n    assert candidate(1) == 1\n\ndef test_check():\n    check(sum_Of_product)\n\ntest_check()\n",
      "timestamp": 1665510313,
      "stdout": "",
      "stderr": "Traceback (most recent call last):\n  File \"/tmp/tmp28x5smfj.py\", line 19, in <module>\n    test_check()\n  File \"/tmp/tmp28x5smfj.py\", line 17, in test_check\n    check(sum_Of_product)\n  File \"/tmp/tmp28x5smfj.py\", line 12, in check\n    assert candidate(3) == 15\n  File \"/tmp/tmp28x5smfj.py\", line 7, in sum_Of_product\n    sum += binomial_coefficient(n, i) * binomial_coefficient(n, i + 1)\nNameError: name 'binomial_coefficient' is not defined\n",
      "exit_code": 1,
      "status": "Exception"
    },
    {
      "program": "def sum_Of_product(n: int) -> int:\n    \"\"\"\n\tWrite a python function to find the sum of the product of consecutive binomial co-efficients.\n\t\"\"\"\n    sum = 0\n    for i in range(1, n + 1):\n        sum += (binomial_coefficient(n, i) * binomial_coefficient(n, i + 1))\n    return sum\n\n\ndef check(candidate):\n    assert candidate(3) == 15\n    assert candidate(4) == 56\n    assert candidate(1) == 1\n\ndef test_check():\n    check(sum_Of_product)\n\ntest_check()\n",
      "timestamp": 1665510313,
      "stdout": "",
      "stderr": "Traceback (most recent call last):\n  File \"/tmp/tmpcczu7s6a.py\", line 19, in <module>\n    test_check()\n  File \"/tmp/tmpcczu7s6a.py\", line 17, in test_check\n    check(sum_Of_product)\n  File \"/tmp/tmpcczu7s6a.py\", line 12, in check\n    assert candidate(3) == 15\n  File \"/tmp/tmpcczu7s6a.py\", line 7, in sum_Of_product\n    sum += (binomial_coefficient(n, i) * binomial_coefficient(n, i + 1))\nNameError: name 'binomial_coefficient' is not defined\n",
      "exit_code": 1,
      "status": "Exception"
    },
    {
      "program": "def sum_Of_product(n: int) -> int:\n    \"\"\"\n\tWrite a python function to find the sum of the product of consecutive binomial co-efficients.\n\t\"\"\"\n    return sum(binomial(n, i) * binomial(n, i + 1) for i in range(n))\n\n\ndef check(candidate):\n    assert candidate(3) == 15\n    assert candidate(4) == 56\n    assert candidate(1) == 1\n\ndef test_check():\n    check(sum_Of_product)\n\ntest_check()\n",
      "timestamp": 1666123388,
      "stdout": "",
      "stderr": "Traceback (most recent call last):\n  File \"/tmp/tmphbn0_4z6.py\", line 16, in <module>\n    test_check()\n  File \"/tmp/tmphbn0_4z6.py\", line 14, in test_check\n    check(sum_Of_product)\n  File \"/tmp/tmphbn0_4z6.py\", line 9, in check\n    assert candidate(3) == 15\n  File \"/tmp/tmphbn0_4z6.py\", line 5, in sum_Of_product\n    return sum(binomial(n, i) * binomial(n, i + 1) for i in range(n))\n  File \"/tmp/tmphbn0_4z6.py\", line 5, in <genexpr>\n    return sum(binomial(n, i) * binomial(n, i + 1) for i in range(n))\nNameError: name 'binomial' is not defined\n",
      "exit_code": 1,
      "status": "Exception"
    },
    {
      "program": "def sum_Of_product(n: int) -> int:\n    \"\"\"\n\tWrite a python function to find the sum of the product of consecutive binomial co-efficients.\n\t\"\"\"\n    if n < 0:\n        return 0\n    else:\n        return n * (n + 1) // 2\n\n\ndef check(candidate):\n    assert candidate(3) == 15\n    assert candidate(4) == 56\n    assert candidate(1) == 1\n\ndef test_check():\n    check(sum_Of_product)\n\ntest_check()\n",
      "timestamp": 1665510313,
      "stdout": "",
      "stderr": "Traceback (most recent call last):\n  File \"/tmp/tmpcbalt342.py\", line 19, in <module>\n    test_check()\n  File \"/tmp/tmpcbalt342.py\", line 17, in test_check\n    check(sum_Of_product)\n  File \"/tmp/tmpcbalt342.py\", line 12, in check\n    assert candidate(3) == 15\nAssertionError\n",
      "exit_code": 1,
      "status": "Exception"
    },
    {
      "program": "def sum_Of_product(n: int) -> int:\n    \"\"\"\n\tWrite a python function to find the sum of the product of consecutive binomial co-efficients.\n\t\"\"\"\n    sum = 0\n    for i in range(1, n + 1):\n        sum += binomial_coefficient(n, i) * i\n    return sum\n\n\ndef check(candidate):\n    assert candidate(3) == 15\n    assert candidate(4) == 56\n    assert candidate(1) == 1\n\ndef test_check():\n    check(sum_Of_product)\n\ntest_check()\n",
      "timestamp": 1665510313,
      "stdout": "",
      "stderr": "Traceback (most recent call last):\n  File \"/tmp/tmpjlym3tp3.py\", line 19, in <module>\n    test_check()\n  File \"/tmp/tmpjlym3tp3.py\", line 17, in test_check\n    check(sum_Of_product)\n  File \"/tmp/tmpjlym3tp3.py\", line 12, in check\n    assert candidate(3) == 15\n  File \"/tmp/tmpjlym3tp3.py\", line 7, in sum_Of_product\n    sum += binomial_coefficient(n, i) * i\nNameError: name 'binomial_coefficient' is not defined\n",
      "exit_code": 1,
      "status": "Exception"
    },
    {
      "program": "def sum_Of_product(n: int) -> int:\n    \"\"\"\n\tWrite a python function to find the sum of the product of consecutive binomial co-efficients.\n\t\"\"\"\n    sum = 0\n    for i in range(1, n + 1):\n        sum += binomial_coefficient(n, i) * binomial_coefficient(n, i + 1)\n    return sum\n\n\ndef check(candidate):\n    assert candidate(3) == 15\n    assert candidate(4) == 56\n    assert candidate(1) == 1\n\ndef test_check():\n    check(sum_Of_product)\n\ntest_check()\n",
      "timestamp": 1665510313,
      "stdout": "",
      "stderr": "Traceback (most recent call last):\n  File \"/tmp/tmp28x5smfj.py\", line 19, in <module>\n    test_check()\n  File \"/tmp/tmp28x5smfj.py\", line 17, in test_check\n    check(sum_Of_product)\n  File \"/tmp/tmp28x5smfj.py\", line 12, in check\n    assert candidate(3) == 15\n  File \"/tmp/tmp28x5smfj.py\", line 7, in sum_Of_product\n    sum += binomial_coefficient(n, i) * binomial_coefficient(n, i + 1)\nNameError: name 'binomial_coefficient' is not defined\n",
      "exit_code": 1,
      "status": "Exception"
    },
    {
      "program": "def sum_Of_product(n: int) -> int:\n    \"\"\"\n\tWrite a python function to find the sum of the product of consecutive binomial co-efficients.\n\t\"\"\"\n    sum = 0\n    for i in range(1, n + 1):\n        sum += binomial_coefficient(n, i) * binomial_coefficient(n, i + 1)\n    return sum\n\n\ndef check(candidate):\n    assert candidate(3) == 15\n    assert candidate(4) == 56\n    assert candidate(1) == 1\n\ndef test_check():\n    check(sum_Of_product)\n\ntest_check()\n",
      "timestamp": 1665510313,
      "stdout": "",
      "stderr": "Traceback (most recent call last):\n  File \"/tmp/tmp28x5smfj.py\", line 19, in <module>\n    test_check()\n  File \"/tmp/tmp28x5smfj.py\", line 17, in test_check\n    check(sum_Of_product)\n  File \"/tmp/tmp28x5smfj.py\", line 12, in check\n    assert candidate(3) == 15\n  File \"/tmp/tmp28x5smfj.py\", line 7, in sum_Of_product\n    sum += binomial_coefficient(n, i) * binomial_coefficient(n, i + 1)\nNameError: name 'binomial_coefficient' is not defined\n",
      "exit_code": 1,
      "status": "Exception"
    },
    {
      "program": "def sum_Of_product(n: int) -> int:\n    \"\"\"\n\tWrite a python function to find the sum of the product of consecutive binomial co-efficients.\n\t\"\"\"\n    sum = 0\n    for i in range(1, n + 1):\n        sum += binomial_coefficient(n, i) * binomial_coefficient(n, i + 1)\n    return sum\n\n\ndef check(candidate):\n    assert candidate(3) == 15\n    assert candidate(4) == 56\n    assert candidate(1) == 1\n\ndef test_check():\n    check(sum_Of_product)\n\ntest_check()\n",
      "timestamp": 1665510313,
      "stdout": "",
      "stderr": "Traceback (most recent call last):\n  File \"/tmp/tmp28x5smfj.py\", line 19, in <module>\n    test_check()\n  File \"/tmp/tmp28x5smfj.py\", line 17, in test_check\n    check(sum_Of_product)\n  File \"/tmp/tmp28x5smfj.py\", line 12, in check\n    assert candidate(3) == 15\n  File \"/tmp/tmp28x5smfj.py\", line 7, in sum_Of_product\n    sum += binomial_coefficient(n, i) * binomial_coefficient(n, i + 1)\nNameError: name 'binomial_coefficient' is not defined\n",
      "exit_code": 1,
      "status": "Exception"
    },
    {
      "program": "def sum_Of_product(n: int) -> int:\n    \"\"\"\n\tWrite a python function to find the sum of the product of consecutive binomial co-efficients.\n\t\"\"\"\n    sum = 0\n    for i in range(1, n + 1):\n        sum += binomial_coefficient(n, i) * binomial_coefficient(n, i + 1)\n    return sum\n\n\ndef check(candidate):\n    assert candidate(3) == 15\n    assert candidate(4) == 56\n    assert candidate(1) == 1\n\ndef test_check():\n    check(sum_Of_product)\n\ntest_check()\n",
      "timestamp": 1665510313,
      "stdout": "",
      "stderr": "Traceback (most recent call last):\n  File \"/tmp/tmp28x5smfj.py\", line 19, in <module>\n    test_check()\n  File \"/tmp/tmp28x5smfj.py\", line 17, in test_check\n    check(sum_Of_product)\n  File \"/tmp/tmp28x5smfj.py\", line 12, in check\n    assert candidate(3) == 15\n  File \"/tmp/tmp28x5smfj.py\", line 7, in sum_Of_product\n    sum += binomial_coefficient(n, i) * binomial_coefficient(n, i + 1)\nNameError: name 'binomial_coefficient' is not defined\n",
      "exit_code": 1,
      "status": "Exception"
    },
    {
      "program": "def sum_Of_product(n: int) -> int:\n    \"\"\"\n\tWrite a python function to find the sum of the product of consecutive binomial co-efficients.\n\t\"\"\"\n    sum = 0\n    for i in range(1, n + 1):\n        sum += (factorial(n) / (factorial(i) * factorial(n - i))) * (factorial(n) / (factorial(i + 1) * factorial(n - i - 1)))\n    return sum\n\n\ndef check(candidate):\n    assert candidate(3) == 15\n    assert candidate(4) == 56\n    assert candidate(1) == 1\n\ndef test_check():\n    check(sum_Of_product)\n\ntest_check()\n",
      "timestamp": 1665510313,
      "stdout": "",
      "stderr": "Traceback (most recent call last):\n  File \"/tmp/tmpnajb98ov.py\", line 19, in <module>\n    test_check()\n  File \"/tmp/tmpnajb98ov.py\", line 17, in test_check\n    check(sum_Of_product)\n  File \"/tmp/tmpnajb98ov.py\", line 12, in check\n    assert candidate(3) == 15\n  File \"/tmp/tmpnajb98ov.py\", line 7, in sum_Of_product\n    sum += (factorial(n) / (factorial(i) * factorial(n - i))) * (factorial(n) / (factorial(i + 1) * factorial(n - i - 1)))\nNameError: name 'factorial' is not defined\n",
      "exit_code": 1,
      "status": "Exception"
    },
    {
      "program": "def sum_Of_product(n: int) -> int:\n    \"\"\"\n\tWrite a python function to find the sum of the product of consecutive binomial co-efficients.\n\t\"\"\"\n    sum = 0\n    for i in range(1, n + 1):\n        sum += nCr(n, i) * nCr(n, i + 1)\n    return sum\n\n\ndef check(candidate):\n    assert candidate(3) == 15\n    assert candidate(4) == 56\n    assert candidate(1) == 1\n\ndef test_check():\n    check(sum_Of_product)\n\ntest_check()\n",
      "timestamp": 1665510313,
      "stdout": "",
      "stderr": "Traceback (most recent call last):\n  File \"/tmp/tmppni0je0w.py\", line 19, in <module>\n    test_check()\n  File \"/tmp/tmppni0je0w.py\", line 17, in test_check\n    check(sum_Of_product)\n  File \"/tmp/tmppni0je0w.py\", line 12, in check\n    assert candidate(3) == 15\n  File \"/tmp/tmppni0je0w.py\", line 7, in sum_Of_product\n    sum += nCr(n, i) * nCr(n, i + 1)\nNameError: name 'nCr' is not defined\n",
      "exit_code": 1,
      "status": "Exception"
    },
    {
      "program": "def sum_Of_product(n: int) -> int:\n    \"\"\"\n\tWrite a python function to find the sum of the product of consecutive binomial co-efficients.\n\t\"\"\"\n    sum = 0\n    for i in range(1, n + 1):\n        sum += binomial_coefficient(n, i) * binomial_coefficient(n, i + 1)\n    return sum\n\n\ndef check(candidate):\n    assert candidate(3) == 15\n    assert candidate(4) == 56\n    assert candidate(1) == 1\n\ndef test_check():\n    check(sum_Of_product)\n\ntest_check()\n",
      "timestamp": 1665510313,
      "stdout": "",
      "stderr": "Traceback (most recent call last):\n  File \"/tmp/tmp28x5smfj.py\", line 19, in <module>\n    test_check()\n  File \"/tmp/tmp28x5smfj.py\", line 17, in test_check\n    check(sum_Of_product)\n  File \"/tmp/tmp28x5smfj.py\", line 12, in check\n    assert candidate(3) == 15\n  File \"/tmp/tmp28x5smfj.py\", line 7, in sum_Of_product\n    sum += binomial_coefficient(n, i) * binomial_coefficient(n, i + 1)\nNameError: name 'binomial_coefficient' is not defined\n",
      "exit_code": 1,
      "status": "Exception"
    },
    {
      "program": "def sum_Of_product(n: int) -> int:\n    \"\"\"\n\tWrite a python function to find the sum of the product of consecutive binomial co-efficients.\n\t\"\"\"\n    sum = 0\n    for i in range(1, n + 1):\n        sum += binomial_coefficient(n, i) * binomial_coefficient(n, i + 1)\n    return sum\n\n\ndef check(candidate):\n    assert candidate(3) == 15\n    assert candidate(4) == 56\n    assert candidate(1) == 1\n\ndef test_check():\n    check(sum_Of_product)\n\ntest_check()\n",
      "timestamp": 1665510313,
      "stdout": "",
      "stderr": "Traceback (most recent call last):\n  File \"/tmp/tmp28x5smfj.py\", line 19, in <module>\n    test_check()\n  File \"/tmp/tmp28x5smfj.py\", line 17, in test_check\n    check(sum_Of_product)\n  File \"/tmp/tmp28x5smfj.py\", line 12, in check\n    assert candidate(3) == 15\n  File \"/tmp/tmp28x5smfj.py\", line 7, in sum_Of_product\n    sum += binomial_coefficient(n, i) * binomial_coefficient(n, i + 1)\nNameError: name 'binomial_coefficient' is not defined\n",
      "exit_code": 1,
      "status": "Exception"
    },
    {
      "program": "def sum_Of_product(n: int) -> int:\n    \"\"\"\n\tWrite a python function to find the sum of the product of consecutive binomial co-efficients.\n\t\"\"\"\n    sum = 0\n    for i in range(1, n + 1):\n        sum += binomial_coefficient(n, i) * i\n    return sum\n\n\ndef check(candidate):\n    assert candidate(3) == 15\n    assert candidate(4) == 56\n    assert candidate(1) == 1\n\ndef test_check():\n    check(sum_Of_product)\n\ntest_check()\n",
      "timestamp": 1665510313,
      "stdout": "",
      "stderr": "Traceback (most recent call last):\n  File \"/tmp/tmpjlym3tp3.py\", line 19, in <module>\n    test_check()\n  File \"/tmp/tmpjlym3tp3.py\", line 17, in test_check\n    check(sum_Of_product)\n  File \"/tmp/tmpjlym3tp3.py\", line 12, in check\n    assert candidate(3) == 15\n  File \"/tmp/tmpjlym3tp3.py\", line 7, in sum_Of_product\n    sum += binomial_coefficient(n, i) * i\nNameError: name 'binomial_coefficient' is not defined\n",
      "exit_code": 1,
      "status": "Exception"
    },
    {
      "program": "def sum_Of_product(n: int) -> int:\n    \"\"\"\n\tWrite a python function to find the sum of the product of consecutive binomial co-efficients.\n\t\"\"\"\n    sum = 0\n    for i in range(1, n + 1):\n        sum += binomial_coeff(n, i) * i\n    return sum\n\n\ndef check(candidate):\n    assert candidate(3) == 15\n    assert candidate(4) == 56\n    assert candidate(1) == 1\n\ndef test_check():\n    check(sum_Of_product)\n\ntest_check()\n",
      "timestamp": 1666123389,
      "stdout": "",
      "stderr": "Traceback (most recent call last):\n  File \"/tmp/tmpmul2rktj.py\", line 19, in <module>\n    test_check()\n  File \"/tmp/tmpmul2rktj.py\", line 17, in test_check\n    check(sum_Of_product)\n  File \"/tmp/tmpmul2rktj.py\", line 12, in check\n    assert candidate(3) == 15\n  File \"/tmp/tmpmul2rktj.py\", line 7, in sum_Of_product\n    sum += binomial_coeff(n, i) * i\nNameError: name 'binomial_coeff' is not defined\n",
      "exit_code": 1,
      "status": "Exception"
    },
    {
      "program": "def sum_Of_product(n: int) -> int:\n    \"\"\"\n\tWrite a python function to find the sum of the product of consecutive binomial co-efficients.\n\t\"\"\"\n    return sum([math.factorial(n) / (math.factorial(i) * math.factorial(n - i)) for i in range(1, n + 1)])\n\n\ndef check(candidate):\n    assert candidate(3) == 15\n    assert candidate(4) == 56\n    assert candidate(1) == 1\n\ndef test_check():\n    check(sum_Of_product)\n\ntest_check()\n",
      "timestamp": 1666123388,
      "stdout": "",
      "stderr": "Traceback (most recent call last):\n  File \"/tmp/tmpssoivjs4.py\", line 16, in <module>\n    test_check()\n  File \"/tmp/tmpssoivjs4.py\", line 14, in test_check\n    check(sum_Of_product)\n  File \"/tmp/tmpssoivjs4.py\", line 9, in check\n    assert candidate(3) == 15\n  File \"/tmp/tmpssoivjs4.py\", line 5, in sum_Of_product\n    return sum([math.factorial(n) / (math.factorial(i) * math.factorial(n - i)) for i in range(1, n + 1)])\n  File \"/tmp/tmpssoivjs4.py\", line 5, in <listcomp>\n    return sum([math.factorial(n) / (math.factorial(i) * math.factorial(n - i)) for i in range(1, n + 1)])\nNameError: name 'math' is not defined\n",
      "exit_code": 1,
      "status": "Exception"
    },
    {
      "program": "def sum_Of_product(n: int) -> int:\n    \"\"\"\n\tWrite a python function to find the sum of the product of consecutive binomial co-efficients.\n\t\"\"\"\n    sum = 0\n    for i in range(1, n + 1):\n        sum += binomial_coefficient(n, i) * binomial_coefficient(n, i + 1)\n    return sum\n\n\ndef check(candidate):\n    assert candidate(3) == 15\n    assert candidate(4) == 56\n    assert candidate(1) == 1\n\ndef test_check():\n    check(sum_Of_product)\n\ntest_check()\n",
      "timestamp": 1665510313,
      "stdout": "",
      "stderr": "Traceback (most recent call last):\n  File \"/tmp/tmp28x5smfj.py\", line 19, in <module>\n    test_check()\n  File \"/tmp/tmp28x5smfj.py\", line 17, in test_check\n    check(sum_Of_product)\n  File \"/tmp/tmp28x5smfj.py\", line 12, in check\n    assert candidate(3) == 15\n  File \"/tmp/tmp28x5smfj.py\", line 7, in sum_Of_product\n    sum += binomial_coefficient(n, i) * binomial_coefficient(n, i + 1)\nNameError: name 'binomial_coefficient' is not defined\n",
      "exit_code": 1,
      "status": "Exception"
    },
    {
      "program": "def sum_Of_product(n: int) -> int:\n    \"\"\"\n\tWrite a python function to find the sum of the product of consecutive binomial co-efficients.\n\t\"\"\"\n    sum = 0\n    for i in range(1, n + 1):\n        sum += binomial_coefficient(n, i) * i\n    return sum\n\n\ndef check(candidate):\n    assert candidate(3) == 15\n    assert candidate(4) == 56\n    assert candidate(1) == 1\n\ndef test_check():\n    check(sum_Of_product)\n\ntest_check()\n",
      "timestamp": 1665510313,
      "stdout": "",
      "stderr": "Traceback (most recent call last):\n  File \"/tmp/tmpjlym3tp3.py\", line 19, in <module>\n    test_check()\n  File \"/tmp/tmpjlym3tp3.py\", line 17, in test_check\n    check(sum_Of_product)\n  File \"/tmp/tmpjlym3tp3.py\", line 12, in check\n    assert candidate(3) == 15\n  File \"/tmp/tmpjlym3tp3.py\", line 7, in sum_Of_product\n    sum += binomial_coefficient(n, i) * i\nNameError: name 'binomial_coefficient' is not defined\n",
      "exit_code": 1,
      "status": "Exception"
    },
    {
      "program": "def sum_Of_product(n: int) -> int:\n    \"\"\"\n\tWrite a python function to find the sum of the product of consecutive binomial co-efficients.\n\t\"\"\"\n    sum = 0\n    for i in range(1, n + 1):\n        sum += nCr(n, i) * nCr(n, i + 1)\n    return sum\n\n\ndef check(candidate):\n    assert candidate(3) == 15\n    assert candidate(4) == 56\n    assert candidate(1) == 1\n\ndef test_check():\n    check(sum_Of_product)\n\ntest_check()\n",
      "timestamp": 1665510313,
      "stdout": "",
      "stderr": "Traceback (most recent call last):\n  File \"/tmp/tmppni0je0w.py\", line 19, in <module>\n    test_check()\n  File \"/tmp/tmppni0je0w.py\", line 17, in test_check\n    check(sum_Of_product)\n  File \"/tmp/tmppni0je0w.py\", line 12, in check\n    assert candidate(3) == 15\n  File \"/tmp/tmppni0je0w.py\", line 7, in sum_Of_product\n    sum += nCr(n, i) * nCr(n, i + 1)\nNameError: name 'nCr' is not defined\n",
      "exit_code": 1,
      "status": "Exception"
    },
    {
      "program": "def sum_Of_product(n: int) -> int:\n    \"\"\"\n\tWrite a python function to find the sum of the product of consecutive binomial co-efficients.\n\t\"\"\"\n    sum = 0\n    for i in range(1, n + 1):\n        sum += binomial_coefficient(n, i) * binomial_coefficient(n, i + 1)\n    return sum\n\n\ndef check(candidate):\n    assert candidate(3) == 15\n    assert candidate(4) == 56\n    assert candidate(1) == 1\n\ndef test_check():\n    check(sum_Of_product)\n\ntest_check()\n",
      "timestamp": 1665510313,
      "stdout": "",
      "stderr": "Traceback (most recent call last):\n  File \"/tmp/tmp28x5smfj.py\", line 19, in <module>\n    test_check()\n  File \"/tmp/tmp28x5smfj.py\", line 17, in test_check\n    check(sum_Of_product)\n  File \"/tmp/tmp28x5smfj.py\", line 12, in check\n    assert candidate(3) == 15\n  File \"/tmp/tmp28x5smfj.py\", line 7, in sum_Of_product\n    sum += binomial_coefficient(n, i) * binomial_coefficient(n, i + 1)\nNameError: name 'binomial_coefficient' is not defined\n",
      "exit_code": 1,
      "status": "Exception"
    },
    {
      "program": "def sum_Of_product(n: int) -> int:\n    \"\"\"\n\tWrite a python function to find the sum of the product of consecutive binomial co-efficients.\n\t\"\"\"\n    sum = 0\n    for i in range(1, n + 1):\n        sum += binomial_coefficient(n, i) * binomial_coefficient(n, i + 1)\n    return sum\n\n\ndef check(candidate):\n    assert candidate(3) == 15\n    assert candidate(4) == 56\n    assert candidate(1) == 1\n\ndef test_check():\n    check(sum_Of_product)\n\ntest_check()\n",
      "timestamp": 1665510313,
      "stdout": "",
      "stderr": "Traceback (most recent call last):\n  File \"/tmp/tmp28x5smfj.py\", line 19, in <module>\n    test_check()\n  File \"/tmp/tmp28x5smfj.py\", line 17, in test_check\n    check(sum_Of_product)\n  File \"/tmp/tmp28x5smfj.py\", line 12, in check\n    assert candidate(3) == 15\n  File \"/tmp/tmp28x5smfj.py\", line 7, in sum_Of_product\n    sum += binomial_coefficient(n, i) * binomial_coefficient(n, i + 1)\nNameError: name 'binomial_coefficient' is not defined\n",
      "exit_code": 1,
      "status": "Exception"
    },
    {
      "program": "def sum_Of_product(n: int) -> int:\n    \"\"\"\n\tWrite a python function to find the sum of the product of consecutive binomial co-efficients.\n\t\"\"\"\n    if n < 0:\n        return 0\n    else:\n        return (n * (n + 1) * (2 * n + 1)) // 6\n\n\ndef check(candidate):\n    assert candidate(3) == 15\n    assert candidate(4) == 56\n    assert candidate(1) == 1\n\ndef test_check():\n    check(sum_Of_product)\n\ntest_check()\n",
      "timestamp": 1665510313,
      "stdout": "",
      "stderr": "Traceback (most recent call last):\n  File \"/tmp/tmpj5qzbv_4.py\", line 19, in <module>\n    test_check()\n  File \"/tmp/tmpj5qzbv_4.py\", line 17, in test_check\n    check(sum_Of_product)\n  File \"/tmp/tmpj5qzbv_4.py\", line 12, in check\n    assert candidate(3) == 15\nAssertionError\n",
      "exit_code": 1,
      "status": "Exception"
    },
    {
      "program": "def sum_Of_product(n: int) -> int:\n    \"\"\"\n\tWrite a python function to find the sum of the product of consecutive binomial co-efficients.\n\t\"\"\"\n    sum = 0\n    for i in range(1, n + 1):\n        sum += binomial_coefficient(n, i) * binomial_coefficient(n, i + 1)\n    return sum\n\n\ndef check(candidate):\n    assert candidate(3) == 15\n    assert candidate(4) == 56\n    assert candidate(1) == 1\n\ndef test_check():\n    check(sum_Of_product)\n\ntest_check()\n",
      "timestamp": 1665510313,
      "stdout": "",
      "stderr": "Traceback (most recent call last):\n  File \"/tmp/tmp28x5smfj.py\", line 19, in <module>\n    test_check()\n  File \"/tmp/tmp28x5smfj.py\", line 17, in test_check\n    check(sum_Of_product)\n  File \"/tmp/tmp28x5smfj.py\", line 12, in check\n    assert candidate(3) == 15\n  File \"/tmp/tmp28x5smfj.py\", line 7, in sum_Of_product\n    sum += binomial_coefficient(n, i) * binomial_coefficient(n, i + 1)\nNameError: name 'binomial_coefficient' is not defined\n",
      "exit_code": 1,
      "status": "Exception"
    },
    {
      "program": "def sum_Of_product(n: int) -> int:\n    \"\"\"\n\tWrite a python function to find the sum of the product of consecutive binomial co-efficients.\n\t\"\"\"\n    sum = 0\n    for i in range(1, n + 1):\n        sum += binomial_coefficient(n, i) * binomial_coefficient(n, i + 1)\n    return sum\n\n\ndef check(candidate):\n    assert candidate(3) == 15\n    assert candidate(4) == 56\n    assert candidate(1) == 1\n\ndef test_check():\n    check(sum_Of_product)\n\ntest_check()\n",
      "timestamp": 1665510313,
      "stdout": "",
      "stderr": "Traceback (most recent call last):\n  File \"/tmp/tmp28x5smfj.py\", line 19, in <module>\n    test_check()\n  File \"/tmp/tmp28x5smfj.py\", line 17, in test_check\n    check(sum_Of_product)\n  File \"/tmp/tmp28x5smfj.py\", line 12, in check\n    assert candidate(3) == 15\n  File \"/tmp/tmp28x5smfj.py\", line 7, in sum_Of_product\n    sum += binomial_coefficient(n, i) * binomial_coefficient(n, i + 1)\nNameError: name 'binomial_coefficient' is not defined\n",
      "exit_code": 1,
      "status": "Exception"
    },
    {
      "program": "def sum_Of_product(n: int) -> int:\n    \"\"\"\n\tWrite a python function to find the sum of the product of consecutive binomial co-efficients.\n\t\"\"\"\n    sum = 0\n    for i in range(1, n + 1):\n        sum += binomial_coefficient(n, i) * binomial_coefficient(n, i + 1)\n    return sum\n\n\ndef check(candidate):\n    assert candidate(3) == 15\n    assert candidate(4) == 56\n    assert candidate(1) == 1\n\ndef test_check():\n    check(sum_Of_product)\n\ntest_check()\n",
      "timestamp": 1665510313,
      "stdout": "",
      "stderr": "Traceback (most recent call last):\n  File \"/tmp/tmp28x5smfj.py\", line 19, in <module>\n    test_check()\n  File \"/tmp/tmp28x5smfj.py\", line 17, in test_check\n    check(sum_Of_product)\n  File \"/tmp/tmp28x5smfj.py\", line 12, in check\n    assert candidate(3) == 15\n  File \"/tmp/tmp28x5smfj.py\", line 7, in sum_Of_product\n    sum += binomial_coefficient(n, i) * binomial_coefficient(n, i + 1)\nNameError: name 'binomial_coefficient' is not defined\n",
      "exit_code": 1,
      "status": "Exception"
    },
    {
      "program": "def sum_Of_product(n: int) -> int:\n    \"\"\"\n\tWrite a python function to find the sum of the product of consecutive binomial co-efficients.\n\t\"\"\"\n    sum = 0\n    for i in range(1, n + 1):\n        sum += binomial_coefficient(n, i) * binomial_coefficient(n, i + 1)\n    return sum\n\n\ndef check(candidate):\n    assert candidate(3) == 15\n    assert candidate(4) == 56\n    assert candidate(1) == 1\n\ndef test_check():\n    check(sum_Of_product)\n\ntest_check()\n",
      "timestamp": 1665510313,
      "stdout": "",
      "stderr": "Traceback (most recent call last):\n  File \"/tmp/tmp28x5smfj.py\", line 19, in <module>\n    test_check()\n  File \"/tmp/tmp28x5smfj.py\", line 17, in test_check\n    check(sum_Of_product)\n  File \"/tmp/tmp28x5smfj.py\", line 12, in check\n    assert candidate(3) == 15\n  File \"/tmp/tmp28x5smfj.py\", line 7, in sum_Of_product\n    sum += binomial_coefficient(n, i) * binomial_coefficient(n, i + 1)\nNameError: name 'binomial_coefficient' is not defined\n",
      "exit_code": 1,
      "status": "Exception"
    },
    {
      "program": "def sum_Of_product(n: int) -> int:\n    \"\"\"\n\tWrite a python function to find the sum of the product of consecutive binomial co-efficients.\n\t\"\"\"\n    if n == 0:\n        return 0\n    elif n == 1:\n        return 1\n    else:\n        return n * (n + 1) // 2 + sum_Of_product(n - 1)\n\n\ndef check(candidate):\n    assert candidate(3) == 15\n    assert candidate(4) == 56\n    assert candidate(1) == 1\n\ndef test_check():\n    check(sum_Of_product)\n\ntest_check()\n",
      "timestamp": 1666123389,
      "stdout": "",
      "stderr": "Traceback (most recent call last):\n  File \"/tmp/tmpx4rpj_xo.py\", line 21, in <module>\n    test_check()\n  File \"/tmp/tmpx4rpj_xo.py\", line 19, in test_check\n    check(sum_Of_product)\n  File \"/tmp/tmpx4rpj_xo.py\", line 14, in check\n    assert candidate(3) == 15\nAssertionError\n",
      "exit_code": 1,
      "status": "Exception"
    },
    {
      "program": "def sum_Of_product(n: int) -> int:\n    \"\"\"\n\tWrite a python function to find the sum of the product of consecutive binomial co-efficients.\n\t\"\"\"\n    sum = 0\n    for i in range(1, n + 1):\n        sum += (factorial(n) / (factorial(i) * factorial(n - i))) * (factorial(n) / (factorial(i) * factorial(n - i)))\n    return sum\n\n\ndef check(candidate):\n    assert candidate(3) == 15\n    assert candidate(4) == 56\n    assert candidate(1) == 1\n\ndef test_check():\n    check(sum_Of_product)\n\ntest_check()\n",
      "timestamp": 1666123389,
      "stdout": "",
      "stderr": "Traceback (most recent call last):\n  File \"/tmp/tmpff39ui32.py\", line 19, in <module>\n    test_check()\n  File \"/tmp/tmpff39ui32.py\", line 17, in test_check\n    check(sum_Of_product)\n  File \"/tmp/tmpff39ui32.py\", line 12, in check\n    assert candidate(3) == 15\n  File \"/tmp/tmpff39ui32.py\", line 7, in sum_Of_product\n    sum += (factorial(n) / (factorial(i) * factorial(n - i))) * (factorial(n) / (factorial(i) * factorial(n - i)))\nNameError: name 'factorial' is not defined\n",
      "exit_code": 1,
      "status": "Exception"
    },
    {
      "program": "def sum_Of_product(n: int) -> int:\n    \"\"\"\n\tWrite a python function to find the sum of the product of consecutive binomial co-efficients.\n\t\"\"\"\n    sum = 0\n    for i in range(1, n + 1):\n        sum += binomial_coefficient(n, i) * binomial_coefficient(n, i + 1)\n    return sum\n\n\ndef check(candidate):\n    assert candidate(3) == 15\n    assert candidate(4) == 56\n    assert candidate(1) == 1\n\ndef test_check():\n    check(sum_Of_product)\n\ntest_check()\n",
      "timestamp": 1665510313,
      "stdout": "",
      "stderr": "Traceback (most recent call last):\n  File \"/tmp/tmp28x5smfj.py\", line 19, in <module>\n    test_check()\n  File \"/tmp/tmp28x5smfj.py\", line 17, in test_check\n    check(sum_Of_product)\n  File \"/tmp/tmp28x5smfj.py\", line 12, in check\n    assert candidate(3) == 15\n  File \"/tmp/tmp28x5smfj.py\", line 7, in sum_Of_product\n    sum += binomial_coefficient(n, i) * binomial_coefficient(n, i + 1)\nNameError: name 'binomial_coefficient' is not defined\n",
      "exit_code": 1,
      "status": "Exception"
    },
    {
      "program": "def sum_Of_product(n: int) -> int:\n    \"\"\"\n\tWrite a python function to find the sum of the product of consecutive binomial co-efficients.\n\t\"\"\"\n    sum = 0\n    for i in range(1, n + 1):\n        sum += nCr(n, i) * nCr(n, i + 1)\n    return sum\n\n\ndef check(candidate):\n    assert candidate(3) == 15\n    assert candidate(4) == 56\n    assert candidate(1) == 1\n\ndef test_check():\n    check(sum_Of_product)\n\ntest_check()\n",
      "timestamp": 1665510313,
      "stdout": "",
      "stderr": "Traceback (most recent call last):\n  File \"/tmp/tmppni0je0w.py\", line 19, in <module>\n    test_check()\n  File \"/tmp/tmppni0je0w.py\", line 17, in test_check\n    check(sum_Of_product)\n  File \"/tmp/tmppni0je0w.py\", line 12, in check\n    assert candidate(3) == 15\n  File \"/tmp/tmppni0je0w.py\", line 7, in sum_Of_product\n    sum += nCr(n, i) * nCr(n, i + 1)\nNameError: name 'nCr' is not defined\n",
      "exit_code": 1,
      "status": "Exception"
    },
    {
      "program": "def sum_Of_product(n: int) -> int:\n    \"\"\"\n\tWrite a python function to find the sum of the product of consecutive binomial co-efficients.\n\t\"\"\"\n    sum = 0\n    for i in range(1, n + 1):\n        sum += (factorial(n) / (factorial(i) * factorial(n - i))) * (factorial(n) / (factorial(i + 1) * factorial(n - i - 1)))\n    return sum\n\n\ndef check(candidate):\n    assert candidate(3) == 15\n    assert candidate(4) == 56\n    assert candidate(1) == 1\n\ndef test_check():\n    check(sum_Of_product)\n\ntest_check()\n",
      "timestamp": 1665510313,
      "stdout": "",
      "stderr": "Traceback (most recent call last):\n  File \"/tmp/tmpnajb98ov.py\", line 19, in <module>\n    test_check()\n  File \"/tmp/tmpnajb98ov.py\", line 17, in test_check\n    check(sum_Of_product)\n  File \"/tmp/tmpnajb98ov.py\", line 12, in check\n    assert candidate(3) == 15\n  File \"/tmp/tmpnajb98ov.py\", line 7, in sum_Of_product\n    sum += (factorial(n) / (factorial(i) * factorial(n - i))) * (factorial(n) / (factorial(i + 1) * factorial(n - i - 1)))\nNameError: name 'factorial' is not defined\n",
      "exit_code": 1,
      "status": "Exception"
    },
    {
      "program": "def sum_Of_product(n: int) -> int:\n    \"\"\"\n\tWrite a python function to find the sum of the product of consecutive binomial co-efficients.\n\t\"\"\"\n    sum = 0\n    for i in range(1, n + 1):\n        sum += binomial_coefficient(n, i) * i\n    return sum\n\n\ndef check(candidate):\n    assert candidate(3) == 15\n    assert candidate(4) == 56\n    assert candidate(1) == 1\n\ndef test_check():\n    check(sum_Of_product)\n\ntest_check()\n",
      "timestamp": 1665510313,
      "stdout": "",
      "stderr": "Traceback (most recent call last):\n  File \"/tmp/tmpjlym3tp3.py\", line 19, in <module>\n    test_check()\n  File \"/tmp/tmpjlym3tp3.py\", line 17, in test_check\n    check(sum_Of_product)\n  File \"/tmp/tmpjlym3tp3.py\", line 12, in check\n    assert candidate(3) == 15\n  File \"/tmp/tmpjlym3tp3.py\", line 7, in sum_Of_product\n    sum += binomial_coefficient(n, i) * i\nNameError: name 'binomial_coefficient' is not defined\n",
      "exit_code": 1,
      "status": "Exception"
    },
    {
      "program": "def sum_Of_product(n: int) -> int:\n    \"\"\"\n\tWrite a python function to find the sum of the product of consecutive binomial co-efficients.\n\t\"\"\"\n    sum = 0\n    for i in range(1, n + 1):\n        sum += binomial_coefficient(n, i) * binomial_coefficient(n, i + 1)\n    return sum\n\n\ndef check(candidate):\n    assert candidate(3) == 15\n    assert candidate(4) == 56\n    assert candidate(1) == 1\n\ndef test_check():\n    check(sum_Of_product)\n\ntest_check()\n",
      "timestamp": 1665510313,
      "stdout": "",
      "stderr": "Traceback (most recent call last):\n  File \"/tmp/tmp28x5smfj.py\", line 19, in <module>\n    test_check()\n  File \"/tmp/tmp28x5smfj.py\", line 17, in test_check\n    check(sum_Of_product)\n  File \"/tmp/tmp28x5smfj.py\", line 12, in check\n    assert candidate(3) == 15\n  File \"/tmp/tmp28x5smfj.py\", line 7, in sum_Of_product\n    sum += binomial_coefficient(n, i) * binomial_coefficient(n, i + 1)\nNameError: name 'binomial_coefficient' is not defined\n",
      "exit_code": 1,
      "status": "Exception"
    },
    {
      "program": "def sum_Of_product(n: int) -> int:\n    \"\"\"\n\tWrite a python function to find the sum of the product of consecutive binomial co-efficients.\n\t\"\"\"\n    sum = 0\n    for i in range(1, n + 1):\n        sum += binomial_coefficient(n, i) * binomial_coefficient(n, i + 1)\n    return sum\n\n\ndef check(candidate):\n    assert candidate(3) == 15\n    assert candidate(4) == 56\n    assert candidate(1) == 1\n\ndef test_check():\n    check(sum_Of_product)\n\ntest_check()\n",
      "timestamp": 1665510313,
      "stdout": "",
      "stderr": "Traceback (most recent call last):\n  File \"/tmp/tmp28x5smfj.py\", line 19, in <module>\n    test_check()\n  File \"/tmp/tmp28x5smfj.py\", line 17, in test_check\n    check(sum_Of_product)\n  File \"/tmp/tmp28x5smfj.py\", line 12, in check\n    assert candidate(3) == 15\n  File \"/tmp/tmp28x5smfj.py\", line 7, in sum_Of_product\n    sum += binomial_coefficient(n, i) * binomial_coefficient(n, i + 1)\nNameError: name 'binomial_coefficient' is not defined\n",
      "exit_code": 1,
      "status": "Exception"
    },
    {
      "program": "def sum_Of_product(n: int) -> int:\n    \"\"\"\n\tWrite a python function to find the sum of the product of consecutive binomial co-efficients.\n\t\"\"\"\n    sum = 0\n    for i in range(1, n + 1):\n        sum += binomial_coefficient(n, i) * binomial_coefficient(n, i + 1)\n    return sum\n\n\ndef check(candidate):\n    assert candidate(3) == 15\n    assert candidate(4) == 56\n    assert candidate(1) == 1\n\ndef test_check():\n    check(sum_Of_product)\n\ntest_check()\n",
      "timestamp": 1665510313,
      "stdout": "",
      "stderr": "Traceback (most recent call last):\n  File \"/tmp/tmp28x5smfj.py\", line 19, in <module>\n    test_check()\n  File \"/tmp/tmp28x5smfj.py\", line 17, in test_check\n    check(sum_Of_product)\n  File \"/tmp/tmp28x5smfj.py\", line 12, in check\n    assert candidate(3) == 15\n  File \"/tmp/tmp28x5smfj.py\", line 7, in sum_Of_product\n    sum += binomial_coefficient(n, i) * binomial_coefficient(n, i + 1)\nNameError: name 'binomial_coefficient' is not defined\n",
      "exit_code": 1,
      "status": "Exception"
    },
    {
      "program": "def sum_Of_product(n: int) -> int:\n    \"\"\"\n\tWrite a python function to find the sum of the product of consecutive binomial co-efficients.\n\t\"\"\"\n    sum = 0\n    for i in range(1, n + 1):\n        sum += binomial_coefficient(n, i) * binomial_coefficient(n, i + 1)\n    return sum\n\n\ndef check(candidate):\n    assert candidate(3) == 15\n    assert candidate(4) == 56\n    assert candidate(1) == 1\n\ndef test_check():\n    check(sum_Of_product)\n\ntest_check()\n",
      "timestamp": 1665510313,
      "stdout": "",
      "stderr": "Traceback (most recent call last):\n  File \"/tmp/tmp28x5smfj.py\", line 19, in <module>\n    test_check()\n  File \"/tmp/tmp28x5smfj.py\", line 17, in test_check\n    check(sum_Of_product)\n  File \"/tmp/tmp28x5smfj.py\", line 12, in check\n    assert candidate(3) == 15\n  File \"/tmp/tmp28x5smfj.py\", line 7, in sum_Of_product\n    sum += binomial_coefficient(n, i) * binomial_coefficient(n, i + 1)\nNameError: name 'binomial_coefficient' is not defined\n",
      "exit_code": 1,
      "status": "Exception"
    },
    {
      "program": "def sum_Of_product(n: int) -> int:\n    \"\"\"\n\tWrite a python function to find the sum of the product of consecutive binomial co-efficients.\n\t\"\"\"\n    if n == 1:\n        return 1\n    else:\n        return n * sum_Of_product(n - 1)\n\n\ndef check(candidate):\n    assert candidate(3) == 15\n    assert candidate(4) == 56\n    assert candidate(1) == 1\n\ndef test_check():\n    check(sum_Of_product)\n\ntest_check()\n",
      "timestamp": 1666123389,
      "stdout": "",
      "stderr": "Traceback (most recent call last):\n  File \"/tmp/tmplp5texs9.py\", line 19, in <module>\n    test_check()\n  File \"/tmp/tmplp5texs9.py\", line 17, in test_check\n    check(sum_Of_product)\n  File \"/tmp/tmplp5texs9.py\", line 12, in check\n    assert candidate(3) == 15\nAssertionError\n",
      "exit_code": 1,
      "status": "Exception"
    },
    {
      "program": "def sum_Of_product(n: int) -> int:\n    \"\"\"\n\tWrite a python function to find the sum of the product of consecutive binomial co-efficients.\n\t\"\"\"\n    sum = 0\n    for i in range(1, n + 1):\n        sum += binomial_coefficient(n, i) * binomial_coefficient(n, i + 1)\n    return sum\n\n\ndef check(candidate):\n    assert candidate(3) == 15\n    assert candidate(4) == 56\n    assert candidate(1) == 1\n\ndef test_check():\n    check(sum_Of_product)\n\ntest_check()\n",
      "timestamp": 1665510313,
      "stdout": "",
      "stderr": "Traceback (most recent call last):\n  File \"/tmp/tmp28x5smfj.py\", line 19, in <module>\n    test_check()\n  File \"/tmp/tmp28x5smfj.py\", line 17, in test_check\n    check(sum_Of_product)\n  File \"/tmp/tmp28x5smfj.py\", line 12, in check\n    assert candidate(3) == 15\n  File \"/tmp/tmp28x5smfj.py\", line 7, in sum_Of_product\n    sum += binomial_coefficient(n, i) * binomial_coefficient(n, i + 1)\nNameError: name 'binomial_coefficient' is not defined\n",
      "exit_code": 1,
      "status": "Exception"
    },
    {
      "program": "def sum_Of_product(n: int) -> int:\n    \"\"\"\n\tWrite a python function to find the sum of the product of consecutive binomial co-efficients.\n\t\"\"\"\n    sum = 0\n    for i in range(n):\n        sum += binomial_coefficient(n, i) * binomial_coefficient(n, i + 1)\n    return sum\n\n\ndef check(candidate):\n    assert candidate(3) == 15\n    assert candidate(4) == 56\n    assert candidate(1) == 1\n\ndef test_check():\n    check(sum_Of_product)\n\ntest_check()\n",
      "timestamp": 1666123388,
      "stdout": "",
      "stderr": "Traceback (most recent call last):\n  File \"/tmp/tmpw8s99yyl.py\", line 19, in <module>\n    test_check()\n  File \"/tmp/tmpw8s99yyl.py\", line 17, in test_check\n    check(sum_Of_product)\n  File \"/tmp/tmpw8s99yyl.py\", line 12, in check\n    assert candidate(3) == 15\n  File \"/tmp/tmpw8s99yyl.py\", line 7, in sum_Of_product\n    sum += binomial_coefficient(n, i) * binomial_coefficient(n, i + 1)\nNameError: name 'binomial_coefficient' is not defined\n",
      "exit_code": 1,
      "status": "Exception"
    },
    {
      "program": "def sum_Of_product(n: int) -> int:\n    \"\"\"\n\tWrite a python function to find the sum of the product of consecutive binomial co-efficients.\n\t\"\"\"\n    sum = 0\n    for i in range(1, n + 1):\n        sum += binomial_coefficient(n, i) * binomial_coefficient(n, i + 1)\n    return sum\n\n\ndef check(candidate):\n    assert candidate(3) == 15\n    assert candidate(4) == 56\n    assert candidate(1) == 1\n\ndef test_check():\n    check(sum_Of_product)\n\ntest_check()\n",
      "timestamp": 1665510313,
      "stdout": "",
      "stderr": "Traceback (most recent call last):\n  File \"/tmp/tmp28x5smfj.py\", line 19, in <module>\n    test_check()\n  File \"/tmp/tmp28x5smfj.py\", line 17, in test_check\n    check(sum_Of_product)\n  File \"/tmp/tmp28x5smfj.py\", line 12, in check\n    assert candidate(3) == 15\n  File \"/tmp/tmp28x5smfj.py\", line 7, in sum_Of_product\n    sum += binomial_coefficient(n, i) * binomial_coefficient(n, i + 1)\nNameError: name 'binomial_coefficient' is not defined\n",
      "exit_code": 1,
      "status": "Exception"
    },
    {
      "program": "def sum_Of_product(n: int) -> int:\n    \"\"\"\n\tWrite a python function to find the sum of the product of consecutive binomial co-efficients.\n\t\"\"\"\n    sum = 0\n    for i in range(1, n + 1):\n        sum += binomial_coefficient(n, i) * binomial_coefficient(n, i + 1)\n    return sum\n\n\ndef check(candidate):\n    assert candidate(3) == 15\n    assert candidate(4) == 56\n    assert candidate(1) == 1\n\ndef test_check():\n    check(sum_Of_product)\n\ntest_check()\n",
      "timestamp": 1665510313,
      "stdout": "",
      "stderr": "Traceback (most recent call last):\n  File \"/tmp/tmp28x5smfj.py\", line 19, in <module>\n    test_check()\n  File \"/tmp/tmp28x5smfj.py\", line 17, in test_check\n    check(sum_Of_product)\n  File \"/tmp/tmp28x5smfj.py\", line 12, in check\n    assert candidate(3) == 15\n  File \"/tmp/tmp28x5smfj.py\", line 7, in sum_Of_product\n    sum += binomial_coefficient(n, i) * binomial_coefficient(n, i + 1)\nNameError: name 'binomial_coefficient' is not defined\n",
      "exit_code": 1,
      "status": "Exception"
    },
    {
      "program": "def sum_Of_product(n: int) -> int:\n    \"\"\"\n\tWrite a python function to find the sum of the product of consecutive binomial co-efficients.\n\t\"\"\"\n    return sum(binomial_coefficient(n, i) * binomial_coefficient(n, i + 1) for i in range(n))\n\n\ndef check(candidate):\n    assert candidate(3) == 15\n    assert candidate(4) == 56\n    assert candidate(1) == 1\n\ndef test_check():\n    check(sum_Of_product)\n\ntest_check()\n",
      "timestamp": 1665510313,
      "stdout": "",
      "stderr": "Traceback (most recent call last):\n  File \"/tmp/tmpbegw44z_.py\", line 16, in <module>\n    test_check()\n  File \"/tmp/tmpbegw44z_.py\", line 14, in test_check\n    check(sum_Of_product)\n  File \"/tmp/tmpbegw44z_.py\", line 9, in check\n    assert candidate(3) == 15\n  File \"/tmp/tmpbegw44z_.py\", line 5, in sum_Of_product\n    return sum(binomial_coefficient(n, i) * binomial_coefficient(n, i + 1) for i in range(n))\n  File \"/tmp/tmpbegw44z_.py\", line 5, in <genexpr>\n    return sum(binomial_coefficient(n, i) * binomial_coefficient(n, i + 1) for i in range(n))\nNameError: name 'binomial_coefficient' is not defined\n",
      "exit_code": 1,
      "status": "Exception"
    },
    {
      "program": "def sum_Of_product(n: int) -> int:\n    \"\"\"\n\tWrite a python function to find the sum of the product of consecutive binomial co-efficients.\n\t\"\"\"\n    sum = 0\n    for i in range(1, n + 1):\n        sum += binomial_coefficient(n, i) * binomial_coefficient(n, i + 1)\n    return sum\n\n\ndef check(candidate):\n    assert candidate(3) == 15\n    assert candidate(4) == 56\n    assert candidate(1) == 1\n\ndef test_check():\n    check(sum_Of_product)\n\ntest_check()\n",
      "timestamp": 1665510313,
      "stdout": "",
      "stderr": "Traceback (most recent call last):\n  File \"/tmp/tmp28x5smfj.py\", line 19, in <module>\n    test_check()\n  File \"/tmp/tmp28x5smfj.py\", line 17, in test_check\n    check(sum_Of_product)\n  File \"/tmp/tmp28x5smfj.py\", line 12, in check\n    assert candidate(3) == 15\n  File \"/tmp/tmp28x5smfj.py\", line 7, in sum_Of_product\n    sum += binomial_coefficient(n, i) * binomial_coefficient(n, i + 1)\nNameError: name 'binomial_coefficient' is not defined\n",
      "exit_code": 1,
      "status": "Exception"
    },
    {
      "program": "def sum_Of_product(n: int) -> int:\n    \"\"\"\n\tWrite a python function to find the sum of the product of consecutive binomial co-efficients.\n\t\"\"\"\n    sum = 0\n    for i in range(1, n + 1):\n        sum += binomial_coefficient(n, i) * binomial_coefficient(n, i + 1)\n    return sum\n\n\ndef check(candidate):\n    assert candidate(3) == 15\n    assert candidate(4) == 56\n    assert candidate(1) == 1\n\ndef test_check():\n    check(sum_Of_product)\n\ntest_check()\n",
      "timestamp": 1665510313,
      "stdout": "",
      "stderr": "Traceback (most recent call last):\n  File \"/tmp/tmp28x5smfj.py\", line 19, in <module>\n    test_check()\n  File \"/tmp/tmp28x5smfj.py\", line 17, in test_check\n    check(sum_Of_product)\n  File \"/tmp/tmp28x5smfj.py\", line 12, in check\n    assert candidate(3) == 15\n  File \"/tmp/tmp28x5smfj.py\", line 7, in sum_Of_product\n    sum += binomial_coefficient(n, i) * binomial_coefficient(n, i + 1)\nNameError: name 'binomial_coefficient' is not defined\n",
      "exit_code": 1,
      "status": "Exception"
    },
    {
      "program": "def sum_Of_product(n: int) -> int:\n    \"\"\"\n\tWrite a python function to find the sum of the product of consecutive binomial co-efficients.\n\t\"\"\"\n    sum = 0\n    for i in range(1, n + 1):\n        sum += binomial_coefficient(n, i) * binomial_coefficient(n, i + 1)\n    return sum\n\n\ndef check(candidate):\n    assert candidate(3) == 15\n    assert candidate(4) == 56\n    assert candidate(1) == 1\n\ndef test_check():\n    check(sum_Of_product)\n\ntest_check()\n",
      "timestamp": 1665510313,
      "stdout": "",
      "stderr": "Traceback (most recent call last):\n  File \"/tmp/tmp28x5smfj.py\", line 19, in <module>\n    test_check()\n  File \"/tmp/tmp28x5smfj.py\", line 17, in test_check\n    check(sum_Of_product)\n  File \"/tmp/tmp28x5smfj.py\", line 12, in check\n    assert candidate(3) == 15\n  File \"/tmp/tmp28x5smfj.py\", line 7, in sum_Of_product\n    sum += binomial_coefficient(n, i) * binomial_coefficient(n, i + 1)\nNameError: name 'binomial_coefficient' is not defined\n",
      "exit_code": 1,
      "status": "Exception"
    },
    {
      "program": "def sum_Of_product(n: int) -> int:\n    \"\"\"\n\tWrite a python function to find the sum of the product of consecutive binomial co-efficients.\n\t\"\"\"\n    sum = 0\n    for i in range(1, n + 1):\n        sum += binomial_coefficient(n, i) * binomial_coefficient(n, i + 1)\n    return sum\n\n\ndef check(candidate):\n    assert candidate(3) == 15\n    assert candidate(4) == 56\n    assert candidate(1) == 1\n\ndef test_check():\n    check(sum_Of_product)\n\ntest_check()\n",
      "timestamp": 1665510313,
      "stdout": "",
      "stderr": "Traceback (most recent call last):\n  File \"/tmp/tmp28x5smfj.py\", line 19, in <module>\n    test_check()\n  File \"/tmp/tmp28x5smfj.py\", line 17, in test_check\n    check(sum_Of_product)\n  File \"/tmp/tmp28x5smfj.py\", line 12, in check\n    assert candidate(3) == 15\n  File \"/tmp/tmp28x5smfj.py\", line 7, in sum_Of_product\n    sum += binomial_coefficient(n, i) * binomial_coefficient(n, i + 1)\nNameError: name 'binomial_coefficient' is not defined\n",
      "exit_code": 1,
      "status": "Exception"
    },
    {
      "program": "def sum_Of_product(n: int) -> int:\n    \"\"\"\n\tWrite a python function to find the sum of the product of consecutive binomial co-efficients.\n\t\"\"\"\n    sum = 0\n    for i in range(1, n + 1):\n        sum += (binomial(n, i) * binomial(n, i + 1))\n    return sum\n\n\ndef check(candidate):\n    assert candidate(3) == 15\n    assert candidate(4) == 56\n    assert candidate(1) == 1\n\ndef test_check():\n    check(sum_Of_product)\n\ntest_check()\n",
      "timestamp": 1666123389,
      "stdout": "",
      "stderr": "Traceback (most recent call last):\n  File \"/tmp/tmp7asvquvy.py\", line 19, in <module>\n    test_check()\n  File \"/tmp/tmp7asvquvy.py\", line 17, in test_check\n    check(sum_Of_product)\n  File \"/tmp/tmp7asvquvy.py\", line 12, in check\n    assert candidate(3) == 15\n  File \"/tmp/tmp7asvquvy.py\", line 7, in sum_Of_product\n    sum += (binomial(n, i) * binomial(n, i + 1))\nNameError: name 'binomial' is not defined\n",
      "exit_code": 1,
      "status": "Exception"
    },
    {
      "program": "def sum_Of_product(n: int) -> int:\n    \"\"\"\n\tWrite a python function to find the sum of the product of consecutive binomial co-efficients.\n\t\"\"\"\n    sum = 0\n    for i in range(1, n + 1):\n        sum += binomial_coefficient(n, i) * binomial_coefficient(n, i + 1)\n    return sum\n\n\ndef check(candidate):\n    assert candidate(3) == 15\n    assert candidate(4) == 56\n    assert candidate(1) == 1\n\ndef test_check():\n    check(sum_Of_product)\n\ntest_check()\n",
      "timestamp": 1665510313,
      "stdout": "",
      "stderr": "Traceback (most recent call last):\n  File \"/tmp/tmp28x5smfj.py\", line 19, in <module>\n    test_check()\n  File \"/tmp/tmp28x5smfj.py\", line 17, in test_check\n    check(sum_Of_product)\n  File \"/tmp/tmp28x5smfj.py\", line 12, in check\n    assert candidate(3) == 15\n  File \"/tmp/tmp28x5smfj.py\", line 7, in sum_Of_product\n    sum += binomial_coefficient(n, i) * binomial_coefficient(n, i + 1)\nNameError: name 'binomial_coefficient' is not defined\n",
      "exit_code": 1,
      "status": "Exception"
    },
    {
      "program": "def sum_Of_product(n: int) -> int:\n    \"\"\"\n\tWrite a python function to find the sum of the product of consecutive binomial co-efficients.\n\t\"\"\"\n    res = 0\n    for i in range(1, n + 1):\n        res += nCr(n, i) * nCr(n, i + 1)\n    return res\n\n\ndef check(candidate):\n    assert candidate(3) == 15\n    assert candidate(4) == 56\n    assert candidate(1) == 1\n\ndef test_check():\n    check(sum_Of_product)\n\ntest_check()\n",
      "timestamp": 1666123389,
      "stdout": "",
      "stderr": "Traceback (most recent call last):\n  File \"/tmp/tmpqm0_pzwb.py\", line 19, in <module>\n    test_check()\n  File \"/tmp/tmpqm0_pzwb.py\", line 17, in test_check\n    check(sum_Of_product)\n  File \"/tmp/tmpqm0_pzwb.py\", line 12, in check\n    assert candidate(3) == 15\n  File \"/tmp/tmpqm0_pzwb.py\", line 7, in sum_Of_product\n    res += nCr(n, i) * nCr(n, i + 1)\nNameError: name 'nCr' is not defined\n",
      "exit_code": 1,
      "status": "Exception"
    },
    {
      "program": "def sum_Of_product(n: int) -> int:\n    \"\"\"\n\tWrite a python function to find the sum of the product of consecutive binomial co-efficients.\n\t\"\"\"\n    sum = 0\n    for i in range(1, n + 1):\n        sum += binomial_coefficient(n, i) * binomial_coefficient(n, i + 1)\n    return sum\n\n\ndef check(candidate):\n    assert candidate(3) == 15\n    assert candidate(4) == 56\n    assert candidate(1) == 1\n\ndef test_check():\n    check(sum_Of_product)\n\ntest_check()\n",
      "timestamp": 1665510313,
      "stdout": "",
      "stderr": "Traceback (most recent call last):\n  File \"/tmp/tmp28x5smfj.py\", line 19, in <module>\n    test_check()\n  File \"/tmp/tmp28x5smfj.py\", line 17, in test_check\n    check(sum_Of_product)\n  File \"/tmp/tmp28x5smfj.py\", line 12, in check\n    assert candidate(3) == 15\n  File \"/tmp/tmp28x5smfj.py\", line 7, in sum_Of_product\n    sum += binomial_coefficient(n, i) * binomial_coefficient(n, i + 1)\nNameError: name 'binomial_coefficient' is not defined\n",
      "exit_code": 1,
      "status": "Exception"
    },
    {
      "program": "def sum_Of_product(n: int) -> int:\n    \"\"\"\n\tWrite a python function to find the sum of the product of consecutive binomial co-efficients.\n\t\"\"\"\n    if n < 0:\n        return 0\n    else:\n        return (n * (n + 1) * (2 * n + 1)) // 6\n\n\ndef check(candidate):\n    assert candidate(3) == 15\n    assert candidate(4) == 56\n    assert candidate(1) == 1\n\ndef test_check():\n    check(sum_Of_product)\n\ntest_check()\n",
      "timestamp": 1665510313,
      "stdout": "",
      "stderr": "Traceback (most recent call last):\n  File \"/tmp/tmpj5qzbv_4.py\", line 19, in <module>\n    test_check()\n  File \"/tmp/tmpj5qzbv_4.py\", line 17, in test_check\n    check(sum_Of_product)\n  File \"/tmp/tmpj5qzbv_4.py\", line 12, in check\n    assert candidate(3) == 15\nAssertionError\n",
      "exit_code": 1,
      "status": "Exception"
    },
    {
      "program": "def sum_Of_product(n: int) -> int:\n    \"\"\"\n\tWrite a python function to find the sum of the product of consecutive binomial co-efficients.\n\t\"\"\"\n    if n < 0:\n        return 0\n    else:\n        return (n * (n + 1) * (2 * n + 1)) // 6\n\n\ndef check(candidate):\n    assert candidate(3) == 15\n    assert candidate(4) == 56\n    assert candidate(1) == 1\n\ndef test_check():\n    check(sum_Of_product)\n\ntest_check()\n",
      "timestamp": 1665510313,
      "stdout": "",
      "stderr": "Traceback (most recent call last):\n  File \"/tmp/tmpj5qzbv_4.py\", line 19, in <module>\n    test_check()\n  File \"/tmp/tmpj5qzbv_4.py\", line 17, in test_check\n    check(sum_Of_product)\n  File \"/tmp/tmpj5qzbv_4.py\", line 12, in check\n    assert candidate(3) == 15\nAssertionError\n",
      "exit_code": 1,
      "status": "Exception"
    },
    {
      "program": "def sum_Of_product(n: int) -> int:\n    \"\"\"\n\tWrite a python function to find the sum of the product of consecutive binomial co-efficients.\n\t\"\"\"\n    sum = 0\n    for i in range(1, n + 1):\n        sum += (binomial_coefficient(n, i) * binomial_coefficient(n, i + 1))\n    return sum\n\n\ndef check(candidate):\n    assert candidate(3) == 15\n    assert candidate(4) == 56\n    assert candidate(1) == 1\n\ndef test_check():\n    check(sum_Of_product)\n\ntest_check()\n",
      "timestamp": 1665510313,
      "stdout": "",
      "stderr": "Traceback (most recent call last):\n  File \"/tmp/tmpcczu7s6a.py\", line 19, in <module>\n    test_check()\n  File \"/tmp/tmpcczu7s6a.py\", line 17, in test_check\n    check(sum_Of_product)\n  File \"/tmp/tmpcczu7s6a.py\", line 12, in check\n    assert candidate(3) == 15\n  File \"/tmp/tmpcczu7s6a.py\", line 7, in sum_Of_product\n    sum += (binomial_coefficient(n, i) * binomial_coefficient(n, i + 1))\nNameError: name 'binomial_coefficient' is not defined\n",
      "exit_code": 1,
      "status": "Exception"
    },
    {
      "program": "def sum_Of_product(n: int) -> int:\n    \"\"\"\n\tWrite a python function to find the sum of the product of consecutive binomial co-efficients.\n\t\"\"\"\n    if n < 0:\n        return 0\n    else:\n        return (n * (n + 1) // 2) * (n * (n + 1) // 2 + 1) // 2\n\n\ndef check(candidate):\n    assert candidate(3) == 15\n    assert candidate(4) == 56\n    assert candidate(1) == 1\n\ndef test_check():\n    check(sum_Of_product)\n\ntest_check()\n",
      "timestamp": 1666123389,
      "stdout": "",
      "stderr": "Traceback (most recent call last):\n  File \"/tmp/tmpgfbcw6yk.py\", line 19, in <module>\n    test_check()\n  File \"/tmp/tmpgfbcw6yk.py\", line 17, in test_check\n    check(sum_Of_product)\n  File \"/tmp/tmpgfbcw6yk.py\", line 12, in check\n    assert candidate(3) == 15\nAssertionError\n",
      "exit_code": 1,
      "status": "Exception"
    },
    {
      "program": "def sum_Of_product(n: int) -> int:\n    \"\"\"\n\tWrite a python function to find the sum of the product of consecutive binomial co-efficients.\n\t\"\"\"\n    sum = 0\n    for i in range(1, n + 1):\n        sum += (factorial(n) / (factorial(i) * factorial(n - i))) * (factorial(n) / (factorial(i + 1) * factorial(n - i - 1)))\n    return sum\n\n\ndef check(candidate):\n    assert candidate(3) == 15\n    assert candidate(4) == 56\n    assert candidate(1) == 1\n\ndef test_check():\n    check(sum_Of_product)\n\ntest_check()\n",
      "timestamp": 1665510313,
      "stdout": "",
      "stderr": "Traceback (most recent call last):\n  File \"/tmp/tmpnajb98ov.py\", line 19, in <module>\n    test_check()\n  File \"/tmp/tmpnajb98ov.py\", line 17, in test_check\n    check(sum_Of_product)\n  File \"/tmp/tmpnajb98ov.py\", line 12, in check\n    assert candidate(3) == 15\n  File \"/tmp/tmpnajb98ov.py\", line 7, in sum_Of_product\n    sum += (factorial(n) / (factorial(i) * factorial(n - i))) * (factorial(n) / (factorial(i + 1) * factorial(n - i - 1)))\nNameError: name 'factorial' is not defined\n",
      "exit_code": 1,
      "status": "Exception"
    },
    {
      "program": "def sum_Of_product(n: int) -> int:\n    \"\"\"\n\tWrite a python function to find the sum of the product of consecutive binomial co-efficients.\n\t\"\"\"\n    if n < 0:\n        return 0\n    else:\n        return n * (n + 1) // 2\n\n\ndef check(candidate):\n    assert candidate(3) == 15\n    assert candidate(4) == 56\n    assert candidate(1) == 1\n\ndef test_check():\n    check(sum_Of_product)\n\ntest_check()\n",
      "timestamp": 1665510313,
      "stdout": "",
      "stderr": "Traceback (most recent call last):\n  File \"/tmp/tmpcbalt342.py\", line 19, in <module>\n    test_check()\n  File \"/tmp/tmpcbalt342.py\", line 17, in test_check\n    check(sum_Of_product)\n  File \"/tmp/tmpcbalt342.py\", line 12, in check\n    assert candidate(3) == 15\nAssertionError\n",
      "exit_code": 1,
      "status": "Exception"
    },
    {
      "program": "def sum_Of_product(n: int) -> int:\n    \"\"\"\n\tWrite a python function to find the sum of the product of consecutive binomial co-efficients.\n\t\"\"\"\n    sum = 0\n    for i in range(1, n + 1):\n        sum += nCr(n, i) * nCr(n, i + 1)\n    return sum\n\n\ndef check(candidate):\n    assert candidate(3) == 15\n    assert candidate(4) == 56\n    assert candidate(1) == 1\n\ndef test_check():\n    check(sum_Of_product)\n\ntest_check()\n",
      "timestamp": 1665510313,
      "stdout": "",
      "stderr": "Traceback (most recent call last):\n  File \"/tmp/tmppni0je0w.py\", line 19, in <module>\n    test_check()\n  File \"/tmp/tmppni0je0w.py\", line 17, in test_check\n    check(sum_Of_product)\n  File \"/tmp/tmppni0je0w.py\", line 12, in check\n    assert candidate(3) == 15\n  File \"/tmp/tmppni0je0w.py\", line 7, in sum_Of_product\n    sum += nCr(n, i) * nCr(n, i + 1)\nNameError: name 'nCr' is not defined\n",
      "exit_code": 1,
      "status": "Exception"
    }
  ]
}