{
  "name": "mbpp_742_area_tetrahedron",
  "language": "py",
  "prompt": "def area_tetrahedron(side: int) -> float:\n    \"\"\"\n\tWrite a function to caluclate the area of a tetrahedron.\n\t\"\"\"\n",
  "doctests": "keep",
  "original": "/home/arjun/repos/MultiPL-E/datasets/../datasets/mbpp-typed/mbpp_742_area_tetrahedron.py",
  "prompt_terminology": "verbatim",
  "tests": "def check(candidate):\n    assert candidate(3) == 15.588457268119894\n    assert candidate(20) == 692.8203230275509\n    assert candidate(10) == 173.20508075688772\n\ndef test_check():\n    check(area_tetrahedron)\n\ntest_check()\n",
  "stop_tokens": [
    "\ndef",
    "\n#",
    "\nif",
    "\nclass"
  ],
  "results": [
    {
      "program": "def area_tetrahedron(side: int) -> float:\n    \"\"\"\n\tWrite a function to caluclate the area of a tetrahedron.\n\t\"\"\"\n    return (math.sqrt(3) / 4) * side ** 2\n\n\ndef check(candidate):\n    assert candidate(3) == 15.588457268119894\n    assert candidate(20) == 692.8203230275509\n    assert candidate(10) == 173.20508075688772\n\ndef test_check():\n    check(area_tetrahedron)\n\ntest_check()\n",
      "timestamp": 1665509968,
      "stdout": "",
      "stderr": "Traceback (most recent call last):\n  File \"/tmp/tmpph6e9gb9.py\", line 16, in <module>\n    test_check()\n  File \"/tmp/tmpph6e9gb9.py\", line 14, in test_check\n    check(area_tetrahedron)\n  File \"/tmp/tmpph6e9gb9.py\", line 9, in check\n    assert candidate(3) == 15.588457268119894\n  File \"/tmp/tmpph6e9gb9.py\", line 5, in area_tetrahedron\n    return (math.sqrt(3) / 4) * side ** 2\nNameError: name 'math' is not defined\n",
      "exit_code": 1,
      "status": "Exception"
    },
    {
      "program": "def area_tetrahedron(side: int) -> float:\n    \"\"\"\n\tWrite a function to caluclate the area of a tetrahedron.\n\t\"\"\"\n    return (math.sqrt(3) * side ** 2) / 4\n\n\ndef check(candidate):\n    assert candidate(3) == 15.588457268119894\n    assert candidate(20) == 692.8203230275509\n    assert candidate(10) == 173.20508075688772\n\ndef test_check():\n    check(area_tetrahedron)\n\ntest_check()\n",
      "timestamp": 1665509968,
      "stdout": "",
      "stderr": "Traceback (most recent call last):\n  File \"/tmp/tmpz01nro6_.py\", line 16, in <module>\n    test_check()\n  File \"/tmp/tmpz01nro6_.py\", line 14, in test_check\n    check(area_tetrahedron)\n  File \"/tmp/tmpz01nro6_.py\", line 9, in check\n    assert candidate(3) == 15.588457268119894\n  File \"/tmp/tmpz01nro6_.py\", line 5, in area_tetrahedron\n    return (math.sqrt(3) * side ** 2) / 4\nNameError: name 'math' is not defined\n",
      "exit_code": 1,
      "status": "Exception"
    },
    {
      "program": "def area_tetrahedron(side: int) -> float:\n    \"\"\"\n\tWrite a function to caluclate the area of a tetrahedron.\n\t\"\"\"\n    return math.sqrt(3) * side ** 2\n\n\ndef check(candidate):\n    assert candidate(3) == 15.588457268119894\n    assert candidate(20) == 692.8203230275509\n    assert candidate(10) == 173.20508075688772\n\ndef test_check():\n    check(area_tetrahedron)\n\ntest_check()\n",
      "timestamp": 1665509968,
      "stdout": "",
      "stderr": "Traceback (most recent call last):\n  File \"/tmp/tmpsx516fwv.py\", line 16, in <module>\n    test_check()\n  File \"/tmp/tmpsx516fwv.py\", line 14, in test_check\n    check(area_tetrahedron)\n  File \"/tmp/tmpsx516fwv.py\", line 9, in check\n    assert candidate(3) == 15.588457268119894\n  File \"/tmp/tmpsx516fwv.py\", line 5, in area_tetrahedron\n    return math.sqrt(3) * side ** 2\nNameError: name 'math' is not defined\n",
      "exit_code": 1,
      "status": "Exception"
    },
    {
      "program": "def area_tetrahedron(side: int) -> float:\n    \"\"\"\n\tWrite a function to caluclate the area of a tetrahedron.\n\t\"\"\"\n    return (math.sqrt(3) * side ** 2) / 4\n\n\ndef check(candidate):\n    assert candidate(3) == 15.588457268119894\n    assert candidate(20) == 692.8203230275509\n    assert candidate(10) == 173.20508075688772\n\ndef test_check():\n    check(area_tetrahedron)\n\ntest_check()\n",
      "timestamp": 1665509968,
      "stdout": "",
      "stderr": "Traceback (most recent call last):\n  File \"/tmp/tmpz01nro6_.py\", line 16, in <module>\n    test_check()\n  File \"/tmp/tmpz01nro6_.py\", line 14, in test_check\n    check(area_tetrahedron)\n  File \"/tmp/tmpz01nro6_.py\", line 9, in check\n    assert candidate(3) == 15.588457268119894\n  File \"/tmp/tmpz01nro6_.py\", line 5, in area_tetrahedron\n    return (math.sqrt(3) * side ** 2) / 4\nNameError: name 'math' is not defined\n",
      "exit_code": 1,
      "status": "Exception"
    },
    {
      "program": "def area_tetrahedron(side: int) -> float:\n    \"\"\"\n\tWrite a function to caluclate the area of a tetrahedron.\n\t\"\"\"\n    return (math.sqrt(3) * side ** 2) / 4\n\n\ndef check(candidate):\n    assert candidate(3) == 15.588457268119894\n    assert candidate(20) == 692.8203230275509\n    assert candidate(10) == 173.20508075688772\n\ndef test_check():\n    check(area_tetrahedron)\n\ntest_check()\n",
      "timestamp": 1665509968,
      "stdout": "",
      "stderr": "Traceback (most recent call last):\n  File \"/tmp/tmpz01nro6_.py\", line 16, in <module>\n    test_check()\n  File \"/tmp/tmpz01nro6_.py\", line 14, in test_check\n    check(area_tetrahedron)\n  File \"/tmp/tmpz01nro6_.py\", line 9, in check\n    assert candidate(3) == 15.588457268119894\n  File \"/tmp/tmpz01nro6_.py\", line 5, in area_tetrahedron\n    return (math.sqrt(3) * side ** 2) / 4\nNameError: name 'math' is not defined\n",
      "exit_code": 1,
      "status": "Exception"
    },
    {
      "program": "def area_tetrahedron(side: int) -> float:\n    \"\"\"\n\tWrite a function to caluclate the area of a tetrahedron.\n\t\"\"\"\n    return (math.sqrt(3) * side ** 2) / 4\n\n\ndef check(candidate):\n    assert candidate(3) == 15.588457268119894\n    assert candidate(20) == 692.8203230275509\n    assert candidate(10) == 173.20508075688772\n\ndef test_check():\n    check(area_tetrahedron)\n\ntest_check()\n",
      "timestamp": 1665509968,
      "stdout": "",
      "stderr": "Traceback (most recent call last):\n  File \"/tmp/tmpz01nro6_.py\", line 16, in <module>\n    test_check()\n  File \"/tmp/tmpz01nro6_.py\", line 14, in test_check\n    check(area_tetrahedron)\n  File \"/tmp/tmpz01nro6_.py\", line 9, in check\n    assert candidate(3) == 15.588457268119894\n  File \"/tmp/tmpz01nro6_.py\", line 5, in area_tetrahedron\n    return (math.sqrt(3) * side ** 2) / 4\nNameError: name 'math' is not defined\n",
      "exit_code": 1,
      "status": "Exception"
    },
    {
      "program": "def area_tetrahedron(side: int) -> float:\n    \"\"\"\n\tWrite a function to caluclate the area of a tetrahedron.\n\t\"\"\"\n    return (side ** 2 * (3 ** 0.5)) / 4\n\n\ndef check(candidate):\n    assert candidate(3) == 15.588457268119894\n    assert candidate(20) == 692.8203230275509\n    assert candidate(10) == 173.20508075688772\n\ndef test_check():\n    check(area_tetrahedron)\n\ntest_check()\n",
      "timestamp": 1665509968,
      "stdout": "",
      "stderr": "Traceback (most recent call last):\n  File \"/tmp/tmp1u52jb0m.py\", line 16, in <module>\n    test_check()\n  File \"/tmp/tmp1u52jb0m.py\", line 14, in test_check\n    check(area_tetrahedron)\n  File \"/tmp/tmp1u52jb0m.py\", line 9, in check\n    assert candidate(3) == 15.588457268119894\nAssertionError\n",
      "exit_code": 1,
      "status": "Exception"
    },
    {
      "program": "def area_tetrahedron(side: int) -> float:\n    \"\"\"\n\tWrite a function to caluclate the area of a tetrahedron.\n\t\"\"\"\n    return (math.sqrt(3) * side ** 2) / 4\n\n\ndef check(candidate):\n    assert candidate(3) == 15.588457268119894\n    assert candidate(20) == 692.8203230275509\n    assert candidate(10) == 173.20508075688772\n\ndef test_check():\n    check(area_tetrahedron)\n\ntest_check()\n",
      "timestamp": 1665509968,
      "stdout": "",
      "stderr": "Traceback (most recent call last):\n  File \"/tmp/tmpz01nro6_.py\", line 16, in <module>\n    test_check()\n  File \"/tmp/tmpz01nro6_.py\", line 14, in test_check\n    check(area_tetrahedron)\n  File \"/tmp/tmpz01nro6_.py\", line 9, in check\n    assert candidate(3) == 15.588457268119894\n  File \"/tmp/tmpz01nro6_.py\", line 5, in area_tetrahedron\n    return (math.sqrt(3) * side ** 2) / 4\nNameError: name 'math' is not defined\n",
      "exit_code": 1,
      "status": "Exception"
    },
    {
      "program": "def area_tetrahedron(side: int) -> float:\n    \"\"\"\n\tWrite a function to caluclate the area of a tetrahedron.\n\t\"\"\"\n    return (math.sqrt(3) * side ** 2) / 4\n\n\ndef check(candidate):\n    assert candidate(3) == 15.588457268119894\n    assert candidate(20) == 692.8203230275509\n    assert candidate(10) == 173.20508075688772\n\ndef test_check():\n    check(area_tetrahedron)\n\ntest_check()\n",
      "timestamp": 1665509968,
      "stdout": "",
      "stderr": "Traceback (most recent call last):\n  File \"/tmp/tmpz01nro6_.py\", line 16, in <module>\n    test_check()\n  File \"/tmp/tmpz01nro6_.py\", line 14, in test_check\n    check(area_tetrahedron)\n  File \"/tmp/tmpz01nro6_.py\", line 9, in check\n    assert candidate(3) == 15.588457268119894\n  File \"/tmp/tmpz01nro6_.py\", line 5, in area_tetrahedron\n    return (math.sqrt(3) * side ** 2) / 4\nNameError: name 'math' is not defined\n",
      "exit_code": 1,
      "status": "Exception"
    },
    {
      "program": "def area_tetrahedron(side: int) -> float:\n    \"\"\"\n\tWrite a function to caluclate the area of a tetrahedron.\n\t\"\"\"\n    return (math.sqrt(3) * side ** 2) / 4\n\n\ndef check(candidate):\n    assert candidate(3) == 15.588457268119894\n    assert candidate(20) == 692.8203230275509\n    assert candidate(10) == 173.20508075688772\n\ndef test_check():\n    check(area_tetrahedron)\n\ntest_check()\n",
      "timestamp": 1665509968,
      "stdout": "",
      "stderr": "Traceback (most recent call last):\n  File \"/tmp/tmpz01nro6_.py\", line 16, in <module>\n    test_check()\n  File \"/tmp/tmpz01nro6_.py\", line 14, in test_check\n    check(area_tetrahedron)\n  File \"/tmp/tmpz01nro6_.py\", line 9, in check\n    assert candidate(3) == 15.588457268119894\n  File \"/tmp/tmpz01nro6_.py\", line 5, in area_tetrahedron\n    return (math.sqrt(3) * side ** 2) / 4\nNameError: name 'math' is not defined\n",
      "exit_code": 1,
      "status": "Exception"
    },
    {
      "program": "def area_tetrahedron(side: int) -> float:\n    \"\"\"\n\tWrite a function to caluclate the area of a tetrahedron.\n\t\"\"\"\n    return (math.sqrt(3) * side ** 2) / 4\n\n\ndef check(candidate):\n    assert candidate(3) == 15.588457268119894\n    assert candidate(20) == 692.8203230275509\n    assert candidate(10) == 173.20508075688772\n\ndef test_check():\n    check(area_tetrahedron)\n\ntest_check()\n",
      "timestamp": 1665509968,
      "stdout": "",
      "stderr": "Traceback (most recent call last):\n  File \"/tmp/tmpz01nro6_.py\", line 16, in <module>\n    test_check()\n  File \"/tmp/tmpz01nro6_.py\", line 14, in test_check\n    check(area_tetrahedron)\n  File \"/tmp/tmpz01nro6_.py\", line 9, in check\n    assert candidate(3) == 15.588457268119894\n  File \"/tmp/tmpz01nro6_.py\", line 5, in area_tetrahedron\n    return (math.sqrt(3) * side ** 2) / 4\nNameError: name 'math' is not defined\n",
      "exit_code": 1,
      "status": "Exception"
    },
    {
      "program": "def area_tetrahedron(side: int) -> float:\n    \"\"\"\n\tWrite a function to caluclate the area of a tetrahedron.\n\t\"\"\"\n    return (math.sqrt(3) * side ** 2) / 4\n\n\ndef check(candidate):\n    assert candidate(3) == 15.588457268119894\n    assert candidate(20) == 692.8203230275509\n    assert candidate(10) == 173.20508075688772\n\ndef test_check():\n    check(area_tetrahedron)\n\ntest_check()\n",
      "timestamp": 1665509968,
      "stdout": "",
      "stderr": "Traceback (most recent call last):\n  File \"/tmp/tmpz01nro6_.py\", line 16, in <module>\n    test_check()\n  File \"/tmp/tmpz01nro6_.py\", line 14, in test_check\n    check(area_tetrahedron)\n  File \"/tmp/tmpz01nro6_.py\", line 9, in check\n    assert candidate(3) == 15.588457268119894\n  File \"/tmp/tmpz01nro6_.py\", line 5, in area_tetrahedron\n    return (math.sqrt(3) * side ** 2) / 4\nNameError: name 'math' is not defined\n",
      "exit_code": 1,
      "status": "Exception"
    },
    {
      "program": "def area_tetrahedron(side: int) -> float:\n    \"\"\"\n\tWrite a function to caluclate the area of a tetrahedron.\n\t\"\"\"\n    return (math.sqrt(3) * side ** 2) / 4\n\n\ndef check(candidate):\n    assert candidate(3) == 15.588457268119894\n    assert candidate(20) == 692.8203230275509\n    assert candidate(10) == 173.20508075688772\n\ndef test_check():\n    check(area_tetrahedron)\n\ntest_check()\n",
      "timestamp": 1665509968,
      "stdout": "",
      "stderr": "Traceback (most recent call last):\n  File \"/tmp/tmpz01nro6_.py\", line 16, in <module>\n    test_check()\n  File \"/tmp/tmpz01nro6_.py\", line 14, in test_check\n    check(area_tetrahedron)\n  File \"/tmp/tmpz01nro6_.py\", line 9, in check\n    assert candidate(3) == 15.588457268119894\n  File \"/tmp/tmpz01nro6_.py\", line 5, in area_tetrahedron\n    return (math.sqrt(3) * side ** 2) / 4\nNameError: name 'math' is not defined\n",
      "exit_code": 1,
      "status": "Exception"
    },
    {
      "program": "def area_tetrahedron(side: int) -> float:\n    \"\"\"\n\tWrite a function to caluclate the area of a tetrahedron.\n\t\"\"\"\n    return (math.sqrt(3) * side ** 2) / 4\n\n\ndef check(candidate):\n    assert candidate(3) == 15.588457268119894\n    assert candidate(20) == 692.8203230275509\n    assert candidate(10) == 173.20508075688772\n\ndef test_check():\n    check(area_tetrahedron)\n\ntest_check()\n",
      "timestamp": 1665509968,
      "stdout": "",
      "stderr": "Traceback (most recent call last):\n  File \"/tmp/tmpz01nro6_.py\", line 16, in <module>\n    test_check()\n  File \"/tmp/tmpz01nro6_.py\", line 14, in test_check\n    check(area_tetrahedron)\n  File \"/tmp/tmpz01nro6_.py\", line 9, in check\n    assert candidate(3) == 15.588457268119894\n  File \"/tmp/tmpz01nro6_.py\", line 5, in area_tetrahedron\n    return (math.sqrt(3) * side ** 2) / 4\nNameError: name 'math' is not defined\n",
      "exit_code": 1,
      "status": "Exception"
    },
    {
      "program": "def area_tetrahedron(side: int) -> float:\n    \"\"\"\n\tWrite a function to caluclate the area of a tetrahedron.\n\t\"\"\"\n    return (side ** 2 * (3 ** 0.5)) / 4\n\n\ndef check(candidate):\n    assert candidate(3) == 15.588457268119894\n    assert candidate(20) == 692.8203230275509\n    assert candidate(10) == 173.20508075688772\n\ndef test_check():\n    check(area_tetrahedron)\n\ntest_check()\n",
      "timestamp": 1665509968,
      "stdout": "",
      "stderr": "Traceback (most recent call last):\n  File \"/tmp/tmp1u52jb0m.py\", line 16, in <module>\n    test_check()\n  File \"/tmp/tmp1u52jb0m.py\", line 14, in test_check\n    check(area_tetrahedron)\n  File \"/tmp/tmp1u52jb0m.py\", line 9, in check\n    assert candidate(3) == 15.588457268119894\nAssertionError\n",
      "exit_code": 1,
      "status": "Exception"
    },
    {
      "program": "def area_tetrahedron(side: int) -> float:\n    \"\"\"\n\tWrite a function to caluclate the area of a tetrahedron.\n\t\"\"\"\n    return math.sqrt(3) * side ** 2\n\n\ndef check(candidate):\n    assert candidate(3) == 15.588457268119894\n    assert candidate(20) == 692.8203230275509\n    assert candidate(10) == 173.20508075688772\n\ndef test_check():\n    check(area_tetrahedron)\n\ntest_check()\n",
      "timestamp": 1665509968,
      "stdout": "",
      "stderr": "Traceback (most recent call last):\n  File \"/tmp/tmpsx516fwv.py\", line 16, in <module>\n    test_check()\n  File \"/tmp/tmpsx516fwv.py\", line 14, in test_check\n    check(area_tetrahedron)\n  File \"/tmp/tmpsx516fwv.py\", line 9, in check\n    assert candidate(3) == 15.588457268119894\n  File \"/tmp/tmpsx516fwv.py\", line 5, in area_tetrahedron\n    return math.sqrt(3) * side ** 2\nNameError: name 'math' is not defined\n",
      "exit_code": 1,
      "status": "Exception"
    },
    {
      "program": "def area_tetrahedron(side: int) -> float:\n    \"\"\"\n\tWrite a function to caluclate the area of a tetrahedron.\n\t\"\"\"\n    return (sqrt(3) * side ** 2) / 4\n\n\ndef check(candidate):\n    assert candidate(3) == 15.588457268119894\n    assert candidate(20) == 692.8203230275509\n    assert candidate(10) == 173.20508075688772\n\ndef test_check():\n    check(area_tetrahedron)\n\ntest_check()\n",
      "timestamp": 1665509968,
      "stdout": "",
      "stderr": "Traceback (most recent call last):\n  File \"/tmp/tmp1egg1cjg.py\", line 16, in <module>\n    test_check()\n  File \"/tmp/tmp1egg1cjg.py\", line 14, in test_check\n    check(area_tetrahedron)\n  File \"/tmp/tmp1egg1cjg.py\", line 9, in check\n    assert candidate(3) == 15.588457268119894\n  File \"/tmp/tmp1egg1cjg.py\", line 5, in area_tetrahedron\n    return (sqrt(3) * side ** 2) / 4\nNameError: name 'sqrt' is not defined\n",
      "exit_code": 1,
      "status": "Exception"
    },
    {
      "program": "def area_tetrahedron(side: int) -> float:\n    \"\"\"\n\tWrite a function to caluclate the area of a tetrahedron.\n\t\"\"\"\n    return (side ** 2 * math.sqrt(3)) / 4\n\n\ndef check(candidate):\n    assert candidate(3) == 15.588457268119894\n    assert candidate(20) == 692.8203230275509\n    assert candidate(10) == 173.20508075688772\n\ndef test_check():\n    check(area_tetrahedron)\n\ntest_check()\n",
      "timestamp": 1665509968,
      "stdout": "",
      "stderr": "Traceback (most recent call last):\n  File \"/tmp/tmp0vtdsfgn.py\", line 16, in <module>\n    test_check()\n  File \"/tmp/tmp0vtdsfgn.py\", line 14, in test_check\n    check(area_tetrahedron)\n  File \"/tmp/tmp0vtdsfgn.py\", line 9, in check\n    assert candidate(3) == 15.588457268119894\n  File \"/tmp/tmp0vtdsfgn.py\", line 5, in area_tetrahedron\n    return (side ** 2 * math.sqrt(3)) / 4\nNameError: name 'math' is not defined\n",
      "exit_code": 1,
      "status": "Exception"
    },
    {
      "program": "def area_tetrahedron(side: int) -> float:\n    \"\"\"\n\tWrite a function to caluclate the area of a tetrahedron.\n\t\"\"\"\n    return (side ** 2 * math.sqrt(3)) / 4\n\n\ndef check(candidate):\n    assert candidate(3) == 15.588457268119894\n    assert candidate(20) == 692.8203230275509\n    assert candidate(10) == 173.20508075688772\n\ndef test_check():\n    check(area_tetrahedron)\n\ntest_check()\n",
      "timestamp": 1665509968,
      "stdout": "",
      "stderr": "Traceback (most recent call last):\n  File \"/tmp/tmp0vtdsfgn.py\", line 16, in <module>\n    test_check()\n  File \"/tmp/tmp0vtdsfgn.py\", line 14, in test_check\n    check(area_tetrahedron)\n  File \"/tmp/tmp0vtdsfgn.py\", line 9, in check\n    assert candidate(3) == 15.588457268119894\n  File \"/tmp/tmp0vtdsfgn.py\", line 5, in area_tetrahedron\n    return (side ** 2 * math.sqrt(3)) / 4\nNameError: name 'math' is not defined\n",
      "exit_code": 1,
      "status": "Exception"
    },
    {
      "program": "def area_tetrahedron(side: int) -> float:\n    \"\"\"\n\tWrite a function to caluclate the area of a tetrahedron.\n\t\"\"\"\n    return (math.sqrt(3) * side ** 2) / 4\n\n\ndef check(candidate):\n    assert candidate(3) == 15.588457268119894\n    assert candidate(20) == 692.8203230275509\n    assert candidate(10) == 173.20508075688772\n\ndef test_check():\n    check(area_tetrahedron)\n\ntest_check()\n",
      "timestamp": 1665509968,
      "stdout": "",
      "stderr": "Traceback (most recent call last):\n  File \"/tmp/tmpz01nro6_.py\", line 16, in <module>\n    test_check()\n  File \"/tmp/tmpz01nro6_.py\", line 14, in test_check\n    check(area_tetrahedron)\n  File \"/tmp/tmpz01nro6_.py\", line 9, in check\n    assert candidate(3) == 15.588457268119894\n  File \"/tmp/tmpz01nro6_.py\", line 5, in area_tetrahedron\n    return (math.sqrt(3) * side ** 2) / 4\nNameError: name 'math' is not defined\n",
      "exit_code": 1,
      "status": "Exception"
    },
    {
      "program": "def area_tetrahedron(side: int) -> float:\n    \"\"\"\n\tWrite a function to caluclate the area of a tetrahedron.\n\t\"\"\"\n    return (math.sqrt(3) * side ** 2) / 4\n\n\ndef check(candidate):\n    assert candidate(3) == 15.588457268119894\n    assert candidate(20) == 692.8203230275509\n    assert candidate(10) == 173.20508075688772\n\ndef test_check():\n    check(area_tetrahedron)\n\ntest_check()\n",
      "timestamp": 1665509968,
      "stdout": "",
      "stderr": "Traceback (most recent call last):\n  File \"/tmp/tmpz01nro6_.py\", line 16, in <module>\n    test_check()\n  File \"/tmp/tmpz01nro6_.py\", line 14, in test_check\n    check(area_tetrahedron)\n  File \"/tmp/tmpz01nro6_.py\", line 9, in check\n    assert candidate(3) == 15.588457268119894\n  File \"/tmp/tmpz01nro6_.py\", line 5, in area_tetrahedron\n    return (math.sqrt(3) * side ** 2) / 4\nNameError: name 'math' is not defined\n",
      "exit_code": 1,
      "status": "Exception"
    },
    {
      "program": "def area_tetrahedron(side: int) -> float:\n    \"\"\"\n\tWrite a function to caluclate the area of a tetrahedron.\n\t\"\"\"\n    return (math.sqrt(3) * side ** 2) / 4\n\n\ndef check(candidate):\n    assert candidate(3) == 15.588457268119894\n    assert candidate(20) == 692.8203230275509\n    assert candidate(10) == 173.20508075688772\n\ndef test_check():\n    check(area_tetrahedron)\n\ntest_check()\n",
      "timestamp": 1665509968,
      "stdout": "",
      "stderr": "Traceback (most recent call last):\n  File \"/tmp/tmpz01nro6_.py\", line 16, in <module>\n    test_check()\n  File \"/tmp/tmpz01nro6_.py\", line 14, in test_check\n    check(area_tetrahedron)\n  File \"/tmp/tmpz01nro6_.py\", line 9, in check\n    assert candidate(3) == 15.588457268119894\n  File \"/tmp/tmpz01nro6_.py\", line 5, in area_tetrahedron\n    return (math.sqrt(3) * side ** 2) / 4\nNameError: name 'math' is not defined\n",
      "exit_code": 1,
      "status": "Exception"
    },
    {
      "program": "def area_tetrahedron(side: int) -> float:\n    \"\"\"\n\tWrite a function to caluclate the area of a tetrahedron.\n\t\"\"\"\n    return (math.sqrt(3) * side ** 2) / 4\n\n\ndef check(candidate):\n    assert candidate(3) == 15.588457268119894\n    assert candidate(20) == 692.8203230275509\n    assert candidate(10) == 173.20508075688772\n\ndef test_check():\n    check(area_tetrahedron)\n\ntest_check()\n",
      "timestamp": 1665509968,
      "stdout": "",
      "stderr": "Traceback (most recent call last):\n  File \"/tmp/tmpz01nro6_.py\", line 16, in <module>\n    test_check()\n  File \"/tmp/tmpz01nro6_.py\", line 14, in test_check\n    check(area_tetrahedron)\n  File \"/tmp/tmpz01nro6_.py\", line 9, in check\n    assert candidate(3) == 15.588457268119894\n  File \"/tmp/tmpz01nro6_.py\", line 5, in area_tetrahedron\n    return (math.sqrt(3) * side ** 2) / 4\nNameError: name 'math' is not defined\n",
      "exit_code": 1,
      "status": "Exception"
    },
    {
      "program": "def area_tetrahedron(side: int) -> float:\n    \"\"\"\n\tWrite a function to caluclate the area of a tetrahedron.\n\t\"\"\"\n    return (math.sqrt(3) * side ** 2) / 4\n\n\ndef check(candidate):\n    assert candidate(3) == 15.588457268119894\n    assert candidate(20) == 692.8203230275509\n    assert candidate(10) == 173.20508075688772\n\ndef test_check():\n    check(area_tetrahedron)\n\ntest_check()\n",
      "timestamp": 1665509968,
      "stdout": "",
      "stderr": "Traceback (most recent call last):\n  File \"/tmp/tmpz01nro6_.py\", line 16, in <module>\n    test_check()\n  File \"/tmp/tmpz01nro6_.py\", line 14, in test_check\n    check(area_tetrahedron)\n  File \"/tmp/tmpz01nro6_.py\", line 9, in check\n    assert candidate(3) == 15.588457268119894\n  File \"/tmp/tmpz01nro6_.py\", line 5, in area_tetrahedron\n    return (math.sqrt(3) * side ** 2) / 4\nNameError: name 'math' is not defined\n",
      "exit_code": 1,
      "status": "Exception"
    },
    {
      "program": "def area_tetrahedron(side: int) -> float:\n    \"\"\"\n\tWrite a function to caluclate the area of a tetrahedron.\n\t\"\"\"\n    return (side ** 2) * math.sqrt(3)\n\n\ndef check(candidate):\n    assert candidate(3) == 15.588457268119894\n    assert candidate(20) == 692.8203230275509\n    assert candidate(10) == 173.20508075688772\n\ndef test_check():\n    check(area_tetrahedron)\n\ntest_check()\n",
      "timestamp": 1666122567,
      "stdout": "",
      "stderr": "Traceback (most recent call last):\n  File \"/tmp/tmp9ot3s3s9.py\", line 16, in <module>\n    test_check()\n  File \"/tmp/tmp9ot3s3s9.py\", line 14, in test_check\n    check(area_tetrahedron)\n  File \"/tmp/tmp9ot3s3s9.py\", line 9, in check\n    assert candidate(3) == 15.588457268119894\n  File \"/tmp/tmp9ot3s3s9.py\", line 5, in area_tetrahedron\n    return (side ** 2) * math.sqrt(3)\nNameError: name 'math' is not defined\n",
      "exit_code": 1,
      "status": "Exception"
    },
    {
      "program": "def area_tetrahedron(side: int) -> float:\n    \"\"\"\n\tWrite a function to caluclate the area of a tetrahedron.\n\t\"\"\"\n    return (math.sqrt(3) / 4) * side ** 2\n\n\ndef check(candidate):\n    assert candidate(3) == 15.588457268119894\n    assert candidate(20) == 692.8203230275509\n    assert candidate(10) == 173.20508075688772\n\ndef test_check():\n    check(area_tetrahedron)\n\ntest_check()\n",
      "timestamp": 1665509968,
      "stdout": "",
      "stderr": "Traceback (most recent call last):\n  File \"/tmp/tmpph6e9gb9.py\", line 16, in <module>\n    test_check()\n  File \"/tmp/tmpph6e9gb9.py\", line 14, in test_check\n    check(area_tetrahedron)\n  File \"/tmp/tmpph6e9gb9.py\", line 9, in check\n    assert candidate(3) == 15.588457268119894\n  File \"/tmp/tmpph6e9gb9.py\", line 5, in area_tetrahedron\n    return (math.sqrt(3) / 4) * side ** 2\nNameError: name 'math' is not defined\n",
      "exit_code": 1,
      "status": "Exception"
    },
    {
      "program": "def area_tetrahedron(side: int) -> float:\n    \"\"\"\n\tWrite a function to caluclate the area of a tetrahedron.\n\t\"\"\"\n    return (math.sqrt(3) * side ** 2) / 4\n\n\ndef check(candidate):\n    assert candidate(3) == 15.588457268119894\n    assert candidate(20) == 692.8203230275509\n    assert candidate(10) == 173.20508075688772\n\ndef test_check():\n    check(area_tetrahedron)\n\ntest_check()\n",
      "timestamp": 1665509968,
      "stdout": "",
      "stderr": "Traceback (most recent call last):\n  File \"/tmp/tmpz01nro6_.py\", line 16, in <module>\n    test_check()\n  File \"/tmp/tmpz01nro6_.py\", line 14, in test_check\n    check(area_tetrahedron)\n  File \"/tmp/tmpz01nro6_.py\", line 9, in check\n    assert candidate(3) == 15.588457268119894\n  File \"/tmp/tmpz01nro6_.py\", line 5, in area_tetrahedron\n    return (math.sqrt(3) * side ** 2) / 4\nNameError: name 'math' is not defined\n",
      "exit_code": 1,
      "status": "Exception"
    },
    {
      "program": "def area_tetrahedron(side: int) -> float:\n    \"\"\"\n\tWrite a function to caluclate the area of a tetrahedron.\n\t\"\"\"\n    return (math.sqrt(3) * side ** 2) / 4\n\n\ndef check(candidate):\n    assert candidate(3) == 15.588457268119894\n    assert candidate(20) == 692.8203230275509\n    assert candidate(10) == 173.20508075688772\n\ndef test_check():\n    check(area_tetrahedron)\n\ntest_check()\n",
      "timestamp": 1665509968,
      "stdout": "",
      "stderr": "Traceback (most recent call last):\n  File \"/tmp/tmpz01nro6_.py\", line 16, in <module>\n    test_check()\n  File \"/tmp/tmpz01nro6_.py\", line 14, in test_check\n    check(area_tetrahedron)\n  File \"/tmp/tmpz01nro6_.py\", line 9, in check\n    assert candidate(3) == 15.588457268119894\n  File \"/tmp/tmpz01nro6_.py\", line 5, in area_tetrahedron\n    return (math.sqrt(3) * side ** 2) / 4\nNameError: name 'math' is not defined\n",
      "exit_code": 1,
      "status": "Exception"
    },
    {
      "program": "def area_tetrahedron(side: int) -> float:\n    \"\"\"\n\tWrite a function to caluclate the area of a tetrahedron.\n\t\"\"\"\n    return (math.sqrt(3) / 4) * (side ** 2)\n\n\ndef check(candidate):\n    assert candidate(3) == 15.588457268119894\n    assert candidate(20) == 692.8203230275509\n    assert candidate(10) == 173.20508075688772\n\ndef test_check():\n    check(area_tetrahedron)\n\ntest_check()\n",
      "timestamp": 1666122567,
      "stdout": "",
      "stderr": "Traceback (most recent call last):\n  File \"/tmp/tmp_ucgc805.py\", line 16, in <module>\n    test_check()\n  File \"/tmp/tmp_ucgc805.py\", line 14, in test_check\n    check(area_tetrahedron)\n  File \"/tmp/tmp_ucgc805.py\", line 9, in check\n    assert candidate(3) == 15.588457268119894\n  File \"/tmp/tmp_ucgc805.py\", line 5, in area_tetrahedron\n    return (math.sqrt(3) / 4) * (side ** 2)\nNameError: name 'math' is not defined\n",
      "exit_code": 1,
      "status": "Exception"
    },
    {
      "program": "def area_tetrahedron(side: int) -> float:\n    \"\"\"\n\tWrite a function to caluclate the area of a tetrahedron.\n\t\"\"\"\n    return (math.sqrt(3) * side ** 2) / 4\n\n\ndef check(candidate):\n    assert candidate(3) == 15.588457268119894\n    assert candidate(20) == 692.8203230275509\n    assert candidate(10) == 173.20508075688772\n\ndef test_check():\n    check(area_tetrahedron)\n\ntest_check()\n",
      "timestamp": 1665509968,
      "stdout": "",
      "stderr": "Traceback (most recent call last):\n  File \"/tmp/tmpz01nro6_.py\", line 16, in <module>\n    test_check()\n  File \"/tmp/tmpz01nro6_.py\", line 14, in test_check\n    check(area_tetrahedron)\n  File \"/tmp/tmpz01nro6_.py\", line 9, in check\n    assert candidate(3) == 15.588457268119894\n  File \"/tmp/tmpz01nro6_.py\", line 5, in area_tetrahedron\n    return (math.sqrt(3) * side ** 2) / 4\nNameError: name 'math' is not defined\n",
      "exit_code": 1,
      "status": "Exception"
    },
    {
      "program": "def area_tetrahedron(side: int) -> float:\n    \"\"\"\n\tWrite a function to caluclate the area of a tetrahedron.\n\t\"\"\"\n    return (math.sqrt(3) * side ** 2) / 4\n\n\ndef check(candidate):\n    assert candidate(3) == 15.588457268119894\n    assert candidate(20) == 692.8203230275509\n    assert candidate(10) == 173.20508075688772\n\ndef test_check():\n    check(area_tetrahedron)\n\ntest_check()\n",
      "timestamp": 1665509968,
      "stdout": "",
      "stderr": "Traceback (most recent call last):\n  File \"/tmp/tmpz01nro6_.py\", line 16, in <module>\n    test_check()\n  File \"/tmp/tmpz01nro6_.py\", line 14, in test_check\n    check(area_tetrahedron)\n  File \"/tmp/tmpz01nro6_.py\", line 9, in check\n    assert candidate(3) == 15.588457268119894\n  File \"/tmp/tmpz01nro6_.py\", line 5, in area_tetrahedron\n    return (math.sqrt(3) * side ** 2) / 4\nNameError: name 'math' is not defined\n",
      "exit_code": 1,
      "status": "Exception"
    },
    {
      "program": "def area_tetrahedron(side: int) -> float:\n    \"\"\"\n\tWrite a function to caluclate the area of a tetrahedron.\n\t\"\"\"\n    return (math.sqrt(3) * side ** 2) / 4\n\n\ndef check(candidate):\n    assert candidate(3) == 15.588457268119894\n    assert candidate(20) == 692.8203230275509\n    assert candidate(10) == 173.20508075688772\n\ndef test_check():\n    check(area_tetrahedron)\n\ntest_check()\n",
      "timestamp": 1665509968,
      "stdout": "",
      "stderr": "Traceback (most recent call last):\n  File \"/tmp/tmpz01nro6_.py\", line 16, in <module>\n    test_check()\n  File \"/tmp/tmpz01nro6_.py\", line 14, in test_check\n    check(area_tetrahedron)\n  File \"/tmp/tmpz01nro6_.py\", line 9, in check\n    assert candidate(3) == 15.588457268119894\n  File \"/tmp/tmpz01nro6_.py\", line 5, in area_tetrahedron\n    return (math.sqrt(3) * side ** 2) / 4\nNameError: name 'math' is not defined\n",
      "exit_code": 1,
      "status": "Exception"
    },
    {
      "program": "def area_tetrahedron(side: int) -> float:\n    \"\"\"\n\tWrite a function to caluclate the area of a tetrahedron.\n\t\"\"\"\n    return (math.sqrt(3) * side ** 2) / 4\n\n\ndef check(candidate):\n    assert candidate(3) == 15.588457268119894\n    assert candidate(20) == 692.8203230275509\n    assert candidate(10) == 173.20508075688772\n\ndef test_check():\n    check(area_tetrahedron)\n\ntest_check()\n",
      "timestamp": 1665509968,
      "stdout": "",
      "stderr": "Traceback (most recent call last):\n  File \"/tmp/tmpz01nro6_.py\", line 16, in <module>\n    test_check()\n  File \"/tmp/tmpz01nro6_.py\", line 14, in test_check\n    check(area_tetrahedron)\n  File \"/tmp/tmpz01nro6_.py\", line 9, in check\n    assert candidate(3) == 15.588457268119894\n  File \"/tmp/tmpz01nro6_.py\", line 5, in area_tetrahedron\n    return (math.sqrt(3) * side ** 2) / 4\nNameError: name 'math' is not defined\n",
      "exit_code": 1,
      "status": "Exception"
    },
    {
      "program": "def area_tetrahedron(side: int) -> float:\n    \"\"\"\n\tWrite a function to caluclate the area of a tetrahedron.\n\t\"\"\"\n    return (math.sqrt(3) * side ** 2) / 4\n\n\ndef check(candidate):\n    assert candidate(3) == 15.588457268119894\n    assert candidate(20) == 692.8203230275509\n    assert candidate(10) == 173.20508075688772\n\ndef test_check():\n    check(area_tetrahedron)\n\ntest_check()\n",
      "timestamp": 1665509968,
      "stdout": "",
      "stderr": "Traceback (most recent call last):\n  File \"/tmp/tmpz01nro6_.py\", line 16, in <module>\n    test_check()\n  File \"/tmp/tmpz01nro6_.py\", line 14, in test_check\n    check(area_tetrahedron)\n  File \"/tmp/tmpz01nro6_.py\", line 9, in check\n    assert candidate(3) == 15.588457268119894\n  File \"/tmp/tmpz01nro6_.py\", line 5, in area_tetrahedron\n    return (math.sqrt(3) * side ** 2) / 4\nNameError: name 'math' is not defined\n",
      "exit_code": 1,
      "status": "Exception"
    },
    {
      "program": "def area_tetrahedron(side: int) -> float:\n    \"\"\"\n\tWrite a function to caluclate the area of a tetrahedron.\n\t\"\"\"\n    return (math.sqrt(3) * side ** 2) / 4\n\n\ndef check(candidate):\n    assert candidate(3) == 15.588457268119894\n    assert candidate(20) == 692.8203230275509\n    assert candidate(10) == 173.20508075688772\n\ndef test_check():\n    check(area_tetrahedron)\n\ntest_check()\n",
      "timestamp": 1665509968,
      "stdout": "",
      "stderr": "Traceback (most recent call last):\n  File \"/tmp/tmpz01nro6_.py\", line 16, in <module>\n    test_check()\n  File \"/tmp/tmpz01nro6_.py\", line 14, in test_check\n    check(area_tetrahedron)\n  File \"/tmp/tmpz01nro6_.py\", line 9, in check\n    assert candidate(3) == 15.588457268119894\n  File \"/tmp/tmpz01nro6_.py\", line 5, in area_tetrahedron\n    return (math.sqrt(3) * side ** 2) / 4\nNameError: name 'math' is not defined\n",
      "exit_code": 1,
      "status": "Exception"
    },
    {
      "program": "def area_tetrahedron(side: int) -> float:\n    \"\"\"\n\tWrite a function to caluclate the area of a tetrahedron.\n\t\"\"\"\n    return (math.sqrt(3) * side ** 2) / 4\n\n\ndef check(candidate):\n    assert candidate(3) == 15.588457268119894\n    assert candidate(20) == 692.8203230275509\n    assert candidate(10) == 173.20508075688772\n\ndef test_check():\n    check(area_tetrahedron)\n\ntest_check()\n",
      "timestamp": 1665509968,
      "stdout": "",
      "stderr": "Traceback (most recent call last):\n  File \"/tmp/tmpz01nro6_.py\", line 16, in <module>\n    test_check()\n  File \"/tmp/tmpz01nro6_.py\", line 14, in test_check\n    check(area_tetrahedron)\n  File \"/tmp/tmpz01nro6_.py\", line 9, in check\n    assert candidate(3) == 15.588457268119894\n  File \"/tmp/tmpz01nro6_.py\", line 5, in area_tetrahedron\n    return (math.sqrt(3) * side ** 2) / 4\nNameError: name 'math' is not defined\n",
      "exit_code": 1,
      "status": "Exception"
    },
    {
      "program": "def area_tetrahedron(side: int) -> float:\n    \"\"\"\n\tWrite a function to caluclate the area of a tetrahedron.\n\t\"\"\"\n    return (math.sqrt(3) * side ** 2) / 4\n\n\ndef check(candidate):\n    assert candidate(3) == 15.588457268119894\n    assert candidate(20) == 692.8203230275509\n    assert candidate(10) == 173.20508075688772\n\ndef test_check():\n    check(area_tetrahedron)\n\ntest_check()\n",
      "timestamp": 1665509968,
      "stdout": "",
      "stderr": "Traceback (most recent call last):\n  File \"/tmp/tmpz01nro6_.py\", line 16, in <module>\n    test_check()\n  File \"/tmp/tmpz01nro6_.py\", line 14, in test_check\n    check(area_tetrahedron)\n  File \"/tmp/tmpz01nro6_.py\", line 9, in check\n    assert candidate(3) == 15.588457268119894\n  File \"/tmp/tmpz01nro6_.py\", line 5, in area_tetrahedron\n    return (math.sqrt(3) * side ** 2) / 4\nNameError: name 'math' is not defined\n",
      "exit_code": 1,
      "status": "Exception"
    },
    {
      "program": "def area_tetrahedron(side: int) -> float:\n    \"\"\"\n\tWrite a function to caluclate the area of a tetrahedron.\n\t\"\"\"\n    return (math.sqrt(3) * side ** 2) / 4\n\n\ndef check(candidate):\n    assert candidate(3) == 15.588457268119894\n    assert candidate(20) == 692.8203230275509\n    assert candidate(10) == 173.20508075688772\n\ndef test_check():\n    check(area_tetrahedron)\n\ntest_check()\n",
      "timestamp": 1665509968,
      "stdout": "",
      "stderr": "Traceback (most recent call last):\n  File \"/tmp/tmpz01nro6_.py\", line 16, in <module>\n    test_check()\n  File \"/tmp/tmpz01nro6_.py\", line 14, in test_check\n    check(area_tetrahedron)\n  File \"/tmp/tmpz01nro6_.py\", line 9, in check\n    assert candidate(3) == 15.588457268119894\n  File \"/tmp/tmpz01nro6_.py\", line 5, in area_tetrahedron\n    return (math.sqrt(3) * side ** 2) / 4\nNameError: name 'math' is not defined\n",
      "exit_code": 1,
      "status": "Exception"
    },
    {
      "program": "def area_tetrahedron(side: int) -> float:\n    \"\"\"\n\tWrite a function to caluclate the area of a tetrahedron.\n\t\"\"\"\n    return (side ** 2 * math.sqrt(3)) / 4\n\n\ndef check(candidate):\n    assert candidate(3) == 15.588457268119894\n    assert candidate(20) == 692.8203230275509\n    assert candidate(10) == 173.20508075688772\n\ndef test_check():\n    check(area_tetrahedron)\n\ntest_check()\n",
      "timestamp": 1665509968,
      "stdout": "",
      "stderr": "Traceback (most recent call last):\n  File \"/tmp/tmp0vtdsfgn.py\", line 16, in <module>\n    test_check()\n  File \"/tmp/tmp0vtdsfgn.py\", line 14, in test_check\n    check(area_tetrahedron)\n  File \"/tmp/tmp0vtdsfgn.py\", line 9, in check\n    assert candidate(3) == 15.588457268119894\n  File \"/tmp/tmp0vtdsfgn.py\", line 5, in area_tetrahedron\n    return (side ** 2 * math.sqrt(3)) / 4\nNameError: name 'math' is not defined\n",
      "exit_code": 1,
      "status": "Exception"
    },
    {
      "program": "def area_tetrahedron(side: int) -> float:\n    \"\"\"\n\tWrite a function to caluclate the area of a tetrahedron.\n\t\"\"\"\n    return (math.sqrt(3) / 4) * (side ** 2)\n\n\ndef check(candidate):\n    assert candidate(3) == 15.588457268119894\n    assert candidate(20) == 692.8203230275509\n    assert candidate(10) == 173.20508075688772\n\ndef test_check():\n    check(area_tetrahedron)\n\ntest_check()\n",
      "timestamp": 1666122567,
      "stdout": "",
      "stderr": "Traceback (most recent call last):\n  File \"/tmp/tmp_ucgc805.py\", line 16, in <module>\n    test_check()\n  File \"/tmp/tmp_ucgc805.py\", line 14, in test_check\n    check(area_tetrahedron)\n  File \"/tmp/tmp_ucgc805.py\", line 9, in check\n    assert candidate(3) == 15.588457268119894\n  File \"/tmp/tmp_ucgc805.py\", line 5, in area_tetrahedron\n    return (math.sqrt(3) / 4) * (side ** 2)\nNameError: name 'math' is not defined\n",
      "exit_code": 1,
      "status": "Exception"
    },
    {
      "program": "def area_tetrahedron(side: int) -> float:\n    \"\"\"\n\tWrite a function to caluclate the area of a tetrahedron.\n\t\"\"\"\n    return (math.sqrt(3) * side ** 2) / 4\n\n\ndef check(candidate):\n    assert candidate(3) == 15.588457268119894\n    assert candidate(20) == 692.8203230275509\n    assert candidate(10) == 173.20508075688772\n\ndef test_check():\n    check(area_tetrahedron)\n\ntest_check()\n",
      "timestamp": 1665509968,
      "stdout": "",
      "stderr": "Traceback (most recent call last):\n  File \"/tmp/tmpz01nro6_.py\", line 16, in <module>\n    test_check()\n  File \"/tmp/tmpz01nro6_.py\", line 14, in test_check\n    check(area_tetrahedron)\n  File \"/tmp/tmpz01nro6_.py\", line 9, in check\n    assert candidate(3) == 15.588457268119894\n  File \"/tmp/tmpz01nro6_.py\", line 5, in area_tetrahedron\n    return (math.sqrt(3) * side ** 2) / 4\nNameError: name 'math' is not defined\n",
      "exit_code": 1,
      "status": "Exception"
    },
    {
      "program": "def area_tetrahedron(side: int) -> float:\n    \"\"\"\n\tWrite a function to caluclate the area of a tetrahedron.\n\t\"\"\"\n    return (math.sqrt(3) * side ** 2) / 4\n\n\ndef check(candidate):\n    assert candidate(3) == 15.588457268119894\n    assert candidate(20) == 692.8203230275509\n    assert candidate(10) == 173.20508075688772\n\ndef test_check():\n    check(area_tetrahedron)\n\ntest_check()\n",
      "timestamp": 1665509968,
      "stdout": "",
      "stderr": "Traceback (most recent call last):\n  File \"/tmp/tmpz01nro6_.py\", line 16, in <module>\n    test_check()\n  File \"/tmp/tmpz01nro6_.py\", line 14, in test_check\n    check(area_tetrahedron)\n  File \"/tmp/tmpz01nro6_.py\", line 9, in check\n    assert candidate(3) == 15.588457268119894\n  File \"/tmp/tmpz01nro6_.py\", line 5, in area_tetrahedron\n    return (math.sqrt(3) * side ** 2) / 4\nNameError: name 'math' is not defined\n",
      "exit_code": 1,
      "status": "Exception"
    },
    {
      "program": "def area_tetrahedron(side: int) -> float:\n    \"\"\"\n\tWrite a function to caluclate the area of a tetrahedron.\n\t\"\"\"\n    return (math.sqrt(3) * side ** 2) / 4\n\n\ndef check(candidate):\n    assert candidate(3) == 15.588457268119894\n    assert candidate(20) == 692.8203230275509\n    assert candidate(10) == 173.20508075688772\n\ndef test_check():\n    check(area_tetrahedron)\n\ntest_check()\n",
      "timestamp": 1665509968,
      "stdout": "",
      "stderr": "Traceback (most recent call last):\n  File \"/tmp/tmpz01nro6_.py\", line 16, in <module>\n    test_check()\n  File \"/tmp/tmpz01nro6_.py\", line 14, in test_check\n    check(area_tetrahedron)\n  File \"/tmp/tmpz01nro6_.py\", line 9, in check\n    assert candidate(3) == 15.588457268119894\n  File \"/tmp/tmpz01nro6_.py\", line 5, in area_tetrahedron\n    return (math.sqrt(3) * side ** 2) / 4\nNameError: name 'math' is not defined\n",
      "exit_code": 1,
      "status": "Exception"
    },
    {
      "program": "def area_tetrahedron(side: int) -> float:\n    \"\"\"\n\tWrite a function to caluclate the area of a tetrahedron.\n\t\"\"\"\n    return (sqrt(3) * side ** 2) / 4\n\n\ndef check(candidate):\n    assert candidate(3) == 15.588457268119894\n    assert candidate(20) == 692.8203230275509\n    assert candidate(10) == 173.20508075688772\n\ndef test_check():\n    check(area_tetrahedron)\n\ntest_check()\n",
      "timestamp": 1665509968,
      "stdout": "",
      "stderr": "Traceback (most recent call last):\n  File \"/tmp/tmp1egg1cjg.py\", line 16, in <module>\n    test_check()\n  File \"/tmp/tmp1egg1cjg.py\", line 14, in test_check\n    check(area_tetrahedron)\n  File \"/tmp/tmp1egg1cjg.py\", line 9, in check\n    assert candidate(3) == 15.588457268119894\n  File \"/tmp/tmp1egg1cjg.py\", line 5, in area_tetrahedron\n    return (sqrt(3) * side ** 2) / 4\nNameError: name 'sqrt' is not defined\n",
      "exit_code": 1,
      "status": "Exception"
    },
    {
      "program": "def area_tetrahedron(side: int) -> float:\n    \"\"\"\n\tWrite a function to caluclate the area of a tetrahedron.\n\t\"\"\"\n    return (math.sqrt(3) * side ** 2) / 4\n\n\ndef check(candidate):\n    assert candidate(3) == 15.588457268119894\n    assert candidate(20) == 692.8203230275509\n    assert candidate(10) == 173.20508075688772\n\ndef test_check():\n    check(area_tetrahedron)\n\ntest_check()\n",
      "timestamp": 1665509968,
      "stdout": "",
      "stderr": "Traceback (most recent call last):\n  File \"/tmp/tmpz01nro6_.py\", line 16, in <module>\n    test_check()\n  File \"/tmp/tmpz01nro6_.py\", line 14, in test_check\n    check(area_tetrahedron)\n  File \"/tmp/tmpz01nro6_.py\", line 9, in check\n    assert candidate(3) == 15.588457268119894\n  File \"/tmp/tmpz01nro6_.py\", line 5, in area_tetrahedron\n    return (math.sqrt(3) * side ** 2) / 4\nNameError: name 'math' is not defined\n",
      "exit_code": 1,
      "status": "Exception"
    },
    {
      "program": "def area_tetrahedron(side: int) -> float:\n    \"\"\"\n\tWrite a function to caluclate the area of a tetrahedron.\n\t\"\"\"\n    return (side ** 2 * (3 ** 0.5)) / 4\n\n\ndef check(candidate):\n    assert candidate(3) == 15.588457268119894\n    assert candidate(20) == 692.8203230275509\n    assert candidate(10) == 173.20508075688772\n\ndef test_check():\n    check(area_tetrahedron)\n\ntest_check()\n",
      "timestamp": 1665509968,
      "stdout": "",
      "stderr": "Traceback (most recent call last):\n  File \"/tmp/tmp1u52jb0m.py\", line 16, in <module>\n    test_check()\n  File \"/tmp/tmp1u52jb0m.py\", line 14, in test_check\n    check(area_tetrahedron)\n  File \"/tmp/tmp1u52jb0m.py\", line 9, in check\n    assert candidate(3) == 15.588457268119894\nAssertionError\n",
      "exit_code": 1,
      "status": "Exception"
    },
    {
      "program": "def area_tetrahedron(side: int) -> float:\n    \"\"\"\n\tWrite a function to caluclate the area of a tetrahedron.\n\t\"\"\"\n    return sqrt(3) * side ** 2\n\n\ndef check(candidate):\n    assert candidate(3) == 15.588457268119894\n    assert candidate(20) == 692.8203230275509\n    assert candidate(10) == 173.20508075688772\n\ndef test_check():\n    check(area_tetrahedron)\n\ntest_check()\n",
      "timestamp": 1666122568,
      "stdout": "",
      "stderr": "Traceback (most recent call last):\n  File \"/tmp/tmpkfayzd0t.py\", line 16, in <module>\n    test_check()\n  File \"/tmp/tmpkfayzd0t.py\", line 14, in test_check\n    check(area_tetrahedron)\n  File \"/tmp/tmpkfayzd0t.py\", line 9, in check\n    assert candidate(3) == 15.588457268119894\n  File \"/tmp/tmpkfayzd0t.py\", line 5, in area_tetrahedron\n    return sqrt(3) * side ** 2\nNameError: name 'sqrt' is not defined\n",
      "exit_code": 1,
      "status": "Exception"
    },
    {
      "program": "def area_tetrahedron(side: int) -> float:\n    \"\"\"\n\tWrite a function to caluclate the area of a tetrahedron.\n\t\"\"\"\n    return (math.sqrt(3) * side ** 2) / 4\n\n\ndef check(candidate):\n    assert candidate(3) == 15.588457268119894\n    assert candidate(20) == 692.8203230275509\n    assert candidate(10) == 173.20508075688772\n\ndef test_check():\n    check(area_tetrahedron)\n\ntest_check()\n",
      "timestamp": 1665509968,
      "stdout": "",
      "stderr": "Traceback (most recent call last):\n  File \"/tmp/tmpz01nro6_.py\", line 16, in <module>\n    test_check()\n  File \"/tmp/tmpz01nro6_.py\", line 14, in test_check\n    check(area_tetrahedron)\n  File \"/tmp/tmpz01nro6_.py\", line 9, in check\n    assert candidate(3) == 15.588457268119894\n  File \"/tmp/tmpz01nro6_.py\", line 5, in area_tetrahedron\n    return (math.sqrt(3) * side ** 2) / 4\nNameError: name 'math' is not defined\n",
      "exit_code": 1,
      "status": "Exception"
    },
    {
      "program": "def area_tetrahedron(side: int) -> float:\n    \"\"\"\n\tWrite a function to caluclate the area of a tetrahedron.\n\t\"\"\"\n    return (math.sqrt(3) * side ** 2) / 4\n\n\ndef check(candidate):\n    assert candidate(3) == 15.588457268119894\n    assert candidate(20) == 692.8203230275509\n    assert candidate(10) == 173.20508075688772\n\ndef test_check():\n    check(area_tetrahedron)\n\ntest_check()\n",
      "timestamp": 1665509968,
      "stdout": "",
      "stderr": "Traceback (most recent call last):\n  File \"/tmp/tmpz01nro6_.py\", line 16, in <module>\n    test_check()\n  File \"/tmp/tmpz01nro6_.py\", line 14, in test_check\n    check(area_tetrahedron)\n  File \"/tmp/tmpz01nro6_.py\", line 9, in check\n    assert candidate(3) == 15.588457268119894\n  File \"/tmp/tmpz01nro6_.py\", line 5, in area_tetrahedron\n    return (math.sqrt(3) * side ** 2) / 4\nNameError: name 'math' is not defined\n",
      "exit_code": 1,
      "status": "Exception"
    },
    {
      "program": "def area_tetrahedron(side: int) -> float:\n    \"\"\"\n\tWrite a function to caluclate the area of a tetrahedron.\n\t\"\"\"\n    return (math.sqrt(3) * side ** 2) / 4\n\n\ndef check(candidate):\n    assert candidate(3) == 15.588457268119894\n    assert candidate(20) == 692.8203230275509\n    assert candidate(10) == 173.20508075688772\n\ndef test_check():\n    check(area_tetrahedron)\n\ntest_check()\n",
      "timestamp": 1665509968,
      "stdout": "",
      "stderr": "Traceback (most recent call last):\n  File \"/tmp/tmpz01nro6_.py\", line 16, in <module>\n    test_check()\n  File \"/tmp/tmpz01nro6_.py\", line 14, in test_check\n    check(area_tetrahedron)\n  File \"/tmp/tmpz01nro6_.py\", line 9, in check\n    assert candidate(3) == 15.588457268119894\n  File \"/tmp/tmpz01nro6_.py\", line 5, in area_tetrahedron\n    return (math.sqrt(3) * side ** 2) / 4\nNameError: name 'math' is not defined\n",
      "exit_code": 1,
      "status": "Exception"
    },
    {
      "program": "def area_tetrahedron(side: int) -> float:\n    \"\"\"\n\tWrite a function to caluclate the area of a tetrahedron.\n\t\"\"\"\n    return (math.sqrt(3) / 4) * (side ** 2)\n\n\ndef check(candidate):\n    assert candidate(3) == 15.588457268119894\n    assert candidate(20) == 692.8203230275509\n    assert candidate(10) == 173.20508075688772\n\ndef test_check():\n    check(area_tetrahedron)\n\ntest_check()\n",
      "timestamp": 1666122567,
      "stdout": "",
      "stderr": "Traceback (most recent call last):\n  File \"/tmp/tmp_ucgc805.py\", line 16, in <module>\n    test_check()\n  File \"/tmp/tmp_ucgc805.py\", line 14, in test_check\n    check(area_tetrahedron)\n  File \"/tmp/tmp_ucgc805.py\", line 9, in check\n    assert candidate(3) == 15.588457268119894\n  File \"/tmp/tmp_ucgc805.py\", line 5, in area_tetrahedron\n    return (math.sqrt(3) / 4) * (side ** 2)\nNameError: name 'math' is not defined\n",
      "exit_code": 1,
      "status": "Exception"
    },
    {
      "program": "def area_tetrahedron(side: int) -> float:\n    \"\"\"\n\tWrite a function to caluclate the area of a tetrahedron.\n\t\"\"\"\n    return (math.sqrt(3) * side ** 2) / 4\n\n\ndef check(candidate):\n    assert candidate(3) == 15.588457268119894\n    assert candidate(20) == 692.8203230275509\n    assert candidate(10) == 173.20508075688772\n\ndef test_check():\n    check(area_tetrahedron)\n\ntest_check()\n",
      "timestamp": 1665509968,
      "stdout": "",
      "stderr": "Traceback (most recent call last):\n  File \"/tmp/tmpz01nro6_.py\", line 16, in <module>\n    test_check()\n  File \"/tmp/tmpz01nro6_.py\", line 14, in test_check\n    check(area_tetrahedron)\n  File \"/tmp/tmpz01nro6_.py\", line 9, in check\n    assert candidate(3) == 15.588457268119894\n  File \"/tmp/tmpz01nro6_.py\", line 5, in area_tetrahedron\n    return (math.sqrt(3) * side ** 2) / 4\nNameError: name 'math' is not defined\n",
      "exit_code": 1,
      "status": "Exception"
    },
    {
      "program": "def area_tetrahedron(side: int) -> float:\n    \"\"\"\n\tWrite a function to caluclate the area of a tetrahedron.\n\t\"\"\"\n    return (math.sqrt(3) * side ** 2) / 4\n\n\ndef check(candidate):\n    assert candidate(3) == 15.588457268119894\n    assert candidate(20) == 692.8203230275509\n    assert candidate(10) == 173.20508075688772\n\ndef test_check():\n    check(area_tetrahedron)\n\ntest_check()\n",
      "timestamp": 1665509968,
      "stdout": "",
      "stderr": "Traceback (most recent call last):\n  File \"/tmp/tmpz01nro6_.py\", line 16, in <module>\n    test_check()\n  File \"/tmp/tmpz01nro6_.py\", line 14, in test_check\n    check(area_tetrahedron)\n  File \"/tmp/tmpz01nro6_.py\", line 9, in check\n    assert candidate(3) == 15.588457268119894\n  File \"/tmp/tmpz01nro6_.py\", line 5, in area_tetrahedron\n    return (math.sqrt(3) * side ** 2) / 4\nNameError: name 'math' is not defined\n",
      "exit_code": 1,
      "status": "Exception"
    },
    {
      "program": "def area_tetrahedron(side: int) -> float:\n    \"\"\"\n\tWrite a function to caluclate the area of a tetrahedron.\n\t\"\"\"\n    return round(math.sqrt(3) * side ** 2, 2)\n\n\ndef check(candidate):\n    assert candidate(3) == 15.588457268119894\n    assert candidate(20) == 692.8203230275509\n    assert candidate(10) == 173.20508075688772\n\ndef test_check():\n    check(area_tetrahedron)\n\ntest_check()\n",
      "timestamp": 1666122567,
      "stdout": "",
      "stderr": "Traceback (most recent call last):\n  File \"/tmp/tmp7m0_yhrk.py\", line 16, in <module>\n    test_check()\n  File \"/tmp/tmp7m0_yhrk.py\", line 14, in test_check\n    check(area_tetrahedron)\n  File \"/tmp/tmp7m0_yhrk.py\", line 9, in check\n    assert candidate(3) == 15.588457268119894\n  File \"/tmp/tmp7m0_yhrk.py\", line 5, in area_tetrahedron\n    return round(math.sqrt(3) * side ** 2, 2)\nNameError: name 'math' is not defined\n",
      "exit_code": 1,
      "status": "Exception"
    },
    {
      "program": "def area_tetrahedron(side: int) -> float:\n    \"\"\"\n\tWrite a function to caluclate the area of a tetrahedron.\n\t\"\"\"\n    return math.sqrt(3) * side ** 2\n\n\ndef check(candidate):\n    assert candidate(3) == 15.588457268119894\n    assert candidate(20) == 692.8203230275509\n    assert candidate(10) == 173.20508075688772\n\ndef test_check():\n    check(area_tetrahedron)\n\ntest_check()\n",
      "timestamp": 1665509968,
      "stdout": "",
      "stderr": "Traceback (most recent call last):\n  File \"/tmp/tmpsx516fwv.py\", line 16, in <module>\n    test_check()\n  File \"/tmp/tmpsx516fwv.py\", line 14, in test_check\n    check(area_tetrahedron)\n  File \"/tmp/tmpsx516fwv.py\", line 9, in check\n    assert candidate(3) == 15.588457268119894\n  File \"/tmp/tmpsx516fwv.py\", line 5, in area_tetrahedron\n    return math.sqrt(3) * side ** 2\nNameError: name 'math' is not defined\n",
      "exit_code": 1,
      "status": "Exception"
    },
    {
      "program": "def area_tetrahedron(side: int) -> float:\n    \"\"\"\n\tWrite a function to caluclate the area of a tetrahedron.\n\t\"\"\"\n    return (math.sqrt(3) * side ** 2) / 4\n\n\ndef check(candidate):\n    assert candidate(3) == 15.588457268119894\n    assert candidate(20) == 692.8203230275509\n    assert candidate(10) == 173.20508075688772\n\ndef test_check():\n    check(area_tetrahedron)\n\ntest_check()\n",
      "timestamp": 1665509968,
      "stdout": "",
      "stderr": "Traceback (most recent call last):\n  File \"/tmp/tmpz01nro6_.py\", line 16, in <module>\n    test_check()\n  File \"/tmp/tmpz01nro6_.py\", line 14, in test_check\n    check(area_tetrahedron)\n  File \"/tmp/tmpz01nro6_.py\", line 9, in check\n    assert candidate(3) == 15.588457268119894\n  File \"/tmp/tmpz01nro6_.py\", line 5, in area_tetrahedron\n    return (math.sqrt(3) * side ** 2) / 4\nNameError: name 'math' is not defined\n",
      "exit_code": 1,
      "status": "Exception"
    },
    {
      "program": "def area_tetrahedron(side: int) -> float:\n    \"\"\"\n\tWrite a function to caluclate the area of a tetrahedron.\n\t\"\"\"\n    return (math.sqrt(3) / 4) * (side ** 2)\n\n\ndef check(candidate):\n    assert candidate(3) == 15.588457268119894\n    assert candidate(20) == 692.8203230275509\n    assert candidate(10) == 173.20508075688772\n\ndef test_check():\n    check(area_tetrahedron)\n\ntest_check()\n",
      "timestamp": 1666122567,
      "stdout": "",
      "stderr": "Traceback (most recent call last):\n  File \"/tmp/tmp_ucgc805.py\", line 16, in <module>\n    test_check()\n  File \"/tmp/tmp_ucgc805.py\", line 14, in test_check\n    check(area_tetrahedron)\n  File \"/tmp/tmp_ucgc805.py\", line 9, in check\n    assert candidate(3) == 15.588457268119894\n  File \"/tmp/tmp_ucgc805.py\", line 5, in area_tetrahedron\n    return (math.sqrt(3) / 4) * (side ** 2)\nNameError: name 'math' is not defined\n",
      "exit_code": 1,
      "status": "Exception"
    },
    {
      "program": "def area_tetrahedron(side: int) -> float:\n    \"\"\"\n\tWrite a function to caluclate the area of a tetrahedron.\n\t\"\"\"\n    return math.sqrt(3) * side ** 2\n\n\ndef check(candidate):\n    assert candidate(3) == 15.588457268119894\n    assert candidate(20) == 692.8203230275509\n    assert candidate(10) == 173.20508075688772\n\ndef test_check():\n    check(area_tetrahedron)\n\ntest_check()\n",
      "timestamp": 1665509968,
      "stdout": "",
      "stderr": "Traceback (most recent call last):\n  File \"/tmp/tmpsx516fwv.py\", line 16, in <module>\n    test_check()\n  File \"/tmp/tmpsx516fwv.py\", line 14, in test_check\n    check(area_tetrahedron)\n  File \"/tmp/tmpsx516fwv.py\", line 9, in check\n    assert candidate(3) == 15.588457268119894\n  File \"/tmp/tmpsx516fwv.py\", line 5, in area_tetrahedron\n    return math.sqrt(3) * side ** 2\nNameError: name 'math' is not defined\n",
      "exit_code": 1,
      "status": "Exception"
    },
    {
      "program": "def area_tetrahedron(side: int) -> float:\n    \"\"\"\n\tWrite a function to caluclate the area of a tetrahedron.\n\t\"\"\"\n    return (math.sqrt(3) * side ** 2) / 4\n\n\ndef check(candidate):\n    assert candidate(3) == 15.588457268119894\n    assert candidate(20) == 692.8203230275509\n    assert candidate(10) == 173.20508075688772\n\ndef test_check():\n    check(area_tetrahedron)\n\ntest_check()\n",
      "timestamp": 1665509968,
      "stdout": "",
      "stderr": "Traceback (most recent call last):\n  File \"/tmp/tmpz01nro6_.py\", line 16, in <module>\n    test_check()\n  File \"/tmp/tmpz01nro6_.py\", line 14, in test_check\n    check(area_tetrahedron)\n  File \"/tmp/tmpz01nro6_.py\", line 9, in check\n    assert candidate(3) == 15.588457268119894\n  File \"/tmp/tmpz01nro6_.py\", line 5, in area_tetrahedron\n    return (math.sqrt(3) * side ** 2) / 4\nNameError: name 'math' is not defined\n",
      "exit_code": 1,
      "status": "Exception"
    },
    {
      "program": "def area_tetrahedron(side: int) -> float:\n    \"\"\"\n\tWrite a function to caluclate the area of a tetrahedron.\n\t\"\"\"\n    return (math.sqrt(3) * side ** 2) / 4\n\n\ndef check(candidate):\n    assert candidate(3) == 15.588457268119894\n    assert candidate(20) == 692.8203230275509\n    assert candidate(10) == 173.20508075688772\n\ndef test_check():\n    check(area_tetrahedron)\n\ntest_check()\n",
      "timestamp": 1665509968,
      "stdout": "",
      "stderr": "Traceback (most recent call last):\n  File \"/tmp/tmpz01nro6_.py\", line 16, in <module>\n    test_check()\n  File \"/tmp/tmpz01nro6_.py\", line 14, in test_check\n    check(area_tetrahedron)\n  File \"/tmp/tmpz01nro6_.py\", line 9, in check\n    assert candidate(3) == 15.588457268119894\n  File \"/tmp/tmpz01nro6_.py\", line 5, in area_tetrahedron\n    return (math.sqrt(3) * side ** 2) / 4\nNameError: name 'math' is not defined\n",
      "exit_code": 1,
      "status": "Exception"
    },
    {
      "program": "def area_tetrahedron(side: int) -> float:\n    \"\"\"\n\tWrite a function to caluclate the area of a tetrahedron.\n\t\"\"\"\n    return math.sqrt(3) * side ** 2\n\n\ndef check(candidate):\n    assert candidate(3) == 15.588457268119894\n    assert candidate(20) == 692.8203230275509\n    assert candidate(10) == 173.20508075688772\n\ndef test_check():\n    check(area_tetrahedron)\n\ntest_check()\n",
      "timestamp": 1665509968,
      "stdout": "",
      "stderr": "Traceback (most recent call last):\n  File \"/tmp/tmpsx516fwv.py\", line 16, in <module>\n    test_check()\n  File \"/tmp/tmpsx516fwv.py\", line 14, in test_check\n    check(area_tetrahedron)\n  File \"/tmp/tmpsx516fwv.py\", line 9, in check\n    assert candidate(3) == 15.588457268119894\n  File \"/tmp/tmpsx516fwv.py\", line 5, in area_tetrahedron\n    return math.sqrt(3) * side ** 2\nNameError: name 'math' is not defined\n",
      "exit_code": 1,
      "status": "Exception"
    },
    {
      "program": "def area_tetrahedron(side: int) -> float:\n    \"\"\"\n\tWrite a function to caluclate the area of a tetrahedron.\n\t\"\"\"\n    return round(math.sqrt(3) * side ** 2, 2)\n\n\ndef check(candidate):\n    assert candidate(3) == 15.588457268119894\n    assert candidate(20) == 692.8203230275509\n    assert candidate(10) == 173.20508075688772\n\ndef test_check():\n    check(area_tetrahedron)\n\ntest_check()\n",
      "timestamp": 1666122567,
      "stdout": "",
      "stderr": "Traceback (most recent call last):\n  File \"/tmp/tmp7m0_yhrk.py\", line 16, in <module>\n    test_check()\n  File \"/tmp/tmp7m0_yhrk.py\", line 14, in test_check\n    check(area_tetrahedron)\n  File \"/tmp/tmp7m0_yhrk.py\", line 9, in check\n    assert candidate(3) == 15.588457268119894\n  File \"/tmp/tmp7m0_yhrk.py\", line 5, in area_tetrahedron\n    return round(math.sqrt(3) * side ** 2, 2)\nNameError: name 'math' is not defined\n",
      "exit_code": 1,
      "status": "Exception"
    },
    {
      "program": "def area_tetrahedron(side: int) -> float:\n    \"\"\"\n\tWrite a function to caluclate the area of a tetrahedron.\n\t\"\"\"\n    return (side ** 2 * math.sqrt(3)) / 4\n\n\ndef check(candidate):\n    assert candidate(3) == 15.588457268119894\n    assert candidate(20) == 692.8203230275509\n    assert candidate(10) == 173.20508075688772\n\ndef test_check():\n    check(area_tetrahedron)\n\ntest_check()\n",
      "timestamp": 1665509968,
      "stdout": "",
      "stderr": "Traceback (most recent call last):\n  File \"/tmp/tmp0vtdsfgn.py\", line 16, in <module>\n    test_check()\n  File \"/tmp/tmp0vtdsfgn.py\", line 14, in test_check\n    check(area_tetrahedron)\n  File \"/tmp/tmp0vtdsfgn.py\", line 9, in check\n    assert candidate(3) == 15.588457268119894\n  File \"/tmp/tmp0vtdsfgn.py\", line 5, in area_tetrahedron\n    return (side ** 2 * math.sqrt(3)) / 4\nNameError: name 'math' is not defined\n",
      "exit_code": 1,
      "status": "Exception"
    },
    {
      "program": "def area_tetrahedron(side: int) -> float:\n    \"\"\"\n\tWrite a function to caluclate the area of a tetrahedron.\n\t\"\"\"\n    return (math.sqrt(3) * side ** 2) / 4\n\n\ndef check(candidate):\n    assert candidate(3) == 15.588457268119894\n    assert candidate(20) == 692.8203230275509\n    assert candidate(10) == 173.20508075688772\n\ndef test_check():\n    check(area_tetrahedron)\n\ntest_check()\n",
      "timestamp": 1665509968,
      "stdout": "",
      "stderr": "Traceback (most recent call last):\n  File \"/tmp/tmpz01nro6_.py\", line 16, in <module>\n    test_check()\n  File \"/tmp/tmpz01nro6_.py\", line 14, in test_check\n    check(area_tetrahedron)\n  File \"/tmp/tmpz01nro6_.py\", line 9, in check\n    assert candidate(3) == 15.588457268119894\n  File \"/tmp/tmpz01nro6_.py\", line 5, in area_tetrahedron\n    return (math.sqrt(3) * side ** 2) / 4\nNameError: name 'math' is not defined\n",
      "exit_code": 1,
      "status": "Exception"
    },
    {
      "program": "def area_tetrahedron(side: int) -> float:\n    \"\"\"\n\tWrite a function to caluclate the area of a tetrahedron.\n\t\"\"\"\n    return (math.sqrt(3) * side ** 2) / 4\n\n\ndef check(candidate):\n    assert candidate(3) == 15.588457268119894\n    assert candidate(20) == 692.8203230275509\n    assert candidate(10) == 173.20508075688772\n\ndef test_check():\n    check(area_tetrahedron)\n\ntest_check()\n",
      "timestamp": 1665509968,
      "stdout": "",
      "stderr": "Traceback (most recent call last):\n  File \"/tmp/tmpz01nro6_.py\", line 16, in <module>\n    test_check()\n  File \"/tmp/tmpz01nro6_.py\", line 14, in test_check\n    check(area_tetrahedron)\n  File \"/tmp/tmpz01nro6_.py\", line 9, in check\n    assert candidate(3) == 15.588457268119894\n  File \"/tmp/tmpz01nro6_.py\", line 5, in area_tetrahedron\n    return (math.sqrt(3) * side ** 2) / 4\nNameError: name 'math' is not defined\n",
      "exit_code": 1,
      "status": "Exception"
    },
    {
      "program": "def area_tetrahedron(side: int) -> float:\n    \"\"\"\n\tWrite a function to caluclate the area of a tetrahedron.\n\t\"\"\"\n    return (math.sqrt(3) * side ** 2) / 4\n\n\ndef check(candidate):\n    assert candidate(3) == 15.588457268119894\n    assert candidate(20) == 692.8203230275509\n    assert candidate(10) == 173.20508075688772\n\ndef test_check():\n    check(area_tetrahedron)\n\ntest_check()\n",
      "timestamp": 1665509968,
      "stdout": "",
      "stderr": "Traceback (most recent call last):\n  File \"/tmp/tmpz01nro6_.py\", line 16, in <module>\n    test_check()\n  File \"/tmp/tmpz01nro6_.py\", line 14, in test_check\n    check(area_tetrahedron)\n  File \"/tmp/tmpz01nro6_.py\", line 9, in check\n    assert candidate(3) == 15.588457268119894\n  File \"/tmp/tmpz01nro6_.py\", line 5, in area_tetrahedron\n    return (math.sqrt(3) * side ** 2) / 4\nNameError: name 'math' is not defined\n",
      "exit_code": 1,
      "status": "Exception"
    },
    {
      "program": "def area_tetrahedron(side: int) -> float:\n    \"\"\"\n\tWrite a function to caluclate the area of a tetrahedron.\n\t\"\"\"\n    return (math.sqrt(3) * side ** 2) / 4\n\n\ndef check(candidate):\n    assert candidate(3) == 15.588457268119894\n    assert candidate(20) == 692.8203230275509\n    assert candidate(10) == 173.20508075688772\n\ndef test_check():\n    check(area_tetrahedron)\n\ntest_check()\n",
      "timestamp": 1665509968,
      "stdout": "",
      "stderr": "Traceback (most recent call last):\n  File \"/tmp/tmpz01nro6_.py\", line 16, in <module>\n    test_check()\n  File \"/tmp/tmpz01nro6_.py\", line 14, in test_check\n    check(area_tetrahedron)\n  File \"/tmp/tmpz01nro6_.py\", line 9, in check\n    assert candidate(3) == 15.588457268119894\n  File \"/tmp/tmpz01nro6_.py\", line 5, in area_tetrahedron\n    return (math.sqrt(3) * side ** 2) / 4\nNameError: name 'math' is not defined\n",
      "exit_code": 1,
      "status": "Exception"
    },
    {
      "program": "def area_tetrahedron(side: int) -> float:\n    \"\"\"\n\tWrite a function to caluclate the area of a tetrahedron.\n\t\"\"\"\n    return math.sqrt(3) * side ** 2\n\n\ndef check(candidate):\n    assert candidate(3) == 15.588457268119894\n    assert candidate(20) == 692.8203230275509\n    assert candidate(10) == 173.20508075688772\n\ndef test_check():\n    check(area_tetrahedron)\n\ntest_check()\n",
      "timestamp": 1665509968,
      "stdout": "",
      "stderr": "Traceback (most recent call last):\n  File \"/tmp/tmpsx516fwv.py\", line 16, in <module>\n    test_check()\n  File \"/tmp/tmpsx516fwv.py\", line 14, in test_check\n    check(area_tetrahedron)\n  File \"/tmp/tmpsx516fwv.py\", line 9, in check\n    assert candidate(3) == 15.588457268119894\n  File \"/tmp/tmpsx516fwv.py\", line 5, in area_tetrahedron\n    return math.sqrt(3) * side ** 2\nNameError: name 'math' is not defined\n",
      "exit_code": 1,
      "status": "Exception"
    },
    {
      "program": "def area_tetrahedron(side: int) -> float:\n    \"\"\"\n\tWrite a function to caluclate the area of a tetrahedron.\n\t\"\"\"\n    return math.sqrt(3) * side ** 2\n\n\ndef check(candidate):\n    assert candidate(3) == 15.588457268119894\n    assert candidate(20) == 692.8203230275509\n    assert candidate(10) == 173.20508075688772\n\ndef test_check():\n    check(area_tetrahedron)\n\ntest_check()\n",
      "timestamp": 1665509968,
      "stdout": "",
      "stderr": "Traceback (most recent call last):\n  File \"/tmp/tmpsx516fwv.py\", line 16, in <module>\n    test_check()\n  File \"/tmp/tmpsx516fwv.py\", line 14, in test_check\n    check(area_tetrahedron)\n  File \"/tmp/tmpsx516fwv.py\", line 9, in check\n    assert candidate(3) == 15.588457268119894\n  File \"/tmp/tmpsx516fwv.py\", line 5, in area_tetrahedron\n    return math.sqrt(3) * side ** 2\nNameError: name 'math' is not defined\n",
      "exit_code": 1,
      "status": "Exception"
    },
    {
      "program": "def area_tetrahedron(side: int) -> float:\n    \"\"\"\n\tWrite a function to caluclate the area of a tetrahedron.\n\t\"\"\"\n    return math.sqrt(3) * side ** 2\n\n\ndef check(candidate):\n    assert candidate(3) == 15.588457268119894\n    assert candidate(20) == 692.8203230275509\n    assert candidate(10) == 173.20508075688772\n\ndef test_check():\n    check(area_tetrahedron)\n\ntest_check()\n",
      "timestamp": 1665509968,
      "stdout": "",
      "stderr": "Traceback (most recent call last):\n  File \"/tmp/tmpsx516fwv.py\", line 16, in <module>\n    test_check()\n  File \"/tmp/tmpsx516fwv.py\", line 14, in test_check\n    check(area_tetrahedron)\n  File \"/tmp/tmpsx516fwv.py\", line 9, in check\n    assert candidate(3) == 15.588457268119894\n  File \"/tmp/tmpsx516fwv.py\", line 5, in area_tetrahedron\n    return math.sqrt(3) * side ** 2\nNameError: name 'math' is not defined\n",
      "exit_code": 1,
      "status": "Exception"
    },
    {
      "program": "def area_tetrahedron(side: int) -> float:\n    \"\"\"\n\tWrite a function to caluclate the area of a tetrahedron.\n\t\"\"\"\n    return (math.sqrt(3) * side ** 2) / 4\n\n\ndef check(candidate):\n    assert candidate(3) == 15.588457268119894\n    assert candidate(20) == 692.8203230275509\n    assert candidate(10) == 173.20508075688772\n\ndef test_check():\n    check(area_tetrahedron)\n\ntest_check()\n",
      "timestamp": 1665509968,
      "stdout": "",
      "stderr": "Traceback (most recent call last):\n  File \"/tmp/tmpz01nro6_.py\", line 16, in <module>\n    test_check()\n  File \"/tmp/tmpz01nro6_.py\", line 14, in test_check\n    check(area_tetrahedron)\n  File \"/tmp/tmpz01nro6_.py\", line 9, in check\n    assert candidate(3) == 15.588457268119894\n  File \"/tmp/tmpz01nro6_.py\", line 5, in area_tetrahedron\n    return (math.sqrt(3) * side ** 2) / 4\nNameError: name 'math' is not defined\n",
      "exit_code": 1,
      "status": "Exception"
    },
    {
      "program": "def area_tetrahedron(side: int) -> float:\n    \"\"\"\n\tWrite a function to caluclate the area of a tetrahedron.\n\t\"\"\"\n    return math.sqrt(3) * side ** 2\n\n\ndef check(candidate):\n    assert candidate(3) == 15.588457268119894\n    assert candidate(20) == 692.8203230275509\n    assert candidate(10) == 173.20508075688772\n\ndef test_check():\n    check(area_tetrahedron)\n\ntest_check()\n",
      "timestamp": 1665509968,
      "stdout": "",
      "stderr": "Traceback (most recent call last):\n  File \"/tmp/tmpsx516fwv.py\", line 16, in <module>\n    test_check()\n  File \"/tmp/tmpsx516fwv.py\", line 14, in test_check\n    check(area_tetrahedron)\n  File \"/tmp/tmpsx516fwv.py\", line 9, in check\n    assert candidate(3) == 15.588457268119894\n  File \"/tmp/tmpsx516fwv.py\", line 5, in area_tetrahedron\n    return math.sqrt(3) * side ** 2\nNameError: name 'math' is not defined\n",
      "exit_code": 1,
      "status": "Exception"
    },
    {
      "program": "def area_tetrahedron(side: int) -> float:\n    \"\"\"\n\tWrite a function to caluclate the area of a tetrahedron.\n\t\"\"\"\n    return (math.sqrt(3) * side ** 2) / 4\n\n\ndef check(candidate):\n    assert candidate(3) == 15.588457268119894\n    assert candidate(20) == 692.8203230275509\n    assert candidate(10) == 173.20508075688772\n\ndef test_check():\n    check(area_tetrahedron)\n\ntest_check()\n",
      "timestamp": 1665509968,
      "stdout": "",
      "stderr": "Traceback (most recent call last):\n  File \"/tmp/tmpz01nro6_.py\", line 16, in <module>\n    test_check()\n  File \"/tmp/tmpz01nro6_.py\", line 14, in test_check\n    check(area_tetrahedron)\n  File \"/tmp/tmpz01nro6_.py\", line 9, in check\n    assert candidate(3) == 15.588457268119894\n  File \"/tmp/tmpz01nro6_.py\", line 5, in area_tetrahedron\n    return (math.sqrt(3) * side ** 2) / 4\nNameError: name 'math' is not defined\n",
      "exit_code": 1,
      "status": "Exception"
    },
    {
      "program": "def area_tetrahedron(side: int) -> float:\n    \"\"\"\n\tWrite a function to caluclate the area of a tetrahedron.\n\t\"\"\"\n    return math.sqrt(3) * side ** 2\n\n\ndef check(candidate):\n    assert candidate(3) == 15.588457268119894\n    assert candidate(20) == 692.8203230275509\n    assert candidate(10) == 173.20508075688772\n\ndef test_check():\n    check(area_tetrahedron)\n\ntest_check()\n",
      "timestamp": 1665509968,
      "stdout": "",
      "stderr": "Traceback (most recent call last):\n  File \"/tmp/tmpsx516fwv.py\", line 16, in <module>\n    test_check()\n  File \"/tmp/tmpsx516fwv.py\", line 14, in test_check\n    check(area_tetrahedron)\n  File \"/tmp/tmpsx516fwv.py\", line 9, in check\n    assert candidate(3) == 15.588457268119894\n  File \"/tmp/tmpsx516fwv.py\", line 5, in area_tetrahedron\n    return math.sqrt(3) * side ** 2\nNameError: name 'math' is not defined\n",
      "exit_code": 1,
      "status": "Exception"
    },
    {
      "program": "def area_tetrahedron(side: int) -> float:\n    \"\"\"\n\tWrite a function to caluclate the area of a tetrahedron.\n\t\"\"\"\n    return (side ** 2 * math.sqrt(3)) / 4\n\n\ndef check(candidate):\n    assert candidate(3) == 15.588457268119894\n    assert candidate(20) == 692.8203230275509\n    assert candidate(10) == 173.20508075688772\n\ndef test_check():\n    check(area_tetrahedron)\n\ntest_check()\n",
      "timestamp": 1665509968,
      "stdout": "",
      "stderr": "Traceback (most recent call last):\n  File \"/tmp/tmp0vtdsfgn.py\", line 16, in <module>\n    test_check()\n  File \"/tmp/tmp0vtdsfgn.py\", line 14, in test_check\n    check(area_tetrahedron)\n  File \"/tmp/tmp0vtdsfgn.py\", line 9, in check\n    assert candidate(3) == 15.588457268119894\n  File \"/tmp/tmp0vtdsfgn.py\", line 5, in area_tetrahedron\n    return (side ** 2 * math.sqrt(3)) / 4\nNameError: name 'math' is not defined\n",
      "exit_code": 1,
      "status": "Exception"
    },
    {
      "program": "def area_tetrahedron(side: int) -> float:\n    \"\"\"\n\tWrite a function to caluclate the area of a tetrahedron.\n\t\"\"\"\n    return (side ** 2) * math.sqrt(3)\n\n\ndef check(candidate):\n    assert candidate(3) == 15.588457268119894\n    assert candidate(20) == 692.8203230275509\n    assert candidate(10) == 173.20508075688772\n\ndef test_check():\n    check(area_tetrahedron)\n\ntest_check()\n",
      "timestamp": 1666122567,
      "stdout": "",
      "stderr": "Traceback (most recent call last):\n  File \"/tmp/tmp9ot3s3s9.py\", line 16, in <module>\n    test_check()\n  File \"/tmp/tmp9ot3s3s9.py\", line 14, in test_check\n    check(area_tetrahedron)\n  File \"/tmp/tmp9ot3s3s9.py\", line 9, in check\n    assert candidate(3) == 15.588457268119894\n  File \"/tmp/tmp9ot3s3s9.py\", line 5, in area_tetrahedron\n    return (side ** 2) * math.sqrt(3)\nNameError: name 'math' is not defined\n",
      "exit_code": 1,
      "status": "Exception"
    },
    {
      "program": "def area_tetrahedron(side: int) -> float:\n    \"\"\"\n\tWrite a function to caluclate the area of a tetrahedron.\n\t\"\"\"\n    return (side ** 2) * math.sqrt(3)\n\n\ndef check(candidate):\n    assert candidate(3) == 15.588457268119894\n    assert candidate(20) == 692.8203230275509\n    assert candidate(10) == 173.20508075688772\n\ndef test_check():\n    check(area_tetrahedron)\n\ntest_check()\n",
      "timestamp": 1666122567,
      "stdout": "",
      "stderr": "Traceback (most recent call last):\n  File \"/tmp/tmp9ot3s3s9.py\", line 16, in <module>\n    test_check()\n  File \"/tmp/tmp9ot3s3s9.py\", line 14, in test_check\n    check(area_tetrahedron)\n  File \"/tmp/tmp9ot3s3s9.py\", line 9, in check\n    assert candidate(3) == 15.588457268119894\n  File \"/tmp/tmp9ot3s3s9.py\", line 5, in area_tetrahedron\n    return (side ** 2) * math.sqrt(3)\nNameError: name 'math' is not defined\n",
      "exit_code": 1,
      "status": "Exception"
    },
    {
      "program": "def area_tetrahedron(side: int) -> float:\n    \"\"\"\n\tWrite a function to caluclate the area of a tetrahedron.\n\t\"\"\"\n    return (math.sqrt(3) * side ** 2) / 4\n\n\ndef check(candidate):\n    assert candidate(3) == 15.588457268119894\n    assert candidate(20) == 692.8203230275509\n    assert candidate(10) == 173.20508075688772\n\ndef test_check():\n    check(area_tetrahedron)\n\ntest_check()\n",
      "timestamp": 1665509968,
      "stdout": "",
      "stderr": "Traceback (most recent call last):\n  File \"/tmp/tmpz01nro6_.py\", line 16, in <module>\n    test_check()\n  File \"/tmp/tmpz01nro6_.py\", line 14, in test_check\n    check(area_tetrahedron)\n  File \"/tmp/tmpz01nro6_.py\", line 9, in check\n    assert candidate(3) == 15.588457268119894\n  File \"/tmp/tmpz01nro6_.py\", line 5, in area_tetrahedron\n    return (math.sqrt(3) * side ** 2) / 4\nNameError: name 'math' is not defined\n",
      "exit_code": 1,
      "status": "Exception"
    },
    {
      "program": "def area_tetrahedron(side: int) -> float:\n    \"\"\"\n\tWrite a function to caluclate the area of a tetrahedron.\n\t\"\"\"\n    return math.sqrt(3) * side ** 2\n\n\ndef check(candidate):\n    assert candidate(3) == 15.588457268119894\n    assert candidate(20) == 692.8203230275509\n    assert candidate(10) == 173.20508075688772\n\ndef test_check():\n    check(area_tetrahedron)\n\ntest_check()\n",
      "timestamp": 1665509968,
      "stdout": "",
      "stderr": "Traceback (most recent call last):\n  File \"/tmp/tmpsx516fwv.py\", line 16, in <module>\n    test_check()\n  File \"/tmp/tmpsx516fwv.py\", line 14, in test_check\n    check(area_tetrahedron)\n  File \"/tmp/tmpsx516fwv.py\", line 9, in check\n    assert candidate(3) == 15.588457268119894\n  File \"/tmp/tmpsx516fwv.py\", line 5, in area_tetrahedron\n    return math.sqrt(3) * side ** 2\nNameError: name 'math' is not defined\n",
      "exit_code": 1,
      "status": "Exception"
    },
    {
      "program": "def area_tetrahedron(side: int) -> float:\n    \"\"\"\n\tWrite a function to caluclate the area of a tetrahedron.\n\t\"\"\"\n    return (math.sqrt(3) * side ** 2) / 4\n\n\ndef check(candidate):\n    assert candidate(3) == 15.588457268119894\n    assert candidate(20) == 692.8203230275509\n    assert candidate(10) == 173.20508075688772\n\ndef test_check():\n    check(area_tetrahedron)\n\ntest_check()\n",
      "timestamp": 1665509968,
      "stdout": "",
      "stderr": "Traceback (most recent call last):\n  File \"/tmp/tmpz01nro6_.py\", line 16, in <module>\n    test_check()\n  File \"/tmp/tmpz01nro6_.py\", line 14, in test_check\n    check(area_tetrahedron)\n  File \"/tmp/tmpz01nro6_.py\", line 9, in check\n    assert candidate(3) == 15.588457268119894\n  File \"/tmp/tmpz01nro6_.py\", line 5, in area_tetrahedron\n    return (math.sqrt(3) * side ** 2) / 4\nNameError: name 'math' is not defined\n",
      "exit_code": 1,
      "status": "Exception"
    },
    {
      "program": "def area_tetrahedron(side: int) -> float:\n    \"\"\"\n\tWrite a function to caluclate the area of a tetrahedron.\n\t\"\"\"\n    return (math.sqrt(3) * side ** 2) / 4\n\n\ndef check(candidate):\n    assert candidate(3) == 15.588457268119894\n    assert candidate(20) == 692.8203230275509\n    assert candidate(10) == 173.20508075688772\n\ndef test_check():\n    check(area_tetrahedron)\n\ntest_check()\n",
      "timestamp": 1665509968,
      "stdout": "",
      "stderr": "Traceback (most recent call last):\n  File \"/tmp/tmpz01nro6_.py\", line 16, in <module>\n    test_check()\n  File \"/tmp/tmpz01nro6_.py\", line 14, in test_check\n    check(area_tetrahedron)\n  File \"/tmp/tmpz01nro6_.py\", line 9, in check\n    assert candidate(3) == 15.588457268119894\n  File \"/tmp/tmpz01nro6_.py\", line 5, in area_tetrahedron\n    return (math.sqrt(3) * side ** 2) / 4\nNameError: name 'math' is not defined\n",
      "exit_code": 1,
      "status": "Exception"
    },
    {
      "program": "def area_tetrahedron(side: int) -> float:\n    \"\"\"\n\tWrite a function to caluclate the area of a tetrahedron.\n\t\"\"\"\n    return (side ** 2 * math.sqrt(3)) / 4\n\n\ndef check(candidate):\n    assert candidate(3) == 15.588457268119894\n    assert candidate(20) == 692.8203230275509\n    assert candidate(10) == 173.20508075688772\n\ndef test_check():\n    check(area_tetrahedron)\n\ntest_check()\n",
      "timestamp": 1665509968,
      "stdout": "",
      "stderr": "Traceback (most recent call last):\n  File \"/tmp/tmp0vtdsfgn.py\", line 16, in <module>\n    test_check()\n  File \"/tmp/tmp0vtdsfgn.py\", line 14, in test_check\n    check(area_tetrahedron)\n  File \"/tmp/tmp0vtdsfgn.py\", line 9, in check\n    assert candidate(3) == 15.588457268119894\n  File \"/tmp/tmp0vtdsfgn.py\", line 5, in area_tetrahedron\n    return (side ** 2 * math.sqrt(3)) / 4\nNameError: name 'math' is not defined\n",
      "exit_code": 1,
      "status": "Exception"
    },
    {
      "program": "def area_tetrahedron(side: int) -> float:\n    \"\"\"\n\tWrite a function to caluclate the area of a tetrahedron.\n\t\"\"\"\n    return (math.sqrt(3) * side ** 2) / 4\n\n\ndef check(candidate):\n    assert candidate(3) == 15.588457268119894\n    assert candidate(20) == 692.8203230275509\n    assert candidate(10) == 173.20508075688772\n\ndef test_check():\n    check(area_tetrahedron)\n\ntest_check()\n",
      "timestamp": 1665509968,
      "stdout": "",
      "stderr": "Traceback (most recent call last):\n  File \"/tmp/tmpz01nro6_.py\", line 16, in <module>\n    test_check()\n  File \"/tmp/tmpz01nro6_.py\", line 14, in test_check\n    check(area_tetrahedron)\n  File \"/tmp/tmpz01nro6_.py\", line 9, in check\n    assert candidate(3) == 15.588457268119894\n  File \"/tmp/tmpz01nro6_.py\", line 5, in area_tetrahedron\n    return (math.sqrt(3) * side ** 2) / 4\nNameError: name 'math' is not defined\n",
      "exit_code": 1,
      "status": "Exception"
    },
    {
      "program": "def area_tetrahedron(side: int) -> float:\n    \"\"\"\n\tWrite a function to caluclate the area of a tetrahedron.\n\t\"\"\"\n    return (math.sqrt(3) * side ** 2) / 4\n\n\ndef check(candidate):\n    assert candidate(3) == 15.588457268119894\n    assert candidate(20) == 692.8203230275509\n    assert candidate(10) == 173.20508075688772\n\ndef test_check():\n    check(area_tetrahedron)\n\ntest_check()\n",
      "timestamp": 1665509968,
      "stdout": "",
      "stderr": "Traceback (most recent call last):\n  File \"/tmp/tmpz01nro6_.py\", line 16, in <module>\n    test_check()\n  File \"/tmp/tmpz01nro6_.py\", line 14, in test_check\n    check(area_tetrahedron)\n  File \"/tmp/tmpz01nro6_.py\", line 9, in check\n    assert candidate(3) == 15.588457268119894\n  File \"/tmp/tmpz01nro6_.py\", line 5, in area_tetrahedron\n    return (math.sqrt(3) * side ** 2) / 4\nNameError: name 'math' is not defined\n",
      "exit_code": 1,
      "status": "Exception"
    },
    {
      "program": "def area_tetrahedron(side: int) -> float:\n    \"\"\"\n\tWrite a function to caluclate the area of a tetrahedron.\n\t\"\"\"\n    return math.sqrt(3) * side ** 2\n\n\ndef check(candidate):\n    assert candidate(3) == 15.588457268119894\n    assert candidate(20) == 692.8203230275509\n    assert candidate(10) == 173.20508075688772\n\ndef test_check():\n    check(area_tetrahedron)\n\ntest_check()\n",
      "timestamp": 1665509968,
      "stdout": "",
      "stderr": "Traceback (most recent call last):\n  File \"/tmp/tmpsx516fwv.py\", line 16, in <module>\n    test_check()\n  File \"/tmp/tmpsx516fwv.py\", line 14, in test_check\n    check(area_tetrahedron)\n  File \"/tmp/tmpsx516fwv.py\", line 9, in check\n    assert candidate(3) == 15.588457268119894\n  File \"/tmp/tmpsx516fwv.py\", line 5, in area_tetrahedron\n    return math.sqrt(3) * side ** 2\nNameError: name 'math' is not defined\n",
      "exit_code": 1,
      "status": "Exception"
    },
    {
      "program": "def area_tetrahedron(side: int) -> float:\n    \"\"\"\n\tWrite a function to caluclate the area of a tetrahedron.\n\t\"\"\"\n    return (math.sqrt(3) * side ** 2) / 4\n\n\ndef check(candidate):\n    assert candidate(3) == 15.588457268119894\n    assert candidate(20) == 692.8203230275509\n    assert candidate(10) == 173.20508075688772\n\ndef test_check():\n    check(area_tetrahedron)\n\ntest_check()\n",
      "timestamp": 1665509968,
      "stdout": "",
      "stderr": "Traceback (most recent call last):\n  File \"/tmp/tmpz01nro6_.py\", line 16, in <module>\n    test_check()\n  File \"/tmp/tmpz01nro6_.py\", line 14, in test_check\n    check(area_tetrahedron)\n  File \"/tmp/tmpz01nro6_.py\", line 9, in check\n    assert candidate(3) == 15.588457268119894\n  File \"/tmp/tmpz01nro6_.py\", line 5, in area_tetrahedron\n    return (math.sqrt(3) * side ** 2) / 4\nNameError: name 'math' is not defined\n",
      "exit_code": 1,
      "status": "Exception"
    },
    {
      "program": "def area_tetrahedron(side: int) -> float:\n    \"\"\"\n\tWrite a function to caluclate the area of a tetrahedron.\n\t\"\"\"\n    return (math.sqrt(3) / 4) * (side ** 2)\n\n\ndef check(candidate):\n    assert candidate(3) == 15.588457268119894\n    assert candidate(20) == 692.8203230275509\n    assert candidate(10) == 173.20508075688772\n\ndef test_check():\n    check(area_tetrahedron)\n\ntest_check()\n",
      "timestamp": 1666122567,
      "stdout": "",
      "stderr": "Traceback (most recent call last):\n  File \"/tmp/tmp_ucgc805.py\", line 16, in <module>\n    test_check()\n  File \"/tmp/tmp_ucgc805.py\", line 14, in test_check\n    check(area_tetrahedron)\n  File \"/tmp/tmp_ucgc805.py\", line 9, in check\n    assert candidate(3) == 15.588457268119894\n  File \"/tmp/tmp_ucgc805.py\", line 5, in area_tetrahedron\n    return (math.sqrt(3) / 4) * (side ** 2)\nNameError: name 'math' is not defined\n",
      "exit_code": 1,
      "status": "Exception"
    },
    {
      "program": "def area_tetrahedron(side: int) -> float:\n    \"\"\"\n\tWrite a function to caluclate the area of a tetrahedron.\n\t\"\"\"\n    return round(math.sqrt(3) * side ** 2, 2)\n\n\ndef check(candidate):\n    assert candidate(3) == 15.588457268119894\n    assert candidate(20) == 692.8203230275509\n    assert candidate(10) == 173.20508075688772\n\ndef test_check():\n    check(area_tetrahedron)\n\ntest_check()\n",
      "timestamp": 1666122567,
      "stdout": "",
      "stderr": "Traceback (most recent call last):\n  File \"/tmp/tmp7m0_yhrk.py\", line 16, in <module>\n    test_check()\n  File \"/tmp/tmp7m0_yhrk.py\", line 14, in test_check\n    check(area_tetrahedron)\n  File \"/tmp/tmp7m0_yhrk.py\", line 9, in check\n    assert candidate(3) == 15.588457268119894\n  File \"/tmp/tmp7m0_yhrk.py\", line 5, in area_tetrahedron\n    return round(math.sqrt(3) * side ** 2, 2)\nNameError: name 'math' is not defined\n",
      "exit_code": 1,
      "status": "Exception"
    },
    {
      "program": "def area_tetrahedron(side: int) -> float:\n    \"\"\"\n\tWrite a function to caluclate the area of a tetrahedron.\n\t\"\"\"\n    return (side ** 2 * math.sqrt(3)) / 4\n\n\ndef check(candidate):\n    assert candidate(3) == 15.588457268119894\n    assert candidate(20) == 692.8203230275509\n    assert candidate(10) == 173.20508075688772\n\ndef test_check():\n    check(area_tetrahedron)\n\ntest_check()\n",
      "timestamp": 1665509968,
      "stdout": "",
      "stderr": "Traceback (most recent call last):\n  File \"/tmp/tmp0vtdsfgn.py\", line 16, in <module>\n    test_check()\n  File \"/tmp/tmp0vtdsfgn.py\", line 14, in test_check\n    check(area_tetrahedron)\n  File \"/tmp/tmp0vtdsfgn.py\", line 9, in check\n    assert candidate(3) == 15.588457268119894\n  File \"/tmp/tmp0vtdsfgn.py\", line 5, in area_tetrahedron\n    return (side ** 2 * math.sqrt(3)) / 4\nNameError: name 'math' is not defined\n",
      "exit_code": 1,
      "status": "Exception"
    },
    {
      "program": "def area_tetrahedron(side: int) -> float:\n    \"\"\"\n\tWrite a function to caluclate the area of a tetrahedron.\n\t\"\"\"\n    return (math.sqrt(3) * side ** 2) / 4\n\n\ndef check(candidate):\n    assert candidate(3) == 15.588457268119894\n    assert candidate(20) == 692.8203230275509\n    assert candidate(10) == 173.20508075688772\n\ndef test_check():\n    check(area_tetrahedron)\n\ntest_check()\n",
      "timestamp": 1665509968,
      "stdout": "",
      "stderr": "Traceback (most recent call last):\n  File \"/tmp/tmpz01nro6_.py\", line 16, in <module>\n    test_check()\n  File \"/tmp/tmpz01nro6_.py\", line 14, in test_check\n    check(area_tetrahedron)\n  File \"/tmp/tmpz01nro6_.py\", line 9, in check\n    assert candidate(3) == 15.588457268119894\n  File \"/tmp/tmpz01nro6_.py\", line 5, in area_tetrahedron\n    return (math.sqrt(3) * side ** 2) / 4\nNameError: name 'math' is not defined\n",
      "exit_code": 1,
      "status": "Exception"
    },
    {
      "program": "def area_tetrahedron(side: int) -> float:\n    \"\"\"\n\tWrite a function to caluclate the area of a tetrahedron.\n\t\"\"\"\n    return (math.sqrt(3) * side ** 2) / 4\n\n\ndef check(candidate):\n    assert candidate(3) == 15.588457268119894\n    assert candidate(20) == 692.8203230275509\n    assert candidate(10) == 173.20508075688772\n\ndef test_check():\n    check(area_tetrahedron)\n\ntest_check()\n",
      "timestamp": 1665509968,
      "stdout": "",
      "stderr": "Traceback (most recent call last):\n  File \"/tmp/tmpz01nro6_.py\", line 16, in <module>\n    test_check()\n  File \"/tmp/tmpz01nro6_.py\", line 14, in test_check\n    check(area_tetrahedron)\n  File \"/tmp/tmpz01nro6_.py\", line 9, in check\n    assert candidate(3) == 15.588457268119894\n  File \"/tmp/tmpz01nro6_.py\", line 5, in area_tetrahedron\n    return (math.sqrt(3) * side ** 2) / 4\nNameError: name 'math' is not defined\n",
      "exit_code": 1,
      "status": "Exception"
    },
    {
      "program": "def area_tetrahedron(side: int) -> float:\n    \"\"\"\n\tWrite a function to caluclate the area of a tetrahedron.\n\t\"\"\"\n    return (math.sqrt(3) / 4) * (side ** 2)\n\n\ndef check(candidate):\n    assert candidate(3) == 15.588457268119894\n    assert candidate(20) == 692.8203230275509\n    assert candidate(10) == 173.20508075688772\n\ndef test_check():\n    check(area_tetrahedron)\n\ntest_check()\n",
      "timestamp": 1666122567,
      "stdout": "",
      "stderr": "Traceback (most recent call last):\n  File \"/tmp/tmp_ucgc805.py\", line 16, in <module>\n    test_check()\n  File \"/tmp/tmp_ucgc805.py\", line 14, in test_check\n    check(area_tetrahedron)\n  File \"/tmp/tmp_ucgc805.py\", line 9, in check\n    assert candidate(3) == 15.588457268119894\n  File \"/tmp/tmp_ucgc805.py\", line 5, in area_tetrahedron\n    return (math.sqrt(3) / 4) * (side ** 2)\nNameError: name 'math' is not defined\n",
      "exit_code": 1,
      "status": "Exception"
    },
    {
      "program": "def area_tetrahedron(side: int) -> float:\n    \"\"\"\n\tWrite a function to caluclate the area of a tetrahedron.\n\t\"\"\"\n    return (math.sqrt(3) * side ** 2) / 4\n\n\ndef check(candidate):\n    assert candidate(3) == 15.588457268119894\n    assert candidate(20) == 692.8203230275509\n    assert candidate(10) == 173.20508075688772\n\ndef test_check():\n    check(area_tetrahedron)\n\ntest_check()\n",
      "timestamp": 1665509968,
      "stdout": "",
      "stderr": "Traceback (most recent call last):\n  File \"/tmp/tmpz01nro6_.py\", line 16, in <module>\n    test_check()\n  File \"/tmp/tmpz01nro6_.py\", line 14, in test_check\n    check(area_tetrahedron)\n  File \"/tmp/tmpz01nro6_.py\", line 9, in check\n    assert candidate(3) == 15.588457268119894\n  File \"/tmp/tmpz01nro6_.py\", line 5, in area_tetrahedron\n    return (math.sqrt(3) * side ** 2) / 4\nNameError: name 'math' is not defined\n",
      "exit_code": 1,
      "status": "Exception"
    },
    {
      "program": "def area_tetrahedron(side: int) -> float:\n    \"\"\"\n\tWrite a function to caluclate the area of a tetrahedron.\n\t\"\"\"\n    return (sqrt(3) * side ** 2) / 4\n\n\ndef check(candidate):\n    assert candidate(3) == 15.588457268119894\n    assert candidate(20) == 692.8203230275509\n    assert candidate(10) == 173.20508075688772\n\ndef test_check():\n    check(area_tetrahedron)\n\ntest_check()\n",
      "timestamp": 1665509968,
      "stdout": "",
      "stderr": "Traceback (most recent call last):\n  File \"/tmp/tmp1egg1cjg.py\", line 16, in <module>\n    test_check()\n  File \"/tmp/tmp1egg1cjg.py\", line 14, in test_check\n    check(area_tetrahedron)\n  File \"/tmp/tmp1egg1cjg.py\", line 9, in check\n    assert candidate(3) == 15.588457268119894\n  File \"/tmp/tmp1egg1cjg.py\", line 5, in area_tetrahedron\n    return (sqrt(3) * side ** 2) / 4\nNameError: name 'sqrt' is not defined\n",
      "exit_code": 1,
      "status": "Exception"
    },
    {
      "program": "def area_tetrahedron(side: int) -> float:\n    \"\"\"\n\tWrite a function to caluclate the area of a tetrahedron.\n\t\"\"\"\n    return (math.sqrt(3) * side ** 2) / 4\n\n\ndef check(candidate):\n    assert candidate(3) == 15.588457268119894\n    assert candidate(20) == 692.8203230275509\n    assert candidate(10) == 173.20508075688772\n\ndef test_check():\n    check(area_tetrahedron)\n\ntest_check()\n",
      "timestamp": 1665509968,
      "stdout": "",
      "stderr": "Traceback (most recent call last):\n  File \"/tmp/tmpz01nro6_.py\", line 16, in <module>\n    test_check()\n  File \"/tmp/tmpz01nro6_.py\", line 14, in test_check\n    check(area_tetrahedron)\n  File \"/tmp/tmpz01nro6_.py\", line 9, in check\n    assert candidate(3) == 15.588457268119894\n  File \"/tmp/tmpz01nro6_.py\", line 5, in area_tetrahedron\n    return (math.sqrt(3) * side ** 2) / 4\nNameError: name 'math' is not defined\n",
      "exit_code": 1,
      "status": "Exception"
    },
    {
      "program": "def area_tetrahedron(side: int) -> float:\n    \"\"\"\n\tWrite a function to caluclate the area of a tetrahedron.\n\t\"\"\"\n    return (math.sqrt(3) * side ** 2) / 4\n\n\ndef check(candidate):\n    assert candidate(3) == 15.588457268119894\n    assert candidate(20) == 692.8203230275509\n    assert candidate(10) == 173.20508075688772\n\ndef test_check():\n    check(area_tetrahedron)\n\ntest_check()\n",
      "timestamp": 1665509968,
      "stdout": "",
      "stderr": "Traceback (most recent call last):\n  File \"/tmp/tmpz01nro6_.py\", line 16, in <module>\n    test_check()\n  File \"/tmp/tmpz01nro6_.py\", line 14, in test_check\n    check(area_tetrahedron)\n  File \"/tmp/tmpz01nro6_.py\", line 9, in check\n    assert candidate(3) == 15.588457268119894\n  File \"/tmp/tmpz01nro6_.py\", line 5, in area_tetrahedron\n    return (math.sqrt(3) * side ** 2) / 4\nNameError: name 'math' is not defined\n",
      "exit_code": 1,
      "status": "Exception"
    },
    {
      "program": "def area_tetrahedron(side: int) -> float:\n    \"\"\"\n\tWrite a function to caluclate the area of a tetrahedron.\n\t\"\"\"\n    return math.sqrt(3) * side ** 2\n\n\ndef check(candidate):\n    assert candidate(3) == 15.588457268119894\n    assert candidate(20) == 692.8203230275509\n    assert candidate(10) == 173.20508075688772\n\ndef test_check():\n    check(area_tetrahedron)\n\ntest_check()\n",
      "timestamp": 1665509968,
      "stdout": "",
      "stderr": "Traceback (most recent call last):\n  File \"/tmp/tmpsx516fwv.py\", line 16, in <module>\n    test_check()\n  File \"/tmp/tmpsx516fwv.py\", line 14, in test_check\n    check(area_tetrahedron)\n  File \"/tmp/tmpsx516fwv.py\", line 9, in check\n    assert candidate(3) == 15.588457268119894\n  File \"/tmp/tmpsx516fwv.py\", line 5, in area_tetrahedron\n    return math.sqrt(3) * side ** 2\nNameError: name 'math' is not defined\n",
      "exit_code": 1,
      "status": "Exception"
    },
    {
      "program": "def area_tetrahedron(side: int) -> float:\n    \"\"\"\n\tWrite a function to caluclate the area of a tetrahedron.\n\t\"\"\"\n    return math.sqrt(3) * side ** 2\n\n\ndef check(candidate):\n    assert candidate(3) == 15.588457268119894\n    assert candidate(20) == 692.8203230275509\n    assert candidate(10) == 173.20508075688772\n\ndef test_check():\n    check(area_tetrahedron)\n\ntest_check()\n",
      "timestamp": 1665509968,
      "stdout": "",
      "stderr": "Traceback (most recent call last):\n  File \"/tmp/tmpsx516fwv.py\", line 16, in <module>\n    test_check()\n  File \"/tmp/tmpsx516fwv.py\", line 14, in test_check\n    check(area_tetrahedron)\n  File \"/tmp/tmpsx516fwv.py\", line 9, in check\n    assert candidate(3) == 15.588457268119894\n  File \"/tmp/tmpsx516fwv.py\", line 5, in area_tetrahedron\n    return math.sqrt(3) * side ** 2\nNameError: name 'math' is not defined\n",
      "exit_code": 1,
      "status": "Exception"
    },
    {
      "program": "def area_tetrahedron(side: int) -> float:\n    \"\"\"\n\tWrite a function to caluclate the area of a tetrahedron.\n\t\"\"\"\n    return (math.sqrt(3) * side ** 2) / 4\n\n\ndef check(candidate):\n    assert candidate(3) == 15.588457268119894\n    assert candidate(20) == 692.8203230275509\n    assert candidate(10) == 173.20508075688772\n\ndef test_check():\n    check(area_tetrahedron)\n\ntest_check()\n",
      "timestamp": 1665509968,
      "stdout": "",
      "stderr": "Traceback (most recent call last):\n  File \"/tmp/tmpz01nro6_.py\", line 16, in <module>\n    test_check()\n  File \"/tmp/tmpz01nro6_.py\", line 14, in test_check\n    check(area_tetrahedron)\n  File \"/tmp/tmpz01nro6_.py\", line 9, in check\n    assert candidate(3) == 15.588457268119894\n  File \"/tmp/tmpz01nro6_.py\", line 5, in area_tetrahedron\n    return (math.sqrt(3) * side ** 2) / 4\nNameError: name 'math' is not defined\n",
      "exit_code": 1,
      "status": "Exception"
    },
    {
      "program": "def area_tetrahedron(side: int) -> float:\n    \"\"\"\n\tWrite a function to caluclate the area of a tetrahedron.\n\t\"\"\"\n    return (math.sqrt(3) * side ** 2) / 4\n\n\ndef check(candidate):\n    assert candidate(3) == 15.588457268119894\n    assert candidate(20) == 692.8203230275509\n    assert candidate(10) == 173.20508075688772\n\ndef test_check():\n    check(area_tetrahedron)\n\ntest_check()\n",
      "timestamp": 1665509968,
      "stdout": "",
      "stderr": "Traceback (most recent call last):\n  File \"/tmp/tmpz01nro6_.py\", line 16, in <module>\n    test_check()\n  File \"/tmp/tmpz01nro6_.py\", line 14, in test_check\n    check(area_tetrahedron)\n  File \"/tmp/tmpz01nro6_.py\", line 9, in check\n    assert candidate(3) == 15.588457268119894\n  File \"/tmp/tmpz01nro6_.py\", line 5, in area_tetrahedron\n    return (math.sqrt(3) * side ** 2) / 4\nNameError: name 'math' is not defined\n",
      "exit_code": 1,
      "status": "Exception"
    },
    {
      "program": "def area_tetrahedron(side: int) -> float:\n    \"\"\"\n\tWrite a function to caluclate the area of a tetrahedron.\n\t\"\"\"\n    return math.sqrt(3) * side ** 2\n\n\ndef check(candidate):\n    assert candidate(3) == 15.588457268119894\n    assert candidate(20) == 692.8203230275509\n    assert candidate(10) == 173.20508075688772\n\ndef test_check():\n    check(area_tetrahedron)\n\ntest_check()\n",
      "timestamp": 1665509968,
      "stdout": "",
      "stderr": "Traceback (most recent call last):\n  File \"/tmp/tmpsx516fwv.py\", line 16, in <module>\n    test_check()\n  File \"/tmp/tmpsx516fwv.py\", line 14, in test_check\n    check(area_tetrahedron)\n  File \"/tmp/tmpsx516fwv.py\", line 9, in check\n    assert candidate(3) == 15.588457268119894\n  File \"/tmp/tmpsx516fwv.py\", line 5, in area_tetrahedron\n    return math.sqrt(3) * side ** 2\nNameError: name 'math' is not defined\n",
      "exit_code": 1,
      "status": "Exception"
    },
    {
      "program": "def area_tetrahedron(side: int) -> float:\n    \"\"\"\n\tWrite a function to caluclate the area of a tetrahedron.\n\t\"\"\"\n    return (math.sqrt(3) * side ** 2) / 4\n\n\ndef check(candidate):\n    assert candidate(3) == 15.588457268119894\n    assert candidate(20) == 692.8203230275509\n    assert candidate(10) == 173.20508075688772\n\ndef test_check():\n    check(area_tetrahedron)\n\ntest_check()\n",
      "timestamp": 1665509968,
      "stdout": "",
      "stderr": "Traceback (most recent call last):\n  File \"/tmp/tmpz01nro6_.py\", line 16, in <module>\n    test_check()\n  File \"/tmp/tmpz01nro6_.py\", line 14, in test_check\n    check(area_tetrahedron)\n  File \"/tmp/tmpz01nro6_.py\", line 9, in check\n    assert candidate(3) == 15.588457268119894\n  File \"/tmp/tmpz01nro6_.py\", line 5, in area_tetrahedron\n    return (math.sqrt(3) * side ** 2) / 4\nNameError: name 'math' is not defined\n",
      "exit_code": 1,
      "status": "Exception"
    },
    {
      "program": "def area_tetrahedron(side: int) -> float:\n    \"\"\"\n\tWrite a function to caluclate the area of a tetrahedron.\n\t\"\"\"\n    return (math.sqrt(3) * side ** 2) / 4\n\n\ndef check(candidate):\n    assert candidate(3) == 15.588457268119894\n    assert candidate(20) == 692.8203230275509\n    assert candidate(10) == 173.20508075688772\n\ndef test_check():\n    check(area_tetrahedron)\n\ntest_check()\n",
      "timestamp": 1665509968,
      "stdout": "",
      "stderr": "Traceback (most recent call last):\n  File \"/tmp/tmpz01nro6_.py\", line 16, in <module>\n    test_check()\n  File \"/tmp/tmpz01nro6_.py\", line 14, in test_check\n    check(area_tetrahedron)\n  File \"/tmp/tmpz01nro6_.py\", line 9, in check\n    assert candidate(3) == 15.588457268119894\n  File \"/tmp/tmpz01nro6_.py\", line 5, in area_tetrahedron\n    return (math.sqrt(3) * side ** 2) / 4\nNameError: name 'math' is not defined\n",
      "exit_code": 1,
      "status": "Exception"
    },
    {
      "program": "def area_tetrahedron(side: int) -> float:\n    \"\"\"\n\tWrite a function to caluclate the area of a tetrahedron.\n\t\"\"\"\n    return math.sqrt(3) * side ** 2\n\n\ndef check(candidate):\n    assert candidate(3) == 15.588457268119894\n    assert candidate(20) == 692.8203230275509\n    assert candidate(10) == 173.20508075688772\n\ndef test_check():\n    check(area_tetrahedron)\n\ntest_check()\n",
      "timestamp": 1665509968,
      "stdout": "",
      "stderr": "Traceback (most recent call last):\n  File \"/tmp/tmpsx516fwv.py\", line 16, in <module>\n    test_check()\n  File \"/tmp/tmpsx516fwv.py\", line 14, in test_check\n    check(area_tetrahedron)\n  File \"/tmp/tmpsx516fwv.py\", line 9, in check\n    assert candidate(3) == 15.588457268119894\n  File \"/tmp/tmpsx516fwv.py\", line 5, in area_tetrahedron\n    return math.sqrt(3) * side ** 2\nNameError: name 'math' is not defined\n",
      "exit_code": 1,
      "status": "Exception"
    },
    {
      "program": "def area_tetrahedron(side: int) -> float:\n    \"\"\"\n\tWrite a function to caluclate the area of a tetrahedron.\n\t\"\"\"\n    return (math.sqrt(3) * side ** 2) / 4\n\n\ndef check(candidate):\n    assert candidate(3) == 15.588457268119894\n    assert candidate(20) == 692.8203230275509\n    assert candidate(10) == 173.20508075688772\n\ndef test_check():\n    check(area_tetrahedron)\n\ntest_check()\n",
      "timestamp": 1665509968,
      "stdout": "",
      "stderr": "Traceback (most recent call last):\n  File \"/tmp/tmpz01nro6_.py\", line 16, in <module>\n    test_check()\n  File \"/tmp/tmpz01nro6_.py\", line 14, in test_check\n    check(area_tetrahedron)\n  File \"/tmp/tmpz01nro6_.py\", line 9, in check\n    assert candidate(3) == 15.588457268119894\n  File \"/tmp/tmpz01nro6_.py\", line 5, in area_tetrahedron\n    return (math.sqrt(3) * side ** 2) / 4\nNameError: name 'math' is not defined\n",
      "exit_code": 1,
      "status": "Exception"
    },
    {
      "program": "def area_tetrahedron(side: int) -> float:\n    \"\"\"\n\tWrite a function to caluclate the area of a tetrahedron.\n\t\"\"\"\n    return (math.sqrt(3) * side ** 2) / 4\n\n\ndef check(candidate):\n    assert candidate(3) == 15.588457268119894\n    assert candidate(20) == 692.8203230275509\n    assert candidate(10) == 173.20508075688772\n\ndef test_check():\n    check(area_tetrahedron)\n\ntest_check()\n",
      "timestamp": 1665509968,
      "stdout": "",
      "stderr": "Traceback (most recent call last):\n  File \"/tmp/tmpz01nro6_.py\", line 16, in <module>\n    test_check()\n  File \"/tmp/tmpz01nro6_.py\", line 14, in test_check\n    check(area_tetrahedron)\n  File \"/tmp/tmpz01nro6_.py\", line 9, in check\n    assert candidate(3) == 15.588457268119894\n  File \"/tmp/tmpz01nro6_.py\", line 5, in area_tetrahedron\n    return (math.sqrt(3) * side ** 2) / 4\nNameError: name 'math' is not defined\n",
      "exit_code": 1,
      "status": "Exception"
    },
    {
      "program": "def area_tetrahedron(side: int) -> float:\n    \"\"\"\n\tWrite a function to caluclate the area of a tetrahedron.\n\t\"\"\"\n    return (math.sqrt(3) * side ** 2) / 4\n\n\ndef check(candidate):\n    assert candidate(3) == 15.588457268119894\n    assert candidate(20) == 692.8203230275509\n    assert candidate(10) == 173.20508075688772\n\ndef test_check():\n    check(area_tetrahedron)\n\ntest_check()\n",
      "timestamp": 1665509968,
      "stdout": "",
      "stderr": "Traceback (most recent call last):\n  File \"/tmp/tmpz01nro6_.py\", line 16, in <module>\n    test_check()\n  File \"/tmp/tmpz01nro6_.py\", line 14, in test_check\n    check(area_tetrahedron)\n  File \"/tmp/tmpz01nro6_.py\", line 9, in check\n    assert candidate(3) == 15.588457268119894\n  File \"/tmp/tmpz01nro6_.py\", line 5, in area_tetrahedron\n    return (math.sqrt(3) * side ** 2) / 4\nNameError: name 'math' is not defined\n",
      "exit_code": 1,
      "status": "Exception"
    },
    {
      "program": "def area_tetrahedron(side: int) -> float:\n    \"\"\"\n\tWrite a function to caluclate the area of a tetrahedron.\n\t\"\"\"\n    pass\n\n\ndef check(candidate):\n    assert candidate(3) == 15.588457268119894\n    assert candidate(20) == 692.8203230275509\n    assert candidate(10) == 173.20508075688772\n\ndef test_check():\n    check(area_tetrahedron)\n\ntest_check()\n",
      "timestamp": 1666122568,
      "stdout": "",
      "stderr": "Traceback (most recent call last):\n  File \"/tmp/tmphmst0d8m.py\", line 16, in <module>\n    test_check()\n  File \"/tmp/tmphmst0d8m.py\", line 14, in test_check\n    check(area_tetrahedron)\n  File \"/tmp/tmphmst0d8m.py\", line 9, in check\n    assert candidate(3) == 15.588457268119894\nAssertionError\n",
      "exit_code": 1,
      "status": "Exception"
    },
    {
      "program": "def area_tetrahedron(side: int) -> float:\n    \"\"\"\n\tWrite a function to caluclate the area of a tetrahedron.\n\t\"\"\"\n    return (math.sqrt(3) * side ** 2) / 4\n\n\ndef check(candidate):\n    assert candidate(3) == 15.588457268119894\n    assert candidate(20) == 692.8203230275509\n    assert candidate(10) == 173.20508075688772\n\ndef test_check():\n    check(area_tetrahedron)\n\ntest_check()\n",
      "timestamp": 1665509968,
      "stdout": "",
      "stderr": "Traceback (most recent call last):\n  File \"/tmp/tmpz01nro6_.py\", line 16, in <module>\n    test_check()\n  File \"/tmp/tmpz01nro6_.py\", line 14, in test_check\n    check(area_tetrahedron)\n  File \"/tmp/tmpz01nro6_.py\", line 9, in check\n    assert candidate(3) == 15.588457268119894\n  File \"/tmp/tmpz01nro6_.py\", line 5, in area_tetrahedron\n    return (math.sqrt(3) * side ** 2) / 4\nNameError: name 'math' is not defined\n",
      "exit_code": 1,
      "status": "Exception"
    },
    {
      "program": "def area_tetrahedron(side: int) -> float:\n    \"\"\"\n\tWrite a function to caluclate the area of a tetrahedron.\n\t\"\"\"\n    return (math.sqrt(3) * side ** 2) / 4\n\n\ndef check(candidate):\n    assert candidate(3) == 15.588457268119894\n    assert candidate(20) == 692.8203230275509\n    assert candidate(10) == 173.20508075688772\n\ndef test_check():\n    check(area_tetrahedron)\n\ntest_check()\n",
      "timestamp": 1665509968,
      "stdout": "",
      "stderr": "Traceback (most recent call last):\n  File \"/tmp/tmpz01nro6_.py\", line 16, in <module>\n    test_check()\n  File \"/tmp/tmpz01nro6_.py\", line 14, in test_check\n    check(area_tetrahedron)\n  File \"/tmp/tmpz01nro6_.py\", line 9, in check\n    assert candidate(3) == 15.588457268119894\n  File \"/tmp/tmpz01nro6_.py\", line 5, in area_tetrahedron\n    return (math.sqrt(3) * side ** 2) / 4\nNameError: name 'math' is not defined\n",
      "exit_code": 1,
      "status": "Exception"
    },
    {
      "program": "def area_tetrahedron(side: int) -> float:\n    \"\"\"\n\tWrite a function to caluclate the area of a tetrahedron.\n\t\"\"\"\n    return (math.sqrt(3) * side ** 2) / 4\n\n\ndef check(candidate):\n    assert candidate(3) == 15.588457268119894\n    assert candidate(20) == 692.8203230275509\n    assert candidate(10) == 173.20508075688772\n\ndef test_check():\n    check(area_tetrahedron)\n\ntest_check()\n",
      "timestamp": 1665509968,
      "stdout": "",
      "stderr": "Traceback (most recent call last):\n  File \"/tmp/tmpz01nro6_.py\", line 16, in <module>\n    test_check()\n  File \"/tmp/tmpz01nro6_.py\", line 14, in test_check\n    check(area_tetrahedron)\n  File \"/tmp/tmpz01nro6_.py\", line 9, in check\n    assert candidate(3) == 15.588457268119894\n  File \"/tmp/tmpz01nro6_.py\", line 5, in area_tetrahedron\n    return (math.sqrt(3) * side ** 2) / 4\nNameError: name 'math' is not defined\n",
      "exit_code": 1,
      "status": "Exception"
    },
    {
      "program": "def area_tetrahedron(side: int) -> float:\n    \"\"\"\n\tWrite a function to caluclate the area of a tetrahedron.\n\t\"\"\"\n    return math.sqrt(3) * side ** 2\n\n\ndef check(candidate):\n    assert candidate(3) == 15.588457268119894\n    assert candidate(20) == 692.8203230275509\n    assert candidate(10) == 173.20508075688772\n\ndef test_check():\n    check(area_tetrahedron)\n\ntest_check()\n",
      "timestamp": 1665509968,
      "stdout": "",
      "stderr": "Traceback (most recent call last):\n  File \"/tmp/tmpsx516fwv.py\", line 16, in <module>\n    test_check()\n  File \"/tmp/tmpsx516fwv.py\", line 14, in test_check\n    check(area_tetrahedron)\n  File \"/tmp/tmpsx516fwv.py\", line 9, in check\n    assert candidate(3) == 15.588457268119894\n  File \"/tmp/tmpsx516fwv.py\", line 5, in area_tetrahedron\n    return math.sqrt(3) * side ** 2\nNameError: name 'math' is not defined\n",
      "exit_code": 1,
      "status": "Exception"
    },
    {
      "program": "def area_tetrahedron(side: int) -> float:\n    \"\"\"\n\tWrite a function to caluclate the area of a tetrahedron.\n\t\"\"\"\n    return (math.sqrt(3) * side ** 2) / 4\n\n\ndef check(candidate):\n    assert candidate(3) == 15.588457268119894\n    assert candidate(20) == 692.8203230275509\n    assert candidate(10) == 173.20508075688772\n\ndef test_check():\n    check(area_tetrahedron)\n\ntest_check()\n",
      "timestamp": 1665509968,
      "stdout": "",
      "stderr": "Traceback (most recent call last):\n  File \"/tmp/tmpz01nro6_.py\", line 16, in <module>\n    test_check()\n  File \"/tmp/tmpz01nro6_.py\", line 14, in test_check\n    check(area_tetrahedron)\n  File \"/tmp/tmpz01nro6_.py\", line 9, in check\n    assert candidate(3) == 15.588457268119894\n  File \"/tmp/tmpz01nro6_.py\", line 5, in area_tetrahedron\n    return (math.sqrt(3) * side ** 2) / 4\nNameError: name 'math' is not defined\n",
      "exit_code": 1,
      "status": "Exception"
    },
    {
      "program": "def area_tetrahedron(side: int) -> float:\n    \"\"\"\n\tWrite a function to caluclate the area of a tetrahedron.\n\t\"\"\"\n    return (math.sqrt(3) * side ** 2) / 4\n\n\ndef check(candidate):\n    assert candidate(3) == 15.588457268119894\n    assert candidate(20) == 692.8203230275509\n    assert candidate(10) == 173.20508075688772\n\ndef test_check():\n    check(area_tetrahedron)\n\ntest_check()\n",
      "timestamp": 1665509968,
      "stdout": "",
      "stderr": "Traceback (most recent call last):\n  File \"/tmp/tmpz01nro6_.py\", line 16, in <module>\n    test_check()\n  File \"/tmp/tmpz01nro6_.py\", line 14, in test_check\n    check(area_tetrahedron)\n  File \"/tmp/tmpz01nro6_.py\", line 9, in check\n    assert candidate(3) == 15.588457268119894\n  File \"/tmp/tmpz01nro6_.py\", line 5, in area_tetrahedron\n    return (math.sqrt(3) * side ** 2) / 4\nNameError: name 'math' is not defined\n",
      "exit_code": 1,
      "status": "Exception"
    },
    {
      "program": "def area_tetrahedron(side: int) -> float:\n    \"\"\"\n\tWrite a function to caluclate the area of a tetrahedron.\n\t\"\"\"\n    return (math.sqrt(3) * side ** 2) / 4\n\n\ndef check(candidate):\n    assert candidate(3) == 15.588457268119894\n    assert candidate(20) == 692.8203230275509\n    assert candidate(10) == 173.20508075688772\n\ndef test_check():\n    check(area_tetrahedron)\n\ntest_check()\n",
      "timestamp": 1665509968,
      "stdout": "",
      "stderr": "Traceback (most recent call last):\n  File \"/tmp/tmpz01nro6_.py\", line 16, in <module>\n    test_check()\n  File \"/tmp/tmpz01nro6_.py\", line 14, in test_check\n    check(area_tetrahedron)\n  File \"/tmp/tmpz01nro6_.py\", line 9, in check\n    assert candidate(3) == 15.588457268119894\n  File \"/tmp/tmpz01nro6_.py\", line 5, in area_tetrahedron\n    return (math.sqrt(3) * side ** 2) / 4\nNameError: name 'math' is not defined\n",
      "exit_code": 1,
      "status": "Exception"
    },
    {
      "program": "def area_tetrahedron(side: int) -> float:\n    \"\"\"\n\tWrite a function to caluclate the area of a tetrahedron.\n\t\"\"\"\n    return (math.sqrt(3) * side ** 2) / 4\n\n\ndef check(candidate):\n    assert candidate(3) == 15.588457268119894\n    assert candidate(20) == 692.8203230275509\n    assert candidate(10) == 173.20508075688772\n\ndef test_check():\n    check(area_tetrahedron)\n\ntest_check()\n",
      "timestamp": 1665509968,
      "stdout": "",
      "stderr": "Traceback (most recent call last):\n  File \"/tmp/tmpz01nro6_.py\", line 16, in <module>\n    test_check()\n  File \"/tmp/tmpz01nro6_.py\", line 14, in test_check\n    check(area_tetrahedron)\n  File \"/tmp/tmpz01nro6_.py\", line 9, in check\n    assert candidate(3) == 15.588457268119894\n  File \"/tmp/tmpz01nro6_.py\", line 5, in area_tetrahedron\n    return (math.sqrt(3) * side ** 2) / 4\nNameError: name 'math' is not defined\n",
      "exit_code": 1,
      "status": "Exception"
    },
    {
      "program": "def area_tetrahedron(side: int) -> float:\n    \"\"\"\n\tWrite a function to caluclate the area of a tetrahedron.\n\t\"\"\"\n    return (math.sqrt(3) * side ** 2) / 4\n\n\ndef check(candidate):\n    assert candidate(3) == 15.588457268119894\n    assert candidate(20) == 692.8203230275509\n    assert candidate(10) == 173.20508075688772\n\ndef test_check():\n    check(area_tetrahedron)\n\ntest_check()\n",
      "timestamp": 1665509968,
      "stdout": "",
      "stderr": "Traceback (most recent call last):\n  File \"/tmp/tmpz01nro6_.py\", line 16, in <module>\n    test_check()\n  File \"/tmp/tmpz01nro6_.py\", line 14, in test_check\n    check(area_tetrahedron)\n  File \"/tmp/tmpz01nro6_.py\", line 9, in check\n    assert candidate(3) == 15.588457268119894\n  File \"/tmp/tmpz01nro6_.py\", line 5, in area_tetrahedron\n    return (math.sqrt(3) * side ** 2) / 4\nNameError: name 'math' is not defined\n",
      "exit_code": 1,
      "status": "Exception"
    },
    {
      "program": "def area_tetrahedron(side: int) -> float:\n    \"\"\"\n\tWrite a function to caluclate the area of a tetrahedron.\n\t\"\"\"\n    return (math.sqrt(3) / 4) * (side ** 2)\n\n\ndef check(candidate):\n    assert candidate(3) == 15.588457268119894\n    assert candidate(20) == 692.8203230275509\n    assert candidate(10) == 173.20508075688772\n\ndef test_check():\n    check(area_tetrahedron)\n\ntest_check()\n",
      "timestamp": 1666122567,
      "stdout": "",
      "stderr": "Traceback (most recent call last):\n  File \"/tmp/tmp_ucgc805.py\", line 16, in <module>\n    test_check()\n  File \"/tmp/tmp_ucgc805.py\", line 14, in test_check\n    check(area_tetrahedron)\n  File \"/tmp/tmp_ucgc805.py\", line 9, in check\n    assert candidate(3) == 15.588457268119894\n  File \"/tmp/tmp_ucgc805.py\", line 5, in area_tetrahedron\n    return (math.sqrt(3) / 4) * (side ** 2)\nNameError: name 'math' is not defined\n",
      "exit_code": 1,
      "status": "Exception"
    },
    {
      "program": "def area_tetrahedron(side: int) -> float:\n    \"\"\"\n\tWrite a function to caluclate the area of a tetrahedron.\n\t\"\"\"\n    return (math.sqrt(3) * side ** 2) / 4\n\n\ndef check(candidate):\n    assert candidate(3) == 15.588457268119894\n    assert candidate(20) == 692.8203230275509\n    assert candidate(10) == 173.20508075688772\n\ndef test_check():\n    check(area_tetrahedron)\n\ntest_check()\n",
      "timestamp": 1665509968,
      "stdout": "",
      "stderr": "Traceback (most recent call last):\n  File \"/tmp/tmpz01nro6_.py\", line 16, in <module>\n    test_check()\n  File \"/tmp/tmpz01nro6_.py\", line 14, in test_check\n    check(area_tetrahedron)\n  File \"/tmp/tmpz01nro6_.py\", line 9, in check\n    assert candidate(3) == 15.588457268119894\n  File \"/tmp/tmpz01nro6_.py\", line 5, in area_tetrahedron\n    return (math.sqrt(3) * side ** 2) / 4\nNameError: name 'math' is not defined\n",
      "exit_code": 1,
      "status": "Exception"
    },
    {
      "program": "def area_tetrahedron(side: int) -> float:\n    \"\"\"\n\tWrite a function to caluclate the area of a tetrahedron.\n\t\"\"\"\n    return (math.sqrt(3) * side ** 2) / 4\n\n\ndef check(candidate):\n    assert candidate(3) == 15.588457268119894\n    assert candidate(20) == 692.8203230275509\n    assert candidate(10) == 173.20508075688772\n\ndef test_check():\n    check(area_tetrahedron)\n\ntest_check()\n",
      "timestamp": 1665509968,
      "stdout": "",
      "stderr": "Traceback (most recent call last):\n  File \"/tmp/tmpz01nro6_.py\", line 16, in <module>\n    test_check()\n  File \"/tmp/tmpz01nro6_.py\", line 14, in test_check\n    check(area_tetrahedron)\n  File \"/tmp/tmpz01nro6_.py\", line 9, in check\n    assert candidate(3) == 15.588457268119894\n  File \"/tmp/tmpz01nro6_.py\", line 5, in area_tetrahedron\n    return (math.sqrt(3) * side ** 2) / 4\nNameError: name 'math' is not defined\n",
      "exit_code": 1,
      "status": "Exception"
    },
    {
      "program": "def area_tetrahedron(side: int) -> float:\n    \"\"\"\n\tWrite a function to caluclate the area of a tetrahedron.\n\t\"\"\"\n    area = (math.sqrt(3) * side ** 2) / 4\n    return area\n\n\ndef check(candidate):\n    assert candidate(3) == 15.588457268119894\n    assert candidate(20) == 692.8203230275509\n    assert candidate(10) == 173.20508075688772\n\ndef test_check():\n    check(area_tetrahedron)\n\ntest_check()\n",
      "timestamp": 1666122568,
      "stdout": "",
      "stderr": "Traceback (most recent call last):\n  File \"/tmp/tmpp8e2sz7n.py\", line 17, in <module>\n    test_check()\n  File \"/tmp/tmpp8e2sz7n.py\", line 15, in test_check\n    check(area_tetrahedron)\n  File \"/tmp/tmpp8e2sz7n.py\", line 10, in check\n    assert candidate(3) == 15.588457268119894\n  File \"/tmp/tmpp8e2sz7n.py\", line 5, in area_tetrahedron\n    area = (math.sqrt(3) * side ** 2) / 4\nNameError: name 'math' is not defined\n",
      "exit_code": 1,
      "status": "Exception"
    },
    {
      "program": "def area_tetrahedron(side: int) -> float:\n    \"\"\"\n\tWrite a function to caluclate the area of a tetrahedron.\n\t\"\"\"\n    return (math.sqrt(3) * side ** 2) / 4\n\n\ndef check(candidate):\n    assert candidate(3) == 15.588457268119894\n    assert candidate(20) == 692.8203230275509\n    assert candidate(10) == 173.20508075688772\n\ndef test_check():\n    check(area_tetrahedron)\n\ntest_check()\n",
      "timestamp": 1665509968,
      "stdout": "",
      "stderr": "Traceback (most recent call last):\n  File \"/tmp/tmpz01nro6_.py\", line 16, in <module>\n    test_check()\n  File \"/tmp/tmpz01nro6_.py\", line 14, in test_check\n    check(area_tetrahedron)\n  File \"/tmp/tmpz01nro6_.py\", line 9, in check\n    assert candidate(3) == 15.588457268119894\n  File \"/tmp/tmpz01nro6_.py\", line 5, in area_tetrahedron\n    return (math.sqrt(3) * side ** 2) / 4\nNameError: name 'math' is not defined\n",
      "exit_code": 1,
      "status": "Exception"
    },
    {
      "program": "def area_tetrahedron(side: int) -> float:\n    \"\"\"\n\tWrite a function to caluclate the area of a tetrahedron.\n\t\"\"\"\n    return math.sqrt(3) * side ** 2\n\n\ndef check(candidate):\n    assert candidate(3) == 15.588457268119894\n    assert candidate(20) == 692.8203230275509\n    assert candidate(10) == 173.20508075688772\n\ndef test_check():\n    check(area_tetrahedron)\n\ntest_check()\n",
      "timestamp": 1665509968,
      "stdout": "",
      "stderr": "Traceback (most recent call last):\n  File \"/tmp/tmpsx516fwv.py\", line 16, in <module>\n    test_check()\n  File \"/tmp/tmpsx516fwv.py\", line 14, in test_check\n    check(area_tetrahedron)\n  File \"/tmp/tmpsx516fwv.py\", line 9, in check\n    assert candidate(3) == 15.588457268119894\n  File \"/tmp/tmpsx516fwv.py\", line 5, in area_tetrahedron\n    return math.sqrt(3) * side ** 2\nNameError: name 'math' is not defined\n",
      "exit_code": 1,
      "status": "Exception"
    },
    {
      "program": "def area_tetrahedron(side: int) -> float:\n    \"\"\"\n\tWrite a function to caluclate the area of a tetrahedron.\n\t\"\"\"\n    return (math.sqrt(3) * side ** 2) / 4\n\n\ndef check(candidate):\n    assert candidate(3) == 15.588457268119894\n    assert candidate(20) == 692.8203230275509\n    assert candidate(10) == 173.20508075688772\n\ndef test_check():\n    check(area_tetrahedron)\n\ntest_check()\n",
      "timestamp": 1665509968,
      "stdout": "",
      "stderr": "Traceback (most recent call last):\n  File \"/tmp/tmpz01nro6_.py\", line 16, in <module>\n    test_check()\n  File \"/tmp/tmpz01nro6_.py\", line 14, in test_check\n    check(area_tetrahedron)\n  File \"/tmp/tmpz01nro6_.py\", line 9, in check\n    assert candidate(3) == 15.588457268119894\n  File \"/tmp/tmpz01nro6_.py\", line 5, in area_tetrahedron\n    return (math.sqrt(3) * side ** 2) / 4\nNameError: name 'math' is not defined\n",
      "exit_code": 1,
      "status": "Exception"
    },
    {
      "program": "def area_tetrahedron(side: int) -> float:\n    \"\"\"\n\tWrite a function to caluclate the area of a tetrahedron.\n\t\"\"\"\n    return (math.sqrt(3) * side ** 2) / 4\n\n\ndef check(candidate):\n    assert candidate(3) == 15.588457268119894\n    assert candidate(20) == 692.8203230275509\n    assert candidate(10) == 173.20508075688772\n\ndef test_check():\n    check(area_tetrahedron)\n\ntest_check()\n",
      "timestamp": 1665509968,
      "stdout": "",
      "stderr": "Traceback (most recent call last):\n  File \"/tmp/tmpz01nro6_.py\", line 16, in <module>\n    test_check()\n  File \"/tmp/tmpz01nro6_.py\", line 14, in test_check\n    check(area_tetrahedron)\n  File \"/tmp/tmpz01nro6_.py\", line 9, in check\n    assert candidate(3) == 15.588457268119894\n  File \"/tmp/tmpz01nro6_.py\", line 5, in area_tetrahedron\n    return (math.sqrt(3) * side ** 2) / 4\nNameError: name 'math' is not defined\n",
      "exit_code": 1,
      "status": "Exception"
    },
    {
      "program": "def area_tetrahedron(side: int) -> float:\n    \"\"\"\n\tWrite a function to caluclate the area of a tetrahedron.\n\t\"\"\"\n    return (side ** 2) * math.sqrt(3)\n\n\ndef check(candidate):\n    assert candidate(3) == 15.588457268119894\n    assert candidate(20) == 692.8203230275509\n    assert candidate(10) == 173.20508075688772\n\ndef test_check():\n    check(area_tetrahedron)\n\ntest_check()\n",
      "timestamp": 1666122567,
      "stdout": "",
      "stderr": "Traceback (most recent call last):\n  File \"/tmp/tmp9ot3s3s9.py\", line 16, in <module>\n    test_check()\n  File \"/tmp/tmp9ot3s3s9.py\", line 14, in test_check\n    check(area_tetrahedron)\n  File \"/tmp/tmp9ot3s3s9.py\", line 9, in check\n    assert candidate(3) == 15.588457268119894\n  File \"/tmp/tmp9ot3s3s9.py\", line 5, in area_tetrahedron\n    return (side ** 2) * math.sqrt(3)\nNameError: name 'math' is not defined\n",
      "exit_code": 1,
      "status": "Exception"
    },
    {
      "program": "def area_tetrahedron(side: int) -> float:\n    \"\"\"\n\tWrite a function to caluclate the area of a tetrahedron.\n\t\"\"\"\n    return math.sqrt(3) * side ** 2\n\n\ndef check(candidate):\n    assert candidate(3) == 15.588457268119894\n    assert candidate(20) == 692.8203230275509\n    assert candidate(10) == 173.20508075688772\n\ndef test_check():\n    check(area_tetrahedron)\n\ntest_check()\n",
      "timestamp": 1665509968,
      "stdout": "",
      "stderr": "Traceback (most recent call last):\n  File \"/tmp/tmpsx516fwv.py\", line 16, in <module>\n    test_check()\n  File \"/tmp/tmpsx516fwv.py\", line 14, in test_check\n    check(area_tetrahedron)\n  File \"/tmp/tmpsx516fwv.py\", line 9, in check\n    assert candidate(3) == 15.588457268119894\n  File \"/tmp/tmpsx516fwv.py\", line 5, in area_tetrahedron\n    return math.sqrt(3) * side ** 2\nNameError: name 'math' is not defined\n",
      "exit_code": 1,
      "status": "Exception"
    },
    {
      "program": "def area_tetrahedron(side: int) -> float:\n    \"\"\"\n\tWrite a function to caluclate the area of a tetrahedron.\n\t\"\"\"\n    return math.sqrt(3) * side ** 2\n\n\ndef check(candidate):\n    assert candidate(3) == 15.588457268119894\n    assert candidate(20) == 692.8203230275509\n    assert candidate(10) == 173.20508075688772\n\ndef test_check():\n    check(area_tetrahedron)\n\ntest_check()\n",
      "timestamp": 1665509968,
      "stdout": "",
      "stderr": "Traceback (most recent call last):\n  File \"/tmp/tmpsx516fwv.py\", line 16, in <module>\n    test_check()\n  File \"/tmp/tmpsx516fwv.py\", line 14, in test_check\n    check(area_tetrahedron)\n  File \"/tmp/tmpsx516fwv.py\", line 9, in check\n    assert candidate(3) == 15.588457268119894\n  File \"/tmp/tmpsx516fwv.py\", line 5, in area_tetrahedron\n    return math.sqrt(3) * side ** 2\nNameError: name 'math' is not defined\n",
      "exit_code": 1,
      "status": "Exception"
    },
    {
      "program": "def area_tetrahedron(side: int) -> float:\n    \"\"\"\n\tWrite a function to caluclate the area of a tetrahedron.\n\t\"\"\"\n    return (math.sqrt(3) / 4) * (side ** 2)\n\n\ndef check(candidate):\n    assert candidate(3) == 15.588457268119894\n    assert candidate(20) == 692.8203230275509\n    assert candidate(10) == 173.20508075688772\n\ndef test_check():\n    check(area_tetrahedron)\n\ntest_check()\n",
      "timestamp": 1666122567,
      "stdout": "",
      "stderr": "Traceback (most recent call last):\n  File \"/tmp/tmp_ucgc805.py\", line 16, in <module>\n    test_check()\n  File \"/tmp/tmp_ucgc805.py\", line 14, in test_check\n    check(area_tetrahedron)\n  File \"/tmp/tmp_ucgc805.py\", line 9, in check\n    assert candidate(3) == 15.588457268119894\n  File \"/tmp/tmp_ucgc805.py\", line 5, in area_tetrahedron\n    return (math.sqrt(3) / 4) * (side ** 2)\nNameError: name 'math' is not defined\n",
      "exit_code": 1,
      "status": "Exception"
    },
    {
      "program": "def area_tetrahedron(side: int) -> float:\n    \"\"\"\n\tWrite a function to caluclate the area of a tetrahedron.\n\t\"\"\"\n    return (side ** 2 * (3 ** 0.5)) / 4\n\n\ndef check(candidate):\n    assert candidate(3) == 15.588457268119894\n    assert candidate(20) == 692.8203230275509\n    assert candidate(10) == 173.20508075688772\n\ndef test_check():\n    check(area_tetrahedron)\n\ntest_check()\n",
      "timestamp": 1665509968,
      "stdout": "",
      "stderr": "Traceback (most recent call last):\n  File \"/tmp/tmp1u52jb0m.py\", line 16, in <module>\n    test_check()\n  File \"/tmp/tmp1u52jb0m.py\", line 14, in test_check\n    check(area_tetrahedron)\n  File \"/tmp/tmp1u52jb0m.py\", line 9, in check\n    assert candidate(3) == 15.588457268119894\nAssertionError\n",
      "exit_code": 1,
      "status": "Exception"
    },
    {
      "program": "def area_tetrahedron(side: int) -> float:\n    \"\"\"\n\tWrite a function to caluclate the area of a tetrahedron.\n\t\"\"\"\n    return (math.sqrt(3) * side ** 2) / 4\n\n\ndef check(candidate):\n    assert candidate(3) == 15.588457268119894\n    assert candidate(20) == 692.8203230275509\n    assert candidate(10) == 173.20508075688772\n\ndef test_check():\n    check(area_tetrahedron)\n\ntest_check()\n",
      "timestamp": 1665509968,
      "stdout": "",
      "stderr": "Traceback (most recent call last):\n  File \"/tmp/tmpz01nro6_.py\", line 16, in <module>\n    test_check()\n  File \"/tmp/tmpz01nro6_.py\", line 14, in test_check\n    check(area_tetrahedron)\n  File \"/tmp/tmpz01nro6_.py\", line 9, in check\n    assert candidate(3) == 15.588457268119894\n  File \"/tmp/tmpz01nro6_.py\", line 5, in area_tetrahedron\n    return (math.sqrt(3) * side ** 2) / 4\nNameError: name 'math' is not defined\n",
      "exit_code": 1,
      "status": "Exception"
    },
    {
      "program": "def area_tetrahedron(side: int) -> float:\n    \"\"\"\n\tWrite a function to caluclate the area of a tetrahedron.\n\t\"\"\"\n    return (math.sqrt(3) * side ** 2) / 4\n\n\ndef check(candidate):\n    assert candidate(3) == 15.588457268119894\n    assert candidate(20) == 692.8203230275509\n    assert candidate(10) == 173.20508075688772\n\ndef test_check():\n    check(area_tetrahedron)\n\ntest_check()\n",
      "timestamp": 1665509968,
      "stdout": "",
      "stderr": "Traceback (most recent call last):\n  File \"/tmp/tmpz01nro6_.py\", line 16, in <module>\n    test_check()\n  File \"/tmp/tmpz01nro6_.py\", line 14, in test_check\n    check(area_tetrahedron)\n  File \"/tmp/tmpz01nro6_.py\", line 9, in check\n    assert candidate(3) == 15.588457268119894\n  File \"/tmp/tmpz01nro6_.py\", line 5, in area_tetrahedron\n    return (math.sqrt(3) * side ** 2) / 4\nNameError: name 'math' is not defined\n",
      "exit_code": 1,
      "status": "Exception"
    },
    {
      "program": "def area_tetrahedron(side: int) -> float:\n    \"\"\"\n\tWrite a function to caluclate the area of a tetrahedron.\n\t\"\"\"\n    return (math.sqrt(3) * side ** 2) / 4\n\n\ndef check(candidate):\n    assert candidate(3) == 15.588457268119894\n    assert candidate(20) == 692.8203230275509\n    assert candidate(10) == 173.20508075688772\n\ndef test_check():\n    check(area_tetrahedron)\n\ntest_check()\n",
      "timestamp": 1665509968,
      "stdout": "",
      "stderr": "Traceback (most recent call last):\n  File \"/tmp/tmpz01nro6_.py\", line 16, in <module>\n    test_check()\n  File \"/tmp/tmpz01nro6_.py\", line 14, in test_check\n    check(area_tetrahedron)\n  File \"/tmp/tmpz01nro6_.py\", line 9, in check\n    assert candidate(3) == 15.588457268119894\n  File \"/tmp/tmpz01nro6_.py\", line 5, in area_tetrahedron\n    return (math.sqrt(3) * side ** 2) / 4\nNameError: name 'math' is not defined\n",
      "exit_code": 1,
      "status": "Exception"
    },
    {
      "program": "def area_tetrahedron(side: int) -> float:\n    \"\"\"\n\tWrite a function to caluclate the area of a tetrahedron.\n\t\"\"\"\n    return (side ** 2 * (3 ** 0.5)) / 4\n\n\ndef check(candidate):\n    assert candidate(3) == 15.588457268119894\n    assert candidate(20) == 692.8203230275509\n    assert candidate(10) == 173.20508075688772\n\ndef test_check():\n    check(area_tetrahedron)\n\ntest_check()\n",
      "timestamp": 1665509968,
      "stdout": "",
      "stderr": "Traceback (most recent call last):\n  File \"/tmp/tmp1u52jb0m.py\", line 16, in <module>\n    test_check()\n  File \"/tmp/tmp1u52jb0m.py\", line 14, in test_check\n    check(area_tetrahedron)\n  File \"/tmp/tmp1u52jb0m.py\", line 9, in check\n    assert candidate(3) == 15.588457268119894\nAssertionError\n",
      "exit_code": 1,
      "status": "Exception"
    },
    {
      "program": "def area_tetrahedron(side: int) -> float:\n    \"\"\"\n\tWrite a function to caluclate the area of a tetrahedron.\n\t\"\"\"\n    return math.sqrt(3) * side ** 2\n\n\ndef check(candidate):\n    assert candidate(3) == 15.588457268119894\n    assert candidate(20) == 692.8203230275509\n    assert candidate(10) == 173.20508075688772\n\ndef test_check():\n    check(area_tetrahedron)\n\ntest_check()\n",
      "timestamp": 1665509968,
      "stdout": "",
      "stderr": "Traceback (most recent call last):\n  File \"/tmp/tmpsx516fwv.py\", line 16, in <module>\n    test_check()\n  File \"/tmp/tmpsx516fwv.py\", line 14, in test_check\n    check(area_tetrahedron)\n  File \"/tmp/tmpsx516fwv.py\", line 9, in check\n    assert candidate(3) == 15.588457268119894\n  File \"/tmp/tmpsx516fwv.py\", line 5, in area_tetrahedron\n    return math.sqrt(3) * side ** 2\nNameError: name 'math' is not defined\n",
      "exit_code": 1,
      "status": "Exception"
    },
    {
      "program": "def area_tetrahedron(side: int) -> float:\n    \"\"\"\n\tWrite a function to caluclate the area of a tetrahedron.\n\t\"\"\"\n    return (math.sqrt(3) * side ** 2) / 4\n\n\ndef check(candidate):\n    assert candidate(3) == 15.588457268119894\n    assert candidate(20) == 692.8203230275509\n    assert candidate(10) == 173.20508075688772\n\ndef test_check():\n    check(area_tetrahedron)\n\ntest_check()\n",
      "timestamp": 1665509968,
      "stdout": "",
      "stderr": "Traceback (most recent call last):\n  File \"/tmp/tmpz01nro6_.py\", line 16, in <module>\n    test_check()\n  File \"/tmp/tmpz01nro6_.py\", line 14, in test_check\n    check(area_tetrahedron)\n  File \"/tmp/tmpz01nro6_.py\", line 9, in check\n    assert candidate(3) == 15.588457268119894\n  File \"/tmp/tmpz01nro6_.py\", line 5, in area_tetrahedron\n    return (math.sqrt(3) * side ** 2) / 4\nNameError: name 'math' is not defined\n",
      "exit_code": 1,
      "status": "Exception"
    },
    {
      "program": "def area_tetrahedron(side: int) -> float:\n    \"\"\"\n\tWrite a function to caluclate the area of a tetrahedron.\n\t\"\"\"\n    return (math.sqrt(3) * side ** 2) / 4\n\n\ndef check(candidate):\n    assert candidate(3) == 15.588457268119894\n    assert candidate(20) == 692.8203230275509\n    assert candidate(10) == 173.20508075688772\n\ndef test_check():\n    check(area_tetrahedron)\n\ntest_check()\n",
      "timestamp": 1665509968,
      "stdout": "",
      "stderr": "Traceback (most recent call last):\n  File \"/tmp/tmpz01nro6_.py\", line 16, in <module>\n    test_check()\n  File \"/tmp/tmpz01nro6_.py\", line 14, in test_check\n    check(area_tetrahedron)\n  File \"/tmp/tmpz01nro6_.py\", line 9, in check\n    assert candidate(3) == 15.588457268119894\n  File \"/tmp/tmpz01nro6_.py\", line 5, in area_tetrahedron\n    return (math.sqrt(3) * side ** 2) / 4\nNameError: name 'math' is not defined\n",
      "exit_code": 1,
      "status": "Exception"
    },
    {
      "program": "def area_tetrahedron(side: int) -> float:\n    \"\"\"\n\tWrite a function to caluclate the area of a tetrahedron.\n\t\"\"\"\n    return math.sqrt(3) * side ** 2\n\n\ndef check(candidate):\n    assert candidate(3) == 15.588457268119894\n    assert candidate(20) == 692.8203230275509\n    assert candidate(10) == 173.20508075688772\n\ndef test_check():\n    check(area_tetrahedron)\n\ntest_check()\n",
      "timestamp": 1665509968,
      "stdout": "",
      "stderr": "Traceback (most recent call last):\n  File \"/tmp/tmpsx516fwv.py\", line 16, in <module>\n    test_check()\n  File \"/tmp/tmpsx516fwv.py\", line 14, in test_check\n    check(area_tetrahedron)\n  File \"/tmp/tmpsx516fwv.py\", line 9, in check\n    assert candidate(3) == 15.588457268119894\n  File \"/tmp/tmpsx516fwv.py\", line 5, in area_tetrahedron\n    return math.sqrt(3) * side ** 2\nNameError: name 'math' is not defined\n",
      "exit_code": 1,
      "status": "Exception"
    },
    {
      "program": "def area_tetrahedron(side: int) -> float:\n    \"\"\"\n\tWrite a function to caluclate the area of a tetrahedron.\n\t\"\"\"\n    return (math.sqrt(3) / 4) * (side ** 2)\n\n\ndef check(candidate):\n    assert candidate(3) == 15.588457268119894\n    assert candidate(20) == 692.8203230275509\n    assert candidate(10) == 173.20508075688772\n\ndef test_check():\n    check(area_tetrahedron)\n\ntest_check()\n",
      "timestamp": 1666122567,
      "stdout": "",
      "stderr": "Traceback (most recent call last):\n  File \"/tmp/tmp_ucgc805.py\", line 16, in <module>\n    test_check()\n  File \"/tmp/tmp_ucgc805.py\", line 14, in test_check\n    check(area_tetrahedron)\n  File \"/tmp/tmp_ucgc805.py\", line 9, in check\n    assert candidate(3) == 15.588457268119894\n  File \"/tmp/tmp_ucgc805.py\", line 5, in area_tetrahedron\n    return (math.sqrt(3) / 4) * (side ** 2)\nNameError: name 'math' is not defined\n",
      "exit_code": 1,
      "status": "Exception"
    },
    {
      "program": "def area_tetrahedron(side: int) -> float:\n    \"\"\"\n\tWrite a function to caluclate the area of a tetrahedron.\n\t\"\"\"\n    return (math.sqrt(3) * side ** 2) / 4\n\n\ndef check(candidate):\n    assert candidate(3) == 15.588457268119894\n    assert candidate(20) == 692.8203230275509\n    assert candidate(10) == 173.20508075688772\n\ndef test_check():\n    check(area_tetrahedron)\n\ntest_check()\n",
      "timestamp": 1665509968,
      "stdout": "",
      "stderr": "Traceback (most recent call last):\n  File \"/tmp/tmpz01nro6_.py\", line 16, in <module>\n    test_check()\n  File \"/tmp/tmpz01nro6_.py\", line 14, in test_check\n    check(area_tetrahedron)\n  File \"/tmp/tmpz01nro6_.py\", line 9, in check\n    assert candidate(3) == 15.588457268119894\n  File \"/tmp/tmpz01nro6_.py\", line 5, in area_tetrahedron\n    return (math.sqrt(3) * side ** 2) / 4\nNameError: name 'math' is not defined\n",
      "exit_code": 1,
      "status": "Exception"
    },
    {
      "program": "def area_tetrahedron(side: int) -> float:\n    \"\"\"\n\tWrite a function to caluclate the area of a tetrahedron.\n\t\"\"\"\n    return (math.sqrt(3) * side ** 2) / 4\n\n\ndef check(candidate):\n    assert candidate(3) == 15.588457268119894\n    assert candidate(20) == 692.8203230275509\n    assert candidate(10) == 173.20508075688772\n\ndef test_check():\n    check(area_tetrahedron)\n\ntest_check()\n",
      "timestamp": 1665509968,
      "stdout": "",
      "stderr": "Traceback (most recent call last):\n  File \"/tmp/tmpz01nro6_.py\", line 16, in <module>\n    test_check()\n  File \"/tmp/tmpz01nro6_.py\", line 14, in test_check\n    check(area_tetrahedron)\n  File \"/tmp/tmpz01nro6_.py\", line 9, in check\n    assert candidate(3) == 15.588457268119894\n  File \"/tmp/tmpz01nro6_.py\", line 5, in area_tetrahedron\n    return (math.sqrt(3) * side ** 2) / 4\nNameError: name 'math' is not defined\n",
      "exit_code": 1,
      "status": "Exception"
    },
    {
      "program": "def area_tetrahedron(side: int) -> float:\n    \"\"\"\n\tWrite a function to caluclate the area of a tetrahedron.\n\t\"\"\"\n    return (math.sqrt(3) * side ** 2) / 4\n\n\ndef check(candidate):\n    assert candidate(3) == 15.588457268119894\n    assert candidate(20) == 692.8203230275509\n    assert candidate(10) == 173.20508075688772\n\ndef test_check():\n    check(area_tetrahedron)\n\ntest_check()\n",
      "timestamp": 1665509968,
      "stdout": "",
      "stderr": "Traceback (most recent call last):\n  File \"/tmp/tmpz01nro6_.py\", line 16, in <module>\n    test_check()\n  File \"/tmp/tmpz01nro6_.py\", line 14, in test_check\n    check(area_tetrahedron)\n  File \"/tmp/tmpz01nro6_.py\", line 9, in check\n    assert candidate(3) == 15.588457268119894\n  File \"/tmp/tmpz01nro6_.py\", line 5, in area_tetrahedron\n    return (math.sqrt(3) * side ** 2) / 4\nNameError: name 'math' is not defined\n",
      "exit_code": 1,
      "status": "Exception"
    },
    {
      "program": "def area_tetrahedron(side: int) -> float:\n    \"\"\"\n\tWrite a function to caluclate the area of a tetrahedron.\n\t\"\"\"\n    return (math.sqrt(3) * side ** 2) / 4\n\n\ndef check(candidate):\n    assert candidate(3) == 15.588457268119894\n    assert candidate(20) == 692.8203230275509\n    assert candidate(10) == 173.20508075688772\n\ndef test_check():\n    check(area_tetrahedron)\n\ntest_check()\n",
      "timestamp": 1665509968,
      "stdout": "",
      "stderr": "Traceback (most recent call last):\n  File \"/tmp/tmpz01nro6_.py\", line 16, in <module>\n    test_check()\n  File \"/tmp/tmpz01nro6_.py\", line 14, in test_check\n    check(area_tetrahedron)\n  File \"/tmp/tmpz01nro6_.py\", line 9, in check\n    assert candidate(3) == 15.588457268119894\n  File \"/tmp/tmpz01nro6_.py\", line 5, in area_tetrahedron\n    return (math.sqrt(3) * side ** 2) / 4\nNameError: name 'math' is not defined\n",
      "exit_code": 1,
      "status": "Exception"
    },
    {
      "program": "def area_tetrahedron(side: int) -> float:\n    \"\"\"\n\tWrite a function to caluclate the area of a tetrahedron.\n\t\"\"\"\n    return (math.sqrt(3) * side ** 2) / 4\n\n\ndef check(candidate):\n    assert candidate(3) == 15.588457268119894\n    assert candidate(20) == 692.8203230275509\n    assert candidate(10) == 173.20508075688772\n\ndef test_check():\n    check(area_tetrahedron)\n\ntest_check()\n",
      "timestamp": 1665509968,
      "stdout": "",
      "stderr": "Traceback (most recent call last):\n  File \"/tmp/tmpz01nro6_.py\", line 16, in <module>\n    test_check()\n  File \"/tmp/tmpz01nro6_.py\", line 14, in test_check\n    check(area_tetrahedron)\n  File \"/tmp/tmpz01nro6_.py\", line 9, in check\n    assert candidate(3) == 15.588457268119894\n  File \"/tmp/tmpz01nro6_.py\", line 5, in area_tetrahedron\n    return (math.sqrt(3) * side ** 2) / 4\nNameError: name 'math' is not defined\n",
      "exit_code": 1,
      "status": "Exception"
    },
    {
      "program": "def area_tetrahedron(side: int) -> float:\n    \"\"\"\n\tWrite a function to caluclate the area of a tetrahedron.\n\t\"\"\"\n    return (math.sqrt(3) * side ** 2) / 4\n\n\ndef check(candidate):\n    assert candidate(3) == 15.588457268119894\n    assert candidate(20) == 692.8203230275509\n    assert candidate(10) == 173.20508075688772\n\ndef test_check():\n    check(area_tetrahedron)\n\ntest_check()\n",
      "timestamp": 1665509968,
      "stdout": "",
      "stderr": "Traceback (most recent call last):\n  File \"/tmp/tmpz01nro6_.py\", line 16, in <module>\n    test_check()\n  File \"/tmp/tmpz01nro6_.py\", line 14, in test_check\n    check(area_tetrahedron)\n  File \"/tmp/tmpz01nro6_.py\", line 9, in check\n    assert candidate(3) == 15.588457268119894\n  File \"/tmp/tmpz01nro6_.py\", line 5, in area_tetrahedron\n    return (math.sqrt(3) * side ** 2) / 4\nNameError: name 'math' is not defined\n",
      "exit_code": 1,
      "status": "Exception"
    },
    {
      "program": "def area_tetrahedron(side: int) -> float:\n    \"\"\"\n\tWrite a function to caluclate the area of a tetrahedron.\n\t\"\"\"\n    return math.sqrt(3) * side ** 2\n\n\ndef check(candidate):\n    assert candidate(3) == 15.588457268119894\n    assert candidate(20) == 692.8203230275509\n    assert candidate(10) == 173.20508075688772\n\ndef test_check():\n    check(area_tetrahedron)\n\ntest_check()\n",
      "timestamp": 1665509968,
      "stdout": "",
      "stderr": "Traceback (most recent call last):\n  File \"/tmp/tmpsx516fwv.py\", line 16, in <module>\n    test_check()\n  File \"/tmp/tmpsx516fwv.py\", line 14, in test_check\n    check(area_tetrahedron)\n  File \"/tmp/tmpsx516fwv.py\", line 9, in check\n    assert candidate(3) == 15.588457268119894\n  File \"/tmp/tmpsx516fwv.py\", line 5, in area_tetrahedron\n    return math.sqrt(3) * side ** 2\nNameError: name 'math' is not defined\n",
      "exit_code": 1,
      "status": "Exception"
    },
    {
      "program": "def area_tetrahedron(side: int) -> float:\n    \"\"\"\n\tWrite a function to caluclate the area of a tetrahedron.\n\t\"\"\"\n    return math.sqrt(3) * side ** 2\n\n\ndef check(candidate):\n    assert candidate(3) == 15.588457268119894\n    assert candidate(20) == 692.8203230275509\n    assert candidate(10) == 173.20508075688772\n\ndef test_check():\n    check(area_tetrahedron)\n\ntest_check()\n",
      "timestamp": 1665509968,
      "stdout": "",
      "stderr": "Traceback (most recent call last):\n  File \"/tmp/tmpsx516fwv.py\", line 16, in <module>\n    test_check()\n  File \"/tmp/tmpsx516fwv.py\", line 14, in test_check\n    check(area_tetrahedron)\n  File \"/tmp/tmpsx516fwv.py\", line 9, in check\n    assert candidate(3) == 15.588457268119894\n  File \"/tmp/tmpsx516fwv.py\", line 5, in area_tetrahedron\n    return math.sqrt(3) * side ** 2\nNameError: name 'math' is not defined\n",
      "exit_code": 1,
      "status": "Exception"
    },
    {
      "program": "def area_tetrahedron(side: int) -> float:\n    \"\"\"\n\tWrite a function to caluclate the area of a tetrahedron.\n\t\"\"\"\n    return (side ** 2) * math.sqrt(3)\n\n\ndef check(candidate):\n    assert candidate(3) == 15.588457268119894\n    assert candidate(20) == 692.8203230275509\n    assert candidate(10) == 173.20508075688772\n\ndef test_check():\n    check(area_tetrahedron)\n\ntest_check()\n",
      "timestamp": 1666122567,
      "stdout": "",
      "stderr": "Traceback (most recent call last):\n  File \"/tmp/tmp9ot3s3s9.py\", line 16, in <module>\n    test_check()\n  File \"/tmp/tmp9ot3s3s9.py\", line 14, in test_check\n    check(area_tetrahedron)\n  File \"/tmp/tmp9ot3s3s9.py\", line 9, in check\n    assert candidate(3) == 15.588457268119894\n  File \"/tmp/tmp9ot3s3s9.py\", line 5, in area_tetrahedron\n    return (side ** 2) * math.sqrt(3)\nNameError: name 'math' is not defined\n",
      "exit_code": 1,
      "status": "Exception"
    },
    {
      "program": "def area_tetrahedron(side: int) -> float:\n    \"\"\"\n\tWrite a function to caluclate the area of a tetrahedron.\n\t\"\"\"\n    return (math.sqrt(3) * side ** 2) / 4\n\n\ndef check(candidate):\n    assert candidate(3) == 15.588457268119894\n    assert candidate(20) == 692.8203230275509\n    assert candidate(10) == 173.20508075688772\n\ndef test_check():\n    check(area_tetrahedron)\n\ntest_check()\n",
      "timestamp": 1665509968,
      "stdout": "",
      "stderr": "Traceback (most recent call last):\n  File \"/tmp/tmpz01nro6_.py\", line 16, in <module>\n    test_check()\n  File \"/tmp/tmpz01nro6_.py\", line 14, in test_check\n    check(area_tetrahedron)\n  File \"/tmp/tmpz01nro6_.py\", line 9, in check\n    assert candidate(3) == 15.588457268119894\n  File \"/tmp/tmpz01nro6_.py\", line 5, in area_tetrahedron\n    return (math.sqrt(3) * side ** 2) / 4\nNameError: name 'math' is not defined\n",
      "exit_code": 1,
      "status": "Exception"
    },
    {
      "program": "def area_tetrahedron(side: int) -> float:\n    \"\"\"\n\tWrite a function to caluclate the area of a tetrahedron.\n\t\"\"\"\n    return math.sqrt(3) * side ** 2\n\n\ndef check(candidate):\n    assert candidate(3) == 15.588457268119894\n    assert candidate(20) == 692.8203230275509\n    assert candidate(10) == 173.20508075688772\n\ndef test_check():\n    check(area_tetrahedron)\n\ntest_check()\n",
      "timestamp": 1665509968,
      "stdout": "",
      "stderr": "Traceback (most recent call last):\n  File \"/tmp/tmpsx516fwv.py\", line 16, in <module>\n    test_check()\n  File \"/tmp/tmpsx516fwv.py\", line 14, in test_check\n    check(area_tetrahedron)\n  File \"/tmp/tmpsx516fwv.py\", line 9, in check\n    assert candidate(3) == 15.588457268119894\n  File \"/tmp/tmpsx516fwv.py\", line 5, in area_tetrahedron\n    return math.sqrt(3) * side ** 2\nNameError: name 'math' is not defined\n",
      "exit_code": 1,
      "status": "Exception"
    },
    {
      "program": "def area_tetrahedron(side: int) -> float:\n    \"\"\"\n\tWrite a function to caluclate the area of a tetrahedron.\n\t\"\"\"\n    return (math.sqrt(3) * side ** 2) / 4\n\n\ndef check(candidate):\n    assert candidate(3) == 15.588457268119894\n    assert candidate(20) == 692.8203230275509\n    assert candidate(10) == 173.20508075688772\n\ndef test_check():\n    check(area_tetrahedron)\n\ntest_check()\n",
      "timestamp": 1665509968,
      "stdout": "",
      "stderr": "Traceback (most recent call last):\n  File \"/tmp/tmpz01nro6_.py\", line 16, in <module>\n    test_check()\n  File \"/tmp/tmpz01nro6_.py\", line 14, in test_check\n    check(area_tetrahedron)\n  File \"/tmp/tmpz01nro6_.py\", line 9, in check\n    assert candidate(3) == 15.588457268119894\n  File \"/tmp/tmpz01nro6_.py\", line 5, in area_tetrahedron\n    return (math.sqrt(3) * side ** 2) / 4\nNameError: name 'math' is not defined\n",
      "exit_code": 1,
      "status": "Exception"
    },
    {
      "program": "def area_tetrahedron(side: int) -> float:\n    \"\"\"\n\tWrite a function to caluclate the area of a tetrahedron.\n\t\"\"\"\n    return (math.sqrt(3) * side ** 2) / 4\n\n\ndef check(candidate):\n    assert candidate(3) == 15.588457268119894\n    assert candidate(20) == 692.8203230275509\n    assert candidate(10) == 173.20508075688772\n\ndef test_check():\n    check(area_tetrahedron)\n\ntest_check()\n",
      "timestamp": 1665509968,
      "stdout": "",
      "stderr": "Traceback (most recent call last):\n  File \"/tmp/tmpz01nro6_.py\", line 16, in <module>\n    test_check()\n  File \"/tmp/tmpz01nro6_.py\", line 14, in test_check\n    check(area_tetrahedron)\n  File \"/tmp/tmpz01nro6_.py\", line 9, in check\n    assert candidate(3) == 15.588457268119894\n  File \"/tmp/tmpz01nro6_.py\", line 5, in area_tetrahedron\n    return (math.sqrt(3) * side ** 2) / 4\nNameError: name 'math' is not defined\n",
      "exit_code": 1,
      "status": "Exception"
    },
    {
      "program": "def area_tetrahedron(side: int) -> float:\n    \"\"\"\n\tWrite a function to caluclate the area of a tetrahedron.\n\t\"\"\"\n    return (math.sqrt(3) * side ** 2) / 4\n\n\ndef check(candidate):\n    assert candidate(3) == 15.588457268119894\n    assert candidate(20) == 692.8203230275509\n    assert candidate(10) == 173.20508075688772\n\ndef test_check():\n    check(area_tetrahedron)\n\ntest_check()\n",
      "timestamp": 1665509968,
      "stdout": "",
      "stderr": "Traceback (most recent call last):\n  File \"/tmp/tmpz01nro6_.py\", line 16, in <module>\n    test_check()\n  File \"/tmp/tmpz01nro6_.py\", line 14, in test_check\n    check(area_tetrahedron)\n  File \"/tmp/tmpz01nro6_.py\", line 9, in check\n    assert candidate(3) == 15.588457268119894\n  File \"/tmp/tmpz01nro6_.py\", line 5, in area_tetrahedron\n    return (math.sqrt(3) * side ** 2) / 4\nNameError: name 'math' is not defined\n",
      "exit_code": 1,
      "status": "Exception"
    },
    {
      "program": "def area_tetrahedron(side: int) -> float:\n    \"\"\"\n\tWrite a function to caluclate the area of a tetrahedron.\n\t\"\"\"\n    return (math.sqrt(3) * side ** 2) / 4\n\n\ndef check(candidate):\n    assert candidate(3) == 15.588457268119894\n    assert candidate(20) == 692.8203230275509\n    assert candidate(10) == 173.20508075688772\n\ndef test_check():\n    check(area_tetrahedron)\n\ntest_check()\n",
      "timestamp": 1665509968,
      "stdout": "",
      "stderr": "Traceback (most recent call last):\n  File \"/tmp/tmpz01nro6_.py\", line 16, in <module>\n    test_check()\n  File \"/tmp/tmpz01nro6_.py\", line 14, in test_check\n    check(area_tetrahedron)\n  File \"/tmp/tmpz01nro6_.py\", line 9, in check\n    assert candidate(3) == 15.588457268119894\n  File \"/tmp/tmpz01nro6_.py\", line 5, in area_tetrahedron\n    return (math.sqrt(3) * side ** 2) / 4\nNameError: name 'math' is not defined\n",
      "exit_code": 1,
      "status": "Exception"
    },
    {
      "program": "def area_tetrahedron(side: int) -> float:\n    \"\"\"\n\tWrite a function to caluclate the area of a tetrahedron.\n\t\"\"\"\n    return (side ** 2) * math.sqrt(3)\n\n\ndef check(candidate):\n    assert candidate(3) == 15.588457268119894\n    assert candidate(20) == 692.8203230275509\n    assert candidate(10) == 173.20508075688772\n\ndef test_check():\n    check(area_tetrahedron)\n\ntest_check()\n",
      "timestamp": 1666122567,
      "stdout": "",
      "stderr": "Traceback (most recent call last):\n  File \"/tmp/tmp9ot3s3s9.py\", line 16, in <module>\n    test_check()\n  File \"/tmp/tmp9ot3s3s9.py\", line 14, in test_check\n    check(area_tetrahedron)\n  File \"/tmp/tmp9ot3s3s9.py\", line 9, in check\n    assert candidate(3) == 15.588457268119894\n  File \"/tmp/tmp9ot3s3s9.py\", line 5, in area_tetrahedron\n    return (side ** 2) * math.sqrt(3)\nNameError: name 'math' is not defined\n",
      "exit_code": 1,
      "status": "Exception"
    },
    {
      "program": "def area_tetrahedron(side: int) -> float:\n    \"\"\"\n\tWrite a function to caluclate the area of a tetrahedron.\n\t\"\"\"\n    return (math.sqrt(3) * side ** 2) / 4\n\n\ndef check(candidate):\n    assert candidate(3) == 15.588457268119894\n    assert candidate(20) == 692.8203230275509\n    assert candidate(10) == 173.20508075688772\n\ndef test_check():\n    check(area_tetrahedron)\n\ntest_check()\n",
      "timestamp": 1665509968,
      "stdout": "",
      "stderr": "Traceback (most recent call last):\n  File \"/tmp/tmpz01nro6_.py\", line 16, in <module>\n    test_check()\n  File \"/tmp/tmpz01nro6_.py\", line 14, in test_check\n    check(area_tetrahedron)\n  File \"/tmp/tmpz01nro6_.py\", line 9, in check\n    assert candidate(3) == 15.588457268119894\n  File \"/tmp/tmpz01nro6_.py\", line 5, in area_tetrahedron\n    return (math.sqrt(3) * side ** 2) / 4\nNameError: name 'math' is not defined\n",
      "exit_code": 1,
      "status": "Exception"
    },
    {
      "program": "def area_tetrahedron(side: int) -> float:\n    \"\"\"\n\tWrite a function to caluclate the area of a tetrahedron.\n\t\"\"\"\n    return (math.sqrt(3) * side ** 2) / 4\n\n\ndef check(candidate):\n    assert candidate(3) == 15.588457268119894\n    assert candidate(20) == 692.8203230275509\n    assert candidate(10) == 173.20508075688772\n\ndef test_check():\n    check(area_tetrahedron)\n\ntest_check()\n",
      "timestamp": 1665509968,
      "stdout": "",
      "stderr": "Traceback (most recent call last):\n  File \"/tmp/tmpz01nro6_.py\", line 16, in <module>\n    test_check()\n  File \"/tmp/tmpz01nro6_.py\", line 14, in test_check\n    check(area_tetrahedron)\n  File \"/tmp/tmpz01nro6_.py\", line 9, in check\n    assert candidate(3) == 15.588457268119894\n  File \"/tmp/tmpz01nro6_.py\", line 5, in area_tetrahedron\n    return (math.sqrt(3) * side ** 2) / 4\nNameError: name 'math' is not defined\n",
      "exit_code": 1,
      "status": "Exception"
    },
    {
      "program": "def area_tetrahedron(side: int) -> float:\n    \"\"\"\n\tWrite a function to caluclate the area of a tetrahedron.\n\t\"\"\"\n    return (side ** 2 * math.sqrt(3)) / 4\n\n\ndef check(candidate):\n    assert candidate(3) == 15.588457268119894\n    assert candidate(20) == 692.8203230275509\n    assert candidate(10) == 173.20508075688772\n\ndef test_check():\n    check(area_tetrahedron)\n\ntest_check()\n",
      "timestamp": 1665509968,
      "stdout": "",
      "stderr": "Traceback (most recent call last):\n  File \"/tmp/tmp0vtdsfgn.py\", line 16, in <module>\n    test_check()\n  File \"/tmp/tmp0vtdsfgn.py\", line 14, in test_check\n    check(area_tetrahedron)\n  File \"/tmp/tmp0vtdsfgn.py\", line 9, in check\n    assert candidate(3) == 15.588457268119894\n  File \"/tmp/tmp0vtdsfgn.py\", line 5, in area_tetrahedron\n    return (side ** 2 * math.sqrt(3)) / 4\nNameError: name 'math' is not defined\n",
      "exit_code": 1,
      "status": "Exception"
    },
    {
      "program": "def area_tetrahedron(side: int) -> float:\n    \"\"\"\n\tWrite a function to caluclate the area of a tetrahedron.\n\t\"\"\"\n    return (side ** 2 * (3 ** 0.5)) / 4\n\n\ndef check(candidate):\n    assert candidate(3) == 15.588457268119894\n    assert candidate(20) == 692.8203230275509\n    assert candidate(10) == 173.20508075688772\n\ndef test_check():\n    check(area_tetrahedron)\n\ntest_check()\n",
      "timestamp": 1665509968,
      "stdout": "",
      "stderr": "Traceback (most recent call last):\n  File \"/tmp/tmp1u52jb0m.py\", line 16, in <module>\n    test_check()\n  File \"/tmp/tmp1u52jb0m.py\", line 14, in test_check\n    check(area_tetrahedron)\n  File \"/tmp/tmp1u52jb0m.py\", line 9, in check\n    assert candidate(3) == 15.588457268119894\nAssertionError\n",
      "exit_code": 1,
      "status": "Exception"
    },
    {
      "program": "def area_tetrahedron(side: int) -> float:\n    \"\"\"\n\tWrite a function to caluclate the area of a tetrahedron.\n\t\"\"\"\n    return (math.sqrt(3) * side ** 2) / 4\n\n\ndef check(candidate):\n    assert candidate(3) == 15.588457268119894\n    assert candidate(20) == 692.8203230275509\n    assert candidate(10) == 173.20508075688772\n\ndef test_check():\n    check(area_tetrahedron)\n\ntest_check()\n",
      "timestamp": 1665509968,
      "stdout": "",
      "stderr": "Traceback (most recent call last):\n  File \"/tmp/tmpz01nro6_.py\", line 16, in <module>\n    test_check()\n  File \"/tmp/tmpz01nro6_.py\", line 14, in test_check\n    check(area_tetrahedron)\n  File \"/tmp/tmpz01nro6_.py\", line 9, in check\n    assert candidate(3) == 15.588457268119894\n  File \"/tmp/tmpz01nro6_.py\", line 5, in area_tetrahedron\n    return (math.sqrt(3) * side ** 2) / 4\nNameError: name 'math' is not defined\n",
      "exit_code": 1,
      "status": "Exception"
    },
    {
      "program": "def area_tetrahedron(side: int) -> float:\n    \"\"\"\n\tWrite a function to caluclate the area of a tetrahedron.\n\t\"\"\"\n    return (math.sqrt(3) * side ** 2) / 4\n\n\ndef check(candidate):\n    assert candidate(3) == 15.588457268119894\n    assert candidate(20) == 692.8203230275509\n    assert candidate(10) == 173.20508075688772\n\ndef test_check():\n    check(area_tetrahedron)\n\ntest_check()\n",
      "timestamp": 1665509968,
      "stdout": "",
      "stderr": "Traceback (most recent call last):\n  File \"/tmp/tmpz01nro6_.py\", line 16, in <module>\n    test_check()\n  File \"/tmp/tmpz01nro6_.py\", line 14, in test_check\n    check(area_tetrahedron)\n  File \"/tmp/tmpz01nro6_.py\", line 9, in check\n    assert candidate(3) == 15.588457268119894\n  File \"/tmp/tmpz01nro6_.py\", line 5, in area_tetrahedron\n    return (math.sqrt(3) * side ** 2) / 4\nNameError: name 'math' is not defined\n",
      "exit_code": 1,
      "status": "Exception"
    },
    {
      "program": "def area_tetrahedron(side: int) -> float:\n    \"\"\"\n\tWrite a function to caluclate the area of a tetrahedron.\n\t\"\"\"\n    return (side ** 2 * math.sqrt(3)) / 4\n\n\ndef check(candidate):\n    assert candidate(3) == 15.588457268119894\n    assert candidate(20) == 692.8203230275509\n    assert candidate(10) == 173.20508075688772\n\ndef test_check():\n    check(area_tetrahedron)\n\ntest_check()\n",
      "timestamp": 1665509968,
      "stdout": "",
      "stderr": "Traceback (most recent call last):\n  File \"/tmp/tmp0vtdsfgn.py\", line 16, in <module>\n    test_check()\n  File \"/tmp/tmp0vtdsfgn.py\", line 14, in test_check\n    check(area_tetrahedron)\n  File \"/tmp/tmp0vtdsfgn.py\", line 9, in check\n    assert candidate(3) == 15.588457268119894\n  File \"/tmp/tmp0vtdsfgn.py\", line 5, in area_tetrahedron\n    return (side ** 2 * math.sqrt(3)) / 4\nNameError: name 'math' is not defined\n",
      "exit_code": 1,
      "status": "Exception"
    },
    {
      "program": "def area_tetrahedron(side: int) -> float:\n    \"\"\"\n\tWrite a function to caluclate the area of a tetrahedron.\n\t\"\"\"\n    return (math.sqrt(3) / 4) * (side ** 2)\n\n\ndef check(candidate):\n    assert candidate(3) == 15.588457268119894\n    assert candidate(20) == 692.8203230275509\n    assert candidate(10) == 173.20508075688772\n\ndef test_check():\n    check(area_tetrahedron)\n\ntest_check()\n",
      "timestamp": 1666122567,
      "stdout": "",
      "stderr": "Traceback (most recent call last):\n  File \"/tmp/tmp_ucgc805.py\", line 16, in <module>\n    test_check()\n  File \"/tmp/tmp_ucgc805.py\", line 14, in test_check\n    check(area_tetrahedron)\n  File \"/tmp/tmp_ucgc805.py\", line 9, in check\n    assert candidate(3) == 15.588457268119894\n  File \"/tmp/tmp_ucgc805.py\", line 5, in area_tetrahedron\n    return (math.sqrt(3) / 4) * (side ** 2)\nNameError: name 'math' is not defined\n",
      "exit_code": 1,
      "status": "Exception"
    },
    {
      "program": "def area_tetrahedron(side: int) -> float:\n    \"\"\"\n\tWrite a function to caluclate the area of a tetrahedron.\n\t\"\"\"\n    return (math.sqrt(3) * side ** 2) / 4\n\n\ndef check(candidate):\n    assert candidate(3) == 15.588457268119894\n    assert candidate(20) == 692.8203230275509\n    assert candidate(10) == 173.20508075688772\n\ndef test_check():\n    check(area_tetrahedron)\n\ntest_check()\n",
      "timestamp": 1665509968,
      "stdout": "",
      "stderr": "Traceback (most recent call last):\n  File \"/tmp/tmpz01nro6_.py\", line 16, in <module>\n    test_check()\n  File \"/tmp/tmpz01nro6_.py\", line 14, in test_check\n    check(area_tetrahedron)\n  File \"/tmp/tmpz01nro6_.py\", line 9, in check\n    assert candidate(3) == 15.588457268119894\n  File \"/tmp/tmpz01nro6_.py\", line 5, in area_tetrahedron\n    return (math.sqrt(3) * side ** 2) / 4\nNameError: name 'math' is not defined\n",
      "exit_code": 1,
      "status": "Exception"
    },
    {
      "program": "def area_tetrahedron(side: int) -> float:\n    \"\"\"\n\tWrite a function to caluclate the area of a tetrahedron.\n\t\"\"\"\n    return (math.sqrt(3) * side ** 2) / 4\n\n\ndef check(candidate):\n    assert candidate(3) == 15.588457268119894\n    assert candidate(20) == 692.8203230275509\n    assert candidate(10) == 173.20508075688772\n\ndef test_check():\n    check(area_tetrahedron)\n\ntest_check()\n",
      "timestamp": 1665509968,
      "stdout": "",
      "stderr": "Traceback (most recent call last):\n  File \"/tmp/tmpz01nro6_.py\", line 16, in <module>\n    test_check()\n  File \"/tmp/tmpz01nro6_.py\", line 14, in test_check\n    check(area_tetrahedron)\n  File \"/tmp/tmpz01nro6_.py\", line 9, in check\n    assert candidate(3) == 15.588457268119894\n  File \"/tmp/tmpz01nro6_.py\", line 5, in area_tetrahedron\n    return (math.sqrt(3) * side ** 2) / 4\nNameError: name 'math' is not defined\n",
      "exit_code": 1,
      "status": "Exception"
    },
    {
      "program": "def area_tetrahedron(side: int) -> float:\n    \"\"\"\n\tWrite a function to caluclate the area of a tetrahedron.\n\t\"\"\"\n    return (math.sqrt(3) * side ** 2) / 4\n\n\ndef check(candidate):\n    assert candidate(3) == 15.588457268119894\n    assert candidate(20) == 692.8203230275509\n    assert candidate(10) == 173.20508075688772\n\ndef test_check():\n    check(area_tetrahedron)\n\ntest_check()\n",
      "timestamp": 1665509968,
      "stdout": "",
      "stderr": "Traceback (most recent call last):\n  File \"/tmp/tmpz01nro6_.py\", line 16, in <module>\n    test_check()\n  File \"/tmp/tmpz01nro6_.py\", line 14, in test_check\n    check(area_tetrahedron)\n  File \"/tmp/tmpz01nro6_.py\", line 9, in check\n    assert candidate(3) == 15.588457268119894\n  File \"/tmp/tmpz01nro6_.py\", line 5, in area_tetrahedron\n    return (math.sqrt(3) * side ** 2) / 4\nNameError: name 'math' is not defined\n",
      "exit_code": 1,
      "status": "Exception"
    },
    {
      "program": "def area_tetrahedron(side: int) -> float:\n    \"\"\"\n\tWrite a function to caluclate the area of a tetrahedron.\n\t\"\"\"\n    return (math.sqrt(3) * side ** 2) / 4\n\n\ndef check(candidate):\n    assert candidate(3) == 15.588457268119894\n    assert candidate(20) == 692.8203230275509\n    assert candidate(10) == 173.20508075688772\n\ndef test_check():\n    check(area_tetrahedron)\n\ntest_check()\n",
      "timestamp": 1665509968,
      "stdout": "",
      "stderr": "Traceback (most recent call last):\n  File \"/tmp/tmpz01nro6_.py\", line 16, in <module>\n    test_check()\n  File \"/tmp/tmpz01nro6_.py\", line 14, in test_check\n    check(area_tetrahedron)\n  File \"/tmp/tmpz01nro6_.py\", line 9, in check\n    assert candidate(3) == 15.588457268119894\n  File \"/tmp/tmpz01nro6_.py\", line 5, in area_tetrahedron\n    return (math.sqrt(3) * side ** 2) / 4\nNameError: name 'math' is not defined\n",
      "exit_code": 1,
      "status": "Exception"
    },
    {
      "program": "def area_tetrahedron(side: int) -> float:\n    \"\"\"\n\tWrite a function to caluclate the area of a tetrahedron.\n\t\"\"\"\n    return (math.sqrt(3) * side ** 2) / 4\n\n\ndef check(candidate):\n    assert candidate(3) == 15.588457268119894\n    assert candidate(20) == 692.8203230275509\n    assert candidate(10) == 173.20508075688772\n\ndef test_check():\n    check(area_tetrahedron)\n\ntest_check()\n",
      "timestamp": 1665509968,
      "stdout": "",
      "stderr": "Traceback (most recent call last):\n  File \"/tmp/tmpz01nro6_.py\", line 16, in <module>\n    test_check()\n  File \"/tmp/tmpz01nro6_.py\", line 14, in test_check\n    check(area_tetrahedron)\n  File \"/tmp/tmpz01nro6_.py\", line 9, in check\n    assert candidate(3) == 15.588457268119894\n  File \"/tmp/tmpz01nro6_.py\", line 5, in area_tetrahedron\n    return (math.sqrt(3) * side ** 2) / 4\nNameError: name 'math' is not defined\n",
      "exit_code": 1,
      "status": "Exception"
    },
    {
      "program": "def area_tetrahedron(side: int) -> float:\n    \"\"\"\n\tWrite a function to caluclate the area of a tetrahedron.\n\t\"\"\"\n    return (math.sqrt(3) * side ** 2) / 4\n\n\ndef check(candidate):\n    assert candidate(3) == 15.588457268119894\n    assert candidate(20) == 692.8203230275509\n    assert candidate(10) == 173.20508075688772\n\ndef test_check():\n    check(area_tetrahedron)\n\ntest_check()\n",
      "timestamp": 1665509968,
      "stdout": "",
      "stderr": "Traceback (most recent call last):\n  File \"/tmp/tmpz01nro6_.py\", line 16, in <module>\n    test_check()\n  File \"/tmp/tmpz01nro6_.py\", line 14, in test_check\n    check(area_tetrahedron)\n  File \"/tmp/tmpz01nro6_.py\", line 9, in check\n    assert candidate(3) == 15.588457268119894\n  File \"/tmp/tmpz01nro6_.py\", line 5, in area_tetrahedron\n    return (math.sqrt(3) * side ** 2) / 4\nNameError: name 'math' is not defined\n",
      "exit_code": 1,
      "status": "Exception"
    },
    {
      "program": "def area_tetrahedron(side: int) -> float:\n    \"\"\"\n\tWrite a function to caluclate the area of a tetrahedron.\n\t\"\"\"\n    return (math.sqrt(3) * side ** 2) / 4\n\n\ndef check(candidate):\n    assert candidate(3) == 15.588457268119894\n    assert candidate(20) == 692.8203230275509\n    assert candidate(10) == 173.20508075688772\n\ndef test_check():\n    check(area_tetrahedron)\n\ntest_check()\n",
      "timestamp": 1665509968,
      "stdout": "",
      "stderr": "Traceback (most recent call last):\n  File \"/tmp/tmpz01nro6_.py\", line 16, in <module>\n    test_check()\n  File \"/tmp/tmpz01nro6_.py\", line 14, in test_check\n    check(area_tetrahedron)\n  File \"/tmp/tmpz01nro6_.py\", line 9, in check\n    assert candidate(3) == 15.588457268119894\n  File \"/tmp/tmpz01nro6_.py\", line 5, in area_tetrahedron\n    return (math.sqrt(3) * side ** 2) / 4\nNameError: name 'math' is not defined\n",
      "exit_code": 1,
      "status": "Exception"
    },
    {
      "program": "def area_tetrahedron(side: int) -> float:\n    \"\"\"\n\tWrite a function to caluclate the area of a tetrahedron.\n\t\"\"\"\n    return (math.sqrt(3) * side ** 2) / 4\n\n\ndef check(candidate):\n    assert candidate(3) == 15.588457268119894\n    assert candidate(20) == 692.8203230275509\n    assert candidate(10) == 173.20508075688772\n\ndef test_check():\n    check(area_tetrahedron)\n\ntest_check()\n",
      "timestamp": 1665509968,
      "stdout": "",
      "stderr": "Traceback (most recent call last):\n  File \"/tmp/tmpz01nro6_.py\", line 16, in <module>\n    test_check()\n  File \"/tmp/tmpz01nro6_.py\", line 14, in test_check\n    check(area_tetrahedron)\n  File \"/tmp/tmpz01nro6_.py\", line 9, in check\n    assert candidate(3) == 15.588457268119894\n  File \"/tmp/tmpz01nro6_.py\", line 5, in area_tetrahedron\n    return (math.sqrt(3) * side ** 2) / 4\nNameError: name 'math' is not defined\n",
      "exit_code": 1,
      "status": "Exception"
    },
    {
      "program": "def area_tetrahedron(side: int) -> float:\n    \"\"\"\n\tWrite a function to caluclate the area of a tetrahedron.\n\t\"\"\"\n    return (math.sqrt(3) * side ** 2) / 4\n\n\ndef check(candidate):\n    assert candidate(3) == 15.588457268119894\n    assert candidate(20) == 692.8203230275509\n    assert candidate(10) == 173.20508075688772\n\ndef test_check():\n    check(area_tetrahedron)\n\ntest_check()\n",
      "timestamp": 1665509968,
      "stdout": "",
      "stderr": "Traceback (most recent call last):\n  File \"/tmp/tmpz01nro6_.py\", line 16, in <module>\n    test_check()\n  File \"/tmp/tmpz01nro6_.py\", line 14, in test_check\n    check(area_tetrahedron)\n  File \"/tmp/tmpz01nro6_.py\", line 9, in check\n    assert candidate(3) == 15.588457268119894\n  File \"/tmp/tmpz01nro6_.py\", line 5, in area_tetrahedron\n    return (math.sqrt(3) * side ** 2) / 4\nNameError: name 'math' is not defined\n",
      "exit_code": 1,
      "status": "Exception"
    },
    {
      "program": "def area_tetrahedron(side: int) -> float:\n    \"\"\"\n\tWrite a function to caluclate the area of a tetrahedron.\n\t\"\"\"\n    return (math.sqrt(3) * side ** 2) / 4\n\n\ndef check(candidate):\n    assert candidate(3) == 15.588457268119894\n    assert candidate(20) == 692.8203230275509\n    assert candidate(10) == 173.20508075688772\n\ndef test_check():\n    check(area_tetrahedron)\n\ntest_check()\n",
      "timestamp": 1665509968,
      "stdout": "",
      "stderr": "Traceback (most recent call last):\n  File \"/tmp/tmpz01nro6_.py\", line 16, in <module>\n    test_check()\n  File \"/tmp/tmpz01nro6_.py\", line 14, in test_check\n    check(area_tetrahedron)\n  File \"/tmp/tmpz01nro6_.py\", line 9, in check\n    assert candidate(3) == 15.588457268119894\n  File \"/tmp/tmpz01nro6_.py\", line 5, in area_tetrahedron\n    return (math.sqrt(3) * side ** 2) / 4\nNameError: name 'math' is not defined\n",
      "exit_code": 1,
      "status": "Exception"
    },
    {
      "program": "def area_tetrahedron(side: int) -> float:\n    \"\"\"\n\tWrite a function to caluclate the area of a tetrahedron.\n\t\"\"\"\n    return (math.sqrt(3) / 4) * (side ** 2)\n\n\ndef check(candidate):\n    assert candidate(3) == 15.588457268119894\n    assert candidate(20) == 692.8203230275509\n    assert candidate(10) == 173.20508075688772\n\ndef test_check():\n    check(area_tetrahedron)\n\ntest_check()\n",
      "timestamp": 1666122567,
      "stdout": "",
      "stderr": "Traceback (most recent call last):\n  File \"/tmp/tmp_ucgc805.py\", line 16, in <module>\n    test_check()\n  File \"/tmp/tmp_ucgc805.py\", line 14, in test_check\n    check(area_tetrahedron)\n  File \"/tmp/tmp_ucgc805.py\", line 9, in check\n    assert candidate(3) == 15.588457268119894\n  File \"/tmp/tmp_ucgc805.py\", line 5, in area_tetrahedron\n    return (math.sqrt(3) / 4) * (side ** 2)\nNameError: name 'math' is not defined\n",
      "exit_code": 1,
      "status": "Exception"
    },
    {
      "program": "def area_tetrahedron(side: int) -> float:\n    \"\"\"\n\tWrite a function to caluclate the area of a tetrahedron.\n\t\"\"\"\n    return (math.sqrt(3) * side ** 2) / 4\n\n\ndef check(candidate):\n    assert candidate(3) == 15.588457268119894\n    assert candidate(20) == 692.8203230275509\n    assert candidate(10) == 173.20508075688772\n\ndef test_check():\n    check(area_tetrahedron)\n\ntest_check()\n",
      "timestamp": 1665509968,
      "stdout": "",
      "stderr": "Traceback (most recent call last):\n  File \"/tmp/tmpz01nro6_.py\", line 16, in <module>\n    test_check()\n  File \"/tmp/tmpz01nro6_.py\", line 14, in test_check\n    check(area_tetrahedron)\n  File \"/tmp/tmpz01nro6_.py\", line 9, in check\n    assert candidate(3) == 15.588457268119894\n  File \"/tmp/tmpz01nro6_.py\", line 5, in area_tetrahedron\n    return (math.sqrt(3) * side ** 2) / 4\nNameError: name 'math' is not defined\n",
      "exit_code": 1,
      "status": "Exception"
    },
    {
      "program": "def area_tetrahedron(side: int) -> float:\n    \"\"\"\n\tWrite a function to caluclate the area of a tetrahedron.\n\t\"\"\"\n    return (math.sqrt(3) * side ** 2) / 4\n\n\ndef check(candidate):\n    assert candidate(3) == 15.588457268119894\n    assert candidate(20) == 692.8203230275509\n    assert candidate(10) == 173.20508075688772\n\ndef test_check():\n    check(area_tetrahedron)\n\ntest_check()\n",
      "timestamp": 1665509968,
      "stdout": "",
      "stderr": "Traceback (most recent call last):\n  File \"/tmp/tmpz01nro6_.py\", line 16, in <module>\n    test_check()\n  File \"/tmp/tmpz01nro6_.py\", line 14, in test_check\n    check(area_tetrahedron)\n  File \"/tmp/tmpz01nro6_.py\", line 9, in check\n    assert candidate(3) == 15.588457268119894\n  File \"/tmp/tmpz01nro6_.py\", line 5, in area_tetrahedron\n    return (math.sqrt(3) * side ** 2) / 4\nNameError: name 'math' is not defined\n",
      "exit_code": 1,
      "status": "Exception"
    },
    {
      "program": "def area_tetrahedron(side: int) -> float:\n    \"\"\"\n\tWrite a function to caluclate the area of a tetrahedron.\n\t\"\"\"\n    return (side ** 2 * (3 ** 0.5)) / 4\n\n\ndef check(candidate):\n    assert candidate(3) == 15.588457268119894\n    assert candidate(20) == 692.8203230275509\n    assert candidate(10) == 173.20508075688772\n\ndef test_check():\n    check(area_tetrahedron)\n\ntest_check()\n",
      "timestamp": 1665509968,
      "stdout": "",
      "stderr": "Traceback (most recent call last):\n  File \"/tmp/tmp1u52jb0m.py\", line 16, in <module>\n    test_check()\n  File \"/tmp/tmp1u52jb0m.py\", line 14, in test_check\n    check(area_tetrahedron)\n  File \"/tmp/tmp1u52jb0m.py\", line 9, in check\n    assert candidate(3) == 15.588457268119894\nAssertionError\n",
      "exit_code": 1,
      "status": "Exception"
    },
    {
      "program": "def area_tetrahedron(side: int) -> float:\n    \"\"\"\n\tWrite a function to caluclate the area of a tetrahedron.\n\t\"\"\"\n    return (math.sqrt(3) * side ** 2) / 4\n\n\ndef check(candidate):\n    assert candidate(3) == 15.588457268119894\n    assert candidate(20) == 692.8203230275509\n    assert candidate(10) == 173.20508075688772\n\ndef test_check():\n    check(area_tetrahedron)\n\ntest_check()\n",
      "timestamp": 1665509968,
      "stdout": "",
      "stderr": "Traceback (most recent call last):\n  File \"/tmp/tmpz01nro6_.py\", line 16, in <module>\n    test_check()\n  File \"/tmp/tmpz01nro6_.py\", line 14, in test_check\n    check(area_tetrahedron)\n  File \"/tmp/tmpz01nro6_.py\", line 9, in check\n    assert candidate(3) == 15.588457268119894\n  File \"/tmp/tmpz01nro6_.py\", line 5, in area_tetrahedron\n    return (math.sqrt(3) * side ** 2) / 4\nNameError: name 'math' is not defined\n",
      "exit_code": 1,
      "status": "Exception"
    },
    {
      "program": "def area_tetrahedron(side: int) -> float:\n    \"\"\"\n\tWrite a function to caluclate the area of a tetrahedron.\n\t\"\"\"\n    return math.sqrt(3) * side ** 2\n\n\ndef check(candidate):\n    assert candidate(3) == 15.588457268119894\n    assert candidate(20) == 692.8203230275509\n    assert candidate(10) == 173.20508075688772\n\ndef test_check():\n    check(area_tetrahedron)\n\ntest_check()\n",
      "timestamp": 1665509968,
      "stdout": "",
      "stderr": "Traceback (most recent call last):\n  File \"/tmp/tmpsx516fwv.py\", line 16, in <module>\n    test_check()\n  File \"/tmp/tmpsx516fwv.py\", line 14, in test_check\n    check(area_tetrahedron)\n  File \"/tmp/tmpsx516fwv.py\", line 9, in check\n    assert candidate(3) == 15.588457268119894\n  File \"/tmp/tmpsx516fwv.py\", line 5, in area_tetrahedron\n    return math.sqrt(3) * side ** 2\nNameError: name 'math' is not defined\n",
      "exit_code": 1,
      "status": "Exception"
    },
    {
      "program": "def area_tetrahedron(side: int) -> float:\n    \"\"\"\n\tWrite a function to caluclate the area of a tetrahedron.\n\t\"\"\"\n    return (math.sqrt(3) * side ** 2) / 4\n\n\ndef check(candidate):\n    assert candidate(3) == 15.588457268119894\n    assert candidate(20) == 692.8203230275509\n    assert candidate(10) == 173.20508075688772\n\ndef test_check():\n    check(area_tetrahedron)\n\ntest_check()\n",
      "timestamp": 1665509968,
      "stdout": "",
      "stderr": "Traceback (most recent call last):\n  File \"/tmp/tmpz01nro6_.py\", line 16, in <module>\n    test_check()\n  File \"/tmp/tmpz01nro6_.py\", line 14, in test_check\n    check(area_tetrahedron)\n  File \"/tmp/tmpz01nro6_.py\", line 9, in check\n    assert candidate(3) == 15.588457268119894\n  File \"/tmp/tmpz01nro6_.py\", line 5, in area_tetrahedron\n    return (math.sqrt(3) * side ** 2) / 4\nNameError: name 'math' is not defined\n",
      "exit_code": 1,
      "status": "Exception"
    },
    {
      "program": "def area_tetrahedron(side: int) -> float:\n    \"\"\"\n\tWrite a function to caluclate the area of a tetrahedron.\n\t\"\"\"\n    return (math.sqrt(3) * side ** 2) / 4\n\n\ndef check(candidate):\n    assert candidate(3) == 15.588457268119894\n    assert candidate(20) == 692.8203230275509\n    assert candidate(10) == 173.20508075688772\n\ndef test_check():\n    check(area_tetrahedron)\n\ntest_check()\n",
      "timestamp": 1665509968,
      "stdout": "",
      "stderr": "Traceback (most recent call last):\n  File \"/tmp/tmpz01nro6_.py\", line 16, in <module>\n    test_check()\n  File \"/tmp/tmpz01nro6_.py\", line 14, in test_check\n    check(area_tetrahedron)\n  File \"/tmp/tmpz01nro6_.py\", line 9, in check\n    assert candidate(3) == 15.588457268119894\n  File \"/tmp/tmpz01nro6_.py\", line 5, in area_tetrahedron\n    return (math.sqrt(3) * side ** 2) / 4\nNameError: name 'math' is not defined\n",
      "exit_code": 1,
      "status": "Exception"
    },
    {
      "program": "def area_tetrahedron(side: int) -> float:\n    \"\"\"\n\tWrite a function to caluclate the area of a tetrahedron.\n\t\"\"\"\n    return round(((side ** 2) * (3 ** 0.5)) / 4, 2)\n\n\ndef check(candidate):\n    assert candidate(3) == 15.588457268119894\n    assert candidate(20) == 692.8203230275509\n    assert candidate(10) == 173.20508075688772\n\ndef test_check():\n    check(area_tetrahedron)\n\ntest_check()\n",
      "timestamp": 1666122567,
      "stdout": "",
      "stderr": "Traceback (most recent call last):\n  File \"/tmp/tmp3_1lza9s.py\", line 16, in <module>\n    test_check()\n  File \"/tmp/tmp3_1lza9s.py\", line 14, in test_check\n    check(area_tetrahedron)\n  File \"/tmp/tmp3_1lza9s.py\", line 9, in check\n    assert candidate(3) == 15.588457268119894\nAssertionError\n",
      "exit_code": 1,
      "status": "Exception"
    },
    {
      "program": "def area_tetrahedron(side: int) -> float:\n    \"\"\"\n\tWrite a function to caluclate the area of a tetrahedron.\n\t\"\"\"\n    return (math.sqrt(3) * side ** 2) / 4\n\n\ndef check(candidate):\n    assert candidate(3) == 15.588457268119894\n    assert candidate(20) == 692.8203230275509\n    assert candidate(10) == 173.20508075688772\n\ndef test_check():\n    check(area_tetrahedron)\n\ntest_check()\n",
      "timestamp": 1665509968,
      "stdout": "",
      "stderr": "Traceback (most recent call last):\n  File \"/tmp/tmpz01nro6_.py\", line 16, in <module>\n    test_check()\n  File \"/tmp/tmpz01nro6_.py\", line 14, in test_check\n    check(area_tetrahedron)\n  File \"/tmp/tmpz01nro6_.py\", line 9, in check\n    assert candidate(3) == 15.588457268119894\n  File \"/tmp/tmpz01nro6_.py\", line 5, in area_tetrahedron\n    return (math.sqrt(3) * side ** 2) / 4\nNameError: name 'math' is not defined\n",
      "exit_code": 1,
      "status": "Exception"
    },
    {
      "program": "def area_tetrahedron(side: int) -> float:\n    \"\"\"\n\tWrite a function to caluclate the area of a tetrahedron.\n\t\"\"\"\n    return (math.sqrt(3) * side ** 2) / 4\n\n\ndef check(candidate):\n    assert candidate(3) == 15.588457268119894\n    assert candidate(20) == 692.8203230275509\n    assert candidate(10) == 173.20508075688772\n\ndef test_check():\n    check(area_tetrahedron)\n\ntest_check()\n",
      "timestamp": 1665509968,
      "stdout": "",
      "stderr": "Traceback (most recent call last):\n  File \"/tmp/tmpz01nro6_.py\", line 16, in <module>\n    test_check()\n  File \"/tmp/tmpz01nro6_.py\", line 14, in test_check\n    check(area_tetrahedron)\n  File \"/tmp/tmpz01nro6_.py\", line 9, in check\n    assert candidate(3) == 15.588457268119894\n  File \"/tmp/tmpz01nro6_.py\", line 5, in area_tetrahedron\n    return (math.sqrt(3) * side ** 2) / 4\nNameError: name 'math' is not defined\n",
      "exit_code": 1,
      "status": "Exception"
    },
    {
      "program": "def area_tetrahedron(side: int) -> float:\n    \"\"\"\n\tWrite a function to caluclate the area of a tetrahedron.\n\t\"\"\"\n    return math.sqrt(3) * side ** 2\n\n\ndef check(candidate):\n    assert candidate(3) == 15.588457268119894\n    assert candidate(20) == 692.8203230275509\n    assert candidate(10) == 173.20508075688772\n\ndef test_check():\n    check(area_tetrahedron)\n\ntest_check()\n",
      "timestamp": 1665509968,
      "stdout": "",
      "stderr": "Traceback (most recent call last):\n  File \"/tmp/tmpsx516fwv.py\", line 16, in <module>\n    test_check()\n  File \"/tmp/tmpsx516fwv.py\", line 14, in test_check\n    check(area_tetrahedron)\n  File \"/tmp/tmpsx516fwv.py\", line 9, in check\n    assert candidate(3) == 15.588457268119894\n  File \"/tmp/tmpsx516fwv.py\", line 5, in area_tetrahedron\n    return math.sqrt(3) * side ** 2\nNameError: name 'math' is not defined\n",
      "exit_code": 1,
      "status": "Exception"
    },
    {
      "program": "def area_tetrahedron(side: int) -> float:\n    \"\"\"\n\tWrite a function to caluclate the area of a tetrahedron.\n\t\"\"\"\n    return (side ** 2 * math.sqrt(3)) / 4\n\n\ndef check(candidate):\n    assert candidate(3) == 15.588457268119894\n    assert candidate(20) == 692.8203230275509\n    assert candidate(10) == 173.20508075688772\n\ndef test_check():\n    check(area_tetrahedron)\n\ntest_check()\n",
      "timestamp": 1665509968,
      "stdout": "",
      "stderr": "Traceback (most recent call last):\n  File \"/tmp/tmp0vtdsfgn.py\", line 16, in <module>\n    test_check()\n  File \"/tmp/tmp0vtdsfgn.py\", line 14, in test_check\n    check(area_tetrahedron)\n  File \"/tmp/tmp0vtdsfgn.py\", line 9, in check\n    assert candidate(3) == 15.588457268119894\n  File \"/tmp/tmp0vtdsfgn.py\", line 5, in area_tetrahedron\n    return (side ** 2 * math.sqrt(3)) / 4\nNameError: name 'math' is not defined\n",
      "exit_code": 1,
      "status": "Exception"
    },
    {
      "program": "def area_tetrahedron(side: int) -> float:\n    \"\"\"\n\tWrite a function to caluclate the area of a tetrahedron.\n\t\"\"\"\n    return (math.sqrt(3) * side ** 2) / 4\n\n\ndef check(candidate):\n    assert candidate(3) == 15.588457268119894\n    assert candidate(20) == 692.8203230275509\n    assert candidate(10) == 173.20508075688772\n\ndef test_check():\n    check(area_tetrahedron)\n\ntest_check()\n",
      "timestamp": 1665509968,
      "stdout": "",
      "stderr": "Traceback (most recent call last):\n  File \"/tmp/tmpz01nro6_.py\", line 16, in <module>\n    test_check()\n  File \"/tmp/tmpz01nro6_.py\", line 14, in test_check\n    check(area_tetrahedron)\n  File \"/tmp/tmpz01nro6_.py\", line 9, in check\n    assert candidate(3) == 15.588457268119894\n  File \"/tmp/tmpz01nro6_.py\", line 5, in area_tetrahedron\n    return (math.sqrt(3) * side ** 2) / 4\nNameError: name 'math' is not defined\n",
      "exit_code": 1,
      "status": "Exception"
    },
    {
      "program": "def area_tetrahedron(side: int) -> float:\n    \"\"\"\n\tWrite a function to caluclate the area of a tetrahedron.\n\t\"\"\"\n    return (math.sqrt(3) * side ** 2) / 4\n\n\ndef check(candidate):\n    assert candidate(3) == 15.588457268119894\n    assert candidate(20) == 692.8203230275509\n    assert candidate(10) == 173.20508075688772\n\ndef test_check():\n    check(area_tetrahedron)\n\ntest_check()\n",
      "timestamp": 1665509968,
      "stdout": "",
      "stderr": "Traceback (most recent call last):\n  File \"/tmp/tmpz01nro6_.py\", line 16, in <module>\n    test_check()\n  File \"/tmp/tmpz01nro6_.py\", line 14, in test_check\n    check(area_tetrahedron)\n  File \"/tmp/tmpz01nro6_.py\", line 9, in check\n    assert candidate(3) == 15.588457268119894\n  File \"/tmp/tmpz01nro6_.py\", line 5, in area_tetrahedron\n    return (math.sqrt(3) * side ** 2) / 4\nNameError: name 'math' is not defined\n",
      "exit_code": 1,
      "status": "Exception"
    },
    {
      "program": "def area_tetrahedron(side: int) -> float:\n    \"\"\"\n\tWrite a function to caluclate the area of a tetrahedron.\n\t\"\"\"\n    return (math.sqrt(3) * side ** 2) / 4\n\n\ndef check(candidate):\n    assert candidate(3) == 15.588457268119894\n    assert candidate(20) == 692.8203230275509\n    assert candidate(10) == 173.20508075688772\n\ndef test_check():\n    check(area_tetrahedron)\n\ntest_check()\n",
      "timestamp": 1665509968,
      "stdout": "",
      "stderr": "Traceback (most recent call last):\n  File \"/tmp/tmpz01nro6_.py\", line 16, in <module>\n    test_check()\n  File \"/tmp/tmpz01nro6_.py\", line 14, in test_check\n    check(area_tetrahedron)\n  File \"/tmp/tmpz01nro6_.py\", line 9, in check\n    assert candidate(3) == 15.588457268119894\n  File \"/tmp/tmpz01nro6_.py\", line 5, in area_tetrahedron\n    return (math.sqrt(3) * side ** 2) / 4\nNameError: name 'math' is not defined\n",
      "exit_code": 1,
      "status": "Exception"
    },
    {
      "program": "def area_tetrahedron(side: int) -> float:\n    \"\"\"\n\tWrite a function to caluclate the area of a tetrahedron.\n\t\"\"\"\n    return (math.sqrt(3) * side ** 2) / 4\n\n\ndef check(candidate):\n    assert candidate(3) == 15.588457268119894\n    assert candidate(20) == 692.8203230275509\n    assert candidate(10) == 173.20508075688772\n\ndef test_check():\n    check(area_tetrahedron)\n\ntest_check()\n",
      "timestamp": 1665509968,
      "stdout": "",
      "stderr": "Traceback (most recent call last):\n  File \"/tmp/tmpz01nro6_.py\", line 16, in <module>\n    test_check()\n  File \"/tmp/tmpz01nro6_.py\", line 14, in test_check\n    check(area_tetrahedron)\n  File \"/tmp/tmpz01nro6_.py\", line 9, in check\n    assert candidate(3) == 15.588457268119894\n  File \"/tmp/tmpz01nro6_.py\", line 5, in area_tetrahedron\n    return (math.sqrt(3) * side ** 2) / 4\nNameError: name 'math' is not defined\n",
      "exit_code": 1,
      "status": "Exception"
    },
    {
      "program": "def area_tetrahedron(side: int) -> float:\n    \"\"\"\n\tWrite a function to caluclate the area of a tetrahedron.\n\t\"\"\"\n    return (math.sqrt(3) * (side ** 2)) / 4\n\n\ndef check(candidate):\n    assert candidate(3) == 15.588457268119894\n    assert candidate(20) == 692.8203230275509\n    assert candidate(10) == 173.20508075688772\n\ndef test_check():\n    check(area_tetrahedron)\n\ntest_check()\n",
      "timestamp": 1666122567,
      "stdout": "",
      "stderr": "Traceback (most recent call last):\n  File \"/tmp/tmpqtu6xuxv.py\", line 16, in <module>\n    test_check()\n  File \"/tmp/tmpqtu6xuxv.py\", line 14, in test_check\n    check(area_tetrahedron)\n  File \"/tmp/tmpqtu6xuxv.py\", line 9, in check\n    assert candidate(3) == 15.588457268119894\n  File \"/tmp/tmpqtu6xuxv.py\", line 5, in area_tetrahedron\n    return (math.sqrt(3) * (side ** 2)) / 4\nNameError: name 'math' is not defined\n",
      "exit_code": 1,
      "status": "Exception"
    },
    {
      "program": "def area_tetrahedron(side: int) -> float:\n    \"\"\"\n\tWrite a function to caluclate the area of a tetrahedron.\n\t\"\"\"\n    return math.sqrt(3) * side ** 2\n\n\ndef check(candidate):\n    assert candidate(3) == 15.588457268119894\n    assert candidate(20) == 692.8203230275509\n    assert candidate(10) == 173.20508075688772\n\ndef test_check():\n    check(area_tetrahedron)\n\ntest_check()\n",
      "timestamp": 1665509968,
      "stdout": "",
      "stderr": "Traceback (most recent call last):\n  File \"/tmp/tmpsx516fwv.py\", line 16, in <module>\n    test_check()\n  File \"/tmp/tmpsx516fwv.py\", line 14, in test_check\n    check(area_tetrahedron)\n  File \"/tmp/tmpsx516fwv.py\", line 9, in check\n    assert candidate(3) == 15.588457268119894\n  File \"/tmp/tmpsx516fwv.py\", line 5, in area_tetrahedron\n    return math.sqrt(3) * side ** 2\nNameError: name 'math' is not defined\n",
      "exit_code": 1,
      "status": "Exception"
    },
    {
      "program": "def area_tetrahedron(side: int) -> float:\n    \"\"\"\n\tWrite a function to caluclate the area of a tetrahedron.\n\t\"\"\"\n    return math.sqrt(3) * side ** 2\n\n\ndef check(candidate):\n    assert candidate(3) == 15.588457268119894\n    assert candidate(20) == 692.8203230275509\n    assert candidate(10) == 173.20508075688772\n\ndef test_check():\n    check(area_tetrahedron)\n\ntest_check()\n",
      "timestamp": 1665509968,
      "stdout": "",
      "stderr": "Traceback (most recent call last):\n  File \"/tmp/tmpsx516fwv.py\", line 16, in <module>\n    test_check()\n  File \"/tmp/tmpsx516fwv.py\", line 14, in test_check\n    check(area_tetrahedron)\n  File \"/tmp/tmpsx516fwv.py\", line 9, in check\n    assert candidate(3) == 15.588457268119894\n  File \"/tmp/tmpsx516fwv.py\", line 5, in area_tetrahedron\n    return math.sqrt(3) * side ** 2\nNameError: name 'math' is not defined\n",
      "exit_code": 1,
      "status": "Exception"
    },
    {
      "program": "def area_tetrahedron(side: int) -> float:\n    \"\"\"\n\tWrite a function to caluclate the area of a tetrahedron.\n\t\"\"\"\n    return round(math.sqrt(3) * side ** 2, 2)\n\n\ndef check(candidate):\n    assert candidate(3) == 15.588457268119894\n    assert candidate(20) == 692.8203230275509\n    assert candidate(10) == 173.20508075688772\n\ndef test_check():\n    check(area_tetrahedron)\n\ntest_check()\n",
      "timestamp": 1666122567,
      "stdout": "",
      "stderr": "Traceback (most recent call last):\n  File \"/tmp/tmp7m0_yhrk.py\", line 16, in <module>\n    test_check()\n  File \"/tmp/tmp7m0_yhrk.py\", line 14, in test_check\n    check(area_tetrahedron)\n  File \"/tmp/tmp7m0_yhrk.py\", line 9, in check\n    assert candidate(3) == 15.588457268119894\n  File \"/tmp/tmp7m0_yhrk.py\", line 5, in area_tetrahedron\n    return round(math.sqrt(3) * side ** 2, 2)\nNameError: name 'math' is not defined\n",
      "exit_code": 1,
      "status": "Exception"
    },
    {
      "program": "def area_tetrahedron(side: int) -> float:\n    \"\"\"\n\tWrite a function to caluclate the area of a tetrahedron.\n\t\"\"\"\n    return (math.sqrt(3) * side ** 2) / 4\n\n\ndef check(candidate):\n    assert candidate(3) == 15.588457268119894\n    assert candidate(20) == 692.8203230275509\n    assert candidate(10) == 173.20508075688772\n\ndef test_check():\n    check(area_tetrahedron)\n\ntest_check()\n",
      "timestamp": 1665509968,
      "stdout": "",
      "stderr": "Traceback (most recent call last):\n  File \"/tmp/tmpz01nro6_.py\", line 16, in <module>\n    test_check()\n  File \"/tmp/tmpz01nro6_.py\", line 14, in test_check\n    check(area_tetrahedron)\n  File \"/tmp/tmpz01nro6_.py\", line 9, in check\n    assert candidate(3) == 15.588457268119894\n  File \"/tmp/tmpz01nro6_.py\", line 5, in area_tetrahedron\n    return (math.sqrt(3) * side ** 2) / 4\nNameError: name 'math' is not defined\n",
      "exit_code": 1,
      "status": "Exception"
    },
    {
      "program": "def area_tetrahedron(side: int) -> float:\n    \"\"\"\n\tWrite a function to caluclate the area of a tetrahedron.\n\t\"\"\"\n    return (math.sqrt(3) * side ** 2) / 4\n\n\ndef check(candidate):\n    assert candidate(3) == 15.588457268119894\n    assert candidate(20) == 692.8203230275509\n    assert candidate(10) == 173.20508075688772\n\ndef test_check():\n    check(area_tetrahedron)\n\ntest_check()\n",
      "timestamp": 1665509968,
      "stdout": "",
      "stderr": "Traceback (most recent call last):\n  File \"/tmp/tmpz01nro6_.py\", line 16, in <module>\n    test_check()\n  File \"/tmp/tmpz01nro6_.py\", line 14, in test_check\n    check(area_tetrahedron)\n  File \"/tmp/tmpz01nro6_.py\", line 9, in check\n    assert candidate(3) == 15.588457268119894\n  File \"/tmp/tmpz01nro6_.py\", line 5, in area_tetrahedron\n    return (math.sqrt(3) * side ** 2) / 4\nNameError: name 'math' is not defined\n",
      "exit_code": 1,
      "status": "Exception"
    },
    {
      "program": "def area_tetrahedron(side: int) -> float:\n    \"\"\"\n\tWrite a function to caluclate the area of a tetrahedron.\n\t\"\"\"\n    return (side ** 2 * (3 ** 0.5)) / 4\n\n\ndef check(candidate):\n    assert candidate(3) == 15.588457268119894\n    assert candidate(20) == 692.8203230275509\n    assert candidate(10) == 173.20508075688772\n\ndef test_check():\n    check(area_tetrahedron)\n\ntest_check()\n",
      "timestamp": 1665509968,
      "stdout": "",
      "stderr": "Traceback (most recent call last):\n  File \"/tmp/tmp1u52jb0m.py\", line 16, in <module>\n    test_check()\n  File \"/tmp/tmp1u52jb0m.py\", line 14, in test_check\n    check(area_tetrahedron)\n  File \"/tmp/tmp1u52jb0m.py\", line 9, in check\n    assert candidate(3) == 15.588457268119894\nAssertionError\n",
      "exit_code": 1,
      "status": "Exception"
    },
    {
      "program": "def area_tetrahedron(side: int) -> float:\n    \"\"\"\n\tWrite a function to caluclate the area of a tetrahedron.\n\t\"\"\"\n    return math.sqrt(3) * side ** 2\n\n\ndef check(candidate):\n    assert candidate(3) == 15.588457268119894\n    assert candidate(20) == 692.8203230275509\n    assert candidate(10) == 173.20508075688772\n\ndef test_check():\n    check(area_tetrahedron)\n\ntest_check()\n",
      "timestamp": 1665509968,
      "stdout": "",
      "stderr": "Traceback (most recent call last):\n  File \"/tmp/tmpsx516fwv.py\", line 16, in <module>\n    test_check()\n  File \"/tmp/tmpsx516fwv.py\", line 14, in test_check\n    check(area_tetrahedron)\n  File \"/tmp/tmpsx516fwv.py\", line 9, in check\n    assert candidate(3) == 15.588457268119894\n  File \"/tmp/tmpsx516fwv.py\", line 5, in area_tetrahedron\n    return math.sqrt(3) * side ** 2\nNameError: name 'math' is not defined\n",
      "exit_code": 1,
      "status": "Exception"
    },
    {
      "program": "def area_tetrahedron(side: int) -> float:\n    \"\"\"\n\tWrite a function to caluclate the area of a tetrahedron.\n\t\"\"\"\n    return (math.sqrt(3) * side ** 2) / 4\n\n\ndef check(candidate):\n    assert candidate(3) == 15.588457268119894\n    assert candidate(20) == 692.8203230275509\n    assert candidate(10) == 173.20508075688772\n\ndef test_check():\n    check(area_tetrahedron)\n\ntest_check()\n",
      "timestamp": 1665509968,
      "stdout": "",
      "stderr": "Traceback (most recent call last):\n  File \"/tmp/tmpz01nro6_.py\", line 16, in <module>\n    test_check()\n  File \"/tmp/tmpz01nro6_.py\", line 14, in test_check\n    check(area_tetrahedron)\n  File \"/tmp/tmpz01nro6_.py\", line 9, in check\n    assert candidate(3) == 15.588457268119894\n  File \"/tmp/tmpz01nro6_.py\", line 5, in area_tetrahedron\n    return (math.sqrt(3) * side ** 2) / 4\nNameError: name 'math' is not defined\n",
      "exit_code": 1,
      "status": "Exception"
    },
    {
      "program": "def area_tetrahedron(side: int) -> float:\n    \"\"\"\n\tWrite a function to caluclate the area of a tetrahedron.\n\t\"\"\"\n    return (math.sqrt(3) * side ** 2) / 4\n\n\ndef check(candidate):\n    assert candidate(3) == 15.588457268119894\n    assert candidate(20) == 692.8203230275509\n    assert candidate(10) == 173.20508075688772\n\ndef test_check():\n    check(area_tetrahedron)\n\ntest_check()\n",
      "timestamp": 1665509968,
      "stdout": "",
      "stderr": "Traceback (most recent call last):\n  File \"/tmp/tmpz01nro6_.py\", line 16, in <module>\n    test_check()\n  File \"/tmp/tmpz01nro6_.py\", line 14, in test_check\n    check(area_tetrahedron)\n  File \"/tmp/tmpz01nro6_.py\", line 9, in check\n    assert candidate(3) == 15.588457268119894\n  File \"/tmp/tmpz01nro6_.py\", line 5, in area_tetrahedron\n    return (math.sqrt(3) * side ** 2) / 4\nNameError: name 'math' is not defined\n",
      "exit_code": 1,
      "status": "Exception"
    }
  ]
}