{
  "name": "mbpp_794_text_starta_endb",
  "language": "py",
  "prompt": "def text_starta_endb(text: str) -> bool:\n    \"\"\"\n\tWrite a function that matches a string that has an 'a' followed by anything, ending in 'b'.\n\t\"\"\"\n",
  "doctests": "keep",
  "original": "/home/arjun/repos/MultiPL-E/datasets/../datasets/mbpp-typed/mbpp_794_text_starta_endb.py",
  "prompt_terminology": "verbatim",
  "tests": "def check(candidate):\n    assert candidate('aabbbb') == True\n    assert candidate('aabAbbbc') == False\n    assert candidate('accddbbjjj') == False\n\ndef test_check():\n    check(text_starta_endb)\n\ntest_check()\n",
  "stop_tokens": [
    "\ndef",
    "\n#",
    "\nif",
    "\nclass"
  ],
  "results": [
    {
      "program": "def text_starta_endb(text: str) -> bool:\n    \"\"\"\n\tWrite a function that matches a string that has an 'a' followed by anything, ending in 'b'.\n\t\"\"\"\n    return re.search(r\"a.*b$\", text) is not None\n\n\ndef check(candidate):\n    assert candidate('aabbbb') == True\n    assert candidate('aabAbbbc') == False\n    assert candidate('accddbbjjj') == False\n\ndef test_check():\n    check(text_starta_endb)\n\ntest_check()\n",
      "timestamp": 1665510124,
      "stdout": "",
      "stderr": "Traceback (most recent call last):\n  File \"/tmp/tmppmkuwaqc.py\", line 16, in <module>\n    test_check()\n  File \"/tmp/tmppmkuwaqc.py\", line 14, in test_check\n    check(text_starta_endb)\n  File \"/tmp/tmppmkuwaqc.py\", line 9, in check\n    assert candidate('aabbbb') == True\n  File \"/tmp/tmppmkuwaqc.py\", line 5, in text_starta_endb\n    return re.search(r\"a.*b$\", text) is not None\nNameError: name 're' is not defined\n",
      "exit_code": 1,
      "status": "Exception"
    },
    {
      "program": "def text_starta_endb(text: str) -> bool:\n    \"\"\"\n\tWrite a function that matches a string that has an 'a' followed by anything, ending in 'b'.\n\t\"\"\"\n    return re.search(r\"a.*b\", text) is not None\n\n\ndef check(candidate):\n    assert candidate('aabbbb') == True\n    assert candidate('aabAbbbc') == False\n    assert candidate('accddbbjjj') == False\n\ndef test_check():\n    check(text_starta_endb)\n\ntest_check()\n",
      "timestamp": 1665510124,
      "stdout": "",
      "stderr": "Traceback (most recent call last):\n  File \"/tmp/tmplj0agnoi.py\", line 16, in <module>\n    test_check()\n  File \"/tmp/tmplj0agnoi.py\", line 14, in test_check\n    check(text_starta_endb)\n  File \"/tmp/tmplj0agnoi.py\", line 9, in check\n    assert candidate('aabbbb') == True\n  File \"/tmp/tmplj0agnoi.py\", line 5, in text_starta_endb\n    return re.search(r\"a.*b\", text) is not None\nNameError: name 're' is not defined\n",
      "exit_code": 1,
      "status": "Exception"
    },
    {
      "program": "def text_starta_endb(text: str) -> bool:\n    \"\"\"\n\tWrite a function that matches a string that has an 'a' followed by anything, ending in 'b'.\n\t\"\"\"\n    return bool(re.match(r\"a.*b$\", text))\n\n\ndef check(candidate):\n    assert candidate('aabbbb') == True\n    assert candidate('aabAbbbc') == False\n    assert candidate('accddbbjjj') == False\n\ndef test_check():\n    check(text_starta_endb)\n\ntest_check()\n",
      "timestamp": 1665510124,
      "stdout": "",
      "stderr": "Traceback (most recent call last):\n  File \"/tmp/tmpl1laon6c.py\", line 16, in <module>\n    test_check()\n  File \"/tmp/tmpl1laon6c.py\", line 14, in test_check\n    check(text_starta_endb)\n  File \"/tmp/tmpl1laon6c.py\", line 9, in check\n    assert candidate('aabbbb') == True\n  File \"/tmp/tmpl1laon6c.py\", line 5, in text_starta_endb\n    return bool(re.match(r\"a.*b$\", text))\nNameError: name 're' is not defined\n",
      "exit_code": 1,
      "status": "Exception"
    },
    {
      "program": "def text_starta_endb(text: str) -> bool:\n    \"\"\"\n\tWrite a function that matches a string that has an 'a' followed by anything, ending in 'b'.\n\t\"\"\"\n    return bool(re.match(r\"a.*b$\", text))\n\n\ndef check(candidate):\n    assert candidate('aabbbb') == True\n    assert candidate('aabAbbbc') == False\n    assert candidate('accddbbjjj') == False\n\ndef test_check():\n    check(text_starta_endb)\n\ntest_check()\n",
      "timestamp": 1665510124,
      "stdout": "",
      "stderr": "Traceback (most recent call last):\n  File \"/tmp/tmpl1laon6c.py\", line 16, in <module>\n    test_check()\n  File \"/tmp/tmpl1laon6c.py\", line 14, in test_check\n    check(text_starta_endb)\n  File \"/tmp/tmpl1laon6c.py\", line 9, in check\n    assert candidate('aabbbb') == True\n  File \"/tmp/tmpl1laon6c.py\", line 5, in text_starta_endb\n    return bool(re.match(r\"a.*b$\", text))\nNameError: name 're' is not defined\n",
      "exit_code": 1,
      "status": "Exception"
    },
    {
      "program": "def text_starta_endb(text: str) -> bool:\n    \"\"\"\n\tWrite a function that matches a string that has an 'a' followed by anything, ending in 'b'.\n\t\"\"\"\n    return re.match(r'a.*b$', text)\n\n\ndef check(candidate):\n    assert candidate('aabbbb') == True\n    assert candidate('aabAbbbc') == False\n    assert candidate('accddbbjjj') == False\n\ndef test_check():\n    check(text_starta_endb)\n\ntest_check()\n",
      "timestamp": 1665510124,
      "stdout": "",
      "stderr": "Traceback (most recent call last):\n  File \"/tmp/tmpcw82xwdv.py\", line 16, in <module>\n    test_check()\n  File \"/tmp/tmpcw82xwdv.py\", line 14, in test_check\n    check(text_starta_endb)\n  File \"/tmp/tmpcw82xwdv.py\", line 9, in check\n    assert candidate('aabbbb') == True\n  File \"/tmp/tmpcw82xwdv.py\", line 5, in text_starta_endb\n    return re.match(r'a.*b$', text)\nNameError: name 're' is not defined\n",
      "exit_code": 1,
      "status": "Exception"
    },
    {
      "program": "def text_starta_endb(text: str) -> bool:\n    \"\"\"\n\tWrite a function that matches a string that has an 'a' followed by anything, ending in 'b'.\n\t\"\"\"\n    return bool(re.match(r\"a.*b$\", text))\n\n\ndef check(candidate):\n    assert candidate('aabbbb') == True\n    assert candidate('aabAbbbc') == False\n    assert candidate('accddbbjjj') == False\n\ndef test_check():\n    check(text_starta_endb)\n\ntest_check()\n",
      "timestamp": 1665510124,
      "stdout": "",
      "stderr": "Traceback (most recent call last):\n  File \"/tmp/tmpl1laon6c.py\", line 16, in <module>\n    test_check()\n  File \"/tmp/tmpl1laon6c.py\", line 14, in test_check\n    check(text_starta_endb)\n  File \"/tmp/tmpl1laon6c.py\", line 9, in check\n    assert candidate('aabbbb') == True\n  File \"/tmp/tmpl1laon6c.py\", line 5, in text_starta_endb\n    return bool(re.match(r\"a.*b$\", text))\nNameError: name 're' is not defined\n",
      "exit_code": 1,
      "status": "Exception"
    },
    {
      "program": "def text_starta_endb(text: str) -> bool:\n    \"\"\"\n\tWrite a function that matches a string that has an 'a' followed by anything, ending in 'b'.\n\t\"\"\"\n    return bool(re.match(r'^a.*b$', text))\n\n\ndef check(candidate):\n    assert candidate('aabbbb') == True\n    assert candidate('aabAbbbc') == False\n    assert candidate('accddbbjjj') == False\n\ndef test_check():\n    check(text_starta_endb)\n\ntest_check()\n",
      "timestamp": 1665510124,
      "stdout": "",
      "stderr": "Traceback (most recent call last):\n  File \"/tmp/tmp8juc6f0f.py\", line 16, in <module>\n    test_check()\n  File \"/tmp/tmp8juc6f0f.py\", line 14, in test_check\n    check(text_starta_endb)\n  File \"/tmp/tmp8juc6f0f.py\", line 9, in check\n    assert candidate('aabbbb') == True\n  File \"/tmp/tmp8juc6f0f.py\", line 5, in text_starta_endb\n    return bool(re.match(r'^a.*b$', text))\nNameError: name 're' is not defined\n",
      "exit_code": 1,
      "status": "Exception"
    },
    {
      "program": "def text_starta_endb(text: str) -> bool:\n    \"\"\"\n\tWrite a function that matches a string that has an 'a' followed by anything, ending in 'b'.\n\t\"\"\"\n    return bool(re.match(r\"a.*b$\", text))\n\n\ndef check(candidate):\n    assert candidate('aabbbb') == True\n    assert candidate('aabAbbbc') == False\n    assert candidate('accddbbjjj') == False\n\ndef test_check():\n    check(text_starta_endb)\n\ntest_check()\n",
      "timestamp": 1665510124,
      "stdout": "",
      "stderr": "Traceback (most recent call last):\n  File \"/tmp/tmpl1laon6c.py\", line 16, in <module>\n    test_check()\n  File \"/tmp/tmpl1laon6c.py\", line 14, in test_check\n    check(text_starta_endb)\n  File \"/tmp/tmpl1laon6c.py\", line 9, in check\n    assert candidate('aabbbb') == True\n  File \"/tmp/tmpl1laon6c.py\", line 5, in text_starta_endb\n    return bool(re.match(r\"a.*b$\", text))\nNameError: name 're' is not defined\n",
      "exit_code": 1,
      "status": "Exception"
    },
    {
      "program": "def text_starta_endb(text: str) -> bool:\n    \"\"\"\n\tWrite a function that matches a string that has an 'a' followed by anything, ending in 'b'.\n\t\"\"\"\n    pattern = re.compile(r'a.*b$')\n    return bool(pattern.match(text))\n\n\ndef check(candidate):\n    assert candidate('aabbbb') == True\n    assert candidate('aabAbbbc') == False\n    assert candidate('accddbbjjj') == False\n\ndef test_check():\n    check(text_starta_endb)\n\ntest_check()\n",
      "timestamp": 1665510124,
      "stdout": "",
      "stderr": "Traceback (most recent call last):\n  File \"/tmp/tmpi0ut7ccg.py\", line 17, in <module>\n    test_check()\n  File \"/tmp/tmpi0ut7ccg.py\", line 15, in test_check\n    check(text_starta_endb)\n  File \"/tmp/tmpi0ut7ccg.py\", line 10, in check\n    assert candidate('aabbbb') == True\n  File \"/tmp/tmpi0ut7ccg.py\", line 5, in text_starta_endb\n    pattern = re.compile(r'a.*b$')\nNameError: name 're' is not defined\n",
      "exit_code": 1,
      "status": "Exception"
    },
    {
      "program": "def text_starta_endb(text: str) -> bool:\n    \"\"\"\n\tWrite a function that matches a string that has an 'a' followed by anything, ending in 'b'.\n\t\"\"\"\n    return bool(re.match(r\"a.*b$\", text))\n\n\ndef check(candidate):\n    assert candidate('aabbbb') == True\n    assert candidate('aabAbbbc') == False\n    assert candidate('accddbbjjj') == False\n\ndef test_check():\n    check(text_starta_endb)\n\ntest_check()\n",
      "timestamp": 1665510124,
      "stdout": "",
      "stderr": "Traceback (most recent call last):\n  File \"/tmp/tmpl1laon6c.py\", line 16, in <module>\n    test_check()\n  File \"/tmp/tmpl1laon6c.py\", line 14, in test_check\n    check(text_starta_endb)\n  File \"/tmp/tmpl1laon6c.py\", line 9, in check\n    assert candidate('aabbbb') == True\n  File \"/tmp/tmpl1laon6c.py\", line 5, in text_starta_endb\n    return bool(re.match(r\"a.*b$\", text))\nNameError: name 're' is not defined\n",
      "exit_code": 1,
      "status": "Exception"
    },
    {
      "program": "def text_starta_endb(text: str) -> bool:\n    \"\"\"\n\tWrite a function that matches a string that has an 'a' followed by anything, ending in 'b'.\n\t\"\"\"\n    return bool(re.match(r'a.*b$', text))\n\n\ndef check(candidate):\n    assert candidate('aabbbb') == True\n    assert candidate('aabAbbbc') == False\n    assert candidate('accddbbjjj') == False\n\ndef test_check():\n    check(text_starta_endb)\n\ntest_check()\n",
      "timestamp": 1665510124,
      "stdout": "",
      "stderr": "Traceback (most recent call last):\n  File \"/tmp/tmpynlpwku6.py\", line 16, in <module>\n    test_check()\n  File \"/tmp/tmpynlpwku6.py\", line 14, in test_check\n    check(text_starta_endb)\n  File \"/tmp/tmpynlpwku6.py\", line 9, in check\n    assert candidate('aabbbb') == True\n  File \"/tmp/tmpynlpwku6.py\", line 5, in text_starta_endb\n    return bool(re.match(r'a.*b$', text))\nNameError: name 're' is not defined\n",
      "exit_code": 1,
      "status": "Exception"
    },
    {
      "program": "def text_starta_endb(text: str) -> bool:\n    \"\"\"\n\tWrite a function that matches a string that has an 'a' followed by anything, ending in 'b'.\n\t\"\"\"\n    return bool(re.match(r\"a.*b$\", text))\n\n\ndef check(candidate):\n    assert candidate('aabbbb') == True\n    assert candidate('aabAbbbc') == False\n    assert candidate('accddbbjjj') == False\n\ndef test_check():\n    check(text_starta_endb)\n\ntest_check()\n",
      "timestamp": 1665510124,
      "stdout": "",
      "stderr": "Traceback (most recent call last):\n  File \"/tmp/tmpl1laon6c.py\", line 16, in <module>\n    test_check()\n  File \"/tmp/tmpl1laon6c.py\", line 14, in test_check\n    check(text_starta_endb)\n  File \"/tmp/tmpl1laon6c.py\", line 9, in check\n    assert candidate('aabbbb') == True\n  File \"/tmp/tmpl1laon6c.py\", line 5, in text_starta_endb\n    return bool(re.match(r\"a.*b$\", text))\nNameError: name 're' is not defined\n",
      "exit_code": 1,
      "status": "Exception"
    },
    {
      "program": "def text_starta_endb(text: str) -> bool:\n    \"\"\"\n\tWrite a function that matches a string that has an 'a' followed by anything, ending in 'b'.\n\t\"\"\"\n    return bool(re.match(r\"^a.*b$\", text))\n\n\ndef check(candidate):\n    assert candidate('aabbbb') == True\n    assert candidate('aabAbbbc') == False\n    assert candidate('accddbbjjj') == False\n\ndef test_check():\n    check(text_starta_endb)\n\ntest_check()\n",
      "timestamp": 1665510124,
      "stdout": "",
      "stderr": "Traceback (most recent call last):\n  File \"/tmp/tmpy7ykc0r8.py\", line 16, in <module>\n    test_check()\n  File \"/tmp/tmpy7ykc0r8.py\", line 14, in test_check\n    check(text_starta_endb)\n  File \"/tmp/tmpy7ykc0r8.py\", line 9, in check\n    assert candidate('aabbbb') == True\n  File \"/tmp/tmpy7ykc0r8.py\", line 5, in text_starta_endb\n    return bool(re.match(r\"^a.*b$\", text))\nNameError: name 're' is not defined\n",
      "exit_code": 1,
      "status": "Exception"
    },
    {
      "program": "def text_starta_endb(text: str) -> bool:\n    \"\"\"\n\tWrite a function that matches a string that has an 'a' followed by anything, ending in 'b'.\n\t\"\"\"\n    return bool(re.match(r\"a.*b$\", text))\n\n\ndef check(candidate):\n    assert candidate('aabbbb') == True\n    assert candidate('aabAbbbc') == False\n    assert candidate('accddbbjjj') == False\n\ndef test_check():\n    check(text_starta_endb)\n\ntest_check()\n",
      "timestamp": 1665510124,
      "stdout": "",
      "stderr": "Traceback (most recent call last):\n  File \"/tmp/tmpl1laon6c.py\", line 16, in <module>\n    test_check()\n  File \"/tmp/tmpl1laon6c.py\", line 14, in test_check\n    check(text_starta_endb)\n  File \"/tmp/tmpl1laon6c.py\", line 9, in check\n    assert candidate('aabbbb') == True\n  File \"/tmp/tmpl1laon6c.py\", line 5, in text_starta_endb\n    return bool(re.match(r\"a.*b$\", text))\nNameError: name 're' is not defined\n",
      "exit_code": 1,
      "status": "Exception"
    },
    {
      "program": "def text_starta_endb(text: str) -> bool:\n    \"\"\"\n\tWrite a function that matches a string that has an 'a' followed by anything, ending in 'b'.\n\t\"\"\"\n    return bool(re.match(r'^a.*b$', text))\n\n\ndef check(candidate):\n    assert candidate('aabbbb') == True\n    assert candidate('aabAbbbc') == False\n    assert candidate('accddbbjjj') == False\n\ndef test_check():\n    check(text_starta_endb)\n\ntest_check()\n",
      "timestamp": 1665510124,
      "stdout": "",
      "stderr": "Traceback (most recent call last):\n  File \"/tmp/tmp8juc6f0f.py\", line 16, in <module>\n    test_check()\n  File \"/tmp/tmp8juc6f0f.py\", line 14, in test_check\n    check(text_starta_endb)\n  File \"/tmp/tmp8juc6f0f.py\", line 9, in check\n    assert candidate('aabbbb') == True\n  File \"/tmp/tmp8juc6f0f.py\", line 5, in text_starta_endb\n    return bool(re.match(r'^a.*b$', text))\nNameError: name 're' is not defined\n",
      "exit_code": 1,
      "status": "Exception"
    },
    {
      "program": "def text_starta_endb(text: str) -> bool:\n    \"\"\"\n\tWrite a function that matches a string that has an 'a' followed by anything, ending in 'b'.\n\t\"\"\"\n    return bool(re.match(r\"a.*b$\", text))\n\n\ndef check(candidate):\n    assert candidate('aabbbb') == True\n    assert candidate('aabAbbbc') == False\n    assert candidate('accddbbjjj') == False\n\ndef test_check():\n    check(text_starta_endb)\n\ntest_check()\n",
      "timestamp": 1665510124,
      "stdout": "",
      "stderr": "Traceback (most recent call last):\n  File \"/tmp/tmpl1laon6c.py\", line 16, in <module>\n    test_check()\n  File \"/tmp/tmpl1laon6c.py\", line 14, in test_check\n    check(text_starta_endb)\n  File \"/tmp/tmpl1laon6c.py\", line 9, in check\n    assert candidate('aabbbb') == True\n  File \"/tmp/tmpl1laon6c.py\", line 5, in text_starta_endb\n    return bool(re.match(r\"a.*b$\", text))\nNameError: name 're' is not defined\n",
      "exit_code": 1,
      "status": "Exception"
    },
    {
      "program": "def text_starta_endb(text: str) -> bool:\n    \"\"\"\n\tWrite a function that matches a string that has an 'a' followed by anything, ending in 'b'.\n\t\"\"\"\n    return bool(re.match(r\"a.*b$\", text))\n\n\ndef check(candidate):\n    assert candidate('aabbbb') == True\n    assert candidate('aabAbbbc') == False\n    assert candidate('accddbbjjj') == False\n\ndef test_check():\n    check(text_starta_endb)\n\ntest_check()\n",
      "timestamp": 1665510124,
      "stdout": "",
      "stderr": "Traceback (most recent call last):\n  File \"/tmp/tmpl1laon6c.py\", line 16, in <module>\n    test_check()\n  File \"/tmp/tmpl1laon6c.py\", line 14, in test_check\n    check(text_starta_endb)\n  File \"/tmp/tmpl1laon6c.py\", line 9, in check\n    assert candidate('aabbbb') == True\n  File \"/tmp/tmpl1laon6c.py\", line 5, in text_starta_endb\n    return bool(re.match(r\"a.*b$\", text))\nNameError: name 're' is not defined\n",
      "exit_code": 1,
      "status": "Exception"
    },
    {
      "program": "def text_starta_endb(text: str) -> bool:\n    \"\"\"\n\tWrite a function that matches a string that has an 'a' followed by anything, ending in 'b'.\n\t\"\"\"\n    return bool(re.search(r\"a.*b\", text))\n\n\ndef check(candidate):\n    assert candidate('aabbbb') == True\n    assert candidate('aabAbbbc') == False\n    assert candidate('accddbbjjj') == False\n\ndef test_check():\n    check(text_starta_endb)\n\ntest_check()\n",
      "timestamp": 1665510124,
      "stdout": "",
      "stderr": "Traceback (most recent call last):\n  File \"/tmp/tmpc4pq6u7v.py\", line 16, in <module>\n    test_check()\n  File \"/tmp/tmpc4pq6u7v.py\", line 14, in test_check\n    check(text_starta_endb)\n  File \"/tmp/tmpc4pq6u7v.py\", line 9, in check\n    assert candidate('aabbbb') == True\n  File \"/tmp/tmpc4pq6u7v.py\", line 5, in text_starta_endb\n    return bool(re.search(r\"a.*b\", text))\nNameError: name 're' is not defined\n",
      "exit_code": 1,
      "status": "Exception"
    },
    {
      "program": "def text_starta_endb(text: str) -> bool:\n    \"\"\"\n\tWrite a function that matches a string that has an 'a' followed by anything, ending in 'b'.\n\t\"\"\"\n    return bool(re.match(r\"a.+b$\", text))\n\n\ndef check(candidate):\n    assert candidate('aabbbb') == True\n    assert candidate('aabAbbbc') == False\n    assert candidate('accddbbjjj') == False\n\ndef test_check():\n    check(text_starta_endb)\n\ntest_check()\n",
      "timestamp": 1665510124,
      "stdout": "",
      "stderr": "Traceback (most recent call last):\n  File \"/tmp/tmp5nvuprzm.py\", line 16, in <module>\n    test_check()\n  File \"/tmp/tmp5nvuprzm.py\", line 14, in test_check\n    check(text_starta_endb)\n  File \"/tmp/tmp5nvuprzm.py\", line 9, in check\n    assert candidate('aabbbb') == True\n  File \"/tmp/tmp5nvuprzm.py\", line 5, in text_starta_endb\n    return bool(re.match(r\"a.+b$\", text))\nNameError: name 're' is not defined\n",
      "exit_code": 1,
      "status": "Exception"
    },
    {
      "program": "def text_starta_endb(text: str) -> bool:\n    \"\"\"\n\tWrite a function that matches a string that has an 'a' followed by anything, ending in 'b'.\n\t\"\"\"\n    return re.match(r'a.*b$', text)\n\n\ndef check(candidate):\n    assert candidate('aabbbb') == True\n    assert candidate('aabAbbbc') == False\n    assert candidate('accddbbjjj') == False\n\ndef test_check():\n    check(text_starta_endb)\n\ntest_check()\n",
      "timestamp": 1665510124,
      "stdout": "",
      "stderr": "Traceback (most recent call last):\n  File \"/tmp/tmpcw82xwdv.py\", line 16, in <module>\n    test_check()\n  File \"/tmp/tmpcw82xwdv.py\", line 14, in test_check\n    check(text_starta_endb)\n  File \"/tmp/tmpcw82xwdv.py\", line 9, in check\n    assert candidate('aabbbb') == True\n  File \"/tmp/tmpcw82xwdv.py\", line 5, in text_starta_endb\n    return re.match(r'a.*b$', text)\nNameError: name 're' is not defined\n",
      "exit_code": 1,
      "status": "Exception"
    },
    {
      "program": "def text_starta_endb(text: str) -> bool:\n    \"\"\"\n\tWrite a function that matches a string that has an 'a' followed by anything, ending in 'b'.\n\t\"\"\"\n    return bool(re.match(r\"a.*b$\", text))\n\n\ndef check(candidate):\n    assert candidate('aabbbb') == True\n    assert candidate('aabAbbbc') == False\n    assert candidate('accddbbjjj') == False\n\ndef test_check():\n    check(text_starta_endb)\n\ntest_check()\n",
      "timestamp": 1665510124,
      "stdout": "",
      "stderr": "Traceback (most recent call last):\n  File \"/tmp/tmpl1laon6c.py\", line 16, in <module>\n    test_check()\n  File \"/tmp/tmpl1laon6c.py\", line 14, in test_check\n    check(text_starta_endb)\n  File \"/tmp/tmpl1laon6c.py\", line 9, in check\n    assert candidate('aabbbb') == True\n  File \"/tmp/tmpl1laon6c.py\", line 5, in text_starta_endb\n    return bool(re.match(r\"a.*b$\", text))\nNameError: name 're' is not defined\n",
      "exit_code": 1,
      "status": "Exception"
    },
    {
      "program": "def text_starta_endb(text: str) -> bool:\n    \"\"\"\n\tWrite a function that matches a string that has an 'a' followed by anything, ending in 'b'.\n\t\"\"\"\n    return bool(re.match(r\"a.*b$\", text))\n\n\ndef check(candidate):\n    assert candidate('aabbbb') == True\n    assert candidate('aabAbbbc') == False\n    assert candidate('accddbbjjj') == False\n\ndef test_check():\n    check(text_starta_endb)\n\ntest_check()\n",
      "timestamp": 1665510124,
      "stdout": "",
      "stderr": "Traceback (most recent call last):\n  File \"/tmp/tmpl1laon6c.py\", line 16, in <module>\n    test_check()\n  File \"/tmp/tmpl1laon6c.py\", line 14, in test_check\n    check(text_starta_endb)\n  File \"/tmp/tmpl1laon6c.py\", line 9, in check\n    assert candidate('aabbbb') == True\n  File \"/tmp/tmpl1laon6c.py\", line 5, in text_starta_endb\n    return bool(re.match(r\"a.*b$\", text))\nNameError: name 're' is not defined\n",
      "exit_code": 1,
      "status": "Exception"
    },
    {
      "program": "def text_starta_endb(text: str) -> bool:\n    \"\"\"\n\tWrite a function that matches a string that has an 'a' followed by anything, ending in 'b'.\n\t\"\"\"\n    return bool(re.search(r'a.*b', text))\n\n\ndef check(candidate):\n    assert candidate('aabbbb') == True\n    assert candidate('aabAbbbc') == False\n    assert candidate('accddbbjjj') == False\n\ndef test_check():\n    check(text_starta_endb)\n\ntest_check()\n",
      "timestamp": 1665510124,
      "stdout": "",
      "stderr": "Traceback (most recent call last):\n  File \"/tmp/tmpx00eqi7v.py\", line 16, in <module>\n    test_check()\n  File \"/tmp/tmpx00eqi7v.py\", line 14, in test_check\n    check(text_starta_endb)\n  File \"/tmp/tmpx00eqi7v.py\", line 9, in check\n    assert candidate('aabbbb') == True\n  File \"/tmp/tmpx00eqi7v.py\", line 5, in text_starta_endb\n    return bool(re.search(r'a.*b', text))\nNameError: name 're' is not defined\n",
      "exit_code": 1,
      "status": "Exception"
    },
    {
      "program": "def text_starta_endb(text: str) -> bool:\n    \"\"\"\n\tWrite a function that matches a string that has an 'a' followed by anything, ending in 'b'.\n\t\"\"\"\n    return bool(re.search(r\"a.*b\", text))\n\n\ndef check(candidate):\n    assert candidate('aabbbb') == True\n    assert candidate('aabAbbbc') == False\n    assert candidate('accddbbjjj') == False\n\ndef test_check():\n    check(text_starta_endb)\n\ntest_check()\n",
      "timestamp": 1665510124,
      "stdout": "",
      "stderr": "Traceback (most recent call last):\n  File \"/tmp/tmpc4pq6u7v.py\", line 16, in <module>\n    test_check()\n  File \"/tmp/tmpc4pq6u7v.py\", line 14, in test_check\n    check(text_starta_endb)\n  File \"/tmp/tmpc4pq6u7v.py\", line 9, in check\n    assert candidate('aabbbb') == True\n  File \"/tmp/tmpc4pq6u7v.py\", line 5, in text_starta_endb\n    return bool(re.search(r\"a.*b\", text))\nNameError: name 're' is not defined\n",
      "exit_code": 1,
      "status": "Exception"
    },
    {
      "program": "def text_starta_endb(text: str) -> bool:\n    \"\"\"\n\tWrite a function that matches a string that has an 'a' followed by anything, ending in 'b'.\n\t\"\"\"\n    return bool(re.match(r\"a.*b$\", text))\n\n\ndef check(candidate):\n    assert candidate('aabbbb') == True\n    assert candidate('aabAbbbc') == False\n    assert candidate('accddbbjjj') == False\n\ndef test_check():\n    check(text_starta_endb)\n\ntest_check()\n",
      "timestamp": 1665510124,
      "stdout": "",
      "stderr": "Traceback (most recent call last):\n  File \"/tmp/tmpl1laon6c.py\", line 16, in <module>\n    test_check()\n  File \"/tmp/tmpl1laon6c.py\", line 14, in test_check\n    check(text_starta_endb)\n  File \"/tmp/tmpl1laon6c.py\", line 9, in check\n    assert candidate('aabbbb') == True\n  File \"/tmp/tmpl1laon6c.py\", line 5, in text_starta_endb\n    return bool(re.match(r\"a.*b$\", text))\nNameError: name 're' is not defined\n",
      "exit_code": 1,
      "status": "Exception"
    },
    {
      "program": "def text_starta_endb(text: str) -> bool:\n    \"\"\"\n\tWrite a function that matches a string that has an 'a' followed by anything, ending in 'b'.\n\t\"\"\"\n    return re.search(r\"a.*b$\", text) is not None\n\n\ndef check(candidate):\n    assert candidate('aabbbb') == True\n    assert candidate('aabAbbbc') == False\n    assert candidate('accddbbjjj') == False\n\ndef test_check():\n    check(text_starta_endb)\n\ntest_check()\n",
      "timestamp": 1665510124,
      "stdout": "",
      "stderr": "Traceback (most recent call last):\n  File \"/tmp/tmppmkuwaqc.py\", line 16, in <module>\n    test_check()\n  File \"/tmp/tmppmkuwaqc.py\", line 14, in test_check\n    check(text_starta_endb)\n  File \"/tmp/tmppmkuwaqc.py\", line 9, in check\n    assert candidate('aabbbb') == True\n  File \"/tmp/tmppmkuwaqc.py\", line 5, in text_starta_endb\n    return re.search(r\"a.*b$\", text) is not None\nNameError: name 're' is not defined\n",
      "exit_code": 1,
      "status": "Exception"
    },
    {
      "program": "def text_starta_endb(text: str) -> bool:\n    \"\"\"\n\tWrite a function that matches a string that has an 'a' followed by anything, ending in 'b'.\n\t\"\"\"\n    return bool(re.search(r\"a.*b$\", text))\n\n\ndef check(candidate):\n    assert candidate('aabbbb') == True\n    assert candidate('aabAbbbc') == False\n    assert candidate('accddbbjjj') == False\n\ndef test_check():\n    check(text_starta_endb)\n\ntest_check()\n",
      "timestamp": 1665510124,
      "stdout": "",
      "stderr": "Traceback (most recent call last):\n  File \"/tmp/tmp5i5yqgbt.py\", line 16, in <module>\n    test_check()\n  File \"/tmp/tmp5i5yqgbt.py\", line 14, in test_check\n    check(text_starta_endb)\n  File \"/tmp/tmp5i5yqgbt.py\", line 9, in check\n    assert candidate('aabbbb') == True\n  File \"/tmp/tmp5i5yqgbt.py\", line 5, in text_starta_endb\n    return bool(re.search(r\"a.*b$\", text))\nNameError: name 're' is not defined\n",
      "exit_code": 1,
      "status": "Exception"
    },
    {
      "program": "def text_starta_endb(text: str) -> bool:\n    \"\"\"\n\tWrite a function that matches a string that has an 'a' followed by anything, ending in 'b'.\n\t\"\"\"\n    return bool(re.match(r'a.*b$', text))\n\n\ndef check(candidate):\n    assert candidate('aabbbb') == True\n    assert candidate('aabAbbbc') == False\n    assert candidate('accddbbjjj') == False\n\ndef test_check():\n    check(text_starta_endb)\n\ntest_check()\n",
      "timestamp": 1665510124,
      "stdout": "",
      "stderr": "Traceback (most recent call last):\n  File \"/tmp/tmpynlpwku6.py\", line 16, in <module>\n    test_check()\n  File \"/tmp/tmpynlpwku6.py\", line 14, in test_check\n    check(text_starta_endb)\n  File \"/tmp/tmpynlpwku6.py\", line 9, in check\n    assert candidate('aabbbb') == True\n  File \"/tmp/tmpynlpwku6.py\", line 5, in text_starta_endb\n    return bool(re.match(r'a.*b$', text))\nNameError: name 're' is not defined\n",
      "exit_code": 1,
      "status": "Exception"
    },
    {
      "program": "def text_starta_endb(text: str) -> bool:\n    \"\"\"\n\tWrite a function that matches a string that has an 'a' followed by anything, ending in 'b'.\n\t\"\"\"\n    return bool(re.match(r'a.*b$', text))\n\n\ndef check(candidate):\n    assert candidate('aabbbb') == True\n    assert candidate('aabAbbbc') == False\n    assert candidate('accddbbjjj') == False\n\ndef test_check():\n    check(text_starta_endb)\n\ntest_check()\n",
      "timestamp": 1665510124,
      "stdout": "",
      "stderr": "Traceback (most recent call last):\n  File \"/tmp/tmpynlpwku6.py\", line 16, in <module>\n    test_check()\n  File \"/tmp/tmpynlpwku6.py\", line 14, in test_check\n    check(text_starta_endb)\n  File \"/tmp/tmpynlpwku6.py\", line 9, in check\n    assert candidate('aabbbb') == True\n  File \"/tmp/tmpynlpwku6.py\", line 5, in text_starta_endb\n    return bool(re.match(r'a.*b$', text))\nNameError: name 're' is not defined\n",
      "exit_code": 1,
      "status": "Exception"
    },
    {
      "program": "def text_starta_endb(text: str) -> bool:\n    \"\"\"\n\tWrite a function that matches a string that has an 'a' followed by anything, ending in 'b'.\n\t\"\"\"\n    return bool(re.match(r\"a.*b$\", text))\n\n\ndef check(candidate):\n    assert candidate('aabbbb') == True\n    assert candidate('aabAbbbc') == False\n    assert candidate('accddbbjjj') == False\n\ndef test_check():\n    check(text_starta_endb)\n\ntest_check()\n",
      "timestamp": 1665510124,
      "stdout": "",
      "stderr": "Traceback (most recent call last):\n  File \"/tmp/tmpl1laon6c.py\", line 16, in <module>\n    test_check()\n  File \"/tmp/tmpl1laon6c.py\", line 14, in test_check\n    check(text_starta_endb)\n  File \"/tmp/tmpl1laon6c.py\", line 9, in check\n    assert candidate('aabbbb') == True\n  File \"/tmp/tmpl1laon6c.py\", line 5, in text_starta_endb\n    return bool(re.match(r\"a.*b$\", text))\nNameError: name 're' is not defined\n",
      "exit_code": 1,
      "status": "Exception"
    },
    {
      "program": "def text_starta_endb(text: str) -> bool:\n    \"\"\"\n\tWrite a function that matches a string that has an 'a' followed by anything, ending in 'b'.\n\t\"\"\"\n    return re.match(r\"a.*b$\", text) is not None\n\n\ndef check(candidate):\n    assert candidate('aabbbb') == True\n    assert candidate('aabAbbbc') == False\n    assert candidate('accddbbjjj') == False\n\ndef test_check():\n    check(text_starta_endb)\n\ntest_check()\n",
      "timestamp": 1665510124,
      "stdout": "",
      "stderr": "Traceback (most recent call last):\n  File \"/tmp/tmpn7wvijdk.py\", line 16, in <module>\n    test_check()\n  File \"/tmp/tmpn7wvijdk.py\", line 14, in test_check\n    check(text_starta_endb)\n  File \"/tmp/tmpn7wvijdk.py\", line 9, in check\n    assert candidate('aabbbb') == True\n  File \"/tmp/tmpn7wvijdk.py\", line 5, in text_starta_endb\n    return re.match(r\"a.*b$\", text) is not None\nNameError: name 're' is not defined\n",
      "exit_code": 1,
      "status": "Exception"
    },
    {
      "program": "def text_starta_endb(text: str) -> bool:\n    \"\"\"\n\tWrite a function that matches a string that has an 'a' followed by anything, ending in 'b'.\n\t\"\"\"\n    return re.match(r\"a.*b$\", text) is not None\n\n\ndef check(candidate):\n    assert candidate('aabbbb') == True\n    assert candidate('aabAbbbc') == False\n    assert candidate('accddbbjjj') == False\n\ndef test_check():\n    check(text_starta_endb)\n\ntest_check()\n",
      "timestamp": 1665510124,
      "stdout": "",
      "stderr": "Traceback (most recent call last):\n  File \"/tmp/tmpn7wvijdk.py\", line 16, in <module>\n    test_check()\n  File \"/tmp/tmpn7wvijdk.py\", line 14, in test_check\n    check(text_starta_endb)\n  File \"/tmp/tmpn7wvijdk.py\", line 9, in check\n    assert candidate('aabbbb') == True\n  File \"/tmp/tmpn7wvijdk.py\", line 5, in text_starta_endb\n    return re.match(r\"a.*b$\", text) is not None\nNameError: name 're' is not defined\n",
      "exit_code": 1,
      "status": "Exception"
    },
    {
      "program": "def text_starta_endb(text: str) -> bool:\n    \"\"\"\n\tWrite a function that matches a string that has an 'a' followed by anything, ending in 'b'.\n\t\"\"\"\n    return re.match(r\"a.*b$\", text) is not None\n\n\ndef check(candidate):\n    assert candidate('aabbbb') == True\n    assert candidate('aabAbbbc') == False\n    assert candidate('accddbbjjj') == False\n\ndef test_check():\n    check(text_starta_endb)\n\ntest_check()\n",
      "timestamp": 1665510124,
      "stdout": "",
      "stderr": "Traceback (most recent call last):\n  File \"/tmp/tmpn7wvijdk.py\", line 16, in <module>\n    test_check()\n  File \"/tmp/tmpn7wvijdk.py\", line 14, in test_check\n    check(text_starta_endb)\n  File \"/tmp/tmpn7wvijdk.py\", line 9, in check\n    assert candidate('aabbbb') == True\n  File \"/tmp/tmpn7wvijdk.py\", line 5, in text_starta_endb\n    return re.match(r\"a.*b$\", text) is not None\nNameError: name 're' is not defined\n",
      "exit_code": 1,
      "status": "Exception"
    },
    {
      "program": "def text_starta_endb(text: str) -> bool:\n    \"\"\"\n\tWrite a function that matches a string that has an 'a' followed by anything, ending in 'b'.\n\t\"\"\"\n    return bool(re.match(r\"a.*b$\", text))\n\n\ndef check(candidate):\n    assert candidate('aabbbb') == True\n    assert candidate('aabAbbbc') == False\n    assert candidate('accddbbjjj') == False\n\ndef test_check():\n    check(text_starta_endb)\n\ntest_check()\n",
      "timestamp": 1665510124,
      "stdout": "",
      "stderr": "Traceback (most recent call last):\n  File \"/tmp/tmpl1laon6c.py\", line 16, in <module>\n    test_check()\n  File \"/tmp/tmpl1laon6c.py\", line 14, in test_check\n    check(text_starta_endb)\n  File \"/tmp/tmpl1laon6c.py\", line 9, in check\n    assert candidate('aabbbb') == True\n  File \"/tmp/tmpl1laon6c.py\", line 5, in text_starta_endb\n    return bool(re.match(r\"a.*b$\", text))\nNameError: name 're' is not defined\n",
      "exit_code": 1,
      "status": "Exception"
    },
    {
      "program": "def text_starta_endb(text: str) -> bool:\n    \"\"\"\n\tWrite a function that matches a string that has an 'a' followed by anything, ending in 'b'.\n\t\"\"\"\n    return re.match(r'a.*b$', text)\n\n\ndef check(candidate):\n    assert candidate('aabbbb') == True\n    assert candidate('aabAbbbc') == False\n    assert candidate('accddbbjjj') == False\n\ndef test_check():\n    check(text_starta_endb)\n\ntest_check()\n",
      "timestamp": 1665510124,
      "stdout": "",
      "stderr": "Traceback (most recent call last):\n  File \"/tmp/tmpcw82xwdv.py\", line 16, in <module>\n    test_check()\n  File \"/tmp/tmpcw82xwdv.py\", line 14, in test_check\n    check(text_starta_endb)\n  File \"/tmp/tmpcw82xwdv.py\", line 9, in check\n    assert candidate('aabbbb') == True\n  File \"/tmp/tmpcw82xwdv.py\", line 5, in text_starta_endb\n    return re.match(r'a.*b$', text)\nNameError: name 're' is not defined\n",
      "exit_code": 1,
      "status": "Exception"
    },
    {
      "program": "def text_starta_endb(text: str) -> bool:\n    \"\"\"\n\tWrite a function that matches a string that has an 'a' followed by anything, ending in 'b'.\n\t\"\"\"\n    return bool(re.match(r'a.*b$', text))\n\n\ndef check(candidate):\n    assert candidate('aabbbb') == True\n    assert candidate('aabAbbbc') == False\n    assert candidate('accddbbjjj') == False\n\ndef test_check():\n    check(text_starta_endb)\n\ntest_check()\n",
      "timestamp": 1665510124,
      "stdout": "",
      "stderr": "Traceback (most recent call last):\n  File \"/tmp/tmpynlpwku6.py\", line 16, in <module>\n    test_check()\n  File \"/tmp/tmpynlpwku6.py\", line 14, in test_check\n    check(text_starta_endb)\n  File \"/tmp/tmpynlpwku6.py\", line 9, in check\n    assert candidate('aabbbb') == True\n  File \"/tmp/tmpynlpwku6.py\", line 5, in text_starta_endb\n    return bool(re.match(r'a.*b$', text))\nNameError: name 're' is not defined\n",
      "exit_code": 1,
      "status": "Exception"
    },
    {
      "program": "def text_starta_endb(text: str) -> bool:\n    \"\"\"\n\tWrite a function that matches a string that has an 'a' followed by anything, ending in 'b'.\n\t\"\"\"\n    return re.search(r'a.*b', text) is not None\n\n\ndef check(candidate):\n    assert candidate('aabbbb') == True\n    assert candidate('aabAbbbc') == False\n    assert candidate('accddbbjjj') == False\n\ndef test_check():\n    check(text_starta_endb)\n\ntest_check()\n",
      "timestamp": 1666122914,
      "stdout": "",
      "stderr": "Traceback (most recent call last):\n  File \"/tmp/tmpr9d3w0gx.py\", line 16, in <module>\n    test_check()\n  File \"/tmp/tmpr9d3w0gx.py\", line 14, in test_check\n    check(text_starta_endb)\n  File \"/tmp/tmpr9d3w0gx.py\", line 9, in check\n    assert candidate('aabbbb') == True\n  File \"/tmp/tmpr9d3w0gx.py\", line 5, in text_starta_endb\n    return re.search(r'a.*b', text) is not None\nNameError: name 're' is not defined\n",
      "exit_code": 1,
      "status": "Exception"
    },
    {
      "program": "def text_starta_endb(text: str) -> bool:\n    \"\"\"\n\tWrite a function that matches a string that has an 'a' followed by anything, ending in 'b'.\n\t\"\"\"\n    return bool(re.match(r'a.*b$', text))\n\n\ndef check(candidate):\n    assert candidate('aabbbb') == True\n    assert candidate('aabAbbbc') == False\n    assert candidate('accddbbjjj') == False\n\ndef test_check():\n    check(text_starta_endb)\n\ntest_check()\n",
      "timestamp": 1665510124,
      "stdout": "",
      "stderr": "Traceback (most recent call last):\n  File \"/tmp/tmpynlpwku6.py\", line 16, in <module>\n    test_check()\n  File \"/tmp/tmpynlpwku6.py\", line 14, in test_check\n    check(text_starta_endb)\n  File \"/tmp/tmpynlpwku6.py\", line 9, in check\n    assert candidate('aabbbb') == True\n  File \"/tmp/tmpynlpwku6.py\", line 5, in text_starta_endb\n    return bool(re.match(r'a.*b$', text))\nNameError: name 're' is not defined\n",
      "exit_code": 1,
      "status": "Exception"
    },
    {
      "program": "def text_starta_endb(text: str) -> bool:\n    \"\"\"\n\tWrite a function that matches a string that has an 'a' followed by anything, ending in 'b'.\n\t\"\"\"\n    return bool(re.search(r\"a.*b$\", text))\n\n\ndef check(candidate):\n    assert candidate('aabbbb') == True\n    assert candidate('aabAbbbc') == False\n    assert candidate('accddbbjjj') == False\n\ndef test_check():\n    check(text_starta_endb)\n\ntest_check()\n",
      "timestamp": 1665510124,
      "stdout": "",
      "stderr": "Traceback (most recent call last):\n  File \"/tmp/tmp5i5yqgbt.py\", line 16, in <module>\n    test_check()\n  File \"/tmp/tmp5i5yqgbt.py\", line 14, in test_check\n    check(text_starta_endb)\n  File \"/tmp/tmp5i5yqgbt.py\", line 9, in check\n    assert candidate('aabbbb') == True\n  File \"/tmp/tmp5i5yqgbt.py\", line 5, in text_starta_endb\n    return bool(re.search(r\"a.*b$\", text))\nNameError: name 're' is not defined\n",
      "exit_code": 1,
      "status": "Exception"
    },
    {
      "program": "def text_starta_endb(text: str) -> bool:\n    \"\"\"\n\tWrite a function that matches a string that has an 'a' followed by anything, ending in 'b'.\n\t\"\"\"\n    return bool(re.match(r\"a.*b$\", text))\n\n\ndef check(candidate):\n    assert candidate('aabbbb') == True\n    assert candidate('aabAbbbc') == False\n    assert candidate('accddbbjjj') == False\n\ndef test_check():\n    check(text_starta_endb)\n\ntest_check()\n",
      "timestamp": 1665510124,
      "stdout": "",
      "stderr": "Traceback (most recent call last):\n  File \"/tmp/tmpl1laon6c.py\", line 16, in <module>\n    test_check()\n  File \"/tmp/tmpl1laon6c.py\", line 14, in test_check\n    check(text_starta_endb)\n  File \"/tmp/tmpl1laon6c.py\", line 9, in check\n    assert candidate('aabbbb') == True\n  File \"/tmp/tmpl1laon6c.py\", line 5, in text_starta_endb\n    return bool(re.match(r\"a.*b$\", text))\nNameError: name 're' is not defined\n",
      "exit_code": 1,
      "status": "Exception"
    },
    {
      "program": "def text_starta_endb(text: str) -> bool:\n    \"\"\"\n\tWrite a function that matches a string that has an 'a' followed by anything, ending in 'b'.\n\t\"\"\"\n    return bool(re.match(r\"a.*b$\", text))\n\n\ndef check(candidate):\n    assert candidate('aabbbb') == True\n    assert candidate('aabAbbbc') == False\n    assert candidate('accddbbjjj') == False\n\ndef test_check():\n    check(text_starta_endb)\n\ntest_check()\n",
      "timestamp": 1665510124,
      "stdout": "",
      "stderr": "Traceback (most recent call last):\n  File \"/tmp/tmpl1laon6c.py\", line 16, in <module>\n    test_check()\n  File \"/tmp/tmpl1laon6c.py\", line 14, in test_check\n    check(text_starta_endb)\n  File \"/tmp/tmpl1laon6c.py\", line 9, in check\n    assert candidate('aabbbb') == True\n  File \"/tmp/tmpl1laon6c.py\", line 5, in text_starta_endb\n    return bool(re.match(r\"a.*b$\", text))\nNameError: name 're' is not defined\n",
      "exit_code": 1,
      "status": "Exception"
    },
    {
      "program": "def text_starta_endb(text: str) -> bool:\n    \"\"\"\n\tWrite a function that matches a string that has an 'a' followed by anything, ending in 'b'.\n\t\"\"\"\n    return re.match(r\".*a.*b$\", text) is not None\n\n\ndef check(candidate):\n    assert candidate('aabbbb') == True\n    assert candidate('aabAbbbc') == False\n    assert candidate('accddbbjjj') == False\n\ndef test_check():\n    check(text_starta_endb)\n\ntest_check()\n",
      "timestamp": 1666122915,
      "stdout": "",
      "stderr": "Traceback (most recent call last):\n  File \"/tmp/tmptkv9y3qm.py\", line 16, in <module>\n    test_check()\n  File \"/tmp/tmptkv9y3qm.py\", line 14, in test_check\n    check(text_starta_endb)\n  File \"/tmp/tmptkv9y3qm.py\", line 9, in check\n    assert candidate('aabbbb') == True\n  File \"/tmp/tmptkv9y3qm.py\", line 5, in text_starta_endb\n    return re.match(r\".*a.*b$\", text) is not None\nNameError: name 're' is not defined\n",
      "exit_code": 1,
      "status": "Exception"
    },
    {
      "program": "def text_starta_endb(text: str) -> bool:\n    \"\"\"\n\tWrite a function that matches a string that has an 'a' followed by anything, ending in 'b'.\n\t\"\"\"\n    return bool(re.match(r'a.*b$', text))\n\n\ndef check(candidate):\n    assert candidate('aabbbb') == True\n    assert candidate('aabAbbbc') == False\n    assert candidate('accddbbjjj') == False\n\ndef test_check():\n    check(text_starta_endb)\n\ntest_check()\n",
      "timestamp": 1665510124,
      "stdout": "",
      "stderr": "Traceback (most recent call last):\n  File \"/tmp/tmpynlpwku6.py\", line 16, in <module>\n    test_check()\n  File \"/tmp/tmpynlpwku6.py\", line 14, in test_check\n    check(text_starta_endb)\n  File \"/tmp/tmpynlpwku6.py\", line 9, in check\n    assert candidate('aabbbb') == True\n  File \"/tmp/tmpynlpwku6.py\", line 5, in text_starta_endb\n    return bool(re.match(r'a.*b$', text))\nNameError: name 're' is not defined\n",
      "exit_code": 1,
      "status": "Exception"
    },
    {
      "program": "def text_starta_endb(text: str) -> bool:\n    \"\"\"\n\tWrite a function that matches a string that has an 'a' followed by anything, ending in 'b'.\n\t\"\"\"\n    return bool(re.match(r\"^a.*b$\", text))\n\n\ndef check(candidate):\n    assert candidate('aabbbb') == True\n    assert candidate('aabAbbbc') == False\n    assert candidate('accddbbjjj') == False\n\ndef test_check():\n    check(text_starta_endb)\n\ntest_check()\n",
      "timestamp": 1665510124,
      "stdout": "",
      "stderr": "Traceback (most recent call last):\n  File \"/tmp/tmpy7ykc0r8.py\", line 16, in <module>\n    test_check()\n  File \"/tmp/tmpy7ykc0r8.py\", line 14, in test_check\n    check(text_starta_endb)\n  File \"/tmp/tmpy7ykc0r8.py\", line 9, in check\n    assert candidate('aabbbb') == True\n  File \"/tmp/tmpy7ykc0r8.py\", line 5, in text_starta_endb\n    return bool(re.match(r\"^a.*b$\", text))\nNameError: name 're' is not defined\n",
      "exit_code": 1,
      "status": "Exception"
    },
    {
      "program": "def text_starta_endb(text: str) -> bool:\n    \"\"\"\n\tWrite a function that matches a string that has an 'a' followed by anything, ending in 'b'.\n\t\"\"\"\n    return re.search(r\"a.*b\", text) is not None\n\n\ndef check(candidate):\n    assert candidate('aabbbb') == True\n    assert candidate('aabAbbbc') == False\n    assert candidate('accddbbjjj') == False\n\ndef test_check():\n    check(text_starta_endb)\n\ntest_check()\n",
      "timestamp": 1665510124,
      "stdout": "",
      "stderr": "Traceback (most recent call last):\n  File \"/tmp/tmplj0agnoi.py\", line 16, in <module>\n    test_check()\n  File \"/tmp/tmplj0agnoi.py\", line 14, in test_check\n    check(text_starta_endb)\n  File \"/tmp/tmplj0agnoi.py\", line 9, in check\n    assert candidate('aabbbb') == True\n  File \"/tmp/tmplj0agnoi.py\", line 5, in text_starta_endb\n    return re.search(r\"a.*b\", text) is not None\nNameError: name 're' is not defined\n",
      "exit_code": 1,
      "status": "Exception"
    },
    {
      "program": "def text_starta_endb(text: str) -> bool:\n    \"\"\"\n\tWrite a function that matches a string that has an 'a' followed by anything, ending in 'b'.\n\t\"\"\"\n    return bool(re.match(r\"a.*b$\", text))\n\n\ndef check(candidate):\n    assert candidate('aabbbb') == True\n    assert candidate('aabAbbbc') == False\n    assert candidate('accddbbjjj') == False\n\ndef test_check():\n    check(text_starta_endb)\n\ntest_check()\n",
      "timestamp": 1665510124,
      "stdout": "",
      "stderr": "Traceback (most recent call last):\n  File \"/tmp/tmpl1laon6c.py\", line 16, in <module>\n    test_check()\n  File \"/tmp/tmpl1laon6c.py\", line 14, in test_check\n    check(text_starta_endb)\n  File \"/tmp/tmpl1laon6c.py\", line 9, in check\n    assert candidate('aabbbb') == True\n  File \"/tmp/tmpl1laon6c.py\", line 5, in text_starta_endb\n    return bool(re.match(r\"a.*b$\", text))\nNameError: name 're' is not defined\n",
      "exit_code": 1,
      "status": "Exception"
    },
    {
      "program": "def text_starta_endb(text: str) -> bool:\n    \"\"\"\n\tWrite a function that matches a string that has an 'a' followed by anything, ending in 'b'.\n\t\"\"\"\n    return re.match(r'a.*b$', text) is not None\n\n\ndef check(candidate):\n    assert candidate('aabbbb') == True\n    assert candidate('aabAbbbc') == False\n    assert candidate('accddbbjjj') == False\n\ndef test_check():\n    check(text_starta_endb)\n\ntest_check()\n",
      "timestamp": 1666122914,
      "stdout": "",
      "stderr": "Traceback (most recent call last):\n  File \"/tmp/tmpzyawhrkf.py\", line 16, in <module>\n    test_check()\n  File \"/tmp/tmpzyawhrkf.py\", line 14, in test_check\n    check(text_starta_endb)\n  File \"/tmp/tmpzyawhrkf.py\", line 9, in check\n    assert candidate('aabbbb') == True\n  File \"/tmp/tmpzyawhrkf.py\", line 5, in text_starta_endb\n    return re.match(r'a.*b$', text) is not None\nNameError: name 're' is not defined\n",
      "exit_code": 1,
      "status": "Exception"
    },
    {
      "program": "def text_starta_endb(text: str) -> bool:\n    \"\"\"\n\tWrite a function that matches a string that has an 'a' followed by anything, ending in 'b'.\n\t\"\"\"\n    return re.search(r\"a.*b$\", text) is not None\n\n\ndef check(candidate):\n    assert candidate('aabbbb') == True\n    assert candidate('aabAbbbc') == False\n    assert candidate('accddbbjjj') == False\n\ndef test_check():\n    check(text_starta_endb)\n\ntest_check()\n",
      "timestamp": 1665510124,
      "stdout": "",
      "stderr": "Traceback (most recent call last):\n  File \"/tmp/tmppmkuwaqc.py\", line 16, in <module>\n    test_check()\n  File \"/tmp/tmppmkuwaqc.py\", line 14, in test_check\n    check(text_starta_endb)\n  File \"/tmp/tmppmkuwaqc.py\", line 9, in check\n    assert candidate('aabbbb') == True\n  File \"/tmp/tmppmkuwaqc.py\", line 5, in text_starta_endb\n    return re.search(r\"a.*b$\", text) is not None\nNameError: name 're' is not defined\n",
      "exit_code": 1,
      "status": "Exception"
    },
    {
      "program": "def text_starta_endb(text: str) -> bool:\n    \"\"\"\n\tWrite a function that matches a string that has an 'a' followed by anything, ending in 'b'.\n\t\"\"\"\n    return bool(re.match(r\"a.*b$\", text))\n\n\ndef check(candidate):\n    assert candidate('aabbbb') == True\n    assert candidate('aabAbbbc') == False\n    assert candidate('accddbbjjj') == False\n\ndef test_check():\n    check(text_starta_endb)\n\ntest_check()\n",
      "timestamp": 1665510124,
      "stdout": "",
      "stderr": "Traceback (most recent call last):\n  File \"/tmp/tmpl1laon6c.py\", line 16, in <module>\n    test_check()\n  File \"/tmp/tmpl1laon6c.py\", line 14, in test_check\n    check(text_starta_endb)\n  File \"/tmp/tmpl1laon6c.py\", line 9, in check\n    assert candidate('aabbbb') == True\n  File \"/tmp/tmpl1laon6c.py\", line 5, in text_starta_endb\n    return bool(re.match(r\"a.*b$\", text))\nNameError: name 're' is not defined\n",
      "exit_code": 1,
      "status": "Exception"
    },
    {
      "program": "def text_starta_endb(text: str) -> bool:\n    \"\"\"\n\tWrite a function that matches a string that has an 'a' followed by anything, ending in 'b'.\n\t\"\"\"\n    return bool(re.match(r\"a.*b$\", text))\n\n\ndef check(candidate):\n    assert candidate('aabbbb') == True\n    assert candidate('aabAbbbc') == False\n    assert candidate('accddbbjjj') == False\n\ndef test_check():\n    check(text_starta_endb)\n\ntest_check()\n",
      "timestamp": 1665510124,
      "stdout": "",
      "stderr": "Traceback (most recent call last):\n  File \"/tmp/tmpl1laon6c.py\", line 16, in <module>\n    test_check()\n  File \"/tmp/tmpl1laon6c.py\", line 14, in test_check\n    check(text_starta_endb)\n  File \"/tmp/tmpl1laon6c.py\", line 9, in check\n    assert candidate('aabbbb') == True\n  File \"/tmp/tmpl1laon6c.py\", line 5, in text_starta_endb\n    return bool(re.match(r\"a.*b$\", text))\nNameError: name 're' is not defined\n",
      "exit_code": 1,
      "status": "Exception"
    },
    {
      "program": "def text_starta_endb(text: str) -> bool:\n    \"\"\"\n\tWrite a function that matches a string that has an 'a' followed by anything, ending in 'b'.\n\t\"\"\"\n    return bool(re.match(r\"a.*b$\", text))\n\n\ndef check(candidate):\n    assert candidate('aabbbb') == True\n    assert candidate('aabAbbbc') == False\n    assert candidate('accddbbjjj') == False\n\ndef test_check():\n    check(text_starta_endb)\n\ntest_check()\n",
      "timestamp": 1665510124,
      "stdout": "",
      "stderr": "Traceback (most recent call last):\n  File \"/tmp/tmpl1laon6c.py\", line 16, in <module>\n    test_check()\n  File \"/tmp/tmpl1laon6c.py\", line 14, in test_check\n    check(text_starta_endb)\n  File \"/tmp/tmpl1laon6c.py\", line 9, in check\n    assert candidate('aabbbb') == True\n  File \"/tmp/tmpl1laon6c.py\", line 5, in text_starta_endb\n    return bool(re.match(r\"a.*b$\", text))\nNameError: name 're' is not defined\n",
      "exit_code": 1,
      "status": "Exception"
    },
    {
      "program": "def text_starta_endb(text: str) -> bool:\n    \"\"\"\n\tWrite a function that matches a string that has an 'a' followed by anything, ending in 'b'.\n\t\"\"\"\n    return bool(re.match(r\"a.*b$\", text))\n\n\ndef check(candidate):\n    assert candidate('aabbbb') == True\n    assert candidate('aabAbbbc') == False\n    assert candidate('accddbbjjj') == False\n\ndef test_check():\n    check(text_starta_endb)\n\ntest_check()\n",
      "timestamp": 1665510124,
      "stdout": "",
      "stderr": "Traceback (most recent call last):\n  File \"/tmp/tmpl1laon6c.py\", line 16, in <module>\n    test_check()\n  File \"/tmp/tmpl1laon6c.py\", line 14, in test_check\n    check(text_starta_endb)\n  File \"/tmp/tmpl1laon6c.py\", line 9, in check\n    assert candidate('aabbbb') == True\n  File \"/tmp/tmpl1laon6c.py\", line 5, in text_starta_endb\n    return bool(re.match(r\"a.*b$\", text))\nNameError: name 're' is not defined\n",
      "exit_code": 1,
      "status": "Exception"
    },
    {
      "program": "def text_starta_endb(text: str) -> bool:\n    \"\"\"\n\tWrite a function that matches a string that has an 'a' followed by anything, ending in 'b'.\n\t\"\"\"\n    return bool(re.match(r'^a.*b$', text))\n\n\ndef check(candidate):\n    assert candidate('aabbbb') == True\n    assert candidate('aabAbbbc') == False\n    assert candidate('accddbbjjj') == False\n\ndef test_check():\n    check(text_starta_endb)\n\ntest_check()\n",
      "timestamp": 1665510124,
      "stdout": "",
      "stderr": "Traceback (most recent call last):\n  File \"/tmp/tmp8juc6f0f.py\", line 16, in <module>\n    test_check()\n  File \"/tmp/tmp8juc6f0f.py\", line 14, in test_check\n    check(text_starta_endb)\n  File \"/tmp/tmp8juc6f0f.py\", line 9, in check\n    assert candidate('aabbbb') == True\n  File \"/tmp/tmp8juc6f0f.py\", line 5, in text_starta_endb\n    return bool(re.match(r'^a.*b$', text))\nNameError: name 're' is not defined\n",
      "exit_code": 1,
      "status": "Exception"
    },
    {
      "program": "def text_starta_endb(text: str) -> bool:\n    \"\"\"\n\tWrite a function that matches a string that has an 'a' followed by anything, ending in 'b'.\n\t\"\"\"\n    return bool(re.match(r'a.*b$', text))\n\n\ndef check(candidate):\n    assert candidate('aabbbb') == True\n    assert candidate('aabAbbbc') == False\n    assert candidate('accddbbjjj') == False\n\ndef test_check():\n    check(text_starta_endb)\n\ntest_check()\n",
      "timestamp": 1665510124,
      "stdout": "",
      "stderr": "Traceback (most recent call last):\n  File \"/tmp/tmpynlpwku6.py\", line 16, in <module>\n    test_check()\n  File \"/tmp/tmpynlpwku6.py\", line 14, in test_check\n    check(text_starta_endb)\n  File \"/tmp/tmpynlpwku6.py\", line 9, in check\n    assert candidate('aabbbb') == True\n  File \"/tmp/tmpynlpwku6.py\", line 5, in text_starta_endb\n    return bool(re.match(r'a.*b$', text))\nNameError: name 're' is not defined\n",
      "exit_code": 1,
      "status": "Exception"
    },
    {
      "program": "def text_starta_endb(text: str) -> bool:\n    \"\"\"\n\tWrite a function that matches a string that has an 'a' followed by anything, ending in 'b'.\n\t\"\"\"\n    return bool(re.match(r\"a.*b$\", text))\n\n\ndef check(candidate):\n    assert candidate('aabbbb') == True\n    assert candidate('aabAbbbc') == False\n    assert candidate('accddbbjjj') == False\n\ndef test_check():\n    check(text_starta_endb)\n\ntest_check()\n",
      "timestamp": 1665510124,
      "stdout": "",
      "stderr": "Traceback (most recent call last):\n  File \"/tmp/tmpl1laon6c.py\", line 16, in <module>\n    test_check()\n  File \"/tmp/tmpl1laon6c.py\", line 14, in test_check\n    check(text_starta_endb)\n  File \"/tmp/tmpl1laon6c.py\", line 9, in check\n    assert candidate('aabbbb') == True\n  File \"/tmp/tmpl1laon6c.py\", line 5, in text_starta_endb\n    return bool(re.match(r\"a.*b$\", text))\nNameError: name 're' is not defined\n",
      "exit_code": 1,
      "status": "Exception"
    },
    {
      "program": "def text_starta_endb(text: str) -> bool:\n    \"\"\"\n\tWrite a function that matches a string that has an 'a' followed by anything, ending in 'b'.\n\t\"\"\"\n    return bool(re.match(r\"a.*b$\", text))\n\n\ndef check(candidate):\n    assert candidate('aabbbb') == True\n    assert candidate('aabAbbbc') == False\n    assert candidate('accddbbjjj') == False\n\ndef test_check():\n    check(text_starta_endb)\n\ntest_check()\n",
      "timestamp": 1665510124,
      "stdout": "",
      "stderr": "Traceback (most recent call last):\n  File \"/tmp/tmpl1laon6c.py\", line 16, in <module>\n    test_check()\n  File \"/tmp/tmpl1laon6c.py\", line 14, in test_check\n    check(text_starta_endb)\n  File \"/tmp/tmpl1laon6c.py\", line 9, in check\n    assert candidate('aabbbb') == True\n  File \"/tmp/tmpl1laon6c.py\", line 5, in text_starta_endb\n    return bool(re.match(r\"a.*b$\", text))\nNameError: name 're' is not defined\n",
      "exit_code": 1,
      "status": "Exception"
    },
    {
      "program": "def text_starta_endb(text: str) -> bool:\n    \"\"\"\n\tWrite a function that matches a string that has an 'a' followed by anything, ending in 'b'.\n\t\"\"\"\n    return bool(re.match(r'a.*b$', text))\n\n\ndef check(candidate):\n    assert candidate('aabbbb') == True\n    assert candidate('aabAbbbc') == False\n    assert candidate('accddbbjjj') == False\n\ndef test_check():\n    check(text_starta_endb)\n\ntest_check()\n",
      "timestamp": 1665510124,
      "stdout": "",
      "stderr": "Traceback (most recent call last):\n  File \"/tmp/tmpynlpwku6.py\", line 16, in <module>\n    test_check()\n  File \"/tmp/tmpynlpwku6.py\", line 14, in test_check\n    check(text_starta_endb)\n  File \"/tmp/tmpynlpwku6.py\", line 9, in check\n    assert candidate('aabbbb') == True\n  File \"/tmp/tmpynlpwku6.py\", line 5, in text_starta_endb\n    return bool(re.match(r'a.*b$', text))\nNameError: name 're' is not defined\n",
      "exit_code": 1,
      "status": "Exception"
    },
    {
      "program": "def text_starta_endb(text: str) -> bool:\n    \"\"\"\n\tWrite a function that matches a string that has an 'a' followed by anything, ending in 'b'.\n\t\"\"\"\n    return bool(re.match(r'a.*b$', text))\n\n\ndef check(candidate):\n    assert candidate('aabbbb') == True\n    assert candidate('aabAbbbc') == False\n    assert candidate('accddbbjjj') == False\n\ndef test_check():\n    check(text_starta_endb)\n\ntest_check()\n",
      "timestamp": 1665510124,
      "stdout": "",
      "stderr": "Traceback (most recent call last):\n  File \"/tmp/tmpynlpwku6.py\", line 16, in <module>\n    test_check()\n  File \"/tmp/tmpynlpwku6.py\", line 14, in test_check\n    check(text_starta_endb)\n  File \"/tmp/tmpynlpwku6.py\", line 9, in check\n    assert candidate('aabbbb') == True\n  File \"/tmp/tmpynlpwku6.py\", line 5, in text_starta_endb\n    return bool(re.match(r'a.*b$', text))\nNameError: name 're' is not defined\n",
      "exit_code": 1,
      "status": "Exception"
    },
    {
      "program": "def text_starta_endb(text: str) -> bool:\n    \"\"\"\n\tWrite a function that matches a string that has an 'a' followed by anything, ending in 'b'.\n\t\"\"\"\n    return re.search(r\"a.*b\", text) is not None\n\n\ndef check(candidate):\n    assert candidate('aabbbb') == True\n    assert candidate('aabAbbbc') == False\n    assert candidate('accddbbjjj') == False\n\ndef test_check():\n    check(text_starta_endb)\n\ntest_check()\n",
      "timestamp": 1665510124,
      "stdout": "",
      "stderr": "Traceback (most recent call last):\n  File \"/tmp/tmplj0agnoi.py\", line 16, in <module>\n    test_check()\n  File \"/tmp/tmplj0agnoi.py\", line 14, in test_check\n    check(text_starta_endb)\n  File \"/tmp/tmplj0agnoi.py\", line 9, in check\n    assert candidate('aabbbb') == True\n  File \"/tmp/tmplj0agnoi.py\", line 5, in text_starta_endb\n    return re.search(r\"a.*b\", text) is not None\nNameError: name 're' is not defined\n",
      "exit_code": 1,
      "status": "Exception"
    },
    {
      "program": "def text_starta_endb(text: str) -> bool:\n    \"\"\"\n\tWrite a function that matches a string that has an 'a' followed by anything, ending in 'b'.\n\t\"\"\"\n    return bool(re.match(r'a.*b$', text))\n\n\ndef check(candidate):\n    assert candidate('aabbbb') == True\n    assert candidate('aabAbbbc') == False\n    assert candidate('accddbbjjj') == False\n\ndef test_check():\n    check(text_starta_endb)\n\ntest_check()\n",
      "timestamp": 1665510124,
      "stdout": "",
      "stderr": "Traceback (most recent call last):\n  File \"/tmp/tmpynlpwku6.py\", line 16, in <module>\n    test_check()\n  File \"/tmp/tmpynlpwku6.py\", line 14, in test_check\n    check(text_starta_endb)\n  File \"/tmp/tmpynlpwku6.py\", line 9, in check\n    assert candidate('aabbbb') == True\n  File \"/tmp/tmpynlpwku6.py\", line 5, in text_starta_endb\n    return bool(re.match(r'a.*b$', text))\nNameError: name 're' is not defined\n",
      "exit_code": 1,
      "status": "Exception"
    },
    {
      "program": "def text_starta_endb(text: str) -> bool:\n    \"\"\"\n\tWrite a function that matches a string that has an 'a' followed by anything, ending in 'b'.\n\t\"\"\"\n    return bool(re.match(r\"a.*b$\", text))\n\n\ndef check(candidate):\n    assert candidate('aabbbb') == True\n    assert candidate('aabAbbbc') == False\n    assert candidate('accddbbjjj') == False\n\ndef test_check():\n    check(text_starta_endb)\n\ntest_check()\n",
      "timestamp": 1665510124,
      "stdout": "",
      "stderr": "Traceback (most recent call last):\n  File \"/tmp/tmpl1laon6c.py\", line 16, in <module>\n    test_check()\n  File \"/tmp/tmpl1laon6c.py\", line 14, in test_check\n    check(text_starta_endb)\n  File \"/tmp/tmpl1laon6c.py\", line 9, in check\n    assert candidate('aabbbb') == True\n  File \"/tmp/tmpl1laon6c.py\", line 5, in text_starta_endb\n    return bool(re.match(r\"a.*b$\", text))\nNameError: name 're' is not defined\n",
      "exit_code": 1,
      "status": "Exception"
    },
    {
      "program": "def text_starta_endb(text: str) -> bool:\n    \"\"\"\n\tWrite a function that matches a string that has an 'a' followed by anything, ending in 'b'.\n\t\"\"\"\n    return re.search(r\"a.*b$\", text) is not None\n\n\ndef check(candidate):\n    assert candidate('aabbbb') == True\n    assert candidate('aabAbbbc') == False\n    assert candidate('accddbbjjj') == False\n\ndef test_check():\n    check(text_starta_endb)\n\ntest_check()\n",
      "timestamp": 1665510124,
      "stdout": "",
      "stderr": "Traceback (most recent call last):\n  File \"/tmp/tmppmkuwaqc.py\", line 16, in <module>\n    test_check()\n  File \"/tmp/tmppmkuwaqc.py\", line 14, in test_check\n    check(text_starta_endb)\n  File \"/tmp/tmppmkuwaqc.py\", line 9, in check\n    assert candidate('aabbbb') == True\n  File \"/tmp/tmppmkuwaqc.py\", line 5, in text_starta_endb\n    return re.search(r\"a.*b$\", text) is not None\nNameError: name 're' is not defined\n",
      "exit_code": 1,
      "status": "Exception"
    },
    {
      "program": "def text_starta_endb(text: str) -> bool:\n    \"\"\"\n\tWrite a function that matches a string that has an 'a' followed by anything, ending in 'b'.\n\t\"\"\"\n    return re.search(r\"a.*b$\", text) is not None\n\n\ndef check(candidate):\n    assert candidate('aabbbb') == True\n    assert candidate('aabAbbbc') == False\n    assert candidate('accddbbjjj') == False\n\ndef test_check():\n    check(text_starta_endb)\n\ntest_check()\n",
      "timestamp": 1665510124,
      "stdout": "",
      "stderr": "Traceback (most recent call last):\n  File \"/tmp/tmppmkuwaqc.py\", line 16, in <module>\n    test_check()\n  File \"/tmp/tmppmkuwaqc.py\", line 14, in test_check\n    check(text_starta_endb)\n  File \"/tmp/tmppmkuwaqc.py\", line 9, in check\n    assert candidate('aabbbb') == True\n  File \"/tmp/tmppmkuwaqc.py\", line 5, in text_starta_endb\n    return re.search(r\"a.*b$\", text) is not None\nNameError: name 're' is not defined\n",
      "exit_code": 1,
      "status": "Exception"
    },
    {
      "program": "def text_starta_endb(text: str) -> bool:\n    \"\"\"\n\tWrite a function that matches a string that has an 'a' followed by anything, ending in 'b'.\n\t\"\"\"\n    return re.match(r'a.*b$', text) is not None\n\n\ndef check(candidate):\n    assert candidate('aabbbb') == True\n    assert candidate('aabAbbbc') == False\n    assert candidate('accddbbjjj') == False\n\ndef test_check():\n    check(text_starta_endb)\n\ntest_check()\n",
      "timestamp": 1666122914,
      "stdout": "",
      "stderr": "Traceback (most recent call last):\n  File \"/tmp/tmpzyawhrkf.py\", line 16, in <module>\n    test_check()\n  File \"/tmp/tmpzyawhrkf.py\", line 14, in test_check\n    check(text_starta_endb)\n  File \"/tmp/tmpzyawhrkf.py\", line 9, in check\n    assert candidate('aabbbb') == True\n  File \"/tmp/tmpzyawhrkf.py\", line 5, in text_starta_endb\n    return re.match(r'a.*b$', text) is not None\nNameError: name 're' is not defined\n",
      "exit_code": 1,
      "status": "Exception"
    },
    {
      "program": "def text_starta_endb(text: str) -> bool:\n    \"\"\"\n\tWrite a function that matches a string that has an 'a' followed by anything, ending in 'b'.\n\t\"\"\"\n    return bool(re.match(r\"a.*b$\", text))\n\n\ndef check(candidate):\n    assert candidate('aabbbb') == True\n    assert candidate('aabAbbbc') == False\n    assert candidate('accddbbjjj') == False\n\ndef test_check():\n    check(text_starta_endb)\n\ntest_check()\n",
      "timestamp": 1665510124,
      "stdout": "",
      "stderr": "Traceback (most recent call last):\n  File \"/tmp/tmpl1laon6c.py\", line 16, in <module>\n    test_check()\n  File \"/tmp/tmpl1laon6c.py\", line 14, in test_check\n    check(text_starta_endb)\n  File \"/tmp/tmpl1laon6c.py\", line 9, in check\n    assert candidate('aabbbb') == True\n  File \"/tmp/tmpl1laon6c.py\", line 5, in text_starta_endb\n    return bool(re.match(r\"a.*b$\", text))\nNameError: name 're' is not defined\n",
      "exit_code": 1,
      "status": "Exception"
    },
    {
      "program": "def text_starta_endb(text: str) -> bool:\n    \"\"\"\n\tWrite a function that matches a string that has an 'a' followed by anything, ending in 'b'.\n\t\"\"\"\n    return bool(re.match(r\"a.*b\", text))\n\n\ndef check(candidate):\n    assert candidate('aabbbb') == True\n    assert candidate('aabAbbbc') == False\n    assert candidate('accddbbjjj') == False\n\ndef test_check():\n    check(text_starta_endb)\n\ntest_check()\n",
      "timestamp": 1666122915,
      "stdout": "",
      "stderr": "Traceback (most recent call last):\n  File \"/tmp/tmpfc57xg6x.py\", line 16, in <module>\n    test_check()\n  File \"/tmp/tmpfc57xg6x.py\", line 14, in test_check\n    check(text_starta_endb)\n  File \"/tmp/tmpfc57xg6x.py\", line 9, in check\n    assert candidate('aabbbb') == True\n  File \"/tmp/tmpfc57xg6x.py\", line 5, in text_starta_endb\n    return bool(re.match(r\"a.*b\", text))\nNameError: name 're' is not defined\n",
      "exit_code": 1,
      "status": "Exception"
    },
    {
      "program": "def text_starta_endb(text: str) -> bool:\n    \"\"\"\n\tWrite a function that matches a string that has an 'a' followed by anything, ending in 'b'.\n\t\"\"\"\n    return bool(re.search(r\"a.*b$\", text))\n\n\ndef check(candidate):\n    assert candidate('aabbbb') == True\n    assert candidate('aabAbbbc') == False\n    assert candidate('accddbbjjj') == False\n\ndef test_check():\n    check(text_starta_endb)\n\ntest_check()\n",
      "timestamp": 1665510124,
      "stdout": "",
      "stderr": "Traceback (most recent call last):\n  File \"/tmp/tmp5i5yqgbt.py\", line 16, in <module>\n    test_check()\n  File \"/tmp/tmp5i5yqgbt.py\", line 14, in test_check\n    check(text_starta_endb)\n  File \"/tmp/tmp5i5yqgbt.py\", line 9, in check\n    assert candidate('aabbbb') == True\n  File \"/tmp/tmp5i5yqgbt.py\", line 5, in text_starta_endb\n    return bool(re.search(r\"a.*b$\", text))\nNameError: name 're' is not defined\n",
      "exit_code": 1,
      "status": "Exception"
    },
    {
      "program": "def text_starta_endb(text: str) -> bool:\n    \"\"\"\n\tWrite a function that matches a string that has an 'a' followed by anything, ending in 'b'.\n\t\"\"\"\n    return re.search(r\"a.*b$\", text) is not None\n\n\ndef check(candidate):\n    assert candidate('aabbbb') == True\n    assert candidate('aabAbbbc') == False\n    assert candidate('accddbbjjj') == False\n\ndef test_check():\n    check(text_starta_endb)\n\ntest_check()\n",
      "timestamp": 1665510124,
      "stdout": "",
      "stderr": "Traceback (most recent call last):\n  File \"/tmp/tmppmkuwaqc.py\", line 16, in <module>\n    test_check()\n  File \"/tmp/tmppmkuwaqc.py\", line 14, in test_check\n    check(text_starta_endb)\n  File \"/tmp/tmppmkuwaqc.py\", line 9, in check\n    assert candidate('aabbbb') == True\n  File \"/tmp/tmppmkuwaqc.py\", line 5, in text_starta_endb\n    return re.search(r\"a.*b$\", text) is not None\nNameError: name 're' is not defined\n",
      "exit_code": 1,
      "status": "Exception"
    },
    {
      "program": "def text_starta_endb(text: str) -> bool:\n    \"\"\"\n\tWrite a function that matches a string that has an 'a' followed by anything, ending in 'b'.\n\t\"\"\"\n    return bool(re.match(r'^a.*b$', text))\n\n\ndef check(candidate):\n    assert candidate('aabbbb') == True\n    assert candidate('aabAbbbc') == False\n    assert candidate('accddbbjjj') == False\n\ndef test_check():\n    check(text_starta_endb)\n\ntest_check()\n",
      "timestamp": 1665510124,
      "stdout": "",
      "stderr": "Traceback (most recent call last):\n  File \"/tmp/tmp8juc6f0f.py\", line 16, in <module>\n    test_check()\n  File \"/tmp/tmp8juc6f0f.py\", line 14, in test_check\n    check(text_starta_endb)\n  File \"/tmp/tmp8juc6f0f.py\", line 9, in check\n    assert candidate('aabbbb') == True\n  File \"/tmp/tmp8juc6f0f.py\", line 5, in text_starta_endb\n    return bool(re.match(r'^a.*b$', text))\nNameError: name 're' is not defined\n",
      "exit_code": 1,
      "status": "Exception"
    },
    {
      "program": "def text_starta_endb(text: str) -> bool:\n    \"\"\"\n\tWrite a function that matches a string that has an 'a' followed by anything, ending in 'b'.\n\t\"\"\"\n    return bool(re.match(r\"a.*b$\", text))\n\n\ndef check(candidate):\n    assert candidate('aabbbb') == True\n    assert candidate('aabAbbbc') == False\n    assert candidate('accddbbjjj') == False\n\ndef test_check():\n    check(text_starta_endb)\n\ntest_check()\n",
      "timestamp": 1665510124,
      "stdout": "",
      "stderr": "Traceback (most recent call last):\n  File \"/tmp/tmpl1laon6c.py\", line 16, in <module>\n    test_check()\n  File \"/tmp/tmpl1laon6c.py\", line 14, in test_check\n    check(text_starta_endb)\n  File \"/tmp/tmpl1laon6c.py\", line 9, in check\n    assert candidate('aabbbb') == True\n  File \"/tmp/tmpl1laon6c.py\", line 5, in text_starta_endb\n    return bool(re.match(r\"a.*b$\", text))\nNameError: name 're' is not defined\n",
      "exit_code": 1,
      "status": "Exception"
    },
    {
      "program": "def text_starta_endb(text: str) -> bool:\n    \"\"\"\n\tWrite a function that matches a string that has an 'a' followed by anything, ending in 'b'.\n\t\"\"\"\n    return bool(re.match(r\"a.*b$\", text))\n\n\ndef check(candidate):\n    assert candidate('aabbbb') == True\n    assert candidate('aabAbbbc') == False\n    assert candidate('accddbbjjj') == False\n\ndef test_check():\n    check(text_starta_endb)\n\ntest_check()\n",
      "timestamp": 1665510124,
      "stdout": "",
      "stderr": "Traceback (most recent call last):\n  File \"/tmp/tmpl1laon6c.py\", line 16, in <module>\n    test_check()\n  File \"/tmp/tmpl1laon6c.py\", line 14, in test_check\n    check(text_starta_endb)\n  File \"/tmp/tmpl1laon6c.py\", line 9, in check\n    assert candidate('aabbbb') == True\n  File \"/tmp/tmpl1laon6c.py\", line 5, in text_starta_endb\n    return bool(re.match(r\"a.*b$\", text))\nNameError: name 're' is not defined\n",
      "exit_code": 1,
      "status": "Exception"
    },
    {
      "program": "def text_starta_endb(text: str) -> bool:\n    \"\"\"\n\tWrite a function that matches a string that has an 'a' followed by anything, ending in 'b'.\n\t\"\"\"\n    return bool(re.match(r'a.*b$', text))\n\n\ndef check(candidate):\n    assert candidate('aabbbb') == True\n    assert candidate('aabAbbbc') == False\n    assert candidate('accddbbjjj') == False\n\ndef test_check():\n    check(text_starta_endb)\n\ntest_check()\n",
      "timestamp": 1665510124,
      "stdout": "",
      "stderr": "Traceback (most recent call last):\n  File \"/tmp/tmpynlpwku6.py\", line 16, in <module>\n    test_check()\n  File \"/tmp/tmpynlpwku6.py\", line 14, in test_check\n    check(text_starta_endb)\n  File \"/tmp/tmpynlpwku6.py\", line 9, in check\n    assert candidate('aabbbb') == True\n  File \"/tmp/tmpynlpwku6.py\", line 5, in text_starta_endb\n    return bool(re.match(r'a.*b$', text))\nNameError: name 're' is not defined\n",
      "exit_code": 1,
      "status": "Exception"
    },
    {
      "program": "def text_starta_endb(text: str) -> bool:\n    \"\"\"\n\tWrite a function that matches a string that has an 'a' followed by anything, ending in 'b'.\n\t\"\"\"\n    return bool(re.match(r\"a.*b$\", text))\n\n\ndef check(candidate):\n    assert candidate('aabbbb') == True\n    assert candidate('aabAbbbc') == False\n    assert candidate('accddbbjjj') == False\n\ndef test_check():\n    check(text_starta_endb)\n\ntest_check()\n",
      "timestamp": 1665510124,
      "stdout": "",
      "stderr": "Traceback (most recent call last):\n  File \"/tmp/tmpl1laon6c.py\", line 16, in <module>\n    test_check()\n  File \"/tmp/tmpl1laon6c.py\", line 14, in test_check\n    check(text_starta_endb)\n  File \"/tmp/tmpl1laon6c.py\", line 9, in check\n    assert candidate('aabbbb') == True\n  File \"/tmp/tmpl1laon6c.py\", line 5, in text_starta_endb\n    return bool(re.match(r\"a.*b$\", text))\nNameError: name 're' is not defined\n",
      "exit_code": 1,
      "status": "Exception"
    },
    {
      "program": "def text_starta_endb(text: str) -> bool:\n    \"\"\"\n\tWrite a function that matches a string that has an 'a' followed by anything, ending in 'b'.\n\t\"\"\"\n    return bool(re.match(r\"a.*b$\", text))\n\n\ndef check(candidate):\n    assert candidate('aabbbb') == True\n    assert candidate('aabAbbbc') == False\n    assert candidate('accddbbjjj') == False\n\ndef test_check():\n    check(text_starta_endb)\n\ntest_check()\n",
      "timestamp": 1665510124,
      "stdout": "",
      "stderr": "Traceback (most recent call last):\n  File \"/tmp/tmpl1laon6c.py\", line 16, in <module>\n    test_check()\n  File \"/tmp/tmpl1laon6c.py\", line 14, in test_check\n    check(text_starta_endb)\n  File \"/tmp/tmpl1laon6c.py\", line 9, in check\n    assert candidate('aabbbb') == True\n  File \"/tmp/tmpl1laon6c.py\", line 5, in text_starta_endb\n    return bool(re.match(r\"a.*b$\", text))\nNameError: name 're' is not defined\n",
      "exit_code": 1,
      "status": "Exception"
    },
    {
      "program": "def text_starta_endb(text: str) -> bool:\n    \"\"\"\n\tWrite a function that matches a string that has an 'a' followed by anything, ending in 'b'.\n\t\"\"\"\n    return re.match(r\"a.*b$\", text) is not None\n\n\ndef check(candidate):\n    assert candidate('aabbbb') == True\n    assert candidate('aabAbbbc') == False\n    assert candidate('accddbbjjj') == False\n\ndef test_check():\n    check(text_starta_endb)\n\ntest_check()\n",
      "timestamp": 1665510124,
      "stdout": "",
      "stderr": "Traceback (most recent call last):\n  File \"/tmp/tmpn7wvijdk.py\", line 16, in <module>\n    test_check()\n  File \"/tmp/tmpn7wvijdk.py\", line 14, in test_check\n    check(text_starta_endb)\n  File \"/tmp/tmpn7wvijdk.py\", line 9, in check\n    assert candidate('aabbbb') == True\n  File \"/tmp/tmpn7wvijdk.py\", line 5, in text_starta_endb\n    return re.match(r\"a.*b$\", text) is not None\nNameError: name 're' is not defined\n",
      "exit_code": 1,
      "status": "Exception"
    },
    {
      "program": "def text_starta_endb(text: str) -> bool:\n    \"\"\"\n\tWrite a function that matches a string that has an 'a' followed by anything, ending in 'b'.\n\t\"\"\"\n    return bool(re.match(r\"a.*b$\", text))\n\n\ndef check(candidate):\n    assert candidate('aabbbb') == True\n    assert candidate('aabAbbbc') == False\n    assert candidate('accddbbjjj') == False\n\ndef test_check():\n    check(text_starta_endb)\n\ntest_check()\n",
      "timestamp": 1665510124,
      "stdout": "",
      "stderr": "Traceback (most recent call last):\n  File \"/tmp/tmpl1laon6c.py\", line 16, in <module>\n    test_check()\n  File \"/tmp/tmpl1laon6c.py\", line 14, in test_check\n    check(text_starta_endb)\n  File \"/tmp/tmpl1laon6c.py\", line 9, in check\n    assert candidate('aabbbb') == True\n  File \"/tmp/tmpl1laon6c.py\", line 5, in text_starta_endb\n    return bool(re.match(r\"a.*b$\", text))\nNameError: name 're' is not defined\n",
      "exit_code": 1,
      "status": "Exception"
    },
    {
      "program": "def text_starta_endb(text: str) -> bool:\n    \"\"\"\n\tWrite a function that matches a string that has an 'a' followed by anything, ending in 'b'.\n\t\"\"\"\n    return bool(re.match(r\"a.*b$\", text))\n\n\ndef check(candidate):\n    assert candidate('aabbbb') == True\n    assert candidate('aabAbbbc') == False\n    assert candidate('accddbbjjj') == False\n\ndef test_check():\n    check(text_starta_endb)\n\ntest_check()\n",
      "timestamp": 1665510124,
      "stdout": "",
      "stderr": "Traceback (most recent call last):\n  File \"/tmp/tmpl1laon6c.py\", line 16, in <module>\n    test_check()\n  File \"/tmp/tmpl1laon6c.py\", line 14, in test_check\n    check(text_starta_endb)\n  File \"/tmp/tmpl1laon6c.py\", line 9, in check\n    assert candidate('aabbbb') == True\n  File \"/tmp/tmpl1laon6c.py\", line 5, in text_starta_endb\n    return bool(re.match(r\"a.*b$\", text))\nNameError: name 're' is not defined\n",
      "exit_code": 1,
      "status": "Exception"
    },
    {
      "program": "def text_starta_endb(text: str) -> bool:\n    \"\"\"\n\tWrite a function that matches a string that has an 'a' followed by anything, ending in 'b'.\n\t\"\"\"\n    return bool(re.match(r\"^a.*b$\", text))\n\n\ndef check(candidate):\n    assert candidate('aabbbb') == True\n    assert candidate('aabAbbbc') == False\n    assert candidate('accddbbjjj') == False\n\ndef test_check():\n    check(text_starta_endb)\n\ntest_check()\n",
      "timestamp": 1665510124,
      "stdout": "",
      "stderr": "Traceback (most recent call last):\n  File \"/tmp/tmpy7ykc0r8.py\", line 16, in <module>\n    test_check()\n  File \"/tmp/tmpy7ykc0r8.py\", line 14, in test_check\n    check(text_starta_endb)\n  File \"/tmp/tmpy7ykc0r8.py\", line 9, in check\n    assert candidate('aabbbb') == True\n  File \"/tmp/tmpy7ykc0r8.py\", line 5, in text_starta_endb\n    return bool(re.match(r\"^a.*b$\", text))\nNameError: name 're' is not defined\n",
      "exit_code": 1,
      "status": "Exception"
    },
    {
      "program": "def text_starta_endb(text: str) -> bool:\n    \"\"\"\n\tWrite a function that matches a string that has an 'a' followed by anything, ending in 'b'.\n\t\"\"\"\n    return bool(re.match(r\"a.*b$\", text))\n\n\ndef check(candidate):\n    assert candidate('aabbbb') == True\n    assert candidate('aabAbbbc') == False\n    assert candidate('accddbbjjj') == False\n\ndef test_check():\n    check(text_starta_endb)\n\ntest_check()\n",
      "timestamp": 1665510124,
      "stdout": "",
      "stderr": "Traceback (most recent call last):\n  File \"/tmp/tmpl1laon6c.py\", line 16, in <module>\n    test_check()\n  File \"/tmp/tmpl1laon6c.py\", line 14, in test_check\n    check(text_starta_endb)\n  File \"/tmp/tmpl1laon6c.py\", line 9, in check\n    assert candidate('aabbbb') == True\n  File \"/tmp/tmpl1laon6c.py\", line 5, in text_starta_endb\n    return bool(re.match(r\"a.*b$\", text))\nNameError: name 're' is not defined\n",
      "exit_code": 1,
      "status": "Exception"
    },
    {
      "program": "def text_starta_endb(text: str) -> bool:\n    \"\"\"\n\tWrite a function that matches a string that has an 'a' followed by anything, ending in 'b'.\n\t\"\"\"\n    return bool(re.search(r\"a.*b\", text))\n\n\ndef check(candidate):\n    assert candidate('aabbbb') == True\n    assert candidate('aabAbbbc') == False\n    assert candidate('accddbbjjj') == False\n\ndef test_check():\n    check(text_starta_endb)\n\ntest_check()\n",
      "timestamp": 1665510124,
      "stdout": "",
      "stderr": "Traceback (most recent call last):\n  File \"/tmp/tmpc4pq6u7v.py\", line 16, in <module>\n    test_check()\n  File \"/tmp/tmpc4pq6u7v.py\", line 14, in test_check\n    check(text_starta_endb)\n  File \"/tmp/tmpc4pq6u7v.py\", line 9, in check\n    assert candidate('aabbbb') == True\n  File \"/tmp/tmpc4pq6u7v.py\", line 5, in text_starta_endb\n    return bool(re.search(r\"a.*b\", text))\nNameError: name 're' is not defined\n",
      "exit_code": 1,
      "status": "Exception"
    },
    {
      "program": "def text_starta_endb(text: str) -> bool:\n    \"\"\"\n\tWrite a function that matches a string that has an 'a' followed by anything, ending in 'b'.\n\t\"\"\"\n    return bool(re.match(r'a.*b$', text))\n\n\ndef check(candidate):\n    assert candidate('aabbbb') == True\n    assert candidate('aabAbbbc') == False\n    assert candidate('accddbbjjj') == False\n\ndef test_check():\n    check(text_starta_endb)\n\ntest_check()\n",
      "timestamp": 1665510124,
      "stdout": "",
      "stderr": "Traceback (most recent call last):\n  File \"/tmp/tmpynlpwku6.py\", line 16, in <module>\n    test_check()\n  File \"/tmp/tmpynlpwku6.py\", line 14, in test_check\n    check(text_starta_endb)\n  File \"/tmp/tmpynlpwku6.py\", line 9, in check\n    assert candidate('aabbbb') == True\n  File \"/tmp/tmpynlpwku6.py\", line 5, in text_starta_endb\n    return bool(re.match(r'a.*b$', text))\nNameError: name 're' is not defined\n",
      "exit_code": 1,
      "status": "Exception"
    },
    {
      "program": "def text_starta_endb(text: str) -> bool:\n    \"\"\"\n\tWrite a function that matches a string that has an 'a' followed by anything, ending in 'b'.\n\t\"\"\"\n    pattern = re.compile(r\"a.*b\")\n    return pattern.match(text)\n\n\ndef check(candidate):\n    assert candidate('aabbbb') == True\n    assert candidate('aabAbbbc') == False\n    assert candidate('accddbbjjj') == False\n\ndef test_check():\n    check(text_starta_endb)\n\ntest_check()\n",
      "timestamp": 1666122915,
      "stdout": "",
      "stderr": "Traceback (most recent call last):\n  File \"/tmp/tmp4s475nh3.py\", line 17, in <module>\n    test_check()\n  File \"/tmp/tmp4s475nh3.py\", line 15, in test_check\n    check(text_starta_endb)\n  File \"/tmp/tmp4s475nh3.py\", line 10, in check\n    assert candidate('aabbbb') == True\n  File \"/tmp/tmp4s475nh3.py\", line 5, in text_starta_endb\n    pattern = re.compile(r\"a.*b\")\nNameError: name 're' is not defined\n",
      "exit_code": 1,
      "status": "Exception"
    },
    {
      "program": "def text_starta_endb(text: str) -> bool:\n    \"\"\"\n\tWrite a function that matches a string that has an 'a' followed by anything, ending in 'b'.\n\t\"\"\"\n    return re.search(r\"a.*b$\", text) is not None\n\n\ndef check(candidate):\n    assert candidate('aabbbb') == True\n    assert candidate('aabAbbbc') == False\n    assert candidate('accddbbjjj') == False\n\ndef test_check():\n    check(text_starta_endb)\n\ntest_check()\n",
      "timestamp": 1665510124,
      "stdout": "",
      "stderr": "Traceback (most recent call last):\n  File \"/tmp/tmppmkuwaqc.py\", line 16, in <module>\n    test_check()\n  File \"/tmp/tmppmkuwaqc.py\", line 14, in test_check\n    check(text_starta_endb)\n  File \"/tmp/tmppmkuwaqc.py\", line 9, in check\n    assert candidate('aabbbb') == True\n  File \"/tmp/tmppmkuwaqc.py\", line 5, in text_starta_endb\n    return re.search(r\"a.*b$\", text) is not None\nNameError: name 're' is not defined\n",
      "exit_code": 1,
      "status": "Exception"
    },
    {
      "program": "def text_starta_endb(text: str) -> bool:\n    \"\"\"\n\tWrite a function that matches a string that has an 'a' followed by anything, ending in 'b'.\n\t\"\"\"\n    return bool(re.match(r'^a.*b$', text))\n\n\ndef check(candidate):\n    assert candidate('aabbbb') == True\n    assert candidate('aabAbbbc') == False\n    assert candidate('accddbbjjj') == False\n\ndef test_check():\n    check(text_starta_endb)\n\ntest_check()\n",
      "timestamp": 1665510124,
      "stdout": "",
      "stderr": "Traceback (most recent call last):\n  File \"/tmp/tmp8juc6f0f.py\", line 16, in <module>\n    test_check()\n  File \"/tmp/tmp8juc6f0f.py\", line 14, in test_check\n    check(text_starta_endb)\n  File \"/tmp/tmp8juc6f0f.py\", line 9, in check\n    assert candidate('aabbbb') == True\n  File \"/tmp/tmp8juc6f0f.py\", line 5, in text_starta_endb\n    return bool(re.match(r'^a.*b$', text))\nNameError: name 're' is not defined\n",
      "exit_code": 1,
      "status": "Exception"
    },
    {
      "program": "def text_starta_endb(text: str) -> bool:\n    \"\"\"\n\tWrite a function that matches a string that has an 'a' followed by anything, ending in 'b'.\n\t\"\"\"\n    return bool(re.search(r\"a.*b\", text))\n\n\ndef check(candidate):\n    assert candidate('aabbbb') == True\n    assert candidate('aabAbbbc') == False\n    assert candidate('accddbbjjj') == False\n\ndef test_check():\n    check(text_starta_endb)\n\ntest_check()\n",
      "timestamp": 1665510124,
      "stdout": "",
      "stderr": "Traceback (most recent call last):\n  File \"/tmp/tmpc4pq6u7v.py\", line 16, in <module>\n    test_check()\n  File \"/tmp/tmpc4pq6u7v.py\", line 14, in test_check\n    check(text_starta_endb)\n  File \"/tmp/tmpc4pq6u7v.py\", line 9, in check\n    assert candidate('aabbbb') == True\n  File \"/tmp/tmpc4pq6u7v.py\", line 5, in text_starta_endb\n    return bool(re.search(r\"a.*b\", text))\nNameError: name 're' is not defined\n",
      "exit_code": 1,
      "status": "Exception"
    },
    {
      "program": "def text_starta_endb(text: str) -> bool:\n    \"\"\"\n\tWrite a function that matches a string that has an 'a' followed by anything, ending in 'b'.\n\t\"\"\"\n    return bool(re.match(r\"a.*b$\", text))\n\n\ndef check(candidate):\n    assert candidate('aabbbb') == True\n    assert candidate('aabAbbbc') == False\n    assert candidate('accddbbjjj') == False\n\ndef test_check():\n    check(text_starta_endb)\n\ntest_check()\n",
      "timestamp": 1665510124,
      "stdout": "",
      "stderr": "Traceback (most recent call last):\n  File \"/tmp/tmpl1laon6c.py\", line 16, in <module>\n    test_check()\n  File \"/tmp/tmpl1laon6c.py\", line 14, in test_check\n    check(text_starta_endb)\n  File \"/tmp/tmpl1laon6c.py\", line 9, in check\n    assert candidate('aabbbb') == True\n  File \"/tmp/tmpl1laon6c.py\", line 5, in text_starta_endb\n    return bool(re.match(r\"a.*b$\", text))\nNameError: name 're' is not defined\n",
      "exit_code": 1,
      "status": "Exception"
    },
    {
      "program": "def text_starta_endb(text: str) -> bool:\n    \"\"\"\n\tWrite a function that matches a string that has an 'a' followed by anything, ending in 'b'.\n\t\"\"\"\n    return bool(re.match(r\"a.+b$\", text))\n\n\ndef check(candidate):\n    assert candidate('aabbbb') == True\n    assert candidate('aabAbbbc') == False\n    assert candidate('accddbbjjj') == False\n\ndef test_check():\n    check(text_starta_endb)\n\ntest_check()\n",
      "timestamp": 1665510124,
      "stdout": "",
      "stderr": "Traceback (most recent call last):\n  File \"/tmp/tmp5nvuprzm.py\", line 16, in <module>\n    test_check()\n  File \"/tmp/tmp5nvuprzm.py\", line 14, in test_check\n    check(text_starta_endb)\n  File \"/tmp/tmp5nvuprzm.py\", line 9, in check\n    assert candidate('aabbbb') == True\n  File \"/tmp/tmp5nvuprzm.py\", line 5, in text_starta_endb\n    return bool(re.match(r\"a.+b$\", text))\nNameError: name 're' is not defined\n",
      "exit_code": 1,
      "status": "Exception"
    },
    {
      "program": "def text_starta_endb(text: str) -> bool:\n    \"\"\"\n\tWrite a function that matches a string that has an 'a' followed by anything, ending in 'b'.\n\t\"\"\"\n    return bool(re.match(r'a.*b$', text))\n\n\ndef check(candidate):\n    assert candidate('aabbbb') == True\n    assert candidate('aabAbbbc') == False\n    assert candidate('accddbbjjj') == False\n\ndef test_check():\n    check(text_starta_endb)\n\ntest_check()\n",
      "timestamp": 1665510124,
      "stdout": "",
      "stderr": "Traceback (most recent call last):\n  File \"/tmp/tmpynlpwku6.py\", line 16, in <module>\n    test_check()\n  File \"/tmp/tmpynlpwku6.py\", line 14, in test_check\n    check(text_starta_endb)\n  File \"/tmp/tmpynlpwku6.py\", line 9, in check\n    assert candidate('aabbbb') == True\n  File \"/tmp/tmpynlpwku6.py\", line 5, in text_starta_endb\n    return bool(re.match(r'a.*b$', text))\nNameError: name 're' is not defined\n",
      "exit_code": 1,
      "status": "Exception"
    },
    {
      "program": "def text_starta_endb(text: str) -> bool:\n    \"\"\"\n\tWrite a function that matches a string that has an 'a' followed by anything, ending in 'b'.\n\t\"\"\"\n    return re.match(r'a.*b$', text) is not None\n\n\ndef check(candidate):\n    assert candidate('aabbbb') == True\n    assert candidate('aabAbbbc') == False\n    assert candidate('accddbbjjj') == False\n\ndef test_check():\n    check(text_starta_endb)\n\ntest_check()\n",
      "timestamp": 1666122914,
      "stdout": "",
      "stderr": "Traceback (most recent call last):\n  File \"/tmp/tmpzyawhrkf.py\", line 16, in <module>\n    test_check()\n  File \"/tmp/tmpzyawhrkf.py\", line 14, in test_check\n    check(text_starta_endb)\n  File \"/tmp/tmpzyawhrkf.py\", line 9, in check\n    assert candidate('aabbbb') == True\n  File \"/tmp/tmpzyawhrkf.py\", line 5, in text_starta_endb\n    return re.match(r'a.*b$', text) is not None\nNameError: name 're' is not defined\n",
      "exit_code": 1,
      "status": "Exception"
    },
    {
      "program": "def text_starta_endb(text: str) -> bool:\n    \"\"\"\n\tWrite a function that matches a string that has an 'a' followed by anything, ending in 'b'.\n\t\"\"\"\n    return re.match(r'a.*b$', text) is not None\n\n\ndef check(candidate):\n    assert candidate('aabbbb') == True\n    assert candidate('aabAbbbc') == False\n    assert candidate('accddbbjjj') == False\n\ndef test_check():\n    check(text_starta_endb)\n\ntest_check()\n",
      "timestamp": 1666122914,
      "stdout": "",
      "stderr": "Traceback (most recent call last):\n  File \"/tmp/tmpzyawhrkf.py\", line 16, in <module>\n    test_check()\n  File \"/tmp/tmpzyawhrkf.py\", line 14, in test_check\n    check(text_starta_endb)\n  File \"/tmp/tmpzyawhrkf.py\", line 9, in check\n    assert candidate('aabbbb') == True\n  File \"/tmp/tmpzyawhrkf.py\", line 5, in text_starta_endb\n    return re.match(r'a.*b$', text) is not None\nNameError: name 're' is not defined\n",
      "exit_code": 1,
      "status": "Exception"
    },
    {
      "program": "def text_starta_endb(text: str) -> bool:\n    \"\"\"\n\tWrite a function that matches a string that has an 'a' followed by anything, ending in 'b'.\n\t\"\"\"\n    return bool(re.match(r\"a.*b$\", text))\n\n\ndef check(candidate):\n    assert candidate('aabbbb') == True\n    assert candidate('aabAbbbc') == False\n    assert candidate('accddbbjjj') == False\n\ndef test_check():\n    check(text_starta_endb)\n\ntest_check()\n",
      "timestamp": 1665510124,
      "stdout": "",
      "stderr": "Traceback (most recent call last):\n  File \"/tmp/tmpl1laon6c.py\", line 16, in <module>\n    test_check()\n  File \"/tmp/tmpl1laon6c.py\", line 14, in test_check\n    check(text_starta_endb)\n  File \"/tmp/tmpl1laon6c.py\", line 9, in check\n    assert candidate('aabbbb') == True\n  File \"/tmp/tmpl1laon6c.py\", line 5, in text_starta_endb\n    return bool(re.match(r\"a.*b$\", text))\nNameError: name 're' is not defined\n",
      "exit_code": 1,
      "status": "Exception"
    },
    {
      "program": "def text_starta_endb(text: str) -> bool:\n    \"\"\"\n\tWrite a function that matches a string that has an 'a' followed by anything, ending in 'b'.\n\t\"\"\"\n    return re.search(r\"a.*b$\", text) is not None\n\n\ndef check(candidate):\n    assert candidate('aabbbb') == True\n    assert candidate('aabAbbbc') == False\n    assert candidate('accddbbjjj') == False\n\ndef test_check():\n    check(text_starta_endb)\n\ntest_check()\n",
      "timestamp": 1665510124,
      "stdout": "",
      "stderr": "Traceback (most recent call last):\n  File \"/tmp/tmppmkuwaqc.py\", line 16, in <module>\n    test_check()\n  File \"/tmp/tmppmkuwaqc.py\", line 14, in test_check\n    check(text_starta_endb)\n  File \"/tmp/tmppmkuwaqc.py\", line 9, in check\n    assert candidate('aabbbb') == True\n  File \"/tmp/tmppmkuwaqc.py\", line 5, in text_starta_endb\n    return re.search(r\"a.*b$\", text) is not None\nNameError: name 're' is not defined\n",
      "exit_code": 1,
      "status": "Exception"
    },
    {
      "program": "def text_starta_endb(text: str) -> bool:\n    \"\"\"\n\tWrite a function that matches a string that has an 'a' followed by anything, ending in 'b'.\n\t\"\"\"\n    return bool(re.match(r\"a.*b$\", text))\n\n\ndef check(candidate):\n    assert candidate('aabbbb') == True\n    assert candidate('aabAbbbc') == False\n    assert candidate('accddbbjjj') == False\n\ndef test_check():\n    check(text_starta_endb)\n\ntest_check()\n",
      "timestamp": 1665510124,
      "stdout": "",
      "stderr": "Traceback (most recent call last):\n  File \"/tmp/tmpl1laon6c.py\", line 16, in <module>\n    test_check()\n  File \"/tmp/tmpl1laon6c.py\", line 14, in test_check\n    check(text_starta_endb)\n  File \"/tmp/tmpl1laon6c.py\", line 9, in check\n    assert candidate('aabbbb') == True\n  File \"/tmp/tmpl1laon6c.py\", line 5, in text_starta_endb\n    return bool(re.match(r\"a.*b$\", text))\nNameError: name 're' is not defined\n",
      "exit_code": 1,
      "status": "Exception"
    },
    {
      "program": "def text_starta_endb(text: str) -> bool:\n    \"\"\"\n\tWrite a function that matches a string that has an 'a' followed by anything, ending in 'b'.\n\t\"\"\"\n    return re.match(r\"a.*b$\", text) is not None\n\n\ndef check(candidate):\n    assert candidate('aabbbb') == True\n    assert candidate('aabAbbbc') == False\n    assert candidate('accddbbjjj') == False\n\ndef test_check():\n    check(text_starta_endb)\n\ntest_check()\n",
      "timestamp": 1665510124,
      "stdout": "",
      "stderr": "Traceback (most recent call last):\n  File \"/tmp/tmpn7wvijdk.py\", line 16, in <module>\n    test_check()\n  File \"/tmp/tmpn7wvijdk.py\", line 14, in test_check\n    check(text_starta_endb)\n  File \"/tmp/tmpn7wvijdk.py\", line 9, in check\n    assert candidate('aabbbb') == True\n  File \"/tmp/tmpn7wvijdk.py\", line 5, in text_starta_endb\n    return re.match(r\"a.*b$\", text) is not None\nNameError: name 're' is not defined\n",
      "exit_code": 1,
      "status": "Exception"
    },
    {
      "program": "def text_starta_endb(text: str) -> bool:\n    \"\"\"\n\tWrite a function that matches a string that has an 'a' followed by anything, ending in 'b'.\n\t\"\"\"\n    return re.search(r\"a.*b\", text) is not None\n\n\ndef check(candidate):\n    assert candidate('aabbbb') == True\n    assert candidate('aabAbbbc') == False\n    assert candidate('accddbbjjj') == False\n\ndef test_check():\n    check(text_starta_endb)\n\ntest_check()\n",
      "timestamp": 1665510124,
      "stdout": "",
      "stderr": "Traceback (most recent call last):\n  File \"/tmp/tmplj0agnoi.py\", line 16, in <module>\n    test_check()\n  File \"/tmp/tmplj0agnoi.py\", line 14, in test_check\n    check(text_starta_endb)\n  File \"/tmp/tmplj0agnoi.py\", line 9, in check\n    assert candidate('aabbbb') == True\n  File \"/tmp/tmplj0agnoi.py\", line 5, in text_starta_endb\n    return re.search(r\"a.*b\", text) is not None\nNameError: name 're' is not defined\n",
      "exit_code": 1,
      "status": "Exception"
    },
    {
      "program": "def text_starta_endb(text: str) -> bool:\n    \"\"\"\n\tWrite a function that matches a string that has an 'a' followed by anything, ending in 'b'.\n\t\"\"\"\n    return bool(re.match(r\"a.*b$\", text))\n\n\ndef check(candidate):\n    assert candidate('aabbbb') == True\n    assert candidate('aabAbbbc') == False\n    assert candidate('accddbbjjj') == False\n\ndef test_check():\n    check(text_starta_endb)\n\ntest_check()\n",
      "timestamp": 1665510124,
      "stdout": "",
      "stderr": "Traceback (most recent call last):\n  File \"/tmp/tmpl1laon6c.py\", line 16, in <module>\n    test_check()\n  File \"/tmp/tmpl1laon6c.py\", line 14, in test_check\n    check(text_starta_endb)\n  File \"/tmp/tmpl1laon6c.py\", line 9, in check\n    assert candidate('aabbbb') == True\n  File \"/tmp/tmpl1laon6c.py\", line 5, in text_starta_endb\n    return bool(re.match(r\"a.*b$\", text))\nNameError: name 're' is not defined\n",
      "exit_code": 1,
      "status": "Exception"
    },
    {
      "program": "def text_starta_endb(text: str) -> bool:\n    \"\"\"\n\tWrite a function that matches a string that has an 'a' followed by anything, ending in 'b'.\n\t\"\"\"\n    return bool(re.match(r\"a.*b$\", text))\n\n\ndef check(candidate):\n    assert candidate('aabbbb') == True\n    assert candidate('aabAbbbc') == False\n    assert candidate('accddbbjjj') == False\n\ndef test_check():\n    check(text_starta_endb)\n\ntest_check()\n",
      "timestamp": 1665510124,
      "stdout": "",
      "stderr": "Traceback (most recent call last):\n  File \"/tmp/tmpl1laon6c.py\", line 16, in <module>\n    test_check()\n  File \"/tmp/tmpl1laon6c.py\", line 14, in test_check\n    check(text_starta_endb)\n  File \"/tmp/tmpl1laon6c.py\", line 9, in check\n    assert candidate('aabbbb') == True\n  File \"/tmp/tmpl1laon6c.py\", line 5, in text_starta_endb\n    return bool(re.match(r\"a.*b$\", text))\nNameError: name 're' is not defined\n",
      "exit_code": 1,
      "status": "Exception"
    },
    {
      "program": "def text_starta_endb(text: str) -> bool:\n    \"\"\"\n\tWrite a function that matches a string that has an 'a' followed by anything, ending in 'b'.\n\t\"\"\"\n    return bool(re.match(r\"a.*b$\", text))\n\n\ndef check(candidate):\n    assert candidate('aabbbb') == True\n    assert candidate('aabAbbbc') == False\n    assert candidate('accddbbjjj') == False\n\ndef test_check():\n    check(text_starta_endb)\n\ntest_check()\n",
      "timestamp": 1665510124,
      "stdout": "",
      "stderr": "Traceback (most recent call last):\n  File \"/tmp/tmpl1laon6c.py\", line 16, in <module>\n    test_check()\n  File \"/tmp/tmpl1laon6c.py\", line 14, in test_check\n    check(text_starta_endb)\n  File \"/tmp/tmpl1laon6c.py\", line 9, in check\n    assert candidate('aabbbb') == True\n  File \"/tmp/tmpl1laon6c.py\", line 5, in text_starta_endb\n    return bool(re.match(r\"a.*b$\", text))\nNameError: name 're' is not defined\n",
      "exit_code": 1,
      "status": "Exception"
    },
    {
      "program": "def text_starta_endb(text: str) -> bool:\n    \"\"\"\n\tWrite a function that matches a string that has an 'a' followed by anything, ending in 'b'.\n\t\"\"\"\n    return bool(re.match(r\"a.*b$\", text))\n\n\ndef check(candidate):\n    assert candidate('aabbbb') == True\n    assert candidate('aabAbbbc') == False\n    assert candidate('accddbbjjj') == False\n\ndef test_check():\n    check(text_starta_endb)\n\ntest_check()\n",
      "timestamp": 1665510124,
      "stdout": "",
      "stderr": "Traceback (most recent call last):\n  File \"/tmp/tmpl1laon6c.py\", line 16, in <module>\n    test_check()\n  File \"/tmp/tmpl1laon6c.py\", line 14, in test_check\n    check(text_starta_endb)\n  File \"/tmp/tmpl1laon6c.py\", line 9, in check\n    assert candidate('aabbbb') == True\n  File \"/tmp/tmpl1laon6c.py\", line 5, in text_starta_endb\n    return bool(re.match(r\"a.*b$\", text))\nNameError: name 're' is not defined\n",
      "exit_code": 1,
      "status": "Exception"
    },
    {
      "program": "def text_starta_endb(text: str) -> bool:\n    \"\"\"\n\tWrite a function that matches a string that has an 'a' followed by anything, ending in 'b'.\n\t\"\"\"\n    return bool(re.match(r'a.*b', text))\n\n\ndef check(candidate):\n    assert candidate('aabbbb') == True\n    assert candidate('aabAbbbc') == False\n    assert candidate('accddbbjjj') == False\n\ndef test_check():\n    check(text_starta_endb)\n\ntest_check()\n",
      "timestamp": 1666122915,
      "stdout": "",
      "stderr": "Traceback (most recent call last):\n  File \"/tmp/tmpw2to51c1.py\", line 16, in <module>\n    test_check()\n  File \"/tmp/tmpw2to51c1.py\", line 14, in test_check\n    check(text_starta_endb)\n  File \"/tmp/tmpw2to51c1.py\", line 9, in check\n    assert candidate('aabbbb') == True\n  File \"/tmp/tmpw2to51c1.py\", line 5, in text_starta_endb\n    return bool(re.match(r'a.*b', text))\nNameError: name 're' is not defined\n",
      "exit_code": 1,
      "status": "Exception"
    },
    {
      "program": "def text_starta_endb(text: str) -> bool:\n    \"\"\"\n\tWrite a function that matches a string that has an 'a' followed by anything, ending in 'b'.\n\t\"\"\"\n    return bool(re.match(r\"a.*b$\", text))\n\n\ndef check(candidate):\n    assert candidate('aabbbb') == True\n    assert candidate('aabAbbbc') == False\n    assert candidate('accddbbjjj') == False\n\ndef test_check():\n    check(text_starta_endb)\n\ntest_check()\n",
      "timestamp": 1665510124,
      "stdout": "",
      "stderr": "Traceback (most recent call last):\n  File \"/tmp/tmpl1laon6c.py\", line 16, in <module>\n    test_check()\n  File \"/tmp/tmpl1laon6c.py\", line 14, in test_check\n    check(text_starta_endb)\n  File \"/tmp/tmpl1laon6c.py\", line 9, in check\n    assert candidate('aabbbb') == True\n  File \"/tmp/tmpl1laon6c.py\", line 5, in text_starta_endb\n    return bool(re.match(r\"a.*b$\", text))\nNameError: name 're' is not defined\n",
      "exit_code": 1,
      "status": "Exception"
    },
    {
      "program": "def text_starta_endb(text: str) -> bool:\n    \"\"\"\n\tWrite a function that matches a string that has an 'a' followed by anything, ending in 'b'.\n\t\"\"\"\n    return bool(re.match(r'^a.*b$', text))\n\n\ndef check(candidate):\n    assert candidate('aabbbb') == True\n    assert candidate('aabAbbbc') == False\n    assert candidate('accddbbjjj') == False\n\ndef test_check():\n    check(text_starta_endb)\n\ntest_check()\n",
      "timestamp": 1665510124,
      "stdout": "",
      "stderr": "Traceback (most recent call last):\n  File \"/tmp/tmp8juc6f0f.py\", line 16, in <module>\n    test_check()\n  File \"/tmp/tmp8juc6f0f.py\", line 14, in test_check\n    check(text_starta_endb)\n  File \"/tmp/tmp8juc6f0f.py\", line 9, in check\n    assert candidate('aabbbb') == True\n  File \"/tmp/tmp8juc6f0f.py\", line 5, in text_starta_endb\n    return bool(re.match(r'^a.*b$', text))\nNameError: name 're' is not defined\n",
      "exit_code": 1,
      "status": "Exception"
    },
    {
      "program": "def text_starta_endb(text: str) -> bool:\n    \"\"\"\n\tWrite a function that matches a string that has an 'a' followed by anything, ending in 'b'.\n\t\"\"\"\n    return bool(re.match(r\"a.*b$\", text))\n\n\ndef check(candidate):\n    assert candidate('aabbbb') == True\n    assert candidate('aabAbbbc') == False\n    assert candidate('accddbbjjj') == False\n\ndef test_check():\n    check(text_starta_endb)\n\ntest_check()\n",
      "timestamp": 1665510124,
      "stdout": "",
      "stderr": "Traceback (most recent call last):\n  File \"/tmp/tmpl1laon6c.py\", line 16, in <module>\n    test_check()\n  File \"/tmp/tmpl1laon6c.py\", line 14, in test_check\n    check(text_starta_endb)\n  File \"/tmp/tmpl1laon6c.py\", line 9, in check\n    assert candidate('aabbbb') == True\n  File \"/tmp/tmpl1laon6c.py\", line 5, in text_starta_endb\n    return bool(re.match(r\"a.*b$\", text))\nNameError: name 're' is not defined\n",
      "exit_code": 1,
      "status": "Exception"
    },
    {
      "program": "def text_starta_endb(text: str) -> bool:\n    \"\"\"\n\tWrite a function that matches a string that has an 'a' followed by anything, ending in 'b'.\n\t\"\"\"\n    return bool(re.match(r\"a.*b$\", text))\n\n\ndef check(candidate):\n    assert candidate('aabbbb') == True\n    assert candidate('aabAbbbc') == False\n    assert candidate('accddbbjjj') == False\n\ndef test_check():\n    check(text_starta_endb)\n\ntest_check()\n",
      "timestamp": 1665510124,
      "stdout": "",
      "stderr": "Traceback (most recent call last):\n  File \"/tmp/tmpl1laon6c.py\", line 16, in <module>\n    test_check()\n  File \"/tmp/tmpl1laon6c.py\", line 14, in test_check\n    check(text_starta_endb)\n  File \"/tmp/tmpl1laon6c.py\", line 9, in check\n    assert candidate('aabbbb') == True\n  File \"/tmp/tmpl1laon6c.py\", line 5, in text_starta_endb\n    return bool(re.match(r\"a.*b$\", text))\nNameError: name 're' is not defined\n",
      "exit_code": 1,
      "status": "Exception"
    },
    {
      "program": "def text_starta_endb(text: str) -> bool:\n    \"\"\"\n\tWrite a function that matches a string that has an 'a' followed by anything, ending in 'b'.\n\t\"\"\"\n    return bool(re.match(r\"a.*b$\", text))\n\n\ndef check(candidate):\n    assert candidate('aabbbb') == True\n    assert candidate('aabAbbbc') == False\n    assert candidate('accddbbjjj') == False\n\ndef test_check():\n    check(text_starta_endb)\n\ntest_check()\n",
      "timestamp": 1665510124,
      "stdout": "",
      "stderr": "Traceback (most recent call last):\n  File \"/tmp/tmpl1laon6c.py\", line 16, in <module>\n    test_check()\n  File \"/tmp/tmpl1laon6c.py\", line 14, in test_check\n    check(text_starta_endb)\n  File \"/tmp/tmpl1laon6c.py\", line 9, in check\n    assert candidate('aabbbb') == True\n  File \"/tmp/tmpl1laon6c.py\", line 5, in text_starta_endb\n    return bool(re.match(r\"a.*b$\", text))\nNameError: name 're' is not defined\n",
      "exit_code": 1,
      "status": "Exception"
    },
    {
      "program": "def text_starta_endb(text: str) -> bool:\n    \"\"\"\n\tWrite a function that matches a string that has an 'a' followed by anything, ending in 'b'.\n\t\"\"\"\n    return re.match(r\"a.*b$\", text) is not None\n\n\ndef check(candidate):\n    assert candidate('aabbbb') == True\n    assert candidate('aabAbbbc') == False\n    assert candidate('accddbbjjj') == False\n\ndef test_check():\n    check(text_starta_endb)\n\ntest_check()\n",
      "timestamp": 1665510124,
      "stdout": "",
      "stderr": "Traceback (most recent call last):\n  File \"/tmp/tmpn7wvijdk.py\", line 16, in <module>\n    test_check()\n  File \"/tmp/tmpn7wvijdk.py\", line 14, in test_check\n    check(text_starta_endb)\n  File \"/tmp/tmpn7wvijdk.py\", line 9, in check\n    assert candidate('aabbbb') == True\n  File \"/tmp/tmpn7wvijdk.py\", line 5, in text_starta_endb\n    return re.match(r\"a.*b$\", text) is not None\nNameError: name 're' is not defined\n",
      "exit_code": 1,
      "status": "Exception"
    },
    {
      "program": "def text_starta_endb(text: str) -> bool:\n    \"\"\"\n\tWrite a function that matches a string that has an 'a' followed by anything, ending in 'b'.\n\t\"\"\"\n    return bool(re.match(r\"^a.*b$\", text))\n\n\ndef check(candidate):\n    assert candidate('aabbbb') == True\n    assert candidate('aabAbbbc') == False\n    assert candidate('accddbbjjj') == False\n\ndef test_check():\n    check(text_starta_endb)\n\ntest_check()\n",
      "timestamp": 1665510124,
      "stdout": "",
      "stderr": "Traceback (most recent call last):\n  File \"/tmp/tmpy7ykc0r8.py\", line 16, in <module>\n    test_check()\n  File \"/tmp/tmpy7ykc0r8.py\", line 14, in test_check\n    check(text_starta_endb)\n  File \"/tmp/tmpy7ykc0r8.py\", line 9, in check\n    assert candidate('aabbbb') == True\n  File \"/tmp/tmpy7ykc0r8.py\", line 5, in text_starta_endb\n    return bool(re.match(r\"^a.*b$\", text))\nNameError: name 're' is not defined\n",
      "exit_code": 1,
      "status": "Exception"
    },
    {
      "program": "def text_starta_endb(text: str) -> bool:\n    \"\"\"\n\tWrite a function that matches a string that has an 'a' followed by anything, ending in 'b'.\n\t\"\"\"\n    return bool(re.search(r'a.*b', text))\n\n\ndef check(candidate):\n    assert candidate('aabbbb') == True\n    assert candidate('aabAbbbc') == False\n    assert candidate('accddbbjjj') == False\n\ndef test_check():\n    check(text_starta_endb)\n\ntest_check()\n",
      "timestamp": 1665510124,
      "stdout": "",
      "stderr": "Traceback (most recent call last):\n  File \"/tmp/tmpx00eqi7v.py\", line 16, in <module>\n    test_check()\n  File \"/tmp/tmpx00eqi7v.py\", line 14, in test_check\n    check(text_starta_endb)\n  File \"/tmp/tmpx00eqi7v.py\", line 9, in check\n    assert candidate('aabbbb') == True\n  File \"/tmp/tmpx00eqi7v.py\", line 5, in text_starta_endb\n    return bool(re.search(r'a.*b', text))\nNameError: name 're' is not defined\n",
      "exit_code": 1,
      "status": "Exception"
    },
    {
      "program": "def text_starta_endb(text: str) -> bool:\n    \"\"\"\n\tWrite a function that matches a string that has an 'a' followed by anything, ending in 'b'.\n\t\"\"\"\n    return bool(re.match(r'a.*b$', text))\n\n\ndef check(candidate):\n    assert candidate('aabbbb') == True\n    assert candidate('aabAbbbc') == False\n    assert candidate('accddbbjjj') == False\n\ndef test_check():\n    check(text_starta_endb)\n\ntest_check()\n",
      "timestamp": 1665510124,
      "stdout": "",
      "stderr": "Traceback (most recent call last):\n  File \"/tmp/tmpynlpwku6.py\", line 16, in <module>\n    test_check()\n  File \"/tmp/tmpynlpwku6.py\", line 14, in test_check\n    check(text_starta_endb)\n  File \"/tmp/tmpynlpwku6.py\", line 9, in check\n    assert candidate('aabbbb') == True\n  File \"/tmp/tmpynlpwku6.py\", line 5, in text_starta_endb\n    return bool(re.match(r'a.*b$', text))\nNameError: name 're' is not defined\n",
      "exit_code": 1,
      "status": "Exception"
    },
    {
      "program": "def text_starta_endb(text: str) -> bool:\n    \"\"\"\n\tWrite a function that matches a string that has an 'a' followed by anything, ending in 'b'.\n\t\"\"\"\n    return bool(re.match(r\"a.*b$\", text))\n\n\ndef check(candidate):\n    assert candidate('aabbbb') == True\n    assert candidate('aabAbbbc') == False\n    assert candidate('accddbbjjj') == False\n\ndef test_check():\n    check(text_starta_endb)\n\ntest_check()\n",
      "timestamp": 1665510124,
      "stdout": "",
      "stderr": "Traceback (most recent call last):\n  File \"/tmp/tmpl1laon6c.py\", line 16, in <module>\n    test_check()\n  File \"/tmp/tmpl1laon6c.py\", line 14, in test_check\n    check(text_starta_endb)\n  File \"/tmp/tmpl1laon6c.py\", line 9, in check\n    assert candidate('aabbbb') == True\n  File \"/tmp/tmpl1laon6c.py\", line 5, in text_starta_endb\n    return bool(re.match(r\"a.*b$\", text))\nNameError: name 're' is not defined\n",
      "exit_code": 1,
      "status": "Exception"
    },
    {
      "program": "def text_starta_endb(text: str) -> bool:\n    \"\"\"\n\tWrite a function that matches a string that has an 'a' followed by anything, ending in 'b'.\n\t\"\"\"\n    return bool(re.match(r\"a.*b\", text))\n\n\ndef check(candidate):\n    assert candidate('aabbbb') == True\n    assert candidate('aabAbbbc') == False\n    assert candidate('accddbbjjj') == False\n\ndef test_check():\n    check(text_starta_endb)\n\ntest_check()\n",
      "timestamp": 1666122915,
      "stdout": "",
      "stderr": "Traceback (most recent call last):\n  File \"/tmp/tmpfc57xg6x.py\", line 16, in <module>\n    test_check()\n  File \"/tmp/tmpfc57xg6x.py\", line 14, in test_check\n    check(text_starta_endb)\n  File \"/tmp/tmpfc57xg6x.py\", line 9, in check\n    assert candidate('aabbbb') == True\n  File \"/tmp/tmpfc57xg6x.py\", line 5, in text_starta_endb\n    return bool(re.match(r\"a.*b\", text))\nNameError: name 're' is not defined\n",
      "exit_code": 1,
      "status": "Exception"
    },
    {
      "program": "def text_starta_endb(text: str) -> bool:\n    \"\"\"\n\tWrite a function that matches a string that has an 'a' followed by anything, ending in 'b'.\n\t\"\"\"\n    return bool(re.match(r\"a.*b$\", text))\n\n\ndef check(candidate):\n    assert candidate('aabbbb') == True\n    assert candidate('aabAbbbc') == False\n    assert candidate('accddbbjjj') == False\n\ndef test_check():\n    check(text_starta_endb)\n\ntest_check()\n",
      "timestamp": 1665510124,
      "stdout": "",
      "stderr": "Traceback (most recent call last):\n  File \"/tmp/tmpl1laon6c.py\", line 16, in <module>\n    test_check()\n  File \"/tmp/tmpl1laon6c.py\", line 14, in test_check\n    check(text_starta_endb)\n  File \"/tmp/tmpl1laon6c.py\", line 9, in check\n    assert candidate('aabbbb') == True\n  File \"/tmp/tmpl1laon6c.py\", line 5, in text_starta_endb\n    return bool(re.match(r\"a.*b$\", text))\nNameError: name 're' is not defined\n",
      "exit_code": 1,
      "status": "Exception"
    },
    {
      "program": "def text_starta_endb(text: str) -> bool:\n    \"\"\"\n\tWrite a function that matches a string that has an 'a' followed by anything, ending in 'b'.\n\t\"\"\"\n    return bool(re.match(r'^a.*b$', text))\n\n\ndef check(candidate):\n    assert candidate('aabbbb') == True\n    assert candidate('aabAbbbc') == False\n    assert candidate('accddbbjjj') == False\n\ndef test_check():\n    check(text_starta_endb)\n\ntest_check()\n",
      "timestamp": 1665510124,
      "stdout": "",
      "stderr": "Traceback (most recent call last):\n  File \"/tmp/tmp8juc6f0f.py\", line 16, in <module>\n    test_check()\n  File \"/tmp/tmp8juc6f0f.py\", line 14, in test_check\n    check(text_starta_endb)\n  File \"/tmp/tmp8juc6f0f.py\", line 9, in check\n    assert candidate('aabbbb') == True\n  File \"/tmp/tmp8juc6f0f.py\", line 5, in text_starta_endb\n    return bool(re.match(r'^a.*b$', text))\nNameError: name 're' is not defined\n",
      "exit_code": 1,
      "status": "Exception"
    },
    {
      "program": "def text_starta_endb(text: str) -> bool:\n    \"\"\"\n\tWrite a function that matches a string that has an 'a' followed by anything, ending in 'b'.\n\t\"\"\"\n    return re.match(r\"a.*b$\", text) is not None\n\n\ndef check(candidate):\n    assert candidate('aabbbb') == True\n    assert candidate('aabAbbbc') == False\n    assert candidate('accddbbjjj') == False\n\ndef test_check():\n    check(text_starta_endb)\n\ntest_check()\n",
      "timestamp": 1665510124,
      "stdout": "",
      "stderr": "Traceback (most recent call last):\n  File \"/tmp/tmpn7wvijdk.py\", line 16, in <module>\n    test_check()\n  File \"/tmp/tmpn7wvijdk.py\", line 14, in test_check\n    check(text_starta_endb)\n  File \"/tmp/tmpn7wvijdk.py\", line 9, in check\n    assert candidate('aabbbb') == True\n  File \"/tmp/tmpn7wvijdk.py\", line 5, in text_starta_endb\n    return re.match(r\"a.*b$\", text) is not None\nNameError: name 're' is not defined\n",
      "exit_code": 1,
      "status": "Exception"
    },
    {
      "program": "def text_starta_endb(text: str) -> bool:\n    \"\"\"\n\tWrite a function that matches a string that has an 'a' followed by anything, ending in 'b'.\n\t\"\"\"\n    return bool(re.match(r\"a.*b$\", text))\n\n\ndef check(candidate):\n    assert candidate('aabbbb') == True\n    assert candidate('aabAbbbc') == False\n    assert candidate('accddbbjjj') == False\n\ndef test_check():\n    check(text_starta_endb)\n\ntest_check()\n",
      "timestamp": 1665510124,
      "stdout": "",
      "stderr": "Traceback (most recent call last):\n  File \"/tmp/tmpl1laon6c.py\", line 16, in <module>\n    test_check()\n  File \"/tmp/tmpl1laon6c.py\", line 14, in test_check\n    check(text_starta_endb)\n  File \"/tmp/tmpl1laon6c.py\", line 9, in check\n    assert candidate('aabbbb') == True\n  File \"/tmp/tmpl1laon6c.py\", line 5, in text_starta_endb\n    return bool(re.match(r\"a.*b$\", text))\nNameError: name 're' is not defined\n",
      "exit_code": 1,
      "status": "Exception"
    },
    {
      "program": "def text_starta_endb(text: str) -> bool:\n    \"\"\"\n\tWrite a function that matches a string that has an 'a' followed by anything, ending in 'b'.\n\t\"\"\"\n    return re.search(r\"a.*b$\", text) is not None\n\n\ndef check(candidate):\n    assert candidate('aabbbb') == True\n    assert candidate('aabAbbbc') == False\n    assert candidate('accddbbjjj') == False\n\ndef test_check():\n    check(text_starta_endb)\n\ntest_check()\n",
      "timestamp": 1665510124,
      "stdout": "",
      "stderr": "Traceback (most recent call last):\n  File \"/tmp/tmppmkuwaqc.py\", line 16, in <module>\n    test_check()\n  File \"/tmp/tmppmkuwaqc.py\", line 14, in test_check\n    check(text_starta_endb)\n  File \"/tmp/tmppmkuwaqc.py\", line 9, in check\n    assert candidate('aabbbb') == True\n  File \"/tmp/tmppmkuwaqc.py\", line 5, in text_starta_endb\n    return re.search(r\"a.*b$\", text) is not None\nNameError: name 're' is not defined\n",
      "exit_code": 1,
      "status": "Exception"
    },
    {
      "program": "def text_starta_endb(text: str) -> bool:\n    \"\"\"\n\tWrite a function that matches a string that has an 'a' followed by anything, ending in 'b'.\n\t\"\"\"\n    return bool(re.match(r\"a.*b$\", text))\n\n\ndef check(candidate):\n    assert candidate('aabbbb') == True\n    assert candidate('aabAbbbc') == False\n    assert candidate('accddbbjjj') == False\n\ndef test_check():\n    check(text_starta_endb)\n\ntest_check()\n",
      "timestamp": 1665510124,
      "stdout": "",
      "stderr": "Traceback (most recent call last):\n  File \"/tmp/tmpl1laon6c.py\", line 16, in <module>\n    test_check()\n  File \"/tmp/tmpl1laon6c.py\", line 14, in test_check\n    check(text_starta_endb)\n  File \"/tmp/tmpl1laon6c.py\", line 9, in check\n    assert candidate('aabbbb') == True\n  File \"/tmp/tmpl1laon6c.py\", line 5, in text_starta_endb\n    return bool(re.match(r\"a.*b$\", text))\nNameError: name 're' is not defined\n",
      "exit_code": 1,
      "status": "Exception"
    },
    {
      "program": "def text_starta_endb(text: str) -> bool:\n    \"\"\"\n\tWrite a function that matches a string that has an 'a' followed by anything, ending in 'b'.\n\t\"\"\"\n    return re.search(r\"a.+b\", text) is not None\n\n\ndef check(candidate):\n    assert candidate('aabbbb') == True\n    assert candidate('aabAbbbc') == False\n    assert candidate('accddbbjjj') == False\n\ndef test_check():\n    check(text_starta_endb)\n\ntest_check()\n",
      "timestamp": 1666122915,
      "stdout": "",
      "stderr": "Traceback (most recent call last):\n  File \"/tmp/tmp3pabyubf.py\", line 16, in <module>\n    test_check()\n  File \"/tmp/tmp3pabyubf.py\", line 14, in test_check\n    check(text_starta_endb)\n  File \"/tmp/tmp3pabyubf.py\", line 9, in check\n    assert candidate('aabbbb') == True\n  File \"/tmp/tmp3pabyubf.py\", line 5, in text_starta_endb\n    return re.search(r\"a.+b\", text) is not None\nNameError: name 're' is not defined\n",
      "exit_code": 1,
      "status": "Exception"
    },
    {
      "program": "def text_starta_endb(text: str) -> bool:\n    \"\"\"\n\tWrite a function that matches a string that has an 'a' followed by anything, ending in 'b'.\n\t\"\"\"\n    return bool(re.match(r'a.*b$', text))\n\n\ndef check(candidate):\n    assert candidate('aabbbb') == True\n    assert candidate('aabAbbbc') == False\n    assert candidate('accddbbjjj') == False\n\ndef test_check():\n    check(text_starta_endb)\n\ntest_check()\n",
      "timestamp": 1665510124,
      "stdout": "",
      "stderr": "Traceback (most recent call last):\n  File \"/tmp/tmpynlpwku6.py\", line 16, in <module>\n    test_check()\n  File \"/tmp/tmpynlpwku6.py\", line 14, in test_check\n    check(text_starta_endb)\n  File \"/tmp/tmpynlpwku6.py\", line 9, in check\n    assert candidate('aabbbb') == True\n  File \"/tmp/tmpynlpwku6.py\", line 5, in text_starta_endb\n    return bool(re.match(r'a.*b$', text))\nNameError: name 're' is not defined\n",
      "exit_code": 1,
      "status": "Exception"
    },
    {
      "program": "def text_starta_endb(text: str) -> bool:\n    \"\"\"\n\tWrite a function that matches a string that has an 'a' followed by anything, ending in 'b'.\n\t\"\"\"\n    return bool(re.match(r\"a.*b$\", text))\n\n\ndef check(candidate):\n    assert candidate('aabbbb') == True\n    assert candidate('aabAbbbc') == False\n    assert candidate('accddbbjjj') == False\n\ndef test_check():\n    check(text_starta_endb)\n\ntest_check()\n",
      "timestamp": 1665510124,
      "stdout": "",
      "stderr": "Traceback (most recent call last):\n  File \"/tmp/tmpl1laon6c.py\", line 16, in <module>\n    test_check()\n  File \"/tmp/tmpl1laon6c.py\", line 14, in test_check\n    check(text_starta_endb)\n  File \"/tmp/tmpl1laon6c.py\", line 9, in check\n    assert candidate('aabbbb') == True\n  File \"/tmp/tmpl1laon6c.py\", line 5, in text_starta_endb\n    return bool(re.match(r\"a.*b$\", text))\nNameError: name 're' is not defined\n",
      "exit_code": 1,
      "status": "Exception"
    },
    {
      "program": "def text_starta_endb(text: str) -> bool:\n    \"\"\"\n\tWrite a function that matches a string that has an 'a' followed by anything, ending in 'b'.\n\t\"\"\"\n    return bool(re.match(r\"a.*b$\", text))\n\n\ndef check(candidate):\n    assert candidate('aabbbb') == True\n    assert candidate('aabAbbbc') == False\n    assert candidate('accddbbjjj') == False\n\ndef test_check():\n    check(text_starta_endb)\n\ntest_check()\n",
      "timestamp": 1665510124,
      "stdout": "",
      "stderr": "Traceback (most recent call last):\n  File \"/tmp/tmpl1laon6c.py\", line 16, in <module>\n    test_check()\n  File \"/tmp/tmpl1laon6c.py\", line 14, in test_check\n    check(text_starta_endb)\n  File \"/tmp/tmpl1laon6c.py\", line 9, in check\n    assert candidate('aabbbb') == True\n  File \"/tmp/tmpl1laon6c.py\", line 5, in text_starta_endb\n    return bool(re.match(r\"a.*b$\", text))\nNameError: name 're' is not defined\n",
      "exit_code": 1,
      "status": "Exception"
    },
    {
      "program": "def text_starta_endb(text: str) -> bool:\n    \"\"\"\n\tWrite a function that matches a string that has an 'a' followed by anything, ending in 'b'.\n\t\"\"\"\n    return bool(re.match(r\"a.*b$\", text))\n\n\ndef check(candidate):\n    assert candidate('aabbbb') == True\n    assert candidate('aabAbbbc') == False\n    assert candidate('accddbbjjj') == False\n\ndef test_check():\n    check(text_starta_endb)\n\ntest_check()\n",
      "timestamp": 1665510124,
      "stdout": "",
      "stderr": "Traceback (most recent call last):\n  File \"/tmp/tmpl1laon6c.py\", line 16, in <module>\n    test_check()\n  File \"/tmp/tmpl1laon6c.py\", line 14, in test_check\n    check(text_starta_endb)\n  File \"/tmp/tmpl1laon6c.py\", line 9, in check\n    assert candidate('aabbbb') == True\n  File \"/tmp/tmpl1laon6c.py\", line 5, in text_starta_endb\n    return bool(re.match(r\"a.*b$\", text))\nNameError: name 're' is not defined\n",
      "exit_code": 1,
      "status": "Exception"
    },
    {
      "program": "def text_starta_endb(text: str) -> bool:\n    \"\"\"\n\tWrite a function that matches a string that has an 'a' followed by anything, ending in 'b'.\n\t\"\"\"\n    return bool(re.match(r'a.*b$', text))\n\n\ndef check(candidate):\n    assert candidate('aabbbb') == True\n    assert candidate('aabAbbbc') == False\n    assert candidate('accddbbjjj') == False\n\ndef test_check():\n    check(text_starta_endb)\n\ntest_check()\n",
      "timestamp": 1665510124,
      "stdout": "",
      "stderr": "Traceback (most recent call last):\n  File \"/tmp/tmpynlpwku6.py\", line 16, in <module>\n    test_check()\n  File \"/tmp/tmpynlpwku6.py\", line 14, in test_check\n    check(text_starta_endb)\n  File \"/tmp/tmpynlpwku6.py\", line 9, in check\n    assert candidate('aabbbb') == True\n  File \"/tmp/tmpynlpwku6.py\", line 5, in text_starta_endb\n    return bool(re.match(r'a.*b$', text))\nNameError: name 're' is not defined\n",
      "exit_code": 1,
      "status": "Exception"
    },
    {
      "program": "def text_starta_endb(text: str) -> bool:\n    \"\"\"\n\tWrite a function that matches a string that has an 'a' followed by anything, ending in 'b'.\n\t\"\"\"\n    return bool(re.match(r'a.*b$', text))\n\n\ndef check(candidate):\n    assert candidate('aabbbb') == True\n    assert candidate('aabAbbbc') == False\n    assert candidate('accddbbjjj') == False\n\ndef test_check():\n    check(text_starta_endb)\n\ntest_check()\n",
      "timestamp": 1665510124,
      "stdout": "",
      "stderr": "Traceback (most recent call last):\n  File \"/tmp/tmpynlpwku6.py\", line 16, in <module>\n    test_check()\n  File \"/tmp/tmpynlpwku6.py\", line 14, in test_check\n    check(text_starta_endb)\n  File \"/tmp/tmpynlpwku6.py\", line 9, in check\n    assert candidate('aabbbb') == True\n  File \"/tmp/tmpynlpwku6.py\", line 5, in text_starta_endb\n    return bool(re.match(r'a.*b$', text))\nNameError: name 're' is not defined\n",
      "exit_code": 1,
      "status": "Exception"
    },
    {
      "program": "def text_starta_endb(text: str) -> bool:\n    \"\"\"\n\tWrite a function that matches a string that has an 'a' followed by anything, ending in 'b'.\n\t\"\"\"\n    return re.search(r\"a.*b$\", text) is not None\n\n\ndef check(candidate):\n    assert candidate('aabbbb') == True\n    assert candidate('aabAbbbc') == False\n    assert candidate('accddbbjjj') == False\n\ndef test_check():\n    check(text_starta_endb)\n\ntest_check()\n",
      "timestamp": 1665510124,
      "stdout": "",
      "stderr": "Traceback (most recent call last):\n  File \"/tmp/tmppmkuwaqc.py\", line 16, in <module>\n    test_check()\n  File \"/tmp/tmppmkuwaqc.py\", line 14, in test_check\n    check(text_starta_endb)\n  File \"/tmp/tmppmkuwaqc.py\", line 9, in check\n    assert candidate('aabbbb') == True\n  File \"/tmp/tmppmkuwaqc.py\", line 5, in text_starta_endb\n    return re.search(r\"a.*b$\", text) is not None\nNameError: name 're' is not defined\n",
      "exit_code": 1,
      "status": "Exception"
    },
    {
      "program": "def text_starta_endb(text: str) -> bool:\n    \"\"\"\n\tWrite a function that matches a string that has an 'a' followed by anything, ending in 'b'.\n\t\"\"\"\n    return re.match(r\"a.*b$\", text) is not None\n\n\ndef check(candidate):\n    assert candidate('aabbbb') == True\n    assert candidate('aabAbbbc') == False\n    assert candidate('accddbbjjj') == False\n\ndef test_check():\n    check(text_starta_endb)\n\ntest_check()\n",
      "timestamp": 1665510124,
      "stdout": "",
      "stderr": "Traceback (most recent call last):\n  File \"/tmp/tmpn7wvijdk.py\", line 16, in <module>\n    test_check()\n  File \"/tmp/tmpn7wvijdk.py\", line 14, in test_check\n    check(text_starta_endb)\n  File \"/tmp/tmpn7wvijdk.py\", line 9, in check\n    assert candidate('aabbbb') == True\n  File \"/tmp/tmpn7wvijdk.py\", line 5, in text_starta_endb\n    return re.match(r\"a.*b$\", text) is not None\nNameError: name 're' is not defined\n",
      "exit_code": 1,
      "status": "Exception"
    },
    {
      "program": "def text_starta_endb(text: str) -> bool:\n    \"\"\"\n\tWrite a function that matches a string that has an 'a' followed by anything, ending in 'b'.\n\t\"\"\"\n    return bool(re.match(r\"^a.*b$\", text))\n\n\ndef check(candidate):\n    assert candidate('aabbbb') == True\n    assert candidate('aabAbbbc') == False\n    assert candidate('accddbbjjj') == False\n\ndef test_check():\n    check(text_starta_endb)\n\ntest_check()\n",
      "timestamp": 1665510124,
      "stdout": "",
      "stderr": "Traceback (most recent call last):\n  File \"/tmp/tmpy7ykc0r8.py\", line 16, in <module>\n    test_check()\n  File \"/tmp/tmpy7ykc0r8.py\", line 14, in test_check\n    check(text_starta_endb)\n  File \"/tmp/tmpy7ykc0r8.py\", line 9, in check\n    assert candidate('aabbbb') == True\n  File \"/tmp/tmpy7ykc0r8.py\", line 5, in text_starta_endb\n    return bool(re.match(r\"^a.*b$\", text))\nNameError: name 're' is not defined\n",
      "exit_code": 1,
      "status": "Exception"
    },
    {
      "program": "def text_starta_endb(text: str) -> bool:\n    \"\"\"\n\tWrite a function that matches a string that has an 'a' followed by anything, ending in 'b'.\n\t\"\"\"\n    return bool(re.match(r'a.*b$', text))\n\n\ndef check(candidate):\n    assert candidate('aabbbb') == True\n    assert candidate('aabAbbbc') == False\n    assert candidate('accddbbjjj') == False\n\ndef test_check():\n    check(text_starta_endb)\n\ntest_check()\n",
      "timestamp": 1665510124,
      "stdout": "",
      "stderr": "Traceback (most recent call last):\n  File \"/tmp/tmpynlpwku6.py\", line 16, in <module>\n    test_check()\n  File \"/tmp/tmpynlpwku6.py\", line 14, in test_check\n    check(text_starta_endb)\n  File \"/tmp/tmpynlpwku6.py\", line 9, in check\n    assert candidate('aabbbb') == True\n  File \"/tmp/tmpynlpwku6.py\", line 5, in text_starta_endb\n    return bool(re.match(r'a.*b$', text))\nNameError: name 're' is not defined\n",
      "exit_code": 1,
      "status": "Exception"
    },
    {
      "program": "def text_starta_endb(text: str) -> bool:\n    \"\"\"\n\tWrite a function that matches a string that has an 'a' followed by anything, ending in 'b'.\n\t\"\"\"\n    return bool(re.match(r\"a.*b$\", text))\n\n\ndef check(candidate):\n    assert candidate('aabbbb') == True\n    assert candidate('aabAbbbc') == False\n    assert candidate('accddbbjjj') == False\n\ndef test_check():\n    check(text_starta_endb)\n\ntest_check()\n",
      "timestamp": 1665510124,
      "stdout": "",
      "stderr": "Traceback (most recent call last):\n  File \"/tmp/tmpl1laon6c.py\", line 16, in <module>\n    test_check()\n  File \"/tmp/tmpl1laon6c.py\", line 14, in test_check\n    check(text_starta_endb)\n  File \"/tmp/tmpl1laon6c.py\", line 9, in check\n    assert candidate('aabbbb') == True\n  File \"/tmp/tmpl1laon6c.py\", line 5, in text_starta_endb\n    return bool(re.match(r\"a.*b$\", text))\nNameError: name 're' is not defined\n",
      "exit_code": 1,
      "status": "Exception"
    },
    {
      "program": "def text_starta_endb(text: str) -> bool:\n    \"\"\"\n\tWrite a function that matches a string that has an 'a' followed by anything, ending in 'b'.\n\t\"\"\"\n    return bool(re.search(r\"a.*b$\", text))\n\n\ndef check(candidate):\n    assert candidate('aabbbb') == True\n    assert candidate('aabAbbbc') == False\n    assert candidate('accddbbjjj') == False\n\ndef test_check():\n    check(text_starta_endb)\n\ntest_check()\n",
      "timestamp": 1665510124,
      "stdout": "",
      "stderr": "Traceback (most recent call last):\n  File \"/tmp/tmp5i5yqgbt.py\", line 16, in <module>\n    test_check()\n  File \"/tmp/tmp5i5yqgbt.py\", line 14, in test_check\n    check(text_starta_endb)\n  File \"/tmp/tmp5i5yqgbt.py\", line 9, in check\n    assert candidate('aabbbb') == True\n  File \"/tmp/tmp5i5yqgbt.py\", line 5, in text_starta_endb\n    return bool(re.search(r\"a.*b$\", text))\nNameError: name 're' is not defined\n",
      "exit_code": 1,
      "status": "Exception"
    },
    {
      "program": "def text_starta_endb(text: str) -> bool:\n    \"\"\"\n\tWrite a function that matches a string that has an 'a' followed by anything, ending in 'b'.\n\t\"\"\"\n    return re.search(r\"a.*b\", text)\n\n\ndef check(candidate):\n    assert candidate('aabbbb') == True\n    assert candidate('aabAbbbc') == False\n    assert candidate('accddbbjjj') == False\n\ndef test_check():\n    check(text_starta_endb)\n\ntest_check()\n",
      "timestamp": 1665510124,
      "stdout": "",
      "stderr": "Traceback (most recent call last):\n  File \"/tmp/tmpf___x6c5.py\", line 16, in <module>\n    test_check()\n  File \"/tmp/tmpf___x6c5.py\", line 14, in test_check\n    check(text_starta_endb)\n  File \"/tmp/tmpf___x6c5.py\", line 9, in check\n    assert candidate('aabbbb') == True\n  File \"/tmp/tmpf___x6c5.py\", line 5, in text_starta_endb\n    return re.search(r\"a.*b\", text)\nNameError: name 're' is not defined\n",
      "exit_code": 1,
      "status": "Exception"
    },
    {
      "program": "def text_starta_endb(text: str) -> bool:\n    \"\"\"\n\tWrite a function that matches a string that has an 'a' followed by anything, ending in 'b'.\n\t\"\"\"\n    return bool(re.match(r'a.*b$', text))\n\n\ndef check(candidate):\n    assert candidate('aabbbb') == True\n    assert candidate('aabAbbbc') == False\n    assert candidate('accddbbjjj') == False\n\ndef test_check():\n    check(text_starta_endb)\n\ntest_check()\n",
      "timestamp": 1665510124,
      "stdout": "",
      "stderr": "Traceback (most recent call last):\n  File \"/tmp/tmpynlpwku6.py\", line 16, in <module>\n    test_check()\n  File \"/tmp/tmpynlpwku6.py\", line 14, in test_check\n    check(text_starta_endb)\n  File \"/tmp/tmpynlpwku6.py\", line 9, in check\n    assert candidate('aabbbb') == True\n  File \"/tmp/tmpynlpwku6.py\", line 5, in text_starta_endb\n    return bool(re.match(r'a.*b$', text))\nNameError: name 're' is not defined\n",
      "exit_code": 1,
      "status": "Exception"
    },
    {
      "program": "def text_starta_endb(text: str) -> bool:\n    \"\"\"\n\tWrite a function that matches a string that has an 'a' followed by anything, ending in 'b'.\n\t\"\"\"\n    return bool(re.match(r\"a.*b$\", text))\n\n\ndef check(candidate):\n    assert candidate('aabbbb') == True\n    assert candidate('aabAbbbc') == False\n    assert candidate('accddbbjjj') == False\n\ndef test_check():\n    check(text_starta_endb)\n\ntest_check()\n",
      "timestamp": 1665510124,
      "stdout": "",
      "stderr": "Traceback (most recent call last):\n  File \"/tmp/tmpl1laon6c.py\", line 16, in <module>\n    test_check()\n  File \"/tmp/tmpl1laon6c.py\", line 14, in test_check\n    check(text_starta_endb)\n  File \"/tmp/tmpl1laon6c.py\", line 9, in check\n    assert candidate('aabbbb') == True\n  File \"/tmp/tmpl1laon6c.py\", line 5, in text_starta_endb\n    return bool(re.match(r\"a.*b$\", text))\nNameError: name 're' is not defined\n",
      "exit_code": 1,
      "status": "Exception"
    },
    {
      "program": "def text_starta_endb(text: str) -> bool:\n    \"\"\"\n\tWrite a function that matches a string that has an 'a' followed by anything, ending in 'b'.\n\t\"\"\"\n    return bool(re.match(r\"a.*b$\", text))\n\n\ndef check(candidate):\n    assert candidate('aabbbb') == True\n    assert candidate('aabAbbbc') == False\n    assert candidate('accddbbjjj') == False\n\ndef test_check():\n    check(text_starta_endb)\n\ntest_check()\n",
      "timestamp": 1665510124,
      "stdout": "",
      "stderr": "Traceback (most recent call last):\n  File \"/tmp/tmpl1laon6c.py\", line 16, in <module>\n    test_check()\n  File \"/tmp/tmpl1laon6c.py\", line 14, in test_check\n    check(text_starta_endb)\n  File \"/tmp/tmpl1laon6c.py\", line 9, in check\n    assert candidate('aabbbb') == True\n  File \"/tmp/tmpl1laon6c.py\", line 5, in text_starta_endb\n    return bool(re.match(r\"a.*b$\", text))\nNameError: name 're' is not defined\n",
      "exit_code": 1,
      "status": "Exception"
    },
    {
      "program": "def text_starta_endb(text: str) -> bool:\n    \"\"\"\n\tWrite a function that matches a string that has an 'a' followed by anything, ending in 'b'.\n\t\"\"\"\n    return bool(re.search(r'a.*b', text))\n\n\ndef check(candidate):\n    assert candidate('aabbbb') == True\n    assert candidate('aabAbbbc') == False\n    assert candidate('accddbbjjj') == False\n\ndef test_check():\n    check(text_starta_endb)\n\ntest_check()\n",
      "timestamp": 1665510124,
      "stdout": "",
      "stderr": "Traceback (most recent call last):\n  File \"/tmp/tmpx00eqi7v.py\", line 16, in <module>\n    test_check()\n  File \"/tmp/tmpx00eqi7v.py\", line 14, in test_check\n    check(text_starta_endb)\n  File \"/tmp/tmpx00eqi7v.py\", line 9, in check\n    assert candidate('aabbbb') == True\n  File \"/tmp/tmpx00eqi7v.py\", line 5, in text_starta_endb\n    return bool(re.search(r'a.*b', text))\nNameError: name 're' is not defined\n",
      "exit_code": 1,
      "status": "Exception"
    },
    {
      "program": "def text_starta_endb(text: str) -> bool:\n    \"\"\"\n\tWrite a function that matches a string that has an 'a' followed by anything, ending in 'b'.\n\t\"\"\"\n    return re.search(r\"a.*b\", text) is not None\n\n\ndef check(candidate):\n    assert candidate('aabbbb') == True\n    assert candidate('aabAbbbc') == False\n    assert candidate('accddbbjjj') == False\n\ndef test_check():\n    check(text_starta_endb)\n\ntest_check()\n",
      "timestamp": 1665510124,
      "stdout": "",
      "stderr": "Traceback (most recent call last):\n  File \"/tmp/tmplj0agnoi.py\", line 16, in <module>\n    test_check()\n  File \"/tmp/tmplj0agnoi.py\", line 14, in test_check\n    check(text_starta_endb)\n  File \"/tmp/tmplj0agnoi.py\", line 9, in check\n    assert candidate('aabbbb') == True\n  File \"/tmp/tmplj0agnoi.py\", line 5, in text_starta_endb\n    return re.search(r\"a.*b\", text) is not None\nNameError: name 're' is not defined\n",
      "exit_code": 1,
      "status": "Exception"
    },
    {
      "program": "def text_starta_endb(text: str) -> bool:\n    \"\"\"\n\tWrite a function that matches a string that has an 'a' followed by anything, ending in 'b'.\n\t\"\"\"\n    return bool(re.match(r\"a.*b$\", text))\n\n\ndef check(candidate):\n    assert candidate('aabbbb') == True\n    assert candidate('aabAbbbc') == False\n    assert candidate('accddbbjjj') == False\n\ndef test_check():\n    check(text_starta_endb)\n\ntest_check()\n",
      "timestamp": 1665510124,
      "stdout": "",
      "stderr": "Traceback (most recent call last):\n  File \"/tmp/tmpl1laon6c.py\", line 16, in <module>\n    test_check()\n  File \"/tmp/tmpl1laon6c.py\", line 14, in test_check\n    check(text_starta_endb)\n  File \"/tmp/tmpl1laon6c.py\", line 9, in check\n    assert candidate('aabbbb') == True\n  File \"/tmp/tmpl1laon6c.py\", line 5, in text_starta_endb\n    return bool(re.match(r\"a.*b$\", text))\nNameError: name 're' is not defined\n",
      "exit_code": 1,
      "status": "Exception"
    },
    {
      "program": "def text_starta_endb(text: str) -> bool:\n    \"\"\"\n\tWrite a function that matches a string that has an 'a' followed by anything, ending in 'b'.\n\t\"\"\"\n    return bool(re.match(r'a.*b$', text))\n\n\ndef check(candidate):\n    assert candidate('aabbbb') == True\n    assert candidate('aabAbbbc') == False\n    assert candidate('accddbbjjj') == False\n\ndef test_check():\n    check(text_starta_endb)\n\ntest_check()\n",
      "timestamp": 1665510124,
      "stdout": "",
      "stderr": "Traceback (most recent call last):\n  File \"/tmp/tmpynlpwku6.py\", line 16, in <module>\n    test_check()\n  File \"/tmp/tmpynlpwku6.py\", line 14, in test_check\n    check(text_starta_endb)\n  File \"/tmp/tmpynlpwku6.py\", line 9, in check\n    assert candidate('aabbbb') == True\n  File \"/tmp/tmpynlpwku6.py\", line 5, in text_starta_endb\n    return bool(re.match(r'a.*b$', text))\nNameError: name 're' is not defined\n",
      "exit_code": 1,
      "status": "Exception"
    },
    {
      "program": "def text_starta_endb(text: str) -> bool:\n    \"\"\"\n\tWrite a function that matches a string that has an 'a' followed by anything, ending in 'b'.\n\t\"\"\"\n    return re.match(r\"a.*b$\", text) is not None\n\n\ndef check(candidate):\n    assert candidate('aabbbb') == True\n    assert candidate('aabAbbbc') == False\n    assert candidate('accddbbjjj') == False\n\ndef test_check():\n    check(text_starta_endb)\n\ntest_check()\n",
      "timestamp": 1665510124,
      "stdout": "",
      "stderr": "Traceback (most recent call last):\n  File \"/tmp/tmpn7wvijdk.py\", line 16, in <module>\n    test_check()\n  File \"/tmp/tmpn7wvijdk.py\", line 14, in test_check\n    check(text_starta_endb)\n  File \"/tmp/tmpn7wvijdk.py\", line 9, in check\n    assert candidate('aabbbb') == True\n  File \"/tmp/tmpn7wvijdk.py\", line 5, in text_starta_endb\n    return re.match(r\"a.*b$\", text) is not None\nNameError: name 're' is not defined\n",
      "exit_code": 1,
      "status": "Exception"
    },
    {
      "program": "def text_starta_endb(text: str) -> bool:\n    \"\"\"\n\tWrite a function that matches a string that has an 'a' followed by anything, ending in 'b'.\n\t\"\"\"\n    return bool(re.match(r\"a.*b$\", text))\n\n\ndef check(candidate):\n    assert candidate('aabbbb') == True\n    assert candidate('aabAbbbc') == False\n    assert candidate('accddbbjjj') == False\n\ndef test_check():\n    check(text_starta_endb)\n\ntest_check()\n",
      "timestamp": 1665510124,
      "stdout": "",
      "stderr": "Traceback (most recent call last):\n  File \"/tmp/tmpl1laon6c.py\", line 16, in <module>\n    test_check()\n  File \"/tmp/tmpl1laon6c.py\", line 14, in test_check\n    check(text_starta_endb)\n  File \"/tmp/tmpl1laon6c.py\", line 9, in check\n    assert candidate('aabbbb') == True\n  File \"/tmp/tmpl1laon6c.py\", line 5, in text_starta_endb\n    return bool(re.match(r\"a.*b$\", text))\nNameError: name 're' is not defined\n",
      "exit_code": 1,
      "status": "Exception"
    },
    {
      "program": "def text_starta_endb(text: str) -> bool:\n    \"\"\"\n\tWrite a function that matches a string that has an 'a' followed by anything, ending in 'b'.\n\t\"\"\"\n    return bool(re.search(r'a.*b$', text))\n\n\ndef check(candidate):\n    assert candidate('aabbbb') == True\n    assert candidate('aabAbbbc') == False\n    assert candidate('accddbbjjj') == False\n\ndef test_check():\n    check(text_starta_endb)\n\ntest_check()\n",
      "timestamp": 1665510124,
      "stdout": "",
      "stderr": "Traceback (most recent call last):\n  File \"/tmp/tmpdx1dhdro.py\", line 16, in <module>\n    test_check()\n  File \"/tmp/tmpdx1dhdro.py\", line 14, in test_check\n    check(text_starta_endb)\n  File \"/tmp/tmpdx1dhdro.py\", line 9, in check\n    assert candidate('aabbbb') == True\n  File \"/tmp/tmpdx1dhdro.py\", line 5, in text_starta_endb\n    return bool(re.search(r'a.*b$', text))\nNameError: name 're' is not defined\n",
      "exit_code": 1,
      "status": "Exception"
    },
    {
      "program": "def text_starta_endb(text: str) -> bool:\n    \"\"\"\n\tWrite a function that matches a string that has an 'a' followed by anything, ending in 'b'.\n\t\"\"\"\n    return bool(re.match(r'a.*b$', text))\n\n\ndef check(candidate):\n    assert candidate('aabbbb') == True\n    assert candidate('aabAbbbc') == False\n    assert candidate('accddbbjjj') == False\n\ndef test_check():\n    check(text_starta_endb)\n\ntest_check()\n",
      "timestamp": 1665510124,
      "stdout": "",
      "stderr": "Traceback (most recent call last):\n  File \"/tmp/tmpynlpwku6.py\", line 16, in <module>\n    test_check()\n  File \"/tmp/tmpynlpwku6.py\", line 14, in test_check\n    check(text_starta_endb)\n  File \"/tmp/tmpynlpwku6.py\", line 9, in check\n    assert candidate('aabbbb') == True\n  File \"/tmp/tmpynlpwku6.py\", line 5, in text_starta_endb\n    return bool(re.match(r'a.*b$', text))\nNameError: name 're' is not defined\n",
      "exit_code": 1,
      "status": "Exception"
    },
    {
      "program": "def text_starta_endb(text: str) -> bool:\n    \"\"\"\n\tWrite a function that matches a string that has an 'a' followed by anything, ending in 'b'.\n\t\"\"\"\n    return bool(re.match(r\"a.*b$\", text))\n\n\ndef check(candidate):\n    assert candidate('aabbbb') == True\n    assert candidate('aabAbbbc') == False\n    assert candidate('accddbbjjj') == False\n\ndef test_check():\n    check(text_starta_endb)\n\ntest_check()\n",
      "timestamp": 1665510124,
      "stdout": "",
      "stderr": "Traceback (most recent call last):\n  File \"/tmp/tmpl1laon6c.py\", line 16, in <module>\n    test_check()\n  File \"/tmp/tmpl1laon6c.py\", line 14, in test_check\n    check(text_starta_endb)\n  File \"/tmp/tmpl1laon6c.py\", line 9, in check\n    assert candidate('aabbbb') == True\n  File \"/tmp/tmpl1laon6c.py\", line 5, in text_starta_endb\n    return bool(re.match(r\"a.*b$\", text))\nNameError: name 're' is not defined\n",
      "exit_code": 1,
      "status": "Exception"
    },
    {
      "program": "def text_starta_endb(text: str) -> bool:\n    \"\"\"\n\tWrite a function that matches a string that has an 'a' followed by anything, ending in 'b'.\n\t\"\"\"\n    return bool(re.search(r\"a.+b$\", text))\n\n\ndef check(candidate):\n    assert candidate('aabbbb') == True\n    assert candidate('aabAbbbc') == False\n    assert candidate('accddbbjjj') == False\n\ndef test_check():\n    check(text_starta_endb)\n\ntest_check()\n",
      "timestamp": 1665510124,
      "stdout": "",
      "stderr": "Traceback (most recent call last):\n  File \"/tmp/tmpbvkdab7i.py\", line 16, in <module>\n    test_check()\n  File \"/tmp/tmpbvkdab7i.py\", line 14, in test_check\n    check(text_starta_endb)\n  File \"/tmp/tmpbvkdab7i.py\", line 9, in check\n    assert candidate('aabbbb') == True\n  File \"/tmp/tmpbvkdab7i.py\", line 5, in text_starta_endb\n    return bool(re.search(r\"a.+b$\", text))\nNameError: name 're' is not defined\n",
      "exit_code": 1,
      "status": "Exception"
    },
    {
      "program": "def text_starta_endb(text: str) -> bool:\n    \"\"\"\n\tWrite a function that matches a string that has an 'a' followed by anything, ending in 'b'.\n\t\"\"\"\n    return bool(re.match(r'a.*b$', text))\n\n\ndef check(candidate):\n    assert candidate('aabbbb') == True\n    assert candidate('aabAbbbc') == False\n    assert candidate('accddbbjjj') == False\n\ndef test_check():\n    check(text_starta_endb)\n\ntest_check()\n",
      "timestamp": 1665510124,
      "stdout": "",
      "stderr": "Traceback (most recent call last):\n  File \"/tmp/tmpynlpwku6.py\", line 16, in <module>\n    test_check()\n  File \"/tmp/tmpynlpwku6.py\", line 14, in test_check\n    check(text_starta_endb)\n  File \"/tmp/tmpynlpwku6.py\", line 9, in check\n    assert candidate('aabbbb') == True\n  File \"/tmp/tmpynlpwku6.py\", line 5, in text_starta_endb\n    return bool(re.match(r'a.*b$', text))\nNameError: name 're' is not defined\n",
      "exit_code": 1,
      "status": "Exception"
    },
    {
      "program": "def text_starta_endb(text: str) -> bool:\n    \"\"\"\n\tWrite a function that matches a string that has an 'a' followed by anything, ending in 'b'.\n\t\"\"\"\n    return re.match(r\"a.*b$\", text) is not None\n\n\ndef check(candidate):\n    assert candidate('aabbbb') == True\n    assert candidate('aabAbbbc') == False\n    assert candidate('accddbbjjj') == False\n\ndef test_check():\n    check(text_starta_endb)\n\ntest_check()\n",
      "timestamp": 1665510124,
      "stdout": "",
      "stderr": "Traceback (most recent call last):\n  File \"/tmp/tmpn7wvijdk.py\", line 16, in <module>\n    test_check()\n  File \"/tmp/tmpn7wvijdk.py\", line 14, in test_check\n    check(text_starta_endb)\n  File \"/tmp/tmpn7wvijdk.py\", line 9, in check\n    assert candidate('aabbbb') == True\n  File \"/tmp/tmpn7wvijdk.py\", line 5, in text_starta_endb\n    return re.match(r\"a.*b$\", text) is not None\nNameError: name 're' is not defined\n",
      "exit_code": 1,
      "status": "Exception"
    },
    {
      "program": "def text_starta_endb(text: str) -> bool:\n    \"\"\"\n\tWrite a function that matches a string that has an 'a' followed by anything, ending in 'b'.\n\t\"\"\"\n    return re.match(r\"a.*b$\", text) is not None\n\n\ndef check(candidate):\n    assert candidate('aabbbb') == True\n    assert candidate('aabAbbbc') == False\n    assert candidate('accddbbjjj') == False\n\ndef test_check():\n    check(text_starta_endb)\n\ntest_check()\n",
      "timestamp": 1665510124,
      "stdout": "",
      "stderr": "Traceback (most recent call last):\n  File \"/tmp/tmpn7wvijdk.py\", line 16, in <module>\n    test_check()\n  File \"/tmp/tmpn7wvijdk.py\", line 14, in test_check\n    check(text_starta_endb)\n  File \"/tmp/tmpn7wvijdk.py\", line 9, in check\n    assert candidate('aabbbb') == True\n  File \"/tmp/tmpn7wvijdk.py\", line 5, in text_starta_endb\n    return re.match(r\"a.*b$\", text) is not None\nNameError: name 're' is not defined\n",
      "exit_code": 1,
      "status": "Exception"
    },
    {
      "program": "def text_starta_endb(text: str) -> bool:\n    \"\"\"\n\tWrite a function that matches a string that has an 'a' followed by anything, ending in 'b'.\n\t\"\"\"\n    return bool(re.match(r\"a.*b$\", text))\n\n\ndef check(candidate):\n    assert candidate('aabbbb') == True\n    assert candidate('aabAbbbc') == False\n    assert candidate('accddbbjjj') == False\n\ndef test_check():\n    check(text_starta_endb)\n\ntest_check()\n",
      "timestamp": 1665510124,
      "stdout": "",
      "stderr": "Traceback (most recent call last):\n  File \"/tmp/tmpl1laon6c.py\", line 16, in <module>\n    test_check()\n  File \"/tmp/tmpl1laon6c.py\", line 14, in test_check\n    check(text_starta_endb)\n  File \"/tmp/tmpl1laon6c.py\", line 9, in check\n    assert candidate('aabbbb') == True\n  File \"/tmp/tmpl1laon6c.py\", line 5, in text_starta_endb\n    return bool(re.match(r\"a.*b$\", text))\nNameError: name 're' is not defined\n",
      "exit_code": 1,
      "status": "Exception"
    },
    {
      "program": "def text_starta_endb(text: str) -> bool:\n    \"\"\"\n\tWrite a function that matches a string that has an 'a' followed by anything, ending in 'b'.\n\t\"\"\"\n    return re.search(r\"a.*b$\", text) is not None\n\n\ndef check(candidate):\n    assert candidate('aabbbb') == True\n    assert candidate('aabAbbbc') == False\n    assert candidate('accddbbjjj') == False\n\ndef test_check():\n    check(text_starta_endb)\n\ntest_check()\n",
      "timestamp": 1665510124,
      "stdout": "",
      "stderr": "Traceback (most recent call last):\n  File \"/tmp/tmppmkuwaqc.py\", line 16, in <module>\n    test_check()\n  File \"/tmp/tmppmkuwaqc.py\", line 14, in test_check\n    check(text_starta_endb)\n  File \"/tmp/tmppmkuwaqc.py\", line 9, in check\n    assert candidate('aabbbb') == True\n  File \"/tmp/tmppmkuwaqc.py\", line 5, in text_starta_endb\n    return re.search(r\"a.*b$\", text) is not None\nNameError: name 're' is not defined\n",
      "exit_code": 1,
      "status": "Exception"
    },
    {
      "program": "def text_starta_endb(text: str) -> bool:\n    \"\"\"\n\tWrite a function that matches a string that has an 'a' followed by anything, ending in 'b'.\n\t\"\"\"\n    return re.search(r\"a.*b\", text) is not None\n\n\ndef check(candidate):\n    assert candidate('aabbbb') == True\n    assert candidate('aabAbbbc') == False\n    assert candidate('accddbbjjj') == False\n\ndef test_check():\n    check(text_starta_endb)\n\ntest_check()\n",
      "timestamp": 1665510124,
      "stdout": "",
      "stderr": "Traceback (most recent call last):\n  File \"/tmp/tmplj0agnoi.py\", line 16, in <module>\n    test_check()\n  File \"/tmp/tmplj0agnoi.py\", line 14, in test_check\n    check(text_starta_endb)\n  File \"/tmp/tmplj0agnoi.py\", line 9, in check\n    assert candidate('aabbbb') == True\n  File \"/tmp/tmplj0agnoi.py\", line 5, in text_starta_endb\n    return re.search(r\"a.*b\", text) is not None\nNameError: name 're' is not defined\n",
      "exit_code": 1,
      "status": "Exception"
    },
    {
      "program": "def text_starta_endb(text: str) -> bool:\n    \"\"\"\n\tWrite a function that matches a string that has an 'a' followed by anything, ending in 'b'.\n\t\"\"\"\n    return bool(re.search(r\"a.*b$\", text))\n\n\ndef check(candidate):\n    assert candidate('aabbbb') == True\n    assert candidate('aabAbbbc') == False\n    assert candidate('accddbbjjj') == False\n\ndef test_check():\n    check(text_starta_endb)\n\ntest_check()\n",
      "timestamp": 1665510124,
      "stdout": "",
      "stderr": "Traceback (most recent call last):\n  File \"/tmp/tmp5i5yqgbt.py\", line 16, in <module>\n    test_check()\n  File \"/tmp/tmp5i5yqgbt.py\", line 14, in test_check\n    check(text_starta_endb)\n  File \"/tmp/tmp5i5yqgbt.py\", line 9, in check\n    assert candidate('aabbbb') == True\n  File \"/tmp/tmp5i5yqgbt.py\", line 5, in text_starta_endb\n    return bool(re.search(r\"a.*b$\", text))\nNameError: name 're' is not defined\n",
      "exit_code": 1,
      "status": "Exception"
    },
    {
      "program": "def text_starta_endb(text: str) -> bool:\n    \"\"\"\n\tWrite a function that matches a string that has an 'a' followed by anything, ending in 'b'.\n\t\"\"\"\n    return bool(re.match(r'^a.*b$', text))\n\n\ndef check(candidate):\n    assert candidate('aabbbb') == True\n    assert candidate('aabAbbbc') == False\n    assert candidate('accddbbjjj') == False\n\ndef test_check():\n    check(text_starta_endb)\n\ntest_check()\n",
      "timestamp": 1665510124,
      "stdout": "",
      "stderr": "Traceback (most recent call last):\n  File \"/tmp/tmp8juc6f0f.py\", line 16, in <module>\n    test_check()\n  File \"/tmp/tmp8juc6f0f.py\", line 14, in test_check\n    check(text_starta_endb)\n  File \"/tmp/tmp8juc6f0f.py\", line 9, in check\n    assert candidate('aabbbb') == True\n  File \"/tmp/tmp8juc6f0f.py\", line 5, in text_starta_endb\n    return bool(re.match(r'^a.*b$', text))\nNameError: name 're' is not defined\n",
      "exit_code": 1,
      "status": "Exception"
    },
    {
      "program": "def text_starta_endb(text: str) -> bool:\n    \"\"\"\n\tWrite a function that matches a string that has an 'a' followed by anything, ending in 'b'.\n\t\"\"\"\n    return re.match(r\"a.*b$\", text)\n\n\ndef check(candidate):\n    assert candidate('aabbbb') == True\n    assert candidate('aabAbbbc') == False\n    assert candidate('accddbbjjj') == False\n\ndef test_check():\n    check(text_starta_endb)\n\ntest_check()\n",
      "timestamp": 1665510124,
      "stdout": "",
      "stderr": "Traceback (most recent call last):\n  File \"/tmp/tmpnpnrtya_.py\", line 16, in <module>\n    test_check()\n  File \"/tmp/tmpnpnrtya_.py\", line 14, in test_check\n    check(text_starta_endb)\n  File \"/tmp/tmpnpnrtya_.py\", line 9, in check\n    assert candidate('aabbbb') == True\n  File \"/tmp/tmpnpnrtya_.py\", line 5, in text_starta_endb\n    return re.match(r\"a.*b$\", text)\nNameError: name 're' is not defined\n",
      "exit_code": 1,
      "status": "Exception"
    },
    {
      "program": "def text_starta_endb(text: str) -> bool:\n    \"\"\"\n\tWrite a function that matches a string that has an 'a' followed by anything, ending in 'b'.\n\t\"\"\"\n    return bool(re.match(r\"a.*b$\", text))\n\n\ndef check(candidate):\n    assert candidate('aabbbb') == True\n    assert candidate('aabAbbbc') == False\n    assert candidate('accddbbjjj') == False\n\ndef test_check():\n    check(text_starta_endb)\n\ntest_check()\n",
      "timestamp": 1665510124,
      "stdout": "",
      "stderr": "Traceback (most recent call last):\n  File \"/tmp/tmpl1laon6c.py\", line 16, in <module>\n    test_check()\n  File \"/tmp/tmpl1laon6c.py\", line 14, in test_check\n    check(text_starta_endb)\n  File \"/tmp/tmpl1laon6c.py\", line 9, in check\n    assert candidate('aabbbb') == True\n  File \"/tmp/tmpl1laon6c.py\", line 5, in text_starta_endb\n    return bool(re.match(r\"a.*b$\", text))\nNameError: name 're' is not defined\n",
      "exit_code": 1,
      "status": "Exception"
    },
    {
      "program": "def text_starta_endb(text: str) -> bool:\n    \"\"\"\n\tWrite a function that matches a string that has an 'a' followed by anything, ending in 'b'.\n\t\"\"\"\n    return bool(re.search(r'a.*b', text))\n\n\ndef check(candidate):\n    assert candidate('aabbbb') == True\n    assert candidate('aabAbbbc') == False\n    assert candidate('accddbbjjj') == False\n\ndef test_check():\n    check(text_starta_endb)\n\ntest_check()\n",
      "timestamp": 1665510124,
      "stdout": "",
      "stderr": "Traceback (most recent call last):\n  File \"/tmp/tmpx00eqi7v.py\", line 16, in <module>\n    test_check()\n  File \"/tmp/tmpx00eqi7v.py\", line 14, in test_check\n    check(text_starta_endb)\n  File \"/tmp/tmpx00eqi7v.py\", line 9, in check\n    assert candidate('aabbbb') == True\n  File \"/tmp/tmpx00eqi7v.py\", line 5, in text_starta_endb\n    return bool(re.search(r'a.*b', text))\nNameError: name 're' is not defined\n",
      "exit_code": 1,
      "status": "Exception"
    },
    {
      "program": "def text_starta_endb(text: str) -> bool:\n    \"\"\"\n\tWrite a function that matches a string that has an 'a' followed by anything, ending in 'b'.\n\t\"\"\"\n    return bool(re.match(r\"a.*b$\", text))\n\n\ndef check(candidate):\n    assert candidate('aabbbb') == True\n    assert candidate('aabAbbbc') == False\n    assert candidate('accddbbjjj') == False\n\ndef test_check():\n    check(text_starta_endb)\n\ntest_check()\n",
      "timestamp": 1665510124,
      "stdout": "",
      "stderr": "Traceback (most recent call last):\n  File \"/tmp/tmpl1laon6c.py\", line 16, in <module>\n    test_check()\n  File \"/tmp/tmpl1laon6c.py\", line 14, in test_check\n    check(text_starta_endb)\n  File \"/tmp/tmpl1laon6c.py\", line 9, in check\n    assert candidate('aabbbb') == True\n  File \"/tmp/tmpl1laon6c.py\", line 5, in text_starta_endb\n    return bool(re.match(r\"a.*b$\", text))\nNameError: name 're' is not defined\n",
      "exit_code": 1,
      "status": "Exception"
    },
    {
      "program": "def text_starta_endb(text: str) -> bool:\n    \"\"\"\n\tWrite a function that matches a string that has an 'a' followed by anything, ending in 'b'.\n\t\"\"\"\n    return re.match(r\"a.*b$\", text) is not None\n\n\ndef check(candidate):\n    assert candidate('aabbbb') == True\n    assert candidate('aabAbbbc') == False\n    assert candidate('accddbbjjj') == False\n\ndef test_check():\n    check(text_starta_endb)\n\ntest_check()\n",
      "timestamp": 1665510124,
      "stdout": "",
      "stderr": "Traceback (most recent call last):\n  File \"/tmp/tmpn7wvijdk.py\", line 16, in <module>\n    test_check()\n  File \"/tmp/tmpn7wvijdk.py\", line 14, in test_check\n    check(text_starta_endb)\n  File \"/tmp/tmpn7wvijdk.py\", line 9, in check\n    assert candidate('aabbbb') == True\n  File \"/tmp/tmpn7wvijdk.py\", line 5, in text_starta_endb\n    return re.match(r\"a.*b$\", text) is not None\nNameError: name 're' is not defined\n",
      "exit_code": 1,
      "status": "Exception"
    },
    {
      "program": "def text_starta_endb(text: str) -> bool:\n    \"\"\"\n\tWrite a function that matches a string that has an 'a' followed by anything, ending in 'b'.\n\t\"\"\"\n    return bool(re.match(r\"a.*b$\", text))\n\n\ndef check(candidate):\n    assert candidate('aabbbb') == True\n    assert candidate('aabAbbbc') == False\n    assert candidate('accddbbjjj') == False\n\ndef test_check():\n    check(text_starta_endb)\n\ntest_check()\n",
      "timestamp": 1665510124,
      "stdout": "",
      "stderr": "Traceback (most recent call last):\n  File \"/tmp/tmpl1laon6c.py\", line 16, in <module>\n    test_check()\n  File \"/tmp/tmpl1laon6c.py\", line 14, in test_check\n    check(text_starta_endb)\n  File \"/tmp/tmpl1laon6c.py\", line 9, in check\n    assert candidate('aabbbb') == True\n  File \"/tmp/tmpl1laon6c.py\", line 5, in text_starta_endb\n    return bool(re.match(r\"a.*b$\", text))\nNameError: name 're' is not defined\n",
      "exit_code": 1,
      "status": "Exception"
    },
    {
      "program": "def text_starta_endb(text: str) -> bool:\n    \"\"\"\n\tWrite a function that matches a string that has an 'a' followed by anything, ending in 'b'.\n\t\"\"\"\n    return bool(re.match(r'a.*b$', text))\n\n\ndef check(candidate):\n    assert candidate('aabbbb') == True\n    assert candidate('aabAbbbc') == False\n    assert candidate('accddbbjjj') == False\n\ndef test_check():\n    check(text_starta_endb)\n\ntest_check()\n",
      "timestamp": 1665510124,
      "stdout": "",
      "stderr": "Traceback (most recent call last):\n  File \"/tmp/tmpynlpwku6.py\", line 16, in <module>\n    test_check()\n  File \"/tmp/tmpynlpwku6.py\", line 14, in test_check\n    check(text_starta_endb)\n  File \"/tmp/tmpynlpwku6.py\", line 9, in check\n    assert candidate('aabbbb') == True\n  File \"/tmp/tmpynlpwku6.py\", line 5, in text_starta_endb\n    return bool(re.match(r'a.*b$', text))\nNameError: name 're' is not defined\n",
      "exit_code": 1,
      "status": "Exception"
    },
    {
      "program": "def text_starta_endb(text: str) -> bool:\n    \"\"\"\n\tWrite a function that matches a string that has an 'a' followed by anything, ending in 'b'.\n\t\"\"\"\n    return bool(re.search(r'a.*b', text))\n\n\ndef check(candidate):\n    assert candidate('aabbbb') == True\n    assert candidate('aabAbbbc') == False\n    assert candidate('accddbbjjj') == False\n\ndef test_check():\n    check(text_starta_endb)\n\ntest_check()\n",
      "timestamp": 1665510124,
      "stdout": "",
      "stderr": "Traceback (most recent call last):\n  File \"/tmp/tmpx00eqi7v.py\", line 16, in <module>\n    test_check()\n  File \"/tmp/tmpx00eqi7v.py\", line 14, in test_check\n    check(text_starta_endb)\n  File \"/tmp/tmpx00eqi7v.py\", line 9, in check\n    assert candidate('aabbbb') == True\n  File \"/tmp/tmpx00eqi7v.py\", line 5, in text_starta_endb\n    return bool(re.search(r'a.*b', text))\nNameError: name 're' is not defined\n",
      "exit_code": 1,
      "status": "Exception"
    },
    {
      "program": "def text_starta_endb(text: str) -> bool:\n    \"\"\"\n\tWrite a function that matches a string that has an 'a' followed by anything, ending in 'b'.\n\t\"\"\"\n    return re.search(r\"a.*b$\", text)\n\n\ndef check(candidate):\n    assert candidate('aabbbb') == True\n    assert candidate('aabAbbbc') == False\n    assert candidate('accddbbjjj') == False\n\ndef test_check():\n    check(text_starta_endb)\n\ntest_check()\n",
      "timestamp": 1666122914,
      "stdout": "",
      "stderr": "Traceback (most recent call last):\n  File \"/tmp/tmpu6udp_mr.py\", line 16, in <module>\n    test_check()\n  File \"/tmp/tmpu6udp_mr.py\", line 14, in test_check\n    check(text_starta_endb)\n  File \"/tmp/tmpu6udp_mr.py\", line 9, in check\n    assert candidate('aabbbb') == True\n  File \"/tmp/tmpu6udp_mr.py\", line 5, in text_starta_endb\n    return re.search(r\"a.*b$\", text)\nNameError: name 're' is not defined\n",
      "exit_code": 1,
      "status": "Exception"
    },
    {
      "program": "def text_starta_endb(text: str) -> bool:\n    \"\"\"\n\tWrite a function that matches a string that has an 'a' followed by anything, ending in 'b'.\n\t\"\"\"\n    return re.match(r'a.*b$', text) is not None\n\n\ndef check(candidate):\n    assert candidate('aabbbb') == True\n    assert candidate('aabAbbbc') == False\n    assert candidate('accddbbjjj') == False\n\ndef test_check():\n    check(text_starta_endb)\n\ntest_check()\n",
      "timestamp": 1666122914,
      "stdout": "",
      "stderr": "Traceback (most recent call last):\n  File \"/tmp/tmpzyawhrkf.py\", line 16, in <module>\n    test_check()\n  File \"/tmp/tmpzyawhrkf.py\", line 14, in test_check\n    check(text_starta_endb)\n  File \"/tmp/tmpzyawhrkf.py\", line 9, in check\n    assert candidate('aabbbb') == True\n  File \"/tmp/tmpzyawhrkf.py\", line 5, in text_starta_endb\n    return re.match(r'a.*b$', text) is not None\nNameError: name 're' is not defined\n",
      "exit_code": 1,
      "status": "Exception"
    },
    {
      "program": "def text_starta_endb(text: str) -> bool:\n    \"\"\"\n\tWrite a function that matches a string that has an 'a' followed by anything, ending in 'b'.\n\t\"\"\"\n    return re.search(r\"a.*b\", text) is not None\n\n\ndef check(candidate):\n    assert candidate('aabbbb') == True\n    assert candidate('aabAbbbc') == False\n    assert candidate('accddbbjjj') == False\n\ndef test_check():\n    check(text_starta_endb)\n\ntest_check()\n",
      "timestamp": 1665510124,
      "stdout": "",
      "stderr": "Traceback (most recent call last):\n  File \"/tmp/tmplj0agnoi.py\", line 16, in <module>\n    test_check()\n  File \"/tmp/tmplj0agnoi.py\", line 14, in test_check\n    check(text_starta_endb)\n  File \"/tmp/tmplj0agnoi.py\", line 9, in check\n    assert candidate('aabbbb') == True\n  File \"/tmp/tmplj0agnoi.py\", line 5, in text_starta_endb\n    return re.search(r\"a.*b\", text) is not None\nNameError: name 're' is not defined\n",
      "exit_code": 1,
      "status": "Exception"
    },
    {
      "program": "def text_starta_endb(text: str) -> bool:\n    \"\"\"\n\tWrite a function that matches a string that has an 'a' followed by anything, ending in 'b'.\n\t\"\"\"\n    return bool(re.match(r'^a.*b$', text))\n\n\ndef check(candidate):\n    assert candidate('aabbbb') == True\n    assert candidate('aabAbbbc') == False\n    assert candidate('accddbbjjj') == False\n\ndef test_check():\n    check(text_starta_endb)\n\ntest_check()\n",
      "timestamp": 1665510124,
      "stdout": "",
      "stderr": "Traceback (most recent call last):\n  File \"/tmp/tmp8juc6f0f.py\", line 16, in <module>\n    test_check()\n  File \"/tmp/tmp8juc6f0f.py\", line 14, in test_check\n    check(text_starta_endb)\n  File \"/tmp/tmp8juc6f0f.py\", line 9, in check\n    assert candidate('aabbbb') == True\n  File \"/tmp/tmp8juc6f0f.py\", line 5, in text_starta_endb\n    return bool(re.match(r'^a.*b$', text))\nNameError: name 're' is not defined\n",
      "exit_code": 1,
      "status": "Exception"
    },
    {
      "program": "def text_starta_endb(text: str) -> bool:\n    \"\"\"\n\tWrite a function that matches a string that has an 'a' followed by anything, ending in 'b'.\n\t\"\"\"\n    return re.search(r\"a.*b\", text)\n\n\ndef check(candidate):\n    assert candidate('aabbbb') == True\n    assert candidate('aabAbbbc') == False\n    assert candidate('accddbbjjj') == False\n\ndef test_check():\n    check(text_starta_endb)\n\ntest_check()\n",
      "timestamp": 1665510124,
      "stdout": "",
      "stderr": "Traceback (most recent call last):\n  File \"/tmp/tmpf___x6c5.py\", line 16, in <module>\n    test_check()\n  File \"/tmp/tmpf___x6c5.py\", line 14, in test_check\n    check(text_starta_endb)\n  File \"/tmp/tmpf___x6c5.py\", line 9, in check\n    assert candidate('aabbbb') == True\n  File \"/tmp/tmpf___x6c5.py\", line 5, in text_starta_endb\n    return re.search(r\"a.*b\", text)\nNameError: name 're' is not defined\n",
      "exit_code": 1,
      "status": "Exception"
    },
    {
      "program": "def text_starta_endb(text: str) -> bool:\n    \"\"\"\n\tWrite a function that matches a string that has an 'a' followed by anything, ending in 'b'.\n\t\"\"\"\n    return bool(re.match(r\"a.*b$\", text))\n\n\ndef check(candidate):\n    assert candidate('aabbbb') == True\n    assert candidate('aabAbbbc') == False\n    assert candidate('accddbbjjj') == False\n\ndef test_check():\n    check(text_starta_endb)\n\ntest_check()\n",
      "timestamp": 1665510124,
      "stdout": "",
      "stderr": "Traceback (most recent call last):\n  File \"/tmp/tmpl1laon6c.py\", line 16, in <module>\n    test_check()\n  File \"/tmp/tmpl1laon6c.py\", line 14, in test_check\n    check(text_starta_endb)\n  File \"/tmp/tmpl1laon6c.py\", line 9, in check\n    assert candidate('aabbbb') == True\n  File \"/tmp/tmpl1laon6c.py\", line 5, in text_starta_endb\n    return bool(re.match(r\"a.*b$\", text))\nNameError: name 're' is not defined\n",
      "exit_code": 1,
      "status": "Exception"
    },
    {
      "program": "def text_starta_endb(text: str) -> bool:\n    \"\"\"\n\tWrite a function that matches a string that has an 'a' followed by anything, ending in 'b'.\n\t\"\"\"\n    return bool(re.match(r\"a.*b$\", text))\n\n\ndef check(candidate):\n    assert candidate('aabbbb') == True\n    assert candidate('aabAbbbc') == False\n    assert candidate('accddbbjjj') == False\n\ndef test_check():\n    check(text_starta_endb)\n\ntest_check()\n",
      "timestamp": 1665510124,
      "stdout": "",
      "stderr": "Traceback (most recent call last):\n  File \"/tmp/tmpl1laon6c.py\", line 16, in <module>\n    test_check()\n  File \"/tmp/tmpl1laon6c.py\", line 14, in test_check\n    check(text_starta_endb)\n  File \"/tmp/tmpl1laon6c.py\", line 9, in check\n    assert candidate('aabbbb') == True\n  File \"/tmp/tmpl1laon6c.py\", line 5, in text_starta_endb\n    return bool(re.match(r\"a.*b$\", text))\nNameError: name 're' is not defined\n",
      "exit_code": 1,
      "status": "Exception"
    },
    {
      "program": "def text_starta_endb(text: str) -> bool:\n    \"\"\"\n\tWrite a function that matches a string that has an 'a' followed by anything, ending in 'b'.\n\t\"\"\"\n    return re.match(r\"a.*b$\", text)\n\n\ndef check(candidate):\n    assert candidate('aabbbb') == True\n    assert candidate('aabAbbbc') == False\n    assert candidate('accddbbjjj') == False\n\ndef test_check():\n    check(text_starta_endb)\n\ntest_check()\n",
      "timestamp": 1665510124,
      "stdout": "",
      "stderr": "Traceback (most recent call last):\n  File \"/tmp/tmpnpnrtya_.py\", line 16, in <module>\n    test_check()\n  File \"/tmp/tmpnpnrtya_.py\", line 14, in test_check\n    check(text_starta_endb)\n  File \"/tmp/tmpnpnrtya_.py\", line 9, in check\n    assert candidate('aabbbb') == True\n  File \"/tmp/tmpnpnrtya_.py\", line 5, in text_starta_endb\n    return re.match(r\"a.*b$\", text)\nNameError: name 're' is not defined\n",
      "exit_code": 1,
      "status": "Exception"
    },
    {
      "program": "def text_starta_endb(text: str) -> bool:\n    \"\"\"\n\tWrite a function that matches a string that has an 'a' followed by anything, ending in 'b'.\n\t\"\"\"\n    return bool(re.match(r\"a.*b$\", text))\n\n\ndef check(candidate):\n    assert candidate('aabbbb') == True\n    assert candidate('aabAbbbc') == False\n    assert candidate('accddbbjjj') == False\n\ndef test_check():\n    check(text_starta_endb)\n\ntest_check()\n",
      "timestamp": 1665510124,
      "stdout": "",
      "stderr": "Traceback (most recent call last):\n  File \"/tmp/tmpl1laon6c.py\", line 16, in <module>\n    test_check()\n  File \"/tmp/tmpl1laon6c.py\", line 14, in test_check\n    check(text_starta_endb)\n  File \"/tmp/tmpl1laon6c.py\", line 9, in check\n    assert candidate('aabbbb') == True\n  File \"/tmp/tmpl1laon6c.py\", line 5, in text_starta_endb\n    return bool(re.match(r\"a.*b$\", text))\nNameError: name 're' is not defined\n",
      "exit_code": 1,
      "status": "Exception"
    },
    {
      "program": "def text_starta_endb(text: str) -> bool:\n    \"\"\"\n\tWrite a function that matches a string that has an 'a' followed by anything, ending in 'b'.\n\t\"\"\"\n    return bool(re.match(r\"a.*b$\", text))\n\n\ndef check(candidate):\n    assert candidate('aabbbb') == True\n    assert candidate('aabAbbbc') == False\n    assert candidate('accddbbjjj') == False\n\ndef test_check():\n    check(text_starta_endb)\n\ntest_check()\n",
      "timestamp": 1665510124,
      "stdout": "",
      "stderr": "Traceback (most recent call last):\n  File \"/tmp/tmpl1laon6c.py\", line 16, in <module>\n    test_check()\n  File \"/tmp/tmpl1laon6c.py\", line 14, in test_check\n    check(text_starta_endb)\n  File \"/tmp/tmpl1laon6c.py\", line 9, in check\n    assert candidate('aabbbb') == True\n  File \"/tmp/tmpl1laon6c.py\", line 5, in text_starta_endb\n    return bool(re.match(r\"a.*b$\", text))\nNameError: name 're' is not defined\n",
      "exit_code": 1,
      "status": "Exception"
    },
    {
      "program": "def text_starta_endb(text: str) -> bool:\n    \"\"\"\n\tWrite a function that matches a string that has an 'a' followed by anything, ending in 'b'.\n\t\"\"\"\n    return bool(re.match(r'^a.*b$', text))\n\n\ndef check(candidate):\n    assert candidate('aabbbb') == True\n    assert candidate('aabAbbbc') == False\n    assert candidate('accddbbjjj') == False\n\ndef test_check():\n    check(text_starta_endb)\n\ntest_check()\n",
      "timestamp": 1665510124,
      "stdout": "",
      "stderr": "Traceback (most recent call last):\n  File \"/tmp/tmp8juc6f0f.py\", line 16, in <module>\n    test_check()\n  File \"/tmp/tmp8juc6f0f.py\", line 14, in test_check\n    check(text_starta_endb)\n  File \"/tmp/tmp8juc6f0f.py\", line 9, in check\n    assert candidate('aabbbb') == True\n  File \"/tmp/tmp8juc6f0f.py\", line 5, in text_starta_endb\n    return bool(re.match(r'^a.*b$', text))\nNameError: name 're' is not defined\n",
      "exit_code": 1,
      "status": "Exception"
    },
    {
      "program": "def text_starta_endb(text: str) -> bool:\n    \"\"\"\n\tWrite a function that matches a string that has an 'a' followed by anything, ending in 'b'.\n\t\"\"\"\n    return bool(re.match(r'a.*b$', text))\n\n\ndef check(candidate):\n    assert candidate('aabbbb') == True\n    assert candidate('aabAbbbc') == False\n    assert candidate('accddbbjjj') == False\n\ndef test_check():\n    check(text_starta_endb)\n\ntest_check()\n",
      "timestamp": 1665510124,
      "stdout": "",
      "stderr": "Traceback (most recent call last):\n  File \"/tmp/tmpynlpwku6.py\", line 16, in <module>\n    test_check()\n  File \"/tmp/tmpynlpwku6.py\", line 14, in test_check\n    check(text_starta_endb)\n  File \"/tmp/tmpynlpwku6.py\", line 9, in check\n    assert candidate('aabbbb') == True\n  File \"/tmp/tmpynlpwku6.py\", line 5, in text_starta_endb\n    return bool(re.match(r'a.*b$', text))\nNameError: name 're' is not defined\n",
      "exit_code": 1,
      "status": "Exception"
    },
    {
      "program": "def text_starta_endb(text: str) -> bool:\n    \"\"\"\n\tWrite a function that matches a string that has an 'a' followed by anything, ending in 'b'.\n\t\"\"\"\n    return bool(re.match(r\"a.*b$\", text))\n\n\ndef check(candidate):\n    assert candidate('aabbbb') == True\n    assert candidate('aabAbbbc') == False\n    assert candidate('accddbbjjj') == False\n\ndef test_check():\n    check(text_starta_endb)\n\ntest_check()\n",
      "timestamp": 1665510124,
      "stdout": "",
      "stderr": "Traceback (most recent call last):\n  File \"/tmp/tmpl1laon6c.py\", line 16, in <module>\n    test_check()\n  File \"/tmp/tmpl1laon6c.py\", line 14, in test_check\n    check(text_starta_endb)\n  File \"/tmp/tmpl1laon6c.py\", line 9, in check\n    assert candidate('aabbbb') == True\n  File \"/tmp/tmpl1laon6c.py\", line 5, in text_starta_endb\n    return bool(re.match(r\"a.*b$\", text))\nNameError: name 're' is not defined\n",
      "exit_code": 1,
      "status": "Exception"
    },
    {
      "program": "def text_starta_endb(text: str) -> bool:\n    \"\"\"\n\tWrite a function that matches a string that has an 'a' followed by anything, ending in 'b'.\n\t\"\"\"\n    return re.match(r\"a.*b$\", text) is not None\n\n\ndef check(candidate):\n    assert candidate('aabbbb') == True\n    assert candidate('aabAbbbc') == False\n    assert candidate('accddbbjjj') == False\n\ndef test_check():\n    check(text_starta_endb)\n\ntest_check()\n",
      "timestamp": 1665510124,
      "stdout": "",
      "stderr": "Traceback (most recent call last):\n  File \"/tmp/tmpn7wvijdk.py\", line 16, in <module>\n    test_check()\n  File \"/tmp/tmpn7wvijdk.py\", line 14, in test_check\n    check(text_starta_endb)\n  File \"/tmp/tmpn7wvijdk.py\", line 9, in check\n    assert candidate('aabbbb') == True\n  File \"/tmp/tmpn7wvijdk.py\", line 5, in text_starta_endb\n    return re.match(r\"a.*b$\", text) is not None\nNameError: name 're' is not defined\n",
      "exit_code": 1,
      "status": "Exception"
    },
    {
      "program": "def text_starta_endb(text: str) -> bool:\n    \"\"\"\n\tWrite a function that matches a string that has an 'a' followed by anything, ending in 'b'.\n\t\"\"\"\n    return bool(re.match(r'a.*b', text))\n\n\ndef check(candidate):\n    assert candidate('aabbbb') == True\n    assert candidate('aabAbbbc') == False\n    assert candidate('accddbbjjj') == False\n\ndef test_check():\n    check(text_starta_endb)\n\ntest_check()\n",
      "timestamp": 1666122915,
      "stdout": "",
      "stderr": "Traceback (most recent call last):\n  File \"/tmp/tmpw2to51c1.py\", line 16, in <module>\n    test_check()\n  File \"/tmp/tmpw2to51c1.py\", line 14, in test_check\n    check(text_starta_endb)\n  File \"/tmp/tmpw2to51c1.py\", line 9, in check\n    assert candidate('aabbbb') == True\n  File \"/tmp/tmpw2to51c1.py\", line 5, in text_starta_endb\n    return bool(re.match(r'a.*b', text))\nNameError: name 're' is not defined\n",
      "exit_code": 1,
      "status": "Exception"
    },
    {
      "program": "def text_starta_endb(text: str) -> bool:\n    \"\"\"\n\tWrite a function that matches a string that has an 'a' followed by anything, ending in 'b'.\n\t\"\"\"\n    return re.search(r\"a.*b$\", text) is not None\n\n\ndef check(candidate):\n    assert candidate('aabbbb') == True\n    assert candidate('aabAbbbc') == False\n    assert candidate('accddbbjjj') == False\n\ndef test_check():\n    check(text_starta_endb)\n\ntest_check()\n",
      "timestamp": 1665510124,
      "stdout": "",
      "stderr": "Traceback (most recent call last):\n  File \"/tmp/tmppmkuwaqc.py\", line 16, in <module>\n    test_check()\n  File \"/tmp/tmppmkuwaqc.py\", line 14, in test_check\n    check(text_starta_endb)\n  File \"/tmp/tmppmkuwaqc.py\", line 9, in check\n    assert candidate('aabbbb') == True\n  File \"/tmp/tmppmkuwaqc.py\", line 5, in text_starta_endb\n    return re.search(r\"a.*b$\", text) is not None\nNameError: name 're' is not defined\n",
      "exit_code": 1,
      "status": "Exception"
    },
    {
      "program": "def text_starta_endb(text: str) -> bool:\n    \"\"\"\n\tWrite a function that matches a string that has an 'a' followed by anything, ending in 'b'.\n\t\"\"\"\n    return bool(re.search(r\"a.*b$\", text))\n\n\ndef check(candidate):\n    assert candidate('aabbbb') == True\n    assert candidate('aabAbbbc') == False\n    assert candidate('accddbbjjj') == False\n\ndef test_check():\n    check(text_starta_endb)\n\ntest_check()\n",
      "timestamp": 1665510124,
      "stdout": "",
      "stderr": "Traceback (most recent call last):\n  File \"/tmp/tmp5i5yqgbt.py\", line 16, in <module>\n    test_check()\n  File \"/tmp/tmp5i5yqgbt.py\", line 14, in test_check\n    check(text_starta_endb)\n  File \"/tmp/tmp5i5yqgbt.py\", line 9, in check\n    assert candidate('aabbbb') == True\n  File \"/tmp/tmp5i5yqgbt.py\", line 5, in text_starta_endb\n    return bool(re.search(r\"a.*b$\", text))\nNameError: name 're' is not defined\n",
      "exit_code": 1,
      "status": "Exception"
    },
    {
      "program": "def text_starta_endb(text: str) -> bool:\n    \"\"\"\n\tWrite a function that matches a string that has an 'a' followed by anything, ending in 'b'.\n\t\"\"\"\n    return bool(re.match(r'a.*b$', text))\n\n\ndef check(candidate):\n    assert candidate('aabbbb') == True\n    assert candidate('aabAbbbc') == False\n    assert candidate('accddbbjjj') == False\n\ndef test_check():\n    check(text_starta_endb)\n\ntest_check()\n",
      "timestamp": 1665510124,
      "stdout": "",
      "stderr": "Traceback (most recent call last):\n  File \"/tmp/tmpynlpwku6.py\", line 16, in <module>\n    test_check()\n  File \"/tmp/tmpynlpwku6.py\", line 14, in test_check\n    check(text_starta_endb)\n  File \"/tmp/tmpynlpwku6.py\", line 9, in check\n    assert candidate('aabbbb') == True\n  File \"/tmp/tmpynlpwku6.py\", line 5, in text_starta_endb\n    return bool(re.match(r'a.*b$', text))\nNameError: name 're' is not defined\n",
      "exit_code": 1,
      "status": "Exception"
    },
    {
      "program": "def text_starta_endb(text: str) -> bool:\n    \"\"\"\n\tWrite a function that matches a string that has an 'a' followed by anything, ending in 'b'.\n\t\"\"\"\n    return bool(re.match(r\"a.*b$\", text))\n\n\ndef check(candidate):\n    assert candidate('aabbbb') == True\n    assert candidate('aabAbbbc') == False\n    assert candidate('accddbbjjj') == False\n\ndef test_check():\n    check(text_starta_endb)\n\ntest_check()\n",
      "timestamp": 1665510124,
      "stdout": "",
      "stderr": "Traceback (most recent call last):\n  File \"/tmp/tmpl1laon6c.py\", line 16, in <module>\n    test_check()\n  File \"/tmp/tmpl1laon6c.py\", line 14, in test_check\n    check(text_starta_endb)\n  File \"/tmp/tmpl1laon6c.py\", line 9, in check\n    assert candidate('aabbbb') == True\n  File \"/tmp/tmpl1laon6c.py\", line 5, in text_starta_endb\n    return bool(re.match(r\"a.*b$\", text))\nNameError: name 're' is not defined\n",
      "exit_code": 1,
      "status": "Exception"
    },
    {
      "program": "def text_starta_endb(text: str) -> bool:\n    \"\"\"\n\tWrite a function that matches a string that has an 'a' followed by anything, ending in 'b'.\n\t\"\"\"\n    return bool(re.match(r\"a.*b$\", text))\n\n\ndef check(candidate):\n    assert candidate('aabbbb') == True\n    assert candidate('aabAbbbc') == False\n    assert candidate('accddbbjjj') == False\n\ndef test_check():\n    check(text_starta_endb)\n\ntest_check()\n",
      "timestamp": 1665510124,
      "stdout": "",
      "stderr": "Traceback (most recent call last):\n  File \"/tmp/tmpl1laon6c.py\", line 16, in <module>\n    test_check()\n  File \"/tmp/tmpl1laon6c.py\", line 14, in test_check\n    check(text_starta_endb)\n  File \"/tmp/tmpl1laon6c.py\", line 9, in check\n    assert candidate('aabbbb') == True\n  File \"/tmp/tmpl1laon6c.py\", line 5, in text_starta_endb\n    return bool(re.match(r\"a.*b$\", text))\nNameError: name 're' is not defined\n",
      "exit_code": 1,
      "status": "Exception"
    },
    {
      "program": "def text_starta_endb(text: str) -> bool:\n    \"\"\"\n\tWrite a function that matches a string that has an 'a' followed by anything, ending in 'b'.\n\t\"\"\"\n    return re.search(r\"a.*b$\", text) is not None\n\n\ndef check(candidate):\n    assert candidate('aabbbb') == True\n    assert candidate('aabAbbbc') == False\n    assert candidate('accddbbjjj') == False\n\ndef test_check():\n    check(text_starta_endb)\n\ntest_check()\n",
      "timestamp": 1665510124,
      "stdout": "",
      "stderr": "Traceback (most recent call last):\n  File \"/tmp/tmppmkuwaqc.py\", line 16, in <module>\n    test_check()\n  File \"/tmp/tmppmkuwaqc.py\", line 14, in test_check\n    check(text_starta_endb)\n  File \"/tmp/tmppmkuwaqc.py\", line 9, in check\n    assert candidate('aabbbb') == True\n  File \"/tmp/tmppmkuwaqc.py\", line 5, in text_starta_endb\n    return re.search(r\"a.*b$\", text) is not None\nNameError: name 're' is not defined\n",
      "exit_code": 1,
      "status": "Exception"
    },
    {
      "program": "def text_starta_endb(text: str) -> bool:\n    \"\"\"\n\tWrite a function that matches a string that has an 'a' followed by anything, ending in 'b'.\n\t\"\"\"\n    return bool(re.match(r\"a.*b$\", text))\n\n\ndef check(candidate):\n    assert candidate('aabbbb') == True\n    assert candidate('aabAbbbc') == False\n    assert candidate('accddbbjjj') == False\n\ndef test_check():\n    check(text_starta_endb)\n\ntest_check()\n",
      "timestamp": 1665510124,
      "stdout": "",
      "stderr": "Traceback (most recent call last):\n  File \"/tmp/tmpl1laon6c.py\", line 16, in <module>\n    test_check()\n  File \"/tmp/tmpl1laon6c.py\", line 14, in test_check\n    check(text_starta_endb)\n  File \"/tmp/tmpl1laon6c.py\", line 9, in check\n    assert candidate('aabbbb') == True\n  File \"/tmp/tmpl1laon6c.py\", line 5, in text_starta_endb\n    return bool(re.match(r\"a.*b$\", text))\nNameError: name 're' is not defined\n",
      "exit_code": 1,
      "status": "Exception"
    },
    {
      "program": "def text_starta_endb(text: str) -> bool:\n    \"\"\"\n\tWrite a function that matches a string that has an 'a' followed by anything, ending in 'b'.\n\t\"\"\"\n    return bool(re.match(r'a.*b$', text))\n\n\ndef check(candidate):\n    assert candidate('aabbbb') == True\n    assert candidate('aabAbbbc') == False\n    assert candidate('accddbbjjj') == False\n\ndef test_check():\n    check(text_starta_endb)\n\ntest_check()\n",
      "timestamp": 1665510124,
      "stdout": "",
      "stderr": "Traceback (most recent call last):\n  File \"/tmp/tmpynlpwku6.py\", line 16, in <module>\n    test_check()\n  File \"/tmp/tmpynlpwku6.py\", line 14, in test_check\n    check(text_starta_endb)\n  File \"/tmp/tmpynlpwku6.py\", line 9, in check\n    assert candidate('aabbbb') == True\n  File \"/tmp/tmpynlpwku6.py\", line 5, in text_starta_endb\n    return bool(re.match(r'a.*b$', text))\nNameError: name 're' is not defined\n",
      "exit_code": 1,
      "status": "Exception"
    },
    {
      "program": "def text_starta_endb(text: str) -> bool:\n    \"\"\"\n\tWrite a function that matches a string that has an 'a' followed by anything, ending in 'b'.\n\t\"\"\"\n    return bool(re.match(r\"a.*b$\", text))\n\n\ndef check(candidate):\n    assert candidate('aabbbb') == True\n    assert candidate('aabAbbbc') == False\n    assert candidate('accddbbjjj') == False\n\ndef test_check():\n    check(text_starta_endb)\n\ntest_check()\n",
      "timestamp": 1665510124,
      "stdout": "",
      "stderr": "Traceback (most recent call last):\n  File \"/tmp/tmpl1laon6c.py\", line 16, in <module>\n    test_check()\n  File \"/tmp/tmpl1laon6c.py\", line 14, in test_check\n    check(text_starta_endb)\n  File \"/tmp/tmpl1laon6c.py\", line 9, in check\n    assert candidate('aabbbb') == True\n  File \"/tmp/tmpl1laon6c.py\", line 5, in text_starta_endb\n    return bool(re.match(r\"a.*b$\", text))\nNameError: name 're' is not defined\n",
      "exit_code": 1,
      "status": "Exception"
    },
    {
      "program": "def text_starta_endb(text: str) -> bool:\n    \"\"\"\n\tWrite a function that matches a string that has an 'a' followed by anything, ending in 'b'.\n\t\"\"\"\n    return re.search(r\"a.*b$\", text)\n\n\ndef check(candidate):\n    assert candidate('aabbbb') == True\n    assert candidate('aabAbbbc') == False\n    assert candidate('accddbbjjj') == False\n\ndef test_check():\n    check(text_starta_endb)\n\ntest_check()\n",
      "timestamp": 1666122914,
      "stdout": "",
      "stderr": "Traceback (most recent call last):\n  File \"/tmp/tmpu6udp_mr.py\", line 16, in <module>\n    test_check()\n  File \"/tmp/tmpu6udp_mr.py\", line 14, in test_check\n    check(text_starta_endb)\n  File \"/tmp/tmpu6udp_mr.py\", line 9, in check\n    assert candidate('aabbbb') == True\n  File \"/tmp/tmpu6udp_mr.py\", line 5, in text_starta_endb\n    return re.search(r\"a.*b$\", text)\nNameError: name 're' is not defined\n",
      "exit_code": 1,
      "status": "Exception"
    },
    {
      "program": "def text_starta_endb(text: str) -> bool:\n    \"\"\"\n\tWrite a function that matches a string that has an 'a' followed by anything, ending in 'b'.\n\t\"\"\"\n    return bool(re.match(r'a.*b$', text))\n\n\ndef check(candidate):\n    assert candidate('aabbbb') == True\n    assert candidate('aabAbbbc') == False\n    assert candidate('accddbbjjj') == False\n\ndef test_check():\n    check(text_starta_endb)\n\ntest_check()\n",
      "timestamp": 1665510124,
      "stdout": "",
      "stderr": "Traceback (most recent call last):\n  File \"/tmp/tmpynlpwku6.py\", line 16, in <module>\n    test_check()\n  File \"/tmp/tmpynlpwku6.py\", line 14, in test_check\n    check(text_starta_endb)\n  File \"/tmp/tmpynlpwku6.py\", line 9, in check\n    assert candidate('aabbbb') == True\n  File \"/tmp/tmpynlpwku6.py\", line 5, in text_starta_endb\n    return bool(re.match(r'a.*b$', text))\nNameError: name 're' is not defined\n",
      "exit_code": 1,
      "status": "Exception"
    },
    {
      "program": "def text_starta_endb(text: str) -> bool:\n    \"\"\"\n\tWrite a function that matches a string that has an 'a' followed by anything, ending in 'b'.\n\t\"\"\"\n    return bool(re.search(r\"a.*b$\", text))\n\n\ndef check(candidate):\n    assert candidate('aabbbb') == True\n    assert candidate('aabAbbbc') == False\n    assert candidate('accddbbjjj') == False\n\ndef test_check():\n    check(text_starta_endb)\n\ntest_check()\n",
      "timestamp": 1665510124,
      "stdout": "",
      "stderr": "Traceback (most recent call last):\n  File \"/tmp/tmp5i5yqgbt.py\", line 16, in <module>\n    test_check()\n  File \"/tmp/tmp5i5yqgbt.py\", line 14, in test_check\n    check(text_starta_endb)\n  File \"/tmp/tmp5i5yqgbt.py\", line 9, in check\n    assert candidate('aabbbb') == True\n  File \"/tmp/tmp5i5yqgbt.py\", line 5, in text_starta_endb\n    return bool(re.search(r\"a.*b$\", text))\nNameError: name 're' is not defined\n",
      "exit_code": 1,
      "status": "Exception"
    },
    {
      "program": "def text_starta_endb(text: str) -> bool:\n    \"\"\"\n\tWrite a function that matches a string that has an 'a' followed by anything, ending in 'b'.\n\t\"\"\"\n    return bool(re.search(r\"a.*b$\", text))\n\n\ndef check(candidate):\n    assert candidate('aabbbb') == True\n    assert candidate('aabAbbbc') == False\n    assert candidate('accddbbjjj') == False\n\ndef test_check():\n    check(text_starta_endb)\n\ntest_check()\n",
      "timestamp": 1665510124,
      "stdout": "",
      "stderr": "Traceback (most recent call last):\n  File \"/tmp/tmp5i5yqgbt.py\", line 16, in <module>\n    test_check()\n  File \"/tmp/tmp5i5yqgbt.py\", line 14, in test_check\n    check(text_starta_endb)\n  File \"/tmp/tmp5i5yqgbt.py\", line 9, in check\n    assert candidate('aabbbb') == True\n  File \"/tmp/tmp5i5yqgbt.py\", line 5, in text_starta_endb\n    return bool(re.search(r\"a.*b$\", text))\nNameError: name 're' is not defined\n",
      "exit_code": 1,
      "status": "Exception"
    },
    {
      "program": "def text_starta_endb(text: str) -> bool:\n    \"\"\"\n\tWrite a function that matches a string that has an 'a' followed by anything, ending in 'b'.\n\t\"\"\"\n    return bool(re.match(r\"a.*b$\", text))\n\n\ndef check(candidate):\n    assert candidate('aabbbb') == True\n    assert candidate('aabAbbbc') == False\n    assert candidate('accddbbjjj') == False\n\ndef test_check():\n    check(text_starta_endb)\n\ntest_check()\n",
      "timestamp": 1665510124,
      "stdout": "",
      "stderr": "Traceback (most recent call last):\n  File \"/tmp/tmpl1laon6c.py\", line 16, in <module>\n    test_check()\n  File \"/tmp/tmpl1laon6c.py\", line 14, in test_check\n    check(text_starta_endb)\n  File \"/tmp/tmpl1laon6c.py\", line 9, in check\n    assert candidate('aabbbb') == True\n  File \"/tmp/tmpl1laon6c.py\", line 5, in text_starta_endb\n    return bool(re.match(r\"a.*b$\", text))\nNameError: name 're' is not defined\n",
      "exit_code": 1,
      "status": "Exception"
    },
    {
      "program": "def text_starta_endb(text: str) -> bool:\n    \"\"\"\n\tWrite a function that matches a string that has an 'a' followed by anything, ending in 'b'.\n\t\"\"\"\n    return bool(re.match(r\"a.*b$\", text))\n\n\ndef check(candidate):\n    assert candidate('aabbbb') == True\n    assert candidate('aabAbbbc') == False\n    assert candidate('accddbbjjj') == False\n\ndef test_check():\n    check(text_starta_endb)\n\ntest_check()\n",
      "timestamp": 1665510124,
      "stdout": "",
      "stderr": "Traceback (most recent call last):\n  File \"/tmp/tmpl1laon6c.py\", line 16, in <module>\n    test_check()\n  File \"/tmp/tmpl1laon6c.py\", line 14, in test_check\n    check(text_starta_endb)\n  File \"/tmp/tmpl1laon6c.py\", line 9, in check\n    assert candidate('aabbbb') == True\n  File \"/tmp/tmpl1laon6c.py\", line 5, in text_starta_endb\n    return bool(re.match(r\"a.*b$\", text))\nNameError: name 're' is not defined\n",
      "exit_code": 1,
      "status": "Exception"
    },
    {
      "program": "def text_starta_endb(text: str) -> bool:\n    \"\"\"\n\tWrite a function that matches a string that has an 'a' followed by anything, ending in 'b'.\n\t\"\"\"\n    return re.match(r\"a.*b$\", text) is not None\n\n\ndef check(candidate):\n    assert candidate('aabbbb') == True\n    assert candidate('aabAbbbc') == False\n    assert candidate('accddbbjjj') == False\n\ndef test_check():\n    check(text_starta_endb)\n\ntest_check()\n",
      "timestamp": 1665510124,
      "stdout": "",
      "stderr": "Traceback (most recent call last):\n  File \"/tmp/tmpn7wvijdk.py\", line 16, in <module>\n    test_check()\n  File \"/tmp/tmpn7wvijdk.py\", line 14, in test_check\n    check(text_starta_endb)\n  File \"/tmp/tmpn7wvijdk.py\", line 9, in check\n    assert candidate('aabbbb') == True\n  File \"/tmp/tmpn7wvijdk.py\", line 5, in text_starta_endb\n    return re.match(r\"a.*b$\", text) is not None\nNameError: name 're' is not defined\n",
      "exit_code": 1,
      "status": "Exception"
    },
    {
      "program": "def text_starta_endb(text: str) -> bool:\n    \"\"\"\n\tWrite a function that matches a string that has an 'a' followed by anything, ending in 'b'.\n\t\"\"\"\n    return re.search(r\"a.*b$\", text) is not None\n\n\ndef check(candidate):\n    assert candidate('aabbbb') == True\n    assert candidate('aabAbbbc') == False\n    assert candidate('accddbbjjj') == False\n\ndef test_check():\n    check(text_starta_endb)\n\ntest_check()\n",
      "timestamp": 1665510124,
      "stdout": "",
      "stderr": "Traceback (most recent call last):\n  File \"/tmp/tmppmkuwaqc.py\", line 16, in <module>\n    test_check()\n  File \"/tmp/tmppmkuwaqc.py\", line 14, in test_check\n    check(text_starta_endb)\n  File \"/tmp/tmppmkuwaqc.py\", line 9, in check\n    assert candidate('aabbbb') == True\n  File \"/tmp/tmppmkuwaqc.py\", line 5, in text_starta_endb\n    return re.search(r\"a.*b$\", text) is not None\nNameError: name 're' is not defined\n",
      "exit_code": 1,
      "status": "Exception"
    },
    {
      "program": "def text_starta_endb(text: str) -> bool:\n    \"\"\"\n\tWrite a function that matches a string that has an 'a' followed by anything, ending in 'b'.\n\t\"\"\"\n    return re.match(r\"a.*b$\", text) is not None\n\n\ndef check(candidate):\n    assert candidate('aabbbb') == True\n    assert candidate('aabAbbbc') == False\n    assert candidate('accddbbjjj') == False\n\ndef test_check():\n    check(text_starta_endb)\n\ntest_check()\n",
      "timestamp": 1665510124,
      "stdout": "",
      "stderr": "Traceback (most recent call last):\n  File \"/tmp/tmpn7wvijdk.py\", line 16, in <module>\n    test_check()\n  File \"/tmp/tmpn7wvijdk.py\", line 14, in test_check\n    check(text_starta_endb)\n  File \"/tmp/tmpn7wvijdk.py\", line 9, in check\n    assert candidate('aabbbb') == True\n  File \"/tmp/tmpn7wvijdk.py\", line 5, in text_starta_endb\n    return re.match(r\"a.*b$\", text) is not None\nNameError: name 're' is not defined\n",
      "exit_code": 1,
      "status": "Exception"
    },
    {
      "program": "def text_starta_endb(text: str) -> bool:\n    \"\"\"\n\tWrite a function that matches a string that has an 'a' followed by anything, ending in 'b'.\n\t\"\"\"\n    return bool(re.search(r\"a.*b\", text))\n\n\ndef check(candidate):\n    assert candidate('aabbbb') == True\n    assert candidate('aabAbbbc') == False\n    assert candidate('accddbbjjj') == False\n\ndef test_check():\n    check(text_starta_endb)\n\ntest_check()\n",
      "timestamp": 1665510124,
      "stdout": "",
      "stderr": "Traceback (most recent call last):\n  File \"/tmp/tmpc4pq6u7v.py\", line 16, in <module>\n    test_check()\n  File \"/tmp/tmpc4pq6u7v.py\", line 14, in test_check\n    check(text_starta_endb)\n  File \"/tmp/tmpc4pq6u7v.py\", line 9, in check\n    assert candidate('aabbbb') == True\n  File \"/tmp/tmpc4pq6u7v.py\", line 5, in text_starta_endb\n    return bool(re.search(r\"a.*b\", text))\nNameError: name 're' is not defined\n",
      "exit_code": 1,
      "status": "Exception"
    },
    {
      "program": "def text_starta_endb(text: str) -> bool:\n    \"\"\"\n\tWrite a function that matches a string that has an 'a' followed by anything, ending in 'b'.\n\t\"\"\"\n    return re.search(r\"a.*b$\", text) is not None\n\n\ndef check(candidate):\n    assert candidate('aabbbb') == True\n    assert candidate('aabAbbbc') == False\n    assert candidate('accddbbjjj') == False\n\ndef test_check():\n    check(text_starta_endb)\n\ntest_check()\n",
      "timestamp": 1665510124,
      "stdout": "",
      "stderr": "Traceback (most recent call last):\n  File \"/tmp/tmppmkuwaqc.py\", line 16, in <module>\n    test_check()\n  File \"/tmp/tmppmkuwaqc.py\", line 14, in test_check\n    check(text_starta_endb)\n  File \"/tmp/tmppmkuwaqc.py\", line 9, in check\n    assert candidate('aabbbb') == True\n  File \"/tmp/tmppmkuwaqc.py\", line 5, in text_starta_endb\n    return re.search(r\"a.*b$\", text) is not None\nNameError: name 're' is not defined\n",
      "exit_code": 1,
      "status": "Exception"
    },
    {
      "program": "def text_starta_endb(text: str) -> bool:\n    \"\"\"\n\tWrite a function that matches a string that has an 'a' followed by anything, ending in 'b'.\n\t\"\"\"\n    return bool(re.search(r\"a.*b\", text))\n\n\ndef check(candidate):\n    assert candidate('aabbbb') == True\n    assert candidate('aabAbbbc') == False\n    assert candidate('accddbbjjj') == False\n\ndef test_check():\n    check(text_starta_endb)\n\ntest_check()\n",
      "timestamp": 1665510124,
      "stdout": "",
      "stderr": "Traceback (most recent call last):\n  File \"/tmp/tmpc4pq6u7v.py\", line 16, in <module>\n    test_check()\n  File \"/tmp/tmpc4pq6u7v.py\", line 14, in test_check\n    check(text_starta_endb)\n  File \"/tmp/tmpc4pq6u7v.py\", line 9, in check\n    assert candidate('aabbbb') == True\n  File \"/tmp/tmpc4pq6u7v.py\", line 5, in text_starta_endb\n    return bool(re.search(r\"a.*b\", text))\nNameError: name 're' is not defined\n",
      "exit_code": 1,
      "status": "Exception"
    },
    {
      "program": "def text_starta_endb(text: str) -> bool:\n    \"\"\"\n\tWrite a function that matches a string that has an 'a' followed by anything, ending in 'b'.\n\t\"\"\"\n    return bool(re.match(r\"a.*b$\", text))\n\n\ndef check(candidate):\n    assert candidate('aabbbb') == True\n    assert candidate('aabAbbbc') == False\n    assert candidate('accddbbjjj') == False\n\ndef test_check():\n    check(text_starta_endb)\n\ntest_check()\n",
      "timestamp": 1665510124,
      "stdout": "",
      "stderr": "Traceback (most recent call last):\n  File \"/tmp/tmpl1laon6c.py\", line 16, in <module>\n    test_check()\n  File \"/tmp/tmpl1laon6c.py\", line 14, in test_check\n    check(text_starta_endb)\n  File \"/tmp/tmpl1laon6c.py\", line 9, in check\n    assert candidate('aabbbb') == True\n  File \"/tmp/tmpl1laon6c.py\", line 5, in text_starta_endb\n    return bool(re.match(r\"a.*b$\", text))\nNameError: name 're' is not defined\n",
      "exit_code": 1,
      "status": "Exception"
    },
    {
      "program": "def text_starta_endb(text: str) -> bool:\n    \"\"\"\n\tWrite a function that matches a string that has an 'a' followed by anything, ending in 'b'.\n\t\"\"\"\n    return bool(re.match(r\"a.*b$\", text))\n\n\ndef check(candidate):\n    assert candidate('aabbbb') == True\n    assert candidate('aabAbbbc') == False\n    assert candidate('accddbbjjj') == False\n\ndef test_check():\n    check(text_starta_endb)\n\ntest_check()\n",
      "timestamp": 1665510124,
      "stdout": "",
      "stderr": "Traceback (most recent call last):\n  File \"/tmp/tmpl1laon6c.py\", line 16, in <module>\n    test_check()\n  File \"/tmp/tmpl1laon6c.py\", line 14, in test_check\n    check(text_starta_endb)\n  File \"/tmp/tmpl1laon6c.py\", line 9, in check\n    assert candidate('aabbbb') == True\n  File \"/tmp/tmpl1laon6c.py\", line 5, in text_starta_endb\n    return bool(re.match(r\"a.*b$\", text))\nNameError: name 're' is not defined\n",
      "exit_code": 1,
      "status": "Exception"
    },
    {
      "program": "def text_starta_endb(text: str) -> bool:\n    \"\"\"\n\tWrite a function that matches a string that has an 'a' followed by anything, ending in 'b'.\n\t\"\"\"\n    return bool(re.match(r'a.*b$', text))\n\n\ndef check(candidate):\n    assert candidate('aabbbb') == True\n    assert candidate('aabAbbbc') == False\n    assert candidate('accddbbjjj') == False\n\ndef test_check():\n    check(text_starta_endb)\n\ntest_check()\n",
      "timestamp": 1665510124,
      "stdout": "",
      "stderr": "Traceback (most recent call last):\n  File \"/tmp/tmpynlpwku6.py\", line 16, in <module>\n    test_check()\n  File \"/tmp/tmpynlpwku6.py\", line 14, in test_check\n    check(text_starta_endb)\n  File \"/tmp/tmpynlpwku6.py\", line 9, in check\n    assert candidate('aabbbb') == True\n  File \"/tmp/tmpynlpwku6.py\", line 5, in text_starta_endb\n    return bool(re.match(r'a.*b$', text))\nNameError: name 're' is not defined\n",
      "exit_code": 1,
      "status": "Exception"
    },
    {
      "program": "def text_starta_endb(text: str) -> bool:\n    \"\"\"\n\tWrite a function that matches a string that has an 'a' followed by anything, ending in 'b'.\n\t\"\"\"\n    return bool(re.search(r\"a.*b\", text))\n\n\ndef check(candidate):\n    assert candidate('aabbbb') == True\n    assert candidate('aabAbbbc') == False\n    assert candidate('accddbbjjj') == False\n\ndef test_check():\n    check(text_starta_endb)\n\ntest_check()\n",
      "timestamp": 1665510124,
      "stdout": "",
      "stderr": "Traceback (most recent call last):\n  File \"/tmp/tmpc4pq6u7v.py\", line 16, in <module>\n    test_check()\n  File \"/tmp/tmpc4pq6u7v.py\", line 14, in test_check\n    check(text_starta_endb)\n  File \"/tmp/tmpc4pq6u7v.py\", line 9, in check\n    assert candidate('aabbbb') == True\n  File \"/tmp/tmpc4pq6u7v.py\", line 5, in text_starta_endb\n    return bool(re.search(r\"a.*b\", text))\nNameError: name 're' is not defined\n",
      "exit_code": 1,
      "status": "Exception"
    }
  ]
}