{
  "name": "mbpp_264_dog_age",
  "language": "py",
  "prompt": "def dog_age(h_age: int) -> int:\n    \"\"\"\n\tWrite a function to calculate a dog's age in dog's years.\n\t\"\"\"\n",
  "doctests": "keep",
  "original": "/home/arjun/repos/MultiPL-E/datasets/../datasets/mbpp-typed/mbpp_264_dog_age.py",
  "prompt_terminology": "verbatim",
  "tests": "def check(candidate):\n    assert candidate(12) == 61\n    assert candidate(15) == 73\n    assert candidate(24) == 109\n\ndef test_check():\n    check(dog_age)\n\ntest_check()\n",
  "stop_tokens": [
    "\ndef",
    "\n#",
    "\nif",
    "\nclass"
  ],
  "results": [
    {
      "program": "def dog_age(h_age: int) -> int:\n    \"\"\"\n\tWrite a function to calculate a dog's age in dog's years.\n\t\"\"\"\n    return h_age * 7\n\n\ndef check(candidate):\n    assert candidate(12) == 61\n    assert candidate(15) == 73\n    assert candidate(24) == 109\n\ndef test_check():\n    check(dog_age)\n\ntest_check()\n",
      "timestamp": 1665509899,
      "stdout": "",
      "stderr": "Traceback (most recent call last):\n  File \"/tmp/tmp8h27ck4j.py\", line 16, in <module>\n    test_check()\n  File \"/tmp/tmp8h27ck4j.py\", line 14, in test_check\n    check(dog_age)\n  File \"/tmp/tmp8h27ck4j.py\", line 9, in check\n    assert candidate(12) == 61\nAssertionError\n",
      "exit_code": 1,
      "status": "Exception"
    },
    {
      "program": "def dog_age(h_age: int) -> int:\n    \"\"\"\n\tWrite a function to calculate a dog's age in dog's years.\n\t\"\"\"\n    return h_age * 7\n\n\ndef check(candidate):\n    assert candidate(12) == 61\n    assert candidate(15) == 73\n    assert candidate(24) == 109\n\ndef test_check():\n    check(dog_age)\n\ntest_check()\n",
      "timestamp": 1665509899,
      "stdout": "",
      "stderr": "Traceback (most recent call last):\n  File \"/tmp/tmp8h27ck4j.py\", line 16, in <module>\n    test_check()\n  File \"/tmp/tmp8h27ck4j.py\", line 14, in test_check\n    check(dog_age)\n  File \"/tmp/tmp8h27ck4j.py\", line 9, in check\n    assert candidate(12) == 61\nAssertionError\n",
      "exit_code": 1,
      "status": "Exception"
    },
    {
      "program": "def dog_age(h_age: int) -> int:\n    \"\"\"\n\tWrite a function to calculate a dog's age in dog's years.\n\t\"\"\"\n    return h_age * 7\n\n\ndef check(candidate):\n    assert candidate(12) == 61\n    assert candidate(15) == 73\n    assert candidate(24) == 109\n\ndef test_check():\n    check(dog_age)\n\ntest_check()\n",
      "timestamp": 1665509899,
      "stdout": "",
      "stderr": "Traceback (most recent call last):\n  File \"/tmp/tmp8h27ck4j.py\", line 16, in <module>\n    test_check()\n  File \"/tmp/tmp8h27ck4j.py\", line 14, in test_check\n    check(dog_age)\n  File \"/tmp/tmp8h27ck4j.py\", line 9, in check\n    assert candidate(12) == 61\nAssertionError\n",
      "exit_code": 1,
      "status": "Exception"
    },
    {
      "program": "def dog_age(h_age: int) -> int:\n    \"\"\"\n\tWrite a function to calculate a dog's age in dog's years.\n\t\"\"\"\n    return h_age * 7\n\n\ndef check(candidate):\n    assert candidate(12) == 61\n    assert candidate(15) == 73\n    assert candidate(24) == 109\n\ndef test_check():\n    check(dog_age)\n\ntest_check()\n",
      "timestamp": 1665509899,
      "stdout": "",
      "stderr": "Traceback (most recent call last):\n  File \"/tmp/tmp8h27ck4j.py\", line 16, in <module>\n    test_check()\n  File \"/tmp/tmp8h27ck4j.py\", line 14, in test_check\n    check(dog_age)\n  File \"/tmp/tmp8h27ck4j.py\", line 9, in check\n    assert candidate(12) == 61\nAssertionError\n",
      "exit_code": 1,
      "status": "Exception"
    },
    {
      "program": "def dog_age(h_age: int) -> int:\n    \"\"\"\n\tWrite a function to calculate a dog's age in dog's years.\n\t\"\"\"\n    return h_age * 7\n\n\ndef check(candidate):\n    assert candidate(12) == 61\n    assert candidate(15) == 73\n    assert candidate(24) == 109\n\ndef test_check():\n    check(dog_age)\n\ntest_check()\n",
      "timestamp": 1665509899,
      "stdout": "",
      "stderr": "Traceback (most recent call last):\n  File \"/tmp/tmp8h27ck4j.py\", line 16, in <module>\n    test_check()\n  File \"/tmp/tmp8h27ck4j.py\", line 14, in test_check\n    check(dog_age)\n  File \"/tmp/tmp8h27ck4j.py\", line 9, in check\n    assert candidate(12) == 61\nAssertionError\n",
      "exit_code": 1,
      "status": "Exception"
    },
    {
      "program": "def dog_age(h_age: int) -> int:\n    \"\"\"\n\tWrite a function to calculate a dog's age in dog's years.\n\t\"\"\"\n    return h_age * 7\n\n\ndef check(candidate):\n    assert candidate(12) == 61\n    assert candidate(15) == 73\n    assert candidate(24) == 109\n\ndef test_check():\n    check(dog_age)\n\ntest_check()\n",
      "timestamp": 1665509899,
      "stdout": "",
      "stderr": "Traceback (most recent call last):\n  File \"/tmp/tmp8h27ck4j.py\", line 16, in <module>\n    test_check()\n  File \"/tmp/tmp8h27ck4j.py\", line 14, in test_check\n    check(dog_age)\n  File \"/tmp/tmp8h27ck4j.py\", line 9, in check\n    assert candidate(12) == 61\nAssertionError\n",
      "exit_code": 1,
      "status": "Exception"
    },
    {
      "program": "def dog_age(h_age: int) -> int:\n    \"\"\"\n\tWrite a function to calculate a dog's age in dog's years.\n\t\"\"\"\n    return h_age * 7\n\n\ndef check(candidate):\n    assert candidate(12) == 61\n    assert candidate(15) == 73\n    assert candidate(24) == 109\n\ndef test_check():\n    check(dog_age)\n\ntest_check()\n",
      "timestamp": 1665509899,
      "stdout": "",
      "stderr": "Traceback (most recent call last):\n  File \"/tmp/tmp8h27ck4j.py\", line 16, in <module>\n    test_check()\n  File \"/tmp/tmp8h27ck4j.py\", line 14, in test_check\n    check(dog_age)\n  File \"/tmp/tmp8h27ck4j.py\", line 9, in check\n    assert candidate(12) == 61\nAssertionError\n",
      "exit_code": 1,
      "status": "Exception"
    },
    {
      "program": "def dog_age(h_age: int) -> int:\n    \"\"\"\n\tWrite a function to calculate a dog's age in dog's years.\n\t\"\"\"\n    return h_age * 7\n\n\ndef check(candidate):\n    assert candidate(12) == 61\n    assert candidate(15) == 73\n    assert candidate(24) == 109\n\ndef test_check():\n    check(dog_age)\n\ntest_check()\n",
      "timestamp": 1665509899,
      "stdout": "",
      "stderr": "Traceback (most recent call last):\n  File \"/tmp/tmp8h27ck4j.py\", line 16, in <module>\n    test_check()\n  File \"/tmp/tmp8h27ck4j.py\", line 14, in test_check\n    check(dog_age)\n  File \"/tmp/tmp8h27ck4j.py\", line 9, in check\n    assert candidate(12) == 61\nAssertionError\n",
      "exit_code": 1,
      "status": "Exception"
    },
    {
      "program": "def dog_age(h_age: int) -> int:\n    \"\"\"\n\tWrite a function to calculate a dog's age in dog's years.\n\t\"\"\"\n    return h_age * 7\n\n\ndef check(candidate):\n    assert candidate(12) == 61\n    assert candidate(15) == 73\n    assert candidate(24) == 109\n\ndef test_check():\n    check(dog_age)\n\ntest_check()\n",
      "timestamp": 1665509899,
      "stdout": "",
      "stderr": "Traceback (most recent call last):\n  File \"/tmp/tmp8h27ck4j.py\", line 16, in <module>\n    test_check()\n  File \"/tmp/tmp8h27ck4j.py\", line 14, in test_check\n    check(dog_age)\n  File \"/tmp/tmp8h27ck4j.py\", line 9, in check\n    assert candidate(12) == 61\nAssertionError\n",
      "exit_code": 1,
      "status": "Exception"
    },
    {
      "program": "def dog_age(h_age: int) -> int:\n    \"\"\"\n\tWrite a function to calculate a dog's age in dog's years.\n\t\"\"\"\n    return h_age * 7\n\n\ndef check(candidate):\n    assert candidate(12) == 61\n    assert candidate(15) == 73\n    assert candidate(24) == 109\n\ndef test_check():\n    check(dog_age)\n\ntest_check()\n",
      "timestamp": 1665509899,
      "stdout": "",
      "stderr": "Traceback (most recent call last):\n  File \"/tmp/tmp8h27ck4j.py\", line 16, in <module>\n    test_check()\n  File \"/tmp/tmp8h27ck4j.py\", line 14, in test_check\n    check(dog_age)\n  File \"/tmp/tmp8h27ck4j.py\", line 9, in check\n    assert candidate(12) == 61\nAssertionError\n",
      "exit_code": 1,
      "status": "Exception"
    },
    {
      "program": "def dog_age(h_age: int) -> int:\n    \"\"\"\n\tWrite a function to calculate a dog's age in dog's years.\n\t\"\"\"\n    return h_age * 7\n\n\ndef check(candidate):\n    assert candidate(12) == 61\n    assert candidate(15) == 73\n    assert candidate(24) == 109\n\ndef test_check():\n    check(dog_age)\n\ntest_check()\n",
      "timestamp": 1665509899,
      "stdout": "",
      "stderr": "Traceback (most recent call last):\n  File \"/tmp/tmp8h27ck4j.py\", line 16, in <module>\n    test_check()\n  File \"/tmp/tmp8h27ck4j.py\", line 14, in test_check\n    check(dog_age)\n  File \"/tmp/tmp8h27ck4j.py\", line 9, in check\n    assert candidate(12) == 61\nAssertionError\n",
      "exit_code": 1,
      "status": "Exception"
    },
    {
      "program": "def dog_age(h_age: int) -> int:\n    \"\"\"\n\tWrite a function to calculate a dog's age in dog's years.\n\t\"\"\"\n    return h_age * 7\n\n\ndef check(candidate):\n    assert candidate(12) == 61\n    assert candidate(15) == 73\n    assert candidate(24) == 109\n\ndef test_check():\n    check(dog_age)\n\ntest_check()\n",
      "timestamp": 1665509899,
      "stdout": "",
      "stderr": "Traceback (most recent call last):\n  File \"/tmp/tmp8h27ck4j.py\", line 16, in <module>\n    test_check()\n  File \"/tmp/tmp8h27ck4j.py\", line 14, in test_check\n    check(dog_age)\n  File \"/tmp/tmp8h27ck4j.py\", line 9, in check\n    assert candidate(12) == 61\nAssertionError\n",
      "exit_code": 1,
      "status": "Exception"
    },
    {
      "program": "def dog_age(h_age: int) -> int:\n    \"\"\"\n\tWrite a function to calculate a dog's age in dog's years.\n\t\"\"\"\n    return h_age * 7\n\n\ndef check(candidate):\n    assert candidate(12) == 61\n    assert candidate(15) == 73\n    assert candidate(24) == 109\n\ndef test_check():\n    check(dog_age)\n\ntest_check()\n",
      "timestamp": 1665509899,
      "stdout": "",
      "stderr": "Traceback (most recent call last):\n  File \"/tmp/tmp8h27ck4j.py\", line 16, in <module>\n    test_check()\n  File \"/tmp/tmp8h27ck4j.py\", line 14, in test_check\n    check(dog_age)\n  File \"/tmp/tmp8h27ck4j.py\", line 9, in check\n    assert candidate(12) == 61\nAssertionError\n",
      "exit_code": 1,
      "status": "Exception"
    },
    {
      "program": "def dog_age(h_age: int) -> int:\n    \"\"\"\n\tWrite a function to calculate a dog's age in dog's years.\n\t\"\"\"\n    return h_age * 7\n\n\ndef check(candidate):\n    assert candidate(12) == 61\n    assert candidate(15) == 73\n    assert candidate(24) == 109\n\ndef test_check():\n    check(dog_age)\n\ntest_check()\n",
      "timestamp": 1665509899,
      "stdout": "",
      "stderr": "Traceback (most recent call last):\n  File \"/tmp/tmp8h27ck4j.py\", line 16, in <module>\n    test_check()\n  File \"/tmp/tmp8h27ck4j.py\", line 14, in test_check\n    check(dog_age)\n  File \"/tmp/tmp8h27ck4j.py\", line 9, in check\n    assert candidate(12) == 61\nAssertionError\n",
      "exit_code": 1,
      "status": "Exception"
    },
    {
      "program": "def dog_age(h_age: int) -> int:\n    \"\"\"\n\tWrite a function to calculate a dog's age in dog's years.\n\t\"\"\"\n    return h_age * 7\n\n\ndef check(candidate):\n    assert candidate(12) == 61\n    assert candidate(15) == 73\n    assert candidate(24) == 109\n\ndef test_check():\n    check(dog_age)\n\ntest_check()\n",
      "timestamp": 1665509899,
      "stdout": "",
      "stderr": "Traceback (most recent call last):\n  File \"/tmp/tmp8h27ck4j.py\", line 16, in <module>\n    test_check()\n  File \"/tmp/tmp8h27ck4j.py\", line 14, in test_check\n    check(dog_age)\n  File \"/tmp/tmp8h27ck4j.py\", line 9, in check\n    assert candidate(12) == 61\nAssertionError\n",
      "exit_code": 1,
      "status": "Exception"
    },
    {
      "program": "def dog_age(h_age: int) -> int:\n    \"\"\"\n\tWrite a function to calculate a dog's age in dog's years.\n\t\"\"\"\n    return h_age * 7\n\n\ndef check(candidate):\n    assert candidate(12) == 61\n    assert candidate(15) == 73\n    assert candidate(24) == 109\n\ndef test_check():\n    check(dog_age)\n\ntest_check()\n",
      "timestamp": 1665509899,
      "stdout": "",
      "stderr": "Traceback (most recent call last):\n  File \"/tmp/tmp8h27ck4j.py\", line 16, in <module>\n    test_check()\n  File \"/tmp/tmp8h27ck4j.py\", line 14, in test_check\n    check(dog_age)\n  File \"/tmp/tmp8h27ck4j.py\", line 9, in check\n    assert candidate(12) == 61\nAssertionError\n",
      "exit_code": 1,
      "status": "Exception"
    },
    {
      "program": "def dog_age(h_age: int) -> int:\n    \"\"\"\n\tWrite a function to calculate a dog's age in dog's years.\n\t\"\"\"\n    return h_age * 7\n\n\ndef check(candidate):\n    assert candidate(12) == 61\n    assert candidate(15) == 73\n    assert candidate(24) == 109\n\ndef test_check():\n    check(dog_age)\n\ntest_check()\n",
      "timestamp": 1665509899,
      "stdout": "",
      "stderr": "Traceback (most recent call last):\n  File \"/tmp/tmp8h27ck4j.py\", line 16, in <module>\n    test_check()\n  File \"/tmp/tmp8h27ck4j.py\", line 14, in test_check\n    check(dog_age)\n  File \"/tmp/tmp8h27ck4j.py\", line 9, in check\n    assert candidate(12) == 61\nAssertionError\n",
      "exit_code": 1,
      "status": "Exception"
    },
    {
      "program": "def dog_age(h_age: int) -> int:\n    \"\"\"\n\tWrite a function to calculate a dog's age in dog's years.\n\t\"\"\"\n    return h_age * 7\n\n\ndef check(candidate):\n    assert candidate(12) == 61\n    assert candidate(15) == 73\n    assert candidate(24) == 109\n\ndef test_check():\n    check(dog_age)\n\ntest_check()\n",
      "timestamp": 1665509899,
      "stdout": "",
      "stderr": "Traceback (most recent call last):\n  File \"/tmp/tmp8h27ck4j.py\", line 16, in <module>\n    test_check()\n  File \"/tmp/tmp8h27ck4j.py\", line 14, in test_check\n    check(dog_age)\n  File \"/tmp/tmp8h27ck4j.py\", line 9, in check\n    assert candidate(12) == 61\nAssertionError\n",
      "exit_code": 1,
      "status": "Exception"
    },
    {
      "program": "def dog_age(h_age: int) -> int:\n    \"\"\"\n\tWrite a function to calculate a dog's age in dog's years.\n\t\"\"\"\n    return h_age * 7\n\n\ndef check(candidate):\n    assert candidate(12) == 61\n    assert candidate(15) == 73\n    assert candidate(24) == 109\n\ndef test_check():\n    check(dog_age)\n\ntest_check()\n",
      "timestamp": 1665509899,
      "stdout": "",
      "stderr": "Traceback (most recent call last):\n  File \"/tmp/tmp8h27ck4j.py\", line 16, in <module>\n    test_check()\n  File \"/tmp/tmp8h27ck4j.py\", line 14, in test_check\n    check(dog_age)\n  File \"/tmp/tmp8h27ck4j.py\", line 9, in check\n    assert candidate(12) == 61\nAssertionError\n",
      "exit_code": 1,
      "status": "Exception"
    },
    {
      "program": "def dog_age(h_age: int) -> int:\n    \"\"\"\n\tWrite a function to calculate a dog's age in dog's years.\n\t\"\"\"\n    return h_age * 7\n\n\ndef check(candidate):\n    assert candidate(12) == 61\n    assert candidate(15) == 73\n    assert candidate(24) == 109\n\ndef test_check():\n    check(dog_age)\n\ntest_check()\n",
      "timestamp": 1665509899,
      "stdout": "",
      "stderr": "Traceback (most recent call last):\n  File \"/tmp/tmp8h27ck4j.py\", line 16, in <module>\n    test_check()\n  File \"/tmp/tmp8h27ck4j.py\", line 14, in test_check\n    check(dog_age)\n  File \"/tmp/tmp8h27ck4j.py\", line 9, in check\n    assert candidate(12) == 61\nAssertionError\n",
      "exit_code": 1,
      "status": "Exception"
    },
    {
      "program": "def dog_age(h_age: int) -> int:\n    \"\"\"\n\tWrite a function to calculate a dog's age in dog's years.\n\t\"\"\"\n    return h_age * 7\n\n\ndef check(candidate):\n    assert candidate(12) == 61\n    assert candidate(15) == 73\n    assert candidate(24) == 109\n\ndef test_check():\n    check(dog_age)\n\ntest_check()\n",
      "timestamp": 1665509899,
      "stdout": "",
      "stderr": "Traceback (most recent call last):\n  File \"/tmp/tmp8h27ck4j.py\", line 16, in <module>\n    test_check()\n  File \"/tmp/tmp8h27ck4j.py\", line 14, in test_check\n    check(dog_age)\n  File \"/tmp/tmp8h27ck4j.py\", line 9, in check\n    assert candidate(12) == 61\nAssertionError\n",
      "exit_code": 1,
      "status": "Exception"
    },
    {
      "program": "def dog_age(h_age: int) -> int:\n    \"\"\"\n\tWrite a function to calculate a dog's age in dog's years.\n\t\"\"\"\n    return h_age * 7\n\n\ndef check(candidate):\n    assert candidate(12) == 61\n    assert candidate(15) == 73\n    assert candidate(24) == 109\n\ndef test_check():\n    check(dog_age)\n\ntest_check()\n",
      "timestamp": 1665509899,
      "stdout": "",
      "stderr": "Traceback (most recent call last):\n  File \"/tmp/tmp8h27ck4j.py\", line 16, in <module>\n    test_check()\n  File \"/tmp/tmp8h27ck4j.py\", line 14, in test_check\n    check(dog_age)\n  File \"/tmp/tmp8h27ck4j.py\", line 9, in check\n    assert candidate(12) == 61\nAssertionError\n",
      "exit_code": 1,
      "status": "Exception"
    },
    {
      "program": "def dog_age(h_age: int) -> int:\n    \"\"\"\n\tWrite a function to calculate a dog's age in dog's years.\n\t\"\"\"\n    return h_age * 7\n\n\ndef check(candidate):\n    assert candidate(12) == 61\n    assert candidate(15) == 73\n    assert candidate(24) == 109\n\ndef test_check():\n    check(dog_age)\n\ntest_check()\n",
      "timestamp": 1665509899,
      "stdout": "",
      "stderr": "Traceback (most recent call last):\n  File \"/tmp/tmp8h27ck4j.py\", line 16, in <module>\n    test_check()\n  File \"/tmp/tmp8h27ck4j.py\", line 14, in test_check\n    check(dog_age)\n  File \"/tmp/tmp8h27ck4j.py\", line 9, in check\n    assert candidate(12) == 61\nAssertionError\n",
      "exit_code": 1,
      "status": "Exception"
    },
    {
      "program": "def dog_age(h_age: int) -> int:\n    \"\"\"\n\tWrite a function to calculate a dog's age in dog's years.\n\t\"\"\"\n    return h_age * 7\n\n\ndef check(candidate):\n    assert candidate(12) == 61\n    assert candidate(15) == 73\n    assert candidate(24) == 109\n\ndef test_check():\n    check(dog_age)\n\ntest_check()\n",
      "timestamp": 1665509899,
      "stdout": "",
      "stderr": "Traceback (most recent call last):\n  File \"/tmp/tmp8h27ck4j.py\", line 16, in <module>\n    test_check()\n  File \"/tmp/tmp8h27ck4j.py\", line 14, in test_check\n    check(dog_age)\n  File \"/tmp/tmp8h27ck4j.py\", line 9, in check\n    assert candidate(12) == 61\nAssertionError\n",
      "exit_code": 1,
      "status": "Exception"
    },
    {
      "program": "def dog_age(h_age: int) -> int:\n    \"\"\"\n\tWrite a function to calculate a dog's age in dog's years.\n\t\"\"\"\n    return h_age * 7\n\n\ndef check(candidate):\n    assert candidate(12) == 61\n    assert candidate(15) == 73\n    assert candidate(24) == 109\n\ndef test_check():\n    check(dog_age)\n\ntest_check()\n",
      "timestamp": 1665509899,
      "stdout": "",
      "stderr": "Traceback (most recent call last):\n  File \"/tmp/tmp8h27ck4j.py\", line 16, in <module>\n    test_check()\n  File \"/tmp/tmp8h27ck4j.py\", line 14, in test_check\n    check(dog_age)\n  File \"/tmp/tmp8h27ck4j.py\", line 9, in check\n    assert candidate(12) == 61\nAssertionError\n",
      "exit_code": 1,
      "status": "Exception"
    },
    {
      "program": "def dog_age(h_age: int) -> int:\n    \"\"\"\n\tWrite a function to calculate a dog's age in dog's years.\n\t\"\"\"\n    return h_age * 7\n\n\ndef check(candidate):\n    assert candidate(12) == 61\n    assert candidate(15) == 73\n    assert candidate(24) == 109\n\ndef test_check():\n    check(dog_age)\n\ntest_check()\n",
      "timestamp": 1665509899,
      "stdout": "",
      "stderr": "Traceback (most recent call last):\n  File \"/tmp/tmp8h27ck4j.py\", line 16, in <module>\n    test_check()\n  File \"/tmp/tmp8h27ck4j.py\", line 14, in test_check\n    check(dog_age)\n  File \"/tmp/tmp8h27ck4j.py\", line 9, in check\n    assert candidate(12) == 61\nAssertionError\n",
      "exit_code": 1,
      "status": "Exception"
    },
    {
      "program": "def dog_age(h_age: int) -> int:\n    \"\"\"\n\tWrite a function to calculate a dog's age in dog's years.\n\t\"\"\"\n    return h_age * 7\n\n\ndef check(candidate):\n    assert candidate(12) == 61\n    assert candidate(15) == 73\n    assert candidate(24) == 109\n\ndef test_check():\n    check(dog_age)\n\ntest_check()\n",
      "timestamp": 1665509899,
      "stdout": "",
      "stderr": "Traceback (most recent call last):\n  File \"/tmp/tmp8h27ck4j.py\", line 16, in <module>\n    test_check()\n  File \"/tmp/tmp8h27ck4j.py\", line 14, in test_check\n    check(dog_age)\n  File \"/tmp/tmp8h27ck4j.py\", line 9, in check\n    assert candidate(12) == 61\nAssertionError\n",
      "exit_code": 1,
      "status": "Exception"
    },
    {
      "program": "def dog_age(h_age: int) -> int:\n    \"\"\"\n\tWrite a function to calculate a dog's age in dog's years.\n\t\"\"\"\n    return h_age * 7\n\n\ndef check(candidate):\n    assert candidate(12) == 61\n    assert candidate(15) == 73\n    assert candidate(24) == 109\n\ndef test_check():\n    check(dog_age)\n\ntest_check()\n",
      "timestamp": 1665509899,
      "stdout": "",
      "stderr": "Traceback (most recent call last):\n  File \"/tmp/tmp8h27ck4j.py\", line 16, in <module>\n    test_check()\n  File \"/tmp/tmp8h27ck4j.py\", line 14, in test_check\n    check(dog_age)\n  File \"/tmp/tmp8h27ck4j.py\", line 9, in check\n    assert candidate(12) == 61\nAssertionError\n",
      "exit_code": 1,
      "status": "Exception"
    },
    {
      "program": "def dog_age(h_age: int) -> int:\n    \"\"\"\n\tWrite a function to calculate a dog's age in dog's years.\n\t\"\"\"\n    return h_age * 7\n\n\ndef check(candidate):\n    assert candidate(12) == 61\n    assert candidate(15) == 73\n    assert candidate(24) == 109\n\ndef test_check():\n    check(dog_age)\n\ntest_check()\n",
      "timestamp": 1665509899,
      "stdout": "",
      "stderr": "Traceback (most recent call last):\n  File \"/tmp/tmp8h27ck4j.py\", line 16, in <module>\n    test_check()\n  File \"/tmp/tmp8h27ck4j.py\", line 14, in test_check\n    check(dog_age)\n  File \"/tmp/tmp8h27ck4j.py\", line 9, in check\n    assert candidate(12) == 61\nAssertionError\n",
      "exit_code": 1,
      "status": "Exception"
    },
    {
      "program": "def dog_age(h_age: int) -> int:\n    \"\"\"\n\tWrite a function to calculate a dog's age in dog's years.\n\t\"\"\"\n    return h_age * 7\n\n\ndef check(candidate):\n    assert candidate(12) == 61\n    assert candidate(15) == 73\n    assert candidate(24) == 109\n\ndef test_check():\n    check(dog_age)\n\ntest_check()\n",
      "timestamp": 1665509899,
      "stdout": "",
      "stderr": "Traceback (most recent call last):\n  File \"/tmp/tmp8h27ck4j.py\", line 16, in <module>\n    test_check()\n  File \"/tmp/tmp8h27ck4j.py\", line 14, in test_check\n    check(dog_age)\n  File \"/tmp/tmp8h27ck4j.py\", line 9, in check\n    assert candidate(12) == 61\nAssertionError\n",
      "exit_code": 1,
      "status": "Exception"
    },
    {
      "program": "def dog_age(h_age: int) -> int:\n    \"\"\"\n\tWrite a function to calculate a dog's age in dog's years.\n\t\"\"\"\n    return h_age * 7\n\n\ndef check(candidate):\n    assert candidate(12) == 61\n    assert candidate(15) == 73\n    assert candidate(24) == 109\n\ndef test_check():\n    check(dog_age)\n\ntest_check()\n",
      "timestamp": 1665509899,
      "stdout": "",
      "stderr": "Traceback (most recent call last):\n  File \"/tmp/tmp8h27ck4j.py\", line 16, in <module>\n    test_check()\n  File \"/tmp/tmp8h27ck4j.py\", line 14, in test_check\n    check(dog_age)\n  File \"/tmp/tmp8h27ck4j.py\", line 9, in check\n    assert candidate(12) == 61\nAssertionError\n",
      "exit_code": 1,
      "status": "Exception"
    },
    {
      "program": "def dog_age(h_age: int) -> int:\n    \"\"\"\n\tWrite a function to calculate a dog's age in dog's years.\n\t\"\"\"\n    return h_age * 7\n\n\ndef check(candidate):\n    assert candidate(12) == 61\n    assert candidate(15) == 73\n    assert candidate(24) == 109\n\ndef test_check():\n    check(dog_age)\n\ntest_check()\n",
      "timestamp": 1665509899,
      "stdout": "",
      "stderr": "Traceback (most recent call last):\n  File \"/tmp/tmp8h27ck4j.py\", line 16, in <module>\n    test_check()\n  File \"/tmp/tmp8h27ck4j.py\", line 14, in test_check\n    check(dog_age)\n  File \"/tmp/tmp8h27ck4j.py\", line 9, in check\n    assert candidate(12) == 61\nAssertionError\n",
      "exit_code": 1,
      "status": "Exception"
    },
    {
      "program": "def dog_age(h_age: int) -> int:\n    \"\"\"\n\tWrite a function to calculate a dog's age in dog's years.\n\t\"\"\"\n    return h_age * 7\n\n\ndef check(candidate):\n    assert candidate(12) == 61\n    assert candidate(15) == 73\n    assert candidate(24) == 109\n\ndef test_check():\n    check(dog_age)\n\ntest_check()\n",
      "timestamp": 1665509899,
      "stdout": "",
      "stderr": "Traceback (most recent call last):\n  File \"/tmp/tmp8h27ck4j.py\", line 16, in <module>\n    test_check()\n  File \"/tmp/tmp8h27ck4j.py\", line 14, in test_check\n    check(dog_age)\n  File \"/tmp/tmp8h27ck4j.py\", line 9, in check\n    assert candidate(12) == 61\nAssertionError\n",
      "exit_code": 1,
      "status": "Exception"
    },
    {
      "program": "def dog_age(h_age: int) -> int:\n    \"\"\"\n\tWrite a function to calculate a dog's age in dog's years.\n\t\"\"\"\n    return h_age * 7\n\n\ndef check(candidate):\n    assert candidate(12) == 61\n    assert candidate(15) == 73\n    assert candidate(24) == 109\n\ndef test_check():\n    check(dog_age)\n\ntest_check()\n",
      "timestamp": 1665509899,
      "stdout": "",
      "stderr": "Traceback (most recent call last):\n  File \"/tmp/tmp8h27ck4j.py\", line 16, in <module>\n    test_check()\n  File \"/tmp/tmp8h27ck4j.py\", line 14, in test_check\n    check(dog_age)\n  File \"/tmp/tmp8h27ck4j.py\", line 9, in check\n    assert candidate(12) == 61\nAssertionError\n",
      "exit_code": 1,
      "status": "Exception"
    },
    {
      "program": "def dog_age(h_age: int) -> int:\n    \"\"\"\n\tWrite a function to calculate a dog's age in dog's years.\n\t\"\"\"\n    return h_age * 7\n\n\ndef check(candidate):\n    assert candidate(12) == 61\n    assert candidate(15) == 73\n    assert candidate(24) == 109\n\ndef test_check():\n    check(dog_age)\n\ntest_check()\n",
      "timestamp": 1665509899,
      "stdout": "",
      "stderr": "Traceback (most recent call last):\n  File \"/tmp/tmp8h27ck4j.py\", line 16, in <module>\n    test_check()\n  File \"/tmp/tmp8h27ck4j.py\", line 14, in test_check\n    check(dog_age)\n  File \"/tmp/tmp8h27ck4j.py\", line 9, in check\n    assert candidate(12) == 61\nAssertionError\n",
      "exit_code": 1,
      "status": "Exception"
    },
    {
      "program": "def dog_age(h_age: int) -> int:\n    \"\"\"\n\tWrite a function to calculate a dog's age in dog's years.\n\t\"\"\"\n    return h_age * 7\n\n\ndef check(candidate):\n    assert candidate(12) == 61\n    assert candidate(15) == 73\n    assert candidate(24) == 109\n\ndef test_check():\n    check(dog_age)\n\ntest_check()\n",
      "timestamp": 1665509899,
      "stdout": "",
      "stderr": "Traceback (most recent call last):\n  File \"/tmp/tmp8h27ck4j.py\", line 16, in <module>\n    test_check()\n  File \"/tmp/tmp8h27ck4j.py\", line 14, in test_check\n    check(dog_age)\n  File \"/tmp/tmp8h27ck4j.py\", line 9, in check\n    assert candidate(12) == 61\nAssertionError\n",
      "exit_code": 1,
      "status": "Exception"
    },
    {
      "program": "def dog_age(h_age: int) -> int:\n    \"\"\"\n\tWrite a function to calculate a dog's age in dog's years.\n\t\"\"\"\n    return h_age * 7\n\n\ndef check(candidate):\n    assert candidate(12) == 61\n    assert candidate(15) == 73\n    assert candidate(24) == 109\n\ndef test_check():\n    check(dog_age)\n\ntest_check()\n",
      "timestamp": 1665509899,
      "stdout": "",
      "stderr": "Traceback (most recent call last):\n  File \"/tmp/tmp8h27ck4j.py\", line 16, in <module>\n    test_check()\n  File \"/tmp/tmp8h27ck4j.py\", line 14, in test_check\n    check(dog_age)\n  File \"/tmp/tmp8h27ck4j.py\", line 9, in check\n    assert candidate(12) == 61\nAssertionError\n",
      "exit_code": 1,
      "status": "Exception"
    },
    {
      "program": "def dog_age(h_age: int) -> int:\n    \"\"\"\n\tWrite a function to calculate a dog's age in dog's years.\n\t\"\"\"\n    return h_age * 7\n\n\ndef check(candidate):\n    assert candidate(12) == 61\n    assert candidate(15) == 73\n    assert candidate(24) == 109\n\ndef test_check():\n    check(dog_age)\n\ntest_check()\n",
      "timestamp": 1665509899,
      "stdout": "",
      "stderr": "Traceback (most recent call last):\n  File \"/tmp/tmp8h27ck4j.py\", line 16, in <module>\n    test_check()\n  File \"/tmp/tmp8h27ck4j.py\", line 14, in test_check\n    check(dog_age)\n  File \"/tmp/tmp8h27ck4j.py\", line 9, in check\n    assert candidate(12) == 61\nAssertionError\n",
      "exit_code": 1,
      "status": "Exception"
    },
    {
      "program": "def dog_age(h_age: int) -> int:\n    \"\"\"\n\tWrite a function to calculate a dog's age in dog's years.\n\t\"\"\"\n    return h_age * 7\n\n\ndef check(candidate):\n    assert candidate(12) == 61\n    assert candidate(15) == 73\n    assert candidate(24) == 109\n\ndef test_check():\n    check(dog_age)\n\ntest_check()\n",
      "timestamp": 1665509899,
      "stdout": "",
      "stderr": "Traceback (most recent call last):\n  File \"/tmp/tmp8h27ck4j.py\", line 16, in <module>\n    test_check()\n  File \"/tmp/tmp8h27ck4j.py\", line 14, in test_check\n    check(dog_age)\n  File \"/tmp/tmp8h27ck4j.py\", line 9, in check\n    assert candidate(12) == 61\nAssertionError\n",
      "exit_code": 1,
      "status": "Exception"
    },
    {
      "program": "def dog_age(h_age: int) -> int:\n    \"\"\"\n\tWrite a function to calculate a dog's age in dog's years.\n\t\"\"\"\n    return h_age * 7\n\n\ndef check(candidate):\n    assert candidate(12) == 61\n    assert candidate(15) == 73\n    assert candidate(24) == 109\n\ndef test_check():\n    check(dog_age)\n\ntest_check()\n",
      "timestamp": 1665509899,
      "stdout": "",
      "stderr": "Traceback (most recent call last):\n  File \"/tmp/tmp8h27ck4j.py\", line 16, in <module>\n    test_check()\n  File \"/tmp/tmp8h27ck4j.py\", line 14, in test_check\n    check(dog_age)\n  File \"/tmp/tmp8h27ck4j.py\", line 9, in check\n    assert candidate(12) == 61\nAssertionError\n",
      "exit_code": 1,
      "status": "Exception"
    },
    {
      "program": "def dog_age(h_age: int) -> int:\n    \"\"\"\n\tWrite a function to calculate a dog's age in dog's years.\n\t\"\"\"\n    return h_age * 7\n\n\ndef check(candidate):\n    assert candidate(12) == 61\n    assert candidate(15) == 73\n    assert candidate(24) == 109\n\ndef test_check():\n    check(dog_age)\n\ntest_check()\n",
      "timestamp": 1665509899,
      "stdout": "",
      "stderr": "Traceback (most recent call last):\n  File \"/tmp/tmp8h27ck4j.py\", line 16, in <module>\n    test_check()\n  File \"/tmp/tmp8h27ck4j.py\", line 14, in test_check\n    check(dog_age)\n  File \"/tmp/tmp8h27ck4j.py\", line 9, in check\n    assert candidate(12) == 61\nAssertionError\n",
      "exit_code": 1,
      "status": "Exception"
    },
    {
      "program": "def dog_age(h_age: int) -> int:\n    \"\"\"\n\tWrite a function to calculate a dog's age in dog's years.\n\t\"\"\"\n    return h_age * 7\n\n\ndef check(candidate):\n    assert candidate(12) == 61\n    assert candidate(15) == 73\n    assert candidate(24) == 109\n\ndef test_check():\n    check(dog_age)\n\ntest_check()\n",
      "timestamp": 1665509899,
      "stdout": "",
      "stderr": "Traceback (most recent call last):\n  File \"/tmp/tmp8h27ck4j.py\", line 16, in <module>\n    test_check()\n  File \"/tmp/tmp8h27ck4j.py\", line 14, in test_check\n    check(dog_age)\n  File \"/tmp/tmp8h27ck4j.py\", line 9, in check\n    assert candidate(12) == 61\nAssertionError\n",
      "exit_code": 1,
      "status": "Exception"
    },
    {
      "program": "def dog_age(h_age: int) -> int:\n    \"\"\"\n\tWrite a function to calculate a dog's age in dog's years.\n\t\"\"\"\n    return h_age * 7\n\n\ndef check(candidate):\n    assert candidate(12) == 61\n    assert candidate(15) == 73\n    assert candidate(24) == 109\n\ndef test_check():\n    check(dog_age)\n\ntest_check()\n",
      "timestamp": 1665509899,
      "stdout": "",
      "stderr": "Traceback (most recent call last):\n  File \"/tmp/tmp8h27ck4j.py\", line 16, in <module>\n    test_check()\n  File \"/tmp/tmp8h27ck4j.py\", line 14, in test_check\n    check(dog_age)\n  File \"/tmp/tmp8h27ck4j.py\", line 9, in check\n    assert candidate(12) == 61\nAssertionError\n",
      "exit_code": 1,
      "status": "Exception"
    },
    {
      "program": "def dog_age(h_age: int) -> int:\n    \"\"\"\n\tWrite a function to calculate a dog's age in dog's years.\n\t\"\"\"\n    return h_age * 7\n\n\ndef check(candidate):\n    assert candidate(12) == 61\n    assert candidate(15) == 73\n    assert candidate(24) == 109\n\ndef test_check():\n    check(dog_age)\n\ntest_check()\n",
      "timestamp": 1665509899,
      "stdout": "",
      "stderr": "Traceback (most recent call last):\n  File \"/tmp/tmp8h27ck4j.py\", line 16, in <module>\n    test_check()\n  File \"/tmp/tmp8h27ck4j.py\", line 14, in test_check\n    check(dog_age)\n  File \"/tmp/tmp8h27ck4j.py\", line 9, in check\n    assert candidate(12) == 61\nAssertionError\n",
      "exit_code": 1,
      "status": "Exception"
    },
    {
      "program": "def dog_age(h_age: int) -> int:\n    \"\"\"\n\tWrite a function to calculate a dog's age in dog's years.\n\t\"\"\"\n    return h_age * 7\n\n\ndef check(candidate):\n    assert candidate(12) == 61\n    assert candidate(15) == 73\n    assert candidate(24) == 109\n\ndef test_check():\n    check(dog_age)\n\ntest_check()\n",
      "timestamp": 1665509899,
      "stdout": "",
      "stderr": "Traceback (most recent call last):\n  File \"/tmp/tmp8h27ck4j.py\", line 16, in <module>\n    test_check()\n  File \"/tmp/tmp8h27ck4j.py\", line 14, in test_check\n    check(dog_age)\n  File \"/tmp/tmp8h27ck4j.py\", line 9, in check\n    assert candidate(12) == 61\nAssertionError\n",
      "exit_code": 1,
      "status": "Exception"
    },
    {
      "program": "def dog_age(h_age: int) -> int:\n    \"\"\"\n\tWrite a function to calculate a dog's age in dog's years.\n\t\"\"\"\n    return h_age * 7\n\n\ndef check(candidate):\n    assert candidate(12) == 61\n    assert candidate(15) == 73\n    assert candidate(24) == 109\n\ndef test_check():\n    check(dog_age)\n\ntest_check()\n",
      "timestamp": 1665509899,
      "stdout": "",
      "stderr": "Traceback (most recent call last):\n  File \"/tmp/tmp8h27ck4j.py\", line 16, in <module>\n    test_check()\n  File \"/tmp/tmp8h27ck4j.py\", line 14, in test_check\n    check(dog_age)\n  File \"/tmp/tmp8h27ck4j.py\", line 9, in check\n    assert candidate(12) == 61\nAssertionError\n",
      "exit_code": 1,
      "status": "Exception"
    },
    {
      "program": "def dog_age(h_age: int) -> int:\n    \"\"\"\n\tWrite a function to calculate a dog's age in dog's years.\n\t\"\"\"\n    return h_age * 7\n\n\ndef check(candidate):\n    assert candidate(12) == 61\n    assert candidate(15) == 73\n    assert candidate(24) == 109\n\ndef test_check():\n    check(dog_age)\n\ntest_check()\n",
      "timestamp": 1665509899,
      "stdout": "",
      "stderr": "Traceback (most recent call last):\n  File \"/tmp/tmp8h27ck4j.py\", line 16, in <module>\n    test_check()\n  File \"/tmp/tmp8h27ck4j.py\", line 14, in test_check\n    check(dog_age)\n  File \"/tmp/tmp8h27ck4j.py\", line 9, in check\n    assert candidate(12) == 61\nAssertionError\n",
      "exit_code": 1,
      "status": "Exception"
    },
    {
      "program": "def dog_age(h_age: int) -> int:\n    \"\"\"\n\tWrite a function to calculate a dog's age in dog's years.\n\t\"\"\"\n    return h_age * 7\n\n\ndef check(candidate):\n    assert candidate(12) == 61\n    assert candidate(15) == 73\n    assert candidate(24) == 109\n\ndef test_check():\n    check(dog_age)\n\ntest_check()\n",
      "timestamp": 1665509899,
      "stdout": "",
      "stderr": "Traceback (most recent call last):\n  File \"/tmp/tmp8h27ck4j.py\", line 16, in <module>\n    test_check()\n  File \"/tmp/tmp8h27ck4j.py\", line 14, in test_check\n    check(dog_age)\n  File \"/tmp/tmp8h27ck4j.py\", line 9, in check\n    assert candidate(12) == 61\nAssertionError\n",
      "exit_code": 1,
      "status": "Exception"
    },
    {
      "program": "def dog_age(h_age: int) -> int:\n    \"\"\"\n\tWrite a function to calculate a dog's age in dog's years.\n\t\"\"\"\n    d_age = h_age * 7\n    return d_age\n\n\ndef check(candidate):\n    assert candidate(12) == 61\n    assert candidate(15) == 73\n    assert candidate(24) == 109\n\ndef test_check():\n    check(dog_age)\n\ntest_check()\n",
      "timestamp": 1666122671,
      "stdout": "",
      "stderr": "Traceback (most recent call last):\n  File \"/tmp/tmpmwhv_4ne.py\", line 17, in <module>\n    test_check()\n  File \"/tmp/tmpmwhv_4ne.py\", line 15, in test_check\n    check(dog_age)\n  File \"/tmp/tmpmwhv_4ne.py\", line 10, in check\n    assert candidate(12) == 61\nAssertionError\n",
      "exit_code": 1,
      "status": "Exception"
    },
    {
      "program": "def dog_age(h_age: int) -> int:\n    \"\"\"\n\tWrite a function to calculate a dog's age in dog's years.\n\t\"\"\"\n    return h_age * 7\n\n\ndef check(candidate):\n    assert candidate(12) == 61\n    assert candidate(15) == 73\n    assert candidate(24) == 109\n\ndef test_check():\n    check(dog_age)\n\ntest_check()\n",
      "timestamp": 1665509899,
      "stdout": "",
      "stderr": "Traceback (most recent call last):\n  File \"/tmp/tmp8h27ck4j.py\", line 16, in <module>\n    test_check()\n  File \"/tmp/tmp8h27ck4j.py\", line 14, in test_check\n    check(dog_age)\n  File \"/tmp/tmp8h27ck4j.py\", line 9, in check\n    assert candidate(12) == 61\nAssertionError\n",
      "exit_code": 1,
      "status": "Exception"
    },
    {
      "program": "def dog_age(h_age: int) -> int:\n    \"\"\"\n\tWrite a function to calculate a dog's age in dog's years.\n\t\"\"\"\n    return h_age * 7\n\n\ndef check(candidate):\n    assert candidate(12) == 61\n    assert candidate(15) == 73\n    assert candidate(24) == 109\n\ndef test_check():\n    check(dog_age)\n\ntest_check()\n",
      "timestamp": 1665509899,
      "stdout": "",
      "stderr": "Traceback (most recent call last):\n  File \"/tmp/tmp8h27ck4j.py\", line 16, in <module>\n    test_check()\n  File \"/tmp/tmp8h27ck4j.py\", line 14, in test_check\n    check(dog_age)\n  File \"/tmp/tmp8h27ck4j.py\", line 9, in check\n    assert candidate(12) == 61\nAssertionError\n",
      "exit_code": 1,
      "status": "Exception"
    },
    {
      "program": "def dog_age(h_age: int) -> int:\n    \"\"\"\n\tWrite a function to calculate a dog's age in dog's years.\n\t\"\"\"\n    return h_age * 7\n\n\ndef check(candidate):\n    assert candidate(12) == 61\n    assert candidate(15) == 73\n    assert candidate(24) == 109\n\ndef test_check():\n    check(dog_age)\n\ntest_check()\n",
      "timestamp": 1665509899,
      "stdout": "",
      "stderr": "Traceback (most recent call last):\n  File \"/tmp/tmp8h27ck4j.py\", line 16, in <module>\n    test_check()\n  File \"/tmp/tmp8h27ck4j.py\", line 14, in test_check\n    check(dog_age)\n  File \"/tmp/tmp8h27ck4j.py\", line 9, in check\n    assert candidate(12) == 61\nAssertionError\n",
      "exit_code": 1,
      "status": "Exception"
    },
    {
      "program": "def dog_age(h_age: int) -> int:\n    \"\"\"\n\tWrite a function to calculate a dog's age in dog's years.\n\t\"\"\"\n    return h_age * 7\n\n\ndef check(candidate):\n    assert candidate(12) == 61\n    assert candidate(15) == 73\n    assert candidate(24) == 109\n\ndef test_check():\n    check(dog_age)\n\ntest_check()\n",
      "timestamp": 1665509899,
      "stdout": "",
      "stderr": "Traceback (most recent call last):\n  File \"/tmp/tmp8h27ck4j.py\", line 16, in <module>\n    test_check()\n  File \"/tmp/tmp8h27ck4j.py\", line 14, in test_check\n    check(dog_age)\n  File \"/tmp/tmp8h27ck4j.py\", line 9, in check\n    assert candidate(12) == 61\nAssertionError\n",
      "exit_code": 1,
      "status": "Exception"
    },
    {
      "program": "def dog_age(h_age: int) -> int:\n    \"\"\"\n\tWrite a function to calculate a dog's age in dog's years.\n\t\"\"\"\n    return h_age * 7\n\n\ndef check(candidate):\n    assert candidate(12) == 61\n    assert candidate(15) == 73\n    assert candidate(24) == 109\n\ndef test_check():\n    check(dog_age)\n\ntest_check()\n",
      "timestamp": 1665509899,
      "stdout": "",
      "stderr": "Traceback (most recent call last):\n  File \"/tmp/tmp8h27ck4j.py\", line 16, in <module>\n    test_check()\n  File \"/tmp/tmp8h27ck4j.py\", line 14, in test_check\n    check(dog_age)\n  File \"/tmp/tmp8h27ck4j.py\", line 9, in check\n    assert candidate(12) == 61\nAssertionError\n",
      "exit_code": 1,
      "status": "Exception"
    },
    {
      "program": "def dog_age(h_age: int) -> int:\n    \"\"\"\n\tWrite a function to calculate a dog's age in dog's years.\n\t\"\"\"\n    return h_age * 7\n\n\ndef check(candidate):\n    assert candidate(12) == 61\n    assert candidate(15) == 73\n    assert candidate(24) == 109\n\ndef test_check():\n    check(dog_age)\n\ntest_check()\n",
      "timestamp": 1665509899,
      "stdout": "",
      "stderr": "Traceback (most recent call last):\n  File \"/tmp/tmp8h27ck4j.py\", line 16, in <module>\n    test_check()\n  File \"/tmp/tmp8h27ck4j.py\", line 14, in test_check\n    check(dog_age)\n  File \"/tmp/tmp8h27ck4j.py\", line 9, in check\n    assert candidate(12) == 61\nAssertionError\n",
      "exit_code": 1,
      "status": "Exception"
    },
    {
      "program": "def dog_age(h_age: int) -> int:\n    \"\"\"\n\tWrite a function to calculate a dog's age in dog's years.\n\t\"\"\"\n    return h_age * 7\n\n\ndef check(candidate):\n    assert candidate(12) == 61\n    assert candidate(15) == 73\n    assert candidate(24) == 109\n\ndef test_check():\n    check(dog_age)\n\ntest_check()\n",
      "timestamp": 1665509899,
      "stdout": "",
      "stderr": "Traceback (most recent call last):\n  File \"/tmp/tmp8h27ck4j.py\", line 16, in <module>\n    test_check()\n  File \"/tmp/tmp8h27ck4j.py\", line 14, in test_check\n    check(dog_age)\n  File \"/tmp/tmp8h27ck4j.py\", line 9, in check\n    assert candidate(12) == 61\nAssertionError\n",
      "exit_code": 1,
      "status": "Exception"
    },
    {
      "program": "def dog_age(h_age: int) -> int:\n    \"\"\"\n\tWrite a function to calculate a dog's age in dog's years.\n\t\"\"\"\n    return h_age * 7\n\n\ndef check(candidate):\n    assert candidate(12) == 61\n    assert candidate(15) == 73\n    assert candidate(24) == 109\n\ndef test_check():\n    check(dog_age)\n\ntest_check()\n",
      "timestamp": 1665509899,
      "stdout": "",
      "stderr": "Traceback (most recent call last):\n  File \"/tmp/tmp8h27ck4j.py\", line 16, in <module>\n    test_check()\n  File \"/tmp/tmp8h27ck4j.py\", line 14, in test_check\n    check(dog_age)\n  File \"/tmp/tmp8h27ck4j.py\", line 9, in check\n    assert candidate(12) == 61\nAssertionError\n",
      "exit_code": 1,
      "status": "Exception"
    },
    {
      "program": "def dog_age(h_age: int) -> int:\n    \"\"\"\n\tWrite a function to calculate a dog's age in dog's years.\n\t\"\"\"\n    return h_age * 7\n\n\ndef check(candidate):\n    assert candidate(12) == 61\n    assert candidate(15) == 73\n    assert candidate(24) == 109\n\ndef test_check():\n    check(dog_age)\n\ntest_check()\n",
      "timestamp": 1665509899,
      "stdout": "",
      "stderr": "Traceback (most recent call last):\n  File \"/tmp/tmp8h27ck4j.py\", line 16, in <module>\n    test_check()\n  File \"/tmp/tmp8h27ck4j.py\", line 14, in test_check\n    check(dog_age)\n  File \"/tmp/tmp8h27ck4j.py\", line 9, in check\n    assert candidate(12) == 61\nAssertionError\n",
      "exit_code": 1,
      "status": "Exception"
    },
    {
      "program": "def dog_age(h_age: int) -> int:\n    \"\"\"\n\tWrite a function to calculate a dog's age in dog's years.\n\t\"\"\"\n    return h_age * 7\n\n\ndef check(candidate):\n    assert candidate(12) == 61\n    assert candidate(15) == 73\n    assert candidate(24) == 109\n\ndef test_check():\n    check(dog_age)\n\ntest_check()\n",
      "timestamp": 1665509899,
      "stdout": "",
      "stderr": "Traceback (most recent call last):\n  File \"/tmp/tmp8h27ck4j.py\", line 16, in <module>\n    test_check()\n  File \"/tmp/tmp8h27ck4j.py\", line 14, in test_check\n    check(dog_age)\n  File \"/tmp/tmp8h27ck4j.py\", line 9, in check\n    assert candidate(12) == 61\nAssertionError\n",
      "exit_code": 1,
      "status": "Exception"
    },
    {
      "program": "def dog_age(h_age: int) -> int:\n    \"\"\"\n\tWrite a function to calculate a dog's age in dog's years.\n\t\"\"\"\n    return h_age * 7\n\n\ndef check(candidate):\n    assert candidate(12) == 61\n    assert candidate(15) == 73\n    assert candidate(24) == 109\n\ndef test_check():\n    check(dog_age)\n\ntest_check()\n",
      "timestamp": 1665509899,
      "stdout": "",
      "stderr": "Traceback (most recent call last):\n  File \"/tmp/tmp8h27ck4j.py\", line 16, in <module>\n    test_check()\n  File \"/tmp/tmp8h27ck4j.py\", line 14, in test_check\n    check(dog_age)\n  File \"/tmp/tmp8h27ck4j.py\", line 9, in check\n    assert candidate(12) == 61\nAssertionError\n",
      "exit_code": 1,
      "status": "Exception"
    },
    {
      "program": "def dog_age(h_age: int) -> int:\n    \"\"\"\n\tWrite a function to calculate a dog's age in dog's years.\n\t\"\"\"\n    return h_age * 7\n\n\ndef check(candidate):\n    assert candidate(12) == 61\n    assert candidate(15) == 73\n    assert candidate(24) == 109\n\ndef test_check():\n    check(dog_age)\n\ntest_check()\n",
      "timestamp": 1665509899,
      "stdout": "",
      "stderr": "Traceback (most recent call last):\n  File \"/tmp/tmp8h27ck4j.py\", line 16, in <module>\n    test_check()\n  File \"/tmp/tmp8h27ck4j.py\", line 14, in test_check\n    check(dog_age)\n  File \"/tmp/tmp8h27ck4j.py\", line 9, in check\n    assert candidate(12) == 61\nAssertionError\n",
      "exit_code": 1,
      "status": "Exception"
    },
    {
      "program": "def dog_age(h_age: int) -> int:\n    \"\"\"\n\tWrite a function to calculate a dog's age in dog's years.\n\t\"\"\"\n    return h_age * 7\n\n\ndef check(candidate):\n    assert candidate(12) == 61\n    assert candidate(15) == 73\n    assert candidate(24) == 109\n\ndef test_check():\n    check(dog_age)\n\ntest_check()\n",
      "timestamp": 1665509899,
      "stdout": "",
      "stderr": "Traceback (most recent call last):\n  File \"/tmp/tmp8h27ck4j.py\", line 16, in <module>\n    test_check()\n  File \"/tmp/tmp8h27ck4j.py\", line 14, in test_check\n    check(dog_age)\n  File \"/tmp/tmp8h27ck4j.py\", line 9, in check\n    assert candidate(12) == 61\nAssertionError\n",
      "exit_code": 1,
      "status": "Exception"
    },
    {
      "program": "def dog_age(h_age: int) -> int:\n    \"\"\"\n\tWrite a function to calculate a dog's age in dog's years.\n\t\"\"\"\n    return h_age * 7\n\n\ndef check(candidate):\n    assert candidate(12) == 61\n    assert candidate(15) == 73\n    assert candidate(24) == 109\n\ndef test_check():\n    check(dog_age)\n\ntest_check()\n",
      "timestamp": 1665509899,
      "stdout": "",
      "stderr": "Traceback (most recent call last):\n  File \"/tmp/tmp8h27ck4j.py\", line 16, in <module>\n    test_check()\n  File \"/tmp/tmp8h27ck4j.py\", line 14, in test_check\n    check(dog_age)\n  File \"/tmp/tmp8h27ck4j.py\", line 9, in check\n    assert candidate(12) == 61\nAssertionError\n",
      "exit_code": 1,
      "status": "Exception"
    },
    {
      "program": "def dog_age(h_age: int) -> int:\n    \"\"\"\n\tWrite a function to calculate a dog's age in dog's years.\n\t\"\"\"\n    return h_age * 7\n\n\ndef check(candidate):\n    assert candidate(12) == 61\n    assert candidate(15) == 73\n    assert candidate(24) == 109\n\ndef test_check():\n    check(dog_age)\n\ntest_check()\n",
      "timestamp": 1665509899,
      "stdout": "",
      "stderr": "Traceback (most recent call last):\n  File \"/tmp/tmp8h27ck4j.py\", line 16, in <module>\n    test_check()\n  File \"/tmp/tmp8h27ck4j.py\", line 14, in test_check\n    check(dog_age)\n  File \"/tmp/tmp8h27ck4j.py\", line 9, in check\n    assert candidate(12) == 61\nAssertionError\n",
      "exit_code": 1,
      "status": "Exception"
    },
    {
      "program": "def dog_age(h_age: int) -> int:\n    \"\"\"\n\tWrite a function to calculate a dog's age in dog's years.\n\t\"\"\"\n    return h_age * 7\n\n\ndef check(candidate):\n    assert candidate(12) == 61\n    assert candidate(15) == 73\n    assert candidate(24) == 109\n\ndef test_check():\n    check(dog_age)\n\ntest_check()\n",
      "timestamp": 1665509899,
      "stdout": "",
      "stderr": "Traceback (most recent call last):\n  File \"/tmp/tmp8h27ck4j.py\", line 16, in <module>\n    test_check()\n  File \"/tmp/tmp8h27ck4j.py\", line 14, in test_check\n    check(dog_age)\n  File \"/tmp/tmp8h27ck4j.py\", line 9, in check\n    assert candidate(12) == 61\nAssertionError\n",
      "exit_code": 1,
      "status": "Exception"
    },
    {
      "program": "def dog_age(h_age: int) -> int:\n    \"\"\"\n\tWrite a function to calculate a dog's age in dog's years.\n\t\"\"\"\n    return h_age * 7\n\n\ndef check(candidate):\n    assert candidate(12) == 61\n    assert candidate(15) == 73\n    assert candidate(24) == 109\n\ndef test_check():\n    check(dog_age)\n\ntest_check()\n",
      "timestamp": 1665509899,
      "stdout": "",
      "stderr": "Traceback (most recent call last):\n  File \"/tmp/tmp8h27ck4j.py\", line 16, in <module>\n    test_check()\n  File \"/tmp/tmp8h27ck4j.py\", line 14, in test_check\n    check(dog_age)\n  File \"/tmp/tmp8h27ck4j.py\", line 9, in check\n    assert candidate(12) == 61\nAssertionError\n",
      "exit_code": 1,
      "status": "Exception"
    },
    {
      "program": "def dog_age(h_age: int) -> int:\n    \"\"\"\n\tWrite a function to calculate a dog's age in dog's years.\n\t\"\"\"\n    return h_age * 7\n\n\ndef check(candidate):\n    assert candidate(12) == 61\n    assert candidate(15) == 73\n    assert candidate(24) == 109\n\ndef test_check():\n    check(dog_age)\n\ntest_check()\n",
      "timestamp": 1665509899,
      "stdout": "",
      "stderr": "Traceback (most recent call last):\n  File \"/tmp/tmp8h27ck4j.py\", line 16, in <module>\n    test_check()\n  File \"/tmp/tmp8h27ck4j.py\", line 14, in test_check\n    check(dog_age)\n  File \"/tmp/tmp8h27ck4j.py\", line 9, in check\n    assert candidate(12) == 61\nAssertionError\n",
      "exit_code": 1,
      "status": "Exception"
    },
    {
      "program": "def dog_age(h_age: int) -> int:\n    \"\"\"\n\tWrite a function to calculate a dog's age in dog's years.\n\t\"\"\"\n    return h_age * 7\n\n\ndef check(candidate):\n    assert candidate(12) == 61\n    assert candidate(15) == 73\n    assert candidate(24) == 109\n\ndef test_check():\n    check(dog_age)\n\ntest_check()\n",
      "timestamp": 1665509899,
      "stdout": "",
      "stderr": "Traceback (most recent call last):\n  File \"/tmp/tmp8h27ck4j.py\", line 16, in <module>\n    test_check()\n  File \"/tmp/tmp8h27ck4j.py\", line 14, in test_check\n    check(dog_age)\n  File \"/tmp/tmp8h27ck4j.py\", line 9, in check\n    assert candidate(12) == 61\nAssertionError\n",
      "exit_code": 1,
      "status": "Exception"
    },
    {
      "program": "def dog_age(h_age: int) -> int:\n    \"\"\"\n\tWrite a function to calculate a dog's age in dog's years.\n\t\"\"\"\n    return h_age * 7\n\n\ndef check(candidate):\n    assert candidate(12) == 61\n    assert candidate(15) == 73\n    assert candidate(24) == 109\n\ndef test_check():\n    check(dog_age)\n\ntest_check()\n",
      "timestamp": 1665509899,
      "stdout": "",
      "stderr": "Traceback (most recent call last):\n  File \"/tmp/tmp8h27ck4j.py\", line 16, in <module>\n    test_check()\n  File \"/tmp/tmp8h27ck4j.py\", line 14, in test_check\n    check(dog_age)\n  File \"/tmp/tmp8h27ck4j.py\", line 9, in check\n    assert candidate(12) == 61\nAssertionError\n",
      "exit_code": 1,
      "status": "Exception"
    },
    {
      "program": "def dog_age(h_age: int) -> int:\n    \"\"\"\n\tWrite a function to calculate a dog's age in dog's years.\n\t\"\"\"\n    return h_age * 7\n\n\ndef check(candidate):\n    assert candidate(12) == 61\n    assert candidate(15) == 73\n    assert candidate(24) == 109\n\ndef test_check():\n    check(dog_age)\n\ntest_check()\n",
      "timestamp": 1665509899,
      "stdout": "",
      "stderr": "Traceback (most recent call last):\n  File \"/tmp/tmp8h27ck4j.py\", line 16, in <module>\n    test_check()\n  File \"/tmp/tmp8h27ck4j.py\", line 14, in test_check\n    check(dog_age)\n  File \"/tmp/tmp8h27ck4j.py\", line 9, in check\n    assert candidate(12) == 61\nAssertionError\n",
      "exit_code": 1,
      "status": "Exception"
    },
    {
      "program": "def dog_age(h_age: int) -> int:\n    \"\"\"\n\tWrite a function to calculate a dog's age in dog's years.\n\t\"\"\"\n    return h_age * 7\n\n\ndef check(candidate):\n    assert candidate(12) == 61\n    assert candidate(15) == 73\n    assert candidate(24) == 109\n\ndef test_check():\n    check(dog_age)\n\ntest_check()\n",
      "timestamp": 1665509899,
      "stdout": "",
      "stderr": "Traceback (most recent call last):\n  File \"/tmp/tmp8h27ck4j.py\", line 16, in <module>\n    test_check()\n  File \"/tmp/tmp8h27ck4j.py\", line 14, in test_check\n    check(dog_age)\n  File \"/tmp/tmp8h27ck4j.py\", line 9, in check\n    assert candidate(12) == 61\nAssertionError\n",
      "exit_code": 1,
      "status": "Exception"
    },
    {
      "program": "def dog_age(h_age: int) -> int:\n    \"\"\"\n\tWrite a function to calculate a dog's age in dog's years.\n\t\"\"\"\n    return h_age * 7\n\n\ndef check(candidate):\n    assert candidate(12) == 61\n    assert candidate(15) == 73\n    assert candidate(24) == 109\n\ndef test_check():\n    check(dog_age)\n\ntest_check()\n",
      "timestamp": 1665509899,
      "stdout": "",
      "stderr": "Traceback (most recent call last):\n  File \"/tmp/tmp8h27ck4j.py\", line 16, in <module>\n    test_check()\n  File \"/tmp/tmp8h27ck4j.py\", line 14, in test_check\n    check(dog_age)\n  File \"/tmp/tmp8h27ck4j.py\", line 9, in check\n    assert candidate(12) == 61\nAssertionError\n",
      "exit_code": 1,
      "status": "Exception"
    },
    {
      "program": "def dog_age(h_age: int) -> int:\n    \"\"\"\n\tWrite a function to calculate a dog's age in dog's years.\n\t\"\"\"\n    return h_age * 7\n\n\ndef check(candidate):\n    assert candidate(12) == 61\n    assert candidate(15) == 73\n    assert candidate(24) == 109\n\ndef test_check():\n    check(dog_age)\n\ntest_check()\n",
      "timestamp": 1665509899,
      "stdout": "",
      "stderr": "Traceback (most recent call last):\n  File \"/tmp/tmp8h27ck4j.py\", line 16, in <module>\n    test_check()\n  File \"/tmp/tmp8h27ck4j.py\", line 14, in test_check\n    check(dog_age)\n  File \"/tmp/tmp8h27ck4j.py\", line 9, in check\n    assert candidate(12) == 61\nAssertionError\n",
      "exit_code": 1,
      "status": "Exception"
    },
    {
      "program": "def dog_age(h_age: int) -> int:\n    \"\"\"\n\tWrite a function to calculate a dog's age in dog's years.\n\t\"\"\"\n    return h_age * 7\n\n\ndef check(candidate):\n    assert candidate(12) == 61\n    assert candidate(15) == 73\n    assert candidate(24) == 109\n\ndef test_check():\n    check(dog_age)\n\ntest_check()\n",
      "timestamp": 1665509899,
      "stdout": "",
      "stderr": "Traceback (most recent call last):\n  File \"/tmp/tmp8h27ck4j.py\", line 16, in <module>\n    test_check()\n  File \"/tmp/tmp8h27ck4j.py\", line 14, in test_check\n    check(dog_age)\n  File \"/tmp/tmp8h27ck4j.py\", line 9, in check\n    assert candidate(12) == 61\nAssertionError\n",
      "exit_code": 1,
      "status": "Exception"
    },
    {
      "program": "def dog_age(h_age: int) -> int:\n    \"\"\"\n\tWrite a function to calculate a dog's age in dog's years.\n\t\"\"\"\n    return h_age * 7\n\n\ndef check(candidate):\n    assert candidate(12) == 61\n    assert candidate(15) == 73\n    assert candidate(24) == 109\n\ndef test_check():\n    check(dog_age)\n\ntest_check()\n",
      "timestamp": 1665509899,
      "stdout": "",
      "stderr": "Traceback (most recent call last):\n  File \"/tmp/tmp8h27ck4j.py\", line 16, in <module>\n    test_check()\n  File \"/tmp/tmp8h27ck4j.py\", line 14, in test_check\n    check(dog_age)\n  File \"/tmp/tmp8h27ck4j.py\", line 9, in check\n    assert candidate(12) == 61\nAssertionError\n",
      "exit_code": 1,
      "status": "Exception"
    },
    {
      "program": "def dog_age(h_age: int) -> int:\n    \"\"\"\n\tWrite a function to calculate a dog's age in dog's years.\n\t\"\"\"\n    return h_age * 7\n\n\ndef check(candidate):\n    assert candidate(12) == 61\n    assert candidate(15) == 73\n    assert candidate(24) == 109\n\ndef test_check():\n    check(dog_age)\n\ntest_check()\n",
      "timestamp": 1665509899,
      "stdout": "",
      "stderr": "Traceback (most recent call last):\n  File \"/tmp/tmp8h27ck4j.py\", line 16, in <module>\n    test_check()\n  File \"/tmp/tmp8h27ck4j.py\", line 14, in test_check\n    check(dog_age)\n  File \"/tmp/tmp8h27ck4j.py\", line 9, in check\n    assert candidate(12) == 61\nAssertionError\n",
      "exit_code": 1,
      "status": "Exception"
    },
    {
      "program": "def dog_age(h_age: int) -> int:\n    \"\"\"\n\tWrite a function to calculate a dog's age in dog's years.\n\t\"\"\"\n    return h_age * 7\n\n\ndef check(candidate):\n    assert candidate(12) == 61\n    assert candidate(15) == 73\n    assert candidate(24) == 109\n\ndef test_check():\n    check(dog_age)\n\ntest_check()\n",
      "timestamp": 1665509899,
      "stdout": "",
      "stderr": "Traceback (most recent call last):\n  File \"/tmp/tmp8h27ck4j.py\", line 16, in <module>\n    test_check()\n  File \"/tmp/tmp8h27ck4j.py\", line 14, in test_check\n    check(dog_age)\n  File \"/tmp/tmp8h27ck4j.py\", line 9, in check\n    assert candidate(12) == 61\nAssertionError\n",
      "exit_code": 1,
      "status": "Exception"
    },
    {
      "program": "def dog_age(h_age: int) -> int:\n    \"\"\"\n\tWrite a function to calculate a dog's age in dog's years.\n\t\"\"\"\n    return h_age * 7\n\n\ndef check(candidate):\n    assert candidate(12) == 61\n    assert candidate(15) == 73\n    assert candidate(24) == 109\n\ndef test_check():\n    check(dog_age)\n\ntest_check()\n",
      "timestamp": 1665509899,
      "stdout": "",
      "stderr": "Traceback (most recent call last):\n  File \"/tmp/tmp8h27ck4j.py\", line 16, in <module>\n    test_check()\n  File \"/tmp/tmp8h27ck4j.py\", line 14, in test_check\n    check(dog_age)\n  File \"/tmp/tmp8h27ck4j.py\", line 9, in check\n    assert candidate(12) == 61\nAssertionError\n",
      "exit_code": 1,
      "status": "Exception"
    },
    {
      "program": "def dog_age(h_age: int) -> int:\n    \"\"\"\n\tWrite a function to calculate a dog's age in dog's years.\n\t\"\"\"\n    return h_age * 7\n\n\ndef check(candidate):\n    assert candidate(12) == 61\n    assert candidate(15) == 73\n    assert candidate(24) == 109\n\ndef test_check():\n    check(dog_age)\n\ntest_check()\n",
      "timestamp": 1665509899,
      "stdout": "",
      "stderr": "Traceback (most recent call last):\n  File \"/tmp/tmp8h27ck4j.py\", line 16, in <module>\n    test_check()\n  File \"/tmp/tmp8h27ck4j.py\", line 14, in test_check\n    check(dog_age)\n  File \"/tmp/tmp8h27ck4j.py\", line 9, in check\n    assert candidate(12) == 61\nAssertionError\n",
      "exit_code": 1,
      "status": "Exception"
    },
    {
      "program": "def dog_age(h_age: int) -> int:\n    \"\"\"\n\tWrite a function to calculate a dog's age in dog's years.\n\t\"\"\"\n    return h_age * 7\n\n\ndef check(candidate):\n    assert candidate(12) == 61\n    assert candidate(15) == 73\n    assert candidate(24) == 109\n\ndef test_check():\n    check(dog_age)\n\ntest_check()\n",
      "timestamp": 1665509899,
      "stdout": "",
      "stderr": "Traceback (most recent call last):\n  File \"/tmp/tmp8h27ck4j.py\", line 16, in <module>\n    test_check()\n  File \"/tmp/tmp8h27ck4j.py\", line 14, in test_check\n    check(dog_age)\n  File \"/tmp/tmp8h27ck4j.py\", line 9, in check\n    assert candidate(12) == 61\nAssertionError\n",
      "exit_code": 1,
      "status": "Exception"
    },
    {
      "program": "def dog_age(h_age: int) -> int:\n    \"\"\"\n\tWrite a function to calculate a dog's age in dog's years.\n\t\"\"\"\n    return h_age * 7\n\n\ndef check(candidate):\n    assert candidate(12) == 61\n    assert candidate(15) == 73\n    assert candidate(24) == 109\n\ndef test_check():\n    check(dog_age)\n\ntest_check()\n",
      "timestamp": 1665509899,
      "stdout": "",
      "stderr": "Traceback (most recent call last):\n  File \"/tmp/tmp8h27ck4j.py\", line 16, in <module>\n    test_check()\n  File \"/tmp/tmp8h27ck4j.py\", line 14, in test_check\n    check(dog_age)\n  File \"/tmp/tmp8h27ck4j.py\", line 9, in check\n    assert candidate(12) == 61\nAssertionError\n",
      "exit_code": 1,
      "status": "Exception"
    },
    {
      "program": "def dog_age(h_age: int) -> int:\n    \"\"\"\n\tWrite a function to calculate a dog's age in dog's years.\n\t\"\"\"\n    return h_age * 7\n\n\ndef check(candidate):\n    assert candidate(12) == 61\n    assert candidate(15) == 73\n    assert candidate(24) == 109\n\ndef test_check():\n    check(dog_age)\n\ntest_check()\n",
      "timestamp": 1665509899,
      "stdout": "",
      "stderr": "Traceback (most recent call last):\n  File \"/tmp/tmp8h27ck4j.py\", line 16, in <module>\n    test_check()\n  File \"/tmp/tmp8h27ck4j.py\", line 14, in test_check\n    check(dog_age)\n  File \"/tmp/tmp8h27ck4j.py\", line 9, in check\n    assert candidate(12) == 61\nAssertionError\n",
      "exit_code": 1,
      "status": "Exception"
    },
    {
      "program": "def dog_age(h_age: int) -> int:\n    \"\"\"\n\tWrite a function to calculate a dog's age in dog's years.\n\t\"\"\"\n    return h_age * 7\n\n\ndef check(candidate):\n    assert candidate(12) == 61\n    assert candidate(15) == 73\n    assert candidate(24) == 109\n\ndef test_check():\n    check(dog_age)\n\ntest_check()\n",
      "timestamp": 1665509899,
      "stdout": "",
      "stderr": "Traceback (most recent call last):\n  File \"/tmp/tmp8h27ck4j.py\", line 16, in <module>\n    test_check()\n  File \"/tmp/tmp8h27ck4j.py\", line 14, in test_check\n    check(dog_age)\n  File \"/tmp/tmp8h27ck4j.py\", line 9, in check\n    assert candidate(12) == 61\nAssertionError\n",
      "exit_code": 1,
      "status": "Exception"
    },
    {
      "program": "def dog_age(h_age: int) -> int:\n    \"\"\"\n\tWrite a function to calculate a dog's age in dog's years.\n\t\"\"\"\n    return h_age * 7\n\n\ndef check(candidate):\n    assert candidate(12) == 61\n    assert candidate(15) == 73\n    assert candidate(24) == 109\n\ndef test_check():\n    check(dog_age)\n\ntest_check()\n",
      "timestamp": 1665509899,
      "stdout": "",
      "stderr": "Traceback (most recent call last):\n  File \"/tmp/tmp8h27ck4j.py\", line 16, in <module>\n    test_check()\n  File \"/tmp/tmp8h27ck4j.py\", line 14, in test_check\n    check(dog_age)\n  File \"/tmp/tmp8h27ck4j.py\", line 9, in check\n    assert candidate(12) == 61\nAssertionError\n",
      "exit_code": 1,
      "status": "Exception"
    },
    {
      "program": "def dog_age(h_age: int) -> int:\n    \"\"\"\n\tWrite a function to calculate a dog's age in dog's years.\n\t\"\"\"\n    return h_age * 7\n\n\ndef check(candidate):\n    assert candidate(12) == 61\n    assert candidate(15) == 73\n    assert candidate(24) == 109\n\ndef test_check():\n    check(dog_age)\n\ntest_check()\n",
      "timestamp": 1665509899,
      "stdout": "",
      "stderr": "Traceback (most recent call last):\n  File \"/tmp/tmp8h27ck4j.py\", line 16, in <module>\n    test_check()\n  File \"/tmp/tmp8h27ck4j.py\", line 14, in test_check\n    check(dog_age)\n  File \"/tmp/tmp8h27ck4j.py\", line 9, in check\n    assert candidate(12) == 61\nAssertionError\n",
      "exit_code": 1,
      "status": "Exception"
    },
    {
      "program": "def dog_age(h_age: int) -> int:\n    \"\"\"\n\tWrite a function to calculate a dog's age in dog's years.\n\t\"\"\"\n    return h_age * 7\n\n\ndef check(candidate):\n    assert candidate(12) == 61\n    assert candidate(15) == 73\n    assert candidate(24) == 109\n\ndef test_check():\n    check(dog_age)\n\ntest_check()\n",
      "timestamp": 1665509899,
      "stdout": "",
      "stderr": "Traceback (most recent call last):\n  File \"/tmp/tmp8h27ck4j.py\", line 16, in <module>\n    test_check()\n  File \"/tmp/tmp8h27ck4j.py\", line 14, in test_check\n    check(dog_age)\n  File \"/tmp/tmp8h27ck4j.py\", line 9, in check\n    assert candidate(12) == 61\nAssertionError\n",
      "exit_code": 1,
      "status": "Exception"
    },
    {
      "program": "def dog_age(h_age: int) -> int:\n    \"\"\"\n\tWrite a function to calculate a dog's age in dog's years.\n\t\"\"\"\n    return h_age * 7\n\n\ndef check(candidate):\n    assert candidate(12) == 61\n    assert candidate(15) == 73\n    assert candidate(24) == 109\n\ndef test_check():\n    check(dog_age)\n\ntest_check()\n",
      "timestamp": 1665509899,
      "stdout": "",
      "stderr": "Traceback (most recent call last):\n  File \"/tmp/tmp8h27ck4j.py\", line 16, in <module>\n    test_check()\n  File \"/tmp/tmp8h27ck4j.py\", line 14, in test_check\n    check(dog_age)\n  File \"/tmp/tmp8h27ck4j.py\", line 9, in check\n    assert candidate(12) == 61\nAssertionError\n",
      "exit_code": 1,
      "status": "Exception"
    },
    {
      "program": "def dog_age(h_age: int) -> int:\n    \"\"\"\n\tWrite a function to calculate a dog's age in dog's years.\n\t\"\"\"\n    return h_age * 7\n\n\ndef check(candidate):\n    assert candidate(12) == 61\n    assert candidate(15) == 73\n    assert candidate(24) == 109\n\ndef test_check():\n    check(dog_age)\n\ntest_check()\n",
      "timestamp": 1665509899,
      "stdout": "",
      "stderr": "Traceback (most recent call last):\n  File \"/tmp/tmp8h27ck4j.py\", line 16, in <module>\n    test_check()\n  File \"/tmp/tmp8h27ck4j.py\", line 14, in test_check\n    check(dog_age)\n  File \"/tmp/tmp8h27ck4j.py\", line 9, in check\n    assert candidate(12) == 61\nAssertionError\n",
      "exit_code": 1,
      "status": "Exception"
    },
    {
      "program": "def dog_age(h_age: int) -> int:\n    \"\"\"\n\tWrite a function to calculate a dog's age in dog's years.\n\t\"\"\"\n    return h_age * 7\n\n\ndef check(candidate):\n    assert candidate(12) == 61\n    assert candidate(15) == 73\n    assert candidate(24) == 109\n\ndef test_check():\n    check(dog_age)\n\ntest_check()\n",
      "timestamp": 1665509899,
      "stdout": "",
      "stderr": "Traceback (most recent call last):\n  File \"/tmp/tmp8h27ck4j.py\", line 16, in <module>\n    test_check()\n  File \"/tmp/tmp8h27ck4j.py\", line 14, in test_check\n    check(dog_age)\n  File \"/tmp/tmp8h27ck4j.py\", line 9, in check\n    assert candidate(12) == 61\nAssertionError\n",
      "exit_code": 1,
      "status": "Exception"
    },
    {
      "program": "def dog_age(h_age: int) -> int:\n    \"\"\"\n\tWrite a function to calculate a dog's age in dog's years.\n\t\"\"\"\n    return h_age * 7\n\n\ndef check(candidate):\n    assert candidate(12) == 61\n    assert candidate(15) == 73\n    assert candidate(24) == 109\n\ndef test_check():\n    check(dog_age)\n\ntest_check()\n",
      "timestamp": 1665509899,
      "stdout": "",
      "stderr": "Traceback (most recent call last):\n  File \"/tmp/tmp8h27ck4j.py\", line 16, in <module>\n    test_check()\n  File \"/tmp/tmp8h27ck4j.py\", line 14, in test_check\n    check(dog_age)\n  File \"/tmp/tmp8h27ck4j.py\", line 9, in check\n    assert candidate(12) == 61\nAssertionError\n",
      "exit_code": 1,
      "status": "Exception"
    },
    {
      "program": "def dog_age(h_age: int) -> int:\n    \"\"\"\n\tWrite a function to calculate a dog's age in dog's years.\n\t\"\"\"\n    return h_age * 7\n\n\ndef check(candidate):\n    assert candidate(12) == 61\n    assert candidate(15) == 73\n    assert candidate(24) == 109\n\ndef test_check():\n    check(dog_age)\n\ntest_check()\n",
      "timestamp": 1665509899,
      "stdout": "",
      "stderr": "Traceback (most recent call last):\n  File \"/tmp/tmp8h27ck4j.py\", line 16, in <module>\n    test_check()\n  File \"/tmp/tmp8h27ck4j.py\", line 14, in test_check\n    check(dog_age)\n  File \"/tmp/tmp8h27ck4j.py\", line 9, in check\n    assert candidate(12) == 61\nAssertionError\n",
      "exit_code": 1,
      "status": "Exception"
    },
    {
      "program": "def dog_age(h_age: int) -> int:\n    \"\"\"\n\tWrite a function to calculate a dog's age in dog's years.\n\t\"\"\"\n    return h_age * 7\n\n\ndef check(candidate):\n    assert candidate(12) == 61\n    assert candidate(15) == 73\n    assert candidate(24) == 109\n\ndef test_check():\n    check(dog_age)\n\ntest_check()\n",
      "timestamp": 1665509899,
      "stdout": "",
      "stderr": "Traceback (most recent call last):\n  File \"/tmp/tmp8h27ck4j.py\", line 16, in <module>\n    test_check()\n  File \"/tmp/tmp8h27ck4j.py\", line 14, in test_check\n    check(dog_age)\n  File \"/tmp/tmp8h27ck4j.py\", line 9, in check\n    assert candidate(12) == 61\nAssertionError\n",
      "exit_code": 1,
      "status": "Exception"
    },
    {
      "program": "def dog_age(h_age: int) -> int:\n    \"\"\"\n\tWrite a function to calculate a dog's age in dog's years.\n\t\"\"\"\n    return h_age * 7\n\n\ndef check(candidate):\n    assert candidate(12) == 61\n    assert candidate(15) == 73\n    assert candidate(24) == 109\n\ndef test_check():\n    check(dog_age)\n\ntest_check()\n",
      "timestamp": 1665509899,
      "stdout": "",
      "stderr": "Traceback (most recent call last):\n  File \"/tmp/tmp8h27ck4j.py\", line 16, in <module>\n    test_check()\n  File \"/tmp/tmp8h27ck4j.py\", line 14, in test_check\n    check(dog_age)\n  File \"/tmp/tmp8h27ck4j.py\", line 9, in check\n    assert candidate(12) == 61\nAssertionError\n",
      "exit_code": 1,
      "status": "Exception"
    },
    {
      "program": "def dog_age(h_age: int) -> int:\n    \"\"\"\n\tWrite a function to calculate a dog's age in dog's years.\n\t\"\"\"\n    return h_age * 7\n\n\ndef check(candidate):\n    assert candidate(12) == 61\n    assert candidate(15) == 73\n    assert candidate(24) == 109\n\ndef test_check():\n    check(dog_age)\n\ntest_check()\n",
      "timestamp": 1665509899,
      "stdout": "",
      "stderr": "Traceback (most recent call last):\n  File \"/tmp/tmp8h27ck4j.py\", line 16, in <module>\n    test_check()\n  File \"/tmp/tmp8h27ck4j.py\", line 14, in test_check\n    check(dog_age)\n  File \"/tmp/tmp8h27ck4j.py\", line 9, in check\n    assert candidate(12) == 61\nAssertionError\n",
      "exit_code": 1,
      "status": "Exception"
    },
    {
      "program": "def dog_age(h_age: int) -> int:\n    \"\"\"\n\tWrite a function to calculate a dog's age in dog's years.\n\t\"\"\"\n    return h_age * 7\n\n\ndef check(candidate):\n    assert candidate(12) == 61\n    assert candidate(15) == 73\n    assert candidate(24) == 109\n\ndef test_check():\n    check(dog_age)\n\ntest_check()\n",
      "timestamp": 1665509899,
      "stdout": "",
      "stderr": "Traceback (most recent call last):\n  File \"/tmp/tmp8h27ck4j.py\", line 16, in <module>\n    test_check()\n  File \"/tmp/tmp8h27ck4j.py\", line 14, in test_check\n    check(dog_age)\n  File \"/tmp/tmp8h27ck4j.py\", line 9, in check\n    assert candidate(12) == 61\nAssertionError\n",
      "exit_code": 1,
      "status": "Exception"
    },
    {
      "program": "def dog_age(h_age: int) -> int:\n    \"\"\"\n\tWrite a function to calculate a dog's age in dog's years.\n\t\"\"\"\n    return h_age * 7\n\n\ndef check(candidate):\n    assert candidate(12) == 61\n    assert candidate(15) == 73\n    assert candidate(24) == 109\n\ndef test_check():\n    check(dog_age)\n\ntest_check()\n",
      "timestamp": 1665509899,
      "stdout": "",
      "stderr": "Traceback (most recent call last):\n  File \"/tmp/tmp8h27ck4j.py\", line 16, in <module>\n    test_check()\n  File \"/tmp/tmp8h27ck4j.py\", line 14, in test_check\n    check(dog_age)\n  File \"/tmp/tmp8h27ck4j.py\", line 9, in check\n    assert candidate(12) == 61\nAssertionError\n",
      "exit_code": 1,
      "status": "Exception"
    },
    {
      "program": "def dog_age(h_age: int) -> int:\n    \"\"\"\n\tWrite a function to calculate a dog's age in dog's years.\n\t\"\"\"\n    return h_age * 7\n\n\ndef check(candidate):\n    assert candidate(12) == 61\n    assert candidate(15) == 73\n    assert candidate(24) == 109\n\ndef test_check():\n    check(dog_age)\n\ntest_check()\n",
      "timestamp": 1665509899,
      "stdout": "",
      "stderr": "Traceback (most recent call last):\n  File \"/tmp/tmp8h27ck4j.py\", line 16, in <module>\n    test_check()\n  File \"/tmp/tmp8h27ck4j.py\", line 14, in test_check\n    check(dog_age)\n  File \"/tmp/tmp8h27ck4j.py\", line 9, in check\n    assert candidate(12) == 61\nAssertionError\n",
      "exit_code": 1,
      "status": "Exception"
    },
    {
      "program": "def dog_age(h_age: int) -> int:\n    \"\"\"\n\tWrite a function to calculate a dog's age in dog's years.\n\t\"\"\"\n    return h_age * 7\n\n\ndef check(candidate):\n    assert candidate(12) == 61\n    assert candidate(15) == 73\n    assert candidate(24) == 109\n\ndef test_check():\n    check(dog_age)\n\ntest_check()\n",
      "timestamp": 1665509899,
      "stdout": "",
      "stderr": "Traceback (most recent call last):\n  File \"/tmp/tmp8h27ck4j.py\", line 16, in <module>\n    test_check()\n  File \"/tmp/tmp8h27ck4j.py\", line 14, in test_check\n    check(dog_age)\n  File \"/tmp/tmp8h27ck4j.py\", line 9, in check\n    assert candidate(12) == 61\nAssertionError\n",
      "exit_code": 1,
      "status": "Exception"
    },
    {
      "program": "def dog_age(h_age: int) -> int:\n    \"\"\"\n\tWrite a function to calculate a dog's age in dog's years.\n\t\"\"\"\n    return h_age * 7\n\n\ndef check(candidate):\n    assert candidate(12) == 61\n    assert candidate(15) == 73\n    assert candidate(24) == 109\n\ndef test_check():\n    check(dog_age)\n\ntest_check()\n",
      "timestamp": 1665509899,
      "stdout": "",
      "stderr": "Traceback (most recent call last):\n  File \"/tmp/tmp8h27ck4j.py\", line 16, in <module>\n    test_check()\n  File \"/tmp/tmp8h27ck4j.py\", line 14, in test_check\n    check(dog_age)\n  File \"/tmp/tmp8h27ck4j.py\", line 9, in check\n    assert candidate(12) == 61\nAssertionError\n",
      "exit_code": 1,
      "status": "Exception"
    },
    {
      "program": "def dog_age(h_age: int) -> int:\n    \"\"\"\n\tWrite a function to calculate a dog's age in dog's years.\n\t\"\"\"\n    return h_age * 7\n\n\ndef check(candidate):\n    assert candidate(12) == 61\n    assert candidate(15) == 73\n    assert candidate(24) == 109\n\ndef test_check():\n    check(dog_age)\n\ntest_check()\n",
      "timestamp": 1665509899,
      "stdout": "",
      "stderr": "Traceback (most recent call last):\n  File \"/tmp/tmp8h27ck4j.py\", line 16, in <module>\n    test_check()\n  File \"/tmp/tmp8h27ck4j.py\", line 14, in test_check\n    check(dog_age)\n  File \"/tmp/tmp8h27ck4j.py\", line 9, in check\n    assert candidate(12) == 61\nAssertionError\n",
      "exit_code": 1,
      "status": "Exception"
    },
    {
      "program": "def dog_age(h_age: int) -> int:\n    \"\"\"\n\tWrite a function to calculate a dog's age in dog's years.\n\t\"\"\"\n    return h_age * 7\n\n\ndef check(candidate):\n    assert candidate(12) == 61\n    assert candidate(15) == 73\n    assert candidate(24) == 109\n\ndef test_check():\n    check(dog_age)\n\ntest_check()\n",
      "timestamp": 1665509899,
      "stdout": "",
      "stderr": "Traceback (most recent call last):\n  File \"/tmp/tmp8h27ck4j.py\", line 16, in <module>\n    test_check()\n  File \"/tmp/tmp8h27ck4j.py\", line 14, in test_check\n    check(dog_age)\n  File \"/tmp/tmp8h27ck4j.py\", line 9, in check\n    assert candidate(12) == 61\nAssertionError\n",
      "exit_code": 1,
      "status": "Exception"
    },
    {
      "program": "def dog_age(h_age: int) -> int:\n    \"\"\"\n\tWrite a function to calculate a dog's age in dog's years.\n\t\"\"\"\n    return h_age * 7\n\n\ndef check(candidate):\n    assert candidate(12) == 61\n    assert candidate(15) == 73\n    assert candidate(24) == 109\n\ndef test_check():\n    check(dog_age)\n\ntest_check()\n",
      "timestamp": 1665509899,
      "stdout": "",
      "stderr": "Traceback (most recent call last):\n  File \"/tmp/tmp8h27ck4j.py\", line 16, in <module>\n    test_check()\n  File \"/tmp/tmp8h27ck4j.py\", line 14, in test_check\n    check(dog_age)\n  File \"/tmp/tmp8h27ck4j.py\", line 9, in check\n    assert candidate(12) == 61\nAssertionError\n",
      "exit_code": 1,
      "status": "Exception"
    },
    {
      "program": "def dog_age(h_age: int) -> int:\n    \"\"\"\n\tWrite a function to calculate a dog's age in dog's years.\n\t\"\"\"\n    return h_age * 7\n\n\ndef check(candidate):\n    assert candidate(12) == 61\n    assert candidate(15) == 73\n    assert candidate(24) == 109\n\ndef test_check():\n    check(dog_age)\n\ntest_check()\n",
      "timestamp": 1665509899,
      "stdout": "",
      "stderr": "Traceback (most recent call last):\n  File \"/tmp/tmp8h27ck4j.py\", line 16, in <module>\n    test_check()\n  File \"/tmp/tmp8h27ck4j.py\", line 14, in test_check\n    check(dog_age)\n  File \"/tmp/tmp8h27ck4j.py\", line 9, in check\n    assert candidate(12) == 61\nAssertionError\n",
      "exit_code": 1,
      "status": "Exception"
    },
    {
      "program": "def dog_age(h_age: int) -> int:\n    \"\"\"\n\tWrite a function to calculate a dog's age in dog's years.\n\t\"\"\"\n    return h_age * 7\n\n\ndef check(candidate):\n    assert candidate(12) == 61\n    assert candidate(15) == 73\n    assert candidate(24) == 109\n\ndef test_check():\n    check(dog_age)\n\ntest_check()\n",
      "timestamp": 1665509899,
      "stdout": "",
      "stderr": "Traceback (most recent call last):\n  File \"/tmp/tmp8h27ck4j.py\", line 16, in <module>\n    test_check()\n  File \"/tmp/tmp8h27ck4j.py\", line 14, in test_check\n    check(dog_age)\n  File \"/tmp/tmp8h27ck4j.py\", line 9, in check\n    assert candidate(12) == 61\nAssertionError\n",
      "exit_code": 1,
      "status": "Exception"
    },
    {
      "program": "def dog_age(h_age: int) -> int:\n    \"\"\"\n\tWrite a function to calculate a dog's age in dog's years.\n\t\"\"\"\n    return h_age * 7\n\n\ndef check(candidate):\n    assert candidate(12) == 61\n    assert candidate(15) == 73\n    assert candidate(24) == 109\n\ndef test_check():\n    check(dog_age)\n\ntest_check()\n",
      "timestamp": 1665509899,
      "stdout": "",
      "stderr": "Traceback (most recent call last):\n  File \"/tmp/tmp8h27ck4j.py\", line 16, in <module>\n    test_check()\n  File \"/tmp/tmp8h27ck4j.py\", line 14, in test_check\n    check(dog_age)\n  File \"/tmp/tmp8h27ck4j.py\", line 9, in check\n    assert candidate(12) == 61\nAssertionError\n",
      "exit_code": 1,
      "status": "Exception"
    },
    {
      "program": "def dog_age(h_age: int) -> int:\n    \"\"\"\n\tWrite a function to calculate a dog's age in dog's years.\n\t\"\"\"\n    return h_age * 7\n\n\ndef check(candidate):\n    assert candidate(12) == 61\n    assert candidate(15) == 73\n    assert candidate(24) == 109\n\ndef test_check():\n    check(dog_age)\n\ntest_check()\n",
      "timestamp": 1665509899,
      "stdout": "",
      "stderr": "Traceback (most recent call last):\n  File \"/tmp/tmp8h27ck4j.py\", line 16, in <module>\n    test_check()\n  File \"/tmp/tmp8h27ck4j.py\", line 14, in test_check\n    check(dog_age)\n  File \"/tmp/tmp8h27ck4j.py\", line 9, in check\n    assert candidate(12) == 61\nAssertionError\n",
      "exit_code": 1,
      "status": "Exception"
    },
    {
      "program": "def dog_age(h_age: int) -> int:\n    \"\"\"\n\tWrite a function to calculate a dog's age in dog's years.\n\t\"\"\"\n    return h_age * 7\n\n\ndef check(candidate):\n    assert candidate(12) == 61\n    assert candidate(15) == 73\n    assert candidate(24) == 109\n\ndef test_check():\n    check(dog_age)\n\ntest_check()\n",
      "timestamp": 1665509899,
      "stdout": "",
      "stderr": "Traceback (most recent call last):\n  File \"/tmp/tmp8h27ck4j.py\", line 16, in <module>\n    test_check()\n  File \"/tmp/tmp8h27ck4j.py\", line 14, in test_check\n    check(dog_age)\n  File \"/tmp/tmp8h27ck4j.py\", line 9, in check\n    assert candidate(12) == 61\nAssertionError\n",
      "exit_code": 1,
      "status": "Exception"
    },
    {
      "program": "def dog_age(h_age: int) -> int:\n    \"\"\"\n\tWrite a function to calculate a dog's age in dog's years.\n\t\"\"\"\n    return h_age * 7\n\n\ndef check(candidate):\n    assert candidate(12) == 61\n    assert candidate(15) == 73\n    assert candidate(24) == 109\n\ndef test_check():\n    check(dog_age)\n\ntest_check()\n",
      "timestamp": 1665509899,
      "stdout": "",
      "stderr": "Traceback (most recent call last):\n  File \"/tmp/tmp8h27ck4j.py\", line 16, in <module>\n    test_check()\n  File \"/tmp/tmp8h27ck4j.py\", line 14, in test_check\n    check(dog_age)\n  File \"/tmp/tmp8h27ck4j.py\", line 9, in check\n    assert candidate(12) == 61\nAssertionError\n",
      "exit_code": 1,
      "status": "Exception"
    },
    {
      "program": "def dog_age(h_age: int) -> int:\n    \"\"\"\n\tWrite a function to calculate a dog's age in dog's years.\n\t\"\"\"\n    return h_age * 7\n\n\ndef check(candidate):\n    assert candidate(12) == 61\n    assert candidate(15) == 73\n    assert candidate(24) == 109\n\ndef test_check():\n    check(dog_age)\n\ntest_check()\n",
      "timestamp": 1665509899,
      "stdout": "",
      "stderr": "Traceback (most recent call last):\n  File \"/tmp/tmp8h27ck4j.py\", line 16, in <module>\n    test_check()\n  File \"/tmp/tmp8h27ck4j.py\", line 14, in test_check\n    check(dog_age)\n  File \"/tmp/tmp8h27ck4j.py\", line 9, in check\n    assert candidate(12) == 61\nAssertionError\n",
      "exit_code": 1,
      "status": "Exception"
    },
    {
      "program": "def dog_age(h_age: int) -> int:\n    \"\"\"\n\tWrite a function to calculate a dog's age in dog's years.\n\t\"\"\"\n    return h_age * 7\n\n\ndef check(candidate):\n    assert candidate(12) == 61\n    assert candidate(15) == 73\n    assert candidate(24) == 109\n\ndef test_check():\n    check(dog_age)\n\ntest_check()\n",
      "timestamp": 1665509899,
      "stdout": "",
      "stderr": "Traceback (most recent call last):\n  File \"/tmp/tmp8h27ck4j.py\", line 16, in <module>\n    test_check()\n  File \"/tmp/tmp8h27ck4j.py\", line 14, in test_check\n    check(dog_age)\n  File \"/tmp/tmp8h27ck4j.py\", line 9, in check\n    assert candidate(12) == 61\nAssertionError\n",
      "exit_code": 1,
      "status": "Exception"
    },
    {
      "program": "def dog_age(h_age: int) -> int:\n    \"\"\"\n\tWrite a function to calculate a dog's age in dog's years.\n\t\"\"\"\n    return h_age * 7\n\n\ndef check(candidate):\n    assert candidate(12) == 61\n    assert candidate(15) == 73\n    assert candidate(24) == 109\n\ndef test_check():\n    check(dog_age)\n\ntest_check()\n",
      "timestamp": 1665509899,
      "stdout": "",
      "stderr": "Traceback (most recent call last):\n  File \"/tmp/tmp8h27ck4j.py\", line 16, in <module>\n    test_check()\n  File \"/tmp/tmp8h27ck4j.py\", line 14, in test_check\n    check(dog_age)\n  File \"/tmp/tmp8h27ck4j.py\", line 9, in check\n    assert candidate(12) == 61\nAssertionError\n",
      "exit_code": 1,
      "status": "Exception"
    },
    {
      "program": "def dog_age(h_age: int) -> int:\n    \"\"\"\n\tWrite a function to calculate a dog's age in dog's years.\n\t\"\"\"\n    return h_age * 7\n\n\ndef check(candidate):\n    assert candidate(12) == 61\n    assert candidate(15) == 73\n    assert candidate(24) == 109\n\ndef test_check():\n    check(dog_age)\n\ntest_check()\n",
      "timestamp": 1665509899,
      "stdout": "",
      "stderr": "Traceback (most recent call last):\n  File \"/tmp/tmp8h27ck4j.py\", line 16, in <module>\n    test_check()\n  File \"/tmp/tmp8h27ck4j.py\", line 14, in test_check\n    check(dog_age)\n  File \"/tmp/tmp8h27ck4j.py\", line 9, in check\n    assert candidate(12) == 61\nAssertionError\n",
      "exit_code": 1,
      "status": "Exception"
    },
    {
      "program": "def dog_age(h_age: int) -> int:\n    \"\"\"\n\tWrite a function to calculate a dog's age in dog's years.\n\t\"\"\"\n    return h_age * 7\n\n\ndef check(candidate):\n    assert candidate(12) == 61\n    assert candidate(15) == 73\n    assert candidate(24) == 109\n\ndef test_check():\n    check(dog_age)\n\ntest_check()\n",
      "timestamp": 1665509899,
      "stdout": "",
      "stderr": "Traceback (most recent call last):\n  File \"/tmp/tmp8h27ck4j.py\", line 16, in <module>\n    test_check()\n  File \"/tmp/tmp8h27ck4j.py\", line 14, in test_check\n    check(dog_age)\n  File \"/tmp/tmp8h27ck4j.py\", line 9, in check\n    assert candidate(12) == 61\nAssertionError\n",
      "exit_code": 1,
      "status": "Exception"
    },
    {
      "program": "def dog_age(h_age: int) -> int:\n    \"\"\"\n\tWrite a function to calculate a dog's age in dog's years.\n\t\"\"\"\n    return h_age * 7\n\n\ndef check(candidate):\n    assert candidate(12) == 61\n    assert candidate(15) == 73\n    assert candidate(24) == 109\n\ndef test_check():\n    check(dog_age)\n\ntest_check()\n",
      "timestamp": 1665509899,
      "stdout": "",
      "stderr": "Traceback (most recent call last):\n  File \"/tmp/tmp8h27ck4j.py\", line 16, in <module>\n    test_check()\n  File \"/tmp/tmp8h27ck4j.py\", line 14, in test_check\n    check(dog_age)\n  File \"/tmp/tmp8h27ck4j.py\", line 9, in check\n    assert candidate(12) == 61\nAssertionError\n",
      "exit_code": 1,
      "status": "Exception"
    },
    {
      "program": "def dog_age(h_age: int) -> int:\n    \"\"\"\n\tWrite a function to calculate a dog's age in dog's years.\n\t\"\"\"\n    return h_age * 7\n\n\ndef check(candidate):\n    assert candidate(12) == 61\n    assert candidate(15) == 73\n    assert candidate(24) == 109\n\ndef test_check():\n    check(dog_age)\n\ntest_check()\n",
      "timestamp": 1665509899,
      "stdout": "",
      "stderr": "Traceback (most recent call last):\n  File \"/tmp/tmp8h27ck4j.py\", line 16, in <module>\n    test_check()\n  File \"/tmp/tmp8h27ck4j.py\", line 14, in test_check\n    check(dog_age)\n  File \"/tmp/tmp8h27ck4j.py\", line 9, in check\n    assert candidate(12) == 61\nAssertionError\n",
      "exit_code": 1,
      "status": "Exception"
    },
    {
      "program": "def dog_age(h_age: int) -> int:\n    \"\"\"\n\tWrite a function to calculate a dog's age in dog's years.\n\t\"\"\"\n    return h_age * 7\n\n\ndef check(candidate):\n    assert candidate(12) == 61\n    assert candidate(15) == 73\n    assert candidate(24) == 109\n\ndef test_check():\n    check(dog_age)\n\ntest_check()\n",
      "timestamp": 1665509899,
      "stdout": "",
      "stderr": "Traceback (most recent call last):\n  File \"/tmp/tmp8h27ck4j.py\", line 16, in <module>\n    test_check()\n  File \"/tmp/tmp8h27ck4j.py\", line 14, in test_check\n    check(dog_age)\n  File \"/tmp/tmp8h27ck4j.py\", line 9, in check\n    assert candidate(12) == 61\nAssertionError\n",
      "exit_code": 1,
      "status": "Exception"
    },
    {
      "program": "def dog_age(h_age: int) -> int:\n    \"\"\"\n\tWrite a function to calculate a dog's age in dog's years.\n\t\"\"\"\n    return h_age * 7\n\n\ndef check(candidate):\n    assert candidate(12) == 61\n    assert candidate(15) == 73\n    assert candidate(24) == 109\n\ndef test_check():\n    check(dog_age)\n\ntest_check()\n",
      "timestamp": 1665509899,
      "stdout": "",
      "stderr": "Traceback (most recent call last):\n  File \"/tmp/tmp8h27ck4j.py\", line 16, in <module>\n    test_check()\n  File \"/tmp/tmp8h27ck4j.py\", line 14, in test_check\n    check(dog_age)\n  File \"/tmp/tmp8h27ck4j.py\", line 9, in check\n    assert candidate(12) == 61\nAssertionError\n",
      "exit_code": 1,
      "status": "Exception"
    },
    {
      "program": "def dog_age(h_age: int) -> int:\n    \"\"\"\n\tWrite a function to calculate a dog's age in dog's years.\n\t\"\"\"\n    return h_age * 7\n\n\ndef check(candidate):\n    assert candidate(12) == 61\n    assert candidate(15) == 73\n    assert candidate(24) == 109\n\ndef test_check():\n    check(dog_age)\n\ntest_check()\n",
      "timestamp": 1665509899,
      "stdout": "",
      "stderr": "Traceback (most recent call last):\n  File \"/tmp/tmp8h27ck4j.py\", line 16, in <module>\n    test_check()\n  File \"/tmp/tmp8h27ck4j.py\", line 14, in test_check\n    check(dog_age)\n  File \"/tmp/tmp8h27ck4j.py\", line 9, in check\n    assert candidate(12) == 61\nAssertionError\n",
      "exit_code": 1,
      "status": "Exception"
    },
    {
      "program": "def dog_age(h_age: int) -> int:\n    \"\"\"\n\tWrite a function to calculate a dog's age in dog's years.\n\t\"\"\"\n    return h_age * 7\n\n\ndef check(candidate):\n    assert candidate(12) == 61\n    assert candidate(15) == 73\n    assert candidate(24) == 109\n\ndef test_check():\n    check(dog_age)\n\ntest_check()\n",
      "timestamp": 1665509899,
      "stdout": "",
      "stderr": "Traceback (most recent call last):\n  File \"/tmp/tmp8h27ck4j.py\", line 16, in <module>\n    test_check()\n  File \"/tmp/tmp8h27ck4j.py\", line 14, in test_check\n    check(dog_age)\n  File \"/tmp/tmp8h27ck4j.py\", line 9, in check\n    assert candidate(12) == 61\nAssertionError\n",
      "exit_code": 1,
      "status": "Exception"
    },
    {
      "program": "def dog_age(h_age: int) -> int:\n    \"\"\"\n\tWrite a function to calculate a dog's age in dog's years.\n\t\"\"\"\n    return h_age * 7\n\n\ndef check(candidate):\n    assert candidate(12) == 61\n    assert candidate(15) == 73\n    assert candidate(24) == 109\n\ndef test_check():\n    check(dog_age)\n\ntest_check()\n",
      "timestamp": 1665509899,
      "stdout": "",
      "stderr": "Traceback (most recent call last):\n  File \"/tmp/tmp8h27ck4j.py\", line 16, in <module>\n    test_check()\n  File \"/tmp/tmp8h27ck4j.py\", line 14, in test_check\n    check(dog_age)\n  File \"/tmp/tmp8h27ck4j.py\", line 9, in check\n    assert candidate(12) == 61\nAssertionError\n",
      "exit_code": 1,
      "status": "Exception"
    },
    {
      "program": "def dog_age(h_age: int) -> int:\n    \"\"\"\n\tWrite a function to calculate a dog's age in dog's years.\n\t\"\"\"\n    return h_age * 7\n\n\ndef check(candidate):\n    assert candidate(12) == 61\n    assert candidate(15) == 73\n    assert candidate(24) == 109\n\ndef test_check():\n    check(dog_age)\n\ntest_check()\n",
      "timestamp": 1665509899,
      "stdout": "",
      "stderr": "Traceback (most recent call last):\n  File \"/tmp/tmp8h27ck4j.py\", line 16, in <module>\n    test_check()\n  File \"/tmp/tmp8h27ck4j.py\", line 14, in test_check\n    check(dog_age)\n  File \"/tmp/tmp8h27ck4j.py\", line 9, in check\n    assert candidate(12) == 61\nAssertionError\n",
      "exit_code": 1,
      "status": "Exception"
    },
    {
      "program": "def dog_age(h_age: int) -> int:\n    \"\"\"\n\tWrite a function to calculate a dog's age in dog's years.\n\t\"\"\"\n    return h_age * 7\n\n\ndef check(candidate):\n    assert candidate(12) == 61\n    assert candidate(15) == 73\n    assert candidate(24) == 109\n\ndef test_check():\n    check(dog_age)\n\ntest_check()\n",
      "timestamp": 1665509899,
      "stdout": "",
      "stderr": "Traceback (most recent call last):\n  File \"/tmp/tmp8h27ck4j.py\", line 16, in <module>\n    test_check()\n  File \"/tmp/tmp8h27ck4j.py\", line 14, in test_check\n    check(dog_age)\n  File \"/tmp/tmp8h27ck4j.py\", line 9, in check\n    assert candidate(12) == 61\nAssertionError\n",
      "exit_code": 1,
      "status": "Exception"
    },
    {
      "program": "def dog_age(h_age: int) -> int:\n    \"\"\"\n\tWrite a function to calculate a dog's age in dog's years.\n\t\"\"\"\n    return h_age * 7\n\n\ndef check(candidate):\n    assert candidate(12) == 61\n    assert candidate(15) == 73\n    assert candidate(24) == 109\n\ndef test_check():\n    check(dog_age)\n\ntest_check()\n",
      "timestamp": 1665509899,
      "stdout": "",
      "stderr": "Traceback (most recent call last):\n  File \"/tmp/tmp8h27ck4j.py\", line 16, in <module>\n    test_check()\n  File \"/tmp/tmp8h27ck4j.py\", line 14, in test_check\n    check(dog_age)\n  File \"/tmp/tmp8h27ck4j.py\", line 9, in check\n    assert candidate(12) == 61\nAssertionError\n",
      "exit_code": 1,
      "status": "Exception"
    },
    {
      "program": "def dog_age(h_age: int) -> int:\n    \"\"\"\n\tWrite a function to calculate a dog's age in dog's years.\n\t\"\"\"\n    return h_age * 7\n\n\ndef check(candidate):\n    assert candidate(12) == 61\n    assert candidate(15) == 73\n    assert candidate(24) == 109\n\ndef test_check():\n    check(dog_age)\n\ntest_check()\n",
      "timestamp": 1665509899,
      "stdout": "",
      "stderr": "Traceback (most recent call last):\n  File \"/tmp/tmp8h27ck4j.py\", line 16, in <module>\n    test_check()\n  File \"/tmp/tmp8h27ck4j.py\", line 14, in test_check\n    check(dog_age)\n  File \"/tmp/tmp8h27ck4j.py\", line 9, in check\n    assert candidate(12) == 61\nAssertionError\n",
      "exit_code": 1,
      "status": "Exception"
    },
    {
      "program": "def dog_age(h_age: int) -> int:\n    \"\"\"\n\tWrite a function to calculate a dog's age in dog's years.\n\t\"\"\"\n    return h_age * 7\n\n\ndef check(candidate):\n    assert candidate(12) == 61\n    assert candidate(15) == 73\n    assert candidate(24) == 109\n\ndef test_check():\n    check(dog_age)\n\ntest_check()\n",
      "timestamp": 1665509899,
      "stdout": "",
      "stderr": "Traceback (most recent call last):\n  File \"/tmp/tmp8h27ck4j.py\", line 16, in <module>\n    test_check()\n  File \"/tmp/tmp8h27ck4j.py\", line 14, in test_check\n    check(dog_age)\n  File \"/tmp/tmp8h27ck4j.py\", line 9, in check\n    assert candidate(12) == 61\nAssertionError\n",
      "exit_code": 1,
      "status": "Exception"
    },
    {
      "program": "def dog_age(h_age: int) -> int:\n    \"\"\"\n\tWrite a function to calculate a dog's age in dog's years.\n\t\"\"\"\n    return h_age * 7\n\n\ndef check(candidate):\n    assert candidate(12) == 61\n    assert candidate(15) == 73\n    assert candidate(24) == 109\n\ndef test_check():\n    check(dog_age)\n\ntest_check()\n",
      "timestamp": 1665509899,
      "stdout": "",
      "stderr": "Traceback (most recent call last):\n  File \"/tmp/tmp8h27ck4j.py\", line 16, in <module>\n    test_check()\n  File \"/tmp/tmp8h27ck4j.py\", line 14, in test_check\n    check(dog_age)\n  File \"/tmp/tmp8h27ck4j.py\", line 9, in check\n    assert candidate(12) == 61\nAssertionError\n",
      "exit_code": 1,
      "status": "Exception"
    },
    {
      "program": "def dog_age(h_age: int) -> int:\n    \"\"\"\n\tWrite a function to calculate a dog's age in dog's years.\n\t\"\"\"\n    return h_age * 7\n\n\ndef check(candidate):\n    assert candidate(12) == 61\n    assert candidate(15) == 73\n    assert candidate(24) == 109\n\ndef test_check():\n    check(dog_age)\n\ntest_check()\n",
      "timestamp": 1665509899,
      "stdout": "",
      "stderr": "Traceback (most recent call last):\n  File \"/tmp/tmp8h27ck4j.py\", line 16, in <module>\n    test_check()\n  File \"/tmp/tmp8h27ck4j.py\", line 14, in test_check\n    check(dog_age)\n  File \"/tmp/tmp8h27ck4j.py\", line 9, in check\n    assert candidate(12) == 61\nAssertionError\n",
      "exit_code": 1,
      "status": "Exception"
    },
    {
      "program": "def dog_age(h_age: int) -> int:\n    \"\"\"\n\tWrite a function to calculate a dog's age in dog's years.\n\t\"\"\"\n    return h_age * 7\n\n\ndef check(candidate):\n    assert candidate(12) == 61\n    assert candidate(15) == 73\n    assert candidate(24) == 109\n\ndef test_check():\n    check(dog_age)\n\ntest_check()\n",
      "timestamp": 1665509899,
      "stdout": "",
      "stderr": "Traceback (most recent call last):\n  File \"/tmp/tmp8h27ck4j.py\", line 16, in <module>\n    test_check()\n  File \"/tmp/tmp8h27ck4j.py\", line 14, in test_check\n    check(dog_age)\n  File \"/tmp/tmp8h27ck4j.py\", line 9, in check\n    assert candidate(12) == 61\nAssertionError\n",
      "exit_code": 1,
      "status": "Exception"
    },
    {
      "program": "def dog_age(h_age: int) -> int:\n    \"\"\"\n\tWrite a function to calculate a dog's age in dog's years.\n\t\"\"\"\n    return h_age * 7\n\n\ndef check(candidate):\n    assert candidate(12) == 61\n    assert candidate(15) == 73\n    assert candidate(24) == 109\n\ndef test_check():\n    check(dog_age)\n\ntest_check()\n",
      "timestamp": 1665509899,
      "stdout": "",
      "stderr": "Traceback (most recent call last):\n  File \"/tmp/tmp8h27ck4j.py\", line 16, in <module>\n    test_check()\n  File \"/tmp/tmp8h27ck4j.py\", line 14, in test_check\n    check(dog_age)\n  File \"/tmp/tmp8h27ck4j.py\", line 9, in check\n    assert candidate(12) == 61\nAssertionError\n",
      "exit_code": 1,
      "status": "Exception"
    },
    {
      "program": "def dog_age(h_age: int) -> int:\n    \"\"\"\n\tWrite a function to calculate a dog's age in dog's years.\n\t\"\"\"\n    return h_age * 7\n\n\ndef check(candidate):\n    assert candidate(12) == 61\n    assert candidate(15) == 73\n    assert candidate(24) == 109\n\ndef test_check():\n    check(dog_age)\n\ntest_check()\n",
      "timestamp": 1665509899,
      "stdout": "",
      "stderr": "Traceback (most recent call last):\n  File \"/tmp/tmp8h27ck4j.py\", line 16, in <module>\n    test_check()\n  File \"/tmp/tmp8h27ck4j.py\", line 14, in test_check\n    check(dog_age)\n  File \"/tmp/tmp8h27ck4j.py\", line 9, in check\n    assert candidate(12) == 61\nAssertionError\n",
      "exit_code": 1,
      "status": "Exception"
    },
    {
      "program": "def dog_age(h_age: int) -> int:\n    \"\"\"\n\tWrite a function to calculate a dog's age in dog's years.\n\t\"\"\"\n    return h_age * 7\n\n\ndef check(candidate):\n    assert candidate(12) == 61\n    assert candidate(15) == 73\n    assert candidate(24) == 109\n\ndef test_check():\n    check(dog_age)\n\ntest_check()\n",
      "timestamp": 1665509899,
      "stdout": "",
      "stderr": "Traceback (most recent call last):\n  File \"/tmp/tmp8h27ck4j.py\", line 16, in <module>\n    test_check()\n  File \"/tmp/tmp8h27ck4j.py\", line 14, in test_check\n    check(dog_age)\n  File \"/tmp/tmp8h27ck4j.py\", line 9, in check\n    assert candidate(12) == 61\nAssertionError\n",
      "exit_code": 1,
      "status": "Exception"
    },
    {
      "program": "def dog_age(h_age: int) -> int:\n    \"\"\"\n\tWrite a function to calculate a dog's age in dog's years.\n\t\"\"\"\n    return h_age * 7\n\n\ndef check(candidate):\n    assert candidate(12) == 61\n    assert candidate(15) == 73\n    assert candidate(24) == 109\n\ndef test_check():\n    check(dog_age)\n\ntest_check()\n",
      "timestamp": 1665509899,
      "stdout": "",
      "stderr": "Traceback (most recent call last):\n  File \"/tmp/tmp8h27ck4j.py\", line 16, in <module>\n    test_check()\n  File \"/tmp/tmp8h27ck4j.py\", line 14, in test_check\n    check(dog_age)\n  File \"/tmp/tmp8h27ck4j.py\", line 9, in check\n    assert candidate(12) == 61\nAssertionError\n",
      "exit_code": 1,
      "status": "Exception"
    },
    {
      "program": "def dog_age(h_age: int) -> int:\n    \"\"\"\n\tWrite a function to calculate a dog's age in dog's years.\n\t\"\"\"\n    return h_age * 7\n\n\ndef check(candidate):\n    assert candidate(12) == 61\n    assert candidate(15) == 73\n    assert candidate(24) == 109\n\ndef test_check():\n    check(dog_age)\n\ntest_check()\n",
      "timestamp": 1665509899,
      "stdout": "",
      "stderr": "Traceback (most recent call last):\n  File \"/tmp/tmp8h27ck4j.py\", line 16, in <module>\n    test_check()\n  File \"/tmp/tmp8h27ck4j.py\", line 14, in test_check\n    check(dog_age)\n  File \"/tmp/tmp8h27ck4j.py\", line 9, in check\n    assert candidate(12) == 61\nAssertionError\n",
      "exit_code": 1,
      "status": "Exception"
    },
    {
      "program": "def dog_age(h_age: int) -> int:\n    \"\"\"\n\tWrite a function to calculate a dog's age in dog's years.\n\t\"\"\"\n    return h_age * 7\n\n\ndef check(candidate):\n    assert candidate(12) == 61\n    assert candidate(15) == 73\n    assert candidate(24) == 109\n\ndef test_check():\n    check(dog_age)\n\ntest_check()\n",
      "timestamp": 1665509899,
      "stdout": "",
      "stderr": "Traceback (most recent call last):\n  File \"/tmp/tmp8h27ck4j.py\", line 16, in <module>\n    test_check()\n  File \"/tmp/tmp8h27ck4j.py\", line 14, in test_check\n    check(dog_age)\n  File \"/tmp/tmp8h27ck4j.py\", line 9, in check\n    assert candidate(12) == 61\nAssertionError\n",
      "exit_code": 1,
      "status": "Exception"
    },
    {
      "program": "def dog_age(h_age: int) -> int:\n    \"\"\"\n\tWrite a function to calculate a dog's age in dog's years.\n\t\"\"\"\n    return h_age * 7\n\n\ndef check(candidate):\n    assert candidate(12) == 61\n    assert candidate(15) == 73\n    assert candidate(24) == 109\n\ndef test_check():\n    check(dog_age)\n\ntest_check()\n",
      "timestamp": 1665509899,
      "stdout": "",
      "stderr": "Traceback (most recent call last):\n  File \"/tmp/tmp8h27ck4j.py\", line 16, in <module>\n    test_check()\n  File \"/tmp/tmp8h27ck4j.py\", line 14, in test_check\n    check(dog_age)\n  File \"/tmp/tmp8h27ck4j.py\", line 9, in check\n    assert candidate(12) == 61\nAssertionError\n",
      "exit_code": 1,
      "status": "Exception"
    },
    {
      "program": "def dog_age(h_age: int) -> int:\n    \"\"\"\n\tWrite a function to calculate a dog's age in dog's years.\n\t\"\"\"\n    return h_age * 7\n\n\ndef check(candidate):\n    assert candidate(12) == 61\n    assert candidate(15) == 73\n    assert candidate(24) == 109\n\ndef test_check():\n    check(dog_age)\n\ntest_check()\n",
      "timestamp": 1665509899,
      "stdout": "",
      "stderr": "Traceback (most recent call last):\n  File \"/tmp/tmp8h27ck4j.py\", line 16, in <module>\n    test_check()\n  File \"/tmp/tmp8h27ck4j.py\", line 14, in test_check\n    check(dog_age)\n  File \"/tmp/tmp8h27ck4j.py\", line 9, in check\n    assert candidate(12) == 61\nAssertionError\n",
      "exit_code": 1,
      "status": "Exception"
    },
    {
      "program": "def dog_age(h_age: int) -> int:\n    \"\"\"\n\tWrite a function to calculate a dog's age in dog's years.\n\t\"\"\"\n    return h_age * 7\n\n\ndef check(candidate):\n    assert candidate(12) == 61\n    assert candidate(15) == 73\n    assert candidate(24) == 109\n\ndef test_check():\n    check(dog_age)\n\ntest_check()\n",
      "timestamp": 1665509899,
      "stdout": "",
      "stderr": "Traceback (most recent call last):\n  File \"/tmp/tmp8h27ck4j.py\", line 16, in <module>\n    test_check()\n  File \"/tmp/tmp8h27ck4j.py\", line 14, in test_check\n    check(dog_age)\n  File \"/tmp/tmp8h27ck4j.py\", line 9, in check\n    assert candidate(12) == 61\nAssertionError\n",
      "exit_code": 1,
      "status": "Exception"
    },
    {
      "program": "def dog_age(h_age: int) -> int:\n    \"\"\"\n\tWrite a function to calculate a dog's age in dog's years.\n\t\"\"\"\n    return h_age * 7\n\n\ndef check(candidate):\n    assert candidate(12) == 61\n    assert candidate(15) == 73\n    assert candidate(24) == 109\n\ndef test_check():\n    check(dog_age)\n\ntest_check()\n",
      "timestamp": 1665509899,
      "stdout": "",
      "stderr": "Traceback (most recent call last):\n  File \"/tmp/tmp8h27ck4j.py\", line 16, in <module>\n    test_check()\n  File \"/tmp/tmp8h27ck4j.py\", line 14, in test_check\n    check(dog_age)\n  File \"/tmp/tmp8h27ck4j.py\", line 9, in check\n    assert candidate(12) == 61\nAssertionError\n",
      "exit_code": 1,
      "status": "Exception"
    },
    {
      "program": "def dog_age(h_age: int) -> int:\n    \"\"\"\n\tWrite a function to calculate a dog's age in dog's years.\n\t\"\"\"\n    return h_age * 7\n\n\ndef check(candidate):\n    assert candidate(12) == 61\n    assert candidate(15) == 73\n    assert candidate(24) == 109\n\ndef test_check():\n    check(dog_age)\n\ntest_check()\n",
      "timestamp": 1665509899,
      "stdout": "",
      "stderr": "Traceback (most recent call last):\n  File \"/tmp/tmp8h27ck4j.py\", line 16, in <module>\n    test_check()\n  File \"/tmp/tmp8h27ck4j.py\", line 14, in test_check\n    check(dog_age)\n  File \"/tmp/tmp8h27ck4j.py\", line 9, in check\n    assert candidate(12) == 61\nAssertionError\n",
      "exit_code": 1,
      "status": "Exception"
    },
    {
      "program": "def dog_age(h_age: int) -> int:\n    \"\"\"\n\tWrite a function to calculate a dog's age in dog's years.\n\t\"\"\"\n    return h_age * 7\n\n\ndef check(candidate):\n    assert candidate(12) == 61\n    assert candidate(15) == 73\n    assert candidate(24) == 109\n\ndef test_check():\n    check(dog_age)\n\ntest_check()\n",
      "timestamp": 1665509899,
      "stdout": "",
      "stderr": "Traceback (most recent call last):\n  File \"/tmp/tmp8h27ck4j.py\", line 16, in <module>\n    test_check()\n  File \"/tmp/tmp8h27ck4j.py\", line 14, in test_check\n    check(dog_age)\n  File \"/tmp/tmp8h27ck4j.py\", line 9, in check\n    assert candidate(12) == 61\nAssertionError\n",
      "exit_code": 1,
      "status": "Exception"
    },
    {
      "program": "def dog_age(h_age: int) -> int:\n    \"\"\"\n\tWrite a function to calculate a dog's age in dog's years.\n\t\"\"\"\n    return h_age * 7\n\n\ndef check(candidate):\n    assert candidate(12) == 61\n    assert candidate(15) == 73\n    assert candidate(24) == 109\n\ndef test_check():\n    check(dog_age)\n\ntest_check()\n",
      "timestamp": 1665509899,
      "stdout": "",
      "stderr": "Traceback (most recent call last):\n  File \"/tmp/tmp8h27ck4j.py\", line 16, in <module>\n    test_check()\n  File \"/tmp/tmp8h27ck4j.py\", line 14, in test_check\n    check(dog_age)\n  File \"/tmp/tmp8h27ck4j.py\", line 9, in check\n    assert candidate(12) == 61\nAssertionError\n",
      "exit_code": 1,
      "status": "Exception"
    },
    {
      "program": "def dog_age(h_age: int) -> int:\n    \"\"\"\n\tWrite a function to calculate a dog's age in dog's years.\n\t\"\"\"\n    return h_age * 7\n\n\ndef check(candidate):\n    assert candidate(12) == 61\n    assert candidate(15) == 73\n    assert candidate(24) == 109\n\ndef test_check():\n    check(dog_age)\n\ntest_check()\n",
      "timestamp": 1665509899,
      "stdout": "",
      "stderr": "Traceback (most recent call last):\n  File \"/tmp/tmp8h27ck4j.py\", line 16, in <module>\n    test_check()\n  File \"/tmp/tmp8h27ck4j.py\", line 14, in test_check\n    check(dog_age)\n  File \"/tmp/tmp8h27ck4j.py\", line 9, in check\n    assert candidate(12) == 61\nAssertionError\n",
      "exit_code": 1,
      "status": "Exception"
    },
    {
      "program": "def dog_age(h_age: int) -> int:\n    \"\"\"\n\tWrite a function to calculate a dog's age in dog's years.\n\t\"\"\"\n    return h_age * 7\n\n\ndef check(candidate):\n    assert candidate(12) == 61\n    assert candidate(15) == 73\n    assert candidate(24) == 109\n\ndef test_check():\n    check(dog_age)\n\ntest_check()\n",
      "timestamp": 1665509899,
      "stdout": "",
      "stderr": "Traceback (most recent call last):\n  File \"/tmp/tmp8h27ck4j.py\", line 16, in <module>\n    test_check()\n  File \"/tmp/tmp8h27ck4j.py\", line 14, in test_check\n    check(dog_age)\n  File \"/tmp/tmp8h27ck4j.py\", line 9, in check\n    assert candidate(12) == 61\nAssertionError\n",
      "exit_code": 1,
      "status": "Exception"
    },
    {
      "program": "def dog_age(h_age: int) -> int:\n    \"\"\"\n\tWrite a function to calculate a dog's age in dog's years.\n\t\"\"\"\n    return h_age * 7\n\n\ndef check(candidate):\n    assert candidate(12) == 61\n    assert candidate(15) == 73\n    assert candidate(24) == 109\n\ndef test_check():\n    check(dog_age)\n\ntest_check()\n",
      "timestamp": 1665509899,
      "stdout": "",
      "stderr": "Traceback (most recent call last):\n  File \"/tmp/tmp8h27ck4j.py\", line 16, in <module>\n    test_check()\n  File \"/tmp/tmp8h27ck4j.py\", line 14, in test_check\n    check(dog_age)\n  File \"/tmp/tmp8h27ck4j.py\", line 9, in check\n    assert candidate(12) == 61\nAssertionError\n",
      "exit_code": 1,
      "status": "Exception"
    },
    {
      "program": "def dog_age(h_age: int) -> int:\n    \"\"\"\n\tWrite a function to calculate a dog's age in dog's years.\n\t\"\"\"\n    return h_age * 7\n\n\ndef check(candidate):\n    assert candidate(12) == 61\n    assert candidate(15) == 73\n    assert candidate(24) == 109\n\ndef test_check():\n    check(dog_age)\n\ntest_check()\n",
      "timestamp": 1665509899,
      "stdout": "",
      "stderr": "Traceback (most recent call last):\n  File \"/tmp/tmp8h27ck4j.py\", line 16, in <module>\n    test_check()\n  File \"/tmp/tmp8h27ck4j.py\", line 14, in test_check\n    check(dog_age)\n  File \"/tmp/tmp8h27ck4j.py\", line 9, in check\n    assert candidate(12) == 61\nAssertionError\n",
      "exit_code": 1,
      "status": "Exception"
    },
    {
      "program": "def dog_age(h_age: int) -> int:\n    \"\"\"\n\tWrite a function to calculate a dog's age in dog's years.\n\t\"\"\"\n    return h_age * 7\n\n\ndef check(candidate):\n    assert candidate(12) == 61\n    assert candidate(15) == 73\n    assert candidate(24) == 109\n\ndef test_check():\n    check(dog_age)\n\ntest_check()\n",
      "timestamp": 1665509899,
      "stdout": "",
      "stderr": "Traceback (most recent call last):\n  File \"/tmp/tmp8h27ck4j.py\", line 16, in <module>\n    test_check()\n  File \"/tmp/tmp8h27ck4j.py\", line 14, in test_check\n    check(dog_age)\n  File \"/tmp/tmp8h27ck4j.py\", line 9, in check\n    assert candidate(12) == 61\nAssertionError\n",
      "exit_code": 1,
      "status": "Exception"
    },
    {
      "program": "def dog_age(h_age: int) -> int:\n    \"\"\"\n\tWrite a function to calculate a dog's age in dog's years.\n\t\"\"\"\n    return h_age * 7\n\n\ndef check(candidate):\n    assert candidate(12) == 61\n    assert candidate(15) == 73\n    assert candidate(24) == 109\n\ndef test_check():\n    check(dog_age)\n\ntest_check()\n",
      "timestamp": 1665509899,
      "stdout": "",
      "stderr": "Traceback (most recent call last):\n  File \"/tmp/tmp8h27ck4j.py\", line 16, in <module>\n    test_check()\n  File \"/tmp/tmp8h27ck4j.py\", line 14, in test_check\n    check(dog_age)\n  File \"/tmp/tmp8h27ck4j.py\", line 9, in check\n    assert candidate(12) == 61\nAssertionError\n",
      "exit_code": 1,
      "status": "Exception"
    },
    {
      "program": "def dog_age(h_age: int) -> int:\n    \"\"\"\n\tWrite a function to calculate a dog's age in dog's years.\n\t\"\"\"\n    return h_age * 7\n\n\ndef check(candidate):\n    assert candidate(12) == 61\n    assert candidate(15) == 73\n    assert candidate(24) == 109\n\ndef test_check():\n    check(dog_age)\n\ntest_check()\n",
      "timestamp": 1665509899,
      "stdout": "",
      "stderr": "Traceback (most recent call last):\n  File \"/tmp/tmp8h27ck4j.py\", line 16, in <module>\n    test_check()\n  File \"/tmp/tmp8h27ck4j.py\", line 14, in test_check\n    check(dog_age)\n  File \"/tmp/tmp8h27ck4j.py\", line 9, in check\n    assert candidate(12) == 61\nAssertionError\n",
      "exit_code": 1,
      "status": "Exception"
    },
    {
      "program": "def dog_age(h_age: int) -> int:\n    \"\"\"\n\tWrite a function to calculate a dog's age in dog's years.\n\t\"\"\"\n    return h_age * 7\n\n\ndef check(candidate):\n    assert candidate(12) == 61\n    assert candidate(15) == 73\n    assert candidate(24) == 109\n\ndef test_check():\n    check(dog_age)\n\ntest_check()\n",
      "timestamp": 1665509899,
      "stdout": "",
      "stderr": "Traceback (most recent call last):\n  File \"/tmp/tmp8h27ck4j.py\", line 16, in <module>\n    test_check()\n  File \"/tmp/tmp8h27ck4j.py\", line 14, in test_check\n    check(dog_age)\n  File \"/tmp/tmp8h27ck4j.py\", line 9, in check\n    assert candidate(12) == 61\nAssertionError\n",
      "exit_code": 1,
      "status": "Exception"
    },
    {
      "program": "def dog_age(h_age: int) -> int:\n    \"\"\"\n\tWrite a function to calculate a dog's age in dog's years.\n\t\"\"\"\n    return h_age * 7\n\n\ndef check(candidate):\n    assert candidate(12) == 61\n    assert candidate(15) == 73\n    assert candidate(24) == 109\n\ndef test_check():\n    check(dog_age)\n\ntest_check()\n",
      "timestamp": 1665509899,
      "stdout": "",
      "stderr": "Traceback (most recent call last):\n  File \"/tmp/tmp8h27ck4j.py\", line 16, in <module>\n    test_check()\n  File \"/tmp/tmp8h27ck4j.py\", line 14, in test_check\n    check(dog_age)\n  File \"/tmp/tmp8h27ck4j.py\", line 9, in check\n    assert candidate(12) == 61\nAssertionError\n",
      "exit_code": 1,
      "status": "Exception"
    },
    {
      "program": "def dog_age(h_age: int) -> int:\n    \"\"\"\n\tWrite a function to calculate a dog's age in dog's years.\n\t\"\"\"\n    return h_age * 7\n\n\ndef check(candidate):\n    assert candidate(12) == 61\n    assert candidate(15) == 73\n    assert candidate(24) == 109\n\ndef test_check():\n    check(dog_age)\n\ntest_check()\n",
      "timestamp": 1665509899,
      "stdout": "",
      "stderr": "Traceback (most recent call last):\n  File \"/tmp/tmp8h27ck4j.py\", line 16, in <module>\n    test_check()\n  File \"/tmp/tmp8h27ck4j.py\", line 14, in test_check\n    check(dog_age)\n  File \"/tmp/tmp8h27ck4j.py\", line 9, in check\n    assert candidate(12) == 61\nAssertionError\n",
      "exit_code": 1,
      "status": "Exception"
    },
    {
      "program": "def dog_age(h_age: int) -> int:\n    \"\"\"\n\tWrite a function to calculate a dog's age in dog's years.\n\t\"\"\"\n    return h_age * 7\n\n\ndef check(candidate):\n    assert candidate(12) == 61\n    assert candidate(15) == 73\n    assert candidate(24) == 109\n\ndef test_check():\n    check(dog_age)\n\ntest_check()\n",
      "timestamp": 1665509899,
      "stdout": "",
      "stderr": "Traceback (most recent call last):\n  File \"/tmp/tmp8h27ck4j.py\", line 16, in <module>\n    test_check()\n  File \"/tmp/tmp8h27ck4j.py\", line 14, in test_check\n    check(dog_age)\n  File \"/tmp/tmp8h27ck4j.py\", line 9, in check\n    assert candidate(12) == 61\nAssertionError\n",
      "exit_code": 1,
      "status": "Exception"
    },
    {
      "program": "def dog_age(h_age: int) -> int:\n    \"\"\"\n\tWrite a function to calculate a dog's age in dog's years.\n\t\"\"\"\n    return h_age * 7\n\n\ndef check(candidate):\n    assert candidate(12) == 61\n    assert candidate(15) == 73\n    assert candidate(24) == 109\n\ndef test_check():\n    check(dog_age)\n\ntest_check()\n",
      "timestamp": 1665509899,
      "stdout": "",
      "stderr": "Traceback (most recent call last):\n  File \"/tmp/tmp8h27ck4j.py\", line 16, in <module>\n    test_check()\n  File \"/tmp/tmp8h27ck4j.py\", line 14, in test_check\n    check(dog_age)\n  File \"/tmp/tmp8h27ck4j.py\", line 9, in check\n    assert candidate(12) == 61\nAssertionError\n",
      "exit_code": 1,
      "status": "Exception"
    },
    {
      "program": "def dog_age(h_age: int) -> int:\n    \"\"\"\n\tWrite a function to calculate a dog's age in dog's years.\n\t\"\"\"\n    return h_age * 7\n\n\ndef check(candidate):\n    assert candidate(12) == 61\n    assert candidate(15) == 73\n    assert candidate(24) == 109\n\ndef test_check():\n    check(dog_age)\n\ntest_check()\n",
      "timestamp": 1665509899,
      "stdout": "",
      "stderr": "Traceback (most recent call last):\n  File \"/tmp/tmp8h27ck4j.py\", line 16, in <module>\n    test_check()\n  File \"/tmp/tmp8h27ck4j.py\", line 14, in test_check\n    check(dog_age)\n  File \"/tmp/tmp8h27ck4j.py\", line 9, in check\n    assert candidate(12) == 61\nAssertionError\n",
      "exit_code": 1,
      "status": "Exception"
    },
    {
      "program": "def dog_age(h_age: int) -> int:\n    \"\"\"\n\tWrite a function to calculate a dog's age in dog's years.\n\t\"\"\"\n    return h_age * 7\n\n\ndef check(candidate):\n    assert candidate(12) == 61\n    assert candidate(15) == 73\n    assert candidate(24) == 109\n\ndef test_check():\n    check(dog_age)\n\ntest_check()\n",
      "timestamp": 1665509899,
      "stdout": "",
      "stderr": "Traceback (most recent call last):\n  File \"/tmp/tmp8h27ck4j.py\", line 16, in <module>\n    test_check()\n  File \"/tmp/tmp8h27ck4j.py\", line 14, in test_check\n    check(dog_age)\n  File \"/tmp/tmp8h27ck4j.py\", line 9, in check\n    assert candidate(12) == 61\nAssertionError\n",
      "exit_code": 1,
      "status": "Exception"
    },
    {
      "program": "def dog_age(h_age: int) -> int:\n    \"\"\"\n\tWrite a function to calculate a dog's age in dog's years.\n\t\"\"\"\n    return h_age * 7\n\n\ndef check(candidate):\n    assert candidate(12) == 61\n    assert candidate(15) == 73\n    assert candidate(24) == 109\n\ndef test_check():\n    check(dog_age)\n\ntest_check()\n",
      "timestamp": 1665509899,
      "stdout": "",
      "stderr": "Traceback (most recent call last):\n  File \"/tmp/tmp8h27ck4j.py\", line 16, in <module>\n    test_check()\n  File \"/tmp/tmp8h27ck4j.py\", line 14, in test_check\n    check(dog_age)\n  File \"/tmp/tmp8h27ck4j.py\", line 9, in check\n    assert candidate(12) == 61\nAssertionError\n",
      "exit_code": 1,
      "status": "Exception"
    },
    {
      "program": "def dog_age(h_age: int) -> int:\n    \"\"\"\n\tWrite a function to calculate a dog's age in dog's years.\n\t\"\"\"\n    return h_age * 7\n\n\ndef check(candidate):\n    assert candidate(12) == 61\n    assert candidate(15) == 73\n    assert candidate(24) == 109\n\ndef test_check():\n    check(dog_age)\n\ntest_check()\n",
      "timestamp": 1665509899,
      "stdout": "",
      "stderr": "Traceback (most recent call last):\n  File \"/tmp/tmp8h27ck4j.py\", line 16, in <module>\n    test_check()\n  File \"/tmp/tmp8h27ck4j.py\", line 14, in test_check\n    check(dog_age)\n  File \"/tmp/tmp8h27ck4j.py\", line 9, in check\n    assert candidate(12) == 61\nAssertionError\n",
      "exit_code": 1,
      "status": "Exception"
    },
    {
      "program": "def dog_age(h_age: int) -> int:\n    \"\"\"\n\tWrite a function to calculate a dog's age in dog's years.\n\t\"\"\"\n    return h_age * 7\n\n\ndef check(candidate):\n    assert candidate(12) == 61\n    assert candidate(15) == 73\n    assert candidate(24) == 109\n\ndef test_check():\n    check(dog_age)\n\ntest_check()\n",
      "timestamp": 1665509899,
      "stdout": "",
      "stderr": "Traceback (most recent call last):\n  File \"/tmp/tmp8h27ck4j.py\", line 16, in <module>\n    test_check()\n  File \"/tmp/tmp8h27ck4j.py\", line 14, in test_check\n    check(dog_age)\n  File \"/tmp/tmp8h27ck4j.py\", line 9, in check\n    assert candidate(12) == 61\nAssertionError\n",
      "exit_code": 1,
      "status": "Exception"
    },
    {
      "program": "def dog_age(h_age: int) -> int:\n    \"\"\"\n\tWrite a function to calculate a dog's age in dog's years.\n\t\"\"\"\n    return h_age * 7\n\n\ndef check(candidate):\n    assert candidate(12) == 61\n    assert candidate(15) == 73\n    assert candidate(24) == 109\n\ndef test_check():\n    check(dog_age)\n\ntest_check()\n",
      "timestamp": 1665509899,
      "stdout": "",
      "stderr": "Traceback (most recent call last):\n  File \"/tmp/tmp8h27ck4j.py\", line 16, in <module>\n    test_check()\n  File \"/tmp/tmp8h27ck4j.py\", line 14, in test_check\n    check(dog_age)\n  File \"/tmp/tmp8h27ck4j.py\", line 9, in check\n    assert candidate(12) == 61\nAssertionError\n",
      "exit_code": 1,
      "status": "Exception"
    },
    {
      "program": "def dog_age(h_age: int) -> int:\n    \"\"\"\n\tWrite a function to calculate a dog's age in dog's years.\n\t\"\"\"\n    return h_age * 7\n\n\ndef check(candidate):\n    assert candidate(12) == 61\n    assert candidate(15) == 73\n    assert candidate(24) == 109\n\ndef test_check():\n    check(dog_age)\n\ntest_check()\n",
      "timestamp": 1665509899,
      "stdout": "",
      "stderr": "Traceback (most recent call last):\n  File \"/tmp/tmp8h27ck4j.py\", line 16, in <module>\n    test_check()\n  File \"/tmp/tmp8h27ck4j.py\", line 14, in test_check\n    check(dog_age)\n  File \"/tmp/tmp8h27ck4j.py\", line 9, in check\n    assert candidate(12) == 61\nAssertionError\n",
      "exit_code": 1,
      "status": "Exception"
    },
    {
      "program": "def dog_age(h_age: int) -> int:\n    \"\"\"\n\tWrite a function to calculate a dog's age in dog's years.\n\t\"\"\"\n    return h_age * 7\n\n\ndef check(candidate):\n    assert candidate(12) == 61\n    assert candidate(15) == 73\n    assert candidate(24) == 109\n\ndef test_check():\n    check(dog_age)\n\ntest_check()\n",
      "timestamp": 1665509899,
      "stdout": "",
      "stderr": "Traceback (most recent call last):\n  File \"/tmp/tmp8h27ck4j.py\", line 16, in <module>\n    test_check()\n  File \"/tmp/tmp8h27ck4j.py\", line 14, in test_check\n    check(dog_age)\n  File \"/tmp/tmp8h27ck4j.py\", line 9, in check\n    assert candidate(12) == 61\nAssertionError\n",
      "exit_code": 1,
      "status": "Exception"
    },
    {
      "program": "def dog_age(h_age: int) -> int:\n    \"\"\"\n\tWrite a function to calculate a dog's age in dog's years.\n\t\"\"\"\n    return h_age * 7\n\n\ndef check(candidate):\n    assert candidate(12) == 61\n    assert candidate(15) == 73\n    assert candidate(24) == 109\n\ndef test_check():\n    check(dog_age)\n\ntest_check()\n",
      "timestamp": 1665509899,
      "stdout": "",
      "stderr": "Traceback (most recent call last):\n  File \"/tmp/tmp8h27ck4j.py\", line 16, in <module>\n    test_check()\n  File \"/tmp/tmp8h27ck4j.py\", line 14, in test_check\n    check(dog_age)\n  File \"/tmp/tmp8h27ck4j.py\", line 9, in check\n    assert candidate(12) == 61\nAssertionError\n",
      "exit_code": 1,
      "status": "Exception"
    },
    {
      "program": "def dog_age(h_age: int) -> int:\n    \"\"\"\n\tWrite a function to calculate a dog's age in dog's years.\n\t\"\"\"\n    return h_age * 7\n\n\ndef check(candidate):\n    assert candidate(12) == 61\n    assert candidate(15) == 73\n    assert candidate(24) == 109\n\ndef test_check():\n    check(dog_age)\n\ntest_check()\n",
      "timestamp": 1665509899,
      "stdout": "",
      "stderr": "Traceback (most recent call last):\n  File \"/tmp/tmp8h27ck4j.py\", line 16, in <module>\n    test_check()\n  File \"/tmp/tmp8h27ck4j.py\", line 14, in test_check\n    check(dog_age)\n  File \"/tmp/tmp8h27ck4j.py\", line 9, in check\n    assert candidate(12) == 61\nAssertionError\n",
      "exit_code": 1,
      "status": "Exception"
    },
    {
      "program": "def dog_age(h_age: int) -> int:\n    \"\"\"\n\tWrite a function to calculate a dog's age in dog's years.\n\t\"\"\"\n    return h_age * 7\n\n\ndef check(candidate):\n    assert candidate(12) == 61\n    assert candidate(15) == 73\n    assert candidate(24) == 109\n\ndef test_check():\n    check(dog_age)\n\ntest_check()\n",
      "timestamp": 1665509899,
      "stdout": "",
      "stderr": "Traceback (most recent call last):\n  File \"/tmp/tmp8h27ck4j.py\", line 16, in <module>\n    test_check()\n  File \"/tmp/tmp8h27ck4j.py\", line 14, in test_check\n    check(dog_age)\n  File \"/tmp/tmp8h27ck4j.py\", line 9, in check\n    assert candidate(12) == 61\nAssertionError\n",
      "exit_code": 1,
      "status": "Exception"
    },
    {
      "program": "def dog_age(h_age: int) -> int:\n    \"\"\"\n\tWrite a function to calculate a dog's age in dog's years.\n\t\"\"\"\n    return h_age * 7\n\n\ndef check(candidate):\n    assert candidate(12) == 61\n    assert candidate(15) == 73\n    assert candidate(24) == 109\n\ndef test_check():\n    check(dog_age)\n\ntest_check()\n",
      "timestamp": 1665509899,
      "stdout": "",
      "stderr": "Traceback (most recent call last):\n  File \"/tmp/tmp8h27ck4j.py\", line 16, in <module>\n    test_check()\n  File \"/tmp/tmp8h27ck4j.py\", line 14, in test_check\n    check(dog_age)\n  File \"/tmp/tmp8h27ck4j.py\", line 9, in check\n    assert candidate(12) == 61\nAssertionError\n",
      "exit_code": 1,
      "status": "Exception"
    },
    {
      "program": "def dog_age(h_age: int) -> int:\n    \"\"\"\n\tWrite a function to calculate a dog's age in dog's years.\n\t\"\"\"\n    return h_age * 7\n\n\ndef check(candidate):\n    assert candidate(12) == 61\n    assert candidate(15) == 73\n    assert candidate(24) == 109\n\ndef test_check():\n    check(dog_age)\n\ntest_check()\n",
      "timestamp": 1665509899,
      "stdout": "",
      "stderr": "Traceback (most recent call last):\n  File \"/tmp/tmp8h27ck4j.py\", line 16, in <module>\n    test_check()\n  File \"/tmp/tmp8h27ck4j.py\", line 14, in test_check\n    check(dog_age)\n  File \"/tmp/tmp8h27ck4j.py\", line 9, in check\n    assert candidate(12) == 61\nAssertionError\n",
      "exit_code": 1,
      "status": "Exception"
    },
    {
      "program": "def dog_age(h_age: int) -> int:\n    \"\"\"\n\tWrite a function to calculate a dog's age in dog's years.\n\t\"\"\"\n    return h_age * 7\n\n\ndef check(candidate):\n    assert candidate(12) == 61\n    assert candidate(15) == 73\n    assert candidate(24) == 109\n\ndef test_check():\n    check(dog_age)\n\ntest_check()\n",
      "timestamp": 1665509899,
      "stdout": "",
      "stderr": "Traceback (most recent call last):\n  File \"/tmp/tmp8h27ck4j.py\", line 16, in <module>\n    test_check()\n  File \"/tmp/tmp8h27ck4j.py\", line 14, in test_check\n    check(dog_age)\n  File \"/tmp/tmp8h27ck4j.py\", line 9, in check\n    assert candidate(12) == 61\nAssertionError\n",
      "exit_code": 1,
      "status": "Exception"
    },
    {
      "program": "def dog_age(h_age: int) -> int:\n    \"\"\"\n\tWrite a function to calculate a dog's age in dog's years.\n\t\"\"\"\n    return h_age * 7\n\n\ndef check(candidate):\n    assert candidate(12) == 61\n    assert candidate(15) == 73\n    assert candidate(24) == 109\n\ndef test_check():\n    check(dog_age)\n\ntest_check()\n",
      "timestamp": 1665509899,
      "stdout": "",
      "stderr": "Traceback (most recent call last):\n  File \"/tmp/tmp8h27ck4j.py\", line 16, in <module>\n    test_check()\n  File \"/tmp/tmp8h27ck4j.py\", line 14, in test_check\n    check(dog_age)\n  File \"/tmp/tmp8h27ck4j.py\", line 9, in check\n    assert candidate(12) == 61\nAssertionError\n",
      "exit_code": 1,
      "status": "Exception"
    },
    {
      "program": "def dog_age(h_age: int) -> int:\n    \"\"\"\n\tWrite a function to calculate a dog's age in dog's years.\n\t\"\"\"\n    return h_age * 7\n\n\ndef check(candidate):\n    assert candidate(12) == 61\n    assert candidate(15) == 73\n    assert candidate(24) == 109\n\ndef test_check():\n    check(dog_age)\n\ntest_check()\n",
      "timestamp": 1665509899,
      "stdout": "",
      "stderr": "Traceback (most recent call last):\n  File \"/tmp/tmp8h27ck4j.py\", line 16, in <module>\n    test_check()\n  File \"/tmp/tmp8h27ck4j.py\", line 14, in test_check\n    check(dog_age)\n  File \"/tmp/tmp8h27ck4j.py\", line 9, in check\n    assert candidate(12) == 61\nAssertionError\n",
      "exit_code": 1,
      "status": "Exception"
    },
    {
      "program": "def dog_age(h_age: int) -> int:\n    \"\"\"\n\tWrite a function to calculate a dog's age in dog's years.\n\t\"\"\"\n    return h_age * 7\n\n\ndef check(candidate):\n    assert candidate(12) == 61\n    assert candidate(15) == 73\n    assert candidate(24) == 109\n\ndef test_check():\n    check(dog_age)\n\ntest_check()\n",
      "timestamp": 1665509899,
      "stdout": "",
      "stderr": "Traceback (most recent call last):\n  File \"/tmp/tmp8h27ck4j.py\", line 16, in <module>\n    test_check()\n  File \"/tmp/tmp8h27ck4j.py\", line 14, in test_check\n    check(dog_age)\n  File \"/tmp/tmp8h27ck4j.py\", line 9, in check\n    assert candidate(12) == 61\nAssertionError\n",
      "exit_code": 1,
      "status": "Exception"
    },
    {
      "program": "def dog_age(h_age: int) -> int:\n    \"\"\"\n\tWrite a function to calculate a dog's age in dog's years.\n\t\"\"\"\n    return h_age * 7\n\n\ndef check(candidate):\n    assert candidate(12) == 61\n    assert candidate(15) == 73\n    assert candidate(24) == 109\n\ndef test_check():\n    check(dog_age)\n\ntest_check()\n",
      "timestamp": 1665509899,
      "stdout": "",
      "stderr": "Traceback (most recent call last):\n  File \"/tmp/tmp8h27ck4j.py\", line 16, in <module>\n    test_check()\n  File \"/tmp/tmp8h27ck4j.py\", line 14, in test_check\n    check(dog_age)\n  File \"/tmp/tmp8h27ck4j.py\", line 9, in check\n    assert candidate(12) == 61\nAssertionError\n",
      "exit_code": 1,
      "status": "Exception"
    },
    {
      "program": "def dog_age(h_age: int) -> int:\n    \"\"\"\n\tWrite a function to calculate a dog's age in dog's years.\n\t\"\"\"\n    return h_age * 7\n\n\ndef check(candidate):\n    assert candidate(12) == 61\n    assert candidate(15) == 73\n    assert candidate(24) == 109\n\ndef test_check():\n    check(dog_age)\n\ntest_check()\n",
      "timestamp": 1665509899,
      "stdout": "",
      "stderr": "Traceback (most recent call last):\n  File \"/tmp/tmp8h27ck4j.py\", line 16, in <module>\n    test_check()\n  File \"/tmp/tmp8h27ck4j.py\", line 14, in test_check\n    check(dog_age)\n  File \"/tmp/tmp8h27ck4j.py\", line 9, in check\n    assert candidate(12) == 61\nAssertionError\n",
      "exit_code": 1,
      "status": "Exception"
    },
    {
      "program": "def dog_age(h_age: int) -> int:\n    \"\"\"\n\tWrite a function to calculate a dog's age in dog's years.\n\t\"\"\"\n    return h_age * 7\n\n\ndef check(candidate):\n    assert candidate(12) == 61\n    assert candidate(15) == 73\n    assert candidate(24) == 109\n\ndef test_check():\n    check(dog_age)\n\ntest_check()\n",
      "timestamp": 1665509899,
      "stdout": "",
      "stderr": "Traceback (most recent call last):\n  File \"/tmp/tmp8h27ck4j.py\", line 16, in <module>\n    test_check()\n  File \"/tmp/tmp8h27ck4j.py\", line 14, in test_check\n    check(dog_age)\n  File \"/tmp/tmp8h27ck4j.py\", line 9, in check\n    assert candidate(12) == 61\nAssertionError\n",
      "exit_code": 1,
      "status": "Exception"
    },
    {
      "program": "def dog_age(h_age: int) -> int:\n    \"\"\"\n\tWrite a function to calculate a dog's age in dog's years.\n\t\"\"\"\n    return h_age * 7\n\n\ndef check(candidate):\n    assert candidate(12) == 61\n    assert candidate(15) == 73\n    assert candidate(24) == 109\n\ndef test_check():\n    check(dog_age)\n\ntest_check()\n",
      "timestamp": 1665509899,
      "stdout": "",
      "stderr": "Traceback (most recent call last):\n  File \"/tmp/tmp8h27ck4j.py\", line 16, in <module>\n    test_check()\n  File \"/tmp/tmp8h27ck4j.py\", line 14, in test_check\n    check(dog_age)\n  File \"/tmp/tmp8h27ck4j.py\", line 9, in check\n    assert candidate(12) == 61\nAssertionError\n",
      "exit_code": 1,
      "status": "Exception"
    },
    {
      "program": "def dog_age(h_age: int) -> int:\n    \"\"\"\n\tWrite a function to calculate a dog's age in dog's years.\n\t\"\"\"\n    return h_age * 7\n\n\ndef check(candidate):\n    assert candidate(12) == 61\n    assert candidate(15) == 73\n    assert candidate(24) == 109\n\ndef test_check():\n    check(dog_age)\n\ntest_check()\n",
      "timestamp": 1665509899,
      "stdout": "",
      "stderr": "Traceback (most recent call last):\n  File \"/tmp/tmp8h27ck4j.py\", line 16, in <module>\n    test_check()\n  File \"/tmp/tmp8h27ck4j.py\", line 14, in test_check\n    check(dog_age)\n  File \"/tmp/tmp8h27ck4j.py\", line 9, in check\n    assert candidate(12) == 61\nAssertionError\n",
      "exit_code": 1,
      "status": "Exception"
    },
    {
      "program": "def dog_age(h_age: int) -> int:\n    \"\"\"\n\tWrite a function to calculate a dog's age in dog's years.\n\t\"\"\"\n    return h_age * 7\n\n\ndef check(candidate):\n    assert candidate(12) == 61\n    assert candidate(15) == 73\n    assert candidate(24) == 109\n\ndef test_check():\n    check(dog_age)\n\ntest_check()\n",
      "timestamp": 1665509899,
      "stdout": "",
      "stderr": "Traceback (most recent call last):\n  File \"/tmp/tmp8h27ck4j.py\", line 16, in <module>\n    test_check()\n  File \"/tmp/tmp8h27ck4j.py\", line 14, in test_check\n    check(dog_age)\n  File \"/tmp/tmp8h27ck4j.py\", line 9, in check\n    assert candidate(12) == 61\nAssertionError\n",
      "exit_code": 1,
      "status": "Exception"
    },
    {
      "program": "def dog_age(h_age: int) -> int:\n    \"\"\"\n\tWrite a function to calculate a dog's age in dog's years.\n\t\"\"\"\n    return h_age * 7\n\n\ndef check(candidate):\n    assert candidate(12) == 61\n    assert candidate(15) == 73\n    assert candidate(24) == 109\n\ndef test_check():\n    check(dog_age)\n\ntest_check()\n",
      "timestamp": 1665509899,
      "stdout": "",
      "stderr": "Traceback (most recent call last):\n  File \"/tmp/tmp8h27ck4j.py\", line 16, in <module>\n    test_check()\n  File \"/tmp/tmp8h27ck4j.py\", line 14, in test_check\n    check(dog_age)\n  File \"/tmp/tmp8h27ck4j.py\", line 9, in check\n    assert candidate(12) == 61\nAssertionError\n",
      "exit_code": 1,
      "status": "Exception"
    },
    {
      "program": "def dog_age(h_age: int) -> int:\n    \"\"\"\n\tWrite a function to calculate a dog's age in dog's years.\n\t\"\"\"\n    return h_age * 7\n\n\ndef check(candidate):\n    assert candidate(12) == 61\n    assert candidate(15) == 73\n    assert candidate(24) == 109\n\ndef test_check():\n    check(dog_age)\n\ntest_check()\n",
      "timestamp": 1665509899,
      "stdout": "",
      "stderr": "Traceback (most recent call last):\n  File \"/tmp/tmp8h27ck4j.py\", line 16, in <module>\n    test_check()\n  File \"/tmp/tmp8h27ck4j.py\", line 14, in test_check\n    check(dog_age)\n  File \"/tmp/tmp8h27ck4j.py\", line 9, in check\n    assert candidate(12) == 61\nAssertionError\n",
      "exit_code": 1,
      "status": "Exception"
    },
    {
      "program": "def dog_age(h_age: int) -> int:\n    \"\"\"\n\tWrite a function to calculate a dog's age in dog's years.\n\t\"\"\"\n    return h_age * 7\n\n\ndef check(candidate):\n    assert candidate(12) == 61\n    assert candidate(15) == 73\n    assert candidate(24) == 109\n\ndef test_check():\n    check(dog_age)\n\ntest_check()\n",
      "timestamp": 1665509899,
      "stdout": "",
      "stderr": "Traceback (most recent call last):\n  File \"/tmp/tmp8h27ck4j.py\", line 16, in <module>\n    test_check()\n  File \"/tmp/tmp8h27ck4j.py\", line 14, in test_check\n    check(dog_age)\n  File \"/tmp/tmp8h27ck4j.py\", line 9, in check\n    assert candidate(12) == 61\nAssertionError\n",
      "exit_code": 1,
      "status": "Exception"
    },
    {
      "program": "def dog_age(h_age: int) -> int:\n    \"\"\"\n\tWrite a function to calculate a dog's age in dog's years.\n\t\"\"\"\n    return h_age * 7\n\n\ndef check(candidate):\n    assert candidate(12) == 61\n    assert candidate(15) == 73\n    assert candidate(24) == 109\n\ndef test_check():\n    check(dog_age)\n\ntest_check()\n",
      "timestamp": 1665509899,
      "stdout": "",
      "stderr": "Traceback (most recent call last):\n  File \"/tmp/tmp8h27ck4j.py\", line 16, in <module>\n    test_check()\n  File \"/tmp/tmp8h27ck4j.py\", line 14, in test_check\n    check(dog_age)\n  File \"/tmp/tmp8h27ck4j.py\", line 9, in check\n    assert candidate(12) == 61\nAssertionError\n",
      "exit_code": 1,
      "status": "Exception"
    },
    {
      "program": "def dog_age(h_age: int) -> int:\n    \"\"\"\n\tWrite a function to calculate a dog's age in dog's years.\n\t\"\"\"\n    return h_age * 7\n\n\ndef check(candidate):\n    assert candidate(12) == 61\n    assert candidate(15) == 73\n    assert candidate(24) == 109\n\ndef test_check():\n    check(dog_age)\n\ntest_check()\n",
      "timestamp": 1665509899,
      "stdout": "",
      "stderr": "Traceback (most recent call last):\n  File \"/tmp/tmp8h27ck4j.py\", line 16, in <module>\n    test_check()\n  File \"/tmp/tmp8h27ck4j.py\", line 14, in test_check\n    check(dog_age)\n  File \"/tmp/tmp8h27ck4j.py\", line 9, in check\n    assert candidate(12) == 61\nAssertionError\n",
      "exit_code": 1,
      "status": "Exception"
    },
    {
      "program": "def dog_age(h_age: int) -> int:\n    \"\"\"\n\tWrite a function to calculate a dog's age in dog's years.\n\t\"\"\"\n    return h_age * 7\n\n\ndef check(candidate):\n    assert candidate(12) == 61\n    assert candidate(15) == 73\n    assert candidate(24) == 109\n\ndef test_check():\n    check(dog_age)\n\ntest_check()\n",
      "timestamp": 1665509899,
      "stdout": "",
      "stderr": "Traceback (most recent call last):\n  File \"/tmp/tmp8h27ck4j.py\", line 16, in <module>\n    test_check()\n  File \"/tmp/tmp8h27ck4j.py\", line 14, in test_check\n    check(dog_age)\n  File \"/tmp/tmp8h27ck4j.py\", line 9, in check\n    assert candidate(12) == 61\nAssertionError\n",
      "exit_code": 1,
      "status": "Exception"
    },
    {
      "program": "def dog_age(h_age: int) -> int:\n    \"\"\"\n\tWrite a function to calculate a dog's age in dog's years.\n\t\"\"\"\n    return h_age * 7\n\n\ndef check(candidate):\n    assert candidate(12) == 61\n    assert candidate(15) == 73\n    assert candidate(24) == 109\n\ndef test_check():\n    check(dog_age)\n\ntest_check()\n",
      "timestamp": 1665509899,
      "stdout": "",
      "stderr": "Traceback (most recent call last):\n  File \"/tmp/tmp8h27ck4j.py\", line 16, in <module>\n    test_check()\n  File \"/tmp/tmp8h27ck4j.py\", line 14, in test_check\n    check(dog_age)\n  File \"/tmp/tmp8h27ck4j.py\", line 9, in check\n    assert candidate(12) == 61\nAssertionError\n",
      "exit_code": 1,
      "status": "Exception"
    },
    {
      "program": "def dog_age(h_age: int) -> int:\n    \"\"\"\n\tWrite a function to calculate a dog's age in dog's years.\n\t\"\"\"\n    return h_age * 7\n\n\ndef check(candidate):\n    assert candidate(12) == 61\n    assert candidate(15) == 73\n    assert candidate(24) == 109\n\ndef test_check():\n    check(dog_age)\n\ntest_check()\n",
      "timestamp": 1665509899,
      "stdout": "",
      "stderr": "Traceback (most recent call last):\n  File \"/tmp/tmp8h27ck4j.py\", line 16, in <module>\n    test_check()\n  File \"/tmp/tmp8h27ck4j.py\", line 14, in test_check\n    check(dog_age)\n  File \"/tmp/tmp8h27ck4j.py\", line 9, in check\n    assert candidate(12) == 61\nAssertionError\n",
      "exit_code": 1,
      "status": "Exception"
    },
    {
      "program": "def dog_age(h_age: int) -> int:\n    \"\"\"\n\tWrite a function to calculate a dog's age in dog's years.\n\t\"\"\"\n    return h_age * 7\n\n\ndef check(candidate):\n    assert candidate(12) == 61\n    assert candidate(15) == 73\n    assert candidate(24) == 109\n\ndef test_check():\n    check(dog_age)\n\ntest_check()\n",
      "timestamp": 1665509899,
      "stdout": "",
      "stderr": "Traceback (most recent call last):\n  File \"/tmp/tmp8h27ck4j.py\", line 16, in <module>\n    test_check()\n  File \"/tmp/tmp8h27ck4j.py\", line 14, in test_check\n    check(dog_age)\n  File \"/tmp/tmp8h27ck4j.py\", line 9, in check\n    assert candidate(12) == 61\nAssertionError\n",
      "exit_code": 1,
      "status": "Exception"
    },
    {
      "program": "def dog_age(h_age: int) -> int:\n    \"\"\"\n\tWrite a function to calculate a dog's age in dog's years.\n\t\"\"\"\n    return h_age * 7\n\n\ndef check(candidate):\n    assert candidate(12) == 61\n    assert candidate(15) == 73\n    assert candidate(24) == 109\n\ndef test_check():\n    check(dog_age)\n\ntest_check()\n",
      "timestamp": 1665509899,
      "stdout": "",
      "stderr": "Traceback (most recent call last):\n  File \"/tmp/tmp8h27ck4j.py\", line 16, in <module>\n    test_check()\n  File \"/tmp/tmp8h27ck4j.py\", line 14, in test_check\n    check(dog_age)\n  File \"/tmp/tmp8h27ck4j.py\", line 9, in check\n    assert candidate(12) == 61\nAssertionError\n",
      "exit_code": 1,
      "status": "Exception"
    },
    {
      "program": "def dog_age(h_age: int) -> int:\n    \"\"\"\n\tWrite a function to calculate a dog's age in dog's years.\n\t\"\"\"\n    return h_age * 7\n\n\ndef check(candidate):\n    assert candidate(12) == 61\n    assert candidate(15) == 73\n    assert candidate(24) == 109\n\ndef test_check():\n    check(dog_age)\n\ntest_check()\n",
      "timestamp": 1665509899,
      "stdout": "",
      "stderr": "Traceback (most recent call last):\n  File \"/tmp/tmp8h27ck4j.py\", line 16, in <module>\n    test_check()\n  File \"/tmp/tmp8h27ck4j.py\", line 14, in test_check\n    check(dog_age)\n  File \"/tmp/tmp8h27ck4j.py\", line 9, in check\n    assert candidate(12) == 61\nAssertionError\n",
      "exit_code": 1,
      "status": "Exception"
    },
    {
      "program": "def dog_age(h_age: int) -> int:\n    \"\"\"\n\tWrite a function to calculate a dog's age in dog's years.\n\t\"\"\"\n    return h_age * 7\n\n\ndef check(candidate):\n    assert candidate(12) == 61\n    assert candidate(15) == 73\n    assert candidate(24) == 109\n\ndef test_check():\n    check(dog_age)\n\ntest_check()\n",
      "timestamp": 1665509899,
      "stdout": "",
      "stderr": "Traceback (most recent call last):\n  File \"/tmp/tmp8h27ck4j.py\", line 16, in <module>\n    test_check()\n  File \"/tmp/tmp8h27ck4j.py\", line 14, in test_check\n    check(dog_age)\n  File \"/tmp/tmp8h27ck4j.py\", line 9, in check\n    assert candidate(12) == 61\nAssertionError\n",
      "exit_code": 1,
      "status": "Exception"
    },
    {
      "program": "def dog_age(h_age: int) -> int:\n    \"\"\"\n\tWrite a function to calculate a dog's age in dog's years.\n\t\"\"\"\n    return h_age * 7\n\n\ndef check(candidate):\n    assert candidate(12) == 61\n    assert candidate(15) == 73\n    assert candidate(24) == 109\n\ndef test_check():\n    check(dog_age)\n\ntest_check()\n",
      "timestamp": 1665509899,
      "stdout": "",
      "stderr": "Traceback (most recent call last):\n  File \"/tmp/tmp8h27ck4j.py\", line 16, in <module>\n    test_check()\n  File \"/tmp/tmp8h27ck4j.py\", line 14, in test_check\n    check(dog_age)\n  File \"/tmp/tmp8h27ck4j.py\", line 9, in check\n    assert candidate(12) == 61\nAssertionError\n",
      "exit_code": 1,
      "status": "Exception"
    },
    {
      "program": "def dog_age(h_age: int) -> int:\n    \"\"\"\n\tWrite a function to calculate a dog's age in dog's years.\n\t\"\"\"\n    return h_age * 7\n\n\ndef check(candidate):\n    assert candidate(12) == 61\n    assert candidate(15) == 73\n    assert candidate(24) == 109\n\ndef test_check():\n    check(dog_age)\n\ntest_check()\n",
      "timestamp": 1665509899,
      "stdout": "",
      "stderr": "Traceback (most recent call last):\n  File \"/tmp/tmp8h27ck4j.py\", line 16, in <module>\n    test_check()\n  File \"/tmp/tmp8h27ck4j.py\", line 14, in test_check\n    check(dog_age)\n  File \"/tmp/tmp8h27ck4j.py\", line 9, in check\n    assert candidate(12) == 61\nAssertionError\n",
      "exit_code": 1,
      "status": "Exception"
    },
    {
      "program": "def dog_age(h_age: int) -> int:\n    \"\"\"\n\tWrite a function to calculate a dog's age in dog's years.\n\t\"\"\"\n    return h_age * 7\n\n\ndef check(candidate):\n    assert candidate(12) == 61\n    assert candidate(15) == 73\n    assert candidate(24) == 109\n\ndef test_check():\n    check(dog_age)\n\ntest_check()\n",
      "timestamp": 1665509899,
      "stdout": "",
      "stderr": "Traceback (most recent call last):\n  File \"/tmp/tmp8h27ck4j.py\", line 16, in <module>\n    test_check()\n  File \"/tmp/tmp8h27ck4j.py\", line 14, in test_check\n    check(dog_age)\n  File \"/tmp/tmp8h27ck4j.py\", line 9, in check\n    assert candidate(12) == 61\nAssertionError\n",
      "exit_code": 1,
      "status": "Exception"
    },
    {
      "program": "def dog_age(h_age: int) -> int:\n    \"\"\"\n\tWrite a function to calculate a dog's age in dog's years.\n\t\"\"\"\n    return h_age * 7\n\n\ndef check(candidate):\n    assert candidate(12) == 61\n    assert candidate(15) == 73\n    assert candidate(24) == 109\n\ndef test_check():\n    check(dog_age)\n\ntest_check()\n",
      "timestamp": 1665509899,
      "stdout": "",
      "stderr": "Traceback (most recent call last):\n  File \"/tmp/tmp8h27ck4j.py\", line 16, in <module>\n    test_check()\n  File \"/tmp/tmp8h27ck4j.py\", line 14, in test_check\n    check(dog_age)\n  File \"/tmp/tmp8h27ck4j.py\", line 9, in check\n    assert candidate(12) == 61\nAssertionError\n",
      "exit_code": 1,
      "status": "Exception"
    },
    {
      "program": "def dog_age(h_age: int) -> int:\n    \"\"\"\n\tWrite a function to calculate a dog's age in dog's years.\n\t\"\"\"\n    return h_age * 7\n\n\ndef check(candidate):\n    assert candidate(12) == 61\n    assert candidate(15) == 73\n    assert candidate(24) == 109\n\ndef test_check():\n    check(dog_age)\n\ntest_check()\n",
      "timestamp": 1665509899,
      "stdout": "",
      "stderr": "Traceback (most recent call last):\n  File \"/tmp/tmp8h27ck4j.py\", line 16, in <module>\n    test_check()\n  File \"/tmp/tmp8h27ck4j.py\", line 14, in test_check\n    check(dog_age)\n  File \"/tmp/tmp8h27ck4j.py\", line 9, in check\n    assert candidate(12) == 61\nAssertionError\n",
      "exit_code": 1,
      "status": "Exception"
    },
    {
      "program": "def dog_age(h_age: int) -> int:\n    \"\"\"\n\tWrite a function to calculate a dog's age in dog's years.\n\t\"\"\"\n    return h_age * 7\n\n\ndef check(candidate):\n    assert candidate(12) == 61\n    assert candidate(15) == 73\n    assert candidate(24) == 109\n\ndef test_check():\n    check(dog_age)\n\ntest_check()\n",
      "timestamp": 1665509899,
      "stdout": "",
      "stderr": "Traceback (most recent call last):\n  File \"/tmp/tmp8h27ck4j.py\", line 16, in <module>\n    test_check()\n  File \"/tmp/tmp8h27ck4j.py\", line 14, in test_check\n    check(dog_age)\n  File \"/tmp/tmp8h27ck4j.py\", line 9, in check\n    assert candidate(12) == 61\nAssertionError\n",
      "exit_code": 1,
      "status": "Exception"
    },
    {
      "program": "def dog_age(h_age: int) -> int:\n    \"\"\"\n\tWrite a function to calculate a dog's age in dog's years.\n\t\"\"\"\n    return h_age * 7\n\n\ndef check(candidate):\n    assert candidate(12) == 61\n    assert candidate(15) == 73\n    assert candidate(24) == 109\n\ndef test_check():\n    check(dog_age)\n\ntest_check()\n",
      "timestamp": 1665509899,
      "stdout": "",
      "stderr": "Traceback (most recent call last):\n  File \"/tmp/tmp8h27ck4j.py\", line 16, in <module>\n    test_check()\n  File \"/tmp/tmp8h27ck4j.py\", line 14, in test_check\n    check(dog_age)\n  File \"/tmp/tmp8h27ck4j.py\", line 9, in check\n    assert candidate(12) == 61\nAssertionError\n",
      "exit_code": 1,
      "status": "Exception"
    },
    {
      "program": "def dog_age(h_age: int) -> int:\n    \"\"\"\n\tWrite a function to calculate a dog's age in dog's years.\n\t\"\"\"\n    return h_age * 7\n\n\ndef check(candidate):\n    assert candidate(12) == 61\n    assert candidate(15) == 73\n    assert candidate(24) == 109\n\ndef test_check():\n    check(dog_age)\n\ntest_check()\n",
      "timestamp": 1665509899,
      "stdout": "",
      "stderr": "Traceback (most recent call last):\n  File \"/tmp/tmp8h27ck4j.py\", line 16, in <module>\n    test_check()\n  File \"/tmp/tmp8h27ck4j.py\", line 14, in test_check\n    check(dog_age)\n  File \"/tmp/tmp8h27ck4j.py\", line 9, in check\n    assert candidate(12) == 61\nAssertionError\n",
      "exit_code": 1,
      "status": "Exception"
    },
    {
      "program": "def dog_age(h_age: int) -> int:\n    \"\"\"\n\tWrite a function to calculate a dog's age in dog's years.\n\t\"\"\"\n    return h_age * 7\n\n\ndef check(candidate):\n    assert candidate(12) == 61\n    assert candidate(15) == 73\n    assert candidate(24) == 109\n\ndef test_check():\n    check(dog_age)\n\ntest_check()\n",
      "timestamp": 1665509899,
      "stdout": "",
      "stderr": "Traceback (most recent call last):\n  File \"/tmp/tmp8h27ck4j.py\", line 16, in <module>\n    test_check()\n  File \"/tmp/tmp8h27ck4j.py\", line 14, in test_check\n    check(dog_age)\n  File \"/tmp/tmp8h27ck4j.py\", line 9, in check\n    assert candidate(12) == 61\nAssertionError\n",
      "exit_code": 1,
      "status": "Exception"
    },
    {
      "program": "def dog_age(h_age: int) -> int:\n    \"\"\"\n\tWrite a function to calculate a dog's age in dog's years.\n\t\"\"\"\n    return h_age * 7\n\n\ndef check(candidate):\n    assert candidate(12) == 61\n    assert candidate(15) == 73\n    assert candidate(24) == 109\n\ndef test_check():\n    check(dog_age)\n\ntest_check()\n",
      "timestamp": 1665509899,
      "stdout": "",
      "stderr": "Traceback (most recent call last):\n  File \"/tmp/tmp8h27ck4j.py\", line 16, in <module>\n    test_check()\n  File \"/tmp/tmp8h27ck4j.py\", line 14, in test_check\n    check(dog_age)\n  File \"/tmp/tmp8h27ck4j.py\", line 9, in check\n    assert candidate(12) == 61\nAssertionError\n",
      "exit_code": 1,
      "status": "Exception"
    },
    {
      "program": "def dog_age(h_age: int) -> int:\n    \"\"\"\n\tWrite a function to calculate a dog's age in dog's years.\n\t\"\"\"\n    return h_age * 7\n\n\ndef check(candidate):\n    assert candidate(12) == 61\n    assert candidate(15) == 73\n    assert candidate(24) == 109\n\ndef test_check():\n    check(dog_age)\n\ntest_check()\n",
      "timestamp": 1665509899,
      "stdout": "",
      "stderr": "Traceback (most recent call last):\n  File \"/tmp/tmp8h27ck4j.py\", line 16, in <module>\n    test_check()\n  File \"/tmp/tmp8h27ck4j.py\", line 14, in test_check\n    check(dog_age)\n  File \"/tmp/tmp8h27ck4j.py\", line 9, in check\n    assert candidate(12) == 61\nAssertionError\n",
      "exit_code": 1,
      "status": "Exception"
    },
    {
      "program": "def dog_age(h_age: int) -> int:\n    \"\"\"\n\tWrite a function to calculate a dog's age in dog's years.\n\t\"\"\"\n    return h_age * 7\n\n\ndef check(candidate):\n    assert candidate(12) == 61\n    assert candidate(15) == 73\n    assert candidate(24) == 109\n\ndef test_check():\n    check(dog_age)\n\ntest_check()\n",
      "timestamp": 1665509899,
      "stdout": "",
      "stderr": "Traceback (most recent call last):\n  File \"/tmp/tmp8h27ck4j.py\", line 16, in <module>\n    test_check()\n  File \"/tmp/tmp8h27ck4j.py\", line 14, in test_check\n    check(dog_age)\n  File \"/tmp/tmp8h27ck4j.py\", line 9, in check\n    assert candidate(12) == 61\nAssertionError\n",
      "exit_code": 1,
      "status": "Exception"
    }
  ]
}