{
  "name": "mbpp_126_sum",
  "language": "py",
  "prompt": "def sum(a: int, b: int) -> int:\n    \"\"\"\n\tWrite a python function to find the sum of common divisors of two given numbers.\n\t\"\"\"\n",
  "doctests": "keep",
  "original": "/home/arjun/repos/MultiPL-E/datasets/../datasets/mbpp-typed/mbpp_126_sum.py",
  "prompt_terminology": "verbatim",
  "tests": "def check(candidate):\n    assert candidate(10, 15) == 6\n    assert candidate(100, 150) == 93\n    assert candidate(4, 6) == 3\n\ndef test_check():\n    check(sum)\n\ntest_check()\n",
  "stop_tokens": [
    "\ndef",
    "\n#",
    "\nif",
    "\nclass"
  ],
  "results": [
    {
      "program": "def sum(a: int, b: int) -> int:\n    \"\"\"\n\tWrite a python function to find the sum of common divisors of two given numbers.\n\t\"\"\"\n    return a + b\n\n\ndef check(candidate):\n    assert candidate(10, 15) == 6\n    assert candidate(100, 150) == 93\n    assert candidate(4, 6) == 3\n\ndef test_check():\n    check(sum)\n\ntest_check()\n",
      "timestamp": 1665509686,
      "stdout": "",
      "stderr": "Traceback (most recent call last):\n  File \"/tmp/tmpp3m05o9v.py\", line 16, in <module>\n    test_check()\n  File \"/tmp/tmpp3m05o9v.py\", line 14, in test_check\n    check(sum)\n  File \"/tmp/tmpp3m05o9v.py\", line 9, in check\n    assert candidate(10, 15) == 6\nAssertionError\n",
      "exit_code": 1,
      "status": "Exception"
    },
    {
      "program": "def sum(a: int, b: int) -> int:\n    \"\"\"\n\tWrite a python function to find the sum of common divisors of two given numbers.\n\t\"\"\"\n    return a + b\n\n\ndef check(candidate):\n    assert candidate(10, 15) == 6\n    assert candidate(100, 150) == 93\n    assert candidate(4, 6) == 3\n\ndef test_check():\n    check(sum)\n\ntest_check()\n",
      "timestamp": 1665509686,
      "stdout": "",
      "stderr": "Traceback (most recent call last):\n  File \"/tmp/tmpp3m05o9v.py\", line 16, in <module>\n    test_check()\n  File \"/tmp/tmpp3m05o9v.py\", line 14, in test_check\n    check(sum)\n  File \"/tmp/tmpp3m05o9v.py\", line 9, in check\n    assert candidate(10, 15) == 6\nAssertionError\n",
      "exit_code": 1,
      "status": "Exception"
    },
    {
      "program": "def sum(a: int, b: int) -> int:\n    \"\"\"\n\tWrite a python function to find the sum of common divisors of two given numbers.\n\t\"\"\"\n    divisors = []\n    for i in range(1, min(a, b) + 1):\n        if a % i == 0 and b % i == 0:\n            divisors.append(i)\n    return sum(divisors)\n\n\ndef check(candidate):\n    assert candidate(10, 15) == 6\n    assert candidate(100, 150) == 93\n    assert candidate(4, 6) == 3\n\ndef test_check():\n    check(sum)\n\ntest_check()\n",
      "timestamp": 1665509686,
      "stdout": "",
      "stderr": "Traceback (most recent call last):\n  File \"/tmp/tmpjnbatcfc.py\", line 20, in <module>\n    test_check()\n  File \"/tmp/tmpjnbatcfc.py\", line 18, in test_check\n    check(sum)\n  File \"/tmp/tmpjnbatcfc.py\", line 13, in check\n    assert candidate(10, 15) == 6\n  File \"/tmp/tmpjnbatcfc.py\", line 9, in sum\n    return sum(divisors)\nTypeError: sum() missing 1 required positional argument: 'b'\n",
      "exit_code": 1,
      "status": "Exception"
    },
    {
      "program": "def sum(a: int, b: int) -> int:\n    \"\"\"\n\tWrite a python function to find the sum of common divisors of two given numbers.\n\t\"\"\"\n    return a + b\n\n\ndef check(candidate):\n    assert candidate(10, 15) == 6\n    assert candidate(100, 150) == 93\n    assert candidate(4, 6) == 3\n\ndef test_check():\n    check(sum)\n\ntest_check()\n",
      "timestamp": 1665509686,
      "stdout": "",
      "stderr": "Traceback (most recent call last):\n  File \"/tmp/tmpp3m05o9v.py\", line 16, in <module>\n    test_check()\n  File \"/tmp/tmpp3m05o9v.py\", line 14, in test_check\n    check(sum)\n  File \"/tmp/tmpp3m05o9v.py\", line 9, in check\n    assert candidate(10, 15) == 6\nAssertionError\n",
      "exit_code": 1,
      "status": "Exception"
    },
    {
      "program": "def sum(a: int, b: int) -> int:\n    \"\"\"\n\tWrite a python function to find the sum of common divisors of two given numbers.\n\t\"\"\"\n    return a + b\n\n\ndef check(candidate):\n    assert candidate(10, 15) == 6\n    assert candidate(100, 150) == 93\n    assert candidate(4, 6) == 3\n\ndef test_check():\n    check(sum)\n\ntest_check()\n",
      "timestamp": 1665509686,
      "stdout": "",
      "stderr": "Traceback (most recent call last):\n  File \"/tmp/tmpp3m05o9v.py\", line 16, in <module>\n    test_check()\n  File \"/tmp/tmpp3m05o9v.py\", line 14, in test_check\n    check(sum)\n  File \"/tmp/tmpp3m05o9v.py\", line 9, in check\n    assert candidate(10, 15) == 6\nAssertionError\n",
      "exit_code": 1,
      "status": "Exception"
    },
    {
      "program": "def sum(a: int, b: int) -> int:\n    \"\"\"\n\tWrite a python function to find the sum of common divisors of two given numbers.\n\t\"\"\"\n    return a + b\n\n\ndef check(candidate):\n    assert candidate(10, 15) == 6\n    assert candidate(100, 150) == 93\n    assert candidate(4, 6) == 3\n\ndef test_check():\n    check(sum)\n\ntest_check()\n",
      "timestamp": 1665509686,
      "stdout": "",
      "stderr": "Traceback (most recent call last):\n  File \"/tmp/tmpp3m05o9v.py\", line 16, in <module>\n    test_check()\n  File \"/tmp/tmpp3m05o9v.py\", line 14, in test_check\n    check(sum)\n  File \"/tmp/tmpp3m05o9v.py\", line 9, in check\n    assert candidate(10, 15) == 6\nAssertionError\n",
      "exit_code": 1,
      "status": "Exception"
    },
    {
      "program": "def sum(a: int, b: int) -> int:\n    \"\"\"\n\tWrite a python function to find the sum of common divisors of two given numbers.\n\t\"\"\"\n    pass\n\n\ndef check(candidate):\n    assert candidate(10, 15) == 6\n    assert candidate(100, 150) == 93\n    assert candidate(4, 6) == 3\n\ndef test_check():\n    check(sum)\n\ntest_check()\n",
      "timestamp": 1665509686,
      "stdout": "",
      "stderr": "Traceback (most recent call last):\n  File \"/tmp/tmp9r51u71e.py\", line 16, in <module>\n    test_check()\n  File \"/tmp/tmp9r51u71e.py\", line 14, in test_check\n    check(sum)\n  File \"/tmp/tmp9r51u71e.py\", line 9, in check\n    assert candidate(10, 15) == 6\nAssertionError\n",
      "exit_code": 1,
      "status": "Exception"
    },
    {
      "program": "def sum(a: int, b: int) -> int:\n    \"\"\"\n\tWrite a python function to find the sum of common divisors of two given numbers.\n\t\"\"\"\n    divisors = []\n    for i in range(1, min(a, b) + 1):\n        if a % i == 0 and b % i == 0:\n            divisors.append(i)\n    return sum(divisors)\n\n\ndef check(candidate):\n    assert candidate(10, 15) == 6\n    assert candidate(100, 150) == 93\n    assert candidate(4, 6) == 3\n\ndef test_check():\n    check(sum)\n\ntest_check()\n",
      "timestamp": 1665509686,
      "stdout": "",
      "stderr": "Traceback (most recent call last):\n  File \"/tmp/tmpjnbatcfc.py\", line 20, in <module>\n    test_check()\n  File \"/tmp/tmpjnbatcfc.py\", line 18, in test_check\n    check(sum)\n  File \"/tmp/tmpjnbatcfc.py\", line 13, in check\n    assert candidate(10, 15) == 6\n  File \"/tmp/tmpjnbatcfc.py\", line 9, in sum\n    return sum(divisors)\nTypeError: sum() missing 1 required positional argument: 'b'\n",
      "exit_code": 1,
      "status": "Exception"
    },
    {
      "program": "def sum(a: int, b: int) -> int:\n    \"\"\"\n\tWrite a python function to find the sum of common divisors of two given numbers.\n\t\"\"\"\n    return a + b\n\n\ndef check(candidate):\n    assert candidate(10, 15) == 6\n    assert candidate(100, 150) == 93\n    assert candidate(4, 6) == 3\n\ndef test_check():\n    check(sum)\n\ntest_check()\n",
      "timestamp": 1665509686,
      "stdout": "",
      "stderr": "Traceback (most recent call last):\n  File \"/tmp/tmpp3m05o9v.py\", line 16, in <module>\n    test_check()\n  File \"/tmp/tmpp3m05o9v.py\", line 14, in test_check\n    check(sum)\n  File \"/tmp/tmpp3m05o9v.py\", line 9, in check\n    assert candidate(10, 15) == 6\nAssertionError\n",
      "exit_code": 1,
      "status": "Exception"
    },
    {
      "program": "def sum(a: int, b: int) -> int:\n    \"\"\"\n\tWrite a python function to find the sum of common divisors of two given numbers.\n\t\"\"\"\n    return a + b\n\n\ndef check(candidate):\n    assert candidate(10, 15) == 6\n    assert candidate(100, 150) == 93\n    assert candidate(4, 6) == 3\n\ndef test_check():\n    check(sum)\n\ntest_check()\n",
      "timestamp": 1665509686,
      "stdout": "",
      "stderr": "Traceback (most recent call last):\n  File \"/tmp/tmpp3m05o9v.py\", line 16, in <module>\n    test_check()\n  File \"/tmp/tmpp3m05o9v.py\", line 14, in test_check\n    check(sum)\n  File \"/tmp/tmpp3m05o9v.py\", line 9, in check\n    assert candidate(10, 15) == 6\nAssertionError\n",
      "exit_code": 1,
      "status": "Exception"
    },
    {
      "program": "def sum(a: int, b: int) -> int:\n    \"\"\"\n\tWrite a python function to find the sum of common divisors of two given numbers.\n\t\"\"\"\n    return a + b\n\n\ndef check(candidate):\n    assert candidate(10, 15) == 6\n    assert candidate(100, 150) == 93\n    assert candidate(4, 6) == 3\n\ndef test_check():\n    check(sum)\n\ntest_check()\n",
      "timestamp": 1665509686,
      "stdout": "",
      "stderr": "Traceback (most recent call last):\n  File \"/tmp/tmpp3m05o9v.py\", line 16, in <module>\n    test_check()\n  File \"/tmp/tmpp3m05o9v.py\", line 14, in test_check\n    check(sum)\n  File \"/tmp/tmpp3m05o9v.py\", line 9, in check\n    assert candidate(10, 15) == 6\nAssertionError\n",
      "exit_code": 1,
      "status": "Exception"
    },
    {
      "program": "def sum(a: int, b: int) -> int:\n    \"\"\"\n\tWrite a python function to find the sum of common divisors of two given numbers.\n\t\"\"\"\n    divisors = []\n    for i in range(1, min(a, b) + 1):\n        if a % i == 0 and b % i == 0:\n            divisors.append(i)\n    return sum(divisors)\n\n\ndef check(candidate):\n    assert candidate(10, 15) == 6\n    assert candidate(100, 150) == 93\n    assert candidate(4, 6) == 3\n\ndef test_check():\n    check(sum)\n\ntest_check()\n",
      "timestamp": 1665509686,
      "stdout": "",
      "stderr": "Traceback (most recent call last):\n  File \"/tmp/tmpjnbatcfc.py\", line 20, in <module>\n    test_check()\n  File \"/tmp/tmpjnbatcfc.py\", line 18, in test_check\n    check(sum)\n  File \"/tmp/tmpjnbatcfc.py\", line 13, in check\n    assert candidate(10, 15) == 6\n  File \"/tmp/tmpjnbatcfc.py\", line 9, in sum\n    return sum(divisors)\nTypeError: sum() missing 1 required positional argument: 'b'\n",
      "exit_code": 1,
      "status": "Exception"
    },
    {
      "program": "def sum(a: int, b: int) -> int:\n    \"\"\"\n\tWrite a python function to find the sum of common divisors of two given numbers.\n\t\"\"\"\n    return a + b\n\n\ndef check(candidate):\n    assert candidate(10, 15) == 6\n    assert candidate(100, 150) == 93\n    assert candidate(4, 6) == 3\n\ndef test_check():\n    check(sum)\n\ntest_check()\n",
      "timestamp": 1665509686,
      "stdout": "",
      "stderr": "Traceback (most recent call last):\n  File \"/tmp/tmpp3m05o9v.py\", line 16, in <module>\n    test_check()\n  File \"/tmp/tmpp3m05o9v.py\", line 14, in test_check\n    check(sum)\n  File \"/tmp/tmpp3m05o9v.py\", line 9, in check\n    assert candidate(10, 15) == 6\nAssertionError\n",
      "exit_code": 1,
      "status": "Exception"
    },
    {
      "program": "def sum(a: int, b: int) -> int:\n    \"\"\"\n\tWrite a python function to find the sum of common divisors of two given numbers.\n\t\"\"\"\n    return a + b\n\n\ndef check(candidate):\n    assert candidate(10, 15) == 6\n    assert candidate(100, 150) == 93\n    assert candidate(4, 6) == 3\n\ndef test_check():\n    check(sum)\n\ntest_check()\n",
      "timestamp": 1665509686,
      "stdout": "",
      "stderr": "Traceback (most recent call last):\n  File \"/tmp/tmpp3m05o9v.py\", line 16, in <module>\n    test_check()\n  File \"/tmp/tmpp3m05o9v.py\", line 14, in test_check\n    check(sum)\n  File \"/tmp/tmpp3m05o9v.py\", line 9, in check\n    assert candidate(10, 15) == 6\nAssertionError\n",
      "exit_code": 1,
      "status": "Exception"
    },
    {
      "program": "def sum(a: int, b: int) -> int:\n    \"\"\"\n\tWrite a python function to find the sum of common divisors of two given numbers.\n\t\"\"\"\n    return a + b\n\n\ndef check(candidate):\n    assert candidate(10, 15) == 6\n    assert candidate(100, 150) == 93\n    assert candidate(4, 6) == 3\n\ndef test_check():\n    check(sum)\n\ntest_check()\n",
      "timestamp": 1665509686,
      "stdout": "",
      "stderr": "Traceback (most recent call last):\n  File \"/tmp/tmpp3m05o9v.py\", line 16, in <module>\n    test_check()\n  File \"/tmp/tmpp3m05o9v.py\", line 14, in test_check\n    check(sum)\n  File \"/tmp/tmpp3m05o9v.py\", line 9, in check\n    assert candidate(10, 15) == 6\nAssertionError\n",
      "exit_code": 1,
      "status": "Exception"
    },
    {
      "program": "def sum(a: int, b: int) -> int:\n    \"\"\"\n\tWrite a python function to find the sum of common divisors of two given numbers.\n\t\"\"\"\n    divisors_a = [i for i in range(1, a + 1) if a % i == 0]\n    divisors_b = [i for i in range(1, b + 1) if b % i == 0]\n    common_divisors = [i for i in divisors_a if i in divisors_b]\n    return sum(common_divisors)\n\n\ndef check(candidate):\n    assert candidate(10, 15) == 6\n    assert candidate(100, 150) == 93\n    assert candidate(4, 6) == 3\n\ndef test_check():\n    check(sum)\n\ntest_check()\n",
      "timestamp": 1665509686,
      "stdout": "",
      "stderr": "Traceback (most recent call last):\n  File \"/tmp/tmp63jm4peg.py\", line 19, in <module>\n    test_check()\n  File \"/tmp/tmp63jm4peg.py\", line 17, in test_check\n    check(sum)\n  File \"/tmp/tmp63jm4peg.py\", line 12, in check\n    assert candidate(10, 15) == 6\n  File \"/tmp/tmp63jm4peg.py\", line 8, in sum\n    return sum(common_divisors)\nTypeError: sum() missing 1 required positional argument: 'b'\n",
      "exit_code": 1,
      "status": "Exception"
    },
    {
      "program": "def sum(a: int, b: int) -> int:\n    \"\"\"\n\tWrite a python function to find the sum of common divisors of two given numbers.\n\t\"\"\"\n    divisors = []\n    for i in range(1, min(a, b) + 1):\n        if a % i == 0 and b % i == 0:\n            divisors.append(i)\n    return sum(divisors)\n\n\ndef check(candidate):\n    assert candidate(10, 15) == 6\n    assert candidate(100, 150) == 93\n    assert candidate(4, 6) == 3\n\ndef test_check():\n    check(sum)\n\ntest_check()\n",
      "timestamp": 1665509686,
      "stdout": "",
      "stderr": "Traceback (most recent call last):\n  File \"/tmp/tmpjnbatcfc.py\", line 20, in <module>\n    test_check()\n  File \"/tmp/tmpjnbatcfc.py\", line 18, in test_check\n    check(sum)\n  File \"/tmp/tmpjnbatcfc.py\", line 13, in check\n    assert candidate(10, 15) == 6\n  File \"/tmp/tmpjnbatcfc.py\", line 9, in sum\n    return sum(divisors)\nTypeError: sum() missing 1 required positional argument: 'b'\n",
      "exit_code": 1,
      "status": "Exception"
    },
    {
      "program": "def sum(a: int, b: int) -> int:\n    \"\"\"\n\tWrite a python function to find the sum of common divisors of two given numbers.\n\t\"\"\"\n    divisors = []\n    for i in range(1, min(a, b) + 1):\n        if a % i == 0 and b % i == 0:\n            divisors.append(i)\n    return sum(divisors)\n\n\ndef check(candidate):\n    assert candidate(10, 15) == 6\n    assert candidate(100, 150) == 93\n    assert candidate(4, 6) == 3\n\ndef test_check():\n    check(sum)\n\ntest_check()\n",
      "timestamp": 1665509686,
      "stdout": "",
      "stderr": "Traceback (most recent call last):\n  File \"/tmp/tmpjnbatcfc.py\", line 20, in <module>\n    test_check()\n  File \"/tmp/tmpjnbatcfc.py\", line 18, in test_check\n    check(sum)\n  File \"/tmp/tmpjnbatcfc.py\", line 13, in check\n    assert candidate(10, 15) == 6\n  File \"/tmp/tmpjnbatcfc.py\", line 9, in sum\n    return sum(divisors)\nTypeError: sum() missing 1 required positional argument: 'b'\n",
      "exit_code": 1,
      "status": "Exception"
    },
    {
      "program": "def sum(a: int, b: int) -> int:\n    \"\"\"\n\tWrite a python function to find the sum of common divisors of two given numbers.\n\t\"\"\"\n    return a + b\n\n\ndef check(candidate):\n    assert candidate(10, 15) == 6\n    assert candidate(100, 150) == 93\n    assert candidate(4, 6) == 3\n\ndef test_check():\n    check(sum)\n\ntest_check()\n",
      "timestamp": 1665509686,
      "stdout": "",
      "stderr": "Traceback (most recent call last):\n  File \"/tmp/tmpp3m05o9v.py\", line 16, in <module>\n    test_check()\n  File \"/tmp/tmpp3m05o9v.py\", line 14, in test_check\n    check(sum)\n  File \"/tmp/tmpp3m05o9v.py\", line 9, in check\n    assert candidate(10, 15) == 6\nAssertionError\n",
      "exit_code": 1,
      "status": "Exception"
    },
    {
      "program": "def sum(a: int, b: int) -> int:\n    \"\"\"\n\tWrite a python function to find the sum of common divisors of two given numbers.\n\t\"\"\"\n    return sum_of_common_divisors(a, b)\n\n\ndef check(candidate):\n    assert candidate(10, 15) == 6\n    assert candidate(100, 150) == 93\n    assert candidate(4, 6) == 3\n\ndef test_check():\n    check(sum)\n\ntest_check()\n",
      "timestamp": 1665509686,
      "stdout": "",
      "stderr": "Traceback (most recent call last):\n  File \"/tmp/tmpt3oc8sa_.py\", line 16, in <module>\n    test_check()\n  File \"/tmp/tmpt3oc8sa_.py\", line 14, in test_check\n    check(sum)\n  File \"/tmp/tmpt3oc8sa_.py\", line 9, in check\n    assert candidate(10, 15) == 6\n  File \"/tmp/tmpt3oc8sa_.py\", line 5, in sum\n    return sum_of_common_divisors(a, b)\nNameError: name 'sum_of_common_divisors' is not defined\n",
      "exit_code": 1,
      "status": "Exception"
    },
    {
      "program": "def sum(a: int, b: int) -> int:\n    \"\"\"\n\tWrite a python function to find the sum of common divisors of two given numbers.\n\t\"\"\"\n    return a + b\n\n\ndef check(candidate):\n    assert candidate(10, 15) == 6\n    assert candidate(100, 150) == 93\n    assert candidate(4, 6) == 3\n\ndef test_check():\n    check(sum)\n\ntest_check()\n",
      "timestamp": 1665509686,
      "stdout": "",
      "stderr": "Traceback (most recent call last):\n  File \"/tmp/tmpp3m05o9v.py\", line 16, in <module>\n    test_check()\n  File \"/tmp/tmpp3m05o9v.py\", line 14, in test_check\n    check(sum)\n  File \"/tmp/tmpp3m05o9v.py\", line 9, in check\n    assert candidate(10, 15) == 6\nAssertionError\n",
      "exit_code": 1,
      "status": "Exception"
    },
    {
      "program": "def sum(a: int, b: int) -> int:\n    \"\"\"\n\tWrite a python function to find the sum of common divisors of two given numbers.\n\t\"\"\"\n    return sum(list(set(divisors(a)) & set(divisors(b))))\n\n\ndef check(candidate):\n    assert candidate(10, 15) == 6\n    assert candidate(100, 150) == 93\n    assert candidate(4, 6) == 3\n\ndef test_check():\n    check(sum)\n\ntest_check()\n",
      "timestamp": 1665509686,
      "stdout": "",
      "stderr": "Traceback (most recent call last):\n  File \"/tmp/tmpqxly4fgg.py\", line 16, in <module>\n    test_check()\n  File \"/tmp/tmpqxly4fgg.py\", line 14, in test_check\n    check(sum)\n  File \"/tmp/tmpqxly4fgg.py\", line 9, in check\n    assert candidate(10, 15) == 6\n  File \"/tmp/tmpqxly4fgg.py\", line 5, in sum\n    return sum(list(set(divisors(a)) & set(divisors(b))))\nNameError: name 'divisors' is not defined\n",
      "exit_code": 1,
      "status": "Exception"
    },
    {
      "program": "def sum(a: int, b: int) -> int:\n    \"\"\"\n\tWrite a python function to find the sum of common divisors of two given numbers.\n\t\"\"\"\n    return a + b\n\n\ndef check(candidate):\n    assert candidate(10, 15) == 6\n    assert candidate(100, 150) == 93\n    assert candidate(4, 6) == 3\n\ndef test_check():\n    check(sum)\n\ntest_check()\n",
      "timestamp": 1665509686,
      "stdout": "",
      "stderr": "Traceback (most recent call last):\n  File \"/tmp/tmpp3m05o9v.py\", line 16, in <module>\n    test_check()\n  File \"/tmp/tmpp3m05o9v.py\", line 14, in test_check\n    check(sum)\n  File \"/tmp/tmpp3m05o9v.py\", line 9, in check\n    assert candidate(10, 15) == 6\nAssertionError\n",
      "exit_code": 1,
      "status": "Exception"
    },
    {
      "program": "def sum(a: int, b: int) -> int:\n    \"\"\"\n\tWrite a python function to find the sum of common divisors of two given numbers.\n\t\"\"\"\n    return a + b\n\n\ndef check(candidate):\n    assert candidate(10, 15) == 6\n    assert candidate(100, 150) == 93\n    assert candidate(4, 6) == 3\n\ndef test_check():\n    check(sum)\n\ntest_check()\n",
      "timestamp": 1665509686,
      "stdout": "",
      "stderr": "Traceback (most recent call last):\n  File \"/tmp/tmpp3m05o9v.py\", line 16, in <module>\n    test_check()\n  File \"/tmp/tmpp3m05o9v.py\", line 14, in test_check\n    check(sum)\n  File \"/tmp/tmpp3m05o9v.py\", line 9, in check\n    assert candidate(10, 15) == 6\nAssertionError\n",
      "exit_code": 1,
      "status": "Exception"
    },
    {
      "program": "def sum(a: int, b: int) -> int:\n    \"\"\"\n\tWrite a python function to find the sum of common divisors of two given numbers.\n\t\"\"\"\n    return sum_of_common_divisors(a, b)\n\n\ndef check(candidate):\n    assert candidate(10, 15) == 6\n    assert candidate(100, 150) == 93\n    assert candidate(4, 6) == 3\n\ndef test_check():\n    check(sum)\n\ntest_check()\n",
      "timestamp": 1665509686,
      "stdout": "",
      "stderr": "Traceback (most recent call last):\n  File \"/tmp/tmpt3oc8sa_.py\", line 16, in <module>\n    test_check()\n  File \"/tmp/tmpt3oc8sa_.py\", line 14, in test_check\n    check(sum)\n  File \"/tmp/tmpt3oc8sa_.py\", line 9, in check\n    assert candidate(10, 15) == 6\n  File \"/tmp/tmpt3oc8sa_.py\", line 5, in sum\n    return sum_of_common_divisors(a, b)\nNameError: name 'sum_of_common_divisors' is not defined\n",
      "exit_code": 1,
      "status": "Exception"
    },
    {
      "program": "def sum(a: int, b: int) -> int:\n    \"\"\"\n\tWrite a python function to find the sum of common divisors of two given numbers.\n\t\"\"\"\n    return a + b\n\n\ndef check(candidate):\n    assert candidate(10, 15) == 6\n    assert candidate(100, 150) == 93\n    assert candidate(4, 6) == 3\n\ndef test_check():\n    check(sum)\n\ntest_check()\n",
      "timestamp": 1665509686,
      "stdout": "",
      "stderr": "Traceback (most recent call last):\n  File \"/tmp/tmpp3m05o9v.py\", line 16, in <module>\n    test_check()\n  File \"/tmp/tmpp3m05o9v.py\", line 14, in test_check\n    check(sum)\n  File \"/tmp/tmpp3m05o9v.py\", line 9, in check\n    assert candidate(10, 15) == 6\nAssertionError\n",
      "exit_code": 1,
      "status": "Exception"
    },
    {
      "program": "def sum(a: int, b: int) -> int:\n    \"\"\"\n\tWrite a python function to find the sum of common divisors of two given numbers.\n\t\"\"\"\n    return sum_of_common_divisors(a, b)\n\n\ndef check(candidate):\n    assert candidate(10, 15) == 6\n    assert candidate(100, 150) == 93\n    assert candidate(4, 6) == 3\n\ndef test_check():\n    check(sum)\n\ntest_check()\n",
      "timestamp": 1665509686,
      "stdout": "",
      "stderr": "Traceback (most recent call last):\n  File \"/tmp/tmpt3oc8sa_.py\", line 16, in <module>\n    test_check()\n  File \"/tmp/tmpt3oc8sa_.py\", line 14, in test_check\n    check(sum)\n  File \"/tmp/tmpt3oc8sa_.py\", line 9, in check\n    assert candidate(10, 15) == 6\n  File \"/tmp/tmpt3oc8sa_.py\", line 5, in sum\n    return sum_of_common_divisors(a, b)\nNameError: name 'sum_of_common_divisors' is not defined\n",
      "exit_code": 1,
      "status": "Exception"
    },
    {
      "program": "def sum(a: int, b: int) -> int:\n    \"\"\"\n\tWrite a python function to find the sum of common divisors of two given numbers.\n\t\"\"\"\n    sum = 0\n    for i in range(1, min(a, b) + 1):\n        if a % i == 0 and b % i == 0:\n            sum += i\n    return sum\n\n\ndef check(candidate):\n    assert candidate(10, 15) == 6\n    assert candidate(100, 150) == 93\n    assert candidate(4, 6) == 3\n\ndef test_check():\n    check(sum)\n\ntest_check()\n",
      "timestamp": 1666124220,
      "stdout": "",
      "stderr": "",
      "exit_code": 0,
      "status": "OK"
    },
    {
      "program": "def sum(a: int, b: int) -> int:\n    \"\"\"\n\tWrite a python function to find the sum of common divisors of two given numbers.\n\t\"\"\"\n    return sum_of_common_divisors(a, b)\n\n\ndef check(candidate):\n    assert candidate(10, 15) == 6\n    assert candidate(100, 150) == 93\n    assert candidate(4, 6) == 3\n\ndef test_check():\n    check(sum)\n\ntest_check()\n",
      "timestamp": 1665509686,
      "stdout": "",
      "stderr": "Traceback (most recent call last):\n  File \"/tmp/tmpt3oc8sa_.py\", line 16, in <module>\n    test_check()\n  File \"/tmp/tmpt3oc8sa_.py\", line 14, in test_check\n    check(sum)\n  File \"/tmp/tmpt3oc8sa_.py\", line 9, in check\n    assert candidate(10, 15) == 6\n  File \"/tmp/tmpt3oc8sa_.py\", line 5, in sum\n    return sum_of_common_divisors(a, b)\nNameError: name 'sum_of_common_divisors' is not defined\n",
      "exit_code": 1,
      "status": "Exception"
    },
    {
      "program": "def sum(a: int, b: int) -> int:\n    \"\"\"\n\tWrite a python function to find the sum of common divisors of two given numbers.\n\t\"\"\"\n    sum = 0\n    for i in range(1, min(a, b) + 1):\n        if a % i == 0 and b % i == 0:\n            sum += i\n    return sum\n\n\ndef check(candidate):\n    assert candidate(10, 15) == 6\n    assert candidate(100, 150) == 93\n    assert candidate(4, 6) == 3\n\ndef test_check():\n    check(sum)\n\ntest_check()\n",
      "timestamp": 1666124220,
      "stdout": "",
      "stderr": "",
      "exit_code": 0,
      "status": "OK"
    },
    {
      "program": "def sum(a: int, b: int) -> int:\n    \"\"\"\n\tWrite a python function to find the sum of common divisors of two given numbers.\n\t\"\"\"\n    return sum_of_common_divisors(a, b)\n\n\ndef check(candidate):\n    assert candidate(10, 15) == 6\n    assert candidate(100, 150) == 93\n    assert candidate(4, 6) == 3\n\ndef test_check():\n    check(sum)\n\ntest_check()\n",
      "timestamp": 1665509686,
      "stdout": "",
      "stderr": "Traceback (most recent call last):\n  File \"/tmp/tmpt3oc8sa_.py\", line 16, in <module>\n    test_check()\n  File \"/tmp/tmpt3oc8sa_.py\", line 14, in test_check\n    check(sum)\n  File \"/tmp/tmpt3oc8sa_.py\", line 9, in check\n    assert candidate(10, 15) == 6\n  File \"/tmp/tmpt3oc8sa_.py\", line 5, in sum\n    return sum_of_common_divisors(a, b)\nNameError: name 'sum_of_common_divisors' is not defined\n",
      "exit_code": 1,
      "status": "Exception"
    },
    {
      "program": "def sum(a: int, b: int) -> int:\n    \"\"\"\n\tWrite a python function to find the sum of common divisors of two given numbers.\n\t\"\"\"\n    return sum(common_divisors(a)) + sum(common_divisors(b))\n\n\ndef check(candidate):\n    assert candidate(10, 15) == 6\n    assert candidate(100, 150) == 93\n    assert candidate(4, 6) == 3\n\ndef test_check():\n    check(sum)\n\ntest_check()\n",
      "timestamp": 1666124221,
      "stdout": "",
      "stderr": "Traceback (most recent call last):\n  File \"/tmp/tmpycoqu7mc.py\", line 16, in <module>\n    test_check()\n  File \"/tmp/tmpycoqu7mc.py\", line 14, in test_check\n    check(sum)\n  File \"/tmp/tmpycoqu7mc.py\", line 9, in check\n    assert candidate(10, 15) == 6\n  File \"/tmp/tmpycoqu7mc.py\", line 5, in sum\n    return sum(common_divisors(a)) + sum(common_divisors(b))\nNameError: name 'common_divisors' is not defined\n",
      "exit_code": 1,
      "status": "Exception"
    },
    {
      "program": "def sum(a: int, b: int) -> int:\n    \"\"\"\n\tWrite a python function to find the sum of common divisors of two given numbers.\n\t\"\"\"\n    return sum(list(filter(lambda x: a % x == 0 and b % x == 0, range(1, min(a, b) + 1))))\n\n\ndef check(candidate):\n    assert candidate(10, 15) == 6\n    assert candidate(100, 150) == 93\n    assert candidate(4, 6) == 3\n\ndef test_check():\n    check(sum)\n\ntest_check()\n",
      "timestamp": 1666124221,
      "stdout": "",
      "stderr": "Traceback (most recent call last):\n  File \"/tmp/tmplk12g3a1.py\", line 16, in <module>\n    test_check()\n  File \"/tmp/tmplk12g3a1.py\", line 14, in test_check\n    check(sum)\n  File \"/tmp/tmplk12g3a1.py\", line 9, in check\n    assert candidate(10, 15) == 6\n  File \"/tmp/tmplk12g3a1.py\", line 5, in sum\n    return sum(list(filter(lambda x: a % x == 0 and b % x == 0, range(1, min(a, b) + 1))))\nTypeError: sum() missing 1 required positional argument: 'b'\n",
      "exit_code": 1,
      "status": "Exception"
    },
    {
      "program": "def sum(a: int, b: int) -> int:\n    \"\"\"\n\tWrite a python function to find the sum of common divisors of two given numbers.\n\t\"\"\"\n    return sum_of_common_divisors(a, b)\n\n\ndef check(candidate):\n    assert candidate(10, 15) == 6\n    assert candidate(100, 150) == 93\n    assert candidate(4, 6) == 3\n\ndef test_check():\n    check(sum)\n\ntest_check()\n",
      "timestamp": 1665509686,
      "stdout": "",
      "stderr": "Traceback (most recent call last):\n  File \"/tmp/tmpt3oc8sa_.py\", line 16, in <module>\n    test_check()\n  File \"/tmp/tmpt3oc8sa_.py\", line 14, in test_check\n    check(sum)\n  File \"/tmp/tmpt3oc8sa_.py\", line 9, in check\n    assert candidate(10, 15) == 6\n  File \"/tmp/tmpt3oc8sa_.py\", line 5, in sum\n    return sum_of_common_divisors(a, b)\nNameError: name 'sum_of_common_divisors' is not defined\n",
      "exit_code": 1,
      "status": "Exception"
    },
    {
      "program": "def sum(a: int, b: int) -> int:\n    \"\"\"\n\tWrite a python function to find the sum of common divisors of two given numbers.\n\t\"\"\"\n    if a == 0 or b == 0:\n        return 0\n    if a == b:\n        return a\n    if a > b:\n        a, b = b, a\n    return a + sum(a, b - a)\n\n\ndef check(candidate):\n    assert candidate(10, 15) == 6\n    assert candidate(100, 150) == 93\n    assert candidate(4, 6) == 3\n\ndef test_check():\n    check(sum)\n\ntest_check()\n",
      "timestamp": 1665509686,
      "stdout": "",
      "stderr": "Traceback (most recent call last):\n  File \"/tmp/tmp5by8we53.py\", line 22, in <module>\n    test_check()\n  File \"/tmp/tmp5by8we53.py\", line 20, in test_check\n    check(sum)\n  File \"/tmp/tmp5by8we53.py\", line 15, in check\n    assert candidate(10, 15) == 6\nAssertionError\n",
      "exit_code": 1,
      "status": "Exception"
    },
    {
      "program": "def sum(a: int, b: int) -> int:\n    \"\"\"\n\tWrite a python function to find the sum of common divisors of two given numbers.\n\t\"\"\"\n    return sum_of_divisors(a) + sum_of_divisors(b)\n\n\ndef check(candidate):\n    assert candidate(10, 15) == 6\n    assert candidate(100, 150) == 93\n    assert candidate(4, 6) == 3\n\ndef test_check():\n    check(sum)\n\ntest_check()\n",
      "timestamp": 1666124220,
      "stdout": "",
      "stderr": "Traceback (most recent call last):\n  File \"/tmp/tmpkmu45pux.py\", line 16, in <module>\n    test_check()\n  File \"/tmp/tmpkmu45pux.py\", line 14, in test_check\n    check(sum)\n  File \"/tmp/tmpkmu45pux.py\", line 9, in check\n    assert candidate(10, 15) == 6\n  File \"/tmp/tmpkmu45pux.py\", line 5, in sum\n    return sum_of_divisors(a) + sum_of_divisors(b)\nNameError: name 'sum_of_divisors' is not defined\n",
      "exit_code": 1,
      "status": "Exception"
    },
    {
      "program": "def sum(a: int, b: int) -> int:\n    \"\"\"\n\tWrite a python function to find the sum of common divisors of two given numbers.\n\t\"\"\"\n    return sum_divisors(a) + sum_divisors(b)\n\n\ndef check(candidate):\n    assert candidate(10, 15) == 6\n    assert candidate(100, 150) == 93\n    assert candidate(4, 6) == 3\n\ndef test_check():\n    check(sum)\n\ntest_check()\n",
      "timestamp": 1665509686,
      "stdout": "",
      "stderr": "Traceback (most recent call last):\n  File \"/tmp/tmpr16383ow.py\", line 16, in <module>\n    test_check()\n  File \"/tmp/tmpr16383ow.py\", line 14, in test_check\n    check(sum)\n  File \"/tmp/tmpr16383ow.py\", line 9, in check\n    assert candidate(10, 15) == 6\n  File \"/tmp/tmpr16383ow.py\", line 5, in sum\n    return sum_divisors(a) + sum_divisors(b)\nNameError: name 'sum_divisors' is not defined\n",
      "exit_code": 1,
      "status": "Exception"
    },
    {
      "program": "def sum(a: int, b: int) -> int:\n    \"\"\"\n\tWrite a python function to find the sum of common divisors of two given numbers.\n\t\"\"\"\n    return sum_of_common_divisors(a, b)\n\n\ndef check(candidate):\n    assert candidate(10, 15) == 6\n    assert candidate(100, 150) == 93\n    assert candidate(4, 6) == 3\n\ndef test_check():\n    check(sum)\n\ntest_check()\n",
      "timestamp": 1665509686,
      "stdout": "",
      "stderr": "Traceback (most recent call last):\n  File \"/tmp/tmpt3oc8sa_.py\", line 16, in <module>\n    test_check()\n  File \"/tmp/tmpt3oc8sa_.py\", line 14, in test_check\n    check(sum)\n  File \"/tmp/tmpt3oc8sa_.py\", line 9, in check\n    assert candidate(10, 15) == 6\n  File \"/tmp/tmpt3oc8sa_.py\", line 5, in sum\n    return sum_of_common_divisors(a, b)\nNameError: name 'sum_of_common_divisors' is not defined\n",
      "exit_code": 1,
      "status": "Exception"
    },
    {
      "program": "def sum(a: int, b: int) -> int:\n    \"\"\"\n\tWrite a python function to find the sum of common divisors of two given numbers.\n\t\"\"\"\n    return sum(common_divisors(a, b))\n\n\ndef check(candidate):\n    assert candidate(10, 15) == 6\n    assert candidate(100, 150) == 93\n    assert candidate(4, 6) == 3\n\ndef test_check():\n    check(sum)\n\ntest_check()\n",
      "timestamp": 1665509686,
      "stdout": "",
      "stderr": "Traceback (most recent call last):\n  File \"/tmp/tmppuj0qai0.py\", line 16, in <module>\n    test_check()\n  File \"/tmp/tmppuj0qai0.py\", line 14, in test_check\n    check(sum)\n  File \"/tmp/tmppuj0qai0.py\", line 9, in check\n    assert candidate(10, 15) == 6\n  File \"/tmp/tmppuj0qai0.py\", line 5, in sum\n    return sum(common_divisors(a, b))\nNameError: name 'common_divisors' is not defined\n",
      "exit_code": 1,
      "status": "Exception"
    },
    {
      "program": "def sum(a: int, b: int) -> int:\n    \"\"\"\n\tWrite a python function to find the sum of common divisors of two given numbers.\n\t\"\"\"\n    return sum_divisors(a) + sum_divisors(b)\n\n\ndef check(candidate):\n    assert candidate(10, 15) == 6\n    assert candidate(100, 150) == 93\n    assert candidate(4, 6) == 3\n\ndef test_check():\n    check(sum)\n\ntest_check()\n",
      "timestamp": 1665509686,
      "stdout": "",
      "stderr": "Traceback (most recent call last):\n  File \"/tmp/tmpr16383ow.py\", line 16, in <module>\n    test_check()\n  File \"/tmp/tmpr16383ow.py\", line 14, in test_check\n    check(sum)\n  File \"/tmp/tmpr16383ow.py\", line 9, in check\n    assert candidate(10, 15) == 6\n  File \"/tmp/tmpr16383ow.py\", line 5, in sum\n    return sum_divisors(a) + sum_divisors(b)\nNameError: name 'sum_divisors' is not defined\n",
      "exit_code": 1,
      "status": "Exception"
    },
    {
      "program": "def sum(a: int, b: int) -> int:\n    \"\"\"\n\tWrite a python function to find the sum of common divisors of two given numbers.\n\t\"\"\"\n    return sum_of_common_divisors(a, b)\n\n\ndef check(candidate):\n    assert candidate(10, 15) == 6\n    assert candidate(100, 150) == 93\n    assert candidate(4, 6) == 3\n\ndef test_check():\n    check(sum)\n\ntest_check()\n",
      "timestamp": 1665509686,
      "stdout": "",
      "stderr": "Traceback (most recent call last):\n  File \"/tmp/tmpt3oc8sa_.py\", line 16, in <module>\n    test_check()\n  File \"/tmp/tmpt3oc8sa_.py\", line 14, in test_check\n    check(sum)\n  File \"/tmp/tmpt3oc8sa_.py\", line 9, in check\n    assert candidate(10, 15) == 6\n  File \"/tmp/tmpt3oc8sa_.py\", line 5, in sum\n    return sum_of_common_divisors(a, b)\nNameError: name 'sum_of_common_divisors' is not defined\n",
      "exit_code": 1,
      "status": "Exception"
    },
    {
      "program": "def sum(a: int, b: int) -> int:\n    \"\"\"\n\tWrite a python function to find the sum of common divisors of two given numbers.\n\t\"\"\"\n    return a + b\n\n\ndef check(candidate):\n    assert candidate(10, 15) == 6\n    assert candidate(100, 150) == 93\n    assert candidate(4, 6) == 3\n\ndef test_check():\n    check(sum)\n\ntest_check()\n",
      "timestamp": 1665509686,
      "stdout": "",
      "stderr": "Traceback (most recent call last):\n  File \"/tmp/tmpp3m05o9v.py\", line 16, in <module>\n    test_check()\n  File \"/tmp/tmpp3m05o9v.py\", line 14, in test_check\n    check(sum)\n  File \"/tmp/tmpp3m05o9v.py\", line 9, in check\n    assert candidate(10, 15) == 6\nAssertionError\n",
      "exit_code": 1,
      "status": "Exception"
    },
    {
      "program": "def sum(a: int, b: int) -> int:\n    \"\"\"\n\tWrite a python function to find the sum of common divisors of two given numbers.\n\t\"\"\"\n    return a + b\n\n\ndef check(candidate):\n    assert candidate(10, 15) == 6\n    assert candidate(100, 150) == 93\n    assert candidate(4, 6) == 3\n\ndef test_check():\n    check(sum)\n\ntest_check()\n",
      "timestamp": 1665509686,
      "stdout": "",
      "stderr": "Traceback (most recent call last):\n  File \"/tmp/tmpp3m05o9v.py\", line 16, in <module>\n    test_check()\n  File \"/tmp/tmpp3m05o9v.py\", line 14, in test_check\n    check(sum)\n  File \"/tmp/tmpp3m05o9v.py\", line 9, in check\n    assert candidate(10, 15) == 6\nAssertionError\n",
      "exit_code": 1,
      "status": "Exception"
    },
    {
      "program": "def sum(a: int, b: int) -> int:\n    \"\"\"\n\tWrite a python function to find the sum of common divisors of two given numbers.\n\t\"\"\"\n    sum = 0\n    for i in range(1, min(a, b) + 1):\n        if a % i == 0 and b % i == 0:\n            sum += i\n    return sum\n\n\ndef check(candidate):\n    assert candidate(10, 15) == 6\n    assert candidate(100, 150) == 93\n    assert candidate(4, 6) == 3\n\ndef test_check():\n    check(sum)\n\ntest_check()\n",
      "timestamp": 1666124220,
      "stdout": "",
      "stderr": "",
      "exit_code": 0,
      "status": "OK"
    },
    {
      "program": "def sum(a: int, b: int) -> int:\n    \"\"\"\n\tWrite a python function to find the sum of common divisors of two given numbers.\n\t\"\"\"\n    return a + b\n\n\ndef check(candidate):\n    assert candidate(10, 15) == 6\n    assert candidate(100, 150) == 93\n    assert candidate(4, 6) == 3\n\ndef test_check():\n    check(sum)\n\ntest_check()\n",
      "timestamp": 1665509686,
      "stdout": "",
      "stderr": "Traceback (most recent call last):\n  File \"/tmp/tmpp3m05o9v.py\", line 16, in <module>\n    test_check()\n  File \"/tmp/tmpp3m05o9v.py\", line 14, in test_check\n    check(sum)\n  File \"/tmp/tmpp3m05o9v.py\", line 9, in check\n    assert candidate(10, 15) == 6\nAssertionError\n",
      "exit_code": 1,
      "status": "Exception"
    },
    {
      "program": "def sum(a: int, b: int) -> int:\n    \"\"\"\n\tWrite a python function to find the sum of common divisors of two given numbers.\n\t\"\"\"\n    return sum_of_divisors(a) + sum_of_divisors(b)\n\n\ndef check(candidate):\n    assert candidate(10, 15) == 6\n    assert candidate(100, 150) == 93\n    assert candidate(4, 6) == 3\n\ndef test_check():\n    check(sum)\n\ntest_check()\n",
      "timestamp": 1666124220,
      "stdout": "",
      "stderr": "Traceback (most recent call last):\n  File \"/tmp/tmpkmu45pux.py\", line 16, in <module>\n    test_check()\n  File \"/tmp/tmpkmu45pux.py\", line 14, in test_check\n    check(sum)\n  File \"/tmp/tmpkmu45pux.py\", line 9, in check\n    assert candidate(10, 15) == 6\n  File \"/tmp/tmpkmu45pux.py\", line 5, in sum\n    return sum_of_divisors(a) + sum_of_divisors(b)\nNameError: name 'sum_of_divisors' is not defined\n",
      "exit_code": 1,
      "status": "Exception"
    },
    {
      "program": "def sum(a: int, b: int) -> int:\n    \"\"\"\n\tWrite a python function to find the sum of common divisors of two given numbers.\n\t\"\"\"\n    divisors = []\n    for i in range(1, min(a, b) + 1):\n        if a % i == 0 and b % i == 0:\n            divisors.append(i)\n    return sum(divisors)\n\n\ndef check(candidate):\n    assert candidate(10, 15) == 6\n    assert candidate(100, 150) == 93\n    assert candidate(4, 6) == 3\n\ndef test_check():\n    check(sum)\n\ntest_check()\n",
      "timestamp": 1665509686,
      "stdout": "",
      "stderr": "Traceback (most recent call last):\n  File \"/tmp/tmpjnbatcfc.py\", line 20, in <module>\n    test_check()\n  File \"/tmp/tmpjnbatcfc.py\", line 18, in test_check\n    check(sum)\n  File \"/tmp/tmpjnbatcfc.py\", line 13, in check\n    assert candidate(10, 15) == 6\n  File \"/tmp/tmpjnbatcfc.py\", line 9, in sum\n    return sum(divisors)\nTypeError: sum() missing 1 required positional argument: 'b'\n",
      "exit_code": 1,
      "status": "Exception"
    },
    {
      "program": "def sum(a: int, b: int) -> int:\n    \"\"\"\n\tWrite a python function to find the sum of common divisors of two given numbers.\n\t\"\"\"\n    return a + b\n\n\ndef check(candidate):\n    assert candidate(10, 15) == 6\n    assert candidate(100, 150) == 93\n    assert candidate(4, 6) == 3\n\ndef test_check():\n    check(sum)\n\ntest_check()\n",
      "timestamp": 1665509686,
      "stdout": "",
      "stderr": "Traceback (most recent call last):\n  File \"/tmp/tmpp3m05o9v.py\", line 16, in <module>\n    test_check()\n  File \"/tmp/tmpp3m05o9v.py\", line 14, in test_check\n    check(sum)\n  File \"/tmp/tmpp3m05o9v.py\", line 9, in check\n    assert candidate(10, 15) == 6\nAssertionError\n",
      "exit_code": 1,
      "status": "Exception"
    },
    {
      "program": "def sum(a: int, b: int) -> int:\n    \"\"\"\n\tWrite a python function to find the sum of common divisors of two given numbers.\n\t\"\"\"\n    return a + b\n\n\ndef check(candidate):\n    assert candidate(10, 15) == 6\n    assert candidate(100, 150) == 93\n    assert candidate(4, 6) == 3\n\ndef test_check():\n    check(sum)\n\ntest_check()\n",
      "timestamp": 1665509686,
      "stdout": "",
      "stderr": "Traceback (most recent call last):\n  File \"/tmp/tmpp3m05o9v.py\", line 16, in <module>\n    test_check()\n  File \"/tmp/tmpp3m05o9v.py\", line 14, in test_check\n    check(sum)\n  File \"/tmp/tmpp3m05o9v.py\", line 9, in check\n    assert candidate(10, 15) == 6\nAssertionError\n",
      "exit_code": 1,
      "status": "Exception"
    },
    {
      "program": "def sum(a: int, b: int) -> int:\n    \"\"\"\n\tWrite a python function to find the sum of common divisors of two given numbers.\n\t\"\"\"\n    return a + b\n\n\ndef check(candidate):\n    assert candidate(10, 15) == 6\n    assert candidate(100, 150) == 93\n    assert candidate(4, 6) == 3\n\ndef test_check():\n    check(sum)\n\ntest_check()\n",
      "timestamp": 1665509686,
      "stdout": "",
      "stderr": "Traceback (most recent call last):\n  File \"/tmp/tmpp3m05o9v.py\", line 16, in <module>\n    test_check()\n  File \"/tmp/tmpp3m05o9v.py\", line 14, in test_check\n    check(sum)\n  File \"/tmp/tmpp3m05o9v.py\", line 9, in check\n    assert candidate(10, 15) == 6\nAssertionError\n",
      "exit_code": 1,
      "status": "Exception"
    },
    {
      "program": "def sum(a: int, b: int) -> int:\n    \"\"\"\n\tWrite a python function to find the sum of common divisors of two given numbers.\n\t\"\"\"\n    return sum(list(set(common_divisors(a)) & set(common_divisors(b))))\n\n\ndef check(candidate):\n    assert candidate(10, 15) == 6\n    assert candidate(100, 150) == 93\n    assert candidate(4, 6) == 3\n\ndef test_check():\n    check(sum)\n\ntest_check()\n",
      "timestamp": 1666124220,
      "stdout": "",
      "stderr": "Traceback (most recent call last):\n  File \"/tmp/tmpzml29lv2.py\", line 16, in <module>\n    test_check()\n  File \"/tmp/tmpzml29lv2.py\", line 14, in test_check\n    check(sum)\n  File \"/tmp/tmpzml29lv2.py\", line 9, in check\n    assert candidate(10, 15) == 6\n  File \"/tmp/tmpzml29lv2.py\", line 5, in sum\n    return sum(list(set(common_divisors(a)) & set(common_divisors(b))))\nNameError: name 'common_divisors' is not defined\n",
      "exit_code": 1,
      "status": "Exception"
    },
    {
      "program": "def sum(a: int, b: int) -> int:\n    \"\"\"\n\tWrite a python function to find the sum of common divisors of two given numbers.\n\t\"\"\"\n    sum = 0\n    for i in range(1, min(a, b) + 1):\n        if a % i == 0 and b % i == 0:\n            sum += i\n    return sum\n\n\ndef check(candidate):\n    assert candidate(10, 15) == 6\n    assert candidate(100, 150) == 93\n    assert candidate(4, 6) == 3\n\ndef test_check():\n    check(sum)\n\ntest_check()\n",
      "timestamp": 1666124220,
      "stdout": "",
      "stderr": "",
      "exit_code": 0,
      "status": "OK"
    },
    {
      "program": "def sum(a: int, b: int) -> int:\n    \"\"\"\n\tWrite a python function to find the sum of common divisors of two given numbers.\n\t\"\"\"\n    divisors = []\n    for i in range(1, min(a, b) + 1):\n        if a % i == 0 and b % i == 0:\n            divisors.append(i)\n    return sum(divisors)\n\n\ndef check(candidate):\n    assert candidate(10, 15) == 6\n    assert candidate(100, 150) == 93\n    assert candidate(4, 6) == 3\n\ndef test_check():\n    check(sum)\n\ntest_check()\n",
      "timestamp": 1665509686,
      "stdout": "",
      "stderr": "Traceback (most recent call last):\n  File \"/tmp/tmpjnbatcfc.py\", line 20, in <module>\n    test_check()\n  File \"/tmp/tmpjnbatcfc.py\", line 18, in test_check\n    check(sum)\n  File \"/tmp/tmpjnbatcfc.py\", line 13, in check\n    assert candidate(10, 15) == 6\n  File \"/tmp/tmpjnbatcfc.py\", line 9, in sum\n    return sum(divisors)\nTypeError: sum() missing 1 required positional argument: 'b'\n",
      "exit_code": 1,
      "status": "Exception"
    },
    {
      "program": "def sum(a: int, b: int) -> int:\n    \"\"\"\n\tWrite a python function to find the sum of common divisors of two given numbers.\n\t\"\"\"\n    return sum(list(set(divisors(a)) & set(divisors(b))))\n\n\ndef check(candidate):\n    assert candidate(10, 15) == 6\n    assert candidate(100, 150) == 93\n    assert candidate(4, 6) == 3\n\ndef test_check():\n    check(sum)\n\ntest_check()\n",
      "timestamp": 1665509686,
      "stdout": "",
      "stderr": "Traceback (most recent call last):\n  File \"/tmp/tmpqxly4fgg.py\", line 16, in <module>\n    test_check()\n  File \"/tmp/tmpqxly4fgg.py\", line 14, in test_check\n    check(sum)\n  File \"/tmp/tmpqxly4fgg.py\", line 9, in check\n    assert candidate(10, 15) == 6\n  File \"/tmp/tmpqxly4fgg.py\", line 5, in sum\n    return sum(list(set(divisors(a)) & set(divisors(b))))\nNameError: name 'divisors' is not defined\n",
      "exit_code": 1,
      "status": "Exception"
    },
    {
      "program": "def sum(a: int, b: int) -> int:\n    \"\"\"\n\tWrite a python function to find the sum of common divisors of two given numbers.\n\t\"\"\"\n    return sum_of_divisors(a) + sum_of_divisors(b)\n\n\ndef check(candidate):\n    assert candidate(10, 15) == 6\n    assert candidate(100, 150) == 93\n    assert candidate(4, 6) == 3\n\ndef test_check():\n    check(sum)\n\ntest_check()\n",
      "timestamp": 1666124220,
      "stdout": "",
      "stderr": "Traceback (most recent call last):\n  File \"/tmp/tmpkmu45pux.py\", line 16, in <module>\n    test_check()\n  File \"/tmp/tmpkmu45pux.py\", line 14, in test_check\n    check(sum)\n  File \"/tmp/tmpkmu45pux.py\", line 9, in check\n    assert candidate(10, 15) == 6\n  File \"/tmp/tmpkmu45pux.py\", line 5, in sum\n    return sum_of_divisors(a) + sum_of_divisors(b)\nNameError: name 'sum_of_divisors' is not defined\n",
      "exit_code": 1,
      "status": "Exception"
    },
    {
      "program": "def sum(a: int, b: int) -> int:\n    \"\"\"\n\tWrite a python function to find the sum of common divisors of two given numbers.\n\t\"\"\"\n    divisors = []\n    for i in range(1, min(a, b) + 1):\n        if a % i == 0 and b % i == 0:\n            divisors.append(i)\n    return sum(divisors)\n\n\ndef check(candidate):\n    assert candidate(10, 15) == 6\n    assert candidate(100, 150) == 93\n    assert candidate(4, 6) == 3\n\ndef test_check():\n    check(sum)\n\ntest_check()\n",
      "timestamp": 1665509686,
      "stdout": "",
      "stderr": "Traceback (most recent call last):\n  File \"/tmp/tmpjnbatcfc.py\", line 20, in <module>\n    test_check()\n  File \"/tmp/tmpjnbatcfc.py\", line 18, in test_check\n    check(sum)\n  File \"/tmp/tmpjnbatcfc.py\", line 13, in check\n    assert candidate(10, 15) == 6\n  File \"/tmp/tmpjnbatcfc.py\", line 9, in sum\n    return sum(divisors)\nTypeError: sum() missing 1 required positional argument: 'b'\n",
      "exit_code": 1,
      "status": "Exception"
    },
    {
      "program": "def sum(a: int, b: int) -> int:\n    \"\"\"\n\tWrite a python function to find the sum of common divisors of two given numbers.\n\t\"\"\"\n    return sum(list(set(divisors(a)) & set(divisors(b))))\n\n\ndef check(candidate):\n    assert candidate(10, 15) == 6\n    assert candidate(100, 150) == 93\n    assert candidate(4, 6) == 3\n\ndef test_check():\n    check(sum)\n\ntest_check()\n",
      "timestamp": 1665509686,
      "stdout": "",
      "stderr": "Traceback (most recent call last):\n  File \"/tmp/tmpqxly4fgg.py\", line 16, in <module>\n    test_check()\n  File \"/tmp/tmpqxly4fgg.py\", line 14, in test_check\n    check(sum)\n  File \"/tmp/tmpqxly4fgg.py\", line 9, in check\n    assert candidate(10, 15) == 6\n  File \"/tmp/tmpqxly4fgg.py\", line 5, in sum\n    return sum(list(set(divisors(a)) & set(divisors(b))))\nNameError: name 'divisors' is not defined\n",
      "exit_code": 1,
      "status": "Exception"
    },
    {
      "program": "def sum(a: int, b: int) -> int:\n    \"\"\"\n\tWrite a python function to find the sum of common divisors of two given numbers.\n\t\"\"\"\n    return a + b\n\ndef check(candidate):\n    assert candidate(10, 15) == 6\n    assert candidate(100, 150) == 93\n    assert candidate(4, 6) == 3\n\ndef test_check():\n    check(sum)\n\ntest_check()\n",
      "timestamp": 1666124221,
      "stdout": "",
      "stderr": "Traceback (most recent call last):\n  File \"/tmp/tmp1v3s0ijv.py\", line 15, in <module>\n    test_check()\n  File \"/tmp/tmp1v3s0ijv.py\", line 13, in test_check\n    check(sum)\n  File \"/tmp/tmp1v3s0ijv.py\", line 8, in check\n    assert candidate(10, 15) == 6\nAssertionError\n",
      "exit_code": 1,
      "status": "Exception"
    },
    {
      "program": "def sum(a: int, b: int) -> int:\n    \"\"\"\n\tWrite a python function to find the sum of common divisors of two given numbers.\n\t\"\"\"\n    return a + b\n\n\ndef check(candidate):\n    assert candidate(10, 15) == 6\n    assert candidate(100, 150) == 93\n    assert candidate(4, 6) == 3\n\ndef test_check():\n    check(sum)\n\ntest_check()\n",
      "timestamp": 1665509686,
      "stdout": "",
      "stderr": "Traceback (most recent call last):\n  File \"/tmp/tmpp3m05o9v.py\", line 16, in <module>\n    test_check()\n  File \"/tmp/tmpp3m05o9v.py\", line 14, in test_check\n    check(sum)\n  File \"/tmp/tmpp3m05o9v.py\", line 9, in check\n    assert candidate(10, 15) == 6\nAssertionError\n",
      "exit_code": 1,
      "status": "Exception"
    },
    {
      "program": "def sum(a: int, b: int) -> int:\n    \"\"\"\n\tWrite a python function to find the sum of common divisors of two given numbers.\n\t\"\"\"\n    divisors = []\n    for i in range(1, min(a, b) + 1):\n        if a % i == 0 and b % i == 0:\n            divisors.append(i)\n    return sum(divisors)\n\n\ndef check(candidate):\n    assert candidate(10, 15) == 6\n    assert candidate(100, 150) == 93\n    assert candidate(4, 6) == 3\n\ndef test_check():\n    check(sum)\n\ntest_check()\n",
      "timestamp": 1665509686,
      "stdout": "",
      "stderr": "Traceback (most recent call last):\n  File \"/tmp/tmpjnbatcfc.py\", line 20, in <module>\n    test_check()\n  File \"/tmp/tmpjnbatcfc.py\", line 18, in test_check\n    check(sum)\n  File \"/tmp/tmpjnbatcfc.py\", line 13, in check\n    assert candidate(10, 15) == 6\n  File \"/tmp/tmpjnbatcfc.py\", line 9, in sum\n    return sum(divisors)\nTypeError: sum() missing 1 required positional argument: 'b'\n",
      "exit_code": 1,
      "status": "Exception"
    },
    {
      "program": "def sum(a: int, b: int) -> int:\n    \"\"\"\n\tWrite a python function to find the sum of common divisors of two given numbers.\n\t\"\"\"\n    return sum_of_common_divisors(a, b)\n\n\ndef check(candidate):\n    assert candidate(10, 15) == 6\n    assert candidate(100, 150) == 93\n    assert candidate(4, 6) == 3\n\ndef test_check():\n    check(sum)\n\ntest_check()\n",
      "timestamp": 1665509686,
      "stdout": "",
      "stderr": "Traceback (most recent call last):\n  File \"/tmp/tmpt3oc8sa_.py\", line 16, in <module>\n    test_check()\n  File \"/tmp/tmpt3oc8sa_.py\", line 14, in test_check\n    check(sum)\n  File \"/tmp/tmpt3oc8sa_.py\", line 9, in check\n    assert candidate(10, 15) == 6\n  File \"/tmp/tmpt3oc8sa_.py\", line 5, in sum\n    return sum_of_common_divisors(a, b)\nNameError: name 'sum_of_common_divisors' is not defined\n",
      "exit_code": 1,
      "status": "Exception"
    },
    {
      "program": "def sum(a: int, b: int) -> int:\n    \"\"\"\n\tWrite a python function to find the sum of common divisors of two given numbers.\n\t\"\"\"\n    if a == 0 or b == 0:\n        return 0\n    else:\n        return a + b\n\n\ndef check(candidate):\n    assert candidate(10, 15) == 6\n    assert candidate(100, 150) == 93\n    assert candidate(4, 6) == 3\n\ndef test_check():\n    check(sum)\n\ntest_check()\n",
      "timestamp": 1666124220,
      "stdout": "",
      "stderr": "Traceback (most recent call last):\n  File \"/tmp/tmpy3vc6gsk.py\", line 19, in <module>\n    test_check()\n  File \"/tmp/tmpy3vc6gsk.py\", line 17, in test_check\n    check(sum)\n  File \"/tmp/tmpy3vc6gsk.py\", line 12, in check\n    assert candidate(10, 15) == 6\nAssertionError\n",
      "exit_code": 1,
      "status": "Exception"
    },
    {
      "program": "def sum(a: int, b: int) -> int:\n    \"\"\"\n\tWrite a python function to find the sum of common divisors of two given numbers.\n\t\"\"\"\n    if a == 0 or b == 0:\n        return 0\n    else:\n        return a + b\n\n\ndef check(candidate):\n    assert candidate(10, 15) == 6\n    assert candidate(100, 150) == 93\n    assert candidate(4, 6) == 3\n\ndef test_check():\n    check(sum)\n\ntest_check()\n",
      "timestamp": 1666124220,
      "stdout": "",
      "stderr": "Traceback (most recent call last):\n  File \"/tmp/tmpy3vc6gsk.py\", line 19, in <module>\n    test_check()\n  File \"/tmp/tmpy3vc6gsk.py\", line 17, in test_check\n    check(sum)\n  File \"/tmp/tmpy3vc6gsk.py\", line 12, in check\n    assert candidate(10, 15) == 6\nAssertionError\n",
      "exit_code": 1,
      "status": "Exception"
    },
    {
      "program": "def sum(a: int, b: int) -> int:\n    \"\"\"\n\tWrite a python function to find the sum of common divisors of two given numbers.\n\t\"\"\"\n    sum = 0\n    for i in range(1, min(a, b) + 1):\n        if a % i == 0 and b % i == 0:\n            sum += i\n    return sum\n\n\ndef check(candidate):\n    assert candidate(10, 15) == 6\n    assert candidate(100, 150) == 93\n    assert candidate(4, 6) == 3\n\ndef test_check():\n    check(sum)\n\ntest_check()\n",
      "timestamp": 1666124220,
      "stdout": "",
      "stderr": "",
      "exit_code": 0,
      "status": "OK"
    },
    {
      "program": "def sum(a: int, b: int) -> int:\n    \"\"\"\n\tWrite a python function to find the sum of common divisors of two given numbers.\n\t\"\"\"\n    return sum(list(set(divisors(a)) & set(divisors(b))))\n\n\ndef check(candidate):\n    assert candidate(10, 15) == 6\n    assert candidate(100, 150) == 93\n    assert candidate(4, 6) == 3\n\ndef test_check():\n    check(sum)\n\ntest_check()\n",
      "timestamp": 1665509686,
      "stdout": "",
      "stderr": "Traceback (most recent call last):\n  File \"/tmp/tmpqxly4fgg.py\", line 16, in <module>\n    test_check()\n  File \"/tmp/tmpqxly4fgg.py\", line 14, in test_check\n    check(sum)\n  File \"/tmp/tmpqxly4fgg.py\", line 9, in check\n    assert candidate(10, 15) == 6\n  File \"/tmp/tmpqxly4fgg.py\", line 5, in sum\n    return sum(list(set(divisors(a)) & set(divisors(b))))\nNameError: name 'divisors' is not defined\n",
      "exit_code": 1,
      "status": "Exception"
    },
    {
      "program": "def sum(a: int, b: int) -> int:\n    \"\"\"\n\tWrite a python function to find the sum of common divisors of two given numbers.\n\t\"\"\"\n    return a + b\n\n\ndef check(candidate):\n    assert candidate(10, 15) == 6\n    assert candidate(100, 150) == 93\n    assert candidate(4, 6) == 3\n\ndef test_check():\n    check(sum)\n\ntest_check()\n",
      "timestamp": 1665509686,
      "stdout": "",
      "stderr": "Traceback (most recent call last):\n  File \"/tmp/tmpp3m05o9v.py\", line 16, in <module>\n    test_check()\n  File \"/tmp/tmpp3m05o9v.py\", line 14, in test_check\n    check(sum)\n  File \"/tmp/tmpp3m05o9v.py\", line 9, in check\n    assert candidate(10, 15) == 6\nAssertionError\n",
      "exit_code": 1,
      "status": "Exception"
    },
    {
      "program": "def sum(a: int, b: int) -> int:\n    \"\"\"\n\tWrite a python function to find the sum of common divisors of two given numbers.\n\t\"\"\"\n    return sum_of_common_divisors(a, b)\n\n\ndef check(candidate):\n    assert candidate(10, 15) == 6\n    assert candidate(100, 150) == 93\n    assert candidate(4, 6) == 3\n\ndef test_check():\n    check(sum)\n\ntest_check()\n",
      "timestamp": 1665509686,
      "stdout": "",
      "stderr": "Traceback (most recent call last):\n  File \"/tmp/tmpt3oc8sa_.py\", line 16, in <module>\n    test_check()\n  File \"/tmp/tmpt3oc8sa_.py\", line 14, in test_check\n    check(sum)\n  File \"/tmp/tmpt3oc8sa_.py\", line 9, in check\n    assert candidate(10, 15) == 6\n  File \"/tmp/tmpt3oc8sa_.py\", line 5, in sum\n    return sum_of_common_divisors(a, b)\nNameError: name 'sum_of_common_divisors' is not defined\n",
      "exit_code": 1,
      "status": "Exception"
    },
    {
      "program": "def sum(a: int, b: int) -> int:\n    \"\"\"\n\tWrite a python function to find the sum of common divisors of two given numbers.\n\t\"\"\"\n    return a + b\n\n\ndef check(candidate):\n    assert candidate(10, 15) == 6\n    assert candidate(100, 150) == 93\n    assert candidate(4, 6) == 3\n\ndef test_check():\n    check(sum)\n\ntest_check()\n",
      "timestamp": 1665509686,
      "stdout": "",
      "stderr": "Traceback (most recent call last):\n  File \"/tmp/tmpp3m05o9v.py\", line 16, in <module>\n    test_check()\n  File \"/tmp/tmpp3m05o9v.py\", line 14, in test_check\n    check(sum)\n  File \"/tmp/tmpp3m05o9v.py\", line 9, in check\n    assert candidate(10, 15) == 6\nAssertionError\n",
      "exit_code": 1,
      "status": "Exception"
    },
    {
      "program": "def sum(a: int, b: int) -> int:\n    \"\"\"\n\tWrite a python function to find the sum of common divisors of two given numbers.\n\t\"\"\"\n    return a + b\n\n\ndef check(candidate):\n    assert candidate(10, 15) == 6\n    assert candidate(100, 150) == 93\n    assert candidate(4, 6) == 3\n\ndef test_check():\n    check(sum)\n\ntest_check()\n",
      "timestamp": 1665509686,
      "stdout": "",
      "stderr": "Traceback (most recent call last):\n  File \"/tmp/tmpp3m05o9v.py\", line 16, in <module>\n    test_check()\n  File \"/tmp/tmpp3m05o9v.py\", line 14, in test_check\n    check(sum)\n  File \"/tmp/tmpp3m05o9v.py\", line 9, in check\n    assert candidate(10, 15) == 6\nAssertionError\n",
      "exit_code": 1,
      "status": "Exception"
    },
    {
      "program": "def sum(a: int, b: int) -> int:\n    \"\"\"\n\tWrite a python function to find the sum of common divisors of two given numbers.\n\t\"\"\"\n    return a + b\n\n\ndef check(candidate):\n    assert candidate(10, 15) == 6\n    assert candidate(100, 150) == 93\n    assert candidate(4, 6) == 3\n\ndef test_check():\n    check(sum)\n\ntest_check()\n",
      "timestamp": 1665509686,
      "stdout": "",
      "stderr": "Traceback (most recent call last):\n  File \"/tmp/tmpp3m05o9v.py\", line 16, in <module>\n    test_check()\n  File \"/tmp/tmpp3m05o9v.py\", line 14, in test_check\n    check(sum)\n  File \"/tmp/tmpp3m05o9v.py\", line 9, in check\n    assert candidate(10, 15) == 6\nAssertionError\n",
      "exit_code": 1,
      "status": "Exception"
    },
    {
      "program": "def sum(a: int, b: int) -> int:\n    \"\"\"\n\tWrite a python function to find the sum of common divisors of two given numbers.\n\t\"\"\"\n    return sum(list(set(get_divisors(a)) & set(get_divisors(b))))\n\n\ndef check(candidate):\n    assert candidate(10, 15) == 6\n    assert candidate(100, 150) == 93\n    assert candidate(4, 6) == 3\n\ndef test_check():\n    check(sum)\n\ntest_check()\n",
      "timestamp": 1666124221,
      "stdout": "",
      "stderr": "Traceback (most recent call last):\n  File \"/tmp/tmpmj13s2w6.py\", line 16, in <module>\n    test_check()\n  File \"/tmp/tmpmj13s2w6.py\", line 14, in test_check\n    check(sum)\n  File \"/tmp/tmpmj13s2w6.py\", line 9, in check\n    assert candidate(10, 15) == 6\n  File \"/tmp/tmpmj13s2w6.py\", line 5, in sum\n    return sum(list(set(get_divisors(a)) & set(get_divisors(b))))\nNameError: name 'get_divisors' is not defined\n",
      "exit_code": 1,
      "status": "Exception"
    },
    {
      "program": "def sum(a: int, b: int) -> int:\n    \"\"\"\n\tWrite a python function to find the sum of common divisors of two given numbers.\n\t\"\"\"\n    return sum(common_divisors(a, b))\n\n\ndef check(candidate):\n    assert candidate(10, 15) == 6\n    assert candidate(100, 150) == 93\n    assert candidate(4, 6) == 3\n\ndef test_check():\n    check(sum)\n\ntest_check()\n",
      "timestamp": 1665509686,
      "stdout": "",
      "stderr": "Traceback (most recent call last):\n  File \"/tmp/tmppuj0qai0.py\", line 16, in <module>\n    test_check()\n  File \"/tmp/tmppuj0qai0.py\", line 14, in test_check\n    check(sum)\n  File \"/tmp/tmppuj0qai0.py\", line 9, in check\n    assert candidate(10, 15) == 6\n  File \"/tmp/tmppuj0qai0.py\", line 5, in sum\n    return sum(common_divisors(a, b))\nNameError: name 'common_divisors' is not defined\n",
      "exit_code": 1,
      "status": "Exception"
    },
    {
      "program": "def sum(a: int, b: int) -> int:\n    \"\"\"\n\tWrite a python function to find the sum of common divisors of two given numbers.\n\t\"\"\"\n    return a + b\n\n\ndef check(candidate):\n    assert candidate(10, 15) == 6\n    assert candidate(100, 150) == 93\n    assert candidate(4, 6) == 3\n\ndef test_check():\n    check(sum)\n\ntest_check()\n",
      "timestamp": 1665509686,
      "stdout": "",
      "stderr": "Traceback (most recent call last):\n  File \"/tmp/tmpp3m05o9v.py\", line 16, in <module>\n    test_check()\n  File \"/tmp/tmpp3m05o9v.py\", line 14, in test_check\n    check(sum)\n  File \"/tmp/tmpp3m05o9v.py\", line 9, in check\n    assert candidate(10, 15) == 6\nAssertionError\n",
      "exit_code": 1,
      "status": "Exception"
    },
    {
      "program": "def sum(a: int, b: int) -> int:\n    \"\"\"\n\tWrite a python function to find the sum of common divisors of two given numbers.\n\t\"\"\"\n    divisors = []\n    for i in range(1, min(a, b) + 1):\n        if a % i == 0 and b % i == 0:\n            divisors.append(i)\n    return sum(divisors)\n\n\ndef check(candidate):\n    assert candidate(10, 15) == 6\n    assert candidate(100, 150) == 93\n    assert candidate(4, 6) == 3\n\ndef test_check():\n    check(sum)\n\ntest_check()\n",
      "timestamp": 1665509686,
      "stdout": "",
      "stderr": "Traceback (most recent call last):\n  File \"/tmp/tmpjnbatcfc.py\", line 20, in <module>\n    test_check()\n  File \"/tmp/tmpjnbatcfc.py\", line 18, in test_check\n    check(sum)\n  File \"/tmp/tmpjnbatcfc.py\", line 13, in check\n    assert candidate(10, 15) == 6\n  File \"/tmp/tmpjnbatcfc.py\", line 9, in sum\n    return sum(divisors)\nTypeError: sum() missing 1 required positional argument: 'b'\n",
      "exit_code": 1,
      "status": "Exception"
    },
    {
      "program": "def sum(a: int, b: int) -> int:\n    \"\"\"\n\tWrite a python function to find the sum of common divisors of two given numbers.\n\t\"\"\"\n    return a + b\n\n\ndef check(candidate):\n    assert candidate(10, 15) == 6\n    assert candidate(100, 150) == 93\n    assert candidate(4, 6) == 3\n\ndef test_check():\n    check(sum)\n\ntest_check()\n",
      "timestamp": 1665509686,
      "stdout": "",
      "stderr": "Traceback (most recent call last):\n  File \"/tmp/tmpp3m05o9v.py\", line 16, in <module>\n    test_check()\n  File \"/tmp/tmpp3m05o9v.py\", line 14, in test_check\n    check(sum)\n  File \"/tmp/tmpp3m05o9v.py\", line 9, in check\n    assert candidate(10, 15) == 6\nAssertionError\n",
      "exit_code": 1,
      "status": "Exception"
    },
    {
      "program": "def sum(a: int, b: int) -> int:\n    \"\"\"\n\tWrite a python function to find the sum of common divisors of two given numbers.\n\t\"\"\"\n    return a + b\n\n\ndef check(candidate):\n    assert candidate(10, 15) == 6\n    assert candidate(100, 150) == 93\n    assert candidate(4, 6) == 3\n\ndef test_check():\n    check(sum)\n\ntest_check()\n",
      "timestamp": 1665509686,
      "stdout": "",
      "stderr": "Traceback (most recent call last):\n  File \"/tmp/tmpp3m05o9v.py\", line 16, in <module>\n    test_check()\n  File \"/tmp/tmpp3m05o9v.py\", line 14, in test_check\n    check(sum)\n  File \"/tmp/tmpp3m05o9v.py\", line 9, in check\n    assert candidate(10, 15) == 6\nAssertionError\n",
      "exit_code": 1,
      "status": "Exception"
    },
    {
      "program": "def sum(a: int, b: int) -> int:\n    \"\"\"\n\tWrite a python function to find the sum of common divisors of two given numbers.\n\t\"\"\"\n    return a + b\n\n\ndef check(candidate):\n    assert candidate(10, 15) == 6\n    assert candidate(100, 150) == 93\n    assert candidate(4, 6) == 3\n\ndef test_check():\n    check(sum)\n\ntest_check()\n",
      "timestamp": 1665509686,
      "stdout": "",
      "stderr": "Traceback (most recent call last):\n  File \"/tmp/tmpp3m05o9v.py\", line 16, in <module>\n    test_check()\n  File \"/tmp/tmpp3m05o9v.py\", line 14, in test_check\n    check(sum)\n  File \"/tmp/tmpp3m05o9v.py\", line 9, in check\n    assert candidate(10, 15) == 6\nAssertionError\n",
      "exit_code": 1,
      "status": "Exception"
    },
    {
      "program": "def sum(a: int, b: int) -> int:\n    \"\"\"\n\tWrite a python function to find the sum of common divisors of two given numbers.\n\t\"\"\"\n    return sum_of_common_divisors(a, b)\n\n\ndef check(candidate):\n    assert candidate(10, 15) == 6\n    assert candidate(100, 150) == 93\n    assert candidate(4, 6) == 3\n\ndef test_check():\n    check(sum)\n\ntest_check()\n",
      "timestamp": 1665509686,
      "stdout": "",
      "stderr": "Traceback (most recent call last):\n  File \"/tmp/tmpt3oc8sa_.py\", line 16, in <module>\n    test_check()\n  File \"/tmp/tmpt3oc8sa_.py\", line 14, in test_check\n    check(sum)\n  File \"/tmp/tmpt3oc8sa_.py\", line 9, in check\n    assert candidate(10, 15) == 6\n  File \"/tmp/tmpt3oc8sa_.py\", line 5, in sum\n    return sum_of_common_divisors(a, b)\nNameError: name 'sum_of_common_divisors' is not defined\n",
      "exit_code": 1,
      "status": "Exception"
    },
    {
      "program": "def sum(a: int, b: int) -> int:\n    \"\"\"\n\tWrite a python function to find the sum of common divisors of two given numbers.\n\t\"\"\"\n    return a + b\n\n\ndef check(candidate):\n    assert candidate(10, 15) == 6\n    assert candidate(100, 150) == 93\n    assert candidate(4, 6) == 3\n\ndef test_check():\n    check(sum)\n\ntest_check()\n",
      "timestamp": 1665509686,
      "stdout": "",
      "stderr": "Traceback (most recent call last):\n  File \"/tmp/tmpp3m05o9v.py\", line 16, in <module>\n    test_check()\n  File \"/tmp/tmpp3m05o9v.py\", line 14, in test_check\n    check(sum)\n  File \"/tmp/tmpp3m05o9v.py\", line 9, in check\n    assert candidate(10, 15) == 6\nAssertionError\n",
      "exit_code": 1,
      "status": "Exception"
    },
    {
      "program": "def sum(a: int, b: int) -> int:\n    \"\"\"\n\tWrite a python function to find the sum of common divisors of two given numbers.\n\t\"\"\"\n    return a + b\n\n\ndef check(candidate):\n    assert candidate(10, 15) == 6\n    assert candidate(100, 150) == 93\n    assert candidate(4, 6) == 3\n\ndef test_check():\n    check(sum)\n\ntest_check()\n",
      "timestamp": 1665509686,
      "stdout": "",
      "stderr": "Traceback (most recent call last):\n  File \"/tmp/tmpp3m05o9v.py\", line 16, in <module>\n    test_check()\n  File \"/tmp/tmpp3m05o9v.py\", line 14, in test_check\n    check(sum)\n  File \"/tmp/tmpp3m05o9v.py\", line 9, in check\n    assert candidate(10, 15) == 6\nAssertionError\n",
      "exit_code": 1,
      "status": "Exception"
    },
    {
      "program": "def sum(a: int, b: int) -> int:\n    \"\"\"\n\tWrite a python function to find the sum of common divisors of two given numbers.\n\t\"\"\"\n    return sum(common_divisors(a, b))\n\n\ndef check(candidate):\n    assert candidate(10, 15) == 6\n    assert candidate(100, 150) == 93\n    assert candidate(4, 6) == 3\n\ndef test_check():\n    check(sum)\n\ntest_check()\n",
      "timestamp": 1665509686,
      "stdout": "",
      "stderr": "Traceback (most recent call last):\n  File \"/tmp/tmppuj0qai0.py\", line 16, in <module>\n    test_check()\n  File \"/tmp/tmppuj0qai0.py\", line 14, in test_check\n    check(sum)\n  File \"/tmp/tmppuj0qai0.py\", line 9, in check\n    assert candidate(10, 15) == 6\n  File \"/tmp/tmppuj0qai0.py\", line 5, in sum\n    return sum(common_divisors(a, b))\nNameError: name 'common_divisors' is not defined\n",
      "exit_code": 1,
      "status": "Exception"
    },
    {
      "program": "def sum(a: int, b: int) -> int:\n    \"\"\"\n\tWrite a python function to find the sum of common divisors of two given numbers.\n\t\"\"\"\n    return sum(list(set(divisors(a)) & set(divisors(b))))\n\n\ndef check(candidate):\n    assert candidate(10, 15) == 6\n    assert candidate(100, 150) == 93\n    assert candidate(4, 6) == 3\n\ndef test_check():\n    check(sum)\n\ntest_check()\n",
      "timestamp": 1665509686,
      "stdout": "",
      "stderr": "Traceback (most recent call last):\n  File \"/tmp/tmpqxly4fgg.py\", line 16, in <module>\n    test_check()\n  File \"/tmp/tmpqxly4fgg.py\", line 14, in test_check\n    check(sum)\n  File \"/tmp/tmpqxly4fgg.py\", line 9, in check\n    assert candidate(10, 15) == 6\n  File \"/tmp/tmpqxly4fgg.py\", line 5, in sum\n    return sum(list(set(divisors(a)) & set(divisors(b))))\nNameError: name 'divisors' is not defined\n",
      "exit_code": 1,
      "status": "Exception"
    },
    {
      "program": "def sum(a: int, b: int) -> int:\n    \"\"\"\n\tWrite a python function to find the sum of common divisors of two given numbers.\n\t\"\"\"\n    return a + b\n\ndef check(candidate):\n    assert candidate(10, 15) == 6\n    assert candidate(100, 150) == 93\n    assert candidate(4, 6) == 3\n\ndef test_check():\n    check(sum)\n\ntest_check()\n",
      "timestamp": 1666124221,
      "stdout": "",
      "stderr": "Traceback (most recent call last):\n  File \"/tmp/tmp1v3s0ijv.py\", line 15, in <module>\n    test_check()\n  File \"/tmp/tmp1v3s0ijv.py\", line 13, in test_check\n    check(sum)\n  File \"/tmp/tmp1v3s0ijv.py\", line 8, in check\n    assert candidate(10, 15) == 6\nAssertionError\n",
      "exit_code": 1,
      "status": "Exception"
    },
    {
      "program": "def sum(a: int, b: int) -> int:\n    \"\"\"\n\tWrite a python function to find the sum of common divisors of two given numbers.\n\t\"\"\"\n    divisors = []\n    for i in range(1, min(a, b) + 1):\n        if a % i == 0 and b % i == 0:\n            divisors.append(i)\n    return sum(divisors)\n\n\ndef check(candidate):\n    assert candidate(10, 15) == 6\n    assert candidate(100, 150) == 93\n    assert candidate(4, 6) == 3\n\ndef test_check():\n    check(sum)\n\ntest_check()\n",
      "timestamp": 1665509686,
      "stdout": "",
      "stderr": "Traceback (most recent call last):\n  File \"/tmp/tmpjnbatcfc.py\", line 20, in <module>\n    test_check()\n  File \"/tmp/tmpjnbatcfc.py\", line 18, in test_check\n    check(sum)\n  File \"/tmp/tmpjnbatcfc.py\", line 13, in check\n    assert candidate(10, 15) == 6\n  File \"/tmp/tmpjnbatcfc.py\", line 9, in sum\n    return sum(divisors)\nTypeError: sum() missing 1 required positional argument: 'b'\n",
      "exit_code": 1,
      "status": "Exception"
    },
    {
      "program": "def sum(a: int, b: int) -> int:\n    \"\"\"\n\tWrite a python function to find the sum of common divisors of two given numbers.\n\t\"\"\"\n    return a + b\n\n\ndef check(candidate):\n    assert candidate(10, 15) == 6\n    assert candidate(100, 150) == 93\n    assert candidate(4, 6) == 3\n\ndef test_check():\n    check(sum)\n\ntest_check()\n",
      "timestamp": 1665509686,
      "stdout": "",
      "stderr": "Traceback (most recent call last):\n  File \"/tmp/tmpp3m05o9v.py\", line 16, in <module>\n    test_check()\n  File \"/tmp/tmpp3m05o9v.py\", line 14, in test_check\n    check(sum)\n  File \"/tmp/tmpp3m05o9v.py\", line 9, in check\n    assert candidate(10, 15) == 6\nAssertionError\n",
      "exit_code": 1,
      "status": "Exception"
    },
    {
      "program": "def sum(a: int, b: int) -> int:\n    \"\"\"\n\tWrite a python function to find the sum of common divisors of two given numbers.\n\t\"\"\"\n    return a + b\n\n\ndef check(candidate):\n    assert candidate(10, 15) == 6\n    assert candidate(100, 150) == 93\n    assert candidate(4, 6) == 3\n\ndef test_check():\n    check(sum)\n\ntest_check()\n",
      "timestamp": 1665509686,
      "stdout": "",
      "stderr": "Traceback (most recent call last):\n  File \"/tmp/tmpp3m05o9v.py\", line 16, in <module>\n    test_check()\n  File \"/tmp/tmpp3m05o9v.py\", line 14, in test_check\n    check(sum)\n  File \"/tmp/tmpp3m05o9v.py\", line 9, in check\n    assert candidate(10, 15) == 6\nAssertionError\n",
      "exit_code": 1,
      "status": "Exception"
    },
    {
      "program": "def sum(a: int, b: int) -> int:\n    \"\"\"\n\tWrite a python function to find the sum of common divisors of two given numbers.\n\t\"\"\"\n    return sum_of_divisors(a) + sum_of_divisors(b)\n\n\ndef check(candidate):\n    assert candidate(10, 15) == 6\n    assert candidate(100, 150) == 93\n    assert candidate(4, 6) == 3\n\ndef test_check():\n    check(sum)\n\ntest_check()\n",
      "timestamp": 1666124220,
      "stdout": "",
      "stderr": "Traceback (most recent call last):\n  File \"/tmp/tmpkmu45pux.py\", line 16, in <module>\n    test_check()\n  File \"/tmp/tmpkmu45pux.py\", line 14, in test_check\n    check(sum)\n  File \"/tmp/tmpkmu45pux.py\", line 9, in check\n    assert candidate(10, 15) == 6\n  File \"/tmp/tmpkmu45pux.py\", line 5, in sum\n    return sum_of_divisors(a) + sum_of_divisors(b)\nNameError: name 'sum_of_divisors' is not defined\n",
      "exit_code": 1,
      "status": "Exception"
    },
    {
      "program": "def sum(a: int, b: int) -> int:\n    \"\"\"\n\tWrite a python function to find the sum of common divisors of two given numbers.\n\t\"\"\"\n    pass\n\n\ndef check(candidate):\n    assert candidate(10, 15) == 6\n    assert candidate(100, 150) == 93\n    assert candidate(4, 6) == 3\n\ndef test_check():\n    check(sum)\n\ntest_check()\n",
      "timestamp": 1665509686,
      "stdout": "",
      "stderr": "Traceback (most recent call last):\n  File \"/tmp/tmp9r51u71e.py\", line 16, in <module>\n    test_check()\n  File \"/tmp/tmp9r51u71e.py\", line 14, in test_check\n    check(sum)\n  File \"/tmp/tmp9r51u71e.py\", line 9, in check\n    assert candidate(10, 15) == 6\nAssertionError\n",
      "exit_code": 1,
      "status": "Exception"
    },
    {
      "program": "def sum(a: int, b: int) -> int:\n    \"\"\"\n\tWrite a python function to find the sum of common divisors of two given numbers.\n\t\"\"\"\n    return a + b\n\n\ndef check(candidate):\n    assert candidate(10, 15) == 6\n    assert candidate(100, 150) == 93\n    assert candidate(4, 6) == 3\n\ndef test_check():\n    check(sum)\n\ntest_check()\n",
      "timestamp": 1665509686,
      "stdout": "",
      "stderr": "Traceback (most recent call last):\n  File \"/tmp/tmpp3m05o9v.py\", line 16, in <module>\n    test_check()\n  File \"/tmp/tmpp3m05o9v.py\", line 14, in test_check\n    check(sum)\n  File \"/tmp/tmpp3m05o9v.py\", line 9, in check\n    assert candidate(10, 15) == 6\nAssertionError\n",
      "exit_code": 1,
      "status": "Exception"
    },
    {
      "program": "def sum(a: int, b: int) -> int:\n    \"\"\"\n\tWrite a python function to find the sum of common divisors of two given numbers.\n\t\"\"\"\n    if a == b:\n        return a\n    elif a > b:\n        small = b\n    else:\n        small = a\n    sum = 0\n    for i in range(1, small + 1):\n        if a % i == 0 and b % i == 0:\n            sum = sum + i\n    return sum\n\n\ndef check(candidate):\n    assert candidate(10, 15) == 6\n    assert candidate(100, 150) == 93\n    assert candidate(4, 6) == 3\n\ndef test_check():\n    check(sum)\n\ntest_check()\n",
      "timestamp": 1666124221,
      "stdout": "",
      "stderr": "",
      "exit_code": 0,
      "status": "OK"
    },
    {
      "program": "def sum(a: int, b: int) -> int:\n    \"\"\"\n\tWrite a python function to find the sum of common divisors of two given numbers.\n\t\"\"\"\n    return sum_of_divisors(a) + sum_of_divisors(b)\n\n\ndef check(candidate):\n    assert candidate(10, 15) == 6\n    assert candidate(100, 150) == 93\n    assert candidate(4, 6) == 3\n\ndef test_check():\n    check(sum)\n\ntest_check()\n",
      "timestamp": 1666124220,
      "stdout": "",
      "stderr": "Traceback (most recent call last):\n  File \"/tmp/tmpkmu45pux.py\", line 16, in <module>\n    test_check()\n  File \"/tmp/tmpkmu45pux.py\", line 14, in test_check\n    check(sum)\n  File \"/tmp/tmpkmu45pux.py\", line 9, in check\n    assert candidate(10, 15) == 6\n  File \"/tmp/tmpkmu45pux.py\", line 5, in sum\n    return sum_of_divisors(a) + sum_of_divisors(b)\nNameError: name 'sum_of_divisors' is not defined\n",
      "exit_code": 1,
      "status": "Exception"
    },
    {
      "program": "def sum(a: int, b: int) -> int:\n    \"\"\"\n\tWrite a python function to find the sum of common divisors of two given numbers.\n\t\"\"\"\n    divisors = []\n    for i in range(1, min(a, b) + 1):\n        if a % i == 0 and b % i == 0:\n            divisors.append(i)\n    return sum(divisors)\n\n\ndef check(candidate):\n    assert candidate(10, 15) == 6\n    assert candidate(100, 150) == 93\n    assert candidate(4, 6) == 3\n\ndef test_check():\n    check(sum)\n\ntest_check()\n",
      "timestamp": 1665509686,
      "stdout": "",
      "stderr": "Traceback (most recent call last):\n  File \"/tmp/tmpjnbatcfc.py\", line 20, in <module>\n    test_check()\n  File \"/tmp/tmpjnbatcfc.py\", line 18, in test_check\n    check(sum)\n  File \"/tmp/tmpjnbatcfc.py\", line 13, in check\n    assert candidate(10, 15) == 6\n  File \"/tmp/tmpjnbatcfc.py\", line 9, in sum\n    return sum(divisors)\nTypeError: sum() missing 1 required positional argument: 'b'\n",
      "exit_code": 1,
      "status": "Exception"
    },
    {
      "program": "def sum(a: int, b: int) -> int:\n    \"\"\"\n\tWrite a python function to find the sum of common divisors of two given numbers.\n\t\"\"\"\n    return sum_of_common_divisors(a, b)\n\n\ndef check(candidate):\n    assert candidate(10, 15) == 6\n    assert candidate(100, 150) == 93\n    assert candidate(4, 6) == 3\n\ndef test_check():\n    check(sum)\n\ntest_check()\n",
      "timestamp": 1665509686,
      "stdout": "",
      "stderr": "Traceback (most recent call last):\n  File \"/tmp/tmpt3oc8sa_.py\", line 16, in <module>\n    test_check()\n  File \"/tmp/tmpt3oc8sa_.py\", line 14, in test_check\n    check(sum)\n  File \"/tmp/tmpt3oc8sa_.py\", line 9, in check\n    assert candidate(10, 15) == 6\n  File \"/tmp/tmpt3oc8sa_.py\", line 5, in sum\n    return sum_of_common_divisors(a, b)\nNameError: name 'sum_of_common_divisors' is not defined\n",
      "exit_code": 1,
      "status": "Exception"
    },
    {
      "program": "def sum(a: int, b: int) -> int:\n    \"\"\"\n\tWrite a python function to find the sum of common divisors of two given numbers.\n\t\"\"\"\n    divisors = []\n    for i in range(1, min(a, b) + 1):\n        if a % i == 0 and b % i == 0:\n            divisors.append(i)\n    return sum(divisors)\n\n\ndef check(candidate):\n    assert candidate(10, 15) == 6\n    assert candidate(100, 150) == 93\n    assert candidate(4, 6) == 3\n\ndef test_check():\n    check(sum)\n\ntest_check()\n",
      "timestamp": 1665509686,
      "stdout": "",
      "stderr": "Traceback (most recent call last):\n  File \"/tmp/tmpjnbatcfc.py\", line 20, in <module>\n    test_check()\n  File \"/tmp/tmpjnbatcfc.py\", line 18, in test_check\n    check(sum)\n  File \"/tmp/tmpjnbatcfc.py\", line 13, in check\n    assert candidate(10, 15) == 6\n  File \"/tmp/tmpjnbatcfc.py\", line 9, in sum\n    return sum(divisors)\nTypeError: sum() missing 1 required positional argument: 'b'\n",
      "exit_code": 1,
      "status": "Exception"
    },
    {
      "program": "def sum(a: int, b: int) -> int:\n    \"\"\"\n\tWrite a python function to find the sum of common divisors of two given numbers.\n\t\"\"\"\n    return sum(list(set(common_divisors(a)) & set(common_divisors(b))))\n\n\ndef check(candidate):\n    assert candidate(10, 15) == 6\n    assert candidate(100, 150) == 93\n    assert candidate(4, 6) == 3\n\ndef test_check():\n    check(sum)\n\ntest_check()\n",
      "timestamp": 1666124220,
      "stdout": "",
      "stderr": "Traceback (most recent call last):\n  File \"/tmp/tmpzml29lv2.py\", line 16, in <module>\n    test_check()\n  File \"/tmp/tmpzml29lv2.py\", line 14, in test_check\n    check(sum)\n  File \"/tmp/tmpzml29lv2.py\", line 9, in check\n    assert candidate(10, 15) == 6\n  File \"/tmp/tmpzml29lv2.py\", line 5, in sum\n    return sum(list(set(common_divisors(a)) & set(common_divisors(b))))\nNameError: name 'common_divisors' is not defined\n",
      "exit_code": 1,
      "status": "Exception"
    },
    {
      "program": "def sum(a: int, b: int) -> int:\n    \"\"\"\n\tWrite a python function to find the sum of common divisors of two given numbers.\n\t\"\"\"\n    return sum(list(set(factors(a)) & set(factors(b))))\n\n\ndef check(candidate):\n    assert candidate(10, 15) == 6\n    assert candidate(100, 150) == 93\n    assert candidate(4, 6) == 3\n\ndef test_check():\n    check(sum)\n\ntest_check()\n",
      "timestamp": 1666124221,
      "stdout": "",
      "stderr": "Traceback (most recent call last):\n  File \"/tmp/tmpk56nhp_n.py\", line 16, in <module>\n    test_check()\n  File \"/tmp/tmpk56nhp_n.py\", line 14, in test_check\n    check(sum)\n  File \"/tmp/tmpk56nhp_n.py\", line 9, in check\n    assert candidate(10, 15) == 6\n  File \"/tmp/tmpk56nhp_n.py\", line 5, in sum\n    return sum(list(set(factors(a)) & set(factors(b))))\nNameError: name 'factors' is not defined\n",
      "exit_code": 1,
      "status": "Exception"
    },
    {
      "program": "def sum(a: int, b: int) -> int:\n    \"\"\"\n\tWrite a python function to find the sum of common divisors of two given numbers.\n\t\"\"\"\n    divisors = []\n    for i in range(1, min(a, b) + 1):\n        if a % i == 0 and b % i == 0:\n            divisors.append(i)\n    return sum(divisors)\n\n\ndef check(candidate):\n    assert candidate(10, 15) == 6\n    assert candidate(100, 150) == 93\n    assert candidate(4, 6) == 3\n\ndef test_check():\n    check(sum)\n\ntest_check()\n",
      "timestamp": 1665509686,
      "stdout": "",
      "stderr": "Traceback (most recent call last):\n  File \"/tmp/tmpjnbatcfc.py\", line 20, in <module>\n    test_check()\n  File \"/tmp/tmpjnbatcfc.py\", line 18, in test_check\n    check(sum)\n  File \"/tmp/tmpjnbatcfc.py\", line 13, in check\n    assert candidate(10, 15) == 6\n  File \"/tmp/tmpjnbatcfc.py\", line 9, in sum\n    return sum(divisors)\nTypeError: sum() missing 1 required positional argument: 'b'\n",
      "exit_code": 1,
      "status": "Exception"
    },
    {
      "program": "def sum(a: int, b: int) -> int:\n    \"\"\"\n\tWrite a python function to find the sum of common divisors of two given numbers.\n\t\"\"\"\n    return sum_of_divisors(a) + sum_of_divisors(b)\n\n\ndef check(candidate):\n    assert candidate(10, 15) == 6\n    assert candidate(100, 150) == 93\n    assert candidate(4, 6) == 3\n\ndef test_check():\n    check(sum)\n\ntest_check()\n",
      "timestamp": 1666124220,
      "stdout": "",
      "stderr": "Traceback (most recent call last):\n  File \"/tmp/tmpkmu45pux.py\", line 16, in <module>\n    test_check()\n  File \"/tmp/tmpkmu45pux.py\", line 14, in test_check\n    check(sum)\n  File \"/tmp/tmpkmu45pux.py\", line 9, in check\n    assert candidate(10, 15) == 6\n  File \"/tmp/tmpkmu45pux.py\", line 5, in sum\n    return sum_of_divisors(a) + sum_of_divisors(b)\nNameError: name 'sum_of_divisors' is not defined\n",
      "exit_code": 1,
      "status": "Exception"
    },
    {
      "program": "def sum(a: int, b: int) -> int:\n    \"\"\"\n\tWrite a python function to find the sum of common divisors of two given numbers.\n\t\"\"\"\n    return sum_of_divisors(a) + sum_of_divisors(b)\n\n\ndef check(candidate):\n    assert candidate(10, 15) == 6\n    assert candidate(100, 150) == 93\n    assert candidate(4, 6) == 3\n\ndef test_check():\n    check(sum)\n\ntest_check()\n",
      "timestamp": 1666124220,
      "stdout": "",
      "stderr": "Traceback (most recent call last):\n  File \"/tmp/tmpkmu45pux.py\", line 16, in <module>\n    test_check()\n  File \"/tmp/tmpkmu45pux.py\", line 14, in test_check\n    check(sum)\n  File \"/tmp/tmpkmu45pux.py\", line 9, in check\n    assert candidate(10, 15) == 6\n  File \"/tmp/tmpkmu45pux.py\", line 5, in sum\n    return sum_of_divisors(a) + sum_of_divisors(b)\nNameError: name 'sum_of_divisors' is not defined\n",
      "exit_code": 1,
      "status": "Exception"
    },
    {
      "program": "def sum(a: int, b: int) -> int:\n    \"\"\"\n\tWrite a python function to find the sum of common divisors of two given numbers.\n\t\"\"\"\n    return a + b\n\n\ndef check(candidate):\n    assert candidate(10, 15) == 6\n    assert candidate(100, 150) == 93\n    assert candidate(4, 6) == 3\n\ndef test_check():\n    check(sum)\n\ntest_check()\n",
      "timestamp": 1665509686,
      "stdout": "",
      "stderr": "Traceback (most recent call last):\n  File \"/tmp/tmpp3m05o9v.py\", line 16, in <module>\n    test_check()\n  File \"/tmp/tmpp3m05o9v.py\", line 14, in test_check\n    check(sum)\n  File \"/tmp/tmpp3m05o9v.py\", line 9, in check\n    assert candidate(10, 15) == 6\nAssertionError\n",
      "exit_code": 1,
      "status": "Exception"
    },
    {
      "program": "def sum(a: int, b: int) -> int:\n    \"\"\"\n\tWrite a python function to find the sum of common divisors of two given numbers.\n\t\"\"\"\n    return a + b\n\n\ndef check(candidate):\n    assert candidate(10, 15) == 6\n    assert candidate(100, 150) == 93\n    assert candidate(4, 6) == 3\n\ndef test_check():\n    check(sum)\n\ntest_check()\n",
      "timestamp": 1665509686,
      "stdout": "",
      "stderr": "Traceback (most recent call last):\n  File \"/tmp/tmpp3m05o9v.py\", line 16, in <module>\n    test_check()\n  File \"/tmp/tmpp3m05o9v.py\", line 14, in test_check\n    check(sum)\n  File \"/tmp/tmpp3m05o9v.py\", line 9, in check\n    assert candidate(10, 15) == 6\nAssertionError\n",
      "exit_code": 1,
      "status": "Exception"
    },
    {
      "program": "def sum(a: int, b: int) -> int:\n    \"\"\"\n\tWrite a python function to find the sum of common divisors of two given numbers.\n\t\"\"\"\n    return sum(common_divisors(a, b))\n\n\ndef check(candidate):\n    assert candidate(10, 15) == 6\n    assert candidate(100, 150) == 93\n    assert candidate(4, 6) == 3\n\ndef test_check():\n    check(sum)\n\ntest_check()\n",
      "timestamp": 1665509686,
      "stdout": "",
      "stderr": "Traceback (most recent call last):\n  File \"/tmp/tmppuj0qai0.py\", line 16, in <module>\n    test_check()\n  File \"/tmp/tmppuj0qai0.py\", line 14, in test_check\n    check(sum)\n  File \"/tmp/tmppuj0qai0.py\", line 9, in check\n    assert candidate(10, 15) == 6\n  File \"/tmp/tmppuj0qai0.py\", line 5, in sum\n    return sum(common_divisors(a, b))\nNameError: name 'common_divisors' is not defined\n",
      "exit_code": 1,
      "status": "Exception"
    },
    {
      "program": "def sum(a: int, b: int) -> int:\n    \"\"\"\n\tWrite a python function to find the sum of common divisors of two given numbers.\n\t\"\"\"\n    return a + b\n\n\ndef check(candidate):\n    assert candidate(10, 15) == 6\n    assert candidate(100, 150) == 93\n    assert candidate(4, 6) == 3\n\ndef test_check():\n    check(sum)\n\ntest_check()\n",
      "timestamp": 1665509686,
      "stdout": "",
      "stderr": "Traceback (most recent call last):\n  File \"/tmp/tmpp3m05o9v.py\", line 16, in <module>\n    test_check()\n  File \"/tmp/tmpp3m05o9v.py\", line 14, in test_check\n    check(sum)\n  File \"/tmp/tmpp3m05o9v.py\", line 9, in check\n    assert candidate(10, 15) == 6\nAssertionError\n",
      "exit_code": 1,
      "status": "Exception"
    },
    {
      "program": "def sum(a: int, b: int) -> int:\n    \"\"\"\n\tWrite a python function to find the sum of common divisors of two given numbers.\n\t\"\"\"\n    return sum_of_divisors(a) + sum_of_divisors(b)\n\n\ndef check(candidate):\n    assert candidate(10, 15) == 6\n    assert candidate(100, 150) == 93\n    assert candidate(4, 6) == 3\n\ndef test_check():\n    check(sum)\n\ntest_check()\n",
      "timestamp": 1666124220,
      "stdout": "",
      "stderr": "Traceback (most recent call last):\n  File \"/tmp/tmpkmu45pux.py\", line 16, in <module>\n    test_check()\n  File \"/tmp/tmpkmu45pux.py\", line 14, in test_check\n    check(sum)\n  File \"/tmp/tmpkmu45pux.py\", line 9, in check\n    assert candidate(10, 15) == 6\n  File \"/tmp/tmpkmu45pux.py\", line 5, in sum\n    return sum_of_divisors(a) + sum_of_divisors(b)\nNameError: name 'sum_of_divisors' is not defined\n",
      "exit_code": 1,
      "status": "Exception"
    },
    {
      "program": "def sum(a: int, b: int) -> int:\n    \"\"\"\n\tWrite a python function to find the sum of common divisors of two given numbers.\n\t\"\"\"\n    return sum_of_divisors(a) + sum_of_divisors(b)\n\n\ndef check(candidate):\n    assert candidate(10, 15) == 6\n    assert candidate(100, 150) == 93\n    assert candidate(4, 6) == 3\n\ndef test_check():\n    check(sum)\n\ntest_check()\n",
      "timestamp": 1666124220,
      "stdout": "",
      "stderr": "Traceback (most recent call last):\n  File \"/tmp/tmpkmu45pux.py\", line 16, in <module>\n    test_check()\n  File \"/tmp/tmpkmu45pux.py\", line 14, in test_check\n    check(sum)\n  File \"/tmp/tmpkmu45pux.py\", line 9, in check\n    assert candidate(10, 15) == 6\n  File \"/tmp/tmpkmu45pux.py\", line 5, in sum\n    return sum_of_divisors(a) + sum_of_divisors(b)\nNameError: name 'sum_of_divisors' is not defined\n",
      "exit_code": 1,
      "status": "Exception"
    },
    {
      "program": "def sum(a: int, b: int) -> int:\n    \"\"\"\n\tWrite a python function to find the sum of common divisors of two given numbers.\n\t\"\"\"\n    divisors = []\n    for i in range(1, min(a, b) + 1):\n        if a % i == 0 and b % i == 0:\n            divisors.append(i)\n    return sum(divisors)\n\n\ndef check(candidate):\n    assert candidate(10, 15) == 6\n    assert candidate(100, 150) == 93\n    assert candidate(4, 6) == 3\n\ndef test_check():\n    check(sum)\n\ntest_check()\n",
      "timestamp": 1665509686,
      "stdout": "",
      "stderr": "Traceback (most recent call last):\n  File \"/tmp/tmpjnbatcfc.py\", line 20, in <module>\n    test_check()\n  File \"/tmp/tmpjnbatcfc.py\", line 18, in test_check\n    check(sum)\n  File \"/tmp/tmpjnbatcfc.py\", line 13, in check\n    assert candidate(10, 15) == 6\n  File \"/tmp/tmpjnbatcfc.py\", line 9, in sum\n    return sum(divisors)\nTypeError: sum() missing 1 required positional argument: 'b'\n",
      "exit_code": 1,
      "status": "Exception"
    },
    {
      "program": "def sum(a: int, b: int) -> int:\n    \"\"\"\n\tWrite a python function to find the sum of common divisors of two given numbers.\n\t\"\"\"\n    return a + b\n\n\ndef check(candidate):\n    assert candidate(10, 15) == 6\n    assert candidate(100, 150) == 93\n    assert candidate(4, 6) == 3\n\ndef test_check():\n    check(sum)\n\ntest_check()\n",
      "timestamp": 1665509686,
      "stdout": "",
      "stderr": "Traceback (most recent call last):\n  File \"/tmp/tmpp3m05o9v.py\", line 16, in <module>\n    test_check()\n  File \"/tmp/tmpp3m05o9v.py\", line 14, in test_check\n    check(sum)\n  File \"/tmp/tmpp3m05o9v.py\", line 9, in check\n    assert candidate(10, 15) == 6\nAssertionError\n",
      "exit_code": 1,
      "status": "Exception"
    },
    {
      "program": "def sum(a: int, b: int) -> int:\n    \"\"\"\n\tWrite a python function to find the sum of common divisors of two given numbers.\n\t\"\"\"\n    return sum_of_common_divisors(a, b)\n\n\ndef check(candidate):\n    assert candidate(10, 15) == 6\n    assert candidate(100, 150) == 93\n    assert candidate(4, 6) == 3\n\ndef test_check():\n    check(sum)\n\ntest_check()\n",
      "timestamp": 1665509686,
      "stdout": "",
      "stderr": "Traceback (most recent call last):\n  File \"/tmp/tmpt3oc8sa_.py\", line 16, in <module>\n    test_check()\n  File \"/tmp/tmpt3oc8sa_.py\", line 14, in test_check\n    check(sum)\n  File \"/tmp/tmpt3oc8sa_.py\", line 9, in check\n    assert candidate(10, 15) == 6\n  File \"/tmp/tmpt3oc8sa_.py\", line 5, in sum\n    return sum_of_common_divisors(a, b)\nNameError: name 'sum_of_common_divisors' is not defined\n",
      "exit_code": 1,
      "status": "Exception"
    },
    {
      "program": "def sum(a: int, b: int) -> int:\n    \"\"\"\n\tWrite a python function to find the sum of common divisors of two given numbers.\n\t\"\"\"\n    return sum_of_divisors(a) + sum_of_divisors(b)\n\n\ndef check(candidate):\n    assert candidate(10, 15) == 6\n    assert candidate(100, 150) == 93\n    assert candidate(4, 6) == 3\n\ndef test_check():\n    check(sum)\n\ntest_check()\n",
      "timestamp": 1666124220,
      "stdout": "",
      "stderr": "Traceback (most recent call last):\n  File \"/tmp/tmpkmu45pux.py\", line 16, in <module>\n    test_check()\n  File \"/tmp/tmpkmu45pux.py\", line 14, in test_check\n    check(sum)\n  File \"/tmp/tmpkmu45pux.py\", line 9, in check\n    assert candidate(10, 15) == 6\n  File \"/tmp/tmpkmu45pux.py\", line 5, in sum\n    return sum_of_divisors(a) + sum_of_divisors(b)\nNameError: name 'sum_of_divisors' is not defined\n",
      "exit_code": 1,
      "status": "Exception"
    },
    {
      "program": "def sum(a: int, b: int) -> int:\n    \"\"\"\n\tWrite a python function to find the sum of common divisors of two given numbers.\n\t\"\"\"\n    divisors = []\n    for i in range(1, min(a, b) + 1):\n        if a % i == 0 and b % i == 0:\n            divisors.append(i)\n    return sum(divisors)\n\n\ndef check(candidate):\n    assert candidate(10, 15) == 6\n    assert candidate(100, 150) == 93\n    assert candidate(4, 6) == 3\n\ndef test_check():\n    check(sum)\n\ntest_check()\n",
      "timestamp": 1665509686,
      "stdout": "",
      "stderr": "Traceback (most recent call last):\n  File \"/tmp/tmpjnbatcfc.py\", line 20, in <module>\n    test_check()\n  File \"/tmp/tmpjnbatcfc.py\", line 18, in test_check\n    check(sum)\n  File \"/tmp/tmpjnbatcfc.py\", line 13, in check\n    assert candidate(10, 15) == 6\n  File \"/tmp/tmpjnbatcfc.py\", line 9, in sum\n    return sum(divisors)\nTypeError: sum() missing 1 required positional argument: 'b'\n",
      "exit_code": 1,
      "status": "Exception"
    },
    {
      "program": "def sum(a: int, b: int) -> int:\n    \"\"\"\n\tWrite a python function to find the sum of common divisors of two given numbers.\n\t\"\"\"\n    return sum(get_common_divisors(a, b))\n\n\ndef check(candidate):\n    assert candidate(10, 15) == 6\n    assert candidate(100, 150) == 93\n    assert candidate(4, 6) == 3\n\ndef test_check():\n    check(sum)\n\ntest_check()\n",
      "timestamp": 1666124220,
      "stdout": "",
      "stderr": "Traceback (most recent call last):\n  File \"/tmp/tmp0jxsmwnr.py\", line 16, in <module>\n    test_check()\n  File \"/tmp/tmp0jxsmwnr.py\", line 14, in test_check\n    check(sum)\n  File \"/tmp/tmp0jxsmwnr.py\", line 9, in check\n    assert candidate(10, 15) == 6\n  File \"/tmp/tmp0jxsmwnr.py\", line 5, in sum\n    return sum(get_common_divisors(a, b))\nNameError: name 'get_common_divisors' is not defined\n",
      "exit_code": 1,
      "status": "Exception"
    },
    {
      "program": "def sum(a: int, b: int) -> int:\n    \"\"\"\n\tWrite a python function to find the sum of common divisors of two given numbers.\n\t\"\"\"\n    return sum(list(set(divisors(a)) & set(divisors(b))))\n\n\ndef check(candidate):\n    assert candidate(10, 15) == 6\n    assert candidate(100, 150) == 93\n    assert candidate(4, 6) == 3\n\ndef test_check():\n    check(sum)\n\ntest_check()\n",
      "timestamp": 1665509686,
      "stdout": "",
      "stderr": "Traceback (most recent call last):\n  File \"/tmp/tmpqxly4fgg.py\", line 16, in <module>\n    test_check()\n  File \"/tmp/tmpqxly4fgg.py\", line 14, in test_check\n    check(sum)\n  File \"/tmp/tmpqxly4fgg.py\", line 9, in check\n    assert candidate(10, 15) == 6\n  File \"/tmp/tmpqxly4fgg.py\", line 5, in sum\n    return sum(list(set(divisors(a)) & set(divisors(b))))\nNameError: name 'divisors' is not defined\n",
      "exit_code": 1,
      "status": "Exception"
    },
    {
      "program": "def sum(a: int, b: int) -> int:\n    \"\"\"\n\tWrite a python function to find the sum of common divisors of two given numbers.\n\t\"\"\"\n    return sum_of_common_divisors(a, b)\n\n\ndef check(candidate):\n    assert candidate(10, 15) == 6\n    assert candidate(100, 150) == 93\n    assert candidate(4, 6) == 3\n\ndef test_check():\n    check(sum)\n\ntest_check()\n",
      "timestamp": 1665509686,
      "stdout": "",
      "stderr": "Traceback (most recent call last):\n  File \"/tmp/tmpt3oc8sa_.py\", line 16, in <module>\n    test_check()\n  File \"/tmp/tmpt3oc8sa_.py\", line 14, in test_check\n    check(sum)\n  File \"/tmp/tmpt3oc8sa_.py\", line 9, in check\n    assert candidate(10, 15) == 6\n  File \"/tmp/tmpt3oc8sa_.py\", line 5, in sum\n    return sum_of_common_divisors(a, b)\nNameError: name 'sum_of_common_divisors' is not defined\n",
      "exit_code": 1,
      "status": "Exception"
    },
    {
      "program": "def sum(a: int, b: int) -> int:\n    \"\"\"\n\tWrite a python function to find the sum of common divisors of two given numbers.\n\t\"\"\"\n    if a == 0 or b == 0:\n        return 0\n    else:\n        return a + b\n\n\ndef check(candidate):\n    assert candidate(10, 15) == 6\n    assert candidate(100, 150) == 93\n    assert candidate(4, 6) == 3\n\ndef test_check():\n    check(sum)\n\ntest_check()\n",
      "timestamp": 1666124220,
      "stdout": "",
      "stderr": "Traceback (most recent call last):\n  File \"/tmp/tmpy3vc6gsk.py\", line 19, in <module>\n    test_check()\n  File \"/tmp/tmpy3vc6gsk.py\", line 17, in test_check\n    check(sum)\n  File \"/tmp/tmpy3vc6gsk.py\", line 12, in check\n    assert candidate(10, 15) == 6\nAssertionError\n",
      "exit_code": 1,
      "status": "Exception"
    },
    {
      "program": "def sum(a: int, b: int) -> int:\n    \"\"\"\n\tWrite a python function to find the sum of common divisors of two given numbers.\n\t\"\"\"\n    return sum_of_common_divisors(a, b)\n\n\ndef check(candidate):\n    assert candidate(10, 15) == 6\n    assert candidate(100, 150) == 93\n    assert candidate(4, 6) == 3\n\ndef test_check():\n    check(sum)\n\ntest_check()\n",
      "timestamp": 1665509686,
      "stdout": "",
      "stderr": "Traceback (most recent call last):\n  File \"/tmp/tmpt3oc8sa_.py\", line 16, in <module>\n    test_check()\n  File \"/tmp/tmpt3oc8sa_.py\", line 14, in test_check\n    check(sum)\n  File \"/tmp/tmpt3oc8sa_.py\", line 9, in check\n    assert candidate(10, 15) == 6\n  File \"/tmp/tmpt3oc8sa_.py\", line 5, in sum\n    return sum_of_common_divisors(a, b)\nNameError: name 'sum_of_common_divisors' is not defined\n",
      "exit_code": 1,
      "status": "Exception"
    },
    {
      "program": "def sum(a: int, b: int) -> int:\n    \"\"\"\n\tWrite a python function to find the sum of common divisors of two given numbers.\n\t\"\"\"\n    return sum(list(set(divisors(a)) & set(divisors(b))))\n\n\ndef check(candidate):\n    assert candidate(10, 15) == 6\n    assert candidate(100, 150) == 93\n    assert candidate(4, 6) == 3\n\ndef test_check():\n    check(sum)\n\ntest_check()\n",
      "timestamp": 1665509686,
      "stdout": "",
      "stderr": "Traceback (most recent call last):\n  File \"/tmp/tmpqxly4fgg.py\", line 16, in <module>\n    test_check()\n  File \"/tmp/tmpqxly4fgg.py\", line 14, in test_check\n    check(sum)\n  File \"/tmp/tmpqxly4fgg.py\", line 9, in check\n    assert candidate(10, 15) == 6\n  File \"/tmp/tmpqxly4fgg.py\", line 5, in sum\n    return sum(list(set(divisors(a)) & set(divisors(b))))\nNameError: name 'divisors' is not defined\n",
      "exit_code": 1,
      "status": "Exception"
    },
    {
      "program": "def sum(a: int, b: int) -> int:\n    \"\"\"\n\tWrite a python function to find the sum of common divisors of two given numbers.\n\t\"\"\"\n    return sum_of_common_divisors(a, b)\n\n\ndef check(candidate):\n    assert candidate(10, 15) == 6\n    assert candidate(100, 150) == 93\n    assert candidate(4, 6) == 3\n\ndef test_check():\n    check(sum)\n\ntest_check()\n",
      "timestamp": 1665509686,
      "stdout": "",
      "stderr": "Traceback (most recent call last):\n  File \"/tmp/tmpt3oc8sa_.py\", line 16, in <module>\n    test_check()\n  File \"/tmp/tmpt3oc8sa_.py\", line 14, in test_check\n    check(sum)\n  File \"/tmp/tmpt3oc8sa_.py\", line 9, in check\n    assert candidate(10, 15) == 6\n  File \"/tmp/tmpt3oc8sa_.py\", line 5, in sum\n    return sum_of_common_divisors(a, b)\nNameError: name 'sum_of_common_divisors' is not defined\n",
      "exit_code": 1,
      "status": "Exception"
    },
    {
      "program": "def sum(a: int, b: int) -> int:\n    \"\"\"\n\tWrite a python function to find the sum of common divisors of two given numbers.\n\t\"\"\"\n    return a + b\n\n\ndef check(candidate):\n    assert candidate(10, 15) == 6\n    assert candidate(100, 150) == 93\n    assert candidate(4, 6) == 3\n\ndef test_check():\n    check(sum)\n\ntest_check()\n",
      "timestamp": 1665509686,
      "stdout": "",
      "stderr": "Traceback (most recent call last):\n  File \"/tmp/tmpp3m05o9v.py\", line 16, in <module>\n    test_check()\n  File \"/tmp/tmpp3m05o9v.py\", line 14, in test_check\n    check(sum)\n  File \"/tmp/tmpp3m05o9v.py\", line 9, in check\n    assert candidate(10, 15) == 6\nAssertionError\n",
      "exit_code": 1,
      "status": "Exception"
    },
    {
      "program": "def sum(a: int, b: int) -> int:\n    \"\"\"\n\tWrite a python function to find the sum of common divisors of two given numbers.\n\t\"\"\"\n    return a + b\n\n\ndef check(candidate):\n    assert candidate(10, 15) == 6\n    assert candidate(100, 150) == 93\n    assert candidate(4, 6) == 3\n\ndef test_check():\n    check(sum)\n\ntest_check()\n",
      "timestamp": 1665509686,
      "stdout": "",
      "stderr": "Traceback (most recent call last):\n  File \"/tmp/tmpp3m05o9v.py\", line 16, in <module>\n    test_check()\n  File \"/tmp/tmpp3m05o9v.py\", line 14, in test_check\n    check(sum)\n  File \"/tmp/tmpp3m05o9v.py\", line 9, in check\n    assert candidate(10, 15) == 6\nAssertionError\n",
      "exit_code": 1,
      "status": "Exception"
    },
    {
      "program": "def sum(a: int, b: int) -> int:\n    \"\"\"\n\tWrite a python function to find the sum of common divisors of two given numbers.\n\t\"\"\"\n    return sum_of_common_divisors(a, b)\n\n\ndef check(candidate):\n    assert candidate(10, 15) == 6\n    assert candidate(100, 150) == 93\n    assert candidate(4, 6) == 3\n\ndef test_check():\n    check(sum)\n\ntest_check()\n",
      "timestamp": 1665509686,
      "stdout": "",
      "stderr": "Traceback (most recent call last):\n  File \"/tmp/tmpt3oc8sa_.py\", line 16, in <module>\n    test_check()\n  File \"/tmp/tmpt3oc8sa_.py\", line 14, in test_check\n    check(sum)\n  File \"/tmp/tmpt3oc8sa_.py\", line 9, in check\n    assert candidate(10, 15) == 6\n  File \"/tmp/tmpt3oc8sa_.py\", line 5, in sum\n    return sum_of_common_divisors(a, b)\nNameError: name 'sum_of_common_divisors' is not defined\n",
      "exit_code": 1,
      "status": "Exception"
    },
    {
      "program": "def sum(a: int, b: int) -> int:\n    \"\"\"\n\tWrite a python function to find the sum of common divisors of two given numbers.\n\t\"\"\"\n    if a == 0 or b == 0:\n        return 0\n    if a == b:\n        return a\n    if a > b:\n        return sum(a - b, b)\n    return sum(a, b - a)\n\n\ndef check(candidate):\n    assert candidate(10, 15) == 6\n    assert candidate(100, 150) == 93\n    assert candidate(4, 6) == 3\n\ndef test_check():\n    check(sum)\n\ntest_check()\n",
      "timestamp": 1666124221,
      "stdout": "",
      "stderr": "Traceback (most recent call last):\n  File \"/tmp/tmpn3yrh_n6.py\", line 22, in <module>\n    test_check()\n  File \"/tmp/tmpn3yrh_n6.py\", line 20, in test_check\n    check(sum)\n  File \"/tmp/tmpn3yrh_n6.py\", line 15, in check\n    assert candidate(10, 15) == 6\nAssertionError\n",
      "exit_code": 1,
      "status": "Exception"
    },
    {
      "program": "def sum(a: int, b: int) -> int:\n    \"\"\"\n\tWrite a python function to find the sum of common divisors of two given numbers.\n\t\"\"\"\n    return a + b\n\n\ndef check(candidate):\n    assert candidate(10, 15) == 6\n    assert candidate(100, 150) == 93\n    assert candidate(4, 6) == 3\n\ndef test_check():\n    check(sum)\n\ntest_check()\n",
      "timestamp": 1665509686,
      "stdout": "",
      "stderr": "Traceback (most recent call last):\n  File \"/tmp/tmpp3m05o9v.py\", line 16, in <module>\n    test_check()\n  File \"/tmp/tmpp3m05o9v.py\", line 14, in test_check\n    check(sum)\n  File \"/tmp/tmpp3m05o9v.py\", line 9, in check\n    assert candidate(10, 15) == 6\nAssertionError\n",
      "exit_code": 1,
      "status": "Exception"
    },
    {
      "program": "def sum(a: int, b: int) -> int:\n    \"\"\"\n\tWrite a python function to find the sum of common divisors of two given numbers.\n\t\"\"\"\n    divisors = []\n    for i in range(1, min(a, b) + 1):\n        if a % i == 0 and b % i == 0:\n            divisors.append(i)\n    return sum(divisors)\n\n\ndef check(candidate):\n    assert candidate(10, 15) == 6\n    assert candidate(100, 150) == 93\n    assert candidate(4, 6) == 3\n\ndef test_check():\n    check(sum)\n\ntest_check()\n",
      "timestamp": 1665509686,
      "stdout": "",
      "stderr": "Traceback (most recent call last):\n  File \"/tmp/tmpjnbatcfc.py\", line 20, in <module>\n    test_check()\n  File \"/tmp/tmpjnbatcfc.py\", line 18, in test_check\n    check(sum)\n  File \"/tmp/tmpjnbatcfc.py\", line 13, in check\n    assert candidate(10, 15) == 6\n  File \"/tmp/tmpjnbatcfc.py\", line 9, in sum\n    return sum(divisors)\nTypeError: sum() missing 1 required positional argument: 'b'\n",
      "exit_code": 1,
      "status": "Exception"
    },
    {
      "program": "def sum(a: int, b: int) -> int:\n    \"\"\"\n\tWrite a python function to find the sum of common divisors of two given numbers.\n\t\"\"\"\n    return a + b\n\n\ndef check(candidate):\n    assert candidate(10, 15) == 6\n    assert candidate(100, 150) == 93\n    assert candidate(4, 6) == 3\n\ndef test_check():\n    check(sum)\n\ntest_check()\n",
      "timestamp": 1665509686,
      "stdout": "",
      "stderr": "Traceback (most recent call last):\n  File \"/tmp/tmpp3m05o9v.py\", line 16, in <module>\n    test_check()\n  File \"/tmp/tmpp3m05o9v.py\", line 14, in test_check\n    check(sum)\n  File \"/tmp/tmpp3m05o9v.py\", line 9, in check\n    assert candidate(10, 15) == 6\nAssertionError\n",
      "exit_code": 1,
      "status": "Exception"
    },
    {
      "program": "def sum(a: int, b: int) -> int:\n    \"\"\"\n\tWrite a python function to find the sum of common divisors of two given numbers.\n\t\"\"\"\n    return sum(list(set(common_divisors(a)) & set(common_divisors(b))))\n\n\ndef check(candidate):\n    assert candidate(10, 15) == 6\n    assert candidate(100, 150) == 93\n    assert candidate(4, 6) == 3\n\ndef test_check():\n    check(sum)\n\ntest_check()\n",
      "timestamp": 1666124220,
      "stdout": "",
      "stderr": "Traceback (most recent call last):\n  File \"/tmp/tmpzml29lv2.py\", line 16, in <module>\n    test_check()\n  File \"/tmp/tmpzml29lv2.py\", line 14, in test_check\n    check(sum)\n  File \"/tmp/tmpzml29lv2.py\", line 9, in check\n    assert candidate(10, 15) == 6\n  File \"/tmp/tmpzml29lv2.py\", line 5, in sum\n    return sum(list(set(common_divisors(a)) & set(common_divisors(b))))\nNameError: name 'common_divisors' is not defined\n",
      "exit_code": 1,
      "status": "Exception"
    },
    {
      "program": "def sum(a: int, b: int) -> int:\n    \"\"\"\n\tWrite a python function to find the sum of common divisors of two given numbers.\n\t\"\"\"\n    return a + b\n\n\ndef check(candidate):\n    assert candidate(10, 15) == 6\n    assert candidate(100, 150) == 93\n    assert candidate(4, 6) == 3\n\ndef test_check():\n    check(sum)\n\ntest_check()\n",
      "timestamp": 1665509686,
      "stdout": "",
      "stderr": "Traceback (most recent call last):\n  File \"/tmp/tmpp3m05o9v.py\", line 16, in <module>\n    test_check()\n  File \"/tmp/tmpp3m05o9v.py\", line 14, in test_check\n    check(sum)\n  File \"/tmp/tmpp3m05o9v.py\", line 9, in check\n    assert candidate(10, 15) == 6\nAssertionError\n",
      "exit_code": 1,
      "status": "Exception"
    },
    {
      "program": "def sum(a: int, b: int) -> int:\n    \"\"\"\n\tWrite a python function to find the sum of common divisors of two given numbers.\n\t\"\"\"\n    sum = 0\n    for i in range(1, min(a, b) + 1):\n        if a % i == 0 and b % i == 0:\n            sum += i\n    return sum\n\n\ndef check(candidate):\n    assert candidate(10, 15) == 6\n    assert candidate(100, 150) == 93\n    assert candidate(4, 6) == 3\n\ndef test_check():\n    check(sum)\n\ntest_check()\n",
      "timestamp": 1666124220,
      "stdout": "",
      "stderr": "",
      "exit_code": 0,
      "status": "OK"
    },
    {
      "program": "def sum(a: int, b: int) -> int:\n    \"\"\"\n\tWrite a python function to find the sum of common divisors of two given numbers.\n\t\"\"\"\n    return a + b\n\n\ndef check(candidate):\n    assert candidate(10, 15) == 6\n    assert candidate(100, 150) == 93\n    assert candidate(4, 6) == 3\n\ndef test_check():\n    check(sum)\n\ntest_check()\n",
      "timestamp": 1665509686,
      "stdout": "",
      "stderr": "Traceback (most recent call last):\n  File \"/tmp/tmpp3m05o9v.py\", line 16, in <module>\n    test_check()\n  File \"/tmp/tmpp3m05o9v.py\", line 14, in test_check\n    check(sum)\n  File \"/tmp/tmpp3m05o9v.py\", line 9, in check\n    assert candidate(10, 15) == 6\nAssertionError\n",
      "exit_code": 1,
      "status": "Exception"
    },
    {
      "program": "def sum(a: int, b: int) -> int:\n    \"\"\"\n\tWrite a python function to find the sum of common divisors of two given numbers.\n\t\"\"\"\n    return sum(common_divisors(a, b))\n\n\ndef check(candidate):\n    assert candidate(10, 15) == 6\n    assert candidate(100, 150) == 93\n    assert candidate(4, 6) == 3\n\ndef test_check():\n    check(sum)\n\ntest_check()\n",
      "timestamp": 1665509686,
      "stdout": "",
      "stderr": "Traceback (most recent call last):\n  File \"/tmp/tmppuj0qai0.py\", line 16, in <module>\n    test_check()\n  File \"/tmp/tmppuj0qai0.py\", line 14, in test_check\n    check(sum)\n  File \"/tmp/tmppuj0qai0.py\", line 9, in check\n    assert candidate(10, 15) == 6\n  File \"/tmp/tmppuj0qai0.py\", line 5, in sum\n    return sum(common_divisors(a, b))\nNameError: name 'common_divisors' is not defined\n",
      "exit_code": 1,
      "status": "Exception"
    },
    {
      "program": "def sum(a: int, b: int) -> int:\n    \"\"\"\n\tWrite a python function to find the sum of common divisors of two given numbers.\n\t\"\"\"\n    return a + b\n\n\ndef check(candidate):\n    assert candidate(10, 15) == 6\n    assert candidate(100, 150) == 93\n    assert candidate(4, 6) == 3\n\ndef test_check():\n    check(sum)\n\ntest_check()\n",
      "timestamp": 1665509686,
      "stdout": "",
      "stderr": "Traceback (most recent call last):\n  File \"/tmp/tmpp3m05o9v.py\", line 16, in <module>\n    test_check()\n  File \"/tmp/tmpp3m05o9v.py\", line 14, in test_check\n    check(sum)\n  File \"/tmp/tmpp3m05o9v.py\", line 9, in check\n    assert candidate(10, 15) == 6\nAssertionError\n",
      "exit_code": 1,
      "status": "Exception"
    },
    {
      "program": "def sum(a: int, b: int) -> int:\n    \"\"\"\n\tWrite a python function to find the sum of common divisors of two given numbers.\n\t\"\"\"\n    divisors_a = []\n    divisors_b = []\n    for i in range(1, a + 1):\n        if a % i == 0:\n            divisors_a.append(i)\n    for i in range(1, b + 1):\n        if b % i == 0:\n            divisors_b.append(i)\n    common_divisors = list(set(divisors_a).intersection(divisors_b))\n    return sum(common_divisors)\n\n\ndef check(candidate):\n    assert candidate(10, 15) == 6\n    assert candidate(100, 150) == 93\n    assert candidate(4, 6) == 3\n\ndef test_check():\n    check(sum)\n\ntest_check()\n",
      "timestamp": 1666124221,
      "stdout": "",
      "stderr": "Traceback (most recent call last):\n  File \"/tmp/tmpr94fhr2b.py\", line 25, in <module>\n    test_check()\n  File \"/tmp/tmpr94fhr2b.py\", line 23, in test_check\n    check(sum)\n  File \"/tmp/tmpr94fhr2b.py\", line 18, in check\n    assert candidate(10, 15) == 6\n  File \"/tmp/tmpr94fhr2b.py\", line 14, in sum\n    return sum(common_divisors)\nTypeError: sum() missing 1 required positional argument: 'b'\n",
      "exit_code": 1,
      "status": "Exception"
    },
    {
      "program": "def sum(a: int, b: int) -> int:\n    \"\"\"\n\tWrite a python function to find the sum of common divisors of two given numbers.\n\t\"\"\"\n    divisors = []\n    for i in range(1, min(a, b) + 1):\n        if a % i == 0 and b % i == 0:\n            divisors.append(i)\n    return sum(divisors)\n\n\ndef check(candidate):\n    assert candidate(10, 15) == 6\n    assert candidate(100, 150) == 93\n    assert candidate(4, 6) == 3\n\ndef test_check():\n    check(sum)\n\ntest_check()\n",
      "timestamp": 1665509686,
      "stdout": "",
      "stderr": "Traceback (most recent call last):\n  File \"/tmp/tmpjnbatcfc.py\", line 20, in <module>\n    test_check()\n  File \"/tmp/tmpjnbatcfc.py\", line 18, in test_check\n    check(sum)\n  File \"/tmp/tmpjnbatcfc.py\", line 13, in check\n    assert candidate(10, 15) == 6\n  File \"/tmp/tmpjnbatcfc.py\", line 9, in sum\n    return sum(divisors)\nTypeError: sum() missing 1 required positional argument: 'b'\n",
      "exit_code": 1,
      "status": "Exception"
    },
    {
      "program": "def sum(a: int, b: int) -> int:\n    \"\"\"\n\tWrite a python function to find the sum of common divisors of two given numbers.\n\t\"\"\"\n    return sum_of_common_divisors(a, b)\n\n\ndef check(candidate):\n    assert candidate(10, 15) == 6\n    assert candidate(100, 150) == 93\n    assert candidate(4, 6) == 3\n\ndef test_check():\n    check(sum)\n\ntest_check()\n",
      "timestamp": 1665509686,
      "stdout": "",
      "stderr": "Traceback (most recent call last):\n  File \"/tmp/tmpt3oc8sa_.py\", line 16, in <module>\n    test_check()\n  File \"/tmp/tmpt3oc8sa_.py\", line 14, in test_check\n    check(sum)\n  File \"/tmp/tmpt3oc8sa_.py\", line 9, in check\n    assert candidate(10, 15) == 6\n  File \"/tmp/tmpt3oc8sa_.py\", line 5, in sum\n    return sum_of_common_divisors(a, b)\nNameError: name 'sum_of_common_divisors' is not defined\n",
      "exit_code": 1,
      "status": "Exception"
    },
    {
      "program": "def sum(a: int, b: int) -> int:\n    \"\"\"\n\tWrite a python function to find the sum of common divisors of two given numbers.\n\t\"\"\"\n    return sum(list(set(divisors(a)) & set(divisors(b))))\n\n\ndef check(candidate):\n    assert candidate(10, 15) == 6\n    assert candidate(100, 150) == 93\n    assert candidate(4, 6) == 3\n\ndef test_check():\n    check(sum)\n\ntest_check()\n",
      "timestamp": 1665509686,
      "stdout": "",
      "stderr": "Traceback (most recent call last):\n  File \"/tmp/tmpqxly4fgg.py\", line 16, in <module>\n    test_check()\n  File \"/tmp/tmpqxly4fgg.py\", line 14, in test_check\n    check(sum)\n  File \"/tmp/tmpqxly4fgg.py\", line 9, in check\n    assert candidate(10, 15) == 6\n  File \"/tmp/tmpqxly4fgg.py\", line 5, in sum\n    return sum(list(set(divisors(a)) & set(divisors(b))))\nNameError: name 'divisors' is not defined\n",
      "exit_code": 1,
      "status": "Exception"
    },
    {
      "program": "def sum(a: int, b: int) -> int:\n    \"\"\"\n\tWrite a python function to find the sum of common divisors of two given numbers.\n\t\"\"\"\n    return sum_of_divisors(a) + sum_of_divisors(b)\n\n\ndef check(candidate):\n    assert candidate(10, 15) == 6\n    assert candidate(100, 150) == 93\n    assert candidate(4, 6) == 3\n\ndef test_check():\n    check(sum)\n\ntest_check()\n",
      "timestamp": 1666124220,
      "stdout": "",
      "stderr": "Traceback (most recent call last):\n  File \"/tmp/tmpkmu45pux.py\", line 16, in <module>\n    test_check()\n  File \"/tmp/tmpkmu45pux.py\", line 14, in test_check\n    check(sum)\n  File \"/tmp/tmpkmu45pux.py\", line 9, in check\n    assert candidate(10, 15) == 6\n  File \"/tmp/tmpkmu45pux.py\", line 5, in sum\n    return sum_of_divisors(a) + sum_of_divisors(b)\nNameError: name 'sum_of_divisors' is not defined\n",
      "exit_code": 1,
      "status": "Exception"
    },
    {
      "program": "def sum(a: int, b: int) -> int:\n    \"\"\"\n\tWrite a python function to find the sum of common divisors of two given numbers.\n\t\"\"\"\n    divisors_a = []\n    divisors_b = []\n    for i in range(1, a + 1):\n        if a % i == 0:\n            divisors_a.append(i)\n    for i in range(1, b + 1):\n        if b % i == 0:\n            divisors_b.append(i)\n    common_divisors = list(set(divisors_a).intersection(divisors_b))\n    return sum(common_divisors)\n\n\ndef check(candidate):\n    assert candidate(10, 15) == 6\n    assert candidate(100, 150) == 93\n    assert candidate(4, 6) == 3\n\ndef test_check():\n    check(sum)\n\ntest_check()\n",
      "timestamp": 1666124221,
      "stdout": "",
      "stderr": "Traceback (most recent call last):\n  File \"/tmp/tmpr94fhr2b.py\", line 25, in <module>\n    test_check()\n  File \"/tmp/tmpr94fhr2b.py\", line 23, in test_check\n    check(sum)\n  File \"/tmp/tmpr94fhr2b.py\", line 18, in check\n    assert candidate(10, 15) == 6\n  File \"/tmp/tmpr94fhr2b.py\", line 14, in sum\n    return sum(common_divisors)\nTypeError: sum() missing 1 required positional argument: 'b'\n",
      "exit_code": 1,
      "status": "Exception"
    },
    {
      "program": "def sum(a: int, b: int) -> int:\n    \"\"\"\n\tWrite a python function to find the sum of common divisors of two given numbers.\n\t\"\"\"\n    return a + b\n\n\ndef check(candidate):\n    assert candidate(10, 15) == 6\n    assert candidate(100, 150) == 93\n    assert candidate(4, 6) == 3\n\ndef test_check():\n    check(sum)\n\ntest_check()\n",
      "timestamp": 1665509686,
      "stdout": "",
      "stderr": "Traceback (most recent call last):\n  File \"/tmp/tmpp3m05o9v.py\", line 16, in <module>\n    test_check()\n  File \"/tmp/tmpp3m05o9v.py\", line 14, in test_check\n    check(sum)\n  File \"/tmp/tmpp3m05o9v.py\", line 9, in check\n    assert candidate(10, 15) == 6\nAssertionError\n",
      "exit_code": 1,
      "status": "Exception"
    },
    {
      "program": "def sum(a: int, b: int) -> int:\n    \"\"\"\n\tWrite a python function to find the sum of common divisors of two given numbers.\n\t\"\"\"\n    return a + b\n\n\ndef check(candidate):\n    assert candidate(10, 15) == 6\n    assert candidate(100, 150) == 93\n    assert candidate(4, 6) == 3\n\ndef test_check():\n    check(sum)\n\ntest_check()\n",
      "timestamp": 1665509686,
      "stdout": "",
      "stderr": "Traceback (most recent call last):\n  File \"/tmp/tmpp3m05o9v.py\", line 16, in <module>\n    test_check()\n  File \"/tmp/tmpp3m05o9v.py\", line 14, in test_check\n    check(sum)\n  File \"/tmp/tmpp3m05o9v.py\", line 9, in check\n    assert candidate(10, 15) == 6\nAssertionError\n",
      "exit_code": 1,
      "status": "Exception"
    },
    {
      "program": "def sum(a: int, b: int) -> int:\n    \"\"\"\n\tWrite a python function to find the sum of common divisors of two given numbers.\n\t\"\"\"\n    return a + b\n\n\ndef check(candidate):\n    assert candidate(10, 15) == 6\n    assert candidate(100, 150) == 93\n    assert candidate(4, 6) == 3\n\ndef test_check():\n    check(sum)\n\ntest_check()\n",
      "timestamp": 1665509686,
      "stdout": "",
      "stderr": "Traceback (most recent call last):\n  File \"/tmp/tmpp3m05o9v.py\", line 16, in <module>\n    test_check()\n  File \"/tmp/tmpp3m05o9v.py\", line 14, in test_check\n    check(sum)\n  File \"/tmp/tmpp3m05o9v.py\", line 9, in check\n    assert candidate(10, 15) == 6\nAssertionError\n",
      "exit_code": 1,
      "status": "Exception"
    },
    {
      "program": "def sum(a: int, b: int) -> int:\n    \"\"\"\n\tWrite a python function to find the sum of common divisors of two given numbers.\n\t\"\"\"\n    return a + b\n\n\ndef check(candidate):\n    assert candidate(10, 15) == 6\n    assert candidate(100, 150) == 93\n    assert candidate(4, 6) == 3\n\ndef test_check():\n    check(sum)\n\ntest_check()\n",
      "timestamp": 1665509686,
      "stdout": "",
      "stderr": "Traceback (most recent call last):\n  File \"/tmp/tmpp3m05o9v.py\", line 16, in <module>\n    test_check()\n  File \"/tmp/tmpp3m05o9v.py\", line 14, in test_check\n    check(sum)\n  File \"/tmp/tmpp3m05o9v.py\", line 9, in check\n    assert candidate(10, 15) == 6\nAssertionError\n",
      "exit_code": 1,
      "status": "Exception"
    },
    {
      "program": "def sum(a: int, b: int) -> int:\n    \"\"\"\n\tWrite a python function to find the sum of common divisors of two given numbers.\n\t\"\"\"\n    return sum_of_divisors(a) + sum_of_divisors(b)\n\n\ndef check(candidate):\n    assert candidate(10, 15) == 6\n    assert candidate(100, 150) == 93\n    assert candidate(4, 6) == 3\n\ndef test_check():\n    check(sum)\n\ntest_check()\n",
      "timestamp": 1666124220,
      "stdout": "",
      "stderr": "Traceback (most recent call last):\n  File \"/tmp/tmpkmu45pux.py\", line 16, in <module>\n    test_check()\n  File \"/tmp/tmpkmu45pux.py\", line 14, in test_check\n    check(sum)\n  File \"/tmp/tmpkmu45pux.py\", line 9, in check\n    assert candidate(10, 15) == 6\n  File \"/tmp/tmpkmu45pux.py\", line 5, in sum\n    return sum_of_divisors(a) + sum_of_divisors(b)\nNameError: name 'sum_of_divisors' is not defined\n",
      "exit_code": 1,
      "status": "Exception"
    },
    {
      "program": "def sum(a: int, b: int) -> int:\n    \"\"\"\n\tWrite a python function to find the sum of common divisors of two given numbers.\n\t\"\"\"\n    if a == 0 or b == 0:\n        return 0\n    if a == b:\n        return a\n    if a > b:\n        a, b = b, a\n    return a + sum(a, b - a)\n\n\ndef check(candidate):\n    assert candidate(10, 15) == 6\n    assert candidate(100, 150) == 93\n    assert candidate(4, 6) == 3\n\ndef test_check():\n    check(sum)\n\ntest_check()\n",
      "timestamp": 1665509686,
      "stdout": "",
      "stderr": "Traceback (most recent call last):\n  File \"/tmp/tmp5by8we53.py\", line 22, in <module>\n    test_check()\n  File \"/tmp/tmp5by8we53.py\", line 20, in test_check\n    check(sum)\n  File \"/tmp/tmp5by8we53.py\", line 15, in check\n    assert candidate(10, 15) == 6\nAssertionError\n",
      "exit_code": 1,
      "status": "Exception"
    },
    {
      "program": "def sum(a: int, b: int) -> int:\n    \"\"\"\n\tWrite a python function to find the sum of common divisors of two given numbers.\n\t\"\"\"\n    return a + b\n\n\ndef check(candidate):\n    assert candidate(10, 15) == 6\n    assert candidate(100, 150) == 93\n    assert candidate(4, 6) == 3\n\ndef test_check():\n    check(sum)\n\ntest_check()\n",
      "timestamp": 1665509686,
      "stdout": "",
      "stderr": "Traceback (most recent call last):\n  File \"/tmp/tmpp3m05o9v.py\", line 16, in <module>\n    test_check()\n  File \"/tmp/tmpp3m05o9v.py\", line 14, in test_check\n    check(sum)\n  File \"/tmp/tmpp3m05o9v.py\", line 9, in check\n    assert candidate(10, 15) == 6\nAssertionError\n",
      "exit_code": 1,
      "status": "Exception"
    },
    {
      "program": "def sum(a: int, b: int) -> int:\n    \"\"\"\n\tWrite a python function to find the sum of common divisors of two given numbers.\n\t\"\"\"\n    return sum(list(set(divisors(a)) & set(divisors(b))))\n\n\ndef check(candidate):\n    assert candidate(10, 15) == 6\n    assert candidate(100, 150) == 93\n    assert candidate(4, 6) == 3\n\ndef test_check():\n    check(sum)\n\ntest_check()\n",
      "timestamp": 1665509686,
      "stdout": "",
      "stderr": "Traceback (most recent call last):\n  File \"/tmp/tmpqxly4fgg.py\", line 16, in <module>\n    test_check()\n  File \"/tmp/tmpqxly4fgg.py\", line 14, in test_check\n    check(sum)\n  File \"/tmp/tmpqxly4fgg.py\", line 9, in check\n    assert candidate(10, 15) == 6\n  File \"/tmp/tmpqxly4fgg.py\", line 5, in sum\n    return sum(list(set(divisors(a)) & set(divisors(b))))\nNameError: name 'divisors' is not defined\n",
      "exit_code": 1,
      "status": "Exception"
    },
    {
      "program": "def sum(a: int, b: int) -> int:\n    \"\"\"\n\tWrite a python function to find the sum of common divisors of two given numbers.\n\t\"\"\"\n    divisors = []\n    for i in range(1, min(a, b) + 1):\n        if a % i == 0 and b % i == 0:\n            divisors.append(i)\n    return sum(divisors)\n\n\ndef check(candidate):\n    assert candidate(10, 15) == 6\n    assert candidate(100, 150) == 93\n    assert candidate(4, 6) == 3\n\ndef test_check():\n    check(sum)\n\ntest_check()\n",
      "timestamp": 1665509686,
      "stdout": "",
      "stderr": "Traceback (most recent call last):\n  File \"/tmp/tmpjnbatcfc.py\", line 20, in <module>\n    test_check()\n  File \"/tmp/tmpjnbatcfc.py\", line 18, in test_check\n    check(sum)\n  File \"/tmp/tmpjnbatcfc.py\", line 13, in check\n    assert candidate(10, 15) == 6\n  File \"/tmp/tmpjnbatcfc.py\", line 9, in sum\n    return sum(divisors)\nTypeError: sum() missing 1 required positional argument: 'b'\n",
      "exit_code": 1,
      "status": "Exception"
    },
    {
      "program": "def sum(a: int, b: int) -> int:\n    \"\"\"\n\tWrite a python function to find the sum of common divisors of two given numbers.\n\t\"\"\"\n    sum = 0\n    for i in range(1, min(a, b) + 1):\n        if a % i == 0 and b % i == 0:\n            sum += i\n    return sum\n\n\ndef check(candidate):\n    assert candidate(10, 15) == 6\n    assert candidate(100, 150) == 93\n    assert candidate(4, 6) == 3\n\ndef test_check():\n    check(sum)\n\ntest_check()\n",
      "timestamp": 1666124220,
      "stdout": "",
      "stderr": "",
      "exit_code": 0,
      "status": "OK"
    },
    {
      "program": "def sum(a: int, b: int) -> int:\n    \"\"\"\n\tWrite a python function to find the sum of common divisors of two given numbers.\n\t\"\"\"\n    return sum_of_common_divisors(a, b)\n\n\ndef check(candidate):\n    assert candidate(10, 15) == 6\n    assert candidate(100, 150) == 93\n    assert candidate(4, 6) == 3\n\ndef test_check():\n    check(sum)\n\ntest_check()\n",
      "timestamp": 1665509686,
      "stdout": "",
      "stderr": "Traceback (most recent call last):\n  File \"/tmp/tmpt3oc8sa_.py\", line 16, in <module>\n    test_check()\n  File \"/tmp/tmpt3oc8sa_.py\", line 14, in test_check\n    check(sum)\n  File \"/tmp/tmpt3oc8sa_.py\", line 9, in check\n    assert candidate(10, 15) == 6\n  File \"/tmp/tmpt3oc8sa_.py\", line 5, in sum\n    return sum_of_common_divisors(a, b)\nNameError: name 'sum_of_common_divisors' is not defined\n",
      "exit_code": 1,
      "status": "Exception"
    },
    {
      "program": "def sum(a: int, b: int) -> int:\n    \"\"\"\n\tWrite a python function to find the sum of common divisors of two given numbers.\n\t\"\"\"\n    return sum_of_common_divisors(a, b)\n\n\ndef check(candidate):\n    assert candidate(10, 15) == 6\n    assert candidate(100, 150) == 93\n    assert candidate(4, 6) == 3\n\ndef test_check():\n    check(sum)\n\ntest_check()\n",
      "timestamp": 1665509686,
      "stdout": "",
      "stderr": "Traceback (most recent call last):\n  File \"/tmp/tmpt3oc8sa_.py\", line 16, in <module>\n    test_check()\n  File \"/tmp/tmpt3oc8sa_.py\", line 14, in test_check\n    check(sum)\n  File \"/tmp/tmpt3oc8sa_.py\", line 9, in check\n    assert candidate(10, 15) == 6\n  File \"/tmp/tmpt3oc8sa_.py\", line 5, in sum\n    return sum_of_common_divisors(a, b)\nNameError: name 'sum_of_common_divisors' is not defined\n",
      "exit_code": 1,
      "status": "Exception"
    },
    {
      "program": "def sum(a: int, b: int) -> int:\n    \"\"\"\n\tWrite a python function to find the sum of common divisors of two given numbers.\n\t\"\"\"\n    return a + b\n\n\ndef check(candidate):\n    assert candidate(10, 15) == 6\n    assert candidate(100, 150) == 93\n    assert candidate(4, 6) == 3\n\ndef test_check():\n    check(sum)\n\ntest_check()\n",
      "timestamp": 1665509686,
      "stdout": "",
      "stderr": "Traceback (most recent call last):\n  File \"/tmp/tmpp3m05o9v.py\", line 16, in <module>\n    test_check()\n  File \"/tmp/tmpp3m05o9v.py\", line 14, in test_check\n    check(sum)\n  File \"/tmp/tmpp3m05o9v.py\", line 9, in check\n    assert candidate(10, 15) == 6\nAssertionError\n",
      "exit_code": 1,
      "status": "Exception"
    },
    {
      "program": "def sum(a: int, b: int) -> int:\n    \"\"\"\n\tWrite a python function to find the sum of common divisors of two given numbers.\n\t\"\"\"\n    return a + b\n\n\ndef check(candidate):\n    assert candidate(10, 15) == 6\n    assert candidate(100, 150) == 93\n    assert candidate(4, 6) == 3\n\ndef test_check():\n    check(sum)\n\ntest_check()\n",
      "timestamp": 1665509686,
      "stdout": "",
      "stderr": "Traceback (most recent call last):\n  File \"/tmp/tmpp3m05o9v.py\", line 16, in <module>\n    test_check()\n  File \"/tmp/tmpp3m05o9v.py\", line 14, in test_check\n    check(sum)\n  File \"/tmp/tmpp3m05o9v.py\", line 9, in check\n    assert candidate(10, 15) == 6\nAssertionError\n",
      "exit_code": 1,
      "status": "Exception"
    },
    {
      "program": "def sum(a: int, b: int) -> int:\n    \"\"\"\n\tWrite a python function to find the sum of common divisors of two given numbers.\n\t\"\"\"\n    return sum(list(set(common_divisor(a)) & set(common_divisor(b))))\n\n\ndef check(candidate):\n    assert candidate(10, 15) == 6\n    assert candidate(100, 150) == 93\n    assert candidate(4, 6) == 3\n\ndef test_check():\n    check(sum)\n\ntest_check()\n",
      "timestamp": 1666124221,
      "stdout": "",
      "stderr": "Traceback (most recent call last):\n  File \"/tmp/tmpg1878bsh.py\", line 16, in <module>\n    test_check()\n  File \"/tmp/tmpg1878bsh.py\", line 14, in test_check\n    check(sum)\n  File \"/tmp/tmpg1878bsh.py\", line 9, in check\n    assert candidate(10, 15) == 6\n  File \"/tmp/tmpg1878bsh.py\", line 5, in sum\n    return sum(list(set(common_divisor(a)) & set(common_divisor(b))))\nNameError: name 'common_divisor' is not defined\n",
      "exit_code": 1,
      "status": "Exception"
    },
    {
      "program": "def sum(a: int, b: int) -> int:\n    \"\"\"\n\tWrite a python function to find the sum of common divisors of two given numbers.\n\t\"\"\"\n    return sum_of_common_divisors(a, b)\n\n\ndef check(candidate):\n    assert candidate(10, 15) == 6\n    assert candidate(100, 150) == 93\n    assert candidate(4, 6) == 3\n\ndef test_check():\n    check(sum)\n\ntest_check()\n",
      "timestamp": 1665509686,
      "stdout": "",
      "stderr": "Traceback (most recent call last):\n  File \"/tmp/tmpt3oc8sa_.py\", line 16, in <module>\n    test_check()\n  File \"/tmp/tmpt3oc8sa_.py\", line 14, in test_check\n    check(sum)\n  File \"/tmp/tmpt3oc8sa_.py\", line 9, in check\n    assert candidate(10, 15) == 6\n  File \"/tmp/tmpt3oc8sa_.py\", line 5, in sum\n    return sum_of_common_divisors(a, b)\nNameError: name 'sum_of_common_divisors' is not defined\n",
      "exit_code": 1,
      "status": "Exception"
    },
    {
      "program": "def sum(a: int, b: int) -> int:\n    \"\"\"\n\tWrite a python function to find the sum of common divisors of two given numbers.\n\t\"\"\"\n    return sum_of_common_divisors(a, b)\n\n\ndef check(candidate):\n    assert candidate(10, 15) == 6\n    assert candidate(100, 150) == 93\n    assert candidate(4, 6) == 3\n\ndef test_check():\n    check(sum)\n\ntest_check()\n",
      "timestamp": 1665509686,
      "stdout": "",
      "stderr": "Traceback (most recent call last):\n  File \"/tmp/tmpt3oc8sa_.py\", line 16, in <module>\n    test_check()\n  File \"/tmp/tmpt3oc8sa_.py\", line 14, in test_check\n    check(sum)\n  File \"/tmp/tmpt3oc8sa_.py\", line 9, in check\n    assert candidate(10, 15) == 6\n  File \"/tmp/tmpt3oc8sa_.py\", line 5, in sum\n    return sum_of_common_divisors(a, b)\nNameError: name 'sum_of_common_divisors' is not defined\n",
      "exit_code": 1,
      "status": "Exception"
    },
    {
      "program": "def sum(a: int, b: int) -> int:\n    \"\"\"\n\tWrite a python function to find the sum of common divisors of two given numbers.\n\t\"\"\"\n    pass\n\n\ndef check(candidate):\n    assert candidate(10, 15) == 6\n    assert candidate(100, 150) == 93\n    assert candidate(4, 6) == 3\n\ndef test_check():\n    check(sum)\n\ntest_check()\n",
      "timestamp": 1665509686,
      "stdout": "",
      "stderr": "Traceback (most recent call last):\n  File \"/tmp/tmp9r51u71e.py\", line 16, in <module>\n    test_check()\n  File \"/tmp/tmp9r51u71e.py\", line 14, in test_check\n    check(sum)\n  File \"/tmp/tmp9r51u71e.py\", line 9, in check\n    assert candidate(10, 15) == 6\nAssertionError\n",
      "exit_code": 1,
      "status": "Exception"
    },
    {
      "program": "def sum(a: int, b: int) -> int:\n    \"\"\"\n\tWrite a python function to find the sum of common divisors of two given numbers.\n\t\"\"\"\n    return a + b\n\n\ndef check(candidate):\n    assert candidate(10, 15) == 6\n    assert candidate(100, 150) == 93\n    assert candidate(4, 6) == 3\n\ndef test_check():\n    check(sum)\n\ntest_check()\n",
      "timestamp": 1665509686,
      "stdout": "",
      "stderr": "Traceback (most recent call last):\n  File \"/tmp/tmpp3m05o9v.py\", line 16, in <module>\n    test_check()\n  File \"/tmp/tmpp3m05o9v.py\", line 14, in test_check\n    check(sum)\n  File \"/tmp/tmpp3m05o9v.py\", line 9, in check\n    assert candidate(10, 15) == 6\nAssertionError\n",
      "exit_code": 1,
      "status": "Exception"
    },
    {
      "program": "def sum(a: int, b: int) -> int:\n    \"\"\"\n\tWrite a python function to find the sum of common divisors of two given numbers.\n\t\"\"\"\n    sum = 0\n    for i in range(1, min(a, b) + 1):\n        if a % i == 0 and b % i == 0:\n            sum += i\n    return sum\n\n\ndef check(candidate):\n    assert candidate(10, 15) == 6\n    assert candidate(100, 150) == 93\n    assert candidate(4, 6) == 3\n\ndef test_check():\n    check(sum)\n\ntest_check()\n",
      "timestamp": 1666124220,
      "stdout": "",
      "stderr": "",
      "exit_code": 0,
      "status": "OK"
    },
    {
      "program": "def sum(a: int, b: int) -> int:\n    \"\"\"\n\tWrite a python function to find the sum of common divisors of two given numbers.\n\t\"\"\"\n    divisors = []\n    for i in range(1, min(a, b) + 1):\n        if a % i == 0 and b % i == 0:\n            divisors.append(i)\n    return sum(divisors)\n\n\ndef check(candidate):\n    assert candidate(10, 15) == 6\n    assert candidate(100, 150) == 93\n    assert candidate(4, 6) == 3\n\ndef test_check():\n    check(sum)\n\ntest_check()\n",
      "timestamp": 1665509686,
      "stdout": "",
      "stderr": "Traceback (most recent call last):\n  File \"/tmp/tmpjnbatcfc.py\", line 20, in <module>\n    test_check()\n  File \"/tmp/tmpjnbatcfc.py\", line 18, in test_check\n    check(sum)\n  File \"/tmp/tmpjnbatcfc.py\", line 13, in check\n    assert candidate(10, 15) == 6\n  File \"/tmp/tmpjnbatcfc.py\", line 9, in sum\n    return sum(divisors)\nTypeError: sum() missing 1 required positional argument: 'b'\n",
      "exit_code": 1,
      "status": "Exception"
    },
    {
      "program": "def sum(a: int, b: int) -> int:\n    \"\"\"\n\tWrite a python function to find the sum of common divisors of two given numbers.\n\t\"\"\"\n    return a + b\n\n\ndef check(candidate):\n    assert candidate(10, 15) == 6\n    assert candidate(100, 150) == 93\n    assert candidate(4, 6) == 3\n\ndef test_check():\n    check(sum)\n\ntest_check()\n",
      "timestamp": 1665509686,
      "stdout": "",
      "stderr": "Traceback (most recent call last):\n  File \"/tmp/tmpp3m05o9v.py\", line 16, in <module>\n    test_check()\n  File \"/tmp/tmpp3m05o9v.py\", line 14, in test_check\n    check(sum)\n  File \"/tmp/tmpp3m05o9v.py\", line 9, in check\n    assert candidate(10, 15) == 6\nAssertionError\n",
      "exit_code": 1,
      "status": "Exception"
    },
    {
      "program": "def sum(a: int, b: int) -> int:\n    \"\"\"\n\tWrite a python function to find the sum of common divisors of two given numbers.\n\t\"\"\"\n    sum = 0\n    for i in range(1, min(a, b) + 1):\n        if a % i == 0 and b % i == 0:\n            sum += i\n    return sum\n\n\ndef check(candidate):\n    assert candidate(10, 15) == 6\n    assert candidate(100, 150) == 93\n    assert candidate(4, 6) == 3\n\ndef test_check():\n    check(sum)\n\ntest_check()\n",
      "timestamp": 1666124220,
      "stdout": "",
      "stderr": "",
      "exit_code": 0,
      "status": "OK"
    },
    {
      "program": "def sum(a: int, b: int) -> int:\n    \"\"\"\n\tWrite a python function to find the sum of common divisors of two given numbers.\n\t\"\"\"\n    return sum_of_common_divisors(a, b)\n\n\ndef check(candidate):\n    assert candidate(10, 15) == 6\n    assert candidate(100, 150) == 93\n    assert candidate(4, 6) == 3\n\ndef test_check():\n    check(sum)\n\ntest_check()\n",
      "timestamp": 1665509686,
      "stdout": "",
      "stderr": "Traceback (most recent call last):\n  File \"/tmp/tmpt3oc8sa_.py\", line 16, in <module>\n    test_check()\n  File \"/tmp/tmpt3oc8sa_.py\", line 14, in test_check\n    check(sum)\n  File \"/tmp/tmpt3oc8sa_.py\", line 9, in check\n    assert candidate(10, 15) == 6\n  File \"/tmp/tmpt3oc8sa_.py\", line 5, in sum\n    return sum_of_common_divisors(a, b)\nNameError: name 'sum_of_common_divisors' is not defined\n",
      "exit_code": 1,
      "status": "Exception"
    },
    {
      "program": "def sum(a: int, b: int) -> int:\n    \"\"\"\n\tWrite a python function to find the sum of common divisors of two given numbers.\n\t\"\"\"\n    return sum(list(set(get_divisors(a)) & set(get_divisors(b))))\n\n\ndef check(candidate):\n    assert candidate(10, 15) == 6\n    assert candidate(100, 150) == 93\n    assert candidate(4, 6) == 3\n\ndef test_check():\n    check(sum)\n\ntest_check()\n",
      "timestamp": 1666124221,
      "stdout": "",
      "stderr": "Traceback (most recent call last):\n  File \"/tmp/tmpmj13s2w6.py\", line 16, in <module>\n    test_check()\n  File \"/tmp/tmpmj13s2w6.py\", line 14, in test_check\n    check(sum)\n  File \"/tmp/tmpmj13s2w6.py\", line 9, in check\n    assert candidate(10, 15) == 6\n  File \"/tmp/tmpmj13s2w6.py\", line 5, in sum\n    return sum(list(set(get_divisors(a)) & set(get_divisors(b))))\nNameError: name 'get_divisors' is not defined\n",
      "exit_code": 1,
      "status": "Exception"
    },
    {
      "program": "def sum(a: int, b: int) -> int:\n    \"\"\"\n\tWrite a python function to find the sum of common divisors of two given numbers.\n\t\"\"\"\n    return sum(common_divisors(a, b))\n\n\ndef check(candidate):\n    assert candidate(10, 15) == 6\n    assert candidate(100, 150) == 93\n    assert candidate(4, 6) == 3\n\ndef test_check():\n    check(sum)\n\ntest_check()\n",
      "timestamp": 1665509686,
      "stdout": "",
      "stderr": "Traceback (most recent call last):\n  File \"/tmp/tmppuj0qai0.py\", line 16, in <module>\n    test_check()\n  File \"/tmp/tmppuj0qai0.py\", line 14, in test_check\n    check(sum)\n  File \"/tmp/tmppuj0qai0.py\", line 9, in check\n    assert candidate(10, 15) == 6\n  File \"/tmp/tmppuj0qai0.py\", line 5, in sum\n    return sum(common_divisors(a, b))\nNameError: name 'common_divisors' is not defined\n",
      "exit_code": 1,
      "status": "Exception"
    },
    {
      "program": "def sum(a: int, b: int) -> int:\n    \"\"\"\n\tWrite a python function to find the sum of common divisors of two given numbers.\n\t\"\"\"\n    return sum(list(set(divisors(a)) & set(divisors(b))))\n\n\ndef check(candidate):\n    assert candidate(10, 15) == 6\n    assert candidate(100, 150) == 93\n    assert candidate(4, 6) == 3\n\ndef test_check():\n    check(sum)\n\ntest_check()\n",
      "timestamp": 1665509686,
      "stdout": "",
      "stderr": "Traceback (most recent call last):\n  File \"/tmp/tmpqxly4fgg.py\", line 16, in <module>\n    test_check()\n  File \"/tmp/tmpqxly4fgg.py\", line 14, in test_check\n    check(sum)\n  File \"/tmp/tmpqxly4fgg.py\", line 9, in check\n    assert candidate(10, 15) == 6\n  File \"/tmp/tmpqxly4fgg.py\", line 5, in sum\n    return sum(list(set(divisors(a)) & set(divisors(b))))\nNameError: name 'divisors' is not defined\n",
      "exit_code": 1,
      "status": "Exception"
    },
    {
      "program": "def sum(a: int, b: int) -> int:\n    \"\"\"\n\tWrite a python function to find the sum of common divisors of two given numbers.\n\t\"\"\"\n    return a + b\n\n\ndef check(candidate):\n    assert candidate(10, 15) == 6\n    assert candidate(100, 150) == 93\n    assert candidate(4, 6) == 3\n\ndef test_check():\n    check(sum)\n\ntest_check()\n",
      "timestamp": 1665509686,
      "stdout": "",
      "stderr": "Traceback (most recent call last):\n  File \"/tmp/tmpp3m05o9v.py\", line 16, in <module>\n    test_check()\n  File \"/tmp/tmpp3m05o9v.py\", line 14, in test_check\n    check(sum)\n  File \"/tmp/tmpp3m05o9v.py\", line 9, in check\n    assert candidate(10, 15) == 6\nAssertionError\n",
      "exit_code": 1,
      "status": "Exception"
    },
    {
      "program": "def sum(a: int, b: int) -> int:\n    \"\"\"\n\tWrite a python function to find the sum of common divisors of two given numbers.\n\t\"\"\"\n    return a + b\n\n\ndef check(candidate):\n    assert candidate(10, 15) == 6\n    assert candidate(100, 150) == 93\n    assert candidate(4, 6) == 3\n\ndef test_check():\n    check(sum)\n\ntest_check()\n",
      "timestamp": 1665509686,
      "stdout": "",
      "stderr": "Traceback (most recent call last):\n  File \"/tmp/tmpp3m05o9v.py\", line 16, in <module>\n    test_check()\n  File \"/tmp/tmpp3m05o9v.py\", line 14, in test_check\n    check(sum)\n  File \"/tmp/tmpp3m05o9v.py\", line 9, in check\n    assert candidate(10, 15) == 6\nAssertionError\n",
      "exit_code": 1,
      "status": "Exception"
    },
    {
      "program": "def sum(a: int, b: int) -> int:\n    \"\"\"\n\tWrite a python function to find the sum of common divisors of two given numbers.\n\t\"\"\"\n    return sum(list(set(divisors(a)) & set(divisors(b))))\n\n\ndef check(candidate):\n    assert candidate(10, 15) == 6\n    assert candidate(100, 150) == 93\n    assert candidate(4, 6) == 3\n\ndef test_check():\n    check(sum)\n\ntest_check()\n",
      "timestamp": 1665509686,
      "stdout": "",
      "stderr": "Traceback (most recent call last):\n  File \"/tmp/tmpqxly4fgg.py\", line 16, in <module>\n    test_check()\n  File \"/tmp/tmpqxly4fgg.py\", line 14, in test_check\n    check(sum)\n  File \"/tmp/tmpqxly4fgg.py\", line 9, in check\n    assert candidate(10, 15) == 6\n  File \"/tmp/tmpqxly4fgg.py\", line 5, in sum\n    return sum(list(set(divisors(a)) & set(divisors(b))))\nNameError: name 'divisors' is not defined\n",
      "exit_code": 1,
      "status": "Exception"
    },
    {
      "program": "def sum(a: int, b: int) -> int:\n    \"\"\"\n\tWrite a python function to find the sum of common divisors of two given numbers.\n\t\"\"\"\n    return sum_divisors(a) + sum_divisors(b)\n\n\ndef check(candidate):\n    assert candidate(10, 15) == 6\n    assert candidate(100, 150) == 93\n    assert candidate(4, 6) == 3\n\ndef test_check():\n    check(sum)\n\ntest_check()\n",
      "timestamp": 1665509686,
      "stdout": "",
      "stderr": "Traceback (most recent call last):\n  File \"/tmp/tmpr16383ow.py\", line 16, in <module>\n    test_check()\n  File \"/tmp/tmpr16383ow.py\", line 14, in test_check\n    check(sum)\n  File \"/tmp/tmpr16383ow.py\", line 9, in check\n    assert candidate(10, 15) == 6\n  File \"/tmp/tmpr16383ow.py\", line 5, in sum\n    return sum_divisors(a) + sum_divisors(b)\nNameError: name 'sum_divisors' is not defined\n",
      "exit_code": 1,
      "status": "Exception"
    },
    {
      "program": "def sum(a: int, b: int) -> int:\n    \"\"\"\n\tWrite a python function to find the sum of common divisors of two given numbers.\n\t\"\"\"\n    return a + b\n\n\ndef check(candidate):\n    assert candidate(10, 15) == 6\n    assert candidate(100, 150) == 93\n    assert candidate(4, 6) == 3\n\ndef test_check():\n    check(sum)\n\ntest_check()\n",
      "timestamp": 1665509686,
      "stdout": "",
      "stderr": "Traceback (most recent call last):\n  File \"/tmp/tmpp3m05o9v.py\", line 16, in <module>\n    test_check()\n  File \"/tmp/tmpp3m05o9v.py\", line 14, in test_check\n    check(sum)\n  File \"/tmp/tmpp3m05o9v.py\", line 9, in check\n    assert candidate(10, 15) == 6\nAssertionError\n",
      "exit_code": 1,
      "status": "Exception"
    },
    {
      "program": "def sum(a: int, b: int) -> int:\n    \"\"\"\n\tWrite a python function to find the sum of common divisors of two given numbers.\n\t\"\"\"\n    return a + b\n\n\ndef check(candidate):\n    assert candidate(10, 15) == 6\n    assert candidate(100, 150) == 93\n    assert candidate(4, 6) == 3\n\ndef test_check():\n    check(sum)\n\ntest_check()\n",
      "timestamp": 1665509686,
      "stdout": "",
      "stderr": "Traceback (most recent call last):\n  File \"/tmp/tmpp3m05o9v.py\", line 16, in <module>\n    test_check()\n  File \"/tmp/tmpp3m05o9v.py\", line 14, in test_check\n    check(sum)\n  File \"/tmp/tmpp3m05o9v.py\", line 9, in check\n    assert candidate(10, 15) == 6\nAssertionError\n",
      "exit_code": 1,
      "status": "Exception"
    },
    {
      "program": "def sum(a: int, b: int) -> int:\n    \"\"\"\n\tWrite a python function to find the sum of common divisors of two given numbers.\n\t\"\"\"\n    return sum_of_common_divisors(a, b)\n\n\ndef check(candidate):\n    assert candidate(10, 15) == 6\n    assert candidate(100, 150) == 93\n    assert candidate(4, 6) == 3\n\ndef test_check():\n    check(sum)\n\ntest_check()\n",
      "timestamp": 1665509686,
      "stdout": "",
      "stderr": "Traceback (most recent call last):\n  File \"/tmp/tmpt3oc8sa_.py\", line 16, in <module>\n    test_check()\n  File \"/tmp/tmpt3oc8sa_.py\", line 14, in test_check\n    check(sum)\n  File \"/tmp/tmpt3oc8sa_.py\", line 9, in check\n    assert candidate(10, 15) == 6\n  File \"/tmp/tmpt3oc8sa_.py\", line 5, in sum\n    return sum_of_common_divisors(a, b)\nNameError: name 'sum_of_common_divisors' is not defined\n",
      "exit_code": 1,
      "status": "Exception"
    },
    {
      "program": "def sum(a: int, b: int) -> int:\n    \"\"\"\n\tWrite a python function to find the sum of common divisors of two given numbers.\n\t\"\"\"\n    return a + b\n\n\ndef check(candidate):\n    assert candidate(10, 15) == 6\n    assert candidate(100, 150) == 93\n    assert candidate(4, 6) == 3\n\ndef test_check():\n    check(sum)\n\ntest_check()\n",
      "timestamp": 1665509686,
      "stdout": "",
      "stderr": "Traceback (most recent call last):\n  File \"/tmp/tmpp3m05o9v.py\", line 16, in <module>\n    test_check()\n  File \"/tmp/tmpp3m05o9v.py\", line 14, in test_check\n    check(sum)\n  File \"/tmp/tmpp3m05o9v.py\", line 9, in check\n    assert candidate(10, 15) == 6\nAssertionError\n",
      "exit_code": 1,
      "status": "Exception"
    },
    {
      "program": "def sum(a: int, b: int) -> int:\n    \"\"\"\n\tWrite a python function to find the sum of common divisors of two given numbers.\n\t\"\"\"\n    return a + b\n\n\ndef check(candidate):\n    assert candidate(10, 15) == 6\n    assert candidate(100, 150) == 93\n    assert candidate(4, 6) == 3\n\ndef test_check():\n    check(sum)\n\ntest_check()\n",
      "timestamp": 1665509686,
      "stdout": "",
      "stderr": "Traceback (most recent call last):\n  File \"/tmp/tmpp3m05o9v.py\", line 16, in <module>\n    test_check()\n  File \"/tmp/tmpp3m05o9v.py\", line 14, in test_check\n    check(sum)\n  File \"/tmp/tmpp3m05o9v.py\", line 9, in check\n    assert candidate(10, 15) == 6\nAssertionError\n",
      "exit_code": 1,
      "status": "Exception"
    },
    {
      "program": "def sum(a: int, b: int) -> int:\n    \"\"\"\n\tWrite a python function to find the sum of common divisors of two given numbers.\n\t\"\"\"\n    return a + b\n\n\ndef check(candidate):\n    assert candidate(10, 15) == 6\n    assert candidate(100, 150) == 93\n    assert candidate(4, 6) == 3\n\ndef test_check():\n    check(sum)\n\ntest_check()\n",
      "timestamp": 1665509686,
      "stdout": "",
      "stderr": "Traceback (most recent call last):\n  File \"/tmp/tmpp3m05o9v.py\", line 16, in <module>\n    test_check()\n  File \"/tmp/tmpp3m05o9v.py\", line 14, in test_check\n    check(sum)\n  File \"/tmp/tmpp3m05o9v.py\", line 9, in check\n    assert candidate(10, 15) == 6\nAssertionError\n",
      "exit_code": 1,
      "status": "Exception"
    },
    {
      "program": "def sum(a: int, b: int) -> int:\n    \"\"\"\n\tWrite a python function to find the sum of common divisors of two given numbers.\n\t\"\"\"\n    divisors = []\n    for i in range(1, min(a, b) + 1):\n        if a % i == 0 and b % i == 0:\n            divisors.append(i)\n    return sum(divisors)\n\n\ndef check(candidate):\n    assert candidate(10, 15) == 6\n    assert candidate(100, 150) == 93\n    assert candidate(4, 6) == 3\n\ndef test_check():\n    check(sum)\n\ntest_check()\n",
      "timestamp": 1665509686,
      "stdout": "",
      "stderr": "Traceback (most recent call last):\n  File \"/tmp/tmpjnbatcfc.py\", line 20, in <module>\n    test_check()\n  File \"/tmp/tmpjnbatcfc.py\", line 18, in test_check\n    check(sum)\n  File \"/tmp/tmpjnbatcfc.py\", line 13, in check\n    assert candidate(10, 15) == 6\n  File \"/tmp/tmpjnbatcfc.py\", line 9, in sum\n    return sum(divisors)\nTypeError: sum() missing 1 required positional argument: 'b'\n",
      "exit_code": 1,
      "status": "Exception"
    },
    {
      "program": "def sum(a: int, b: int) -> int:\n    \"\"\"\n\tWrite a python function to find the sum of common divisors of two given numbers.\n\t\"\"\"\n    return a + b\n\n\ndef check(candidate):\n    assert candidate(10, 15) == 6\n    assert candidate(100, 150) == 93\n    assert candidate(4, 6) == 3\n\ndef test_check():\n    check(sum)\n\ntest_check()\n",
      "timestamp": 1665509686,
      "stdout": "",
      "stderr": "Traceback (most recent call last):\n  File \"/tmp/tmpp3m05o9v.py\", line 16, in <module>\n    test_check()\n  File \"/tmp/tmpp3m05o9v.py\", line 14, in test_check\n    check(sum)\n  File \"/tmp/tmpp3m05o9v.py\", line 9, in check\n    assert candidate(10, 15) == 6\nAssertionError\n",
      "exit_code": 1,
      "status": "Exception"
    },
    {
      "program": "def sum(a: int, b: int) -> int:\n    \"\"\"\n\tWrite a python function to find the sum of common divisors of two given numbers.\n\t\"\"\"\n    return a + b\n\n\ndef check(candidate):\n    assert candidate(10, 15) == 6\n    assert candidate(100, 150) == 93\n    assert candidate(4, 6) == 3\n\ndef test_check():\n    check(sum)\n\ntest_check()\n",
      "timestamp": 1665509686,
      "stdout": "",
      "stderr": "Traceback (most recent call last):\n  File \"/tmp/tmpp3m05o9v.py\", line 16, in <module>\n    test_check()\n  File \"/tmp/tmpp3m05o9v.py\", line 14, in test_check\n    check(sum)\n  File \"/tmp/tmpp3m05o9v.py\", line 9, in check\n    assert candidate(10, 15) == 6\nAssertionError\n",
      "exit_code": 1,
      "status": "Exception"
    },
    {
      "program": "def sum(a: int, b: int) -> int:\n    \"\"\"\n\tWrite a python function to find the sum of common divisors of two given numbers.\n\t\"\"\"\n    return a + b\n\n\ndef check(candidate):\n    assert candidate(10, 15) == 6\n    assert candidate(100, 150) == 93\n    assert candidate(4, 6) == 3\n\ndef test_check():\n    check(sum)\n\ntest_check()\n",
      "timestamp": 1665509686,
      "stdout": "",
      "stderr": "Traceback (most recent call last):\n  File \"/tmp/tmpp3m05o9v.py\", line 16, in <module>\n    test_check()\n  File \"/tmp/tmpp3m05o9v.py\", line 14, in test_check\n    check(sum)\n  File \"/tmp/tmpp3m05o9v.py\", line 9, in check\n    assert candidate(10, 15) == 6\nAssertionError\n",
      "exit_code": 1,
      "status": "Exception"
    },
    {
      "program": "def sum(a: int, b: int) -> int:\n    \"\"\"\n\tWrite a python function to find the sum of common divisors of two given numbers.\n\t\"\"\"\n    return sum_of_common_divisors(a, b)\n\n\ndef check(candidate):\n    assert candidate(10, 15) == 6\n    assert candidate(100, 150) == 93\n    assert candidate(4, 6) == 3\n\ndef test_check():\n    check(sum)\n\ntest_check()\n",
      "timestamp": 1665509686,
      "stdout": "",
      "stderr": "Traceback (most recent call last):\n  File \"/tmp/tmpt3oc8sa_.py\", line 16, in <module>\n    test_check()\n  File \"/tmp/tmpt3oc8sa_.py\", line 14, in test_check\n    check(sum)\n  File \"/tmp/tmpt3oc8sa_.py\", line 9, in check\n    assert candidate(10, 15) == 6\n  File \"/tmp/tmpt3oc8sa_.py\", line 5, in sum\n    return sum_of_common_divisors(a, b)\nNameError: name 'sum_of_common_divisors' is not defined\n",
      "exit_code": 1,
      "status": "Exception"
    },
    {
      "program": "def sum(a: int, b: int) -> int:\n    \"\"\"\n\tWrite a python function to find the sum of common divisors of two given numbers.\n\t\"\"\"\n    return a + b\n\n\ndef check(candidate):\n    assert candidate(10, 15) == 6\n    assert candidate(100, 150) == 93\n    assert candidate(4, 6) == 3\n\ndef test_check():\n    check(sum)\n\ntest_check()\n",
      "timestamp": 1665509686,
      "stdout": "",
      "stderr": "Traceback (most recent call last):\n  File \"/tmp/tmpp3m05o9v.py\", line 16, in <module>\n    test_check()\n  File \"/tmp/tmpp3m05o9v.py\", line 14, in test_check\n    check(sum)\n  File \"/tmp/tmpp3m05o9v.py\", line 9, in check\n    assert candidate(10, 15) == 6\nAssertionError\n",
      "exit_code": 1,
      "status": "Exception"
    },
    {
      "program": "def sum(a: int, b: int) -> int:\n    \"\"\"\n\tWrite a python function to find the sum of common divisors of two given numbers.\n\t\"\"\"\n    return sum_common_divisors(a, b)\n\n\ndef check(candidate):\n    assert candidate(10, 15) == 6\n    assert candidate(100, 150) == 93\n    assert candidate(4, 6) == 3\n\ndef test_check():\n    check(sum)\n\ntest_check()\n",
      "timestamp": 1666124221,
      "stdout": "",
      "stderr": "Traceback (most recent call last):\n  File \"/tmp/tmpnp3kziji.py\", line 16, in <module>\n    test_check()\n  File \"/tmp/tmpnp3kziji.py\", line 14, in test_check\n    check(sum)\n  File \"/tmp/tmpnp3kziji.py\", line 9, in check\n    assert candidate(10, 15) == 6\n  File \"/tmp/tmpnp3kziji.py\", line 5, in sum\n    return sum_common_divisors(a, b)\nNameError: name 'sum_common_divisors' is not defined\n",
      "exit_code": 1,
      "status": "Exception"
    },
    {
      "program": "def sum(a: int, b: int) -> int:\n    \"\"\"\n\tWrite a python function to find the sum of common divisors of two given numbers.\n\t\"\"\"\n    return a + b\n\n\ndef check(candidate):\n    assert candidate(10, 15) == 6\n    assert candidate(100, 150) == 93\n    assert candidate(4, 6) == 3\n\ndef test_check():\n    check(sum)\n\ntest_check()\n",
      "timestamp": 1665509686,
      "stdout": "",
      "stderr": "Traceback (most recent call last):\n  File \"/tmp/tmpp3m05o9v.py\", line 16, in <module>\n    test_check()\n  File \"/tmp/tmpp3m05o9v.py\", line 14, in test_check\n    check(sum)\n  File \"/tmp/tmpp3m05o9v.py\", line 9, in check\n    assert candidate(10, 15) == 6\nAssertionError\n",
      "exit_code": 1,
      "status": "Exception"
    },
    {
      "program": "def sum(a: int, b: int) -> int:\n    \"\"\"\n\tWrite a python function to find the sum of common divisors of two given numbers.\n\t\"\"\"\n    return a + b\n\n\ndef check(candidate):\n    assert candidate(10, 15) == 6\n    assert candidate(100, 150) == 93\n    assert candidate(4, 6) == 3\n\ndef test_check():\n    check(sum)\n\ntest_check()\n",
      "timestamp": 1665509686,
      "stdout": "",
      "stderr": "Traceback (most recent call last):\n  File \"/tmp/tmpp3m05o9v.py\", line 16, in <module>\n    test_check()\n  File \"/tmp/tmpp3m05o9v.py\", line 14, in test_check\n    check(sum)\n  File \"/tmp/tmpp3m05o9v.py\", line 9, in check\n    assert candidate(10, 15) == 6\nAssertionError\n",
      "exit_code": 1,
      "status": "Exception"
    },
    {
      "program": "def sum(a: int, b: int) -> int:\n    \"\"\"\n\tWrite a python function to find the sum of common divisors of two given numbers.\n\t\"\"\"\n    if a == 0 or b == 0:\n        return 0\n    if a == b:\n        return a\n    if a > b:\n        a, b = b, a\n    return a + sum(a, b - a)\n\n\ndef check(candidate):\n    assert candidate(10, 15) == 6\n    assert candidate(100, 150) == 93\n    assert candidate(4, 6) == 3\n\ndef test_check():\n    check(sum)\n\ntest_check()\n",
      "timestamp": 1665509686,
      "stdout": "",
      "stderr": "Traceback (most recent call last):\n  File \"/tmp/tmp5by8we53.py\", line 22, in <module>\n    test_check()\n  File \"/tmp/tmp5by8we53.py\", line 20, in test_check\n    check(sum)\n  File \"/tmp/tmp5by8we53.py\", line 15, in check\n    assert candidate(10, 15) == 6\nAssertionError\n",
      "exit_code": 1,
      "status": "Exception"
    },
    {
      "program": "def sum(a: int, b: int) -> int:\n    \"\"\"\n\tWrite a python function to find the sum of common divisors of two given numbers.\n\t\"\"\"\n    return sum_of_divisors(a) + sum_of_divisors(b)\n\n\ndef check(candidate):\n    assert candidate(10, 15) == 6\n    assert candidate(100, 150) == 93\n    assert candidate(4, 6) == 3\n\ndef test_check():\n    check(sum)\n\ntest_check()\n",
      "timestamp": 1666124220,
      "stdout": "",
      "stderr": "Traceback (most recent call last):\n  File \"/tmp/tmpkmu45pux.py\", line 16, in <module>\n    test_check()\n  File \"/tmp/tmpkmu45pux.py\", line 14, in test_check\n    check(sum)\n  File \"/tmp/tmpkmu45pux.py\", line 9, in check\n    assert candidate(10, 15) == 6\n  File \"/tmp/tmpkmu45pux.py\", line 5, in sum\n    return sum_of_divisors(a) + sum_of_divisors(b)\nNameError: name 'sum_of_divisors' is not defined\n",
      "exit_code": 1,
      "status": "Exception"
    },
    {
      "program": "def sum(a: int, b: int) -> int:\n    \"\"\"\n\tWrite a python function to find the sum of common divisors of two given numbers.\n\t\"\"\"\n    divisors = []\n    for i in range(1, min(a, b) + 1):\n        if a % i == 0 and b % i == 0:\n            divisors.append(i)\n    return sum(divisors)\n\n\ndef check(candidate):\n    assert candidate(10, 15) == 6\n    assert candidate(100, 150) == 93\n    assert candidate(4, 6) == 3\n\ndef test_check():\n    check(sum)\n\ntest_check()\n",
      "timestamp": 1665509686,
      "stdout": "",
      "stderr": "Traceback (most recent call last):\n  File \"/tmp/tmpjnbatcfc.py\", line 20, in <module>\n    test_check()\n  File \"/tmp/tmpjnbatcfc.py\", line 18, in test_check\n    check(sum)\n  File \"/tmp/tmpjnbatcfc.py\", line 13, in check\n    assert candidate(10, 15) == 6\n  File \"/tmp/tmpjnbatcfc.py\", line 9, in sum\n    return sum(divisors)\nTypeError: sum() missing 1 required positional argument: 'b'\n",
      "exit_code": 1,
      "status": "Exception"
    },
    {
      "program": "def sum(a: int, b: int) -> int:\n    \"\"\"\n\tWrite a python function to find the sum of common divisors of two given numbers.\n\t\"\"\"\n    return sum_divisors(a) + sum_divisors(b)\n\n\ndef check(candidate):\n    assert candidate(10, 15) == 6\n    assert candidate(100, 150) == 93\n    assert candidate(4, 6) == 3\n\ndef test_check():\n    check(sum)\n\ntest_check()\n",
      "timestamp": 1665509686,
      "stdout": "",
      "stderr": "Traceback (most recent call last):\n  File \"/tmp/tmpr16383ow.py\", line 16, in <module>\n    test_check()\n  File \"/tmp/tmpr16383ow.py\", line 14, in test_check\n    check(sum)\n  File \"/tmp/tmpr16383ow.py\", line 9, in check\n    assert candidate(10, 15) == 6\n  File \"/tmp/tmpr16383ow.py\", line 5, in sum\n    return sum_divisors(a) + sum_divisors(b)\nNameError: name 'sum_divisors' is not defined\n",
      "exit_code": 1,
      "status": "Exception"
    },
    {
      "program": "def sum(a: int, b: int) -> int:\n    \"\"\"\n\tWrite a python function to find the sum of common divisors of two given numbers.\n\t\"\"\"\n    divisors = []\n    for i in range(1, min(a, b) + 1):\n        if a % i == 0 and b % i == 0:\n            divisors.append(i)\n    return sum(divisors)\n\n\ndef check(candidate):\n    assert candidate(10, 15) == 6\n    assert candidate(100, 150) == 93\n    assert candidate(4, 6) == 3\n\ndef test_check():\n    check(sum)\n\ntest_check()\n",
      "timestamp": 1665509686,
      "stdout": "",
      "stderr": "Traceback (most recent call last):\n  File \"/tmp/tmpjnbatcfc.py\", line 20, in <module>\n    test_check()\n  File \"/tmp/tmpjnbatcfc.py\", line 18, in test_check\n    check(sum)\n  File \"/tmp/tmpjnbatcfc.py\", line 13, in check\n    assert candidate(10, 15) == 6\n  File \"/tmp/tmpjnbatcfc.py\", line 9, in sum\n    return sum(divisors)\nTypeError: sum() missing 1 required positional argument: 'b'\n",
      "exit_code": 1,
      "status": "Exception"
    },
    {
      "program": "def sum(a: int, b: int) -> int:\n    \"\"\"\n\tWrite a python function to find the sum of common divisors of two given numbers.\n\t\"\"\"\n    return sum_of_divisors(a) + sum_of_divisors(b)\n\n\ndef check(candidate):\n    assert candidate(10, 15) == 6\n    assert candidate(100, 150) == 93\n    assert candidate(4, 6) == 3\n\ndef test_check():\n    check(sum)\n\ntest_check()\n",
      "timestamp": 1666124220,
      "stdout": "",
      "stderr": "Traceback (most recent call last):\n  File \"/tmp/tmpkmu45pux.py\", line 16, in <module>\n    test_check()\n  File \"/tmp/tmpkmu45pux.py\", line 14, in test_check\n    check(sum)\n  File \"/tmp/tmpkmu45pux.py\", line 9, in check\n    assert candidate(10, 15) == 6\n  File \"/tmp/tmpkmu45pux.py\", line 5, in sum\n    return sum_of_divisors(a) + sum_of_divisors(b)\nNameError: name 'sum_of_divisors' is not defined\n",
      "exit_code": 1,
      "status": "Exception"
    },
    {
      "program": "def sum(a: int, b: int) -> int:\n    \"\"\"\n\tWrite a python function to find the sum of common divisors of two given numbers.\n\t\"\"\"\n    return sum_of_common_divisors(a, b)\n\n\ndef check(candidate):\n    assert candidate(10, 15) == 6\n    assert candidate(100, 150) == 93\n    assert candidate(4, 6) == 3\n\ndef test_check():\n    check(sum)\n\ntest_check()\n",
      "timestamp": 1665509686,
      "stdout": "",
      "stderr": "Traceback (most recent call last):\n  File \"/tmp/tmpt3oc8sa_.py\", line 16, in <module>\n    test_check()\n  File \"/tmp/tmpt3oc8sa_.py\", line 14, in test_check\n    check(sum)\n  File \"/tmp/tmpt3oc8sa_.py\", line 9, in check\n    assert candidate(10, 15) == 6\n  File \"/tmp/tmpt3oc8sa_.py\", line 5, in sum\n    return sum_of_common_divisors(a, b)\nNameError: name 'sum_of_common_divisors' is not defined\n",
      "exit_code": 1,
      "status": "Exception"
    },
    {
      "program": "def sum(a: int, b: int) -> int:\n    \"\"\"\n\tWrite a python function to find the sum of common divisors of two given numbers.\n\t\"\"\"\n    return sum(list(set(divisors(a)).intersection(divisors(b))))\n\n\ndef check(candidate):\n    assert candidate(10, 15) == 6\n    assert candidate(100, 150) == 93\n    assert candidate(4, 6) == 3\n\ndef test_check():\n    check(sum)\n\ntest_check()\n",
      "timestamp": 1666124220,
      "stdout": "",
      "stderr": "Traceback (most recent call last):\n  File \"/tmp/tmpnankq72p.py\", line 16, in <module>\n    test_check()\n  File \"/tmp/tmpnankq72p.py\", line 14, in test_check\n    check(sum)\n  File \"/tmp/tmpnankq72p.py\", line 9, in check\n    assert candidate(10, 15) == 6\n  File \"/tmp/tmpnankq72p.py\", line 5, in sum\n    return sum(list(set(divisors(a)).intersection(divisors(b))))\nNameError: name 'divisors' is not defined\n",
      "exit_code": 1,
      "status": "Exception"
    },
    {
      "program": "def sum(a: int, b: int) -> int:\n    \"\"\"\n\tWrite a python function to find the sum of common divisors of two given numbers.\n\t\"\"\"\n    return a + b\n\n\ndef check(candidate):\n    assert candidate(10, 15) == 6\n    assert candidate(100, 150) == 93\n    assert candidate(4, 6) == 3\n\ndef test_check():\n    check(sum)\n\ntest_check()\n",
      "timestamp": 1665509686,
      "stdout": "",
      "stderr": "Traceback (most recent call last):\n  File \"/tmp/tmpp3m05o9v.py\", line 16, in <module>\n    test_check()\n  File \"/tmp/tmpp3m05o9v.py\", line 14, in test_check\n    check(sum)\n  File \"/tmp/tmpp3m05o9v.py\", line 9, in check\n    assert candidate(10, 15) == 6\nAssertionError\n",
      "exit_code": 1,
      "status": "Exception"
    },
    {
      "program": "def sum(a: int, b: int) -> int:\n    \"\"\"\n\tWrite a python function to find the sum of common divisors of two given numbers.\n\t\"\"\"\n    sum = 0\n    for i in range(1, min(a, b) + 1):\n        if a % i == 0 and b % i == 0:\n            sum += i\n    return sum\n\n\ndef check(candidate):\n    assert candidate(10, 15) == 6\n    assert candidate(100, 150) == 93\n    assert candidate(4, 6) == 3\n\ndef test_check():\n    check(sum)\n\ntest_check()\n",
      "timestamp": 1666124220,
      "stdout": "",
      "stderr": "",
      "exit_code": 0,
      "status": "OK"
    },
    {
      "program": "def sum(a: int, b: int) -> int:\n    \"\"\"\n\tWrite a python function to find the sum of common divisors of two given numbers.\n\t\"\"\"\n    return sum_of_common_divisors(a, b)\n\n\ndef check(candidate):\n    assert candidate(10, 15) == 6\n    assert candidate(100, 150) == 93\n    assert candidate(4, 6) == 3\n\ndef test_check():\n    check(sum)\n\ntest_check()\n",
      "timestamp": 1665509686,
      "stdout": "",
      "stderr": "Traceback (most recent call last):\n  File \"/tmp/tmpt3oc8sa_.py\", line 16, in <module>\n    test_check()\n  File \"/tmp/tmpt3oc8sa_.py\", line 14, in test_check\n    check(sum)\n  File \"/tmp/tmpt3oc8sa_.py\", line 9, in check\n    assert candidate(10, 15) == 6\n  File \"/tmp/tmpt3oc8sa_.py\", line 5, in sum\n    return sum_of_common_divisors(a, b)\nNameError: name 'sum_of_common_divisors' is not defined\n",
      "exit_code": 1,
      "status": "Exception"
    },
    {
      "program": "def sum(a: int, b: int) -> int:\n    \"\"\"\n\tWrite a python function to find the sum of common divisors of two given numbers.\n\t\"\"\"\n    return sum_of_common_divisors(a, b)\n\n\ndef check(candidate):\n    assert candidate(10, 15) == 6\n    assert candidate(100, 150) == 93\n    assert candidate(4, 6) == 3\n\ndef test_check():\n    check(sum)\n\ntest_check()\n",
      "timestamp": 1665509686,
      "stdout": "",
      "stderr": "Traceback (most recent call last):\n  File \"/tmp/tmpt3oc8sa_.py\", line 16, in <module>\n    test_check()\n  File \"/tmp/tmpt3oc8sa_.py\", line 14, in test_check\n    check(sum)\n  File \"/tmp/tmpt3oc8sa_.py\", line 9, in check\n    assert candidate(10, 15) == 6\n  File \"/tmp/tmpt3oc8sa_.py\", line 5, in sum\n    return sum_of_common_divisors(a, b)\nNameError: name 'sum_of_common_divisors' is not defined\n",
      "exit_code": 1,
      "status": "Exception"
    },
    {
      "program": "def sum(a: int, b: int) -> int:\n    \"\"\"\n\tWrite a python function to find the sum of common divisors of two given numbers.\n\t\"\"\"\n    return a + b\n\n\ndef check(candidate):\n    assert candidate(10, 15) == 6\n    assert candidate(100, 150) == 93\n    assert candidate(4, 6) == 3\n\ndef test_check():\n    check(sum)\n\ntest_check()\n",
      "timestamp": 1665509686,
      "stdout": "",
      "stderr": "Traceback (most recent call last):\n  File \"/tmp/tmpp3m05o9v.py\", line 16, in <module>\n    test_check()\n  File \"/tmp/tmpp3m05o9v.py\", line 14, in test_check\n    check(sum)\n  File \"/tmp/tmpp3m05o9v.py\", line 9, in check\n    assert candidate(10, 15) == 6\nAssertionError\n",
      "exit_code": 1,
      "status": "Exception"
    },
    {
      "program": "def sum(a: int, b: int) -> int:\n    \"\"\"\n\tWrite a python function to find the sum of common divisors of two given numbers.\n\t\"\"\"\n    return a + b\n\n\ndef check(candidate):\n    assert candidate(10, 15) == 6\n    assert candidate(100, 150) == 93\n    assert candidate(4, 6) == 3\n\ndef test_check():\n    check(sum)\n\ntest_check()\n",
      "timestamp": 1665509686,
      "stdout": "",
      "stderr": "Traceback (most recent call last):\n  File \"/tmp/tmpp3m05o9v.py\", line 16, in <module>\n    test_check()\n  File \"/tmp/tmpp3m05o9v.py\", line 14, in test_check\n    check(sum)\n  File \"/tmp/tmpp3m05o9v.py\", line 9, in check\n    assert candidate(10, 15) == 6\nAssertionError\n",
      "exit_code": 1,
      "status": "Exception"
    },
    {
      "program": "def sum(a: int, b: int) -> int:\n    \"\"\"\n\tWrite a python function to find the sum of common divisors of two given numbers.\n\t\"\"\"\n    return a + b\n\n\ndef check(candidate):\n    assert candidate(10, 15) == 6\n    assert candidate(100, 150) == 93\n    assert candidate(4, 6) == 3\n\ndef test_check():\n    check(sum)\n\ntest_check()\n",
      "timestamp": 1665509686,
      "stdout": "",
      "stderr": "Traceback (most recent call last):\n  File \"/tmp/tmpp3m05o9v.py\", line 16, in <module>\n    test_check()\n  File \"/tmp/tmpp3m05o9v.py\", line 14, in test_check\n    check(sum)\n  File \"/tmp/tmpp3m05o9v.py\", line 9, in check\n    assert candidate(10, 15) == 6\nAssertionError\n",
      "exit_code": 1,
      "status": "Exception"
    },
    {
      "program": "def sum(a: int, b: int) -> int:\n    \"\"\"\n\tWrite a python function to find the sum of common divisors of two given numbers.\n\t\"\"\"\n    return sum(list(set(divisors(a)) & set(divisors(b))))\n\n\ndef check(candidate):\n    assert candidate(10, 15) == 6\n    assert candidate(100, 150) == 93\n    assert candidate(4, 6) == 3\n\ndef test_check():\n    check(sum)\n\ntest_check()\n",
      "timestamp": 1665509686,
      "stdout": "",
      "stderr": "Traceback (most recent call last):\n  File \"/tmp/tmpqxly4fgg.py\", line 16, in <module>\n    test_check()\n  File \"/tmp/tmpqxly4fgg.py\", line 14, in test_check\n    check(sum)\n  File \"/tmp/tmpqxly4fgg.py\", line 9, in check\n    assert candidate(10, 15) == 6\n  File \"/tmp/tmpqxly4fgg.py\", line 5, in sum\n    return sum(list(set(divisors(a)) & set(divisors(b))))\nNameError: name 'divisors' is not defined\n",
      "exit_code": 1,
      "status": "Exception"
    },
    {
      "program": "def sum(a: int, b: int) -> int:\n    \"\"\"\n\tWrite a python function to find the sum of common divisors of two given numbers.\n\t\"\"\"\n    return sum_divisors(a) + sum_divisors(b)\n\n\ndef check(candidate):\n    assert candidate(10, 15) == 6\n    assert candidate(100, 150) == 93\n    assert candidate(4, 6) == 3\n\ndef test_check():\n    check(sum)\n\ntest_check()\n",
      "timestamp": 1665509686,
      "stdout": "",
      "stderr": "Traceback (most recent call last):\n  File \"/tmp/tmpr16383ow.py\", line 16, in <module>\n    test_check()\n  File \"/tmp/tmpr16383ow.py\", line 14, in test_check\n    check(sum)\n  File \"/tmp/tmpr16383ow.py\", line 9, in check\n    assert candidate(10, 15) == 6\n  File \"/tmp/tmpr16383ow.py\", line 5, in sum\n    return sum_divisors(a) + sum_divisors(b)\nNameError: name 'sum_divisors' is not defined\n",
      "exit_code": 1,
      "status": "Exception"
    },
    {
      "program": "def sum(a: int, b: int) -> int:\n    \"\"\"\n\tWrite a python function to find the sum of common divisors of two given numbers.\n\t\"\"\"\n    return sum_of_divisors(a) + sum_of_divisors(b)\n\n\ndef check(candidate):\n    assert candidate(10, 15) == 6\n    assert candidate(100, 150) == 93\n    assert candidate(4, 6) == 3\n\ndef test_check():\n    check(sum)\n\ntest_check()\n",
      "timestamp": 1666124220,
      "stdout": "",
      "stderr": "Traceback (most recent call last):\n  File \"/tmp/tmpkmu45pux.py\", line 16, in <module>\n    test_check()\n  File \"/tmp/tmpkmu45pux.py\", line 14, in test_check\n    check(sum)\n  File \"/tmp/tmpkmu45pux.py\", line 9, in check\n    assert candidate(10, 15) == 6\n  File \"/tmp/tmpkmu45pux.py\", line 5, in sum\n    return sum_of_divisors(a) + sum_of_divisors(b)\nNameError: name 'sum_of_divisors' is not defined\n",
      "exit_code": 1,
      "status": "Exception"
    }
  ]
}