{
  "name": "mbpp_434_text_match_one",
  "language": "py",
  "prompt": "def text_match_one(text: str) -> bool:\n    \"\"\"\n\tWrite a function that matches a string that has an a followed by one or more b's.\n\t\"\"\"\n",
  "doctests": "keep",
  "original": "/home/arjun/repos/MultiPL-E/datasets/../datasets/mbpp-typed/mbpp_434_text_match_one.py",
  "prompt_terminology": "verbatim",
  "tests": "def check(candidate):\n    assert candidate('ac') == False\n    assert candidate('dc') == False\n    assert candidate('abba') == True\n\ndef test_check():\n    check(text_match_one)\n\ntest_check()\n",
  "stop_tokens": [
    "\ndef",
    "\n#",
    "\nif",
    "\nclass"
  ],
  "results": [
    {
      "program": "def text_match_one(text: str) -> bool:\n    \"\"\"\n\tWrite a function that matches a string that has an a followed by one or more b's.\n\t\"\"\"\n    pattern = re.compile(r\"ab+\")\n    if pattern.search(text):\n        return True\n    return False\n\n\ndef check(candidate):\n    assert candidate('ac') == False\n    assert candidate('dc') == False\n    assert candidate('abba') == True\n\ndef test_check():\n    check(text_match_one)\n\ntest_check()\n",
      "timestamp": 1665509798,
      "stdout": "",
      "stderr": "Traceback (most recent call last):\n  File \"/tmp/tmpy0hp7s3m.py\", line 19, in <module>\n    test_check()\n  File \"/tmp/tmpy0hp7s3m.py\", line 17, in test_check\n    check(text_match_one)\n  File \"/tmp/tmpy0hp7s3m.py\", line 12, in check\n    assert candidate('ac') == False\n  File \"/tmp/tmpy0hp7s3m.py\", line 5, in text_match_one\n    pattern = re.compile(r\"ab+\")\nNameError: name 're' is not defined\n",
      "exit_code": 1,
      "status": "Exception"
    },
    {
      "program": "def text_match_one(text: str) -> bool:\n    \"\"\"\n\tWrite a function that matches a string that has an a followed by one or more b's.\n\t\"\"\"\n    return re.search(r\"ab+\", text)\n\n\ndef check(candidate):\n    assert candidate('ac') == False\n    assert candidate('dc') == False\n    assert candidate('abba') == True\n\ndef test_check():\n    check(text_match_one)\n\ntest_check()\n",
      "timestamp": 1665509798,
      "stdout": "",
      "stderr": "Traceback (most recent call last):\n  File \"/tmp/tmpzibzrbj5.py\", line 16, in <module>\n    test_check()\n  File \"/tmp/tmpzibzrbj5.py\", line 14, in test_check\n    check(text_match_one)\n  File \"/tmp/tmpzibzrbj5.py\", line 9, in check\n    assert candidate('ac') == False\n  File \"/tmp/tmpzibzrbj5.py\", line 5, in text_match_one\n    return re.search(r\"ab+\", text)\nNameError: name 're' is not defined\n",
      "exit_code": 1,
      "status": "Exception"
    },
    {
      "program": "def text_match_one(text: str) -> bool:\n    \"\"\"\n\tWrite a function that matches a string that has an a followed by one or more b's.\n\t\"\"\"\n    pattern = r\"ab+\"\n    if re.search(pattern, text):\n        return True\n    return False\n\n\ndef check(candidate):\n    assert candidate('ac') == False\n    assert candidate('dc') == False\n    assert candidate('abba') == True\n\ndef test_check():\n    check(text_match_one)\n\ntest_check()\n",
      "timestamp": 1665509798,
      "stdout": "",
      "stderr": "Traceback (most recent call last):\n  File \"/tmp/tmpd97gbbhy.py\", line 19, in <module>\n    test_check()\n  File \"/tmp/tmpd97gbbhy.py\", line 17, in test_check\n    check(text_match_one)\n  File \"/tmp/tmpd97gbbhy.py\", line 12, in check\n    assert candidate('ac') == False\n  File \"/tmp/tmpd97gbbhy.py\", line 6, in text_match_one\n    if re.search(pattern, text):\nNameError: name 're' is not defined\n",
      "exit_code": 1,
      "status": "Exception"
    },
    {
      "program": "def text_match_one(text: str) -> bool:\n    \"\"\"\n\tWrite a function that matches a string that has an a followed by one or more b's.\n\t\"\"\"\n    return bool(re.search(r\"ab+\", text))\n\n\ndef check(candidate):\n    assert candidate('ac') == False\n    assert candidate('dc') == False\n    assert candidate('abba') == True\n\ndef test_check():\n    check(text_match_one)\n\ntest_check()\n",
      "timestamp": 1665509798,
      "stdout": "",
      "stderr": "Traceback (most recent call last):\n  File \"/tmp/tmp83l71lxf.py\", line 16, in <module>\n    test_check()\n  File \"/tmp/tmp83l71lxf.py\", line 14, in test_check\n    check(text_match_one)\n  File \"/tmp/tmp83l71lxf.py\", line 9, in check\n    assert candidate('ac') == False\n  File \"/tmp/tmp83l71lxf.py\", line 5, in text_match_one\n    return bool(re.search(r\"ab+\", text))\nNameError: name 're' is not defined\n",
      "exit_code": 1,
      "status": "Exception"
    },
    {
      "program": "def text_match_one(text: str) -> bool:\n    \"\"\"\n\tWrite a function that matches a string that has an a followed by one or more b's.\n\t\"\"\"\n    return re.search(r\"ab+\", text)\n\n\ndef check(candidate):\n    assert candidate('ac') == False\n    assert candidate('dc') == False\n    assert candidate('abba') == True\n\ndef test_check():\n    check(text_match_one)\n\ntest_check()\n",
      "timestamp": 1665509798,
      "stdout": "",
      "stderr": "Traceback (most recent call last):\n  File \"/tmp/tmpzibzrbj5.py\", line 16, in <module>\n    test_check()\n  File \"/tmp/tmpzibzrbj5.py\", line 14, in test_check\n    check(text_match_one)\n  File \"/tmp/tmpzibzrbj5.py\", line 9, in check\n    assert candidate('ac') == False\n  File \"/tmp/tmpzibzrbj5.py\", line 5, in text_match_one\n    return re.search(r\"ab+\", text)\nNameError: name 're' is not defined\n",
      "exit_code": 1,
      "status": "Exception"
    },
    {
      "program": "def text_match_one(text: str) -> bool:\n    \"\"\"\n\tWrite a function that matches a string that has an a followed by one or more b's.\n\t\"\"\"\n    return re.search(r'ab+', text) is not None\n\n\ndef check(candidate):\n    assert candidate('ac') == False\n    assert candidate('dc') == False\n    assert candidate('abba') == True\n\ndef test_check():\n    check(text_match_one)\n\ntest_check()\n",
      "timestamp": 1665509798,
      "stdout": "",
      "stderr": "Traceback (most recent call last):\n  File \"/tmp/tmp4xp19sft.py\", line 16, in <module>\n    test_check()\n  File \"/tmp/tmp4xp19sft.py\", line 14, in test_check\n    check(text_match_one)\n  File \"/tmp/tmp4xp19sft.py\", line 9, in check\n    assert candidate('ac') == False\n  File \"/tmp/tmp4xp19sft.py\", line 5, in text_match_one\n    return re.search(r'ab+', text) is not None\nNameError: name 're' is not defined\n",
      "exit_code": 1,
      "status": "Exception"
    },
    {
      "program": "def text_match_one(text: str) -> bool:\n    \"\"\"\n\tWrite a function that matches a string that has an a followed by one or more b's.\n\t\"\"\"\n    return re.search(r\"ab+\", text)\n\n\ndef check(candidate):\n    assert candidate('ac') == False\n    assert candidate('dc') == False\n    assert candidate('abba') == True\n\ndef test_check():\n    check(text_match_one)\n\ntest_check()\n",
      "timestamp": 1665509798,
      "stdout": "",
      "stderr": "Traceback (most recent call last):\n  File \"/tmp/tmpzibzrbj5.py\", line 16, in <module>\n    test_check()\n  File \"/tmp/tmpzibzrbj5.py\", line 14, in test_check\n    check(text_match_one)\n  File \"/tmp/tmpzibzrbj5.py\", line 9, in check\n    assert candidate('ac') == False\n  File \"/tmp/tmpzibzrbj5.py\", line 5, in text_match_one\n    return re.search(r\"ab+\", text)\nNameError: name 're' is not defined\n",
      "exit_code": 1,
      "status": "Exception"
    },
    {
      "program": "def text_match_one(text: str) -> bool:\n    \"\"\"\n\tWrite a function that matches a string that has an a followed by one or more b's.\n\t\"\"\"\n    pattern = r\"ab+\"\n    if re.search(pattern, text):\n        return True\n    return False\n\n\ndef check(candidate):\n    assert candidate('ac') == False\n    assert candidate('dc') == False\n    assert candidate('abba') == True\n\ndef test_check():\n    check(text_match_one)\n\ntest_check()\n",
      "timestamp": 1665509798,
      "stdout": "",
      "stderr": "Traceback (most recent call last):\n  File \"/tmp/tmpd97gbbhy.py\", line 19, in <module>\n    test_check()\n  File \"/tmp/tmpd97gbbhy.py\", line 17, in test_check\n    check(text_match_one)\n  File \"/tmp/tmpd97gbbhy.py\", line 12, in check\n    assert candidate('ac') == False\n  File \"/tmp/tmpd97gbbhy.py\", line 6, in text_match_one\n    if re.search(pattern, text):\nNameError: name 're' is not defined\n",
      "exit_code": 1,
      "status": "Exception"
    },
    {
      "program": "def text_match_one(text: str) -> bool:\n    \"\"\"\n\tWrite a function that matches a string that has an a followed by one or more b's.\n\t\"\"\"\n    pattern = r\"ab+\"\n    if re.search(pattern, text):\n        return True\n    return False\n\n\ndef check(candidate):\n    assert candidate('ac') == False\n    assert candidate('dc') == False\n    assert candidate('abba') == True\n\ndef test_check():\n    check(text_match_one)\n\ntest_check()\n",
      "timestamp": 1665509798,
      "stdout": "",
      "stderr": "Traceback (most recent call last):\n  File \"/tmp/tmpd97gbbhy.py\", line 19, in <module>\n    test_check()\n  File \"/tmp/tmpd97gbbhy.py\", line 17, in test_check\n    check(text_match_one)\n  File \"/tmp/tmpd97gbbhy.py\", line 12, in check\n    assert candidate('ac') == False\n  File \"/tmp/tmpd97gbbhy.py\", line 6, in text_match_one\n    if re.search(pattern, text):\nNameError: name 're' is not defined\n",
      "exit_code": 1,
      "status": "Exception"
    },
    {
      "program": "def text_match_one(text: str) -> bool:\n    \"\"\"\n\tWrite a function that matches a string that has an a followed by one or more b's.\n\t\"\"\"\n    pattern = r\"ab+\"\n    if re.search(pattern, text):\n        return True\n    return False\n\n\ndef check(candidate):\n    assert candidate('ac') == False\n    assert candidate('dc') == False\n    assert candidate('abba') == True\n\ndef test_check():\n    check(text_match_one)\n\ntest_check()\n",
      "timestamp": 1665509798,
      "stdout": "",
      "stderr": "Traceback (most recent call last):\n  File \"/tmp/tmpd97gbbhy.py\", line 19, in <module>\n    test_check()\n  File \"/tmp/tmpd97gbbhy.py\", line 17, in test_check\n    check(text_match_one)\n  File \"/tmp/tmpd97gbbhy.py\", line 12, in check\n    assert candidate('ac') == False\n  File \"/tmp/tmpd97gbbhy.py\", line 6, in text_match_one\n    if re.search(pattern, text):\nNameError: name 're' is not defined\n",
      "exit_code": 1,
      "status": "Exception"
    },
    {
      "program": "def text_match_one(text: str) -> bool:\n    \"\"\"\n\tWrite a function that matches a string that has an a followed by one or more b's.\n\t\"\"\"\n    pattern = r\"ab+\"\n    if re.search(pattern, text):\n        return True\n    return False\n\n\ndef check(candidate):\n    assert candidate('ac') == False\n    assert candidate('dc') == False\n    assert candidate('abba') == True\n\ndef test_check():\n    check(text_match_one)\n\ntest_check()\n",
      "timestamp": 1665509798,
      "stdout": "",
      "stderr": "Traceback (most recent call last):\n  File \"/tmp/tmpd97gbbhy.py\", line 19, in <module>\n    test_check()\n  File \"/tmp/tmpd97gbbhy.py\", line 17, in test_check\n    check(text_match_one)\n  File \"/tmp/tmpd97gbbhy.py\", line 12, in check\n    assert candidate('ac') == False\n  File \"/tmp/tmpd97gbbhy.py\", line 6, in text_match_one\n    if re.search(pattern, text):\nNameError: name 're' is not defined\n",
      "exit_code": 1,
      "status": "Exception"
    },
    {
      "program": "def text_match_one(text: str) -> bool:\n    \"\"\"\n\tWrite a function that matches a string that has an a followed by one or more b's.\n\t\"\"\"\n    return re.match(r\"ab+\", text)\n\n\ndef check(candidate):\n    assert candidate('ac') == False\n    assert candidate('dc') == False\n    assert candidate('abba') == True\n\ndef test_check():\n    check(text_match_one)\n\ntest_check()\n",
      "timestamp": 1665509798,
      "stdout": "",
      "stderr": "Traceback (most recent call last):\n  File \"/tmp/tmp2y_mu4bd.py\", line 16, in <module>\n    test_check()\n  File \"/tmp/tmp2y_mu4bd.py\", line 14, in test_check\n    check(text_match_one)\n  File \"/tmp/tmp2y_mu4bd.py\", line 9, in check\n    assert candidate('ac') == False\n  File \"/tmp/tmp2y_mu4bd.py\", line 5, in text_match_one\n    return re.match(r\"ab+\", text)\nNameError: name 're' is not defined\n",
      "exit_code": 1,
      "status": "Exception"
    },
    {
      "program": "def text_match_one(text: str) -> bool:\n    \"\"\"\n\tWrite a function that matches a string that has an a followed by one or more b's.\n\t\"\"\"\n    return re.search(r\"ab+\", text)\n\n\ndef check(candidate):\n    assert candidate('ac') == False\n    assert candidate('dc') == False\n    assert candidate('abba') == True\n\ndef test_check():\n    check(text_match_one)\n\ntest_check()\n",
      "timestamp": 1665509798,
      "stdout": "",
      "stderr": "Traceback (most recent call last):\n  File \"/tmp/tmpzibzrbj5.py\", line 16, in <module>\n    test_check()\n  File \"/tmp/tmpzibzrbj5.py\", line 14, in test_check\n    check(text_match_one)\n  File \"/tmp/tmpzibzrbj5.py\", line 9, in check\n    assert candidate('ac') == False\n  File \"/tmp/tmpzibzrbj5.py\", line 5, in text_match_one\n    return re.search(r\"ab+\", text)\nNameError: name 're' is not defined\n",
      "exit_code": 1,
      "status": "Exception"
    },
    {
      "program": "def text_match_one(text: str) -> bool:\n    \"\"\"\n\tWrite a function that matches a string that has an a followed by one or more b's.\n\t\"\"\"\n    return re.search(r\"ab+\", text) is not None\n\n\ndef check(candidate):\n    assert candidate('ac') == False\n    assert candidate('dc') == False\n    assert candidate('abba') == True\n\ndef test_check():\n    check(text_match_one)\n\ntest_check()\n",
      "timestamp": 1665509798,
      "stdout": "",
      "stderr": "Traceback (most recent call last):\n  File \"/tmp/tmpdvb6kl1t.py\", line 16, in <module>\n    test_check()\n  File \"/tmp/tmpdvb6kl1t.py\", line 14, in test_check\n    check(text_match_one)\n  File \"/tmp/tmpdvb6kl1t.py\", line 9, in check\n    assert candidate('ac') == False\n  File \"/tmp/tmpdvb6kl1t.py\", line 5, in text_match_one\n    return re.search(r\"ab+\", text) is not None\nNameError: name 're' is not defined\n",
      "exit_code": 1,
      "status": "Exception"
    },
    {
      "program": "def text_match_one(text: str) -> bool:\n    \"\"\"\n\tWrite a function that matches a string that has an a followed by one or more b's.\n\t\"\"\"\n    return re.search(r\"ab+\", text)\n\n\ndef check(candidate):\n    assert candidate('ac') == False\n    assert candidate('dc') == False\n    assert candidate('abba') == True\n\ndef test_check():\n    check(text_match_one)\n\ntest_check()\n",
      "timestamp": 1665509798,
      "stdout": "",
      "stderr": "Traceback (most recent call last):\n  File \"/tmp/tmpzibzrbj5.py\", line 16, in <module>\n    test_check()\n  File \"/tmp/tmpzibzrbj5.py\", line 14, in test_check\n    check(text_match_one)\n  File \"/tmp/tmpzibzrbj5.py\", line 9, in check\n    assert candidate('ac') == False\n  File \"/tmp/tmpzibzrbj5.py\", line 5, in text_match_one\n    return re.search(r\"ab+\", text)\nNameError: name 're' is not defined\n",
      "exit_code": 1,
      "status": "Exception"
    },
    {
      "program": "def text_match_one(text: str) -> bool:\n    \"\"\"\n\tWrite a function that matches a string that has an a followed by one or more b's.\n\t\"\"\"\n    return re.search(r\"ab+\", text) is not None\n\n\ndef check(candidate):\n    assert candidate('ac') == False\n    assert candidate('dc') == False\n    assert candidate('abba') == True\n\ndef test_check():\n    check(text_match_one)\n\ntest_check()\n",
      "timestamp": 1665509798,
      "stdout": "",
      "stderr": "Traceback (most recent call last):\n  File \"/tmp/tmpdvb6kl1t.py\", line 16, in <module>\n    test_check()\n  File \"/tmp/tmpdvb6kl1t.py\", line 14, in test_check\n    check(text_match_one)\n  File \"/tmp/tmpdvb6kl1t.py\", line 9, in check\n    assert candidate('ac') == False\n  File \"/tmp/tmpdvb6kl1t.py\", line 5, in text_match_one\n    return re.search(r\"ab+\", text) is not None\nNameError: name 're' is not defined\n",
      "exit_code": 1,
      "status": "Exception"
    },
    {
      "program": "def text_match_one(text: str) -> bool:\n    \"\"\"\n\tWrite a function that matches a string that has an a followed by one or more b's.\n\t\"\"\"\n    return re.search(r\"ab+\", text) is not None\n\n\ndef check(candidate):\n    assert candidate('ac') == False\n    assert candidate('dc') == False\n    assert candidate('abba') == True\n\ndef test_check():\n    check(text_match_one)\n\ntest_check()\n",
      "timestamp": 1665509798,
      "stdout": "",
      "stderr": "Traceback (most recent call last):\n  File \"/tmp/tmpdvb6kl1t.py\", line 16, in <module>\n    test_check()\n  File \"/tmp/tmpdvb6kl1t.py\", line 14, in test_check\n    check(text_match_one)\n  File \"/tmp/tmpdvb6kl1t.py\", line 9, in check\n    assert candidate('ac') == False\n  File \"/tmp/tmpdvb6kl1t.py\", line 5, in text_match_one\n    return re.search(r\"ab+\", text) is not None\nNameError: name 're' is not defined\n",
      "exit_code": 1,
      "status": "Exception"
    },
    {
      "program": "def text_match_one(text: str) -> bool:\n    \"\"\"\n\tWrite a function that matches a string that has an a followed by one or more b's.\n\t\"\"\"\n    return re.search(r\"ab+\", text) is not None\n\n\ndef check(candidate):\n    assert candidate('ac') == False\n    assert candidate('dc') == False\n    assert candidate('abba') == True\n\ndef test_check():\n    check(text_match_one)\n\ntest_check()\n",
      "timestamp": 1665509798,
      "stdout": "",
      "stderr": "Traceback (most recent call last):\n  File \"/tmp/tmpdvb6kl1t.py\", line 16, in <module>\n    test_check()\n  File \"/tmp/tmpdvb6kl1t.py\", line 14, in test_check\n    check(text_match_one)\n  File \"/tmp/tmpdvb6kl1t.py\", line 9, in check\n    assert candidate('ac') == False\n  File \"/tmp/tmpdvb6kl1t.py\", line 5, in text_match_one\n    return re.search(r\"ab+\", text) is not None\nNameError: name 're' is not defined\n",
      "exit_code": 1,
      "status": "Exception"
    },
    {
      "program": "def text_match_one(text: str) -> bool:\n    \"\"\"\n\tWrite a function that matches a string that has an a followed by one or more b's.\n\t\"\"\"\n    pattern = re.compile(r\"ab+\")\n    if re.search(pattern, text):\n        return True\n    return False\n\n\ndef check(candidate):\n    assert candidate('ac') == False\n    assert candidate('dc') == False\n    assert candidate('abba') == True\n\ndef test_check():\n    check(text_match_one)\n\ntest_check()\n",
      "timestamp": 1665509798,
      "stdout": "",
      "stderr": "Traceback (most recent call last):\n  File \"/tmp/tmpg2qm5899.py\", line 19, in <module>\n    test_check()\n  File \"/tmp/tmpg2qm5899.py\", line 17, in test_check\n    check(text_match_one)\n  File \"/tmp/tmpg2qm5899.py\", line 12, in check\n    assert candidate('ac') == False\n  File \"/tmp/tmpg2qm5899.py\", line 5, in text_match_one\n    pattern = re.compile(r\"ab+\")\nNameError: name 're' is not defined\n",
      "exit_code": 1,
      "status": "Exception"
    },
    {
      "program": "def text_match_one(text: str) -> bool:\n    \"\"\"\n\tWrite a function that matches a string that has an a followed by one or more b's.\n\t\"\"\"\n    return re.search(r\"ab+\", text) is not None\n\n\ndef check(candidate):\n    assert candidate('ac') == False\n    assert candidate('dc') == False\n    assert candidate('abba') == True\n\ndef test_check():\n    check(text_match_one)\n\ntest_check()\n",
      "timestamp": 1665509798,
      "stdout": "",
      "stderr": "Traceback (most recent call last):\n  File \"/tmp/tmpdvb6kl1t.py\", line 16, in <module>\n    test_check()\n  File \"/tmp/tmpdvb6kl1t.py\", line 14, in test_check\n    check(text_match_one)\n  File \"/tmp/tmpdvb6kl1t.py\", line 9, in check\n    assert candidate('ac') == False\n  File \"/tmp/tmpdvb6kl1t.py\", line 5, in text_match_one\n    return re.search(r\"ab+\", text) is not None\nNameError: name 're' is not defined\n",
      "exit_code": 1,
      "status": "Exception"
    },
    {
      "program": "def text_match_one(text: str) -> bool:\n    \"\"\"\n\tWrite a function that matches a string that has an a followed by one or more b's.\n\t\"\"\"\n    return re.search(r\"ab+\", text)\n\n\ndef check(candidate):\n    assert candidate('ac') == False\n    assert candidate('dc') == False\n    assert candidate('abba') == True\n\ndef test_check():\n    check(text_match_one)\n\ntest_check()\n",
      "timestamp": 1665509798,
      "stdout": "",
      "stderr": "Traceback (most recent call last):\n  File \"/tmp/tmpzibzrbj5.py\", line 16, in <module>\n    test_check()\n  File \"/tmp/tmpzibzrbj5.py\", line 14, in test_check\n    check(text_match_one)\n  File \"/tmp/tmpzibzrbj5.py\", line 9, in check\n    assert candidate('ac') == False\n  File \"/tmp/tmpzibzrbj5.py\", line 5, in text_match_one\n    return re.search(r\"ab+\", text)\nNameError: name 're' is not defined\n",
      "exit_code": 1,
      "status": "Exception"
    },
    {
      "program": "def text_match_one(text: str) -> bool:\n    \"\"\"\n\tWrite a function that matches a string that has an a followed by one or more b's.\n\t\"\"\"\n    return re.match(r\"ab+\", text)\n\n\ndef check(candidate):\n    assert candidate('ac') == False\n    assert candidate('dc') == False\n    assert candidate('abba') == True\n\ndef test_check():\n    check(text_match_one)\n\ntest_check()\n",
      "timestamp": 1665509798,
      "stdout": "",
      "stderr": "Traceback (most recent call last):\n  File \"/tmp/tmp2y_mu4bd.py\", line 16, in <module>\n    test_check()\n  File \"/tmp/tmp2y_mu4bd.py\", line 14, in test_check\n    check(text_match_one)\n  File \"/tmp/tmp2y_mu4bd.py\", line 9, in check\n    assert candidate('ac') == False\n  File \"/tmp/tmp2y_mu4bd.py\", line 5, in text_match_one\n    return re.match(r\"ab+\", text)\nNameError: name 're' is not defined\n",
      "exit_code": 1,
      "status": "Exception"
    },
    {
      "program": "def text_match_one(text: str) -> bool:\n    \"\"\"\n\tWrite a function that matches a string that has an a followed by one or more b's.\n\t\"\"\"\n    return bool(re.search(r\"ab+\", text))\n\n\ndef check(candidate):\n    assert candidate('ac') == False\n    assert candidate('dc') == False\n    assert candidate('abba') == True\n\ndef test_check():\n    check(text_match_one)\n\ntest_check()\n",
      "timestamp": 1665509798,
      "stdout": "",
      "stderr": "Traceback (most recent call last):\n  File \"/tmp/tmp83l71lxf.py\", line 16, in <module>\n    test_check()\n  File \"/tmp/tmp83l71lxf.py\", line 14, in test_check\n    check(text_match_one)\n  File \"/tmp/tmp83l71lxf.py\", line 9, in check\n    assert candidate('ac') == False\n  File \"/tmp/tmp83l71lxf.py\", line 5, in text_match_one\n    return bool(re.search(r\"ab+\", text))\nNameError: name 're' is not defined\n",
      "exit_code": 1,
      "status": "Exception"
    },
    {
      "program": "def text_match_one(text: str) -> bool:\n    \"\"\"\n\tWrite a function that matches a string that has an a followed by one or more b's.\n\t\"\"\"\n    return bool(re.search(r\"ab+\", text))\n\n\ndef check(candidate):\n    assert candidate('ac') == False\n    assert candidate('dc') == False\n    assert candidate('abba') == True\n\ndef test_check():\n    check(text_match_one)\n\ntest_check()\n",
      "timestamp": 1665509798,
      "stdout": "",
      "stderr": "Traceback (most recent call last):\n  File \"/tmp/tmp83l71lxf.py\", line 16, in <module>\n    test_check()\n  File \"/tmp/tmp83l71lxf.py\", line 14, in test_check\n    check(text_match_one)\n  File \"/tmp/tmp83l71lxf.py\", line 9, in check\n    assert candidate('ac') == False\n  File \"/tmp/tmp83l71lxf.py\", line 5, in text_match_one\n    return bool(re.search(r\"ab+\", text))\nNameError: name 're' is not defined\n",
      "exit_code": 1,
      "status": "Exception"
    },
    {
      "program": "def text_match_one(text: str) -> bool:\n    \"\"\"\n\tWrite a function that matches a string that has an a followed by one or more b's.\n\t\"\"\"\n    return bool(re.match(r\"ab+\", text))\n\n\ndef check(candidate):\n    assert candidate('ac') == False\n    assert candidate('dc') == False\n    assert candidate('abba') == True\n\ndef test_check():\n    check(text_match_one)\n\ntest_check()\n",
      "timestamp": 1665509798,
      "stdout": "",
      "stderr": "Traceback (most recent call last):\n  File \"/tmp/tmpratng62m.py\", line 16, in <module>\n    test_check()\n  File \"/tmp/tmpratng62m.py\", line 14, in test_check\n    check(text_match_one)\n  File \"/tmp/tmpratng62m.py\", line 9, in check\n    assert candidate('ac') == False\n  File \"/tmp/tmpratng62m.py\", line 5, in text_match_one\n    return bool(re.match(r\"ab+\", text))\nNameError: name 're' is not defined\n",
      "exit_code": 1,
      "status": "Exception"
    },
    {
      "program": "def text_match_one(text: str) -> bool:\n    \"\"\"\n\tWrite a function that matches a string that has an a followed by one or more b's.\n\t\"\"\"\n    return re.search(r\"ab+\", text) is not None\n\n\ndef check(candidate):\n    assert candidate('ac') == False\n    assert candidate('dc') == False\n    assert candidate('abba') == True\n\ndef test_check():\n    check(text_match_one)\n\ntest_check()\n",
      "timestamp": 1665509798,
      "stdout": "",
      "stderr": "Traceback (most recent call last):\n  File \"/tmp/tmpdvb6kl1t.py\", line 16, in <module>\n    test_check()\n  File \"/tmp/tmpdvb6kl1t.py\", line 14, in test_check\n    check(text_match_one)\n  File \"/tmp/tmpdvb6kl1t.py\", line 9, in check\n    assert candidate('ac') == False\n  File \"/tmp/tmpdvb6kl1t.py\", line 5, in text_match_one\n    return re.search(r\"ab+\", text) is not None\nNameError: name 're' is not defined\n",
      "exit_code": 1,
      "status": "Exception"
    },
    {
      "program": "def text_match_one(text: str) -> bool:\n    \"\"\"\n\tWrite a function that matches a string that has an a followed by one or more b's.\n\t\"\"\"\n    return re.search(r\"ab+\", text) is not None\n\n\ndef check(candidate):\n    assert candidate('ac') == False\n    assert candidate('dc') == False\n    assert candidate('abba') == True\n\ndef test_check():\n    check(text_match_one)\n\ntest_check()\n",
      "timestamp": 1665509798,
      "stdout": "",
      "stderr": "Traceback (most recent call last):\n  File \"/tmp/tmpdvb6kl1t.py\", line 16, in <module>\n    test_check()\n  File \"/tmp/tmpdvb6kl1t.py\", line 14, in test_check\n    check(text_match_one)\n  File \"/tmp/tmpdvb6kl1t.py\", line 9, in check\n    assert candidate('ac') == False\n  File \"/tmp/tmpdvb6kl1t.py\", line 5, in text_match_one\n    return re.search(r\"ab+\", text) is not None\nNameError: name 're' is not defined\n",
      "exit_code": 1,
      "status": "Exception"
    },
    {
      "program": "def text_match_one(text: str) -> bool:\n    \"\"\"\n\tWrite a function that matches a string that has an a followed by one or more b's.\n\t\"\"\"\n    pattern = r\"ab+\"\n    if re.search(pattern, text):\n        return True\n    return False\n\n\ndef check(candidate):\n    assert candidate('ac') == False\n    assert candidate('dc') == False\n    assert candidate('abba') == True\n\ndef test_check():\n    check(text_match_one)\n\ntest_check()\n",
      "timestamp": 1665509798,
      "stdout": "",
      "stderr": "Traceback (most recent call last):\n  File \"/tmp/tmpd97gbbhy.py\", line 19, in <module>\n    test_check()\n  File \"/tmp/tmpd97gbbhy.py\", line 17, in test_check\n    check(text_match_one)\n  File \"/tmp/tmpd97gbbhy.py\", line 12, in check\n    assert candidate('ac') == False\n  File \"/tmp/tmpd97gbbhy.py\", line 6, in text_match_one\n    if re.search(pattern, text):\nNameError: name 're' is not defined\n",
      "exit_code": 1,
      "status": "Exception"
    },
    {
      "program": "def text_match_one(text: str) -> bool:\n    \"\"\"\n\tWrite a function that matches a string that has an a followed by one or more b's.\n\t\"\"\"\n    return re.search(r\"ab+\", text)\n\n\ndef check(candidate):\n    assert candidate('ac') == False\n    assert candidate('dc') == False\n    assert candidate('abba') == True\n\ndef test_check():\n    check(text_match_one)\n\ntest_check()\n",
      "timestamp": 1665509798,
      "stdout": "",
      "stderr": "Traceback (most recent call last):\n  File \"/tmp/tmpzibzrbj5.py\", line 16, in <module>\n    test_check()\n  File \"/tmp/tmpzibzrbj5.py\", line 14, in test_check\n    check(text_match_one)\n  File \"/tmp/tmpzibzrbj5.py\", line 9, in check\n    assert candidate('ac') == False\n  File \"/tmp/tmpzibzrbj5.py\", line 5, in text_match_one\n    return re.search(r\"ab+\", text)\nNameError: name 're' is not defined\n",
      "exit_code": 1,
      "status": "Exception"
    },
    {
      "program": "def text_match_one(text: str) -> bool:\n    \"\"\"\n\tWrite a function that matches a string that has an a followed by one or more b's.\n\t\"\"\"\n    return re.search(r\"ab+\", text) is not None\n\n\ndef check(candidate):\n    assert candidate('ac') == False\n    assert candidate('dc') == False\n    assert candidate('abba') == True\n\ndef test_check():\n    check(text_match_one)\n\ntest_check()\n",
      "timestamp": 1665509798,
      "stdout": "",
      "stderr": "Traceback (most recent call last):\n  File \"/tmp/tmpdvb6kl1t.py\", line 16, in <module>\n    test_check()\n  File \"/tmp/tmpdvb6kl1t.py\", line 14, in test_check\n    check(text_match_one)\n  File \"/tmp/tmpdvb6kl1t.py\", line 9, in check\n    assert candidate('ac') == False\n  File \"/tmp/tmpdvb6kl1t.py\", line 5, in text_match_one\n    return re.search(r\"ab+\", text) is not None\nNameError: name 're' is not defined\n",
      "exit_code": 1,
      "status": "Exception"
    },
    {
      "program": "def text_match_one(text: str) -> bool:\n    \"\"\"\n\tWrite a function that matches a string that has an a followed by one or more b's.\n\t\"\"\"\n    return re.search(r'ab+', text) is not None\n\n\ndef check(candidate):\n    assert candidate('ac') == False\n    assert candidate('dc') == False\n    assert candidate('abba') == True\n\ndef test_check():\n    check(text_match_one)\n\ntest_check()\n",
      "timestamp": 1665509798,
      "stdout": "",
      "stderr": "Traceback (most recent call last):\n  File \"/tmp/tmp4xp19sft.py\", line 16, in <module>\n    test_check()\n  File \"/tmp/tmp4xp19sft.py\", line 14, in test_check\n    check(text_match_one)\n  File \"/tmp/tmp4xp19sft.py\", line 9, in check\n    assert candidate('ac') == False\n  File \"/tmp/tmp4xp19sft.py\", line 5, in text_match_one\n    return re.search(r'ab+', text) is not None\nNameError: name 're' is not defined\n",
      "exit_code": 1,
      "status": "Exception"
    },
    {
      "program": "def text_match_one(text: str) -> bool:\n    \"\"\"\n\tWrite a function that matches a string that has an a followed by one or more b's.\n\t\"\"\"\n    return re.search(r\"ab+\", text)\n\n\ndef check(candidate):\n    assert candidate('ac') == False\n    assert candidate('dc') == False\n    assert candidate('abba') == True\n\ndef test_check():\n    check(text_match_one)\n\ntest_check()\n",
      "timestamp": 1665509798,
      "stdout": "",
      "stderr": "Traceback (most recent call last):\n  File \"/tmp/tmpzibzrbj5.py\", line 16, in <module>\n    test_check()\n  File \"/tmp/tmpzibzrbj5.py\", line 14, in test_check\n    check(text_match_one)\n  File \"/tmp/tmpzibzrbj5.py\", line 9, in check\n    assert candidate('ac') == False\n  File \"/tmp/tmpzibzrbj5.py\", line 5, in text_match_one\n    return re.search(r\"ab+\", text)\nNameError: name 're' is not defined\n",
      "exit_code": 1,
      "status": "Exception"
    },
    {
      "program": "def text_match_one(text: str) -> bool:\n    \"\"\"\n\tWrite a function that matches a string that has an a followed by one or more b's.\n\t\"\"\"\n    return bool(re.match(r\"ab+\", text))\n\n\ndef check(candidate):\n    assert candidate('ac') == False\n    assert candidate('dc') == False\n    assert candidate('abba') == True\n\ndef test_check():\n    check(text_match_one)\n\ntest_check()\n",
      "timestamp": 1665509798,
      "stdout": "",
      "stderr": "Traceback (most recent call last):\n  File \"/tmp/tmpratng62m.py\", line 16, in <module>\n    test_check()\n  File \"/tmp/tmpratng62m.py\", line 14, in test_check\n    check(text_match_one)\n  File \"/tmp/tmpratng62m.py\", line 9, in check\n    assert candidate('ac') == False\n  File \"/tmp/tmpratng62m.py\", line 5, in text_match_one\n    return bool(re.match(r\"ab+\", text))\nNameError: name 're' is not defined\n",
      "exit_code": 1,
      "status": "Exception"
    },
    {
      "program": "def text_match_one(text: str) -> bool:\n    \"\"\"\n\tWrite a function that matches a string that has an a followed by one or more b's.\n\t\"\"\"\n    return re.match(r\"ab+\", text)\n\n\ndef check(candidate):\n    assert candidate('ac') == False\n    assert candidate('dc') == False\n    assert candidate('abba') == True\n\ndef test_check():\n    check(text_match_one)\n\ntest_check()\n",
      "timestamp": 1665509798,
      "stdout": "",
      "stderr": "Traceback (most recent call last):\n  File \"/tmp/tmp2y_mu4bd.py\", line 16, in <module>\n    test_check()\n  File \"/tmp/tmp2y_mu4bd.py\", line 14, in test_check\n    check(text_match_one)\n  File \"/tmp/tmp2y_mu4bd.py\", line 9, in check\n    assert candidate('ac') == False\n  File \"/tmp/tmp2y_mu4bd.py\", line 5, in text_match_one\n    return re.match(r\"ab+\", text)\nNameError: name 're' is not defined\n",
      "exit_code": 1,
      "status": "Exception"
    },
    {
      "program": "def text_match_one(text: str) -> bool:\n    \"\"\"\n\tWrite a function that matches a string that has an a followed by one or more b's.\n\t\"\"\"\n    return re.search(r\"ab+\", text) is not None\n\n\ndef check(candidate):\n    assert candidate('ac') == False\n    assert candidate('dc') == False\n    assert candidate('abba') == True\n\ndef test_check():\n    check(text_match_one)\n\ntest_check()\n",
      "timestamp": 1665509798,
      "stdout": "",
      "stderr": "Traceback (most recent call last):\n  File \"/tmp/tmpdvb6kl1t.py\", line 16, in <module>\n    test_check()\n  File \"/tmp/tmpdvb6kl1t.py\", line 14, in test_check\n    check(text_match_one)\n  File \"/tmp/tmpdvb6kl1t.py\", line 9, in check\n    assert candidate('ac') == False\n  File \"/tmp/tmpdvb6kl1t.py\", line 5, in text_match_one\n    return re.search(r\"ab+\", text) is not None\nNameError: name 're' is not defined\n",
      "exit_code": 1,
      "status": "Exception"
    },
    {
      "program": "def text_match_one(text: str) -> bool:\n    \"\"\"\n\tWrite a function that matches a string that has an a followed by one or more b's.\n\t\"\"\"\n    return re.search(r\"ab+\", text)\n\n\ndef check(candidate):\n    assert candidate('ac') == False\n    assert candidate('dc') == False\n    assert candidate('abba') == True\n\ndef test_check():\n    check(text_match_one)\n\ntest_check()\n",
      "timestamp": 1665509798,
      "stdout": "",
      "stderr": "Traceback (most recent call last):\n  File \"/tmp/tmpzibzrbj5.py\", line 16, in <module>\n    test_check()\n  File \"/tmp/tmpzibzrbj5.py\", line 14, in test_check\n    check(text_match_one)\n  File \"/tmp/tmpzibzrbj5.py\", line 9, in check\n    assert candidate('ac') == False\n  File \"/tmp/tmpzibzrbj5.py\", line 5, in text_match_one\n    return re.search(r\"ab+\", text)\nNameError: name 're' is not defined\n",
      "exit_code": 1,
      "status": "Exception"
    },
    {
      "program": "def text_match_one(text: str) -> bool:\n    \"\"\"\n\tWrite a function that matches a string that has an a followed by one or more b's.\n\t\"\"\"\n    return re.search(r\"ab+\", text) is not None\n\n\ndef check(candidate):\n    assert candidate('ac') == False\n    assert candidate('dc') == False\n    assert candidate('abba') == True\n\ndef test_check():\n    check(text_match_one)\n\ntest_check()\n",
      "timestamp": 1665509798,
      "stdout": "",
      "stderr": "Traceback (most recent call last):\n  File \"/tmp/tmpdvb6kl1t.py\", line 16, in <module>\n    test_check()\n  File \"/tmp/tmpdvb6kl1t.py\", line 14, in test_check\n    check(text_match_one)\n  File \"/tmp/tmpdvb6kl1t.py\", line 9, in check\n    assert candidate('ac') == False\n  File \"/tmp/tmpdvb6kl1t.py\", line 5, in text_match_one\n    return re.search(r\"ab+\", text) is not None\nNameError: name 're' is not defined\n",
      "exit_code": 1,
      "status": "Exception"
    },
    {
      "program": "def text_match_one(text: str) -> bool:\n    \"\"\"\n\tWrite a function that matches a string that has an a followed by one or more b's.\n\t\"\"\"\n    return re.search(r\"ab+\", text) is not None\n\n\ndef check(candidate):\n    assert candidate('ac') == False\n    assert candidate('dc') == False\n    assert candidate('abba') == True\n\ndef test_check():\n    check(text_match_one)\n\ntest_check()\n",
      "timestamp": 1665509798,
      "stdout": "",
      "stderr": "Traceback (most recent call last):\n  File \"/tmp/tmpdvb6kl1t.py\", line 16, in <module>\n    test_check()\n  File \"/tmp/tmpdvb6kl1t.py\", line 14, in test_check\n    check(text_match_one)\n  File \"/tmp/tmpdvb6kl1t.py\", line 9, in check\n    assert candidate('ac') == False\n  File \"/tmp/tmpdvb6kl1t.py\", line 5, in text_match_one\n    return re.search(r\"ab+\", text) is not None\nNameError: name 're' is not defined\n",
      "exit_code": 1,
      "status": "Exception"
    },
    {
      "program": "def text_match_one(text: str) -> bool:\n    \"\"\"\n\tWrite a function that matches a string that has an a followed by one or more b's.\n\t\"\"\"\n    return re.search(r\"ab+\", text)\n\n\ndef check(candidate):\n    assert candidate('ac') == False\n    assert candidate('dc') == False\n    assert candidate('abba') == True\n\ndef test_check():\n    check(text_match_one)\n\ntest_check()\n",
      "timestamp": 1665509798,
      "stdout": "",
      "stderr": "Traceback (most recent call last):\n  File \"/tmp/tmpzibzrbj5.py\", line 16, in <module>\n    test_check()\n  File \"/tmp/tmpzibzrbj5.py\", line 14, in test_check\n    check(text_match_one)\n  File \"/tmp/tmpzibzrbj5.py\", line 9, in check\n    assert candidate('ac') == False\n  File \"/tmp/tmpzibzrbj5.py\", line 5, in text_match_one\n    return re.search(r\"ab+\", text)\nNameError: name 're' is not defined\n",
      "exit_code": 1,
      "status": "Exception"
    },
    {
      "program": "def text_match_one(text: str) -> bool:\n    \"\"\"\n\tWrite a function that matches a string that has an a followed by one or more b's.\n\t\"\"\"\n    return re.search(r\"ab+\", text)\n\n\ndef check(candidate):\n    assert candidate('ac') == False\n    assert candidate('dc') == False\n    assert candidate('abba') == True\n\ndef test_check():\n    check(text_match_one)\n\ntest_check()\n",
      "timestamp": 1665509798,
      "stdout": "",
      "stderr": "Traceback (most recent call last):\n  File \"/tmp/tmpzibzrbj5.py\", line 16, in <module>\n    test_check()\n  File \"/tmp/tmpzibzrbj5.py\", line 14, in test_check\n    check(text_match_one)\n  File \"/tmp/tmpzibzrbj5.py\", line 9, in check\n    assert candidate('ac') == False\n  File \"/tmp/tmpzibzrbj5.py\", line 5, in text_match_one\n    return re.search(r\"ab+\", text)\nNameError: name 're' is not defined\n",
      "exit_code": 1,
      "status": "Exception"
    },
    {
      "program": "def text_match_one(text: str) -> bool:\n    \"\"\"\n\tWrite a function that matches a string that has an a followed by one or more b's.\n\t\"\"\"\n    return re.search(r\"ab+\", text)\n\n\ndef check(candidate):\n    assert candidate('ac') == False\n    assert candidate('dc') == False\n    assert candidate('abba') == True\n\ndef test_check():\n    check(text_match_one)\n\ntest_check()\n",
      "timestamp": 1665509798,
      "stdout": "",
      "stderr": "Traceback (most recent call last):\n  File \"/tmp/tmpzibzrbj5.py\", line 16, in <module>\n    test_check()\n  File \"/tmp/tmpzibzrbj5.py\", line 14, in test_check\n    check(text_match_one)\n  File \"/tmp/tmpzibzrbj5.py\", line 9, in check\n    assert candidate('ac') == False\n  File \"/tmp/tmpzibzrbj5.py\", line 5, in text_match_one\n    return re.search(r\"ab+\", text)\nNameError: name 're' is not defined\n",
      "exit_code": 1,
      "status": "Exception"
    },
    {
      "program": "def text_match_one(text: str) -> bool:\n    \"\"\"\n\tWrite a function that matches a string that has an a followed by one or more b's.\n\t\"\"\"\n    return re.search(r\"ab+\", text)\n\n\ndef check(candidate):\n    assert candidate('ac') == False\n    assert candidate('dc') == False\n    assert candidate('abba') == True\n\ndef test_check():\n    check(text_match_one)\n\ntest_check()\n",
      "timestamp": 1665509798,
      "stdout": "",
      "stderr": "Traceback (most recent call last):\n  File \"/tmp/tmpzibzrbj5.py\", line 16, in <module>\n    test_check()\n  File \"/tmp/tmpzibzrbj5.py\", line 14, in test_check\n    check(text_match_one)\n  File \"/tmp/tmpzibzrbj5.py\", line 9, in check\n    assert candidate('ac') == False\n  File \"/tmp/tmpzibzrbj5.py\", line 5, in text_match_one\n    return re.search(r\"ab+\", text)\nNameError: name 're' is not defined\n",
      "exit_code": 1,
      "status": "Exception"
    },
    {
      "program": "def text_match_one(text: str) -> bool:\n    \"\"\"\n\tWrite a function that matches a string that has an a followed by one or more b's.\n\t\"\"\"\n    return re.search(r\"ab+\", text) is not None\n\n\ndef check(candidate):\n    assert candidate('ac') == False\n    assert candidate('dc') == False\n    assert candidate('abba') == True\n\ndef test_check():\n    check(text_match_one)\n\ntest_check()\n",
      "timestamp": 1665509798,
      "stdout": "",
      "stderr": "Traceback (most recent call last):\n  File \"/tmp/tmpdvb6kl1t.py\", line 16, in <module>\n    test_check()\n  File \"/tmp/tmpdvb6kl1t.py\", line 14, in test_check\n    check(text_match_one)\n  File \"/tmp/tmpdvb6kl1t.py\", line 9, in check\n    assert candidate('ac') == False\n  File \"/tmp/tmpdvb6kl1t.py\", line 5, in text_match_one\n    return re.search(r\"ab+\", text) is not None\nNameError: name 're' is not defined\n",
      "exit_code": 1,
      "status": "Exception"
    },
    {
      "program": "def text_match_one(text: str) -> bool:\n    \"\"\"\n\tWrite a function that matches a string that has an a followed by one or more b's.\n\t\"\"\"\n    return re.search(r\"ab+\", text) is not None\n\n\ndef check(candidate):\n    assert candidate('ac') == False\n    assert candidate('dc') == False\n    assert candidate('abba') == True\n\ndef test_check():\n    check(text_match_one)\n\ntest_check()\n",
      "timestamp": 1665509798,
      "stdout": "",
      "stderr": "Traceback (most recent call last):\n  File \"/tmp/tmpdvb6kl1t.py\", line 16, in <module>\n    test_check()\n  File \"/tmp/tmpdvb6kl1t.py\", line 14, in test_check\n    check(text_match_one)\n  File \"/tmp/tmpdvb6kl1t.py\", line 9, in check\n    assert candidate('ac') == False\n  File \"/tmp/tmpdvb6kl1t.py\", line 5, in text_match_one\n    return re.search(r\"ab+\", text) is not None\nNameError: name 're' is not defined\n",
      "exit_code": 1,
      "status": "Exception"
    },
    {
      "program": "def text_match_one(text: str) -> bool:\n    \"\"\"\n\tWrite a function that matches a string that has an a followed by one or more b's.\n\t\"\"\"\n    return bool(re.match(r\"ab+\", text))\n\n\ndef check(candidate):\n    assert candidate('ac') == False\n    assert candidate('dc') == False\n    assert candidate('abba') == True\n\ndef test_check():\n    check(text_match_one)\n\ntest_check()\n",
      "timestamp": 1665509798,
      "stdout": "",
      "stderr": "Traceback (most recent call last):\n  File \"/tmp/tmpratng62m.py\", line 16, in <module>\n    test_check()\n  File \"/tmp/tmpratng62m.py\", line 14, in test_check\n    check(text_match_one)\n  File \"/tmp/tmpratng62m.py\", line 9, in check\n    assert candidate('ac') == False\n  File \"/tmp/tmpratng62m.py\", line 5, in text_match_one\n    return bool(re.match(r\"ab+\", text))\nNameError: name 're' is not defined\n",
      "exit_code": 1,
      "status": "Exception"
    },
    {
      "program": "def text_match_one(text: str) -> bool:\n    \"\"\"\n\tWrite a function that matches a string that has an a followed by one or more b's.\n\t\"\"\"\n    return re.search(r\"ab+\", text)\n\n\ndef check(candidate):\n    assert candidate('ac') == False\n    assert candidate('dc') == False\n    assert candidate('abba') == True\n\ndef test_check():\n    check(text_match_one)\n\ntest_check()\n",
      "timestamp": 1665509798,
      "stdout": "",
      "stderr": "Traceback (most recent call last):\n  File \"/tmp/tmpzibzrbj5.py\", line 16, in <module>\n    test_check()\n  File \"/tmp/tmpzibzrbj5.py\", line 14, in test_check\n    check(text_match_one)\n  File \"/tmp/tmpzibzrbj5.py\", line 9, in check\n    assert candidate('ac') == False\n  File \"/tmp/tmpzibzrbj5.py\", line 5, in text_match_one\n    return re.search(r\"ab+\", text)\nNameError: name 're' is not defined\n",
      "exit_code": 1,
      "status": "Exception"
    },
    {
      "program": "def text_match_one(text: str) -> bool:\n    \"\"\"\n\tWrite a function that matches a string that has an a followed by one or more b's.\n\t\"\"\"\n    pattern = r\"ab+\"\n    if re.search(pattern, text):\n        return True\n    return False\n\n\ndef check(candidate):\n    assert candidate('ac') == False\n    assert candidate('dc') == False\n    assert candidate('abba') == True\n\ndef test_check():\n    check(text_match_one)\n\ntest_check()\n",
      "timestamp": 1665509798,
      "stdout": "",
      "stderr": "Traceback (most recent call last):\n  File \"/tmp/tmpd97gbbhy.py\", line 19, in <module>\n    test_check()\n  File \"/tmp/tmpd97gbbhy.py\", line 17, in test_check\n    check(text_match_one)\n  File \"/tmp/tmpd97gbbhy.py\", line 12, in check\n    assert candidate('ac') == False\n  File \"/tmp/tmpd97gbbhy.py\", line 6, in text_match_one\n    if re.search(pattern, text):\nNameError: name 're' is not defined\n",
      "exit_code": 1,
      "status": "Exception"
    },
    {
      "program": "def text_match_one(text: str) -> bool:\n    \"\"\"\n\tWrite a function that matches a string that has an a followed by one or more b's.\n\t\"\"\"\n    return bool(re.search(r'ab+', text))\n\n\ndef check(candidate):\n    assert candidate('ac') == False\n    assert candidate('dc') == False\n    assert candidate('abba') == True\n\ndef test_check():\n    check(text_match_one)\n\ntest_check()\n",
      "timestamp": 1666123975,
      "stdout": "",
      "stderr": "Traceback (most recent call last):\n  File \"/tmp/tmpadiycjmr.py\", line 16, in <module>\n    test_check()\n  File \"/tmp/tmpadiycjmr.py\", line 14, in test_check\n    check(text_match_one)\n  File \"/tmp/tmpadiycjmr.py\", line 9, in check\n    assert candidate('ac') == False\n  File \"/tmp/tmpadiycjmr.py\", line 5, in text_match_one\n    return bool(re.search(r'ab+', text))\nNameError: name 're' is not defined\n",
      "exit_code": 1,
      "status": "Exception"
    },
    {
      "program": "def text_match_one(text: str) -> bool:\n    \"\"\"\n\tWrite a function that matches a string that has an a followed by one or more b's.\n\t\"\"\"\n    return bool(re.match(r'ab+', text))\n\n\ndef check(candidate):\n    assert candidate('ac') == False\n    assert candidate('dc') == False\n    assert candidate('abba') == True\n\ndef test_check():\n    check(text_match_one)\n\ntest_check()\n",
      "timestamp": 1665509798,
      "stdout": "",
      "stderr": "Traceback (most recent call last):\n  File \"/tmp/tmpqdv1164f.py\", line 16, in <module>\n    test_check()\n  File \"/tmp/tmpqdv1164f.py\", line 14, in test_check\n    check(text_match_one)\n  File \"/tmp/tmpqdv1164f.py\", line 9, in check\n    assert candidate('ac') == False\n  File \"/tmp/tmpqdv1164f.py\", line 5, in text_match_one\n    return bool(re.match(r'ab+', text))\nNameError: name 're' is not defined\n",
      "exit_code": 1,
      "status": "Exception"
    },
    {
      "program": "def text_match_one(text: str) -> bool:\n    \"\"\"\n\tWrite a function that matches a string that has an a followed by one or more b's.\n\t\"\"\"\n    return re.search(r\"ab+\", text)\n\n\ndef check(candidate):\n    assert candidate('ac') == False\n    assert candidate('dc') == False\n    assert candidate('abba') == True\n\ndef test_check():\n    check(text_match_one)\n\ntest_check()\n",
      "timestamp": 1665509798,
      "stdout": "",
      "stderr": "Traceback (most recent call last):\n  File \"/tmp/tmpzibzrbj5.py\", line 16, in <module>\n    test_check()\n  File \"/tmp/tmpzibzrbj5.py\", line 14, in test_check\n    check(text_match_one)\n  File \"/tmp/tmpzibzrbj5.py\", line 9, in check\n    assert candidate('ac') == False\n  File \"/tmp/tmpzibzrbj5.py\", line 5, in text_match_one\n    return re.search(r\"ab+\", text)\nNameError: name 're' is not defined\n",
      "exit_code": 1,
      "status": "Exception"
    },
    {
      "program": "def text_match_one(text: str) -> bool:\n    \"\"\"\n\tWrite a function that matches a string that has an a followed by one or more b's.\n\t\"\"\"\n    pattern = r\"ab+\"\n    if re.search(pattern, text):\n        return True\n    return False\n\n\ndef check(candidate):\n    assert candidate('ac') == False\n    assert candidate('dc') == False\n    assert candidate('abba') == True\n\ndef test_check():\n    check(text_match_one)\n\ntest_check()\n",
      "timestamp": 1665509798,
      "stdout": "",
      "stderr": "Traceback (most recent call last):\n  File \"/tmp/tmpd97gbbhy.py\", line 19, in <module>\n    test_check()\n  File \"/tmp/tmpd97gbbhy.py\", line 17, in test_check\n    check(text_match_one)\n  File \"/tmp/tmpd97gbbhy.py\", line 12, in check\n    assert candidate('ac') == False\n  File \"/tmp/tmpd97gbbhy.py\", line 6, in text_match_one\n    if re.search(pattern, text):\nNameError: name 're' is not defined\n",
      "exit_code": 1,
      "status": "Exception"
    },
    {
      "program": "def text_match_one(text: str) -> bool:\n    \"\"\"\n\tWrite a function that matches a string that has an a followed by one or more b's.\n\t\"\"\"\n    return re.search(r\"ab+\", text)\n\n\ndef check(candidate):\n    assert candidate('ac') == False\n    assert candidate('dc') == False\n    assert candidate('abba') == True\n\ndef test_check():\n    check(text_match_one)\n\ntest_check()\n",
      "timestamp": 1665509798,
      "stdout": "",
      "stderr": "Traceback (most recent call last):\n  File \"/tmp/tmpzibzrbj5.py\", line 16, in <module>\n    test_check()\n  File \"/tmp/tmpzibzrbj5.py\", line 14, in test_check\n    check(text_match_one)\n  File \"/tmp/tmpzibzrbj5.py\", line 9, in check\n    assert candidate('ac') == False\n  File \"/tmp/tmpzibzrbj5.py\", line 5, in text_match_one\n    return re.search(r\"ab+\", text)\nNameError: name 're' is not defined\n",
      "exit_code": 1,
      "status": "Exception"
    },
    {
      "program": "def text_match_one(text: str) -> bool:\n    \"\"\"\n\tWrite a function that matches a string that has an a followed by one or more b's.\n\t\"\"\"\n    return re.search(r\"ab+\", text) is not None\n\n\ndef check(candidate):\n    assert candidate('ac') == False\n    assert candidate('dc') == False\n    assert candidate('abba') == True\n\ndef test_check():\n    check(text_match_one)\n\ntest_check()\n",
      "timestamp": 1665509798,
      "stdout": "",
      "stderr": "Traceback (most recent call last):\n  File \"/tmp/tmpdvb6kl1t.py\", line 16, in <module>\n    test_check()\n  File \"/tmp/tmpdvb6kl1t.py\", line 14, in test_check\n    check(text_match_one)\n  File \"/tmp/tmpdvb6kl1t.py\", line 9, in check\n    assert candidate('ac') == False\n  File \"/tmp/tmpdvb6kl1t.py\", line 5, in text_match_one\n    return re.search(r\"ab+\", text) is not None\nNameError: name 're' is not defined\n",
      "exit_code": 1,
      "status": "Exception"
    },
    {
      "program": "def text_match_one(text: str) -> bool:\n    \"\"\"\n\tWrite a function that matches a string that has an a followed by one or more b's.\n\t\"\"\"\n    return re.search(r'ab+', text) is not None\n\n\ndef check(candidate):\n    assert candidate('ac') == False\n    assert candidate('dc') == False\n    assert candidate('abba') == True\n\ndef test_check():\n    check(text_match_one)\n\ntest_check()\n",
      "timestamp": 1665509798,
      "stdout": "",
      "stderr": "Traceback (most recent call last):\n  File \"/tmp/tmp4xp19sft.py\", line 16, in <module>\n    test_check()\n  File \"/tmp/tmp4xp19sft.py\", line 14, in test_check\n    check(text_match_one)\n  File \"/tmp/tmp4xp19sft.py\", line 9, in check\n    assert candidate('ac') == False\n  File \"/tmp/tmp4xp19sft.py\", line 5, in text_match_one\n    return re.search(r'ab+', text) is not None\nNameError: name 're' is not defined\n",
      "exit_code": 1,
      "status": "Exception"
    },
    {
      "program": "def text_match_one(text: str) -> bool:\n    \"\"\"\n\tWrite a function that matches a string that has an a followed by one or more b's.\n\t\"\"\"\n    return re.search(r\"ab+\", text)\n\n\ndef check(candidate):\n    assert candidate('ac') == False\n    assert candidate('dc') == False\n    assert candidate('abba') == True\n\ndef test_check():\n    check(text_match_one)\n\ntest_check()\n",
      "timestamp": 1665509798,
      "stdout": "",
      "stderr": "Traceback (most recent call last):\n  File \"/tmp/tmpzibzrbj5.py\", line 16, in <module>\n    test_check()\n  File \"/tmp/tmpzibzrbj5.py\", line 14, in test_check\n    check(text_match_one)\n  File \"/tmp/tmpzibzrbj5.py\", line 9, in check\n    assert candidate('ac') == False\n  File \"/tmp/tmpzibzrbj5.py\", line 5, in text_match_one\n    return re.search(r\"ab+\", text)\nNameError: name 're' is not defined\n",
      "exit_code": 1,
      "status": "Exception"
    },
    {
      "program": "def text_match_one(text: str) -> bool:\n    \"\"\"\n\tWrite a function that matches a string that has an a followed by one or more b's.\n\t\"\"\"\n    return re.search(r\"ab+\", text) is not None\n\n\ndef check(candidate):\n    assert candidate('ac') == False\n    assert candidate('dc') == False\n    assert candidate('abba') == True\n\ndef test_check():\n    check(text_match_one)\n\ntest_check()\n",
      "timestamp": 1665509798,
      "stdout": "",
      "stderr": "Traceback (most recent call last):\n  File \"/tmp/tmpdvb6kl1t.py\", line 16, in <module>\n    test_check()\n  File \"/tmp/tmpdvb6kl1t.py\", line 14, in test_check\n    check(text_match_one)\n  File \"/tmp/tmpdvb6kl1t.py\", line 9, in check\n    assert candidate('ac') == False\n  File \"/tmp/tmpdvb6kl1t.py\", line 5, in text_match_one\n    return re.search(r\"ab+\", text) is not None\nNameError: name 're' is not defined\n",
      "exit_code": 1,
      "status": "Exception"
    },
    {
      "program": "def text_match_one(text: str) -> bool:\n    \"\"\"\n\tWrite a function that matches a string that has an a followed by one or more b's.\n\t\"\"\"\n    return re.search(r'ab+', text)\n\n\ndef check(candidate):\n    assert candidate('ac') == False\n    assert candidate('dc') == False\n    assert candidate('abba') == True\n\ndef test_check():\n    check(text_match_one)\n\ntest_check()\n",
      "timestamp": 1666123975,
      "stdout": "",
      "stderr": "Traceback (most recent call last):\n  File \"/tmp/tmpx4_rznk5.py\", line 16, in <module>\n    test_check()\n  File \"/tmp/tmpx4_rznk5.py\", line 14, in test_check\n    check(text_match_one)\n  File \"/tmp/tmpx4_rznk5.py\", line 9, in check\n    assert candidate('ac') == False\n  File \"/tmp/tmpx4_rznk5.py\", line 5, in text_match_one\n    return re.search(r'ab+', text)\nNameError: name 're' is not defined\n",
      "exit_code": 1,
      "status": "Exception"
    },
    {
      "program": "def text_match_one(text: str) -> bool:\n    \"\"\"\n\tWrite a function that matches a string that has an a followed by one or more b's.\n\t\"\"\"\n    return re.search(r\"ab+\", text)\n\n\ndef check(candidate):\n    assert candidate('ac') == False\n    assert candidate('dc') == False\n    assert candidate('abba') == True\n\ndef test_check():\n    check(text_match_one)\n\ntest_check()\n",
      "timestamp": 1665509798,
      "stdout": "",
      "stderr": "Traceback (most recent call last):\n  File \"/tmp/tmpzibzrbj5.py\", line 16, in <module>\n    test_check()\n  File \"/tmp/tmpzibzrbj5.py\", line 14, in test_check\n    check(text_match_one)\n  File \"/tmp/tmpzibzrbj5.py\", line 9, in check\n    assert candidate('ac') == False\n  File \"/tmp/tmpzibzrbj5.py\", line 5, in text_match_one\n    return re.search(r\"ab+\", text)\nNameError: name 're' is not defined\n",
      "exit_code": 1,
      "status": "Exception"
    },
    {
      "program": "def text_match_one(text: str) -> bool:\n    \"\"\"\n\tWrite a function that matches a string that has an a followed by one or more b's.\n\t\"\"\"\n    return re.search(r\"ab+\", text) is not None\n\n\ndef check(candidate):\n    assert candidate('ac') == False\n    assert candidate('dc') == False\n    assert candidate('abba') == True\n\ndef test_check():\n    check(text_match_one)\n\ntest_check()\n",
      "timestamp": 1665509798,
      "stdout": "",
      "stderr": "Traceback (most recent call last):\n  File \"/tmp/tmpdvb6kl1t.py\", line 16, in <module>\n    test_check()\n  File \"/tmp/tmpdvb6kl1t.py\", line 14, in test_check\n    check(text_match_one)\n  File \"/tmp/tmpdvb6kl1t.py\", line 9, in check\n    assert candidate('ac') == False\n  File \"/tmp/tmpdvb6kl1t.py\", line 5, in text_match_one\n    return re.search(r\"ab+\", text) is not None\nNameError: name 're' is not defined\n",
      "exit_code": 1,
      "status": "Exception"
    },
    {
      "program": "def text_match_one(text: str) -> bool:\n    \"\"\"\n\tWrite a function that matches a string that has an a followed by one or more b's.\n\t\"\"\"\n    return re.search(r\"ab+\", text)\n\n\ndef check(candidate):\n    assert candidate('ac') == False\n    assert candidate('dc') == False\n    assert candidate('abba') == True\n\ndef test_check():\n    check(text_match_one)\n\ntest_check()\n",
      "timestamp": 1665509798,
      "stdout": "",
      "stderr": "Traceback (most recent call last):\n  File \"/tmp/tmpzibzrbj5.py\", line 16, in <module>\n    test_check()\n  File \"/tmp/tmpzibzrbj5.py\", line 14, in test_check\n    check(text_match_one)\n  File \"/tmp/tmpzibzrbj5.py\", line 9, in check\n    assert candidate('ac') == False\n  File \"/tmp/tmpzibzrbj5.py\", line 5, in text_match_one\n    return re.search(r\"ab+\", text)\nNameError: name 're' is not defined\n",
      "exit_code": 1,
      "status": "Exception"
    },
    {
      "program": "def text_match_one(text: str) -> bool:\n    \"\"\"\n\tWrite a function that matches a string that has an a followed by one or more b's.\n\t\"\"\"\n    return re.match(r\"ab+\", text) is not None\n\n\ndef check(candidate):\n    assert candidate('ac') == False\n    assert candidate('dc') == False\n    assert candidate('abba') == True\n\ndef test_check():\n    check(text_match_one)\n\ntest_check()\n",
      "timestamp": 1666123975,
      "stdout": "",
      "stderr": "Traceback (most recent call last):\n  File \"/tmp/tmpmemdmuvt.py\", line 16, in <module>\n    test_check()\n  File \"/tmp/tmpmemdmuvt.py\", line 14, in test_check\n    check(text_match_one)\n  File \"/tmp/tmpmemdmuvt.py\", line 9, in check\n    assert candidate('ac') == False\n  File \"/tmp/tmpmemdmuvt.py\", line 5, in text_match_one\n    return re.match(r\"ab+\", text) is not None\nNameError: name 're' is not defined\n",
      "exit_code": 1,
      "status": "Exception"
    },
    {
      "program": "def text_match_one(text: str) -> bool:\n    \"\"\"\n\tWrite a function that matches a string that has an a followed by one or more b's.\n\t\"\"\"\n    pattern = r\"ab+\"\n    if re.search(pattern, text):\n        return True\n    return False\n\n\ndef check(candidate):\n    assert candidate('ac') == False\n    assert candidate('dc') == False\n    assert candidate('abba') == True\n\ndef test_check():\n    check(text_match_one)\n\ntest_check()\n",
      "timestamp": 1665509798,
      "stdout": "",
      "stderr": "Traceback (most recent call last):\n  File \"/tmp/tmpd97gbbhy.py\", line 19, in <module>\n    test_check()\n  File \"/tmp/tmpd97gbbhy.py\", line 17, in test_check\n    check(text_match_one)\n  File \"/tmp/tmpd97gbbhy.py\", line 12, in check\n    assert candidate('ac') == False\n  File \"/tmp/tmpd97gbbhy.py\", line 6, in text_match_one\n    if re.search(pattern, text):\nNameError: name 're' is not defined\n",
      "exit_code": 1,
      "status": "Exception"
    },
    {
      "program": "def text_match_one(text: str) -> bool:\n    \"\"\"\n\tWrite a function that matches a string that has an a followed by one or more b's.\n\t\"\"\"\n    return re.search(r\"ab+\", text) is not None\n\n\ndef check(candidate):\n    assert candidate('ac') == False\n    assert candidate('dc') == False\n    assert candidate('abba') == True\n\ndef test_check():\n    check(text_match_one)\n\ntest_check()\n",
      "timestamp": 1665509798,
      "stdout": "",
      "stderr": "Traceback (most recent call last):\n  File \"/tmp/tmpdvb6kl1t.py\", line 16, in <module>\n    test_check()\n  File \"/tmp/tmpdvb6kl1t.py\", line 14, in test_check\n    check(text_match_one)\n  File \"/tmp/tmpdvb6kl1t.py\", line 9, in check\n    assert candidate('ac') == False\n  File \"/tmp/tmpdvb6kl1t.py\", line 5, in text_match_one\n    return re.search(r\"ab+\", text) is not None\nNameError: name 're' is not defined\n",
      "exit_code": 1,
      "status": "Exception"
    },
    {
      "program": "def text_match_one(text: str) -> bool:\n    \"\"\"\n\tWrite a function that matches a string that has an a followed by one or more b's.\n\t\"\"\"\n    return re.search(r\"ab+\", text) is not None\n\n\ndef check(candidate):\n    assert candidate('ac') == False\n    assert candidate('dc') == False\n    assert candidate('abba') == True\n\ndef test_check():\n    check(text_match_one)\n\ntest_check()\n",
      "timestamp": 1665509798,
      "stdout": "",
      "stderr": "Traceback (most recent call last):\n  File \"/tmp/tmpdvb6kl1t.py\", line 16, in <module>\n    test_check()\n  File \"/tmp/tmpdvb6kl1t.py\", line 14, in test_check\n    check(text_match_one)\n  File \"/tmp/tmpdvb6kl1t.py\", line 9, in check\n    assert candidate('ac') == False\n  File \"/tmp/tmpdvb6kl1t.py\", line 5, in text_match_one\n    return re.search(r\"ab+\", text) is not None\nNameError: name 're' is not defined\n",
      "exit_code": 1,
      "status": "Exception"
    },
    {
      "program": "def text_match_one(text: str) -> bool:\n    \"\"\"\n\tWrite a function that matches a string that has an a followed by one or more b's.\n\t\"\"\"\n    return re.match(r\"ab+\", text) is not None\n\n\ndef check(candidate):\n    assert candidate('ac') == False\n    assert candidate('dc') == False\n    assert candidate('abba') == True\n\ndef test_check():\n    check(text_match_one)\n\ntest_check()\n",
      "timestamp": 1666123975,
      "stdout": "",
      "stderr": "Traceback (most recent call last):\n  File \"/tmp/tmpmemdmuvt.py\", line 16, in <module>\n    test_check()\n  File \"/tmp/tmpmemdmuvt.py\", line 14, in test_check\n    check(text_match_one)\n  File \"/tmp/tmpmemdmuvt.py\", line 9, in check\n    assert candidate('ac') == False\n  File \"/tmp/tmpmemdmuvt.py\", line 5, in text_match_one\n    return re.match(r\"ab+\", text) is not None\nNameError: name 're' is not defined\n",
      "exit_code": 1,
      "status": "Exception"
    },
    {
      "program": "def text_match_one(text: str) -> bool:\n    \"\"\"\n\tWrite a function that matches a string that has an a followed by one or more b's.\n\t\"\"\"\n    return re.search(r\"ab+\", text)\n\n\ndef check(candidate):\n    assert candidate('ac') == False\n    assert candidate('dc') == False\n    assert candidate('abba') == True\n\ndef test_check():\n    check(text_match_one)\n\ntest_check()\n",
      "timestamp": 1665509798,
      "stdout": "",
      "stderr": "Traceback (most recent call last):\n  File \"/tmp/tmpzibzrbj5.py\", line 16, in <module>\n    test_check()\n  File \"/tmp/tmpzibzrbj5.py\", line 14, in test_check\n    check(text_match_one)\n  File \"/tmp/tmpzibzrbj5.py\", line 9, in check\n    assert candidate('ac') == False\n  File \"/tmp/tmpzibzrbj5.py\", line 5, in text_match_one\n    return re.search(r\"ab+\", text)\nNameError: name 're' is not defined\n",
      "exit_code": 1,
      "status": "Exception"
    },
    {
      "program": "def text_match_one(text: str) -> bool:\n    \"\"\"\n\tWrite a function that matches a string that has an a followed by one or more b's.\n\t\"\"\"\n    pattern = r\"ab+\"\n    if re.search(pattern, text):\n        return True\n    return False\n\n\ndef check(candidate):\n    assert candidate('ac') == False\n    assert candidate('dc') == False\n    assert candidate('abba') == True\n\ndef test_check():\n    check(text_match_one)\n\ntest_check()\n",
      "timestamp": 1665509798,
      "stdout": "",
      "stderr": "Traceback (most recent call last):\n  File \"/tmp/tmpd97gbbhy.py\", line 19, in <module>\n    test_check()\n  File \"/tmp/tmpd97gbbhy.py\", line 17, in test_check\n    check(text_match_one)\n  File \"/tmp/tmpd97gbbhy.py\", line 12, in check\n    assert candidate('ac') == False\n  File \"/tmp/tmpd97gbbhy.py\", line 6, in text_match_one\n    if re.search(pattern, text):\nNameError: name 're' is not defined\n",
      "exit_code": 1,
      "status": "Exception"
    },
    {
      "program": "def text_match_one(text: str) -> bool:\n    \"\"\"\n\tWrite a function that matches a string that has an a followed by one or more b's.\n\t\"\"\"\n    return re.search(r\"ab+\", text) is not None\n\n\ndef check(candidate):\n    assert candidate('ac') == False\n    assert candidate('dc') == False\n    assert candidate('abba') == True\n\ndef test_check():\n    check(text_match_one)\n\ntest_check()\n",
      "timestamp": 1665509798,
      "stdout": "",
      "stderr": "Traceback (most recent call last):\n  File \"/tmp/tmpdvb6kl1t.py\", line 16, in <module>\n    test_check()\n  File \"/tmp/tmpdvb6kl1t.py\", line 14, in test_check\n    check(text_match_one)\n  File \"/tmp/tmpdvb6kl1t.py\", line 9, in check\n    assert candidate('ac') == False\n  File \"/tmp/tmpdvb6kl1t.py\", line 5, in text_match_one\n    return re.search(r\"ab+\", text) is not None\nNameError: name 're' is not defined\n",
      "exit_code": 1,
      "status": "Exception"
    },
    {
      "program": "def text_match_one(text: str) -> bool:\n    \"\"\"\n\tWrite a function that matches a string that has an a followed by one or more b's.\n\t\"\"\"\n    pattern = re.compile(r\"ab+\")\n    if pattern.search(text):\n        return True\n    return False\n\n\ndef check(candidate):\n    assert candidate('ac') == False\n    assert candidate('dc') == False\n    assert candidate('abba') == True\n\ndef test_check():\n    check(text_match_one)\n\ntest_check()\n",
      "timestamp": 1665509798,
      "stdout": "",
      "stderr": "Traceback (most recent call last):\n  File \"/tmp/tmpy0hp7s3m.py\", line 19, in <module>\n    test_check()\n  File \"/tmp/tmpy0hp7s3m.py\", line 17, in test_check\n    check(text_match_one)\n  File \"/tmp/tmpy0hp7s3m.py\", line 12, in check\n    assert candidate('ac') == False\n  File \"/tmp/tmpy0hp7s3m.py\", line 5, in text_match_one\n    pattern = re.compile(r\"ab+\")\nNameError: name 're' is not defined\n",
      "exit_code": 1,
      "status": "Exception"
    },
    {
      "program": "def text_match_one(text: str) -> bool:\n    \"\"\"\n\tWrite a function that matches a string that has an a followed by one or more b's.\n\t\"\"\"\n    return bool(re.match(r'ab+', text))\n\n\ndef check(candidate):\n    assert candidate('ac') == False\n    assert candidate('dc') == False\n    assert candidate('abba') == True\n\ndef test_check():\n    check(text_match_one)\n\ntest_check()\n",
      "timestamp": 1665509798,
      "stdout": "",
      "stderr": "Traceback (most recent call last):\n  File \"/tmp/tmpqdv1164f.py\", line 16, in <module>\n    test_check()\n  File \"/tmp/tmpqdv1164f.py\", line 14, in test_check\n    check(text_match_one)\n  File \"/tmp/tmpqdv1164f.py\", line 9, in check\n    assert candidate('ac') == False\n  File \"/tmp/tmpqdv1164f.py\", line 5, in text_match_one\n    return bool(re.match(r'ab+', text))\nNameError: name 're' is not defined\n",
      "exit_code": 1,
      "status": "Exception"
    },
    {
      "program": "def text_match_one(text: str) -> bool:\n    \"\"\"\n\tWrite a function that matches a string that has an a followed by one or more b's.\n\t\"\"\"\n    return bool(re.match(r\"ab+\", text))\n\n\ndef check(candidate):\n    assert candidate('ac') == False\n    assert candidate('dc') == False\n    assert candidate('abba') == True\n\ndef test_check():\n    check(text_match_one)\n\ntest_check()\n",
      "timestamp": 1665509798,
      "stdout": "",
      "stderr": "Traceback (most recent call last):\n  File \"/tmp/tmpratng62m.py\", line 16, in <module>\n    test_check()\n  File \"/tmp/tmpratng62m.py\", line 14, in test_check\n    check(text_match_one)\n  File \"/tmp/tmpratng62m.py\", line 9, in check\n    assert candidate('ac') == False\n  File \"/tmp/tmpratng62m.py\", line 5, in text_match_one\n    return bool(re.match(r\"ab+\", text))\nNameError: name 're' is not defined\n",
      "exit_code": 1,
      "status": "Exception"
    },
    {
      "program": "def text_match_one(text: str) -> bool:\n    \"\"\"\n\tWrite a function that matches a string that has an a followed by one or more b's.\n\t\"\"\"\n    return re.search(r\"ab+\", text) is not None\n\n\ndef check(candidate):\n    assert candidate('ac') == False\n    assert candidate('dc') == False\n    assert candidate('abba') == True\n\ndef test_check():\n    check(text_match_one)\n\ntest_check()\n",
      "timestamp": 1665509798,
      "stdout": "",
      "stderr": "Traceback (most recent call last):\n  File \"/tmp/tmpdvb6kl1t.py\", line 16, in <module>\n    test_check()\n  File \"/tmp/tmpdvb6kl1t.py\", line 14, in test_check\n    check(text_match_one)\n  File \"/tmp/tmpdvb6kl1t.py\", line 9, in check\n    assert candidate('ac') == False\n  File \"/tmp/tmpdvb6kl1t.py\", line 5, in text_match_one\n    return re.search(r\"ab+\", text) is not None\nNameError: name 're' is not defined\n",
      "exit_code": 1,
      "status": "Exception"
    },
    {
      "program": "def text_match_one(text: str) -> bool:\n    \"\"\"\n\tWrite a function that matches a string that has an a followed by one or more b's.\n\t\"\"\"\n    return re.search(r\"ab+\", text) is not None\n\n\ndef check(candidate):\n    assert candidate('ac') == False\n    assert candidate('dc') == False\n    assert candidate('abba') == True\n\ndef test_check():\n    check(text_match_one)\n\ntest_check()\n",
      "timestamp": 1665509798,
      "stdout": "",
      "stderr": "Traceback (most recent call last):\n  File \"/tmp/tmpdvb6kl1t.py\", line 16, in <module>\n    test_check()\n  File \"/tmp/tmpdvb6kl1t.py\", line 14, in test_check\n    check(text_match_one)\n  File \"/tmp/tmpdvb6kl1t.py\", line 9, in check\n    assert candidate('ac') == False\n  File \"/tmp/tmpdvb6kl1t.py\", line 5, in text_match_one\n    return re.search(r\"ab+\", text) is not None\nNameError: name 're' is not defined\n",
      "exit_code": 1,
      "status": "Exception"
    },
    {
      "program": "def text_match_one(text: str) -> bool:\n    \"\"\"\n\tWrite a function that matches a string that has an a followed by one or more b's.\n\t\"\"\"\n    return re.search(r\"ab+\", text) is not None\n\n\ndef check(candidate):\n    assert candidate('ac') == False\n    assert candidate('dc') == False\n    assert candidate('abba') == True\n\ndef test_check():\n    check(text_match_one)\n\ntest_check()\n",
      "timestamp": 1665509798,
      "stdout": "",
      "stderr": "Traceback (most recent call last):\n  File \"/tmp/tmpdvb6kl1t.py\", line 16, in <module>\n    test_check()\n  File \"/tmp/tmpdvb6kl1t.py\", line 14, in test_check\n    check(text_match_one)\n  File \"/tmp/tmpdvb6kl1t.py\", line 9, in check\n    assert candidate('ac') == False\n  File \"/tmp/tmpdvb6kl1t.py\", line 5, in text_match_one\n    return re.search(r\"ab+\", text) is not None\nNameError: name 're' is not defined\n",
      "exit_code": 1,
      "status": "Exception"
    },
    {
      "program": "def text_match_one(text: str) -> bool:\n    \"\"\"\n\tWrite a function that matches a string that has an a followed by one or more b's.\n\t\"\"\"\n    return re.search(r\"ab+\", text) is not None\n\n\ndef check(candidate):\n    assert candidate('ac') == False\n    assert candidate('dc') == False\n    assert candidate('abba') == True\n\ndef test_check():\n    check(text_match_one)\n\ntest_check()\n",
      "timestamp": 1665509798,
      "stdout": "",
      "stderr": "Traceback (most recent call last):\n  File \"/tmp/tmpdvb6kl1t.py\", line 16, in <module>\n    test_check()\n  File \"/tmp/tmpdvb6kl1t.py\", line 14, in test_check\n    check(text_match_one)\n  File \"/tmp/tmpdvb6kl1t.py\", line 9, in check\n    assert candidate('ac') == False\n  File \"/tmp/tmpdvb6kl1t.py\", line 5, in text_match_one\n    return re.search(r\"ab+\", text) is not None\nNameError: name 're' is not defined\n",
      "exit_code": 1,
      "status": "Exception"
    },
    {
      "program": "def text_match_one(text: str) -> bool:\n    \"\"\"\n\tWrite a function that matches a string that has an a followed by one or more b's.\n\t\"\"\"\n    pattern = re.compile(r\"ab+\")\n    if re.search(pattern, text):\n        return True\n    return False\n\n\ndef check(candidate):\n    assert candidate('ac') == False\n    assert candidate('dc') == False\n    assert candidate('abba') == True\n\ndef test_check():\n    check(text_match_one)\n\ntest_check()\n",
      "timestamp": 1665509798,
      "stdout": "",
      "stderr": "Traceback (most recent call last):\n  File \"/tmp/tmpg2qm5899.py\", line 19, in <module>\n    test_check()\n  File \"/tmp/tmpg2qm5899.py\", line 17, in test_check\n    check(text_match_one)\n  File \"/tmp/tmpg2qm5899.py\", line 12, in check\n    assert candidate('ac') == False\n  File \"/tmp/tmpg2qm5899.py\", line 5, in text_match_one\n    pattern = re.compile(r\"ab+\")\nNameError: name 're' is not defined\n",
      "exit_code": 1,
      "status": "Exception"
    },
    {
      "program": "def text_match_one(text: str) -> bool:\n    \"\"\"\n\tWrite a function that matches a string that has an a followed by one or more b's.\n\t\"\"\"\n    return bool(re.match(r\"ab+\", text))\n\n\ndef check(candidate):\n    assert candidate('ac') == False\n    assert candidate('dc') == False\n    assert candidate('abba') == True\n\ndef test_check():\n    check(text_match_one)\n\ntest_check()\n",
      "timestamp": 1665509798,
      "stdout": "",
      "stderr": "Traceback (most recent call last):\n  File \"/tmp/tmpratng62m.py\", line 16, in <module>\n    test_check()\n  File \"/tmp/tmpratng62m.py\", line 14, in test_check\n    check(text_match_one)\n  File \"/tmp/tmpratng62m.py\", line 9, in check\n    assert candidate('ac') == False\n  File \"/tmp/tmpratng62m.py\", line 5, in text_match_one\n    return bool(re.match(r\"ab+\", text))\nNameError: name 're' is not defined\n",
      "exit_code": 1,
      "status": "Exception"
    },
    {
      "program": "def text_match_one(text: str) -> bool:\n    \"\"\"\n\tWrite a function that matches a string that has an a followed by one or more b's.\n\t\"\"\"\n    return bool(re.search(r\"ab+\", text))\n\n\ndef check(candidate):\n    assert candidate('ac') == False\n    assert candidate('dc') == False\n    assert candidate('abba') == True\n\ndef test_check():\n    check(text_match_one)\n\ntest_check()\n",
      "timestamp": 1665509798,
      "stdout": "",
      "stderr": "Traceback (most recent call last):\n  File \"/tmp/tmp83l71lxf.py\", line 16, in <module>\n    test_check()\n  File \"/tmp/tmp83l71lxf.py\", line 14, in test_check\n    check(text_match_one)\n  File \"/tmp/tmp83l71lxf.py\", line 9, in check\n    assert candidate('ac') == False\n  File \"/tmp/tmp83l71lxf.py\", line 5, in text_match_one\n    return bool(re.search(r\"ab+\", text))\nNameError: name 're' is not defined\n",
      "exit_code": 1,
      "status": "Exception"
    },
    {
      "program": "def text_match_one(text: str) -> bool:\n    \"\"\"\n\tWrite a function that matches a string that has an a followed by one or more b's.\n\t\"\"\"\n    return re.search(r\"ab+\", text)\n\n\ndef check(candidate):\n    assert candidate('ac') == False\n    assert candidate('dc') == False\n    assert candidate('abba') == True\n\ndef test_check():\n    check(text_match_one)\n\ntest_check()\n",
      "timestamp": 1665509798,
      "stdout": "",
      "stderr": "Traceback (most recent call last):\n  File \"/tmp/tmpzibzrbj5.py\", line 16, in <module>\n    test_check()\n  File \"/tmp/tmpzibzrbj5.py\", line 14, in test_check\n    check(text_match_one)\n  File \"/tmp/tmpzibzrbj5.py\", line 9, in check\n    assert candidate('ac') == False\n  File \"/tmp/tmpzibzrbj5.py\", line 5, in text_match_one\n    return re.search(r\"ab+\", text)\nNameError: name 're' is not defined\n",
      "exit_code": 1,
      "status": "Exception"
    },
    {
      "program": "def text_match_one(text: str) -> bool:\n    \"\"\"\n\tWrite a function that matches a string that has an a followed by one or more b's.\n\t\"\"\"\n    return re.search(r\"ab+\", text) is not None\n\n\ndef check(candidate):\n    assert candidate('ac') == False\n    assert candidate('dc') == False\n    assert candidate('abba') == True\n\ndef test_check():\n    check(text_match_one)\n\ntest_check()\n",
      "timestamp": 1665509798,
      "stdout": "",
      "stderr": "Traceback (most recent call last):\n  File \"/tmp/tmpdvb6kl1t.py\", line 16, in <module>\n    test_check()\n  File \"/tmp/tmpdvb6kl1t.py\", line 14, in test_check\n    check(text_match_one)\n  File \"/tmp/tmpdvb6kl1t.py\", line 9, in check\n    assert candidate('ac') == False\n  File \"/tmp/tmpdvb6kl1t.py\", line 5, in text_match_one\n    return re.search(r\"ab+\", text) is not None\nNameError: name 're' is not defined\n",
      "exit_code": 1,
      "status": "Exception"
    },
    {
      "program": "def text_match_one(text: str) -> bool:\n    \"\"\"\n\tWrite a function that matches a string that has an a followed by one or more b's.\n\t\"\"\"\n    return re.search(r\"ab+\", text)\n\n\ndef check(candidate):\n    assert candidate('ac') == False\n    assert candidate('dc') == False\n    assert candidate('abba') == True\n\ndef test_check():\n    check(text_match_one)\n\ntest_check()\n",
      "timestamp": 1665509798,
      "stdout": "",
      "stderr": "Traceback (most recent call last):\n  File \"/tmp/tmpzibzrbj5.py\", line 16, in <module>\n    test_check()\n  File \"/tmp/tmpzibzrbj5.py\", line 14, in test_check\n    check(text_match_one)\n  File \"/tmp/tmpzibzrbj5.py\", line 9, in check\n    assert candidate('ac') == False\n  File \"/tmp/tmpzibzrbj5.py\", line 5, in text_match_one\n    return re.search(r\"ab+\", text)\nNameError: name 're' is not defined\n",
      "exit_code": 1,
      "status": "Exception"
    },
    {
      "program": "def text_match_one(text: str) -> bool:\n    \"\"\"\n\tWrite a function that matches a string that has an a followed by one or more b's.\n\t\"\"\"\n    return re.search(r\"ab+\", text)\n\n\ndef check(candidate):\n    assert candidate('ac') == False\n    assert candidate('dc') == False\n    assert candidate('abba') == True\n\ndef test_check():\n    check(text_match_one)\n\ntest_check()\n",
      "timestamp": 1665509798,
      "stdout": "",
      "stderr": "Traceback (most recent call last):\n  File \"/tmp/tmpzibzrbj5.py\", line 16, in <module>\n    test_check()\n  File \"/tmp/tmpzibzrbj5.py\", line 14, in test_check\n    check(text_match_one)\n  File \"/tmp/tmpzibzrbj5.py\", line 9, in check\n    assert candidate('ac') == False\n  File \"/tmp/tmpzibzrbj5.py\", line 5, in text_match_one\n    return re.search(r\"ab+\", text)\nNameError: name 're' is not defined\n",
      "exit_code": 1,
      "status": "Exception"
    },
    {
      "program": "def text_match_one(text: str) -> bool:\n    \"\"\"\n\tWrite a function that matches a string that has an a followed by one or more b's.\n\t\"\"\"\n    return re.search(r\"ab+\", text) is not None\n\n\ndef check(candidate):\n    assert candidate('ac') == False\n    assert candidate('dc') == False\n    assert candidate('abba') == True\n\ndef test_check():\n    check(text_match_one)\n\ntest_check()\n",
      "timestamp": 1665509798,
      "stdout": "",
      "stderr": "Traceback (most recent call last):\n  File \"/tmp/tmpdvb6kl1t.py\", line 16, in <module>\n    test_check()\n  File \"/tmp/tmpdvb6kl1t.py\", line 14, in test_check\n    check(text_match_one)\n  File \"/tmp/tmpdvb6kl1t.py\", line 9, in check\n    assert candidate('ac') == False\n  File \"/tmp/tmpdvb6kl1t.py\", line 5, in text_match_one\n    return re.search(r\"ab+\", text) is not None\nNameError: name 're' is not defined\n",
      "exit_code": 1,
      "status": "Exception"
    },
    {
      "program": "def text_match_one(text: str) -> bool:\n    \"\"\"\n\tWrite a function that matches a string that has an a followed by one or more b's.\n\t\"\"\"\n    return re.search(r\"ab+\", text)\n\n\ndef check(candidate):\n    assert candidate('ac') == False\n    assert candidate('dc') == False\n    assert candidate('abba') == True\n\ndef test_check():\n    check(text_match_one)\n\ntest_check()\n",
      "timestamp": 1665509798,
      "stdout": "",
      "stderr": "Traceback (most recent call last):\n  File \"/tmp/tmpzibzrbj5.py\", line 16, in <module>\n    test_check()\n  File \"/tmp/tmpzibzrbj5.py\", line 14, in test_check\n    check(text_match_one)\n  File \"/tmp/tmpzibzrbj5.py\", line 9, in check\n    assert candidate('ac') == False\n  File \"/tmp/tmpzibzrbj5.py\", line 5, in text_match_one\n    return re.search(r\"ab+\", text)\nNameError: name 're' is not defined\n",
      "exit_code": 1,
      "status": "Exception"
    },
    {
      "program": "def text_match_one(text: str) -> bool:\n    \"\"\"\n\tWrite a function that matches a string that has an a followed by one or more b's.\n\t\"\"\"\n    return re.search(r\"ab+\", text)\n\n\ndef check(candidate):\n    assert candidate('ac') == False\n    assert candidate('dc') == False\n    assert candidate('abba') == True\n\ndef test_check():\n    check(text_match_one)\n\ntest_check()\n",
      "timestamp": 1665509798,
      "stdout": "",
      "stderr": "Traceback (most recent call last):\n  File \"/tmp/tmpzibzrbj5.py\", line 16, in <module>\n    test_check()\n  File \"/tmp/tmpzibzrbj5.py\", line 14, in test_check\n    check(text_match_one)\n  File \"/tmp/tmpzibzrbj5.py\", line 9, in check\n    assert candidate('ac') == False\n  File \"/tmp/tmpzibzrbj5.py\", line 5, in text_match_one\n    return re.search(r\"ab+\", text)\nNameError: name 're' is not defined\n",
      "exit_code": 1,
      "status": "Exception"
    },
    {
      "program": "def text_match_one(text: str) -> bool:\n    \"\"\"\n\tWrite a function that matches a string that has an a followed by one or more b's.\n\t\"\"\"\n    return re.search(r\"ab+\", text) is not None\n\n\ndef check(candidate):\n    assert candidate('ac') == False\n    assert candidate('dc') == False\n    assert candidate('abba') == True\n\ndef test_check():\n    check(text_match_one)\n\ntest_check()\n",
      "timestamp": 1665509798,
      "stdout": "",
      "stderr": "Traceback (most recent call last):\n  File \"/tmp/tmpdvb6kl1t.py\", line 16, in <module>\n    test_check()\n  File \"/tmp/tmpdvb6kl1t.py\", line 14, in test_check\n    check(text_match_one)\n  File \"/tmp/tmpdvb6kl1t.py\", line 9, in check\n    assert candidate('ac') == False\n  File \"/tmp/tmpdvb6kl1t.py\", line 5, in text_match_one\n    return re.search(r\"ab+\", text) is not None\nNameError: name 're' is not defined\n",
      "exit_code": 1,
      "status": "Exception"
    },
    {
      "program": "def text_match_one(text: str) -> bool:\n    \"\"\"\n\tWrite a function that matches a string that has an a followed by one or more b's.\n\t\"\"\"\n    return re.search(r\"ab+\", text) is not None\n\n\ndef check(candidate):\n    assert candidate('ac') == False\n    assert candidate('dc') == False\n    assert candidate('abba') == True\n\ndef test_check():\n    check(text_match_one)\n\ntest_check()\n",
      "timestamp": 1665509798,
      "stdout": "",
      "stderr": "Traceback (most recent call last):\n  File \"/tmp/tmpdvb6kl1t.py\", line 16, in <module>\n    test_check()\n  File \"/tmp/tmpdvb6kl1t.py\", line 14, in test_check\n    check(text_match_one)\n  File \"/tmp/tmpdvb6kl1t.py\", line 9, in check\n    assert candidate('ac') == False\n  File \"/tmp/tmpdvb6kl1t.py\", line 5, in text_match_one\n    return re.search(r\"ab+\", text) is not None\nNameError: name 're' is not defined\n",
      "exit_code": 1,
      "status": "Exception"
    },
    {
      "program": "def text_match_one(text: str) -> bool:\n    \"\"\"\n\tWrite a function that matches a string that has an a followed by one or more b's.\n\t\"\"\"\n    return re.search(r\"ab+\", text) is not None\n\n\ndef check(candidate):\n    assert candidate('ac') == False\n    assert candidate('dc') == False\n    assert candidate('abba') == True\n\ndef test_check():\n    check(text_match_one)\n\ntest_check()\n",
      "timestamp": 1665509798,
      "stdout": "",
      "stderr": "Traceback (most recent call last):\n  File \"/tmp/tmpdvb6kl1t.py\", line 16, in <module>\n    test_check()\n  File \"/tmp/tmpdvb6kl1t.py\", line 14, in test_check\n    check(text_match_one)\n  File \"/tmp/tmpdvb6kl1t.py\", line 9, in check\n    assert candidate('ac') == False\n  File \"/tmp/tmpdvb6kl1t.py\", line 5, in text_match_one\n    return re.search(r\"ab+\", text) is not None\nNameError: name 're' is not defined\n",
      "exit_code": 1,
      "status": "Exception"
    },
    {
      "program": "def text_match_one(text: str) -> bool:\n    \"\"\"\n\tWrite a function that matches a string that has an a followed by one or more b's.\n\t\"\"\"\n    return re.search(r\"ab+\", text) is not None\n\n\ndef check(candidate):\n    assert candidate('ac') == False\n    assert candidate('dc') == False\n    assert candidate('abba') == True\n\ndef test_check():\n    check(text_match_one)\n\ntest_check()\n",
      "timestamp": 1665509798,
      "stdout": "",
      "stderr": "Traceback (most recent call last):\n  File \"/tmp/tmpdvb6kl1t.py\", line 16, in <module>\n    test_check()\n  File \"/tmp/tmpdvb6kl1t.py\", line 14, in test_check\n    check(text_match_one)\n  File \"/tmp/tmpdvb6kl1t.py\", line 9, in check\n    assert candidate('ac') == False\n  File \"/tmp/tmpdvb6kl1t.py\", line 5, in text_match_one\n    return re.search(r\"ab+\", text) is not None\nNameError: name 're' is not defined\n",
      "exit_code": 1,
      "status": "Exception"
    },
    {
      "program": "def text_match_one(text: str) -> bool:\n    \"\"\"\n\tWrite a function that matches a string that has an a followed by one or more b's.\n\t\"\"\"\n    return re.search(r'ab+', text)\n\n\ndef check(candidate):\n    assert candidate('ac') == False\n    assert candidate('dc') == False\n    assert candidate('abba') == True\n\ndef test_check():\n    check(text_match_one)\n\ntest_check()\n",
      "timestamp": 1666123975,
      "stdout": "",
      "stderr": "Traceback (most recent call last):\n  File \"/tmp/tmpx4_rznk5.py\", line 16, in <module>\n    test_check()\n  File \"/tmp/tmpx4_rznk5.py\", line 14, in test_check\n    check(text_match_one)\n  File \"/tmp/tmpx4_rznk5.py\", line 9, in check\n    assert candidate('ac') == False\n  File \"/tmp/tmpx4_rznk5.py\", line 5, in text_match_one\n    return re.search(r'ab+', text)\nNameError: name 're' is not defined\n",
      "exit_code": 1,
      "status": "Exception"
    },
    {
      "program": "def text_match_one(text: str) -> bool:\n    \"\"\"\n\tWrite a function that matches a string that has an a followed by one or more b's.\n\t\"\"\"\n    return re.search(r\"ab+\", text)\n\n\ndef check(candidate):\n    assert candidate('ac') == False\n    assert candidate('dc') == False\n    assert candidate('abba') == True\n\ndef test_check():\n    check(text_match_one)\n\ntest_check()\n",
      "timestamp": 1665509798,
      "stdout": "",
      "stderr": "Traceback (most recent call last):\n  File \"/tmp/tmpzibzrbj5.py\", line 16, in <module>\n    test_check()\n  File \"/tmp/tmpzibzrbj5.py\", line 14, in test_check\n    check(text_match_one)\n  File \"/tmp/tmpzibzrbj5.py\", line 9, in check\n    assert candidate('ac') == False\n  File \"/tmp/tmpzibzrbj5.py\", line 5, in text_match_one\n    return re.search(r\"ab+\", text)\nNameError: name 're' is not defined\n",
      "exit_code": 1,
      "status": "Exception"
    },
    {
      "program": "def text_match_one(text: str) -> bool:\n    \"\"\"\n\tWrite a function that matches a string that has an a followed by one or more b's.\n\t\"\"\"\n    return re.search(r\"ab+\", text)\n\n\ndef check(candidate):\n    assert candidate('ac') == False\n    assert candidate('dc') == False\n    assert candidate('abba') == True\n\ndef test_check():\n    check(text_match_one)\n\ntest_check()\n",
      "timestamp": 1665509798,
      "stdout": "",
      "stderr": "Traceback (most recent call last):\n  File \"/tmp/tmpzibzrbj5.py\", line 16, in <module>\n    test_check()\n  File \"/tmp/tmpzibzrbj5.py\", line 14, in test_check\n    check(text_match_one)\n  File \"/tmp/tmpzibzrbj5.py\", line 9, in check\n    assert candidate('ac') == False\n  File \"/tmp/tmpzibzrbj5.py\", line 5, in text_match_one\n    return re.search(r\"ab+\", text)\nNameError: name 're' is not defined\n",
      "exit_code": 1,
      "status": "Exception"
    },
    {
      "program": "def text_match_one(text: str) -> bool:\n    \"\"\"\n\tWrite a function that matches a string that has an a followed by one or more b's.\n\t\"\"\"\n    return bool(re.search(r\"ab+\", text))\n\n\ndef check(candidate):\n    assert candidate('ac') == False\n    assert candidate('dc') == False\n    assert candidate('abba') == True\n\ndef test_check():\n    check(text_match_one)\n\ntest_check()\n",
      "timestamp": 1665509798,
      "stdout": "",
      "stderr": "Traceback (most recent call last):\n  File \"/tmp/tmp83l71lxf.py\", line 16, in <module>\n    test_check()\n  File \"/tmp/tmp83l71lxf.py\", line 14, in test_check\n    check(text_match_one)\n  File \"/tmp/tmp83l71lxf.py\", line 9, in check\n    assert candidate('ac') == False\n  File \"/tmp/tmp83l71lxf.py\", line 5, in text_match_one\n    return bool(re.search(r\"ab+\", text))\nNameError: name 're' is not defined\n",
      "exit_code": 1,
      "status": "Exception"
    },
    {
      "program": "def text_match_one(text: str) -> bool:\n    \"\"\"\n\tWrite a function that matches a string that has an a followed by one or more b's.\n\t\"\"\"\n    return re.search(r\"ab+\", text) is not None\n\n\ndef check(candidate):\n    assert candidate('ac') == False\n    assert candidate('dc') == False\n    assert candidate('abba') == True\n\ndef test_check():\n    check(text_match_one)\n\ntest_check()\n",
      "timestamp": 1665509798,
      "stdout": "",
      "stderr": "Traceback (most recent call last):\n  File \"/tmp/tmpdvb6kl1t.py\", line 16, in <module>\n    test_check()\n  File \"/tmp/tmpdvb6kl1t.py\", line 14, in test_check\n    check(text_match_one)\n  File \"/tmp/tmpdvb6kl1t.py\", line 9, in check\n    assert candidate('ac') == False\n  File \"/tmp/tmpdvb6kl1t.py\", line 5, in text_match_one\n    return re.search(r\"ab+\", text) is not None\nNameError: name 're' is not defined\n",
      "exit_code": 1,
      "status": "Exception"
    },
    {
      "program": "def text_match_one(text: str) -> bool:\n    \"\"\"\n\tWrite a function that matches a string that has an a followed by one or more b's.\n\t\"\"\"\n    return re.search(r'ab+', text) is not None\n\n\ndef check(candidate):\n    assert candidate('ac') == False\n    assert candidate('dc') == False\n    assert candidate('abba') == True\n\ndef test_check():\n    check(text_match_one)\n\ntest_check()\n",
      "timestamp": 1665509798,
      "stdout": "",
      "stderr": "Traceback (most recent call last):\n  File \"/tmp/tmp4xp19sft.py\", line 16, in <module>\n    test_check()\n  File \"/tmp/tmp4xp19sft.py\", line 14, in test_check\n    check(text_match_one)\n  File \"/tmp/tmp4xp19sft.py\", line 9, in check\n    assert candidate('ac') == False\n  File \"/tmp/tmp4xp19sft.py\", line 5, in text_match_one\n    return re.search(r'ab+', text) is not None\nNameError: name 're' is not defined\n",
      "exit_code": 1,
      "status": "Exception"
    },
    {
      "program": "def text_match_one(text: str) -> bool:\n    \"\"\"\n\tWrite a function that matches a string that has an a followed by one or more b's.\n\t\"\"\"\n    return re.search(r\"ab+\", text) is not None\n\n\ndef check(candidate):\n    assert candidate('ac') == False\n    assert candidate('dc') == False\n    assert candidate('abba') == True\n\ndef test_check():\n    check(text_match_one)\n\ntest_check()\n",
      "timestamp": 1665509798,
      "stdout": "",
      "stderr": "Traceback (most recent call last):\n  File \"/tmp/tmpdvb6kl1t.py\", line 16, in <module>\n    test_check()\n  File \"/tmp/tmpdvb6kl1t.py\", line 14, in test_check\n    check(text_match_one)\n  File \"/tmp/tmpdvb6kl1t.py\", line 9, in check\n    assert candidate('ac') == False\n  File \"/tmp/tmpdvb6kl1t.py\", line 5, in text_match_one\n    return re.search(r\"ab+\", text) is not None\nNameError: name 're' is not defined\n",
      "exit_code": 1,
      "status": "Exception"
    },
    {
      "program": "def text_match_one(text: str) -> bool:\n    \"\"\"\n\tWrite a function that matches a string that has an a followed by one or more b's.\n\t\"\"\"\n    return bool(re.match(r\"ab+\", text))\n\n\ndef check(candidate):\n    assert candidate('ac') == False\n    assert candidate('dc') == False\n    assert candidate('abba') == True\n\ndef test_check():\n    check(text_match_one)\n\ntest_check()\n",
      "timestamp": 1665509798,
      "stdout": "",
      "stderr": "Traceback (most recent call last):\n  File \"/tmp/tmpratng62m.py\", line 16, in <module>\n    test_check()\n  File \"/tmp/tmpratng62m.py\", line 14, in test_check\n    check(text_match_one)\n  File \"/tmp/tmpratng62m.py\", line 9, in check\n    assert candidate('ac') == False\n  File \"/tmp/tmpratng62m.py\", line 5, in text_match_one\n    return bool(re.match(r\"ab+\", text))\nNameError: name 're' is not defined\n",
      "exit_code": 1,
      "status": "Exception"
    },
    {
      "program": "def text_match_one(text: str) -> bool:\n    \"\"\"\n\tWrite a function that matches a string that has an a followed by one or more b's.\n\t\"\"\"\n    pattern = r\"ab+\"\n    if re.search(pattern, text):\n        return True\n    return False\n\n\ndef check(candidate):\n    assert candidate('ac') == False\n    assert candidate('dc') == False\n    assert candidate('abba') == True\n\ndef test_check():\n    check(text_match_one)\n\ntest_check()\n",
      "timestamp": 1665509798,
      "stdout": "",
      "stderr": "Traceback (most recent call last):\n  File \"/tmp/tmpd97gbbhy.py\", line 19, in <module>\n    test_check()\n  File \"/tmp/tmpd97gbbhy.py\", line 17, in test_check\n    check(text_match_one)\n  File \"/tmp/tmpd97gbbhy.py\", line 12, in check\n    assert candidate('ac') == False\n  File \"/tmp/tmpd97gbbhy.py\", line 6, in text_match_one\n    if re.search(pattern, text):\nNameError: name 're' is not defined\n",
      "exit_code": 1,
      "status": "Exception"
    },
    {
      "program": "def text_match_one(text: str) -> bool:\n    \"\"\"\n\tWrite a function that matches a string that has an a followed by one or more b's.\n\t\"\"\"\n    return re.search(r\"ab+\", text)\n\n\ndef check(candidate):\n    assert candidate('ac') == False\n    assert candidate('dc') == False\n    assert candidate('abba') == True\n\ndef test_check():\n    check(text_match_one)\n\ntest_check()\n",
      "timestamp": 1665509798,
      "stdout": "",
      "stderr": "Traceback (most recent call last):\n  File \"/tmp/tmpzibzrbj5.py\", line 16, in <module>\n    test_check()\n  File \"/tmp/tmpzibzrbj5.py\", line 14, in test_check\n    check(text_match_one)\n  File \"/tmp/tmpzibzrbj5.py\", line 9, in check\n    assert candidate('ac') == False\n  File \"/tmp/tmpzibzrbj5.py\", line 5, in text_match_one\n    return re.search(r\"ab+\", text)\nNameError: name 're' is not defined\n",
      "exit_code": 1,
      "status": "Exception"
    },
    {
      "program": "def text_match_one(text: str) -> bool:\n    \"\"\"\n\tWrite a function that matches a string that has an a followed by one or more b's.\n\t\"\"\"\n    return re.search(r\"ab+\", text)\n\n\ndef check(candidate):\n    assert candidate('ac') == False\n    assert candidate('dc') == False\n    assert candidate('abba') == True\n\ndef test_check():\n    check(text_match_one)\n\ntest_check()\n",
      "timestamp": 1665509798,
      "stdout": "",
      "stderr": "Traceback (most recent call last):\n  File \"/tmp/tmpzibzrbj5.py\", line 16, in <module>\n    test_check()\n  File \"/tmp/tmpzibzrbj5.py\", line 14, in test_check\n    check(text_match_one)\n  File \"/tmp/tmpzibzrbj5.py\", line 9, in check\n    assert candidate('ac') == False\n  File \"/tmp/tmpzibzrbj5.py\", line 5, in text_match_one\n    return re.search(r\"ab+\", text)\nNameError: name 're' is not defined\n",
      "exit_code": 1,
      "status": "Exception"
    },
    {
      "program": "def text_match_one(text: str) -> bool:\n    \"\"\"\n\tWrite a function that matches a string that has an a followed by one or more b's.\n\t\"\"\"\n    return re.search(r\"ab+\", text)\n\n\ndef check(candidate):\n    assert candidate('ac') == False\n    assert candidate('dc') == False\n    assert candidate('abba') == True\n\ndef test_check():\n    check(text_match_one)\n\ntest_check()\n",
      "timestamp": 1665509798,
      "stdout": "",
      "stderr": "Traceback (most recent call last):\n  File \"/tmp/tmpzibzrbj5.py\", line 16, in <module>\n    test_check()\n  File \"/tmp/tmpzibzrbj5.py\", line 14, in test_check\n    check(text_match_one)\n  File \"/tmp/tmpzibzrbj5.py\", line 9, in check\n    assert candidate('ac') == False\n  File \"/tmp/tmpzibzrbj5.py\", line 5, in text_match_one\n    return re.search(r\"ab+\", text)\nNameError: name 're' is not defined\n",
      "exit_code": 1,
      "status": "Exception"
    },
    {
      "program": "def text_match_one(text: str) -> bool:\n    \"\"\"\n\tWrite a function that matches a string that has an a followed by one or more b's.\n\t\"\"\"\n    return re.search(r\"ab+\", text) is not None\n\n\ndef check(candidate):\n    assert candidate('ac') == False\n    assert candidate('dc') == False\n    assert candidate('abba') == True\n\ndef test_check():\n    check(text_match_one)\n\ntest_check()\n",
      "timestamp": 1665509798,
      "stdout": "",
      "stderr": "Traceback (most recent call last):\n  File \"/tmp/tmpdvb6kl1t.py\", line 16, in <module>\n    test_check()\n  File \"/tmp/tmpdvb6kl1t.py\", line 14, in test_check\n    check(text_match_one)\n  File \"/tmp/tmpdvb6kl1t.py\", line 9, in check\n    assert candidate('ac') == False\n  File \"/tmp/tmpdvb6kl1t.py\", line 5, in text_match_one\n    return re.search(r\"ab+\", text) is not None\nNameError: name 're' is not defined\n",
      "exit_code": 1,
      "status": "Exception"
    },
    {
      "program": "def text_match_one(text: str) -> bool:\n    \"\"\"\n\tWrite a function that matches a string that has an a followed by one or more b's.\n\t\"\"\"\n    return re.search(r\"ab+\", text) is not None\n\n\ndef check(candidate):\n    assert candidate('ac') == False\n    assert candidate('dc') == False\n    assert candidate('abba') == True\n\ndef test_check():\n    check(text_match_one)\n\ntest_check()\n",
      "timestamp": 1665509798,
      "stdout": "",
      "stderr": "Traceback (most recent call last):\n  File \"/tmp/tmpdvb6kl1t.py\", line 16, in <module>\n    test_check()\n  File \"/tmp/tmpdvb6kl1t.py\", line 14, in test_check\n    check(text_match_one)\n  File \"/tmp/tmpdvb6kl1t.py\", line 9, in check\n    assert candidate('ac') == False\n  File \"/tmp/tmpdvb6kl1t.py\", line 5, in text_match_one\n    return re.search(r\"ab+\", text) is not None\nNameError: name 're' is not defined\n",
      "exit_code": 1,
      "status": "Exception"
    },
    {
      "program": "def text_match_one(text: str) -> bool:\n    \"\"\"\n\tWrite a function that matches a string that has an a followed by one or more b's.\n\t\"\"\"\n    return bool(re.search(r\"ab+\", text))\n\n\ndef check(candidate):\n    assert candidate('ac') == False\n    assert candidate('dc') == False\n    assert candidate('abba') == True\n\ndef test_check():\n    check(text_match_one)\n\ntest_check()\n",
      "timestamp": 1665509798,
      "stdout": "",
      "stderr": "Traceback (most recent call last):\n  File \"/tmp/tmp83l71lxf.py\", line 16, in <module>\n    test_check()\n  File \"/tmp/tmp83l71lxf.py\", line 14, in test_check\n    check(text_match_one)\n  File \"/tmp/tmp83l71lxf.py\", line 9, in check\n    assert candidate('ac') == False\n  File \"/tmp/tmp83l71lxf.py\", line 5, in text_match_one\n    return bool(re.search(r\"ab+\", text))\nNameError: name 're' is not defined\n",
      "exit_code": 1,
      "status": "Exception"
    },
    {
      "program": "def text_match_one(text: str) -> bool:\n    \"\"\"\n\tWrite a function that matches a string that has an a followed by one or more b's.\n\t\"\"\"\n    return bool(re.match(r\"ab+\", text))\n\n\ndef check(candidate):\n    assert candidate('ac') == False\n    assert candidate('dc') == False\n    assert candidate('abba') == True\n\ndef test_check():\n    check(text_match_one)\n\ntest_check()\n",
      "timestamp": 1665509798,
      "stdout": "",
      "stderr": "Traceback (most recent call last):\n  File \"/tmp/tmpratng62m.py\", line 16, in <module>\n    test_check()\n  File \"/tmp/tmpratng62m.py\", line 14, in test_check\n    check(text_match_one)\n  File \"/tmp/tmpratng62m.py\", line 9, in check\n    assert candidate('ac') == False\n  File \"/tmp/tmpratng62m.py\", line 5, in text_match_one\n    return bool(re.match(r\"ab+\", text))\nNameError: name 're' is not defined\n",
      "exit_code": 1,
      "status": "Exception"
    },
    {
      "program": "def text_match_one(text: str) -> bool:\n    \"\"\"\n\tWrite a function that matches a string that has an a followed by one or more b's.\n\t\"\"\"\n    return re.search(r\"ab+\", text) is not None\n\n\ndef check(candidate):\n    assert candidate('ac') == False\n    assert candidate('dc') == False\n    assert candidate('abba') == True\n\ndef test_check():\n    check(text_match_one)\n\ntest_check()\n",
      "timestamp": 1665509798,
      "stdout": "",
      "stderr": "Traceback (most recent call last):\n  File \"/tmp/tmpdvb6kl1t.py\", line 16, in <module>\n    test_check()\n  File \"/tmp/tmpdvb6kl1t.py\", line 14, in test_check\n    check(text_match_one)\n  File \"/tmp/tmpdvb6kl1t.py\", line 9, in check\n    assert candidate('ac') == False\n  File \"/tmp/tmpdvb6kl1t.py\", line 5, in text_match_one\n    return re.search(r\"ab+\", text) is not None\nNameError: name 're' is not defined\n",
      "exit_code": 1,
      "status": "Exception"
    },
    {
      "program": "def text_match_one(text: str) -> bool:\n    \"\"\"\n\tWrite a function that matches a string that has an a followed by one or more b's.\n\t\"\"\"\n    return re.search(r\"ab+\", text)\n\n\ndef check(candidate):\n    assert candidate('ac') == False\n    assert candidate('dc') == False\n    assert candidate('abba') == True\n\ndef test_check():\n    check(text_match_one)\n\ntest_check()\n",
      "timestamp": 1665509798,
      "stdout": "",
      "stderr": "Traceback (most recent call last):\n  File \"/tmp/tmpzibzrbj5.py\", line 16, in <module>\n    test_check()\n  File \"/tmp/tmpzibzrbj5.py\", line 14, in test_check\n    check(text_match_one)\n  File \"/tmp/tmpzibzrbj5.py\", line 9, in check\n    assert candidate('ac') == False\n  File \"/tmp/tmpzibzrbj5.py\", line 5, in text_match_one\n    return re.search(r\"ab+\", text)\nNameError: name 're' is not defined\n",
      "exit_code": 1,
      "status": "Exception"
    },
    {
      "program": "def text_match_one(text: str) -> bool:\n    \"\"\"\n\tWrite a function that matches a string that has an a followed by one or more b's.\n\t\"\"\"\n    return re.search(r\"ab+\", text) is not None\n\n\ndef check(candidate):\n    assert candidate('ac') == False\n    assert candidate('dc') == False\n    assert candidate('abba') == True\n\ndef test_check():\n    check(text_match_one)\n\ntest_check()\n",
      "timestamp": 1665509798,
      "stdout": "",
      "stderr": "Traceback (most recent call last):\n  File \"/tmp/tmpdvb6kl1t.py\", line 16, in <module>\n    test_check()\n  File \"/tmp/tmpdvb6kl1t.py\", line 14, in test_check\n    check(text_match_one)\n  File \"/tmp/tmpdvb6kl1t.py\", line 9, in check\n    assert candidate('ac') == False\n  File \"/tmp/tmpdvb6kl1t.py\", line 5, in text_match_one\n    return re.search(r\"ab+\", text) is not None\nNameError: name 're' is not defined\n",
      "exit_code": 1,
      "status": "Exception"
    },
    {
      "program": "def text_match_one(text: str) -> bool:\n    \"\"\"\n\tWrite a function that matches a string that has an a followed by one or more b's.\n\t\"\"\"\n    return bool(re.search(r\"ab+\", text))\n\n\ndef check(candidate):\n    assert candidate('ac') == False\n    assert candidate('dc') == False\n    assert candidate('abba') == True\n\ndef test_check():\n    check(text_match_one)\n\ntest_check()\n",
      "timestamp": 1665509798,
      "stdout": "",
      "stderr": "Traceback (most recent call last):\n  File \"/tmp/tmp83l71lxf.py\", line 16, in <module>\n    test_check()\n  File \"/tmp/tmp83l71lxf.py\", line 14, in test_check\n    check(text_match_one)\n  File \"/tmp/tmp83l71lxf.py\", line 9, in check\n    assert candidate('ac') == False\n  File \"/tmp/tmp83l71lxf.py\", line 5, in text_match_one\n    return bool(re.search(r\"ab+\", text))\nNameError: name 're' is not defined\n",
      "exit_code": 1,
      "status": "Exception"
    },
    {
      "program": "def text_match_one(text: str) -> bool:\n    \"\"\"\n\tWrite a function that matches a string that has an a followed by one or more b's.\n\t\"\"\"\n    return re.search(r\"ab+\", text) is not None\n\n\ndef check(candidate):\n    assert candidate('ac') == False\n    assert candidate('dc') == False\n    assert candidate('abba') == True\n\ndef test_check():\n    check(text_match_one)\n\ntest_check()\n",
      "timestamp": 1665509798,
      "stdout": "",
      "stderr": "Traceback (most recent call last):\n  File \"/tmp/tmpdvb6kl1t.py\", line 16, in <module>\n    test_check()\n  File \"/tmp/tmpdvb6kl1t.py\", line 14, in test_check\n    check(text_match_one)\n  File \"/tmp/tmpdvb6kl1t.py\", line 9, in check\n    assert candidate('ac') == False\n  File \"/tmp/tmpdvb6kl1t.py\", line 5, in text_match_one\n    return re.search(r\"ab+\", text) is not None\nNameError: name 're' is not defined\n",
      "exit_code": 1,
      "status": "Exception"
    },
    {
      "program": "def text_match_one(text: str) -> bool:\n    \"\"\"\n\tWrite a function that matches a string that has an a followed by one or more b's.\n\t\"\"\"\n    return re.search(r\"ab+\", text) is not None\n\n\ndef check(candidate):\n    assert candidate('ac') == False\n    assert candidate('dc') == False\n    assert candidate('abba') == True\n\ndef test_check():\n    check(text_match_one)\n\ntest_check()\n",
      "timestamp": 1665509798,
      "stdout": "",
      "stderr": "Traceback (most recent call last):\n  File \"/tmp/tmpdvb6kl1t.py\", line 16, in <module>\n    test_check()\n  File \"/tmp/tmpdvb6kl1t.py\", line 14, in test_check\n    check(text_match_one)\n  File \"/tmp/tmpdvb6kl1t.py\", line 9, in check\n    assert candidate('ac') == False\n  File \"/tmp/tmpdvb6kl1t.py\", line 5, in text_match_one\n    return re.search(r\"ab+\", text) is not None\nNameError: name 're' is not defined\n",
      "exit_code": 1,
      "status": "Exception"
    },
    {
      "program": "def text_match_one(text: str) -> bool:\n    \"\"\"\n\tWrite a function that matches a string that has an a followed by one or more b's.\n\t\"\"\"\n    return re.search(r'ab+', text)\n\n\ndef check(candidate):\n    assert candidate('ac') == False\n    assert candidate('dc') == False\n    assert candidate('abba') == True\n\ndef test_check():\n    check(text_match_one)\n\ntest_check()\n",
      "timestamp": 1666123975,
      "stdout": "",
      "stderr": "Traceback (most recent call last):\n  File \"/tmp/tmpx4_rznk5.py\", line 16, in <module>\n    test_check()\n  File \"/tmp/tmpx4_rznk5.py\", line 14, in test_check\n    check(text_match_one)\n  File \"/tmp/tmpx4_rznk5.py\", line 9, in check\n    assert candidate('ac') == False\n  File \"/tmp/tmpx4_rznk5.py\", line 5, in text_match_one\n    return re.search(r'ab+', text)\nNameError: name 're' is not defined\n",
      "exit_code": 1,
      "status": "Exception"
    },
    {
      "program": "def text_match_one(text: str) -> bool:\n    \"\"\"\n\tWrite a function that matches a string that has an a followed by one or more b's.\n\t\"\"\"\n    return re.search(r\"ab+\", text)\n\n\ndef check(candidate):\n    assert candidate('ac') == False\n    assert candidate('dc') == False\n    assert candidate('abba') == True\n\ndef test_check():\n    check(text_match_one)\n\ntest_check()\n",
      "timestamp": 1665509798,
      "stdout": "",
      "stderr": "Traceback (most recent call last):\n  File \"/tmp/tmpzibzrbj5.py\", line 16, in <module>\n    test_check()\n  File \"/tmp/tmpzibzrbj5.py\", line 14, in test_check\n    check(text_match_one)\n  File \"/tmp/tmpzibzrbj5.py\", line 9, in check\n    assert candidate('ac') == False\n  File \"/tmp/tmpzibzrbj5.py\", line 5, in text_match_one\n    return re.search(r\"ab+\", text)\nNameError: name 're' is not defined\n",
      "exit_code": 1,
      "status": "Exception"
    },
    {
      "program": "def text_match_one(text: str) -> bool:\n    \"\"\"\n\tWrite a function that matches a string that has an a followed by one or more b's.\n\t\"\"\"\n    return re.search(r\"ab+\", text) is not None\n\n\ndef check(candidate):\n    assert candidate('ac') == False\n    assert candidate('dc') == False\n    assert candidate('abba') == True\n\ndef test_check():\n    check(text_match_one)\n\ntest_check()\n",
      "timestamp": 1665509798,
      "stdout": "",
      "stderr": "Traceback (most recent call last):\n  File \"/tmp/tmpdvb6kl1t.py\", line 16, in <module>\n    test_check()\n  File \"/tmp/tmpdvb6kl1t.py\", line 14, in test_check\n    check(text_match_one)\n  File \"/tmp/tmpdvb6kl1t.py\", line 9, in check\n    assert candidate('ac') == False\n  File \"/tmp/tmpdvb6kl1t.py\", line 5, in text_match_one\n    return re.search(r\"ab+\", text) is not None\nNameError: name 're' is not defined\n",
      "exit_code": 1,
      "status": "Exception"
    },
    {
      "program": "def text_match_one(text: str) -> bool:\n    \"\"\"\n\tWrite a function that matches a string that has an a followed by one or more b's.\n\t\"\"\"\n    return re.search(r\"ab+\", text)\n\n\ndef check(candidate):\n    assert candidate('ac') == False\n    assert candidate('dc') == False\n    assert candidate('abba') == True\n\ndef test_check():\n    check(text_match_one)\n\ntest_check()\n",
      "timestamp": 1665509798,
      "stdout": "",
      "stderr": "Traceback (most recent call last):\n  File \"/tmp/tmpzibzrbj5.py\", line 16, in <module>\n    test_check()\n  File \"/tmp/tmpzibzrbj5.py\", line 14, in test_check\n    check(text_match_one)\n  File \"/tmp/tmpzibzrbj5.py\", line 9, in check\n    assert candidate('ac') == False\n  File \"/tmp/tmpzibzrbj5.py\", line 5, in text_match_one\n    return re.search(r\"ab+\", text)\nNameError: name 're' is not defined\n",
      "exit_code": 1,
      "status": "Exception"
    },
    {
      "program": "def text_match_one(text: str) -> bool:\n    \"\"\"\n\tWrite a function that matches a string that has an a followed by one or more b's.\n\t\"\"\"\n    pattern = r\"ab+\"\n    if re.search(pattern, text):\n        return True\n    return False\n\n\ndef check(candidate):\n    assert candidate('ac') == False\n    assert candidate('dc') == False\n    assert candidate('abba') == True\n\ndef test_check():\n    check(text_match_one)\n\ntest_check()\n",
      "timestamp": 1665509798,
      "stdout": "",
      "stderr": "Traceback (most recent call last):\n  File \"/tmp/tmpd97gbbhy.py\", line 19, in <module>\n    test_check()\n  File \"/tmp/tmpd97gbbhy.py\", line 17, in test_check\n    check(text_match_one)\n  File \"/tmp/tmpd97gbbhy.py\", line 12, in check\n    assert candidate('ac') == False\n  File \"/tmp/tmpd97gbbhy.py\", line 6, in text_match_one\n    if re.search(pattern, text):\nNameError: name 're' is not defined\n",
      "exit_code": 1,
      "status": "Exception"
    },
    {
      "program": "def text_match_one(text: str) -> bool:\n    \"\"\"\n\tWrite a function that matches a string that has an a followed by one or more b's.\n\t\"\"\"\n    return re.search(r\"ab+\", text)\n\n\ndef check(candidate):\n    assert candidate('ac') == False\n    assert candidate('dc') == False\n    assert candidate('abba') == True\n\ndef test_check():\n    check(text_match_one)\n\ntest_check()\n",
      "timestamp": 1665509798,
      "stdout": "",
      "stderr": "Traceback (most recent call last):\n  File \"/tmp/tmpzibzrbj5.py\", line 16, in <module>\n    test_check()\n  File \"/tmp/tmpzibzrbj5.py\", line 14, in test_check\n    check(text_match_one)\n  File \"/tmp/tmpzibzrbj5.py\", line 9, in check\n    assert candidate('ac') == False\n  File \"/tmp/tmpzibzrbj5.py\", line 5, in text_match_one\n    return re.search(r\"ab+\", text)\nNameError: name 're' is not defined\n",
      "exit_code": 1,
      "status": "Exception"
    },
    {
      "program": "def text_match_one(text: str) -> bool:\n    \"\"\"\n\tWrite a function that matches a string that has an a followed by one or more b's.\n\t\"\"\"\n    return bool(re.search(r\"ab+\", text))\n\n\ndef check(candidate):\n    assert candidate('ac') == False\n    assert candidate('dc') == False\n    assert candidate('abba') == True\n\ndef test_check():\n    check(text_match_one)\n\ntest_check()\n",
      "timestamp": 1665509798,
      "stdout": "",
      "stderr": "Traceback (most recent call last):\n  File \"/tmp/tmp83l71lxf.py\", line 16, in <module>\n    test_check()\n  File \"/tmp/tmp83l71lxf.py\", line 14, in test_check\n    check(text_match_one)\n  File \"/tmp/tmp83l71lxf.py\", line 9, in check\n    assert candidate('ac') == False\n  File \"/tmp/tmp83l71lxf.py\", line 5, in text_match_one\n    return bool(re.search(r\"ab+\", text))\nNameError: name 're' is not defined\n",
      "exit_code": 1,
      "status": "Exception"
    },
    {
      "program": "def text_match_one(text: str) -> bool:\n    \"\"\"\n\tWrite a function that matches a string that has an a followed by one or more b's.\n\t\"\"\"\n    return bool(re.search(r\"ab+\", text))\n\n\ndef check(candidate):\n    assert candidate('ac') == False\n    assert candidate('dc') == False\n    assert candidate('abba') == True\n\ndef test_check():\n    check(text_match_one)\n\ntest_check()\n",
      "timestamp": 1665509798,
      "stdout": "",
      "stderr": "Traceback (most recent call last):\n  File \"/tmp/tmp83l71lxf.py\", line 16, in <module>\n    test_check()\n  File \"/tmp/tmp83l71lxf.py\", line 14, in test_check\n    check(text_match_one)\n  File \"/tmp/tmp83l71lxf.py\", line 9, in check\n    assert candidate('ac') == False\n  File \"/tmp/tmp83l71lxf.py\", line 5, in text_match_one\n    return bool(re.search(r\"ab+\", text))\nNameError: name 're' is not defined\n",
      "exit_code": 1,
      "status": "Exception"
    },
    {
      "program": "def text_match_one(text: str) -> bool:\n    \"\"\"\n\tWrite a function that matches a string that has an a followed by one or more b's.\n\t\"\"\"\n    pattern = re.compile(r\"ab+\")\n    if re.search(pattern, text):\n        return True\n    return False\n\n\ndef check(candidate):\n    assert candidate('ac') == False\n    assert candidate('dc') == False\n    assert candidate('abba') == True\n\ndef test_check():\n    check(text_match_one)\n\ntest_check()\n",
      "timestamp": 1665509798,
      "stdout": "",
      "stderr": "Traceback (most recent call last):\n  File \"/tmp/tmpg2qm5899.py\", line 19, in <module>\n    test_check()\n  File \"/tmp/tmpg2qm5899.py\", line 17, in test_check\n    check(text_match_one)\n  File \"/tmp/tmpg2qm5899.py\", line 12, in check\n    assert candidate('ac') == False\n  File \"/tmp/tmpg2qm5899.py\", line 5, in text_match_one\n    pattern = re.compile(r\"ab+\")\nNameError: name 're' is not defined\n",
      "exit_code": 1,
      "status": "Exception"
    },
    {
      "program": "def text_match_one(text: str) -> bool:\n    \"\"\"\n\tWrite a function that matches a string that has an a followed by one or more b's.\n\t\"\"\"\n    return re.search(r\"ab+\", text)\n\n\ndef check(candidate):\n    assert candidate('ac') == False\n    assert candidate('dc') == False\n    assert candidate('abba') == True\n\ndef test_check():\n    check(text_match_one)\n\ntest_check()\n",
      "timestamp": 1665509798,
      "stdout": "",
      "stderr": "Traceback (most recent call last):\n  File \"/tmp/tmpzibzrbj5.py\", line 16, in <module>\n    test_check()\n  File \"/tmp/tmpzibzrbj5.py\", line 14, in test_check\n    check(text_match_one)\n  File \"/tmp/tmpzibzrbj5.py\", line 9, in check\n    assert candidate('ac') == False\n  File \"/tmp/tmpzibzrbj5.py\", line 5, in text_match_one\n    return re.search(r\"ab+\", text)\nNameError: name 're' is not defined\n",
      "exit_code": 1,
      "status": "Exception"
    },
    {
      "program": "def text_match_one(text: str) -> bool:\n    \"\"\"\n\tWrite a function that matches a string that has an a followed by one or more b's.\n\t\"\"\"\n    return re.search(r\"ab+\", text) is not None\n\n\ndef check(candidate):\n    assert candidate('ac') == False\n    assert candidate('dc') == False\n    assert candidate('abba') == True\n\ndef test_check():\n    check(text_match_one)\n\ntest_check()\n",
      "timestamp": 1665509798,
      "stdout": "",
      "stderr": "Traceback (most recent call last):\n  File \"/tmp/tmpdvb6kl1t.py\", line 16, in <module>\n    test_check()\n  File \"/tmp/tmpdvb6kl1t.py\", line 14, in test_check\n    check(text_match_one)\n  File \"/tmp/tmpdvb6kl1t.py\", line 9, in check\n    assert candidate('ac') == False\n  File \"/tmp/tmpdvb6kl1t.py\", line 5, in text_match_one\n    return re.search(r\"ab+\", text) is not None\nNameError: name 're' is not defined\n",
      "exit_code": 1,
      "status": "Exception"
    },
    {
      "program": "def text_match_one(text: str) -> bool:\n    \"\"\"\n\tWrite a function that matches a string that has an a followed by one or more b's.\n\t\"\"\"\n    return bool(re.match(r\"ab+\", text))\n\n\ndef check(candidate):\n    assert candidate('ac') == False\n    assert candidate('dc') == False\n    assert candidate('abba') == True\n\ndef test_check():\n    check(text_match_one)\n\ntest_check()\n",
      "timestamp": 1665509798,
      "stdout": "",
      "stderr": "Traceback (most recent call last):\n  File \"/tmp/tmpratng62m.py\", line 16, in <module>\n    test_check()\n  File \"/tmp/tmpratng62m.py\", line 14, in test_check\n    check(text_match_one)\n  File \"/tmp/tmpratng62m.py\", line 9, in check\n    assert candidate('ac') == False\n  File \"/tmp/tmpratng62m.py\", line 5, in text_match_one\n    return bool(re.match(r\"ab+\", text))\nNameError: name 're' is not defined\n",
      "exit_code": 1,
      "status": "Exception"
    },
    {
      "program": "def text_match_one(text: str) -> bool:\n    \"\"\"\n\tWrite a function that matches a string that has an a followed by one or more b's.\n\t\"\"\"\n    return re.search(r\"ab+\", text) is not None\n\n\ndef check(candidate):\n    assert candidate('ac') == False\n    assert candidate('dc') == False\n    assert candidate('abba') == True\n\ndef test_check():\n    check(text_match_one)\n\ntest_check()\n",
      "timestamp": 1665509798,
      "stdout": "",
      "stderr": "Traceback (most recent call last):\n  File \"/tmp/tmpdvb6kl1t.py\", line 16, in <module>\n    test_check()\n  File \"/tmp/tmpdvb6kl1t.py\", line 14, in test_check\n    check(text_match_one)\n  File \"/tmp/tmpdvb6kl1t.py\", line 9, in check\n    assert candidate('ac') == False\n  File \"/tmp/tmpdvb6kl1t.py\", line 5, in text_match_one\n    return re.search(r\"ab+\", text) is not None\nNameError: name 're' is not defined\n",
      "exit_code": 1,
      "status": "Exception"
    },
    {
      "program": "def text_match_one(text: str) -> bool:\n    \"\"\"\n\tWrite a function that matches a string that has an a followed by one or more b's.\n\t\"\"\"\n    return re.search(r\"ab+\", text) is not None\n\n\ndef check(candidate):\n    assert candidate('ac') == False\n    assert candidate('dc') == False\n    assert candidate('abba') == True\n\ndef test_check():\n    check(text_match_one)\n\ntest_check()\n",
      "timestamp": 1665509798,
      "stdout": "",
      "stderr": "Traceback (most recent call last):\n  File \"/tmp/tmpdvb6kl1t.py\", line 16, in <module>\n    test_check()\n  File \"/tmp/tmpdvb6kl1t.py\", line 14, in test_check\n    check(text_match_one)\n  File \"/tmp/tmpdvb6kl1t.py\", line 9, in check\n    assert candidate('ac') == False\n  File \"/tmp/tmpdvb6kl1t.py\", line 5, in text_match_one\n    return re.search(r\"ab+\", text) is not None\nNameError: name 're' is not defined\n",
      "exit_code": 1,
      "status": "Exception"
    },
    {
      "program": "def text_match_one(text: str) -> bool:\n    \"\"\"\n\tWrite a function that matches a string that has an a followed by one or more b's.\n\t\"\"\"\n    return re.search(r\"ab+\", text) is not None\n\n\ndef check(candidate):\n    assert candidate('ac') == False\n    assert candidate('dc') == False\n    assert candidate('abba') == True\n\ndef test_check():\n    check(text_match_one)\n\ntest_check()\n",
      "timestamp": 1665509798,
      "stdout": "",
      "stderr": "Traceback (most recent call last):\n  File \"/tmp/tmpdvb6kl1t.py\", line 16, in <module>\n    test_check()\n  File \"/tmp/tmpdvb6kl1t.py\", line 14, in test_check\n    check(text_match_one)\n  File \"/tmp/tmpdvb6kl1t.py\", line 9, in check\n    assert candidate('ac') == False\n  File \"/tmp/tmpdvb6kl1t.py\", line 5, in text_match_one\n    return re.search(r\"ab+\", text) is not None\nNameError: name 're' is not defined\n",
      "exit_code": 1,
      "status": "Exception"
    },
    {
      "program": "def text_match_one(text: str) -> bool:\n    \"\"\"\n\tWrite a function that matches a string that has an a followed by one or more b's.\n\t\"\"\"\n    return re.search(r\"ab+\", text) is not None\n\n\ndef check(candidate):\n    assert candidate('ac') == False\n    assert candidate('dc') == False\n    assert candidate('abba') == True\n\ndef test_check():\n    check(text_match_one)\n\ntest_check()\n",
      "timestamp": 1665509798,
      "stdout": "",
      "stderr": "Traceback (most recent call last):\n  File \"/tmp/tmpdvb6kl1t.py\", line 16, in <module>\n    test_check()\n  File \"/tmp/tmpdvb6kl1t.py\", line 14, in test_check\n    check(text_match_one)\n  File \"/tmp/tmpdvb6kl1t.py\", line 9, in check\n    assert candidate('ac') == False\n  File \"/tmp/tmpdvb6kl1t.py\", line 5, in text_match_one\n    return re.search(r\"ab+\", text) is not None\nNameError: name 're' is not defined\n",
      "exit_code": 1,
      "status": "Exception"
    },
    {
      "program": "def text_match_one(text: str) -> bool:\n    \"\"\"\n\tWrite a function that matches a string that has an a followed by one or more b's.\n\t\"\"\"\n    return re.search(r'ab+', text)\n\n\ndef check(candidate):\n    assert candidate('ac') == False\n    assert candidate('dc') == False\n    assert candidate('abba') == True\n\ndef test_check():\n    check(text_match_one)\n\ntest_check()\n",
      "timestamp": 1666123975,
      "stdout": "",
      "stderr": "Traceback (most recent call last):\n  File \"/tmp/tmpx4_rznk5.py\", line 16, in <module>\n    test_check()\n  File \"/tmp/tmpx4_rznk5.py\", line 14, in test_check\n    check(text_match_one)\n  File \"/tmp/tmpx4_rznk5.py\", line 9, in check\n    assert candidate('ac') == False\n  File \"/tmp/tmpx4_rznk5.py\", line 5, in text_match_one\n    return re.search(r'ab+', text)\nNameError: name 're' is not defined\n",
      "exit_code": 1,
      "status": "Exception"
    },
    {
      "program": "def text_match_one(text: str) -> bool:\n    \"\"\"\n\tWrite a function that matches a string that has an a followed by one or more b's.\n\t\"\"\"\n    return re.search(r\"ab+\", text) is not None\n\n\ndef check(candidate):\n    assert candidate('ac') == False\n    assert candidate('dc') == False\n    assert candidate('abba') == True\n\ndef test_check():\n    check(text_match_one)\n\ntest_check()\n",
      "timestamp": 1665509798,
      "stdout": "",
      "stderr": "Traceback (most recent call last):\n  File \"/tmp/tmpdvb6kl1t.py\", line 16, in <module>\n    test_check()\n  File \"/tmp/tmpdvb6kl1t.py\", line 14, in test_check\n    check(text_match_one)\n  File \"/tmp/tmpdvb6kl1t.py\", line 9, in check\n    assert candidate('ac') == False\n  File \"/tmp/tmpdvb6kl1t.py\", line 5, in text_match_one\n    return re.search(r\"ab+\", text) is not None\nNameError: name 're' is not defined\n",
      "exit_code": 1,
      "status": "Exception"
    },
    {
      "program": "def text_match_one(text: str) -> bool:\n    \"\"\"\n\tWrite a function that matches a string that has an a followed by one or more b's.\n\t\"\"\"\n    return re.search(r\"ab+\", text) is not None\n\n\ndef check(candidate):\n    assert candidate('ac') == False\n    assert candidate('dc') == False\n    assert candidate('abba') == True\n\ndef test_check():\n    check(text_match_one)\n\ntest_check()\n",
      "timestamp": 1665509798,
      "stdout": "",
      "stderr": "Traceback (most recent call last):\n  File \"/tmp/tmpdvb6kl1t.py\", line 16, in <module>\n    test_check()\n  File \"/tmp/tmpdvb6kl1t.py\", line 14, in test_check\n    check(text_match_one)\n  File \"/tmp/tmpdvb6kl1t.py\", line 9, in check\n    assert candidate('ac') == False\n  File \"/tmp/tmpdvb6kl1t.py\", line 5, in text_match_one\n    return re.search(r\"ab+\", text) is not None\nNameError: name 're' is not defined\n",
      "exit_code": 1,
      "status": "Exception"
    },
    {
      "program": "def text_match_one(text: str) -> bool:\n    \"\"\"\n\tWrite a function that matches a string that has an a followed by one or more b's.\n\t\"\"\"\n    return bool(re.search(r\"ab+\", text))\n\n\ndef check(candidate):\n    assert candidate('ac') == False\n    assert candidate('dc') == False\n    assert candidate('abba') == True\n\ndef test_check():\n    check(text_match_one)\n\ntest_check()\n",
      "timestamp": 1665509798,
      "stdout": "",
      "stderr": "Traceback (most recent call last):\n  File \"/tmp/tmp83l71lxf.py\", line 16, in <module>\n    test_check()\n  File \"/tmp/tmp83l71lxf.py\", line 14, in test_check\n    check(text_match_one)\n  File \"/tmp/tmp83l71lxf.py\", line 9, in check\n    assert candidate('ac') == False\n  File \"/tmp/tmp83l71lxf.py\", line 5, in text_match_one\n    return bool(re.search(r\"ab+\", text))\nNameError: name 're' is not defined\n",
      "exit_code": 1,
      "status": "Exception"
    },
    {
      "program": "def text_match_one(text: str) -> bool:\n    \"\"\"\n\tWrite a function that matches a string that has an a followed by one or more b's.\n\t\"\"\"\n    return re.search(r\"ab+\", text)\n\n\ndef check(candidate):\n    assert candidate('ac') == False\n    assert candidate('dc') == False\n    assert candidate('abba') == True\n\ndef test_check():\n    check(text_match_one)\n\ntest_check()\n",
      "timestamp": 1665509798,
      "stdout": "",
      "stderr": "Traceback (most recent call last):\n  File \"/tmp/tmpzibzrbj5.py\", line 16, in <module>\n    test_check()\n  File \"/tmp/tmpzibzrbj5.py\", line 14, in test_check\n    check(text_match_one)\n  File \"/tmp/tmpzibzrbj5.py\", line 9, in check\n    assert candidate('ac') == False\n  File \"/tmp/tmpzibzrbj5.py\", line 5, in text_match_one\n    return re.search(r\"ab+\", text)\nNameError: name 're' is not defined\n",
      "exit_code": 1,
      "status": "Exception"
    },
    {
      "program": "def text_match_one(text: str) -> bool:\n    \"\"\"\n\tWrite a function that matches a string that has an a followed by one or more b's.\n\t\"\"\"\n    return re.search(r\"ab+\", text) is not None\n\n\ndef check(candidate):\n    assert candidate('ac') == False\n    assert candidate('dc') == False\n    assert candidate('abba') == True\n\ndef test_check():\n    check(text_match_one)\n\ntest_check()\n",
      "timestamp": 1665509798,
      "stdout": "",
      "stderr": "Traceback (most recent call last):\n  File \"/tmp/tmpdvb6kl1t.py\", line 16, in <module>\n    test_check()\n  File \"/tmp/tmpdvb6kl1t.py\", line 14, in test_check\n    check(text_match_one)\n  File \"/tmp/tmpdvb6kl1t.py\", line 9, in check\n    assert candidate('ac') == False\n  File \"/tmp/tmpdvb6kl1t.py\", line 5, in text_match_one\n    return re.search(r\"ab+\", text) is not None\nNameError: name 're' is not defined\n",
      "exit_code": 1,
      "status": "Exception"
    },
    {
      "program": "def text_match_one(text: str) -> bool:\n    \"\"\"\n\tWrite a function that matches a string that has an a followed by one or more b's.\n\t\"\"\"\n    return re.search(r\"ab+\", text) is not None\n\n\ndef check(candidate):\n    assert candidate('ac') == False\n    assert candidate('dc') == False\n    assert candidate('abba') == True\n\ndef test_check():\n    check(text_match_one)\n\ntest_check()\n",
      "timestamp": 1665509798,
      "stdout": "",
      "stderr": "Traceback (most recent call last):\n  File \"/tmp/tmpdvb6kl1t.py\", line 16, in <module>\n    test_check()\n  File \"/tmp/tmpdvb6kl1t.py\", line 14, in test_check\n    check(text_match_one)\n  File \"/tmp/tmpdvb6kl1t.py\", line 9, in check\n    assert candidate('ac') == False\n  File \"/tmp/tmpdvb6kl1t.py\", line 5, in text_match_one\n    return re.search(r\"ab+\", text) is not None\nNameError: name 're' is not defined\n",
      "exit_code": 1,
      "status": "Exception"
    },
    {
      "program": "def text_match_one(text: str) -> bool:\n    \"\"\"\n\tWrite a function that matches a string that has an a followed by one or more b's.\n\t\"\"\"\n    return re.search(r\"ab+\", text) is not None\n\n\ndef check(candidate):\n    assert candidate('ac') == False\n    assert candidate('dc') == False\n    assert candidate('abba') == True\n\ndef test_check():\n    check(text_match_one)\n\ntest_check()\n",
      "timestamp": 1665509798,
      "stdout": "",
      "stderr": "Traceback (most recent call last):\n  File \"/tmp/tmpdvb6kl1t.py\", line 16, in <module>\n    test_check()\n  File \"/tmp/tmpdvb6kl1t.py\", line 14, in test_check\n    check(text_match_one)\n  File \"/tmp/tmpdvb6kl1t.py\", line 9, in check\n    assert candidate('ac') == False\n  File \"/tmp/tmpdvb6kl1t.py\", line 5, in text_match_one\n    return re.search(r\"ab+\", text) is not None\nNameError: name 're' is not defined\n",
      "exit_code": 1,
      "status": "Exception"
    },
    {
      "program": "def text_match_one(text: str) -> bool:\n    \"\"\"\n\tWrite a function that matches a string that has an a followed by one or more b's.\n\t\"\"\"\n    return re.search(r\"ab+\", text) is not None\n\n\ndef check(candidate):\n    assert candidate('ac') == False\n    assert candidate('dc') == False\n    assert candidate('abba') == True\n\ndef test_check():\n    check(text_match_one)\n\ntest_check()\n",
      "timestamp": 1665509798,
      "stdout": "",
      "stderr": "Traceback (most recent call last):\n  File \"/tmp/tmpdvb6kl1t.py\", line 16, in <module>\n    test_check()\n  File \"/tmp/tmpdvb6kl1t.py\", line 14, in test_check\n    check(text_match_one)\n  File \"/tmp/tmpdvb6kl1t.py\", line 9, in check\n    assert candidate('ac') == False\n  File \"/tmp/tmpdvb6kl1t.py\", line 5, in text_match_one\n    return re.search(r\"ab+\", text) is not None\nNameError: name 're' is not defined\n",
      "exit_code": 1,
      "status": "Exception"
    },
    {
      "program": "def text_match_one(text: str) -> bool:\n    \"\"\"\n\tWrite a function that matches a string that has an a followed by one or more b's.\n\t\"\"\"\n    return re.search(r\"ab+\", text)\n\n\ndef check(candidate):\n    assert candidate('ac') == False\n    assert candidate('dc') == False\n    assert candidate('abba') == True\n\ndef test_check():\n    check(text_match_one)\n\ntest_check()\n",
      "timestamp": 1665509798,
      "stdout": "",
      "stderr": "Traceback (most recent call last):\n  File \"/tmp/tmpzibzrbj5.py\", line 16, in <module>\n    test_check()\n  File \"/tmp/tmpzibzrbj5.py\", line 14, in test_check\n    check(text_match_one)\n  File \"/tmp/tmpzibzrbj5.py\", line 9, in check\n    assert candidate('ac') == False\n  File \"/tmp/tmpzibzrbj5.py\", line 5, in text_match_one\n    return re.search(r\"ab+\", text)\nNameError: name 're' is not defined\n",
      "exit_code": 1,
      "status": "Exception"
    },
    {
      "program": "def text_match_one(text: str) -> bool:\n    \"\"\"\n\tWrite a function that matches a string that has an a followed by one or more b's.\n\t\"\"\"\n    return re.search(r\"ab+\", text) is not None\n\n\ndef check(candidate):\n    assert candidate('ac') == False\n    assert candidate('dc') == False\n    assert candidate('abba') == True\n\ndef test_check():\n    check(text_match_one)\n\ntest_check()\n",
      "timestamp": 1665509798,
      "stdout": "",
      "stderr": "Traceback (most recent call last):\n  File \"/tmp/tmpdvb6kl1t.py\", line 16, in <module>\n    test_check()\n  File \"/tmp/tmpdvb6kl1t.py\", line 14, in test_check\n    check(text_match_one)\n  File \"/tmp/tmpdvb6kl1t.py\", line 9, in check\n    assert candidate('ac') == False\n  File \"/tmp/tmpdvb6kl1t.py\", line 5, in text_match_one\n    return re.search(r\"ab+\", text) is not None\nNameError: name 're' is not defined\n",
      "exit_code": 1,
      "status": "Exception"
    },
    {
      "program": "def text_match_one(text: str) -> bool:\n    \"\"\"\n\tWrite a function that matches a string that has an a followed by one or more b's.\n\t\"\"\"\n    return re.search(r\"ab+\", text) is not None\n\n\ndef check(candidate):\n    assert candidate('ac') == False\n    assert candidate('dc') == False\n    assert candidate('abba') == True\n\ndef test_check():\n    check(text_match_one)\n\ntest_check()\n",
      "timestamp": 1665509798,
      "stdout": "",
      "stderr": "Traceback (most recent call last):\n  File \"/tmp/tmpdvb6kl1t.py\", line 16, in <module>\n    test_check()\n  File \"/tmp/tmpdvb6kl1t.py\", line 14, in test_check\n    check(text_match_one)\n  File \"/tmp/tmpdvb6kl1t.py\", line 9, in check\n    assert candidate('ac') == False\n  File \"/tmp/tmpdvb6kl1t.py\", line 5, in text_match_one\n    return re.search(r\"ab+\", text) is not None\nNameError: name 're' is not defined\n",
      "exit_code": 1,
      "status": "Exception"
    },
    {
      "program": "def text_match_one(text: str) -> bool:\n    \"\"\"\n\tWrite a function that matches a string that has an a followed by one or more b's.\n\t\"\"\"\n    return re.search(r\"ab+\", text) is not None\n\n\ndef check(candidate):\n    assert candidate('ac') == False\n    assert candidate('dc') == False\n    assert candidate('abba') == True\n\ndef test_check():\n    check(text_match_one)\n\ntest_check()\n",
      "timestamp": 1665509798,
      "stdout": "",
      "stderr": "Traceback (most recent call last):\n  File \"/tmp/tmpdvb6kl1t.py\", line 16, in <module>\n    test_check()\n  File \"/tmp/tmpdvb6kl1t.py\", line 14, in test_check\n    check(text_match_one)\n  File \"/tmp/tmpdvb6kl1t.py\", line 9, in check\n    assert candidate('ac') == False\n  File \"/tmp/tmpdvb6kl1t.py\", line 5, in text_match_one\n    return re.search(r\"ab+\", text) is not None\nNameError: name 're' is not defined\n",
      "exit_code": 1,
      "status": "Exception"
    },
    {
      "program": "def text_match_one(text: str) -> bool:\n    \"\"\"\n\tWrite a function that matches a string that has an a followed by one or more b's.\n\t\"\"\"\n    return re.search(r\"ab+\", text) is not None\n\n\ndef check(candidate):\n    assert candidate('ac') == False\n    assert candidate('dc') == False\n    assert candidate('abba') == True\n\ndef test_check():\n    check(text_match_one)\n\ntest_check()\n",
      "timestamp": 1665509798,
      "stdout": "",
      "stderr": "Traceback (most recent call last):\n  File \"/tmp/tmpdvb6kl1t.py\", line 16, in <module>\n    test_check()\n  File \"/tmp/tmpdvb6kl1t.py\", line 14, in test_check\n    check(text_match_one)\n  File \"/tmp/tmpdvb6kl1t.py\", line 9, in check\n    assert candidate('ac') == False\n  File \"/tmp/tmpdvb6kl1t.py\", line 5, in text_match_one\n    return re.search(r\"ab+\", text) is not None\nNameError: name 're' is not defined\n",
      "exit_code": 1,
      "status": "Exception"
    },
    {
      "program": "def text_match_one(text: str) -> bool:\n    \"\"\"\n\tWrite a function that matches a string that has an a followed by one or more b's.\n\t\"\"\"\n    return re.search(r\"ab+\", text)\n\n\ndef check(candidate):\n    assert candidate('ac') == False\n    assert candidate('dc') == False\n    assert candidate('abba') == True\n\ndef test_check():\n    check(text_match_one)\n\ntest_check()\n",
      "timestamp": 1665509798,
      "stdout": "",
      "stderr": "Traceback (most recent call last):\n  File \"/tmp/tmpzibzrbj5.py\", line 16, in <module>\n    test_check()\n  File \"/tmp/tmpzibzrbj5.py\", line 14, in test_check\n    check(text_match_one)\n  File \"/tmp/tmpzibzrbj5.py\", line 9, in check\n    assert candidate('ac') == False\n  File \"/tmp/tmpzibzrbj5.py\", line 5, in text_match_one\n    return re.search(r\"ab+\", text)\nNameError: name 're' is not defined\n",
      "exit_code": 1,
      "status": "Exception"
    },
    {
      "program": "def text_match_one(text: str) -> bool:\n    \"\"\"\n\tWrite a function that matches a string that has an a followed by one or more b's.\n\t\"\"\"\n    return re.search(r\"ab+\", text)\n\n\ndef check(candidate):\n    assert candidate('ac') == False\n    assert candidate('dc') == False\n    assert candidate('abba') == True\n\ndef test_check():\n    check(text_match_one)\n\ntest_check()\n",
      "timestamp": 1665509798,
      "stdout": "",
      "stderr": "Traceback (most recent call last):\n  File \"/tmp/tmpzibzrbj5.py\", line 16, in <module>\n    test_check()\n  File \"/tmp/tmpzibzrbj5.py\", line 14, in test_check\n    check(text_match_one)\n  File \"/tmp/tmpzibzrbj5.py\", line 9, in check\n    assert candidate('ac') == False\n  File \"/tmp/tmpzibzrbj5.py\", line 5, in text_match_one\n    return re.search(r\"ab+\", text)\nNameError: name 're' is not defined\n",
      "exit_code": 1,
      "status": "Exception"
    },
    {
      "program": "def text_match_one(text: str) -> bool:\n    \"\"\"\n\tWrite a function that matches a string that has an a followed by one or more b's.\n\t\"\"\"\n    return re.search(r'ab+', text)\n\n\ndef check(candidate):\n    assert candidate('ac') == False\n    assert candidate('dc') == False\n    assert candidate('abba') == True\n\ndef test_check():\n    check(text_match_one)\n\ntest_check()\n",
      "timestamp": 1666123975,
      "stdout": "",
      "stderr": "Traceback (most recent call last):\n  File \"/tmp/tmpx4_rznk5.py\", line 16, in <module>\n    test_check()\n  File \"/tmp/tmpx4_rznk5.py\", line 14, in test_check\n    check(text_match_one)\n  File \"/tmp/tmpx4_rznk5.py\", line 9, in check\n    assert candidate('ac') == False\n  File \"/tmp/tmpx4_rznk5.py\", line 5, in text_match_one\n    return re.search(r'ab+', text)\nNameError: name 're' is not defined\n",
      "exit_code": 1,
      "status": "Exception"
    },
    {
      "program": "def text_match_one(text: str) -> bool:\n    \"\"\"\n\tWrite a function that matches a string that has an a followed by one or more b's.\n\t\"\"\"\n    return re.search(r\"ab+\", text) is not None\n\n\ndef check(candidate):\n    assert candidate('ac') == False\n    assert candidate('dc') == False\n    assert candidate('abba') == True\n\ndef test_check():\n    check(text_match_one)\n\ntest_check()\n",
      "timestamp": 1665509798,
      "stdout": "",
      "stderr": "Traceback (most recent call last):\n  File \"/tmp/tmpdvb6kl1t.py\", line 16, in <module>\n    test_check()\n  File \"/tmp/tmpdvb6kl1t.py\", line 14, in test_check\n    check(text_match_one)\n  File \"/tmp/tmpdvb6kl1t.py\", line 9, in check\n    assert candidate('ac') == False\n  File \"/tmp/tmpdvb6kl1t.py\", line 5, in text_match_one\n    return re.search(r\"ab+\", text) is not None\nNameError: name 're' is not defined\n",
      "exit_code": 1,
      "status": "Exception"
    },
    {
      "program": "def text_match_one(text: str) -> bool:\n    \"\"\"\n\tWrite a function that matches a string that has an a followed by one or more b's.\n\t\"\"\"\n    return re.search(r\"ab+\", text)\n\n\ndef check(candidate):\n    assert candidate('ac') == False\n    assert candidate('dc') == False\n    assert candidate('abba') == True\n\ndef test_check():\n    check(text_match_one)\n\ntest_check()\n",
      "timestamp": 1665509798,
      "stdout": "",
      "stderr": "Traceback (most recent call last):\n  File \"/tmp/tmpzibzrbj5.py\", line 16, in <module>\n    test_check()\n  File \"/tmp/tmpzibzrbj5.py\", line 14, in test_check\n    check(text_match_one)\n  File \"/tmp/tmpzibzrbj5.py\", line 9, in check\n    assert candidate('ac') == False\n  File \"/tmp/tmpzibzrbj5.py\", line 5, in text_match_one\n    return re.search(r\"ab+\", text)\nNameError: name 're' is not defined\n",
      "exit_code": 1,
      "status": "Exception"
    },
    {
      "program": "def text_match_one(text: str) -> bool:\n    \"\"\"\n\tWrite a function that matches a string that has an a followed by one or more b's.\n\t\"\"\"\n    return re.search(r\"ab+\", text) is not None\n\n\ndef check(candidate):\n    assert candidate('ac') == False\n    assert candidate('dc') == False\n    assert candidate('abba') == True\n\ndef test_check():\n    check(text_match_one)\n\ntest_check()\n",
      "timestamp": 1665509798,
      "stdout": "",
      "stderr": "Traceback (most recent call last):\n  File \"/tmp/tmpdvb6kl1t.py\", line 16, in <module>\n    test_check()\n  File \"/tmp/tmpdvb6kl1t.py\", line 14, in test_check\n    check(text_match_one)\n  File \"/tmp/tmpdvb6kl1t.py\", line 9, in check\n    assert candidate('ac') == False\n  File \"/tmp/tmpdvb6kl1t.py\", line 5, in text_match_one\n    return re.search(r\"ab+\", text) is not None\nNameError: name 're' is not defined\n",
      "exit_code": 1,
      "status": "Exception"
    },
    {
      "program": "def text_match_one(text: str) -> bool:\n    \"\"\"\n\tWrite a function that matches a string that has an a followed by one or more b's.\n\t\"\"\"\n    pattern = r\"ab+\"\n    if re.search(pattern, text):\n        return True\n    return False\n\n\ndef check(candidate):\n    assert candidate('ac') == False\n    assert candidate('dc') == False\n    assert candidate('abba') == True\n\ndef test_check():\n    check(text_match_one)\n\ntest_check()\n",
      "timestamp": 1665509798,
      "stdout": "",
      "stderr": "Traceback (most recent call last):\n  File \"/tmp/tmpd97gbbhy.py\", line 19, in <module>\n    test_check()\n  File \"/tmp/tmpd97gbbhy.py\", line 17, in test_check\n    check(text_match_one)\n  File \"/tmp/tmpd97gbbhy.py\", line 12, in check\n    assert candidate('ac') == False\n  File \"/tmp/tmpd97gbbhy.py\", line 6, in text_match_one\n    if re.search(pattern, text):\nNameError: name 're' is not defined\n",
      "exit_code": 1,
      "status": "Exception"
    },
    {
      "program": "def text_match_one(text: str) -> bool:\n    \"\"\"\n\tWrite a function that matches a string that has an a followed by one or more b's.\n\t\"\"\"\n    return re.search(r'ab+', text) is not None\n\n\ndef check(candidate):\n    assert candidate('ac') == False\n    assert candidate('dc') == False\n    assert candidate('abba') == True\n\ndef test_check():\n    check(text_match_one)\n\ntest_check()\n",
      "timestamp": 1665509798,
      "stdout": "",
      "stderr": "Traceback (most recent call last):\n  File \"/tmp/tmp4xp19sft.py\", line 16, in <module>\n    test_check()\n  File \"/tmp/tmp4xp19sft.py\", line 14, in test_check\n    check(text_match_one)\n  File \"/tmp/tmp4xp19sft.py\", line 9, in check\n    assert candidate('ac') == False\n  File \"/tmp/tmp4xp19sft.py\", line 5, in text_match_one\n    return re.search(r'ab+', text) is not None\nNameError: name 're' is not defined\n",
      "exit_code": 1,
      "status": "Exception"
    },
    {
      "program": "def text_match_one(text: str) -> bool:\n    \"\"\"\n\tWrite a function that matches a string that has an a followed by one or more b's.\n\t\"\"\"\n    return re.search(r\"ab+\", text) is not None\n\n\ndef check(candidate):\n    assert candidate('ac') == False\n    assert candidate('dc') == False\n    assert candidate('abba') == True\n\ndef test_check():\n    check(text_match_one)\n\ntest_check()\n",
      "timestamp": 1665509798,
      "stdout": "",
      "stderr": "Traceback (most recent call last):\n  File \"/tmp/tmpdvb6kl1t.py\", line 16, in <module>\n    test_check()\n  File \"/tmp/tmpdvb6kl1t.py\", line 14, in test_check\n    check(text_match_one)\n  File \"/tmp/tmpdvb6kl1t.py\", line 9, in check\n    assert candidate('ac') == False\n  File \"/tmp/tmpdvb6kl1t.py\", line 5, in text_match_one\n    return re.search(r\"ab+\", text) is not None\nNameError: name 're' is not defined\n",
      "exit_code": 1,
      "status": "Exception"
    },
    {
      "program": "def text_match_one(text: str) -> bool:\n    \"\"\"\n\tWrite a function that matches a string that has an a followed by one or more b's.\n\t\"\"\"\n    return re.search(r\"ab+\", text) is not None\n\n\ndef check(candidate):\n    assert candidate('ac') == False\n    assert candidate('dc') == False\n    assert candidate('abba') == True\n\ndef test_check():\n    check(text_match_one)\n\ntest_check()\n",
      "timestamp": 1665509798,
      "stdout": "",
      "stderr": "Traceback (most recent call last):\n  File \"/tmp/tmpdvb6kl1t.py\", line 16, in <module>\n    test_check()\n  File \"/tmp/tmpdvb6kl1t.py\", line 14, in test_check\n    check(text_match_one)\n  File \"/tmp/tmpdvb6kl1t.py\", line 9, in check\n    assert candidate('ac') == False\n  File \"/tmp/tmpdvb6kl1t.py\", line 5, in text_match_one\n    return re.search(r\"ab+\", text) is not None\nNameError: name 're' is not defined\n",
      "exit_code": 1,
      "status": "Exception"
    },
    {
      "program": "def text_match_one(text: str) -> bool:\n    \"\"\"\n\tWrite a function that matches a string that has an a followed by one or more b's.\n\t\"\"\"\n    return bool(re.match(r\"ab+\", text))\n\n\ndef check(candidate):\n    assert candidate('ac') == False\n    assert candidate('dc') == False\n    assert candidate('abba') == True\n\ndef test_check():\n    check(text_match_one)\n\ntest_check()\n",
      "timestamp": 1665509798,
      "stdout": "",
      "stderr": "Traceback (most recent call last):\n  File \"/tmp/tmpratng62m.py\", line 16, in <module>\n    test_check()\n  File \"/tmp/tmpratng62m.py\", line 14, in test_check\n    check(text_match_one)\n  File \"/tmp/tmpratng62m.py\", line 9, in check\n    assert candidate('ac') == False\n  File \"/tmp/tmpratng62m.py\", line 5, in text_match_one\n    return bool(re.match(r\"ab+\", text))\nNameError: name 're' is not defined\n",
      "exit_code": 1,
      "status": "Exception"
    },
    {
      "program": "def text_match_one(text: str) -> bool:\n    \"\"\"\n\tWrite a function that matches a string that has an a followed by one or more b's.\n\t\"\"\"\n    return re.match(r\"ab+\", text) is not None\n\n\ndef check(candidate):\n    assert candidate('ac') == False\n    assert candidate('dc') == False\n    assert candidate('abba') == True\n\ndef test_check():\n    check(text_match_one)\n\ntest_check()\n",
      "timestamp": 1666123975,
      "stdout": "",
      "stderr": "Traceback (most recent call last):\n  File \"/tmp/tmpmemdmuvt.py\", line 16, in <module>\n    test_check()\n  File \"/tmp/tmpmemdmuvt.py\", line 14, in test_check\n    check(text_match_one)\n  File \"/tmp/tmpmemdmuvt.py\", line 9, in check\n    assert candidate('ac') == False\n  File \"/tmp/tmpmemdmuvt.py\", line 5, in text_match_one\n    return re.match(r\"ab+\", text) is not None\nNameError: name 're' is not defined\n",
      "exit_code": 1,
      "status": "Exception"
    },
    {
      "program": "def text_match_one(text: str) -> bool:\n    \"\"\"\n\tWrite a function that matches a string that has an a followed by one or more b's.\n\t\"\"\"\n    return re.search(r'ab+', text)\n\n\ndef check(candidate):\n    assert candidate('ac') == False\n    assert candidate('dc') == False\n    assert candidate('abba') == True\n\ndef test_check():\n    check(text_match_one)\n\ntest_check()\n",
      "timestamp": 1666123975,
      "stdout": "",
      "stderr": "Traceback (most recent call last):\n  File \"/tmp/tmpx4_rznk5.py\", line 16, in <module>\n    test_check()\n  File \"/tmp/tmpx4_rznk5.py\", line 14, in test_check\n    check(text_match_one)\n  File \"/tmp/tmpx4_rznk5.py\", line 9, in check\n    assert candidate('ac') == False\n  File \"/tmp/tmpx4_rznk5.py\", line 5, in text_match_one\n    return re.search(r'ab+', text)\nNameError: name 're' is not defined\n",
      "exit_code": 1,
      "status": "Exception"
    },
    {
      "program": "def text_match_one(text: str) -> bool:\n    \"\"\"\n\tWrite a function that matches a string that has an a followed by one or more b's.\n\t\"\"\"\n    return re.search(r\"ab+\", text) is not None\n\n\ndef check(candidate):\n    assert candidate('ac') == False\n    assert candidate('dc') == False\n    assert candidate('abba') == True\n\ndef test_check():\n    check(text_match_one)\n\ntest_check()\n",
      "timestamp": 1665509798,
      "stdout": "",
      "stderr": "Traceback (most recent call last):\n  File \"/tmp/tmpdvb6kl1t.py\", line 16, in <module>\n    test_check()\n  File \"/tmp/tmpdvb6kl1t.py\", line 14, in test_check\n    check(text_match_one)\n  File \"/tmp/tmpdvb6kl1t.py\", line 9, in check\n    assert candidate('ac') == False\n  File \"/tmp/tmpdvb6kl1t.py\", line 5, in text_match_one\n    return re.search(r\"ab+\", text) is not None\nNameError: name 're' is not defined\n",
      "exit_code": 1,
      "status": "Exception"
    },
    {
      "program": "def text_match_one(text: str) -> bool:\n    \"\"\"\n\tWrite a function that matches a string that has an a followed by one or more b's.\n\t\"\"\"\n    return re.search(r\"ab+\", text) is not None\n\n\ndef check(candidate):\n    assert candidate('ac') == False\n    assert candidate('dc') == False\n    assert candidate('abba') == True\n\ndef test_check():\n    check(text_match_one)\n\ntest_check()\n",
      "timestamp": 1665509798,
      "stdout": "",
      "stderr": "Traceback (most recent call last):\n  File \"/tmp/tmpdvb6kl1t.py\", line 16, in <module>\n    test_check()\n  File \"/tmp/tmpdvb6kl1t.py\", line 14, in test_check\n    check(text_match_one)\n  File \"/tmp/tmpdvb6kl1t.py\", line 9, in check\n    assert candidate('ac') == False\n  File \"/tmp/tmpdvb6kl1t.py\", line 5, in text_match_one\n    return re.search(r\"ab+\", text) is not None\nNameError: name 're' is not defined\n",
      "exit_code": 1,
      "status": "Exception"
    },
    {
      "program": "def text_match_one(text: str) -> bool:\n    \"\"\"\n\tWrite a function that matches a string that has an a followed by one or more b's.\n\t\"\"\"\n    return re.search(r\"ab+\", text)\n\n\ndef check(candidate):\n    assert candidate('ac') == False\n    assert candidate('dc') == False\n    assert candidate('abba') == True\n\ndef test_check():\n    check(text_match_one)\n\ntest_check()\n",
      "timestamp": 1665509798,
      "stdout": "",
      "stderr": "Traceback (most recent call last):\n  File \"/tmp/tmpzibzrbj5.py\", line 16, in <module>\n    test_check()\n  File \"/tmp/tmpzibzrbj5.py\", line 14, in test_check\n    check(text_match_one)\n  File \"/tmp/tmpzibzrbj5.py\", line 9, in check\n    assert candidate('ac') == False\n  File \"/tmp/tmpzibzrbj5.py\", line 5, in text_match_one\n    return re.search(r\"ab+\", text)\nNameError: name 're' is not defined\n",
      "exit_code": 1,
      "status": "Exception"
    },
    {
      "program": "def text_match_one(text: str) -> bool:\n    \"\"\"\n\tWrite a function that matches a string that has an a followed by one or more b's.\n\t\"\"\"\n    pattern = r\"ab+\"\n    if re.search(pattern, text):\n        return True\n    return False\n\n\ndef check(candidate):\n    assert candidate('ac') == False\n    assert candidate('dc') == False\n    assert candidate('abba') == True\n\ndef test_check():\n    check(text_match_one)\n\ntest_check()\n",
      "timestamp": 1665509798,
      "stdout": "",
      "stderr": "Traceback (most recent call last):\n  File \"/tmp/tmpd97gbbhy.py\", line 19, in <module>\n    test_check()\n  File \"/tmp/tmpd97gbbhy.py\", line 17, in test_check\n    check(text_match_one)\n  File \"/tmp/tmpd97gbbhy.py\", line 12, in check\n    assert candidate('ac') == False\n  File \"/tmp/tmpd97gbbhy.py\", line 6, in text_match_one\n    if re.search(pattern, text):\nNameError: name 're' is not defined\n",
      "exit_code": 1,
      "status": "Exception"
    },
    {
      "program": "def text_match_one(text: str) -> bool:\n    \"\"\"\n\tWrite a function that matches a string that has an a followed by one or more b's.\n\t\"\"\"\n    return re.match(r\"ab+\", text)\n\n\ndef check(candidate):\n    assert candidate('ac') == False\n    assert candidate('dc') == False\n    assert candidate('abba') == True\n\ndef test_check():\n    check(text_match_one)\n\ntest_check()\n",
      "timestamp": 1665509798,
      "stdout": "",
      "stderr": "Traceback (most recent call last):\n  File \"/tmp/tmp2y_mu4bd.py\", line 16, in <module>\n    test_check()\n  File \"/tmp/tmp2y_mu4bd.py\", line 14, in test_check\n    check(text_match_one)\n  File \"/tmp/tmp2y_mu4bd.py\", line 9, in check\n    assert candidate('ac') == False\n  File \"/tmp/tmp2y_mu4bd.py\", line 5, in text_match_one\n    return re.match(r\"ab+\", text)\nNameError: name 're' is not defined\n",
      "exit_code": 1,
      "status": "Exception"
    },
    {
      "program": "def text_match_one(text: str) -> bool:\n    \"\"\"\n\tWrite a function that matches a string that has an a followed by one or more b's.\n\t\"\"\"\n    return bool(re.match(r\"ab+\", text))\n\n\ndef check(candidate):\n    assert candidate('ac') == False\n    assert candidate('dc') == False\n    assert candidate('abba') == True\n\ndef test_check():\n    check(text_match_one)\n\ntest_check()\n",
      "timestamp": 1665509798,
      "stdout": "",
      "stderr": "Traceback (most recent call last):\n  File \"/tmp/tmpratng62m.py\", line 16, in <module>\n    test_check()\n  File \"/tmp/tmpratng62m.py\", line 14, in test_check\n    check(text_match_one)\n  File \"/tmp/tmpratng62m.py\", line 9, in check\n    assert candidate('ac') == False\n  File \"/tmp/tmpratng62m.py\", line 5, in text_match_one\n    return bool(re.match(r\"ab+\", text))\nNameError: name 're' is not defined\n",
      "exit_code": 1,
      "status": "Exception"
    },
    {
      "program": "def text_match_one(text: str) -> bool:\n    \"\"\"\n\tWrite a function that matches a string that has an a followed by one or more b's.\n\t\"\"\"\n    return re.search(r\"ab+\", text)\n\n\ndef check(candidate):\n    assert candidate('ac') == False\n    assert candidate('dc') == False\n    assert candidate('abba') == True\n\ndef test_check():\n    check(text_match_one)\n\ntest_check()\n",
      "timestamp": 1665509798,
      "stdout": "",
      "stderr": "Traceback (most recent call last):\n  File \"/tmp/tmpzibzrbj5.py\", line 16, in <module>\n    test_check()\n  File \"/tmp/tmpzibzrbj5.py\", line 14, in test_check\n    check(text_match_one)\n  File \"/tmp/tmpzibzrbj5.py\", line 9, in check\n    assert candidate('ac') == False\n  File \"/tmp/tmpzibzrbj5.py\", line 5, in text_match_one\n    return re.search(r\"ab+\", text)\nNameError: name 're' is not defined\n",
      "exit_code": 1,
      "status": "Exception"
    },
    {
      "program": "def text_match_one(text: str) -> bool:\n    \"\"\"\n\tWrite a function that matches a string that has an a followed by one or more b's.\n\t\"\"\"\n    return re.search(r\"ab+\", text) is not None\n\n\ndef check(candidate):\n    assert candidate('ac') == False\n    assert candidate('dc') == False\n    assert candidate('abba') == True\n\ndef test_check():\n    check(text_match_one)\n\ntest_check()\n",
      "timestamp": 1665509798,
      "stdout": "",
      "stderr": "Traceback (most recent call last):\n  File \"/tmp/tmpdvb6kl1t.py\", line 16, in <module>\n    test_check()\n  File \"/tmp/tmpdvb6kl1t.py\", line 14, in test_check\n    check(text_match_one)\n  File \"/tmp/tmpdvb6kl1t.py\", line 9, in check\n    assert candidate('ac') == False\n  File \"/tmp/tmpdvb6kl1t.py\", line 5, in text_match_one\n    return re.search(r\"ab+\", text) is not None\nNameError: name 're' is not defined\n",
      "exit_code": 1,
      "status": "Exception"
    },
    {
      "program": "def text_match_one(text: str) -> bool:\n    \"\"\"\n\tWrite a function that matches a string that has an a followed by one or more b's.\n\t\"\"\"\n    return re.search(r\"ab+\", text)\n\n\ndef check(candidate):\n    assert candidate('ac') == False\n    assert candidate('dc') == False\n    assert candidate('abba') == True\n\ndef test_check():\n    check(text_match_one)\n\ntest_check()\n",
      "timestamp": 1665509798,
      "stdout": "",
      "stderr": "Traceback (most recent call last):\n  File \"/tmp/tmpzibzrbj5.py\", line 16, in <module>\n    test_check()\n  File \"/tmp/tmpzibzrbj5.py\", line 14, in test_check\n    check(text_match_one)\n  File \"/tmp/tmpzibzrbj5.py\", line 9, in check\n    assert candidate('ac') == False\n  File \"/tmp/tmpzibzrbj5.py\", line 5, in text_match_one\n    return re.search(r\"ab+\", text)\nNameError: name 're' is not defined\n",
      "exit_code": 1,
      "status": "Exception"
    },
    {
      "program": "def text_match_one(text: str) -> bool:\n    \"\"\"\n\tWrite a function that matches a string that has an a followed by one or more b's.\n\t\"\"\"\n    return re.search(r\"ab+\", text)\n\n\ndef check(candidate):\n    assert candidate('ac') == False\n    assert candidate('dc') == False\n    assert candidate('abba') == True\n\ndef test_check():\n    check(text_match_one)\n\ntest_check()\n",
      "timestamp": 1665509798,
      "stdout": "",
      "stderr": "Traceback (most recent call last):\n  File \"/tmp/tmpzibzrbj5.py\", line 16, in <module>\n    test_check()\n  File \"/tmp/tmpzibzrbj5.py\", line 14, in test_check\n    check(text_match_one)\n  File \"/tmp/tmpzibzrbj5.py\", line 9, in check\n    assert candidate('ac') == False\n  File \"/tmp/tmpzibzrbj5.py\", line 5, in text_match_one\n    return re.search(r\"ab+\", text)\nNameError: name 're' is not defined\n",
      "exit_code": 1,
      "status": "Exception"
    },
    {
      "program": "def text_match_one(text: str) -> bool:\n    \"\"\"\n\tWrite a function that matches a string that has an a followed by one or more b's.\n\t\"\"\"\n    return re.search(r\"ab+\", text) is not None\n\n\ndef check(candidate):\n    assert candidate('ac') == False\n    assert candidate('dc') == False\n    assert candidate('abba') == True\n\ndef test_check():\n    check(text_match_one)\n\ntest_check()\n",
      "timestamp": 1665509798,
      "stdout": "",
      "stderr": "Traceback (most recent call last):\n  File \"/tmp/tmpdvb6kl1t.py\", line 16, in <module>\n    test_check()\n  File \"/tmp/tmpdvb6kl1t.py\", line 14, in test_check\n    check(text_match_one)\n  File \"/tmp/tmpdvb6kl1t.py\", line 9, in check\n    assert candidate('ac') == False\n  File \"/tmp/tmpdvb6kl1t.py\", line 5, in text_match_one\n    return re.search(r\"ab+\", text) is not None\nNameError: name 're' is not defined\n",
      "exit_code": 1,
      "status": "Exception"
    },
    {
      "program": "def text_match_one(text: str) -> bool:\n    \"\"\"\n\tWrite a function that matches a string that has an a followed by one or more b's.\n\t\"\"\"\n    return re.search(r\"ab+\", text) is not None\n\n\ndef check(candidate):\n    assert candidate('ac') == False\n    assert candidate('dc') == False\n    assert candidate('abba') == True\n\ndef test_check():\n    check(text_match_one)\n\ntest_check()\n",
      "timestamp": 1665509798,
      "stdout": "",
      "stderr": "Traceback (most recent call last):\n  File \"/tmp/tmpdvb6kl1t.py\", line 16, in <module>\n    test_check()\n  File \"/tmp/tmpdvb6kl1t.py\", line 14, in test_check\n    check(text_match_one)\n  File \"/tmp/tmpdvb6kl1t.py\", line 9, in check\n    assert candidate('ac') == False\n  File \"/tmp/tmpdvb6kl1t.py\", line 5, in text_match_one\n    return re.search(r\"ab+\", text) is not None\nNameError: name 're' is not defined\n",
      "exit_code": 1,
      "status": "Exception"
    },
    {
      "program": "def text_match_one(text: str) -> bool:\n    \"\"\"\n\tWrite a function that matches a string that has an a followed by one or more b's.\n\t\"\"\"\n    return bool(re.match(r'ab+', text))\n\n\ndef check(candidate):\n    assert candidate('ac') == False\n    assert candidate('dc') == False\n    assert candidate('abba') == True\n\ndef test_check():\n    check(text_match_one)\n\ntest_check()\n",
      "timestamp": 1665509798,
      "stdout": "",
      "stderr": "Traceback (most recent call last):\n  File \"/tmp/tmpqdv1164f.py\", line 16, in <module>\n    test_check()\n  File \"/tmp/tmpqdv1164f.py\", line 14, in test_check\n    check(text_match_one)\n  File \"/tmp/tmpqdv1164f.py\", line 9, in check\n    assert candidate('ac') == False\n  File \"/tmp/tmpqdv1164f.py\", line 5, in text_match_one\n    return bool(re.match(r'ab+', text))\nNameError: name 're' is not defined\n",
      "exit_code": 1,
      "status": "Exception"
    },
    {
      "program": "def text_match_one(text: str) -> bool:\n    \"\"\"\n\tWrite a function that matches a string that has an a followed by one or more b's.\n\t\"\"\"\n    return re.search(r\"ab+\", text) is not None\n\n\ndef check(candidate):\n    assert candidate('ac') == False\n    assert candidate('dc') == False\n    assert candidate('abba') == True\n\ndef test_check():\n    check(text_match_one)\n\ntest_check()\n",
      "timestamp": 1665509798,
      "stdout": "",
      "stderr": "Traceback (most recent call last):\n  File \"/tmp/tmpdvb6kl1t.py\", line 16, in <module>\n    test_check()\n  File \"/tmp/tmpdvb6kl1t.py\", line 14, in test_check\n    check(text_match_one)\n  File \"/tmp/tmpdvb6kl1t.py\", line 9, in check\n    assert candidate('ac') == False\n  File \"/tmp/tmpdvb6kl1t.py\", line 5, in text_match_one\n    return re.search(r\"ab+\", text) is not None\nNameError: name 're' is not defined\n",
      "exit_code": 1,
      "status": "Exception"
    },
    {
      "program": "def text_match_one(text: str) -> bool:\n    \"\"\"\n\tWrite a function that matches a string that has an a followed by one or more b's.\n\t\"\"\"\n    return re.search(r\"ab+\", text) is not None\n\n\ndef check(candidate):\n    assert candidate('ac') == False\n    assert candidate('dc') == False\n    assert candidate('abba') == True\n\ndef test_check():\n    check(text_match_one)\n\ntest_check()\n",
      "timestamp": 1665509798,
      "stdout": "",
      "stderr": "Traceback (most recent call last):\n  File \"/tmp/tmpdvb6kl1t.py\", line 16, in <module>\n    test_check()\n  File \"/tmp/tmpdvb6kl1t.py\", line 14, in test_check\n    check(text_match_one)\n  File \"/tmp/tmpdvb6kl1t.py\", line 9, in check\n    assert candidate('ac') == False\n  File \"/tmp/tmpdvb6kl1t.py\", line 5, in text_match_one\n    return re.search(r\"ab+\", text) is not None\nNameError: name 're' is not defined\n",
      "exit_code": 1,
      "status": "Exception"
    },
    {
      "program": "def text_match_one(text: str) -> bool:\n    \"\"\"\n\tWrite a function that matches a string that has an a followed by one or more b's.\n\t\"\"\"\n    return re.search(r\"ab+\", text) is not None\n\n\ndef check(candidate):\n    assert candidate('ac') == False\n    assert candidate('dc') == False\n    assert candidate('abba') == True\n\ndef test_check():\n    check(text_match_one)\n\ntest_check()\n",
      "timestamp": 1665509798,
      "stdout": "",
      "stderr": "Traceback (most recent call last):\n  File \"/tmp/tmpdvb6kl1t.py\", line 16, in <module>\n    test_check()\n  File \"/tmp/tmpdvb6kl1t.py\", line 14, in test_check\n    check(text_match_one)\n  File \"/tmp/tmpdvb6kl1t.py\", line 9, in check\n    assert candidate('ac') == False\n  File \"/tmp/tmpdvb6kl1t.py\", line 5, in text_match_one\n    return re.search(r\"ab+\", text) is not None\nNameError: name 're' is not defined\n",
      "exit_code": 1,
      "status": "Exception"
    },
    {
      "program": "def text_match_one(text: str) -> bool:\n    \"\"\"\n\tWrite a function that matches a string that has an a followed by one or more b's.\n\t\"\"\"\n    return re.search(r\"ab+\", text)\n\n\ndef check(candidate):\n    assert candidate('ac') == False\n    assert candidate('dc') == False\n    assert candidate('abba') == True\n\ndef test_check():\n    check(text_match_one)\n\ntest_check()\n",
      "timestamp": 1665509798,
      "stdout": "",
      "stderr": "Traceback (most recent call last):\n  File \"/tmp/tmpzibzrbj5.py\", line 16, in <module>\n    test_check()\n  File \"/tmp/tmpzibzrbj5.py\", line 14, in test_check\n    check(text_match_one)\n  File \"/tmp/tmpzibzrbj5.py\", line 9, in check\n    assert candidate('ac') == False\n  File \"/tmp/tmpzibzrbj5.py\", line 5, in text_match_one\n    return re.search(r\"ab+\", text)\nNameError: name 're' is not defined\n",
      "exit_code": 1,
      "status": "Exception"
    },
    {
      "program": "def text_match_one(text: str) -> bool:\n    \"\"\"\n\tWrite a function that matches a string that has an a followed by one or more b's.\n\t\"\"\"\n    return bool(re.match(r\"ab+\", text))\n\n\ndef check(candidate):\n    assert candidate('ac') == False\n    assert candidate('dc') == False\n    assert candidate('abba') == True\n\ndef test_check():\n    check(text_match_one)\n\ntest_check()\n",
      "timestamp": 1665509798,
      "stdout": "",
      "stderr": "Traceback (most recent call last):\n  File \"/tmp/tmpratng62m.py\", line 16, in <module>\n    test_check()\n  File \"/tmp/tmpratng62m.py\", line 14, in test_check\n    check(text_match_one)\n  File \"/tmp/tmpratng62m.py\", line 9, in check\n    assert candidate('ac') == False\n  File \"/tmp/tmpratng62m.py\", line 5, in text_match_one\n    return bool(re.match(r\"ab+\", text))\nNameError: name 're' is not defined\n",
      "exit_code": 1,
      "status": "Exception"
    },
    {
      "program": "def text_match_one(text: str) -> bool:\n    \"\"\"\n\tWrite a function that matches a string that has an a followed by one or more b's.\n\t\"\"\"\n    return re.search(r\"ab+\", text)\n\n\ndef check(candidate):\n    assert candidate('ac') == False\n    assert candidate('dc') == False\n    assert candidate('abba') == True\n\ndef test_check():\n    check(text_match_one)\n\ntest_check()\n",
      "timestamp": 1665509798,
      "stdout": "",
      "stderr": "Traceback (most recent call last):\n  File \"/tmp/tmpzibzrbj5.py\", line 16, in <module>\n    test_check()\n  File \"/tmp/tmpzibzrbj5.py\", line 14, in test_check\n    check(text_match_one)\n  File \"/tmp/tmpzibzrbj5.py\", line 9, in check\n    assert candidate('ac') == False\n  File \"/tmp/tmpzibzrbj5.py\", line 5, in text_match_one\n    return re.search(r\"ab+\", text)\nNameError: name 're' is not defined\n",
      "exit_code": 1,
      "status": "Exception"
    },
    {
      "program": "def text_match_one(text: str) -> bool:\n    \"\"\"\n\tWrite a function that matches a string that has an a followed by one or more b's.\n\t\"\"\"\n    return re.search(r\"ab+\", text) is not None\n\n\ndef check(candidate):\n    assert candidate('ac') == False\n    assert candidate('dc') == False\n    assert candidate('abba') == True\n\ndef test_check():\n    check(text_match_one)\n\ntest_check()\n",
      "timestamp": 1665509798,
      "stdout": "",
      "stderr": "Traceback (most recent call last):\n  File \"/tmp/tmpdvb6kl1t.py\", line 16, in <module>\n    test_check()\n  File \"/tmp/tmpdvb6kl1t.py\", line 14, in test_check\n    check(text_match_one)\n  File \"/tmp/tmpdvb6kl1t.py\", line 9, in check\n    assert candidate('ac') == False\n  File \"/tmp/tmpdvb6kl1t.py\", line 5, in text_match_one\n    return re.search(r\"ab+\", text) is not None\nNameError: name 're' is not defined\n",
      "exit_code": 1,
      "status": "Exception"
    },
    {
      "program": "def text_match_one(text: str) -> bool:\n    \"\"\"\n\tWrite a function that matches a string that has an a followed by one or more b's.\n\t\"\"\"\n    return re.search(r\"ab+\", text) is not None\n\n\ndef check(candidate):\n    assert candidate('ac') == False\n    assert candidate('dc') == False\n    assert candidate('abba') == True\n\ndef test_check():\n    check(text_match_one)\n\ntest_check()\n",
      "timestamp": 1665509798,
      "stdout": "",
      "stderr": "Traceback (most recent call last):\n  File \"/tmp/tmpdvb6kl1t.py\", line 16, in <module>\n    test_check()\n  File \"/tmp/tmpdvb6kl1t.py\", line 14, in test_check\n    check(text_match_one)\n  File \"/tmp/tmpdvb6kl1t.py\", line 9, in check\n    assert candidate('ac') == False\n  File \"/tmp/tmpdvb6kl1t.py\", line 5, in text_match_one\n    return re.search(r\"ab+\", text) is not None\nNameError: name 're' is not defined\n",
      "exit_code": 1,
      "status": "Exception"
    },
    {
      "program": "def text_match_one(text: str) -> bool:\n    \"\"\"\n\tWrite a function that matches a string that has an a followed by one or more b's.\n\t\"\"\"\n    return re.search(r\"ab+\", text) is not None\n\n\ndef check(candidate):\n    assert candidate('ac') == False\n    assert candidate('dc') == False\n    assert candidate('abba') == True\n\ndef test_check():\n    check(text_match_one)\n\ntest_check()\n",
      "timestamp": 1665509798,
      "stdout": "",
      "stderr": "Traceback (most recent call last):\n  File \"/tmp/tmpdvb6kl1t.py\", line 16, in <module>\n    test_check()\n  File \"/tmp/tmpdvb6kl1t.py\", line 14, in test_check\n    check(text_match_one)\n  File \"/tmp/tmpdvb6kl1t.py\", line 9, in check\n    assert candidate('ac') == False\n  File \"/tmp/tmpdvb6kl1t.py\", line 5, in text_match_one\n    return re.search(r\"ab+\", text) is not None\nNameError: name 're' is not defined\n",
      "exit_code": 1,
      "status": "Exception"
    },
    {
      "program": "def text_match_one(text: str) -> bool:\n    \"\"\"\n\tWrite a function that matches a string that has an a followed by one or more b's.\n\t\"\"\"\n    return re.search(r\"ab+\", text) is not None\n\n\ndef check(candidate):\n    assert candidate('ac') == False\n    assert candidate('dc') == False\n    assert candidate('abba') == True\n\ndef test_check():\n    check(text_match_one)\n\ntest_check()\n",
      "timestamp": 1665509798,
      "stdout": "",
      "stderr": "Traceback (most recent call last):\n  File \"/tmp/tmpdvb6kl1t.py\", line 16, in <module>\n    test_check()\n  File \"/tmp/tmpdvb6kl1t.py\", line 14, in test_check\n    check(text_match_one)\n  File \"/tmp/tmpdvb6kl1t.py\", line 9, in check\n    assert candidate('ac') == False\n  File \"/tmp/tmpdvb6kl1t.py\", line 5, in text_match_one\n    return re.search(r\"ab+\", text) is not None\nNameError: name 're' is not defined\n",
      "exit_code": 1,
      "status": "Exception"
    },
    {
      "program": "def text_match_one(text: str) -> bool:\n    \"\"\"\n\tWrite a function that matches a string that has an a followed by one or more b's.\n\t\"\"\"\n    return re.match(r\"ab+\", text)\n\n\ndef check(candidate):\n    assert candidate('ac') == False\n    assert candidate('dc') == False\n    assert candidate('abba') == True\n\ndef test_check():\n    check(text_match_one)\n\ntest_check()\n",
      "timestamp": 1665509798,
      "stdout": "",
      "stderr": "Traceback (most recent call last):\n  File \"/tmp/tmp2y_mu4bd.py\", line 16, in <module>\n    test_check()\n  File \"/tmp/tmp2y_mu4bd.py\", line 14, in test_check\n    check(text_match_one)\n  File \"/tmp/tmp2y_mu4bd.py\", line 9, in check\n    assert candidate('ac') == False\n  File \"/tmp/tmp2y_mu4bd.py\", line 5, in text_match_one\n    return re.match(r\"ab+\", text)\nNameError: name 're' is not defined\n",
      "exit_code": 1,
      "status": "Exception"
    },
    {
      "program": "def text_match_one(text: str) -> bool:\n    \"\"\"\n\tWrite a function that matches a string that has an a followed by one or more b's.\n\t\"\"\"\n    return re.search(r\"ab+\", text)\n\n\ndef check(candidate):\n    assert candidate('ac') == False\n    assert candidate('dc') == False\n    assert candidate('abba') == True\n\ndef test_check():\n    check(text_match_one)\n\ntest_check()\n",
      "timestamp": 1665509798,
      "stdout": "",
      "stderr": "Traceback (most recent call last):\n  File \"/tmp/tmpzibzrbj5.py\", line 16, in <module>\n    test_check()\n  File \"/tmp/tmpzibzrbj5.py\", line 14, in test_check\n    check(text_match_one)\n  File \"/tmp/tmpzibzrbj5.py\", line 9, in check\n    assert candidate('ac') == False\n  File \"/tmp/tmpzibzrbj5.py\", line 5, in text_match_one\n    return re.search(r\"ab+\", text)\nNameError: name 're' is not defined\n",
      "exit_code": 1,
      "status": "Exception"
    },
    {
      "program": "def text_match_one(text: str) -> bool:\n    \"\"\"\n\tWrite a function that matches a string that has an a followed by one or more b's.\n\t\"\"\"\n    return re.search(r\"ab+\", text) is not None\n\n\ndef check(candidate):\n    assert candidate('ac') == False\n    assert candidate('dc') == False\n    assert candidate('abba') == True\n\ndef test_check():\n    check(text_match_one)\n\ntest_check()\n",
      "timestamp": 1665509798,
      "stdout": "",
      "stderr": "Traceback (most recent call last):\n  File \"/tmp/tmpdvb6kl1t.py\", line 16, in <module>\n    test_check()\n  File \"/tmp/tmpdvb6kl1t.py\", line 14, in test_check\n    check(text_match_one)\n  File \"/tmp/tmpdvb6kl1t.py\", line 9, in check\n    assert candidate('ac') == False\n  File \"/tmp/tmpdvb6kl1t.py\", line 5, in text_match_one\n    return re.search(r\"ab+\", text) is not None\nNameError: name 're' is not defined\n",
      "exit_code": 1,
      "status": "Exception"
    },
    {
      "program": "def text_match_one(text: str) -> bool:\n    \"\"\"\n\tWrite a function that matches a string that has an a followed by one or more b's.\n\t\"\"\"\n    return re.search(r\"ab+\", text) is not None\n\n\ndef check(candidate):\n    assert candidate('ac') == False\n    assert candidate('dc') == False\n    assert candidate('abba') == True\n\ndef test_check():\n    check(text_match_one)\n\ntest_check()\n",
      "timestamp": 1665509798,
      "stdout": "",
      "stderr": "Traceback (most recent call last):\n  File \"/tmp/tmpdvb6kl1t.py\", line 16, in <module>\n    test_check()\n  File \"/tmp/tmpdvb6kl1t.py\", line 14, in test_check\n    check(text_match_one)\n  File \"/tmp/tmpdvb6kl1t.py\", line 9, in check\n    assert candidate('ac') == False\n  File \"/tmp/tmpdvb6kl1t.py\", line 5, in text_match_one\n    return re.search(r\"ab+\", text) is not None\nNameError: name 're' is not defined\n",
      "exit_code": 1,
      "status": "Exception"
    },
    {
      "program": "def text_match_one(text: str) -> bool:\n    \"\"\"\n\tWrite a function that matches a string that has an a followed by one or more b's.\n\t\"\"\"\n    return re.search(r'ab+', text)\n\n\ndef check(candidate):\n    assert candidate('ac') == False\n    assert candidate('dc') == False\n    assert candidate('abba') == True\n\ndef test_check():\n    check(text_match_one)\n\ntest_check()\n",
      "timestamp": 1666123975,
      "stdout": "",
      "stderr": "Traceback (most recent call last):\n  File \"/tmp/tmpx4_rznk5.py\", line 16, in <module>\n    test_check()\n  File \"/tmp/tmpx4_rznk5.py\", line 14, in test_check\n    check(text_match_one)\n  File \"/tmp/tmpx4_rznk5.py\", line 9, in check\n    assert candidate('ac') == False\n  File \"/tmp/tmpx4_rznk5.py\", line 5, in text_match_one\n    return re.search(r'ab+', text)\nNameError: name 're' is not defined\n",
      "exit_code": 1,
      "status": "Exception"
    },
    {
      "program": "def text_match_one(text: str) -> bool:\n    \"\"\"\n\tWrite a function that matches a string that has an a followed by one or more b's.\n\t\"\"\"\n    return re.search(r\"ab+\", text) is not None\n\n\ndef check(candidate):\n    assert candidate('ac') == False\n    assert candidate('dc') == False\n    assert candidate('abba') == True\n\ndef test_check():\n    check(text_match_one)\n\ntest_check()\n",
      "timestamp": 1665509798,
      "stdout": "",
      "stderr": "Traceback (most recent call last):\n  File \"/tmp/tmpdvb6kl1t.py\", line 16, in <module>\n    test_check()\n  File \"/tmp/tmpdvb6kl1t.py\", line 14, in test_check\n    check(text_match_one)\n  File \"/tmp/tmpdvb6kl1t.py\", line 9, in check\n    assert candidate('ac') == False\n  File \"/tmp/tmpdvb6kl1t.py\", line 5, in text_match_one\n    return re.search(r\"ab+\", text) is not None\nNameError: name 're' is not defined\n",
      "exit_code": 1,
      "status": "Exception"
    },
    {
      "program": "def text_match_one(text: str) -> bool:\n    \"\"\"\n\tWrite a function that matches a string that has an a followed by one or more b's.\n\t\"\"\"\n    return re.search(r\"a+b+\", text) is not None\n\n\ndef check(candidate):\n    assert candidate('ac') == False\n    assert candidate('dc') == False\n    assert candidate('abba') == True\n\ndef test_check():\n    check(text_match_one)\n\ntest_check()\n",
      "timestamp": 1666123976,
      "stdout": "",
      "stderr": "Traceback (most recent call last):\n  File \"/tmp/tmp6ehcy_ty.py\", line 16, in <module>\n    test_check()\n  File \"/tmp/tmp6ehcy_ty.py\", line 14, in test_check\n    check(text_match_one)\n  File \"/tmp/tmp6ehcy_ty.py\", line 9, in check\n    assert candidate('ac') == False\n  File \"/tmp/tmp6ehcy_ty.py\", line 5, in text_match_one\n    return re.search(r\"a+b+\", text) is not None\nNameError: name 're' is not defined\n",
      "exit_code": 1,
      "status": "Exception"
    },
    {
      "program": "def text_match_one(text: str) -> bool:\n    \"\"\"\n\tWrite a function that matches a string that has an a followed by one or more b's.\n\t\"\"\"\n    return re.search(r'ab+', text)\n\n\ndef check(candidate):\n    assert candidate('ac') == False\n    assert candidate('dc') == False\n    assert candidate('abba') == True\n\ndef test_check():\n    check(text_match_one)\n\ntest_check()\n",
      "timestamp": 1666123975,
      "stdout": "",
      "stderr": "Traceback (most recent call last):\n  File \"/tmp/tmpx4_rznk5.py\", line 16, in <module>\n    test_check()\n  File \"/tmp/tmpx4_rznk5.py\", line 14, in test_check\n    check(text_match_one)\n  File \"/tmp/tmpx4_rznk5.py\", line 9, in check\n    assert candidate('ac') == False\n  File \"/tmp/tmpx4_rznk5.py\", line 5, in text_match_one\n    return re.search(r'ab+', text)\nNameError: name 're' is not defined\n",
      "exit_code": 1,
      "status": "Exception"
    },
    {
      "program": "def text_match_one(text: str) -> bool:\n    \"\"\"\n\tWrite a function that matches a string that has an a followed by one or more b's.\n\t\"\"\"\n    return re.search(r\"ab+\", text)\n\n\ndef check(candidate):\n    assert candidate('ac') == False\n    assert candidate('dc') == False\n    assert candidate('abba') == True\n\ndef test_check():\n    check(text_match_one)\n\ntest_check()\n",
      "timestamp": 1665509798,
      "stdout": "",
      "stderr": "Traceback (most recent call last):\n  File \"/tmp/tmpzibzrbj5.py\", line 16, in <module>\n    test_check()\n  File \"/tmp/tmpzibzrbj5.py\", line 14, in test_check\n    check(text_match_one)\n  File \"/tmp/tmpzibzrbj5.py\", line 9, in check\n    assert candidate('ac') == False\n  File \"/tmp/tmpzibzrbj5.py\", line 5, in text_match_one\n    return re.search(r\"ab+\", text)\nNameError: name 're' is not defined\n",
      "exit_code": 1,
      "status": "Exception"
    },
    {
      "program": "def text_match_one(text: str) -> bool:\n    \"\"\"\n\tWrite a function that matches a string that has an a followed by one or more b's.\n\t\"\"\"\n    return bool(re.match(r\"ab+\", text))\n\n\ndef check(candidate):\n    assert candidate('ac') == False\n    assert candidate('dc') == False\n    assert candidate('abba') == True\n\ndef test_check():\n    check(text_match_one)\n\ntest_check()\n",
      "timestamp": 1665509798,
      "stdout": "",
      "stderr": "Traceback (most recent call last):\n  File \"/tmp/tmpratng62m.py\", line 16, in <module>\n    test_check()\n  File \"/tmp/tmpratng62m.py\", line 14, in test_check\n    check(text_match_one)\n  File \"/tmp/tmpratng62m.py\", line 9, in check\n    assert candidate('ac') == False\n  File \"/tmp/tmpratng62m.py\", line 5, in text_match_one\n    return bool(re.match(r\"ab+\", text))\nNameError: name 're' is not defined\n",
      "exit_code": 1,
      "status": "Exception"
    },
    {
      "program": "def text_match_one(text: str) -> bool:\n    \"\"\"\n\tWrite a function that matches a string that has an a followed by one or more b's.\n\t\"\"\"\n    return re.search(r\"ab+\", text)\n\n\ndef check(candidate):\n    assert candidate('ac') == False\n    assert candidate('dc') == False\n    assert candidate('abba') == True\n\ndef test_check():\n    check(text_match_one)\n\ntest_check()\n",
      "timestamp": 1665509798,
      "stdout": "",
      "stderr": "Traceback (most recent call last):\n  File \"/tmp/tmpzibzrbj5.py\", line 16, in <module>\n    test_check()\n  File \"/tmp/tmpzibzrbj5.py\", line 14, in test_check\n    check(text_match_one)\n  File \"/tmp/tmpzibzrbj5.py\", line 9, in check\n    assert candidate('ac') == False\n  File \"/tmp/tmpzibzrbj5.py\", line 5, in text_match_one\n    return re.search(r\"ab+\", text)\nNameError: name 're' is not defined\n",
      "exit_code": 1,
      "status": "Exception"
    },
    {
      "program": "def text_match_one(text: str) -> bool:\n    \"\"\"\n\tWrite a function that matches a string that has an a followed by one or more b's.\n\t\"\"\"\n    return re.search(r'ab+', text)\n\n\ndef check(candidate):\n    assert candidate('ac') == False\n    assert candidate('dc') == False\n    assert candidate('abba') == True\n\ndef test_check():\n    check(text_match_one)\n\ntest_check()\n",
      "timestamp": 1666123975,
      "stdout": "",
      "stderr": "Traceback (most recent call last):\n  File \"/tmp/tmpx4_rznk5.py\", line 16, in <module>\n    test_check()\n  File \"/tmp/tmpx4_rznk5.py\", line 14, in test_check\n    check(text_match_one)\n  File \"/tmp/tmpx4_rznk5.py\", line 9, in check\n    assert candidate('ac') == False\n  File \"/tmp/tmpx4_rznk5.py\", line 5, in text_match_one\n    return re.search(r'ab+', text)\nNameError: name 're' is not defined\n",
      "exit_code": 1,
      "status": "Exception"
    },
    {
      "program": "def text_match_one(text: str) -> bool:\n    \"\"\"\n\tWrite a function that matches a string that has an a followed by one or more b's.\n\t\"\"\"\n    return bool(re.search(r'ab+', text))\n\n\ndef check(candidate):\n    assert candidate('ac') == False\n    assert candidate('dc') == False\n    assert candidate('abba') == True\n\ndef test_check():\n    check(text_match_one)\n\ntest_check()\n",
      "timestamp": 1666123975,
      "stdout": "",
      "stderr": "Traceback (most recent call last):\n  File \"/tmp/tmpadiycjmr.py\", line 16, in <module>\n    test_check()\n  File \"/tmp/tmpadiycjmr.py\", line 14, in test_check\n    check(text_match_one)\n  File \"/tmp/tmpadiycjmr.py\", line 9, in check\n    assert candidate('ac') == False\n  File \"/tmp/tmpadiycjmr.py\", line 5, in text_match_one\n    return bool(re.search(r'ab+', text))\nNameError: name 're' is not defined\n",
      "exit_code": 1,
      "status": "Exception"
    },
    {
      "program": "def text_match_one(text: str) -> bool:\n    \"\"\"\n\tWrite a function that matches a string that has an a followed by one or more b's.\n\t\"\"\"\n    return re.search(r'ab+', text) is not None\n\n\ndef check(candidate):\n    assert candidate('ac') == False\n    assert candidate('dc') == False\n    assert candidate('abba') == True\n\ndef test_check():\n    check(text_match_one)\n\ntest_check()\n",
      "timestamp": 1665509798,
      "stdout": "",
      "stderr": "Traceback (most recent call last):\n  File \"/tmp/tmp4xp19sft.py\", line 16, in <module>\n    test_check()\n  File \"/tmp/tmp4xp19sft.py\", line 14, in test_check\n    check(text_match_one)\n  File \"/tmp/tmp4xp19sft.py\", line 9, in check\n    assert candidate('ac') == False\n  File \"/tmp/tmp4xp19sft.py\", line 5, in text_match_one\n    return re.search(r'ab+', text) is not None\nNameError: name 're' is not defined\n",
      "exit_code": 1,
      "status": "Exception"
    },
    {
      "program": "def text_match_one(text: str) -> bool:\n    \"\"\"\n\tWrite a function that matches a string that has an a followed by one or more b's.\n\t\"\"\"\n    return bool(re.match(r\"ab+\", text))\n\n\ndef check(candidate):\n    assert candidate('ac') == False\n    assert candidate('dc') == False\n    assert candidate('abba') == True\n\ndef test_check():\n    check(text_match_one)\n\ntest_check()\n",
      "timestamp": 1665509798,
      "stdout": "",
      "stderr": "Traceback (most recent call last):\n  File \"/tmp/tmpratng62m.py\", line 16, in <module>\n    test_check()\n  File \"/tmp/tmpratng62m.py\", line 14, in test_check\n    check(text_match_one)\n  File \"/tmp/tmpratng62m.py\", line 9, in check\n    assert candidate('ac') == False\n  File \"/tmp/tmpratng62m.py\", line 5, in text_match_one\n    return bool(re.match(r\"ab+\", text))\nNameError: name 're' is not defined\n",
      "exit_code": 1,
      "status": "Exception"
    },
    {
      "program": "def text_match_one(text: str) -> bool:\n    \"\"\"\n\tWrite a function that matches a string that has an a followed by one or more b's.\n\t\"\"\"\n    return re.search(r\"ab+\", text) is not None\n\n\ndef check(candidate):\n    assert candidate('ac') == False\n    assert candidate('dc') == False\n    assert candidate('abba') == True\n\ndef test_check():\n    check(text_match_one)\n\ntest_check()\n",
      "timestamp": 1665509798,
      "stdout": "",
      "stderr": "Traceback (most recent call last):\n  File \"/tmp/tmpdvb6kl1t.py\", line 16, in <module>\n    test_check()\n  File \"/tmp/tmpdvb6kl1t.py\", line 14, in test_check\n    check(text_match_one)\n  File \"/tmp/tmpdvb6kl1t.py\", line 9, in check\n    assert candidate('ac') == False\n  File \"/tmp/tmpdvb6kl1t.py\", line 5, in text_match_one\n    return re.search(r\"ab+\", text) is not None\nNameError: name 're' is not defined\n",
      "exit_code": 1,
      "status": "Exception"
    },
    {
      "program": "def text_match_one(text: str) -> bool:\n    \"\"\"\n\tWrite a function that matches a string that has an a followed by one or more b's.\n\t\"\"\"\n    return re.search(r\"ab+\", text) is not None\n\n\ndef check(candidate):\n    assert candidate('ac') == False\n    assert candidate('dc') == False\n    assert candidate('abba') == True\n\ndef test_check():\n    check(text_match_one)\n\ntest_check()\n",
      "timestamp": 1665509798,
      "stdout": "",
      "stderr": "Traceback (most recent call last):\n  File \"/tmp/tmpdvb6kl1t.py\", line 16, in <module>\n    test_check()\n  File \"/tmp/tmpdvb6kl1t.py\", line 14, in test_check\n    check(text_match_one)\n  File \"/tmp/tmpdvb6kl1t.py\", line 9, in check\n    assert candidate('ac') == False\n  File \"/tmp/tmpdvb6kl1t.py\", line 5, in text_match_one\n    return re.search(r\"ab+\", text) is not None\nNameError: name 're' is not defined\n",
      "exit_code": 1,
      "status": "Exception"
    },
    {
      "program": "def text_match_one(text: str) -> bool:\n    \"\"\"\n\tWrite a function that matches a string that has an a followed by one or more b's.\n\t\"\"\"\n    pattern = re.compile(r\"ab+\")\n    if re.search(pattern, text):\n        return True\n    return False\n\n\ndef check(candidate):\n    assert candidate('ac') == False\n    assert candidate('dc') == False\n    assert candidate('abba') == True\n\ndef test_check():\n    check(text_match_one)\n\ntest_check()\n",
      "timestamp": 1665509798,
      "stdout": "",
      "stderr": "Traceback (most recent call last):\n  File \"/tmp/tmpg2qm5899.py\", line 19, in <module>\n    test_check()\n  File \"/tmp/tmpg2qm5899.py\", line 17, in test_check\n    check(text_match_one)\n  File \"/tmp/tmpg2qm5899.py\", line 12, in check\n    assert candidate('ac') == False\n  File \"/tmp/tmpg2qm5899.py\", line 5, in text_match_one\n    pattern = re.compile(r\"ab+\")\nNameError: name 're' is not defined\n",
      "exit_code": 1,
      "status": "Exception"
    },
    {
      "program": "def text_match_one(text: str) -> bool:\n    \"\"\"\n\tWrite a function that matches a string that has an a followed by one or more b's.\n\t\"\"\"\n    return re.search(r\"ab+\", text) is not None\n\n\ndef check(candidate):\n    assert candidate('ac') == False\n    assert candidate('dc') == False\n    assert candidate('abba') == True\n\ndef test_check():\n    check(text_match_one)\n\ntest_check()\n",
      "timestamp": 1665509798,
      "stdout": "",
      "stderr": "Traceback (most recent call last):\n  File \"/tmp/tmpdvb6kl1t.py\", line 16, in <module>\n    test_check()\n  File \"/tmp/tmpdvb6kl1t.py\", line 14, in test_check\n    check(text_match_one)\n  File \"/tmp/tmpdvb6kl1t.py\", line 9, in check\n    assert candidate('ac') == False\n  File \"/tmp/tmpdvb6kl1t.py\", line 5, in text_match_one\n    return re.search(r\"ab+\", text) is not None\nNameError: name 're' is not defined\n",
      "exit_code": 1,
      "status": "Exception"
    },
    {
      "program": "def text_match_one(text: str) -> bool:\n    \"\"\"\n\tWrite a function that matches a string that has an a followed by one or more b's.\n\t\"\"\"\n    return re.search(r\"ab+\", text)\n\n\ndef check(candidate):\n    assert candidate('ac') == False\n    assert candidate('dc') == False\n    assert candidate('abba') == True\n\ndef test_check():\n    check(text_match_one)\n\ntest_check()\n",
      "timestamp": 1665509798,
      "stdout": "",
      "stderr": "Traceback (most recent call last):\n  File \"/tmp/tmpzibzrbj5.py\", line 16, in <module>\n    test_check()\n  File \"/tmp/tmpzibzrbj5.py\", line 14, in test_check\n    check(text_match_one)\n  File \"/tmp/tmpzibzrbj5.py\", line 9, in check\n    assert candidate('ac') == False\n  File \"/tmp/tmpzibzrbj5.py\", line 5, in text_match_one\n    return re.search(r\"ab+\", text)\nNameError: name 're' is not defined\n",
      "exit_code": 1,
      "status": "Exception"
    },
    {
      "program": "def text_match_one(text: str) -> bool:\n    \"\"\"\n\tWrite a function that matches a string that has an a followed by one or more b's.\n\t\"\"\"\n    return re.search(r\"ab+\", text)\n\n\ndef check(candidate):\n    assert candidate('ac') == False\n    assert candidate('dc') == False\n    assert candidate('abba') == True\n\ndef test_check():\n    check(text_match_one)\n\ntest_check()\n",
      "timestamp": 1665509798,
      "stdout": "",
      "stderr": "Traceback (most recent call last):\n  File \"/tmp/tmpzibzrbj5.py\", line 16, in <module>\n    test_check()\n  File \"/tmp/tmpzibzrbj5.py\", line 14, in test_check\n    check(text_match_one)\n  File \"/tmp/tmpzibzrbj5.py\", line 9, in check\n    assert candidate('ac') == False\n  File \"/tmp/tmpzibzrbj5.py\", line 5, in text_match_one\n    return re.search(r\"ab+\", text)\nNameError: name 're' is not defined\n",
      "exit_code": 1,
      "status": "Exception"
    },
    {
      "program": "def text_match_one(text: str) -> bool:\n    \"\"\"\n\tWrite a function that matches a string that has an a followed by one or more b's.\n\t\"\"\"\n    return re.search(r\"ab+\", text)\n\n\ndef check(candidate):\n    assert candidate('ac') == False\n    assert candidate('dc') == False\n    assert candidate('abba') == True\n\ndef test_check():\n    check(text_match_one)\n\ntest_check()\n",
      "timestamp": 1665509798,
      "stdout": "",
      "stderr": "Traceback (most recent call last):\n  File \"/tmp/tmpzibzrbj5.py\", line 16, in <module>\n    test_check()\n  File \"/tmp/tmpzibzrbj5.py\", line 14, in test_check\n    check(text_match_one)\n  File \"/tmp/tmpzibzrbj5.py\", line 9, in check\n    assert candidate('ac') == False\n  File \"/tmp/tmpzibzrbj5.py\", line 5, in text_match_one\n    return re.search(r\"ab+\", text)\nNameError: name 're' is not defined\n",
      "exit_code": 1,
      "status": "Exception"
    },
    {
      "program": "def text_match_one(text: str) -> bool:\n    \"\"\"\n\tWrite a function that matches a string that has an a followed by one or more b's.\n\t\"\"\"\n    return re.search(r\"ab+\", text) is not None\n\n\ndef check(candidate):\n    assert candidate('ac') == False\n    assert candidate('dc') == False\n    assert candidate('abba') == True\n\ndef test_check():\n    check(text_match_one)\n\ntest_check()\n",
      "timestamp": 1665509798,
      "stdout": "",
      "stderr": "Traceback (most recent call last):\n  File \"/tmp/tmpdvb6kl1t.py\", line 16, in <module>\n    test_check()\n  File \"/tmp/tmpdvb6kl1t.py\", line 14, in test_check\n    check(text_match_one)\n  File \"/tmp/tmpdvb6kl1t.py\", line 9, in check\n    assert candidate('ac') == False\n  File \"/tmp/tmpdvb6kl1t.py\", line 5, in text_match_one\n    return re.search(r\"ab+\", text) is not None\nNameError: name 're' is not defined\n",
      "exit_code": 1,
      "status": "Exception"
    }
  ]
}