{
  "name": "mbpp_454_text_match_wordz",
  "language": "py",
  "prompt": "def text_match_wordz(text: str) -> bool:\n    \"\"\"\n\tWrite a function that matches a word containing 'z'.\n\t\"\"\"\n",
  "doctests": "keep",
  "original": "/home/arjun/repos/MultiPL-E/datasets/../datasets/mbpp-typed/mbpp_454_text_match_wordz.py",
  "prompt_terminology": "verbatim",
  "tests": "def check(candidate):\n    assert candidate('pythonz.') == True\n    assert candidate('xyz.') == True\n    assert candidate('  lang  .') == False\n\ndef test_check():\n    check(text_match_wordz)\n\ntest_check()\n",
  "stop_tokens": [
    "\ndef",
    "\n#",
    "\nif",
    "\nclass"
  ],
  "results": [
    {
      "program": "def text_match_wordz(text: str) -> bool:\n    \"\"\"\n\tWrite a function that matches a word containing 'z'.\n\t\"\"\"\n    return re.search(r\"\\bz\\w+\\b\", text)\n\n\ndef check(candidate):\n    assert candidate('pythonz.') == True\n    assert candidate('xyz.') == True\n    assert candidate('  lang  .') == False\n\ndef test_check():\n    check(text_match_wordz)\n\ntest_check()\n",
      "timestamp": 1665510608,
      "stdout": "",
      "stderr": "Traceback (most recent call last):\n  File \"/tmp/tmptvjoemfv.py\", line 16, in <module>\n    test_check()\n  File \"/tmp/tmptvjoemfv.py\", line 14, in test_check\n    check(text_match_wordz)\n  File \"/tmp/tmptvjoemfv.py\", line 9, in check\n    assert candidate('pythonz.') == True\n  File \"/tmp/tmptvjoemfv.py\", line 5, in text_match_wordz\n    return re.search(r\"\\bz\\w+\\b\", text)\nNameError: name 're' is not defined\n",
      "exit_code": 1,
      "status": "Exception"
    },
    {
      "program": "def text_match_wordz(text: str) -> bool:\n    \"\"\"\n\tWrite a function that matches a word containing 'z'.\n\t\"\"\"\n    return re.search(r\"\\w*z\\w*\", text) is not None\n\n\ndef check(candidate):\n    assert candidate('pythonz.') == True\n    assert candidate('xyz.') == True\n    assert candidate('  lang  .') == False\n\ndef test_check():\n    check(text_match_wordz)\n\ntest_check()\n",
      "timestamp": 1665510608,
      "stdout": "",
      "stderr": "Traceback (most recent call last):\n  File \"/tmp/tmp4al6p68r.py\", line 16, in <module>\n    test_check()\n  File \"/tmp/tmp4al6p68r.py\", line 14, in test_check\n    check(text_match_wordz)\n  File \"/tmp/tmp4al6p68r.py\", line 9, in check\n    assert candidate('pythonz.') == True\n  File \"/tmp/tmp4al6p68r.py\", line 5, in text_match_wordz\n    return re.search(r\"\\w*z\\w*\", text) is not None\nNameError: name 're' is not defined\n",
      "exit_code": 1,
      "status": "Exception"
    },
    {
      "program": "def text_match_wordz(text: str) -> bool:\n    \"\"\"\n\tWrite a function that matches a word containing 'z'.\n\t\"\"\"\n    return re.search(r\"\\w*z\\w*\", text) is not None\n\n\ndef check(candidate):\n    assert candidate('pythonz.') == True\n    assert candidate('xyz.') == True\n    assert candidate('  lang  .') == False\n\ndef test_check():\n    check(text_match_wordz)\n\ntest_check()\n",
      "timestamp": 1665510608,
      "stdout": "",
      "stderr": "Traceback (most recent call last):\n  File \"/tmp/tmp4al6p68r.py\", line 16, in <module>\n    test_check()\n  File \"/tmp/tmp4al6p68r.py\", line 14, in test_check\n    check(text_match_wordz)\n  File \"/tmp/tmp4al6p68r.py\", line 9, in check\n    assert candidate('pythonz.') == True\n  File \"/tmp/tmp4al6p68r.py\", line 5, in text_match_wordz\n    return re.search(r\"\\w*z\\w*\", text) is not None\nNameError: name 're' is not defined\n",
      "exit_code": 1,
      "status": "Exception"
    },
    {
      "program": "def text_match_wordz(text: str) -> bool:\n    \"\"\"\n\tWrite a function that matches a word containing 'z'.\n\t\"\"\"\n    return re.search(r\"\\w*z\\w*\", text)\n\n\ndef check(candidate):\n    assert candidate('pythonz.') == True\n    assert candidate('xyz.') == True\n    assert candidate('  lang  .') == False\n\ndef test_check():\n    check(text_match_wordz)\n\ntest_check()\n",
      "timestamp": 1665510608,
      "stdout": "",
      "stderr": "Traceback (most recent call last):\n  File \"/tmp/tmp3oxvgh3d.py\", line 16, in <module>\n    test_check()\n  File \"/tmp/tmp3oxvgh3d.py\", line 14, in test_check\n    check(text_match_wordz)\n  File \"/tmp/tmp3oxvgh3d.py\", line 9, in check\n    assert candidate('pythonz.') == True\n  File \"/tmp/tmp3oxvgh3d.py\", line 5, in text_match_wordz\n    return re.search(r\"\\w*z\\w*\", text)\nNameError: name 're' is not defined\n",
      "exit_code": 1,
      "status": "Exception"
    },
    {
      "program": "def text_match_wordz(text: str) -> bool:\n    \"\"\"\n\tWrite a function that matches a word containing 'z'.\n\t\"\"\"\n    return re.search(r\"\\w*z\\w*\", text) is not None\n\n\ndef check(candidate):\n    assert candidate('pythonz.') == True\n    assert candidate('xyz.') == True\n    assert candidate('  lang  .') == False\n\ndef test_check():\n    check(text_match_wordz)\n\ntest_check()\n",
      "timestamp": 1665510608,
      "stdout": "",
      "stderr": "Traceback (most recent call last):\n  File \"/tmp/tmp4al6p68r.py\", line 16, in <module>\n    test_check()\n  File \"/tmp/tmp4al6p68r.py\", line 14, in test_check\n    check(text_match_wordz)\n  File \"/tmp/tmp4al6p68r.py\", line 9, in check\n    assert candidate('pythonz.') == True\n  File \"/tmp/tmp4al6p68r.py\", line 5, in text_match_wordz\n    return re.search(r\"\\w*z\\w*\", text) is not None\nNameError: name 're' is not defined\n",
      "exit_code": 1,
      "status": "Exception"
    },
    {
      "program": "def text_match_wordz(text: str) -> bool:\n    \"\"\"\n\tWrite a function that matches a word containing 'z'.\n\t\"\"\"\n    return re.search(r\"\\w*z\\w*\", text)\n\n\ndef check(candidate):\n    assert candidate('pythonz.') == True\n    assert candidate('xyz.') == True\n    assert candidate('  lang  .') == False\n\ndef test_check():\n    check(text_match_wordz)\n\ntest_check()\n",
      "timestamp": 1665510608,
      "stdout": "",
      "stderr": "Traceback (most recent call last):\n  File \"/tmp/tmp3oxvgh3d.py\", line 16, in <module>\n    test_check()\n  File \"/tmp/tmp3oxvgh3d.py\", line 14, in test_check\n    check(text_match_wordz)\n  File \"/tmp/tmp3oxvgh3d.py\", line 9, in check\n    assert candidate('pythonz.') == True\n  File \"/tmp/tmp3oxvgh3d.py\", line 5, in text_match_wordz\n    return re.search(r\"\\w*z\\w*\", text)\nNameError: name 're' is not defined\n",
      "exit_code": 1,
      "status": "Exception"
    },
    {
      "program": "def text_match_wordz(text: str) -> bool:\n    \"\"\"\n\tWrite a function that matches a word containing 'z'.\n\t\"\"\"\n    return re.search(r\"z\", text) is not None\n\n\ndef check(candidate):\n    assert candidate('pythonz.') == True\n    assert candidate('xyz.') == True\n    assert candidate('  lang  .') == False\n\ndef test_check():\n    check(text_match_wordz)\n\ntest_check()\n",
      "timestamp": 1665510608,
      "stdout": "",
      "stderr": "Traceback (most recent call last):\n  File \"/tmp/tmpat5n8aes.py\", line 16, in <module>\n    test_check()\n  File \"/tmp/tmpat5n8aes.py\", line 14, in test_check\n    check(text_match_wordz)\n  File \"/tmp/tmpat5n8aes.py\", line 9, in check\n    assert candidate('pythonz.') == True\n  File \"/tmp/tmpat5n8aes.py\", line 5, in text_match_wordz\n    return re.search(r\"z\", text) is not None\nNameError: name 're' is not defined\n",
      "exit_code": 1,
      "status": "Exception"
    },
    {
      "program": "def text_match_wordz(text: str) -> bool:\n    \"\"\"\n\tWrite a function that matches a word containing 'z'.\n\t\"\"\"\n    return re.search(r\"\\b[z]+\\b\", text) is not None\n\n\ndef check(candidate):\n    assert candidate('pythonz.') == True\n    assert candidate('xyz.') == True\n    assert candidate('  lang  .') == False\n\ndef test_check():\n    check(text_match_wordz)\n\ntest_check()\n",
      "timestamp": 1665510608,
      "stdout": "",
      "stderr": "Traceback (most recent call last):\n  File \"/tmp/tmp1bkz5p0a.py\", line 16, in <module>\n    test_check()\n  File \"/tmp/tmp1bkz5p0a.py\", line 14, in test_check\n    check(text_match_wordz)\n  File \"/tmp/tmp1bkz5p0a.py\", line 9, in check\n    assert candidate('pythonz.') == True\n  File \"/tmp/tmp1bkz5p0a.py\", line 5, in text_match_wordz\n    return re.search(r\"\\b[z]+\\b\", text) is not None\nNameError: name 're' is not defined\n",
      "exit_code": 1,
      "status": "Exception"
    },
    {
      "program": "def text_match_wordz(text: str) -> bool:\n    \"\"\"\n\tWrite a function that matches a word containing 'z'.\n\t\"\"\"\n    return bool(re.search(r\"\\bz\\w*\\b\", text))\n\n\ndef check(candidate):\n    assert candidate('pythonz.') == True\n    assert candidate('xyz.') == True\n    assert candidate('  lang  .') == False\n\ndef test_check():\n    check(text_match_wordz)\n\ntest_check()\n",
      "timestamp": 1665510608,
      "stdout": "",
      "stderr": "Traceback (most recent call last):\n  File \"/tmp/tmpglfeu5z_.py\", line 16, in <module>\n    test_check()\n  File \"/tmp/tmpglfeu5z_.py\", line 14, in test_check\n    check(text_match_wordz)\n  File \"/tmp/tmpglfeu5z_.py\", line 9, in check\n    assert candidate('pythonz.') == True\n  File \"/tmp/tmpglfeu5z_.py\", line 5, in text_match_wordz\n    return bool(re.search(r\"\\bz\\w*\\b\", text))\nNameError: name 're' is not defined\n",
      "exit_code": 1,
      "status": "Exception"
    },
    {
      "program": "def text_match_wordz(text: str) -> bool:\n    \"\"\"\n\tWrite a function that matches a word containing 'z'.\n\t\"\"\"\n    return re.search(r\"\\w*z\\w*\", text) is not None\n\n\ndef check(candidate):\n    assert candidate('pythonz.') == True\n    assert candidate('xyz.') == True\n    assert candidate('  lang  .') == False\n\ndef test_check():\n    check(text_match_wordz)\n\ntest_check()\n",
      "timestamp": 1665510608,
      "stdout": "",
      "stderr": "Traceback (most recent call last):\n  File \"/tmp/tmp4al6p68r.py\", line 16, in <module>\n    test_check()\n  File \"/tmp/tmp4al6p68r.py\", line 14, in test_check\n    check(text_match_wordz)\n  File \"/tmp/tmp4al6p68r.py\", line 9, in check\n    assert candidate('pythonz.') == True\n  File \"/tmp/tmp4al6p68r.py\", line 5, in text_match_wordz\n    return re.search(r\"\\w*z\\w*\", text) is not None\nNameError: name 're' is not defined\n",
      "exit_code": 1,
      "status": "Exception"
    },
    {
      "program": "def text_match_wordz(text: str) -> bool:\n    \"\"\"\n\tWrite a function that matches a word containing 'z'.\n\t\"\"\"\n    return re.search(r\"\\w*z\\w*\", text)\n\n\ndef check(candidate):\n    assert candidate('pythonz.') == True\n    assert candidate('xyz.') == True\n    assert candidate('  lang  .') == False\n\ndef test_check():\n    check(text_match_wordz)\n\ntest_check()\n",
      "timestamp": 1665510608,
      "stdout": "",
      "stderr": "Traceback (most recent call last):\n  File \"/tmp/tmp3oxvgh3d.py\", line 16, in <module>\n    test_check()\n  File \"/tmp/tmp3oxvgh3d.py\", line 14, in test_check\n    check(text_match_wordz)\n  File \"/tmp/tmp3oxvgh3d.py\", line 9, in check\n    assert candidate('pythonz.') == True\n  File \"/tmp/tmp3oxvgh3d.py\", line 5, in text_match_wordz\n    return re.search(r\"\\w*z\\w*\", text)\nNameError: name 're' is not defined\n",
      "exit_code": 1,
      "status": "Exception"
    },
    {
      "program": "def text_match_wordz(text: str) -> bool:\n    \"\"\"\n\tWrite a function that matches a word containing 'z'.\n\t\"\"\"\n    return re.search(r\"\\w*z\\w*\", text) is not None\n\n\ndef check(candidate):\n    assert candidate('pythonz.') == True\n    assert candidate('xyz.') == True\n    assert candidate('  lang  .') == False\n\ndef test_check():\n    check(text_match_wordz)\n\ntest_check()\n",
      "timestamp": 1665510608,
      "stdout": "",
      "stderr": "Traceback (most recent call last):\n  File \"/tmp/tmp4al6p68r.py\", line 16, in <module>\n    test_check()\n  File \"/tmp/tmp4al6p68r.py\", line 14, in test_check\n    check(text_match_wordz)\n  File \"/tmp/tmp4al6p68r.py\", line 9, in check\n    assert candidate('pythonz.') == True\n  File \"/tmp/tmp4al6p68r.py\", line 5, in text_match_wordz\n    return re.search(r\"\\w*z\\w*\", text) is not None\nNameError: name 're' is not defined\n",
      "exit_code": 1,
      "status": "Exception"
    },
    {
      "program": "def text_match_wordz(text: str) -> bool:\n    \"\"\"\n\tWrite a function that matches a word containing 'z'.\n\t\"\"\"\n    return re.search(r\"\\w*z\\w*\", text) is not None\n\n\ndef check(candidate):\n    assert candidate('pythonz.') == True\n    assert candidate('xyz.') == True\n    assert candidate('  lang  .') == False\n\ndef test_check():\n    check(text_match_wordz)\n\ntest_check()\n",
      "timestamp": 1665510608,
      "stdout": "",
      "stderr": "Traceback (most recent call last):\n  File \"/tmp/tmp4al6p68r.py\", line 16, in <module>\n    test_check()\n  File \"/tmp/tmp4al6p68r.py\", line 14, in test_check\n    check(text_match_wordz)\n  File \"/tmp/tmp4al6p68r.py\", line 9, in check\n    assert candidate('pythonz.') == True\n  File \"/tmp/tmp4al6p68r.py\", line 5, in text_match_wordz\n    return re.search(r\"\\w*z\\w*\", text) is not None\nNameError: name 're' is not defined\n",
      "exit_code": 1,
      "status": "Exception"
    },
    {
      "program": "def text_match_wordz(text: str) -> bool:\n    \"\"\"\n\tWrite a function that matches a word containing 'z'.\n\t\"\"\"\n    return re.search(r\"\\w*z\\w*\", text) is not None\n\n\ndef check(candidate):\n    assert candidate('pythonz.') == True\n    assert candidate('xyz.') == True\n    assert candidate('  lang  .') == False\n\ndef test_check():\n    check(text_match_wordz)\n\ntest_check()\n",
      "timestamp": 1665510608,
      "stdout": "",
      "stderr": "Traceback (most recent call last):\n  File \"/tmp/tmp4al6p68r.py\", line 16, in <module>\n    test_check()\n  File \"/tmp/tmp4al6p68r.py\", line 14, in test_check\n    check(text_match_wordz)\n  File \"/tmp/tmp4al6p68r.py\", line 9, in check\n    assert candidate('pythonz.') == True\n  File \"/tmp/tmp4al6p68r.py\", line 5, in text_match_wordz\n    return re.search(r\"\\w*z\\w*\", text) is not None\nNameError: name 're' is not defined\n",
      "exit_code": 1,
      "status": "Exception"
    },
    {
      "program": "def text_match_wordz(text: str) -> bool:\n    \"\"\"\n\tWrite a function that matches a word containing 'z'.\n\t\"\"\"\n    return re.search(r\"\\w*z\\w*\", text) is not None\n\n\ndef check(candidate):\n    assert candidate('pythonz.') == True\n    assert candidate('xyz.') == True\n    assert candidate('  lang  .') == False\n\ndef test_check():\n    check(text_match_wordz)\n\ntest_check()\n",
      "timestamp": 1665510608,
      "stdout": "",
      "stderr": "Traceback (most recent call last):\n  File \"/tmp/tmp4al6p68r.py\", line 16, in <module>\n    test_check()\n  File \"/tmp/tmp4al6p68r.py\", line 14, in test_check\n    check(text_match_wordz)\n  File \"/tmp/tmp4al6p68r.py\", line 9, in check\n    assert candidate('pythonz.') == True\n  File \"/tmp/tmp4al6p68r.py\", line 5, in text_match_wordz\n    return re.search(r\"\\w*z\\w*\", text) is not None\nNameError: name 're' is not defined\n",
      "exit_code": 1,
      "status": "Exception"
    },
    {
      "program": "def text_match_wordz(text: str) -> bool:\n    \"\"\"\n\tWrite a function that matches a word containing 'z'.\n\t\"\"\"\n    return re.search(r\"\\w*z\\w*\", text) is not None\n\n\ndef check(candidate):\n    assert candidate('pythonz.') == True\n    assert candidate('xyz.') == True\n    assert candidate('  lang  .') == False\n\ndef test_check():\n    check(text_match_wordz)\n\ntest_check()\n",
      "timestamp": 1665510608,
      "stdout": "",
      "stderr": "Traceback (most recent call last):\n  File \"/tmp/tmp4al6p68r.py\", line 16, in <module>\n    test_check()\n  File \"/tmp/tmp4al6p68r.py\", line 14, in test_check\n    check(text_match_wordz)\n  File \"/tmp/tmp4al6p68r.py\", line 9, in check\n    assert candidate('pythonz.') == True\n  File \"/tmp/tmp4al6p68r.py\", line 5, in text_match_wordz\n    return re.search(r\"\\w*z\\w*\", text) is not None\nNameError: name 're' is not defined\n",
      "exit_code": 1,
      "status": "Exception"
    },
    {
      "program": "def text_match_wordz(text: str) -> bool:\n    \"\"\"\n\tWrite a function that matches a word containing 'z'.\n\t\"\"\"\n    return re.search(r\"\\w*z\\w*\", text)\n\n\ndef check(candidate):\n    assert candidate('pythonz.') == True\n    assert candidate('xyz.') == True\n    assert candidate('  lang  .') == False\n\ndef test_check():\n    check(text_match_wordz)\n\ntest_check()\n",
      "timestamp": 1665510608,
      "stdout": "",
      "stderr": "Traceback (most recent call last):\n  File \"/tmp/tmp3oxvgh3d.py\", line 16, in <module>\n    test_check()\n  File \"/tmp/tmp3oxvgh3d.py\", line 14, in test_check\n    check(text_match_wordz)\n  File \"/tmp/tmp3oxvgh3d.py\", line 9, in check\n    assert candidate('pythonz.') == True\n  File \"/tmp/tmp3oxvgh3d.py\", line 5, in text_match_wordz\n    return re.search(r\"\\w*z\\w*\", text)\nNameError: name 're' is not defined\n",
      "exit_code": 1,
      "status": "Exception"
    },
    {
      "program": "def text_match_wordz(text: str) -> bool:\n    \"\"\"\n\tWrite a function that matches a word containing 'z'.\n\t\"\"\"\n    return re.search(r\"\\w*z\\w*\", text) is not None\n\n\ndef check(candidate):\n    assert candidate('pythonz.') == True\n    assert candidate('xyz.') == True\n    assert candidate('  lang  .') == False\n\ndef test_check():\n    check(text_match_wordz)\n\ntest_check()\n",
      "timestamp": 1665510608,
      "stdout": "",
      "stderr": "Traceback (most recent call last):\n  File \"/tmp/tmp4al6p68r.py\", line 16, in <module>\n    test_check()\n  File \"/tmp/tmp4al6p68r.py\", line 14, in test_check\n    check(text_match_wordz)\n  File \"/tmp/tmp4al6p68r.py\", line 9, in check\n    assert candidate('pythonz.') == True\n  File \"/tmp/tmp4al6p68r.py\", line 5, in text_match_wordz\n    return re.search(r\"\\w*z\\w*\", text) is not None\nNameError: name 're' is not defined\n",
      "exit_code": 1,
      "status": "Exception"
    },
    {
      "program": "def text_match_wordz(text: str) -> bool:\n    \"\"\"\n\tWrite a function that matches a word containing 'z'.\n\t\"\"\"\n    return re.search(r\"\\bz\\w+\\b\", text) is not None\n\n\ndef check(candidate):\n    assert candidate('pythonz.') == True\n    assert candidate('xyz.') == True\n    assert candidate('  lang  .') == False\n\ndef test_check():\n    check(text_match_wordz)\n\ntest_check()\n",
      "timestamp": 1665510608,
      "stdout": "",
      "stderr": "Traceback (most recent call last):\n  File \"/tmp/tmpb64jy0lt.py\", line 16, in <module>\n    test_check()\n  File \"/tmp/tmpb64jy0lt.py\", line 14, in test_check\n    check(text_match_wordz)\n  File \"/tmp/tmpb64jy0lt.py\", line 9, in check\n    assert candidate('pythonz.') == True\n  File \"/tmp/tmpb64jy0lt.py\", line 5, in text_match_wordz\n    return re.search(r\"\\bz\\w+\\b\", text) is not None\nNameError: name 're' is not defined\n",
      "exit_code": 1,
      "status": "Exception"
    },
    {
      "program": "def text_match_wordz(text: str) -> bool:\n    \"\"\"\n\tWrite a function that matches a word containing 'z'.\n\t\"\"\"\n    return re.search(r\"\\w*z\\w*\", text) is not None\n\n\ndef check(candidate):\n    assert candidate('pythonz.') == True\n    assert candidate('xyz.') == True\n    assert candidate('  lang  .') == False\n\ndef test_check():\n    check(text_match_wordz)\n\ntest_check()\n",
      "timestamp": 1665510608,
      "stdout": "",
      "stderr": "Traceback (most recent call last):\n  File \"/tmp/tmp4al6p68r.py\", line 16, in <module>\n    test_check()\n  File \"/tmp/tmp4al6p68r.py\", line 14, in test_check\n    check(text_match_wordz)\n  File \"/tmp/tmp4al6p68r.py\", line 9, in check\n    assert candidate('pythonz.') == True\n  File \"/tmp/tmp4al6p68r.py\", line 5, in text_match_wordz\n    return re.search(r\"\\w*z\\w*\", text) is not None\nNameError: name 're' is not defined\n",
      "exit_code": 1,
      "status": "Exception"
    },
    {
      "program": "def text_match_wordz(text: str) -> bool:\n    \"\"\"\n\tWrite a function that matches a word containing 'z'.\n\t\"\"\"\n    return re.search(r\"\\w*z\\w*\", text) is not None\n\n\ndef check(candidate):\n    assert candidate('pythonz.') == True\n    assert candidate('xyz.') == True\n    assert candidate('  lang  .') == False\n\ndef test_check():\n    check(text_match_wordz)\n\ntest_check()\n",
      "timestamp": 1665510608,
      "stdout": "",
      "stderr": "Traceback (most recent call last):\n  File \"/tmp/tmp4al6p68r.py\", line 16, in <module>\n    test_check()\n  File \"/tmp/tmp4al6p68r.py\", line 14, in test_check\n    check(text_match_wordz)\n  File \"/tmp/tmp4al6p68r.py\", line 9, in check\n    assert candidate('pythonz.') == True\n  File \"/tmp/tmp4al6p68r.py\", line 5, in text_match_wordz\n    return re.search(r\"\\w*z\\w*\", text) is not None\nNameError: name 're' is not defined\n",
      "exit_code": 1,
      "status": "Exception"
    },
    {
      "program": "def text_match_wordz(text: str) -> bool:\n    \"\"\"\n\tWrite a function that matches a word containing 'z'.\n\t\"\"\"\n    return re.search(r\"\\w*z\\w*\", text) is not None\n\n\ndef check(candidate):\n    assert candidate('pythonz.') == True\n    assert candidate('xyz.') == True\n    assert candidate('  lang  .') == False\n\ndef test_check():\n    check(text_match_wordz)\n\ntest_check()\n",
      "timestamp": 1665510608,
      "stdout": "",
      "stderr": "Traceback (most recent call last):\n  File \"/tmp/tmp4al6p68r.py\", line 16, in <module>\n    test_check()\n  File \"/tmp/tmp4al6p68r.py\", line 14, in test_check\n    check(text_match_wordz)\n  File \"/tmp/tmp4al6p68r.py\", line 9, in check\n    assert candidate('pythonz.') == True\n  File \"/tmp/tmp4al6p68r.py\", line 5, in text_match_wordz\n    return re.search(r\"\\w*z\\w*\", text) is not None\nNameError: name 're' is not defined\n",
      "exit_code": 1,
      "status": "Exception"
    },
    {
      "program": "def text_match_wordz(text: str) -> bool:\n    \"\"\"\n\tWrite a function that matches a word containing 'z'.\n\t\"\"\"\n    return re.search(r\"\\bz\\w+\", text) is not None\n\n\ndef check(candidate):\n    assert candidate('pythonz.') == True\n    assert candidate('xyz.') == True\n    assert candidate('  lang  .') == False\n\ndef test_check():\n    check(text_match_wordz)\n\ntest_check()\n",
      "timestamp": 1665510608,
      "stdout": "",
      "stderr": "Traceback (most recent call last):\n  File \"/tmp/tmpmmmwbpbb.py\", line 16, in <module>\n    test_check()\n  File \"/tmp/tmpmmmwbpbb.py\", line 14, in test_check\n    check(text_match_wordz)\n  File \"/tmp/tmpmmmwbpbb.py\", line 9, in check\n    assert candidate('pythonz.') == True\n  File \"/tmp/tmpmmmwbpbb.py\", line 5, in text_match_wordz\n    return re.search(r\"\\bz\\w+\", text) is not None\nNameError: name 're' is not defined\n",
      "exit_code": 1,
      "status": "Exception"
    },
    {
      "program": "def text_match_wordz(text: str) -> bool:\n    \"\"\"\n\tWrite a function that matches a word containing 'z'.\n\t\"\"\"\n    return re.search(r\"\\w*z\\w*\", text) is not None\n\n\ndef check(candidate):\n    assert candidate('pythonz.') == True\n    assert candidate('xyz.') == True\n    assert candidate('  lang  .') == False\n\ndef test_check():\n    check(text_match_wordz)\n\ntest_check()\n",
      "timestamp": 1665510608,
      "stdout": "",
      "stderr": "Traceback (most recent call last):\n  File \"/tmp/tmp4al6p68r.py\", line 16, in <module>\n    test_check()\n  File \"/tmp/tmp4al6p68r.py\", line 14, in test_check\n    check(text_match_wordz)\n  File \"/tmp/tmp4al6p68r.py\", line 9, in check\n    assert candidate('pythonz.') == True\n  File \"/tmp/tmp4al6p68r.py\", line 5, in text_match_wordz\n    return re.search(r\"\\w*z\\w*\", text) is not None\nNameError: name 're' is not defined\n",
      "exit_code": 1,
      "status": "Exception"
    },
    {
      "program": "def text_match_wordz(text: str) -> bool:\n    \"\"\"\n\tWrite a function that matches a word containing 'z'.\n\t\"\"\"\n    return re.search(r\"\\bz\\w+\\b\", text) is not None\n\n\ndef check(candidate):\n    assert candidate('pythonz.') == True\n    assert candidate('xyz.') == True\n    assert candidate('  lang  .') == False\n\ndef test_check():\n    check(text_match_wordz)\n\ntest_check()\n",
      "timestamp": 1665510608,
      "stdout": "",
      "stderr": "Traceback (most recent call last):\n  File \"/tmp/tmpb64jy0lt.py\", line 16, in <module>\n    test_check()\n  File \"/tmp/tmpb64jy0lt.py\", line 14, in test_check\n    check(text_match_wordz)\n  File \"/tmp/tmpb64jy0lt.py\", line 9, in check\n    assert candidate('pythonz.') == True\n  File \"/tmp/tmpb64jy0lt.py\", line 5, in text_match_wordz\n    return re.search(r\"\\bz\\w+\\b\", text) is not None\nNameError: name 're' is not defined\n",
      "exit_code": 1,
      "status": "Exception"
    },
    {
      "program": "def text_match_wordz(text: str) -> bool:\n    \"\"\"\n\tWrite a function that matches a word containing 'z'.\n\t\"\"\"\n    return re.search(r\"\\w*z\\w*\", text)\n\n\ndef check(candidate):\n    assert candidate('pythonz.') == True\n    assert candidate('xyz.') == True\n    assert candidate('  lang  .') == False\n\ndef test_check():\n    check(text_match_wordz)\n\ntest_check()\n",
      "timestamp": 1665510608,
      "stdout": "",
      "stderr": "Traceback (most recent call last):\n  File \"/tmp/tmp3oxvgh3d.py\", line 16, in <module>\n    test_check()\n  File \"/tmp/tmp3oxvgh3d.py\", line 14, in test_check\n    check(text_match_wordz)\n  File \"/tmp/tmp3oxvgh3d.py\", line 9, in check\n    assert candidate('pythonz.') == True\n  File \"/tmp/tmp3oxvgh3d.py\", line 5, in text_match_wordz\n    return re.search(r\"\\w*z\\w*\", text)\nNameError: name 're' is not defined\n",
      "exit_code": 1,
      "status": "Exception"
    },
    {
      "program": "def text_match_wordz(text: str) -> bool:\n    \"\"\"\n\tWrite a function that matches a word containing 'z'.\n\t\"\"\"\n    return re.search(r\"\\w*z\\w*\", text)\n\n\ndef check(candidate):\n    assert candidate('pythonz.') == True\n    assert candidate('xyz.') == True\n    assert candidate('  lang  .') == False\n\ndef test_check():\n    check(text_match_wordz)\n\ntest_check()\n",
      "timestamp": 1665510608,
      "stdout": "",
      "stderr": "Traceback (most recent call last):\n  File \"/tmp/tmp3oxvgh3d.py\", line 16, in <module>\n    test_check()\n  File \"/tmp/tmp3oxvgh3d.py\", line 14, in test_check\n    check(text_match_wordz)\n  File \"/tmp/tmp3oxvgh3d.py\", line 9, in check\n    assert candidate('pythonz.') == True\n  File \"/tmp/tmp3oxvgh3d.py\", line 5, in text_match_wordz\n    return re.search(r\"\\w*z\\w*\", text)\nNameError: name 're' is not defined\n",
      "exit_code": 1,
      "status": "Exception"
    },
    {
      "program": "def text_match_wordz(text: str) -> bool:\n    \"\"\"\n\tWrite a function that matches a word containing 'z'.\n\t\"\"\"\n    return re.search(r\"\\w*z\\w*\", text) is not None\n\n\ndef check(candidate):\n    assert candidate('pythonz.') == True\n    assert candidate('xyz.') == True\n    assert candidate('  lang  .') == False\n\ndef test_check():\n    check(text_match_wordz)\n\ntest_check()\n",
      "timestamp": 1665510608,
      "stdout": "",
      "stderr": "Traceback (most recent call last):\n  File \"/tmp/tmp4al6p68r.py\", line 16, in <module>\n    test_check()\n  File \"/tmp/tmp4al6p68r.py\", line 14, in test_check\n    check(text_match_wordz)\n  File \"/tmp/tmp4al6p68r.py\", line 9, in check\n    assert candidate('pythonz.') == True\n  File \"/tmp/tmp4al6p68r.py\", line 5, in text_match_wordz\n    return re.search(r\"\\w*z\\w*\", text) is not None\nNameError: name 're' is not defined\n",
      "exit_code": 1,
      "status": "Exception"
    },
    {
      "program": "def text_match_wordz(text: str) -> bool:\n    \"\"\"\n\tWrite a function that matches a word containing 'z'.\n\t\"\"\"\n    return bool(re.search(r\"\\w*z\\w*\", text))\n\n\ndef check(candidate):\n    assert candidate('pythonz.') == True\n    assert candidate('xyz.') == True\n    assert candidate('  lang  .') == False\n\ndef test_check():\n    check(text_match_wordz)\n\ntest_check()\n",
      "timestamp": 1666123474,
      "stdout": "",
      "stderr": "Traceback (most recent call last):\n  File \"/tmp/tmpustig1zd.py\", line 16, in <module>\n    test_check()\n  File \"/tmp/tmpustig1zd.py\", line 14, in test_check\n    check(text_match_wordz)\n  File \"/tmp/tmpustig1zd.py\", line 9, in check\n    assert candidate('pythonz.') == True\n  File \"/tmp/tmpustig1zd.py\", line 5, in text_match_wordz\n    return bool(re.search(r\"\\w*z\\w*\", text))\nNameError: name 're' is not defined\n",
      "exit_code": 1,
      "status": "Exception"
    },
    {
      "program": "def text_match_wordz(text: str) -> bool:\n    \"\"\"\n\tWrite a function that matches a word containing 'z'.\n\t\"\"\"\n    return re.search(r\"\\w*z\\w*\", text)\n\n\ndef check(candidate):\n    assert candidate('pythonz.') == True\n    assert candidate('xyz.') == True\n    assert candidate('  lang  .') == False\n\ndef test_check():\n    check(text_match_wordz)\n\ntest_check()\n",
      "timestamp": 1665510608,
      "stdout": "",
      "stderr": "Traceback (most recent call last):\n  File \"/tmp/tmp3oxvgh3d.py\", line 16, in <module>\n    test_check()\n  File \"/tmp/tmp3oxvgh3d.py\", line 14, in test_check\n    check(text_match_wordz)\n  File \"/tmp/tmp3oxvgh3d.py\", line 9, in check\n    assert candidate('pythonz.') == True\n  File \"/tmp/tmp3oxvgh3d.py\", line 5, in text_match_wordz\n    return re.search(r\"\\w*z\\w*\", text)\nNameError: name 're' is not defined\n",
      "exit_code": 1,
      "status": "Exception"
    },
    {
      "program": "def text_match_wordz(text: str) -> bool:\n    \"\"\"\n\tWrite a function that matches a word containing 'z'.\n\t\"\"\"\n    return re.search(r\"\\w*z\\w*\", text) is not None\n\n\ndef check(candidate):\n    assert candidate('pythonz.') == True\n    assert candidate('xyz.') == True\n    assert candidate('  lang  .') == False\n\ndef test_check():\n    check(text_match_wordz)\n\ntest_check()\n",
      "timestamp": 1665510608,
      "stdout": "",
      "stderr": "Traceback (most recent call last):\n  File \"/tmp/tmp4al6p68r.py\", line 16, in <module>\n    test_check()\n  File \"/tmp/tmp4al6p68r.py\", line 14, in test_check\n    check(text_match_wordz)\n  File \"/tmp/tmp4al6p68r.py\", line 9, in check\n    assert candidate('pythonz.') == True\n  File \"/tmp/tmp4al6p68r.py\", line 5, in text_match_wordz\n    return re.search(r\"\\w*z\\w*\", text) is not None\nNameError: name 're' is not defined\n",
      "exit_code": 1,
      "status": "Exception"
    },
    {
      "program": "def text_match_wordz(text: str) -> bool:\n    \"\"\"\n\tWrite a function that matches a word containing 'z'.\n\t\"\"\"\n    return re.search(r\"\\w*z\\w*\", text)\n\n\ndef check(candidate):\n    assert candidate('pythonz.') == True\n    assert candidate('xyz.') == True\n    assert candidate('  lang  .') == False\n\ndef test_check():\n    check(text_match_wordz)\n\ntest_check()\n",
      "timestamp": 1665510608,
      "stdout": "",
      "stderr": "Traceback (most recent call last):\n  File \"/tmp/tmp3oxvgh3d.py\", line 16, in <module>\n    test_check()\n  File \"/tmp/tmp3oxvgh3d.py\", line 14, in test_check\n    check(text_match_wordz)\n  File \"/tmp/tmp3oxvgh3d.py\", line 9, in check\n    assert candidate('pythonz.') == True\n  File \"/tmp/tmp3oxvgh3d.py\", line 5, in text_match_wordz\n    return re.search(r\"\\w*z\\w*\", text)\nNameError: name 're' is not defined\n",
      "exit_code": 1,
      "status": "Exception"
    },
    {
      "program": "def text_match_wordz(text: str) -> bool:\n    \"\"\"\n\tWrite a function that matches a word containing 'z'.\n\t\"\"\"\n    return re.search(r\"\\bz\\w+\", text)\n\n\ndef check(candidate):\n    assert candidate('pythonz.') == True\n    assert candidate('xyz.') == True\n    assert candidate('  lang  .') == False\n\ndef test_check():\n    check(text_match_wordz)\n\ntest_check()\n",
      "timestamp": 1665510608,
      "stdout": "",
      "stderr": "Traceback (most recent call last):\n  File \"/tmp/tmpssl4jdvy.py\", line 16, in <module>\n    test_check()\n  File \"/tmp/tmpssl4jdvy.py\", line 14, in test_check\n    check(text_match_wordz)\n  File \"/tmp/tmpssl4jdvy.py\", line 9, in check\n    assert candidate('pythonz.') == True\n  File \"/tmp/tmpssl4jdvy.py\", line 5, in text_match_wordz\n    return re.search(r\"\\bz\\w+\", text)\nNameError: name 're' is not defined\n",
      "exit_code": 1,
      "status": "Exception"
    },
    {
      "program": "def text_match_wordz(text: str) -> bool:\n    \"\"\"\n\tWrite a function that matches a word containing 'z'.\n\t\"\"\"\n    return re.search(r\"\\w*z\\w*\", text) is not None\n\n\ndef check(candidate):\n    assert candidate('pythonz.') == True\n    assert candidate('xyz.') == True\n    assert candidate('  lang  .') == False\n\ndef test_check():\n    check(text_match_wordz)\n\ntest_check()\n",
      "timestamp": 1665510608,
      "stdout": "",
      "stderr": "Traceback (most recent call last):\n  File \"/tmp/tmp4al6p68r.py\", line 16, in <module>\n    test_check()\n  File \"/tmp/tmp4al6p68r.py\", line 14, in test_check\n    check(text_match_wordz)\n  File \"/tmp/tmp4al6p68r.py\", line 9, in check\n    assert candidate('pythonz.') == True\n  File \"/tmp/tmp4al6p68r.py\", line 5, in text_match_wordz\n    return re.search(r\"\\w*z\\w*\", text) is not None\nNameError: name 're' is not defined\n",
      "exit_code": 1,
      "status": "Exception"
    },
    {
      "program": "def text_match_wordz(text: str) -> bool:\n    \"\"\"\n\tWrite a function that matches a word containing 'z'.\n\t\"\"\"\n    return re.search(r\"\\bz\\w+\", text) is not None\n\n\ndef check(candidate):\n    assert candidate('pythonz.') == True\n    assert candidate('xyz.') == True\n    assert candidate('  lang  .') == False\n\ndef test_check():\n    check(text_match_wordz)\n\ntest_check()\n",
      "timestamp": 1665510608,
      "stdout": "",
      "stderr": "Traceback (most recent call last):\n  File \"/tmp/tmpmmmwbpbb.py\", line 16, in <module>\n    test_check()\n  File \"/tmp/tmpmmmwbpbb.py\", line 14, in test_check\n    check(text_match_wordz)\n  File \"/tmp/tmpmmmwbpbb.py\", line 9, in check\n    assert candidate('pythonz.') == True\n  File \"/tmp/tmpmmmwbpbb.py\", line 5, in text_match_wordz\n    return re.search(r\"\\bz\\w+\", text) is not None\nNameError: name 're' is not defined\n",
      "exit_code": 1,
      "status": "Exception"
    },
    {
      "program": "def text_match_wordz(text: str) -> bool:\n    \"\"\"\n\tWrite a function that matches a word containing 'z'.\n\t\"\"\"\n    return re.search(r\"\\w*z\\w*\", text)\n\n\ndef check(candidate):\n    assert candidate('pythonz.') == True\n    assert candidate('xyz.') == True\n    assert candidate('  lang  .') == False\n\ndef test_check():\n    check(text_match_wordz)\n\ntest_check()\n",
      "timestamp": 1665510608,
      "stdout": "",
      "stderr": "Traceback (most recent call last):\n  File \"/tmp/tmp3oxvgh3d.py\", line 16, in <module>\n    test_check()\n  File \"/tmp/tmp3oxvgh3d.py\", line 14, in test_check\n    check(text_match_wordz)\n  File \"/tmp/tmp3oxvgh3d.py\", line 9, in check\n    assert candidate('pythonz.') == True\n  File \"/tmp/tmp3oxvgh3d.py\", line 5, in text_match_wordz\n    return re.search(r\"\\w*z\\w*\", text)\nNameError: name 're' is not defined\n",
      "exit_code": 1,
      "status": "Exception"
    },
    {
      "program": "def text_match_wordz(text: str) -> bool:\n    \"\"\"\n\tWrite a function that matches a word containing 'z'.\n\t\"\"\"\n    return re.search(r\"\\b[z]\\w+\", text) is not None\n\n\ndef check(candidate):\n    assert candidate('pythonz.') == True\n    assert candidate('xyz.') == True\n    assert candidate('  lang  .') == False\n\ndef test_check():\n    check(text_match_wordz)\n\ntest_check()\n",
      "timestamp": 1666123475,
      "stdout": "",
      "stderr": "Traceback (most recent call last):\n  File \"/tmp/tmpaw90jhvp.py\", line 16, in <module>\n    test_check()\n  File \"/tmp/tmpaw90jhvp.py\", line 14, in test_check\n    check(text_match_wordz)\n  File \"/tmp/tmpaw90jhvp.py\", line 9, in check\n    assert candidate('pythonz.') == True\n  File \"/tmp/tmpaw90jhvp.py\", line 5, in text_match_wordz\n    return re.search(r\"\\b[z]\\w+\", text) is not None\nNameError: name 're' is not defined\n",
      "exit_code": 1,
      "status": "Exception"
    },
    {
      "program": "def text_match_wordz(text: str) -> bool:\n    \"\"\"\n\tWrite a function that matches a word containing 'z'.\n\t\"\"\"\n    return re.search(r\"\\bz\\w+\", text) is not None\n\n\ndef check(candidate):\n    assert candidate('pythonz.') == True\n    assert candidate('xyz.') == True\n    assert candidate('  lang  .') == False\n\ndef test_check():\n    check(text_match_wordz)\n\ntest_check()\n",
      "timestamp": 1665510608,
      "stdout": "",
      "stderr": "Traceback (most recent call last):\n  File \"/tmp/tmpmmmwbpbb.py\", line 16, in <module>\n    test_check()\n  File \"/tmp/tmpmmmwbpbb.py\", line 14, in test_check\n    check(text_match_wordz)\n  File \"/tmp/tmpmmmwbpbb.py\", line 9, in check\n    assert candidate('pythonz.') == True\n  File \"/tmp/tmpmmmwbpbb.py\", line 5, in text_match_wordz\n    return re.search(r\"\\bz\\w+\", text) is not None\nNameError: name 're' is not defined\n",
      "exit_code": 1,
      "status": "Exception"
    },
    {
      "program": "def text_match_wordz(text: str) -> bool:\n    \"\"\"\n\tWrite a function that matches a word containing 'z'.\n\t\"\"\"\n    return re.search(r\"\\w*z\\w*\", text)\n\n\ndef check(candidate):\n    assert candidate('pythonz.') == True\n    assert candidate('xyz.') == True\n    assert candidate('  lang  .') == False\n\ndef test_check():\n    check(text_match_wordz)\n\ntest_check()\n",
      "timestamp": 1665510608,
      "stdout": "",
      "stderr": "Traceback (most recent call last):\n  File \"/tmp/tmp3oxvgh3d.py\", line 16, in <module>\n    test_check()\n  File \"/tmp/tmp3oxvgh3d.py\", line 14, in test_check\n    check(text_match_wordz)\n  File \"/tmp/tmp3oxvgh3d.py\", line 9, in check\n    assert candidate('pythonz.') == True\n  File \"/tmp/tmp3oxvgh3d.py\", line 5, in text_match_wordz\n    return re.search(r\"\\w*z\\w*\", text)\nNameError: name 're' is not defined\n",
      "exit_code": 1,
      "status": "Exception"
    },
    {
      "program": "def text_match_wordz(text: str) -> bool:\n    \"\"\"\n\tWrite a function that matches a word containing 'z'.\n\t\"\"\"\n    return re.search(r\"\\w*z\\w*\", text) is not None\n\n\ndef check(candidate):\n    assert candidate('pythonz.') == True\n    assert candidate('xyz.') == True\n    assert candidate('  lang  .') == False\n\ndef test_check():\n    check(text_match_wordz)\n\ntest_check()\n",
      "timestamp": 1665510608,
      "stdout": "",
      "stderr": "Traceback (most recent call last):\n  File \"/tmp/tmp4al6p68r.py\", line 16, in <module>\n    test_check()\n  File \"/tmp/tmp4al6p68r.py\", line 14, in test_check\n    check(text_match_wordz)\n  File \"/tmp/tmp4al6p68r.py\", line 9, in check\n    assert candidate('pythonz.') == True\n  File \"/tmp/tmp4al6p68r.py\", line 5, in text_match_wordz\n    return re.search(r\"\\w*z\\w*\", text) is not None\nNameError: name 're' is not defined\n",
      "exit_code": 1,
      "status": "Exception"
    },
    {
      "program": "def text_match_wordz(text: str) -> bool:\n    \"\"\"\n\tWrite a function that matches a word containing 'z'.\n\t\"\"\"\n    return re.search(r\"\\w*z\\w*\", text) is not None\n\n\ndef check(candidate):\n    assert candidate('pythonz.') == True\n    assert candidate('xyz.') == True\n    assert candidate('  lang  .') == False\n\ndef test_check():\n    check(text_match_wordz)\n\ntest_check()\n",
      "timestamp": 1665510608,
      "stdout": "",
      "stderr": "Traceback (most recent call last):\n  File \"/tmp/tmp4al6p68r.py\", line 16, in <module>\n    test_check()\n  File \"/tmp/tmp4al6p68r.py\", line 14, in test_check\n    check(text_match_wordz)\n  File \"/tmp/tmp4al6p68r.py\", line 9, in check\n    assert candidate('pythonz.') == True\n  File \"/tmp/tmp4al6p68r.py\", line 5, in text_match_wordz\n    return re.search(r\"\\w*z\\w*\", text) is not None\nNameError: name 're' is not defined\n",
      "exit_code": 1,
      "status": "Exception"
    },
    {
      "program": "def text_match_wordz(text: str) -> bool:\n    \"\"\"\n\tWrite a function that matches a word containing 'z'.\n\t\"\"\"\n    return re.search(r\"\\w*z\\w*\", text) is not None\n\n\ndef check(candidate):\n    assert candidate('pythonz.') == True\n    assert candidate('xyz.') == True\n    assert candidate('  lang  .') == False\n\ndef test_check():\n    check(text_match_wordz)\n\ntest_check()\n",
      "timestamp": 1665510608,
      "stdout": "",
      "stderr": "Traceback (most recent call last):\n  File \"/tmp/tmp4al6p68r.py\", line 16, in <module>\n    test_check()\n  File \"/tmp/tmp4al6p68r.py\", line 14, in test_check\n    check(text_match_wordz)\n  File \"/tmp/tmp4al6p68r.py\", line 9, in check\n    assert candidate('pythonz.') == True\n  File \"/tmp/tmp4al6p68r.py\", line 5, in text_match_wordz\n    return re.search(r\"\\w*z\\w*\", text) is not None\nNameError: name 're' is not defined\n",
      "exit_code": 1,
      "status": "Exception"
    },
    {
      "program": "def text_match_wordz(text: str) -> bool:\n    \"\"\"\n\tWrite a function that matches a word containing 'z'.\n\t\"\"\"\n    return re.search(r\"\\bz\\w+\", text)\n\n\ndef check(candidate):\n    assert candidate('pythonz.') == True\n    assert candidate('xyz.') == True\n    assert candidate('  lang  .') == False\n\ndef test_check():\n    check(text_match_wordz)\n\ntest_check()\n",
      "timestamp": 1665510608,
      "stdout": "",
      "stderr": "Traceback (most recent call last):\n  File \"/tmp/tmpssl4jdvy.py\", line 16, in <module>\n    test_check()\n  File \"/tmp/tmpssl4jdvy.py\", line 14, in test_check\n    check(text_match_wordz)\n  File \"/tmp/tmpssl4jdvy.py\", line 9, in check\n    assert candidate('pythonz.') == True\n  File \"/tmp/tmpssl4jdvy.py\", line 5, in text_match_wordz\n    return re.search(r\"\\bz\\w+\", text)\nNameError: name 're' is not defined\n",
      "exit_code": 1,
      "status": "Exception"
    },
    {
      "program": "def text_match_wordz(text: str) -> bool:\n    \"\"\"\n\tWrite a function that matches a word containing 'z'.\n\t\"\"\"\n    return re.search(r\"\\w*z\\w*\", text)\n\n\ndef check(candidate):\n    assert candidate('pythonz.') == True\n    assert candidate('xyz.') == True\n    assert candidate('  lang  .') == False\n\ndef test_check():\n    check(text_match_wordz)\n\ntest_check()\n",
      "timestamp": 1665510608,
      "stdout": "",
      "stderr": "Traceback (most recent call last):\n  File \"/tmp/tmp3oxvgh3d.py\", line 16, in <module>\n    test_check()\n  File \"/tmp/tmp3oxvgh3d.py\", line 14, in test_check\n    check(text_match_wordz)\n  File \"/tmp/tmp3oxvgh3d.py\", line 9, in check\n    assert candidate('pythonz.') == True\n  File \"/tmp/tmp3oxvgh3d.py\", line 5, in text_match_wordz\n    return re.search(r\"\\w*z\\w*\", text)\nNameError: name 're' is not defined\n",
      "exit_code": 1,
      "status": "Exception"
    },
    {
      "program": "def text_match_wordz(text: str) -> bool:\n    \"\"\"\n\tWrite a function that matches a word containing 'z'.\n\t\"\"\"\n    return re.search(r\"\\w*z\\w*\", text) is not None\n\n\ndef check(candidate):\n    assert candidate('pythonz.') == True\n    assert candidate('xyz.') == True\n    assert candidate('  lang  .') == False\n\ndef test_check():\n    check(text_match_wordz)\n\ntest_check()\n",
      "timestamp": 1665510608,
      "stdout": "",
      "stderr": "Traceback (most recent call last):\n  File \"/tmp/tmp4al6p68r.py\", line 16, in <module>\n    test_check()\n  File \"/tmp/tmp4al6p68r.py\", line 14, in test_check\n    check(text_match_wordz)\n  File \"/tmp/tmp4al6p68r.py\", line 9, in check\n    assert candidate('pythonz.') == True\n  File \"/tmp/tmp4al6p68r.py\", line 5, in text_match_wordz\n    return re.search(r\"\\w*z\\w*\", text) is not None\nNameError: name 're' is not defined\n",
      "exit_code": 1,
      "status": "Exception"
    },
    {
      "program": "def text_match_wordz(text: str) -> bool:\n    \"\"\"\n\tWrite a function that matches a word containing 'z'.\n\t\"\"\"\n    return re.search(r\"\\w*z\\w*\", text) is not None\n\n\ndef check(candidate):\n    assert candidate('pythonz.') == True\n    assert candidate('xyz.') == True\n    assert candidate('  lang  .') == False\n\ndef test_check():\n    check(text_match_wordz)\n\ntest_check()\n",
      "timestamp": 1665510608,
      "stdout": "",
      "stderr": "Traceback (most recent call last):\n  File \"/tmp/tmp4al6p68r.py\", line 16, in <module>\n    test_check()\n  File \"/tmp/tmp4al6p68r.py\", line 14, in test_check\n    check(text_match_wordz)\n  File \"/tmp/tmp4al6p68r.py\", line 9, in check\n    assert candidate('pythonz.') == True\n  File \"/tmp/tmp4al6p68r.py\", line 5, in text_match_wordz\n    return re.search(r\"\\w*z\\w*\", text) is not None\nNameError: name 're' is not defined\n",
      "exit_code": 1,
      "status": "Exception"
    },
    {
      "program": "def text_match_wordz(text: str) -> bool:\n    \"\"\"\n\tWrite a function that matches a word containing 'z'.\n\t\"\"\"\n    return re.search(r\"\\w*z\\w*\", text) is not None\n\n\ndef check(candidate):\n    assert candidate('pythonz.') == True\n    assert candidate('xyz.') == True\n    assert candidate('  lang  .') == False\n\ndef test_check():\n    check(text_match_wordz)\n\ntest_check()\n",
      "timestamp": 1665510608,
      "stdout": "",
      "stderr": "Traceback (most recent call last):\n  File \"/tmp/tmp4al6p68r.py\", line 16, in <module>\n    test_check()\n  File \"/tmp/tmp4al6p68r.py\", line 14, in test_check\n    check(text_match_wordz)\n  File \"/tmp/tmp4al6p68r.py\", line 9, in check\n    assert candidate('pythonz.') == True\n  File \"/tmp/tmp4al6p68r.py\", line 5, in text_match_wordz\n    return re.search(r\"\\w*z\\w*\", text) is not None\nNameError: name 're' is not defined\n",
      "exit_code": 1,
      "status": "Exception"
    },
    {
      "program": "def text_match_wordz(text: str) -> bool:\n    \"\"\"\n\tWrite a function that matches a word containing 'z'.\n\t\"\"\"\n    return re.search(r\"\\w*z\\w*\", text) is not None\n\n\ndef check(candidate):\n    assert candidate('pythonz.') == True\n    assert candidate('xyz.') == True\n    assert candidate('  lang  .') == False\n\ndef test_check():\n    check(text_match_wordz)\n\ntest_check()\n",
      "timestamp": 1665510608,
      "stdout": "",
      "stderr": "Traceback (most recent call last):\n  File \"/tmp/tmp4al6p68r.py\", line 16, in <module>\n    test_check()\n  File \"/tmp/tmp4al6p68r.py\", line 14, in test_check\n    check(text_match_wordz)\n  File \"/tmp/tmp4al6p68r.py\", line 9, in check\n    assert candidate('pythonz.') == True\n  File \"/tmp/tmp4al6p68r.py\", line 5, in text_match_wordz\n    return re.search(r\"\\w*z\\w*\", text) is not None\nNameError: name 're' is not defined\n",
      "exit_code": 1,
      "status": "Exception"
    },
    {
      "program": "def text_match_wordz(text: str) -> bool:\n    \"\"\"\n\tWrite a function that matches a word containing 'z'.\n\t\"\"\"\n    return re.search(r\"\\w*z\\w*\", text)\n\n\ndef check(candidate):\n    assert candidate('pythonz.') == True\n    assert candidate('xyz.') == True\n    assert candidate('  lang  .') == False\n\ndef test_check():\n    check(text_match_wordz)\n\ntest_check()\n",
      "timestamp": 1665510608,
      "stdout": "",
      "stderr": "Traceback (most recent call last):\n  File \"/tmp/tmp3oxvgh3d.py\", line 16, in <module>\n    test_check()\n  File \"/tmp/tmp3oxvgh3d.py\", line 14, in test_check\n    check(text_match_wordz)\n  File \"/tmp/tmp3oxvgh3d.py\", line 9, in check\n    assert candidate('pythonz.') == True\n  File \"/tmp/tmp3oxvgh3d.py\", line 5, in text_match_wordz\n    return re.search(r\"\\w*z\\w*\", text)\nNameError: name 're' is not defined\n",
      "exit_code": 1,
      "status": "Exception"
    },
    {
      "program": "def text_match_wordz(text: str) -> bool:\n    \"\"\"\n\tWrite a function that matches a word containing 'z'.\n\t\"\"\"\n    return re.search(r\"\\w*z\\w*\", text)\n\n\ndef check(candidate):\n    assert candidate('pythonz.') == True\n    assert candidate('xyz.') == True\n    assert candidate('  lang  .') == False\n\ndef test_check():\n    check(text_match_wordz)\n\ntest_check()\n",
      "timestamp": 1665510608,
      "stdout": "",
      "stderr": "Traceback (most recent call last):\n  File \"/tmp/tmp3oxvgh3d.py\", line 16, in <module>\n    test_check()\n  File \"/tmp/tmp3oxvgh3d.py\", line 14, in test_check\n    check(text_match_wordz)\n  File \"/tmp/tmp3oxvgh3d.py\", line 9, in check\n    assert candidate('pythonz.') == True\n  File \"/tmp/tmp3oxvgh3d.py\", line 5, in text_match_wordz\n    return re.search(r\"\\w*z\\w*\", text)\nNameError: name 're' is not defined\n",
      "exit_code": 1,
      "status": "Exception"
    },
    {
      "program": "def text_match_wordz(text: str) -> bool:\n    \"\"\"\n\tWrite a function that matches a word containing 'z'.\n\t\"\"\"\n    return re.search(r\"\\w*z\\w*\", text) is not None\n\n\ndef check(candidate):\n    assert candidate('pythonz.') == True\n    assert candidate('xyz.') == True\n    assert candidate('  lang  .') == False\n\ndef test_check():\n    check(text_match_wordz)\n\ntest_check()\n",
      "timestamp": 1665510608,
      "stdout": "",
      "stderr": "Traceback (most recent call last):\n  File \"/tmp/tmp4al6p68r.py\", line 16, in <module>\n    test_check()\n  File \"/tmp/tmp4al6p68r.py\", line 14, in test_check\n    check(text_match_wordz)\n  File \"/tmp/tmp4al6p68r.py\", line 9, in check\n    assert candidate('pythonz.') == True\n  File \"/tmp/tmp4al6p68r.py\", line 5, in text_match_wordz\n    return re.search(r\"\\w*z\\w*\", text) is not None\nNameError: name 're' is not defined\n",
      "exit_code": 1,
      "status": "Exception"
    },
    {
      "program": "def text_match_wordz(text: str) -> bool:\n    \"\"\"\n\tWrite a function that matches a word containing 'z'.\n\t\"\"\"\n    return bool(re.search(r\"\\b[z]\\w*\\b\", text))\n\n\ndef check(candidate):\n    assert candidate('pythonz.') == True\n    assert candidate('xyz.') == True\n    assert candidate('  lang  .') == False\n\ndef test_check():\n    check(text_match_wordz)\n\ntest_check()\n",
      "timestamp": 1666123475,
      "stdout": "",
      "stderr": "Traceback (most recent call last):\n  File \"/tmp/tmpsjs23a2u.py\", line 16, in <module>\n    test_check()\n  File \"/tmp/tmpsjs23a2u.py\", line 14, in test_check\n    check(text_match_wordz)\n  File \"/tmp/tmpsjs23a2u.py\", line 9, in check\n    assert candidate('pythonz.') == True\n  File \"/tmp/tmpsjs23a2u.py\", line 5, in text_match_wordz\n    return bool(re.search(r\"\\b[z]\\w*\\b\", text))\nNameError: name 're' is not defined\n",
      "exit_code": 1,
      "status": "Exception"
    },
    {
      "program": "def text_match_wordz(text: str) -> bool:\n    \"\"\"\n\tWrite a function that matches a word containing 'z'.\n\t\"\"\"\n    return re.search(r\"\\w*z\\w*\", text) is not None\n\n\ndef check(candidate):\n    assert candidate('pythonz.') == True\n    assert candidate('xyz.') == True\n    assert candidate('  lang  .') == False\n\ndef test_check():\n    check(text_match_wordz)\n\ntest_check()\n",
      "timestamp": 1665510608,
      "stdout": "",
      "stderr": "Traceback (most recent call last):\n  File \"/tmp/tmp4al6p68r.py\", line 16, in <module>\n    test_check()\n  File \"/tmp/tmp4al6p68r.py\", line 14, in test_check\n    check(text_match_wordz)\n  File \"/tmp/tmp4al6p68r.py\", line 9, in check\n    assert candidate('pythonz.') == True\n  File \"/tmp/tmp4al6p68r.py\", line 5, in text_match_wordz\n    return re.search(r\"\\w*z\\w*\", text) is not None\nNameError: name 're' is not defined\n",
      "exit_code": 1,
      "status": "Exception"
    },
    {
      "program": "def text_match_wordz(text: str) -> bool:\n    \"\"\"\n\tWrite a function that matches a word containing 'z'.\n\t\"\"\"\n    return re.search(r\"\\w*z\\w*\", text) is not None\n\n\ndef check(candidate):\n    assert candidate('pythonz.') == True\n    assert candidate('xyz.') == True\n    assert candidate('  lang  .') == False\n\ndef test_check():\n    check(text_match_wordz)\n\ntest_check()\n",
      "timestamp": 1665510608,
      "stdout": "",
      "stderr": "Traceback (most recent call last):\n  File \"/tmp/tmp4al6p68r.py\", line 16, in <module>\n    test_check()\n  File \"/tmp/tmp4al6p68r.py\", line 14, in test_check\n    check(text_match_wordz)\n  File \"/tmp/tmp4al6p68r.py\", line 9, in check\n    assert candidate('pythonz.') == True\n  File \"/tmp/tmp4al6p68r.py\", line 5, in text_match_wordz\n    return re.search(r\"\\w*z\\w*\", text) is not None\nNameError: name 're' is not defined\n",
      "exit_code": 1,
      "status": "Exception"
    },
    {
      "program": "def text_match_wordz(text: str) -> bool:\n    \"\"\"\n\tWrite a function that matches a word containing 'z'.\n\t\"\"\"\n    return re.search(r\"\\b[zZ]\\w+\", text)\n\n\ndef check(candidate):\n    assert candidate('pythonz.') == True\n    assert candidate('xyz.') == True\n    assert candidate('  lang  .') == False\n\ndef test_check():\n    check(text_match_wordz)\n\ntest_check()\n",
      "timestamp": 1666123475,
      "stdout": "",
      "stderr": "Traceback (most recent call last):\n  File \"/tmp/tmp5_uxflm0.py\", line 16, in <module>\n    test_check()\n  File \"/tmp/tmp5_uxflm0.py\", line 14, in test_check\n    check(text_match_wordz)\n  File \"/tmp/tmp5_uxflm0.py\", line 9, in check\n    assert candidate('pythonz.') == True\n  File \"/tmp/tmp5_uxflm0.py\", line 5, in text_match_wordz\n    return re.search(r\"\\b[zZ]\\w+\", text)\nNameError: name 're' is not defined\n",
      "exit_code": 1,
      "status": "Exception"
    },
    {
      "program": "def text_match_wordz(text: str) -> bool:\n    \"\"\"\n\tWrite a function that matches a word containing 'z'.\n\t\"\"\"\n    return re.search(r\"\\w*z\\w*\", text)\n\n\ndef check(candidate):\n    assert candidate('pythonz.') == True\n    assert candidate('xyz.') == True\n    assert candidate('  lang  .') == False\n\ndef test_check():\n    check(text_match_wordz)\n\ntest_check()\n",
      "timestamp": 1665510608,
      "stdout": "",
      "stderr": "Traceback (most recent call last):\n  File \"/tmp/tmp3oxvgh3d.py\", line 16, in <module>\n    test_check()\n  File \"/tmp/tmp3oxvgh3d.py\", line 14, in test_check\n    check(text_match_wordz)\n  File \"/tmp/tmp3oxvgh3d.py\", line 9, in check\n    assert candidate('pythonz.') == True\n  File \"/tmp/tmp3oxvgh3d.py\", line 5, in text_match_wordz\n    return re.search(r\"\\w*z\\w*\", text)\nNameError: name 're' is not defined\n",
      "exit_code": 1,
      "status": "Exception"
    },
    {
      "program": "def text_match_wordz(text: str) -> bool:\n    \"\"\"\n\tWrite a function that matches a word containing 'z'.\n\t\"\"\"\n    return re.search(r\"\\bz\\w+\\b\", text)\n\n\ndef check(candidate):\n    assert candidate('pythonz.') == True\n    assert candidate('xyz.') == True\n    assert candidate('  lang  .') == False\n\ndef test_check():\n    check(text_match_wordz)\n\ntest_check()\n",
      "timestamp": 1665510608,
      "stdout": "",
      "stderr": "Traceback (most recent call last):\n  File \"/tmp/tmptvjoemfv.py\", line 16, in <module>\n    test_check()\n  File \"/tmp/tmptvjoemfv.py\", line 14, in test_check\n    check(text_match_wordz)\n  File \"/tmp/tmptvjoemfv.py\", line 9, in check\n    assert candidate('pythonz.') == True\n  File \"/tmp/tmptvjoemfv.py\", line 5, in text_match_wordz\n    return re.search(r\"\\bz\\w+\\b\", text)\nNameError: name 're' is not defined\n",
      "exit_code": 1,
      "status": "Exception"
    },
    {
      "program": "def text_match_wordz(text: str) -> bool:\n    \"\"\"\n\tWrite a function that matches a word containing 'z'.\n\t\"\"\"\n    return re.search(r\"\\bz\\w+\", text) is not None\n\n\ndef check(candidate):\n    assert candidate('pythonz.') == True\n    assert candidate('xyz.') == True\n    assert candidate('  lang  .') == False\n\ndef test_check():\n    check(text_match_wordz)\n\ntest_check()\n",
      "timestamp": 1665510608,
      "stdout": "",
      "stderr": "Traceback (most recent call last):\n  File \"/tmp/tmpmmmwbpbb.py\", line 16, in <module>\n    test_check()\n  File \"/tmp/tmpmmmwbpbb.py\", line 14, in test_check\n    check(text_match_wordz)\n  File \"/tmp/tmpmmmwbpbb.py\", line 9, in check\n    assert candidate('pythonz.') == True\n  File \"/tmp/tmpmmmwbpbb.py\", line 5, in text_match_wordz\n    return re.search(r\"\\bz\\w+\", text) is not None\nNameError: name 're' is not defined\n",
      "exit_code": 1,
      "status": "Exception"
    },
    {
      "program": "def text_match_wordz(text: str) -> bool:\n    \"\"\"\n\tWrite a function that matches a word containing 'z'.\n\t\"\"\"\n    return re.search(r\"\\w*z\\w*\", text) is not None\n\n\ndef check(candidate):\n    assert candidate('pythonz.') == True\n    assert candidate('xyz.') == True\n    assert candidate('  lang  .') == False\n\ndef test_check():\n    check(text_match_wordz)\n\ntest_check()\n",
      "timestamp": 1665510608,
      "stdout": "",
      "stderr": "Traceback (most recent call last):\n  File \"/tmp/tmp4al6p68r.py\", line 16, in <module>\n    test_check()\n  File \"/tmp/tmp4al6p68r.py\", line 14, in test_check\n    check(text_match_wordz)\n  File \"/tmp/tmp4al6p68r.py\", line 9, in check\n    assert candidate('pythonz.') == True\n  File \"/tmp/tmp4al6p68r.py\", line 5, in text_match_wordz\n    return re.search(r\"\\w*z\\w*\", text) is not None\nNameError: name 're' is not defined\n",
      "exit_code": 1,
      "status": "Exception"
    },
    {
      "program": "def text_match_wordz(text: str) -> bool:\n    \"\"\"\n\tWrite a function that matches a word containing 'z'.\n\t\"\"\"\n    return re.search(r\"\\w*z\\w*\", text) is not None\n\n\ndef check(candidate):\n    assert candidate('pythonz.') == True\n    assert candidate('xyz.') == True\n    assert candidate('  lang  .') == False\n\ndef test_check():\n    check(text_match_wordz)\n\ntest_check()\n",
      "timestamp": 1665510608,
      "stdout": "",
      "stderr": "Traceback (most recent call last):\n  File \"/tmp/tmp4al6p68r.py\", line 16, in <module>\n    test_check()\n  File \"/tmp/tmp4al6p68r.py\", line 14, in test_check\n    check(text_match_wordz)\n  File \"/tmp/tmp4al6p68r.py\", line 9, in check\n    assert candidate('pythonz.') == True\n  File \"/tmp/tmp4al6p68r.py\", line 5, in text_match_wordz\n    return re.search(r\"\\w*z\\w*\", text) is not None\nNameError: name 're' is not defined\n",
      "exit_code": 1,
      "status": "Exception"
    },
    {
      "program": "def text_match_wordz(text: str) -> bool:\n    \"\"\"\n\tWrite a function that matches a word containing 'z'.\n\t\"\"\"\n    return re.search(r\"\\w*z\\w*\", text) is not None\n\n\ndef check(candidate):\n    assert candidate('pythonz.') == True\n    assert candidate('xyz.') == True\n    assert candidate('  lang  .') == False\n\ndef test_check():\n    check(text_match_wordz)\n\ntest_check()\n",
      "timestamp": 1665510608,
      "stdout": "",
      "stderr": "Traceback (most recent call last):\n  File \"/tmp/tmp4al6p68r.py\", line 16, in <module>\n    test_check()\n  File \"/tmp/tmp4al6p68r.py\", line 14, in test_check\n    check(text_match_wordz)\n  File \"/tmp/tmp4al6p68r.py\", line 9, in check\n    assert candidate('pythonz.') == True\n  File \"/tmp/tmp4al6p68r.py\", line 5, in text_match_wordz\n    return re.search(r\"\\w*z\\w*\", text) is not None\nNameError: name 're' is not defined\n",
      "exit_code": 1,
      "status": "Exception"
    },
    {
      "program": "def text_match_wordz(text: str) -> bool:\n    \"\"\"\n\tWrite a function that matches a word containing 'z'.\n\t\"\"\"\n    return re.search(r\"\\w*z\\w*\", text)\n\n\ndef check(candidate):\n    assert candidate('pythonz.') == True\n    assert candidate('xyz.') == True\n    assert candidate('  lang  .') == False\n\ndef test_check():\n    check(text_match_wordz)\n\ntest_check()\n",
      "timestamp": 1665510608,
      "stdout": "",
      "stderr": "Traceback (most recent call last):\n  File \"/tmp/tmp3oxvgh3d.py\", line 16, in <module>\n    test_check()\n  File \"/tmp/tmp3oxvgh3d.py\", line 14, in test_check\n    check(text_match_wordz)\n  File \"/tmp/tmp3oxvgh3d.py\", line 9, in check\n    assert candidate('pythonz.') == True\n  File \"/tmp/tmp3oxvgh3d.py\", line 5, in text_match_wordz\n    return re.search(r\"\\w*z\\w*\", text)\nNameError: name 're' is not defined\n",
      "exit_code": 1,
      "status": "Exception"
    },
    {
      "program": "def text_match_wordz(text: str) -> bool:\n    \"\"\"\n\tWrite a function that matches a word containing 'z'.\n\t\"\"\"\n    return re.search(r\"\\w*z\\w*\", text)\n\n\ndef check(candidate):\n    assert candidate('pythonz.') == True\n    assert candidate('xyz.') == True\n    assert candidate('  lang  .') == False\n\ndef test_check():\n    check(text_match_wordz)\n\ntest_check()\n",
      "timestamp": 1665510608,
      "stdout": "",
      "stderr": "Traceback (most recent call last):\n  File \"/tmp/tmp3oxvgh3d.py\", line 16, in <module>\n    test_check()\n  File \"/tmp/tmp3oxvgh3d.py\", line 14, in test_check\n    check(text_match_wordz)\n  File \"/tmp/tmp3oxvgh3d.py\", line 9, in check\n    assert candidate('pythonz.') == True\n  File \"/tmp/tmp3oxvgh3d.py\", line 5, in text_match_wordz\n    return re.search(r\"\\w*z\\w*\", text)\nNameError: name 're' is not defined\n",
      "exit_code": 1,
      "status": "Exception"
    },
    {
      "program": "def text_match_wordz(text: str) -> bool:\n    \"\"\"\n\tWrite a function that matches a word containing 'z'.\n\t\"\"\"\n    return re.search(r\"\\w*z\\w*\", text) is not None\n\n\ndef check(candidate):\n    assert candidate('pythonz.') == True\n    assert candidate('xyz.') == True\n    assert candidate('  lang  .') == False\n\ndef test_check():\n    check(text_match_wordz)\n\ntest_check()\n",
      "timestamp": 1665510608,
      "stdout": "",
      "stderr": "Traceback (most recent call last):\n  File \"/tmp/tmp4al6p68r.py\", line 16, in <module>\n    test_check()\n  File \"/tmp/tmp4al6p68r.py\", line 14, in test_check\n    check(text_match_wordz)\n  File \"/tmp/tmp4al6p68r.py\", line 9, in check\n    assert candidate('pythonz.') == True\n  File \"/tmp/tmp4al6p68r.py\", line 5, in text_match_wordz\n    return re.search(r\"\\w*z\\w*\", text) is not None\nNameError: name 're' is not defined\n",
      "exit_code": 1,
      "status": "Exception"
    },
    {
      "program": "def text_match_wordz(text: str) -> bool:\n    \"\"\"\n\tWrite a function that matches a word containing 'z'.\n\t\"\"\"\n    return re.search(r\"\\bz\\w+\\b\", text) is not None\n\n\ndef check(candidate):\n    assert candidate('pythonz.') == True\n    assert candidate('xyz.') == True\n    assert candidate('  lang  .') == False\n\ndef test_check():\n    check(text_match_wordz)\n\ntest_check()\n",
      "timestamp": 1665510608,
      "stdout": "",
      "stderr": "Traceback (most recent call last):\n  File \"/tmp/tmpb64jy0lt.py\", line 16, in <module>\n    test_check()\n  File \"/tmp/tmpb64jy0lt.py\", line 14, in test_check\n    check(text_match_wordz)\n  File \"/tmp/tmpb64jy0lt.py\", line 9, in check\n    assert candidate('pythonz.') == True\n  File \"/tmp/tmpb64jy0lt.py\", line 5, in text_match_wordz\n    return re.search(r\"\\bz\\w+\\b\", text) is not None\nNameError: name 're' is not defined\n",
      "exit_code": 1,
      "status": "Exception"
    },
    {
      "program": "def text_match_wordz(text: str) -> bool:\n    \"\"\"\n\tWrite a function that matches a word containing 'z'.\n\t\"\"\"\n    return re.search(r\"\\w*z\\w*\", text) is not None\n\n\ndef check(candidate):\n    assert candidate('pythonz.') == True\n    assert candidate('xyz.') == True\n    assert candidate('  lang  .') == False\n\ndef test_check():\n    check(text_match_wordz)\n\ntest_check()\n",
      "timestamp": 1665510608,
      "stdout": "",
      "stderr": "Traceback (most recent call last):\n  File \"/tmp/tmp4al6p68r.py\", line 16, in <module>\n    test_check()\n  File \"/tmp/tmp4al6p68r.py\", line 14, in test_check\n    check(text_match_wordz)\n  File \"/tmp/tmp4al6p68r.py\", line 9, in check\n    assert candidate('pythonz.') == True\n  File \"/tmp/tmp4al6p68r.py\", line 5, in text_match_wordz\n    return re.search(r\"\\w*z\\w*\", text) is not None\nNameError: name 're' is not defined\n",
      "exit_code": 1,
      "status": "Exception"
    },
    {
      "program": "def text_match_wordz(text: str) -> bool:\n    \"\"\"\n\tWrite a function that matches a word containing 'z'.\n\t\"\"\"\n    return re.search(r\"\\w*z\\w*\", text) is not None\n\n\ndef check(candidate):\n    assert candidate('pythonz.') == True\n    assert candidate('xyz.') == True\n    assert candidate('  lang  .') == False\n\ndef test_check():\n    check(text_match_wordz)\n\ntest_check()\n",
      "timestamp": 1665510608,
      "stdout": "",
      "stderr": "Traceback (most recent call last):\n  File \"/tmp/tmp4al6p68r.py\", line 16, in <module>\n    test_check()\n  File \"/tmp/tmp4al6p68r.py\", line 14, in test_check\n    check(text_match_wordz)\n  File \"/tmp/tmp4al6p68r.py\", line 9, in check\n    assert candidate('pythonz.') == True\n  File \"/tmp/tmp4al6p68r.py\", line 5, in text_match_wordz\n    return re.search(r\"\\w*z\\w*\", text) is not None\nNameError: name 're' is not defined\n",
      "exit_code": 1,
      "status": "Exception"
    },
    {
      "program": "def text_match_wordz(text: str) -> bool:\n    \"\"\"\n\tWrite a function that matches a word containing 'z'.\n\t\"\"\"\n    return re.search(r\"\\bz\\w*\\b\", text) is not None\n\n\ndef check(candidate):\n    assert candidate('pythonz.') == True\n    assert candidate('xyz.') == True\n    assert candidate('  lang  .') == False\n\ndef test_check():\n    check(text_match_wordz)\n\ntest_check()\n",
      "timestamp": 1665510608,
      "stdout": "",
      "stderr": "Traceback (most recent call last):\n  File \"/tmp/tmpyxqkn1u9.py\", line 16, in <module>\n    test_check()\n  File \"/tmp/tmpyxqkn1u9.py\", line 14, in test_check\n    check(text_match_wordz)\n  File \"/tmp/tmpyxqkn1u9.py\", line 9, in check\n    assert candidate('pythonz.') == True\n  File \"/tmp/tmpyxqkn1u9.py\", line 5, in text_match_wordz\n    return re.search(r\"\\bz\\w*\\b\", text) is not None\nNameError: name 're' is not defined\n",
      "exit_code": 1,
      "status": "Exception"
    },
    {
      "program": "def text_match_wordz(text: str) -> bool:\n    \"\"\"\n\tWrite a function that matches a word containing 'z'.\n\t\"\"\"\n    return re.search(r\"\\w*z\\w*\", text)\n\n\ndef check(candidate):\n    assert candidate('pythonz.') == True\n    assert candidate('xyz.') == True\n    assert candidate('  lang  .') == False\n\ndef test_check():\n    check(text_match_wordz)\n\ntest_check()\n",
      "timestamp": 1665510608,
      "stdout": "",
      "stderr": "Traceback (most recent call last):\n  File \"/tmp/tmp3oxvgh3d.py\", line 16, in <module>\n    test_check()\n  File \"/tmp/tmp3oxvgh3d.py\", line 14, in test_check\n    check(text_match_wordz)\n  File \"/tmp/tmp3oxvgh3d.py\", line 9, in check\n    assert candidate('pythonz.') == True\n  File \"/tmp/tmp3oxvgh3d.py\", line 5, in text_match_wordz\n    return re.search(r\"\\w*z\\w*\", text)\nNameError: name 're' is not defined\n",
      "exit_code": 1,
      "status": "Exception"
    },
    {
      "program": "def text_match_wordz(text: str) -> bool:\n    \"\"\"\n\tWrite a function that matches a word containing 'z'.\n\t\"\"\"\n    return re.search(r\"\\bz\\w+\\b\", text) is not None\n\n\ndef check(candidate):\n    assert candidate('pythonz.') == True\n    assert candidate('xyz.') == True\n    assert candidate('  lang  .') == False\n\ndef test_check():\n    check(text_match_wordz)\n\ntest_check()\n",
      "timestamp": 1665510608,
      "stdout": "",
      "stderr": "Traceback (most recent call last):\n  File \"/tmp/tmpb64jy0lt.py\", line 16, in <module>\n    test_check()\n  File \"/tmp/tmpb64jy0lt.py\", line 14, in test_check\n    check(text_match_wordz)\n  File \"/tmp/tmpb64jy0lt.py\", line 9, in check\n    assert candidate('pythonz.') == True\n  File \"/tmp/tmpb64jy0lt.py\", line 5, in text_match_wordz\n    return re.search(r\"\\bz\\w+\\b\", text) is not None\nNameError: name 're' is not defined\n",
      "exit_code": 1,
      "status": "Exception"
    },
    {
      "program": "def text_match_wordz(text: str) -> bool:\n    \"\"\"\n\tWrite a function that matches a word containing 'z'.\n\t\"\"\"\n    return re.search(r\"\\bz\\w+\\b\", text) is not None\n\n\ndef check(candidate):\n    assert candidate('pythonz.') == True\n    assert candidate('xyz.') == True\n    assert candidate('  lang  .') == False\n\ndef test_check():\n    check(text_match_wordz)\n\ntest_check()\n",
      "timestamp": 1665510608,
      "stdout": "",
      "stderr": "Traceback (most recent call last):\n  File \"/tmp/tmpb64jy0lt.py\", line 16, in <module>\n    test_check()\n  File \"/tmp/tmpb64jy0lt.py\", line 14, in test_check\n    check(text_match_wordz)\n  File \"/tmp/tmpb64jy0lt.py\", line 9, in check\n    assert candidate('pythonz.') == True\n  File \"/tmp/tmpb64jy0lt.py\", line 5, in text_match_wordz\n    return re.search(r\"\\bz\\w+\\b\", text) is not None\nNameError: name 're' is not defined\n",
      "exit_code": 1,
      "status": "Exception"
    },
    {
      "program": "def text_match_wordz(text: str) -> bool:\n    \"\"\"\n\tWrite a function that matches a word containing 'z'.\n\t\"\"\"\n    return re.search(r\"\\w*z\\w*\", text) is not None\n\n\ndef check(candidate):\n    assert candidate('pythonz.') == True\n    assert candidate('xyz.') == True\n    assert candidate('  lang  .') == False\n\ndef test_check():\n    check(text_match_wordz)\n\ntest_check()\n",
      "timestamp": 1665510608,
      "stdout": "",
      "stderr": "Traceback (most recent call last):\n  File \"/tmp/tmp4al6p68r.py\", line 16, in <module>\n    test_check()\n  File \"/tmp/tmp4al6p68r.py\", line 14, in test_check\n    check(text_match_wordz)\n  File \"/tmp/tmp4al6p68r.py\", line 9, in check\n    assert candidate('pythonz.') == True\n  File \"/tmp/tmp4al6p68r.py\", line 5, in text_match_wordz\n    return re.search(r\"\\w*z\\w*\", text) is not None\nNameError: name 're' is not defined\n",
      "exit_code": 1,
      "status": "Exception"
    },
    {
      "program": "def text_match_wordz(text: str) -> bool:\n    \"\"\"\n\tWrite a function that matches a word containing 'z'.\n\t\"\"\"\n    return re.search(r\"\\w*z\\w*\", text) is not None\n\n\ndef check(candidate):\n    assert candidate('pythonz.') == True\n    assert candidate('xyz.') == True\n    assert candidate('  lang  .') == False\n\ndef test_check():\n    check(text_match_wordz)\n\ntest_check()\n",
      "timestamp": 1665510608,
      "stdout": "",
      "stderr": "Traceback (most recent call last):\n  File \"/tmp/tmp4al6p68r.py\", line 16, in <module>\n    test_check()\n  File \"/tmp/tmp4al6p68r.py\", line 14, in test_check\n    check(text_match_wordz)\n  File \"/tmp/tmp4al6p68r.py\", line 9, in check\n    assert candidate('pythonz.') == True\n  File \"/tmp/tmp4al6p68r.py\", line 5, in text_match_wordz\n    return re.search(r\"\\w*z\\w*\", text) is not None\nNameError: name 're' is not defined\n",
      "exit_code": 1,
      "status": "Exception"
    },
    {
      "program": "def text_match_wordz(text: str) -> bool:\n    \"\"\"\n\tWrite a function that matches a word containing 'z'.\n\t\"\"\"\n    return re.search(r\"\\w*z\\w*\", text) is not None\n\n\ndef check(candidate):\n    assert candidate('pythonz.') == True\n    assert candidate('xyz.') == True\n    assert candidate('  lang  .') == False\n\ndef test_check():\n    check(text_match_wordz)\n\ntest_check()\n",
      "timestamp": 1665510608,
      "stdout": "",
      "stderr": "Traceback (most recent call last):\n  File \"/tmp/tmp4al6p68r.py\", line 16, in <module>\n    test_check()\n  File \"/tmp/tmp4al6p68r.py\", line 14, in test_check\n    check(text_match_wordz)\n  File \"/tmp/tmp4al6p68r.py\", line 9, in check\n    assert candidate('pythonz.') == True\n  File \"/tmp/tmp4al6p68r.py\", line 5, in text_match_wordz\n    return re.search(r\"\\w*z\\w*\", text) is not None\nNameError: name 're' is not defined\n",
      "exit_code": 1,
      "status": "Exception"
    },
    {
      "program": "def text_match_wordz(text: str) -> bool:\n    \"\"\"\n\tWrite a function that matches a word containing 'z'.\n\t\"\"\"\n    return re.search(r\"\\w*z\\w*\", text) is not None\n\n\ndef check(candidate):\n    assert candidate('pythonz.') == True\n    assert candidate('xyz.') == True\n    assert candidate('  lang  .') == False\n\ndef test_check():\n    check(text_match_wordz)\n\ntest_check()\n",
      "timestamp": 1665510608,
      "stdout": "",
      "stderr": "Traceback (most recent call last):\n  File \"/tmp/tmp4al6p68r.py\", line 16, in <module>\n    test_check()\n  File \"/tmp/tmp4al6p68r.py\", line 14, in test_check\n    check(text_match_wordz)\n  File \"/tmp/tmp4al6p68r.py\", line 9, in check\n    assert candidate('pythonz.') == True\n  File \"/tmp/tmp4al6p68r.py\", line 5, in text_match_wordz\n    return re.search(r\"\\w*z\\w*\", text) is not None\nNameError: name 're' is not defined\n",
      "exit_code": 1,
      "status": "Exception"
    },
    {
      "program": "def text_match_wordz(text: str) -> bool:\n    \"\"\"\n\tWrite a function that matches a word containing 'z'.\n\t\"\"\"\n    return re.search(r\"\\w*z\\w*\", text) is not None\n\n\ndef check(candidate):\n    assert candidate('pythonz.') == True\n    assert candidate('xyz.') == True\n    assert candidate('  lang  .') == False\n\ndef test_check():\n    check(text_match_wordz)\n\ntest_check()\n",
      "timestamp": 1665510608,
      "stdout": "",
      "stderr": "Traceback (most recent call last):\n  File \"/tmp/tmp4al6p68r.py\", line 16, in <module>\n    test_check()\n  File \"/tmp/tmp4al6p68r.py\", line 14, in test_check\n    check(text_match_wordz)\n  File \"/tmp/tmp4al6p68r.py\", line 9, in check\n    assert candidate('pythonz.') == True\n  File \"/tmp/tmp4al6p68r.py\", line 5, in text_match_wordz\n    return re.search(r\"\\w*z\\w*\", text) is not None\nNameError: name 're' is not defined\n",
      "exit_code": 1,
      "status": "Exception"
    },
    {
      "program": "def text_match_wordz(text: str) -> bool:\n    \"\"\"\n\tWrite a function that matches a word containing 'z'.\n\t\"\"\"\n    return re.search(r\"\\bz\\w+\\b\", text) is not None\n\n\ndef check(candidate):\n    assert candidate('pythonz.') == True\n    assert candidate('xyz.') == True\n    assert candidate('  lang  .') == False\n\ndef test_check():\n    check(text_match_wordz)\n\ntest_check()\n",
      "timestamp": 1665510608,
      "stdout": "",
      "stderr": "Traceback (most recent call last):\n  File \"/tmp/tmpb64jy0lt.py\", line 16, in <module>\n    test_check()\n  File \"/tmp/tmpb64jy0lt.py\", line 14, in test_check\n    check(text_match_wordz)\n  File \"/tmp/tmpb64jy0lt.py\", line 9, in check\n    assert candidate('pythonz.') == True\n  File \"/tmp/tmpb64jy0lt.py\", line 5, in text_match_wordz\n    return re.search(r\"\\bz\\w+\\b\", text) is not None\nNameError: name 're' is not defined\n",
      "exit_code": 1,
      "status": "Exception"
    },
    {
      "program": "def text_match_wordz(text: str) -> bool:\n    \"\"\"\n\tWrite a function that matches a word containing 'z'.\n\t\"\"\"\n    return re.search(r\"\\w*z\\w*\", text) is not None\n\n\ndef check(candidate):\n    assert candidate('pythonz.') == True\n    assert candidate('xyz.') == True\n    assert candidate('  lang  .') == False\n\ndef test_check():\n    check(text_match_wordz)\n\ntest_check()\n",
      "timestamp": 1665510608,
      "stdout": "",
      "stderr": "Traceback (most recent call last):\n  File \"/tmp/tmp4al6p68r.py\", line 16, in <module>\n    test_check()\n  File \"/tmp/tmp4al6p68r.py\", line 14, in test_check\n    check(text_match_wordz)\n  File \"/tmp/tmp4al6p68r.py\", line 9, in check\n    assert candidate('pythonz.') == True\n  File \"/tmp/tmp4al6p68r.py\", line 5, in text_match_wordz\n    return re.search(r\"\\w*z\\w*\", text) is not None\nNameError: name 're' is not defined\n",
      "exit_code": 1,
      "status": "Exception"
    },
    {
      "program": "def text_match_wordz(text: str) -> bool:\n    \"\"\"\n\tWrite a function that matches a word containing 'z'.\n\t\"\"\"\n    return re.search(r\"\\w*z\\w*\", text)\n\n\ndef check(candidate):\n    assert candidate('pythonz.') == True\n    assert candidate('xyz.') == True\n    assert candidate('  lang  .') == False\n\ndef test_check():\n    check(text_match_wordz)\n\ntest_check()\n",
      "timestamp": 1665510608,
      "stdout": "",
      "stderr": "Traceback (most recent call last):\n  File \"/tmp/tmp3oxvgh3d.py\", line 16, in <module>\n    test_check()\n  File \"/tmp/tmp3oxvgh3d.py\", line 14, in test_check\n    check(text_match_wordz)\n  File \"/tmp/tmp3oxvgh3d.py\", line 9, in check\n    assert candidate('pythonz.') == True\n  File \"/tmp/tmp3oxvgh3d.py\", line 5, in text_match_wordz\n    return re.search(r\"\\w*z\\w*\", text)\nNameError: name 're' is not defined\n",
      "exit_code": 1,
      "status": "Exception"
    },
    {
      "program": "def text_match_wordz(text: str) -> bool:\n    \"\"\"\n\tWrite a function that matches a word containing 'z'.\n\t\"\"\"\n    return re.search(r\"\\w*z\\w*\", text) is not None\n\n\ndef check(candidate):\n    assert candidate('pythonz.') == True\n    assert candidate('xyz.') == True\n    assert candidate('  lang  .') == False\n\ndef test_check():\n    check(text_match_wordz)\n\ntest_check()\n",
      "timestamp": 1665510608,
      "stdout": "",
      "stderr": "Traceback (most recent call last):\n  File \"/tmp/tmp4al6p68r.py\", line 16, in <module>\n    test_check()\n  File \"/tmp/tmp4al6p68r.py\", line 14, in test_check\n    check(text_match_wordz)\n  File \"/tmp/tmp4al6p68r.py\", line 9, in check\n    assert candidate('pythonz.') == True\n  File \"/tmp/tmp4al6p68r.py\", line 5, in text_match_wordz\n    return re.search(r\"\\w*z\\w*\", text) is not None\nNameError: name 're' is not defined\n",
      "exit_code": 1,
      "status": "Exception"
    },
    {
      "program": "def text_match_wordz(text: str) -> bool:\n    \"\"\"\n\tWrite a function that matches a word containing 'z'.\n\t\"\"\"\n    return bool(re.search(r\"\\b[zZ]+\\b\", text))\n\n\ndef check(candidate):\n    assert candidate('pythonz.') == True\n    assert candidate('xyz.') == True\n    assert candidate('  lang  .') == False\n\ndef test_check():\n    check(text_match_wordz)\n\ntest_check()\n",
      "timestamp": 1666123475,
      "stdout": "",
      "stderr": "Traceback (most recent call last):\n  File \"/tmp/tmp81r7pxox.py\", line 16, in <module>\n    test_check()\n  File \"/tmp/tmp81r7pxox.py\", line 14, in test_check\n    check(text_match_wordz)\n  File \"/tmp/tmp81r7pxox.py\", line 9, in check\n    assert candidate('pythonz.') == True\n  File \"/tmp/tmp81r7pxox.py\", line 5, in text_match_wordz\n    return bool(re.search(r\"\\b[zZ]+\\b\", text))\nNameError: name 're' is not defined\n",
      "exit_code": 1,
      "status": "Exception"
    },
    {
      "program": "def text_match_wordz(text: str) -> bool:\n    \"\"\"\n\tWrite a function that matches a word containing 'z'.\n\t\"\"\"\n    pattern = re.compile(r\"\\w*z\\w*\")\n    return bool(pattern.match(text))\n\n\ndef check(candidate):\n    assert candidate('pythonz.') == True\n    assert candidate('xyz.') == True\n    assert candidate('  lang  .') == False\n\ndef test_check():\n    check(text_match_wordz)\n\ntest_check()\n",
      "timestamp": 1666123475,
      "stdout": "",
      "stderr": "Traceback (most recent call last):\n  File \"/tmp/tmpw3iq05ak.py\", line 17, in <module>\n    test_check()\n  File \"/tmp/tmpw3iq05ak.py\", line 15, in test_check\n    check(text_match_wordz)\n  File \"/tmp/tmpw3iq05ak.py\", line 10, in check\n    assert candidate('pythonz.') == True\n  File \"/tmp/tmpw3iq05ak.py\", line 5, in text_match_wordz\n    pattern = re.compile(r\"\\w*z\\w*\")\nNameError: name 're' is not defined\n",
      "exit_code": 1,
      "status": "Exception"
    },
    {
      "program": "def text_match_wordz(text: str) -> bool:\n    \"\"\"\n\tWrite a function that matches a word containing 'z'.\n\t\"\"\"\n    return re.search(r\"\\bz\\w+\", text) is not None\n\n\ndef check(candidate):\n    assert candidate('pythonz.') == True\n    assert candidate('xyz.') == True\n    assert candidate('  lang  .') == False\n\ndef test_check():\n    check(text_match_wordz)\n\ntest_check()\n",
      "timestamp": 1665510608,
      "stdout": "",
      "stderr": "Traceback (most recent call last):\n  File \"/tmp/tmpmmmwbpbb.py\", line 16, in <module>\n    test_check()\n  File \"/tmp/tmpmmmwbpbb.py\", line 14, in test_check\n    check(text_match_wordz)\n  File \"/tmp/tmpmmmwbpbb.py\", line 9, in check\n    assert candidate('pythonz.') == True\n  File \"/tmp/tmpmmmwbpbb.py\", line 5, in text_match_wordz\n    return re.search(r\"\\bz\\w+\", text) is not None\nNameError: name 're' is not defined\n",
      "exit_code": 1,
      "status": "Exception"
    },
    {
      "program": "def text_match_wordz(text: str) -> bool:\n    \"\"\"\n\tWrite a function that matches a word containing 'z'.\n\t\"\"\"\n    return re.search(r\"\\bz\\w+\\b\", text) is not None\n\n\ndef check(candidate):\n    assert candidate('pythonz.') == True\n    assert candidate('xyz.') == True\n    assert candidate('  lang  .') == False\n\ndef test_check():\n    check(text_match_wordz)\n\ntest_check()\n",
      "timestamp": 1665510608,
      "stdout": "",
      "stderr": "Traceback (most recent call last):\n  File \"/tmp/tmpb64jy0lt.py\", line 16, in <module>\n    test_check()\n  File \"/tmp/tmpb64jy0lt.py\", line 14, in test_check\n    check(text_match_wordz)\n  File \"/tmp/tmpb64jy0lt.py\", line 9, in check\n    assert candidate('pythonz.') == True\n  File \"/tmp/tmpb64jy0lt.py\", line 5, in text_match_wordz\n    return re.search(r\"\\bz\\w+\\b\", text) is not None\nNameError: name 're' is not defined\n",
      "exit_code": 1,
      "status": "Exception"
    },
    {
      "program": "def text_match_wordz(text: str) -> bool:\n    \"\"\"\n\tWrite a function that matches a word containing 'z'.\n\t\"\"\"\n    return re.search(r\"\\w*z\\w*\", text) is not None\n\n\ndef check(candidate):\n    assert candidate('pythonz.') == True\n    assert candidate('xyz.') == True\n    assert candidate('  lang  .') == False\n\ndef test_check():\n    check(text_match_wordz)\n\ntest_check()\n",
      "timestamp": 1665510608,
      "stdout": "",
      "stderr": "Traceback (most recent call last):\n  File \"/tmp/tmp4al6p68r.py\", line 16, in <module>\n    test_check()\n  File \"/tmp/tmp4al6p68r.py\", line 14, in test_check\n    check(text_match_wordz)\n  File \"/tmp/tmp4al6p68r.py\", line 9, in check\n    assert candidate('pythonz.') == True\n  File \"/tmp/tmp4al6p68r.py\", line 5, in text_match_wordz\n    return re.search(r\"\\w*z\\w*\", text) is not None\nNameError: name 're' is not defined\n",
      "exit_code": 1,
      "status": "Exception"
    },
    {
      "program": "def text_match_wordz(text: str) -> bool:\n    \"\"\"\n\tWrite a function that matches a word containing 'z'.\n\t\"\"\"\n    return re.search(r\"\\w*z\\w*\", text) is not None\n\n\ndef check(candidate):\n    assert candidate('pythonz.') == True\n    assert candidate('xyz.') == True\n    assert candidate('  lang  .') == False\n\ndef test_check():\n    check(text_match_wordz)\n\ntest_check()\n",
      "timestamp": 1665510608,
      "stdout": "",
      "stderr": "Traceback (most recent call last):\n  File \"/tmp/tmp4al6p68r.py\", line 16, in <module>\n    test_check()\n  File \"/tmp/tmp4al6p68r.py\", line 14, in test_check\n    check(text_match_wordz)\n  File \"/tmp/tmp4al6p68r.py\", line 9, in check\n    assert candidate('pythonz.') == True\n  File \"/tmp/tmp4al6p68r.py\", line 5, in text_match_wordz\n    return re.search(r\"\\w*z\\w*\", text) is not None\nNameError: name 're' is not defined\n",
      "exit_code": 1,
      "status": "Exception"
    },
    {
      "program": "def text_match_wordz(text: str) -> bool:\n    \"\"\"\n\tWrite a function that matches a word containing 'z'.\n\t\"\"\"\n    return re.search(r\"\\w*z\\w*\", text) is not None\n\n\ndef check(candidate):\n    assert candidate('pythonz.') == True\n    assert candidate('xyz.') == True\n    assert candidate('  lang  .') == False\n\ndef test_check():\n    check(text_match_wordz)\n\ntest_check()\n",
      "timestamp": 1665510608,
      "stdout": "",
      "stderr": "Traceback (most recent call last):\n  File \"/tmp/tmp4al6p68r.py\", line 16, in <module>\n    test_check()\n  File \"/tmp/tmp4al6p68r.py\", line 14, in test_check\n    check(text_match_wordz)\n  File \"/tmp/tmp4al6p68r.py\", line 9, in check\n    assert candidate('pythonz.') == True\n  File \"/tmp/tmp4al6p68r.py\", line 5, in text_match_wordz\n    return re.search(r\"\\w*z\\w*\", text) is not None\nNameError: name 're' is not defined\n",
      "exit_code": 1,
      "status": "Exception"
    },
    {
      "program": "def text_match_wordz(text: str) -> bool:\n    \"\"\"\n\tWrite a function that matches a word containing 'z'.\n\t\"\"\"\n    return re.search(r\"\\w*z\\w*\", text)\n\n\ndef check(candidate):\n    assert candidate('pythonz.') == True\n    assert candidate('xyz.') == True\n    assert candidate('  lang  .') == False\n\ndef test_check():\n    check(text_match_wordz)\n\ntest_check()\n",
      "timestamp": 1665510608,
      "stdout": "",
      "stderr": "Traceback (most recent call last):\n  File \"/tmp/tmp3oxvgh3d.py\", line 16, in <module>\n    test_check()\n  File \"/tmp/tmp3oxvgh3d.py\", line 14, in test_check\n    check(text_match_wordz)\n  File \"/tmp/tmp3oxvgh3d.py\", line 9, in check\n    assert candidate('pythonz.') == True\n  File \"/tmp/tmp3oxvgh3d.py\", line 5, in text_match_wordz\n    return re.search(r\"\\w*z\\w*\", text)\nNameError: name 're' is not defined\n",
      "exit_code": 1,
      "status": "Exception"
    },
    {
      "program": "def text_match_wordz(text: str) -> bool:\n    \"\"\"\n\tWrite a function that matches a word containing 'z'.\n\t\"\"\"\n    return re.search(r\"\\w*z\\w*\", text)\n\n\ndef check(candidate):\n    assert candidate('pythonz.') == True\n    assert candidate('xyz.') == True\n    assert candidate('  lang  .') == False\n\ndef test_check():\n    check(text_match_wordz)\n\ntest_check()\n",
      "timestamp": 1665510608,
      "stdout": "",
      "stderr": "Traceback (most recent call last):\n  File \"/tmp/tmp3oxvgh3d.py\", line 16, in <module>\n    test_check()\n  File \"/tmp/tmp3oxvgh3d.py\", line 14, in test_check\n    check(text_match_wordz)\n  File \"/tmp/tmp3oxvgh3d.py\", line 9, in check\n    assert candidate('pythonz.') == True\n  File \"/tmp/tmp3oxvgh3d.py\", line 5, in text_match_wordz\n    return re.search(r\"\\w*z\\w*\", text)\nNameError: name 're' is not defined\n",
      "exit_code": 1,
      "status": "Exception"
    },
    {
      "program": "def text_match_wordz(text: str) -> bool:\n    \"\"\"\n\tWrite a function that matches a word containing 'z'.\n\t\"\"\"\n    return re.search(r\"\\w*z\\w*\", text)\n\n\ndef check(candidate):\n    assert candidate('pythonz.') == True\n    assert candidate('xyz.') == True\n    assert candidate('  lang  .') == False\n\ndef test_check():\n    check(text_match_wordz)\n\ntest_check()\n",
      "timestamp": 1665510608,
      "stdout": "",
      "stderr": "Traceback (most recent call last):\n  File \"/tmp/tmp3oxvgh3d.py\", line 16, in <module>\n    test_check()\n  File \"/tmp/tmp3oxvgh3d.py\", line 14, in test_check\n    check(text_match_wordz)\n  File \"/tmp/tmp3oxvgh3d.py\", line 9, in check\n    assert candidate('pythonz.') == True\n  File \"/tmp/tmp3oxvgh3d.py\", line 5, in text_match_wordz\n    return re.search(r\"\\w*z\\w*\", text)\nNameError: name 're' is not defined\n",
      "exit_code": 1,
      "status": "Exception"
    },
    {
      "program": "def text_match_wordz(text: str) -> bool:\n    \"\"\"\n\tWrite a function that matches a word containing 'z'.\n\t\"\"\"\n    return bool(re.search(r\"\\bz\\w+\", text))\n\n\ndef check(candidate):\n    assert candidate('pythonz.') == True\n    assert candidate('xyz.') == True\n    assert candidate('  lang  .') == False\n\ndef test_check():\n    check(text_match_wordz)\n\ntest_check()\n",
      "timestamp": 1666123474,
      "stdout": "",
      "stderr": "Traceback (most recent call last):\n  File \"/tmp/tmpq2pvmmm4.py\", line 16, in <module>\n    test_check()\n  File \"/tmp/tmpq2pvmmm4.py\", line 14, in test_check\n    check(text_match_wordz)\n  File \"/tmp/tmpq2pvmmm4.py\", line 9, in check\n    assert candidate('pythonz.') == True\n  File \"/tmp/tmpq2pvmmm4.py\", line 5, in text_match_wordz\n    return bool(re.search(r\"\\bz\\w+\", text))\nNameError: name 're' is not defined\n",
      "exit_code": 1,
      "status": "Exception"
    },
    {
      "program": "def text_match_wordz(text: str) -> bool:\n    \"\"\"\n\tWrite a function that matches a word containing 'z'.\n\t\"\"\"\n    return re.search(r\"\\w*z\\w*\", text) is not None\n\n\ndef check(candidate):\n    assert candidate('pythonz.') == True\n    assert candidate('xyz.') == True\n    assert candidate('  lang  .') == False\n\ndef test_check():\n    check(text_match_wordz)\n\ntest_check()\n",
      "timestamp": 1665510608,
      "stdout": "",
      "stderr": "Traceback (most recent call last):\n  File \"/tmp/tmp4al6p68r.py\", line 16, in <module>\n    test_check()\n  File \"/tmp/tmp4al6p68r.py\", line 14, in test_check\n    check(text_match_wordz)\n  File \"/tmp/tmp4al6p68r.py\", line 9, in check\n    assert candidate('pythonz.') == True\n  File \"/tmp/tmp4al6p68r.py\", line 5, in text_match_wordz\n    return re.search(r\"\\w*z\\w*\", text) is not None\nNameError: name 're' is not defined\n",
      "exit_code": 1,
      "status": "Exception"
    },
    {
      "program": "def text_match_wordz(text: str) -> bool:\n    \"\"\"\n\tWrite a function that matches a word containing 'z'.\n\t\"\"\"\n    return re.search(r\"\\w*z\\w*\", text)\n\n\ndef check(candidate):\n    assert candidate('pythonz.') == True\n    assert candidate('xyz.') == True\n    assert candidate('  lang  .') == False\n\ndef test_check():\n    check(text_match_wordz)\n\ntest_check()\n",
      "timestamp": 1665510608,
      "stdout": "",
      "stderr": "Traceback (most recent call last):\n  File \"/tmp/tmp3oxvgh3d.py\", line 16, in <module>\n    test_check()\n  File \"/tmp/tmp3oxvgh3d.py\", line 14, in test_check\n    check(text_match_wordz)\n  File \"/tmp/tmp3oxvgh3d.py\", line 9, in check\n    assert candidate('pythonz.') == True\n  File \"/tmp/tmp3oxvgh3d.py\", line 5, in text_match_wordz\n    return re.search(r\"\\w*z\\w*\", text)\nNameError: name 're' is not defined\n",
      "exit_code": 1,
      "status": "Exception"
    },
    {
      "program": "def text_match_wordz(text: str) -> bool:\n    \"\"\"\n\tWrite a function that matches a word containing 'z'.\n\t\"\"\"\n    return re.search(r\"\\w*z\\w*\", text)\n\n\ndef check(candidate):\n    assert candidate('pythonz.') == True\n    assert candidate('xyz.') == True\n    assert candidate('  lang  .') == False\n\ndef test_check():\n    check(text_match_wordz)\n\ntest_check()\n",
      "timestamp": 1665510608,
      "stdout": "",
      "stderr": "Traceback (most recent call last):\n  File \"/tmp/tmp3oxvgh3d.py\", line 16, in <module>\n    test_check()\n  File \"/tmp/tmp3oxvgh3d.py\", line 14, in test_check\n    check(text_match_wordz)\n  File \"/tmp/tmp3oxvgh3d.py\", line 9, in check\n    assert candidate('pythonz.') == True\n  File \"/tmp/tmp3oxvgh3d.py\", line 5, in text_match_wordz\n    return re.search(r\"\\w*z\\w*\", text)\nNameError: name 're' is not defined\n",
      "exit_code": 1,
      "status": "Exception"
    },
    {
      "program": "def text_match_wordz(text: str) -> bool:\n    \"\"\"\n\tWrite a function that matches a word containing 'z'.\n\t\"\"\"\n    return re.search(r\"\\bz\\w+\", text) is not None\n\n\ndef check(candidate):\n    assert candidate('pythonz.') == True\n    assert candidate('xyz.') == True\n    assert candidate('  lang  .') == False\n\ndef test_check():\n    check(text_match_wordz)\n\ntest_check()\n",
      "timestamp": 1665510608,
      "stdout": "",
      "stderr": "Traceback (most recent call last):\n  File \"/tmp/tmpmmmwbpbb.py\", line 16, in <module>\n    test_check()\n  File \"/tmp/tmpmmmwbpbb.py\", line 14, in test_check\n    check(text_match_wordz)\n  File \"/tmp/tmpmmmwbpbb.py\", line 9, in check\n    assert candidate('pythonz.') == True\n  File \"/tmp/tmpmmmwbpbb.py\", line 5, in text_match_wordz\n    return re.search(r\"\\bz\\w+\", text) is not None\nNameError: name 're' is not defined\n",
      "exit_code": 1,
      "status": "Exception"
    },
    {
      "program": "def text_match_wordz(text: str) -> bool:\n    \"\"\"\n\tWrite a function that matches a word containing 'z'.\n\t\"\"\"\n    return re.search(r\"\\bz\\w+\", text) is not None\n\n\ndef check(candidate):\n    assert candidate('pythonz.') == True\n    assert candidate('xyz.') == True\n    assert candidate('  lang  .') == False\n\ndef test_check():\n    check(text_match_wordz)\n\ntest_check()\n",
      "timestamp": 1665510608,
      "stdout": "",
      "stderr": "Traceback (most recent call last):\n  File \"/tmp/tmpmmmwbpbb.py\", line 16, in <module>\n    test_check()\n  File \"/tmp/tmpmmmwbpbb.py\", line 14, in test_check\n    check(text_match_wordz)\n  File \"/tmp/tmpmmmwbpbb.py\", line 9, in check\n    assert candidate('pythonz.') == True\n  File \"/tmp/tmpmmmwbpbb.py\", line 5, in text_match_wordz\n    return re.search(r\"\\bz\\w+\", text) is not None\nNameError: name 're' is not defined\n",
      "exit_code": 1,
      "status": "Exception"
    },
    {
      "program": "def text_match_wordz(text: str) -> bool:\n    \"\"\"\n\tWrite a function that matches a word containing 'z'.\n\t\"\"\"\n    return re.search(r\"\\bz\\w+\\b\", text)\n\n\ndef check(candidate):\n    assert candidate('pythonz.') == True\n    assert candidate('xyz.') == True\n    assert candidate('  lang  .') == False\n\ndef test_check():\n    check(text_match_wordz)\n\ntest_check()\n",
      "timestamp": 1665510608,
      "stdout": "",
      "stderr": "Traceback (most recent call last):\n  File \"/tmp/tmptvjoemfv.py\", line 16, in <module>\n    test_check()\n  File \"/tmp/tmptvjoemfv.py\", line 14, in test_check\n    check(text_match_wordz)\n  File \"/tmp/tmptvjoemfv.py\", line 9, in check\n    assert candidate('pythonz.') == True\n  File \"/tmp/tmptvjoemfv.py\", line 5, in text_match_wordz\n    return re.search(r\"\\bz\\w+\\b\", text)\nNameError: name 're' is not defined\n",
      "exit_code": 1,
      "status": "Exception"
    },
    {
      "program": "def text_match_wordz(text: str) -> bool:\n    \"\"\"\n\tWrite a function that matches a word containing 'z'.\n\t\"\"\"\n    return re.search(r\"\\w*z\\w*\", text)\n\n\ndef check(candidate):\n    assert candidate('pythonz.') == True\n    assert candidate('xyz.') == True\n    assert candidate('  lang  .') == False\n\ndef test_check():\n    check(text_match_wordz)\n\ntest_check()\n",
      "timestamp": 1665510608,
      "stdout": "",
      "stderr": "Traceback (most recent call last):\n  File \"/tmp/tmp3oxvgh3d.py\", line 16, in <module>\n    test_check()\n  File \"/tmp/tmp3oxvgh3d.py\", line 14, in test_check\n    check(text_match_wordz)\n  File \"/tmp/tmp3oxvgh3d.py\", line 9, in check\n    assert candidate('pythonz.') == True\n  File \"/tmp/tmp3oxvgh3d.py\", line 5, in text_match_wordz\n    return re.search(r\"\\w*z\\w*\", text)\nNameError: name 're' is not defined\n",
      "exit_code": 1,
      "status": "Exception"
    },
    {
      "program": "def text_match_wordz(text: str) -> bool:\n    \"\"\"\n\tWrite a function that matches a word containing 'z'.\n\t\"\"\"\n    return re.search(r\"\\bz\\w+\\b\", text) is not None\n\n\ndef check(candidate):\n    assert candidate('pythonz.') == True\n    assert candidate('xyz.') == True\n    assert candidate('  lang  .') == False\n\ndef test_check():\n    check(text_match_wordz)\n\ntest_check()\n",
      "timestamp": 1665510608,
      "stdout": "",
      "stderr": "Traceback (most recent call last):\n  File \"/tmp/tmpb64jy0lt.py\", line 16, in <module>\n    test_check()\n  File \"/tmp/tmpb64jy0lt.py\", line 14, in test_check\n    check(text_match_wordz)\n  File \"/tmp/tmpb64jy0lt.py\", line 9, in check\n    assert candidate('pythonz.') == True\n  File \"/tmp/tmpb64jy0lt.py\", line 5, in text_match_wordz\n    return re.search(r\"\\bz\\w+\\b\", text) is not None\nNameError: name 're' is not defined\n",
      "exit_code": 1,
      "status": "Exception"
    },
    {
      "program": "def text_match_wordz(text: str) -> bool:\n    \"\"\"\n\tWrite a function that matches a word containing 'z'.\n\t\"\"\"\n    return re.search(r\"\\bz\\w+\", text) is not None\n\n\ndef check(candidate):\n    assert candidate('pythonz.') == True\n    assert candidate('xyz.') == True\n    assert candidate('  lang  .') == False\n\ndef test_check():\n    check(text_match_wordz)\n\ntest_check()\n",
      "timestamp": 1665510608,
      "stdout": "",
      "stderr": "Traceback (most recent call last):\n  File \"/tmp/tmpmmmwbpbb.py\", line 16, in <module>\n    test_check()\n  File \"/tmp/tmpmmmwbpbb.py\", line 14, in test_check\n    check(text_match_wordz)\n  File \"/tmp/tmpmmmwbpbb.py\", line 9, in check\n    assert candidate('pythonz.') == True\n  File \"/tmp/tmpmmmwbpbb.py\", line 5, in text_match_wordz\n    return re.search(r\"\\bz\\w+\", text) is not None\nNameError: name 're' is not defined\n",
      "exit_code": 1,
      "status": "Exception"
    },
    {
      "program": "def text_match_wordz(text: str) -> bool:\n    \"\"\"\n\tWrite a function that matches a word containing 'z'.\n\t\"\"\"\n    return re.search(r\"\\w*z\\w*\", text) is not None\n\n\ndef check(candidate):\n    assert candidate('pythonz.') == True\n    assert candidate('xyz.') == True\n    assert candidate('  lang  .') == False\n\ndef test_check():\n    check(text_match_wordz)\n\ntest_check()\n",
      "timestamp": 1665510608,
      "stdout": "",
      "stderr": "Traceback (most recent call last):\n  File \"/tmp/tmp4al6p68r.py\", line 16, in <module>\n    test_check()\n  File \"/tmp/tmp4al6p68r.py\", line 14, in test_check\n    check(text_match_wordz)\n  File \"/tmp/tmp4al6p68r.py\", line 9, in check\n    assert candidate('pythonz.') == True\n  File \"/tmp/tmp4al6p68r.py\", line 5, in text_match_wordz\n    return re.search(r\"\\w*z\\w*\", text) is not None\nNameError: name 're' is not defined\n",
      "exit_code": 1,
      "status": "Exception"
    },
    {
      "program": "def text_match_wordz(text: str) -> bool:\n    \"\"\"\n\tWrite a function that matches a word containing 'z'.\n\t\"\"\"\n    return re.search(r\"\\bz\\w+\", text) is not None\n\n\ndef check(candidate):\n    assert candidate('pythonz.') == True\n    assert candidate('xyz.') == True\n    assert candidate('  lang  .') == False\n\ndef test_check():\n    check(text_match_wordz)\n\ntest_check()\n",
      "timestamp": 1665510608,
      "stdout": "",
      "stderr": "Traceback (most recent call last):\n  File \"/tmp/tmpmmmwbpbb.py\", line 16, in <module>\n    test_check()\n  File \"/tmp/tmpmmmwbpbb.py\", line 14, in test_check\n    check(text_match_wordz)\n  File \"/tmp/tmpmmmwbpbb.py\", line 9, in check\n    assert candidate('pythonz.') == True\n  File \"/tmp/tmpmmmwbpbb.py\", line 5, in text_match_wordz\n    return re.search(r\"\\bz\\w+\", text) is not None\nNameError: name 're' is not defined\n",
      "exit_code": 1,
      "status": "Exception"
    },
    {
      "program": "def text_match_wordz(text: str) -> bool:\n    \"\"\"\n\tWrite a function that matches a word containing 'z'.\n\t\"\"\"\n    return re.search(r\"\\bz\\w+\\b\", text)\n\n\ndef check(candidate):\n    assert candidate('pythonz.') == True\n    assert candidate('xyz.') == True\n    assert candidate('  lang  .') == False\n\ndef test_check():\n    check(text_match_wordz)\n\ntest_check()\n",
      "timestamp": 1665510608,
      "stdout": "",
      "stderr": "Traceback (most recent call last):\n  File \"/tmp/tmptvjoemfv.py\", line 16, in <module>\n    test_check()\n  File \"/tmp/tmptvjoemfv.py\", line 14, in test_check\n    check(text_match_wordz)\n  File \"/tmp/tmptvjoemfv.py\", line 9, in check\n    assert candidate('pythonz.') == True\n  File \"/tmp/tmptvjoemfv.py\", line 5, in text_match_wordz\n    return re.search(r\"\\bz\\w+\\b\", text)\nNameError: name 're' is not defined\n",
      "exit_code": 1,
      "status": "Exception"
    },
    {
      "program": "def text_match_wordz(text: str) -> bool:\n    \"\"\"\n\tWrite a function that matches a word containing 'z'.\n\t\"\"\"\n    return re.search(r\"\\w*z\\w*\", text) is not None\n\n\ndef check(candidate):\n    assert candidate('pythonz.') == True\n    assert candidate('xyz.') == True\n    assert candidate('  lang  .') == False\n\ndef test_check():\n    check(text_match_wordz)\n\ntest_check()\n",
      "timestamp": 1665510608,
      "stdout": "",
      "stderr": "Traceback (most recent call last):\n  File \"/tmp/tmp4al6p68r.py\", line 16, in <module>\n    test_check()\n  File \"/tmp/tmp4al6p68r.py\", line 14, in test_check\n    check(text_match_wordz)\n  File \"/tmp/tmp4al6p68r.py\", line 9, in check\n    assert candidate('pythonz.') == True\n  File \"/tmp/tmp4al6p68r.py\", line 5, in text_match_wordz\n    return re.search(r\"\\w*z\\w*\", text) is not None\nNameError: name 're' is not defined\n",
      "exit_code": 1,
      "status": "Exception"
    },
    {
      "program": "def text_match_wordz(text: str) -> bool:\n    \"\"\"\n\tWrite a function that matches a word containing 'z'.\n\t\"\"\"\n    return re.search(r\"\\w*z\\w*\", text)\n\n\ndef check(candidate):\n    assert candidate('pythonz.') == True\n    assert candidate('xyz.') == True\n    assert candidate('  lang  .') == False\n\ndef test_check():\n    check(text_match_wordz)\n\ntest_check()\n",
      "timestamp": 1665510608,
      "stdout": "",
      "stderr": "Traceback (most recent call last):\n  File \"/tmp/tmp3oxvgh3d.py\", line 16, in <module>\n    test_check()\n  File \"/tmp/tmp3oxvgh3d.py\", line 14, in test_check\n    check(text_match_wordz)\n  File \"/tmp/tmp3oxvgh3d.py\", line 9, in check\n    assert candidate('pythonz.') == True\n  File \"/tmp/tmp3oxvgh3d.py\", line 5, in text_match_wordz\n    return re.search(r\"\\w*z\\w*\", text)\nNameError: name 're' is not defined\n",
      "exit_code": 1,
      "status": "Exception"
    },
    {
      "program": "def text_match_wordz(text: str) -> bool:\n    \"\"\"\n\tWrite a function that matches a word containing 'z'.\n\t\"\"\"\n    return re.search(r\"\\bz\\w+\\b\", text) is not None\n\n\ndef check(candidate):\n    assert candidate('pythonz.') == True\n    assert candidate('xyz.') == True\n    assert candidate('  lang  .') == False\n\ndef test_check():\n    check(text_match_wordz)\n\ntest_check()\n",
      "timestamp": 1665510608,
      "stdout": "",
      "stderr": "Traceback (most recent call last):\n  File \"/tmp/tmpb64jy0lt.py\", line 16, in <module>\n    test_check()\n  File \"/tmp/tmpb64jy0lt.py\", line 14, in test_check\n    check(text_match_wordz)\n  File \"/tmp/tmpb64jy0lt.py\", line 9, in check\n    assert candidate('pythonz.') == True\n  File \"/tmp/tmpb64jy0lt.py\", line 5, in text_match_wordz\n    return re.search(r\"\\bz\\w+\\b\", text) is not None\nNameError: name 're' is not defined\n",
      "exit_code": 1,
      "status": "Exception"
    },
    {
      "program": "def text_match_wordz(text: str) -> bool:\n    \"\"\"\n\tWrite a function that matches a word containing 'z'.\n\t\"\"\"\n    return re.search(r\"\\w*z\\w*\", text)\n\n\ndef check(candidate):\n    assert candidate('pythonz.') == True\n    assert candidate('xyz.') == True\n    assert candidate('  lang  .') == False\n\ndef test_check():\n    check(text_match_wordz)\n\ntest_check()\n",
      "timestamp": 1665510608,
      "stdout": "",
      "stderr": "Traceback (most recent call last):\n  File \"/tmp/tmp3oxvgh3d.py\", line 16, in <module>\n    test_check()\n  File \"/tmp/tmp3oxvgh3d.py\", line 14, in test_check\n    check(text_match_wordz)\n  File \"/tmp/tmp3oxvgh3d.py\", line 9, in check\n    assert candidate('pythonz.') == True\n  File \"/tmp/tmp3oxvgh3d.py\", line 5, in text_match_wordz\n    return re.search(r\"\\w*z\\w*\", text)\nNameError: name 're' is not defined\n",
      "exit_code": 1,
      "status": "Exception"
    },
    {
      "program": "def text_match_wordz(text: str) -> bool:\n    \"\"\"\n\tWrite a function that matches a word containing 'z'.\n\t\"\"\"\n    return re.search(r\"\\bz\\w*\\b\", text) is not None\n\n\ndef check(candidate):\n    assert candidate('pythonz.') == True\n    assert candidate('xyz.') == True\n    assert candidate('  lang  .') == False\n\ndef test_check():\n    check(text_match_wordz)\n\ntest_check()\n",
      "timestamp": 1665510608,
      "stdout": "",
      "stderr": "Traceback (most recent call last):\n  File \"/tmp/tmpyxqkn1u9.py\", line 16, in <module>\n    test_check()\n  File \"/tmp/tmpyxqkn1u9.py\", line 14, in test_check\n    check(text_match_wordz)\n  File \"/tmp/tmpyxqkn1u9.py\", line 9, in check\n    assert candidate('pythonz.') == True\n  File \"/tmp/tmpyxqkn1u9.py\", line 5, in text_match_wordz\n    return re.search(r\"\\bz\\w*\\b\", text) is not None\nNameError: name 're' is not defined\n",
      "exit_code": 1,
      "status": "Exception"
    },
    {
      "program": "def text_match_wordz(text: str) -> bool:\n    \"\"\"\n\tWrite a function that matches a word containing 'z'.\n\t\"\"\"\n    return re.search(r\"\\w*z\\w*\", text) is not None\n\n\ndef check(candidate):\n    assert candidate('pythonz.') == True\n    assert candidate('xyz.') == True\n    assert candidate('  lang  .') == False\n\ndef test_check():\n    check(text_match_wordz)\n\ntest_check()\n",
      "timestamp": 1665510608,
      "stdout": "",
      "stderr": "Traceback (most recent call last):\n  File \"/tmp/tmp4al6p68r.py\", line 16, in <module>\n    test_check()\n  File \"/tmp/tmp4al6p68r.py\", line 14, in test_check\n    check(text_match_wordz)\n  File \"/tmp/tmp4al6p68r.py\", line 9, in check\n    assert candidate('pythonz.') == True\n  File \"/tmp/tmp4al6p68r.py\", line 5, in text_match_wordz\n    return re.search(r\"\\w*z\\w*\", text) is not None\nNameError: name 're' is not defined\n",
      "exit_code": 1,
      "status": "Exception"
    },
    {
      "program": "def text_match_wordz(text: str) -> bool:\n    \"\"\"\n\tWrite a function that matches a word containing 'z'.\n\t\"\"\"\n    return re.search(r\"\\w*z\\w*\", text) is not None\n\n\ndef check(candidate):\n    assert candidate('pythonz.') == True\n    assert candidate('xyz.') == True\n    assert candidate('  lang  .') == False\n\ndef test_check():\n    check(text_match_wordz)\n\ntest_check()\n",
      "timestamp": 1665510608,
      "stdout": "",
      "stderr": "Traceback (most recent call last):\n  File \"/tmp/tmp4al6p68r.py\", line 16, in <module>\n    test_check()\n  File \"/tmp/tmp4al6p68r.py\", line 14, in test_check\n    check(text_match_wordz)\n  File \"/tmp/tmp4al6p68r.py\", line 9, in check\n    assert candidate('pythonz.') == True\n  File \"/tmp/tmp4al6p68r.py\", line 5, in text_match_wordz\n    return re.search(r\"\\w*z\\w*\", text) is not None\nNameError: name 're' is not defined\n",
      "exit_code": 1,
      "status": "Exception"
    },
    {
      "program": "def text_match_wordz(text: str) -> bool:\n    \"\"\"\n\tWrite a function that matches a word containing 'z'.\n\t\"\"\"\n    return re.search(\"\\w*z\\w*\", text) is not None\n\n\ndef check(candidate):\n    assert candidate('pythonz.') == True\n    assert candidate('xyz.') == True\n    assert candidate('  lang  .') == False\n\ndef test_check():\n    check(text_match_wordz)\n\ntest_check()\n",
      "timestamp": 1666123475,
      "stdout": "",
      "stderr": "Traceback (most recent call last):\n  File \"/tmp/tmppxzptzo3.py\", line 16, in <module>\n    test_check()\n  File \"/tmp/tmppxzptzo3.py\", line 14, in test_check\n    check(text_match_wordz)\n  File \"/tmp/tmppxzptzo3.py\", line 9, in check\n    assert candidate('pythonz.') == True\n  File \"/tmp/tmppxzptzo3.py\", line 5, in text_match_wordz\n    return re.search(\"\\w*z\\w*\", text) is not None\nNameError: name 're' is not defined\n",
      "exit_code": 1,
      "status": "Exception"
    },
    {
      "program": "def text_match_wordz(text: str) -> bool:\n    \"\"\"\n\tWrite a function that matches a word containing 'z'.\n\t\"\"\"\n    return re.search(r\"\\w*z\\w*\", text) is not None\n\n\ndef check(candidate):\n    assert candidate('pythonz.') == True\n    assert candidate('xyz.') == True\n    assert candidate('  lang  .') == False\n\ndef test_check():\n    check(text_match_wordz)\n\ntest_check()\n",
      "timestamp": 1665510608,
      "stdout": "",
      "stderr": "Traceback (most recent call last):\n  File \"/tmp/tmp4al6p68r.py\", line 16, in <module>\n    test_check()\n  File \"/tmp/tmp4al6p68r.py\", line 14, in test_check\n    check(text_match_wordz)\n  File \"/tmp/tmp4al6p68r.py\", line 9, in check\n    assert candidate('pythonz.') == True\n  File \"/tmp/tmp4al6p68r.py\", line 5, in text_match_wordz\n    return re.search(r\"\\w*z\\w*\", text) is not None\nNameError: name 're' is not defined\n",
      "exit_code": 1,
      "status": "Exception"
    },
    {
      "program": "def text_match_wordz(text: str) -> bool:\n    \"\"\"\n\tWrite a function that matches a word containing 'z'.\n\t\"\"\"\n    return re.search(r\"\\w*z\\w*\", text)\n\n\ndef check(candidate):\n    assert candidate('pythonz.') == True\n    assert candidate('xyz.') == True\n    assert candidate('  lang  .') == False\n\ndef test_check():\n    check(text_match_wordz)\n\ntest_check()\n",
      "timestamp": 1665510608,
      "stdout": "",
      "stderr": "Traceback (most recent call last):\n  File \"/tmp/tmp3oxvgh3d.py\", line 16, in <module>\n    test_check()\n  File \"/tmp/tmp3oxvgh3d.py\", line 14, in test_check\n    check(text_match_wordz)\n  File \"/tmp/tmp3oxvgh3d.py\", line 9, in check\n    assert candidate('pythonz.') == True\n  File \"/tmp/tmp3oxvgh3d.py\", line 5, in text_match_wordz\n    return re.search(r\"\\w*z\\w*\", text)\nNameError: name 're' is not defined\n",
      "exit_code": 1,
      "status": "Exception"
    },
    {
      "program": "def text_match_wordz(text: str) -> bool:\n    \"\"\"\n\tWrite a function that matches a word containing 'z'.\n\t\"\"\"\n    return re.search(r\"\\b[zZ]\\w+\", text)\n\n\ndef check(candidate):\n    assert candidate('pythonz.') == True\n    assert candidate('xyz.') == True\n    assert candidate('  lang  .') == False\n\ndef test_check():\n    check(text_match_wordz)\n\ntest_check()\n",
      "timestamp": 1666123475,
      "stdout": "",
      "stderr": "Traceback (most recent call last):\n  File \"/tmp/tmp5_uxflm0.py\", line 16, in <module>\n    test_check()\n  File \"/tmp/tmp5_uxflm0.py\", line 14, in test_check\n    check(text_match_wordz)\n  File \"/tmp/tmp5_uxflm0.py\", line 9, in check\n    assert candidate('pythonz.') == True\n  File \"/tmp/tmp5_uxflm0.py\", line 5, in text_match_wordz\n    return re.search(r\"\\b[zZ]\\w+\", text)\nNameError: name 're' is not defined\n",
      "exit_code": 1,
      "status": "Exception"
    },
    {
      "program": "def text_match_wordz(text: str) -> bool:\n    \"\"\"\n\tWrite a function that matches a word containing 'z'.\n\t\"\"\"\n    return re.search(r\"\\w*z\\w*\", text)\n\n\ndef check(candidate):\n    assert candidate('pythonz.') == True\n    assert candidate('xyz.') == True\n    assert candidate('  lang  .') == False\n\ndef test_check():\n    check(text_match_wordz)\n\ntest_check()\n",
      "timestamp": 1665510608,
      "stdout": "",
      "stderr": "Traceback (most recent call last):\n  File \"/tmp/tmp3oxvgh3d.py\", line 16, in <module>\n    test_check()\n  File \"/tmp/tmp3oxvgh3d.py\", line 14, in test_check\n    check(text_match_wordz)\n  File \"/tmp/tmp3oxvgh3d.py\", line 9, in check\n    assert candidate('pythonz.') == True\n  File \"/tmp/tmp3oxvgh3d.py\", line 5, in text_match_wordz\n    return re.search(r\"\\w*z\\w*\", text)\nNameError: name 're' is not defined\n",
      "exit_code": 1,
      "status": "Exception"
    },
    {
      "program": "def text_match_wordz(text: str) -> bool:\n    \"\"\"\n\tWrite a function that matches a word containing 'z'.\n\t\"\"\"\n    return re.search(r\"\\w*z\\w*\", text)\n\n\ndef check(candidate):\n    assert candidate('pythonz.') == True\n    assert candidate('xyz.') == True\n    assert candidate('  lang  .') == False\n\ndef test_check():\n    check(text_match_wordz)\n\ntest_check()\n",
      "timestamp": 1665510608,
      "stdout": "",
      "stderr": "Traceback (most recent call last):\n  File \"/tmp/tmp3oxvgh3d.py\", line 16, in <module>\n    test_check()\n  File \"/tmp/tmp3oxvgh3d.py\", line 14, in test_check\n    check(text_match_wordz)\n  File \"/tmp/tmp3oxvgh3d.py\", line 9, in check\n    assert candidate('pythonz.') == True\n  File \"/tmp/tmp3oxvgh3d.py\", line 5, in text_match_wordz\n    return re.search(r\"\\w*z\\w*\", text)\nNameError: name 're' is not defined\n",
      "exit_code": 1,
      "status": "Exception"
    },
    {
      "program": "def text_match_wordz(text: str) -> bool:\n    \"\"\"\n\tWrite a function that matches a word containing 'z'.\n\t\"\"\"\n    return re.search(r\"\\bz\\w+\", text) is not None\n\n\ndef check(candidate):\n    assert candidate('pythonz.') == True\n    assert candidate('xyz.') == True\n    assert candidate('  lang  .') == False\n\ndef test_check():\n    check(text_match_wordz)\n\ntest_check()\n",
      "timestamp": 1665510608,
      "stdout": "",
      "stderr": "Traceback (most recent call last):\n  File \"/tmp/tmpmmmwbpbb.py\", line 16, in <module>\n    test_check()\n  File \"/tmp/tmpmmmwbpbb.py\", line 14, in test_check\n    check(text_match_wordz)\n  File \"/tmp/tmpmmmwbpbb.py\", line 9, in check\n    assert candidate('pythonz.') == True\n  File \"/tmp/tmpmmmwbpbb.py\", line 5, in text_match_wordz\n    return re.search(r\"\\bz\\w+\", text) is not None\nNameError: name 're' is not defined\n",
      "exit_code": 1,
      "status": "Exception"
    },
    {
      "program": "def text_match_wordz(text: str) -> bool:\n    \"\"\"\n\tWrite a function that matches a word containing 'z'.\n\t\"\"\"\n    return re.search(r\"\\bz\\w+\\b\", text) is not None\n\n\ndef check(candidate):\n    assert candidate('pythonz.') == True\n    assert candidate('xyz.') == True\n    assert candidate('  lang  .') == False\n\ndef test_check():\n    check(text_match_wordz)\n\ntest_check()\n",
      "timestamp": 1665510608,
      "stdout": "",
      "stderr": "Traceback (most recent call last):\n  File \"/tmp/tmpb64jy0lt.py\", line 16, in <module>\n    test_check()\n  File \"/tmp/tmpb64jy0lt.py\", line 14, in test_check\n    check(text_match_wordz)\n  File \"/tmp/tmpb64jy0lt.py\", line 9, in check\n    assert candidate('pythonz.') == True\n  File \"/tmp/tmpb64jy0lt.py\", line 5, in text_match_wordz\n    return re.search(r\"\\bz\\w+\\b\", text) is not None\nNameError: name 're' is not defined\n",
      "exit_code": 1,
      "status": "Exception"
    },
    {
      "program": "def text_match_wordz(text: str) -> bool:\n    \"\"\"\n\tWrite a function that matches a word containing 'z'.\n\t\"\"\"\n    return re.search(r\"\\w*z\\w*\", text) is not None\n\n\ndef check(candidate):\n    assert candidate('pythonz.') == True\n    assert candidate('xyz.') == True\n    assert candidate('  lang  .') == False\n\ndef test_check():\n    check(text_match_wordz)\n\ntest_check()\n",
      "timestamp": 1665510608,
      "stdout": "",
      "stderr": "Traceback (most recent call last):\n  File \"/tmp/tmp4al6p68r.py\", line 16, in <module>\n    test_check()\n  File \"/tmp/tmp4al6p68r.py\", line 14, in test_check\n    check(text_match_wordz)\n  File \"/tmp/tmp4al6p68r.py\", line 9, in check\n    assert candidate('pythonz.') == True\n  File \"/tmp/tmp4al6p68r.py\", line 5, in text_match_wordz\n    return re.search(r\"\\w*z\\w*\", text) is not None\nNameError: name 're' is not defined\n",
      "exit_code": 1,
      "status": "Exception"
    },
    {
      "program": "def text_match_wordz(text: str) -> bool:\n    \"\"\"\n\tWrite a function that matches a word containing 'z'.\n\t\"\"\"\n    return re.search(r\"\\w*z\\w*\", text) is not None\n\n\ndef check(candidate):\n    assert candidate('pythonz.') == True\n    assert candidate('xyz.') == True\n    assert candidate('  lang  .') == False\n\ndef test_check():\n    check(text_match_wordz)\n\ntest_check()\n",
      "timestamp": 1665510608,
      "stdout": "",
      "stderr": "Traceback (most recent call last):\n  File \"/tmp/tmp4al6p68r.py\", line 16, in <module>\n    test_check()\n  File \"/tmp/tmp4al6p68r.py\", line 14, in test_check\n    check(text_match_wordz)\n  File \"/tmp/tmp4al6p68r.py\", line 9, in check\n    assert candidate('pythonz.') == True\n  File \"/tmp/tmp4al6p68r.py\", line 5, in text_match_wordz\n    return re.search(r\"\\w*z\\w*\", text) is not None\nNameError: name 're' is not defined\n",
      "exit_code": 1,
      "status": "Exception"
    },
    {
      "program": "def text_match_wordz(text: str) -> bool:\n    \"\"\"\n\tWrite a function that matches a word containing 'z'.\n\t\"\"\"\n    return re.search(r\"\\w*z\\w*\", text)\n\n\ndef check(candidate):\n    assert candidate('pythonz.') == True\n    assert candidate('xyz.') == True\n    assert candidate('  lang  .') == False\n\ndef test_check():\n    check(text_match_wordz)\n\ntest_check()\n",
      "timestamp": 1665510608,
      "stdout": "",
      "stderr": "Traceback (most recent call last):\n  File \"/tmp/tmp3oxvgh3d.py\", line 16, in <module>\n    test_check()\n  File \"/tmp/tmp3oxvgh3d.py\", line 14, in test_check\n    check(text_match_wordz)\n  File \"/tmp/tmp3oxvgh3d.py\", line 9, in check\n    assert candidate('pythonz.') == True\n  File \"/tmp/tmp3oxvgh3d.py\", line 5, in text_match_wordz\n    return re.search(r\"\\w*z\\w*\", text)\nNameError: name 're' is not defined\n",
      "exit_code": 1,
      "status": "Exception"
    },
    {
      "program": "def text_match_wordz(text: str) -> bool:\n    \"\"\"\n\tWrite a function that matches a word containing 'z'.\n\t\"\"\"\n    return re.search(r\"\\w*z\\w*\", text)\n\n\ndef check(candidate):\n    assert candidate('pythonz.') == True\n    assert candidate('xyz.') == True\n    assert candidate('  lang  .') == False\n\ndef test_check():\n    check(text_match_wordz)\n\ntest_check()\n",
      "timestamp": 1665510608,
      "stdout": "",
      "stderr": "Traceback (most recent call last):\n  File \"/tmp/tmp3oxvgh3d.py\", line 16, in <module>\n    test_check()\n  File \"/tmp/tmp3oxvgh3d.py\", line 14, in test_check\n    check(text_match_wordz)\n  File \"/tmp/tmp3oxvgh3d.py\", line 9, in check\n    assert candidate('pythonz.') == True\n  File \"/tmp/tmp3oxvgh3d.py\", line 5, in text_match_wordz\n    return re.search(r\"\\w*z\\w*\", text)\nNameError: name 're' is not defined\n",
      "exit_code": 1,
      "status": "Exception"
    },
    {
      "program": "def text_match_wordz(text: str) -> bool:\n    \"\"\"\n\tWrite a function that matches a word containing 'z'.\n\t\"\"\"\n    return re.search(r\"\\w*z\\w*\", text) is not None\n\n\ndef check(candidate):\n    assert candidate('pythonz.') == True\n    assert candidate('xyz.') == True\n    assert candidate('  lang  .') == False\n\ndef test_check():\n    check(text_match_wordz)\n\ntest_check()\n",
      "timestamp": 1665510608,
      "stdout": "",
      "stderr": "Traceback (most recent call last):\n  File \"/tmp/tmp4al6p68r.py\", line 16, in <module>\n    test_check()\n  File \"/tmp/tmp4al6p68r.py\", line 14, in test_check\n    check(text_match_wordz)\n  File \"/tmp/tmp4al6p68r.py\", line 9, in check\n    assert candidate('pythonz.') == True\n  File \"/tmp/tmp4al6p68r.py\", line 5, in text_match_wordz\n    return re.search(r\"\\w*z\\w*\", text) is not None\nNameError: name 're' is not defined\n",
      "exit_code": 1,
      "status": "Exception"
    },
    {
      "program": "def text_match_wordz(text: str) -> bool:\n    \"\"\"\n\tWrite a function that matches a word containing 'z'.\n\t\"\"\"\n    return re.search(r\"\\w*z\\w*\", text) is not None\n\n\ndef check(candidate):\n    assert candidate('pythonz.') == True\n    assert candidate('xyz.') == True\n    assert candidate('  lang  .') == False\n\ndef test_check():\n    check(text_match_wordz)\n\ntest_check()\n",
      "timestamp": 1665510608,
      "stdout": "",
      "stderr": "Traceback (most recent call last):\n  File \"/tmp/tmp4al6p68r.py\", line 16, in <module>\n    test_check()\n  File \"/tmp/tmp4al6p68r.py\", line 14, in test_check\n    check(text_match_wordz)\n  File \"/tmp/tmp4al6p68r.py\", line 9, in check\n    assert candidate('pythonz.') == True\n  File \"/tmp/tmp4al6p68r.py\", line 5, in text_match_wordz\n    return re.search(r\"\\w*z\\w*\", text) is not None\nNameError: name 're' is not defined\n",
      "exit_code": 1,
      "status": "Exception"
    },
    {
      "program": "def text_match_wordz(text: str) -> bool:\n    \"\"\"\n\tWrite a function that matches a word containing 'z'.\n\t\"\"\"\n    return re.search(r\"\\b[z]+\\b\", text) is not None\n\n\ndef check(candidate):\n    assert candidate('pythonz.') == True\n    assert candidate('xyz.') == True\n    assert candidate('  lang  .') == False\n\ndef test_check():\n    check(text_match_wordz)\n\ntest_check()\n",
      "timestamp": 1665510608,
      "stdout": "",
      "stderr": "Traceback (most recent call last):\n  File \"/tmp/tmp1bkz5p0a.py\", line 16, in <module>\n    test_check()\n  File \"/tmp/tmp1bkz5p0a.py\", line 14, in test_check\n    check(text_match_wordz)\n  File \"/tmp/tmp1bkz5p0a.py\", line 9, in check\n    assert candidate('pythonz.') == True\n  File \"/tmp/tmp1bkz5p0a.py\", line 5, in text_match_wordz\n    return re.search(r\"\\b[z]+\\b\", text) is not None\nNameError: name 're' is not defined\n",
      "exit_code": 1,
      "status": "Exception"
    },
    {
      "program": "def text_match_wordz(text: str) -> bool:\n    \"\"\"\n\tWrite a function that matches a word containing 'z'.\n\t\"\"\"\n    return re.search(r\"\\bz\\w+\\b\", text) is not None\n\n\ndef check(candidate):\n    assert candidate('pythonz.') == True\n    assert candidate('xyz.') == True\n    assert candidate('  lang  .') == False\n\ndef test_check():\n    check(text_match_wordz)\n\ntest_check()\n",
      "timestamp": 1665510608,
      "stdout": "",
      "stderr": "Traceback (most recent call last):\n  File \"/tmp/tmpb64jy0lt.py\", line 16, in <module>\n    test_check()\n  File \"/tmp/tmpb64jy0lt.py\", line 14, in test_check\n    check(text_match_wordz)\n  File \"/tmp/tmpb64jy0lt.py\", line 9, in check\n    assert candidate('pythonz.') == True\n  File \"/tmp/tmpb64jy0lt.py\", line 5, in text_match_wordz\n    return re.search(r\"\\bz\\w+\\b\", text) is not None\nNameError: name 're' is not defined\n",
      "exit_code": 1,
      "status": "Exception"
    },
    {
      "program": "def text_match_wordz(text: str) -> bool:\n    \"\"\"\n\tWrite a function that matches a word containing 'z'.\n\t\"\"\"\n    return re.search(r\"\\w*z\\w*\", text) is not None\n\n\ndef check(candidate):\n    assert candidate('pythonz.') == True\n    assert candidate('xyz.') == True\n    assert candidate('  lang  .') == False\n\ndef test_check():\n    check(text_match_wordz)\n\ntest_check()\n",
      "timestamp": 1665510608,
      "stdout": "",
      "stderr": "Traceback (most recent call last):\n  File \"/tmp/tmp4al6p68r.py\", line 16, in <module>\n    test_check()\n  File \"/tmp/tmp4al6p68r.py\", line 14, in test_check\n    check(text_match_wordz)\n  File \"/tmp/tmp4al6p68r.py\", line 9, in check\n    assert candidate('pythonz.') == True\n  File \"/tmp/tmp4al6p68r.py\", line 5, in text_match_wordz\n    return re.search(r\"\\w*z\\w*\", text) is not None\nNameError: name 're' is not defined\n",
      "exit_code": 1,
      "status": "Exception"
    },
    {
      "program": "def text_match_wordz(text: str) -> bool:\n    \"\"\"\n\tWrite a function that matches a word containing 'z'.\n\t\"\"\"\n    return re.search(r\"\\bz\\w+\", text)\n\n\ndef check(candidate):\n    assert candidate('pythonz.') == True\n    assert candidate('xyz.') == True\n    assert candidate('  lang  .') == False\n\ndef test_check():\n    check(text_match_wordz)\n\ntest_check()\n",
      "timestamp": 1665510608,
      "stdout": "",
      "stderr": "Traceback (most recent call last):\n  File \"/tmp/tmpssl4jdvy.py\", line 16, in <module>\n    test_check()\n  File \"/tmp/tmpssl4jdvy.py\", line 14, in test_check\n    check(text_match_wordz)\n  File \"/tmp/tmpssl4jdvy.py\", line 9, in check\n    assert candidate('pythonz.') == True\n  File \"/tmp/tmpssl4jdvy.py\", line 5, in text_match_wordz\n    return re.search(r\"\\bz\\w+\", text)\nNameError: name 're' is not defined\n",
      "exit_code": 1,
      "status": "Exception"
    },
    {
      "program": "def text_match_wordz(text: str) -> bool:\n    \"\"\"\n\tWrite a function that matches a word containing 'z'.\n\t\"\"\"\n    return re.search(r\"\\w*z\\w*\", text) is not None\n\n\ndef check(candidate):\n    assert candidate('pythonz.') == True\n    assert candidate('xyz.') == True\n    assert candidate('  lang  .') == False\n\ndef test_check():\n    check(text_match_wordz)\n\ntest_check()\n",
      "timestamp": 1665510608,
      "stdout": "",
      "stderr": "Traceback (most recent call last):\n  File \"/tmp/tmp4al6p68r.py\", line 16, in <module>\n    test_check()\n  File \"/tmp/tmp4al6p68r.py\", line 14, in test_check\n    check(text_match_wordz)\n  File \"/tmp/tmp4al6p68r.py\", line 9, in check\n    assert candidate('pythonz.') == True\n  File \"/tmp/tmp4al6p68r.py\", line 5, in text_match_wordz\n    return re.search(r\"\\w*z\\w*\", text) is not None\nNameError: name 're' is not defined\n",
      "exit_code": 1,
      "status": "Exception"
    },
    {
      "program": "def text_match_wordz(text: str) -> bool:\n    \"\"\"\n\tWrite a function that matches a word containing 'z'.\n\t\"\"\"\n    return re.search(r\"\\w*z\\w*\", text)\n\n\ndef check(candidate):\n    assert candidate('pythonz.') == True\n    assert candidate('xyz.') == True\n    assert candidate('  lang  .') == False\n\ndef test_check():\n    check(text_match_wordz)\n\ntest_check()\n",
      "timestamp": 1665510608,
      "stdout": "",
      "stderr": "Traceback (most recent call last):\n  File \"/tmp/tmp3oxvgh3d.py\", line 16, in <module>\n    test_check()\n  File \"/tmp/tmp3oxvgh3d.py\", line 14, in test_check\n    check(text_match_wordz)\n  File \"/tmp/tmp3oxvgh3d.py\", line 9, in check\n    assert candidate('pythonz.') == True\n  File \"/tmp/tmp3oxvgh3d.py\", line 5, in text_match_wordz\n    return re.search(r\"\\w*z\\w*\", text)\nNameError: name 're' is not defined\n",
      "exit_code": 1,
      "status": "Exception"
    },
    {
      "program": "def text_match_wordz(text: str) -> bool:\n    \"\"\"\n\tWrite a function that matches a word containing 'z'.\n\t\"\"\"\n    return re.search(r\"\\bz\\w+\", text)\n\n\ndef check(candidate):\n    assert candidate('pythonz.') == True\n    assert candidate('xyz.') == True\n    assert candidate('  lang  .') == False\n\ndef test_check():\n    check(text_match_wordz)\n\ntest_check()\n",
      "timestamp": 1665510608,
      "stdout": "",
      "stderr": "Traceback (most recent call last):\n  File \"/tmp/tmpssl4jdvy.py\", line 16, in <module>\n    test_check()\n  File \"/tmp/tmpssl4jdvy.py\", line 14, in test_check\n    check(text_match_wordz)\n  File \"/tmp/tmpssl4jdvy.py\", line 9, in check\n    assert candidate('pythonz.') == True\n  File \"/tmp/tmpssl4jdvy.py\", line 5, in text_match_wordz\n    return re.search(r\"\\bz\\w+\", text)\nNameError: name 're' is not defined\n",
      "exit_code": 1,
      "status": "Exception"
    },
    {
      "program": "def text_match_wordz(text: str) -> bool:\n    \"\"\"\n\tWrite a function that matches a word containing 'z'.\n\t\"\"\"\n    return re.search(r\"\\w*z\\w*\", text) is not None\n\n\ndef check(candidate):\n    assert candidate('pythonz.') == True\n    assert candidate('xyz.') == True\n    assert candidate('  lang  .') == False\n\ndef test_check():\n    check(text_match_wordz)\n\ntest_check()\n",
      "timestamp": 1665510608,
      "stdout": "",
      "stderr": "Traceback (most recent call last):\n  File \"/tmp/tmp4al6p68r.py\", line 16, in <module>\n    test_check()\n  File \"/tmp/tmp4al6p68r.py\", line 14, in test_check\n    check(text_match_wordz)\n  File \"/tmp/tmp4al6p68r.py\", line 9, in check\n    assert candidate('pythonz.') == True\n  File \"/tmp/tmp4al6p68r.py\", line 5, in text_match_wordz\n    return re.search(r\"\\w*z\\w*\", text) is not None\nNameError: name 're' is not defined\n",
      "exit_code": 1,
      "status": "Exception"
    },
    {
      "program": "def text_match_wordz(text: str) -> bool:\n    \"\"\"\n\tWrite a function that matches a word containing 'z'.\n\t\"\"\"\n    pattern = re.compile(r\"\\w*z\\w*\")\n    return bool(pattern.match(text))\n\n\ndef check(candidate):\n    assert candidate('pythonz.') == True\n    assert candidate('xyz.') == True\n    assert candidate('  lang  .') == False\n\ndef test_check():\n    check(text_match_wordz)\n\ntest_check()\n",
      "timestamp": 1666123475,
      "stdout": "",
      "stderr": "Traceback (most recent call last):\n  File \"/tmp/tmpw3iq05ak.py\", line 17, in <module>\n    test_check()\n  File \"/tmp/tmpw3iq05ak.py\", line 15, in test_check\n    check(text_match_wordz)\n  File \"/tmp/tmpw3iq05ak.py\", line 10, in check\n    assert candidate('pythonz.') == True\n  File \"/tmp/tmpw3iq05ak.py\", line 5, in text_match_wordz\n    pattern = re.compile(r\"\\w*z\\w*\")\nNameError: name 're' is not defined\n",
      "exit_code": 1,
      "status": "Exception"
    },
    {
      "program": "def text_match_wordz(text: str) -> bool:\n    \"\"\"\n\tWrite a function that matches a word containing 'z'.\n\t\"\"\"\n    return re.search(r\"\\w*z\\w*\", text) is not None\n\n\ndef check(candidate):\n    assert candidate('pythonz.') == True\n    assert candidate('xyz.') == True\n    assert candidate('  lang  .') == False\n\ndef test_check():\n    check(text_match_wordz)\n\ntest_check()\n",
      "timestamp": 1665510608,
      "stdout": "",
      "stderr": "Traceback (most recent call last):\n  File \"/tmp/tmp4al6p68r.py\", line 16, in <module>\n    test_check()\n  File \"/tmp/tmp4al6p68r.py\", line 14, in test_check\n    check(text_match_wordz)\n  File \"/tmp/tmp4al6p68r.py\", line 9, in check\n    assert candidate('pythonz.') == True\n  File \"/tmp/tmp4al6p68r.py\", line 5, in text_match_wordz\n    return re.search(r\"\\w*z\\w*\", text) is not None\nNameError: name 're' is not defined\n",
      "exit_code": 1,
      "status": "Exception"
    },
    {
      "program": "def text_match_wordz(text: str) -> bool:\n    \"\"\"\n\tWrite a function that matches a word containing 'z'.\n\t\"\"\"\n    return re.search(r\"\\w*z\\w*\", text)\n\n\ndef check(candidate):\n    assert candidate('pythonz.') == True\n    assert candidate('xyz.') == True\n    assert candidate('  lang  .') == False\n\ndef test_check():\n    check(text_match_wordz)\n\ntest_check()\n",
      "timestamp": 1665510608,
      "stdout": "",
      "stderr": "Traceback (most recent call last):\n  File \"/tmp/tmp3oxvgh3d.py\", line 16, in <module>\n    test_check()\n  File \"/tmp/tmp3oxvgh3d.py\", line 14, in test_check\n    check(text_match_wordz)\n  File \"/tmp/tmp3oxvgh3d.py\", line 9, in check\n    assert candidate('pythonz.') == True\n  File \"/tmp/tmp3oxvgh3d.py\", line 5, in text_match_wordz\n    return re.search(r\"\\w*z\\w*\", text)\nNameError: name 're' is not defined\n",
      "exit_code": 1,
      "status": "Exception"
    },
    {
      "program": "def text_match_wordz(text: str) -> bool:\n    \"\"\"\n\tWrite a function that matches a word containing 'z'.\n\t\"\"\"\n    return re.search(r\"\\w*z\\w*\", text) is not None\n\n\ndef check(candidate):\n    assert candidate('pythonz.') == True\n    assert candidate('xyz.') == True\n    assert candidate('  lang  .') == False\n\ndef test_check():\n    check(text_match_wordz)\n\ntest_check()\n",
      "timestamp": 1665510608,
      "stdout": "",
      "stderr": "Traceback (most recent call last):\n  File \"/tmp/tmp4al6p68r.py\", line 16, in <module>\n    test_check()\n  File \"/tmp/tmp4al6p68r.py\", line 14, in test_check\n    check(text_match_wordz)\n  File \"/tmp/tmp4al6p68r.py\", line 9, in check\n    assert candidate('pythonz.') == True\n  File \"/tmp/tmp4al6p68r.py\", line 5, in text_match_wordz\n    return re.search(r\"\\w*z\\w*\", text) is not None\nNameError: name 're' is not defined\n",
      "exit_code": 1,
      "status": "Exception"
    },
    {
      "program": "def text_match_wordz(text: str) -> bool:\n    \"\"\"\n\tWrite a function that matches a word containing 'z'.\n\t\"\"\"\n    return re.search(r\"\\w*z\\w*\", text) is not None\n\n\ndef check(candidate):\n    assert candidate('pythonz.') == True\n    assert candidate('xyz.') == True\n    assert candidate('  lang  .') == False\n\ndef test_check():\n    check(text_match_wordz)\n\ntest_check()\n",
      "timestamp": 1665510608,
      "stdout": "",
      "stderr": "Traceback (most recent call last):\n  File \"/tmp/tmp4al6p68r.py\", line 16, in <module>\n    test_check()\n  File \"/tmp/tmp4al6p68r.py\", line 14, in test_check\n    check(text_match_wordz)\n  File \"/tmp/tmp4al6p68r.py\", line 9, in check\n    assert candidate('pythonz.') == True\n  File \"/tmp/tmp4al6p68r.py\", line 5, in text_match_wordz\n    return re.search(r\"\\w*z\\w*\", text) is not None\nNameError: name 're' is not defined\n",
      "exit_code": 1,
      "status": "Exception"
    },
    {
      "program": "def text_match_wordz(text: str) -> bool:\n    \"\"\"\n\tWrite a function that matches a word containing 'z'.\n\t\"\"\"\n    return re.search(r\"\\bz\\w+\\b\", text) is not None\n\n\ndef check(candidate):\n    assert candidate('pythonz.') == True\n    assert candidate('xyz.') == True\n    assert candidate('  lang  .') == False\n\ndef test_check():\n    check(text_match_wordz)\n\ntest_check()\n",
      "timestamp": 1665510608,
      "stdout": "",
      "stderr": "Traceback (most recent call last):\n  File \"/tmp/tmpb64jy0lt.py\", line 16, in <module>\n    test_check()\n  File \"/tmp/tmpb64jy0lt.py\", line 14, in test_check\n    check(text_match_wordz)\n  File \"/tmp/tmpb64jy0lt.py\", line 9, in check\n    assert candidate('pythonz.') == True\n  File \"/tmp/tmpb64jy0lt.py\", line 5, in text_match_wordz\n    return re.search(r\"\\bz\\w+\\b\", text) is not None\nNameError: name 're' is not defined\n",
      "exit_code": 1,
      "status": "Exception"
    },
    {
      "program": "def text_match_wordz(text: str) -> bool:\n    \"\"\"\n\tWrite a function that matches a word containing 'z'.\n\t\"\"\"\n    return re.search(r\"\\bz\\w*\\b\", text) is not None\n\n\ndef check(candidate):\n    assert candidate('pythonz.') == True\n    assert candidate('xyz.') == True\n    assert candidate('  lang  .') == False\n\ndef test_check():\n    check(text_match_wordz)\n\ntest_check()\n",
      "timestamp": 1665510608,
      "stdout": "",
      "stderr": "Traceback (most recent call last):\n  File \"/tmp/tmpyxqkn1u9.py\", line 16, in <module>\n    test_check()\n  File \"/tmp/tmpyxqkn1u9.py\", line 14, in test_check\n    check(text_match_wordz)\n  File \"/tmp/tmpyxqkn1u9.py\", line 9, in check\n    assert candidate('pythonz.') == True\n  File \"/tmp/tmpyxqkn1u9.py\", line 5, in text_match_wordz\n    return re.search(r\"\\bz\\w*\\b\", text) is not None\nNameError: name 're' is not defined\n",
      "exit_code": 1,
      "status": "Exception"
    },
    {
      "program": "def text_match_wordz(text: str) -> bool:\n    \"\"\"\n\tWrite a function that matches a word containing 'z'.\n\t\"\"\"\n    return re.search(r\"\\bz\\w+\", text)\n\n\ndef check(candidate):\n    assert candidate('pythonz.') == True\n    assert candidate('xyz.') == True\n    assert candidate('  lang  .') == False\n\ndef test_check():\n    check(text_match_wordz)\n\ntest_check()\n",
      "timestamp": 1665510608,
      "stdout": "",
      "stderr": "Traceback (most recent call last):\n  File \"/tmp/tmpssl4jdvy.py\", line 16, in <module>\n    test_check()\n  File \"/tmp/tmpssl4jdvy.py\", line 14, in test_check\n    check(text_match_wordz)\n  File \"/tmp/tmpssl4jdvy.py\", line 9, in check\n    assert candidate('pythonz.') == True\n  File \"/tmp/tmpssl4jdvy.py\", line 5, in text_match_wordz\n    return re.search(r\"\\bz\\w+\", text)\nNameError: name 're' is not defined\n",
      "exit_code": 1,
      "status": "Exception"
    },
    {
      "program": "def text_match_wordz(text: str) -> bool:\n    \"\"\"\n\tWrite a function that matches a word containing 'z'.\n\t\"\"\"\n    return re.search(r\"\\w*z\\w*\", text) is not None\n\n\ndef check(candidate):\n    assert candidate('pythonz.') == True\n    assert candidate('xyz.') == True\n    assert candidate('  lang  .') == False\n\ndef test_check():\n    check(text_match_wordz)\n\ntest_check()\n",
      "timestamp": 1665510608,
      "stdout": "",
      "stderr": "Traceback (most recent call last):\n  File \"/tmp/tmp4al6p68r.py\", line 16, in <module>\n    test_check()\n  File \"/tmp/tmp4al6p68r.py\", line 14, in test_check\n    check(text_match_wordz)\n  File \"/tmp/tmp4al6p68r.py\", line 9, in check\n    assert candidate('pythonz.') == True\n  File \"/tmp/tmp4al6p68r.py\", line 5, in text_match_wordz\n    return re.search(r\"\\w*z\\w*\", text) is not None\nNameError: name 're' is not defined\n",
      "exit_code": 1,
      "status": "Exception"
    },
    {
      "program": "def text_match_wordz(text: str) -> bool:\n    \"\"\"\n\tWrite a function that matches a word containing 'z'.\n\t\"\"\"\n    return re.search(r\"\\w*z\\w*\", text) is not None\n\n\ndef check(candidate):\n    assert candidate('pythonz.') == True\n    assert candidate('xyz.') == True\n    assert candidate('  lang  .') == False\n\ndef test_check():\n    check(text_match_wordz)\n\ntest_check()\n",
      "timestamp": 1665510608,
      "stdout": "",
      "stderr": "Traceback (most recent call last):\n  File \"/tmp/tmp4al6p68r.py\", line 16, in <module>\n    test_check()\n  File \"/tmp/tmp4al6p68r.py\", line 14, in test_check\n    check(text_match_wordz)\n  File \"/tmp/tmp4al6p68r.py\", line 9, in check\n    assert candidate('pythonz.') == True\n  File \"/tmp/tmp4al6p68r.py\", line 5, in text_match_wordz\n    return re.search(r\"\\w*z\\w*\", text) is not None\nNameError: name 're' is not defined\n",
      "exit_code": 1,
      "status": "Exception"
    },
    {
      "program": "def text_match_wordz(text: str) -> bool:\n    \"\"\"\n\tWrite a function that matches a word containing 'z'.\n\t\"\"\"\n    return re.search(r\"\\w*z\\w*\", text)\n\n\ndef check(candidate):\n    assert candidate('pythonz.') == True\n    assert candidate('xyz.') == True\n    assert candidate('  lang  .') == False\n\ndef test_check():\n    check(text_match_wordz)\n\ntest_check()\n",
      "timestamp": 1665510608,
      "stdout": "",
      "stderr": "Traceback (most recent call last):\n  File \"/tmp/tmp3oxvgh3d.py\", line 16, in <module>\n    test_check()\n  File \"/tmp/tmp3oxvgh3d.py\", line 14, in test_check\n    check(text_match_wordz)\n  File \"/tmp/tmp3oxvgh3d.py\", line 9, in check\n    assert candidate('pythonz.') == True\n  File \"/tmp/tmp3oxvgh3d.py\", line 5, in text_match_wordz\n    return re.search(r\"\\w*z\\w*\", text)\nNameError: name 're' is not defined\n",
      "exit_code": 1,
      "status": "Exception"
    },
    {
      "program": "def text_match_wordz(text: str) -> bool:\n    \"\"\"\n\tWrite a function that matches a word containing 'z'.\n\t\"\"\"\n    return re.search(r\"\\bz\\w+\\b\", text) is not None\n\n\ndef check(candidate):\n    assert candidate('pythonz.') == True\n    assert candidate('xyz.') == True\n    assert candidate('  lang  .') == False\n\ndef test_check():\n    check(text_match_wordz)\n\ntest_check()\n",
      "timestamp": 1665510608,
      "stdout": "",
      "stderr": "Traceback (most recent call last):\n  File \"/tmp/tmpb64jy0lt.py\", line 16, in <module>\n    test_check()\n  File \"/tmp/tmpb64jy0lt.py\", line 14, in test_check\n    check(text_match_wordz)\n  File \"/tmp/tmpb64jy0lt.py\", line 9, in check\n    assert candidate('pythonz.') == True\n  File \"/tmp/tmpb64jy0lt.py\", line 5, in text_match_wordz\n    return re.search(r\"\\bz\\w+\\b\", text) is not None\nNameError: name 're' is not defined\n",
      "exit_code": 1,
      "status": "Exception"
    },
    {
      "program": "def text_match_wordz(text: str) -> bool:\n    \"\"\"\n\tWrite a function that matches a word containing 'z'.\n\t\"\"\"\n    return re.search(r\"\\w*z\\w*\", text)\n\n\ndef check(candidate):\n    assert candidate('pythonz.') == True\n    assert candidate('xyz.') == True\n    assert candidate('  lang  .') == False\n\ndef test_check():\n    check(text_match_wordz)\n\ntest_check()\n",
      "timestamp": 1665510608,
      "stdout": "",
      "stderr": "Traceback (most recent call last):\n  File \"/tmp/tmp3oxvgh3d.py\", line 16, in <module>\n    test_check()\n  File \"/tmp/tmp3oxvgh3d.py\", line 14, in test_check\n    check(text_match_wordz)\n  File \"/tmp/tmp3oxvgh3d.py\", line 9, in check\n    assert candidate('pythonz.') == True\n  File \"/tmp/tmp3oxvgh3d.py\", line 5, in text_match_wordz\n    return re.search(r\"\\w*z\\w*\", text)\nNameError: name 're' is not defined\n",
      "exit_code": 1,
      "status": "Exception"
    },
    {
      "program": "def text_match_wordz(text: str) -> bool:\n    \"\"\"\n\tWrite a function that matches a word containing 'z'.\n\t\"\"\"\n    return re.search(r\"\\w*z\\w*\", text) is not None\n\n\ndef check(candidate):\n    assert candidate('pythonz.') == True\n    assert candidate('xyz.') == True\n    assert candidate('  lang  .') == False\n\ndef test_check():\n    check(text_match_wordz)\n\ntest_check()\n",
      "timestamp": 1665510608,
      "stdout": "",
      "stderr": "Traceback (most recent call last):\n  File \"/tmp/tmp4al6p68r.py\", line 16, in <module>\n    test_check()\n  File \"/tmp/tmp4al6p68r.py\", line 14, in test_check\n    check(text_match_wordz)\n  File \"/tmp/tmp4al6p68r.py\", line 9, in check\n    assert candidate('pythonz.') == True\n  File \"/tmp/tmp4al6p68r.py\", line 5, in text_match_wordz\n    return re.search(r\"\\w*z\\w*\", text) is not None\nNameError: name 're' is not defined\n",
      "exit_code": 1,
      "status": "Exception"
    },
    {
      "program": "def text_match_wordz(text: str) -> bool:\n    \"\"\"\n\tWrite a function that matches a word containing 'z'.\n\t\"\"\"\n    return re.search(r\"\\w*z\\w*\", text) is not None\n\n\ndef check(candidate):\n    assert candidate('pythonz.') == True\n    assert candidate('xyz.') == True\n    assert candidate('  lang  .') == False\n\ndef test_check():\n    check(text_match_wordz)\n\ntest_check()\n",
      "timestamp": 1665510608,
      "stdout": "",
      "stderr": "Traceback (most recent call last):\n  File \"/tmp/tmp4al6p68r.py\", line 16, in <module>\n    test_check()\n  File \"/tmp/tmp4al6p68r.py\", line 14, in test_check\n    check(text_match_wordz)\n  File \"/tmp/tmp4al6p68r.py\", line 9, in check\n    assert candidate('pythonz.') == True\n  File \"/tmp/tmp4al6p68r.py\", line 5, in text_match_wordz\n    return re.search(r\"\\w*z\\w*\", text) is not None\nNameError: name 're' is not defined\n",
      "exit_code": 1,
      "status": "Exception"
    },
    {
      "program": "def text_match_wordz(text: str) -> bool:\n    \"\"\"\n\tWrite a function that matches a word containing 'z'.\n\t\"\"\"\n    return re.search(r\"\\w*z\\w*\", text)\n\n\ndef check(candidate):\n    assert candidate('pythonz.') == True\n    assert candidate('xyz.') == True\n    assert candidate('  lang  .') == False\n\ndef test_check():\n    check(text_match_wordz)\n\ntest_check()\n",
      "timestamp": 1665510608,
      "stdout": "",
      "stderr": "Traceback (most recent call last):\n  File \"/tmp/tmp3oxvgh3d.py\", line 16, in <module>\n    test_check()\n  File \"/tmp/tmp3oxvgh3d.py\", line 14, in test_check\n    check(text_match_wordz)\n  File \"/tmp/tmp3oxvgh3d.py\", line 9, in check\n    assert candidate('pythonz.') == True\n  File \"/tmp/tmp3oxvgh3d.py\", line 5, in text_match_wordz\n    return re.search(r\"\\w*z\\w*\", text)\nNameError: name 're' is not defined\n",
      "exit_code": 1,
      "status": "Exception"
    },
    {
      "program": "def text_match_wordz(text: str) -> bool:\n    \"\"\"\n\tWrite a function that matches a word containing 'z'.\n\t\"\"\"\n    return re.search(r\"\\w*z\\w*\", text)\n\n\ndef check(candidate):\n    assert candidate('pythonz.') == True\n    assert candidate('xyz.') == True\n    assert candidate('  lang  .') == False\n\ndef test_check():\n    check(text_match_wordz)\n\ntest_check()\n",
      "timestamp": 1665510608,
      "stdout": "",
      "stderr": "Traceback (most recent call last):\n  File \"/tmp/tmp3oxvgh3d.py\", line 16, in <module>\n    test_check()\n  File \"/tmp/tmp3oxvgh3d.py\", line 14, in test_check\n    check(text_match_wordz)\n  File \"/tmp/tmp3oxvgh3d.py\", line 9, in check\n    assert candidate('pythonz.') == True\n  File \"/tmp/tmp3oxvgh3d.py\", line 5, in text_match_wordz\n    return re.search(r\"\\w*z\\w*\", text)\nNameError: name 're' is not defined\n",
      "exit_code": 1,
      "status": "Exception"
    },
    {
      "program": "def text_match_wordz(text: str) -> bool:\n    \"\"\"\n\tWrite a function that matches a word containing 'z'.\n\t\"\"\"\n    return re.search(r\"\\w*z\\w*\", text) is not None\n\n\ndef check(candidate):\n    assert candidate('pythonz.') == True\n    assert candidate('xyz.') == True\n    assert candidate('  lang  .') == False\n\ndef test_check():\n    check(text_match_wordz)\n\ntest_check()\n",
      "timestamp": 1665510608,
      "stdout": "",
      "stderr": "Traceback (most recent call last):\n  File \"/tmp/tmp4al6p68r.py\", line 16, in <module>\n    test_check()\n  File \"/tmp/tmp4al6p68r.py\", line 14, in test_check\n    check(text_match_wordz)\n  File \"/tmp/tmp4al6p68r.py\", line 9, in check\n    assert candidate('pythonz.') == True\n  File \"/tmp/tmp4al6p68r.py\", line 5, in text_match_wordz\n    return re.search(r\"\\w*z\\w*\", text) is not None\nNameError: name 're' is not defined\n",
      "exit_code": 1,
      "status": "Exception"
    },
    {
      "program": "def text_match_wordz(text: str) -> bool:\n    \"\"\"\n\tWrite a function that matches a word containing 'z'.\n\t\"\"\"\n    return re.search(r\"\\bz\\w+\", text) is not None\n\n\ndef check(candidate):\n    assert candidate('pythonz.') == True\n    assert candidate('xyz.') == True\n    assert candidate('  lang  .') == False\n\ndef test_check():\n    check(text_match_wordz)\n\ntest_check()\n",
      "timestamp": 1665510608,
      "stdout": "",
      "stderr": "Traceback (most recent call last):\n  File \"/tmp/tmpmmmwbpbb.py\", line 16, in <module>\n    test_check()\n  File \"/tmp/tmpmmmwbpbb.py\", line 14, in test_check\n    check(text_match_wordz)\n  File \"/tmp/tmpmmmwbpbb.py\", line 9, in check\n    assert candidate('pythonz.') == True\n  File \"/tmp/tmpmmmwbpbb.py\", line 5, in text_match_wordz\n    return re.search(r\"\\bz\\w+\", text) is not None\nNameError: name 're' is not defined\n",
      "exit_code": 1,
      "status": "Exception"
    },
    {
      "program": "def text_match_wordz(text: str) -> bool:\n    \"\"\"\n\tWrite a function that matches a word containing 'z'.\n\t\"\"\"\n    return re.search(r\"\\w*z\\w*\", text) is not None\n\n\ndef check(candidate):\n    assert candidate('pythonz.') == True\n    assert candidate('xyz.') == True\n    assert candidate('  lang  .') == False\n\ndef test_check():\n    check(text_match_wordz)\n\ntest_check()\n",
      "timestamp": 1665510608,
      "stdout": "",
      "stderr": "Traceback (most recent call last):\n  File \"/tmp/tmp4al6p68r.py\", line 16, in <module>\n    test_check()\n  File \"/tmp/tmp4al6p68r.py\", line 14, in test_check\n    check(text_match_wordz)\n  File \"/tmp/tmp4al6p68r.py\", line 9, in check\n    assert candidate('pythonz.') == True\n  File \"/tmp/tmp4al6p68r.py\", line 5, in text_match_wordz\n    return re.search(r\"\\w*z\\w*\", text) is not None\nNameError: name 're' is not defined\n",
      "exit_code": 1,
      "status": "Exception"
    },
    {
      "program": "def text_match_wordz(text: str) -> bool:\n    \"\"\"\n\tWrite a function that matches a word containing 'z'.\n\t\"\"\"\n    return re.search(r\"\\w*z\\w*\", text)\n\n\ndef check(candidate):\n    assert candidate('pythonz.') == True\n    assert candidate('xyz.') == True\n    assert candidate('  lang  .') == False\n\ndef test_check():\n    check(text_match_wordz)\n\ntest_check()\n",
      "timestamp": 1665510608,
      "stdout": "",
      "stderr": "Traceback (most recent call last):\n  File \"/tmp/tmp3oxvgh3d.py\", line 16, in <module>\n    test_check()\n  File \"/tmp/tmp3oxvgh3d.py\", line 14, in test_check\n    check(text_match_wordz)\n  File \"/tmp/tmp3oxvgh3d.py\", line 9, in check\n    assert candidate('pythonz.') == True\n  File \"/tmp/tmp3oxvgh3d.py\", line 5, in text_match_wordz\n    return re.search(r\"\\w*z\\w*\", text)\nNameError: name 're' is not defined\n",
      "exit_code": 1,
      "status": "Exception"
    },
    {
      "program": "def text_match_wordz(text: str) -> bool:\n    \"\"\"\n\tWrite a function that matches a word containing 'z'.\n\t\"\"\"\n    return re.search(r\"\\bz\\w+\", text) is not None\n\n\ndef check(candidate):\n    assert candidate('pythonz.') == True\n    assert candidate('xyz.') == True\n    assert candidate('  lang  .') == False\n\ndef test_check():\n    check(text_match_wordz)\n\ntest_check()\n",
      "timestamp": 1665510608,
      "stdout": "",
      "stderr": "Traceback (most recent call last):\n  File \"/tmp/tmpmmmwbpbb.py\", line 16, in <module>\n    test_check()\n  File \"/tmp/tmpmmmwbpbb.py\", line 14, in test_check\n    check(text_match_wordz)\n  File \"/tmp/tmpmmmwbpbb.py\", line 9, in check\n    assert candidate('pythonz.') == True\n  File \"/tmp/tmpmmmwbpbb.py\", line 5, in text_match_wordz\n    return re.search(r\"\\bz\\w+\", text) is not None\nNameError: name 're' is not defined\n",
      "exit_code": 1,
      "status": "Exception"
    },
    {
      "program": "def text_match_wordz(text: str) -> bool:\n    \"\"\"\n\tWrite a function that matches a word containing 'z'.\n\t\"\"\"\n    return re.search(r\"\\bz\\w+\", text) is not None\n\n\ndef check(candidate):\n    assert candidate('pythonz.') == True\n    assert candidate('xyz.') == True\n    assert candidate('  lang  .') == False\n\ndef test_check():\n    check(text_match_wordz)\n\ntest_check()\n",
      "timestamp": 1665510608,
      "stdout": "",
      "stderr": "Traceback (most recent call last):\n  File \"/tmp/tmpmmmwbpbb.py\", line 16, in <module>\n    test_check()\n  File \"/tmp/tmpmmmwbpbb.py\", line 14, in test_check\n    check(text_match_wordz)\n  File \"/tmp/tmpmmmwbpbb.py\", line 9, in check\n    assert candidate('pythonz.') == True\n  File \"/tmp/tmpmmmwbpbb.py\", line 5, in text_match_wordz\n    return re.search(r\"\\bz\\w+\", text) is not None\nNameError: name 're' is not defined\n",
      "exit_code": 1,
      "status": "Exception"
    },
    {
      "program": "def text_match_wordz(text: str) -> bool:\n    \"\"\"\n\tWrite a function that matches a word containing 'z'.\n\t\"\"\"\n    return re.search(r\"\\b[z]+\\b\", text) is not None\n\n\ndef check(candidate):\n    assert candidate('pythonz.') == True\n    assert candidate('xyz.') == True\n    assert candidate('  lang  .') == False\n\ndef test_check():\n    check(text_match_wordz)\n\ntest_check()\n",
      "timestamp": 1665510608,
      "stdout": "",
      "stderr": "Traceback (most recent call last):\n  File \"/tmp/tmp1bkz5p0a.py\", line 16, in <module>\n    test_check()\n  File \"/tmp/tmp1bkz5p0a.py\", line 14, in test_check\n    check(text_match_wordz)\n  File \"/tmp/tmp1bkz5p0a.py\", line 9, in check\n    assert candidate('pythonz.') == True\n  File \"/tmp/tmp1bkz5p0a.py\", line 5, in text_match_wordz\n    return re.search(r\"\\b[z]+\\b\", text) is not None\nNameError: name 're' is not defined\n",
      "exit_code": 1,
      "status": "Exception"
    },
    {
      "program": "def text_match_wordz(text: str) -> bool:\n    \"\"\"\n\tWrite a function that matches a word containing 'z'.\n\t\"\"\"\n    return re.search(r\"\\w*z\\w*\", text)\n\n\ndef check(candidate):\n    assert candidate('pythonz.') == True\n    assert candidate('xyz.') == True\n    assert candidate('  lang  .') == False\n\ndef test_check():\n    check(text_match_wordz)\n\ntest_check()\n",
      "timestamp": 1665510608,
      "stdout": "",
      "stderr": "Traceback (most recent call last):\n  File \"/tmp/tmp3oxvgh3d.py\", line 16, in <module>\n    test_check()\n  File \"/tmp/tmp3oxvgh3d.py\", line 14, in test_check\n    check(text_match_wordz)\n  File \"/tmp/tmp3oxvgh3d.py\", line 9, in check\n    assert candidate('pythonz.') == True\n  File \"/tmp/tmp3oxvgh3d.py\", line 5, in text_match_wordz\n    return re.search(r\"\\w*z\\w*\", text)\nNameError: name 're' is not defined\n",
      "exit_code": 1,
      "status": "Exception"
    },
    {
      "program": "def text_match_wordz(text: str) -> bool:\n    \"\"\"\n\tWrite a function that matches a word containing 'z'.\n\t\"\"\"\n    return re.search(r\"\\w*z\\w*\", text)\n\n\ndef check(candidate):\n    assert candidate('pythonz.') == True\n    assert candidate('xyz.') == True\n    assert candidate('  lang  .') == False\n\ndef test_check():\n    check(text_match_wordz)\n\ntest_check()\n",
      "timestamp": 1665510608,
      "stdout": "",
      "stderr": "Traceback (most recent call last):\n  File \"/tmp/tmp3oxvgh3d.py\", line 16, in <module>\n    test_check()\n  File \"/tmp/tmp3oxvgh3d.py\", line 14, in test_check\n    check(text_match_wordz)\n  File \"/tmp/tmp3oxvgh3d.py\", line 9, in check\n    assert candidate('pythonz.') == True\n  File \"/tmp/tmp3oxvgh3d.py\", line 5, in text_match_wordz\n    return re.search(r\"\\w*z\\w*\", text)\nNameError: name 're' is not defined\n",
      "exit_code": 1,
      "status": "Exception"
    },
    {
      "program": "def text_match_wordz(text: str) -> bool:\n    \"\"\"\n\tWrite a function that matches a word containing 'z'.\n\t\"\"\"\n    return re.search(r\"\\w*z\\w*\", text)\n\n\ndef check(candidate):\n    assert candidate('pythonz.') == True\n    assert candidate('xyz.') == True\n    assert candidate('  lang  .') == False\n\ndef test_check():\n    check(text_match_wordz)\n\ntest_check()\n",
      "timestamp": 1665510608,
      "stdout": "",
      "stderr": "Traceback (most recent call last):\n  File \"/tmp/tmp3oxvgh3d.py\", line 16, in <module>\n    test_check()\n  File \"/tmp/tmp3oxvgh3d.py\", line 14, in test_check\n    check(text_match_wordz)\n  File \"/tmp/tmp3oxvgh3d.py\", line 9, in check\n    assert candidate('pythonz.') == True\n  File \"/tmp/tmp3oxvgh3d.py\", line 5, in text_match_wordz\n    return re.search(r\"\\w*z\\w*\", text)\nNameError: name 're' is not defined\n",
      "exit_code": 1,
      "status": "Exception"
    },
    {
      "program": "def text_match_wordz(text: str) -> bool:\n    \"\"\"\n\tWrite a function that matches a word containing 'z'.\n\t\"\"\"\n    return re.search(r\"\\bz\\w+\", text) is not None\n\n\ndef check(candidate):\n    assert candidate('pythonz.') == True\n    assert candidate('xyz.') == True\n    assert candidate('  lang  .') == False\n\ndef test_check():\n    check(text_match_wordz)\n\ntest_check()\n",
      "timestamp": 1665510608,
      "stdout": "",
      "stderr": "Traceback (most recent call last):\n  File \"/tmp/tmpmmmwbpbb.py\", line 16, in <module>\n    test_check()\n  File \"/tmp/tmpmmmwbpbb.py\", line 14, in test_check\n    check(text_match_wordz)\n  File \"/tmp/tmpmmmwbpbb.py\", line 9, in check\n    assert candidate('pythonz.') == True\n  File \"/tmp/tmpmmmwbpbb.py\", line 5, in text_match_wordz\n    return re.search(r\"\\bz\\w+\", text) is not None\nNameError: name 're' is not defined\n",
      "exit_code": 1,
      "status": "Exception"
    },
    {
      "program": "def text_match_wordz(text: str) -> bool:\n    \"\"\"\n\tWrite a function that matches a word containing 'z'.\n\t\"\"\"\n    return re.search(r\"\\w*z\\w*\", text) is not None\n\n\ndef check(candidate):\n    assert candidate('pythonz.') == True\n    assert candidate('xyz.') == True\n    assert candidate('  lang  .') == False\n\ndef test_check():\n    check(text_match_wordz)\n\ntest_check()\n",
      "timestamp": 1665510608,
      "stdout": "",
      "stderr": "Traceback (most recent call last):\n  File \"/tmp/tmp4al6p68r.py\", line 16, in <module>\n    test_check()\n  File \"/tmp/tmp4al6p68r.py\", line 14, in test_check\n    check(text_match_wordz)\n  File \"/tmp/tmp4al6p68r.py\", line 9, in check\n    assert candidate('pythonz.') == True\n  File \"/tmp/tmp4al6p68r.py\", line 5, in text_match_wordz\n    return re.search(r\"\\w*z\\w*\", text) is not None\nNameError: name 're' is not defined\n",
      "exit_code": 1,
      "status": "Exception"
    },
    {
      "program": "def text_match_wordz(text: str) -> bool:\n    \"\"\"\n\tWrite a function that matches a word containing 'z'.\n\t\"\"\"\n    return re.search(r\"\\bz\\w*\\b\", text)\n\n\ndef check(candidate):\n    assert candidate('pythonz.') == True\n    assert candidate('xyz.') == True\n    assert candidate('  lang  .') == False\n\ndef test_check():\n    check(text_match_wordz)\n\ntest_check()\n",
      "timestamp": 1666123474,
      "stdout": "",
      "stderr": "Traceback (most recent call last):\n  File \"/tmp/tmpnxcqyz1b.py\", line 16, in <module>\n    test_check()\n  File \"/tmp/tmpnxcqyz1b.py\", line 14, in test_check\n    check(text_match_wordz)\n  File \"/tmp/tmpnxcqyz1b.py\", line 9, in check\n    assert candidate('pythonz.') == True\n  File \"/tmp/tmpnxcqyz1b.py\", line 5, in text_match_wordz\n    return re.search(r\"\\bz\\w*\\b\", text)\nNameError: name 're' is not defined\n",
      "exit_code": 1,
      "status": "Exception"
    },
    {
      "program": "def text_match_wordz(text: str) -> bool:\n    \"\"\"\n\tWrite a function that matches a word containing 'z'.\n\t\"\"\"\n    return re.search(r\"\\w*z\\w*\", text) is not None\n\n\ndef check(candidate):\n    assert candidate('pythonz.') == True\n    assert candidate('xyz.') == True\n    assert candidate('  lang  .') == False\n\ndef test_check():\n    check(text_match_wordz)\n\ntest_check()\n",
      "timestamp": 1665510608,
      "stdout": "",
      "stderr": "Traceback (most recent call last):\n  File \"/tmp/tmp4al6p68r.py\", line 16, in <module>\n    test_check()\n  File \"/tmp/tmp4al6p68r.py\", line 14, in test_check\n    check(text_match_wordz)\n  File \"/tmp/tmp4al6p68r.py\", line 9, in check\n    assert candidate('pythonz.') == True\n  File \"/tmp/tmp4al6p68r.py\", line 5, in text_match_wordz\n    return re.search(r\"\\w*z\\w*\", text) is not None\nNameError: name 're' is not defined\n",
      "exit_code": 1,
      "status": "Exception"
    },
    {
      "program": "def text_match_wordz(text: str) -> bool:\n    \"\"\"\n\tWrite a function that matches a word containing 'z'.\n\t\"\"\"\n    return re.search(r\"\\w*z\\w*\", text)\n\n\ndef check(candidate):\n    assert candidate('pythonz.') == True\n    assert candidate('xyz.') == True\n    assert candidate('  lang  .') == False\n\ndef test_check():\n    check(text_match_wordz)\n\ntest_check()\n",
      "timestamp": 1665510608,
      "stdout": "",
      "stderr": "Traceback (most recent call last):\n  File \"/tmp/tmp3oxvgh3d.py\", line 16, in <module>\n    test_check()\n  File \"/tmp/tmp3oxvgh3d.py\", line 14, in test_check\n    check(text_match_wordz)\n  File \"/tmp/tmp3oxvgh3d.py\", line 9, in check\n    assert candidate('pythonz.') == True\n  File \"/tmp/tmp3oxvgh3d.py\", line 5, in text_match_wordz\n    return re.search(r\"\\w*z\\w*\", text)\nNameError: name 're' is not defined\n",
      "exit_code": 1,
      "status": "Exception"
    },
    {
      "program": "def text_match_wordz(text: str) -> bool:\n    \"\"\"\n\tWrite a function that matches a word containing 'z'.\n\t\"\"\"\n    return re.search(r\"\\w*z\\w*\", text)\n\n\ndef check(candidate):\n    assert candidate('pythonz.') == True\n    assert candidate('xyz.') == True\n    assert candidate('  lang  .') == False\n\ndef test_check():\n    check(text_match_wordz)\n\ntest_check()\n",
      "timestamp": 1665510608,
      "stdout": "",
      "stderr": "Traceback (most recent call last):\n  File \"/tmp/tmp3oxvgh3d.py\", line 16, in <module>\n    test_check()\n  File \"/tmp/tmp3oxvgh3d.py\", line 14, in test_check\n    check(text_match_wordz)\n  File \"/tmp/tmp3oxvgh3d.py\", line 9, in check\n    assert candidate('pythonz.') == True\n  File \"/tmp/tmp3oxvgh3d.py\", line 5, in text_match_wordz\n    return re.search(r\"\\w*z\\w*\", text)\nNameError: name 're' is not defined\n",
      "exit_code": 1,
      "status": "Exception"
    },
    {
      "program": "def text_match_wordz(text: str) -> bool:\n    \"\"\"\n\tWrite a function that matches a word containing 'z'.\n\t\"\"\"\n    return re.search(r\"\\b[z]+\\b\", text) is not None\n\n\ndef check(candidate):\n    assert candidate('pythonz.') == True\n    assert candidate('xyz.') == True\n    assert candidate('  lang  .') == False\n\ndef test_check():\n    check(text_match_wordz)\n\ntest_check()\n",
      "timestamp": 1665510608,
      "stdout": "",
      "stderr": "Traceback (most recent call last):\n  File \"/tmp/tmp1bkz5p0a.py\", line 16, in <module>\n    test_check()\n  File \"/tmp/tmp1bkz5p0a.py\", line 14, in test_check\n    check(text_match_wordz)\n  File \"/tmp/tmp1bkz5p0a.py\", line 9, in check\n    assert candidate('pythonz.') == True\n  File \"/tmp/tmp1bkz5p0a.py\", line 5, in text_match_wordz\n    return re.search(r\"\\b[z]+\\b\", text) is not None\nNameError: name 're' is not defined\n",
      "exit_code": 1,
      "status": "Exception"
    },
    {
      "program": "def text_match_wordz(text: str) -> bool:\n    \"\"\"\n\tWrite a function that matches a word containing 'z'.\n\t\"\"\"\n    return re.search(r\"\\w*z\\w*\", text) is not None\n\n\ndef check(candidate):\n    assert candidate('pythonz.') == True\n    assert candidate('xyz.') == True\n    assert candidate('  lang  .') == False\n\ndef test_check():\n    check(text_match_wordz)\n\ntest_check()\n",
      "timestamp": 1665510608,
      "stdout": "",
      "stderr": "Traceback (most recent call last):\n  File \"/tmp/tmp4al6p68r.py\", line 16, in <module>\n    test_check()\n  File \"/tmp/tmp4al6p68r.py\", line 14, in test_check\n    check(text_match_wordz)\n  File \"/tmp/tmp4al6p68r.py\", line 9, in check\n    assert candidate('pythonz.') == True\n  File \"/tmp/tmp4al6p68r.py\", line 5, in text_match_wordz\n    return re.search(r\"\\w*z\\w*\", text) is not None\nNameError: name 're' is not defined\n",
      "exit_code": 1,
      "status": "Exception"
    },
    {
      "program": "def text_match_wordz(text: str) -> bool:\n    \"\"\"\n\tWrite a function that matches a word containing 'z'.\n\t\"\"\"\n    return re.search(r\"\\bz\\w*\\b\", text) is not None\n\n\ndef check(candidate):\n    assert candidate('pythonz.') == True\n    assert candidate('xyz.') == True\n    assert candidate('  lang  .') == False\n\ndef test_check():\n    check(text_match_wordz)\n\ntest_check()\n",
      "timestamp": 1665510608,
      "stdout": "",
      "stderr": "Traceback (most recent call last):\n  File \"/tmp/tmpyxqkn1u9.py\", line 16, in <module>\n    test_check()\n  File \"/tmp/tmpyxqkn1u9.py\", line 14, in test_check\n    check(text_match_wordz)\n  File \"/tmp/tmpyxqkn1u9.py\", line 9, in check\n    assert candidate('pythonz.') == True\n  File \"/tmp/tmpyxqkn1u9.py\", line 5, in text_match_wordz\n    return re.search(r\"\\bz\\w*\\b\", text) is not None\nNameError: name 're' is not defined\n",
      "exit_code": 1,
      "status": "Exception"
    },
    {
      "program": "def text_match_wordz(text: str) -> bool:\n    \"\"\"\n\tWrite a function that matches a word containing 'z'.\n\t\"\"\"\n    return re.search(r\"\\w*z\\w*\", text)\n\n\ndef check(candidate):\n    assert candidate('pythonz.') == True\n    assert candidate('xyz.') == True\n    assert candidate('  lang  .') == False\n\ndef test_check():\n    check(text_match_wordz)\n\ntest_check()\n",
      "timestamp": 1665510608,
      "stdout": "",
      "stderr": "Traceback (most recent call last):\n  File \"/tmp/tmp3oxvgh3d.py\", line 16, in <module>\n    test_check()\n  File \"/tmp/tmp3oxvgh3d.py\", line 14, in test_check\n    check(text_match_wordz)\n  File \"/tmp/tmp3oxvgh3d.py\", line 9, in check\n    assert candidate('pythonz.') == True\n  File \"/tmp/tmp3oxvgh3d.py\", line 5, in text_match_wordz\n    return re.search(r\"\\w*z\\w*\", text)\nNameError: name 're' is not defined\n",
      "exit_code": 1,
      "status": "Exception"
    },
    {
      "program": "def text_match_wordz(text: str) -> bool:\n    \"\"\"\n\tWrite a function that matches a word containing 'z'.\n\t\"\"\"\n    return re.search(r\"\\w*z\\w*\", text) is not None\n\n\ndef check(candidate):\n    assert candidate('pythonz.') == True\n    assert candidate('xyz.') == True\n    assert candidate('  lang  .') == False\n\ndef test_check():\n    check(text_match_wordz)\n\ntest_check()\n",
      "timestamp": 1665510608,
      "stdout": "",
      "stderr": "Traceback (most recent call last):\n  File \"/tmp/tmp4al6p68r.py\", line 16, in <module>\n    test_check()\n  File \"/tmp/tmp4al6p68r.py\", line 14, in test_check\n    check(text_match_wordz)\n  File \"/tmp/tmp4al6p68r.py\", line 9, in check\n    assert candidate('pythonz.') == True\n  File \"/tmp/tmp4al6p68r.py\", line 5, in text_match_wordz\n    return re.search(r\"\\w*z\\w*\", text) is not None\nNameError: name 're' is not defined\n",
      "exit_code": 1,
      "status": "Exception"
    },
    {
      "program": "def text_match_wordz(text: str) -> bool:\n    \"\"\"\n\tWrite a function that matches a word containing 'z'.\n\t\"\"\"\n    return bool(re.search(r\"\\w*z\\w*\", text))\n\n\ndef check(candidate):\n    assert candidate('pythonz.') == True\n    assert candidate('xyz.') == True\n    assert candidate('  lang  .') == False\n\ndef test_check():\n    check(text_match_wordz)\n\ntest_check()\n",
      "timestamp": 1666123474,
      "stdout": "",
      "stderr": "Traceback (most recent call last):\n  File \"/tmp/tmpustig1zd.py\", line 16, in <module>\n    test_check()\n  File \"/tmp/tmpustig1zd.py\", line 14, in test_check\n    check(text_match_wordz)\n  File \"/tmp/tmpustig1zd.py\", line 9, in check\n    assert candidate('pythonz.') == True\n  File \"/tmp/tmpustig1zd.py\", line 5, in text_match_wordz\n    return bool(re.search(r\"\\w*z\\w*\", text))\nNameError: name 're' is not defined\n",
      "exit_code": 1,
      "status": "Exception"
    },
    {
      "program": "def text_match_wordz(text: str) -> bool:\n    \"\"\"\n\tWrite a function that matches a word containing 'z'.\n\t\"\"\"\n    pattern = re.compile(r\"\\w*z\\w*\")\n    return bool(pattern.match(text))\n\n\ndef check(candidate):\n    assert candidate('pythonz.') == True\n    assert candidate('xyz.') == True\n    assert candidate('  lang  .') == False\n\ndef test_check():\n    check(text_match_wordz)\n\ntest_check()\n",
      "timestamp": 1666123475,
      "stdout": "",
      "stderr": "Traceback (most recent call last):\n  File \"/tmp/tmpw3iq05ak.py\", line 17, in <module>\n    test_check()\n  File \"/tmp/tmpw3iq05ak.py\", line 15, in test_check\n    check(text_match_wordz)\n  File \"/tmp/tmpw3iq05ak.py\", line 10, in check\n    assert candidate('pythonz.') == True\n  File \"/tmp/tmpw3iq05ak.py\", line 5, in text_match_wordz\n    pattern = re.compile(r\"\\w*z\\w*\")\nNameError: name 're' is not defined\n",
      "exit_code": 1,
      "status": "Exception"
    },
    {
      "program": "def text_match_wordz(text: str) -> bool:\n    \"\"\"\n\tWrite a function that matches a word containing 'z'.\n\t\"\"\"\n    return re.search(r\"\\w*z\\w*\", text) is not None\n\n\ndef check(candidate):\n    assert candidate('pythonz.') == True\n    assert candidate('xyz.') == True\n    assert candidate('  lang  .') == False\n\ndef test_check():\n    check(text_match_wordz)\n\ntest_check()\n",
      "timestamp": 1665510608,
      "stdout": "",
      "stderr": "Traceback (most recent call last):\n  File \"/tmp/tmp4al6p68r.py\", line 16, in <module>\n    test_check()\n  File \"/tmp/tmp4al6p68r.py\", line 14, in test_check\n    check(text_match_wordz)\n  File \"/tmp/tmp4al6p68r.py\", line 9, in check\n    assert candidate('pythonz.') == True\n  File \"/tmp/tmp4al6p68r.py\", line 5, in text_match_wordz\n    return re.search(r\"\\w*z\\w*\", text) is not None\nNameError: name 're' is not defined\n",
      "exit_code": 1,
      "status": "Exception"
    },
    {
      "program": "def text_match_wordz(text: str) -> bool:\n    \"\"\"\n\tWrite a function that matches a word containing 'z'.\n\t\"\"\"\n    return re.search(r\"\\w*z\\w*\", text)\n\n\ndef check(candidate):\n    assert candidate('pythonz.') == True\n    assert candidate('xyz.') == True\n    assert candidate('  lang  .') == False\n\ndef test_check():\n    check(text_match_wordz)\n\ntest_check()\n",
      "timestamp": 1665510608,
      "stdout": "",
      "stderr": "Traceback (most recent call last):\n  File \"/tmp/tmp3oxvgh3d.py\", line 16, in <module>\n    test_check()\n  File \"/tmp/tmp3oxvgh3d.py\", line 14, in test_check\n    check(text_match_wordz)\n  File \"/tmp/tmp3oxvgh3d.py\", line 9, in check\n    assert candidate('pythonz.') == True\n  File \"/tmp/tmp3oxvgh3d.py\", line 5, in text_match_wordz\n    return re.search(r\"\\w*z\\w*\", text)\nNameError: name 're' is not defined\n",
      "exit_code": 1,
      "status": "Exception"
    },
    {
      "program": "def text_match_wordz(text: str) -> bool:\n    \"\"\"\n\tWrite a function that matches a word containing 'z'.\n\t\"\"\"\n    return re.search(r\"\\w*z\\w*\", text)\n\n\ndef check(candidate):\n    assert candidate('pythonz.') == True\n    assert candidate('xyz.') == True\n    assert candidate('  lang  .') == False\n\ndef test_check():\n    check(text_match_wordz)\n\ntest_check()\n",
      "timestamp": 1665510608,
      "stdout": "",
      "stderr": "Traceback (most recent call last):\n  File \"/tmp/tmp3oxvgh3d.py\", line 16, in <module>\n    test_check()\n  File \"/tmp/tmp3oxvgh3d.py\", line 14, in test_check\n    check(text_match_wordz)\n  File \"/tmp/tmp3oxvgh3d.py\", line 9, in check\n    assert candidate('pythonz.') == True\n  File \"/tmp/tmp3oxvgh3d.py\", line 5, in text_match_wordz\n    return re.search(r\"\\w*z\\w*\", text)\nNameError: name 're' is not defined\n",
      "exit_code": 1,
      "status": "Exception"
    },
    {
      "program": "def text_match_wordz(text: str) -> bool:\n    \"\"\"\n\tWrite a function that matches a word containing 'z'.\n\t\"\"\"\n    return re.search(r\"\\w*z\\w*\", text) is not None\n\n\ndef check(candidate):\n    assert candidate('pythonz.') == True\n    assert candidate('xyz.') == True\n    assert candidate('  lang  .') == False\n\ndef test_check():\n    check(text_match_wordz)\n\ntest_check()\n",
      "timestamp": 1665510608,
      "stdout": "",
      "stderr": "Traceback (most recent call last):\n  File \"/tmp/tmp4al6p68r.py\", line 16, in <module>\n    test_check()\n  File \"/tmp/tmp4al6p68r.py\", line 14, in test_check\n    check(text_match_wordz)\n  File \"/tmp/tmp4al6p68r.py\", line 9, in check\n    assert candidate('pythonz.') == True\n  File \"/tmp/tmp4al6p68r.py\", line 5, in text_match_wordz\n    return re.search(r\"\\w*z\\w*\", text) is not None\nNameError: name 're' is not defined\n",
      "exit_code": 1,
      "status": "Exception"
    },
    {
      "program": "def text_match_wordz(text: str) -> bool:\n    \"\"\"\n\tWrite a function that matches a word containing 'z'.\n\t\"\"\"\n    return re.search(r\"\\w*z\\w*\", text)\n\n\ndef check(candidate):\n    assert candidate('pythonz.') == True\n    assert candidate('xyz.') == True\n    assert candidate('  lang  .') == False\n\ndef test_check():\n    check(text_match_wordz)\n\ntest_check()\n",
      "timestamp": 1665510608,
      "stdout": "",
      "stderr": "Traceback (most recent call last):\n  File \"/tmp/tmp3oxvgh3d.py\", line 16, in <module>\n    test_check()\n  File \"/tmp/tmp3oxvgh3d.py\", line 14, in test_check\n    check(text_match_wordz)\n  File \"/tmp/tmp3oxvgh3d.py\", line 9, in check\n    assert candidate('pythonz.') == True\n  File \"/tmp/tmp3oxvgh3d.py\", line 5, in text_match_wordz\n    return re.search(r\"\\w*z\\w*\", text)\nNameError: name 're' is not defined\n",
      "exit_code": 1,
      "status": "Exception"
    },
    {
      "program": "def text_match_wordz(text: str) -> bool:\n    \"\"\"\n\tWrite a function that matches a word containing 'z'.\n\t\"\"\"\n    return re.search(r\"\\w*z\\w*\", text) is not None\n\n\ndef check(candidate):\n    assert candidate('pythonz.') == True\n    assert candidate('xyz.') == True\n    assert candidate('  lang  .') == False\n\ndef test_check():\n    check(text_match_wordz)\n\ntest_check()\n",
      "timestamp": 1665510608,
      "stdout": "",
      "stderr": "Traceback (most recent call last):\n  File \"/tmp/tmp4al6p68r.py\", line 16, in <module>\n    test_check()\n  File \"/tmp/tmp4al6p68r.py\", line 14, in test_check\n    check(text_match_wordz)\n  File \"/tmp/tmp4al6p68r.py\", line 9, in check\n    assert candidate('pythonz.') == True\n  File \"/tmp/tmp4al6p68r.py\", line 5, in text_match_wordz\n    return re.search(r\"\\w*z\\w*\", text) is not None\nNameError: name 're' is not defined\n",
      "exit_code": 1,
      "status": "Exception"
    },
    {
      "program": "def text_match_wordz(text: str) -> bool:\n    \"\"\"\n\tWrite a function that matches a word containing 'z'.\n\t\"\"\"\n    return re.search(r\"\\bz\\w+\\b\", text)\n\n\ndef check(candidate):\n    assert candidate('pythonz.') == True\n    assert candidate('xyz.') == True\n    assert candidate('  lang  .') == False\n\ndef test_check():\n    check(text_match_wordz)\n\ntest_check()\n",
      "timestamp": 1665510608,
      "stdout": "",
      "stderr": "Traceback (most recent call last):\n  File \"/tmp/tmptvjoemfv.py\", line 16, in <module>\n    test_check()\n  File \"/tmp/tmptvjoemfv.py\", line 14, in test_check\n    check(text_match_wordz)\n  File \"/tmp/tmptvjoemfv.py\", line 9, in check\n    assert candidate('pythonz.') == True\n  File \"/tmp/tmptvjoemfv.py\", line 5, in text_match_wordz\n    return re.search(r\"\\bz\\w+\\b\", text)\nNameError: name 're' is not defined\n",
      "exit_code": 1,
      "status": "Exception"
    },
    {
      "program": "def text_match_wordz(text: str) -> bool:\n    \"\"\"\n\tWrite a function that matches a word containing 'z'.\n\t\"\"\"\n    return re.search(r\"\\w*z\\w*\", text)\n\n\ndef check(candidate):\n    assert candidate('pythonz.') == True\n    assert candidate('xyz.') == True\n    assert candidate('  lang  .') == False\n\ndef test_check():\n    check(text_match_wordz)\n\ntest_check()\n",
      "timestamp": 1665510608,
      "stdout": "",
      "stderr": "Traceback (most recent call last):\n  File \"/tmp/tmp3oxvgh3d.py\", line 16, in <module>\n    test_check()\n  File \"/tmp/tmp3oxvgh3d.py\", line 14, in test_check\n    check(text_match_wordz)\n  File \"/tmp/tmp3oxvgh3d.py\", line 9, in check\n    assert candidate('pythonz.') == True\n  File \"/tmp/tmp3oxvgh3d.py\", line 5, in text_match_wordz\n    return re.search(r\"\\w*z\\w*\", text)\nNameError: name 're' is not defined\n",
      "exit_code": 1,
      "status": "Exception"
    },
    {
      "program": "def text_match_wordz(text: str) -> bool:\n    \"\"\"\n\tWrite a function that matches a word containing 'z'.\n\t\"\"\"\n    return re.search(r\"\\w*z\\w*\", text) is not None\n\n\ndef check(candidate):\n    assert candidate('pythonz.') == True\n    assert candidate('xyz.') == True\n    assert candidate('  lang  .') == False\n\ndef test_check():\n    check(text_match_wordz)\n\ntest_check()\n",
      "timestamp": 1665510608,
      "stdout": "",
      "stderr": "Traceback (most recent call last):\n  File \"/tmp/tmp4al6p68r.py\", line 16, in <module>\n    test_check()\n  File \"/tmp/tmp4al6p68r.py\", line 14, in test_check\n    check(text_match_wordz)\n  File \"/tmp/tmp4al6p68r.py\", line 9, in check\n    assert candidate('pythonz.') == True\n  File \"/tmp/tmp4al6p68r.py\", line 5, in text_match_wordz\n    return re.search(r\"\\w*z\\w*\", text) is not None\nNameError: name 're' is not defined\n",
      "exit_code": 1,
      "status": "Exception"
    },
    {
      "program": "def text_match_wordz(text: str) -> bool:\n    \"\"\"\n\tWrite a function that matches a word containing 'z'.\n\t\"\"\"\n    return re.search(r\"\\w*z\\w*\", text)\n\n\ndef check(candidate):\n    assert candidate('pythonz.') == True\n    assert candidate('xyz.') == True\n    assert candidate('  lang  .') == False\n\ndef test_check():\n    check(text_match_wordz)\n\ntest_check()\n",
      "timestamp": 1665510608,
      "stdout": "",
      "stderr": "Traceback (most recent call last):\n  File \"/tmp/tmp3oxvgh3d.py\", line 16, in <module>\n    test_check()\n  File \"/tmp/tmp3oxvgh3d.py\", line 14, in test_check\n    check(text_match_wordz)\n  File \"/tmp/tmp3oxvgh3d.py\", line 9, in check\n    assert candidate('pythonz.') == True\n  File \"/tmp/tmp3oxvgh3d.py\", line 5, in text_match_wordz\n    return re.search(r\"\\w*z\\w*\", text)\nNameError: name 're' is not defined\n",
      "exit_code": 1,
      "status": "Exception"
    },
    {
      "program": "def text_match_wordz(text: str) -> bool:\n    \"\"\"\n\tWrite a function that matches a word containing 'z'.\n\t\"\"\"\n    return re.search(r\"\\w*z\\w*\", text)\n\n\ndef check(candidate):\n    assert candidate('pythonz.') == True\n    assert candidate('xyz.') == True\n    assert candidate('  lang  .') == False\n\ndef test_check():\n    check(text_match_wordz)\n\ntest_check()\n",
      "timestamp": 1665510608,
      "stdout": "",
      "stderr": "Traceback (most recent call last):\n  File \"/tmp/tmp3oxvgh3d.py\", line 16, in <module>\n    test_check()\n  File \"/tmp/tmp3oxvgh3d.py\", line 14, in test_check\n    check(text_match_wordz)\n  File \"/tmp/tmp3oxvgh3d.py\", line 9, in check\n    assert candidate('pythonz.') == True\n  File \"/tmp/tmp3oxvgh3d.py\", line 5, in text_match_wordz\n    return re.search(r\"\\w*z\\w*\", text)\nNameError: name 're' is not defined\n",
      "exit_code": 1,
      "status": "Exception"
    },
    {
      "program": "def text_match_wordz(text: str) -> bool:\n    \"\"\"\n\tWrite a function that matches a word containing 'z'.\n\t\"\"\"\n    return re.search(r\"\\w*z\\w*\", text) is not None\n\n\ndef check(candidate):\n    assert candidate('pythonz.') == True\n    assert candidate('xyz.') == True\n    assert candidate('  lang  .') == False\n\ndef test_check():\n    check(text_match_wordz)\n\ntest_check()\n",
      "timestamp": 1665510608,
      "stdout": "",
      "stderr": "Traceback (most recent call last):\n  File \"/tmp/tmp4al6p68r.py\", line 16, in <module>\n    test_check()\n  File \"/tmp/tmp4al6p68r.py\", line 14, in test_check\n    check(text_match_wordz)\n  File \"/tmp/tmp4al6p68r.py\", line 9, in check\n    assert candidate('pythonz.') == True\n  File \"/tmp/tmp4al6p68r.py\", line 5, in text_match_wordz\n    return re.search(r\"\\w*z\\w*\", text) is not None\nNameError: name 're' is not defined\n",
      "exit_code": 1,
      "status": "Exception"
    },
    {
      "program": "def text_match_wordz(text: str) -> bool:\n    \"\"\"\n\tWrite a function that matches a word containing 'z'.\n\t\"\"\"\n    return re.search(r\"\\w*z\\w*\", text) is not None\n\n\ndef check(candidate):\n    assert candidate('pythonz.') == True\n    assert candidate('xyz.') == True\n    assert candidate('  lang  .') == False\n\ndef test_check():\n    check(text_match_wordz)\n\ntest_check()\n",
      "timestamp": 1665510608,
      "stdout": "",
      "stderr": "Traceback (most recent call last):\n  File \"/tmp/tmp4al6p68r.py\", line 16, in <module>\n    test_check()\n  File \"/tmp/tmp4al6p68r.py\", line 14, in test_check\n    check(text_match_wordz)\n  File \"/tmp/tmp4al6p68r.py\", line 9, in check\n    assert candidate('pythonz.') == True\n  File \"/tmp/tmp4al6p68r.py\", line 5, in text_match_wordz\n    return re.search(r\"\\w*z\\w*\", text) is not None\nNameError: name 're' is not defined\n",
      "exit_code": 1,
      "status": "Exception"
    },
    {
      "program": "def text_match_wordz(text: str) -> bool:\n    \"\"\"\n\tWrite a function that matches a word containing 'z'.\n\t\"\"\"\n    return re.search(r\"\\w*z\\w*\", text) is not None\n\n\ndef check(candidate):\n    assert candidate('pythonz.') == True\n    assert candidate('xyz.') == True\n    assert candidate('  lang  .') == False\n\ndef test_check():\n    check(text_match_wordz)\n\ntest_check()\n",
      "timestamp": 1665510608,
      "stdout": "",
      "stderr": "Traceback (most recent call last):\n  File \"/tmp/tmp4al6p68r.py\", line 16, in <module>\n    test_check()\n  File \"/tmp/tmp4al6p68r.py\", line 14, in test_check\n    check(text_match_wordz)\n  File \"/tmp/tmp4al6p68r.py\", line 9, in check\n    assert candidate('pythonz.') == True\n  File \"/tmp/tmp4al6p68r.py\", line 5, in text_match_wordz\n    return re.search(r\"\\w*z\\w*\", text) is not None\nNameError: name 're' is not defined\n",
      "exit_code": 1,
      "status": "Exception"
    },
    {
      "program": "def text_match_wordz(text: str) -> bool:\n    \"\"\"\n\tWrite a function that matches a word containing 'z'.\n\t\"\"\"\n    return re.search(r\"\\bz\\w*\\b\", text) is not None\n\n\ndef check(candidate):\n    assert candidate('pythonz.') == True\n    assert candidate('xyz.') == True\n    assert candidate('  lang  .') == False\n\ndef test_check():\n    check(text_match_wordz)\n\ntest_check()\n",
      "timestamp": 1665510608,
      "stdout": "",
      "stderr": "Traceback (most recent call last):\n  File \"/tmp/tmpyxqkn1u9.py\", line 16, in <module>\n    test_check()\n  File \"/tmp/tmpyxqkn1u9.py\", line 14, in test_check\n    check(text_match_wordz)\n  File \"/tmp/tmpyxqkn1u9.py\", line 9, in check\n    assert candidate('pythonz.') == True\n  File \"/tmp/tmpyxqkn1u9.py\", line 5, in text_match_wordz\n    return re.search(r\"\\bz\\w*\\b\", text) is not None\nNameError: name 're' is not defined\n",
      "exit_code": 1,
      "status": "Exception"
    },
    {
      "program": "def text_match_wordz(text: str) -> bool:\n    \"\"\"\n\tWrite a function that matches a word containing 'z'.\n\t\"\"\"\n    return re.search(r\"\\bz\\w+\\b\", text) is not None\n\n\ndef check(candidate):\n    assert candidate('pythonz.') == True\n    assert candidate('xyz.') == True\n    assert candidate('  lang  .') == False\n\ndef test_check():\n    check(text_match_wordz)\n\ntest_check()\n",
      "timestamp": 1665510608,
      "stdout": "",
      "stderr": "Traceback (most recent call last):\n  File \"/tmp/tmpb64jy0lt.py\", line 16, in <module>\n    test_check()\n  File \"/tmp/tmpb64jy0lt.py\", line 14, in test_check\n    check(text_match_wordz)\n  File \"/tmp/tmpb64jy0lt.py\", line 9, in check\n    assert candidate('pythonz.') == True\n  File \"/tmp/tmpb64jy0lt.py\", line 5, in text_match_wordz\n    return re.search(r\"\\bz\\w+\\b\", text) is not None\nNameError: name 're' is not defined\n",
      "exit_code": 1,
      "status": "Exception"
    },
    {
      "program": "def text_match_wordz(text: str) -> bool:\n    \"\"\"\n\tWrite a function that matches a word containing 'z'.\n\t\"\"\"\n    return re.search(r\"\\w*z\\w*\", text) is not None\n\n\ndef check(candidate):\n    assert candidate('pythonz.') == True\n    assert candidate('xyz.') == True\n    assert candidate('  lang  .') == False\n\ndef test_check():\n    check(text_match_wordz)\n\ntest_check()\n",
      "timestamp": 1665510608,
      "stdout": "",
      "stderr": "Traceback (most recent call last):\n  File \"/tmp/tmp4al6p68r.py\", line 16, in <module>\n    test_check()\n  File \"/tmp/tmp4al6p68r.py\", line 14, in test_check\n    check(text_match_wordz)\n  File \"/tmp/tmp4al6p68r.py\", line 9, in check\n    assert candidate('pythonz.') == True\n  File \"/tmp/tmp4al6p68r.py\", line 5, in text_match_wordz\n    return re.search(r\"\\w*z\\w*\", text) is not None\nNameError: name 're' is not defined\n",
      "exit_code": 1,
      "status": "Exception"
    },
    {
      "program": "def text_match_wordz(text: str) -> bool:\n    \"\"\"\n\tWrite a function that matches a word containing 'z'.\n\t\"\"\"\n    pattern = re.compile(r\"\\b[a-zA-Z]+z[a-zA-Z]+\\b\")\n    return bool(pattern.search(text))\n\n\ndef check(candidate):\n    assert candidate('pythonz.') == True\n    assert candidate('xyz.') == True\n    assert candidate('  lang  .') == False\n\ndef test_check():\n    check(text_match_wordz)\n\ntest_check()\n",
      "timestamp": 1666123474,
      "stdout": "",
      "stderr": "Traceback (most recent call last):\n  File \"/tmp/tmp69ttt3r4.py\", line 17, in <module>\n    test_check()\n  File \"/tmp/tmp69ttt3r4.py\", line 15, in test_check\n    check(text_match_wordz)\n  File \"/tmp/tmp69ttt3r4.py\", line 10, in check\n    assert candidate('pythonz.') == True\n  File \"/tmp/tmp69ttt3r4.py\", line 5, in text_match_wordz\n    pattern = re.compile(r\"\\b[a-zA-Z]+z[a-zA-Z]+\\b\")\nNameError: name 're' is not defined\n",
      "exit_code": 1,
      "status": "Exception"
    },
    {
      "program": "def text_match_wordz(text: str) -> bool:\n    \"\"\"\n\tWrite a function that matches a word containing 'z'.\n\t\"\"\"\n    return re.search(r\"\\w*z\\w*\", text) is not None\n\n\ndef check(candidate):\n    assert candidate('pythonz.') == True\n    assert candidate('xyz.') == True\n    assert candidate('  lang  .') == False\n\ndef test_check():\n    check(text_match_wordz)\n\ntest_check()\n",
      "timestamp": 1665510608,
      "stdout": "",
      "stderr": "Traceback (most recent call last):\n  File \"/tmp/tmp4al6p68r.py\", line 16, in <module>\n    test_check()\n  File \"/tmp/tmp4al6p68r.py\", line 14, in test_check\n    check(text_match_wordz)\n  File \"/tmp/tmp4al6p68r.py\", line 9, in check\n    assert candidate('pythonz.') == True\n  File \"/tmp/tmp4al6p68r.py\", line 5, in text_match_wordz\n    return re.search(r\"\\w*z\\w*\", text) is not None\nNameError: name 're' is not defined\n",
      "exit_code": 1,
      "status": "Exception"
    },
    {
      "program": "def text_match_wordz(text: str) -> bool:\n    \"\"\"\n\tWrite a function that matches a word containing 'z'.\n\t\"\"\"\n    return re.search(r\"\\w*z\\w*\", text) is not None\n\n\ndef check(candidate):\n    assert candidate('pythonz.') == True\n    assert candidate('xyz.') == True\n    assert candidate('  lang  .') == False\n\ndef test_check():\n    check(text_match_wordz)\n\ntest_check()\n",
      "timestamp": 1665510608,
      "stdout": "",
      "stderr": "Traceback (most recent call last):\n  File \"/tmp/tmp4al6p68r.py\", line 16, in <module>\n    test_check()\n  File \"/tmp/tmp4al6p68r.py\", line 14, in test_check\n    check(text_match_wordz)\n  File \"/tmp/tmp4al6p68r.py\", line 9, in check\n    assert candidate('pythonz.') == True\n  File \"/tmp/tmp4al6p68r.py\", line 5, in text_match_wordz\n    return re.search(r\"\\w*z\\w*\", text) is not None\nNameError: name 're' is not defined\n",
      "exit_code": 1,
      "status": "Exception"
    },
    {
      "program": "def text_match_wordz(text: str) -> bool:\n    \"\"\"\n\tWrite a function that matches a word containing 'z'.\n\t\"\"\"\n    return re.search(r\"\\b[zZ]+\\b\", text) is not None\n\n\ndef check(candidate):\n    assert candidate('pythonz.') == True\n    assert candidate('xyz.') == True\n    assert candidate('  lang  .') == False\n\ndef test_check():\n    check(text_match_wordz)\n\ntest_check()\n",
      "timestamp": 1666123474,
      "stdout": "",
      "stderr": "Traceback (most recent call last):\n  File \"/tmp/tmpdst9ooil.py\", line 16, in <module>\n    test_check()\n  File \"/tmp/tmpdst9ooil.py\", line 14, in test_check\n    check(text_match_wordz)\n  File \"/tmp/tmpdst9ooil.py\", line 9, in check\n    assert candidate('pythonz.') == True\n  File \"/tmp/tmpdst9ooil.py\", line 5, in text_match_wordz\n    return re.search(r\"\\b[zZ]+\\b\", text) is not None\nNameError: name 're' is not defined\n",
      "exit_code": 1,
      "status": "Exception"
    },
    {
      "program": "def text_match_wordz(text: str) -> bool:\n    \"\"\"\n\tWrite a function that matches a word containing 'z'.\n\t\"\"\"\n    return re.search(r\"\\bz\\w+\", text)\n\n\ndef check(candidate):\n    assert candidate('pythonz.') == True\n    assert candidate('xyz.') == True\n    assert candidate('  lang  .') == False\n\ndef test_check():\n    check(text_match_wordz)\n\ntest_check()\n",
      "timestamp": 1665510608,
      "stdout": "",
      "stderr": "Traceback (most recent call last):\n  File \"/tmp/tmpssl4jdvy.py\", line 16, in <module>\n    test_check()\n  File \"/tmp/tmpssl4jdvy.py\", line 14, in test_check\n    check(text_match_wordz)\n  File \"/tmp/tmpssl4jdvy.py\", line 9, in check\n    assert candidate('pythonz.') == True\n  File \"/tmp/tmpssl4jdvy.py\", line 5, in text_match_wordz\n    return re.search(r\"\\bz\\w+\", text)\nNameError: name 're' is not defined\n",
      "exit_code": 1,
      "status": "Exception"
    },
    {
      "program": "def text_match_wordz(text: str) -> bool:\n    \"\"\"\n\tWrite a function that matches a word containing 'z'.\n\t\"\"\"\n    return re.search(r\"\\w*z\\w*\", text)\n\n\ndef check(candidate):\n    assert candidate('pythonz.') == True\n    assert candidate('xyz.') == True\n    assert candidate('  lang  .') == False\n\ndef test_check():\n    check(text_match_wordz)\n\ntest_check()\n",
      "timestamp": 1665510608,
      "stdout": "",
      "stderr": "Traceback (most recent call last):\n  File \"/tmp/tmp3oxvgh3d.py\", line 16, in <module>\n    test_check()\n  File \"/tmp/tmp3oxvgh3d.py\", line 14, in test_check\n    check(text_match_wordz)\n  File \"/tmp/tmp3oxvgh3d.py\", line 9, in check\n    assert candidate('pythonz.') == True\n  File \"/tmp/tmp3oxvgh3d.py\", line 5, in text_match_wordz\n    return re.search(r\"\\w*z\\w*\", text)\nNameError: name 're' is not defined\n",
      "exit_code": 1,
      "status": "Exception"
    },
    {
      "program": "def text_match_wordz(text: str) -> bool:\n    \"\"\"\n\tWrite a function that matches a word containing 'z'.\n\t\"\"\"\n    return re.search(r\"\\bz\\w+\", text) is not None\n\n\ndef check(candidate):\n    assert candidate('pythonz.') == True\n    assert candidate('xyz.') == True\n    assert candidate('  lang  .') == False\n\ndef test_check():\n    check(text_match_wordz)\n\ntest_check()\n",
      "timestamp": 1665510608,
      "stdout": "",
      "stderr": "Traceback (most recent call last):\n  File \"/tmp/tmpmmmwbpbb.py\", line 16, in <module>\n    test_check()\n  File \"/tmp/tmpmmmwbpbb.py\", line 14, in test_check\n    check(text_match_wordz)\n  File \"/tmp/tmpmmmwbpbb.py\", line 9, in check\n    assert candidate('pythonz.') == True\n  File \"/tmp/tmpmmmwbpbb.py\", line 5, in text_match_wordz\n    return re.search(r\"\\bz\\w+\", text) is not None\nNameError: name 're' is not defined\n",
      "exit_code": 1,
      "status": "Exception"
    },
    {
      "program": "def text_match_wordz(text: str) -> bool:\n    \"\"\"\n\tWrite a function that matches a word containing 'z'.\n\t\"\"\"\n    return re.search(r\"\\bz\\w+\", text) is not None\n\n\ndef check(candidate):\n    assert candidate('pythonz.') == True\n    assert candidate('xyz.') == True\n    assert candidate('  lang  .') == False\n\ndef test_check():\n    check(text_match_wordz)\n\ntest_check()\n",
      "timestamp": 1665510608,
      "stdout": "",
      "stderr": "Traceback (most recent call last):\n  File \"/tmp/tmpmmmwbpbb.py\", line 16, in <module>\n    test_check()\n  File \"/tmp/tmpmmmwbpbb.py\", line 14, in test_check\n    check(text_match_wordz)\n  File \"/tmp/tmpmmmwbpbb.py\", line 9, in check\n    assert candidate('pythonz.') == True\n  File \"/tmp/tmpmmmwbpbb.py\", line 5, in text_match_wordz\n    return re.search(r\"\\bz\\w+\", text) is not None\nNameError: name 're' is not defined\n",
      "exit_code": 1,
      "status": "Exception"
    },
    {
      "program": "def text_match_wordz(text: str) -> bool:\n    \"\"\"\n\tWrite a function that matches a word containing 'z'.\n\t\"\"\"\n    return re.search(r\"\\w*z\\w*\", text) is not None\n\n\ndef check(candidate):\n    assert candidate('pythonz.') == True\n    assert candidate('xyz.') == True\n    assert candidate('  lang  .') == False\n\ndef test_check():\n    check(text_match_wordz)\n\ntest_check()\n",
      "timestamp": 1665510608,
      "stdout": "",
      "stderr": "Traceback (most recent call last):\n  File \"/tmp/tmp4al6p68r.py\", line 16, in <module>\n    test_check()\n  File \"/tmp/tmp4al6p68r.py\", line 14, in test_check\n    check(text_match_wordz)\n  File \"/tmp/tmp4al6p68r.py\", line 9, in check\n    assert candidate('pythonz.') == True\n  File \"/tmp/tmp4al6p68r.py\", line 5, in text_match_wordz\n    return re.search(r\"\\w*z\\w*\", text) is not None\nNameError: name 're' is not defined\n",
      "exit_code": 1,
      "status": "Exception"
    },
    {
      "program": "def text_match_wordz(text: str) -> bool:\n    \"\"\"\n\tWrite a function that matches a word containing 'z'.\n\t\"\"\"\n    return re.search(r\"\\bz\\w+\", text) is not None\n\n\ndef check(candidate):\n    assert candidate('pythonz.') == True\n    assert candidate('xyz.') == True\n    assert candidate('  lang  .') == False\n\ndef test_check():\n    check(text_match_wordz)\n\ntest_check()\n",
      "timestamp": 1665510608,
      "stdout": "",
      "stderr": "Traceback (most recent call last):\n  File \"/tmp/tmpmmmwbpbb.py\", line 16, in <module>\n    test_check()\n  File \"/tmp/tmpmmmwbpbb.py\", line 14, in test_check\n    check(text_match_wordz)\n  File \"/tmp/tmpmmmwbpbb.py\", line 9, in check\n    assert candidate('pythonz.') == True\n  File \"/tmp/tmpmmmwbpbb.py\", line 5, in text_match_wordz\n    return re.search(r\"\\bz\\w+\", text) is not None\nNameError: name 're' is not defined\n",
      "exit_code": 1,
      "status": "Exception"
    },
    {
      "program": "def text_match_wordz(text: str) -> bool:\n    \"\"\"\n\tWrite a function that matches a word containing 'z'.\n\t\"\"\"\n    return re.search(r\"\\w*z\\w*\", text)\n\n\ndef check(candidate):\n    assert candidate('pythonz.') == True\n    assert candidate('xyz.') == True\n    assert candidate('  lang  .') == False\n\ndef test_check():\n    check(text_match_wordz)\n\ntest_check()\n",
      "timestamp": 1665510608,
      "stdout": "",
      "stderr": "Traceback (most recent call last):\n  File \"/tmp/tmp3oxvgh3d.py\", line 16, in <module>\n    test_check()\n  File \"/tmp/tmp3oxvgh3d.py\", line 14, in test_check\n    check(text_match_wordz)\n  File \"/tmp/tmp3oxvgh3d.py\", line 9, in check\n    assert candidate('pythonz.') == True\n  File \"/tmp/tmp3oxvgh3d.py\", line 5, in text_match_wordz\n    return re.search(r\"\\w*z\\w*\", text)\nNameError: name 're' is not defined\n",
      "exit_code": 1,
      "status": "Exception"
    }
  ]
}