{
  "name": "mbpp_285_text_match_two_three",
  "language": "py",
  "prompt": "def text_match_two_three(text: str) -> bool:\n    \"\"\"\n\tWrite a function that checks whether a string contains the 'a' character followed by two or three 'b' characters.\n\t\"\"\"\n",
  "doctests": "keep",
  "original": "/home/arjun/repos/MultiPL-E/datasets/../datasets/mbpp-typed/mbpp_285_text_match_two_three.py",
  "prompt_terminology": "verbatim",
  "tests": "def check(candidate):\n    assert candidate('ac') == False\n    assert candidate('dc') == False\n    assert candidate('abbbba') == True\n\ndef test_check():\n    check(text_match_two_three)\n\ntest_check()\n",
  "stop_tokens": [
    "\ndef",
    "\n#",
    "\nif",
    "\nclass"
  ],
  "results": [
    {
      "program": "def text_match_two_three(text: str) -> bool:\n    \"\"\"\n\tWrite a function that checks whether a string contains the 'a' character followed by two or three 'b' characters.\n\t\"\"\"\n    return re.search(r\"ab{2,3}\", text)\n\n\ndef check(candidate):\n    assert candidate('ac') == False\n    assert candidate('dc') == False\n    assert candidate('abbbba') == True\n\ndef test_check():\n    check(text_match_two_three)\n\ntest_check()\n",
      "timestamp": 1665517473,
      "stdout": "",
      "stderr": "Traceback (most recent call last):\n  File \"/tmp/tmplykalfjs.py\", line 16, in <module>\n    test_check()\n  File \"/tmp/tmplykalfjs.py\", line 14, in test_check\n    check(text_match_two_three)\n  File \"/tmp/tmplykalfjs.py\", line 9, in check\n    assert candidate('ac') == False\n  File \"/tmp/tmplykalfjs.py\", line 5, in text_match_two_three\n    return re.search(r\"ab{2,3}\", text)\nNameError: name 're' is not defined\n",
      "exit_code": 1,
      "status": "Exception"
    },
    {
      "program": "def text_match_two_three(text: str) -> bool:\n    \"\"\"\n\tWrite a function that checks whether a string contains the 'a' character followed by two or three 'b' characters.\n\t\"\"\"\n    return re.search(r\"ab{2,3}\", text) is not None\n\n\ndef check(candidate):\n    assert candidate('ac') == False\n    assert candidate('dc') == False\n    assert candidate('abbbba') == True\n\ndef test_check():\n    check(text_match_two_three)\n\ntest_check()\n",
      "timestamp": 1665517473,
      "stdout": "",
      "stderr": "Traceback (most recent call last):\n  File \"/tmp/tmpsa00iv68.py\", line 16, in <module>\n    test_check()\n  File \"/tmp/tmpsa00iv68.py\", line 14, in test_check\n    check(text_match_two_three)\n  File \"/tmp/tmpsa00iv68.py\", line 9, in check\n    assert candidate('ac') == False\n  File \"/tmp/tmpsa00iv68.py\", line 5, in text_match_two_three\n    return re.search(r\"ab{2,3}\", text) is not None\nNameError: name 're' is not defined\n",
      "exit_code": 1,
      "status": "Exception"
    },
    {
      "program": "def text_match_two_three(text: str) -> bool:\n    \"\"\"\n\tWrite a function that checks whether a string contains the 'a' character followed by two or three 'b' characters.\n\t\"\"\"\n    return re.search(r'ab{2,3}', text)\n\n\ndef check(candidate):\n    assert candidate('ac') == False\n    assert candidate('dc') == False\n    assert candidate('abbbba') == True\n\ndef test_check():\n    check(text_match_two_three)\n\ntest_check()\n",
      "timestamp": 1665517473,
      "stdout": "",
      "stderr": "Traceback (most recent call last):\n  File \"/tmp/tmp68wx_klq.py\", line 16, in <module>\n    test_check()\n  File \"/tmp/tmp68wx_klq.py\", line 14, in test_check\n    check(text_match_two_three)\n  File \"/tmp/tmp68wx_klq.py\", line 9, in check\n    assert candidate('ac') == False\n  File \"/tmp/tmp68wx_klq.py\", line 5, in text_match_two_three\n    return re.search(r'ab{2,3}', text)\nNameError: name 're' is not defined\n",
      "exit_code": 1,
      "status": "Exception"
    },
    {
      "program": "def text_match_two_three(text: str) -> bool:\n    \"\"\"\n\tWrite a function that checks whether a string contains the 'a' character followed by two or three 'b' characters.\n\t\"\"\"\n    return re.search(r\"ab{2,3}\", text) is not None\n\n\ndef check(candidate):\n    assert candidate('ac') == False\n    assert candidate('dc') == False\n    assert candidate('abbbba') == True\n\ndef test_check():\n    check(text_match_two_three)\n\ntest_check()\n",
      "timestamp": 1665517473,
      "stdout": "",
      "stderr": "Traceback (most recent call last):\n  File \"/tmp/tmpsa00iv68.py\", line 16, in <module>\n    test_check()\n  File \"/tmp/tmpsa00iv68.py\", line 14, in test_check\n    check(text_match_two_three)\n  File \"/tmp/tmpsa00iv68.py\", line 9, in check\n    assert candidate('ac') == False\n  File \"/tmp/tmpsa00iv68.py\", line 5, in text_match_two_three\n    return re.search(r\"ab{2,3}\", text) is not None\nNameError: name 're' is not defined\n",
      "exit_code": 1,
      "status": "Exception"
    },
    {
      "program": "def text_match_two_three(text: str) -> bool:\n    \"\"\"\n\tWrite a function that checks whether a string contains the 'a' character followed by two or three 'b' characters.\n\t\"\"\"\n    return re.search(r\"ab{2,3}\", text) is not None\n\n\ndef check(candidate):\n    assert candidate('ac') == False\n    assert candidate('dc') == False\n    assert candidate('abbbba') == True\n\ndef test_check():\n    check(text_match_two_three)\n\ntest_check()\n",
      "timestamp": 1665517473,
      "stdout": "",
      "stderr": "Traceback (most recent call last):\n  File \"/tmp/tmpsa00iv68.py\", line 16, in <module>\n    test_check()\n  File \"/tmp/tmpsa00iv68.py\", line 14, in test_check\n    check(text_match_two_three)\n  File \"/tmp/tmpsa00iv68.py\", line 9, in check\n    assert candidate('ac') == False\n  File \"/tmp/tmpsa00iv68.py\", line 5, in text_match_two_three\n    return re.search(r\"ab{2,3}\", text) is not None\nNameError: name 're' is not defined\n",
      "exit_code": 1,
      "status": "Exception"
    },
    {
      "program": "def text_match_two_three(text: str) -> bool:\n    \"\"\"\n\tWrite a function that checks whether a string contains the 'a' character followed by two or three 'b' characters.\n\t\"\"\"\n    return re.search(r\"ab{2,3}\", text) is not None\n\n\ndef check(candidate):\n    assert candidate('ac') == False\n    assert candidate('dc') == False\n    assert candidate('abbbba') == True\n\ndef test_check():\n    check(text_match_two_three)\n\ntest_check()\n",
      "timestamp": 1665517473,
      "stdout": "",
      "stderr": "Traceback (most recent call last):\n  File \"/tmp/tmpsa00iv68.py\", line 16, in <module>\n    test_check()\n  File \"/tmp/tmpsa00iv68.py\", line 14, in test_check\n    check(text_match_two_three)\n  File \"/tmp/tmpsa00iv68.py\", line 9, in check\n    assert candidate('ac') == False\n  File \"/tmp/tmpsa00iv68.py\", line 5, in text_match_two_three\n    return re.search(r\"ab{2,3}\", text) is not None\nNameError: name 're' is not defined\n",
      "exit_code": 1,
      "status": "Exception"
    },
    {
      "program": "def text_match_two_three(text: str) -> bool:\n    \"\"\"\n\tWrite a function that checks whether a string contains the 'a' character followed by two or three 'b' characters.\n\t\"\"\"\n    return re.search(r\"ab{2,3}\", text) is not None\n\n\ndef check(candidate):\n    assert candidate('ac') == False\n    assert candidate('dc') == False\n    assert candidate('abbbba') == True\n\ndef test_check():\n    check(text_match_two_three)\n\ntest_check()\n",
      "timestamp": 1665517473,
      "stdout": "",
      "stderr": "Traceback (most recent call last):\n  File \"/tmp/tmpsa00iv68.py\", line 16, in <module>\n    test_check()\n  File \"/tmp/tmpsa00iv68.py\", line 14, in test_check\n    check(text_match_two_three)\n  File \"/tmp/tmpsa00iv68.py\", line 9, in check\n    assert candidate('ac') == False\n  File \"/tmp/tmpsa00iv68.py\", line 5, in text_match_two_three\n    return re.search(r\"ab{2,3}\", text) is not None\nNameError: name 're' is not defined\n",
      "exit_code": 1,
      "status": "Exception"
    },
    {
      "program": "def text_match_two_three(text: str) -> bool:\n    \"\"\"\n\tWrite a function that checks whether a string contains the 'a' character followed by two or three 'b' characters.\n\t\"\"\"\n    return re.search(r\"ab{2,3}\", text) is not None\n\n\ndef check(candidate):\n    assert candidate('ac') == False\n    assert candidate('dc') == False\n    assert candidate('abbbba') == True\n\ndef test_check():\n    check(text_match_two_three)\n\ntest_check()\n",
      "timestamp": 1665517473,
      "stdout": "",
      "stderr": "Traceback (most recent call last):\n  File \"/tmp/tmpsa00iv68.py\", line 16, in <module>\n    test_check()\n  File \"/tmp/tmpsa00iv68.py\", line 14, in test_check\n    check(text_match_two_three)\n  File \"/tmp/tmpsa00iv68.py\", line 9, in check\n    assert candidate('ac') == False\n  File \"/tmp/tmpsa00iv68.py\", line 5, in text_match_two_three\n    return re.search(r\"ab{2,3}\", text) is not None\nNameError: name 're' is not defined\n",
      "exit_code": 1,
      "status": "Exception"
    },
    {
      "program": "def text_match_two_three(text: str) -> bool:\n    \"\"\"\n\tWrite a function that checks whether a string contains the 'a' character followed by two or three 'b' characters.\n\t\"\"\"\n    return re.search(r\"ab{2,3}\", text) is not None\n\n\ndef check(candidate):\n    assert candidate('ac') == False\n    assert candidate('dc') == False\n    assert candidate('abbbba') == True\n\ndef test_check():\n    check(text_match_two_three)\n\ntest_check()\n",
      "timestamp": 1665517473,
      "stdout": "",
      "stderr": "Traceback (most recent call last):\n  File \"/tmp/tmpsa00iv68.py\", line 16, in <module>\n    test_check()\n  File \"/tmp/tmpsa00iv68.py\", line 14, in test_check\n    check(text_match_two_three)\n  File \"/tmp/tmpsa00iv68.py\", line 9, in check\n    assert candidate('ac') == False\n  File \"/tmp/tmpsa00iv68.py\", line 5, in text_match_two_three\n    return re.search(r\"ab{2,3}\", text) is not None\nNameError: name 're' is not defined\n",
      "exit_code": 1,
      "status": "Exception"
    },
    {
      "program": "def text_match_two_three(text: str) -> bool:\n    \"\"\"\n\tWrite a function that checks whether a string contains the 'a' character followed by two or three 'b' characters.\n\t\"\"\"\n    return re.search(r\"ab{2,3}\", text) is not None\n\n\ndef check(candidate):\n    assert candidate('ac') == False\n    assert candidate('dc') == False\n    assert candidate('abbbba') == True\n\ndef test_check():\n    check(text_match_two_three)\n\ntest_check()\n",
      "timestamp": 1665517473,
      "stdout": "",
      "stderr": "Traceback (most recent call last):\n  File \"/tmp/tmpsa00iv68.py\", line 16, in <module>\n    test_check()\n  File \"/tmp/tmpsa00iv68.py\", line 14, in test_check\n    check(text_match_two_three)\n  File \"/tmp/tmpsa00iv68.py\", line 9, in check\n    assert candidate('ac') == False\n  File \"/tmp/tmpsa00iv68.py\", line 5, in text_match_two_three\n    return re.search(r\"ab{2,3}\", text) is not None\nNameError: name 're' is not defined\n",
      "exit_code": 1,
      "status": "Exception"
    },
    {
      "program": "def text_match_two_three(text: str) -> bool:\n    \"\"\"\n\tWrite a function that checks whether a string contains the 'a' character followed by two or three 'b' characters.\n\t\"\"\"\n    return bool(re.search(r'ab{2,3}', text))\n\n\ndef check(candidate):\n    assert candidate('ac') == False\n    assert candidate('dc') == False\n    assert candidate('abbbba') == True\n\ndef test_check():\n    check(text_match_two_three)\n\ntest_check()\n",
      "timestamp": 1665517473,
      "stdout": "",
      "stderr": "Traceback (most recent call last):\n  File \"/tmp/tmpavhin4zy.py\", line 16, in <module>\n    test_check()\n  File \"/tmp/tmpavhin4zy.py\", line 14, in test_check\n    check(text_match_two_three)\n  File \"/tmp/tmpavhin4zy.py\", line 9, in check\n    assert candidate('ac') == False\n  File \"/tmp/tmpavhin4zy.py\", line 5, in text_match_two_three\n    return bool(re.search(r'ab{2,3}', text))\nNameError: name 're' is not defined\n",
      "exit_code": 1,
      "status": "Exception"
    },
    {
      "program": "def text_match_two_three(text: str) -> bool:\n    \"\"\"\n\tWrite a function that checks whether a string contains the 'a' character followed by two or three 'b' characters.\n\t\"\"\"\n    return re.search(r\"ab{2,3}\", text) is not None\n\n\ndef check(candidate):\n    assert candidate('ac') == False\n    assert candidate('dc') == False\n    assert candidate('abbbba') == True\n\ndef test_check():\n    check(text_match_two_three)\n\ntest_check()\n",
      "timestamp": 1665517473,
      "stdout": "",
      "stderr": "Traceback (most recent call last):\n  File \"/tmp/tmpsa00iv68.py\", line 16, in <module>\n    test_check()\n  File \"/tmp/tmpsa00iv68.py\", line 14, in test_check\n    check(text_match_two_three)\n  File \"/tmp/tmpsa00iv68.py\", line 9, in check\n    assert candidate('ac') == False\n  File \"/tmp/tmpsa00iv68.py\", line 5, in text_match_two_three\n    return re.search(r\"ab{2,3}\", text) is not None\nNameError: name 're' is not defined\n",
      "exit_code": 1,
      "status": "Exception"
    },
    {
      "program": "def text_match_two_three(text: str) -> bool:\n    \"\"\"\n\tWrite a function that checks whether a string contains the 'a' character followed by two or three 'b' characters.\n\t\"\"\"\n    return re.search(r\"ab{2,3}\", text) is not None\n\n\ndef check(candidate):\n    assert candidate('ac') == False\n    assert candidate('dc') == False\n    assert candidate('abbbba') == True\n\ndef test_check():\n    check(text_match_two_three)\n\ntest_check()\n",
      "timestamp": 1665517473,
      "stdout": "",
      "stderr": "Traceback (most recent call last):\n  File \"/tmp/tmpsa00iv68.py\", line 16, in <module>\n    test_check()\n  File \"/tmp/tmpsa00iv68.py\", line 14, in test_check\n    check(text_match_two_three)\n  File \"/tmp/tmpsa00iv68.py\", line 9, in check\n    assert candidate('ac') == False\n  File \"/tmp/tmpsa00iv68.py\", line 5, in text_match_two_three\n    return re.search(r\"ab{2,3}\", text) is not None\nNameError: name 're' is not defined\n",
      "exit_code": 1,
      "status": "Exception"
    },
    {
      "program": "def text_match_two_three(text: str) -> bool:\n    \"\"\"\n\tWrite a function that checks whether a string contains the 'a' character followed by two or three 'b' characters.\n\t\"\"\"\n    return re.search(r'ab{2,3}', text) is not None\n\n\ndef check(candidate):\n    assert candidate('ac') == False\n    assert candidate('dc') == False\n    assert candidate('abbbba') == True\n\ndef test_check():\n    check(text_match_two_three)\n\ntest_check()\n",
      "timestamp": 1665517473,
      "stdout": "",
      "stderr": "Traceback (most recent call last):\n  File \"/tmp/tmpsldtmyrx.py\", line 16, in <module>\n    test_check()\n  File \"/tmp/tmpsldtmyrx.py\", line 14, in test_check\n    check(text_match_two_three)\n  File \"/tmp/tmpsldtmyrx.py\", line 9, in check\n    assert candidate('ac') == False\n  File \"/tmp/tmpsldtmyrx.py\", line 5, in text_match_two_three\n    return re.search(r'ab{2,3}', text) is not None\nNameError: name 're' is not defined\n",
      "exit_code": 1,
      "status": "Exception"
    },
    {
      "program": "def text_match_two_three(text: str) -> bool:\n    \"\"\"\n\tWrite a function that checks whether a string contains the 'a' character followed by two or three 'b' characters.\n\t\"\"\"\n    return re.search(r\"ab{2,3}\", text) is not None\n\n\ndef check(candidate):\n    assert candidate('ac') == False\n    assert candidate('dc') == False\n    assert candidate('abbbba') == True\n\ndef test_check():\n    check(text_match_two_three)\n\ntest_check()\n",
      "timestamp": 1665517473,
      "stdout": "",
      "stderr": "Traceback (most recent call last):\n  File \"/tmp/tmpsa00iv68.py\", line 16, in <module>\n    test_check()\n  File \"/tmp/tmpsa00iv68.py\", line 14, in test_check\n    check(text_match_two_three)\n  File \"/tmp/tmpsa00iv68.py\", line 9, in check\n    assert candidate('ac') == False\n  File \"/tmp/tmpsa00iv68.py\", line 5, in text_match_two_three\n    return re.search(r\"ab{2,3}\", text) is not None\nNameError: name 're' is not defined\n",
      "exit_code": 1,
      "status": "Exception"
    },
    {
      "program": "def text_match_two_three(text: str) -> bool:\n    \"\"\"\n\tWrite a function that checks whether a string contains the 'a' character followed by two or three 'b' characters.\n\t\"\"\"\n    return re.search(r'ab{2,3}', text)\n\n\ndef check(candidate):\n    assert candidate('ac') == False\n    assert candidate('dc') == False\n    assert candidate('abbbba') == True\n\ndef test_check():\n    check(text_match_two_three)\n\ntest_check()\n",
      "timestamp": 1665517473,
      "stdout": "",
      "stderr": "Traceback (most recent call last):\n  File \"/tmp/tmp68wx_klq.py\", line 16, in <module>\n    test_check()\n  File \"/tmp/tmp68wx_klq.py\", line 14, in test_check\n    check(text_match_two_three)\n  File \"/tmp/tmp68wx_klq.py\", line 9, in check\n    assert candidate('ac') == False\n  File \"/tmp/tmp68wx_klq.py\", line 5, in text_match_two_three\n    return re.search(r'ab{2,3}', text)\nNameError: name 're' is not defined\n",
      "exit_code": 1,
      "status": "Exception"
    },
    {
      "program": "def text_match_two_three(text: str) -> bool:\n    \"\"\"\n\tWrite a function that checks whether a string contains the 'a' character followed by two or three 'b' characters.\n\t\"\"\"\n    return re.search(r\"ab{2,3}\", text) is not None\n\n\ndef check(candidate):\n    assert candidate('ac') == False\n    assert candidate('dc') == False\n    assert candidate('abbbba') == True\n\ndef test_check():\n    check(text_match_two_three)\n\ntest_check()\n",
      "timestamp": 1665517473,
      "stdout": "",
      "stderr": "Traceback (most recent call last):\n  File \"/tmp/tmpsa00iv68.py\", line 16, in <module>\n    test_check()\n  File \"/tmp/tmpsa00iv68.py\", line 14, in test_check\n    check(text_match_two_three)\n  File \"/tmp/tmpsa00iv68.py\", line 9, in check\n    assert candidate('ac') == False\n  File \"/tmp/tmpsa00iv68.py\", line 5, in text_match_two_three\n    return re.search(r\"ab{2,3}\", text) is not None\nNameError: name 're' is not defined\n",
      "exit_code": 1,
      "status": "Exception"
    },
    {
      "program": "def text_match_two_three(text: str) -> bool:\n    \"\"\"\n\tWrite a function that checks whether a string contains the 'a' character followed by two or three 'b' characters.\n\t\"\"\"\n    return re.search(r\"ab{2,3}\", text) is not None\n\n\ndef check(candidate):\n    assert candidate('ac') == False\n    assert candidate('dc') == False\n    assert candidate('abbbba') == True\n\ndef test_check():\n    check(text_match_two_three)\n\ntest_check()\n",
      "timestamp": 1665517473,
      "stdout": "",
      "stderr": "Traceback (most recent call last):\n  File \"/tmp/tmpsa00iv68.py\", line 16, in <module>\n    test_check()\n  File \"/tmp/tmpsa00iv68.py\", line 14, in test_check\n    check(text_match_two_three)\n  File \"/tmp/tmpsa00iv68.py\", line 9, in check\n    assert candidate('ac') == False\n  File \"/tmp/tmpsa00iv68.py\", line 5, in text_match_two_three\n    return re.search(r\"ab{2,3}\", text) is not None\nNameError: name 're' is not defined\n",
      "exit_code": 1,
      "status": "Exception"
    },
    {
      "program": "def text_match_two_three(text: str) -> bool:\n    \"\"\"\n\tWrite a function that checks whether a string contains the 'a' character followed by two or three 'b' characters.\n\t\"\"\"\n    return re.search(r\"ab{2,3}\", text) is not None\n\n\ndef check(candidate):\n    assert candidate('ac') == False\n    assert candidate('dc') == False\n    assert candidate('abbbba') == True\n\ndef test_check():\n    check(text_match_two_three)\n\ntest_check()\n",
      "timestamp": 1665517473,
      "stdout": "",
      "stderr": "Traceback (most recent call last):\n  File \"/tmp/tmpsa00iv68.py\", line 16, in <module>\n    test_check()\n  File \"/tmp/tmpsa00iv68.py\", line 14, in test_check\n    check(text_match_two_three)\n  File \"/tmp/tmpsa00iv68.py\", line 9, in check\n    assert candidate('ac') == False\n  File \"/tmp/tmpsa00iv68.py\", line 5, in text_match_two_three\n    return re.search(r\"ab{2,3}\", text) is not None\nNameError: name 're' is not defined\n",
      "exit_code": 1,
      "status": "Exception"
    },
    {
      "program": "def text_match_two_three(text: str) -> bool:\n    \"\"\"\n\tWrite a function that checks whether a string contains the 'a' character followed by two or three 'b' characters.\n\t\"\"\"\n    return re.search(r\"ab{2,3}\", text) is not None\n\n\ndef check(candidate):\n    assert candidate('ac') == False\n    assert candidate('dc') == False\n    assert candidate('abbbba') == True\n\ndef test_check():\n    check(text_match_two_three)\n\ntest_check()\n",
      "timestamp": 1665517473,
      "stdout": "",
      "stderr": "Traceback (most recent call last):\n  File \"/tmp/tmpsa00iv68.py\", line 16, in <module>\n    test_check()\n  File \"/tmp/tmpsa00iv68.py\", line 14, in test_check\n    check(text_match_two_three)\n  File \"/tmp/tmpsa00iv68.py\", line 9, in check\n    assert candidate('ac') == False\n  File \"/tmp/tmpsa00iv68.py\", line 5, in text_match_two_three\n    return re.search(r\"ab{2,3}\", text) is not None\nNameError: name 're' is not defined\n",
      "exit_code": 1,
      "status": "Exception"
    },
    {
      "program": "def text_match_two_three(text: str) -> bool:\n    \"\"\"\n\tWrite a function that checks whether a string contains the 'a' character followed by two or three 'b' characters.\n\t\"\"\"\n    return re.search(r\"ab{2,3}\", text) is not None\n\n\ndef check(candidate):\n    assert candidate('ac') == False\n    assert candidate('dc') == False\n    assert candidate('abbbba') == True\n\ndef test_check():\n    check(text_match_two_three)\n\ntest_check()\n",
      "timestamp": 1665517473,
      "stdout": "",
      "stderr": "Traceback (most recent call last):\n  File \"/tmp/tmpsa00iv68.py\", line 16, in <module>\n    test_check()\n  File \"/tmp/tmpsa00iv68.py\", line 14, in test_check\n    check(text_match_two_three)\n  File \"/tmp/tmpsa00iv68.py\", line 9, in check\n    assert candidate('ac') == False\n  File \"/tmp/tmpsa00iv68.py\", line 5, in text_match_two_three\n    return re.search(r\"ab{2,3}\", text) is not None\nNameError: name 're' is not defined\n",
      "exit_code": 1,
      "status": "Exception"
    },
    {
      "program": "def text_match_two_three(text: str) -> bool:\n    \"\"\"\n\tWrite a function that checks whether a string contains the 'a' character followed by two or three 'b' characters.\n\t\"\"\"\n    return re.search(r\"ab{2,3}\", text) is not None\n\n\ndef check(candidate):\n    assert candidate('ac') == False\n    assert candidate('dc') == False\n    assert candidate('abbbba') == True\n\ndef test_check():\n    check(text_match_two_three)\n\ntest_check()\n",
      "timestamp": 1665517473,
      "stdout": "",
      "stderr": "Traceback (most recent call last):\n  File \"/tmp/tmpsa00iv68.py\", line 16, in <module>\n    test_check()\n  File \"/tmp/tmpsa00iv68.py\", line 14, in test_check\n    check(text_match_two_three)\n  File \"/tmp/tmpsa00iv68.py\", line 9, in check\n    assert candidate('ac') == False\n  File \"/tmp/tmpsa00iv68.py\", line 5, in text_match_two_three\n    return re.search(r\"ab{2,3}\", text) is not None\nNameError: name 're' is not defined\n",
      "exit_code": 1,
      "status": "Exception"
    },
    {
      "program": "def text_match_two_three(text: str) -> bool:\n    \"\"\"\n\tWrite a function that checks whether a string contains the 'a' character followed by two or three 'b' characters.\n\t\"\"\"\n    return re.search(r\"ab{2,3}\", text) is not None\n\n\ndef check(candidate):\n    assert candidate('ac') == False\n    assert candidate('dc') == False\n    assert candidate('abbbba') == True\n\ndef test_check():\n    check(text_match_two_three)\n\ntest_check()\n",
      "timestamp": 1665517473,
      "stdout": "",
      "stderr": "Traceback (most recent call last):\n  File \"/tmp/tmpsa00iv68.py\", line 16, in <module>\n    test_check()\n  File \"/tmp/tmpsa00iv68.py\", line 14, in test_check\n    check(text_match_two_three)\n  File \"/tmp/tmpsa00iv68.py\", line 9, in check\n    assert candidate('ac') == False\n  File \"/tmp/tmpsa00iv68.py\", line 5, in text_match_two_three\n    return re.search(r\"ab{2,3}\", text) is not None\nNameError: name 're' is not defined\n",
      "exit_code": 1,
      "status": "Exception"
    },
    {
      "program": "def text_match_two_three(text: str) -> bool:\n    \"\"\"\n\tWrite a function that checks whether a string contains the 'a' character followed by two or three 'b' characters.\n\t\"\"\"\n    return re.search(r\"ab{2,3}\", text) is not None\n\n\ndef check(candidate):\n    assert candidate('ac') == False\n    assert candidate('dc') == False\n    assert candidate('abbbba') == True\n\ndef test_check():\n    check(text_match_two_three)\n\ntest_check()\n",
      "timestamp": 1665517473,
      "stdout": "",
      "stderr": "Traceback (most recent call last):\n  File \"/tmp/tmpsa00iv68.py\", line 16, in <module>\n    test_check()\n  File \"/tmp/tmpsa00iv68.py\", line 14, in test_check\n    check(text_match_two_three)\n  File \"/tmp/tmpsa00iv68.py\", line 9, in check\n    assert candidate('ac') == False\n  File \"/tmp/tmpsa00iv68.py\", line 5, in text_match_two_three\n    return re.search(r\"ab{2,3}\", text) is not None\nNameError: name 're' is not defined\n",
      "exit_code": 1,
      "status": "Exception"
    },
    {
      "program": "def text_match_two_three(text: str) -> bool:\n    \"\"\"\n\tWrite a function that checks whether a string contains the 'a' character followed by two or three 'b' characters.\n\t\"\"\"\n    return re.search(r\"ab{2,3}\", text)\n\n\ndef check(candidate):\n    assert candidate('ac') == False\n    assert candidate('dc') == False\n    assert candidate('abbbba') == True\n\ndef test_check():\n    check(text_match_two_three)\n\ntest_check()\n",
      "timestamp": 1665517473,
      "stdout": "",
      "stderr": "Traceback (most recent call last):\n  File \"/tmp/tmplykalfjs.py\", line 16, in <module>\n    test_check()\n  File \"/tmp/tmplykalfjs.py\", line 14, in test_check\n    check(text_match_two_three)\n  File \"/tmp/tmplykalfjs.py\", line 9, in check\n    assert candidate('ac') == False\n  File \"/tmp/tmplykalfjs.py\", line 5, in text_match_two_three\n    return re.search(r\"ab{2,3}\", text)\nNameError: name 're' is not defined\n",
      "exit_code": 1,
      "status": "Exception"
    },
    {
      "program": "def text_match_two_three(text: str) -> bool:\n    \"\"\"\n\tWrite a function that checks whether a string contains the 'a' character followed by two or three 'b' characters.\n\t\"\"\"\n    return re.search(r\"ab{2,3}\", text) is not None\n\n\ndef check(candidate):\n    assert candidate('ac') == False\n    assert candidate('dc') == False\n    assert candidate('abbbba') == True\n\ndef test_check():\n    check(text_match_two_three)\n\ntest_check()\n",
      "timestamp": 1665517473,
      "stdout": "",
      "stderr": "Traceback (most recent call last):\n  File \"/tmp/tmpsa00iv68.py\", line 16, in <module>\n    test_check()\n  File \"/tmp/tmpsa00iv68.py\", line 14, in test_check\n    check(text_match_two_three)\n  File \"/tmp/tmpsa00iv68.py\", line 9, in check\n    assert candidate('ac') == False\n  File \"/tmp/tmpsa00iv68.py\", line 5, in text_match_two_three\n    return re.search(r\"ab{2,3}\", text) is not None\nNameError: name 're' is not defined\n",
      "exit_code": 1,
      "status": "Exception"
    },
    {
      "program": "def text_match_two_three(text: str) -> bool:\n    \"\"\"\n\tWrite a function that checks whether a string contains the 'a' character followed by two or three 'b' characters.\n\t\"\"\"\n    return re.search(r'ab{2,3}', text) is not None\n\n\ndef check(candidate):\n    assert candidate('ac') == False\n    assert candidate('dc') == False\n    assert candidate('abbbba') == True\n\ndef test_check():\n    check(text_match_two_three)\n\ntest_check()\n",
      "timestamp": 1665517473,
      "stdout": "",
      "stderr": "Traceback (most recent call last):\n  File \"/tmp/tmpsldtmyrx.py\", line 16, in <module>\n    test_check()\n  File \"/tmp/tmpsldtmyrx.py\", line 14, in test_check\n    check(text_match_two_three)\n  File \"/tmp/tmpsldtmyrx.py\", line 9, in check\n    assert candidate('ac') == False\n  File \"/tmp/tmpsldtmyrx.py\", line 5, in text_match_two_three\n    return re.search(r'ab{2,3}', text) is not None\nNameError: name 're' is not defined\n",
      "exit_code": 1,
      "status": "Exception"
    },
    {
      "program": "def text_match_two_three(text: str) -> bool:\n    \"\"\"\n\tWrite a function that checks whether a string contains the 'a' character followed by two or three 'b' characters.\n\t\"\"\"\n    return re.search(r\"ab{2,3}\", text)\n\n\ndef check(candidate):\n    assert candidate('ac') == False\n    assert candidate('dc') == False\n    assert candidate('abbbba') == True\n\ndef test_check():\n    check(text_match_two_three)\n\ntest_check()\n",
      "timestamp": 1665517473,
      "stdout": "",
      "stderr": "Traceback (most recent call last):\n  File \"/tmp/tmplykalfjs.py\", line 16, in <module>\n    test_check()\n  File \"/tmp/tmplykalfjs.py\", line 14, in test_check\n    check(text_match_two_three)\n  File \"/tmp/tmplykalfjs.py\", line 9, in check\n    assert candidate('ac') == False\n  File \"/tmp/tmplykalfjs.py\", line 5, in text_match_two_three\n    return re.search(r\"ab{2,3}\", text)\nNameError: name 're' is not defined\n",
      "exit_code": 1,
      "status": "Exception"
    },
    {
      "program": "def text_match_two_three(text: str) -> bool:\n    \"\"\"\n\tWrite a function that checks whether a string contains the 'a' character followed by two or three 'b' characters.\n\t\"\"\"\n    return re.search(r\"ab{2,3}\", text) is not None\n\n\ndef check(candidate):\n    assert candidate('ac') == False\n    assert candidate('dc') == False\n    assert candidate('abbbba') == True\n\ndef test_check():\n    check(text_match_two_three)\n\ntest_check()\n",
      "timestamp": 1665517473,
      "stdout": "",
      "stderr": "Traceback (most recent call last):\n  File \"/tmp/tmpsa00iv68.py\", line 16, in <module>\n    test_check()\n  File \"/tmp/tmpsa00iv68.py\", line 14, in test_check\n    check(text_match_two_three)\n  File \"/tmp/tmpsa00iv68.py\", line 9, in check\n    assert candidate('ac') == False\n  File \"/tmp/tmpsa00iv68.py\", line 5, in text_match_two_three\n    return re.search(r\"ab{2,3}\", text) is not None\nNameError: name 're' is not defined\n",
      "exit_code": 1,
      "status": "Exception"
    },
    {
      "program": "def text_match_two_three(text: str) -> bool:\n    \"\"\"\n\tWrite a function that checks whether a string contains the 'a' character followed by two or three 'b' characters.\n\t\"\"\"\n    return re.search(r\"ab{2,3}\", text) is not None\n\n\ndef check(candidate):\n    assert candidate('ac') == False\n    assert candidate('dc') == False\n    assert candidate('abbbba') == True\n\ndef test_check():\n    check(text_match_two_three)\n\ntest_check()\n",
      "timestamp": 1665517473,
      "stdout": "",
      "stderr": "Traceback (most recent call last):\n  File \"/tmp/tmpsa00iv68.py\", line 16, in <module>\n    test_check()\n  File \"/tmp/tmpsa00iv68.py\", line 14, in test_check\n    check(text_match_two_three)\n  File \"/tmp/tmpsa00iv68.py\", line 9, in check\n    assert candidate('ac') == False\n  File \"/tmp/tmpsa00iv68.py\", line 5, in text_match_two_three\n    return re.search(r\"ab{2,3}\", text) is not None\nNameError: name 're' is not defined\n",
      "exit_code": 1,
      "status": "Exception"
    },
    {
      "program": "def text_match_two_three(text: str) -> bool:\n    \"\"\"\n\tWrite a function that checks whether a string contains the 'a' character followed by two or three 'b' characters.\n\t\"\"\"\n    return re.search(r'ab{2,3}', text) is not None\n\n\ndef check(candidate):\n    assert candidate('ac') == False\n    assert candidate('dc') == False\n    assert candidate('abbbba') == True\n\ndef test_check():\n    check(text_match_two_three)\n\ntest_check()\n",
      "timestamp": 1665517473,
      "stdout": "",
      "stderr": "Traceback (most recent call last):\n  File \"/tmp/tmpsldtmyrx.py\", line 16, in <module>\n    test_check()\n  File \"/tmp/tmpsldtmyrx.py\", line 14, in test_check\n    check(text_match_two_three)\n  File \"/tmp/tmpsldtmyrx.py\", line 9, in check\n    assert candidate('ac') == False\n  File \"/tmp/tmpsldtmyrx.py\", line 5, in text_match_two_three\n    return re.search(r'ab{2,3}', text) is not None\nNameError: name 're' is not defined\n",
      "exit_code": 1,
      "status": "Exception"
    },
    {
      "program": "def text_match_two_three(text: str) -> bool:\n    \"\"\"\n\tWrite a function that checks whether a string contains the 'a' character followed by two or three 'b' characters.\n\t\"\"\"\n    return bool(re.search(r\"ab{2,3}\", text))\n\n\ndef check(candidate):\n    assert candidate('ac') == False\n    assert candidate('dc') == False\n    assert candidate('abbbba') == True\n\ndef test_check():\n    check(text_match_two_three)\n\ntest_check()\n",
      "timestamp": 1665517473,
      "stdout": "",
      "stderr": "Traceback (most recent call last):\n  File \"/tmp/tmp7ea0air5.py\", line 16, in <module>\n    test_check()\n  File \"/tmp/tmp7ea0air5.py\", line 14, in test_check\n    check(text_match_two_three)\n  File \"/tmp/tmp7ea0air5.py\", line 9, in check\n    assert candidate('ac') == False\n  File \"/tmp/tmp7ea0air5.py\", line 5, in text_match_two_three\n    return bool(re.search(r\"ab{2,3}\", text))\nNameError: name 're' is not defined\n",
      "exit_code": 1,
      "status": "Exception"
    },
    {
      "program": "def text_match_two_three(text: str) -> bool:\n    \"\"\"\n\tWrite a function that checks whether a string contains the 'a' character followed by two or three 'b' characters.\n\t\"\"\"\n    return re.search(r\"ab{2,3}\", text)\n\n\ndef check(candidate):\n    assert candidate('ac') == False\n    assert candidate('dc') == False\n    assert candidate('abbbba') == True\n\ndef test_check():\n    check(text_match_two_three)\n\ntest_check()\n",
      "timestamp": 1665517473,
      "stdout": "",
      "stderr": "Traceback (most recent call last):\n  File \"/tmp/tmplykalfjs.py\", line 16, in <module>\n    test_check()\n  File \"/tmp/tmplykalfjs.py\", line 14, in test_check\n    check(text_match_two_three)\n  File \"/tmp/tmplykalfjs.py\", line 9, in check\n    assert candidate('ac') == False\n  File \"/tmp/tmplykalfjs.py\", line 5, in text_match_two_three\n    return re.search(r\"ab{2,3}\", text)\nNameError: name 're' is not defined\n",
      "exit_code": 1,
      "status": "Exception"
    },
    {
      "program": "def text_match_two_three(text: str) -> bool:\n    \"\"\"\n\tWrite a function that checks whether a string contains the 'a' character followed by two or three 'b' characters.\n\t\"\"\"\n    return re.search(r\"ab{2,3}\", text)\n\n\ndef check(candidate):\n    assert candidate('ac') == False\n    assert candidate('dc') == False\n    assert candidate('abbbba') == True\n\ndef test_check():\n    check(text_match_two_three)\n\ntest_check()\n",
      "timestamp": 1665517473,
      "stdout": "",
      "stderr": "Traceback (most recent call last):\n  File \"/tmp/tmplykalfjs.py\", line 16, in <module>\n    test_check()\n  File \"/tmp/tmplykalfjs.py\", line 14, in test_check\n    check(text_match_two_three)\n  File \"/tmp/tmplykalfjs.py\", line 9, in check\n    assert candidate('ac') == False\n  File \"/tmp/tmplykalfjs.py\", line 5, in text_match_two_three\n    return re.search(r\"ab{2,3}\", text)\nNameError: name 're' is not defined\n",
      "exit_code": 1,
      "status": "Exception"
    },
    {
      "program": "def text_match_two_three(text: str) -> bool:\n    \"\"\"\n\tWrite a function that checks whether a string contains the 'a' character followed by two or three 'b' characters.\n\t\"\"\"\n    return re.search(r\"ab{2,3}\", text) is not None\n\n\ndef check(candidate):\n    assert candidate('ac') == False\n    assert candidate('dc') == False\n    assert candidate('abbbba') == True\n\ndef test_check():\n    check(text_match_two_three)\n\ntest_check()\n",
      "timestamp": 1665517473,
      "stdout": "",
      "stderr": "Traceback (most recent call last):\n  File \"/tmp/tmpsa00iv68.py\", line 16, in <module>\n    test_check()\n  File \"/tmp/tmpsa00iv68.py\", line 14, in test_check\n    check(text_match_two_three)\n  File \"/tmp/tmpsa00iv68.py\", line 9, in check\n    assert candidate('ac') == False\n  File \"/tmp/tmpsa00iv68.py\", line 5, in text_match_two_three\n    return re.search(r\"ab{2,3}\", text) is not None\nNameError: name 're' is not defined\n",
      "exit_code": 1,
      "status": "Exception"
    },
    {
      "program": "def text_match_two_three(text: str) -> bool:\n    \"\"\"\n\tWrite a function that checks whether a string contains the 'a' character followed by two or three 'b' characters.\n\t\"\"\"\n    return re.search(r\"ab{2,3}\", text) is not None\n\n\ndef check(candidate):\n    assert candidate('ac') == False\n    assert candidate('dc') == False\n    assert candidate('abbbba') == True\n\ndef test_check():\n    check(text_match_two_three)\n\ntest_check()\n",
      "timestamp": 1665517473,
      "stdout": "",
      "stderr": "Traceback (most recent call last):\n  File \"/tmp/tmpsa00iv68.py\", line 16, in <module>\n    test_check()\n  File \"/tmp/tmpsa00iv68.py\", line 14, in test_check\n    check(text_match_two_three)\n  File \"/tmp/tmpsa00iv68.py\", line 9, in check\n    assert candidate('ac') == False\n  File \"/tmp/tmpsa00iv68.py\", line 5, in text_match_two_three\n    return re.search(r\"ab{2,3}\", text) is not None\nNameError: name 're' is not defined\n",
      "exit_code": 1,
      "status": "Exception"
    },
    {
      "program": "def text_match_two_three(text: str) -> bool:\n    \"\"\"\n\tWrite a function that checks whether a string contains the 'a' character followed by two or three 'b' characters.\n\t\"\"\"\n    return re.search(r\"ab{2,3}\", text)\n\n\ndef check(candidate):\n    assert candidate('ac') == False\n    assert candidate('dc') == False\n    assert candidate('abbbba') == True\n\ndef test_check():\n    check(text_match_two_three)\n\ntest_check()\n",
      "timestamp": 1665517473,
      "stdout": "",
      "stderr": "Traceback (most recent call last):\n  File \"/tmp/tmplykalfjs.py\", line 16, in <module>\n    test_check()\n  File \"/tmp/tmplykalfjs.py\", line 14, in test_check\n    check(text_match_two_three)\n  File \"/tmp/tmplykalfjs.py\", line 9, in check\n    assert candidate('ac') == False\n  File \"/tmp/tmplykalfjs.py\", line 5, in text_match_two_three\n    return re.search(r\"ab{2,3}\", text)\nNameError: name 're' is not defined\n",
      "exit_code": 1,
      "status": "Exception"
    },
    {
      "program": "def text_match_two_three(text: str) -> bool:\n    \"\"\"\n\tWrite a function that checks whether a string contains the 'a' character followed by two or three 'b' characters.\n\t\"\"\"\n    return re.search(r\"ab{2,3}\", text) is not None\n\n\ndef check(candidate):\n    assert candidate('ac') == False\n    assert candidate('dc') == False\n    assert candidate('abbbba') == True\n\ndef test_check():\n    check(text_match_two_three)\n\ntest_check()\n",
      "timestamp": 1665517473,
      "stdout": "",
      "stderr": "Traceback (most recent call last):\n  File \"/tmp/tmpsa00iv68.py\", line 16, in <module>\n    test_check()\n  File \"/tmp/tmpsa00iv68.py\", line 14, in test_check\n    check(text_match_two_three)\n  File \"/tmp/tmpsa00iv68.py\", line 9, in check\n    assert candidate('ac') == False\n  File \"/tmp/tmpsa00iv68.py\", line 5, in text_match_two_three\n    return re.search(r\"ab{2,3}\", text) is not None\nNameError: name 're' is not defined\n",
      "exit_code": 1,
      "status": "Exception"
    },
    {
      "program": "def text_match_two_three(text: str) -> bool:\n    \"\"\"\n\tWrite a function that checks whether a string contains the 'a' character followed by two or three 'b' characters.\n\t\"\"\"\n    return re.search(r\"ab{2,3}\", text)\n\n\ndef check(candidate):\n    assert candidate('ac') == False\n    assert candidate('dc') == False\n    assert candidate('abbbba') == True\n\ndef test_check():\n    check(text_match_two_three)\n\ntest_check()\n",
      "timestamp": 1665517473,
      "stdout": "",
      "stderr": "Traceback (most recent call last):\n  File \"/tmp/tmplykalfjs.py\", line 16, in <module>\n    test_check()\n  File \"/tmp/tmplykalfjs.py\", line 14, in test_check\n    check(text_match_two_three)\n  File \"/tmp/tmplykalfjs.py\", line 9, in check\n    assert candidate('ac') == False\n  File \"/tmp/tmplykalfjs.py\", line 5, in text_match_two_three\n    return re.search(r\"ab{2,3}\", text)\nNameError: name 're' is not defined\n",
      "exit_code": 1,
      "status": "Exception"
    },
    {
      "program": "def text_match_two_three(text: str) -> bool:\n    \"\"\"\n\tWrite a function that checks whether a string contains the 'a' character followed by two or three 'b' characters.\n\t\"\"\"\n    return re.search(r\"ab{2,3}\", text) is not None\n\n\ndef check(candidate):\n    assert candidate('ac') == False\n    assert candidate('dc') == False\n    assert candidate('abbbba') == True\n\ndef test_check():\n    check(text_match_two_three)\n\ntest_check()\n",
      "timestamp": 1665517473,
      "stdout": "",
      "stderr": "Traceback (most recent call last):\n  File \"/tmp/tmpsa00iv68.py\", line 16, in <module>\n    test_check()\n  File \"/tmp/tmpsa00iv68.py\", line 14, in test_check\n    check(text_match_two_three)\n  File \"/tmp/tmpsa00iv68.py\", line 9, in check\n    assert candidate('ac') == False\n  File \"/tmp/tmpsa00iv68.py\", line 5, in text_match_two_three\n    return re.search(r\"ab{2,3}\", text) is not None\nNameError: name 're' is not defined\n",
      "exit_code": 1,
      "status": "Exception"
    },
    {
      "program": "def text_match_two_three(text: str) -> bool:\n    \"\"\"\n\tWrite a function that checks whether a string contains the 'a' character followed by two or three 'b' characters.\n\t\"\"\"\n    return re.search(r'ab{2,3}', text) is not None\n\n\ndef check(candidate):\n    assert candidate('ac') == False\n    assert candidate('dc') == False\n    assert candidate('abbbba') == True\n\ndef test_check():\n    check(text_match_two_three)\n\ntest_check()\n",
      "timestamp": 1665517473,
      "stdout": "",
      "stderr": "Traceback (most recent call last):\n  File \"/tmp/tmpsldtmyrx.py\", line 16, in <module>\n    test_check()\n  File \"/tmp/tmpsldtmyrx.py\", line 14, in test_check\n    check(text_match_two_three)\n  File \"/tmp/tmpsldtmyrx.py\", line 9, in check\n    assert candidate('ac') == False\n  File \"/tmp/tmpsldtmyrx.py\", line 5, in text_match_two_three\n    return re.search(r'ab{2,3}', text) is not None\nNameError: name 're' is not defined\n",
      "exit_code": 1,
      "status": "Exception"
    },
    {
      "program": "def text_match_two_three(text: str) -> bool:\n    \"\"\"\n\tWrite a function that checks whether a string contains the 'a' character followed by two or three 'b' characters.\n\t\"\"\"\n    return re.search(r\"ab{2,3}\", text)\n\n\ndef check(candidate):\n    assert candidate('ac') == False\n    assert candidate('dc') == False\n    assert candidate('abbbba') == True\n\ndef test_check():\n    check(text_match_two_three)\n\ntest_check()\n",
      "timestamp": 1665517473,
      "stdout": "",
      "stderr": "Traceback (most recent call last):\n  File \"/tmp/tmplykalfjs.py\", line 16, in <module>\n    test_check()\n  File \"/tmp/tmplykalfjs.py\", line 14, in test_check\n    check(text_match_two_three)\n  File \"/tmp/tmplykalfjs.py\", line 9, in check\n    assert candidate('ac') == False\n  File \"/tmp/tmplykalfjs.py\", line 5, in text_match_two_three\n    return re.search(r\"ab{2,3}\", text)\nNameError: name 're' is not defined\n",
      "exit_code": 1,
      "status": "Exception"
    },
    {
      "program": "def text_match_two_three(text: str) -> bool:\n    \"\"\"\n\tWrite a function that checks whether a string contains the 'a' character followed by two or three 'b' characters.\n\t\"\"\"\n    return re.search(r\"ab{2,3}\", text) is not None\n\n\ndef check(candidate):\n    assert candidate('ac') == False\n    assert candidate('dc') == False\n    assert candidate('abbbba') == True\n\ndef test_check():\n    check(text_match_two_three)\n\ntest_check()\n",
      "timestamp": 1665517473,
      "stdout": "",
      "stderr": "Traceback (most recent call last):\n  File \"/tmp/tmpsa00iv68.py\", line 16, in <module>\n    test_check()\n  File \"/tmp/tmpsa00iv68.py\", line 14, in test_check\n    check(text_match_two_three)\n  File \"/tmp/tmpsa00iv68.py\", line 9, in check\n    assert candidate('ac') == False\n  File \"/tmp/tmpsa00iv68.py\", line 5, in text_match_two_three\n    return re.search(r\"ab{2,3}\", text) is not None\nNameError: name 're' is not defined\n",
      "exit_code": 1,
      "status": "Exception"
    },
    {
      "program": "def text_match_two_three(text: str) -> bool:\n    \"\"\"\n\tWrite a function that checks whether a string contains the 'a' character followed by two or three 'b' characters.\n\t\"\"\"\n    return re.search(r\"ab{2,3}\", text) is not None\n\n\ndef check(candidate):\n    assert candidate('ac') == False\n    assert candidate('dc') == False\n    assert candidate('abbbba') == True\n\ndef test_check():\n    check(text_match_two_three)\n\ntest_check()\n",
      "timestamp": 1665517473,
      "stdout": "",
      "stderr": "Traceback (most recent call last):\n  File \"/tmp/tmpsa00iv68.py\", line 16, in <module>\n    test_check()\n  File \"/tmp/tmpsa00iv68.py\", line 14, in test_check\n    check(text_match_two_three)\n  File \"/tmp/tmpsa00iv68.py\", line 9, in check\n    assert candidate('ac') == False\n  File \"/tmp/tmpsa00iv68.py\", line 5, in text_match_two_three\n    return re.search(r\"ab{2,3}\", text) is not None\nNameError: name 're' is not defined\n",
      "exit_code": 1,
      "status": "Exception"
    },
    {
      "program": "def text_match_two_three(text: str) -> bool:\n    \"\"\"\n\tWrite a function that checks whether a string contains the 'a' character followed by two or three 'b' characters.\n\t\"\"\"\n    return re.search(r\"ab{2,3}\", text) is not None\n\n\ndef check(candidate):\n    assert candidate('ac') == False\n    assert candidate('dc') == False\n    assert candidate('abbbba') == True\n\ndef test_check():\n    check(text_match_two_three)\n\ntest_check()\n",
      "timestamp": 1665517473,
      "stdout": "",
      "stderr": "Traceback (most recent call last):\n  File \"/tmp/tmpsa00iv68.py\", line 16, in <module>\n    test_check()\n  File \"/tmp/tmpsa00iv68.py\", line 14, in test_check\n    check(text_match_two_three)\n  File \"/tmp/tmpsa00iv68.py\", line 9, in check\n    assert candidate('ac') == False\n  File \"/tmp/tmpsa00iv68.py\", line 5, in text_match_two_three\n    return re.search(r\"ab{2,3}\", text) is not None\nNameError: name 're' is not defined\n",
      "exit_code": 1,
      "status": "Exception"
    },
    {
      "program": "def text_match_two_three(text: str) -> bool:\n    \"\"\"\n\tWrite a function that checks whether a string contains the 'a' character followed by two or three 'b' characters.\n\t\"\"\"\n    return re.search(r\"ab{2,3}\", text) is not None\n\n\ndef check(candidate):\n    assert candidate('ac') == False\n    assert candidate('dc') == False\n    assert candidate('abbbba') == True\n\ndef test_check():\n    check(text_match_two_three)\n\ntest_check()\n",
      "timestamp": 1665517473,
      "stdout": "",
      "stderr": "Traceback (most recent call last):\n  File \"/tmp/tmpsa00iv68.py\", line 16, in <module>\n    test_check()\n  File \"/tmp/tmpsa00iv68.py\", line 14, in test_check\n    check(text_match_two_three)\n  File \"/tmp/tmpsa00iv68.py\", line 9, in check\n    assert candidate('ac') == False\n  File \"/tmp/tmpsa00iv68.py\", line 5, in text_match_two_three\n    return re.search(r\"ab{2,3}\", text) is not None\nNameError: name 're' is not defined\n",
      "exit_code": 1,
      "status": "Exception"
    },
    {
      "program": "def text_match_two_three(text: str) -> bool:\n    \"\"\"\n\tWrite a function that checks whether a string contains the 'a' character followed by two or three 'b' characters.\n\t\"\"\"\n    return re.search(r\"ab{2,3}\", text)\n\n\ndef check(candidate):\n    assert candidate('ac') == False\n    assert candidate('dc') == False\n    assert candidate('abbbba') == True\n\ndef test_check():\n    check(text_match_two_three)\n\ntest_check()\n",
      "timestamp": 1665517473,
      "stdout": "",
      "stderr": "Traceback (most recent call last):\n  File \"/tmp/tmplykalfjs.py\", line 16, in <module>\n    test_check()\n  File \"/tmp/tmplykalfjs.py\", line 14, in test_check\n    check(text_match_two_three)\n  File \"/tmp/tmplykalfjs.py\", line 9, in check\n    assert candidate('ac') == False\n  File \"/tmp/tmplykalfjs.py\", line 5, in text_match_two_three\n    return re.search(r\"ab{2,3}\", text)\nNameError: name 're' is not defined\n",
      "exit_code": 1,
      "status": "Exception"
    },
    {
      "program": "def text_match_two_three(text: str) -> bool:\n    \"\"\"\n\tWrite a function that checks whether a string contains the 'a' character followed by two or three 'b' characters.\n\t\"\"\"\n    return re.search(r\"ab{2,3}\", text) is not None\n\n\ndef check(candidate):\n    assert candidate('ac') == False\n    assert candidate('dc') == False\n    assert candidate('abbbba') == True\n\ndef test_check():\n    check(text_match_two_three)\n\ntest_check()\n",
      "timestamp": 1665517473,
      "stdout": "",
      "stderr": "Traceback (most recent call last):\n  File \"/tmp/tmpsa00iv68.py\", line 16, in <module>\n    test_check()\n  File \"/tmp/tmpsa00iv68.py\", line 14, in test_check\n    check(text_match_two_three)\n  File \"/tmp/tmpsa00iv68.py\", line 9, in check\n    assert candidate('ac') == False\n  File \"/tmp/tmpsa00iv68.py\", line 5, in text_match_two_three\n    return re.search(r\"ab{2,3}\", text) is not None\nNameError: name 're' is not defined\n",
      "exit_code": 1,
      "status": "Exception"
    },
    {
      "program": "def text_match_two_three(text: str) -> bool:\n    \"\"\"\n\tWrite a function that checks whether a string contains the 'a' character followed by two or three 'b' characters.\n\t\"\"\"\n    return re.search(r\"ab{2,3}\", text) is not None\n\n\ndef check(candidate):\n    assert candidate('ac') == False\n    assert candidate('dc') == False\n    assert candidate('abbbba') == True\n\ndef test_check():\n    check(text_match_two_three)\n\ntest_check()\n",
      "timestamp": 1665517473,
      "stdout": "",
      "stderr": "Traceback (most recent call last):\n  File \"/tmp/tmpsa00iv68.py\", line 16, in <module>\n    test_check()\n  File \"/tmp/tmpsa00iv68.py\", line 14, in test_check\n    check(text_match_two_three)\n  File \"/tmp/tmpsa00iv68.py\", line 9, in check\n    assert candidate('ac') == False\n  File \"/tmp/tmpsa00iv68.py\", line 5, in text_match_two_three\n    return re.search(r\"ab{2,3}\", text) is not None\nNameError: name 're' is not defined\n",
      "exit_code": 1,
      "status": "Exception"
    },
    {
      "program": "def text_match_two_three(text: str) -> bool:\n    \"\"\"\n\tWrite a function that checks whether a string contains the 'a' character followed by two or three 'b' characters.\n\t\"\"\"\n    return re.search(r\"ab{2,3}\", text) is not None\n\n\ndef check(candidate):\n    assert candidate('ac') == False\n    assert candidate('dc') == False\n    assert candidate('abbbba') == True\n\ndef test_check():\n    check(text_match_two_three)\n\ntest_check()\n",
      "timestamp": 1665517473,
      "stdout": "",
      "stderr": "Traceback (most recent call last):\n  File \"/tmp/tmpsa00iv68.py\", line 16, in <module>\n    test_check()\n  File \"/tmp/tmpsa00iv68.py\", line 14, in test_check\n    check(text_match_two_three)\n  File \"/tmp/tmpsa00iv68.py\", line 9, in check\n    assert candidate('ac') == False\n  File \"/tmp/tmpsa00iv68.py\", line 5, in text_match_two_three\n    return re.search(r\"ab{2,3}\", text) is not None\nNameError: name 're' is not defined\n",
      "exit_code": 1,
      "status": "Exception"
    },
    {
      "program": "def text_match_two_three(text: str) -> bool:\n    \"\"\"\n\tWrite a function that checks whether a string contains the 'a' character followed by two or three 'b' characters.\n\t\"\"\"\n    return re.search(r\"ab{2,3}\", text) is not None\n\n\ndef check(candidate):\n    assert candidate('ac') == False\n    assert candidate('dc') == False\n    assert candidate('abbbba') == True\n\ndef test_check():\n    check(text_match_two_three)\n\ntest_check()\n",
      "timestamp": 1665517473,
      "stdout": "",
      "stderr": "Traceback (most recent call last):\n  File \"/tmp/tmpsa00iv68.py\", line 16, in <module>\n    test_check()\n  File \"/tmp/tmpsa00iv68.py\", line 14, in test_check\n    check(text_match_two_three)\n  File \"/tmp/tmpsa00iv68.py\", line 9, in check\n    assert candidate('ac') == False\n  File \"/tmp/tmpsa00iv68.py\", line 5, in text_match_two_three\n    return re.search(r\"ab{2,3}\", text) is not None\nNameError: name 're' is not defined\n",
      "exit_code": 1,
      "status": "Exception"
    },
    {
      "program": "def text_match_two_three(text: str) -> bool:\n    \"\"\"\n\tWrite a function that checks whether a string contains the 'a' character followed by two or three 'b' characters.\n\t\"\"\"\n    return re.search(r\"ab{2,3}\", text)\n\n\ndef check(candidate):\n    assert candidate('ac') == False\n    assert candidate('dc') == False\n    assert candidate('abbbba') == True\n\ndef test_check():\n    check(text_match_two_three)\n\ntest_check()\n",
      "timestamp": 1665517473,
      "stdout": "",
      "stderr": "Traceback (most recent call last):\n  File \"/tmp/tmplykalfjs.py\", line 16, in <module>\n    test_check()\n  File \"/tmp/tmplykalfjs.py\", line 14, in test_check\n    check(text_match_two_three)\n  File \"/tmp/tmplykalfjs.py\", line 9, in check\n    assert candidate('ac') == False\n  File \"/tmp/tmplykalfjs.py\", line 5, in text_match_two_three\n    return re.search(r\"ab{2,3}\", text)\nNameError: name 're' is not defined\n",
      "exit_code": 1,
      "status": "Exception"
    },
    {
      "program": "def text_match_two_three(text: str) -> bool:\n    \"\"\"\n\tWrite a function that checks whether a string contains the 'a' character followed by two or three 'b' characters.\n\t\"\"\"\n    return re.search(r'ab{2,3}', text) is not None\n\n\ndef check(candidate):\n    assert candidate('ac') == False\n    assert candidate('dc') == False\n    assert candidate('abbbba') == True\n\ndef test_check():\n    check(text_match_two_three)\n\ntest_check()\n",
      "timestamp": 1665517473,
      "stdout": "",
      "stderr": "Traceback (most recent call last):\n  File \"/tmp/tmpsldtmyrx.py\", line 16, in <module>\n    test_check()\n  File \"/tmp/tmpsldtmyrx.py\", line 14, in test_check\n    check(text_match_two_three)\n  File \"/tmp/tmpsldtmyrx.py\", line 9, in check\n    assert candidate('ac') == False\n  File \"/tmp/tmpsldtmyrx.py\", line 5, in text_match_two_three\n    return re.search(r'ab{2,3}', text) is not None\nNameError: name 're' is not defined\n",
      "exit_code": 1,
      "status": "Exception"
    },
    {
      "program": "def text_match_two_three(text: str) -> bool:\n    \"\"\"\n\tWrite a function that checks whether a string contains the 'a' character followed by two or three 'b' characters.\n\t\"\"\"\n    return re.search(r\"ab{2,3}\", text) is not None\n\n\ndef check(candidate):\n    assert candidate('ac') == False\n    assert candidate('dc') == False\n    assert candidate('abbbba') == True\n\ndef test_check():\n    check(text_match_two_three)\n\ntest_check()\n",
      "timestamp": 1665517473,
      "stdout": "",
      "stderr": "Traceback (most recent call last):\n  File \"/tmp/tmpsa00iv68.py\", line 16, in <module>\n    test_check()\n  File \"/tmp/tmpsa00iv68.py\", line 14, in test_check\n    check(text_match_two_three)\n  File \"/tmp/tmpsa00iv68.py\", line 9, in check\n    assert candidate('ac') == False\n  File \"/tmp/tmpsa00iv68.py\", line 5, in text_match_two_three\n    return re.search(r\"ab{2,3}\", text) is not None\nNameError: name 're' is not defined\n",
      "exit_code": 1,
      "status": "Exception"
    },
    {
      "program": "def text_match_two_three(text: str) -> bool:\n    \"\"\"\n\tWrite a function that checks whether a string contains the 'a' character followed by two or three 'b' characters.\n\t\"\"\"\n    return re.search(r'ab{2,3}', text) is not None\n\n\ndef check(candidate):\n    assert candidate('ac') == False\n    assert candidate('dc') == False\n    assert candidate('abbbba') == True\n\ndef test_check():\n    check(text_match_two_three)\n\ntest_check()\n",
      "timestamp": 1665517473,
      "stdout": "",
      "stderr": "Traceback (most recent call last):\n  File \"/tmp/tmpsldtmyrx.py\", line 16, in <module>\n    test_check()\n  File \"/tmp/tmpsldtmyrx.py\", line 14, in test_check\n    check(text_match_two_three)\n  File \"/tmp/tmpsldtmyrx.py\", line 9, in check\n    assert candidate('ac') == False\n  File \"/tmp/tmpsldtmyrx.py\", line 5, in text_match_two_three\n    return re.search(r'ab{2,3}', text) is not None\nNameError: name 're' is not defined\n",
      "exit_code": 1,
      "status": "Exception"
    },
    {
      "program": "def text_match_two_three(text: str) -> bool:\n    \"\"\"\n\tWrite a function that checks whether a string contains the 'a' character followed by two or three 'b' characters.\n\t\"\"\"\n    return re.search(r\"ab{2,3}\", text) is not None\n\n\ndef check(candidate):\n    assert candidate('ac') == False\n    assert candidate('dc') == False\n    assert candidate('abbbba') == True\n\ndef test_check():\n    check(text_match_two_three)\n\ntest_check()\n",
      "timestamp": 1665517473,
      "stdout": "",
      "stderr": "Traceback (most recent call last):\n  File \"/tmp/tmpsa00iv68.py\", line 16, in <module>\n    test_check()\n  File \"/tmp/tmpsa00iv68.py\", line 14, in test_check\n    check(text_match_two_three)\n  File \"/tmp/tmpsa00iv68.py\", line 9, in check\n    assert candidate('ac') == False\n  File \"/tmp/tmpsa00iv68.py\", line 5, in text_match_two_three\n    return re.search(r\"ab{2,3}\", text) is not None\nNameError: name 're' is not defined\n",
      "exit_code": 1,
      "status": "Exception"
    },
    {
      "program": "def text_match_two_three(text: str) -> bool:\n    \"\"\"\n\tWrite a function that checks whether a string contains the 'a' character followed by two or three 'b' characters.\n\t\"\"\"\n    return re.search(r\"ab{2,3}\", text) is not None\n\n\ndef check(candidate):\n    assert candidate('ac') == False\n    assert candidate('dc') == False\n    assert candidate('abbbba') == True\n\ndef test_check():\n    check(text_match_two_three)\n\ntest_check()\n",
      "timestamp": 1665517473,
      "stdout": "",
      "stderr": "Traceback (most recent call last):\n  File \"/tmp/tmpsa00iv68.py\", line 16, in <module>\n    test_check()\n  File \"/tmp/tmpsa00iv68.py\", line 14, in test_check\n    check(text_match_two_three)\n  File \"/tmp/tmpsa00iv68.py\", line 9, in check\n    assert candidate('ac') == False\n  File \"/tmp/tmpsa00iv68.py\", line 5, in text_match_two_three\n    return re.search(r\"ab{2,3}\", text) is not None\nNameError: name 're' is not defined\n",
      "exit_code": 1,
      "status": "Exception"
    },
    {
      "program": "def text_match_two_three(text: str) -> bool:\n    \"\"\"\n\tWrite a function that checks whether a string contains the 'a' character followed by two or three 'b' characters.\n\t\"\"\"\n    return re.search(r'ab{2,3}', text) is not None\n\n\ndef check(candidate):\n    assert candidate('ac') == False\n    assert candidate('dc') == False\n    assert candidate('abbbba') == True\n\ndef test_check():\n    check(text_match_two_three)\n\ntest_check()\n",
      "timestamp": 1665517473,
      "stdout": "",
      "stderr": "Traceback (most recent call last):\n  File \"/tmp/tmpsldtmyrx.py\", line 16, in <module>\n    test_check()\n  File \"/tmp/tmpsldtmyrx.py\", line 14, in test_check\n    check(text_match_two_three)\n  File \"/tmp/tmpsldtmyrx.py\", line 9, in check\n    assert candidate('ac') == False\n  File \"/tmp/tmpsldtmyrx.py\", line 5, in text_match_two_three\n    return re.search(r'ab{2,3}', text) is not None\nNameError: name 're' is not defined\n",
      "exit_code": 1,
      "status": "Exception"
    },
    {
      "program": "def text_match_two_three(text: str) -> bool:\n    \"\"\"\n\tWrite a function that checks whether a string contains the 'a' character followed by two or three 'b' characters.\n\t\"\"\"\n    return re.search(r\"ab{2,3}\", text) is not None\n\n\ndef check(candidate):\n    assert candidate('ac') == False\n    assert candidate('dc') == False\n    assert candidate('abbbba') == True\n\ndef test_check():\n    check(text_match_two_three)\n\ntest_check()\n",
      "timestamp": 1665517473,
      "stdout": "",
      "stderr": "Traceback (most recent call last):\n  File \"/tmp/tmpsa00iv68.py\", line 16, in <module>\n    test_check()\n  File \"/tmp/tmpsa00iv68.py\", line 14, in test_check\n    check(text_match_two_three)\n  File \"/tmp/tmpsa00iv68.py\", line 9, in check\n    assert candidate('ac') == False\n  File \"/tmp/tmpsa00iv68.py\", line 5, in text_match_two_three\n    return re.search(r\"ab{2,3}\", text) is not None\nNameError: name 're' is not defined\n",
      "exit_code": 1,
      "status": "Exception"
    },
    {
      "program": "def text_match_two_three(text: str) -> bool:\n    \"\"\"\n\tWrite a function that checks whether a string contains the 'a' character followed by two or three 'b' characters.\n\t\"\"\"\n    return re.search(r\"ab{2,3}\", text)\n\n\ndef check(candidate):\n    assert candidate('ac') == False\n    assert candidate('dc') == False\n    assert candidate('abbbba') == True\n\ndef test_check():\n    check(text_match_two_three)\n\ntest_check()\n",
      "timestamp": 1665517473,
      "stdout": "",
      "stderr": "Traceback (most recent call last):\n  File \"/tmp/tmplykalfjs.py\", line 16, in <module>\n    test_check()\n  File \"/tmp/tmplykalfjs.py\", line 14, in test_check\n    check(text_match_two_three)\n  File \"/tmp/tmplykalfjs.py\", line 9, in check\n    assert candidate('ac') == False\n  File \"/tmp/tmplykalfjs.py\", line 5, in text_match_two_three\n    return re.search(r\"ab{2,3}\", text)\nNameError: name 're' is not defined\n",
      "exit_code": 1,
      "status": "Exception"
    },
    {
      "program": "def text_match_two_three(text: str) -> bool:\n    \"\"\"\n\tWrite a function that checks whether a string contains the 'a' character followed by two or three 'b' characters.\n\t\"\"\"\n    return re.search(r\"ab{2,3}\", text) is not None\n\n\ndef check(candidate):\n    assert candidate('ac') == False\n    assert candidate('dc') == False\n    assert candidate('abbbba') == True\n\ndef test_check():\n    check(text_match_two_three)\n\ntest_check()\n",
      "timestamp": 1665517473,
      "stdout": "",
      "stderr": "Traceback (most recent call last):\n  File \"/tmp/tmpsa00iv68.py\", line 16, in <module>\n    test_check()\n  File \"/tmp/tmpsa00iv68.py\", line 14, in test_check\n    check(text_match_two_three)\n  File \"/tmp/tmpsa00iv68.py\", line 9, in check\n    assert candidate('ac') == False\n  File \"/tmp/tmpsa00iv68.py\", line 5, in text_match_two_three\n    return re.search(r\"ab{2,3}\", text) is not None\nNameError: name 're' is not defined\n",
      "exit_code": 1,
      "status": "Exception"
    },
    {
      "program": "def text_match_two_three(text: str) -> bool:\n    \"\"\"\n\tWrite a function that checks whether a string contains the 'a' character followed by two or three 'b' characters.\n\t\"\"\"\n    return re.search(r\"ab{2,3}\", text) is not None\n\n\ndef check(candidate):\n    assert candidate('ac') == False\n    assert candidate('dc') == False\n    assert candidate('abbbba') == True\n\ndef test_check():\n    check(text_match_two_three)\n\ntest_check()\n",
      "timestamp": 1665517473,
      "stdout": "",
      "stderr": "Traceback (most recent call last):\n  File \"/tmp/tmpsa00iv68.py\", line 16, in <module>\n    test_check()\n  File \"/tmp/tmpsa00iv68.py\", line 14, in test_check\n    check(text_match_two_three)\n  File \"/tmp/tmpsa00iv68.py\", line 9, in check\n    assert candidate('ac') == False\n  File \"/tmp/tmpsa00iv68.py\", line 5, in text_match_two_three\n    return re.search(r\"ab{2,3}\", text) is not None\nNameError: name 're' is not defined\n",
      "exit_code": 1,
      "status": "Exception"
    },
    {
      "program": "def text_match_two_three(text: str) -> bool:\n    \"\"\"\n\tWrite a function that checks whether a string contains the 'a' character followed by two or three 'b' characters.\n\t\"\"\"\n    return re.search(r'ab{2,3}', text) is not None\n\n\ndef check(candidate):\n    assert candidate('ac') == False\n    assert candidate('dc') == False\n    assert candidate('abbbba') == True\n\ndef test_check():\n    check(text_match_two_three)\n\ntest_check()\n",
      "timestamp": 1665517473,
      "stdout": "",
      "stderr": "Traceback (most recent call last):\n  File \"/tmp/tmpsldtmyrx.py\", line 16, in <module>\n    test_check()\n  File \"/tmp/tmpsldtmyrx.py\", line 14, in test_check\n    check(text_match_two_three)\n  File \"/tmp/tmpsldtmyrx.py\", line 9, in check\n    assert candidate('ac') == False\n  File \"/tmp/tmpsldtmyrx.py\", line 5, in text_match_two_three\n    return re.search(r'ab{2,3}', text) is not None\nNameError: name 're' is not defined\n",
      "exit_code": 1,
      "status": "Exception"
    },
    {
      "program": "def text_match_two_three(text: str) -> bool:\n    \"\"\"\n\tWrite a function that checks whether a string contains the 'a' character followed by two or three 'b' characters.\n\t\"\"\"\n    return re.search(r\"ab{2,3}\", text) is not None\n\n\ndef check(candidate):\n    assert candidate('ac') == False\n    assert candidate('dc') == False\n    assert candidate('abbbba') == True\n\ndef test_check():\n    check(text_match_two_three)\n\ntest_check()\n",
      "timestamp": 1665517473,
      "stdout": "",
      "stderr": "Traceback (most recent call last):\n  File \"/tmp/tmpsa00iv68.py\", line 16, in <module>\n    test_check()\n  File \"/tmp/tmpsa00iv68.py\", line 14, in test_check\n    check(text_match_two_three)\n  File \"/tmp/tmpsa00iv68.py\", line 9, in check\n    assert candidate('ac') == False\n  File \"/tmp/tmpsa00iv68.py\", line 5, in text_match_two_three\n    return re.search(r\"ab{2,3}\", text) is not None\nNameError: name 're' is not defined\n",
      "exit_code": 1,
      "status": "Exception"
    },
    {
      "program": "def text_match_two_three(text: str) -> bool:\n    \"\"\"\n\tWrite a function that checks whether a string contains the 'a' character followed by two or three 'b' characters.\n\t\"\"\"\n    return re.search(r\"ab{2,3}\", text)\n\n\ndef check(candidate):\n    assert candidate('ac') == False\n    assert candidate('dc') == False\n    assert candidate('abbbba') == True\n\ndef test_check():\n    check(text_match_two_three)\n\ntest_check()\n",
      "timestamp": 1665517473,
      "stdout": "",
      "stderr": "Traceback (most recent call last):\n  File \"/tmp/tmplykalfjs.py\", line 16, in <module>\n    test_check()\n  File \"/tmp/tmplykalfjs.py\", line 14, in test_check\n    check(text_match_two_three)\n  File \"/tmp/tmplykalfjs.py\", line 9, in check\n    assert candidate('ac') == False\n  File \"/tmp/tmplykalfjs.py\", line 5, in text_match_two_three\n    return re.search(r\"ab{2,3}\", text)\nNameError: name 're' is not defined\n",
      "exit_code": 1,
      "status": "Exception"
    },
    {
      "program": "def text_match_two_three(text: str) -> bool:\n    \"\"\"\n\tWrite a function that checks whether a string contains the 'a' character followed by two or three 'b' characters.\n\t\"\"\"\n    return re.search(r\"ab{2,3}\", text) is not None\n\n\ndef check(candidate):\n    assert candidate('ac') == False\n    assert candidate('dc') == False\n    assert candidate('abbbba') == True\n\ndef test_check():\n    check(text_match_two_three)\n\ntest_check()\n",
      "timestamp": 1665517473,
      "stdout": "",
      "stderr": "Traceback (most recent call last):\n  File \"/tmp/tmpsa00iv68.py\", line 16, in <module>\n    test_check()\n  File \"/tmp/tmpsa00iv68.py\", line 14, in test_check\n    check(text_match_two_three)\n  File \"/tmp/tmpsa00iv68.py\", line 9, in check\n    assert candidate('ac') == False\n  File \"/tmp/tmpsa00iv68.py\", line 5, in text_match_two_three\n    return re.search(r\"ab{2,3}\", text) is not None\nNameError: name 're' is not defined\n",
      "exit_code": 1,
      "status": "Exception"
    },
    {
      "program": "def text_match_two_three(text: str) -> bool:\n    \"\"\"\n\tWrite a function that checks whether a string contains the 'a' character followed by two or three 'b' characters.\n\t\"\"\"\n    return re.search(r\"ab{2,3}\", text) is not None\n\n\ndef check(candidate):\n    assert candidate('ac') == False\n    assert candidate('dc') == False\n    assert candidate('abbbba') == True\n\ndef test_check():\n    check(text_match_two_three)\n\ntest_check()\n",
      "timestamp": 1665517473,
      "stdout": "",
      "stderr": "Traceback (most recent call last):\n  File \"/tmp/tmpsa00iv68.py\", line 16, in <module>\n    test_check()\n  File \"/tmp/tmpsa00iv68.py\", line 14, in test_check\n    check(text_match_two_three)\n  File \"/tmp/tmpsa00iv68.py\", line 9, in check\n    assert candidate('ac') == False\n  File \"/tmp/tmpsa00iv68.py\", line 5, in text_match_two_three\n    return re.search(r\"ab{2,3}\", text) is not None\nNameError: name 're' is not defined\n",
      "exit_code": 1,
      "status": "Exception"
    },
    {
      "program": "def text_match_two_three(text: str) -> bool:\n    \"\"\"\n\tWrite a function that checks whether a string contains the 'a' character followed by two or three 'b' characters.\n\t\"\"\"\n    return re.search(r\"ab{2,3}\", text) is not None\n\n\ndef check(candidate):\n    assert candidate('ac') == False\n    assert candidate('dc') == False\n    assert candidate('abbbba') == True\n\ndef test_check():\n    check(text_match_two_three)\n\ntest_check()\n",
      "timestamp": 1665517473,
      "stdout": "",
      "stderr": "Traceback (most recent call last):\n  File \"/tmp/tmpsa00iv68.py\", line 16, in <module>\n    test_check()\n  File \"/tmp/tmpsa00iv68.py\", line 14, in test_check\n    check(text_match_two_three)\n  File \"/tmp/tmpsa00iv68.py\", line 9, in check\n    assert candidate('ac') == False\n  File \"/tmp/tmpsa00iv68.py\", line 5, in text_match_two_three\n    return re.search(r\"ab{2,3}\", text) is not None\nNameError: name 're' is not defined\n",
      "exit_code": 1,
      "status": "Exception"
    },
    {
      "program": "def text_match_two_three(text: str) -> bool:\n    \"\"\"\n\tWrite a function that checks whether a string contains the 'a' character followed by two or three 'b' characters.\n\t\"\"\"\n    return re.search(r\"ab{2,3}\", text) is not None\n\n\ndef check(candidate):\n    assert candidate('ac') == False\n    assert candidate('dc') == False\n    assert candidate('abbbba') == True\n\ndef test_check():\n    check(text_match_two_three)\n\ntest_check()\n",
      "timestamp": 1665517473,
      "stdout": "",
      "stderr": "Traceback (most recent call last):\n  File \"/tmp/tmpsa00iv68.py\", line 16, in <module>\n    test_check()\n  File \"/tmp/tmpsa00iv68.py\", line 14, in test_check\n    check(text_match_two_three)\n  File \"/tmp/tmpsa00iv68.py\", line 9, in check\n    assert candidate('ac') == False\n  File \"/tmp/tmpsa00iv68.py\", line 5, in text_match_two_three\n    return re.search(r\"ab{2,3}\", text) is not None\nNameError: name 're' is not defined\n",
      "exit_code": 1,
      "status": "Exception"
    },
    {
      "program": "def text_match_two_three(text: str) -> bool:\n    \"\"\"\n\tWrite a function that checks whether a string contains the 'a' character followed by two or three 'b' characters.\n\t\"\"\"\n    return re.search(r\"ab{2,3}\", text) is not None\n\n\ndef check(candidate):\n    assert candidate('ac') == False\n    assert candidate('dc') == False\n    assert candidate('abbbba') == True\n\ndef test_check():\n    check(text_match_two_three)\n\ntest_check()\n",
      "timestamp": 1665517473,
      "stdout": "",
      "stderr": "Traceback (most recent call last):\n  File \"/tmp/tmpsa00iv68.py\", line 16, in <module>\n    test_check()\n  File \"/tmp/tmpsa00iv68.py\", line 14, in test_check\n    check(text_match_two_three)\n  File \"/tmp/tmpsa00iv68.py\", line 9, in check\n    assert candidate('ac') == False\n  File \"/tmp/tmpsa00iv68.py\", line 5, in text_match_two_three\n    return re.search(r\"ab{2,3}\", text) is not None\nNameError: name 're' is not defined\n",
      "exit_code": 1,
      "status": "Exception"
    },
    {
      "program": "def text_match_two_three(text: str) -> bool:\n    \"\"\"\n\tWrite a function that checks whether a string contains the 'a' character followed by two or three 'b' characters.\n\t\"\"\"\n    return re.search(r\"ab{2,3}\", text) is not None\n\n\ndef check(candidate):\n    assert candidate('ac') == False\n    assert candidate('dc') == False\n    assert candidate('abbbba') == True\n\ndef test_check():\n    check(text_match_two_three)\n\ntest_check()\n",
      "timestamp": 1665517473,
      "stdout": "",
      "stderr": "Traceback (most recent call last):\n  File \"/tmp/tmpsa00iv68.py\", line 16, in <module>\n    test_check()\n  File \"/tmp/tmpsa00iv68.py\", line 14, in test_check\n    check(text_match_two_three)\n  File \"/tmp/tmpsa00iv68.py\", line 9, in check\n    assert candidate('ac') == False\n  File \"/tmp/tmpsa00iv68.py\", line 5, in text_match_two_three\n    return re.search(r\"ab{2,3}\", text) is not None\nNameError: name 're' is not defined\n",
      "exit_code": 1,
      "status": "Exception"
    },
    {
      "program": "def text_match_two_three(text: str) -> bool:\n    \"\"\"\n\tWrite a function that checks whether a string contains the 'a' character followed by two or three 'b' characters.\n\t\"\"\"\n    return re.search(r\"ab{2,3}\", text) is not None\n\n\ndef check(candidate):\n    assert candidate('ac') == False\n    assert candidate('dc') == False\n    assert candidate('abbbba') == True\n\ndef test_check():\n    check(text_match_two_three)\n\ntest_check()\n",
      "timestamp": 1665517473,
      "stdout": "",
      "stderr": "Traceback (most recent call last):\n  File \"/tmp/tmpsa00iv68.py\", line 16, in <module>\n    test_check()\n  File \"/tmp/tmpsa00iv68.py\", line 14, in test_check\n    check(text_match_two_three)\n  File \"/tmp/tmpsa00iv68.py\", line 9, in check\n    assert candidate('ac') == False\n  File \"/tmp/tmpsa00iv68.py\", line 5, in text_match_two_three\n    return re.search(r\"ab{2,3}\", text) is not None\nNameError: name 're' is not defined\n",
      "exit_code": 1,
      "status": "Exception"
    },
    {
      "program": "def text_match_two_three(text: str) -> bool:\n    \"\"\"\n\tWrite a function that checks whether a string contains the 'a' character followed by two or three 'b' characters.\n\t\"\"\"\n    return bool(re.search(r\"ab{2,3}\", text))\n\n\ndef check(candidate):\n    assert candidate('ac') == False\n    assert candidate('dc') == False\n    assert candidate('abbbba') == True\n\ndef test_check():\n    check(text_match_two_three)\n\ntest_check()\n",
      "timestamp": 1665517473,
      "stdout": "",
      "stderr": "Traceback (most recent call last):\n  File \"/tmp/tmp7ea0air5.py\", line 16, in <module>\n    test_check()\n  File \"/tmp/tmp7ea0air5.py\", line 14, in test_check\n    check(text_match_two_three)\n  File \"/tmp/tmp7ea0air5.py\", line 9, in check\n    assert candidate('ac') == False\n  File \"/tmp/tmp7ea0air5.py\", line 5, in text_match_two_three\n    return bool(re.search(r\"ab{2,3}\", text))\nNameError: name 're' is not defined\n",
      "exit_code": 1,
      "status": "Exception"
    },
    {
      "program": "def text_match_two_three(text: str) -> bool:\n    \"\"\"\n\tWrite a function that checks whether a string contains the 'a' character followed by two or three 'b' characters.\n\t\"\"\"\n    return re.search(r\"ab{2,3}\", text) is not None\n\n\ndef check(candidate):\n    assert candidate('ac') == False\n    assert candidate('dc') == False\n    assert candidate('abbbba') == True\n\ndef test_check():\n    check(text_match_two_three)\n\ntest_check()\n",
      "timestamp": 1665517473,
      "stdout": "",
      "stderr": "Traceback (most recent call last):\n  File \"/tmp/tmpsa00iv68.py\", line 16, in <module>\n    test_check()\n  File \"/tmp/tmpsa00iv68.py\", line 14, in test_check\n    check(text_match_two_three)\n  File \"/tmp/tmpsa00iv68.py\", line 9, in check\n    assert candidate('ac') == False\n  File \"/tmp/tmpsa00iv68.py\", line 5, in text_match_two_three\n    return re.search(r\"ab{2,3}\", text) is not None\nNameError: name 're' is not defined\n",
      "exit_code": 1,
      "status": "Exception"
    },
    {
      "program": "def text_match_two_three(text: str) -> bool:\n    \"\"\"\n\tWrite a function that checks whether a string contains the 'a' character followed by two or three 'b' characters.\n\t\"\"\"\n    return re.search(r\"ab{2,3}\", text) is not None\n\n\ndef check(candidate):\n    assert candidate('ac') == False\n    assert candidate('dc') == False\n    assert candidate('abbbba') == True\n\ndef test_check():\n    check(text_match_two_three)\n\ntest_check()\n",
      "timestamp": 1665517473,
      "stdout": "",
      "stderr": "Traceback (most recent call last):\n  File \"/tmp/tmpsa00iv68.py\", line 16, in <module>\n    test_check()\n  File \"/tmp/tmpsa00iv68.py\", line 14, in test_check\n    check(text_match_two_three)\n  File \"/tmp/tmpsa00iv68.py\", line 9, in check\n    assert candidate('ac') == False\n  File \"/tmp/tmpsa00iv68.py\", line 5, in text_match_two_three\n    return re.search(r\"ab{2,3}\", text) is not None\nNameError: name 're' is not defined\n",
      "exit_code": 1,
      "status": "Exception"
    },
    {
      "program": "def text_match_two_three(text: str) -> bool:\n    \"\"\"\n\tWrite a function that checks whether a string contains the 'a' character followed by two or three 'b' characters.\n\t\"\"\"\n    return re.search(r\"ab{2,3}\", text) is not None\n\n\ndef check(candidate):\n    assert candidate('ac') == False\n    assert candidate('dc') == False\n    assert candidate('abbbba') == True\n\ndef test_check():\n    check(text_match_two_three)\n\ntest_check()\n",
      "timestamp": 1665517473,
      "stdout": "",
      "stderr": "Traceback (most recent call last):\n  File \"/tmp/tmpsa00iv68.py\", line 16, in <module>\n    test_check()\n  File \"/tmp/tmpsa00iv68.py\", line 14, in test_check\n    check(text_match_two_three)\n  File \"/tmp/tmpsa00iv68.py\", line 9, in check\n    assert candidate('ac') == False\n  File \"/tmp/tmpsa00iv68.py\", line 5, in text_match_two_three\n    return re.search(r\"ab{2,3}\", text) is not None\nNameError: name 're' is not defined\n",
      "exit_code": 1,
      "status": "Exception"
    },
    {
      "program": "def text_match_two_three(text: str) -> bool:\n    \"\"\"\n\tWrite a function that checks whether a string contains the 'a' character followed by two or three 'b' characters.\n\t\"\"\"\n    return re.search(r\"ab{2,3}\", text) is not None\n\n\ndef check(candidate):\n    assert candidate('ac') == False\n    assert candidate('dc') == False\n    assert candidate('abbbba') == True\n\ndef test_check():\n    check(text_match_two_three)\n\ntest_check()\n",
      "timestamp": 1665517473,
      "stdout": "",
      "stderr": "Traceback (most recent call last):\n  File \"/tmp/tmpsa00iv68.py\", line 16, in <module>\n    test_check()\n  File \"/tmp/tmpsa00iv68.py\", line 14, in test_check\n    check(text_match_two_three)\n  File \"/tmp/tmpsa00iv68.py\", line 9, in check\n    assert candidate('ac') == False\n  File \"/tmp/tmpsa00iv68.py\", line 5, in text_match_two_three\n    return re.search(r\"ab{2,3}\", text) is not None\nNameError: name 're' is not defined\n",
      "exit_code": 1,
      "status": "Exception"
    },
    {
      "program": "def text_match_two_three(text: str) -> bool:\n    \"\"\"\n\tWrite a function that checks whether a string contains the 'a' character followed by two or three 'b' characters.\n\t\"\"\"\n    return re.match(r\"ab{2,3}\", text)\n\n\ndef check(candidate):\n    assert candidate('ac') == False\n    assert candidate('dc') == False\n    assert candidate('abbbba') == True\n\ndef test_check():\n    check(text_match_two_three)\n\ntest_check()\n",
      "timestamp": 1666123452,
      "stdout": "",
      "stderr": "Traceback (most recent call last):\n  File \"/tmp/tmpvrkwzgnq.py\", line 16, in <module>\n    test_check()\n  File \"/tmp/tmpvrkwzgnq.py\", line 14, in test_check\n    check(text_match_two_three)\n  File \"/tmp/tmpvrkwzgnq.py\", line 9, in check\n    assert candidate('ac') == False\n  File \"/tmp/tmpvrkwzgnq.py\", line 5, in text_match_two_three\n    return re.match(r\"ab{2,3}\", text)\nNameError: name 're' is not defined\n",
      "exit_code": 1,
      "status": "Exception"
    },
    {
      "program": "def text_match_two_three(text: str) -> bool:\n    \"\"\"\n\tWrite a function that checks whether a string contains the 'a' character followed by two or three 'b' characters.\n\t\"\"\"\n    return re.search(r\"ab{2,3}\", text) is not None\n\n\ndef check(candidate):\n    assert candidate('ac') == False\n    assert candidate('dc') == False\n    assert candidate('abbbba') == True\n\ndef test_check():\n    check(text_match_two_three)\n\ntest_check()\n",
      "timestamp": 1665517473,
      "stdout": "",
      "stderr": "Traceback (most recent call last):\n  File \"/tmp/tmpsa00iv68.py\", line 16, in <module>\n    test_check()\n  File \"/tmp/tmpsa00iv68.py\", line 14, in test_check\n    check(text_match_two_three)\n  File \"/tmp/tmpsa00iv68.py\", line 9, in check\n    assert candidate('ac') == False\n  File \"/tmp/tmpsa00iv68.py\", line 5, in text_match_two_three\n    return re.search(r\"ab{2,3}\", text) is not None\nNameError: name 're' is not defined\n",
      "exit_code": 1,
      "status": "Exception"
    },
    {
      "program": "def text_match_two_three(text: str) -> bool:\n    \"\"\"\n\tWrite a function that checks whether a string contains the 'a' character followed by two or three 'b' characters.\n\t\"\"\"\n    return re.search(r\"ab{2,3}\", text) is not None\n\n\ndef check(candidate):\n    assert candidate('ac') == False\n    assert candidate('dc') == False\n    assert candidate('abbbba') == True\n\ndef test_check():\n    check(text_match_two_three)\n\ntest_check()\n",
      "timestamp": 1665517473,
      "stdout": "",
      "stderr": "Traceback (most recent call last):\n  File \"/tmp/tmpsa00iv68.py\", line 16, in <module>\n    test_check()\n  File \"/tmp/tmpsa00iv68.py\", line 14, in test_check\n    check(text_match_two_three)\n  File \"/tmp/tmpsa00iv68.py\", line 9, in check\n    assert candidate('ac') == False\n  File \"/tmp/tmpsa00iv68.py\", line 5, in text_match_two_three\n    return re.search(r\"ab{2,3}\", text) is not None\nNameError: name 're' is not defined\n",
      "exit_code": 1,
      "status": "Exception"
    },
    {
      "program": "def text_match_two_three(text: str) -> bool:\n    \"\"\"\n\tWrite a function that checks whether a string contains the 'a' character followed by two or three 'b' characters.\n\t\"\"\"\n    return re.search(r\"ab{2,3}\", text) is not None\n\n\ndef check(candidate):\n    assert candidate('ac') == False\n    assert candidate('dc') == False\n    assert candidate('abbbba') == True\n\ndef test_check():\n    check(text_match_two_three)\n\ntest_check()\n",
      "timestamp": 1665517473,
      "stdout": "",
      "stderr": "Traceback (most recent call last):\n  File \"/tmp/tmpsa00iv68.py\", line 16, in <module>\n    test_check()\n  File \"/tmp/tmpsa00iv68.py\", line 14, in test_check\n    check(text_match_two_three)\n  File \"/tmp/tmpsa00iv68.py\", line 9, in check\n    assert candidate('ac') == False\n  File \"/tmp/tmpsa00iv68.py\", line 5, in text_match_two_three\n    return re.search(r\"ab{2,3}\", text) is not None\nNameError: name 're' is not defined\n",
      "exit_code": 1,
      "status": "Exception"
    },
    {
      "program": "def text_match_two_three(text: str) -> bool:\n    \"\"\"\n\tWrite a function that checks whether a string contains the 'a' character followed by two or three 'b' characters.\n\t\"\"\"\n    return bool(re.search(r'ab{2,3}', text))\n\n\ndef check(candidate):\n    assert candidate('ac') == False\n    assert candidate('dc') == False\n    assert candidate('abbbba') == True\n\ndef test_check():\n    check(text_match_two_three)\n\ntest_check()\n",
      "timestamp": 1665517473,
      "stdout": "",
      "stderr": "Traceback (most recent call last):\n  File \"/tmp/tmpavhin4zy.py\", line 16, in <module>\n    test_check()\n  File \"/tmp/tmpavhin4zy.py\", line 14, in test_check\n    check(text_match_two_three)\n  File \"/tmp/tmpavhin4zy.py\", line 9, in check\n    assert candidate('ac') == False\n  File \"/tmp/tmpavhin4zy.py\", line 5, in text_match_two_three\n    return bool(re.search(r'ab{2,3}', text))\nNameError: name 're' is not defined\n",
      "exit_code": 1,
      "status": "Exception"
    },
    {
      "program": "def text_match_two_three(text: str) -> bool:\n    \"\"\"\n\tWrite a function that checks whether a string contains the 'a' character followed by two or three 'b' characters.\n\t\"\"\"\n    return re.search(r\"ab{2,3}\", text) is not None\n\n\ndef check(candidate):\n    assert candidate('ac') == False\n    assert candidate('dc') == False\n    assert candidate('abbbba') == True\n\ndef test_check():\n    check(text_match_two_three)\n\ntest_check()\n",
      "timestamp": 1665517473,
      "stdout": "",
      "stderr": "Traceback (most recent call last):\n  File \"/tmp/tmpsa00iv68.py\", line 16, in <module>\n    test_check()\n  File \"/tmp/tmpsa00iv68.py\", line 14, in test_check\n    check(text_match_two_three)\n  File \"/tmp/tmpsa00iv68.py\", line 9, in check\n    assert candidate('ac') == False\n  File \"/tmp/tmpsa00iv68.py\", line 5, in text_match_two_three\n    return re.search(r\"ab{2,3}\", text) is not None\nNameError: name 're' is not defined\n",
      "exit_code": 1,
      "status": "Exception"
    },
    {
      "program": "def text_match_two_three(text: str) -> bool:\n    \"\"\"\n\tWrite a function that checks whether a string contains the 'a' character followed by two or three 'b' characters.\n\t\"\"\"\n    return re.search(r\"ab{2,3}\", text) is not None\n\n\ndef check(candidate):\n    assert candidate('ac') == False\n    assert candidate('dc') == False\n    assert candidate('abbbba') == True\n\ndef test_check():\n    check(text_match_two_three)\n\ntest_check()\n",
      "timestamp": 1665517473,
      "stdout": "",
      "stderr": "Traceback (most recent call last):\n  File \"/tmp/tmpsa00iv68.py\", line 16, in <module>\n    test_check()\n  File \"/tmp/tmpsa00iv68.py\", line 14, in test_check\n    check(text_match_two_three)\n  File \"/tmp/tmpsa00iv68.py\", line 9, in check\n    assert candidate('ac') == False\n  File \"/tmp/tmpsa00iv68.py\", line 5, in text_match_two_three\n    return re.search(r\"ab{2,3}\", text) is not None\nNameError: name 're' is not defined\n",
      "exit_code": 1,
      "status": "Exception"
    },
    {
      "program": "def text_match_two_three(text: str) -> bool:\n    \"\"\"\n\tWrite a function that checks whether a string contains the 'a' character followed by two or three 'b' characters.\n\t\"\"\"\n    return re.search(r\"ab{2,3}\", text) is not None\n\n\ndef check(candidate):\n    assert candidate('ac') == False\n    assert candidate('dc') == False\n    assert candidate('abbbba') == True\n\ndef test_check():\n    check(text_match_two_three)\n\ntest_check()\n",
      "timestamp": 1665517473,
      "stdout": "",
      "stderr": "Traceback (most recent call last):\n  File \"/tmp/tmpsa00iv68.py\", line 16, in <module>\n    test_check()\n  File \"/tmp/tmpsa00iv68.py\", line 14, in test_check\n    check(text_match_two_three)\n  File \"/tmp/tmpsa00iv68.py\", line 9, in check\n    assert candidate('ac') == False\n  File \"/tmp/tmpsa00iv68.py\", line 5, in text_match_two_three\n    return re.search(r\"ab{2,3}\", text) is not None\nNameError: name 're' is not defined\n",
      "exit_code": 1,
      "status": "Exception"
    },
    {
      "program": "def text_match_two_three(text: str) -> bool:\n    \"\"\"\n\tWrite a function that checks whether a string contains the 'a' character followed by two or three 'b' characters.\n\t\"\"\"\n    return bool(re.search(r\"ab{2,3}\", text))\n\n\ndef check(candidate):\n    assert candidate('ac') == False\n    assert candidate('dc') == False\n    assert candidate('abbbba') == True\n\ndef test_check():\n    check(text_match_two_three)\n\ntest_check()\n",
      "timestamp": 1665517473,
      "stdout": "",
      "stderr": "Traceback (most recent call last):\n  File \"/tmp/tmp7ea0air5.py\", line 16, in <module>\n    test_check()\n  File \"/tmp/tmp7ea0air5.py\", line 14, in test_check\n    check(text_match_two_three)\n  File \"/tmp/tmp7ea0air5.py\", line 9, in check\n    assert candidate('ac') == False\n  File \"/tmp/tmp7ea0air5.py\", line 5, in text_match_two_three\n    return bool(re.search(r\"ab{2,3}\", text))\nNameError: name 're' is not defined\n",
      "exit_code": 1,
      "status": "Exception"
    },
    {
      "program": "def text_match_two_three(text: str) -> bool:\n    \"\"\"\n\tWrite a function that checks whether a string contains the 'a' character followed by two or three 'b' characters.\n\t\"\"\"\n    return re.search(r\"ab{2,3}\", text) is not None\n\n\ndef check(candidate):\n    assert candidate('ac') == False\n    assert candidate('dc') == False\n    assert candidate('abbbba') == True\n\ndef test_check():\n    check(text_match_two_three)\n\ntest_check()\n",
      "timestamp": 1665517473,
      "stdout": "",
      "stderr": "Traceback (most recent call last):\n  File \"/tmp/tmpsa00iv68.py\", line 16, in <module>\n    test_check()\n  File \"/tmp/tmpsa00iv68.py\", line 14, in test_check\n    check(text_match_two_three)\n  File \"/tmp/tmpsa00iv68.py\", line 9, in check\n    assert candidate('ac') == False\n  File \"/tmp/tmpsa00iv68.py\", line 5, in text_match_two_three\n    return re.search(r\"ab{2,3}\", text) is not None\nNameError: name 're' is not defined\n",
      "exit_code": 1,
      "status": "Exception"
    },
    {
      "program": "def text_match_two_three(text: str) -> bool:\n    \"\"\"\n\tWrite a function that checks whether a string contains the 'a' character followed by two or three 'b' characters.\n\t\"\"\"\n    return re.search(r\"ab{2,3}\", text) is not None\n\n\ndef check(candidate):\n    assert candidate('ac') == False\n    assert candidate('dc') == False\n    assert candidate('abbbba') == True\n\ndef test_check():\n    check(text_match_two_three)\n\ntest_check()\n",
      "timestamp": 1665517473,
      "stdout": "",
      "stderr": "Traceback (most recent call last):\n  File \"/tmp/tmpsa00iv68.py\", line 16, in <module>\n    test_check()\n  File \"/tmp/tmpsa00iv68.py\", line 14, in test_check\n    check(text_match_two_three)\n  File \"/tmp/tmpsa00iv68.py\", line 9, in check\n    assert candidate('ac') == False\n  File \"/tmp/tmpsa00iv68.py\", line 5, in text_match_two_three\n    return re.search(r\"ab{2,3}\", text) is not None\nNameError: name 're' is not defined\n",
      "exit_code": 1,
      "status": "Exception"
    },
    {
      "program": "def text_match_two_three(text: str) -> bool:\n    \"\"\"\n\tWrite a function that checks whether a string contains the 'a' character followed by two or three 'b' characters.\n\t\"\"\"\n    return re.search(r\"ab{2,3}\", text) is not None\n\n\ndef check(candidate):\n    assert candidate('ac') == False\n    assert candidate('dc') == False\n    assert candidate('abbbba') == True\n\ndef test_check():\n    check(text_match_two_three)\n\ntest_check()\n",
      "timestamp": 1665517473,
      "stdout": "",
      "stderr": "Traceback (most recent call last):\n  File \"/tmp/tmpsa00iv68.py\", line 16, in <module>\n    test_check()\n  File \"/tmp/tmpsa00iv68.py\", line 14, in test_check\n    check(text_match_two_three)\n  File \"/tmp/tmpsa00iv68.py\", line 9, in check\n    assert candidate('ac') == False\n  File \"/tmp/tmpsa00iv68.py\", line 5, in text_match_two_three\n    return re.search(r\"ab{2,3}\", text) is not None\nNameError: name 're' is not defined\n",
      "exit_code": 1,
      "status": "Exception"
    },
    {
      "program": "def text_match_two_three(text: str) -> bool:\n    \"\"\"\n\tWrite a function that checks whether a string contains the 'a' character followed by two or three 'b' characters.\n\t\"\"\"\n    return re.search(r\"ab{2,3}\", text) is not None\n\n\ndef check(candidate):\n    assert candidate('ac') == False\n    assert candidate('dc') == False\n    assert candidate('abbbba') == True\n\ndef test_check():\n    check(text_match_two_three)\n\ntest_check()\n",
      "timestamp": 1665517473,
      "stdout": "",
      "stderr": "Traceback (most recent call last):\n  File \"/tmp/tmpsa00iv68.py\", line 16, in <module>\n    test_check()\n  File \"/tmp/tmpsa00iv68.py\", line 14, in test_check\n    check(text_match_two_three)\n  File \"/tmp/tmpsa00iv68.py\", line 9, in check\n    assert candidate('ac') == False\n  File \"/tmp/tmpsa00iv68.py\", line 5, in text_match_two_three\n    return re.search(r\"ab{2,3}\", text) is not None\nNameError: name 're' is not defined\n",
      "exit_code": 1,
      "status": "Exception"
    },
    {
      "program": "def text_match_two_three(text: str) -> bool:\n    \"\"\"\n\tWrite a function that checks whether a string contains the 'a' character followed by two or three 'b' characters.\n\t\"\"\"\n    return re.search(r\"ab{2,3}\", text) is not None\n\n\ndef check(candidate):\n    assert candidate('ac') == False\n    assert candidate('dc') == False\n    assert candidate('abbbba') == True\n\ndef test_check():\n    check(text_match_two_three)\n\ntest_check()\n",
      "timestamp": 1665517473,
      "stdout": "",
      "stderr": "Traceback (most recent call last):\n  File \"/tmp/tmpsa00iv68.py\", line 16, in <module>\n    test_check()\n  File \"/tmp/tmpsa00iv68.py\", line 14, in test_check\n    check(text_match_two_three)\n  File \"/tmp/tmpsa00iv68.py\", line 9, in check\n    assert candidate('ac') == False\n  File \"/tmp/tmpsa00iv68.py\", line 5, in text_match_two_three\n    return re.search(r\"ab{2,3}\", text) is not None\nNameError: name 're' is not defined\n",
      "exit_code": 1,
      "status": "Exception"
    },
    {
      "program": "def text_match_two_three(text: str) -> bool:\n    \"\"\"\n\tWrite a function that checks whether a string contains the 'a' character followed by two or three 'b' characters.\n\t\"\"\"\n    return re.search(r\"ab{2,3}\", text) is not None\n\n\ndef check(candidate):\n    assert candidate('ac') == False\n    assert candidate('dc') == False\n    assert candidate('abbbba') == True\n\ndef test_check():\n    check(text_match_two_three)\n\ntest_check()\n",
      "timestamp": 1665517473,
      "stdout": "",
      "stderr": "Traceback (most recent call last):\n  File \"/tmp/tmpsa00iv68.py\", line 16, in <module>\n    test_check()\n  File \"/tmp/tmpsa00iv68.py\", line 14, in test_check\n    check(text_match_two_three)\n  File \"/tmp/tmpsa00iv68.py\", line 9, in check\n    assert candidate('ac') == False\n  File \"/tmp/tmpsa00iv68.py\", line 5, in text_match_two_three\n    return re.search(r\"ab{2,3}\", text) is not None\nNameError: name 're' is not defined\n",
      "exit_code": 1,
      "status": "Exception"
    },
    {
      "program": "def text_match_two_three(text: str) -> bool:\n    \"\"\"\n\tWrite a function that checks whether a string contains the 'a' character followed by two or three 'b' characters.\n\t\"\"\"\n    return re.search(r\"ab{2,3}\", text) is not None\n\n\ndef check(candidate):\n    assert candidate('ac') == False\n    assert candidate('dc') == False\n    assert candidate('abbbba') == True\n\ndef test_check():\n    check(text_match_two_three)\n\ntest_check()\n",
      "timestamp": 1665517473,
      "stdout": "",
      "stderr": "Traceback (most recent call last):\n  File \"/tmp/tmpsa00iv68.py\", line 16, in <module>\n    test_check()\n  File \"/tmp/tmpsa00iv68.py\", line 14, in test_check\n    check(text_match_two_three)\n  File \"/tmp/tmpsa00iv68.py\", line 9, in check\n    assert candidate('ac') == False\n  File \"/tmp/tmpsa00iv68.py\", line 5, in text_match_two_three\n    return re.search(r\"ab{2,3}\", text) is not None\nNameError: name 're' is not defined\n",
      "exit_code": 1,
      "status": "Exception"
    },
    {
      "program": "def text_match_two_three(text: str) -> bool:\n    \"\"\"\n\tWrite a function that checks whether a string contains the 'a' character followed by two or three 'b' characters.\n\t\"\"\"\n    return re.search(r\"ab{2,3}\", text) is not None\n\n\ndef check(candidate):\n    assert candidate('ac') == False\n    assert candidate('dc') == False\n    assert candidate('abbbba') == True\n\ndef test_check():\n    check(text_match_two_three)\n\ntest_check()\n",
      "timestamp": 1665517473,
      "stdout": "",
      "stderr": "Traceback (most recent call last):\n  File \"/tmp/tmpsa00iv68.py\", line 16, in <module>\n    test_check()\n  File \"/tmp/tmpsa00iv68.py\", line 14, in test_check\n    check(text_match_two_three)\n  File \"/tmp/tmpsa00iv68.py\", line 9, in check\n    assert candidate('ac') == False\n  File \"/tmp/tmpsa00iv68.py\", line 5, in text_match_two_three\n    return re.search(r\"ab{2,3}\", text) is not None\nNameError: name 're' is not defined\n",
      "exit_code": 1,
      "status": "Exception"
    },
    {
      "program": "def text_match_two_three(text: str) -> bool:\n    \"\"\"\n\tWrite a function that checks whether a string contains the 'a' character followed by two or three 'b' characters.\n\t\"\"\"\n    return bool(re.search(r\"ab{2,3}\", text))\n\n\ndef check(candidate):\n    assert candidate('ac') == False\n    assert candidate('dc') == False\n    assert candidate('abbbba') == True\n\ndef test_check():\n    check(text_match_two_three)\n\ntest_check()\n",
      "timestamp": 1665517473,
      "stdout": "",
      "stderr": "Traceback (most recent call last):\n  File \"/tmp/tmp7ea0air5.py\", line 16, in <module>\n    test_check()\n  File \"/tmp/tmp7ea0air5.py\", line 14, in test_check\n    check(text_match_two_three)\n  File \"/tmp/tmp7ea0air5.py\", line 9, in check\n    assert candidate('ac') == False\n  File \"/tmp/tmp7ea0air5.py\", line 5, in text_match_two_three\n    return bool(re.search(r\"ab{2,3}\", text))\nNameError: name 're' is not defined\n",
      "exit_code": 1,
      "status": "Exception"
    },
    {
      "program": "def text_match_two_three(text: str) -> bool:\n    \"\"\"\n\tWrite a function that checks whether a string contains the 'a' character followed by two or three 'b' characters.\n\t\"\"\"\n    return re.search(r\"ab{2,3}\", text) is not None\n\n\ndef check(candidate):\n    assert candidate('ac') == False\n    assert candidate('dc') == False\n    assert candidate('abbbba') == True\n\ndef test_check():\n    check(text_match_two_three)\n\ntest_check()\n",
      "timestamp": 1665517473,
      "stdout": "",
      "stderr": "Traceback (most recent call last):\n  File \"/tmp/tmpsa00iv68.py\", line 16, in <module>\n    test_check()\n  File \"/tmp/tmpsa00iv68.py\", line 14, in test_check\n    check(text_match_two_three)\n  File \"/tmp/tmpsa00iv68.py\", line 9, in check\n    assert candidate('ac') == False\n  File \"/tmp/tmpsa00iv68.py\", line 5, in text_match_two_three\n    return re.search(r\"ab{2,3}\", text) is not None\nNameError: name 're' is not defined\n",
      "exit_code": 1,
      "status": "Exception"
    },
    {
      "program": "def text_match_two_three(text: str) -> bool:\n    \"\"\"\n\tWrite a function that checks whether a string contains the 'a' character followed by two or three 'b' characters.\n\t\"\"\"\n    return re.search(r\"ab{2,3}\", text) is not None\n\n\ndef check(candidate):\n    assert candidate('ac') == False\n    assert candidate('dc') == False\n    assert candidate('abbbba') == True\n\ndef test_check():\n    check(text_match_two_three)\n\ntest_check()\n",
      "timestamp": 1665517473,
      "stdout": "",
      "stderr": "Traceback (most recent call last):\n  File \"/tmp/tmpsa00iv68.py\", line 16, in <module>\n    test_check()\n  File \"/tmp/tmpsa00iv68.py\", line 14, in test_check\n    check(text_match_two_three)\n  File \"/tmp/tmpsa00iv68.py\", line 9, in check\n    assert candidate('ac') == False\n  File \"/tmp/tmpsa00iv68.py\", line 5, in text_match_two_three\n    return re.search(r\"ab{2,3}\", text) is not None\nNameError: name 're' is not defined\n",
      "exit_code": 1,
      "status": "Exception"
    },
    {
      "program": "def text_match_two_three(text: str) -> bool:\n    \"\"\"\n\tWrite a function that checks whether a string contains the 'a' character followed by two or three 'b' characters.\n\t\"\"\"\n    return re.search(r\"ab{2,3}\", text)\n\n\ndef check(candidate):\n    assert candidate('ac') == False\n    assert candidate('dc') == False\n    assert candidate('abbbba') == True\n\ndef test_check():\n    check(text_match_two_three)\n\ntest_check()\n",
      "timestamp": 1665517473,
      "stdout": "",
      "stderr": "Traceback (most recent call last):\n  File \"/tmp/tmplykalfjs.py\", line 16, in <module>\n    test_check()\n  File \"/tmp/tmplykalfjs.py\", line 14, in test_check\n    check(text_match_two_three)\n  File \"/tmp/tmplykalfjs.py\", line 9, in check\n    assert candidate('ac') == False\n  File \"/tmp/tmplykalfjs.py\", line 5, in text_match_two_three\n    return re.search(r\"ab{2,3}\", text)\nNameError: name 're' is not defined\n",
      "exit_code": 1,
      "status": "Exception"
    },
    {
      "program": "def text_match_two_three(text: str) -> bool:\n    \"\"\"\n\tWrite a function that checks whether a string contains the 'a' character followed by two or three 'b' characters.\n\t\"\"\"\n    return re.search(r\"ab{2,3}\", text) is not None\n\n\ndef check(candidate):\n    assert candidate('ac') == False\n    assert candidate('dc') == False\n    assert candidate('abbbba') == True\n\ndef test_check():\n    check(text_match_two_three)\n\ntest_check()\n",
      "timestamp": 1665517473,
      "stdout": "",
      "stderr": "Traceback (most recent call last):\n  File \"/tmp/tmpsa00iv68.py\", line 16, in <module>\n    test_check()\n  File \"/tmp/tmpsa00iv68.py\", line 14, in test_check\n    check(text_match_two_three)\n  File \"/tmp/tmpsa00iv68.py\", line 9, in check\n    assert candidate('ac') == False\n  File \"/tmp/tmpsa00iv68.py\", line 5, in text_match_two_three\n    return re.search(r\"ab{2,3}\", text) is not None\nNameError: name 're' is not defined\n",
      "exit_code": 1,
      "status": "Exception"
    },
    {
      "program": "def text_match_two_three(text: str) -> bool:\n    \"\"\"\n\tWrite a function that checks whether a string contains the 'a' character followed by two or three 'b' characters.\n\t\"\"\"\n    return re.search(r\"ab{2,3}\", text) is not None\n\n\ndef check(candidate):\n    assert candidate('ac') == False\n    assert candidate('dc') == False\n    assert candidate('abbbba') == True\n\ndef test_check():\n    check(text_match_two_three)\n\ntest_check()\n",
      "timestamp": 1665517473,
      "stdout": "",
      "stderr": "Traceback (most recent call last):\n  File \"/tmp/tmpsa00iv68.py\", line 16, in <module>\n    test_check()\n  File \"/tmp/tmpsa00iv68.py\", line 14, in test_check\n    check(text_match_two_three)\n  File \"/tmp/tmpsa00iv68.py\", line 9, in check\n    assert candidate('ac') == False\n  File \"/tmp/tmpsa00iv68.py\", line 5, in text_match_two_three\n    return re.search(r\"ab{2,3}\", text) is not None\nNameError: name 're' is not defined\n",
      "exit_code": 1,
      "status": "Exception"
    },
    {
      "program": "def text_match_two_three(text: str) -> bool:\n    \"\"\"\n\tWrite a function that checks whether a string contains the 'a' character followed by two or three 'b' characters.\n\t\"\"\"\n    return re.search(r\"ab{2,3}\", text) is not None\n\n\ndef check(candidate):\n    assert candidate('ac') == False\n    assert candidate('dc') == False\n    assert candidate('abbbba') == True\n\ndef test_check():\n    check(text_match_two_three)\n\ntest_check()\n",
      "timestamp": 1665517473,
      "stdout": "",
      "stderr": "Traceback (most recent call last):\n  File \"/tmp/tmpsa00iv68.py\", line 16, in <module>\n    test_check()\n  File \"/tmp/tmpsa00iv68.py\", line 14, in test_check\n    check(text_match_two_three)\n  File \"/tmp/tmpsa00iv68.py\", line 9, in check\n    assert candidate('ac') == False\n  File \"/tmp/tmpsa00iv68.py\", line 5, in text_match_two_three\n    return re.search(r\"ab{2,3}\", text) is not None\nNameError: name 're' is not defined\n",
      "exit_code": 1,
      "status": "Exception"
    },
    {
      "program": "def text_match_two_three(text: str) -> bool:\n    \"\"\"\n\tWrite a function that checks whether a string contains the 'a' character followed by two or three 'b' characters.\n\t\"\"\"\n    return re.search(r'ab{2,3}', text) is not None\n\n\ndef check(candidate):\n    assert candidate('ac') == False\n    assert candidate('dc') == False\n    assert candidate('abbbba') == True\n\ndef test_check():\n    check(text_match_two_three)\n\ntest_check()\n",
      "timestamp": 1665517473,
      "stdout": "",
      "stderr": "Traceback (most recent call last):\n  File \"/tmp/tmpsldtmyrx.py\", line 16, in <module>\n    test_check()\n  File \"/tmp/tmpsldtmyrx.py\", line 14, in test_check\n    check(text_match_two_three)\n  File \"/tmp/tmpsldtmyrx.py\", line 9, in check\n    assert candidate('ac') == False\n  File \"/tmp/tmpsldtmyrx.py\", line 5, in text_match_two_three\n    return re.search(r'ab{2,3}', text) is not None\nNameError: name 're' is not defined\n",
      "exit_code": 1,
      "status": "Exception"
    },
    {
      "program": "def text_match_two_three(text: str) -> bool:\n    \"\"\"\n\tWrite a function that checks whether a string contains the 'a' character followed by two or three 'b' characters.\n\t\"\"\"\n    return re.search(r\"ab{2,3}\", text) is not None\n\n\ndef check(candidate):\n    assert candidate('ac') == False\n    assert candidate('dc') == False\n    assert candidate('abbbba') == True\n\ndef test_check():\n    check(text_match_two_three)\n\ntest_check()\n",
      "timestamp": 1665517473,
      "stdout": "",
      "stderr": "Traceback (most recent call last):\n  File \"/tmp/tmpsa00iv68.py\", line 16, in <module>\n    test_check()\n  File \"/tmp/tmpsa00iv68.py\", line 14, in test_check\n    check(text_match_two_three)\n  File \"/tmp/tmpsa00iv68.py\", line 9, in check\n    assert candidate('ac') == False\n  File \"/tmp/tmpsa00iv68.py\", line 5, in text_match_two_three\n    return re.search(r\"ab{2,3}\", text) is not None\nNameError: name 're' is not defined\n",
      "exit_code": 1,
      "status": "Exception"
    },
    {
      "program": "def text_match_two_three(text: str) -> bool:\n    \"\"\"\n\tWrite a function that checks whether a string contains the 'a' character followed by two or three 'b' characters.\n\t\"\"\"\n    return re.search(r\"ab{2,3}\", text) is not None\n\n\ndef check(candidate):\n    assert candidate('ac') == False\n    assert candidate('dc') == False\n    assert candidate('abbbba') == True\n\ndef test_check():\n    check(text_match_two_three)\n\ntest_check()\n",
      "timestamp": 1665517473,
      "stdout": "",
      "stderr": "Traceback (most recent call last):\n  File \"/tmp/tmpsa00iv68.py\", line 16, in <module>\n    test_check()\n  File \"/tmp/tmpsa00iv68.py\", line 14, in test_check\n    check(text_match_two_three)\n  File \"/tmp/tmpsa00iv68.py\", line 9, in check\n    assert candidate('ac') == False\n  File \"/tmp/tmpsa00iv68.py\", line 5, in text_match_two_three\n    return re.search(r\"ab{2,3}\", text) is not None\nNameError: name 're' is not defined\n",
      "exit_code": 1,
      "status": "Exception"
    },
    {
      "program": "def text_match_two_three(text: str) -> bool:\n    \"\"\"\n\tWrite a function that checks whether a string contains the 'a' character followed by two or three 'b' characters.\n\t\"\"\"\n    return re.search(r\"ab{2,3}\", text) is not None\n\n\ndef check(candidate):\n    assert candidate('ac') == False\n    assert candidate('dc') == False\n    assert candidate('abbbba') == True\n\ndef test_check():\n    check(text_match_two_three)\n\ntest_check()\n",
      "timestamp": 1665517473,
      "stdout": "",
      "stderr": "Traceback (most recent call last):\n  File \"/tmp/tmpsa00iv68.py\", line 16, in <module>\n    test_check()\n  File \"/tmp/tmpsa00iv68.py\", line 14, in test_check\n    check(text_match_two_three)\n  File \"/tmp/tmpsa00iv68.py\", line 9, in check\n    assert candidate('ac') == False\n  File \"/tmp/tmpsa00iv68.py\", line 5, in text_match_two_three\n    return re.search(r\"ab{2,3}\", text) is not None\nNameError: name 're' is not defined\n",
      "exit_code": 1,
      "status": "Exception"
    },
    {
      "program": "def text_match_two_three(text: str) -> bool:\n    \"\"\"\n\tWrite a function that checks whether a string contains the 'a' character followed by two or three 'b' characters.\n\t\"\"\"\n    return re.search(r\"ab{2,3}\", text) is not None\n\n\ndef check(candidate):\n    assert candidate('ac') == False\n    assert candidate('dc') == False\n    assert candidate('abbbba') == True\n\ndef test_check():\n    check(text_match_two_three)\n\ntest_check()\n",
      "timestamp": 1665517473,
      "stdout": "",
      "stderr": "Traceback (most recent call last):\n  File \"/tmp/tmpsa00iv68.py\", line 16, in <module>\n    test_check()\n  File \"/tmp/tmpsa00iv68.py\", line 14, in test_check\n    check(text_match_two_three)\n  File \"/tmp/tmpsa00iv68.py\", line 9, in check\n    assert candidate('ac') == False\n  File \"/tmp/tmpsa00iv68.py\", line 5, in text_match_two_three\n    return re.search(r\"ab{2,3}\", text) is not None\nNameError: name 're' is not defined\n",
      "exit_code": 1,
      "status": "Exception"
    },
    {
      "program": "def text_match_two_three(text: str) -> bool:\n    \"\"\"\n\tWrite a function that checks whether a string contains the 'a' character followed by two or three 'b' characters.\n\t\"\"\"\n    return re.search(r'ab{2,3}', text) is not None\n\n\ndef check(candidate):\n    assert candidate('ac') == False\n    assert candidate('dc') == False\n    assert candidate('abbbba') == True\n\ndef test_check():\n    check(text_match_two_three)\n\ntest_check()\n",
      "timestamp": 1665517473,
      "stdout": "",
      "stderr": "Traceback (most recent call last):\n  File \"/tmp/tmpsldtmyrx.py\", line 16, in <module>\n    test_check()\n  File \"/tmp/tmpsldtmyrx.py\", line 14, in test_check\n    check(text_match_two_three)\n  File \"/tmp/tmpsldtmyrx.py\", line 9, in check\n    assert candidate('ac') == False\n  File \"/tmp/tmpsldtmyrx.py\", line 5, in text_match_two_three\n    return re.search(r'ab{2,3}', text) is not None\nNameError: name 're' is not defined\n",
      "exit_code": 1,
      "status": "Exception"
    },
    {
      "program": "def text_match_two_three(text: str) -> bool:\n    \"\"\"\n\tWrite a function that checks whether a string contains the 'a' character followed by two or three 'b' characters.\n\t\"\"\"\n    return re.search(r'ab{2,3}', text) is not None\n\n\ndef check(candidate):\n    assert candidate('ac') == False\n    assert candidate('dc') == False\n    assert candidate('abbbba') == True\n\ndef test_check():\n    check(text_match_two_three)\n\ntest_check()\n",
      "timestamp": 1665517473,
      "stdout": "",
      "stderr": "Traceback (most recent call last):\n  File \"/tmp/tmpsldtmyrx.py\", line 16, in <module>\n    test_check()\n  File \"/tmp/tmpsldtmyrx.py\", line 14, in test_check\n    check(text_match_two_three)\n  File \"/tmp/tmpsldtmyrx.py\", line 9, in check\n    assert candidate('ac') == False\n  File \"/tmp/tmpsldtmyrx.py\", line 5, in text_match_two_three\n    return re.search(r'ab{2,3}', text) is not None\nNameError: name 're' is not defined\n",
      "exit_code": 1,
      "status": "Exception"
    },
    {
      "program": "def text_match_two_three(text: str) -> bool:\n    \"\"\"\n\tWrite a function that checks whether a string contains the 'a' character followed by two or three 'b' characters.\n\t\"\"\"\n    return re.search(r\"ab{2,3}\", text) is not None\n\n\ndef check(candidate):\n    assert candidate('ac') == False\n    assert candidate('dc') == False\n    assert candidate('abbbba') == True\n\ndef test_check():\n    check(text_match_two_three)\n\ntest_check()\n",
      "timestamp": 1665517473,
      "stdout": "",
      "stderr": "Traceback (most recent call last):\n  File \"/tmp/tmpsa00iv68.py\", line 16, in <module>\n    test_check()\n  File \"/tmp/tmpsa00iv68.py\", line 14, in test_check\n    check(text_match_two_three)\n  File \"/tmp/tmpsa00iv68.py\", line 9, in check\n    assert candidate('ac') == False\n  File \"/tmp/tmpsa00iv68.py\", line 5, in text_match_two_three\n    return re.search(r\"ab{2,3}\", text) is not None\nNameError: name 're' is not defined\n",
      "exit_code": 1,
      "status": "Exception"
    },
    {
      "program": "def text_match_two_three(text: str) -> bool:\n    \"\"\"\n\tWrite a function that checks whether a string contains the 'a' character followed by two or three 'b' characters.\n\t\"\"\"\n    return re.search(r\"ab{2,3}\", text) is not None\n\n\ndef check(candidate):\n    assert candidate('ac') == False\n    assert candidate('dc') == False\n    assert candidate('abbbba') == True\n\ndef test_check():\n    check(text_match_two_three)\n\ntest_check()\n",
      "timestamp": 1665517473,
      "stdout": "",
      "stderr": "Traceback (most recent call last):\n  File \"/tmp/tmpsa00iv68.py\", line 16, in <module>\n    test_check()\n  File \"/tmp/tmpsa00iv68.py\", line 14, in test_check\n    check(text_match_two_three)\n  File \"/tmp/tmpsa00iv68.py\", line 9, in check\n    assert candidate('ac') == False\n  File \"/tmp/tmpsa00iv68.py\", line 5, in text_match_two_three\n    return re.search(r\"ab{2,3}\", text) is not None\nNameError: name 're' is not defined\n",
      "exit_code": 1,
      "status": "Exception"
    },
    {
      "program": "def text_match_two_three(text: str) -> bool:\n    \"\"\"\n\tWrite a function that checks whether a string contains the 'a' character followed by two or three 'b' characters.\n\t\"\"\"\n    return re.search(r\"ab{2,3}\", text) is not None\n\n\ndef check(candidate):\n    assert candidate('ac') == False\n    assert candidate('dc') == False\n    assert candidate('abbbba') == True\n\ndef test_check():\n    check(text_match_two_three)\n\ntest_check()\n",
      "timestamp": 1665517473,
      "stdout": "",
      "stderr": "Traceback (most recent call last):\n  File \"/tmp/tmpsa00iv68.py\", line 16, in <module>\n    test_check()\n  File \"/tmp/tmpsa00iv68.py\", line 14, in test_check\n    check(text_match_two_three)\n  File \"/tmp/tmpsa00iv68.py\", line 9, in check\n    assert candidate('ac') == False\n  File \"/tmp/tmpsa00iv68.py\", line 5, in text_match_two_three\n    return re.search(r\"ab{2,3}\", text) is not None\nNameError: name 're' is not defined\n",
      "exit_code": 1,
      "status": "Exception"
    },
    {
      "program": "def text_match_two_three(text: str) -> bool:\n    \"\"\"\n\tWrite a function that checks whether a string contains the 'a' character followed by two or three 'b' characters.\n\t\"\"\"\n    return re.search(r\"ab{2,3}\", text) is not None\n\n\ndef check(candidate):\n    assert candidate('ac') == False\n    assert candidate('dc') == False\n    assert candidate('abbbba') == True\n\ndef test_check():\n    check(text_match_two_three)\n\ntest_check()\n",
      "timestamp": 1665517473,
      "stdout": "",
      "stderr": "Traceback (most recent call last):\n  File \"/tmp/tmpsa00iv68.py\", line 16, in <module>\n    test_check()\n  File \"/tmp/tmpsa00iv68.py\", line 14, in test_check\n    check(text_match_two_three)\n  File \"/tmp/tmpsa00iv68.py\", line 9, in check\n    assert candidate('ac') == False\n  File \"/tmp/tmpsa00iv68.py\", line 5, in text_match_two_three\n    return re.search(r\"ab{2,3}\", text) is not None\nNameError: name 're' is not defined\n",
      "exit_code": 1,
      "status": "Exception"
    },
    {
      "program": "def text_match_two_three(text: str) -> bool:\n    \"\"\"\n\tWrite a function that checks whether a string contains the 'a' character followed by two or three 'b' characters.\n\t\"\"\"\n    return re.search(r\"ab{2,3}\", text) is not None\n\n\ndef check(candidate):\n    assert candidate('ac') == False\n    assert candidate('dc') == False\n    assert candidate('abbbba') == True\n\ndef test_check():\n    check(text_match_two_three)\n\ntest_check()\n",
      "timestamp": 1665517473,
      "stdout": "",
      "stderr": "Traceback (most recent call last):\n  File \"/tmp/tmpsa00iv68.py\", line 16, in <module>\n    test_check()\n  File \"/tmp/tmpsa00iv68.py\", line 14, in test_check\n    check(text_match_two_three)\n  File \"/tmp/tmpsa00iv68.py\", line 9, in check\n    assert candidate('ac') == False\n  File \"/tmp/tmpsa00iv68.py\", line 5, in text_match_two_three\n    return re.search(r\"ab{2,3}\", text) is not None\nNameError: name 're' is not defined\n",
      "exit_code": 1,
      "status": "Exception"
    },
    {
      "program": "def text_match_two_three(text: str) -> bool:\n    \"\"\"\n\tWrite a function that checks whether a string contains the 'a' character followed by two or three 'b' characters.\n\t\"\"\"\n    return re.search(r\"ab{2,3}\", text) is not None\n\n\ndef check(candidate):\n    assert candidate('ac') == False\n    assert candidate('dc') == False\n    assert candidate('abbbba') == True\n\ndef test_check():\n    check(text_match_two_three)\n\ntest_check()\n",
      "timestamp": 1665517473,
      "stdout": "",
      "stderr": "Traceback (most recent call last):\n  File \"/tmp/tmpsa00iv68.py\", line 16, in <module>\n    test_check()\n  File \"/tmp/tmpsa00iv68.py\", line 14, in test_check\n    check(text_match_two_three)\n  File \"/tmp/tmpsa00iv68.py\", line 9, in check\n    assert candidate('ac') == False\n  File \"/tmp/tmpsa00iv68.py\", line 5, in text_match_two_three\n    return re.search(r\"ab{2,3}\", text) is not None\nNameError: name 're' is not defined\n",
      "exit_code": 1,
      "status": "Exception"
    },
    {
      "program": "def text_match_two_three(text: str) -> bool:\n    \"\"\"\n\tWrite a function that checks whether a string contains the 'a' character followed by two or three 'b' characters.\n\t\"\"\"\n    return re.search(r\"ab{2,3}\", text) is not None\n\n\ndef check(candidate):\n    assert candidate('ac') == False\n    assert candidate('dc') == False\n    assert candidate('abbbba') == True\n\ndef test_check():\n    check(text_match_two_three)\n\ntest_check()\n",
      "timestamp": 1665517473,
      "stdout": "",
      "stderr": "Traceback (most recent call last):\n  File \"/tmp/tmpsa00iv68.py\", line 16, in <module>\n    test_check()\n  File \"/tmp/tmpsa00iv68.py\", line 14, in test_check\n    check(text_match_two_three)\n  File \"/tmp/tmpsa00iv68.py\", line 9, in check\n    assert candidate('ac') == False\n  File \"/tmp/tmpsa00iv68.py\", line 5, in text_match_two_three\n    return re.search(r\"ab{2,3}\", text) is not None\nNameError: name 're' is not defined\n",
      "exit_code": 1,
      "status": "Exception"
    },
    {
      "program": "def text_match_two_three(text: str) -> bool:\n    \"\"\"\n\tWrite a function that checks whether a string contains the 'a' character followed by two or three 'b' characters.\n\t\"\"\"\n    return re.search(r\"ab{2,3}\", text) is not None\n\n\ndef check(candidate):\n    assert candidate('ac') == False\n    assert candidate('dc') == False\n    assert candidate('abbbba') == True\n\ndef test_check():\n    check(text_match_two_three)\n\ntest_check()\n",
      "timestamp": 1665517473,
      "stdout": "",
      "stderr": "Traceback (most recent call last):\n  File \"/tmp/tmpsa00iv68.py\", line 16, in <module>\n    test_check()\n  File \"/tmp/tmpsa00iv68.py\", line 14, in test_check\n    check(text_match_two_three)\n  File \"/tmp/tmpsa00iv68.py\", line 9, in check\n    assert candidate('ac') == False\n  File \"/tmp/tmpsa00iv68.py\", line 5, in text_match_two_three\n    return re.search(r\"ab{2,3}\", text) is not None\nNameError: name 're' is not defined\n",
      "exit_code": 1,
      "status": "Exception"
    },
    {
      "program": "def text_match_two_three(text: str) -> bool:\n    \"\"\"\n\tWrite a function that checks whether a string contains the 'a' character followed by two or three 'b' characters.\n\t\"\"\"\n    return re.search(r\"ab{2,3}\", text) is not None\n\n\ndef check(candidate):\n    assert candidate('ac') == False\n    assert candidate('dc') == False\n    assert candidate('abbbba') == True\n\ndef test_check():\n    check(text_match_two_three)\n\ntest_check()\n",
      "timestamp": 1665517473,
      "stdout": "",
      "stderr": "Traceback (most recent call last):\n  File \"/tmp/tmpsa00iv68.py\", line 16, in <module>\n    test_check()\n  File \"/tmp/tmpsa00iv68.py\", line 14, in test_check\n    check(text_match_two_three)\n  File \"/tmp/tmpsa00iv68.py\", line 9, in check\n    assert candidate('ac') == False\n  File \"/tmp/tmpsa00iv68.py\", line 5, in text_match_two_three\n    return re.search(r\"ab{2,3}\", text) is not None\nNameError: name 're' is not defined\n",
      "exit_code": 1,
      "status": "Exception"
    },
    {
      "program": "def text_match_two_three(text: str) -> bool:\n    \"\"\"\n\tWrite a function that checks whether a string contains the 'a' character followed by two or three 'b' characters.\n\t\"\"\"\n    return re.search(r\"ab{2,3}\", text)\n\n\ndef check(candidate):\n    assert candidate('ac') == False\n    assert candidate('dc') == False\n    assert candidate('abbbba') == True\n\ndef test_check():\n    check(text_match_two_three)\n\ntest_check()\n",
      "timestamp": 1665517473,
      "stdout": "",
      "stderr": "Traceback (most recent call last):\n  File \"/tmp/tmplykalfjs.py\", line 16, in <module>\n    test_check()\n  File \"/tmp/tmplykalfjs.py\", line 14, in test_check\n    check(text_match_two_three)\n  File \"/tmp/tmplykalfjs.py\", line 9, in check\n    assert candidate('ac') == False\n  File \"/tmp/tmplykalfjs.py\", line 5, in text_match_two_three\n    return re.search(r\"ab{2,3}\", text)\nNameError: name 're' is not defined\n",
      "exit_code": 1,
      "status": "Exception"
    },
    {
      "program": "def text_match_two_three(text: str) -> bool:\n    \"\"\"\n\tWrite a function that checks whether a string contains the 'a' character followed by two or three 'b' characters.\n\t\"\"\"\n    return re.search(r\"ab{2,3}\", text) is not None\n\n\ndef check(candidate):\n    assert candidate('ac') == False\n    assert candidate('dc') == False\n    assert candidate('abbbba') == True\n\ndef test_check():\n    check(text_match_two_three)\n\ntest_check()\n",
      "timestamp": 1665517473,
      "stdout": "",
      "stderr": "Traceback (most recent call last):\n  File \"/tmp/tmpsa00iv68.py\", line 16, in <module>\n    test_check()\n  File \"/tmp/tmpsa00iv68.py\", line 14, in test_check\n    check(text_match_two_three)\n  File \"/tmp/tmpsa00iv68.py\", line 9, in check\n    assert candidate('ac') == False\n  File \"/tmp/tmpsa00iv68.py\", line 5, in text_match_two_three\n    return re.search(r\"ab{2,3}\", text) is not None\nNameError: name 're' is not defined\n",
      "exit_code": 1,
      "status": "Exception"
    },
    {
      "program": "def text_match_two_three(text: str) -> bool:\n    \"\"\"\n\tWrite a function that checks whether a string contains the 'a' character followed by two or three 'b' characters.\n\t\"\"\"\n    return re.search(r\"ab{2,3}\", text) is not None\n\n\ndef check(candidate):\n    assert candidate('ac') == False\n    assert candidate('dc') == False\n    assert candidate('abbbba') == True\n\ndef test_check():\n    check(text_match_two_three)\n\ntest_check()\n",
      "timestamp": 1665517473,
      "stdout": "",
      "stderr": "Traceback (most recent call last):\n  File \"/tmp/tmpsa00iv68.py\", line 16, in <module>\n    test_check()\n  File \"/tmp/tmpsa00iv68.py\", line 14, in test_check\n    check(text_match_two_three)\n  File \"/tmp/tmpsa00iv68.py\", line 9, in check\n    assert candidate('ac') == False\n  File \"/tmp/tmpsa00iv68.py\", line 5, in text_match_two_three\n    return re.search(r\"ab{2,3}\", text) is not None\nNameError: name 're' is not defined\n",
      "exit_code": 1,
      "status": "Exception"
    },
    {
      "program": "def text_match_two_three(text: str) -> bool:\n    \"\"\"\n\tWrite a function that checks whether a string contains the 'a' character followed by two or three 'b' characters.\n\t\"\"\"\n    return re.search(r'ab{2,3}', text) is not None\n\n\ndef check(candidate):\n    assert candidate('ac') == False\n    assert candidate('dc') == False\n    assert candidate('abbbba') == True\n\ndef test_check():\n    check(text_match_two_three)\n\ntest_check()\n",
      "timestamp": 1665517473,
      "stdout": "",
      "stderr": "Traceback (most recent call last):\n  File \"/tmp/tmpsldtmyrx.py\", line 16, in <module>\n    test_check()\n  File \"/tmp/tmpsldtmyrx.py\", line 14, in test_check\n    check(text_match_two_three)\n  File \"/tmp/tmpsldtmyrx.py\", line 9, in check\n    assert candidate('ac') == False\n  File \"/tmp/tmpsldtmyrx.py\", line 5, in text_match_two_three\n    return re.search(r'ab{2,3}', text) is not None\nNameError: name 're' is not defined\n",
      "exit_code": 1,
      "status": "Exception"
    },
    {
      "program": "def text_match_two_three(text: str) -> bool:\n    \"\"\"\n\tWrite a function that checks whether a string contains the 'a' character followed by two or three 'b' characters.\n\t\"\"\"\n    return re.search(r\"ab{2,3}\", text) is not None\n\n\ndef check(candidate):\n    assert candidate('ac') == False\n    assert candidate('dc') == False\n    assert candidate('abbbba') == True\n\ndef test_check():\n    check(text_match_two_three)\n\ntest_check()\n",
      "timestamp": 1665517473,
      "stdout": "",
      "stderr": "Traceback (most recent call last):\n  File \"/tmp/tmpsa00iv68.py\", line 16, in <module>\n    test_check()\n  File \"/tmp/tmpsa00iv68.py\", line 14, in test_check\n    check(text_match_two_three)\n  File \"/tmp/tmpsa00iv68.py\", line 9, in check\n    assert candidate('ac') == False\n  File \"/tmp/tmpsa00iv68.py\", line 5, in text_match_two_three\n    return re.search(r\"ab{2,3}\", text) is not None\nNameError: name 're' is not defined\n",
      "exit_code": 1,
      "status": "Exception"
    },
    {
      "program": "def text_match_two_three(text: str) -> bool:\n    \"\"\"\n\tWrite a function that checks whether a string contains the 'a' character followed by two or three 'b' characters.\n\t\"\"\"\n    return re.search(r'ab{2,3}', text) is not None\n\n\ndef check(candidate):\n    assert candidate('ac') == False\n    assert candidate('dc') == False\n    assert candidate('abbbba') == True\n\ndef test_check():\n    check(text_match_two_three)\n\ntest_check()\n",
      "timestamp": 1665517473,
      "stdout": "",
      "stderr": "Traceback (most recent call last):\n  File \"/tmp/tmpsldtmyrx.py\", line 16, in <module>\n    test_check()\n  File \"/tmp/tmpsldtmyrx.py\", line 14, in test_check\n    check(text_match_two_three)\n  File \"/tmp/tmpsldtmyrx.py\", line 9, in check\n    assert candidate('ac') == False\n  File \"/tmp/tmpsldtmyrx.py\", line 5, in text_match_two_three\n    return re.search(r'ab{2,3}', text) is not None\nNameError: name 're' is not defined\n",
      "exit_code": 1,
      "status": "Exception"
    },
    {
      "program": "def text_match_two_three(text: str) -> bool:\n    \"\"\"\n\tWrite a function that checks whether a string contains the 'a' character followed by two or three 'b' characters.\n\t\"\"\"\n    return re.search(r\"ab{2,3}\", text) is not None\n\n\ndef check(candidate):\n    assert candidate('ac') == False\n    assert candidate('dc') == False\n    assert candidate('abbbba') == True\n\ndef test_check():\n    check(text_match_two_three)\n\ntest_check()\n",
      "timestamp": 1665517473,
      "stdout": "",
      "stderr": "Traceback (most recent call last):\n  File \"/tmp/tmpsa00iv68.py\", line 16, in <module>\n    test_check()\n  File \"/tmp/tmpsa00iv68.py\", line 14, in test_check\n    check(text_match_two_three)\n  File \"/tmp/tmpsa00iv68.py\", line 9, in check\n    assert candidate('ac') == False\n  File \"/tmp/tmpsa00iv68.py\", line 5, in text_match_two_three\n    return re.search(r\"ab{2,3}\", text) is not None\nNameError: name 're' is not defined\n",
      "exit_code": 1,
      "status": "Exception"
    },
    {
      "program": "def text_match_two_three(text: str) -> bool:\n    \"\"\"\n\tWrite a function that checks whether a string contains the 'a' character followed by two or three 'b' characters.\n\t\"\"\"\n    return re.search(r\"ab{2,3}\", text) is not None\n\n\ndef check(candidate):\n    assert candidate('ac') == False\n    assert candidate('dc') == False\n    assert candidate('abbbba') == True\n\ndef test_check():\n    check(text_match_two_three)\n\ntest_check()\n",
      "timestamp": 1665517473,
      "stdout": "",
      "stderr": "Traceback (most recent call last):\n  File \"/tmp/tmpsa00iv68.py\", line 16, in <module>\n    test_check()\n  File \"/tmp/tmpsa00iv68.py\", line 14, in test_check\n    check(text_match_two_three)\n  File \"/tmp/tmpsa00iv68.py\", line 9, in check\n    assert candidate('ac') == False\n  File \"/tmp/tmpsa00iv68.py\", line 5, in text_match_two_three\n    return re.search(r\"ab{2,3}\", text) is not None\nNameError: name 're' is not defined\n",
      "exit_code": 1,
      "status": "Exception"
    },
    {
      "program": "def text_match_two_three(text: str) -> bool:\n    \"\"\"\n\tWrite a function that checks whether a string contains the 'a' character followed by two or three 'b' characters.\n\t\"\"\"\n    return re.search(r\"ab{2,3}\", text) is not None\n\n\ndef check(candidate):\n    assert candidate('ac') == False\n    assert candidate('dc') == False\n    assert candidate('abbbba') == True\n\ndef test_check():\n    check(text_match_two_three)\n\ntest_check()\n",
      "timestamp": 1665517473,
      "stdout": "",
      "stderr": "Traceback (most recent call last):\n  File \"/tmp/tmpsa00iv68.py\", line 16, in <module>\n    test_check()\n  File \"/tmp/tmpsa00iv68.py\", line 14, in test_check\n    check(text_match_two_three)\n  File \"/tmp/tmpsa00iv68.py\", line 9, in check\n    assert candidate('ac') == False\n  File \"/tmp/tmpsa00iv68.py\", line 5, in text_match_two_three\n    return re.search(r\"ab{2,3}\", text) is not None\nNameError: name 're' is not defined\n",
      "exit_code": 1,
      "status": "Exception"
    },
    {
      "program": "def text_match_two_three(text: str) -> bool:\n    \"\"\"\n\tWrite a function that checks whether a string contains the 'a' character followed by two or three 'b' characters.\n\t\"\"\"\n    return re.search(r\"ab{2,3}\", text)\n\n\ndef check(candidate):\n    assert candidate('ac') == False\n    assert candidate('dc') == False\n    assert candidate('abbbba') == True\n\ndef test_check():\n    check(text_match_two_three)\n\ntest_check()\n",
      "timestamp": 1665517473,
      "stdout": "",
      "stderr": "Traceback (most recent call last):\n  File \"/tmp/tmplykalfjs.py\", line 16, in <module>\n    test_check()\n  File \"/tmp/tmplykalfjs.py\", line 14, in test_check\n    check(text_match_two_three)\n  File \"/tmp/tmplykalfjs.py\", line 9, in check\n    assert candidate('ac') == False\n  File \"/tmp/tmplykalfjs.py\", line 5, in text_match_two_three\n    return re.search(r\"ab{2,3}\", text)\nNameError: name 're' is not defined\n",
      "exit_code": 1,
      "status": "Exception"
    },
    {
      "program": "def text_match_two_three(text: str) -> bool:\n    \"\"\"\n\tWrite a function that checks whether a string contains the 'a' character followed by two or three 'b' characters.\n\t\"\"\"\n    return re.search(r\"ab{2,3}\", text) is not None\n\n\ndef check(candidate):\n    assert candidate('ac') == False\n    assert candidate('dc') == False\n    assert candidate('abbbba') == True\n\ndef test_check():\n    check(text_match_two_three)\n\ntest_check()\n",
      "timestamp": 1665517473,
      "stdout": "",
      "stderr": "Traceback (most recent call last):\n  File \"/tmp/tmpsa00iv68.py\", line 16, in <module>\n    test_check()\n  File \"/tmp/tmpsa00iv68.py\", line 14, in test_check\n    check(text_match_two_three)\n  File \"/tmp/tmpsa00iv68.py\", line 9, in check\n    assert candidate('ac') == False\n  File \"/tmp/tmpsa00iv68.py\", line 5, in text_match_two_three\n    return re.search(r\"ab{2,3}\", text) is not None\nNameError: name 're' is not defined\n",
      "exit_code": 1,
      "status": "Exception"
    },
    {
      "program": "def text_match_two_three(text: str) -> bool:\n    \"\"\"\n\tWrite a function that checks whether a string contains the 'a' character followed by two or three 'b' characters.\n\t\"\"\"\n    return re.search(r\"ab{2,3}\", text) is not None\n\n\ndef check(candidate):\n    assert candidate('ac') == False\n    assert candidate('dc') == False\n    assert candidate('abbbba') == True\n\ndef test_check():\n    check(text_match_two_three)\n\ntest_check()\n",
      "timestamp": 1665517473,
      "stdout": "",
      "stderr": "Traceback (most recent call last):\n  File \"/tmp/tmpsa00iv68.py\", line 16, in <module>\n    test_check()\n  File \"/tmp/tmpsa00iv68.py\", line 14, in test_check\n    check(text_match_two_three)\n  File \"/tmp/tmpsa00iv68.py\", line 9, in check\n    assert candidate('ac') == False\n  File \"/tmp/tmpsa00iv68.py\", line 5, in text_match_two_three\n    return re.search(r\"ab{2,3}\", text) is not None\nNameError: name 're' is not defined\n",
      "exit_code": 1,
      "status": "Exception"
    },
    {
      "program": "def text_match_two_three(text: str) -> bool:\n    \"\"\"\n\tWrite a function that checks whether a string contains the 'a' character followed by two or three 'b' characters.\n\t\"\"\"\n    return re.search(r\"ab{2,3}\", text) is not None\n\n\ndef check(candidate):\n    assert candidate('ac') == False\n    assert candidate('dc') == False\n    assert candidate('abbbba') == True\n\ndef test_check():\n    check(text_match_two_three)\n\ntest_check()\n",
      "timestamp": 1665517473,
      "stdout": "",
      "stderr": "Traceback (most recent call last):\n  File \"/tmp/tmpsa00iv68.py\", line 16, in <module>\n    test_check()\n  File \"/tmp/tmpsa00iv68.py\", line 14, in test_check\n    check(text_match_two_three)\n  File \"/tmp/tmpsa00iv68.py\", line 9, in check\n    assert candidate('ac') == False\n  File \"/tmp/tmpsa00iv68.py\", line 5, in text_match_two_three\n    return re.search(r\"ab{2,3}\", text) is not None\nNameError: name 're' is not defined\n",
      "exit_code": 1,
      "status": "Exception"
    },
    {
      "program": "def text_match_two_three(text: str) -> bool:\n    \"\"\"\n\tWrite a function that checks whether a string contains the 'a' character followed by two or three 'b' characters.\n\t\"\"\"\n    return re.search(r\"ab{2,3}\", text) is not None\n\n\ndef check(candidate):\n    assert candidate('ac') == False\n    assert candidate('dc') == False\n    assert candidate('abbbba') == True\n\ndef test_check():\n    check(text_match_two_three)\n\ntest_check()\n",
      "timestamp": 1665517473,
      "stdout": "",
      "stderr": "Traceback (most recent call last):\n  File \"/tmp/tmpsa00iv68.py\", line 16, in <module>\n    test_check()\n  File \"/tmp/tmpsa00iv68.py\", line 14, in test_check\n    check(text_match_two_three)\n  File \"/tmp/tmpsa00iv68.py\", line 9, in check\n    assert candidate('ac') == False\n  File \"/tmp/tmpsa00iv68.py\", line 5, in text_match_two_three\n    return re.search(r\"ab{2,3}\", text) is not None\nNameError: name 're' is not defined\n",
      "exit_code": 1,
      "status": "Exception"
    },
    {
      "program": "def text_match_two_three(text: str) -> bool:\n    \"\"\"\n\tWrite a function that checks whether a string contains the 'a' character followed by two or three 'b' characters.\n\t\"\"\"\n    return re.search(r\"ab{2,3}\", text) is not None\n\n\ndef check(candidate):\n    assert candidate('ac') == False\n    assert candidate('dc') == False\n    assert candidate('abbbba') == True\n\ndef test_check():\n    check(text_match_two_three)\n\ntest_check()\n",
      "timestamp": 1665517473,
      "stdout": "",
      "stderr": "Traceback (most recent call last):\n  File \"/tmp/tmpsa00iv68.py\", line 16, in <module>\n    test_check()\n  File \"/tmp/tmpsa00iv68.py\", line 14, in test_check\n    check(text_match_two_three)\n  File \"/tmp/tmpsa00iv68.py\", line 9, in check\n    assert candidate('ac') == False\n  File \"/tmp/tmpsa00iv68.py\", line 5, in text_match_two_three\n    return re.search(r\"ab{2,3}\", text) is not None\nNameError: name 're' is not defined\n",
      "exit_code": 1,
      "status": "Exception"
    },
    {
      "program": "def text_match_two_three(text: str) -> bool:\n    \"\"\"\n\tWrite a function that checks whether a string contains the 'a' character followed by two or three 'b' characters.\n\t\"\"\"\n    return re.search(r\"ab{2,3}\", text) is not None\n\n\ndef check(candidate):\n    assert candidate('ac') == False\n    assert candidate('dc') == False\n    assert candidate('abbbba') == True\n\ndef test_check():\n    check(text_match_two_three)\n\ntest_check()\n",
      "timestamp": 1665517473,
      "stdout": "",
      "stderr": "Traceback (most recent call last):\n  File \"/tmp/tmpsa00iv68.py\", line 16, in <module>\n    test_check()\n  File \"/tmp/tmpsa00iv68.py\", line 14, in test_check\n    check(text_match_two_three)\n  File \"/tmp/tmpsa00iv68.py\", line 9, in check\n    assert candidate('ac') == False\n  File \"/tmp/tmpsa00iv68.py\", line 5, in text_match_two_three\n    return re.search(r\"ab{2,3}\", text) is not None\nNameError: name 're' is not defined\n",
      "exit_code": 1,
      "status": "Exception"
    },
    {
      "program": "def text_match_two_three(text: str) -> bool:\n    \"\"\"\n\tWrite a function that checks whether a string contains the 'a' character followed by two or three 'b' characters.\n\t\"\"\"\n    return re.search(r\"ab{2,3}\", text) is not None\n\n\ndef check(candidate):\n    assert candidate('ac') == False\n    assert candidate('dc') == False\n    assert candidate('abbbba') == True\n\ndef test_check():\n    check(text_match_two_three)\n\ntest_check()\n",
      "timestamp": 1665517473,
      "stdout": "",
      "stderr": "Traceback (most recent call last):\n  File \"/tmp/tmpsa00iv68.py\", line 16, in <module>\n    test_check()\n  File \"/tmp/tmpsa00iv68.py\", line 14, in test_check\n    check(text_match_two_three)\n  File \"/tmp/tmpsa00iv68.py\", line 9, in check\n    assert candidate('ac') == False\n  File \"/tmp/tmpsa00iv68.py\", line 5, in text_match_two_three\n    return re.search(r\"ab{2,3}\", text) is not None\nNameError: name 're' is not defined\n",
      "exit_code": 1,
      "status": "Exception"
    },
    {
      "program": "def text_match_two_three(text: str) -> bool:\n    \"\"\"\n\tWrite a function that checks whether a string contains the 'a' character followed by two or three 'b' characters.\n\t\"\"\"\n    return re.search(r\"ab{2,3}\", text) is not None\n\n\ndef check(candidate):\n    assert candidate('ac') == False\n    assert candidate('dc') == False\n    assert candidate('abbbba') == True\n\ndef test_check():\n    check(text_match_two_three)\n\ntest_check()\n",
      "timestamp": 1665517473,
      "stdout": "",
      "stderr": "Traceback (most recent call last):\n  File \"/tmp/tmpsa00iv68.py\", line 16, in <module>\n    test_check()\n  File \"/tmp/tmpsa00iv68.py\", line 14, in test_check\n    check(text_match_two_three)\n  File \"/tmp/tmpsa00iv68.py\", line 9, in check\n    assert candidate('ac') == False\n  File \"/tmp/tmpsa00iv68.py\", line 5, in text_match_two_three\n    return re.search(r\"ab{2,3}\", text) is not None\nNameError: name 're' is not defined\n",
      "exit_code": 1,
      "status": "Exception"
    },
    {
      "program": "def text_match_two_three(text: str) -> bool:\n    \"\"\"\n\tWrite a function that checks whether a string contains the 'a' character followed by two or three 'b' characters.\n\t\"\"\"\n    return re.search(r\"ab{2,3}\", text) is not None\n\n\ndef check(candidate):\n    assert candidate('ac') == False\n    assert candidate('dc') == False\n    assert candidate('abbbba') == True\n\ndef test_check():\n    check(text_match_two_three)\n\ntest_check()\n",
      "timestamp": 1665517473,
      "stdout": "",
      "stderr": "Traceback (most recent call last):\n  File \"/tmp/tmpsa00iv68.py\", line 16, in <module>\n    test_check()\n  File \"/tmp/tmpsa00iv68.py\", line 14, in test_check\n    check(text_match_two_three)\n  File \"/tmp/tmpsa00iv68.py\", line 9, in check\n    assert candidate('ac') == False\n  File \"/tmp/tmpsa00iv68.py\", line 5, in text_match_two_three\n    return re.search(r\"ab{2,3}\", text) is not None\nNameError: name 're' is not defined\n",
      "exit_code": 1,
      "status": "Exception"
    },
    {
      "program": "def text_match_two_three(text: str) -> bool:\n    \"\"\"\n\tWrite a function that checks whether a string contains the 'a' character followed by two or three 'b' characters.\n\t\"\"\"\n    return re.search(r\"ab{2,3}\", text) is not None\n\n\ndef check(candidate):\n    assert candidate('ac') == False\n    assert candidate('dc') == False\n    assert candidate('abbbba') == True\n\ndef test_check():\n    check(text_match_two_three)\n\ntest_check()\n",
      "timestamp": 1665517473,
      "stdout": "",
      "stderr": "Traceback (most recent call last):\n  File \"/tmp/tmpsa00iv68.py\", line 16, in <module>\n    test_check()\n  File \"/tmp/tmpsa00iv68.py\", line 14, in test_check\n    check(text_match_two_three)\n  File \"/tmp/tmpsa00iv68.py\", line 9, in check\n    assert candidate('ac') == False\n  File \"/tmp/tmpsa00iv68.py\", line 5, in text_match_two_three\n    return re.search(r\"ab{2,3}\", text) is not None\nNameError: name 're' is not defined\n",
      "exit_code": 1,
      "status": "Exception"
    },
    {
      "program": "def text_match_two_three(text: str) -> bool:\n    \"\"\"\n\tWrite a function that checks whether a string contains the 'a' character followed by two or three 'b' characters.\n\t\"\"\"\n    return re.search(r\"ab{2,3}\", text)\n\n\ndef check(candidate):\n    assert candidate('ac') == False\n    assert candidate('dc') == False\n    assert candidate('abbbba') == True\n\ndef test_check():\n    check(text_match_two_three)\n\ntest_check()\n",
      "timestamp": 1665517473,
      "stdout": "",
      "stderr": "Traceback (most recent call last):\n  File \"/tmp/tmplykalfjs.py\", line 16, in <module>\n    test_check()\n  File \"/tmp/tmplykalfjs.py\", line 14, in test_check\n    check(text_match_two_three)\n  File \"/tmp/tmplykalfjs.py\", line 9, in check\n    assert candidate('ac') == False\n  File \"/tmp/tmplykalfjs.py\", line 5, in text_match_two_three\n    return re.search(r\"ab{2,3}\", text)\nNameError: name 're' is not defined\n",
      "exit_code": 1,
      "status": "Exception"
    },
    {
      "program": "def text_match_two_three(text: str) -> bool:\n    \"\"\"\n\tWrite a function that checks whether a string contains the 'a' character followed by two or three 'b' characters.\n\t\"\"\"\n    return re.search(r\"ab{2,3}\", text) is not None\n\n\ndef check(candidate):\n    assert candidate('ac') == False\n    assert candidate('dc') == False\n    assert candidate('abbbba') == True\n\ndef test_check():\n    check(text_match_two_three)\n\ntest_check()\n",
      "timestamp": 1665517473,
      "stdout": "",
      "stderr": "Traceback (most recent call last):\n  File \"/tmp/tmpsa00iv68.py\", line 16, in <module>\n    test_check()\n  File \"/tmp/tmpsa00iv68.py\", line 14, in test_check\n    check(text_match_two_three)\n  File \"/tmp/tmpsa00iv68.py\", line 9, in check\n    assert candidate('ac') == False\n  File \"/tmp/tmpsa00iv68.py\", line 5, in text_match_two_three\n    return re.search(r\"ab{2,3}\", text) is not None\nNameError: name 're' is not defined\n",
      "exit_code": 1,
      "status": "Exception"
    },
    {
      "program": "def text_match_two_three(text: str) -> bool:\n    \"\"\"\n\tWrite a function that checks whether a string contains the 'a' character followed by two or three 'b' characters.\n\t\"\"\"\n    return re.search(r\"ab{2,3}\", text) is not None\n\n\ndef check(candidate):\n    assert candidate('ac') == False\n    assert candidate('dc') == False\n    assert candidate('abbbba') == True\n\ndef test_check():\n    check(text_match_two_three)\n\ntest_check()\n",
      "timestamp": 1665517473,
      "stdout": "",
      "stderr": "Traceback (most recent call last):\n  File \"/tmp/tmpsa00iv68.py\", line 16, in <module>\n    test_check()\n  File \"/tmp/tmpsa00iv68.py\", line 14, in test_check\n    check(text_match_two_three)\n  File \"/tmp/tmpsa00iv68.py\", line 9, in check\n    assert candidate('ac') == False\n  File \"/tmp/tmpsa00iv68.py\", line 5, in text_match_two_three\n    return re.search(r\"ab{2,3}\", text) is not None\nNameError: name 're' is not defined\n",
      "exit_code": 1,
      "status": "Exception"
    },
    {
      "program": "def text_match_two_three(text: str) -> bool:\n    \"\"\"\n\tWrite a function that checks whether a string contains the 'a' character followed by two or three 'b' characters.\n\t\"\"\"\n    return re.search(r\"ab{2,3}\", text) is not None\n\n\ndef check(candidate):\n    assert candidate('ac') == False\n    assert candidate('dc') == False\n    assert candidate('abbbba') == True\n\ndef test_check():\n    check(text_match_two_three)\n\ntest_check()\n",
      "timestamp": 1665517473,
      "stdout": "",
      "stderr": "Traceback (most recent call last):\n  File \"/tmp/tmpsa00iv68.py\", line 16, in <module>\n    test_check()\n  File \"/tmp/tmpsa00iv68.py\", line 14, in test_check\n    check(text_match_two_three)\n  File \"/tmp/tmpsa00iv68.py\", line 9, in check\n    assert candidate('ac') == False\n  File \"/tmp/tmpsa00iv68.py\", line 5, in text_match_two_three\n    return re.search(r\"ab{2,3}\", text) is not None\nNameError: name 're' is not defined\n",
      "exit_code": 1,
      "status": "Exception"
    },
    {
      "program": "def text_match_two_three(text: str) -> bool:\n    \"\"\"\n\tWrite a function that checks whether a string contains the 'a' character followed by two or three 'b' characters.\n\t\"\"\"\n    return re.search(r\"ab{2,3}\", text) is not None\n\n\ndef check(candidate):\n    assert candidate('ac') == False\n    assert candidate('dc') == False\n    assert candidate('abbbba') == True\n\ndef test_check():\n    check(text_match_two_three)\n\ntest_check()\n",
      "timestamp": 1665517473,
      "stdout": "",
      "stderr": "Traceback (most recent call last):\n  File \"/tmp/tmpsa00iv68.py\", line 16, in <module>\n    test_check()\n  File \"/tmp/tmpsa00iv68.py\", line 14, in test_check\n    check(text_match_two_three)\n  File \"/tmp/tmpsa00iv68.py\", line 9, in check\n    assert candidate('ac') == False\n  File \"/tmp/tmpsa00iv68.py\", line 5, in text_match_two_three\n    return re.search(r\"ab{2,3}\", text) is not None\nNameError: name 're' is not defined\n",
      "exit_code": 1,
      "status": "Exception"
    },
    {
      "program": "def text_match_two_three(text: str) -> bool:\n    \"\"\"\n\tWrite a function that checks whether a string contains the 'a' character followed by two or three 'b' characters.\n\t\"\"\"\n    return re.search(r'ab{2,3}', text) is not None\n\n\ndef check(candidate):\n    assert candidate('ac') == False\n    assert candidate('dc') == False\n    assert candidate('abbbba') == True\n\ndef test_check():\n    check(text_match_two_three)\n\ntest_check()\n",
      "timestamp": 1665517473,
      "stdout": "",
      "stderr": "Traceback (most recent call last):\n  File \"/tmp/tmpsldtmyrx.py\", line 16, in <module>\n    test_check()\n  File \"/tmp/tmpsldtmyrx.py\", line 14, in test_check\n    check(text_match_two_three)\n  File \"/tmp/tmpsldtmyrx.py\", line 9, in check\n    assert candidate('ac') == False\n  File \"/tmp/tmpsldtmyrx.py\", line 5, in text_match_two_three\n    return re.search(r'ab{2,3}', text) is not None\nNameError: name 're' is not defined\n",
      "exit_code": 1,
      "status": "Exception"
    },
    {
      "program": "def text_match_two_three(text: str) -> bool:\n    \"\"\"\n\tWrite a function that checks whether a string contains the 'a' character followed by two or three 'b' characters.\n\t\"\"\"\n    return re.search(r'ab{2,3}', text) is not None\n\n\ndef check(candidate):\n    assert candidate('ac') == False\n    assert candidate('dc') == False\n    assert candidate('abbbba') == True\n\ndef test_check():\n    check(text_match_two_three)\n\ntest_check()\n",
      "timestamp": 1665517473,
      "stdout": "",
      "stderr": "Traceback (most recent call last):\n  File \"/tmp/tmpsldtmyrx.py\", line 16, in <module>\n    test_check()\n  File \"/tmp/tmpsldtmyrx.py\", line 14, in test_check\n    check(text_match_two_three)\n  File \"/tmp/tmpsldtmyrx.py\", line 9, in check\n    assert candidate('ac') == False\n  File \"/tmp/tmpsldtmyrx.py\", line 5, in text_match_two_three\n    return re.search(r'ab{2,3}', text) is not None\nNameError: name 're' is not defined\n",
      "exit_code": 1,
      "status": "Exception"
    },
    {
      "program": "def text_match_two_three(text: str) -> bool:\n    \"\"\"\n\tWrite a function that checks whether a string contains the 'a' character followed by two or three 'b' characters.\n\t\"\"\"\n    return re.search(r\"ab{2,3}\", text) is not None\n\n\ndef check(candidate):\n    assert candidate('ac') == False\n    assert candidate('dc') == False\n    assert candidate('abbbba') == True\n\ndef test_check():\n    check(text_match_two_three)\n\ntest_check()\n",
      "timestamp": 1665517473,
      "stdout": "",
      "stderr": "Traceback (most recent call last):\n  File \"/tmp/tmpsa00iv68.py\", line 16, in <module>\n    test_check()\n  File \"/tmp/tmpsa00iv68.py\", line 14, in test_check\n    check(text_match_two_three)\n  File \"/tmp/tmpsa00iv68.py\", line 9, in check\n    assert candidate('ac') == False\n  File \"/tmp/tmpsa00iv68.py\", line 5, in text_match_two_three\n    return re.search(r\"ab{2,3}\", text) is not None\nNameError: name 're' is not defined\n",
      "exit_code": 1,
      "status": "Exception"
    },
    {
      "program": "def text_match_two_three(text: str) -> bool:\n    \"\"\"\n\tWrite a function that checks whether a string contains the 'a' character followed by two or three 'b' characters.\n\t\"\"\"\n    return re.search(r\"ab{2,3}\", text) is not None\n\n\ndef check(candidate):\n    assert candidate('ac') == False\n    assert candidate('dc') == False\n    assert candidate('abbbba') == True\n\ndef test_check():\n    check(text_match_two_three)\n\ntest_check()\n",
      "timestamp": 1665517473,
      "stdout": "",
      "stderr": "Traceback (most recent call last):\n  File \"/tmp/tmpsa00iv68.py\", line 16, in <module>\n    test_check()\n  File \"/tmp/tmpsa00iv68.py\", line 14, in test_check\n    check(text_match_two_three)\n  File \"/tmp/tmpsa00iv68.py\", line 9, in check\n    assert candidate('ac') == False\n  File \"/tmp/tmpsa00iv68.py\", line 5, in text_match_two_three\n    return re.search(r\"ab{2,3}\", text) is not None\nNameError: name 're' is not defined\n",
      "exit_code": 1,
      "status": "Exception"
    },
    {
      "program": "def text_match_two_three(text: str) -> bool:\n    \"\"\"\n\tWrite a function that checks whether a string contains the 'a' character followed by two or three 'b' characters.\n\t\"\"\"\n    return re.search(r\"ab{2,3}\", text) is not None\n\n\ndef check(candidate):\n    assert candidate('ac') == False\n    assert candidate('dc') == False\n    assert candidate('abbbba') == True\n\ndef test_check():\n    check(text_match_two_three)\n\ntest_check()\n",
      "timestamp": 1665517473,
      "stdout": "",
      "stderr": "Traceback (most recent call last):\n  File \"/tmp/tmpsa00iv68.py\", line 16, in <module>\n    test_check()\n  File \"/tmp/tmpsa00iv68.py\", line 14, in test_check\n    check(text_match_two_three)\n  File \"/tmp/tmpsa00iv68.py\", line 9, in check\n    assert candidate('ac') == False\n  File \"/tmp/tmpsa00iv68.py\", line 5, in text_match_two_three\n    return re.search(r\"ab{2,3}\", text) is not None\nNameError: name 're' is not defined\n",
      "exit_code": 1,
      "status": "Exception"
    },
    {
      "program": "def text_match_two_three(text: str) -> bool:\n    \"\"\"\n\tWrite a function that checks whether a string contains the 'a' character followed by two or three 'b' characters.\n\t\"\"\"\n    return re.search(r\"ab{2,3}\", text) is not None\n\n\ndef check(candidate):\n    assert candidate('ac') == False\n    assert candidate('dc') == False\n    assert candidate('abbbba') == True\n\ndef test_check():\n    check(text_match_two_three)\n\ntest_check()\n",
      "timestamp": 1665517473,
      "stdout": "",
      "stderr": "Traceback (most recent call last):\n  File \"/tmp/tmpsa00iv68.py\", line 16, in <module>\n    test_check()\n  File \"/tmp/tmpsa00iv68.py\", line 14, in test_check\n    check(text_match_two_three)\n  File \"/tmp/tmpsa00iv68.py\", line 9, in check\n    assert candidate('ac') == False\n  File \"/tmp/tmpsa00iv68.py\", line 5, in text_match_two_three\n    return re.search(r\"ab{2,3}\", text) is not None\nNameError: name 're' is not defined\n",
      "exit_code": 1,
      "status": "Exception"
    },
    {
      "program": "def text_match_two_three(text: str) -> bool:\n    \"\"\"\n\tWrite a function that checks whether a string contains the 'a' character followed by two or three 'b' characters.\n\t\"\"\"\n    return re.search(r\"ab{2,3}\", text) is not None\n\n\ndef check(candidate):\n    assert candidate('ac') == False\n    assert candidate('dc') == False\n    assert candidate('abbbba') == True\n\ndef test_check():\n    check(text_match_two_three)\n\ntest_check()\n",
      "timestamp": 1665517473,
      "stdout": "",
      "stderr": "Traceback (most recent call last):\n  File \"/tmp/tmpsa00iv68.py\", line 16, in <module>\n    test_check()\n  File \"/tmp/tmpsa00iv68.py\", line 14, in test_check\n    check(text_match_two_three)\n  File \"/tmp/tmpsa00iv68.py\", line 9, in check\n    assert candidate('ac') == False\n  File \"/tmp/tmpsa00iv68.py\", line 5, in text_match_two_three\n    return re.search(r\"ab{2,3}\", text) is not None\nNameError: name 're' is not defined\n",
      "exit_code": 1,
      "status": "Exception"
    },
    {
      "program": "def text_match_two_three(text: str) -> bool:\n    \"\"\"\n\tWrite a function that checks whether a string contains the 'a' character followed by two or three 'b' characters.\n\t\"\"\"\n    return re.search(r\"ab{2,3}\", text) is not None\n\n\ndef check(candidate):\n    assert candidate('ac') == False\n    assert candidate('dc') == False\n    assert candidate('abbbba') == True\n\ndef test_check():\n    check(text_match_two_three)\n\ntest_check()\n",
      "timestamp": 1665517473,
      "stdout": "",
      "stderr": "Traceback (most recent call last):\n  File \"/tmp/tmpsa00iv68.py\", line 16, in <module>\n    test_check()\n  File \"/tmp/tmpsa00iv68.py\", line 14, in test_check\n    check(text_match_two_three)\n  File \"/tmp/tmpsa00iv68.py\", line 9, in check\n    assert candidate('ac') == False\n  File \"/tmp/tmpsa00iv68.py\", line 5, in text_match_two_three\n    return re.search(r\"ab{2,3}\", text) is not None\nNameError: name 're' is not defined\n",
      "exit_code": 1,
      "status": "Exception"
    },
    {
      "program": "def text_match_two_three(text: str) -> bool:\n    \"\"\"\n\tWrite a function that checks whether a string contains the 'a' character followed by two or three 'b' characters.\n\t\"\"\"\n    return re.search(r\"ab{2,3}\", text) is not None\n\n\ndef check(candidate):\n    assert candidate('ac') == False\n    assert candidate('dc') == False\n    assert candidate('abbbba') == True\n\ndef test_check():\n    check(text_match_two_three)\n\ntest_check()\n",
      "timestamp": 1665517473,
      "stdout": "",
      "stderr": "Traceback (most recent call last):\n  File \"/tmp/tmpsa00iv68.py\", line 16, in <module>\n    test_check()\n  File \"/tmp/tmpsa00iv68.py\", line 14, in test_check\n    check(text_match_two_three)\n  File \"/tmp/tmpsa00iv68.py\", line 9, in check\n    assert candidate('ac') == False\n  File \"/tmp/tmpsa00iv68.py\", line 5, in text_match_two_three\n    return re.search(r\"ab{2,3}\", text) is not None\nNameError: name 're' is not defined\n",
      "exit_code": 1,
      "status": "Exception"
    },
    {
      "program": "def text_match_two_three(text: str) -> bool:\n    \"\"\"\n\tWrite a function that checks whether a string contains the 'a' character followed by two or three 'b' characters.\n\t\"\"\"\n    return re.search(r'ab{2,3}', text) is not None\n\n\ndef check(candidate):\n    assert candidate('ac') == False\n    assert candidate('dc') == False\n    assert candidate('abbbba') == True\n\ndef test_check():\n    check(text_match_two_three)\n\ntest_check()\n",
      "timestamp": 1665517473,
      "stdout": "",
      "stderr": "Traceback (most recent call last):\n  File \"/tmp/tmpsldtmyrx.py\", line 16, in <module>\n    test_check()\n  File \"/tmp/tmpsldtmyrx.py\", line 14, in test_check\n    check(text_match_two_three)\n  File \"/tmp/tmpsldtmyrx.py\", line 9, in check\n    assert candidate('ac') == False\n  File \"/tmp/tmpsldtmyrx.py\", line 5, in text_match_two_three\n    return re.search(r'ab{2,3}', text) is not None\nNameError: name 're' is not defined\n",
      "exit_code": 1,
      "status": "Exception"
    },
    {
      "program": "def text_match_two_three(text: str) -> bool:\n    \"\"\"\n\tWrite a function that checks whether a string contains the 'a' character followed by two or three 'b' characters.\n\t\"\"\"\n    return bool(re.search(r'ab{2,3}', text))\n\n\ndef check(candidate):\n    assert candidate('ac') == False\n    assert candidate('dc') == False\n    assert candidate('abbbba') == True\n\ndef test_check():\n    check(text_match_two_three)\n\ntest_check()\n",
      "timestamp": 1665517473,
      "stdout": "",
      "stderr": "Traceback (most recent call last):\n  File \"/tmp/tmpavhin4zy.py\", line 16, in <module>\n    test_check()\n  File \"/tmp/tmpavhin4zy.py\", line 14, in test_check\n    check(text_match_two_three)\n  File \"/tmp/tmpavhin4zy.py\", line 9, in check\n    assert candidate('ac') == False\n  File \"/tmp/tmpavhin4zy.py\", line 5, in text_match_two_three\n    return bool(re.search(r'ab{2,3}', text))\nNameError: name 're' is not defined\n",
      "exit_code": 1,
      "status": "Exception"
    },
    {
      "program": "def text_match_two_three(text: str) -> bool:\n    \"\"\"\n\tWrite a function that checks whether a string contains the 'a' character followed by two or three 'b' characters.\n\t\"\"\"\n    return re.search(r\"ab{2,3}\", text) is not None\n\n\ndef check(candidate):\n    assert candidate('ac') == False\n    assert candidate('dc') == False\n    assert candidate('abbbba') == True\n\ndef test_check():\n    check(text_match_two_three)\n\ntest_check()\n",
      "timestamp": 1665517473,
      "stdout": "",
      "stderr": "Traceback (most recent call last):\n  File \"/tmp/tmpsa00iv68.py\", line 16, in <module>\n    test_check()\n  File \"/tmp/tmpsa00iv68.py\", line 14, in test_check\n    check(text_match_two_three)\n  File \"/tmp/tmpsa00iv68.py\", line 9, in check\n    assert candidate('ac') == False\n  File \"/tmp/tmpsa00iv68.py\", line 5, in text_match_two_three\n    return re.search(r\"ab{2,3}\", text) is not None\nNameError: name 're' is not defined\n",
      "exit_code": 1,
      "status": "Exception"
    },
    {
      "program": "def text_match_two_three(text: str) -> bool:\n    \"\"\"\n\tWrite a function that checks whether a string contains the 'a' character followed by two or three 'b' characters.\n\t\"\"\"\n    return re.search(r\"ab{2,3}\", text) is not None\n\n\ndef check(candidate):\n    assert candidate('ac') == False\n    assert candidate('dc') == False\n    assert candidate('abbbba') == True\n\ndef test_check():\n    check(text_match_two_three)\n\ntest_check()\n",
      "timestamp": 1665517473,
      "stdout": "",
      "stderr": "Traceback (most recent call last):\n  File \"/tmp/tmpsa00iv68.py\", line 16, in <module>\n    test_check()\n  File \"/tmp/tmpsa00iv68.py\", line 14, in test_check\n    check(text_match_two_three)\n  File \"/tmp/tmpsa00iv68.py\", line 9, in check\n    assert candidate('ac') == False\n  File \"/tmp/tmpsa00iv68.py\", line 5, in text_match_two_three\n    return re.search(r\"ab{2,3}\", text) is not None\nNameError: name 're' is not defined\n",
      "exit_code": 1,
      "status": "Exception"
    },
    {
      "program": "def text_match_two_three(text: str) -> bool:\n    \"\"\"\n\tWrite a function that checks whether a string contains the 'a' character followed by two or three 'b' characters.\n\t\"\"\"\n    return re.search(r'ab{2,3}', text) is not None\n\n\ndef check(candidate):\n    assert candidate('ac') == False\n    assert candidate('dc') == False\n    assert candidate('abbbba') == True\n\ndef test_check():\n    check(text_match_two_three)\n\ntest_check()\n",
      "timestamp": 1665517473,
      "stdout": "",
      "stderr": "Traceback (most recent call last):\n  File \"/tmp/tmpsldtmyrx.py\", line 16, in <module>\n    test_check()\n  File \"/tmp/tmpsldtmyrx.py\", line 14, in test_check\n    check(text_match_two_three)\n  File \"/tmp/tmpsldtmyrx.py\", line 9, in check\n    assert candidate('ac') == False\n  File \"/tmp/tmpsldtmyrx.py\", line 5, in text_match_two_three\n    return re.search(r'ab{2,3}', text) is not None\nNameError: name 're' is not defined\n",
      "exit_code": 1,
      "status": "Exception"
    },
    {
      "program": "def text_match_two_three(text: str) -> bool:\n    \"\"\"\n\tWrite a function that checks whether a string contains the 'a' character followed by two or three 'b' characters.\n\t\"\"\"\n    return re.search(r\"ab{2,3}\", text)\n\n\ndef check(candidate):\n    assert candidate('ac') == False\n    assert candidate('dc') == False\n    assert candidate('abbbba') == True\n\ndef test_check():\n    check(text_match_two_three)\n\ntest_check()\n",
      "timestamp": 1665517473,
      "stdout": "",
      "stderr": "Traceback (most recent call last):\n  File \"/tmp/tmplykalfjs.py\", line 16, in <module>\n    test_check()\n  File \"/tmp/tmplykalfjs.py\", line 14, in test_check\n    check(text_match_two_three)\n  File \"/tmp/tmplykalfjs.py\", line 9, in check\n    assert candidate('ac') == False\n  File \"/tmp/tmplykalfjs.py\", line 5, in text_match_two_three\n    return re.search(r\"ab{2,3}\", text)\nNameError: name 're' is not defined\n",
      "exit_code": 1,
      "status": "Exception"
    },
    {
      "program": "def text_match_two_three(text: str) -> bool:\n    \"\"\"\n\tWrite a function that checks whether a string contains the 'a' character followed by two or three 'b' characters.\n\t\"\"\"\n    return re.search(r\"ab{2,3}\", text) is not None\n\n\ndef check(candidate):\n    assert candidate('ac') == False\n    assert candidate('dc') == False\n    assert candidate('abbbba') == True\n\ndef test_check():\n    check(text_match_two_three)\n\ntest_check()\n",
      "timestamp": 1665517473,
      "stdout": "",
      "stderr": "Traceback (most recent call last):\n  File \"/tmp/tmpsa00iv68.py\", line 16, in <module>\n    test_check()\n  File \"/tmp/tmpsa00iv68.py\", line 14, in test_check\n    check(text_match_two_three)\n  File \"/tmp/tmpsa00iv68.py\", line 9, in check\n    assert candidate('ac') == False\n  File \"/tmp/tmpsa00iv68.py\", line 5, in text_match_two_three\n    return re.search(r\"ab{2,3}\", text) is not None\nNameError: name 're' is not defined\n",
      "exit_code": 1,
      "status": "Exception"
    },
    {
      "program": "def text_match_two_three(text: str) -> bool:\n    \"\"\"\n\tWrite a function that checks whether a string contains the 'a' character followed by two or three 'b' characters.\n\t\"\"\"\n    return re.search(r\"ab{2,3}\", text)\n\n\ndef check(candidate):\n    assert candidate('ac') == False\n    assert candidate('dc') == False\n    assert candidate('abbbba') == True\n\ndef test_check():\n    check(text_match_two_three)\n\ntest_check()\n",
      "timestamp": 1665517473,
      "stdout": "",
      "stderr": "Traceback (most recent call last):\n  File \"/tmp/tmplykalfjs.py\", line 16, in <module>\n    test_check()\n  File \"/tmp/tmplykalfjs.py\", line 14, in test_check\n    check(text_match_two_three)\n  File \"/tmp/tmplykalfjs.py\", line 9, in check\n    assert candidate('ac') == False\n  File \"/tmp/tmplykalfjs.py\", line 5, in text_match_two_three\n    return re.search(r\"ab{2,3}\", text)\nNameError: name 're' is not defined\n",
      "exit_code": 1,
      "status": "Exception"
    },
    {
      "program": "def text_match_two_three(text: str) -> bool:\n    \"\"\"\n\tWrite a function that checks whether a string contains the 'a' character followed by two or three 'b' characters.\n\t\"\"\"\n    return re.search(r\"ab{2,3}\", text) is not None\n\n\ndef check(candidate):\n    assert candidate('ac') == False\n    assert candidate('dc') == False\n    assert candidate('abbbba') == True\n\ndef test_check():\n    check(text_match_two_three)\n\ntest_check()\n",
      "timestamp": 1665517473,
      "stdout": "",
      "stderr": "Traceback (most recent call last):\n  File \"/tmp/tmpsa00iv68.py\", line 16, in <module>\n    test_check()\n  File \"/tmp/tmpsa00iv68.py\", line 14, in test_check\n    check(text_match_two_three)\n  File \"/tmp/tmpsa00iv68.py\", line 9, in check\n    assert candidate('ac') == False\n  File \"/tmp/tmpsa00iv68.py\", line 5, in text_match_two_three\n    return re.search(r\"ab{2,3}\", text) is not None\nNameError: name 're' is not defined\n",
      "exit_code": 1,
      "status": "Exception"
    },
    {
      "program": "def text_match_two_three(text: str) -> bool:\n    \"\"\"\n\tWrite a function that checks whether a string contains the 'a' character followed by two or three 'b' characters.\n\t\"\"\"\n    return re.search(r\"ab{2,3}\", text) is not None\n\n\ndef check(candidate):\n    assert candidate('ac') == False\n    assert candidate('dc') == False\n    assert candidate('abbbba') == True\n\ndef test_check():\n    check(text_match_two_three)\n\ntest_check()\n",
      "timestamp": 1665517473,
      "stdout": "",
      "stderr": "Traceback (most recent call last):\n  File \"/tmp/tmpsa00iv68.py\", line 16, in <module>\n    test_check()\n  File \"/tmp/tmpsa00iv68.py\", line 14, in test_check\n    check(text_match_two_three)\n  File \"/tmp/tmpsa00iv68.py\", line 9, in check\n    assert candidate('ac') == False\n  File \"/tmp/tmpsa00iv68.py\", line 5, in text_match_two_three\n    return re.search(r\"ab{2,3}\", text) is not None\nNameError: name 're' is not defined\n",
      "exit_code": 1,
      "status": "Exception"
    },
    {
      "program": "def text_match_two_three(text: str) -> bool:\n    \"\"\"\n\tWrite a function that checks whether a string contains the 'a' character followed by two or three 'b' characters.\n\t\"\"\"\n    return re.search(r\"ab{2,3}\", text)\n\n\ndef check(candidate):\n    assert candidate('ac') == False\n    assert candidate('dc') == False\n    assert candidate('abbbba') == True\n\ndef test_check():\n    check(text_match_two_three)\n\ntest_check()\n",
      "timestamp": 1665517473,
      "stdout": "",
      "stderr": "Traceback (most recent call last):\n  File \"/tmp/tmplykalfjs.py\", line 16, in <module>\n    test_check()\n  File \"/tmp/tmplykalfjs.py\", line 14, in test_check\n    check(text_match_two_three)\n  File \"/tmp/tmplykalfjs.py\", line 9, in check\n    assert candidate('ac') == False\n  File \"/tmp/tmplykalfjs.py\", line 5, in text_match_two_three\n    return re.search(r\"ab{2,3}\", text)\nNameError: name 're' is not defined\n",
      "exit_code": 1,
      "status": "Exception"
    },
    {
      "program": "def text_match_two_three(text: str) -> bool:\n    \"\"\"\n\tWrite a function that checks whether a string contains the 'a' character followed by two or three 'b' characters.\n\t\"\"\"\n    return re.search(r\"ab{2,3}\", text) is not None\n\n\ndef check(candidate):\n    assert candidate('ac') == False\n    assert candidate('dc') == False\n    assert candidate('abbbba') == True\n\ndef test_check():\n    check(text_match_two_three)\n\ntest_check()\n",
      "timestamp": 1665517473,
      "stdout": "",
      "stderr": "Traceback (most recent call last):\n  File \"/tmp/tmpsa00iv68.py\", line 16, in <module>\n    test_check()\n  File \"/tmp/tmpsa00iv68.py\", line 14, in test_check\n    check(text_match_two_three)\n  File \"/tmp/tmpsa00iv68.py\", line 9, in check\n    assert candidate('ac') == False\n  File \"/tmp/tmpsa00iv68.py\", line 5, in text_match_two_three\n    return re.search(r\"ab{2,3}\", text) is not None\nNameError: name 're' is not defined\n",
      "exit_code": 1,
      "status": "Exception"
    },
    {
      "program": "def text_match_two_three(text: str) -> bool:\n    \"\"\"\n\tWrite a function that checks whether a string contains the 'a' character followed by two or three 'b' characters.\n\t\"\"\"\n    return re.search(r\"ab{2,3}\", text) is not None\n\n\ndef check(candidate):\n    assert candidate('ac') == False\n    assert candidate('dc') == False\n    assert candidate('abbbba') == True\n\ndef test_check():\n    check(text_match_two_three)\n\ntest_check()\n",
      "timestamp": 1665517473,
      "stdout": "",
      "stderr": "Traceback (most recent call last):\n  File \"/tmp/tmpsa00iv68.py\", line 16, in <module>\n    test_check()\n  File \"/tmp/tmpsa00iv68.py\", line 14, in test_check\n    check(text_match_two_three)\n  File \"/tmp/tmpsa00iv68.py\", line 9, in check\n    assert candidate('ac') == False\n  File \"/tmp/tmpsa00iv68.py\", line 5, in text_match_two_three\n    return re.search(r\"ab{2,3}\", text) is not None\nNameError: name 're' is not defined\n",
      "exit_code": 1,
      "status": "Exception"
    },
    {
      "program": "def text_match_two_three(text: str) -> bool:\n    \"\"\"\n\tWrite a function that checks whether a string contains the 'a' character followed by two or three 'b' characters.\n\t\"\"\"\n    return re.search(r\"ab{2,3}\", text) is not None\n\n\ndef check(candidate):\n    assert candidate('ac') == False\n    assert candidate('dc') == False\n    assert candidate('abbbba') == True\n\ndef test_check():\n    check(text_match_two_three)\n\ntest_check()\n",
      "timestamp": 1665517473,
      "stdout": "",
      "stderr": "Traceback (most recent call last):\n  File \"/tmp/tmpsa00iv68.py\", line 16, in <module>\n    test_check()\n  File \"/tmp/tmpsa00iv68.py\", line 14, in test_check\n    check(text_match_two_three)\n  File \"/tmp/tmpsa00iv68.py\", line 9, in check\n    assert candidate('ac') == False\n  File \"/tmp/tmpsa00iv68.py\", line 5, in text_match_two_three\n    return re.search(r\"ab{2,3}\", text) is not None\nNameError: name 're' is not defined\n",
      "exit_code": 1,
      "status": "Exception"
    },
    {
      "program": "def text_match_two_three(text: str) -> bool:\n    \"\"\"\n\tWrite a function that checks whether a string contains the 'a' character followed by two or three 'b' characters.\n\t\"\"\"\n    return re.search(r\"ab{2,3}\", text) is not None\n\n\ndef check(candidate):\n    assert candidate('ac') == False\n    assert candidate('dc') == False\n    assert candidate('abbbba') == True\n\ndef test_check():\n    check(text_match_two_three)\n\ntest_check()\n",
      "timestamp": 1665517473,
      "stdout": "",
      "stderr": "Traceback (most recent call last):\n  File \"/tmp/tmpsa00iv68.py\", line 16, in <module>\n    test_check()\n  File \"/tmp/tmpsa00iv68.py\", line 14, in test_check\n    check(text_match_two_three)\n  File \"/tmp/tmpsa00iv68.py\", line 9, in check\n    assert candidate('ac') == False\n  File \"/tmp/tmpsa00iv68.py\", line 5, in text_match_two_three\n    return re.search(r\"ab{2,3}\", text) is not None\nNameError: name 're' is not defined\n",
      "exit_code": 1,
      "status": "Exception"
    },
    {
      "program": "def text_match_two_three(text: str) -> bool:\n    \"\"\"\n\tWrite a function that checks whether a string contains the 'a' character followed by two or three 'b' characters.\n\t\"\"\"\n    return re.search(r\"ab{2,3}\", text)\n\n\ndef check(candidate):\n    assert candidate('ac') == False\n    assert candidate('dc') == False\n    assert candidate('abbbba') == True\n\ndef test_check():\n    check(text_match_two_three)\n\ntest_check()\n",
      "timestamp": 1665517473,
      "stdout": "",
      "stderr": "Traceback (most recent call last):\n  File \"/tmp/tmplykalfjs.py\", line 16, in <module>\n    test_check()\n  File \"/tmp/tmplykalfjs.py\", line 14, in test_check\n    check(text_match_two_three)\n  File \"/tmp/tmplykalfjs.py\", line 9, in check\n    assert candidate('ac') == False\n  File \"/tmp/tmplykalfjs.py\", line 5, in text_match_two_three\n    return re.search(r\"ab{2,3}\", text)\nNameError: name 're' is not defined\n",
      "exit_code": 1,
      "status": "Exception"
    },
    {
      "program": "def text_match_two_three(text: str) -> bool:\n    \"\"\"\n\tWrite a function that checks whether a string contains the 'a' character followed by two or three 'b' characters.\n\t\"\"\"\n    return re.search(r'ab{2,3}', text) is not None\n\n\ndef check(candidate):\n    assert candidate('ac') == False\n    assert candidate('dc') == False\n    assert candidate('abbbba') == True\n\ndef test_check():\n    check(text_match_two_three)\n\ntest_check()\n",
      "timestamp": 1665517473,
      "stdout": "",
      "stderr": "Traceback (most recent call last):\n  File \"/tmp/tmpsldtmyrx.py\", line 16, in <module>\n    test_check()\n  File \"/tmp/tmpsldtmyrx.py\", line 14, in test_check\n    check(text_match_two_three)\n  File \"/tmp/tmpsldtmyrx.py\", line 9, in check\n    assert candidate('ac') == False\n  File \"/tmp/tmpsldtmyrx.py\", line 5, in text_match_two_three\n    return re.search(r'ab{2,3}', text) is not None\nNameError: name 're' is not defined\n",
      "exit_code": 1,
      "status": "Exception"
    },
    {
      "program": "def text_match_two_three(text: str) -> bool:\n    \"\"\"\n\tWrite a function that checks whether a string contains the 'a' character followed by two or three 'b' characters.\n\t\"\"\"\n    return re.search(r'ab{2,3}', text) is not None\n\n\ndef check(candidate):\n    assert candidate('ac') == False\n    assert candidate('dc') == False\n    assert candidate('abbbba') == True\n\ndef test_check():\n    check(text_match_two_three)\n\ntest_check()\n",
      "timestamp": 1665517473,
      "stdout": "",
      "stderr": "Traceback (most recent call last):\n  File \"/tmp/tmpsldtmyrx.py\", line 16, in <module>\n    test_check()\n  File \"/tmp/tmpsldtmyrx.py\", line 14, in test_check\n    check(text_match_two_three)\n  File \"/tmp/tmpsldtmyrx.py\", line 9, in check\n    assert candidate('ac') == False\n  File \"/tmp/tmpsldtmyrx.py\", line 5, in text_match_two_three\n    return re.search(r'ab{2,3}', text) is not None\nNameError: name 're' is not defined\n",
      "exit_code": 1,
      "status": "Exception"
    },
    {
      "program": "def text_match_two_three(text: str) -> bool:\n    \"\"\"\n\tWrite a function that checks whether a string contains the 'a' character followed by two or three 'b' characters.\n\t\"\"\"\n    return re.search(r\"ab{2,3}\", text)\n\n\ndef check(candidate):\n    assert candidate('ac') == False\n    assert candidate('dc') == False\n    assert candidate('abbbba') == True\n\ndef test_check():\n    check(text_match_two_three)\n\ntest_check()\n",
      "timestamp": 1665517473,
      "stdout": "",
      "stderr": "Traceback (most recent call last):\n  File \"/tmp/tmplykalfjs.py\", line 16, in <module>\n    test_check()\n  File \"/tmp/tmplykalfjs.py\", line 14, in test_check\n    check(text_match_two_three)\n  File \"/tmp/tmplykalfjs.py\", line 9, in check\n    assert candidate('ac') == False\n  File \"/tmp/tmplykalfjs.py\", line 5, in text_match_two_three\n    return re.search(r\"ab{2,3}\", text)\nNameError: name 're' is not defined\n",
      "exit_code": 1,
      "status": "Exception"
    },
    {
      "program": "def text_match_two_three(text: str) -> bool:\n    \"\"\"\n\tWrite a function that checks whether a string contains the 'a' character followed by two or three 'b' characters.\n\t\"\"\"\n    return re.search(r'ab{2,3}', text) is not None\n\n\ndef check(candidate):\n    assert candidate('ac') == False\n    assert candidate('dc') == False\n    assert candidate('abbbba') == True\n\ndef test_check():\n    check(text_match_two_three)\n\ntest_check()\n",
      "timestamp": 1665517473,
      "stdout": "",
      "stderr": "Traceback (most recent call last):\n  File \"/tmp/tmpsldtmyrx.py\", line 16, in <module>\n    test_check()\n  File \"/tmp/tmpsldtmyrx.py\", line 14, in test_check\n    check(text_match_two_three)\n  File \"/tmp/tmpsldtmyrx.py\", line 9, in check\n    assert candidate('ac') == False\n  File \"/tmp/tmpsldtmyrx.py\", line 5, in text_match_two_three\n    return re.search(r'ab{2,3}', text) is not None\nNameError: name 're' is not defined\n",
      "exit_code": 1,
      "status": "Exception"
    },
    {
      "program": "def text_match_two_three(text: str) -> bool:\n    \"\"\"\n\tWrite a function that checks whether a string contains the 'a' character followed by two or three 'b' characters.\n\t\"\"\"\n    return re.search(r\"ab{2,3}\", text) is not None\n\n\ndef check(candidate):\n    assert candidate('ac') == False\n    assert candidate('dc') == False\n    assert candidate('abbbba') == True\n\ndef test_check():\n    check(text_match_two_three)\n\ntest_check()\n",
      "timestamp": 1665517473,
      "stdout": "",
      "stderr": "Traceback (most recent call last):\n  File \"/tmp/tmpsa00iv68.py\", line 16, in <module>\n    test_check()\n  File \"/tmp/tmpsa00iv68.py\", line 14, in test_check\n    check(text_match_two_three)\n  File \"/tmp/tmpsa00iv68.py\", line 9, in check\n    assert candidate('ac') == False\n  File \"/tmp/tmpsa00iv68.py\", line 5, in text_match_two_three\n    return re.search(r\"ab{2,3}\", text) is not None\nNameError: name 're' is not defined\n",
      "exit_code": 1,
      "status": "Exception"
    },
    {
      "program": "def text_match_two_three(text: str) -> bool:\n    \"\"\"\n\tWrite a function that checks whether a string contains the 'a' character followed by two or three 'b' characters.\n\t\"\"\"\n    return re.search(r\"ab{2,3}\", text) is not None\n\n\ndef check(candidate):\n    assert candidate('ac') == False\n    assert candidate('dc') == False\n    assert candidate('abbbba') == True\n\ndef test_check():\n    check(text_match_two_three)\n\ntest_check()\n",
      "timestamp": 1665517473,
      "stdout": "",
      "stderr": "Traceback (most recent call last):\n  File \"/tmp/tmpsa00iv68.py\", line 16, in <module>\n    test_check()\n  File \"/tmp/tmpsa00iv68.py\", line 14, in test_check\n    check(text_match_two_three)\n  File \"/tmp/tmpsa00iv68.py\", line 9, in check\n    assert candidate('ac') == False\n  File \"/tmp/tmpsa00iv68.py\", line 5, in text_match_two_three\n    return re.search(r\"ab{2,3}\", text) is not None\nNameError: name 're' is not defined\n",
      "exit_code": 1,
      "status": "Exception"
    },
    {
      "program": "def text_match_two_three(text: str) -> bool:\n    \"\"\"\n\tWrite a function that checks whether a string contains the 'a' character followed by two or three 'b' characters.\n\t\"\"\"\n    return re.search(r\"ab{2,3}\", text) is not None\n\n\ndef check(candidate):\n    assert candidate('ac') == False\n    assert candidate('dc') == False\n    assert candidate('abbbba') == True\n\ndef test_check():\n    check(text_match_two_three)\n\ntest_check()\n",
      "timestamp": 1665517473,
      "stdout": "",
      "stderr": "Traceback (most recent call last):\n  File \"/tmp/tmpsa00iv68.py\", line 16, in <module>\n    test_check()\n  File \"/tmp/tmpsa00iv68.py\", line 14, in test_check\n    check(text_match_two_three)\n  File \"/tmp/tmpsa00iv68.py\", line 9, in check\n    assert candidate('ac') == False\n  File \"/tmp/tmpsa00iv68.py\", line 5, in text_match_two_three\n    return re.search(r\"ab{2,3}\", text) is not None\nNameError: name 're' is not defined\n",
      "exit_code": 1,
      "status": "Exception"
    },
    {
      "program": "def text_match_two_three(text: str) -> bool:\n    \"\"\"\n\tWrite a function that checks whether a string contains the 'a' character followed by two or three 'b' characters.\n\t\"\"\"\n    return re.search(r\"ab{2,3}\", text) is not None\n\n\ndef check(candidate):\n    assert candidate('ac') == False\n    assert candidate('dc') == False\n    assert candidate('abbbba') == True\n\ndef test_check():\n    check(text_match_two_three)\n\ntest_check()\n",
      "timestamp": 1665517473,
      "stdout": "",
      "stderr": "Traceback (most recent call last):\n  File \"/tmp/tmpsa00iv68.py\", line 16, in <module>\n    test_check()\n  File \"/tmp/tmpsa00iv68.py\", line 14, in test_check\n    check(text_match_two_three)\n  File \"/tmp/tmpsa00iv68.py\", line 9, in check\n    assert candidate('ac') == False\n  File \"/tmp/tmpsa00iv68.py\", line 5, in text_match_two_three\n    return re.search(r\"ab{2,3}\", text) is not None\nNameError: name 're' is not defined\n",
      "exit_code": 1,
      "status": "Exception"
    },
    {
      "program": "def text_match_two_three(text: str) -> bool:\n    \"\"\"\n\tWrite a function that checks whether a string contains the 'a' character followed by two or three 'b' characters.\n\t\"\"\"\n    return re.search(r\"ab{2,3}\", text) is not None\n\n\ndef check(candidate):\n    assert candidate('ac') == False\n    assert candidate('dc') == False\n    assert candidate('abbbba') == True\n\ndef test_check():\n    check(text_match_two_three)\n\ntest_check()\n",
      "timestamp": 1665517473,
      "stdout": "",
      "stderr": "Traceback (most recent call last):\n  File \"/tmp/tmpsa00iv68.py\", line 16, in <module>\n    test_check()\n  File \"/tmp/tmpsa00iv68.py\", line 14, in test_check\n    check(text_match_two_three)\n  File \"/tmp/tmpsa00iv68.py\", line 9, in check\n    assert candidate('ac') == False\n  File \"/tmp/tmpsa00iv68.py\", line 5, in text_match_two_three\n    return re.search(r\"ab{2,3}\", text) is not None\nNameError: name 're' is not defined\n",
      "exit_code": 1,
      "status": "Exception"
    },
    {
      "program": "def text_match_two_three(text: str) -> bool:\n    \"\"\"\n\tWrite a function that checks whether a string contains the 'a' character followed by two or three 'b' characters.\n\t\"\"\"\n    return re.search(r\"ab{2,3}\", text) is not None\n\n\ndef check(candidate):\n    assert candidate('ac') == False\n    assert candidate('dc') == False\n    assert candidate('abbbba') == True\n\ndef test_check():\n    check(text_match_two_three)\n\ntest_check()\n",
      "timestamp": 1665517473,
      "stdout": "",
      "stderr": "Traceback (most recent call last):\n  File \"/tmp/tmpsa00iv68.py\", line 16, in <module>\n    test_check()\n  File \"/tmp/tmpsa00iv68.py\", line 14, in test_check\n    check(text_match_two_three)\n  File \"/tmp/tmpsa00iv68.py\", line 9, in check\n    assert candidate('ac') == False\n  File \"/tmp/tmpsa00iv68.py\", line 5, in text_match_two_three\n    return re.search(r\"ab{2,3}\", text) is not None\nNameError: name 're' is not defined\n",
      "exit_code": 1,
      "status": "Exception"
    },
    {
      "program": "def text_match_two_three(text: str) -> bool:\n    \"\"\"\n\tWrite a function that checks whether a string contains the 'a' character followed by two or three 'b' characters.\n\t\"\"\"\n    return bool(re.search(r'ab{2,3}', text))\n\n\ndef check(candidate):\n    assert candidate('ac') == False\n    assert candidate('dc') == False\n    assert candidate('abbbba') == True\n\ndef test_check():\n    check(text_match_two_three)\n\ntest_check()\n",
      "timestamp": 1665517473,
      "stdout": "",
      "stderr": "Traceback (most recent call last):\n  File \"/tmp/tmpavhin4zy.py\", line 16, in <module>\n    test_check()\n  File \"/tmp/tmpavhin4zy.py\", line 14, in test_check\n    check(text_match_two_three)\n  File \"/tmp/tmpavhin4zy.py\", line 9, in check\n    assert candidate('ac') == False\n  File \"/tmp/tmpavhin4zy.py\", line 5, in text_match_two_three\n    return bool(re.search(r'ab{2,3}', text))\nNameError: name 're' is not defined\n",
      "exit_code": 1,
      "status": "Exception"
    },
    {
      "program": "def text_match_two_three(text: str) -> bool:\n    \"\"\"\n\tWrite a function that checks whether a string contains the 'a' character followed by two or three 'b' characters.\n\t\"\"\"\n    return re.search(r\"ab{2,3}\", text)\n\n\ndef check(candidate):\n    assert candidate('ac') == False\n    assert candidate('dc') == False\n    assert candidate('abbbba') == True\n\ndef test_check():\n    check(text_match_two_three)\n\ntest_check()\n",
      "timestamp": 1665517473,
      "stdout": "",
      "stderr": "Traceback (most recent call last):\n  File \"/tmp/tmplykalfjs.py\", line 16, in <module>\n    test_check()\n  File \"/tmp/tmplykalfjs.py\", line 14, in test_check\n    check(text_match_two_three)\n  File \"/tmp/tmplykalfjs.py\", line 9, in check\n    assert candidate('ac') == False\n  File \"/tmp/tmplykalfjs.py\", line 5, in text_match_two_three\n    return re.search(r\"ab{2,3}\", text)\nNameError: name 're' is not defined\n",
      "exit_code": 1,
      "status": "Exception"
    },
    {
      "program": "def text_match_two_three(text: str) -> bool:\n    \"\"\"\n\tWrite a function that checks whether a string contains the 'a' character followed by two or three 'b' characters.\n\t\"\"\"\n    return re.search(r\"ab{2,3}\", text) is not None\n\n\ndef check(candidate):\n    assert candidate('ac') == False\n    assert candidate('dc') == False\n    assert candidate('abbbba') == True\n\ndef test_check():\n    check(text_match_two_three)\n\ntest_check()\n",
      "timestamp": 1665517473,
      "stdout": "",
      "stderr": "Traceback (most recent call last):\n  File \"/tmp/tmpsa00iv68.py\", line 16, in <module>\n    test_check()\n  File \"/tmp/tmpsa00iv68.py\", line 14, in test_check\n    check(text_match_two_three)\n  File \"/tmp/tmpsa00iv68.py\", line 9, in check\n    assert candidate('ac') == False\n  File \"/tmp/tmpsa00iv68.py\", line 5, in text_match_two_three\n    return re.search(r\"ab{2,3}\", text) is not None\nNameError: name 're' is not defined\n",
      "exit_code": 1,
      "status": "Exception"
    },
    {
      "program": "def text_match_two_three(text: str) -> bool:\n    \"\"\"\n\tWrite a function that checks whether a string contains the 'a' character followed by two or three 'b' characters.\n\t\"\"\"\n    return bool(re.search(r'ab{2,3}', text))\n\n\ndef check(candidate):\n    assert candidate('ac') == False\n    assert candidate('dc') == False\n    assert candidate('abbbba') == True\n\ndef test_check():\n    check(text_match_two_three)\n\ntest_check()\n",
      "timestamp": 1665517473,
      "stdout": "",
      "stderr": "Traceback (most recent call last):\n  File \"/tmp/tmpavhin4zy.py\", line 16, in <module>\n    test_check()\n  File \"/tmp/tmpavhin4zy.py\", line 14, in test_check\n    check(text_match_two_three)\n  File \"/tmp/tmpavhin4zy.py\", line 9, in check\n    assert candidate('ac') == False\n  File \"/tmp/tmpavhin4zy.py\", line 5, in text_match_two_three\n    return bool(re.search(r'ab{2,3}', text))\nNameError: name 're' is not defined\n",
      "exit_code": 1,
      "status": "Exception"
    },
    {
      "program": "def text_match_two_three(text: str) -> bool:\n    \"\"\"\n\tWrite a function that checks whether a string contains the 'a' character followed by two or three 'b' characters.\n\t\"\"\"\n    return re.search(r\"ab{2,3}\", text) is not None\n\n\ndef check(candidate):\n    assert candidate('ac') == False\n    assert candidate('dc') == False\n    assert candidate('abbbba') == True\n\ndef test_check():\n    check(text_match_two_three)\n\ntest_check()\n",
      "timestamp": 1665517473,
      "stdout": "",
      "stderr": "Traceback (most recent call last):\n  File \"/tmp/tmpsa00iv68.py\", line 16, in <module>\n    test_check()\n  File \"/tmp/tmpsa00iv68.py\", line 14, in test_check\n    check(text_match_two_three)\n  File \"/tmp/tmpsa00iv68.py\", line 9, in check\n    assert candidate('ac') == False\n  File \"/tmp/tmpsa00iv68.py\", line 5, in text_match_two_three\n    return re.search(r\"ab{2,3}\", text) is not None\nNameError: name 're' is not defined\n",
      "exit_code": 1,
      "status": "Exception"
    },
    {
      "program": "def text_match_two_three(text: str) -> bool:\n    \"\"\"\n\tWrite a function that checks whether a string contains the 'a' character followed by two or three 'b' characters.\n\t\"\"\"\n    return re.search(r\"ab{2,3}\", text) is not None\n\n\ndef check(candidate):\n    assert candidate('ac') == False\n    assert candidate('dc') == False\n    assert candidate('abbbba') == True\n\ndef test_check():\n    check(text_match_two_three)\n\ntest_check()\n",
      "timestamp": 1665517473,
      "stdout": "",
      "stderr": "Traceback (most recent call last):\n  File \"/tmp/tmpsa00iv68.py\", line 16, in <module>\n    test_check()\n  File \"/tmp/tmpsa00iv68.py\", line 14, in test_check\n    check(text_match_two_three)\n  File \"/tmp/tmpsa00iv68.py\", line 9, in check\n    assert candidate('ac') == False\n  File \"/tmp/tmpsa00iv68.py\", line 5, in text_match_two_three\n    return re.search(r\"ab{2,3}\", text) is not None\nNameError: name 're' is not defined\n",
      "exit_code": 1,
      "status": "Exception"
    },
    {
      "program": "def text_match_two_three(text: str) -> bool:\n    \"\"\"\n\tWrite a function that checks whether a string contains the 'a' character followed by two or three 'b' characters.\n\t\"\"\"\n    return re.search(r\"ab{2,3}\", text) is not None\n\n\ndef check(candidate):\n    assert candidate('ac') == False\n    assert candidate('dc') == False\n    assert candidate('abbbba') == True\n\ndef test_check():\n    check(text_match_two_three)\n\ntest_check()\n",
      "timestamp": 1665517473,
      "stdout": "",
      "stderr": "Traceback (most recent call last):\n  File \"/tmp/tmpsa00iv68.py\", line 16, in <module>\n    test_check()\n  File \"/tmp/tmpsa00iv68.py\", line 14, in test_check\n    check(text_match_two_three)\n  File \"/tmp/tmpsa00iv68.py\", line 9, in check\n    assert candidate('ac') == False\n  File \"/tmp/tmpsa00iv68.py\", line 5, in text_match_two_three\n    return re.search(r\"ab{2,3}\", text) is not None\nNameError: name 're' is not defined\n",
      "exit_code": 1,
      "status": "Exception"
    },
    {
      "program": "def text_match_two_three(text: str) -> bool:\n    \"\"\"\n\tWrite a function that checks whether a string contains the 'a' character followed by two or three 'b' characters.\n\t\"\"\"\n    return re.search(r'ab{2,3}', text) is not None\n\n\ndef check(candidate):\n    assert candidate('ac') == False\n    assert candidate('dc') == False\n    assert candidate('abbbba') == True\n\ndef test_check():\n    check(text_match_two_three)\n\ntest_check()\n",
      "timestamp": 1665517473,
      "stdout": "",
      "stderr": "Traceback (most recent call last):\n  File \"/tmp/tmpsldtmyrx.py\", line 16, in <module>\n    test_check()\n  File \"/tmp/tmpsldtmyrx.py\", line 14, in test_check\n    check(text_match_two_three)\n  File \"/tmp/tmpsldtmyrx.py\", line 9, in check\n    assert candidate('ac') == False\n  File \"/tmp/tmpsldtmyrx.py\", line 5, in text_match_two_three\n    return re.search(r'ab{2,3}', text) is not None\nNameError: name 're' is not defined\n",
      "exit_code": 1,
      "status": "Exception"
    },
    {
      "program": "def text_match_two_three(text: str) -> bool:\n    \"\"\"\n\tWrite a function that checks whether a string contains the 'a' character followed by two or three 'b' characters.\n\t\"\"\"\n    return re.search(r\"ab{2,3}\", text) is not None\n\n\ndef check(candidate):\n    assert candidate('ac') == False\n    assert candidate('dc') == False\n    assert candidate('abbbba') == True\n\ndef test_check():\n    check(text_match_two_three)\n\ntest_check()\n",
      "timestamp": 1665517473,
      "stdout": "",
      "stderr": "Traceback (most recent call last):\n  File \"/tmp/tmpsa00iv68.py\", line 16, in <module>\n    test_check()\n  File \"/tmp/tmpsa00iv68.py\", line 14, in test_check\n    check(text_match_two_three)\n  File \"/tmp/tmpsa00iv68.py\", line 9, in check\n    assert candidate('ac') == False\n  File \"/tmp/tmpsa00iv68.py\", line 5, in text_match_two_three\n    return re.search(r\"ab{2,3}\", text) is not None\nNameError: name 're' is not defined\n",
      "exit_code": 1,
      "status": "Exception"
    },
    {
      "program": "def text_match_two_three(text: str) -> bool:\n    \"\"\"\n\tWrite a function that checks whether a string contains the 'a' character followed by two or three 'b' characters.\n\t\"\"\"\n    return re.search(r\"ab{2,3}\", text) is not None\n\n\ndef check(candidate):\n    assert candidate('ac') == False\n    assert candidate('dc') == False\n    assert candidate('abbbba') == True\n\ndef test_check():\n    check(text_match_two_three)\n\ntest_check()\n",
      "timestamp": 1665517473,
      "stdout": "",
      "stderr": "Traceback (most recent call last):\n  File \"/tmp/tmpsa00iv68.py\", line 16, in <module>\n    test_check()\n  File \"/tmp/tmpsa00iv68.py\", line 14, in test_check\n    check(text_match_two_three)\n  File \"/tmp/tmpsa00iv68.py\", line 9, in check\n    assert candidate('ac') == False\n  File \"/tmp/tmpsa00iv68.py\", line 5, in text_match_two_three\n    return re.search(r\"ab{2,3}\", text) is not None\nNameError: name 're' is not defined\n",
      "exit_code": 1,
      "status": "Exception"
    },
    {
      "program": "def text_match_two_three(text: str) -> bool:\n    \"\"\"\n\tWrite a function that checks whether a string contains the 'a' character followed by two or three 'b' characters.\n\t\"\"\"\n    return re.search(r\"ab{2,3}\", text)\n\n\ndef check(candidate):\n    assert candidate('ac') == False\n    assert candidate('dc') == False\n    assert candidate('abbbba') == True\n\ndef test_check():\n    check(text_match_two_three)\n\ntest_check()\n",
      "timestamp": 1665517473,
      "stdout": "",
      "stderr": "Traceback (most recent call last):\n  File \"/tmp/tmplykalfjs.py\", line 16, in <module>\n    test_check()\n  File \"/tmp/tmplykalfjs.py\", line 14, in test_check\n    check(text_match_two_three)\n  File \"/tmp/tmplykalfjs.py\", line 9, in check\n    assert candidate('ac') == False\n  File \"/tmp/tmplykalfjs.py\", line 5, in text_match_two_three\n    return re.search(r\"ab{2,3}\", text)\nNameError: name 're' is not defined\n",
      "exit_code": 1,
      "status": "Exception"
    },
    {
      "program": "def text_match_two_three(text: str) -> bool:\n    \"\"\"\n\tWrite a function that checks whether a string contains the 'a' character followed by two or three 'b' characters.\n\t\"\"\"\n    return re.search(r\"ab{2,3}\", text) is not None\n\n\ndef check(candidate):\n    assert candidate('ac') == False\n    assert candidate('dc') == False\n    assert candidate('abbbba') == True\n\ndef test_check():\n    check(text_match_two_three)\n\ntest_check()\n",
      "timestamp": 1665517473,
      "stdout": "",
      "stderr": "Traceback (most recent call last):\n  File \"/tmp/tmpsa00iv68.py\", line 16, in <module>\n    test_check()\n  File \"/tmp/tmpsa00iv68.py\", line 14, in test_check\n    check(text_match_two_three)\n  File \"/tmp/tmpsa00iv68.py\", line 9, in check\n    assert candidate('ac') == False\n  File \"/tmp/tmpsa00iv68.py\", line 5, in text_match_two_three\n    return re.search(r\"ab{2,3}\", text) is not None\nNameError: name 're' is not defined\n",
      "exit_code": 1,
      "status": "Exception"
    },
    {
      "program": "def text_match_two_three(text: str) -> bool:\n    \"\"\"\n\tWrite a function that checks whether a string contains the 'a' character followed by two or three 'b' characters.\n\t\"\"\"\n    return bool(re.search(r'ab{2,3}', text))\n\n\ndef check(candidate):\n    assert candidate('ac') == False\n    assert candidate('dc') == False\n    assert candidate('abbbba') == True\n\ndef test_check():\n    check(text_match_two_three)\n\ntest_check()\n",
      "timestamp": 1665517473,
      "stdout": "",
      "stderr": "Traceback (most recent call last):\n  File \"/tmp/tmpavhin4zy.py\", line 16, in <module>\n    test_check()\n  File \"/tmp/tmpavhin4zy.py\", line 14, in test_check\n    check(text_match_two_three)\n  File \"/tmp/tmpavhin4zy.py\", line 9, in check\n    assert candidate('ac') == False\n  File \"/tmp/tmpavhin4zy.py\", line 5, in text_match_two_three\n    return bool(re.search(r'ab{2,3}', text))\nNameError: name 're' is not defined\n",
      "exit_code": 1,
      "status": "Exception"
    },
    {
      "program": "def text_match_two_three(text: str) -> bool:\n    \"\"\"\n\tWrite a function that checks whether a string contains the 'a' character followed by two or three 'b' characters.\n\t\"\"\"\n    return re.search(r\"ab{2,3}\", text) is not None\n\n\ndef check(candidate):\n    assert candidate('ac') == False\n    assert candidate('dc') == False\n    assert candidate('abbbba') == True\n\ndef test_check():\n    check(text_match_two_three)\n\ntest_check()\n",
      "timestamp": 1665517473,
      "stdout": "",
      "stderr": "Traceback (most recent call last):\n  File \"/tmp/tmpsa00iv68.py\", line 16, in <module>\n    test_check()\n  File \"/tmp/tmpsa00iv68.py\", line 14, in test_check\n    check(text_match_two_three)\n  File \"/tmp/tmpsa00iv68.py\", line 9, in check\n    assert candidate('ac') == False\n  File \"/tmp/tmpsa00iv68.py\", line 5, in text_match_two_three\n    return re.search(r\"ab{2,3}\", text) is not None\nNameError: name 're' is not defined\n",
      "exit_code": 1,
      "status": "Exception"
    },
    {
      "program": "def text_match_two_three(text: str) -> bool:\n    \"\"\"\n\tWrite a function that checks whether a string contains the 'a' character followed by two or three 'b' characters.\n\t\"\"\"\n    return re.search(r\"ab{2,3}\", text) is not None\n\n\ndef check(candidate):\n    assert candidate('ac') == False\n    assert candidate('dc') == False\n    assert candidate('abbbba') == True\n\ndef test_check():\n    check(text_match_two_three)\n\ntest_check()\n",
      "timestamp": 1665517473,
      "stdout": "",
      "stderr": "Traceback (most recent call last):\n  File \"/tmp/tmpsa00iv68.py\", line 16, in <module>\n    test_check()\n  File \"/tmp/tmpsa00iv68.py\", line 14, in test_check\n    check(text_match_two_three)\n  File \"/tmp/tmpsa00iv68.py\", line 9, in check\n    assert candidate('ac') == False\n  File \"/tmp/tmpsa00iv68.py\", line 5, in text_match_two_three\n    return re.search(r\"ab{2,3}\", text) is not None\nNameError: name 're' is not defined\n",
      "exit_code": 1,
      "status": "Exception"
    },
    {
      "program": "def text_match_two_three(text: str) -> bool:\n    \"\"\"\n\tWrite a function that checks whether a string contains the 'a' character followed by two or three 'b' characters.\n\t\"\"\"\n    return re.search(r\"ab{2,3}\", text) is not None\n\n\ndef check(candidate):\n    assert candidate('ac') == False\n    assert candidate('dc') == False\n    assert candidate('abbbba') == True\n\ndef test_check():\n    check(text_match_two_three)\n\ntest_check()\n",
      "timestamp": 1665517473,
      "stdout": "",
      "stderr": "Traceback (most recent call last):\n  File \"/tmp/tmpsa00iv68.py\", line 16, in <module>\n    test_check()\n  File \"/tmp/tmpsa00iv68.py\", line 14, in test_check\n    check(text_match_two_three)\n  File \"/tmp/tmpsa00iv68.py\", line 9, in check\n    assert candidate('ac') == False\n  File \"/tmp/tmpsa00iv68.py\", line 5, in text_match_two_three\n    return re.search(r\"ab{2,3}\", text) is not None\nNameError: name 're' is not defined\n",
      "exit_code": 1,
      "status": "Exception"
    },
    {
      "program": "def text_match_two_three(text: str) -> bool:\n    \"\"\"\n\tWrite a function that checks whether a string contains the 'a' character followed by two or three 'b' characters.\n\t\"\"\"\n    return re.search(r\"ab{2,3}\", text) is not None\n\n\ndef check(candidate):\n    assert candidate('ac') == False\n    assert candidate('dc') == False\n    assert candidate('abbbba') == True\n\ndef test_check():\n    check(text_match_two_three)\n\ntest_check()\n",
      "timestamp": 1665517473,
      "stdout": "",
      "stderr": "Traceback (most recent call last):\n  File \"/tmp/tmpsa00iv68.py\", line 16, in <module>\n    test_check()\n  File \"/tmp/tmpsa00iv68.py\", line 14, in test_check\n    check(text_match_two_three)\n  File \"/tmp/tmpsa00iv68.py\", line 9, in check\n    assert candidate('ac') == False\n  File \"/tmp/tmpsa00iv68.py\", line 5, in text_match_two_three\n    return re.search(r\"ab{2,3}\", text) is not None\nNameError: name 're' is not defined\n",
      "exit_code": 1,
      "status": "Exception"
    },
    {
      "program": "def text_match_two_three(text: str) -> bool:\n    \"\"\"\n\tWrite a function that checks whether a string contains the 'a' character followed by two or three 'b' characters.\n\t\"\"\"\n    return re.search(r\"ab{2,3}\", text) is not None\n\n\ndef check(candidate):\n    assert candidate('ac') == False\n    assert candidate('dc') == False\n    assert candidate('abbbba') == True\n\ndef test_check():\n    check(text_match_two_three)\n\ntest_check()\n",
      "timestamp": 1665517473,
      "stdout": "",
      "stderr": "Traceback (most recent call last):\n  File \"/tmp/tmpsa00iv68.py\", line 16, in <module>\n    test_check()\n  File \"/tmp/tmpsa00iv68.py\", line 14, in test_check\n    check(text_match_two_three)\n  File \"/tmp/tmpsa00iv68.py\", line 9, in check\n    assert candidate('ac') == False\n  File \"/tmp/tmpsa00iv68.py\", line 5, in text_match_two_three\n    return re.search(r\"ab{2,3}\", text) is not None\nNameError: name 're' is not defined\n",
      "exit_code": 1,
      "status": "Exception"
    },
    {
      "program": "def text_match_two_three(text: str) -> bool:\n    \"\"\"\n\tWrite a function that checks whether a string contains the 'a' character followed by two or three 'b' characters.\n\t\"\"\"\n    return re.search(r\"ab{2,3}\", text) is not None\n\n\ndef check(candidate):\n    assert candidate('ac') == False\n    assert candidate('dc') == False\n    assert candidate('abbbba') == True\n\ndef test_check():\n    check(text_match_two_three)\n\ntest_check()\n",
      "timestamp": 1665517473,
      "stdout": "",
      "stderr": "Traceback (most recent call last):\n  File \"/tmp/tmpsa00iv68.py\", line 16, in <module>\n    test_check()\n  File \"/tmp/tmpsa00iv68.py\", line 14, in test_check\n    check(text_match_two_three)\n  File \"/tmp/tmpsa00iv68.py\", line 9, in check\n    assert candidate('ac') == False\n  File \"/tmp/tmpsa00iv68.py\", line 5, in text_match_two_three\n    return re.search(r\"ab{2,3}\", text) is not None\nNameError: name 're' is not defined\n",
      "exit_code": 1,
      "status": "Exception"
    },
    {
      "program": "def text_match_two_three(text: str) -> bool:\n    \"\"\"\n\tWrite a function that checks whether a string contains the 'a' character followed by two or three 'b' characters.\n\t\"\"\"\n    if re.search(r\"ab{2,3}\", text):\n        return True\n    return False\n\n\ndef check(candidate):\n    assert candidate('ac') == False\n    assert candidate('dc') == False\n    assert candidate('abbbba') == True\n\ndef test_check():\n    check(text_match_two_three)\n\ntest_check()\n",
      "timestamp": 1666123452,
      "stdout": "",
      "stderr": "Traceback (most recent call last):\n  File \"/tmp/tmpy_xfzea7.py\", line 18, in <module>\n    test_check()\n  File \"/tmp/tmpy_xfzea7.py\", line 16, in test_check\n    check(text_match_two_three)\n  File \"/tmp/tmpy_xfzea7.py\", line 11, in check\n    assert candidate('ac') == False\n  File \"/tmp/tmpy_xfzea7.py\", line 5, in text_match_two_three\n    if re.search(r\"ab{2,3}\", text):\nNameError: name 're' is not defined\n",
      "exit_code": 1,
      "status": "Exception"
    },
    {
      "program": "def text_match_two_three(text: str) -> bool:\n    \"\"\"\n\tWrite a function that checks whether a string contains the 'a' character followed by two or three 'b' characters.\n\t\"\"\"\n    return re.search(r'ab{2,3}', text) is not None\n\n\ndef check(candidate):\n    assert candidate('ac') == False\n    assert candidate('dc') == False\n    assert candidate('abbbba') == True\n\ndef test_check():\n    check(text_match_two_three)\n\ntest_check()\n",
      "timestamp": 1665517473,
      "stdout": "",
      "stderr": "Traceback (most recent call last):\n  File \"/tmp/tmpsldtmyrx.py\", line 16, in <module>\n    test_check()\n  File \"/tmp/tmpsldtmyrx.py\", line 14, in test_check\n    check(text_match_two_three)\n  File \"/tmp/tmpsldtmyrx.py\", line 9, in check\n    assert candidate('ac') == False\n  File \"/tmp/tmpsldtmyrx.py\", line 5, in text_match_two_three\n    return re.search(r'ab{2,3}', text) is not None\nNameError: name 're' is not defined\n",
      "exit_code": 1,
      "status": "Exception"
    },
    {
      "program": "def text_match_two_three(text: str) -> bool:\n    \"\"\"\n\tWrite a function that checks whether a string contains the 'a' character followed by two or three 'b' characters.\n\t\"\"\"\n    return re.search(r\"ab{2,3}\", text) is not None\n\n\ndef check(candidate):\n    assert candidate('ac') == False\n    assert candidate('dc') == False\n    assert candidate('abbbba') == True\n\ndef test_check():\n    check(text_match_two_three)\n\ntest_check()\n",
      "timestamp": 1665517473,
      "stdout": "",
      "stderr": "Traceback (most recent call last):\n  File \"/tmp/tmpsa00iv68.py\", line 16, in <module>\n    test_check()\n  File \"/tmp/tmpsa00iv68.py\", line 14, in test_check\n    check(text_match_two_three)\n  File \"/tmp/tmpsa00iv68.py\", line 9, in check\n    assert candidate('ac') == False\n  File \"/tmp/tmpsa00iv68.py\", line 5, in text_match_two_three\n    return re.search(r\"ab{2,3}\", text) is not None\nNameError: name 're' is not defined\n",
      "exit_code": 1,
      "status": "Exception"
    },
    {
      "program": "def text_match_two_three(text: str) -> bool:\n    \"\"\"\n\tWrite a function that checks whether a string contains the 'a' character followed by two or three 'b' characters.\n\t\"\"\"\n    return re.search(r'ab{2,3}', text)\n\n\ndef check(candidate):\n    assert candidate('ac') == False\n    assert candidate('dc') == False\n    assert candidate('abbbba') == True\n\ndef test_check():\n    check(text_match_two_three)\n\ntest_check()\n",
      "timestamp": 1665517473,
      "stdout": "",
      "stderr": "Traceback (most recent call last):\n  File \"/tmp/tmp68wx_klq.py\", line 16, in <module>\n    test_check()\n  File \"/tmp/tmp68wx_klq.py\", line 14, in test_check\n    check(text_match_two_three)\n  File \"/tmp/tmp68wx_klq.py\", line 9, in check\n    assert candidate('ac') == False\n  File \"/tmp/tmp68wx_klq.py\", line 5, in text_match_two_three\n    return re.search(r'ab{2,3}', text)\nNameError: name 're' is not defined\n",
      "exit_code": 1,
      "status": "Exception"
    }
  ]
}