{
  "name": "mbpp_405_check_tuplex",
  "language": "py",
  "prompt": "from typing import Tuple, Union, Any\n\ndef check_tuplex(tuplex: Tuple[Union[str, int]], tuple1: Any) -> bool:\n    \"\"\"\n\tWrite a function to check whether an element exists within a tuple.\n\t\"\"\"\n",
  "doctests": "keep",
  "original": "/home/arjun/repos/MultiPL-E/datasets/../datasets/mbpp-typed/mbpp_405_check_tuplex.py",
  "prompt_terminology": "verbatim",
  "tests": "def check(candidate):\n    assert candidate(('w', 3, 'r', 'e', 's', 'o', 'u', 'r', 'c', 'e'), 'r') == True\n    assert candidate(('w', 3, 'r', 'e', 's', 'o', 'u', 'r', 'c', 'e'), '5') == False\n    assert candidate(('w', 3, 'r', 'e', 's', 'o', 'u', 'r', 'c', 'e'), 3) == True\n\ndef test_check():\n    check(check_tuplex)\n\ntest_check()\n",
  "stop_tokens": [
    "\ndef",
    "\n#",
    "\nif",
    "\nclass"
  ],
  "results": [
    {
      "program": "from typing import Tuple, Union, Any\n\ndef check_tuplex(tuplex: Tuple[Union[str, int]], tuple1: Any) -> bool:\n    \"\"\"\n\tWrite a function to check whether an element exists within a tuple.\n\t\"\"\"\n    return tuplex == tuple1\n\ndef check(candidate):\n    assert candidate(('w', 3, 'r', 'e', 's', 'o', 'u', 'r', 'c', 'e'), 'r') == True\n    assert candidate(('w', 3, 'r', 'e', 's', 'o', 'u', 'r', 'c', 'e'), '5') == False\n    assert candidate(('w', 3, 'r', 'e', 's', 'o', 'u', 'r', 'c', 'e'), 3) == True\n\ndef test_check():\n    check(check_tuplex)\n\ntest_check()\n",
      "timestamp": 1665510247,
      "stdout": "",
      "stderr": "Traceback (most recent call last):\n  File \"/tmp/tmpxyi7dn_5.py\", line 17, in <module>\n    test_check()\n  File \"/tmp/tmpxyi7dn_5.py\", line 15, in test_check\n    check(check_tuplex)\n  File \"/tmp/tmpxyi7dn_5.py\", line 10, in check\n    assert candidate(('w', 3, 'r', 'e', 's', 'o', 'u', 'r', 'c', 'e'), 'r') == True\nAssertionError\n",
      "exit_code": 1,
      "status": "Exception"
    },
    {
      "program": "from typing import Tuple, Union, Any\n\ndef check_tuplex(tuplex: Tuple[Union[str, int]], tuple1: Any) -> bool:\n    \"\"\"\n\tWrite a function to check whether an element exists within a tuple.\n\t\"\"\"\n    return tuplex == tuple1\n\nprint(check_tuplex(('a', 1, 2), ('a', 1, 2)))\nprint(check_tuplex(('a', 1, 2), ('a', 1, 3)))\ndef check(candidate):\n    assert candidate(('w', 3, 'r', 'e', 's', 'o', 'u', 'r', 'c', 'e'), 'r') == True\n    assert candidate(('w', 3, 'r', 'e', 's', 'o', 'u', 'r', 'c', 'e'), '5') == False\n    assert candidate(('w', 3, 'r', 'e', 's', 'o', 'u', 'r', 'c', 'e'), 3) == True\n\ndef test_check():\n    check(check_tuplex)\n\ntest_check()\n",
      "timestamp": 1665510247,
      "stdout": "True\nFalse\n",
      "stderr": "Traceback (most recent call last):\n  File \"/tmp/tmp10dly8qs.py\", line 19, in <module>\n    test_check()\n  File \"/tmp/tmp10dly8qs.py\", line 17, in test_check\n    check(check_tuplex)\n  File \"/tmp/tmp10dly8qs.py\", line 12, in check\n    assert candidate(('w', 3, 'r', 'e', 's', 'o', 'u', 'r', 'c', 'e'), 'r') == True\nAssertionError\n",
      "exit_code": 1,
      "status": "Exception"
    },
    {
      "program": "from typing import Tuple, Union, Any\n\ndef check_tuplex(tuplex: Tuple[Union[str, int]], tuple1: Any) -> bool:\n    \"\"\"\n\tWrite a function to check whether an element exists within a tuple.\n\t\"\"\"\n    return tuplex == tuple1\n\nprint(check_tuplex(('a', 'b', 'c'), ('a', 'b', 'c')))\nprint(check_tuplex(('a', 'b', 'c'), ('a', 'b', 'd')))\nprint(check_tuplex(('a', 'b', 'c'), ('a', 'b')))\nprint(check_tuplex(('a', 'b', 'c'), ('a', 'b', 'c', 'd')))\ndef check(candidate):\n    assert candidate(('w', 3, 'r', 'e', 's', 'o', 'u', 'r', 'c', 'e'), 'r') == True\n    assert candidate(('w', 3, 'r', 'e', 's', 'o', 'u', 'r', 'c', 'e'), '5') == False\n    assert candidate(('w', 3, 'r', 'e', 's', 'o', 'u', 'r', 'c', 'e'), 3) == True\n\ndef test_check():\n    check(check_tuplex)\n\ntest_check()\n",
      "timestamp": 1665510247,
      "stdout": "True\nFalse\nFalse\nFalse\n",
      "stderr": "Traceback (most recent call last):\n  File \"/tmp/tmp4yp60zex.py\", line 21, in <module>\n    test_check()\n  File \"/tmp/tmp4yp60zex.py\", line 19, in test_check\n    check(check_tuplex)\n  File \"/tmp/tmp4yp60zex.py\", line 14, in check\n    assert candidate(('w', 3, 'r', 'e', 's', 'o', 'u', 'r', 'c', 'e'), 'r') == True\nAssertionError\n",
      "exit_code": 1,
      "status": "Exception"
    },
    {
      "program": "from typing import Tuple, Union, Any\n\ndef check_tuplex(tuplex: Tuple[Union[str, int]], tuple1: Any) -> bool:\n    \"\"\"\n\tWrite a function to check whether an element exists within a tuple.\n\t\"\"\"\n    return tuplex == tuple1\n\nprint(check_tuplex(('a', 'b', 'c'), ('a', 'b', 'c')))\nprint(check_tuplex(('a', 'b', 'c'), ('a', 'b', 'd')))\nprint(check_tuplex(('a', 'b', 'c'), ('a', 'b')))\nprint(check_tuplex(('a', 'b', 'c'), ('a', 'b', 'c', 'd')))\nprint(check_tuplex(('a', 'b', 'c'), ('d', 'e', 'f')))\ndef check(candidate):\n    assert candidate(('w', 3, 'r', 'e', 's', 'o', 'u', 'r', 'c', 'e'), 'r') == True\n    assert candidate(('w', 3, 'r', 'e', 's', 'o', 'u', 'r', 'c', 'e'), '5') == False\n    assert candidate(('w', 3, 'r', 'e', 's', 'o', 'u', 'r', 'c', 'e'), 3) == True\n\ndef test_check():\n    check(check_tuplex)\n\ntest_check()\n",
      "timestamp": 1665510247,
      "stdout": "True\nFalse\nFalse\nFalse\nFalse\n",
      "stderr": "Traceback (most recent call last):\n  File \"/tmp/tmpvrq_uvx2.py\", line 22, in <module>\n    test_check()\n  File \"/tmp/tmpvrq_uvx2.py\", line 20, in test_check\n    check(check_tuplex)\n  File \"/tmp/tmpvrq_uvx2.py\", line 15, in check\n    assert candidate(('w', 3, 'r', 'e', 's', 'o', 'u', 'r', 'c', 'e'), 'r') == True\nAssertionError\n",
      "exit_code": 1,
      "status": "Exception"
    },
    {
      "program": "from typing import Tuple, Union, Any\n\ndef check_tuplex(tuplex: Tuple[Union[str, int]], tuple1: Any) -> bool:\n    \"\"\"\n\tWrite a function to check whether an element exists within a tuple.\n\t\"\"\"\n    return tuple1 in tuplex\n\nprint(check_tuplex((\"a\", \"b\", \"c\", \"d\", \"e\"), \"a\"))\nprint(check_tuplex((\"a\", \"b\", \"c\", \"d\", \"e\"), \"f\"))\ndef check(candidate):\n    assert candidate(('w', 3, 'r', 'e', 's', 'o', 'u', 'r', 'c', 'e'), 'r') == True\n    assert candidate(('w', 3, 'r', 'e', 's', 'o', 'u', 'r', 'c', 'e'), '5') == False\n    assert candidate(('w', 3, 'r', 'e', 's', 'o', 'u', 'r', 'c', 'e'), 3) == True\n\ndef test_check():\n    check(check_tuplex)\n\ntest_check()\n",
      "timestamp": 1665510247,
      "stdout": "True\nFalse\n",
      "stderr": "",
      "exit_code": 0,
      "status": "OK"
    },
    {
      "program": "from typing import Tuple, Union, Any\n\ndef check_tuplex(tuplex: Tuple[Union[str, int]], tuple1: Any) -> bool:\n    \"\"\"\n\tWrite a function to check whether an element exists within a tuple.\n\t\"\"\"\n    return tuplex == tuple1\ndef check(candidate):\n    assert candidate(('w', 3, 'r', 'e', 's', 'o', 'u', 'r', 'c', 'e'), 'r') == True\n    assert candidate(('w', 3, 'r', 'e', 's', 'o', 'u', 'r', 'c', 'e'), '5') == False\n    assert candidate(('w', 3, 'r', 'e', 's', 'o', 'u', 'r', 'c', 'e'), 3) == True\n\ndef test_check():\n    check(check_tuplex)\n\ntest_check()\n",
      "timestamp": 1665510247,
      "stdout": "",
      "stderr": "Traceback (most recent call last):\n  File \"/tmp/tmpnstmlqiy.py\", line 16, in <module>\n    test_check()\n  File \"/tmp/tmpnstmlqiy.py\", line 14, in test_check\n    check(check_tuplex)\n  File \"/tmp/tmpnstmlqiy.py\", line 9, in check\n    assert candidate(('w', 3, 'r', 'e', 's', 'o', 'u', 'r', 'c', 'e'), 'r') == True\nAssertionError\n",
      "exit_code": 1,
      "status": "Exception"
    },
    {
      "program": "from typing import Tuple, Union, Any\n\ndef check_tuplex(tuplex: Tuple[Union[str, int]], tuple1: Any) -> bool:\n    \"\"\"\n\tWrite a function to check whether an element exists within a tuple.\n\t\"\"\"\n    return tuplex == tuple1\ndef check(candidate):\n    assert candidate(('w', 3, 'r', 'e', 's', 'o', 'u', 'r', 'c', 'e'), 'r') == True\n    assert candidate(('w', 3, 'r', 'e', 's', 'o', 'u', 'r', 'c', 'e'), '5') == False\n    assert candidate(('w', 3, 'r', 'e', 's', 'o', 'u', 'r', 'c', 'e'), 3) == True\n\ndef test_check():\n    check(check_tuplex)\n\ntest_check()\n",
      "timestamp": 1665510247,
      "stdout": "",
      "stderr": "Traceback (most recent call last):\n  File \"/tmp/tmpnstmlqiy.py\", line 16, in <module>\n    test_check()\n  File \"/tmp/tmpnstmlqiy.py\", line 14, in test_check\n    check(check_tuplex)\n  File \"/tmp/tmpnstmlqiy.py\", line 9, in check\n    assert candidate(('w', 3, 'r', 'e', 's', 'o', 'u', 'r', 'c', 'e'), 'r') == True\nAssertionError\n",
      "exit_code": 1,
      "status": "Exception"
    },
    {
      "program": "from typing import Tuple, Union, Any\n\ndef check_tuplex(tuplex: Tuple[Union[str, int]], tuple1: Any) -> bool:\n    \"\"\"\n\tWrite a function to check whether an element exists within a tuple.\n\t\"\"\"\n    return tuplex == tuple1\n\nprint(check_tuplex((\"a\", 1, 2, 3), (\"a\", 1, 2, 3)))\nprint(check_tuplex((\"a\", 1, 2, 3), (\"a\", 1, 2, 3, 4)))\nprint(check_tuplex((\"a\", 1, 2, 3), (\"a\", 1, 2, 3, \"b\")))\nprint(check_tuplex((\"a\", 1, 2, 3), (\"a\", 1, 2, 3, \"b\", 5)))\nprint(check_tuplex((\"a\", 1, 2, 3), (\"a\", 1, 2, 3, \"b\", 5, \"c\")))\nprint(check_tuplex((\"a\", 1, 2, 3), (\"a\", 1, 2, 3, \"b\", 5, \"c\", \"d\")))\nprint(check_tuplex((\"a\", 1, 2, 3), (\"a\", 1, 2, 3, \"b\", 5, \"c\", \"d\", \"e\")))\nprint(check_tuplex((\"a\", 1, 2, 3), (\"a\", 1, 2, 3, \"b\", 5, \"c\", \"d\", \"e\", \"f\")))\nprint(check_tuplex((\"a\", 1, 2, 3), (\"a\", 1, 2, 3, \"b\", 5, \"c\", \"d\", \"e\", \"f\", \"g\")))\nprint(check_tuplex((\"a\", 1, 2, 3), (\"a\", 1, 2, 3, \"b\", 5, \"c\", \"d\", \"e\", \"f\", \"g\", \"h\")))\nprint(check_tuplex((\"a\", 1, 2, 3), (\"a\", 1, 2, 3, \"b\", 5, \"c\", \"d\", \"e\", \"f\", \"g\", \"h\", \"i\")))\nprint(check_tuplex((\"a\", 1, 2, 3), (\"a\", 1, 2, 3, \"b\", 5, \"c\", \"d\", \"e\", \"f\", \"g\", \"h\", \"i\", \"j\")))\nprint(check_tuplex((\"a\ndef check(candidate):\n    assert candidate(('w', 3, 'r', 'e', 's', 'o', 'u', 'r', 'c', 'e'), 'r') == True\n    assert candidate(('w', 3, 'r', 'e', 's', 'o', 'u', 'r', 'c', 'e'), '5') == False\n    assert candidate(('w', 3, 'r', 'e', 's', 'o', 'u', 'r', 'c', 'e'), 3) == True\n\ndef test_check():\n    check(check_tuplex)\n\ntest_check()\n",
      "timestamp": 1665510247,
      "stdout": "",
      "stderr": "  File \"/tmp/tmp2k44cjmu.py\", line 21\n    print(check_tuplex((\"a\n                        ^\nSyntaxError: unterminated string literal (detected at line 21)\n",
      "exit_code": 1,
      "status": "SyntaxError"
    },
    {
      "program": "from typing import Tuple, Union, Any\n\ndef check_tuplex(tuplex: Tuple[Union[str, int]], tuple1: Any) -> bool:\n    \"\"\"\n\tWrite a function to check whether an element exists within a tuple.\n\t\"\"\"\n    return tuplex == tuple1\ndef check(candidate):\n    assert candidate(('w', 3, 'r', 'e', 's', 'o', 'u', 'r', 'c', 'e'), 'r') == True\n    assert candidate(('w', 3, 'r', 'e', 's', 'o', 'u', 'r', 'c', 'e'), '5') == False\n    assert candidate(('w', 3, 'r', 'e', 's', 'o', 'u', 'r', 'c', 'e'), 3) == True\n\ndef test_check():\n    check(check_tuplex)\n\ntest_check()\n",
      "timestamp": 1665510247,
      "stdout": "",
      "stderr": "Traceback (most recent call last):\n  File \"/tmp/tmpnstmlqiy.py\", line 16, in <module>\n    test_check()\n  File \"/tmp/tmpnstmlqiy.py\", line 14, in test_check\n    check(check_tuplex)\n  File \"/tmp/tmpnstmlqiy.py\", line 9, in check\n    assert candidate(('w', 3, 'r', 'e', 's', 'o', 'u', 'r', 'c', 'e'), 'r') == True\nAssertionError\n",
      "exit_code": 1,
      "status": "Exception"
    },
    {
      "program": "from typing import Tuple, Union, Any\n\ndef check_tuplex(tuplex: Tuple[Union[str, int]], tuple1: Any) -> bool:\n    \"\"\"\n\tWrite a function to check whether an element exists within a tuple.\n\t\"\"\"\n    return tuplex == tuple1\n\nprint(check_tuplex(('a', 'b', 'c'), ('a', 'b', 'c')))\nprint(check_tuplex(('a', 'b', 'c'), ('a', 'b', 'd')))\nprint(check_tuplex(('a', 'b', 'c'), ('a', 'b')))\ndef check(candidate):\n    assert candidate(('w', 3, 'r', 'e', 's', 'o', 'u', 'r', 'c', 'e'), 'r') == True\n    assert candidate(('w', 3, 'r', 'e', 's', 'o', 'u', 'r', 'c', 'e'), '5') == False\n    assert candidate(('w', 3, 'r', 'e', 's', 'o', 'u', 'r', 'c', 'e'), 3) == True\n\ndef test_check():\n    check(check_tuplex)\n\ntest_check()\n",
      "timestamp": 1665510247,
      "stdout": "True\nFalse\nFalse\n",
      "stderr": "Traceback (most recent call last):\n  File \"/tmp/tmpuf3j8sxd.py\", line 20, in <module>\n    test_check()\n  File \"/tmp/tmpuf3j8sxd.py\", line 18, in test_check\n    check(check_tuplex)\n  File \"/tmp/tmpuf3j8sxd.py\", line 13, in check\n    assert candidate(('w', 3, 'r', 'e', 's', 'o', 'u', 'r', 'c', 'e'), 'r') == True\nAssertionError\n",
      "exit_code": 1,
      "status": "Exception"
    },
    {
      "program": "from typing import Tuple, Union, Any\n\ndef check_tuplex(tuplex: Tuple[Union[str, int]], tuple1: Any) -> bool:\n    \"\"\"\n\tWrite a function to check whether an element exists within a tuple.\n\t\"\"\"\n    return tuplex == tuple1\ndef check(candidate):\n    assert candidate(('w', 3, 'r', 'e', 's', 'o', 'u', 'r', 'c', 'e'), 'r') == True\n    assert candidate(('w', 3, 'r', 'e', 's', 'o', 'u', 'r', 'c', 'e'), '5') == False\n    assert candidate(('w', 3, 'r', 'e', 's', 'o', 'u', 'r', 'c', 'e'), 3) == True\n\ndef test_check():\n    check(check_tuplex)\n\ntest_check()\n",
      "timestamp": 1665510247,
      "stdout": "",
      "stderr": "Traceback (most recent call last):\n  File \"/tmp/tmpnstmlqiy.py\", line 16, in <module>\n    test_check()\n  File \"/tmp/tmpnstmlqiy.py\", line 14, in test_check\n    check(check_tuplex)\n  File \"/tmp/tmpnstmlqiy.py\", line 9, in check\n    assert candidate(('w', 3, 'r', 'e', 's', 'o', 'u', 'r', 'c', 'e'), 'r') == True\nAssertionError\n",
      "exit_code": 1,
      "status": "Exception"
    },
    {
      "program": "from typing import Tuple, Union, Any\n\ndef check_tuplex(tuplex: Tuple[Union[str, int]], tuple1: Any) -> bool:\n    \"\"\"\n\tWrite a function to check whether an element exists within a tuple.\n\t\"\"\"\n    return tuplex == tuple1\n\ndef check(candidate):\n    assert candidate(('w', 3, 'r', 'e', 's', 'o', 'u', 'r', 'c', 'e'), 'r') == True\n    assert candidate(('w', 3, 'r', 'e', 's', 'o', 'u', 'r', 'c', 'e'), '5') == False\n    assert candidate(('w', 3, 'r', 'e', 's', 'o', 'u', 'r', 'c', 'e'), 3) == True\n\ndef test_check():\n    check(check_tuplex)\n\ntest_check()\n",
      "timestamp": 1665510247,
      "stdout": "",
      "stderr": "Traceback (most recent call last):\n  File \"/tmp/tmpxyi7dn_5.py\", line 17, in <module>\n    test_check()\n  File \"/tmp/tmpxyi7dn_5.py\", line 15, in test_check\n    check(check_tuplex)\n  File \"/tmp/tmpxyi7dn_5.py\", line 10, in check\n    assert candidate(('w', 3, 'r', 'e', 's', 'o', 'u', 'r', 'c', 'e'), 'r') == True\nAssertionError\n",
      "exit_code": 1,
      "status": "Exception"
    },
    {
      "program": "from typing import Tuple, Union, Any\n\ndef check_tuplex(tuplex: Tuple[Union[str, int]], tuple1: Any) -> bool:\n    \"\"\"\n\tWrite a function to check whether an element exists within a tuple.\n\t\"\"\"\n    return tuplex == tuple1\ndef check(candidate):\n    assert candidate(('w', 3, 'r', 'e', 's', 'o', 'u', 'r', 'c', 'e'), 'r') == True\n    assert candidate(('w', 3, 'r', 'e', 's', 'o', 'u', 'r', 'c', 'e'), '5') == False\n    assert candidate(('w', 3, 'r', 'e', 's', 'o', 'u', 'r', 'c', 'e'), 3) == True\n\ndef test_check():\n    check(check_tuplex)\n\ntest_check()\n",
      "timestamp": 1665510247,
      "stdout": "",
      "stderr": "Traceback (most recent call last):\n  File \"/tmp/tmpnstmlqiy.py\", line 16, in <module>\n    test_check()\n  File \"/tmp/tmpnstmlqiy.py\", line 14, in test_check\n    check(check_tuplex)\n  File \"/tmp/tmpnstmlqiy.py\", line 9, in check\n    assert candidate(('w', 3, 'r', 'e', 's', 'o', 'u', 'r', 'c', 'e'), 'r') == True\nAssertionError\n",
      "exit_code": 1,
      "status": "Exception"
    },
    {
      "program": "from typing import Tuple, Union, Any\n\ndef check_tuplex(tuplex: Tuple[Union[str, int]], tuple1: Any) -> bool:\n    \"\"\"\n\tWrite a function to check whether an element exists within a tuple.\n\t\"\"\"\n    return tuplex == tuple1\ndef check(candidate):\n    assert candidate(('w', 3, 'r', 'e', 's', 'o', 'u', 'r', 'c', 'e'), 'r') == True\n    assert candidate(('w', 3, 'r', 'e', 's', 'o', 'u', 'r', 'c', 'e'), '5') == False\n    assert candidate(('w', 3, 'r', 'e', 's', 'o', 'u', 'r', 'c', 'e'), 3) == True\n\ndef test_check():\n    check(check_tuplex)\n\ntest_check()\n",
      "timestamp": 1665510247,
      "stdout": "",
      "stderr": "Traceback (most recent call last):\n  File \"/tmp/tmpnstmlqiy.py\", line 16, in <module>\n    test_check()\n  File \"/tmp/tmpnstmlqiy.py\", line 14, in test_check\n    check(check_tuplex)\n  File \"/tmp/tmpnstmlqiy.py\", line 9, in check\n    assert candidate(('w', 3, 'r', 'e', 's', 'o', 'u', 'r', 'c', 'e'), 'r') == True\nAssertionError\n",
      "exit_code": 1,
      "status": "Exception"
    },
    {
      "program": "from typing import Tuple, Union, Any\n\ndef check_tuplex(tuplex: Tuple[Union[str, int]], tuple1: Any) -> bool:\n    \"\"\"\n\tWrite a function to check whether an element exists within a tuple.\n\t\"\"\"\n    return tuplex[0] == tuple1 or tuplex[1] == tuple1\n\nprint(check_tuplex((\"a\", 1), \"a\"))\nprint(check_tuplex((\"a\", 1), 1))\nprint(check_tuplex((\"a\", 1), \"b\"))\ndef check(candidate):\n    assert candidate(('w', 3, 'r', 'e', 's', 'o', 'u', 'r', 'c', 'e'), 'r') == True\n    assert candidate(('w', 3, 'r', 'e', 's', 'o', 'u', 'r', 'c', 'e'), '5') == False\n    assert candidate(('w', 3, 'r', 'e', 's', 'o', 'u', 'r', 'c', 'e'), 3) == True\n\ndef test_check():\n    check(check_tuplex)\n\ntest_check()\n",
      "timestamp": 1665510247,
      "stdout": "True\nTrue\nFalse\n",
      "stderr": "Traceback (most recent call last):\n  File \"/tmp/tmp_ohic0b4.py\", line 20, in <module>\n    test_check()\n  File \"/tmp/tmp_ohic0b4.py\", line 18, in test_check\n    check(check_tuplex)\n  File \"/tmp/tmp_ohic0b4.py\", line 13, in check\n    assert candidate(('w', 3, 'r', 'e', 's', 'o', 'u', 'r', 'c', 'e'), 'r') == True\nAssertionError\n",
      "exit_code": 1,
      "status": "Exception"
    },
    {
      "program": "from typing import Tuple, Union, Any\n\ndef check_tuplex(tuplex: Tuple[Union[str, int]], tuple1: Any) -> bool:\n    \"\"\"\n\tWrite a function to check whether an element exists within a tuple.\n\t\"\"\"\n    return tuplex == tuple1\n\nprint(check_tuplex((\"a\", 1), (\"a\", 1)))\nprint(check_tuplex((\"a\", 1), (\"b\", 2)))\nprint(check_tuplex((\"a\", 1), (\"a\", 2)))\ndef check(candidate):\n    assert candidate(('w', 3, 'r', 'e', 's', 'o', 'u', 'r', 'c', 'e'), 'r') == True\n    assert candidate(('w', 3, 'r', 'e', 's', 'o', 'u', 'r', 'c', 'e'), '5') == False\n    assert candidate(('w', 3, 'r', 'e', 's', 'o', 'u', 'r', 'c', 'e'), 3) == True\n\ndef test_check():\n    check(check_tuplex)\n\ntest_check()\n",
      "timestamp": 1665510247,
      "stdout": "True\nFalse\nFalse\n",
      "stderr": "Traceback (most recent call last):\n  File \"/tmp/tmphpu4g9nu.py\", line 20, in <module>\n    test_check()\n  File \"/tmp/tmphpu4g9nu.py\", line 18, in test_check\n    check(check_tuplex)\n  File \"/tmp/tmphpu4g9nu.py\", line 13, in check\n    assert candidate(('w', 3, 'r', 'e', 's', 'o', 'u', 'r', 'c', 'e'), 'r') == True\nAssertionError\n",
      "exit_code": 1,
      "status": "Exception"
    },
    {
      "program": "from typing import Tuple, Union, Any\n\ndef check_tuplex(tuplex: Tuple[Union[str, int]], tuple1: Any) -> bool:\n    \"\"\"\n\tWrite a function to check whether an element exists within a tuple.\n\t\"\"\"\n    return tuplex == tuple1\n\nprint(check_tuplex(('a', 'b', 'c'), ('a', 'b', 'c')))\ndef check(candidate):\n    assert candidate(('w', 3, 'r', 'e', 's', 'o', 'u', 'r', 'c', 'e'), 'r') == True\n    assert candidate(('w', 3, 'r', 'e', 's', 'o', 'u', 'r', 'c', 'e'), '5') == False\n    assert candidate(('w', 3, 'r', 'e', 's', 'o', 'u', 'r', 'c', 'e'), 3) == True\n\ndef test_check():\n    check(check_tuplex)\n\ntest_check()\n",
      "timestamp": 1665510247,
      "stdout": "True\n",
      "stderr": "Traceback (most recent call last):\n  File \"/tmp/tmpq1czwjlg.py\", line 18, in <module>\n    test_check()\n  File \"/tmp/tmpq1czwjlg.py\", line 16, in test_check\n    check(check_tuplex)\n  File \"/tmp/tmpq1czwjlg.py\", line 11, in check\n    assert candidate(('w', 3, 'r', 'e', 's', 'o', 'u', 'r', 'c', 'e'), 'r') == True\nAssertionError\n",
      "exit_code": 1,
      "status": "Exception"
    },
    {
      "program": "from typing import Tuple, Union, Any\n\ndef check_tuplex(tuplex: Tuple[Union[str, int]], tuple1: Any) -> bool:\n    \"\"\"\n\tWrite a function to check whether an element exists within a tuple.\n\t\"\"\"\n    return tuplex == tuple1\n\nprint(check_tuplex((\"a\", \"b\", \"c\"), (\"a\", \"b\", \"c\")))\nprint(check_tuplex((\"a\", \"b\", \"c\"), (\"a\", \"b\", \"d\")))\nprint(check_tuplex((\"a\", \"b\", \"c\"), (\"a\", \"b\")))\nprint(check_tuplex((\"a\", \"b\", \"c\"), (\"a\", \"b\", \"c\", \"d\")))\nprint(check_tuplex((\"a\", \"b\", \"c\"), (\"d\", \"e\", \"f\")))\nprint(check_tuplex((\"a\", \"b\", \"c\"), (1, 2, 3)))\ndef check(candidate):\n    assert candidate(('w', 3, 'r', 'e', 's', 'o', 'u', 'r', 'c', 'e'), 'r') == True\n    assert candidate(('w', 3, 'r', 'e', 's', 'o', 'u', 'r', 'c', 'e'), '5') == False\n    assert candidate(('w', 3, 'r', 'e', 's', 'o', 'u', 'r', 'c', 'e'), 3) == True\n\ndef test_check():\n    check(check_tuplex)\n\ntest_check()\n",
      "timestamp": 1665510247,
      "stdout": "True\nFalse\nFalse\nFalse\nFalse\nFalse\n",
      "stderr": "Traceback (most recent call last):\n  File \"/tmp/tmphlt6qy8a.py\", line 23, in <module>\n    test_check()\n  File \"/tmp/tmphlt6qy8a.py\", line 21, in test_check\n    check(check_tuplex)\n  File \"/tmp/tmphlt6qy8a.py\", line 16, in check\n    assert candidate(('w', 3, 'r', 'e', 's', 'o', 'u', 'r', 'c', 'e'), 'r') == True\nAssertionError\n",
      "exit_code": 1,
      "status": "Exception"
    },
    {
      "program": "from typing import Tuple, Union, Any\n\ndef check_tuplex(tuplex: Tuple[Union[str, int]], tuple1: Any) -> bool:\n    \"\"\"\n\tWrite a function to check whether an element exists within a tuple.\n\t\"\"\"\n    return tuplex == tuple1\ndef check(candidate):\n    assert candidate(('w', 3, 'r', 'e', 's', 'o', 'u', 'r', 'c', 'e'), 'r') == True\n    assert candidate(('w', 3, 'r', 'e', 's', 'o', 'u', 'r', 'c', 'e'), '5') == False\n    assert candidate(('w', 3, 'r', 'e', 's', 'o', 'u', 'r', 'c', 'e'), 3) == True\n\ndef test_check():\n    check(check_tuplex)\n\ntest_check()\n",
      "timestamp": 1665510247,
      "stdout": "",
      "stderr": "Traceback (most recent call last):\n  File \"/tmp/tmpnstmlqiy.py\", line 16, in <module>\n    test_check()\n  File \"/tmp/tmpnstmlqiy.py\", line 14, in test_check\n    check(check_tuplex)\n  File \"/tmp/tmpnstmlqiy.py\", line 9, in check\n    assert candidate(('w', 3, 'r', 'e', 's', 'o', 'u', 'r', 'c', 'e'), 'r') == True\nAssertionError\n",
      "exit_code": 1,
      "status": "Exception"
    },
    {
      "program": "from typing import Tuple, Union, Any\n\ndef check_tuplex(tuplex: Tuple[Union[str, int]], tuple1: Any) -> bool:\n    \"\"\"\n\tWrite a function to check whether an element exists within a tuple.\n\t\"\"\"\n    return tuple1 in tuplex\ndef check(candidate):\n    assert candidate(('w', 3, 'r', 'e', 's', 'o', 'u', 'r', 'c', 'e'), 'r') == True\n    assert candidate(('w', 3, 'r', 'e', 's', 'o', 'u', 'r', 'c', 'e'), '5') == False\n    assert candidate(('w', 3, 'r', 'e', 's', 'o', 'u', 'r', 'c', 'e'), 3) == True\n\ndef test_check():\n    check(check_tuplex)\n\ntest_check()\n",
      "timestamp": 1665510247,
      "stdout": "",
      "stderr": "",
      "exit_code": 0,
      "status": "OK"
    },
    {
      "program": "from typing import Tuple, Union, Any\n\ndef check_tuplex(tuplex: Tuple[Union[str, int]], tuple1: Any) -> bool:\n    \"\"\"\n\tWrite a function to check whether an element exists within a tuple.\n\t\"\"\"\n    return tuplex == tuple1\n\n\ndef check(candidate):\n    assert candidate(('w', 3, 'r', 'e', 's', 'o', 'u', 'r', 'c', 'e'), 'r') == True\n    assert candidate(('w', 3, 'r', 'e', 's', 'o', 'u', 'r', 'c', 'e'), '5') == False\n    assert candidate(('w', 3, 'r', 'e', 's', 'o', 'u', 'r', 'c', 'e'), 3) == True\n\ndef test_check():\n    check(check_tuplex)\n\ntest_check()\n",
      "timestamp": 1666123000,
      "stdout": "",
      "stderr": "Traceback (most recent call last):\n  File \"/tmp/tmphcx6p_sg.py\", line 18, in <module>\n    test_check()\n  File \"/tmp/tmphcx6p_sg.py\", line 16, in test_check\n    check(check_tuplex)\n  File \"/tmp/tmphcx6p_sg.py\", line 11, in check\n    assert candidate(('w', 3, 'r', 'e', 's', 'o', 'u', 'r', 'c', 'e'), 'r') == True\nAssertionError\n",
      "exit_code": 1,
      "status": "Exception"
    },
    {
      "program": "from typing import Tuple, Union, Any\n\ndef check_tuplex(tuplex: Tuple[Union[str, int]], tuple1: Any) -> bool:\n    \"\"\"\n\tWrite a function to check whether an element exists within a tuple.\n\t\"\"\"\n    return tuplex == tuple1\ndef check(candidate):\n    assert candidate(('w', 3, 'r', 'e', 's', 'o', 'u', 'r', 'c', 'e'), 'r') == True\n    assert candidate(('w', 3, 'r', 'e', 's', 'o', 'u', 'r', 'c', 'e'), '5') == False\n    assert candidate(('w', 3, 'r', 'e', 's', 'o', 'u', 'r', 'c', 'e'), 3) == True\n\ndef test_check():\n    check(check_tuplex)\n\ntest_check()\n",
      "timestamp": 1665510247,
      "stdout": "",
      "stderr": "Traceback (most recent call last):\n  File \"/tmp/tmpnstmlqiy.py\", line 16, in <module>\n    test_check()\n  File \"/tmp/tmpnstmlqiy.py\", line 14, in test_check\n    check(check_tuplex)\n  File \"/tmp/tmpnstmlqiy.py\", line 9, in check\n    assert candidate(('w', 3, 'r', 'e', 's', 'o', 'u', 'r', 'c', 'e'), 'r') == True\nAssertionError\n",
      "exit_code": 1,
      "status": "Exception"
    },
    {
      "program": "from typing import Tuple, Union, Any\n\ndef check_tuplex(tuplex: Tuple[Union[str, int]], tuple1: Any) -> bool:\n    \"\"\"\n\tWrite a function to check whether an element exists within a tuple.\n\t\"\"\"\n    return tuplex == tuple1\n\ndef check(candidate):\n    assert candidate(('w', 3, 'r', 'e', 's', 'o', 'u', 'r', 'c', 'e'), 'r') == True\n    assert candidate(('w', 3, 'r', 'e', 's', 'o', 'u', 'r', 'c', 'e'), '5') == False\n    assert candidate(('w', 3, 'r', 'e', 's', 'o', 'u', 'r', 'c', 'e'), 3) == True\n\ndef test_check():\n    check(check_tuplex)\n\ntest_check()\n",
      "timestamp": 1665510247,
      "stdout": "",
      "stderr": "Traceback (most recent call last):\n  File \"/tmp/tmpxyi7dn_5.py\", line 17, in <module>\n    test_check()\n  File \"/tmp/tmpxyi7dn_5.py\", line 15, in test_check\n    check(check_tuplex)\n  File \"/tmp/tmpxyi7dn_5.py\", line 10, in check\n    assert candidate(('w', 3, 'r', 'e', 's', 'o', 'u', 'r', 'c', 'e'), 'r') == True\nAssertionError\n",
      "exit_code": 1,
      "status": "Exception"
    },
    {
      "program": "from typing import Tuple, Union, Any\n\ndef check_tuplex(tuplex: Tuple[Union[str, int]], tuple1: Any) -> bool:\n    \"\"\"\n\tWrite a function to check whether an element exists within a tuple.\n\t\"\"\"\n    return tuplex == tuple1\n\ndef check(candidate):\n    assert candidate(('w', 3, 'r', 'e', 's', 'o', 'u', 'r', 'c', 'e'), 'r') == True\n    assert candidate(('w', 3, 'r', 'e', 's', 'o', 'u', 'r', 'c', 'e'), '5') == False\n    assert candidate(('w', 3, 'r', 'e', 's', 'o', 'u', 'r', 'c', 'e'), 3) == True\n\ndef test_check():\n    check(check_tuplex)\n\ntest_check()\n",
      "timestamp": 1665510247,
      "stdout": "",
      "stderr": "Traceback (most recent call last):\n  File \"/tmp/tmpxyi7dn_5.py\", line 17, in <module>\n    test_check()\n  File \"/tmp/tmpxyi7dn_5.py\", line 15, in test_check\n    check(check_tuplex)\n  File \"/tmp/tmpxyi7dn_5.py\", line 10, in check\n    assert candidate(('w', 3, 'r', 'e', 's', 'o', 'u', 'r', 'c', 'e'), 'r') == True\nAssertionError\n",
      "exit_code": 1,
      "status": "Exception"
    },
    {
      "program": "from typing import Tuple, Union, Any\n\ndef check_tuplex(tuplex: Tuple[Union[str, int]], tuple1: Any) -> bool:\n    \"\"\"\n\tWrite a function to check whether an element exists within a tuple.\n\t\"\"\"\n    return tuplex == tuple1\ndef check(candidate):\n    assert candidate(('w', 3, 'r', 'e', 's', 'o', 'u', 'r', 'c', 'e'), 'r') == True\n    assert candidate(('w', 3, 'r', 'e', 's', 'o', 'u', 'r', 'c', 'e'), '5') == False\n    assert candidate(('w', 3, 'r', 'e', 's', 'o', 'u', 'r', 'c', 'e'), 3) == True\n\ndef test_check():\n    check(check_tuplex)\n\ntest_check()\n",
      "timestamp": 1665510247,
      "stdout": "",
      "stderr": "Traceback (most recent call last):\n  File \"/tmp/tmpnstmlqiy.py\", line 16, in <module>\n    test_check()\n  File \"/tmp/tmpnstmlqiy.py\", line 14, in test_check\n    check(check_tuplex)\n  File \"/tmp/tmpnstmlqiy.py\", line 9, in check\n    assert candidate(('w', 3, 'r', 'e', 's', 'o', 'u', 'r', 'c', 'e'), 'r') == True\nAssertionError\n",
      "exit_code": 1,
      "status": "Exception"
    },
    {
      "program": "from typing import Tuple, Union, Any\n\ndef check_tuplex(tuplex: Tuple[Union[str, int]], tuple1: Any) -> bool:\n    \"\"\"\n\tWrite a function to check whether an element exists within a tuple.\n\t\"\"\"\n    if tuplex == tuple1:\n        return True\n    else:\n        return False\n\nprint(check_tuplex((\"a\", \"b\", \"c\"), (\"a\", \"b\", \"c\")))\nprint(check_tuplex((\"a\", \"b\", \"c\"), (\"a\", \"b\", \"d\")))\nprint(check_tuplex((\"a\", \"b\", \"c\"), (\"a\", \"b\")))\nprint(check_tuplex((\"a\", \"b\", \"c\"), (\"a\", \"b\", \"c\", \"d\")))\ndef check(candidate):\n    assert candidate(('w', 3, 'r', 'e', 's', 'o', 'u', 'r', 'c', 'e'), 'r') == True\n    assert candidate(('w', 3, 'r', 'e', 's', 'o', 'u', 'r', 'c', 'e'), '5') == False\n    assert candidate(('w', 3, 'r', 'e', 's', 'o', 'u', 'r', 'c', 'e'), 3) == True\n\ndef test_check():\n    check(check_tuplex)\n\ntest_check()\n",
      "timestamp": 1666123001,
      "stdout": "True\nFalse\nFalse\nFalse\n",
      "stderr": "Traceback (most recent call last):\n  File \"/tmp/tmpq442x4n3.py\", line 24, in <module>\n    test_check()\n  File \"/tmp/tmpq442x4n3.py\", line 22, in test_check\n    check(check_tuplex)\n  File \"/tmp/tmpq442x4n3.py\", line 17, in check\n    assert candidate(('w', 3, 'r', 'e', 's', 'o', 'u', 'r', 'c', 'e'), 'r') == True\nAssertionError\n",
      "exit_code": 1,
      "status": "Exception"
    },
    {
      "program": "from typing import Tuple, Union, Any\n\ndef check_tuplex(tuplex: Tuple[Union[str, int]], tuple1: Any) -> bool:\n    \"\"\"\n\tWrite a function to check whether an element exists within a tuple.\n\t\"\"\"\n    return tuplex == tuple1\n\ndef check(candidate):\n    assert candidate(('w', 3, 'r', 'e', 's', 'o', 'u', 'r', 'c', 'e'), 'r') == True\n    assert candidate(('w', 3, 'r', 'e', 's', 'o', 'u', 'r', 'c', 'e'), '5') == False\n    assert candidate(('w', 3, 'r', 'e', 's', 'o', 'u', 'r', 'c', 'e'), 3) == True\n\ndef test_check():\n    check(check_tuplex)\n\ntest_check()\n",
      "timestamp": 1665510247,
      "stdout": "",
      "stderr": "Traceback (most recent call last):\n  File \"/tmp/tmpxyi7dn_5.py\", line 17, in <module>\n    test_check()\n  File \"/tmp/tmpxyi7dn_5.py\", line 15, in test_check\n    check(check_tuplex)\n  File \"/tmp/tmpxyi7dn_5.py\", line 10, in check\n    assert candidate(('w', 3, 'r', 'e', 's', 'o', 'u', 'r', 'c', 'e'), 'r') == True\nAssertionError\n",
      "exit_code": 1,
      "status": "Exception"
    },
    {
      "program": "from typing import Tuple, Union, Any\n\ndef check_tuplex(tuplex: Tuple[Union[str, int]], tuple1: Any) -> bool:\n    \"\"\"\n\tWrite a function to check whether an element exists within a tuple.\n\t\"\"\"\n    return tuple1 in tuplex\ndef check(candidate):\n    assert candidate(('w', 3, 'r', 'e', 's', 'o', 'u', 'r', 'c', 'e'), 'r') == True\n    assert candidate(('w', 3, 'r', 'e', 's', 'o', 'u', 'r', 'c', 'e'), '5') == False\n    assert candidate(('w', 3, 'r', 'e', 's', 'o', 'u', 'r', 'c', 'e'), 3) == True\n\ndef test_check():\n    check(check_tuplex)\n\ntest_check()\n",
      "timestamp": 1665510247,
      "stdout": "",
      "stderr": "",
      "exit_code": 0,
      "status": "OK"
    },
    {
      "program": "from typing import Tuple, Union, Any\n\ndef check_tuplex(tuplex: Tuple[Union[str, int]], tuple1: Any) -> bool:\n    \"\"\"\n\tWrite a function to check whether an element exists within a tuple.\n\t\"\"\"\n    return tuplex == tuple1\ndef check(candidate):\n    assert candidate(('w', 3, 'r', 'e', 's', 'o', 'u', 'r', 'c', 'e'), 'r') == True\n    assert candidate(('w', 3, 'r', 'e', 's', 'o', 'u', 'r', 'c', 'e'), '5') == False\n    assert candidate(('w', 3, 'r', 'e', 's', 'o', 'u', 'r', 'c', 'e'), 3) == True\n\ndef test_check():\n    check(check_tuplex)\n\ntest_check()\n",
      "timestamp": 1665510247,
      "stdout": "",
      "stderr": "Traceback (most recent call last):\n  File \"/tmp/tmpnstmlqiy.py\", line 16, in <module>\n    test_check()\n  File \"/tmp/tmpnstmlqiy.py\", line 14, in test_check\n    check(check_tuplex)\n  File \"/tmp/tmpnstmlqiy.py\", line 9, in check\n    assert candidate(('w', 3, 'r', 'e', 's', 'o', 'u', 'r', 'c', 'e'), 'r') == True\nAssertionError\n",
      "exit_code": 1,
      "status": "Exception"
    },
    {
      "program": "from typing import Tuple, Union, Any\n\ndef check_tuplex(tuplex: Tuple[Union[str, int]], tuple1: Any) -> bool:\n    \"\"\"\n\tWrite a function to check whether an element exists within a tuple.\n\t\"\"\"\n    return tuplex == tuple1\ndef check(candidate):\n    assert candidate(('w', 3, 'r', 'e', 's', 'o', 'u', 'r', 'c', 'e'), 'r') == True\n    assert candidate(('w', 3, 'r', 'e', 's', 'o', 'u', 'r', 'c', 'e'), '5') == False\n    assert candidate(('w', 3, 'r', 'e', 's', 'o', 'u', 'r', 'c', 'e'), 3) == True\n\ndef test_check():\n    check(check_tuplex)\n\ntest_check()\n",
      "timestamp": 1665510247,
      "stdout": "",
      "stderr": "Traceback (most recent call last):\n  File \"/tmp/tmpnstmlqiy.py\", line 16, in <module>\n    test_check()\n  File \"/tmp/tmpnstmlqiy.py\", line 14, in test_check\n    check(check_tuplex)\n  File \"/tmp/tmpnstmlqiy.py\", line 9, in check\n    assert candidate(('w', 3, 'r', 'e', 's', 'o', 'u', 'r', 'c', 'e'), 'r') == True\nAssertionError\n",
      "exit_code": 1,
      "status": "Exception"
    },
    {
      "program": "from typing import Tuple, Union, Any\n\ndef check_tuplex(tuplex: Tuple[Union[str, int]], tuple1: Any) -> bool:\n    \"\"\"\n\tWrite a function to check whether an element exists within a tuple.\n\t\"\"\"\n    return tuplex == tuple1\ndef check(candidate):\n    assert candidate(('w', 3, 'r', 'e', 's', 'o', 'u', 'r', 'c', 'e'), 'r') == True\n    assert candidate(('w', 3, 'r', 'e', 's', 'o', 'u', 'r', 'c', 'e'), '5') == False\n    assert candidate(('w', 3, 'r', 'e', 's', 'o', 'u', 'r', 'c', 'e'), 3) == True\n\ndef test_check():\n    check(check_tuplex)\n\ntest_check()\n",
      "timestamp": 1665510247,
      "stdout": "",
      "stderr": "Traceback (most recent call last):\n  File \"/tmp/tmpnstmlqiy.py\", line 16, in <module>\n    test_check()\n  File \"/tmp/tmpnstmlqiy.py\", line 14, in test_check\n    check(check_tuplex)\n  File \"/tmp/tmpnstmlqiy.py\", line 9, in check\n    assert candidate(('w', 3, 'r', 'e', 's', 'o', 'u', 'r', 'c', 'e'), 'r') == True\nAssertionError\n",
      "exit_code": 1,
      "status": "Exception"
    },
    {
      "program": "from typing import Tuple, Union, Any\n\ndef check_tuplex(tuplex: Tuple[Union[str, int]], tuple1: Any) -> bool:\n    \"\"\"\n\tWrite a function to check whether an element exists within a tuple.\n\t\"\"\"\n    return tuplex == tuple1\ndef check(candidate):\n    assert candidate(('w', 3, 'r', 'e', 's', 'o', 'u', 'r', 'c', 'e'), 'r') == True\n    assert candidate(('w', 3, 'r', 'e', 's', 'o', 'u', 'r', 'c', 'e'), '5') == False\n    assert candidate(('w', 3, 'r', 'e', 's', 'o', 'u', 'r', 'c', 'e'), 3) == True\n\ndef test_check():\n    check(check_tuplex)\n\ntest_check()\n",
      "timestamp": 1665510247,
      "stdout": "",
      "stderr": "Traceback (most recent call last):\n  File \"/tmp/tmpnstmlqiy.py\", line 16, in <module>\n    test_check()\n  File \"/tmp/tmpnstmlqiy.py\", line 14, in test_check\n    check(check_tuplex)\n  File \"/tmp/tmpnstmlqiy.py\", line 9, in check\n    assert candidate(('w', 3, 'r', 'e', 's', 'o', 'u', 'r', 'c', 'e'), 'r') == True\nAssertionError\n",
      "exit_code": 1,
      "status": "Exception"
    },
    {
      "program": "from typing import Tuple, Union, Any\n\ndef check_tuplex(tuplex: Tuple[Union[str, int]], tuple1: Any) -> bool:\n    \"\"\"\n\tWrite a function to check whether an element exists within a tuple.\n\t\"\"\"\n    return tuplex == tuple1\ndef check(candidate):\n    assert candidate(('w', 3, 'r', 'e', 's', 'o', 'u', 'r', 'c', 'e'), 'r') == True\n    assert candidate(('w', 3, 'r', 'e', 's', 'o', 'u', 'r', 'c', 'e'), '5') == False\n    assert candidate(('w', 3, 'r', 'e', 's', 'o', 'u', 'r', 'c', 'e'), 3) == True\n\ndef test_check():\n    check(check_tuplex)\n\ntest_check()\n",
      "timestamp": 1665510247,
      "stdout": "",
      "stderr": "Traceback (most recent call last):\n  File \"/tmp/tmpnstmlqiy.py\", line 16, in <module>\n    test_check()\n  File \"/tmp/tmpnstmlqiy.py\", line 14, in test_check\n    check(check_tuplex)\n  File \"/tmp/tmpnstmlqiy.py\", line 9, in check\n    assert candidate(('w', 3, 'r', 'e', 's', 'o', 'u', 'r', 'c', 'e'), 'r') == True\nAssertionError\n",
      "exit_code": 1,
      "status": "Exception"
    },
    {
      "program": "from typing import Tuple, Union, Any\n\ndef check_tuplex(tuplex: Tuple[Union[str, int]], tuple1: Any) -> bool:\n    \"\"\"\n\tWrite a function to check whether an element exists within a tuple.\n\t\"\"\"\n    if tuplex == tuple1:\n        return True\n    else:\n        return False\n\nprint(check_tuplex((\"a\", \"b\", \"c\"), (\"a\", \"b\", \"c\")))\nprint(check_tuplex((\"a\", \"b\", \"c\"), (\"a\", \"b\", \"d\")))\nprint(check_tuplex((\"a\", \"b\", \"c\"), (\"a\", \"b\")))\nprint(check_tuplex((\"a\", \"b\", \"c\"), (\"a\", \"b\", \"c\", \"d\")))\nprint(check_tuplex((\"a\", \"b\", \"c\"), (\"d\", \"e\", \"f\")))\ndef check(candidate):\n    assert candidate(('w', 3, 'r', 'e', 's', 'o', 'u', 'r', 'c', 'e'), 'r') == True\n    assert candidate(('w', 3, 'r', 'e', 's', 'o', 'u', 'r', 'c', 'e'), '5') == False\n    assert candidate(('w', 3, 'r', 'e', 's', 'o', 'u', 'r', 'c', 'e'), 3) == True\n\ndef test_check():\n    check(check_tuplex)\n\ntest_check()\n",
      "timestamp": 1666123001,
      "stdout": "True\nFalse\nFalse\nFalse\nFalse\n",
      "stderr": "Traceback (most recent call last):\n  File \"/tmp/tmp73yow2f_.py\", line 25, in <module>\n    test_check()\n  File \"/tmp/tmp73yow2f_.py\", line 23, in test_check\n    check(check_tuplex)\n  File \"/tmp/tmp73yow2f_.py\", line 18, in check\n    assert candidate(('w', 3, 'r', 'e', 's', 'o', 'u', 'r', 'c', 'e'), 'r') == True\nAssertionError\n",
      "exit_code": 1,
      "status": "Exception"
    },
    {
      "program": "from typing import Tuple, Union, Any\n\ndef check_tuplex(tuplex: Tuple[Union[str, int]], tuple1: Any) -> bool:\n    \"\"\"\n\tWrite a function to check whether an element exists within a tuple.\n\t\"\"\"\n    return tuplex == tuple1\ndef check(candidate):\n    assert candidate(('w', 3, 'r', 'e', 's', 'o', 'u', 'r', 'c', 'e'), 'r') == True\n    assert candidate(('w', 3, 'r', 'e', 's', 'o', 'u', 'r', 'c', 'e'), '5') == False\n    assert candidate(('w', 3, 'r', 'e', 's', 'o', 'u', 'r', 'c', 'e'), 3) == True\n\ndef test_check():\n    check(check_tuplex)\n\ntest_check()\n",
      "timestamp": 1665510247,
      "stdout": "",
      "stderr": "Traceback (most recent call last):\n  File \"/tmp/tmpnstmlqiy.py\", line 16, in <module>\n    test_check()\n  File \"/tmp/tmpnstmlqiy.py\", line 14, in test_check\n    check(check_tuplex)\n  File \"/tmp/tmpnstmlqiy.py\", line 9, in check\n    assert candidate(('w', 3, 'r', 'e', 's', 'o', 'u', 'r', 'c', 'e'), 'r') == True\nAssertionError\n",
      "exit_code": 1,
      "status": "Exception"
    },
    {
      "program": "from typing import Tuple, Union, Any\n\ndef check_tuplex(tuplex: Tuple[Union[str, int]], tuple1: Any) -> bool:\n    \"\"\"\n\tWrite a function to check whether an element exists within a tuple.\n\t\"\"\"\n    if tuplex == tuple1:\n        return True\n    else:\n        return False\n\ndef check(candidate):\n    assert candidate(('w', 3, 'r', 'e', 's', 'o', 'u', 'r', 'c', 'e'), 'r') == True\n    assert candidate(('w', 3, 'r', 'e', 's', 'o', 'u', 'r', 'c', 'e'), '5') == False\n    assert candidate(('w', 3, 'r', 'e', 's', 'o', 'u', 'r', 'c', 'e'), 3) == True\n\ndef test_check():\n    check(check_tuplex)\n\ntest_check()\n",
      "timestamp": 1666123001,
      "stdout": "",
      "stderr": "Traceback (most recent call last):\n  File \"/tmp/tmp5fvkkcx8.py\", line 20, in <module>\n    test_check()\n  File \"/tmp/tmp5fvkkcx8.py\", line 18, in test_check\n    check(check_tuplex)\n  File \"/tmp/tmp5fvkkcx8.py\", line 13, in check\n    assert candidate(('w', 3, 'r', 'e', 's', 'o', 'u', 'r', 'c', 'e'), 'r') == True\nAssertionError\n",
      "exit_code": 1,
      "status": "Exception"
    },
    {
      "program": "from typing import Tuple, Union, Any\n\ndef check_tuplex(tuplex: Tuple[Union[str, int]], tuple1: Any) -> bool:\n    \"\"\"\n\tWrite a function to check whether an element exists within a tuple.\n\t\"\"\"\n    return tuplex == tuple1\n\nprint(check_tuplex((\"a\", 1, 2, 3), (\"a\", 1, 2, 3)))\nprint(check_tuplex((\"a\", 1, 2, 3), (\"a\", 1, 2, 3, 4)))\nprint(check_tuplex((\"a\", 1, 2, 3), (\"a\", 1, 2)))\nprint(check_tuplex((\"a\", 1, 2, 3), (\"a\", 1, 2, 3, \"b\")))\nprint(check_tuplex((\"a\", 1, 2, 3), (\"a\", 1, 2, 3, 4, \"b\")))\nprint(check_tuplex((\"a\", 1, 2, 3), (\"a\", 1, 2, 3, 4, \"b\", 5)))\ndef check(candidate):\n    assert candidate(('w', 3, 'r', 'e', 's', 'o', 'u', 'r', 'c', 'e'), 'r') == True\n    assert candidate(('w', 3, 'r', 'e', 's', 'o', 'u', 'r', 'c', 'e'), '5') == False\n    assert candidate(('w', 3, 'r', 'e', 's', 'o', 'u', 'r', 'c', 'e'), 3) == True\n\ndef test_check():\n    check(check_tuplex)\n\ntest_check()\n",
      "timestamp": 1666123001,
      "stdout": "True\nFalse\nFalse\nFalse\nFalse\nFalse\n",
      "stderr": "Traceback (most recent call last):\n  File \"/tmp/tmpautpdl6g.py\", line 23, in <module>\n    test_check()\n  File \"/tmp/tmpautpdl6g.py\", line 21, in test_check\n    check(check_tuplex)\n  File \"/tmp/tmpautpdl6g.py\", line 16, in check\n    assert candidate(('w', 3, 'r', 'e', 's', 'o', 'u', 'r', 'c', 'e'), 'r') == True\nAssertionError\n",
      "exit_code": 1,
      "status": "Exception"
    },
    {
      "program": "from typing import Tuple, Union, Any\n\ndef check_tuplex(tuplex: Tuple[Union[str, int]], tuple1: Any) -> bool:\n    \"\"\"\n\tWrite a function to check whether an element exists within a tuple.\n\t\"\"\"\n    return tuplex == tuple1\ndef check(candidate):\n    assert candidate(('w', 3, 'r', 'e', 's', 'o', 'u', 'r', 'c', 'e'), 'r') == True\n    assert candidate(('w', 3, 'r', 'e', 's', 'o', 'u', 'r', 'c', 'e'), '5') == False\n    assert candidate(('w', 3, 'r', 'e', 's', 'o', 'u', 'r', 'c', 'e'), 3) == True\n\ndef test_check():\n    check(check_tuplex)\n\ntest_check()\n",
      "timestamp": 1665510247,
      "stdout": "",
      "stderr": "Traceback (most recent call last):\n  File \"/tmp/tmpnstmlqiy.py\", line 16, in <module>\n    test_check()\n  File \"/tmp/tmpnstmlqiy.py\", line 14, in test_check\n    check(check_tuplex)\n  File \"/tmp/tmpnstmlqiy.py\", line 9, in check\n    assert candidate(('w', 3, 'r', 'e', 's', 'o', 'u', 'r', 'c', 'e'), 'r') == True\nAssertionError\n",
      "exit_code": 1,
      "status": "Exception"
    },
    {
      "program": "from typing import Tuple, Union, Any\n\ndef check_tuplex(tuplex: Tuple[Union[str, int]], tuple1: Any) -> bool:\n    \"\"\"\n\tWrite a function to check whether an element exists within a tuple.\n\t\"\"\"\n    return tuplex == tuple1\ndef check(candidate):\n    assert candidate(('w', 3, 'r', 'e', 's', 'o', 'u', 'r', 'c', 'e'), 'r') == True\n    assert candidate(('w', 3, 'r', 'e', 's', 'o', 'u', 'r', 'c', 'e'), '5') == False\n    assert candidate(('w', 3, 'r', 'e', 's', 'o', 'u', 'r', 'c', 'e'), 3) == True\n\ndef test_check():\n    check(check_tuplex)\n\ntest_check()\n",
      "timestamp": 1665510247,
      "stdout": "",
      "stderr": "Traceback (most recent call last):\n  File \"/tmp/tmpnstmlqiy.py\", line 16, in <module>\n    test_check()\n  File \"/tmp/tmpnstmlqiy.py\", line 14, in test_check\n    check(check_tuplex)\n  File \"/tmp/tmpnstmlqiy.py\", line 9, in check\n    assert candidate(('w', 3, 'r', 'e', 's', 'o', 'u', 'r', 'c', 'e'), 'r') == True\nAssertionError\n",
      "exit_code": 1,
      "status": "Exception"
    },
    {
      "program": "from typing import Tuple, Union, Any\n\ndef check_tuplex(tuplex: Tuple[Union[str, int]], tuple1: Any) -> bool:\n    \"\"\"\n\tWrite a function to check whether an element exists within a tuple.\n\t\"\"\"\n    return tuplex == tuple1\n\nprint(check_tuplex((\"a\", 1, 2, 3), (\"a\", 1, 2, 3)))\nprint(check_tuplex((\"a\", 1, 2, 3), (\"a\", 1, 2, 3, 4)))\nprint(check_tuplex((\"a\", 1, 2, 3), (\"a\", 1, 2)))\nprint(check_tuplex((\"a\", 1, 2, 3), (\"a\", 1, 2, 3, \"b\")))\ndef check(candidate):\n    assert candidate(('w', 3, 'r', 'e', 's', 'o', 'u', 'r', 'c', 'e'), 'r') == True\n    assert candidate(('w', 3, 'r', 'e', 's', 'o', 'u', 'r', 'c', 'e'), '5') == False\n    assert candidate(('w', 3, 'r', 'e', 's', 'o', 'u', 'r', 'c', 'e'), 3) == True\n\ndef test_check():\n    check(check_tuplex)\n\ntest_check()\n",
      "timestamp": 1666123001,
      "stdout": "True\nFalse\nFalse\nFalse\n",
      "stderr": "Traceback (most recent call last):\n  File \"/tmp/tmpuq2adhpq.py\", line 21, in <module>\n    test_check()\n  File \"/tmp/tmpuq2adhpq.py\", line 19, in test_check\n    check(check_tuplex)\n  File \"/tmp/tmpuq2adhpq.py\", line 14, in check\n    assert candidate(('w', 3, 'r', 'e', 's', 'o', 'u', 'r', 'c', 'e'), 'r') == True\nAssertionError\n",
      "exit_code": 1,
      "status": "Exception"
    },
    {
      "program": "from typing import Tuple, Union, Any\n\ndef check_tuplex(tuplex: Tuple[Union[str, int]], tuple1: Any) -> bool:\n    \"\"\"\n\tWrite a function to check whether an element exists within a tuple.\n\t\"\"\"\n    return tuplex == tuple1\ndef check(candidate):\n    assert candidate(('w', 3, 'r', 'e', 's', 'o', 'u', 'r', 'c', 'e'), 'r') == True\n    assert candidate(('w', 3, 'r', 'e', 's', 'o', 'u', 'r', 'c', 'e'), '5') == False\n    assert candidate(('w', 3, 'r', 'e', 's', 'o', 'u', 'r', 'c', 'e'), 3) == True\n\ndef test_check():\n    check(check_tuplex)\n\ntest_check()\n",
      "timestamp": 1665510247,
      "stdout": "",
      "stderr": "Traceback (most recent call last):\n  File \"/tmp/tmpnstmlqiy.py\", line 16, in <module>\n    test_check()\n  File \"/tmp/tmpnstmlqiy.py\", line 14, in test_check\n    check(check_tuplex)\n  File \"/tmp/tmpnstmlqiy.py\", line 9, in check\n    assert candidate(('w', 3, 'r', 'e', 's', 'o', 'u', 'r', 'c', 'e'), 'r') == True\nAssertionError\n",
      "exit_code": 1,
      "status": "Exception"
    },
    {
      "program": "from typing import Tuple, Union, Any\n\ndef check_tuplex(tuplex: Tuple[Union[str, int]], tuple1: Any) -> bool:\n    \"\"\"\n\tWrite a function to check whether an element exists within a tuple.\n\t\"\"\"\n    return tuplex == tuple1\ndef check(candidate):\n    assert candidate(('w', 3, 'r', 'e', 's', 'o', 'u', 'r', 'c', 'e'), 'r') == True\n    assert candidate(('w', 3, 'r', 'e', 's', 'o', 'u', 'r', 'c', 'e'), '5') == False\n    assert candidate(('w', 3, 'r', 'e', 's', 'o', 'u', 'r', 'c', 'e'), 3) == True\n\ndef test_check():\n    check(check_tuplex)\n\ntest_check()\n",
      "timestamp": 1665510247,
      "stdout": "",
      "stderr": "Traceback (most recent call last):\n  File \"/tmp/tmpnstmlqiy.py\", line 16, in <module>\n    test_check()\n  File \"/tmp/tmpnstmlqiy.py\", line 14, in test_check\n    check(check_tuplex)\n  File \"/tmp/tmpnstmlqiy.py\", line 9, in check\n    assert candidate(('w', 3, 'r', 'e', 's', 'o', 'u', 'r', 'c', 'e'), 'r') == True\nAssertionError\n",
      "exit_code": 1,
      "status": "Exception"
    },
    {
      "program": "from typing import Tuple, Union, Any\n\ndef check_tuplex(tuplex: Tuple[Union[str, int]], tuple1: Any) -> bool:\n    \"\"\"\n\tWrite a function to check whether an element exists within a tuple.\n\t\"\"\"\n    return tuplex == tuple1\ndef check(candidate):\n    assert candidate(('w', 3, 'r', 'e', 's', 'o', 'u', 'r', 'c', 'e'), 'r') == True\n    assert candidate(('w', 3, 'r', 'e', 's', 'o', 'u', 'r', 'c', 'e'), '5') == False\n    assert candidate(('w', 3, 'r', 'e', 's', 'o', 'u', 'r', 'c', 'e'), 3) == True\n\ndef test_check():\n    check(check_tuplex)\n\ntest_check()\n",
      "timestamp": 1665510247,
      "stdout": "",
      "stderr": "Traceback (most recent call last):\n  File \"/tmp/tmpnstmlqiy.py\", line 16, in <module>\n    test_check()\n  File \"/tmp/tmpnstmlqiy.py\", line 14, in test_check\n    check(check_tuplex)\n  File \"/tmp/tmpnstmlqiy.py\", line 9, in check\n    assert candidate(('w', 3, 'r', 'e', 's', 'o', 'u', 'r', 'c', 'e'), 'r') == True\nAssertionError\n",
      "exit_code": 1,
      "status": "Exception"
    },
    {
      "program": "from typing import Tuple, Union, Any\n\ndef check_tuplex(tuplex: Tuple[Union[str, int]], tuple1: Any) -> bool:\n    \"\"\"\n\tWrite a function to check whether an element exists within a tuple.\n\t\"\"\"\n    return tuplex == tuple1\ndef check(candidate):\n    assert candidate(('w', 3, 'r', 'e', 's', 'o', 'u', 'r', 'c', 'e'), 'r') == True\n    assert candidate(('w', 3, 'r', 'e', 's', 'o', 'u', 'r', 'c', 'e'), '5') == False\n    assert candidate(('w', 3, 'r', 'e', 's', 'o', 'u', 'r', 'c', 'e'), 3) == True\n\ndef test_check():\n    check(check_tuplex)\n\ntest_check()\n",
      "timestamp": 1665510247,
      "stdout": "",
      "stderr": "Traceback (most recent call last):\n  File \"/tmp/tmpnstmlqiy.py\", line 16, in <module>\n    test_check()\n  File \"/tmp/tmpnstmlqiy.py\", line 14, in test_check\n    check(check_tuplex)\n  File \"/tmp/tmpnstmlqiy.py\", line 9, in check\n    assert candidate(('w', 3, 'r', 'e', 's', 'o', 'u', 'r', 'c', 'e'), 'r') == True\nAssertionError\n",
      "exit_code": 1,
      "status": "Exception"
    },
    {
      "program": "from typing import Tuple, Union, Any\n\ndef check_tuplex(tuplex: Tuple[Union[str, int]], tuple1: Any) -> bool:\n    \"\"\"\n\tWrite a function to check whether an element exists within a tuple.\n\t\"\"\"\n    return tuplex == tuple1\n\nprint(check_tuplex((\"a\", 1, 2), (\"a\", 1, 2)))\nprint(check_tuplex((\"a\", 1, 2), (\"b\", 1, 2)))\nprint(check_tuplex((\"a\", 1, 2), (\"a\", 1, 3)))\ndef check(candidate):\n    assert candidate(('w', 3, 'r', 'e', 's', 'o', 'u', 'r', 'c', 'e'), 'r') == True\n    assert candidate(('w', 3, 'r', 'e', 's', 'o', 'u', 'r', 'c', 'e'), '5') == False\n    assert candidate(('w', 3, 'r', 'e', 's', 'o', 'u', 'r', 'c', 'e'), 3) == True\n\ndef test_check():\n    check(check_tuplex)\n\ntest_check()\n",
      "timestamp": 1665510247,
      "stdout": "True\nFalse\nFalse\n",
      "stderr": "Traceback (most recent call last):\n  File \"/tmp/tmpa9_wv3ei.py\", line 20, in <module>\n    test_check()\n  File \"/tmp/tmpa9_wv3ei.py\", line 18, in test_check\n    check(check_tuplex)\n  File \"/tmp/tmpa9_wv3ei.py\", line 13, in check\n    assert candidate(('w', 3, 'r', 'e', 's', 'o', 'u', 'r', 'c', 'e'), 'r') == True\nAssertionError\n",
      "exit_code": 1,
      "status": "Exception"
    },
    {
      "program": "from typing import Tuple, Union, Any\n\ndef check_tuplex(tuplex: Tuple[Union[str, int]], tuple1: Any) -> bool:\n    \"\"\"\n\tWrite a function to check whether an element exists within a tuple.\n\t\"\"\"\n    return tuplex == tuple1\n\nprint(check_tuplex((\"a\", 1), (\"a\", 1)))\nprint(check_tuplex((\"a\", 1), (\"b\", 2)))\nprint(check_tuplex((\"a\", 1), (\"a\", 2)))\nprint(check_tuplex((\"a\", 1), (\"b\", 1)))\nprint(check_tuplex((\"a\", 1), (\"a\", 1, 2)))\nprint(check_tuplex((\"a\", 1, 2), (\"a\", 1)))\ndef check(candidate):\n    assert candidate(('w', 3, 'r', 'e', 's', 'o', 'u', 'r', 'c', 'e'), 'r') == True\n    assert candidate(('w', 3, 'r', 'e', 's', 'o', 'u', 'r', 'c', 'e'), '5') == False\n    assert candidate(('w', 3, 'r', 'e', 's', 'o', 'u', 'r', 'c', 'e'), 3) == True\n\ndef test_check():\n    check(check_tuplex)\n\ntest_check()\n",
      "timestamp": 1666123001,
      "stdout": "True\nFalse\nFalse\nFalse\nFalse\nFalse\n",
      "stderr": "Traceback (most recent call last):\n  File \"/tmp/tmpr0_ruf2h.py\", line 23, in <module>\n    test_check()\n  File \"/tmp/tmpr0_ruf2h.py\", line 21, in test_check\n    check(check_tuplex)\n  File \"/tmp/tmpr0_ruf2h.py\", line 16, in check\n    assert candidate(('w', 3, 'r', 'e', 's', 'o', 'u', 'r', 'c', 'e'), 'r') == True\nAssertionError\n",
      "exit_code": 1,
      "status": "Exception"
    },
    {
      "program": "from typing import Tuple, Union, Any\n\ndef check_tuplex(tuplex: Tuple[Union[str, int]], tuple1: Any) -> bool:\n    \"\"\"\n\tWrite a function to check whether an element exists within a tuple.\n\t\"\"\"\n    return tuple1 in tuplex\ndef check(candidate):\n    assert candidate(('w', 3, 'r', 'e', 's', 'o', 'u', 'r', 'c', 'e'), 'r') == True\n    assert candidate(('w', 3, 'r', 'e', 's', 'o', 'u', 'r', 'c', 'e'), '5') == False\n    assert candidate(('w', 3, 'r', 'e', 's', 'o', 'u', 'r', 'c', 'e'), 3) == True\n\ndef test_check():\n    check(check_tuplex)\n\ntest_check()\n",
      "timestamp": 1665510247,
      "stdout": "",
      "stderr": "",
      "exit_code": 0,
      "status": "OK"
    },
    {
      "program": "from typing import Tuple, Union, Any\n\ndef check_tuplex(tuplex: Tuple[Union[str, int]], tuple1: Any) -> bool:\n    \"\"\"\n\tWrite a function to check whether an element exists within a tuple.\n\t\"\"\"\n    return tuplex == tuple1\ndef check(candidate):\n    assert candidate(('w', 3, 'r', 'e', 's', 'o', 'u', 'r', 'c', 'e'), 'r') == True\n    assert candidate(('w', 3, 'r', 'e', 's', 'o', 'u', 'r', 'c', 'e'), '5') == False\n    assert candidate(('w', 3, 'r', 'e', 's', 'o', 'u', 'r', 'c', 'e'), 3) == True\n\ndef test_check():\n    check(check_tuplex)\n\ntest_check()\n",
      "timestamp": 1665510247,
      "stdout": "",
      "stderr": "Traceback (most recent call last):\n  File \"/tmp/tmpnstmlqiy.py\", line 16, in <module>\n    test_check()\n  File \"/tmp/tmpnstmlqiy.py\", line 14, in test_check\n    check(check_tuplex)\n  File \"/tmp/tmpnstmlqiy.py\", line 9, in check\n    assert candidate(('w', 3, 'r', 'e', 's', 'o', 'u', 'r', 'c', 'e'), 'r') == True\nAssertionError\n",
      "exit_code": 1,
      "status": "Exception"
    },
    {
      "program": "from typing import Tuple, Union, Any\n\ndef check_tuplex(tuplex: Tuple[Union[str, int]], tuple1: Any) -> bool:\n    \"\"\"\n\tWrite a function to check whether an element exists within a tuple.\n\t\"\"\"\n    return tuplex == tuple1\n\nprint(check_tuplex((\"a\", 1, 2), (\"a\", 1, 2)))\nprint(check_tuplex((\"a\", 1, 2), (\"a\", 1, 3)))\nprint(check_tuplex((\"a\", 1, 2), (\"a\", 1)))\ndef check(candidate):\n    assert candidate(('w', 3, 'r', 'e', 's', 'o', 'u', 'r', 'c', 'e'), 'r') == True\n    assert candidate(('w', 3, 'r', 'e', 's', 'o', 'u', 'r', 'c', 'e'), '5') == False\n    assert candidate(('w', 3, 'r', 'e', 's', 'o', 'u', 'r', 'c', 'e'), 3) == True\n\ndef test_check():\n    check(check_tuplex)\n\ntest_check()\n",
      "timestamp": 1666123000,
      "stdout": "True\nFalse\nFalse\n",
      "stderr": "Traceback (most recent call last):\n  File \"/tmp/tmpfbcxfuv9.py\", line 20, in <module>\n    test_check()\n  File \"/tmp/tmpfbcxfuv9.py\", line 18, in test_check\n    check(check_tuplex)\n  File \"/tmp/tmpfbcxfuv9.py\", line 13, in check\n    assert candidate(('w', 3, 'r', 'e', 's', 'o', 'u', 'r', 'c', 'e'), 'r') == True\nAssertionError\n",
      "exit_code": 1,
      "status": "Exception"
    },
    {
      "program": "from typing import Tuple, Union, Any\n\ndef check_tuplex(tuplex: Tuple[Union[str, int]], tuple1: Any) -> bool:\n    \"\"\"\n\tWrite a function to check whether an element exists within a tuple.\n\t\"\"\"\n    return tuplex == tuple1\n\nprint(check_tuplex((\"a\", 1, 2, 3), (\"a\", 1, 2, 3)))\nprint(check_tuplex((\"a\", 1, 2, 3), (\"a\", 1, 2, 3, 4)))\ndef check(candidate):\n    assert candidate(('w', 3, 'r', 'e', 's', 'o', 'u', 'r', 'c', 'e'), 'r') == True\n    assert candidate(('w', 3, 'r', 'e', 's', 'o', 'u', 'r', 'c', 'e'), '5') == False\n    assert candidate(('w', 3, 'r', 'e', 's', 'o', 'u', 'r', 'c', 'e'), 3) == True\n\ndef test_check():\n    check(check_tuplex)\n\ntest_check()\n",
      "timestamp": 1666123000,
      "stdout": "True\nFalse\n",
      "stderr": "Traceback (most recent call last):\n  File \"/tmp/tmpnc6i6wml.py\", line 19, in <module>\n    test_check()\n  File \"/tmp/tmpnc6i6wml.py\", line 17, in test_check\n    check(check_tuplex)\n  File \"/tmp/tmpnc6i6wml.py\", line 12, in check\n    assert candidate(('w', 3, 'r', 'e', 's', 'o', 'u', 'r', 'c', 'e'), 'r') == True\nAssertionError\n",
      "exit_code": 1,
      "status": "Exception"
    },
    {
      "program": "from typing import Tuple, Union, Any\n\ndef check_tuplex(tuplex: Tuple[Union[str, int]], tuple1: Any) -> bool:\n    \"\"\"\n\tWrite a function to check whether an element exists within a tuple.\n\t\"\"\"\n    return tuple1 in tuplex\ndef check(candidate):\n    assert candidate(('w', 3, 'r', 'e', 's', 'o', 'u', 'r', 'c', 'e'), 'r') == True\n    assert candidate(('w', 3, 'r', 'e', 's', 'o', 'u', 'r', 'c', 'e'), '5') == False\n    assert candidate(('w', 3, 'r', 'e', 's', 'o', 'u', 'r', 'c', 'e'), 3) == True\n\ndef test_check():\n    check(check_tuplex)\n\ntest_check()\n",
      "timestamp": 1665510247,
      "stdout": "",
      "stderr": "",
      "exit_code": 0,
      "status": "OK"
    },
    {
      "program": "from typing import Tuple, Union, Any\n\ndef check_tuplex(tuplex: Tuple[Union[str, int]], tuple1: Any) -> bool:\n    \"\"\"\n\tWrite a function to check whether an element exists within a tuple.\n\t\"\"\"\n    return tuplex == tuple1\ndef check(candidate):\n    assert candidate(('w', 3, 'r', 'e', 's', 'o', 'u', 'r', 'c', 'e'), 'r') == True\n    assert candidate(('w', 3, 'r', 'e', 's', 'o', 'u', 'r', 'c', 'e'), '5') == False\n    assert candidate(('w', 3, 'r', 'e', 's', 'o', 'u', 'r', 'c', 'e'), 3) == True\n\ndef test_check():\n    check(check_tuplex)\n\ntest_check()\n",
      "timestamp": 1665510247,
      "stdout": "",
      "stderr": "Traceback (most recent call last):\n  File \"/tmp/tmpnstmlqiy.py\", line 16, in <module>\n    test_check()\n  File \"/tmp/tmpnstmlqiy.py\", line 14, in test_check\n    check(check_tuplex)\n  File \"/tmp/tmpnstmlqiy.py\", line 9, in check\n    assert candidate(('w', 3, 'r', 'e', 's', 'o', 'u', 'r', 'c', 'e'), 'r') == True\nAssertionError\n",
      "exit_code": 1,
      "status": "Exception"
    },
    {
      "program": "from typing import Tuple, Union, Any\n\ndef check_tuplex(tuplex: Tuple[Union[str, int]], tuple1: Any) -> bool:\n    \"\"\"\n\tWrite a function to check whether an element exists within a tuple.\n\t\"\"\"\n    return tuplex == tuple1\n\nprint(check_tuplex(('a', 'b', 'c'), ('a', 'b', 'c')))\nprint(check_tuplex(('a', 'b', 'c'), ('a', 'b', 'd')))\ndef check(candidate):\n    assert candidate(('w', 3, 'r', 'e', 's', 'o', 'u', 'r', 'c', 'e'), 'r') == True\n    assert candidate(('w', 3, 'r', 'e', 's', 'o', 'u', 'r', 'c', 'e'), '5') == False\n    assert candidate(('w', 3, 'r', 'e', 's', 'o', 'u', 'r', 'c', 'e'), 3) == True\n\ndef test_check():\n    check(check_tuplex)\n\ntest_check()\n",
      "timestamp": 1665510247,
      "stdout": "True\nFalse\n",
      "stderr": "Traceback (most recent call last):\n  File \"/tmp/tmpi3tzyq85.py\", line 19, in <module>\n    test_check()\n  File \"/tmp/tmpi3tzyq85.py\", line 17, in test_check\n    check(check_tuplex)\n  File \"/tmp/tmpi3tzyq85.py\", line 12, in check\n    assert candidate(('w', 3, 'r', 'e', 's', 'o', 'u', 'r', 'c', 'e'), 'r') == True\nAssertionError\n",
      "exit_code": 1,
      "status": "Exception"
    },
    {
      "program": "from typing import Tuple, Union, Any\n\ndef check_tuplex(tuplex: Tuple[Union[str, int]], tuple1: Any) -> bool:\n    \"\"\"\n\tWrite a function to check whether an element exists within a tuple.\n\t\"\"\"\n    return tuplex == tuple1\ndef check(candidate):\n    assert candidate(('w', 3, 'r', 'e', 's', 'o', 'u', 'r', 'c', 'e'), 'r') == True\n    assert candidate(('w', 3, 'r', 'e', 's', 'o', 'u', 'r', 'c', 'e'), '5') == False\n    assert candidate(('w', 3, 'r', 'e', 's', 'o', 'u', 'r', 'c', 'e'), 3) == True\n\ndef test_check():\n    check(check_tuplex)\n\ntest_check()\n",
      "timestamp": 1665510247,
      "stdout": "",
      "stderr": "Traceback (most recent call last):\n  File \"/tmp/tmpnstmlqiy.py\", line 16, in <module>\n    test_check()\n  File \"/tmp/tmpnstmlqiy.py\", line 14, in test_check\n    check(check_tuplex)\n  File \"/tmp/tmpnstmlqiy.py\", line 9, in check\n    assert candidate(('w', 3, 'r', 'e', 's', 'o', 'u', 'r', 'c', 'e'), 'r') == True\nAssertionError\n",
      "exit_code": 1,
      "status": "Exception"
    },
    {
      "program": "from typing import Tuple, Union, Any\n\ndef check_tuplex(tuplex: Tuple[Union[str, int]], tuple1: Any) -> bool:\n    \"\"\"\n\tWrite a function to check whether an element exists within a tuple.\n\t\"\"\"\n    return tuple1 in tuplex\ndef check(candidate):\n    assert candidate(('w', 3, 'r', 'e', 's', 'o', 'u', 'r', 'c', 'e'), 'r') == True\n    assert candidate(('w', 3, 'r', 'e', 's', 'o', 'u', 'r', 'c', 'e'), '5') == False\n    assert candidate(('w', 3, 'r', 'e', 's', 'o', 'u', 'r', 'c', 'e'), 3) == True\n\ndef test_check():\n    check(check_tuplex)\n\ntest_check()\n",
      "timestamp": 1665510247,
      "stdout": "",
      "stderr": "",
      "exit_code": 0,
      "status": "OK"
    },
    {
      "program": "from typing import Tuple, Union, Any\n\ndef check_tuplex(tuplex: Tuple[Union[str, int]], tuple1: Any) -> bool:\n    \"\"\"\n\tWrite a function to check whether an element exists within a tuple.\n\t\"\"\"\n    return tuplex == tuple1\n\nprint(check_tuplex((\"a\", \"b\", \"c\"), (\"a\", \"b\", \"c\")))\nprint(check_tuplex((\"a\", \"b\", \"c\"), (\"a\", \"b\", \"c\", \"d\")))\nprint(check_tuplex((\"a\", \"b\", \"c\"), (\"a\", \"b\", \"d\")))\nprint(check_tuplex((\"a\", \"b\", \"c\"), (\"d\", \"e\", \"f\")))\nprint(check_tuplex((1, 2, 3), (1, 2, 3)))\nprint(check_tuplex((1, 2, 3), (1, 2, 3, 4)))\nprint(check_tuplex((1, 2, 3), (1, 2, 4)))\nprint(check_tuplex((1, 2, 3), (4, 5, 6)))\ndef check(candidate):\n    assert candidate(('w', 3, 'r', 'e', 's', 'o', 'u', 'r', 'c', 'e'), 'r') == True\n    assert candidate(('w', 3, 'r', 'e', 's', 'o', 'u', 'r', 'c', 'e'), '5') == False\n    assert candidate(('w', 3, 'r', 'e', 's', 'o', 'u', 'r', 'c', 'e'), 3) == True\n\ndef test_check():\n    check(check_tuplex)\n\ntest_check()\n",
      "timestamp": 1666123001,
      "stdout": "True\nFalse\nFalse\nFalse\nTrue\nFalse\nFalse\nFalse\n",
      "stderr": "Traceback (most recent call last):\n  File \"/tmp/tmpbv8vuhcm.py\", line 25, in <module>\n    test_check()\n  File \"/tmp/tmpbv8vuhcm.py\", line 23, in test_check\n    check(check_tuplex)\n  File \"/tmp/tmpbv8vuhcm.py\", line 18, in check\n    assert candidate(('w', 3, 'r', 'e', 's', 'o', 'u', 'r', 'c', 'e'), 'r') == True\nAssertionError\n",
      "exit_code": 1,
      "status": "Exception"
    },
    {
      "program": "from typing import Tuple, Union, Any\n\ndef check_tuplex(tuplex: Tuple[Union[str, int]], tuple1: Any) -> bool:\n    \"\"\"\n\tWrite a function to check whether an element exists within a tuple.\n\t\"\"\"\n    return tuplex == tuple1\n\nprint(check_tuplex((\"a\", 1, 2), (\"a\", 1, 2)))\nprint(check_tuplex((\"a\", 1, 2), (\"a\", 1, 3)))\ndef check(candidate):\n    assert candidate(('w', 3, 'r', 'e', 's', 'o', 'u', 'r', 'c', 'e'), 'r') == True\n    assert candidate(('w', 3, 'r', 'e', 's', 'o', 'u', 'r', 'c', 'e'), '5') == False\n    assert candidate(('w', 3, 'r', 'e', 's', 'o', 'u', 'r', 'c', 'e'), 3) == True\n\ndef test_check():\n    check(check_tuplex)\n\ntest_check()\n",
      "timestamp": 1666123000,
      "stdout": "True\nFalse\n",
      "stderr": "Traceback (most recent call last):\n  File \"/tmp/tmpovkvjh0m.py\", line 19, in <module>\n    test_check()\n  File \"/tmp/tmpovkvjh0m.py\", line 17, in test_check\n    check(check_tuplex)\n  File \"/tmp/tmpovkvjh0m.py\", line 12, in check\n    assert candidate(('w', 3, 'r', 'e', 's', 'o', 'u', 'r', 'c', 'e'), 'r') == True\nAssertionError\n",
      "exit_code": 1,
      "status": "Exception"
    },
    {
      "program": "from typing import Tuple, Union, Any\n\ndef check_tuplex(tuplex: Tuple[Union[str, int]], tuple1: Any) -> bool:\n    \"\"\"\n\tWrite a function to check whether an element exists within a tuple.\n\t\"\"\"\n    return tuplex == tuple1\n\ndef check(candidate):\n    assert candidate(('w', 3, 'r', 'e', 's', 'o', 'u', 'r', 'c', 'e'), 'r') == True\n    assert candidate(('w', 3, 'r', 'e', 's', 'o', 'u', 'r', 'c', 'e'), '5') == False\n    assert candidate(('w', 3, 'r', 'e', 's', 'o', 'u', 'r', 'c', 'e'), 3) == True\n\ndef test_check():\n    check(check_tuplex)\n\ntest_check()\n",
      "timestamp": 1665510247,
      "stdout": "",
      "stderr": "Traceback (most recent call last):\n  File \"/tmp/tmpxyi7dn_5.py\", line 17, in <module>\n    test_check()\n  File \"/tmp/tmpxyi7dn_5.py\", line 15, in test_check\n    check(check_tuplex)\n  File \"/tmp/tmpxyi7dn_5.py\", line 10, in check\n    assert candidate(('w', 3, 'r', 'e', 's', 'o', 'u', 'r', 'c', 'e'), 'r') == True\nAssertionError\n",
      "exit_code": 1,
      "status": "Exception"
    },
    {
      "program": "from typing import Tuple, Union, Any\n\ndef check_tuplex(tuplex: Tuple[Union[str, int]], tuple1: Any) -> bool:\n    \"\"\"\n\tWrite a function to check whether an element exists within a tuple.\n\t\"\"\"\n    return tuplex == tuple1\ndef check(candidate):\n    assert candidate(('w', 3, 'r', 'e', 's', 'o', 'u', 'r', 'c', 'e'), 'r') == True\n    assert candidate(('w', 3, 'r', 'e', 's', 'o', 'u', 'r', 'c', 'e'), '5') == False\n    assert candidate(('w', 3, 'r', 'e', 's', 'o', 'u', 'r', 'c', 'e'), 3) == True\n\ndef test_check():\n    check(check_tuplex)\n\ntest_check()\n",
      "timestamp": 1665510247,
      "stdout": "",
      "stderr": "Traceback (most recent call last):\n  File \"/tmp/tmpnstmlqiy.py\", line 16, in <module>\n    test_check()\n  File \"/tmp/tmpnstmlqiy.py\", line 14, in test_check\n    check(check_tuplex)\n  File \"/tmp/tmpnstmlqiy.py\", line 9, in check\n    assert candidate(('w', 3, 'r', 'e', 's', 'o', 'u', 'r', 'c', 'e'), 'r') == True\nAssertionError\n",
      "exit_code": 1,
      "status": "Exception"
    },
    {
      "program": "from typing import Tuple, Union, Any\n\ndef check_tuplex(tuplex: Tuple[Union[str, int]], tuple1: Any) -> bool:\n    \"\"\"\n\tWrite a function to check whether an element exists within a tuple.\n\t\"\"\"\n    return tuplex == tuple1\n\nprint(check_tuplex((\"hello\", 1), (\"hello\", 1)))\ndef check(candidate):\n    assert candidate(('w', 3, 'r', 'e', 's', 'o', 'u', 'r', 'c', 'e'), 'r') == True\n    assert candidate(('w', 3, 'r', 'e', 's', 'o', 'u', 'r', 'c', 'e'), '5') == False\n    assert candidate(('w', 3, 'r', 'e', 's', 'o', 'u', 'r', 'c', 'e'), 3) == True\n\ndef test_check():\n    check(check_tuplex)\n\ntest_check()\n",
      "timestamp": 1666123000,
      "stdout": "True\n",
      "stderr": "Traceback (most recent call last):\n  File \"/tmp/tmpin9gox0o.py\", line 18, in <module>\n    test_check()\n  File \"/tmp/tmpin9gox0o.py\", line 16, in test_check\n    check(check_tuplex)\n  File \"/tmp/tmpin9gox0o.py\", line 11, in check\n    assert candidate(('w', 3, 'r', 'e', 's', 'o', 'u', 'r', 'c', 'e'), 'r') == True\nAssertionError\n",
      "exit_code": 1,
      "status": "Exception"
    },
    {
      "program": "from typing import Tuple, Union, Any\n\ndef check_tuplex(tuplex: Tuple[Union[str, int]], tuple1: Any) -> bool:\n    \"\"\"\n\tWrite a function to check whether an element exists within a tuple.\n\t\"\"\"\n    return tuple1 in tuplex\n\nprint(check_tuplex((\"a\", \"b\", \"c\"), \"b\"))\nprint(check_tuplex((\"a\", \"b\", \"c\"), \"d\"))\nprint(check_tuplex((\"a\", \"b\", \"c\"), \"a\"))\nprint(check_tuplex((\"a\", \"b\", \"c\"), \"c\"))\nprint(check_tuplex((\"a\", \"b\", \"c\"), \"e\"))\nprint(check_tuplex((\"a\", \"b\", \"c\"), 1))\nprint(check_tuplex((\"a\", \"b\", \"c\"), 2))\nprint(check_tuplex((\"a\", \"b\", \"c\"), 3))\nprint(check_tuplex((\"a\", \"b\", \"c\"), 4))\nprint(check_tuplex((\"a\", \"b\", \"c\"), 5))\nprint(check_tuplex((\"a\", \"b\", \"c\"), 6))\nprint(check_tuplex((\"a\", \"b\", \"c\"), 7))\nprint(check_tuplex((\"a\", \"b\", \"c\"), 8))\nprint(check_tuplex((\"a\", \"b\", \"c\"), 9))\nprint(check_tuplex((\"a\", \"b\", \"c\"), 10))\nprint(check_tuplex((\"a\", \"b\", \"c\"), 11))\nprint(check_tuplex((\"a\", \"b\", \"c\"), 12))\nprint(check_tuplex((\"a\", \"b\", \"c\"), 13))\nprint(check_tuplex((\"a\", \"b\", \"c\"), 14))\nprint(check_tuplex((\"a\", \"b\", \"c\"), 15))\nprint(check_tuplex((\"a\", \"b\", \"c\"), 16))\nprint(check_tuplex((\"a\", \"b\", \"c\"), 17))\nprint(check_tuplex((\"a\", \"b\", \"c\"), 18))\nprint(check_tuplex((\"a\", \"b\", \"c\"), 19))\nprint(check_tuplex((\"a\", \"b\", \"c\ndef check(candidate):\n    assert candidate(('w', 3, 'r', 'e', 's', 'o', 'u', 'r', 'c', 'e'), 'r') == True\n    assert candidate(('w', 3, 'r', 'e', 's', 'o', 'u', 'r', 'c', 'e'), '5') == False\n    assert candidate(('w', 3, 'r', 'e', 's', 'o', 'u', 'r', 'c', 'e'), 3) == True\n\ndef test_check():\n    check(check_tuplex)\n\ntest_check()\n",
      "timestamp": 1666123001,
      "stdout": "",
      "stderr": "  File \"/tmp/tmpmdy6oo6a.py\", line 33\n    print(check_tuplex((\"a\", \"b\", \"c\n                                  ^\nSyntaxError: unterminated string literal (detected at line 33)\n",
      "exit_code": 1,
      "status": "SyntaxError"
    },
    {
      "program": "from typing import Tuple, Union, Any\n\ndef check_tuplex(tuplex: Tuple[Union[str, int]], tuple1: Any) -> bool:\n    \"\"\"\n\tWrite a function to check whether an element exists within a tuple.\n\t\"\"\"\n    if tuplex == tuple1:\n        return True\n    else:\n        return False\n\ndef check(candidate):\n    assert candidate(('w', 3, 'r', 'e', 's', 'o', 'u', 'r', 'c', 'e'), 'r') == True\n    assert candidate(('w', 3, 'r', 'e', 's', 'o', 'u', 'r', 'c', 'e'), '5') == False\n    assert candidate(('w', 3, 'r', 'e', 's', 'o', 'u', 'r', 'c', 'e'), 3) == True\n\ndef test_check():\n    check(check_tuplex)\n\ntest_check()\n",
      "timestamp": 1666123001,
      "stdout": "",
      "stderr": "Traceback (most recent call last):\n  File \"/tmp/tmp5fvkkcx8.py\", line 20, in <module>\n    test_check()\n  File \"/tmp/tmp5fvkkcx8.py\", line 18, in test_check\n    check(check_tuplex)\n  File \"/tmp/tmp5fvkkcx8.py\", line 13, in check\n    assert candidate(('w', 3, 'r', 'e', 's', 'o', 'u', 'r', 'c', 'e'), 'r') == True\nAssertionError\n",
      "exit_code": 1,
      "status": "Exception"
    },
    {
      "program": "from typing import Tuple, Union, Any\n\ndef check_tuplex(tuplex: Tuple[Union[str, int]], tuple1: Any) -> bool:\n    \"\"\"\n\tWrite a function to check whether an element exists within a tuple.\n\t\"\"\"\n    return tuplex == tuple1\n\nprint(check_tuplex(('a', 'b', 'c'), ('a', 'b', 'c')))\nprint(check_tuplex(('a', 'b', 'c'), ('a', 'b', 'd')))\nprint(check_tuplex(('a', 'b', 'c'), ('a', 'b')))\nprint(check_tuplex(('a', 'b', 'c'), ('a', 'b', 'c', 'd')))\nprint(check_tuplex(('a', 'b', 'c'), ('d', 'e', 'f')))\ndef check(candidate):\n    assert candidate(('w', 3, 'r', 'e', 's', 'o', 'u', 'r', 'c', 'e'), 'r') == True\n    assert candidate(('w', 3, 'r', 'e', 's', 'o', 'u', 'r', 'c', 'e'), '5') == False\n    assert candidate(('w', 3, 'r', 'e', 's', 'o', 'u', 'r', 'c', 'e'), 3) == True\n\ndef test_check():\n    check(check_tuplex)\n\ntest_check()\n",
      "timestamp": 1665510247,
      "stdout": "True\nFalse\nFalse\nFalse\nFalse\n",
      "stderr": "Traceback (most recent call last):\n  File \"/tmp/tmpvrq_uvx2.py\", line 22, in <module>\n    test_check()\n  File \"/tmp/tmpvrq_uvx2.py\", line 20, in test_check\n    check(check_tuplex)\n  File \"/tmp/tmpvrq_uvx2.py\", line 15, in check\n    assert candidate(('w', 3, 'r', 'e', 's', 'o', 'u', 'r', 'c', 'e'), 'r') == True\nAssertionError\n",
      "exit_code": 1,
      "status": "Exception"
    },
    {
      "program": "from typing import Tuple, Union, Any\n\ndef check_tuplex(tuplex: Tuple[Union[str, int]], tuple1: Any) -> bool:\n    \"\"\"\n\tWrite a function to check whether an element exists within a tuple.\n\t\"\"\"\n    return tuple1 in tuplex\n\ndef check(candidate):\n    assert candidate(('w', 3, 'r', 'e', 's', 'o', 'u', 'r', 'c', 'e'), 'r') == True\n    assert candidate(('w', 3, 'r', 'e', 's', 'o', 'u', 'r', 'c', 'e'), '5') == False\n    assert candidate(('w', 3, 'r', 'e', 's', 'o', 'u', 'r', 'c', 'e'), 3) == True\n\ndef test_check():\n    check(check_tuplex)\n\ntest_check()\n",
      "timestamp": 1666123000,
      "stdout": "",
      "stderr": "",
      "exit_code": 0,
      "status": "OK"
    },
    {
      "program": "from typing import Tuple, Union, Any\n\ndef check_tuplex(tuplex: Tuple[Union[str, int]], tuple1: Any) -> bool:\n    \"\"\"\n\tWrite a function to check whether an element exists within a tuple.\n\t\"\"\"\n    return tuplex == tuple1\n\nprint(check_tuplex((\"a\", 1, 2, 3), (\"a\", 1, 2, 3)))\nprint(check_tuplex((\"a\", 1, 2, 3), (\"a\", 1, 2, 3, 4)))\nprint(check_tuplex((\"a\", 1, 2, 3), (\"a\", 1, 2, 3, \"b\")))\nprint(check_tuplex((\"a\", 1, 2, 3), (\"a\", 1, 2, 3, \"b\", 5)))\ndef check(candidate):\n    assert candidate(('w', 3, 'r', 'e', 's', 'o', 'u', 'r', 'c', 'e'), 'r') == True\n    assert candidate(('w', 3, 'r', 'e', 's', 'o', 'u', 'r', 'c', 'e'), '5') == False\n    assert candidate(('w', 3, 'r', 'e', 's', 'o', 'u', 'r', 'c', 'e'), 3) == True\n\ndef test_check():\n    check(check_tuplex)\n\ntest_check()\n",
      "timestamp": 1666123001,
      "stdout": "True\nFalse\nFalse\nFalse\n",
      "stderr": "Traceback (most recent call last):\n  File \"/tmp/tmpbccm9fgc.py\", line 21, in <module>\n    test_check()\n  File \"/tmp/tmpbccm9fgc.py\", line 19, in test_check\n    check(check_tuplex)\n  File \"/tmp/tmpbccm9fgc.py\", line 14, in check\n    assert candidate(('w', 3, 'r', 'e', 's', 'o', 'u', 'r', 'c', 'e'), 'r') == True\nAssertionError\n",
      "exit_code": 1,
      "status": "Exception"
    },
    {
      "program": "from typing import Tuple, Union, Any\n\ndef check_tuplex(tuplex: Tuple[Union[str, int]], tuple1: Any) -> bool:\n    \"\"\"\n\tWrite a function to check whether an element exists within a tuple.\n\t\"\"\"\n    return tuple1 in tuplex\n\nprint(check_tuplex((1, 2, 3, 4, 5), 4))\nprint(check_tuplex((1, 2, 3, 4, 5), 6))\nprint(check_tuplex((\"a\", \"b\", \"c\", \"d\", \"e\"), \"d\"))\nprint(check_tuplex((\"a\", \"b\", \"c\", \"d\", \"e\"), \"f\"))\ndef check(candidate):\n    assert candidate(('w', 3, 'r', 'e', 's', 'o', 'u', 'r', 'c', 'e'), 'r') == True\n    assert candidate(('w', 3, 'r', 'e', 's', 'o', 'u', 'r', 'c', 'e'), '5') == False\n    assert candidate(('w', 3, 'r', 'e', 's', 'o', 'u', 'r', 'c', 'e'), 3) == True\n\ndef test_check():\n    check(check_tuplex)\n\ntest_check()\n",
      "timestamp": 1666123001,
      "stdout": "True\nFalse\nTrue\nFalse\n",
      "stderr": "",
      "exit_code": 0,
      "status": "OK"
    },
    {
      "program": "from typing import Tuple, Union, Any\n\ndef check_tuplex(tuplex: Tuple[Union[str, int]], tuple1: Any) -> bool:\n    \"\"\"\n\tWrite a function to check whether an element exists within a tuple.\n\t\"\"\"\n    return tuplex == tuple1\n\ndef check(candidate):\n    assert candidate(('w', 3, 'r', 'e', 's', 'o', 'u', 'r', 'c', 'e'), 'r') == True\n    assert candidate(('w', 3, 'r', 'e', 's', 'o', 'u', 'r', 'c', 'e'), '5') == False\n    assert candidate(('w', 3, 'r', 'e', 's', 'o', 'u', 'r', 'c', 'e'), 3) == True\n\ndef test_check():\n    check(check_tuplex)\n\ntest_check()\n",
      "timestamp": 1665510247,
      "stdout": "",
      "stderr": "Traceback (most recent call last):\n  File \"/tmp/tmpxyi7dn_5.py\", line 17, in <module>\n    test_check()\n  File \"/tmp/tmpxyi7dn_5.py\", line 15, in test_check\n    check(check_tuplex)\n  File \"/tmp/tmpxyi7dn_5.py\", line 10, in check\n    assert candidate(('w', 3, 'r', 'e', 's', 'o', 'u', 'r', 'c', 'e'), 'r') == True\nAssertionError\n",
      "exit_code": 1,
      "status": "Exception"
    },
    {
      "program": "from typing import Tuple, Union, Any\n\ndef check_tuplex(tuplex: Tuple[Union[str, int]], tuple1: Any) -> bool:\n    \"\"\"\n\tWrite a function to check whether an element exists within a tuple.\n\t\"\"\"\n    return tuplex == tuple1\ndef check(candidate):\n    assert candidate(('w', 3, 'r', 'e', 's', 'o', 'u', 'r', 'c', 'e'), 'r') == True\n    assert candidate(('w', 3, 'r', 'e', 's', 'o', 'u', 'r', 'c', 'e'), '5') == False\n    assert candidate(('w', 3, 'r', 'e', 's', 'o', 'u', 'r', 'c', 'e'), 3) == True\n\ndef test_check():\n    check(check_tuplex)\n\ntest_check()\n",
      "timestamp": 1665510247,
      "stdout": "",
      "stderr": "Traceback (most recent call last):\n  File \"/tmp/tmpnstmlqiy.py\", line 16, in <module>\n    test_check()\n  File \"/tmp/tmpnstmlqiy.py\", line 14, in test_check\n    check(check_tuplex)\n  File \"/tmp/tmpnstmlqiy.py\", line 9, in check\n    assert candidate(('w', 3, 'r', 'e', 's', 'o', 'u', 'r', 'c', 'e'), 'r') == True\nAssertionError\n",
      "exit_code": 1,
      "status": "Exception"
    },
    {
      "program": "from typing import Tuple, Union, Any\n\ndef check_tuplex(tuplex: Tuple[Union[str, int]], tuple1: Any) -> bool:\n    \"\"\"\n\tWrite a function to check whether an element exists within a tuple.\n\t\"\"\"\n    return tuple1 in tuplex\ndef check(candidate):\n    assert candidate(('w', 3, 'r', 'e', 's', 'o', 'u', 'r', 'c', 'e'), 'r') == True\n    assert candidate(('w', 3, 'r', 'e', 's', 'o', 'u', 'r', 'c', 'e'), '5') == False\n    assert candidate(('w', 3, 'r', 'e', 's', 'o', 'u', 'r', 'c', 'e'), 3) == True\n\ndef test_check():\n    check(check_tuplex)\n\ntest_check()\n",
      "timestamp": 1665510247,
      "stdout": "",
      "stderr": "",
      "exit_code": 0,
      "status": "OK"
    },
    {
      "program": "from typing import Tuple, Union, Any\n\ndef check_tuplex(tuplex: Tuple[Union[str, int]], tuple1: Any) -> bool:\n    \"\"\"\n\tWrite a function to check whether an element exists within a tuple.\n\t\"\"\"\n    return tuplex == tuple1\n\nprint(check_tuplex((\"a\", 1, 2, 3), (\"a\", 1, 2, 3)))\nprint(check_tuplex((\"a\", 1, 2, 3), (\"b\", 1, 2, 3)))\nprint(check_tuplex((\"a\", 1, 2, 3), (\"a\", 1, 2, 3, 4)))\ndef check(candidate):\n    assert candidate(('w', 3, 'r', 'e', 's', 'o', 'u', 'r', 'c', 'e'), 'r') == True\n    assert candidate(('w', 3, 'r', 'e', 's', 'o', 'u', 'r', 'c', 'e'), '5') == False\n    assert candidate(('w', 3, 'r', 'e', 's', 'o', 'u', 'r', 'c', 'e'), 3) == True\n\ndef test_check():\n    check(check_tuplex)\n\ntest_check()\n",
      "timestamp": 1666123001,
      "stdout": "True\nFalse\nFalse\n",
      "stderr": "Traceback (most recent call last):\n  File \"/tmp/tmpex6ppnxd.py\", line 20, in <module>\n    test_check()\n  File \"/tmp/tmpex6ppnxd.py\", line 18, in test_check\n    check(check_tuplex)\n  File \"/tmp/tmpex6ppnxd.py\", line 13, in check\n    assert candidate(('w', 3, 'r', 'e', 's', 'o', 'u', 'r', 'c', 'e'), 'r') == True\nAssertionError\n",
      "exit_code": 1,
      "status": "Exception"
    },
    {
      "program": "from typing import Tuple, Union, Any\n\ndef check_tuplex(tuplex: Tuple[Union[str, int]], tuple1: Any) -> bool:\n    \"\"\"\n\tWrite a function to check whether an element exists within a tuple.\n\t\"\"\"\n    return tuplex == tuple1\ndef check(candidate):\n    assert candidate(('w', 3, 'r', 'e', 's', 'o', 'u', 'r', 'c', 'e'), 'r') == True\n    assert candidate(('w', 3, 'r', 'e', 's', 'o', 'u', 'r', 'c', 'e'), '5') == False\n    assert candidate(('w', 3, 'r', 'e', 's', 'o', 'u', 'r', 'c', 'e'), 3) == True\n\ndef test_check():\n    check(check_tuplex)\n\ntest_check()\n",
      "timestamp": 1665510247,
      "stdout": "",
      "stderr": "Traceback (most recent call last):\n  File \"/tmp/tmpnstmlqiy.py\", line 16, in <module>\n    test_check()\n  File \"/tmp/tmpnstmlqiy.py\", line 14, in test_check\n    check(check_tuplex)\n  File \"/tmp/tmpnstmlqiy.py\", line 9, in check\n    assert candidate(('w', 3, 'r', 'e', 's', 'o', 'u', 'r', 'c', 'e'), 'r') == True\nAssertionError\n",
      "exit_code": 1,
      "status": "Exception"
    },
    {
      "program": "from typing import Tuple, Union, Any\n\ndef check_tuplex(tuplex: Tuple[Union[str, int]], tuple1: Any) -> bool:\n    \"\"\"\n\tWrite a function to check whether an element exists within a tuple.\n\t\"\"\"\n    return tuplex == tuple1\ndef check(candidate):\n    assert candidate(('w', 3, 'r', 'e', 's', 'o', 'u', 'r', 'c', 'e'), 'r') == True\n    assert candidate(('w', 3, 'r', 'e', 's', 'o', 'u', 'r', 'c', 'e'), '5') == False\n    assert candidate(('w', 3, 'r', 'e', 's', 'o', 'u', 'r', 'c', 'e'), 3) == True\n\ndef test_check():\n    check(check_tuplex)\n\ntest_check()\n",
      "timestamp": 1665510247,
      "stdout": "",
      "stderr": "Traceback (most recent call last):\n  File \"/tmp/tmpnstmlqiy.py\", line 16, in <module>\n    test_check()\n  File \"/tmp/tmpnstmlqiy.py\", line 14, in test_check\n    check(check_tuplex)\n  File \"/tmp/tmpnstmlqiy.py\", line 9, in check\n    assert candidate(('w', 3, 'r', 'e', 's', 'o', 'u', 'r', 'c', 'e'), 'r') == True\nAssertionError\n",
      "exit_code": 1,
      "status": "Exception"
    },
    {
      "program": "from typing import Tuple, Union, Any\n\ndef check_tuplex(tuplex: Tuple[Union[str, int]], tuple1: Any) -> bool:\n    \"\"\"\n\tWrite a function to check whether an element exists within a tuple.\n\t\"\"\"\n    return tuplex == tuple1\ndef check(candidate):\n    assert candidate(('w', 3, 'r', 'e', 's', 'o', 'u', 'r', 'c', 'e'), 'r') == True\n    assert candidate(('w', 3, 'r', 'e', 's', 'o', 'u', 'r', 'c', 'e'), '5') == False\n    assert candidate(('w', 3, 'r', 'e', 's', 'o', 'u', 'r', 'c', 'e'), 3) == True\n\ndef test_check():\n    check(check_tuplex)\n\ntest_check()\n",
      "timestamp": 1665510247,
      "stdout": "",
      "stderr": "Traceback (most recent call last):\n  File \"/tmp/tmpnstmlqiy.py\", line 16, in <module>\n    test_check()\n  File \"/tmp/tmpnstmlqiy.py\", line 14, in test_check\n    check(check_tuplex)\n  File \"/tmp/tmpnstmlqiy.py\", line 9, in check\n    assert candidate(('w', 3, 'r', 'e', 's', 'o', 'u', 'r', 'c', 'e'), 'r') == True\nAssertionError\n",
      "exit_code": 1,
      "status": "Exception"
    },
    {
      "program": "from typing import Tuple, Union, Any\n\ndef check_tuplex(tuplex: Tuple[Union[str, int]], tuple1: Any) -> bool:\n    \"\"\"\n\tWrite a function to check whether an element exists within a tuple.\n\t\"\"\"\n    return tuplex == tuple1\n\nprint(check_tuplex((\"a\", \"b\", \"c\"), (\"a\", \"b\", \"c\")))\nprint(check_tuplex((\"a\", \"b\", \"c\"), (\"a\", \"b\", \"d\")))\nprint(check_tuplex((1, 2, 3), (1, 2, 3)))\nprint(check_tuplex((1, 2, 3), (1, 2, 4)))\ndef check(candidate):\n    assert candidate(('w', 3, 'r', 'e', 's', 'o', 'u', 'r', 'c', 'e'), 'r') == True\n    assert candidate(('w', 3, 'r', 'e', 's', 'o', 'u', 'r', 'c', 'e'), '5') == False\n    assert candidate(('w', 3, 'r', 'e', 's', 'o', 'u', 'r', 'c', 'e'), 3) == True\n\ndef test_check():\n    check(check_tuplex)\n\ntest_check()\n",
      "timestamp": 1666123001,
      "stdout": "True\nFalse\nTrue\nFalse\n",
      "stderr": "Traceback (most recent call last):\n  File \"/tmp/tmpuypta9yp.py\", line 21, in <module>\n    test_check()\n  File \"/tmp/tmpuypta9yp.py\", line 19, in test_check\n    check(check_tuplex)\n  File \"/tmp/tmpuypta9yp.py\", line 14, in check\n    assert candidate(('w', 3, 'r', 'e', 's', 'o', 'u', 'r', 'c', 'e'), 'r') == True\nAssertionError\n",
      "exit_code": 1,
      "status": "Exception"
    },
    {
      "program": "from typing import Tuple, Union, Any\n\ndef check_tuplex(tuplex: Tuple[Union[str, int]], tuple1: Any) -> bool:\n    \"\"\"\n\tWrite a function to check whether an element exists within a tuple.\n\t\"\"\"\n    return tuplex == tuple1\n\nprint(check_tuplex(('a', 'b', 'c'), ('a', 'b', 'c')))\nprint(check_tuplex(('a', 'b', 'c'), ('a', 'b', 'd')))\nprint(check_tuplex(('a', 'b', 'c'), ('a', 'b')))\nprint(check_tuplex(('a', 'b', 'c'), ('a', 'b', 'c', 'd')))\nprint(check_tuplex(('a', 'b', 'c'), ('d', 'e', 'f')))\nprint(check_tuplex(('a', 'b', 'c'), (1, 2, 3)))\ndef check(candidate):\n    assert candidate(('w', 3, 'r', 'e', 's', 'o', 'u', 'r', 'c', 'e'), 'r') == True\n    assert candidate(('w', 3, 'r', 'e', 's', 'o', 'u', 'r', 'c', 'e'), '5') == False\n    assert candidate(('w', 3, 'r', 'e', 's', 'o', 'u', 'r', 'c', 'e'), 3) == True\n\ndef test_check():\n    check(check_tuplex)\n\ntest_check()\n",
      "timestamp": 1665510247,
      "stdout": "True\nFalse\nFalse\nFalse\nFalse\nFalse\n",
      "stderr": "Traceback (most recent call last):\n  File \"/tmp/tmphsrf20ba.py\", line 23, in <module>\n    test_check()\n  File \"/tmp/tmphsrf20ba.py\", line 21, in test_check\n    check(check_tuplex)\n  File \"/tmp/tmphsrf20ba.py\", line 16, in check\n    assert candidate(('w', 3, 'r', 'e', 's', 'o', 'u', 'r', 'c', 'e'), 'r') == True\nAssertionError\n",
      "exit_code": 1,
      "status": "Exception"
    },
    {
      "program": "from typing import Tuple, Union, Any\n\ndef check_tuplex(tuplex: Tuple[Union[str, int]], tuple1: Any) -> bool:\n    \"\"\"\n\tWrite a function to check whether an element exists within a tuple.\n\t\"\"\"\n    return tuplex == tuple1\ndef check(candidate):\n    assert candidate(('w', 3, 'r', 'e', 's', 'o', 'u', 'r', 'c', 'e'), 'r') == True\n    assert candidate(('w', 3, 'r', 'e', 's', 'o', 'u', 'r', 'c', 'e'), '5') == False\n    assert candidate(('w', 3, 'r', 'e', 's', 'o', 'u', 'r', 'c', 'e'), 3) == True\n\ndef test_check():\n    check(check_tuplex)\n\ntest_check()\n",
      "timestamp": 1665510247,
      "stdout": "",
      "stderr": "Traceback (most recent call last):\n  File \"/tmp/tmpnstmlqiy.py\", line 16, in <module>\n    test_check()\n  File \"/tmp/tmpnstmlqiy.py\", line 14, in test_check\n    check(check_tuplex)\n  File \"/tmp/tmpnstmlqiy.py\", line 9, in check\n    assert candidate(('w', 3, 'r', 'e', 's', 'o', 'u', 'r', 'c', 'e'), 'r') == True\nAssertionError\n",
      "exit_code": 1,
      "status": "Exception"
    },
    {
      "program": "from typing import Tuple, Union, Any\n\ndef check_tuplex(tuplex: Tuple[Union[str, int]], tuple1: Any) -> bool:\n    \"\"\"\n\tWrite a function to check whether an element exists within a tuple.\n\t\"\"\"\n    return tuplex == tuple1\ndef check(candidate):\n    assert candidate(('w', 3, 'r', 'e', 's', 'o', 'u', 'r', 'c', 'e'), 'r') == True\n    assert candidate(('w', 3, 'r', 'e', 's', 'o', 'u', 'r', 'c', 'e'), '5') == False\n    assert candidate(('w', 3, 'r', 'e', 's', 'o', 'u', 'r', 'c', 'e'), 3) == True\n\ndef test_check():\n    check(check_tuplex)\n\ntest_check()\n",
      "timestamp": 1665510247,
      "stdout": "",
      "stderr": "Traceback (most recent call last):\n  File \"/tmp/tmpnstmlqiy.py\", line 16, in <module>\n    test_check()\n  File \"/tmp/tmpnstmlqiy.py\", line 14, in test_check\n    check(check_tuplex)\n  File \"/tmp/tmpnstmlqiy.py\", line 9, in check\n    assert candidate(('w', 3, 'r', 'e', 's', 'o', 'u', 'r', 'c', 'e'), 'r') == True\nAssertionError\n",
      "exit_code": 1,
      "status": "Exception"
    },
    {
      "program": "from typing import Tuple, Union, Any\n\ndef check_tuplex(tuplex: Tuple[Union[str, int]], tuple1: Any) -> bool:\n    \"\"\"\n\tWrite a function to check whether an element exists within a tuple.\n\t\"\"\"\n    return tuple1 in tuplex\ndef check(candidate):\n    assert candidate(('w', 3, 'r', 'e', 's', 'o', 'u', 'r', 'c', 'e'), 'r') == True\n    assert candidate(('w', 3, 'r', 'e', 's', 'o', 'u', 'r', 'c', 'e'), '5') == False\n    assert candidate(('w', 3, 'r', 'e', 's', 'o', 'u', 'r', 'c', 'e'), 3) == True\n\ndef test_check():\n    check(check_tuplex)\n\ntest_check()\n",
      "timestamp": 1665510247,
      "stdout": "",
      "stderr": "",
      "exit_code": 0,
      "status": "OK"
    },
    {
      "program": "from typing import Tuple, Union, Any\n\ndef check_tuplex(tuplex: Tuple[Union[str, int]], tuple1: Any) -> bool:\n    \"\"\"\n\tWrite a function to check whether an element exists within a tuple.\n\t\"\"\"\n    return tuplex == tuple1\n\nprint(check_tuplex(('a', 'b', 'c'), ('a', 'b', 'c')))\nprint(check_tuplex(('a', 'b', 'c'), ('a', 'b', 'd')))\nprint(check_tuplex(('a', 'b', 'c'), ('a', 'b')))\nprint(check_tuplex(('a', 'b', 'c'), ('a', 'b', 'c', 'd')))\nprint(check_tuplex(('a', 'b', 'c'), ('d', 'e', 'f')))\ndef check(candidate):\n    assert candidate(('w', 3, 'r', 'e', 's', 'o', 'u', 'r', 'c', 'e'), 'r') == True\n    assert candidate(('w', 3, 'r', 'e', 's', 'o', 'u', 'r', 'c', 'e'), '5') == False\n    assert candidate(('w', 3, 'r', 'e', 's', 'o', 'u', 'r', 'c', 'e'), 3) == True\n\ndef test_check():\n    check(check_tuplex)\n\ntest_check()\n",
      "timestamp": 1665510247,
      "stdout": "True\nFalse\nFalse\nFalse\nFalse\n",
      "stderr": "Traceback (most recent call last):\n  File \"/tmp/tmpvrq_uvx2.py\", line 22, in <module>\n    test_check()\n  File \"/tmp/tmpvrq_uvx2.py\", line 20, in test_check\n    check(check_tuplex)\n  File \"/tmp/tmpvrq_uvx2.py\", line 15, in check\n    assert candidate(('w', 3, 'r', 'e', 's', 'o', 'u', 'r', 'c', 'e'), 'r') == True\nAssertionError\n",
      "exit_code": 1,
      "status": "Exception"
    },
    {
      "program": "from typing import Tuple, Union, Any\n\ndef check_tuplex(tuplex: Tuple[Union[str, int]], tuple1: Any) -> bool:\n    \"\"\"\n\tWrite a function to check whether an element exists within a tuple.\n\t\"\"\"\n    return tuplex == tuple1\n\nprint(check_tuplex(('a', 'b', 'c'), ('a', 'b', 'c')))\nprint(check_tuplex(('a', 'b', 'c'), ('a', 'b', 'd')))\nprint(check_tuplex(('a', 'b', 'c'), ('a', 'b')))\nprint(check_tuplex(('a', 'b', 'c'), ('a', 'b', 'c', 'd')))\ndef check(candidate):\n    assert candidate(('w', 3, 'r', 'e', 's', 'o', 'u', 'r', 'c', 'e'), 'r') == True\n    assert candidate(('w', 3, 'r', 'e', 's', 'o', 'u', 'r', 'c', 'e'), '5') == False\n    assert candidate(('w', 3, 'r', 'e', 's', 'o', 'u', 'r', 'c', 'e'), 3) == True\n\ndef test_check():\n    check(check_tuplex)\n\ntest_check()\n",
      "timestamp": 1665510247,
      "stdout": "True\nFalse\nFalse\nFalse\n",
      "stderr": "Traceback (most recent call last):\n  File \"/tmp/tmp4yp60zex.py\", line 21, in <module>\n    test_check()\n  File \"/tmp/tmp4yp60zex.py\", line 19, in test_check\n    check(check_tuplex)\n  File \"/tmp/tmp4yp60zex.py\", line 14, in check\n    assert candidate(('w', 3, 'r', 'e', 's', 'o', 'u', 'r', 'c', 'e'), 'r') == True\nAssertionError\n",
      "exit_code": 1,
      "status": "Exception"
    },
    {
      "program": "from typing import Tuple, Union, Any\n\ndef check_tuplex(tuplex: Tuple[Union[str, int]], tuple1: Any) -> bool:\n    \"\"\"\n\tWrite a function to check whether an element exists within a tuple.\n\t\"\"\"\n    return tuplex == tuple1\n\nprint(check_tuplex(('a', 'b', 'c'), ('a', 'b', 'c')))\nprint(check_tuplex(('a', 'b', 'c'), ('a', 'b', 'd')))\nprint(check_tuplex(('a', 'b', 'c'), ('a', 'b')))\nprint(check_tuplex(('a', 'b', 'c'), ('a', 'b', 'c', 'd')))\ndef check(candidate):\n    assert candidate(('w', 3, 'r', 'e', 's', 'o', 'u', 'r', 'c', 'e'), 'r') == True\n    assert candidate(('w', 3, 'r', 'e', 's', 'o', 'u', 'r', 'c', 'e'), '5') == False\n    assert candidate(('w', 3, 'r', 'e', 's', 'o', 'u', 'r', 'c', 'e'), 3) == True\n\ndef test_check():\n    check(check_tuplex)\n\ntest_check()\n",
      "timestamp": 1665510247,
      "stdout": "True\nFalse\nFalse\nFalse\n",
      "stderr": "Traceback (most recent call last):\n  File \"/tmp/tmp4yp60zex.py\", line 21, in <module>\n    test_check()\n  File \"/tmp/tmp4yp60zex.py\", line 19, in test_check\n    check(check_tuplex)\n  File \"/tmp/tmp4yp60zex.py\", line 14, in check\n    assert candidate(('w', 3, 'r', 'e', 's', 'o', 'u', 'r', 'c', 'e'), 'r') == True\nAssertionError\n",
      "exit_code": 1,
      "status": "Exception"
    },
    {
      "program": "from typing import Tuple, Union, Any\n\ndef check_tuplex(tuplex: Tuple[Union[str, int]], tuple1: Any) -> bool:\n    \"\"\"\n\tWrite a function to check whether an element exists within a tuple.\n\t\"\"\"\n    return tuple1 in tuplex\n\ndef check(candidate):\n    assert candidate(('w', 3, 'r', 'e', 's', 'o', 'u', 'r', 'c', 'e'), 'r') == True\n    assert candidate(('w', 3, 'r', 'e', 's', 'o', 'u', 'r', 'c', 'e'), '5') == False\n    assert candidate(('w', 3, 'r', 'e', 's', 'o', 'u', 'r', 'c', 'e'), 3) == True\n\ndef test_check():\n    check(check_tuplex)\n\ntest_check()\n",
      "timestamp": 1666123000,
      "stdout": "",
      "stderr": "",
      "exit_code": 0,
      "status": "OK"
    },
    {
      "program": "from typing import Tuple, Union, Any\n\ndef check_tuplex(tuplex: Tuple[Union[str, int]], tuple1: Any) -> bool:\n    \"\"\"\n\tWrite a function to check whether an element exists within a tuple.\n\t\"\"\"\n    return tuplex == tuple1\ndef check(candidate):\n    assert candidate(('w', 3, 'r', 'e', 's', 'o', 'u', 'r', 'c', 'e'), 'r') == True\n    assert candidate(('w', 3, 'r', 'e', 's', 'o', 'u', 'r', 'c', 'e'), '5') == False\n    assert candidate(('w', 3, 'r', 'e', 's', 'o', 'u', 'r', 'c', 'e'), 3) == True\n\ndef test_check():\n    check(check_tuplex)\n\ntest_check()\n",
      "timestamp": 1665510247,
      "stdout": "",
      "stderr": "Traceback (most recent call last):\n  File \"/tmp/tmpnstmlqiy.py\", line 16, in <module>\n    test_check()\n  File \"/tmp/tmpnstmlqiy.py\", line 14, in test_check\n    check(check_tuplex)\n  File \"/tmp/tmpnstmlqiy.py\", line 9, in check\n    assert candidate(('w', 3, 'r', 'e', 's', 'o', 'u', 'r', 'c', 'e'), 'r') == True\nAssertionError\n",
      "exit_code": 1,
      "status": "Exception"
    },
    {
      "program": "from typing import Tuple, Union, Any\n\ndef check_tuplex(tuplex: Tuple[Union[str, int]], tuple1: Any) -> bool:\n    \"\"\"\n\tWrite a function to check whether an element exists within a tuple.\n\t\"\"\"\n    return tuplex == tuple1\ndef check(candidate):\n    assert candidate(('w', 3, 'r', 'e', 's', 'o', 'u', 'r', 'c', 'e'), 'r') == True\n    assert candidate(('w', 3, 'r', 'e', 's', 'o', 'u', 'r', 'c', 'e'), '5') == False\n    assert candidate(('w', 3, 'r', 'e', 's', 'o', 'u', 'r', 'c', 'e'), 3) == True\n\ndef test_check():\n    check(check_tuplex)\n\ntest_check()\n",
      "timestamp": 1665510247,
      "stdout": "",
      "stderr": "Traceback (most recent call last):\n  File \"/tmp/tmpnstmlqiy.py\", line 16, in <module>\n    test_check()\n  File \"/tmp/tmpnstmlqiy.py\", line 14, in test_check\n    check(check_tuplex)\n  File \"/tmp/tmpnstmlqiy.py\", line 9, in check\n    assert candidate(('w', 3, 'r', 'e', 's', 'o', 'u', 'r', 'c', 'e'), 'r') == True\nAssertionError\n",
      "exit_code": 1,
      "status": "Exception"
    },
    {
      "program": "from typing import Tuple, Union, Any\n\ndef check_tuplex(tuplex: Tuple[Union[str, int]], tuple1: Any) -> bool:\n    \"\"\"\n\tWrite a function to check whether an element exists within a tuple.\n\t\"\"\"\n    return tuplex == tuple1\n\ndef check(candidate):\n    assert candidate(('w', 3, 'r', 'e', 's', 'o', 'u', 'r', 'c', 'e'), 'r') == True\n    assert candidate(('w', 3, 'r', 'e', 's', 'o', 'u', 'r', 'c', 'e'), '5') == False\n    assert candidate(('w', 3, 'r', 'e', 's', 'o', 'u', 'r', 'c', 'e'), 3) == True\n\ndef test_check():\n    check(check_tuplex)\n\ntest_check()\n",
      "timestamp": 1665510247,
      "stdout": "",
      "stderr": "Traceback (most recent call last):\n  File \"/tmp/tmpxyi7dn_5.py\", line 17, in <module>\n    test_check()\n  File \"/tmp/tmpxyi7dn_5.py\", line 15, in test_check\n    check(check_tuplex)\n  File \"/tmp/tmpxyi7dn_5.py\", line 10, in check\n    assert candidate(('w', 3, 'r', 'e', 's', 'o', 'u', 'r', 'c', 'e'), 'r') == True\nAssertionError\n",
      "exit_code": 1,
      "status": "Exception"
    },
    {
      "program": "from typing import Tuple, Union, Any\n\ndef check_tuplex(tuplex: Tuple[Union[str, int]], tuple1: Any) -> bool:\n    \"\"\"\n\tWrite a function to check whether an element exists within a tuple.\n\t\"\"\"\n    return tuplex == tuple1\n\nprint(check_tuplex(('a', 'b', 'c'), ('a', 'b', 'c')))\nprint(check_tuplex(('a', 'b', 'c'), ('a', 'b', 'd')))\nprint(check_tuplex(('a', 'b', 'c'), ('a', 'b')))\nprint(check_tuplex(('a', 'b', 'c'), ('a', 'b', 'c', 'd')))\ndef check(candidate):\n    assert candidate(('w', 3, 'r', 'e', 's', 'o', 'u', 'r', 'c', 'e'), 'r') == True\n    assert candidate(('w', 3, 'r', 'e', 's', 'o', 'u', 'r', 'c', 'e'), '5') == False\n    assert candidate(('w', 3, 'r', 'e', 's', 'o', 'u', 'r', 'c', 'e'), 3) == True\n\ndef test_check():\n    check(check_tuplex)\n\ntest_check()\n",
      "timestamp": 1665510247,
      "stdout": "True\nFalse\nFalse\nFalse\n",
      "stderr": "Traceback (most recent call last):\n  File \"/tmp/tmp4yp60zex.py\", line 21, in <module>\n    test_check()\n  File \"/tmp/tmp4yp60zex.py\", line 19, in test_check\n    check(check_tuplex)\n  File \"/tmp/tmp4yp60zex.py\", line 14, in check\n    assert candidate(('w', 3, 'r', 'e', 's', 'o', 'u', 'r', 'c', 'e'), 'r') == True\nAssertionError\n",
      "exit_code": 1,
      "status": "Exception"
    },
    {
      "program": "from typing import Tuple, Union, Any\n\ndef check_tuplex(tuplex: Tuple[Union[str, int]], tuple1: Any) -> bool:\n    \"\"\"\n\tWrite a function to check whether an element exists within a tuple.\n\t\"\"\"\n    return tuplex == tuple1\n\nprint(check_tuplex((\"a\", 1), (\"a\", 1)))\nprint(check_tuplex((\"a\", 1), (\"b\", 2)))\nprint(check_tuplex((\"a\", 1), (\"a\", 2)))\ndef check(candidate):\n    assert candidate(('w', 3, 'r', 'e', 's', 'o', 'u', 'r', 'c', 'e'), 'r') == True\n    assert candidate(('w', 3, 'r', 'e', 's', 'o', 'u', 'r', 'c', 'e'), '5') == False\n    assert candidate(('w', 3, 'r', 'e', 's', 'o', 'u', 'r', 'c', 'e'), 3) == True\n\ndef test_check():\n    check(check_tuplex)\n\ntest_check()\n",
      "timestamp": 1665510247,
      "stdout": "True\nFalse\nFalse\n",
      "stderr": "Traceback (most recent call last):\n  File \"/tmp/tmphpu4g9nu.py\", line 20, in <module>\n    test_check()\n  File \"/tmp/tmphpu4g9nu.py\", line 18, in test_check\n    check(check_tuplex)\n  File \"/tmp/tmphpu4g9nu.py\", line 13, in check\n    assert candidate(('w', 3, 'r', 'e', 's', 'o', 'u', 'r', 'c', 'e'), 'r') == True\nAssertionError\n",
      "exit_code": 1,
      "status": "Exception"
    },
    {
      "program": "from typing import Tuple, Union, Any\n\ndef check_tuplex(tuplex: Tuple[Union[str, int]], tuple1: Any) -> bool:\n    \"\"\"\n\tWrite a function to check whether an element exists within a tuple.\n\t\"\"\"\n    return tuplex == tuple1\n\nprint(check_tuplex((\"a\", 1, 2), (\"a\", 1, 2)))\nprint(check_tuplex((\"a\", 1, 2), (\"a\", 1, 3)))\ndef check(candidate):\n    assert candidate(('w', 3, 'r', 'e', 's', 'o', 'u', 'r', 'c', 'e'), 'r') == True\n    assert candidate(('w', 3, 'r', 'e', 's', 'o', 'u', 'r', 'c', 'e'), '5') == False\n    assert candidate(('w', 3, 'r', 'e', 's', 'o', 'u', 'r', 'c', 'e'), 3) == True\n\ndef test_check():\n    check(check_tuplex)\n\ntest_check()\n",
      "timestamp": 1666123000,
      "stdout": "True\nFalse\n",
      "stderr": "Traceback (most recent call last):\n  File \"/tmp/tmpovkvjh0m.py\", line 19, in <module>\n    test_check()\n  File \"/tmp/tmpovkvjh0m.py\", line 17, in test_check\n    check(check_tuplex)\n  File \"/tmp/tmpovkvjh0m.py\", line 12, in check\n    assert candidate(('w', 3, 'r', 'e', 's', 'o', 'u', 'r', 'c', 'e'), 'r') == True\nAssertionError\n",
      "exit_code": 1,
      "status": "Exception"
    },
    {
      "program": "from typing import Tuple, Union, Any\n\ndef check_tuplex(tuplex: Tuple[Union[str, int]], tuple1: Any) -> bool:\n    \"\"\"\n\tWrite a function to check whether an element exists within a tuple.\n\t\"\"\"\n    return tuplex == tuple1\ndef check(candidate):\n    assert candidate(('w', 3, 'r', 'e', 's', 'o', 'u', 'r', 'c', 'e'), 'r') == True\n    assert candidate(('w', 3, 'r', 'e', 's', 'o', 'u', 'r', 'c', 'e'), '5') == False\n    assert candidate(('w', 3, 'r', 'e', 's', 'o', 'u', 'r', 'c', 'e'), 3) == True\n\ndef test_check():\n    check(check_tuplex)\n\ntest_check()\n",
      "timestamp": 1665510247,
      "stdout": "",
      "stderr": "Traceback (most recent call last):\n  File \"/tmp/tmpnstmlqiy.py\", line 16, in <module>\n    test_check()\n  File \"/tmp/tmpnstmlqiy.py\", line 14, in test_check\n    check(check_tuplex)\n  File \"/tmp/tmpnstmlqiy.py\", line 9, in check\n    assert candidate(('w', 3, 'r', 'e', 's', 'o', 'u', 'r', 'c', 'e'), 'r') == True\nAssertionError\n",
      "exit_code": 1,
      "status": "Exception"
    },
    {
      "program": "from typing import Tuple, Union, Any\n\ndef check_tuplex(tuplex: Tuple[Union[str, int]], tuple1: Any) -> bool:\n    \"\"\"\n\tWrite a function to check whether an element exists within a tuple.\n\t\"\"\"\n    return tuple1 in tuplex\n\ndef check(candidate):\n    assert candidate(('w', 3, 'r', 'e', 's', 'o', 'u', 'r', 'c', 'e'), 'r') == True\n    assert candidate(('w', 3, 'r', 'e', 's', 'o', 'u', 'r', 'c', 'e'), '5') == False\n    assert candidate(('w', 3, 'r', 'e', 's', 'o', 'u', 'r', 'c', 'e'), 3) == True\n\ndef test_check():\n    check(check_tuplex)\n\ntest_check()\n",
      "timestamp": 1666123000,
      "stdout": "",
      "stderr": "",
      "exit_code": 0,
      "status": "OK"
    },
    {
      "program": "from typing import Tuple, Union, Any\n\ndef check_tuplex(tuplex: Tuple[Union[str, int]], tuple1: Any) -> bool:\n    \"\"\"\n\tWrite a function to check whether an element exists within a tuple.\n\t\"\"\"\n    return tuple1 in tuplex\n\ndef check(candidate):\n    assert candidate(('w', 3, 'r', 'e', 's', 'o', 'u', 'r', 'c', 'e'), 'r') == True\n    assert candidate(('w', 3, 'r', 'e', 's', 'o', 'u', 'r', 'c', 'e'), '5') == False\n    assert candidate(('w', 3, 'r', 'e', 's', 'o', 'u', 'r', 'c', 'e'), 3) == True\n\ndef test_check():\n    check(check_tuplex)\n\ntest_check()\n",
      "timestamp": 1666123000,
      "stdout": "",
      "stderr": "",
      "exit_code": 0,
      "status": "OK"
    },
    {
      "program": "from typing import Tuple, Union, Any\n\ndef check_tuplex(tuplex: Tuple[Union[str, int]], tuple1: Any) -> bool:\n    \"\"\"\n\tWrite a function to check whether an element exists within a tuple.\n\t\"\"\"\n    return tuplex == tuple1\n\nprint(check_tuplex((\"a\", 1, 2), (\"a\", 1, 2)))\nprint(check_tuplex((\"a\", 1, 2), (\"a\", 1, 3)))\nprint(check_tuplex((\"a\", 1, 2), (\"a\", 1)))\ndef check(candidate):\n    assert candidate(('w', 3, 'r', 'e', 's', 'o', 'u', 'r', 'c', 'e'), 'r') == True\n    assert candidate(('w', 3, 'r', 'e', 's', 'o', 'u', 'r', 'c', 'e'), '5') == False\n    assert candidate(('w', 3, 'r', 'e', 's', 'o', 'u', 'r', 'c', 'e'), 3) == True\n\ndef test_check():\n    check(check_tuplex)\n\ntest_check()\n",
      "timestamp": 1666123000,
      "stdout": "True\nFalse\nFalse\n",
      "stderr": "Traceback (most recent call last):\n  File \"/tmp/tmpfbcxfuv9.py\", line 20, in <module>\n    test_check()\n  File \"/tmp/tmpfbcxfuv9.py\", line 18, in test_check\n    check(check_tuplex)\n  File \"/tmp/tmpfbcxfuv9.py\", line 13, in check\n    assert candidate(('w', 3, 'r', 'e', 's', 'o', 'u', 'r', 'c', 'e'), 'r') == True\nAssertionError\n",
      "exit_code": 1,
      "status": "Exception"
    },
    {
      "program": "from typing import Tuple, Union, Any\n\ndef check_tuplex(tuplex: Tuple[Union[str, int]], tuple1: Any) -> bool:\n    \"\"\"\n\tWrite a function to check whether an element exists within a tuple.\n\t\"\"\"\n    return tuplex == tuple1\n\nprint(check_tuplex(('a', 'b', 'c'), ('a', 'b', 'c')))\nprint(check_tuplex(('a', 'b', 'c'), ('a', 'b', 'd')))\nprint(check_tuplex(('a', 'b', 'c'), ('a', 'b')))\nprint(check_tuplex(('a', 'b', 'c'), ('a', 'b', 'c', 'd')))\nprint(check_tuplex(('a', 'b', 'c'), ('d', 'e', 'f')))\nprint(check_tuplex(('a', 'b', 'c'), (1, 2, 3)))\ndef check(candidate):\n    assert candidate(('w', 3, 'r', 'e', 's', 'o', 'u', 'r', 'c', 'e'), 'r') == True\n    assert candidate(('w', 3, 'r', 'e', 's', 'o', 'u', 'r', 'c', 'e'), '5') == False\n    assert candidate(('w', 3, 'r', 'e', 's', 'o', 'u', 'r', 'c', 'e'), 3) == True\n\ndef test_check():\n    check(check_tuplex)\n\ntest_check()\n",
      "timestamp": 1665510247,
      "stdout": "True\nFalse\nFalse\nFalse\nFalse\nFalse\n",
      "stderr": "Traceback (most recent call last):\n  File \"/tmp/tmphsrf20ba.py\", line 23, in <module>\n    test_check()\n  File \"/tmp/tmphsrf20ba.py\", line 21, in test_check\n    check(check_tuplex)\n  File \"/tmp/tmphsrf20ba.py\", line 16, in check\n    assert candidate(('w', 3, 'r', 'e', 's', 'o', 'u', 'r', 'c', 'e'), 'r') == True\nAssertionError\n",
      "exit_code": 1,
      "status": "Exception"
    },
    {
      "program": "from typing import Tuple, Union, Any\n\ndef check_tuplex(tuplex: Tuple[Union[str, int]], tuple1: Any) -> bool:\n    \"\"\"\n\tWrite a function to check whether an element exists within a tuple.\n\t\"\"\"\n    return tuple1 in tuplex\ndef check(candidate):\n    assert candidate(('w', 3, 'r', 'e', 's', 'o', 'u', 'r', 'c', 'e'), 'r') == True\n    assert candidate(('w', 3, 'r', 'e', 's', 'o', 'u', 'r', 'c', 'e'), '5') == False\n    assert candidate(('w', 3, 'r', 'e', 's', 'o', 'u', 'r', 'c', 'e'), 3) == True\n\ndef test_check():\n    check(check_tuplex)\n\ntest_check()\n",
      "timestamp": 1665510247,
      "stdout": "",
      "stderr": "",
      "exit_code": 0,
      "status": "OK"
    },
    {
      "program": "from typing import Tuple, Union, Any\n\ndef check_tuplex(tuplex: Tuple[Union[str, int]], tuple1: Any) -> bool:\n    \"\"\"\n\tWrite a function to check whether an element exists within a tuple.\n\t\"\"\"\n    return tuplex == tuple1\n\ntuplex = (\"w\", 3, \"r\", \"e\", \"s\", \"o\", \"u\", \"r\", \"c\", \"e\")\ntuple1 = (\"w\", 3, \"r\", \"e\", \"s\", \"o\", \"u\", \"r\", \"c\", \"e\")\nprint(check_tuplex(tuplex, tuple1))\ntuple1 = (\"1\", \"2\", \"3\", \"4\", \"5\", \"6\")\nprint(check_tuplex(tuplex, tuple1))\ndef check(candidate):\n    assert candidate(('w', 3, 'r', 'e', 's', 'o', 'u', 'r', 'c', 'e'), 'r') == True\n    assert candidate(('w', 3, 'r', 'e', 's', 'o', 'u', 'r', 'c', 'e'), '5') == False\n    assert candidate(('w', 3, 'r', 'e', 's', 'o', 'u', 'r', 'c', 'e'), 3) == True\n\ndef test_check():\n    check(check_tuplex)\n\ntest_check()\n",
      "timestamp": 1666123001,
      "stdout": "True\nFalse\n",
      "stderr": "Traceback (most recent call last):\n  File \"/tmp/tmp__ae66qu.py\", line 22, in <module>\n    test_check()\n  File \"/tmp/tmp__ae66qu.py\", line 20, in test_check\n    check(check_tuplex)\n  File \"/tmp/tmp__ae66qu.py\", line 15, in check\n    assert candidate(('w', 3, 'r', 'e', 's', 'o', 'u', 'r', 'c', 'e'), 'r') == True\nAssertionError\n",
      "exit_code": 1,
      "status": "Exception"
    },
    {
      "program": "from typing import Tuple, Union, Any\n\ndef check_tuplex(tuplex: Tuple[Union[str, int]], tuple1: Any) -> bool:\n    \"\"\"\n\tWrite a function to check whether an element exists within a tuple.\n\t\"\"\"\n    return tuplex == tuple1\n\ndef check(candidate):\n    assert candidate(('w', 3, 'r', 'e', 's', 'o', 'u', 'r', 'c', 'e'), 'r') == True\n    assert candidate(('w', 3, 'r', 'e', 's', 'o', 'u', 'r', 'c', 'e'), '5') == False\n    assert candidate(('w', 3, 'r', 'e', 's', 'o', 'u', 'r', 'c', 'e'), 3) == True\n\ndef test_check():\n    check(check_tuplex)\n\ntest_check()\n",
      "timestamp": 1665510247,
      "stdout": "",
      "stderr": "Traceback (most recent call last):\n  File \"/tmp/tmpxyi7dn_5.py\", line 17, in <module>\n    test_check()\n  File \"/tmp/tmpxyi7dn_5.py\", line 15, in test_check\n    check(check_tuplex)\n  File \"/tmp/tmpxyi7dn_5.py\", line 10, in check\n    assert candidate(('w', 3, 'r', 'e', 's', 'o', 'u', 'r', 'c', 'e'), 'r') == True\nAssertionError\n",
      "exit_code": 1,
      "status": "Exception"
    },
    {
      "program": "from typing import Tuple, Union, Any\n\ndef check_tuplex(tuplex: Tuple[Union[str, int]], tuple1: Any) -> bool:\n    \"\"\"\n\tWrite a function to check whether an element exists within a tuple.\n\t\"\"\"\n    return tuplex == tuple1\ndef check(candidate):\n    assert candidate(('w', 3, 'r', 'e', 's', 'o', 'u', 'r', 'c', 'e'), 'r') == True\n    assert candidate(('w', 3, 'r', 'e', 's', 'o', 'u', 'r', 'c', 'e'), '5') == False\n    assert candidate(('w', 3, 'r', 'e', 's', 'o', 'u', 'r', 'c', 'e'), 3) == True\n\ndef test_check():\n    check(check_tuplex)\n\ntest_check()\n",
      "timestamp": 1665510247,
      "stdout": "",
      "stderr": "Traceback (most recent call last):\n  File \"/tmp/tmpnstmlqiy.py\", line 16, in <module>\n    test_check()\n  File \"/tmp/tmpnstmlqiy.py\", line 14, in test_check\n    check(check_tuplex)\n  File \"/tmp/tmpnstmlqiy.py\", line 9, in check\n    assert candidate(('w', 3, 'r', 'e', 's', 'o', 'u', 'r', 'c', 'e'), 'r') == True\nAssertionError\n",
      "exit_code": 1,
      "status": "Exception"
    },
    {
      "program": "from typing import Tuple, Union, Any\n\ndef check_tuplex(tuplex: Tuple[Union[str, int]], tuple1: Any) -> bool:\n    \"\"\"\n\tWrite a function to check whether an element exists within a tuple.\n\t\"\"\"\n    return tuplex == tuple1\n\nprint(check_tuplex((\"a\", 1, 2), (\"a\", 1, 2)))\nprint(check_tuplex((\"a\", 1, 2), (\"a\", 1, 3)))\ndef check(candidate):\n    assert candidate(('w', 3, 'r', 'e', 's', 'o', 'u', 'r', 'c', 'e'), 'r') == True\n    assert candidate(('w', 3, 'r', 'e', 's', 'o', 'u', 'r', 'c', 'e'), '5') == False\n    assert candidate(('w', 3, 'r', 'e', 's', 'o', 'u', 'r', 'c', 'e'), 3) == True\n\ndef test_check():\n    check(check_tuplex)\n\ntest_check()\n",
      "timestamp": 1666123000,
      "stdout": "True\nFalse\n",
      "stderr": "Traceback (most recent call last):\n  File \"/tmp/tmpovkvjh0m.py\", line 19, in <module>\n    test_check()\n  File \"/tmp/tmpovkvjh0m.py\", line 17, in test_check\n    check(check_tuplex)\n  File \"/tmp/tmpovkvjh0m.py\", line 12, in check\n    assert candidate(('w', 3, 'r', 'e', 's', 'o', 'u', 'r', 'c', 'e'), 'r') == True\nAssertionError\n",
      "exit_code": 1,
      "status": "Exception"
    },
    {
      "program": "from typing import Tuple, Union, Any\n\ndef check_tuplex(tuplex: Tuple[Union[str, int]], tuple1: Any) -> bool:\n    \"\"\"\n\tWrite a function to check whether an element exists within a tuple.\n\t\"\"\"\n    return tuple1 in tuplex\n\ndef check(candidate):\n    assert candidate(('w', 3, 'r', 'e', 's', 'o', 'u', 'r', 'c', 'e'), 'r') == True\n    assert candidate(('w', 3, 'r', 'e', 's', 'o', 'u', 'r', 'c', 'e'), '5') == False\n    assert candidate(('w', 3, 'r', 'e', 's', 'o', 'u', 'r', 'c', 'e'), 3) == True\n\ndef test_check():\n    check(check_tuplex)\n\ntest_check()\n",
      "timestamp": 1666123000,
      "stdout": "",
      "stderr": "",
      "exit_code": 0,
      "status": "OK"
    },
    {
      "program": "from typing import Tuple, Union, Any\n\ndef check_tuplex(tuplex: Tuple[Union[str, int]], tuple1: Any) -> bool:\n    \"\"\"\n\tWrite a function to check whether an element exists within a tuple.\n\t\"\"\"\n    return tuplex == tuple1\n\n\nprint(check_tuplex((\"a\", 1), (\"a\", 1)))\nprint(check_tuplex((\"a\", 1), (\"b\", 2)))\nprint(check_tuplex((\"a\", 1), (\"a\", 2)))\ndef check(candidate):\n    assert candidate(('w', 3, 'r', 'e', 's', 'o', 'u', 'r', 'c', 'e'), 'r') == True\n    assert candidate(('w', 3, 'r', 'e', 's', 'o', 'u', 'r', 'c', 'e'), '5') == False\n    assert candidate(('w', 3, 'r', 'e', 's', 'o', 'u', 'r', 'c', 'e'), 3) == True\n\ndef test_check():\n    check(check_tuplex)\n\ntest_check()\n",
      "timestamp": 1666123001,
      "stdout": "True\nFalse\nFalse\n",
      "stderr": "Traceback (most recent call last):\n  File \"/tmp/tmpi56foxpa.py\", line 21, in <module>\n    test_check()\n  File \"/tmp/tmpi56foxpa.py\", line 19, in test_check\n    check(check_tuplex)\n  File \"/tmp/tmpi56foxpa.py\", line 14, in check\n    assert candidate(('w', 3, 'r', 'e', 's', 'o', 'u', 'r', 'c', 'e'), 'r') == True\nAssertionError\n",
      "exit_code": 1,
      "status": "Exception"
    },
    {
      "program": "from typing import Tuple, Union, Any\n\ndef check_tuplex(tuplex: Tuple[Union[str, int]], tuple1: Any) -> bool:\n    \"\"\"\n\tWrite a function to check whether an element exists within a tuple.\n\t\"\"\"\n    return tuplex == tuple1\ndef check(candidate):\n    assert candidate(('w', 3, 'r', 'e', 's', 'o', 'u', 'r', 'c', 'e'), 'r') == True\n    assert candidate(('w', 3, 'r', 'e', 's', 'o', 'u', 'r', 'c', 'e'), '5') == False\n    assert candidate(('w', 3, 'r', 'e', 's', 'o', 'u', 'r', 'c', 'e'), 3) == True\n\ndef test_check():\n    check(check_tuplex)\n\ntest_check()\n",
      "timestamp": 1665510247,
      "stdout": "",
      "stderr": "Traceback (most recent call last):\n  File \"/tmp/tmpnstmlqiy.py\", line 16, in <module>\n    test_check()\n  File \"/tmp/tmpnstmlqiy.py\", line 14, in test_check\n    check(check_tuplex)\n  File \"/tmp/tmpnstmlqiy.py\", line 9, in check\n    assert candidate(('w', 3, 'r', 'e', 's', 'o', 'u', 'r', 'c', 'e'), 'r') == True\nAssertionError\n",
      "exit_code": 1,
      "status": "Exception"
    },
    {
      "program": "from typing import Tuple, Union, Any\n\ndef check_tuplex(tuplex: Tuple[Union[str, int]], tuple1: Any) -> bool:\n    \"\"\"\n\tWrite a function to check whether an element exists within a tuple.\n\t\"\"\"\n    return tuple1 in tuplex\ndef check(candidate):\n    assert candidate(('w', 3, 'r', 'e', 's', 'o', 'u', 'r', 'c', 'e'), 'r') == True\n    assert candidate(('w', 3, 'r', 'e', 's', 'o', 'u', 'r', 'c', 'e'), '5') == False\n    assert candidate(('w', 3, 'r', 'e', 's', 'o', 'u', 'r', 'c', 'e'), 3) == True\n\ndef test_check():\n    check(check_tuplex)\n\ntest_check()\n",
      "timestamp": 1665510247,
      "stdout": "",
      "stderr": "",
      "exit_code": 0,
      "status": "OK"
    },
    {
      "program": "from typing import Tuple, Union, Any\n\ndef check_tuplex(tuplex: Tuple[Union[str, int]], tuple1: Any) -> bool:\n    \"\"\"\n\tWrite a function to check whether an element exists within a tuple.\n\t\"\"\"\n    return tuplex == tuple1\n\nprint(check_tuplex((\"a\", 1, 2), (\"a\", 1, 2)))\nprint(check_tuplex((\"a\", 1, 2), (\"b\", 1, 2)))\nprint(check_tuplex((\"a\", 1, 2), (\"a\", 1, 3)))\nprint(check_tuplex((\"a\", 1, 2), (\"a\", 2, 1)))\nprint(check_tuplex((\"a\", 1, 2), (\"a\", 1)))\nprint(check_tuplex((\"a\", 1, 2), (\"a\", 1, 2, 3)))\ndef check(candidate):\n    assert candidate(('w', 3, 'r', 'e', 's', 'o', 'u', 'r', 'c', 'e'), 'r') == True\n    assert candidate(('w', 3, 'r', 'e', 's', 'o', 'u', 'r', 'c', 'e'), '5') == False\n    assert candidate(('w', 3, 'r', 'e', 's', 'o', 'u', 'r', 'c', 'e'), 3) == True\n\ndef test_check():\n    check(check_tuplex)\n\ntest_check()\n",
      "timestamp": 1666123001,
      "stdout": "True\nFalse\nFalse\nFalse\nFalse\nFalse\n",
      "stderr": "Traceback (most recent call last):\n  File \"/tmp/tmpjkgfozfy.py\", line 23, in <module>\n    test_check()\n  File \"/tmp/tmpjkgfozfy.py\", line 21, in test_check\n    check(check_tuplex)\n  File \"/tmp/tmpjkgfozfy.py\", line 16, in check\n    assert candidate(('w', 3, 'r', 'e', 's', 'o', 'u', 'r', 'c', 'e'), 'r') == True\nAssertionError\n",
      "exit_code": 1,
      "status": "Exception"
    },
    {
      "program": "from typing import Tuple, Union, Any\n\ndef check_tuplex(tuplex: Tuple[Union[str, int]], tuple1: Any) -> bool:\n    \"\"\"\n\tWrite a function to check whether an element exists within a tuple.\n\t\"\"\"\n    return tuplex == tuple1\n\nprint(check_tuplex(('a', 1, 2, 3), ('a', 1, 2, 3)))\nprint(check_tuplex(('a', 1, 2, 3), ('a', 1, 2, 3, 4)))\nprint(check_tuplex(('a', 1, 2, 3), ('a', 1, 2)))\nprint(check_tuplex(('a', 1, 2, 3), ('a', 1, 2, 3, 4, 5)))\ndef check(candidate):\n    assert candidate(('w', 3, 'r', 'e', 's', 'o', 'u', 'r', 'c', 'e'), 'r') == True\n    assert candidate(('w', 3, 'r', 'e', 's', 'o', 'u', 'r', 'c', 'e'), '5') == False\n    assert candidate(('w', 3, 'r', 'e', 's', 'o', 'u', 'r', 'c', 'e'), 3) == True\n\ndef test_check():\n    check(check_tuplex)\n\ntest_check()\n",
      "timestamp": 1666123001,
      "stdout": "True\nFalse\nFalse\nFalse\n",
      "stderr": "Traceback (most recent call last):\n  File \"/tmp/tmplw1f27xj.py\", line 21, in <module>\n    test_check()\n  File \"/tmp/tmplw1f27xj.py\", line 19, in test_check\n    check(check_tuplex)\n  File \"/tmp/tmplw1f27xj.py\", line 14, in check\n    assert candidate(('w', 3, 'r', 'e', 's', 'o', 'u', 'r', 'c', 'e'), 'r') == True\nAssertionError\n",
      "exit_code": 1,
      "status": "Exception"
    },
    {
      "program": "from typing import Tuple, Union, Any\n\ndef check_tuplex(tuplex: Tuple[Union[str, int]], tuple1: Any) -> bool:\n    \"\"\"\n\tWrite a function to check whether an element exists within a tuple.\n\t\"\"\"\n    return tuplex == tuple1\n\nprint(check_tuplex(('a', 'b', 'c'), ('a', 'b', 'c')))\nprint(check_tuplex(('a', 'b', 'c'), ('a', 'b', 'd')))\nprint(check_tuplex(('a', 'b', 'c'), ('a', 'b')))\nprint(check_tuplex(('a', 'b', 'c'), ('a', 'b', 'c', 'd')))\nprint(check_tuplex(('a', 'b', 'c'), ('d', 'e', 'f')))\nprint(check_tuplex(('a', 'b', 'c'), (1, 2, 3)))\nprint(check_tuplex(('a', 'b', 'c'), ('a', 'b', 3)))\nprint(check_tuplex(('a', 'b', 'c'), ('a', 'b', 'c', 'd', 'e')))\nprint(check_tuplex(('a', 'b', 'c'), ('a', 'b', 'c', 'd', 'e', 'f')))\nprint(check_tuplex(('a', 'b', 'c'), ('a', 'b', 'c', 'd', 'e', 'f', 'g')))\nprint(check_tuplex(('a', 'b', 'c'), ('a', 'b', 'c', 'd', 'e', 'f', 'g', 'h')))\nprint(check_tuplex(('a', 'b', 'c'), ('a', 'b', 'c', 'd', 'e', 'f', 'g', 'h', 'i')))\nprint(check_tuplex(('a', 'b', 'c'), ('a', 'b', 'c', 'd', 'e', 'f', 'g', 'h', 'i', 'j')))\nprint(check_tuplex(('a', 'b', 'c'), ('a', 'b', 'c', 'd', 'e', 'f', 'g', 'h', 'i', 'j', 'k')))\nprint(check_tuplex(('\ndef check(candidate):\n    assert candidate(('w', 3, 'r', 'e', 's', 'o', 'u', 'r', 'c', 'e'), 'r') == True\n    assert candidate(('w', 3, 'r', 'e', 's', 'o', 'u', 'r', 'c', 'e'), '5') == False\n    assert candidate(('w', 3, 'r', 'e', 's', 'o', 'u', 'r', 'c', 'e'), 3) == True\n\ndef test_check():\n    check(check_tuplex)\n\ntest_check()\n",
      "timestamp": 1666123001,
      "stdout": "",
      "stderr": "  File \"/tmp/tmp5cedeknj.py\", line 23\n    print(check_tuplex(('\n                        ^\nSyntaxError: unterminated string literal (detected at line 23)\n",
      "exit_code": 1,
      "status": "SyntaxError"
    },
    {
      "program": "from typing import Tuple, Union, Any\n\ndef check_tuplex(tuplex: Tuple[Union[str, int]], tuple1: Any) -> bool:\n    \"\"\"\n\tWrite a function to check whether an element exists within a tuple.\n\t\"\"\"\n    return tuplex == tuple1\n\nprint(check_tuplex((\"a\", 1, 2), (\"a\", 1, 2)))\nprint(check_tuplex((\"a\", 1, 2), (\"b\", 1, 2)))\nprint(check_tuplex((\"a\", 1, 2), (\"a\", 1, 3)))\ndef check(candidate):\n    assert candidate(('w', 3, 'r', 'e', 's', 'o', 'u', 'r', 'c', 'e'), 'r') == True\n    assert candidate(('w', 3, 'r', 'e', 's', 'o', 'u', 'r', 'c', 'e'), '5') == False\n    assert candidate(('w', 3, 'r', 'e', 's', 'o', 'u', 'r', 'c', 'e'), 3) == True\n\ndef test_check():\n    check(check_tuplex)\n\ntest_check()\n",
      "timestamp": 1665510247,
      "stdout": "True\nFalse\nFalse\n",
      "stderr": "Traceback (most recent call last):\n  File \"/tmp/tmpa9_wv3ei.py\", line 20, in <module>\n    test_check()\n  File \"/tmp/tmpa9_wv3ei.py\", line 18, in test_check\n    check(check_tuplex)\n  File \"/tmp/tmpa9_wv3ei.py\", line 13, in check\n    assert candidate(('w', 3, 'r', 'e', 's', 'o', 'u', 'r', 'c', 'e'), 'r') == True\nAssertionError\n",
      "exit_code": 1,
      "status": "Exception"
    },
    {
      "program": "from typing import Tuple, Union, Any\n\ndef check_tuplex(tuplex: Tuple[Union[str, int]], tuple1: Any) -> bool:\n    \"\"\"\n\tWrite a function to check whether an element exists within a tuple.\n\t\"\"\"\n    return tuple1 in tuplex\n\ndef check(candidate):\n    assert candidate(('w', 3, 'r', 'e', 's', 'o', 'u', 'r', 'c', 'e'), 'r') == True\n    assert candidate(('w', 3, 'r', 'e', 's', 'o', 'u', 'r', 'c', 'e'), '5') == False\n    assert candidate(('w', 3, 'r', 'e', 's', 'o', 'u', 'r', 'c', 'e'), 3) == True\n\ndef test_check():\n    check(check_tuplex)\n\ntest_check()\n",
      "timestamp": 1666123000,
      "stdout": "",
      "stderr": "",
      "exit_code": 0,
      "status": "OK"
    },
    {
      "program": "from typing import Tuple, Union, Any\n\ndef check_tuplex(tuplex: Tuple[Union[str, int]], tuple1: Any) -> bool:\n    \"\"\"\n\tWrite a function to check whether an element exists within a tuple.\n\t\"\"\"\n    return tuple1 in tuplex\ndef check(candidate):\n    assert candidate(('w', 3, 'r', 'e', 's', 'o', 'u', 'r', 'c', 'e'), 'r') == True\n    assert candidate(('w', 3, 'r', 'e', 's', 'o', 'u', 'r', 'c', 'e'), '5') == False\n    assert candidate(('w', 3, 'r', 'e', 's', 'o', 'u', 'r', 'c', 'e'), 3) == True\n\ndef test_check():\n    check(check_tuplex)\n\ntest_check()\n",
      "timestamp": 1665510247,
      "stdout": "",
      "stderr": "",
      "exit_code": 0,
      "status": "OK"
    },
    {
      "program": "from typing import Tuple, Union, Any\n\ndef check_tuplex(tuplex: Tuple[Union[str, int]], tuple1: Any) -> bool:\n    \"\"\"\n\tWrite a function to check whether an element exists within a tuple.\n\t\"\"\"\n    return tuplex == tuple1\ndef check(candidate):\n    assert candidate(('w', 3, 'r', 'e', 's', 'o', 'u', 'r', 'c', 'e'), 'r') == True\n    assert candidate(('w', 3, 'r', 'e', 's', 'o', 'u', 'r', 'c', 'e'), '5') == False\n    assert candidate(('w', 3, 'r', 'e', 's', 'o', 'u', 'r', 'c', 'e'), 3) == True\n\ndef test_check():\n    check(check_tuplex)\n\ntest_check()\n",
      "timestamp": 1665510247,
      "stdout": "",
      "stderr": "Traceback (most recent call last):\n  File \"/tmp/tmpnstmlqiy.py\", line 16, in <module>\n    test_check()\n  File \"/tmp/tmpnstmlqiy.py\", line 14, in test_check\n    check(check_tuplex)\n  File \"/tmp/tmpnstmlqiy.py\", line 9, in check\n    assert candidate(('w', 3, 'r', 'e', 's', 'o', 'u', 'r', 'c', 'e'), 'r') == True\nAssertionError\n",
      "exit_code": 1,
      "status": "Exception"
    },
    {
      "program": "from typing import Tuple, Union, Any\n\ndef check_tuplex(tuplex: Tuple[Union[str, int]], tuple1: Any) -> bool:\n    \"\"\"\n\tWrite a function to check whether an element exists within a tuple.\n\t\"\"\"\n    return tuplex == tuple1\n\nprint(check_tuplex((\"a\", 1, 2), (\"a\", 1, 2)))\nprint(check_tuplex((\"a\", 1, 2), (\"b\", 1, 2)))\nprint(check_tuplex((\"a\", 1, 2), (\"a\", 1, 3)))\nprint(check_tuplex((\"a\", 1, 2), (\"a\", 1)))\nprint(check_tuplex((\"a\", 1, 2), (\"a\", 1, 2, 3)))\nprint(check_tuplex((\"a\", 1, 2), (\"a\", 1, 2, 3, 4)))\ndef check(candidate):\n    assert candidate(('w', 3, 'r', 'e', 's', 'o', 'u', 'r', 'c', 'e'), 'r') == True\n    assert candidate(('w', 3, 'r', 'e', 's', 'o', 'u', 'r', 'c', 'e'), '5') == False\n    assert candidate(('w', 3, 'r', 'e', 's', 'o', 'u', 'r', 'c', 'e'), 3) == True\n\ndef test_check():\n    check(check_tuplex)\n\ntest_check()\n",
      "timestamp": 1666123001,
      "stdout": "True\nFalse\nFalse\nFalse\nFalse\nFalse\n",
      "stderr": "Traceback (most recent call last):\n  File \"/tmp/tmptjk0kf37.py\", line 23, in <module>\n    test_check()\n  File \"/tmp/tmptjk0kf37.py\", line 21, in test_check\n    check(check_tuplex)\n  File \"/tmp/tmptjk0kf37.py\", line 16, in check\n    assert candidate(('w', 3, 'r', 'e', 's', 'o', 'u', 'r', 'c', 'e'), 'r') == True\nAssertionError\n",
      "exit_code": 1,
      "status": "Exception"
    },
    {
      "program": "from typing import Tuple, Union, Any\n\ndef check_tuplex(tuplex: Tuple[Union[str, int]], tuple1: Any) -> bool:\n    \"\"\"\n\tWrite a function to check whether an element exists within a tuple.\n\t\"\"\"\n    return tuplex == tuple1\n\nprint(check_tuplex((\"Hello\", 1, \"World\"), (\"Hello\", 1, \"World\")))\nprint(check_tuplex((\"Hello\", 1, \"World\"), (\"Hello\", 1, \"World\", \"!\")))\nprint(check_tuplex((\"Hello\", 1, \"World\"), (\"Hello\", 1, \"World\", \"!\", \"!\")))\nprint(check_tuplex((\"Hello\", 1, \"World\"), (\"Hello\", 1, \"World\", \"!\", \"!\", \"!\")))\nprint(check_tuplex((\"Hello\", 1, \"World\"), (\"Hello\", 1, \"World\", \"!\", \"!\", \"!\", \"!\")))\nprint(check_tuplex((\"Hello\", 1, \"World\"), (\"Hello\", 1, \"World\", \"!\", \"!\", \"!\", \"!\", \"!\")))\nprint(check_tuplex((\"Hello\", 1, \"World\"), (\"Hello\", 1, \"World\", \"!\", \"!\", \"!\", \"!\", \"!\", \"!\")))\nprint(check_tuplex((\"Hello\", 1, \"World\"), (\"Hello\", 1, \"World\", \"!\", \"!\", \"!\", \"!\", \"!\", \"!\", \"!\")))\nprint(check_tuplex((\"Hello\", 1, \"World\"), (\"Hello\", 1, \"World\", \"!\", \"!\", \"!\", \"!\", \"!\", \"!\", \"!\", \"!\")))\nprint(check_tuplex((\"Hello\", 1, \"World\"), (\"Hello\", 1, \"World\", \"!\", \"!\", \"!\", \"!\", \"!\", \"!\", \"!\", \"!\", \"!\")))\nprint(check_tuplex((\"Hello\", 1, \"World\"), (\"Hello\", 1, \"World\", \"!\", \"!\", \"!\", \"!\", \"!\", \"!\", \"!\", \"!\", \"!\", \"!\")))\nprint(check_tuplex((\"Hello\", 1, \"World\"), (\"Hello\", 1, \"World\", \"!\", \"!\", \"!\", \"!\", \"!\", \"!\", \"!\", \"!\", \"!\", \"!\", \"!\")))\nprint(check_tuplex((\"Hello\", 1, \"World\"), (\"Hello\", 1, \"World\", \"!\", \"!\", \"!\", \"!\", \"!\", \"!\", \"!\", \"!\", \"!\", \"!\", \"!\", \"!\")))\nprint(check_tuplex\ndef check(candidate):\n    assert candidate(('w', 3, 'r', 'e', 's', 'o', 'u', 'r', 'c', 'e'), 'r') == True\n    assert candidate(('w', 3, 'r', 'e', 's', 'o', 'u', 'r', 'c', 'e'), '5') == False\n    assert candidate(('w', 3, 'r', 'e', 's', 'o', 'u', 'r', 'c', 'e'), 3) == True\n\ndef test_check():\n    check(check_tuplex)\n\ntest_check()\n",
      "timestamp": 1666123001,
      "stdout": "",
      "stderr": "  File \"/tmp/tmpkehy7yt8.py\", line 22\n    print(check_tuplex\n         ^\nSyntaxError: '(' was never closed\n",
      "exit_code": 1,
      "status": "SyntaxError"
    },
    {
      "program": "from typing import Tuple, Union, Any\n\ndef check_tuplex(tuplex: Tuple[Union[str, int]], tuple1: Any) -> bool:\n    \"\"\"\n\tWrite a function to check whether an element exists within a tuple.\n\t\"\"\"\n    return tuple1 in tuplex\n\nprint(check_tuplex(('a', 'b', 'c'), 'd'))\nprint(check_tuplex(('a', 'b', 'c'), 'a'))\nprint(check_tuplex((10, 20, 30), 10))\nprint(check_tuplex((10, 20, 30), 50))\ndef check(candidate):\n    assert candidate(('w', 3, 'r', 'e', 's', 'o', 'u', 'r', 'c', 'e'), 'r') == True\n    assert candidate(('w', 3, 'r', 'e', 's', 'o', 'u', 'r', 'c', 'e'), '5') == False\n    assert candidate(('w', 3, 'r', 'e', 's', 'o', 'u', 'r', 'c', 'e'), 3) == True\n\ndef test_check():\n    check(check_tuplex)\n\ntest_check()\n",
      "timestamp": 1666123001,
      "stdout": "False\nTrue\nTrue\nFalse\n",
      "stderr": "",
      "exit_code": 0,
      "status": "OK"
    },
    {
      "program": "from typing import Tuple, Union, Any\n\ndef check_tuplex(tuplex: Tuple[Union[str, int]], tuple1: Any) -> bool:\n    \"\"\"\n\tWrite a function to check whether an element exists within a tuple.\n\t\"\"\"\n    return tuplex == tuple1\ndef check(candidate):\n    assert candidate(('w', 3, 'r', 'e', 's', 'o', 'u', 'r', 'c', 'e'), 'r') == True\n    assert candidate(('w', 3, 'r', 'e', 's', 'o', 'u', 'r', 'c', 'e'), '5') == False\n    assert candidate(('w', 3, 'r', 'e', 's', 'o', 'u', 'r', 'c', 'e'), 3) == True\n\ndef test_check():\n    check(check_tuplex)\n\ntest_check()\n",
      "timestamp": 1665510247,
      "stdout": "",
      "stderr": "Traceback (most recent call last):\n  File \"/tmp/tmpnstmlqiy.py\", line 16, in <module>\n    test_check()\n  File \"/tmp/tmpnstmlqiy.py\", line 14, in test_check\n    check(check_tuplex)\n  File \"/tmp/tmpnstmlqiy.py\", line 9, in check\n    assert candidate(('w', 3, 'r', 'e', 's', 'o', 'u', 'r', 'c', 'e'), 'r') == True\nAssertionError\n",
      "exit_code": 1,
      "status": "Exception"
    },
    {
      "program": "from typing import Tuple, Union, Any\n\ndef check_tuplex(tuplex: Tuple[Union[str, int]], tuple1: Any) -> bool:\n    \"\"\"\n\tWrite a function to check whether an element exists within a tuple.\n\t\"\"\"\n    return tuplex == tuple1\n\nprint(check_tuplex((\"a\", 1, 2, 3), (\"a\", 1, 2, 3)))\nprint(check_tuplex((\"a\", 1, 2, 3), (\"a\", 1, 2, 3, 4)))\ndef check(candidate):\n    assert candidate(('w', 3, 'r', 'e', 's', 'o', 'u', 'r', 'c', 'e'), 'r') == True\n    assert candidate(('w', 3, 'r', 'e', 's', 'o', 'u', 'r', 'c', 'e'), '5') == False\n    assert candidate(('w', 3, 'r', 'e', 's', 'o', 'u', 'r', 'c', 'e'), 3) == True\n\ndef test_check():\n    check(check_tuplex)\n\ntest_check()\n",
      "timestamp": 1666123000,
      "stdout": "True\nFalse\n",
      "stderr": "Traceback (most recent call last):\n  File \"/tmp/tmpnc6i6wml.py\", line 19, in <module>\n    test_check()\n  File \"/tmp/tmpnc6i6wml.py\", line 17, in test_check\n    check(check_tuplex)\n  File \"/tmp/tmpnc6i6wml.py\", line 12, in check\n    assert candidate(('w', 3, 'r', 'e', 's', 'o', 'u', 'r', 'c', 'e'), 'r') == True\nAssertionError\n",
      "exit_code": 1,
      "status": "Exception"
    },
    {
      "program": "from typing import Tuple, Union, Any\n\ndef check_tuplex(tuplex: Tuple[Union[str, int]], tuple1: Any) -> bool:\n    \"\"\"\n\tWrite a function to check whether an element exists within a tuple.\n\t\"\"\"\n    return tuple1 in tuplex\ndef check(candidate):\n    assert candidate(('w', 3, 'r', 'e', 's', 'o', 'u', 'r', 'c', 'e'), 'r') == True\n    assert candidate(('w', 3, 'r', 'e', 's', 'o', 'u', 'r', 'c', 'e'), '5') == False\n    assert candidate(('w', 3, 'r', 'e', 's', 'o', 'u', 'r', 'c', 'e'), 3) == True\n\ndef test_check():\n    check(check_tuplex)\n\ntest_check()\n",
      "timestamp": 1665510247,
      "stdout": "",
      "stderr": "",
      "exit_code": 0,
      "status": "OK"
    },
    {
      "program": "from typing import Tuple, Union, Any\n\ndef check_tuplex(tuplex: Tuple[Union[str, int]], tuple1: Any) -> bool:\n    \"\"\"\n\tWrite a function to check whether an element exists within a tuple.\n\t\"\"\"\n    return tuple1 in tuplex\ndef check(candidate):\n    assert candidate(('w', 3, 'r', 'e', 's', 'o', 'u', 'r', 'c', 'e'), 'r') == True\n    assert candidate(('w', 3, 'r', 'e', 's', 'o', 'u', 'r', 'c', 'e'), '5') == False\n    assert candidate(('w', 3, 'r', 'e', 's', 'o', 'u', 'r', 'c', 'e'), 3) == True\n\ndef test_check():\n    check(check_tuplex)\n\ntest_check()\n",
      "timestamp": 1665510247,
      "stdout": "",
      "stderr": "",
      "exit_code": 0,
      "status": "OK"
    },
    {
      "program": "from typing import Tuple, Union, Any\n\ndef check_tuplex(tuplex: Tuple[Union[str, int]], tuple1: Any) -> bool:\n    \"\"\"\n\tWrite a function to check whether an element exists within a tuple.\n\t\"\"\"\n    return tuple1 in tuplex\n\n\nprint(check_tuplex((\"a\", \"b\", \"c\"), \"b\"))\nprint(check_tuplex((\"a\", \"b\", \"c\"), \"d\"))\ndef check(candidate):\n    assert candidate(('w', 3, 'r', 'e', 's', 'o', 'u', 'r', 'c', 'e'), 'r') == True\n    assert candidate(('w', 3, 'r', 'e', 's', 'o', 'u', 'r', 'c', 'e'), '5') == False\n    assert candidate(('w', 3, 'r', 'e', 's', 'o', 'u', 'r', 'c', 'e'), 3) == True\n\ndef test_check():\n    check(check_tuplex)\n\ntest_check()\n",
      "timestamp": 1666123001,
      "stdout": "True\nFalse\n",
      "stderr": "",
      "exit_code": 0,
      "status": "OK"
    },
    {
      "program": "from typing import Tuple, Union, Any\n\ndef check_tuplex(tuplex: Tuple[Union[str, int]], tuple1: Any) -> bool:\n    \"\"\"\n\tWrite a function to check whether an element exists within a tuple.\n\t\"\"\"\n    return tuple1 in tuplex\ndef check(candidate):\n    assert candidate(('w', 3, 'r', 'e', 's', 'o', 'u', 'r', 'c', 'e'), 'r') == True\n    assert candidate(('w', 3, 'r', 'e', 's', 'o', 'u', 'r', 'c', 'e'), '5') == False\n    assert candidate(('w', 3, 'r', 'e', 's', 'o', 'u', 'r', 'c', 'e'), 3) == True\n\ndef test_check():\n    check(check_tuplex)\n\ntest_check()\n",
      "timestamp": 1665510247,
      "stdout": "",
      "stderr": "",
      "exit_code": 0,
      "status": "OK"
    },
    {
      "program": "from typing import Tuple, Union, Any\n\ndef check_tuplex(tuplex: Tuple[Union[str, int]], tuple1: Any) -> bool:\n    \"\"\"\n\tWrite a function to check whether an element exists within a tuple.\n\t\"\"\"\n    return tuple1 in tuplex\n\ndef check(candidate):\n    assert candidate(('w', 3, 'r', 'e', 's', 'o', 'u', 'r', 'c', 'e'), 'r') == True\n    assert candidate(('w', 3, 'r', 'e', 's', 'o', 'u', 'r', 'c', 'e'), '5') == False\n    assert candidate(('w', 3, 'r', 'e', 's', 'o', 'u', 'r', 'c', 'e'), 3) == True\n\ndef test_check():\n    check(check_tuplex)\n\ntest_check()\n",
      "timestamp": 1666123000,
      "stdout": "",
      "stderr": "",
      "exit_code": 0,
      "status": "OK"
    },
    {
      "program": "from typing import Tuple, Union, Any\n\ndef check_tuplex(tuplex: Tuple[Union[str, int]], tuple1: Any) -> bool:\n    \"\"\"\n\tWrite a function to check whether an element exists within a tuple.\n\t\"\"\"\n    return tuple1 in tuplex\n\ndef check(candidate):\n    assert candidate(('w', 3, 'r', 'e', 's', 'o', 'u', 'r', 'c', 'e'), 'r') == True\n    assert candidate(('w', 3, 'r', 'e', 's', 'o', 'u', 'r', 'c', 'e'), '5') == False\n    assert candidate(('w', 3, 'r', 'e', 's', 'o', 'u', 'r', 'c', 'e'), 3) == True\n\ndef test_check():\n    check(check_tuplex)\n\ntest_check()\n",
      "timestamp": 1666123000,
      "stdout": "",
      "stderr": "",
      "exit_code": 0,
      "status": "OK"
    },
    {
      "program": "from typing import Tuple, Union, Any\n\ndef check_tuplex(tuplex: Tuple[Union[str, int]], tuple1: Any) -> bool:\n    \"\"\"\n\tWrite a function to check whether an element exists within a tuple.\n\t\"\"\"\n    return tuplex == tuple1\n\nprint(check_tuplex(('a', 'b', 'c'), ('a', 'b', 'c')))\nprint(check_tuplex(('a', 'b', 'c'), ('a', 'b', 'd')))\nprint(check_tuplex(('a', 'b', 'c'), ('a', 'b')))\nprint(check_tuplex(('a', 'b', 'c'), ('a', 'b', 'c', 'd')))\ndef check(candidate):\n    assert candidate(('w', 3, 'r', 'e', 's', 'o', 'u', 'r', 'c', 'e'), 'r') == True\n    assert candidate(('w', 3, 'r', 'e', 's', 'o', 'u', 'r', 'c', 'e'), '5') == False\n    assert candidate(('w', 3, 'r', 'e', 's', 'o', 'u', 'r', 'c', 'e'), 3) == True\n\ndef test_check():\n    check(check_tuplex)\n\ntest_check()\n",
      "timestamp": 1665510247,
      "stdout": "True\nFalse\nFalse\nFalse\n",
      "stderr": "Traceback (most recent call last):\n  File \"/tmp/tmp4yp60zex.py\", line 21, in <module>\n    test_check()\n  File \"/tmp/tmp4yp60zex.py\", line 19, in test_check\n    check(check_tuplex)\n  File \"/tmp/tmp4yp60zex.py\", line 14, in check\n    assert candidate(('w', 3, 'r', 'e', 's', 'o', 'u', 'r', 'c', 'e'), 'r') == True\nAssertionError\n",
      "exit_code": 1,
      "status": "Exception"
    },
    {
      "program": "from typing import Tuple, Union, Any\n\ndef check_tuplex(tuplex: Tuple[Union[str, int]], tuple1: Any) -> bool:\n    \"\"\"\n\tWrite a function to check whether an element exists within a tuple.\n\t\"\"\"\n    return tuplex == tuple1\ndef check(candidate):\n    assert candidate(('w', 3, 'r', 'e', 's', 'o', 'u', 'r', 'c', 'e'), 'r') == True\n    assert candidate(('w', 3, 'r', 'e', 's', 'o', 'u', 'r', 'c', 'e'), '5') == False\n    assert candidate(('w', 3, 'r', 'e', 's', 'o', 'u', 'r', 'c', 'e'), 3) == True\n\ndef test_check():\n    check(check_tuplex)\n\ntest_check()\n",
      "timestamp": 1665510247,
      "stdout": "",
      "stderr": "Traceback (most recent call last):\n  File \"/tmp/tmpnstmlqiy.py\", line 16, in <module>\n    test_check()\n  File \"/tmp/tmpnstmlqiy.py\", line 14, in test_check\n    check(check_tuplex)\n  File \"/tmp/tmpnstmlqiy.py\", line 9, in check\n    assert candidate(('w', 3, 'r', 'e', 's', 'o', 'u', 'r', 'c', 'e'), 'r') == True\nAssertionError\n",
      "exit_code": 1,
      "status": "Exception"
    },
    {
      "program": "from typing import Tuple, Union, Any\n\ndef check_tuplex(tuplex: Tuple[Union[str, int]], tuple1: Any) -> bool:\n    \"\"\"\n\tWrite a function to check whether an element exists within a tuple.\n\t\"\"\"\n    return tuplex == tuple1\ndef check(candidate):\n    assert candidate(('w', 3, 'r', 'e', 's', 'o', 'u', 'r', 'c', 'e'), 'r') == True\n    assert candidate(('w', 3, 'r', 'e', 's', 'o', 'u', 'r', 'c', 'e'), '5') == False\n    assert candidate(('w', 3, 'r', 'e', 's', 'o', 'u', 'r', 'c', 'e'), 3) == True\n\ndef test_check():\n    check(check_tuplex)\n\ntest_check()\n",
      "timestamp": 1665510247,
      "stdout": "",
      "stderr": "Traceback (most recent call last):\n  File \"/tmp/tmpnstmlqiy.py\", line 16, in <module>\n    test_check()\n  File \"/tmp/tmpnstmlqiy.py\", line 14, in test_check\n    check(check_tuplex)\n  File \"/tmp/tmpnstmlqiy.py\", line 9, in check\n    assert candidate(('w', 3, 'r', 'e', 's', 'o', 'u', 'r', 'c', 'e'), 'r') == True\nAssertionError\n",
      "exit_code": 1,
      "status": "Exception"
    },
    {
      "program": "from typing import Tuple, Union, Any\n\ndef check_tuplex(tuplex: Tuple[Union[str, int]], tuple1: Any) -> bool:\n    \"\"\"\n\tWrite a function to check whether an element exists within a tuple.\n\t\"\"\"\n    return tuplex == tuple1\n\ndef check(candidate):\n    assert candidate(('w', 3, 'r', 'e', 's', 'o', 'u', 'r', 'c', 'e'), 'r') == True\n    assert candidate(('w', 3, 'r', 'e', 's', 'o', 'u', 'r', 'c', 'e'), '5') == False\n    assert candidate(('w', 3, 'r', 'e', 's', 'o', 'u', 'r', 'c', 'e'), 3) == True\n\ndef test_check():\n    check(check_tuplex)\n\ntest_check()\n",
      "timestamp": 1665510247,
      "stdout": "",
      "stderr": "Traceback (most recent call last):\n  File \"/tmp/tmpxyi7dn_5.py\", line 17, in <module>\n    test_check()\n  File \"/tmp/tmpxyi7dn_5.py\", line 15, in test_check\n    check(check_tuplex)\n  File \"/tmp/tmpxyi7dn_5.py\", line 10, in check\n    assert candidate(('w', 3, 'r', 'e', 's', 'o', 'u', 'r', 'c', 'e'), 'r') == True\nAssertionError\n",
      "exit_code": 1,
      "status": "Exception"
    },
    {
      "program": "from typing import Tuple, Union, Any\n\ndef check_tuplex(tuplex: Tuple[Union[str, int]], tuple1: Any) -> bool:\n    \"\"\"\n\tWrite a function to check whether an element exists within a tuple.\n\t\"\"\"\n    return tuplex == tuple1\n\ntuplex = (\"w\", 3, \"r\", \"e\", \"s\", \"o\", \"u\", \"r\", \"c\", \"e\")\ntuple1 = (\"w\", 3, \"r\", \"e\", \"s\", \"o\", \"u\", \"r\", \"c\", \"e\")\nprint(check_tuplex(tuplex, tuple1))\n\ntuplex = (\"w\", 3, \"r\", \"e\", \"s\", \"o\", \"u\", \"r\", \"c\", \"e\")\ntuple1 = (\"w\", 3, \"r\", \"e\", \"s\", \"o\", \"u\", \"r\", \"c\", \"e\")\nprint(check_tuplex(tuplex, tuple1))\n\ntuplex = (\"w\", 3, \"r\", \"e\", \"s\", \"o\", \"u\", \"r\", \"c\", \"e\")\ntuple1 = (\"w\", 3, \"r\", \"e\", \"s\", \"o\", \"u\", \"r\", \"c\", \"e\")\nprint(check_tuplex(tuplex, tuple1))\ndef check(candidate):\n    assert candidate(('w', 3, 'r', 'e', 's', 'o', 'u', 'r', 'c', 'e'), 'r') == True\n    assert candidate(('w', 3, 'r', 'e', 's', 'o', 'u', 'r', 'c', 'e'), '5') == False\n    assert candidate(('w', 3, 'r', 'e', 's', 'o', 'u', 'r', 'c', 'e'), 3) == True\n\ndef test_check():\n    check(check_tuplex)\n\ntest_check()\n",
      "timestamp": 1666123001,
      "stdout": "True\nTrue\nTrue\n",
      "stderr": "Traceback (most recent call last):\n  File \"/tmp/tmp_h9p89bx.py\", line 28, in <module>\n    test_check()\n  File \"/tmp/tmp_h9p89bx.py\", line 26, in test_check\n    check(check_tuplex)\n  File \"/tmp/tmp_h9p89bx.py\", line 21, in check\n    assert candidate(('w', 3, 'r', 'e', 's', 'o', 'u', 'r', 'c', 'e'), 'r') == True\nAssertionError\n",
      "exit_code": 1,
      "status": "Exception"
    },
    {
      "program": "from typing import Tuple, Union, Any\n\ndef check_tuplex(tuplex: Tuple[Union[str, int]], tuple1: Any) -> bool:\n    \"\"\"\n\tWrite a function to check whether an element exists within a tuple.\n\t\"\"\"\n    return tuplex == tuple1\ndef check(candidate):\n    assert candidate(('w', 3, 'r', 'e', 's', 'o', 'u', 'r', 'c', 'e'), 'r') == True\n    assert candidate(('w', 3, 'r', 'e', 's', 'o', 'u', 'r', 'c', 'e'), '5') == False\n    assert candidate(('w', 3, 'r', 'e', 's', 'o', 'u', 'r', 'c', 'e'), 3) == True\n\ndef test_check():\n    check(check_tuplex)\n\ntest_check()\n",
      "timestamp": 1665510247,
      "stdout": "",
      "stderr": "Traceback (most recent call last):\n  File \"/tmp/tmpnstmlqiy.py\", line 16, in <module>\n    test_check()\n  File \"/tmp/tmpnstmlqiy.py\", line 14, in test_check\n    check(check_tuplex)\n  File \"/tmp/tmpnstmlqiy.py\", line 9, in check\n    assert candidate(('w', 3, 'r', 'e', 's', 'o', 'u', 'r', 'c', 'e'), 'r') == True\nAssertionError\n",
      "exit_code": 1,
      "status": "Exception"
    },
    {
      "program": "from typing import Tuple, Union, Any\n\ndef check_tuplex(tuplex: Tuple[Union[str, int]], tuple1: Any) -> bool:\n    \"\"\"\n\tWrite a function to check whether an element exists within a tuple.\n\t\"\"\"\n    return tuplex == tuple1\ndef check(candidate):\n    assert candidate(('w', 3, 'r', 'e', 's', 'o', 'u', 'r', 'c', 'e'), 'r') == True\n    assert candidate(('w', 3, 'r', 'e', 's', 'o', 'u', 'r', 'c', 'e'), '5') == False\n    assert candidate(('w', 3, 'r', 'e', 's', 'o', 'u', 'r', 'c', 'e'), 3) == True\n\ndef test_check():\n    check(check_tuplex)\n\ntest_check()\n",
      "timestamp": 1665510247,
      "stdout": "",
      "stderr": "Traceback (most recent call last):\n  File \"/tmp/tmpnstmlqiy.py\", line 16, in <module>\n    test_check()\n  File \"/tmp/tmpnstmlqiy.py\", line 14, in test_check\n    check(check_tuplex)\n  File \"/tmp/tmpnstmlqiy.py\", line 9, in check\n    assert candidate(('w', 3, 'r', 'e', 's', 'o', 'u', 'r', 'c', 'e'), 'r') == True\nAssertionError\n",
      "exit_code": 1,
      "status": "Exception"
    },
    {
      "program": "from typing import Tuple, Union, Any\n\ndef check_tuplex(tuplex: Tuple[Union[str, int]], tuple1: Any) -> bool:\n    \"\"\"\n\tWrite a function to check whether an element exists within a tuple.\n\t\"\"\"\n    return tuplex == tuple1\n\nprint(check_tuplex((\"a\", 1, 2, 3), (\"a\", 1, 2, 3)))\nprint(check_tuplex((\"a\", 1, 2, 3), (\"a\", 1, 2, 3, 4)))\ndef check(candidate):\n    assert candidate(('w', 3, 'r', 'e', 's', 'o', 'u', 'r', 'c', 'e'), 'r') == True\n    assert candidate(('w', 3, 'r', 'e', 's', 'o', 'u', 'r', 'c', 'e'), '5') == False\n    assert candidate(('w', 3, 'r', 'e', 's', 'o', 'u', 'r', 'c', 'e'), 3) == True\n\ndef test_check():\n    check(check_tuplex)\n\ntest_check()\n",
      "timestamp": 1666123000,
      "stdout": "True\nFalse\n",
      "stderr": "Traceback (most recent call last):\n  File \"/tmp/tmpnc6i6wml.py\", line 19, in <module>\n    test_check()\n  File \"/tmp/tmpnc6i6wml.py\", line 17, in test_check\n    check(check_tuplex)\n  File \"/tmp/tmpnc6i6wml.py\", line 12, in check\n    assert candidate(('w', 3, 'r', 'e', 's', 'o', 'u', 'r', 'c', 'e'), 'r') == True\nAssertionError\n",
      "exit_code": 1,
      "status": "Exception"
    },
    {
      "program": "from typing import Tuple, Union, Any\n\ndef check_tuplex(tuplex: Tuple[Union[str, int]], tuple1: Any) -> bool:\n    \"\"\"\n\tWrite a function to check whether an element exists within a tuple.\n\t\"\"\"\n    return tuplex == tuple1\ndef check(candidate):\n    assert candidate(('w', 3, 'r', 'e', 's', 'o', 'u', 'r', 'c', 'e'), 'r') == True\n    assert candidate(('w', 3, 'r', 'e', 's', 'o', 'u', 'r', 'c', 'e'), '5') == False\n    assert candidate(('w', 3, 'r', 'e', 's', 'o', 'u', 'r', 'c', 'e'), 3) == True\n\ndef test_check():\n    check(check_tuplex)\n\ntest_check()\n",
      "timestamp": 1665510247,
      "stdout": "",
      "stderr": "Traceback (most recent call last):\n  File \"/tmp/tmpnstmlqiy.py\", line 16, in <module>\n    test_check()\n  File \"/tmp/tmpnstmlqiy.py\", line 14, in test_check\n    check(check_tuplex)\n  File \"/tmp/tmpnstmlqiy.py\", line 9, in check\n    assert candidate(('w', 3, 'r', 'e', 's', 'o', 'u', 'r', 'c', 'e'), 'r') == True\nAssertionError\n",
      "exit_code": 1,
      "status": "Exception"
    },
    {
      "program": "from typing import Tuple, Union, Any\n\ndef check_tuplex(tuplex: Tuple[Union[str, int]], tuple1: Any) -> bool:\n    \"\"\"\n\tWrite a function to check whether an element exists within a tuple.\n\t\"\"\"\n    return tuplex == tuple1\ndef check(candidate):\n    assert candidate(('w', 3, 'r', 'e', 's', 'o', 'u', 'r', 'c', 'e'), 'r') == True\n    assert candidate(('w', 3, 'r', 'e', 's', 'o', 'u', 'r', 'c', 'e'), '5') == False\n    assert candidate(('w', 3, 'r', 'e', 's', 'o', 'u', 'r', 'c', 'e'), 3) == True\n\ndef test_check():\n    check(check_tuplex)\n\ntest_check()\n",
      "timestamp": 1665510247,
      "stdout": "",
      "stderr": "Traceback (most recent call last):\n  File \"/tmp/tmpnstmlqiy.py\", line 16, in <module>\n    test_check()\n  File \"/tmp/tmpnstmlqiy.py\", line 14, in test_check\n    check(check_tuplex)\n  File \"/tmp/tmpnstmlqiy.py\", line 9, in check\n    assert candidate(('w', 3, 'r', 'e', 's', 'o', 'u', 'r', 'c', 'e'), 'r') == True\nAssertionError\n",
      "exit_code": 1,
      "status": "Exception"
    },
    {
      "program": "from typing import Tuple, Union, Any\n\ndef check_tuplex(tuplex: Tuple[Union[str, int]], tuple1: Any) -> bool:\n    \"\"\"\n\tWrite a function to check whether an element exists within a tuple.\n\t\"\"\"\n    return tuple1 in tuplex\ndef check(candidate):\n    assert candidate(('w', 3, 'r', 'e', 's', 'o', 'u', 'r', 'c', 'e'), 'r') == True\n    assert candidate(('w', 3, 'r', 'e', 's', 'o', 'u', 'r', 'c', 'e'), '5') == False\n    assert candidate(('w', 3, 'r', 'e', 's', 'o', 'u', 'r', 'c', 'e'), 3) == True\n\ndef test_check():\n    check(check_tuplex)\n\ntest_check()\n",
      "timestamp": 1665510247,
      "stdout": "",
      "stderr": "",
      "exit_code": 0,
      "status": "OK"
    },
    {
      "program": "from typing import Tuple, Union, Any\n\ndef check_tuplex(tuplex: Tuple[Union[str, int]], tuple1: Any) -> bool:\n    \"\"\"\n\tWrite a function to check whether an element exists within a tuple.\n\t\"\"\"\n    return tuplex == tuple1\n\nprint(check_tuplex((\"a\", 1, 2), (\"a\", 1, 2)))\nprint(check_tuplex((\"a\", 1, 2), (\"a\", 1, 3)))\nprint(check_tuplex((\"a\", 1, 2), (\"a\", 1)))\nprint(check_tuplex((\"a\", 1, 2), (\"a\", 1, 2, 3)))\n\ndef check(candidate):\n    assert candidate(('w', 3, 'r', 'e', 's', 'o', 'u', 'r', 'c', 'e'), 'r') == True\n    assert candidate(('w', 3, 'r', 'e', 's', 'o', 'u', 'r', 'c', 'e'), '5') == False\n    assert candidate(('w', 3, 'r', 'e', 's', 'o', 'u', 'r', 'c', 'e'), 3) == True\n\ndef test_check():\n    check(check_tuplex)\n\ntest_check()\n",
      "timestamp": 1666123001,
      "stdout": "True\nFalse\nFalse\nFalse\n",
      "stderr": "Traceback (most recent call last):\n  File \"/tmp/tmpfstp80c0.py\", line 22, in <module>\n    test_check()\n  File \"/tmp/tmpfstp80c0.py\", line 20, in test_check\n    check(check_tuplex)\n  File \"/tmp/tmpfstp80c0.py\", line 15, in check\n    assert candidate(('w', 3, 'r', 'e', 's', 'o', 'u', 'r', 'c', 'e'), 'r') == True\nAssertionError\n",
      "exit_code": 1,
      "status": "Exception"
    },
    {
      "program": "from typing import Tuple, Union, Any\n\ndef check_tuplex(tuplex: Tuple[Union[str, int]], tuple1: Any) -> bool:\n    \"\"\"\n\tWrite a function to check whether an element exists within a tuple.\n\t\"\"\"\n    return tuplex == tuple1\n\nprint(check_tuplex((\"a\", 1, 2), (\"a\", 1, 2)))\nprint(check_tuplex((\"a\", 1, 2), (\"b\", 1, 2)))\nprint(check_tuplex((\"a\", 1, 2), (\"a\", 1, 3)))\ndef check(candidate):\n    assert candidate(('w', 3, 'r', 'e', 's', 'o', 'u', 'r', 'c', 'e'), 'r') == True\n    assert candidate(('w', 3, 'r', 'e', 's', 'o', 'u', 'r', 'c', 'e'), '5') == False\n    assert candidate(('w', 3, 'r', 'e', 's', 'o', 'u', 'r', 'c', 'e'), 3) == True\n\ndef test_check():\n    check(check_tuplex)\n\ntest_check()\n",
      "timestamp": 1665510247,
      "stdout": "True\nFalse\nFalse\n",
      "stderr": "Traceback (most recent call last):\n  File \"/tmp/tmpa9_wv3ei.py\", line 20, in <module>\n    test_check()\n  File \"/tmp/tmpa9_wv3ei.py\", line 18, in test_check\n    check(check_tuplex)\n  File \"/tmp/tmpa9_wv3ei.py\", line 13, in check\n    assert candidate(('w', 3, 'r', 'e', 's', 'o', 'u', 'r', 'c', 'e'), 'r') == True\nAssertionError\n",
      "exit_code": 1,
      "status": "Exception"
    },
    {
      "program": "from typing import Tuple, Union, Any\n\ndef check_tuplex(tuplex: Tuple[Union[str, int]], tuple1: Any) -> bool:\n    \"\"\"\n\tWrite a function to check whether an element exists within a tuple.\n\t\"\"\"\n    return tuplex == tuple1\n\nprint(check_tuplex(('a', 'b', 'c'), ('a', 'b', 'c')))\nprint(check_tuplex(('a', 'b', 'c'), ('a', 'b', 'd')))\nprint(check_tuplex(('a', 'b', 'c'), ('a', 'b')))\nprint(check_tuplex(('a', 'b', 'c'), ('a', 'b', 'c', 'd')))\nprint(check_tuplex(('a', 'b', 'c'), ('d', 'e', 'f')))\nprint(check_tuplex(('a', 'b', 'c'), (1, 2, 3)))\ndef check(candidate):\n    assert candidate(('w', 3, 'r', 'e', 's', 'o', 'u', 'r', 'c', 'e'), 'r') == True\n    assert candidate(('w', 3, 'r', 'e', 's', 'o', 'u', 'r', 'c', 'e'), '5') == False\n    assert candidate(('w', 3, 'r', 'e', 's', 'o', 'u', 'r', 'c', 'e'), 3) == True\n\ndef test_check():\n    check(check_tuplex)\n\ntest_check()\n",
      "timestamp": 1665510247,
      "stdout": "True\nFalse\nFalse\nFalse\nFalse\nFalse\n",
      "stderr": "Traceback (most recent call last):\n  File \"/tmp/tmphsrf20ba.py\", line 23, in <module>\n    test_check()\n  File \"/tmp/tmphsrf20ba.py\", line 21, in test_check\n    check(check_tuplex)\n  File \"/tmp/tmphsrf20ba.py\", line 16, in check\n    assert candidate(('w', 3, 'r', 'e', 's', 'o', 'u', 'r', 'c', 'e'), 'r') == True\nAssertionError\n",
      "exit_code": 1,
      "status": "Exception"
    },
    {
      "program": "from typing import Tuple, Union, Any\n\ndef check_tuplex(tuplex: Tuple[Union[str, int]], tuple1: Any) -> bool:\n    \"\"\"\n\tWrite a function to check whether an element exists within a tuple.\n\t\"\"\"\n    return tuplex == tuple1\n\nprint(check_tuplex(('a', 'b', 'c'), ('a', 'b', 'c')))\nprint(check_tuplex(('a', 'b', 'c'), ('a', 'b', 'd')))\nprint(check_tuplex(('a', 'b', 'c'), ('a', 'b')))\nprint(check_tuplex(('a', 'b', 'c'), ('a', 'b', 'c', 'd')))\n\ndef check(candidate):\n    assert candidate(('w', 3, 'r', 'e', 's', 'o', 'u', 'r', 'c', 'e'), 'r') == True\n    assert candidate(('w', 3, 'r', 'e', 's', 'o', 'u', 'r', 'c', 'e'), '5') == False\n    assert candidate(('w', 3, 'r', 'e', 's', 'o', 'u', 'r', 'c', 'e'), 3) == True\n\ndef test_check():\n    check(check_tuplex)\n\ntest_check()\n",
      "timestamp": 1665510247,
      "stdout": "True\nFalse\nFalse\nFalse\n",
      "stderr": "Traceback (most recent call last):\n  File \"/tmp/tmpjwo3_69a.py\", line 22, in <module>\n    test_check()\n  File \"/tmp/tmpjwo3_69a.py\", line 20, in test_check\n    check(check_tuplex)\n  File \"/tmp/tmpjwo3_69a.py\", line 15, in check\n    assert candidate(('w', 3, 'r', 'e', 's', 'o', 'u', 'r', 'c', 'e'), 'r') == True\nAssertionError\n",
      "exit_code": 1,
      "status": "Exception"
    },
    {
      "program": "from typing import Tuple, Union, Any\n\ndef check_tuplex(tuplex: Tuple[Union[str, int]], tuple1: Any) -> bool:\n    \"\"\"\n\tWrite a function to check whether an element exists within a tuple.\n\t\"\"\"\n    return tuplex == tuple1\n\nprint(check_tuplex((\"a\", 1), (\"a\", 1)))\nprint(check_tuplex((\"a\", 1), (\"b\", 2)))\nprint(check_tuplex((\"a\", 1), (\"a\", 2)))\nprint(check_tuplex((\"a\", 1), (\"b\", 1)))\nprint(check_tuplex((\"a\", 1), (\"a\",)))\nprint(check_tuplex((\"a\", 1), (\"a\", 1, 2)))\ndef check(candidate):\n    assert candidate(('w', 3, 'r', 'e', 's', 'o', 'u', 'r', 'c', 'e'), 'r') == True\n    assert candidate(('w', 3, 'r', 'e', 's', 'o', 'u', 'r', 'c', 'e'), '5') == False\n    assert candidate(('w', 3, 'r', 'e', 's', 'o', 'u', 'r', 'c', 'e'), 3) == True\n\ndef test_check():\n    check(check_tuplex)\n\ntest_check()\n",
      "timestamp": 1666123000,
      "stdout": "True\nFalse\nFalse\nFalse\nFalse\nFalse\n",
      "stderr": "Traceback (most recent call last):\n  File \"/tmp/tmpc79z1rgs.py\", line 23, in <module>\n    test_check()\n  File \"/tmp/tmpc79z1rgs.py\", line 21, in test_check\n    check(check_tuplex)\n  File \"/tmp/tmpc79z1rgs.py\", line 16, in check\n    assert candidate(('w', 3, 'r', 'e', 's', 'o', 'u', 'r', 'c', 'e'), 'r') == True\nAssertionError\n",
      "exit_code": 1,
      "status": "Exception"
    },
    {
      "program": "from typing import Tuple, Union, Any\n\ndef check_tuplex(tuplex: Tuple[Union[str, int]], tuple1: Any) -> bool:\n    \"\"\"\n\tWrite a function to check whether an element exists within a tuple.\n\t\"\"\"\n    return tuplex == tuple1\ndef check(candidate):\n    assert candidate(('w', 3, 'r', 'e', 's', 'o', 'u', 'r', 'c', 'e'), 'r') == True\n    assert candidate(('w', 3, 'r', 'e', 's', 'o', 'u', 'r', 'c', 'e'), '5') == False\n    assert candidate(('w', 3, 'r', 'e', 's', 'o', 'u', 'r', 'c', 'e'), 3) == True\n\ndef test_check():\n    check(check_tuplex)\n\ntest_check()\n",
      "timestamp": 1665510247,
      "stdout": "",
      "stderr": "Traceback (most recent call last):\n  File \"/tmp/tmpnstmlqiy.py\", line 16, in <module>\n    test_check()\n  File \"/tmp/tmpnstmlqiy.py\", line 14, in test_check\n    check(check_tuplex)\n  File \"/tmp/tmpnstmlqiy.py\", line 9, in check\n    assert candidate(('w', 3, 'r', 'e', 's', 'o', 'u', 'r', 'c', 'e'), 'r') == True\nAssertionError\n",
      "exit_code": 1,
      "status": "Exception"
    },
    {
      "program": "from typing import Tuple, Union, Any\n\ndef check_tuplex(tuplex: Tuple[Union[str, int]], tuple1: Any) -> bool:\n    \"\"\"\n\tWrite a function to check whether an element exists within a tuple.\n\t\"\"\"\n    return tuplex == tuple1\ndef check(candidate):\n    assert candidate(('w', 3, 'r', 'e', 's', 'o', 'u', 'r', 'c', 'e'), 'r') == True\n    assert candidate(('w', 3, 'r', 'e', 's', 'o', 'u', 'r', 'c', 'e'), '5') == False\n    assert candidate(('w', 3, 'r', 'e', 's', 'o', 'u', 'r', 'c', 'e'), 3) == True\n\ndef test_check():\n    check(check_tuplex)\n\ntest_check()\n",
      "timestamp": 1665510247,
      "stdout": "",
      "stderr": "Traceback (most recent call last):\n  File \"/tmp/tmpnstmlqiy.py\", line 16, in <module>\n    test_check()\n  File \"/tmp/tmpnstmlqiy.py\", line 14, in test_check\n    check(check_tuplex)\n  File \"/tmp/tmpnstmlqiy.py\", line 9, in check\n    assert candidate(('w', 3, 'r', 'e', 's', 'o', 'u', 'r', 'c', 'e'), 'r') == True\nAssertionError\n",
      "exit_code": 1,
      "status": "Exception"
    },
    {
      "program": "from typing import Tuple, Union, Any\n\ndef check_tuplex(tuplex: Tuple[Union[str, int]], tuple1: Any) -> bool:\n    \"\"\"\n\tWrite a function to check whether an element exists within a tuple.\n\t\"\"\"\n    return tuple1 in tuplex\ndef check(candidate):\n    assert candidate(('w', 3, 'r', 'e', 's', 'o', 'u', 'r', 'c', 'e'), 'r') == True\n    assert candidate(('w', 3, 'r', 'e', 's', 'o', 'u', 'r', 'c', 'e'), '5') == False\n    assert candidate(('w', 3, 'r', 'e', 's', 'o', 'u', 'r', 'c', 'e'), 3) == True\n\ndef test_check():\n    check(check_tuplex)\n\ntest_check()\n",
      "timestamp": 1665510247,
      "stdout": "",
      "stderr": "",
      "exit_code": 0,
      "status": "OK"
    },
    {
      "program": "from typing import Tuple, Union, Any\n\ndef check_tuplex(tuplex: Tuple[Union[str, int]], tuple1: Any) -> bool:\n    \"\"\"\n\tWrite a function to check whether an element exists within a tuple.\n\t\"\"\"\n    return tuplex == tuple1\ndef check(candidate):\n    assert candidate(('w', 3, 'r', 'e', 's', 'o', 'u', 'r', 'c', 'e'), 'r') == True\n    assert candidate(('w', 3, 'r', 'e', 's', 'o', 'u', 'r', 'c', 'e'), '5') == False\n    assert candidate(('w', 3, 'r', 'e', 's', 'o', 'u', 'r', 'c', 'e'), 3) == True\n\ndef test_check():\n    check(check_tuplex)\n\ntest_check()\n",
      "timestamp": 1665510247,
      "stdout": "",
      "stderr": "Traceback (most recent call last):\n  File \"/tmp/tmpnstmlqiy.py\", line 16, in <module>\n    test_check()\n  File \"/tmp/tmpnstmlqiy.py\", line 14, in test_check\n    check(check_tuplex)\n  File \"/tmp/tmpnstmlqiy.py\", line 9, in check\n    assert candidate(('w', 3, 'r', 'e', 's', 'o', 'u', 'r', 'c', 'e'), 'r') == True\nAssertionError\n",
      "exit_code": 1,
      "status": "Exception"
    },
    {
      "program": "from typing import Tuple, Union, Any\n\ndef check_tuplex(tuplex: Tuple[Union[str, int]], tuple1: Any) -> bool:\n    \"\"\"\n\tWrite a function to check whether an element exists within a tuple.\n\t\"\"\"\n    return tuple1 in tuplex\n\nprint(check_tuplex((\"a\", \"b\", \"c\"), \"d\"))\nprint(check_tuplex((\"a\", \"b\", \"c\"), \"a\"))\nprint(check_tuplex((1, 2, 3), 3))\nprint(check_tuplex((1, 2, 3), 4))\ndef check(candidate):\n    assert candidate(('w', 3, 'r', 'e', 's', 'o', 'u', 'r', 'c', 'e'), 'r') == True\n    assert candidate(('w', 3, 'r', 'e', 's', 'o', 'u', 'r', 'c', 'e'), '5') == False\n    assert candidate(('w', 3, 'r', 'e', 's', 'o', 'u', 'r', 'c', 'e'), 3) == True\n\ndef test_check():\n    check(check_tuplex)\n\ntest_check()\n",
      "timestamp": 1665510247,
      "stdout": "False\nTrue\nTrue\nFalse\n",
      "stderr": "",
      "exit_code": 0,
      "status": "OK"
    },
    {
      "program": "from typing import Tuple, Union, Any\n\ndef check_tuplex(tuplex: Tuple[Union[str, int]], tuple1: Any) -> bool:\n    \"\"\"\n\tWrite a function to check whether an element exists within a tuple.\n\t\"\"\"\n    return tuplex == tuple1\n\nprint(check_tuplex(('a', 'b', 'c'), ('a', 'b', 'c')))\nprint(check_tuplex(('a', 'b', 'c'), ('a', 'b', 'd')))\nprint(check_tuplex(('a', 'b', 'c'), ('a', 'b')))\nprint(check_tuplex(('a', 'b', 'c'), ('a', 'b', 'c', 'd')))\n\ndef check(candidate):\n    assert candidate(('w', 3, 'r', 'e', 's', 'o', 'u', 'r', 'c', 'e'), 'r') == True\n    assert candidate(('w', 3, 'r', 'e', 's', 'o', 'u', 'r', 'c', 'e'), '5') == False\n    assert candidate(('w', 3, 'r', 'e', 's', 'o', 'u', 'r', 'c', 'e'), 3) == True\n\ndef test_check():\n    check(check_tuplex)\n\ntest_check()\n",
      "timestamp": 1665510247,
      "stdout": "True\nFalse\nFalse\nFalse\n",
      "stderr": "Traceback (most recent call last):\n  File \"/tmp/tmpjwo3_69a.py\", line 22, in <module>\n    test_check()\n  File \"/tmp/tmpjwo3_69a.py\", line 20, in test_check\n    check(check_tuplex)\n  File \"/tmp/tmpjwo3_69a.py\", line 15, in check\n    assert candidate(('w', 3, 'r', 'e', 's', 'o', 'u', 'r', 'c', 'e'), 'r') == True\nAssertionError\n",
      "exit_code": 1,
      "status": "Exception"
    },
    {
      "program": "from typing import Tuple, Union, Any\n\ndef check_tuplex(tuplex: Tuple[Union[str, int]], tuple1: Any) -> bool:\n    \"\"\"\n\tWrite a function to check whether an element exists within a tuple.\n\t\"\"\"\n    return tuplex == tuple1\ndef check(candidate):\n    assert candidate(('w', 3, 'r', 'e', 's', 'o', 'u', 'r', 'c', 'e'), 'r') == True\n    assert candidate(('w', 3, 'r', 'e', 's', 'o', 'u', 'r', 'c', 'e'), '5') == False\n    assert candidate(('w', 3, 'r', 'e', 's', 'o', 'u', 'r', 'c', 'e'), 3) == True\n\ndef test_check():\n    check(check_tuplex)\n\ntest_check()\n",
      "timestamp": 1665510247,
      "stdout": "",
      "stderr": "Traceback (most recent call last):\n  File \"/tmp/tmpnstmlqiy.py\", line 16, in <module>\n    test_check()\n  File \"/tmp/tmpnstmlqiy.py\", line 14, in test_check\n    check(check_tuplex)\n  File \"/tmp/tmpnstmlqiy.py\", line 9, in check\n    assert candidate(('w', 3, 'r', 'e', 's', 'o', 'u', 'r', 'c', 'e'), 'r') == True\nAssertionError\n",
      "exit_code": 1,
      "status": "Exception"
    },
    {
      "program": "from typing import Tuple, Union, Any\n\ndef check_tuplex(tuplex: Tuple[Union[str, int]], tuple1: Any) -> bool:\n    \"\"\"\n\tWrite a function to check whether an element exists within a tuple.\n\t\"\"\"\n    return tuplex == tuple1\n\ndef check(candidate):\n    assert candidate(('w', 3, 'r', 'e', 's', 'o', 'u', 'r', 'c', 'e'), 'r') == True\n    assert candidate(('w', 3, 'r', 'e', 's', 'o', 'u', 'r', 'c', 'e'), '5') == False\n    assert candidate(('w', 3, 'r', 'e', 's', 'o', 'u', 'r', 'c', 'e'), 3) == True\n\ndef test_check():\n    check(check_tuplex)\n\ntest_check()\n",
      "timestamp": 1665510247,
      "stdout": "",
      "stderr": "Traceback (most recent call last):\n  File \"/tmp/tmpxyi7dn_5.py\", line 17, in <module>\n    test_check()\n  File \"/tmp/tmpxyi7dn_5.py\", line 15, in test_check\n    check(check_tuplex)\n  File \"/tmp/tmpxyi7dn_5.py\", line 10, in check\n    assert candidate(('w', 3, 'r', 'e', 's', 'o', 'u', 'r', 'c', 'e'), 'r') == True\nAssertionError\n",
      "exit_code": 1,
      "status": "Exception"
    },
    {
      "program": "from typing import Tuple, Union, Any\n\ndef check_tuplex(tuplex: Tuple[Union[str, int]], tuple1: Any) -> bool:\n    \"\"\"\n\tWrite a function to check whether an element exists within a tuple.\n\t\"\"\"\n    return tuple1 in tuplex\n\ndef check(candidate):\n    assert candidate(('w', 3, 'r', 'e', 's', 'o', 'u', 'r', 'c', 'e'), 'r') == True\n    assert candidate(('w', 3, 'r', 'e', 's', 'o', 'u', 'r', 'c', 'e'), '5') == False\n    assert candidate(('w', 3, 'r', 'e', 's', 'o', 'u', 'r', 'c', 'e'), 3) == True\n\ndef test_check():\n    check(check_tuplex)\n\ntest_check()\n",
      "timestamp": 1666123000,
      "stdout": "",
      "stderr": "",
      "exit_code": 0,
      "status": "OK"
    },
    {
      "program": "from typing import Tuple, Union, Any\n\ndef check_tuplex(tuplex: Tuple[Union[str, int]], tuple1: Any) -> bool:\n    \"\"\"\n\tWrite a function to check whether an element exists within a tuple.\n\t\"\"\"\n    return tuplex == tuple1\n\nprint(check_tuplex(('a', 'b', 'c'), ('a', 'b', 'c')))\nprint(check_tuplex(('a', 'b', 'c'), ('a', 'b', 'd')))\nprint(check_tuplex(('a', 'b', 'c'), ('a', 'b')))\nprint(check_tuplex(('a', 'b', 'c'), ('a', 'b', 'c', 'd')))\nprint(check_tuplex(('a', 'b', 'c'), ('d', 'e', 'f')))\nprint(check_tuplex(('a', 'b', 'c'), (1, 2, 3)))\ndef check(candidate):\n    assert candidate(('w', 3, 'r', 'e', 's', 'o', 'u', 'r', 'c', 'e'), 'r') == True\n    assert candidate(('w', 3, 'r', 'e', 's', 'o', 'u', 'r', 'c', 'e'), '5') == False\n    assert candidate(('w', 3, 'r', 'e', 's', 'o', 'u', 'r', 'c', 'e'), 3) == True\n\ndef test_check():\n    check(check_tuplex)\n\ntest_check()\n",
      "timestamp": 1665510247,
      "stdout": "True\nFalse\nFalse\nFalse\nFalse\nFalse\n",
      "stderr": "Traceback (most recent call last):\n  File \"/tmp/tmphsrf20ba.py\", line 23, in <module>\n    test_check()\n  File \"/tmp/tmphsrf20ba.py\", line 21, in test_check\n    check(check_tuplex)\n  File \"/tmp/tmphsrf20ba.py\", line 16, in check\n    assert candidate(('w', 3, 'r', 'e', 's', 'o', 'u', 'r', 'c', 'e'), 'r') == True\nAssertionError\n",
      "exit_code": 1,
      "status": "Exception"
    },
    {
      "program": "from typing import Tuple, Union, Any\n\ndef check_tuplex(tuplex: Tuple[Union[str, int]], tuple1: Any) -> bool:\n    \"\"\"\n\tWrite a function to check whether an element exists within a tuple.\n\t\"\"\"\n    return tuplex == tuple1\n\nprint(check_tuplex(('a', 'b', 'c'), ('a', 'b', 'c')))\nprint(check_tuplex(('a', 'b', 'c'), ('a', 'b', 'd')))\nprint(check_tuplex(('a', 'b', 'c'), ('a', 'b')))\nprint(check_tuplex(('a', 'b', 'c'), ('a', 'b', 'c', 'd')))\nprint(check_tuplex(('a', 'b', 'c'), ('d', 'e', 'f')))\nprint(check_tuplex(('a', 'b', 'c'), (1, 2, 3)))\nprint(check_tuplex(('a', 'b', 'c'), (1, 2, 'c')))\ndef check(candidate):\n    assert candidate(('w', 3, 'r', 'e', 's', 'o', 'u', 'r', 'c', 'e'), 'r') == True\n    assert candidate(('w', 3, 'r', 'e', 's', 'o', 'u', 'r', 'c', 'e'), '5') == False\n    assert candidate(('w', 3, 'r', 'e', 's', 'o', 'u', 'r', 'c', 'e'), 3) == True\n\ndef test_check():\n    check(check_tuplex)\n\ntest_check()\n",
      "timestamp": 1666123001,
      "stdout": "True\nFalse\nFalse\nFalse\nFalse\nFalse\nFalse\n",
      "stderr": "Traceback (most recent call last):\n  File \"/tmp/tmpf75q7m7h.py\", line 24, in <module>\n    test_check()\n  File \"/tmp/tmpf75q7m7h.py\", line 22, in test_check\n    check(check_tuplex)\n  File \"/tmp/tmpf75q7m7h.py\", line 17, in check\n    assert candidate(('w', 3, 'r', 'e', 's', 'o', 'u', 'r', 'c', 'e'), 'r') == True\nAssertionError\n",
      "exit_code": 1,
      "status": "Exception"
    },
    {
      "program": "from typing import Tuple, Union, Any\n\ndef check_tuplex(tuplex: Tuple[Union[str, int]], tuple1: Any) -> bool:\n    \"\"\"\n\tWrite a function to check whether an element exists within a tuple.\n\t\"\"\"\n    return tuple1 in tuplex\n\ndef check(candidate):\n    assert candidate(('w', 3, 'r', 'e', 's', 'o', 'u', 'r', 'c', 'e'), 'r') == True\n    assert candidate(('w', 3, 'r', 'e', 's', 'o', 'u', 'r', 'c', 'e'), '5') == False\n    assert candidate(('w', 3, 'r', 'e', 's', 'o', 'u', 'r', 'c', 'e'), 3) == True\n\ndef test_check():\n    check(check_tuplex)\n\ntest_check()\n",
      "timestamp": 1666123000,
      "stdout": "",
      "stderr": "",
      "exit_code": 0,
      "status": "OK"
    },
    {
      "program": "from typing import Tuple, Union, Any\n\ndef check_tuplex(tuplex: Tuple[Union[str, int]], tuple1: Any) -> bool:\n    \"\"\"\n\tWrite a function to check whether an element exists within a tuple.\n\t\"\"\"\n    return tuplex == tuple1\ndef check(candidate):\n    assert candidate(('w', 3, 'r', 'e', 's', 'o', 'u', 'r', 'c', 'e'), 'r') == True\n    assert candidate(('w', 3, 'r', 'e', 's', 'o', 'u', 'r', 'c', 'e'), '5') == False\n    assert candidate(('w', 3, 'r', 'e', 's', 'o', 'u', 'r', 'c', 'e'), 3) == True\n\ndef test_check():\n    check(check_tuplex)\n\ntest_check()\n",
      "timestamp": 1665510247,
      "stdout": "",
      "stderr": "Traceback (most recent call last):\n  File \"/tmp/tmpnstmlqiy.py\", line 16, in <module>\n    test_check()\n  File \"/tmp/tmpnstmlqiy.py\", line 14, in test_check\n    check(check_tuplex)\n  File \"/tmp/tmpnstmlqiy.py\", line 9, in check\n    assert candidate(('w', 3, 'r', 'e', 's', 'o', 'u', 'r', 'c', 'e'), 'r') == True\nAssertionError\n",
      "exit_code": 1,
      "status": "Exception"
    },
    {
      "program": "from typing import Tuple, Union, Any\n\ndef check_tuplex(tuplex: Tuple[Union[str, int]], tuple1: Any) -> bool:\n    \"\"\"\n\tWrite a function to check whether an element exists within a tuple.\n\t\"\"\"\n    return tuple1 in tuplex\ndef check(candidate):\n    assert candidate(('w', 3, 'r', 'e', 's', 'o', 'u', 'r', 'c', 'e'), 'r') == True\n    assert candidate(('w', 3, 'r', 'e', 's', 'o', 'u', 'r', 'c', 'e'), '5') == False\n    assert candidate(('w', 3, 'r', 'e', 's', 'o', 'u', 'r', 'c', 'e'), 3) == True\n\ndef test_check():\n    check(check_tuplex)\n\ntest_check()\n",
      "timestamp": 1665510247,
      "stdout": "",
      "stderr": "",
      "exit_code": 0,
      "status": "OK"
    },
    {
      "program": "from typing import Tuple, Union, Any\n\ndef check_tuplex(tuplex: Tuple[Union[str, int]], tuple1: Any) -> bool:\n    \"\"\"\n\tWrite a function to check whether an element exists within a tuple.\n\t\"\"\"\n    return tuplex == tuple1\n\nprint(check_tuplex(('a', 'b', 'c'), ('a', 'b', 'c')))\nprint(check_tuplex(('a', 'b', 'c'), ('a', 'b', 'd')))\nprint(check_tuplex(('a', 'b', 'c'), ('a', 'b')))\nprint(check_tuplex(('a', 'b', 'c'), ('a', 'b', 'c', 'd')))\ndef check(candidate):\n    assert candidate(('w', 3, 'r', 'e', 's', 'o', 'u', 'r', 'c', 'e'), 'r') == True\n    assert candidate(('w', 3, 'r', 'e', 's', 'o', 'u', 'r', 'c', 'e'), '5') == False\n    assert candidate(('w', 3, 'r', 'e', 's', 'o', 'u', 'r', 'c', 'e'), 3) == True\n\ndef test_check():\n    check(check_tuplex)\n\ntest_check()\n",
      "timestamp": 1665510247,
      "stdout": "True\nFalse\nFalse\nFalse\n",
      "stderr": "Traceback (most recent call last):\n  File \"/tmp/tmp4yp60zex.py\", line 21, in <module>\n    test_check()\n  File \"/tmp/tmp4yp60zex.py\", line 19, in test_check\n    check(check_tuplex)\n  File \"/tmp/tmp4yp60zex.py\", line 14, in check\n    assert candidate(('w', 3, 'r', 'e', 's', 'o', 'u', 'r', 'c', 'e'), 'r') == True\nAssertionError\n",
      "exit_code": 1,
      "status": "Exception"
    },
    {
      "program": "from typing import Tuple, Union, Any\n\ndef check_tuplex(tuplex: Tuple[Union[str, int]], tuple1: Any) -> bool:\n    \"\"\"\n\tWrite a function to check whether an element exists within a tuple.\n\t\"\"\"\n    return tuple1 in tuplex\n\ndef check(candidate):\n    assert candidate(('w', 3, 'r', 'e', 's', 'o', 'u', 'r', 'c', 'e'), 'r') == True\n    assert candidate(('w', 3, 'r', 'e', 's', 'o', 'u', 'r', 'c', 'e'), '5') == False\n    assert candidate(('w', 3, 'r', 'e', 's', 'o', 'u', 'r', 'c', 'e'), 3) == True\n\ndef test_check():\n    check(check_tuplex)\n\ntest_check()\n",
      "timestamp": 1666123000,
      "stdout": "",
      "stderr": "",
      "exit_code": 0,
      "status": "OK"
    },
    {
      "program": "from typing import Tuple, Union, Any\n\ndef check_tuplex(tuplex: Tuple[Union[str, int]], tuple1: Any) -> bool:\n    \"\"\"\n\tWrite a function to check whether an element exists within a tuple.\n\t\"\"\"\n    return tuplex == tuple1\ndef check(candidate):\n    assert candidate(('w', 3, 'r', 'e', 's', 'o', 'u', 'r', 'c', 'e'), 'r') == True\n    assert candidate(('w', 3, 'r', 'e', 's', 'o', 'u', 'r', 'c', 'e'), '5') == False\n    assert candidate(('w', 3, 'r', 'e', 's', 'o', 'u', 'r', 'c', 'e'), 3) == True\n\ndef test_check():\n    check(check_tuplex)\n\ntest_check()\n",
      "timestamp": 1665510247,
      "stdout": "",
      "stderr": "Traceback (most recent call last):\n  File \"/tmp/tmpnstmlqiy.py\", line 16, in <module>\n    test_check()\n  File \"/tmp/tmpnstmlqiy.py\", line 14, in test_check\n    check(check_tuplex)\n  File \"/tmp/tmpnstmlqiy.py\", line 9, in check\n    assert candidate(('w', 3, 'r', 'e', 's', 'o', 'u', 'r', 'c', 'e'), 'r') == True\nAssertionError\n",
      "exit_code": 1,
      "status": "Exception"
    },
    {
      "program": "from typing import Tuple, Union, Any\n\ndef check_tuplex(tuplex: Tuple[Union[str, int]], tuple1: Any) -> bool:\n    \"\"\"\n\tWrite a function to check whether an element exists within a tuple.\n\t\"\"\"\n    return tuplex == tuple1\ndef check(candidate):\n    assert candidate(('w', 3, 'r', 'e', 's', 'o', 'u', 'r', 'c', 'e'), 'r') == True\n    assert candidate(('w', 3, 'r', 'e', 's', 'o', 'u', 'r', 'c', 'e'), '5') == False\n    assert candidate(('w', 3, 'r', 'e', 's', 'o', 'u', 'r', 'c', 'e'), 3) == True\n\ndef test_check():\n    check(check_tuplex)\n\ntest_check()\n",
      "timestamp": 1665510247,
      "stdout": "",
      "stderr": "Traceback (most recent call last):\n  File \"/tmp/tmpnstmlqiy.py\", line 16, in <module>\n    test_check()\n  File \"/tmp/tmpnstmlqiy.py\", line 14, in test_check\n    check(check_tuplex)\n  File \"/tmp/tmpnstmlqiy.py\", line 9, in check\n    assert candidate(('w', 3, 'r', 'e', 's', 'o', 'u', 'r', 'c', 'e'), 'r') == True\nAssertionError\n",
      "exit_code": 1,
      "status": "Exception"
    },
    {
      "program": "from typing import Tuple, Union, Any\n\ndef check_tuplex(tuplex: Tuple[Union[str, int]], tuple1: Any) -> bool:\n    \"\"\"\n\tWrite a function to check whether an element exists within a tuple.\n\t\"\"\"\n    return tuple1 in tuplex\n\nprint(check_tuplex(('a', 'b', 'c'), 'a'))\nprint(check_tuplex(('a', 'b', 'c'), 'd'))\nprint(check_tuplex((1, 2, 3, 4, 5), 3))\nprint(check_tuplex((1, 2, 3, 4, 5), 6))\ndef check(candidate):\n    assert candidate(('w', 3, 'r', 'e', 's', 'o', 'u', 'r', 'c', 'e'), 'r') == True\n    assert candidate(('w', 3, 'r', 'e', 's', 'o', 'u', 'r', 'c', 'e'), '5') == False\n    assert candidate(('w', 3, 'r', 'e', 's', 'o', 'u', 'r', 'c', 'e'), 3) == True\n\ndef test_check():\n    check(check_tuplex)\n\ntest_check()\n",
      "timestamp": 1666123001,
      "stdout": "True\nFalse\nTrue\nFalse\n",
      "stderr": "",
      "exit_code": 0,
      "status": "OK"
    },
    {
      "program": "from typing import Tuple, Union, Any\n\ndef check_tuplex(tuplex: Tuple[Union[str, int]], tuple1: Any) -> bool:\n    \"\"\"\n\tWrite a function to check whether an element exists within a tuple.\n\t\"\"\"\n    return tuplex == tuple1\ndef check(candidate):\n    assert candidate(('w', 3, 'r', 'e', 's', 'o', 'u', 'r', 'c', 'e'), 'r') == True\n    assert candidate(('w', 3, 'r', 'e', 's', 'o', 'u', 'r', 'c', 'e'), '5') == False\n    assert candidate(('w', 3, 'r', 'e', 's', 'o', 'u', 'r', 'c', 'e'), 3) == True\n\ndef test_check():\n    check(check_tuplex)\n\ntest_check()\n",
      "timestamp": 1665510247,
      "stdout": "",
      "stderr": "Traceback (most recent call last):\n  File \"/tmp/tmpnstmlqiy.py\", line 16, in <module>\n    test_check()\n  File \"/tmp/tmpnstmlqiy.py\", line 14, in test_check\n    check(check_tuplex)\n  File \"/tmp/tmpnstmlqiy.py\", line 9, in check\n    assert candidate(('w', 3, 'r', 'e', 's', 'o', 'u', 'r', 'c', 'e'), 'r') == True\nAssertionError\n",
      "exit_code": 1,
      "status": "Exception"
    },
    {
      "program": "from typing import Tuple, Union, Any\n\ndef check_tuplex(tuplex: Tuple[Union[str, int]], tuple1: Any) -> bool:\n    \"\"\"\n\tWrite a function to check whether an element exists within a tuple.\n\t\"\"\"\n    return tuplex == tuple1\ndef check(candidate):\n    assert candidate(('w', 3, 'r', 'e', 's', 'o', 'u', 'r', 'c', 'e'), 'r') == True\n    assert candidate(('w', 3, 'r', 'e', 's', 'o', 'u', 'r', 'c', 'e'), '5') == False\n    assert candidate(('w', 3, 'r', 'e', 's', 'o', 'u', 'r', 'c', 'e'), 3) == True\n\ndef test_check():\n    check(check_tuplex)\n\ntest_check()\n",
      "timestamp": 1665510247,
      "stdout": "",
      "stderr": "Traceback (most recent call last):\n  File \"/tmp/tmpnstmlqiy.py\", line 16, in <module>\n    test_check()\n  File \"/tmp/tmpnstmlqiy.py\", line 14, in test_check\n    check(check_tuplex)\n  File \"/tmp/tmpnstmlqiy.py\", line 9, in check\n    assert candidate(('w', 3, 'r', 'e', 's', 'o', 'u', 'r', 'c', 'e'), 'r') == True\nAssertionError\n",
      "exit_code": 1,
      "status": "Exception"
    },
    {
      "program": "from typing import Tuple, Union, Any\n\ndef check_tuplex(tuplex: Tuple[Union[str, int]], tuple1: Any) -> bool:\n    \"\"\"\n\tWrite a function to check whether an element exists within a tuple.\n\t\"\"\"\n    return tuplex == tuple1\ndef check(candidate):\n    assert candidate(('w', 3, 'r', 'e', 's', 'o', 'u', 'r', 'c', 'e'), 'r') == True\n    assert candidate(('w', 3, 'r', 'e', 's', 'o', 'u', 'r', 'c', 'e'), '5') == False\n    assert candidate(('w', 3, 'r', 'e', 's', 'o', 'u', 'r', 'c', 'e'), 3) == True\n\ndef test_check():\n    check(check_tuplex)\n\ntest_check()\n",
      "timestamp": 1665510247,
      "stdout": "",
      "stderr": "Traceback (most recent call last):\n  File \"/tmp/tmpnstmlqiy.py\", line 16, in <module>\n    test_check()\n  File \"/tmp/tmpnstmlqiy.py\", line 14, in test_check\n    check(check_tuplex)\n  File \"/tmp/tmpnstmlqiy.py\", line 9, in check\n    assert candidate(('w', 3, 'r', 'e', 's', 'o', 'u', 'r', 'c', 'e'), 'r') == True\nAssertionError\n",
      "exit_code": 1,
      "status": "Exception"
    },
    {
      "program": "from typing import Tuple, Union, Any\n\ndef check_tuplex(tuplex: Tuple[Union[str, int]], tuple1: Any) -> bool:\n    \"\"\"\n\tWrite a function to check whether an element exists within a tuple.\n\t\"\"\"\n    return tuple1 in tuplex\n\nprint(check_tuplex(('a', 'b', 'c'), 'd'))\nprint(check_tuplex(('a', 'b', 'c'), 'a'))\nprint(check_tuplex((10, 20, 30), 10))\nprint(check_tuplex((10, 20, 30), 50))\ndef check(candidate):\n    assert candidate(('w', 3, 'r', 'e', 's', 'o', 'u', 'r', 'c', 'e'), 'r') == True\n    assert candidate(('w', 3, 'r', 'e', 's', 'o', 'u', 'r', 'c', 'e'), '5') == False\n    assert candidate(('w', 3, 'r', 'e', 's', 'o', 'u', 'r', 'c', 'e'), 3) == True\n\ndef test_check():\n    check(check_tuplex)\n\ntest_check()\n",
      "timestamp": 1666123001,
      "stdout": "False\nTrue\nTrue\nFalse\n",
      "stderr": "",
      "exit_code": 0,
      "status": "OK"
    },
    {
      "program": "from typing import Tuple, Union, Any\n\ndef check_tuplex(tuplex: Tuple[Union[str, int]], tuple1: Any) -> bool:\n    \"\"\"\n\tWrite a function to check whether an element exists within a tuple.\n\t\"\"\"\n    return tuplex[0] in tuple1\ndef check(candidate):\n    assert candidate(('w', 3, 'r', 'e', 's', 'o', 'u', 'r', 'c', 'e'), 'r') == True\n    assert candidate(('w', 3, 'r', 'e', 's', 'o', 'u', 'r', 'c', 'e'), '5') == False\n    assert candidate(('w', 3, 'r', 'e', 's', 'o', 'u', 'r', 'c', 'e'), 3) == True\n\ndef test_check():\n    check(check_tuplex)\n\ntest_check()\n",
      "timestamp": 1666123001,
      "stdout": "",
      "stderr": "Traceback (most recent call last):\n  File \"/tmp/tmpumhvlmmk.py\", line 16, in <module>\n    test_check()\n  File \"/tmp/tmpumhvlmmk.py\", line 14, in test_check\n    check(check_tuplex)\n  File \"/tmp/tmpumhvlmmk.py\", line 9, in check\n    assert candidate(('w', 3, 'r', 'e', 's', 'o', 'u', 'r', 'c', 'e'), 'r') == True\nAssertionError\n",
      "exit_code": 1,
      "status": "Exception"
    },
    {
      "program": "from typing import Tuple, Union, Any\n\ndef check_tuplex(tuplex: Tuple[Union[str, int]], tuple1: Any) -> bool:\n    \"\"\"\n\tWrite a function to check whether an element exists within a tuple.\n\t\"\"\"\n    return tuplex == tuple1\n\n\nprint(check_tuplex((\"a\", 1, 2), (\"a\", 1, 2)))\nprint(check_tuplex((\"a\", 1, 2), (\"a\", 1, 3)))\ndef check(candidate):\n    assert candidate(('w', 3, 'r', 'e', 's', 'o', 'u', 'r', 'c', 'e'), 'r') == True\n    assert candidate(('w', 3, 'r', 'e', 's', 'o', 'u', 'r', 'c', 'e'), '5') == False\n    assert candidate(('w', 3, 'r', 'e', 's', 'o', 'u', 'r', 'c', 'e'), 3) == True\n\ndef test_check():\n    check(check_tuplex)\n\ntest_check()\n",
      "timestamp": 1666123001,
      "stdout": "True\nFalse\n",
      "stderr": "Traceback (most recent call last):\n  File \"/tmp/tmpwtn3zq87.py\", line 20, in <module>\n    test_check()\n  File \"/tmp/tmpwtn3zq87.py\", line 18, in test_check\n    check(check_tuplex)\n  File \"/tmp/tmpwtn3zq87.py\", line 13, in check\n    assert candidate(('w', 3, 'r', 'e', 's', 'o', 'u', 'r', 'c', 'e'), 'r') == True\nAssertionError\n",
      "exit_code": 1,
      "status": "Exception"
    },
    {
      "program": "from typing import Tuple, Union, Any\n\ndef check_tuplex(tuplex: Tuple[Union[str, int]], tuple1: Any) -> bool:\n    \"\"\"\n\tWrite a function to check whether an element exists within a tuple.\n\t\"\"\"\n    return tuplex == tuple1\n\nprint(check_tuplex((\"a\", \"b\", \"c\"), (\"a\", \"b\", \"c\")))\nprint(check_tuplex((\"a\", \"b\", \"c\"), (\"a\", \"b\", \"d\")))\nprint(check_tuplex((\"a\", \"b\", \"c\"), (\"a\", \"b\")))\nprint(check_tuplex((\"a\", \"b\", \"c\"), (\"a\", \"b\", \"c\", \"d\")))\nprint(check_tuplex((\"a\", \"b\", \"c\"), (\"d\", \"e\", \"f\")))\nprint(check_tuplex((\"a\", \"b\", \"c\"), (1, 2, 3)))\ndef check(candidate):\n    assert candidate(('w', 3, 'r', 'e', 's', 'o', 'u', 'r', 'c', 'e'), 'r') == True\n    assert candidate(('w', 3, 'r', 'e', 's', 'o', 'u', 'r', 'c', 'e'), '5') == False\n    assert candidate(('w', 3, 'r', 'e', 's', 'o', 'u', 'r', 'c', 'e'), 3) == True\n\ndef test_check():\n    check(check_tuplex)\n\ntest_check()\n",
      "timestamp": 1665510247,
      "stdout": "True\nFalse\nFalse\nFalse\nFalse\nFalse\n",
      "stderr": "Traceback (most recent call last):\n  File \"/tmp/tmphlt6qy8a.py\", line 23, in <module>\n    test_check()\n  File \"/tmp/tmphlt6qy8a.py\", line 21, in test_check\n    check(check_tuplex)\n  File \"/tmp/tmphlt6qy8a.py\", line 16, in check\n    assert candidate(('w', 3, 'r', 'e', 's', 'o', 'u', 'r', 'c', 'e'), 'r') == True\nAssertionError\n",
      "exit_code": 1,
      "status": "Exception"
    },
    {
      "program": "from typing import Tuple, Union, Any\n\ndef check_tuplex(tuplex: Tuple[Union[str, int]], tuple1: Any) -> bool:\n    \"\"\"\n\tWrite a function to check whether an element exists within a tuple.\n\t\"\"\"\n    return tuplex == tuple1\ndef check(candidate):\n    assert candidate(('w', 3, 'r', 'e', 's', 'o', 'u', 'r', 'c', 'e'), 'r') == True\n    assert candidate(('w', 3, 'r', 'e', 's', 'o', 'u', 'r', 'c', 'e'), '5') == False\n    assert candidate(('w', 3, 'r', 'e', 's', 'o', 'u', 'r', 'c', 'e'), 3) == True\n\ndef test_check():\n    check(check_tuplex)\n\ntest_check()\n",
      "timestamp": 1665510247,
      "stdout": "",
      "stderr": "Traceback (most recent call last):\n  File \"/tmp/tmpnstmlqiy.py\", line 16, in <module>\n    test_check()\n  File \"/tmp/tmpnstmlqiy.py\", line 14, in test_check\n    check(check_tuplex)\n  File \"/tmp/tmpnstmlqiy.py\", line 9, in check\n    assert candidate(('w', 3, 'r', 'e', 's', 'o', 'u', 'r', 'c', 'e'), 'r') == True\nAssertionError\n",
      "exit_code": 1,
      "status": "Exception"
    },
    {
      "program": "from typing import Tuple, Union, Any\n\ndef check_tuplex(tuplex: Tuple[Union[str, int]], tuple1: Any) -> bool:\n    \"\"\"\n\tWrite a function to check whether an element exists within a tuple.\n\t\"\"\"\n    return tuple1 in tuplex\ndef check(candidate):\n    assert candidate(('w', 3, 'r', 'e', 's', 'o', 'u', 'r', 'c', 'e'), 'r') == True\n    assert candidate(('w', 3, 'r', 'e', 's', 'o', 'u', 'r', 'c', 'e'), '5') == False\n    assert candidate(('w', 3, 'r', 'e', 's', 'o', 'u', 'r', 'c', 'e'), 3) == True\n\ndef test_check():\n    check(check_tuplex)\n\ntest_check()\n",
      "timestamp": 1665510247,
      "stdout": "",
      "stderr": "",
      "exit_code": 0,
      "status": "OK"
    },
    {
      "program": "from typing import Tuple, Union, Any\n\ndef check_tuplex(tuplex: Tuple[Union[str, int]], tuple1: Any) -> bool:\n    \"\"\"\n\tWrite a function to check whether an element exists within a tuple.\n\t\"\"\"\n    return tuplex == tuple1\n\nprint(check_tuplex((\"Hello\", 1), (\"Hello\", 1)))\ndef check(candidate):\n    assert candidate(('w', 3, 'r', 'e', 's', 'o', 'u', 'r', 'c', 'e'), 'r') == True\n    assert candidate(('w', 3, 'r', 'e', 's', 'o', 'u', 'r', 'c', 'e'), '5') == False\n    assert candidate(('w', 3, 'r', 'e', 's', 'o', 'u', 'r', 'c', 'e'), 3) == True\n\ndef test_check():\n    check(check_tuplex)\n\ntest_check()\n",
      "timestamp": 1666123001,
      "stdout": "True\n",
      "stderr": "Traceback (most recent call last):\n  File \"/tmp/tmpu_euc4d4.py\", line 18, in <module>\n    test_check()\n  File \"/tmp/tmpu_euc4d4.py\", line 16, in test_check\n    check(check_tuplex)\n  File \"/tmp/tmpu_euc4d4.py\", line 11, in check\n    assert candidate(('w', 3, 'r', 'e', 's', 'o', 'u', 'r', 'c', 'e'), 'r') == True\nAssertionError\n",
      "exit_code": 1,
      "status": "Exception"
    },
    {
      "program": "from typing import Tuple, Union, Any\n\ndef check_tuplex(tuplex: Tuple[Union[str, int]], tuple1: Any) -> bool:\n    \"\"\"\n\tWrite a function to check whether an element exists within a tuple.\n\t\"\"\"\n    return tuple1 in tuplex\ndef check(candidate):\n    assert candidate(('w', 3, 'r', 'e', 's', 'o', 'u', 'r', 'c', 'e'), 'r') == True\n    assert candidate(('w', 3, 'r', 'e', 's', 'o', 'u', 'r', 'c', 'e'), '5') == False\n    assert candidate(('w', 3, 'r', 'e', 's', 'o', 'u', 'r', 'c', 'e'), 3) == True\n\ndef test_check():\n    check(check_tuplex)\n\ntest_check()\n",
      "timestamp": 1665510247,
      "stdout": "",
      "stderr": "",
      "exit_code": 0,
      "status": "OK"
    },
    {
      "program": "from typing import Tuple, Union, Any\n\ndef check_tuplex(tuplex: Tuple[Union[str, int]], tuple1: Any) -> bool:\n    \"\"\"\n\tWrite a function to check whether an element exists within a tuple.\n\t\"\"\"\n    return tuplex == tuple1\n\ndef check(candidate):\n    assert candidate(('w', 3, 'r', 'e', 's', 'o', 'u', 'r', 'c', 'e'), 'r') == True\n    assert candidate(('w', 3, 'r', 'e', 's', 'o', 'u', 'r', 'c', 'e'), '5') == False\n    assert candidate(('w', 3, 'r', 'e', 's', 'o', 'u', 'r', 'c', 'e'), 3) == True\n\ndef test_check():\n    check(check_tuplex)\n\ntest_check()\n",
      "timestamp": 1665510247,
      "stdout": "",
      "stderr": "Traceback (most recent call last):\n  File \"/tmp/tmpxyi7dn_5.py\", line 17, in <module>\n    test_check()\n  File \"/tmp/tmpxyi7dn_5.py\", line 15, in test_check\n    check(check_tuplex)\n  File \"/tmp/tmpxyi7dn_5.py\", line 10, in check\n    assert candidate(('w', 3, 'r', 'e', 's', 'o', 'u', 'r', 'c', 'e'), 'r') == True\nAssertionError\n",
      "exit_code": 1,
      "status": "Exception"
    },
    {
      "program": "from typing import Tuple, Union, Any\n\ndef check_tuplex(tuplex: Tuple[Union[str, int]], tuple1: Any) -> bool:\n    \"\"\"\n\tWrite a function to check whether an element exists within a tuple.\n\t\"\"\"\n    return tuplex == tuple1\n\nprint(check_tuplex((\"a\", 1, 2), (\"a\", 1, 2)))\nprint(check_tuplex((\"a\", 1, 2), (\"a\", 1, 3)))\nprint(check_tuplex((\"a\", 1, 2), (\"b\", 1, 2)))\nprint(check_tuplex((\"a\", 1, 2), (\"b\", 1, 3)))\ndef check(candidate):\n    assert candidate(('w', 3, 'r', 'e', 's', 'o', 'u', 'r', 'c', 'e'), 'r') == True\n    assert candidate(('w', 3, 'r', 'e', 's', 'o', 'u', 'r', 'c', 'e'), '5') == False\n    assert candidate(('w', 3, 'r', 'e', 's', 'o', 'u', 'r', 'c', 'e'), 3) == True\n\ndef test_check():\n    check(check_tuplex)\n\ntest_check()\n",
      "timestamp": 1666123001,
      "stdout": "True\nFalse\nFalse\nFalse\n",
      "stderr": "Traceback (most recent call last):\n  File \"/tmp/tmp7i2kf11i.py\", line 21, in <module>\n    test_check()\n  File \"/tmp/tmp7i2kf11i.py\", line 19, in test_check\n    check(check_tuplex)\n  File \"/tmp/tmp7i2kf11i.py\", line 14, in check\n    assert candidate(('w', 3, 'r', 'e', 's', 'o', 'u', 'r', 'c', 'e'), 'r') == True\nAssertionError\n",
      "exit_code": 1,
      "status": "Exception"
    },
    {
      "program": "from typing import Tuple, Union, Any\n\ndef check_tuplex(tuplex: Tuple[Union[str, int]], tuple1: Any) -> bool:\n    \"\"\"\n\tWrite a function to check whether an element exists within a tuple.\n\t\"\"\"\n    return tuplex == tuple1\n\nprint(check_tuplex((\"a\", 1), (\"a\", 1)))\nprint(check_tuplex((\"a\", 1), (\"b\", 2)))\nprint(check_tuplex((\"a\", 1), (\"a\", 2)))\ndef check(candidate):\n    assert candidate(('w', 3, 'r', 'e', 's', 'o', 'u', 'r', 'c', 'e'), 'r') == True\n    assert candidate(('w', 3, 'r', 'e', 's', 'o', 'u', 'r', 'c', 'e'), '5') == False\n    assert candidate(('w', 3, 'r', 'e', 's', 'o', 'u', 'r', 'c', 'e'), 3) == True\n\ndef test_check():\n    check(check_tuplex)\n\ntest_check()\n",
      "timestamp": 1665510247,
      "stdout": "True\nFalse\nFalse\n",
      "stderr": "Traceback (most recent call last):\n  File \"/tmp/tmphpu4g9nu.py\", line 20, in <module>\n    test_check()\n  File \"/tmp/tmphpu4g9nu.py\", line 18, in test_check\n    check(check_tuplex)\n  File \"/tmp/tmphpu4g9nu.py\", line 13, in check\n    assert candidate(('w', 3, 'r', 'e', 's', 'o', 'u', 'r', 'c', 'e'), 'r') == True\nAssertionError\n",
      "exit_code": 1,
      "status": "Exception"
    },
    {
      "program": "from typing import Tuple, Union, Any\n\ndef check_tuplex(tuplex: Tuple[Union[str, int]], tuple1: Any) -> bool:\n    \"\"\"\n\tWrite a function to check whether an element exists within a tuple.\n\t\"\"\"\n    return tuplex == tuple1\n\ndef check(candidate):\n    assert candidate(('w', 3, 'r', 'e', 's', 'o', 'u', 'r', 'c', 'e'), 'r') == True\n    assert candidate(('w', 3, 'r', 'e', 's', 'o', 'u', 'r', 'c', 'e'), '5') == False\n    assert candidate(('w', 3, 'r', 'e', 's', 'o', 'u', 'r', 'c', 'e'), 3) == True\n\ndef test_check():\n    check(check_tuplex)\n\ntest_check()\n",
      "timestamp": 1665510247,
      "stdout": "",
      "stderr": "Traceback (most recent call last):\n  File \"/tmp/tmpxyi7dn_5.py\", line 17, in <module>\n    test_check()\n  File \"/tmp/tmpxyi7dn_5.py\", line 15, in test_check\n    check(check_tuplex)\n  File \"/tmp/tmpxyi7dn_5.py\", line 10, in check\n    assert candidate(('w', 3, 'r', 'e', 's', 'o', 'u', 'r', 'c', 'e'), 'r') == True\nAssertionError\n",
      "exit_code": 1,
      "status": "Exception"
    },
    {
      "program": "from typing import Tuple, Union, Any\n\ndef check_tuplex(tuplex: Tuple[Union[str, int]], tuple1: Any) -> bool:\n    \"\"\"\n\tWrite a function to check whether an element exists within a tuple.\n\t\"\"\"\n    return tuplex == tuple1\n\ndef check(candidate):\n    assert candidate(('w', 3, 'r', 'e', 's', 'o', 'u', 'r', 'c', 'e'), 'r') == True\n    assert candidate(('w', 3, 'r', 'e', 's', 'o', 'u', 'r', 'c', 'e'), '5') == False\n    assert candidate(('w', 3, 'r', 'e', 's', 'o', 'u', 'r', 'c', 'e'), 3) == True\n\ndef test_check():\n    check(check_tuplex)\n\ntest_check()\n",
      "timestamp": 1665510247,
      "stdout": "",
      "stderr": "Traceback (most recent call last):\n  File \"/tmp/tmpxyi7dn_5.py\", line 17, in <module>\n    test_check()\n  File \"/tmp/tmpxyi7dn_5.py\", line 15, in test_check\n    check(check_tuplex)\n  File \"/tmp/tmpxyi7dn_5.py\", line 10, in check\n    assert candidate(('w', 3, 'r', 'e', 's', 'o', 'u', 'r', 'c', 'e'), 'r') == True\nAssertionError\n",
      "exit_code": 1,
      "status": "Exception"
    },
    {
      "program": "from typing import Tuple, Union, Any\n\ndef check_tuplex(tuplex: Tuple[Union[str, int]], tuple1: Any) -> bool:\n    \"\"\"\n\tWrite a function to check whether an element exists within a tuple.\n\t\"\"\"\n    return tuple1 in tuplex\n\ndef check(candidate):\n    assert candidate(('w', 3, 'r', 'e', 's', 'o', 'u', 'r', 'c', 'e'), 'r') == True\n    assert candidate(('w', 3, 'r', 'e', 's', 'o', 'u', 'r', 'c', 'e'), '5') == False\n    assert candidate(('w', 3, 'r', 'e', 's', 'o', 'u', 'r', 'c', 'e'), 3) == True\n\ndef test_check():\n    check(check_tuplex)\n\ntest_check()\n",
      "timestamp": 1666123000,
      "stdout": "",
      "stderr": "",
      "exit_code": 0,
      "status": "OK"
    },
    {
      "program": "from typing import Tuple, Union, Any\n\ndef check_tuplex(tuplex: Tuple[Union[str, int]], tuple1: Any) -> bool:\n    \"\"\"\n\tWrite a function to check whether an element exists within a tuple.\n\t\"\"\"\n    return tuplex == tuple1\n\ndef check(candidate):\n    assert candidate(('w', 3, 'r', 'e', 's', 'o', 'u', 'r', 'c', 'e'), 'r') == True\n    assert candidate(('w', 3, 'r', 'e', 's', 'o', 'u', 'r', 'c', 'e'), '5') == False\n    assert candidate(('w', 3, 'r', 'e', 's', 'o', 'u', 'r', 'c', 'e'), 3) == True\n\ndef test_check():\n    check(check_tuplex)\n\ntest_check()\n",
      "timestamp": 1665510247,
      "stdout": "",
      "stderr": "Traceback (most recent call last):\n  File \"/tmp/tmpxyi7dn_5.py\", line 17, in <module>\n    test_check()\n  File \"/tmp/tmpxyi7dn_5.py\", line 15, in test_check\n    check(check_tuplex)\n  File \"/tmp/tmpxyi7dn_5.py\", line 10, in check\n    assert candidate(('w', 3, 'r', 'e', 's', 'o', 'u', 'r', 'c', 'e'), 'r') == True\nAssertionError\n",
      "exit_code": 1,
      "status": "Exception"
    },
    {
      "program": "from typing import Tuple, Union, Any\n\ndef check_tuplex(tuplex: Tuple[Union[str, int]], tuple1: Any) -> bool:\n    \"\"\"\n\tWrite a function to check whether an element exists within a tuple.\n\t\"\"\"\n    return tuple1 in tuplex\n\nprint(check_tuplex((\"a\", \"b\", \"c\"), \"d\"))\nprint(check_tuplex((\"a\", \"b\", \"c\"), \"a\"))\nprint(check_tuplex((1, 2, 3), 3))\nprint(check_tuplex((1, 2, 3), 4))\ndef check(candidate):\n    assert candidate(('w', 3, 'r', 'e', 's', 'o', 'u', 'r', 'c', 'e'), 'r') == True\n    assert candidate(('w', 3, 'r', 'e', 's', 'o', 'u', 'r', 'c', 'e'), '5') == False\n    assert candidate(('w', 3, 'r', 'e', 's', 'o', 'u', 'r', 'c', 'e'), 3) == True\n\ndef test_check():\n    check(check_tuplex)\n\ntest_check()\n",
      "timestamp": 1665510247,
      "stdout": "False\nTrue\nTrue\nFalse\n",
      "stderr": "",
      "exit_code": 0,
      "status": "OK"
    },
    {
      "program": "from typing import Tuple, Union, Any\n\ndef check_tuplex(tuplex: Tuple[Union[str, int]], tuple1: Any) -> bool:\n    \"\"\"\n\tWrite a function to check whether an element exists within a tuple.\n\t\"\"\"\n    return tuplex == tuple1\n\n\nprint(check_tuplex((\"a\", 1, 2, 3), (\"a\", 1, 2, 3)))\nprint(check_tuplex((\"a\", 1, 2, 3), (\"a\", 1, 2, 3, 4)))\ndef check(candidate):\n    assert candidate(('w', 3, 'r', 'e', 's', 'o', 'u', 'r', 'c', 'e'), 'r') == True\n    assert candidate(('w', 3, 'r', 'e', 's', 'o', 'u', 'r', 'c', 'e'), '5') == False\n    assert candidate(('w', 3, 'r', 'e', 's', 'o', 'u', 'r', 'c', 'e'), 3) == True\n\ndef test_check():\n    check(check_tuplex)\n\ntest_check()\n",
      "timestamp": 1666123001,
      "stdout": "True\nFalse\n",
      "stderr": "Traceback (most recent call last):\n  File \"/tmp/tmpxiwu2sgh.py\", line 20, in <module>\n    test_check()\n  File \"/tmp/tmpxiwu2sgh.py\", line 18, in test_check\n    check(check_tuplex)\n  File \"/tmp/tmpxiwu2sgh.py\", line 13, in check\n    assert candidate(('w', 3, 'r', 'e', 's', 'o', 'u', 'r', 'c', 'e'), 'r') == True\nAssertionError\n",
      "exit_code": 1,
      "status": "Exception"
    },
    {
      "program": "from typing import Tuple, Union, Any\n\ndef check_tuplex(tuplex: Tuple[Union[str, int]], tuple1: Any) -> bool:\n    \"\"\"\n\tWrite a function to check whether an element exists within a tuple.\n\t\"\"\"\n    return tuplex == tuple1\ndef check(candidate):\n    assert candidate(('w', 3, 'r', 'e', 's', 'o', 'u', 'r', 'c', 'e'), 'r') == True\n    assert candidate(('w', 3, 'r', 'e', 's', 'o', 'u', 'r', 'c', 'e'), '5') == False\n    assert candidate(('w', 3, 'r', 'e', 's', 'o', 'u', 'r', 'c', 'e'), 3) == True\n\ndef test_check():\n    check(check_tuplex)\n\ntest_check()\n",
      "timestamp": 1665510247,
      "stdout": "",
      "stderr": "Traceback (most recent call last):\n  File \"/tmp/tmpnstmlqiy.py\", line 16, in <module>\n    test_check()\n  File \"/tmp/tmpnstmlqiy.py\", line 14, in test_check\n    check(check_tuplex)\n  File \"/tmp/tmpnstmlqiy.py\", line 9, in check\n    assert candidate(('w', 3, 'r', 'e', 's', 'o', 'u', 'r', 'c', 'e'), 'r') == True\nAssertionError\n",
      "exit_code": 1,
      "status": "Exception"
    },
    {
      "program": "from typing import Tuple, Union, Any\n\ndef check_tuplex(tuplex: Tuple[Union[str, int]], tuple1: Any) -> bool:\n    \"\"\"\n\tWrite a function to check whether an element exists within a tuple.\n\t\"\"\"\n    return tuplex == tuple1\n\ndef check(candidate):\n    assert candidate(('w', 3, 'r', 'e', 's', 'o', 'u', 'r', 'c', 'e'), 'r') == True\n    assert candidate(('w', 3, 'r', 'e', 's', 'o', 'u', 'r', 'c', 'e'), '5') == False\n    assert candidate(('w', 3, 'r', 'e', 's', 'o', 'u', 'r', 'c', 'e'), 3) == True\n\ndef test_check():\n    check(check_tuplex)\n\ntest_check()\n",
      "timestamp": 1665510247,
      "stdout": "",
      "stderr": "Traceback (most recent call last):\n  File \"/tmp/tmpxyi7dn_5.py\", line 17, in <module>\n    test_check()\n  File \"/tmp/tmpxyi7dn_5.py\", line 15, in test_check\n    check(check_tuplex)\n  File \"/tmp/tmpxyi7dn_5.py\", line 10, in check\n    assert candidate(('w', 3, 'r', 'e', 's', 'o', 'u', 'r', 'c', 'e'), 'r') == True\nAssertionError\n",
      "exit_code": 1,
      "status": "Exception"
    },
    {
      "program": "from typing import Tuple, Union, Any\n\ndef check_tuplex(tuplex: Tuple[Union[str, int]], tuple1: Any) -> bool:\n    \"\"\"\n\tWrite a function to check whether an element exists within a tuple.\n\t\"\"\"\n    return tuplex == tuple1\n\nprint(check_tuplex(('a', 'b', 'c'), ('a', 'b', 'c')))\nprint(check_tuplex(('a', 'b', 'c'), ('a', 'b', 'd')))\nprint(check_tuplex(('a', 'b', 'c'), ('a', 'b')))\nprint(check_tuplex(('a', 'b', 'c'), ('a', 'b', 'c', 'd')))\ndef check(candidate):\n    assert candidate(('w', 3, 'r', 'e', 's', 'o', 'u', 'r', 'c', 'e'), 'r') == True\n    assert candidate(('w', 3, 'r', 'e', 's', 'o', 'u', 'r', 'c', 'e'), '5') == False\n    assert candidate(('w', 3, 'r', 'e', 's', 'o', 'u', 'r', 'c', 'e'), 3) == True\n\ndef test_check():\n    check(check_tuplex)\n\ntest_check()\n",
      "timestamp": 1665510247,
      "stdout": "True\nFalse\nFalse\nFalse\n",
      "stderr": "Traceback (most recent call last):\n  File \"/tmp/tmp4yp60zex.py\", line 21, in <module>\n    test_check()\n  File \"/tmp/tmp4yp60zex.py\", line 19, in test_check\n    check(check_tuplex)\n  File \"/tmp/tmp4yp60zex.py\", line 14, in check\n    assert candidate(('w', 3, 'r', 'e', 's', 'o', 'u', 'r', 'c', 'e'), 'r') == True\nAssertionError\n",
      "exit_code": 1,
      "status": "Exception"
    },
    {
      "program": "from typing import Tuple, Union, Any\n\ndef check_tuplex(tuplex: Tuple[Union[str, int]], tuple1: Any) -> bool:\n    \"\"\"\n\tWrite a function to check whether an element exists within a tuple.\n\t\"\"\"\n    return tuple1 in tuplex\n\nprint(check_tuplex(('a', 'b', 'c'), 'b'))\nprint(check_tuplex(('a', 'b', 'c'), 'd'))\ndef check(candidate):\n    assert candidate(('w', 3, 'r', 'e', 's', 'o', 'u', 'r', 'c', 'e'), 'r') == True\n    assert candidate(('w', 3, 'r', 'e', 's', 'o', 'u', 'r', 'c', 'e'), '5') == False\n    assert candidate(('w', 3, 'r', 'e', 's', 'o', 'u', 'r', 'c', 'e'), 3) == True\n\ndef test_check():\n    check(check_tuplex)\n\ntest_check()\n",
      "timestamp": 1666123001,
      "stdout": "True\nFalse\n",
      "stderr": "",
      "exit_code": 0,
      "status": "OK"
    },
    {
      "program": "from typing import Tuple, Union, Any\n\ndef check_tuplex(tuplex: Tuple[Union[str, int]], tuple1: Any) -> bool:\n    \"\"\"\n\tWrite a function to check whether an element exists within a tuple.\n\t\"\"\"\n    return tuplex == tuple1\n\nprint(check_tuplex((\"a\", 1, 2, 3), (\"a\", 1, 2, 3)))\nprint(check_tuplex((\"a\", 1, 2, 3), (\"a\", 1, 2, 3, 4)))\ndef check(candidate):\n    assert candidate(('w', 3, 'r', 'e', 's', 'o', 'u', 'r', 'c', 'e'), 'r') == True\n    assert candidate(('w', 3, 'r', 'e', 's', 'o', 'u', 'r', 'c', 'e'), '5') == False\n    assert candidate(('w', 3, 'r', 'e', 's', 'o', 'u', 'r', 'c', 'e'), 3) == True\n\ndef test_check():\n    check(check_tuplex)\n\ntest_check()\n",
      "timestamp": 1666123000,
      "stdout": "True\nFalse\n",
      "stderr": "Traceback (most recent call last):\n  File \"/tmp/tmpnc6i6wml.py\", line 19, in <module>\n    test_check()\n  File \"/tmp/tmpnc6i6wml.py\", line 17, in test_check\n    check(check_tuplex)\n  File \"/tmp/tmpnc6i6wml.py\", line 12, in check\n    assert candidate(('w', 3, 'r', 'e', 's', 'o', 'u', 'r', 'c', 'e'), 'r') == True\nAssertionError\n",
      "exit_code": 1,
      "status": "Exception"
    },
    {
      "program": "from typing import Tuple, Union, Any\n\ndef check_tuplex(tuplex: Tuple[Union[str, int]], tuple1: Any) -> bool:\n    \"\"\"\n\tWrite a function to check whether an element exists within a tuple.\n\t\"\"\"\n    return tuplex == tuple1\n\nprint(check_tuplex(('a', 'b', 'c'), ('a', 'b', 'c')))\nprint(check_tuplex(('a', 'b', 'c'), ('a', 'b', 'd')))\ndef check(candidate):\n    assert candidate(('w', 3, 'r', 'e', 's', 'o', 'u', 'r', 'c', 'e'), 'r') == True\n    assert candidate(('w', 3, 'r', 'e', 's', 'o', 'u', 'r', 'c', 'e'), '5') == False\n    assert candidate(('w', 3, 'r', 'e', 's', 'o', 'u', 'r', 'c', 'e'), 3) == True\n\ndef test_check():\n    check(check_tuplex)\n\ntest_check()\n",
      "timestamp": 1665510247,
      "stdout": "True\nFalse\n",
      "stderr": "Traceback (most recent call last):\n  File \"/tmp/tmpi3tzyq85.py\", line 19, in <module>\n    test_check()\n  File \"/tmp/tmpi3tzyq85.py\", line 17, in test_check\n    check(check_tuplex)\n  File \"/tmp/tmpi3tzyq85.py\", line 12, in check\n    assert candidate(('w', 3, 'r', 'e', 's', 'o', 'u', 'r', 'c', 'e'), 'r') == True\nAssertionError\n",
      "exit_code": 1,
      "status": "Exception"
    },
    {
      "program": "from typing import Tuple, Union, Any\n\ndef check_tuplex(tuplex: Tuple[Union[str, int]], tuple1: Any) -> bool:\n    \"\"\"\n\tWrite a function to check whether an element exists within a tuple.\n\t\"\"\"\n    return tuplex == tuple1\n\nprint(check_tuplex(('a', 'b', 'c'), ('a', 'b', 'c')))\nprint(check_tuplex(('a', 'b', 'c'), ('a', 'b', 'd')))\nprint(check_tuplex(('a', 'b', 'c'), ('a', 'b')))\nprint(check_tuplex(('a', 'b', 'c'), ('a', 'b', 'c', 'd')))\ndef check(candidate):\n    assert candidate(('w', 3, 'r', 'e', 's', 'o', 'u', 'r', 'c', 'e'), 'r') == True\n    assert candidate(('w', 3, 'r', 'e', 's', 'o', 'u', 'r', 'c', 'e'), '5') == False\n    assert candidate(('w', 3, 'r', 'e', 's', 'o', 'u', 'r', 'c', 'e'), 3) == True\n\ndef test_check():\n    check(check_tuplex)\n\ntest_check()\n",
      "timestamp": 1665510247,
      "stdout": "True\nFalse\nFalse\nFalse\n",
      "stderr": "Traceback (most recent call last):\n  File \"/tmp/tmp4yp60zex.py\", line 21, in <module>\n    test_check()\n  File \"/tmp/tmp4yp60zex.py\", line 19, in test_check\n    check(check_tuplex)\n  File \"/tmp/tmp4yp60zex.py\", line 14, in check\n    assert candidate(('w', 3, 'r', 'e', 's', 'o', 'u', 'r', 'c', 'e'), 'r') == True\nAssertionError\n",
      "exit_code": 1,
      "status": "Exception"
    },
    {
      "program": "from typing import Tuple, Union, Any\n\ndef check_tuplex(tuplex: Tuple[Union[str, int]], tuple1: Any) -> bool:\n    \"\"\"\n\tWrite a function to check whether an element exists within a tuple.\n\t\"\"\"\n    return tuplex == tuple1\ndef check(candidate):\n    assert candidate(('w', 3, 'r', 'e', 's', 'o', 'u', 'r', 'c', 'e'), 'r') == True\n    assert candidate(('w', 3, 'r', 'e', 's', 'o', 'u', 'r', 'c', 'e'), '5') == False\n    assert candidate(('w', 3, 'r', 'e', 's', 'o', 'u', 'r', 'c', 'e'), 3) == True\n\ndef test_check():\n    check(check_tuplex)\n\ntest_check()\n",
      "timestamp": 1665510247,
      "stdout": "",
      "stderr": "Traceback (most recent call last):\n  File \"/tmp/tmpnstmlqiy.py\", line 16, in <module>\n    test_check()\n  File \"/tmp/tmpnstmlqiy.py\", line 14, in test_check\n    check(check_tuplex)\n  File \"/tmp/tmpnstmlqiy.py\", line 9, in check\n    assert candidate(('w', 3, 'r', 'e', 's', 'o', 'u', 'r', 'c', 'e'), 'r') == True\nAssertionError\n",
      "exit_code": 1,
      "status": "Exception"
    },
    {
      "program": "from typing import Tuple, Union, Any\n\ndef check_tuplex(tuplex: Tuple[Union[str, int]], tuple1: Any) -> bool:\n    \"\"\"\n\tWrite a function to check whether an element exists within a tuple.\n\t\"\"\"\n    return tuplex == tuple1\n\nprint(check_tuplex(('a', 1), ('a', 1)))\nprint(check_tuplex(('a', 1), ('b', 2)))\nprint(check_tuplex(('a', 1), ('a', 2)))\ndef check(candidate):\n    assert candidate(('w', 3, 'r', 'e', 's', 'o', 'u', 'r', 'c', 'e'), 'r') == True\n    assert candidate(('w', 3, 'r', 'e', 's', 'o', 'u', 'r', 'c', 'e'), '5') == False\n    assert candidate(('w', 3, 'r', 'e', 's', 'o', 'u', 'r', 'c', 'e'), 3) == True\n\ndef test_check():\n    check(check_tuplex)\n\ntest_check()\n",
      "timestamp": 1666123001,
      "stdout": "True\nFalse\nFalse\n",
      "stderr": "Traceback (most recent call last):\n  File \"/tmp/tmpq6g_ec30.py\", line 20, in <module>\n    test_check()\n  File \"/tmp/tmpq6g_ec30.py\", line 18, in test_check\n    check(check_tuplex)\n  File \"/tmp/tmpq6g_ec30.py\", line 13, in check\n    assert candidate(('w', 3, 'r', 'e', 's', 'o', 'u', 'r', 'c', 'e'), 'r') == True\nAssertionError\n",
      "exit_code": 1,
      "status": "Exception"
    },
    {
      "program": "from typing import Tuple, Union, Any\n\ndef check_tuplex(tuplex: Tuple[Union[str, int]], tuple1: Any) -> bool:\n    \"\"\"\n\tWrite a function to check whether an element exists within a tuple.\n\t\"\"\"\n    return tuple1 in tuplex\n\nprint(check_tuplex((\"a\", \"b\", \"c\"), \"d\"))\nprint(check_tuplex((\"a\", \"b\", \"c\"), \"a\"))\nprint(check_tuplex((1, 2, 3), 3))\nprint(check_tuplex((1, 2, 3), 4))\ndef check(candidate):\n    assert candidate(('w', 3, 'r', 'e', 's', 'o', 'u', 'r', 'c', 'e'), 'r') == True\n    assert candidate(('w', 3, 'r', 'e', 's', 'o', 'u', 'r', 'c', 'e'), '5') == False\n    assert candidate(('w', 3, 'r', 'e', 's', 'o', 'u', 'r', 'c', 'e'), 3) == True\n\ndef test_check():\n    check(check_tuplex)\n\ntest_check()\n",
      "timestamp": 1665510247,
      "stdout": "False\nTrue\nTrue\nFalse\n",
      "stderr": "",
      "exit_code": 0,
      "status": "OK"
    },
    {
      "program": "from typing import Tuple, Union, Any\n\ndef check_tuplex(tuplex: Tuple[Union[str, int]], tuple1: Any) -> bool:\n    \"\"\"\n\tWrite a function to check whether an element exists within a tuple.\n\t\"\"\"\n    return tuplex == tuple1\n\nprint(check_tuplex(('a', 'b', 'c'), ('a', 'b', 'c')))\nprint(check_tuplex(('a', 'b', 'c'), ('a', 'b', 'd')))\nprint(check_tuplex(('a', 'b', 'c'), ('a', 'b')))\nprint(check_tuplex(('a', 'b', 'c'), ('a', 'b', 'c', 'd')))\nprint(check_tuplex(('a', 'b', 'c'), ('d', 'e', 'f')))\nprint(check_tuplex(('a', 'b', 'c'), ()))\ndef check(candidate):\n    assert candidate(('w', 3, 'r', 'e', 's', 'o', 'u', 'r', 'c', 'e'), 'r') == True\n    assert candidate(('w', 3, 'r', 'e', 's', 'o', 'u', 'r', 'c', 'e'), '5') == False\n    assert candidate(('w', 3, 'r', 'e', 's', 'o', 'u', 'r', 'c', 'e'), 3) == True\n\ndef test_check():\n    check(check_tuplex)\n\ntest_check()\n",
      "timestamp": 1666123001,
      "stdout": "True\nFalse\nFalse\nFalse\nFalse\nFalse\n",
      "stderr": "Traceback (most recent call last):\n  File \"/tmp/tmpf0no5nm9.py\", line 23, in <module>\n    test_check()\n  File \"/tmp/tmpf0no5nm9.py\", line 21, in test_check\n    check(check_tuplex)\n  File \"/tmp/tmpf0no5nm9.py\", line 16, in check\n    assert candidate(('w', 3, 'r', 'e', 's', 'o', 'u', 'r', 'c', 'e'), 'r') == True\nAssertionError\n",
      "exit_code": 1,
      "status": "Exception"
    },
    {
      "program": "from typing import Tuple, Union, Any\n\ndef check_tuplex(tuplex: Tuple[Union[str, int]], tuple1: Any) -> bool:\n    \"\"\"\n\tWrite a function to check whether an element exists within a tuple.\n\t\"\"\"\n    return tuplex == tuple1\n\nprint(check_tuplex((\"a\", 1, 2, 3), (\"a\", 1, 2, 3)))\nprint(check_tuplex((\"a\", 1, 2, 3), (\"a\", 1, 2, 3, 4)))\ndef check(candidate):\n    assert candidate(('w', 3, 'r', 'e', 's', 'o', 'u', 'r', 'c', 'e'), 'r') == True\n    assert candidate(('w', 3, 'r', 'e', 's', 'o', 'u', 'r', 'c', 'e'), '5') == False\n    assert candidate(('w', 3, 'r', 'e', 's', 'o', 'u', 'r', 'c', 'e'), 3) == True\n\ndef test_check():\n    check(check_tuplex)\n\ntest_check()\n",
      "timestamp": 1666123000,
      "stdout": "True\nFalse\n",
      "stderr": "Traceback (most recent call last):\n  File \"/tmp/tmpnc6i6wml.py\", line 19, in <module>\n    test_check()\n  File \"/tmp/tmpnc6i6wml.py\", line 17, in test_check\n    check(check_tuplex)\n  File \"/tmp/tmpnc6i6wml.py\", line 12, in check\n    assert candidate(('w', 3, 'r', 'e', 's', 'o', 'u', 'r', 'c', 'e'), 'r') == True\nAssertionError\n",
      "exit_code": 1,
      "status": "Exception"
    },
    {
      "program": "from typing import Tuple, Union, Any\n\ndef check_tuplex(tuplex: Tuple[Union[str, int]], tuple1: Any) -> bool:\n    \"\"\"\n\tWrite a function to check whether an element exists within a tuple.\n\t\"\"\"\n    return tuplex == tuple1\n\nprint(check_tuplex((\"a\", 1, 2), (\"a\", 1, 2)))\nprint(check_tuplex((\"a\", 1, 2), (\"a\", 1, 3)))\nprint(check_tuplex((\"a\", 1, 2), (\"b\", 1, 2)))\nprint(check_tuplex((\"a\", 1, 2), (\"b\", 1, 3)))\n\ndef check(candidate):\n    assert candidate(('w', 3, 'r', 'e', 's', 'o', 'u', 'r', 'c', 'e'), 'r') == True\n    assert candidate(('w', 3, 'r', 'e', 's', 'o', 'u', 'r', 'c', 'e'), '5') == False\n    assert candidate(('w', 3, 'r', 'e', 's', 'o', 'u', 'r', 'c', 'e'), 3) == True\n\ndef test_check():\n    check(check_tuplex)\n\ntest_check()\n",
      "timestamp": 1666123001,
      "stdout": "True\nFalse\nFalse\nFalse\n",
      "stderr": "Traceback (most recent call last):\n  File \"/tmp/tmp6gm1sset.py\", line 22, in <module>\n    test_check()\n  File \"/tmp/tmp6gm1sset.py\", line 20, in test_check\n    check(check_tuplex)\n  File \"/tmp/tmp6gm1sset.py\", line 15, in check\n    assert candidate(('w', 3, 'r', 'e', 's', 'o', 'u', 'r', 'c', 'e'), 'r') == True\nAssertionError\n",
      "exit_code": 1,
      "status": "Exception"
    },
    {
      "program": "from typing import Tuple, Union, Any\n\ndef check_tuplex(tuplex: Tuple[Union[str, int]], tuple1: Any) -> bool:\n    \"\"\"\n\tWrite a function to check whether an element exists within a tuple.\n\t\"\"\"\n    return tuplex == tuple1\n\nprint(check_tuplex(('a', 'b', 'c'), ('a', 'b', 'c')))\nprint(check_tuplex(('a', 'b', 'c'), ('a', 'b', 'd')))\nprint(check_tuplex(('a', 'b', 'c'), ('a', 'b')))\nprint(check_tuplex(('a', 'b', 'c'), ('a', 'b', 'c', 'd')))\nprint(check_tuplex(('a', 'b', 'c'), ('d', 'e', 'f')))\ndef check(candidate):\n    assert candidate(('w', 3, 'r', 'e', 's', 'o', 'u', 'r', 'c', 'e'), 'r') == True\n    assert candidate(('w', 3, 'r', 'e', 's', 'o', 'u', 'r', 'c', 'e'), '5') == False\n    assert candidate(('w', 3, 'r', 'e', 's', 'o', 'u', 'r', 'c', 'e'), 3) == True\n\ndef test_check():\n    check(check_tuplex)\n\ntest_check()\n",
      "timestamp": 1665510247,
      "stdout": "True\nFalse\nFalse\nFalse\nFalse\n",
      "stderr": "Traceback (most recent call last):\n  File \"/tmp/tmpvrq_uvx2.py\", line 22, in <module>\n    test_check()\n  File \"/tmp/tmpvrq_uvx2.py\", line 20, in test_check\n    check(check_tuplex)\n  File \"/tmp/tmpvrq_uvx2.py\", line 15, in check\n    assert candidate(('w', 3, 'r', 'e', 's', 'o', 'u', 'r', 'c', 'e'), 'r') == True\nAssertionError\n",
      "exit_code": 1,
      "status": "Exception"
    },
    {
      "program": "from typing import Tuple, Union, Any\n\ndef check_tuplex(tuplex: Tuple[Union[str, int]], tuple1: Any) -> bool:\n    \"\"\"\n\tWrite a function to check whether an element exists within a tuple.\n\t\"\"\"\n    return tuplex == tuple1\n\ndef check(candidate):\n    assert candidate(('w', 3, 'r', 'e', 's', 'o', 'u', 'r', 'c', 'e'), 'r') == True\n    assert candidate(('w', 3, 'r', 'e', 's', 'o', 'u', 'r', 'c', 'e'), '5') == False\n    assert candidate(('w', 3, 'r', 'e', 's', 'o', 'u', 'r', 'c', 'e'), 3) == True\n\ndef test_check():\n    check(check_tuplex)\n\ntest_check()\n",
      "timestamp": 1665510247,
      "stdout": "",
      "stderr": "Traceback (most recent call last):\n  File \"/tmp/tmpxyi7dn_5.py\", line 17, in <module>\n    test_check()\n  File \"/tmp/tmpxyi7dn_5.py\", line 15, in test_check\n    check(check_tuplex)\n  File \"/tmp/tmpxyi7dn_5.py\", line 10, in check\n    assert candidate(('w', 3, 'r', 'e', 's', 'o', 'u', 'r', 'c', 'e'), 'r') == True\nAssertionError\n",
      "exit_code": 1,
      "status": "Exception"
    },
    {
      "program": "from typing import Tuple, Union, Any\n\ndef check_tuplex(tuplex: Tuple[Union[str, int]], tuple1: Any) -> bool:\n    \"\"\"\n\tWrite a function to check whether an element exists within a tuple.\n\t\"\"\"\n    return tuplex == tuple1\n\nprint(check_tuplex(('a', 'b', 'c'), ('a', 'b', 'c')))\ndef check(candidate):\n    assert candidate(('w', 3, 'r', 'e', 's', 'o', 'u', 'r', 'c', 'e'), 'r') == True\n    assert candidate(('w', 3, 'r', 'e', 's', 'o', 'u', 'r', 'c', 'e'), '5') == False\n    assert candidate(('w', 3, 'r', 'e', 's', 'o', 'u', 'r', 'c', 'e'), 3) == True\n\ndef test_check():\n    check(check_tuplex)\n\ntest_check()\n",
      "timestamp": 1665510247,
      "stdout": "True\n",
      "stderr": "Traceback (most recent call last):\n  File \"/tmp/tmpq1czwjlg.py\", line 18, in <module>\n    test_check()\n  File \"/tmp/tmpq1czwjlg.py\", line 16, in test_check\n    check(check_tuplex)\n  File \"/tmp/tmpq1czwjlg.py\", line 11, in check\n    assert candidate(('w', 3, 'r', 'e', 's', 'o', 'u', 'r', 'c', 'e'), 'r') == True\nAssertionError\n",
      "exit_code": 1,
      "status": "Exception"
    },
    {
      "program": "from typing import Tuple, Union, Any\n\ndef check_tuplex(tuplex: Tuple[Union[str, int]], tuple1: Any) -> bool:\n    \"\"\"\n\tWrite a function to check whether an element exists within a tuple.\n\t\"\"\"\n    if tuplex == tuple1:\n        return True\n    else:\n        return False\n\ndef check(candidate):\n    assert candidate(('w', 3, 'r', 'e', 's', 'o', 'u', 'r', 'c', 'e'), 'r') == True\n    assert candidate(('w', 3, 'r', 'e', 's', 'o', 'u', 'r', 'c', 'e'), '5') == False\n    assert candidate(('w', 3, 'r', 'e', 's', 'o', 'u', 'r', 'c', 'e'), 3) == True\n\ndef test_check():\n    check(check_tuplex)\n\ntest_check()\n",
      "timestamp": 1666123001,
      "stdout": "",
      "stderr": "Traceback (most recent call last):\n  File \"/tmp/tmp5fvkkcx8.py\", line 20, in <module>\n    test_check()\n  File \"/tmp/tmp5fvkkcx8.py\", line 18, in test_check\n    check(check_tuplex)\n  File \"/tmp/tmp5fvkkcx8.py\", line 13, in check\n    assert candidate(('w', 3, 'r', 'e', 's', 'o', 'u', 'r', 'c', 'e'), 'r') == True\nAssertionError\n",
      "exit_code": 1,
      "status": "Exception"
    },
    {
      "program": "from typing import Tuple, Union, Any\n\ndef check_tuplex(tuplex: Tuple[Union[str, int]], tuple1: Any) -> bool:\n    \"\"\"\n\tWrite a function to check whether an element exists within a tuple.\n\t\"\"\"\n    return tuplex == tuple1\n\ndef check(candidate):\n    assert candidate(('w', 3, 'r', 'e', 's', 'o', 'u', 'r', 'c', 'e'), 'r') == True\n    assert candidate(('w', 3, 'r', 'e', 's', 'o', 'u', 'r', 'c', 'e'), '5') == False\n    assert candidate(('w', 3, 'r', 'e', 's', 'o', 'u', 'r', 'c', 'e'), 3) == True\n\ndef test_check():\n    check(check_tuplex)\n\ntest_check()\n",
      "timestamp": 1665510247,
      "stdout": "",
      "stderr": "Traceback (most recent call last):\n  File \"/tmp/tmpxyi7dn_5.py\", line 17, in <module>\n    test_check()\n  File \"/tmp/tmpxyi7dn_5.py\", line 15, in test_check\n    check(check_tuplex)\n  File \"/tmp/tmpxyi7dn_5.py\", line 10, in check\n    assert candidate(('w', 3, 'r', 'e', 's', 'o', 'u', 'r', 'c', 'e'), 'r') == True\nAssertionError\n",
      "exit_code": 1,
      "status": "Exception"
    },
    {
      "program": "from typing import Tuple, Union, Any\n\ndef check_tuplex(tuplex: Tuple[Union[str, int]], tuple1: Any) -> bool:\n    \"\"\"\n\tWrite a function to check whether an element exists within a tuple.\n\t\"\"\"\n    return tuple1 in tuplex\n\ndef check(candidate):\n    assert candidate(('w', 3, 'r', 'e', 's', 'o', 'u', 'r', 'c', 'e'), 'r') == True\n    assert candidate(('w', 3, 'r', 'e', 's', 'o', 'u', 'r', 'c', 'e'), '5') == False\n    assert candidate(('w', 3, 'r', 'e', 's', 'o', 'u', 'r', 'c', 'e'), 3) == True\n\ndef test_check():\n    check(check_tuplex)\n\ntest_check()\n",
      "timestamp": 1666123000,
      "stdout": "",
      "stderr": "",
      "exit_code": 0,
      "status": "OK"
    },
    {
      "program": "from typing import Tuple, Union, Any\n\ndef check_tuplex(tuplex: Tuple[Union[str, int]], tuple1: Any) -> bool:\n    \"\"\"\n\tWrite a function to check whether an element exists within a tuple.\n\t\"\"\"\n    return tuplex == tuple1\ndef check(candidate):\n    assert candidate(('w', 3, 'r', 'e', 's', 'o', 'u', 'r', 'c', 'e'), 'r') == True\n    assert candidate(('w', 3, 'r', 'e', 's', 'o', 'u', 'r', 'c', 'e'), '5') == False\n    assert candidate(('w', 3, 'r', 'e', 's', 'o', 'u', 'r', 'c', 'e'), 3) == True\n\ndef test_check():\n    check(check_tuplex)\n\ntest_check()\n",
      "timestamp": 1665510247,
      "stdout": "",
      "stderr": "Traceback (most recent call last):\n  File \"/tmp/tmpnstmlqiy.py\", line 16, in <module>\n    test_check()\n  File \"/tmp/tmpnstmlqiy.py\", line 14, in test_check\n    check(check_tuplex)\n  File \"/tmp/tmpnstmlqiy.py\", line 9, in check\n    assert candidate(('w', 3, 'r', 'e', 's', 'o', 'u', 'r', 'c', 'e'), 'r') == True\nAssertionError\n",
      "exit_code": 1,
      "status": "Exception"
    },
    {
      "program": "from typing import Tuple, Union, Any\n\ndef check_tuplex(tuplex: Tuple[Union[str, int]], tuple1: Any) -> bool:\n    \"\"\"\n\tWrite a function to check whether an element exists within a tuple.\n\t\"\"\"\n    return tuplex == tuple1\n\nprint(check_tuplex(('a', 'b', 'c'), ('a', 'b', 'c')))\nprint(check_tuplex(('a', 'b', 'c'), ('a', 'b', 'd')))\nprint(check_tuplex(('a', 'b', 'c'), ('a', 'b')))\nprint(check_tuplex(('a', 'b', 'c'), ('a', 'b', 'c', 'd')))\ndef check(candidate):\n    assert candidate(('w', 3, 'r', 'e', 's', 'o', 'u', 'r', 'c', 'e'), 'r') == True\n    assert candidate(('w', 3, 'r', 'e', 's', 'o', 'u', 'r', 'c', 'e'), '5') == False\n    assert candidate(('w', 3, 'r', 'e', 's', 'o', 'u', 'r', 'c', 'e'), 3) == True\n\ndef test_check():\n    check(check_tuplex)\n\ntest_check()\n",
      "timestamp": 1665510247,
      "stdout": "True\nFalse\nFalse\nFalse\n",
      "stderr": "Traceback (most recent call last):\n  File \"/tmp/tmp4yp60zex.py\", line 21, in <module>\n    test_check()\n  File \"/tmp/tmp4yp60zex.py\", line 19, in test_check\n    check(check_tuplex)\n  File \"/tmp/tmp4yp60zex.py\", line 14, in check\n    assert candidate(('w', 3, 'r', 'e', 's', 'o', 'u', 'r', 'c', 'e'), 'r') == True\nAssertionError\n",
      "exit_code": 1,
      "status": "Exception"
    },
    {
      "program": "from typing import Tuple, Union, Any\n\ndef check_tuplex(tuplex: Tuple[Union[str, int]], tuple1: Any) -> bool:\n    \"\"\"\n\tWrite a function to check whether an element exists within a tuple.\n\t\"\"\"\n    return tuplex == tuple1\n\nprint(check_tuplex(('a', 'b', 'c'), ('a', 'b', 'c')))\nprint(check_tuplex(('a', 'b', 'c'), ('a', 'b', 'd')))\nprint(check_tuplex(('a', 'b', 'c'), ('a', 'b')))\nprint(check_tuplex(('a', 'b', 'c'), ('a', 'b', 'c', 'd')))\nprint(check_tuplex(('a', 'b', 'c'), ('d', 'e', 'f')))\nprint(check_tuplex(('a', 'b', 'c'), (1, 2, 3)))\nprint(check_tuplex(('a', 'b', 'c'), (1, 2, 'c')))\nprint(check_tuplex(('a', 'b', 'c'), (1, 2, 3, 4)))\nprint(check_tuplex(('a', 'b', 'c'), (1, 2, 3, 'c')))\nprint(check_tuplex(('a', 'b', 'c'), (1, 2, 3, 4, 5)))\nprint(check_tuplex(('a', 'b', 'c'), (1, 2, 3, 4, 'c')))\ndef check(candidate):\n    assert candidate(('w', 3, 'r', 'e', 's', 'o', 'u', 'r', 'c', 'e'), 'r') == True\n    assert candidate(('w', 3, 'r', 'e', 's', 'o', 'u', 'r', 'c', 'e'), '5') == False\n    assert candidate(('w', 3, 'r', 'e', 's', 'o', 'u', 'r', 'c', 'e'), 3) == True\n\ndef test_check():\n    check(check_tuplex)\n\ntest_check()\n",
      "timestamp": 1666123001,
      "stdout": "True\nFalse\nFalse\nFalse\nFalse\nFalse\nFalse\nFalse\nFalse\nFalse\nFalse\n",
      "stderr": "Traceback (most recent call last):\n  File \"/tmp/tmplk_kw0nx.py\", line 28, in <module>\n    test_check()\n  File \"/tmp/tmplk_kw0nx.py\", line 26, in test_check\n    check(check_tuplex)\n  File \"/tmp/tmplk_kw0nx.py\", line 21, in check\n    assert candidate(('w', 3, 'r', 'e', 's', 'o', 'u', 'r', 'c', 'e'), 'r') == True\nAssertionError\n",
      "exit_code": 1,
      "status": "Exception"
    },
    {
      "program": "from typing import Tuple, Union, Any\n\ndef check_tuplex(tuplex: Tuple[Union[str, int]], tuple1: Any) -> bool:\n    \"\"\"\n\tWrite a function to check whether an element exists within a tuple.\n\t\"\"\"\n    return tuplex == tuple1\n\nprint(check_tuplex((\"Hello\", 1), (\"Hello\", 1)))\nprint(check_tuplex((\"Hello\", 1), (\"Hello\", 2)))\ndef check(candidate):\n    assert candidate(('w', 3, 'r', 'e', 's', 'o', 'u', 'r', 'c', 'e'), 'r') == True\n    assert candidate(('w', 3, 'r', 'e', 's', 'o', 'u', 'r', 'c', 'e'), '5') == False\n    assert candidate(('w', 3, 'r', 'e', 's', 'o', 'u', 'r', 'c', 'e'), 3) == True\n\ndef test_check():\n    check(check_tuplex)\n\ntest_check()\n",
      "timestamp": 1666123001,
      "stdout": "True\nFalse\n",
      "stderr": "Traceback (most recent call last):\n  File \"/tmp/tmpb99ct6i_.py\", line 19, in <module>\n    test_check()\n  File \"/tmp/tmpb99ct6i_.py\", line 17, in test_check\n    check(check_tuplex)\n  File \"/tmp/tmpb99ct6i_.py\", line 12, in check\n    assert candidate(('w', 3, 'r', 'e', 's', 'o', 'u', 'r', 'c', 'e'), 'r') == True\nAssertionError\n",
      "exit_code": 1,
      "status": "Exception"
    },
    {
      "program": "from typing import Tuple, Union, Any\n\ndef check_tuplex(tuplex: Tuple[Union[str, int]], tuple1: Any) -> bool:\n    \"\"\"\n\tWrite a function to check whether an element exists within a tuple.\n\t\"\"\"\n    return tuplex == tuple1\ndef check(candidate):\n    assert candidate(('w', 3, 'r', 'e', 's', 'o', 'u', 'r', 'c', 'e'), 'r') == True\n    assert candidate(('w', 3, 'r', 'e', 's', 'o', 'u', 'r', 'c', 'e'), '5') == False\n    assert candidate(('w', 3, 'r', 'e', 's', 'o', 'u', 'r', 'c', 'e'), 3) == True\n\ndef test_check():\n    check(check_tuplex)\n\ntest_check()\n",
      "timestamp": 1665510247,
      "stdout": "",
      "stderr": "Traceback (most recent call last):\n  File \"/tmp/tmpnstmlqiy.py\", line 16, in <module>\n    test_check()\n  File \"/tmp/tmpnstmlqiy.py\", line 14, in test_check\n    check(check_tuplex)\n  File \"/tmp/tmpnstmlqiy.py\", line 9, in check\n    assert candidate(('w', 3, 'r', 'e', 's', 'o', 'u', 'r', 'c', 'e'), 'r') == True\nAssertionError\n",
      "exit_code": 1,
      "status": "Exception"
    },
    {
      "program": "from typing import Tuple, Union, Any\n\ndef check_tuplex(tuplex: Tuple[Union[str, int]], tuple1: Any) -> bool:\n    \"\"\"\n\tWrite a function to check whether an element exists within a tuple.\n\t\"\"\"\n    return tuplex == tuple1\ndef check(candidate):\n    assert candidate(('w', 3, 'r', 'e', 's', 'o', 'u', 'r', 'c', 'e'), 'r') == True\n    assert candidate(('w', 3, 'r', 'e', 's', 'o', 'u', 'r', 'c', 'e'), '5') == False\n    assert candidate(('w', 3, 'r', 'e', 's', 'o', 'u', 'r', 'c', 'e'), 3) == True\n\ndef test_check():\n    check(check_tuplex)\n\ntest_check()\n",
      "timestamp": 1665510247,
      "stdout": "",
      "stderr": "Traceback (most recent call last):\n  File \"/tmp/tmpnstmlqiy.py\", line 16, in <module>\n    test_check()\n  File \"/tmp/tmpnstmlqiy.py\", line 14, in test_check\n    check(check_tuplex)\n  File \"/tmp/tmpnstmlqiy.py\", line 9, in check\n    assert candidate(('w', 3, 'r', 'e', 's', 'o', 'u', 'r', 'c', 'e'), 'r') == True\nAssertionError\n",
      "exit_code": 1,
      "status": "Exception"
    }
  ]
}