{
  "name": "mbpp_287_square_Sum",
  "language": "py",
  "prompt": "def square_Sum(n: int) -> int:\n    \"\"\"\n\tWrite a python function takes in an integer n and returns the sum of squares of first n even natural numbers.\n\t\"\"\"\n",
  "doctests": "keep",
  "original": "/home/arjun/repos/MultiPL-E/datasets/../datasets/mbpp-typed/mbpp_287_square_Sum.py",
  "prompt_terminology": "verbatim",
  "tests": "def check(candidate):\n    assert candidate(2) == 20\n    assert candidate(3) == 56\n    assert candidate(4) == 120\n\ndef test_check():\n    check(square_Sum)\n\ntest_check()\n",
  "stop_tokens": [
    "\ndef",
    "\n#",
    "\nif",
    "\nclass"
  ],
  "results": [
    {
      "program": "def square_Sum(n: int) -> int:\n    \"\"\"\n\tWrite a python function takes in an integer n and returns the sum of squares of first n even natural numbers.\n\t\"\"\"\n    if n <= 0:\n        return 0\n    return n * n + square_Sum(n - 1)\n\n\ndef check(candidate):\n    assert candidate(2) == 20\n    assert candidate(3) == 56\n    assert candidate(4) == 120\n\ndef test_check():\n    check(square_Sum)\n\ntest_check()\n",
      "timestamp": 1665510375,
      "stdout": "",
      "stderr": "Traceback (most recent call last):\n  File \"/tmp/tmpsdpj7fx1.py\", line 18, in <module>\n    test_check()\n  File \"/tmp/tmpsdpj7fx1.py\", line 16, in test_check\n    check(square_Sum)\n  File \"/tmp/tmpsdpj7fx1.py\", line 11, in check\n    assert candidate(2) == 20\nAssertionError\n",
      "exit_code": 1,
      "status": "Exception"
    },
    {
      "program": "def square_Sum(n: int) -> int:\n    \"\"\"\n\tWrite a python function takes in an integer n and returns the sum of squares of first n even natural numbers.\n\t\"\"\"\n    return sum(i ** 2 for i in range(2, n + 1, 2))\n\n\ndef check(candidate):\n    assert candidate(2) == 20\n    assert candidate(3) == 56\n    assert candidate(4) == 120\n\ndef test_check():\n    check(square_Sum)\n\ntest_check()\n",
      "timestamp": 1665510375,
      "stdout": "",
      "stderr": "Traceback (most recent call last):\n  File \"/tmp/tmpoooz9o3y.py\", line 16, in <module>\n    test_check()\n  File \"/tmp/tmpoooz9o3y.py\", line 14, in test_check\n    check(square_Sum)\n  File \"/tmp/tmpoooz9o3y.py\", line 9, in check\n    assert candidate(2) == 20\nAssertionError\n",
      "exit_code": 1,
      "status": "Exception"
    },
    {
      "program": "def square_Sum(n: int) -> int:\n    \"\"\"\n\tWrite a python function takes in an integer n and returns the sum of squares of first n even natural numbers.\n\t\"\"\"\n    return sum([i * i for i in range(2, n * 2 + 1, 2)])\n\n\ndef check(candidate):\n    assert candidate(2) == 20\n    assert candidate(3) == 56\n    assert candidate(4) == 120\n\ndef test_check():\n    check(square_Sum)\n\ntest_check()\n",
      "timestamp": 1665510375,
      "stdout": "",
      "stderr": "",
      "exit_code": 0,
      "status": "OK"
    },
    {
      "program": "def square_Sum(n: int) -> int:\n    \"\"\"\n\tWrite a python function takes in an integer n and returns the sum of squares of first n even natural numbers.\n\t\"\"\"\n    return sum(i ** 2 for i in range(2, 2 * n + 1, 2))\n\n\ndef check(candidate):\n    assert candidate(2) == 20\n    assert candidate(3) == 56\n    assert candidate(4) == 120\n\ndef test_check():\n    check(square_Sum)\n\ntest_check()\n",
      "timestamp": 1665510375,
      "stdout": "",
      "stderr": "",
      "exit_code": 0,
      "status": "OK"
    },
    {
      "program": "def square_Sum(n: int) -> int:\n    \"\"\"\n\tWrite a python function takes in an integer n and returns the sum of squares of first n even natural numbers.\n\t\"\"\"\n    return sum(i ** 2 for i in range(1, n + 1) if i % 2 == 0)\n\n\ndef check(candidate):\n    assert candidate(2) == 20\n    assert candidate(3) == 56\n    assert candidate(4) == 120\n\ndef test_check():\n    check(square_Sum)\n\ntest_check()\n",
      "timestamp": 1665510375,
      "stdout": "",
      "stderr": "Traceback (most recent call last):\n  File \"/tmp/tmp2nzpec4l.py\", line 16, in <module>\n    test_check()\n  File \"/tmp/tmp2nzpec4l.py\", line 14, in test_check\n    check(square_Sum)\n  File \"/tmp/tmp2nzpec4l.py\", line 9, in check\n    assert candidate(2) == 20\nAssertionError\n",
      "exit_code": 1,
      "status": "Exception"
    },
    {
      "program": "def square_Sum(n: int) -> int:\n    \"\"\"\n\tWrite a python function takes in an integer n and returns the sum of squares of first n even natural numbers.\n\t\"\"\"\n    return sum([i ** 2 for i in range(1, n + 1) if i % 2 == 0])\n\n\ndef check(candidate):\n    assert candidate(2) == 20\n    assert candidate(3) == 56\n    assert candidate(4) == 120\n\ndef test_check():\n    check(square_Sum)\n\ntest_check()\n",
      "timestamp": 1665510375,
      "stdout": "",
      "stderr": "Traceback (most recent call last):\n  File \"/tmp/tmprp3yhhxu.py\", line 16, in <module>\n    test_check()\n  File \"/tmp/tmprp3yhhxu.py\", line 14, in test_check\n    check(square_Sum)\n  File \"/tmp/tmprp3yhhxu.py\", line 9, in check\n    assert candidate(2) == 20\nAssertionError\n",
      "exit_code": 1,
      "status": "Exception"
    },
    {
      "program": "def square_Sum(n: int) -> int:\n    \"\"\"\n\tWrite a python function takes in an integer n and returns the sum of squares of first n even natural numbers.\n\t\"\"\"\n    return sum(i ** 2 for i in range(2, n + 1, 2))\n\n\ndef check(candidate):\n    assert candidate(2) == 20\n    assert candidate(3) == 56\n    assert candidate(4) == 120\n\ndef test_check():\n    check(square_Sum)\n\ntest_check()\n",
      "timestamp": 1665510375,
      "stdout": "",
      "stderr": "Traceback (most recent call last):\n  File \"/tmp/tmpoooz9o3y.py\", line 16, in <module>\n    test_check()\n  File \"/tmp/tmpoooz9o3y.py\", line 14, in test_check\n    check(square_Sum)\n  File \"/tmp/tmpoooz9o3y.py\", line 9, in check\n    assert candidate(2) == 20\nAssertionError\n",
      "exit_code": 1,
      "status": "Exception"
    },
    {
      "program": "def square_Sum(n: int) -> int:\n    \"\"\"\n\tWrite a python function takes in an integer n and returns the sum of squares of first n even natural numbers.\n\t\"\"\"\n    return sum(i ** 2 for i in range(2, n + 1, 2))\n\n\ndef check(candidate):\n    assert candidate(2) == 20\n    assert candidate(3) == 56\n    assert candidate(4) == 120\n\ndef test_check():\n    check(square_Sum)\n\ntest_check()\n",
      "timestamp": 1665510375,
      "stdout": "",
      "stderr": "Traceback (most recent call last):\n  File \"/tmp/tmpoooz9o3y.py\", line 16, in <module>\n    test_check()\n  File \"/tmp/tmpoooz9o3y.py\", line 14, in test_check\n    check(square_Sum)\n  File \"/tmp/tmpoooz9o3y.py\", line 9, in check\n    assert candidate(2) == 20\nAssertionError\n",
      "exit_code": 1,
      "status": "Exception"
    },
    {
      "program": "def square_Sum(n: int) -> int:\n    \"\"\"\n\tWrite a python function takes in an integer n and returns the sum of squares of first n even natural numbers.\n\t\"\"\"\n    return sum([i ** 2 for i in range(1, n + 1) if i % 2 == 0])\n\n\ndef check(candidate):\n    assert candidate(2) == 20\n    assert candidate(3) == 56\n    assert candidate(4) == 120\n\ndef test_check():\n    check(square_Sum)\n\ntest_check()\n",
      "timestamp": 1665510375,
      "stdout": "",
      "stderr": "Traceback (most recent call last):\n  File \"/tmp/tmprp3yhhxu.py\", line 16, in <module>\n    test_check()\n  File \"/tmp/tmprp3yhhxu.py\", line 14, in test_check\n    check(square_Sum)\n  File \"/tmp/tmprp3yhhxu.py\", line 9, in check\n    assert candidate(2) == 20\nAssertionError\n",
      "exit_code": 1,
      "status": "Exception"
    },
    {
      "program": "def square_Sum(n: int) -> int:\n    \"\"\"\n\tWrite a python function takes in an integer n and returns the sum of squares of first n even natural numbers.\n\t\"\"\"\n    return sum([i ** 2 for i in range(2, n + 1, 2)])\n\n\ndef check(candidate):\n    assert candidate(2) == 20\n    assert candidate(3) == 56\n    assert candidate(4) == 120\n\ndef test_check():\n    check(square_Sum)\n\ntest_check()\n",
      "timestamp": 1665510375,
      "stdout": "",
      "stderr": "Traceback (most recent call last):\n  File \"/tmp/tmpm0c8dpvv.py\", line 16, in <module>\n    test_check()\n  File \"/tmp/tmpm0c8dpvv.py\", line 14, in test_check\n    check(square_Sum)\n  File \"/tmp/tmpm0c8dpvv.py\", line 9, in check\n    assert candidate(2) == 20\nAssertionError\n",
      "exit_code": 1,
      "status": "Exception"
    },
    {
      "program": "def square_Sum(n: int) -> int:\n    \"\"\"\n\tWrite a python function takes in an integer n and returns the sum of squares of first n even natural numbers.\n\t\"\"\"\n    return sum([i ** 2 for i in range(2, n + 1, 2)])\n\n\ndef check(candidate):\n    assert candidate(2) == 20\n    assert candidate(3) == 56\n    assert candidate(4) == 120\n\ndef test_check():\n    check(square_Sum)\n\ntest_check()\n",
      "timestamp": 1665510375,
      "stdout": "",
      "stderr": "Traceback (most recent call last):\n  File \"/tmp/tmpm0c8dpvv.py\", line 16, in <module>\n    test_check()\n  File \"/tmp/tmpm0c8dpvv.py\", line 14, in test_check\n    check(square_Sum)\n  File \"/tmp/tmpm0c8dpvv.py\", line 9, in check\n    assert candidate(2) == 20\nAssertionError\n",
      "exit_code": 1,
      "status": "Exception"
    },
    {
      "program": "def square_Sum(n: int) -> int:\n    \"\"\"\n\tWrite a python function takes in an integer n and returns the sum of squares of first n even natural numbers.\n\t\"\"\"\n    return sum([i ** 2 for i in range(2, n + 1, 2)])\n\n\ndef check(candidate):\n    assert candidate(2) == 20\n    assert candidate(3) == 56\n    assert candidate(4) == 120\n\ndef test_check():\n    check(square_Sum)\n\ntest_check()\n",
      "timestamp": 1665510375,
      "stdout": "",
      "stderr": "Traceback (most recent call last):\n  File \"/tmp/tmpm0c8dpvv.py\", line 16, in <module>\n    test_check()\n  File \"/tmp/tmpm0c8dpvv.py\", line 14, in test_check\n    check(square_Sum)\n  File \"/tmp/tmpm0c8dpvv.py\", line 9, in check\n    assert candidate(2) == 20\nAssertionError\n",
      "exit_code": 1,
      "status": "Exception"
    },
    {
      "program": "def square_Sum(n: int) -> int:\n    \"\"\"\n\tWrite a python function takes in an integer n and returns the sum of squares of first n even natural numbers.\n\t\"\"\"\n    return sum(i ** 2 for i in range(2, n + 1, 2))\n\n\ndef check(candidate):\n    assert candidate(2) == 20\n    assert candidate(3) == 56\n    assert candidate(4) == 120\n\ndef test_check():\n    check(square_Sum)\n\ntest_check()\n",
      "timestamp": 1665510375,
      "stdout": "",
      "stderr": "Traceback (most recent call last):\n  File \"/tmp/tmpoooz9o3y.py\", line 16, in <module>\n    test_check()\n  File \"/tmp/tmpoooz9o3y.py\", line 14, in test_check\n    check(square_Sum)\n  File \"/tmp/tmpoooz9o3y.py\", line 9, in check\n    assert candidate(2) == 20\nAssertionError\n",
      "exit_code": 1,
      "status": "Exception"
    },
    {
      "program": "def square_Sum(n: int) -> int:\n    \"\"\"\n\tWrite a python function takes in an integer n and returns the sum of squares of first n even natural numbers.\n\t\"\"\"\n    return sum(map(lambda x: x ** 2, range(2, n * 2 + 1, 2)))\n\n\ndef check(candidate):\n    assert candidate(2) == 20\n    assert candidate(3) == 56\n    assert candidate(4) == 120\n\ndef test_check():\n    check(square_Sum)\n\ntest_check()\n",
      "timestamp": 1665510375,
      "stdout": "",
      "stderr": "",
      "exit_code": 0,
      "status": "OK"
    },
    {
      "program": "def square_Sum(n: int) -> int:\n    \"\"\"\n\tWrite a python function takes in an integer n and returns the sum of squares of first n even natural numbers.\n\t\"\"\"\n    return sum(map(lambda x: x ** 2, range(2, n + 1, 2)))\n\n\ndef check(candidate):\n    assert candidate(2) == 20\n    assert candidate(3) == 56\n    assert candidate(4) == 120\n\ndef test_check():\n    check(square_Sum)\n\ntest_check()\n",
      "timestamp": 1665510375,
      "stdout": "",
      "stderr": "Traceback (most recent call last):\n  File \"/tmp/tmpr615j00w.py\", line 16, in <module>\n    test_check()\n  File \"/tmp/tmpr615j00w.py\", line 14, in test_check\n    check(square_Sum)\n  File \"/tmp/tmpr615j00w.py\", line 9, in check\n    assert candidate(2) == 20\nAssertionError\n",
      "exit_code": 1,
      "status": "Exception"
    },
    {
      "program": "def square_Sum(n: int) -> int:\n    \"\"\"\n\tWrite a python function takes in an integer n and returns the sum of squares of first n even natural numbers.\n\t\"\"\"\n    return sum(i ** 2 for i in range(2, n + 1, 2))\n\n\ndef check(candidate):\n    assert candidate(2) == 20\n    assert candidate(3) == 56\n    assert candidate(4) == 120\n\ndef test_check():\n    check(square_Sum)\n\ntest_check()\n",
      "timestamp": 1665510375,
      "stdout": "",
      "stderr": "Traceback (most recent call last):\n  File \"/tmp/tmpoooz9o3y.py\", line 16, in <module>\n    test_check()\n  File \"/tmp/tmpoooz9o3y.py\", line 14, in test_check\n    check(square_Sum)\n  File \"/tmp/tmpoooz9o3y.py\", line 9, in check\n    assert candidate(2) == 20\nAssertionError\n",
      "exit_code": 1,
      "status": "Exception"
    },
    {
      "program": "def square_Sum(n: int) -> int:\n    \"\"\"\n\tWrite a python function takes in an integer n and returns the sum of squares of first n even natural numbers.\n\t\"\"\"\n    return sum([i ** 2 for i in range(2, n * 2 + 1, 2)])\n\n\ndef check(candidate):\n    assert candidate(2) == 20\n    assert candidate(3) == 56\n    assert candidate(4) == 120\n\ndef test_check():\n    check(square_Sum)\n\ntest_check()\n",
      "timestamp": 1665510375,
      "stdout": "",
      "stderr": "",
      "exit_code": 0,
      "status": "OK"
    },
    {
      "program": "def square_Sum(n: int) -> int:\n    \"\"\"\n\tWrite a python function takes in an integer n and returns the sum of squares of first n even natural numbers.\n\t\"\"\"\n    return sum(i ** 2 for i in range(2, n + 1, 2))\n\n\ndef check(candidate):\n    assert candidate(2) == 20\n    assert candidate(3) == 56\n    assert candidate(4) == 120\n\ndef test_check():\n    check(square_Sum)\n\ntest_check()\n",
      "timestamp": 1665510375,
      "stdout": "",
      "stderr": "Traceback (most recent call last):\n  File \"/tmp/tmpoooz9o3y.py\", line 16, in <module>\n    test_check()\n  File \"/tmp/tmpoooz9o3y.py\", line 14, in test_check\n    check(square_Sum)\n  File \"/tmp/tmpoooz9o3y.py\", line 9, in check\n    assert candidate(2) == 20\nAssertionError\n",
      "exit_code": 1,
      "status": "Exception"
    },
    {
      "program": "def square_Sum(n: int) -> int:\n    \"\"\"\n\tWrite a python function takes in an integer n and returns the sum of squares of first n even natural numbers.\n\t\"\"\"\n    return sum(i ** 2 for i in range(2, n + 1, 2))\n\n\ndef check(candidate):\n    assert candidate(2) == 20\n    assert candidate(3) == 56\n    assert candidate(4) == 120\n\ndef test_check():\n    check(square_Sum)\n\ntest_check()\n",
      "timestamp": 1665510375,
      "stdout": "",
      "stderr": "Traceback (most recent call last):\n  File \"/tmp/tmpoooz9o3y.py\", line 16, in <module>\n    test_check()\n  File \"/tmp/tmpoooz9o3y.py\", line 14, in test_check\n    check(square_Sum)\n  File \"/tmp/tmpoooz9o3y.py\", line 9, in check\n    assert candidate(2) == 20\nAssertionError\n",
      "exit_code": 1,
      "status": "Exception"
    },
    {
      "program": "def square_Sum(n: int) -> int:\n    \"\"\"\n\tWrite a python function takes in an integer n and returns the sum of squares of first n even natural numbers.\n\t\"\"\"\n    return sum(i ** 2 for i in range(2, n + 1, 2))\n\n\ndef check(candidate):\n    assert candidate(2) == 20\n    assert candidate(3) == 56\n    assert candidate(4) == 120\n\ndef test_check():\n    check(square_Sum)\n\ntest_check()\n",
      "timestamp": 1665510375,
      "stdout": "",
      "stderr": "Traceback (most recent call last):\n  File \"/tmp/tmpoooz9o3y.py\", line 16, in <module>\n    test_check()\n  File \"/tmp/tmpoooz9o3y.py\", line 14, in test_check\n    check(square_Sum)\n  File \"/tmp/tmpoooz9o3y.py\", line 9, in check\n    assert candidate(2) == 20\nAssertionError\n",
      "exit_code": 1,
      "status": "Exception"
    },
    {
      "program": "def square_Sum(n: int) -> int:\n    \"\"\"\n\tWrite a python function takes in an integer n and returns the sum of squares of first n even natural numbers.\n\t\"\"\"\n    return sum([i ** 2 for i in range(2, n + 1, 2)])\n\n\ndef check(candidate):\n    assert candidate(2) == 20\n    assert candidate(3) == 56\n    assert candidate(4) == 120\n\ndef test_check():\n    check(square_Sum)\n\ntest_check()\n",
      "timestamp": 1665510375,
      "stdout": "",
      "stderr": "Traceback (most recent call last):\n  File \"/tmp/tmpm0c8dpvv.py\", line 16, in <module>\n    test_check()\n  File \"/tmp/tmpm0c8dpvv.py\", line 14, in test_check\n    check(square_Sum)\n  File \"/tmp/tmpm0c8dpvv.py\", line 9, in check\n    assert candidate(2) == 20\nAssertionError\n",
      "exit_code": 1,
      "status": "Exception"
    },
    {
      "program": "def square_Sum(n: int) -> int:\n    \"\"\"\n\tWrite a python function takes in an integer n and returns the sum of squares of first n even natural numbers.\n\t\"\"\"\n    return sum(i ** 2 for i in range(2, n + 1, 2))\n\n\ndef check(candidate):\n    assert candidate(2) == 20\n    assert candidate(3) == 56\n    assert candidate(4) == 120\n\ndef test_check():\n    check(square_Sum)\n\ntest_check()\n",
      "timestamp": 1665510375,
      "stdout": "",
      "stderr": "Traceback (most recent call last):\n  File \"/tmp/tmpoooz9o3y.py\", line 16, in <module>\n    test_check()\n  File \"/tmp/tmpoooz9o3y.py\", line 14, in test_check\n    check(square_Sum)\n  File \"/tmp/tmpoooz9o3y.py\", line 9, in check\n    assert candidate(2) == 20\nAssertionError\n",
      "exit_code": 1,
      "status": "Exception"
    },
    {
      "program": "def square_Sum(n: int) -> int:\n    \"\"\"\n\tWrite a python function takes in an integer n and returns the sum of squares of first n even natural numbers.\n\t\"\"\"\n    return sum(x ** 2 for x in range(2, n + 1, 2))\n\n\ndef check(candidate):\n    assert candidate(2) == 20\n    assert candidate(3) == 56\n    assert candidate(4) == 120\n\ndef test_check():\n    check(square_Sum)\n\ntest_check()\n",
      "timestamp": 1665510375,
      "stdout": "",
      "stderr": "Traceback (most recent call last):\n  File \"/tmp/tmp7vpalfqg.py\", line 16, in <module>\n    test_check()\n  File \"/tmp/tmp7vpalfqg.py\", line 14, in test_check\n    check(square_Sum)\n  File \"/tmp/tmp7vpalfqg.py\", line 9, in check\n    assert candidate(2) == 20\nAssertionError\n",
      "exit_code": 1,
      "status": "Exception"
    },
    {
      "program": "def square_Sum(n: int) -> int:\n    \"\"\"\n\tWrite a python function takes in an integer n and returns the sum of squares of first n even natural numbers.\n\t\"\"\"\n    return sum(i ** 2 for i in range(2, n + 1, 2))\n\n\ndef check(candidate):\n    assert candidate(2) == 20\n    assert candidate(3) == 56\n    assert candidate(4) == 120\n\ndef test_check():\n    check(square_Sum)\n\ntest_check()\n",
      "timestamp": 1665510375,
      "stdout": "",
      "stderr": "Traceback (most recent call last):\n  File \"/tmp/tmpoooz9o3y.py\", line 16, in <module>\n    test_check()\n  File \"/tmp/tmpoooz9o3y.py\", line 14, in test_check\n    check(square_Sum)\n  File \"/tmp/tmpoooz9o3y.py\", line 9, in check\n    assert candidate(2) == 20\nAssertionError\n",
      "exit_code": 1,
      "status": "Exception"
    },
    {
      "program": "def square_Sum(n: int) -> int:\n    \"\"\"\n\tWrite a python function takes in an integer n and returns the sum of squares of first n even natural numbers.\n\t\"\"\"\n    return sum(i ** 2 for i in range(2, n + 1, 2))\n\n\ndef check(candidate):\n    assert candidate(2) == 20\n    assert candidate(3) == 56\n    assert candidate(4) == 120\n\ndef test_check():\n    check(square_Sum)\n\ntest_check()\n",
      "timestamp": 1665510375,
      "stdout": "",
      "stderr": "Traceback (most recent call last):\n  File \"/tmp/tmpoooz9o3y.py\", line 16, in <module>\n    test_check()\n  File \"/tmp/tmpoooz9o3y.py\", line 14, in test_check\n    check(square_Sum)\n  File \"/tmp/tmpoooz9o3y.py\", line 9, in check\n    assert candidate(2) == 20\nAssertionError\n",
      "exit_code": 1,
      "status": "Exception"
    },
    {
      "program": "def square_Sum(n: int) -> int:\n    \"\"\"\n\tWrite a python function takes in an integer n and returns the sum of squares of first n even natural numbers.\n\t\"\"\"\n    return sum([i ** 2 for i in range(2, n * 2 + 1, 2)])\n\n\ndef check(candidate):\n    assert candidate(2) == 20\n    assert candidate(3) == 56\n    assert candidate(4) == 120\n\ndef test_check():\n    check(square_Sum)\n\ntest_check()\n",
      "timestamp": 1665510375,
      "stdout": "",
      "stderr": "",
      "exit_code": 0,
      "status": "OK"
    },
    {
      "program": "def square_Sum(n: int) -> int:\n    \"\"\"\n\tWrite a python function takes in an integer n and returns the sum of squares of first n even natural numbers.\n\t\"\"\"\n    return sum(i ** 2 for i in range(2, n + 1, 2))\n\n\ndef check(candidate):\n    assert candidate(2) == 20\n    assert candidate(3) == 56\n    assert candidate(4) == 120\n\ndef test_check():\n    check(square_Sum)\n\ntest_check()\n",
      "timestamp": 1665510375,
      "stdout": "",
      "stderr": "Traceback (most recent call last):\n  File \"/tmp/tmpoooz9o3y.py\", line 16, in <module>\n    test_check()\n  File \"/tmp/tmpoooz9o3y.py\", line 14, in test_check\n    check(square_Sum)\n  File \"/tmp/tmpoooz9o3y.py\", line 9, in check\n    assert candidate(2) == 20\nAssertionError\n",
      "exit_code": 1,
      "status": "Exception"
    },
    {
      "program": "def square_Sum(n: int) -> int:\n    \"\"\"\n\tWrite a python function takes in an integer n and returns the sum of squares of first n even natural numbers.\n\t\"\"\"\n    return sum(i ** 2 for i in range(2, n + 1, 2))\n\n\ndef check(candidate):\n    assert candidate(2) == 20\n    assert candidate(3) == 56\n    assert candidate(4) == 120\n\ndef test_check():\n    check(square_Sum)\n\ntest_check()\n",
      "timestamp": 1665510375,
      "stdout": "",
      "stderr": "Traceback (most recent call last):\n  File \"/tmp/tmpoooz9o3y.py\", line 16, in <module>\n    test_check()\n  File \"/tmp/tmpoooz9o3y.py\", line 14, in test_check\n    check(square_Sum)\n  File \"/tmp/tmpoooz9o3y.py\", line 9, in check\n    assert candidate(2) == 20\nAssertionError\n",
      "exit_code": 1,
      "status": "Exception"
    },
    {
      "program": "def square_Sum(n: int) -> int:\n    \"\"\"\n\tWrite a python function takes in an integer n and returns the sum of squares of first n even natural numbers.\n\t\"\"\"\n    if n <= 0:\n        return 0\n    return sum([i * i for i in range(2, n * 2 + 1, 2)])\n\n\ndef check(candidate):\n    assert candidate(2) == 20\n    assert candidate(3) == 56\n    assert candidate(4) == 120\n\ndef test_check():\n    check(square_Sum)\n\ntest_check()\n",
      "timestamp": 1666123552,
      "stdout": "",
      "stderr": "",
      "exit_code": 0,
      "status": "OK"
    },
    {
      "program": "def square_Sum(n: int) -> int:\n    \"\"\"\n\tWrite a python function takes in an integer n and returns the sum of squares of first n even natural numbers.\n\t\"\"\"\n    return sum([i ** 2 for i in range(2, n + 1, 2)])\n\n\ndef check(candidate):\n    assert candidate(2) == 20\n    assert candidate(3) == 56\n    assert candidate(4) == 120\n\ndef test_check():\n    check(square_Sum)\n\ntest_check()\n",
      "timestamp": 1665510375,
      "stdout": "",
      "stderr": "Traceback (most recent call last):\n  File \"/tmp/tmpm0c8dpvv.py\", line 16, in <module>\n    test_check()\n  File \"/tmp/tmpm0c8dpvv.py\", line 14, in test_check\n    check(square_Sum)\n  File \"/tmp/tmpm0c8dpvv.py\", line 9, in check\n    assert candidate(2) == 20\nAssertionError\n",
      "exit_code": 1,
      "status": "Exception"
    },
    {
      "program": "def square_Sum(n: int) -> int:\n    \"\"\"\n\tWrite a python function takes in an integer n and returns the sum of squares of first n even natural numbers.\n\t\"\"\"\n    return sum(i ** 2 for i in range(2, n + 1, 2))\n\n\ndef check(candidate):\n    assert candidate(2) == 20\n    assert candidate(3) == 56\n    assert candidate(4) == 120\n\ndef test_check():\n    check(square_Sum)\n\ntest_check()\n",
      "timestamp": 1665510375,
      "stdout": "",
      "stderr": "Traceback (most recent call last):\n  File \"/tmp/tmpoooz9o3y.py\", line 16, in <module>\n    test_check()\n  File \"/tmp/tmpoooz9o3y.py\", line 14, in test_check\n    check(square_Sum)\n  File \"/tmp/tmpoooz9o3y.py\", line 9, in check\n    assert candidate(2) == 20\nAssertionError\n",
      "exit_code": 1,
      "status": "Exception"
    },
    {
      "program": "def square_Sum(n: int) -> int:\n    \"\"\"\n\tWrite a python function takes in an integer n and returns the sum of squares of first n even natural numbers.\n\t\"\"\"\n    return sum([i ** 2 for i in range(2, n + 1, 2)])\n\n\ndef check(candidate):\n    assert candidate(2) == 20\n    assert candidate(3) == 56\n    assert candidate(4) == 120\n\ndef test_check():\n    check(square_Sum)\n\ntest_check()\n",
      "timestamp": 1665510375,
      "stdout": "",
      "stderr": "Traceback (most recent call last):\n  File \"/tmp/tmpm0c8dpvv.py\", line 16, in <module>\n    test_check()\n  File \"/tmp/tmpm0c8dpvv.py\", line 14, in test_check\n    check(square_Sum)\n  File \"/tmp/tmpm0c8dpvv.py\", line 9, in check\n    assert candidate(2) == 20\nAssertionError\n",
      "exit_code": 1,
      "status": "Exception"
    },
    {
      "program": "def square_Sum(n: int) -> int:\n    \"\"\"\n\tWrite a python function takes in an integer n and returns the sum of squares of first n even natural numbers.\n\t\"\"\"\n    return sum([i ** 2 for i in range(2, n + 1, 2)])\n\n\ndef check(candidate):\n    assert candidate(2) == 20\n    assert candidate(3) == 56\n    assert candidate(4) == 120\n\ndef test_check():\n    check(square_Sum)\n\ntest_check()\n",
      "timestamp": 1665510375,
      "stdout": "",
      "stderr": "Traceback (most recent call last):\n  File \"/tmp/tmpm0c8dpvv.py\", line 16, in <module>\n    test_check()\n  File \"/tmp/tmpm0c8dpvv.py\", line 14, in test_check\n    check(square_Sum)\n  File \"/tmp/tmpm0c8dpvv.py\", line 9, in check\n    assert candidate(2) == 20\nAssertionError\n",
      "exit_code": 1,
      "status": "Exception"
    },
    {
      "program": "def square_Sum(n: int) -> int:\n    \"\"\"\n\tWrite a python function takes in an integer n and returns the sum of squares of first n even natural numbers.\n\t\"\"\"\n    return sum([i ** 2 for i in range(2, n * 2 + 1, 2)])\n\n\ndef check(candidate):\n    assert candidate(2) == 20\n    assert candidate(3) == 56\n    assert candidate(4) == 120\n\ndef test_check():\n    check(square_Sum)\n\ntest_check()\n",
      "timestamp": 1665510375,
      "stdout": "",
      "stderr": "",
      "exit_code": 0,
      "status": "OK"
    },
    {
      "program": "def square_Sum(n: int) -> int:\n    \"\"\"\n\tWrite a python function takes in an integer n and returns the sum of squares of first n even natural numbers.\n\t\"\"\"\n    return sum([i ** 2 for i in range(2, n * 2 + 1, 2)])\n\n\ndef check(candidate):\n    assert candidate(2) == 20\n    assert candidate(3) == 56\n    assert candidate(4) == 120\n\ndef test_check():\n    check(square_Sum)\n\ntest_check()\n",
      "timestamp": 1665510375,
      "stdout": "",
      "stderr": "",
      "exit_code": 0,
      "status": "OK"
    },
    {
      "program": "def square_Sum(n: int) -> int:\n    \"\"\"\n\tWrite a python function takes in an integer n and returns the sum of squares of first n even natural numbers.\n\t\"\"\"\n    return sum(i ** 2 for i in range(2, n + 1, 2))\n\n\ndef check(candidate):\n    assert candidate(2) == 20\n    assert candidate(3) == 56\n    assert candidate(4) == 120\n\ndef test_check():\n    check(square_Sum)\n\ntest_check()\n",
      "timestamp": 1665510375,
      "stdout": "",
      "stderr": "Traceback (most recent call last):\n  File \"/tmp/tmpoooz9o3y.py\", line 16, in <module>\n    test_check()\n  File \"/tmp/tmpoooz9o3y.py\", line 14, in test_check\n    check(square_Sum)\n  File \"/tmp/tmpoooz9o3y.py\", line 9, in check\n    assert candidate(2) == 20\nAssertionError\n",
      "exit_code": 1,
      "status": "Exception"
    },
    {
      "program": "def square_Sum(n: int) -> int:\n    \"\"\"\n\tWrite a python function takes in an integer n and returns the sum of squares of first n even natural numbers.\n\t\"\"\"\n    return sum(map(lambda x: x ** 2, range(2, n * 2 + 1, 2)))\n\n\ndef check(candidate):\n    assert candidate(2) == 20\n    assert candidate(3) == 56\n    assert candidate(4) == 120\n\ndef test_check():\n    check(square_Sum)\n\ntest_check()\n",
      "timestamp": 1665510375,
      "stdout": "",
      "stderr": "",
      "exit_code": 0,
      "status": "OK"
    },
    {
      "program": "def square_Sum(n: int) -> int:\n    \"\"\"\n\tWrite a python function takes in an integer n and returns the sum of squares of first n even natural numbers.\n\t\"\"\"\n    return sum(i ** 2 for i in range(2, n + 1, 2))\n\n\ndef check(candidate):\n    assert candidate(2) == 20\n    assert candidate(3) == 56\n    assert candidate(4) == 120\n\ndef test_check():\n    check(square_Sum)\n\ntest_check()\n",
      "timestamp": 1665510375,
      "stdout": "",
      "stderr": "Traceback (most recent call last):\n  File \"/tmp/tmpoooz9o3y.py\", line 16, in <module>\n    test_check()\n  File \"/tmp/tmpoooz9o3y.py\", line 14, in test_check\n    check(square_Sum)\n  File \"/tmp/tmpoooz9o3y.py\", line 9, in check\n    assert candidate(2) == 20\nAssertionError\n",
      "exit_code": 1,
      "status": "Exception"
    },
    {
      "program": "def square_Sum(n: int) -> int:\n    \"\"\"\n\tWrite a python function takes in an integer n and returns the sum of squares of first n even natural numbers.\n\t\"\"\"\n    return sum(i ** 2 for i in range(2, n + 1, 2))\n\n\ndef check(candidate):\n    assert candidate(2) == 20\n    assert candidate(3) == 56\n    assert candidate(4) == 120\n\ndef test_check():\n    check(square_Sum)\n\ntest_check()\n",
      "timestamp": 1665510375,
      "stdout": "",
      "stderr": "Traceback (most recent call last):\n  File \"/tmp/tmpoooz9o3y.py\", line 16, in <module>\n    test_check()\n  File \"/tmp/tmpoooz9o3y.py\", line 14, in test_check\n    check(square_Sum)\n  File \"/tmp/tmpoooz9o3y.py\", line 9, in check\n    assert candidate(2) == 20\nAssertionError\n",
      "exit_code": 1,
      "status": "Exception"
    },
    {
      "program": "def square_Sum(n: int) -> int:\n    \"\"\"\n\tWrite a python function takes in an integer n and returns the sum of squares of first n even natural numbers.\n\t\"\"\"\n    return sum([i ** 2 for i in range(2, n * 2 + 1, 2)])\n\n\ndef check(candidate):\n    assert candidate(2) == 20\n    assert candidate(3) == 56\n    assert candidate(4) == 120\n\ndef test_check():\n    check(square_Sum)\n\ntest_check()\n",
      "timestamp": 1665510375,
      "stdout": "",
      "stderr": "",
      "exit_code": 0,
      "status": "OK"
    },
    {
      "program": "def square_Sum(n: int) -> int:\n    \"\"\"\n\tWrite a python function takes in an integer n and returns the sum of squares of first n even natural numbers.\n\t\"\"\"\n    return sum([i ** 2 for i in range(2, n * 2 + 1, 2)])\n\n\ndef check(candidate):\n    assert candidate(2) == 20\n    assert candidate(3) == 56\n    assert candidate(4) == 120\n\ndef test_check():\n    check(square_Sum)\n\ntest_check()\n",
      "timestamp": 1665510375,
      "stdout": "",
      "stderr": "",
      "exit_code": 0,
      "status": "OK"
    },
    {
      "program": "def square_Sum(n: int) -> int:\n    \"\"\"\n\tWrite a python function takes in an integer n and returns the sum of squares of first n even natural numbers.\n\t\"\"\"\n    return sum([i ** 2 for i in range(2, n + 1, 2)])\n\n\ndef check(candidate):\n    assert candidate(2) == 20\n    assert candidate(3) == 56\n    assert candidate(4) == 120\n\ndef test_check():\n    check(square_Sum)\n\ntest_check()\n",
      "timestamp": 1665510375,
      "stdout": "",
      "stderr": "Traceback (most recent call last):\n  File \"/tmp/tmpm0c8dpvv.py\", line 16, in <module>\n    test_check()\n  File \"/tmp/tmpm0c8dpvv.py\", line 14, in test_check\n    check(square_Sum)\n  File \"/tmp/tmpm0c8dpvv.py\", line 9, in check\n    assert candidate(2) == 20\nAssertionError\n",
      "exit_code": 1,
      "status": "Exception"
    },
    {
      "program": "def square_Sum(n: int) -> int:\n    \"\"\"\n\tWrite a python function takes in an integer n and returns the sum of squares of first n even natural numbers.\n\t\"\"\"\n    if n <= 0:\n        return 0\n    return n * n + square_Sum(n - 1)\n\n\ndef check(candidate):\n    assert candidate(2) == 20\n    assert candidate(3) == 56\n    assert candidate(4) == 120\n\ndef test_check():\n    check(square_Sum)\n\ntest_check()\n",
      "timestamp": 1665510375,
      "stdout": "",
      "stderr": "Traceback (most recent call last):\n  File \"/tmp/tmpsdpj7fx1.py\", line 18, in <module>\n    test_check()\n  File \"/tmp/tmpsdpj7fx1.py\", line 16, in test_check\n    check(square_Sum)\n  File \"/tmp/tmpsdpj7fx1.py\", line 11, in check\n    assert candidate(2) == 20\nAssertionError\n",
      "exit_code": 1,
      "status": "Exception"
    },
    {
      "program": "def square_Sum(n: int) -> int:\n    \"\"\"\n\tWrite a python function takes in an integer n and returns the sum of squares of first n even natural numbers.\n\t\"\"\"\n    return sum(i ** 2 for i in range(2, n + 1, 2))\n\n\ndef check(candidate):\n    assert candidate(2) == 20\n    assert candidate(3) == 56\n    assert candidate(4) == 120\n\ndef test_check():\n    check(square_Sum)\n\ntest_check()\n",
      "timestamp": 1665510375,
      "stdout": "",
      "stderr": "Traceback (most recent call last):\n  File \"/tmp/tmpoooz9o3y.py\", line 16, in <module>\n    test_check()\n  File \"/tmp/tmpoooz9o3y.py\", line 14, in test_check\n    check(square_Sum)\n  File \"/tmp/tmpoooz9o3y.py\", line 9, in check\n    assert candidate(2) == 20\nAssertionError\n",
      "exit_code": 1,
      "status": "Exception"
    },
    {
      "program": "def square_Sum(n: int) -> int:\n    \"\"\"\n\tWrite a python function takes in an integer n and returns the sum of squares of first n even natural numbers.\n\t\"\"\"\n    return sum(i ** 2 for i in range(2, n + 1, 2))\n\n\ndef check(candidate):\n    assert candidate(2) == 20\n    assert candidate(3) == 56\n    assert candidate(4) == 120\n\ndef test_check():\n    check(square_Sum)\n\ntest_check()\n",
      "timestamp": 1665510375,
      "stdout": "",
      "stderr": "Traceback (most recent call last):\n  File \"/tmp/tmpoooz9o3y.py\", line 16, in <module>\n    test_check()\n  File \"/tmp/tmpoooz9o3y.py\", line 14, in test_check\n    check(square_Sum)\n  File \"/tmp/tmpoooz9o3y.py\", line 9, in check\n    assert candidate(2) == 20\nAssertionError\n",
      "exit_code": 1,
      "status": "Exception"
    },
    {
      "program": "def square_Sum(n: int) -> int:\n    \"\"\"\n\tWrite a python function takes in an integer n and returns the sum of squares of first n even natural numbers.\n\t\"\"\"\n    return sum(i ** 2 for i in range(2, n + 1, 2))\n\n\ndef check(candidate):\n    assert candidate(2) == 20\n    assert candidate(3) == 56\n    assert candidate(4) == 120\n\ndef test_check():\n    check(square_Sum)\n\ntest_check()\n",
      "timestamp": 1665510375,
      "stdout": "",
      "stderr": "Traceback (most recent call last):\n  File \"/tmp/tmpoooz9o3y.py\", line 16, in <module>\n    test_check()\n  File \"/tmp/tmpoooz9o3y.py\", line 14, in test_check\n    check(square_Sum)\n  File \"/tmp/tmpoooz9o3y.py\", line 9, in check\n    assert candidate(2) == 20\nAssertionError\n",
      "exit_code": 1,
      "status": "Exception"
    },
    {
      "program": "def square_Sum(n: int) -> int:\n    \"\"\"\n\tWrite a python function takes in an integer n and returns the sum of squares of first n even natural numbers.\n\t\"\"\"\n    return sum(i ** 2 for i in range(2, n + 1, 2))\n\n\ndef check(candidate):\n    assert candidate(2) == 20\n    assert candidate(3) == 56\n    assert candidate(4) == 120\n\ndef test_check():\n    check(square_Sum)\n\ntest_check()\n",
      "timestamp": 1665510375,
      "stdout": "",
      "stderr": "Traceback (most recent call last):\n  File \"/tmp/tmpoooz9o3y.py\", line 16, in <module>\n    test_check()\n  File \"/tmp/tmpoooz9o3y.py\", line 14, in test_check\n    check(square_Sum)\n  File \"/tmp/tmpoooz9o3y.py\", line 9, in check\n    assert candidate(2) == 20\nAssertionError\n",
      "exit_code": 1,
      "status": "Exception"
    },
    {
      "program": "def square_Sum(n: int) -> int:\n    \"\"\"\n\tWrite a python function takes in an integer n and returns the sum of squares of first n even natural numbers.\n\t\"\"\"\n    return sum(i ** 2 for i in range(2, n + 1, 2))\n\n\ndef check(candidate):\n    assert candidate(2) == 20\n    assert candidate(3) == 56\n    assert candidate(4) == 120\n\ndef test_check():\n    check(square_Sum)\n\ntest_check()\n",
      "timestamp": 1665510375,
      "stdout": "",
      "stderr": "Traceback (most recent call last):\n  File \"/tmp/tmpoooz9o3y.py\", line 16, in <module>\n    test_check()\n  File \"/tmp/tmpoooz9o3y.py\", line 14, in test_check\n    check(square_Sum)\n  File \"/tmp/tmpoooz9o3y.py\", line 9, in check\n    assert candidate(2) == 20\nAssertionError\n",
      "exit_code": 1,
      "status": "Exception"
    },
    {
      "program": "def square_Sum(n: int) -> int:\n    \"\"\"\n\tWrite a python function takes in an integer n and returns the sum of squares of first n even natural numbers.\n\t\"\"\"\n    return sum(map(lambda x: x * x, range(2, n * 2 + 1, 2)))\n\n\ndef check(candidate):\n    assert candidate(2) == 20\n    assert candidate(3) == 56\n    assert candidate(4) == 120\n\ndef test_check():\n    check(square_Sum)\n\ntest_check()\n",
      "timestamp": 1666123552,
      "stdout": "",
      "stderr": "",
      "exit_code": 0,
      "status": "OK"
    },
    {
      "program": "def square_Sum(n: int) -> int:\n    \"\"\"\n\tWrite a python function takes in an integer n and returns the sum of squares of first n even natural numbers.\n\t\"\"\"\n    return sum([i**2 for i in range(2, n+1, 2)])\n\n\ndef check(candidate):\n    assert candidate(2) == 20\n    assert candidate(3) == 56\n    assert candidate(4) == 120\n\ndef test_check():\n    check(square_Sum)\n\ntest_check()\n",
      "timestamp": 1666123551,
      "stdout": "",
      "stderr": "Traceback (most recent call last):\n  File \"/tmp/tmpo2lqnhod.py\", line 16, in <module>\n    test_check()\n  File \"/tmp/tmpo2lqnhod.py\", line 14, in test_check\n    check(square_Sum)\n  File \"/tmp/tmpo2lqnhod.py\", line 9, in check\n    assert candidate(2) == 20\nAssertionError\n",
      "exit_code": 1,
      "status": "Exception"
    },
    {
      "program": "def square_Sum(n: int) -> int:\n    \"\"\"\n\tWrite a python function takes in an integer n and returns the sum of squares of first n even natural numbers.\n\t\"\"\"\n    return sum(i ** 2 for i in range(2, n + 1, 2))\n\n\ndef check(candidate):\n    assert candidate(2) == 20\n    assert candidate(3) == 56\n    assert candidate(4) == 120\n\ndef test_check():\n    check(square_Sum)\n\ntest_check()\n",
      "timestamp": 1665510375,
      "stdout": "",
      "stderr": "Traceback (most recent call last):\n  File \"/tmp/tmpoooz9o3y.py\", line 16, in <module>\n    test_check()\n  File \"/tmp/tmpoooz9o3y.py\", line 14, in test_check\n    check(square_Sum)\n  File \"/tmp/tmpoooz9o3y.py\", line 9, in check\n    assert candidate(2) == 20\nAssertionError\n",
      "exit_code": 1,
      "status": "Exception"
    },
    {
      "program": "def square_Sum(n: int) -> int:\n    \"\"\"\n\tWrite a python function takes in an integer n and returns the sum of squares of first n even natural numbers.\n\t\"\"\"\n    return sum(i ** 2 for i in range(2, n + 1, 2))\n\n\ndef check(candidate):\n    assert candidate(2) == 20\n    assert candidate(3) == 56\n    assert candidate(4) == 120\n\ndef test_check():\n    check(square_Sum)\n\ntest_check()\n",
      "timestamp": 1665510375,
      "stdout": "",
      "stderr": "Traceback (most recent call last):\n  File \"/tmp/tmpoooz9o3y.py\", line 16, in <module>\n    test_check()\n  File \"/tmp/tmpoooz9o3y.py\", line 14, in test_check\n    check(square_Sum)\n  File \"/tmp/tmpoooz9o3y.py\", line 9, in check\n    assert candidate(2) == 20\nAssertionError\n",
      "exit_code": 1,
      "status": "Exception"
    },
    {
      "program": "def square_Sum(n: int) -> int:\n    \"\"\"\n\tWrite a python function takes in an integer n and returns the sum of squares of first n even natural numbers.\n\t\"\"\"\n    return sum(i ** 2 for i in range(2, n + 1, 2))\n\n\ndef check(candidate):\n    assert candidate(2) == 20\n    assert candidate(3) == 56\n    assert candidate(4) == 120\n\ndef test_check():\n    check(square_Sum)\n\ntest_check()\n",
      "timestamp": 1665510375,
      "stdout": "",
      "stderr": "Traceback (most recent call last):\n  File \"/tmp/tmpoooz9o3y.py\", line 16, in <module>\n    test_check()\n  File \"/tmp/tmpoooz9o3y.py\", line 14, in test_check\n    check(square_Sum)\n  File \"/tmp/tmpoooz9o3y.py\", line 9, in check\n    assert candidate(2) == 20\nAssertionError\n",
      "exit_code": 1,
      "status": "Exception"
    },
    {
      "program": "def square_Sum(n: int) -> int:\n    \"\"\"\n\tWrite a python function takes in an integer n and returns the sum of squares of first n even natural numbers.\n\t\"\"\"\n    return sum([i ** 2 for i in range(2, n + 1, 2)])\n\n\ndef check(candidate):\n    assert candidate(2) == 20\n    assert candidate(3) == 56\n    assert candidate(4) == 120\n\ndef test_check():\n    check(square_Sum)\n\ntest_check()\n",
      "timestamp": 1665510375,
      "stdout": "",
      "stderr": "Traceback (most recent call last):\n  File \"/tmp/tmpm0c8dpvv.py\", line 16, in <module>\n    test_check()\n  File \"/tmp/tmpm0c8dpvv.py\", line 14, in test_check\n    check(square_Sum)\n  File \"/tmp/tmpm0c8dpvv.py\", line 9, in check\n    assert candidate(2) == 20\nAssertionError\n",
      "exit_code": 1,
      "status": "Exception"
    },
    {
      "program": "def square_Sum(n: int) -> int:\n    \"\"\"\n\tWrite a python function takes in an integer n and returns the sum of squares of first n even natural numbers.\n\t\"\"\"\n    return sum([i ** 2 for i in range(2, n + 1, 2)])\n\n\ndef check(candidate):\n    assert candidate(2) == 20\n    assert candidate(3) == 56\n    assert candidate(4) == 120\n\ndef test_check():\n    check(square_Sum)\n\ntest_check()\n",
      "timestamp": 1665510375,
      "stdout": "",
      "stderr": "Traceback (most recent call last):\n  File \"/tmp/tmpm0c8dpvv.py\", line 16, in <module>\n    test_check()\n  File \"/tmp/tmpm0c8dpvv.py\", line 14, in test_check\n    check(square_Sum)\n  File \"/tmp/tmpm0c8dpvv.py\", line 9, in check\n    assert candidate(2) == 20\nAssertionError\n",
      "exit_code": 1,
      "status": "Exception"
    },
    {
      "program": "def square_Sum(n: int) -> int:\n    \"\"\"\n\tWrite a python function takes in an integer n and returns the sum of squares of first n even natural numbers.\n\t\"\"\"\n    return sum(i**2 for i in range(2, n+1, 2))\n\n\ndef check(candidate):\n    assert candidate(2) == 20\n    assert candidate(3) == 56\n    assert candidate(4) == 120\n\ndef test_check():\n    check(square_Sum)\n\ntest_check()\n",
      "timestamp": 1666123552,
      "stdout": "",
      "stderr": "Traceback (most recent call last):\n  File \"/tmp/tmpfwguic68.py\", line 16, in <module>\n    test_check()\n  File \"/tmp/tmpfwguic68.py\", line 14, in test_check\n    check(square_Sum)\n  File \"/tmp/tmpfwguic68.py\", line 9, in check\n    assert candidate(2) == 20\nAssertionError\n",
      "exit_code": 1,
      "status": "Exception"
    },
    {
      "program": "def square_Sum(n: int) -> int:\n    \"\"\"\n\tWrite a python function takes in an integer n and returns the sum of squares of first n even natural numbers.\n\t\"\"\"\n    return sum([i ** 2 for i in range(2, n * 2 + 1, 2)])\n\n\ndef check(candidate):\n    assert candidate(2) == 20\n    assert candidate(3) == 56\n    assert candidate(4) == 120\n\ndef test_check():\n    check(square_Sum)\n\ntest_check()\n",
      "timestamp": 1665510375,
      "stdout": "",
      "stderr": "",
      "exit_code": 0,
      "status": "OK"
    },
    {
      "program": "def square_Sum(n: int) -> int:\n    \"\"\"\n\tWrite a python function takes in an integer n and returns the sum of squares of first n even natural numbers.\n\t\"\"\"\n    return sum([i ** 2 for i in range(2, n + 1, 2)])\n\n\ndef check(candidate):\n    assert candidate(2) == 20\n    assert candidate(3) == 56\n    assert candidate(4) == 120\n\ndef test_check():\n    check(square_Sum)\n\ntest_check()\n",
      "timestamp": 1665510375,
      "stdout": "",
      "stderr": "Traceback (most recent call last):\n  File \"/tmp/tmpm0c8dpvv.py\", line 16, in <module>\n    test_check()\n  File \"/tmp/tmpm0c8dpvv.py\", line 14, in test_check\n    check(square_Sum)\n  File \"/tmp/tmpm0c8dpvv.py\", line 9, in check\n    assert candidate(2) == 20\nAssertionError\n",
      "exit_code": 1,
      "status": "Exception"
    },
    {
      "program": "def square_Sum(n: int) -> int:\n    \"\"\"\n\tWrite a python function takes in an integer n and returns the sum of squares of first n even natural numbers.\n\t\"\"\"\n    return sum([i ** 2 for i in range(2, n + 1, 2)])\n\n\ndef check(candidate):\n    assert candidate(2) == 20\n    assert candidate(3) == 56\n    assert candidate(4) == 120\n\ndef test_check():\n    check(square_Sum)\n\ntest_check()\n",
      "timestamp": 1665510375,
      "stdout": "",
      "stderr": "Traceback (most recent call last):\n  File \"/tmp/tmpm0c8dpvv.py\", line 16, in <module>\n    test_check()\n  File \"/tmp/tmpm0c8dpvv.py\", line 14, in test_check\n    check(square_Sum)\n  File \"/tmp/tmpm0c8dpvv.py\", line 9, in check\n    assert candidate(2) == 20\nAssertionError\n",
      "exit_code": 1,
      "status": "Exception"
    },
    {
      "program": "def square_Sum(n: int) -> int:\n    \"\"\"\n\tWrite a python function takes in an integer n and returns the sum of squares of first n even natural numbers.\n\t\"\"\"\n    return sum(i ** 2 for i in range(2, n + 1, 2))\n\n\ndef check(candidate):\n    assert candidate(2) == 20\n    assert candidate(3) == 56\n    assert candidate(4) == 120\n\ndef test_check():\n    check(square_Sum)\n\ntest_check()\n",
      "timestamp": 1665510375,
      "stdout": "",
      "stderr": "Traceback (most recent call last):\n  File \"/tmp/tmpoooz9o3y.py\", line 16, in <module>\n    test_check()\n  File \"/tmp/tmpoooz9o3y.py\", line 14, in test_check\n    check(square_Sum)\n  File \"/tmp/tmpoooz9o3y.py\", line 9, in check\n    assert candidate(2) == 20\nAssertionError\n",
      "exit_code": 1,
      "status": "Exception"
    },
    {
      "program": "def square_Sum(n: int) -> int:\n    \"\"\"\n\tWrite a python function takes in an integer n and returns the sum of squares of first n even natural numbers.\n\t\"\"\"\n    return sum(i ** 2 for i in range(2, n + 1, 2))\n\n\ndef check(candidate):\n    assert candidate(2) == 20\n    assert candidate(3) == 56\n    assert candidate(4) == 120\n\ndef test_check():\n    check(square_Sum)\n\ntest_check()\n",
      "timestamp": 1665510375,
      "stdout": "",
      "stderr": "Traceback (most recent call last):\n  File \"/tmp/tmpoooz9o3y.py\", line 16, in <module>\n    test_check()\n  File \"/tmp/tmpoooz9o3y.py\", line 14, in test_check\n    check(square_Sum)\n  File \"/tmp/tmpoooz9o3y.py\", line 9, in check\n    assert candidate(2) == 20\nAssertionError\n",
      "exit_code": 1,
      "status": "Exception"
    },
    {
      "program": "def square_Sum(n: int) -> int:\n    \"\"\"\n\tWrite a python function takes in an integer n and returns the sum of squares of first n even natural numbers.\n\t\"\"\"\n    return sum([i ** 2 for i in range(2, n * 2 + 1, 2)])\n\n\ndef check(candidate):\n    assert candidate(2) == 20\n    assert candidate(3) == 56\n    assert candidate(4) == 120\n\ndef test_check():\n    check(square_Sum)\n\ntest_check()\n",
      "timestamp": 1665510375,
      "stdout": "",
      "stderr": "",
      "exit_code": 0,
      "status": "OK"
    },
    {
      "program": "def square_Sum(n: int) -> int:\n    \"\"\"\n\tWrite a python function takes in an integer n and returns the sum of squares of first n even natural numbers.\n\t\"\"\"\n    return sum(i ** 2 for i in range(2, n + 1, 2))\n\n\ndef check(candidate):\n    assert candidate(2) == 20\n    assert candidate(3) == 56\n    assert candidate(4) == 120\n\ndef test_check():\n    check(square_Sum)\n\ntest_check()\n",
      "timestamp": 1665510375,
      "stdout": "",
      "stderr": "Traceback (most recent call last):\n  File \"/tmp/tmpoooz9o3y.py\", line 16, in <module>\n    test_check()\n  File \"/tmp/tmpoooz9o3y.py\", line 14, in test_check\n    check(square_Sum)\n  File \"/tmp/tmpoooz9o3y.py\", line 9, in check\n    assert candidate(2) == 20\nAssertionError\n",
      "exit_code": 1,
      "status": "Exception"
    },
    {
      "program": "def square_Sum(n: int) -> int:\n    \"\"\"\n\tWrite a python function takes in an integer n and returns the sum of squares of first n even natural numbers.\n\t\"\"\"\n    return sum([i ** 2 for i in range(2, n + 1, 2)])\n\n\ndef check(candidate):\n    assert candidate(2) == 20\n    assert candidate(3) == 56\n    assert candidate(4) == 120\n\ndef test_check():\n    check(square_Sum)\n\ntest_check()\n",
      "timestamp": 1665510375,
      "stdout": "",
      "stderr": "Traceback (most recent call last):\n  File \"/tmp/tmpm0c8dpvv.py\", line 16, in <module>\n    test_check()\n  File \"/tmp/tmpm0c8dpvv.py\", line 14, in test_check\n    check(square_Sum)\n  File \"/tmp/tmpm0c8dpvv.py\", line 9, in check\n    assert candidate(2) == 20\nAssertionError\n",
      "exit_code": 1,
      "status": "Exception"
    },
    {
      "program": "def square_Sum(n: int) -> int:\n    \"\"\"\n\tWrite a python function takes in an integer n and returns the sum of squares of first n even natural numbers.\n\t\"\"\"\n    return sum([i ** 2 for i in range(2, n * 2 + 1, 2)])\n\n\ndef check(candidate):\n    assert candidate(2) == 20\n    assert candidate(3) == 56\n    assert candidate(4) == 120\n\ndef test_check():\n    check(square_Sum)\n\ntest_check()\n",
      "timestamp": 1665510375,
      "stdout": "",
      "stderr": "",
      "exit_code": 0,
      "status": "OK"
    },
    {
      "program": "def square_Sum(n: int) -> int:\n    \"\"\"\n\tWrite a python function takes in an integer n and returns the sum of squares of first n even natural numbers.\n\t\"\"\"\n    return sum(i ** 2 for i in range(2, n + 1, 2))\n\n\ndef check(candidate):\n    assert candidate(2) == 20\n    assert candidate(3) == 56\n    assert candidate(4) == 120\n\ndef test_check():\n    check(square_Sum)\n\ntest_check()\n",
      "timestamp": 1665510375,
      "stdout": "",
      "stderr": "Traceback (most recent call last):\n  File \"/tmp/tmpoooz9o3y.py\", line 16, in <module>\n    test_check()\n  File \"/tmp/tmpoooz9o3y.py\", line 14, in test_check\n    check(square_Sum)\n  File \"/tmp/tmpoooz9o3y.py\", line 9, in check\n    assert candidate(2) == 20\nAssertionError\n",
      "exit_code": 1,
      "status": "Exception"
    },
    {
      "program": "def square_Sum(n: int) -> int:\n    \"\"\"\n\tWrite a python function takes in an integer n and returns the sum of squares of first n even natural numbers.\n\t\"\"\"\n    return sum([i ** 2 for i in range(2, n * 2 + 1, 2)])\n\n\ndef check(candidate):\n    assert candidate(2) == 20\n    assert candidate(3) == 56\n    assert candidate(4) == 120\n\ndef test_check():\n    check(square_Sum)\n\ntest_check()\n",
      "timestamp": 1665510375,
      "stdout": "",
      "stderr": "",
      "exit_code": 0,
      "status": "OK"
    },
    {
      "program": "def square_Sum(n: int) -> int:\n    \"\"\"\n\tWrite a python function takes in an integer n and returns the sum of squares of first n even natural numbers.\n\t\"\"\"\n    return sum([i ** 2 for i in range(2, n + 1, 2)])\n\n\ndef check(candidate):\n    assert candidate(2) == 20\n    assert candidate(3) == 56\n    assert candidate(4) == 120\n\ndef test_check():\n    check(square_Sum)\n\ntest_check()\n",
      "timestamp": 1665510375,
      "stdout": "",
      "stderr": "Traceback (most recent call last):\n  File \"/tmp/tmpm0c8dpvv.py\", line 16, in <module>\n    test_check()\n  File \"/tmp/tmpm0c8dpvv.py\", line 14, in test_check\n    check(square_Sum)\n  File \"/tmp/tmpm0c8dpvv.py\", line 9, in check\n    assert candidate(2) == 20\nAssertionError\n",
      "exit_code": 1,
      "status": "Exception"
    },
    {
      "program": "def square_Sum(n: int) -> int:\n    \"\"\"\n\tWrite a python function takes in an integer n and returns the sum of squares of first n even natural numbers.\n\t\"\"\"\n    return sum(i ** 2 for i in range(2, n + 1, 2))\n\n\ndef check(candidate):\n    assert candidate(2) == 20\n    assert candidate(3) == 56\n    assert candidate(4) == 120\n\ndef test_check():\n    check(square_Sum)\n\ntest_check()\n",
      "timestamp": 1665510375,
      "stdout": "",
      "stderr": "Traceback (most recent call last):\n  File \"/tmp/tmpoooz9o3y.py\", line 16, in <module>\n    test_check()\n  File \"/tmp/tmpoooz9o3y.py\", line 14, in test_check\n    check(square_Sum)\n  File \"/tmp/tmpoooz9o3y.py\", line 9, in check\n    assert candidate(2) == 20\nAssertionError\n",
      "exit_code": 1,
      "status": "Exception"
    },
    {
      "program": "def square_Sum(n: int) -> int:\n    \"\"\"\n\tWrite a python function takes in an integer n and returns the sum of squares of first n even natural numbers.\n\t\"\"\"\n    return sum(i ** 2 for i in range(1, n + 1) if i % 2 == 0)\n\n\ndef check(candidate):\n    assert candidate(2) == 20\n    assert candidate(3) == 56\n    assert candidate(4) == 120\n\ndef test_check():\n    check(square_Sum)\n\ntest_check()\n",
      "timestamp": 1665510375,
      "stdout": "",
      "stderr": "Traceback (most recent call last):\n  File \"/tmp/tmp2nzpec4l.py\", line 16, in <module>\n    test_check()\n  File \"/tmp/tmp2nzpec4l.py\", line 14, in test_check\n    check(square_Sum)\n  File \"/tmp/tmp2nzpec4l.py\", line 9, in check\n    assert candidate(2) == 20\nAssertionError\n",
      "exit_code": 1,
      "status": "Exception"
    },
    {
      "program": "def square_Sum(n: int) -> int:\n    \"\"\"\n\tWrite a python function takes in an integer n and returns the sum of squares of first n even natural numbers.\n\t\"\"\"\n    return sum(i ** 2 for i in range(2, n + 1, 2))\n\n\ndef check(candidate):\n    assert candidate(2) == 20\n    assert candidate(3) == 56\n    assert candidate(4) == 120\n\ndef test_check():\n    check(square_Sum)\n\ntest_check()\n",
      "timestamp": 1665510375,
      "stdout": "",
      "stderr": "Traceback (most recent call last):\n  File \"/tmp/tmpoooz9o3y.py\", line 16, in <module>\n    test_check()\n  File \"/tmp/tmpoooz9o3y.py\", line 14, in test_check\n    check(square_Sum)\n  File \"/tmp/tmpoooz9o3y.py\", line 9, in check\n    assert candidate(2) == 20\nAssertionError\n",
      "exit_code": 1,
      "status": "Exception"
    },
    {
      "program": "def square_Sum(n: int) -> int:\n    \"\"\"\n\tWrite a python function takes in an integer n and returns the sum of squares of first n even natural numbers.\n\t\"\"\"\n    return sum(i ** 2 for i in range(2, n + 1, 2))\n\n\ndef check(candidate):\n    assert candidate(2) == 20\n    assert candidate(3) == 56\n    assert candidate(4) == 120\n\ndef test_check():\n    check(square_Sum)\n\ntest_check()\n",
      "timestamp": 1665510375,
      "stdout": "",
      "stderr": "Traceback (most recent call last):\n  File \"/tmp/tmpoooz9o3y.py\", line 16, in <module>\n    test_check()\n  File \"/tmp/tmpoooz9o3y.py\", line 14, in test_check\n    check(square_Sum)\n  File \"/tmp/tmpoooz9o3y.py\", line 9, in check\n    assert candidate(2) == 20\nAssertionError\n",
      "exit_code": 1,
      "status": "Exception"
    },
    {
      "program": "def square_Sum(n: int) -> int:\n    \"\"\"\n\tWrite a python function takes in an integer n and returns the sum of squares of first n even natural numbers.\n\t\"\"\"\n    return sum([i ** 2 for i in range(2, n + 1, 2)])\n\n\ndef check(candidate):\n    assert candidate(2) == 20\n    assert candidate(3) == 56\n    assert candidate(4) == 120\n\ndef test_check():\n    check(square_Sum)\n\ntest_check()\n",
      "timestamp": 1665510375,
      "stdout": "",
      "stderr": "Traceback (most recent call last):\n  File \"/tmp/tmpm0c8dpvv.py\", line 16, in <module>\n    test_check()\n  File \"/tmp/tmpm0c8dpvv.py\", line 14, in test_check\n    check(square_Sum)\n  File \"/tmp/tmpm0c8dpvv.py\", line 9, in check\n    assert candidate(2) == 20\nAssertionError\n",
      "exit_code": 1,
      "status": "Exception"
    },
    {
      "program": "def square_Sum(n: int) -> int:\n    \"\"\"\n\tWrite a python function takes in an integer n and returns the sum of squares of first n even natural numbers.\n\t\"\"\"\n    return sum([i ** 2 for i in range(2, n * 2 + 1, 2)])\n\n\ndef check(candidate):\n    assert candidate(2) == 20\n    assert candidate(3) == 56\n    assert candidate(4) == 120\n\ndef test_check():\n    check(square_Sum)\n\ntest_check()\n",
      "timestamp": 1665510375,
      "stdout": "",
      "stderr": "",
      "exit_code": 0,
      "status": "OK"
    },
    {
      "program": "def square_Sum(n: int) -> int:\n    \"\"\"\n\tWrite a python function takes in an integer n and returns the sum of squares of first n even natural numbers.\n\t\"\"\"\n    return sum(i ** 2 for i in range(2, n + 1, 2))\n\n\ndef check(candidate):\n    assert candidate(2) == 20\n    assert candidate(3) == 56\n    assert candidate(4) == 120\n\ndef test_check():\n    check(square_Sum)\n\ntest_check()\n",
      "timestamp": 1665510375,
      "stdout": "",
      "stderr": "Traceback (most recent call last):\n  File \"/tmp/tmpoooz9o3y.py\", line 16, in <module>\n    test_check()\n  File \"/tmp/tmpoooz9o3y.py\", line 14, in test_check\n    check(square_Sum)\n  File \"/tmp/tmpoooz9o3y.py\", line 9, in check\n    assert candidate(2) == 20\nAssertionError\n",
      "exit_code": 1,
      "status": "Exception"
    },
    {
      "program": "def square_Sum(n: int) -> int:\n    \"\"\"\n\tWrite a python function takes in an integer n and returns the sum of squares of first n even natural numbers.\n\t\"\"\"\n    return sum(i ** 2 for i in range(1, n + 1) if i % 2 == 0)\n\n\ndef check(candidate):\n    assert candidate(2) == 20\n    assert candidate(3) == 56\n    assert candidate(4) == 120\n\ndef test_check():\n    check(square_Sum)\n\ntest_check()\n",
      "timestamp": 1665510375,
      "stdout": "",
      "stderr": "Traceback (most recent call last):\n  File \"/tmp/tmp2nzpec4l.py\", line 16, in <module>\n    test_check()\n  File \"/tmp/tmp2nzpec4l.py\", line 14, in test_check\n    check(square_Sum)\n  File \"/tmp/tmp2nzpec4l.py\", line 9, in check\n    assert candidate(2) == 20\nAssertionError\n",
      "exit_code": 1,
      "status": "Exception"
    },
    {
      "program": "def square_Sum(n: int) -> int:\n    \"\"\"\n\tWrite a python function takes in an integer n and returns the sum of squares of first n even natural numbers.\n\t\"\"\"\n    return sum([i ** 2 for i in range(2, n + 1, 2)])\n\n\ndef check(candidate):\n    assert candidate(2) == 20\n    assert candidate(3) == 56\n    assert candidate(4) == 120\n\ndef test_check():\n    check(square_Sum)\n\ntest_check()\n",
      "timestamp": 1665510375,
      "stdout": "",
      "stderr": "Traceback (most recent call last):\n  File \"/tmp/tmpm0c8dpvv.py\", line 16, in <module>\n    test_check()\n  File \"/tmp/tmpm0c8dpvv.py\", line 14, in test_check\n    check(square_Sum)\n  File \"/tmp/tmpm0c8dpvv.py\", line 9, in check\n    assert candidate(2) == 20\nAssertionError\n",
      "exit_code": 1,
      "status": "Exception"
    },
    {
      "program": "def square_Sum(n: int) -> int:\n    \"\"\"\n\tWrite a python function takes in an integer n and returns the sum of squares of first n even natural numbers.\n\t\"\"\"\n    return sum([i ** 2 for i in range(2, n + 1, 2)])\n\n\ndef check(candidate):\n    assert candidate(2) == 20\n    assert candidate(3) == 56\n    assert candidate(4) == 120\n\ndef test_check():\n    check(square_Sum)\n\ntest_check()\n",
      "timestamp": 1665510375,
      "stdout": "",
      "stderr": "Traceback (most recent call last):\n  File \"/tmp/tmpm0c8dpvv.py\", line 16, in <module>\n    test_check()\n  File \"/tmp/tmpm0c8dpvv.py\", line 14, in test_check\n    check(square_Sum)\n  File \"/tmp/tmpm0c8dpvv.py\", line 9, in check\n    assert candidate(2) == 20\nAssertionError\n",
      "exit_code": 1,
      "status": "Exception"
    },
    {
      "program": "def square_Sum(n: int) -> int:\n    \"\"\"\n\tWrite a python function takes in an integer n and returns the sum of squares of first n even natural numbers.\n\t\"\"\"\n    return sum([i ** 2 for i in range(2, n + 1, 2)])\n\n\ndef check(candidate):\n    assert candidate(2) == 20\n    assert candidate(3) == 56\n    assert candidate(4) == 120\n\ndef test_check():\n    check(square_Sum)\n\ntest_check()\n",
      "timestamp": 1665510375,
      "stdout": "",
      "stderr": "Traceback (most recent call last):\n  File \"/tmp/tmpm0c8dpvv.py\", line 16, in <module>\n    test_check()\n  File \"/tmp/tmpm0c8dpvv.py\", line 14, in test_check\n    check(square_Sum)\n  File \"/tmp/tmpm0c8dpvv.py\", line 9, in check\n    assert candidate(2) == 20\nAssertionError\n",
      "exit_code": 1,
      "status": "Exception"
    },
    {
      "program": "def square_Sum(n: int) -> int:\n    \"\"\"\n\tWrite a python function takes in an integer n and returns the sum of squares of first n even natural numbers.\n\t\"\"\"\n    return sum([i ** 2 for i in range(2, n * 2 + 1, 2)])\n\n\ndef check(candidate):\n    assert candidate(2) == 20\n    assert candidate(3) == 56\n    assert candidate(4) == 120\n\ndef test_check():\n    check(square_Sum)\n\ntest_check()\n",
      "timestamp": 1665510375,
      "stdout": "",
      "stderr": "",
      "exit_code": 0,
      "status": "OK"
    },
    {
      "program": "def square_Sum(n: int) -> int:\n    \"\"\"\n\tWrite a python function takes in an integer n and returns the sum of squares of first n even natural numbers.\n\t\"\"\"\n    return sum(i * i for i in range(2, n + 1, 2))\n\n\ndef check(candidate):\n    assert candidate(2) == 20\n    assert candidate(3) == 56\n    assert candidate(4) == 120\n\ndef test_check():\n    check(square_Sum)\n\ntest_check()\n",
      "timestamp": 1666123551,
      "stdout": "",
      "stderr": "Traceback (most recent call last):\n  File \"/tmp/tmpkf09z4yj.py\", line 16, in <module>\n    test_check()\n  File \"/tmp/tmpkf09z4yj.py\", line 14, in test_check\n    check(square_Sum)\n  File \"/tmp/tmpkf09z4yj.py\", line 9, in check\n    assert candidate(2) == 20\nAssertionError\n",
      "exit_code": 1,
      "status": "Exception"
    },
    {
      "program": "def square_Sum(n: int) -> int:\n    \"\"\"\n\tWrite a python function takes in an integer n and returns the sum of squares of first n even natural numbers.\n\t\"\"\"\n    return sum([i ** 2 for i in range(2, n + 1, 2)])\n\n\ndef check(candidate):\n    assert candidate(2) == 20\n    assert candidate(3) == 56\n    assert candidate(4) == 120\n\ndef test_check():\n    check(square_Sum)\n\ntest_check()\n",
      "timestamp": 1665510375,
      "stdout": "",
      "stderr": "Traceback (most recent call last):\n  File \"/tmp/tmpm0c8dpvv.py\", line 16, in <module>\n    test_check()\n  File \"/tmp/tmpm0c8dpvv.py\", line 14, in test_check\n    check(square_Sum)\n  File \"/tmp/tmpm0c8dpvv.py\", line 9, in check\n    assert candidate(2) == 20\nAssertionError\n",
      "exit_code": 1,
      "status": "Exception"
    },
    {
      "program": "def square_Sum(n: int) -> int:\n    \"\"\"\n\tWrite a python function takes in an integer n and returns the sum of squares of first n even natural numbers.\n\t\"\"\"\n    return sum(i ** 2 for i in range(2, n + 1, 2))\n\n\ndef check(candidate):\n    assert candidate(2) == 20\n    assert candidate(3) == 56\n    assert candidate(4) == 120\n\ndef test_check():\n    check(square_Sum)\n\ntest_check()\n",
      "timestamp": 1665510375,
      "stdout": "",
      "stderr": "Traceback (most recent call last):\n  File \"/tmp/tmpoooz9o3y.py\", line 16, in <module>\n    test_check()\n  File \"/tmp/tmpoooz9o3y.py\", line 14, in test_check\n    check(square_Sum)\n  File \"/tmp/tmpoooz9o3y.py\", line 9, in check\n    assert candidate(2) == 20\nAssertionError\n",
      "exit_code": 1,
      "status": "Exception"
    },
    {
      "program": "def square_Sum(n: int) -> int:\n    \"\"\"\n\tWrite a python function takes in an integer n and returns the sum of squares of first n even natural numbers.\n\t\"\"\"\n    return sum(i ** 2 for i in range(2, n + 1, 2))\n\n\ndef check(candidate):\n    assert candidate(2) == 20\n    assert candidate(3) == 56\n    assert candidate(4) == 120\n\ndef test_check():\n    check(square_Sum)\n\ntest_check()\n",
      "timestamp": 1665510375,
      "stdout": "",
      "stderr": "Traceback (most recent call last):\n  File \"/tmp/tmpoooz9o3y.py\", line 16, in <module>\n    test_check()\n  File \"/tmp/tmpoooz9o3y.py\", line 14, in test_check\n    check(square_Sum)\n  File \"/tmp/tmpoooz9o3y.py\", line 9, in check\n    assert candidate(2) == 20\nAssertionError\n",
      "exit_code": 1,
      "status": "Exception"
    },
    {
      "program": "def square_Sum(n: int) -> int:\n    \"\"\"\n\tWrite a python function takes in an integer n and returns the sum of squares of first n even natural numbers.\n\t\"\"\"\n    return sum(i * i for i in range(2, n * 2 + 1, 2))\n\n\ndef check(candidate):\n    assert candidate(2) == 20\n    assert candidate(3) == 56\n    assert candidate(4) == 120\n\ndef test_check():\n    check(square_Sum)\n\ntest_check()\n",
      "timestamp": 1666123552,
      "stdout": "",
      "stderr": "",
      "exit_code": 0,
      "status": "OK"
    },
    {
      "program": "def square_Sum(n: int) -> int:\n    \"\"\"\n\tWrite a python function takes in an integer n and returns the sum of squares of first n even natural numbers.\n\t\"\"\"\n    sum = 0\n    for i in range(1, n + 1):\n        if i % 2 == 0:\n            sum += i * i\n    return sum\n\n\ndef check(candidate):\n    assert candidate(2) == 20\n    assert candidate(3) == 56\n    assert candidate(4) == 120\n\ndef test_check():\n    check(square_Sum)\n\ntest_check()\n",
      "timestamp": 1666123552,
      "stdout": "",
      "stderr": "Traceback (most recent call last):\n  File \"/tmp/tmp06__qugk.py\", line 20, in <module>\n    test_check()\n  File \"/tmp/tmp06__qugk.py\", line 18, in test_check\n    check(square_Sum)\n  File \"/tmp/tmp06__qugk.py\", line 13, in check\n    assert candidate(2) == 20\nAssertionError\n",
      "exit_code": 1,
      "status": "Exception"
    },
    {
      "program": "def square_Sum(n: int) -> int:\n    \"\"\"\n\tWrite a python function takes in an integer n and returns the sum of squares of first n even natural numbers.\n\t\"\"\"\n    return sum(i ** 2 for i in range(2, n + 1, 2))\n\n\ndef check(candidate):\n    assert candidate(2) == 20\n    assert candidate(3) == 56\n    assert candidate(4) == 120\n\ndef test_check():\n    check(square_Sum)\n\ntest_check()\n",
      "timestamp": 1665510375,
      "stdout": "",
      "stderr": "Traceback (most recent call last):\n  File \"/tmp/tmpoooz9o3y.py\", line 16, in <module>\n    test_check()\n  File \"/tmp/tmpoooz9o3y.py\", line 14, in test_check\n    check(square_Sum)\n  File \"/tmp/tmpoooz9o3y.py\", line 9, in check\n    assert candidate(2) == 20\nAssertionError\n",
      "exit_code": 1,
      "status": "Exception"
    },
    {
      "program": "def square_Sum(n: int) -> int:\n    \"\"\"\n\tWrite a python function takes in an integer n and returns the sum of squares of first n even natural numbers.\n\t\"\"\"\n    return sum(i ** 2 for i in range(2, n + 1, 2))\n\n\ndef check(candidate):\n    assert candidate(2) == 20\n    assert candidate(3) == 56\n    assert candidate(4) == 120\n\ndef test_check():\n    check(square_Sum)\n\ntest_check()\n",
      "timestamp": 1665510375,
      "stdout": "",
      "stderr": "Traceback (most recent call last):\n  File \"/tmp/tmpoooz9o3y.py\", line 16, in <module>\n    test_check()\n  File \"/tmp/tmpoooz9o3y.py\", line 14, in test_check\n    check(square_Sum)\n  File \"/tmp/tmpoooz9o3y.py\", line 9, in check\n    assert candidate(2) == 20\nAssertionError\n",
      "exit_code": 1,
      "status": "Exception"
    },
    {
      "program": "def square_Sum(n: int) -> int:\n    \"\"\"\n\tWrite a python function takes in an integer n and returns the sum of squares of first n even natural numbers.\n\t\"\"\"\n    return sum(i ** 2 for i in range(2, n + 1, 2))\n\n\ndef check(candidate):\n    assert candidate(2) == 20\n    assert candidate(3) == 56\n    assert candidate(4) == 120\n\ndef test_check():\n    check(square_Sum)\n\ntest_check()\n",
      "timestamp": 1665510375,
      "stdout": "",
      "stderr": "Traceback (most recent call last):\n  File \"/tmp/tmpoooz9o3y.py\", line 16, in <module>\n    test_check()\n  File \"/tmp/tmpoooz9o3y.py\", line 14, in test_check\n    check(square_Sum)\n  File \"/tmp/tmpoooz9o3y.py\", line 9, in check\n    assert candidate(2) == 20\nAssertionError\n",
      "exit_code": 1,
      "status": "Exception"
    },
    {
      "program": "def square_Sum(n: int) -> int:\n    \"\"\"\n\tWrite a python function takes in an integer n and returns the sum of squares of first n even natural numbers.\n\t\"\"\"\n    return sum(map(lambda x: x ** 2, range(2, n * 2 + 1, 2)))\n\n\ndef check(candidate):\n    assert candidate(2) == 20\n    assert candidate(3) == 56\n    assert candidate(4) == 120\n\ndef test_check():\n    check(square_Sum)\n\ntest_check()\n",
      "timestamp": 1665510375,
      "stdout": "",
      "stderr": "",
      "exit_code": 0,
      "status": "OK"
    },
    {
      "program": "def square_Sum(n: int) -> int:\n    \"\"\"\n\tWrite a python function takes in an integer n and returns the sum of squares of first n even natural numbers.\n\t\"\"\"\n    return sum(i ** 2 for i in range(2, n + 1, 2))\n\n\ndef check(candidate):\n    assert candidate(2) == 20\n    assert candidate(3) == 56\n    assert candidate(4) == 120\n\ndef test_check():\n    check(square_Sum)\n\ntest_check()\n",
      "timestamp": 1665510375,
      "stdout": "",
      "stderr": "Traceback (most recent call last):\n  File \"/tmp/tmpoooz9o3y.py\", line 16, in <module>\n    test_check()\n  File \"/tmp/tmpoooz9o3y.py\", line 14, in test_check\n    check(square_Sum)\n  File \"/tmp/tmpoooz9o3y.py\", line 9, in check\n    assert candidate(2) == 20\nAssertionError\n",
      "exit_code": 1,
      "status": "Exception"
    },
    {
      "program": "def square_Sum(n: int) -> int:\n    \"\"\"\n\tWrite a python function takes in an integer n and returns the sum of squares of first n even natural numbers.\n\t\"\"\"\n    return sum(i ** 2 for i in range(2, n + 1, 2))\n\n\ndef check(candidate):\n    assert candidate(2) == 20\n    assert candidate(3) == 56\n    assert candidate(4) == 120\n\ndef test_check():\n    check(square_Sum)\n\ntest_check()\n",
      "timestamp": 1665510375,
      "stdout": "",
      "stderr": "Traceback (most recent call last):\n  File \"/tmp/tmpoooz9o3y.py\", line 16, in <module>\n    test_check()\n  File \"/tmp/tmpoooz9o3y.py\", line 14, in test_check\n    check(square_Sum)\n  File \"/tmp/tmpoooz9o3y.py\", line 9, in check\n    assert candidate(2) == 20\nAssertionError\n",
      "exit_code": 1,
      "status": "Exception"
    },
    {
      "program": "def square_Sum(n: int) -> int:\n    \"\"\"\n\tWrite a python function takes in an integer n and returns the sum of squares of first n even natural numbers.\n\t\"\"\"\n    return sum([i ** 2 for i in range(2, n * 2 + 1, 2)])\n\n\ndef check(candidate):\n    assert candidate(2) == 20\n    assert candidate(3) == 56\n    assert candidate(4) == 120\n\ndef test_check():\n    check(square_Sum)\n\ntest_check()\n",
      "timestamp": 1665510375,
      "stdout": "",
      "stderr": "",
      "exit_code": 0,
      "status": "OK"
    },
    {
      "program": "def square_Sum(n: int) -> int:\n    \"\"\"\n\tWrite a python function takes in an integer n and returns the sum of squares of first n even natural numbers.\n\t\"\"\"\n    return sum(map(lambda x: x ** 2, range(2, n * 2 + 1, 2)))\n\n\ndef check(candidate):\n    assert candidate(2) == 20\n    assert candidate(3) == 56\n    assert candidate(4) == 120\n\ndef test_check():\n    check(square_Sum)\n\ntest_check()\n",
      "timestamp": 1665510375,
      "stdout": "",
      "stderr": "",
      "exit_code": 0,
      "status": "OK"
    },
    {
      "program": "def square_Sum(n: int) -> int:\n    \"\"\"\n\tWrite a python function takes in an integer n and returns the sum of squares of first n even natural numbers.\n\t\"\"\"\n    return sum([i ** 2 for i in range(2, n * 2 + 1, 2)])\n\n\ndef check(candidate):\n    assert candidate(2) == 20\n    assert candidate(3) == 56\n    assert candidate(4) == 120\n\ndef test_check():\n    check(square_Sum)\n\ntest_check()\n",
      "timestamp": 1665510375,
      "stdout": "",
      "stderr": "",
      "exit_code": 0,
      "status": "OK"
    },
    {
      "program": "def square_Sum(n: int) -> int:\n    \"\"\"\n\tWrite a python function takes in an integer n and returns the sum of squares of first n even natural numbers.\n\t\"\"\"\n    return sum(i ** 2 for i in range(2, n * 2 + 1, 2))\n\n\ndef check(candidate):\n    assert candidate(2) == 20\n    assert candidate(3) == 56\n    assert candidate(4) == 120\n\ndef test_check():\n    check(square_Sum)\n\ntest_check()\n",
      "timestamp": 1666123551,
      "stdout": "",
      "stderr": "",
      "exit_code": 0,
      "status": "OK"
    },
    {
      "program": "def square_Sum(n: int) -> int:\n    \"\"\"\n\tWrite a python function takes in an integer n and returns the sum of squares of first n even natural numbers.\n\t\"\"\"\n    return sum(i ** 2 for i in range(2, n + 1, 2))\n\n\ndef check(candidate):\n    assert candidate(2) == 20\n    assert candidate(3) == 56\n    assert candidate(4) == 120\n\ndef test_check():\n    check(square_Sum)\n\ntest_check()\n",
      "timestamp": 1665510375,
      "stdout": "",
      "stderr": "Traceback (most recent call last):\n  File \"/tmp/tmpoooz9o3y.py\", line 16, in <module>\n    test_check()\n  File \"/tmp/tmpoooz9o3y.py\", line 14, in test_check\n    check(square_Sum)\n  File \"/tmp/tmpoooz9o3y.py\", line 9, in check\n    assert candidate(2) == 20\nAssertionError\n",
      "exit_code": 1,
      "status": "Exception"
    },
    {
      "program": "def square_Sum(n: int) -> int:\n    \"\"\"\n\tWrite a python function takes in an integer n and returns the sum of squares of first n even natural numbers.\n\t\"\"\"\n    return sum(i * i for i in range(2, n + 1, 2))\n\n\ndef check(candidate):\n    assert candidate(2) == 20\n    assert candidate(3) == 56\n    assert candidate(4) == 120\n\ndef test_check():\n    check(square_Sum)\n\ntest_check()\n",
      "timestamp": 1666123551,
      "stdout": "",
      "stderr": "Traceback (most recent call last):\n  File \"/tmp/tmpkf09z4yj.py\", line 16, in <module>\n    test_check()\n  File \"/tmp/tmpkf09z4yj.py\", line 14, in test_check\n    check(square_Sum)\n  File \"/tmp/tmpkf09z4yj.py\", line 9, in check\n    assert candidate(2) == 20\nAssertionError\n",
      "exit_code": 1,
      "status": "Exception"
    },
    {
      "program": "def square_Sum(n: int) -> int:\n    \"\"\"\n\tWrite a python function takes in an integer n and returns the sum of squares of first n even natural numbers.\n\t\"\"\"\n    return sum(i ** 2 for i in range(2, n + 1, 2))\n\n\ndef check(candidate):\n    assert candidate(2) == 20\n    assert candidate(3) == 56\n    assert candidate(4) == 120\n\ndef test_check():\n    check(square_Sum)\n\ntest_check()\n",
      "timestamp": 1665510375,
      "stdout": "",
      "stderr": "Traceback (most recent call last):\n  File \"/tmp/tmpoooz9o3y.py\", line 16, in <module>\n    test_check()\n  File \"/tmp/tmpoooz9o3y.py\", line 14, in test_check\n    check(square_Sum)\n  File \"/tmp/tmpoooz9o3y.py\", line 9, in check\n    assert candidate(2) == 20\nAssertionError\n",
      "exit_code": 1,
      "status": "Exception"
    },
    {
      "program": "def square_Sum(n: int) -> int:\n    \"\"\"\n\tWrite a python function takes in an integer n and returns the sum of squares of first n even natural numbers.\n\t\"\"\"\n    return sum([i ** 2 for i in range(2, n * 2 + 1, 2)])\n\n\ndef check(candidate):\n    assert candidate(2) == 20\n    assert candidate(3) == 56\n    assert candidate(4) == 120\n\ndef test_check():\n    check(square_Sum)\n\ntest_check()\n",
      "timestamp": 1665510375,
      "stdout": "",
      "stderr": "",
      "exit_code": 0,
      "status": "OK"
    },
    {
      "program": "def square_Sum(n: int) -> int:\n    \"\"\"\n\tWrite a python function takes in an integer n and returns the sum of squares of first n even natural numbers.\n\t\"\"\"\n    return sum(map(lambda x: x ** 2, range(2, n * 2 + 1, 2)))\n\n\ndef check(candidate):\n    assert candidate(2) == 20\n    assert candidate(3) == 56\n    assert candidate(4) == 120\n\ndef test_check():\n    check(square_Sum)\n\ntest_check()\n",
      "timestamp": 1665510375,
      "stdout": "",
      "stderr": "",
      "exit_code": 0,
      "status": "OK"
    },
    {
      "program": "def square_Sum(n: int) -> int:\n    \"\"\"\n\tWrite a python function takes in an integer n and returns the sum of squares of first n even natural numbers.\n\t\"\"\"\n    return sum([i ** 2 for i in range(2, n * 2 + 1, 2)])\n\n\ndef check(candidate):\n    assert candidate(2) == 20\n    assert candidate(3) == 56\n    assert candidate(4) == 120\n\ndef test_check():\n    check(square_Sum)\n\ntest_check()\n",
      "timestamp": 1665510375,
      "stdout": "",
      "stderr": "",
      "exit_code": 0,
      "status": "OK"
    },
    {
      "program": "def square_Sum(n: int) -> int:\n    \"\"\"\n\tWrite a python function takes in an integer n and returns the sum of squares of first n even natural numbers.\n\t\"\"\"\n    return sum([i ** 2 for i in range(2, n * 2 + 1, 2)])\n\n\ndef check(candidate):\n    assert candidate(2) == 20\n    assert candidate(3) == 56\n    assert candidate(4) == 120\n\ndef test_check():\n    check(square_Sum)\n\ntest_check()\n",
      "timestamp": 1665510375,
      "stdout": "",
      "stderr": "",
      "exit_code": 0,
      "status": "OK"
    },
    {
      "program": "def square_Sum(n: int) -> int:\n    \"\"\"\n\tWrite a python function takes in an integer n and returns the sum of squares of first n even natural numbers.\n\t\"\"\"\n    return sum([i**2 for i in range(2, n+1, 2)])\n\n\ndef check(candidate):\n    assert candidate(2) == 20\n    assert candidate(3) == 56\n    assert candidate(4) == 120\n\ndef test_check():\n    check(square_Sum)\n\ntest_check()\n",
      "timestamp": 1666123551,
      "stdout": "",
      "stderr": "Traceback (most recent call last):\n  File \"/tmp/tmpo2lqnhod.py\", line 16, in <module>\n    test_check()\n  File \"/tmp/tmpo2lqnhod.py\", line 14, in test_check\n    check(square_Sum)\n  File \"/tmp/tmpo2lqnhod.py\", line 9, in check\n    assert candidate(2) == 20\nAssertionError\n",
      "exit_code": 1,
      "status": "Exception"
    },
    {
      "program": "def square_Sum(n: int) -> int:\n    \"\"\"\n\tWrite a python function takes in an integer n and returns the sum of squares of first n even natural numbers.\n\t\"\"\"\n    return sum([i ** 2 for i in range(2, n + 1, 2)])\n\n\ndef check(candidate):\n    assert candidate(2) == 20\n    assert candidate(3) == 56\n    assert candidate(4) == 120\n\ndef test_check():\n    check(square_Sum)\n\ntest_check()\n",
      "timestamp": 1665510375,
      "stdout": "",
      "stderr": "Traceback (most recent call last):\n  File \"/tmp/tmpm0c8dpvv.py\", line 16, in <module>\n    test_check()\n  File \"/tmp/tmpm0c8dpvv.py\", line 14, in test_check\n    check(square_Sum)\n  File \"/tmp/tmpm0c8dpvv.py\", line 9, in check\n    assert candidate(2) == 20\nAssertionError\n",
      "exit_code": 1,
      "status": "Exception"
    },
    {
      "program": "def square_Sum(n: int) -> int:\n    \"\"\"\n\tWrite a python function takes in an integer n and returns the sum of squares of first n even natural numbers.\n\t\"\"\"\n    return sum([i ** 2 for i in range(2, n * 2 + 1, 2)])\n\n\ndef check(candidate):\n    assert candidate(2) == 20\n    assert candidate(3) == 56\n    assert candidate(4) == 120\n\ndef test_check():\n    check(square_Sum)\n\ntest_check()\n",
      "timestamp": 1665510375,
      "stdout": "",
      "stderr": "",
      "exit_code": 0,
      "status": "OK"
    },
    {
      "program": "def square_Sum(n: int) -> int:\n    \"\"\"\n\tWrite a python function takes in an integer n and returns the sum of squares of first n even natural numbers.\n\t\"\"\"\n    return sum(i ** 2 for i in range(2, n + 1, 2))\n\n\ndef check(candidate):\n    assert candidate(2) == 20\n    assert candidate(3) == 56\n    assert candidate(4) == 120\n\ndef test_check():\n    check(square_Sum)\n\ntest_check()\n",
      "timestamp": 1665510375,
      "stdout": "",
      "stderr": "Traceback (most recent call last):\n  File \"/tmp/tmpoooz9o3y.py\", line 16, in <module>\n    test_check()\n  File \"/tmp/tmpoooz9o3y.py\", line 14, in test_check\n    check(square_Sum)\n  File \"/tmp/tmpoooz9o3y.py\", line 9, in check\n    assert candidate(2) == 20\nAssertionError\n",
      "exit_code": 1,
      "status": "Exception"
    },
    {
      "program": "def square_Sum(n: int) -> int:\n    \"\"\"\n\tWrite a python function takes in an integer n and returns the sum of squares of first n even natural numbers.\n\t\"\"\"\n    return sum([i ** 2 for i in range(2, n + 1, 2)])\n\n\ndef check(candidate):\n    assert candidate(2) == 20\n    assert candidate(3) == 56\n    assert candidate(4) == 120\n\ndef test_check():\n    check(square_Sum)\n\ntest_check()\n",
      "timestamp": 1665510375,
      "stdout": "",
      "stderr": "Traceback (most recent call last):\n  File \"/tmp/tmpm0c8dpvv.py\", line 16, in <module>\n    test_check()\n  File \"/tmp/tmpm0c8dpvv.py\", line 14, in test_check\n    check(square_Sum)\n  File \"/tmp/tmpm0c8dpvv.py\", line 9, in check\n    assert candidate(2) == 20\nAssertionError\n",
      "exit_code": 1,
      "status": "Exception"
    },
    {
      "program": "def square_Sum(n: int) -> int:\n    \"\"\"\n\tWrite a python function takes in an integer n and returns the sum of squares of first n even natural numbers.\n\t\"\"\"\n    return sum(i ** 2 for i in range(2, n + 1, 2))\n\n\ndef check(candidate):\n    assert candidate(2) == 20\n    assert candidate(3) == 56\n    assert candidate(4) == 120\n\ndef test_check():\n    check(square_Sum)\n\ntest_check()\n",
      "timestamp": 1665510375,
      "stdout": "",
      "stderr": "Traceback (most recent call last):\n  File \"/tmp/tmpoooz9o3y.py\", line 16, in <module>\n    test_check()\n  File \"/tmp/tmpoooz9o3y.py\", line 14, in test_check\n    check(square_Sum)\n  File \"/tmp/tmpoooz9o3y.py\", line 9, in check\n    assert candidate(2) == 20\nAssertionError\n",
      "exit_code": 1,
      "status": "Exception"
    },
    {
      "program": "def square_Sum(n: int) -> int:\n    \"\"\"\n\tWrite a python function takes in an integer n and returns the sum of squares of first n even natural numbers.\n\t\"\"\"\n    return sum(i ** 2 for i in range(2, n + 1, 2))\n\n\ndef check(candidate):\n    assert candidate(2) == 20\n    assert candidate(3) == 56\n    assert candidate(4) == 120\n\ndef test_check():\n    check(square_Sum)\n\ntest_check()\n",
      "timestamp": 1665510375,
      "stdout": "",
      "stderr": "Traceback (most recent call last):\n  File \"/tmp/tmpoooz9o3y.py\", line 16, in <module>\n    test_check()\n  File \"/tmp/tmpoooz9o3y.py\", line 14, in test_check\n    check(square_Sum)\n  File \"/tmp/tmpoooz9o3y.py\", line 9, in check\n    assert candidate(2) == 20\nAssertionError\n",
      "exit_code": 1,
      "status": "Exception"
    },
    {
      "program": "def square_Sum(n: int) -> int:\n    \"\"\"\n\tWrite a python function takes in an integer n and returns the sum of squares of first n even natural numbers.\n\t\"\"\"\n    return sum([i ** 2 for i in range(2, n + 1, 2)])\n\n\ndef check(candidate):\n    assert candidate(2) == 20\n    assert candidate(3) == 56\n    assert candidate(4) == 120\n\ndef test_check():\n    check(square_Sum)\n\ntest_check()\n",
      "timestamp": 1665510375,
      "stdout": "",
      "stderr": "Traceback (most recent call last):\n  File \"/tmp/tmpm0c8dpvv.py\", line 16, in <module>\n    test_check()\n  File \"/tmp/tmpm0c8dpvv.py\", line 14, in test_check\n    check(square_Sum)\n  File \"/tmp/tmpm0c8dpvv.py\", line 9, in check\n    assert candidate(2) == 20\nAssertionError\n",
      "exit_code": 1,
      "status": "Exception"
    },
    {
      "program": "def square_Sum(n: int) -> int:\n    \"\"\"\n\tWrite a python function takes in an integer n and returns the sum of squares of first n even natural numbers.\n\t\"\"\"\n    return sum([i ** 2 for i in range(2, n + 1, 2)])\n\n\ndef check(candidate):\n    assert candidate(2) == 20\n    assert candidate(3) == 56\n    assert candidate(4) == 120\n\ndef test_check():\n    check(square_Sum)\n\ntest_check()\n",
      "timestamp": 1665510375,
      "stdout": "",
      "stderr": "Traceback (most recent call last):\n  File \"/tmp/tmpm0c8dpvv.py\", line 16, in <module>\n    test_check()\n  File \"/tmp/tmpm0c8dpvv.py\", line 14, in test_check\n    check(square_Sum)\n  File \"/tmp/tmpm0c8dpvv.py\", line 9, in check\n    assert candidate(2) == 20\nAssertionError\n",
      "exit_code": 1,
      "status": "Exception"
    },
    {
      "program": "def square_Sum(n: int) -> int:\n    \"\"\"\n\tWrite a python function takes in an integer n and returns the sum of squares of first n even natural numbers.\n\t\"\"\"\n    return sum([i ** 2 for i in range(2, n * 2 + 1, 2)])\n\n\ndef check(candidate):\n    assert candidate(2) == 20\n    assert candidate(3) == 56\n    assert candidate(4) == 120\n\ndef test_check():\n    check(square_Sum)\n\ntest_check()\n",
      "timestamp": 1665510375,
      "stdout": "",
      "stderr": "",
      "exit_code": 0,
      "status": "OK"
    },
    {
      "program": "def square_Sum(n: int) -> int:\n    \"\"\"\n\tWrite a python function takes in an integer n and returns the sum of squares of first n even natural numbers.\n\t\"\"\"\n    return sum(i ** 2 for i in range(2, n + 1, 2))\n\n\ndef check(candidate):\n    assert candidate(2) == 20\n    assert candidate(3) == 56\n    assert candidate(4) == 120\n\ndef test_check():\n    check(square_Sum)\n\ntest_check()\n",
      "timestamp": 1665510375,
      "stdout": "",
      "stderr": "Traceback (most recent call last):\n  File \"/tmp/tmpoooz9o3y.py\", line 16, in <module>\n    test_check()\n  File \"/tmp/tmpoooz9o3y.py\", line 14, in test_check\n    check(square_Sum)\n  File \"/tmp/tmpoooz9o3y.py\", line 9, in check\n    assert candidate(2) == 20\nAssertionError\n",
      "exit_code": 1,
      "status": "Exception"
    },
    {
      "program": "def square_Sum(n: int) -> int:\n    \"\"\"\n\tWrite a python function takes in an integer n and returns the sum of squares of first n even natural numbers.\n\t\"\"\"\n    return sum([i ** 2 for i in range(2, n * 2 + 1, 2)])\n\n\ndef check(candidate):\n    assert candidate(2) == 20\n    assert candidate(3) == 56\n    assert candidate(4) == 120\n\ndef test_check():\n    check(square_Sum)\n\ntest_check()\n",
      "timestamp": 1665510375,
      "stdout": "",
      "stderr": "",
      "exit_code": 0,
      "status": "OK"
    },
    {
      "program": "def square_Sum(n: int) -> int:\n    \"\"\"\n\tWrite a python function takes in an integer n and returns the sum of squares of first n even natural numbers.\n\t\"\"\"\n    return sum([i ** 2 for i in range(2, n * 2 + 1, 2)])\n\n\ndef check(candidate):\n    assert candidate(2) == 20\n    assert candidate(3) == 56\n    assert candidate(4) == 120\n\ndef test_check():\n    check(square_Sum)\n\ntest_check()\n",
      "timestamp": 1665510375,
      "stdout": "",
      "stderr": "",
      "exit_code": 0,
      "status": "OK"
    },
    {
      "program": "def square_Sum(n: int) -> int:\n    \"\"\"\n\tWrite a python function takes in an integer n and returns the sum of squares of first n even natural numbers.\n\t\"\"\"\n    return sum([i ** 2 for i in range(2, 2 * n + 1, 2)])\n\n\ndef check(candidate):\n    assert candidate(2) == 20\n    assert candidate(3) == 56\n    assert candidate(4) == 120\n\ndef test_check():\n    check(square_Sum)\n\ntest_check()\n",
      "timestamp": 1666123551,
      "stdout": "",
      "stderr": "",
      "exit_code": 0,
      "status": "OK"
    },
    {
      "program": "def square_Sum(n: int) -> int:\n    \"\"\"\n\tWrite a python function takes in an integer n and returns the sum of squares of first n even natural numbers.\n\t\"\"\"\n    return sum([i ** 2 for i in range(2, n * 2 + 1, 2)])\n\n\ndef check(candidate):\n    assert candidate(2) == 20\n    assert candidate(3) == 56\n    assert candidate(4) == 120\n\ndef test_check():\n    check(square_Sum)\n\ntest_check()\n",
      "timestamp": 1665510375,
      "stdout": "",
      "stderr": "",
      "exit_code": 0,
      "status": "OK"
    },
    {
      "program": "def square_Sum(n: int) -> int:\n    \"\"\"\n\tWrite a python function takes in an integer n and returns the sum of squares of first n even natural numbers.\n\t\"\"\"\n    return sum(i ** 2 for i in range(2, n + 1, 2))\n\n\ndef check(candidate):\n    assert candidate(2) == 20\n    assert candidate(3) == 56\n    assert candidate(4) == 120\n\ndef test_check():\n    check(square_Sum)\n\ntest_check()\n",
      "timestamp": 1665510375,
      "stdout": "",
      "stderr": "Traceback (most recent call last):\n  File \"/tmp/tmpoooz9o3y.py\", line 16, in <module>\n    test_check()\n  File \"/tmp/tmpoooz9o3y.py\", line 14, in test_check\n    check(square_Sum)\n  File \"/tmp/tmpoooz9o3y.py\", line 9, in check\n    assert candidate(2) == 20\nAssertionError\n",
      "exit_code": 1,
      "status": "Exception"
    },
    {
      "program": "def square_Sum(n: int) -> int:\n    \"\"\"\n\tWrite a python function takes in an integer n and returns the sum of squares of first n even natural numbers.\n\t\"\"\"\n    return sum(i ** 2 for i in range(2, n + 1, 2))\n\n\ndef check(candidate):\n    assert candidate(2) == 20\n    assert candidate(3) == 56\n    assert candidate(4) == 120\n\ndef test_check():\n    check(square_Sum)\n\ntest_check()\n",
      "timestamp": 1665510375,
      "stdout": "",
      "stderr": "Traceback (most recent call last):\n  File \"/tmp/tmpoooz9o3y.py\", line 16, in <module>\n    test_check()\n  File \"/tmp/tmpoooz9o3y.py\", line 14, in test_check\n    check(square_Sum)\n  File \"/tmp/tmpoooz9o3y.py\", line 9, in check\n    assert candidate(2) == 20\nAssertionError\n",
      "exit_code": 1,
      "status": "Exception"
    },
    {
      "program": "def square_Sum(n: int) -> int:\n    \"\"\"\n\tWrite a python function takes in an integer n and returns the sum of squares of first n even natural numbers.\n\t\"\"\"\n    return sum([i ** 2 for i in range(2, n * 2 + 1, 2)])\n\n\ndef check(candidate):\n    assert candidate(2) == 20\n    assert candidate(3) == 56\n    assert candidate(4) == 120\n\ndef test_check():\n    check(square_Sum)\n\ntest_check()\n",
      "timestamp": 1665510375,
      "stdout": "",
      "stderr": "",
      "exit_code": 0,
      "status": "OK"
    },
    {
      "program": "def square_Sum(n: int) -> int:\n    \"\"\"\n\tWrite a python function takes in an integer n and returns the sum of squares of first n even natural numbers.\n\t\"\"\"\n    return sum([i ** 2 for i in range(2, n + 1, 2)])\n\n\ndef check(candidate):\n    assert candidate(2) == 20\n    assert candidate(3) == 56\n    assert candidate(4) == 120\n\ndef test_check():\n    check(square_Sum)\n\ntest_check()\n",
      "timestamp": 1665510375,
      "stdout": "",
      "stderr": "Traceback (most recent call last):\n  File \"/tmp/tmpm0c8dpvv.py\", line 16, in <module>\n    test_check()\n  File \"/tmp/tmpm0c8dpvv.py\", line 14, in test_check\n    check(square_Sum)\n  File \"/tmp/tmpm0c8dpvv.py\", line 9, in check\n    assert candidate(2) == 20\nAssertionError\n",
      "exit_code": 1,
      "status": "Exception"
    },
    {
      "program": "def square_Sum(n: int) -> int:\n    \"\"\"\n\tWrite a python function takes in an integer n and returns the sum of squares of first n even natural numbers.\n\t\"\"\"\n    return sum([i ** 2 for i in range(1, n + 1) if i % 2 == 0])\n\n\ndef check(candidate):\n    assert candidate(2) == 20\n    assert candidate(3) == 56\n    assert candidate(4) == 120\n\ndef test_check():\n    check(square_Sum)\n\ntest_check()\n",
      "timestamp": 1665510375,
      "stdout": "",
      "stderr": "Traceback (most recent call last):\n  File \"/tmp/tmprp3yhhxu.py\", line 16, in <module>\n    test_check()\n  File \"/tmp/tmprp3yhhxu.py\", line 14, in test_check\n    check(square_Sum)\n  File \"/tmp/tmprp3yhhxu.py\", line 9, in check\n    assert candidate(2) == 20\nAssertionError\n",
      "exit_code": 1,
      "status": "Exception"
    },
    {
      "program": "def square_Sum(n: int) -> int:\n    \"\"\"\n\tWrite a python function takes in an integer n and returns the sum of squares of first n even natural numbers.\n\t\"\"\"\n    return sum([i ** 2 for i in range(2, n * 2 + 1, 2)])\n\n\ndef check(candidate):\n    assert candidate(2) == 20\n    assert candidate(3) == 56\n    assert candidate(4) == 120\n\ndef test_check():\n    check(square_Sum)\n\ntest_check()\n",
      "timestamp": 1665510375,
      "stdout": "",
      "stderr": "",
      "exit_code": 0,
      "status": "OK"
    },
    {
      "program": "def square_Sum(n: int) -> int:\n    \"\"\"\n\tWrite a python function takes in an integer n and returns the sum of squares of first n even natural numbers.\n\t\"\"\"\n    return sum(i ** 2 for i in range(2, n + 1, 2))\n\n\ndef check(candidate):\n    assert candidate(2) == 20\n    assert candidate(3) == 56\n    assert candidate(4) == 120\n\ndef test_check():\n    check(square_Sum)\n\ntest_check()\n",
      "timestamp": 1665510375,
      "stdout": "",
      "stderr": "Traceback (most recent call last):\n  File \"/tmp/tmpoooz9o3y.py\", line 16, in <module>\n    test_check()\n  File \"/tmp/tmpoooz9o3y.py\", line 14, in test_check\n    check(square_Sum)\n  File \"/tmp/tmpoooz9o3y.py\", line 9, in check\n    assert candidate(2) == 20\nAssertionError\n",
      "exit_code": 1,
      "status": "Exception"
    },
    {
      "program": "def square_Sum(n: int) -> int:\n    \"\"\"\n\tWrite a python function takes in an integer n and returns the sum of squares of first n even natural numbers.\n\t\"\"\"\n    return sum(i ** 2 for i in range(2, n * 2 + 1, 2))\n\n\ndef check(candidate):\n    assert candidate(2) == 20\n    assert candidate(3) == 56\n    assert candidate(4) == 120\n\ndef test_check():\n    check(square_Sum)\n\ntest_check()\n",
      "timestamp": 1666123551,
      "stdout": "",
      "stderr": "",
      "exit_code": 0,
      "status": "OK"
    },
    {
      "program": "def square_Sum(n: int) -> int:\n    \"\"\"\n\tWrite a python function takes in an integer n and returns the sum of squares of first n even natural numbers.\n\t\"\"\"\n    return sum(i ** 2 for i in range(2, n + 1, 2))\n\n\ndef check(candidate):\n    assert candidate(2) == 20\n    assert candidate(3) == 56\n    assert candidate(4) == 120\n\ndef test_check():\n    check(square_Sum)\n\ntest_check()\n",
      "timestamp": 1665510375,
      "stdout": "",
      "stderr": "Traceback (most recent call last):\n  File \"/tmp/tmpoooz9o3y.py\", line 16, in <module>\n    test_check()\n  File \"/tmp/tmpoooz9o3y.py\", line 14, in test_check\n    check(square_Sum)\n  File \"/tmp/tmpoooz9o3y.py\", line 9, in check\n    assert candidate(2) == 20\nAssertionError\n",
      "exit_code": 1,
      "status": "Exception"
    },
    {
      "program": "def square_Sum(n: int) -> int:\n    \"\"\"\n\tWrite a python function takes in an integer n and returns the sum of squares of first n even natural numbers.\n\t\"\"\"\n    return sum(i ** 2 for i in range(2, n + 1, 2))\n\n\ndef check(candidate):\n    assert candidate(2) == 20\n    assert candidate(3) == 56\n    assert candidate(4) == 120\n\ndef test_check():\n    check(square_Sum)\n\ntest_check()\n",
      "timestamp": 1665510375,
      "stdout": "",
      "stderr": "Traceback (most recent call last):\n  File \"/tmp/tmpoooz9o3y.py\", line 16, in <module>\n    test_check()\n  File \"/tmp/tmpoooz9o3y.py\", line 14, in test_check\n    check(square_Sum)\n  File \"/tmp/tmpoooz9o3y.py\", line 9, in check\n    assert candidate(2) == 20\nAssertionError\n",
      "exit_code": 1,
      "status": "Exception"
    },
    {
      "program": "def square_Sum(n: int) -> int:\n    \"\"\"\n\tWrite a python function takes in an integer n and returns the sum of squares of first n even natural numbers.\n\t\"\"\"\n    if n <= 0:\n        return 0\n    else:\n        return n ** 2 + square_Sum(n - 1)\n\n\ndef check(candidate):\n    assert candidate(2) == 20\n    assert candidate(3) == 56\n    assert candidate(4) == 120\n\ndef test_check():\n    check(square_Sum)\n\ntest_check()\n",
      "timestamp": 1666123551,
      "stdout": "",
      "stderr": "Traceback (most recent call last):\n  File \"/tmp/tmpillstev7.py\", line 19, in <module>\n    test_check()\n  File \"/tmp/tmpillstev7.py\", line 17, in test_check\n    check(square_Sum)\n  File \"/tmp/tmpillstev7.py\", line 12, in check\n    assert candidate(2) == 20\nAssertionError\n",
      "exit_code": 1,
      "status": "Exception"
    },
    {
      "program": "def square_Sum(n: int) -> int:\n    \"\"\"\n\tWrite a python function takes in an integer n and returns the sum of squares of first n even natural numbers.\n\t\"\"\"\n    return sum([i ** 2 for i in range(2, n * 2 + 1, 2)])\n\n\ndef check(candidate):\n    assert candidate(2) == 20\n    assert candidate(3) == 56\n    assert candidate(4) == 120\n\ndef test_check():\n    check(square_Sum)\n\ntest_check()\n",
      "timestamp": 1665510375,
      "stdout": "",
      "stderr": "",
      "exit_code": 0,
      "status": "OK"
    },
    {
      "program": "def square_Sum(n: int) -> int:\n    \"\"\"\n\tWrite a python function takes in an integer n and returns the sum of squares of first n even natural numbers.\n\t\"\"\"\n    return sum(i ** 2 for i in range(2, n + 1, 2))\n\n\ndef check(candidate):\n    assert candidate(2) == 20\n    assert candidate(3) == 56\n    assert candidate(4) == 120\n\ndef test_check():\n    check(square_Sum)\n\ntest_check()\n",
      "timestamp": 1665510375,
      "stdout": "",
      "stderr": "Traceback (most recent call last):\n  File \"/tmp/tmpoooz9o3y.py\", line 16, in <module>\n    test_check()\n  File \"/tmp/tmpoooz9o3y.py\", line 14, in test_check\n    check(square_Sum)\n  File \"/tmp/tmpoooz9o3y.py\", line 9, in check\n    assert candidate(2) == 20\nAssertionError\n",
      "exit_code": 1,
      "status": "Exception"
    },
    {
      "program": "def square_Sum(n: int) -> int:\n    \"\"\"\n\tWrite a python function takes in an integer n and returns the sum of squares of first n even natural numbers.\n\t\"\"\"\n    if n <= 0:\n        return 0\n    return n ** 2 + square_Sum(n - 1)\n\n\ndef check(candidate):\n    assert candidate(2) == 20\n    assert candidate(3) == 56\n    assert candidate(4) == 120\n\ndef test_check():\n    check(square_Sum)\n\ntest_check()\n",
      "timestamp": 1666123551,
      "stdout": "",
      "stderr": "Traceback (most recent call last):\n  File \"/tmp/tmp5v9t48mb.py\", line 18, in <module>\n    test_check()\n  File \"/tmp/tmp5v9t48mb.py\", line 16, in test_check\n    check(square_Sum)\n  File \"/tmp/tmp5v9t48mb.py\", line 11, in check\n    assert candidate(2) == 20\nAssertionError\n",
      "exit_code": 1,
      "status": "Exception"
    },
    {
      "program": "def square_Sum(n: int) -> int:\n    \"\"\"\n\tWrite a python function takes in an integer n and returns the sum of squares of first n even natural numbers.\n\t\"\"\"\n    return sum(i ** 2 for i in range(2, n + 1, 2))\n\n\ndef check(candidate):\n    assert candidate(2) == 20\n    assert candidate(3) == 56\n    assert candidate(4) == 120\n\ndef test_check():\n    check(square_Sum)\n\ntest_check()\n",
      "timestamp": 1665510375,
      "stdout": "",
      "stderr": "Traceback (most recent call last):\n  File \"/tmp/tmpoooz9o3y.py\", line 16, in <module>\n    test_check()\n  File \"/tmp/tmpoooz9o3y.py\", line 14, in test_check\n    check(square_Sum)\n  File \"/tmp/tmpoooz9o3y.py\", line 9, in check\n    assert candidate(2) == 20\nAssertionError\n",
      "exit_code": 1,
      "status": "Exception"
    },
    {
      "program": "def square_Sum(n: int) -> int:\n    \"\"\"\n\tWrite a python function takes in an integer n and returns the sum of squares of first n even natural numbers.\n\t\"\"\"\n    return sum([i ** 2 for i in range(2, n + 1, 2)])\n\n\ndef check(candidate):\n    assert candidate(2) == 20\n    assert candidate(3) == 56\n    assert candidate(4) == 120\n\ndef test_check():\n    check(square_Sum)\n\ntest_check()\n",
      "timestamp": 1665510375,
      "stdout": "",
      "stderr": "Traceback (most recent call last):\n  File \"/tmp/tmpm0c8dpvv.py\", line 16, in <module>\n    test_check()\n  File \"/tmp/tmpm0c8dpvv.py\", line 14, in test_check\n    check(square_Sum)\n  File \"/tmp/tmpm0c8dpvv.py\", line 9, in check\n    assert candidate(2) == 20\nAssertionError\n",
      "exit_code": 1,
      "status": "Exception"
    },
    {
      "program": "def square_Sum(n: int) -> int:\n    \"\"\"\n\tWrite a python function takes in an integer n and returns the sum of squares of first n even natural numbers.\n\t\"\"\"\n    return sum(i ** 2 for i in range(2, n + 1, 2))\n\n\ndef check(candidate):\n    assert candidate(2) == 20\n    assert candidate(3) == 56\n    assert candidate(4) == 120\n\ndef test_check():\n    check(square_Sum)\n\ntest_check()\n",
      "timestamp": 1665510375,
      "stdout": "",
      "stderr": "Traceback (most recent call last):\n  File \"/tmp/tmpoooz9o3y.py\", line 16, in <module>\n    test_check()\n  File \"/tmp/tmpoooz9o3y.py\", line 14, in test_check\n    check(square_Sum)\n  File \"/tmp/tmpoooz9o3y.py\", line 9, in check\n    assert candidate(2) == 20\nAssertionError\n",
      "exit_code": 1,
      "status": "Exception"
    },
    {
      "program": "def square_Sum(n: int) -> int:\n    \"\"\"\n\tWrite a python function takes in an integer n and returns the sum of squares of first n even natural numbers.\n\t\"\"\"\n    return sum([i ** 2 for i in range(2, n + 1, 2)])\n\n\ndef check(candidate):\n    assert candidate(2) == 20\n    assert candidate(3) == 56\n    assert candidate(4) == 120\n\ndef test_check():\n    check(square_Sum)\n\ntest_check()\n",
      "timestamp": 1665510375,
      "stdout": "",
      "stderr": "Traceback (most recent call last):\n  File \"/tmp/tmpm0c8dpvv.py\", line 16, in <module>\n    test_check()\n  File \"/tmp/tmpm0c8dpvv.py\", line 14, in test_check\n    check(square_Sum)\n  File \"/tmp/tmpm0c8dpvv.py\", line 9, in check\n    assert candidate(2) == 20\nAssertionError\n",
      "exit_code": 1,
      "status": "Exception"
    },
    {
      "program": "def square_Sum(n: int) -> int:\n    \"\"\"\n\tWrite a python function takes in an integer n and returns the sum of squares of first n even natural numbers.\n\t\"\"\"\n    return sum(map(lambda x: x ** 2, range(2, n + 1, 2)))\n\n\ndef check(candidate):\n    assert candidate(2) == 20\n    assert candidate(3) == 56\n    assert candidate(4) == 120\n\ndef test_check():\n    check(square_Sum)\n\ntest_check()\n",
      "timestamp": 1665510375,
      "stdout": "",
      "stderr": "Traceback (most recent call last):\n  File \"/tmp/tmpr615j00w.py\", line 16, in <module>\n    test_check()\n  File \"/tmp/tmpr615j00w.py\", line 14, in test_check\n    check(square_Sum)\n  File \"/tmp/tmpr615j00w.py\", line 9, in check\n    assert candidate(2) == 20\nAssertionError\n",
      "exit_code": 1,
      "status": "Exception"
    },
    {
      "program": "def square_Sum(n: int) -> int:\n    \"\"\"\n\tWrite a python function takes in an integer n and returns the sum of squares of first n even natural numbers.\n\t\"\"\"\n    return sum([i ** 2 for i in range(2, n * 2 + 1, 2)])\n\n\ndef check(candidate):\n    assert candidate(2) == 20\n    assert candidate(3) == 56\n    assert candidate(4) == 120\n\ndef test_check():\n    check(square_Sum)\n\ntest_check()\n",
      "timestamp": 1665510375,
      "stdout": "",
      "stderr": "",
      "exit_code": 0,
      "status": "OK"
    },
    {
      "program": "def square_Sum(n: int) -> int:\n    \"\"\"\n\tWrite a python function takes in an integer n and returns the sum of squares of first n even natural numbers.\n\t\"\"\"\n    return sum(i ** 2 for i in range(2, n + 1, 2))\n\n\ndef check(candidate):\n    assert candidate(2) == 20\n    assert candidate(3) == 56\n    assert candidate(4) == 120\n\ndef test_check():\n    check(square_Sum)\n\ntest_check()\n",
      "timestamp": 1665510375,
      "stdout": "",
      "stderr": "Traceback (most recent call last):\n  File \"/tmp/tmpoooz9o3y.py\", line 16, in <module>\n    test_check()\n  File \"/tmp/tmpoooz9o3y.py\", line 14, in test_check\n    check(square_Sum)\n  File \"/tmp/tmpoooz9o3y.py\", line 9, in check\n    assert candidate(2) == 20\nAssertionError\n",
      "exit_code": 1,
      "status": "Exception"
    },
    {
      "program": "def square_Sum(n: int) -> int:\n    \"\"\"\n\tWrite a python function takes in an integer n and returns the sum of squares of first n even natural numbers.\n\t\"\"\"\n    return sum([i ** 2 for i in range(2, n * 2 + 1, 2)])\n\n\ndef check(candidate):\n    assert candidate(2) == 20\n    assert candidate(3) == 56\n    assert candidate(4) == 120\n\ndef test_check():\n    check(square_Sum)\n\ntest_check()\n",
      "timestamp": 1665510375,
      "stdout": "",
      "stderr": "",
      "exit_code": 0,
      "status": "OK"
    },
    {
      "program": "def square_Sum(n: int) -> int:\n    \"\"\"\n\tWrite a python function takes in an integer n and returns the sum of squares of first n even natural numbers.\n\t\"\"\"\n    if n <= 0:\n        return 0\n    else:\n        return (2 * n - 1) ** 2 + square_Sum(n - 1)\n\n\ndef check(candidate):\n    assert candidate(2) == 20\n    assert candidate(3) == 56\n    assert candidate(4) == 120\n\ndef test_check():\n    check(square_Sum)\n\ntest_check()\n",
      "timestamp": 1666123552,
      "stdout": "",
      "stderr": "Traceback (most recent call last):\n  File \"/tmp/tmpqjo_2m6q.py\", line 19, in <module>\n    test_check()\n  File \"/tmp/tmpqjo_2m6q.py\", line 17, in test_check\n    check(square_Sum)\n  File \"/tmp/tmpqjo_2m6q.py\", line 12, in check\n    assert candidate(2) == 20\nAssertionError\n",
      "exit_code": 1,
      "status": "Exception"
    },
    {
      "program": "def square_Sum(n: int) -> int:\n    \"\"\"\n\tWrite a python function takes in an integer n and returns the sum of squares of first n even natural numbers.\n\t\"\"\"\n    if n <= 0:\n        return 0\n    return n ** 2 + square_Sum(n - 1)\n\n\ndef check(candidate):\n    assert candidate(2) == 20\n    assert candidate(3) == 56\n    assert candidate(4) == 120\n\ndef test_check():\n    check(square_Sum)\n\ntest_check()\n",
      "timestamp": 1666123551,
      "stdout": "",
      "stderr": "Traceback (most recent call last):\n  File \"/tmp/tmp5v9t48mb.py\", line 18, in <module>\n    test_check()\n  File \"/tmp/tmp5v9t48mb.py\", line 16, in test_check\n    check(square_Sum)\n  File \"/tmp/tmp5v9t48mb.py\", line 11, in check\n    assert candidate(2) == 20\nAssertionError\n",
      "exit_code": 1,
      "status": "Exception"
    },
    {
      "program": "def square_Sum(n: int) -> int:\n    \"\"\"\n\tWrite a python function takes in an integer n and returns the sum of squares of first n even natural numbers.\n\t\"\"\"\n    return sum([i ** 2 for i in range(2, n * 2 + 1, 2)])\n\n\ndef check(candidate):\n    assert candidate(2) == 20\n    assert candidate(3) == 56\n    assert candidate(4) == 120\n\ndef test_check():\n    check(square_Sum)\n\ntest_check()\n",
      "timestamp": 1665510375,
      "stdout": "",
      "stderr": "",
      "exit_code": 0,
      "status": "OK"
    },
    {
      "program": "def square_Sum(n: int) -> int:\n    \"\"\"\n\tWrite a python function takes in an integer n and returns the sum of squares of first n even natural numbers.\n\t\"\"\"\n    return sum(i ** 2 for i in range(2, n + 1, 2))\n\n\ndef check(candidate):\n    assert candidate(2) == 20\n    assert candidate(3) == 56\n    assert candidate(4) == 120\n\ndef test_check():\n    check(square_Sum)\n\ntest_check()\n",
      "timestamp": 1665510375,
      "stdout": "",
      "stderr": "Traceback (most recent call last):\n  File \"/tmp/tmpoooz9o3y.py\", line 16, in <module>\n    test_check()\n  File \"/tmp/tmpoooz9o3y.py\", line 14, in test_check\n    check(square_Sum)\n  File \"/tmp/tmpoooz9o3y.py\", line 9, in check\n    assert candidate(2) == 20\nAssertionError\n",
      "exit_code": 1,
      "status": "Exception"
    },
    {
      "program": "def square_Sum(n: int) -> int:\n    \"\"\"\n\tWrite a python function takes in an integer n and returns the sum of squares of first n even natural numbers.\n\t\"\"\"\n    return sum([i ** 2 for i in range(2, n * 2 + 1, 2)])\n\n\ndef check(candidate):\n    assert candidate(2) == 20\n    assert candidate(3) == 56\n    assert candidate(4) == 120\n\ndef test_check():\n    check(square_Sum)\n\ntest_check()\n",
      "timestamp": 1665510375,
      "stdout": "",
      "stderr": "",
      "exit_code": 0,
      "status": "OK"
    },
    {
      "program": "def square_Sum(n: int) -> int:\n    \"\"\"\n\tWrite a python function takes in an integer n and returns the sum of squares of first n even natural numbers.\n\t\"\"\"\n    return sum([i * i for i in range(2, n * 2 + 1, 2)])\n\n\ndef check(candidate):\n    assert candidate(2) == 20\n    assert candidate(3) == 56\n    assert candidate(4) == 120\n\ndef test_check():\n    check(square_Sum)\n\ntest_check()\n",
      "timestamp": 1665510375,
      "stdout": "",
      "stderr": "",
      "exit_code": 0,
      "status": "OK"
    },
    {
      "program": "def square_Sum(n: int) -> int:\n    \"\"\"\n\tWrite a python function takes in an integer n and returns the sum of squares of first n even natural numbers.\n\t\"\"\"\n    return sum([i ** 2 for i in range(2, n + 1, 2)])\n\n\ndef check(candidate):\n    assert candidate(2) == 20\n    assert candidate(3) == 56\n    assert candidate(4) == 120\n\ndef test_check():\n    check(square_Sum)\n\ntest_check()\n",
      "timestamp": 1665510375,
      "stdout": "",
      "stderr": "Traceback (most recent call last):\n  File \"/tmp/tmpm0c8dpvv.py\", line 16, in <module>\n    test_check()\n  File \"/tmp/tmpm0c8dpvv.py\", line 14, in test_check\n    check(square_Sum)\n  File \"/tmp/tmpm0c8dpvv.py\", line 9, in check\n    assert candidate(2) == 20\nAssertionError\n",
      "exit_code": 1,
      "status": "Exception"
    },
    {
      "program": "def square_Sum(n: int) -> int:\n    \"\"\"\n\tWrite a python function takes in an integer n and returns the sum of squares of first n even natural numbers.\n\t\"\"\"\n    return sum(i ** 2 for i in range(2, n + 1, 2))\n\n\ndef check(candidate):\n    assert candidate(2) == 20\n    assert candidate(3) == 56\n    assert candidate(4) == 120\n\ndef test_check():\n    check(square_Sum)\n\ntest_check()\n",
      "timestamp": 1665510375,
      "stdout": "",
      "stderr": "Traceback (most recent call last):\n  File \"/tmp/tmpoooz9o3y.py\", line 16, in <module>\n    test_check()\n  File \"/tmp/tmpoooz9o3y.py\", line 14, in test_check\n    check(square_Sum)\n  File \"/tmp/tmpoooz9o3y.py\", line 9, in check\n    assert candidate(2) == 20\nAssertionError\n",
      "exit_code": 1,
      "status": "Exception"
    },
    {
      "program": "def square_Sum(n: int) -> int:\n    \"\"\"\n\tWrite a python function takes in an integer n and returns the sum of squares of first n even natural numbers.\n\t\"\"\"\n    return sum(i ** 2 for i in range(2, n + 1, 2))\n\n\ndef check(candidate):\n    assert candidate(2) == 20\n    assert candidate(3) == 56\n    assert candidate(4) == 120\n\ndef test_check():\n    check(square_Sum)\n\ntest_check()\n",
      "timestamp": 1665510375,
      "stdout": "",
      "stderr": "Traceback (most recent call last):\n  File \"/tmp/tmpoooz9o3y.py\", line 16, in <module>\n    test_check()\n  File \"/tmp/tmpoooz9o3y.py\", line 14, in test_check\n    check(square_Sum)\n  File \"/tmp/tmpoooz9o3y.py\", line 9, in check\n    assert candidate(2) == 20\nAssertionError\n",
      "exit_code": 1,
      "status": "Exception"
    },
    {
      "program": "def square_Sum(n: int) -> int:\n    \"\"\"\n\tWrite a python function takes in an integer n and returns the sum of squares of first n even natural numbers.\n\t\"\"\"\n    return sum(i ** 2 for i in range(2, n + 1, 2))\n\n\ndef check(candidate):\n    assert candidate(2) == 20\n    assert candidate(3) == 56\n    assert candidate(4) == 120\n\ndef test_check():\n    check(square_Sum)\n\ntest_check()\n",
      "timestamp": 1665510375,
      "stdout": "",
      "stderr": "Traceback (most recent call last):\n  File \"/tmp/tmpoooz9o3y.py\", line 16, in <module>\n    test_check()\n  File \"/tmp/tmpoooz9o3y.py\", line 14, in test_check\n    check(square_Sum)\n  File \"/tmp/tmpoooz9o3y.py\", line 9, in check\n    assert candidate(2) == 20\nAssertionError\n",
      "exit_code": 1,
      "status": "Exception"
    },
    {
      "program": "def square_Sum(n: int) -> int:\n    \"\"\"\n\tWrite a python function takes in an integer n and returns the sum of squares of first n even natural numbers.\n\t\"\"\"\n    return sum([i ** 2 for i in range(2, n + 1, 2)])\n\n\ndef check(candidate):\n    assert candidate(2) == 20\n    assert candidate(3) == 56\n    assert candidate(4) == 120\n\ndef test_check():\n    check(square_Sum)\n\ntest_check()\n",
      "timestamp": 1665510375,
      "stdout": "",
      "stderr": "Traceback (most recent call last):\n  File \"/tmp/tmpm0c8dpvv.py\", line 16, in <module>\n    test_check()\n  File \"/tmp/tmpm0c8dpvv.py\", line 14, in test_check\n    check(square_Sum)\n  File \"/tmp/tmpm0c8dpvv.py\", line 9, in check\n    assert candidate(2) == 20\nAssertionError\n",
      "exit_code": 1,
      "status": "Exception"
    },
    {
      "program": "def square_Sum(n: int) -> int:\n    \"\"\"\n\tWrite a python function takes in an integer n and returns the sum of squares of first n even natural numbers.\n\t\"\"\"\n    return sum(map(lambda x: x ** 2, range(2, n + 1, 2)))\n\n\ndef check(candidate):\n    assert candidate(2) == 20\n    assert candidate(3) == 56\n    assert candidate(4) == 120\n\ndef test_check():\n    check(square_Sum)\n\ntest_check()\n",
      "timestamp": 1665510375,
      "stdout": "",
      "stderr": "Traceback (most recent call last):\n  File \"/tmp/tmpr615j00w.py\", line 16, in <module>\n    test_check()\n  File \"/tmp/tmpr615j00w.py\", line 14, in test_check\n    check(square_Sum)\n  File \"/tmp/tmpr615j00w.py\", line 9, in check\n    assert candidate(2) == 20\nAssertionError\n",
      "exit_code": 1,
      "status": "Exception"
    },
    {
      "program": "def square_Sum(n: int) -> int:\n    \"\"\"\n\tWrite a python function takes in an integer n and returns the sum of squares of first n even natural numbers.\n\t\"\"\"\n    return sum(i ** 2 for i in range(2, n + 1, 2))\n\n\ndef check(candidate):\n    assert candidate(2) == 20\n    assert candidate(3) == 56\n    assert candidate(4) == 120\n\ndef test_check():\n    check(square_Sum)\n\ntest_check()\n",
      "timestamp": 1665510375,
      "stdout": "",
      "stderr": "Traceback (most recent call last):\n  File \"/tmp/tmpoooz9o3y.py\", line 16, in <module>\n    test_check()\n  File \"/tmp/tmpoooz9o3y.py\", line 14, in test_check\n    check(square_Sum)\n  File \"/tmp/tmpoooz9o3y.py\", line 9, in check\n    assert candidate(2) == 20\nAssertionError\n",
      "exit_code": 1,
      "status": "Exception"
    },
    {
      "program": "def square_Sum(n: int) -> int:\n    \"\"\"\n\tWrite a python function takes in an integer n and returns the sum of squares of first n even natural numbers.\n\t\"\"\"\n    return sum([i ** 2 for i in range(2, n * 2 + 1, 2)])\n\n\ndef check(candidate):\n    assert candidate(2) == 20\n    assert candidate(3) == 56\n    assert candidate(4) == 120\n\ndef test_check():\n    check(square_Sum)\n\ntest_check()\n",
      "timestamp": 1665510375,
      "stdout": "",
      "stderr": "",
      "exit_code": 0,
      "status": "OK"
    },
    {
      "program": "def square_Sum(n: int) -> int:\n    \"\"\"\n\tWrite a python function takes in an integer n and returns the sum of squares of first n even natural numbers.\n\t\"\"\"\n    return sum([i**2 for i in range(2, n+1, 2)])\n\n\ndef check(candidate):\n    assert candidate(2) == 20\n    assert candidate(3) == 56\n    assert candidate(4) == 120\n\ndef test_check():\n    check(square_Sum)\n\ntest_check()\n",
      "timestamp": 1666123551,
      "stdout": "",
      "stderr": "Traceback (most recent call last):\n  File \"/tmp/tmpo2lqnhod.py\", line 16, in <module>\n    test_check()\n  File \"/tmp/tmpo2lqnhod.py\", line 14, in test_check\n    check(square_Sum)\n  File \"/tmp/tmpo2lqnhod.py\", line 9, in check\n    assert candidate(2) == 20\nAssertionError\n",
      "exit_code": 1,
      "status": "Exception"
    },
    {
      "program": "def square_Sum(n: int) -> int:\n    \"\"\"\n\tWrite a python function takes in an integer n and returns the sum of squares of first n even natural numbers.\n\t\"\"\"\n    return sum(i ** 2 for i in range(2, n + 1, 2))\n\n\ndef check(candidate):\n    assert candidate(2) == 20\n    assert candidate(3) == 56\n    assert candidate(4) == 120\n\ndef test_check():\n    check(square_Sum)\n\ntest_check()\n",
      "timestamp": 1665510375,
      "stdout": "",
      "stderr": "Traceback (most recent call last):\n  File \"/tmp/tmpoooz9o3y.py\", line 16, in <module>\n    test_check()\n  File \"/tmp/tmpoooz9o3y.py\", line 14, in test_check\n    check(square_Sum)\n  File \"/tmp/tmpoooz9o3y.py\", line 9, in check\n    assert candidate(2) == 20\nAssertionError\n",
      "exit_code": 1,
      "status": "Exception"
    },
    {
      "program": "def square_Sum(n: int) -> int:\n    \"\"\"\n\tWrite a python function takes in an integer n and returns the sum of squares of first n even natural numbers.\n\t\"\"\"\n    return sum([i ** 2 for i in range(2, n + 1, 2)])\n\n\ndef check(candidate):\n    assert candidate(2) == 20\n    assert candidate(3) == 56\n    assert candidate(4) == 120\n\ndef test_check():\n    check(square_Sum)\n\ntest_check()\n",
      "timestamp": 1665510375,
      "stdout": "",
      "stderr": "Traceback (most recent call last):\n  File \"/tmp/tmpm0c8dpvv.py\", line 16, in <module>\n    test_check()\n  File \"/tmp/tmpm0c8dpvv.py\", line 14, in test_check\n    check(square_Sum)\n  File \"/tmp/tmpm0c8dpvv.py\", line 9, in check\n    assert candidate(2) == 20\nAssertionError\n",
      "exit_code": 1,
      "status": "Exception"
    },
    {
      "program": "def square_Sum(n: int) -> int:\n    \"\"\"\n\tWrite a python function takes in an integer n and returns the sum of squares of first n even natural numbers.\n\t\"\"\"\n    return sum([i ** 2 for i in range(2, n * 2 + 1, 2)])\n\n\ndef check(candidate):\n    assert candidate(2) == 20\n    assert candidate(3) == 56\n    assert candidate(4) == 120\n\ndef test_check():\n    check(square_Sum)\n\ntest_check()\n",
      "timestamp": 1665510375,
      "stdout": "",
      "stderr": "",
      "exit_code": 0,
      "status": "OK"
    },
    {
      "program": "def square_Sum(n: int) -> int:\n    \"\"\"\n\tWrite a python function takes in an integer n and returns the sum of squares of first n even natural numbers.\n\t\"\"\"\n    return sum([i * i for i in range(2, n * 2 + 1, 2)])\n\n\ndef check(candidate):\n    assert candidate(2) == 20\n    assert candidate(3) == 56\n    assert candidate(4) == 120\n\ndef test_check():\n    check(square_Sum)\n\ntest_check()\n",
      "timestamp": 1665510375,
      "stdout": "",
      "stderr": "",
      "exit_code": 0,
      "status": "OK"
    },
    {
      "program": "def square_Sum(n: int) -> int:\n    \"\"\"\n\tWrite a python function takes in an integer n and returns the sum of squares of first n even natural numbers.\n\t\"\"\"\n    return sum([i ** 2 for i in range(2, n + 1, 2)])\n\n\ndef check(candidate):\n    assert candidate(2) == 20\n    assert candidate(3) == 56\n    assert candidate(4) == 120\n\ndef test_check():\n    check(square_Sum)\n\ntest_check()\n",
      "timestamp": 1665510375,
      "stdout": "",
      "stderr": "Traceback (most recent call last):\n  File \"/tmp/tmpm0c8dpvv.py\", line 16, in <module>\n    test_check()\n  File \"/tmp/tmpm0c8dpvv.py\", line 14, in test_check\n    check(square_Sum)\n  File \"/tmp/tmpm0c8dpvv.py\", line 9, in check\n    assert candidate(2) == 20\nAssertionError\n",
      "exit_code": 1,
      "status": "Exception"
    },
    {
      "program": "def square_Sum(n: int) -> int:\n    \"\"\"\n\tWrite a python function takes in an integer n and returns the sum of squares of first n even natural numbers.\n\t\"\"\"\n    return sum(i ** 2 for i in range(2, n + 1, 2))\n\n\ndef check(candidate):\n    assert candidate(2) == 20\n    assert candidate(3) == 56\n    assert candidate(4) == 120\n\ndef test_check():\n    check(square_Sum)\n\ntest_check()\n",
      "timestamp": 1665510375,
      "stdout": "",
      "stderr": "Traceback (most recent call last):\n  File \"/tmp/tmpoooz9o3y.py\", line 16, in <module>\n    test_check()\n  File \"/tmp/tmpoooz9o3y.py\", line 14, in test_check\n    check(square_Sum)\n  File \"/tmp/tmpoooz9o3y.py\", line 9, in check\n    assert candidate(2) == 20\nAssertionError\n",
      "exit_code": 1,
      "status": "Exception"
    },
    {
      "program": "def square_Sum(n: int) -> int:\n    \"\"\"\n\tWrite a python function takes in an integer n and returns the sum of squares of first n even natural numbers.\n\t\"\"\"\n    return sum(i ** 2 for i in range(2, n + 1, 2))\n\n\ndef check(candidate):\n    assert candidate(2) == 20\n    assert candidate(3) == 56\n    assert candidate(4) == 120\n\ndef test_check():\n    check(square_Sum)\n\ntest_check()\n",
      "timestamp": 1665510375,
      "stdout": "",
      "stderr": "Traceback (most recent call last):\n  File \"/tmp/tmpoooz9o3y.py\", line 16, in <module>\n    test_check()\n  File \"/tmp/tmpoooz9o3y.py\", line 14, in test_check\n    check(square_Sum)\n  File \"/tmp/tmpoooz9o3y.py\", line 9, in check\n    assert candidate(2) == 20\nAssertionError\n",
      "exit_code": 1,
      "status": "Exception"
    },
    {
      "program": "def square_Sum(n: int) -> int:\n    \"\"\"\n\tWrite a python function takes in an integer n and returns the sum of squares of first n even natural numbers.\n\t\"\"\"\n    return sum([i ** 2 for i in range(2, n * 2 + 1, 2)])\n\n\ndef check(candidate):\n    assert candidate(2) == 20\n    assert candidate(3) == 56\n    assert candidate(4) == 120\n\ndef test_check():\n    check(square_Sum)\n\ntest_check()\n",
      "timestamp": 1665510375,
      "stdout": "",
      "stderr": "",
      "exit_code": 0,
      "status": "OK"
    },
    {
      "program": "def square_Sum(n: int) -> int:\n    \"\"\"\n\tWrite a python function takes in an integer n and returns the sum of squares of first n even natural numbers.\n\t\"\"\"\n    return sum([i ** 2 for i in range(2, n + 1, 2)])\n\n\ndef check(candidate):\n    assert candidate(2) == 20\n    assert candidate(3) == 56\n    assert candidate(4) == 120\n\ndef test_check():\n    check(square_Sum)\n\ntest_check()\n",
      "timestamp": 1665510375,
      "stdout": "",
      "stderr": "Traceback (most recent call last):\n  File \"/tmp/tmpm0c8dpvv.py\", line 16, in <module>\n    test_check()\n  File \"/tmp/tmpm0c8dpvv.py\", line 14, in test_check\n    check(square_Sum)\n  File \"/tmp/tmpm0c8dpvv.py\", line 9, in check\n    assert candidate(2) == 20\nAssertionError\n",
      "exit_code": 1,
      "status": "Exception"
    },
    {
      "program": "def square_Sum(n: int) -> int:\n    \"\"\"\n\tWrite a python function takes in an integer n and returns the sum of squares of first n even natural numbers.\n\t\"\"\"\n    return sum([i ** 2 for i in range(2, n + 1, 2)])\n\n\ndef check(candidate):\n    assert candidate(2) == 20\n    assert candidate(3) == 56\n    assert candidate(4) == 120\n\ndef test_check():\n    check(square_Sum)\n\ntest_check()\n",
      "timestamp": 1665510375,
      "stdout": "",
      "stderr": "Traceback (most recent call last):\n  File \"/tmp/tmpm0c8dpvv.py\", line 16, in <module>\n    test_check()\n  File \"/tmp/tmpm0c8dpvv.py\", line 14, in test_check\n    check(square_Sum)\n  File \"/tmp/tmpm0c8dpvv.py\", line 9, in check\n    assert candidate(2) == 20\nAssertionError\n",
      "exit_code": 1,
      "status": "Exception"
    },
    {
      "program": "def square_Sum(n: int) -> int:\n    \"\"\"\n\tWrite a python function takes in an integer n and returns the sum of squares of first n even natural numbers.\n\t\"\"\"\n    return sum([i**2 for i in range(2, n+1, 2)])\n\n\ndef check(candidate):\n    assert candidate(2) == 20\n    assert candidate(3) == 56\n    assert candidate(4) == 120\n\ndef test_check():\n    check(square_Sum)\n\ntest_check()\n",
      "timestamp": 1666123551,
      "stdout": "",
      "stderr": "Traceback (most recent call last):\n  File \"/tmp/tmpo2lqnhod.py\", line 16, in <module>\n    test_check()\n  File \"/tmp/tmpo2lqnhod.py\", line 14, in test_check\n    check(square_Sum)\n  File \"/tmp/tmpo2lqnhod.py\", line 9, in check\n    assert candidate(2) == 20\nAssertionError\n",
      "exit_code": 1,
      "status": "Exception"
    },
    {
      "program": "def square_Sum(n: int) -> int:\n    \"\"\"\n\tWrite a python function takes in an integer n and returns the sum of squares of first n even natural numbers.\n\t\"\"\"\n    return sum([i ** 2 for i in range(1, n + 1) if i % 2 == 0])\n\n\ndef check(candidate):\n    assert candidate(2) == 20\n    assert candidate(3) == 56\n    assert candidate(4) == 120\n\ndef test_check():\n    check(square_Sum)\n\ntest_check()\n",
      "timestamp": 1665510375,
      "stdout": "",
      "stderr": "Traceback (most recent call last):\n  File \"/tmp/tmprp3yhhxu.py\", line 16, in <module>\n    test_check()\n  File \"/tmp/tmprp3yhhxu.py\", line 14, in test_check\n    check(square_Sum)\n  File \"/tmp/tmprp3yhhxu.py\", line 9, in check\n    assert candidate(2) == 20\nAssertionError\n",
      "exit_code": 1,
      "status": "Exception"
    },
    {
      "program": "def square_Sum(n: int) -> int:\n    \"\"\"\n\tWrite a python function takes in an integer n and returns the sum of squares of first n even natural numbers.\n\t\"\"\"\n    return sum(i ** 2 for i in range(2, n * 2 + 1, 2))\n\n\ndef check(candidate):\n    assert candidate(2) == 20\n    assert candidate(3) == 56\n    assert candidate(4) == 120\n\ndef test_check():\n    check(square_Sum)\n\ntest_check()\n",
      "timestamp": 1666123551,
      "stdout": "",
      "stderr": "",
      "exit_code": 0,
      "status": "OK"
    },
    {
      "program": "def square_Sum(n: int) -> int:\n    \"\"\"\n\tWrite a python function takes in an integer n and returns the sum of squares of first n even natural numbers.\n\t\"\"\"\n    return sum([i**2 for i in range(2, n*2+1, 2)])\n\n\ndef check(candidate):\n    assert candidate(2) == 20\n    assert candidate(3) == 56\n    assert candidate(4) == 120\n\ndef test_check():\n    check(square_Sum)\n\ntest_check()\n",
      "timestamp": 1666123551,
      "stdout": "",
      "stderr": "",
      "exit_code": 0,
      "status": "OK"
    },
    {
      "program": "def square_Sum(n: int) -> int:\n    \"\"\"\n\tWrite a python function takes in an integer n and returns the sum of squares of first n even natural numbers.\n\t\"\"\"\n    return sum([i ** 2 for i in range(2, n * 2, 2)])\n\n\ndef check(candidate):\n    assert candidate(2) == 20\n    assert candidate(3) == 56\n    assert candidate(4) == 120\n\ndef test_check():\n    check(square_Sum)\n\ntest_check()\n",
      "timestamp": 1665510375,
      "stdout": "",
      "stderr": "Traceback (most recent call last):\n  File \"/tmp/tmptshq16ca.py\", line 16, in <module>\n    test_check()\n  File \"/tmp/tmptshq16ca.py\", line 14, in test_check\n    check(square_Sum)\n  File \"/tmp/tmptshq16ca.py\", line 9, in check\n    assert candidate(2) == 20\nAssertionError\n",
      "exit_code": 1,
      "status": "Exception"
    },
    {
      "program": "def square_Sum(n: int) -> int:\n    \"\"\"\n\tWrite a python function takes in an integer n and returns the sum of squares of first n even natural numbers.\n\t\"\"\"\n    return sum(map(lambda x: x ** 2, range(2, n * 2 + 1, 2)))\n\n\ndef check(candidate):\n    assert candidate(2) == 20\n    assert candidate(3) == 56\n    assert candidate(4) == 120\n\ndef test_check():\n    check(square_Sum)\n\ntest_check()\n",
      "timestamp": 1665510375,
      "stdout": "",
      "stderr": "",
      "exit_code": 0,
      "status": "OK"
    },
    {
      "program": "def square_Sum(n: int) -> int:\n    \"\"\"\n\tWrite a python function takes in an integer n and returns the sum of squares of first n even natural numbers.\n\t\"\"\"\n    return sum([i ** 2 for i in range(2, n * 2 + 1, 2)])\n\n\ndef check(candidate):\n    assert candidate(2) == 20\n    assert candidate(3) == 56\n    assert candidate(4) == 120\n\ndef test_check():\n    check(square_Sum)\n\ntest_check()\n",
      "timestamp": 1665510375,
      "stdout": "",
      "stderr": "",
      "exit_code": 0,
      "status": "OK"
    },
    {
      "program": "def square_Sum(n: int) -> int:\n    \"\"\"\n\tWrite a python function takes in an integer n and returns the sum of squares of first n even natural numbers.\n\t\"\"\"\n    return sum(map(lambda x: x**2, range(2, n*2+1, 2)))\n\n\ndef check(candidate):\n    assert candidate(2) == 20\n    assert candidate(3) == 56\n    assert candidate(4) == 120\n\ndef test_check():\n    check(square_Sum)\n\ntest_check()\n",
      "timestamp": 1666123552,
      "stdout": "",
      "stderr": "",
      "exit_code": 0,
      "status": "OK"
    },
    {
      "program": "def square_Sum(n: int) -> int:\n    \"\"\"\n\tWrite a python function takes in an integer n and returns the sum of squares of first n even natural numbers.\n\t\"\"\"\n    return sum([i ** 2 for i in range(1, n + 1) if i % 2 == 0])\n\n\ndef check(candidate):\n    assert candidate(2) == 20\n    assert candidate(3) == 56\n    assert candidate(4) == 120\n\ndef test_check():\n    check(square_Sum)\n\ntest_check()\n",
      "timestamp": 1665510375,
      "stdout": "",
      "stderr": "Traceback (most recent call last):\n  File \"/tmp/tmprp3yhhxu.py\", line 16, in <module>\n    test_check()\n  File \"/tmp/tmprp3yhhxu.py\", line 14, in test_check\n    check(square_Sum)\n  File \"/tmp/tmprp3yhhxu.py\", line 9, in check\n    assert candidate(2) == 20\nAssertionError\n",
      "exit_code": 1,
      "status": "Exception"
    },
    {
      "program": "def square_Sum(n: int) -> int:\n    \"\"\"\n\tWrite a python function takes in an integer n and returns the sum of squares of first n even natural numbers.\n\t\"\"\"\n    return sum(i ** 2 for i in range(2, n + 1, 2))\n\n\ndef check(candidate):\n    assert candidate(2) == 20\n    assert candidate(3) == 56\n    assert candidate(4) == 120\n\ndef test_check():\n    check(square_Sum)\n\ntest_check()\n",
      "timestamp": 1665510375,
      "stdout": "",
      "stderr": "Traceback (most recent call last):\n  File \"/tmp/tmpoooz9o3y.py\", line 16, in <module>\n    test_check()\n  File \"/tmp/tmpoooz9o3y.py\", line 14, in test_check\n    check(square_Sum)\n  File \"/tmp/tmpoooz9o3y.py\", line 9, in check\n    assert candidate(2) == 20\nAssertionError\n",
      "exit_code": 1,
      "status": "Exception"
    },
    {
      "program": "def square_Sum(n: int) -> int:\n    \"\"\"\n\tWrite a python function takes in an integer n and returns the sum of squares of first n even natural numbers.\n\t\"\"\"\n    return sum([i**2 for i in range(2, n+1, 2)])\n\n\ndef check(candidate):\n    assert candidate(2) == 20\n    assert candidate(3) == 56\n    assert candidate(4) == 120\n\ndef test_check():\n    check(square_Sum)\n\ntest_check()\n",
      "timestamp": 1666123551,
      "stdout": "",
      "stderr": "Traceback (most recent call last):\n  File \"/tmp/tmpo2lqnhod.py\", line 16, in <module>\n    test_check()\n  File \"/tmp/tmpo2lqnhod.py\", line 14, in test_check\n    check(square_Sum)\n  File \"/tmp/tmpo2lqnhod.py\", line 9, in check\n    assert candidate(2) == 20\nAssertionError\n",
      "exit_code": 1,
      "status": "Exception"
    },
    {
      "program": "def square_Sum(n: int) -> int:\n    \"\"\"\n\tWrite a python function takes in an integer n and returns the sum of squares of first n even natural numbers.\n\t\"\"\"\n    return sum(x ** 2 for x in range(2, n + 1, 2))\n\n\ndef check(candidate):\n    assert candidate(2) == 20\n    assert candidate(3) == 56\n    assert candidate(4) == 120\n\ndef test_check():\n    check(square_Sum)\n\ntest_check()\n",
      "timestamp": 1665510375,
      "stdout": "",
      "stderr": "Traceback (most recent call last):\n  File \"/tmp/tmp7vpalfqg.py\", line 16, in <module>\n    test_check()\n  File \"/tmp/tmp7vpalfqg.py\", line 14, in test_check\n    check(square_Sum)\n  File \"/tmp/tmp7vpalfqg.py\", line 9, in check\n    assert candidate(2) == 20\nAssertionError\n",
      "exit_code": 1,
      "status": "Exception"
    },
    {
      "program": "def square_Sum(n: int) -> int:\n    \"\"\"\n\tWrite a python function takes in an integer n and returns the sum of squares of first n even natural numbers.\n\t\"\"\"\n    return sum([i ** 2 for i in range(2, n + 1, 2)])\n\n\ndef check(candidate):\n    assert candidate(2) == 20\n    assert candidate(3) == 56\n    assert candidate(4) == 120\n\ndef test_check():\n    check(square_Sum)\n\ntest_check()\n",
      "timestamp": 1665510375,
      "stdout": "",
      "stderr": "Traceback (most recent call last):\n  File \"/tmp/tmpm0c8dpvv.py\", line 16, in <module>\n    test_check()\n  File \"/tmp/tmpm0c8dpvv.py\", line 14, in test_check\n    check(square_Sum)\n  File \"/tmp/tmpm0c8dpvv.py\", line 9, in check\n    assert candidate(2) == 20\nAssertionError\n",
      "exit_code": 1,
      "status": "Exception"
    },
    {
      "program": "def square_Sum(n: int) -> int:\n    \"\"\"\n\tWrite a python function takes in an integer n and returns the sum of squares of first n even natural numbers.\n\t\"\"\"\n    return sum(i ** 2 for i in range(2, n + 1, 2))\n\n\ndef check(candidate):\n    assert candidate(2) == 20\n    assert candidate(3) == 56\n    assert candidate(4) == 120\n\ndef test_check():\n    check(square_Sum)\n\ntest_check()\n",
      "timestamp": 1665510375,
      "stdout": "",
      "stderr": "Traceback (most recent call last):\n  File \"/tmp/tmpoooz9o3y.py\", line 16, in <module>\n    test_check()\n  File \"/tmp/tmpoooz9o3y.py\", line 14, in test_check\n    check(square_Sum)\n  File \"/tmp/tmpoooz9o3y.py\", line 9, in check\n    assert candidate(2) == 20\nAssertionError\n",
      "exit_code": 1,
      "status": "Exception"
    },
    {
      "program": "def square_Sum(n: int) -> int:\n    \"\"\"\n\tWrite a python function takes in an integer n and returns the sum of squares of first n even natural numbers.\n\t\"\"\"\n    return sum([i**2 for i in range(2, n*2+1, 2)])\n\n\ndef check(candidate):\n    assert candidate(2) == 20\n    assert candidate(3) == 56\n    assert candidate(4) == 120\n\ndef test_check():\n    check(square_Sum)\n\ntest_check()\n",
      "timestamp": 1666123551,
      "stdout": "",
      "stderr": "",
      "exit_code": 0,
      "status": "OK"
    },
    {
      "program": "def square_Sum(n: int) -> int:\n    \"\"\"\n\tWrite a python function takes in an integer n and returns the sum of squares of first n even natural numbers.\n\t\"\"\"\n    return sum([i ** 2 for i in range(2, n * 2 + 1, 2)])\n\n\ndef check(candidate):\n    assert candidate(2) == 20\n    assert candidate(3) == 56\n    assert candidate(4) == 120\n\ndef test_check():\n    check(square_Sum)\n\ntest_check()\n",
      "timestamp": 1665510375,
      "stdout": "",
      "stderr": "",
      "exit_code": 0,
      "status": "OK"
    },
    {
      "program": "def square_Sum(n: int) -> int:\n    \"\"\"\n\tWrite a python function takes in an integer n and returns the sum of squares of first n even natural numbers.\n\t\"\"\"\n    return sum(map(lambda x: x ** 2, range(2, n * 2 + 1, 2)))\n\n\ndef check(candidate):\n    assert candidate(2) == 20\n    assert candidate(3) == 56\n    assert candidate(4) == 120\n\ndef test_check():\n    check(square_Sum)\n\ntest_check()\n",
      "timestamp": 1665510375,
      "stdout": "",
      "stderr": "",
      "exit_code": 0,
      "status": "OK"
    },
    {
      "program": "def square_Sum(n: int) -> int:\n    \"\"\"\n\tWrite a python function takes in an integer n and returns the sum of squares of first n even natural numbers.\n\t\"\"\"\n    return sum(map(lambda x: x ** 2, range(2, n + 1, 2)))\n\n\ndef check(candidate):\n    assert candidate(2) == 20\n    assert candidate(3) == 56\n    assert candidate(4) == 120\n\ndef test_check():\n    check(square_Sum)\n\ntest_check()\n",
      "timestamp": 1665510375,
      "stdout": "",
      "stderr": "Traceback (most recent call last):\n  File \"/tmp/tmpr615j00w.py\", line 16, in <module>\n    test_check()\n  File \"/tmp/tmpr615j00w.py\", line 14, in test_check\n    check(square_Sum)\n  File \"/tmp/tmpr615j00w.py\", line 9, in check\n    assert candidate(2) == 20\nAssertionError\n",
      "exit_code": 1,
      "status": "Exception"
    },
    {
      "program": "def square_Sum(n: int) -> int:\n    \"\"\"\n\tWrite a python function takes in an integer n and returns the sum of squares of first n even natural numbers.\n\t\"\"\"\n    return sum(x ** 2 for x in range(2, n + 1, 2))\n\n\ndef check(candidate):\n    assert candidate(2) == 20\n    assert candidate(3) == 56\n    assert candidate(4) == 120\n\ndef test_check():\n    check(square_Sum)\n\ntest_check()\n",
      "timestamp": 1665510375,
      "stdout": "",
      "stderr": "Traceback (most recent call last):\n  File \"/tmp/tmp7vpalfqg.py\", line 16, in <module>\n    test_check()\n  File \"/tmp/tmp7vpalfqg.py\", line 14, in test_check\n    check(square_Sum)\n  File \"/tmp/tmp7vpalfqg.py\", line 9, in check\n    assert candidate(2) == 20\nAssertionError\n",
      "exit_code": 1,
      "status": "Exception"
    },
    {
      "program": "def square_Sum(n: int) -> int:\n    \"\"\"\n\tWrite a python function takes in an integer n and returns the sum of squares of first n even natural numbers.\n\t\"\"\"\n    return sum(i ** 2 for i in range(2, n + 1, 2))\n\n\ndef check(candidate):\n    assert candidate(2) == 20\n    assert candidate(3) == 56\n    assert candidate(4) == 120\n\ndef test_check():\n    check(square_Sum)\n\ntest_check()\n",
      "timestamp": 1665510375,
      "stdout": "",
      "stderr": "Traceback (most recent call last):\n  File \"/tmp/tmpoooz9o3y.py\", line 16, in <module>\n    test_check()\n  File \"/tmp/tmpoooz9o3y.py\", line 14, in test_check\n    check(square_Sum)\n  File \"/tmp/tmpoooz9o3y.py\", line 9, in check\n    assert candidate(2) == 20\nAssertionError\n",
      "exit_code": 1,
      "status": "Exception"
    },
    {
      "program": "def square_Sum(n: int) -> int:\n    \"\"\"\n\tWrite a python function takes in an integer n and returns the sum of squares of first n even natural numbers.\n\t\"\"\"\n    return sum(i ** 2 for i in range(1, n + 1) if i % 2 == 0)\n\n\ndef check(candidate):\n    assert candidate(2) == 20\n    assert candidate(3) == 56\n    assert candidate(4) == 120\n\ndef test_check():\n    check(square_Sum)\n\ntest_check()\n",
      "timestamp": 1665510375,
      "stdout": "",
      "stderr": "Traceback (most recent call last):\n  File \"/tmp/tmp2nzpec4l.py\", line 16, in <module>\n    test_check()\n  File \"/tmp/tmp2nzpec4l.py\", line 14, in test_check\n    check(square_Sum)\n  File \"/tmp/tmp2nzpec4l.py\", line 9, in check\n    assert candidate(2) == 20\nAssertionError\n",
      "exit_code": 1,
      "status": "Exception"
    },
    {
      "program": "def square_Sum(n: int) -> int:\n    \"\"\"\n\tWrite a python function takes in an integer n and returns the sum of squares of first n even natural numbers.\n\t\"\"\"\n    return sum([i ** 2 for i in range(2, n + 1, 2)])\n\n\ndef check(candidate):\n    assert candidate(2) == 20\n    assert candidate(3) == 56\n    assert candidate(4) == 120\n\ndef test_check():\n    check(square_Sum)\n\ntest_check()\n",
      "timestamp": 1665510375,
      "stdout": "",
      "stderr": "Traceback (most recent call last):\n  File \"/tmp/tmpm0c8dpvv.py\", line 16, in <module>\n    test_check()\n  File \"/tmp/tmpm0c8dpvv.py\", line 14, in test_check\n    check(square_Sum)\n  File \"/tmp/tmpm0c8dpvv.py\", line 9, in check\n    assert candidate(2) == 20\nAssertionError\n",
      "exit_code": 1,
      "status": "Exception"
    },
    {
      "program": "def square_Sum(n: int) -> int:\n    \"\"\"\n\tWrite a python function takes in an integer n and returns the sum of squares of first n even natural numbers.\n\t\"\"\"\n    return sum(i ** 2 for i in range(2, n + 1, 2))\n\n\ndef check(candidate):\n    assert candidate(2) == 20\n    assert candidate(3) == 56\n    assert candidate(4) == 120\n\ndef test_check():\n    check(square_Sum)\n\ntest_check()\n",
      "timestamp": 1665510375,
      "stdout": "",
      "stderr": "Traceback (most recent call last):\n  File \"/tmp/tmpoooz9o3y.py\", line 16, in <module>\n    test_check()\n  File \"/tmp/tmpoooz9o3y.py\", line 14, in test_check\n    check(square_Sum)\n  File \"/tmp/tmpoooz9o3y.py\", line 9, in check\n    assert candidate(2) == 20\nAssertionError\n",
      "exit_code": 1,
      "status": "Exception"
    },
    {
      "program": "def square_Sum(n: int) -> int:\n    \"\"\"\n\tWrite a python function takes in an integer n and returns the sum of squares of first n even natural numbers.\n\t\"\"\"\n    return sum([i ** 2 for i in range(2, n + 1, 2)])\n\n\ndef check(candidate):\n    assert candidate(2) == 20\n    assert candidate(3) == 56\n    assert candidate(4) == 120\n\ndef test_check():\n    check(square_Sum)\n\ntest_check()\n",
      "timestamp": 1665510375,
      "stdout": "",
      "stderr": "Traceback (most recent call last):\n  File \"/tmp/tmpm0c8dpvv.py\", line 16, in <module>\n    test_check()\n  File \"/tmp/tmpm0c8dpvv.py\", line 14, in test_check\n    check(square_Sum)\n  File \"/tmp/tmpm0c8dpvv.py\", line 9, in check\n    assert candidate(2) == 20\nAssertionError\n",
      "exit_code": 1,
      "status": "Exception"
    },
    {
      "program": "def square_Sum(n: int) -> int:\n    \"\"\"\n\tWrite a python function takes in an integer n and returns the sum of squares of first n even natural numbers.\n\t\"\"\"\n    return sum(i ** 2 for i in range(1, n + 1) if i % 2 == 0)\n\n\ndef check(candidate):\n    assert candidate(2) == 20\n    assert candidate(3) == 56\n    assert candidate(4) == 120\n\ndef test_check():\n    check(square_Sum)\n\ntest_check()\n",
      "timestamp": 1665510375,
      "stdout": "",
      "stderr": "Traceback (most recent call last):\n  File \"/tmp/tmp2nzpec4l.py\", line 16, in <module>\n    test_check()\n  File \"/tmp/tmp2nzpec4l.py\", line 14, in test_check\n    check(square_Sum)\n  File \"/tmp/tmp2nzpec4l.py\", line 9, in check\n    assert candidate(2) == 20\nAssertionError\n",
      "exit_code": 1,
      "status": "Exception"
    },
    {
      "program": "def square_Sum(n: int) -> int:\n    \"\"\"\n\tWrite a python function takes in an integer n and returns the sum of squares of first n even natural numbers.\n\t\"\"\"\n    return sum([i ** 2 for i in range(2, n * 2 + 1, 2)])\n\n\ndef check(candidate):\n    assert candidate(2) == 20\n    assert candidate(3) == 56\n    assert candidate(4) == 120\n\ndef test_check():\n    check(square_Sum)\n\ntest_check()\n",
      "timestamp": 1665510375,
      "stdout": "",
      "stderr": "",
      "exit_code": 0,
      "status": "OK"
    },
    {
      "program": "def square_Sum(n: int) -> int:\n    \"\"\"\n\tWrite a python function takes in an integer n and returns the sum of squares of first n even natural numbers.\n\t\"\"\"\n    return sum([i ** 2 for i in range(1, n + 1) if i % 2 == 0])\n\n\ndef check(candidate):\n    assert candidate(2) == 20\n    assert candidate(3) == 56\n    assert candidate(4) == 120\n\ndef test_check():\n    check(square_Sum)\n\ntest_check()\n",
      "timestamp": 1665510375,
      "stdout": "",
      "stderr": "Traceback (most recent call last):\n  File \"/tmp/tmprp3yhhxu.py\", line 16, in <module>\n    test_check()\n  File \"/tmp/tmprp3yhhxu.py\", line 14, in test_check\n    check(square_Sum)\n  File \"/tmp/tmprp3yhhxu.py\", line 9, in check\n    assert candidate(2) == 20\nAssertionError\n",
      "exit_code": 1,
      "status": "Exception"
    },
    {
      "program": "def square_Sum(n: int) -> int:\n    \"\"\"\n\tWrite a python function takes in an integer n and returns the sum of squares of first n even natural numbers.\n\t\"\"\"\n    return sum(i ** 2 for i in range(2, n + 1, 2))\n\n\ndef check(candidate):\n    assert candidate(2) == 20\n    assert candidate(3) == 56\n    assert candidate(4) == 120\n\ndef test_check():\n    check(square_Sum)\n\ntest_check()\n",
      "timestamp": 1665510375,
      "stdout": "",
      "stderr": "Traceback (most recent call last):\n  File \"/tmp/tmpoooz9o3y.py\", line 16, in <module>\n    test_check()\n  File \"/tmp/tmpoooz9o3y.py\", line 14, in test_check\n    check(square_Sum)\n  File \"/tmp/tmpoooz9o3y.py\", line 9, in check\n    assert candidate(2) == 20\nAssertionError\n",
      "exit_code": 1,
      "status": "Exception"
    },
    {
      "program": "def square_Sum(n: int) -> int:\n    \"\"\"\n\tWrite a python function takes in an integer n and returns the sum of squares of first n even natural numbers.\n\t\"\"\"\n    return sum(i ** 2 for i in range(2, n + 1, 2))\n\n\ndef check(candidate):\n    assert candidate(2) == 20\n    assert candidate(3) == 56\n    assert candidate(4) == 120\n\ndef test_check():\n    check(square_Sum)\n\ntest_check()\n",
      "timestamp": 1665510375,
      "stdout": "",
      "stderr": "Traceback (most recent call last):\n  File \"/tmp/tmpoooz9o3y.py\", line 16, in <module>\n    test_check()\n  File \"/tmp/tmpoooz9o3y.py\", line 14, in test_check\n    check(square_Sum)\n  File \"/tmp/tmpoooz9o3y.py\", line 9, in check\n    assert candidate(2) == 20\nAssertionError\n",
      "exit_code": 1,
      "status": "Exception"
    },
    {
      "program": "def square_Sum(n: int) -> int:\n    \"\"\"\n\tWrite a python function takes in an integer n and returns the sum of squares of first n even natural numbers.\n\t\"\"\"\n    return sum(i ** 2 for i in range(2, n + 1, 2))\n\n\ndef check(candidate):\n    assert candidate(2) == 20\n    assert candidate(3) == 56\n    assert candidate(4) == 120\n\ndef test_check():\n    check(square_Sum)\n\ntest_check()\n",
      "timestamp": 1665510375,
      "stdout": "",
      "stderr": "Traceback (most recent call last):\n  File \"/tmp/tmpoooz9o3y.py\", line 16, in <module>\n    test_check()\n  File \"/tmp/tmpoooz9o3y.py\", line 14, in test_check\n    check(square_Sum)\n  File \"/tmp/tmpoooz9o3y.py\", line 9, in check\n    assert candidate(2) == 20\nAssertionError\n",
      "exit_code": 1,
      "status": "Exception"
    },
    {
      "program": "def square_Sum(n: int) -> int:\n    \"\"\"\n\tWrite a python function takes in an integer n and returns the sum of squares of first n even natural numbers.\n\t\"\"\"\n    return sum([i ** 2 for i in range(2, n * 2 + 1, 2)])\n\n\ndef check(candidate):\n    assert candidate(2) == 20\n    assert candidate(3) == 56\n    assert candidate(4) == 120\n\ndef test_check():\n    check(square_Sum)\n\ntest_check()\n",
      "timestamp": 1665510375,
      "stdout": "",
      "stderr": "",
      "exit_code": 0,
      "status": "OK"
    },
    {
      "program": "def square_Sum(n: int) -> int:\n    \"\"\"\n\tWrite a python function takes in an integer n and returns the sum of squares of first n even natural numbers.\n\t\"\"\"\n    return sum(i ** 2 for i in range(2, n + 1, 2))\n\n\ndef check(candidate):\n    assert candidate(2) == 20\n    assert candidate(3) == 56\n    assert candidate(4) == 120\n\ndef test_check():\n    check(square_Sum)\n\ntest_check()\n",
      "timestamp": 1665510375,
      "stdout": "",
      "stderr": "Traceback (most recent call last):\n  File \"/tmp/tmpoooz9o3y.py\", line 16, in <module>\n    test_check()\n  File \"/tmp/tmpoooz9o3y.py\", line 14, in test_check\n    check(square_Sum)\n  File \"/tmp/tmpoooz9o3y.py\", line 9, in check\n    assert candidate(2) == 20\nAssertionError\n",
      "exit_code": 1,
      "status": "Exception"
    },
    {
      "program": "def square_Sum(n: int) -> int:\n    \"\"\"\n\tWrite a python function takes in an integer n and returns the sum of squares of first n even natural numbers.\n\t\"\"\"\n    return sum(i ** 2 for i in range(2, n + 1, 2))\n\n\ndef check(candidate):\n    assert candidate(2) == 20\n    assert candidate(3) == 56\n    assert candidate(4) == 120\n\ndef test_check():\n    check(square_Sum)\n\ntest_check()\n",
      "timestamp": 1665510375,
      "stdout": "",
      "stderr": "Traceback (most recent call last):\n  File \"/tmp/tmpoooz9o3y.py\", line 16, in <module>\n    test_check()\n  File \"/tmp/tmpoooz9o3y.py\", line 14, in test_check\n    check(square_Sum)\n  File \"/tmp/tmpoooz9o3y.py\", line 9, in check\n    assert candidate(2) == 20\nAssertionError\n",
      "exit_code": 1,
      "status": "Exception"
    },
    {
      "program": "def square_Sum(n: int) -> int:\n    \"\"\"\n\tWrite a python function takes in an integer n and returns the sum of squares of first n even natural numbers.\n\t\"\"\"\n    return sum(i ** 2 for i in range(2, n + 1, 2))\n\n\ndef check(candidate):\n    assert candidate(2) == 20\n    assert candidate(3) == 56\n    assert candidate(4) == 120\n\ndef test_check():\n    check(square_Sum)\n\ntest_check()\n",
      "timestamp": 1665510375,
      "stdout": "",
      "stderr": "Traceback (most recent call last):\n  File \"/tmp/tmpoooz9o3y.py\", line 16, in <module>\n    test_check()\n  File \"/tmp/tmpoooz9o3y.py\", line 14, in test_check\n    check(square_Sum)\n  File \"/tmp/tmpoooz9o3y.py\", line 9, in check\n    assert candidate(2) == 20\nAssertionError\n",
      "exit_code": 1,
      "status": "Exception"
    },
    {
      "program": "def square_Sum(n: int) -> int:\n    \"\"\"\n\tWrite a python function takes in an integer n and returns the sum of squares of first n even natural numbers.\n\t\"\"\"\n    return sum(i ** 2 for i in range(2, n + 1, 2))\n\n\ndef check(candidate):\n    assert candidate(2) == 20\n    assert candidate(3) == 56\n    assert candidate(4) == 120\n\ndef test_check():\n    check(square_Sum)\n\ntest_check()\n",
      "timestamp": 1665510375,
      "stdout": "",
      "stderr": "Traceback (most recent call last):\n  File \"/tmp/tmpoooz9o3y.py\", line 16, in <module>\n    test_check()\n  File \"/tmp/tmpoooz9o3y.py\", line 14, in test_check\n    check(square_Sum)\n  File \"/tmp/tmpoooz9o3y.py\", line 9, in check\n    assert candidate(2) == 20\nAssertionError\n",
      "exit_code": 1,
      "status": "Exception"
    }
  ]
}