{
  "name": "mbpp_606_radian_degree",
  "language": "py",
  "prompt": "def radian_degree(degree: int) -> float:\n    \"\"\"\n\tWrite a function to convert degrees to radians.\n\t\"\"\"\n",
  "doctests": "keep",
  "original": "/home/arjun/repos/MultiPL-E/datasets/../datasets/mbpp-typed/mbpp_606_radian_degree.py",
  "prompt_terminology": "verbatim",
  "tests": "def check(candidate):\n    assert candidate(90) == 1.5707963267948966\n    assert candidate(60) == 1.0471975511965976\n    assert candidate(120) == 2.0943951023931953\n\ndef test_check():\n    check(radian_degree)\n\ntest_check()\n",
  "stop_tokens": [
    "\ndef",
    "\n#",
    "\nif",
    "\nclass"
  ],
  "results": [
    {
      "program": "def radian_degree(degree: int) -> float:\n    \"\"\"\n\tWrite a function to convert degrees to radians.\n\t\"\"\"\n    return degree * math.pi / 180\n\n\ndef check(candidate):\n    assert candidate(90) == 1.5707963267948966\n    assert candidate(60) == 1.0471975511965976\n    assert candidate(120) == 2.0943951023931953\n\ndef test_check():\n    check(radian_degree)\n\ntest_check()\n",
      "timestamp": 1665510308,
      "stdout": "",
      "stderr": "Traceback (most recent call last):\n  File \"/tmp/tmp_ffhbn_l.py\", line 16, in <module>\n    test_check()\n  File \"/tmp/tmp_ffhbn_l.py\", line 14, in test_check\n    check(radian_degree)\n  File \"/tmp/tmp_ffhbn_l.py\", line 9, in check\n    assert candidate(90) == 1.5707963267948966\n  File \"/tmp/tmp_ffhbn_l.py\", line 5, in radian_degree\n    return degree * math.pi / 180\nNameError: name 'math' is not defined\n",
      "exit_code": 1,
      "status": "Exception"
    },
    {
      "program": "def radian_degree(degree: int) -> float:\n    \"\"\"\n\tWrite a function to convert degrees to radians.\n\t\"\"\"\n    return degree * math.pi / 180\n\n\ndef check(candidate):\n    assert candidate(90) == 1.5707963267948966\n    assert candidate(60) == 1.0471975511965976\n    assert candidate(120) == 2.0943951023931953\n\ndef test_check():\n    check(radian_degree)\n\ntest_check()\n",
      "timestamp": 1665510308,
      "stdout": "",
      "stderr": "Traceback (most recent call last):\n  File \"/tmp/tmp_ffhbn_l.py\", line 16, in <module>\n    test_check()\n  File \"/tmp/tmp_ffhbn_l.py\", line 14, in test_check\n    check(radian_degree)\n  File \"/tmp/tmp_ffhbn_l.py\", line 9, in check\n    assert candidate(90) == 1.5707963267948966\n  File \"/tmp/tmp_ffhbn_l.py\", line 5, in radian_degree\n    return degree * math.pi / 180\nNameError: name 'math' is not defined\n",
      "exit_code": 1,
      "status": "Exception"
    },
    {
      "program": "def radian_degree(degree: int) -> float:\n    \"\"\"\n\tWrite a function to convert degrees to radians.\n\t\"\"\"\n    return degree * math.pi / 180\n\n\ndef check(candidate):\n    assert candidate(90) == 1.5707963267948966\n    assert candidate(60) == 1.0471975511965976\n    assert candidate(120) == 2.0943951023931953\n\ndef test_check():\n    check(radian_degree)\n\ntest_check()\n",
      "timestamp": 1665510308,
      "stdout": "",
      "stderr": "Traceback (most recent call last):\n  File \"/tmp/tmp_ffhbn_l.py\", line 16, in <module>\n    test_check()\n  File \"/tmp/tmp_ffhbn_l.py\", line 14, in test_check\n    check(radian_degree)\n  File \"/tmp/tmp_ffhbn_l.py\", line 9, in check\n    assert candidate(90) == 1.5707963267948966\n  File \"/tmp/tmp_ffhbn_l.py\", line 5, in radian_degree\n    return degree * math.pi / 180\nNameError: name 'math' is not defined\n",
      "exit_code": 1,
      "status": "Exception"
    },
    {
      "program": "def radian_degree(degree: int) -> float:\n    \"\"\"\n\tWrite a function to convert degrees to radians.\n\t\"\"\"\n    return degree * (math.pi / 180)\n\n\ndef check(candidate):\n    assert candidate(90) == 1.5707963267948966\n    assert candidate(60) == 1.0471975511965976\n    assert candidate(120) == 2.0943951023931953\n\ndef test_check():\n    check(radian_degree)\n\ntest_check()\n",
      "timestamp": 1665510308,
      "stdout": "",
      "stderr": "Traceback (most recent call last):\n  File \"/tmp/tmp_ted8u8u.py\", line 16, in <module>\n    test_check()\n  File \"/tmp/tmp_ted8u8u.py\", line 14, in test_check\n    check(radian_degree)\n  File \"/tmp/tmp_ted8u8u.py\", line 9, in check\n    assert candidate(90) == 1.5707963267948966\n  File \"/tmp/tmp_ted8u8u.py\", line 5, in radian_degree\n    return degree * (math.pi / 180)\nNameError: name 'math' is not defined\n",
      "exit_code": 1,
      "status": "Exception"
    },
    {
      "program": "def radian_degree(degree: int) -> float:\n    \"\"\"\n\tWrite a function to convert degrees to radians.\n\t\"\"\"\n    return degree * (math.pi / 180)\n\n\ndef check(candidate):\n    assert candidate(90) == 1.5707963267948966\n    assert candidate(60) == 1.0471975511965976\n    assert candidate(120) == 2.0943951023931953\n\ndef test_check():\n    check(radian_degree)\n\ntest_check()\n",
      "timestamp": 1665510308,
      "stdout": "",
      "stderr": "Traceback (most recent call last):\n  File \"/tmp/tmp_ted8u8u.py\", line 16, in <module>\n    test_check()\n  File \"/tmp/tmp_ted8u8u.py\", line 14, in test_check\n    check(radian_degree)\n  File \"/tmp/tmp_ted8u8u.py\", line 9, in check\n    assert candidate(90) == 1.5707963267948966\n  File \"/tmp/tmp_ted8u8u.py\", line 5, in radian_degree\n    return degree * (math.pi / 180)\nNameError: name 'math' is not defined\n",
      "exit_code": 1,
      "status": "Exception"
    },
    {
      "program": "def radian_degree(degree: int) -> float:\n    \"\"\"\n\tWrite a function to convert degrees to radians.\n\t\"\"\"\n    return degree * math.pi / 180\n\n\ndef check(candidate):\n    assert candidate(90) == 1.5707963267948966\n    assert candidate(60) == 1.0471975511965976\n    assert candidate(120) == 2.0943951023931953\n\ndef test_check():\n    check(radian_degree)\n\ntest_check()\n",
      "timestamp": 1665510308,
      "stdout": "",
      "stderr": "Traceback (most recent call last):\n  File \"/tmp/tmp_ffhbn_l.py\", line 16, in <module>\n    test_check()\n  File \"/tmp/tmp_ffhbn_l.py\", line 14, in test_check\n    check(radian_degree)\n  File \"/tmp/tmp_ffhbn_l.py\", line 9, in check\n    assert candidate(90) == 1.5707963267948966\n  File \"/tmp/tmp_ffhbn_l.py\", line 5, in radian_degree\n    return degree * math.pi / 180\nNameError: name 'math' is not defined\n",
      "exit_code": 1,
      "status": "Exception"
    },
    {
      "program": "def radian_degree(degree: int) -> float:\n    \"\"\"\n\tWrite a function to convert degrees to radians.\n\t\"\"\"\n    return degree * math.pi / 180\n\n\ndef check(candidate):\n    assert candidate(90) == 1.5707963267948966\n    assert candidate(60) == 1.0471975511965976\n    assert candidate(120) == 2.0943951023931953\n\ndef test_check():\n    check(radian_degree)\n\ntest_check()\n",
      "timestamp": 1665510308,
      "stdout": "",
      "stderr": "Traceback (most recent call last):\n  File \"/tmp/tmp_ffhbn_l.py\", line 16, in <module>\n    test_check()\n  File \"/tmp/tmp_ffhbn_l.py\", line 14, in test_check\n    check(radian_degree)\n  File \"/tmp/tmp_ffhbn_l.py\", line 9, in check\n    assert candidate(90) == 1.5707963267948966\n  File \"/tmp/tmp_ffhbn_l.py\", line 5, in radian_degree\n    return degree * math.pi / 180\nNameError: name 'math' is not defined\n",
      "exit_code": 1,
      "status": "Exception"
    },
    {
      "program": "def radian_degree(degree: int) -> float:\n    \"\"\"\n\tWrite a function to convert degrees to radians.\n\t\"\"\"\n    return degree * math.pi / 180\n\n\ndef check(candidate):\n    assert candidate(90) == 1.5707963267948966\n    assert candidate(60) == 1.0471975511965976\n    assert candidate(120) == 2.0943951023931953\n\ndef test_check():\n    check(radian_degree)\n\ntest_check()\n",
      "timestamp": 1665510308,
      "stdout": "",
      "stderr": "Traceback (most recent call last):\n  File \"/tmp/tmp_ffhbn_l.py\", line 16, in <module>\n    test_check()\n  File \"/tmp/tmp_ffhbn_l.py\", line 14, in test_check\n    check(radian_degree)\n  File \"/tmp/tmp_ffhbn_l.py\", line 9, in check\n    assert candidate(90) == 1.5707963267948966\n  File \"/tmp/tmp_ffhbn_l.py\", line 5, in radian_degree\n    return degree * math.pi / 180\nNameError: name 'math' is not defined\n",
      "exit_code": 1,
      "status": "Exception"
    },
    {
      "program": "def radian_degree(degree: int) -> float:\n    \"\"\"\n\tWrite a function to convert degrees to radians.\n\t\"\"\"\n    return degree * math.pi / 180\n\n\ndef check(candidate):\n    assert candidate(90) == 1.5707963267948966\n    assert candidate(60) == 1.0471975511965976\n    assert candidate(120) == 2.0943951023931953\n\ndef test_check():\n    check(radian_degree)\n\ntest_check()\n",
      "timestamp": 1665510308,
      "stdout": "",
      "stderr": "Traceback (most recent call last):\n  File \"/tmp/tmp_ffhbn_l.py\", line 16, in <module>\n    test_check()\n  File \"/tmp/tmp_ffhbn_l.py\", line 14, in test_check\n    check(radian_degree)\n  File \"/tmp/tmp_ffhbn_l.py\", line 9, in check\n    assert candidate(90) == 1.5707963267948966\n  File \"/tmp/tmp_ffhbn_l.py\", line 5, in radian_degree\n    return degree * math.pi / 180\nNameError: name 'math' is not defined\n",
      "exit_code": 1,
      "status": "Exception"
    },
    {
      "program": "def radian_degree(degree: int) -> float:\n    \"\"\"\n\tWrite a function to convert degrees to radians.\n\t\"\"\"\n    return degree * math.pi / 180\n\n\ndef check(candidate):\n    assert candidate(90) == 1.5707963267948966\n    assert candidate(60) == 1.0471975511965976\n    assert candidate(120) == 2.0943951023931953\n\ndef test_check():\n    check(radian_degree)\n\ntest_check()\n",
      "timestamp": 1665510308,
      "stdout": "",
      "stderr": "Traceback (most recent call last):\n  File \"/tmp/tmp_ffhbn_l.py\", line 16, in <module>\n    test_check()\n  File \"/tmp/tmp_ffhbn_l.py\", line 14, in test_check\n    check(radian_degree)\n  File \"/tmp/tmp_ffhbn_l.py\", line 9, in check\n    assert candidate(90) == 1.5707963267948966\n  File \"/tmp/tmp_ffhbn_l.py\", line 5, in radian_degree\n    return degree * math.pi / 180\nNameError: name 'math' is not defined\n",
      "exit_code": 1,
      "status": "Exception"
    },
    {
      "program": "def radian_degree(degree: int) -> float:\n    \"\"\"\n\tWrite a function to convert degrees to radians.\n\t\"\"\"\n    return degree * (math.pi / 180)\n\n\ndef check(candidate):\n    assert candidate(90) == 1.5707963267948966\n    assert candidate(60) == 1.0471975511965976\n    assert candidate(120) == 2.0943951023931953\n\ndef test_check():\n    check(radian_degree)\n\ntest_check()\n",
      "timestamp": 1665510308,
      "stdout": "",
      "stderr": "Traceback (most recent call last):\n  File \"/tmp/tmp_ted8u8u.py\", line 16, in <module>\n    test_check()\n  File \"/tmp/tmp_ted8u8u.py\", line 14, in test_check\n    check(radian_degree)\n  File \"/tmp/tmp_ted8u8u.py\", line 9, in check\n    assert candidate(90) == 1.5707963267948966\n  File \"/tmp/tmp_ted8u8u.py\", line 5, in radian_degree\n    return degree * (math.pi / 180)\nNameError: name 'math' is not defined\n",
      "exit_code": 1,
      "status": "Exception"
    },
    {
      "program": "def radian_degree(degree: int) -> float:\n    \"\"\"\n\tWrite a function to convert degrees to radians.\n\t\"\"\"\n    return degree * (math.pi / 180)\n\n\ndef check(candidate):\n    assert candidate(90) == 1.5707963267948966\n    assert candidate(60) == 1.0471975511965976\n    assert candidate(120) == 2.0943951023931953\n\ndef test_check():\n    check(radian_degree)\n\ntest_check()\n",
      "timestamp": 1665510308,
      "stdout": "",
      "stderr": "Traceback (most recent call last):\n  File \"/tmp/tmp_ted8u8u.py\", line 16, in <module>\n    test_check()\n  File \"/tmp/tmp_ted8u8u.py\", line 14, in test_check\n    check(radian_degree)\n  File \"/tmp/tmp_ted8u8u.py\", line 9, in check\n    assert candidate(90) == 1.5707963267948966\n  File \"/tmp/tmp_ted8u8u.py\", line 5, in radian_degree\n    return degree * (math.pi / 180)\nNameError: name 'math' is not defined\n",
      "exit_code": 1,
      "status": "Exception"
    },
    {
      "program": "def radian_degree(degree: int) -> float:\n    \"\"\"\n\tWrite a function to convert degrees to radians.\n\t\"\"\"\n    return degree * math.pi / 180\n\n\ndef check(candidate):\n    assert candidate(90) == 1.5707963267948966\n    assert candidate(60) == 1.0471975511965976\n    assert candidate(120) == 2.0943951023931953\n\ndef test_check():\n    check(radian_degree)\n\ntest_check()\n",
      "timestamp": 1665510308,
      "stdout": "",
      "stderr": "Traceback (most recent call last):\n  File \"/tmp/tmp_ffhbn_l.py\", line 16, in <module>\n    test_check()\n  File \"/tmp/tmp_ffhbn_l.py\", line 14, in test_check\n    check(radian_degree)\n  File \"/tmp/tmp_ffhbn_l.py\", line 9, in check\n    assert candidate(90) == 1.5707963267948966\n  File \"/tmp/tmp_ffhbn_l.py\", line 5, in radian_degree\n    return degree * math.pi / 180\nNameError: name 'math' is not defined\n",
      "exit_code": 1,
      "status": "Exception"
    },
    {
      "program": "def radian_degree(degree: int) -> float:\n    \"\"\"\n\tWrite a function to convert degrees to radians.\n\t\"\"\"\n    return degree * math.pi / 180\n\n\ndef check(candidate):\n    assert candidate(90) == 1.5707963267948966\n    assert candidate(60) == 1.0471975511965976\n    assert candidate(120) == 2.0943951023931953\n\ndef test_check():\n    check(radian_degree)\n\ntest_check()\n",
      "timestamp": 1665510308,
      "stdout": "",
      "stderr": "Traceback (most recent call last):\n  File \"/tmp/tmp_ffhbn_l.py\", line 16, in <module>\n    test_check()\n  File \"/tmp/tmp_ffhbn_l.py\", line 14, in test_check\n    check(radian_degree)\n  File \"/tmp/tmp_ffhbn_l.py\", line 9, in check\n    assert candidate(90) == 1.5707963267948966\n  File \"/tmp/tmp_ffhbn_l.py\", line 5, in radian_degree\n    return degree * math.pi / 180\nNameError: name 'math' is not defined\n",
      "exit_code": 1,
      "status": "Exception"
    },
    {
      "program": "def radian_degree(degree: int) -> float:\n    \"\"\"\n\tWrite a function to convert degrees to radians.\n\t\"\"\"\n    return degree * math.pi / 180\n\n\ndef check(candidate):\n    assert candidate(90) == 1.5707963267948966\n    assert candidate(60) == 1.0471975511965976\n    assert candidate(120) == 2.0943951023931953\n\ndef test_check():\n    check(radian_degree)\n\ntest_check()\n",
      "timestamp": 1665510308,
      "stdout": "",
      "stderr": "Traceback (most recent call last):\n  File \"/tmp/tmp_ffhbn_l.py\", line 16, in <module>\n    test_check()\n  File \"/tmp/tmp_ffhbn_l.py\", line 14, in test_check\n    check(radian_degree)\n  File \"/tmp/tmp_ffhbn_l.py\", line 9, in check\n    assert candidate(90) == 1.5707963267948966\n  File \"/tmp/tmp_ffhbn_l.py\", line 5, in radian_degree\n    return degree * math.pi / 180\nNameError: name 'math' is not defined\n",
      "exit_code": 1,
      "status": "Exception"
    },
    {
      "program": "def radian_degree(degree: int) -> float:\n    \"\"\"\n\tWrite a function to convert degrees to radians.\n\t\"\"\"\n    return degree * math.pi / 180\n\n\ndef check(candidate):\n    assert candidate(90) == 1.5707963267948966\n    assert candidate(60) == 1.0471975511965976\n    assert candidate(120) == 2.0943951023931953\n\ndef test_check():\n    check(radian_degree)\n\ntest_check()\n",
      "timestamp": 1665510308,
      "stdout": "",
      "stderr": "Traceback (most recent call last):\n  File \"/tmp/tmp_ffhbn_l.py\", line 16, in <module>\n    test_check()\n  File \"/tmp/tmp_ffhbn_l.py\", line 14, in test_check\n    check(radian_degree)\n  File \"/tmp/tmp_ffhbn_l.py\", line 9, in check\n    assert candidate(90) == 1.5707963267948966\n  File \"/tmp/tmp_ffhbn_l.py\", line 5, in radian_degree\n    return degree * math.pi / 180\nNameError: name 'math' is not defined\n",
      "exit_code": 1,
      "status": "Exception"
    },
    {
      "program": "def radian_degree(degree: int) -> float:\n    \"\"\"\n\tWrite a function to convert degrees to radians.\n\t\"\"\"\n    return degree * math.pi / 180\n\n\ndef check(candidate):\n    assert candidate(90) == 1.5707963267948966\n    assert candidate(60) == 1.0471975511965976\n    assert candidate(120) == 2.0943951023931953\n\ndef test_check():\n    check(radian_degree)\n\ntest_check()\n",
      "timestamp": 1665510308,
      "stdout": "",
      "stderr": "Traceback (most recent call last):\n  File \"/tmp/tmp_ffhbn_l.py\", line 16, in <module>\n    test_check()\n  File \"/tmp/tmp_ffhbn_l.py\", line 14, in test_check\n    check(radian_degree)\n  File \"/tmp/tmp_ffhbn_l.py\", line 9, in check\n    assert candidate(90) == 1.5707963267948966\n  File \"/tmp/tmp_ffhbn_l.py\", line 5, in radian_degree\n    return degree * math.pi / 180\nNameError: name 'math' is not defined\n",
      "exit_code": 1,
      "status": "Exception"
    },
    {
      "program": "def radian_degree(degree: int) -> float:\n    \"\"\"\n\tWrite a function to convert degrees to radians.\n\t\"\"\"\n    return degree * math.pi / 180\n\n\ndef check(candidate):\n    assert candidate(90) == 1.5707963267948966\n    assert candidate(60) == 1.0471975511965976\n    assert candidate(120) == 2.0943951023931953\n\ndef test_check():\n    check(radian_degree)\n\ntest_check()\n",
      "timestamp": 1665510308,
      "stdout": "",
      "stderr": "Traceback (most recent call last):\n  File \"/tmp/tmp_ffhbn_l.py\", line 16, in <module>\n    test_check()\n  File \"/tmp/tmp_ffhbn_l.py\", line 14, in test_check\n    check(radian_degree)\n  File \"/tmp/tmp_ffhbn_l.py\", line 9, in check\n    assert candidate(90) == 1.5707963267948966\n  File \"/tmp/tmp_ffhbn_l.py\", line 5, in radian_degree\n    return degree * math.pi / 180\nNameError: name 'math' is not defined\n",
      "exit_code": 1,
      "status": "Exception"
    },
    {
      "program": "def radian_degree(degree: int) -> float:\n    \"\"\"\n\tWrite a function to convert degrees to radians.\n\t\"\"\"\n    return degree * math.pi / 180\n\n\ndef check(candidate):\n    assert candidate(90) == 1.5707963267948966\n    assert candidate(60) == 1.0471975511965976\n    assert candidate(120) == 2.0943951023931953\n\ndef test_check():\n    check(radian_degree)\n\ntest_check()\n",
      "timestamp": 1665510308,
      "stdout": "",
      "stderr": "Traceback (most recent call last):\n  File \"/tmp/tmp_ffhbn_l.py\", line 16, in <module>\n    test_check()\n  File \"/tmp/tmp_ffhbn_l.py\", line 14, in test_check\n    check(radian_degree)\n  File \"/tmp/tmp_ffhbn_l.py\", line 9, in check\n    assert candidate(90) == 1.5707963267948966\n  File \"/tmp/tmp_ffhbn_l.py\", line 5, in radian_degree\n    return degree * math.pi / 180\nNameError: name 'math' is not defined\n",
      "exit_code": 1,
      "status": "Exception"
    },
    {
      "program": "def radian_degree(degree: int) -> float:\n    \"\"\"\n\tWrite a function to convert degrees to radians.\n\t\"\"\"\n    return degree * math.pi / 180\n\n\ndef check(candidate):\n    assert candidate(90) == 1.5707963267948966\n    assert candidate(60) == 1.0471975511965976\n    assert candidate(120) == 2.0943951023931953\n\ndef test_check():\n    check(radian_degree)\n\ntest_check()\n",
      "timestamp": 1665510308,
      "stdout": "",
      "stderr": "Traceback (most recent call last):\n  File \"/tmp/tmp_ffhbn_l.py\", line 16, in <module>\n    test_check()\n  File \"/tmp/tmp_ffhbn_l.py\", line 14, in test_check\n    check(radian_degree)\n  File \"/tmp/tmp_ffhbn_l.py\", line 9, in check\n    assert candidate(90) == 1.5707963267948966\n  File \"/tmp/tmp_ffhbn_l.py\", line 5, in radian_degree\n    return degree * math.pi / 180\nNameError: name 'math' is not defined\n",
      "exit_code": 1,
      "status": "Exception"
    },
    {
      "program": "def radian_degree(degree: int) -> float:\n    \"\"\"\n\tWrite a function to convert degrees to radians.\n\t\"\"\"\n    return degree * math.pi / 180\n\n\ndef check(candidate):\n    assert candidate(90) == 1.5707963267948966\n    assert candidate(60) == 1.0471975511965976\n    assert candidate(120) == 2.0943951023931953\n\ndef test_check():\n    check(radian_degree)\n\ntest_check()\n",
      "timestamp": 1665510308,
      "stdout": "",
      "stderr": "Traceback (most recent call last):\n  File \"/tmp/tmp_ffhbn_l.py\", line 16, in <module>\n    test_check()\n  File \"/tmp/tmp_ffhbn_l.py\", line 14, in test_check\n    check(radian_degree)\n  File \"/tmp/tmp_ffhbn_l.py\", line 9, in check\n    assert candidate(90) == 1.5707963267948966\n  File \"/tmp/tmp_ffhbn_l.py\", line 5, in radian_degree\n    return degree * math.pi / 180\nNameError: name 'math' is not defined\n",
      "exit_code": 1,
      "status": "Exception"
    },
    {
      "program": "def radian_degree(degree: int) -> float:\n    \"\"\"\n\tWrite a function to convert degrees to radians.\n\t\"\"\"\n    return degree * math.pi / 180\n\n\ndef check(candidate):\n    assert candidate(90) == 1.5707963267948966\n    assert candidate(60) == 1.0471975511965976\n    assert candidate(120) == 2.0943951023931953\n\ndef test_check():\n    check(radian_degree)\n\ntest_check()\n",
      "timestamp": 1665510308,
      "stdout": "",
      "stderr": "Traceback (most recent call last):\n  File \"/tmp/tmp_ffhbn_l.py\", line 16, in <module>\n    test_check()\n  File \"/tmp/tmp_ffhbn_l.py\", line 14, in test_check\n    check(radian_degree)\n  File \"/tmp/tmp_ffhbn_l.py\", line 9, in check\n    assert candidate(90) == 1.5707963267948966\n  File \"/tmp/tmp_ffhbn_l.py\", line 5, in radian_degree\n    return degree * math.pi / 180\nNameError: name 'math' is not defined\n",
      "exit_code": 1,
      "status": "Exception"
    },
    {
      "program": "def radian_degree(degree: int) -> float:\n    \"\"\"\n\tWrite a function to convert degrees to radians.\n\t\"\"\"\n    return degree * math.pi / 180\n\n\ndef check(candidate):\n    assert candidate(90) == 1.5707963267948966\n    assert candidate(60) == 1.0471975511965976\n    assert candidate(120) == 2.0943951023931953\n\ndef test_check():\n    check(radian_degree)\n\ntest_check()\n",
      "timestamp": 1665510308,
      "stdout": "",
      "stderr": "Traceback (most recent call last):\n  File \"/tmp/tmp_ffhbn_l.py\", line 16, in <module>\n    test_check()\n  File \"/tmp/tmp_ffhbn_l.py\", line 14, in test_check\n    check(radian_degree)\n  File \"/tmp/tmp_ffhbn_l.py\", line 9, in check\n    assert candidate(90) == 1.5707963267948966\n  File \"/tmp/tmp_ffhbn_l.py\", line 5, in radian_degree\n    return degree * math.pi / 180\nNameError: name 'math' is not defined\n",
      "exit_code": 1,
      "status": "Exception"
    },
    {
      "program": "def radian_degree(degree: int) -> float:\n    \"\"\"\n\tWrite a function to convert degrees to radians.\n\t\"\"\"\n    return degree * math.pi / 180\n\n\ndef check(candidate):\n    assert candidate(90) == 1.5707963267948966\n    assert candidate(60) == 1.0471975511965976\n    assert candidate(120) == 2.0943951023931953\n\ndef test_check():\n    check(radian_degree)\n\ntest_check()\n",
      "timestamp": 1665510308,
      "stdout": "",
      "stderr": "Traceback (most recent call last):\n  File \"/tmp/tmp_ffhbn_l.py\", line 16, in <module>\n    test_check()\n  File \"/tmp/tmp_ffhbn_l.py\", line 14, in test_check\n    check(radian_degree)\n  File \"/tmp/tmp_ffhbn_l.py\", line 9, in check\n    assert candidate(90) == 1.5707963267948966\n  File \"/tmp/tmp_ffhbn_l.py\", line 5, in radian_degree\n    return degree * math.pi / 180\nNameError: name 'math' is not defined\n",
      "exit_code": 1,
      "status": "Exception"
    },
    {
      "program": "def radian_degree(degree: int) -> float:\n    \"\"\"\n\tWrite a function to convert degrees to radians.\n\t\"\"\"\n    return degree * math.pi / 180\n\n\ndef check(candidate):\n    assert candidate(90) == 1.5707963267948966\n    assert candidate(60) == 1.0471975511965976\n    assert candidate(120) == 2.0943951023931953\n\ndef test_check():\n    check(radian_degree)\n\ntest_check()\n",
      "timestamp": 1665510308,
      "stdout": "",
      "stderr": "Traceback (most recent call last):\n  File \"/tmp/tmp_ffhbn_l.py\", line 16, in <module>\n    test_check()\n  File \"/tmp/tmp_ffhbn_l.py\", line 14, in test_check\n    check(radian_degree)\n  File \"/tmp/tmp_ffhbn_l.py\", line 9, in check\n    assert candidate(90) == 1.5707963267948966\n  File \"/tmp/tmp_ffhbn_l.py\", line 5, in radian_degree\n    return degree * math.pi / 180\nNameError: name 'math' is not defined\n",
      "exit_code": 1,
      "status": "Exception"
    },
    {
      "program": "def radian_degree(degree: int) -> float:\n    \"\"\"\n\tWrite a function to convert degrees to radians.\n\t\"\"\"\n    return degree * math.pi / 180\n\n\ndef check(candidate):\n    assert candidate(90) == 1.5707963267948966\n    assert candidate(60) == 1.0471975511965976\n    assert candidate(120) == 2.0943951023931953\n\ndef test_check():\n    check(radian_degree)\n\ntest_check()\n",
      "timestamp": 1665510308,
      "stdout": "",
      "stderr": "Traceback (most recent call last):\n  File \"/tmp/tmp_ffhbn_l.py\", line 16, in <module>\n    test_check()\n  File \"/tmp/tmp_ffhbn_l.py\", line 14, in test_check\n    check(radian_degree)\n  File \"/tmp/tmp_ffhbn_l.py\", line 9, in check\n    assert candidate(90) == 1.5707963267948966\n  File \"/tmp/tmp_ffhbn_l.py\", line 5, in radian_degree\n    return degree * math.pi / 180\nNameError: name 'math' is not defined\n",
      "exit_code": 1,
      "status": "Exception"
    },
    {
      "program": "def radian_degree(degree: int) -> float:\n    \"\"\"\n\tWrite a function to convert degrees to radians.\n\t\"\"\"\n    return degree * math.pi / 180\n\n\ndef check(candidate):\n    assert candidate(90) == 1.5707963267948966\n    assert candidate(60) == 1.0471975511965976\n    assert candidate(120) == 2.0943951023931953\n\ndef test_check():\n    check(radian_degree)\n\ntest_check()\n",
      "timestamp": 1665510308,
      "stdout": "",
      "stderr": "Traceback (most recent call last):\n  File \"/tmp/tmp_ffhbn_l.py\", line 16, in <module>\n    test_check()\n  File \"/tmp/tmp_ffhbn_l.py\", line 14, in test_check\n    check(radian_degree)\n  File \"/tmp/tmp_ffhbn_l.py\", line 9, in check\n    assert candidate(90) == 1.5707963267948966\n  File \"/tmp/tmp_ffhbn_l.py\", line 5, in radian_degree\n    return degree * math.pi / 180\nNameError: name 'math' is not defined\n",
      "exit_code": 1,
      "status": "Exception"
    },
    {
      "program": "def radian_degree(degree: int) -> float:\n    \"\"\"\n\tWrite a function to convert degrees to radians.\n\t\"\"\"\n    return degree * math.pi / 180\n\n\ndef check(candidate):\n    assert candidate(90) == 1.5707963267948966\n    assert candidate(60) == 1.0471975511965976\n    assert candidate(120) == 2.0943951023931953\n\ndef test_check():\n    check(radian_degree)\n\ntest_check()\n",
      "timestamp": 1665510308,
      "stdout": "",
      "stderr": "Traceback (most recent call last):\n  File \"/tmp/tmp_ffhbn_l.py\", line 16, in <module>\n    test_check()\n  File \"/tmp/tmp_ffhbn_l.py\", line 14, in test_check\n    check(radian_degree)\n  File \"/tmp/tmp_ffhbn_l.py\", line 9, in check\n    assert candidate(90) == 1.5707963267948966\n  File \"/tmp/tmp_ffhbn_l.py\", line 5, in radian_degree\n    return degree * math.pi / 180\nNameError: name 'math' is not defined\n",
      "exit_code": 1,
      "status": "Exception"
    },
    {
      "program": "def radian_degree(degree: int) -> float:\n    \"\"\"\n\tWrite a function to convert degrees to radians.\n\t\"\"\"\n    return degree * math.pi / 180\n\n\ndef check(candidate):\n    assert candidate(90) == 1.5707963267948966\n    assert candidate(60) == 1.0471975511965976\n    assert candidate(120) == 2.0943951023931953\n\ndef test_check():\n    check(radian_degree)\n\ntest_check()\n",
      "timestamp": 1665510308,
      "stdout": "",
      "stderr": "Traceback (most recent call last):\n  File \"/tmp/tmp_ffhbn_l.py\", line 16, in <module>\n    test_check()\n  File \"/tmp/tmp_ffhbn_l.py\", line 14, in test_check\n    check(radian_degree)\n  File \"/tmp/tmp_ffhbn_l.py\", line 9, in check\n    assert candidate(90) == 1.5707963267948966\n  File \"/tmp/tmp_ffhbn_l.py\", line 5, in radian_degree\n    return degree * math.pi / 180\nNameError: name 'math' is not defined\n",
      "exit_code": 1,
      "status": "Exception"
    },
    {
      "program": "def radian_degree(degree: int) -> float:\n    \"\"\"\n\tWrite a function to convert degrees to radians.\n\t\"\"\"\n    return degree * math.pi / 180\n\n\ndef check(candidate):\n    assert candidate(90) == 1.5707963267948966\n    assert candidate(60) == 1.0471975511965976\n    assert candidate(120) == 2.0943951023931953\n\ndef test_check():\n    check(radian_degree)\n\ntest_check()\n",
      "timestamp": 1665510308,
      "stdout": "",
      "stderr": "Traceback (most recent call last):\n  File \"/tmp/tmp_ffhbn_l.py\", line 16, in <module>\n    test_check()\n  File \"/tmp/tmp_ffhbn_l.py\", line 14, in test_check\n    check(radian_degree)\n  File \"/tmp/tmp_ffhbn_l.py\", line 9, in check\n    assert candidate(90) == 1.5707963267948966\n  File \"/tmp/tmp_ffhbn_l.py\", line 5, in radian_degree\n    return degree * math.pi / 180\nNameError: name 'math' is not defined\n",
      "exit_code": 1,
      "status": "Exception"
    },
    {
      "program": "def radian_degree(degree: int) -> float:\n    \"\"\"\n\tWrite a function to convert degrees to radians.\n\t\"\"\"\n    return degree * math.pi / 180\n\n\ndef check(candidate):\n    assert candidate(90) == 1.5707963267948966\n    assert candidate(60) == 1.0471975511965976\n    assert candidate(120) == 2.0943951023931953\n\ndef test_check():\n    check(radian_degree)\n\ntest_check()\n",
      "timestamp": 1665510308,
      "stdout": "",
      "stderr": "Traceback (most recent call last):\n  File \"/tmp/tmp_ffhbn_l.py\", line 16, in <module>\n    test_check()\n  File \"/tmp/tmp_ffhbn_l.py\", line 14, in test_check\n    check(radian_degree)\n  File \"/tmp/tmp_ffhbn_l.py\", line 9, in check\n    assert candidate(90) == 1.5707963267948966\n  File \"/tmp/tmp_ffhbn_l.py\", line 5, in radian_degree\n    return degree * math.pi / 180\nNameError: name 'math' is not defined\n",
      "exit_code": 1,
      "status": "Exception"
    },
    {
      "program": "def radian_degree(degree: int) -> float:\n    \"\"\"\n\tWrite a function to convert degrees to radians.\n\t\"\"\"\n    return degree * math.pi / 180\n\n\ndef check(candidate):\n    assert candidate(90) == 1.5707963267948966\n    assert candidate(60) == 1.0471975511965976\n    assert candidate(120) == 2.0943951023931953\n\ndef test_check():\n    check(radian_degree)\n\ntest_check()\n",
      "timestamp": 1665510308,
      "stdout": "",
      "stderr": "Traceback (most recent call last):\n  File \"/tmp/tmp_ffhbn_l.py\", line 16, in <module>\n    test_check()\n  File \"/tmp/tmp_ffhbn_l.py\", line 14, in test_check\n    check(radian_degree)\n  File \"/tmp/tmp_ffhbn_l.py\", line 9, in check\n    assert candidate(90) == 1.5707963267948966\n  File \"/tmp/tmp_ffhbn_l.py\", line 5, in radian_degree\n    return degree * math.pi / 180\nNameError: name 'math' is not defined\n",
      "exit_code": 1,
      "status": "Exception"
    },
    {
      "program": "def radian_degree(degree: int) -> float:\n    \"\"\"\n\tWrite a function to convert degrees to radians.\n\t\"\"\"\n    return degree * math.pi / 180\n\n\ndef check(candidate):\n    assert candidate(90) == 1.5707963267948966\n    assert candidate(60) == 1.0471975511965976\n    assert candidate(120) == 2.0943951023931953\n\ndef test_check():\n    check(radian_degree)\n\ntest_check()\n",
      "timestamp": 1665510308,
      "stdout": "",
      "stderr": "Traceback (most recent call last):\n  File \"/tmp/tmp_ffhbn_l.py\", line 16, in <module>\n    test_check()\n  File \"/tmp/tmp_ffhbn_l.py\", line 14, in test_check\n    check(radian_degree)\n  File \"/tmp/tmp_ffhbn_l.py\", line 9, in check\n    assert candidate(90) == 1.5707963267948966\n  File \"/tmp/tmp_ffhbn_l.py\", line 5, in radian_degree\n    return degree * math.pi / 180\nNameError: name 'math' is not defined\n",
      "exit_code": 1,
      "status": "Exception"
    },
    {
      "program": "def radian_degree(degree: int) -> float:\n    \"\"\"\n\tWrite a function to convert degrees to radians.\n\t\"\"\"\n    return degree * math.pi / 180\n\n\ndef check(candidate):\n    assert candidate(90) == 1.5707963267948966\n    assert candidate(60) == 1.0471975511965976\n    assert candidate(120) == 2.0943951023931953\n\ndef test_check():\n    check(radian_degree)\n\ntest_check()\n",
      "timestamp": 1665510308,
      "stdout": "",
      "stderr": "Traceback (most recent call last):\n  File \"/tmp/tmp_ffhbn_l.py\", line 16, in <module>\n    test_check()\n  File \"/tmp/tmp_ffhbn_l.py\", line 14, in test_check\n    check(radian_degree)\n  File \"/tmp/tmp_ffhbn_l.py\", line 9, in check\n    assert candidate(90) == 1.5707963267948966\n  File \"/tmp/tmp_ffhbn_l.py\", line 5, in radian_degree\n    return degree * math.pi / 180\nNameError: name 'math' is not defined\n",
      "exit_code": 1,
      "status": "Exception"
    },
    {
      "program": "def radian_degree(degree: int) -> float:\n    \"\"\"\n\tWrite a function to convert degrees to radians.\n\t\"\"\"\n    return degree * pi / 180\n\n\ndef check(candidate):\n    assert candidate(90) == 1.5707963267948966\n    assert candidate(60) == 1.0471975511965976\n    assert candidate(120) == 2.0943951023931953\n\ndef test_check():\n    check(radian_degree)\n\ntest_check()\n",
      "timestamp": 1666123126,
      "stdout": "",
      "stderr": "Traceback (most recent call last):\n  File \"/tmp/tmpv2_ybyk0.py\", line 16, in <module>\n    test_check()\n  File \"/tmp/tmpv2_ybyk0.py\", line 14, in test_check\n    check(radian_degree)\n  File \"/tmp/tmpv2_ybyk0.py\", line 9, in check\n    assert candidate(90) == 1.5707963267948966\n  File \"/tmp/tmpv2_ybyk0.py\", line 5, in radian_degree\n    return degree * pi / 180\nNameError: name 'pi' is not defined\n",
      "exit_code": 1,
      "status": "Exception"
    },
    {
      "program": "def radian_degree(degree: int) -> float:\n    \"\"\"\n\tWrite a function to convert degrees to radians.\n\t\"\"\"\n    return degree * pi / 180\n\n\ndef check(candidate):\n    assert candidate(90) == 1.5707963267948966\n    assert candidate(60) == 1.0471975511965976\n    assert candidate(120) == 2.0943951023931953\n\ndef test_check():\n    check(radian_degree)\n\ntest_check()\n",
      "timestamp": 1666123126,
      "stdout": "",
      "stderr": "Traceback (most recent call last):\n  File \"/tmp/tmpv2_ybyk0.py\", line 16, in <module>\n    test_check()\n  File \"/tmp/tmpv2_ybyk0.py\", line 14, in test_check\n    check(radian_degree)\n  File \"/tmp/tmpv2_ybyk0.py\", line 9, in check\n    assert candidate(90) == 1.5707963267948966\n  File \"/tmp/tmpv2_ybyk0.py\", line 5, in radian_degree\n    return degree * pi / 180\nNameError: name 'pi' is not defined\n",
      "exit_code": 1,
      "status": "Exception"
    },
    {
      "program": "def radian_degree(degree: int) -> float:\n    \"\"\"\n\tWrite a function to convert degrees to radians.\n\t\"\"\"\n    return degree * math.pi / 180\n\n\ndef check(candidate):\n    assert candidate(90) == 1.5707963267948966\n    assert candidate(60) == 1.0471975511965976\n    assert candidate(120) == 2.0943951023931953\n\ndef test_check():\n    check(radian_degree)\n\ntest_check()\n",
      "timestamp": 1665510308,
      "stdout": "",
      "stderr": "Traceback (most recent call last):\n  File \"/tmp/tmp_ffhbn_l.py\", line 16, in <module>\n    test_check()\n  File \"/tmp/tmp_ffhbn_l.py\", line 14, in test_check\n    check(radian_degree)\n  File \"/tmp/tmp_ffhbn_l.py\", line 9, in check\n    assert candidate(90) == 1.5707963267948966\n  File \"/tmp/tmp_ffhbn_l.py\", line 5, in radian_degree\n    return degree * math.pi / 180\nNameError: name 'math' is not defined\n",
      "exit_code": 1,
      "status": "Exception"
    },
    {
      "program": "def radian_degree(degree: int) -> float:\n    \"\"\"\n\tWrite a function to convert degrees to radians.\n\t\"\"\"\n    return degree * math.pi / 180\n\n\ndef check(candidate):\n    assert candidate(90) == 1.5707963267948966\n    assert candidate(60) == 1.0471975511965976\n    assert candidate(120) == 2.0943951023931953\n\ndef test_check():\n    check(radian_degree)\n\ntest_check()\n",
      "timestamp": 1665510308,
      "stdout": "",
      "stderr": "Traceback (most recent call last):\n  File \"/tmp/tmp_ffhbn_l.py\", line 16, in <module>\n    test_check()\n  File \"/tmp/tmp_ffhbn_l.py\", line 14, in test_check\n    check(radian_degree)\n  File \"/tmp/tmp_ffhbn_l.py\", line 9, in check\n    assert candidate(90) == 1.5707963267948966\n  File \"/tmp/tmp_ffhbn_l.py\", line 5, in radian_degree\n    return degree * math.pi / 180\nNameError: name 'math' is not defined\n",
      "exit_code": 1,
      "status": "Exception"
    },
    {
      "program": "def radian_degree(degree: int) -> float:\n    \"\"\"\n\tWrite a function to convert degrees to radians.\n\t\"\"\"\n    return degree * math.pi / 180\n\n\ndef check(candidate):\n    assert candidate(90) == 1.5707963267948966\n    assert candidate(60) == 1.0471975511965976\n    assert candidate(120) == 2.0943951023931953\n\ndef test_check():\n    check(radian_degree)\n\ntest_check()\n",
      "timestamp": 1665510308,
      "stdout": "",
      "stderr": "Traceback (most recent call last):\n  File \"/tmp/tmp_ffhbn_l.py\", line 16, in <module>\n    test_check()\n  File \"/tmp/tmp_ffhbn_l.py\", line 14, in test_check\n    check(radian_degree)\n  File \"/tmp/tmp_ffhbn_l.py\", line 9, in check\n    assert candidate(90) == 1.5707963267948966\n  File \"/tmp/tmp_ffhbn_l.py\", line 5, in radian_degree\n    return degree * math.pi / 180\nNameError: name 'math' is not defined\n",
      "exit_code": 1,
      "status": "Exception"
    },
    {
      "program": "def radian_degree(degree: int) -> float:\n    \"\"\"\n\tWrite a function to convert degrees to radians.\n\t\"\"\"\n    return degree * (math.pi / 180)\n\n\ndef check(candidate):\n    assert candidate(90) == 1.5707963267948966\n    assert candidate(60) == 1.0471975511965976\n    assert candidate(120) == 2.0943951023931953\n\ndef test_check():\n    check(radian_degree)\n\ntest_check()\n",
      "timestamp": 1665510308,
      "stdout": "",
      "stderr": "Traceback (most recent call last):\n  File \"/tmp/tmp_ted8u8u.py\", line 16, in <module>\n    test_check()\n  File \"/tmp/tmp_ted8u8u.py\", line 14, in test_check\n    check(radian_degree)\n  File \"/tmp/tmp_ted8u8u.py\", line 9, in check\n    assert candidate(90) == 1.5707963267948966\n  File \"/tmp/tmp_ted8u8u.py\", line 5, in radian_degree\n    return degree * (math.pi / 180)\nNameError: name 'math' is not defined\n",
      "exit_code": 1,
      "status": "Exception"
    },
    {
      "program": "def radian_degree(degree: int) -> float:\n    \"\"\"\n\tWrite a function to convert degrees to radians.\n\t\"\"\"\n    return degree * math.pi / 180\n\n\ndef check(candidate):\n    assert candidate(90) == 1.5707963267948966\n    assert candidate(60) == 1.0471975511965976\n    assert candidate(120) == 2.0943951023931953\n\ndef test_check():\n    check(radian_degree)\n\ntest_check()\n",
      "timestamp": 1665510308,
      "stdout": "",
      "stderr": "Traceback (most recent call last):\n  File \"/tmp/tmp_ffhbn_l.py\", line 16, in <module>\n    test_check()\n  File \"/tmp/tmp_ffhbn_l.py\", line 14, in test_check\n    check(radian_degree)\n  File \"/tmp/tmp_ffhbn_l.py\", line 9, in check\n    assert candidate(90) == 1.5707963267948966\n  File \"/tmp/tmp_ffhbn_l.py\", line 5, in radian_degree\n    return degree * math.pi / 180\nNameError: name 'math' is not defined\n",
      "exit_code": 1,
      "status": "Exception"
    },
    {
      "program": "def radian_degree(degree: int) -> float:\n    \"\"\"\n\tWrite a function to convert degrees to radians.\n\t\"\"\"\n    return degree * math.pi / 180\n\n\ndef check(candidate):\n    assert candidate(90) == 1.5707963267948966\n    assert candidate(60) == 1.0471975511965976\n    assert candidate(120) == 2.0943951023931953\n\ndef test_check():\n    check(radian_degree)\n\ntest_check()\n",
      "timestamp": 1665510308,
      "stdout": "",
      "stderr": "Traceback (most recent call last):\n  File \"/tmp/tmp_ffhbn_l.py\", line 16, in <module>\n    test_check()\n  File \"/tmp/tmp_ffhbn_l.py\", line 14, in test_check\n    check(radian_degree)\n  File \"/tmp/tmp_ffhbn_l.py\", line 9, in check\n    assert candidate(90) == 1.5707963267948966\n  File \"/tmp/tmp_ffhbn_l.py\", line 5, in radian_degree\n    return degree * math.pi / 180\nNameError: name 'math' is not defined\n",
      "exit_code": 1,
      "status": "Exception"
    },
    {
      "program": "def radian_degree(degree: int) -> float:\n    \"\"\"\n\tWrite a function to convert degrees to radians.\n\t\"\"\"\n    return degree * (math.pi / 180)\n\n\ndef check(candidate):\n    assert candidate(90) == 1.5707963267948966\n    assert candidate(60) == 1.0471975511965976\n    assert candidate(120) == 2.0943951023931953\n\ndef test_check():\n    check(radian_degree)\n\ntest_check()\n",
      "timestamp": 1665510308,
      "stdout": "",
      "stderr": "Traceback (most recent call last):\n  File \"/tmp/tmp_ted8u8u.py\", line 16, in <module>\n    test_check()\n  File \"/tmp/tmp_ted8u8u.py\", line 14, in test_check\n    check(radian_degree)\n  File \"/tmp/tmp_ted8u8u.py\", line 9, in check\n    assert candidate(90) == 1.5707963267948966\n  File \"/tmp/tmp_ted8u8u.py\", line 5, in radian_degree\n    return degree * (math.pi / 180)\nNameError: name 'math' is not defined\n",
      "exit_code": 1,
      "status": "Exception"
    },
    {
      "program": "def radian_degree(degree: int) -> float:\n    \"\"\"\n\tWrite a function to convert degrees to radians.\n\t\"\"\"\n    return degree * math.pi / 180\n\n\ndef check(candidate):\n    assert candidate(90) == 1.5707963267948966\n    assert candidate(60) == 1.0471975511965976\n    assert candidate(120) == 2.0943951023931953\n\ndef test_check():\n    check(radian_degree)\n\ntest_check()\n",
      "timestamp": 1665510308,
      "stdout": "",
      "stderr": "Traceback (most recent call last):\n  File \"/tmp/tmp_ffhbn_l.py\", line 16, in <module>\n    test_check()\n  File \"/tmp/tmp_ffhbn_l.py\", line 14, in test_check\n    check(radian_degree)\n  File \"/tmp/tmp_ffhbn_l.py\", line 9, in check\n    assert candidate(90) == 1.5707963267948966\n  File \"/tmp/tmp_ffhbn_l.py\", line 5, in radian_degree\n    return degree * math.pi / 180\nNameError: name 'math' is not defined\n",
      "exit_code": 1,
      "status": "Exception"
    },
    {
      "program": "def radian_degree(degree: int) -> float:\n    \"\"\"\n\tWrite a function to convert degrees to radians.\n\t\"\"\"\n    return degree * (math.pi / 180)\n\n\ndef check(candidate):\n    assert candidate(90) == 1.5707963267948966\n    assert candidate(60) == 1.0471975511965976\n    assert candidate(120) == 2.0943951023931953\n\ndef test_check():\n    check(radian_degree)\n\ntest_check()\n",
      "timestamp": 1665510308,
      "stdout": "",
      "stderr": "Traceback (most recent call last):\n  File \"/tmp/tmp_ted8u8u.py\", line 16, in <module>\n    test_check()\n  File \"/tmp/tmp_ted8u8u.py\", line 14, in test_check\n    check(radian_degree)\n  File \"/tmp/tmp_ted8u8u.py\", line 9, in check\n    assert candidate(90) == 1.5707963267948966\n  File \"/tmp/tmp_ted8u8u.py\", line 5, in radian_degree\n    return degree * (math.pi / 180)\nNameError: name 'math' is not defined\n",
      "exit_code": 1,
      "status": "Exception"
    },
    {
      "program": "def radian_degree(degree: int) -> float:\n    \"\"\"\n\tWrite a function to convert degrees to radians.\n\t\"\"\"\n    return degree * (math.pi / 180)\n\n\ndef check(candidate):\n    assert candidate(90) == 1.5707963267948966\n    assert candidate(60) == 1.0471975511965976\n    assert candidate(120) == 2.0943951023931953\n\ndef test_check():\n    check(radian_degree)\n\ntest_check()\n",
      "timestamp": 1665510308,
      "stdout": "",
      "stderr": "Traceback (most recent call last):\n  File \"/tmp/tmp_ted8u8u.py\", line 16, in <module>\n    test_check()\n  File \"/tmp/tmp_ted8u8u.py\", line 14, in test_check\n    check(radian_degree)\n  File \"/tmp/tmp_ted8u8u.py\", line 9, in check\n    assert candidate(90) == 1.5707963267948966\n  File \"/tmp/tmp_ted8u8u.py\", line 5, in radian_degree\n    return degree * (math.pi / 180)\nNameError: name 'math' is not defined\n",
      "exit_code": 1,
      "status": "Exception"
    },
    {
      "program": "def radian_degree(degree: int) -> float:\n    \"\"\"\n\tWrite a function to convert degrees to radians.\n\t\"\"\"\n    return degree * math.pi / 180\n\n\ndef check(candidate):\n    assert candidate(90) == 1.5707963267948966\n    assert candidate(60) == 1.0471975511965976\n    assert candidate(120) == 2.0943951023931953\n\ndef test_check():\n    check(radian_degree)\n\ntest_check()\n",
      "timestamp": 1665510308,
      "stdout": "",
      "stderr": "Traceback (most recent call last):\n  File \"/tmp/tmp_ffhbn_l.py\", line 16, in <module>\n    test_check()\n  File \"/tmp/tmp_ffhbn_l.py\", line 14, in test_check\n    check(radian_degree)\n  File \"/tmp/tmp_ffhbn_l.py\", line 9, in check\n    assert candidate(90) == 1.5707963267948966\n  File \"/tmp/tmp_ffhbn_l.py\", line 5, in radian_degree\n    return degree * math.pi / 180\nNameError: name 'math' is not defined\n",
      "exit_code": 1,
      "status": "Exception"
    },
    {
      "program": "def radian_degree(degree: int) -> float:\n    \"\"\"\n\tWrite a function to convert degrees to radians.\n\t\"\"\"\n    return degree * (math.pi / 180)\n\n\ndef check(candidate):\n    assert candidate(90) == 1.5707963267948966\n    assert candidate(60) == 1.0471975511965976\n    assert candidate(120) == 2.0943951023931953\n\ndef test_check():\n    check(radian_degree)\n\ntest_check()\n",
      "timestamp": 1665510308,
      "stdout": "",
      "stderr": "Traceback (most recent call last):\n  File \"/tmp/tmp_ted8u8u.py\", line 16, in <module>\n    test_check()\n  File \"/tmp/tmp_ted8u8u.py\", line 14, in test_check\n    check(radian_degree)\n  File \"/tmp/tmp_ted8u8u.py\", line 9, in check\n    assert candidate(90) == 1.5707963267948966\n  File \"/tmp/tmp_ted8u8u.py\", line 5, in radian_degree\n    return degree * (math.pi / 180)\nNameError: name 'math' is not defined\n",
      "exit_code": 1,
      "status": "Exception"
    },
    {
      "program": "def radian_degree(degree: int) -> float:\n    \"\"\"\n\tWrite a function to convert degrees to radians.\n\t\"\"\"\n    return degree * math.pi / 180\n\n\ndef check(candidate):\n    assert candidate(90) == 1.5707963267948966\n    assert candidate(60) == 1.0471975511965976\n    assert candidate(120) == 2.0943951023931953\n\ndef test_check():\n    check(radian_degree)\n\ntest_check()\n",
      "timestamp": 1665510308,
      "stdout": "",
      "stderr": "Traceback (most recent call last):\n  File \"/tmp/tmp_ffhbn_l.py\", line 16, in <module>\n    test_check()\n  File \"/tmp/tmp_ffhbn_l.py\", line 14, in test_check\n    check(radian_degree)\n  File \"/tmp/tmp_ffhbn_l.py\", line 9, in check\n    assert candidate(90) == 1.5707963267948966\n  File \"/tmp/tmp_ffhbn_l.py\", line 5, in radian_degree\n    return degree * math.pi / 180\nNameError: name 'math' is not defined\n",
      "exit_code": 1,
      "status": "Exception"
    },
    {
      "program": "def radian_degree(degree: int) -> float:\n    \"\"\"\n\tWrite a function to convert degrees to radians.\n\t\"\"\"\n    return degree * math.pi / 180\n\n\ndef check(candidate):\n    assert candidate(90) == 1.5707963267948966\n    assert candidate(60) == 1.0471975511965976\n    assert candidate(120) == 2.0943951023931953\n\ndef test_check():\n    check(radian_degree)\n\ntest_check()\n",
      "timestamp": 1665510308,
      "stdout": "",
      "stderr": "Traceback (most recent call last):\n  File \"/tmp/tmp_ffhbn_l.py\", line 16, in <module>\n    test_check()\n  File \"/tmp/tmp_ffhbn_l.py\", line 14, in test_check\n    check(radian_degree)\n  File \"/tmp/tmp_ffhbn_l.py\", line 9, in check\n    assert candidate(90) == 1.5707963267948966\n  File \"/tmp/tmp_ffhbn_l.py\", line 5, in radian_degree\n    return degree * math.pi / 180\nNameError: name 'math' is not defined\n",
      "exit_code": 1,
      "status": "Exception"
    },
    {
      "program": "def radian_degree(degree: int) -> float:\n    \"\"\"\n\tWrite a function to convert degrees to radians.\n\t\"\"\"\n    return degree * math.pi / 180\n\n\ndef check(candidate):\n    assert candidate(90) == 1.5707963267948966\n    assert candidate(60) == 1.0471975511965976\n    assert candidate(120) == 2.0943951023931953\n\ndef test_check():\n    check(radian_degree)\n\ntest_check()\n",
      "timestamp": 1665510308,
      "stdout": "",
      "stderr": "Traceback (most recent call last):\n  File \"/tmp/tmp_ffhbn_l.py\", line 16, in <module>\n    test_check()\n  File \"/tmp/tmp_ffhbn_l.py\", line 14, in test_check\n    check(radian_degree)\n  File \"/tmp/tmp_ffhbn_l.py\", line 9, in check\n    assert candidate(90) == 1.5707963267948966\n  File \"/tmp/tmp_ffhbn_l.py\", line 5, in radian_degree\n    return degree * math.pi / 180\nNameError: name 'math' is not defined\n",
      "exit_code": 1,
      "status": "Exception"
    },
    {
      "program": "def radian_degree(degree: int) -> float:\n    \"\"\"\n\tWrite a function to convert degrees to radians.\n\t\"\"\"\n    return degree * math.pi / 180\n\n\ndef check(candidate):\n    assert candidate(90) == 1.5707963267948966\n    assert candidate(60) == 1.0471975511965976\n    assert candidate(120) == 2.0943951023931953\n\ndef test_check():\n    check(radian_degree)\n\ntest_check()\n",
      "timestamp": 1665510308,
      "stdout": "",
      "stderr": "Traceback (most recent call last):\n  File \"/tmp/tmp_ffhbn_l.py\", line 16, in <module>\n    test_check()\n  File \"/tmp/tmp_ffhbn_l.py\", line 14, in test_check\n    check(radian_degree)\n  File \"/tmp/tmp_ffhbn_l.py\", line 9, in check\n    assert candidate(90) == 1.5707963267948966\n  File \"/tmp/tmp_ffhbn_l.py\", line 5, in radian_degree\n    return degree * math.pi / 180\nNameError: name 'math' is not defined\n",
      "exit_code": 1,
      "status": "Exception"
    },
    {
      "program": "def radian_degree(degree: int) -> float:\n    \"\"\"\n\tWrite a function to convert degrees to radians.\n\t\"\"\"\n    return degree * math.pi / 180\n\n\ndef check(candidate):\n    assert candidate(90) == 1.5707963267948966\n    assert candidate(60) == 1.0471975511965976\n    assert candidate(120) == 2.0943951023931953\n\ndef test_check():\n    check(radian_degree)\n\ntest_check()\n",
      "timestamp": 1665510308,
      "stdout": "",
      "stderr": "Traceback (most recent call last):\n  File \"/tmp/tmp_ffhbn_l.py\", line 16, in <module>\n    test_check()\n  File \"/tmp/tmp_ffhbn_l.py\", line 14, in test_check\n    check(radian_degree)\n  File \"/tmp/tmp_ffhbn_l.py\", line 9, in check\n    assert candidate(90) == 1.5707963267948966\n  File \"/tmp/tmp_ffhbn_l.py\", line 5, in radian_degree\n    return degree * math.pi / 180\nNameError: name 'math' is not defined\n",
      "exit_code": 1,
      "status": "Exception"
    },
    {
      "program": "def radian_degree(degree: int) -> float:\n    \"\"\"\n\tWrite a function to convert degrees to radians.\n\t\"\"\"\n    return degree * math.pi / 180\n\n\ndef check(candidate):\n    assert candidate(90) == 1.5707963267948966\n    assert candidate(60) == 1.0471975511965976\n    assert candidate(120) == 2.0943951023931953\n\ndef test_check():\n    check(radian_degree)\n\ntest_check()\n",
      "timestamp": 1665510308,
      "stdout": "",
      "stderr": "Traceback (most recent call last):\n  File \"/tmp/tmp_ffhbn_l.py\", line 16, in <module>\n    test_check()\n  File \"/tmp/tmp_ffhbn_l.py\", line 14, in test_check\n    check(radian_degree)\n  File \"/tmp/tmp_ffhbn_l.py\", line 9, in check\n    assert candidate(90) == 1.5707963267948966\n  File \"/tmp/tmp_ffhbn_l.py\", line 5, in radian_degree\n    return degree * math.pi / 180\nNameError: name 'math' is not defined\n",
      "exit_code": 1,
      "status": "Exception"
    },
    {
      "program": "def radian_degree(degree: int) -> float:\n    \"\"\"\n\tWrite a function to convert degrees to radians.\n\t\"\"\"\n    return degree * pi / 180\n\n\ndef check(candidate):\n    assert candidate(90) == 1.5707963267948966\n    assert candidate(60) == 1.0471975511965976\n    assert candidate(120) == 2.0943951023931953\n\ndef test_check():\n    check(radian_degree)\n\ntest_check()\n",
      "timestamp": 1666123126,
      "stdout": "",
      "stderr": "Traceback (most recent call last):\n  File \"/tmp/tmpv2_ybyk0.py\", line 16, in <module>\n    test_check()\n  File \"/tmp/tmpv2_ybyk0.py\", line 14, in test_check\n    check(radian_degree)\n  File \"/tmp/tmpv2_ybyk0.py\", line 9, in check\n    assert candidate(90) == 1.5707963267948966\n  File \"/tmp/tmpv2_ybyk0.py\", line 5, in radian_degree\n    return degree * pi / 180\nNameError: name 'pi' is not defined\n",
      "exit_code": 1,
      "status": "Exception"
    },
    {
      "program": "def radian_degree(degree: int) -> float:\n    \"\"\"\n\tWrite a function to convert degrees to radians.\n\t\"\"\"\n    return degree * math.pi / 180\n\n\ndef check(candidate):\n    assert candidate(90) == 1.5707963267948966\n    assert candidate(60) == 1.0471975511965976\n    assert candidate(120) == 2.0943951023931953\n\ndef test_check():\n    check(radian_degree)\n\ntest_check()\n",
      "timestamp": 1665510308,
      "stdout": "",
      "stderr": "Traceback (most recent call last):\n  File \"/tmp/tmp_ffhbn_l.py\", line 16, in <module>\n    test_check()\n  File \"/tmp/tmp_ffhbn_l.py\", line 14, in test_check\n    check(radian_degree)\n  File \"/tmp/tmp_ffhbn_l.py\", line 9, in check\n    assert candidate(90) == 1.5707963267948966\n  File \"/tmp/tmp_ffhbn_l.py\", line 5, in radian_degree\n    return degree * math.pi / 180\nNameError: name 'math' is not defined\n",
      "exit_code": 1,
      "status": "Exception"
    },
    {
      "program": "def radian_degree(degree: int) -> float:\n    \"\"\"\n\tWrite a function to convert degrees to radians.\n\t\"\"\"\n    return degree * math.pi / 180\n\n\ndef check(candidate):\n    assert candidate(90) == 1.5707963267948966\n    assert candidate(60) == 1.0471975511965976\n    assert candidate(120) == 2.0943951023931953\n\ndef test_check():\n    check(radian_degree)\n\ntest_check()\n",
      "timestamp": 1665510308,
      "stdout": "",
      "stderr": "Traceback (most recent call last):\n  File \"/tmp/tmp_ffhbn_l.py\", line 16, in <module>\n    test_check()\n  File \"/tmp/tmp_ffhbn_l.py\", line 14, in test_check\n    check(radian_degree)\n  File \"/tmp/tmp_ffhbn_l.py\", line 9, in check\n    assert candidate(90) == 1.5707963267948966\n  File \"/tmp/tmp_ffhbn_l.py\", line 5, in radian_degree\n    return degree * math.pi / 180\nNameError: name 'math' is not defined\n",
      "exit_code": 1,
      "status": "Exception"
    },
    {
      "program": "def radian_degree(degree: int) -> float:\n    \"\"\"\n\tWrite a function to convert degrees to radians.\n\t\"\"\"\n    return degree * math.pi / 180\n\n\ndef check(candidate):\n    assert candidate(90) == 1.5707963267948966\n    assert candidate(60) == 1.0471975511965976\n    assert candidate(120) == 2.0943951023931953\n\ndef test_check():\n    check(radian_degree)\n\ntest_check()\n",
      "timestamp": 1665510308,
      "stdout": "",
      "stderr": "Traceback (most recent call last):\n  File \"/tmp/tmp_ffhbn_l.py\", line 16, in <module>\n    test_check()\n  File \"/tmp/tmp_ffhbn_l.py\", line 14, in test_check\n    check(radian_degree)\n  File \"/tmp/tmp_ffhbn_l.py\", line 9, in check\n    assert candidate(90) == 1.5707963267948966\n  File \"/tmp/tmp_ffhbn_l.py\", line 5, in radian_degree\n    return degree * math.pi / 180\nNameError: name 'math' is not defined\n",
      "exit_code": 1,
      "status": "Exception"
    },
    {
      "program": "def radian_degree(degree: int) -> float:\n    \"\"\"\n\tWrite a function to convert degrees to radians.\n\t\"\"\"\n    return degree * math.pi / 180\n\n\ndef check(candidate):\n    assert candidate(90) == 1.5707963267948966\n    assert candidate(60) == 1.0471975511965976\n    assert candidate(120) == 2.0943951023931953\n\ndef test_check():\n    check(radian_degree)\n\ntest_check()\n",
      "timestamp": 1665510308,
      "stdout": "",
      "stderr": "Traceback (most recent call last):\n  File \"/tmp/tmp_ffhbn_l.py\", line 16, in <module>\n    test_check()\n  File \"/tmp/tmp_ffhbn_l.py\", line 14, in test_check\n    check(radian_degree)\n  File \"/tmp/tmp_ffhbn_l.py\", line 9, in check\n    assert candidate(90) == 1.5707963267948966\n  File \"/tmp/tmp_ffhbn_l.py\", line 5, in radian_degree\n    return degree * math.pi / 180\nNameError: name 'math' is not defined\n",
      "exit_code": 1,
      "status": "Exception"
    },
    {
      "program": "def radian_degree(degree: int) -> float:\n    \"\"\"\n\tWrite a function to convert degrees to radians.\n\t\"\"\"\n    return degree * (math.pi / 180)\n\n\ndef check(candidate):\n    assert candidate(90) == 1.5707963267948966\n    assert candidate(60) == 1.0471975511965976\n    assert candidate(120) == 2.0943951023931953\n\ndef test_check():\n    check(radian_degree)\n\ntest_check()\n",
      "timestamp": 1665510308,
      "stdout": "",
      "stderr": "Traceback (most recent call last):\n  File \"/tmp/tmp_ted8u8u.py\", line 16, in <module>\n    test_check()\n  File \"/tmp/tmp_ted8u8u.py\", line 14, in test_check\n    check(radian_degree)\n  File \"/tmp/tmp_ted8u8u.py\", line 9, in check\n    assert candidate(90) == 1.5707963267948966\n  File \"/tmp/tmp_ted8u8u.py\", line 5, in radian_degree\n    return degree * (math.pi / 180)\nNameError: name 'math' is not defined\n",
      "exit_code": 1,
      "status": "Exception"
    },
    {
      "program": "def radian_degree(degree: int) -> float:\n    \"\"\"\n\tWrite a function to convert degrees to radians.\n\t\"\"\"\n    return degree * (math.pi / 180)\n\n\ndef check(candidate):\n    assert candidate(90) == 1.5707963267948966\n    assert candidate(60) == 1.0471975511965976\n    assert candidate(120) == 2.0943951023931953\n\ndef test_check():\n    check(radian_degree)\n\ntest_check()\n",
      "timestamp": 1665510308,
      "stdout": "",
      "stderr": "Traceback (most recent call last):\n  File \"/tmp/tmp_ted8u8u.py\", line 16, in <module>\n    test_check()\n  File \"/tmp/tmp_ted8u8u.py\", line 14, in test_check\n    check(radian_degree)\n  File \"/tmp/tmp_ted8u8u.py\", line 9, in check\n    assert candidate(90) == 1.5707963267948966\n  File \"/tmp/tmp_ted8u8u.py\", line 5, in radian_degree\n    return degree * (math.pi / 180)\nNameError: name 'math' is not defined\n",
      "exit_code": 1,
      "status": "Exception"
    },
    {
      "program": "def radian_degree(degree: int) -> float:\n    \"\"\"\n\tWrite a function to convert degrees to radians.\n\t\"\"\"\n    return degree * math.pi / 180\n\n\ndef check(candidate):\n    assert candidate(90) == 1.5707963267948966\n    assert candidate(60) == 1.0471975511965976\n    assert candidate(120) == 2.0943951023931953\n\ndef test_check():\n    check(radian_degree)\n\ntest_check()\n",
      "timestamp": 1665510308,
      "stdout": "",
      "stderr": "Traceback (most recent call last):\n  File \"/tmp/tmp_ffhbn_l.py\", line 16, in <module>\n    test_check()\n  File \"/tmp/tmp_ffhbn_l.py\", line 14, in test_check\n    check(radian_degree)\n  File \"/tmp/tmp_ffhbn_l.py\", line 9, in check\n    assert candidate(90) == 1.5707963267948966\n  File \"/tmp/tmp_ffhbn_l.py\", line 5, in radian_degree\n    return degree * math.pi / 180\nNameError: name 'math' is not defined\n",
      "exit_code": 1,
      "status": "Exception"
    },
    {
      "program": "def radian_degree(degree: int) -> float:\n    \"\"\"\n\tWrite a function to convert degrees to radians.\n\t\"\"\"\n    return degree * math.pi / 180\n\n\ndef check(candidate):\n    assert candidate(90) == 1.5707963267948966\n    assert candidate(60) == 1.0471975511965976\n    assert candidate(120) == 2.0943951023931953\n\ndef test_check():\n    check(radian_degree)\n\ntest_check()\n",
      "timestamp": 1665510308,
      "stdout": "",
      "stderr": "Traceback (most recent call last):\n  File \"/tmp/tmp_ffhbn_l.py\", line 16, in <module>\n    test_check()\n  File \"/tmp/tmp_ffhbn_l.py\", line 14, in test_check\n    check(radian_degree)\n  File \"/tmp/tmp_ffhbn_l.py\", line 9, in check\n    assert candidate(90) == 1.5707963267948966\n  File \"/tmp/tmp_ffhbn_l.py\", line 5, in radian_degree\n    return degree * math.pi / 180\nNameError: name 'math' is not defined\n",
      "exit_code": 1,
      "status": "Exception"
    },
    {
      "program": "def radian_degree(degree: int) -> float:\n    \"\"\"\n\tWrite a function to convert degrees to radians.\n\t\"\"\"\n    return degree * math.pi / 180\n\n\ndef check(candidate):\n    assert candidate(90) == 1.5707963267948966\n    assert candidate(60) == 1.0471975511965976\n    assert candidate(120) == 2.0943951023931953\n\ndef test_check():\n    check(radian_degree)\n\ntest_check()\n",
      "timestamp": 1665510308,
      "stdout": "",
      "stderr": "Traceback (most recent call last):\n  File \"/tmp/tmp_ffhbn_l.py\", line 16, in <module>\n    test_check()\n  File \"/tmp/tmp_ffhbn_l.py\", line 14, in test_check\n    check(radian_degree)\n  File \"/tmp/tmp_ffhbn_l.py\", line 9, in check\n    assert candidate(90) == 1.5707963267948966\n  File \"/tmp/tmp_ffhbn_l.py\", line 5, in radian_degree\n    return degree * math.pi / 180\nNameError: name 'math' is not defined\n",
      "exit_code": 1,
      "status": "Exception"
    },
    {
      "program": "def radian_degree(degree: int) -> float:\n    \"\"\"\n\tWrite a function to convert degrees to radians.\n\t\"\"\"\n    return degree * math.pi / 180\n\n\ndef check(candidate):\n    assert candidate(90) == 1.5707963267948966\n    assert candidate(60) == 1.0471975511965976\n    assert candidate(120) == 2.0943951023931953\n\ndef test_check():\n    check(radian_degree)\n\ntest_check()\n",
      "timestamp": 1665510308,
      "stdout": "",
      "stderr": "Traceback (most recent call last):\n  File \"/tmp/tmp_ffhbn_l.py\", line 16, in <module>\n    test_check()\n  File \"/tmp/tmp_ffhbn_l.py\", line 14, in test_check\n    check(radian_degree)\n  File \"/tmp/tmp_ffhbn_l.py\", line 9, in check\n    assert candidate(90) == 1.5707963267948966\n  File \"/tmp/tmp_ffhbn_l.py\", line 5, in radian_degree\n    return degree * math.pi / 180\nNameError: name 'math' is not defined\n",
      "exit_code": 1,
      "status": "Exception"
    },
    {
      "program": "def radian_degree(degree: int) -> float:\n    \"\"\"\n\tWrite a function to convert degrees to radians.\n\t\"\"\"\n    return degree * math.pi / 180\n\n\ndef check(candidate):\n    assert candidate(90) == 1.5707963267948966\n    assert candidate(60) == 1.0471975511965976\n    assert candidate(120) == 2.0943951023931953\n\ndef test_check():\n    check(radian_degree)\n\ntest_check()\n",
      "timestamp": 1665510308,
      "stdout": "",
      "stderr": "Traceback (most recent call last):\n  File \"/tmp/tmp_ffhbn_l.py\", line 16, in <module>\n    test_check()\n  File \"/tmp/tmp_ffhbn_l.py\", line 14, in test_check\n    check(radian_degree)\n  File \"/tmp/tmp_ffhbn_l.py\", line 9, in check\n    assert candidate(90) == 1.5707963267948966\n  File \"/tmp/tmp_ffhbn_l.py\", line 5, in radian_degree\n    return degree * math.pi / 180\nNameError: name 'math' is not defined\n",
      "exit_code": 1,
      "status": "Exception"
    },
    {
      "program": "def radian_degree(degree: int) -> float:\n    \"\"\"\n\tWrite a function to convert degrees to radians.\n\t\"\"\"\n    return degree * (math.pi / 180)\n\n\ndef check(candidate):\n    assert candidate(90) == 1.5707963267948966\n    assert candidate(60) == 1.0471975511965976\n    assert candidate(120) == 2.0943951023931953\n\ndef test_check():\n    check(radian_degree)\n\ntest_check()\n",
      "timestamp": 1665510308,
      "stdout": "",
      "stderr": "Traceback (most recent call last):\n  File \"/tmp/tmp_ted8u8u.py\", line 16, in <module>\n    test_check()\n  File \"/tmp/tmp_ted8u8u.py\", line 14, in test_check\n    check(radian_degree)\n  File \"/tmp/tmp_ted8u8u.py\", line 9, in check\n    assert candidate(90) == 1.5707963267948966\n  File \"/tmp/tmp_ted8u8u.py\", line 5, in radian_degree\n    return degree * (math.pi / 180)\nNameError: name 'math' is not defined\n",
      "exit_code": 1,
      "status": "Exception"
    },
    {
      "program": "def radian_degree(degree: int) -> float:\n    \"\"\"\n\tWrite a function to convert degrees to radians.\n\t\"\"\"\n    return degree * pi / 180\n\n\ndef check(candidate):\n    assert candidate(90) == 1.5707963267948966\n    assert candidate(60) == 1.0471975511965976\n    assert candidate(120) == 2.0943951023931953\n\ndef test_check():\n    check(radian_degree)\n\ntest_check()\n",
      "timestamp": 1666123126,
      "stdout": "",
      "stderr": "Traceback (most recent call last):\n  File \"/tmp/tmpv2_ybyk0.py\", line 16, in <module>\n    test_check()\n  File \"/tmp/tmpv2_ybyk0.py\", line 14, in test_check\n    check(radian_degree)\n  File \"/tmp/tmpv2_ybyk0.py\", line 9, in check\n    assert candidate(90) == 1.5707963267948966\n  File \"/tmp/tmpv2_ybyk0.py\", line 5, in radian_degree\n    return degree * pi / 180\nNameError: name 'pi' is not defined\n",
      "exit_code": 1,
      "status": "Exception"
    },
    {
      "program": "def radian_degree(degree: int) -> float:\n    \"\"\"\n\tWrite a function to convert degrees to radians.\n\t\"\"\"\n    return degree * math.pi / 180\n\n\ndef check(candidate):\n    assert candidate(90) == 1.5707963267948966\n    assert candidate(60) == 1.0471975511965976\n    assert candidate(120) == 2.0943951023931953\n\ndef test_check():\n    check(radian_degree)\n\ntest_check()\n",
      "timestamp": 1665510308,
      "stdout": "",
      "stderr": "Traceback (most recent call last):\n  File \"/tmp/tmp_ffhbn_l.py\", line 16, in <module>\n    test_check()\n  File \"/tmp/tmp_ffhbn_l.py\", line 14, in test_check\n    check(radian_degree)\n  File \"/tmp/tmp_ffhbn_l.py\", line 9, in check\n    assert candidate(90) == 1.5707963267948966\n  File \"/tmp/tmp_ffhbn_l.py\", line 5, in radian_degree\n    return degree * math.pi / 180\nNameError: name 'math' is not defined\n",
      "exit_code": 1,
      "status": "Exception"
    },
    {
      "program": "def radian_degree(degree: int) -> float:\n    \"\"\"\n\tWrite a function to convert degrees to radians.\n\t\"\"\"\n    return degree * math.pi / 180\n\n\ndef check(candidate):\n    assert candidate(90) == 1.5707963267948966\n    assert candidate(60) == 1.0471975511965976\n    assert candidate(120) == 2.0943951023931953\n\ndef test_check():\n    check(radian_degree)\n\ntest_check()\n",
      "timestamp": 1665510308,
      "stdout": "",
      "stderr": "Traceback (most recent call last):\n  File \"/tmp/tmp_ffhbn_l.py\", line 16, in <module>\n    test_check()\n  File \"/tmp/tmp_ffhbn_l.py\", line 14, in test_check\n    check(radian_degree)\n  File \"/tmp/tmp_ffhbn_l.py\", line 9, in check\n    assert candidate(90) == 1.5707963267948966\n  File \"/tmp/tmp_ffhbn_l.py\", line 5, in radian_degree\n    return degree * math.pi / 180\nNameError: name 'math' is not defined\n",
      "exit_code": 1,
      "status": "Exception"
    },
    {
      "program": "def radian_degree(degree: int) -> float:\n    \"\"\"\n\tWrite a function to convert degrees to radians.\n\t\"\"\"\n    return degree * (math.pi / 180)\n\n\ndef check(candidate):\n    assert candidate(90) == 1.5707963267948966\n    assert candidate(60) == 1.0471975511965976\n    assert candidate(120) == 2.0943951023931953\n\ndef test_check():\n    check(radian_degree)\n\ntest_check()\n",
      "timestamp": 1665510308,
      "stdout": "",
      "stderr": "Traceback (most recent call last):\n  File \"/tmp/tmp_ted8u8u.py\", line 16, in <module>\n    test_check()\n  File \"/tmp/tmp_ted8u8u.py\", line 14, in test_check\n    check(radian_degree)\n  File \"/tmp/tmp_ted8u8u.py\", line 9, in check\n    assert candidate(90) == 1.5707963267948966\n  File \"/tmp/tmp_ted8u8u.py\", line 5, in radian_degree\n    return degree * (math.pi / 180)\nNameError: name 'math' is not defined\n",
      "exit_code": 1,
      "status": "Exception"
    },
    {
      "program": "def radian_degree(degree: int) -> float:\n    \"\"\"\n\tWrite a function to convert degrees to radians.\n\t\"\"\"\n    return degree * math.pi / 180\n\n\ndef check(candidate):\n    assert candidate(90) == 1.5707963267948966\n    assert candidate(60) == 1.0471975511965976\n    assert candidate(120) == 2.0943951023931953\n\ndef test_check():\n    check(radian_degree)\n\ntest_check()\n",
      "timestamp": 1665510308,
      "stdout": "",
      "stderr": "Traceback (most recent call last):\n  File \"/tmp/tmp_ffhbn_l.py\", line 16, in <module>\n    test_check()\n  File \"/tmp/tmp_ffhbn_l.py\", line 14, in test_check\n    check(radian_degree)\n  File \"/tmp/tmp_ffhbn_l.py\", line 9, in check\n    assert candidate(90) == 1.5707963267948966\n  File \"/tmp/tmp_ffhbn_l.py\", line 5, in radian_degree\n    return degree * math.pi / 180\nNameError: name 'math' is not defined\n",
      "exit_code": 1,
      "status": "Exception"
    },
    {
      "program": "def radian_degree(degree: int) -> float:\n    \"\"\"\n\tWrite a function to convert degrees to radians.\n\t\"\"\"\n    return degree * (math.pi / 180)\n\n\ndef check(candidate):\n    assert candidate(90) == 1.5707963267948966\n    assert candidate(60) == 1.0471975511965976\n    assert candidate(120) == 2.0943951023931953\n\ndef test_check():\n    check(radian_degree)\n\ntest_check()\n",
      "timestamp": 1665510308,
      "stdout": "",
      "stderr": "Traceback (most recent call last):\n  File \"/tmp/tmp_ted8u8u.py\", line 16, in <module>\n    test_check()\n  File \"/tmp/tmp_ted8u8u.py\", line 14, in test_check\n    check(radian_degree)\n  File \"/tmp/tmp_ted8u8u.py\", line 9, in check\n    assert candidate(90) == 1.5707963267948966\n  File \"/tmp/tmp_ted8u8u.py\", line 5, in radian_degree\n    return degree * (math.pi / 180)\nNameError: name 'math' is not defined\n",
      "exit_code": 1,
      "status": "Exception"
    },
    {
      "program": "def radian_degree(degree: int) -> float:\n    \"\"\"\n\tWrite a function to convert degrees to radians.\n\t\"\"\"\n    return degree * math.pi / 180\n\n\ndef check(candidate):\n    assert candidate(90) == 1.5707963267948966\n    assert candidate(60) == 1.0471975511965976\n    assert candidate(120) == 2.0943951023931953\n\ndef test_check():\n    check(radian_degree)\n\ntest_check()\n",
      "timestamp": 1665510308,
      "stdout": "",
      "stderr": "Traceback (most recent call last):\n  File \"/tmp/tmp_ffhbn_l.py\", line 16, in <module>\n    test_check()\n  File \"/tmp/tmp_ffhbn_l.py\", line 14, in test_check\n    check(radian_degree)\n  File \"/tmp/tmp_ffhbn_l.py\", line 9, in check\n    assert candidate(90) == 1.5707963267948966\n  File \"/tmp/tmp_ffhbn_l.py\", line 5, in radian_degree\n    return degree * math.pi / 180\nNameError: name 'math' is not defined\n",
      "exit_code": 1,
      "status": "Exception"
    },
    {
      "program": "def radian_degree(degree: int) -> float:\n    \"\"\"\n\tWrite a function to convert degrees to radians.\n\t\"\"\"\n    return degree * math.pi / 180\n\n\ndef check(candidate):\n    assert candidate(90) == 1.5707963267948966\n    assert candidate(60) == 1.0471975511965976\n    assert candidate(120) == 2.0943951023931953\n\ndef test_check():\n    check(radian_degree)\n\ntest_check()\n",
      "timestamp": 1665510308,
      "stdout": "",
      "stderr": "Traceback (most recent call last):\n  File \"/tmp/tmp_ffhbn_l.py\", line 16, in <module>\n    test_check()\n  File \"/tmp/tmp_ffhbn_l.py\", line 14, in test_check\n    check(radian_degree)\n  File \"/tmp/tmp_ffhbn_l.py\", line 9, in check\n    assert candidate(90) == 1.5707963267948966\n  File \"/tmp/tmp_ffhbn_l.py\", line 5, in radian_degree\n    return degree * math.pi / 180\nNameError: name 'math' is not defined\n",
      "exit_code": 1,
      "status": "Exception"
    },
    {
      "program": "def radian_degree(degree: int) -> float:\n    \"\"\"\n\tWrite a function to convert degrees to radians.\n\t\"\"\"\n    return degree * math.pi / 180\n\n\ndef check(candidate):\n    assert candidate(90) == 1.5707963267948966\n    assert candidate(60) == 1.0471975511965976\n    assert candidate(120) == 2.0943951023931953\n\ndef test_check():\n    check(radian_degree)\n\ntest_check()\n",
      "timestamp": 1665510308,
      "stdout": "",
      "stderr": "Traceback (most recent call last):\n  File \"/tmp/tmp_ffhbn_l.py\", line 16, in <module>\n    test_check()\n  File \"/tmp/tmp_ffhbn_l.py\", line 14, in test_check\n    check(radian_degree)\n  File \"/tmp/tmp_ffhbn_l.py\", line 9, in check\n    assert candidate(90) == 1.5707963267948966\n  File \"/tmp/tmp_ffhbn_l.py\", line 5, in radian_degree\n    return degree * math.pi / 180\nNameError: name 'math' is not defined\n",
      "exit_code": 1,
      "status": "Exception"
    },
    {
      "program": "def radian_degree(degree: int) -> float:\n    \"\"\"\n\tWrite a function to convert degrees to radians.\n\t\"\"\"\n    return degree * math.pi / 180\n\n\ndef check(candidate):\n    assert candidate(90) == 1.5707963267948966\n    assert candidate(60) == 1.0471975511965976\n    assert candidate(120) == 2.0943951023931953\n\ndef test_check():\n    check(radian_degree)\n\ntest_check()\n",
      "timestamp": 1665510308,
      "stdout": "",
      "stderr": "Traceback (most recent call last):\n  File \"/tmp/tmp_ffhbn_l.py\", line 16, in <module>\n    test_check()\n  File \"/tmp/tmp_ffhbn_l.py\", line 14, in test_check\n    check(radian_degree)\n  File \"/tmp/tmp_ffhbn_l.py\", line 9, in check\n    assert candidate(90) == 1.5707963267948966\n  File \"/tmp/tmp_ffhbn_l.py\", line 5, in radian_degree\n    return degree * math.pi / 180\nNameError: name 'math' is not defined\n",
      "exit_code": 1,
      "status": "Exception"
    },
    {
      "program": "def radian_degree(degree: int) -> float:\n    \"\"\"\n\tWrite a function to convert degrees to radians.\n\t\"\"\"\n    return degree * math.pi / 180\n\n\ndef check(candidate):\n    assert candidate(90) == 1.5707963267948966\n    assert candidate(60) == 1.0471975511965976\n    assert candidate(120) == 2.0943951023931953\n\ndef test_check():\n    check(radian_degree)\n\ntest_check()\n",
      "timestamp": 1665510308,
      "stdout": "",
      "stderr": "Traceback (most recent call last):\n  File \"/tmp/tmp_ffhbn_l.py\", line 16, in <module>\n    test_check()\n  File \"/tmp/tmp_ffhbn_l.py\", line 14, in test_check\n    check(radian_degree)\n  File \"/tmp/tmp_ffhbn_l.py\", line 9, in check\n    assert candidate(90) == 1.5707963267948966\n  File \"/tmp/tmp_ffhbn_l.py\", line 5, in radian_degree\n    return degree * math.pi / 180\nNameError: name 'math' is not defined\n",
      "exit_code": 1,
      "status": "Exception"
    },
    {
      "program": "def radian_degree(degree: int) -> float:\n    \"\"\"\n\tWrite a function to convert degrees to radians.\n\t\"\"\"\n    return degree * (math.pi / 180)\n\n\ndef check(candidate):\n    assert candidate(90) == 1.5707963267948966\n    assert candidate(60) == 1.0471975511965976\n    assert candidate(120) == 2.0943951023931953\n\ndef test_check():\n    check(radian_degree)\n\ntest_check()\n",
      "timestamp": 1665510308,
      "stdout": "",
      "stderr": "Traceback (most recent call last):\n  File \"/tmp/tmp_ted8u8u.py\", line 16, in <module>\n    test_check()\n  File \"/tmp/tmp_ted8u8u.py\", line 14, in test_check\n    check(radian_degree)\n  File \"/tmp/tmp_ted8u8u.py\", line 9, in check\n    assert candidate(90) == 1.5707963267948966\n  File \"/tmp/tmp_ted8u8u.py\", line 5, in radian_degree\n    return degree * (math.pi / 180)\nNameError: name 'math' is not defined\n",
      "exit_code": 1,
      "status": "Exception"
    },
    {
      "program": "def radian_degree(degree: int) -> float:\n    \"\"\"\n\tWrite a function to convert degrees to radians.\n\t\"\"\"\n    return degree * math.pi / 180\n\n\ndef check(candidate):\n    assert candidate(90) == 1.5707963267948966\n    assert candidate(60) == 1.0471975511965976\n    assert candidate(120) == 2.0943951023931953\n\ndef test_check():\n    check(radian_degree)\n\ntest_check()\n",
      "timestamp": 1665510308,
      "stdout": "",
      "stderr": "Traceback (most recent call last):\n  File \"/tmp/tmp_ffhbn_l.py\", line 16, in <module>\n    test_check()\n  File \"/tmp/tmp_ffhbn_l.py\", line 14, in test_check\n    check(radian_degree)\n  File \"/tmp/tmp_ffhbn_l.py\", line 9, in check\n    assert candidate(90) == 1.5707963267948966\n  File \"/tmp/tmp_ffhbn_l.py\", line 5, in radian_degree\n    return degree * math.pi / 180\nNameError: name 'math' is not defined\n",
      "exit_code": 1,
      "status": "Exception"
    },
    {
      "program": "def radian_degree(degree: int) -> float:\n    \"\"\"\n\tWrite a function to convert degrees to radians.\n\t\"\"\"\n    return degree * (math.pi / 180)\n\n\ndef check(candidate):\n    assert candidate(90) == 1.5707963267948966\n    assert candidate(60) == 1.0471975511965976\n    assert candidate(120) == 2.0943951023931953\n\ndef test_check():\n    check(radian_degree)\n\ntest_check()\n",
      "timestamp": 1665510308,
      "stdout": "",
      "stderr": "Traceback (most recent call last):\n  File \"/tmp/tmp_ted8u8u.py\", line 16, in <module>\n    test_check()\n  File \"/tmp/tmp_ted8u8u.py\", line 14, in test_check\n    check(radian_degree)\n  File \"/tmp/tmp_ted8u8u.py\", line 9, in check\n    assert candidate(90) == 1.5707963267948966\n  File \"/tmp/tmp_ted8u8u.py\", line 5, in radian_degree\n    return degree * (math.pi / 180)\nNameError: name 'math' is not defined\n",
      "exit_code": 1,
      "status": "Exception"
    },
    {
      "program": "def radian_degree(degree: int) -> float:\n    \"\"\"\n\tWrite a function to convert degrees to radians.\n\t\"\"\"\n    return degree * math.pi / 180\n\n\ndef check(candidate):\n    assert candidate(90) == 1.5707963267948966\n    assert candidate(60) == 1.0471975511965976\n    assert candidate(120) == 2.0943951023931953\n\ndef test_check():\n    check(radian_degree)\n\ntest_check()\n",
      "timestamp": 1665510308,
      "stdout": "",
      "stderr": "Traceback (most recent call last):\n  File \"/tmp/tmp_ffhbn_l.py\", line 16, in <module>\n    test_check()\n  File \"/tmp/tmp_ffhbn_l.py\", line 14, in test_check\n    check(radian_degree)\n  File \"/tmp/tmp_ffhbn_l.py\", line 9, in check\n    assert candidate(90) == 1.5707963267948966\n  File \"/tmp/tmp_ffhbn_l.py\", line 5, in radian_degree\n    return degree * math.pi / 180\nNameError: name 'math' is not defined\n",
      "exit_code": 1,
      "status": "Exception"
    },
    {
      "program": "def radian_degree(degree: int) -> float:\n    \"\"\"\n\tWrite a function to convert degrees to radians.\n\t\"\"\"\n    return degree * math.pi / 180\n\n\ndef check(candidate):\n    assert candidate(90) == 1.5707963267948966\n    assert candidate(60) == 1.0471975511965976\n    assert candidate(120) == 2.0943951023931953\n\ndef test_check():\n    check(radian_degree)\n\ntest_check()\n",
      "timestamp": 1665510308,
      "stdout": "",
      "stderr": "Traceback (most recent call last):\n  File \"/tmp/tmp_ffhbn_l.py\", line 16, in <module>\n    test_check()\n  File \"/tmp/tmp_ffhbn_l.py\", line 14, in test_check\n    check(radian_degree)\n  File \"/tmp/tmp_ffhbn_l.py\", line 9, in check\n    assert candidate(90) == 1.5707963267948966\n  File \"/tmp/tmp_ffhbn_l.py\", line 5, in radian_degree\n    return degree * math.pi / 180\nNameError: name 'math' is not defined\n",
      "exit_code": 1,
      "status": "Exception"
    },
    {
      "program": "def radian_degree(degree: int) -> float:\n    \"\"\"\n\tWrite a function to convert degrees to radians.\n\t\"\"\"\n    return degree * math.pi / 180\n\n\ndef check(candidate):\n    assert candidate(90) == 1.5707963267948966\n    assert candidate(60) == 1.0471975511965976\n    assert candidate(120) == 2.0943951023931953\n\ndef test_check():\n    check(radian_degree)\n\ntest_check()\n",
      "timestamp": 1665510308,
      "stdout": "",
      "stderr": "Traceback (most recent call last):\n  File \"/tmp/tmp_ffhbn_l.py\", line 16, in <module>\n    test_check()\n  File \"/tmp/tmp_ffhbn_l.py\", line 14, in test_check\n    check(radian_degree)\n  File \"/tmp/tmp_ffhbn_l.py\", line 9, in check\n    assert candidate(90) == 1.5707963267948966\n  File \"/tmp/tmp_ffhbn_l.py\", line 5, in radian_degree\n    return degree * math.pi / 180\nNameError: name 'math' is not defined\n",
      "exit_code": 1,
      "status": "Exception"
    },
    {
      "program": "def radian_degree(degree: int) -> float:\n    \"\"\"\n\tWrite a function to convert degrees to radians.\n\t\"\"\"\n    return degree * math.pi / 180\n\n\ndef check(candidate):\n    assert candidate(90) == 1.5707963267948966\n    assert candidate(60) == 1.0471975511965976\n    assert candidate(120) == 2.0943951023931953\n\ndef test_check():\n    check(radian_degree)\n\ntest_check()\n",
      "timestamp": 1665510308,
      "stdout": "",
      "stderr": "Traceback (most recent call last):\n  File \"/tmp/tmp_ffhbn_l.py\", line 16, in <module>\n    test_check()\n  File \"/tmp/tmp_ffhbn_l.py\", line 14, in test_check\n    check(radian_degree)\n  File \"/tmp/tmp_ffhbn_l.py\", line 9, in check\n    assert candidate(90) == 1.5707963267948966\n  File \"/tmp/tmp_ffhbn_l.py\", line 5, in radian_degree\n    return degree * math.pi / 180\nNameError: name 'math' is not defined\n",
      "exit_code": 1,
      "status": "Exception"
    },
    {
      "program": "def radian_degree(degree: int) -> float:\n    \"\"\"\n\tWrite a function to convert degrees to radians.\n\t\"\"\"\n    return degree * (math.pi / 180)\n\n\ndef check(candidate):\n    assert candidate(90) == 1.5707963267948966\n    assert candidate(60) == 1.0471975511965976\n    assert candidate(120) == 2.0943951023931953\n\ndef test_check():\n    check(radian_degree)\n\ntest_check()\n",
      "timestamp": 1665510308,
      "stdout": "",
      "stderr": "Traceback (most recent call last):\n  File \"/tmp/tmp_ted8u8u.py\", line 16, in <module>\n    test_check()\n  File \"/tmp/tmp_ted8u8u.py\", line 14, in test_check\n    check(radian_degree)\n  File \"/tmp/tmp_ted8u8u.py\", line 9, in check\n    assert candidate(90) == 1.5707963267948966\n  File \"/tmp/tmp_ted8u8u.py\", line 5, in radian_degree\n    return degree * (math.pi / 180)\nNameError: name 'math' is not defined\n",
      "exit_code": 1,
      "status": "Exception"
    },
    {
      "program": "def radian_degree(degree: int) -> float:\n    \"\"\"\n\tWrite a function to convert degrees to radians.\n\t\"\"\"\n    return degree * (math.pi / 180)\n\n\ndef check(candidate):\n    assert candidate(90) == 1.5707963267948966\n    assert candidate(60) == 1.0471975511965976\n    assert candidate(120) == 2.0943951023931953\n\ndef test_check():\n    check(radian_degree)\n\ntest_check()\n",
      "timestamp": 1665510308,
      "stdout": "",
      "stderr": "Traceback (most recent call last):\n  File \"/tmp/tmp_ted8u8u.py\", line 16, in <module>\n    test_check()\n  File \"/tmp/tmp_ted8u8u.py\", line 14, in test_check\n    check(radian_degree)\n  File \"/tmp/tmp_ted8u8u.py\", line 9, in check\n    assert candidate(90) == 1.5707963267948966\n  File \"/tmp/tmp_ted8u8u.py\", line 5, in radian_degree\n    return degree * (math.pi / 180)\nNameError: name 'math' is not defined\n",
      "exit_code": 1,
      "status": "Exception"
    },
    {
      "program": "def radian_degree(degree: int) -> float:\n    \"\"\"\n\tWrite a function to convert degrees to radians.\n\t\"\"\"\n    return degree * math.pi / 180\n\n\ndef check(candidate):\n    assert candidate(90) == 1.5707963267948966\n    assert candidate(60) == 1.0471975511965976\n    assert candidate(120) == 2.0943951023931953\n\ndef test_check():\n    check(radian_degree)\n\ntest_check()\n",
      "timestamp": 1665510308,
      "stdout": "",
      "stderr": "Traceback (most recent call last):\n  File \"/tmp/tmp_ffhbn_l.py\", line 16, in <module>\n    test_check()\n  File \"/tmp/tmp_ffhbn_l.py\", line 14, in test_check\n    check(radian_degree)\n  File \"/tmp/tmp_ffhbn_l.py\", line 9, in check\n    assert candidate(90) == 1.5707963267948966\n  File \"/tmp/tmp_ffhbn_l.py\", line 5, in radian_degree\n    return degree * math.pi / 180\nNameError: name 'math' is not defined\n",
      "exit_code": 1,
      "status": "Exception"
    },
    {
      "program": "def radian_degree(degree: int) -> float:\n    \"\"\"\n\tWrite a function to convert degrees to radians.\n\t\"\"\"\n    return degree * math.pi / 180\n\n\ndef check(candidate):\n    assert candidate(90) == 1.5707963267948966\n    assert candidate(60) == 1.0471975511965976\n    assert candidate(120) == 2.0943951023931953\n\ndef test_check():\n    check(radian_degree)\n\ntest_check()\n",
      "timestamp": 1665510308,
      "stdout": "",
      "stderr": "Traceback (most recent call last):\n  File \"/tmp/tmp_ffhbn_l.py\", line 16, in <module>\n    test_check()\n  File \"/tmp/tmp_ffhbn_l.py\", line 14, in test_check\n    check(radian_degree)\n  File \"/tmp/tmp_ffhbn_l.py\", line 9, in check\n    assert candidate(90) == 1.5707963267948966\n  File \"/tmp/tmp_ffhbn_l.py\", line 5, in radian_degree\n    return degree * math.pi / 180\nNameError: name 'math' is not defined\n",
      "exit_code": 1,
      "status": "Exception"
    },
    {
      "program": "def radian_degree(degree: int) -> float:\n    \"\"\"\n\tWrite a function to convert degrees to radians.\n\t\"\"\"\n    return degree * math.pi / 180\n\n\ndef check(candidate):\n    assert candidate(90) == 1.5707963267948966\n    assert candidate(60) == 1.0471975511965976\n    assert candidate(120) == 2.0943951023931953\n\ndef test_check():\n    check(radian_degree)\n\ntest_check()\n",
      "timestamp": 1665510308,
      "stdout": "",
      "stderr": "Traceback (most recent call last):\n  File \"/tmp/tmp_ffhbn_l.py\", line 16, in <module>\n    test_check()\n  File \"/tmp/tmp_ffhbn_l.py\", line 14, in test_check\n    check(radian_degree)\n  File \"/tmp/tmp_ffhbn_l.py\", line 9, in check\n    assert candidate(90) == 1.5707963267948966\n  File \"/tmp/tmp_ffhbn_l.py\", line 5, in radian_degree\n    return degree * math.pi / 180\nNameError: name 'math' is not defined\n",
      "exit_code": 1,
      "status": "Exception"
    },
    {
      "program": "def radian_degree(degree: int) -> float:\n    \"\"\"\n\tWrite a function to convert degrees to radians.\n\t\"\"\"\n    return degree * math.pi / 180\n\n\ndef check(candidate):\n    assert candidate(90) == 1.5707963267948966\n    assert candidate(60) == 1.0471975511965976\n    assert candidate(120) == 2.0943951023931953\n\ndef test_check():\n    check(radian_degree)\n\ntest_check()\n",
      "timestamp": 1665510308,
      "stdout": "",
      "stderr": "Traceback (most recent call last):\n  File \"/tmp/tmp_ffhbn_l.py\", line 16, in <module>\n    test_check()\n  File \"/tmp/tmp_ffhbn_l.py\", line 14, in test_check\n    check(radian_degree)\n  File \"/tmp/tmp_ffhbn_l.py\", line 9, in check\n    assert candidate(90) == 1.5707963267948966\n  File \"/tmp/tmp_ffhbn_l.py\", line 5, in radian_degree\n    return degree * math.pi / 180\nNameError: name 'math' is not defined\n",
      "exit_code": 1,
      "status": "Exception"
    },
    {
      "program": "def radian_degree(degree: int) -> float:\n    \"\"\"\n\tWrite a function to convert degrees to radians.\n\t\"\"\"\n    return degree * math.pi / 180\n\n\ndef check(candidate):\n    assert candidate(90) == 1.5707963267948966\n    assert candidate(60) == 1.0471975511965976\n    assert candidate(120) == 2.0943951023931953\n\ndef test_check():\n    check(radian_degree)\n\ntest_check()\n",
      "timestamp": 1665510308,
      "stdout": "",
      "stderr": "Traceback (most recent call last):\n  File \"/tmp/tmp_ffhbn_l.py\", line 16, in <module>\n    test_check()\n  File \"/tmp/tmp_ffhbn_l.py\", line 14, in test_check\n    check(radian_degree)\n  File \"/tmp/tmp_ffhbn_l.py\", line 9, in check\n    assert candidate(90) == 1.5707963267948966\n  File \"/tmp/tmp_ffhbn_l.py\", line 5, in radian_degree\n    return degree * math.pi / 180\nNameError: name 'math' is not defined\n",
      "exit_code": 1,
      "status": "Exception"
    },
    {
      "program": "def radian_degree(degree: int) -> float:\n    \"\"\"\n\tWrite a function to convert degrees to radians.\n\t\"\"\"\n    return degree * math.pi / 180\n\n\ndef check(candidate):\n    assert candidate(90) == 1.5707963267948966\n    assert candidate(60) == 1.0471975511965976\n    assert candidate(120) == 2.0943951023931953\n\ndef test_check():\n    check(radian_degree)\n\ntest_check()\n",
      "timestamp": 1665510308,
      "stdout": "",
      "stderr": "Traceback (most recent call last):\n  File \"/tmp/tmp_ffhbn_l.py\", line 16, in <module>\n    test_check()\n  File \"/tmp/tmp_ffhbn_l.py\", line 14, in test_check\n    check(radian_degree)\n  File \"/tmp/tmp_ffhbn_l.py\", line 9, in check\n    assert candidate(90) == 1.5707963267948966\n  File \"/tmp/tmp_ffhbn_l.py\", line 5, in radian_degree\n    return degree * math.pi / 180\nNameError: name 'math' is not defined\n",
      "exit_code": 1,
      "status": "Exception"
    },
    {
      "program": "def radian_degree(degree: int) -> float:\n    \"\"\"\n\tWrite a function to convert degrees to radians.\n\t\"\"\"\n    return degree * math.pi / 180\n\n\ndef check(candidate):\n    assert candidate(90) == 1.5707963267948966\n    assert candidate(60) == 1.0471975511965976\n    assert candidate(120) == 2.0943951023931953\n\ndef test_check():\n    check(radian_degree)\n\ntest_check()\n",
      "timestamp": 1665510308,
      "stdout": "",
      "stderr": "Traceback (most recent call last):\n  File \"/tmp/tmp_ffhbn_l.py\", line 16, in <module>\n    test_check()\n  File \"/tmp/tmp_ffhbn_l.py\", line 14, in test_check\n    check(radian_degree)\n  File \"/tmp/tmp_ffhbn_l.py\", line 9, in check\n    assert candidate(90) == 1.5707963267948966\n  File \"/tmp/tmp_ffhbn_l.py\", line 5, in radian_degree\n    return degree * math.pi / 180\nNameError: name 'math' is not defined\n",
      "exit_code": 1,
      "status": "Exception"
    },
    {
      "program": "def radian_degree(degree: int) -> float:\n    \"\"\"\n\tWrite a function to convert degrees to radians.\n\t\"\"\"\n    return degree * math.pi / 180\n\n\ndef check(candidate):\n    assert candidate(90) == 1.5707963267948966\n    assert candidate(60) == 1.0471975511965976\n    assert candidate(120) == 2.0943951023931953\n\ndef test_check():\n    check(radian_degree)\n\ntest_check()\n",
      "timestamp": 1665510308,
      "stdout": "",
      "stderr": "Traceback (most recent call last):\n  File \"/tmp/tmp_ffhbn_l.py\", line 16, in <module>\n    test_check()\n  File \"/tmp/tmp_ffhbn_l.py\", line 14, in test_check\n    check(radian_degree)\n  File \"/tmp/tmp_ffhbn_l.py\", line 9, in check\n    assert candidate(90) == 1.5707963267948966\n  File \"/tmp/tmp_ffhbn_l.py\", line 5, in radian_degree\n    return degree * math.pi / 180\nNameError: name 'math' is not defined\n",
      "exit_code": 1,
      "status": "Exception"
    },
    {
      "program": "def radian_degree(degree: int) -> float:\n    \"\"\"\n\tWrite a function to convert degrees to radians.\n\t\"\"\"\n    return degree * math.pi / 180\n\n\ndef check(candidate):\n    assert candidate(90) == 1.5707963267948966\n    assert candidate(60) == 1.0471975511965976\n    assert candidate(120) == 2.0943951023931953\n\ndef test_check():\n    check(radian_degree)\n\ntest_check()\n",
      "timestamp": 1665510308,
      "stdout": "",
      "stderr": "Traceback (most recent call last):\n  File \"/tmp/tmp_ffhbn_l.py\", line 16, in <module>\n    test_check()\n  File \"/tmp/tmp_ffhbn_l.py\", line 14, in test_check\n    check(radian_degree)\n  File \"/tmp/tmp_ffhbn_l.py\", line 9, in check\n    assert candidate(90) == 1.5707963267948966\n  File \"/tmp/tmp_ffhbn_l.py\", line 5, in radian_degree\n    return degree * math.pi / 180\nNameError: name 'math' is not defined\n",
      "exit_code": 1,
      "status": "Exception"
    },
    {
      "program": "def radian_degree(degree: int) -> float:\n    \"\"\"\n\tWrite a function to convert degrees to radians.\n\t\"\"\"\n    return degree * math.pi / 180\n\n\ndef check(candidate):\n    assert candidate(90) == 1.5707963267948966\n    assert candidate(60) == 1.0471975511965976\n    assert candidate(120) == 2.0943951023931953\n\ndef test_check():\n    check(radian_degree)\n\ntest_check()\n",
      "timestamp": 1665510308,
      "stdout": "",
      "stderr": "Traceback (most recent call last):\n  File \"/tmp/tmp_ffhbn_l.py\", line 16, in <module>\n    test_check()\n  File \"/tmp/tmp_ffhbn_l.py\", line 14, in test_check\n    check(radian_degree)\n  File \"/tmp/tmp_ffhbn_l.py\", line 9, in check\n    assert candidate(90) == 1.5707963267948966\n  File \"/tmp/tmp_ffhbn_l.py\", line 5, in radian_degree\n    return degree * math.pi / 180\nNameError: name 'math' is not defined\n",
      "exit_code": 1,
      "status": "Exception"
    },
    {
      "program": "def radian_degree(degree: int) -> float:\n    \"\"\"\n\tWrite a function to convert degrees to radians.\n\t\"\"\"\n    return degree * math.pi / 180\n\n\ndef check(candidate):\n    assert candidate(90) == 1.5707963267948966\n    assert candidate(60) == 1.0471975511965976\n    assert candidate(120) == 2.0943951023931953\n\ndef test_check():\n    check(radian_degree)\n\ntest_check()\n",
      "timestamp": 1665510308,
      "stdout": "",
      "stderr": "Traceback (most recent call last):\n  File \"/tmp/tmp_ffhbn_l.py\", line 16, in <module>\n    test_check()\n  File \"/tmp/tmp_ffhbn_l.py\", line 14, in test_check\n    check(radian_degree)\n  File \"/tmp/tmp_ffhbn_l.py\", line 9, in check\n    assert candidate(90) == 1.5707963267948966\n  File \"/tmp/tmp_ffhbn_l.py\", line 5, in radian_degree\n    return degree * math.pi / 180\nNameError: name 'math' is not defined\n",
      "exit_code": 1,
      "status": "Exception"
    },
    {
      "program": "def radian_degree(degree: int) -> float:\n    \"\"\"\n\tWrite a function to convert degrees to radians.\n\t\"\"\"\n    return degree * math.pi / 180\n\n\ndef check(candidate):\n    assert candidate(90) == 1.5707963267948966\n    assert candidate(60) == 1.0471975511965976\n    assert candidate(120) == 2.0943951023931953\n\ndef test_check():\n    check(radian_degree)\n\ntest_check()\n",
      "timestamp": 1665510308,
      "stdout": "",
      "stderr": "Traceback (most recent call last):\n  File \"/tmp/tmp_ffhbn_l.py\", line 16, in <module>\n    test_check()\n  File \"/tmp/tmp_ffhbn_l.py\", line 14, in test_check\n    check(radian_degree)\n  File \"/tmp/tmp_ffhbn_l.py\", line 9, in check\n    assert candidate(90) == 1.5707963267948966\n  File \"/tmp/tmp_ffhbn_l.py\", line 5, in radian_degree\n    return degree * math.pi / 180\nNameError: name 'math' is not defined\n",
      "exit_code": 1,
      "status": "Exception"
    },
    {
      "program": "def radian_degree(degree: int) -> float:\n    \"\"\"\n\tWrite a function to convert degrees to radians.\n\t\"\"\"\n    return degree * math.pi / 180\n\n\ndef check(candidate):\n    assert candidate(90) == 1.5707963267948966\n    assert candidate(60) == 1.0471975511965976\n    assert candidate(120) == 2.0943951023931953\n\ndef test_check():\n    check(radian_degree)\n\ntest_check()\n",
      "timestamp": 1665510308,
      "stdout": "",
      "stderr": "Traceback (most recent call last):\n  File \"/tmp/tmp_ffhbn_l.py\", line 16, in <module>\n    test_check()\n  File \"/tmp/tmp_ffhbn_l.py\", line 14, in test_check\n    check(radian_degree)\n  File \"/tmp/tmp_ffhbn_l.py\", line 9, in check\n    assert candidate(90) == 1.5707963267948966\n  File \"/tmp/tmp_ffhbn_l.py\", line 5, in radian_degree\n    return degree * math.pi / 180\nNameError: name 'math' is not defined\n",
      "exit_code": 1,
      "status": "Exception"
    },
    {
      "program": "def radian_degree(degree: int) -> float:\n    \"\"\"\n\tWrite a function to convert degrees to radians.\n\t\"\"\"\n    return degree * math.pi / 180\n\n\ndef check(candidate):\n    assert candidate(90) == 1.5707963267948966\n    assert candidate(60) == 1.0471975511965976\n    assert candidate(120) == 2.0943951023931953\n\ndef test_check():\n    check(radian_degree)\n\ntest_check()\n",
      "timestamp": 1665510308,
      "stdout": "",
      "stderr": "Traceback (most recent call last):\n  File \"/tmp/tmp_ffhbn_l.py\", line 16, in <module>\n    test_check()\n  File \"/tmp/tmp_ffhbn_l.py\", line 14, in test_check\n    check(radian_degree)\n  File \"/tmp/tmp_ffhbn_l.py\", line 9, in check\n    assert candidate(90) == 1.5707963267948966\n  File \"/tmp/tmp_ffhbn_l.py\", line 5, in radian_degree\n    return degree * math.pi / 180\nNameError: name 'math' is not defined\n",
      "exit_code": 1,
      "status": "Exception"
    },
    {
      "program": "def radian_degree(degree: int) -> float:\n    \"\"\"\n\tWrite a function to convert degrees to radians.\n\t\"\"\"\n    return degree * math.pi / 180\n\n\ndef check(candidate):\n    assert candidate(90) == 1.5707963267948966\n    assert candidate(60) == 1.0471975511965976\n    assert candidate(120) == 2.0943951023931953\n\ndef test_check():\n    check(radian_degree)\n\ntest_check()\n",
      "timestamp": 1665510308,
      "stdout": "",
      "stderr": "Traceback (most recent call last):\n  File \"/tmp/tmp_ffhbn_l.py\", line 16, in <module>\n    test_check()\n  File \"/tmp/tmp_ffhbn_l.py\", line 14, in test_check\n    check(radian_degree)\n  File \"/tmp/tmp_ffhbn_l.py\", line 9, in check\n    assert candidate(90) == 1.5707963267948966\n  File \"/tmp/tmp_ffhbn_l.py\", line 5, in radian_degree\n    return degree * math.pi / 180\nNameError: name 'math' is not defined\n",
      "exit_code": 1,
      "status": "Exception"
    },
    {
      "program": "def radian_degree(degree: int) -> float:\n    \"\"\"\n\tWrite a function to convert degrees to radians.\n\t\"\"\"\n    return degree * math.pi / 180\n\n\ndef check(candidate):\n    assert candidate(90) == 1.5707963267948966\n    assert candidate(60) == 1.0471975511965976\n    assert candidate(120) == 2.0943951023931953\n\ndef test_check():\n    check(radian_degree)\n\ntest_check()\n",
      "timestamp": 1665510308,
      "stdout": "",
      "stderr": "Traceback (most recent call last):\n  File \"/tmp/tmp_ffhbn_l.py\", line 16, in <module>\n    test_check()\n  File \"/tmp/tmp_ffhbn_l.py\", line 14, in test_check\n    check(radian_degree)\n  File \"/tmp/tmp_ffhbn_l.py\", line 9, in check\n    assert candidate(90) == 1.5707963267948966\n  File \"/tmp/tmp_ffhbn_l.py\", line 5, in radian_degree\n    return degree * math.pi / 180\nNameError: name 'math' is not defined\n",
      "exit_code": 1,
      "status": "Exception"
    },
    {
      "program": "def radian_degree(degree: int) -> float:\n    \"\"\"\n\tWrite a function to convert degrees to radians.\n\t\"\"\"\n    return degree * math.pi / 180\n\n\ndef check(candidate):\n    assert candidate(90) == 1.5707963267948966\n    assert candidate(60) == 1.0471975511965976\n    assert candidate(120) == 2.0943951023931953\n\ndef test_check():\n    check(radian_degree)\n\ntest_check()\n",
      "timestamp": 1665510308,
      "stdout": "",
      "stderr": "Traceback (most recent call last):\n  File \"/tmp/tmp_ffhbn_l.py\", line 16, in <module>\n    test_check()\n  File \"/tmp/tmp_ffhbn_l.py\", line 14, in test_check\n    check(radian_degree)\n  File \"/tmp/tmp_ffhbn_l.py\", line 9, in check\n    assert candidate(90) == 1.5707963267948966\n  File \"/tmp/tmp_ffhbn_l.py\", line 5, in radian_degree\n    return degree * math.pi / 180\nNameError: name 'math' is not defined\n",
      "exit_code": 1,
      "status": "Exception"
    },
    {
      "program": "def radian_degree(degree: int) -> float:\n    \"\"\"\n\tWrite a function to convert degrees to radians.\n\t\"\"\"\n    return degree * math.pi / 180\n\n\ndef check(candidate):\n    assert candidate(90) == 1.5707963267948966\n    assert candidate(60) == 1.0471975511965976\n    assert candidate(120) == 2.0943951023931953\n\ndef test_check():\n    check(radian_degree)\n\ntest_check()\n",
      "timestamp": 1665510308,
      "stdout": "",
      "stderr": "Traceback (most recent call last):\n  File \"/tmp/tmp_ffhbn_l.py\", line 16, in <module>\n    test_check()\n  File \"/tmp/tmp_ffhbn_l.py\", line 14, in test_check\n    check(radian_degree)\n  File \"/tmp/tmp_ffhbn_l.py\", line 9, in check\n    assert candidate(90) == 1.5707963267948966\n  File \"/tmp/tmp_ffhbn_l.py\", line 5, in radian_degree\n    return degree * math.pi / 180\nNameError: name 'math' is not defined\n",
      "exit_code": 1,
      "status": "Exception"
    },
    {
      "program": "def radian_degree(degree: int) -> float:\n    \"\"\"\n\tWrite a function to convert degrees to radians.\n\t\"\"\"\n    return degree * math.pi / 180\n\n\ndef check(candidate):\n    assert candidate(90) == 1.5707963267948966\n    assert candidate(60) == 1.0471975511965976\n    assert candidate(120) == 2.0943951023931953\n\ndef test_check():\n    check(radian_degree)\n\ntest_check()\n",
      "timestamp": 1665510308,
      "stdout": "",
      "stderr": "Traceback (most recent call last):\n  File \"/tmp/tmp_ffhbn_l.py\", line 16, in <module>\n    test_check()\n  File \"/tmp/tmp_ffhbn_l.py\", line 14, in test_check\n    check(radian_degree)\n  File \"/tmp/tmp_ffhbn_l.py\", line 9, in check\n    assert candidate(90) == 1.5707963267948966\n  File \"/tmp/tmp_ffhbn_l.py\", line 5, in radian_degree\n    return degree * math.pi / 180\nNameError: name 'math' is not defined\n",
      "exit_code": 1,
      "status": "Exception"
    },
    {
      "program": "def radian_degree(degree: int) -> float:\n    \"\"\"\n\tWrite a function to convert degrees to radians.\n\t\"\"\"\n    return degree * math.pi / 180\n\n\ndef check(candidate):\n    assert candidate(90) == 1.5707963267948966\n    assert candidate(60) == 1.0471975511965976\n    assert candidate(120) == 2.0943951023931953\n\ndef test_check():\n    check(radian_degree)\n\ntest_check()\n",
      "timestamp": 1665510308,
      "stdout": "",
      "stderr": "Traceback (most recent call last):\n  File \"/tmp/tmp_ffhbn_l.py\", line 16, in <module>\n    test_check()\n  File \"/tmp/tmp_ffhbn_l.py\", line 14, in test_check\n    check(radian_degree)\n  File \"/tmp/tmp_ffhbn_l.py\", line 9, in check\n    assert candidate(90) == 1.5707963267948966\n  File \"/tmp/tmp_ffhbn_l.py\", line 5, in radian_degree\n    return degree * math.pi / 180\nNameError: name 'math' is not defined\n",
      "exit_code": 1,
      "status": "Exception"
    },
    {
      "program": "def radian_degree(degree: int) -> float:\n    \"\"\"\n\tWrite a function to convert degrees to radians.\n\t\"\"\"\n    return degree * math.pi / 180\n\n\ndef check(candidate):\n    assert candidate(90) == 1.5707963267948966\n    assert candidate(60) == 1.0471975511965976\n    assert candidate(120) == 2.0943951023931953\n\ndef test_check():\n    check(radian_degree)\n\ntest_check()\n",
      "timestamp": 1665510308,
      "stdout": "",
      "stderr": "Traceback (most recent call last):\n  File \"/tmp/tmp_ffhbn_l.py\", line 16, in <module>\n    test_check()\n  File \"/tmp/tmp_ffhbn_l.py\", line 14, in test_check\n    check(radian_degree)\n  File \"/tmp/tmp_ffhbn_l.py\", line 9, in check\n    assert candidate(90) == 1.5707963267948966\n  File \"/tmp/tmp_ffhbn_l.py\", line 5, in radian_degree\n    return degree * math.pi / 180\nNameError: name 'math' is not defined\n",
      "exit_code": 1,
      "status": "Exception"
    },
    {
      "program": "def radian_degree(degree: int) -> float:\n    \"\"\"\n\tWrite a function to convert degrees to radians.\n\t\"\"\"\n    return degree * math.pi / 180\n\n\ndef check(candidate):\n    assert candidate(90) == 1.5707963267948966\n    assert candidate(60) == 1.0471975511965976\n    assert candidate(120) == 2.0943951023931953\n\ndef test_check():\n    check(radian_degree)\n\ntest_check()\n",
      "timestamp": 1665510308,
      "stdout": "",
      "stderr": "Traceback (most recent call last):\n  File \"/tmp/tmp_ffhbn_l.py\", line 16, in <module>\n    test_check()\n  File \"/tmp/tmp_ffhbn_l.py\", line 14, in test_check\n    check(radian_degree)\n  File \"/tmp/tmp_ffhbn_l.py\", line 9, in check\n    assert candidate(90) == 1.5707963267948966\n  File \"/tmp/tmp_ffhbn_l.py\", line 5, in radian_degree\n    return degree * math.pi / 180\nNameError: name 'math' is not defined\n",
      "exit_code": 1,
      "status": "Exception"
    },
    {
      "program": "def radian_degree(degree: int) -> float:\n    \"\"\"\n\tWrite a function to convert degrees to radians.\n\t\"\"\"\n    return degree * math.pi / 180\n\n\ndef check(candidate):\n    assert candidate(90) == 1.5707963267948966\n    assert candidate(60) == 1.0471975511965976\n    assert candidate(120) == 2.0943951023931953\n\ndef test_check():\n    check(radian_degree)\n\ntest_check()\n",
      "timestamp": 1665510308,
      "stdout": "",
      "stderr": "Traceback (most recent call last):\n  File \"/tmp/tmp_ffhbn_l.py\", line 16, in <module>\n    test_check()\n  File \"/tmp/tmp_ffhbn_l.py\", line 14, in test_check\n    check(radian_degree)\n  File \"/tmp/tmp_ffhbn_l.py\", line 9, in check\n    assert candidate(90) == 1.5707963267948966\n  File \"/tmp/tmp_ffhbn_l.py\", line 5, in radian_degree\n    return degree * math.pi / 180\nNameError: name 'math' is not defined\n",
      "exit_code": 1,
      "status": "Exception"
    },
    {
      "program": "def radian_degree(degree: int) -> float:\n    \"\"\"\n\tWrite a function to convert degrees to radians.\n\t\"\"\"\n    return degree * math.pi / 180\n\n\ndef check(candidate):\n    assert candidate(90) == 1.5707963267948966\n    assert candidate(60) == 1.0471975511965976\n    assert candidate(120) == 2.0943951023931953\n\ndef test_check():\n    check(radian_degree)\n\ntest_check()\n",
      "timestamp": 1665510308,
      "stdout": "",
      "stderr": "Traceback (most recent call last):\n  File \"/tmp/tmp_ffhbn_l.py\", line 16, in <module>\n    test_check()\n  File \"/tmp/tmp_ffhbn_l.py\", line 14, in test_check\n    check(radian_degree)\n  File \"/tmp/tmp_ffhbn_l.py\", line 9, in check\n    assert candidate(90) == 1.5707963267948966\n  File \"/tmp/tmp_ffhbn_l.py\", line 5, in radian_degree\n    return degree * math.pi / 180\nNameError: name 'math' is not defined\n",
      "exit_code": 1,
      "status": "Exception"
    },
    {
      "program": "def radian_degree(degree: int) -> float:\n    \"\"\"\n\tWrite a function to convert degrees to radians.\n\t\"\"\"\n    return degree * pi / 180\n\n\ndef check(candidate):\n    assert candidate(90) == 1.5707963267948966\n    assert candidate(60) == 1.0471975511965976\n    assert candidate(120) == 2.0943951023931953\n\ndef test_check():\n    check(radian_degree)\n\ntest_check()\n",
      "timestamp": 1666123126,
      "stdout": "",
      "stderr": "Traceback (most recent call last):\n  File \"/tmp/tmpv2_ybyk0.py\", line 16, in <module>\n    test_check()\n  File \"/tmp/tmpv2_ybyk0.py\", line 14, in test_check\n    check(radian_degree)\n  File \"/tmp/tmpv2_ybyk0.py\", line 9, in check\n    assert candidate(90) == 1.5707963267948966\n  File \"/tmp/tmpv2_ybyk0.py\", line 5, in radian_degree\n    return degree * pi / 180\nNameError: name 'pi' is not defined\n",
      "exit_code": 1,
      "status": "Exception"
    },
    {
      "program": "def radian_degree(degree: int) -> float:\n    \"\"\"\n\tWrite a function to convert degrees to radians.\n\t\"\"\"\n    return degree * math.pi / 180\n\n\ndef check(candidate):\n    assert candidate(90) == 1.5707963267948966\n    assert candidate(60) == 1.0471975511965976\n    assert candidate(120) == 2.0943951023931953\n\ndef test_check():\n    check(radian_degree)\n\ntest_check()\n",
      "timestamp": 1665510308,
      "stdout": "",
      "stderr": "Traceback (most recent call last):\n  File \"/tmp/tmp_ffhbn_l.py\", line 16, in <module>\n    test_check()\n  File \"/tmp/tmp_ffhbn_l.py\", line 14, in test_check\n    check(radian_degree)\n  File \"/tmp/tmp_ffhbn_l.py\", line 9, in check\n    assert candidate(90) == 1.5707963267948966\n  File \"/tmp/tmp_ffhbn_l.py\", line 5, in radian_degree\n    return degree * math.pi / 180\nNameError: name 'math' is not defined\n",
      "exit_code": 1,
      "status": "Exception"
    },
    {
      "program": "def radian_degree(degree: int) -> float:\n    \"\"\"\n\tWrite a function to convert degrees to radians.\n\t\"\"\"\n    return degree * math.pi / 180\n\n\ndef check(candidate):\n    assert candidate(90) == 1.5707963267948966\n    assert candidate(60) == 1.0471975511965976\n    assert candidate(120) == 2.0943951023931953\n\ndef test_check():\n    check(radian_degree)\n\ntest_check()\n",
      "timestamp": 1665510308,
      "stdout": "",
      "stderr": "Traceback (most recent call last):\n  File \"/tmp/tmp_ffhbn_l.py\", line 16, in <module>\n    test_check()\n  File \"/tmp/tmp_ffhbn_l.py\", line 14, in test_check\n    check(radian_degree)\n  File \"/tmp/tmp_ffhbn_l.py\", line 9, in check\n    assert candidate(90) == 1.5707963267948966\n  File \"/tmp/tmp_ffhbn_l.py\", line 5, in radian_degree\n    return degree * math.pi / 180\nNameError: name 'math' is not defined\n",
      "exit_code": 1,
      "status": "Exception"
    },
    {
      "program": "def radian_degree(degree: int) -> float:\n    \"\"\"\n\tWrite a function to convert degrees to radians.\n\t\"\"\"\n    return degree * math.pi / 180\n\n\ndef check(candidate):\n    assert candidate(90) == 1.5707963267948966\n    assert candidate(60) == 1.0471975511965976\n    assert candidate(120) == 2.0943951023931953\n\ndef test_check():\n    check(radian_degree)\n\ntest_check()\n",
      "timestamp": 1665510308,
      "stdout": "",
      "stderr": "Traceback (most recent call last):\n  File \"/tmp/tmp_ffhbn_l.py\", line 16, in <module>\n    test_check()\n  File \"/tmp/tmp_ffhbn_l.py\", line 14, in test_check\n    check(radian_degree)\n  File \"/tmp/tmp_ffhbn_l.py\", line 9, in check\n    assert candidate(90) == 1.5707963267948966\n  File \"/tmp/tmp_ffhbn_l.py\", line 5, in radian_degree\n    return degree * math.pi / 180\nNameError: name 'math' is not defined\n",
      "exit_code": 1,
      "status": "Exception"
    },
    {
      "program": "def radian_degree(degree: int) -> float:\n    \"\"\"\n\tWrite a function to convert degrees to radians.\n\t\"\"\"\n    return degree * math.pi / 180\n\n\ndef check(candidate):\n    assert candidate(90) == 1.5707963267948966\n    assert candidate(60) == 1.0471975511965976\n    assert candidate(120) == 2.0943951023931953\n\ndef test_check():\n    check(radian_degree)\n\ntest_check()\n",
      "timestamp": 1665510308,
      "stdout": "",
      "stderr": "Traceback (most recent call last):\n  File \"/tmp/tmp_ffhbn_l.py\", line 16, in <module>\n    test_check()\n  File \"/tmp/tmp_ffhbn_l.py\", line 14, in test_check\n    check(radian_degree)\n  File \"/tmp/tmp_ffhbn_l.py\", line 9, in check\n    assert candidate(90) == 1.5707963267948966\n  File \"/tmp/tmp_ffhbn_l.py\", line 5, in radian_degree\n    return degree * math.pi / 180\nNameError: name 'math' is not defined\n",
      "exit_code": 1,
      "status": "Exception"
    },
    {
      "program": "def radian_degree(degree: int) -> float:\n    \"\"\"\n\tWrite a function to convert degrees to radians.\n\t\"\"\"\n    return degree * math.pi / 180\n\n\ndef check(candidate):\n    assert candidate(90) == 1.5707963267948966\n    assert candidate(60) == 1.0471975511965976\n    assert candidate(120) == 2.0943951023931953\n\ndef test_check():\n    check(radian_degree)\n\ntest_check()\n",
      "timestamp": 1665510308,
      "stdout": "",
      "stderr": "Traceback (most recent call last):\n  File \"/tmp/tmp_ffhbn_l.py\", line 16, in <module>\n    test_check()\n  File \"/tmp/tmp_ffhbn_l.py\", line 14, in test_check\n    check(radian_degree)\n  File \"/tmp/tmp_ffhbn_l.py\", line 9, in check\n    assert candidate(90) == 1.5707963267948966\n  File \"/tmp/tmp_ffhbn_l.py\", line 5, in radian_degree\n    return degree * math.pi / 180\nNameError: name 'math' is not defined\n",
      "exit_code": 1,
      "status": "Exception"
    },
    {
      "program": "def radian_degree(degree: int) -> float:\n    \"\"\"\n\tWrite a function to convert degrees to radians.\n\t\"\"\"\n    return degree * pi / 180\n\n\ndef check(candidate):\n    assert candidate(90) == 1.5707963267948966\n    assert candidate(60) == 1.0471975511965976\n    assert candidate(120) == 2.0943951023931953\n\ndef test_check():\n    check(radian_degree)\n\ntest_check()\n",
      "timestamp": 1666123126,
      "stdout": "",
      "stderr": "Traceback (most recent call last):\n  File \"/tmp/tmpv2_ybyk0.py\", line 16, in <module>\n    test_check()\n  File \"/tmp/tmpv2_ybyk0.py\", line 14, in test_check\n    check(radian_degree)\n  File \"/tmp/tmpv2_ybyk0.py\", line 9, in check\n    assert candidate(90) == 1.5707963267948966\n  File \"/tmp/tmpv2_ybyk0.py\", line 5, in radian_degree\n    return degree * pi / 180\nNameError: name 'pi' is not defined\n",
      "exit_code": 1,
      "status": "Exception"
    },
    {
      "program": "def radian_degree(degree: int) -> float:\n    \"\"\"\n\tWrite a function to convert degrees to radians.\n\t\"\"\"\n    return degree * math.pi / 180\n\n\ndef check(candidate):\n    assert candidate(90) == 1.5707963267948966\n    assert candidate(60) == 1.0471975511965976\n    assert candidate(120) == 2.0943951023931953\n\ndef test_check():\n    check(radian_degree)\n\ntest_check()\n",
      "timestamp": 1665510308,
      "stdout": "",
      "stderr": "Traceback (most recent call last):\n  File \"/tmp/tmp_ffhbn_l.py\", line 16, in <module>\n    test_check()\n  File \"/tmp/tmp_ffhbn_l.py\", line 14, in test_check\n    check(radian_degree)\n  File \"/tmp/tmp_ffhbn_l.py\", line 9, in check\n    assert candidate(90) == 1.5707963267948966\n  File \"/tmp/tmp_ffhbn_l.py\", line 5, in radian_degree\n    return degree * math.pi / 180\nNameError: name 'math' is not defined\n",
      "exit_code": 1,
      "status": "Exception"
    },
    {
      "program": "def radian_degree(degree: int) -> float:\n    \"\"\"\n\tWrite a function to convert degrees to radians.\n\t\"\"\"\n    return degree * math.pi / 180\n\n\ndef check(candidate):\n    assert candidate(90) == 1.5707963267948966\n    assert candidate(60) == 1.0471975511965976\n    assert candidate(120) == 2.0943951023931953\n\ndef test_check():\n    check(radian_degree)\n\ntest_check()\n",
      "timestamp": 1665510308,
      "stdout": "",
      "stderr": "Traceback (most recent call last):\n  File \"/tmp/tmp_ffhbn_l.py\", line 16, in <module>\n    test_check()\n  File \"/tmp/tmp_ffhbn_l.py\", line 14, in test_check\n    check(radian_degree)\n  File \"/tmp/tmp_ffhbn_l.py\", line 9, in check\n    assert candidate(90) == 1.5707963267948966\n  File \"/tmp/tmp_ffhbn_l.py\", line 5, in radian_degree\n    return degree * math.pi / 180\nNameError: name 'math' is not defined\n",
      "exit_code": 1,
      "status": "Exception"
    },
    {
      "program": "def radian_degree(degree: int) -> float:\n    \"\"\"\n\tWrite a function to convert degrees to radians.\n\t\"\"\"\n    return degree * math.pi / 180\n\n\ndef check(candidate):\n    assert candidate(90) == 1.5707963267948966\n    assert candidate(60) == 1.0471975511965976\n    assert candidate(120) == 2.0943951023931953\n\ndef test_check():\n    check(radian_degree)\n\ntest_check()\n",
      "timestamp": 1665510308,
      "stdout": "",
      "stderr": "Traceback (most recent call last):\n  File \"/tmp/tmp_ffhbn_l.py\", line 16, in <module>\n    test_check()\n  File \"/tmp/tmp_ffhbn_l.py\", line 14, in test_check\n    check(radian_degree)\n  File \"/tmp/tmp_ffhbn_l.py\", line 9, in check\n    assert candidate(90) == 1.5707963267948966\n  File \"/tmp/tmp_ffhbn_l.py\", line 5, in radian_degree\n    return degree * math.pi / 180\nNameError: name 'math' is not defined\n",
      "exit_code": 1,
      "status": "Exception"
    },
    {
      "program": "def radian_degree(degree: int) -> float:\n    \"\"\"\n\tWrite a function to convert degrees to radians.\n\t\"\"\"\n    return degree * math.pi / 180\n\n\ndef check(candidate):\n    assert candidate(90) == 1.5707963267948966\n    assert candidate(60) == 1.0471975511965976\n    assert candidate(120) == 2.0943951023931953\n\ndef test_check():\n    check(radian_degree)\n\ntest_check()\n",
      "timestamp": 1665510308,
      "stdout": "",
      "stderr": "Traceback (most recent call last):\n  File \"/tmp/tmp_ffhbn_l.py\", line 16, in <module>\n    test_check()\n  File \"/tmp/tmp_ffhbn_l.py\", line 14, in test_check\n    check(radian_degree)\n  File \"/tmp/tmp_ffhbn_l.py\", line 9, in check\n    assert candidate(90) == 1.5707963267948966\n  File \"/tmp/tmp_ffhbn_l.py\", line 5, in radian_degree\n    return degree * math.pi / 180\nNameError: name 'math' is not defined\n",
      "exit_code": 1,
      "status": "Exception"
    },
    {
      "program": "def radian_degree(degree: int) -> float:\n    \"\"\"\n\tWrite a function to convert degrees to radians.\n\t\"\"\"\n    return degree * math.pi / 180\n\n\ndef check(candidate):\n    assert candidate(90) == 1.5707963267948966\n    assert candidate(60) == 1.0471975511965976\n    assert candidate(120) == 2.0943951023931953\n\ndef test_check():\n    check(radian_degree)\n\ntest_check()\n",
      "timestamp": 1665510308,
      "stdout": "",
      "stderr": "Traceback (most recent call last):\n  File \"/tmp/tmp_ffhbn_l.py\", line 16, in <module>\n    test_check()\n  File \"/tmp/tmp_ffhbn_l.py\", line 14, in test_check\n    check(radian_degree)\n  File \"/tmp/tmp_ffhbn_l.py\", line 9, in check\n    assert candidate(90) == 1.5707963267948966\n  File \"/tmp/tmp_ffhbn_l.py\", line 5, in radian_degree\n    return degree * math.pi / 180\nNameError: name 'math' is not defined\n",
      "exit_code": 1,
      "status": "Exception"
    },
    {
      "program": "def radian_degree(degree: int) -> float:\n    \"\"\"\n\tWrite a function to convert degrees to radians.\n\t\"\"\"\n    return degree * math.pi / 180\n\n\ndef check(candidate):\n    assert candidate(90) == 1.5707963267948966\n    assert candidate(60) == 1.0471975511965976\n    assert candidate(120) == 2.0943951023931953\n\ndef test_check():\n    check(radian_degree)\n\ntest_check()\n",
      "timestamp": 1665510308,
      "stdout": "",
      "stderr": "Traceback (most recent call last):\n  File \"/tmp/tmp_ffhbn_l.py\", line 16, in <module>\n    test_check()\n  File \"/tmp/tmp_ffhbn_l.py\", line 14, in test_check\n    check(radian_degree)\n  File \"/tmp/tmp_ffhbn_l.py\", line 9, in check\n    assert candidate(90) == 1.5707963267948966\n  File \"/tmp/tmp_ffhbn_l.py\", line 5, in radian_degree\n    return degree * math.pi / 180\nNameError: name 'math' is not defined\n",
      "exit_code": 1,
      "status": "Exception"
    },
    {
      "program": "def radian_degree(degree: int) -> float:\n    \"\"\"\n\tWrite a function to convert degrees to radians.\n\t\"\"\"\n    return degree * (math.pi / 180)\n\n\ndef check(candidate):\n    assert candidate(90) == 1.5707963267948966\n    assert candidate(60) == 1.0471975511965976\n    assert candidate(120) == 2.0943951023931953\n\ndef test_check():\n    check(radian_degree)\n\ntest_check()\n",
      "timestamp": 1665510308,
      "stdout": "",
      "stderr": "Traceback (most recent call last):\n  File \"/tmp/tmp_ted8u8u.py\", line 16, in <module>\n    test_check()\n  File \"/tmp/tmp_ted8u8u.py\", line 14, in test_check\n    check(radian_degree)\n  File \"/tmp/tmp_ted8u8u.py\", line 9, in check\n    assert candidate(90) == 1.5707963267948966\n  File \"/tmp/tmp_ted8u8u.py\", line 5, in radian_degree\n    return degree * (math.pi / 180)\nNameError: name 'math' is not defined\n",
      "exit_code": 1,
      "status": "Exception"
    },
    {
      "program": "def radian_degree(degree: int) -> float:\n    \"\"\"\n\tWrite a function to convert degrees to radians.\n\t\"\"\"\n    return degree * math.pi / 180\n\n\ndef check(candidate):\n    assert candidate(90) == 1.5707963267948966\n    assert candidate(60) == 1.0471975511965976\n    assert candidate(120) == 2.0943951023931953\n\ndef test_check():\n    check(radian_degree)\n\ntest_check()\n",
      "timestamp": 1665510308,
      "stdout": "",
      "stderr": "Traceback (most recent call last):\n  File \"/tmp/tmp_ffhbn_l.py\", line 16, in <module>\n    test_check()\n  File \"/tmp/tmp_ffhbn_l.py\", line 14, in test_check\n    check(radian_degree)\n  File \"/tmp/tmp_ffhbn_l.py\", line 9, in check\n    assert candidate(90) == 1.5707963267948966\n  File \"/tmp/tmp_ffhbn_l.py\", line 5, in radian_degree\n    return degree * math.pi / 180\nNameError: name 'math' is not defined\n",
      "exit_code": 1,
      "status": "Exception"
    },
    {
      "program": "def radian_degree(degree: int) -> float:\n    \"\"\"\n\tWrite a function to convert degrees to radians.\n\t\"\"\"\n    return degree * (math.pi / 180)\n\n\ndef check(candidate):\n    assert candidate(90) == 1.5707963267948966\n    assert candidate(60) == 1.0471975511965976\n    assert candidate(120) == 2.0943951023931953\n\ndef test_check():\n    check(radian_degree)\n\ntest_check()\n",
      "timestamp": 1665510308,
      "stdout": "",
      "stderr": "Traceback (most recent call last):\n  File \"/tmp/tmp_ted8u8u.py\", line 16, in <module>\n    test_check()\n  File \"/tmp/tmp_ted8u8u.py\", line 14, in test_check\n    check(radian_degree)\n  File \"/tmp/tmp_ted8u8u.py\", line 9, in check\n    assert candidate(90) == 1.5707963267948966\n  File \"/tmp/tmp_ted8u8u.py\", line 5, in radian_degree\n    return degree * (math.pi / 180)\nNameError: name 'math' is not defined\n",
      "exit_code": 1,
      "status": "Exception"
    },
    {
      "program": "def radian_degree(degree: int) -> float:\n    \"\"\"\n\tWrite a function to convert degrees to radians.\n\t\"\"\"\n    return degree * math.pi / 180\n\n\ndef check(candidate):\n    assert candidate(90) == 1.5707963267948966\n    assert candidate(60) == 1.0471975511965976\n    assert candidate(120) == 2.0943951023931953\n\ndef test_check():\n    check(radian_degree)\n\ntest_check()\n",
      "timestamp": 1665510308,
      "stdout": "",
      "stderr": "Traceback (most recent call last):\n  File \"/tmp/tmp_ffhbn_l.py\", line 16, in <module>\n    test_check()\n  File \"/tmp/tmp_ffhbn_l.py\", line 14, in test_check\n    check(radian_degree)\n  File \"/tmp/tmp_ffhbn_l.py\", line 9, in check\n    assert candidate(90) == 1.5707963267948966\n  File \"/tmp/tmp_ffhbn_l.py\", line 5, in radian_degree\n    return degree * math.pi / 180\nNameError: name 'math' is not defined\n",
      "exit_code": 1,
      "status": "Exception"
    },
    {
      "program": "def radian_degree(degree: int) -> float:\n    \"\"\"\n\tWrite a function to convert degrees to radians.\n\t\"\"\"\n    return degree * pi / 180\n\n\ndef check(candidate):\n    assert candidate(90) == 1.5707963267948966\n    assert candidate(60) == 1.0471975511965976\n    assert candidate(120) == 2.0943951023931953\n\ndef test_check():\n    check(radian_degree)\n\ntest_check()\n",
      "timestamp": 1666123126,
      "stdout": "",
      "stderr": "Traceback (most recent call last):\n  File \"/tmp/tmpv2_ybyk0.py\", line 16, in <module>\n    test_check()\n  File \"/tmp/tmpv2_ybyk0.py\", line 14, in test_check\n    check(radian_degree)\n  File \"/tmp/tmpv2_ybyk0.py\", line 9, in check\n    assert candidate(90) == 1.5707963267948966\n  File \"/tmp/tmpv2_ybyk0.py\", line 5, in radian_degree\n    return degree * pi / 180\nNameError: name 'pi' is not defined\n",
      "exit_code": 1,
      "status": "Exception"
    },
    {
      "program": "def radian_degree(degree: int) -> float:\n    \"\"\"\n\tWrite a function to convert degrees to radians.\n\t\"\"\"\n    return degree * (math.pi / 180)\n\n\ndef check(candidate):\n    assert candidate(90) == 1.5707963267948966\n    assert candidate(60) == 1.0471975511965976\n    assert candidate(120) == 2.0943951023931953\n\ndef test_check():\n    check(radian_degree)\n\ntest_check()\n",
      "timestamp": 1665510308,
      "stdout": "",
      "stderr": "Traceback (most recent call last):\n  File \"/tmp/tmp_ted8u8u.py\", line 16, in <module>\n    test_check()\n  File \"/tmp/tmp_ted8u8u.py\", line 14, in test_check\n    check(radian_degree)\n  File \"/tmp/tmp_ted8u8u.py\", line 9, in check\n    assert candidate(90) == 1.5707963267948966\n  File \"/tmp/tmp_ted8u8u.py\", line 5, in radian_degree\n    return degree * (math.pi / 180)\nNameError: name 'math' is not defined\n",
      "exit_code": 1,
      "status": "Exception"
    },
    {
      "program": "def radian_degree(degree: int) -> float:\n    \"\"\"\n\tWrite a function to convert degrees to radians.\n\t\"\"\"\n    return degree * math.pi / 180\n\n\ndef check(candidate):\n    assert candidate(90) == 1.5707963267948966\n    assert candidate(60) == 1.0471975511965976\n    assert candidate(120) == 2.0943951023931953\n\ndef test_check():\n    check(radian_degree)\n\ntest_check()\n",
      "timestamp": 1665510308,
      "stdout": "",
      "stderr": "Traceback (most recent call last):\n  File \"/tmp/tmp_ffhbn_l.py\", line 16, in <module>\n    test_check()\n  File \"/tmp/tmp_ffhbn_l.py\", line 14, in test_check\n    check(radian_degree)\n  File \"/tmp/tmp_ffhbn_l.py\", line 9, in check\n    assert candidate(90) == 1.5707963267948966\n  File \"/tmp/tmp_ffhbn_l.py\", line 5, in radian_degree\n    return degree * math.pi / 180\nNameError: name 'math' is not defined\n",
      "exit_code": 1,
      "status": "Exception"
    },
    {
      "program": "def radian_degree(degree: int) -> float:\n    \"\"\"\n\tWrite a function to convert degrees to radians.\n\t\"\"\"\n    return degree * pi / 180\n\n\ndef check(candidate):\n    assert candidate(90) == 1.5707963267948966\n    assert candidate(60) == 1.0471975511965976\n    assert candidate(120) == 2.0943951023931953\n\ndef test_check():\n    check(radian_degree)\n\ntest_check()\n",
      "timestamp": 1666123126,
      "stdout": "",
      "stderr": "Traceback (most recent call last):\n  File \"/tmp/tmpv2_ybyk0.py\", line 16, in <module>\n    test_check()\n  File \"/tmp/tmpv2_ybyk0.py\", line 14, in test_check\n    check(radian_degree)\n  File \"/tmp/tmpv2_ybyk0.py\", line 9, in check\n    assert candidate(90) == 1.5707963267948966\n  File \"/tmp/tmpv2_ybyk0.py\", line 5, in radian_degree\n    return degree * pi / 180\nNameError: name 'pi' is not defined\n",
      "exit_code": 1,
      "status": "Exception"
    },
    {
      "program": "def radian_degree(degree: int) -> float:\n    \"\"\"\n\tWrite a function to convert degrees to radians.\n\t\"\"\"\n    return degree * math.pi / 180\n\n\ndef check(candidate):\n    assert candidate(90) == 1.5707963267948966\n    assert candidate(60) == 1.0471975511965976\n    assert candidate(120) == 2.0943951023931953\n\ndef test_check():\n    check(radian_degree)\n\ntest_check()\n",
      "timestamp": 1665510308,
      "stdout": "",
      "stderr": "Traceback (most recent call last):\n  File \"/tmp/tmp_ffhbn_l.py\", line 16, in <module>\n    test_check()\n  File \"/tmp/tmp_ffhbn_l.py\", line 14, in test_check\n    check(radian_degree)\n  File \"/tmp/tmp_ffhbn_l.py\", line 9, in check\n    assert candidate(90) == 1.5707963267948966\n  File \"/tmp/tmp_ffhbn_l.py\", line 5, in radian_degree\n    return degree * math.pi / 180\nNameError: name 'math' is not defined\n",
      "exit_code": 1,
      "status": "Exception"
    },
    {
      "program": "def radian_degree(degree: int) -> float:\n    \"\"\"\n\tWrite a function to convert degrees to radians.\n\t\"\"\"\n    return degree * math.pi / 180\n\n\ndef check(candidate):\n    assert candidate(90) == 1.5707963267948966\n    assert candidate(60) == 1.0471975511965976\n    assert candidate(120) == 2.0943951023931953\n\ndef test_check():\n    check(radian_degree)\n\ntest_check()\n",
      "timestamp": 1665510308,
      "stdout": "",
      "stderr": "Traceback (most recent call last):\n  File \"/tmp/tmp_ffhbn_l.py\", line 16, in <module>\n    test_check()\n  File \"/tmp/tmp_ffhbn_l.py\", line 14, in test_check\n    check(radian_degree)\n  File \"/tmp/tmp_ffhbn_l.py\", line 9, in check\n    assert candidate(90) == 1.5707963267948966\n  File \"/tmp/tmp_ffhbn_l.py\", line 5, in radian_degree\n    return degree * math.pi / 180\nNameError: name 'math' is not defined\n",
      "exit_code": 1,
      "status": "Exception"
    },
    {
      "program": "def radian_degree(degree: int) -> float:\n    \"\"\"\n\tWrite a function to convert degrees to radians.\n\t\"\"\"\n    return degree * math.pi / 180\n\n\ndef check(candidate):\n    assert candidate(90) == 1.5707963267948966\n    assert candidate(60) == 1.0471975511965976\n    assert candidate(120) == 2.0943951023931953\n\ndef test_check():\n    check(radian_degree)\n\ntest_check()\n",
      "timestamp": 1665510308,
      "stdout": "",
      "stderr": "Traceback (most recent call last):\n  File \"/tmp/tmp_ffhbn_l.py\", line 16, in <module>\n    test_check()\n  File \"/tmp/tmp_ffhbn_l.py\", line 14, in test_check\n    check(radian_degree)\n  File \"/tmp/tmp_ffhbn_l.py\", line 9, in check\n    assert candidate(90) == 1.5707963267948966\n  File \"/tmp/tmp_ffhbn_l.py\", line 5, in radian_degree\n    return degree * math.pi / 180\nNameError: name 'math' is not defined\n",
      "exit_code": 1,
      "status": "Exception"
    },
    {
      "program": "def radian_degree(degree: int) -> float:\n    \"\"\"\n\tWrite a function to convert degrees to radians.\n\t\"\"\"\n    return degree * math.pi / 180\n\n\ndef check(candidate):\n    assert candidate(90) == 1.5707963267948966\n    assert candidate(60) == 1.0471975511965976\n    assert candidate(120) == 2.0943951023931953\n\ndef test_check():\n    check(radian_degree)\n\ntest_check()\n",
      "timestamp": 1665510308,
      "stdout": "",
      "stderr": "Traceback (most recent call last):\n  File \"/tmp/tmp_ffhbn_l.py\", line 16, in <module>\n    test_check()\n  File \"/tmp/tmp_ffhbn_l.py\", line 14, in test_check\n    check(radian_degree)\n  File \"/tmp/tmp_ffhbn_l.py\", line 9, in check\n    assert candidate(90) == 1.5707963267948966\n  File \"/tmp/tmp_ffhbn_l.py\", line 5, in radian_degree\n    return degree * math.pi / 180\nNameError: name 'math' is not defined\n",
      "exit_code": 1,
      "status": "Exception"
    },
    {
      "program": "def radian_degree(degree: int) -> float:\n    \"\"\"\n\tWrite a function to convert degrees to radians.\n\t\"\"\"\n    return degree * math.pi / 180\n\n\ndef check(candidate):\n    assert candidate(90) == 1.5707963267948966\n    assert candidate(60) == 1.0471975511965976\n    assert candidate(120) == 2.0943951023931953\n\ndef test_check():\n    check(radian_degree)\n\ntest_check()\n",
      "timestamp": 1665510308,
      "stdout": "",
      "stderr": "Traceback (most recent call last):\n  File \"/tmp/tmp_ffhbn_l.py\", line 16, in <module>\n    test_check()\n  File \"/tmp/tmp_ffhbn_l.py\", line 14, in test_check\n    check(radian_degree)\n  File \"/tmp/tmp_ffhbn_l.py\", line 9, in check\n    assert candidate(90) == 1.5707963267948966\n  File \"/tmp/tmp_ffhbn_l.py\", line 5, in radian_degree\n    return degree * math.pi / 180\nNameError: name 'math' is not defined\n",
      "exit_code": 1,
      "status": "Exception"
    },
    {
      "program": "def radian_degree(degree: int) -> float:\n    \"\"\"\n\tWrite a function to convert degrees to radians.\n\t\"\"\"\n    return degree * math.pi / 180\n\n\ndef check(candidate):\n    assert candidate(90) == 1.5707963267948966\n    assert candidate(60) == 1.0471975511965976\n    assert candidate(120) == 2.0943951023931953\n\ndef test_check():\n    check(radian_degree)\n\ntest_check()\n",
      "timestamp": 1665510308,
      "stdout": "",
      "stderr": "Traceback (most recent call last):\n  File \"/tmp/tmp_ffhbn_l.py\", line 16, in <module>\n    test_check()\n  File \"/tmp/tmp_ffhbn_l.py\", line 14, in test_check\n    check(radian_degree)\n  File \"/tmp/tmp_ffhbn_l.py\", line 9, in check\n    assert candidate(90) == 1.5707963267948966\n  File \"/tmp/tmp_ffhbn_l.py\", line 5, in radian_degree\n    return degree * math.pi / 180\nNameError: name 'math' is not defined\n",
      "exit_code": 1,
      "status": "Exception"
    },
    {
      "program": "def radian_degree(degree: int) -> float:\n    \"\"\"\n\tWrite a function to convert degrees to radians.\n\t\"\"\"\n    return degree * math.pi / 180\n\n\ndef check(candidate):\n    assert candidate(90) == 1.5707963267948966\n    assert candidate(60) == 1.0471975511965976\n    assert candidate(120) == 2.0943951023931953\n\ndef test_check():\n    check(radian_degree)\n\ntest_check()\n",
      "timestamp": 1665510308,
      "stdout": "",
      "stderr": "Traceback (most recent call last):\n  File \"/tmp/tmp_ffhbn_l.py\", line 16, in <module>\n    test_check()\n  File \"/tmp/tmp_ffhbn_l.py\", line 14, in test_check\n    check(radian_degree)\n  File \"/tmp/tmp_ffhbn_l.py\", line 9, in check\n    assert candidate(90) == 1.5707963267948966\n  File \"/tmp/tmp_ffhbn_l.py\", line 5, in radian_degree\n    return degree * math.pi / 180\nNameError: name 'math' is not defined\n",
      "exit_code": 1,
      "status": "Exception"
    },
    {
      "program": "def radian_degree(degree: int) -> float:\n    \"\"\"\n\tWrite a function to convert degrees to radians.\n\t\"\"\"\n    return degree * pi / 180\n\n\ndef check(candidate):\n    assert candidate(90) == 1.5707963267948966\n    assert candidate(60) == 1.0471975511965976\n    assert candidate(120) == 2.0943951023931953\n\ndef test_check():\n    check(radian_degree)\n\ntest_check()\n",
      "timestamp": 1666123126,
      "stdout": "",
      "stderr": "Traceback (most recent call last):\n  File \"/tmp/tmpv2_ybyk0.py\", line 16, in <module>\n    test_check()\n  File \"/tmp/tmpv2_ybyk0.py\", line 14, in test_check\n    check(radian_degree)\n  File \"/tmp/tmpv2_ybyk0.py\", line 9, in check\n    assert candidate(90) == 1.5707963267948966\n  File \"/tmp/tmpv2_ybyk0.py\", line 5, in radian_degree\n    return degree * pi / 180\nNameError: name 'pi' is not defined\n",
      "exit_code": 1,
      "status": "Exception"
    },
    {
      "program": "def radian_degree(degree: int) -> float:\n    \"\"\"\n\tWrite a function to convert degrees to radians.\n\t\"\"\"\n    return degree * (pi / 180)\n\n\ndef check(candidate):\n    assert candidate(90) == 1.5707963267948966\n    assert candidate(60) == 1.0471975511965976\n    assert candidate(120) == 2.0943951023931953\n\ndef test_check():\n    check(radian_degree)\n\ntest_check()\n",
      "timestamp": 1666123127,
      "stdout": "",
      "stderr": "Traceback (most recent call last):\n  File \"/tmp/tmp7l9xbj0a.py\", line 16, in <module>\n    test_check()\n  File \"/tmp/tmp7l9xbj0a.py\", line 14, in test_check\n    check(radian_degree)\n  File \"/tmp/tmp7l9xbj0a.py\", line 9, in check\n    assert candidate(90) == 1.5707963267948966\n  File \"/tmp/tmp7l9xbj0a.py\", line 5, in radian_degree\n    return degree * (pi / 180)\nNameError: name 'pi' is not defined\n",
      "exit_code": 1,
      "status": "Exception"
    },
    {
      "program": "def radian_degree(degree: int) -> float:\n    \"\"\"\n\tWrite a function to convert degrees to radians.\n\t\"\"\"\n    return degree * (pi / 180)\n\n\ndef check(candidate):\n    assert candidate(90) == 1.5707963267948966\n    assert candidate(60) == 1.0471975511965976\n    assert candidate(120) == 2.0943951023931953\n\ndef test_check():\n    check(radian_degree)\n\ntest_check()\n",
      "timestamp": 1666123127,
      "stdout": "",
      "stderr": "Traceback (most recent call last):\n  File \"/tmp/tmp7l9xbj0a.py\", line 16, in <module>\n    test_check()\n  File \"/tmp/tmp7l9xbj0a.py\", line 14, in test_check\n    check(radian_degree)\n  File \"/tmp/tmp7l9xbj0a.py\", line 9, in check\n    assert candidate(90) == 1.5707963267948966\n  File \"/tmp/tmp7l9xbj0a.py\", line 5, in radian_degree\n    return degree * (pi / 180)\nNameError: name 'pi' is not defined\n",
      "exit_code": 1,
      "status": "Exception"
    },
    {
      "program": "def radian_degree(degree: int) -> float:\n    \"\"\"\n\tWrite a function to convert degrees to radians.\n\t\"\"\"\n    return degree * math.pi / 180\n\n\ndef check(candidate):\n    assert candidate(90) == 1.5707963267948966\n    assert candidate(60) == 1.0471975511965976\n    assert candidate(120) == 2.0943951023931953\n\ndef test_check():\n    check(radian_degree)\n\ntest_check()\n",
      "timestamp": 1665510308,
      "stdout": "",
      "stderr": "Traceback (most recent call last):\n  File \"/tmp/tmp_ffhbn_l.py\", line 16, in <module>\n    test_check()\n  File \"/tmp/tmp_ffhbn_l.py\", line 14, in test_check\n    check(radian_degree)\n  File \"/tmp/tmp_ffhbn_l.py\", line 9, in check\n    assert candidate(90) == 1.5707963267948966\n  File \"/tmp/tmp_ffhbn_l.py\", line 5, in radian_degree\n    return degree * math.pi / 180\nNameError: name 'math' is not defined\n",
      "exit_code": 1,
      "status": "Exception"
    },
    {
      "program": "def radian_degree(degree: int) -> float:\n    \"\"\"\n\tWrite a function to convert degrees to radians.\n\t\"\"\"\n    return degree * math.pi / 180\n\n\ndef check(candidate):\n    assert candidate(90) == 1.5707963267948966\n    assert candidate(60) == 1.0471975511965976\n    assert candidate(120) == 2.0943951023931953\n\ndef test_check():\n    check(radian_degree)\n\ntest_check()\n",
      "timestamp": 1665510308,
      "stdout": "",
      "stderr": "Traceback (most recent call last):\n  File \"/tmp/tmp_ffhbn_l.py\", line 16, in <module>\n    test_check()\n  File \"/tmp/tmp_ffhbn_l.py\", line 14, in test_check\n    check(radian_degree)\n  File \"/tmp/tmp_ffhbn_l.py\", line 9, in check\n    assert candidate(90) == 1.5707963267948966\n  File \"/tmp/tmp_ffhbn_l.py\", line 5, in radian_degree\n    return degree * math.pi / 180\nNameError: name 'math' is not defined\n",
      "exit_code": 1,
      "status": "Exception"
    },
    {
      "program": "def radian_degree(degree: int) -> float:\n    \"\"\"\n\tWrite a function to convert degrees to radians.\n\t\"\"\"\n    return degree * math.pi / 180\n\n\ndef check(candidate):\n    assert candidate(90) == 1.5707963267948966\n    assert candidate(60) == 1.0471975511965976\n    assert candidate(120) == 2.0943951023931953\n\ndef test_check():\n    check(radian_degree)\n\ntest_check()\n",
      "timestamp": 1665510308,
      "stdout": "",
      "stderr": "Traceback (most recent call last):\n  File \"/tmp/tmp_ffhbn_l.py\", line 16, in <module>\n    test_check()\n  File \"/tmp/tmp_ffhbn_l.py\", line 14, in test_check\n    check(radian_degree)\n  File \"/tmp/tmp_ffhbn_l.py\", line 9, in check\n    assert candidate(90) == 1.5707963267948966\n  File \"/tmp/tmp_ffhbn_l.py\", line 5, in radian_degree\n    return degree * math.pi / 180\nNameError: name 'math' is not defined\n",
      "exit_code": 1,
      "status": "Exception"
    },
    {
      "program": "def radian_degree(degree: int) -> float:\n    \"\"\"\n\tWrite a function to convert degrees to radians.\n\t\"\"\"\n    return degree * math.pi / 180\n\n\ndef check(candidate):\n    assert candidate(90) == 1.5707963267948966\n    assert candidate(60) == 1.0471975511965976\n    assert candidate(120) == 2.0943951023931953\n\ndef test_check():\n    check(radian_degree)\n\ntest_check()\n",
      "timestamp": 1665510308,
      "stdout": "",
      "stderr": "Traceback (most recent call last):\n  File \"/tmp/tmp_ffhbn_l.py\", line 16, in <module>\n    test_check()\n  File \"/tmp/tmp_ffhbn_l.py\", line 14, in test_check\n    check(radian_degree)\n  File \"/tmp/tmp_ffhbn_l.py\", line 9, in check\n    assert candidate(90) == 1.5707963267948966\n  File \"/tmp/tmp_ffhbn_l.py\", line 5, in radian_degree\n    return degree * math.pi / 180\nNameError: name 'math' is not defined\n",
      "exit_code": 1,
      "status": "Exception"
    },
    {
      "program": "def radian_degree(degree: int) -> float:\n    \"\"\"\n\tWrite a function to convert degrees to radians.\n\t\"\"\"\n    return degree * math.pi / 180\n\n\ndef check(candidate):\n    assert candidate(90) == 1.5707963267948966\n    assert candidate(60) == 1.0471975511965976\n    assert candidate(120) == 2.0943951023931953\n\ndef test_check():\n    check(radian_degree)\n\ntest_check()\n",
      "timestamp": 1665510308,
      "stdout": "",
      "stderr": "Traceback (most recent call last):\n  File \"/tmp/tmp_ffhbn_l.py\", line 16, in <module>\n    test_check()\n  File \"/tmp/tmp_ffhbn_l.py\", line 14, in test_check\n    check(radian_degree)\n  File \"/tmp/tmp_ffhbn_l.py\", line 9, in check\n    assert candidate(90) == 1.5707963267948966\n  File \"/tmp/tmp_ffhbn_l.py\", line 5, in radian_degree\n    return degree * math.pi / 180\nNameError: name 'math' is not defined\n",
      "exit_code": 1,
      "status": "Exception"
    },
    {
      "program": "def radian_degree(degree: int) -> float:\n    \"\"\"\n\tWrite a function to convert degrees to radians.\n\t\"\"\"\n    return degree * math.pi / 180\n\n\ndef check(candidate):\n    assert candidate(90) == 1.5707963267948966\n    assert candidate(60) == 1.0471975511965976\n    assert candidate(120) == 2.0943951023931953\n\ndef test_check():\n    check(radian_degree)\n\ntest_check()\n",
      "timestamp": 1665510308,
      "stdout": "",
      "stderr": "Traceback (most recent call last):\n  File \"/tmp/tmp_ffhbn_l.py\", line 16, in <module>\n    test_check()\n  File \"/tmp/tmp_ffhbn_l.py\", line 14, in test_check\n    check(radian_degree)\n  File \"/tmp/tmp_ffhbn_l.py\", line 9, in check\n    assert candidate(90) == 1.5707963267948966\n  File \"/tmp/tmp_ffhbn_l.py\", line 5, in radian_degree\n    return degree * math.pi / 180\nNameError: name 'math' is not defined\n",
      "exit_code": 1,
      "status": "Exception"
    },
    {
      "program": "def radian_degree(degree: int) -> float:\n    \"\"\"\n\tWrite a function to convert degrees to radians.\n\t\"\"\"\n    return degree * math.pi / 180\n\n\ndef check(candidate):\n    assert candidate(90) == 1.5707963267948966\n    assert candidate(60) == 1.0471975511965976\n    assert candidate(120) == 2.0943951023931953\n\ndef test_check():\n    check(radian_degree)\n\ntest_check()\n",
      "timestamp": 1665510308,
      "stdout": "",
      "stderr": "Traceback (most recent call last):\n  File \"/tmp/tmp_ffhbn_l.py\", line 16, in <module>\n    test_check()\n  File \"/tmp/tmp_ffhbn_l.py\", line 14, in test_check\n    check(radian_degree)\n  File \"/tmp/tmp_ffhbn_l.py\", line 9, in check\n    assert candidate(90) == 1.5707963267948966\n  File \"/tmp/tmp_ffhbn_l.py\", line 5, in radian_degree\n    return degree * math.pi / 180\nNameError: name 'math' is not defined\n",
      "exit_code": 1,
      "status": "Exception"
    },
    {
      "program": "def radian_degree(degree: int) -> float:\n    \"\"\"\n\tWrite a function to convert degrees to radians.\n\t\"\"\"\n    return degree * math.pi / 180\n\n\ndef check(candidate):\n    assert candidate(90) == 1.5707963267948966\n    assert candidate(60) == 1.0471975511965976\n    assert candidate(120) == 2.0943951023931953\n\ndef test_check():\n    check(radian_degree)\n\ntest_check()\n",
      "timestamp": 1665510308,
      "stdout": "",
      "stderr": "Traceback (most recent call last):\n  File \"/tmp/tmp_ffhbn_l.py\", line 16, in <module>\n    test_check()\n  File \"/tmp/tmp_ffhbn_l.py\", line 14, in test_check\n    check(radian_degree)\n  File \"/tmp/tmp_ffhbn_l.py\", line 9, in check\n    assert candidate(90) == 1.5707963267948966\n  File \"/tmp/tmp_ffhbn_l.py\", line 5, in radian_degree\n    return degree * math.pi / 180\nNameError: name 'math' is not defined\n",
      "exit_code": 1,
      "status": "Exception"
    },
    {
      "program": "def radian_degree(degree: int) -> float:\n    \"\"\"\n\tWrite a function to convert degrees to radians.\n\t\"\"\"\n    return degree * math.pi / 180\n\n\ndef check(candidate):\n    assert candidate(90) == 1.5707963267948966\n    assert candidate(60) == 1.0471975511965976\n    assert candidate(120) == 2.0943951023931953\n\ndef test_check():\n    check(radian_degree)\n\ntest_check()\n",
      "timestamp": 1665510308,
      "stdout": "",
      "stderr": "Traceback (most recent call last):\n  File \"/tmp/tmp_ffhbn_l.py\", line 16, in <module>\n    test_check()\n  File \"/tmp/tmp_ffhbn_l.py\", line 14, in test_check\n    check(radian_degree)\n  File \"/tmp/tmp_ffhbn_l.py\", line 9, in check\n    assert candidate(90) == 1.5707963267948966\n  File \"/tmp/tmp_ffhbn_l.py\", line 5, in radian_degree\n    return degree * math.pi / 180\nNameError: name 'math' is not defined\n",
      "exit_code": 1,
      "status": "Exception"
    },
    {
      "program": "def radian_degree(degree: int) -> float:\n    \"\"\"\n\tWrite a function to convert degrees to radians.\n\t\"\"\"\n    return degree * math.pi / 180\n\n\ndef check(candidate):\n    assert candidate(90) == 1.5707963267948966\n    assert candidate(60) == 1.0471975511965976\n    assert candidate(120) == 2.0943951023931953\n\ndef test_check():\n    check(radian_degree)\n\ntest_check()\n",
      "timestamp": 1665510308,
      "stdout": "",
      "stderr": "Traceback (most recent call last):\n  File \"/tmp/tmp_ffhbn_l.py\", line 16, in <module>\n    test_check()\n  File \"/tmp/tmp_ffhbn_l.py\", line 14, in test_check\n    check(radian_degree)\n  File \"/tmp/tmp_ffhbn_l.py\", line 9, in check\n    assert candidate(90) == 1.5707963267948966\n  File \"/tmp/tmp_ffhbn_l.py\", line 5, in radian_degree\n    return degree * math.pi / 180\nNameError: name 'math' is not defined\n",
      "exit_code": 1,
      "status": "Exception"
    },
    {
      "program": "def radian_degree(degree: int) -> float:\n    \"\"\"\n\tWrite a function to convert degrees to radians.\n\t\"\"\"\n    return degree * (math.pi / 180)\n\n\ndef check(candidate):\n    assert candidate(90) == 1.5707963267948966\n    assert candidate(60) == 1.0471975511965976\n    assert candidate(120) == 2.0943951023931953\n\ndef test_check():\n    check(radian_degree)\n\ntest_check()\n",
      "timestamp": 1665510308,
      "stdout": "",
      "stderr": "Traceback (most recent call last):\n  File \"/tmp/tmp_ted8u8u.py\", line 16, in <module>\n    test_check()\n  File \"/tmp/tmp_ted8u8u.py\", line 14, in test_check\n    check(radian_degree)\n  File \"/tmp/tmp_ted8u8u.py\", line 9, in check\n    assert candidate(90) == 1.5707963267948966\n  File \"/tmp/tmp_ted8u8u.py\", line 5, in radian_degree\n    return degree * (math.pi / 180)\nNameError: name 'math' is not defined\n",
      "exit_code": 1,
      "status": "Exception"
    },
    {
      "program": "def radian_degree(degree: int) -> float:\n    \"\"\"\n\tWrite a function to convert degrees to radians.\n\t\"\"\"\n    return degree * math.pi / 180\n\n\ndef check(candidate):\n    assert candidate(90) == 1.5707963267948966\n    assert candidate(60) == 1.0471975511965976\n    assert candidate(120) == 2.0943951023931953\n\ndef test_check():\n    check(radian_degree)\n\ntest_check()\n",
      "timestamp": 1665510308,
      "stdout": "",
      "stderr": "Traceback (most recent call last):\n  File \"/tmp/tmp_ffhbn_l.py\", line 16, in <module>\n    test_check()\n  File \"/tmp/tmp_ffhbn_l.py\", line 14, in test_check\n    check(radian_degree)\n  File \"/tmp/tmp_ffhbn_l.py\", line 9, in check\n    assert candidate(90) == 1.5707963267948966\n  File \"/tmp/tmp_ffhbn_l.py\", line 5, in radian_degree\n    return degree * math.pi / 180\nNameError: name 'math' is not defined\n",
      "exit_code": 1,
      "status": "Exception"
    },
    {
      "program": "def radian_degree(degree: int) -> float:\n    \"\"\"\n\tWrite a function to convert degrees to radians.\n\t\"\"\"\n    return degree * math.pi / 180\n\n\ndef check(candidate):\n    assert candidate(90) == 1.5707963267948966\n    assert candidate(60) == 1.0471975511965976\n    assert candidate(120) == 2.0943951023931953\n\ndef test_check():\n    check(radian_degree)\n\ntest_check()\n",
      "timestamp": 1665510308,
      "stdout": "",
      "stderr": "Traceback (most recent call last):\n  File \"/tmp/tmp_ffhbn_l.py\", line 16, in <module>\n    test_check()\n  File \"/tmp/tmp_ffhbn_l.py\", line 14, in test_check\n    check(radian_degree)\n  File \"/tmp/tmp_ffhbn_l.py\", line 9, in check\n    assert candidate(90) == 1.5707963267948966\n  File \"/tmp/tmp_ffhbn_l.py\", line 5, in radian_degree\n    return degree * math.pi / 180\nNameError: name 'math' is not defined\n",
      "exit_code": 1,
      "status": "Exception"
    },
    {
      "program": "def radian_degree(degree: int) -> float:\n    \"\"\"\n\tWrite a function to convert degrees to radians.\n\t\"\"\"\n    return degree * math.pi / 180\n\n\ndef check(candidate):\n    assert candidate(90) == 1.5707963267948966\n    assert candidate(60) == 1.0471975511965976\n    assert candidate(120) == 2.0943951023931953\n\ndef test_check():\n    check(radian_degree)\n\ntest_check()\n",
      "timestamp": 1665510308,
      "stdout": "",
      "stderr": "Traceback (most recent call last):\n  File \"/tmp/tmp_ffhbn_l.py\", line 16, in <module>\n    test_check()\n  File \"/tmp/tmp_ffhbn_l.py\", line 14, in test_check\n    check(radian_degree)\n  File \"/tmp/tmp_ffhbn_l.py\", line 9, in check\n    assert candidate(90) == 1.5707963267948966\n  File \"/tmp/tmp_ffhbn_l.py\", line 5, in radian_degree\n    return degree * math.pi / 180\nNameError: name 'math' is not defined\n",
      "exit_code": 1,
      "status": "Exception"
    },
    {
      "program": "def radian_degree(degree: int) -> float:\n    \"\"\"\n\tWrite a function to convert degrees to radians.\n\t\"\"\"\n    return degree * math.pi / 180\n\n\ndef check(candidate):\n    assert candidate(90) == 1.5707963267948966\n    assert candidate(60) == 1.0471975511965976\n    assert candidate(120) == 2.0943951023931953\n\ndef test_check():\n    check(radian_degree)\n\ntest_check()\n",
      "timestamp": 1665510308,
      "stdout": "",
      "stderr": "Traceback (most recent call last):\n  File \"/tmp/tmp_ffhbn_l.py\", line 16, in <module>\n    test_check()\n  File \"/tmp/tmp_ffhbn_l.py\", line 14, in test_check\n    check(radian_degree)\n  File \"/tmp/tmp_ffhbn_l.py\", line 9, in check\n    assert candidate(90) == 1.5707963267948966\n  File \"/tmp/tmp_ffhbn_l.py\", line 5, in radian_degree\n    return degree * math.pi / 180\nNameError: name 'math' is not defined\n",
      "exit_code": 1,
      "status": "Exception"
    },
    {
      "program": "def radian_degree(degree: int) -> float:\n    \"\"\"\n\tWrite a function to convert degrees to radians.\n\t\"\"\"\n    return degree * (math.pi / 180)\n\n\ndef check(candidate):\n    assert candidate(90) == 1.5707963267948966\n    assert candidate(60) == 1.0471975511965976\n    assert candidate(120) == 2.0943951023931953\n\ndef test_check():\n    check(radian_degree)\n\ntest_check()\n",
      "timestamp": 1665510308,
      "stdout": "",
      "stderr": "Traceback (most recent call last):\n  File \"/tmp/tmp_ted8u8u.py\", line 16, in <module>\n    test_check()\n  File \"/tmp/tmp_ted8u8u.py\", line 14, in test_check\n    check(radian_degree)\n  File \"/tmp/tmp_ted8u8u.py\", line 9, in check\n    assert candidate(90) == 1.5707963267948966\n  File \"/tmp/tmp_ted8u8u.py\", line 5, in radian_degree\n    return degree * (math.pi / 180)\nNameError: name 'math' is not defined\n",
      "exit_code": 1,
      "status": "Exception"
    },
    {
      "program": "def radian_degree(degree: int) -> float:\n    \"\"\"\n\tWrite a function to convert degrees to radians.\n\t\"\"\"\n    return degree * (math.pi / 180)\n\n\ndef check(candidate):\n    assert candidate(90) == 1.5707963267948966\n    assert candidate(60) == 1.0471975511965976\n    assert candidate(120) == 2.0943951023931953\n\ndef test_check():\n    check(radian_degree)\n\ntest_check()\n",
      "timestamp": 1665510308,
      "stdout": "",
      "stderr": "Traceback (most recent call last):\n  File \"/tmp/tmp_ted8u8u.py\", line 16, in <module>\n    test_check()\n  File \"/tmp/tmp_ted8u8u.py\", line 14, in test_check\n    check(radian_degree)\n  File \"/tmp/tmp_ted8u8u.py\", line 9, in check\n    assert candidate(90) == 1.5707963267948966\n  File \"/tmp/tmp_ted8u8u.py\", line 5, in radian_degree\n    return degree * (math.pi / 180)\nNameError: name 'math' is not defined\n",
      "exit_code": 1,
      "status": "Exception"
    },
    {
      "program": "def radian_degree(degree: int) -> float:\n    \"\"\"\n\tWrite a function to convert degrees to radians.\n\t\"\"\"\n    return degree * math.pi / 180\n\n\ndef check(candidate):\n    assert candidate(90) == 1.5707963267948966\n    assert candidate(60) == 1.0471975511965976\n    assert candidate(120) == 2.0943951023931953\n\ndef test_check():\n    check(radian_degree)\n\ntest_check()\n",
      "timestamp": 1665510308,
      "stdout": "",
      "stderr": "Traceback (most recent call last):\n  File \"/tmp/tmp_ffhbn_l.py\", line 16, in <module>\n    test_check()\n  File \"/tmp/tmp_ffhbn_l.py\", line 14, in test_check\n    check(radian_degree)\n  File \"/tmp/tmp_ffhbn_l.py\", line 9, in check\n    assert candidate(90) == 1.5707963267948966\n  File \"/tmp/tmp_ffhbn_l.py\", line 5, in radian_degree\n    return degree * math.pi / 180\nNameError: name 'math' is not defined\n",
      "exit_code": 1,
      "status": "Exception"
    },
    {
      "program": "def radian_degree(degree: int) -> float:\n    \"\"\"\n\tWrite a function to convert degrees to radians.\n\t\"\"\"\n    return degree * pi / 180\n\n\ndef check(candidate):\n    assert candidate(90) == 1.5707963267948966\n    assert candidate(60) == 1.0471975511965976\n    assert candidate(120) == 2.0943951023931953\n\ndef test_check():\n    check(radian_degree)\n\ntest_check()\n",
      "timestamp": 1666123126,
      "stdout": "",
      "stderr": "Traceback (most recent call last):\n  File \"/tmp/tmpv2_ybyk0.py\", line 16, in <module>\n    test_check()\n  File \"/tmp/tmpv2_ybyk0.py\", line 14, in test_check\n    check(radian_degree)\n  File \"/tmp/tmpv2_ybyk0.py\", line 9, in check\n    assert candidate(90) == 1.5707963267948966\n  File \"/tmp/tmpv2_ybyk0.py\", line 5, in radian_degree\n    return degree * pi / 180\nNameError: name 'pi' is not defined\n",
      "exit_code": 1,
      "status": "Exception"
    },
    {
      "program": "def radian_degree(degree: int) -> float:\n    \"\"\"\n\tWrite a function to convert degrees to radians.\n\t\"\"\"\n    return degree * math.pi / 180\n\n\ndef check(candidate):\n    assert candidate(90) == 1.5707963267948966\n    assert candidate(60) == 1.0471975511965976\n    assert candidate(120) == 2.0943951023931953\n\ndef test_check():\n    check(radian_degree)\n\ntest_check()\n",
      "timestamp": 1665510308,
      "stdout": "",
      "stderr": "Traceback (most recent call last):\n  File \"/tmp/tmp_ffhbn_l.py\", line 16, in <module>\n    test_check()\n  File \"/tmp/tmp_ffhbn_l.py\", line 14, in test_check\n    check(radian_degree)\n  File \"/tmp/tmp_ffhbn_l.py\", line 9, in check\n    assert candidate(90) == 1.5707963267948966\n  File \"/tmp/tmp_ffhbn_l.py\", line 5, in radian_degree\n    return degree * math.pi / 180\nNameError: name 'math' is not defined\n",
      "exit_code": 1,
      "status": "Exception"
    },
    {
      "program": "def radian_degree(degree: int) -> float:\n    \"\"\"\n\tWrite a function to convert degrees to radians.\n\t\"\"\"\n    return degree * math.pi / 180\n\n\ndef check(candidate):\n    assert candidate(90) == 1.5707963267948966\n    assert candidate(60) == 1.0471975511965976\n    assert candidate(120) == 2.0943951023931953\n\ndef test_check():\n    check(radian_degree)\n\ntest_check()\n",
      "timestamp": 1665510308,
      "stdout": "",
      "stderr": "Traceback (most recent call last):\n  File \"/tmp/tmp_ffhbn_l.py\", line 16, in <module>\n    test_check()\n  File \"/tmp/tmp_ffhbn_l.py\", line 14, in test_check\n    check(radian_degree)\n  File \"/tmp/tmp_ffhbn_l.py\", line 9, in check\n    assert candidate(90) == 1.5707963267948966\n  File \"/tmp/tmp_ffhbn_l.py\", line 5, in radian_degree\n    return degree * math.pi / 180\nNameError: name 'math' is not defined\n",
      "exit_code": 1,
      "status": "Exception"
    },
    {
      "program": "def radian_degree(degree: int) -> float:\n    \"\"\"\n\tWrite a function to convert degrees to radians.\n\t\"\"\"\n    return degree * math.pi / 180\n\n\ndef check(candidate):\n    assert candidate(90) == 1.5707963267948966\n    assert candidate(60) == 1.0471975511965976\n    assert candidate(120) == 2.0943951023931953\n\ndef test_check():\n    check(radian_degree)\n\ntest_check()\n",
      "timestamp": 1665510308,
      "stdout": "",
      "stderr": "Traceback (most recent call last):\n  File \"/tmp/tmp_ffhbn_l.py\", line 16, in <module>\n    test_check()\n  File \"/tmp/tmp_ffhbn_l.py\", line 14, in test_check\n    check(radian_degree)\n  File \"/tmp/tmp_ffhbn_l.py\", line 9, in check\n    assert candidate(90) == 1.5707963267948966\n  File \"/tmp/tmp_ffhbn_l.py\", line 5, in radian_degree\n    return degree * math.pi / 180\nNameError: name 'math' is not defined\n",
      "exit_code": 1,
      "status": "Exception"
    },
    {
      "program": "def radian_degree(degree: int) -> float:\n    \"\"\"\n\tWrite a function to convert degrees to radians.\n\t\"\"\"\n    return degree * (math.pi / 180)\n\n\ndef check(candidate):\n    assert candidate(90) == 1.5707963267948966\n    assert candidate(60) == 1.0471975511965976\n    assert candidate(120) == 2.0943951023931953\n\ndef test_check():\n    check(radian_degree)\n\ntest_check()\n",
      "timestamp": 1665510308,
      "stdout": "",
      "stderr": "Traceback (most recent call last):\n  File \"/tmp/tmp_ted8u8u.py\", line 16, in <module>\n    test_check()\n  File \"/tmp/tmp_ted8u8u.py\", line 14, in test_check\n    check(radian_degree)\n  File \"/tmp/tmp_ted8u8u.py\", line 9, in check\n    assert candidate(90) == 1.5707963267948966\n  File \"/tmp/tmp_ted8u8u.py\", line 5, in radian_degree\n    return degree * (math.pi / 180)\nNameError: name 'math' is not defined\n",
      "exit_code": 1,
      "status": "Exception"
    },
    {
      "program": "def radian_degree(degree: int) -> float:\n    \"\"\"\n\tWrite a function to convert degrees to radians.\n\t\"\"\"\n    return degree * math.pi / 180\n\n\ndef check(candidate):\n    assert candidate(90) == 1.5707963267948966\n    assert candidate(60) == 1.0471975511965976\n    assert candidate(120) == 2.0943951023931953\n\ndef test_check():\n    check(radian_degree)\n\ntest_check()\n",
      "timestamp": 1665510308,
      "stdout": "",
      "stderr": "Traceback (most recent call last):\n  File \"/tmp/tmp_ffhbn_l.py\", line 16, in <module>\n    test_check()\n  File \"/tmp/tmp_ffhbn_l.py\", line 14, in test_check\n    check(radian_degree)\n  File \"/tmp/tmp_ffhbn_l.py\", line 9, in check\n    assert candidate(90) == 1.5707963267948966\n  File \"/tmp/tmp_ffhbn_l.py\", line 5, in radian_degree\n    return degree * math.pi / 180\nNameError: name 'math' is not defined\n",
      "exit_code": 1,
      "status": "Exception"
    },
    {
      "program": "def radian_degree(degree: int) -> float:\n    \"\"\"\n\tWrite a function to convert degrees to radians.\n\t\"\"\"\n    return degree * math.pi / 180\n\n\ndef check(candidate):\n    assert candidate(90) == 1.5707963267948966\n    assert candidate(60) == 1.0471975511965976\n    assert candidate(120) == 2.0943951023931953\n\ndef test_check():\n    check(radian_degree)\n\ntest_check()\n",
      "timestamp": 1665510308,
      "stdout": "",
      "stderr": "Traceback (most recent call last):\n  File \"/tmp/tmp_ffhbn_l.py\", line 16, in <module>\n    test_check()\n  File \"/tmp/tmp_ffhbn_l.py\", line 14, in test_check\n    check(radian_degree)\n  File \"/tmp/tmp_ffhbn_l.py\", line 9, in check\n    assert candidate(90) == 1.5707963267948966\n  File \"/tmp/tmp_ffhbn_l.py\", line 5, in radian_degree\n    return degree * math.pi / 180\nNameError: name 'math' is not defined\n",
      "exit_code": 1,
      "status": "Exception"
    },
    {
      "program": "def radian_degree(degree: int) -> float:\n    \"\"\"\n\tWrite a function to convert degrees to radians.\n\t\"\"\"\n    return degree * math.pi / 180\n\n\ndef check(candidate):\n    assert candidate(90) == 1.5707963267948966\n    assert candidate(60) == 1.0471975511965976\n    assert candidate(120) == 2.0943951023931953\n\ndef test_check():\n    check(radian_degree)\n\ntest_check()\n",
      "timestamp": 1665510308,
      "stdout": "",
      "stderr": "Traceback (most recent call last):\n  File \"/tmp/tmp_ffhbn_l.py\", line 16, in <module>\n    test_check()\n  File \"/tmp/tmp_ffhbn_l.py\", line 14, in test_check\n    check(radian_degree)\n  File \"/tmp/tmp_ffhbn_l.py\", line 9, in check\n    assert candidate(90) == 1.5707963267948966\n  File \"/tmp/tmp_ffhbn_l.py\", line 5, in radian_degree\n    return degree * math.pi / 180\nNameError: name 'math' is not defined\n",
      "exit_code": 1,
      "status": "Exception"
    },
    {
      "program": "def radian_degree(degree: int) -> float:\n    \"\"\"\n\tWrite a function to convert degrees to radians.\n\t\"\"\"\n    return degree * math.pi / 180\n\n\ndef check(candidate):\n    assert candidate(90) == 1.5707963267948966\n    assert candidate(60) == 1.0471975511965976\n    assert candidate(120) == 2.0943951023931953\n\ndef test_check():\n    check(radian_degree)\n\ntest_check()\n",
      "timestamp": 1665510308,
      "stdout": "",
      "stderr": "Traceback (most recent call last):\n  File \"/tmp/tmp_ffhbn_l.py\", line 16, in <module>\n    test_check()\n  File \"/tmp/tmp_ffhbn_l.py\", line 14, in test_check\n    check(radian_degree)\n  File \"/tmp/tmp_ffhbn_l.py\", line 9, in check\n    assert candidate(90) == 1.5707963267948966\n  File \"/tmp/tmp_ffhbn_l.py\", line 5, in radian_degree\n    return degree * math.pi / 180\nNameError: name 'math' is not defined\n",
      "exit_code": 1,
      "status": "Exception"
    },
    {
      "program": "def radian_degree(degree: int) -> float:\n    \"\"\"\n\tWrite a function to convert degrees to radians.\n\t\"\"\"\n    return degree * (math.pi / 180)\n\n\ndef check(candidate):\n    assert candidate(90) == 1.5707963267948966\n    assert candidate(60) == 1.0471975511965976\n    assert candidate(120) == 2.0943951023931953\n\ndef test_check():\n    check(radian_degree)\n\ntest_check()\n",
      "timestamp": 1665510308,
      "stdout": "",
      "stderr": "Traceback (most recent call last):\n  File \"/tmp/tmp_ted8u8u.py\", line 16, in <module>\n    test_check()\n  File \"/tmp/tmp_ted8u8u.py\", line 14, in test_check\n    check(radian_degree)\n  File \"/tmp/tmp_ted8u8u.py\", line 9, in check\n    assert candidate(90) == 1.5707963267948966\n  File \"/tmp/tmp_ted8u8u.py\", line 5, in radian_degree\n    return degree * (math.pi / 180)\nNameError: name 'math' is not defined\n",
      "exit_code": 1,
      "status": "Exception"
    },
    {
      "program": "def radian_degree(degree: int) -> float:\n    \"\"\"\n\tWrite a function to convert degrees to radians.\n\t\"\"\"\n    return degree * math.pi / 180\n\n\ndef check(candidate):\n    assert candidate(90) == 1.5707963267948966\n    assert candidate(60) == 1.0471975511965976\n    assert candidate(120) == 2.0943951023931953\n\ndef test_check():\n    check(radian_degree)\n\ntest_check()\n",
      "timestamp": 1665510308,
      "stdout": "",
      "stderr": "Traceback (most recent call last):\n  File \"/tmp/tmp_ffhbn_l.py\", line 16, in <module>\n    test_check()\n  File \"/tmp/tmp_ffhbn_l.py\", line 14, in test_check\n    check(radian_degree)\n  File \"/tmp/tmp_ffhbn_l.py\", line 9, in check\n    assert candidate(90) == 1.5707963267948966\n  File \"/tmp/tmp_ffhbn_l.py\", line 5, in radian_degree\n    return degree * math.pi / 180\nNameError: name 'math' is not defined\n",
      "exit_code": 1,
      "status": "Exception"
    },
    {
      "program": "def radian_degree(degree: int) -> float:\n    \"\"\"\n\tWrite a function to convert degrees to radians.\n\t\"\"\"\n    return degree * math.pi / 180\n\n\ndef check(candidate):\n    assert candidate(90) == 1.5707963267948966\n    assert candidate(60) == 1.0471975511965976\n    assert candidate(120) == 2.0943951023931953\n\ndef test_check():\n    check(radian_degree)\n\ntest_check()\n",
      "timestamp": 1665510308,
      "stdout": "",
      "stderr": "Traceback (most recent call last):\n  File \"/tmp/tmp_ffhbn_l.py\", line 16, in <module>\n    test_check()\n  File \"/tmp/tmp_ffhbn_l.py\", line 14, in test_check\n    check(radian_degree)\n  File \"/tmp/tmp_ffhbn_l.py\", line 9, in check\n    assert candidate(90) == 1.5707963267948966\n  File \"/tmp/tmp_ffhbn_l.py\", line 5, in radian_degree\n    return degree * math.pi / 180\nNameError: name 'math' is not defined\n",
      "exit_code": 1,
      "status": "Exception"
    },
    {
      "program": "def radian_degree(degree: int) -> float:\n    \"\"\"\n\tWrite a function to convert degrees to radians.\n\t\"\"\"\n    return degree * pi / 180\n\n\ndef check(candidate):\n    assert candidate(90) == 1.5707963267948966\n    assert candidate(60) == 1.0471975511965976\n    assert candidate(120) == 2.0943951023931953\n\ndef test_check():\n    check(radian_degree)\n\ntest_check()\n",
      "timestamp": 1666123126,
      "stdout": "",
      "stderr": "Traceback (most recent call last):\n  File \"/tmp/tmpv2_ybyk0.py\", line 16, in <module>\n    test_check()\n  File \"/tmp/tmpv2_ybyk0.py\", line 14, in test_check\n    check(radian_degree)\n  File \"/tmp/tmpv2_ybyk0.py\", line 9, in check\n    assert candidate(90) == 1.5707963267948966\n  File \"/tmp/tmpv2_ybyk0.py\", line 5, in radian_degree\n    return degree * pi / 180\nNameError: name 'pi' is not defined\n",
      "exit_code": 1,
      "status": "Exception"
    },
    {
      "program": "def radian_degree(degree: int) -> float:\n    \"\"\"\n\tWrite a function to convert degrees to radians.\n\t\"\"\"\n    return degree * math.pi / 180\n\n\ndef check(candidate):\n    assert candidate(90) == 1.5707963267948966\n    assert candidate(60) == 1.0471975511965976\n    assert candidate(120) == 2.0943951023931953\n\ndef test_check():\n    check(radian_degree)\n\ntest_check()\n",
      "timestamp": 1665510308,
      "stdout": "",
      "stderr": "Traceback (most recent call last):\n  File \"/tmp/tmp_ffhbn_l.py\", line 16, in <module>\n    test_check()\n  File \"/tmp/tmp_ffhbn_l.py\", line 14, in test_check\n    check(radian_degree)\n  File \"/tmp/tmp_ffhbn_l.py\", line 9, in check\n    assert candidate(90) == 1.5707963267948966\n  File \"/tmp/tmp_ffhbn_l.py\", line 5, in radian_degree\n    return degree * math.pi / 180\nNameError: name 'math' is not defined\n",
      "exit_code": 1,
      "status": "Exception"
    },
    {
      "program": "def radian_degree(degree: int) -> float:\n    \"\"\"\n\tWrite a function to convert degrees to radians.\n\t\"\"\"\n    return degree * math.pi / 180\n\n\ndef check(candidate):\n    assert candidate(90) == 1.5707963267948966\n    assert candidate(60) == 1.0471975511965976\n    assert candidate(120) == 2.0943951023931953\n\ndef test_check():\n    check(radian_degree)\n\ntest_check()\n",
      "timestamp": 1665510308,
      "stdout": "",
      "stderr": "Traceback (most recent call last):\n  File \"/tmp/tmp_ffhbn_l.py\", line 16, in <module>\n    test_check()\n  File \"/tmp/tmp_ffhbn_l.py\", line 14, in test_check\n    check(radian_degree)\n  File \"/tmp/tmp_ffhbn_l.py\", line 9, in check\n    assert candidate(90) == 1.5707963267948966\n  File \"/tmp/tmp_ffhbn_l.py\", line 5, in radian_degree\n    return degree * math.pi / 180\nNameError: name 'math' is not defined\n",
      "exit_code": 1,
      "status": "Exception"
    },
    {
      "program": "def radian_degree(degree: int) -> float:\n    \"\"\"\n\tWrite a function to convert degrees to radians.\n\t\"\"\"\n    return degree * math.pi / 180\n\n\ndef check(candidate):\n    assert candidate(90) == 1.5707963267948966\n    assert candidate(60) == 1.0471975511965976\n    assert candidate(120) == 2.0943951023931953\n\ndef test_check():\n    check(radian_degree)\n\ntest_check()\n",
      "timestamp": 1665510308,
      "stdout": "",
      "stderr": "Traceback (most recent call last):\n  File \"/tmp/tmp_ffhbn_l.py\", line 16, in <module>\n    test_check()\n  File \"/tmp/tmp_ffhbn_l.py\", line 14, in test_check\n    check(radian_degree)\n  File \"/tmp/tmp_ffhbn_l.py\", line 9, in check\n    assert candidate(90) == 1.5707963267948966\n  File \"/tmp/tmp_ffhbn_l.py\", line 5, in radian_degree\n    return degree * math.pi / 180\nNameError: name 'math' is not defined\n",
      "exit_code": 1,
      "status": "Exception"
    },
    {
      "program": "def radian_degree(degree: int) -> float:\n    \"\"\"\n\tWrite a function to convert degrees to radians.\n\t\"\"\"\n    return degree * (math.pi / 180)\n\n\ndef check(candidate):\n    assert candidate(90) == 1.5707963267948966\n    assert candidate(60) == 1.0471975511965976\n    assert candidate(120) == 2.0943951023931953\n\ndef test_check():\n    check(radian_degree)\n\ntest_check()\n",
      "timestamp": 1665510308,
      "stdout": "",
      "stderr": "Traceback (most recent call last):\n  File \"/tmp/tmp_ted8u8u.py\", line 16, in <module>\n    test_check()\n  File \"/tmp/tmp_ted8u8u.py\", line 14, in test_check\n    check(radian_degree)\n  File \"/tmp/tmp_ted8u8u.py\", line 9, in check\n    assert candidate(90) == 1.5707963267948966\n  File \"/tmp/tmp_ted8u8u.py\", line 5, in radian_degree\n    return degree * (math.pi / 180)\nNameError: name 'math' is not defined\n",
      "exit_code": 1,
      "status": "Exception"
    },
    {
      "program": "def radian_degree(degree: int) -> float:\n    \"\"\"\n\tWrite a function to convert degrees to radians.\n\t\"\"\"\n    return degree * math.pi / 180\n\n\ndef check(candidate):\n    assert candidate(90) == 1.5707963267948966\n    assert candidate(60) == 1.0471975511965976\n    assert candidate(120) == 2.0943951023931953\n\ndef test_check():\n    check(radian_degree)\n\ntest_check()\n",
      "timestamp": 1665510308,
      "stdout": "",
      "stderr": "Traceback (most recent call last):\n  File \"/tmp/tmp_ffhbn_l.py\", line 16, in <module>\n    test_check()\n  File \"/tmp/tmp_ffhbn_l.py\", line 14, in test_check\n    check(radian_degree)\n  File \"/tmp/tmp_ffhbn_l.py\", line 9, in check\n    assert candidate(90) == 1.5707963267948966\n  File \"/tmp/tmp_ffhbn_l.py\", line 5, in radian_degree\n    return degree * math.pi / 180\nNameError: name 'math' is not defined\n",
      "exit_code": 1,
      "status": "Exception"
    },
    {
      "program": "def radian_degree(degree: int) -> float:\n    \"\"\"\n\tWrite a function to convert degrees to radians.\n\t\"\"\"\n    return degree * math.pi / 180\n\n\ndef check(candidate):\n    assert candidate(90) == 1.5707963267948966\n    assert candidate(60) == 1.0471975511965976\n    assert candidate(120) == 2.0943951023931953\n\ndef test_check():\n    check(radian_degree)\n\ntest_check()\n",
      "timestamp": 1665510308,
      "stdout": "",
      "stderr": "Traceback (most recent call last):\n  File \"/tmp/tmp_ffhbn_l.py\", line 16, in <module>\n    test_check()\n  File \"/tmp/tmp_ffhbn_l.py\", line 14, in test_check\n    check(radian_degree)\n  File \"/tmp/tmp_ffhbn_l.py\", line 9, in check\n    assert candidate(90) == 1.5707963267948966\n  File \"/tmp/tmp_ffhbn_l.py\", line 5, in radian_degree\n    return degree * math.pi / 180\nNameError: name 'math' is not defined\n",
      "exit_code": 1,
      "status": "Exception"
    },
    {
      "program": "def radian_degree(degree: int) -> float:\n    \"\"\"\n\tWrite a function to convert degrees to radians.\n\t\"\"\"\n    return degree * math.pi / 180\n\n\ndef check(candidate):\n    assert candidate(90) == 1.5707963267948966\n    assert candidate(60) == 1.0471975511965976\n    assert candidate(120) == 2.0943951023931953\n\ndef test_check():\n    check(radian_degree)\n\ntest_check()\n",
      "timestamp": 1665510308,
      "stdout": "",
      "stderr": "Traceback (most recent call last):\n  File \"/tmp/tmp_ffhbn_l.py\", line 16, in <module>\n    test_check()\n  File \"/tmp/tmp_ffhbn_l.py\", line 14, in test_check\n    check(radian_degree)\n  File \"/tmp/tmp_ffhbn_l.py\", line 9, in check\n    assert candidate(90) == 1.5707963267948966\n  File \"/tmp/tmp_ffhbn_l.py\", line 5, in radian_degree\n    return degree * math.pi / 180\nNameError: name 'math' is not defined\n",
      "exit_code": 1,
      "status": "Exception"
    },
    {
      "program": "def radian_degree(degree: int) -> float:\n    \"\"\"\n\tWrite a function to convert degrees to radians.\n\t\"\"\"\n    return degree * math.pi / 180\n\n\ndef check(candidate):\n    assert candidate(90) == 1.5707963267948966\n    assert candidate(60) == 1.0471975511965976\n    assert candidate(120) == 2.0943951023931953\n\ndef test_check():\n    check(radian_degree)\n\ntest_check()\n",
      "timestamp": 1665510308,
      "stdout": "",
      "stderr": "Traceback (most recent call last):\n  File \"/tmp/tmp_ffhbn_l.py\", line 16, in <module>\n    test_check()\n  File \"/tmp/tmp_ffhbn_l.py\", line 14, in test_check\n    check(radian_degree)\n  File \"/tmp/tmp_ffhbn_l.py\", line 9, in check\n    assert candidate(90) == 1.5707963267948966\n  File \"/tmp/tmp_ffhbn_l.py\", line 5, in radian_degree\n    return degree * math.pi / 180\nNameError: name 'math' is not defined\n",
      "exit_code": 1,
      "status": "Exception"
    },
    {
      "program": "def radian_degree(degree: int) -> float:\n    \"\"\"\n\tWrite a function to convert degrees to radians.\n\t\"\"\"\n    return degree * math.pi / 180\n\n\ndef check(candidate):\n    assert candidate(90) == 1.5707963267948966\n    assert candidate(60) == 1.0471975511965976\n    assert candidate(120) == 2.0943951023931953\n\ndef test_check():\n    check(radian_degree)\n\ntest_check()\n",
      "timestamp": 1665510308,
      "stdout": "",
      "stderr": "Traceback (most recent call last):\n  File \"/tmp/tmp_ffhbn_l.py\", line 16, in <module>\n    test_check()\n  File \"/tmp/tmp_ffhbn_l.py\", line 14, in test_check\n    check(radian_degree)\n  File \"/tmp/tmp_ffhbn_l.py\", line 9, in check\n    assert candidate(90) == 1.5707963267948966\n  File \"/tmp/tmp_ffhbn_l.py\", line 5, in radian_degree\n    return degree * math.pi / 180\nNameError: name 'math' is not defined\n",
      "exit_code": 1,
      "status": "Exception"
    },
    {
      "program": "def radian_degree(degree: int) -> float:\n    \"\"\"\n\tWrite a function to convert degrees to radians.\n\t\"\"\"\n    return degree * math.pi / 180\n\n\ndef check(candidate):\n    assert candidate(90) == 1.5707963267948966\n    assert candidate(60) == 1.0471975511965976\n    assert candidate(120) == 2.0943951023931953\n\ndef test_check():\n    check(radian_degree)\n\ntest_check()\n",
      "timestamp": 1665510308,
      "stdout": "",
      "stderr": "Traceback (most recent call last):\n  File \"/tmp/tmp_ffhbn_l.py\", line 16, in <module>\n    test_check()\n  File \"/tmp/tmp_ffhbn_l.py\", line 14, in test_check\n    check(radian_degree)\n  File \"/tmp/tmp_ffhbn_l.py\", line 9, in check\n    assert candidate(90) == 1.5707963267948966\n  File \"/tmp/tmp_ffhbn_l.py\", line 5, in radian_degree\n    return degree * math.pi / 180\nNameError: name 'math' is not defined\n",
      "exit_code": 1,
      "status": "Exception"
    },
    {
      "program": "def radian_degree(degree: int) -> float:\n    \"\"\"\n\tWrite a function to convert degrees to radians.\n\t\"\"\"\n    return degree * math.pi / 180\n\n\ndef check(candidate):\n    assert candidate(90) == 1.5707963267948966\n    assert candidate(60) == 1.0471975511965976\n    assert candidate(120) == 2.0943951023931953\n\ndef test_check():\n    check(radian_degree)\n\ntest_check()\n",
      "timestamp": 1665510308,
      "stdout": "",
      "stderr": "Traceback (most recent call last):\n  File \"/tmp/tmp_ffhbn_l.py\", line 16, in <module>\n    test_check()\n  File \"/tmp/tmp_ffhbn_l.py\", line 14, in test_check\n    check(radian_degree)\n  File \"/tmp/tmp_ffhbn_l.py\", line 9, in check\n    assert candidate(90) == 1.5707963267948966\n  File \"/tmp/tmp_ffhbn_l.py\", line 5, in radian_degree\n    return degree * math.pi / 180\nNameError: name 'math' is not defined\n",
      "exit_code": 1,
      "status": "Exception"
    },
    {
      "program": "def radian_degree(degree: int) -> float:\n    \"\"\"\n\tWrite a function to convert degrees to radians.\n\t\"\"\"\n    return degree * math.pi / 180\n\n\ndef check(candidate):\n    assert candidate(90) == 1.5707963267948966\n    assert candidate(60) == 1.0471975511965976\n    assert candidate(120) == 2.0943951023931953\n\ndef test_check():\n    check(radian_degree)\n\ntest_check()\n",
      "timestamp": 1665510308,
      "stdout": "",
      "stderr": "Traceback (most recent call last):\n  File \"/tmp/tmp_ffhbn_l.py\", line 16, in <module>\n    test_check()\n  File \"/tmp/tmp_ffhbn_l.py\", line 14, in test_check\n    check(radian_degree)\n  File \"/tmp/tmp_ffhbn_l.py\", line 9, in check\n    assert candidate(90) == 1.5707963267948966\n  File \"/tmp/tmp_ffhbn_l.py\", line 5, in radian_degree\n    return degree * math.pi / 180\nNameError: name 'math' is not defined\n",
      "exit_code": 1,
      "status": "Exception"
    },
    {
      "program": "def radian_degree(degree: int) -> float:\n    \"\"\"\n\tWrite a function to convert degrees to radians.\n\t\"\"\"\n    return degree * math.pi / 180\n\n\ndef check(candidate):\n    assert candidate(90) == 1.5707963267948966\n    assert candidate(60) == 1.0471975511965976\n    assert candidate(120) == 2.0943951023931953\n\ndef test_check():\n    check(radian_degree)\n\ntest_check()\n",
      "timestamp": 1665510308,
      "stdout": "",
      "stderr": "Traceback (most recent call last):\n  File \"/tmp/tmp_ffhbn_l.py\", line 16, in <module>\n    test_check()\n  File \"/tmp/tmp_ffhbn_l.py\", line 14, in test_check\n    check(radian_degree)\n  File \"/tmp/tmp_ffhbn_l.py\", line 9, in check\n    assert candidate(90) == 1.5707963267948966\n  File \"/tmp/tmp_ffhbn_l.py\", line 5, in radian_degree\n    return degree * math.pi / 180\nNameError: name 'math' is not defined\n",
      "exit_code": 1,
      "status": "Exception"
    },
    {
      "program": "def radian_degree(degree: int) -> float:\n    \"\"\"\n\tWrite a function to convert degrees to radians.\n\t\"\"\"\n    return degree * math.pi / 180\n\n\ndef check(candidate):\n    assert candidate(90) == 1.5707963267948966\n    assert candidate(60) == 1.0471975511965976\n    assert candidate(120) == 2.0943951023931953\n\ndef test_check():\n    check(radian_degree)\n\ntest_check()\n",
      "timestamp": 1665510308,
      "stdout": "",
      "stderr": "Traceback (most recent call last):\n  File \"/tmp/tmp_ffhbn_l.py\", line 16, in <module>\n    test_check()\n  File \"/tmp/tmp_ffhbn_l.py\", line 14, in test_check\n    check(radian_degree)\n  File \"/tmp/tmp_ffhbn_l.py\", line 9, in check\n    assert candidate(90) == 1.5707963267948966\n  File \"/tmp/tmp_ffhbn_l.py\", line 5, in radian_degree\n    return degree * math.pi / 180\nNameError: name 'math' is not defined\n",
      "exit_code": 1,
      "status": "Exception"
    },
    {
      "program": "def radian_degree(degree: int) -> float:\n    \"\"\"\n\tWrite a function to convert degrees to radians.\n\t\"\"\"\n    return degree * math.pi / 180\n\n\ndef check(candidate):\n    assert candidate(90) == 1.5707963267948966\n    assert candidate(60) == 1.0471975511965976\n    assert candidate(120) == 2.0943951023931953\n\ndef test_check():\n    check(radian_degree)\n\ntest_check()\n",
      "timestamp": 1665510308,
      "stdout": "",
      "stderr": "Traceback (most recent call last):\n  File \"/tmp/tmp_ffhbn_l.py\", line 16, in <module>\n    test_check()\n  File \"/tmp/tmp_ffhbn_l.py\", line 14, in test_check\n    check(radian_degree)\n  File \"/tmp/tmp_ffhbn_l.py\", line 9, in check\n    assert candidate(90) == 1.5707963267948966\n  File \"/tmp/tmp_ffhbn_l.py\", line 5, in radian_degree\n    return degree * math.pi / 180\nNameError: name 'math' is not defined\n",
      "exit_code": 1,
      "status": "Exception"
    },
    {
      "program": "def radian_degree(degree: int) -> float:\n    \"\"\"\n\tWrite a function to convert degrees to radians.\n\t\"\"\"\n    return degree * math.pi / 180\n\n\ndef check(candidate):\n    assert candidate(90) == 1.5707963267948966\n    assert candidate(60) == 1.0471975511965976\n    assert candidate(120) == 2.0943951023931953\n\ndef test_check():\n    check(radian_degree)\n\ntest_check()\n",
      "timestamp": 1665510308,
      "stdout": "",
      "stderr": "Traceback (most recent call last):\n  File \"/tmp/tmp_ffhbn_l.py\", line 16, in <module>\n    test_check()\n  File \"/tmp/tmp_ffhbn_l.py\", line 14, in test_check\n    check(radian_degree)\n  File \"/tmp/tmp_ffhbn_l.py\", line 9, in check\n    assert candidate(90) == 1.5707963267948966\n  File \"/tmp/tmp_ffhbn_l.py\", line 5, in radian_degree\n    return degree * math.pi / 180\nNameError: name 'math' is not defined\n",
      "exit_code": 1,
      "status": "Exception"
    },
    {
      "program": "def radian_degree(degree: int) -> float:\n    \"\"\"\n\tWrite a function to convert degrees to radians.\n\t\"\"\"\n    return degree * (math.pi / 180)\n\n\ndef check(candidate):\n    assert candidate(90) == 1.5707963267948966\n    assert candidate(60) == 1.0471975511965976\n    assert candidate(120) == 2.0943951023931953\n\ndef test_check():\n    check(radian_degree)\n\ntest_check()\n",
      "timestamp": 1665510308,
      "stdout": "",
      "stderr": "Traceback (most recent call last):\n  File \"/tmp/tmp_ted8u8u.py\", line 16, in <module>\n    test_check()\n  File \"/tmp/tmp_ted8u8u.py\", line 14, in test_check\n    check(radian_degree)\n  File \"/tmp/tmp_ted8u8u.py\", line 9, in check\n    assert candidate(90) == 1.5707963267948966\n  File \"/tmp/tmp_ted8u8u.py\", line 5, in radian_degree\n    return degree * (math.pi / 180)\nNameError: name 'math' is not defined\n",
      "exit_code": 1,
      "status": "Exception"
    },
    {
      "program": "def radian_degree(degree: int) -> float:\n    \"\"\"\n\tWrite a function to convert degrees to radians.\n\t\"\"\"\n    return degree * math.pi / 180\n\n\ndef check(candidate):\n    assert candidate(90) == 1.5707963267948966\n    assert candidate(60) == 1.0471975511965976\n    assert candidate(120) == 2.0943951023931953\n\ndef test_check():\n    check(radian_degree)\n\ntest_check()\n",
      "timestamp": 1665510308,
      "stdout": "",
      "stderr": "Traceback (most recent call last):\n  File \"/tmp/tmp_ffhbn_l.py\", line 16, in <module>\n    test_check()\n  File \"/tmp/tmp_ffhbn_l.py\", line 14, in test_check\n    check(radian_degree)\n  File \"/tmp/tmp_ffhbn_l.py\", line 9, in check\n    assert candidate(90) == 1.5707963267948966\n  File \"/tmp/tmp_ffhbn_l.py\", line 5, in radian_degree\n    return degree * math.pi / 180\nNameError: name 'math' is not defined\n",
      "exit_code": 1,
      "status": "Exception"
    },
    {
      "program": "def radian_degree(degree: int) -> float:\n    \"\"\"\n\tWrite a function to convert degrees to radians.\n\t\"\"\"\n    return degree * math.pi / 180\n\n\ndef check(candidate):\n    assert candidate(90) == 1.5707963267948966\n    assert candidate(60) == 1.0471975511965976\n    assert candidate(120) == 2.0943951023931953\n\ndef test_check():\n    check(radian_degree)\n\ntest_check()\n",
      "timestamp": 1665510308,
      "stdout": "",
      "stderr": "Traceback (most recent call last):\n  File \"/tmp/tmp_ffhbn_l.py\", line 16, in <module>\n    test_check()\n  File \"/tmp/tmp_ffhbn_l.py\", line 14, in test_check\n    check(radian_degree)\n  File \"/tmp/tmp_ffhbn_l.py\", line 9, in check\n    assert candidate(90) == 1.5707963267948966\n  File \"/tmp/tmp_ffhbn_l.py\", line 5, in radian_degree\n    return degree * math.pi / 180\nNameError: name 'math' is not defined\n",
      "exit_code": 1,
      "status": "Exception"
    },
    {
      "program": "def radian_degree(degree: int) -> float:\n    \"\"\"\n\tWrite a function to convert degrees to radians.\n\t\"\"\"\n    return degree * math.pi / 180\n\n\ndef check(candidate):\n    assert candidate(90) == 1.5707963267948966\n    assert candidate(60) == 1.0471975511965976\n    assert candidate(120) == 2.0943951023931953\n\ndef test_check():\n    check(radian_degree)\n\ntest_check()\n",
      "timestamp": 1665510308,
      "stdout": "",
      "stderr": "Traceback (most recent call last):\n  File \"/tmp/tmp_ffhbn_l.py\", line 16, in <module>\n    test_check()\n  File \"/tmp/tmp_ffhbn_l.py\", line 14, in test_check\n    check(radian_degree)\n  File \"/tmp/tmp_ffhbn_l.py\", line 9, in check\n    assert candidate(90) == 1.5707963267948966\n  File \"/tmp/tmp_ffhbn_l.py\", line 5, in radian_degree\n    return degree * math.pi / 180\nNameError: name 'math' is not defined\n",
      "exit_code": 1,
      "status": "Exception"
    },
    {
      "program": "def radian_degree(degree: int) -> float:\n    \"\"\"\n\tWrite a function to convert degrees to radians.\n\t\"\"\"\n    return degree * math.pi / 180\n\n\ndef check(candidate):\n    assert candidate(90) == 1.5707963267948966\n    assert candidate(60) == 1.0471975511965976\n    assert candidate(120) == 2.0943951023931953\n\ndef test_check():\n    check(radian_degree)\n\ntest_check()\n",
      "timestamp": 1665510308,
      "stdout": "",
      "stderr": "Traceback (most recent call last):\n  File \"/tmp/tmp_ffhbn_l.py\", line 16, in <module>\n    test_check()\n  File \"/tmp/tmp_ffhbn_l.py\", line 14, in test_check\n    check(radian_degree)\n  File \"/tmp/tmp_ffhbn_l.py\", line 9, in check\n    assert candidate(90) == 1.5707963267948966\n  File \"/tmp/tmp_ffhbn_l.py\", line 5, in radian_degree\n    return degree * math.pi / 180\nNameError: name 'math' is not defined\n",
      "exit_code": 1,
      "status": "Exception"
    },
    {
      "program": "def radian_degree(degree: int) -> float:\n    \"\"\"\n\tWrite a function to convert degrees to radians.\n\t\"\"\"\n    return degree * math.pi / 180\n\n\ndef check(candidate):\n    assert candidate(90) == 1.5707963267948966\n    assert candidate(60) == 1.0471975511965976\n    assert candidate(120) == 2.0943951023931953\n\ndef test_check():\n    check(radian_degree)\n\ntest_check()\n",
      "timestamp": 1665510308,
      "stdout": "",
      "stderr": "Traceback (most recent call last):\n  File \"/tmp/tmp_ffhbn_l.py\", line 16, in <module>\n    test_check()\n  File \"/tmp/tmp_ffhbn_l.py\", line 14, in test_check\n    check(radian_degree)\n  File \"/tmp/tmp_ffhbn_l.py\", line 9, in check\n    assert candidate(90) == 1.5707963267948966\n  File \"/tmp/tmp_ffhbn_l.py\", line 5, in radian_degree\n    return degree * math.pi / 180\nNameError: name 'math' is not defined\n",
      "exit_code": 1,
      "status": "Exception"
    },
    {
      "program": "def radian_degree(degree: int) -> float:\n    \"\"\"\n\tWrite a function to convert degrees to radians.\n\t\"\"\"\n    return degree * math.pi / 180\n\n\ndef check(candidate):\n    assert candidate(90) == 1.5707963267948966\n    assert candidate(60) == 1.0471975511965976\n    assert candidate(120) == 2.0943951023931953\n\ndef test_check():\n    check(radian_degree)\n\ntest_check()\n",
      "timestamp": 1665510308,
      "stdout": "",
      "stderr": "Traceback (most recent call last):\n  File \"/tmp/tmp_ffhbn_l.py\", line 16, in <module>\n    test_check()\n  File \"/tmp/tmp_ffhbn_l.py\", line 14, in test_check\n    check(radian_degree)\n  File \"/tmp/tmp_ffhbn_l.py\", line 9, in check\n    assert candidate(90) == 1.5707963267948966\n  File \"/tmp/tmp_ffhbn_l.py\", line 5, in radian_degree\n    return degree * math.pi / 180\nNameError: name 'math' is not defined\n",
      "exit_code": 1,
      "status": "Exception"
    },
    {
      "program": "def radian_degree(degree: int) -> float:\n    \"\"\"\n\tWrite a function to convert degrees to radians.\n\t\"\"\"\n    return degree * math.pi / 180\n\n\ndef check(candidate):\n    assert candidate(90) == 1.5707963267948966\n    assert candidate(60) == 1.0471975511965976\n    assert candidate(120) == 2.0943951023931953\n\ndef test_check():\n    check(radian_degree)\n\ntest_check()\n",
      "timestamp": 1665510308,
      "stdout": "",
      "stderr": "Traceback (most recent call last):\n  File \"/tmp/tmp_ffhbn_l.py\", line 16, in <module>\n    test_check()\n  File \"/tmp/tmp_ffhbn_l.py\", line 14, in test_check\n    check(radian_degree)\n  File \"/tmp/tmp_ffhbn_l.py\", line 9, in check\n    assert candidate(90) == 1.5707963267948966\n  File \"/tmp/tmp_ffhbn_l.py\", line 5, in radian_degree\n    return degree * math.pi / 180\nNameError: name 'math' is not defined\n",
      "exit_code": 1,
      "status": "Exception"
    },
    {
      "program": "def radian_degree(degree: int) -> float:\n    \"\"\"\n\tWrite a function to convert degrees to radians.\n\t\"\"\"\n    return degree * math.pi / 180\n\n\ndef check(candidate):\n    assert candidate(90) == 1.5707963267948966\n    assert candidate(60) == 1.0471975511965976\n    assert candidate(120) == 2.0943951023931953\n\ndef test_check():\n    check(radian_degree)\n\ntest_check()\n",
      "timestamp": 1665510308,
      "stdout": "",
      "stderr": "Traceback (most recent call last):\n  File \"/tmp/tmp_ffhbn_l.py\", line 16, in <module>\n    test_check()\n  File \"/tmp/tmp_ffhbn_l.py\", line 14, in test_check\n    check(radian_degree)\n  File \"/tmp/tmp_ffhbn_l.py\", line 9, in check\n    assert candidate(90) == 1.5707963267948966\n  File \"/tmp/tmp_ffhbn_l.py\", line 5, in radian_degree\n    return degree * math.pi / 180\nNameError: name 'math' is not defined\n",
      "exit_code": 1,
      "status": "Exception"
    },
    {
      "program": "def radian_degree(degree: int) -> float:\n    \"\"\"\n\tWrite a function to convert degrees to radians.\n\t\"\"\"\n    return degree * math.pi / 180\n\n\ndef check(candidate):\n    assert candidate(90) == 1.5707963267948966\n    assert candidate(60) == 1.0471975511965976\n    assert candidate(120) == 2.0943951023931953\n\ndef test_check():\n    check(radian_degree)\n\ntest_check()\n",
      "timestamp": 1665510308,
      "stdout": "",
      "stderr": "Traceback (most recent call last):\n  File \"/tmp/tmp_ffhbn_l.py\", line 16, in <module>\n    test_check()\n  File \"/tmp/tmp_ffhbn_l.py\", line 14, in test_check\n    check(radian_degree)\n  File \"/tmp/tmp_ffhbn_l.py\", line 9, in check\n    assert candidate(90) == 1.5707963267948966\n  File \"/tmp/tmp_ffhbn_l.py\", line 5, in radian_degree\n    return degree * math.pi / 180\nNameError: name 'math' is not defined\n",
      "exit_code": 1,
      "status": "Exception"
    },
    {
      "program": "def radian_degree(degree: int) -> float:\n    \"\"\"\n\tWrite a function to convert degrees to radians.\n\t\"\"\"\n    return degree * math.pi / 180\n\n\ndef check(candidate):\n    assert candidate(90) == 1.5707963267948966\n    assert candidate(60) == 1.0471975511965976\n    assert candidate(120) == 2.0943951023931953\n\ndef test_check():\n    check(radian_degree)\n\ntest_check()\n",
      "timestamp": 1665510308,
      "stdout": "",
      "stderr": "Traceback (most recent call last):\n  File \"/tmp/tmp_ffhbn_l.py\", line 16, in <module>\n    test_check()\n  File \"/tmp/tmp_ffhbn_l.py\", line 14, in test_check\n    check(radian_degree)\n  File \"/tmp/tmp_ffhbn_l.py\", line 9, in check\n    assert candidate(90) == 1.5707963267948966\n  File \"/tmp/tmp_ffhbn_l.py\", line 5, in radian_degree\n    return degree * math.pi / 180\nNameError: name 'math' is not defined\n",
      "exit_code": 1,
      "status": "Exception"
    }
  ]
}