{
  "name": "mbpp_471_find_remainder",
  "language": "py",
  "prompt": "from typing import List\n\ndef find_remainder(arr: List[int], n: int) -> int:\n    \"\"\"\n\tWrite a python function to find the product of the array multiplication modulo n.\n\t\"\"\"\n",
  "doctests": "keep",
  "original": "/home/arjun/repos/MultiPL-E/datasets/../datasets/mbpp-typed/mbpp_471_find_remainder.py",
  "prompt_terminology": "verbatim",
  "tests": "def check(candidate):\n    assert candidate([100, 10, 5, 25, 35, 14], 11) == 9\n    assert candidate([1, 1, 1], 1) == 0\n    assert candidate([1, 2, 1], 2) == 0\n\ndef test_check():\n    check(find_remainder)\n\ntest_check()\n",
  "stop_tokens": [
    "\ndef",
    "\n#",
    "\nif",
    "\nclass"
  ],
  "results": [
    {
      "program": "from typing import List\n\ndef find_remainder(arr: List[int], n: int) -> int:\n    \"\"\"\n\tWrite a python function to find the product of the array multiplication modulo n.\n\t\"\"\"\n    prod = 1\n    for i in arr:\n        prod = (prod * i) % n\n    return prod\n\ndef check(candidate):\n    assert candidate([100, 10, 5, 25, 35, 14], 11) == 9\n    assert candidate([1, 1, 1], 1) == 0\n    assert candidate([1, 2, 1], 2) == 0\n\ndef test_check():\n    check(find_remainder)\n\ntest_check()\n",
      "timestamp": 1665510242,
      "stdout": "",
      "stderr": "",
      "exit_code": 0,
      "status": "OK"
    },
    {
      "program": "from typing import List\n\ndef find_remainder(arr: List[int], n: int) -> int:\n    \"\"\"\n\tWrite a python function to find the product of the array multiplication modulo n.\n\t\"\"\"\n    product = 1\n    for i in arr:\n        product = (product * i) % n\n    return product\n\ndef check(candidate):\n    assert candidate([100, 10, 5, 25, 35, 14], 11) == 9\n    assert candidate([1, 1, 1], 1) == 0\n    assert candidate([1, 2, 1], 2) == 0\n\ndef test_check():\n    check(find_remainder)\n\ntest_check()\n",
      "timestamp": 1665510242,
      "stdout": "",
      "stderr": "",
      "exit_code": 0,
      "status": "OK"
    },
    {
      "program": "from typing import List\n\ndef find_remainder(arr: List[int], n: int) -> int:\n    \"\"\"\n\tWrite a python function to find the product of the array multiplication modulo n.\n\t\"\"\"\n    product = 1\n    for i in arr:\n        product *= i\n    return product % n\n\ndef check(candidate):\n    assert candidate([100, 10, 5, 25, 35, 14], 11) == 9\n    assert candidate([1, 1, 1], 1) == 0\n    assert candidate([1, 2, 1], 2) == 0\n\ndef test_check():\n    check(find_remainder)\n\ntest_check()\n",
      "timestamp": 1665510242,
      "stdout": "",
      "stderr": "",
      "exit_code": 0,
      "status": "OK"
    },
    {
      "program": "from typing import List\n\ndef find_remainder(arr: List[int], n: int) -> int:\n    \"\"\"\n\tWrite a python function to find the product of the array multiplication modulo n.\n\t\"\"\"\n    product = 1\n    for i in arr:\n        product *= i\n    return product % n\n\ndef check(candidate):\n    assert candidate([100, 10, 5, 25, 35, 14], 11) == 9\n    assert candidate([1, 1, 1], 1) == 0\n    assert candidate([1, 2, 1], 2) == 0\n\ndef test_check():\n    check(find_remainder)\n\ntest_check()\n",
      "timestamp": 1665510242,
      "stdout": "",
      "stderr": "",
      "exit_code": 0,
      "status": "OK"
    },
    {
      "program": "from typing import List\n\ndef find_remainder(arr: List[int], n: int) -> int:\n    \"\"\"\n\tWrite a python function to find the product of the array multiplication modulo n.\n\t\"\"\"\n    return reduce(lambda x, y: x * y, arr) % n\n\ndef check(candidate):\n    assert candidate([100, 10, 5, 25, 35, 14], 11) == 9\n    assert candidate([1, 1, 1], 1) == 0\n    assert candidate([1, 2, 1], 2) == 0\n\ndef test_check():\n    check(find_remainder)\n\ntest_check()\n",
      "timestamp": 1665510242,
      "stdout": "",
      "stderr": "Traceback (most recent call last):\n  File \"/tmp/tmpt58o8jwr.py\", line 17, in <module>\n    test_check()\n  File \"/tmp/tmpt58o8jwr.py\", line 15, in test_check\n    check(find_remainder)\n  File \"/tmp/tmpt58o8jwr.py\", line 10, in check\n    assert candidate([100, 10, 5, 25, 35, 14], 11) == 9\n  File \"/tmp/tmpt58o8jwr.py\", line 7, in find_remainder\n    return reduce(lambda x, y: x * y, arr) % n\nNameError: name 'reduce' is not defined\n",
      "exit_code": 1,
      "status": "Exception"
    },
    {
      "program": "from typing import List\n\ndef find_remainder(arr: List[int], n: int) -> int:\n    \"\"\"\n\tWrite a python function to find the product of the array multiplication modulo n.\n\t\"\"\"\n    return reduce(lambda x, y: x * y, arr) % n\n\ndef check(candidate):\n    assert candidate([100, 10, 5, 25, 35, 14], 11) == 9\n    assert candidate([1, 1, 1], 1) == 0\n    assert candidate([1, 2, 1], 2) == 0\n\ndef test_check():\n    check(find_remainder)\n\ntest_check()\n",
      "timestamp": 1665510242,
      "stdout": "",
      "stderr": "Traceback (most recent call last):\n  File \"/tmp/tmpt58o8jwr.py\", line 17, in <module>\n    test_check()\n  File \"/tmp/tmpt58o8jwr.py\", line 15, in test_check\n    check(find_remainder)\n  File \"/tmp/tmpt58o8jwr.py\", line 10, in check\n    assert candidate([100, 10, 5, 25, 35, 14], 11) == 9\n  File \"/tmp/tmpt58o8jwr.py\", line 7, in find_remainder\n    return reduce(lambda x, y: x * y, arr) % n\nNameError: name 'reduce' is not defined\n",
      "exit_code": 1,
      "status": "Exception"
    },
    {
      "program": "from typing import List\n\ndef find_remainder(arr: List[int], n: int) -> int:\n    \"\"\"\n\tWrite a python function to find the product of the array multiplication modulo n.\n\t\"\"\"\n    return reduce(lambda x, y: x * y % n, arr)\n\n\ndef check(candidate):\n    assert candidate([100, 10, 5, 25, 35, 14], 11) == 9\n    assert candidate([1, 1, 1], 1) == 0\n    assert candidate([1, 2, 1], 2) == 0\n\ndef test_check():\n    check(find_remainder)\n\ntest_check()\n",
      "timestamp": 1665510242,
      "stdout": "",
      "stderr": "Traceback (most recent call last):\n  File \"/tmp/tmpafu6m1na.py\", line 18, in <module>\n    test_check()\n  File \"/tmp/tmpafu6m1na.py\", line 16, in test_check\n    check(find_remainder)\n  File \"/tmp/tmpafu6m1na.py\", line 11, in check\n    assert candidate([100, 10, 5, 25, 35, 14], 11) == 9\n  File \"/tmp/tmpafu6m1na.py\", line 7, in find_remainder\n    return reduce(lambda x, y: x * y % n, arr)\nNameError: name 'reduce' is not defined\n",
      "exit_code": 1,
      "status": "Exception"
    },
    {
      "program": "from typing import List\n\ndef find_remainder(arr: List[int], n: int) -> int:\n    \"\"\"\n\tWrite a python function to find the product of the array multiplication modulo n.\n\t\"\"\"\n    product = 1\n    for i in arr:\n        product *= i\n    return product % n\n\ndef check(candidate):\n    assert candidate([100, 10, 5, 25, 35, 14], 11) == 9\n    assert candidate([1, 1, 1], 1) == 0\n    assert candidate([1, 2, 1], 2) == 0\n\ndef test_check():\n    check(find_remainder)\n\ntest_check()\n",
      "timestamp": 1665510242,
      "stdout": "",
      "stderr": "",
      "exit_code": 0,
      "status": "OK"
    },
    {
      "program": "from typing import List\n\ndef find_remainder(arr: List[int], n: int) -> int:\n    \"\"\"\n\tWrite a python function to find the product of the array multiplication modulo n.\n\t\"\"\"\n    return reduce(lambda x, y: (x * y) % n, arr)\n\n\ndef check(candidate):\n    assert candidate([100, 10, 5, 25, 35, 14], 11) == 9\n    assert candidate([1, 1, 1], 1) == 0\n    assert candidate([1, 2, 1], 2) == 0\n\ndef test_check():\n    check(find_remainder)\n\ntest_check()\n",
      "timestamp": 1665510242,
      "stdout": "",
      "stderr": "Traceback (most recent call last):\n  File \"/tmp/tmp8zczxb4h.py\", line 18, in <module>\n    test_check()\n  File \"/tmp/tmp8zczxb4h.py\", line 16, in test_check\n    check(find_remainder)\n  File \"/tmp/tmp8zczxb4h.py\", line 11, in check\n    assert candidate([100, 10, 5, 25, 35, 14], 11) == 9\n  File \"/tmp/tmp8zczxb4h.py\", line 7, in find_remainder\n    return reduce(lambda x, y: (x * y) % n, arr)\nNameError: name 'reduce' is not defined\n",
      "exit_code": 1,
      "status": "Exception"
    },
    {
      "program": "from typing import List\n\ndef find_remainder(arr: List[int], n: int) -> int:\n    \"\"\"\n\tWrite a python function to find the product of the array multiplication modulo n.\n\t\"\"\"\n    return reduce(lambda x, y: (x * y) % n, arr)\n\ndef check(candidate):\n    assert candidate([100, 10, 5, 25, 35, 14], 11) == 9\n    assert candidate([1, 1, 1], 1) == 0\n    assert candidate([1, 2, 1], 2) == 0\n\ndef test_check():\n    check(find_remainder)\n\ntest_check()\n",
      "timestamp": 1665510242,
      "stdout": "",
      "stderr": "Traceback (most recent call last):\n  File \"/tmp/tmpxi5wient.py\", line 17, in <module>\n    test_check()\n  File \"/tmp/tmpxi5wient.py\", line 15, in test_check\n    check(find_remainder)\n  File \"/tmp/tmpxi5wient.py\", line 10, in check\n    assert candidate([100, 10, 5, 25, 35, 14], 11) == 9\n  File \"/tmp/tmpxi5wient.py\", line 7, in find_remainder\n    return reduce(lambda x, y: (x * y) % n, arr)\nNameError: name 'reduce' is not defined\n",
      "exit_code": 1,
      "status": "Exception"
    },
    {
      "program": "from typing import List\n\ndef find_remainder(arr: List[int], n: int) -> int:\n    \"\"\"\n\tWrite a python function to find the product of the array multiplication modulo n.\n\t\"\"\"\n    return reduce(lambda x, y: x * y % n, arr)\n\ndef check(candidate):\n    assert candidate([100, 10, 5, 25, 35, 14], 11) == 9\n    assert candidate([1, 1, 1], 1) == 0\n    assert candidate([1, 2, 1], 2) == 0\n\ndef test_check():\n    check(find_remainder)\n\ntest_check()\n",
      "timestamp": 1665510242,
      "stdout": "",
      "stderr": "Traceback (most recent call last):\n  File \"/tmp/tmpwetyzqbd.py\", line 17, in <module>\n    test_check()\n  File \"/tmp/tmpwetyzqbd.py\", line 15, in test_check\n    check(find_remainder)\n  File \"/tmp/tmpwetyzqbd.py\", line 10, in check\n    assert candidate([100, 10, 5, 25, 35, 14], 11) == 9\n  File \"/tmp/tmpwetyzqbd.py\", line 7, in find_remainder\n    return reduce(lambda x, y: x * y % n, arr)\nNameError: name 'reduce' is not defined\n",
      "exit_code": 1,
      "status": "Exception"
    },
    {
      "program": "from typing import List\n\ndef find_remainder(arr: List[int], n: int) -> int:\n    \"\"\"\n\tWrite a python function to find the product of the array multiplication modulo n.\n\t\"\"\"\n    product = 1\n    for i in arr:\n        product = (product * i) % n\n    return product\n\ndef check(candidate):\n    assert candidate([100, 10, 5, 25, 35, 14], 11) == 9\n    assert candidate([1, 1, 1], 1) == 0\n    assert candidate([1, 2, 1], 2) == 0\n\ndef test_check():\n    check(find_remainder)\n\ntest_check()\n",
      "timestamp": 1665510242,
      "stdout": "",
      "stderr": "",
      "exit_code": 0,
      "status": "OK"
    },
    {
      "program": "from typing import List\n\ndef find_remainder(arr: List[int], n: int) -> int:\n    \"\"\"\n\tWrite a python function to find the product of the array multiplication modulo n.\n\t\"\"\"\n    prod = 1\n    for i in arr:\n        prod = prod * i\n    return prod % n\n\ndef check(candidate):\n    assert candidate([100, 10, 5, 25, 35, 14], 11) == 9\n    assert candidate([1, 1, 1], 1) == 0\n    assert candidate([1, 2, 1], 2) == 0\n\ndef test_check():\n    check(find_remainder)\n\ntest_check()\n",
      "timestamp": 1665510242,
      "stdout": "",
      "stderr": "",
      "exit_code": 0,
      "status": "OK"
    },
    {
      "program": "from typing import List\n\ndef find_remainder(arr: List[int], n: int) -> int:\n    \"\"\"\n\tWrite a python function to find the product of the array multiplication modulo n.\n\t\"\"\"\n    return reduce(lambda x, y: (x * y) % n, arr)\n\n\ndef check(candidate):\n    assert candidate([100, 10, 5, 25, 35, 14], 11) == 9\n    assert candidate([1, 1, 1], 1) == 0\n    assert candidate([1, 2, 1], 2) == 0\n\ndef test_check():\n    check(find_remainder)\n\ntest_check()\n",
      "timestamp": 1665510242,
      "stdout": "",
      "stderr": "Traceback (most recent call last):\n  File \"/tmp/tmp8zczxb4h.py\", line 18, in <module>\n    test_check()\n  File \"/tmp/tmp8zczxb4h.py\", line 16, in test_check\n    check(find_remainder)\n  File \"/tmp/tmp8zczxb4h.py\", line 11, in check\n    assert candidate([100, 10, 5, 25, 35, 14], 11) == 9\n  File \"/tmp/tmp8zczxb4h.py\", line 7, in find_remainder\n    return reduce(lambda x, y: (x * y) % n, arr)\nNameError: name 'reduce' is not defined\n",
      "exit_code": 1,
      "status": "Exception"
    },
    {
      "program": "from typing import List\n\ndef find_remainder(arr: List[int], n: int) -> int:\n    \"\"\"\n\tWrite a python function to find the product of the array multiplication modulo n.\n\t\"\"\"\n    product = 1\n    for i in arr:\n        product *= i\n    return product % n\n\ndef check(candidate):\n    assert candidate([100, 10, 5, 25, 35, 14], 11) == 9\n    assert candidate([1, 1, 1], 1) == 0\n    assert candidate([1, 2, 1], 2) == 0\n\ndef test_check():\n    check(find_remainder)\n\ntest_check()\n",
      "timestamp": 1665510242,
      "stdout": "",
      "stderr": "",
      "exit_code": 0,
      "status": "OK"
    },
    {
      "program": "from typing import List\n\ndef find_remainder(arr: List[int], n: int) -> int:\n    \"\"\"\n\tWrite a python function to find the product of the array multiplication modulo n.\n\t\"\"\"\n    product = 1\n    for i in arr:\n        product = (product * i) % n\n    return product\n\n\ndef check(candidate):\n    assert candidate([100, 10, 5, 25, 35, 14], 11) == 9\n    assert candidate([1, 1, 1], 1) == 0\n    assert candidate([1, 2, 1], 2) == 0\n\ndef test_check():\n    check(find_remainder)\n\ntest_check()\n",
      "timestamp": 1665510242,
      "stdout": "",
      "stderr": "",
      "exit_code": 0,
      "status": "OK"
    },
    {
      "program": "from typing import List\n\ndef find_remainder(arr: List[int], n: int) -> int:\n    \"\"\"\n\tWrite a python function to find the product of the array multiplication modulo n.\n\t\"\"\"\n    product = 1\n    for i in arr:\n        product *= i\n    return product % n\n\ndef check(candidate):\n    assert candidate([100, 10, 5, 25, 35, 14], 11) == 9\n    assert candidate([1, 1, 1], 1) == 0\n    assert candidate([1, 2, 1], 2) == 0\n\ndef test_check():\n    check(find_remainder)\n\ntest_check()\n",
      "timestamp": 1665510242,
      "stdout": "",
      "stderr": "",
      "exit_code": 0,
      "status": "OK"
    },
    {
      "program": "from typing import List\n\ndef find_remainder(arr: List[int], n: int) -> int:\n    \"\"\"\n\tWrite a python function to find the product of the array multiplication modulo n.\n\t\"\"\"\n    return reduce(lambda x, y: (x * y) % n, arr)\n\n\ndef check(candidate):\n    assert candidate([100, 10, 5, 25, 35, 14], 11) == 9\n    assert candidate([1, 1, 1], 1) == 0\n    assert candidate([1, 2, 1], 2) == 0\n\ndef test_check():\n    check(find_remainder)\n\ntest_check()\n",
      "timestamp": 1665510242,
      "stdout": "",
      "stderr": "Traceback (most recent call last):\n  File \"/tmp/tmp8zczxb4h.py\", line 18, in <module>\n    test_check()\n  File \"/tmp/tmp8zczxb4h.py\", line 16, in test_check\n    check(find_remainder)\n  File \"/tmp/tmp8zczxb4h.py\", line 11, in check\n    assert candidate([100, 10, 5, 25, 35, 14], 11) == 9\n  File \"/tmp/tmp8zczxb4h.py\", line 7, in find_remainder\n    return reduce(lambda x, y: (x * y) % n, arr)\nNameError: name 'reduce' is not defined\n",
      "exit_code": 1,
      "status": "Exception"
    },
    {
      "program": "from typing import List\n\ndef find_remainder(arr: List[int], n: int) -> int:\n    \"\"\"\n\tWrite a python function to find the product of the array multiplication modulo n.\n\t\"\"\"\n    product = 1\n    for i in arr:\n        product *= i\n    return product % n\n\ndef check(candidate):\n    assert candidate([100, 10, 5, 25, 35, 14], 11) == 9\n    assert candidate([1, 1, 1], 1) == 0\n    assert candidate([1, 2, 1], 2) == 0\n\ndef test_check():\n    check(find_remainder)\n\ntest_check()\n",
      "timestamp": 1665510242,
      "stdout": "",
      "stderr": "",
      "exit_code": 0,
      "status": "OK"
    },
    {
      "program": "from typing import List\n\ndef find_remainder(arr: List[int], n: int) -> int:\n    \"\"\"\n\tWrite a python function to find the product of the array multiplication modulo n.\n\t\"\"\"\n    return reduce(lambda x, y: x * y, arr) % n\n\ndef check(candidate):\n    assert candidate([100, 10, 5, 25, 35, 14], 11) == 9\n    assert candidate([1, 1, 1], 1) == 0\n    assert candidate([1, 2, 1], 2) == 0\n\ndef test_check():\n    check(find_remainder)\n\ntest_check()\n",
      "timestamp": 1665510242,
      "stdout": "",
      "stderr": "Traceback (most recent call last):\n  File \"/tmp/tmpt58o8jwr.py\", line 17, in <module>\n    test_check()\n  File \"/tmp/tmpt58o8jwr.py\", line 15, in test_check\n    check(find_remainder)\n  File \"/tmp/tmpt58o8jwr.py\", line 10, in check\n    assert candidate([100, 10, 5, 25, 35, 14], 11) == 9\n  File \"/tmp/tmpt58o8jwr.py\", line 7, in find_remainder\n    return reduce(lambda x, y: x * y, arr) % n\nNameError: name 'reduce' is not defined\n",
      "exit_code": 1,
      "status": "Exception"
    },
    {
      "program": "from typing import List\n\ndef find_remainder(arr: List[int], n: int) -> int:\n    \"\"\"\n\tWrite a python function to find the product of the array multiplication modulo n.\n\t\"\"\"\n    prod = 1\n    for i in arr:\n        prod *= i\n    return prod % n\n\ndef check(candidate):\n    assert candidate([100, 10, 5, 25, 35, 14], 11) == 9\n    assert candidate([1, 1, 1], 1) == 0\n    assert candidate([1, 2, 1], 2) == 0\n\ndef test_check():\n    check(find_remainder)\n\ntest_check()\n",
      "timestamp": 1665510242,
      "stdout": "",
      "stderr": "",
      "exit_code": 0,
      "status": "OK"
    },
    {
      "program": "from typing import List\n\ndef find_remainder(arr: List[int], n: int) -> int:\n    \"\"\"\n\tWrite a python function to find the product of the array multiplication modulo n.\n\t\"\"\"\n    return reduce(lambda x, y: x * y, arr) % n\n\ndef check(candidate):\n    assert candidate([100, 10, 5, 25, 35, 14], 11) == 9\n    assert candidate([1, 1, 1], 1) == 0\n    assert candidate([1, 2, 1], 2) == 0\n\ndef test_check():\n    check(find_remainder)\n\ntest_check()\n",
      "timestamp": 1665510242,
      "stdout": "",
      "stderr": "Traceback (most recent call last):\n  File \"/tmp/tmpt58o8jwr.py\", line 17, in <module>\n    test_check()\n  File \"/tmp/tmpt58o8jwr.py\", line 15, in test_check\n    check(find_remainder)\n  File \"/tmp/tmpt58o8jwr.py\", line 10, in check\n    assert candidate([100, 10, 5, 25, 35, 14], 11) == 9\n  File \"/tmp/tmpt58o8jwr.py\", line 7, in find_remainder\n    return reduce(lambda x, y: x * y, arr) % n\nNameError: name 'reduce' is not defined\n",
      "exit_code": 1,
      "status": "Exception"
    },
    {
      "program": "from typing import List\n\ndef find_remainder(arr: List[int], n: int) -> int:\n    \"\"\"\n\tWrite a python function to find the product of the array multiplication modulo n.\n\t\"\"\"\n    return reduce(lambda x, y: (x * y) % n, arr)\n\n\ndef check(candidate):\n    assert candidate([100, 10, 5, 25, 35, 14], 11) == 9\n    assert candidate([1, 1, 1], 1) == 0\n    assert candidate([1, 2, 1], 2) == 0\n\ndef test_check():\n    check(find_remainder)\n\ntest_check()\n",
      "timestamp": 1665510242,
      "stdout": "",
      "stderr": "Traceback (most recent call last):\n  File \"/tmp/tmp8zczxb4h.py\", line 18, in <module>\n    test_check()\n  File \"/tmp/tmp8zczxb4h.py\", line 16, in test_check\n    check(find_remainder)\n  File \"/tmp/tmp8zczxb4h.py\", line 11, in check\n    assert candidate([100, 10, 5, 25, 35, 14], 11) == 9\n  File \"/tmp/tmp8zczxb4h.py\", line 7, in find_remainder\n    return reduce(lambda x, y: (x * y) % n, arr)\nNameError: name 'reduce' is not defined\n",
      "exit_code": 1,
      "status": "Exception"
    },
    {
      "program": "from typing import List\n\ndef find_remainder(arr: List[int], n: int) -> int:\n    \"\"\"\n\tWrite a python function to find the product of the array multiplication modulo n.\n\t\"\"\"\n    product = 1\n    for i in arr:\n        product *= i\n    return product % n\n\ndef check(candidate):\n    assert candidate([100, 10, 5, 25, 35, 14], 11) == 9\n    assert candidate([1, 1, 1], 1) == 0\n    assert candidate([1, 2, 1], 2) == 0\n\ndef test_check():\n    check(find_remainder)\n\ntest_check()\n",
      "timestamp": 1665510242,
      "stdout": "",
      "stderr": "",
      "exit_code": 0,
      "status": "OK"
    },
    {
      "program": "from typing import List\n\ndef find_remainder(arr: List[int], n: int) -> int:\n    \"\"\"\n\tWrite a python function to find the product of the array multiplication modulo n.\n\t\"\"\"\n    product = 1\n    for i in arr:\n        product *= i\n    return product % n\n\ndef check(candidate):\n    assert candidate([100, 10, 5, 25, 35, 14], 11) == 9\n    assert candidate([1, 1, 1], 1) == 0\n    assert candidate([1, 2, 1], 2) == 0\n\ndef test_check():\n    check(find_remainder)\n\ntest_check()\n",
      "timestamp": 1665510242,
      "stdout": "",
      "stderr": "",
      "exit_code": 0,
      "status": "OK"
    },
    {
      "program": "from typing import List\n\ndef find_remainder(arr: List[int], n: int) -> int:\n    \"\"\"\n\tWrite a python function to find the product of the array multiplication modulo n.\n\t\"\"\"\n    product = 1\n    for i in arr:\n        product = (product * i) % n\n    return product\n\n\ndef check(candidate):\n    assert candidate([100, 10, 5, 25, 35, 14], 11) == 9\n    assert candidate([1, 1, 1], 1) == 0\n    assert candidate([1, 2, 1], 2) == 0\n\ndef test_check():\n    check(find_remainder)\n\ntest_check()\n",
      "timestamp": 1665510242,
      "stdout": "",
      "stderr": "",
      "exit_code": 0,
      "status": "OK"
    },
    {
      "program": "from typing import List\n\ndef find_remainder(arr: List[int], n: int) -> int:\n    \"\"\"\n\tWrite a python function to find the product of the array multiplication modulo n.\n\t\"\"\"\n    product = 1\n    for i in arr:\n        product *= i\n    return product % n\n\ndef check(candidate):\n    assert candidate([100, 10, 5, 25, 35, 14], 11) == 9\n    assert candidate([1, 1, 1], 1) == 0\n    assert candidate([1, 2, 1], 2) == 0\n\ndef test_check():\n    check(find_remainder)\n\ntest_check()\n",
      "timestamp": 1665510242,
      "stdout": "",
      "stderr": "",
      "exit_code": 0,
      "status": "OK"
    },
    {
      "program": "from typing import List\n\ndef find_remainder(arr: List[int], n: int) -> int:\n    \"\"\"\n\tWrite a python function to find the product of the array multiplication modulo n.\n\t\"\"\"\n    product = 1\n    for i in arr:\n        product = (product * i) % n\n    return product\n\ndef check(candidate):\n    assert candidate([100, 10, 5, 25, 35, 14], 11) == 9\n    assert candidate([1, 1, 1], 1) == 0\n    assert candidate([1, 2, 1], 2) == 0\n\ndef test_check():\n    check(find_remainder)\n\ntest_check()\n",
      "timestamp": 1665510242,
      "stdout": "",
      "stderr": "",
      "exit_code": 0,
      "status": "OK"
    },
    {
      "program": "from typing import List\n\ndef find_remainder(arr: List[int], n: int) -> int:\n    \"\"\"\n\tWrite a python function to find the product of the array multiplication modulo n.\n\t\"\"\"\n    product = 1\n    for i in arr:\n        product = (product * i) % n\n    return product\n\ndef check(candidate):\n    assert candidate([100, 10, 5, 25, 35, 14], 11) == 9\n    assert candidate([1, 1, 1], 1) == 0\n    assert candidate([1, 2, 1], 2) == 0\n\ndef test_check():\n    check(find_remainder)\n\ntest_check()\n",
      "timestamp": 1665510242,
      "stdout": "",
      "stderr": "",
      "exit_code": 0,
      "status": "OK"
    },
    {
      "program": "from typing import List\n\ndef find_remainder(arr: List[int], n: int) -> int:\n    \"\"\"\n\tWrite a python function to find the product of the array multiplication modulo n.\n\t\"\"\"\n    return reduce(lambda x, y: x * y % n, arr)\n\nprint(find_remainder([1, 2, 3, 4, 5], 5))\ndef check(candidate):\n    assert candidate([100, 10, 5, 25, 35, 14], 11) == 9\n    assert candidate([1, 1, 1], 1) == 0\n    assert candidate([1, 2, 1], 2) == 0\n\ndef test_check():\n    check(find_remainder)\n\ntest_check()\n",
      "timestamp": 1666122755,
      "stdout": "",
      "stderr": "Traceback (most recent call last):\n  File \"/tmp/tmpaehf7sqn.py\", line 9, in <module>\n    print(find_remainder([1, 2, 3, 4, 5], 5))\n  File \"/tmp/tmpaehf7sqn.py\", line 7, in find_remainder\n    return reduce(lambda x, y: x * y % n, arr)\nNameError: name 'reduce' is not defined\n",
      "exit_code": 1,
      "status": "Exception"
    },
    {
      "program": "from typing import List\n\ndef find_remainder(arr: List[int], n: int) -> int:\n    \"\"\"\n\tWrite a python function to find the product of the array multiplication modulo n.\n\t\"\"\"\n    prod = 1\n    for i in arr:\n        prod = (prod * i) % n\n    return prod\n\ndef check(candidate):\n    assert candidate([100, 10, 5, 25, 35, 14], 11) == 9\n    assert candidate([1, 1, 1], 1) == 0\n    assert candidate([1, 2, 1], 2) == 0\n\ndef test_check():\n    check(find_remainder)\n\ntest_check()\n",
      "timestamp": 1665510242,
      "stdout": "",
      "stderr": "",
      "exit_code": 0,
      "status": "OK"
    },
    {
      "program": "from typing import List\n\ndef find_remainder(arr: List[int], n: int) -> int:\n    \"\"\"\n\tWrite a python function to find the product of the array multiplication modulo n.\n\t\"\"\"\n    prod = 1\n    for i in arr:\n        prod *= i\n    return prod % n\n\ndef check(candidate):\n    assert candidate([100, 10, 5, 25, 35, 14], 11) == 9\n    assert candidate([1, 1, 1], 1) == 0\n    assert candidate([1, 2, 1], 2) == 0\n\ndef test_check():\n    check(find_remainder)\n\ntest_check()\n",
      "timestamp": 1665510242,
      "stdout": "",
      "stderr": "",
      "exit_code": 0,
      "status": "OK"
    },
    {
      "program": "from typing import List\n\ndef find_remainder(arr: List[int], n: int) -> int:\n    \"\"\"\n\tWrite a python function to find the product of the array multiplication modulo n.\n\t\"\"\"\n    product = 1\n    for i in arr:\n        product = (product * i) % n\n    return product\n\ndef check(candidate):\n    assert candidate([100, 10, 5, 25, 35, 14], 11) == 9\n    assert candidate([1, 1, 1], 1) == 0\n    assert candidate([1, 2, 1], 2) == 0\n\ndef test_check():\n    check(find_remainder)\n\ntest_check()\n",
      "timestamp": 1665510242,
      "stdout": "",
      "stderr": "",
      "exit_code": 0,
      "status": "OK"
    },
    {
      "program": "from typing import List\n\ndef find_remainder(arr: List[int], n: int) -> int:\n    \"\"\"\n\tWrite a python function to find the product of the array multiplication modulo n.\n\t\"\"\"\n    prod = 1\n    for i in arr:\n        prod *= i\n    return prod % n\n\ndef check(candidate):\n    assert candidate([100, 10, 5, 25, 35, 14], 11) == 9\n    assert candidate([1, 1, 1], 1) == 0\n    assert candidate([1, 2, 1], 2) == 0\n\ndef test_check():\n    check(find_remainder)\n\ntest_check()\n",
      "timestamp": 1665510242,
      "stdout": "",
      "stderr": "",
      "exit_code": 0,
      "status": "OK"
    },
    {
      "program": "from typing import List\n\ndef find_remainder(arr: List[int], n: int) -> int:\n    \"\"\"\n\tWrite a python function to find the product of the array multiplication modulo n.\n\t\"\"\"\n    product = 1\n    for i in arr:\n        product = (product * i) % n\n    return product\n\ndef check(candidate):\n    assert candidate([100, 10, 5, 25, 35, 14], 11) == 9\n    assert candidate([1, 1, 1], 1) == 0\n    assert candidate([1, 2, 1], 2) == 0\n\ndef test_check():\n    check(find_remainder)\n\ntest_check()\n",
      "timestamp": 1665510242,
      "stdout": "",
      "stderr": "",
      "exit_code": 0,
      "status": "OK"
    },
    {
      "program": "from typing import List\n\ndef find_remainder(arr: List[int], n: int) -> int:\n    \"\"\"\n\tWrite a python function to find the product of the array multiplication modulo n.\n\t\"\"\"\n    prod = 1\n    for i in arr:\n        prod = (prod * i) % n\n    return prod\n\n\ndef check(candidate):\n    assert candidate([100, 10, 5, 25, 35, 14], 11) == 9\n    assert candidate([1, 1, 1], 1) == 0\n    assert candidate([1, 2, 1], 2) == 0\n\ndef test_check():\n    check(find_remainder)\n\ntest_check()\n",
      "timestamp": 1666122755,
      "stdout": "",
      "stderr": "",
      "exit_code": 0,
      "status": "OK"
    },
    {
      "program": "from typing import List\n\ndef find_remainder(arr: List[int], n: int) -> int:\n    \"\"\"\n\tWrite a python function to find the product of the array multiplication modulo n.\n\t\"\"\"\n    return reduce(lambda x, y: (x * y) % n, arr)\n\ndef check(candidate):\n    assert candidate([100, 10, 5, 25, 35, 14], 11) == 9\n    assert candidate([1, 1, 1], 1) == 0\n    assert candidate([1, 2, 1], 2) == 0\n\ndef test_check():\n    check(find_remainder)\n\ntest_check()\n",
      "timestamp": 1665510242,
      "stdout": "",
      "stderr": "Traceback (most recent call last):\n  File \"/tmp/tmpxi5wient.py\", line 17, in <module>\n    test_check()\n  File \"/tmp/tmpxi5wient.py\", line 15, in test_check\n    check(find_remainder)\n  File \"/tmp/tmpxi5wient.py\", line 10, in check\n    assert candidate([100, 10, 5, 25, 35, 14], 11) == 9\n  File \"/tmp/tmpxi5wient.py\", line 7, in find_remainder\n    return reduce(lambda x, y: (x * y) % n, arr)\nNameError: name 'reduce' is not defined\n",
      "exit_code": 1,
      "status": "Exception"
    },
    {
      "program": "from typing import List\n\ndef find_remainder(arr: List[int], n: int) -> int:\n    \"\"\"\n\tWrite a python function to find the product of the array multiplication modulo n.\n\t\"\"\"\n    return reduce(lambda x, y: x * y % n, arr)\n\ndef check(candidate):\n    assert candidate([100, 10, 5, 25, 35, 14], 11) == 9\n    assert candidate([1, 1, 1], 1) == 0\n    assert candidate([1, 2, 1], 2) == 0\n\ndef test_check():\n    check(find_remainder)\n\ntest_check()\n",
      "timestamp": 1665510242,
      "stdout": "",
      "stderr": "Traceback (most recent call last):\n  File \"/tmp/tmpwetyzqbd.py\", line 17, in <module>\n    test_check()\n  File \"/tmp/tmpwetyzqbd.py\", line 15, in test_check\n    check(find_remainder)\n  File \"/tmp/tmpwetyzqbd.py\", line 10, in check\n    assert candidate([100, 10, 5, 25, 35, 14], 11) == 9\n  File \"/tmp/tmpwetyzqbd.py\", line 7, in find_remainder\n    return reduce(lambda x, y: x * y % n, arr)\nNameError: name 'reduce' is not defined\n",
      "exit_code": 1,
      "status": "Exception"
    },
    {
      "program": "from typing import List\n\ndef find_remainder(arr: List[int], n: int) -> int:\n    \"\"\"\n\tWrite a python function to find the product of the array multiplication modulo n.\n\t\"\"\"\n    return reduce(lambda x, y: x * y, arr) % n\n\n\ndef check(candidate):\n    assert candidate([100, 10, 5, 25, 35, 14], 11) == 9\n    assert candidate([1, 1, 1], 1) == 0\n    assert candidate([1, 2, 1], 2) == 0\n\ndef test_check():\n    check(find_remainder)\n\ntest_check()\n",
      "timestamp": 1665510242,
      "stdout": "",
      "stderr": "Traceback (most recent call last):\n  File \"/tmp/tmp88lrfo5s.py\", line 18, in <module>\n    test_check()\n  File \"/tmp/tmp88lrfo5s.py\", line 16, in test_check\n    check(find_remainder)\n  File \"/tmp/tmp88lrfo5s.py\", line 11, in check\n    assert candidate([100, 10, 5, 25, 35, 14], 11) == 9\n  File \"/tmp/tmp88lrfo5s.py\", line 7, in find_remainder\n    return reduce(lambda x, y: x * y, arr) % n\nNameError: name 'reduce' is not defined\n",
      "exit_code": 1,
      "status": "Exception"
    },
    {
      "program": "from typing import List\n\ndef find_remainder(arr: List[int], n: int) -> int:\n    \"\"\"\n\tWrite a python function to find the product of the array multiplication modulo n.\n\t\"\"\"\n    product = 1\n    for i in arr:\n        product = (product * i) % n\n    return product\n\n\ndef check(candidate):\n    assert candidate([100, 10, 5, 25, 35, 14], 11) == 9\n    assert candidate([1, 1, 1], 1) == 0\n    assert candidate([1, 2, 1], 2) == 0\n\ndef test_check():\n    check(find_remainder)\n\ntest_check()\n",
      "timestamp": 1665510242,
      "stdout": "",
      "stderr": "",
      "exit_code": 0,
      "status": "OK"
    },
    {
      "program": "from typing import List\n\ndef find_remainder(arr: List[int], n: int) -> int:\n    \"\"\"\n\tWrite a python function to find the product of the array multiplication modulo n.\n\t\"\"\"\n    product = 1\n    for i in arr:\n        product *= i\n    return product % n\n\ndef check(candidate):\n    assert candidate([100, 10, 5, 25, 35, 14], 11) == 9\n    assert candidate([1, 1, 1], 1) == 0\n    assert candidate([1, 2, 1], 2) == 0\n\ndef test_check():\n    check(find_remainder)\n\ntest_check()\n",
      "timestamp": 1665510242,
      "stdout": "",
      "stderr": "",
      "exit_code": 0,
      "status": "OK"
    },
    {
      "program": "from typing import List\n\ndef find_remainder(arr: List[int], n: int) -> int:\n    \"\"\"\n\tWrite a python function to find the product of the array multiplication modulo n.\n\t\"\"\"\n    return reduce(lambda x, y: x * y, arr) % n\n\ndef check(candidate):\n    assert candidate([100, 10, 5, 25, 35, 14], 11) == 9\n    assert candidate([1, 1, 1], 1) == 0\n    assert candidate([1, 2, 1], 2) == 0\n\ndef test_check():\n    check(find_remainder)\n\ntest_check()\n",
      "timestamp": 1665510242,
      "stdout": "",
      "stderr": "Traceback (most recent call last):\n  File \"/tmp/tmpt58o8jwr.py\", line 17, in <module>\n    test_check()\n  File \"/tmp/tmpt58o8jwr.py\", line 15, in test_check\n    check(find_remainder)\n  File \"/tmp/tmpt58o8jwr.py\", line 10, in check\n    assert candidate([100, 10, 5, 25, 35, 14], 11) == 9\n  File \"/tmp/tmpt58o8jwr.py\", line 7, in find_remainder\n    return reduce(lambda x, y: x * y, arr) % n\nNameError: name 'reduce' is not defined\n",
      "exit_code": 1,
      "status": "Exception"
    },
    {
      "program": "from typing import List\n\ndef find_remainder(arr: List[int], n: int) -> int:\n    \"\"\"\n\tWrite a python function to find the product of the array multiplication modulo n.\n\t\"\"\"\n    return reduce(lambda x, y: (x * y) % n, arr)\ndef check(candidate):\n    assert candidate([100, 10, 5, 25, 35, 14], 11) == 9\n    assert candidate([1, 1, 1], 1) == 0\n    assert candidate([1, 2, 1], 2) == 0\n\ndef test_check():\n    check(find_remainder)\n\ntest_check()\n",
      "timestamp": 1666122754,
      "stdout": "",
      "stderr": "Traceback (most recent call last):\n  File \"/tmp/tmplef2woys.py\", line 16, in <module>\n    test_check()\n  File \"/tmp/tmplef2woys.py\", line 14, in test_check\n    check(find_remainder)\n  File \"/tmp/tmplef2woys.py\", line 9, in check\n    assert candidate([100, 10, 5, 25, 35, 14], 11) == 9\n  File \"/tmp/tmplef2woys.py\", line 7, in find_remainder\n    return reduce(lambda x, y: (x * y) % n, arr)\nNameError: name 'reduce' is not defined\n",
      "exit_code": 1,
      "status": "Exception"
    },
    {
      "program": "from typing import List\n\ndef find_remainder(arr: List[int], n: int) -> int:\n    \"\"\"\n\tWrite a python function to find the product of the array multiplication modulo n.\n\t\"\"\"\n    product = 1\n    for i in arr:\n        product *= i\n    return product % n\ndef check(candidate):\n    assert candidate([100, 10, 5, 25, 35, 14], 11) == 9\n    assert candidate([1, 1, 1], 1) == 0\n    assert candidate([1, 2, 1], 2) == 0\n\ndef test_check():\n    check(find_remainder)\n\ntest_check()\n",
      "timestamp": 1666122754,
      "stdout": "",
      "stderr": "",
      "exit_code": 0,
      "status": "OK"
    },
    {
      "program": "from typing import List\n\ndef find_remainder(arr: List[int], n: int) -> int:\n    \"\"\"\n\tWrite a python function to find the product of the array multiplication modulo n.\n\t\"\"\"\n    return reduce(lambda x, y: (x * y) % n, arr)\n\ndef check(candidate):\n    assert candidate([100, 10, 5, 25, 35, 14], 11) == 9\n    assert candidate([1, 1, 1], 1) == 0\n    assert candidate([1, 2, 1], 2) == 0\n\ndef test_check():\n    check(find_remainder)\n\ntest_check()\n",
      "timestamp": 1665510242,
      "stdout": "",
      "stderr": "Traceback (most recent call last):\n  File \"/tmp/tmpxi5wient.py\", line 17, in <module>\n    test_check()\n  File \"/tmp/tmpxi5wient.py\", line 15, in test_check\n    check(find_remainder)\n  File \"/tmp/tmpxi5wient.py\", line 10, in check\n    assert candidate([100, 10, 5, 25, 35, 14], 11) == 9\n  File \"/tmp/tmpxi5wient.py\", line 7, in find_remainder\n    return reduce(lambda x, y: (x * y) % n, arr)\nNameError: name 'reduce' is not defined\n",
      "exit_code": 1,
      "status": "Exception"
    },
    {
      "program": "from typing import List\n\ndef find_remainder(arr: List[int], n: int) -> int:\n    \"\"\"\n\tWrite a python function to find the product of the array multiplication modulo n.\n\t\"\"\"\n    product = 1\n    for i in arr:\n        product = (product * i) % n\n    return product\n\ndef check(candidate):\n    assert candidate([100, 10, 5, 25, 35, 14], 11) == 9\n    assert candidate([1, 1, 1], 1) == 0\n    assert candidate([1, 2, 1], 2) == 0\n\ndef test_check():\n    check(find_remainder)\n\ntest_check()\n",
      "timestamp": 1665510242,
      "stdout": "",
      "stderr": "",
      "exit_code": 0,
      "status": "OK"
    },
    {
      "program": "from typing import List\n\ndef find_remainder(arr: List[int], n: int) -> int:\n    \"\"\"\n\tWrite a python function to find the product of the array multiplication modulo n.\n\t\"\"\"\n    product = 1\n    for i in arr:\n        product = (product * i) % n\n    return product\n\ndef check(candidate):\n    assert candidate([100, 10, 5, 25, 35, 14], 11) == 9\n    assert candidate([1, 1, 1], 1) == 0\n    assert candidate([1, 2, 1], 2) == 0\n\ndef test_check():\n    check(find_remainder)\n\ntest_check()\n",
      "timestamp": 1665510242,
      "stdout": "",
      "stderr": "",
      "exit_code": 0,
      "status": "OK"
    },
    {
      "program": "from typing import List\n\ndef find_remainder(arr: List[int], n: int) -> int:\n    \"\"\"\n\tWrite a python function to find the product of the array multiplication modulo n.\n\t\"\"\"\n    return reduce(lambda x, y: (x * y) % n, arr)\n\n\ndef check(candidate):\n    assert candidate([100, 10, 5, 25, 35, 14], 11) == 9\n    assert candidate([1, 1, 1], 1) == 0\n    assert candidate([1, 2, 1], 2) == 0\n\ndef test_check():\n    check(find_remainder)\n\ntest_check()\n",
      "timestamp": 1665510242,
      "stdout": "",
      "stderr": "Traceback (most recent call last):\n  File \"/tmp/tmp8zczxb4h.py\", line 18, in <module>\n    test_check()\n  File \"/tmp/tmp8zczxb4h.py\", line 16, in test_check\n    check(find_remainder)\n  File \"/tmp/tmp8zczxb4h.py\", line 11, in check\n    assert candidate([100, 10, 5, 25, 35, 14], 11) == 9\n  File \"/tmp/tmp8zczxb4h.py\", line 7, in find_remainder\n    return reduce(lambda x, y: (x * y) % n, arr)\nNameError: name 'reduce' is not defined\n",
      "exit_code": 1,
      "status": "Exception"
    },
    {
      "program": "from typing import List\n\ndef find_remainder(arr: List[int], n: int) -> int:\n    \"\"\"\n\tWrite a python function to find the product of the array multiplication modulo n.\n\t\"\"\"\n    return reduce(lambda x, y: x * y % n, arr)\n\n\ndef check(candidate):\n    assert candidate([100, 10, 5, 25, 35, 14], 11) == 9\n    assert candidate([1, 1, 1], 1) == 0\n    assert candidate([1, 2, 1], 2) == 0\n\ndef test_check():\n    check(find_remainder)\n\ntest_check()\n",
      "timestamp": 1665510242,
      "stdout": "",
      "stderr": "Traceback (most recent call last):\n  File \"/tmp/tmpafu6m1na.py\", line 18, in <module>\n    test_check()\n  File \"/tmp/tmpafu6m1na.py\", line 16, in test_check\n    check(find_remainder)\n  File \"/tmp/tmpafu6m1na.py\", line 11, in check\n    assert candidate([100, 10, 5, 25, 35, 14], 11) == 9\n  File \"/tmp/tmpafu6m1na.py\", line 7, in find_remainder\n    return reduce(lambda x, y: x * y % n, arr)\nNameError: name 'reduce' is not defined\n",
      "exit_code": 1,
      "status": "Exception"
    },
    {
      "program": "from typing import List\n\ndef find_remainder(arr: List[int], n: int) -> int:\n    \"\"\"\n\tWrite a python function to find the product of the array multiplication modulo n.\n\t\"\"\"\n    product = 1\n    for i in arr:\n        product *= i\n    return product % n\n\ndef check(candidate):\n    assert candidate([100, 10, 5, 25, 35, 14], 11) == 9\n    assert candidate([1, 1, 1], 1) == 0\n    assert candidate([1, 2, 1], 2) == 0\n\ndef test_check():\n    check(find_remainder)\n\ntest_check()\n",
      "timestamp": 1665510242,
      "stdout": "",
      "stderr": "",
      "exit_code": 0,
      "status": "OK"
    },
    {
      "program": "from typing import List\n\ndef find_remainder(arr: List[int], n: int) -> int:\n    \"\"\"\n\tWrite a python function to find the product of the array multiplication modulo n.\n\t\"\"\"\n    prod = 1\n    for i in arr:\n        prod = prod * i\n    return prod % n\n\n\ndef check(candidate):\n    assert candidate([100, 10, 5, 25, 35, 14], 11) == 9\n    assert candidate([1, 1, 1], 1) == 0\n    assert candidate([1, 2, 1], 2) == 0\n\ndef test_check():\n    check(find_remainder)\n\ntest_check()\n",
      "timestamp": 1666122755,
      "stdout": "",
      "stderr": "",
      "exit_code": 0,
      "status": "OK"
    },
    {
      "program": "from typing import List\n\ndef find_remainder(arr: List[int], n: int) -> int:\n    \"\"\"\n\tWrite a python function to find the product of the array multiplication modulo n.\n\t\"\"\"\n    product = 1\n    for i in arr:\n        product *= i\n    return product % n\n\ndef check(candidate):\n    assert candidate([100, 10, 5, 25, 35, 14], 11) == 9\n    assert candidate([1, 1, 1], 1) == 0\n    assert candidate([1, 2, 1], 2) == 0\n\ndef test_check():\n    check(find_remainder)\n\ntest_check()\n",
      "timestamp": 1665510242,
      "stdout": "",
      "stderr": "",
      "exit_code": 0,
      "status": "OK"
    },
    {
      "program": "from typing import List\n\ndef find_remainder(arr: List[int], n: int) -> int:\n    \"\"\"\n\tWrite a python function to find the product of the array multiplication modulo n.\n\t\"\"\"\n    prod = 1\n    for i in arr:\n        prod = prod * i\n    return prod % n\n\ndef check(candidate):\n    assert candidate([100, 10, 5, 25, 35, 14], 11) == 9\n    assert candidate([1, 1, 1], 1) == 0\n    assert candidate([1, 2, 1], 2) == 0\n\ndef test_check():\n    check(find_remainder)\n\ntest_check()\n",
      "timestamp": 1665510242,
      "stdout": "",
      "stderr": "",
      "exit_code": 0,
      "status": "OK"
    },
    {
      "program": "from typing import List\n\ndef find_remainder(arr: List[int], n: int) -> int:\n    \"\"\"\n\tWrite a python function to find the product of the array multiplication modulo n.\n\t\"\"\"\n    product = 1\n    for i in arr:\n        product *= i\n    return product % n\n\ndef check(candidate):\n    assert candidate([100, 10, 5, 25, 35, 14], 11) == 9\n    assert candidate([1, 1, 1], 1) == 0\n    assert candidate([1, 2, 1], 2) == 0\n\ndef test_check():\n    check(find_remainder)\n\ntest_check()\n",
      "timestamp": 1665510242,
      "stdout": "",
      "stderr": "",
      "exit_code": 0,
      "status": "OK"
    },
    {
      "program": "from typing import List\n\ndef find_remainder(arr: List[int], n: int) -> int:\n    \"\"\"\n\tWrite a python function to find the product of the array multiplication modulo n.\n\t\"\"\"\n    product = 1\n    for i in arr:\n        product = (product * i) % n\n    return product\n\ndef check(candidate):\n    assert candidate([100, 10, 5, 25, 35, 14], 11) == 9\n    assert candidate([1, 1, 1], 1) == 0\n    assert candidate([1, 2, 1], 2) == 0\n\ndef test_check():\n    check(find_remainder)\n\ntest_check()\n",
      "timestamp": 1665510242,
      "stdout": "",
      "stderr": "",
      "exit_code": 0,
      "status": "OK"
    },
    {
      "program": "from typing import List\n\ndef find_remainder(arr: List[int], n: int) -> int:\n    \"\"\"\n\tWrite a python function to find the product of the array multiplication modulo n.\n\t\"\"\"\n    return reduce(lambda x, y: (x * y) % n, arr)\n\ndef check(candidate):\n    assert candidate([100, 10, 5, 25, 35, 14], 11) == 9\n    assert candidate([1, 1, 1], 1) == 0\n    assert candidate([1, 2, 1], 2) == 0\n\ndef test_check():\n    check(find_remainder)\n\ntest_check()\n",
      "timestamp": 1665510242,
      "stdout": "",
      "stderr": "Traceback (most recent call last):\n  File \"/tmp/tmpxi5wient.py\", line 17, in <module>\n    test_check()\n  File \"/tmp/tmpxi5wient.py\", line 15, in test_check\n    check(find_remainder)\n  File \"/tmp/tmpxi5wient.py\", line 10, in check\n    assert candidate([100, 10, 5, 25, 35, 14], 11) == 9\n  File \"/tmp/tmpxi5wient.py\", line 7, in find_remainder\n    return reduce(lambda x, y: (x * y) % n, arr)\nNameError: name 'reduce' is not defined\n",
      "exit_code": 1,
      "status": "Exception"
    },
    {
      "program": "from typing import List\n\ndef find_remainder(arr: List[int], n: int) -> int:\n    \"\"\"\n\tWrite a python function to find the product of the array multiplication modulo n.\n\t\"\"\"\n    return reduce(lambda x, y: (x * y) % n, arr)\n\ndef check(candidate):\n    assert candidate([100, 10, 5, 25, 35, 14], 11) == 9\n    assert candidate([1, 1, 1], 1) == 0\n    assert candidate([1, 2, 1], 2) == 0\n\ndef test_check():\n    check(find_remainder)\n\ntest_check()\n",
      "timestamp": 1665510242,
      "stdout": "",
      "stderr": "Traceback (most recent call last):\n  File \"/tmp/tmpxi5wient.py\", line 17, in <module>\n    test_check()\n  File \"/tmp/tmpxi5wient.py\", line 15, in test_check\n    check(find_remainder)\n  File \"/tmp/tmpxi5wient.py\", line 10, in check\n    assert candidate([100, 10, 5, 25, 35, 14], 11) == 9\n  File \"/tmp/tmpxi5wient.py\", line 7, in find_remainder\n    return reduce(lambda x, y: (x * y) % n, arr)\nNameError: name 'reduce' is not defined\n",
      "exit_code": 1,
      "status": "Exception"
    },
    {
      "program": "from typing import List\n\ndef find_remainder(arr: List[int], n: int) -> int:\n    \"\"\"\n\tWrite a python function to find the product of the array multiplication modulo n.\n\t\"\"\"\n    return reduce(lambda x, y: (x * y) % n, arr)\n\ndef check(candidate):\n    assert candidate([100, 10, 5, 25, 35, 14], 11) == 9\n    assert candidate([1, 1, 1], 1) == 0\n    assert candidate([1, 2, 1], 2) == 0\n\ndef test_check():\n    check(find_remainder)\n\ntest_check()\n",
      "timestamp": 1665510242,
      "stdout": "",
      "stderr": "Traceback (most recent call last):\n  File \"/tmp/tmpxi5wient.py\", line 17, in <module>\n    test_check()\n  File \"/tmp/tmpxi5wient.py\", line 15, in test_check\n    check(find_remainder)\n  File \"/tmp/tmpxi5wient.py\", line 10, in check\n    assert candidate([100, 10, 5, 25, 35, 14], 11) == 9\n  File \"/tmp/tmpxi5wient.py\", line 7, in find_remainder\n    return reduce(lambda x, y: (x * y) % n, arr)\nNameError: name 'reduce' is not defined\n",
      "exit_code": 1,
      "status": "Exception"
    },
    {
      "program": "from typing import List\n\ndef find_remainder(arr: List[int], n: int) -> int:\n    \"\"\"\n\tWrite a python function to find the product of the array multiplication modulo n.\n\t\"\"\"\n    if len(arr) == 0:\n        return 0\n    else:\n        return reduce(lambda x, y: x * y, arr) % n\n\ndef check(candidate):\n    assert candidate([100, 10, 5, 25, 35, 14], 11) == 9\n    assert candidate([1, 1, 1], 1) == 0\n    assert candidate([1, 2, 1], 2) == 0\n\ndef test_check():\n    check(find_remainder)\n\ntest_check()\n",
      "timestamp": 1666122755,
      "stdout": "",
      "stderr": "Traceback (most recent call last):\n  File \"/tmp/tmp9bof6b4k.py\", line 20, in <module>\n    test_check()\n  File \"/tmp/tmp9bof6b4k.py\", line 18, in test_check\n    check(find_remainder)\n  File \"/tmp/tmp9bof6b4k.py\", line 13, in check\n    assert candidate([100, 10, 5, 25, 35, 14], 11) == 9\n  File \"/tmp/tmp9bof6b4k.py\", line 10, in find_remainder\n    return reduce(lambda x, y: x * y, arr) % n\nNameError: name 'reduce' is not defined\n",
      "exit_code": 1,
      "status": "Exception"
    },
    {
      "program": "from typing import List\n\ndef find_remainder(arr: List[int], n: int) -> int:\n    \"\"\"\n\tWrite a python function to find the product of the array multiplication modulo n.\n\t\"\"\"\n    product = 1\n    for i in arr:\n        product = product * i\n    return product % n\n\ndef check(candidate):\n    assert candidate([100, 10, 5, 25, 35, 14], 11) == 9\n    assert candidate([1, 1, 1], 1) == 0\n    assert candidate([1, 2, 1], 2) == 0\n\ndef test_check():\n    check(find_remainder)\n\ntest_check()\n",
      "timestamp": 1666122755,
      "stdout": "",
      "stderr": "",
      "exit_code": 0,
      "status": "OK"
    },
    {
      "program": "from typing import List\n\ndef find_remainder(arr: List[int], n: int) -> int:\n    \"\"\"\n\tWrite a python function to find the product of the array multiplication modulo n.\n\t\"\"\"\n    product = 1\n    for i in arr:\n        product *= i\n    return product % n\ndef check(candidate):\n    assert candidate([100, 10, 5, 25, 35, 14], 11) == 9\n    assert candidate([1, 1, 1], 1) == 0\n    assert candidate([1, 2, 1], 2) == 0\n\ndef test_check():\n    check(find_remainder)\n\ntest_check()\n",
      "timestamp": 1666122754,
      "stdout": "",
      "stderr": "",
      "exit_code": 0,
      "status": "OK"
    },
    {
      "program": "from typing import List\n\ndef find_remainder(arr: List[int], n: int) -> int:\n    \"\"\"\n\tWrite a python function to find the product of the array multiplication modulo n.\n\t\"\"\"\n    return reduce(lambda x, y: (x * y) % n, arr)\n\n\ndef check(candidate):\n    assert candidate([100, 10, 5, 25, 35, 14], 11) == 9\n    assert candidate([1, 1, 1], 1) == 0\n    assert candidate([1, 2, 1], 2) == 0\n\ndef test_check():\n    check(find_remainder)\n\ntest_check()\n",
      "timestamp": 1665510242,
      "stdout": "",
      "stderr": "Traceback (most recent call last):\n  File \"/tmp/tmp8zczxb4h.py\", line 18, in <module>\n    test_check()\n  File \"/tmp/tmp8zczxb4h.py\", line 16, in test_check\n    check(find_remainder)\n  File \"/tmp/tmp8zczxb4h.py\", line 11, in check\n    assert candidate([100, 10, 5, 25, 35, 14], 11) == 9\n  File \"/tmp/tmp8zczxb4h.py\", line 7, in find_remainder\n    return reduce(lambda x, y: (x * y) % n, arr)\nNameError: name 'reduce' is not defined\n",
      "exit_code": 1,
      "status": "Exception"
    },
    {
      "program": "from typing import List\n\ndef find_remainder(arr: List[int], n: int) -> int:\n    \"\"\"\n\tWrite a python function to find the product of the array multiplication modulo n.\n\t\"\"\"\n    product = 1\n    for i in arr:\n        product *= i\n    return product % n\n\ndef check(candidate):\n    assert candidate([100, 10, 5, 25, 35, 14], 11) == 9\n    assert candidate([1, 1, 1], 1) == 0\n    assert candidate([1, 2, 1], 2) == 0\n\ndef test_check():\n    check(find_remainder)\n\ntest_check()\n",
      "timestamp": 1665510242,
      "stdout": "",
      "stderr": "",
      "exit_code": 0,
      "status": "OK"
    },
    {
      "program": "from typing import List\n\ndef find_remainder(arr: List[int], n: int) -> int:\n    \"\"\"\n\tWrite a python function to find the product of the array multiplication modulo n.\n\t\"\"\"\n    product = 1\n    for i in arr:\n        product *= i\n    return product % n\ndef check(candidate):\n    assert candidate([100, 10, 5, 25, 35, 14], 11) == 9\n    assert candidate([1, 1, 1], 1) == 0\n    assert candidate([1, 2, 1], 2) == 0\n\ndef test_check():\n    check(find_remainder)\n\ntest_check()\n",
      "timestamp": 1666122754,
      "stdout": "",
      "stderr": "",
      "exit_code": 0,
      "status": "OK"
    },
    {
      "program": "from typing import List\n\ndef find_remainder(arr: List[int], n: int) -> int:\n    \"\"\"\n\tWrite a python function to find the product of the array multiplication modulo n.\n\t\"\"\"\n    product = 1\n    for i in arr:\n        product *= i\n    return product % n\n\ndef check(candidate):\n    assert candidate([100, 10, 5, 25, 35, 14], 11) == 9\n    assert candidate([1, 1, 1], 1) == 0\n    assert candidate([1, 2, 1], 2) == 0\n\ndef test_check():\n    check(find_remainder)\n\ntest_check()\n",
      "timestamp": 1665510242,
      "stdout": "",
      "stderr": "",
      "exit_code": 0,
      "status": "OK"
    },
    {
      "program": "from typing import List\n\ndef find_remainder(arr: List[int], n: int) -> int:\n    \"\"\"\n\tWrite a python function to find the product of the array multiplication modulo n.\n\t\"\"\"\n    return reduce(lambda x, y: x * y, arr) % n\n\ndef check(candidate):\n    assert candidate([100, 10, 5, 25, 35, 14], 11) == 9\n    assert candidate([1, 1, 1], 1) == 0\n    assert candidate([1, 2, 1], 2) == 0\n\ndef test_check():\n    check(find_remainder)\n\ntest_check()\n",
      "timestamp": 1665510242,
      "stdout": "",
      "stderr": "Traceback (most recent call last):\n  File \"/tmp/tmpt58o8jwr.py\", line 17, in <module>\n    test_check()\n  File \"/tmp/tmpt58o8jwr.py\", line 15, in test_check\n    check(find_remainder)\n  File \"/tmp/tmpt58o8jwr.py\", line 10, in check\n    assert candidate([100, 10, 5, 25, 35, 14], 11) == 9\n  File \"/tmp/tmpt58o8jwr.py\", line 7, in find_remainder\n    return reduce(lambda x, y: x * y, arr) % n\nNameError: name 'reduce' is not defined\n",
      "exit_code": 1,
      "status": "Exception"
    },
    {
      "program": "from typing import List\n\ndef find_remainder(arr: List[int], n: int) -> int:\n    \"\"\"\n\tWrite a python function to find the product of the array multiplication modulo n.\n\t\"\"\"\n    product = 1\n    for i in arr:\n        product = (product * i) % n\n    return product\n\ndef check(candidate):\n    assert candidate([100, 10, 5, 25, 35, 14], 11) == 9\n    assert candidate([1, 1, 1], 1) == 0\n    assert candidate([1, 2, 1], 2) == 0\n\ndef test_check():\n    check(find_remainder)\n\ntest_check()\n",
      "timestamp": 1665510242,
      "stdout": "",
      "stderr": "",
      "exit_code": 0,
      "status": "OK"
    },
    {
      "program": "from typing import List\n\ndef find_remainder(arr: List[int], n: int) -> int:\n    \"\"\"\n\tWrite a python function to find the product of the array multiplication modulo n.\n\t\"\"\"\n    product = 1\n    for i in arr:\n        product *= i\n    return product % n\n\ndef check(candidate):\n    assert candidate([100, 10, 5, 25, 35, 14], 11) == 9\n    assert candidate([1, 1, 1], 1) == 0\n    assert candidate([1, 2, 1], 2) == 0\n\ndef test_check():\n    check(find_remainder)\n\ntest_check()\n",
      "timestamp": 1665510242,
      "stdout": "",
      "stderr": "",
      "exit_code": 0,
      "status": "OK"
    },
    {
      "program": "from typing import List\n\ndef find_remainder(arr: List[int], n: int) -> int:\n    \"\"\"\n\tWrite a python function to find the product of the array multiplication modulo n.\n\t\"\"\"\n    return reduce(lambda x, y: (x * y) % n, arr)\n\ndef check(candidate):\n    assert candidate([100, 10, 5, 25, 35, 14], 11) == 9\n    assert candidate([1, 1, 1], 1) == 0\n    assert candidate([1, 2, 1], 2) == 0\n\ndef test_check():\n    check(find_remainder)\n\ntest_check()\n",
      "timestamp": 1665510242,
      "stdout": "",
      "stderr": "Traceback (most recent call last):\n  File \"/tmp/tmpxi5wient.py\", line 17, in <module>\n    test_check()\n  File \"/tmp/tmpxi5wient.py\", line 15, in test_check\n    check(find_remainder)\n  File \"/tmp/tmpxi5wient.py\", line 10, in check\n    assert candidate([100, 10, 5, 25, 35, 14], 11) == 9\n  File \"/tmp/tmpxi5wient.py\", line 7, in find_remainder\n    return reduce(lambda x, y: (x * y) % n, arr)\nNameError: name 'reduce' is not defined\n",
      "exit_code": 1,
      "status": "Exception"
    },
    {
      "program": "from typing import List\n\ndef find_remainder(arr: List[int], n: int) -> int:\n    \"\"\"\n\tWrite a python function to find the product of the array multiplication modulo n.\n\t\"\"\"\n    product = 1\n    for i in arr:\n        product *= i\n    return product % n\n\n\ndef check(candidate):\n    assert candidate([100, 10, 5, 25, 35, 14], 11) == 9\n    assert candidate([1, 1, 1], 1) == 0\n    assert candidate([1, 2, 1], 2) == 0\n\ndef test_check():\n    check(find_remainder)\n\ntest_check()\n",
      "timestamp": 1666122754,
      "stdout": "",
      "stderr": "",
      "exit_code": 0,
      "status": "OK"
    },
    {
      "program": "from typing import List\n\ndef find_remainder(arr: List[int], n: int) -> int:\n    \"\"\"\n\tWrite a python function to find the product of the array multiplication modulo n.\n\t\"\"\"\n    return reduce(lambda x, y: (x * y) % n, arr)\n\ndef check(candidate):\n    assert candidate([100, 10, 5, 25, 35, 14], 11) == 9\n    assert candidate([1, 1, 1], 1) == 0\n    assert candidate([1, 2, 1], 2) == 0\n\ndef test_check():\n    check(find_remainder)\n\ntest_check()\n",
      "timestamp": 1665510242,
      "stdout": "",
      "stderr": "Traceback (most recent call last):\n  File \"/tmp/tmpxi5wient.py\", line 17, in <module>\n    test_check()\n  File \"/tmp/tmpxi5wient.py\", line 15, in test_check\n    check(find_remainder)\n  File \"/tmp/tmpxi5wient.py\", line 10, in check\n    assert candidate([100, 10, 5, 25, 35, 14], 11) == 9\n  File \"/tmp/tmpxi5wient.py\", line 7, in find_remainder\n    return reduce(lambda x, y: (x * y) % n, arr)\nNameError: name 'reduce' is not defined\n",
      "exit_code": 1,
      "status": "Exception"
    },
    {
      "program": "from typing import List\n\ndef find_remainder(arr: List[int], n: int) -> int:\n    \"\"\"\n\tWrite a python function to find the product of the array multiplication modulo n.\n\t\"\"\"\n    return reduce(lambda x, y: x * y, arr) % n\n\ndef check(candidate):\n    assert candidate([100, 10, 5, 25, 35, 14], 11) == 9\n    assert candidate([1, 1, 1], 1) == 0\n    assert candidate([1, 2, 1], 2) == 0\n\ndef test_check():\n    check(find_remainder)\n\ntest_check()\n",
      "timestamp": 1665510242,
      "stdout": "",
      "stderr": "Traceback (most recent call last):\n  File \"/tmp/tmpt58o8jwr.py\", line 17, in <module>\n    test_check()\n  File \"/tmp/tmpt58o8jwr.py\", line 15, in test_check\n    check(find_remainder)\n  File \"/tmp/tmpt58o8jwr.py\", line 10, in check\n    assert candidate([100, 10, 5, 25, 35, 14], 11) == 9\n  File \"/tmp/tmpt58o8jwr.py\", line 7, in find_remainder\n    return reduce(lambda x, y: x * y, arr) % n\nNameError: name 'reduce' is not defined\n",
      "exit_code": 1,
      "status": "Exception"
    },
    {
      "program": "from typing import List\n\ndef find_remainder(arr: List[int], n: int) -> int:\n    \"\"\"\n\tWrite a python function to find the product of the array multiplication modulo n.\n\t\"\"\"\n    return reduce(lambda x, y: x * y, arr) % n\n\ndef check(candidate):\n    assert candidate([100, 10, 5, 25, 35, 14], 11) == 9\n    assert candidate([1, 1, 1], 1) == 0\n    assert candidate([1, 2, 1], 2) == 0\n\ndef test_check():\n    check(find_remainder)\n\ntest_check()\n",
      "timestamp": 1665510242,
      "stdout": "",
      "stderr": "Traceback (most recent call last):\n  File \"/tmp/tmpt58o8jwr.py\", line 17, in <module>\n    test_check()\n  File \"/tmp/tmpt58o8jwr.py\", line 15, in test_check\n    check(find_remainder)\n  File \"/tmp/tmpt58o8jwr.py\", line 10, in check\n    assert candidate([100, 10, 5, 25, 35, 14], 11) == 9\n  File \"/tmp/tmpt58o8jwr.py\", line 7, in find_remainder\n    return reduce(lambda x, y: x * y, arr) % n\nNameError: name 'reduce' is not defined\n",
      "exit_code": 1,
      "status": "Exception"
    },
    {
      "program": "from typing import List\n\ndef find_remainder(arr: List[int], n: int) -> int:\n    \"\"\"\n\tWrite a python function to find the product of the array multiplication modulo n.\n\t\"\"\"\n    prod = 1\n    for i in arr:\n        prod *= i\n    return prod % n\n\ndef check(candidate):\n    assert candidate([100, 10, 5, 25, 35, 14], 11) == 9\n    assert candidate([1, 1, 1], 1) == 0\n    assert candidate([1, 2, 1], 2) == 0\n\ndef test_check():\n    check(find_remainder)\n\ntest_check()\n",
      "timestamp": 1665510242,
      "stdout": "",
      "stderr": "",
      "exit_code": 0,
      "status": "OK"
    },
    {
      "program": "from typing import List\n\ndef find_remainder(arr: List[int], n: int) -> int:\n    \"\"\"\n\tWrite a python function to find the product of the array multiplication modulo n.\n\t\"\"\"\n    return reduce(lambda x, y: x * y, arr) % n\n\ndef check(candidate):\n    assert candidate([100, 10, 5, 25, 35, 14], 11) == 9\n    assert candidate([1, 1, 1], 1) == 0\n    assert candidate([1, 2, 1], 2) == 0\n\ndef test_check():\n    check(find_remainder)\n\ntest_check()\n",
      "timestamp": 1665510242,
      "stdout": "",
      "stderr": "Traceback (most recent call last):\n  File \"/tmp/tmpt58o8jwr.py\", line 17, in <module>\n    test_check()\n  File \"/tmp/tmpt58o8jwr.py\", line 15, in test_check\n    check(find_remainder)\n  File \"/tmp/tmpt58o8jwr.py\", line 10, in check\n    assert candidate([100, 10, 5, 25, 35, 14], 11) == 9\n  File \"/tmp/tmpt58o8jwr.py\", line 7, in find_remainder\n    return reduce(lambda x, y: x * y, arr) % n\nNameError: name 'reduce' is not defined\n",
      "exit_code": 1,
      "status": "Exception"
    },
    {
      "program": "from typing import List\n\ndef find_remainder(arr: List[int], n: int) -> int:\n    \"\"\"\n\tWrite a python function to find the product of the array multiplication modulo n.\n\t\"\"\"\n    return reduce(lambda x, y: (x * y) % n, arr)\n\ndef check(candidate):\n    assert candidate([100, 10, 5, 25, 35, 14], 11) == 9\n    assert candidate([1, 1, 1], 1) == 0\n    assert candidate([1, 2, 1], 2) == 0\n\ndef test_check():\n    check(find_remainder)\n\ntest_check()\n",
      "timestamp": 1665510242,
      "stdout": "",
      "stderr": "Traceback (most recent call last):\n  File \"/tmp/tmpxi5wient.py\", line 17, in <module>\n    test_check()\n  File \"/tmp/tmpxi5wient.py\", line 15, in test_check\n    check(find_remainder)\n  File \"/tmp/tmpxi5wient.py\", line 10, in check\n    assert candidate([100, 10, 5, 25, 35, 14], 11) == 9\n  File \"/tmp/tmpxi5wient.py\", line 7, in find_remainder\n    return reduce(lambda x, y: (x * y) % n, arr)\nNameError: name 'reduce' is not defined\n",
      "exit_code": 1,
      "status": "Exception"
    },
    {
      "program": "from typing import List\n\ndef find_remainder(arr: List[int], n: int) -> int:\n    \"\"\"\n\tWrite a python function to find the product of the array multiplication modulo n.\n\t\"\"\"\n    return reduce(lambda x, y: (x * y) % n, arr)\n\ndef check(candidate):\n    assert candidate([100, 10, 5, 25, 35, 14], 11) == 9\n    assert candidate([1, 1, 1], 1) == 0\n    assert candidate([1, 2, 1], 2) == 0\n\ndef test_check():\n    check(find_remainder)\n\ntest_check()\n",
      "timestamp": 1665510242,
      "stdout": "",
      "stderr": "Traceback (most recent call last):\n  File \"/tmp/tmpxi5wient.py\", line 17, in <module>\n    test_check()\n  File \"/tmp/tmpxi5wient.py\", line 15, in test_check\n    check(find_remainder)\n  File \"/tmp/tmpxi5wient.py\", line 10, in check\n    assert candidate([100, 10, 5, 25, 35, 14], 11) == 9\n  File \"/tmp/tmpxi5wient.py\", line 7, in find_remainder\n    return reduce(lambda x, y: (x * y) % n, arr)\nNameError: name 'reduce' is not defined\n",
      "exit_code": 1,
      "status": "Exception"
    },
    {
      "program": "from typing import List\n\ndef find_remainder(arr: List[int], n: int) -> int:\n    \"\"\"\n\tWrite a python function to find the product of the array multiplication modulo n.\n\t\"\"\"\n    prod = 1\n    for i in arr:\n        prod = (prod * i) % n\n    return prod\n\ndef check(candidate):\n    assert candidate([100, 10, 5, 25, 35, 14], 11) == 9\n    assert candidate([1, 1, 1], 1) == 0\n    assert candidate([1, 2, 1], 2) == 0\n\ndef test_check():\n    check(find_remainder)\n\ntest_check()\n",
      "timestamp": 1665510242,
      "stdout": "",
      "stderr": "",
      "exit_code": 0,
      "status": "OK"
    },
    {
      "program": "from typing import List\n\ndef find_remainder(arr: List[int], n: int) -> int:\n    \"\"\"\n\tWrite a python function to find the product of the array multiplication modulo n.\n\t\"\"\"\n    return reduce(lambda x, y: x * y, arr) % n\n\ndef check(candidate):\n    assert candidate([100, 10, 5, 25, 35, 14], 11) == 9\n    assert candidate([1, 1, 1], 1) == 0\n    assert candidate([1, 2, 1], 2) == 0\n\ndef test_check():\n    check(find_remainder)\n\ntest_check()\n",
      "timestamp": 1665510242,
      "stdout": "",
      "stderr": "Traceback (most recent call last):\n  File \"/tmp/tmpt58o8jwr.py\", line 17, in <module>\n    test_check()\n  File \"/tmp/tmpt58o8jwr.py\", line 15, in test_check\n    check(find_remainder)\n  File \"/tmp/tmpt58o8jwr.py\", line 10, in check\n    assert candidate([100, 10, 5, 25, 35, 14], 11) == 9\n  File \"/tmp/tmpt58o8jwr.py\", line 7, in find_remainder\n    return reduce(lambda x, y: x * y, arr) % n\nNameError: name 'reduce' is not defined\n",
      "exit_code": 1,
      "status": "Exception"
    },
    {
      "program": "from typing import List\n\ndef find_remainder(arr: List[int], n: int) -> int:\n    \"\"\"\n\tWrite a python function to find the product of the array multiplication modulo n.\n\t\"\"\"\n    product = 1\n    for i in arr:\n        product = (product * i) % n\n    return product\n\ndef check(candidate):\n    assert candidate([100, 10, 5, 25, 35, 14], 11) == 9\n    assert candidate([1, 1, 1], 1) == 0\n    assert candidate([1, 2, 1], 2) == 0\n\ndef test_check():\n    check(find_remainder)\n\ntest_check()\n",
      "timestamp": 1665510242,
      "stdout": "",
      "stderr": "",
      "exit_code": 0,
      "status": "OK"
    },
    {
      "program": "from typing import List\n\ndef find_remainder(arr: List[int], n: int) -> int:\n    \"\"\"\n\tWrite a python function to find the product of the array multiplication modulo n.\n\t\"\"\"\n    product = 1\n    for i in arr:\n        product *= i\n    return product % n\n\ndef check(candidate):\n    assert candidate([100, 10, 5, 25, 35, 14], 11) == 9\n    assert candidate([1, 1, 1], 1) == 0\n    assert candidate([1, 2, 1], 2) == 0\n\ndef test_check():\n    check(find_remainder)\n\ntest_check()\n",
      "timestamp": 1665510242,
      "stdout": "",
      "stderr": "",
      "exit_code": 0,
      "status": "OK"
    },
    {
      "program": "from typing import List\n\ndef find_remainder(arr: List[int], n: int) -> int:\n    \"\"\"\n\tWrite a python function to find the product of the array multiplication modulo n.\n\t\"\"\"\n    product = 1\n    for i in arr:\n        product = (product * i) % n\n    return product\n\ndef check(candidate):\n    assert candidate([100, 10, 5, 25, 35, 14], 11) == 9\n    assert candidate([1, 1, 1], 1) == 0\n    assert candidate([1, 2, 1], 2) == 0\n\ndef test_check():\n    check(find_remainder)\n\ntest_check()\n",
      "timestamp": 1665510242,
      "stdout": "",
      "stderr": "",
      "exit_code": 0,
      "status": "OK"
    },
    {
      "program": "from typing import List\n\ndef find_remainder(arr: List[int], n: int) -> int:\n    \"\"\"\n\tWrite a python function to find the product of the array multiplication modulo n.\n\t\"\"\"\n    return reduce(lambda x, y: x * y, arr) % n\ndef check(candidate):\n    assert candidate([100, 10, 5, 25, 35, 14], 11) == 9\n    assert candidate([1, 1, 1], 1) == 0\n    assert candidate([1, 2, 1], 2) == 0\n\ndef test_check():\n    check(find_remainder)\n\ntest_check()\n",
      "timestamp": 1665510242,
      "stdout": "",
      "stderr": "Traceback (most recent call last):\n  File \"/tmp/tmpq1154ffg.py\", line 16, in <module>\n    test_check()\n  File \"/tmp/tmpq1154ffg.py\", line 14, in test_check\n    check(find_remainder)\n  File \"/tmp/tmpq1154ffg.py\", line 9, in check\n    assert candidate([100, 10, 5, 25, 35, 14], 11) == 9\n  File \"/tmp/tmpq1154ffg.py\", line 7, in find_remainder\n    return reduce(lambda x, y: x * y, arr) % n\nNameError: name 'reduce' is not defined\n",
      "exit_code": 1,
      "status": "Exception"
    },
    {
      "program": "from typing import List\n\ndef find_remainder(arr: List[int], n: int) -> int:\n    \"\"\"\n\tWrite a python function to find the product of the array multiplication modulo n.\n\t\"\"\"\n    return reduce(lambda x, y: x * y, arr) % n\ndef check(candidate):\n    assert candidate([100, 10, 5, 25, 35, 14], 11) == 9\n    assert candidate([1, 1, 1], 1) == 0\n    assert candidate([1, 2, 1], 2) == 0\n\ndef test_check():\n    check(find_remainder)\n\ntest_check()\n",
      "timestamp": 1665510242,
      "stdout": "",
      "stderr": "Traceback (most recent call last):\n  File \"/tmp/tmpq1154ffg.py\", line 16, in <module>\n    test_check()\n  File \"/tmp/tmpq1154ffg.py\", line 14, in test_check\n    check(find_remainder)\n  File \"/tmp/tmpq1154ffg.py\", line 9, in check\n    assert candidate([100, 10, 5, 25, 35, 14], 11) == 9\n  File \"/tmp/tmpq1154ffg.py\", line 7, in find_remainder\n    return reduce(lambda x, y: x * y, arr) % n\nNameError: name 'reduce' is not defined\n",
      "exit_code": 1,
      "status": "Exception"
    },
    {
      "program": "from typing import List\n\ndef find_remainder(arr: List[int], n: int) -> int:\n    \"\"\"\n\tWrite a python function to find the product of the array multiplication modulo n.\n\t\"\"\"\n    product = 1\n    for i in arr:\n        product *= i\n    return product % n\n\ndef check(candidate):\n    assert candidate([100, 10, 5, 25, 35, 14], 11) == 9\n    assert candidate([1, 1, 1], 1) == 0\n    assert candidate([1, 2, 1], 2) == 0\n\ndef test_check():\n    check(find_remainder)\n\ntest_check()\n",
      "timestamp": 1665510242,
      "stdout": "",
      "stderr": "",
      "exit_code": 0,
      "status": "OK"
    },
    {
      "program": "from typing import List\n\ndef find_remainder(arr: List[int], n: int) -> int:\n    \"\"\"\n\tWrite a python function to find the product of the array multiplication modulo n.\n\t\"\"\"\n    return reduce(lambda x, y: (x * y) % n, arr)\n\ndef check(candidate):\n    assert candidate([100, 10, 5, 25, 35, 14], 11) == 9\n    assert candidate([1, 1, 1], 1) == 0\n    assert candidate([1, 2, 1], 2) == 0\n\ndef test_check():\n    check(find_remainder)\n\ntest_check()\n",
      "timestamp": 1665510242,
      "stdout": "",
      "stderr": "Traceback (most recent call last):\n  File \"/tmp/tmpxi5wient.py\", line 17, in <module>\n    test_check()\n  File \"/tmp/tmpxi5wient.py\", line 15, in test_check\n    check(find_remainder)\n  File \"/tmp/tmpxi5wient.py\", line 10, in check\n    assert candidate([100, 10, 5, 25, 35, 14], 11) == 9\n  File \"/tmp/tmpxi5wient.py\", line 7, in find_remainder\n    return reduce(lambda x, y: (x * y) % n, arr)\nNameError: name 'reduce' is not defined\n",
      "exit_code": 1,
      "status": "Exception"
    },
    {
      "program": "from typing import List\n\ndef find_remainder(arr: List[int], n: int) -> int:\n    \"\"\"\n\tWrite a python function to find the product of the array multiplication modulo n.\n\t\"\"\"\n    prod = 1\n    for i in arr:\n        prod *= i\n    return prod % n\n\ndef check(candidate):\n    assert candidate([100, 10, 5, 25, 35, 14], 11) == 9\n    assert candidate([1, 1, 1], 1) == 0\n    assert candidate([1, 2, 1], 2) == 0\n\ndef test_check():\n    check(find_remainder)\n\ntest_check()\n",
      "timestamp": 1665510242,
      "stdout": "",
      "stderr": "",
      "exit_code": 0,
      "status": "OK"
    },
    {
      "program": "from typing import List\n\ndef find_remainder(arr: List[int], n: int) -> int:\n    \"\"\"\n\tWrite a python function to find the product of the array multiplication modulo n.\n\t\"\"\"\n    product = 1\n    for i in arr:\n        product *= i\n    return product % n\n\ndef check(candidate):\n    assert candidate([100, 10, 5, 25, 35, 14], 11) == 9\n    assert candidate([1, 1, 1], 1) == 0\n    assert candidate([1, 2, 1], 2) == 0\n\ndef test_check():\n    check(find_remainder)\n\ntest_check()\n",
      "timestamp": 1665510242,
      "stdout": "",
      "stderr": "",
      "exit_code": 0,
      "status": "OK"
    },
    {
      "program": "from typing import List\n\ndef find_remainder(arr: List[int], n: int) -> int:\n    \"\"\"\n\tWrite a python function to find the product of the array multiplication modulo n.\n\t\"\"\"\n    return reduce(lambda x, y: x * y, arr) % n\n\ndef check(candidate):\n    assert candidate([100, 10, 5, 25, 35, 14], 11) == 9\n    assert candidate([1, 1, 1], 1) == 0\n    assert candidate([1, 2, 1], 2) == 0\n\ndef test_check():\n    check(find_remainder)\n\ntest_check()\n",
      "timestamp": 1665510242,
      "stdout": "",
      "stderr": "Traceback (most recent call last):\n  File \"/tmp/tmpt58o8jwr.py\", line 17, in <module>\n    test_check()\n  File \"/tmp/tmpt58o8jwr.py\", line 15, in test_check\n    check(find_remainder)\n  File \"/tmp/tmpt58o8jwr.py\", line 10, in check\n    assert candidate([100, 10, 5, 25, 35, 14], 11) == 9\n  File \"/tmp/tmpt58o8jwr.py\", line 7, in find_remainder\n    return reduce(lambda x, y: x * y, arr) % n\nNameError: name 'reduce' is not defined\n",
      "exit_code": 1,
      "status": "Exception"
    },
    {
      "program": "from typing import List\n\ndef find_remainder(arr: List[int], n: int) -> int:\n    \"\"\"\n\tWrite a python function to find the product of the array multiplication modulo n.\n\t\"\"\"\n    return reduce(lambda x, y: x * y, arr) % n\n\ndef check(candidate):\n    assert candidate([100, 10, 5, 25, 35, 14], 11) == 9\n    assert candidate([1, 1, 1], 1) == 0\n    assert candidate([1, 2, 1], 2) == 0\n\ndef test_check():\n    check(find_remainder)\n\ntest_check()\n",
      "timestamp": 1665510242,
      "stdout": "",
      "stderr": "Traceback (most recent call last):\n  File \"/tmp/tmpt58o8jwr.py\", line 17, in <module>\n    test_check()\n  File \"/tmp/tmpt58o8jwr.py\", line 15, in test_check\n    check(find_remainder)\n  File \"/tmp/tmpt58o8jwr.py\", line 10, in check\n    assert candidate([100, 10, 5, 25, 35, 14], 11) == 9\n  File \"/tmp/tmpt58o8jwr.py\", line 7, in find_remainder\n    return reduce(lambda x, y: x * y, arr) % n\nNameError: name 'reduce' is not defined\n",
      "exit_code": 1,
      "status": "Exception"
    },
    {
      "program": "from typing import List\n\ndef find_remainder(arr: List[int], n: int) -> int:\n    \"\"\"\n\tWrite a python function to find the product of the array multiplication modulo n.\n\t\"\"\"\n    product = 1\n    for i in arr:\n        product = (product * i) % n\n    return product\n\n\ndef check(candidate):\n    assert candidate([100, 10, 5, 25, 35, 14], 11) == 9\n    assert candidate([1, 1, 1], 1) == 0\n    assert candidate([1, 2, 1], 2) == 0\n\ndef test_check():\n    check(find_remainder)\n\ntest_check()\n",
      "timestamp": 1665510242,
      "stdout": "",
      "stderr": "",
      "exit_code": 0,
      "status": "OK"
    },
    {
      "program": "from typing import List\n\ndef find_remainder(arr: List[int], n: int) -> int:\n    \"\"\"\n\tWrite a python function to find the product of the array multiplication modulo n.\n\t\"\"\"\n    prod = 1\n    for i in arr:\n        prod *= i\n    return prod % n\n\ndef check(candidate):\n    assert candidate([100, 10, 5, 25, 35, 14], 11) == 9\n    assert candidate([1, 1, 1], 1) == 0\n    assert candidate([1, 2, 1], 2) == 0\n\ndef test_check():\n    check(find_remainder)\n\ntest_check()\n",
      "timestamp": 1665510242,
      "stdout": "",
      "stderr": "",
      "exit_code": 0,
      "status": "OK"
    },
    {
      "program": "from typing import List\n\ndef find_remainder(arr: List[int], n: int) -> int:\n    \"\"\"\n\tWrite a python function to find the product of the array multiplication modulo n.\n\t\"\"\"\n    product = 1\n    for i in arr:\n        product *= i\n    return product % n\n\ndef check(candidate):\n    assert candidate([100, 10, 5, 25, 35, 14], 11) == 9\n    assert candidate([1, 1, 1], 1) == 0\n    assert candidate([1, 2, 1], 2) == 0\n\ndef test_check():\n    check(find_remainder)\n\ntest_check()\n",
      "timestamp": 1665510242,
      "stdout": "",
      "stderr": "",
      "exit_code": 0,
      "status": "OK"
    },
    {
      "program": "from typing import List\n\ndef find_remainder(arr: List[int], n: int) -> int:\n    \"\"\"\n\tWrite a python function to find the product of the array multiplication modulo n.\n\t\"\"\"\n    if len(arr) == 0:\n        return 0\n    else:\n        return reduce(lambda x, y: x * y, arr) % n\n\ndef check(candidate):\n    assert candidate([100, 10, 5, 25, 35, 14], 11) == 9\n    assert candidate([1, 1, 1], 1) == 0\n    assert candidate([1, 2, 1], 2) == 0\n\ndef test_check():\n    check(find_remainder)\n\ntest_check()\n",
      "timestamp": 1666122755,
      "stdout": "",
      "stderr": "Traceback (most recent call last):\n  File \"/tmp/tmp9bof6b4k.py\", line 20, in <module>\n    test_check()\n  File \"/tmp/tmp9bof6b4k.py\", line 18, in test_check\n    check(find_remainder)\n  File \"/tmp/tmp9bof6b4k.py\", line 13, in check\n    assert candidate([100, 10, 5, 25, 35, 14], 11) == 9\n  File \"/tmp/tmp9bof6b4k.py\", line 10, in find_remainder\n    return reduce(lambda x, y: x * y, arr) % n\nNameError: name 'reduce' is not defined\n",
      "exit_code": 1,
      "status": "Exception"
    },
    {
      "program": "from typing import List\n\ndef find_remainder(arr: List[int], n: int) -> int:\n    \"\"\"\n\tWrite a python function to find the product of the array multiplication modulo n.\n\t\"\"\"\n    prod = 1\n    for i in arr:\n        prod *= i\n    return prod % n\n\ndef check(candidate):\n    assert candidate([100, 10, 5, 25, 35, 14], 11) == 9\n    assert candidate([1, 1, 1], 1) == 0\n    assert candidate([1, 2, 1], 2) == 0\n\ndef test_check():\n    check(find_remainder)\n\ntest_check()\n",
      "timestamp": 1665510242,
      "stdout": "",
      "stderr": "",
      "exit_code": 0,
      "status": "OK"
    },
    {
      "program": "from typing import List\n\ndef find_remainder(arr: List[int], n: int) -> int:\n    \"\"\"\n\tWrite a python function to find the product of the array multiplication modulo n.\n\t\"\"\"\n    return reduce(lambda x, y: (x * y) % n, arr)\n\n\ndef check(candidate):\n    assert candidate([100, 10, 5, 25, 35, 14], 11) == 9\n    assert candidate([1, 1, 1], 1) == 0\n    assert candidate([1, 2, 1], 2) == 0\n\ndef test_check():\n    check(find_remainder)\n\ntest_check()\n",
      "timestamp": 1665510242,
      "stdout": "",
      "stderr": "Traceback (most recent call last):\n  File \"/tmp/tmp8zczxb4h.py\", line 18, in <module>\n    test_check()\n  File \"/tmp/tmp8zczxb4h.py\", line 16, in test_check\n    check(find_remainder)\n  File \"/tmp/tmp8zczxb4h.py\", line 11, in check\n    assert candidate([100, 10, 5, 25, 35, 14], 11) == 9\n  File \"/tmp/tmp8zczxb4h.py\", line 7, in find_remainder\n    return reduce(lambda x, y: (x * y) % n, arr)\nNameError: name 'reduce' is not defined\n",
      "exit_code": 1,
      "status": "Exception"
    },
    {
      "program": "from typing import List\n\ndef find_remainder(arr: List[int], n: int) -> int:\n    \"\"\"\n\tWrite a python function to find the product of the array multiplication modulo n.\n\t\"\"\"\n    return functools.reduce(lambda x, y: (x * y) % n, arr)\n\ndef check(candidate):\n    assert candidate([100, 10, 5, 25, 35, 14], 11) == 9\n    assert candidate([1, 1, 1], 1) == 0\n    assert candidate([1, 2, 1], 2) == 0\n\ndef test_check():\n    check(find_remainder)\n\ntest_check()\n",
      "timestamp": 1666122754,
      "stdout": "",
      "stderr": "Traceback (most recent call last):\n  File \"/tmp/tmppedweraa.py\", line 17, in <module>\n    test_check()\n  File \"/tmp/tmppedweraa.py\", line 15, in test_check\n    check(find_remainder)\n  File \"/tmp/tmppedweraa.py\", line 10, in check\n    assert candidate([100, 10, 5, 25, 35, 14], 11) == 9\n  File \"/tmp/tmppedweraa.py\", line 7, in find_remainder\n    return functools.reduce(lambda x, y: (x * y) % n, arr)\nNameError: name 'functools' is not defined\n",
      "exit_code": 1,
      "status": "Exception"
    },
    {
      "program": "from typing import List\n\ndef find_remainder(arr: List[int], n: int) -> int:\n    \"\"\"\n\tWrite a python function to find the product of the array multiplication modulo n.\n\t\"\"\"\n    product = 1\n    for i in arr:\n        product = (product * i) % n\n    return product\n\ndef check(candidate):\n    assert candidate([100, 10, 5, 25, 35, 14], 11) == 9\n    assert candidate([1, 1, 1], 1) == 0\n    assert candidate([1, 2, 1], 2) == 0\n\ndef test_check():\n    check(find_remainder)\n\ntest_check()\n",
      "timestamp": 1665510242,
      "stdout": "",
      "stderr": "",
      "exit_code": 0,
      "status": "OK"
    },
    {
      "program": "from typing import List\n\ndef find_remainder(arr: List[int], n: int) -> int:\n    \"\"\"\n\tWrite a python function to find the product of the array multiplication modulo n.\n\t\"\"\"\n    return reduce(lambda x, y: (x * y) % n, arr)\n\ndef check(candidate):\n    assert candidate([100, 10, 5, 25, 35, 14], 11) == 9\n    assert candidate([1, 1, 1], 1) == 0\n    assert candidate([1, 2, 1], 2) == 0\n\ndef test_check():\n    check(find_remainder)\n\ntest_check()\n",
      "timestamp": 1665510242,
      "stdout": "",
      "stderr": "Traceback (most recent call last):\n  File \"/tmp/tmpxi5wient.py\", line 17, in <module>\n    test_check()\n  File \"/tmp/tmpxi5wient.py\", line 15, in test_check\n    check(find_remainder)\n  File \"/tmp/tmpxi5wient.py\", line 10, in check\n    assert candidate([100, 10, 5, 25, 35, 14], 11) == 9\n  File \"/tmp/tmpxi5wient.py\", line 7, in find_remainder\n    return reduce(lambda x, y: (x * y) % n, arr)\nNameError: name 'reduce' is not defined\n",
      "exit_code": 1,
      "status": "Exception"
    },
    {
      "program": "from typing import List\n\ndef find_remainder(arr: List[int], n: int) -> int:\n    \"\"\"\n\tWrite a python function to find the product of the array multiplication modulo n.\n\t\"\"\"\n    product = 1\n    for i in arr:\n        product = (product * i) % n\n    return product\n\ndef check(candidate):\n    assert candidate([100, 10, 5, 25, 35, 14], 11) == 9\n    assert candidate([1, 1, 1], 1) == 0\n    assert candidate([1, 2, 1], 2) == 0\n\ndef test_check():\n    check(find_remainder)\n\ntest_check()\n",
      "timestamp": 1665510242,
      "stdout": "",
      "stderr": "",
      "exit_code": 0,
      "status": "OK"
    },
    {
      "program": "from typing import List\n\ndef find_remainder(arr: List[int], n: int) -> int:\n    \"\"\"\n\tWrite a python function to find the product of the array multiplication modulo n.\n\t\"\"\"\n    return reduce(lambda x, y: x * y, arr) % n\n\ndef check(candidate):\n    assert candidate([100, 10, 5, 25, 35, 14], 11) == 9\n    assert candidate([1, 1, 1], 1) == 0\n    assert candidate([1, 2, 1], 2) == 0\n\ndef test_check():\n    check(find_remainder)\n\ntest_check()\n",
      "timestamp": 1665510242,
      "stdout": "",
      "stderr": "Traceback (most recent call last):\n  File \"/tmp/tmpt58o8jwr.py\", line 17, in <module>\n    test_check()\n  File \"/tmp/tmpt58o8jwr.py\", line 15, in test_check\n    check(find_remainder)\n  File \"/tmp/tmpt58o8jwr.py\", line 10, in check\n    assert candidate([100, 10, 5, 25, 35, 14], 11) == 9\n  File \"/tmp/tmpt58o8jwr.py\", line 7, in find_remainder\n    return reduce(lambda x, y: x * y, arr) % n\nNameError: name 'reduce' is not defined\n",
      "exit_code": 1,
      "status": "Exception"
    },
    {
      "program": "from typing import List\n\ndef find_remainder(arr: List[int], n: int) -> int:\n    \"\"\"\n\tWrite a python function to find the product of the array multiplication modulo n.\n\t\"\"\"\n    product = 1\n    for i in arr:\n        product *= i\n    return product % n\n\ndef check(candidate):\n    assert candidate([100, 10, 5, 25, 35, 14], 11) == 9\n    assert candidate([1, 1, 1], 1) == 0\n    assert candidate([1, 2, 1], 2) == 0\n\ndef test_check():\n    check(find_remainder)\n\ntest_check()\n",
      "timestamp": 1665510242,
      "stdout": "",
      "stderr": "",
      "exit_code": 0,
      "status": "OK"
    },
    {
      "program": "from typing import List\n\ndef find_remainder(arr: List[int], n: int) -> int:\n    \"\"\"\n\tWrite a python function to find the product of the array multiplication modulo n.\n\t\"\"\"\n    return reduce(lambda x, y: (x * y) % n, arr)\n\ndef check(candidate):\n    assert candidate([100, 10, 5, 25, 35, 14], 11) == 9\n    assert candidate([1, 1, 1], 1) == 0\n    assert candidate([1, 2, 1], 2) == 0\n\ndef test_check():\n    check(find_remainder)\n\ntest_check()\n",
      "timestamp": 1665510242,
      "stdout": "",
      "stderr": "Traceback (most recent call last):\n  File \"/tmp/tmpxi5wient.py\", line 17, in <module>\n    test_check()\n  File \"/tmp/tmpxi5wient.py\", line 15, in test_check\n    check(find_remainder)\n  File \"/tmp/tmpxi5wient.py\", line 10, in check\n    assert candidate([100, 10, 5, 25, 35, 14], 11) == 9\n  File \"/tmp/tmpxi5wient.py\", line 7, in find_remainder\n    return reduce(lambda x, y: (x * y) % n, arr)\nNameError: name 'reduce' is not defined\n",
      "exit_code": 1,
      "status": "Exception"
    },
    {
      "program": "from typing import List\n\ndef find_remainder(arr: List[int], n: int) -> int:\n    \"\"\"\n\tWrite a python function to find the product of the array multiplication modulo n.\n\t\"\"\"\n    return reduce(lambda x, y: (x * y) % n, arr)\n\n\ndef check(candidate):\n    assert candidate([100, 10, 5, 25, 35, 14], 11) == 9\n    assert candidate([1, 1, 1], 1) == 0\n    assert candidate([1, 2, 1], 2) == 0\n\ndef test_check():\n    check(find_remainder)\n\ntest_check()\n",
      "timestamp": 1665510242,
      "stdout": "",
      "stderr": "Traceback (most recent call last):\n  File \"/tmp/tmp8zczxb4h.py\", line 18, in <module>\n    test_check()\n  File \"/tmp/tmp8zczxb4h.py\", line 16, in test_check\n    check(find_remainder)\n  File \"/tmp/tmp8zczxb4h.py\", line 11, in check\n    assert candidate([100, 10, 5, 25, 35, 14], 11) == 9\n  File \"/tmp/tmp8zczxb4h.py\", line 7, in find_remainder\n    return reduce(lambda x, y: (x * y) % n, arr)\nNameError: name 'reduce' is not defined\n",
      "exit_code": 1,
      "status": "Exception"
    },
    {
      "program": "from typing import List\n\ndef find_remainder(arr: List[int], n: int) -> int:\n    \"\"\"\n\tWrite a python function to find the product of the array multiplication modulo n.\n\t\"\"\"\n    return reduce(lambda x, y: (x * y) % n, arr)\n\ndef check(candidate):\n    assert candidate([100, 10, 5, 25, 35, 14], 11) == 9\n    assert candidate([1, 1, 1], 1) == 0\n    assert candidate([1, 2, 1], 2) == 0\n\ndef test_check():\n    check(find_remainder)\n\ntest_check()\n",
      "timestamp": 1665510242,
      "stdout": "",
      "stderr": "Traceback (most recent call last):\n  File \"/tmp/tmpxi5wient.py\", line 17, in <module>\n    test_check()\n  File \"/tmp/tmpxi5wient.py\", line 15, in test_check\n    check(find_remainder)\n  File \"/tmp/tmpxi5wient.py\", line 10, in check\n    assert candidate([100, 10, 5, 25, 35, 14], 11) == 9\n  File \"/tmp/tmpxi5wient.py\", line 7, in find_remainder\n    return reduce(lambda x, y: (x * y) % n, arr)\nNameError: name 'reduce' is not defined\n",
      "exit_code": 1,
      "status": "Exception"
    },
    {
      "program": "from typing import List\n\ndef find_remainder(arr: List[int], n: int) -> int:\n    \"\"\"\n\tWrite a python function to find the product of the array multiplication modulo n.\n\t\"\"\"\n    product = 1\n    for i in arr:\n        product *= i\n    return product % n\n\ndef check(candidate):\n    assert candidate([100, 10, 5, 25, 35, 14], 11) == 9\n    assert candidate([1, 1, 1], 1) == 0\n    assert candidate([1, 2, 1], 2) == 0\n\ndef test_check():\n    check(find_remainder)\n\ntest_check()\n",
      "timestamp": 1665510242,
      "stdout": "",
      "stderr": "",
      "exit_code": 0,
      "status": "OK"
    },
    {
      "program": "from typing import List\n\ndef find_remainder(arr: List[int], n: int) -> int:\n    \"\"\"\n\tWrite a python function to find the product of the array multiplication modulo n.\n\t\"\"\"\n    return reduce(lambda x, y: (x * y) % n, arr)\n\ndef check(candidate):\n    assert candidate([100, 10, 5, 25, 35, 14], 11) == 9\n    assert candidate([1, 1, 1], 1) == 0\n    assert candidate([1, 2, 1], 2) == 0\n\ndef test_check():\n    check(find_remainder)\n\ntest_check()\n",
      "timestamp": 1665510242,
      "stdout": "",
      "stderr": "Traceback (most recent call last):\n  File \"/tmp/tmpxi5wient.py\", line 17, in <module>\n    test_check()\n  File \"/tmp/tmpxi5wient.py\", line 15, in test_check\n    check(find_remainder)\n  File \"/tmp/tmpxi5wient.py\", line 10, in check\n    assert candidate([100, 10, 5, 25, 35, 14], 11) == 9\n  File \"/tmp/tmpxi5wient.py\", line 7, in find_remainder\n    return reduce(lambda x, y: (x * y) % n, arr)\nNameError: name 'reduce' is not defined\n",
      "exit_code": 1,
      "status": "Exception"
    },
    {
      "program": "from typing import List\n\ndef find_remainder(arr: List[int], n: int) -> int:\n    \"\"\"\n\tWrite a python function to find the product of the array multiplication modulo n.\n\t\"\"\"\n    product = 1\n    for i in arr:\n        product = (product * i) % n\n    return product\n\ndef check(candidate):\n    assert candidate([100, 10, 5, 25, 35, 14], 11) == 9\n    assert candidate([1, 1, 1], 1) == 0\n    assert candidate([1, 2, 1], 2) == 0\n\ndef test_check():\n    check(find_remainder)\n\ntest_check()\n",
      "timestamp": 1665510242,
      "stdout": "",
      "stderr": "",
      "exit_code": 0,
      "status": "OK"
    },
    {
      "program": "from typing import List\n\ndef find_remainder(arr: List[int], n: int) -> int:\n    \"\"\"\n\tWrite a python function to find the product of the array multiplication modulo n.\n\t\"\"\"\n    prod = 1\n    for i in arr:\n        prod *= i\n    return prod % n\n\ndef check(candidate):\n    assert candidate([100, 10, 5, 25, 35, 14], 11) == 9\n    assert candidate([1, 1, 1], 1) == 0\n    assert candidate([1, 2, 1], 2) == 0\n\ndef test_check():\n    check(find_remainder)\n\ntest_check()\n",
      "timestamp": 1665510242,
      "stdout": "",
      "stderr": "",
      "exit_code": 0,
      "status": "OK"
    },
    {
      "program": "from typing import List\n\ndef find_remainder(arr: List[int], n: int) -> int:\n    \"\"\"\n\tWrite a python function to find the product of the array multiplication modulo n.\n\t\"\"\"\n    return reduce(lambda x, y: x * y, arr) % n\ndef check(candidate):\n    assert candidate([100, 10, 5, 25, 35, 14], 11) == 9\n    assert candidate([1, 1, 1], 1) == 0\n    assert candidate([1, 2, 1], 2) == 0\n\ndef test_check():\n    check(find_remainder)\n\ntest_check()\n",
      "timestamp": 1665510242,
      "stdout": "",
      "stderr": "Traceback (most recent call last):\n  File \"/tmp/tmpq1154ffg.py\", line 16, in <module>\n    test_check()\n  File \"/tmp/tmpq1154ffg.py\", line 14, in test_check\n    check(find_remainder)\n  File \"/tmp/tmpq1154ffg.py\", line 9, in check\n    assert candidate([100, 10, 5, 25, 35, 14], 11) == 9\n  File \"/tmp/tmpq1154ffg.py\", line 7, in find_remainder\n    return reduce(lambda x, y: x * y, arr) % n\nNameError: name 'reduce' is not defined\n",
      "exit_code": 1,
      "status": "Exception"
    },
    {
      "program": "from typing import List\n\ndef find_remainder(arr: List[int], n: int) -> int:\n    \"\"\"\n\tWrite a python function to find the product of the array multiplication modulo n.\n\t\"\"\"\n    return reduce(lambda x, y: (x * y) % n, arr)\ndef check(candidate):\n    assert candidate([100, 10, 5, 25, 35, 14], 11) == 9\n    assert candidate([1, 1, 1], 1) == 0\n    assert candidate([1, 2, 1], 2) == 0\n\ndef test_check():\n    check(find_remainder)\n\ntest_check()\n",
      "timestamp": 1666122754,
      "stdout": "",
      "stderr": "Traceback (most recent call last):\n  File \"/tmp/tmplef2woys.py\", line 16, in <module>\n    test_check()\n  File \"/tmp/tmplef2woys.py\", line 14, in test_check\n    check(find_remainder)\n  File \"/tmp/tmplef2woys.py\", line 9, in check\n    assert candidate([100, 10, 5, 25, 35, 14], 11) == 9\n  File \"/tmp/tmplef2woys.py\", line 7, in find_remainder\n    return reduce(lambda x, y: (x * y) % n, arr)\nNameError: name 'reduce' is not defined\n",
      "exit_code": 1,
      "status": "Exception"
    },
    {
      "program": "from typing import List\n\ndef find_remainder(arr: List[int], n: int) -> int:\n    \"\"\"\n\tWrite a python function to find the product of the array multiplication modulo n.\n\t\"\"\"\n    product = 1\n    for i in arr:\n        product = (product * i) % n\n    return product\n\ndef check(candidate):\n    assert candidate([100, 10, 5, 25, 35, 14], 11) == 9\n    assert candidate([1, 1, 1], 1) == 0\n    assert candidate([1, 2, 1], 2) == 0\n\ndef test_check():\n    check(find_remainder)\n\ntest_check()\n",
      "timestamp": 1665510242,
      "stdout": "",
      "stderr": "",
      "exit_code": 0,
      "status": "OK"
    },
    {
      "program": "from typing import List\n\ndef find_remainder(arr: List[int], n: int) -> int:\n    \"\"\"\n\tWrite a python function to find the product of the array multiplication modulo n.\n\t\"\"\"\n    return reduce(lambda x, y: x * y, arr) % n\n\n\ndef check(candidate):\n    assert candidate([100, 10, 5, 25, 35, 14], 11) == 9\n    assert candidate([1, 1, 1], 1) == 0\n    assert candidate([1, 2, 1], 2) == 0\n\ndef test_check():\n    check(find_remainder)\n\ntest_check()\n",
      "timestamp": 1665510242,
      "stdout": "",
      "stderr": "Traceback (most recent call last):\n  File \"/tmp/tmp88lrfo5s.py\", line 18, in <module>\n    test_check()\n  File \"/tmp/tmp88lrfo5s.py\", line 16, in test_check\n    check(find_remainder)\n  File \"/tmp/tmp88lrfo5s.py\", line 11, in check\n    assert candidate([100, 10, 5, 25, 35, 14], 11) == 9\n  File \"/tmp/tmp88lrfo5s.py\", line 7, in find_remainder\n    return reduce(lambda x, y: x * y, arr) % n\nNameError: name 'reduce' is not defined\n",
      "exit_code": 1,
      "status": "Exception"
    },
    {
      "program": "from typing import List\n\ndef find_remainder(arr: List[int], n: int) -> int:\n    \"\"\"\n\tWrite a python function to find the product of the array multiplication modulo n.\n\t\"\"\"\n    product = 1\n    for i in arr:\n        product *= i\n    return product % n\n\n\ndef check(candidate):\n    assert candidate([100, 10, 5, 25, 35, 14], 11) == 9\n    assert candidate([1, 1, 1], 1) == 0\n    assert candidate([1, 2, 1], 2) == 0\n\ndef test_check():\n    check(find_remainder)\n\ntest_check()\n",
      "timestamp": 1666122754,
      "stdout": "",
      "stderr": "",
      "exit_code": 0,
      "status": "OK"
    },
    {
      "program": "from typing import List\n\ndef find_remainder(arr: List[int], n: int) -> int:\n    \"\"\"\n\tWrite a python function to find the product of the array multiplication modulo n.\n\t\"\"\"\n    # Write your code here\n    prod = 1\n    for i in arr:\n        prod = (prod * i) % n\n    return prod\n\ndef check(candidate):\n    assert candidate([100, 10, 5, 25, 35, 14], 11) == 9\n    assert candidate([1, 1, 1], 1) == 0\n    assert candidate([1, 2, 1], 2) == 0\n\ndef test_check():\n    check(find_remainder)\n\ntest_check()\n",
      "timestamp": 1666122755,
      "stdout": "",
      "stderr": "",
      "exit_code": 0,
      "status": "OK"
    },
    {
      "program": "from typing import List\n\ndef find_remainder(arr: List[int], n: int) -> int:\n    \"\"\"\n\tWrite a python function to find the product of the array multiplication modulo n.\n\t\"\"\"\n    product = 1\n    for i in arr:\n        product *= i\n    return product % n\n\ndef check(candidate):\n    assert candidate([100, 10, 5, 25, 35, 14], 11) == 9\n    assert candidate([1, 1, 1], 1) == 0\n    assert candidate([1, 2, 1], 2) == 0\n\ndef test_check():\n    check(find_remainder)\n\ntest_check()\n",
      "timestamp": 1665510242,
      "stdout": "",
      "stderr": "",
      "exit_code": 0,
      "status": "OK"
    },
    {
      "program": "from typing import List\n\ndef find_remainder(arr: List[int], n: int) -> int:\n    \"\"\"\n\tWrite a python function to find the product of the array multiplication modulo n.\n\t\"\"\"\n    product = 1\n    for i in arr:\n        product = (product * i) % n\n    return product\n\ndef check(candidate):\n    assert candidate([100, 10, 5, 25, 35, 14], 11) == 9\n    assert candidate([1, 1, 1], 1) == 0\n    assert candidate([1, 2, 1], 2) == 0\n\ndef test_check():\n    check(find_remainder)\n\ntest_check()\n",
      "timestamp": 1665510242,
      "stdout": "",
      "stderr": "",
      "exit_code": 0,
      "status": "OK"
    },
    {
      "program": "from typing import List\n\ndef find_remainder(arr: List[int], n: int) -> int:\n    \"\"\"\n\tWrite a python function to find the product of the array multiplication modulo n.\n\t\"\"\"\n    return reduce(lambda x, y: (x * y) % n, arr)\n\ndef check(candidate):\n    assert candidate([100, 10, 5, 25, 35, 14], 11) == 9\n    assert candidate([1, 1, 1], 1) == 0\n    assert candidate([1, 2, 1], 2) == 0\n\ndef test_check():\n    check(find_remainder)\n\ntest_check()\n",
      "timestamp": 1665510242,
      "stdout": "",
      "stderr": "Traceback (most recent call last):\n  File \"/tmp/tmpxi5wient.py\", line 17, in <module>\n    test_check()\n  File \"/tmp/tmpxi5wient.py\", line 15, in test_check\n    check(find_remainder)\n  File \"/tmp/tmpxi5wient.py\", line 10, in check\n    assert candidate([100, 10, 5, 25, 35, 14], 11) == 9\n  File \"/tmp/tmpxi5wient.py\", line 7, in find_remainder\n    return reduce(lambda x, y: (x * y) % n, arr)\nNameError: name 'reduce' is not defined\n",
      "exit_code": 1,
      "status": "Exception"
    },
    {
      "program": "from typing import List\n\ndef find_remainder(arr: List[int], n: int) -> int:\n    \"\"\"\n\tWrite a python function to find the product of the array multiplication modulo n.\n\t\"\"\"\n    product = 1\n    for i in arr:\n        product = product * i\n    return product % n\n\ndef check(candidate):\n    assert candidate([100, 10, 5, 25, 35, 14], 11) == 9\n    assert candidate([1, 1, 1], 1) == 0\n    assert candidate([1, 2, 1], 2) == 0\n\ndef test_check():\n    check(find_remainder)\n\ntest_check()\n",
      "timestamp": 1666122755,
      "stdout": "",
      "stderr": "",
      "exit_code": 0,
      "status": "OK"
    },
    {
      "program": "from typing import List\n\ndef find_remainder(arr: List[int], n: int) -> int:\n    \"\"\"\n\tWrite a python function to find the product of the array multiplication modulo n.\n\t\"\"\"\n    return reduce(lambda x, y: (x * y) % n, arr)\n\ndef check(candidate):\n    assert candidate([100, 10, 5, 25, 35, 14], 11) == 9\n    assert candidate([1, 1, 1], 1) == 0\n    assert candidate([1, 2, 1], 2) == 0\n\ndef test_check():\n    check(find_remainder)\n\ntest_check()\n",
      "timestamp": 1665510242,
      "stdout": "",
      "stderr": "Traceback (most recent call last):\n  File \"/tmp/tmpxi5wient.py\", line 17, in <module>\n    test_check()\n  File \"/tmp/tmpxi5wient.py\", line 15, in test_check\n    check(find_remainder)\n  File \"/tmp/tmpxi5wient.py\", line 10, in check\n    assert candidate([100, 10, 5, 25, 35, 14], 11) == 9\n  File \"/tmp/tmpxi5wient.py\", line 7, in find_remainder\n    return reduce(lambda x, y: (x * y) % n, arr)\nNameError: name 'reduce' is not defined\n",
      "exit_code": 1,
      "status": "Exception"
    },
    {
      "program": "from typing import List\n\ndef find_remainder(arr: List[int], n: int) -> int:\n    \"\"\"\n\tWrite a python function to find the product of the array multiplication modulo n.\n\t\"\"\"\n    pass\ndef check(candidate):\n    assert candidate([100, 10, 5, 25, 35, 14], 11) == 9\n    assert candidate([1, 1, 1], 1) == 0\n    assert candidate([1, 2, 1], 2) == 0\n\ndef test_check():\n    check(find_remainder)\n\ntest_check()\n",
      "timestamp": 1666122755,
      "stdout": "",
      "stderr": "Traceback (most recent call last):\n  File \"/tmp/tmpaudg1imh.py\", line 16, in <module>\n    test_check()\n  File \"/tmp/tmpaudg1imh.py\", line 14, in test_check\n    check(find_remainder)\n  File \"/tmp/tmpaudg1imh.py\", line 9, in check\n    assert candidate([100, 10, 5, 25, 35, 14], 11) == 9\nAssertionError\n",
      "exit_code": 1,
      "status": "Exception"
    },
    {
      "program": "from typing import List\n\ndef find_remainder(arr: List[int], n: int) -> int:\n    \"\"\"\n\tWrite a python function to find the product of the array multiplication modulo n.\n\t\"\"\"\n    return reduce(lambda x, y: x * y, arr) % n\n\ndef check(candidate):\n    assert candidate([100, 10, 5, 25, 35, 14], 11) == 9\n    assert candidate([1, 1, 1], 1) == 0\n    assert candidate([1, 2, 1], 2) == 0\n\ndef test_check():\n    check(find_remainder)\n\ntest_check()\n",
      "timestamp": 1665510242,
      "stdout": "",
      "stderr": "Traceback (most recent call last):\n  File \"/tmp/tmpt58o8jwr.py\", line 17, in <module>\n    test_check()\n  File \"/tmp/tmpt58o8jwr.py\", line 15, in test_check\n    check(find_remainder)\n  File \"/tmp/tmpt58o8jwr.py\", line 10, in check\n    assert candidate([100, 10, 5, 25, 35, 14], 11) == 9\n  File \"/tmp/tmpt58o8jwr.py\", line 7, in find_remainder\n    return reduce(lambda x, y: x * y, arr) % n\nNameError: name 'reduce' is not defined\n",
      "exit_code": 1,
      "status": "Exception"
    },
    {
      "program": "from typing import List\n\ndef find_remainder(arr: List[int], n: int) -> int:\n    \"\"\"\n\tWrite a python function to find the product of the array multiplication modulo n.\n\t\"\"\"\n    prod = 1\n    for i in arr:\n        prod *= i\n    return prod % n\n\ndef check(candidate):\n    assert candidate([100, 10, 5, 25, 35, 14], 11) == 9\n    assert candidate([1, 1, 1], 1) == 0\n    assert candidate([1, 2, 1], 2) == 0\n\ndef test_check():\n    check(find_remainder)\n\ntest_check()\n",
      "timestamp": 1665510242,
      "stdout": "",
      "stderr": "",
      "exit_code": 0,
      "status": "OK"
    },
    {
      "program": "from typing import List\n\ndef find_remainder(arr: List[int], n: int) -> int:\n    \"\"\"\n\tWrite a python function to find the product of the array multiplication modulo n.\n\t\"\"\"\n    return reduce(lambda x, y: x * y, arr) % n\n\ndef check(candidate):\n    assert candidate([100, 10, 5, 25, 35, 14], 11) == 9\n    assert candidate([1, 1, 1], 1) == 0\n    assert candidate([1, 2, 1], 2) == 0\n\ndef test_check():\n    check(find_remainder)\n\ntest_check()\n",
      "timestamp": 1665510242,
      "stdout": "",
      "stderr": "Traceback (most recent call last):\n  File \"/tmp/tmpt58o8jwr.py\", line 17, in <module>\n    test_check()\n  File \"/tmp/tmpt58o8jwr.py\", line 15, in test_check\n    check(find_remainder)\n  File \"/tmp/tmpt58o8jwr.py\", line 10, in check\n    assert candidate([100, 10, 5, 25, 35, 14], 11) == 9\n  File \"/tmp/tmpt58o8jwr.py\", line 7, in find_remainder\n    return reduce(lambda x, y: x * y, arr) % n\nNameError: name 'reduce' is not defined\n",
      "exit_code": 1,
      "status": "Exception"
    },
    {
      "program": "from typing import List\n\ndef find_remainder(arr: List[int], n: int) -> int:\n    \"\"\"\n\tWrite a python function to find the product of the array multiplication modulo n.\n\t\"\"\"\n    prod = 1\n    for i in arr:\n        prod *= i\n    return prod % n\n\ndef check(candidate):\n    assert candidate([100, 10, 5, 25, 35, 14], 11) == 9\n    assert candidate([1, 1, 1], 1) == 0\n    assert candidate([1, 2, 1], 2) == 0\n\ndef test_check():\n    check(find_remainder)\n\ntest_check()\n",
      "timestamp": 1665510242,
      "stdout": "",
      "stderr": "",
      "exit_code": 0,
      "status": "OK"
    },
    {
      "program": "from typing import List\n\ndef find_remainder(arr: List[int], n: int) -> int:\n    \"\"\"\n\tWrite a python function to find the product of the array multiplication modulo n.\n\t\"\"\"\n    prod = 1\n    for i in arr:\n        prod = prod * i\n    return prod % n\n\ndef check(candidate):\n    assert candidate([100, 10, 5, 25, 35, 14], 11) == 9\n    assert candidate([1, 1, 1], 1) == 0\n    assert candidate([1, 2, 1], 2) == 0\n\ndef test_check():\n    check(find_remainder)\n\ntest_check()\n",
      "timestamp": 1665510242,
      "stdout": "",
      "stderr": "",
      "exit_code": 0,
      "status": "OK"
    },
    {
      "program": "from typing import List\n\ndef find_remainder(arr: List[int], n: int) -> int:\n    \"\"\"\n\tWrite a python function to find the product of the array multiplication modulo n.\n\t\"\"\"\n    product = 1\n    for i in arr:\n        product = (product * i) % n\n    return product\n\ndef check(candidate):\n    assert candidate([100, 10, 5, 25, 35, 14], 11) == 9\n    assert candidate([1, 1, 1], 1) == 0\n    assert candidate([1, 2, 1], 2) == 0\n\ndef test_check():\n    check(find_remainder)\n\ntest_check()\n",
      "timestamp": 1665510242,
      "stdout": "",
      "stderr": "",
      "exit_code": 0,
      "status": "OK"
    },
    {
      "program": "from typing import List\n\ndef find_remainder(arr: List[int], n: int) -> int:\n    \"\"\"\n\tWrite a python function to find the product of the array multiplication modulo n.\n\t\"\"\"\n    product = 1\n    for i in arr:\n        product *= i\n    return product % n\n\ndef check(candidate):\n    assert candidate([100, 10, 5, 25, 35, 14], 11) == 9\n    assert candidate([1, 1, 1], 1) == 0\n    assert candidate([1, 2, 1], 2) == 0\n\ndef test_check():\n    check(find_remainder)\n\ntest_check()\n",
      "timestamp": 1665510242,
      "stdout": "",
      "stderr": "",
      "exit_code": 0,
      "status": "OK"
    },
    {
      "program": "from typing import List\n\ndef find_remainder(arr: List[int], n: int) -> int:\n    \"\"\"\n\tWrite a python function to find the product of the array multiplication modulo n.\n\t\"\"\"\n    product = 1\n    for i in arr:\n        product = (product * i) % n\n    return product\n\ndef check(candidate):\n    assert candidate([100, 10, 5, 25, 35, 14], 11) == 9\n    assert candidate([1, 1, 1], 1) == 0\n    assert candidate([1, 2, 1], 2) == 0\n\ndef test_check():\n    check(find_remainder)\n\ntest_check()\n",
      "timestamp": 1665510242,
      "stdout": "",
      "stderr": "",
      "exit_code": 0,
      "status": "OK"
    },
    {
      "program": "from typing import List\n\ndef find_remainder(arr: List[int], n: int) -> int:\n    \"\"\"\n\tWrite a python function to find the product of the array multiplication modulo n.\n\t\"\"\"\n    return reduce(lambda x, y: (x * y) % n, arr)\n\ndef check(candidate):\n    assert candidate([100, 10, 5, 25, 35, 14], 11) == 9\n    assert candidate([1, 1, 1], 1) == 0\n    assert candidate([1, 2, 1], 2) == 0\n\ndef test_check():\n    check(find_remainder)\n\ntest_check()\n",
      "timestamp": 1665510242,
      "stdout": "",
      "stderr": "Traceback (most recent call last):\n  File \"/tmp/tmpxi5wient.py\", line 17, in <module>\n    test_check()\n  File \"/tmp/tmpxi5wient.py\", line 15, in test_check\n    check(find_remainder)\n  File \"/tmp/tmpxi5wient.py\", line 10, in check\n    assert candidate([100, 10, 5, 25, 35, 14], 11) == 9\n  File \"/tmp/tmpxi5wient.py\", line 7, in find_remainder\n    return reduce(lambda x, y: (x * y) % n, arr)\nNameError: name 'reduce' is not defined\n",
      "exit_code": 1,
      "status": "Exception"
    },
    {
      "program": "from typing import List\n\ndef find_remainder(arr: List[int], n: int) -> int:\n    \"\"\"\n\tWrite a python function to find the product of the array multiplication modulo n.\n\t\"\"\"\n    prod = 1\n    for i in arr:\n        prod = (prod * i) % n\n    return prod\n\ndef check(candidate):\n    assert candidate([100, 10, 5, 25, 35, 14], 11) == 9\n    assert candidate([1, 1, 1], 1) == 0\n    assert candidate([1, 2, 1], 2) == 0\n\ndef test_check():\n    check(find_remainder)\n\ntest_check()\n",
      "timestamp": 1665510242,
      "stdout": "",
      "stderr": "",
      "exit_code": 0,
      "status": "OK"
    },
    {
      "program": "from typing import List\n\ndef find_remainder(arr: List[int], n: int) -> int:\n    \"\"\"\n\tWrite a python function to find the product of the array multiplication modulo n.\n\t\"\"\"\n    return reduce(lambda x, y: x * y, arr) % n\n\ndef check(candidate):\n    assert candidate([100, 10, 5, 25, 35, 14], 11) == 9\n    assert candidate([1, 1, 1], 1) == 0\n    assert candidate([1, 2, 1], 2) == 0\n\ndef test_check():\n    check(find_remainder)\n\ntest_check()\n",
      "timestamp": 1665510242,
      "stdout": "",
      "stderr": "Traceback (most recent call last):\n  File \"/tmp/tmpt58o8jwr.py\", line 17, in <module>\n    test_check()\n  File \"/tmp/tmpt58o8jwr.py\", line 15, in test_check\n    check(find_remainder)\n  File \"/tmp/tmpt58o8jwr.py\", line 10, in check\n    assert candidate([100, 10, 5, 25, 35, 14], 11) == 9\n  File \"/tmp/tmpt58o8jwr.py\", line 7, in find_remainder\n    return reduce(lambda x, y: x * y, arr) % n\nNameError: name 'reduce' is not defined\n",
      "exit_code": 1,
      "status": "Exception"
    },
    {
      "program": "from typing import List\n\ndef find_remainder(arr: List[int], n: int) -> int:\n    \"\"\"\n\tWrite a python function to find the product of the array multiplication modulo n.\n\t\"\"\"\n    prod = 1\n    for i in arr:\n        prod *= i\n    return prod % n\n\ndef check(candidate):\n    assert candidate([100, 10, 5, 25, 35, 14], 11) == 9\n    assert candidate([1, 1, 1], 1) == 0\n    assert candidate([1, 2, 1], 2) == 0\n\ndef test_check():\n    check(find_remainder)\n\ntest_check()\n",
      "timestamp": 1665510242,
      "stdout": "",
      "stderr": "",
      "exit_code": 0,
      "status": "OK"
    },
    {
      "program": "from typing import List\n\ndef find_remainder(arr: List[int], n: int) -> int:\n    \"\"\"\n\tWrite a python function to find the product of the array multiplication modulo n.\n\t\"\"\"\n    product = 1\n    for i in arr:\n        product = product * i\n    return product % n\n\ndef check(candidate):\n    assert candidate([100, 10, 5, 25, 35, 14], 11) == 9\n    assert candidate([1, 1, 1], 1) == 0\n    assert candidate([1, 2, 1], 2) == 0\n\ndef test_check():\n    check(find_remainder)\n\ntest_check()\n",
      "timestamp": 1666122755,
      "stdout": "",
      "stderr": "",
      "exit_code": 0,
      "status": "OK"
    },
    {
      "program": "from typing import List\n\ndef find_remainder(arr: List[int], n: int) -> int:\n    \"\"\"\n\tWrite a python function to find the product of the array multiplication modulo n.\n\t\"\"\"\n    return reduce(lambda x, y: (x * y) % n, arr)\n\ndef check(candidate):\n    assert candidate([100, 10, 5, 25, 35, 14], 11) == 9\n    assert candidate([1, 1, 1], 1) == 0\n    assert candidate([1, 2, 1], 2) == 0\n\ndef test_check():\n    check(find_remainder)\n\ntest_check()\n",
      "timestamp": 1665510242,
      "stdout": "",
      "stderr": "Traceback (most recent call last):\n  File \"/tmp/tmpxi5wient.py\", line 17, in <module>\n    test_check()\n  File \"/tmp/tmpxi5wient.py\", line 15, in test_check\n    check(find_remainder)\n  File \"/tmp/tmpxi5wient.py\", line 10, in check\n    assert candidate([100, 10, 5, 25, 35, 14], 11) == 9\n  File \"/tmp/tmpxi5wient.py\", line 7, in find_remainder\n    return reduce(lambda x, y: (x * y) % n, arr)\nNameError: name 'reduce' is not defined\n",
      "exit_code": 1,
      "status": "Exception"
    },
    {
      "program": "from typing import List\n\ndef find_remainder(arr: List[int], n: int) -> int:\n    \"\"\"\n\tWrite a python function to find the product of the array multiplication modulo n.\n\t\"\"\"\n    prod = 1\n    for i in arr:\n        prod *= i\n    return prod % n\n\ndef check(candidate):\n    assert candidate([100, 10, 5, 25, 35, 14], 11) == 9\n    assert candidate([1, 1, 1], 1) == 0\n    assert candidate([1, 2, 1], 2) == 0\n\ndef test_check():\n    check(find_remainder)\n\ntest_check()\n",
      "timestamp": 1665510242,
      "stdout": "",
      "stderr": "",
      "exit_code": 0,
      "status": "OK"
    },
    {
      "program": "from typing import List\n\ndef find_remainder(arr: List[int], n: int) -> int:\n    \"\"\"\n\tWrite a python function to find the product of the array multiplication modulo n.\n\t\"\"\"\n    prod = 1\n    for i in arr:\n        prod *= i\n    return prod % n\n\n\ndef check(candidate):\n    assert candidate([100, 10, 5, 25, 35, 14], 11) == 9\n    assert candidate([1, 1, 1], 1) == 0\n    assert candidate([1, 2, 1], 2) == 0\n\ndef test_check():\n    check(find_remainder)\n\ntest_check()\n",
      "timestamp": 1666122754,
      "stdout": "",
      "stderr": "",
      "exit_code": 0,
      "status": "OK"
    },
    {
      "program": "from typing import List\n\ndef find_remainder(arr: List[int], n: int) -> int:\n    \"\"\"\n\tWrite a python function to find the product of the array multiplication modulo n.\n\t\"\"\"\n    product = 1\n    for i in arr:\n        product *= i\n    return product % n\n\ndef check(candidate):\n    assert candidate([100, 10, 5, 25, 35, 14], 11) == 9\n    assert candidate([1, 1, 1], 1) == 0\n    assert candidate([1, 2, 1], 2) == 0\n\ndef test_check():\n    check(find_remainder)\n\ntest_check()\n",
      "timestamp": 1665510242,
      "stdout": "",
      "stderr": "",
      "exit_code": 0,
      "status": "OK"
    },
    {
      "program": "from typing import List\n\ndef find_remainder(arr: List[int], n: int) -> int:\n    \"\"\"\n\tWrite a python function to find the product of the array multiplication modulo n.\n\t\"\"\"\n    product = 1\n    for i in arr:\n        product = (product * i) % n\n    return product\n\ndef check(candidate):\n    assert candidate([100, 10, 5, 25, 35, 14], 11) == 9\n    assert candidate([1, 1, 1], 1) == 0\n    assert candidate([1, 2, 1], 2) == 0\n\ndef test_check():\n    check(find_remainder)\n\ntest_check()\n",
      "timestamp": 1665510242,
      "stdout": "",
      "stderr": "",
      "exit_code": 0,
      "status": "OK"
    },
    {
      "program": "from typing import List\n\ndef find_remainder(arr: List[int], n: int) -> int:\n    \"\"\"\n\tWrite a python function to find the product of the array multiplication modulo n.\n\t\"\"\"\n    product = 1\n    for i in arr:\n        product = (product * i) % n\n    return product\n\ndef check(candidate):\n    assert candidate([100, 10, 5, 25, 35, 14], 11) == 9\n    assert candidate([1, 1, 1], 1) == 0\n    assert candidate([1, 2, 1], 2) == 0\n\ndef test_check():\n    check(find_remainder)\n\ntest_check()\n",
      "timestamp": 1665510242,
      "stdout": "",
      "stderr": "",
      "exit_code": 0,
      "status": "OK"
    },
    {
      "program": "from typing import List\n\ndef find_remainder(arr: List[int], n: int) -> int:\n    \"\"\"\n\tWrite a python function to find the product of the array multiplication modulo n.\n\t\"\"\"\n    product = 1\n    for i in arr:\n        product = (product * i) % n\n    return product\n\ndef check(candidate):\n    assert candidate([100, 10, 5, 25, 35, 14], 11) == 9\n    assert candidate([1, 1, 1], 1) == 0\n    assert candidate([1, 2, 1], 2) == 0\n\ndef test_check():\n    check(find_remainder)\n\ntest_check()\n",
      "timestamp": 1665510242,
      "stdout": "",
      "stderr": "",
      "exit_code": 0,
      "status": "OK"
    },
    {
      "program": "from typing import List\n\ndef find_remainder(arr: List[int], n: int) -> int:\n    \"\"\"\n\tWrite a python function to find the product of the array multiplication modulo n.\n\t\"\"\"\n    product = 1\n    for i in arr:\n        product *= i\n    return product % n\n\ndef check(candidate):\n    assert candidate([100, 10, 5, 25, 35, 14], 11) == 9\n    assert candidate([1, 1, 1], 1) == 0\n    assert candidate([1, 2, 1], 2) == 0\n\ndef test_check():\n    check(find_remainder)\n\ntest_check()\n",
      "timestamp": 1665510242,
      "stdout": "",
      "stderr": "",
      "exit_code": 0,
      "status": "OK"
    },
    {
      "program": "from typing import List\n\ndef find_remainder(arr: List[int], n: int) -> int:\n    \"\"\"\n\tWrite a python function to find the product of the array multiplication modulo n.\n\t\"\"\"\n    product = 1\n    for i in arr:\n        product = (product * i) % n\n    return product\n\ndef check(candidate):\n    assert candidate([100, 10, 5, 25, 35, 14], 11) == 9\n    assert candidate([1, 1, 1], 1) == 0\n    assert candidate([1, 2, 1], 2) == 0\n\ndef test_check():\n    check(find_remainder)\n\ntest_check()\n",
      "timestamp": 1665510242,
      "stdout": "",
      "stderr": "",
      "exit_code": 0,
      "status": "OK"
    },
    {
      "program": "from typing import List\n\ndef find_remainder(arr: List[int], n: int) -> int:\n    \"\"\"\n\tWrite a python function to find the product of the array multiplication modulo n.\n\t\"\"\"\n    product = 1\n    for i in arr:\n        product = (product * i) % n\n    return product\n\ndef check(candidate):\n    assert candidate([100, 10, 5, 25, 35, 14], 11) == 9\n    assert candidate([1, 1, 1], 1) == 0\n    assert candidate([1, 2, 1], 2) == 0\n\ndef test_check():\n    check(find_remainder)\n\ntest_check()\n",
      "timestamp": 1665510242,
      "stdout": "",
      "stderr": "",
      "exit_code": 0,
      "status": "OK"
    },
    {
      "program": "from typing import List\n\ndef find_remainder(arr: List[int], n: int) -> int:\n    \"\"\"\n\tWrite a python function to find the product of the array multiplication modulo n.\n\t\"\"\"\n    prod = 1\n    for i in arr:\n        prod *= i\n    return prod % n\n\ndef check(candidate):\n    assert candidate([100, 10, 5, 25, 35, 14], 11) == 9\n    assert candidate([1, 1, 1], 1) == 0\n    assert candidate([1, 2, 1], 2) == 0\n\ndef test_check():\n    check(find_remainder)\n\ntest_check()\n",
      "timestamp": 1665510242,
      "stdout": "",
      "stderr": "",
      "exit_code": 0,
      "status": "OK"
    },
    {
      "program": "from typing import List\n\ndef find_remainder(arr: List[int], n: int) -> int:\n    \"\"\"\n\tWrite a python function to find the product of the array multiplication modulo n.\n\t\"\"\"\n    return reduce(lambda x, y: x * y, arr) % n\n\ndef check(candidate):\n    assert candidate([100, 10, 5, 25, 35, 14], 11) == 9\n    assert candidate([1, 1, 1], 1) == 0\n    assert candidate([1, 2, 1], 2) == 0\n\ndef test_check():\n    check(find_remainder)\n\ntest_check()\n",
      "timestamp": 1665510242,
      "stdout": "",
      "stderr": "Traceback (most recent call last):\n  File \"/tmp/tmpt58o8jwr.py\", line 17, in <module>\n    test_check()\n  File \"/tmp/tmpt58o8jwr.py\", line 15, in test_check\n    check(find_remainder)\n  File \"/tmp/tmpt58o8jwr.py\", line 10, in check\n    assert candidate([100, 10, 5, 25, 35, 14], 11) == 9\n  File \"/tmp/tmpt58o8jwr.py\", line 7, in find_remainder\n    return reduce(lambda x, y: x * y, arr) % n\nNameError: name 'reduce' is not defined\n",
      "exit_code": 1,
      "status": "Exception"
    },
    {
      "program": "from typing import List\n\ndef find_remainder(arr: List[int], n: int) -> int:\n    \"\"\"\n\tWrite a python function to find the product of the array multiplication modulo n.\n\t\"\"\"\n    prod = 1\n    for i in arr:\n        prod = (prod * i) % n\n    return prod\n\n\ndef check(candidate):\n    assert candidate([100, 10, 5, 25, 35, 14], 11) == 9\n    assert candidate([1, 1, 1], 1) == 0\n    assert candidate([1, 2, 1], 2) == 0\n\ndef test_check():\n    check(find_remainder)\n\ntest_check()\n",
      "timestamp": 1666122755,
      "stdout": "",
      "stderr": "",
      "exit_code": 0,
      "status": "OK"
    },
    {
      "program": "from typing import List\n\ndef find_remainder(arr: List[int], n: int) -> int:\n    \"\"\"\n\tWrite a python function to find the product of the array multiplication modulo n.\n\t\"\"\"\n    return reduce(lambda x, y: (x * y) % n, arr)\n\ndef check(candidate):\n    assert candidate([100, 10, 5, 25, 35, 14], 11) == 9\n    assert candidate([1, 1, 1], 1) == 0\n    assert candidate([1, 2, 1], 2) == 0\n\ndef test_check():\n    check(find_remainder)\n\ntest_check()\n",
      "timestamp": 1665510242,
      "stdout": "",
      "stderr": "Traceback (most recent call last):\n  File \"/tmp/tmpxi5wient.py\", line 17, in <module>\n    test_check()\n  File \"/tmp/tmpxi5wient.py\", line 15, in test_check\n    check(find_remainder)\n  File \"/tmp/tmpxi5wient.py\", line 10, in check\n    assert candidate([100, 10, 5, 25, 35, 14], 11) == 9\n  File \"/tmp/tmpxi5wient.py\", line 7, in find_remainder\n    return reduce(lambda x, y: (x * y) % n, arr)\nNameError: name 'reduce' is not defined\n",
      "exit_code": 1,
      "status": "Exception"
    },
    {
      "program": "from typing import List\n\ndef find_remainder(arr: List[int], n: int) -> int:\n    \"\"\"\n\tWrite a python function to find the product of the array multiplication modulo n.\n\t\"\"\"\n    if len(arr) == 0:\n        return 0\n    else:\n        return reduce(lambda x, y: x * y, arr) % n\ndef check(candidate):\n    assert candidate([100, 10, 5, 25, 35, 14], 11) == 9\n    assert candidate([1, 1, 1], 1) == 0\n    assert candidate([1, 2, 1], 2) == 0\n\ndef test_check():\n    check(find_remainder)\n\ntest_check()\n",
      "timestamp": 1666122755,
      "stdout": "",
      "stderr": "Traceback (most recent call last):\n  File \"/tmp/tmp_11h0xqj.py\", line 19, in <module>\n    test_check()\n  File \"/tmp/tmp_11h0xqj.py\", line 17, in test_check\n    check(find_remainder)\n  File \"/tmp/tmp_11h0xqj.py\", line 12, in check\n    assert candidate([100, 10, 5, 25, 35, 14], 11) == 9\n  File \"/tmp/tmp_11h0xqj.py\", line 10, in find_remainder\n    return reduce(lambda x, y: x * y, arr) % n\nNameError: name 'reduce' is not defined\n",
      "exit_code": 1,
      "status": "Exception"
    },
    {
      "program": "from typing import List\n\ndef find_remainder(arr: List[int], n: int) -> int:\n    \"\"\"\n\tWrite a python function to find the product of the array multiplication modulo n.\n\t\"\"\"\n    return reduce(lambda x, y: (x * y) % n, arr)\n\ndef check(candidate):\n    assert candidate([100, 10, 5, 25, 35, 14], 11) == 9\n    assert candidate([1, 1, 1], 1) == 0\n    assert candidate([1, 2, 1], 2) == 0\n\ndef test_check():\n    check(find_remainder)\n\ntest_check()\n",
      "timestamp": 1665510242,
      "stdout": "",
      "stderr": "Traceback (most recent call last):\n  File \"/tmp/tmpxi5wient.py\", line 17, in <module>\n    test_check()\n  File \"/tmp/tmpxi5wient.py\", line 15, in test_check\n    check(find_remainder)\n  File \"/tmp/tmpxi5wient.py\", line 10, in check\n    assert candidate([100, 10, 5, 25, 35, 14], 11) == 9\n  File \"/tmp/tmpxi5wient.py\", line 7, in find_remainder\n    return reduce(lambda x, y: (x * y) % n, arr)\nNameError: name 'reduce' is not defined\n",
      "exit_code": 1,
      "status": "Exception"
    },
    {
      "program": "from typing import List\n\ndef find_remainder(arr: List[int], n: int) -> int:\n    \"\"\"\n\tWrite a python function to find the product of the array multiplication modulo n.\n\t\"\"\"\n    product = 1\n    for i in arr:\n        product *= i\n    return product % n\n\ndef check(candidate):\n    assert candidate([100, 10, 5, 25, 35, 14], 11) == 9\n    assert candidate([1, 1, 1], 1) == 0\n    assert candidate([1, 2, 1], 2) == 0\n\ndef test_check():\n    check(find_remainder)\n\ntest_check()\n",
      "timestamp": 1665510242,
      "stdout": "",
      "stderr": "",
      "exit_code": 0,
      "status": "OK"
    },
    {
      "program": "from typing import List\n\ndef find_remainder(arr: List[int], n: int) -> int:\n    \"\"\"\n\tWrite a python function to find the product of the array multiplication modulo n.\n\t\"\"\"\n    product = 1\n    for i in arr:\n        product = (product * i) % n\n    return product\n\ndef check(candidate):\n    assert candidate([100, 10, 5, 25, 35, 14], 11) == 9\n    assert candidate([1, 1, 1], 1) == 0\n    assert candidate([1, 2, 1], 2) == 0\n\ndef test_check():\n    check(find_remainder)\n\ntest_check()\n",
      "timestamp": 1665510242,
      "stdout": "",
      "stderr": "",
      "exit_code": 0,
      "status": "OK"
    },
    {
      "program": "from typing import List\n\ndef find_remainder(arr: List[int], n: int) -> int:\n    \"\"\"\n\tWrite a python function to find the product of the array multiplication modulo n.\n\t\"\"\"\n    product = 1\n    for i in arr:\n        product = (product * i) % n\n    return product\n\ndef check(candidate):\n    assert candidate([100, 10, 5, 25, 35, 14], 11) == 9\n    assert candidate([1, 1, 1], 1) == 0\n    assert candidate([1, 2, 1], 2) == 0\n\ndef test_check():\n    check(find_remainder)\n\ntest_check()\n",
      "timestamp": 1665510242,
      "stdout": "",
      "stderr": "",
      "exit_code": 0,
      "status": "OK"
    },
    {
      "program": "from typing import List\n\ndef find_remainder(arr: List[int], n: int) -> int:\n    \"\"\"\n\tWrite a python function to find the product of the array multiplication modulo n.\n\t\"\"\"\n    product = 1\n    for i in arr:\n        product *= i\n    return product % n\n\ndef check(candidate):\n    assert candidate([100, 10, 5, 25, 35, 14], 11) == 9\n    assert candidate([1, 1, 1], 1) == 0\n    assert candidate([1, 2, 1], 2) == 0\n\ndef test_check():\n    check(find_remainder)\n\ntest_check()\n",
      "timestamp": 1665510242,
      "stdout": "",
      "stderr": "",
      "exit_code": 0,
      "status": "OK"
    },
    {
      "program": "from typing import List\n\ndef find_remainder(arr: List[int], n: int) -> int:\n    \"\"\"\n\tWrite a python function to find the product of the array multiplication modulo n.\n\t\"\"\"\n    return reduce(lambda x, y: x * y, arr) % n\n\n\ndef check(candidate):\n    assert candidate([100, 10, 5, 25, 35, 14], 11) == 9\n    assert candidate([1, 1, 1], 1) == 0\n    assert candidate([1, 2, 1], 2) == 0\n\ndef test_check():\n    check(find_remainder)\n\ntest_check()\n",
      "timestamp": 1665510242,
      "stdout": "",
      "stderr": "Traceback (most recent call last):\n  File \"/tmp/tmp88lrfo5s.py\", line 18, in <module>\n    test_check()\n  File \"/tmp/tmp88lrfo5s.py\", line 16, in test_check\n    check(find_remainder)\n  File \"/tmp/tmp88lrfo5s.py\", line 11, in check\n    assert candidate([100, 10, 5, 25, 35, 14], 11) == 9\n  File \"/tmp/tmp88lrfo5s.py\", line 7, in find_remainder\n    return reduce(lambda x, y: x * y, arr) % n\nNameError: name 'reduce' is not defined\n",
      "exit_code": 1,
      "status": "Exception"
    },
    {
      "program": "from typing import List\n\ndef find_remainder(arr: List[int], n: int) -> int:\n    \"\"\"\n\tWrite a python function to find the product of the array multiplication modulo n.\n\t\"\"\"\n    product = 1\n    for i in arr:\n        product = (product * i) % n\n    return product\n\ndef check(candidate):\n    assert candidate([100, 10, 5, 25, 35, 14], 11) == 9\n    assert candidate([1, 1, 1], 1) == 0\n    assert candidate([1, 2, 1], 2) == 0\n\ndef test_check():\n    check(find_remainder)\n\ntest_check()\n",
      "timestamp": 1665510242,
      "stdout": "",
      "stderr": "",
      "exit_code": 0,
      "status": "OK"
    },
    {
      "program": "from typing import List\n\ndef find_remainder(arr: List[int], n: int) -> int:\n    \"\"\"\n\tWrite a python function to find the product of the array multiplication modulo n.\n\t\"\"\"\n    prod = 1\n    for i in arr:\n        prod *= i\n    return prod % n\n\ndef check(candidate):\n    assert candidate([100, 10, 5, 25, 35, 14], 11) == 9\n    assert candidate([1, 1, 1], 1) == 0\n    assert candidate([1, 2, 1], 2) == 0\n\ndef test_check():\n    check(find_remainder)\n\ntest_check()\n",
      "timestamp": 1665510242,
      "stdout": "",
      "stderr": "",
      "exit_code": 0,
      "status": "OK"
    },
    {
      "program": "from typing import List\n\ndef find_remainder(arr: List[int], n: int) -> int:\n    \"\"\"\n\tWrite a python function to find the product of the array multiplication modulo n.\n\t\"\"\"\n    return reduce(lambda x, y: (x * y) % n, arr)\n\ndef check(candidate):\n    assert candidate([100, 10, 5, 25, 35, 14], 11) == 9\n    assert candidate([1, 1, 1], 1) == 0\n    assert candidate([1, 2, 1], 2) == 0\n\ndef test_check():\n    check(find_remainder)\n\ntest_check()\n",
      "timestamp": 1665510242,
      "stdout": "",
      "stderr": "Traceback (most recent call last):\n  File \"/tmp/tmpxi5wient.py\", line 17, in <module>\n    test_check()\n  File \"/tmp/tmpxi5wient.py\", line 15, in test_check\n    check(find_remainder)\n  File \"/tmp/tmpxi5wient.py\", line 10, in check\n    assert candidate([100, 10, 5, 25, 35, 14], 11) == 9\n  File \"/tmp/tmpxi5wient.py\", line 7, in find_remainder\n    return reduce(lambda x, y: (x * y) % n, arr)\nNameError: name 'reduce' is not defined\n",
      "exit_code": 1,
      "status": "Exception"
    },
    {
      "program": "from typing import List\n\ndef find_remainder(arr: List[int], n: int) -> int:\n    \"\"\"\n\tWrite a python function to find the product of the array multiplication modulo n.\n\t\"\"\"\n    return reduce(lambda x, y: x * y, arr) % n\n\ndef check(candidate):\n    assert candidate([100, 10, 5, 25, 35, 14], 11) == 9\n    assert candidate([1, 1, 1], 1) == 0\n    assert candidate([1, 2, 1], 2) == 0\n\ndef test_check():\n    check(find_remainder)\n\ntest_check()\n",
      "timestamp": 1665510242,
      "stdout": "",
      "stderr": "Traceback (most recent call last):\n  File \"/tmp/tmpt58o8jwr.py\", line 17, in <module>\n    test_check()\n  File \"/tmp/tmpt58o8jwr.py\", line 15, in test_check\n    check(find_remainder)\n  File \"/tmp/tmpt58o8jwr.py\", line 10, in check\n    assert candidate([100, 10, 5, 25, 35, 14], 11) == 9\n  File \"/tmp/tmpt58o8jwr.py\", line 7, in find_remainder\n    return reduce(lambda x, y: x * y, arr) % n\nNameError: name 'reduce' is not defined\n",
      "exit_code": 1,
      "status": "Exception"
    },
    {
      "program": "from typing import List\n\ndef find_remainder(arr: List[int], n: int) -> int:\n    \"\"\"\n\tWrite a python function to find the product of the array multiplication modulo n.\n\t\"\"\"\n    return reduce(lambda x, y: (x*y) % n, arr)\n\ndef check(candidate):\n    assert candidate([100, 10, 5, 25, 35, 14], 11) == 9\n    assert candidate([1, 1, 1], 1) == 0\n    assert candidate([1, 2, 1], 2) == 0\n\ndef test_check():\n    check(find_remainder)\n\ntest_check()\n",
      "timestamp": 1666122755,
      "stdout": "",
      "stderr": "Traceback (most recent call last):\n  File \"/tmp/tmp_jl86nhm.py\", line 17, in <module>\n    test_check()\n  File \"/tmp/tmp_jl86nhm.py\", line 15, in test_check\n    check(find_remainder)\n  File \"/tmp/tmp_jl86nhm.py\", line 10, in check\n    assert candidate([100, 10, 5, 25, 35, 14], 11) == 9\n  File \"/tmp/tmp_jl86nhm.py\", line 7, in find_remainder\n    return reduce(lambda x, y: (x*y) % n, arr)\nNameError: name 'reduce' is not defined\n",
      "exit_code": 1,
      "status": "Exception"
    },
    {
      "program": "from typing import List\n\ndef find_remainder(arr: List[int], n: int) -> int:\n    \"\"\"\n\tWrite a python function to find the product of the array multiplication modulo n.\n\t\"\"\"\n    return reduce(lambda x, y: (x * y) % n, arr)\n\n\ndef check(candidate):\n    assert candidate([100, 10, 5, 25, 35, 14], 11) == 9\n    assert candidate([1, 1, 1], 1) == 0\n    assert candidate([1, 2, 1], 2) == 0\n\ndef test_check():\n    check(find_remainder)\n\ntest_check()\n",
      "timestamp": 1665510242,
      "stdout": "",
      "stderr": "Traceback (most recent call last):\n  File \"/tmp/tmp8zczxb4h.py\", line 18, in <module>\n    test_check()\n  File \"/tmp/tmp8zczxb4h.py\", line 16, in test_check\n    check(find_remainder)\n  File \"/tmp/tmp8zczxb4h.py\", line 11, in check\n    assert candidate([100, 10, 5, 25, 35, 14], 11) == 9\n  File \"/tmp/tmp8zczxb4h.py\", line 7, in find_remainder\n    return reduce(lambda x, y: (x * y) % n, arr)\nNameError: name 'reduce' is not defined\n",
      "exit_code": 1,
      "status": "Exception"
    },
    {
      "program": "from typing import List\n\ndef find_remainder(arr: List[int], n: int) -> int:\n    \"\"\"\n\tWrite a python function to find the product of the array multiplication modulo n.\n\t\"\"\"\n    product = 1\n    for i in arr:\n        product *= i\n    return product % n\n\ndef check(candidate):\n    assert candidate([100, 10, 5, 25, 35, 14], 11) == 9\n    assert candidate([1, 1, 1], 1) == 0\n    assert candidate([1, 2, 1], 2) == 0\n\ndef test_check():\n    check(find_remainder)\n\ntest_check()\n",
      "timestamp": 1665510242,
      "stdout": "",
      "stderr": "",
      "exit_code": 0,
      "status": "OK"
    },
    {
      "program": "from typing import List\n\ndef find_remainder(arr: List[int], n: int) -> int:\n    \"\"\"\n\tWrite a python function to find the product of the array multiplication modulo n.\n\t\"\"\"\n    prod = 1\n    for i in arr:\n        prod = prod * i\n    return prod % n\n\ndef check(candidate):\n    assert candidate([100, 10, 5, 25, 35, 14], 11) == 9\n    assert candidate([1, 1, 1], 1) == 0\n    assert candidate([1, 2, 1], 2) == 0\n\ndef test_check():\n    check(find_remainder)\n\ntest_check()\n",
      "timestamp": 1665510242,
      "stdout": "",
      "stderr": "",
      "exit_code": 0,
      "status": "OK"
    },
    {
      "program": "from typing import List\n\ndef find_remainder(arr: List[int], n: int) -> int:\n    \"\"\"\n\tWrite a python function to find the product of the array multiplication modulo n.\n\t\"\"\"\n    prod = 1\n    for i in arr:\n        prod = (prod * i) % n\n    return prod\n\ndef check(candidate):\n    assert candidate([100, 10, 5, 25, 35, 14], 11) == 9\n    assert candidate([1, 1, 1], 1) == 0\n    assert candidate([1, 2, 1], 2) == 0\n\ndef test_check():\n    check(find_remainder)\n\ntest_check()\n",
      "timestamp": 1665510242,
      "stdout": "",
      "stderr": "",
      "exit_code": 0,
      "status": "OK"
    },
    {
      "program": "from typing import List\n\ndef find_remainder(arr: List[int], n: int) -> int:\n    \"\"\"\n\tWrite a python function to find the product of the array multiplication modulo n.\n\t\"\"\"\n    return functools.reduce(lambda x, y: x * y, arr) % n\n\n\ndef check(candidate):\n    assert candidate([100, 10, 5, 25, 35, 14], 11) == 9\n    assert candidate([1, 1, 1], 1) == 0\n    assert candidate([1, 2, 1], 2) == 0\n\ndef test_check():\n    check(find_remainder)\n\ntest_check()\n",
      "timestamp": 1666122755,
      "stdout": "",
      "stderr": "Traceback (most recent call last):\n  File \"/tmp/tmpsj7aj6jt.py\", line 18, in <module>\n    test_check()\n  File \"/tmp/tmpsj7aj6jt.py\", line 16, in test_check\n    check(find_remainder)\n  File \"/tmp/tmpsj7aj6jt.py\", line 11, in check\n    assert candidate([100, 10, 5, 25, 35, 14], 11) == 9\n  File \"/tmp/tmpsj7aj6jt.py\", line 7, in find_remainder\n    return functools.reduce(lambda x, y: x * y, arr) % n\nNameError: name 'functools' is not defined\n",
      "exit_code": 1,
      "status": "Exception"
    },
    {
      "program": "from typing import List\n\ndef find_remainder(arr: List[int], n: int) -> int:\n    \"\"\"\n\tWrite a python function to find the product of the array multiplication modulo n.\n\t\"\"\"\n    product = 1\n    for i in arr:\n        product = (product * i) % n\n    return product\n\ndef check(candidate):\n    assert candidate([100, 10, 5, 25, 35, 14], 11) == 9\n    assert candidate([1, 1, 1], 1) == 0\n    assert candidate([1, 2, 1], 2) == 0\n\ndef test_check():\n    check(find_remainder)\n\ntest_check()\n",
      "timestamp": 1665510242,
      "stdout": "",
      "stderr": "",
      "exit_code": 0,
      "status": "OK"
    },
    {
      "program": "from typing import List\n\ndef find_remainder(arr: List[int], n: int) -> int:\n    \"\"\"\n\tWrite a python function to find the product of the array multiplication modulo n.\n\t\"\"\"\n    product = 1\n    for i in arr:\n        product *= i\n    return product % n\ndef check(candidate):\n    assert candidate([100, 10, 5, 25, 35, 14], 11) == 9\n    assert candidate([1, 1, 1], 1) == 0\n    assert candidate([1, 2, 1], 2) == 0\n\ndef test_check():\n    check(find_remainder)\n\ntest_check()\n",
      "timestamp": 1666122754,
      "stdout": "",
      "stderr": "",
      "exit_code": 0,
      "status": "OK"
    },
    {
      "program": "from typing import List\n\ndef find_remainder(arr: List[int], n: int) -> int:\n    \"\"\"\n\tWrite a python function to find the product of the array multiplication modulo n.\n\t\"\"\"\n    return reduce(lambda x, y: x * y, arr) % n\n\ndef check(candidate):\n    assert candidate([100, 10, 5, 25, 35, 14], 11) == 9\n    assert candidate([1, 1, 1], 1) == 0\n    assert candidate([1, 2, 1], 2) == 0\n\ndef test_check():\n    check(find_remainder)\n\ntest_check()\n",
      "timestamp": 1665510242,
      "stdout": "",
      "stderr": "Traceback (most recent call last):\n  File \"/tmp/tmpt58o8jwr.py\", line 17, in <module>\n    test_check()\n  File \"/tmp/tmpt58o8jwr.py\", line 15, in test_check\n    check(find_remainder)\n  File \"/tmp/tmpt58o8jwr.py\", line 10, in check\n    assert candidate([100, 10, 5, 25, 35, 14], 11) == 9\n  File \"/tmp/tmpt58o8jwr.py\", line 7, in find_remainder\n    return reduce(lambda x, y: x * y, arr) % n\nNameError: name 'reduce' is not defined\n",
      "exit_code": 1,
      "status": "Exception"
    },
    {
      "program": "from typing import List\n\ndef find_remainder(arr: List[int], n: int) -> int:\n    \"\"\"\n\tWrite a python function to find the product of the array multiplication modulo n.\n\t\"\"\"\n    return reduce(lambda x, y: (x * y) % n, arr)\n\ndef check(candidate):\n    assert candidate([100, 10, 5, 25, 35, 14], 11) == 9\n    assert candidate([1, 1, 1], 1) == 0\n    assert candidate([1, 2, 1], 2) == 0\n\ndef test_check():\n    check(find_remainder)\n\ntest_check()\n",
      "timestamp": 1665510242,
      "stdout": "",
      "stderr": "Traceback (most recent call last):\n  File \"/tmp/tmpxi5wient.py\", line 17, in <module>\n    test_check()\n  File \"/tmp/tmpxi5wient.py\", line 15, in test_check\n    check(find_remainder)\n  File \"/tmp/tmpxi5wient.py\", line 10, in check\n    assert candidate([100, 10, 5, 25, 35, 14], 11) == 9\n  File \"/tmp/tmpxi5wient.py\", line 7, in find_remainder\n    return reduce(lambda x, y: (x * y) % n, arr)\nNameError: name 'reduce' is not defined\n",
      "exit_code": 1,
      "status": "Exception"
    },
    {
      "program": "from typing import List\n\ndef find_remainder(arr: List[int], n: int) -> int:\n    \"\"\"\n\tWrite a python function to find the product of the array multiplication modulo n.\n\t\"\"\"\n    return reduce(lambda x, y: x * y, arr) % n\n\ndef check(candidate):\n    assert candidate([100, 10, 5, 25, 35, 14], 11) == 9\n    assert candidate([1, 1, 1], 1) == 0\n    assert candidate([1, 2, 1], 2) == 0\n\ndef test_check():\n    check(find_remainder)\n\ntest_check()\n",
      "timestamp": 1665510242,
      "stdout": "",
      "stderr": "Traceback (most recent call last):\n  File \"/tmp/tmpt58o8jwr.py\", line 17, in <module>\n    test_check()\n  File \"/tmp/tmpt58o8jwr.py\", line 15, in test_check\n    check(find_remainder)\n  File \"/tmp/tmpt58o8jwr.py\", line 10, in check\n    assert candidate([100, 10, 5, 25, 35, 14], 11) == 9\n  File \"/tmp/tmpt58o8jwr.py\", line 7, in find_remainder\n    return reduce(lambda x, y: x * y, arr) % n\nNameError: name 'reduce' is not defined\n",
      "exit_code": 1,
      "status": "Exception"
    },
    {
      "program": "from typing import List\n\ndef find_remainder(arr: List[int], n: int) -> int:\n    \"\"\"\n\tWrite a python function to find the product of the array multiplication modulo n.\n\t\"\"\"\n    product = 1\n    for i in arr:\n        product *= i\n    return product % n\n\ndef check(candidate):\n    assert candidate([100, 10, 5, 25, 35, 14], 11) == 9\n    assert candidate([1, 1, 1], 1) == 0\n    assert candidate([1, 2, 1], 2) == 0\n\ndef test_check():\n    check(find_remainder)\n\ntest_check()\n",
      "timestamp": 1665510242,
      "stdout": "",
      "stderr": "",
      "exit_code": 0,
      "status": "OK"
    },
    {
      "program": "from typing import List\n\ndef find_remainder(arr: List[int], n: int) -> int:\n    \"\"\"\n\tWrite a python function to find the product of the array multiplication modulo n.\n\t\"\"\"\n    return reduce(lambda x, y: x * y, arr) % n\n\ndef check(candidate):\n    assert candidate([100, 10, 5, 25, 35, 14], 11) == 9\n    assert candidate([1, 1, 1], 1) == 0\n    assert candidate([1, 2, 1], 2) == 0\n\ndef test_check():\n    check(find_remainder)\n\ntest_check()\n",
      "timestamp": 1665510242,
      "stdout": "",
      "stderr": "Traceback (most recent call last):\n  File \"/tmp/tmpt58o8jwr.py\", line 17, in <module>\n    test_check()\n  File \"/tmp/tmpt58o8jwr.py\", line 15, in test_check\n    check(find_remainder)\n  File \"/tmp/tmpt58o8jwr.py\", line 10, in check\n    assert candidate([100, 10, 5, 25, 35, 14], 11) == 9\n  File \"/tmp/tmpt58o8jwr.py\", line 7, in find_remainder\n    return reduce(lambda x, y: x * y, arr) % n\nNameError: name 'reduce' is not defined\n",
      "exit_code": 1,
      "status": "Exception"
    },
    {
      "program": "from typing import List\n\ndef find_remainder(arr: List[int], n: int) -> int:\n    \"\"\"\n\tWrite a python function to find the product of the array multiplication modulo n.\n\t\"\"\"\n    product = 1\n    for i in arr:\n        product *= i\n    return product % n\n\ndef check(candidate):\n    assert candidate([100, 10, 5, 25, 35, 14], 11) == 9\n    assert candidate([1, 1, 1], 1) == 0\n    assert candidate([1, 2, 1], 2) == 0\n\ndef test_check():\n    check(find_remainder)\n\ntest_check()\n",
      "timestamp": 1665510242,
      "stdout": "",
      "stderr": "",
      "exit_code": 0,
      "status": "OK"
    },
    {
      "program": "from typing import List\n\ndef find_remainder(arr: List[int], n: int) -> int:\n    \"\"\"\n\tWrite a python function to find the product of the array multiplication modulo n.\n\t\"\"\"\n    product = 1\n    for i in arr:\n        product *= i\n    return product % n\n\ndef check(candidate):\n    assert candidate([100, 10, 5, 25, 35, 14], 11) == 9\n    assert candidate([1, 1, 1], 1) == 0\n    assert candidate([1, 2, 1], 2) == 0\n\ndef test_check():\n    check(find_remainder)\n\ntest_check()\n",
      "timestamp": 1665510242,
      "stdout": "",
      "stderr": "",
      "exit_code": 0,
      "status": "OK"
    },
    {
      "program": "from typing import List\n\ndef find_remainder(arr: List[int], n: int) -> int:\n    \"\"\"\n\tWrite a python function to find the product of the array multiplication modulo n.\n\t\"\"\"\n    product = 1\n    for i in arr:\n        product *= i\n    return product % n\ndef check(candidate):\n    assert candidate([100, 10, 5, 25, 35, 14], 11) == 9\n    assert candidate([1, 1, 1], 1) == 0\n    assert candidate([1, 2, 1], 2) == 0\n\ndef test_check():\n    check(find_remainder)\n\ntest_check()\n",
      "timestamp": 1666122754,
      "stdout": "",
      "stderr": "",
      "exit_code": 0,
      "status": "OK"
    },
    {
      "program": "from typing import List\n\ndef find_remainder(arr: List[int], n: int) -> int:\n    \"\"\"\n\tWrite a python function to find the product of the array multiplication modulo n.\n\t\"\"\"\n    return reduce(lambda x, y: x * y % n, arr)\ndef check(candidate):\n    assert candidate([100, 10, 5, 25, 35, 14], 11) == 9\n    assert candidate([1, 1, 1], 1) == 0\n    assert candidate([1, 2, 1], 2) == 0\n\ndef test_check():\n    check(find_remainder)\n\ntest_check()\n",
      "timestamp": 1665510242,
      "stdout": "",
      "stderr": "Traceback (most recent call last):\n  File \"/tmp/tmpoto2ut5r.py\", line 16, in <module>\n    test_check()\n  File \"/tmp/tmpoto2ut5r.py\", line 14, in test_check\n    check(find_remainder)\n  File \"/tmp/tmpoto2ut5r.py\", line 9, in check\n    assert candidate([100, 10, 5, 25, 35, 14], 11) == 9\n  File \"/tmp/tmpoto2ut5r.py\", line 7, in find_remainder\n    return reduce(lambda x, y: x * y % n, arr)\nNameError: name 'reduce' is not defined\n",
      "exit_code": 1,
      "status": "Exception"
    },
    {
      "program": "from typing import List\n\ndef find_remainder(arr: List[int], n: int) -> int:\n    \"\"\"\n\tWrite a python function to find the product of the array multiplication modulo n.\n\t\"\"\"\n    product = 1\n    for i in arr:\n        product = (product * i) % n\n    return product\n\ndef check(candidate):\n    assert candidate([100, 10, 5, 25, 35, 14], 11) == 9\n    assert candidate([1, 1, 1], 1) == 0\n    assert candidate([1, 2, 1], 2) == 0\n\ndef test_check():\n    check(find_remainder)\n\ntest_check()\n",
      "timestamp": 1665510242,
      "stdout": "",
      "stderr": "",
      "exit_code": 0,
      "status": "OK"
    },
    {
      "program": "from typing import List\n\ndef find_remainder(arr: List[int], n: int) -> int:\n    \"\"\"\n\tWrite a python function to find the product of the array multiplication modulo n.\n\t\"\"\"\n    product = 1\n    for i in arr:\n        product *= i\n    return product % n\n\ndef check(candidate):\n    assert candidate([100, 10, 5, 25, 35, 14], 11) == 9\n    assert candidate([1, 1, 1], 1) == 0\n    assert candidate([1, 2, 1], 2) == 0\n\ndef test_check():\n    check(find_remainder)\n\ntest_check()\n",
      "timestamp": 1665510242,
      "stdout": "",
      "stderr": "",
      "exit_code": 0,
      "status": "OK"
    },
    {
      "program": "from typing import List\n\ndef find_remainder(arr: List[int], n: int) -> int:\n    \"\"\"\n\tWrite a python function to find the product of the array multiplication modulo n.\n\t\"\"\"\n    return reduce(lambda x, y: x * y, arr) % n\n\ndef check(candidate):\n    assert candidate([100, 10, 5, 25, 35, 14], 11) == 9\n    assert candidate([1, 1, 1], 1) == 0\n    assert candidate([1, 2, 1], 2) == 0\n\ndef test_check():\n    check(find_remainder)\n\ntest_check()\n",
      "timestamp": 1665510242,
      "stdout": "",
      "stderr": "Traceback (most recent call last):\n  File \"/tmp/tmpt58o8jwr.py\", line 17, in <module>\n    test_check()\n  File \"/tmp/tmpt58o8jwr.py\", line 15, in test_check\n    check(find_remainder)\n  File \"/tmp/tmpt58o8jwr.py\", line 10, in check\n    assert candidate([100, 10, 5, 25, 35, 14], 11) == 9\n  File \"/tmp/tmpt58o8jwr.py\", line 7, in find_remainder\n    return reduce(lambda x, y: x * y, arr) % n\nNameError: name 'reduce' is not defined\n",
      "exit_code": 1,
      "status": "Exception"
    },
    {
      "program": "from typing import List\n\ndef find_remainder(arr: List[int], n: int) -> int:\n    \"\"\"\n\tWrite a python function to find the product of the array multiplication modulo n.\n\t\"\"\"\n    product = 1\n    for i in arr:\n        product *= i\n    return product % n\n\ndef check(candidate):\n    assert candidate([100, 10, 5, 25, 35, 14], 11) == 9\n    assert candidate([1, 1, 1], 1) == 0\n    assert candidate([1, 2, 1], 2) == 0\n\ndef test_check():\n    check(find_remainder)\n\ntest_check()\n",
      "timestamp": 1665510242,
      "stdout": "",
      "stderr": "",
      "exit_code": 0,
      "status": "OK"
    },
    {
      "program": "from typing import List\n\ndef find_remainder(arr: List[int], n: int) -> int:\n    \"\"\"\n\tWrite a python function to find the product of the array multiplication modulo n.\n\t\"\"\"\n    product = 1\n    for i in arr:\n        product *= i\n    return product % n\ndef check(candidate):\n    assert candidate([100, 10, 5, 25, 35, 14], 11) == 9\n    assert candidate([1, 1, 1], 1) == 0\n    assert candidate([1, 2, 1], 2) == 0\n\ndef test_check():\n    check(find_remainder)\n\ntest_check()\n",
      "timestamp": 1666122754,
      "stdout": "",
      "stderr": "",
      "exit_code": 0,
      "status": "OK"
    },
    {
      "program": "from typing import List\n\ndef find_remainder(arr: List[int], n: int) -> int:\n    \"\"\"\n\tWrite a python function to find the product of the array multiplication modulo n.\n\t\"\"\"\n    product = 1\n    for i in arr:\n        product = (product * i) % n\n    return product\n\ndef check(candidate):\n    assert candidate([100, 10, 5, 25, 35, 14], 11) == 9\n    assert candidate([1, 1, 1], 1) == 0\n    assert candidate([1, 2, 1], 2) == 0\n\ndef test_check():\n    check(find_remainder)\n\ntest_check()\n",
      "timestamp": 1665510242,
      "stdout": "",
      "stderr": "",
      "exit_code": 0,
      "status": "OK"
    },
    {
      "program": "from typing import List\n\ndef find_remainder(arr: List[int], n: int) -> int:\n    \"\"\"\n\tWrite a python function to find the product of the array multiplication modulo n.\n\t\"\"\"\n    product = 1\n    for i in arr:\n        product *= i\n    return product % n\n\ndef check(candidate):\n    assert candidate([100, 10, 5, 25, 35, 14], 11) == 9\n    assert candidate([1, 1, 1], 1) == 0\n    assert candidate([1, 2, 1], 2) == 0\n\ndef test_check():\n    check(find_remainder)\n\ntest_check()\n",
      "timestamp": 1665510242,
      "stdout": "",
      "stderr": "",
      "exit_code": 0,
      "status": "OK"
    },
    {
      "program": "from typing import List\n\ndef find_remainder(arr: List[int], n: int) -> int:\n    \"\"\"\n\tWrite a python function to find the product of the array multiplication modulo n.\n\t\"\"\"\n    product = 1\n    for i in range(len(arr)):\n        product = (product * arr[i]) % n\n    return product\n\ndef check(candidate):\n    assert candidate([100, 10, 5, 25, 35, 14], 11) == 9\n    assert candidate([1, 1, 1], 1) == 0\n    assert candidate([1, 2, 1], 2) == 0\n\ndef test_check():\n    check(find_remainder)\n\ntest_check()\n",
      "timestamp": 1666122754,
      "stdout": "",
      "stderr": "",
      "exit_code": 0,
      "status": "OK"
    },
    {
      "program": "from typing import List\n\ndef find_remainder(arr: List[int], n: int) -> int:\n    \"\"\"\n\tWrite a python function to find the product of the array multiplication modulo n.\n\t\"\"\"\n    product = 1\n    for i in arr:\n        product = (product * i) % n\n    return product\n\ndef check(candidate):\n    assert candidate([100, 10, 5, 25, 35, 14], 11) == 9\n    assert candidate([1, 1, 1], 1) == 0\n    assert candidate([1, 2, 1], 2) == 0\n\ndef test_check():\n    check(find_remainder)\n\ntest_check()\n",
      "timestamp": 1665510242,
      "stdout": "",
      "stderr": "",
      "exit_code": 0,
      "status": "OK"
    },
    {
      "program": "from typing import List\n\ndef find_remainder(arr: List[int], n: int) -> int:\n    \"\"\"\n\tWrite a python function to find the product of the array multiplication modulo n.\n\t\"\"\"\n    product = 1\n    for i in arr:\n        product = product * i\n    return product % n\ndef check(candidate):\n    assert candidate([100, 10, 5, 25, 35, 14], 11) == 9\n    assert candidate([1, 1, 1], 1) == 0\n    assert candidate([1, 2, 1], 2) == 0\n\ndef test_check():\n    check(find_remainder)\n\ntest_check()\n",
      "timestamp": 1666122755,
      "stdout": "",
      "stderr": "",
      "exit_code": 0,
      "status": "OK"
    },
    {
      "program": "from typing import List\n\ndef find_remainder(arr: List[int], n: int) -> int:\n    \"\"\"\n\tWrite a python function to find the product of the array multiplication modulo n.\n\t\"\"\"\n    product = 1\n    for i in arr:\n        product = (product * i) % n\n    return product\n\nprint(find_remainder([1, 2, 3, 4, 5], 5))\ndef check(candidate):\n    assert candidate([100, 10, 5, 25, 35, 14], 11) == 9\n    assert candidate([1, 1, 1], 1) == 0\n    assert candidate([1, 2, 1], 2) == 0\n\ndef test_check():\n    check(find_remainder)\n\ntest_check()\n",
      "timestamp": 1666122755,
      "stdout": "0\n",
      "stderr": "",
      "exit_code": 0,
      "status": "OK"
    },
    {
      "program": "from typing import List\n\ndef find_remainder(arr: List[int], n: int) -> int:\n    \"\"\"\n\tWrite a python function to find the product of the array multiplication modulo n.\n\t\"\"\"\n    product = 1\n    for i in arr:\n        product = (product * i) % n\n    return product\n\ndef check(candidate):\n    assert candidate([100, 10, 5, 25, 35, 14], 11) == 9\n    assert candidate([1, 1, 1], 1) == 0\n    assert candidate([1, 2, 1], 2) == 0\n\ndef test_check():\n    check(find_remainder)\n\ntest_check()\n",
      "timestamp": 1665510242,
      "stdout": "",
      "stderr": "",
      "exit_code": 0,
      "status": "OK"
    },
    {
      "program": "from typing import List\n\ndef find_remainder(arr: List[int], n: int) -> int:\n    \"\"\"\n\tWrite a python function to find the product of the array multiplication modulo n.\n\t\"\"\"\n    product = 1\n    for i in arr:\n        product *= i\n    return product % n\n\ndef check(candidate):\n    assert candidate([100, 10, 5, 25, 35, 14], 11) == 9\n    assert candidate([1, 1, 1], 1) == 0\n    assert candidate([1, 2, 1], 2) == 0\n\ndef test_check():\n    check(find_remainder)\n\ntest_check()\n",
      "timestamp": 1665510242,
      "stdout": "",
      "stderr": "",
      "exit_code": 0,
      "status": "OK"
    },
    {
      "program": "from typing import List\n\ndef find_remainder(arr: List[int], n: int) -> int:\n    \"\"\"\n\tWrite a python function to find the product of the array multiplication modulo n.\n\t\"\"\"\n    if len(arr) == 0:\n        return 0\n    else:\n        return reduce(lambda x, y: (x * y) % n, arr)\n\ndef check(candidate):\n    assert candidate([100, 10, 5, 25, 35, 14], 11) == 9\n    assert candidate([1, 1, 1], 1) == 0\n    assert candidate([1, 2, 1], 2) == 0\n\ndef test_check():\n    check(find_remainder)\n\ntest_check()\n",
      "timestamp": 1666122755,
      "stdout": "",
      "stderr": "Traceback (most recent call last):\n  File \"/tmp/tmph3_bqn79.py\", line 20, in <module>\n    test_check()\n  File \"/tmp/tmph3_bqn79.py\", line 18, in test_check\n    check(find_remainder)\n  File \"/tmp/tmph3_bqn79.py\", line 13, in check\n    assert candidate([100, 10, 5, 25, 35, 14], 11) == 9\n  File \"/tmp/tmph3_bqn79.py\", line 10, in find_remainder\n    return reduce(lambda x, y: (x * y) % n, arr)\nNameError: name 'reduce' is not defined\n",
      "exit_code": 1,
      "status": "Exception"
    },
    {
      "program": "from typing import List\n\ndef find_remainder(arr: List[int], n: int) -> int:\n    \"\"\"\n\tWrite a python function to find the product of the array multiplication modulo n.\n\t\"\"\"\n    return reduce(lambda x, y: (x * y) % n, arr)\n\ndef check(candidate):\n    assert candidate([100, 10, 5, 25, 35, 14], 11) == 9\n    assert candidate([1, 1, 1], 1) == 0\n    assert candidate([1, 2, 1], 2) == 0\n\ndef test_check():\n    check(find_remainder)\n\ntest_check()\n",
      "timestamp": 1665510242,
      "stdout": "",
      "stderr": "Traceback (most recent call last):\n  File \"/tmp/tmpxi5wient.py\", line 17, in <module>\n    test_check()\n  File \"/tmp/tmpxi5wient.py\", line 15, in test_check\n    check(find_remainder)\n  File \"/tmp/tmpxi5wient.py\", line 10, in check\n    assert candidate([100, 10, 5, 25, 35, 14], 11) == 9\n  File \"/tmp/tmpxi5wient.py\", line 7, in find_remainder\n    return reduce(lambda x, y: (x * y) % n, arr)\nNameError: name 'reduce' is not defined\n",
      "exit_code": 1,
      "status": "Exception"
    },
    {
      "program": "from typing import List\n\ndef find_remainder(arr: List[int], n: int) -> int:\n    \"\"\"\n\tWrite a python function to find the product of the array multiplication modulo n.\n\t\"\"\"\n    return reduce(lambda x, y: (x * y) % n, arr)\n\ndef check(candidate):\n    assert candidate([100, 10, 5, 25, 35, 14], 11) == 9\n    assert candidate([1, 1, 1], 1) == 0\n    assert candidate([1, 2, 1], 2) == 0\n\ndef test_check():\n    check(find_remainder)\n\ntest_check()\n",
      "timestamp": 1665510242,
      "stdout": "",
      "stderr": "Traceback (most recent call last):\n  File \"/tmp/tmpxi5wient.py\", line 17, in <module>\n    test_check()\n  File \"/tmp/tmpxi5wient.py\", line 15, in test_check\n    check(find_remainder)\n  File \"/tmp/tmpxi5wient.py\", line 10, in check\n    assert candidate([100, 10, 5, 25, 35, 14], 11) == 9\n  File \"/tmp/tmpxi5wient.py\", line 7, in find_remainder\n    return reduce(lambda x, y: (x * y) % n, arr)\nNameError: name 'reduce' is not defined\n",
      "exit_code": 1,
      "status": "Exception"
    },
    {
      "program": "from typing import List\n\ndef find_remainder(arr: List[int], n: int) -> int:\n    \"\"\"\n\tWrite a python function to find the product of the array multiplication modulo n.\n\t\"\"\"\n    prod = 1\n    for i in arr:\n        prod *= i\n    return prod % n\n\ndef check(candidate):\n    assert candidate([100, 10, 5, 25, 35, 14], 11) == 9\n    assert candidate([1, 1, 1], 1) == 0\n    assert candidate([1, 2, 1], 2) == 0\n\ndef test_check():\n    check(find_remainder)\n\ntest_check()\n",
      "timestamp": 1665510242,
      "stdout": "",
      "stderr": "",
      "exit_code": 0,
      "status": "OK"
    },
    {
      "program": "from typing import List\n\ndef find_remainder(arr: List[int], n: int) -> int:\n    \"\"\"\n\tWrite a python function to find the product of the array multiplication modulo n.\n\t\"\"\"\n    return reduce(lambda x, y: x * y % n, arr)\n\ndef check(candidate):\n    assert candidate([100, 10, 5, 25, 35, 14], 11) == 9\n    assert candidate([1, 1, 1], 1) == 0\n    assert candidate([1, 2, 1], 2) == 0\n\ndef test_check():\n    check(find_remainder)\n\ntest_check()\n",
      "timestamp": 1665510242,
      "stdout": "",
      "stderr": "Traceback (most recent call last):\n  File \"/tmp/tmpwetyzqbd.py\", line 17, in <module>\n    test_check()\n  File \"/tmp/tmpwetyzqbd.py\", line 15, in test_check\n    check(find_remainder)\n  File \"/tmp/tmpwetyzqbd.py\", line 10, in check\n    assert candidate([100, 10, 5, 25, 35, 14], 11) == 9\n  File \"/tmp/tmpwetyzqbd.py\", line 7, in find_remainder\n    return reduce(lambda x, y: x * y % n, arr)\nNameError: name 'reduce' is not defined\n",
      "exit_code": 1,
      "status": "Exception"
    },
    {
      "program": "from typing import List\n\ndef find_remainder(arr: List[int], n: int) -> int:\n    \"\"\"\n\tWrite a python function to find the product of the array multiplication modulo n.\n\t\"\"\"\n    return reduce(lambda x, y: x * y, arr) % n\n\ndef check(candidate):\n    assert candidate([100, 10, 5, 25, 35, 14], 11) == 9\n    assert candidate([1, 1, 1], 1) == 0\n    assert candidate([1, 2, 1], 2) == 0\n\ndef test_check():\n    check(find_remainder)\n\ntest_check()\n",
      "timestamp": 1665510242,
      "stdout": "",
      "stderr": "Traceback (most recent call last):\n  File \"/tmp/tmpt58o8jwr.py\", line 17, in <module>\n    test_check()\n  File \"/tmp/tmpt58o8jwr.py\", line 15, in test_check\n    check(find_remainder)\n  File \"/tmp/tmpt58o8jwr.py\", line 10, in check\n    assert candidate([100, 10, 5, 25, 35, 14], 11) == 9\n  File \"/tmp/tmpt58o8jwr.py\", line 7, in find_remainder\n    return reduce(lambda x, y: x * y, arr) % n\nNameError: name 'reduce' is not defined\n",
      "exit_code": 1,
      "status": "Exception"
    },
    {
      "program": "from typing import List\n\ndef find_remainder(arr: List[int], n: int) -> int:\n    \"\"\"\n\tWrite a python function to find the product of the array multiplication modulo n.\n\t\"\"\"\n    product = 1\n    for i in arr:\n        product = (product * i) % n\n    return product\n\ndef check(candidate):\n    assert candidate([100, 10, 5, 25, 35, 14], 11) == 9\n    assert candidate([1, 1, 1], 1) == 0\n    assert candidate([1, 2, 1], 2) == 0\n\ndef test_check():\n    check(find_remainder)\n\ntest_check()\n",
      "timestamp": 1665510242,
      "stdout": "",
      "stderr": "",
      "exit_code": 0,
      "status": "OK"
    },
    {
      "program": "from typing import List\n\ndef find_remainder(arr: List[int], n: int) -> int:\n    \"\"\"\n\tWrite a python function to find the product of the array multiplication modulo n.\n\t\"\"\"\n    return reduce(lambda x, y: x * y % n, arr)\n\ndef check(candidate):\n    assert candidate([100, 10, 5, 25, 35, 14], 11) == 9\n    assert candidate([1, 1, 1], 1) == 0\n    assert candidate([1, 2, 1], 2) == 0\n\ndef test_check():\n    check(find_remainder)\n\ntest_check()\n",
      "timestamp": 1665510242,
      "stdout": "",
      "stderr": "Traceback (most recent call last):\n  File \"/tmp/tmpwetyzqbd.py\", line 17, in <module>\n    test_check()\n  File \"/tmp/tmpwetyzqbd.py\", line 15, in test_check\n    check(find_remainder)\n  File \"/tmp/tmpwetyzqbd.py\", line 10, in check\n    assert candidate([100, 10, 5, 25, 35, 14], 11) == 9\n  File \"/tmp/tmpwetyzqbd.py\", line 7, in find_remainder\n    return reduce(lambda x, y: x * y % n, arr)\nNameError: name 'reduce' is not defined\n",
      "exit_code": 1,
      "status": "Exception"
    },
    {
      "program": "from typing import List\n\ndef find_remainder(arr: List[int], n: int) -> int:\n    \"\"\"\n\tWrite a python function to find the product of the array multiplication modulo n.\n\t\"\"\"\n    return reduce(lambda x, y: x * y, arr) % n\n\ndef check(candidate):\n    assert candidate([100, 10, 5, 25, 35, 14], 11) == 9\n    assert candidate([1, 1, 1], 1) == 0\n    assert candidate([1, 2, 1], 2) == 0\n\ndef test_check():\n    check(find_remainder)\n\ntest_check()\n",
      "timestamp": 1665510242,
      "stdout": "",
      "stderr": "Traceback (most recent call last):\n  File \"/tmp/tmpt58o8jwr.py\", line 17, in <module>\n    test_check()\n  File \"/tmp/tmpt58o8jwr.py\", line 15, in test_check\n    check(find_remainder)\n  File \"/tmp/tmpt58o8jwr.py\", line 10, in check\n    assert candidate([100, 10, 5, 25, 35, 14], 11) == 9\n  File \"/tmp/tmpt58o8jwr.py\", line 7, in find_remainder\n    return reduce(lambda x, y: x * y, arr) % n\nNameError: name 'reduce' is not defined\n",
      "exit_code": 1,
      "status": "Exception"
    },
    {
      "program": "from typing import List\n\ndef find_remainder(arr: List[int], n: int) -> int:\n    \"\"\"\n\tWrite a python function to find the product of the array multiplication modulo n.\n\t\"\"\"\n    return reduce(lambda x, y: x * y, arr) % n\n\ndef check(candidate):\n    assert candidate([100, 10, 5, 25, 35, 14], 11) == 9\n    assert candidate([1, 1, 1], 1) == 0\n    assert candidate([1, 2, 1], 2) == 0\n\ndef test_check():\n    check(find_remainder)\n\ntest_check()\n",
      "timestamp": 1665510242,
      "stdout": "",
      "stderr": "Traceback (most recent call last):\n  File \"/tmp/tmpt58o8jwr.py\", line 17, in <module>\n    test_check()\n  File \"/tmp/tmpt58o8jwr.py\", line 15, in test_check\n    check(find_remainder)\n  File \"/tmp/tmpt58o8jwr.py\", line 10, in check\n    assert candidate([100, 10, 5, 25, 35, 14], 11) == 9\n  File \"/tmp/tmpt58o8jwr.py\", line 7, in find_remainder\n    return reduce(lambda x, y: x * y, arr) % n\nNameError: name 'reduce' is not defined\n",
      "exit_code": 1,
      "status": "Exception"
    },
    {
      "program": "from typing import List\n\ndef find_remainder(arr: List[int], n: int) -> int:\n    \"\"\"\n\tWrite a python function to find the product of the array multiplication modulo n.\n\t\"\"\"\n    return reduce(lambda x, y: (x * y) % n, arr)\n\n\ndef check(candidate):\n    assert candidate([100, 10, 5, 25, 35, 14], 11) == 9\n    assert candidate([1, 1, 1], 1) == 0\n    assert candidate([1, 2, 1], 2) == 0\n\ndef test_check():\n    check(find_remainder)\n\ntest_check()\n",
      "timestamp": 1665510242,
      "stdout": "",
      "stderr": "Traceback (most recent call last):\n  File \"/tmp/tmp8zczxb4h.py\", line 18, in <module>\n    test_check()\n  File \"/tmp/tmp8zczxb4h.py\", line 16, in test_check\n    check(find_remainder)\n  File \"/tmp/tmp8zczxb4h.py\", line 11, in check\n    assert candidate([100, 10, 5, 25, 35, 14], 11) == 9\n  File \"/tmp/tmp8zczxb4h.py\", line 7, in find_remainder\n    return reduce(lambda x, y: (x * y) % n, arr)\nNameError: name 'reduce' is not defined\n",
      "exit_code": 1,
      "status": "Exception"
    }
  ]
}