{
  "name": "mbpp_454_text_match_wordz",
  "language": "js",
  "prompt": "//Write a function that matches a word containing 'z'.\nfunction text_match_wordz(text){\n",
  "doctests": "keep",
  "original": "/home/arjun/repos/MultiPL-E/datasets/../datasets/mbpp-typed/mbpp_454_text_match_wordz.py",
  "prompt_terminology": "verbatim",
  "tests": "const assert = require('node:assert');\n\n\nfunction test() {\n  let candidate = text_match_wordz;\n  assert.deepEqual(candidate(\"pythonz.\"),true);\n  assert.deepEqual(candidate(\"xyz.\"),true);\n  assert.deepEqual(candidate(\"  lang  .\"),false);\n}\n\ntest();",
  "stop_tokens": [
    "\nfunction ",
    "\n/*",
    "\n//",
    "\nconsole.log"
  ],
  "results": [
    {
      "program": "//Write a function that matches a word containing 'z'.\nfunction text_match_wordz(text){\n    let regex = /\\w*z\\w*/g;\n    let result = text.match(regex);\n    return result;\n}\nconst assert = require('node:assert');\n\n\nfunction test() {\n  let candidate = text_match_wordz;\n  assert.deepEqual(candidate(\"pythonz.\"),true);\n  assert.deepEqual(candidate(\"xyz.\"),true);\n  assert.deepEqual(candidate(\"  lang  .\"),false);\n}\n\ntest();",
      "timestamp": 1665510608,
      "stdout": "",
      "stderr": "node:assert:124\n  throw new AssertionError(obj);\n  ^\n\nAssertionError [ERR_ASSERTION]: Expected values to be loosely deep-equal:\n\n[\n  'pythonz'\n]\n\nshould loosely deep-equal\n\ntrue\n    at test (/tmp/tmpauhxm3l3.js:12:10)\n    at Object.<anonymous> (/tmp/tmpauhxm3l3.js:17:1)\n    at Module._compile (node:internal/modules/cjs/loader:1120:14)\n    at Module._extensions..js (node:internal/modules/cjs/loader:1174:10)\n    at Module.load (node:internal/modules/cjs/loader:998:32)\n    at Module._load (node:internal/modules/cjs/loader:839:12)\n    at Function.executeUserEntryPoint [as runMain] (node:internal/modules/run_main:81:12)\n    at node:internal/main/run_main_module:17:47 {\n  generatedMessage: true,\n  code: 'ERR_ASSERTION',\n  actual: [ 'pythonz' ],\n  expected: true,\n  operator: 'deepEqual'\n}\n\nNode.js v18.7.0\n",
      "exit_code": 1,
      "status": "AssertionError"
    },
    {
      "program": "//Write a function that matches a word containing 'z'.\nfunction text_match_wordz(text){\n    let regex = /\\w*z\\w*/;\n    return regex.test(text);\n}\nconst assert = require('node:assert');\n\n\nfunction test() {\n  let candidate = text_match_wordz;\n  assert.deepEqual(candidate(\"pythonz.\"),true);\n  assert.deepEqual(candidate(\"xyz.\"),true);\n  assert.deepEqual(candidate(\"  lang  .\"),false);\n}\n\ntest();",
      "timestamp": 1665510608,
      "stdout": "",
      "stderr": "",
      "exit_code": 0,
      "status": "OK"
    },
    {
      "program": "//Write a function that matches a word containing 'z'.\nfunction text_match_wordz(text){\n    let regex = /\\w*z\\w*/;\n    return text.match(regex);\n}\nconst assert = require('node:assert');\n\n\nfunction test() {\n  let candidate = text_match_wordz;\n  assert.deepEqual(candidate(\"pythonz.\"),true);\n  assert.deepEqual(candidate(\"xyz.\"),true);\n  assert.deepEqual(candidate(\"  lang  .\"),false);\n}\n\ntest();",
      "timestamp": 1665510608,
      "stdout": "",
      "stderr": "node:assert:124\n  throw new AssertionError(obj);\n  ^\n\nAssertionError [ERR_ASSERTION]: Expected values to be loosely deep-equal:\n\n[\n  'pythonz',\n  groups: undefined,\n  index: 0,\n  input: 'pythonz.'\n]\n\nshould loosely deep-equal\n\ntrue\n    at test (/tmp/tmppushac2z.js:11:10)\n    at Object.<anonymous> (/tmp/tmppushac2z.js:16:1)\n    at Module._compile (node:internal/modules/cjs/loader:1120:14)\n    at Module._extensions..js (node:internal/modules/cjs/loader:1174:10)\n    at Module.load (node:internal/modules/cjs/loader:998:32)\n    at Module._load (node:internal/modules/cjs/loader:839:12)\n    at Function.executeUserEntryPoint [as runMain] (node:internal/modules/run_main:81:12)\n    at node:internal/main/run_main_module:17:47 {\n  generatedMessage: true,\n  code: 'ERR_ASSERTION',\n  actual: [ 'pythonz', index: 0, input: 'pythonz.', groups: undefined ],\n  expected: true,\n  operator: 'deepEqual'\n}\n\nNode.js v18.7.0\n",
      "exit_code": 1,
      "status": "AssertionError"
    },
    {
      "program": "//Write a function that matches a word containing 'z'.\nfunction text_match_wordz(text){\n    let regex = /\\w*z\\w*/;\n    return regex.test(text);\n}\n\nconst assert = require('node:assert');\n\n\nfunction test() {\n  let candidate = text_match_wordz;\n  assert.deepEqual(candidate(\"pythonz.\"),true);\n  assert.deepEqual(candidate(\"xyz.\"),true);\n  assert.deepEqual(candidate(\"  lang  .\"),false);\n}\n\ntest();",
      "timestamp": 1665510608,
      "stdout": "",
      "stderr": "",
      "exit_code": 0,
      "status": "OK"
    },
    {
      "program": "//Write a function that matches a word containing 'z'.\nfunction text_match_wordz(text){\n    let regex = /\\bz\\w+/g;\n    console.log(text.match(regex));\n}\n\nconst assert = require('node:assert');\n\n\nfunction test() {\n  let candidate = text_match_wordz;\n  assert.deepEqual(candidate(\"pythonz.\"),true);\n  assert.deepEqual(candidate(\"xyz.\"),true);\n  assert.deepEqual(candidate(\"  lang  .\"),false);\n}\n\ntest();",
      "timestamp": 1665510608,
      "stdout": "null\n",
      "stderr": "node:assert:124\n  throw new AssertionError(obj);\n  ^\n\nAssertionError [ERR_ASSERTION]: Expected values to be loosely deep-equal:\n\nundefined\n\nshould loosely deep-equal\n\ntrue\n    at test (/tmp/tmprp0mfwhh.js:12:10)\n    at Object.<anonymous> (/tmp/tmprp0mfwhh.js:17:1)\n    at Module._compile (node:internal/modules/cjs/loader:1120:14)\n    at Module._extensions..js (node:internal/modules/cjs/loader:1174:10)\n    at Module.load (node:internal/modules/cjs/loader:998:32)\n    at Module._load (node:internal/modules/cjs/loader:839:12)\n    at Function.executeUserEntryPoint [as runMain] (node:internal/modules/run_main:81:12)\n    at node:internal/main/run_main_module:17:47 {\n  generatedMessage: true,\n  code: 'ERR_ASSERTION',\n  actual: undefined,\n  expected: true,\n  operator: 'deepEqual'\n}\n\nNode.js v18.7.0\n",
      "exit_code": 1,
      "status": "AssertionError"
    },
    {
      "program": "//Write a function that matches a word containing 'z'.\nfunction text_match_wordz(text){\n    let regex = /\\w*z\\w*/;\n    return text.match(regex);\n}\n\nconst assert = require('node:assert');\n\n\nfunction test() {\n  let candidate = text_match_wordz;\n  assert.deepEqual(candidate(\"pythonz.\"),true);\n  assert.deepEqual(candidate(\"xyz.\"),true);\n  assert.deepEqual(candidate(\"  lang  .\"),false);\n}\n\ntest();",
      "timestamp": 1665510608,
      "stdout": "",
      "stderr": "node:assert:124\n  throw new AssertionError(obj);\n  ^\n\nAssertionError [ERR_ASSERTION]: Expected values to be loosely deep-equal:\n\n[\n  'pythonz',\n  groups: undefined,\n  index: 0,\n  input: 'pythonz.'\n]\n\nshould loosely deep-equal\n\ntrue\n    at test (/tmp/tmp86bc3hwg.js:12:10)\n    at Object.<anonymous> (/tmp/tmp86bc3hwg.js:17:1)\n    at Module._compile (node:internal/modules/cjs/loader:1120:14)\n    at Module._extensions..js (node:internal/modules/cjs/loader:1174:10)\n    at Module.load (node:internal/modules/cjs/loader:998:32)\n    at Module._load (node:internal/modules/cjs/loader:839:12)\n    at Function.executeUserEntryPoint [as runMain] (node:internal/modules/run_main:81:12)\n    at node:internal/main/run_main_module:17:47 {\n  generatedMessage: true,\n  code: 'ERR_ASSERTION',\n  actual: [ 'pythonz', index: 0, input: 'pythonz.', groups: undefined ],\n  expected: true,\n  operator: 'deepEqual'\n}\n\nNode.js v18.7.0\n",
      "exit_code": 1,
      "status": "AssertionError"
    },
    {
      "program": "//Write a function that matches a word containing 'z'.\nfunction text_match_wordz(text){\n    let regex = /\\w*z\\w*/;\n    return text.match(regex);\n}\n\nconst assert = require('node:assert');\n\n\nfunction test() {\n  let candidate = text_match_wordz;\n  assert.deepEqual(candidate(\"pythonz.\"),true);\n  assert.deepEqual(candidate(\"xyz.\"),true);\n  assert.deepEqual(candidate(\"  lang  .\"),false);\n}\n\ntest();",
      "timestamp": 1665510608,
      "stdout": "",
      "stderr": "node:assert:124\n  throw new AssertionError(obj);\n  ^\n\nAssertionError [ERR_ASSERTION]: Expected values to be loosely deep-equal:\n\n[\n  'pythonz',\n  groups: undefined,\n  index: 0,\n  input: 'pythonz.'\n]\n\nshould loosely deep-equal\n\ntrue\n    at test (/tmp/tmp86bc3hwg.js:12:10)\n    at Object.<anonymous> (/tmp/tmp86bc3hwg.js:17:1)\n    at Module._compile (node:internal/modules/cjs/loader:1120:14)\n    at Module._extensions..js (node:internal/modules/cjs/loader:1174:10)\n    at Module.load (node:internal/modules/cjs/loader:998:32)\n    at Module._load (node:internal/modules/cjs/loader:839:12)\n    at Function.executeUserEntryPoint [as runMain] (node:internal/modules/run_main:81:12)\n    at node:internal/main/run_main_module:17:47 {\n  generatedMessage: true,\n  code: 'ERR_ASSERTION',\n  actual: [ 'pythonz', index: 0, input: 'pythonz.', groups: undefined ],\n  expected: true,\n  operator: 'deepEqual'\n}\n\nNode.js v18.7.0\n",
      "exit_code": 1,
      "status": "AssertionError"
    },
    {
      "program": "//Write a function that matches a word containing 'z'.\nfunction text_match_wordz(text){\n    let regex = /\\w*z\\w*/g;\n    let result = text.match(regex);\n    return result;\n}\nconst assert = require('node:assert');\n\n\nfunction test() {\n  let candidate = text_match_wordz;\n  assert.deepEqual(candidate(\"pythonz.\"),true);\n  assert.deepEqual(candidate(\"xyz.\"),true);\n  assert.deepEqual(candidate(\"  lang  .\"),false);\n}\n\ntest();",
      "timestamp": 1665510608,
      "stdout": "",
      "stderr": "node:assert:124\n  throw new AssertionError(obj);\n  ^\n\nAssertionError [ERR_ASSERTION]: Expected values to be loosely deep-equal:\n\n[\n  'pythonz'\n]\n\nshould loosely deep-equal\n\ntrue\n    at test (/tmp/tmpauhxm3l3.js:12:10)\n    at Object.<anonymous> (/tmp/tmpauhxm3l3.js:17:1)\n    at Module._compile (node:internal/modules/cjs/loader:1120:14)\n    at Module._extensions..js (node:internal/modules/cjs/loader:1174:10)\n    at Module.load (node:internal/modules/cjs/loader:998:32)\n    at Module._load (node:internal/modules/cjs/loader:839:12)\n    at Function.executeUserEntryPoint [as runMain] (node:internal/modules/run_main:81:12)\n    at node:internal/main/run_main_module:17:47 {\n  generatedMessage: true,\n  code: 'ERR_ASSERTION',\n  actual: [ 'pythonz' ],\n  expected: true,\n  operator: 'deepEqual'\n}\n\nNode.js v18.7.0\n",
      "exit_code": 1,
      "status": "AssertionError"
    },
    {
      "program": "//Write a function that matches a word containing 'z'.\nfunction text_match_wordz(text){\n    let regex = /\\w*z\\w*/;\n    return text.match(regex);\n}\nconst assert = require('node:assert');\n\n\nfunction test() {\n  let candidate = text_match_wordz;\n  assert.deepEqual(candidate(\"pythonz.\"),true);\n  assert.deepEqual(candidate(\"xyz.\"),true);\n  assert.deepEqual(candidate(\"  lang  .\"),false);\n}\n\ntest();",
      "timestamp": 1665510608,
      "stdout": "",
      "stderr": "node:assert:124\n  throw new AssertionError(obj);\n  ^\n\nAssertionError [ERR_ASSERTION]: Expected values to be loosely deep-equal:\n\n[\n  'pythonz',\n  groups: undefined,\n  index: 0,\n  input: 'pythonz.'\n]\n\nshould loosely deep-equal\n\ntrue\n    at test (/tmp/tmppushac2z.js:11:10)\n    at Object.<anonymous> (/tmp/tmppushac2z.js:16:1)\n    at Module._compile (node:internal/modules/cjs/loader:1120:14)\n    at Module._extensions..js (node:internal/modules/cjs/loader:1174:10)\n    at Module.load (node:internal/modules/cjs/loader:998:32)\n    at Module._load (node:internal/modules/cjs/loader:839:12)\n    at Function.executeUserEntryPoint [as runMain] (node:internal/modules/run_main:81:12)\n    at node:internal/main/run_main_module:17:47 {\n  generatedMessage: true,\n  code: 'ERR_ASSERTION',\n  actual: [ 'pythonz', index: 0, input: 'pythonz.', groups: undefined ],\n  expected: true,\n  operator: 'deepEqual'\n}\n\nNode.js v18.7.0\n",
      "exit_code": 1,
      "status": "AssertionError"
    },
    {
      "program": "//Write a function that matches a word containing 'z'.\nfunction text_match_wordz(text){\n    let regex = /\\w*z\\w*/g;\n    return text.match(regex);\n}\nconst assert = require('node:assert');\n\n\nfunction test() {\n  let candidate = text_match_wordz;\n  assert.deepEqual(candidate(\"pythonz.\"),true);\n  assert.deepEqual(candidate(\"xyz.\"),true);\n  assert.deepEqual(candidate(\"  lang  .\"),false);\n}\n\ntest();",
      "timestamp": 1665510608,
      "stdout": "",
      "stderr": "node:assert:124\n  throw new AssertionError(obj);\n  ^\n\nAssertionError [ERR_ASSERTION]: Expected values to be loosely deep-equal:\n\n[\n  'pythonz'\n]\n\nshould loosely deep-equal\n\ntrue\n    at test (/tmp/tmpf7u3vc9o.js:11:10)\n    at Object.<anonymous> (/tmp/tmpf7u3vc9o.js:16:1)\n    at Module._compile (node:internal/modules/cjs/loader:1120:14)\n    at Module._extensions..js (node:internal/modules/cjs/loader:1174:10)\n    at Module.load (node:internal/modules/cjs/loader:998:32)\n    at Module._load (node:internal/modules/cjs/loader:839:12)\n    at Function.executeUserEntryPoint [as runMain] (node:internal/modules/run_main:81:12)\n    at node:internal/main/run_main_module:17:47 {\n  generatedMessage: true,\n  code: 'ERR_ASSERTION',\n  actual: [ 'pythonz' ],\n  expected: true,\n  operator: 'deepEqual'\n}\n\nNode.js v18.7.0\n",
      "exit_code": 1,
      "status": "AssertionError"
    },
    {
      "program": "//Write a function that matches a word containing 'z'.\nfunction text_match_wordz(text){\n    let regex = /\\w*z\\w*/g;\n    let result = text.match(regex);\n    return result;\n}\nconst assert = require('node:assert');\n\n\nfunction test() {\n  let candidate = text_match_wordz;\n  assert.deepEqual(candidate(\"pythonz.\"),true);\n  assert.deepEqual(candidate(\"xyz.\"),true);\n  assert.deepEqual(candidate(\"  lang  .\"),false);\n}\n\ntest();",
      "timestamp": 1665510608,
      "stdout": "",
      "stderr": "node:assert:124\n  throw new AssertionError(obj);\n  ^\n\nAssertionError [ERR_ASSERTION]: Expected values to be loosely deep-equal:\n\n[\n  'pythonz'\n]\n\nshould loosely deep-equal\n\ntrue\n    at test (/tmp/tmpauhxm3l3.js:12:10)\n    at Object.<anonymous> (/tmp/tmpauhxm3l3.js:17:1)\n    at Module._compile (node:internal/modules/cjs/loader:1120:14)\n    at Module._extensions..js (node:internal/modules/cjs/loader:1174:10)\n    at Module.load (node:internal/modules/cjs/loader:998:32)\n    at Module._load (node:internal/modules/cjs/loader:839:12)\n    at Function.executeUserEntryPoint [as runMain] (node:internal/modules/run_main:81:12)\n    at node:internal/main/run_main_module:17:47 {\n  generatedMessage: true,\n  code: 'ERR_ASSERTION',\n  actual: [ 'pythonz' ],\n  expected: true,\n  operator: 'deepEqual'\n}\n\nNode.js v18.7.0\n",
      "exit_code": 1,
      "status": "AssertionError"
    },
    {
      "program": "//Write a function that matches a word containing 'z'.\nfunction text_match_wordz(text){\n    let regex = /\\w*z\\w*/;\n    return regex.test(text);\n}\n\nconst assert = require('node:assert');\n\n\nfunction test() {\n  let candidate = text_match_wordz;\n  assert.deepEqual(candidate(\"pythonz.\"),true);\n  assert.deepEqual(candidate(\"xyz.\"),true);\n  assert.deepEqual(candidate(\"  lang  .\"),false);\n}\n\ntest();",
      "timestamp": 1665510608,
      "stdout": "",
      "stderr": "",
      "exit_code": 0,
      "status": "OK"
    },
    {
      "program": "//Write a function that matches a word containing 'z'.\nfunction text_match_wordz(text){\n    let regex = /\\w*z\\w*/;\n    return text.match(regex);\n}\nconst assert = require('node:assert');\n\n\nfunction test() {\n  let candidate = text_match_wordz;\n  assert.deepEqual(candidate(\"pythonz.\"),true);\n  assert.deepEqual(candidate(\"xyz.\"),true);\n  assert.deepEqual(candidate(\"  lang  .\"),false);\n}\n\ntest();",
      "timestamp": 1665510608,
      "stdout": "",
      "stderr": "node:assert:124\n  throw new AssertionError(obj);\n  ^\n\nAssertionError [ERR_ASSERTION]: Expected values to be loosely deep-equal:\n\n[\n  'pythonz',\n  groups: undefined,\n  index: 0,\n  input: 'pythonz.'\n]\n\nshould loosely deep-equal\n\ntrue\n    at test (/tmp/tmppushac2z.js:11:10)\n    at Object.<anonymous> (/tmp/tmppushac2z.js:16:1)\n    at Module._compile (node:internal/modules/cjs/loader:1120:14)\n    at Module._extensions..js (node:internal/modules/cjs/loader:1174:10)\n    at Module.load (node:internal/modules/cjs/loader:998:32)\n    at Module._load (node:internal/modules/cjs/loader:839:12)\n    at Function.executeUserEntryPoint [as runMain] (node:internal/modules/run_main:81:12)\n    at node:internal/main/run_main_module:17:47 {\n  generatedMessage: true,\n  code: 'ERR_ASSERTION',\n  actual: [ 'pythonz', index: 0, input: 'pythonz.', groups: undefined ],\n  expected: true,\n  operator: 'deepEqual'\n}\n\nNode.js v18.7.0\n",
      "exit_code": 1,
      "status": "AssertionError"
    },
    {
      "program": "//Write a function that matches a word containing 'z'.\nfunction text_match_wordz(text){\n    let regex = /\\w*z\\w*/g;\n    return text.match(regex);\n}\n\nconst assert = require('node:assert');\n\n\nfunction test() {\n  let candidate = text_match_wordz;\n  assert.deepEqual(candidate(\"pythonz.\"),true);\n  assert.deepEqual(candidate(\"xyz.\"),true);\n  assert.deepEqual(candidate(\"  lang  .\"),false);\n}\n\ntest();",
      "timestamp": 1665510608,
      "stdout": "",
      "stderr": "node:assert:124\n  throw new AssertionError(obj);\n  ^\n\nAssertionError [ERR_ASSERTION]: Expected values to be loosely deep-equal:\n\n[\n  'pythonz'\n]\n\nshould loosely deep-equal\n\ntrue\n    at test (/tmp/tmpvml7zjhz.js:12:10)\n    at Object.<anonymous> (/tmp/tmpvml7zjhz.js:17:1)\n    at Module._compile (node:internal/modules/cjs/loader:1120:14)\n    at Module._extensions..js (node:internal/modules/cjs/loader:1174:10)\n    at Module.load (node:internal/modules/cjs/loader:998:32)\n    at Module._load (node:internal/modules/cjs/loader:839:12)\n    at Function.executeUserEntryPoint [as runMain] (node:internal/modules/run_main:81:12)\n    at node:internal/main/run_main_module:17:47 {\n  generatedMessage: true,\n  code: 'ERR_ASSERTION',\n  actual: [ 'pythonz' ],\n  expected: true,\n  operator: 'deepEqual'\n}\n\nNode.js v18.7.0\n",
      "exit_code": 1,
      "status": "AssertionError"
    },
    {
      "program": "//Write a function that matches a word containing 'z'.\nfunction text_match_wordz(text){\n    let regex = /\\w*z\\w*/;\n    return regex.test(text);\n}\nconst assert = require('node:assert');\n\n\nfunction test() {\n  let candidate = text_match_wordz;\n  assert.deepEqual(candidate(\"pythonz.\"),true);\n  assert.deepEqual(candidate(\"xyz.\"),true);\n  assert.deepEqual(candidate(\"  lang  .\"),false);\n}\n\ntest();",
      "timestamp": 1665510608,
      "stdout": "",
      "stderr": "",
      "exit_code": 0,
      "status": "OK"
    },
    {
      "program": "//Write a function that matches a word containing 'z'.\nfunction text_match_wordz(text){\n    let regex = /\\w*z\\w*/;\n    return regex.test(text);\n}\n\nconst assert = require('node:assert');\n\n\nfunction test() {\n  let candidate = text_match_wordz;\n  assert.deepEqual(candidate(\"pythonz.\"),true);\n  assert.deepEqual(candidate(\"xyz.\"),true);\n  assert.deepEqual(candidate(\"  lang  .\"),false);\n}\n\ntest();",
      "timestamp": 1665510608,
      "stdout": "",
      "stderr": "",
      "exit_code": 0,
      "status": "OK"
    },
    {
      "program": "//Write a function that matches a word containing 'z'.\nfunction text_match_wordz(text){\n    let regex = /\\b[a-z]+z\\b/g;\n    let result = text.match(regex);\n    return result;\n}\nconst assert = require('node:assert');\n\n\nfunction test() {\n  let candidate = text_match_wordz;\n  assert.deepEqual(candidate(\"pythonz.\"),true);\n  assert.deepEqual(candidate(\"xyz.\"),true);\n  assert.deepEqual(candidate(\"  lang  .\"),false);\n}\n\ntest();",
      "timestamp": 1665510608,
      "stdout": "",
      "stderr": "node:assert:124\n  throw new AssertionError(obj);\n  ^\n\nAssertionError [ERR_ASSERTION]: Expected values to be loosely deep-equal:\n\n[\n  'pythonz'\n]\n\nshould loosely deep-equal\n\ntrue\n    at test (/tmp/tmp7xsxh6ki.js:12:10)\n    at Object.<anonymous> (/tmp/tmp7xsxh6ki.js:17:1)\n    at Module._compile (node:internal/modules/cjs/loader:1120:14)\n    at Module._extensions..js (node:internal/modules/cjs/loader:1174:10)\n    at Module.load (node:internal/modules/cjs/loader:998:32)\n    at Module._load (node:internal/modules/cjs/loader:839:12)\n    at Function.executeUserEntryPoint [as runMain] (node:internal/modules/run_main:81:12)\n    at node:internal/main/run_main_module:17:47 {\n  generatedMessage: true,\n  code: 'ERR_ASSERTION',\n  actual: [ 'pythonz' ],\n  expected: true,\n  operator: 'deepEqual'\n}\n\nNode.js v18.7.0\n",
      "exit_code": 1,
      "status": "AssertionError"
    },
    {
      "program": "//Write a function that matches a word containing 'z'.\nfunction text_match_wordz(text){\n    let regex = /\\bz\\w+/g;\n    return text.match(regex);\n}\nconst assert = require('node:assert');\n\n\nfunction test() {\n  let candidate = text_match_wordz;\n  assert.deepEqual(candidate(\"pythonz.\"),true);\n  assert.deepEqual(candidate(\"xyz.\"),true);\n  assert.deepEqual(candidate(\"  lang  .\"),false);\n}\n\ntest();",
      "timestamp": 1665510608,
      "stdout": "",
      "stderr": "node:assert:124\n  throw new AssertionError(obj);\n  ^\n\nAssertionError [ERR_ASSERTION]: Expected values to be loosely deep-equal:\n\nnull\n\nshould loosely deep-equal\n\ntrue\n    at test (/tmp/tmptva5ggyf.js:11:10)\n    at Object.<anonymous> (/tmp/tmptva5ggyf.js:16:1)\n    at Module._compile (node:internal/modules/cjs/loader:1120:14)\n    at Module._extensions..js (node:internal/modules/cjs/loader:1174:10)\n    at Module.load (node:internal/modules/cjs/loader:998:32)\n    at Module._load (node:internal/modules/cjs/loader:839:12)\n    at Function.executeUserEntryPoint [as runMain] (node:internal/modules/run_main:81:12)\n    at node:internal/main/run_main_module:17:47 {\n  generatedMessage: true,\n  code: 'ERR_ASSERTION',\n  actual: null,\n  expected: true,\n  operator: 'deepEqual'\n}\n\nNode.js v18.7.0\n",
      "exit_code": 1,
      "status": "AssertionError"
    },
    {
      "program": "//Write a function that matches a word containing 'z'.\nfunction text_match_wordz(text){\n    var regex = /\\w*z\\w*/;\n    return regex.test(text);\n}\nconst assert = require('node:assert');\n\n\nfunction test() {\n  let candidate = text_match_wordz;\n  assert.deepEqual(candidate(\"pythonz.\"),true);\n  assert.deepEqual(candidate(\"xyz.\"),true);\n  assert.deepEqual(candidate(\"  lang  .\"),false);\n}\n\ntest();",
      "timestamp": 1665510608,
      "stdout": "",
      "stderr": "",
      "exit_code": 0,
      "status": "OK"
    },
    {
      "program": "//Write a function that matches a word containing 'z'.\nfunction text_match_wordz(text){\n    let regex = /\\w*z\\w*/;\n    return regex.test(text);\n}\n\nconst assert = require('node:assert');\n\n\nfunction test() {\n  let candidate = text_match_wordz;\n  assert.deepEqual(candidate(\"pythonz.\"),true);\n  assert.deepEqual(candidate(\"xyz.\"),true);\n  assert.deepEqual(candidate(\"  lang  .\"),false);\n}\n\ntest();",
      "timestamp": 1665510608,
      "stdout": "",
      "stderr": "",
      "exit_code": 0,
      "status": "OK"
    },
    {
      "program": "//Write a function that matches a word containing 'z'.\nfunction text_match_wordz(text){\n    let match = text.match(/\\w*z\\w*/gi);\n    return match;\n}\nconst assert = require('node:assert');\n\n\nfunction test() {\n  let candidate = text_match_wordz;\n  assert.deepEqual(candidate(\"pythonz.\"),true);\n  assert.deepEqual(candidate(\"xyz.\"),true);\n  assert.deepEqual(candidate(\"  lang  .\"),false);\n}\n\ntest();",
      "timestamp": 1665510608,
      "stdout": "",
      "stderr": "node:assert:124\n  throw new AssertionError(obj);\n  ^\n\nAssertionError [ERR_ASSERTION]: Expected values to be loosely deep-equal:\n\n[\n  'pythonz'\n]\n\nshould loosely deep-equal\n\ntrue\n    at test (/tmp/tmp5m242c6p.js:11:10)\n    at Object.<anonymous> (/tmp/tmp5m242c6p.js:16:1)\n    at Module._compile (node:internal/modules/cjs/loader:1120:14)\n    at Module._extensions..js (node:internal/modules/cjs/loader:1174:10)\n    at Module.load (node:internal/modules/cjs/loader:998:32)\n    at Module._load (node:internal/modules/cjs/loader:839:12)\n    at Function.executeUserEntryPoint [as runMain] (node:internal/modules/run_main:81:12)\n    at node:internal/main/run_main_module:17:47 {\n  generatedMessage: true,\n  code: 'ERR_ASSERTION',\n  actual: [ 'pythonz' ],\n  expected: true,\n  operator: 'deepEqual'\n}\n\nNode.js v18.7.0\n",
      "exit_code": 1,
      "status": "AssertionError"
    },
    {
      "program": "//Write a function that matches a word containing 'z'.\nfunction text_match_wordz(text){\n    let match = text.match(/\\w*z\\w*/gi);\n    return match;\n}\nconst assert = require('node:assert');\n\n\nfunction test() {\n  let candidate = text_match_wordz;\n  assert.deepEqual(candidate(\"pythonz.\"),true);\n  assert.deepEqual(candidate(\"xyz.\"),true);\n  assert.deepEqual(candidate(\"  lang  .\"),false);\n}\n\ntest();",
      "timestamp": 1665510608,
      "stdout": "",
      "stderr": "node:assert:124\n  throw new AssertionError(obj);\n  ^\n\nAssertionError [ERR_ASSERTION]: Expected values to be loosely deep-equal:\n\n[\n  'pythonz'\n]\n\nshould loosely deep-equal\n\ntrue\n    at test (/tmp/tmp5m242c6p.js:11:10)\n    at Object.<anonymous> (/tmp/tmp5m242c6p.js:16:1)\n    at Module._compile (node:internal/modules/cjs/loader:1120:14)\n    at Module._extensions..js (node:internal/modules/cjs/loader:1174:10)\n    at Module.load (node:internal/modules/cjs/loader:998:32)\n    at Module._load (node:internal/modules/cjs/loader:839:12)\n    at Function.executeUserEntryPoint [as runMain] (node:internal/modules/run_main:81:12)\n    at node:internal/main/run_main_module:17:47 {\n  generatedMessage: true,\n  code: 'ERR_ASSERTION',\n  actual: [ 'pythonz' ],\n  expected: true,\n  operator: 'deepEqual'\n}\n\nNode.js v18.7.0\n",
      "exit_code": 1,
      "status": "AssertionError"
    },
    {
      "program": "//Write a function that matches a word containing 'z'.\nfunction text_match_wordz(text){\n    let regex = /\\w*z\\w*/;\n    return regex.test(text);\n}\n\nconst assert = require('node:assert');\n\n\nfunction test() {\n  let candidate = text_match_wordz;\n  assert.deepEqual(candidate(\"pythonz.\"),true);\n  assert.deepEqual(candidate(\"xyz.\"),true);\n  assert.deepEqual(candidate(\"  lang  .\"),false);\n}\n\ntest();",
      "timestamp": 1665510608,
      "stdout": "",
      "stderr": "",
      "exit_code": 0,
      "status": "OK"
    },
    {
      "program": "//Write a function that matches a word containing 'z'.\nfunction text_match_wordz(text){\n    let regex = /\\w*z\\w*/g;\n    return text.match(regex);\n}\nconst assert = require('node:assert');\n\n\nfunction test() {\n  let candidate = text_match_wordz;\n  assert.deepEqual(candidate(\"pythonz.\"),true);\n  assert.deepEqual(candidate(\"xyz.\"),true);\n  assert.deepEqual(candidate(\"  lang  .\"),false);\n}\n\ntest();",
      "timestamp": 1665510608,
      "stdout": "",
      "stderr": "node:assert:124\n  throw new AssertionError(obj);\n  ^\n\nAssertionError [ERR_ASSERTION]: Expected values to be loosely deep-equal:\n\n[\n  'pythonz'\n]\n\nshould loosely deep-equal\n\ntrue\n    at test (/tmp/tmpf7u3vc9o.js:11:10)\n    at Object.<anonymous> (/tmp/tmpf7u3vc9o.js:16:1)\n    at Module._compile (node:internal/modules/cjs/loader:1120:14)\n    at Module._extensions..js (node:internal/modules/cjs/loader:1174:10)\n    at Module.load (node:internal/modules/cjs/loader:998:32)\n    at Module._load (node:internal/modules/cjs/loader:839:12)\n    at Function.executeUserEntryPoint [as runMain] (node:internal/modules/run_main:81:12)\n    at node:internal/main/run_main_module:17:47 {\n  generatedMessage: true,\n  code: 'ERR_ASSERTION',\n  actual: [ 'pythonz' ],\n  expected: true,\n  operator: 'deepEqual'\n}\n\nNode.js v18.7.0\n",
      "exit_code": 1,
      "status": "AssertionError"
    },
    {
      "program": "//Write a function that matches a word containing 'z'.\nfunction text_match_wordz(text){\n    var match = text.match(/\\w*z\\w*/gi);\n    return match;\n}\nconst assert = require('node:assert');\n\n\nfunction test() {\n  let candidate = text_match_wordz;\n  assert.deepEqual(candidate(\"pythonz.\"),true);\n  assert.deepEqual(candidate(\"xyz.\"),true);\n  assert.deepEqual(candidate(\"  lang  .\"),false);\n}\n\ntest();",
      "timestamp": 1666123475,
      "stdout": "",
      "stderr": "node:assert:124\n  throw new AssertionError(obj);\n  ^\n\nAssertionError [ERR_ASSERTION]: Expected values to be loosely deep-equal:\n\n[\n  'pythonz'\n]\n\nshould loosely deep-equal\n\ntrue\n    at test (/tmp/tmptybwfea7.js:11:10)\n    at Object.<anonymous> (/tmp/tmptybwfea7.js:16:1)\n    at Module._compile (node:internal/modules/cjs/loader:1120:14)\n    at Module._extensions..js (node:internal/modules/cjs/loader:1174:10)\n    at Module.load (node:internal/modules/cjs/loader:998:32)\n    at Module._load (node:internal/modules/cjs/loader:839:12)\n    at Function.executeUserEntryPoint [as runMain] (node:internal/modules/run_main:81:12)\n    at node:internal/main/run_main_module:17:47 {\n  generatedMessage: true,\n  code: 'ERR_ASSERTION',\n  actual: [ 'pythonz' ],\n  expected: true,\n  operator: 'deepEqual'\n}\n\nNode.js v18.7.0\n",
      "exit_code": 1,
      "status": "AssertionError"
    },
    {
      "program": "//Write a function that matches a word containing 'z'.\nfunction text_match_wordz(text){\n    var regex = /\\w*z\\w*/g;\n    var result = text.match(regex);\n    return result;\n}\nconst assert = require('node:assert');\n\n\nfunction test() {\n  let candidate = text_match_wordz;\n  assert.deepEqual(candidate(\"pythonz.\"),true);\n  assert.deepEqual(candidate(\"xyz.\"),true);\n  assert.deepEqual(candidate(\"  lang  .\"),false);\n}\n\ntest();",
      "timestamp": 1666123475,
      "stdout": "",
      "stderr": "node:assert:124\n  throw new AssertionError(obj);\n  ^\n\nAssertionError [ERR_ASSERTION]: Expected values to be loosely deep-equal:\n\n[\n  'pythonz'\n]\n\nshould loosely deep-equal\n\ntrue\n    at test (/tmp/tmp0esy15ef.js:12:10)\n    at Object.<anonymous> (/tmp/tmp0esy15ef.js:17:1)\n    at Module._compile (node:internal/modules/cjs/loader:1120:14)\n    at Module._extensions..js (node:internal/modules/cjs/loader:1174:10)\n    at Module.load (node:internal/modules/cjs/loader:998:32)\n    at Module._load (node:internal/modules/cjs/loader:839:12)\n    at Function.executeUserEntryPoint [as runMain] (node:internal/modules/run_main:81:12)\n    at node:internal/main/run_main_module:17:47 {\n  generatedMessage: true,\n  code: 'ERR_ASSERTION',\n  actual: [ 'pythonz' ],\n  expected: true,\n  operator: 'deepEqual'\n}\n\nNode.js v18.7.0\n",
      "exit_code": 1,
      "status": "AssertionError"
    },
    {
      "program": "//Write a function that matches a word containing 'z'.\nfunction text_match_wordz(text){\n    let regex = /\\bz\\w+\\b/g;\n    console.log(text.match(regex));\n}\n\ntext_match_wordz(\"The quick brown fox jumps over the lazy dog.\");\ntext_match_wordz(\"The quick brown fox jumps over the lazy dog.\");\ntext_match_wordz(\"The quick brown fox jumps over the lazy dog.\");\ntext_match_wordz(\"The quick brown fox jumps over the lazy dog.\");\n\nconst assert = require('node:assert');\n\n\nfunction test() {\n  let candidate = text_match_wordz;\n  assert.deepEqual(candidate(\"pythonz.\"),true);\n  assert.deepEqual(candidate(\"xyz.\"),true);\n  assert.deepEqual(candidate(\"  lang  .\"),false);\n}\n\ntest();",
      "timestamp": 1666123475,
      "stdout": "null\nnull\nnull\nnull\nnull\n",
      "stderr": "node:assert:124\n  throw new AssertionError(obj);\n  ^\n\nAssertionError [ERR_ASSERTION]: Expected values to be loosely deep-equal:\n\nundefined\n\nshould loosely deep-equal\n\ntrue\n    at test (/tmp/tmpg282db1r.js:17:10)\n    at Object.<anonymous> (/tmp/tmpg282db1r.js:22:1)\n    at Module._compile (node:internal/modules/cjs/loader:1120:14)\n    at Module._extensions..js (node:internal/modules/cjs/loader:1174:10)\n    at Module.load (node:internal/modules/cjs/loader:998:32)\n    at Module._load (node:internal/modules/cjs/loader:839:12)\n    at Function.executeUserEntryPoint [as runMain] (node:internal/modules/run_main:81:12)\n    at node:internal/main/run_main_module:17:47 {\n  generatedMessage: true,\n  code: 'ERR_ASSERTION',\n  actual: undefined,\n  expected: true,\n  operator: 'deepEqual'\n}\n\nNode.js v18.7.0\n",
      "exit_code": 1,
      "status": "AssertionError"
    },
    {
      "program": "//Write a function that matches a word containing 'z'.\nfunction text_match_wordz(text){\n    let regex = /\\w*z\\w*/;\n    return text.match(regex);\n}\n\nconst assert = require('node:assert');\n\n\nfunction test() {\n  let candidate = text_match_wordz;\n  assert.deepEqual(candidate(\"pythonz.\"),true);\n  assert.deepEqual(candidate(\"xyz.\"),true);\n  assert.deepEqual(candidate(\"  lang  .\"),false);\n}\n\ntest();",
      "timestamp": 1665510608,
      "stdout": "",
      "stderr": "node:assert:124\n  throw new AssertionError(obj);\n  ^\n\nAssertionError [ERR_ASSERTION]: Expected values to be loosely deep-equal:\n\n[\n  'pythonz',\n  groups: undefined,\n  index: 0,\n  input: 'pythonz.'\n]\n\nshould loosely deep-equal\n\ntrue\n    at test (/tmp/tmp86bc3hwg.js:12:10)\n    at Object.<anonymous> (/tmp/tmp86bc3hwg.js:17:1)\n    at Module._compile (node:internal/modules/cjs/loader:1120:14)\n    at Module._extensions..js (node:internal/modules/cjs/loader:1174:10)\n    at Module.load (node:internal/modules/cjs/loader:998:32)\n    at Module._load (node:internal/modules/cjs/loader:839:12)\n    at Function.executeUserEntryPoint [as runMain] (node:internal/modules/run_main:81:12)\n    at node:internal/main/run_main_module:17:47 {\n  generatedMessage: true,\n  code: 'ERR_ASSERTION',\n  actual: [ 'pythonz', index: 0, input: 'pythonz.', groups: undefined ],\n  expected: true,\n  operator: 'deepEqual'\n}\n\nNode.js v18.7.0\n",
      "exit_code": 1,
      "status": "AssertionError"
    },
    {
      "program": "//Write a function that matches a word containing 'z'.\nfunction text_match_wordz(text){\n  var pattern = /\\w*z\\w*/;\n  if (pattern.test(text)){\n    return true;\n  }\n  return false;\n}\n\nconst assert = require('node:assert');\n\n\nfunction test() {\n  let candidate = text_match_wordz;\n  assert.deepEqual(candidate(\"pythonz.\"),true);\n  assert.deepEqual(candidate(\"xyz.\"),true);\n  assert.deepEqual(candidate(\"  lang  .\"),false);\n}\n\ntest();",
      "timestamp": 1666123475,
      "stdout": "",
      "stderr": "",
      "exit_code": 0,
      "status": "OK"
    },
    {
      "program": "//Write a function that matches a word containing 'z'.\nfunction text_match_wordz(text){\n    let regex = /\\bz\\w+/g;\n    let result = text.match(regex);\n    return result;\n}\nconst assert = require('node:assert');\n\n\nfunction test() {\n  let candidate = text_match_wordz;\n  assert.deepEqual(candidate(\"pythonz.\"),true);\n  assert.deepEqual(candidate(\"xyz.\"),true);\n  assert.deepEqual(candidate(\"  lang  .\"),false);\n}\n\ntest();",
      "timestamp": 1666123475,
      "stdout": "",
      "stderr": "node:assert:124\n  throw new AssertionError(obj);\n  ^\n\nAssertionError [ERR_ASSERTION]: Expected values to be loosely deep-equal:\n\nnull\n\nshould loosely deep-equal\n\ntrue\n    at test (/tmp/tmpi__ltt7d.js:12:10)\n    at Object.<anonymous> (/tmp/tmpi__ltt7d.js:17:1)\n    at Module._compile (node:internal/modules/cjs/loader:1120:14)\n    at Module._extensions..js (node:internal/modules/cjs/loader:1174:10)\n    at Module.load (node:internal/modules/cjs/loader:998:32)\n    at Module._load (node:internal/modules/cjs/loader:839:12)\n    at Function.executeUserEntryPoint [as runMain] (node:internal/modules/run_main:81:12)\n    at node:internal/main/run_main_module:17:47 {\n  generatedMessage: true,\n  code: 'ERR_ASSERTION',\n  actual: null,\n  expected: true,\n  operator: 'deepEqual'\n}\n\nNode.js v18.7.0\n",
      "exit_code": 1,
      "status": "AssertionError"
    },
    {
      "program": "//Write a function that matches a word containing 'z'.\nfunction text_match_wordz(text){\n    let regex = /\\w*z\\w*/;\n    return text.match(regex);\n}\nconst assert = require('node:assert');\n\n\nfunction test() {\n  let candidate = text_match_wordz;\n  assert.deepEqual(candidate(\"pythonz.\"),true);\n  assert.deepEqual(candidate(\"xyz.\"),true);\n  assert.deepEqual(candidate(\"  lang  .\"),false);\n}\n\ntest();",
      "timestamp": 1665510608,
      "stdout": "",
      "stderr": "node:assert:124\n  throw new AssertionError(obj);\n  ^\n\nAssertionError [ERR_ASSERTION]: Expected values to be loosely deep-equal:\n\n[\n  'pythonz',\n  groups: undefined,\n  index: 0,\n  input: 'pythonz.'\n]\n\nshould loosely deep-equal\n\ntrue\n    at test (/tmp/tmppushac2z.js:11:10)\n    at Object.<anonymous> (/tmp/tmppushac2z.js:16:1)\n    at Module._compile (node:internal/modules/cjs/loader:1120:14)\n    at Module._extensions..js (node:internal/modules/cjs/loader:1174:10)\n    at Module.load (node:internal/modules/cjs/loader:998:32)\n    at Module._load (node:internal/modules/cjs/loader:839:12)\n    at Function.executeUserEntryPoint [as runMain] (node:internal/modules/run_main:81:12)\n    at node:internal/main/run_main_module:17:47 {\n  generatedMessage: true,\n  code: 'ERR_ASSERTION',\n  actual: [ 'pythonz', index: 0, input: 'pythonz.', groups: undefined ],\n  expected: true,\n  operator: 'deepEqual'\n}\n\nNode.js v18.7.0\n",
      "exit_code": 1,
      "status": "AssertionError"
    },
    {
      "program": "//Write a function that matches a word containing 'z'.\nfunction text_match_wordz(text){\n    let regex = /\\w*z\\w*/;\n    if(regex.test(text)){\n        console.log(`${text} matches the pattern`);\n    }else{\n        console.log(`${text} does not match the pattern`);\n    }\n}\n\ntext_match_wordz(\"The quick brown fox jumps over the lazy dog.\");\ntext_match_wordz(\"The quick brown fox jumps over the lazy cat.\");\ntext_match_wordz(\"The quick brown fox jumps over the lazy dog.\");\ntext_match_wordz(\"The quick brown fox jumps over the lazy cat.\");\n\nconst assert = require('node:assert');\n\n\nfunction test() {\n  let candidate = text_match_wordz;\n  assert.deepEqual(candidate(\"pythonz.\"),true);\n  assert.deepEqual(candidate(\"xyz.\"),true);\n  assert.deepEqual(candidate(\"  lang  .\"),false);\n}\n\ntest();",
      "timestamp": 1666123475,
      "stdout": "The quick brown fox jumps over the lazy dog. matches the pattern\nThe quick brown fox jumps over the lazy cat. matches the pattern\nThe quick brown fox jumps over the lazy dog. matches the pattern\nThe quick brown fox jumps over the lazy cat. matches the pattern\npythonz. matches the pattern\n",
      "stderr": "node:assert:124\n  throw new AssertionError(obj);\n  ^\n\nAssertionError [ERR_ASSERTION]: Expected values to be loosely deep-equal:\n\nundefined\n\nshould loosely deep-equal\n\ntrue\n    at test (/tmp/tmpqa0tnkyt.js:21:10)\n    at Object.<anonymous> (/tmp/tmpqa0tnkyt.js:26:1)\n    at Module._compile (node:internal/modules/cjs/loader:1120:14)\n    at Module._extensions..js (node:internal/modules/cjs/loader:1174:10)\n    at Module.load (node:internal/modules/cjs/loader:998:32)\n    at Module._load (node:internal/modules/cjs/loader:839:12)\n    at Function.executeUserEntryPoint [as runMain] (node:internal/modules/run_main:81:12)\n    at node:internal/main/run_main_module:17:47 {\n  generatedMessage: true,\n  code: 'ERR_ASSERTION',\n  actual: undefined,\n  expected: true,\n  operator: 'deepEqual'\n}\n\nNode.js v18.7.0\n",
      "exit_code": 1,
      "status": "AssertionError"
    },
    {
      "program": "//Write a function that matches a word containing 'z'.\nfunction text_match_wordz(text){\n    let matches = text.match(/\\w*z\\w*/gi);\n    return matches;\n}\nconst assert = require('node:assert');\n\n\nfunction test() {\n  let candidate = text_match_wordz;\n  assert.deepEqual(candidate(\"pythonz.\"),true);\n  assert.deepEqual(candidate(\"xyz.\"),true);\n  assert.deepEqual(candidate(\"  lang  .\"),false);\n}\n\ntest();",
      "timestamp": 1666123475,
      "stdout": "",
      "stderr": "node:assert:124\n  throw new AssertionError(obj);\n  ^\n\nAssertionError [ERR_ASSERTION]: Expected values to be loosely deep-equal:\n\n[\n  'pythonz'\n]\n\nshould loosely deep-equal\n\ntrue\n    at test (/tmp/tmpudxk97e3.js:11:10)\n    at Object.<anonymous> (/tmp/tmpudxk97e3.js:16:1)\n    at Module._compile (node:internal/modules/cjs/loader:1120:14)\n    at Module._extensions..js (node:internal/modules/cjs/loader:1174:10)\n    at Module.load (node:internal/modules/cjs/loader:998:32)\n    at Module._load (node:internal/modules/cjs/loader:839:12)\n    at Function.executeUserEntryPoint [as runMain] (node:internal/modules/run_main:81:12)\n    at node:internal/main/run_main_module:17:47 {\n  generatedMessage: true,\n  code: 'ERR_ASSERTION',\n  actual: [ 'pythonz' ],\n  expected: true,\n  operator: 'deepEqual'\n}\n\nNode.js v18.7.0\n",
      "exit_code": 1,
      "status": "AssertionError"
    },
    {
      "program": "//Write a function that matches a word containing 'z'.\nfunction text_match_wordz(text){\n    let regex = /\\w*z\\w*/;\n    return regex.test(text);\n}\nconst assert = require('node:assert');\n\n\nfunction test() {\n  let candidate = text_match_wordz;\n  assert.deepEqual(candidate(\"pythonz.\"),true);\n  assert.deepEqual(candidate(\"xyz.\"),true);\n  assert.deepEqual(candidate(\"  lang  .\"),false);\n}\n\ntest();",
      "timestamp": 1665510608,
      "stdout": "",
      "stderr": "",
      "exit_code": 0,
      "status": "OK"
    },
    {
      "program": "//Write a function that matches a word containing 'z'.\nfunction text_match_wordz(text){\n    let matches = text.match(/\\w*z\\w*/gi);\n    return matches;\n}\n\nconst assert = require('node:assert');\n\n\nfunction test() {\n  let candidate = text_match_wordz;\n  assert.deepEqual(candidate(\"pythonz.\"),true);\n  assert.deepEqual(candidate(\"xyz.\"),true);\n  assert.deepEqual(candidate(\"  lang  .\"),false);\n}\n\ntest();",
      "timestamp": 1666123475,
      "stdout": "",
      "stderr": "node:assert:124\n  throw new AssertionError(obj);\n  ^\n\nAssertionError [ERR_ASSERTION]: Expected values to be loosely deep-equal:\n\n[\n  'pythonz'\n]\n\nshould loosely deep-equal\n\ntrue\n    at test (/tmp/tmp8oyg9p0f.js:12:10)\n    at Object.<anonymous> (/tmp/tmp8oyg9p0f.js:17:1)\n    at Module._compile (node:internal/modules/cjs/loader:1120:14)\n    at Module._extensions..js (node:internal/modules/cjs/loader:1174:10)\n    at Module.load (node:internal/modules/cjs/loader:998:32)\n    at Module._load (node:internal/modules/cjs/loader:839:12)\n    at Function.executeUserEntryPoint [as runMain] (node:internal/modules/run_main:81:12)\n    at node:internal/main/run_main_module:17:47 {\n  generatedMessage: true,\n  code: 'ERR_ASSERTION',\n  actual: [ 'pythonz' ],\n  expected: true,\n  operator: 'deepEqual'\n}\n\nNode.js v18.7.0\n",
      "exit_code": 1,
      "status": "AssertionError"
    },
    {
      "program": "//Write a function that matches a word containing 'z'.\nfunction text_match_wordz(text){\n    let pattern = /\\w*z\\w*/;\n    return pattern.test(text);\n}\n\nconst assert = require('node:assert');\n\n\nfunction test() {\n  let candidate = text_match_wordz;\n  assert.deepEqual(candidate(\"pythonz.\"),true);\n  assert.deepEqual(candidate(\"xyz.\"),true);\n  assert.deepEqual(candidate(\"  lang  .\"),false);\n}\n\ntest();",
      "timestamp": 1666123474,
      "stdout": "",
      "stderr": "",
      "exit_code": 0,
      "status": "OK"
    },
    {
      "program": "//Write a function that matches a word containing 'z'.\nfunction text_match_wordz(text){\n    let regex = /\\bz\\w+\\b/g;\n    return text.match(regex);\n}\n\nconst assert = require('node:assert');\n\n\nfunction test() {\n  let candidate = text_match_wordz;\n  assert.deepEqual(candidate(\"pythonz.\"),true);\n  assert.deepEqual(candidate(\"xyz.\"),true);\n  assert.deepEqual(candidate(\"  lang  .\"),false);\n}\n\ntest();",
      "timestamp": 1666123474,
      "stdout": "",
      "stderr": "node:assert:124\n  throw new AssertionError(obj);\n  ^\n\nAssertionError [ERR_ASSERTION]: Expected values to be loosely deep-equal:\n\nnull\n\nshould loosely deep-equal\n\ntrue\n    at test (/tmp/tmpa2bmw92n.js:12:10)\n    at Object.<anonymous> (/tmp/tmpa2bmw92n.js:17:1)\n    at Module._compile (node:internal/modules/cjs/loader:1120:14)\n    at Module._extensions..js (node:internal/modules/cjs/loader:1174:10)\n    at Module.load (node:internal/modules/cjs/loader:998:32)\n    at Module._load (node:internal/modules/cjs/loader:839:12)\n    at Function.executeUserEntryPoint [as runMain] (node:internal/modules/run_main:81:12)\n    at node:internal/main/run_main_module:17:47 {\n  generatedMessage: true,\n  code: 'ERR_ASSERTION',\n  actual: null,\n  expected: true,\n  operator: 'deepEqual'\n}\n\nNode.js v18.7.0\n",
      "exit_code": 1,
      "status": "AssertionError"
    },
    {
      "program": "//Write a function that matches a word containing 'z'.\nfunction text_match_wordz(text){\n    var match = text.match(/\\w*z\\w*/g);\n    return match;\n}\nconst assert = require('node:assert');\n\n\nfunction test() {\n  let candidate = text_match_wordz;\n  assert.deepEqual(candidate(\"pythonz.\"),true);\n  assert.deepEqual(candidate(\"xyz.\"),true);\n  assert.deepEqual(candidate(\"  lang  .\"),false);\n}\n\ntest();",
      "timestamp": 1666123475,
      "stdout": "",
      "stderr": "node:assert:124\n  throw new AssertionError(obj);\n  ^\n\nAssertionError [ERR_ASSERTION]: Expected values to be loosely deep-equal:\n\n[\n  'pythonz'\n]\n\nshould loosely deep-equal\n\ntrue\n    at test (/tmp/tmppmvub0xt.js:11:10)\n    at Object.<anonymous> (/tmp/tmppmvub0xt.js:16:1)\n    at Module._compile (node:internal/modules/cjs/loader:1120:14)\n    at Module._extensions..js (node:internal/modules/cjs/loader:1174:10)\n    at Module.load (node:internal/modules/cjs/loader:998:32)\n    at Module._load (node:internal/modules/cjs/loader:839:12)\n    at Function.executeUserEntryPoint [as runMain] (node:internal/modules/run_main:81:12)\n    at node:internal/main/run_main_module:17:47 {\n  generatedMessage: true,\n  code: 'ERR_ASSERTION',\n  actual: [ 'pythonz' ],\n  expected: true,\n  operator: 'deepEqual'\n}\n\nNode.js v18.7.0\n",
      "exit_code": 1,
      "status": "AssertionError"
    },
    {
      "program": "//Write a function that matches a word containing 'z'.\nfunction text_match_wordz(text){\n    var pattern = /\\w*z\\w*/;\n    if(text.match(pattern)){\n        return true;\n    }\n    return false;\n}\nconst assert = require('node:assert');\n\n\nfunction test() {\n  let candidate = text_match_wordz;\n  assert.deepEqual(candidate(\"pythonz.\"),true);\n  assert.deepEqual(candidate(\"xyz.\"),true);\n  assert.deepEqual(candidate(\"  lang  .\"),false);\n}\n\ntest();",
      "timestamp": 1666123475,
      "stdout": "",
      "stderr": "",
      "exit_code": 0,
      "status": "OK"
    },
    {
      "program": "//Write a function that matches a word containing 'z'.\nfunction text_match_wordz(text){\n    let regex = /\\w*z\\w*/;\n    return regex.test(text);\n}\nconst assert = require('node:assert');\n\n\nfunction test() {\n  let candidate = text_match_wordz;\n  assert.deepEqual(candidate(\"pythonz.\"),true);\n  assert.deepEqual(candidate(\"xyz.\"),true);\n  assert.deepEqual(candidate(\"  lang  .\"),false);\n}\n\ntest();",
      "timestamp": 1665510608,
      "stdout": "",
      "stderr": "",
      "exit_code": 0,
      "status": "OK"
    },
    {
      "program": "//Write a function that matches a word containing 'z'.\nfunction text_match_wordz(text){\n    let regex = /\\w*z\\w*/g;\n    return text.match(regex);\n}\nconst assert = require('node:assert');\n\n\nfunction test() {\n  let candidate = text_match_wordz;\n  assert.deepEqual(candidate(\"pythonz.\"),true);\n  assert.deepEqual(candidate(\"xyz.\"),true);\n  assert.deepEqual(candidate(\"  lang  .\"),false);\n}\n\ntest();",
      "timestamp": 1665510608,
      "stdout": "",
      "stderr": "node:assert:124\n  throw new AssertionError(obj);\n  ^\n\nAssertionError [ERR_ASSERTION]: Expected values to be loosely deep-equal:\n\n[\n  'pythonz'\n]\n\nshould loosely deep-equal\n\ntrue\n    at test (/tmp/tmpf7u3vc9o.js:11:10)\n    at Object.<anonymous> (/tmp/tmpf7u3vc9o.js:16:1)\n    at Module._compile (node:internal/modules/cjs/loader:1120:14)\n    at Module._extensions..js (node:internal/modules/cjs/loader:1174:10)\n    at Module.load (node:internal/modules/cjs/loader:998:32)\n    at Module._load (node:internal/modules/cjs/loader:839:12)\n    at Function.executeUserEntryPoint [as runMain] (node:internal/modules/run_main:81:12)\n    at node:internal/main/run_main_module:17:47 {\n  generatedMessage: true,\n  code: 'ERR_ASSERTION',\n  actual: [ 'pythonz' ],\n  expected: true,\n  operator: 'deepEqual'\n}\n\nNode.js v18.7.0\n",
      "exit_code": 1,
      "status": "AssertionError"
    },
    {
      "program": "//Write a function that matches a word containing 'z'.\nfunction text_match_wordz(text){\n    let pattern = /\\w*z\\w*/;\n    return pattern.test(text);\n}\nconst assert = require('node:assert');\n\n\nfunction test() {\n  let candidate = text_match_wordz;\n  assert.deepEqual(candidate(\"pythonz.\"),true);\n  assert.deepEqual(candidate(\"xyz.\"),true);\n  assert.deepEqual(candidate(\"  lang  .\"),false);\n}\n\ntest();",
      "timestamp": 1665510608,
      "stdout": "",
      "stderr": "",
      "exit_code": 0,
      "status": "OK"
    },
    {
      "program": "//Write a function that matches a word containing 'z'.\nfunction text_match_wordz(text){\n    var regex = /\\w*z\\w*/;\n    return regex.test(text);\n}\n\nconst assert = require('node:assert');\n\n\nfunction test() {\n  let candidate = text_match_wordz;\n  assert.deepEqual(candidate(\"pythonz.\"),true);\n  assert.deepEqual(candidate(\"xyz.\"),true);\n  assert.deepEqual(candidate(\"  lang  .\"),false);\n}\n\ntest();",
      "timestamp": 1666123474,
      "stdout": "",
      "stderr": "",
      "exit_code": 0,
      "status": "OK"
    },
    {
      "program": "//Write a function that matches a word containing 'z'.\nfunction text_match_wordz(text){\n    var re = /\\b[z]\\w+/g;\n    var result = text.match(re);\n    return result;\n}\nconst assert = require('node:assert');\n\n\nfunction test() {\n  let candidate = text_match_wordz;\n  assert.deepEqual(candidate(\"pythonz.\"),true);\n  assert.deepEqual(candidate(\"xyz.\"),true);\n  assert.deepEqual(candidate(\"  lang  .\"),false);\n}\n\ntest();",
      "timestamp": 1666123475,
      "stdout": "",
      "stderr": "node:assert:124\n  throw new AssertionError(obj);\n  ^\n\nAssertionError [ERR_ASSERTION]: Expected values to be loosely deep-equal:\n\nnull\n\nshould loosely deep-equal\n\ntrue\n    at test (/tmp/tmpnembyoba.js:12:10)\n    at Object.<anonymous> (/tmp/tmpnembyoba.js:17:1)\n    at Module._compile (node:internal/modules/cjs/loader:1120:14)\n    at Module._extensions..js (node:internal/modules/cjs/loader:1174:10)\n    at Module.load (node:internal/modules/cjs/loader:998:32)\n    at Module._load (node:internal/modules/cjs/loader:839:12)\n    at Function.executeUserEntryPoint [as runMain] (node:internal/modules/run_main:81:12)\n    at node:internal/main/run_main_module:17:47 {\n  generatedMessage: true,\n  code: 'ERR_ASSERTION',\n  actual: null,\n  expected: true,\n  operator: 'deepEqual'\n}\n\nNode.js v18.7.0\n",
      "exit_code": 1,
      "status": "AssertionError"
    },
    {
      "program": "//Write a function that matches a word containing 'z'.\nfunction text_match_wordz(text){\n    var pattern = /\\w*z\\w*/;\n    return pattern.test(text);\n}\nconst assert = require('node:assert');\n\n\nfunction test() {\n  let candidate = text_match_wordz;\n  assert.deepEqual(candidate(\"pythonz.\"),true);\n  assert.deepEqual(candidate(\"xyz.\"),true);\n  assert.deepEqual(candidate(\"  lang  .\"),false);\n}\n\ntest();",
      "timestamp": 1666123474,
      "stdout": "",
      "stderr": "",
      "exit_code": 0,
      "status": "OK"
    },
    {
      "program": "//Write a function that matches a word containing 'z'.\nfunction text_match_wordz(text){\n    let regex = /\\w*z\\w*/;\n    return regex.test(text);\n}\nconst assert = require('node:assert');\n\n\nfunction test() {\n  let candidate = text_match_wordz;\n  assert.deepEqual(candidate(\"pythonz.\"),true);\n  assert.deepEqual(candidate(\"xyz.\"),true);\n  assert.deepEqual(candidate(\"  lang  .\"),false);\n}\n\ntest();",
      "timestamp": 1665510608,
      "stdout": "",
      "stderr": "",
      "exit_code": 0,
      "status": "OK"
    },
    {
      "program": "//Write a function that matches a word containing 'z'.\nfunction text_match_wordz(text){\n    var regex = /\\w*z\\w*/;\n    return regex.test(text);\n}\nconst assert = require('node:assert');\n\n\nfunction test() {\n  let candidate = text_match_wordz;\n  assert.deepEqual(candidate(\"pythonz.\"),true);\n  assert.deepEqual(candidate(\"xyz.\"),true);\n  assert.deepEqual(candidate(\"  lang  .\"),false);\n}\n\ntest();",
      "timestamp": 1665510608,
      "stdout": "",
      "stderr": "",
      "exit_code": 0,
      "status": "OK"
    },
    {
      "program": "//Write a function that matches a word containing 'z'.\nfunction text_match_wordz(text){\n    let regex = /\\w*z\\w*/;\n    return regex.test(text);\n}\n\nconst assert = require('node:assert');\n\n\nfunction test() {\n  let candidate = text_match_wordz;\n  assert.deepEqual(candidate(\"pythonz.\"),true);\n  assert.deepEqual(candidate(\"xyz.\"),true);\n  assert.deepEqual(candidate(\"  lang  .\"),false);\n}\n\ntest();",
      "timestamp": 1665510608,
      "stdout": "",
      "stderr": "",
      "exit_code": 0,
      "status": "OK"
    },
    {
      "program": "//Write a function that matches a word containing 'z'.\nfunction text_match_wordz(text){\n    let regex = /\\bz\\w+\\b/g;\n    let result = text.match(regex);\n    return result;\n}\nconst assert = require('node:assert');\n\n\nfunction test() {\n  let candidate = text_match_wordz;\n  assert.deepEqual(candidate(\"pythonz.\"),true);\n  assert.deepEqual(candidate(\"xyz.\"),true);\n  assert.deepEqual(candidate(\"  lang  .\"),false);\n}\n\ntest();",
      "timestamp": 1666123474,
      "stdout": "",
      "stderr": "node:assert:124\n  throw new AssertionError(obj);\n  ^\n\nAssertionError [ERR_ASSERTION]: Expected values to be loosely deep-equal:\n\nnull\n\nshould loosely deep-equal\n\ntrue\n    at test (/tmp/tmp9qojw89n.js:12:10)\n    at Object.<anonymous> (/tmp/tmp9qojw89n.js:17:1)\n    at Module._compile (node:internal/modules/cjs/loader:1120:14)\n    at Module._extensions..js (node:internal/modules/cjs/loader:1174:10)\n    at Module.load (node:internal/modules/cjs/loader:998:32)\n    at Module._load (node:internal/modules/cjs/loader:839:12)\n    at Function.executeUserEntryPoint [as runMain] (node:internal/modules/run_main:81:12)\n    at node:internal/main/run_main_module:17:47 {\n  generatedMessage: true,\n  code: 'ERR_ASSERTION',\n  actual: null,\n  expected: true,\n  operator: 'deepEqual'\n}\n\nNode.js v18.7.0\n",
      "exit_code": 1,
      "status": "AssertionError"
    },
    {
      "program": "//Write a function that matches a word containing 'z'.\nfunction text_match_wordz(text){\n    let regex = /\\w*z\\w*/g;\n    return text.match(regex);\n}\n\nconst assert = require('node:assert');\n\n\nfunction test() {\n  let candidate = text_match_wordz;\n  assert.deepEqual(candidate(\"pythonz.\"),true);\n  assert.deepEqual(candidate(\"xyz.\"),true);\n  assert.deepEqual(candidate(\"  lang  .\"),false);\n}\n\ntest();",
      "timestamp": 1665510608,
      "stdout": "",
      "stderr": "node:assert:124\n  throw new AssertionError(obj);\n  ^\n\nAssertionError [ERR_ASSERTION]: Expected values to be loosely deep-equal:\n\n[\n  'pythonz'\n]\n\nshould loosely deep-equal\n\ntrue\n    at test (/tmp/tmpvml7zjhz.js:12:10)\n    at Object.<anonymous> (/tmp/tmpvml7zjhz.js:17:1)\n    at Module._compile (node:internal/modules/cjs/loader:1120:14)\n    at Module._extensions..js (node:internal/modules/cjs/loader:1174:10)\n    at Module.load (node:internal/modules/cjs/loader:998:32)\n    at Module._load (node:internal/modules/cjs/loader:839:12)\n    at Function.executeUserEntryPoint [as runMain] (node:internal/modules/run_main:81:12)\n    at node:internal/main/run_main_module:17:47 {\n  generatedMessage: true,\n  code: 'ERR_ASSERTION',\n  actual: [ 'pythonz' ],\n  expected: true,\n  operator: 'deepEqual'\n}\n\nNode.js v18.7.0\n",
      "exit_code": 1,
      "status": "AssertionError"
    },
    {
      "program": "//Write a function that matches a word containing 'z'.\nfunction text_match_wordz(text){\n    var regex = /\\w*z\\w*/;\n    return regex.test(text);\n}\n\nconst assert = require('node:assert');\n\n\nfunction test() {\n  let candidate = text_match_wordz;\n  assert.deepEqual(candidate(\"pythonz.\"),true);\n  assert.deepEqual(candidate(\"xyz.\"),true);\n  assert.deepEqual(candidate(\"  lang  .\"),false);\n}\n\ntest();",
      "timestamp": 1666123474,
      "stdout": "",
      "stderr": "",
      "exit_code": 0,
      "status": "OK"
    },
    {
      "program": "//Write a function that matches a word containing 'z'.\nfunction text_match_wordz(text){\n    let regex = /\\w*z\\w*/;\n    let result = text.match(regex);\n    return result;\n}\n\nconst assert = require('node:assert');\n\n\nfunction test() {\n  let candidate = text_match_wordz;\n  assert.deepEqual(candidate(\"pythonz.\"),true);\n  assert.deepEqual(candidate(\"xyz.\"),true);\n  assert.deepEqual(candidate(\"  lang  .\"),false);\n}\n\ntest();",
      "timestamp": 1666123474,
      "stdout": "",
      "stderr": "node:assert:124\n  throw new AssertionError(obj);\n  ^\n\nAssertionError [ERR_ASSERTION]: Expected values to be loosely deep-equal:\n\n[\n  'pythonz',\n  groups: undefined,\n  index: 0,\n  input: 'pythonz.'\n]\n\nshould loosely deep-equal\n\ntrue\n    at test (/tmp/tmpuho74mxy.js:13:10)\n    at Object.<anonymous> (/tmp/tmpuho74mxy.js:18:1)\n    at Module._compile (node:internal/modules/cjs/loader:1120:14)\n    at Module._extensions..js (node:internal/modules/cjs/loader:1174:10)\n    at Module.load (node:internal/modules/cjs/loader:998:32)\n    at Module._load (node:internal/modules/cjs/loader:839:12)\n    at Function.executeUserEntryPoint [as runMain] (node:internal/modules/run_main:81:12)\n    at node:internal/main/run_main_module:17:47 {\n  generatedMessage: true,\n  code: 'ERR_ASSERTION',\n  actual: [ 'pythonz', index: 0, input: 'pythonz.', groups: undefined ],\n  expected: true,\n  operator: 'deepEqual'\n}\n\nNode.js v18.7.0\n",
      "exit_code": 1,
      "status": "AssertionError"
    },
    {
      "program": "//Write a function that matches a word containing 'z'.\nfunction text_match_wordz(text){\n    var regex = /\\b[z]\\w+/g;\n    var result = text.match(regex);\n    return result;\n}\n\nconst assert = require('node:assert');\n\n\nfunction test() {\n  let candidate = text_match_wordz;\n  assert.deepEqual(candidate(\"pythonz.\"),true);\n  assert.deepEqual(candidate(\"xyz.\"),true);\n  assert.deepEqual(candidate(\"  lang  .\"),false);\n}\n\ntest();",
      "timestamp": 1666123475,
      "stdout": "",
      "stderr": "node:assert:124\n  throw new AssertionError(obj);\n  ^\n\nAssertionError [ERR_ASSERTION]: Expected values to be loosely deep-equal:\n\nnull\n\nshould loosely deep-equal\n\ntrue\n    at test (/tmp/tmp_dnuu9ng.js:13:10)\n    at Object.<anonymous> (/tmp/tmp_dnuu9ng.js:18:1)\n    at Module._compile (node:internal/modules/cjs/loader:1120:14)\n    at Module._extensions..js (node:internal/modules/cjs/loader:1174:10)\n    at Module.load (node:internal/modules/cjs/loader:998:32)\n    at Module._load (node:internal/modules/cjs/loader:839:12)\n    at Function.executeUserEntryPoint [as runMain] (node:internal/modules/run_main:81:12)\n    at node:internal/main/run_main_module:17:47 {\n  generatedMessage: true,\n  code: 'ERR_ASSERTION',\n  actual: null,\n  expected: true,\n  operator: 'deepEqual'\n}\n\nNode.js v18.7.0\n",
      "exit_code": 1,
      "status": "AssertionError"
    },
    {
      "program": "//Write a function that matches a word containing 'z'.\nfunction text_match_wordz(text){\n    var match = text.match(/\\w*z\\w*/gi);\n    return match;\n}\nconst assert = require('node:assert');\n\n\nfunction test() {\n  let candidate = text_match_wordz;\n  assert.deepEqual(candidate(\"pythonz.\"),true);\n  assert.deepEqual(candidate(\"xyz.\"),true);\n  assert.deepEqual(candidate(\"  lang  .\"),false);\n}\n\ntest();",
      "timestamp": 1666123475,
      "stdout": "",
      "stderr": "node:assert:124\n  throw new AssertionError(obj);\n  ^\n\nAssertionError [ERR_ASSERTION]: Expected values to be loosely deep-equal:\n\n[\n  'pythonz'\n]\n\nshould loosely deep-equal\n\ntrue\n    at test (/tmp/tmptybwfea7.js:11:10)\n    at Object.<anonymous> (/tmp/tmptybwfea7.js:16:1)\n    at Module._compile (node:internal/modules/cjs/loader:1120:14)\n    at Module._extensions..js (node:internal/modules/cjs/loader:1174:10)\n    at Module.load (node:internal/modules/cjs/loader:998:32)\n    at Module._load (node:internal/modules/cjs/loader:839:12)\n    at Function.executeUserEntryPoint [as runMain] (node:internal/modules/run_main:81:12)\n    at node:internal/main/run_main_module:17:47 {\n  generatedMessage: true,\n  code: 'ERR_ASSERTION',\n  actual: [ 'pythonz' ],\n  expected: true,\n  operator: 'deepEqual'\n}\n\nNode.js v18.7.0\n",
      "exit_code": 1,
      "status": "AssertionError"
    },
    {
      "program": "//Write a function that matches a word containing 'z'.\nfunction text_match_wordz(text){\n    let regex = /\\w*z\\w*/g;\n    return text.match(regex);\n}\nconst assert = require('node:assert');\n\n\nfunction test() {\n  let candidate = text_match_wordz;\n  assert.deepEqual(candidate(\"pythonz.\"),true);\n  assert.deepEqual(candidate(\"xyz.\"),true);\n  assert.deepEqual(candidate(\"  lang  .\"),false);\n}\n\ntest();",
      "timestamp": 1665510608,
      "stdout": "",
      "stderr": "node:assert:124\n  throw new AssertionError(obj);\n  ^\n\nAssertionError [ERR_ASSERTION]: Expected values to be loosely deep-equal:\n\n[\n  'pythonz'\n]\n\nshould loosely deep-equal\n\ntrue\n    at test (/tmp/tmpf7u3vc9o.js:11:10)\n    at Object.<anonymous> (/tmp/tmpf7u3vc9o.js:16:1)\n    at Module._compile (node:internal/modules/cjs/loader:1120:14)\n    at Module._extensions..js (node:internal/modules/cjs/loader:1174:10)\n    at Module.load (node:internal/modules/cjs/loader:998:32)\n    at Module._load (node:internal/modules/cjs/loader:839:12)\n    at Function.executeUserEntryPoint [as runMain] (node:internal/modules/run_main:81:12)\n    at node:internal/main/run_main_module:17:47 {\n  generatedMessage: true,\n  code: 'ERR_ASSERTION',\n  actual: [ 'pythonz' ],\n  expected: true,\n  operator: 'deepEqual'\n}\n\nNode.js v18.7.0\n",
      "exit_code": 1,
      "status": "AssertionError"
    },
    {
      "program": "//Write a function that matches a word containing 'z'.\nfunction text_match_wordz(text){\n    var pattern = /\\w*z\\w*/;\n    if(pattern.test(text)){\n        return true;\n    }\n    return false;\n}\nconst assert = require('node:assert');\n\n\nfunction test() {\n  let candidate = text_match_wordz;\n  assert.deepEqual(candidate(\"pythonz.\"),true);\n  assert.deepEqual(candidate(\"xyz.\"),true);\n  assert.deepEqual(candidate(\"  lang  .\"),false);\n}\n\ntest();",
      "timestamp": 1666123474,
      "stdout": "",
      "stderr": "",
      "exit_code": 0,
      "status": "OK"
    },
    {
      "program": "//Write a function that matches a word containing 'z'.\nfunction text_match_wordz(text){\n    let regex = /\\w*z\\w*/g;\n    let result = text.match(regex);\n    return result;\n}\nconst assert = require('node:assert');\n\n\nfunction test() {\n  let candidate = text_match_wordz;\n  assert.deepEqual(candidate(\"pythonz.\"),true);\n  assert.deepEqual(candidate(\"xyz.\"),true);\n  assert.deepEqual(candidate(\"  lang  .\"),false);\n}\n\ntest();",
      "timestamp": 1665510608,
      "stdout": "",
      "stderr": "node:assert:124\n  throw new AssertionError(obj);\n  ^\n\nAssertionError [ERR_ASSERTION]: Expected values to be loosely deep-equal:\n\n[\n  'pythonz'\n]\n\nshould loosely deep-equal\n\ntrue\n    at test (/tmp/tmpauhxm3l3.js:12:10)\n    at Object.<anonymous> (/tmp/tmpauhxm3l3.js:17:1)\n    at Module._compile (node:internal/modules/cjs/loader:1120:14)\n    at Module._extensions..js (node:internal/modules/cjs/loader:1174:10)\n    at Module.load (node:internal/modules/cjs/loader:998:32)\n    at Module._load (node:internal/modules/cjs/loader:839:12)\n    at Function.executeUserEntryPoint [as runMain] (node:internal/modules/run_main:81:12)\n    at node:internal/main/run_main_module:17:47 {\n  generatedMessage: true,\n  code: 'ERR_ASSERTION',\n  actual: [ 'pythonz' ],\n  expected: true,\n  operator: 'deepEqual'\n}\n\nNode.js v18.7.0\n",
      "exit_code": 1,
      "status": "AssertionError"
    },
    {
      "program": "//Write a function that matches a word containing 'z'.\nfunction text_match_wordz(text){\n    let wordz = /\\w*z\\w*/;\n    return text.match(wordz);\n}\nconst assert = require('node:assert');\n\n\nfunction test() {\n  let candidate = text_match_wordz;\n  assert.deepEqual(candidate(\"pythonz.\"),true);\n  assert.deepEqual(candidate(\"xyz.\"),true);\n  assert.deepEqual(candidate(\"  lang  .\"),false);\n}\n\ntest();",
      "timestamp": 1666123475,
      "stdout": "",
      "stderr": "node:assert:124\n  throw new AssertionError(obj);\n  ^\n\nAssertionError [ERR_ASSERTION]: Expected values to be loosely deep-equal:\n\n[\n  'pythonz',\n  groups: undefined,\n  index: 0,\n  input: 'pythonz.'\n]\n\nshould loosely deep-equal\n\ntrue\n    at test (/tmp/tmpec0nbtzb.js:11:10)\n    at Object.<anonymous> (/tmp/tmpec0nbtzb.js:16:1)\n    at Module._compile (node:internal/modules/cjs/loader:1120:14)\n    at Module._extensions..js (node:internal/modules/cjs/loader:1174:10)\n    at Module.load (node:internal/modules/cjs/loader:998:32)\n    at Module._load (node:internal/modules/cjs/loader:839:12)\n    at Function.executeUserEntryPoint [as runMain] (node:internal/modules/run_main:81:12)\n    at node:internal/main/run_main_module:17:47 {\n  generatedMessage: true,\n  code: 'ERR_ASSERTION',\n  actual: [ 'pythonz', index: 0, input: 'pythonz.', groups: undefined ],\n  expected: true,\n  operator: 'deepEqual'\n}\n\nNode.js v18.7.0\n",
      "exit_code": 1,
      "status": "AssertionError"
    },
    {
      "program": "//Write a function that matches a word containing 'z'.\nfunction text_match_wordz(text){\n    var regex = /\\w*z\\w*/;\n    return text.match(regex);\n}\nconst assert = require('node:assert');\n\n\nfunction test() {\n  let candidate = text_match_wordz;\n  assert.deepEqual(candidate(\"pythonz.\"),true);\n  assert.deepEqual(candidate(\"xyz.\"),true);\n  assert.deepEqual(candidate(\"  lang  .\"),false);\n}\n\ntest();",
      "timestamp": 1665510608,
      "stdout": "",
      "stderr": "node:assert:124\n  throw new AssertionError(obj);\n  ^\n\nAssertionError [ERR_ASSERTION]: Expected values to be loosely deep-equal:\n\n[\n  'pythonz',\n  groups: undefined,\n  index: 0,\n  input: 'pythonz.'\n]\n\nshould loosely deep-equal\n\ntrue\n    at test (/tmp/tmpck78mdto.js:11:10)\n    at Object.<anonymous> (/tmp/tmpck78mdto.js:16:1)\n    at Module._compile (node:internal/modules/cjs/loader:1120:14)\n    at Module._extensions..js (node:internal/modules/cjs/loader:1174:10)\n    at Module.load (node:internal/modules/cjs/loader:998:32)\n    at Module._load (node:internal/modules/cjs/loader:839:12)\n    at Function.executeUserEntryPoint [as runMain] (node:internal/modules/run_main:81:12)\n    at node:internal/main/run_main_module:17:47 {\n  generatedMessage: true,\n  code: 'ERR_ASSERTION',\n  actual: [ 'pythonz', index: 0, input: 'pythonz.', groups: undefined ],\n  expected: true,\n  operator: 'deepEqual'\n}\n\nNode.js v18.7.0\n",
      "exit_code": 1,
      "status": "AssertionError"
    },
    {
      "program": "//Write a function that matches a word containing 'z'.\nfunction text_match_wordz(text){\n    let regex = /\\w*z\\w*/g;\n    return text.match(regex);\n}\nconst assert = require('node:assert');\n\n\nfunction test() {\n  let candidate = text_match_wordz;\n  assert.deepEqual(candidate(\"pythonz.\"),true);\n  assert.deepEqual(candidate(\"xyz.\"),true);\n  assert.deepEqual(candidate(\"  lang  .\"),false);\n}\n\ntest();",
      "timestamp": 1665510608,
      "stdout": "",
      "stderr": "node:assert:124\n  throw new AssertionError(obj);\n  ^\n\nAssertionError [ERR_ASSERTION]: Expected values to be loosely deep-equal:\n\n[\n  'pythonz'\n]\n\nshould loosely deep-equal\n\ntrue\n    at test (/tmp/tmpf7u3vc9o.js:11:10)\n    at Object.<anonymous> (/tmp/tmpf7u3vc9o.js:16:1)\n    at Module._compile (node:internal/modules/cjs/loader:1120:14)\n    at Module._extensions..js (node:internal/modules/cjs/loader:1174:10)\n    at Module.load (node:internal/modules/cjs/loader:998:32)\n    at Module._load (node:internal/modules/cjs/loader:839:12)\n    at Function.executeUserEntryPoint [as runMain] (node:internal/modules/run_main:81:12)\n    at node:internal/main/run_main_module:17:47 {\n  generatedMessage: true,\n  code: 'ERR_ASSERTION',\n  actual: [ 'pythonz' ],\n  expected: true,\n  operator: 'deepEqual'\n}\n\nNode.js v18.7.0\n",
      "exit_code": 1,
      "status": "AssertionError"
    },
    {
      "program": "//Write a function that matches a word containing 'z'.\nfunction text_match_wordz(text){\n    let match = text.match(/\\w*z\\w*/g);\n    return match;\n}\nconst assert = require('node:assert');\n\n\nfunction test() {\n  let candidate = text_match_wordz;\n  assert.deepEqual(candidate(\"pythonz.\"),true);\n  assert.deepEqual(candidate(\"xyz.\"),true);\n  assert.deepEqual(candidate(\"  lang  .\"),false);\n}\n\ntest();",
      "timestamp": 1666123474,
      "stdout": "",
      "stderr": "node:assert:124\n  throw new AssertionError(obj);\n  ^\n\nAssertionError [ERR_ASSERTION]: Expected values to be loosely deep-equal:\n\n[\n  'pythonz'\n]\n\nshould loosely deep-equal\n\ntrue\n    at test (/tmp/tmp_81cl_fe.js:11:10)\n    at Object.<anonymous> (/tmp/tmp_81cl_fe.js:16:1)\n    at Module._compile (node:internal/modules/cjs/loader:1120:14)\n    at Module._extensions..js (node:internal/modules/cjs/loader:1174:10)\n    at Module.load (node:internal/modules/cjs/loader:998:32)\n    at Module._load (node:internal/modules/cjs/loader:839:12)\n    at Function.executeUserEntryPoint [as runMain] (node:internal/modules/run_main:81:12)\n    at node:internal/main/run_main_module:17:47 {\n  generatedMessage: true,\n  code: 'ERR_ASSERTION',\n  actual: [ 'pythonz' ],\n  expected: true,\n  operator: 'deepEqual'\n}\n\nNode.js v18.7.0\n",
      "exit_code": 1,
      "status": "AssertionError"
    },
    {
      "program": "//Write a function that matches a word containing 'z'.\nfunction text_match_wordz(text){\n    let regex = /\\w*z\\w*/;\n    return regex.test(text);\n}\nconst assert = require('node:assert');\n\n\nfunction test() {\n  let candidate = text_match_wordz;\n  assert.deepEqual(candidate(\"pythonz.\"),true);\n  assert.deepEqual(candidate(\"xyz.\"),true);\n  assert.deepEqual(candidate(\"  lang  .\"),false);\n}\n\ntest();",
      "timestamp": 1665510608,
      "stdout": "",
      "stderr": "",
      "exit_code": 0,
      "status": "OK"
    },
    {
      "program": "//Write a function that matches a word containing 'z'.\nfunction text_match_wordz(text){\n    let regex = /\\w*z\\w*/;\n    return regex.test(text);\n}\nconst assert = require('node:assert');\n\n\nfunction test() {\n  let candidate = text_match_wordz;\n  assert.deepEqual(candidate(\"pythonz.\"),true);\n  assert.deepEqual(candidate(\"xyz.\"),true);\n  assert.deepEqual(candidate(\"  lang  .\"),false);\n}\n\ntest();",
      "timestamp": 1665510608,
      "stdout": "",
      "stderr": "",
      "exit_code": 0,
      "status": "OK"
    },
    {
      "program": "//Write a function that matches a word containing 'z'.\nfunction text_match_wordz(text){\n    let match = text.match(/\\w*z\\w*/gi);\n    return match;\n}\nconst assert = require('node:assert');\n\n\nfunction test() {\n  let candidate = text_match_wordz;\n  assert.deepEqual(candidate(\"pythonz.\"),true);\n  assert.deepEqual(candidate(\"xyz.\"),true);\n  assert.deepEqual(candidate(\"  lang  .\"),false);\n}\n\ntest();",
      "timestamp": 1665510608,
      "stdout": "",
      "stderr": "node:assert:124\n  throw new AssertionError(obj);\n  ^\n\nAssertionError [ERR_ASSERTION]: Expected values to be loosely deep-equal:\n\n[\n  'pythonz'\n]\n\nshould loosely deep-equal\n\ntrue\n    at test (/tmp/tmp5m242c6p.js:11:10)\n    at Object.<anonymous> (/tmp/tmp5m242c6p.js:16:1)\n    at Module._compile (node:internal/modules/cjs/loader:1120:14)\n    at Module._extensions..js (node:internal/modules/cjs/loader:1174:10)\n    at Module.load (node:internal/modules/cjs/loader:998:32)\n    at Module._load (node:internal/modules/cjs/loader:839:12)\n    at Function.executeUserEntryPoint [as runMain] (node:internal/modules/run_main:81:12)\n    at node:internal/main/run_main_module:17:47 {\n  generatedMessage: true,\n  code: 'ERR_ASSERTION',\n  actual: [ 'pythonz' ],\n  expected: true,\n  operator: 'deepEqual'\n}\n\nNode.js v18.7.0\n",
      "exit_code": 1,
      "status": "AssertionError"
    },
    {
      "program": "//Write a function that matches a word containing 'z'.\nfunction text_match_wordz(text){\n    let wordz = /\\w*z\\w*/;\n    return text.match(wordz);\n}\nconst assert = require('node:assert');\n\n\nfunction test() {\n  let candidate = text_match_wordz;\n  assert.deepEqual(candidate(\"pythonz.\"),true);\n  assert.deepEqual(candidate(\"xyz.\"),true);\n  assert.deepEqual(candidate(\"  lang  .\"),false);\n}\n\ntest();",
      "timestamp": 1666123475,
      "stdout": "",
      "stderr": "node:assert:124\n  throw new AssertionError(obj);\n  ^\n\nAssertionError [ERR_ASSERTION]: Expected values to be loosely deep-equal:\n\n[\n  'pythonz',\n  groups: undefined,\n  index: 0,\n  input: 'pythonz.'\n]\n\nshould loosely deep-equal\n\ntrue\n    at test (/tmp/tmpec0nbtzb.js:11:10)\n    at Object.<anonymous> (/tmp/tmpec0nbtzb.js:16:1)\n    at Module._compile (node:internal/modules/cjs/loader:1120:14)\n    at Module._extensions..js (node:internal/modules/cjs/loader:1174:10)\n    at Module.load (node:internal/modules/cjs/loader:998:32)\n    at Module._load (node:internal/modules/cjs/loader:839:12)\n    at Function.executeUserEntryPoint [as runMain] (node:internal/modules/run_main:81:12)\n    at node:internal/main/run_main_module:17:47 {\n  generatedMessage: true,\n  code: 'ERR_ASSERTION',\n  actual: [ 'pythonz', index: 0, input: 'pythonz.', groups: undefined ],\n  expected: true,\n  operator: 'deepEqual'\n}\n\nNode.js v18.7.0\n",
      "exit_code": 1,
      "status": "AssertionError"
    },
    {
      "program": "//Write a function that matches a word containing 'z'.\nfunction text_match_wordz(text){\n    let pattern = /\\w*z\\w*/;\n    return text.match(pattern);\n}\nconst assert = require('node:assert');\n\n\nfunction test() {\n  let candidate = text_match_wordz;\n  assert.deepEqual(candidate(\"pythonz.\"),true);\n  assert.deepEqual(candidate(\"xyz.\"),true);\n  assert.deepEqual(candidate(\"  lang  .\"),false);\n}\n\ntest();",
      "timestamp": 1666123475,
      "stdout": "",
      "stderr": "node:assert:124\n  throw new AssertionError(obj);\n  ^\n\nAssertionError [ERR_ASSERTION]: Expected values to be loosely deep-equal:\n\n[\n  'pythonz',\n  groups: undefined,\n  index: 0,\n  input: 'pythonz.'\n]\n\nshould loosely deep-equal\n\ntrue\n    at test (/tmp/tmppgppgsaw.js:11:10)\n    at Object.<anonymous> (/tmp/tmppgppgsaw.js:16:1)\n    at Module._compile (node:internal/modules/cjs/loader:1120:14)\n    at Module._extensions..js (node:internal/modules/cjs/loader:1174:10)\n    at Module.load (node:internal/modules/cjs/loader:998:32)\n    at Module._load (node:internal/modules/cjs/loader:839:12)\n    at Function.executeUserEntryPoint [as runMain] (node:internal/modules/run_main:81:12)\n    at node:internal/main/run_main_module:17:47 {\n  generatedMessage: true,\n  code: 'ERR_ASSERTION',\n  actual: [ 'pythonz', index: 0, input: 'pythonz.', groups: undefined ],\n  expected: true,\n  operator: 'deepEqual'\n}\n\nNode.js v18.7.0\n",
      "exit_code": 1,
      "status": "AssertionError"
    },
    {
      "program": "//Write a function that matches a word containing 'z'.\nfunction text_match_wordz(text){\n    var re = /\\w*z\\w*/;\n    return text.match(re);\n}\n\nconst assert = require('node:assert');\n\n\nfunction test() {\n  let candidate = text_match_wordz;\n  assert.deepEqual(candidate(\"pythonz.\"),true);\n  assert.deepEqual(candidate(\"xyz.\"),true);\n  assert.deepEqual(candidate(\"  lang  .\"),false);\n}\n\ntest();",
      "timestamp": 1666123475,
      "stdout": "",
      "stderr": "node:assert:124\n  throw new AssertionError(obj);\n  ^\n\nAssertionError [ERR_ASSERTION]: Expected values to be loosely deep-equal:\n\n[\n  'pythonz',\n  groups: undefined,\n  index: 0,\n  input: 'pythonz.'\n]\n\nshould loosely deep-equal\n\ntrue\n    at test (/tmp/tmp4crmpfzi.js:12:10)\n    at Object.<anonymous> (/tmp/tmp4crmpfzi.js:17:1)\n    at Module._compile (node:internal/modules/cjs/loader:1120:14)\n    at Module._extensions..js (node:internal/modules/cjs/loader:1174:10)\n    at Module.load (node:internal/modules/cjs/loader:998:32)\n    at Module._load (node:internal/modules/cjs/loader:839:12)\n    at Function.executeUserEntryPoint [as runMain] (node:internal/modules/run_main:81:12)\n    at node:internal/main/run_main_module:17:47 {\n  generatedMessage: true,\n  code: 'ERR_ASSERTION',\n  actual: [ 'pythonz', index: 0, input: 'pythonz.', groups: undefined ],\n  expected: true,\n  operator: 'deepEqual'\n}\n\nNode.js v18.7.0\n",
      "exit_code": 1,
      "status": "AssertionError"
    },
    {
      "program": "//Write a function that matches a word containing 'z'.\nfunction text_match_wordz(text){\n    var pattern = /\\w*z\\w*/;\n    if(text.match(pattern)){\n        return true;\n    }\n    else{\n        return false;\n    }\n}\nconst assert = require('node:assert');\n\n\nfunction test() {\n  let candidate = text_match_wordz;\n  assert.deepEqual(candidate(\"pythonz.\"),true);\n  assert.deepEqual(candidate(\"xyz.\"),true);\n  assert.deepEqual(candidate(\"  lang  .\"),false);\n}\n\ntest();",
      "timestamp": 1666123475,
      "stdout": "",
      "stderr": "",
      "exit_code": 0,
      "status": "OK"
    },
    {
      "program": "//Write a function that matches a word containing 'z'.\nfunction text_match_wordz(text){\n    var regex = /\\w*z\\w*/;\n    return text.match(regex);\n}\nconst assert = require('node:assert');\n\n\nfunction test() {\n  let candidate = text_match_wordz;\n  assert.deepEqual(candidate(\"pythonz.\"),true);\n  assert.deepEqual(candidate(\"xyz.\"),true);\n  assert.deepEqual(candidate(\"  lang  .\"),false);\n}\n\ntest();",
      "timestamp": 1665510608,
      "stdout": "",
      "stderr": "node:assert:124\n  throw new AssertionError(obj);\n  ^\n\nAssertionError [ERR_ASSERTION]: Expected values to be loosely deep-equal:\n\n[\n  'pythonz',\n  groups: undefined,\n  index: 0,\n  input: 'pythonz.'\n]\n\nshould loosely deep-equal\n\ntrue\n    at test (/tmp/tmpck78mdto.js:11:10)\n    at Object.<anonymous> (/tmp/tmpck78mdto.js:16:1)\n    at Module._compile (node:internal/modules/cjs/loader:1120:14)\n    at Module._extensions..js (node:internal/modules/cjs/loader:1174:10)\n    at Module.load (node:internal/modules/cjs/loader:998:32)\n    at Module._load (node:internal/modules/cjs/loader:839:12)\n    at Function.executeUserEntryPoint [as runMain] (node:internal/modules/run_main:81:12)\n    at node:internal/main/run_main_module:17:47 {\n  generatedMessage: true,\n  code: 'ERR_ASSERTION',\n  actual: [ 'pythonz', index: 0, input: 'pythonz.', groups: undefined ],\n  expected: true,\n  operator: 'deepEqual'\n}\n\nNode.js v18.7.0\n",
      "exit_code": 1,
      "status": "AssertionError"
    },
    {
      "program": "//Write a function that matches a word containing 'z'.\nfunction text_match_wordz(text){\n    let match = text.match(/\\w*z\\w*/ig);\n    return match;\n}\n\nconst assert = require('node:assert');\n\n\nfunction test() {\n  let candidate = text_match_wordz;\n  assert.deepEqual(candidate(\"pythonz.\"),true);\n  assert.deepEqual(candidate(\"xyz.\"),true);\n  assert.deepEqual(candidate(\"  lang  .\"),false);\n}\n\ntest();",
      "timestamp": 1666123475,
      "stdout": "",
      "stderr": "node:assert:124\n  throw new AssertionError(obj);\n  ^\n\nAssertionError [ERR_ASSERTION]: Expected values to be loosely deep-equal:\n\n[\n  'pythonz'\n]\n\nshould loosely deep-equal\n\ntrue\n    at test (/tmp/tmpb4scyqae.js:12:10)\n    at Object.<anonymous> (/tmp/tmpb4scyqae.js:17:1)\n    at Module._compile (node:internal/modules/cjs/loader:1120:14)\n    at Module._extensions..js (node:internal/modules/cjs/loader:1174:10)\n    at Module.load (node:internal/modules/cjs/loader:998:32)\n    at Module._load (node:internal/modules/cjs/loader:839:12)\n    at Function.executeUserEntryPoint [as runMain] (node:internal/modules/run_main:81:12)\n    at node:internal/main/run_main_module:17:47 {\n  generatedMessage: true,\n  code: 'ERR_ASSERTION',\n  actual: [ 'pythonz' ],\n  expected: true,\n  operator: 'deepEqual'\n}\n\nNode.js v18.7.0\n",
      "exit_code": 1,
      "status": "AssertionError"
    },
    {
      "program": "//Write a function that matches a word containing 'z'.\nfunction text_match_wordz(text){\n    let regex = /\\w*z\\w*/;\n    return regex.test(text);\n}\nconst assert = require('node:assert');\n\n\nfunction test() {\n  let candidate = text_match_wordz;\n  assert.deepEqual(candidate(\"pythonz.\"),true);\n  assert.deepEqual(candidate(\"xyz.\"),true);\n  assert.deepEqual(candidate(\"  lang  .\"),false);\n}\n\ntest();",
      "timestamp": 1665510608,
      "stdout": "",
      "stderr": "",
      "exit_code": 0,
      "status": "OK"
    },
    {
      "program": "//Write a function that matches a word containing 'z'.\nfunction text_match_wordz(text){\n    let regex = /\\bz\\w+/g;\n    return text.match(regex);\n}\nconst assert = require('node:assert');\n\n\nfunction test() {\n  let candidate = text_match_wordz;\n  assert.deepEqual(candidate(\"pythonz.\"),true);\n  assert.deepEqual(candidate(\"xyz.\"),true);\n  assert.deepEqual(candidate(\"  lang  .\"),false);\n}\n\ntest();",
      "timestamp": 1665510608,
      "stdout": "",
      "stderr": "node:assert:124\n  throw new AssertionError(obj);\n  ^\n\nAssertionError [ERR_ASSERTION]: Expected values to be loosely deep-equal:\n\nnull\n\nshould loosely deep-equal\n\ntrue\n    at test (/tmp/tmptva5ggyf.js:11:10)\n    at Object.<anonymous> (/tmp/tmptva5ggyf.js:16:1)\n    at Module._compile (node:internal/modules/cjs/loader:1120:14)\n    at Module._extensions..js (node:internal/modules/cjs/loader:1174:10)\n    at Module.load (node:internal/modules/cjs/loader:998:32)\n    at Module._load (node:internal/modules/cjs/loader:839:12)\n    at Function.executeUserEntryPoint [as runMain] (node:internal/modules/run_main:81:12)\n    at node:internal/main/run_main_module:17:47 {\n  generatedMessage: true,\n  code: 'ERR_ASSERTION',\n  actual: null,\n  expected: true,\n  operator: 'deepEqual'\n}\n\nNode.js v18.7.0\n",
      "exit_code": 1,
      "status": "AssertionError"
    },
    {
      "program": "//Write a function that matches a word containing 'z'.\nfunction text_match_wordz(text){\n    let regExp = /\\w*z\\w*/;\n    return text.match(regExp);\n}\nconst assert = require('node:assert');\n\n\nfunction test() {\n  let candidate = text_match_wordz;\n  assert.deepEqual(candidate(\"pythonz.\"),true);\n  assert.deepEqual(candidate(\"xyz.\"),true);\n  assert.deepEqual(candidate(\"  lang  .\"),false);\n}\n\ntest();",
      "timestamp": 1666123475,
      "stdout": "",
      "stderr": "node:assert:124\n  throw new AssertionError(obj);\n  ^\n\nAssertionError [ERR_ASSERTION]: Expected values to be loosely deep-equal:\n\n[\n  'pythonz',\n  groups: undefined,\n  index: 0,\n  input: 'pythonz.'\n]\n\nshould loosely deep-equal\n\ntrue\n    at test (/tmp/tmppo4nf5xs.js:11:10)\n    at Object.<anonymous> (/tmp/tmppo4nf5xs.js:16:1)\n    at Module._compile (node:internal/modules/cjs/loader:1120:14)\n    at Module._extensions..js (node:internal/modules/cjs/loader:1174:10)\n    at Module.load (node:internal/modules/cjs/loader:998:32)\n    at Module._load (node:internal/modules/cjs/loader:839:12)\n    at Function.executeUserEntryPoint [as runMain] (node:internal/modules/run_main:81:12)\n    at node:internal/main/run_main_module:17:47 {\n  generatedMessage: true,\n  code: 'ERR_ASSERTION',\n  actual: [ 'pythonz', index: 0, input: 'pythonz.', groups: undefined ],\n  expected: true,\n  operator: 'deepEqual'\n}\n\nNode.js v18.7.0\n",
      "exit_code": 1,
      "status": "AssertionError"
    },
    {
      "program": "//Write a function that matches a word containing 'z'.\nfunction text_match_wordz(text){\n    let regex = /\\w*z\\w*/;\n    return text.match(regex);\n}\nconst assert = require('node:assert');\n\n\nfunction test() {\n  let candidate = text_match_wordz;\n  assert.deepEqual(candidate(\"pythonz.\"),true);\n  assert.deepEqual(candidate(\"xyz.\"),true);\n  assert.deepEqual(candidate(\"  lang  .\"),false);\n}\n\ntest();",
      "timestamp": 1665510608,
      "stdout": "",
      "stderr": "node:assert:124\n  throw new AssertionError(obj);\n  ^\n\nAssertionError [ERR_ASSERTION]: Expected values to be loosely deep-equal:\n\n[\n  'pythonz',\n  groups: undefined,\n  index: 0,\n  input: 'pythonz.'\n]\n\nshould loosely deep-equal\n\ntrue\n    at test (/tmp/tmppushac2z.js:11:10)\n    at Object.<anonymous> (/tmp/tmppushac2z.js:16:1)\n    at Module._compile (node:internal/modules/cjs/loader:1120:14)\n    at Module._extensions..js (node:internal/modules/cjs/loader:1174:10)\n    at Module.load (node:internal/modules/cjs/loader:998:32)\n    at Module._load (node:internal/modules/cjs/loader:839:12)\n    at Function.executeUserEntryPoint [as runMain] (node:internal/modules/run_main:81:12)\n    at node:internal/main/run_main_module:17:47 {\n  generatedMessage: true,\n  code: 'ERR_ASSERTION',\n  actual: [ 'pythonz', index: 0, input: 'pythonz.', groups: undefined ],\n  expected: true,\n  operator: 'deepEqual'\n}\n\nNode.js v18.7.0\n",
      "exit_code": 1,
      "status": "AssertionError"
    },
    {
      "program": "//Write a function that matches a word containing 'z'.\nfunction text_match_wordz(text){\n    var match = text.match(/\\w*z\\w*/gi);\n    return match;\n}\nconst assert = require('node:assert');\n\n\nfunction test() {\n  let candidate = text_match_wordz;\n  assert.deepEqual(candidate(\"pythonz.\"),true);\n  assert.deepEqual(candidate(\"xyz.\"),true);\n  assert.deepEqual(candidate(\"  lang  .\"),false);\n}\n\ntest();",
      "timestamp": 1666123475,
      "stdout": "",
      "stderr": "node:assert:124\n  throw new AssertionError(obj);\n  ^\n\nAssertionError [ERR_ASSERTION]: Expected values to be loosely deep-equal:\n\n[\n  'pythonz'\n]\n\nshould loosely deep-equal\n\ntrue\n    at test (/tmp/tmptybwfea7.js:11:10)\n    at Object.<anonymous> (/tmp/tmptybwfea7.js:16:1)\n    at Module._compile (node:internal/modules/cjs/loader:1120:14)\n    at Module._extensions..js (node:internal/modules/cjs/loader:1174:10)\n    at Module.load (node:internal/modules/cjs/loader:998:32)\n    at Module._load (node:internal/modules/cjs/loader:839:12)\n    at Function.executeUserEntryPoint [as runMain] (node:internal/modules/run_main:81:12)\n    at node:internal/main/run_main_module:17:47 {\n  generatedMessage: true,\n  code: 'ERR_ASSERTION',\n  actual: [ 'pythonz' ],\n  expected: true,\n  operator: 'deepEqual'\n}\n\nNode.js v18.7.0\n",
      "exit_code": 1,
      "status": "AssertionError"
    },
    {
      "program": "//Write a function that matches a word containing 'z'.\nfunction text_match_wordz(text){\n    let regex = /\\w*z\\w*/;\n    return text.match(regex);\n}\n\nconst assert = require('node:assert');\n\n\nfunction test() {\n  let candidate = text_match_wordz;\n  assert.deepEqual(candidate(\"pythonz.\"),true);\n  assert.deepEqual(candidate(\"xyz.\"),true);\n  assert.deepEqual(candidate(\"  lang  .\"),false);\n}\n\ntest();",
      "timestamp": 1665510608,
      "stdout": "",
      "stderr": "node:assert:124\n  throw new AssertionError(obj);\n  ^\n\nAssertionError [ERR_ASSERTION]: Expected values to be loosely deep-equal:\n\n[\n  'pythonz',\n  groups: undefined,\n  index: 0,\n  input: 'pythonz.'\n]\n\nshould loosely deep-equal\n\ntrue\n    at test (/tmp/tmp86bc3hwg.js:12:10)\n    at Object.<anonymous> (/tmp/tmp86bc3hwg.js:17:1)\n    at Module._compile (node:internal/modules/cjs/loader:1120:14)\n    at Module._extensions..js (node:internal/modules/cjs/loader:1174:10)\n    at Module.load (node:internal/modules/cjs/loader:998:32)\n    at Module._load (node:internal/modules/cjs/loader:839:12)\n    at Function.executeUserEntryPoint [as runMain] (node:internal/modules/run_main:81:12)\n    at node:internal/main/run_main_module:17:47 {\n  generatedMessage: true,\n  code: 'ERR_ASSERTION',\n  actual: [ 'pythonz', index: 0, input: 'pythonz.', groups: undefined ],\n  expected: true,\n  operator: 'deepEqual'\n}\n\nNode.js v18.7.0\n",
      "exit_code": 1,
      "status": "AssertionError"
    },
    {
      "program": "//Write a function that matches a word containing 'z'.\nfunction text_match_wordz(text){\n    let regex = /\\w*z\\w*/;\n    return text.match(regex);\n}\nconst assert = require('node:assert');\n\n\nfunction test() {\n  let candidate = text_match_wordz;\n  assert.deepEqual(candidate(\"pythonz.\"),true);\n  assert.deepEqual(candidate(\"xyz.\"),true);\n  assert.deepEqual(candidate(\"  lang  .\"),false);\n}\n\ntest();",
      "timestamp": 1665510608,
      "stdout": "",
      "stderr": "node:assert:124\n  throw new AssertionError(obj);\n  ^\n\nAssertionError [ERR_ASSERTION]: Expected values to be loosely deep-equal:\n\n[\n  'pythonz',\n  groups: undefined,\n  index: 0,\n  input: 'pythonz.'\n]\n\nshould loosely deep-equal\n\ntrue\n    at test (/tmp/tmppushac2z.js:11:10)\n    at Object.<anonymous> (/tmp/tmppushac2z.js:16:1)\n    at Module._compile (node:internal/modules/cjs/loader:1120:14)\n    at Module._extensions..js (node:internal/modules/cjs/loader:1174:10)\n    at Module.load (node:internal/modules/cjs/loader:998:32)\n    at Module._load (node:internal/modules/cjs/loader:839:12)\n    at Function.executeUserEntryPoint [as runMain] (node:internal/modules/run_main:81:12)\n    at node:internal/main/run_main_module:17:47 {\n  generatedMessage: true,\n  code: 'ERR_ASSERTION',\n  actual: [ 'pythonz', index: 0, input: 'pythonz.', groups: undefined ],\n  expected: true,\n  operator: 'deepEqual'\n}\n\nNode.js v18.7.0\n",
      "exit_code": 1,
      "status": "AssertionError"
    },
    {
      "program": "//Write a function that matches a word containing 'z'.\nfunction text_match_wordz(text){\n    let regex = /\\bz\\w+\\b/g;\n    return text.match(regex);\n}\n\nconst assert = require('node:assert');\n\n\nfunction test() {\n  let candidate = text_match_wordz;\n  assert.deepEqual(candidate(\"pythonz.\"),true);\n  assert.deepEqual(candidate(\"xyz.\"),true);\n  assert.deepEqual(candidate(\"  lang  .\"),false);\n}\n\ntest();",
      "timestamp": 1666123474,
      "stdout": "",
      "stderr": "node:assert:124\n  throw new AssertionError(obj);\n  ^\n\nAssertionError [ERR_ASSERTION]: Expected values to be loosely deep-equal:\n\nnull\n\nshould loosely deep-equal\n\ntrue\n    at test (/tmp/tmpa2bmw92n.js:12:10)\n    at Object.<anonymous> (/tmp/tmpa2bmw92n.js:17:1)\n    at Module._compile (node:internal/modules/cjs/loader:1120:14)\n    at Module._extensions..js (node:internal/modules/cjs/loader:1174:10)\n    at Module.load (node:internal/modules/cjs/loader:998:32)\n    at Module._load (node:internal/modules/cjs/loader:839:12)\n    at Function.executeUserEntryPoint [as runMain] (node:internal/modules/run_main:81:12)\n    at node:internal/main/run_main_module:17:47 {\n  generatedMessage: true,\n  code: 'ERR_ASSERTION',\n  actual: null,\n  expected: true,\n  operator: 'deepEqual'\n}\n\nNode.js v18.7.0\n",
      "exit_code": 1,
      "status": "AssertionError"
    },
    {
      "program": "//Write a function that matches a word containing 'z'.\nfunction text_match_wordz(text){\n    let pattern = /\\w*z\\w*/;\n    return pattern.test(text);\n}\nconst assert = require('node:assert');\n\n\nfunction test() {\n  let candidate = text_match_wordz;\n  assert.deepEqual(candidate(\"pythonz.\"),true);\n  assert.deepEqual(candidate(\"xyz.\"),true);\n  assert.deepEqual(candidate(\"  lang  .\"),false);\n}\n\ntest();",
      "timestamp": 1665510608,
      "stdout": "",
      "stderr": "",
      "exit_code": 0,
      "status": "OK"
    },
    {
      "program": "//Write a function that matches a word containing 'z'.\nfunction text_match_wordz(text){\n    let regex = /\\w*z\\w*/g;\n    return text.match(regex);\n}\nconst assert = require('node:assert');\n\n\nfunction test() {\n  let candidate = text_match_wordz;\n  assert.deepEqual(candidate(\"pythonz.\"),true);\n  assert.deepEqual(candidate(\"xyz.\"),true);\n  assert.deepEqual(candidate(\"  lang  .\"),false);\n}\n\ntest();",
      "timestamp": 1665510608,
      "stdout": "",
      "stderr": "node:assert:124\n  throw new AssertionError(obj);\n  ^\n\nAssertionError [ERR_ASSERTION]: Expected values to be loosely deep-equal:\n\n[\n  'pythonz'\n]\n\nshould loosely deep-equal\n\ntrue\n    at test (/tmp/tmpf7u3vc9o.js:11:10)\n    at Object.<anonymous> (/tmp/tmpf7u3vc9o.js:16:1)\n    at Module._compile (node:internal/modules/cjs/loader:1120:14)\n    at Module._extensions..js (node:internal/modules/cjs/loader:1174:10)\n    at Module.load (node:internal/modules/cjs/loader:998:32)\n    at Module._load (node:internal/modules/cjs/loader:839:12)\n    at Function.executeUserEntryPoint [as runMain] (node:internal/modules/run_main:81:12)\n    at node:internal/main/run_main_module:17:47 {\n  generatedMessage: true,\n  code: 'ERR_ASSERTION',\n  actual: [ 'pythonz' ],\n  expected: true,\n  operator: 'deepEqual'\n}\n\nNode.js v18.7.0\n",
      "exit_code": 1,
      "status": "AssertionError"
    },
    {
      "program": "//Write a function that matches a word containing 'z'.\nfunction text_match_wordz(text){\n    let regex = /\\bz\\w+/g;\n    return text.match(regex);\n}\n\nconst assert = require('node:assert');\n\n\nfunction test() {\n  let candidate = text_match_wordz;\n  assert.deepEqual(candidate(\"pythonz.\"),true);\n  assert.deepEqual(candidate(\"xyz.\"),true);\n  assert.deepEqual(candidate(\"  lang  .\"),false);\n}\n\ntest();",
      "timestamp": 1666123474,
      "stdout": "",
      "stderr": "node:assert:124\n  throw new AssertionError(obj);\n  ^\n\nAssertionError [ERR_ASSERTION]: Expected values to be loosely deep-equal:\n\nnull\n\nshould loosely deep-equal\n\ntrue\n    at test (/tmp/tmp8f0k0r50.js:12:10)\n    at Object.<anonymous> (/tmp/tmp8f0k0r50.js:17:1)\n    at Module._compile (node:internal/modules/cjs/loader:1120:14)\n    at Module._extensions..js (node:internal/modules/cjs/loader:1174:10)\n    at Module.load (node:internal/modules/cjs/loader:998:32)\n    at Module._load (node:internal/modules/cjs/loader:839:12)\n    at Function.executeUserEntryPoint [as runMain] (node:internal/modules/run_main:81:12)\n    at node:internal/main/run_main_module:17:47 {\n  generatedMessage: true,\n  code: 'ERR_ASSERTION',\n  actual: null,\n  expected: true,\n  operator: 'deepEqual'\n}\n\nNode.js v18.7.0\n",
      "exit_code": 1,
      "status": "AssertionError"
    },
    {
      "program": "//Write a function that matches a word containing 'z'.\nfunction text_match_wordz(text){\n    var pattern = /\\w*z\\w*/;\n    return pattern.test(text);\n}\n\nconst assert = require('node:assert');\n\n\nfunction test() {\n  let candidate = text_match_wordz;\n  assert.deepEqual(candidate(\"pythonz.\"),true);\n  assert.deepEqual(candidate(\"xyz.\"),true);\n  assert.deepEqual(candidate(\"  lang  .\"),false);\n}\n\ntest();",
      "timestamp": 1666123474,
      "stdout": "",
      "stderr": "",
      "exit_code": 0,
      "status": "OK"
    },
    {
      "program": "//Write a function that matches a word containing 'z'.\nfunction text_match_wordz(text){\n    let regex = /\\w*z\\w*/;\n    return regex.test(text);\n}\nconst assert = require('node:assert');\n\n\nfunction test() {\n  let candidate = text_match_wordz;\n  assert.deepEqual(candidate(\"pythonz.\"),true);\n  assert.deepEqual(candidate(\"xyz.\"),true);\n  assert.deepEqual(candidate(\"  lang  .\"),false);\n}\n\ntest();",
      "timestamp": 1665510608,
      "stdout": "",
      "stderr": "",
      "exit_code": 0,
      "status": "OK"
    },
    {
      "program": "//Write a function that matches a word containing 'z'.\nfunction text_match_wordz(text){\n    var regex = /\\w*z\\w*/g;\n    return text.match(regex);\n}\nconst assert = require('node:assert');\n\n\nfunction test() {\n  let candidate = text_match_wordz;\n  assert.deepEqual(candidate(\"pythonz.\"),true);\n  assert.deepEqual(candidate(\"xyz.\"),true);\n  assert.deepEqual(candidate(\"  lang  .\"),false);\n}\n\ntest();",
      "timestamp": 1666123474,
      "stdout": "",
      "stderr": "node:assert:124\n  throw new AssertionError(obj);\n  ^\n\nAssertionError [ERR_ASSERTION]: Expected values to be loosely deep-equal:\n\n[\n  'pythonz'\n]\n\nshould loosely deep-equal\n\ntrue\n    at test (/tmp/tmp24ipksin.js:11:10)\n    at Object.<anonymous> (/tmp/tmp24ipksin.js:16:1)\n    at Module._compile (node:internal/modules/cjs/loader:1120:14)\n    at Module._extensions..js (node:internal/modules/cjs/loader:1174:10)\n    at Module.load (node:internal/modules/cjs/loader:998:32)\n    at Module._load (node:internal/modules/cjs/loader:839:12)\n    at Function.executeUserEntryPoint [as runMain] (node:internal/modules/run_main:81:12)\n    at node:internal/main/run_main_module:17:47 {\n  generatedMessage: true,\n  code: 'ERR_ASSERTION',\n  actual: [ 'pythonz' ],\n  expected: true,\n  operator: 'deepEqual'\n}\n\nNode.js v18.7.0\n",
      "exit_code": 1,
      "status": "AssertionError"
    },
    {
      "program": "//Write a function that matches a word containing 'z'.\nfunction text_match_wordz(text){\n    let regex = /\\w*z\\w*/;\n    return text.match(regex);\n}\n\nconst assert = require('node:assert');\n\n\nfunction test() {\n  let candidate = text_match_wordz;\n  assert.deepEqual(candidate(\"pythonz.\"),true);\n  assert.deepEqual(candidate(\"xyz.\"),true);\n  assert.deepEqual(candidate(\"  lang  .\"),false);\n}\n\ntest();",
      "timestamp": 1665510608,
      "stdout": "",
      "stderr": "node:assert:124\n  throw new AssertionError(obj);\n  ^\n\nAssertionError [ERR_ASSERTION]: Expected values to be loosely deep-equal:\n\n[\n  'pythonz',\n  groups: undefined,\n  index: 0,\n  input: 'pythonz.'\n]\n\nshould loosely deep-equal\n\ntrue\n    at test (/tmp/tmp86bc3hwg.js:12:10)\n    at Object.<anonymous> (/tmp/tmp86bc3hwg.js:17:1)\n    at Module._compile (node:internal/modules/cjs/loader:1120:14)\n    at Module._extensions..js (node:internal/modules/cjs/loader:1174:10)\n    at Module.load (node:internal/modules/cjs/loader:998:32)\n    at Module._load (node:internal/modules/cjs/loader:839:12)\n    at Function.executeUserEntryPoint [as runMain] (node:internal/modules/run_main:81:12)\n    at node:internal/main/run_main_module:17:47 {\n  generatedMessage: true,\n  code: 'ERR_ASSERTION',\n  actual: [ 'pythonz', index: 0, input: 'pythonz.', groups: undefined ],\n  expected: true,\n  operator: 'deepEqual'\n}\n\nNode.js v18.7.0\n",
      "exit_code": 1,
      "status": "AssertionError"
    },
    {
      "program": "//Write a function that matches a word containing 'z'.\nfunction text_match_wordz(text){\n    let regex = /\\w*z\\w*/;\n    return regex.test(text);\n}\n\nconst assert = require('node:assert');\n\n\nfunction test() {\n  let candidate = text_match_wordz;\n  assert.deepEqual(candidate(\"pythonz.\"),true);\n  assert.deepEqual(candidate(\"xyz.\"),true);\n  assert.deepEqual(candidate(\"  lang  .\"),false);\n}\n\ntest();",
      "timestamp": 1665510608,
      "stdout": "",
      "stderr": "",
      "exit_code": 0,
      "status": "OK"
    },
    {
      "program": "//Write a function that matches a word containing 'z'.\nfunction text_match_wordz(text){\n    let regex = /\\w*z\\w*/;\n    return text.match(regex);\n}\nconst assert = require('node:assert');\n\n\nfunction test() {\n  let candidate = text_match_wordz;\n  assert.deepEqual(candidate(\"pythonz.\"),true);\n  assert.deepEqual(candidate(\"xyz.\"),true);\n  assert.deepEqual(candidate(\"  lang  .\"),false);\n}\n\ntest();",
      "timestamp": 1665510608,
      "stdout": "",
      "stderr": "node:assert:124\n  throw new AssertionError(obj);\n  ^\n\nAssertionError [ERR_ASSERTION]: Expected values to be loosely deep-equal:\n\n[\n  'pythonz',\n  groups: undefined,\n  index: 0,\n  input: 'pythonz.'\n]\n\nshould loosely deep-equal\n\ntrue\n    at test (/tmp/tmppushac2z.js:11:10)\n    at Object.<anonymous> (/tmp/tmppushac2z.js:16:1)\n    at Module._compile (node:internal/modules/cjs/loader:1120:14)\n    at Module._extensions..js (node:internal/modules/cjs/loader:1174:10)\n    at Module.load (node:internal/modules/cjs/loader:998:32)\n    at Module._load (node:internal/modules/cjs/loader:839:12)\n    at Function.executeUserEntryPoint [as runMain] (node:internal/modules/run_main:81:12)\n    at node:internal/main/run_main_module:17:47 {\n  generatedMessage: true,\n  code: 'ERR_ASSERTION',\n  actual: [ 'pythonz', index: 0, input: 'pythonz.', groups: undefined ],\n  expected: true,\n  operator: 'deepEqual'\n}\n\nNode.js v18.7.0\n",
      "exit_code": 1,
      "status": "AssertionError"
    },
    {
      "program": "//Write a function that matches a word containing 'z'.\nfunction text_match_wordz(text){\n    let regex = /\\w*z\\w*/;\n    return text.match(regex);\n}\nconst assert = require('node:assert');\n\n\nfunction test() {\n  let candidate = text_match_wordz;\n  assert.deepEqual(candidate(\"pythonz.\"),true);\n  assert.deepEqual(candidate(\"xyz.\"),true);\n  assert.deepEqual(candidate(\"  lang  .\"),false);\n}\n\ntest();",
      "timestamp": 1665510608,
      "stdout": "",
      "stderr": "node:assert:124\n  throw new AssertionError(obj);\n  ^\n\nAssertionError [ERR_ASSERTION]: Expected values to be loosely deep-equal:\n\n[\n  'pythonz',\n  groups: undefined,\n  index: 0,\n  input: 'pythonz.'\n]\n\nshould loosely deep-equal\n\ntrue\n    at test (/tmp/tmppushac2z.js:11:10)\n    at Object.<anonymous> (/tmp/tmppushac2z.js:16:1)\n    at Module._compile (node:internal/modules/cjs/loader:1120:14)\n    at Module._extensions..js (node:internal/modules/cjs/loader:1174:10)\n    at Module.load (node:internal/modules/cjs/loader:998:32)\n    at Module._load (node:internal/modules/cjs/loader:839:12)\n    at Function.executeUserEntryPoint [as runMain] (node:internal/modules/run_main:81:12)\n    at node:internal/main/run_main_module:17:47 {\n  generatedMessage: true,\n  code: 'ERR_ASSERTION',\n  actual: [ 'pythonz', index: 0, input: 'pythonz.', groups: undefined ],\n  expected: true,\n  operator: 'deepEqual'\n}\n\nNode.js v18.7.0\n",
      "exit_code": 1,
      "status": "AssertionError"
    },
    {
      "program": "//Write a function that matches a word containing 'z'.\nfunction text_match_wordz(text){\n    let regex = /\\w*z\\w*/g;\n    return text.match(regex);\n}\n\nconst assert = require('node:assert');\n\n\nfunction test() {\n  let candidate = text_match_wordz;\n  assert.deepEqual(candidate(\"pythonz.\"),true);\n  assert.deepEqual(candidate(\"xyz.\"),true);\n  assert.deepEqual(candidate(\"  lang  .\"),false);\n}\n\ntest();",
      "timestamp": 1665510608,
      "stdout": "",
      "stderr": "node:assert:124\n  throw new AssertionError(obj);\n  ^\n\nAssertionError [ERR_ASSERTION]: Expected values to be loosely deep-equal:\n\n[\n  'pythonz'\n]\n\nshould loosely deep-equal\n\ntrue\n    at test (/tmp/tmpvml7zjhz.js:12:10)\n    at Object.<anonymous> (/tmp/tmpvml7zjhz.js:17:1)\n    at Module._compile (node:internal/modules/cjs/loader:1120:14)\n    at Module._extensions..js (node:internal/modules/cjs/loader:1174:10)\n    at Module.load (node:internal/modules/cjs/loader:998:32)\n    at Module._load (node:internal/modules/cjs/loader:839:12)\n    at Function.executeUserEntryPoint [as runMain] (node:internal/modules/run_main:81:12)\n    at node:internal/main/run_main_module:17:47 {\n  generatedMessage: true,\n  code: 'ERR_ASSERTION',\n  actual: [ 'pythonz' ],\n  expected: true,\n  operator: 'deepEqual'\n}\n\nNode.js v18.7.0\n",
      "exit_code": 1,
      "status": "AssertionError"
    },
    {
      "program": "//Write a function that matches a word containing 'z'.\nfunction text_match_wordz(text){\n\tlet regex = /\\bz\\w+/g;\n\tconsole.log(text.match(regex));\n}\n\nconst assert = require('node:assert');\n\n\nfunction test() {\n  let candidate = text_match_wordz;\n  assert.deepEqual(candidate(\"pythonz.\"),true);\n  assert.deepEqual(candidate(\"xyz.\"),true);\n  assert.deepEqual(candidate(\"  lang  .\"),false);\n}\n\ntest();",
      "timestamp": 1666123475,
      "stdout": "null\n",
      "stderr": "node:assert:124\n  throw new AssertionError(obj);\n  ^\n\nAssertionError [ERR_ASSERTION]: Expected values to be loosely deep-equal:\n\nundefined\n\nshould loosely deep-equal\n\ntrue\n    at test (/tmp/tmp7g73t7kw.js:12:10)\n    at Object.<anonymous> (/tmp/tmp7g73t7kw.js:17:1)\n    at Module._compile (node:internal/modules/cjs/loader:1120:14)\n    at Module._extensions..js (node:internal/modules/cjs/loader:1174:10)\n    at Module.load (node:internal/modules/cjs/loader:998:32)\n    at Module._load (node:internal/modules/cjs/loader:839:12)\n    at Function.executeUserEntryPoint [as runMain] (node:internal/modules/run_main:81:12)\n    at node:internal/main/run_main_module:17:47 {\n  generatedMessage: true,\n  code: 'ERR_ASSERTION',\n  actual: undefined,\n  expected: true,\n  operator: 'deepEqual'\n}\n\nNode.js v18.7.0\n",
      "exit_code": 1,
      "status": "AssertionError"
    },
    {
      "program": "//Write a function that matches a word containing 'z'.\nfunction text_match_wordz(text){\n\tlet regex = /\\w*z\\w*/;\n\treturn text.match(regex);\n}\nconst assert = require('node:assert');\n\n\nfunction test() {\n  let candidate = text_match_wordz;\n  assert.deepEqual(candidate(\"pythonz.\"),true);\n  assert.deepEqual(candidate(\"xyz.\"),true);\n  assert.deepEqual(candidate(\"  lang  .\"),false);\n}\n\ntest();",
      "timestamp": 1666123476,
      "stdout": "",
      "stderr": "node:assert:124\n  throw new AssertionError(obj);\n  ^\n\nAssertionError [ERR_ASSERTION]: Expected values to be loosely deep-equal:\n\n[\n  'pythonz',\n  groups: undefined,\n  index: 0,\n  input: 'pythonz.'\n]\n\nshould loosely deep-equal\n\ntrue\n    at test (/tmp/tmpv05cu7q9.js:11:10)\n    at Object.<anonymous> (/tmp/tmpv05cu7q9.js:16:1)\n    at Module._compile (node:internal/modules/cjs/loader:1120:14)\n    at Module._extensions..js (node:internal/modules/cjs/loader:1174:10)\n    at Module.load (node:internal/modules/cjs/loader:998:32)\n    at Module._load (node:internal/modules/cjs/loader:839:12)\n    at Function.executeUserEntryPoint [as runMain] (node:internal/modules/run_main:81:12)\n    at node:internal/main/run_main_module:17:47 {\n  generatedMessage: true,\n  code: 'ERR_ASSERTION',\n  actual: [ 'pythonz', index: 0, input: 'pythonz.', groups: undefined ],\n  expected: true,\n  operator: 'deepEqual'\n}\n\nNode.js v18.7.0\n",
      "exit_code": 1,
      "status": "AssertionError"
    },
    {
      "program": "//Write a function that matches a word containing 'z'.\nfunction text_match_wordz(text){\n    let regex = /\\bz\\w+\\b/g;\n    let found = text.match(regex);\n    return found;\n}\n\nconst assert = require('node:assert');\n\n\nfunction test() {\n  let candidate = text_match_wordz;\n  assert.deepEqual(candidate(\"pythonz.\"),true);\n  assert.deepEqual(candidate(\"xyz.\"),true);\n  assert.deepEqual(candidate(\"  lang  .\"),false);\n}\n\ntest();",
      "timestamp": 1666123475,
      "stdout": "",
      "stderr": "node:assert:124\n  throw new AssertionError(obj);\n  ^\n\nAssertionError [ERR_ASSERTION]: Expected values to be loosely deep-equal:\n\nnull\n\nshould loosely deep-equal\n\ntrue\n    at test (/tmp/tmpsz5o9b83.js:13:10)\n    at Object.<anonymous> (/tmp/tmpsz5o9b83.js:18:1)\n    at Module._compile (node:internal/modules/cjs/loader:1120:14)\n    at Module._extensions..js (node:internal/modules/cjs/loader:1174:10)\n    at Module.load (node:internal/modules/cjs/loader:998:32)\n    at Module._load (node:internal/modules/cjs/loader:839:12)\n    at Function.executeUserEntryPoint [as runMain] (node:internal/modules/run_main:81:12)\n    at node:internal/main/run_main_module:17:47 {\n  generatedMessage: true,\n  code: 'ERR_ASSERTION',\n  actual: null,\n  expected: true,\n  operator: 'deepEqual'\n}\n\nNode.js v18.7.0\n",
      "exit_code": 1,
      "status": "AssertionError"
    },
    {
      "program": "//Write a function that matches a word containing 'z'.\nfunction text_match_wordz(text){\n    var regex = /\\w*z\\w*/;\n    return text.match(regex);\n}\nconst assert = require('node:assert');\n\n\nfunction test() {\n  let candidate = text_match_wordz;\n  assert.deepEqual(candidate(\"pythonz.\"),true);\n  assert.deepEqual(candidate(\"xyz.\"),true);\n  assert.deepEqual(candidate(\"  lang  .\"),false);\n}\n\ntest();",
      "timestamp": 1665510608,
      "stdout": "",
      "stderr": "node:assert:124\n  throw new AssertionError(obj);\n  ^\n\nAssertionError [ERR_ASSERTION]: Expected values to be loosely deep-equal:\n\n[\n  'pythonz',\n  groups: undefined,\n  index: 0,\n  input: 'pythonz.'\n]\n\nshould loosely deep-equal\n\ntrue\n    at test (/tmp/tmpck78mdto.js:11:10)\n    at Object.<anonymous> (/tmp/tmpck78mdto.js:16:1)\n    at Module._compile (node:internal/modules/cjs/loader:1120:14)\n    at Module._extensions..js (node:internal/modules/cjs/loader:1174:10)\n    at Module.load (node:internal/modules/cjs/loader:998:32)\n    at Module._load (node:internal/modules/cjs/loader:839:12)\n    at Function.executeUserEntryPoint [as runMain] (node:internal/modules/run_main:81:12)\n    at node:internal/main/run_main_module:17:47 {\n  generatedMessage: true,\n  code: 'ERR_ASSERTION',\n  actual: [ 'pythonz', index: 0, input: 'pythonz.', groups: undefined ],\n  expected: true,\n  operator: 'deepEqual'\n}\n\nNode.js v18.7.0\n",
      "exit_code": 1,
      "status": "AssertionError"
    },
    {
      "program": "//Write a function that matches a word containing 'z'.\nfunction text_match_wordz(text){\n    let regex = /\\w*z\\w*/g;\n    return text.match(regex);\n}\nconst assert = require('node:assert');\n\n\nfunction test() {\n  let candidate = text_match_wordz;\n  assert.deepEqual(candidate(\"pythonz.\"),true);\n  assert.deepEqual(candidate(\"xyz.\"),true);\n  assert.deepEqual(candidate(\"  lang  .\"),false);\n}\n\ntest();",
      "timestamp": 1665510608,
      "stdout": "",
      "stderr": "node:assert:124\n  throw new AssertionError(obj);\n  ^\n\nAssertionError [ERR_ASSERTION]: Expected values to be loosely deep-equal:\n\n[\n  'pythonz'\n]\n\nshould loosely deep-equal\n\ntrue\n    at test (/tmp/tmpf7u3vc9o.js:11:10)\n    at Object.<anonymous> (/tmp/tmpf7u3vc9o.js:16:1)\n    at Module._compile (node:internal/modules/cjs/loader:1120:14)\n    at Module._extensions..js (node:internal/modules/cjs/loader:1174:10)\n    at Module.load (node:internal/modules/cjs/loader:998:32)\n    at Module._load (node:internal/modules/cjs/loader:839:12)\n    at Function.executeUserEntryPoint [as runMain] (node:internal/modules/run_main:81:12)\n    at node:internal/main/run_main_module:17:47 {\n  generatedMessage: true,\n  code: 'ERR_ASSERTION',\n  actual: [ 'pythonz' ],\n  expected: true,\n  operator: 'deepEqual'\n}\n\nNode.js v18.7.0\n",
      "exit_code": 1,
      "status": "AssertionError"
    },
    {
      "program": "//Write a function that matches a word containing 'z'.\nfunction text_match_wordz(text){\n    let pattern = /\\w*z\\w*/;\n    return pattern.test(text);\n}\n\nconst assert = require('node:assert');\n\n\nfunction test() {\n  let candidate = text_match_wordz;\n  assert.deepEqual(candidate(\"pythonz.\"),true);\n  assert.deepEqual(candidate(\"xyz.\"),true);\n  assert.deepEqual(candidate(\"  lang  .\"),false);\n}\n\ntest();",
      "timestamp": 1666123474,
      "stdout": "",
      "stderr": "",
      "exit_code": 0,
      "status": "OK"
    },
    {
      "program": "//Write a function that matches a word containing 'z'.\nfunction text_match_wordz(text){\n    let regex = /\\bz\\w+/g;\n    return text.match(regex);\n}\n\nconst assert = require('node:assert');\n\n\nfunction test() {\n  let candidate = text_match_wordz;\n  assert.deepEqual(candidate(\"pythonz.\"),true);\n  assert.deepEqual(candidate(\"xyz.\"),true);\n  assert.deepEqual(candidate(\"  lang  .\"),false);\n}\n\ntest();",
      "timestamp": 1666123474,
      "stdout": "",
      "stderr": "node:assert:124\n  throw new AssertionError(obj);\n  ^\n\nAssertionError [ERR_ASSERTION]: Expected values to be loosely deep-equal:\n\nnull\n\nshould loosely deep-equal\n\ntrue\n    at test (/tmp/tmp8f0k0r50.js:12:10)\n    at Object.<anonymous> (/tmp/tmp8f0k0r50.js:17:1)\n    at Module._compile (node:internal/modules/cjs/loader:1120:14)\n    at Module._extensions..js (node:internal/modules/cjs/loader:1174:10)\n    at Module.load (node:internal/modules/cjs/loader:998:32)\n    at Module._load (node:internal/modules/cjs/loader:839:12)\n    at Function.executeUserEntryPoint [as runMain] (node:internal/modules/run_main:81:12)\n    at node:internal/main/run_main_module:17:47 {\n  generatedMessage: true,\n  code: 'ERR_ASSERTION',\n  actual: null,\n  expected: true,\n  operator: 'deepEqual'\n}\n\nNode.js v18.7.0\n",
      "exit_code": 1,
      "status": "AssertionError"
    },
    {
      "program": "//Write a function that matches a word containing 'z'.\nfunction text_match_wordz(text){\n    let regex = /\\w*z\\w*/g;\n    return text.match(regex);\n}\n\nconst assert = require('node:assert');\n\n\nfunction test() {\n  let candidate = text_match_wordz;\n  assert.deepEqual(candidate(\"pythonz.\"),true);\n  assert.deepEqual(candidate(\"xyz.\"),true);\n  assert.deepEqual(candidate(\"  lang  .\"),false);\n}\n\ntest();",
      "timestamp": 1665510608,
      "stdout": "",
      "stderr": "node:assert:124\n  throw new AssertionError(obj);\n  ^\n\nAssertionError [ERR_ASSERTION]: Expected values to be loosely deep-equal:\n\n[\n  'pythonz'\n]\n\nshould loosely deep-equal\n\ntrue\n    at test (/tmp/tmpvml7zjhz.js:12:10)\n    at Object.<anonymous> (/tmp/tmpvml7zjhz.js:17:1)\n    at Module._compile (node:internal/modules/cjs/loader:1120:14)\n    at Module._extensions..js (node:internal/modules/cjs/loader:1174:10)\n    at Module.load (node:internal/modules/cjs/loader:998:32)\n    at Module._load (node:internal/modules/cjs/loader:839:12)\n    at Function.executeUserEntryPoint [as runMain] (node:internal/modules/run_main:81:12)\n    at node:internal/main/run_main_module:17:47 {\n  generatedMessage: true,\n  code: 'ERR_ASSERTION',\n  actual: [ 'pythonz' ],\n  expected: true,\n  operator: 'deepEqual'\n}\n\nNode.js v18.7.0\n",
      "exit_code": 1,
      "status": "AssertionError"
    },
    {
      "program": "//Write a function that matches a word containing 'z'.\nfunction text_match_wordz(text){\n    return text.match(/\\w*z\\w*/);\n}\nconst assert = require('node:assert');\n\n\nfunction test() {\n  let candidate = text_match_wordz;\n  assert.deepEqual(candidate(\"pythonz.\"),true);\n  assert.deepEqual(candidate(\"xyz.\"),true);\n  assert.deepEqual(candidate(\"  lang  .\"),false);\n}\n\ntest();",
      "timestamp": 1666123475,
      "stdout": "",
      "stderr": "node:assert:124\n  throw new AssertionError(obj);\n  ^\n\nAssertionError [ERR_ASSERTION]: Expected values to be loosely deep-equal:\n\n[\n  'pythonz',\n  groups: undefined,\n  index: 0,\n  input: 'pythonz.'\n]\n\nshould loosely deep-equal\n\ntrue\n    at test (/tmp/tmpr5ryry3c.js:10:10)\n    at Object.<anonymous> (/tmp/tmpr5ryry3c.js:15:1)\n    at Module._compile (node:internal/modules/cjs/loader:1120:14)\n    at Module._extensions..js (node:internal/modules/cjs/loader:1174:10)\n    at Module.load (node:internal/modules/cjs/loader:998:32)\n    at Module._load (node:internal/modules/cjs/loader:839:12)\n    at Function.executeUserEntryPoint [as runMain] (node:internal/modules/run_main:81:12)\n    at node:internal/main/run_main_module:17:47 {\n  generatedMessage: true,\n  code: 'ERR_ASSERTION',\n  actual: [ 'pythonz', index: 0, input: 'pythonz.', groups: undefined ],\n  expected: true,\n  operator: 'deepEqual'\n}\n\nNode.js v18.7.0\n",
      "exit_code": 1,
      "status": "AssertionError"
    },
    {
      "program": "//Write a function that matches a word containing 'z'.\nfunction text_match_wordz(text){\n    let pattern = /\\w*z\\w*/;\n    return pattern.test(text);\n}\nconst assert = require('node:assert');\n\n\nfunction test() {\n  let candidate = text_match_wordz;\n  assert.deepEqual(candidate(\"pythonz.\"),true);\n  assert.deepEqual(candidate(\"xyz.\"),true);\n  assert.deepEqual(candidate(\"  lang  .\"),false);\n}\n\ntest();",
      "timestamp": 1665510608,
      "stdout": "",
      "stderr": "",
      "exit_code": 0,
      "status": "OK"
    },
    {
      "program": "//Write a function that matches a word containing 'z'.\nfunction text_match_wordz(text){\n    let regex = /\\w*z\\w*/;\n    return text.match(regex);\n}\nconst assert = require('node:assert');\n\n\nfunction test() {\n  let candidate = text_match_wordz;\n  assert.deepEqual(candidate(\"pythonz.\"),true);\n  assert.deepEqual(candidate(\"xyz.\"),true);\n  assert.deepEqual(candidate(\"  lang  .\"),false);\n}\n\ntest();",
      "timestamp": 1665510608,
      "stdout": "",
      "stderr": "node:assert:124\n  throw new AssertionError(obj);\n  ^\n\nAssertionError [ERR_ASSERTION]: Expected values to be loosely deep-equal:\n\n[\n  'pythonz',\n  groups: undefined,\n  index: 0,\n  input: 'pythonz.'\n]\n\nshould loosely deep-equal\n\ntrue\n    at test (/tmp/tmppushac2z.js:11:10)\n    at Object.<anonymous> (/tmp/tmppushac2z.js:16:1)\n    at Module._compile (node:internal/modules/cjs/loader:1120:14)\n    at Module._extensions..js (node:internal/modules/cjs/loader:1174:10)\n    at Module.load (node:internal/modules/cjs/loader:998:32)\n    at Module._load (node:internal/modules/cjs/loader:839:12)\n    at Function.executeUserEntryPoint [as runMain] (node:internal/modules/run_main:81:12)\n    at node:internal/main/run_main_module:17:47 {\n  generatedMessage: true,\n  code: 'ERR_ASSERTION',\n  actual: [ 'pythonz', index: 0, input: 'pythonz.', groups: undefined ],\n  expected: true,\n  operator: 'deepEqual'\n}\n\nNode.js v18.7.0\n",
      "exit_code": 1,
      "status": "AssertionError"
    },
    {
      "program": "//Write a function that matches a word containing 'z'.\nfunction text_match_wordz(text){\n    let match = text.match(/\\w*z\\w*/gi);\n    return match;\n}\n\nconst assert = require('node:assert');\n\n\nfunction test() {\n  let candidate = text_match_wordz;\n  assert.deepEqual(candidate(\"pythonz.\"),true);\n  assert.deepEqual(candidate(\"xyz.\"),true);\n  assert.deepEqual(candidate(\"  lang  .\"),false);\n}\n\ntest();",
      "timestamp": 1666123474,
      "stdout": "",
      "stderr": "node:assert:124\n  throw new AssertionError(obj);\n  ^\n\nAssertionError [ERR_ASSERTION]: Expected values to be loosely deep-equal:\n\n[\n  'pythonz'\n]\n\nshould loosely deep-equal\n\ntrue\n    at test (/tmp/tmp6z0mhjh3.js:12:10)\n    at Object.<anonymous> (/tmp/tmp6z0mhjh3.js:17:1)\n    at Module._compile (node:internal/modules/cjs/loader:1120:14)\n    at Module._extensions..js (node:internal/modules/cjs/loader:1174:10)\n    at Module.load (node:internal/modules/cjs/loader:998:32)\n    at Module._load (node:internal/modules/cjs/loader:839:12)\n    at Function.executeUserEntryPoint [as runMain] (node:internal/modules/run_main:81:12)\n    at node:internal/main/run_main_module:17:47 {\n  generatedMessage: true,\n  code: 'ERR_ASSERTION',\n  actual: [ 'pythonz' ],\n  expected: true,\n  operator: 'deepEqual'\n}\n\nNode.js v18.7.0\n",
      "exit_code": 1,
      "status": "AssertionError"
    },
    {
      "program": "//Write a function that matches a word containing 'z'.\nfunction text_match_wordz(text){\n    let regex = /\\w*z\\w*/g;\n    let result = text.match(regex);\n    return result;\n}\nconst assert = require('node:assert');\n\n\nfunction test() {\n  let candidate = text_match_wordz;\n  assert.deepEqual(candidate(\"pythonz.\"),true);\n  assert.deepEqual(candidate(\"xyz.\"),true);\n  assert.deepEqual(candidate(\"  lang  .\"),false);\n}\n\ntest();",
      "timestamp": 1665510608,
      "stdout": "",
      "stderr": "node:assert:124\n  throw new AssertionError(obj);\n  ^\n\nAssertionError [ERR_ASSERTION]: Expected values to be loosely deep-equal:\n\n[\n  'pythonz'\n]\n\nshould loosely deep-equal\n\ntrue\n    at test (/tmp/tmpauhxm3l3.js:12:10)\n    at Object.<anonymous> (/tmp/tmpauhxm3l3.js:17:1)\n    at Module._compile (node:internal/modules/cjs/loader:1120:14)\n    at Module._extensions..js (node:internal/modules/cjs/loader:1174:10)\n    at Module.load (node:internal/modules/cjs/loader:998:32)\n    at Module._load (node:internal/modules/cjs/loader:839:12)\n    at Function.executeUserEntryPoint [as runMain] (node:internal/modules/run_main:81:12)\n    at node:internal/main/run_main_module:17:47 {\n  generatedMessage: true,\n  code: 'ERR_ASSERTION',\n  actual: [ 'pythonz' ],\n  expected: true,\n  operator: 'deepEqual'\n}\n\nNode.js v18.7.0\n",
      "exit_code": 1,
      "status": "AssertionError"
    },
    {
      "program": "//Write a function that matches a word containing 'z'.\nfunction text_match_wordz(text){\n    var pattern = /\\w*z\\w*/;\n    if(text.match(pattern)){\n        return true;\n    }\n    return false;\n}\nconst assert = require('node:assert');\n\n\nfunction test() {\n  let candidate = text_match_wordz;\n  assert.deepEqual(candidate(\"pythonz.\"),true);\n  assert.deepEqual(candidate(\"xyz.\"),true);\n  assert.deepEqual(candidate(\"  lang  .\"),false);\n}\n\ntest();",
      "timestamp": 1666123475,
      "stdout": "",
      "stderr": "",
      "exit_code": 0,
      "status": "OK"
    },
    {
      "program": "//Write a function that matches a word containing 'z'.\nfunction text_match_wordz(text){\n    let regex = /\\w*z\\w*/;\n    return regex.test(text);\n}\n\nconst assert = require('node:assert');\n\n\nfunction test() {\n  let candidate = text_match_wordz;\n  assert.deepEqual(candidate(\"pythonz.\"),true);\n  assert.deepEqual(candidate(\"xyz.\"),true);\n  assert.deepEqual(candidate(\"  lang  .\"),false);\n}\n\ntest();",
      "timestamp": 1665510608,
      "stdout": "",
      "stderr": "",
      "exit_code": 0,
      "status": "OK"
    },
    {
      "program": "//Write a function that matches a word containing 'z'.\nfunction text_match_wordz(text){\n    var regex = /\\w*z\\w*/g;\n    return text.match(regex);\n}\n\nconst assert = require('node:assert');\n\n\nfunction test() {\n  let candidate = text_match_wordz;\n  assert.deepEqual(candidate(\"pythonz.\"),true);\n  assert.deepEqual(candidate(\"xyz.\"),true);\n  assert.deepEqual(candidate(\"  lang  .\"),false);\n}\n\ntest();",
      "timestamp": 1666123476,
      "stdout": "",
      "stderr": "node:assert:124\n  throw new AssertionError(obj);\n  ^\n\nAssertionError [ERR_ASSERTION]: Expected values to be loosely deep-equal:\n\n[\n  'pythonz'\n]\n\nshould loosely deep-equal\n\ntrue\n    at test (/tmp/tmpoitz1gun.js:12:10)\n    at Object.<anonymous> (/tmp/tmpoitz1gun.js:17:1)\n    at Module._compile (node:internal/modules/cjs/loader:1120:14)\n    at Module._extensions..js (node:internal/modules/cjs/loader:1174:10)\n    at Module.load (node:internal/modules/cjs/loader:998:32)\n    at Module._load (node:internal/modules/cjs/loader:839:12)\n    at Function.executeUserEntryPoint [as runMain] (node:internal/modules/run_main:81:12)\n    at node:internal/main/run_main_module:17:47 {\n  generatedMessage: true,\n  code: 'ERR_ASSERTION',\n  actual: [ 'pythonz' ],\n  expected: true,\n  operator: 'deepEqual'\n}\n\nNode.js v18.7.0\n",
      "exit_code": 1,
      "status": "AssertionError"
    },
    {
      "program": "//Write a function that matches a word containing 'z'.\nfunction text_match_wordz(text){\n    let regex = /\\w*z\\w*/;\n    return regex.test(text);\n}\n\nconst assert = require('node:assert');\n\n\nfunction test() {\n  let candidate = text_match_wordz;\n  assert.deepEqual(candidate(\"pythonz.\"),true);\n  assert.deepEqual(candidate(\"xyz.\"),true);\n  assert.deepEqual(candidate(\"  lang  .\"),false);\n}\n\ntest();",
      "timestamp": 1665510608,
      "stdout": "",
      "stderr": "",
      "exit_code": 0,
      "status": "OK"
    },
    {
      "program": "//Write a function that matches a word containing 'z'.\nfunction text_match_wordz(text){\n    let regex = /\\w*z\\w*/g;\n    return text.match(regex);\n}\n\nconst assert = require('node:assert');\n\n\nfunction test() {\n  let candidate = text_match_wordz;\n  assert.deepEqual(candidate(\"pythonz.\"),true);\n  assert.deepEqual(candidate(\"xyz.\"),true);\n  assert.deepEqual(candidate(\"  lang  .\"),false);\n}\n\ntest();",
      "timestamp": 1665510608,
      "stdout": "",
      "stderr": "node:assert:124\n  throw new AssertionError(obj);\n  ^\n\nAssertionError [ERR_ASSERTION]: Expected values to be loosely deep-equal:\n\n[\n  'pythonz'\n]\n\nshould loosely deep-equal\n\ntrue\n    at test (/tmp/tmpvml7zjhz.js:12:10)\n    at Object.<anonymous> (/tmp/tmpvml7zjhz.js:17:1)\n    at Module._compile (node:internal/modules/cjs/loader:1120:14)\n    at Module._extensions..js (node:internal/modules/cjs/loader:1174:10)\n    at Module.load (node:internal/modules/cjs/loader:998:32)\n    at Module._load (node:internal/modules/cjs/loader:839:12)\n    at Function.executeUserEntryPoint [as runMain] (node:internal/modules/run_main:81:12)\n    at node:internal/main/run_main_module:17:47 {\n  generatedMessage: true,\n  code: 'ERR_ASSERTION',\n  actual: [ 'pythonz' ],\n  expected: true,\n  operator: 'deepEqual'\n}\n\nNode.js v18.7.0\n",
      "exit_code": 1,
      "status": "AssertionError"
    },
    {
      "program": "//Write a function that matches a word containing 'z'.\nfunction text_match_wordz(text){\n    let regex = /\\w*z\\w*/;\n    return text.match(regex);\n}\n\nconst assert = require('node:assert');\n\n\nfunction test() {\n  let candidate = text_match_wordz;\n  assert.deepEqual(candidate(\"pythonz.\"),true);\n  assert.deepEqual(candidate(\"xyz.\"),true);\n  assert.deepEqual(candidate(\"  lang  .\"),false);\n}\n\ntest();",
      "timestamp": 1665510608,
      "stdout": "",
      "stderr": "node:assert:124\n  throw new AssertionError(obj);\n  ^\n\nAssertionError [ERR_ASSERTION]: Expected values to be loosely deep-equal:\n\n[\n  'pythonz',\n  groups: undefined,\n  index: 0,\n  input: 'pythonz.'\n]\n\nshould loosely deep-equal\n\ntrue\n    at test (/tmp/tmp86bc3hwg.js:12:10)\n    at Object.<anonymous> (/tmp/tmp86bc3hwg.js:17:1)\n    at Module._compile (node:internal/modules/cjs/loader:1120:14)\n    at Module._extensions..js (node:internal/modules/cjs/loader:1174:10)\n    at Module.load (node:internal/modules/cjs/loader:998:32)\n    at Module._load (node:internal/modules/cjs/loader:839:12)\n    at Function.executeUserEntryPoint [as runMain] (node:internal/modules/run_main:81:12)\n    at node:internal/main/run_main_module:17:47 {\n  generatedMessage: true,\n  code: 'ERR_ASSERTION',\n  actual: [ 'pythonz', index: 0, input: 'pythonz.', groups: undefined ],\n  expected: true,\n  operator: 'deepEqual'\n}\n\nNode.js v18.7.0\n",
      "exit_code": 1,
      "status": "AssertionError"
    },
    {
      "program": "//Write a function that matches a word containing 'z'.\nfunction text_match_wordz(text){\n    let regex = /\\w*z\\w*/;\n    return regex.test(text);\n}\n\nconst assert = require('node:assert');\n\n\nfunction test() {\n  let candidate = text_match_wordz;\n  assert.deepEqual(candidate(\"pythonz.\"),true);\n  assert.deepEqual(candidate(\"xyz.\"),true);\n  assert.deepEqual(candidate(\"  lang  .\"),false);\n}\n\ntest();",
      "timestamp": 1665510608,
      "stdout": "",
      "stderr": "",
      "exit_code": 0,
      "status": "OK"
    },
    {
      "program": "//Write a function that matches a word containing 'z'.\nfunction text_match_wordz(text){\n    let regex = /\\w*z\\w*/g;\n    let result = text.match(regex);\n    return result;\n}\nconst assert = require('node:assert');\n\n\nfunction test() {\n  let candidate = text_match_wordz;\n  assert.deepEqual(candidate(\"pythonz.\"),true);\n  assert.deepEqual(candidate(\"xyz.\"),true);\n  assert.deepEqual(candidate(\"  lang  .\"),false);\n}\n\ntest();",
      "timestamp": 1665510608,
      "stdout": "",
      "stderr": "node:assert:124\n  throw new AssertionError(obj);\n  ^\n\nAssertionError [ERR_ASSERTION]: Expected values to be loosely deep-equal:\n\n[\n  'pythonz'\n]\n\nshould loosely deep-equal\n\ntrue\n    at test (/tmp/tmpauhxm3l3.js:12:10)\n    at Object.<anonymous> (/tmp/tmpauhxm3l3.js:17:1)\n    at Module._compile (node:internal/modules/cjs/loader:1120:14)\n    at Module._extensions..js (node:internal/modules/cjs/loader:1174:10)\n    at Module.load (node:internal/modules/cjs/loader:998:32)\n    at Module._load (node:internal/modules/cjs/loader:839:12)\n    at Function.executeUserEntryPoint [as runMain] (node:internal/modules/run_main:81:12)\n    at node:internal/main/run_main_module:17:47 {\n  generatedMessage: true,\n  code: 'ERR_ASSERTION',\n  actual: [ 'pythonz' ],\n  expected: true,\n  operator: 'deepEqual'\n}\n\nNode.js v18.7.0\n",
      "exit_code": 1,
      "status": "AssertionError"
    },
    {
      "program": "//Write a function that matches a word containing 'z'.\nfunction text_match_wordz(text){\n    let regex = /\\w*z\\w*/;\n    console.log(text.match(regex));\n}\ntext_match_wordz(\"The quick brown fox jumps over the lazy dog.\");\n\nconst assert = require('node:assert');\n\n\nfunction test() {\n  let candidate = text_match_wordz;\n  assert.deepEqual(candidate(\"pythonz.\"),true);\n  assert.deepEqual(candidate(\"xyz.\"),true);\n  assert.deepEqual(candidate(\"  lang  .\"),false);\n}\n\ntest();",
      "timestamp": 1666123474,
      "stdout": "[\n  'lazy',\n  index: 35,\n  input: 'The quick brown fox jumps over the lazy dog.',\n  groups: undefined\n]\n[ 'pythonz', index: 0, input: 'pythonz.', groups: undefined ]\n",
      "stderr": "node:assert:124\n  throw new AssertionError(obj);\n  ^\n\nAssertionError [ERR_ASSERTION]: Expected values to be loosely deep-equal:\n\nundefined\n\nshould loosely deep-equal\n\ntrue\n    at test (/tmp/tmpqcbf7rb8.js:13:10)\n    at Object.<anonymous> (/tmp/tmpqcbf7rb8.js:18:1)\n    at Module._compile (node:internal/modules/cjs/loader:1120:14)\n    at Module._extensions..js (node:internal/modules/cjs/loader:1174:10)\n    at Module.load (node:internal/modules/cjs/loader:998:32)\n    at Module._load (node:internal/modules/cjs/loader:839:12)\n    at Function.executeUserEntryPoint [as runMain] (node:internal/modules/run_main:81:12)\n    at node:internal/main/run_main_module:17:47 {\n  generatedMessage: true,\n  code: 'ERR_ASSERTION',\n  actual: undefined,\n  expected: true,\n  operator: 'deepEqual'\n}\n\nNode.js v18.7.0\n",
      "exit_code": 1,
      "status": "AssertionError"
    },
    {
      "program": "//Write a function that matches a word containing 'z'.\nfunction text_match_wordz(text){\n    let regex = /\\w*z\\w*/g;\n    return text.match(regex);\n}\n\nconst assert = require('node:assert');\n\n\nfunction test() {\n  let candidate = text_match_wordz;\n  assert.deepEqual(candidate(\"pythonz.\"),true);\n  assert.deepEqual(candidate(\"xyz.\"),true);\n  assert.deepEqual(candidate(\"  lang  .\"),false);\n}\n\ntest();",
      "timestamp": 1665510608,
      "stdout": "",
      "stderr": "node:assert:124\n  throw new AssertionError(obj);\n  ^\n\nAssertionError [ERR_ASSERTION]: Expected values to be loosely deep-equal:\n\n[\n  'pythonz'\n]\n\nshould loosely deep-equal\n\ntrue\n    at test (/tmp/tmpvml7zjhz.js:12:10)\n    at Object.<anonymous> (/tmp/tmpvml7zjhz.js:17:1)\n    at Module._compile (node:internal/modules/cjs/loader:1120:14)\n    at Module._extensions..js (node:internal/modules/cjs/loader:1174:10)\n    at Module.load (node:internal/modules/cjs/loader:998:32)\n    at Module._load (node:internal/modules/cjs/loader:839:12)\n    at Function.executeUserEntryPoint [as runMain] (node:internal/modules/run_main:81:12)\n    at node:internal/main/run_main_module:17:47 {\n  generatedMessage: true,\n  code: 'ERR_ASSERTION',\n  actual: [ 'pythonz' ],\n  expected: true,\n  operator: 'deepEqual'\n}\n\nNode.js v18.7.0\n",
      "exit_code": 1,
      "status": "AssertionError"
    },
    {
      "program": "//Write a function that matches a word containing 'z'.\nfunction text_match_wordz(text){\n    var regex = /\\w*z\\w*/;\n    return regex.test(text);\n}\nconst assert = require('node:assert');\n\n\nfunction test() {\n  let candidate = text_match_wordz;\n  assert.deepEqual(candidate(\"pythonz.\"),true);\n  assert.deepEqual(candidate(\"xyz.\"),true);\n  assert.deepEqual(candidate(\"  lang  .\"),false);\n}\n\ntest();",
      "timestamp": 1665510608,
      "stdout": "",
      "stderr": "",
      "exit_code": 0,
      "status": "OK"
    },
    {
      "program": "//Write a function that matches a word containing 'z'.\nfunction text_match_wordz(text){\n    let regex = /\\w*z\\w*/;\n    return regex.test(text);\n}\nconst assert = require('node:assert');\n\n\nfunction test() {\n  let candidate = text_match_wordz;\n  assert.deepEqual(candidate(\"pythonz.\"),true);\n  assert.deepEqual(candidate(\"xyz.\"),true);\n  assert.deepEqual(candidate(\"  lang  .\"),false);\n}\n\ntest();",
      "timestamp": 1665510608,
      "stdout": "",
      "stderr": "",
      "exit_code": 0,
      "status": "OK"
    },
    {
      "program": "//Write a function that matches a word containing 'z'.\nfunction text_match_wordz(text){\n    let regex = /\\w*z\\w*/g;\n    return text.match(regex);\n}\nconst assert = require('node:assert');\n\n\nfunction test() {\n  let candidate = text_match_wordz;\n  assert.deepEqual(candidate(\"pythonz.\"),true);\n  assert.deepEqual(candidate(\"xyz.\"),true);\n  assert.deepEqual(candidate(\"  lang  .\"),false);\n}\n\ntest();",
      "timestamp": 1665510608,
      "stdout": "",
      "stderr": "node:assert:124\n  throw new AssertionError(obj);\n  ^\n\nAssertionError [ERR_ASSERTION]: Expected values to be loosely deep-equal:\n\n[\n  'pythonz'\n]\n\nshould loosely deep-equal\n\ntrue\n    at test (/tmp/tmpf7u3vc9o.js:11:10)\n    at Object.<anonymous> (/tmp/tmpf7u3vc9o.js:16:1)\n    at Module._compile (node:internal/modules/cjs/loader:1120:14)\n    at Module._extensions..js (node:internal/modules/cjs/loader:1174:10)\n    at Module.load (node:internal/modules/cjs/loader:998:32)\n    at Module._load (node:internal/modules/cjs/loader:839:12)\n    at Function.executeUserEntryPoint [as runMain] (node:internal/modules/run_main:81:12)\n    at node:internal/main/run_main_module:17:47 {\n  generatedMessage: true,\n  code: 'ERR_ASSERTION',\n  actual: [ 'pythonz' ],\n  expected: true,\n  operator: 'deepEqual'\n}\n\nNode.js v18.7.0\n",
      "exit_code": 1,
      "status": "AssertionError"
    },
    {
      "program": "//Write a function that matches a word containing 'z'.\nfunction text_match_wordz(text){\n    let pattern = /\\w*z\\w*/;\n    return pattern.test(text);\n}\n\nconst assert = require('node:assert');\n\n\nfunction test() {\n  let candidate = text_match_wordz;\n  assert.deepEqual(candidate(\"pythonz.\"),true);\n  assert.deepEqual(candidate(\"xyz.\"),true);\n  assert.deepEqual(candidate(\"  lang  .\"),false);\n}\n\ntest();",
      "timestamp": 1666123474,
      "stdout": "",
      "stderr": "",
      "exit_code": 0,
      "status": "OK"
    },
    {
      "program": "//Write a function that matches a word containing 'z'.\nfunction text_match_wordz(text){\n    let regex = /\\bz\\w+\\b/g;\n    return text.match(regex);\n}\n\nconst assert = require('node:assert');\n\n\nfunction test() {\n  let candidate = text_match_wordz;\n  assert.deepEqual(candidate(\"pythonz.\"),true);\n  assert.deepEqual(candidate(\"xyz.\"),true);\n  assert.deepEqual(candidate(\"  lang  .\"),false);\n}\n\ntest();",
      "timestamp": 1666123474,
      "stdout": "",
      "stderr": "node:assert:124\n  throw new AssertionError(obj);\n  ^\n\nAssertionError [ERR_ASSERTION]: Expected values to be loosely deep-equal:\n\nnull\n\nshould loosely deep-equal\n\ntrue\n    at test (/tmp/tmpa2bmw92n.js:12:10)\n    at Object.<anonymous> (/tmp/tmpa2bmw92n.js:17:1)\n    at Module._compile (node:internal/modules/cjs/loader:1120:14)\n    at Module._extensions..js (node:internal/modules/cjs/loader:1174:10)\n    at Module.load (node:internal/modules/cjs/loader:998:32)\n    at Module._load (node:internal/modules/cjs/loader:839:12)\n    at Function.executeUserEntryPoint [as runMain] (node:internal/modules/run_main:81:12)\n    at node:internal/main/run_main_module:17:47 {\n  generatedMessage: true,\n  code: 'ERR_ASSERTION',\n  actual: null,\n  expected: true,\n  operator: 'deepEqual'\n}\n\nNode.js v18.7.0\n",
      "exit_code": 1,
      "status": "AssertionError"
    },
    {
      "program": "//Write a function that matches a word containing 'z'.\nfunction text_match_wordz(text){\n    let regex = /\\w*z\\w*/;\n    return regex.test(text);\n}\nconst assert = require('node:assert');\n\n\nfunction test() {\n  let candidate = text_match_wordz;\n  assert.deepEqual(candidate(\"pythonz.\"),true);\n  assert.deepEqual(candidate(\"xyz.\"),true);\n  assert.deepEqual(candidate(\"  lang  .\"),false);\n}\n\ntest();",
      "timestamp": 1665510608,
      "stdout": "",
      "stderr": "",
      "exit_code": 0,
      "status": "OK"
    },
    {
      "program": "//Write a function that matches a word containing 'z'.\nfunction text_match_wordz(text){\n    let regex = /\\w*z\\w*/;\n    return regex.test(text);\n}\nconst assert = require('node:assert');\n\n\nfunction test() {\n  let candidate = text_match_wordz;\n  assert.deepEqual(candidate(\"pythonz.\"),true);\n  assert.deepEqual(candidate(\"xyz.\"),true);\n  assert.deepEqual(candidate(\"  lang  .\"),false);\n}\n\ntest();",
      "timestamp": 1665510608,
      "stdout": "",
      "stderr": "",
      "exit_code": 0,
      "status": "OK"
    },
    {
      "program": "//Write a function that matches a word containing 'z'.\nfunction text_match_wordz(text){\n    let regex = /\\w*z\\w*/;\n    return regex.test(text);\n}\nconst assert = require('node:assert');\n\n\nfunction test() {\n  let candidate = text_match_wordz;\n  assert.deepEqual(candidate(\"pythonz.\"),true);\n  assert.deepEqual(candidate(\"xyz.\"),true);\n  assert.deepEqual(candidate(\"  lang  .\"),false);\n}\n\ntest();",
      "timestamp": 1665510608,
      "stdout": "",
      "stderr": "",
      "exit_code": 0,
      "status": "OK"
    },
    {
      "program": "//Write a function that matches a word containing 'z'.\nfunction text_match_wordz(text){\n    let regex = /\\w*z\\w*/;\n    return regex.test(text);\n}\n\nconst assert = require('node:assert');\n\n\nfunction test() {\n  let candidate = text_match_wordz;\n  assert.deepEqual(candidate(\"pythonz.\"),true);\n  assert.deepEqual(candidate(\"xyz.\"),true);\n  assert.deepEqual(candidate(\"  lang  .\"),false);\n}\n\ntest();",
      "timestamp": 1665510608,
      "stdout": "",
      "stderr": "",
      "exit_code": 0,
      "status": "OK"
    },
    {
      "program": "//Write a function that matches a word containing 'z'.\nfunction text_match_wordz(text){\n    let regex = /\\w*z\\w*/g;\n    let result = text.match(regex);\n    return result;\n}\nconst assert = require('node:assert');\n\n\nfunction test() {\n  let candidate = text_match_wordz;\n  assert.deepEqual(candidate(\"pythonz.\"),true);\n  assert.deepEqual(candidate(\"xyz.\"),true);\n  assert.deepEqual(candidate(\"  lang  .\"),false);\n}\n\ntest();",
      "timestamp": 1665510608,
      "stdout": "",
      "stderr": "node:assert:124\n  throw new AssertionError(obj);\n  ^\n\nAssertionError [ERR_ASSERTION]: Expected values to be loosely deep-equal:\n\n[\n  'pythonz'\n]\n\nshould loosely deep-equal\n\ntrue\n    at test (/tmp/tmpauhxm3l3.js:12:10)\n    at Object.<anonymous> (/tmp/tmpauhxm3l3.js:17:1)\n    at Module._compile (node:internal/modules/cjs/loader:1120:14)\n    at Module._extensions..js (node:internal/modules/cjs/loader:1174:10)\n    at Module.load (node:internal/modules/cjs/loader:998:32)\n    at Module._load (node:internal/modules/cjs/loader:839:12)\n    at Function.executeUserEntryPoint [as runMain] (node:internal/modules/run_main:81:12)\n    at node:internal/main/run_main_module:17:47 {\n  generatedMessage: true,\n  code: 'ERR_ASSERTION',\n  actual: [ 'pythonz' ],\n  expected: true,\n  operator: 'deepEqual'\n}\n\nNode.js v18.7.0\n",
      "exit_code": 1,
      "status": "AssertionError"
    },
    {
      "program": "//Write a function that matches a word containing 'z'.\nfunction text_match_wordz(text){\n    let regex = /\\w*z\\w*/g;\n    return text.match(regex);\n}\n\nconst assert = require('node:assert');\n\n\nfunction test() {\n  let candidate = text_match_wordz;\n  assert.deepEqual(candidate(\"pythonz.\"),true);\n  assert.deepEqual(candidate(\"xyz.\"),true);\n  assert.deepEqual(candidate(\"  lang  .\"),false);\n}\n\ntest();",
      "timestamp": 1665510608,
      "stdout": "",
      "stderr": "node:assert:124\n  throw new AssertionError(obj);\n  ^\n\nAssertionError [ERR_ASSERTION]: Expected values to be loosely deep-equal:\n\n[\n  'pythonz'\n]\n\nshould loosely deep-equal\n\ntrue\n    at test (/tmp/tmpvml7zjhz.js:12:10)\n    at Object.<anonymous> (/tmp/tmpvml7zjhz.js:17:1)\n    at Module._compile (node:internal/modules/cjs/loader:1120:14)\n    at Module._extensions..js (node:internal/modules/cjs/loader:1174:10)\n    at Module.load (node:internal/modules/cjs/loader:998:32)\n    at Module._load (node:internal/modules/cjs/loader:839:12)\n    at Function.executeUserEntryPoint [as runMain] (node:internal/modules/run_main:81:12)\n    at node:internal/main/run_main_module:17:47 {\n  generatedMessage: true,\n  code: 'ERR_ASSERTION',\n  actual: [ 'pythonz' ],\n  expected: true,\n  operator: 'deepEqual'\n}\n\nNode.js v18.7.0\n",
      "exit_code": 1,
      "status": "AssertionError"
    },
    {
      "program": "//Write a function that matches a word containing 'z'.\nfunction text_match_wordz(text){\n    var pattern = /\\w*z\\w*/;\n    if(pattern.test(text)){\n        return true;\n    }\n    return false;\n}\nconst assert = require('node:assert');\n\n\nfunction test() {\n  let candidate = text_match_wordz;\n  assert.deepEqual(candidate(\"pythonz.\"),true);\n  assert.deepEqual(candidate(\"xyz.\"),true);\n  assert.deepEqual(candidate(\"  lang  .\"),false);\n}\n\ntest();",
      "timestamp": 1666123474,
      "stdout": "",
      "stderr": "",
      "exit_code": 0,
      "status": "OK"
    },
    {
      "program": "//Write a function that matches a word containing 'z'.\nfunction text_match_wordz(text){\n    return text.match(/\\w*z\\w*/g);\n}\nconst assert = require('node:assert');\n\n\nfunction test() {\n  let candidate = text_match_wordz;\n  assert.deepEqual(candidate(\"pythonz.\"),true);\n  assert.deepEqual(candidate(\"xyz.\"),true);\n  assert.deepEqual(candidate(\"  lang  .\"),false);\n}\n\ntest();",
      "timestamp": 1666123474,
      "stdout": "",
      "stderr": "node:assert:124\n  throw new AssertionError(obj);\n  ^\n\nAssertionError [ERR_ASSERTION]: Expected values to be loosely deep-equal:\n\n[\n  'pythonz'\n]\n\nshould loosely deep-equal\n\ntrue\n    at test (/tmp/tmp3u4qovfv.js:10:10)\n    at Object.<anonymous> (/tmp/tmp3u4qovfv.js:15:1)\n    at Module._compile (node:internal/modules/cjs/loader:1120:14)\n    at Module._extensions..js (node:internal/modules/cjs/loader:1174:10)\n    at Module.load (node:internal/modules/cjs/loader:998:32)\n    at Module._load (node:internal/modules/cjs/loader:839:12)\n    at Function.executeUserEntryPoint [as runMain] (node:internal/modules/run_main:81:12)\n    at node:internal/main/run_main_module:17:47 {\n  generatedMessage: true,\n  code: 'ERR_ASSERTION',\n  actual: [ 'pythonz' ],\n  expected: true,\n  operator: 'deepEqual'\n}\n\nNode.js v18.7.0\n",
      "exit_code": 1,
      "status": "AssertionError"
    },
    {
      "program": "//Write a function that matches a word containing 'z'.\nfunction text_match_wordz(text){\n    let regex = /\\w*z\\w*/;\n    if(text.match(regex)){\n        return true;\n    }\n    return false;\n}\nconst assert = require('node:assert');\n\n\nfunction test() {\n  let candidate = text_match_wordz;\n  assert.deepEqual(candidate(\"pythonz.\"),true);\n  assert.deepEqual(candidate(\"xyz.\"),true);\n  assert.deepEqual(candidate(\"  lang  .\"),false);\n}\n\ntest();",
      "timestamp": 1666123476,
      "stdout": "",
      "stderr": "",
      "exit_code": 0,
      "status": "OK"
    },
    {
      "program": "//Write a function that matches a word containing 'z'.\nfunction text_match_wordz(text){\n    var regex = /\\w*z\\w*/;\n    return regex.test(text);\n}\nconst assert = require('node:assert');\n\n\nfunction test() {\n  let candidate = text_match_wordz;\n  assert.deepEqual(candidate(\"pythonz.\"),true);\n  assert.deepEqual(candidate(\"xyz.\"),true);\n  assert.deepEqual(candidate(\"  lang  .\"),false);\n}\n\ntest();",
      "timestamp": 1665510608,
      "stdout": "",
      "stderr": "",
      "exit_code": 0,
      "status": "OK"
    },
    {
      "program": "//Write a function that matches a word containing 'z'.\nfunction text_match_wordz(text){\n    let regex = /\\w*z\\w*/g;\n    return text.match(regex);\n}\nconst assert = require('node:assert');\n\n\nfunction test() {\n  let candidate = text_match_wordz;\n  assert.deepEqual(candidate(\"pythonz.\"),true);\n  assert.deepEqual(candidate(\"xyz.\"),true);\n  assert.deepEqual(candidate(\"  lang  .\"),false);\n}\n\ntest();",
      "timestamp": 1665510608,
      "stdout": "",
      "stderr": "node:assert:124\n  throw new AssertionError(obj);\n  ^\n\nAssertionError [ERR_ASSERTION]: Expected values to be loosely deep-equal:\n\n[\n  'pythonz'\n]\n\nshould loosely deep-equal\n\ntrue\n    at test (/tmp/tmpf7u3vc9o.js:11:10)\n    at Object.<anonymous> (/tmp/tmpf7u3vc9o.js:16:1)\n    at Module._compile (node:internal/modules/cjs/loader:1120:14)\n    at Module._extensions..js (node:internal/modules/cjs/loader:1174:10)\n    at Module.load (node:internal/modules/cjs/loader:998:32)\n    at Module._load (node:internal/modules/cjs/loader:839:12)\n    at Function.executeUserEntryPoint [as runMain] (node:internal/modules/run_main:81:12)\n    at node:internal/main/run_main_module:17:47 {\n  generatedMessage: true,\n  code: 'ERR_ASSERTION',\n  actual: [ 'pythonz' ],\n  expected: true,\n  operator: 'deepEqual'\n}\n\nNode.js v18.7.0\n",
      "exit_code": 1,
      "status": "AssertionError"
    },
    {
      "program": "//Write a function that matches a word containing 'z'.\nfunction text_match_wordz(text){\n    let regex = /\\w*z\\w*/;\n    return regex.test(text);\n}\n\nconst assert = require('node:assert');\n\n\nfunction test() {\n  let candidate = text_match_wordz;\n  assert.deepEqual(candidate(\"pythonz.\"),true);\n  assert.deepEqual(candidate(\"xyz.\"),true);\n  assert.deepEqual(candidate(\"  lang  .\"),false);\n}\n\ntest();",
      "timestamp": 1665510608,
      "stdout": "",
      "stderr": "",
      "exit_code": 0,
      "status": "OK"
    },
    {
      "program": "//Write a function that matches a word containing 'z'.\nfunction text_match_wordz(text){\n    var regex = /\\w*z\\w*/;\n    return text.match(regex);\n}\n\nconst assert = require('node:assert');\n\n\nfunction test() {\n  let candidate = text_match_wordz;\n  assert.deepEqual(candidate(\"pythonz.\"),true);\n  assert.deepEqual(candidate(\"xyz.\"),true);\n  assert.deepEqual(candidate(\"  lang  .\"),false);\n}\n\ntest();",
      "timestamp": 1666123474,
      "stdout": "",
      "stderr": "node:assert:124\n  throw new AssertionError(obj);\n  ^\n\nAssertionError [ERR_ASSERTION]: Expected values to be loosely deep-equal:\n\n[\n  'pythonz',\n  groups: undefined,\n  index: 0,\n  input: 'pythonz.'\n]\n\nshould loosely deep-equal\n\ntrue\n    at test (/tmp/tmpf2b7ehem.js:12:10)\n    at Object.<anonymous> (/tmp/tmpf2b7ehem.js:17:1)\n    at Module._compile (node:internal/modules/cjs/loader:1120:14)\n    at Module._extensions..js (node:internal/modules/cjs/loader:1174:10)\n    at Module.load (node:internal/modules/cjs/loader:998:32)\n    at Module._load (node:internal/modules/cjs/loader:839:12)\n    at Function.executeUserEntryPoint [as runMain] (node:internal/modules/run_main:81:12)\n    at node:internal/main/run_main_module:17:47 {\n  generatedMessage: true,\n  code: 'ERR_ASSERTION',\n  actual: [ 'pythonz', index: 0, input: 'pythonz.', groups: undefined ],\n  expected: true,\n  operator: 'deepEqual'\n}\n\nNode.js v18.7.0\n",
      "exit_code": 1,
      "status": "AssertionError"
    },
    {
      "program": "//Write a function that matches a word containing 'z'.\nfunction text_match_wordz(text){\n    return text.match(/\\w*z\\w*/g);\n}\nconst assert = require('node:assert');\n\n\nfunction test() {\n  let candidate = text_match_wordz;\n  assert.deepEqual(candidate(\"pythonz.\"),true);\n  assert.deepEqual(candidate(\"xyz.\"),true);\n  assert.deepEqual(candidate(\"  lang  .\"),false);\n}\n\ntest();",
      "timestamp": 1666123474,
      "stdout": "",
      "stderr": "node:assert:124\n  throw new AssertionError(obj);\n  ^\n\nAssertionError [ERR_ASSERTION]: Expected values to be loosely deep-equal:\n\n[\n  'pythonz'\n]\n\nshould loosely deep-equal\n\ntrue\n    at test (/tmp/tmp3u4qovfv.js:10:10)\n    at Object.<anonymous> (/tmp/tmp3u4qovfv.js:15:1)\n    at Module._compile (node:internal/modules/cjs/loader:1120:14)\n    at Module._extensions..js (node:internal/modules/cjs/loader:1174:10)\n    at Module.load (node:internal/modules/cjs/loader:998:32)\n    at Module._load (node:internal/modules/cjs/loader:839:12)\n    at Function.executeUserEntryPoint [as runMain] (node:internal/modules/run_main:81:12)\n    at node:internal/main/run_main_module:17:47 {\n  generatedMessage: true,\n  code: 'ERR_ASSERTION',\n  actual: [ 'pythonz' ],\n  expected: true,\n  operator: 'deepEqual'\n}\n\nNode.js v18.7.0\n",
      "exit_code": 1,
      "status": "AssertionError"
    },
    {
      "program": "//Write a function that matches a word containing 'z'.\nfunction text_match_wordz(text){\n    let regex = /\\w*z\\w*/;\n    return text.match(regex);\n}\nconst assert = require('node:assert');\n\n\nfunction test() {\n  let candidate = text_match_wordz;\n  assert.deepEqual(candidate(\"pythonz.\"),true);\n  assert.deepEqual(candidate(\"xyz.\"),true);\n  assert.deepEqual(candidate(\"  lang  .\"),false);\n}\n\ntest();",
      "timestamp": 1665510608,
      "stdout": "",
      "stderr": "node:assert:124\n  throw new AssertionError(obj);\n  ^\n\nAssertionError [ERR_ASSERTION]: Expected values to be loosely deep-equal:\n\n[\n  'pythonz',\n  groups: undefined,\n  index: 0,\n  input: 'pythonz.'\n]\n\nshould loosely deep-equal\n\ntrue\n    at test (/tmp/tmppushac2z.js:11:10)\n    at Object.<anonymous> (/tmp/tmppushac2z.js:16:1)\n    at Module._compile (node:internal/modules/cjs/loader:1120:14)\n    at Module._extensions..js (node:internal/modules/cjs/loader:1174:10)\n    at Module.load (node:internal/modules/cjs/loader:998:32)\n    at Module._load (node:internal/modules/cjs/loader:839:12)\n    at Function.executeUserEntryPoint [as runMain] (node:internal/modules/run_main:81:12)\n    at node:internal/main/run_main_module:17:47 {\n  generatedMessage: true,\n  code: 'ERR_ASSERTION',\n  actual: [ 'pythonz', index: 0, input: 'pythonz.', groups: undefined ],\n  expected: true,\n  operator: 'deepEqual'\n}\n\nNode.js v18.7.0\n",
      "exit_code": 1,
      "status": "AssertionError"
    },
    {
      "program": "//Write a function that matches a word containing 'z'.\nfunction text_match_wordz(text){\n    let regex = /\\w*z\\w*/;\n    return text.match(regex);\n}\nconst assert = require('node:assert');\n\n\nfunction test() {\n  let candidate = text_match_wordz;\n  assert.deepEqual(candidate(\"pythonz.\"),true);\n  assert.deepEqual(candidate(\"xyz.\"),true);\n  assert.deepEqual(candidate(\"  lang  .\"),false);\n}\n\ntest();",
      "timestamp": 1665510608,
      "stdout": "",
      "stderr": "node:assert:124\n  throw new AssertionError(obj);\n  ^\n\nAssertionError [ERR_ASSERTION]: Expected values to be loosely deep-equal:\n\n[\n  'pythonz',\n  groups: undefined,\n  index: 0,\n  input: 'pythonz.'\n]\n\nshould loosely deep-equal\n\ntrue\n    at test (/tmp/tmppushac2z.js:11:10)\n    at Object.<anonymous> (/tmp/tmppushac2z.js:16:1)\n    at Module._compile (node:internal/modules/cjs/loader:1120:14)\n    at Module._extensions..js (node:internal/modules/cjs/loader:1174:10)\n    at Module.load (node:internal/modules/cjs/loader:998:32)\n    at Module._load (node:internal/modules/cjs/loader:839:12)\n    at Function.executeUserEntryPoint [as runMain] (node:internal/modules/run_main:81:12)\n    at node:internal/main/run_main_module:17:47 {\n  generatedMessage: true,\n  code: 'ERR_ASSERTION',\n  actual: [ 'pythonz', index: 0, input: 'pythonz.', groups: undefined ],\n  expected: true,\n  operator: 'deepEqual'\n}\n\nNode.js v18.7.0\n",
      "exit_code": 1,
      "status": "AssertionError"
    },
    {
      "program": "//Write a function that matches a word containing 'z'.\nfunction text_match_wordz(text){\n    let regex = /\\w*z\\w*/;\n    return text.match(regex);\n}\nconst assert = require('node:assert');\n\n\nfunction test() {\n  let candidate = text_match_wordz;\n  assert.deepEqual(candidate(\"pythonz.\"),true);\n  assert.deepEqual(candidate(\"xyz.\"),true);\n  assert.deepEqual(candidate(\"  lang  .\"),false);\n}\n\ntest();",
      "timestamp": 1665510608,
      "stdout": "",
      "stderr": "node:assert:124\n  throw new AssertionError(obj);\n  ^\n\nAssertionError [ERR_ASSERTION]: Expected values to be loosely deep-equal:\n\n[\n  'pythonz',\n  groups: undefined,\n  index: 0,\n  input: 'pythonz.'\n]\n\nshould loosely deep-equal\n\ntrue\n    at test (/tmp/tmppushac2z.js:11:10)\n    at Object.<anonymous> (/tmp/tmppushac2z.js:16:1)\n    at Module._compile (node:internal/modules/cjs/loader:1120:14)\n    at Module._extensions..js (node:internal/modules/cjs/loader:1174:10)\n    at Module.load (node:internal/modules/cjs/loader:998:32)\n    at Module._load (node:internal/modules/cjs/loader:839:12)\n    at Function.executeUserEntryPoint [as runMain] (node:internal/modules/run_main:81:12)\n    at node:internal/main/run_main_module:17:47 {\n  generatedMessage: true,\n  code: 'ERR_ASSERTION',\n  actual: [ 'pythonz', index: 0, input: 'pythonz.', groups: undefined ],\n  expected: true,\n  operator: 'deepEqual'\n}\n\nNode.js v18.7.0\n",
      "exit_code": 1,
      "status": "AssertionError"
    },
    {
      "program": "//Write a function that matches a word containing 'z'.\nfunction text_match_wordz(text){\n    if(text.match(/z/)){\n        return true;\n    }\n    return false;\n}\nconst assert = require('node:assert');\n\n\nfunction test() {\n  let candidate = text_match_wordz;\n  assert.deepEqual(candidate(\"pythonz.\"),true);\n  assert.deepEqual(candidate(\"xyz.\"),true);\n  assert.deepEqual(candidate(\"  lang  .\"),false);\n}\n\ntest();",
      "timestamp": 1666123474,
      "stdout": "",
      "stderr": "",
      "exit_code": 0,
      "status": "OK"
    },
    {
      "program": "//Write a function that matches a word containing 'z'.\nfunction text_match_wordz(text){\n    let regex = /\\w*z\\w*/;\n    return regex.test(text);\n}\nconst assert = require('node:assert');\n\n\nfunction test() {\n  let candidate = text_match_wordz;\n  assert.deepEqual(candidate(\"pythonz.\"),true);\n  assert.deepEqual(candidate(\"xyz.\"),true);\n  assert.deepEqual(candidate(\"  lang  .\"),false);\n}\n\ntest();",
      "timestamp": 1665510608,
      "stdout": "",
      "stderr": "",
      "exit_code": 0,
      "status": "OK"
    },
    {
      "program": "//Write a function that matches a word containing 'z'.\nfunction text_match_wordz(text){\n    let regex = /\\w*z\\w*/;\n    return text.match(regex);\n}\nconst assert = require('node:assert');\n\n\nfunction test() {\n  let candidate = text_match_wordz;\n  assert.deepEqual(candidate(\"pythonz.\"),true);\n  assert.deepEqual(candidate(\"xyz.\"),true);\n  assert.deepEqual(candidate(\"  lang  .\"),false);\n}\n\ntest();",
      "timestamp": 1665510608,
      "stdout": "",
      "stderr": "node:assert:124\n  throw new AssertionError(obj);\n  ^\n\nAssertionError [ERR_ASSERTION]: Expected values to be loosely deep-equal:\n\n[\n  'pythonz',\n  groups: undefined,\n  index: 0,\n  input: 'pythonz.'\n]\n\nshould loosely deep-equal\n\ntrue\n    at test (/tmp/tmppushac2z.js:11:10)\n    at Object.<anonymous> (/tmp/tmppushac2z.js:16:1)\n    at Module._compile (node:internal/modules/cjs/loader:1120:14)\n    at Module._extensions..js (node:internal/modules/cjs/loader:1174:10)\n    at Module.load (node:internal/modules/cjs/loader:998:32)\n    at Module._load (node:internal/modules/cjs/loader:839:12)\n    at Function.executeUserEntryPoint [as runMain] (node:internal/modules/run_main:81:12)\n    at node:internal/main/run_main_module:17:47 {\n  generatedMessage: true,\n  code: 'ERR_ASSERTION',\n  actual: [ 'pythonz', index: 0, input: 'pythonz.', groups: undefined ],\n  expected: true,\n  operator: 'deepEqual'\n}\n\nNode.js v18.7.0\n",
      "exit_code": 1,
      "status": "AssertionError"
    },
    {
      "program": "//Write a function that matches a word containing 'z'.\nfunction text_match_wordz(text){\n    let regex = /\\bz\\w+/g;\n    return text.match(regex);\n}\nconst assert = require('node:assert');\n\n\nfunction test() {\n  let candidate = text_match_wordz;\n  assert.deepEqual(candidate(\"pythonz.\"),true);\n  assert.deepEqual(candidate(\"xyz.\"),true);\n  assert.deepEqual(candidate(\"  lang  .\"),false);\n}\n\ntest();",
      "timestamp": 1665510608,
      "stdout": "",
      "stderr": "node:assert:124\n  throw new AssertionError(obj);\n  ^\n\nAssertionError [ERR_ASSERTION]: Expected values to be loosely deep-equal:\n\nnull\n\nshould loosely deep-equal\n\ntrue\n    at test (/tmp/tmptva5ggyf.js:11:10)\n    at Object.<anonymous> (/tmp/tmptva5ggyf.js:16:1)\n    at Module._compile (node:internal/modules/cjs/loader:1120:14)\n    at Module._extensions..js (node:internal/modules/cjs/loader:1174:10)\n    at Module.load (node:internal/modules/cjs/loader:998:32)\n    at Module._load (node:internal/modules/cjs/loader:839:12)\n    at Function.executeUserEntryPoint [as runMain] (node:internal/modules/run_main:81:12)\n    at node:internal/main/run_main_module:17:47 {\n  generatedMessage: true,\n  code: 'ERR_ASSERTION',\n  actual: null,\n  expected: true,\n  operator: 'deepEqual'\n}\n\nNode.js v18.7.0\n",
      "exit_code": 1,
      "status": "AssertionError"
    },
    {
      "program": "//Write a function that matches a word containing 'z'.\nfunction text_match_wordz(text){\n    let regex = /\\w*z\\w*/;\n    return regex.test(text);\n}\nconst assert = require('node:assert');\n\n\nfunction test() {\n  let candidate = text_match_wordz;\n  assert.deepEqual(candidate(\"pythonz.\"),true);\n  assert.deepEqual(candidate(\"xyz.\"),true);\n  assert.deepEqual(candidate(\"  lang  .\"),false);\n}\n\ntest();",
      "timestamp": 1665510608,
      "stdout": "",
      "stderr": "",
      "exit_code": 0,
      "status": "OK"
    },
    {
      "program": "//Write a function that matches a word containing 'z'.\nfunction text_match_wordz(text){\n    let pattern = /\\w*z\\w*/;\n    return pattern.test(text);\n}\n\nconst assert = require('node:assert');\n\n\nfunction test() {\n  let candidate = text_match_wordz;\n  assert.deepEqual(candidate(\"pythonz.\"),true);\n  assert.deepEqual(candidate(\"xyz.\"),true);\n  assert.deepEqual(candidate(\"  lang  .\"),false);\n}\n\ntest();",
      "timestamp": 1666123474,
      "stdout": "",
      "stderr": "",
      "exit_code": 0,
      "status": "OK"
    },
    {
      "program": "//Write a function that matches a word containing 'z'.\nfunction text_match_wordz(text){\n    var regex = /\\b[z]\\w+/g;\n    var found = text.match(regex);\n    return found;\n}\nconst assert = require('node:assert');\n\n\nfunction test() {\n  let candidate = text_match_wordz;\n  assert.deepEqual(candidate(\"pythonz.\"),true);\n  assert.deepEqual(candidate(\"xyz.\"),true);\n  assert.deepEqual(candidate(\"  lang  .\"),false);\n}\n\ntest();",
      "timestamp": 1666123476,
      "stdout": "",
      "stderr": "node:assert:124\n  throw new AssertionError(obj);\n  ^\n\nAssertionError [ERR_ASSERTION]: Expected values to be loosely deep-equal:\n\nnull\n\nshould loosely deep-equal\n\ntrue\n    at test (/tmp/tmp__lwede2.js:12:10)\n    at Object.<anonymous> (/tmp/tmp__lwede2.js:17:1)\n    at Module._compile (node:internal/modules/cjs/loader:1120:14)\n    at Module._extensions..js (node:internal/modules/cjs/loader:1174:10)\n    at Module.load (node:internal/modules/cjs/loader:998:32)\n    at Module._load (node:internal/modules/cjs/loader:839:12)\n    at Function.executeUserEntryPoint [as runMain] (node:internal/modules/run_main:81:12)\n    at node:internal/main/run_main_module:17:47 {\n  generatedMessage: true,\n  code: 'ERR_ASSERTION',\n  actual: null,\n  expected: true,\n  operator: 'deepEqual'\n}\n\nNode.js v18.7.0\n",
      "exit_code": 1,
      "status": "AssertionError"
    },
    {
      "program": "//Write a function that matches a word containing 'z'.\nfunction text_match_wordz(text){\n    var pattern = /\\b[z]\\w+/g;\n    return text.match(pattern);\n}\n\nconst assert = require('node:assert');\n\n\nfunction test() {\n  let candidate = text_match_wordz;\n  assert.deepEqual(candidate(\"pythonz.\"),true);\n  assert.deepEqual(candidate(\"xyz.\"),true);\n  assert.deepEqual(candidate(\"  lang  .\"),false);\n}\n\ntest();",
      "timestamp": 1666123476,
      "stdout": "",
      "stderr": "node:assert:124\n  throw new AssertionError(obj);\n  ^\n\nAssertionError [ERR_ASSERTION]: Expected values to be loosely deep-equal:\n\nnull\n\nshould loosely deep-equal\n\ntrue\n    at test (/tmp/tmpemndsffm.js:12:10)\n    at Object.<anonymous> (/tmp/tmpemndsffm.js:17:1)\n    at Module._compile (node:internal/modules/cjs/loader:1120:14)\n    at Module._extensions..js (node:internal/modules/cjs/loader:1174:10)\n    at Module.load (node:internal/modules/cjs/loader:998:32)\n    at Module._load (node:internal/modules/cjs/loader:839:12)\n    at Function.executeUserEntryPoint [as runMain] (node:internal/modules/run_main:81:12)\n    at node:internal/main/run_main_module:17:47 {\n  generatedMessage: true,\n  code: 'ERR_ASSERTION',\n  actual: null,\n  expected: true,\n  operator: 'deepEqual'\n}\n\nNode.js v18.7.0\n",
      "exit_code": 1,
      "status": "AssertionError"
    },
    {
      "program": "//Write a function that matches a word containing 'z'.\nfunction text_match_wordz(text){\n    return text.match(/\\w*z\\w*/gi);\n}\nconst assert = require('node:assert');\n\n\nfunction test() {\n  let candidate = text_match_wordz;\n  assert.deepEqual(candidate(\"pythonz.\"),true);\n  assert.deepEqual(candidate(\"xyz.\"),true);\n  assert.deepEqual(candidate(\"  lang  .\"),false);\n}\n\ntest();",
      "timestamp": 1666123474,
      "stdout": "",
      "stderr": "node:assert:124\n  throw new AssertionError(obj);\n  ^\n\nAssertionError [ERR_ASSERTION]: Expected values to be loosely deep-equal:\n\n[\n  'pythonz'\n]\n\nshould loosely deep-equal\n\ntrue\n    at test (/tmp/tmpa_2vi8us.js:10:10)\n    at Object.<anonymous> (/tmp/tmpa_2vi8us.js:15:1)\n    at Module._compile (node:internal/modules/cjs/loader:1120:14)\n    at Module._extensions..js (node:internal/modules/cjs/loader:1174:10)\n    at Module.load (node:internal/modules/cjs/loader:998:32)\n    at Module._load (node:internal/modules/cjs/loader:839:12)\n    at Function.executeUserEntryPoint [as runMain] (node:internal/modules/run_main:81:12)\n    at node:internal/main/run_main_module:17:47 {\n  generatedMessage: true,\n  code: 'ERR_ASSERTION',\n  actual: [ 'pythonz' ],\n  expected: true,\n  operator: 'deepEqual'\n}\n\nNode.js v18.7.0\n",
      "exit_code": 1,
      "status": "AssertionError"
    },
    {
      "program": "//Write a function that matches a word containing 'z'.\nfunction text_match_wordz(text){\n    let regex = /\\w*z\\w*/;\n    return text.match(regex);\n}\nconst assert = require('node:assert');\n\n\nfunction test() {\n  let candidate = text_match_wordz;\n  assert.deepEqual(candidate(\"pythonz.\"),true);\n  assert.deepEqual(candidate(\"xyz.\"),true);\n  assert.deepEqual(candidate(\"  lang  .\"),false);\n}\n\ntest();",
      "timestamp": 1665510608,
      "stdout": "",
      "stderr": "node:assert:124\n  throw new AssertionError(obj);\n  ^\n\nAssertionError [ERR_ASSERTION]: Expected values to be loosely deep-equal:\n\n[\n  'pythonz',\n  groups: undefined,\n  index: 0,\n  input: 'pythonz.'\n]\n\nshould loosely deep-equal\n\ntrue\n    at test (/tmp/tmppushac2z.js:11:10)\n    at Object.<anonymous> (/tmp/tmppushac2z.js:16:1)\n    at Module._compile (node:internal/modules/cjs/loader:1120:14)\n    at Module._extensions..js (node:internal/modules/cjs/loader:1174:10)\n    at Module.load (node:internal/modules/cjs/loader:998:32)\n    at Module._load (node:internal/modules/cjs/loader:839:12)\n    at Function.executeUserEntryPoint [as runMain] (node:internal/modules/run_main:81:12)\n    at node:internal/main/run_main_module:17:47 {\n  generatedMessage: true,\n  code: 'ERR_ASSERTION',\n  actual: [ 'pythonz', index: 0, input: 'pythonz.', groups: undefined ],\n  expected: true,\n  operator: 'deepEqual'\n}\n\nNode.js v18.7.0\n",
      "exit_code": 1,
      "status": "AssertionError"
    },
    {
      "program": "//Write a function that matches a word containing 'z'.\nfunction text_match_wordz(text){\n    let regex = /\\w*z\\w*/;\n    return text.match(regex);\n}\nconst assert = require('node:assert');\n\n\nfunction test() {\n  let candidate = text_match_wordz;\n  assert.deepEqual(candidate(\"pythonz.\"),true);\n  assert.deepEqual(candidate(\"xyz.\"),true);\n  assert.deepEqual(candidate(\"  lang  .\"),false);\n}\n\ntest();",
      "timestamp": 1665510608,
      "stdout": "",
      "stderr": "node:assert:124\n  throw new AssertionError(obj);\n  ^\n\nAssertionError [ERR_ASSERTION]: Expected values to be loosely deep-equal:\n\n[\n  'pythonz',\n  groups: undefined,\n  index: 0,\n  input: 'pythonz.'\n]\n\nshould loosely deep-equal\n\ntrue\n    at test (/tmp/tmppushac2z.js:11:10)\n    at Object.<anonymous> (/tmp/tmppushac2z.js:16:1)\n    at Module._compile (node:internal/modules/cjs/loader:1120:14)\n    at Module._extensions..js (node:internal/modules/cjs/loader:1174:10)\n    at Module.load (node:internal/modules/cjs/loader:998:32)\n    at Module._load (node:internal/modules/cjs/loader:839:12)\n    at Function.executeUserEntryPoint [as runMain] (node:internal/modules/run_main:81:12)\n    at node:internal/main/run_main_module:17:47 {\n  generatedMessage: true,\n  code: 'ERR_ASSERTION',\n  actual: [ 'pythonz', index: 0, input: 'pythonz.', groups: undefined ],\n  expected: true,\n  operator: 'deepEqual'\n}\n\nNode.js v18.7.0\n",
      "exit_code": 1,
      "status": "AssertionError"
    },
    {
      "program": "//Write a function that matches a word containing 'z'.\nfunction text_match_wordz(text){\n    let regex = /\\w*z\\w*/;\n    return text.match(regex);\n}\nconst assert = require('node:assert');\n\n\nfunction test() {\n  let candidate = text_match_wordz;\n  assert.deepEqual(candidate(\"pythonz.\"),true);\n  assert.deepEqual(candidate(\"xyz.\"),true);\n  assert.deepEqual(candidate(\"  lang  .\"),false);\n}\n\ntest();",
      "timestamp": 1665510608,
      "stdout": "",
      "stderr": "node:assert:124\n  throw new AssertionError(obj);\n  ^\n\nAssertionError [ERR_ASSERTION]: Expected values to be loosely deep-equal:\n\n[\n  'pythonz',\n  groups: undefined,\n  index: 0,\n  input: 'pythonz.'\n]\n\nshould loosely deep-equal\n\ntrue\n    at test (/tmp/tmppushac2z.js:11:10)\n    at Object.<anonymous> (/tmp/tmppushac2z.js:16:1)\n    at Module._compile (node:internal/modules/cjs/loader:1120:14)\n    at Module._extensions..js (node:internal/modules/cjs/loader:1174:10)\n    at Module.load (node:internal/modules/cjs/loader:998:32)\n    at Module._load (node:internal/modules/cjs/loader:839:12)\n    at Function.executeUserEntryPoint [as runMain] (node:internal/modules/run_main:81:12)\n    at node:internal/main/run_main_module:17:47 {\n  generatedMessage: true,\n  code: 'ERR_ASSERTION',\n  actual: [ 'pythonz', index: 0, input: 'pythonz.', groups: undefined ],\n  expected: true,\n  operator: 'deepEqual'\n}\n\nNode.js v18.7.0\n",
      "exit_code": 1,
      "status": "AssertionError"
    },
    {
      "program": "//Write a function that matches a word containing 'z'.\nfunction text_match_wordz(text){\n    var regex = /\\w*z\\w*/;\n    return text.match(regex);\n}\nconst assert = require('node:assert');\n\n\nfunction test() {\n  let candidate = text_match_wordz;\n  assert.deepEqual(candidate(\"pythonz.\"),true);\n  assert.deepEqual(candidate(\"xyz.\"),true);\n  assert.deepEqual(candidate(\"  lang  .\"),false);\n}\n\ntest();",
      "timestamp": 1665510608,
      "stdout": "",
      "stderr": "node:assert:124\n  throw new AssertionError(obj);\n  ^\n\nAssertionError [ERR_ASSERTION]: Expected values to be loosely deep-equal:\n\n[\n  'pythonz',\n  groups: undefined,\n  index: 0,\n  input: 'pythonz.'\n]\n\nshould loosely deep-equal\n\ntrue\n    at test (/tmp/tmpck78mdto.js:11:10)\n    at Object.<anonymous> (/tmp/tmpck78mdto.js:16:1)\n    at Module._compile (node:internal/modules/cjs/loader:1120:14)\n    at Module._extensions..js (node:internal/modules/cjs/loader:1174:10)\n    at Module.load (node:internal/modules/cjs/loader:998:32)\n    at Module._load (node:internal/modules/cjs/loader:839:12)\n    at Function.executeUserEntryPoint [as runMain] (node:internal/modules/run_main:81:12)\n    at node:internal/main/run_main_module:17:47 {\n  generatedMessage: true,\n  code: 'ERR_ASSERTION',\n  actual: [ 'pythonz', index: 0, input: 'pythonz.', groups: undefined ],\n  expected: true,\n  operator: 'deepEqual'\n}\n\nNode.js v18.7.0\n",
      "exit_code": 1,
      "status": "AssertionError"
    },
    {
      "program": "//Write a function that matches a word containing 'z'.\nfunction text_match_wordz(text){\n    let pattern = /\\w*z\\w*/;\n    return pattern.test(text);\n}\nconst assert = require('node:assert');\n\n\nfunction test() {\n  let candidate = text_match_wordz;\n  assert.deepEqual(candidate(\"pythonz.\"),true);\n  assert.deepEqual(candidate(\"xyz.\"),true);\n  assert.deepEqual(candidate(\"  lang  .\"),false);\n}\n\ntest();",
      "timestamp": 1665510608,
      "stdout": "",
      "stderr": "",
      "exit_code": 0,
      "status": "OK"
    },
    {
      "program": "//Write a function that matches a word containing 'z'.\nfunction text_match_wordz(text){\n    var regex = /\\w*z\\w*/;\n    return text.match(regex);\n}\n\nconst assert = require('node:assert');\n\n\nfunction test() {\n  let candidate = text_match_wordz;\n  assert.deepEqual(candidate(\"pythonz.\"),true);\n  assert.deepEqual(candidate(\"xyz.\"),true);\n  assert.deepEqual(candidate(\"  lang  .\"),false);\n}\n\ntest();",
      "timestamp": 1666123474,
      "stdout": "",
      "stderr": "node:assert:124\n  throw new AssertionError(obj);\n  ^\n\nAssertionError [ERR_ASSERTION]: Expected values to be loosely deep-equal:\n\n[\n  'pythonz',\n  groups: undefined,\n  index: 0,\n  input: 'pythonz.'\n]\n\nshould loosely deep-equal\n\ntrue\n    at test (/tmp/tmpf2b7ehem.js:12:10)\n    at Object.<anonymous> (/tmp/tmpf2b7ehem.js:17:1)\n    at Module._compile (node:internal/modules/cjs/loader:1120:14)\n    at Module._extensions..js (node:internal/modules/cjs/loader:1174:10)\n    at Module.load (node:internal/modules/cjs/loader:998:32)\n    at Module._load (node:internal/modules/cjs/loader:839:12)\n    at Function.executeUserEntryPoint [as runMain] (node:internal/modules/run_main:81:12)\n    at node:internal/main/run_main_module:17:47 {\n  generatedMessage: true,\n  code: 'ERR_ASSERTION',\n  actual: [ 'pythonz', index: 0, input: 'pythonz.', groups: undefined ],\n  expected: true,\n  operator: 'deepEqual'\n}\n\nNode.js v18.7.0\n",
      "exit_code": 1,
      "status": "AssertionError"
    },
    {
      "program": "//Write a function that matches a word containing 'z'.\nfunction text_match_wordz(text){\n    let regex = /\\w*z\\w*/;\n    return regex.test(text);\n}\n\nconst assert = require('node:assert');\n\n\nfunction test() {\n  let candidate = text_match_wordz;\n  assert.deepEqual(candidate(\"pythonz.\"),true);\n  assert.deepEqual(candidate(\"xyz.\"),true);\n  assert.deepEqual(candidate(\"  lang  .\"),false);\n}\n\ntest();",
      "timestamp": 1665510608,
      "stdout": "",
      "stderr": "",
      "exit_code": 0,
      "status": "OK"
    },
    {
      "program": "//Write a function that matches a word containing 'z'.\nfunction text_match_wordz(text){\n    let match = text.match(/\\w*z\\w*/g);\n    return match;\n}\n\nconst assert = require('node:assert');\n\n\nfunction test() {\n  let candidate = text_match_wordz;\n  assert.deepEqual(candidate(\"pythonz.\"),true);\n  assert.deepEqual(candidate(\"xyz.\"),true);\n  assert.deepEqual(candidate(\"  lang  .\"),false);\n}\n\ntest();",
      "timestamp": 1666123476,
      "stdout": "",
      "stderr": "node:assert:124\n  throw new AssertionError(obj);\n  ^\n\nAssertionError [ERR_ASSERTION]: Expected values to be loosely deep-equal:\n\n[\n  'pythonz'\n]\n\nshould loosely deep-equal\n\ntrue\n    at test (/tmp/tmp_rslnglm.js:12:10)\n    at Object.<anonymous> (/tmp/tmp_rslnglm.js:17:1)\n    at Module._compile (node:internal/modules/cjs/loader:1120:14)\n    at Module._extensions..js (node:internal/modules/cjs/loader:1174:10)\n    at Module.load (node:internal/modules/cjs/loader:998:32)\n    at Module._load (node:internal/modules/cjs/loader:839:12)\n    at Function.executeUserEntryPoint [as runMain] (node:internal/modules/run_main:81:12)\n    at node:internal/main/run_main_module:17:47 {\n  generatedMessage: true,\n  code: 'ERR_ASSERTION',\n  actual: [ 'pythonz' ],\n  expected: true,\n  operator: 'deepEqual'\n}\n\nNode.js v18.7.0\n",
      "exit_code": 1,
      "status": "AssertionError"
    },
    {
      "program": "//Write a function that matches a word containing 'z'.\nfunction text_match_wordz(text){\n    let regex = /\\w*z\\w*/g;\n    return text.match(regex);\n}\nconst assert = require('node:assert');\n\n\nfunction test() {\n  let candidate = text_match_wordz;\n  assert.deepEqual(candidate(\"pythonz.\"),true);\n  assert.deepEqual(candidate(\"xyz.\"),true);\n  assert.deepEqual(candidate(\"  lang  .\"),false);\n}\n\ntest();",
      "timestamp": 1665510608,
      "stdout": "",
      "stderr": "node:assert:124\n  throw new AssertionError(obj);\n  ^\n\nAssertionError [ERR_ASSERTION]: Expected values to be loosely deep-equal:\n\n[\n  'pythonz'\n]\n\nshould loosely deep-equal\n\ntrue\n    at test (/tmp/tmpf7u3vc9o.js:11:10)\n    at Object.<anonymous> (/tmp/tmpf7u3vc9o.js:16:1)\n    at Module._compile (node:internal/modules/cjs/loader:1120:14)\n    at Module._extensions..js (node:internal/modules/cjs/loader:1174:10)\n    at Module.load (node:internal/modules/cjs/loader:998:32)\n    at Module._load (node:internal/modules/cjs/loader:839:12)\n    at Function.executeUserEntryPoint [as runMain] (node:internal/modules/run_main:81:12)\n    at node:internal/main/run_main_module:17:47 {\n  generatedMessage: true,\n  code: 'ERR_ASSERTION',\n  actual: [ 'pythonz' ],\n  expected: true,\n  operator: 'deepEqual'\n}\n\nNode.js v18.7.0\n",
      "exit_code": 1,
      "status": "AssertionError"
    },
    {
      "program": "//Write a function that matches a word containing 'z'.\nfunction text_match_wordz(text){\n    let regex = /\\w*z\\w*/;\n    return text.match(regex);\n}\nconst assert = require('node:assert');\n\n\nfunction test() {\n  let candidate = text_match_wordz;\n  assert.deepEqual(candidate(\"pythonz.\"),true);\n  assert.deepEqual(candidate(\"xyz.\"),true);\n  assert.deepEqual(candidate(\"  lang  .\"),false);\n}\n\ntest();",
      "timestamp": 1665510608,
      "stdout": "",
      "stderr": "node:assert:124\n  throw new AssertionError(obj);\n  ^\n\nAssertionError [ERR_ASSERTION]: Expected values to be loosely deep-equal:\n\n[\n  'pythonz',\n  groups: undefined,\n  index: 0,\n  input: 'pythonz.'\n]\n\nshould loosely deep-equal\n\ntrue\n    at test (/tmp/tmppushac2z.js:11:10)\n    at Object.<anonymous> (/tmp/tmppushac2z.js:16:1)\n    at Module._compile (node:internal/modules/cjs/loader:1120:14)\n    at Module._extensions..js (node:internal/modules/cjs/loader:1174:10)\n    at Module.load (node:internal/modules/cjs/loader:998:32)\n    at Module._load (node:internal/modules/cjs/loader:839:12)\n    at Function.executeUserEntryPoint [as runMain] (node:internal/modules/run_main:81:12)\n    at node:internal/main/run_main_module:17:47 {\n  generatedMessage: true,\n  code: 'ERR_ASSERTION',\n  actual: [ 'pythonz', index: 0, input: 'pythonz.', groups: undefined ],\n  expected: true,\n  operator: 'deepEqual'\n}\n\nNode.js v18.7.0\n",
      "exit_code": 1,
      "status": "AssertionError"
    },
    {
      "program": "//Write a function that matches a word containing 'z'.\nfunction text_match_wordz(text){\n    let regex = /\\w*z\\w*/;\n    return text.match(regex);\n}\n\nconst assert = require('node:assert');\n\n\nfunction test() {\n  let candidate = text_match_wordz;\n  assert.deepEqual(candidate(\"pythonz.\"),true);\n  assert.deepEqual(candidate(\"xyz.\"),true);\n  assert.deepEqual(candidate(\"  lang  .\"),false);\n}\n\ntest();",
      "timestamp": 1665510608,
      "stdout": "",
      "stderr": "node:assert:124\n  throw new AssertionError(obj);\n  ^\n\nAssertionError [ERR_ASSERTION]: Expected values to be loosely deep-equal:\n\n[\n  'pythonz',\n  groups: undefined,\n  index: 0,\n  input: 'pythonz.'\n]\n\nshould loosely deep-equal\n\ntrue\n    at test (/tmp/tmp86bc3hwg.js:12:10)\n    at Object.<anonymous> (/tmp/tmp86bc3hwg.js:17:1)\n    at Module._compile (node:internal/modules/cjs/loader:1120:14)\n    at Module._extensions..js (node:internal/modules/cjs/loader:1174:10)\n    at Module.load (node:internal/modules/cjs/loader:998:32)\n    at Module._load (node:internal/modules/cjs/loader:839:12)\n    at Function.executeUserEntryPoint [as runMain] (node:internal/modules/run_main:81:12)\n    at node:internal/main/run_main_module:17:47 {\n  generatedMessage: true,\n  code: 'ERR_ASSERTION',\n  actual: [ 'pythonz', index: 0, input: 'pythonz.', groups: undefined ],\n  expected: true,\n  operator: 'deepEqual'\n}\n\nNode.js v18.7.0\n",
      "exit_code": 1,
      "status": "AssertionError"
    },
    {
      "program": "//Write a function that matches a word containing 'z'.\nfunction text_match_wordz(text){\n    let regex = /\\w*z\\w*/;\n    return text.match(regex);\n}\nconst assert = require('node:assert');\n\n\nfunction test() {\n  let candidate = text_match_wordz;\n  assert.deepEqual(candidate(\"pythonz.\"),true);\n  assert.deepEqual(candidate(\"xyz.\"),true);\n  assert.deepEqual(candidate(\"  lang  .\"),false);\n}\n\ntest();",
      "timestamp": 1665510608,
      "stdout": "",
      "stderr": "node:assert:124\n  throw new AssertionError(obj);\n  ^\n\nAssertionError [ERR_ASSERTION]: Expected values to be loosely deep-equal:\n\n[\n  'pythonz',\n  groups: undefined,\n  index: 0,\n  input: 'pythonz.'\n]\n\nshould loosely deep-equal\n\ntrue\n    at test (/tmp/tmppushac2z.js:11:10)\n    at Object.<anonymous> (/tmp/tmppushac2z.js:16:1)\n    at Module._compile (node:internal/modules/cjs/loader:1120:14)\n    at Module._extensions..js (node:internal/modules/cjs/loader:1174:10)\n    at Module.load (node:internal/modules/cjs/loader:998:32)\n    at Module._load (node:internal/modules/cjs/loader:839:12)\n    at Function.executeUserEntryPoint [as runMain] (node:internal/modules/run_main:81:12)\n    at node:internal/main/run_main_module:17:47 {\n  generatedMessage: true,\n  code: 'ERR_ASSERTION',\n  actual: [ 'pythonz', index: 0, input: 'pythonz.', groups: undefined ],\n  expected: true,\n  operator: 'deepEqual'\n}\n\nNode.js v18.7.0\n",
      "exit_code": 1,
      "status": "AssertionError"
    },
    {
      "program": "//Write a function that matches a word containing 'z'.\nfunction text_match_wordz(text){\n    let pattern = /\\w*z\\w*/;\n    return text.match(pattern);\n}\n\nconst assert = require('node:assert');\n\n\nfunction test() {\n  let candidate = text_match_wordz;\n  assert.deepEqual(candidate(\"pythonz.\"),true);\n  assert.deepEqual(candidate(\"xyz.\"),true);\n  assert.deepEqual(candidate(\"  lang  .\"),false);\n}\n\ntest();",
      "timestamp": 1666123474,
      "stdout": "",
      "stderr": "node:assert:124\n  throw new AssertionError(obj);\n  ^\n\nAssertionError [ERR_ASSERTION]: Expected values to be loosely deep-equal:\n\n[\n  'pythonz',\n  groups: undefined,\n  index: 0,\n  input: 'pythonz.'\n]\n\nshould loosely deep-equal\n\ntrue\n    at test (/tmp/tmpje3j1xy1.js:12:10)\n    at Object.<anonymous> (/tmp/tmpje3j1xy1.js:17:1)\n    at Module._compile (node:internal/modules/cjs/loader:1120:14)\n    at Module._extensions..js (node:internal/modules/cjs/loader:1174:10)\n    at Module.load (node:internal/modules/cjs/loader:998:32)\n    at Module._load (node:internal/modules/cjs/loader:839:12)\n    at Function.executeUserEntryPoint [as runMain] (node:internal/modules/run_main:81:12)\n    at node:internal/main/run_main_module:17:47 {\n  generatedMessage: true,\n  code: 'ERR_ASSERTION',\n  actual: [ 'pythonz', index: 0, input: 'pythonz.', groups: undefined ],\n  expected: true,\n  operator: 'deepEqual'\n}\n\nNode.js v18.7.0\n",
      "exit_code": 1,
      "status": "AssertionError"
    },
    {
      "program": "//Write a function that matches a word containing 'z'.\nfunction text_match_wordz(text){\n    let pattern = /\\w*z\\w*/;\n    return pattern.test(text);\n}\n\nconst assert = require('node:assert');\n\n\nfunction test() {\n  let candidate = text_match_wordz;\n  assert.deepEqual(candidate(\"pythonz.\"),true);\n  assert.deepEqual(candidate(\"xyz.\"),true);\n  assert.deepEqual(candidate(\"  lang  .\"),false);\n}\n\ntest();",
      "timestamp": 1666123474,
      "stdout": "",
      "stderr": "",
      "exit_code": 0,
      "status": "OK"
    },
    {
      "program": "//Write a function that matches a word containing 'z'.\nfunction text_match_wordz(text){\n    // \\b: word boundary\n    // \\w: word character\n    // +: one or more times\n    // g: global\n    // i: case-insensitive\n    return text.match(/\\bz\\w+/gi);\n}\n\nconst assert = require('node:assert');\n\n\nfunction test() {\n  let candidate = text_match_wordz;\n  assert.deepEqual(candidate(\"pythonz.\"),true);\n  assert.deepEqual(candidate(\"xyz.\"),true);\n  assert.deepEqual(candidate(\"  lang  .\"),false);\n}\n\ntest();",
      "timestamp": 1666123476,
      "stdout": "",
      "stderr": "node:assert:124\n  throw new AssertionError(obj);\n  ^\n\nAssertionError [ERR_ASSERTION]: Expected values to be loosely deep-equal:\n\nnull\n\nshould loosely deep-equal\n\ntrue\n    at test (/tmp/tmp8h1dtv_e.js:16:10)\n    at Object.<anonymous> (/tmp/tmp8h1dtv_e.js:21:1)\n    at Module._compile (node:internal/modules/cjs/loader:1120:14)\n    at Module._extensions..js (node:internal/modules/cjs/loader:1174:10)\n    at Module.load (node:internal/modules/cjs/loader:998:32)\n    at Module._load (node:internal/modules/cjs/loader:839:12)\n    at Function.executeUserEntryPoint [as runMain] (node:internal/modules/run_main:81:12)\n    at node:internal/main/run_main_module:17:47 {\n  generatedMessage: true,\n  code: 'ERR_ASSERTION',\n  actual: null,\n  expected: true,\n  operator: 'deepEqual'\n}\n\nNode.js v18.7.0\n",
      "exit_code": 1,
      "status": "AssertionError"
    },
    {
      "program": "//Write a function that matches a word containing 'z'.\nfunction text_match_wordz(text){\n    let regex = /\\b[a-z]+z\\b/g;\n    return text.match(regex);\n}\nconst assert = require('node:assert');\n\n\nfunction test() {\n  let candidate = text_match_wordz;\n  assert.deepEqual(candidate(\"pythonz.\"),true);\n  assert.deepEqual(candidate(\"xyz.\"),true);\n  assert.deepEqual(candidate(\"  lang  .\"),false);\n}\n\ntest();",
      "timestamp": 1666123476,
      "stdout": "",
      "stderr": "node:assert:124\n  throw new AssertionError(obj);\n  ^\n\nAssertionError [ERR_ASSERTION]: Expected values to be loosely deep-equal:\n\n[\n  'pythonz'\n]\n\nshould loosely deep-equal\n\ntrue\n    at test (/tmp/tmp792dls9p.js:11:10)\n    at Object.<anonymous> (/tmp/tmp792dls9p.js:16:1)\n    at Module._compile (node:internal/modules/cjs/loader:1120:14)\n    at Module._extensions..js (node:internal/modules/cjs/loader:1174:10)\n    at Module.load (node:internal/modules/cjs/loader:998:32)\n    at Module._load (node:internal/modules/cjs/loader:839:12)\n    at Function.executeUserEntryPoint [as runMain] (node:internal/modules/run_main:81:12)\n    at node:internal/main/run_main_module:17:47 {\n  generatedMessage: true,\n  code: 'ERR_ASSERTION',\n  actual: [ 'pythonz' ],\n  expected: true,\n  operator: 'deepEqual'\n}\n\nNode.js v18.7.0\n",
      "exit_code": 1,
      "status": "AssertionError"
    },
    {
      "program": "//Write a function that matches a word containing 'z'.\nfunction text_match_wordz(text){\n    let regex = /\\w*z\\w*/;\n    return regex.test(text);\n}\n\nconst assert = require('node:assert');\n\n\nfunction test() {\n  let candidate = text_match_wordz;\n  assert.deepEqual(candidate(\"pythonz.\"),true);\n  assert.deepEqual(candidate(\"xyz.\"),true);\n  assert.deepEqual(candidate(\"  lang  .\"),false);\n}\n\ntest();",
      "timestamp": 1665510608,
      "stdout": "",
      "stderr": "",
      "exit_code": 0,
      "status": "OK"
    },
    {
      "program": "//Write a function that matches a word containing 'z'.\nfunction text_match_wordz(text){\n    var regex = /\\w*z\\w*/;\n    return text.match(regex);\n}\nconst assert = require('node:assert');\n\n\nfunction test() {\n  let candidate = text_match_wordz;\n  assert.deepEqual(candidate(\"pythonz.\"),true);\n  assert.deepEqual(candidate(\"xyz.\"),true);\n  assert.deepEqual(candidate(\"  lang  .\"),false);\n}\n\ntest();",
      "timestamp": 1665510608,
      "stdout": "",
      "stderr": "node:assert:124\n  throw new AssertionError(obj);\n  ^\n\nAssertionError [ERR_ASSERTION]: Expected values to be loosely deep-equal:\n\n[\n  'pythonz',\n  groups: undefined,\n  index: 0,\n  input: 'pythonz.'\n]\n\nshould loosely deep-equal\n\ntrue\n    at test (/tmp/tmpck78mdto.js:11:10)\n    at Object.<anonymous> (/tmp/tmpck78mdto.js:16:1)\n    at Module._compile (node:internal/modules/cjs/loader:1120:14)\n    at Module._extensions..js (node:internal/modules/cjs/loader:1174:10)\n    at Module.load (node:internal/modules/cjs/loader:998:32)\n    at Module._load (node:internal/modules/cjs/loader:839:12)\n    at Function.executeUserEntryPoint [as runMain] (node:internal/modules/run_main:81:12)\n    at node:internal/main/run_main_module:17:47 {\n  generatedMessage: true,\n  code: 'ERR_ASSERTION',\n  actual: [ 'pythonz', index: 0, input: 'pythonz.', groups: undefined ],\n  expected: true,\n  operator: 'deepEqual'\n}\n\nNode.js v18.7.0\n",
      "exit_code": 1,
      "status": "AssertionError"
    },
    {
      "program": "//Write a function that matches a word containing 'z'.\nfunction text_match_wordz(text){\n    let regex = /\\w*z\\w*/;\n    return text.match(regex);\n}\nconst assert = require('node:assert');\n\n\nfunction test() {\n  let candidate = text_match_wordz;\n  assert.deepEqual(candidate(\"pythonz.\"),true);\n  assert.deepEqual(candidate(\"xyz.\"),true);\n  assert.deepEqual(candidate(\"  lang  .\"),false);\n}\n\ntest();",
      "timestamp": 1665510608,
      "stdout": "",
      "stderr": "node:assert:124\n  throw new AssertionError(obj);\n  ^\n\nAssertionError [ERR_ASSERTION]: Expected values to be loosely deep-equal:\n\n[\n  'pythonz',\n  groups: undefined,\n  index: 0,\n  input: 'pythonz.'\n]\n\nshould loosely deep-equal\n\ntrue\n    at test (/tmp/tmppushac2z.js:11:10)\n    at Object.<anonymous> (/tmp/tmppushac2z.js:16:1)\n    at Module._compile (node:internal/modules/cjs/loader:1120:14)\n    at Module._extensions..js (node:internal/modules/cjs/loader:1174:10)\n    at Module.load (node:internal/modules/cjs/loader:998:32)\n    at Module._load (node:internal/modules/cjs/loader:839:12)\n    at Function.executeUserEntryPoint [as runMain] (node:internal/modules/run_main:81:12)\n    at node:internal/main/run_main_module:17:47 {\n  generatedMessage: true,\n  code: 'ERR_ASSERTION',\n  actual: [ 'pythonz', index: 0, input: 'pythonz.', groups: undefined ],\n  expected: true,\n  operator: 'deepEqual'\n}\n\nNode.js v18.7.0\n",
      "exit_code": 1,
      "status": "AssertionError"
    },
    {
      "program": "//Write a function that matches a word containing 'z'.\nfunction text_match_wordz(text){\n    let regex = /\\bz\\w+/g;\n    return text.match(regex);\n}\nconst assert = require('node:assert');\n\n\nfunction test() {\n  let candidate = text_match_wordz;\n  assert.deepEqual(candidate(\"pythonz.\"),true);\n  assert.deepEqual(candidate(\"xyz.\"),true);\n  assert.deepEqual(candidate(\"  lang  .\"),false);\n}\n\ntest();",
      "timestamp": 1665510608,
      "stdout": "",
      "stderr": "node:assert:124\n  throw new AssertionError(obj);\n  ^\n\nAssertionError [ERR_ASSERTION]: Expected values to be loosely deep-equal:\n\nnull\n\nshould loosely deep-equal\n\ntrue\n    at test (/tmp/tmptva5ggyf.js:11:10)\n    at Object.<anonymous> (/tmp/tmptva5ggyf.js:16:1)\n    at Module._compile (node:internal/modules/cjs/loader:1120:14)\n    at Module._extensions..js (node:internal/modules/cjs/loader:1174:10)\n    at Module.load (node:internal/modules/cjs/loader:998:32)\n    at Module._load (node:internal/modules/cjs/loader:839:12)\n    at Function.executeUserEntryPoint [as runMain] (node:internal/modules/run_main:81:12)\n    at node:internal/main/run_main_module:17:47 {\n  generatedMessage: true,\n  code: 'ERR_ASSERTION',\n  actual: null,\n  expected: true,\n  operator: 'deepEqual'\n}\n\nNode.js v18.7.0\n",
      "exit_code": 1,
      "status": "AssertionError"
    },
    {
      "program": "//Write a function that matches a word containing 'z'.\nfunction text_match_wordz(text){\n    let pattern = /\\w*z\\w*/;\n    return pattern.test(text);\n}\nconst assert = require('node:assert');\n\n\nfunction test() {\n  let candidate = text_match_wordz;\n  assert.deepEqual(candidate(\"pythonz.\"),true);\n  assert.deepEqual(candidate(\"xyz.\"),true);\n  assert.deepEqual(candidate(\"  lang  .\"),false);\n}\n\ntest();",
      "timestamp": 1665510608,
      "stdout": "",
      "stderr": "",
      "exit_code": 0,
      "status": "OK"
    },
    {
      "program": "//Write a function that matches a word containing 'z'.\nfunction text_match_wordz(text){\n    let regex = /\\w*z\\w*/;\n    return text.match(regex);\n}\nconst assert = require('node:assert');\n\n\nfunction test() {\n  let candidate = text_match_wordz;\n  assert.deepEqual(candidate(\"pythonz.\"),true);\n  assert.deepEqual(candidate(\"xyz.\"),true);\n  assert.deepEqual(candidate(\"  lang  .\"),false);\n}\n\ntest();",
      "timestamp": 1665510608,
      "stdout": "",
      "stderr": "node:assert:124\n  throw new AssertionError(obj);\n  ^\n\nAssertionError [ERR_ASSERTION]: Expected values to be loosely deep-equal:\n\n[\n  'pythonz',\n  groups: undefined,\n  index: 0,\n  input: 'pythonz.'\n]\n\nshould loosely deep-equal\n\ntrue\n    at test (/tmp/tmppushac2z.js:11:10)\n    at Object.<anonymous> (/tmp/tmppushac2z.js:16:1)\n    at Module._compile (node:internal/modules/cjs/loader:1120:14)\n    at Module._extensions..js (node:internal/modules/cjs/loader:1174:10)\n    at Module.load (node:internal/modules/cjs/loader:998:32)\n    at Module._load (node:internal/modules/cjs/loader:839:12)\n    at Function.executeUserEntryPoint [as runMain] (node:internal/modules/run_main:81:12)\n    at node:internal/main/run_main_module:17:47 {\n  generatedMessage: true,\n  code: 'ERR_ASSERTION',\n  actual: [ 'pythonz', index: 0, input: 'pythonz.', groups: undefined ],\n  expected: true,\n  operator: 'deepEqual'\n}\n\nNode.js v18.7.0\n",
      "exit_code": 1,
      "status": "AssertionError"
    },
    {
      "program": "//Write a function that matches a word containing 'z'.\nfunction text_match_wordz(text){\n    var pattern = /\\w*z\\w*/;\n    if(pattern.test(text)){\n        return true;\n    }\n    return false;\n}\nconst assert = require('node:assert');\n\n\nfunction test() {\n  let candidate = text_match_wordz;\n  assert.deepEqual(candidate(\"pythonz.\"),true);\n  assert.deepEqual(candidate(\"xyz.\"),true);\n  assert.deepEqual(candidate(\"  lang  .\"),false);\n}\n\ntest();",
      "timestamp": 1666123474,
      "stdout": "",
      "stderr": "",
      "exit_code": 0,
      "status": "OK"
    },
    {
      "program": "//Write a function that matches a word containing 'z'.\nfunction text_match_wordz(text){\n    let regex = /\\bz\\w*/g;\n    let found = text.match(regex);\n    return found;\n}\n\nconst assert = require('node:assert');\n\n\nfunction test() {\n  let candidate = text_match_wordz;\n  assert.deepEqual(candidate(\"pythonz.\"),true);\n  assert.deepEqual(candidate(\"xyz.\"),true);\n  assert.deepEqual(candidate(\"  lang  .\"),false);\n}\n\ntest();",
      "timestamp": 1666123476,
      "stdout": "",
      "stderr": "node:assert:124\n  throw new AssertionError(obj);\n  ^\n\nAssertionError [ERR_ASSERTION]: Expected values to be loosely deep-equal:\n\nnull\n\nshould loosely deep-equal\n\ntrue\n    at test (/tmp/tmpx3n1drrl.js:13:10)\n    at Object.<anonymous> (/tmp/tmpx3n1drrl.js:18:1)\n    at Module._compile (node:internal/modules/cjs/loader:1120:14)\n    at Module._extensions..js (node:internal/modules/cjs/loader:1174:10)\n    at Module.load (node:internal/modules/cjs/loader:998:32)\n    at Module._load (node:internal/modules/cjs/loader:839:12)\n    at Function.executeUserEntryPoint [as runMain] (node:internal/modules/run_main:81:12)\n    at node:internal/main/run_main_module:17:47 {\n  generatedMessage: true,\n  code: 'ERR_ASSERTION',\n  actual: null,\n  expected: true,\n  operator: 'deepEqual'\n}\n\nNode.js v18.7.0\n",
      "exit_code": 1,
      "status": "AssertionError"
    },
    {
      "program": "//Write a function that matches a word containing 'z'.\nfunction text_match_wordz(text){\n    let regex = /\\w*z\\w*/;\n    return text.match(regex);\n}\nconst assert = require('node:assert');\n\n\nfunction test() {\n  let candidate = text_match_wordz;\n  assert.deepEqual(candidate(\"pythonz.\"),true);\n  assert.deepEqual(candidate(\"xyz.\"),true);\n  assert.deepEqual(candidate(\"  lang  .\"),false);\n}\n\ntest();",
      "timestamp": 1665510608,
      "stdout": "",
      "stderr": "node:assert:124\n  throw new AssertionError(obj);\n  ^\n\nAssertionError [ERR_ASSERTION]: Expected values to be loosely deep-equal:\n\n[\n  'pythonz',\n  groups: undefined,\n  index: 0,\n  input: 'pythonz.'\n]\n\nshould loosely deep-equal\n\ntrue\n    at test (/tmp/tmppushac2z.js:11:10)\n    at Object.<anonymous> (/tmp/tmppushac2z.js:16:1)\n    at Module._compile (node:internal/modules/cjs/loader:1120:14)\n    at Module._extensions..js (node:internal/modules/cjs/loader:1174:10)\n    at Module.load (node:internal/modules/cjs/loader:998:32)\n    at Module._load (node:internal/modules/cjs/loader:839:12)\n    at Function.executeUserEntryPoint [as runMain] (node:internal/modules/run_main:81:12)\n    at node:internal/main/run_main_module:17:47 {\n  generatedMessage: true,\n  code: 'ERR_ASSERTION',\n  actual: [ 'pythonz', index: 0, input: 'pythonz.', groups: undefined ],\n  expected: true,\n  operator: 'deepEqual'\n}\n\nNode.js v18.7.0\n",
      "exit_code": 1,
      "status": "AssertionError"
    },
    {
      "program": "//Write a function that matches a word containing 'z'.\nfunction text_match_wordz(text){\n    let regex = /\\w*z\\w*/;\n    return text.match(regex);\n}\nconst assert = require('node:assert');\n\n\nfunction test() {\n  let candidate = text_match_wordz;\n  assert.deepEqual(candidate(\"pythonz.\"),true);\n  assert.deepEqual(candidate(\"xyz.\"),true);\n  assert.deepEqual(candidate(\"  lang  .\"),false);\n}\n\ntest();",
      "timestamp": 1665510608,
      "stdout": "",
      "stderr": "node:assert:124\n  throw new AssertionError(obj);\n  ^\n\nAssertionError [ERR_ASSERTION]: Expected values to be loosely deep-equal:\n\n[\n  'pythonz',\n  groups: undefined,\n  index: 0,\n  input: 'pythonz.'\n]\n\nshould loosely deep-equal\n\ntrue\n    at test (/tmp/tmppushac2z.js:11:10)\n    at Object.<anonymous> (/tmp/tmppushac2z.js:16:1)\n    at Module._compile (node:internal/modules/cjs/loader:1120:14)\n    at Module._extensions..js (node:internal/modules/cjs/loader:1174:10)\n    at Module.load (node:internal/modules/cjs/loader:998:32)\n    at Module._load (node:internal/modules/cjs/loader:839:12)\n    at Function.executeUserEntryPoint [as runMain] (node:internal/modules/run_main:81:12)\n    at node:internal/main/run_main_module:17:47 {\n  generatedMessage: true,\n  code: 'ERR_ASSERTION',\n  actual: [ 'pythonz', index: 0, input: 'pythonz.', groups: undefined ],\n  expected: true,\n  operator: 'deepEqual'\n}\n\nNode.js v18.7.0\n",
      "exit_code": 1,
      "status": "AssertionError"
    },
    {
      "program": "//Write a function that matches a word containing 'z'.\nfunction text_match_wordz(text){\n    let regex = /\\w*z\\w*/;\n    return regex.test(text);\n}\nconst assert = require('node:assert');\n\n\nfunction test() {\n  let candidate = text_match_wordz;\n  assert.deepEqual(candidate(\"pythonz.\"),true);\n  assert.deepEqual(candidate(\"xyz.\"),true);\n  assert.deepEqual(candidate(\"  lang  .\"),false);\n}\n\ntest();",
      "timestamp": 1665510608,
      "stdout": "",
      "stderr": "",
      "exit_code": 0,
      "status": "OK"
    },
    {
      "program": "//Write a function that matches a word containing 'z'.\nfunction text_match_wordz(text){\n    // \\b: word boundary\n    // \\w: word character\n    // +: one or more\n    // g: global\n    // i: case-insensitive\n    var re = /\\bz\\w+/gi;\n    if (text.match(re)) {\n        return text.match(re);\n    } else {\n        return null;\n    }\n}\n\nconst assert = require('node:assert');\n\n\nfunction test() {\n  let candidate = text_match_wordz;\n  assert.deepEqual(candidate(\"pythonz.\"),true);\n  assert.deepEqual(candidate(\"xyz.\"),true);\n  assert.deepEqual(candidate(\"  lang  .\"),false);\n}\n\ntest();",
      "timestamp": 1666123476,
      "stdout": "",
      "stderr": "node:assert:124\n  throw new AssertionError(obj);\n  ^\n\nAssertionError [ERR_ASSERTION]: Expected values to be loosely deep-equal:\n\nnull\n\nshould loosely deep-equal\n\ntrue\n    at test (/tmp/tmp3459ynq_.js:21:10)\n    at Object.<anonymous> (/tmp/tmp3459ynq_.js:26:1)\n    at Module._compile (node:internal/modules/cjs/loader:1120:14)\n    at Module._extensions..js (node:internal/modules/cjs/loader:1174:10)\n    at Module.load (node:internal/modules/cjs/loader:998:32)\n    at Module._load (node:internal/modules/cjs/loader:839:12)\n    at Function.executeUserEntryPoint [as runMain] (node:internal/modules/run_main:81:12)\n    at node:internal/main/run_main_module:17:47 {\n  generatedMessage: true,\n  code: 'ERR_ASSERTION',\n  actual: null,\n  expected: true,\n  operator: 'deepEqual'\n}\n\nNode.js v18.7.0\n",
      "exit_code": 1,
      "status": "AssertionError"
    },
    {
      "program": "//Write a function that matches a word containing 'z'.\nfunction text_match_wordz(text){\n    let regex = /\\w*z\\w*/;\n    return text.match(regex);\n}\n\nconst assert = require('node:assert');\n\n\nfunction test() {\n  let candidate = text_match_wordz;\n  assert.deepEqual(candidate(\"pythonz.\"),true);\n  assert.deepEqual(candidate(\"xyz.\"),true);\n  assert.deepEqual(candidate(\"  lang  .\"),false);\n}\n\ntest();",
      "timestamp": 1665510608,
      "stdout": "",
      "stderr": "node:assert:124\n  throw new AssertionError(obj);\n  ^\n\nAssertionError [ERR_ASSERTION]: Expected values to be loosely deep-equal:\n\n[\n  'pythonz',\n  groups: undefined,\n  index: 0,\n  input: 'pythonz.'\n]\n\nshould loosely deep-equal\n\ntrue\n    at test (/tmp/tmp86bc3hwg.js:12:10)\n    at Object.<anonymous> (/tmp/tmp86bc3hwg.js:17:1)\n    at Module._compile (node:internal/modules/cjs/loader:1120:14)\n    at Module._extensions..js (node:internal/modules/cjs/loader:1174:10)\n    at Module.load (node:internal/modules/cjs/loader:998:32)\n    at Module._load (node:internal/modules/cjs/loader:839:12)\n    at Function.executeUserEntryPoint [as runMain] (node:internal/modules/run_main:81:12)\n    at node:internal/main/run_main_module:17:47 {\n  generatedMessage: true,\n  code: 'ERR_ASSERTION',\n  actual: [ 'pythonz', index: 0, input: 'pythonz.', groups: undefined ],\n  expected: true,\n  operator: 'deepEqual'\n}\n\nNode.js v18.7.0\n",
      "exit_code": 1,
      "status": "AssertionError"
    },
    {
      "program": "//Write a function that matches a word containing 'z'.\nfunction text_match_wordz(text){\n    let regex = /\\w*z\\w*/;\n    return regex.test(text);\n}\n\nconst assert = require('node:assert');\n\n\nfunction test() {\n  let candidate = text_match_wordz;\n  assert.deepEqual(candidate(\"pythonz.\"),true);\n  assert.deepEqual(candidate(\"xyz.\"),true);\n  assert.deepEqual(candidate(\"  lang  .\"),false);\n}\n\ntest();",
      "timestamp": 1665510608,
      "stdout": "",
      "stderr": "",
      "exit_code": 0,
      "status": "OK"
    },
    {
      "program": "//Write a function that matches a word containing 'z'.\nfunction text_match_wordz(text){\n    let regex = /\\w*z\\w*/g;\n    return text.match(regex);\n}\n\nconst assert = require('node:assert');\n\n\nfunction test() {\n  let candidate = text_match_wordz;\n  assert.deepEqual(candidate(\"pythonz.\"),true);\n  assert.deepEqual(candidate(\"xyz.\"),true);\n  assert.deepEqual(candidate(\"  lang  .\"),false);\n}\n\ntest();",
      "timestamp": 1665510608,
      "stdout": "",
      "stderr": "node:assert:124\n  throw new AssertionError(obj);\n  ^\n\nAssertionError [ERR_ASSERTION]: Expected values to be loosely deep-equal:\n\n[\n  'pythonz'\n]\n\nshould loosely deep-equal\n\ntrue\n    at test (/tmp/tmpvml7zjhz.js:12:10)\n    at Object.<anonymous> (/tmp/tmpvml7zjhz.js:17:1)\n    at Module._compile (node:internal/modules/cjs/loader:1120:14)\n    at Module._extensions..js (node:internal/modules/cjs/loader:1174:10)\n    at Module.load (node:internal/modules/cjs/loader:998:32)\n    at Module._load (node:internal/modules/cjs/loader:839:12)\n    at Function.executeUserEntryPoint [as runMain] (node:internal/modules/run_main:81:12)\n    at node:internal/main/run_main_module:17:47 {\n  generatedMessage: true,\n  code: 'ERR_ASSERTION',\n  actual: [ 'pythonz' ],\n  expected: true,\n  operator: 'deepEqual'\n}\n\nNode.js v18.7.0\n",
      "exit_code": 1,
      "status": "AssertionError"
    },
    {
      "program": "//Write a function that matches a word containing 'z'.\nfunction text_match_wordz(text){\n    let regex = /\\w*z\\w*/g;\n    return text.match(regex);\n}\nconst assert = require('node:assert');\n\n\nfunction test() {\n  let candidate = text_match_wordz;\n  assert.deepEqual(candidate(\"pythonz.\"),true);\n  assert.deepEqual(candidate(\"xyz.\"),true);\n  assert.deepEqual(candidate(\"  lang  .\"),false);\n}\n\ntest();",
      "timestamp": 1665510608,
      "stdout": "",
      "stderr": "node:assert:124\n  throw new AssertionError(obj);\n  ^\n\nAssertionError [ERR_ASSERTION]: Expected values to be loosely deep-equal:\n\n[\n  'pythonz'\n]\n\nshould loosely deep-equal\n\ntrue\n    at test (/tmp/tmpf7u3vc9o.js:11:10)\n    at Object.<anonymous> (/tmp/tmpf7u3vc9o.js:16:1)\n    at Module._compile (node:internal/modules/cjs/loader:1120:14)\n    at Module._extensions..js (node:internal/modules/cjs/loader:1174:10)\n    at Module.load (node:internal/modules/cjs/loader:998:32)\n    at Module._load (node:internal/modules/cjs/loader:839:12)\n    at Function.executeUserEntryPoint [as runMain] (node:internal/modules/run_main:81:12)\n    at node:internal/main/run_main_module:17:47 {\n  generatedMessage: true,\n  code: 'ERR_ASSERTION',\n  actual: [ 'pythonz' ],\n  expected: true,\n  operator: 'deepEqual'\n}\n\nNode.js v18.7.0\n",
      "exit_code": 1,
      "status": "AssertionError"
    },
    {
      "program": "//Write a function that matches a word containing 'z'.\nfunction text_match_wordz(text){\n    let regex = /\\w*z\\w*/g;\n    let result = text.match(regex);\n    return result;\n}\nconst assert = require('node:assert');\n\n\nfunction test() {\n  let candidate = text_match_wordz;\n  assert.deepEqual(candidate(\"pythonz.\"),true);\n  assert.deepEqual(candidate(\"xyz.\"),true);\n  assert.deepEqual(candidate(\"  lang  .\"),false);\n}\n\ntest();",
      "timestamp": 1665510608,
      "stdout": "",
      "stderr": "node:assert:124\n  throw new AssertionError(obj);\n  ^\n\nAssertionError [ERR_ASSERTION]: Expected values to be loosely deep-equal:\n\n[\n  'pythonz'\n]\n\nshould loosely deep-equal\n\ntrue\n    at test (/tmp/tmpauhxm3l3.js:12:10)\n    at Object.<anonymous> (/tmp/tmpauhxm3l3.js:17:1)\n    at Module._compile (node:internal/modules/cjs/loader:1120:14)\n    at Module._extensions..js (node:internal/modules/cjs/loader:1174:10)\n    at Module.load (node:internal/modules/cjs/loader:998:32)\n    at Module._load (node:internal/modules/cjs/loader:839:12)\n    at Function.executeUserEntryPoint [as runMain] (node:internal/modules/run_main:81:12)\n    at node:internal/main/run_main_module:17:47 {\n  generatedMessage: true,\n  code: 'ERR_ASSERTION',\n  actual: [ 'pythonz' ],\n  expected: true,\n  operator: 'deepEqual'\n}\n\nNode.js v18.7.0\n",
      "exit_code": 1,
      "status": "AssertionError"
    },
    {
      "program": "//Write a function that matches a word containing 'z'.\nfunction text_match_wordz(text){\n    let regex = /\\w*z\\w*/;\n    let result = text.match(regex);\n    return result;\n}\nconst assert = require('node:assert');\n\n\nfunction test() {\n  let candidate = text_match_wordz;\n  assert.deepEqual(candidate(\"pythonz.\"),true);\n  assert.deepEqual(candidate(\"xyz.\"),true);\n  assert.deepEqual(candidate(\"  lang  .\"),false);\n}\n\ntest();",
      "timestamp": 1666123474,
      "stdout": "",
      "stderr": "node:assert:124\n  throw new AssertionError(obj);\n  ^\n\nAssertionError [ERR_ASSERTION]: Expected values to be loosely deep-equal:\n\n[\n  'pythonz',\n  groups: undefined,\n  index: 0,\n  input: 'pythonz.'\n]\n\nshould loosely deep-equal\n\ntrue\n    at test (/tmp/tmpcbuqsn5e.js:12:10)\n    at Object.<anonymous> (/tmp/tmpcbuqsn5e.js:17:1)\n    at Module._compile (node:internal/modules/cjs/loader:1120:14)\n    at Module._extensions..js (node:internal/modules/cjs/loader:1174:10)\n    at Module.load (node:internal/modules/cjs/loader:998:32)\n    at Module._load (node:internal/modules/cjs/loader:839:12)\n    at Function.executeUserEntryPoint [as runMain] (node:internal/modules/run_main:81:12)\n    at node:internal/main/run_main_module:17:47 {\n  generatedMessage: true,\n  code: 'ERR_ASSERTION',\n  actual: [ 'pythonz', index: 0, input: 'pythonz.', groups: undefined ],\n  expected: true,\n  operator: 'deepEqual'\n}\n\nNode.js v18.7.0\n",
      "exit_code": 1,
      "status": "AssertionError"
    },
    {
      "program": "//Write a function that matches a word containing 'z'.\nfunction text_match_wordz(text){\n    let match = text.match(/\\w*z\\w*/gi);\n    return match;\n}\nconst assert = require('node:assert');\n\n\nfunction test() {\n  let candidate = text_match_wordz;\n  assert.deepEqual(candidate(\"pythonz.\"),true);\n  assert.deepEqual(candidate(\"xyz.\"),true);\n  assert.deepEqual(candidate(\"  lang  .\"),false);\n}\n\ntest();",
      "timestamp": 1665510608,
      "stdout": "",
      "stderr": "node:assert:124\n  throw new AssertionError(obj);\n  ^\n\nAssertionError [ERR_ASSERTION]: Expected values to be loosely deep-equal:\n\n[\n  'pythonz'\n]\n\nshould loosely deep-equal\n\ntrue\n    at test (/tmp/tmp5m242c6p.js:11:10)\n    at Object.<anonymous> (/tmp/tmp5m242c6p.js:16:1)\n    at Module._compile (node:internal/modules/cjs/loader:1120:14)\n    at Module._extensions..js (node:internal/modules/cjs/loader:1174:10)\n    at Module.load (node:internal/modules/cjs/loader:998:32)\n    at Module._load (node:internal/modules/cjs/loader:839:12)\n    at Function.executeUserEntryPoint [as runMain] (node:internal/modules/run_main:81:12)\n    at node:internal/main/run_main_module:17:47 {\n  generatedMessage: true,\n  code: 'ERR_ASSERTION',\n  actual: [ 'pythonz' ],\n  expected: true,\n  operator: 'deepEqual'\n}\n\nNode.js v18.7.0\n",
      "exit_code": 1,
      "status": "AssertionError"
    },
    {
      "program": "//Write a function that matches a word containing 'z'.\nfunction text_match_wordz(text){\n    let regex = /\\w*z\\w*/g;\n    console.log(text.match(regex));\n}\ntext_match_wordz(\"The quick brown fox jumps over the lazy dog.\");\ntext_match_wordz(\"The quick brown fox jumps over the lazy dog.\");\ntext_match_wordz(\"The quick brown fox jumps over the lazy dog.\");\ntext_match_wordz(\"The quick brown fox jumps over the lazy dog.\");\ntext_match_wordz(\"The quick brown fox jumps over the lazy dog.\");\ntext_match_wordz(\"The quick brown fox jumps over the lazy dog.\");\ntext_match_wordz(\"The quick brown fox jumps over the lazy dog.\");\ntext_match_wordz(\"The quick brown fox jumps over the lazy dog.\");\ntext_match_wordz(\"The quick brown fox jumps over the lazy dog.\");\ntext_match_wordz(\"The quick brown fox jumps over the lazy dog.\");\ntext_match_wordz(\"The quick brown fox jumps over the lazy dog.\");\ntext_match_wordz(\"The quick brown fox jumps over the lazy dog.\");\ntext_match_wordz(\"The quick brown fox jumps over the lazy dog.\");\ntext_match_wordz(\"The quick brown fox jumps over the lazy dog.\");\ntext_match_wordz(\"The quick brown fox jumps over the lazy dog.\");\ntext_match_wordz(\"The quick brown fox jumps over the lazy dog.\");\ntext_match_wordz(\"The quick brown fox jumps over the lazy dog.\");\ntext_match_wordz(\"The quick brown fox jumps over the lazy dog.\");\ntext_match_wordz(\"The quick brown fox jumps over the lazy dog.\");\ntext_match_wordz(\"The quick brown fox jumps over the lazy dog.\");\ntext_match_wordz(\"The quick brown fox jumps over the lazy dog.\");\ntext_match_wordz(\"The quick brown fox jumps over the lazy dog.\");\ntext_match_wordz(\"The quick brown fox jumps over the lazy dog.\");\ntext_match_wordz(\"The quick brown fox jumps over the lazy dog.\");\ntext_match_wordz(\"The quick brown fox jumps over the lazy dog.\");\ntext_match_wordz\nconst assert = require('node:assert');\n\n\nfunction test() {\n  let candidate = text_match_wordz;\n  assert.deepEqual(candidate(\"pythonz.\"),true);\n  assert.deepEqual(candidate(\"xyz.\"),true);\n  assert.deepEqual(candidate(\"  lang  .\"),false);\n}\n\ntest();",
      "timestamp": 1666123476,
      "stdout": "[ 'lazy' ]\n[ 'lazy' ]\n[ 'lazy' ]\n[ 'lazy' ]\n[ 'lazy' ]\n[ 'lazy' ]\n[ 'lazy' ]\n[ 'lazy' ]\n[ 'lazy' ]\n[ 'lazy' ]\n[ 'lazy' ]\n[ 'lazy' ]\n[ 'lazy' ]\n[ 'lazy' ]\n[ 'lazy' ]\n[ 'lazy' ]\n[ 'lazy' ]\n[ 'lazy' ]\n[ 'lazy' ]\n[ 'lazy' ]\n[ 'lazy' ]\n[ 'lazy' ]\n[ 'lazy' ]\n[ 'lazy' ]\n[ 'lazy' ]\n[ 'pythonz' ]\n",
      "stderr": "node:assert:124\n  throw new AssertionError(obj);\n  ^\n\nAssertionError [ERR_ASSERTION]: Expected values to be loosely deep-equal:\n\nundefined\n\nshould loosely deep-equal\n\ntrue\n    at test (/tmp/tmp_qposrjf.js:37:10)\n    at Object.<anonymous> (/tmp/tmp_qposrjf.js:42:1)\n    at Module._compile (node:internal/modules/cjs/loader:1120:14)\n    at Module._extensions..js (node:internal/modules/cjs/loader:1174:10)\n    at Module.load (node:internal/modules/cjs/loader:998:32)\n    at Module._load (node:internal/modules/cjs/loader:839:12)\n    at Function.executeUserEntryPoint [as runMain] (node:internal/modules/run_main:81:12)\n    at node:internal/main/run_main_module:17:47 {\n  generatedMessage: true,\n  code: 'ERR_ASSERTION',\n  actual: undefined,\n  expected: true,\n  operator: 'deepEqual'\n}\n\nNode.js v18.7.0\n",
      "exit_code": 1,
      "status": "AssertionError"
    },
    {
      "program": "//Write a function that matches a word containing 'z'.\nfunction text_match_wordz(text){\n    let regex = /\\bz\\w+\\b/g;\n    return text.match(regex);\n}\nconst assert = require('node:assert');\n\n\nfunction test() {\n  let candidate = text_match_wordz;\n  assert.deepEqual(candidate(\"pythonz.\"),true);\n  assert.deepEqual(candidate(\"xyz.\"),true);\n  assert.deepEqual(candidate(\"  lang  .\"),false);\n}\n\ntest();",
      "timestamp": 1665510608,
      "stdout": "",
      "stderr": "node:assert:124\n  throw new AssertionError(obj);\n  ^\n\nAssertionError [ERR_ASSERTION]: Expected values to be loosely deep-equal:\n\nnull\n\nshould loosely deep-equal\n\ntrue\n    at test (/tmp/tmpqmee8xwy.js:11:10)\n    at Object.<anonymous> (/tmp/tmpqmee8xwy.js:16:1)\n    at Module._compile (node:internal/modules/cjs/loader:1120:14)\n    at Module._extensions..js (node:internal/modules/cjs/loader:1174:10)\n    at Module.load (node:internal/modules/cjs/loader:998:32)\n    at Module._load (node:internal/modules/cjs/loader:839:12)\n    at Function.executeUserEntryPoint [as runMain] (node:internal/modules/run_main:81:12)\n    at node:internal/main/run_main_module:17:47 {\n  generatedMessage: true,\n  code: 'ERR_ASSERTION',\n  actual: null,\n  expected: true,\n  operator: 'deepEqual'\n}\n\nNode.js v18.7.0\n",
      "exit_code": 1,
      "status": "AssertionError"
    },
    {
      "program": "//Write a function that matches a word containing 'z'.\nfunction text_match_wordz(text){\n    let regex = /\\w*z\\w*/;\n    console.log(text.match(regex));\n}\ntext_match_wordz(\"The quick brown fox jumps over the lazy dog.\");\n\nconst assert = require('node:assert');\n\n\nfunction test() {\n  let candidate = text_match_wordz;\n  assert.deepEqual(candidate(\"pythonz.\"),true);\n  assert.deepEqual(candidate(\"xyz.\"),true);\n  assert.deepEqual(candidate(\"  lang  .\"),false);\n}\n\ntest();",
      "timestamp": 1666123474,
      "stdout": "[\n  'lazy',\n  index: 35,\n  input: 'The quick brown fox jumps over the lazy dog.',\n  groups: undefined\n]\n[ 'pythonz', index: 0, input: 'pythonz.', groups: undefined ]\n",
      "stderr": "node:assert:124\n  throw new AssertionError(obj);\n  ^\n\nAssertionError [ERR_ASSERTION]: Expected values to be loosely deep-equal:\n\nundefined\n\nshould loosely deep-equal\n\ntrue\n    at test (/tmp/tmpqcbf7rb8.js:13:10)\n    at Object.<anonymous> (/tmp/tmpqcbf7rb8.js:18:1)\n    at Module._compile (node:internal/modules/cjs/loader:1120:14)\n    at Module._extensions..js (node:internal/modules/cjs/loader:1174:10)\n    at Module.load (node:internal/modules/cjs/loader:998:32)\n    at Module._load (node:internal/modules/cjs/loader:839:12)\n    at Function.executeUserEntryPoint [as runMain] (node:internal/modules/run_main:81:12)\n    at node:internal/main/run_main_module:17:47 {\n  generatedMessage: true,\n  code: 'ERR_ASSERTION',\n  actual: undefined,\n  expected: true,\n  operator: 'deepEqual'\n}\n\nNode.js v18.7.0\n",
      "exit_code": 1,
      "status": "AssertionError"
    },
    {
      "program": "//Write a function that matches a word containing 'z'.\nfunction text_match_wordz(text){\n    let regex = /\\bz\\w+/g;\n    return text.match(regex);\n}\nconst assert = require('node:assert');\n\n\nfunction test() {\n  let candidate = text_match_wordz;\n  assert.deepEqual(candidate(\"pythonz.\"),true);\n  assert.deepEqual(candidate(\"xyz.\"),true);\n  assert.deepEqual(candidate(\"  lang  .\"),false);\n}\n\ntest();",
      "timestamp": 1665510608,
      "stdout": "",
      "stderr": "node:assert:124\n  throw new AssertionError(obj);\n  ^\n\nAssertionError [ERR_ASSERTION]: Expected values to be loosely deep-equal:\n\nnull\n\nshould loosely deep-equal\n\ntrue\n    at test (/tmp/tmptva5ggyf.js:11:10)\n    at Object.<anonymous> (/tmp/tmptva5ggyf.js:16:1)\n    at Module._compile (node:internal/modules/cjs/loader:1120:14)\n    at Module._extensions..js (node:internal/modules/cjs/loader:1174:10)\n    at Module.load (node:internal/modules/cjs/loader:998:32)\n    at Module._load (node:internal/modules/cjs/loader:839:12)\n    at Function.executeUserEntryPoint [as runMain] (node:internal/modules/run_main:81:12)\n    at node:internal/main/run_main_module:17:47 {\n  generatedMessage: true,\n  code: 'ERR_ASSERTION',\n  actual: null,\n  expected: true,\n  operator: 'deepEqual'\n}\n\nNode.js v18.7.0\n",
      "exit_code": 1,
      "status": "AssertionError"
    },
    {
      "program": "//Write a function that matches a word containing 'z'.\nfunction text_match_wordz(text){\n    let regex = /\\w*z\\w*/;\n    return regex.test(text);\n}\n\nconst assert = require('node:assert');\n\n\nfunction test() {\n  let candidate = text_match_wordz;\n  assert.deepEqual(candidate(\"pythonz.\"),true);\n  assert.deepEqual(candidate(\"xyz.\"),true);\n  assert.deepEqual(candidate(\"  lang  .\"),false);\n}\n\ntest();",
      "timestamp": 1665510608,
      "stdout": "",
      "stderr": "",
      "exit_code": 0,
      "status": "OK"
    },
    {
      "program": "//Write a function that matches a word containing 'z'.\nfunction text_match_wordz(text){\n    let regex = /\\bz\\w+/g;\n    return text.match(regex);\n}\n\nconst assert = require('node:assert');\n\n\nfunction test() {\n  let candidate = text_match_wordz;\n  assert.deepEqual(candidate(\"pythonz.\"),true);\n  assert.deepEqual(candidate(\"xyz.\"),true);\n  assert.deepEqual(candidate(\"  lang  .\"),false);\n}\n\ntest();",
      "timestamp": 1666123474,
      "stdout": "",
      "stderr": "node:assert:124\n  throw new AssertionError(obj);\n  ^\n\nAssertionError [ERR_ASSERTION]: Expected values to be loosely deep-equal:\n\nnull\n\nshould loosely deep-equal\n\ntrue\n    at test (/tmp/tmp8f0k0r50.js:12:10)\n    at Object.<anonymous> (/tmp/tmp8f0k0r50.js:17:1)\n    at Module._compile (node:internal/modules/cjs/loader:1120:14)\n    at Module._extensions..js (node:internal/modules/cjs/loader:1174:10)\n    at Module.load (node:internal/modules/cjs/loader:998:32)\n    at Module._load (node:internal/modules/cjs/loader:839:12)\n    at Function.executeUserEntryPoint [as runMain] (node:internal/modules/run_main:81:12)\n    at node:internal/main/run_main_module:17:47 {\n  generatedMessage: true,\n  code: 'ERR_ASSERTION',\n  actual: null,\n  expected: true,\n  operator: 'deepEqual'\n}\n\nNode.js v18.7.0\n",
      "exit_code": 1,
      "status": "AssertionError"
    },
    {
      "program": "//Write a function that matches a word containing 'z'.\nfunction text_match_wordz(text){\n    let regex = /\\w*z\\w*/;\n    return text.match(regex);\n}\n\nconst assert = require('node:assert');\n\n\nfunction test() {\n  let candidate = text_match_wordz;\n  assert.deepEqual(candidate(\"pythonz.\"),true);\n  assert.deepEqual(candidate(\"xyz.\"),true);\n  assert.deepEqual(candidate(\"  lang  .\"),false);\n}\n\ntest();",
      "timestamp": 1665510608,
      "stdout": "",
      "stderr": "node:assert:124\n  throw new AssertionError(obj);\n  ^\n\nAssertionError [ERR_ASSERTION]: Expected values to be loosely deep-equal:\n\n[\n  'pythonz',\n  groups: undefined,\n  index: 0,\n  input: 'pythonz.'\n]\n\nshould loosely deep-equal\n\ntrue\n    at test (/tmp/tmp86bc3hwg.js:12:10)\n    at Object.<anonymous> (/tmp/tmp86bc3hwg.js:17:1)\n    at Module._compile (node:internal/modules/cjs/loader:1120:14)\n    at Module._extensions..js (node:internal/modules/cjs/loader:1174:10)\n    at Module.load (node:internal/modules/cjs/loader:998:32)\n    at Module._load (node:internal/modules/cjs/loader:839:12)\n    at Function.executeUserEntryPoint [as runMain] (node:internal/modules/run_main:81:12)\n    at node:internal/main/run_main_module:17:47 {\n  generatedMessage: true,\n  code: 'ERR_ASSERTION',\n  actual: [ 'pythonz', index: 0, input: 'pythonz.', groups: undefined ],\n  expected: true,\n  operator: 'deepEqual'\n}\n\nNode.js v18.7.0\n",
      "exit_code": 1,
      "status": "AssertionError"
    },
    {
      "program": "//Write a function that matches a word containing 'z'.\nfunction text_match_wordz(text){\n    return text.match(/\\w*z\\w*/);\n}\nconst assert = require('node:assert');\n\n\nfunction test() {\n  let candidate = text_match_wordz;\n  assert.deepEqual(candidate(\"pythonz.\"),true);\n  assert.deepEqual(candidate(\"xyz.\"),true);\n  assert.deepEqual(candidate(\"  lang  .\"),false);\n}\n\ntest();",
      "timestamp": 1666123475,
      "stdout": "",
      "stderr": "node:assert:124\n  throw new AssertionError(obj);\n  ^\n\nAssertionError [ERR_ASSERTION]: Expected values to be loosely deep-equal:\n\n[\n  'pythonz',\n  groups: undefined,\n  index: 0,\n  input: 'pythonz.'\n]\n\nshould loosely deep-equal\n\ntrue\n    at test (/tmp/tmpr5ryry3c.js:10:10)\n    at Object.<anonymous> (/tmp/tmpr5ryry3c.js:15:1)\n    at Module._compile (node:internal/modules/cjs/loader:1120:14)\n    at Module._extensions..js (node:internal/modules/cjs/loader:1174:10)\n    at Module.load (node:internal/modules/cjs/loader:998:32)\n    at Module._load (node:internal/modules/cjs/loader:839:12)\n    at Function.executeUserEntryPoint [as runMain] (node:internal/modules/run_main:81:12)\n    at node:internal/main/run_main_module:17:47 {\n  generatedMessage: true,\n  code: 'ERR_ASSERTION',\n  actual: [ 'pythonz', index: 0, input: 'pythonz.', groups: undefined ],\n  expected: true,\n  operator: 'deepEqual'\n}\n\nNode.js v18.7.0\n",
      "exit_code": 1,
      "status": "AssertionError"
    },
    {
      "program": "//Write a function that matches a word containing 'z'.\nfunction text_match_wordz(text){\n    let regex = /\\w*z\\w*/;\n    return regex.test(text);\n}\n\nconst assert = require('node:assert');\n\n\nfunction test() {\n  let candidate = text_match_wordz;\n  assert.deepEqual(candidate(\"pythonz.\"),true);\n  assert.deepEqual(candidate(\"xyz.\"),true);\n  assert.deepEqual(candidate(\"  lang  .\"),false);\n}\n\ntest();",
      "timestamp": 1665510608,
      "stdout": "",
      "stderr": "",
      "exit_code": 0,
      "status": "OK"
    },
    {
      "program": "//Write a function that matches a word containing 'z'.\nfunction text_match_wordz(text){\n    let regex = /\\w*z\\w*/g;\n    return text.match(regex);\n}\n\nconst assert = require('node:assert');\n\n\nfunction test() {\n  let candidate = text_match_wordz;\n  assert.deepEqual(candidate(\"pythonz.\"),true);\n  assert.deepEqual(candidate(\"xyz.\"),true);\n  assert.deepEqual(candidate(\"  lang  .\"),false);\n}\n\ntest();",
      "timestamp": 1665510608,
      "stdout": "",
      "stderr": "node:assert:124\n  throw new AssertionError(obj);\n  ^\n\nAssertionError [ERR_ASSERTION]: Expected values to be loosely deep-equal:\n\n[\n  'pythonz'\n]\n\nshould loosely deep-equal\n\ntrue\n    at test (/tmp/tmpvml7zjhz.js:12:10)\n    at Object.<anonymous> (/tmp/tmpvml7zjhz.js:17:1)\n    at Module._compile (node:internal/modules/cjs/loader:1120:14)\n    at Module._extensions..js (node:internal/modules/cjs/loader:1174:10)\n    at Module.load (node:internal/modules/cjs/loader:998:32)\n    at Module._load (node:internal/modules/cjs/loader:839:12)\n    at Function.executeUserEntryPoint [as runMain] (node:internal/modules/run_main:81:12)\n    at node:internal/main/run_main_module:17:47 {\n  generatedMessage: true,\n  code: 'ERR_ASSERTION',\n  actual: [ 'pythonz' ],\n  expected: true,\n  operator: 'deepEqual'\n}\n\nNode.js v18.7.0\n",
      "exit_code": 1,
      "status": "AssertionError"
    },
    {
      "program": "//Write a function that matches a word containing 'z'.\nfunction text_match_wordz(text){\n    let regex = /\\bz\\w+/g;\n    return text.match(regex);\n}\nconst assert = require('node:assert');\n\n\nfunction test() {\n  let candidate = text_match_wordz;\n  assert.deepEqual(candidate(\"pythonz.\"),true);\n  assert.deepEqual(candidate(\"xyz.\"),true);\n  assert.deepEqual(candidate(\"  lang  .\"),false);\n}\n\ntest();",
      "timestamp": 1665510608,
      "stdout": "",
      "stderr": "node:assert:124\n  throw new AssertionError(obj);\n  ^\n\nAssertionError [ERR_ASSERTION]: Expected values to be loosely deep-equal:\n\nnull\n\nshould loosely deep-equal\n\ntrue\n    at test (/tmp/tmptva5ggyf.js:11:10)\n    at Object.<anonymous> (/tmp/tmptva5ggyf.js:16:1)\n    at Module._compile (node:internal/modules/cjs/loader:1120:14)\n    at Module._extensions..js (node:internal/modules/cjs/loader:1174:10)\n    at Module.load (node:internal/modules/cjs/loader:998:32)\n    at Module._load (node:internal/modules/cjs/loader:839:12)\n    at Function.executeUserEntryPoint [as runMain] (node:internal/modules/run_main:81:12)\n    at node:internal/main/run_main_module:17:47 {\n  generatedMessage: true,\n  code: 'ERR_ASSERTION',\n  actual: null,\n  expected: true,\n  operator: 'deepEqual'\n}\n\nNode.js v18.7.0\n",
      "exit_code": 1,
      "status": "AssertionError"
    },
    {
      "program": "//Write a function that matches a word containing 'z'.\nfunction text_match_wordz(text){\n    let regex = /\\w*z\\w*/;\n    return regex.test(text);\n}\nconst assert = require('node:assert');\n\n\nfunction test() {\n  let candidate = text_match_wordz;\n  assert.deepEqual(candidate(\"pythonz.\"),true);\n  assert.deepEqual(candidate(\"xyz.\"),true);\n  assert.deepEqual(candidate(\"  lang  .\"),false);\n}\n\ntest();",
      "timestamp": 1665510608,
      "stdout": "",
      "stderr": "",
      "exit_code": 0,
      "status": "OK"
    },
    {
      "program": "//Write a function that matches a word containing 'z'.\nfunction text_match_wordz(text){\n    var re = /\\w*z\\w*/;\n    return re.test(text);\n}\n\nconst assert = require('node:assert');\n\n\nfunction test() {\n  let candidate = text_match_wordz;\n  assert.deepEqual(candidate(\"pythonz.\"),true);\n  assert.deepEqual(candidate(\"xyz.\"),true);\n  assert.deepEqual(candidate(\"  lang  .\"),false);\n}\n\ntest();",
      "timestamp": 1666123476,
      "stdout": "",
      "stderr": "",
      "exit_code": 0,
      "status": "OK"
    },
    {
      "program": "//Write a function that matches a word containing 'z'.\nfunction text_match_wordz(text){\n    let regex = /\\w*z\\w*/g;\n    return text.match(regex);\n}\nconst assert = require('node:assert');\n\n\nfunction test() {\n  let candidate = text_match_wordz;\n  assert.deepEqual(candidate(\"pythonz.\"),true);\n  assert.deepEqual(candidate(\"xyz.\"),true);\n  assert.deepEqual(candidate(\"  lang  .\"),false);\n}\n\ntest();",
      "timestamp": 1665510608,
      "stdout": "",
      "stderr": "node:assert:124\n  throw new AssertionError(obj);\n  ^\n\nAssertionError [ERR_ASSERTION]: Expected values to be loosely deep-equal:\n\n[\n  'pythonz'\n]\n\nshould loosely deep-equal\n\ntrue\n    at test (/tmp/tmpf7u3vc9o.js:11:10)\n    at Object.<anonymous> (/tmp/tmpf7u3vc9o.js:16:1)\n    at Module._compile (node:internal/modules/cjs/loader:1120:14)\n    at Module._extensions..js (node:internal/modules/cjs/loader:1174:10)\n    at Module.load (node:internal/modules/cjs/loader:998:32)\n    at Module._load (node:internal/modules/cjs/loader:839:12)\n    at Function.executeUserEntryPoint [as runMain] (node:internal/modules/run_main:81:12)\n    at node:internal/main/run_main_module:17:47 {\n  generatedMessage: true,\n  code: 'ERR_ASSERTION',\n  actual: [ 'pythonz' ],\n  expected: true,\n  operator: 'deepEqual'\n}\n\nNode.js v18.7.0\n",
      "exit_code": 1,
      "status": "AssertionError"
    },
    {
      "program": "//Write a function that matches a word containing 'z'.\nfunction text_match_wordz(text){\n    let regex = /\\bz\\w+\\b/g;\n    return text.match(regex);\n}\n\nconst assert = require('node:assert');\n\n\nfunction test() {\n  let candidate = text_match_wordz;\n  assert.deepEqual(candidate(\"pythonz.\"),true);\n  assert.deepEqual(candidate(\"xyz.\"),true);\n  assert.deepEqual(candidate(\"  lang  .\"),false);\n}\n\ntest();",
      "timestamp": 1666123474,
      "stdout": "",
      "stderr": "node:assert:124\n  throw new AssertionError(obj);\n  ^\n\nAssertionError [ERR_ASSERTION]: Expected values to be loosely deep-equal:\n\nnull\n\nshould loosely deep-equal\n\ntrue\n    at test (/tmp/tmpa2bmw92n.js:12:10)\n    at Object.<anonymous> (/tmp/tmpa2bmw92n.js:17:1)\n    at Module._compile (node:internal/modules/cjs/loader:1120:14)\n    at Module._extensions..js (node:internal/modules/cjs/loader:1174:10)\n    at Module.load (node:internal/modules/cjs/loader:998:32)\n    at Module._load (node:internal/modules/cjs/loader:839:12)\n    at Function.executeUserEntryPoint [as runMain] (node:internal/modules/run_main:81:12)\n    at node:internal/main/run_main_module:17:47 {\n  generatedMessage: true,\n  code: 'ERR_ASSERTION',\n  actual: null,\n  expected: true,\n  operator: 'deepEqual'\n}\n\nNode.js v18.7.0\n",
      "exit_code": 1,
      "status": "AssertionError"
    },
    {
      "program": "//Write a function that matches a word containing 'z'.\nfunction text_match_wordz(text){\n    var regex = /\\w*z\\w*/;\n    return regex.test(text);\n}\nconst assert = require('node:assert');\n\n\nfunction test() {\n  let candidate = text_match_wordz;\n  assert.deepEqual(candidate(\"pythonz.\"),true);\n  assert.deepEqual(candidate(\"xyz.\"),true);\n  assert.deepEqual(candidate(\"  lang  .\"),false);\n}\n\ntest();",
      "timestamp": 1665510608,
      "stdout": "",
      "stderr": "",
      "exit_code": 0,
      "status": "OK"
    },
    {
      "program": "//Write a function that matches a word containing 'z'.\nfunction text_match_wordz(text){\n    let regex = /\\w*z\\w*/;\n    return regex.test(text);\n}\n\nconst assert = require('node:assert');\n\n\nfunction test() {\n  let candidate = text_match_wordz;\n  assert.deepEqual(candidate(\"pythonz.\"),true);\n  assert.deepEqual(candidate(\"xyz.\"),true);\n  assert.deepEqual(candidate(\"  lang  .\"),false);\n}\n\ntest();",
      "timestamp": 1665510608,
      "stdout": "",
      "stderr": "",
      "exit_code": 0,
      "status": "OK"
    },
    {
      "program": "//Write a function that matches a word containing 'z'.\nfunction text_match_wordz(text){\n    let regex = /\\w*z\\w*/g;\n    let result = text.match(regex);\n    return result;\n}\n\nconst assert = require('node:assert');\n\n\nfunction test() {\n  let candidate = text_match_wordz;\n  assert.deepEqual(candidate(\"pythonz.\"),true);\n  assert.deepEqual(candidate(\"xyz.\"),true);\n  assert.deepEqual(candidate(\"  lang  .\"),false);\n}\n\ntest();",
      "timestamp": 1666123476,
      "stdout": "",
      "stderr": "node:assert:124\n  throw new AssertionError(obj);\n  ^\n\nAssertionError [ERR_ASSERTION]: Expected values to be loosely deep-equal:\n\n[\n  'pythonz'\n]\n\nshould loosely deep-equal\n\ntrue\n    at test (/tmp/tmpwgi8y97t.js:13:10)\n    at Object.<anonymous> (/tmp/tmpwgi8y97t.js:18:1)\n    at Module._compile (node:internal/modules/cjs/loader:1120:14)\n    at Module._extensions..js (node:internal/modules/cjs/loader:1174:10)\n    at Module.load (node:internal/modules/cjs/loader:998:32)\n    at Module._load (node:internal/modules/cjs/loader:839:12)\n    at Function.executeUserEntryPoint [as runMain] (node:internal/modules/run_main:81:12)\n    at node:internal/main/run_main_module:17:47 {\n  generatedMessage: true,\n  code: 'ERR_ASSERTION',\n  actual: [ 'pythonz' ],\n  expected: true,\n  operator: 'deepEqual'\n}\n\nNode.js v18.7.0\n",
      "exit_code": 1,
      "status": "AssertionError"
    },
    {
      "program": "//Write a function that matches a word containing 'z'.\nfunction text_match_wordz(text){\n    let regex = /\\w*z\\w*/;\n    return text.match(regex);\n}\nconst assert = require('node:assert');\n\n\nfunction test() {\n  let candidate = text_match_wordz;\n  assert.deepEqual(candidate(\"pythonz.\"),true);\n  assert.deepEqual(candidate(\"xyz.\"),true);\n  assert.deepEqual(candidate(\"  lang  .\"),false);\n}\n\ntest();",
      "timestamp": 1665510608,
      "stdout": "",
      "stderr": "node:assert:124\n  throw new AssertionError(obj);\n  ^\n\nAssertionError [ERR_ASSERTION]: Expected values to be loosely deep-equal:\n\n[\n  'pythonz',\n  groups: undefined,\n  index: 0,\n  input: 'pythonz.'\n]\n\nshould loosely deep-equal\n\ntrue\n    at test (/tmp/tmppushac2z.js:11:10)\n    at Object.<anonymous> (/tmp/tmppushac2z.js:16:1)\n    at Module._compile (node:internal/modules/cjs/loader:1120:14)\n    at Module._extensions..js (node:internal/modules/cjs/loader:1174:10)\n    at Module.load (node:internal/modules/cjs/loader:998:32)\n    at Module._load (node:internal/modules/cjs/loader:839:12)\n    at Function.executeUserEntryPoint [as runMain] (node:internal/modules/run_main:81:12)\n    at node:internal/main/run_main_module:17:47 {\n  generatedMessage: true,\n  code: 'ERR_ASSERTION',\n  actual: [ 'pythonz', index: 0, input: 'pythonz.', groups: undefined ],\n  expected: true,\n  operator: 'deepEqual'\n}\n\nNode.js v18.7.0\n",
      "exit_code": 1,
      "status": "AssertionError"
    },
    {
      "program": "//Write a function that matches a word containing 'z'.\nfunction text_match_wordz(text){\n    let pattern = /\\b[z]\\w+/g;\n    return text.match(pattern);\n}\nconst assert = require('node:assert');\n\n\nfunction test() {\n  let candidate = text_match_wordz;\n  assert.deepEqual(candidate(\"pythonz.\"),true);\n  assert.deepEqual(candidate(\"xyz.\"),true);\n  assert.deepEqual(candidate(\"  lang  .\"),false);\n}\n\ntest();",
      "timestamp": 1666123476,
      "stdout": "",
      "stderr": "node:assert:124\n  throw new AssertionError(obj);\n  ^\n\nAssertionError [ERR_ASSERTION]: Expected values to be loosely deep-equal:\n\nnull\n\nshould loosely deep-equal\n\ntrue\n    at test (/tmp/tmpgw1zg9wy.js:11:10)\n    at Object.<anonymous> (/tmp/tmpgw1zg9wy.js:16:1)\n    at Module._compile (node:internal/modules/cjs/loader:1120:14)\n    at Module._extensions..js (node:internal/modules/cjs/loader:1174:10)\n    at Module.load (node:internal/modules/cjs/loader:998:32)\n    at Module._load (node:internal/modules/cjs/loader:839:12)\n    at Function.executeUserEntryPoint [as runMain] (node:internal/modules/run_main:81:12)\n    at node:internal/main/run_main_module:17:47 {\n  generatedMessage: true,\n  code: 'ERR_ASSERTION',\n  actual: null,\n  expected: true,\n  operator: 'deepEqual'\n}\n\nNode.js v18.7.0\n",
      "exit_code": 1,
      "status": "AssertionError"
    },
    {
      "program": "//Write a function that matches a word containing 'z'.\nfunction text_match_wordz(text){\n    let regex = /\\w*z\\w*/;\n    return regex.test(text);\n}\n\nconst assert = require('node:assert');\n\n\nfunction test() {\n  let candidate = text_match_wordz;\n  assert.deepEqual(candidate(\"pythonz.\"),true);\n  assert.deepEqual(candidate(\"xyz.\"),true);\n  assert.deepEqual(candidate(\"  lang  .\"),false);\n}\n\ntest();",
      "timestamp": 1665510608,
      "stdout": "",
      "stderr": "",
      "exit_code": 0,
      "status": "OK"
    },
    {
      "program": "//Write a function that matches a word containing 'z'.\nfunction text_match_wordz(text){\n    let regex = /\\bz\\w+/g;\n    return text.match(regex);\n}\nconst assert = require('node:assert');\n\n\nfunction test() {\n  let candidate = text_match_wordz;\n  assert.deepEqual(candidate(\"pythonz.\"),true);\n  assert.deepEqual(candidate(\"xyz.\"),true);\n  assert.deepEqual(candidate(\"  lang  .\"),false);\n}\n\ntest();",
      "timestamp": 1665510608,
      "stdout": "",
      "stderr": "node:assert:124\n  throw new AssertionError(obj);\n  ^\n\nAssertionError [ERR_ASSERTION]: Expected values to be loosely deep-equal:\n\nnull\n\nshould loosely deep-equal\n\ntrue\n    at test (/tmp/tmptva5ggyf.js:11:10)\n    at Object.<anonymous> (/tmp/tmptva5ggyf.js:16:1)\n    at Module._compile (node:internal/modules/cjs/loader:1120:14)\n    at Module._extensions..js (node:internal/modules/cjs/loader:1174:10)\n    at Module.load (node:internal/modules/cjs/loader:998:32)\n    at Module._load (node:internal/modules/cjs/loader:839:12)\n    at Function.executeUserEntryPoint [as runMain] (node:internal/modules/run_main:81:12)\n    at node:internal/main/run_main_module:17:47 {\n  generatedMessage: true,\n  code: 'ERR_ASSERTION',\n  actual: null,\n  expected: true,\n  operator: 'deepEqual'\n}\n\nNode.js v18.7.0\n",
      "exit_code": 1,
      "status": "AssertionError"
    }
  ]
}