{
  "name": "mbpp_808_check_K",
  "language": "js",
  "prompt": "//Write a function to check if the given tuples contain the k or not.\nfunction check_K(test_tup, K){\n",
  "doctests": "keep",
  "original": "/home/arjun/repos/MultiPL-E/datasets/../datasets/mbpp-typed/mbpp_808_check_K.py",
  "prompt_terminology": "verbatim",
  "tests": "const assert = require('node:assert');\n\n\nfunction test() {\n  let candidate = check_K;\n  assert.deepEqual(candidate([10, 4, 5, 6, 8], 6),true);\n  assert.deepEqual(candidate([1, 2, 3, 4, 5, 6], 7),false);\n  assert.deepEqual(candidate([7, 8, 9, 44, 11, 12], 11),true);\n}\n\ntest();",
  "stop_tokens": [
    "\nfunction ",
    "\n/*",
    "\n//",
    "\nconsole.log"
  ],
  "results": [
    {
      "program": "//Write a function to check if the given tuples contain the k or not.\nfunction check_K(test_tup, K){\n    for (var i = 0; i < test_tup.length; i++){\n        if (test_tup[i] == K){\n            return true;\n        }\n    }\n    return false;\n}\n\nconst assert = require('node:assert');\n\n\nfunction test() {\n  let candidate = check_K;\n  assert.deepEqual(candidate([10, 4, 5, 6, 8], 6),true);\n  assert.deepEqual(candidate([1, 2, 3, 4, 5, 6], 7),false);\n  assert.deepEqual(candidate([7, 8, 9, 44, 11, 12], 11),true);\n}\n\ntest();",
      "timestamp": 1665509864,
      "stdout": "",
      "stderr": "",
      "exit_code": 0,
      "status": "OK"
    },
    {
      "program": "//Write a function to check if the given tuples contain the k or not.\nfunction check_K(test_tup, K){\n    if (test_tup.includes(K)){\n        return true;\n    }\n    else{\n        return false;\n    }\n}\n\nconst assert = require('node:assert');\n\n\nfunction test() {\n  let candidate = check_K;\n  assert.deepEqual(candidate([10, 4, 5, 6, 8], 6),true);\n  assert.deepEqual(candidate([1, 2, 3, 4, 5, 6], 7),false);\n  assert.deepEqual(candidate([7, 8, 9, 44, 11, 12], 11),true);\n}\n\ntest();",
      "timestamp": 1665509864,
      "stdout": "",
      "stderr": "",
      "exit_code": 0,
      "status": "OK"
    },
    {
      "program": "//Write a function to check if the given tuples contain the k or not.\nfunction check_K(test_tup, K){\n    if (test_tup.includes(K)){\n        console.log(true);\n    }\n    else{\n        console.log(false);\n    }\n}\ncheck_K(test_tup, K);\n\nconst assert = require('node:assert');\n\n\nfunction test() {\n  let candidate = check_K;\n  assert.deepEqual(candidate([10, 4, 5, 6, 8], 6),true);\n  assert.deepEqual(candidate([1, 2, 3, 4, 5, 6], 7),false);\n  assert.deepEqual(candidate([7, 8, 9, 44, 11, 12], 11),true);\n}\n\ntest();",
      "timestamp": 1665509864,
      "stdout": "",
      "stderr": "/tmp/tmp8ch6qntx.js:10\ncheck_K(test_tup, K);\n        ^\n\nReferenceError: test_tup is not defined\n    at Object.<anonymous> (/tmp/tmp8ch6qntx.js:10:9)\n    at Module._compile (node:internal/modules/cjs/loader:1120:14)\n    at Module._extensions..js (node:internal/modules/cjs/loader:1174:10)\n    at Module.load (node:internal/modules/cjs/loader:998:32)\n    at Module._load (node:internal/modules/cjs/loader:839:12)\n    at Function.executeUserEntryPoint [as runMain] (node:internal/modules/run_main:81:12)\n    at node:internal/main/run_main_module:17:47\n\nNode.js v18.7.0\n",
      "exit_code": 1,
      "status": "ReferenceError"
    },
    {
      "program": "//Write a function to check if the given tuples contain the k or not.\nfunction check_K(test_tup, K){\n    if (test_tup.includes(K)){\n        return true;\n    }\n    else{\n        return false;\n    }\n}\nconst assert = require('node:assert');\n\n\nfunction test() {\n  let candidate = check_K;\n  assert.deepEqual(candidate([10, 4, 5, 6, 8], 6),true);\n  assert.deepEqual(candidate([1, 2, 3, 4, 5, 6], 7),false);\n  assert.deepEqual(candidate([7, 8, 9, 44, 11, 12], 11),true);\n}\n\ntest();",
      "timestamp": 1665509864,
      "stdout": "",
      "stderr": "",
      "exit_code": 0,
      "status": "OK"
    },
    {
      "program": "//Write a function to check if the given tuples contain the k or not.\nfunction check_K(test_tup, K){\n    var flag = false;\n    for(var i = 0; i < test_tup.length; i++){\n        if(test_tup[i] == K){\n            flag = true;\n        }\n    }\n    if(flag == true){\n        return \"Yes\";\n    }\n    else{\n        return \"No\";\n    }\n}\n\nvar test_tup = [1, 5, 3, 4, 7, 8, 9];\nvar K = 1;\nconst assert = require('node:assert');\n\n\nfunction test() {\n  let candidate = check_K;\n  assert.deepEqual(candidate([10, 4, 5, 6, 8], 6),true);\n  assert.deepEqual(candidate([1, 2, 3, 4, 5, 6], 7),false);\n  assert.deepEqual(candidate([7, 8, 9, 44, 11, 12], 11),true);\n}\n\ntest();",
      "timestamp": 1665509864,
      "stdout": "",
      "stderr": "node:assert:124\n  throw new AssertionError(obj);\n  ^\n\nAssertionError [ERR_ASSERTION]: Expected values to be loosely deep-equal:\n\n'Yes'\n\nshould loosely deep-equal\n\ntrue\n    at test (/tmp/tmp3djvr2um.js:24:10)\n    at Object.<anonymous> (/tmp/tmp3djvr2um.js:29:1)\n    at Module._compile (node:internal/modules/cjs/loader:1120:14)\n    at Module._extensions..js (node:internal/modules/cjs/loader:1174:10)\n    at Module.load (node:internal/modules/cjs/loader:998:32)\n    at Module._load (node:internal/modules/cjs/loader:839:12)\n    at Function.executeUserEntryPoint [as runMain] (node:internal/modules/run_main:81:12)\n    at node:internal/main/run_main_module:17:47 {\n  generatedMessage: true,\n  code: 'ERR_ASSERTION',\n  actual: 'Yes',\n  expected: true,\n  operator: 'deepEqual'\n}\n\nNode.js v18.7.0\n",
      "exit_code": 1,
      "status": "AssertionError"
    },
    {
      "program": "//Write a function to check if the given tuples contain the k or not.\nfunction check_K(test_tup, K){\n    var flag = false;\n    for (var i = 0; i < test_tup.length; i++){\n        if (test_tup[i] == K){\n            flag = true;\n            break;\n        }\n    }\n    return flag;\n}\n\nconst assert = require('node:assert');\n\n\nfunction test() {\n  let candidate = check_K;\n  assert.deepEqual(candidate([10, 4, 5, 6, 8], 6),true);\n  assert.deepEqual(candidate([1, 2, 3, 4, 5, 6], 7),false);\n  assert.deepEqual(candidate([7, 8, 9, 44, 11, 12], 11),true);\n}\n\ntest();",
      "timestamp": 1665509864,
      "stdout": "",
      "stderr": "",
      "exit_code": 0,
      "status": "OK"
    },
    {
      "program": "//Write a function to check if the given tuples contain the k or not.\nfunction check_K(test_tup, K){\n    if (test_tup[0] == K || test_tup[1] == K || test_tup[2] == K){\n        return true;\n    }\n    else{\n        return false;\n    }\n}\ncheck_K(test_tup, K);\n\nconst assert = require('node:assert');\n\n\nfunction test() {\n  let candidate = check_K;\n  assert.deepEqual(candidate([10, 4, 5, 6, 8], 6),true);\n  assert.deepEqual(candidate([1, 2, 3, 4, 5, 6], 7),false);\n  assert.deepEqual(candidate([7, 8, 9, 44, 11, 12], 11),true);\n}\n\ntest();",
      "timestamp": 1665509864,
      "stdout": "",
      "stderr": "/tmp/tmpfabbwakm.js:10\ncheck_K(test_tup, K);\n        ^\n\nReferenceError: test_tup is not defined\n    at Object.<anonymous> (/tmp/tmpfabbwakm.js:10:9)\n    at Module._compile (node:internal/modules/cjs/loader:1120:14)\n    at Module._extensions..js (node:internal/modules/cjs/loader:1174:10)\n    at Module.load (node:internal/modules/cjs/loader:998:32)\n    at Module._load (node:internal/modules/cjs/loader:839:12)\n    at Function.executeUserEntryPoint [as runMain] (node:internal/modules/run_main:81:12)\n    at node:internal/main/run_main_module:17:47\n\nNode.js v18.7.0\n",
      "exit_code": 1,
      "status": "ReferenceError"
    },
    {
      "program": "//Write a function to check if the given tuples contain the k or not.\nfunction check_K(test_tup, K){\n    if (test_tup[0] == K || test_tup[1] == K || test_tup[2] == K){\n        return true;\n    }\n    else{\n        return false;\n    }\n}\n\nconst assert = require('node:assert');\n\n\nfunction test() {\n  let candidate = check_K;\n  assert.deepEqual(candidate([10, 4, 5, 6, 8], 6),true);\n  assert.deepEqual(candidate([1, 2, 3, 4, 5, 6], 7),false);\n  assert.deepEqual(candidate([7, 8, 9, 44, 11, 12], 11),true);\n}\n\ntest();",
      "timestamp": 1665509864,
      "stdout": "",
      "stderr": "node:assert:124\n  throw new AssertionError(obj);\n  ^\n\nAssertionError [ERR_ASSERTION]: Expected values to be loosely deep-equal:\n\nfalse\n\nshould loosely deep-equal\n\ntrue\n    at test (/tmp/tmpipxe33sc.js:16:10)\n    at Object.<anonymous> (/tmp/tmpipxe33sc.js:21:1)\n    at Module._compile (node:internal/modules/cjs/loader:1120:14)\n    at Module._extensions..js (node:internal/modules/cjs/loader:1174:10)\n    at Module.load (node:internal/modules/cjs/loader:998:32)\n    at Module._load (node:internal/modules/cjs/loader:839:12)\n    at Function.executeUserEntryPoint [as runMain] (node:internal/modules/run_main:81:12)\n    at node:internal/main/run_main_module:17:47 {\n  generatedMessage: true,\n  code: 'ERR_ASSERTION',\n  actual: false,\n  expected: true,\n  operator: 'deepEqual'\n}\n\nNode.js v18.7.0\n",
      "exit_code": 1,
      "status": "AssertionError"
    },
    {
      "program": "//Write a function to check if the given tuples contain the k or not.\nfunction check_K(test_tup, K){\n    if (test_tup.includes(K)){\n        return true;\n    }\n    else{\n        return false;\n    }\n}\nconst assert = require('node:assert');\n\n\nfunction test() {\n  let candidate = check_K;\n  assert.deepEqual(candidate([10, 4, 5, 6, 8], 6),true);\n  assert.deepEqual(candidate([1, 2, 3, 4, 5, 6], 7),false);\n  assert.deepEqual(candidate([7, 8, 9, 44, 11, 12], 11),true);\n}\n\ntest();",
      "timestamp": 1665509864,
      "stdout": "",
      "stderr": "",
      "exit_code": 0,
      "status": "OK"
    },
    {
      "program": "//Write a function to check if the given tuples contain the k or not.\nfunction check_K(test_tup, K){\n    var flag = false;\n    for (var i = 0; i < test_tup.length; i++){\n        if (test_tup[i] == K){\n            flag = true;\n            break;\n        }\n    }\n    return flag;\n}\nconst assert = require('node:assert');\n\n\nfunction test() {\n  let candidate = check_K;\n  assert.deepEqual(candidate([10, 4, 5, 6, 8], 6),true);\n  assert.deepEqual(candidate([1, 2, 3, 4, 5, 6], 7),false);\n  assert.deepEqual(candidate([7, 8, 9, 44, 11, 12], 11),true);\n}\n\ntest();",
      "timestamp": 1665509864,
      "stdout": "",
      "stderr": "",
      "exit_code": 0,
      "status": "OK"
    },
    {
      "program": "//Write a function to check if the given tuples contain the k or not.\nfunction check_K(test_tup, K){\n    if (test_tup[0] == K || test_tup[1] == K || test_tup[2] == K){\n        return true;\n    }\n    else{\n        return false;\n    }\n}\n\nconst assert = require('node:assert');\n\n\nfunction test() {\n  let candidate = check_K;\n  assert.deepEqual(candidate([10, 4, 5, 6, 8], 6),true);\n  assert.deepEqual(candidate([1, 2, 3, 4, 5, 6], 7),false);\n  assert.deepEqual(candidate([7, 8, 9, 44, 11, 12], 11),true);\n}\n\ntest();",
      "timestamp": 1665509864,
      "stdout": "",
      "stderr": "node:assert:124\n  throw new AssertionError(obj);\n  ^\n\nAssertionError [ERR_ASSERTION]: Expected values to be loosely deep-equal:\n\nfalse\n\nshould loosely deep-equal\n\ntrue\n    at test (/tmp/tmpipxe33sc.js:16:10)\n    at Object.<anonymous> (/tmp/tmpipxe33sc.js:21:1)\n    at Module._compile (node:internal/modules/cjs/loader:1120:14)\n    at Module._extensions..js (node:internal/modules/cjs/loader:1174:10)\n    at Module.load (node:internal/modules/cjs/loader:998:32)\n    at Module._load (node:internal/modules/cjs/loader:839:12)\n    at Function.executeUserEntryPoint [as runMain] (node:internal/modules/run_main:81:12)\n    at node:internal/main/run_main_module:17:47 {\n  generatedMessage: true,\n  code: 'ERR_ASSERTION',\n  actual: false,\n  expected: true,\n  operator: 'deepEqual'\n}\n\nNode.js v18.7.0\n",
      "exit_code": 1,
      "status": "AssertionError"
    },
    {
      "program": "//Write a function to check if the given tuples contain the k or not.\nfunction check_K(test_tup, K){\n    if (test_tup.includes(K)){\n        console.log(true);\n    }\n    else{\n        console.log(false);\n    }\n}\ncheck_K(test_tup, K);\n\nconst assert = require('node:assert');\n\n\nfunction test() {\n  let candidate = check_K;\n  assert.deepEqual(candidate([10, 4, 5, 6, 8], 6),true);\n  assert.deepEqual(candidate([1, 2, 3, 4, 5, 6], 7),false);\n  assert.deepEqual(candidate([7, 8, 9, 44, 11, 12], 11),true);\n}\n\ntest();",
      "timestamp": 1665509864,
      "stdout": "",
      "stderr": "/tmp/tmp8ch6qntx.js:10\ncheck_K(test_tup, K);\n        ^\n\nReferenceError: test_tup is not defined\n    at Object.<anonymous> (/tmp/tmp8ch6qntx.js:10:9)\n    at Module._compile (node:internal/modules/cjs/loader:1120:14)\n    at Module._extensions..js (node:internal/modules/cjs/loader:1174:10)\n    at Module.load (node:internal/modules/cjs/loader:998:32)\n    at Module._load (node:internal/modules/cjs/loader:839:12)\n    at Function.executeUserEntryPoint [as runMain] (node:internal/modules/run_main:81:12)\n    at node:internal/main/run_main_module:17:47\n\nNode.js v18.7.0\n",
      "exit_code": 1,
      "status": "ReferenceError"
    },
    {
      "program": "//Write a function to check if the given tuples contain the k or not.\nfunction check_K(test_tup, K){\n    for(var i = 0; i < test_tup.length; i++){\n        if(test_tup[i] == K){\n            return true;\n        }\n    }\n    return false;\n}\n\nconst assert = require('node:assert');\n\n\nfunction test() {\n  let candidate = check_K;\n  assert.deepEqual(candidate([10, 4, 5, 6, 8], 6),true);\n  assert.deepEqual(candidate([1, 2, 3, 4, 5, 6], 7),false);\n  assert.deepEqual(candidate([7, 8, 9, 44, 11, 12], 11),true);\n}\n\ntest();",
      "timestamp": 1665509864,
      "stdout": "",
      "stderr": "",
      "exit_code": 0,
      "status": "OK"
    },
    {
      "program": "//Write a function to check if the given tuples contain the k or not.\nfunction check_K(test_tup, K){\n    if (test_tup.includes(K)){\n        return true;\n    }\n    else{\n        return false;\n    }\n}\nconst assert = require('node:assert');\n\n\nfunction test() {\n  let candidate = check_K;\n  assert.deepEqual(candidate([10, 4, 5, 6, 8], 6),true);\n  assert.deepEqual(candidate([1, 2, 3, 4, 5, 6], 7),false);\n  assert.deepEqual(candidate([7, 8, 9, 44, 11, 12], 11),true);\n}\n\ntest();",
      "timestamp": 1665509864,
      "stdout": "",
      "stderr": "",
      "exit_code": 0,
      "status": "OK"
    },
    {
      "program": "//Write a function to check if the given tuples contain the k or not.\nfunction check_K(test_tup, K){\n    if (test_tup[0] == K || test_tup[1] == K || test_tup[2] == K){\n        return true;\n    }\n    else{\n        return false;\n    }\n}\n\nconst assert = require('node:assert');\n\n\nfunction test() {\n  let candidate = check_K;\n  assert.deepEqual(candidate([10, 4, 5, 6, 8], 6),true);\n  assert.deepEqual(candidate([1, 2, 3, 4, 5, 6], 7),false);\n  assert.deepEqual(candidate([7, 8, 9, 44, 11, 12], 11),true);\n}\n\ntest();",
      "timestamp": 1665509864,
      "stdout": "",
      "stderr": "node:assert:124\n  throw new AssertionError(obj);\n  ^\n\nAssertionError [ERR_ASSERTION]: Expected values to be loosely deep-equal:\n\nfalse\n\nshould loosely deep-equal\n\ntrue\n    at test (/tmp/tmpipxe33sc.js:16:10)\n    at Object.<anonymous> (/tmp/tmpipxe33sc.js:21:1)\n    at Module._compile (node:internal/modules/cjs/loader:1120:14)\n    at Module._extensions..js (node:internal/modules/cjs/loader:1174:10)\n    at Module.load (node:internal/modules/cjs/loader:998:32)\n    at Module._load (node:internal/modules/cjs/loader:839:12)\n    at Function.executeUserEntryPoint [as runMain] (node:internal/modules/run_main:81:12)\n    at node:internal/main/run_main_module:17:47 {\n  generatedMessage: true,\n  code: 'ERR_ASSERTION',\n  actual: false,\n  expected: true,\n  operator: 'deepEqual'\n}\n\nNode.js v18.7.0\n",
      "exit_code": 1,
      "status": "AssertionError"
    },
    {
      "program": "//Write a function to check if the given tuples contain the k or not.\nfunction check_K(test_tup, K){\n    if (test_tup[0] == K || test_tup[1] == K || test_tup[2] == K){\n        return true;\n    }\n    else{\n        return false;\n    }\n}\ncheck_K(test_tup, K);\n\nconst assert = require('node:assert');\n\n\nfunction test() {\n  let candidate = check_K;\n  assert.deepEqual(candidate([10, 4, 5, 6, 8], 6),true);\n  assert.deepEqual(candidate([1, 2, 3, 4, 5, 6], 7),false);\n  assert.deepEqual(candidate([7, 8, 9, 44, 11, 12], 11),true);\n}\n\ntest();",
      "timestamp": 1665509864,
      "stdout": "",
      "stderr": "/tmp/tmpfabbwakm.js:10\ncheck_K(test_tup, K);\n        ^\n\nReferenceError: test_tup is not defined\n    at Object.<anonymous> (/tmp/tmpfabbwakm.js:10:9)\n    at Module._compile (node:internal/modules/cjs/loader:1120:14)\n    at Module._extensions..js (node:internal/modules/cjs/loader:1174:10)\n    at Module.load (node:internal/modules/cjs/loader:998:32)\n    at Module._load (node:internal/modules/cjs/loader:839:12)\n    at Function.executeUserEntryPoint [as runMain] (node:internal/modules/run_main:81:12)\n    at node:internal/main/run_main_module:17:47\n\nNode.js v18.7.0\n",
      "exit_code": 1,
      "status": "ReferenceError"
    },
    {
      "program": "//Write a function to check if the given tuples contain the k or not.\nfunction check_K(test_tup, K){\n    if (test_tup.includes(K)){\n        return true;\n    }\n    else{\n        return false;\n    }\n}\nconst assert = require('node:assert');\n\n\nfunction test() {\n  let candidate = check_K;\n  assert.deepEqual(candidate([10, 4, 5, 6, 8], 6),true);\n  assert.deepEqual(candidate([1, 2, 3, 4, 5, 6], 7),false);\n  assert.deepEqual(candidate([7, 8, 9, 44, 11, 12], 11),true);\n}\n\ntest();",
      "timestamp": 1665509864,
      "stdout": "",
      "stderr": "",
      "exit_code": 0,
      "status": "OK"
    },
    {
      "program": "//Write a function to check if the given tuples contain the k or not.\nfunction check_K(test_tup, K){\n    if (test_tup.includes(K)){\n        return true;\n    }\n    else{\n        return false;\n    }\n}\nconst assert = require('node:assert');\n\n\nfunction test() {\n  let candidate = check_K;\n  assert.deepEqual(candidate([10, 4, 5, 6, 8], 6),true);\n  assert.deepEqual(candidate([1, 2, 3, 4, 5, 6], 7),false);\n  assert.deepEqual(candidate([7, 8, 9, 44, 11, 12], 11),true);\n}\n\ntest();",
      "timestamp": 1665509864,
      "stdout": "",
      "stderr": "",
      "exit_code": 0,
      "status": "OK"
    },
    {
      "program": "//Write a function to check if the given tuples contain the k or not.\nfunction check_K(test_tup, K){\n    if (test_tup.includes(K)){\n        return true;\n    }\n    else{\n        return false;\n    }\n}\nconst assert = require('node:assert');\n\n\nfunction test() {\n  let candidate = check_K;\n  assert.deepEqual(candidate([10, 4, 5, 6, 8], 6),true);\n  assert.deepEqual(candidate([1, 2, 3, 4, 5, 6], 7),false);\n  assert.deepEqual(candidate([7, 8, 9, 44, 11, 12], 11),true);\n}\n\ntest();",
      "timestamp": 1665509864,
      "stdout": "",
      "stderr": "",
      "exit_code": 0,
      "status": "OK"
    },
    {
      "program": "//Write a function to check if the given tuples contain the k or not.\nfunction check_K(test_tup, K){\n    if (test_tup[0] == K || test_tup[1] == K || test_tup[2] == K){\n        return true;\n    }\n    else{\n        return false;\n    }\n}\n\nconst assert = require('node:assert');\n\n\nfunction test() {\n  let candidate = check_K;\n  assert.deepEqual(candidate([10, 4, 5, 6, 8], 6),true);\n  assert.deepEqual(candidate([1, 2, 3, 4, 5, 6], 7),false);\n  assert.deepEqual(candidate([7, 8, 9, 44, 11, 12], 11),true);\n}\n\ntest();",
      "timestamp": 1665509864,
      "stdout": "",
      "stderr": "node:assert:124\n  throw new AssertionError(obj);\n  ^\n\nAssertionError [ERR_ASSERTION]: Expected values to be loosely deep-equal:\n\nfalse\n\nshould loosely deep-equal\n\ntrue\n    at test (/tmp/tmpipxe33sc.js:16:10)\n    at Object.<anonymous> (/tmp/tmpipxe33sc.js:21:1)\n    at Module._compile (node:internal/modules/cjs/loader:1120:14)\n    at Module._extensions..js (node:internal/modules/cjs/loader:1174:10)\n    at Module.load (node:internal/modules/cjs/loader:998:32)\n    at Module._load (node:internal/modules/cjs/loader:839:12)\n    at Function.executeUserEntryPoint [as runMain] (node:internal/modules/run_main:81:12)\n    at node:internal/main/run_main_module:17:47 {\n  generatedMessage: true,\n  code: 'ERR_ASSERTION',\n  actual: false,\n  expected: true,\n  operator: 'deepEqual'\n}\n\nNode.js v18.7.0\n",
      "exit_code": 1,
      "status": "AssertionError"
    },
    {
      "program": "//Write a function to check if the given tuples contain the k or not.\nfunction check_K(test_tup, K){\n    if (test_tup[0] == K || test_tup[1] == K || test_tup[2] == K || test_tup[3] == K){\n        return true;\n    }\n    else{\n        return false;\n    }\n}\ncheck_K(test_tup, K);\n\nconst assert = require('node:assert');\n\n\nfunction test() {\n  let candidate = check_K;\n  assert.deepEqual(candidate([10, 4, 5, 6, 8], 6),true);\n  assert.deepEqual(candidate([1, 2, 3, 4, 5, 6], 7),false);\n  assert.deepEqual(candidate([7, 8, 9, 44, 11, 12], 11),true);\n}\n\ntest();",
      "timestamp": 1666124283,
      "stdout": "",
      "stderr": "/tmp/tmpwmeq2ji_.js:10\ncheck_K(test_tup, K);\n        ^\n\nReferenceError: test_tup is not defined\n    at Object.<anonymous> (/tmp/tmpwmeq2ji_.js:10:9)\n    at Module._compile (node:internal/modules/cjs/loader:1120:14)\n    at Module._extensions..js (node:internal/modules/cjs/loader:1174:10)\n    at Module.load (node:internal/modules/cjs/loader:998:32)\n    at Module._load (node:internal/modules/cjs/loader:839:12)\n    at Function.executeUserEntryPoint [as runMain] (node:internal/modules/run_main:81:12)\n    at node:internal/main/run_main_module:17:47\n\nNode.js v18.7.0\n",
      "exit_code": 1,
      "status": "ReferenceError"
    },
    {
      "program": "//Write a function to check if the given tuples contain the k or not.\nfunction check_K(test_tup, K){\n    for(var i=0; i<test_tup.length; i++){\n        if(test_tup[i] == K){\n            return true;\n        }\n    }\n    return false;\n}\nconst assert = require('node:assert');\n\n\nfunction test() {\n  let candidate = check_K;\n  assert.deepEqual(candidate([10, 4, 5, 6, 8], 6),true);\n  assert.deepEqual(candidate([1, 2, 3, 4, 5, 6], 7),false);\n  assert.deepEqual(candidate([7, 8, 9, 44, 11, 12], 11),true);\n}\n\ntest();",
      "timestamp": 1666124283,
      "stdout": "",
      "stderr": "",
      "exit_code": 0,
      "status": "OK"
    },
    {
      "program": "//Write a function to check if the given tuples contain the k or not.\nfunction check_K(test_tup, K){\n    if (test_tup[0] == K || test_tup[1] == K || test_tup[2] == K || test_tup[3] == K){\n        return true;\n    }\n    else{\n        return false;\n    }\n}\n\nconst assert = require('node:assert');\n\n\nfunction test() {\n  let candidate = check_K;\n  assert.deepEqual(candidate([10, 4, 5, 6, 8], 6),true);\n  assert.deepEqual(candidate([1, 2, 3, 4, 5, 6], 7),false);\n  assert.deepEqual(candidate([7, 8, 9, 44, 11, 12], 11),true);\n}\n\ntest();",
      "timestamp": 1666124283,
      "stdout": "",
      "stderr": "node:assert:124\n  throw new AssertionError(obj);\n  ^\n\nAssertionError [ERR_ASSERTION]: Expected values to be loosely deep-equal:\n\nfalse\n\nshould loosely deep-equal\n\ntrue\n    at test (/tmp/tmp7nvwkx3_.js:18:10)\n    at Object.<anonymous> (/tmp/tmp7nvwkx3_.js:21:1)\n    at Module._compile (node:internal/modules/cjs/loader:1120:14)\n    at Module._extensions..js (node:internal/modules/cjs/loader:1174:10)\n    at Module.load (node:internal/modules/cjs/loader:998:32)\n    at Module._load (node:internal/modules/cjs/loader:839:12)\n    at Function.executeUserEntryPoint [as runMain] (node:internal/modules/run_main:81:12)\n    at node:internal/main/run_main_module:17:47 {\n  generatedMessage: true,\n  code: 'ERR_ASSERTION',\n  actual: false,\n  expected: true,\n  operator: 'deepEqual'\n}\n\nNode.js v18.7.0\n",
      "exit_code": 1,
      "status": "AssertionError"
    },
    {
      "program": "//Write a function to check if the given tuples contain the k or not.\nfunction check_K(test_tup, K){\n    if (test_tup.includes(K)){\n        return true;\n    }\n    else{\n        return false;\n    }\n}\ncheck_K(test_tup, K);\n\nconst assert = require('node:assert');\n\n\nfunction test() {\n  let candidate = check_K;\n  assert.deepEqual(candidate([10, 4, 5, 6, 8], 6),true);\n  assert.deepEqual(candidate([1, 2, 3, 4, 5, 6], 7),false);\n  assert.deepEqual(candidate([7, 8, 9, 44, 11, 12], 11),true);\n}\n\ntest();",
      "timestamp": 1666124283,
      "stdout": "",
      "stderr": "/tmp/tmpny8fkqpr.js:10\ncheck_K(test_tup, K);\n        ^\n\nReferenceError: test_tup is not defined\n    at Object.<anonymous> (/tmp/tmpny8fkqpr.js:10:9)\n    at Module._compile (node:internal/modules/cjs/loader:1120:14)\n    at Module._extensions..js (node:internal/modules/cjs/loader:1174:10)\n    at Module.load (node:internal/modules/cjs/loader:998:32)\n    at Module._load (node:internal/modules/cjs/loader:839:12)\n    at Function.executeUserEntryPoint [as runMain] (node:internal/modules/run_main:81:12)\n    at node:internal/main/run_main_module:17:47\n\nNode.js v18.7.0\n",
      "exit_code": 1,
      "status": "ReferenceError"
    },
    {
      "program": "//Write a function to check if the given tuples contain the k or not.\nfunction check_K(test_tup, K){\n    if (test_tup.includes(K)){\n        return true;\n    }\n    else{\n        return false;\n    }\n}\nconst assert = require('node:assert');\n\n\nfunction test() {\n  let candidate = check_K;\n  assert.deepEqual(candidate([10, 4, 5, 6, 8], 6),true);\n  assert.deepEqual(candidate([1, 2, 3, 4, 5, 6], 7),false);\n  assert.deepEqual(candidate([7, 8, 9, 44, 11, 12], 11),true);\n}\n\ntest();",
      "timestamp": 1665509864,
      "stdout": "",
      "stderr": "",
      "exit_code": 0,
      "status": "OK"
    },
    {
      "program": "//Write a function to check if the given tuples contain the k or not.\nfunction check_K(test_tup, K){\n    if (test_tup.includes(K)){\n        return true;\n    }\n    else{\n        return false;\n    }\n}\n\nconst assert = require('node:assert');\n\n\nfunction test() {\n  let candidate = check_K;\n  assert.deepEqual(candidate([10, 4, 5, 6, 8], 6),true);\n  assert.deepEqual(candidate([1, 2, 3, 4, 5, 6], 7),false);\n  assert.deepEqual(candidate([7, 8, 9, 44, 11, 12], 11),true);\n}\n\ntest();",
      "timestamp": 1665509864,
      "stdout": "",
      "stderr": "",
      "exit_code": 0,
      "status": "OK"
    },
    {
      "program": "//Write a function to check if the given tuples contain the k or not.\nfunction check_K(test_tup, K){\n    return test_tup.includes(K);\n}\nconst assert = require('node:assert');\n\n\nfunction test() {\n  let candidate = check_K;\n  assert.deepEqual(candidate([10, 4, 5, 6, 8], 6),true);\n  assert.deepEqual(candidate([1, 2, 3, 4, 5, 6], 7),false);\n  assert.deepEqual(candidate([7, 8, 9, 44, 11, 12], 11),true);\n}\n\ntest();",
      "timestamp": 1666124283,
      "stdout": "",
      "stderr": "",
      "exit_code": 0,
      "status": "OK"
    },
    {
      "program": "//Write a function to check if the given tuples contain the k or not.\nfunction check_K(test_tup, K){\n    if (test_tup.includes(K)){\n        return true;\n    }\n    else{\n        return false;\n    }\n}\nconst assert = require('node:assert');\n\n\nfunction test() {\n  let candidate = check_K;\n  assert.deepEqual(candidate([10, 4, 5, 6, 8], 6),true);\n  assert.deepEqual(candidate([1, 2, 3, 4, 5, 6], 7),false);\n  assert.deepEqual(candidate([7, 8, 9, 44, 11, 12], 11),true);\n}\n\ntest();",
      "timestamp": 1665509864,
      "stdout": "",
      "stderr": "",
      "exit_code": 0,
      "status": "OK"
    },
    {
      "program": "//Write a function to check if the given tuples contain the k or not.\nfunction check_K(test_tup, K){\n    if (test_tup.includes(K)){\n        return true;\n    }\n    else{\n        return false;\n    }\n}\nconst assert = require('node:assert');\n\n\nfunction test() {\n  let candidate = check_K;\n  assert.deepEqual(candidate([10, 4, 5, 6, 8], 6),true);\n  assert.deepEqual(candidate([1, 2, 3, 4, 5, 6], 7),false);\n  assert.deepEqual(candidate([7, 8, 9, 44, 11, 12], 11),true);\n}\n\ntest();",
      "timestamp": 1665509864,
      "stdout": "",
      "stderr": "",
      "exit_code": 0,
      "status": "OK"
    },
    {
      "program": "//Write a function to check if the given tuples contain the k or not.\nfunction check_K(test_tup, K){\n    if (test_tup.includes(K))\n        return true;\n    else\n        return false;\n}\nconst assert = require('node:assert');\n\n\nfunction test() {\n  let candidate = check_K;\n  assert.deepEqual(candidate([10, 4, 5, 6, 8], 6),true);\n  assert.deepEqual(candidate([1, 2, 3, 4, 5, 6], 7),false);\n  assert.deepEqual(candidate([7, 8, 9, 44, 11, 12], 11),true);\n}\n\ntest();",
      "timestamp": 1666124283,
      "stdout": "",
      "stderr": "",
      "exit_code": 0,
      "status": "OK"
    },
    {
      "program": "//Write a function to check if the given tuples contain the k or not.\nfunction check_K(test_tup, K){\n    if (test_tup.includes(K)){\n        return true;\n    }\n    else{\n        return false;\n    }\n}\nconst assert = require('node:assert');\n\n\nfunction test() {\n  let candidate = check_K;\n  assert.deepEqual(candidate([10, 4, 5, 6, 8], 6),true);\n  assert.deepEqual(candidate([1, 2, 3, 4, 5, 6], 7),false);\n  assert.deepEqual(candidate([7, 8, 9, 44, 11, 12], 11),true);\n}\n\ntest();",
      "timestamp": 1665509864,
      "stdout": "",
      "stderr": "",
      "exit_code": 0,
      "status": "OK"
    },
    {
      "program": "//Write a function to check if the given tuples contain the k or not.\nfunction check_K(test_tup, K){\n    if (test_tup.includes(K)){\n        return true;\n    }\n    else{\n        return false;\n    }\n}\nconst assert = require('node:assert');\n\n\nfunction test() {\n  let candidate = check_K;\n  assert.deepEqual(candidate([10, 4, 5, 6, 8], 6),true);\n  assert.deepEqual(candidate([1, 2, 3, 4, 5, 6], 7),false);\n  assert.deepEqual(candidate([7, 8, 9, 44, 11, 12], 11),true);\n}\n\ntest();",
      "timestamp": 1665509864,
      "stdout": "",
      "stderr": "",
      "exit_code": 0,
      "status": "OK"
    },
    {
      "program": "//Write a function to check if the given tuples contain the k or not.\nfunction check_K(test_tup, K){\n    if (test_tup[0] == K || test_tup[1] == K || test_tup[2] == K){\n        return true;\n    }\n    else{\n        return false;\n    }\n}\nconst assert = require('node:assert');\n\n\nfunction test() {\n  let candidate = check_K;\n  assert.deepEqual(candidate([10, 4, 5, 6, 8], 6),true);\n  assert.deepEqual(candidate([1, 2, 3, 4, 5, 6], 7),false);\n  assert.deepEqual(candidate([7, 8, 9, 44, 11, 12], 11),true);\n}\n\ntest();",
      "timestamp": 1666124283,
      "stdout": "",
      "stderr": "node:assert:124\n  throw new AssertionError(obj);\n  ^\n\nAssertionError [ERR_ASSERTION]: Expected values to be loosely deep-equal:\n\nfalse\n\nshould loosely deep-equal\n\ntrue\n    at test (/tmp/tmp03xre7q6.js:15:10)\n    at Object.<anonymous> (/tmp/tmp03xre7q6.js:20:1)\n    at Module._compile (node:internal/modules/cjs/loader:1120:14)\n    at Module._extensions..js (node:internal/modules/cjs/loader:1174:10)\n    at Module.load (node:internal/modules/cjs/loader:998:32)\n    at Module._load (node:internal/modules/cjs/loader:839:12)\n    at Function.executeUserEntryPoint [as runMain] (node:internal/modules/run_main:81:12)\n    at node:internal/main/run_main_module:17:47 {\n  generatedMessage: true,\n  code: 'ERR_ASSERTION',\n  actual: false,\n  expected: true,\n  operator: 'deepEqual'\n}\n\nNode.js v18.7.0\n",
      "exit_code": 1,
      "status": "AssertionError"
    },
    {
      "program": "//Write a function to check if the given tuples contain the k or not.\nfunction check_K(test_tup, K){\n    if (test_tup[0] == K || test_tup[1] == K || test_tup[2] == K){\n        return true;\n    }\n    else{\n        return false;\n    }\n}\n\nconst assert = require('node:assert');\n\n\nfunction test() {\n  let candidate = check_K;\n  assert.deepEqual(candidate([10, 4, 5, 6, 8], 6),true);\n  assert.deepEqual(candidate([1, 2, 3, 4, 5, 6], 7),false);\n  assert.deepEqual(candidate([7, 8, 9, 44, 11, 12], 11),true);\n}\n\ntest();",
      "timestamp": 1665509864,
      "stdout": "",
      "stderr": "node:assert:124\n  throw new AssertionError(obj);\n  ^\n\nAssertionError [ERR_ASSERTION]: Expected values to be loosely deep-equal:\n\nfalse\n\nshould loosely deep-equal\n\ntrue\n    at test (/tmp/tmpipxe33sc.js:16:10)\n    at Object.<anonymous> (/tmp/tmpipxe33sc.js:21:1)\n    at Module._compile (node:internal/modules/cjs/loader:1120:14)\n    at Module._extensions..js (node:internal/modules/cjs/loader:1174:10)\n    at Module.load (node:internal/modules/cjs/loader:998:32)\n    at Module._load (node:internal/modules/cjs/loader:839:12)\n    at Function.executeUserEntryPoint [as runMain] (node:internal/modules/run_main:81:12)\n    at node:internal/main/run_main_module:17:47 {\n  generatedMessage: true,\n  code: 'ERR_ASSERTION',\n  actual: false,\n  expected: true,\n  operator: 'deepEqual'\n}\n\nNode.js v18.7.0\n",
      "exit_code": 1,
      "status": "AssertionError"
    },
    {
      "program": "//Write a function to check if the given tuples contain the k or not.\nfunction check_K(test_tup, K){\n    if (test_tup[0] == K || test_tup[1] == K || test_tup[2] == K){\n        return true;\n    }\n    else{\n        return false;\n    }\n}\nconst assert = require('node:assert');\n\n\nfunction test() {\n  let candidate = check_K;\n  assert.deepEqual(candidate([10, 4, 5, 6, 8], 6),true);\n  assert.deepEqual(candidate([1, 2, 3, 4, 5, 6], 7),false);\n  assert.deepEqual(candidate([7, 8, 9, 44, 11, 12], 11),true);\n}\n\ntest();",
      "timestamp": 1666124283,
      "stdout": "",
      "stderr": "node:assert:124\n  throw new AssertionError(obj);\n  ^\n\nAssertionError [ERR_ASSERTION]: Expected values to be loosely deep-equal:\n\nfalse\n\nshould loosely deep-equal\n\ntrue\n    at test (/tmp/tmp03xre7q6.js:15:10)\n    at Object.<anonymous> (/tmp/tmp03xre7q6.js:20:1)\n    at Module._compile (node:internal/modules/cjs/loader:1120:14)\n    at Module._extensions..js (node:internal/modules/cjs/loader:1174:10)\n    at Module.load (node:internal/modules/cjs/loader:998:32)\n    at Module._load (node:internal/modules/cjs/loader:839:12)\n    at Function.executeUserEntryPoint [as runMain] (node:internal/modules/run_main:81:12)\n    at node:internal/main/run_main_module:17:47 {\n  generatedMessage: true,\n  code: 'ERR_ASSERTION',\n  actual: false,\n  expected: true,\n  operator: 'deepEqual'\n}\n\nNode.js v18.7.0\n",
      "exit_code": 1,
      "status": "AssertionError"
    },
    {
      "program": "//Write a function to check if the given tuples contain the k or not.\nfunction check_K(test_tup, K){\n    if (test_tup.includes(K)){\n        return true;\n    }\n    else{\n        return false;\n    }\n}\nconst assert = require('node:assert');\n\n\nfunction test() {\n  let candidate = check_K;\n  assert.deepEqual(candidate([10, 4, 5, 6, 8], 6),true);\n  assert.deepEqual(candidate([1, 2, 3, 4, 5, 6], 7),false);\n  assert.deepEqual(candidate([7, 8, 9, 44, 11, 12], 11),true);\n}\n\ntest();",
      "timestamp": 1665509864,
      "stdout": "",
      "stderr": "",
      "exit_code": 0,
      "status": "OK"
    },
    {
      "program": "//Write a function to check if the given tuples contain the k or not.\nfunction check_K(test_tup, K){\n    if (test_tup.includes(K)){\n        console.log(true);\n    }\n    else{\n        console.log(false);\n    }\n}\ncheck_K(test_tup, K);\n\nconst assert = require('node:assert');\n\n\nfunction test() {\n  let candidate = check_K;\n  assert.deepEqual(candidate([10, 4, 5, 6, 8], 6),true);\n  assert.deepEqual(candidate([1, 2, 3, 4, 5, 6], 7),false);\n  assert.deepEqual(candidate([7, 8, 9, 44, 11, 12], 11),true);\n}\n\ntest();",
      "timestamp": 1665509864,
      "stdout": "",
      "stderr": "/tmp/tmp8ch6qntx.js:10\ncheck_K(test_tup, K);\n        ^\n\nReferenceError: test_tup is not defined\n    at Object.<anonymous> (/tmp/tmp8ch6qntx.js:10:9)\n    at Module._compile (node:internal/modules/cjs/loader:1120:14)\n    at Module._extensions..js (node:internal/modules/cjs/loader:1174:10)\n    at Module.load (node:internal/modules/cjs/loader:998:32)\n    at Module._load (node:internal/modules/cjs/loader:839:12)\n    at Function.executeUserEntryPoint [as runMain] (node:internal/modules/run_main:81:12)\n    at node:internal/main/run_main_module:17:47\n\nNode.js v18.7.0\n",
      "exit_code": 1,
      "status": "ReferenceError"
    },
    {
      "program": "//Write a function to check if the given tuples contain the k or not.\nfunction check_K(test_tup, K){\n    if (test_tup[0] == K || test_tup[1] == K || test_tup[2] == K || test_tup[3] == K){\n        return true;\n    }\n    else{\n        return false;\n    }\n}\ncheck_K(test_tup, K);\n\nconst assert = require('node:assert');\n\n\nfunction test() {\n  let candidate = check_K;\n  assert.deepEqual(candidate([10, 4, 5, 6, 8], 6),true);\n  assert.deepEqual(candidate([1, 2, 3, 4, 5, 6], 7),false);\n  assert.deepEqual(candidate([7, 8, 9, 44, 11, 12], 11),true);\n}\n\ntest();",
      "timestamp": 1666124283,
      "stdout": "",
      "stderr": "/tmp/tmpwmeq2ji_.js:10\ncheck_K(test_tup, K);\n        ^\n\nReferenceError: test_tup is not defined\n    at Object.<anonymous> (/tmp/tmpwmeq2ji_.js:10:9)\n    at Module._compile (node:internal/modules/cjs/loader:1120:14)\n    at Module._extensions..js (node:internal/modules/cjs/loader:1174:10)\n    at Module.load (node:internal/modules/cjs/loader:998:32)\n    at Module._load (node:internal/modules/cjs/loader:839:12)\n    at Function.executeUserEntryPoint [as runMain] (node:internal/modules/run_main:81:12)\n    at node:internal/main/run_main_module:17:47\n\nNode.js v18.7.0\n",
      "exit_code": 1,
      "status": "ReferenceError"
    },
    {
      "program": "//Write a function to check if the given tuples contain the k or not.\nfunction check_K(test_tup, K){\n    if (test_tup.includes(K)){\n        return true;\n    }\n    else{\n        return false;\n    }\n}\nconst assert = require('node:assert');\n\n\nfunction test() {\n  let candidate = check_K;\n  assert.deepEqual(candidate([10, 4, 5, 6, 8], 6),true);\n  assert.deepEqual(candidate([1, 2, 3, 4, 5, 6], 7),false);\n  assert.deepEqual(candidate([7, 8, 9, 44, 11, 12], 11),true);\n}\n\ntest();",
      "timestamp": 1665509864,
      "stdout": "",
      "stderr": "",
      "exit_code": 0,
      "status": "OK"
    },
    {
      "program": "//Write a function to check if the given tuples contain the k or not.\nfunction check_K(test_tup, K){\n    if (test_tup.includes(K)){\n        return true;\n    }\n    else{\n        return false;\n    }\n}\nconst assert = require('node:assert');\n\n\nfunction test() {\n  let candidate = check_K;\n  assert.deepEqual(candidate([10, 4, 5, 6, 8], 6),true);\n  assert.deepEqual(candidate([1, 2, 3, 4, 5, 6], 7),false);\n  assert.deepEqual(candidate([7, 8, 9, 44, 11, 12], 11),true);\n}\n\ntest();",
      "timestamp": 1665509864,
      "stdout": "",
      "stderr": "",
      "exit_code": 0,
      "status": "OK"
    },
    {
      "program": "//Write a function to check if the given tuples contain the k or not.\nfunction check_K(test_tup, K){\n    if (test_tup.includes(K)){\n        return true;\n    }\n    else{\n        return false;\n    }\n}\nconst assert = require('node:assert');\n\n\nfunction test() {\n  let candidate = check_K;\n  assert.deepEqual(candidate([10, 4, 5, 6, 8], 6),true);\n  assert.deepEqual(candidate([1, 2, 3, 4, 5, 6], 7),false);\n  assert.deepEqual(candidate([7, 8, 9, 44, 11, 12], 11),true);\n}\n\ntest();",
      "timestamp": 1665509864,
      "stdout": "",
      "stderr": "",
      "exit_code": 0,
      "status": "OK"
    },
    {
      "program": "//Write a function to check if the given tuples contain the k or not.\nfunction check_K(test_tup, K){\n    if (test_tup[0] == K || test_tup[1] == K || test_tup[2] == K){\n        return true;\n    }\n    else{\n        return false;\n    }\n}\n\nconst assert = require('node:assert');\n\n\nfunction test() {\n  let candidate = check_K;\n  assert.deepEqual(candidate([10, 4, 5, 6, 8], 6),true);\n  assert.deepEqual(candidate([1, 2, 3, 4, 5, 6], 7),false);\n  assert.deepEqual(candidate([7, 8, 9, 44, 11, 12], 11),true);\n}\n\ntest();",
      "timestamp": 1665509864,
      "stdout": "",
      "stderr": "node:assert:124\n  throw new AssertionError(obj);\n  ^\n\nAssertionError [ERR_ASSERTION]: Expected values to be loosely deep-equal:\n\nfalse\n\nshould loosely deep-equal\n\ntrue\n    at test (/tmp/tmpipxe33sc.js:16:10)\n    at Object.<anonymous> (/tmp/tmpipxe33sc.js:21:1)\n    at Module._compile (node:internal/modules/cjs/loader:1120:14)\n    at Module._extensions..js (node:internal/modules/cjs/loader:1174:10)\n    at Module.load (node:internal/modules/cjs/loader:998:32)\n    at Module._load (node:internal/modules/cjs/loader:839:12)\n    at Function.executeUserEntryPoint [as runMain] (node:internal/modules/run_main:81:12)\n    at node:internal/main/run_main_module:17:47 {\n  generatedMessage: true,\n  code: 'ERR_ASSERTION',\n  actual: false,\n  expected: true,\n  operator: 'deepEqual'\n}\n\nNode.js v18.7.0\n",
      "exit_code": 1,
      "status": "AssertionError"
    },
    {
      "program": "//Write a function to check if the given tuples contain the k or not.\nfunction check_K(test_tup, K){\n    if (test_tup.includes(K)){\n        return true;\n    }\n    else{\n        return false;\n    }\n}\nconst assert = require('node:assert');\n\n\nfunction test() {\n  let candidate = check_K;\n  assert.deepEqual(candidate([10, 4, 5, 6, 8], 6),true);\n  assert.deepEqual(candidate([1, 2, 3, 4, 5, 6], 7),false);\n  assert.deepEqual(candidate([7, 8, 9, 44, 11, 12], 11),true);\n}\n\ntest();",
      "timestamp": 1665509864,
      "stdout": "",
      "stderr": "",
      "exit_code": 0,
      "status": "OK"
    },
    {
      "program": "//Write a function to check if the given tuples contain the k or not.\nfunction check_K(test_tup, K){\n    if (test_tup.includes(K)){\n        return true;\n    }\n    else{\n        return false;\n    }\n}\n\nconst assert = require('node:assert');\n\n\nfunction test() {\n  let candidate = check_K;\n  assert.deepEqual(candidate([10, 4, 5, 6, 8], 6),true);\n  assert.deepEqual(candidate([1, 2, 3, 4, 5, 6], 7),false);\n  assert.deepEqual(candidate([7, 8, 9, 44, 11, 12], 11),true);\n}\n\ntest();",
      "timestamp": 1665509864,
      "stdout": "",
      "stderr": "",
      "exit_code": 0,
      "status": "OK"
    },
    {
      "program": "//Write a function to check if the given tuples contain the k or not.\nfunction check_K(test_tup, K){\n    if (test_tup.includes(K)){\n        return true;\n    }\n    else{\n        return false;\n    }\n}\nconst assert = require('node:assert');\n\n\nfunction test() {\n  let candidate = check_K;\n  assert.deepEqual(candidate([10, 4, 5, 6, 8], 6),true);\n  assert.deepEqual(candidate([1, 2, 3, 4, 5, 6], 7),false);\n  assert.deepEqual(candidate([7, 8, 9, 44, 11, 12], 11),true);\n}\n\ntest();",
      "timestamp": 1665509864,
      "stdout": "",
      "stderr": "",
      "exit_code": 0,
      "status": "OK"
    },
    {
      "program": "//Write a function to check if the given tuples contain the k or not.\nfunction check_K(test_tup, K){\n    if (test_tup.includes(K)){\n        return true;\n    }\n    else{\n        return false;\n    }\n}\nconst assert = require('node:assert');\n\n\nfunction test() {\n  let candidate = check_K;\n  assert.deepEqual(candidate([10, 4, 5, 6, 8], 6),true);\n  assert.deepEqual(candidate([1, 2, 3, 4, 5, 6], 7),false);\n  assert.deepEqual(candidate([7, 8, 9, 44, 11, 12], 11),true);\n}\n\ntest();",
      "timestamp": 1665509864,
      "stdout": "",
      "stderr": "",
      "exit_code": 0,
      "status": "OK"
    },
    {
      "program": "//Write a function to check if the given tuples contain the k or not.\nfunction check_K(test_tup, K){\n    if (test_tup.includes(K)){\n        return true;\n    }\n    else{\n        return false;\n    }\n}\nconst assert = require('node:assert');\n\n\nfunction test() {\n  let candidate = check_K;\n  assert.deepEqual(candidate([10, 4, 5, 6, 8], 6),true);\n  assert.deepEqual(candidate([1, 2, 3, 4, 5, 6], 7),false);\n  assert.deepEqual(candidate([7, 8, 9, 44, 11, 12], 11),true);\n}\n\ntest();",
      "timestamp": 1665509864,
      "stdout": "",
      "stderr": "",
      "exit_code": 0,
      "status": "OK"
    },
    {
      "program": "//Write a function to check if the given tuples contain the k or not.\nfunction check_K(test_tup, K){\n    var flag = false;\n    for (var i = 0; i < test_tup.length; i++) {\n        if (test_tup[i] == K) {\n            flag = true;\n            break;\n        }\n    }\n    return flag;\n}\nconst assert = require('node:assert');\n\n\nfunction test() {\n  let candidate = check_K;\n  assert.deepEqual(candidate([10, 4, 5, 6, 8], 6),true);\n  assert.deepEqual(candidate([1, 2, 3, 4, 5, 6], 7),false);\n  assert.deepEqual(candidate([7, 8, 9, 44, 11, 12], 11),true);\n}\n\ntest();",
      "timestamp": 1666124283,
      "stdout": "",
      "stderr": "",
      "exit_code": 0,
      "status": "OK"
    },
    {
      "program": "//Write a function to check if the given tuples contain the k or not.\nfunction check_K(test_tup, K){\n    var flag = false;\n    for(var i = 0; i < test_tup.length; i++){\n        if(test_tup[i] == K){\n            flag = true;\n            break;\n        }\n    }\n    return flag;\n}\n\nconst assert = require('node:assert');\n\n\nfunction test() {\n  let candidate = check_K;\n  assert.deepEqual(candidate([10, 4, 5, 6, 8], 6),true);\n  assert.deepEqual(candidate([1, 2, 3, 4, 5, 6], 7),false);\n  assert.deepEqual(candidate([7, 8, 9, 44, 11, 12], 11),true);\n}\n\ntest();",
      "timestamp": 1666124283,
      "stdout": "",
      "stderr": "",
      "exit_code": 0,
      "status": "OK"
    },
    {
      "program": "//Write a function to check if the given tuples contain the k or not.\nfunction check_K(test_tup, K){\n    if (test_tup[0] == K || test_tup[1] == K || test_tup[2] == K) {\n        return true;\n    }\n    else {\n        return false;\n    }\n}\n\nconst assert = require('node:assert');\n\n\nfunction test() {\n  let candidate = check_K;\n  assert.deepEqual(candidate([10, 4, 5, 6, 8], 6),true);\n  assert.deepEqual(candidate([1, 2, 3, 4, 5, 6], 7),false);\n  assert.deepEqual(candidate([7, 8, 9, 44, 11, 12], 11),true);\n}\n\ntest();",
      "timestamp": 1666124283,
      "stdout": "",
      "stderr": "node:assert:124\n  throw new AssertionError(obj);\n  ^\n\nAssertionError [ERR_ASSERTION]: Expected values to be loosely deep-equal:\n\nfalse\n\nshould loosely deep-equal\n\ntrue\n    at test (/tmp/tmpjie29hl7.js:16:10)\n    at Object.<anonymous> (/tmp/tmpjie29hl7.js:21:1)\n    at Module._compile (node:internal/modules/cjs/loader:1120:14)\n    at Module._extensions..js (node:internal/modules/cjs/loader:1174:10)\n    at Module.load (node:internal/modules/cjs/loader:998:32)\n    at Module._load (node:internal/modules/cjs/loader:839:12)\n    at Function.executeUserEntryPoint [as runMain] (node:internal/modules/run_main:81:12)\n    at node:internal/main/run_main_module:17:47 {\n  generatedMessage: true,\n  code: 'ERR_ASSERTION',\n  actual: false,\n  expected: true,\n  operator: 'deepEqual'\n}\n\nNode.js v18.7.0\n",
      "exit_code": 1,
      "status": "AssertionError"
    },
    {
      "program": "//Write a function to check if the given tuples contain the k or not.\nfunction check_K(test_tup, K){\n    if (test_tup.includes(K)){\n        return true;\n    }\n    else{\n        return false;\n    }\n}\nconst assert = require('node:assert');\n\n\nfunction test() {\n  let candidate = check_K;\n  assert.deepEqual(candidate([10, 4, 5, 6, 8], 6),true);\n  assert.deepEqual(candidate([1, 2, 3, 4, 5, 6], 7),false);\n  assert.deepEqual(candidate([7, 8, 9, 44, 11, 12], 11),true);\n}\n\ntest();",
      "timestamp": 1665509864,
      "stdout": "",
      "stderr": "",
      "exit_code": 0,
      "status": "OK"
    },
    {
      "program": "//Write a function to check if the given tuples contain the k or not.\nfunction check_K(test_tup, K){\n    for(let i=0; i<test_tup.length; i++){\n        if(test_tup[i] == K){\n            return true;\n        }\n    }\n    return false;\n}\n\nconst assert = require('node:assert');\n\n\nfunction test() {\n  let candidate = check_K;\n  assert.deepEqual(candidate([10, 4, 5, 6, 8], 6),true);\n  assert.deepEqual(candidate([1, 2, 3, 4, 5, 6], 7),false);\n  assert.deepEqual(candidate([7, 8, 9, 44, 11, 12], 11),true);\n}\n\ntest();",
      "timestamp": 1666124283,
      "stdout": "",
      "stderr": "",
      "exit_code": 0,
      "status": "OK"
    },
    {
      "program": "//Write a function to check if the given tuples contain the k or not.\nfunction check_K(test_tup, K){\n    var flag = false;\n    for(var i=0; i<test_tup.length; i++){\n        if(test_tup[i] == K){\n            flag = true;\n            break;\n        }\n    }\n    return flag;\n}\n\nvar test_tup = [1, 2, 3, 4, 5];\nvar K = 6;\nconst assert = require('node:assert');\n\n\nfunction test() {\n  let candidate = check_K;\n  assert.deepEqual(candidate([10, 4, 5, 6, 8], 6),true);\n  assert.deepEqual(candidate([1, 2, 3, 4, 5, 6], 7),false);\n  assert.deepEqual(candidate([7, 8, 9, 44, 11, 12], 11),true);\n}\n\ntest();",
      "timestamp": 1666124283,
      "stdout": "",
      "stderr": "",
      "exit_code": 0,
      "status": "OK"
    },
    {
      "program": "//Write a function to check if the given tuples contain the k or not.\nfunction check_K(test_tup, K){\n    if (test_tup.includes(K)){\n        console.log(true);\n    }\n    else{\n        console.log(false);\n    }\n}\ncheck_K(test_tup, K);\n\nconst assert = require('node:assert');\n\n\nfunction test() {\n  let candidate = check_K;\n  assert.deepEqual(candidate([10, 4, 5, 6, 8], 6),true);\n  assert.deepEqual(candidate([1, 2, 3, 4, 5, 6], 7),false);\n  assert.deepEqual(candidate([7, 8, 9, 44, 11, 12], 11),true);\n}\n\ntest();",
      "timestamp": 1665509864,
      "stdout": "",
      "stderr": "/tmp/tmp8ch6qntx.js:10\ncheck_K(test_tup, K);\n        ^\n\nReferenceError: test_tup is not defined\n    at Object.<anonymous> (/tmp/tmp8ch6qntx.js:10:9)\n    at Module._compile (node:internal/modules/cjs/loader:1120:14)\n    at Module._extensions..js (node:internal/modules/cjs/loader:1174:10)\n    at Module.load (node:internal/modules/cjs/loader:998:32)\n    at Module._load (node:internal/modules/cjs/loader:839:12)\n    at Function.executeUserEntryPoint [as runMain] (node:internal/modules/run_main:81:12)\n    at node:internal/main/run_main_module:17:47\n\nNode.js v18.7.0\n",
      "exit_code": 1,
      "status": "ReferenceError"
    },
    {
      "program": "//Write a function to check if the given tuples contain the k or not.\nfunction check_K(test_tup, K){\n    var flag = false;\n    for(var i=0; i<test_tup.length; i++){\n        if(test_tup[i] == K){\n            flag = true;\n            break;\n        }\n    }\n    return flag;\n}\nconst assert = require('node:assert');\n\n\nfunction test() {\n  let candidate = check_K;\n  assert.deepEqual(candidate([10, 4, 5, 6, 8], 6),true);\n  assert.deepEqual(candidate([1, 2, 3, 4, 5, 6], 7),false);\n  assert.deepEqual(candidate([7, 8, 9, 44, 11, 12], 11),true);\n}\n\ntest();",
      "timestamp": 1666124283,
      "stdout": "",
      "stderr": "",
      "exit_code": 0,
      "status": "OK"
    },
    {
      "program": "//Write a function to check if the given tuples contain the k or not.\nfunction check_K(test_tup, K){\n    if (test_tup.includes(K)){\n        return true;\n    }\n    else{\n        return false;\n    }\n}\nconst assert = require('node:assert');\n\n\nfunction test() {\n  let candidate = check_K;\n  assert.deepEqual(candidate([10, 4, 5, 6, 8], 6),true);\n  assert.deepEqual(candidate([1, 2, 3, 4, 5, 6], 7),false);\n  assert.deepEqual(candidate([7, 8, 9, 44, 11, 12], 11),true);\n}\n\ntest();",
      "timestamp": 1665509864,
      "stdout": "",
      "stderr": "",
      "exit_code": 0,
      "status": "OK"
    },
    {
      "program": "//Write a function to check if the given tuples contain the k or not.\nfunction check_K(test_tup, K){\n    var flag = false;\n    for(var i = 0; i < test_tup.length; i++){\n        if(test_tup[i] == K){\n            flag = true;\n            break;\n        }\n    }\n    return flag;\n}\nconst assert = require('node:assert');\n\n\nfunction test() {\n  let candidate = check_K;\n  assert.deepEqual(candidate([10, 4, 5, 6, 8], 6),true);\n  assert.deepEqual(candidate([1, 2, 3, 4, 5, 6], 7),false);\n  assert.deepEqual(candidate([7, 8, 9, 44, 11, 12], 11),true);\n}\n\ntest();",
      "timestamp": 1666124283,
      "stdout": "",
      "stderr": "",
      "exit_code": 0,
      "status": "OK"
    },
    {
      "program": "//Write a function to check if the given tuples contain the k or not.\nfunction check_K(test_tup, K){\n    if (test_tup.includes(K)){\n        return true;\n    }\n    else{\n        return false;\n    }\n}\nconst assert = require('node:assert');\n\n\nfunction test() {\n  let candidate = check_K;\n  assert.deepEqual(candidate([10, 4, 5, 6, 8], 6),true);\n  assert.deepEqual(candidate([1, 2, 3, 4, 5, 6], 7),false);\n  assert.deepEqual(candidate([7, 8, 9, 44, 11, 12], 11),true);\n}\n\ntest();",
      "timestamp": 1665509864,
      "stdout": "",
      "stderr": "",
      "exit_code": 0,
      "status": "OK"
    },
    {
      "program": "//Write a function to check if the given tuples contain the k or not.\nfunction check_K(test_tup, K){\n    var flag = false;\n    for (var i = 0; i < test_tup.length; i++) {\n        if (test_tup[i] == K) {\n            flag = true;\n            break;\n        }\n    }\n    return flag;\n}\nconst assert = require('node:assert');\n\n\nfunction test() {\n  let candidate = check_K;\n  assert.deepEqual(candidate([10, 4, 5, 6, 8], 6),true);\n  assert.deepEqual(candidate([1, 2, 3, 4, 5, 6], 7),false);\n  assert.deepEqual(candidate([7, 8, 9, 44, 11, 12], 11),true);\n}\n\ntest();",
      "timestamp": 1666124283,
      "stdout": "",
      "stderr": "",
      "exit_code": 0,
      "status": "OK"
    },
    {
      "program": "//Write a function to check if the given tuples contain the k or not.\nfunction check_K(test_tup, K){\n    if (test_tup.indexOf(K) == -1){\n        return false;\n    }\n    else{\n        return true;\n    }\n}\nconst assert = require('node:assert');\n\n\nfunction test() {\n  let candidate = check_K;\n  assert.deepEqual(candidate([10, 4, 5, 6, 8], 6),true);\n  assert.deepEqual(candidate([1, 2, 3, 4, 5, 6], 7),false);\n  assert.deepEqual(candidate([7, 8, 9, 44, 11, 12], 11),true);\n}\n\ntest();",
      "timestamp": 1666124283,
      "stdout": "",
      "stderr": "",
      "exit_code": 0,
      "status": "OK"
    },
    {
      "program": "//Write a function to check if the given tuples contain the k or not.\nfunction check_K(test_tup, K){\n    if (test_tup[0] == K || test_tup[1] == K || test_tup[2] == K){\n        return true;\n    }\n    else{\n        return false;\n    }\n}\nconst assert = require('node:assert');\n\n\nfunction test() {\n  let candidate = check_K;\n  assert.deepEqual(candidate([10, 4, 5, 6, 8], 6),true);\n  assert.deepEqual(candidate([1, 2, 3, 4, 5, 6], 7),false);\n  assert.deepEqual(candidate([7, 8, 9, 44, 11, 12], 11),true);\n}\n\ntest();",
      "timestamp": 1666124283,
      "stdout": "",
      "stderr": "node:assert:124\n  throw new AssertionError(obj);\n  ^\n\nAssertionError [ERR_ASSERTION]: Expected values to be loosely deep-equal:\n\nfalse\n\nshould loosely deep-equal\n\ntrue\n    at test (/tmp/tmp03xre7q6.js:15:10)\n    at Object.<anonymous> (/tmp/tmp03xre7q6.js:20:1)\n    at Module._compile (node:internal/modules/cjs/loader:1120:14)\n    at Module._extensions..js (node:internal/modules/cjs/loader:1174:10)\n    at Module.load (node:internal/modules/cjs/loader:998:32)\n    at Module._load (node:internal/modules/cjs/loader:839:12)\n    at Function.executeUserEntryPoint [as runMain] (node:internal/modules/run_main:81:12)\n    at node:internal/main/run_main_module:17:47 {\n  generatedMessage: true,\n  code: 'ERR_ASSERTION',\n  actual: false,\n  expected: true,\n  operator: 'deepEqual'\n}\n\nNode.js v18.7.0\n",
      "exit_code": 1,
      "status": "AssertionError"
    },
    {
      "program": "//Write a function to check if the given tuples contain the k or not.\nfunction check_K(test_tup, K){\n    if (test_tup[0] == K || test_tup[1] == K || test_tup[2] == K || test_tup[3] == K){\n        return true;\n    }\n    else{\n        return false;\n    }\n}\ncheck_K(test_tup, K);\n\nconst assert = require('node:assert');\n\n\nfunction test() {\n  let candidate = check_K;\n  assert.deepEqual(candidate([10, 4, 5, 6, 8], 6),true);\n  assert.deepEqual(candidate([1, 2, 3, 4, 5, 6], 7),false);\n  assert.deepEqual(candidate([7, 8, 9, 44, 11, 12], 11),true);\n}\n\ntest();",
      "timestamp": 1666124283,
      "stdout": "",
      "stderr": "/tmp/tmpwmeq2ji_.js:10\ncheck_K(test_tup, K);\n        ^\n\nReferenceError: test_tup is not defined\n    at Object.<anonymous> (/tmp/tmpwmeq2ji_.js:10:9)\n    at Module._compile (node:internal/modules/cjs/loader:1120:14)\n    at Module._extensions..js (node:internal/modules/cjs/loader:1174:10)\n    at Module.load (node:internal/modules/cjs/loader:998:32)\n    at Module._load (node:internal/modules/cjs/loader:839:12)\n    at Function.executeUserEntryPoint [as runMain] (node:internal/modules/run_main:81:12)\n    at node:internal/main/run_main_module:17:47\n\nNode.js v18.7.0\n",
      "exit_code": 1,
      "status": "ReferenceError"
    },
    {
      "program": "//Write a function to check if the given tuples contain the k or not.\nfunction check_K(test_tup, K){\n    var flag = false;\n    for (var i = 0; i < test_tup.length; i++){\n        if (test_tup[i] == K){\n            flag = true;\n            break;\n        }\n    }\n    return flag;\n}\nconst assert = require('node:assert');\n\n\nfunction test() {\n  let candidate = check_K;\n  assert.deepEqual(candidate([10, 4, 5, 6, 8], 6),true);\n  assert.deepEqual(candidate([1, 2, 3, 4, 5, 6], 7),false);\n  assert.deepEqual(candidate([7, 8, 9, 44, 11, 12], 11),true);\n}\n\ntest();",
      "timestamp": 1665509864,
      "stdout": "",
      "stderr": "",
      "exit_code": 0,
      "status": "OK"
    },
    {
      "program": "//Write a function to check if the given tuples contain the k or not.\nfunction check_K(test_tup, K){\n    if (test_tup.includes(K)){\n        return true;\n    }\n    else{\n        return false;\n    }\n}\nconst assert = require('node:assert');\n\n\nfunction test() {\n  let candidate = check_K;\n  assert.deepEqual(candidate([10, 4, 5, 6, 8], 6),true);\n  assert.deepEqual(candidate([1, 2, 3, 4, 5, 6], 7),false);\n  assert.deepEqual(candidate([7, 8, 9, 44, 11, 12], 11),true);\n}\n\ntest();",
      "timestamp": 1665509864,
      "stdout": "",
      "stderr": "",
      "exit_code": 0,
      "status": "OK"
    },
    {
      "program": "//Write a function to check if the given tuples contain the k or not.\nfunction check_K(test_tup, K){\n    if (test_tup.includes(K)){\n        return true;\n    }\n    else{\n        return false;\n    }\n}\nconst assert = require('node:assert');\n\n\nfunction test() {\n  let candidate = check_K;\n  assert.deepEqual(candidate([10, 4, 5, 6, 8], 6),true);\n  assert.deepEqual(candidate([1, 2, 3, 4, 5, 6], 7),false);\n  assert.deepEqual(candidate([7, 8, 9, 44, 11, 12], 11),true);\n}\n\ntest();",
      "timestamp": 1665509864,
      "stdout": "",
      "stderr": "",
      "exit_code": 0,
      "status": "OK"
    },
    {
      "program": "//Write a function to check if the given tuples contain the k or not.\nfunction check_K(test_tup, K){\n    if (test_tup[0] == K || test_tup[1] == K || test_tup[2] == K){\n        return true;\n    }\n    else{\n        return false;\n    }\n}\n\nconst assert = require('node:assert');\n\n\nfunction test() {\n  let candidate = check_K;\n  assert.deepEqual(candidate([10, 4, 5, 6, 8], 6),true);\n  assert.deepEqual(candidate([1, 2, 3, 4, 5, 6], 7),false);\n  assert.deepEqual(candidate([7, 8, 9, 44, 11, 12], 11),true);\n}\n\ntest();",
      "timestamp": 1665509864,
      "stdout": "",
      "stderr": "node:assert:124\n  throw new AssertionError(obj);\n  ^\n\nAssertionError [ERR_ASSERTION]: Expected values to be loosely deep-equal:\n\nfalse\n\nshould loosely deep-equal\n\ntrue\n    at test (/tmp/tmpipxe33sc.js:16:10)\n    at Object.<anonymous> (/tmp/tmpipxe33sc.js:21:1)\n    at Module._compile (node:internal/modules/cjs/loader:1120:14)\n    at Module._extensions..js (node:internal/modules/cjs/loader:1174:10)\n    at Module.load (node:internal/modules/cjs/loader:998:32)\n    at Module._load (node:internal/modules/cjs/loader:839:12)\n    at Function.executeUserEntryPoint [as runMain] (node:internal/modules/run_main:81:12)\n    at node:internal/main/run_main_module:17:47 {\n  generatedMessage: true,\n  code: 'ERR_ASSERTION',\n  actual: false,\n  expected: true,\n  operator: 'deepEqual'\n}\n\nNode.js v18.7.0\n",
      "exit_code": 1,
      "status": "AssertionError"
    },
    {
      "program": "//Write a function to check if the given tuples contain the k or not.\nfunction check_K(test_tup, K){\n    if (test_tup.includes(K)){\n        return true;\n    }\n    else{\n        return false;\n    }\n}\nconst assert = require('node:assert');\n\n\nfunction test() {\n  let candidate = check_K;\n  assert.deepEqual(candidate([10, 4, 5, 6, 8], 6),true);\n  assert.deepEqual(candidate([1, 2, 3, 4, 5, 6], 7),false);\n  assert.deepEqual(candidate([7, 8, 9, 44, 11, 12], 11),true);\n}\n\ntest();",
      "timestamp": 1665509864,
      "stdout": "",
      "stderr": "",
      "exit_code": 0,
      "status": "OK"
    },
    {
      "program": "//Write a function to check if the given tuples contain the k or not.\nfunction check_K(test_tup, K){\n    if (test_tup[0] == K || test_tup[1] == K || test_tup[2] == K){\n        return true;\n    }\n    else{\n        return false;\n    }\n}\n\nconst assert = require('node:assert');\n\n\nfunction test() {\n  let candidate = check_K;\n  assert.deepEqual(candidate([10, 4, 5, 6, 8], 6),true);\n  assert.deepEqual(candidate([1, 2, 3, 4, 5, 6], 7),false);\n  assert.deepEqual(candidate([7, 8, 9, 44, 11, 12], 11),true);\n}\n\ntest();",
      "timestamp": 1665509864,
      "stdout": "",
      "stderr": "node:assert:124\n  throw new AssertionError(obj);\n  ^\n\nAssertionError [ERR_ASSERTION]: Expected values to be loosely deep-equal:\n\nfalse\n\nshould loosely deep-equal\n\ntrue\n    at test (/tmp/tmpipxe33sc.js:16:10)\n    at Object.<anonymous> (/tmp/tmpipxe33sc.js:21:1)\n    at Module._compile (node:internal/modules/cjs/loader:1120:14)\n    at Module._extensions..js (node:internal/modules/cjs/loader:1174:10)\n    at Module.load (node:internal/modules/cjs/loader:998:32)\n    at Module._load (node:internal/modules/cjs/loader:839:12)\n    at Function.executeUserEntryPoint [as runMain] (node:internal/modules/run_main:81:12)\n    at node:internal/main/run_main_module:17:47 {\n  generatedMessage: true,\n  code: 'ERR_ASSERTION',\n  actual: false,\n  expected: true,\n  operator: 'deepEqual'\n}\n\nNode.js v18.7.0\n",
      "exit_code": 1,
      "status": "AssertionError"
    },
    {
      "program": "//Write a function to check if the given tuples contain the k or not.\nfunction check_K(test_tup, K){\n    for (let i = 0; i < test_tup.length; i++){\n        if (test_tup[i] == K){\n            return true;\n        }\n    }\n    return false;\n}\n\nconst assert = require('node:assert');\n\n\nfunction test() {\n  let candidate = check_K;\n  assert.deepEqual(candidate([10, 4, 5, 6, 8], 6),true);\n  assert.deepEqual(candidate([1, 2, 3, 4, 5, 6], 7),false);\n  assert.deepEqual(candidate([7, 8, 9, 44, 11, 12], 11),true);\n}\n\ntest();",
      "timestamp": 1666124283,
      "stdout": "",
      "stderr": "",
      "exit_code": 0,
      "status": "OK"
    },
    {
      "program": "//Write a function to check if the given tuples contain the k or not.\nfunction check_K(test_tup, K){\n    if (test_tup.includes(K)){\n        return true;\n    }\n    else{\n        return false;\n    }\n}\nconst assert = require('node:assert');\n\n\nfunction test() {\n  let candidate = check_K;\n  assert.deepEqual(candidate([10, 4, 5, 6, 8], 6),true);\n  assert.deepEqual(candidate([1, 2, 3, 4, 5, 6], 7),false);\n  assert.deepEqual(candidate([7, 8, 9, 44, 11, 12], 11),true);\n}\n\ntest();",
      "timestamp": 1665509864,
      "stdout": "",
      "stderr": "",
      "exit_code": 0,
      "status": "OK"
    },
    {
      "program": "//Write a function to check if the given tuples contain the k or not.\nfunction check_K(test_tup, K){\n    if (test_tup[0] == K || test_tup[1] == K || test_tup[2] == K){\n        return true;\n    }\n    else{\n        return false;\n    }\n}\nconst assert = require('node:assert');\n\n\nfunction test() {\n  let candidate = check_K;\n  assert.deepEqual(candidate([10, 4, 5, 6, 8], 6),true);\n  assert.deepEqual(candidate([1, 2, 3, 4, 5, 6], 7),false);\n  assert.deepEqual(candidate([7, 8, 9, 44, 11, 12], 11),true);\n}\n\ntest();",
      "timestamp": 1666124283,
      "stdout": "",
      "stderr": "node:assert:124\n  throw new AssertionError(obj);\n  ^\n\nAssertionError [ERR_ASSERTION]: Expected values to be loosely deep-equal:\n\nfalse\n\nshould loosely deep-equal\n\ntrue\n    at test (/tmp/tmp03xre7q6.js:15:10)\n    at Object.<anonymous> (/tmp/tmp03xre7q6.js:20:1)\n    at Module._compile (node:internal/modules/cjs/loader:1120:14)\n    at Module._extensions..js (node:internal/modules/cjs/loader:1174:10)\n    at Module.load (node:internal/modules/cjs/loader:998:32)\n    at Module._load (node:internal/modules/cjs/loader:839:12)\n    at Function.executeUserEntryPoint [as runMain] (node:internal/modules/run_main:81:12)\n    at node:internal/main/run_main_module:17:47 {\n  generatedMessage: true,\n  code: 'ERR_ASSERTION',\n  actual: false,\n  expected: true,\n  operator: 'deepEqual'\n}\n\nNode.js v18.7.0\n",
      "exit_code": 1,
      "status": "AssertionError"
    },
    {
      "program": "//Write a function to check if the given tuples contain the k or not.\nfunction check_K(test_tup, K){\n    if (test_tup.includes(K)){\n        return true;\n    }\n    else{\n        return false;\n    }\n}\n\nconst assert = require('node:assert');\n\n\nfunction test() {\n  let candidate = check_K;\n  assert.deepEqual(candidate([10, 4, 5, 6, 8], 6),true);\n  assert.deepEqual(candidate([1, 2, 3, 4, 5, 6], 7),false);\n  assert.deepEqual(candidate([7, 8, 9, 44, 11, 12], 11),true);\n}\n\ntest();",
      "timestamp": 1665509864,
      "stdout": "",
      "stderr": "",
      "exit_code": 0,
      "status": "OK"
    },
    {
      "program": "//Write a function to check if the given tuples contain the k or not.\nfunction check_K(test_tup, K){\n    if (test_tup.includes(K)){\n        return true;\n    }\n    else{\n        return false;\n    }\n}\nconst assert = require('node:assert');\n\n\nfunction test() {\n  let candidate = check_K;\n  assert.deepEqual(candidate([10, 4, 5, 6, 8], 6),true);\n  assert.deepEqual(candidate([1, 2, 3, 4, 5, 6], 7),false);\n  assert.deepEqual(candidate([7, 8, 9, 44, 11, 12], 11),true);\n}\n\ntest();",
      "timestamp": 1665509864,
      "stdout": "",
      "stderr": "",
      "exit_code": 0,
      "status": "OK"
    },
    {
      "program": "//Write a function to check if the given tuples contain the k or not.\nfunction check_K(test_tup, K){\n    if (test_tup[0] == K || test_tup[1] == K || test_tup[2] == K){\n        return true;\n    }\n    else{\n        return false;\n    }\n}\n\nconst assert = require('node:assert');\n\n\nfunction test() {\n  let candidate = check_K;\n  assert.deepEqual(candidate([10, 4, 5, 6, 8], 6),true);\n  assert.deepEqual(candidate([1, 2, 3, 4, 5, 6], 7),false);\n  assert.deepEqual(candidate([7, 8, 9, 44, 11, 12], 11),true);\n}\n\ntest();",
      "timestamp": 1665509864,
      "stdout": "",
      "stderr": "node:assert:124\n  throw new AssertionError(obj);\n  ^\n\nAssertionError [ERR_ASSERTION]: Expected values to be loosely deep-equal:\n\nfalse\n\nshould loosely deep-equal\n\ntrue\n    at test (/tmp/tmpipxe33sc.js:16:10)\n    at Object.<anonymous> (/tmp/tmpipxe33sc.js:21:1)\n    at Module._compile (node:internal/modules/cjs/loader:1120:14)\n    at Module._extensions..js (node:internal/modules/cjs/loader:1174:10)\n    at Module.load (node:internal/modules/cjs/loader:998:32)\n    at Module._load (node:internal/modules/cjs/loader:839:12)\n    at Function.executeUserEntryPoint [as runMain] (node:internal/modules/run_main:81:12)\n    at node:internal/main/run_main_module:17:47 {\n  generatedMessage: true,\n  code: 'ERR_ASSERTION',\n  actual: false,\n  expected: true,\n  operator: 'deepEqual'\n}\n\nNode.js v18.7.0\n",
      "exit_code": 1,
      "status": "AssertionError"
    },
    {
      "program": "//Write a function to check if the given tuples contain the k or not.\nfunction check_K(test_tup, K){\n    if (test_tup.includes(K)){\n        return true;\n    }\n    else{\n        return false;\n    }\n}\n\nconst assert = require('node:assert');\n\n\nfunction test() {\n  let candidate = check_K;\n  assert.deepEqual(candidate([10, 4, 5, 6, 8], 6),true);\n  assert.deepEqual(candidate([1, 2, 3, 4, 5, 6], 7),false);\n  assert.deepEqual(candidate([7, 8, 9, 44, 11, 12], 11),true);\n}\n\ntest();",
      "timestamp": 1665509864,
      "stdout": "",
      "stderr": "",
      "exit_code": 0,
      "status": "OK"
    },
    {
      "program": "//Write a function to check if the given tuples contain the k or not.\nfunction check_K(test_tup, K){\n    var flag = false;\n    for(var i = 0; i < test_tup.length; i++){\n        if(test_tup[i] == K){\n            flag = true;\n            break;\n        }\n    }\n    if(flag){\n        console.log(\"K is present in the tuple\");\n    }\n    else{\n        console.log(\"K is not present in the tuple\");\n    }\n}\ncheck_K(test_tup, K);\n\nconst assert = require('node:assert');\n\n\nfunction test() {\n  let candidate = check_K;\n  assert.deepEqual(candidate([10, 4, 5, 6, 8], 6),true);\n  assert.deepEqual(candidate([1, 2, 3, 4, 5, 6], 7),false);\n  assert.deepEqual(candidate([7, 8, 9, 44, 11, 12], 11),true);\n}\n\ntest();",
      "timestamp": 1666124283,
      "stdout": "",
      "stderr": "/tmp/tmpwi6aad3m.js:17\ncheck_K(test_tup, K);\n        ^\n\nReferenceError: test_tup is not defined\n    at Object.<anonymous> (/tmp/tmpwi6aad3m.js:17:9)\n    at Module._compile (node:internal/modules/cjs/loader:1120:14)\n    at Module._extensions..js (node:internal/modules/cjs/loader:1174:10)\n    at Module.load (node:internal/modules/cjs/loader:998:32)\n    at Module._load (node:internal/modules/cjs/loader:839:12)\n    at Function.executeUserEntryPoint [as runMain] (node:internal/modules/run_main:81:12)\n    at node:internal/main/run_main_module:17:47\n\nNode.js v18.7.0\n",
      "exit_code": 1,
      "status": "ReferenceError"
    },
    {
      "program": "//Write a function to check if the given tuples contain the k or not.\nfunction check_K(test_tup, K){\n    if (test_tup[0] == K || test_tup[1] == K || test_tup[2] == K){\n        return true;\n    }\n    else{\n        return false;\n    }\n}\n\nconst assert = require('node:assert');\n\n\nfunction test() {\n  let candidate = check_K;\n  assert.deepEqual(candidate([10, 4, 5, 6, 8], 6),true);\n  assert.deepEqual(candidate([1, 2, 3, 4, 5, 6], 7),false);\n  assert.deepEqual(candidate([7, 8, 9, 44, 11, 12], 11),true);\n}\n\ntest();",
      "timestamp": 1665509864,
      "stdout": "",
      "stderr": "node:assert:124\n  throw new AssertionError(obj);\n  ^\n\nAssertionError [ERR_ASSERTION]: Expected values to be loosely deep-equal:\n\nfalse\n\nshould loosely deep-equal\n\ntrue\n    at test (/tmp/tmpipxe33sc.js:16:10)\n    at Object.<anonymous> (/tmp/tmpipxe33sc.js:21:1)\n    at Module._compile (node:internal/modules/cjs/loader:1120:14)\n    at Module._extensions..js (node:internal/modules/cjs/loader:1174:10)\n    at Module.load (node:internal/modules/cjs/loader:998:32)\n    at Module._load (node:internal/modules/cjs/loader:839:12)\n    at Function.executeUserEntryPoint [as runMain] (node:internal/modules/run_main:81:12)\n    at node:internal/main/run_main_module:17:47 {\n  generatedMessage: true,\n  code: 'ERR_ASSERTION',\n  actual: false,\n  expected: true,\n  operator: 'deepEqual'\n}\n\nNode.js v18.7.0\n",
      "exit_code": 1,
      "status": "AssertionError"
    },
    {
      "program": "//Write a function to check if the given tuples contain the k or not.\nfunction check_K(test_tup, K){\n    if (test_tup[0] == K || test_tup[1] == K || test_tup[2] == K){\n        return true;\n    }\n    else{\n        return false;\n    }\n}\nconst assert = require('node:assert');\n\n\nfunction test() {\n  let candidate = check_K;\n  assert.deepEqual(candidate([10, 4, 5, 6, 8], 6),true);\n  assert.deepEqual(candidate([1, 2, 3, 4, 5, 6], 7),false);\n  assert.deepEqual(candidate([7, 8, 9, 44, 11, 12], 11),true);\n}\n\ntest();",
      "timestamp": 1666124283,
      "stdout": "",
      "stderr": "node:assert:124\n  throw new AssertionError(obj);\n  ^\n\nAssertionError [ERR_ASSERTION]: Expected values to be loosely deep-equal:\n\nfalse\n\nshould loosely deep-equal\n\ntrue\n    at test (/tmp/tmp03xre7q6.js:15:10)\n    at Object.<anonymous> (/tmp/tmp03xre7q6.js:20:1)\n    at Module._compile (node:internal/modules/cjs/loader:1120:14)\n    at Module._extensions..js (node:internal/modules/cjs/loader:1174:10)\n    at Module.load (node:internal/modules/cjs/loader:998:32)\n    at Module._load (node:internal/modules/cjs/loader:839:12)\n    at Function.executeUserEntryPoint [as runMain] (node:internal/modules/run_main:81:12)\n    at node:internal/main/run_main_module:17:47 {\n  generatedMessage: true,\n  code: 'ERR_ASSERTION',\n  actual: false,\n  expected: true,\n  operator: 'deepEqual'\n}\n\nNode.js v18.7.0\n",
      "exit_code": 1,
      "status": "AssertionError"
    },
    {
      "program": "//Write a function to check if the given tuples contain the k or not.\nfunction check_K(test_tup, K){\n    if (test_tup[0] == K || test_tup[1] == K || test_tup[2] == K || test_tup[3] == K){\n        return true;\n    }\n    else{\n        return false;\n    }\n}\n\nconst assert = require('node:assert');\n\n\nfunction test() {\n  let candidate = check_K;\n  assert.deepEqual(candidate([10, 4, 5, 6, 8], 6),true);\n  assert.deepEqual(candidate([1, 2, 3, 4, 5, 6], 7),false);\n  assert.deepEqual(candidate([7, 8, 9, 44, 11, 12], 11),true);\n}\n\ntest();",
      "timestamp": 1666124283,
      "stdout": "",
      "stderr": "node:assert:124\n  throw new AssertionError(obj);\n  ^\n\nAssertionError [ERR_ASSERTION]: Expected values to be loosely deep-equal:\n\nfalse\n\nshould loosely deep-equal\n\ntrue\n    at test (/tmp/tmp7nvwkx3_.js:18:10)\n    at Object.<anonymous> (/tmp/tmp7nvwkx3_.js:21:1)\n    at Module._compile (node:internal/modules/cjs/loader:1120:14)\n    at Module._extensions..js (node:internal/modules/cjs/loader:1174:10)\n    at Module.load (node:internal/modules/cjs/loader:998:32)\n    at Module._load (node:internal/modules/cjs/loader:839:12)\n    at Function.executeUserEntryPoint [as runMain] (node:internal/modules/run_main:81:12)\n    at node:internal/main/run_main_module:17:47 {\n  generatedMessage: true,\n  code: 'ERR_ASSERTION',\n  actual: false,\n  expected: true,\n  operator: 'deepEqual'\n}\n\nNode.js v18.7.0\n",
      "exit_code": 1,
      "status": "AssertionError"
    },
    {
      "program": "//Write a function to check if the given tuples contain the k or not.\nfunction check_K(test_tup, K){\n    if (test_tup.includes(K)){\n        return true;\n    }\n    else{\n        return false;\n    }\n}\nconst assert = require('node:assert');\n\n\nfunction test() {\n  let candidate = check_K;\n  assert.deepEqual(candidate([10, 4, 5, 6, 8], 6),true);\n  assert.deepEqual(candidate([1, 2, 3, 4, 5, 6], 7),false);\n  assert.deepEqual(candidate([7, 8, 9, 44, 11, 12], 11),true);\n}\n\ntest();",
      "timestamp": 1665509864,
      "stdout": "",
      "stderr": "",
      "exit_code": 0,
      "status": "OK"
    },
    {
      "program": "//Write a function to check if the given tuples contain the k or not.\nfunction check_K(test_tup, K){\n    if (test_tup[0] == K || test_tup[1] == K || test_tup[2] == K){\n        return true;\n    }\n    else{\n        return false;\n    }\n}\n\nconst assert = require('node:assert');\n\n\nfunction test() {\n  let candidate = check_K;\n  assert.deepEqual(candidate([10, 4, 5, 6, 8], 6),true);\n  assert.deepEqual(candidate([1, 2, 3, 4, 5, 6], 7),false);\n  assert.deepEqual(candidate([7, 8, 9, 44, 11, 12], 11),true);\n}\n\ntest();",
      "timestamp": 1665509864,
      "stdout": "",
      "stderr": "node:assert:124\n  throw new AssertionError(obj);\n  ^\n\nAssertionError [ERR_ASSERTION]: Expected values to be loosely deep-equal:\n\nfalse\n\nshould loosely deep-equal\n\ntrue\n    at test (/tmp/tmpipxe33sc.js:16:10)\n    at Object.<anonymous> (/tmp/tmpipxe33sc.js:21:1)\n    at Module._compile (node:internal/modules/cjs/loader:1120:14)\n    at Module._extensions..js (node:internal/modules/cjs/loader:1174:10)\n    at Module.load (node:internal/modules/cjs/loader:998:32)\n    at Module._load (node:internal/modules/cjs/loader:839:12)\n    at Function.executeUserEntryPoint [as runMain] (node:internal/modules/run_main:81:12)\n    at node:internal/main/run_main_module:17:47 {\n  generatedMessage: true,\n  code: 'ERR_ASSERTION',\n  actual: false,\n  expected: true,\n  operator: 'deepEqual'\n}\n\nNode.js v18.7.0\n",
      "exit_code": 1,
      "status": "AssertionError"
    },
    {
      "program": "//Write a function to check if the given tuples contain the k or not.\nfunction check_K(test_tup, K){\n    if (test_tup[0] == K || test_tup[1] == K || test_tup[2] == K){\n        return true;\n    }\n    else{\n        return false;\n    }\n}\nconst assert = require('node:assert');\n\n\nfunction test() {\n  let candidate = check_K;\n  assert.deepEqual(candidate([10, 4, 5, 6, 8], 6),true);\n  assert.deepEqual(candidate([1, 2, 3, 4, 5, 6], 7),false);\n  assert.deepEqual(candidate([7, 8, 9, 44, 11, 12], 11),true);\n}\n\ntest();",
      "timestamp": 1666124283,
      "stdout": "",
      "stderr": "node:assert:124\n  throw new AssertionError(obj);\n  ^\n\nAssertionError [ERR_ASSERTION]: Expected values to be loosely deep-equal:\n\nfalse\n\nshould loosely deep-equal\n\ntrue\n    at test (/tmp/tmp03xre7q6.js:15:10)\n    at Object.<anonymous> (/tmp/tmp03xre7q6.js:20:1)\n    at Module._compile (node:internal/modules/cjs/loader:1120:14)\n    at Module._extensions..js (node:internal/modules/cjs/loader:1174:10)\n    at Module.load (node:internal/modules/cjs/loader:998:32)\n    at Module._load (node:internal/modules/cjs/loader:839:12)\n    at Function.executeUserEntryPoint [as runMain] (node:internal/modules/run_main:81:12)\n    at node:internal/main/run_main_module:17:47 {\n  generatedMessage: true,\n  code: 'ERR_ASSERTION',\n  actual: false,\n  expected: true,\n  operator: 'deepEqual'\n}\n\nNode.js v18.7.0\n",
      "exit_code": 1,
      "status": "AssertionError"
    },
    {
      "program": "//Write a function to check if the given tuples contain the k or not.\nfunction check_K(test_tup, K){\n    if (test_tup[0] == K || test_tup[1] == K || test_tup[2] == K){\n        return true;\n    }\n    else{\n        return false;\n    }\n}\n\nconst assert = require('node:assert');\n\n\nfunction test() {\n  let candidate = check_K;\n  assert.deepEqual(candidate([10, 4, 5, 6, 8], 6),true);\n  assert.deepEqual(candidate([1, 2, 3, 4, 5, 6], 7),false);\n  assert.deepEqual(candidate([7, 8, 9, 44, 11, 12], 11),true);\n}\n\ntest();",
      "timestamp": 1665509864,
      "stdout": "",
      "stderr": "node:assert:124\n  throw new AssertionError(obj);\n  ^\n\nAssertionError [ERR_ASSERTION]: Expected values to be loosely deep-equal:\n\nfalse\n\nshould loosely deep-equal\n\ntrue\n    at test (/tmp/tmpipxe33sc.js:16:10)\n    at Object.<anonymous> (/tmp/tmpipxe33sc.js:21:1)\n    at Module._compile (node:internal/modules/cjs/loader:1120:14)\n    at Module._extensions..js (node:internal/modules/cjs/loader:1174:10)\n    at Module.load (node:internal/modules/cjs/loader:998:32)\n    at Module._load (node:internal/modules/cjs/loader:839:12)\n    at Function.executeUserEntryPoint [as runMain] (node:internal/modules/run_main:81:12)\n    at node:internal/main/run_main_module:17:47 {\n  generatedMessage: true,\n  code: 'ERR_ASSERTION',\n  actual: false,\n  expected: true,\n  operator: 'deepEqual'\n}\n\nNode.js v18.7.0\n",
      "exit_code": 1,
      "status": "AssertionError"
    },
    {
      "program": "//Write a function to check if the given tuples contain the k or not.\nfunction check_K(test_tup, K){\n    if (test_tup.includes(K)){\n        return true;\n    }\n    else{\n        return false;\n    }\n}\nconst assert = require('node:assert');\n\n\nfunction test() {\n  let candidate = check_K;\n  assert.deepEqual(candidate([10, 4, 5, 6, 8], 6),true);\n  assert.deepEqual(candidate([1, 2, 3, 4, 5, 6], 7),false);\n  assert.deepEqual(candidate([7, 8, 9, 44, 11, 12], 11),true);\n}\n\ntest();",
      "timestamp": 1665509864,
      "stdout": "",
      "stderr": "",
      "exit_code": 0,
      "status": "OK"
    },
    {
      "program": "//Write a function to check if the given tuples contain the k or not.\nfunction check_K(test_tup, K){\n    if (test_tup.includes(K)){\n        return true;\n    }\n    else{\n        return false;\n    }\n}\nconst assert = require('node:assert');\n\n\nfunction test() {\n  let candidate = check_K;\n  assert.deepEqual(candidate([10, 4, 5, 6, 8], 6),true);\n  assert.deepEqual(candidate([1, 2, 3, 4, 5, 6], 7),false);\n  assert.deepEqual(candidate([7, 8, 9, 44, 11, 12], 11),true);\n}\n\ntest();",
      "timestamp": 1665509864,
      "stdout": "",
      "stderr": "",
      "exit_code": 0,
      "status": "OK"
    },
    {
      "program": "//Write a function to check if the given tuples contain the k or not.\nfunction check_K(test_tup, K){\n    if (test_tup.includes(K)){\n        return true;\n    }\n    else{\n        return false;\n    }\n}\nconst assert = require('node:assert');\n\n\nfunction test() {\n  let candidate = check_K;\n  assert.deepEqual(candidate([10, 4, 5, 6, 8], 6),true);\n  assert.deepEqual(candidate([1, 2, 3, 4, 5, 6], 7),false);\n  assert.deepEqual(candidate([7, 8, 9, 44, 11, 12], 11),true);\n}\n\ntest();",
      "timestamp": 1665509864,
      "stdout": "",
      "stderr": "",
      "exit_code": 0,
      "status": "OK"
    },
    {
      "program": "//Write a function to check if the given tuples contain the k or not.\nfunction check_K(test_tup, K){\n    if (test_tup[0] == K || test_tup[1] == K || test_tup[2] == K){\n        return true;\n    }\n    else{\n        return false;\n    }\n}\nconst assert = require('node:assert');\n\n\nfunction test() {\n  let candidate = check_K;\n  assert.deepEqual(candidate([10, 4, 5, 6, 8], 6),true);\n  assert.deepEqual(candidate([1, 2, 3, 4, 5, 6], 7),false);\n  assert.deepEqual(candidate([7, 8, 9, 44, 11, 12], 11),true);\n}\n\ntest();",
      "timestamp": 1666124283,
      "stdout": "",
      "stderr": "node:assert:124\n  throw new AssertionError(obj);\n  ^\n\nAssertionError [ERR_ASSERTION]: Expected values to be loosely deep-equal:\n\nfalse\n\nshould loosely deep-equal\n\ntrue\n    at test (/tmp/tmp03xre7q6.js:15:10)\n    at Object.<anonymous> (/tmp/tmp03xre7q6.js:20:1)\n    at Module._compile (node:internal/modules/cjs/loader:1120:14)\n    at Module._extensions..js (node:internal/modules/cjs/loader:1174:10)\n    at Module.load (node:internal/modules/cjs/loader:998:32)\n    at Module._load (node:internal/modules/cjs/loader:839:12)\n    at Function.executeUserEntryPoint [as runMain] (node:internal/modules/run_main:81:12)\n    at node:internal/main/run_main_module:17:47 {\n  generatedMessage: true,\n  code: 'ERR_ASSERTION',\n  actual: false,\n  expected: true,\n  operator: 'deepEqual'\n}\n\nNode.js v18.7.0\n",
      "exit_code": 1,
      "status": "AssertionError"
    },
    {
      "program": "//Write a function to check if the given tuples contain the k or not.\nfunction check_K(test_tup, K){\n    if (test_tup.includes(K)){\n        return true;\n    }\n    else{\n        return false;\n    }\n}\nconst assert = require('node:assert');\n\n\nfunction test() {\n  let candidate = check_K;\n  assert.deepEqual(candidate([10, 4, 5, 6, 8], 6),true);\n  assert.deepEqual(candidate([1, 2, 3, 4, 5, 6], 7),false);\n  assert.deepEqual(candidate([7, 8, 9, 44, 11, 12], 11),true);\n}\n\ntest();",
      "timestamp": 1665509864,
      "stdout": "",
      "stderr": "",
      "exit_code": 0,
      "status": "OK"
    },
    {
      "program": "//Write a function to check if the given tuples contain the k or not.\nfunction check_K(test_tup, K){\n    if (test_tup[0] == K || test_tup[1] == K || test_tup[2] == K){\n        return true;\n    }\n    else{\n        return false;\n    }\n}\n\nconst assert = require('node:assert');\n\n\nfunction test() {\n  let candidate = check_K;\n  assert.deepEqual(candidate([10, 4, 5, 6, 8], 6),true);\n  assert.deepEqual(candidate([1, 2, 3, 4, 5, 6], 7),false);\n  assert.deepEqual(candidate([7, 8, 9, 44, 11, 12], 11),true);\n}\n\ntest();",
      "timestamp": 1665509864,
      "stdout": "",
      "stderr": "node:assert:124\n  throw new AssertionError(obj);\n  ^\n\nAssertionError [ERR_ASSERTION]: Expected values to be loosely deep-equal:\n\nfalse\n\nshould loosely deep-equal\n\ntrue\n    at test (/tmp/tmpipxe33sc.js:16:10)\n    at Object.<anonymous> (/tmp/tmpipxe33sc.js:21:1)\n    at Module._compile (node:internal/modules/cjs/loader:1120:14)\n    at Module._extensions..js (node:internal/modules/cjs/loader:1174:10)\n    at Module.load (node:internal/modules/cjs/loader:998:32)\n    at Module._load (node:internal/modules/cjs/loader:839:12)\n    at Function.executeUserEntryPoint [as runMain] (node:internal/modules/run_main:81:12)\n    at node:internal/main/run_main_module:17:47 {\n  generatedMessage: true,\n  code: 'ERR_ASSERTION',\n  actual: false,\n  expected: true,\n  operator: 'deepEqual'\n}\n\nNode.js v18.7.0\n",
      "exit_code": 1,
      "status": "AssertionError"
    },
    {
      "program": "//Write a function to check if the given tuples contain the k or not.\nfunction check_K(test_tup, K){\n    for(var i = 0; i < test_tup.length; i++){\n        if(test_tup[i] == K){\n            return true;\n        }\n    }\n    return false;\n}\n\nconst assert = require('node:assert');\n\n\nfunction test() {\n  let candidate = check_K;\n  assert.deepEqual(candidate([10, 4, 5, 6, 8], 6),true);\n  assert.deepEqual(candidate([1, 2, 3, 4, 5, 6], 7),false);\n  assert.deepEqual(candidate([7, 8, 9, 44, 11, 12], 11),true);\n}\n\ntest();",
      "timestamp": 1665509864,
      "stdout": "",
      "stderr": "",
      "exit_code": 0,
      "status": "OK"
    },
    {
      "program": "//Write a function to check if the given tuples contain the k or not.\nfunction check_K(test_tup, K){\n    var flag = false;\n    for(var i = 0; i < test_tup.length; i++){\n        if(test_tup[i] == K){\n            flag = true;\n            break;\n        }\n    }\n    return flag;\n}\nconst assert = require('node:assert');\n\n\nfunction test() {\n  let candidate = check_K;\n  assert.deepEqual(candidate([10, 4, 5, 6, 8], 6),true);\n  assert.deepEqual(candidate([1, 2, 3, 4, 5, 6], 7),false);\n  assert.deepEqual(candidate([7, 8, 9, 44, 11, 12], 11),true);\n}\n\ntest();",
      "timestamp": 1666124283,
      "stdout": "",
      "stderr": "",
      "exit_code": 0,
      "status": "OK"
    },
    {
      "program": "//Write a function to check if the given tuples contain the k or not.\nfunction check_K(test_tup, K){\n    var flag = false;\n    for(var i = 0; i < test_tup.length; i++){\n        if(test_tup[i] == K){\n            flag = true;\n            break;\n        }\n    }\n    return flag;\n}\n\nconst assert = require('node:assert');\n\n\nfunction test() {\n  let candidate = check_K;\n  assert.deepEqual(candidate([10, 4, 5, 6, 8], 6),true);\n  assert.deepEqual(candidate([1, 2, 3, 4, 5, 6], 7),false);\n  assert.deepEqual(candidate([7, 8, 9, 44, 11, 12], 11),true);\n}\n\ntest();",
      "timestamp": 1666124283,
      "stdout": "",
      "stderr": "",
      "exit_code": 0,
      "status": "OK"
    },
    {
      "program": "//Write a function to check if the given tuples contain the k or not.\nfunction check_K(test_tup, K){\n    if (test_tup.includes(K)){\n        return true;\n    }\n    else{\n        return false;\n    }\n}\n\nconst assert = require('node:assert');\n\n\nfunction test() {\n  let candidate = check_K;\n  assert.deepEqual(candidate([10, 4, 5, 6, 8], 6),true);\n  assert.deepEqual(candidate([1, 2, 3, 4, 5, 6], 7),false);\n  assert.deepEqual(candidate([7, 8, 9, 44, 11, 12], 11),true);\n}\n\ntest();",
      "timestamp": 1665509864,
      "stdout": "",
      "stderr": "",
      "exit_code": 0,
      "status": "OK"
    },
    {
      "program": "//Write a function to check if the given tuples contain the k or not.\nfunction check_K(test_tup, K){\n    if (test_tup[0] == K || test_tup[1] == K || test_tup[2] == K){\n        return true;\n    }\n    else{\n        return false;\n    }\n}\nconst assert = require('node:assert');\n\n\nfunction test() {\n  let candidate = check_K;\n  assert.deepEqual(candidate([10, 4, 5, 6, 8], 6),true);\n  assert.deepEqual(candidate([1, 2, 3, 4, 5, 6], 7),false);\n  assert.deepEqual(candidate([7, 8, 9, 44, 11, 12], 11),true);\n}\n\ntest();",
      "timestamp": 1666124283,
      "stdout": "",
      "stderr": "node:assert:124\n  throw new AssertionError(obj);\n  ^\n\nAssertionError [ERR_ASSERTION]: Expected values to be loosely deep-equal:\n\nfalse\n\nshould loosely deep-equal\n\ntrue\n    at test (/tmp/tmp03xre7q6.js:15:10)\n    at Object.<anonymous> (/tmp/tmp03xre7q6.js:20:1)\n    at Module._compile (node:internal/modules/cjs/loader:1120:14)\n    at Module._extensions..js (node:internal/modules/cjs/loader:1174:10)\n    at Module.load (node:internal/modules/cjs/loader:998:32)\n    at Module._load (node:internal/modules/cjs/loader:839:12)\n    at Function.executeUserEntryPoint [as runMain] (node:internal/modules/run_main:81:12)\n    at node:internal/main/run_main_module:17:47 {\n  generatedMessage: true,\n  code: 'ERR_ASSERTION',\n  actual: false,\n  expected: true,\n  operator: 'deepEqual'\n}\n\nNode.js v18.7.0\n",
      "exit_code": 1,
      "status": "AssertionError"
    },
    {
      "program": "//Write a function to check if the given tuples contain the k or not.\nfunction check_K(test_tup, K){\n    var flag = false;\n    for (var i = 0; i < test_tup.length; i++){\n        if (test_tup[i] == K){\n            flag = true;\n        }\n    }\n    return flag;\n}\nconst assert = require('node:assert');\n\n\nfunction test() {\n  let candidate = check_K;\n  assert.deepEqual(candidate([10, 4, 5, 6, 8], 6),true);\n  assert.deepEqual(candidate([1, 2, 3, 4, 5, 6], 7),false);\n  assert.deepEqual(candidate([7, 8, 9, 44, 11, 12], 11),true);\n}\n\ntest();",
      "timestamp": 1666124283,
      "stdout": "",
      "stderr": "",
      "exit_code": 0,
      "status": "OK"
    },
    {
      "program": "//Write a function to check if the given tuples contain the k or not.\nfunction check_K(test_tup, K){\n    if (test_tup[0] == K || test_tup[1] == K || test_tup[2] == K || test_tup[3] == K){\n        return true;\n    }\n    else{\n        return false;\n    }\n}\nconst assert = require('node:assert');\n\n\nfunction test() {\n  let candidate = check_K;\n  assert.deepEqual(candidate([10, 4, 5, 6, 8], 6),true);\n  assert.deepEqual(candidate([1, 2, 3, 4, 5, 6], 7),false);\n  assert.deepEqual(candidate([7, 8, 9, 44, 11, 12], 11),true);\n}\n\ntest();",
      "timestamp": 1666124283,
      "stdout": "",
      "stderr": "node:assert:124\n  throw new AssertionError(obj);\n  ^\n\nAssertionError [ERR_ASSERTION]: Expected values to be loosely deep-equal:\n\nfalse\n\nshould loosely deep-equal\n\ntrue\n    at test (/tmp/tmp7hh8zjat.js:17:10)\n    at Object.<anonymous> (/tmp/tmp7hh8zjat.js:20:1)\n    at Module._compile (node:internal/modules/cjs/loader:1120:14)\n    at Module._extensions..js (node:internal/modules/cjs/loader:1174:10)\n    at Module.load (node:internal/modules/cjs/loader:998:32)\n    at Module._load (node:internal/modules/cjs/loader:839:12)\n    at Function.executeUserEntryPoint [as runMain] (node:internal/modules/run_main:81:12)\n    at node:internal/main/run_main_module:17:47 {\n  generatedMessage: true,\n  code: 'ERR_ASSERTION',\n  actual: false,\n  expected: true,\n  operator: 'deepEqual'\n}\n\nNode.js v18.7.0\n",
      "exit_code": 1,
      "status": "AssertionError"
    },
    {
      "program": "//Write a function to check if the given tuples contain the k or not.\nfunction check_K(test_tup, K){\n    if (test_tup[0] == K || test_tup[1] == K || test_tup[2] == K || test_tup[3] == K){\n        return true;\n    }\n    else{\n        return false;\n    }\n}\n\nconst assert = require('node:assert');\n\n\nfunction test() {\n  let candidate = check_K;\n  assert.deepEqual(candidate([10, 4, 5, 6, 8], 6),true);\n  assert.deepEqual(candidate([1, 2, 3, 4, 5, 6], 7),false);\n  assert.deepEqual(candidate([7, 8, 9, 44, 11, 12], 11),true);\n}\n\ntest();",
      "timestamp": 1666124283,
      "stdout": "",
      "stderr": "node:assert:124\n  throw new AssertionError(obj);\n  ^\n\nAssertionError [ERR_ASSERTION]: Expected values to be loosely deep-equal:\n\nfalse\n\nshould loosely deep-equal\n\ntrue\n    at test (/tmp/tmp7nvwkx3_.js:18:10)\n    at Object.<anonymous> (/tmp/tmp7nvwkx3_.js:21:1)\n    at Module._compile (node:internal/modules/cjs/loader:1120:14)\n    at Module._extensions..js (node:internal/modules/cjs/loader:1174:10)\n    at Module.load (node:internal/modules/cjs/loader:998:32)\n    at Module._load (node:internal/modules/cjs/loader:839:12)\n    at Function.executeUserEntryPoint [as runMain] (node:internal/modules/run_main:81:12)\n    at node:internal/main/run_main_module:17:47 {\n  generatedMessage: true,\n  code: 'ERR_ASSERTION',\n  actual: false,\n  expected: true,\n  operator: 'deepEqual'\n}\n\nNode.js v18.7.0\n",
      "exit_code": 1,
      "status": "AssertionError"
    },
    {
      "program": "//Write a function to check if the given tuples contain the k or not.\nfunction check_K(test_tup, K){\n    if (test_tup.includes(K)){\n        return true;\n    }\n    else{\n        return false;\n    }\n}\nconst assert = require('node:assert');\n\n\nfunction test() {\n  let candidate = check_K;\n  assert.deepEqual(candidate([10, 4, 5, 6, 8], 6),true);\n  assert.deepEqual(candidate([1, 2, 3, 4, 5, 6], 7),false);\n  assert.deepEqual(candidate([7, 8, 9, 44, 11, 12], 11),true);\n}\n\ntest();",
      "timestamp": 1665509864,
      "stdout": "",
      "stderr": "",
      "exit_code": 0,
      "status": "OK"
    },
    {
      "program": "//Write a function to check if the given tuples contain the k or not.\nfunction check_K(test_tup, K){\n    if (test_tup[0] == K || test_tup[1] == K || test_tup[2] == K){\n        return true;\n    }\n    else{\n        return false;\n    }\n}\ncheck_K(test_tup, 4);\n\nconst assert = require('node:assert');\n\n\nfunction test() {\n  let candidate = check_K;\n  assert.deepEqual(candidate([10, 4, 5, 6, 8], 6),true);\n  assert.deepEqual(candidate([1, 2, 3, 4, 5, 6], 7),false);\n  assert.deepEqual(candidate([7, 8, 9, 44, 11, 12], 11),true);\n}\n\ntest();",
      "timestamp": 1666124283,
      "stdout": "",
      "stderr": "/tmp/tmpctz2imwn.js:10\ncheck_K(test_tup, 4);\n        ^\n\nReferenceError: test_tup is not defined\n    at Object.<anonymous> (/tmp/tmpctz2imwn.js:10:9)\n    at Module._compile (node:internal/modules/cjs/loader:1120:14)\n    at Module._extensions..js (node:internal/modules/cjs/loader:1174:10)\n    at Module.load (node:internal/modules/cjs/loader:998:32)\n    at Module._load (node:internal/modules/cjs/loader:839:12)\n    at Function.executeUserEntryPoint [as runMain] (node:internal/modules/run_main:81:12)\n    at node:internal/main/run_main_module:17:47\n\nNode.js v18.7.0\n",
      "exit_code": 1,
      "status": "ReferenceError"
    },
    {
      "program": "//Write a function to check if the given tuples contain the k or not.\nfunction check_K(test_tup, K){\n    if (test_tup.includes(K)){\n        return true;\n    }\n    else{\n        return false;\n    }\n}\nconst assert = require('node:assert');\n\n\nfunction test() {\n  let candidate = check_K;\n  assert.deepEqual(candidate([10, 4, 5, 6, 8], 6),true);\n  assert.deepEqual(candidate([1, 2, 3, 4, 5, 6], 7),false);\n  assert.deepEqual(candidate([7, 8, 9, 44, 11, 12], 11),true);\n}\n\ntest();",
      "timestamp": 1665509864,
      "stdout": "",
      "stderr": "",
      "exit_code": 0,
      "status": "OK"
    },
    {
      "program": "//Write a function to check if the given tuples contain the k or not.\nfunction check_K(test_tup, K){\n    if (test_tup.includes(K)){\n        return true;\n    }\n    else{\n        return false;\n    }\n}\nconst assert = require('node:assert');\n\n\nfunction test() {\n  let candidate = check_K;\n  assert.deepEqual(candidate([10, 4, 5, 6, 8], 6),true);\n  assert.deepEqual(candidate([1, 2, 3, 4, 5, 6], 7),false);\n  assert.deepEqual(candidate([7, 8, 9, 44, 11, 12], 11),true);\n}\n\ntest();",
      "timestamp": 1665509864,
      "stdout": "",
      "stderr": "",
      "exit_code": 0,
      "status": "OK"
    },
    {
      "program": "//Write a function to check if the given tuples contain the k or not.\nfunction check_K(test_tup, K){\n    if (test_tup.includes(K)){\n        return true;\n    }\n    else{\n        return false;\n    }\n}\nconst assert = require('node:assert');\n\n\nfunction test() {\n  let candidate = check_K;\n  assert.deepEqual(candidate([10, 4, 5, 6, 8], 6),true);\n  assert.deepEqual(candidate([1, 2, 3, 4, 5, 6], 7),false);\n  assert.deepEqual(candidate([7, 8, 9, 44, 11, 12], 11),true);\n}\n\ntest();",
      "timestamp": 1665509864,
      "stdout": "",
      "stderr": "",
      "exit_code": 0,
      "status": "OK"
    },
    {
      "program": "//Write a function to check if the given tuples contain the k or not.\nfunction check_K(test_tup, K){\n    if (test_tup.includes(K)){\n        return true;\n    }\n    else{\n        return false;\n    }\n}\nconst assert = require('node:assert');\n\n\nfunction test() {\n  let candidate = check_K;\n  assert.deepEqual(candidate([10, 4, 5, 6, 8], 6),true);\n  assert.deepEqual(candidate([1, 2, 3, 4, 5, 6], 7),false);\n  assert.deepEqual(candidate([7, 8, 9, 44, 11, 12], 11),true);\n}\n\ntest();",
      "timestamp": 1665509864,
      "stdout": "",
      "stderr": "",
      "exit_code": 0,
      "status": "OK"
    },
    {
      "program": "//Write a function to check if the given tuples contain the k or not.\nfunction check_K(test_tup, K){\n    if (test_tup.includes(K)){\n        return true;\n    }\n    else{\n        return false;\n    }\n}\nconst assert = require('node:assert');\n\n\nfunction test() {\n  let candidate = check_K;\n  assert.deepEqual(candidate([10, 4, 5, 6, 8], 6),true);\n  assert.deepEqual(candidate([1, 2, 3, 4, 5, 6], 7),false);\n  assert.deepEqual(candidate([7, 8, 9, 44, 11, 12], 11),true);\n}\n\ntest();",
      "timestamp": 1665509864,
      "stdout": "",
      "stderr": "",
      "exit_code": 0,
      "status": "OK"
    },
    {
      "program": "//Write a function to check if the given tuples contain the k or not.\nfunction check_K(test_tup, K){\n    var flag = false;\n    for(var i=0; i<test_tup.length; i++){\n        if(test_tup[i] == K){\n            flag = true;\n            break;\n        }\n    }\n    return flag;\n}\nconst assert = require('node:assert');\n\n\nfunction test() {\n  let candidate = check_K;\n  assert.deepEqual(candidate([10, 4, 5, 6, 8], 6),true);\n  assert.deepEqual(candidate([1, 2, 3, 4, 5, 6], 7),false);\n  assert.deepEqual(candidate([7, 8, 9, 44, 11, 12], 11),true);\n}\n\ntest();",
      "timestamp": 1666124283,
      "stdout": "",
      "stderr": "",
      "exit_code": 0,
      "status": "OK"
    },
    {
      "program": "//Write a function to check if the given tuples contain the k or not.\nfunction check_K(test_tup, K){\n    var flag = false;\n    for(var i=0; i<test_tup.length; i++){\n        if(test_tup[i] == K){\n            flag = true;\n            break;\n        }\n    }\n    if(flag){\n        console.log(\"K is present in the tuple\");\n    }\n    else{\n        console.log(\"K is not present in the tuple\");\n    }\n}\ncheck_K(test_tup, K);\n\nconst assert = require('node:assert');\n\n\nfunction test() {\n  let candidate = check_K;\n  assert.deepEqual(candidate([10, 4, 5, 6, 8], 6),true);\n  assert.deepEqual(candidate([1, 2, 3, 4, 5, 6], 7),false);\n  assert.deepEqual(candidate([7, 8, 9, 44, 11, 12], 11),true);\n}\n\ntest();",
      "timestamp": 1666124283,
      "stdout": "",
      "stderr": "/tmp/tmph4pygutw.js:17\ncheck_K(test_tup, K);\n        ^\n\nReferenceError: test_tup is not defined\n    at Object.<anonymous> (/tmp/tmph4pygutw.js:17:9)\n    at Module._compile (node:internal/modules/cjs/loader:1120:14)\n    at Module._extensions..js (node:internal/modules/cjs/loader:1174:10)\n    at Module.load (node:internal/modules/cjs/loader:998:32)\n    at Module._load (node:internal/modules/cjs/loader:839:12)\n    at Function.executeUserEntryPoint [as runMain] (node:internal/modules/run_main:81:12)\n    at node:internal/main/run_main_module:17:47\n\nNode.js v18.7.0\n",
      "exit_code": 1,
      "status": "ReferenceError"
    },
    {
      "program": "//Write a function to check if the given tuples contain the k or not.\nfunction check_K(test_tup, K){\n    for (let i = 0; i < test_tup.length; i++){\n        if (test_tup[i] == K){\n            return true;\n        }\n    }\n    return false;\n}\n\nconst assert = require('node:assert');\n\n\nfunction test() {\n  let candidate = check_K;\n  assert.deepEqual(candidate([10, 4, 5, 6, 8], 6),true);\n  assert.deepEqual(candidate([1, 2, 3, 4, 5, 6], 7),false);\n  assert.deepEqual(candidate([7, 8, 9, 44, 11, 12], 11),true);\n}\n\ntest();",
      "timestamp": 1666124283,
      "stdout": "",
      "stderr": "",
      "exit_code": 0,
      "status": "OK"
    },
    {
      "program": "//Write a function to check if the given tuples contain the k or not.\nfunction check_K(test_tup, K){\n    if (test_tup.includes(K)){\n        return true;\n    }\n    else{\n        return false;\n    }\n}\ncheck_K([1, 2, 3, 4, 5], 3);\n\nconst assert = require('node:assert');\n\n\nfunction test() {\n  let candidate = check_K;\n  assert.deepEqual(candidate([10, 4, 5, 6, 8], 6),true);\n  assert.deepEqual(candidate([1, 2, 3, 4, 5, 6], 7),false);\n  assert.deepEqual(candidate([7, 8, 9, 44, 11, 12], 11),true);\n}\n\ntest();",
      "timestamp": 1666124283,
      "stdout": "",
      "stderr": "",
      "exit_code": 0,
      "status": "OK"
    },
    {
      "program": "//Write a function to check if the given tuples contain the k or not.\nfunction check_K(test_tup, K){\n    for (let i = 0; i < test_tup.length; i++){\n        if (test_tup[i] == K){\n            return true;\n        }\n    }\n    return false;\n}\n\nconst assert = require('node:assert');\n\n\nfunction test() {\n  let candidate = check_K;\n  assert.deepEqual(candidate([10, 4, 5, 6, 8], 6),true);\n  assert.deepEqual(candidate([1, 2, 3, 4, 5, 6], 7),false);\n  assert.deepEqual(candidate([7, 8, 9, 44, 11, 12], 11),true);\n}\n\ntest();",
      "timestamp": 1666124283,
      "stdout": "",
      "stderr": "",
      "exit_code": 0,
      "status": "OK"
    },
    {
      "program": "//Write a function to check if the given tuples contain the k or not.\nfunction check_K(test_tup, K){\n    if (test_tup[0] == K || test_tup[1] == K || test_tup[2] == K || test_tup[3] == K){\n        return true;\n    }\n    else{\n        return false;\n    }\n}\nconst assert = require('node:assert');\n\n\nfunction test() {\n  let candidate = check_K;\n  assert.deepEqual(candidate([10, 4, 5, 6, 8], 6),true);\n  assert.deepEqual(candidate([1, 2, 3, 4, 5, 6], 7),false);\n  assert.deepEqual(candidate([7, 8, 9, 44, 11, 12], 11),true);\n}\n\ntest();",
      "timestamp": 1666124283,
      "stdout": "",
      "stderr": "node:assert:124\n  throw new AssertionError(obj);\n  ^\n\nAssertionError [ERR_ASSERTION]: Expected values to be loosely deep-equal:\n\nfalse\n\nshould loosely deep-equal\n\ntrue\n    at test (/tmp/tmp7hh8zjat.js:17:10)\n    at Object.<anonymous> (/tmp/tmp7hh8zjat.js:20:1)\n    at Module._compile (node:internal/modules/cjs/loader:1120:14)\n    at Module._extensions..js (node:internal/modules/cjs/loader:1174:10)\n    at Module.load (node:internal/modules/cjs/loader:998:32)\n    at Module._load (node:internal/modules/cjs/loader:839:12)\n    at Function.executeUserEntryPoint [as runMain] (node:internal/modules/run_main:81:12)\n    at node:internal/main/run_main_module:17:47 {\n  generatedMessage: true,\n  code: 'ERR_ASSERTION',\n  actual: false,\n  expected: true,\n  operator: 'deepEqual'\n}\n\nNode.js v18.7.0\n",
      "exit_code": 1,
      "status": "AssertionError"
    },
    {
      "program": "//Write a function to check if the given tuples contain the k or not.\nfunction check_K(test_tup, K){\n    if (test_tup.includes(K)){\n        return true;\n    }\n    else{\n        return false;\n    }\n}\nconst assert = require('node:assert');\n\n\nfunction test() {\n  let candidate = check_K;\n  assert.deepEqual(candidate([10, 4, 5, 6, 8], 6),true);\n  assert.deepEqual(candidate([1, 2, 3, 4, 5, 6], 7),false);\n  assert.deepEqual(candidate([7, 8, 9, 44, 11, 12], 11),true);\n}\n\ntest();",
      "timestamp": 1665509864,
      "stdout": "",
      "stderr": "",
      "exit_code": 0,
      "status": "OK"
    },
    {
      "program": "//Write a function to check if the given tuples contain the k or not.\nfunction check_K(test_tup, K){\n    if (test_tup[0] == K || test_tup[1] == K || test_tup[2] == K || test_tup[3] == K){\n        return true;\n    }\n    else{\n        return false;\n    }\n}\ncheck_K(test_tup, K);\n\nconst assert = require('node:assert');\n\n\nfunction test() {\n  let candidate = check_K;\n  assert.deepEqual(candidate([10, 4, 5, 6, 8], 6),true);\n  assert.deepEqual(candidate([1, 2, 3, 4, 5, 6], 7),false);\n  assert.deepEqual(candidate([7, 8, 9, 44, 11, 12], 11),true);\n}\n\ntest();",
      "timestamp": 1666124283,
      "stdout": "",
      "stderr": "/tmp/tmpwmeq2ji_.js:10\ncheck_K(test_tup, K);\n        ^\n\nReferenceError: test_tup is not defined\n    at Object.<anonymous> (/tmp/tmpwmeq2ji_.js:10:9)\n    at Module._compile (node:internal/modules/cjs/loader:1120:14)\n    at Module._extensions..js (node:internal/modules/cjs/loader:1174:10)\n    at Module.load (node:internal/modules/cjs/loader:998:32)\n    at Module._load (node:internal/modules/cjs/loader:839:12)\n    at Function.executeUserEntryPoint [as runMain] (node:internal/modules/run_main:81:12)\n    at node:internal/main/run_main_module:17:47\n\nNode.js v18.7.0\n",
      "exit_code": 1,
      "status": "ReferenceError"
    },
    {
      "program": "//Write a function to check if the given tuples contain the k or not.\nfunction check_K(test_tup, K){\n    if (test_tup.includes(K)){\n        return true;\n    }\n    else{\n        return false;\n    }\n}\nconst assert = require('node:assert');\n\n\nfunction test() {\n  let candidate = check_K;\n  assert.deepEqual(candidate([10, 4, 5, 6, 8], 6),true);\n  assert.deepEqual(candidate([1, 2, 3, 4, 5, 6], 7),false);\n  assert.deepEqual(candidate([7, 8, 9, 44, 11, 12], 11),true);\n}\n\ntest();",
      "timestamp": 1665509864,
      "stdout": "",
      "stderr": "",
      "exit_code": 0,
      "status": "OK"
    },
    {
      "program": "//Write a function to check if the given tuples contain the k or not.\nfunction check_K(test_tup, K){\n    if (test_tup.includes(K)){\n        return true;\n    }\n    else{\n        return false;\n    }\n}\nconst assert = require('node:assert');\n\n\nfunction test() {\n  let candidate = check_K;\n  assert.deepEqual(candidate([10, 4, 5, 6, 8], 6),true);\n  assert.deepEqual(candidate([1, 2, 3, 4, 5, 6], 7),false);\n  assert.deepEqual(candidate([7, 8, 9, 44, 11, 12], 11),true);\n}\n\ntest();",
      "timestamp": 1665509864,
      "stdout": "",
      "stderr": "",
      "exit_code": 0,
      "status": "OK"
    },
    {
      "program": "//Write a function to check if the given tuples contain the k or not.\nfunction check_K(test_tup, K){\n    if (test_tup[0] == K || test_tup[1] == K || test_tup[2] == K){\n        return true;\n    }\n    else{\n        return false;\n    }\n}\nconst assert = require('node:assert');\n\n\nfunction test() {\n  let candidate = check_K;\n  assert.deepEqual(candidate([10, 4, 5, 6, 8], 6),true);\n  assert.deepEqual(candidate([1, 2, 3, 4, 5, 6], 7),false);\n  assert.deepEqual(candidate([7, 8, 9, 44, 11, 12], 11),true);\n}\n\ntest();",
      "timestamp": 1666124283,
      "stdout": "",
      "stderr": "node:assert:124\n  throw new AssertionError(obj);\n  ^\n\nAssertionError [ERR_ASSERTION]: Expected values to be loosely deep-equal:\n\nfalse\n\nshould loosely deep-equal\n\ntrue\n    at test (/tmp/tmp03xre7q6.js:15:10)\n    at Object.<anonymous> (/tmp/tmp03xre7q6.js:20:1)\n    at Module._compile (node:internal/modules/cjs/loader:1120:14)\n    at Module._extensions..js (node:internal/modules/cjs/loader:1174:10)\n    at Module.load (node:internal/modules/cjs/loader:998:32)\n    at Module._load (node:internal/modules/cjs/loader:839:12)\n    at Function.executeUserEntryPoint [as runMain] (node:internal/modules/run_main:81:12)\n    at node:internal/main/run_main_module:17:47 {\n  generatedMessage: true,\n  code: 'ERR_ASSERTION',\n  actual: false,\n  expected: true,\n  operator: 'deepEqual'\n}\n\nNode.js v18.7.0\n",
      "exit_code": 1,
      "status": "AssertionError"
    },
    {
      "program": "//Write a function to check if the given tuples contain the k or not.\nfunction check_K(test_tup, K){\n    if (test_tup.includes(K)){\n        return true;\n    }\n    else{\n        return false;\n    }\n}\nconst assert = require('node:assert');\n\n\nfunction test() {\n  let candidate = check_K;\n  assert.deepEqual(candidate([10, 4, 5, 6, 8], 6),true);\n  assert.deepEqual(candidate([1, 2, 3, 4, 5, 6], 7),false);\n  assert.deepEqual(candidate([7, 8, 9, 44, 11, 12], 11),true);\n}\n\ntest();",
      "timestamp": 1665509864,
      "stdout": "",
      "stderr": "",
      "exit_code": 0,
      "status": "OK"
    },
    {
      "program": "//Write a function to check if the given tuples contain the k or not.\nfunction check_K(test_tup, K){\n    if (test_tup[0] == K){\n        return true;\n    }\n    else{\n        return false;\n    }\n}\nconst assert = require('node:assert');\n\n\nfunction test() {\n  let candidate = check_K;\n  assert.deepEqual(candidate([10, 4, 5, 6, 8], 6),true);\n  assert.deepEqual(candidate([1, 2, 3, 4, 5, 6], 7),false);\n  assert.deepEqual(candidate([7, 8, 9, 44, 11, 12], 11),true);\n}\n\ntest();",
      "timestamp": 1666124283,
      "stdout": "",
      "stderr": "node:assert:124\n  throw new AssertionError(obj);\n  ^\n\nAssertionError [ERR_ASSERTION]: Expected values to be loosely deep-equal:\n\nfalse\n\nshould loosely deep-equal\n\ntrue\n    at test (/tmp/tmplwot_7nv.js:15:10)\n    at Object.<anonymous> (/tmp/tmplwot_7nv.js:20:1)\n    at Module._compile (node:internal/modules/cjs/loader:1120:14)\n    at Module._extensions..js (node:internal/modules/cjs/loader:1174:10)\n    at Module.load (node:internal/modules/cjs/loader:998:32)\n    at Module._load (node:internal/modules/cjs/loader:839:12)\n    at Function.executeUserEntryPoint [as runMain] (node:internal/modules/run_main:81:12)\n    at node:internal/main/run_main_module:17:47 {\n  generatedMessage: true,\n  code: 'ERR_ASSERTION',\n  actual: false,\n  expected: true,\n  operator: 'deepEqual'\n}\n\nNode.js v18.7.0\n",
      "exit_code": 1,
      "status": "AssertionError"
    },
    {
      "program": "//Write a function to check if the given tuples contain the k or not.\nfunction check_K(test_tup, K){\n    for (let i = 0; i < test_tup.length; i++){\n        if (test_tup[i] == K){\n            return true;\n        }\n    }\n    return false;\n}\n\nconst assert = require('node:assert');\n\n\nfunction test() {\n  let candidate = check_K;\n  assert.deepEqual(candidate([10, 4, 5, 6, 8], 6),true);\n  assert.deepEqual(candidate([1, 2, 3, 4, 5, 6], 7),false);\n  assert.deepEqual(candidate([7, 8, 9, 44, 11, 12], 11),true);\n}\n\ntest();",
      "timestamp": 1666124283,
      "stdout": "",
      "stderr": "",
      "exit_code": 0,
      "status": "OK"
    },
    {
      "program": "//Write a function to check if the given tuples contain the k or not.\nfunction check_K(test_tup, K){\n    if (test_tup.includes(K)){\n        return true;\n    }\n    else{\n        return false;\n    }\n}\nconst assert = require('node:assert');\n\n\nfunction test() {\n  let candidate = check_K;\n  assert.deepEqual(candidate([10, 4, 5, 6, 8], 6),true);\n  assert.deepEqual(candidate([1, 2, 3, 4, 5, 6], 7),false);\n  assert.deepEqual(candidate([7, 8, 9, 44, 11, 12], 11),true);\n}\n\ntest();",
      "timestamp": 1665509864,
      "stdout": "",
      "stderr": "",
      "exit_code": 0,
      "status": "OK"
    },
    {
      "program": "//Write a function to check if the given tuples contain the k or not.\nfunction check_K(test_tup, K){\n    var flag = false;\n    for(var i = 0; i < test_tup.length; i++){\n        if(test_tup[i] == K){\n            flag = true;\n            break;\n        }\n    }\n    return flag;\n}\nconst assert = require('node:assert');\n\n\nfunction test() {\n  let candidate = check_K;\n  assert.deepEqual(candidate([10, 4, 5, 6, 8], 6),true);\n  assert.deepEqual(candidate([1, 2, 3, 4, 5, 6], 7),false);\n  assert.deepEqual(candidate([7, 8, 9, 44, 11, 12], 11),true);\n}\n\ntest();",
      "timestamp": 1666124283,
      "stdout": "",
      "stderr": "",
      "exit_code": 0,
      "status": "OK"
    },
    {
      "program": "//Write a function to check if the given tuples contain the k or not.\nfunction check_K(test_tup, K){\n    var flag = false;\n    for(var i = 0; i < test_tup.length; i++){\n        if(test_tup[i] == K){\n            flag = true;\n            break;\n        }\n    }\n    return flag;\n}\nconst assert = require('node:assert');\n\n\nfunction test() {\n  let candidate = check_K;\n  assert.deepEqual(candidate([10, 4, 5, 6, 8], 6),true);\n  assert.deepEqual(candidate([1, 2, 3, 4, 5, 6], 7),false);\n  assert.deepEqual(candidate([7, 8, 9, 44, 11, 12], 11),true);\n}\n\ntest();",
      "timestamp": 1666124283,
      "stdout": "",
      "stderr": "",
      "exit_code": 0,
      "status": "OK"
    },
    {
      "program": "//Write a function to check if the given tuples contain the k or not.\nfunction check_K(test_tup, K){\n    if (test_tup[0] == K || test_tup[1] == K || test_tup[2] == K){\n        return true;\n    }\n    else{\n        return false;\n    }\n}\nconst assert = require('node:assert');\n\n\nfunction test() {\n  let candidate = check_K;\n  assert.deepEqual(candidate([10, 4, 5, 6, 8], 6),true);\n  assert.deepEqual(candidate([1, 2, 3, 4, 5, 6], 7),false);\n  assert.deepEqual(candidate([7, 8, 9, 44, 11, 12], 11),true);\n}\n\ntest();",
      "timestamp": 1666124283,
      "stdout": "",
      "stderr": "node:assert:124\n  throw new AssertionError(obj);\n  ^\n\nAssertionError [ERR_ASSERTION]: Expected values to be loosely deep-equal:\n\nfalse\n\nshould loosely deep-equal\n\ntrue\n    at test (/tmp/tmp03xre7q6.js:15:10)\n    at Object.<anonymous> (/tmp/tmp03xre7q6.js:20:1)\n    at Module._compile (node:internal/modules/cjs/loader:1120:14)\n    at Module._extensions..js (node:internal/modules/cjs/loader:1174:10)\n    at Module.load (node:internal/modules/cjs/loader:998:32)\n    at Module._load (node:internal/modules/cjs/loader:839:12)\n    at Function.executeUserEntryPoint [as runMain] (node:internal/modules/run_main:81:12)\n    at node:internal/main/run_main_module:17:47 {\n  generatedMessage: true,\n  code: 'ERR_ASSERTION',\n  actual: false,\n  expected: true,\n  operator: 'deepEqual'\n}\n\nNode.js v18.7.0\n",
      "exit_code": 1,
      "status": "AssertionError"
    },
    {
      "program": "//Write a function to check if the given tuples contain the k or not.\nfunction check_K(test_tup, K){\n    if (test_tup[0] == K || test_tup[1] == K || test_tup[2] == K || test_tup[3] == K){\n        return true;\n    }\n    else{\n        return false;\n    }\n}\nconst assert = require('node:assert');\n\n\nfunction test() {\n  let candidate = check_K;\n  assert.deepEqual(candidate([10, 4, 5, 6, 8], 6),true);\n  assert.deepEqual(candidate([1, 2, 3, 4, 5, 6], 7),false);\n  assert.deepEqual(candidate([7, 8, 9, 44, 11, 12], 11),true);\n}\n\ntest();",
      "timestamp": 1666124283,
      "stdout": "",
      "stderr": "node:assert:124\n  throw new AssertionError(obj);\n  ^\n\nAssertionError [ERR_ASSERTION]: Expected values to be loosely deep-equal:\n\nfalse\n\nshould loosely deep-equal\n\ntrue\n    at test (/tmp/tmp7hh8zjat.js:17:10)\n    at Object.<anonymous> (/tmp/tmp7hh8zjat.js:20:1)\n    at Module._compile (node:internal/modules/cjs/loader:1120:14)\n    at Module._extensions..js (node:internal/modules/cjs/loader:1174:10)\n    at Module.load (node:internal/modules/cjs/loader:998:32)\n    at Module._load (node:internal/modules/cjs/loader:839:12)\n    at Function.executeUserEntryPoint [as runMain] (node:internal/modules/run_main:81:12)\n    at node:internal/main/run_main_module:17:47 {\n  generatedMessage: true,\n  code: 'ERR_ASSERTION',\n  actual: false,\n  expected: true,\n  operator: 'deepEqual'\n}\n\nNode.js v18.7.0\n",
      "exit_code": 1,
      "status": "AssertionError"
    },
    {
      "program": "//Write a function to check if the given tuples contain the k or not.\nfunction check_K(test_tup, K){\n    var flag = false;\n    for(var i = 0; i < test_tup.length; i++){\n        if(test_tup[i] == K){\n            flag = true;\n        }\n    }\n    return flag;\n}\nconst assert = require('node:assert');\n\n\nfunction test() {\n  let candidate = check_K;\n  assert.deepEqual(candidate([10, 4, 5, 6, 8], 6),true);\n  assert.deepEqual(candidate([1, 2, 3, 4, 5, 6], 7),false);\n  assert.deepEqual(candidate([7, 8, 9, 44, 11, 12], 11),true);\n}\n\ntest();",
      "timestamp": 1666124283,
      "stdout": "",
      "stderr": "",
      "exit_code": 0,
      "status": "OK"
    },
    {
      "program": "//Write a function to check if the given tuples contain the k or not.\nfunction check_K(test_tup, K){\n    if (test_tup.includes(K)){\n        return true;\n    }\n    else{\n        return false;\n    }\n}\nconst assert = require('node:assert');\n\n\nfunction test() {\n  let candidate = check_K;\n  assert.deepEqual(candidate([10, 4, 5, 6, 8], 6),true);\n  assert.deepEqual(candidate([1, 2, 3, 4, 5, 6], 7),false);\n  assert.deepEqual(candidate([7, 8, 9, 44, 11, 12], 11),true);\n}\n\ntest();",
      "timestamp": 1665509864,
      "stdout": "",
      "stderr": "",
      "exit_code": 0,
      "status": "OK"
    },
    {
      "program": "//Write a function to check if the given tuples contain the k or not.\nfunction check_K(test_tup, K){\n    if (test_tup.includes(K)){\n        return true;\n    }\n    else{\n        return false;\n    }\n}\nconst assert = require('node:assert');\n\n\nfunction test() {\n  let candidate = check_K;\n  assert.deepEqual(candidate([10, 4, 5, 6, 8], 6),true);\n  assert.deepEqual(candidate([1, 2, 3, 4, 5, 6], 7),false);\n  assert.deepEqual(candidate([7, 8, 9, 44, 11, 12], 11),true);\n}\n\ntest();",
      "timestamp": 1665509864,
      "stdout": "",
      "stderr": "",
      "exit_code": 0,
      "status": "OK"
    },
    {
      "program": "//Write a function to check if the given tuples contain the k or not.\nfunction check_K(test_tup, K){\n    var flag = false;\n    for(var i = 0; i < test_tup.length; i++){\n        if(test_tup[i] == K){\n            flag = true;\n            break;\n        }\n    }\n    return flag;\n}\nconst assert = require('node:assert');\n\n\nfunction test() {\n  let candidate = check_K;\n  assert.deepEqual(candidate([10, 4, 5, 6, 8], 6),true);\n  assert.deepEqual(candidate([1, 2, 3, 4, 5, 6], 7),false);\n  assert.deepEqual(candidate([7, 8, 9, 44, 11, 12], 11),true);\n}\n\ntest();",
      "timestamp": 1666124283,
      "stdout": "",
      "stderr": "",
      "exit_code": 0,
      "status": "OK"
    },
    {
      "program": "//Write a function to check if the given tuples contain the k or not.\nfunction check_K(test_tup, K){\n    if (test_tup.includes(K)){\n        return true;\n    }\n    else{\n        return false;\n    }\n}\nconst assert = require('node:assert');\n\n\nfunction test() {\n  let candidate = check_K;\n  assert.deepEqual(candidate([10, 4, 5, 6, 8], 6),true);\n  assert.deepEqual(candidate([1, 2, 3, 4, 5, 6], 7),false);\n  assert.deepEqual(candidate([7, 8, 9, 44, 11, 12], 11),true);\n}\n\ntest();",
      "timestamp": 1665509864,
      "stdout": "",
      "stderr": "",
      "exit_code": 0,
      "status": "OK"
    },
    {
      "program": "//Write a function to check if the given tuples contain the k or not.\nfunction check_K(test_tup, K){\n    if (test_tup.includes(K)){\n        return true;\n    }\n    else{\n        return false;\n    }\n}\nconst assert = require('node:assert');\n\n\nfunction test() {\n  let candidate = check_K;\n  assert.deepEqual(candidate([10, 4, 5, 6, 8], 6),true);\n  assert.deepEqual(candidate([1, 2, 3, 4, 5, 6], 7),false);\n  assert.deepEqual(candidate([7, 8, 9, 44, 11, 12], 11),true);\n}\n\ntest();",
      "timestamp": 1665509864,
      "stdout": "",
      "stderr": "",
      "exit_code": 0,
      "status": "OK"
    },
    {
      "program": "//Write a function to check if the given tuples contain the k or not.\nfunction check_K(test_tup, K){\n    if (test_tup[0] == K || test_tup[1] == K || test_tup[2] == K || test_tup[3] == K){\n        return true;\n    }\n    else{\n        return false;\n    }\n}\nconst assert = require('node:assert');\n\n\nfunction test() {\n  let candidate = check_K;\n  assert.deepEqual(candidate([10, 4, 5, 6, 8], 6),true);\n  assert.deepEqual(candidate([1, 2, 3, 4, 5, 6], 7),false);\n  assert.deepEqual(candidate([7, 8, 9, 44, 11, 12], 11),true);\n}\n\ntest();",
      "timestamp": 1666124283,
      "stdout": "",
      "stderr": "node:assert:124\n  throw new AssertionError(obj);\n  ^\n\nAssertionError [ERR_ASSERTION]: Expected values to be loosely deep-equal:\n\nfalse\n\nshould loosely deep-equal\n\ntrue\n    at test (/tmp/tmp7hh8zjat.js:17:10)\n    at Object.<anonymous> (/tmp/tmp7hh8zjat.js:20:1)\n    at Module._compile (node:internal/modules/cjs/loader:1120:14)\n    at Module._extensions..js (node:internal/modules/cjs/loader:1174:10)\n    at Module.load (node:internal/modules/cjs/loader:998:32)\n    at Module._load (node:internal/modules/cjs/loader:839:12)\n    at Function.executeUserEntryPoint [as runMain] (node:internal/modules/run_main:81:12)\n    at node:internal/main/run_main_module:17:47 {\n  generatedMessage: true,\n  code: 'ERR_ASSERTION',\n  actual: false,\n  expected: true,\n  operator: 'deepEqual'\n}\n\nNode.js v18.7.0\n",
      "exit_code": 1,
      "status": "AssertionError"
    },
    {
      "program": "//Write a function to check if the given tuples contain the k or not.\nfunction check_K(test_tup, K){\n    if (test_tup.includes(K)){\n        return true;\n    }\n    else{\n        return false;\n    }\n}\n\nconst assert = require('node:assert');\n\n\nfunction test() {\n  let candidate = check_K;\n  assert.deepEqual(candidate([10, 4, 5, 6, 8], 6),true);\n  assert.deepEqual(candidate([1, 2, 3, 4, 5, 6], 7),false);\n  assert.deepEqual(candidate([7, 8, 9, 44, 11, 12], 11),true);\n}\n\ntest();",
      "timestamp": 1665509864,
      "stdout": "",
      "stderr": "",
      "exit_code": 0,
      "status": "OK"
    },
    {
      "program": "//Write a function to check if the given tuples contain the k or not.\nfunction check_K(test_tup, K){\n    if (test_tup.includes(K)){\n        return true;\n    }\n    else{\n        return false;\n    }\n}\nconst assert = require('node:assert');\n\n\nfunction test() {\n  let candidate = check_K;\n  assert.deepEqual(candidate([10, 4, 5, 6, 8], 6),true);\n  assert.deepEqual(candidate([1, 2, 3, 4, 5, 6], 7),false);\n  assert.deepEqual(candidate([7, 8, 9, 44, 11, 12], 11),true);\n}\n\ntest();",
      "timestamp": 1665509864,
      "stdout": "",
      "stderr": "",
      "exit_code": 0,
      "status": "OK"
    },
    {
      "program": "//Write a function to check if the given tuples contain the k or not.\nfunction check_K(test_tup, K){\n    if (test_tup.includes(K)){\n        return true;\n    }\n    else{\n        return false;\n    }\n}\nconst assert = require('node:assert');\n\n\nfunction test() {\n  let candidate = check_K;\n  assert.deepEqual(candidate([10, 4, 5, 6, 8], 6),true);\n  assert.deepEqual(candidate([1, 2, 3, 4, 5, 6], 7),false);\n  assert.deepEqual(candidate([7, 8, 9, 44, 11, 12], 11),true);\n}\n\ntest();",
      "timestamp": 1665509864,
      "stdout": "",
      "stderr": "",
      "exit_code": 0,
      "status": "OK"
    },
    {
      "program": "//Write a function to check if the given tuples contain the k or not.\nfunction check_K(test_tup, K){\n    if (test_tup.includes(K)){\n        return true;\n    }\n    else{\n        return false;\n    }\n}\nconst assert = require('node:assert');\n\n\nfunction test() {\n  let candidate = check_K;\n  assert.deepEqual(candidate([10, 4, 5, 6, 8], 6),true);\n  assert.deepEqual(candidate([1, 2, 3, 4, 5, 6], 7),false);\n  assert.deepEqual(candidate([7, 8, 9, 44, 11, 12], 11),true);\n}\n\ntest();",
      "timestamp": 1665509864,
      "stdout": "",
      "stderr": "",
      "exit_code": 0,
      "status": "OK"
    },
    {
      "program": "//Write a function to check if the given tuples contain the k or not.\nfunction check_K(test_tup, K){\n    if (test_tup.includes(K)){\n        return true;\n    }\n    else{\n        return false;\n    }\n}\n\nconst assert = require('node:assert');\n\n\nfunction test() {\n  let candidate = check_K;\n  assert.deepEqual(candidate([10, 4, 5, 6, 8], 6),true);\n  assert.deepEqual(candidate([1, 2, 3, 4, 5, 6], 7),false);\n  assert.deepEqual(candidate([7, 8, 9, 44, 11, 12], 11),true);\n}\n\ntest();",
      "timestamp": 1665509864,
      "stdout": "",
      "stderr": "",
      "exit_code": 0,
      "status": "OK"
    },
    {
      "program": "//Write a function to check if the given tuples contain the k or not.\nfunction check_K(test_tup, K){\n    if (test_tup.includes(K)){\n        return true;\n    }\n    else{\n        return false;\n    }\n}\nconst assert = require('node:assert');\n\n\nfunction test() {\n  let candidate = check_K;\n  assert.deepEqual(candidate([10, 4, 5, 6, 8], 6),true);\n  assert.deepEqual(candidate([1, 2, 3, 4, 5, 6], 7),false);\n  assert.deepEqual(candidate([7, 8, 9, 44, 11, 12], 11),true);\n}\n\ntest();",
      "timestamp": 1665509864,
      "stdout": "",
      "stderr": "",
      "exit_code": 0,
      "status": "OK"
    },
    {
      "program": "//Write a function to check if the given tuples contain the k or not.\nfunction check_K(test_tup, K){\n    if (test_tup[0] == K || test_tup[1] == K || test_tup[2] == K){\n        return true;\n    }\n    else{\n        return false;\n    }\n}\n\nconst assert = require('node:assert');\n\n\nfunction test() {\n  let candidate = check_K;\n  assert.deepEqual(candidate([10, 4, 5, 6, 8], 6),true);\n  assert.deepEqual(candidate([1, 2, 3, 4, 5, 6], 7),false);\n  assert.deepEqual(candidate([7, 8, 9, 44, 11, 12], 11),true);\n}\n\ntest();",
      "timestamp": 1665509864,
      "stdout": "",
      "stderr": "node:assert:124\n  throw new AssertionError(obj);\n  ^\n\nAssertionError [ERR_ASSERTION]: Expected values to be loosely deep-equal:\n\nfalse\n\nshould loosely deep-equal\n\ntrue\n    at test (/tmp/tmpipxe33sc.js:16:10)\n    at Object.<anonymous> (/tmp/tmpipxe33sc.js:21:1)\n    at Module._compile (node:internal/modules/cjs/loader:1120:14)\n    at Module._extensions..js (node:internal/modules/cjs/loader:1174:10)\n    at Module.load (node:internal/modules/cjs/loader:998:32)\n    at Module._load (node:internal/modules/cjs/loader:839:12)\n    at Function.executeUserEntryPoint [as runMain] (node:internal/modules/run_main:81:12)\n    at node:internal/main/run_main_module:17:47 {\n  generatedMessage: true,\n  code: 'ERR_ASSERTION',\n  actual: false,\n  expected: true,\n  operator: 'deepEqual'\n}\n\nNode.js v18.7.0\n",
      "exit_code": 1,
      "status": "AssertionError"
    },
    {
      "program": "//Write a function to check if the given tuples contain the k or not.\nfunction check_K(test_tup, K){\n    if (test_tup.indexOf(K) == -1){\n        return false;\n    }\n    else{\n        return true;\n    }\n}\n\nconst assert = require('node:assert');\n\n\nfunction test() {\n  let candidate = check_K;\n  assert.deepEqual(candidate([10, 4, 5, 6, 8], 6),true);\n  assert.deepEqual(candidate([1, 2, 3, 4, 5, 6], 7),false);\n  assert.deepEqual(candidate([7, 8, 9, 44, 11, 12], 11),true);\n}\n\ntest();",
      "timestamp": 1666124283,
      "stdout": "",
      "stderr": "",
      "exit_code": 0,
      "status": "OK"
    },
    {
      "program": "//Write a function to check if the given tuples contain the k or not.\nfunction check_K(test_tup, K){\n    if (test_tup[0] == K || test_tup[1] == K || test_tup[2] == K){\n        return true;\n    }\n    else{\n        return false;\n    }\n}\n\nconst assert = require('node:assert');\n\n\nfunction test() {\n  let candidate = check_K;\n  assert.deepEqual(candidate([10, 4, 5, 6, 8], 6),true);\n  assert.deepEqual(candidate([1, 2, 3, 4, 5, 6], 7),false);\n  assert.deepEqual(candidate([7, 8, 9, 44, 11, 12], 11),true);\n}\n\ntest();",
      "timestamp": 1665509864,
      "stdout": "",
      "stderr": "node:assert:124\n  throw new AssertionError(obj);\n  ^\n\nAssertionError [ERR_ASSERTION]: Expected values to be loosely deep-equal:\n\nfalse\n\nshould loosely deep-equal\n\ntrue\n    at test (/tmp/tmpipxe33sc.js:16:10)\n    at Object.<anonymous> (/tmp/tmpipxe33sc.js:21:1)\n    at Module._compile (node:internal/modules/cjs/loader:1120:14)\n    at Module._extensions..js (node:internal/modules/cjs/loader:1174:10)\n    at Module.load (node:internal/modules/cjs/loader:998:32)\n    at Module._load (node:internal/modules/cjs/loader:839:12)\n    at Function.executeUserEntryPoint [as runMain] (node:internal/modules/run_main:81:12)\n    at node:internal/main/run_main_module:17:47 {\n  generatedMessage: true,\n  code: 'ERR_ASSERTION',\n  actual: false,\n  expected: true,\n  operator: 'deepEqual'\n}\n\nNode.js v18.7.0\n",
      "exit_code": 1,
      "status": "AssertionError"
    },
    {
      "program": "//Write a function to check if the given tuples contain the k or not.\nfunction check_K(test_tup, K){\n    if (test_tup.includes(K)){\n        return true;\n    }\n    else{\n        return false;\n    }\n}\nconst assert = require('node:assert');\n\n\nfunction test() {\n  let candidate = check_K;\n  assert.deepEqual(candidate([10, 4, 5, 6, 8], 6),true);\n  assert.deepEqual(candidate([1, 2, 3, 4, 5, 6], 7),false);\n  assert.deepEqual(candidate([7, 8, 9, 44, 11, 12], 11),true);\n}\n\ntest();",
      "timestamp": 1665509864,
      "stdout": "",
      "stderr": "",
      "exit_code": 0,
      "status": "OK"
    },
    {
      "program": "//Write a function to check if the given tuples contain the k or not.\nfunction check_K(test_tup, K){\n    if (test_tup.includes(K)){\n        return true;\n    }\n    else{\n        return false;\n    }\n}\nconst assert = require('node:assert');\n\n\nfunction test() {\n  let candidate = check_K;\n  assert.deepEqual(candidate([10, 4, 5, 6, 8], 6),true);\n  assert.deepEqual(candidate([1, 2, 3, 4, 5, 6], 7),false);\n  assert.deepEqual(candidate([7, 8, 9, 44, 11, 12], 11),true);\n}\n\ntest();",
      "timestamp": 1665509864,
      "stdout": "",
      "stderr": "",
      "exit_code": 0,
      "status": "OK"
    },
    {
      "program": "//Write a function to check if the given tuples contain the k or not.\nfunction check_K(test_tup, K){\n    if (test_tup[0] == K || test_tup[1] == K || test_tup[2] == K){\n        return true;\n    }\n    else{\n        return false;\n    }\n}\nconst assert = require('node:assert');\n\n\nfunction test() {\n  let candidate = check_K;\n  assert.deepEqual(candidate([10, 4, 5, 6, 8], 6),true);\n  assert.deepEqual(candidate([1, 2, 3, 4, 5, 6], 7),false);\n  assert.deepEqual(candidate([7, 8, 9, 44, 11, 12], 11),true);\n}\n\ntest();",
      "timestamp": 1666124283,
      "stdout": "",
      "stderr": "node:assert:124\n  throw new AssertionError(obj);\n  ^\n\nAssertionError [ERR_ASSERTION]: Expected values to be loosely deep-equal:\n\nfalse\n\nshould loosely deep-equal\n\ntrue\n    at test (/tmp/tmp03xre7q6.js:15:10)\n    at Object.<anonymous> (/tmp/tmp03xre7q6.js:20:1)\n    at Module._compile (node:internal/modules/cjs/loader:1120:14)\n    at Module._extensions..js (node:internal/modules/cjs/loader:1174:10)\n    at Module.load (node:internal/modules/cjs/loader:998:32)\n    at Module._load (node:internal/modules/cjs/loader:839:12)\n    at Function.executeUserEntryPoint [as runMain] (node:internal/modules/run_main:81:12)\n    at node:internal/main/run_main_module:17:47 {\n  generatedMessage: true,\n  code: 'ERR_ASSERTION',\n  actual: false,\n  expected: true,\n  operator: 'deepEqual'\n}\n\nNode.js v18.7.0\n",
      "exit_code": 1,
      "status": "AssertionError"
    },
    {
      "program": "//Write a function to check if the given tuples contain the k or not.\nfunction check_K(test_tup, K){\n    if (test_tup[0] == K || test_tup[1] == K || test_tup[2] == K){\n        return true;\n    }\n    else{\n        return false;\n    }\n}\n\nconst assert = require('node:assert');\n\n\nfunction test() {\n  let candidate = check_K;\n  assert.deepEqual(candidate([10, 4, 5, 6, 8], 6),true);\n  assert.deepEqual(candidate([1, 2, 3, 4, 5, 6], 7),false);\n  assert.deepEqual(candidate([7, 8, 9, 44, 11, 12], 11),true);\n}\n\ntest();",
      "timestamp": 1665509864,
      "stdout": "",
      "stderr": "node:assert:124\n  throw new AssertionError(obj);\n  ^\n\nAssertionError [ERR_ASSERTION]: Expected values to be loosely deep-equal:\n\nfalse\n\nshould loosely deep-equal\n\ntrue\n    at test (/tmp/tmpipxe33sc.js:16:10)\n    at Object.<anonymous> (/tmp/tmpipxe33sc.js:21:1)\n    at Module._compile (node:internal/modules/cjs/loader:1120:14)\n    at Module._extensions..js (node:internal/modules/cjs/loader:1174:10)\n    at Module.load (node:internal/modules/cjs/loader:998:32)\n    at Module._load (node:internal/modules/cjs/loader:839:12)\n    at Function.executeUserEntryPoint [as runMain] (node:internal/modules/run_main:81:12)\n    at node:internal/main/run_main_module:17:47 {\n  generatedMessage: true,\n  code: 'ERR_ASSERTION',\n  actual: false,\n  expected: true,\n  operator: 'deepEqual'\n}\n\nNode.js v18.7.0\n",
      "exit_code": 1,
      "status": "AssertionError"
    },
    {
      "program": "//Write a function to check if the given tuples contain the k or not.\nfunction check_K(test_tup, K){\n    if (test_tup[0] == K || test_tup[1] == K || test_tup[2] == K){\n        return true;\n    }\n    else{\n        return false;\n    }\n}\ncheck_K(test_tup, K);\n\nconst assert = require('node:assert');\n\n\nfunction test() {\n  let candidate = check_K;\n  assert.deepEqual(candidate([10, 4, 5, 6, 8], 6),true);\n  assert.deepEqual(candidate([1, 2, 3, 4, 5, 6], 7),false);\n  assert.deepEqual(candidate([7, 8, 9, 44, 11, 12], 11),true);\n}\n\ntest();",
      "timestamp": 1665509864,
      "stdout": "",
      "stderr": "/tmp/tmpfabbwakm.js:10\ncheck_K(test_tup, K);\n        ^\n\nReferenceError: test_tup is not defined\n    at Object.<anonymous> (/tmp/tmpfabbwakm.js:10:9)\n    at Module._compile (node:internal/modules/cjs/loader:1120:14)\n    at Module._extensions..js (node:internal/modules/cjs/loader:1174:10)\n    at Module.load (node:internal/modules/cjs/loader:998:32)\n    at Module._load (node:internal/modules/cjs/loader:839:12)\n    at Function.executeUserEntryPoint [as runMain] (node:internal/modules/run_main:81:12)\n    at node:internal/main/run_main_module:17:47\n\nNode.js v18.7.0\n",
      "exit_code": 1,
      "status": "ReferenceError"
    },
    {
      "program": "//Write a function to check if the given tuples contain the k or not.\nfunction check_K(test_tup, K){\n    if (test_tup.includes(K)){\n        return true;\n    }\n    else{\n        return false;\n    }\n}\nconst assert = require('node:assert');\n\n\nfunction test() {\n  let candidate = check_K;\n  assert.deepEqual(candidate([10, 4, 5, 6, 8], 6),true);\n  assert.deepEqual(candidate([1, 2, 3, 4, 5, 6], 7),false);\n  assert.deepEqual(candidate([7, 8, 9, 44, 11, 12], 11),true);\n}\n\ntest();",
      "timestamp": 1665509864,
      "stdout": "",
      "stderr": "",
      "exit_code": 0,
      "status": "OK"
    },
    {
      "program": "//Write a function to check if the given tuples contain the k or not.\nfunction check_K(test_tup, K){\n    if (test_tup[0] == K || test_tup[1] == K || test_tup[2] == K){\n        return true;\n    }\n    else{\n        return false;\n    }\n}\n\nconst assert = require('node:assert');\n\n\nfunction test() {\n  let candidate = check_K;\n  assert.deepEqual(candidate([10, 4, 5, 6, 8], 6),true);\n  assert.deepEqual(candidate([1, 2, 3, 4, 5, 6], 7),false);\n  assert.deepEqual(candidate([7, 8, 9, 44, 11, 12], 11),true);\n}\n\ntest();",
      "timestamp": 1665509864,
      "stdout": "",
      "stderr": "node:assert:124\n  throw new AssertionError(obj);\n  ^\n\nAssertionError [ERR_ASSERTION]: Expected values to be loosely deep-equal:\n\nfalse\n\nshould loosely deep-equal\n\ntrue\n    at test (/tmp/tmpipxe33sc.js:16:10)\n    at Object.<anonymous> (/tmp/tmpipxe33sc.js:21:1)\n    at Module._compile (node:internal/modules/cjs/loader:1120:14)\n    at Module._extensions..js (node:internal/modules/cjs/loader:1174:10)\n    at Module.load (node:internal/modules/cjs/loader:998:32)\n    at Module._load (node:internal/modules/cjs/loader:839:12)\n    at Function.executeUserEntryPoint [as runMain] (node:internal/modules/run_main:81:12)\n    at node:internal/main/run_main_module:17:47 {\n  generatedMessage: true,\n  code: 'ERR_ASSERTION',\n  actual: false,\n  expected: true,\n  operator: 'deepEqual'\n}\n\nNode.js v18.7.0\n",
      "exit_code": 1,
      "status": "AssertionError"
    },
    {
      "program": "//Write a function to check if the given tuples contain the k or not.\nfunction check_K(test_tup, K){\n    if (test_tup[0] == K || test_tup[1] == K || test_tup[2] == K){\n        return true;\n    }\n    else{\n        return false;\n    }\n}\nconst assert = require('node:assert');\n\n\nfunction test() {\n  let candidate = check_K;\n  assert.deepEqual(candidate([10, 4, 5, 6, 8], 6),true);\n  assert.deepEqual(candidate([1, 2, 3, 4, 5, 6], 7),false);\n  assert.deepEqual(candidate([7, 8, 9, 44, 11, 12], 11),true);\n}\n\ntest();",
      "timestamp": 1666124283,
      "stdout": "",
      "stderr": "node:assert:124\n  throw new AssertionError(obj);\n  ^\n\nAssertionError [ERR_ASSERTION]: Expected values to be loosely deep-equal:\n\nfalse\n\nshould loosely deep-equal\n\ntrue\n    at test (/tmp/tmp03xre7q6.js:15:10)\n    at Object.<anonymous> (/tmp/tmp03xre7q6.js:20:1)\n    at Module._compile (node:internal/modules/cjs/loader:1120:14)\n    at Module._extensions..js (node:internal/modules/cjs/loader:1174:10)\n    at Module.load (node:internal/modules/cjs/loader:998:32)\n    at Module._load (node:internal/modules/cjs/loader:839:12)\n    at Function.executeUserEntryPoint [as runMain] (node:internal/modules/run_main:81:12)\n    at node:internal/main/run_main_module:17:47 {\n  generatedMessage: true,\n  code: 'ERR_ASSERTION',\n  actual: false,\n  expected: true,\n  operator: 'deepEqual'\n}\n\nNode.js v18.7.0\n",
      "exit_code": 1,
      "status": "AssertionError"
    },
    {
      "program": "//Write a function to check if the given tuples contain the k or not.\nfunction check_K(test_tup, K){\n    if (test_tup.includes(K)){\n        return true;\n    }\n    else{\n        return false;\n    }\n}\nconst assert = require('node:assert');\n\n\nfunction test() {\n  let candidate = check_K;\n  assert.deepEqual(candidate([10, 4, 5, 6, 8], 6),true);\n  assert.deepEqual(candidate([1, 2, 3, 4, 5, 6], 7),false);\n  assert.deepEqual(candidate([7, 8, 9, 44, 11, 12], 11),true);\n}\n\ntest();",
      "timestamp": 1665509864,
      "stdout": "",
      "stderr": "",
      "exit_code": 0,
      "status": "OK"
    },
    {
      "program": "//Write a function to check if the given tuples contain the k or not.\nfunction check_K(test_tup, K){\n    if (test_tup[0] == K || test_tup[1] == K || test_tup[2] == K){\n        return true;\n    }\n    else{\n        return false;\n    }\n}\nconst assert = require('node:assert');\n\n\nfunction test() {\n  let candidate = check_K;\n  assert.deepEqual(candidate([10, 4, 5, 6, 8], 6),true);\n  assert.deepEqual(candidate([1, 2, 3, 4, 5, 6], 7),false);\n  assert.deepEqual(candidate([7, 8, 9, 44, 11, 12], 11),true);\n}\n\ntest();",
      "timestamp": 1666124283,
      "stdout": "",
      "stderr": "node:assert:124\n  throw new AssertionError(obj);\n  ^\n\nAssertionError [ERR_ASSERTION]: Expected values to be loosely deep-equal:\n\nfalse\n\nshould loosely deep-equal\n\ntrue\n    at test (/tmp/tmp03xre7q6.js:15:10)\n    at Object.<anonymous> (/tmp/tmp03xre7q6.js:20:1)\n    at Module._compile (node:internal/modules/cjs/loader:1120:14)\n    at Module._extensions..js (node:internal/modules/cjs/loader:1174:10)\n    at Module.load (node:internal/modules/cjs/loader:998:32)\n    at Module._load (node:internal/modules/cjs/loader:839:12)\n    at Function.executeUserEntryPoint [as runMain] (node:internal/modules/run_main:81:12)\n    at node:internal/main/run_main_module:17:47 {\n  generatedMessage: true,\n  code: 'ERR_ASSERTION',\n  actual: false,\n  expected: true,\n  operator: 'deepEqual'\n}\n\nNode.js v18.7.0\n",
      "exit_code": 1,
      "status": "AssertionError"
    },
    {
      "program": "//Write a function to check if the given tuples contain the k or not.\nfunction check_K(test_tup, K){\n    if (test_tup.includes(K)){\n        return true;\n    }\n    else{\n        return false;\n    }\n}\nconst assert = require('node:assert');\n\n\nfunction test() {\n  let candidate = check_K;\n  assert.deepEqual(candidate([10, 4, 5, 6, 8], 6),true);\n  assert.deepEqual(candidate([1, 2, 3, 4, 5, 6], 7),false);\n  assert.deepEqual(candidate([7, 8, 9, 44, 11, 12], 11),true);\n}\n\ntest();",
      "timestamp": 1665509864,
      "stdout": "",
      "stderr": "",
      "exit_code": 0,
      "status": "OK"
    },
    {
      "program": "//Write a function to check if the given tuples contain the k or not.\nfunction check_K(test_tup, K){\n    if (test_tup.includes(K)){\n        console.log(`${K} is present in the tuple`);\n    }\n    else{\n        console.log(`${K} is not present in the tuple`);\n    }\n}\ncheck_K(test_tup, K);\n\nconst assert = require('node:assert');\n\n\nfunction test() {\n  let candidate = check_K;\n  assert.deepEqual(candidate([10, 4, 5, 6, 8], 6),true);\n  assert.deepEqual(candidate([1, 2, 3, 4, 5, 6], 7),false);\n  assert.deepEqual(candidate([7, 8, 9, 44, 11, 12], 11),true);\n}\n\ntest();",
      "timestamp": 1666124283,
      "stdout": "",
      "stderr": "/tmp/tmp15ajrezi.js:10\ncheck_K(test_tup, K);\n        ^\n\nReferenceError: test_tup is not defined\n    at Object.<anonymous> (/tmp/tmp15ajrezi.js:10:9)\n    at Module._compile (node:internal/modules/cjs/loader:1120:14)\n    at Module._extensions..js (node:internal/modules/cjs/loader:1174:10)\n    at Module.load (node:internal/modules/cjs/loader:998:32)\n    at Module._load (node:internal/modules/cjs/loader:839:12)\n    at Function.executeUserEntryPoint [as runMain] (node:internal/modules/run_main:81:12)\n    at node:internal/main/run_main_module:17:47\n\nNode.js v18.7.0\n",
      "exit_code": 1,
      "status": "ReferenceError"
    },
    {
      "program": "//Write a function to check if the given tuples contain the k or not.\nfunction check_K(test_tup, K){\n    if (test_tup[0] == K || test_tup[1] == K || test_tup[2] == K) {\n        return true;\n    }\n    else {\n        return false;\n    }\n}\nconst assert = require('node:assert');\n\n\nfunction test() {\n  let candidate = check_K;\n  assert.deepEqual(candidate([10, 4, 5, 6, 8], 6),true);\n  assert.deepEqual(candidate([1, 2, 3, 4, 5, 6], 7),false);\n  assert.deepEqual(candidate([7, 8, 9, 44, 11, 12], 11),true);\n}\n\ntest();",
      "timestamp": 1666124283,
      "stdout": "",
      "stderr": "node:assert:124\n  throw new AssertionError(obj);\n  ^\n\nAssertionError [ERR_ASSERTION]: Expected values to be loosely deep-equal:\n\nfalse\n\nshould loosely deep-equal\n\ntrue\n    at test (/tmp/tmp848jq35_.js:15:10)\n    at Object.<anonymous> (/tmp/tmp848jq35_.js:20:1)\n    at Module._compile (node:internal/modules/cjs/loader:1120:14)\n    at Module._extensions..js (node:internal/modules/cjs/loader:1174:10)\n    at Module.load (node:internal/modules/cjs/loader:998:32)\n    at Module._load (node:internal/modules/cjs/loader:839:12)\n    at Function.executeUserEntryPoint [as runMain] (node:internal/modules/run_main:81:12)\n    at node:internal/main/run_main_module:17:47 {\n  generatedMessage: true,\n  code: 'ERR_ASSERTION',\n  actual: false,\n  expected: true,\n  operator: 'deepEqual'\n}\n\nNode.js v18.7.0\n",
      "exit_code": 1,
      "status": "AssertionError"
    },
    {
      "program": "//Write a function to check if the given tuples contain the k or not.\nfunction check_K(test_tup, K){\n    var flag = false;\n    for(var i = 0; i < test_tup.length; i++){\n        if(test_tup[i] == K){\n            flag = true;\n            break;\n        }\n    }\n    return flag;\n}\nconst assert = require('node:assert');\n\n\nfunction test() {\n  let candidate = check_K;\n  assert.deepEqual(candidate([10, 4, 5, 6, 8], 6),true);\n  assert.deepEqual(candidate([1, 2, 3, 4, 5, 6], 7),false);\n  assert.deepEqual(candidate([7, 8, 9, 44, 11, 12], 11),true);\n}\n\ntest();",
      "timestamp": 1666124283,
      "stdout": "",
      "stderr": "",
      "exit_code": 0,
      "status": "OK"
    },
    {
      "program": "//Write a function to check if the given tuples contain the k or not.\nfunction check_K(test_tup, K){\n    var flag = false;\n    for(var i=0; i<test_tup.length; i++){\n        if(test_tup[i] == K){\n            flag = true;\n            break;\n        }\n    }\n    return flag;\n}\nconst assert = require('node:assert');\n\n\nfunction test() {\n  let candidate = check_K;\n  assert.deepEqual(candidate([10, 4, 5, 6, 8], 6),true);\n  assert.deepEqual(candidate([1, 2, 3, 4, 5, 6], 7),false);\n  assert.deepEqual(candidate([7, 8, 9, 44, 11, 12], 11),true);\n}\n\ntest();",
      "timestamp": 1666124283,
      "stdout": "",
      "stderr": "",
      "exit_code": 0,
      "status": "OK"
    },
    {
      "program": "//Write a function to check if the given tuples contain the k or not.\nfunction check_K(test_tup, K){\n    if (test_tup[0] == K || test_tup[1] == K || test_tup[2] == K){\n        return true;\n    }\n    else{\n        return false;\n    }\n}\n\nconst assert = require('node:assert');\n\n\nfunction test() {\n  let candidate = check_K;\n  assert.deepEqual(candidate([10, 4, 5, 6, 8], 6),true);\n  assert.deepEqual(candidate([1, 2, 3, 4, 5, 6], 7),false);\n  assert.deepEqual(candidate([7, 8, 9, 44, 11, 12], 11),true);\n}\n\ntest();",
      "timestamp": 1665509864,
      "stdout": "",
      "stderr": "node:assert:124\n  throw new AssertionError(obj);\n  ^\n\nAssertionError [ERR_ASSERTION]: Expected values to be loosely deep-equal:\n\nfalse\n\nshould loosely deep-equal\n\ntrue\n    at test (/tmp/tmpipxe33sc.js:16:10)\n    at Object.<anonymous> (/tmp/tmpipxe33sc.js:21:1)\n    at Module._compile (node:internal/modules/cjs/loader:1120:14)\n    at Module._extensions..js (node:internal/modules/cjs/loader:1174:10)\n    at Module.load (node:internal/modules/cjs/loader:998:32)\n    at Module._load (node:internal/modules/cjs/loader:839:12)\n    at Function.executeUserEntryPoint [as runMain] (node:internal/modules/run_main:81:12)\n    at node:internal/main/run_main_module:17:47 {\n  generatedMessage: true,\n  code: 'ERR_ASSERTION',\n  actual: false,\n  expected: true,\n  operator: 'deepEqual'\n}\n\nNode.js v18.7.0\n",
      "exit_code": 1,
      "status": "AssertionError"
    },
    {
      "program": "//Write a function to check if the given tuples contain the k or not.\nfunction check_K(test_tup, K){\n    for (var i = 0; i < test_tup.length; i++){\n        if (test_tup[i] == K){\n            return true;\n        }\n    }\n    return false;\n}\nconst assert = require('node:assert');\n\n\nfunction test() {\n  let candidate = check_K;\n  assert.deepEqual(candidate([10, 4, 5, 6, 8], 6),true);\n  assert.deepEqual(candidate([1, 2, 3, 4, 5, 6], 7),false);\n  assert.deepEqual(candidate([7, 8, 9, 44, 11, 12], 11),true);\n}\n\ntest();",
      "timestamp": 1666124283,
      "stdout": "",
      "stderr": "",
      "exit_code": 0,
      "status": "OK"
    },
    {
      "program": "//Write a function to check if the given tuples contain the k or not.\nfunction check_K(test_tup, K){\n    if (test_tup.includes(K)){\n        return true;\n    }\n    else{\n        return false;\n    }\n}\nconst assert = require('node:assert');\n\n\nfunction test() {\n  let candidate = check_K;\n  assert.deepEqual(candidate([10, 4, 5, 6, 8], 6),true);\n  assert.deepEqual(candidate([1, 2, 3, 4, 5, 6], 7),false);\n  assert.deepEqual(candidate([7, 8, 9, 44, 11, 12], 11),true);\n}\n\ntest();",
      "timestamp": 1665509864,
      "stdout": "",
      "stderr": "",
      "exit_code": 0,
      "status": "OK"
    },
    {
      "program": "//Write a function to check if the given tuples contain the k or not.\nfunction check_K(test_tup, K){\n    if (test_tup[0] == K || test_tup[1] == K || test_tup[2] == K){\n        return true;\n    }\n    else{\n        return false;\n    }\n}\n\ncheck_K(test_tup, K);\n\nconst assert = require('node:assert');\n\n\nfunction test() {\n  let candidate = check_K;\n  assert.deepEqual(candidate([10, 4, 5, 6, 8], 6),true);\n  assert.deepEqual(candidate([1, 2, 3, 4, 5, 6], 7),false);\n  assert.deepEqual(candidate([7, 8, 9, 44, 11, 12], 11),true);\n}\n\ntest();",
      "timestamp": 1666124283,
      "stdout": "",
      "stderr": "/tmp/tmp6964cn4i.js:11\ncheck_K(test_tup, K);\n        ^\n\nReferenceError: test_tup is not defined\n    at Object.<anonymous> (/tmp/tmp6964cn4i.js:11:9)\n    at Module._compile (node:internal/modules/cjs/loader:1120:14)\n    at Module._extensions..js (node:internal/modules/cjs/loader:1174:10)\n    at Module.load (node:internal/modules/cjs/loader:998:32)\n    at Module._load (node:internal/modules/cjs/loader:839:12)\n    at Function.executeUserEntryPoint [as runMain] (node:internal/modules/run_main:81:12)\n    at node:internal/main/run_main_module:17:47\n\nNode.js v18.7.0\n",
      "exit_code": 1,
      "status": "ReferenceError"
    },
    {
      "program": "//Write a function to check if the given tuples contain the k or not.\nfunction check_K(test_tup, K){\n    var flag = false;\n    for(var i = 0; i < test_tup.length; i++){\n        if(test_tup[i] == K){\n            flag = true;\n            break;\n        }\n    }\n    return flag;\n}\n\nconst assert = require('node:assert');\n\n\nfunction test() {\n  let candidate = check_K;\n  assert.deepEqual(candidate([10, 4, 5, 6, 8], 6),true);\n  assert.deepEqual(candidate([1, 2, 3, 4, 5, 6], 7),false);\n  assert.deepEqual(candidate([7, 8, 9, 44, 11, 12], 11),true);\n}\n\ntest();",
      "timestamp": 1666124283,
      "stdout": "",
      "stderr": "",
      "exit_code": 0,
      "status": "OK"
    },
    {
      "program": "//Write a function to check if the given tuples contain the k or not.\nfunction check_K(test_tup, K){\n    var flag = false;\n    for (var i = 0; i < test_tup.length; i++){\n        if (test_tup[i] == K){\n            flag = true;\n            break;\n        }\n    }\n    return flag;\n}\nconst assert = require('node:assert');\n\n\nfunction test() {\n  let candidate = check_K;\n  assert.deepEqual(candidate([10, 4, 5, 6, 8], 6),true);\n  assert.deepEqual(candidate([1, 2, 3, 4, 5, 6], 7),false);\n  assert.deepEqual(candidate([7, 8, 9, 44, 11, 12], 11),true);\n}\n\ntest();",
      "timestamp": 1665509864,
      "stdout": "",
      "stderr": "",
      "exit_code": 0,
      "status": "OK"
    },
    {
      "program": "//Write a function to check if the given tuples contain the k or not.\nfunction check_K(test_tup, K){\n    if (test_tup[0] == K || test_tup[1] == K || test_tup[2] == K || test_tup[3] == K){\n        return true;\n    }\n    else{\n        return false;\n    }\n}\n\nconst assert = require('node:assert');\n\n\nfunction test() {\n  let candidate = check_K;\n  assert.deepEqual(candidate([10, 4, 5, 6, 8], 6),true);\n  assert.deepEqual(candidate([1, 2, 3, 4, 5, 6], 7),false);\n  assert.deepEqual(candidate([7, 8, 9, 44, 11, 12], 11),true);\n}\n\ntest();",
      "timestamp": 1666124283,
      "stdout": "",
      "stderr": "node:assert:124\n  throw new AssertionError(obj);\n  ^\n\nAssertionError [ERR_ASSERTION]: Expected values to be loosely deep-equal:\n\nfalse\n\nshould loosely deep-equal\n\ntrue\n    at test (/tmp/tmp7nvwkx3_.js:18:10)\n    at Object.<anonymous> (/tmp/tmp7nvwkx3_.js:21:1)\n    at Module._compile (node:internal/modules/cjs/loader:1120:14)\n    at Module._extensions..js (node:internal/modules/cjs/loader:1174:10)\n    at Module.load (node:internal/modules/cjs/loader:998:32)\n    at Module._load (node:internal/modules/cjs/loader:839:12)\n    at Function.executeUserEntryPoint [as runMain] (node:internal/modules/run_main:81:12)\n    at node:internal/main/run_main_module:17:47 {\n  generatedMessage: true,\n  code: 'ERR_ASSERTION',\n  actual: false,\n  expected: true,\n  operator: 'deepEqual'\n}\n\nNode.js v18.7.0\n",
      "exit_code": 1,
      "status": "AssertionError"
    },
    {
      "program": "//Write a function to check if the given tuples contain the k or not.\nfunction check_K(test_tup, K){\n    var flag = false;\n    for (var i = 0; i < test_tup.length; i++){\n        if (test_tup[i] == K){\n            flag = true;\n            break;\n        }\n    }\n    return flag;\n}\nconst assert = require('node:assert');\n\n\nfunction test() {\n  let candidate = check_K;\n  assert.deepEqual(candidate([10, 4, 5, 6, 8], 6),true);\n  assert.deepEqual(candidate([1, 2, 3, 4, 5, 6], 7),false);\n  assert.deepEqual(candidate([7, 8, 9, 44, 11, 12], 11),true);\n}\n\ntest();",
      "timestamp": 1665509864,
      "stdout": "",
      "stderr": "",
      "exit_code": 0,
      "status": "OK"
    },
    {
      "program": "//Write a function to check if the given tuples contain the k or not.\nfunction check_K(test_tup, K){\n    if (test_tup[0] == K || test_tup[1] == K || test_tup[2] == K){\n        return true;\n    }\n    else{\n        return false;\n    }\n}\nconst assert = require('node:assert');\n\n\nfunction test() {\n  let candidate = check_K;\n  assert.deepEqual(candidate([10, 4, 5, 6, 8], 6),true);\n  assert.deepEqual(candidate([1, 2, 3, 4, 5, 6], 7),false);\n  assert.deepEqual(candidate([7, 8, 9, 44, 11, 12], 11),true);\n}\n\ntest();",
      "timestamp": 1666124283,
      "stdout": "",
      "stderr": "node:assert:124\n  throw new AssertionError(obj);\n  ^\n\nAssertionError [ERR_ASSERTION]: Expected values to be loosely deep-equal:\n\nfalse\n\nshould loosely deep-equal\n\ntrue\n    at test (/tmp/tmp03xre7q6.js:15:10)\n    at Object.<anonymous> (/tmp/tmp03xre7q6.js:20:1)\n    at Module._compile (node:internal/modules/cjs/loader:1120:14)\n    at Module._extensions..js (node:internal/modules/cjs/loader:1174:10)\n    at Module.load (node:internal/modules/cjs/loader:998:32)\n    at Module._load (node:internal/modules/cjs/loader:839:12)\n    at Function.executeUserEntryPoint [as runMain] (node:internal/modules/run_main:81:12)\n    at node:internal/main/run_main_module:17:47 {\n  generatedMessage: true,\n  code: 'ERR_ASSERTION',\n  actual: false,\n  expected: true,\n  operator: 'deepEqual'\n}\n\nNode.js v18.7.0\n",
      "exit_code": 1,
      "status": "AssertionError"
    },
    {
      "program": "//Write a function to check if the given tuples contain the k or not.\nfunction check_K(test_tup, K){\n    if (test_tup[0] == K || test_tup[1] == K || test_tup[2] == K){\n        return true;\n    }\n    else{\n        return false;\n    }\n}\n\nconst assert = require('node:assert');\n\n\nfunction test() {\n  let candidate = check_K;\n  assert.deepEqual(candidate([10, 4, 5, 6, 8], 6),true);\n  assert.deepEqual(candidate([1, 2, 3, 4, 5, 6], 7),false);\n  assert.deepEqual(candidate([7, 8, 9, 44, 11, 12], 11),true);\n}\n\ntest();",
      "timestamp": 1665509864,
      "stdout": "",
      "stderr": "node:assert:124\n  throw new AssertionError(obj);\n  ^\n\nAssertionError [ERR_ASSERTION]: Expected values to be loosely deep-equal:\n\nfalse\n\nshould loosely deep-equal\n\ntrue\n    at test (/tmp/tmpipxe33sc.js:16:10)\n    at Object.<anonymous> (/tmp/tmpipxe33sc.js:21:1)\n    at Module._compile (node:internal/modules/cjs/loader:1120:14)\n    at Module._extensions..js (node:internal/modules/cjs/loader:1174:10)\n    at Module.load (node:internal/modules/cjs/loader:998:32)\n    at Module._load (node:internal/modules/cjs/loader:839:12)\n    at Function.executeUserEntryPoint [as runMain] (node:internal/modules/run_main:81:12)\n    at node:internal/main/run_main_module:17:47 {\n  generatedMessage: true,\n  code: 'ERR_ASSERTION',\n  actual: false,\n  expected: true,\n  operator: 'deepEqual'\n}\n\nNode.js v18.7.0\n",
      "exit_code": 1,
      "status": "AssertionError"
    },
    {
      "program": "//Write a function to check if the given tuples contain the k or not.\nfunction check_K(test_tup, K){\n    var flag = false;\n    for(var i = 0; i < test_tup.length; i++){\n        if(test_tup[i] == K){\n            flag = true;\n            break;\n        }\n    }\n    if(flag){\n        console.log(\"K is present in the tuple\");\n    }\n    else{\n        console.log(\"K is not present in the tuple\");\n    }\n}\ncheck_K([1, 2, 3, 4, 5, 6], 5);\ncheck_K([1, 2, 3, 4, 5, 6], 7);\n\nconst assert = require('node:assert');\n\n\nfunction test() {\n  let candidate = check_K;\n  assert.deepEqual(candidate([10, 4, 5, 6, 8], 6),true);\n  assert.deepEqual(candidate([1, 2, 3, 4, 5, 6], 7),false);\n  assert.deepEqual(candidate([7, 8, 9, 44, 11, 12], 11),true);\n}\n\ntest();",
      "timestamp": 1666124283,
      "stdout": "K is present in the tuple\nK is not present in the tuple\nK is present in the tuple\n",
      "stderr": "node:assert:124\n  throw new AssertionError(obj);\n  ^\n\nAssertionError [ERR_ASSERTION]: Expected values to be loosely deep-equal:\n\nundefined\n\nshould loosely deep-equal\n\ntrue\n    at test (/tmp/tmp40h1zm3k.js:25:10)\n    at Object.<anonymous> (/tmp/tmp40h1zm3k.js:30:1)\n    at Module._compile (node:internal/modules/cjs/loader:1120:14)\n    at Module._extensions..js (node:internal/modules/cjs/loader:1174:10)\n    at Module.load (node:internal/modules/cjs/loader:998:32)\n    at Module._load (node:internal/modules/cjs/loader:839:12)\n    at Function.executeUserEntryPoint [as runMain] (node:internal/modules/run_main:81:12)\n    at node:internal/main/run_main_module:17:47 {\n  generatedMessage: true,\n  code: 'ERR_ASSERTION',\n  actual: undefined,\n  expected: true,\n  operator: 'deepEqual'\n}\n\nNode.js v18.7.0\n",
      "exit_code": 1,
      "status": "AssertionError"
    },
    {
      "program": "//Write a function to check if the given tuples contain the k or not.\nfunction check_K(test_tup, K){\n    if (test_tup[0] == K || test_tup[1] == K || test_tup[2] == K){\n        return true;\n    }\n    else{\n        return false;\n    }\n}\ncheck_K(test_tup, K);\n\nconst assert = require('node:assert');\n\n\nfunction test() {\n  let candidate = check_K;\n  assert.deepEqual(candidate([10, 4, 5, 6, 8], 6),true);\n  assert.deepEqual(candidate([1, 2, 3, 4, 5, 6], 7),false);\n  assert.deepEqual(candidate([7, 8, 9, 44, 11, 12], 11),true);\n}\n\ntest();",
      "timestamp": 1665509864,
      "stdout": "",
      "stderr": "/tmp/tmpfabbwakm.js:10\ncheck_K(test_tup, K);\n        ^\n\nReferenceError: test_tup is not defined\n    at Object.<anonymous> (/tmp/tmpfabbwakm.js:10:9)\n    at Module._compile (node:internal/modules/cjs/loader:1120:14)\n    at Module._extensions..js (node:internal/modules/cjs/loader:1174:10)\n    at Module.load (node:internal/modules/cjs/loader:998:32)\n    at Module._load (node:internal/modules/cjs/loader:839:12)\n    at Function.executeUserEntryPoint [as runMain] (node:internal/modules/run_main:81:12)\n    at node:internal/main/run_main_module:17:47\n\nNode.js v18.7.0\n",
      "exit_code": 1,
      "status": "ReferenceError"
    },
    {
      "program": "//Write a function to check if the given tuples contain the k or not.\nfunction check_K(test_tup, K){\n    if (test_tup.includes(K)){\n        return true;\n    }\n    else{\n        return false;\n    }\n}\n\nconst assert = require('node:assert');\n\n\nfunction test() {\n  let candidate = check_K;\n  assert.deepEqual(candidate([10, 4, 5, 6, 8], 6),true);\n  assert.deepEqual(candidate([1, 2, 3, 4, 5, 6], 7),false);\n  assert.deepEqual(candidate([7, 8, 9, 44, 11, 12], 11),true);\n}\n\ntest();",
      "timestamp": 1665509864,
      "stdout": "",
      "stderr": "",
      "exit_code": 0,
      "status": "OK"
    },
    {
      "program": "//Write a function to check if the given tuples contain the k or not.\nfunction check_K(test_tup, K){\n    if (test_tup.includes(K)){\n        return true;\n    }\n    else{\n        return false;\n    }\n}\nconst assert = require('node:assert');\n\n\nfunction test() {\n  let candidate = check_K;\n  assert.deepEqual(candidate([10, 4, 5, 6, 8], 6),true);\n  assert.deepEqual(candidate([1, 2, 3, 4, 5, 6], 7),false);\n  assert.deepEqual(candidate([7, 8, 9, 44, 11, 12], 11),true);\n}\n\ntest();",
      "timestamp": 1665509864,
      "stdout": "",
      "stderr": "",
      "exit_code": 0,
      "status": "OK"
    },
    {
      "program": "//Write a function to check if the given tuples contain the k or not.\nfunction check_K(test_tup, K){\n    if (test_tup.includes(K)){\n        console.log(true);\n    }else{\n        console.log(false);\n    }\n}\ncheck_K([1, 2, 3, 4, 5, 6], 3);\ncheck_K([1, 2, 3, 4, 5, 6], 7);\n\nconst assert = require('node:assert');\n\n\nfunction test() {\n  let candidate = check_K;\n  assert.deepEqual(candidate([10, 4, 5, 6, 8], 6),true);\n  assert.deepEqual(candidate([1, 2, 3, 4, 5, 6], 7),false);\n  assert.deepEqual(candidate([7, 8, 9, 44, 11, 12], 11),true);\n}\n\ntest();",
      "timestamp": 1666124283,
      "stdout": "true\nfalse\ntrue\n",
      "stderr": "node:assert:124\n  throw new AssertionError(obj);\n  ^\n\nAssertionError [ERR_ASSERTION]: Expected values to be loosely deep-equal:\n\nundefined\n\nshould loosely deep-equal\n\ntrue\n    at test (/tmp/tmpxbspq4w3.js:17:10)\n    at Object.<anonymous> (/tmp/tmpxbspq4w3.js:22:1)\n    at Module._compile (node:internal/modules/cjs/loader:1120:14)\n    at Module._extensions..js (node:internal/modules/cjs/loader:1174:10)\n    at Module.load (node:internal/modules/cjs/loader:998:32)\n    at Module._load (node:internal/modules/cjs/loader:839:12)\n    at Function.executeUserEntryPoint [as runMain] (node:internal/modules/run_main:81:12)\n    at node:internal/main/run_main_module:17:47 {\n  generatedMessage: true,\n  code: 'ERR_ASSERTION',\n  actual: undefined,\n  expected: true,\n  operator: 'deepEqual'\n}\n\nNode.js v18.7.0\n",
      "exit_code": 1,
      "status": "AssertionError"
    },
    {
      "program": "//Write a function to check if the given tuples contain the k or not.\nfunction check_K(test_tup, K){\n    var flag = false;\n    for(var i = 0; i < test_tup.length; i++){\n        if(test_tup[i] == K){\n            flag = true;\n            break;\n        }\n    }\n    if(flag){\n        console.log(\"K is present in the tuple\");\n    }\n    else{\n        console.log(\"K is not present in the tuple\");\n    }\n}\ncheck_K(test_tup, K);\n\nconst assert = require('node:assert');\n\n\nfunction test() {\n  let candidate = check_K;\n  assert.deepEqual(candidate([10, 4, 5, 6, 8], 6),true);\n  assert.deepEqual(candidate([1, 2, 3, 4, 5, 6], 7),false);\n  assert.deepEqual(candidate([7, 8, 9, 44, 11, 12], 11),true);\n}\n\ntest();",
      "timestamp": 1666124283,
      "stdout": "",
      "stderr": "/tmp/tmpwi6aad3m.js:17\ncheck_K(test_tup, K);\n        ^\n\nReferenceError: test_tup is not defined\n    at Object.<anonymous> (/tmp/tmpwi6aad3m.js:17:9)\n    at Module._compile (node:internal/modules/cjs/loader:1120:14)\n    at Module._extensions..js (node:internal/modules/cjs/loader:1174:10)\n    at Module.load (node:internal/modules/cjs/loader:998:32)\n    at Module._load (node:internal/modules/cjs/loader:839:12)\n    at Function.executeUserEntryPoint [as runMain] (node:internal/modules/run_main:81:12)\n    at node:internal/main/run_main_module:17:47\n\nNode.js v18.7.0\n",
      "exit_code": 1,
      "status": "ReferenceError"
    },
    {
      "program": "//Write a function to check if the given tuples contain the k or not.\nfunction check_K(test_tup, K){\n    if (test_tup[0] == K || test_tup[1] == K || test_tup[2] == K || test_tup[3] == K){\n        return true;\n    }\n    else{\n        return false;\n    }\n}\n\nconst assert = require('node:assert');\n\n\nfunction test() {\n  let candidate = check_K;\n  assert.deepEqual(candidate([10, 4, 5, 6, 8], 6),true);\n  assert.deepEqual(candidate([1, 2, 3, 4, 5, 6], 7),false);\n  assert.deepEqual(candidate([7, 8, 9, 44, 11, 12], 11),true);\n}\n\ntest();",
      "timestamp": 1666124283,
      "stdout": "",
      "stderr": "node:assert:124\n  throw new AssertionError(obj);\n  ^\n\nAssertionError [ERR_ASSERTION]: Expected values to be loosely deep-equal:\n\nfalse\n\nshould loosely deep-equal\n\ntrue\n    at test (/tmp/tmp7nvwkx3_.js:18:10)\n    at Object.<anonymous> (/tmp/tmp7nvwkx3_.js:21:1)\n    at Module._compile (node:internal/modules/cjs/loader:1120:14)\n    at Module._extensions..js (node:internal/modules/cjs/loader:1174:10)\n    at Module.load (node:internal/modules/cjs/loader:998:32)\n    at Module._load (node:internal/modules/cjs/loader:839:12)\n    at Function.executeUserEntryPoint [as runMain] (node:internal/modules/run_main:81:12)\n    at node:internal/main/run_main_module:17:47 {\n  generatedMessage: true,\n  code: 'ERR_ASSERTION',\n  actual: false,\n  expected: true,\n  operator: 'deepEqual'\n}\n\nNode.js v18.7.0\n",
      "exit_code": 1,
      "status": "AssertionError"
    },
    {
      "program": "//Write a function to check if the given tuples contain the k or not.\nfunction check_K(test_tup, K){\n    if (test_tup.includes(K)){\n        return true;\n    }\n    else{\n        return false;\n    }\n}\nconst assert = require('node:assert');\n\n\nfunction test() {\n  let candidate = check_K;\n  assert.deepEqual(candidate([10, 4, 5, 6, 8], 6),true);\n  assert.deepEqual(candidate([1, 2, 3, 4, 5, 6], 7),false);\n  assert.deepEqual(candidate([7, 8, 9, 44, 11, 12], 11),true);\n}\n\ntest();",
      "timestamp": 1665509864,
      "stdout": "",
      "stderr": "",
      "exit_code": 0,
      "status": "OK"
    },
    {
      "program": "//Write a function to check if the given tuples contain the k or not.\nfunction check_K(test_tup, K){\n    if (test_tup.includes(K)){\n        return true;\n    }\n    else{\n        return false;\n    }\n}\nconst assert = require('node:assert');\n\n\nfunction test() {\n  let candidate = check_K;\n  assert.deepEqual(candidate([10, 4, 5, 6, 8], 6),true);\n  assert.deepEqual(candidate([1, 2, 3, 4, 5, 6], 7),false);\n  assert.deepEqual(candidate([7, 8, 9, 44, 11, 12], 11),true);\n}\n\ntest();",
      "timestamp": 1665509864,
      "stdout": "",
      "stderr": "",
      "exit_code": 0,
      "status": "OK"
    },
    {
      "program": "//Write a function to check if the given tuples contain the k or not.\nfunction check_K(test_tup, K){\n    if (test_tup[0] == K || test_tup[1] == K || test_tup[2] == K){\n        return true;\n    }\n    else{\n        return false;\n    }\n}\nconst assert = require('node:assert');\n\n\nfunction test() {\n  let candidate = check_K;\n  assert.deepEqual(candidate([10, 4, 5, 6, 8], 6),true);\n  assert.deepEqual(candidate([1, 2, 3, 4, 5, 6], 7),false);\n  assert.deepEqual(candidate([7, 8, 9, 44, 11, 12], 11),true);\n}\n\ntest();",
      "timestamp": 1666124283,
      "stdout": "",
      "stderr": "node:assert:124\n  throw new AssertionError(obj);\n  ^\n\nAssertionError [ERR_ASSERTION]: Expected values to be loosely deep-equal:\n\nfalse\n\nshould loosely deep-equal\n\ntrue\n    at test (/tmp/tmp03xre7q6.js:15:10)\n    at Object.<anonymous> (/tmp/tmp03xre7q6.js:20:1)\n    at Module._compile (node:internal/modules/cjs/loader:1120:14)\n    at Module._extensions..js (node:internal/modules/cjs/loader:1174:10)\n    at Module.load (node:internal/modules/cjs/loader:998:32)\n    at Module._load (node:internal/modules/cjs/loader:839:12)\n    at Function.executeUserEntryPoint [as runMain] (node:internal/modules/run_main:81:12)\n    at node:internal/main/run_main_module:17:47 {\n  generatedMessage: true,\n  code: 'ERR_ASSERTION',\n  actual: false,\n  expected: true,\n  operator: 'deepEqual'\n}\n\nNode.js v18.7.0\n",
      "exit_code": 1,
      "status": "AssertionError"
    },
    {
      "program": "//Write a function to check if the given tuples contain the k or not.\nfunction check_K(test_tup, K){\n    if (test_tup[0] == K || test_tup[1] == K || test_tup[2] == K || test_tup[3] == K){\n        return true;\n    }\n    else{\n        return false;\n    }\n}\n\nconst assert = require('node:assert');\n\n\nfunction test() {\n  let candidate = check_K;\n  assert.deepEqual(candidate([10, 4, 5, 6, 8], 6),true);\n  assert.deepEqual(candidate([1, 2, 3, 4, 5, 6], 7),false);\n  assert.deepEqual(candidate([7, 8, 9, 44, 11, 12], 11),true);\n}\n\ntest();",
      "timestamp": 1666124283,
      "stdout": "",
      "stderr": "node:assert:124\n  throw new AssertionError(obj);\n  ^\n\nAssertionError [ERR_ASSERTION]: Expected values to be loosely deep-equal:\n\nfalse\n\nshould loosely deep-equal\n\ntrue\n    at test (/tmp/tmp7nvwkx3_.js:18:10)\n    at Object.<anonymous> (/tmp/tmp7nvwkx3_.js:21:1)\n    at Module._compile (node:internal/modules/cjs/loader:1120:14)\n    at Module._extensions..js (node:internal/modules/cjs/loader:1174:10)\n    at Module.load (node:internal/modules/cjs/loader:998:32)\n    at Module._load (node:internal/modules/cjs/loader:839:12)\n    at Function.executeUserEntryPoint [as runMain] (node:internal/modules/run_main:81:12)\n    at node:internal/main/run_main_module:17:47 {\n  generatedMessage: true,\n  code: 'ERR_ASSERTION',\n  actual: false,\n  expected: true,\n  operator: 'deepEqual'\n}\n\nNode.js v18.7.0\n",
      "exit_code": 1,
      "status": "AssertionError"
    },
    {
      "program": "//Write a function to check if the given tuples contain the k or not.\nfunction check_K(test_tup, K){\n    if (test_tup.includes(K)){\n        return true;\n    }\n    else{\n        return false;\n    }\n}\nconst assert = require('node:assert');\n\n\nfunction test() {\n  let candidate = check_K;\n  assert.deepEqual(candidate([10, 4, 5, 6, 8], 6),true);\n  assert.deepEqual(candidate([1, 2, 3, 4, 5, 6], 7),false);\n  assert.deepEqual(candidate([7, 8, 9, 44, 11, 12], 11),true);\n}\n\ntest();",
      "timestamp": 1665509864,
      "stdout": "",
      "stderr": "",
      "exit_code": 0,
      "status": "OK"
    },
    {
      "program": "//Write a function to check if the given tuples contain the k or not.\nfunction check_K(test_tup, K){\n    if (test_tup.includes(K)){\n        return true;\n    }\n    else{\n        return false;\n    }\n}\nconst assert = require('node:assert');\n\n\nfunction test() {\n  let candidate = check_K;\n  assert.deepEqual(candidate([10, 4, 5, 6, 8], 6),true);\n  assert.deepEqual(candidate([1, 2, 3, 4, 5, 6], 7),false);\n  assert.deepEqual(candidate([7, 8, 9, 44, 11, 12], 11),true);\n}\n\ntest();",
      "timestamp": 1665509864,
      "stdout": "",
      "stderr": "",
      "exit_code": 0,
      "status": "OK"
    },
    {
      "program": "//Write a function to check if the given tuples contain the k or not.\nfunction check_K(test_tup, K){\n    var flag = false;\n    for(var i=0; i<test_tup.length; i++){\n        if(test_tup[i] == K){\n            flag = true;\n            break;\n        }\n    }\n    return flag;\n}\nconst assert = require('node:assert');\n\n\nfunction test() {\n  let candidate = check_K;\n  assert.deepEqual(candidate([10, 4, 5, 6, 8], 6),true);\n  assert.deepEqual(candidate([1, 2, 3, 4, 5, 6], 7),false);\n  assert.deepEqual(candidate([7, 8, 9, 44, 11, 12], 11),true);\n}\n\ntest();",
      "timestamp": 1666124283,
      "stdout": "",
      "stderr": "",
      "exit_code": 0,
      "status": "OK"
    },
    {
      "program": "//Write a function to check if the given tuples contain the k or not.\nfunction check_K(test_tup, K){\n    for (var i = 0; i < test_tup.length; i++){\n        if (test_tup[i] == K){\n            return true;\n        }\n    }\n    return false;\n}\nconst assert = require('node:assert');\n\n\nfunction test() {\n  let candidate = check_K;\n  assert.deepEqual(candidate([10, 4, 5, 6, 8], 6),true);\n  assert.deepEqual(candidate([1, 2, 3, 4, 5, 6], 7),false);\n  assert.deepEqual(candidate([7, 8, 9, 44, 11, 12], 11),true);\n}\n\ntest();",
      "timestamp": 1666124283,
      "stdout": "",
      "stderr": "",
      "exit_code": 0,
      "status": "OK"
    },
    {
      "program": "//Write a function to check if the given tuples contain the k or not.\nfunction check_K(test_tup, K){\n    if (test_tup[0] == K || test_tup[1] == K || test_tup[2] == K){\n        return true;\n    }\n    else{\n        return false;\n    }\n}\nconst assert = require('node:assert');\n\n\nfunction test() {\n  let candidate = check_K;\n  assert.deepEqual(candidate([10, 4, 5, 6, 8], 6),true);\n  assert.deepEqual(candidate([1, 2, 3, 4, 5, 6], 7),false);\n  assert.deepEqual(candidate([7, 8, 9, 44, 11, 12], 11),true);\n}\n\ntest();",
      "timestamp": 1666124283,
      "stdout": "",
      "stderr": "node:assert:124\n  throw new AssertionError(obj);\n  ^\n\nAssertionError [ERR_ASSERTION]: Expected values to be loosely deep-equal:\n\nfalse\n\nshould loosely deep-equal\n\ntrue\n    at test (/tmp/tmp03xre7q6.js:15:10)\n    at Object.<anonymous> (/tmp/tmp03xre7q6.js:20:1)\n    at Module._compile (node:internal/modules/cjs/loader:1120:14)\n    at Module._extensions..js (node:internal/modules/cjs/loader:1174:10)\n    at Module.load (node:internal/modules/cjs/loader:998:32)\n    at Module._load (node:internal/modules/cjs/loader:839:12)\n    at Function.executeUserEntryPoint [as runMain] (node:internal/modules/run_main:81:12)\n    at node:internal/main/run_main_module:17:47 {\n  generatedMessage: true,\n  code: 'ERR_ASSERTION',\n  actual: false,\n  expected: true,\n  operator: 'deepEqual'\n}\n\nNode.js v18.7.0\n",
      "exit_code": 1,
      "status": "AssertionError"
    },
    {
      "program": "//Write a function to check if the given tuples contain the k or not.\nfunction check_K(test_tup, K){\n    for(var i=0; i<test_tup.length; i++){\n        if(test_tup[i] == K){\n            return true;\n        }\n    }\n    return false;\n}\nconst assert = require('node:assert');\n\n\nfunction test() {\n  let candidate = check_K;\n  assert.deepEqual(candidate([10, 4, 5, 6, 8], 6),true);\n  assert.deepEqual(candidate([1, 2, 3, 4, 5, 6], 7),false);\n  assert.deepEqual(candidate([7, 8, 9, 44, 11, 12], 11),true);\n}\n\ntest();",
      "timestamp": 1666124283,
      "stdout": "",
      "stderr": "",
      "exit_code": 0,
      "status": "OK"
    },
    {
      "program": "//Write a function to check if the given tuples contain the k or not.\nfunction check_K(test_tup, K){\n    if (test_tup.includes(K)){\n        return true;\n    }\n    else{\n        return false;\n    }\n}\nconst assert = require('node:assert');\n\n\nfunction test() {\n  let candidate = check_K;\n  assert.deepEqual(candidate([10, 4, 5, 6, 8], 6),true);\n  assert.deepEqual(candidate([1, 2, 3, 4, 5, 6], 7),false);\n  assert.deepEqual(candidate([7, 8, 9, 44, 11, 12], 11),true);\n}\n\ntest();",
      "timestamp": 1665509864,
      "stdout": "",
      "stderr": "",
      "exit_code": 0,
      "status": "OK"
    },
    {
      "program": "//Write a function to check if the given tuples contain the k or not.\nfunction check_K(test_tup, K){\n    var flag = false;\n    for(var i = 0; i < test_tup.length; i++){\n        if(test_tup[i] == K){\n            flag = true;\n            break;\n        }\n    }\n    return flag;\n}\nconst assert = require('node:assert');\n\n\nfunction test() {\n  let candidate = check_K;\n  assert.deepEqual(candidate([10, 4, 5, 6, 8], 6),true);\n  assert.deepEqual(candidate([1, 2, 3, 4, 5, 6], 7),false);\n  assert.deepEqual(candidate([7, 8, 9, 44, 11, 12], 11),true);\n}\n\ntest();",
      "timestamp": 1666124283,
      "stdout": "",
      "stderr": "",
      "exit_code": 0,
      "status": "OK"
    },
    {
      "program": "//Write a function to check if the given tuples contain the k or not.\nfunction check_K(test_tup, K){\n    if (test_tup[0] == K || test_tup[1] == K || test_tup[2] == K){\n        return true;\n    }\n    else{\n        return false;\n    }\n}\nconst assert = require('node:assert');\n\n\nfunction test() {\n  let candidate = check_K;\n  assert.deepEqual(candidate([10, 4, 5, 6, 8], 6),true);\n  assert.deepEqual(candidate([1, 2, 3, 4, 5, 6], 7),false);\n  assert.deepEqual(candidate([7, 8, 9, 44, 11, 12], 11),true);\n}\n\ntest();",
      "timestamp": 1666124283,
      "stdout": "",
      "stderr": "node:assert:124\n  throw new AssertionError(obj);\n  ^\n\nAssertionError [ERR_ASSERTION]: Expected values to be loosely deep-equal:\n\nfalse\n\nshould loosely deep-equal\n\ntrue\n    at test (/tmp/tmp03xre7q6.js:15:10)\n    at Object.<anonymous> (/tmp/tmp03xre7q6.js:20:1)\n    at Module._compile (node:internal/modules/cjs/loader:1120:14)\n    at Module._extensions..js (node:internal/modules/cjs/loader:1174:10)\n    at Module.load (node:internal/modules/cjs/loader:998:32)\n    at Module._load (node:internal/modules/cjs/loader:839:12)\n    at Function.executeUserEntryPoint [as runMain] (node:internal/modules/run_main:81:12)\n    at node:internal/main/run_main_module:17:47 {\n  generatedMessage: true,\n  code: 'ERR_ASSERTION',\n  actual: false,\n  expected: true,\n  operator: 'deepEqual'\n}\n\nNode.js v18.7.0\n",
      "exit_code": 1,
      "status": "AssertionError"
    },
    {
      "program": "//Write a function to check if the given tuples contain the k or not.\nfunction check_K(test_tup, K){\n    if (test_tup.includes(K)){\n        return true;\n    }\n    else{\n        return false;\n    }\n}\nconst assert = require('node:assert');\n\n\nfunction test() {\n  let candidate = check_K;\n  assert.deepEqual(candidate([10, 4, 5, 6, 8], 6),true);\n  assert.deepEqual(candidate([1, 2, 3, 4, 5, 6], 7),false);\n  assert.deepEqual(candidate([7, 8, 9, 44, 11, 12], 11),true);\n}\n\ntest();",
      "timestamp": 1665509864,
      "stdout": "",
      "stderr": "",
      "exit_code": 0,
      "status": "OK"
    },
    {
      "program": "//Write a function to check if the given tuples contain the k or not.\nfunction check_K(test_tup, K){\n    var flag = false;\n    for (var i = 0; i < test_tup.length; i++){\n        if (test_tup[i] == K){\n            flag = true;\n            break;\n        }\n    }\n    return flag;\n}\n\nconst assert = require('node:assert');\n\n\nfunction test() {\n  let candidate = check_K;\n  assert.deepEqual(candidate([10, 4, 5, 6, 8], 6),true);\n  assert.deepEqual(candidate([1, 2, 3, 4, 5, 6], 7),false);\n  assert.deepEqual(candidate([7, 8, 9, 44, 11, 12], 11),true);\n}\n\ntest();",
      "timestamp": 1665509864,
      "stdout": "",
      "stderr": "",
      "exit_code": 0,
      "status": "OK"
    },
    {
      "program": "//Write a function to check if the given tuples contain the k or not.\nfunction check_K(test_tup, K){\n    if (test_tup[0] == K || test_tup[1] == K || test_tup[2] == K){\n        return true;\n    }\n    else{\n        return false;\n    }\n}\nconst assert = require('node:assert');\n\n\nfunction test() {\n  let candidate = check_K;\n  assert.deepEqual(candidate([10, 4, 5, 6, 8], 6),true);\n  assert.deepEqual(candidate([1, 2, 3, 4, 5, 6], 7),false);\n  assert.deepEqual(candidate([7, 8, 9, 44, 11, 12], 11),true);\n}\n\ntest();",
      "timestamp": 1666124283,
      "stdout": "",
      "stderr": "node:assert:124\n  throw new AssertionError(obj);\n  ^\n\nAssertionError [ERR_ASSERTION]: Expected values to be loosely deep-equal:\n\nfalse\n\nshould loosely deep-equal\n\ntrue\n    at test (/tmp/tmp03xre7q6.js:15:10)\n    at Object.<anonymous> (/tmp/tmp03xre7q6.js:20:1)\n    at Module._compile (node:internal/modules/cjs/loader:1120:14)\n    at Module._extensions..js (node:internal/modules/cjs/loader:1174:10)\n    at Module.load (node:internal/modules/cjs/loader:998:32)\n    at Module._load (node:internal/modules/cjs/loader:839:12)\n    at Function.executeUserEntryPoint [as runMain] (node:internal/modules/run_main:81:12)\n    at node:internal/main/run_main_module:17:47 {\n  generatedMessage: true,\n  code: 'ERR_ASSERTION',\n  actual: false,\n  expected: true,\n  operator: 'deepEqual'\n}\n\nNode.js v18.7.0\n",
      "exit_code": 1,
      "status": "AssertionError"
    },
    {
      "program": "//Write a function to check if the given tuples contain the k or not.\nfunction check_K(test_tup, K){\n    if (test_tup[0] == K || test_tup[1] == K || test_tup[2] == K){\n        return true;\n    }\n    else{\n        return false;\n    }\n}\ncheck_K(test_tup, K);\n\nconst assert = require('node:assert');\n\n\nfunction test() {\n  let candidate = check_K;\n  assert.deepEqual(candidate([10, 4, 5, 6, 8], 6),true);\n  assert.deepEqual(candidate([1, 2, 3, 4, 5, 6], 7),false);\n  assert.deepEqual(candidate([7, 8, 9, 44, 11, 12], 11),true);\n}\n\ntest();",
      "timestamp": 1665509864,
      "stdout": "",
      "stderr": "/tmp/tmpfabbwakm.js:10\ncheck_K(test_tup, K);\n        ^\n\nReferenceError: test_tup is not defined\n    at Object.<anonymous> (/tmp/tmpfabbwakm.js:10:9)\n    at Module._compile (node:internal/modules/cjs/loader:1120:14)\n    at Module._extensions..js (node:internal/modules/cjs/loader:1174:10)\n    at Module.load (node:internal/modules/cjs/loader:998:32)\n    at Module._load (node:internal/modules/cjs/loader:839:12)\n    at Function.executeUserEntryPoint [as runMain] (node:internal/modules/run_main:81:12)\n    at node:internal/main/run_main_module:17:47\n\nNode.js v18.7.0\n",
      "exit_code": 1,
      "status": "ReferenceError"
    },
    {
      "program": "//Write a function to check if the given tuples contain the k or not.\nfunction check_K(test_tup, K){\n    if (test_tup.includes(K)){\n        return true;\n    }\n    else{\n        return false;\n    }\n}\nconst assert = require('node:assert');\n\n\nfunction test() {\n  let candidate = check_K;\n  assert.deepEqual(candidate([10, 4, 5, 6, 8], 6),true);\n  assert.deepEqual(candidate([1, 2, 3, 4, 5, 6], 7),false);\n  assert.deepEqual(candidate([7, 8, 9, 44, 11, 12], 11),true);\n}\n\ntest();",
      "timestamp": 1665509864,
      "stdout": "",
      "stderr": "",
      "exit_code": 0,
      "status": "OK"
    },
    {
      "program": "//Write a function to check if the given tuples contain the k or not.\nfunction check_K(test_tup, K){\n    if (test_tup[0] == K || test_tup[1] == K || test_tup[2] == K || test_tup[3] == K){\n        return true\n    }\n    else{\n        return false\n    }\n}\nconst assert = require('node:assert');\n\n\nfunction test() {\n  let candidate = check_K;\n  assert.deepEqual(candidate([10, 4, 5, 6, 8], 6),true);\n  assert.deepEqual(candidate([1, 2, 3, 4, 5, 6], 7),false);\n  assert.deepEqual(candidate([7, 8, 9, 44, 11, 12], 11),true);\n}\n\ntest();",
      "timestamp": 1666124283,
      "stdout": "",
      "stderr": "node:assert:124\n  throw new AssertionError(obj);\n  ^\n\nAssertionError [ERR_ASSERTION]: Expected values to be loosely deep-equal:\n\nfalse\n\nshould loosely deep-equal\n\ntrue\n    at test (/tmp/tmpqkk7biz4.js:17:10)\n    at Object.<anonymous> (/tmp/tmpqkk7biz4.js:20:1)\n    at Module._compile (node:internal/modules/cjs/loader:1120:14)\n    at Module._extensions..js (node:internal/modules/cjs/loader:1174:10)\n    at Module.load (node:internal/modules/cjs/loader:998:32)\n    at Module._load (node:internal/modules/cjs/loader:839:12)\n    at Function.executeUserEntryPoint [as runMain] (node:internal/modules/run_main:81:12)\n    at node:internal/main/run_main_module:17:47 {\n  generatedMessage: true,\n  code: 'ERR_ASSERTION',\n  actual: false,\n  expected: true,\n  operator: 'deepEqual'\n}\n\nNode.js v18.7.0\n",
      "exit_code": 1,
      "status": "AssertionError"
    },
    {
      "program": "//Write a function to check if the given tuples contain the k or not.\nfunction check_K(test_tup, K){\n    if (test_tup.includes(K)){\n        return true;\n    }\n    else{\n        return false;\n    }\n}\nconst assert = require('node:assert');\n\n\nfunction test() {\n  let candidate = check_K;\n  assert.deepEqual(candidate([10, 4, 5, 6, 8], 6),true);\n  assert.deepEqual(candidate([1, 2, 3, 4, 5, 6], 7),false);\n  assert.deepEqual(candidate([7, 8, 9, 44, 11, 12], 11),true);\n}\n\ntest();",
      "timestamp": 1665509864,
      "stdout": "",
      "stderr": "",
      "exit_code": 0,
      "status": "OK"
    },
    {
      "program": "//Write a function to check if the given tuples contain the k or not.\nfunction check_K(test_tup, K){\n    if (test_tup.includes(K)){\n        return true;\n    }\n    else{\n        return false;\n    }\n}\ncheck_K([1, 2, 3, 4, 5, 6, 7, 8, 9, 10], 5);\n\nconst assert = require('node:assert');\n\n\nfunction test() {\n  let candidate = check_K;\n  assert.deepEqual(candidate([10, 4, 5, 6, 8], 6),true);\n  assert.deepEqual(candidate([1, 2, 3, 4, 5, 6], 7),false);\n  assert.deepEqual(candidate([7, 8, 9, 44, 11, 12], 11),true);\n}\n\ntest();",
      "timestamp": 1666124283,
      "stdout": "",
      "stderr": "",
      "exit_code": 0,
      "status": "OK"
    },
    {
      "program": "//Write a function to check if the given tuples contain the k or not.\nfunction check_K(test_tup, K){\n    if (test_tup.includes(K)){\n        return true;\n    }\n    else{\n        return false;\n    }\n}\nconst assert = require('node:assert');\n\n\nfunction test() {\n  let candidate = check_K;\n  assert.deepEqual(candidate([10, 4, 5, 6, 8], 6),true);\n  assert.deepEqual(candidate([1, 2, 3, 4, 5, 6], 7),false);\n  assert.deepEqual(candidate([7, 8, 9, 44, 11, 12], 11),true);\n}\n\ntest();",
      "timestamp": 1665509864,
      "stdout": "",
      "stderr": "",
      "exit_code": 0,
      "status": "OK"
    },
    {
      "program": "//Write a function to check if the given tuples contain the k or not.\nfunction check_K(test_tup, K){\n    var flag = false;\n    for(var i = 0; i < test_tup.length; i++){\n        if(test_tup[i] == K){\n            flag = true;\n            break;\n        }\n    }\n    return flag;\n}\nconst assert = require('node:assert');\n\n\nfunction test() {\n  let candidate = check_K;\n  assert.deepEqual(candidate([10, 4, 5, 6, 8], 6),true);\n  assert.deepEqual(candidate([1, 2, 3, 4, 5, 6], 7),false);\n  assert.deepEqual(candidate([7, 8, 9, 44, 11, 12], 11),true);\n}\n\ntest();",
      "timestamp": 1666124283,
      "stdout": "",
      "stderr": "",
      "exit_code": 0,
      "status": "OK"
    },
    {
      "program": "//Write a function to check if the given tuples contain the k or not.\nfunction check_K(test_tup, K){\n    if (test_tup.includes(K)){\n        console.log(`${K} is present in the tuple`);\n    }\n    else{\n        console.log(`${K} is not present in the tuple`);\n    }\n}\ncheck_K(test_tup, K);\n\nconst assert = require('node:assert');\n\n\nfunction test() {\n  let candidate = check_K;\n  assert.deepEqual(candidate([10, 4, 5, 6, 8], 6),true);\n  assert.deepEqual(candidate([1, 2, 3, 4, 5, 6], 7),false);\n  assert.deepEqual(candidate([7, 8, 9, 44, 11, 12], 11),true);\n}\n\ntest();",
      "timestamp": 1666124283,
      "stdout": "",
      "stderr": "/tmp/tmp15ajrezi.js:10\ncheck_K(test_tup, K);\n        ^\n\nReferenceError: test_tup is not defined\n    at Object.<anonymous> (/tmp/tmp15ajrezi.js:10:9)\n    at Module._compile (node:internal/modules/cjs/loader:1120:14)\n    at Module._extensions..js (node:internal/modules/cjs/loader:1174:10)\n    at Module.load (node:internal/modules/cjs/loader:998:32)\n    at Module._load (node:internal/modules/cjs/loader:839:12)\n    at Function.executeUserEntryPoint [as runMain] (node:internal/modules/run_main:81:12)\n    at node:internal/main/run_main_module:17:47\n\nNode.js v18.7.0\n",
      "exit_code": 1,
      "status": "ReferenceError"
    },
    {
      "program": "//Write a function to check if the given tuples contain the k or not.\nfunction check_K(test_tup, K){\n    if (test_tup.includes(K)){\n        return true;\n    }\n    else{\n        return false;\n    }\n}\ncheck_K([1, 2, 3, 4, 5], 4);\n\nconst assert = require('node:assert');\n\n\nfunction test() {\n  let candidate = check_K;\n  assert.deepEqual(candidate([10, 4, 5, 6, 8], 6),true);\n  assert.deepEqual(candidate([1, 2, 3, 4, 5, 6], 7),false);\n  assert.deepEqual(candidate([7, 8, 9, 44, 11, 12], 11),true);\n}\n\ntest();",
      "timestamp": 1666124283,
      "stdout": "",
      "stderr": "",
      "exit_code": 0,
      "status": "OK"
    },
    {
      "program": "//Write a function to check if the given tuples contain the k or not.\nfunction check_K(test_tup, K){\n    if (test_tup[0] == K || test_tup[1] == K || test_tup[2] == K){\n        return true;\n    }\n    else{\n        return false;\n    }\n}\nconst assert = require('node:assert');\n\n\nfunction test() {\n  let candidate = check_K;\n  assert.deepEqual(candidate([10, 4, 5, 6, 8], 6),true);\n  assert.deepEqual(candidate([1, 2, 3, 4, 5, 6], 7),false);\n  assert.deepEqual(candidate([7, 8, 9, 44, 11, 12], 11),true);\n}\n\ntest();",
      "timestamp": 1666124283,
      "stdout": "",
      "stderr": "node:assert:124\n  throw new AssertionError(obj);\n  ^\n\nAssertionError [ERR_ASSERTION]: Expected values to be loosely deep-equal:\n\nfalse\n\nshould loosely deep-equal\n\ntrue\n    at test (/tmp/tmp03xre7q6.js:15:10)\n    at Object.<anonymous> (/tmp/tmp03xre7q6.js:20:1)\n    at Module._compile (node:internal/modules/cjs/loader:1120:14)\n    at Module._extensions..js (node:internal/modules/cjs/loader:1174:10)\n    at Module.load (node:internal/modules/cjs/loader:998:32)\n    at Module._load (node:internal/modules/cjs/loader:839:12)\n    at Function.executeUserEntryPoint [as runMain] (node:internal/modules/run_main:81:12)\n    at node:internal/main/run_main_module:17:47 {\n  generatedMessage: true,\n  code: 'ERR_ASSERTION',\n  actual: false,\n  expected: true,\n  operator: 'deepEqual'\n}\n\nNode.js v18.7.0\n",
      "exit_code": 1,
      "status": "AssertionError"
    },
    {
      "program": "//Write a function to check if the given tuples contain the k or not.\nfunction check_K(test_tup, K){\n    if (test_tup[0] == K || test_tup[1] == K || test_tup[2] == K){\n        return true;\n    }\n    else{\n        return false;\n    }\n}\n\nconst assert = require('node:assert');\n\n\nfunction test() {\n  let candidate = check_K;\n  assert.deepEqual(candidate([10, 4, 5, 6, 8], 6),true);\n  assert.deepEqual(candidate([1, 2, 3, 4, 5, 6], 7),false);\n  assert.deepEqual(candidate([7, 8, 9, 44, 11, 12], 11),true);\n}\n\ntest();",
      "timestamp": 1665509864,
      "stdout": "",
      "stderr": "node:assert:124\n  throw new AssertionError(obj);\n  ^\n\nAssertionError [ERR_ASSERTION]: Expected values to be loosely deep-equal:\n\nfalse\n\nshould loosely deep-equal\n\ntrue\n    at test (/tmp/tmpipxe33sc.js:16:10)\n    at Object.<anonymous> (/tmp/tmpipxe33sc.js:21:1)\n    at Module._compile (node:internal/modules/cjs/loader:1120:14)\n    at Module._extensions..js (node:internal/modules/cjs/loader:1174:10)\n    at Module.load (node:internal/modules/cjs/loader:998:32)\n    at Module._load (node:internal/modules/cjs/loader:839:12)\n    at Function.executeUserEntryPoint [as runMain] (node:internal/modules/run_main:81:12)\n    at node:internal/main/run_main_module:17:47 {\n  generatedMessage: true,\n  code: 'ERR_ASSERTION',\n  actual: false,\n  expected: true,\n  operator: 'deepEqual'\n}\n\nNode.js v18.7.0\n",
      "exit_code": 1,
      "status": "AssertionError"
    },
    {
      "program": "//Write a function to check if the given tuples contain the k or not.\nfunction check_K(test_tup, K){\n    if (test_tup.includes(K)){\n        return true;\n    }\n    else{\n        return false;\n    }\n}\n\nconst assert = require('node:assert');\n\n\nfunction test() {\n  let candidate = check_K;\n  assert.deepEqual(candidate([10, 4, 5, 6, 8], 6),true);\n  assert.deepEqual(candidate([1, 2, 3, 4, 5, 6], 7),false);\n  assert.deepEqual(candidate([7, 8, 9, 44, 11, 12], 11),true);\n}\n\ntest();",
      "timestamp": 1665509864,
      "stdout": "",
      "stderr": "",
      "exit_code": 0,
      "status": "OK"
    },
    {
      "program": "//Write a function to check if the given tuples contain the k or not.\nfunction check_K(test_tup, K){\n    for(var i = 0; i < test_tup.length; i++){\n        if(test_tup[i][0] == K){\n            return true;\n        }\n    }\n    return false;\n}\nconst assert = require('node:assert');\n\n\nfunction test() {\n  let candidate = check_K;\n  assert.deepEqual(candidate([10, 4, 5, 6, 8], 6),true);\n  assert.deepEqual(candidate([1, 2, 3, 4, 5, 6], 7),false);\n  assert.deepEqual(candidate([7, 8, 9, 44, 11, 12], 11),true);\n}\n\ntest();",
      "timestamp": 1666124283,
      "stdout": "",
      "stderr": "node:assert:124\n  throw new AssertionError(obj);\n  ^\n\nAssertionError [ERR_ASSERTION]: Expected values to be loosely deep-equal:\n\nfalse\n\nshould loosely deep-equal\n\ntrue\n    at test (/tmp/tmplsypatd1.js:15:10)\n    at Object.<anonymous> (/tmp/tmplsypatd1.js:20:1)\n    at Module._compile (node:internal/modules/cjs/loader:1120:14)\n    at Module._extensions..js (node:internal/modules/cjs/loader:1174:10)\n    at Module.load (node:internal/modules/cjs/loader:998:32)\n    at Module._load (node:internal/modules/cjs/loader:839:12)\n    at Function.executeUserEntryPoint [as runMain] (node:internal/modules/run_main:81:12)\n    at node:internal/main/run_main_module:17:47 {\n  generatedMessage: true,\n  code: 'ERR_ASSERTION',\n  actual: false,\n  expected: true,\n  operator: 'deepEqual'\n}\n\nNode.js v18.7.0\n",
      "exit_code": 1,
      "status": "AssertionError"
    }
  ]
}