{
  "name": "mbpp_454_text_match_wordz",
  "language": "rkt",
  "prompt": "#lang racket\n\n;; Write a function that matches a word containing 'z'.\n(define (text_match_wordz text)\n",
  "doctests": "transform",
  "original": "/home/arjun/repos/MultiPL-E/datasets/../datasets/mbpp-typed/mbpp_454_text_match_wordz.py",
  "prompt_terminology": "reworded",
  "tests": "(require rackunit)\n\n(define (test-humaneval) \n\n  (let (( candidate text_match_wordz))\n    (check-equal? (candidate \"pythonz.\") #t)\n    (check-equal? (candidate \"xyz.\") #t)\n    (check-equal? (candidate \"  lang  .\") #f)\n))\n\n(test-humaneval)",
  "stop_tokens": [
    "\n(define ",
    "\n#|",
    "\n;",
    "\n("
  ],
  "results": [
    {
      "program": "#lang racket\n\n;; Write a function that matches a word containing 'z'.\n(define (text_match_wordz text)\n  (regexp-match? #rx\"\\\\b[a-zA-Z]*z[a-zA-Z]*\\\\b\" text))\n\n(require rackunit)\n\n(define (test-humaneval) \n\n  (let (( candidate text_match_wordz))\n    (check-equal? (candidate \"pythonz.\") #t)\n    (check-equal? (candidate \"xyz.\") #t)\n    (check-equal? (candidate \"  lang  .\") #f)\n))\n\n(test-humaneval)",
      "timestamp": 1665510606,
      "stdout": "",
      "stderr": "--------------------\nFAILURE\nname:       check-equal?\nlocation:   /tmp/tmpknjq7cg_.rkt:12:4\nactual:     #f\nexpected:   #t\n--------------------\n--------------------\nFAILURE\nname:       check-equal?\nlocation:   /tmp/tmpknjq7cg_.rkt:13:4\nactual:     #f\nexpected:   #t\n--------------------\n",
      "exit_code": 0,
      "status": "Exception"
    },
    {
      "program": "#lang racket\n\n;; Write a function that matches a word containing 'z'.\n(define (text_match_wordz text)\n  (regexp-match* #rx\"z\" text))\n\n(require rackunit)\n\n(define (test-humaneval) \n\n  (let (( candidate text_match_wordz))\n    (check-equal? (candidate \"pythonz.\") #t)\n    (check-equal? (candidate \"xyz.\") #t)\n    (check-equal? (candidate \"  lang  .\") #f)\n))\n\n(test-humaneval)",
      "timestamp": 1665510606,
      "stdout": "",
      "stderr": "--------------------\nFAILURE\nname:       check-equal?\nlocation:   /tmp/tmpj2ma295e.rkt:12:4\nactual:     '(\"z\")\nexpected:   #t\n--------------------\n--------------------\nFAILURE\nname:       check-equal?\nlocation:   /tmp/tmpj2ma295e.rkt:13:4\nactual:     '(\"z\")\nexpected:   #t\n--------------------\n--------------------\nFAILURE\nname:       check-equal?\nlocation:   /tmp/tmpj2ma295e.rkt:14:4\nactual:     '()\nexpected:   #f\n--------------------\n",
      "exit_code": 0,
      "status": "Exception"
    },
    {
      "program": "#lang racket\n\n;; Write a function that matches a word containing 'z'.\n(define (text_match_wordz text)\n  (regexp-match? #rx\"\\\\b[a-zA-Z]*z[a-zA-Z]*\\\\b\" text))\n\n(require rackunit)\n\n(define (test-humaneval) \n\n  (let (( candidate text_match_wordz))\n    (check-equal? (candidate \"pythonz.\") #t)\n    (check-equal? (candidate \"xyz.\") #t)\n    (check-equal? (candidate \"  lang  .\") #f)\n))\n\n(test-humaneval)",
      "timestamp": 1665510606,
      "stdout": "",
      "stderr": "--------------------\nFAILURE\nname:       check-equal?\nlocation:   /tmp/tmpknjq7cg_.rkt:12:4\nactual:     #f\nexpected:   #t\n--------------------\n--------------------\nFAILURE\nname:       check-equal?\nlocation:   /tmp/tmpknjq7cg_.rkt:13:4\nactual:     #f\nexpected:   #t\n--------------------\n",
      "exit_code": 0,
      "status": "Exception"
    },
    {
      "program": "#lang racket\n\n;; Write a function that matches a word containing 'z'.\n(define (text_match_wordz text)\n  (regexp-match* #rx\"z\" text))\n\n(require rackunit)\n\n(define (test-humaneval) \n\n  (let (( candidate text_match_wordz))\n    (check-equal? (candidate \"pythonz.\") #t)\n    (check-equal? (candidate \"xyz.\") #t)\n    (check-equal? (candidate \"  lang  .\") #f)\n))\n\n(test-humaneval)",
      "timestamp": 1665510606,
      "stdout": "",
      "stderr": "--------------------\nFAILURE\nname:       check-equal?\nlocation:   /tmp/tmpj2ma295e.rkt:12:4\nactual:     '(\"z\")\nexpected:   #t\n--------------------\n--------------------\nFAILURE\nname:       check-equal?\nlocation:   /tmp/tmpj2ma295e.rkt:13:4\nactual:     '(\"z\")\nexpected:   #t\n--------------------\n--------------------\nFAILURE\nname:       check-equal?\nlocation:   /tmp/tmpj2ma295e.rkt:14:4\nactual:     '()\nexpected:   #f\n--------------------\n",
      "exit_code": 0,
      "status": "Exception"
    },
    {
      "program": "#lang racket\n\n;; Write a function that matches a word containing 'z'.\n(define (text_match_wordz text)\n  (regexp-match? #rx\"\\w*z\\w*\" text))\n\n(require rackunit)\n\n(define (test-humaneval) \n\n  (let (( candidate text_match_wordz))\n    (check-equal? (candidate \"pythonz.\") #t)\n    (check-equal? (candidate \"xyz.\") #t)\n    (check-equal? (candidate \"  lang  .\") #f)\n))\n\n(test-humaneval)",
      "timestamp": 1665510606,
      "stdout": "",
      "stderr": "/tmp/tmpzfsiqn7d.rkt:5:17: read-syntax: unknown escape sequence `\\w` in string\n  context...:\n   /work/arjunguha-research-group/software/racket/collects/syntax/module-reader.rkt:186:17: body\n   /work/arjunguha-research-group/software/racket/collects/syntax/module-reader.rkt:183:2: wrap-internal\n   /work/arjunguha-research-group/software/racket/collects/racket/../syntax/module-reader.rkt:67:9: wrap-internal/wrapper\n",
      "exit_code": 1,
      "status": "SyntaxError"
    },
    {
      "program": "#lang racket\n\n;; Write a function that matches a word containing 'z'.\n(define (text_match_wordz text)\n  (regexp-match #rx\"\\\\b[a-z]*z[a-z]*\\\\b\" text))\n\n(require rackunit)\n\n(define (test-humaneval) \n\n  (let (( candidate text_match_wordz))\n    (check-equal? (candidate \"pythonz.\") #t)\n    (check-equal? (candidate \"xyz.\") #t)\n    (check-equal? (candidate \"  lang  .\") #f)\n))\n\n(test-humaneval)",
      "timestamp": 1665510606,
      "stdout": "",
      "stderr": "--------------------\nFAILURE\nname:       check-equal?\nlocation:   /tmp/tmpqjmqmj5c.rkt:12:4\nactual:     #f\nexpected:   #t\n--------------------\n--------------------\nFAILURE\nname:       check-equal?\nlocation:   /tmp/tmpqjmqmj5c.rkt:13:4\nactual:     #f\nexpected:   #t\n--------------------\n",
      "exit_code": 0,
      "status": "Exception"
    },
    {
      "program": "#lang racket\n\n;; Write a function that matches a word containing 'z'.\n(define (text_match_wordz text)\n  (regexp-match* #rx\"\\w*z\\w*\" text))\n\n(require rackunit)\n\n(define (test-humaneval) \n\n  (let (( candidate text_match_wordz))\n    (check-equal? (candidate \"pythonz.\") #t)\n    (check-equal? (candidate \"xyz.\") #t)\n    (check-equal? (candidate \"  lang  .\") #f)\n))\n\n(test-humaneval)",
      "timestamp": 1665510606,
      "stdout": "",
      "stderr": "/tmp/tmpq762uoqa.rkt:5:17: read-syntax: unknown escape sequence `\\w` in string\n  context...:\n   /work/arjunguha-research-group/software/racket/collects/syntax/module-reader.rkt:186:17: body\n   /work/arjunguha-research-group/software/racket/collects/syntax/module-reader.rkt:183:2: wrap-internal\n   /work/arjunguha-research-group/software/racket/collects/racket/../syntax/module-reader.rkt:67:9: wrap-internal/wrapper\n",
      "exit_code": 1,
      "status": "SyntaxError"
    },
    {
      "program": "#lang racket\n\n;; Write a function that matches a word containing 'z'.\n(define (text_match_wordz text)\n  (regexp-match? #rx\"\\w*z\\w*\" text))\n\n(require rackunit)\n\n(define (test-humaneval) \n\n  (let (( candidate text_match_wordz))\n    (check-equal? (candidate \"pythonz.\") #t)\n    (check-equal? (candidate \"xyz.\") #t)\n    (check-equal? (candidate \"  lang  .\") #f)\n))\n\n(test-humaneval)",
      "timestamp": 1665510606,
      "stdout": "",
      "stderr": "/tmp/tmpzfsiqn7d.rkt:5:17: read-syntax: unknown escape sequence `\\w` in string\n  context...:\n   /work/arjunguha-research-group/software/racket/collects/syntax/module-reader.rkt:186:17: body\n   /work/arjunguha-research-group/software/racket/collects/syntax/module-reader.rkt:183:2: wrap-internal\n   /work/arjunguha-research-group/software/racket/collects/racket/../syntax/module-reader.rkt:67:9: wrap-internal/wrapper\n",
      "exit_code": 1,
      "status": "SyntaxError"
    },
    {
      "program": "#lang racket\n\n;; Write a function that matches a word containing 'z'.\n(define (text_match_wordz text)\n  (regexp-match* #rx\"\\\\bz\\\\w*\\\\b\" text))\n\n(require rackunit)\n\n(define (test-humaneval) \n\n  (let (( candidate text_match_wordz))\n    (check-equal? (candidate \"pythonz.\") #t)\n    (check-equal? (candidate \"xyz.\") #t)\n    (check-equal? (candidate \"  lang  .\") #f)\n))\n\n(test-humaneval)",
      "timestamp": 1665510606,
      "stdout": "",
      "stderr": "--------------------\nFAILURE\nname:       check-equal?\nlocation:   /tmp/tmp76j1krsm.rkt:12:4\nactual:     '()\nexpected:   #t\n--------------------\n--------------------\nFAILURE\nname:       check-equal?\nlocation:   /tmp/tmp76j1krsm.rkt:13:4\nactual:     '()\nexpected:   #t\n--------------------\n--------------------\nFAILURE\nname:       check-equal?\nlocation:   /tmp/tmp76j1krsm.rkt:14:4\nactual:     '()\nexpected:   #f\n--------------------\n",
      "exit_code": 0,
      "status": "Exception"
    },
    {
      "program": "#lang racket\n\n;; Write a function that matches a word containing 'z'.\n(define (text_match_wordz text)\n  (regexp-match? #rx\"\\\\bz\\\\w*\\\\b\" text))\n\n(require rackunit)\n\n(define (test-humaneval) \n\n  (let (( candidate text_match_wordz))\n    (check-equal? (candidate \"pythonz.\") #t)\n    (check-equal? (candidate \"xyz.\") #t)\n    (check-equal? (candidate \"  lang  .\") #f)\n))\n\n(test-humaneval)",
      "timestamp": 1665510606,
      "stdout": "",
      "stderr": "--------------------\nFAILURE\nname:       check-equal?\nlocation:   /tmp/tmps72vce8q.rkt:12:4\nactual:     #f\nexpected:   #t\n--------------------\n--------------------\nFAILURE\nname:       check-equal?\nlocation:   /tmp/tmps72vce8q.rkt:13:4\nactual:     #f\nexpected:   #t\n--------------------\n",
      "exit_code": 0,
      "status": "Exception"
    },
    {
      "program": "#lang racket\n\n;; Write a function that matches a word containing 'z'.\n(define (text_match_wordz text)\n  (regexp-match? #rx\"\\bz\\w*\\b\" text))\n\n(require rackunit)\n\n(define (test-humaneval) \n\n  (let (( candidate text_match_wordz))\n    (check-equal? (candidate \"pythonz.\") #t)\n    (check-equal? (candidate \"xyz.\") #t)\n    (check-equal? (candidate \"  lang  .\") #f)\n))\n\n(test-humaneval)",
      "timestamp": 1665510606,
      "stdout": "",
      "stderr": "/tmp/tmpbai9mid3.rkt:5:17: read-syntax: unknown escape sequence `\\w` in string\n  context...:\n   /work/arjunguha-research-group/software/racket/collects/syntax/module-reader.rkt:186:17: body\n   /work/arjunguha-research-group/software/racket/collects/syntax/module-reader.rkt:183:2: wrap-internal\n   /work/arjunguha-research-group/software/racket/collects/racket/../syntax/module-reader.rkt:67:9: wrap-internal/wrapper\n",
      "exit_code": 1,
      "status": "SyntaxError"
    },
    {
      "program": "#lang racket\n\n;; Write a function that matches a word containing 'z'.\n(define (text_match_wordz text)\n  (regexp-match* #rx\"\\\\bz\\\\w*\\\\b\" text))\n\n(require rackunit)\n\n(define (test-humaneval) \n\n  (let (( candidate text_match_wordz))\n    (check-equal? (candidate \"pythonz.\") #t)\n    (check-equal? (candidate \"xyz.\") #t)\n    (check-equal? (candidate \"  lang  .\") #f)\n))\n\n(test-humaneval)",
      "timestamp": 1665510606,
      "stdout": "",
      "stderr": "--------------------\nFAILURE\nname:       check-equal?\nlocation:   /tmp/tmp76j1krsm.rkt:12:4\nactual:     '()\nexpected:   #t\n--------------------\n--------------------\nFAILURE\nname:       check-equal?\nlocation:   /tmp/tmp76j1krsm.rkt:13:4\nactual:     '()\nexpected:   #t\n--------------------\n--------------------\nFAILURE\nname:       check-equal?\nlocation:   /tmp/tmp76j1krsm.rkt:14:4\nactual:     '()\nexpected:   #f\n--------------------\n",
      "exit_code": 0,
      "status": "Exception"
    },
    {
      "program": "#lang racket\n\n;; Write a function that matches a word containing 'z'.\n(define (text_match_wordz text)\n  (regexp-match? #rx\"\\w*z\\w*\" text))\n\n(require rackunit)\n\n(define (test-humaneval) \n\n  (let (( candidate text_match_wordz))\n    (check-equal? (candidate \"pythonz.\") #t)\n    (check-equal? (candidate \"xyz.\") #t)\n    (check-equal? (candidate \"  lang  .\") #f)\n))\n\n(test-humaneval)",
      "timestamp": 1665510606,
      "stdout": "",
      "stderr": "/tmp/tmpzfsiqn7d.rkt:5:17: read-syntax: unknown escape sequence `\\w` in string\n  context...:\n   /work/arjunguha-research-group/software/racket/collects/syntax/module-reader.rkt:186:17: body\n   /work/arjunguha-research-group/software/racket/collects/syntax/module-reader.rkt:183:2: wrap-internal\n   /work/arjunguha-research-group/software/racket/collects/racket/../syntax/module-reader.rkt:67:9: wrap-internal/wrapper\n",
      "exit_code": 1,
      "status": "SyntaxError"
    },
    {
      "program": "#lang racket\n\n;; Write a function that matches a word containing 'z'.\n(define (text_match_wordz text)\n  (regexp-match? #rx\"\\b[a-zA-Z]*z[a-zA-Z]*\\b\" text))\n\n(require rackunit)\n\n(define (test-humaneval) \n\n  (let (( candidate text_match_wordz))\n    (check-equal? (candidate \"pythonz.\") #t)\n    (check-equal? (candidate \"xyz.\") #t)\n    (check-equal? (candidate \"  lang  .\") #f)\n))\n\n(test-humaneval)",
      "timestamp": 1665510606,
      "stdout": "",
      "stderr": "--------------------\nFAILURE\nname:       check-equal?\nlocation:   /tmp/tmpedq99ff0.rkt:12:4\nactual:     #f\nexpected:   #t\n--------------------\n--------------------\nFAILURE\nname:       check-equal?\nlocation:   /tmp/tmpedq99ff0.rkt:13:4\nactual:     #f\nexpected:   #t\n--------------------\n",
      "exit_code": 0,
      "status": "Exception"
    },
    {
      "program": "#lang racket\n\n;; Write a function that matches a word containing 'z'.\n(define (text_match_wordz text)\n  (regexp-match? #rx\"\\w*z\\w*\" text))\n\n(require rackunit)\n\n(define (test-humaneval) \n\n  (let (( candidate text_match_wordz))\n    (check-equal? (candidate \"pythonz.\") #t)\n    (check-equal? (candidate \"xyz.\") #t)\n    (check-equal? (candidate \"  lang  .\") #f)\n))\n\n(test-humaneval)",
      "timestamp": 1665510606,
      "stdout": "",
      "stderr": "/tmp/tmpzfsiqn7d.rkt:5:17: read-syntax: unknown escape sequence `\\w` in string\n  context...:\n   /work/arjunguha-research-group/software/racket/collects/syntax/module-reader.rkt:186:17: body\n   /work/arjunguha-research-group/software/racket/collects/syntax/module-reader.rkt:183:2: wrap-internal\n   /work/arjunguha-research-group/software/racket/collects/racket/../syntax/module-reader.rkt:67:9: wrap-internal/wrapper\n",
      "exit_code": 1,
      "status": "SyntaxError"
    },
    {
      "program": "#lang racket\n\n;; Write a function that matches a word containing 'z'.\n(define (text_match_wordz text)\n  (regexp-match* #rx\"\\\\b[a-z]+z[a-z]+\\\\b\" text))\n\n(require rackunit)\n\n(define (test-humaneval) \n\n  (let (( candidate text_match_wordz))\n    (check-equal? (candidate \"pythonz.\") #t)\n    (check-equal? (candidate \"xyz.\") #t)\n    (check-equal? (candidate \"  lang  .\") #f)\n))\n\n(test-humaneval)",
      "timestamp": 1665510606,
      "stdout": "",
      "stderr": "--------------------\nFAILURE\nname:       check-equal?\nlocation:   /tmp/tmp_1hr7txz.rkt:12:4\nactual:     '()\nexpected:   #t\n--------------------\n--------------------\nFAILURE\nname:       check-equal?\nlocation:   /tmp/tmp_1hr7txz.rkt:13:4\nactual:     '()\nexpected:   #t\n--------------------\n--------------------\nFAILURE\nname:       check-equal?\nlocation:   /tmp/tmp_1hr7txz.rkt:14:4\nactual:     '()\nexpected:   #f\n--------------------\n",
      "exit_code": 0,
      "status": "Exception"
    },
    {
      "program": "#lang racket\n\n;; Write a function that matches a word containing 'z'.\n(define (text_match_wordz text)\n  (regexp-match* #rx\"\\w*z\\w*\" text))\n\n(require rackunit)\n\n(define (test-humaneval) \n\n  (let (( candidate text_match_wordz))\n    (check-equal? (candidate \"pythonz.\") #t)\n    (check-equal? (candidate \"xyz.\") #t)\n    (check-equal? (candidate \"  lang  .\") #f)\n))\n\n(test-humaneval)",
      "timestamp": 1665510606,
      "stdout": "",
      "stderr": "/tmp/tmpq762uoqa.rkt:5:17: read-syntax: unknown escape sequence `\\w` in string\n  context...:\n   /work/arjunguha-research-group/software/racket/collects/syntax/module-reader.rkt:186:17: body\n   /work/arjunguha-research-group/software/racket/collects/syntax/module-reader.rkt:183:2: wrap-internal\n   /work/arjunguha-research-group/software/racket/collects/racket/../syntax/module-reader.rkt:67:9: wrap-internal/wrapper\n",
      "exit_code": 1,
      "status": "SyntaxError"
    },
    {
      "program": "#lang racket\n\n;; Write a function that matches a word containing 'z'.\n(define (text_match_wordz text)\n  (regexp-match? #rx\"\\w*z\\w*\" text))\n\n(require rackunit)\n\n(define (test-humaneval) \n\n  (let (( candidate text_match_wordz))\n    (check-equal? (candidate \"pythonz.\") #t)\n    (check-equal? (candidate \"xyz.\") #t)\n    (check-equal? (candidate \"  lang  .\") #f)\n))\n\n(test-humaneval)",
      "timestamp": 1665510606,
      "stdout": "",
      "stderr": "/tmp/tmpzfsiqn7d.rkt:5:17: read-syntax: unknown escape sequence `\\w` in string\n  context...:\n   /work/arjunguha-research-group/software/racket/collects/syntax/module-reader.rkt:186:17: body\n   /work/arjunguha-research-group/software/racket/collects/syntax/module-reader.rkt:183:2: wrap-internal\n   /work/arjunguha-research-group/software/racket/collects/racket/../syntax/module-reader.rkt:67:9: wrap-internal/wrapper\n",
      "exit_code": 1,
      "status": "SyntaxError"
    },
    {
      "program": "#lang racket\n\n;; Write a function that matches a word containing 'z'.\n(define (text_match_wordz text)\n  (regexp-match? #rx\"\\w*z\\w*\" text))\n\n(require rackunit)\n\n(define (test-humaneval) \n\n  (let (( candidate text_match_wordz))\n    (check-equal? (candidate \"pythonz.\") #t)\n    (check-equal? (candidate \"xyz.\") #t)\n    (check-equal? (candidate \"  lang  .\") #f)\n))\n\n(test-humaneval)",
      "timestamp": 1665510606,
      "stdout": "",
      "stderr": "/tmp/tmpzfsiqn7d.rkt:5:17: read-syntax: unknown escape sequence `\\w` in string\n  context...:\n   /work/arjunguha-research-group/software/racket/collects/syntax/module-reader.rkt:186:17: body\n   /work/arjunguha-research-group/software/racket/collects/syntax/module-reader.rkt:183:2: wrap-internal\n   /work/arjunguha-research-group/software/racket/collects/racket/../syntax/module-reader.rkt:67:9: wrap-internal/wrapper\n",
      "exit_code": 1,
      "status": "SyntaxError"
    },
    {
      "program": "#lang racket\n\n;; Write a function that matches a word containing 'z'.\n(define (text_match_wordz text)\n  (regexp-match #rx\"z\" text))\n\n(require rackunit)\n\n(define (test-humaneval) \n\n  (let (( candidate text_match_wordz))\n    (check-equal? (candidate \"pythonz.\") #t)\n    (check-equal? (candidate \"xyz.\") #t)\n    (check-equal? (candidate \"  lang  .\") #f)\n))\n\n(test-humaneval)",
      "timestamp": 1665510606,
      "stdout": "",
      "stderr": "--------------------\nFAILURE\nname:       check-equal?\nlocation:   /tmp/tmpxt49783s.rkt:12:4\nactual:     '(\"z\")\nexpected:   #t\n--------------------\n--------------------\nFAILURE\nname:       check-equal?\nlocation:   /tmp/tmpxt49783s.rkt:13:4\nactual:     '(\"z\")\nexpected:   #t\n--------------------\n",
      "exit_code": 0,
      "status": "Exception"
    },
    {
      "program": "#lang racket\n\n;; Write a function that matches a word containing 'z'.\n(define (text_match_wordz text)\n  (regexp-match? #rx\"\\\\bz\\\\w*\\\\b\" text))\n\n(require rackunit)\n\n(define (test-humaneval) \n\n  (let (( candidate text_match_wordz))\n    (check-equal? (candidate \"pythonz.\") #t)\n    (check-equal? (candidate \"xyz.\") #t)\n    (check-equal? (candidate \"  lang  .\") #f)\n))\n\n(test-humaneval)",
      "timestamp": 1665510606,
      "stdout": "",
      "stderr": "--------------------\nFAILURE\nname:       check-equal?\nlocation:   /tmp/tmps72vce8q.rkt:12:4\nactual:     #f\nexpected:   #t\n--------------------\n--------------------\nFAILURE\nname:       check-equal?\nlocation:   /tmp/tmps72vce8q.rkt:13:4\nactual:     #f\nexpected:   #t\n--------------------\n",
      "exit_code": 0,
      "status": "Exception"
    },
    {
      "program": "#lang racket\n\n;; Write a function that matches a word containing 'z'.\n(define (text_match_wordz text)\n  (regexp-match? #rx\"\\bz\\w*\\b\" text))\n\n(require rackunit)\n\n(define (test-humaneval) \n\n  (let (( candidate text_match_wordz))\n    (check-equal? (candidate \"pythonz.\") #t)\n    (check-equal? (candidate \"xyz.\") #t)\n    (check-equal? (candidate \"  lang  .\") #f)\n))\n\n(test-humaneval)",
      "timestamp": 1665510606,
      "stdout": "",
      "stderr": "/tmp/tmpbai9mid3.rkt:5:17: read-syntax: unknown escape sequence `\\w` in string\n  context...:\n   /work/arjunguha-research-group/software/racket/collects/syntax/module-reader.rkt:186:17: body\n   /work/arjunguha-research-group/software/racket/collects/syntax/module-reader.rkt:183:2: wrap-internal\n   /work/arjunguha-research-group/software/racket/collects/racket/../syntax/module-reader.rkt:67:9: wrap-internal/wrapper\n",
      "exit_code": 1,
      "status": "SyntaxError"
    },
    {
      "program": "#lang racket\n\n;; Write a function that matches a word containing 'z'.\n(define (text_match_wordz text)\n  (regexp-match? #rx\"\\\\bz\\\\w*\\\\b\" text))\n\n(require rackunit)\n\n(define (test-humaneval) \n\n  (let (( candidate text_match_wordz))\n    (check-equal? (candidate \"pythonz.\") #t)\n    (check-equal? (candidate \"xyz.\") #t)\n    (check-equal? (candidate \"  lang  .\") #f)\n))\n\n(test-humaneval)",
      "timestamp": 1665510606,
      "stdout": "",
      "stderr": "--------------------\nFAILURE\nname:       check-equal?\nlocation:   /tmp/tmps72vce8q.rkt:12:4\nactual:     #f\nexpected:   #t\n--------------------\n--------------------\nFAILURE\nname:       check-equal?\nlocation:   /tmp/tmps72vce8q.rkt:13:4\nactual:     #f\nexpected:   #t\n--------------------\n",
      "exit_code": 0,
      "status": "Exception"
    },
    {
      "program": "#lang racket\n\n;; Write a function that matches a word containing 'z'.\n(define (text_match_wordz text)\n  (regexp-match #rx\"\\w*z\\w*\" text))\n\n(require rackunit)\n\n(define (test-humaneval) \n\n  (let (( candidate text_match_wordz))\n    (check-equal? (candidate \"pythonz.\") #t)\n    (check-equal? (candidate \"xyz.\") #t)\n    (check-equal? (candidate \"  lang  .\") #f)\n))\n\n(test-humaneval)",
      "timestamp": 1666123475,
      "stdout": "",
      "stderr": "/tmp/tmpt76801g9.rkt:5:16: read-syntax: unknown escape sequence `\\w` in string\n  context...:\n   /work/arjunguha-research-group/software/racket/collects/syntax/module-reader.rkt:186:17: body\n   /work/arjunguha-research-group/software/racket/collects/syntax/module-reader.rkt:183:2: wrap-internal\n   /work/arjunguha-research-group/software/racket/collects/racket/../syntax/module-reader.rkt:67:9: wrap-internal/wrapper\n",
      "exit_code": 1,
      "status": "SyntaxError"
    },
    {
      "program": "#lang racket\n\n;; Write a function that matches a word containing 'z'.\n(define (text_match_wordz text)\n  (regexp-match? #rx\"z\" text))\n\n(require rackunit)\n\n(define (test-humaneval) \n\n  (let (( candidate text_match_wordz))\n    (check-equal? (candidate \"pythonz.\") #t)\n    (check-equal? (candidate \"xyz.\") #t)\n    (check-equal? (candidate \"  lang  .\") #f)\n))\n\n(test-humaneval)",
      "timestamp": 1666123476,
      "stdout": "",
      "stderr": "",
      "exit_code": 0,
      "status": "OK"
    },
    {
      "program": "#lang racket\n\n;; Write a function that matches a word containing 'z'.\n(define (text_match_wordz text)\n  (regexp-match* #rx\"\\w*z\\w*\" text))\n\n(require rackunit)\n\n(define (test-humaneval) \n\n  (let (( candidate text_match_wordz))\n    (check-equal? (candidate \"pythonz.\") #t)\n    (check-equal? (candidate \"xyz.\") #t)\n    (check-equal? (candidate \"  lang  .\") #f)\n))\n\n(test-humaneval)",
      "timestamp": 1665510606,
      "stdout": "",
      "stderr": "/tmp/tmpq762uoqa.rkt:5:17: read-syntax: unknown escape sequence `\\w` in string\n  context...:\n   /work/arjunguha-research-group/software/racket/collects/syntax/module-reader.rkt:186:17: body\n   /work/arjunguha-research-group/software/racket/collects/syntax/module-reader.rkt:183:2: wrap-internal\n   /work/arjunguha-research-group/software/racket/collects/racket/../syntax/module-reader.rkt:67:9: wrap-internal/wrapper\n",
      "exit_code": 1,
      "status": "SyntaxError"
    },
    {
      "program": "#lang racket\n\n;; Write a function that matches a word containing 'z'.\n(define (text_match_wordz text)\n  (regexp-match #rx\"\\w*z\\w*\" text))\n\n(require rackunit)\n\n(define (test-humaneval) \n\n  (let (( candidate text_match_wordz))\n    (check-equal? (candidate \"pythonz.\") #t)\n    (check-equal? (candidate \"xyz.\") #t)\n    (check-equal? (candidate \"  lang  .\") #f)\n))\n\n(test-humaneval)",
      "timestamp": 1666123475,
      "stdout": "",
      "stderr": "/tmp/tmpt76801g9.rkt:5:16: read-syntax: unknown escape sequence `\\w` in string\n  context...:\n   /work/arjunguha-research-group/software/racket/collects/syntax/module-reader.rkt:186:17: body\n   /work/arjunguha-research-group/software/racket/collects/syntax/module-reader.rkt:183:2: wrap-internal\n   /work/arjunguha-research-group/software/racket/collects/racket/../syntax/module-reader.rkt:67:9: wrap-internal/wrapper\n",
      "exit_code": 1,
      "status": "SyntaxError"
    },
    {
      "program": "#lang racket\n\n;; Write a function that matches a word containing 'z'.\n(define (text_match_wordz text)\n  (regexp-match* #rx\"\\w*z\\w*\" text))\n\n(require rackunit)\n\n(define (test-humaneval) \n\n  (let (( candidate text_match_wordz))\n    (check-equal? (candidate \"pythonz.\") #t)\n    (check-equal? (candidate \"xyz.\") #t)\n    (check-equal? (candidate \"  lang  .\") #f)\n))\n\n(test-humaneval)",
      "timestamp": 1665510606,
      "stdout": "",
      "stderr": "/tmp/tmpq762uoqa.rkt:5:17: read-syntax: unknown escape sequence `\\w` in string\n  context...:\n   /work/arjunguha-research-group/software/racket/collects/syntax/module-reader.rkt:186:17: body\n   /work/arjunguha-research-group/software/racket/collects/syntax/module-reader.rkt:183:2: wrap-internal\n   /work/arjunguha-research-group/software/racket/collects/racket/../syntax/module-reader.rkt:67:9: wrap-internal/wrapper\n",
      "exit_code": 1,
      "status": "SyntaxError"
    },
    {
      "program": "#lang racket\n\n;; Write a function that matches a word containing 'z'.\n(define (text_match_wordz text)\n  (regexp-match? #rx\"\\w*z\\w*\" text))\n\n(require rackunit)\n\n(define (test-humaneval) \n\n  (let (( candidate text_match_wordz))\n    (check-equal? (candidate \"pythonz.\") #t)\n    (check-equal? (candidate \"xyz.\") #t)\n    (check-equal? (candidate \"  lang  .\") #f)\n))\n\n(test-humaneval)",
      "timestamp": 1665510606,
      "stdout": "",
      "stderr": "/tmp/tmpzfsiqn7d.rkt:5:17: read-syntax: unknown escape sequence `\\w` in string\n  context...:\n   /work/arjunguha-research-group/software/racket/collects/syntax/module-reader.rkt:186:17: body\n   /work/arjunguha-research-group/software/racket/collects/syntax/module-reader.rkt:183:2: wrap-internal\n   /work/arjunguha-research-group/software/racket/collects/racket/../syntax/module-reader.rkt:67:9: wrap-internal/wrapper\n",
      "exit_code": 1,
      "status": "SyntaxError"
    },
    {
      "program": "#lang racket\n\n;; Write a function that matches a word containing 'z'.\n(define (text_match_wordz text)\n  (regexp-match? #rx\"z\" text))\n\n(require rackunit)\n\n(define (test-humaneval) \n\n  (let (( candidate text_match_wordz))\n    (check-equal? (candidate \"pythonz.\") #t)\n    (check-equal? (candidate \"xyz.\") #t)\n    (check-equal? (candidate \"  lang  .\") #f)\n))\n\n(test-humaneval)",
      "timestamp": 1666123476,
      "stdout": "",
      "stderr": "",
      "exit_code": 0,
      "status": "OK"
    },
    {
      "program": "#lang racket\n\n;; Write a function that matches a word containing 'z'.\n(define (text_match_wordz text)\n  (regexp-match? #rx\"\\w*z\\w*\" text))\n\n(require rackunit)\n\n(define (test-humaneval) \n\n  (let (( candidate text_match_wordz))\n    (check-equal? (candidate \"pythonz.\") #t)\n    (check-equal? (candidate \"xyz.\") #t)\n    (check-equal? (candidate \"  lang  .\") #f)\n))\n\n(test-humaneval)",
      "timestamp": 1665510606,
      "stdout": "",
      "stderr": "/tmp/tmpzfsiqn7d.rkt:5:17: read-syntax: unknown escape sequence `\\w` in string\n  context...:\n   /work/arjunguha-research-group/software/racket/collects/syntax/module-reader.rkt:186:17: body\n   /work/arjunguha-research-group/software/racket/collects/syntax/module-reader.rkt:183:2: wrap-internal\n   /work/arjunguha-research-group/software/racket/collects/racket/../syntax/module-reader.rkt:67:9: wrap-internal/wrapper\n",
      "exit_code": 1,
      "status": "SyntaxError"
    },
    {
      "program": "#lang racket\n\n;; Write a function that matches a word containing 'z'.\n(define (text_match_wordz text)\n  (regexp-match? #rx\"\\w*z\\w*\" text))\n\n(require rackunit)\n\n(define (test-humaneval) \n\n  (let (( candidate text_match_wordz))\n    (check-equal? (candidate \"pythonz.\") #t)\n    (check-equal? (candidate \"xyz.\") #t)\n    (check-equal? (candidate \"  lang  .\") #f)\n))\n\n(test-humaneval)",
      "timestamp": 1665510606,
      "stdout": "",
      "stderr": "/tmp/tmpzfsiqn7d.rkt:5:17: read-syntax: unknown escape sequence `\\w` in string\n  context...:\n   /work/arjunguha-research-group/software/racket/collects/syntax/module-reader.rkt:186:17: body\n   /work/arjunguha-research-group/software/racket/collects/syntax/module-reader.rkt:183:2: wrap-internal\n   /work/arjunguha-research-group/software/racket/collects/racket/../syntax/module-reader.rkt:67:9: wrap-internal/wrapper\n",
      "exit_code": 1,
      "status": "SyntaxError"
    },
    {
      "program": "#lang racket\n\n;; Write a function that matches a word containing 'z'.\n(define (text_match_wordz text)\n  (regexp-match* #rx\"\\w*z\\w*\" text))\n\n(require rackunit)\n\n(define (test-humaneval) \n\n  (let (( candidate text_match_wordz))\n    (check-equal? (candidate \"pythonz.\") #t)\n    (check-equal? (candidate \"xyz.\") #t)\n    (check-equal? (candidate \"  lang  .\") #f)\n))\n\n(test-humaneval)",
      "timestamp": 1665510606,
      "stdout": "",
      "stderr": "/tmp/tmpq762uoqa.rkt:5:17: read-syntax: unknown escape sequence `\\w` in string\n  context...:\n   /work/arjunguha-research-group/software/racket/collects/syntax/module-reader.rkt:186:17: body\n   /work/arjunguha-research-group/software/racket/collects/syntax/module-reader.rkt:183:2: wrap-internal\n   /work/arjunguha-research-group/software/racket/collects/racket/../syntax/module-reader.rkt:67:9: wrap-internal/wrapper\n",
      "exit_code": 1,
      "status": "SyntaxError"
    },
    {
      "program": "#lang racket\n\n;; Write a function that matches a word containing 'z'.\n(define (text_match_wordz text)\n  (regexp-match* #rx\"\\w*z\\w*\" text))\n\n(require rackunit)\n\n(define (test-humaneval) \n\n  (let (( candidate text_match_wordz))\n    (check-equal? (candidate \"pythonz.\") #t)\n    (check-equal? (candidate \"xyz.\") #t)\n    (check-equal? (candidate \"  lang  .\") #f)\n))\n\n(test-humaneval)",
      "timestamp": 1665510606,
      "stdout": "",
      "stderr": "/tmp/tmpq762uoqa.rkt:5:17: read-syntax: unknown escape sequence `\\w` in string\n  context...:\n   /work/arjunguha-research-group/software/racket/collects/syntax/module-reader.rkt:186:17: body\n   /work/arjunguha-research-group/software/racket/collects/syntax/module-reader.rkt:183:2: wrap-internal\n   /work/arjunguha-research-group/software/racket/collects/racket/../syntax/module-reader.rkt:67:9: wrap-internal/wrapper\n",
      "exit_code": 1,
      "status": "SyntaxError"
    },
    {
      "program": "#lang racket\n\n;; Write a function that matches a word containing 'z'.\n(define (text_match_wordz text)\n  (regexp-match* #rx\"\\w*z\\w*\" text))\n\n(require rackunit)\n\n(define (test-humaneval) \n\n  (let (( candidate text_match_wordz))\n    (check-equal? (candidate \"pythonz.\") #t)\n    (check-equal? (candidate \"xyz.\") #t)\n    (check-equal? (candidate \"  lang  .\") #f)\n))\n\n(test-humaneval)",
      "timestamp": 1665510606,
      "stdout": "",
      "stderr": "/tmp/tmpq762uoqa.rkt:5:17: read-syntax: unknown escape sequence `\\w` in string\n  context...:\n   /work/arjunguha-research-group/software/racket/collects/syntax/module-reader.rkt:186:17: body\n   /work/arjunguha-research-group/software/racket/collects/syntax/module-reader.rkt:183:2: wrap-internal\n   /work/arjunguha-research-group/software/racket/collects/racket/../syntax/module-reader.rkt:67:9: wrap-internal/wrapper\n",
      "exit_code": 1,
      "status": "SyntaxError"
    },
    {
      "program": "#lang racket\n\n;; Write a function that matches a word containing 'z'.\n(define (text_match_wordz text)\n  (regexp-match* #rx\"\\w*z\\w*\" text))\n\n(require rackunit)\n\n(define (test-humaneval) \n\n  (let (( candidate text_match_wordz))\n    (check-equal? (candidate \"pythonz.\") #t)\n    (check-equal? (candidate \"xyz.\") #t)\n    (check-equal? (candidate \"  lang  .\") #f)\n))\n\n(test-humaneval)",
      "timestamp": 1665510606,
      "stdout": "",
      "stderr": "/tmp/tmpq762uoqa.rkt:5:17: read-syntax: unknown escape sequence `\\w` in string\n  context...:\n   /work/arjunguha-research-group/software/racket/collects/syntax/module-reader.rkt:186:17: body\n   /work/arjunguha-research-group/software/racket/collects/syntax/module-reader.rkt:183:2: wrap-internal\n   /work/arjunguha-research-group/software/racket/collects/racket/../syntax/module-reader.rkt:67:9: wrap-internal/wrapper\n",
      "exit_code": 1,
      "status": "SyntaxError"
    },
    {
      "program": "#lang racket\n\n;; Write a function that matches a word containing 'z'.\n(define (text_match_wordz text)\n  (regexp-match? #rx\"\\w*z\\w*\" text))\n\n(require rackunit)\n\n(define (test-humaneval) \n\n  (let (( candidate text_match_wordz))\n    (check-equal? (candidate \"pythonz.\") #t)\n    (check-equal? (candidate \"xyz.\") #t)\n    (check-equal? (candidate \"  lang  .\") #f)\n))\n\n(test-humaneval)",
      "timestamp": 1665510606,
      "stdout": "",
      "stderr": "/tmp/tmpzfsiqn7d.rkt:5:17: read-syntax: unknown escape sequence `\\w` in string\n  context...:\n   /work/arjunguha-research-group/software/racket/collects/syntax/module-reader.rkt:186:17: body\n   /work/arjunguha-research-group/software/racket/collects/syntax/module-reader.rkt:183:2: wrap-internal\n   /work/arjunguha-research-group/software/racket/collects/racket/../syntax/module-reader.rkt:67:9: wrap-internal/wrapper\n",
      "exit_code": 1,
      "status": "SyntaxError"
    },
    {
      "program": "#lang racket\n\n;; Write a function that matches a word containing 'z'.\n(define (text_match_wordz text)\n  (regexp-match* #rx\"\\w*z\\w*\" text))\n\n(require rackunit)\n\n(define (test-humaneval) \n\n  (let (( candidate text_match_wordz))\n    (check-equal? (candidate \"pythonz.\") #t)\n    (check-equal? (candidate \"xyz.\") #t)\n    (check-equal? (candidate \"  lang  .\") #f)\n))\n\n(test-humaneval)",
      "timestamp": 1665510606,
      "stdout": "",
      "stderr": "/tmp/tmpq762uoqa.rkt:5:17: read-syntax: unknown escape sequence `\\w` in string\n  context...:\n   /work/arjunguha-research-group/software/racket/collects/syntax/module-reader.rkt:186:17: body\n   /work/arjunguha-research-group/software/racket/collects/syntax/module-reader.rkt:183:2: wrap-internal\n   /work/arjunguha-research-group/software/racket/collects/racket/../syntax/module-reader.rkt:67:9: wrap-internal/wrapper\n",
      "exit_code": 1,
      "status": "SyntaxError"
    },
    {
      "program": "#lang racket\n\n;; Write a function that matches a word containing 'z'.\n(define (text_match_wordz text)\n  (regexp-match? #rx\"\\w*z\\w*\" text))\n\n(require rackunit)\n\n(define (test-humaneval) \n\n  (let (( candidate text_match_wordz))\n    (check-equal? (candidate \"pythonz.\") #t)\n    (check-equal? (candidate \"xyz.\") #t)\n    (check-equal? (candidate \"  lang  .\") #f)\n))\n\n(test-humaneval)",
      "timestamp": 1665510606,
      "stdout": "",
      "stderr": "/tmp/tmpzfsiqn7d.rkt:5:17: read-syntax: unknown escape sequence `\\w` in string\n  context...:\n   /work/arjunguha-research-group/software/racket/collects/syntax/module-reader.rkt:186:17: body\n   /work/arjunguha-research-group/software/racket/collects/syntax/module-reader.rkt:183:2: wrap-internal\n   /work/arjunguha-research-group/software/racket/collects/racket/../syntax/module-reader.rkt:67:9: wrap-internal/wrapper\n",
      "exit_code": 1,
      "status": "SyntaxError"
    },
    {
      "program": "#lang racket\n\n;; Write a function that matches a word containing 'z'.\n(define (text_match_wordz text)\n  (regexp-match #rx\"\\w*z\\w*\" text))\n\n(require rackunit)\n\n(define (test-humaneval) \n\n  (let (( candidate text_match_wordz))\n    (check-equal? (candidate \"pythonz.\") #t)\n    (check-equal? (candidate \"xyz.\") #t)\n    (check-equal? (candidate \"  lang  .\") #f)\n))\n\n(test-humaneval)",
      "timestamp": 1666123475,
      "stdout": "",
      "stderr": "/tmp/tmpt76801g9.rkt:5:16: read-syntax: unknown escape sequence `\\w` in string\n  context...:\n   /work/arjunguha-research-group/software/racket/collects/syntax/module-reader.rkt:186:17: body\n   /work/arjunguha-research-group/software/racket/collects/syntax/module-reader.rkt:183:2: wrap-internal\n   /work/arjunguha-research-group/software/racket/collects/racket/../syntax/module-reader.rkt:67:9: wrap-internal/wrapper\n",
      "exit_code": 1,
      "status": "SyntaxError"
    },
    {
      "program": "#lang racket\n\n;; Write a function that matches a word containing 'z'.\n(define (text_match_wordz text)\n  (regexp-match* #rx\"\\w*z\\w*\" text))\n\n(require rackunit)\n\n(define (test-humaneval) \n\n  (let (( candidate text_match_wordz))\n    (check-equal? (candidate \"pythonz.\") #t)\n    (check-equal? (candidate \"xyz.\") #t)\n    (check-equal? (candidate \"  lang  .\") #f)\n))\n\n(test-humaneval)",
      "timestamp": 1665510606,
      "stdout": "",
      "stderr": "/tmp/tmpq762uoqa.rkt:5:17: read-syntax: unknown escape sequence `\\w` in string\n  context...:\n   /work/arjunguha-research-group/software/racket/collects/syntax/module-reader.rkt:186:17: body\n   /work/arjunguha-research-group/software/racket/collects/syntax/module-reader.rkt:183:2: wrap-internal\n   /work/arjunguha-research-group/software/racket/collects/racket/../syntax/module-reader.rkt:67:9: wrap-internal/wrapper\n",
      "exit_code": 1,
      "status": "SyntaxError"
    },
    {
      "program": "#lang racket\n\n;; Write a function that matches a word containing 'z'.\n(define (text_match_wordz text)\n  (regexp-match? #rx\"\\w*z\\w*\" text))\n\n(require rackunit)\n\n(define (test-humaneval) \n\n  (let (( candidate text_match_wordz))\n    (check-equal? (candidate \"pythonz.\") #t)\n    (check-equal? (candidate \"xyz.\") #t)\n    (check-equal? (candidate \"  lang  .\") #f)\n))\n\n(test-humaneval)",
      "timestamp": 1665510606,
      "stdout": "",
      "stderr": "/tmp/tmpzfsiqn7d.rkt:5:17: read-syntax: unknown escape sequence `\\w` in string\n  context...:\n   /work/arjunguha-research-group/software/racket/collects/syntax/module-reader.rkt:186:17: body\n   /work/arjunguha-research-group/software/racket/collects/syntax/module-reader.rkt:183:2: wrap-internal\n   /work/arjunguha-research-group/software/racket/collects/racket/../syntax/module-reader.rkt:67:9: wrap-internal/wrapper\n",
      "exit_code": 1,
      "status": "SyntaxError"
    },
    {
      "program": "#lang racket\n\n;; Write a function that matches a word containing 'z'.\n(define (text_match_wordz text)\n  (regexp-match* #rx\"\\\\bz\\\\w*\\\\b\" text))\n\n(require rackunit)\n\n(define (test-humaneval) \n\n  (let (( candidate text_match_wordz))\n    (check-equal? (candidate \"pythonz.\") #t)\n    (check-equal? (candidate \"xyz.\") #t)\n    (check-equal? (candidate \"  lang  .\") #f)\n))\n\n(test-humaneval)",
      "timestamp": 1665510606,
      "stdout": "",
      "stderr": "--------------------\nFAILURE\nname:       check-equal?\nlocation:   /tmp/tmp76j1krsm.rkt:12:4\nactual:     '()\nexpected:   #t\n--------------------\n--------------------\nFAILURE\nname:       check-equal?\nlocation:   /tmp/tmp76j1krsm.rkt:13:4\nactual:     '()\nexpected:   #t\n--------------------\n--------------------\nFAILURE\nname:       check-equal?\nlocation:   /tmp/tmp76j1krsm.rkt:14:4\nactual:     '()\nexpected:   #f\n--------------------\n",
      "exit_code": 0,
      "status": "Exception"
    },
    {
      "program": "#lang racket\n\n;; Write a function that matches a word containing 'z'.\n(define (text_match_wordz text)\n  (regexp-match? #rx\"\\b[a-z]*z[a-z]*\\b\" text))\n\n(require rackunit)\n\n(define (test-humaneval) \n\n  (let (( candidate text_match_wordz))\n    (check-equal? (candidate \"pythonz.\") #t)\n    (check-equal? (candidate \"xyz.\") #t)\n    (check-equal? (candidate \"  lang  .\") #f)\n))\n\n(test-humaneval)",
      "timestamp": 1666123476,
      "stdout": "",
      "stderr": "--------------------\nFAILURE\nname:       check-equal?\nlocation:   /tmp/tmp8m3c1u99.rkt:12:4\nactual:     #f\nexpected:   #t\n--------------------\n--------------------\nFAILURE\nname:       check-equal?\nlocation:   /tmp/tmp8m3c1u99.rkt:13:4\nactual:     #f\nexpected:   #t\n--------------------\n",
      "exit_code": 0,
      "status": "Exception"
    },
    {
      "program": "#lang racket\n\n;; Write a function that matches a word containing 'z'.\n(define (text_match_wordz text)\n  (regexp-match? #rx\"\\w*z\\w*\" text))\n\n(require rackunit)\n\n(define (test-humaneval) \n\n  (let (( candidate text_match_wordz))\n    (check-equal? (candidate \"pythonz.\") #t)\n    (check-equal? (candidate \"xyz.\") #t)\n    (check-equal? (candidate \"  lang  .\") #f)\n))\n\n(test-humaneval)",
      "timestamp": 1665510606,
      "stdout": "",
      "stderr": "/tmp/tmpzfsiqn7d.rkt:5:17: read-syntax: unknown escape sequence `\\w` in string\n  context...:\n   /work/arjunguha-research-group/software/racket/collects/syntax/module-reader.rkt:186:17: body\n   /work/arjunguha-research-group/software/racket/collects/syntax/module-reader.rkt:183:2: wrap-internal\n   /work/arjunguha-research-group/software/racket/collects/racket/../syntax/module-reader.rkt:67:9: wrap-internal/wrapper\n",
      "exit_code": 1,
      "status": "SyntaxError"
    },
    {
      "program": "#lang racket\n\n;; Write a function that matches a word containing 'z'.\n(define (text_match_wordz text)\n  (regexp-match* #rx\"\\w*z\\w*\" text))\n\n(require rackunit)\n\n(define (test-humaneval) \n\n  (let (( candidate text_match_wordz))\n    (check-equal? (candidate \"pythonz.\") #t)\n    (check-equal? (candidate \"xyz.\") #t)\n    (check-equal? (candidate \"  lang  .\") #f)\n))\n\n(test-humaneval)",
      "timestamp": 1665510606,
      "stdout": "",
      "stderr": "/tmp/tmpq762uoqa.rkt:5:17: read-syntax: unknown escape sequence `\\w` in string\n  context...:\n   /work/arjunguha-research-group/software/racket/collects/syntax/module-reader.rkt:186:17: body\n   /work/arjunguha-research-group/software/racket/collects/syntax/module-reader.rkt:183:2: wrap-internal\n   /work/arjunguha-research-group/software/racket/collects/racket/../syntax/module-reader.rkt:67:9: wrap-internal/wrapper\n",
      "exit_code": 1,
      "status": "SyntaxError"
    },
    {
      "program": "#lang racket\n\n;; Write a function that matches a word containing 'z'.\n(define (text_match_wordz text)\n  (regexp-match? #rx\"\\\\bz\\\\w*\\\\b\" text))\n\n(require rackunit)\n\n(define (test-humaneval) \n\n  (let (( candidate text_match_wordz))\n    (check-equal? (candidate \"pythonz.\") #t)\n    (check-equal? (candidate \"xyz.\") #t)\n    (check-equal? (candidate \"  lang  .\") #f)\n))\n\n(test-humaneval)",
      "timestamp": 1665510606,
      "stdout": "",
      "stderr": "--------------------\nFAILURE\nname:       check-equal?\nlocation:   /tmp/tmps72vce8q.rkt:12:4\nactual:     #f\nexpected:   #t\n--------------------\n--------------------\nFAILURE\nname:       check-equal?\nlocation:   /tmp/tmps72vce8q.rkt:13:4\nactual:     #f\nexpected:   #t\n--------------------\n",
      "exit_code": 0,
      "status": "Exception"
    },
    {
      "program": "#lang racket\n\n;; Write a function that matches a word containing 'z'.\n(define (text_match_wordz text)\n  (regexp-match* #rx\"\\w*z\\w*\" text))\n\n(require rackunit)\n\n(define (test-humaneval) \n\n  (let (( candidate text_match_wordz))\n    (check-equal? (candidate \"pythonz.\") #t)\n    (check-equal? (candidate \"xyz.\") #t)\n    (check-equal? (candidate \"  lang  .\") #f)\n))\n\n(test-humaneval)",
      "timestamp": 1665510606,
      "stdout": "",
      "stderr": "/tmp/tmpq762uoqa.rkt:5:17: read-syntax: unknown escape sequence `\\w` in string\n  context...:\n   /work/arjunguha-research-group/software/racket/collects/syntax/module-reader.rkt:186:17: body\n   /work/arjunguha-research-group/software/racket/collects/syntax/module-reader.rkt:183:2: wrap-internal\n   /work/arjunguha-research-group/software/racket/collects/racket/../syntax/module-reader.rkt:67:9: wrap-internal/wrapper\n",
      "exit_code": 1,
      "status": "SyntaxError"
    },
    {
      "program": "#lang racket\n\n;; Write a function that matches a word containing 'z'.\n(define (text_match_wordz text)\n  (regexp-match* #rx\"\\\\bz\\\\w*\\\\b\" text))\n\n(require rackunit)\n\n(define (test-humaneval) \n\n  (let (( candidate text_match_wordz))\n    (check-equal? (candidate \"pythonz.\") #t)\n    (check-equal? (candidate \"xyz.\") #t)\n    (check-equal? (candidate \"  lang  .\") #f)\n))\n\n(test-humaneval)",
      "timestamp": 1665510606,
      "stdout": "",
      "stderr": "--------------------\nFAILURE\nname:       check-equal?\nlocation:   /tmp/tmp76j1krsm.rkt:12:4\nactual:     '()\nexpected:   #t\n--------------------\n--------------------\nFAILURE\nname:       check-equal?\nlocation:   /tmp/tmp76j1krsm.rkt:13:4\nactual:     '()\nexpected:   #t\n--------------------\n--------------------\nFAILURE\nname:       check-equal?\nlocation:   /tmp/tmp76j1krsm.rkt:14:4\nactual:     '()\nexpected:   #f\n--------------------\n",
      "exit_code": 0,
      "status": "Exception"
    },
    {
      "program": "#lang racket\n\n;; Write a function that matches a word containing 'z'.\n(define (text_match_wordz text)\n  (regexp-match #rx\"z\" text))\n\n(require rackunit)\n\n(define (test-humaneval) \n\n  (let (( candidate text_match_wordz))\n    (check-equal? (candidate \"pythonz.\") #t)\n    (check-equal? (candidate \"xyz.\") #t)\n    (check-equal? (candidate \"  lang  .\") #f)\n))\n\n(test-humaneval)",
      "timestamp": 1665510606,
      "stdout": "",
      "stderr": "--------------------\nFAILURE\nname:       check-equal?\nlocation:   /tmp/tmpxt49783s.rkt:12:4\nactual:     '(\"z\")\nexpected:   #t\n--------------------\n--------------------\nFAILURE\nname:       check-equal?\nlocation:   /tmp/tmpxt49783s.rkt:13:4\nactual:     '(\"z\")\nexpected:   #t\n--------------------\n",
      "exit_code": 0,
      "status": "Exception"
    },
    {
      "program": "#lang racket\n\n;; Write a function that matches a word containing 'z'.\n(define (text_match_wordz text)\n  (regexp-match* #rx\"\\w*z\\w*\" text))\n\n(require rackunit)\n\n(define (test-humaneval) \n\n  (let (( candidate text_match_wordz))\n    (check-equal? (candidate \"pythonz.\") #t)\n    (check-equal? (candidate \"xyz.\") #t)\n    (check-equal? (candidate \"  lang  .\") #f)\n))\n\n(test-humaneval)",
      "timestamp": 1665510606,
      "stdout": "",
      "stderr": "/tmp/tmpq762uoqa.rkt:5:17: read-syntax: unknown escape sequence `\\w` in string\n  context...:\n   /work/arjunguha-research-group/software/racket/collects/syntax/module-reader.rkt:186:17: body\n   /work/arjunguha-research-group/software/racket/collects/syntax/module-reader.rkt:183:2: wrap-internal\n   /work/arjunguha-research-group/software/racket/collects/racket/../syntax/module-reader.rkt:67:9: wrap-internal/wrapper\n",
      "exit_code": 1,
      "status": "SyntaxError"
    },
    {
      "program": "#lang racket\n\n;; Write a function that matches a word containing 'z'.\n(define (text_match_wordz text)\n  (regexp-match* #rx\"\\\\b[a-z]*z[a-z]*\\\\b\" text))\n\n(require rackunit)\n\n(define (test-humaneval) \n\n  (let (( candidate text_match_wordz))\n    (check-equal? (candidate \"pythonz.\") #t)\n    (check-equal? (candidate \"xyz.\") #t)\n    (check-equal? (candidate \"  lang  .\") #f)\n))\n\n(test-humaneval)",
      "timestamp": 1666123476,
      "stdout": "",
      "stderr": "--------------------\nFAILURE\nname:       check-equal?\nlocation:   /tmp/tmpfeyno1t6.rkt:12:4\nactual:     '()\nexpected:   #t\n--------------------\n--------------------\nFAILURE\nname:       check-equal?\nlocation:   /tmp/tmpfeyno1t6.rkt:13:4\nactual:     '()\nexpected:   #t\n--------------------\n--------------------\nFAILURE\nname:       check-equal?\nlocation:   /tmp/tmpfeyno1t6.rkt:14:4\nactual:     '()\nexpected:   #f\n--------------------\n",
      "exit_code": 0,
      "status": "Exception"
    },
    {
      "program": "#lang racket\n\n;; Write a function that matches a word containing 'z'.\n(define (text_match_wordz text)\n  (regexp-match? #rx\"z\" text))\n\n(require rackunit)\n\n(define (test-humaneval) \n\n  (let (( candidate text_match_wordz))\n    (check-equal? (candidate \"pythonz.\") #t)\n    (check-equal? (candidate \"xyz.\") #t)\n    (check-equal? (candidate \"  lang  .\") #f)\n))\n\n(test-humaneval)",
      "timestamp": 1666123476,
      "stdout": "",
      "stderr": "",
      "exit_code": 0,
      "status": "OK"
    },
    {
      "program": "#lang racket\n\n;; Write a function that matches a word containing 'z'.\n(define (text_match_wordz text)\n  (regexp-match? #rx\"\\\\b[zZ]+\\\\b\" text))\n\n(require rackunit)\n\n(define (test-humaneval) \n\n  (let (( candidate text_match_wordz))\n    (check-equal? (candidate \"pythonz.\") #t)\n    (check-equal? (candidate \"xyz.\") #t)\n    (check-equal? (candidate \"  lang  .\") #f)\n))\n\n(test-humaneval)",
      "timestamp": 1666123476,
      "stdout": "",
      "stderr": "--------------------\nFAILURE\nname:       check-equal?\nlocation:   /tmp/tmpzwt47f6w.rkt:12:4\nactual:     #f\nexpected:   #t\n--------------------\n--------------------\nFAILURE\nname:       check-equal?\nlocation:   /tmp/tmpzwt47f6w.rkt:13:4\nactual:     #f\nexpected:   #t\n--------------------\n",
      "exit_code": 0,
      "status": "Exception"
    },
    {
      "program": "#lang racket\n\n;; Write a function that matches a word containing 'z'.\n(define (text_match_wordz text)\n  (regexp-match? #rx\"\\w*z\\w*\" text))\n\n(require rackunit)\n\n(define (test-humaneval) \n\n  (let (( candidate text_match_wordz))\n    (check-equal? (candidate \"pythonz.\") #t)\n    (check-equal? (candidate \"xyz.\") #t)\n    (check-equal? (candidate \"  lang  .\") #f)\n))\n\n(test-humaneval)",
      "timestamp": 1665510606,
      "stdout": "",
      "stderr": "/tmp/tmpzfsiqn7d.rkt:5:17: read-syntax: unknown escape sequence `\\w` in string\n  context...:\n   /work/arjunguha-research-group/software/racket/collects/syntax/module-reader.rkt:186:17: body\n   /work/arjunguha-research-group/software/racket/collects/syntax/module-reader.rkt:183:2: wrap-internal\n   /work/arjunguha-research-group/software/racket/collects/racket/../syntax/module-reader.rkt:67:9: wrap-internal/wrapper\n",
      "exit_code": 1,
      "status": "SyntaxError"
    },
    {
      "program": "#lang racket\n\n;; Write a function that matches a word containing 'z'.\n(define (text_match_wordz text)\n  (regexp-match? #rx\"\\\\b[a-z]+z[a-z]+\\\\b\" text))\n\n(require rackunit)\n\n(define (test-humaneval) \n\n  (let (( candidate text_match_wordz))\n    (check-equal? (candidate \"pythonz.\") #t)\n    (check-equal? (candidate \"xyz.\") #t)\n    (check-equal? (candidate \"  lang  .\") #f)\n))\n\n(test-humaneval)",
      "timestamp": 1666123476,
      "stdout": "",
      "stderr": "--------------------\nFAILURE\nname:       check-equal?\nlocation:   /tmp/tmp99wugljo.rkt:12:4\nactual:     #f\nexpected:   #t\n--------------------\n--------------------\nFAILURE\nname:       check-equal?\nlocation:   /tmp/tmp99wugljo.rkt:13:4\nactual:     #f\nexpected:   #t\n--------------------\n",
      "exit_code": 0,
      "status": "Exception"
    },
    {
      "program": "#lang racket\n\n;; Write a function that matches a word containing 'z'.\n(define (text_match_wordz text)\n  (regexp-match? #rx\"\\w*z\\w*\" text))\n\n(require rackunit)\n\n(define (test-humaneval) \n\n  (let (( candidate text_match_wordz))\n    (check-equal? (candidate \"pythonz.\") #t)\n    (check-equal? (candidate \"xyz.\") #t)\n    (check-equal? (candidate \"  lang  .\") #f)\n))\n\n(test-humaneval)",
      "timestamp": 1665510606,
      "stdout": "",
      "stderr": "/tmp/tmpzfsiqn7d.rkt:5:17: read-syntax: unknown escape sequence `\\w` in string\n  context...:\n   /work/arjunguha-research-group/software/racket/collects/syntax/module-reader.rkt:186:17: body\n   /work/arjunguha-research-group/software/racket/collects/syntax/module-reader.rkt:183:2: wrap-internal\n   /work/arjunguha-research-group/software/racket/collects/racket/../syntax/module-reader.rkt:67:9: wrap-internal/wrapper\n",
      "exit_code": 1,
      "status": "SyntaxError"
    },
    {
      "program": "#lang racket\n\n;; Write a function that matches a word containing 'z'.\n(define (text_match_wordz text)\n  (regexp-match? #rx\"\\w*z\\w*\" text))\n\n(require rackunit)\n\n(define (test-humaneval) \n\n  (let (( candidate text_match_wordz))\n    (check-equal? (candidate \"pythonz.\") #t)\n    (check-equal? (candidate \"xyz.\") #t)\n    (check-equal? (candidate \"  lang  .\") #f)\n))\n\n(test-humaneval)",
      "timestamp": 1665510606,
      "stdout": "",
      "stderr": "/tmp/tmpzfsiqn7d.rkt:5:17: read-syntax: unknown escape sequence `\\w` in string\n  context...:\n   /work/arjunguha-research-group/software/racket/collects/syntax/module-reader.rkt:186:17: body\n   /work/arjunguha-research-group/software/racket/collects/syntax/module-reader.rkt:183:2: wrap-internal\n   /work/arjunguha-research-group/software/racket/collects/racket/../syntax/module-reader.rkt:67:9: wrap-internal/wrapper\n",
      "exit_code": 1,
      "status": "SyntaxError"
    },
    {
      "program": "#lang racket\n\n;; Write a function that matches a word containing 'z'.\n(define (text_match_wordz text)\n  (regexp-match* #rx\"\\w*z\\w*\" text))\n\n(require rackunit)\n\n(define (test-humaneval) \n\n  (let (( candidate text_match_wordz))\n    (check-equal? (candidate \"pythonz.\") #t)\n    (check-equal? (candidate \"xyz.\") #t)\n    (check-equal? (candidate \"  lang  .\") #f)\n))\n\n(test-humaneval)",
      "timestamp": 1665510606,
      "stdout": "",
      "stderr": "/tmp/tmpq762uoqa.rkt:5:17: read-syntax: unknown escape sequence `\\w` in string\n  context...:\n   /work/arjunguha-research-group/software/racket/collects/syntax/module-reader.rkt:186:17: body\n   /work/arjunguha-research-group/software/racket/collects/syntax/module-reader.rkt:183:2: wrap-internal\n   /work/arjunguha-research-group/software/racket/collects/racket/../syntax/module-reader.rkt:67:9: wrap-internal/wrapper\n",
      "exit_code": 1,
      "status": "SyntaxError"
    },
    {
      "program": "#lang racket\n\n;; Write a function that matches a word containing 'z'.\n(define (text_match_wordz text)\n  (regexp-match* #rx\"z\" text))\n\n(require rackunit)\n\n(define (test-humaneval) \n\n  (let (( candidate text_match_wordz))\n    (check-equal? (candidate \"pythonz.\") #t)\n    (check-equal? (candidate \"xyz.\") #t)\n    (check-equal? (candidate \"  lang  .\") #f)\n))\n\n(test-humaneval)",
      "timestamp": 1665510606,
      "stdout": "",
      "stderr": "--------------------\nFAILURE\nname:       check-equal?\nlocation:   /tmp/tmpj2ma295e.rkt:12:4\nactual:     '(\"z\")\nexpected:   #t\n--------------------\n--------------------\nFAILURE\nname:       check-equal?\nlocation:   /tmp/tmpj2ma295e.rkt:13:4\nactual:     '(\"z\")\nexpected:   #t\n--------------------\n--------------------\nFAILURE\nname:       check-equal?\nlocation:   /tmp/tmpj2ma295e.rkt:14:4\nactual:     '()\nexpected:   #f\n--------------------\n",
      "exit_code": 0,
      "status": "Exception"
    },
    {
      "program": "#lang racket\n\n;; Write a function that matches a word containing 'z'.\n(define (text_match_wordz text)\n  (regexp-match #rx\"\\w*z\\w*\" text))\n\n(require rackunit)\n\n(define (test-humaneval) \n\n  (let (( candidate text_match_wordz))\n    (check-equal? (candidate \"pythonz.\") #t)\n    (check-equal? (candidate \"xyz.\") #t)\n    (check-equal? (candidate \"  lang  .\") #f)\n))\n\n(test-humaneval)",
      "timestamp": 1666123475,
      "stdout": "",
      "stderr": "/tmp/tmpt76801g9.rkt:5:16: read-syntax: unknown escape sequence `\\w` in string\n  context...:\n   /work/arjunguha-research-group/software/racket/collects/syntax/module-reader.rkt:186:17: body\n   /work/arjunguha-research-group/software/racket/collects/syntax/module-reader.rkt:183:2: wrap-internal\n   /work/arjunguha-research-group/software/racket/collects/racket/../syntax/module-reader.rkt:67:9: wrap-internal/wrapper\n",
      "exit_code": 1,
      "status": "SyntaxError"
    },
    {
      "program": "#lang racket\n\n;; Write a function that matches a word containing 'z'.\n(define (text_match_wordz text)\n  (regexp-match? #rx\"\\b[a-zA-Z]*z[a-zA-Z]*\\b\" text))\n\n(require rackunit)\n\n(define (test-humaneval) \n\n  (let (( candidate text_match_wordz))\n    (check-equal? (candidate \"pythonz.\") #t)\n    (check-equal? (candidate \"xyz.\") #t)\n    (check-equal? (candidate \"  lang  .\") #f)\n))\n\n(test-humaneval)",
      "timestamp": 1665510606,
      "stdout": "",
      "stderr": "--------------------\nFAILURE\nname:       check-equal?\nlocation:   /tmp/tmpedq99ff0.rkt:12:4\nactual:     #f\nexpected:   #t\n--------------------\n--------------------\nFAILURE\nname:       check-equal?\nlocation:   /tmp/tmpedq99ff0.rkt:13:4\nactual:     #f\nexpected:   #t\n--------------------\n",
      "exit_code": 0,
      "status": "Exception"
    },
    {
      "program": "#lang racket\n\n;; Write a function that matches a word containing 'z'.\n(define (text_match_wordz text)\n  (regexp-match? #rx\"\\w*z\\w*\" text))\n\n(require rackunit)\n\n(define (test-humaneval) \n\n  (let (( candidate text_match_wordz))\n    (check-equal? (candidate \"pythonz.\") #t)\n    (check-equal? (candidate \"xyz.\") #t)\n    (check-equal? (candidate \"  lang  .\") #f)\n))\n\n(test-humaneval)",
      "timestamp": 1665510606,
      "stdout": "",
      "stderr": "/tmp/tmpzfsiqn7d.rkt:5:17: read-syntax: unknown escape sequence `\\w` in string\n  context...:\n   /work/arjunguha-research-group/software/racket/collects/syntax/module-reader.rkt:186:17: body\n   /work/arjunguha-research-group/software/racket/collects/syntax/module-reader.rkt:183:2: wrap-internal\n   /work/arjunguha-research-group/software/racket/collects/racket/../syntax/module-reader.rkt:67:9: wrap-internal/wrapper\n",
      "exit_code": 1,
      "status": "SyntaxError"
    },
    {
      "program": "#lang racket\n\n;; Write a function that matches a word containing 'z'.\n(define (text_match_wordz text)\n  (regexp-match* #rx\"z\" text))\n\n(require rackunit)\n\n(define (test-humaneval) \n\n  (let (( candidate text_match_wordz))\n    (check-equal? (candidate \"pythonz.\") #t)\n    (check-equal? (candidate \"xyz.\") #t)\n    (check-equal? (candidate \"  lang  .\") #f)\n))\n\n(test-humaneval)",
      "timestamp": 1665510606,
      "stdout": "",
      "stderr": "--------------------\nFAILURE\nname:       check-equal?\nlocation:   /tmp/tmpj2ma295e.rkt:12:4\nactual:     '(\"z\")\nexpected:   #t\n--------------------\n--------------------\nFAILURE\nname:       check-equal?\nlocation:   /tmp/tmpj2ma295e.rkt:13:4\nactual:     '(\"z\")\nexpected:   #t\n--------------------\n--------------------\nFAILURE\nname:       check-equal?\nlocation:   /tmp/tmpj2ma295e.rkt:14:4\nactual:     '()\nexpected:   #f\n--------------------\n",
      "exit_code": 0,
      "status": "Exception"
    },
    {
      "program": "#lang racket\n\n;; Write a function that matches a word containing 'z'.\n(define (text_match_wordz text)\n  (regexp-match? #rx\"\\w*z\\w*\" text))\n\n(require rackunit)\n\n(define (test-humaneval) \n\n  (let (( candidate text_match_wordz))\n    (check-equal? (candidate \"pythonz.\") #t)\n    (check-equal? (candidate \"xyz.\") #t)\n    (check-equal? (candidate \"  lang  .\") #f)\n))\n\n(test-humaneval)",
      "timestamp": 1665510606,
      "stdout": "",
      "stderr": "/tmp/tmpzfsiqn7d.rkt:5:17: read-syntax: unknown escape sequence `\\w` in string\n  context...:\n   /work/arjunguha-research-group/software/racket/collects/syntax/module-reader.rkt:186:17: body\n   /work/arjunguha-research-group/software/racket/collects/syntax/module-reader.rkt:183:2: wrap-internal\n   /work/arjunguha-research-group/software/racket/collects/racket/../syntax/module-reader.rkt:67:9: wrap-internal/wrapper\n",
      "exit_code": 1,
      "status": "SyntaxError"
    },
    {
      "program": "#lang racket\n\n;; Write a function that matches a word containing 'z'.\n(define (text_match_wordz text)\n  (regexp-match? #rx\"\\bz\\w*\\b\" text))\n\n(require rackunit)\n\n(define (test-humaneval) \n\n  (let (( candidate text_match_wordz))\n    (check-equal? (candidate \"pythonz.\") #t)\n    (check-equal? (candidate \"xyz.\") #t)\n    (check-equal? (candidate \"  lang  .\") #f)\n))\n\n(test-humaneval)",
      "timestamp": 1665510606,
      "stdout": "",
      "stderr": "/tmp/tmpbai9mid3.rkt:5:17: read-syntax: unknown escape sequence `\\w` in string\n  context...:\n   /work/arjunguha-research-group/software/racket/collects/syntax/module-reader.rkt:186:17: body\n   /work/arjunguha-research-group/software/racket/collects/syntax/module-reader.rkt:183:2: wrap-internal\n   /work/arjunguha-research-group/software/racket/collects/racket/../syntax/module-reader.rkt:67:9: wrap-internal/wrapper\n",
      "exit_code": 1,
      "status": "SyntaxError"
    },
    {
      "program": "#lang racket\n\n;; Write a function that matches a word containing 'z'.\n(define (text_match_wordz text)\n  (regexp-match? #rx\"\\w*z\\w*\" text))\n\n(require rackunit)\n\n(define (test-humaneval) \n\n  (let (( candidate text_match_wordz))\n    (check-equal? (candidate \"pythonz.\") #t)\n    (check-equal? (candidate \"xyz.\") #t)\n    (check-equal? (candidate \"  lang  .\") #f)\n))\n\n(test-humaneval)",
      "timestamp": 1665510606,
      "stdout": "",
      "stderr": "/tmp/tmpzfsiqn7d.rkt:5:17: read-syntax: unknown escape sequence `\\w` in string\n  context...:\n   /work/arjunguha-research-group/software/racket/collects/syntax/module-reader.rkt:186:17: body\n   /work/arjunguha-research-group/software/racket/collects/syntax/module-reader.rkt:183:2: wrap-internal\n   /work/arjunguha-research-group/software/racket/collects/racket/../syntax/module-reader.rkt:67:9: wrap-internal/wrapper\n",
      "exit_code": 1,
      "status": "SyntaxError"
    },
    {
      "program": "#lang racket\n\n;; Write a function that matches a word containing 'z'.\n(define (text_match_wordz text)\n  (regexp-match? #rx\"\\w*z\\w*\" text))\n\n(require rackunit)\n\n(define (test-humaneval) \n\n  (let (( candidate text_match_wordz))\n    (check-equal? (candidate \"pythonz.\") #t)\n    (check-equal? (candidate \"xyz.\") #t)\n    (check-equal? (candidate \"  lang  .\") #f)\n))\n\n(test-humaneval)",
      "timestamp": 1665510606,
      "stdout": "",
      "stderr": "/tmp/tmpzfsiqn7d.rkt:5:17: read-syntax: unknown escape sequence `\\w` in string\n  context...:\n   /work/arjunguha-research-group/software/racket/collects/syntax/module-reader.rkt:186:17: body\n   /work/arjunguha-research-group/software/racket/collects/syntax/module-reader.rkt:183:2: wrap-internal\n   /work/arjunguha-research-group/software/racket/collects/racket/../syntax/module-reader.rkt:67:9: wrap-internal/wrapper\n",
      "exit_code": 1,
      "status": "SyntaxError"
    },
    {
      "program": "#lang racket\n\n;; Write a function that matches a word containing 'z'.\n(define (text_match_wordz text)\n  (regexp-match* #rx\"\\\\bz\\\\w*\\\\b\" text))\n\n(require rackunit)\n\n(define (test-humaneval) \n\n  (let (( candidate text_match_wordz))\n    (check-equal? (candidate \"pythonz.\") #t)\n    (check-equal? (candidate \"xyz.\") #t)\n    (check-equal? (candidate \"  lang  .\") #f)\n))\n\n(test-humaneval)",
      "timestamp": 1665510606,
      "stdout": "",
      "stderr": "--------------------\nFAILURE\nname:       check-equal?\nlocation:   /tmp/tmp76j1krsm.rkt:12:4\nactual:     '()\nexpected:   #t\n--------------------\n--------------------\nFAILURE\nname:       check-equal?\nlocation:   /tmp/tmp76j1krsm.rkt:13:4\nactual:     '()\nexpected:   #t\n--------------------\n--------------------\nFAILURE\nname:       check-equal?\nlocation:   /tmp/tmp76j1krsm.rkt:14:4\nactual:     '()\nexpected:   #f\n--------------------\n",
      "exit_code": 0,
      "status": "Exception"
    },
    {
      "program": "#lang racket\n\n;; Write a function that matches a word containing 'z'.\n(define (text_match_wordz text)\n  (regexp-match #rx\"\\w*z\\w*\" text))\n\n(require rackunit)\n\n(define (test-humaneval) \n\n  (let (( candidate text_match_wordz))\n    (check-equal? (candidate \"pythonz.\") #t)\n    (check-equal? (candidate \"xyz.\") #t)\n    (check-equal? (candidate \"  lang  .\") #f)\n))\n\n(test-humaneval)",
      "timestamp": 1666123475,
      "stdout": "",
      "stderr": "/tmp/tmpt76801g9.rkt:5:16: read-syntax: unknown escape sequence `\\w` in string\n  context...:\n   /work/arjunguha-research-group/software/racket/collects/syntax/module-reader.rkt:186:17: body\n   /work/arjunguha-research-group/software/racket/collects/syntax/module-reader.rkt:183:2: wrap-internal\n   /work/arjunguha-research-group/software/racket/collects/racket/../syntax/module-reader.rkt:67:9: wrap-internal/wrapper\n",
      "exit_code": 1,
      "status": "SyntaxError"
    },
    {
      "program": "#lang racket\n\n;; Write a function that matches a word containing 'z'.\n(define (text_match_wordz text)\n  (regexp-match? #rx\"\\w*z\\w*\" text))\n\n(require rackunit)\n\n(define (test-humaneval) \n\n  (let (( candidate text_match_wordz))\n    (check-equal? (candidate \"pythonz.\") #t)\n    (check-equal? (candidate \"xyz.\") #t)\n    (check-equal? (candidate \"  lang  .\") #f)\n))\n\n(test-humaneval)",
      "timestamp": 1665510606,
      "stdout": "",
      "stderr": "/tmp/tmpzfsiqn7d.rkt:5:17: read-syntax: unknown escape sequence `\\w` in string\n  context...:\n   /work/arjunguha-research-group/software/racket/collects/syntax/module-reader.rkt:186:17: body\n   /work/arjunguha-research-group/software/racket/collects/syntax/module-reader.rkt:183:2: wrap-internal\n   /work/arjunguha-research-group/software/racket/collects/racket/../syntax/module-reader.rkt:67:9: wrap-internal/wrapper\n",
      "exit_code": 1,
      "status": "SyntaxError"
    },
    {
      "program": "#lang racket\n\n;; Write a function that matches a word containing 'z'.\n(define (text_match_wordz text)\n  (regexp-match #rx\"\\w*z\\w*\" text))\n\n(require rackunit)\n\n(define (test-humaneval) \n\n  (let (( candidate text_match_wordz))\n    (check-equal? (candidate \"pythonz.\") #t)\n    (check-equal? (candidate \"xyz.\") #t)\n    (check-equal? (candidate \"  lang  .\") #f)\n))\n\n(test-humaneval)",
      "timestamp": 1666123475,
      "stdout": "",
      "stderr": "/tmp/tmpt76801g9.rkt:5:16: read-syntax: unknown escape sequence `\\w` in string\n  context...:\n   /work/arjunguha-research-group/software/racket/collects/syntax/module-reader.rkt:186:17: body\n   /work/arjunguha-research-group/software/racket/collects/syntax/module-reader.rkt:183:2: wrap-internal\n   /work/arjunguha-research-group/software/racket/collects/racket/../syntax/module-reader.rkt:67:9: wrap-internal/wrapper\n",
      "exit_code": 1,
      "status": "SyntaxError"
    },
    {
      "program": "#lang racket\n\n;; Write a function that matches a word containing 'z'.\n(define (text_match_wordz text)\n  (regexp-match #rx\"\\w*z\\w*\" text))\n\n(require rackunit)\n\n(define (test-humaneval) \n\n  (let (( candidate text_match_wordz))\n    (check-equal? (candidate \"pythonz.\") #t)\n    (check-equal? (candidate \"xyz.\") #t)\n    (check-equal? (candidate \"  lang  .\") #f)\n))\n\n(test-humaneval)",
      "timestamp": 1666123475,
      "stdout": "",
      "stderr": "/tmp/tmpt76801g9.rkt:5:16: read-syntax: unknown escape sequence `\\w` in string\n  context...:\n   /work/arjunguha-research-group/software/racket/collects/syntax/module-reader.rkt:186:17: body\n   /work/arjunguha-research-group/software/racket/collects/syntax/module-reader.rkt:183:2: wrap-internal\n   /work/arjunguha-research-group/software/racket/collects/racket/../syntax/module-reader.rkt:67:9: wrap-internal/wrapper\n",
      "exit_code": 1,
      "status": "SyntaxError"
    },
    {
      "program": "#lang racket\n\n;; Write a function that matches a word containing 'z'.\n(define (text_match_wordz text)\n  (regexp-match? #rx\"z\" text))\n\n(require rackunit)\n\n(define (test-humaneval) \n\n  (let (( candidate text_match_wordz))\n    (check-equal? (candidate \"pythonz.\") #t)\n    (check-equal? (candidate \"xyz.\") #t)\n    (check-equal? (candidate \"  lang  .\") #f)\n))\n\n(test-humaneval)",
      "timestamp": 1666123476,
      "stdout": "",
      "stderr": "",
      "exit_code": 0,
      "status": "OK"
    },
    {
      "program": "#lang racket\n\n;; Write a function that matches a word containing 'z'.\n(define (text_match_wordz text)\n  (regexp-match* #rx\"\\w*z\\w*\" text))\n\n(require rackunit)\n\n(define (test-humaneval) \n\n  (let (( candidate text_match_wordz))\n    (check-equal? (candidate \"pythonz.\") #t)\n    (check-equal? (candidate \"xyz.\") #t)\n    (check-equal? (candidate \"  lang  .\") #f)\n))\n\n(test-humaneval)",
      "timestamp": 1665510606,
      "stdout": "",
      "stderr": "/tmp/tmpq762uoqa.rkt:5:17: read-syntax: unknown escape sequence `\\w` in string\n  context...:\n   /work/arjunguha-research-group/software/racket/collects/syntax/module-reader.rkt:186:17: body\n   /work/arjunguha-research-group/software/racket/collects/syntax/module-reader.rkt:183:2: wrap-internal\n   /work/arjunguha-research-group/software/racket/collects/racket/../syntax/module-reader.rkt:67:9: wrap-internal/wrapper\n",
      "exit_code": 1,
      "status": "SyntaxError"
    },
    {
      "program": "#lang racket\n\n;; Write a function that matches a word containing 'z'.\n(define (text_match_wordz text)\n  (regexp-match #rx\"\\w*z\\w*\" text))\n\n(require rackunit)\n\n(define (test-humaneval) \n\n  (let (( candidate text_match_wordz))\n    (check-equal? (candidate \"pythonz.\") #t)\n    (check-equal? (candidate \"xyz.\") #t)\n    (check-equal? (candidate \"  lang  .\") #f)\n))\n\n(test-humaneval)",
      "timestamp": 1666123475,
      "stdout": "",
      "stderr": "/tmp/tmpt76801g9.rkt:5:16: read-syntax: unknown escape sequence `\\w` in string\n  context...:\n   /work/arjunguha-research-group/software/racket/collects/syntax/module-reader.rkt:186:17: body\n   /work/arjunguha-research-group/software/racket/collects/syntax/module-reader.rkt:183:2: wrap-internal\n   /work/arjunguha-research-group/software/racket/collects/racket/../syntax/module-reader.rkt:67:9: wrap-internal/wrapper\n",
      "exit_code": 1,
      "status": "SyntaxError"
    },
    {
      "program": "#lang racket\n\n;; Write a function that matches a word containing 'z'.\n(define (text_match_wordz text)\n  (regexp-match #rx\"z\" text))\n\n(require rackunit)\n\n(define (test-humaneval) \n\n  (let (( candidate text_match_wordz))\n    (check-equal? (candidate \"pythonz.\") #t)\n    (check-equal? (candidate \"xyz.\") #t)\n    (check-equal? (candidate \"  lang  .\") #f)\n))\n\n(test-humaneval)",
      "timestamp": 1665510606,
      "stdout": "",
      "stderr": "--------------------\nFAILURE\nname:       check-equal?\nlocation:   /tmp/tmpxt49783s.rkt:12:4\nactual:     '(\"z\")\nexpected:   #t\n--------------------\n--------------------\nFAILURE\nname:       check-equal?\nlocation:   /tmp/tmpxt49783s.rkt:13:4\nactual:     '(\"z\")\nexpected:   #t\n--------------------\n",
      "exit_code": 0,
      "status": "Exception"
    },
    {
      "program": "#lang racket\n\n;; Write a function that matches a word containing 'z'.\n(define (text_match_wordz text)\n  (regexp-match #rx\"\\w*z\\w*\" text))\n\n(require rackunit)\n\n(define (test-humaneval) \n\n  (let (( candidate text_match_wordz))\n    (check-equal? (candidate \"pythonz.\") #t)\n    (check-equal? (candidate \"xyz.\") #t)\n    (check-equal? (candidate \"  lang  .\") #f)\n))\n\n(test-humaneval)",
      "timestamp": 1666123475,
      "stdout": "",
      "stderr": "/tmp/tmpt76801g9.rkt:5:16: read-syntax: unknown escape sequence `\\w` in string\n  context...:\n   /work/arjunguha-research-group/software/racket/collects/syntax/module-reader.rkt:186:17: body\n   /work/arjunguha-research-group/software/racket/collects/syntax/module-reader.rkt:183:2: wrap-internal\n   /work/arjunguha-research-group/software/racket/collects/racket/../syntax/module-reader.rkt:67:9: wrap-internal/wrapper\n",
      "exit_code": 1,
      "status": "SyntaxError"
    },
    {
      "program": "#lang racket\n\n;; Write a function that matches a word containing 'z'.\n(define (text_match_wordz text)\n  (regexp-match* #rx\"\\w*z\\w*\" text))\n\n(require rackunit)\n\n(define (test-humaneval) \n\n  (let (( candidate text_match_wordz))\n    (check-equal? (candidate \"pythonz.\") #t)\n    (check-equal? (candidate \"xyz.\") #t)\n    (check-equal? (candidate \"  lang  .\") #f)\n))\n\n(test-humaneval)",
      "timestamp": 1665510606,
      "stdout": "",
      "stderr": "/tmp/tmpq762uoqa.rkt:5:17: read-syntax: unknown escape sequence `\\w` in string\n  context...:\n   /work/arjunguha-research-group/software/racket/collects/syntax/module-reader.rkt:186:17: body\n   /work/arjunguha-research-group/software/racket/collects/syntax/module-reader.rkt:183:2: wrap-internal\n   /work/arjunguha-research-group/software/racket/collects/racket/../syntax/module-reader.rkt:67:9: wrap-internal/wrapper\n",
      "exit_code": 1,
      "status": "SyntaxError"
    },
    {
      "program": "#lang racket\n\n;; Write a function that matches a word containing 'z'.\n(define (text_match_wordz text)\n  (regexp-match* #rx\"\\bz\\w*\\b\" text))\n\n(require rackunit)\n\n(define (test-humaneval) \n\n  (let (( candidate text_match_wordz))\n    (check-equal? (candidate \"pythonz.\") #t)\n    (check-equal? (candidate \"xyz.\") #t)\n    (check-equal? (candidate \"  lang  .\") #f)\n))\n\n(test-humaneval)",
      "timestamp": 1666123475,
      "stdout": "",
      "stderr": "/tmp/tmpgfl2y14o.rkt:5:17: read-syntax: unknown escape sequence `\\w` in string\n  context...:\n   /work/arjunguha-research-group/software/racket/collects/syntax/module-reader.rkt:186:17: body\n   /work/arjunguha-research-group/software/racket/collects/syntax/module-reader.rkt:183:2: wrap-internal\n   /work/arjunguha-research-group/software/racket/collects/racket/../syntax/module-reader.rkt:67:9: wrap-internal/wrapper\n",
      "exit_code": 1,
      "status": "SyntaxError"
    },
    {
      "program": "#lang racket\n\n;; Write a function that matches a word containing 'z'.\n(define (text_match_wordz text)\n  (regexp-match #rx\"z\" text))\n\n(require rackunit)\n\n(define (test-humaneval) \n\n  (let (( candidate text_match_wordz))\n    (check-equal? (candidate \"pythonz.\") #t)\n    (check-equal? (candidate \"xyz.\") #t)\n    (check-equal? (candidate \"  lang  .\") #f)\n))\n\n(test-humaneval)",
      "timestamp": 1665510606,
      "stdout": "",
      "stderr": "--------------------\nFAILURE\nname:       check-equal?\nlocation:   /tmp/tmpxt49783s.rkt:12:4\nactual:     '(\"z\")\nexpected:   #t\n--------------------\n--------------------\nFAILURE\nname:       check-equal?\nlocation:   /tmp/tmpxt49783s.rkt:13:4\nactual:     '(\"z\")\nexpected:   #t\n--------------------\n",
      "exit_code": 0,
      "status": "Exception"
    },
    {
      "program": "#lang racket\n\n;; Write a function that matches a word containing 'z'.\n(define (text_match_wordz text)\n  (regexp-match* #rx\"\\w*z\\w*\" text))\n\n(require rackunit)\n\n(define (test-humaneval) \n\n  (let (( candidate text_match_wordz))\n    (check-equal? (candidate \"pythonz.\") #t)\n    (check-equal? (candidate \"xyz.\") #t)\n    (check-equal? (candidate \"  lang  .\") #f)\n))\n\n(test-humaneval)",
      "timestamp": 1665510606,
      "stdout": "",
      "stderr": "/tmp/tmpq762uoqa.rkt:5:17: read-syntax: unknown escape sequence `\\w` in string\n  context...:\n   /work/arjunguha-research-group/software/racket/collects/syntax/module-reader.rkt:186:17: body\n   /work/arjunguha-research-group/software/racket/collects/syntax/module-reader.rkt:183:2: wrap-internal\n   /work/arjunguha-research-group/software/racket/collects/racket/../syntax/module-reader.rkt:67:9: wrap-internal/wrapper\n",
      "exit_code": 1,
      "status": "SyntaxError"
    },
    {
      "program": "#lang racket\n\n;; Write a function that matches a word containing 'z'.\n(define (text_match_wordz text)\n  (regexp-match* #rx\"z\" text))\n\n(require rackunit)\n\n(define (test-humaneval) \n\n  (let (( candidate text_match_wordz))\n    (check-equal? (candidate \"pythonz.\") #t)\n    (check-equal? (candidate \"xyz.\") #t)\n    (check-equal? (candidate \"  lang  .\") #f)\n))\n\n(test-humaneval)",
      "timestamp": 1665510606,
      "stdout": "",
      "stderr": "--------------------\nFAILURE\nname:       check-equal?\nlocation:   /tmp/tmpj2ma295e.rkt:12:4\nactual:     '(\"z\")\nexpected:   #t\n--------------------\n--------------------\nFAILURE\nname:       check-equal?\nlocation:   /tmp/tmpj2ma295e.rkt:13:4\nactual:     '(\"z\")\nexpected:   #t\n--------------------\n--------------------\nFAILURE\nname:       check-equal?\nlocation:   /tmp/tmpj2ma295e.rkt:14:4\nactual:     '()\nexpected:   #f\n--------------------\n",
      "exit_code": 0,
      "status": "Exception"
    },
    {
      "program": "#lang racket\n\n;; Write a function that matches a word containing 'z'.\n(define (text_match_wordz text)\n  (regexp-match* #rx\"\\w*z\\w*\" text))\n\n(require rackunit)\n\n(define (test-humaneval) \n\n  (let (( candidate text_match_wordz))\n    (check-equal? (candidate \"pythonz.\") #t)\n    (check-equal? (candidate \"xyz.\") #t)\n    (check-equal? (candidate \"  lang  .\") #f)\n))\n\n(test-humaneval)",
      "timestamp": 1665510606,
      "stdout": "",
      "stderr": "/tmp/tmpq762uoqa.rkt:5:17: read-syntax: unknown escape sequence `\\w` in string\n  context...:\n   /work/arjunguha-research-group/software/racket/collects/syntax/module-reader.rkt:186:17: body\n   /work/arjunguha-research-group/software/racket/collects/syntax/module-reader.rkt:183:2: wrap-internal\n   /work/arjunguha-research-group/software/racket/collects/racket/../syntax/module-reader.rkt:67:9: wrap-internal/wrapper\n",
      "exit_code": 1,
      "status": "SyntaxError"
    },
    {
      "program": "#lang racket\n\n;; Write a function that matches a word containing 'z'.\n(define (text_match_wordz text)\n  (regexp-match? #rx\"\\w*z\\w*\" text))\n\n(require rackunit)\n\n(define (test-humaneval) \n\n  (let (( candidate text_match_wordz))\n    (check-equal? (candidate \"pythonz.\") #t)\n    (check-equal? (candidate \"xyz.\") #t)\n    (check-equal? (candidate \"  lang  .\") #f)\n))\n\n(test-humaneval)",
      "timestamp": 1665510606,
      "stdout": "",
      "stderr": "/tmp/tmpzfsiqn7d.rkt:5:17: read-syntax: unknown escape sequence `\\w` in string\n  context...:\n   /work/arjunguha-research-group/software/racket/collects/syntax/module-reader.rkt:186:17: body\n   /work/arjunguha-research-group/software/racket/collects/syntax/module-reader.rkt:183:2: wrap-internal\n   /work/arjunguha-research-group/software/racket/collects/racket/../syntax/module-reader.rkt:67:9: wrap-internal/wrapper\n",
      "exit_code": 1,
      "status": "SyntaxError"
    },
    {
      "program": "#lang racket\n\n;; Write a function that matches a word containing 'z'.\n(define (text_match_wordz text)\n  (regexp-match? #rx\"z\" text))\n\n(require rackunit)\n\n(define (test-humaneval) \n\n  (let (( candidate text_match_wordz))\n    (check-equal? (candidate \"pythonz.\") #t)\n    (check-equal? (candidate \"xyz.\") #t)\n    (check-equal? (candidate \"  lang  .\") #f)\n))\n\n(test-humaneval)",
      "timestamp": 1666123476,
      "stdout": "",
      "stderr": "",
      "exit_code": 0,
      "status": "OK"
    },
    {
      "program": "#lang racket\n\n;; Write a function that matches a word containing 'z'.\n(define (text_match_wordz text)\n  (regexp-match #rx\"\\w*z\\w*\" text))\n\n(require rackunit)\n\n(define (test-humaneval) \n\n  (let (( candidate text_match_wordz))\n    (check-equal? (candidate \"pythonz.\") #t)\n    (check-equal? (candidate \"xyz.\") #t)\n    (check-equal? (candidate \"  lang  .\") #f)\n))\n\n(test-humaneval)",
      "timestamp": 1666123475,
      "stdout": "",
      "stderr": "/tmp/tmpt76801g9.rkt:5:16: read-syntax: unknown escape sequence `\\w` in string\n  context...:\n   /work/arjunguha-research-group/software/racket/collects/syntax/module-reader.rkt:186:17: body\n   /work/arjunguha-research-group/software/racket/collects/syntax/module-reader.rkt:183:2: wrap-internal\n   /work/arjunguha-research-group/software/racket/collects/racket/../syntax/module-reader.rkt:67:9: wrap-internal/wrapper\n",
      "exit_code": 1,
      "status": "SyntaxError"
    },
    {
      "program": "#lang racket\n\n;; Write a function that matches a word containing 'z'.\n(define (text_match_wordz text)\n  (regexp-match #rx\"z\" text))\n\n(require rackunit)\n\n(define (test-humaneval) \n\n  (let (( candidate text_match_wordz))\n    (check-equal? (candidate \"pythonz.\") #t)\n    (check-equal? (candidate \"xyz.\") #t)\n    (check-equal? (candidate \"  lang  .\") #f)\n))\n\n(test-humaneval)",
      "timestamp": 1665510606,
      "stdout": "",
      "stderr": "--------------------\nFAILURE\nname:       check-equal?\nlocation:   /tmp/tmpxt49783s.rkt:12:4\nactual:     '(\"z\")\nexpected:   #t\n--------------------\n--------------------\nFAILURE\nname:       check-equal?\nlocation:   /tmp/tmpxt49783s.rkt:13:4\nactual:     '(\"z\")\nexpected:   #t\n--------------------\n",
      "exit_code": 0,
      "status": "Exception"
    },
    {
      "program": "#lang racket\n\n;; Write a function that matches a word containing 'z'.\n(define (text_match_wordz text)\n  (regexp-match* #rx\"\\\\bz\\\\w*\\\\b\" text))\n\n(require rackunit)\n\n(define (test-humaneval) \n\n  (let (( candidate text_match_wordz))\n    (check-equal? (candidate \"pythonz.\") #t)\n    (check-equal? (candidate \"xyz.\") #t)\n    (check-equal? (candidate \"  lang  .\") #f)\n))\n\n(test-humaneval)",
      "timestamp": 1665510606,
      "stdout": "",
      "stderr": "--------------------\nFAILURE\nname:       check-equal?\nlocation:   /tmp/tmp76j1krsm.rkt:12:4\nactual:     '()\nexpected:   #t\n--------------------\n--------------------\nFAILURE\nname:       check-equal?\nlocation:   /tmp/tmp76j1krsm.rkt:13:4\nactual:     '()\nexpected:   #t\n--------------------\n--------------------\nFAILURE\nname:       check-equal?\nlocation:   /tmp/tmp76j1krsm.rkt:14:4\nactual:     '()\nexpected:   #f\n--------------------\n",
      "exit_code": 0,
      "status": "Exception"
    },
    {
      "program": "#lang racket\n\n;; Write a function that matches a word containing 'z'.\n(define (text_match_wordz text)\n  (regexp-match* #rx\"\\w*z\\w*\" text))\n\n(require rackunit)\n\n(define (test-humaneval) \n\n  (let (( candidate text_match_wordz))\n    (check-equal? (candidate \"pythonz.\") #t)\n    (check-equal? (candidate \"xyz.\") #t)\n    (check-equal? (candidate \"  lang  .\") #f)\n))\n\n(test-humaneval)",
      "timestamp": 1665510606,
      "stdout": "",
      "stderr": "/tmp/tmpq762uoqa.rkt:5:17: read-syntax: unknown escape sequence `\\w` in string\n  context...:\n   /work/arjunguha-research-group/software/racket/collects/syntax/module-reader.rkt:186:17: body\n   /work/arjunguha-research-group/software/racket/collects/syntax/module-reader.rkt:183:2: wrap-internal\n   /work/arjunguha-research-group/software/racket/collects/racket/../syntax/module-reader.rkt:67:9: wrap-internal/wrapper\n",
      "exit_code": 1,
      "status": "SyntaxError"
    },
    {
      "program": "#lang racket\n\n;; Write a function that matches a word containing 'z'.\n(define (text_match_wordz text)\n  (regexp-match? #rx\"z\" text))\n\n(require rackunit)\n\n(define (test-humaneval) \n\n  (let (( candidate text_match_wordz))\n    (check-equal? (candidate \"pythonz.\") #t)\n    (check-equal? (candidate \"xyz.\") #t)\n    (check-equal? (candidate \"  lang  .\") #f)\n))\n\n(test-humaneval)",
      "timestamp": 1666123476,
      "stdout": "",
      "stderr": "",
      "exit_code": 0,
      "status": "OK"
    },
    {
      "program": "#lang racket\n\n;; Write a function that matches a word containing 'z'.\n(define (text_match_wordz text)\n  (regexp-match #rx\"\\w*z\\w*\" text))\n\n(require rackunit)\n\n(define (test-humaneval) \n\n  (let (( candidate text_match_wordz))\n    (check-equal? (candidate \"pythonz.\") #t)\n    (check-equal? (candidate \"xyz.\") #t)\n    (check-equal? (candidate \"  lang  .\") #f)\n))\n\n(test-humaneval)",
      "timestamp": 1666123475,
      "stdout": "",
      "stderr": "/tmp/tmpt76801g9.rkt:5:16: read-syntax: unknown escape sequence `\\w` in string\n  context...:\n   /work/arjunguha-research-group/software/racket/collects/syntax/module-reader.rkt:186:17: body\n   /work/arjunguha-research-group/software/racket/collects/syntax/module-reader.rkt:183:2: wrap-internal\n   /work/arjunguha-research-group/software/racket/collects/racket/../syntax/module-reader.rkt:67:9: wrap-internal/wrapper\n",
      "exit_code": 1,
      "status": "SyntaxError"
    },
    {
      "program": "#lang racket\n\n;; Write a function that matches a word containing 'z'.\n(define (text_match_wordz text)\n  (regexp-match* #rx\"\\bz\\w*\\b\" text))\n\n(require rackunit)\n\n(define (test-humaneval) \n\n  (let (( candidate text_match_wordz))\n    (check-equal? (candidate \"pythonz.\") #t)\n    (check-equal? (candidate \"xyz.\") #t)\n    (check-equal? (candidate \"  lang  .\") #f)\n))\n\n(test-humaneval)",
      "timestamp": 1666123475,
      "stdout": "",
      "stderr": "/tmp/tmpgfl2y14o.rkt:5:17: read-syntax: unknown escape sequence `\\w` in string\n  context...:\n   /work/arjunguha-research-group/software/racket/collects/syntax/module-reader.rkt:186:17: body\n   /work/arjunguha-research-group/software/racket/collects/syntax/module-reader.rkt:183:2: wrap-internal\n   /work/arjunguha-research-group/software/racket/collects/racket/../syntax/module-reader.rkt:67:9: wrap-internal/wrapper\n",
      "exit_code": 1,
      "status": "SyntaxError"
    },
    {
      "program": "#lang racket\n\n;; Write a function that matches a word containing 'z'.\n(define (text_match_wordz text)\n  (regexp-match* #rx\"\\w*z\\w*\" text))\n\n(require rackunit)\n\n(define (test-humaneval) \n\n  (let (( candidate text_match_wordz))\n    (check-equal? (candidate \"pythonz.\") #t)\n    (check-equal? (candidate \"xyz.\") #t)\n    (check-equal? (candidate \"  lang  .\") #f)\n))\n\n(test-humaneval)",
      "timestamp": 1665510606,
      "stdout": "",
      "stderr": "/tmp/tmpq762uoqa.rkt:5:17: read-syntax: unknown escape sequence `\\w` in string\n  context...:\n   /work/arjunguha-research-group/software/racket/collects/syntax/module-reader.rkt:186:17: body\n   /work/arjunguha-research-group/software/racket/collects/syntax/module-reader.rkt:183:2: wrap-internal\n   /work/arjunguha-research-group/software/racket/collects/racket/../syntax/module-reader.rkt:67:9: wrap-internal/wrapper\n",
      "exit_code": 1,
      "status": "SyntaxError"
    },
    {
      "program": "#lang racket\n\n;; Write a function that matches a word containing 'z'.\n(define (text_match_wordz text)\n  (regexp-match #rx\"\\w*z\\w*\" text))\n\n(require rackunit)\n\n(define (test-humaneval) \n\n  (let (( candidate text_match_wordz))\n    (check-equal? (candidate \"pythonz.\") #t)\n    (check-equal? (candidate \"xyz.\") #t)\n    (check-equal? (candidate \"  lang  .\") #f)\n))\n\n(test-humaneval)",
      "timestamp": 1666123475,
      "stdout": "",
      "stderr": "/tmp/tmpt76801g9.rkt:5:16: read-syntax: unknown escape sequence `\\w` in string\n  context...:\n   /work/arjunguha-research-group/software/racket/collects/syntax/module-reader.rkt:186:17: body\n   /work/arjunguha-research-group/software/racket/collects/syntax/module-reader.rkt:183:2: wrap-internal\n   /work/arjunguha-research-group/software/racket/collects/racket/../syntax/module-reader.rkt:67:9: wrap-internal/wrapper\n",
      "exit_code": 1,
      "status": "SyntaxError"
    },
    {
      "program": "#lang racket\n\n;; Write a function that matches a word containing 'z'.\n(define (text_match_wordz text)\n  (regexp-match? #rx\"\\w*z\\w*\" text))\n\n(require rackunit)\n\n(define (test-humaneval) \n\n  (let (( candidate text_match_wordz))\n    (check-equal? (candidate \"pythonz.\") #t)\n    (check-equal? (candidate \"xyz.\") #t)\n    (check-equal? (candidate \"  lang  .\") #f)\n))\n\n(test-humaneval)",
      "timestamp": 1665510606,
      "stdout": "",
      "stderr": "/tmp/tmpzfsiqn7d.rkt:5:17: read-syntax: unknown escape sequence `\\w` in string\n  context...:\n   /work/arjunguha-research-group/software/racket/collects/syntax/module-reader.rkt:186:17: body\n   /work/arjunguha-research-group/software/racket/collects/syntax/module-reader.rkt:183:2: wrap-internal\n   /work/arjunguha-research-group/software/racket/collects/racket/../syntax/module-reader.rkt:67:9: wrap-internal/wrapper\n",
      "exit_code": 1,
      "status": "SyntaxError"
    },
    {
      "program": "#lang racket\n\n;; Write a function that matches a word containing 'z'.\n(define (text_match_wordz text)\n  (regexp-match? #rx\"\\\\bz\\\\w*\\\\b\" text))\n\n(require rackunit)\n\n(define (test-humaneval) \n\n  (let (( candidate text_match_wordz))\n    (check-equal? (candidate \"pythonz.\") #t)\n    (check-equal? (candidate \"xyz.\") #t)\n    (check-equal? (candidate \"  lang  .\") #f)\n))\n\n(test-humaneval)",
      "timestamp": 1665510606,
      "stdout": "",
      "stderr": "--------------------\nFAILURE\nname:       check-equal?\nlocation:   /tmp/tmps72vce8q.rkt:12:4\nactual:     #f\nexpected:   #t\n--------------------\n--------------------\nFAILURE\nname:       check-equal?\nlocation:   /tmp/tmps72vce8q.rkt:13:4\nactual:     #f\nexpected:   #t\n--------------------\n",
      "exit_code": 0,
      "status": "Exception"
    },
    {
      "program": "#lang racket\n\n;; Write a function that matches a word containing 'z'.\n(define (text_match_wordz text)\n  (regexp-match* #rx\"\\\\bz\\\\w*\\\\b\" text))\n\n(require rackunit)\n\n(define (test-humaneval) \n\n  (let (( candidate text_match_wordz))\n    (check-equal? (candidate \"pythonz.\") #t)\n    (check-equal? (candidate \"xyz.\") #t)\n    (check-equal? (candidate \"  lang  .\") #f)\n))\n\n(test-humaneval)",
      "timestamp": 1665510606,
      "stdout": "",
      "stderr": "--------------------\nFAILURE\nname:       check-equal?\nlocation:   /tmp/tmp76j1krsm.rkt:12:4\nactual:     '()\nexpected:   #t\n--------------------\n--------------------\nFAILURE\nname:       check-equal?\nlocation:   /tmp/tmp76j1krsm.rkt:13:4\nactual:     '()\nexpected:   #t\n--------------------\n--------------------\nFAILURE\nname:       check-equal?\nlocation:   /tmp/tmp76j1krsm.rkt:14:4\nactual:     '()\nexpected:   #f\n--------------------\n",
      "exit_code": 0,
      "status": "Exception"
    },
    {
      "program": "#lang racket\n\n;; Write a function that matches a word containing 'z'.\n(define (text_match_wordz text)\n  (regexp-match? #rx\"\\w*z\\w*\" text))\n\n(require rackunit)\n\n(define (test-humaneval) \n\n  (let (( candidate text_match_wordz))\n    (check-equal? (candidate \"pythonz.\") #t)\n    (check-equal? (candidate \"xyz.\") #t)\n    (check-equal? (candidate \"  lang  .\") #f)\n))\n\n(test-humaneval)",
      "timestamp": 1665510606,
      "stdout": "",
      "stderr": "/tmp/tmpzfsiqn7d.rkt:5:17: read-syntax: unknown escape sequence `\\w` in string\n  context...:\n   /work/arjunguha-research-group/software/racket/collects/syntax/module-reader.rkt:186:17: body\n   /work/arjunguha-research-group/software/racket/collects/syntax/module-reader.rkt:183:2: wrap-internal\n   /work/arjunguha-research-group/software/racket/collects/racket/../syntax/module-reader.rkt:67:9: wrap-internal/wrapper\n",
      "exit_code": 1,
      "status": "SyntaxError"
    },
    {
      "program": "#lang racket\n\n;; Write a function that matches a word containing 'z'.\n(define (text_match_wordz text)\n  (regexp-match? #rx\"z\" text))\n\n(require rackunit)\n\n(define (test-humaneval) \n\n  (let (( candidate text_match_wordz))\n    (check-equal? (candidate \"pythonz.\") #t)\n    (check-equal? (candidate \"xyz.\") #t)\n    (check-equal? (candidate \"  lang  .\") #f)\n))\n\n(test-humaneval)",
      "timestamp": 1666123476,
      "stdout": "",
      "stderr": "",
      "exit_code": 0,
      "status": "OK"
    },
    {
      "program": "#lang racket\n\n;; Write a function that matches a word containing 'z'.\n(define (text_match_wordz text)\n  (regexp-match* #rx\"\\w*z\\w*\" text))\n\n(require rackunit)\n\n(define (test-humaneval) \n\n  (let (( candidate text_match_wordz))\n    (check-equal? (candidate \"pythonz.\") #t)\n    (check-equal? (candidate \"xyz.\") #t)\n    (check-equal? (candidate \"  lang  .\") #f)\n))\n\n(test-humaneval)",
      "timestamp": 1665510606,
      "stdout": "",
      "stderr": "/tmp/tmpq762uoqa.rkt:5:17: read-syntax: unknown escape sequence `\\w` in string\n  context...:\n   /work/arjunguha-research-group/software/racket/collects/syntax/module-reader.rkt:186:17: body\n   /work/arjunguha-research-group/software/racket/collects/syntax/module-reader.rkt:183:2: wrap-internal\n   /work/arjunguha-research-group/software/racket/collects/racket/../syntax/module-reader.rkt:67:9: wrap-internal/wrapper\n",
      "exit_code": 1,
      "status": "SyntaxError"
    },
    {
      "program": "#lang racket\n\n;; Write a function that matches a word containing 'z'.\n(define (text_match_wordz text)\n  (regexp-match? #rx\"\\w*z\\w*\" text))\n\n(require rackunit)\n\n(define (test-humaneval) \n\n  (let (( candidate text_match_wordz))\n    (check-equal? (candidate \"pythonz.\") #t)\n    (check-equal? (candidate \"xyz.\") #t)\n    (check-equal? (candidate \"  lang  .\") #f)\n))\n\n(test-humaneval)",
      "timestamp": 1665510606,
      "stdout": "",
      "stderr": "/tmp/tmpzfsiqn7d.rkt:5:17: read-syntax: unknown escape sequence `\\w` in string\n  context...:\n   /work/arjunguha-research-group/software/racket/collects/syntax/module-reader.rkt:186:17: body\n   /work/arjunguha-research-group/software/racket/collects/syntax/module-reader.rkt:183:2: wrap-internal\n   /work/arjunguha-research-group/software/racket/collects/racket/../syntax/module-reader.rkt:67:9: wrap-internal/wrapper\n",
      "exit_code": 1,
      "status": "SyntaxError"
    },
    {
      "program": "#lang racket\n\n;; Write a function that matches a word containing 'z'.\n(define (text_match_wordz text)\n  (regexp-match? #rx\"z\" text))\n\n(require rackunit)\n\n(define (test-humaneval) \n\n  (let (( candidate text_match_wordz))\n    (check-equal? (candidate \"pythonz.\") #t)\n    (check-equal? (candidate \"xyz.\") #t)\n    (check-equal? (candidate \"  lang  .\") #f)\n))\n\n(test-humaneval)",
      "timestamp": 1666123476,
      "stdout": "",
      "stderr": "",
      "exit_code": 0,
      "status": "OK"
    },
    {
      "program": "#lang racket\n\n;; Write a function that matches a word containing 'z'.\n(define (text_match_wordz text)\n  (regexp-match? #rx\"\\bz\\w*\\b\" text))\n\n(require rackunit)\n\n(define (test-humaneval) \n\n  (let (( candidate text_match_wordz))\n    (check-equal? (candidate \"pythonz.\") #t)\n    (check-equal? (candidate \"xyz.\") #t)\n    (check-equal? (candidate \"  lang  .\") #f)\n))\n\n(test-humaneval)",
      "timestamp": 1665510606,
      "stdout": "",
      "stderr": "/tmp/tmpbai9mid3.rkt:5:17: read-syntax: unknown escape sequence `\\w` in string\n  context...:\n   /work/arjunguha-research-group/software/racket/collects/syntax/module-reader.rkt:186:17: body\n   /work/arjunguha-research-group/software/racket/collects/syntax/module-reader.rkt:183:2: wrap-internal\n   /work/arjunguha-research-group/software/racket/collects/racket/../syntax/module-reader.rkt:67:9: wrap-internal/wrapper\n",
      "exit_code": 1,
      "status": "SyntaxError"
    },
    {
      "program": "#lang racket\n\n;; Write a function that matches a word containing 'z'.\n(define (text_match_wordz text)\n  (regexp-match? #rx\"\\w*z\\w*\" text))\n\n(require rackunit)\n\n(define (test-humaneval) \n\n  (let (( candidate text_match_wordz))\n    (check-equal? (candidate \"pythonz.\") #t)\n    (check-equal? (candidate \"xyz.\") #t)\n    (check-equal? (candidate \"  lang  .\") #f)\n))\n\n(test-humaneval)",
      "timestamp": 1665510606,
      "stdout": "",
      "stderr": "/tmp/tmpzfsiqn7d.rkt:5:17: read-syntax: unknown escape sequence `\\w` in string\n  context...:\n   /work/arjunguha-research-group/software/racket/collects/syntax/module-reader.rkt:186:17: body\n   /work/arjunguha-research-group/software/racket/collects/syntax/module-reader.rkt:183:2: wrap-internal\n   /work/arjunguha-research-group/software/racket/collects/racket/../syntax/module-reader.rkt:67:9: wrap-internal/wrapper\n",
      "exit_code": 1,
      "status": "SyntaxError"
    },
    {
      "program": "#lang racket\n\n;; Write a function that matches a word containing 'z'.\n(define (text_match_wordz text)\n  (regexp-match #rx\"\\w*z\\w*\" text))\n\n(require rackunit)\n\n(define (test-humaneval) \n\n  (let (( candidate text_match_wordz))\n    (check-equal? (candidate \"pythonz.\") #t)\n    (check-equal? (candidate \"xyz.\") #t)\n    (check-equal? (candidate \"  lang  .\") #f)\n))\n\n(test-humaneval)",
      "timestamp": 1666123475,
      "stdout": "",
      "stderr": "/tmp/tmpt76801g9.rkt:5:16: read-syntax: unknown escape sequence `\\w` in string\n  context...:\n   /work/arjunguha-research-group/software/racket/collects/syntax/module-reader.rkt:186:17: body\n   /work/arjunguha-research-group/software/racket/collects/syntax/module-reader.rkt:183:2: wrap-internal\n   /work/arjunguha-research-group/software/racket/collects/racket/../syntax/module-reader.rkt:67:9: wrap-internal/wrapper\n",
      "exit_code": 1,
      "status": "SyntaxError"
    },
    {
      "program": "#lang racket\n\n;; Write a function that matches a word containing 'z'.\n(define (text_match_wordz text)\n  (regexp-match* #rx\"\\w*z\\w*\" text))\n\n(require rackunit)\n\n(define (test-humaneval) \n\n  (let (( candidate text_match_wordz))\n    (check-equal? (candidate \"pythonz.\") #t)\n    (check-equal? (candidate \"xyz.\") #t)\n    (check-equal? (candidate \"  lang  .\") #f)\n))\n\n(test-humaneval)",
      "timestamp": 1665510606,
      "stdout": "",
      "stderr": "/tmp/tmpq762uoqa.rkt:5:17: read-syntax: unknown escape sequence `\\w` in string\n  context...:\n   /work/arjunguha-research-group/software/racket/collects/syntax/module-reader.rkt:186:17: body\n   /work/arjunguha-research-group/software/racket/collects/syntax/module-reader.rkt:183:2: wrap-internal\n   /work/arjunguha-research-group/software/racket/collects/racket/../syntax/module-reader.rkt:67:9: wrap-internal/wrapper\n",
      "exit_code": 1,
      "status": "SyntaxError"
    },
    {
      "program": "#lang racket\n\n;; Write a function that matches a word containing 'z'.\n(define (text_match_wordz text)\n  (regexp-match? #rx\"\\\\bz\\\\w*\\\\b\" text))\n\n(require rackunit)\n\n(define (test-humaneval) \n\n  (let (( candidate text_match_wordz))\n    (check-equal? (candidate \"pythonz.\") #t)\n    (check-equal? (candidate \"xyz.\") #t)\n    (check-equal? (candidate \"  lang  .\") #f)\n))\n\n(test-humaneval)",
      "timestamp": 1665510606,
      "stdout": "",
      "stderr": "--------------------\nFAILURE\nname:       check-equal?\nlocation:   /tmp/tmps72vce8q.rkt:12:4\nactual:     #f\nexpected:   #t\n--------------------\n--------------------\nFAILURE\nname:       check-equal?\nlocation:   /tmp/tmps72vce8q.rkt:13:4\nactual:     #f\nexpected:   #t\n--------------------\n",
      "exit_code": 0,
      "status": "Exception"
    },
    {
      "program": "#lang racket\n\n;; Write a function that matches a word containing 'z'.\n(define (text_match_wordz text)\n  (regexp-match* #rx\"\\w*z\\w*\" text))\n\n(require rackunit)\n\n(define (test-humaneval) \n\n  (let (( candidate text_match_wordz))\n    (check-equal? (candidate \"pythonz.\") #t)\n    (check-equal? (candidate \"xyz.\") #t)\n    (check-equal? (candidate \"  lang  .\") #f)\n))\n\n(test-humaneval)",
      "timestamp": 1665510606,
      "stdout": "",
      "stderr": "/tmp/tmpq762uoqa.rkt:5:17: read-syntax: unknown escape sequence `\\w` in string\n  context...:\n   /work/arjunguha-research-group/software/racket/collects/syntax/module-reader.rkt:186:17: body\n   /work/arjunguha-research-group/software/racket/collects/syntax/module-reader.rkt:183:2: wrap-internal\n   /work/arjunguha-research-group/software/racket/collects/racket/../syntax/module-reader.rkt:67:9: wrap-internal/wrapper\n",
      "exit_code": 1,
      "status": "SyntaxError"
    },
    {
      "program": "#lang racket\n\n;; Write a function that matches a word containing 'z'.\n(define (text_match_wordz text)\n  (regexp-match* #rx\"\\\\bz\\\\w*\\\\b\" text))\n\n(require rackunit)\n\n(define (test-humaneval) \n\n  (let (( candidate text_match_wordz))\n    (check-equal? (candidate \"pythonz.\") #t)\n    (check-equal? (candidate \"xyz.\") #t)\n    (check-equal? (candidate \"  lang  .\") #f)\n))\n\n(test-humaneval)",
      "timestamp": 1665510606,
      "stdout": "",
      "stderr": "--------------------\nFAILURE\nname:       check-equal?\nlocation:   /tmp/tmp76j1krsm.rkt:12:4\nactual:     '()\nexpected:   #t\n--------------------\n--------------------\nFAILURE\nname:       check-equal?\nlocation:   /tmp/tmp76j1krsm.rkt:13:4\nactual:     '()\nexpected:   #t\n--------------------\n--------------------\nFAILURE\nname:       check-equal?\nlocation:   /tmp/tmp76j1krsm.rkt:14:4\nactual:     '()\nexpected:   #f\n--------------------\n",
      "exit_code": 0,
      "status": "Exception"
    },
    {
      "program": "#lang racket\n\n;; Write a function that matches a word containing 'z'.\n(define (text_match_wordz text)\n  (regexp-match? #rx\"z\" text))\n\n(require rackunit)\n\n(define (test-humaneval) \n\n  (let (( candidate text_match_wordz))\n    (check-equal? (candidate \"pythonz.\") #t)\n    (check-equal? (candidate \"xyz.\") #t)\n    (check-equal? (candidate \"  lang  .\") #f)\n))\n\n(test-humaneval)",
      "timestamp": 1666123476,
      "stdout": "",
      "stderr": "",
      "exit_code": 0,
      "status": "OK"
    },
    {
      "program": "#lang racket\n\n;; Write a function that matches a word containing 'z'.\n(define (text_match_wordz text)\n  (regexp-match? #rx\"\\w*z\\w*\" text))\n\n(require rackunit)\n\n(define (test-humaneval) \n\n  (let (( candidate text_match_wordz))\n    (check-equal? (candidate \"pythonz.\") #t)\n    (check-equal? (candidate \"xyz.\") #t)\n    (check-equal? (candidate \"  lang  .\") #f)\n))\n\n(test-humaneval)",
      "timestamp": 1665510606,
      "stdout": "",
      "stderr": "/tmp/tmpzfsiqn7d.rkt:5:17: read-syntax: unknown escape sequence `\\w` in string\n  context...:\n   /work/arjunguha-research-group/software/racket/collects/syntax/module-reader.rkt:186:17: body\n   /work/arjunguha-research-group/software/racket/collects/syntax/module-reader.rkt:183:2: wrap-internal\n   /work/arjunguha-research-group/software/racket/collects/racket/../syntax/module-reader.rkt:67:9: wrap-internal/wrapper\n",
      "exit_code": 1,
      "status": "SyntaxError"
    },
    {
      "program": "#lang racket\n\n;; Write a function that matches a word containing 'z'.\n(define (text_match_wordz text)\n  (regexp-match* #rx\"\\\\b[a-z]+z[a-z]+\\\\b\" text))\n\n(require rackunit)\n\n(define (test-humaneval) \n\n  (let (( candidate text_match_wordz))\n    (check-equal? (candidate \"pythonz.\") #t)\n    (check-equal? (candidate \"xyz.\") #t)\n    (check-equal? (candidate \"  lang  .\") #f)\n))\n\n(test-humaneval)",
      "timestamp": 1665510606,
      "stdout": "",
      "stderr": "--------------------\nFAILURE\nname:       check-equal?\nlocation:   /tmp/tmp_1hr7txz.rkt:12:4\nactual:     '()\nexpected:   #t\n--------------------\n--------------------\nFAILURE\nname:       check-equal?\nlocation:   /tmp/tmp_1hr7txz.rkt:13:4\nactual:     '()\nexpected:   #t\n--------------------\n--------------------\nFAILURE\nname:       check-equal?\nlocation:   /tmp/tmp_1hr7txz.rkt:14:4\nactual:     '()\nexpected:   #f\n--------------------\n",
      "exit_code": 0,
      "status": "Exception"
    },
    {
      "program": "#lang racket\n\n;; Write a function that matches a word containing 'z'.\n(define (text_match_wordz text)\n  (regexp-match? #rx\"\\\\bz\\\\w*\\\\b\" text))\n\n(require rackunit)\n\n(define (test-humaneval) \n\n  (let (( candidate text_match_wordz))\n    (check-equal? (candidate \"pythonz.\") #t)\n    (check-equal? (candidate \"xyz.\") #t)\n    (check-equal? (candidate \"  lang  .\") #f)\n))\n\n(test-humaneval)",
      "timestamp": 1665510606,
      "stdout": "",
      "stderr": "--------------------\nFAILURE\nname:       check-equal?\nlocation:   /tmp/tmps72vce8q.rkt:12:4\nactual:     #f\nexpected:   #t\n--------------------\n--------------------\nFAILURE\nname:       check-equal?\nlocation:   /tmp/tmps72vce8q.rkt:13:4\nactual:     #f\nexpected:   #t\n--------------------\n",
      "exit_code": 0,
      "status": "Exception"
    },
    {
      "program": "#lang racket\n\n;; Write a function that matches a word containing 'z'.\n(define (text_match_wordz text)\n  (regexp-match? #rx\"\\bz\\w*\\b\" text))\n\n(require rackunit)\n\n(define (test-humaneval) \n\n  (let (( candidate text_match_wordz))\n    (check-equal? (candidate \"pythonz.\") #t)\n    (check-equal? (candidate \"xyz.\") #t)\n    (check-equal? (candidate \"  lang  .\") #f)\n))\n\n(test-humaneval)",
      "timestamp": 1665510606,
      "stdout": "",
      "stderr": "/tmp/tmpbai9mid3.rkt:5:17: read-syntax: unknown escape sequence `\\w` in string\n  context...:\n   /work/arjunguha-research-group/software/racket/collects/syntax/module-reader.rkt:186:17: body\n   /work/arjunguha-research-group/software/racket/collects/syntax/module-reader.rkt:183:2: wrap-internal\n   /work/arjunguha-research-group/software/racket/collects/racket/../syntax/module-reader.rkt:67:9: wrap-internal/wrapper\n",
      "exit_code": 1,
      "status": "SyntaxError"
    },
    {
      "program": "#lang racket\n\n;; Write a function that matches a word containing 'z'.\n(define (text_match_wordz text)\n  (regexp-match #rx\"\\w*z\\w*\" text))\n\n(require rackunit)\n\n(define (test-humaneval) \n\n  (let (( candidate text_match_wordz))\n    (check-equal? (candidate \"pythonz.\") #t)\n    (check-equal? (candidate \"xyz.\") #t)\n    (check-equal? (candidate \"  lang  .\") #f)\n))\n\n(test-humaneval)",
      "timestamp": 1666123475,
      "stdout": "",
      "stderr": "/tmp/tmpt76801g9.rkt:5:16: read-syntax: unknown escape sequence `\\w` in string\n  context...:\n   /work/arjunguha-research-group/software/racket/collects/syntax/module-reader.rkt:186:17: body\n   /work/arjunguha-research-group/software/racket/collects/syntax/module-reader.rkt:183:2: wrap-internal\n   /work/arjunguha-research-group/software/racket/collects/racket/../syntax/module-reader.rkt:67:9: wrap-internal/wrapper\n",
      "exit_code": 1,
      "status": "SyntaxError"
    },
    {
      "program": "#lang racket\n\n;; Write a function that matches a word containing 'z'.\n(define (text_match_wordz text)\n  (regexp-match? #rx\"z\" text))\n\n(require rackunit)\n\n(define (test-humaneval) \n\n  (let (( candidate text_match_wordz))\n    (check-equal? (candidate \"pythonz.\") #t)\n    (check-equal? (candidate \"xyz.\") #t)\n    (check-equal? (candidate \"  lang  .\") #f)\n))\n\n(test-humaneval)",
      "timestamp": 1666123476,
      "stdout": "",
      "stderr": "",
      "exit_code": 0,
      "status": "OK"
    },
    {
      "program": "#lang racket\n\n;; Write a function that matches a word containing 'z'.\n(define (text_match_wordz text)\n  (regexp-match? #rx\"\\w*z\\w*\" text))\n\n(require rackunit)\n\n(define (test-humaneval) \n\n  (let (( candidate text_match_wordz))\n    (check-equal? (candidate \"pythonz.\") #t)\n    (check-equal? (candidate \"xyz.\") #t)\n    (check-equal? (candidate \"  lang  .\") #f)\n))\n\n(test-humaneval)",
      "timestamp": 1665510606,
      "stdout": "",
      "stderr": "/tmp/tmpzfsiqn7d.rkt:5:17: read-syntax: unknown escape sequence `\\w` in string\n  context...:\n   /work/arjunguha-research-group/software/racket/collects/syntax/module-reader.rkt:186:17: body\n   /work/arjunguha-research-group/software/racket/collects/syntax/module-reader.rkt:183:2: wrap-internal\n   /work/arjunguha-research-group/software/racket/collects/racket/../syntax/module-reader.rkt:67:9: wrap-internal/wrapper\n",
      "exit_code": 1,
      "status": "SyntaxError"
    },
    {
      "program": "#lang racket\n\n;; Write a function that matches a word containing 'z'.\n(define (text_match_wordz text)\n  (regexp-match? #rx\"\\w*z\\w*\" text))\n\n(require rackunit)\n\n(define (test-humaneval) \n\n  (let (( candidate text_match_wordz))\n    (check-equal? (candidate \"pythonz.\") #t)\n    (check-equal? (candidate \"xyz.\") #t)\n    (check-equal? (candidate \"  lang  .\") #f)\n))\n\n(test-humaneval)",
      "timestamp": 1665510606,
      "stdout": "",
      "stderr": "/tmp/tmpzfsiqn7d.rkt:5:17: read-syntax: unknown escape sequence `\\w` in string\n  context...:\n   /work/arjunguha-research-group/software/racket/collects/syntax/module-reader.rkt:186:17: body\n   /work/arjunguha-research-group/software/racket/collects/syntax/module-reader.rkt:183:2: wrap-internal\n   /work/arjunguha-research-group/software/racket/collects/racket/../syntax/module-reader.rkt:67:9: wrap-internal/wrapper\n",
      "exit_code": 1,
      "status": "SyntaxError"
    },
    {
      "program": "#lang racket\n\n;; Write a function that matches a word containing 'z'.\n(define (text_match_wordz text)\n  (regexp-match #rx\"z\" text))\n\n(require rackunit)\n\n(define (test-humaneval) \n\n  (let (( candidate text_match_wordz))\n    (check-equal? (candidate \"pythonz.\") #t)\n    (check-equal? (candidate \"xyz.\") #t)\n    (check-equal? (candidate \"  lang  .\") #f)\n))\n\n(test-humaneval)",
      "timestamp": 1665510606,
      "stdout": "",
      "stderr": "--------------------\nFAILURE\nname:       check-equal?\nlocation:   /tmp/tmpxt49783s.rkt:12:4\nactual:     '(\"z\")\nexpected:   #t\n--------------------\n--------------------\nFAILURE\nname:       check-equal?\nlocation:   /tmp/tmpxt49783s.rkt:13:4\nactual:     '(\"z\")\nexpected:   #t\n--------------------\n",
      "exit_code": 0,
      "status": "Exception"
    },
    {
      "program": "#lang racket\n\n;; Write a function that matches a word containing 'z'.\n(define (text_match_wordz text)\n  (regexp-match? #rx\"\\w*z\\w*\" text))\n\n(require rackunit)\n\n(define (test-humaneval) \n\n  (let (( candidate text_match_wordz))\n    (check-equal? (candidate \"pythonz.\") #t)\n    (check-equal? (candidate \"xyz.\") #t)\n    (check-equal? (candidate \"  lang  .\") #f)\n))\n\n(test-humaneval)",
      "timestamp": 1665510606,
      "stdout": "",
      "stderr": "/tmp/tmpzfsiqn7d.rkt:5:17: read-syntax: unknown escape sequence `\\w` in string\n  context...:\n   /work/arjunguha-research-group/software/racket/collects/syntax/module-reader.rkt:186:17: body\n   /work/arjunguha-research-group/software/racket/collects/syntax/module-reader.rkt:183:2: wrap-internal\n   /work/arjunguha-research-group/software/racket/collects/racket/../syntax/module-reader.rkt:67:9: wrap-internal/wrapper\n",
      "exit_code": 1,
      "status": "SyntaxError"
    },
    {
      "program": "#lang racket\n\n;; Write a function that matches a word containing 'z'.\n(define (text_match_wordz text)\n  (regexp-match? #rx\"\\b[a-z]*z[a-z]*\\b\" text))\n\n(require rackunit)\n\n(define (test-humaneval) \n\n  (let (( candidate text_match_wordz))\n    (check-equal? (candidate \"pythonz.\") #t)\n    (check-equal? (candidate \"xyz.\") #t)\n    (check-equal? (candidate \"  lang  .\") #f)\n))\n\n(test-humaneval)",
      "timestamp": 1666123476,
      "stdout": "",
      "stderr": "--------------------\nFAILURE\nname:       check-equal?\nlocation:   /tmp/tmp8m3c1u99.rkt:12:4\nactual:     #f\nexpected:   #t\n--------------------\n--------------------\nFAILURE\nname:       check-equal?\nlocation:   /tmp/tmp8m3c1u99.rkt:13:4\nactual:     #f\nexpected:   #t\n--------------------\n",
      "exit_code": 0,
      "status": "Exception"
    },
    {
      "program": "#lang racket\n\n;; Write a function that matches a word containing 'z'.\n(define (text_match_wordz text)\n  (regexp-match? #rx\"\\w*z\\w*\" text))\n\n(require rackunit)\n\n(define (test-humaneval) \n\n  (let (( candidate text_match_wordz))\n    (check-equal? (candidate \"pythonz.\") #t)\n    (check-equal? (candidate \"xyz.\") #t)\n    (check-equal? (candidate \"  lang  .\") #f)\n))\n\n(test-humaneval)",
      "timestamp": 1665510606,
      "stdout": "",
      "stderr": "/tmp/tmpzfsiqn7d.rkt:5:17: read-syntax: unknown escape sequence `\\w` in string\n  context...:\n   /work/arjunguha-research-group/software/racket/collects/syntax/module-reader.rkt:186:17: body\n   /work/arjunguha-research-group/software/racket/collects/syntax/module-reader.rkt:183:2: wrap-internal\n   /work/arjunguha-research-group/software/racket/collects/racket/../syntax/module-reader.rkt:67:9: wrap-internal/wrapper\n",
      "exit_code": 1,
      "status": "SyntaxError"
    },
    {
      "program": "#lang racket\n\n;; Write a function that matches a word containing 'z'.\n(define (text_match_wordz text)\n  (regexp-match? #rx\"\\w*z\\w*\" text))\n\n(require rackunit)\n\n(define (test-humaneval) \n\n  (let (( candidate text_match_wordz))\n    (check-equal? (candidate \"pythonz.\") #t)\n    (check-equal? (candidate \"xyz.\") #t)\n    (check-equal? (candidate \"  lang  .\") #f)\n))\n\n(test-humaneval)",
      "timestamp": 1665510606,
      "stdout": "",
      "stderr": "/tmp/tmpzfsiqn7d.rkt:5:17: read-syntax: unknown escape sequence `\\w` in string\n  context...:\n   /work/arjunguha-research-group/software/racket/collects/syntax/module-reader.rkt:186:17: body\n   /work/arjunguha-research-group/software/racket/collects/syntax/module-reader.rkt:183:2: wrap-internal\n   /work/arjunguha-research-group/software/racket/collects/racket/../syntax/module-reader.rkt:67:9: wrap-internal/wrapper\n",
      "exit_code": 1,
      "status": "SyntaxError"
    },
    {
      "program": "#lang racket\n\n;; Write a function that matches a word containing 'z'.\n(define (text_match_wordz text)\n  (regexp-match? #rx\"z\" text))\n\n(require rackunit)\n\n(define (test-humaneval) \n\n  (let (( candidate text_match_wordz))\n    (check-equal? (candidate \"pythonz.\") #t)\n    (check-equal? (candidate \"xyz.\") #t)\n    (check-equal? (candidate \"  lang  .\") #f)\n))\n\n(test-humaneval)",
      "timestamp": 1666123476,
      "stdout": "",
      "stderr": "",
      "exit_code": 0,
      "status": "OK"
    },
    {
      "program": "#lang racket\n\n;; Write a function that matches a word containing 'z'.\n(define (text_match_wordz text)\n  (regexp-match? #rx\"\\bz\\w*\\b\" text))\n\n(require rackunit)\n\n(define (test-humaneval) \n\n  (let (( candidate text_match_wordz))\n    (check-equal? (candidate \"pythonz.\") #t)\n    (check-equal? (candidate \"xyz.\") #t)\n    (check-equal? (candidate \"  lang  .\") #f)\n))\n\n(test-humaneval)",
      "timestamp": 1665510606,
      "stdout": "",
      "stderr": "/tmp/tmpbai9mid3.rkt:5:17: read-syntax: unknown escape sequence `\\w` in string\n  context...:\n   /work/arjunguha-research-group/software/racket/collects/syntax/module-reader.rkt:186:17: body\n   /work/arjunguha-research-group/software/racket/collects/syntax/module-reader.rkt:183:2: wrap-internal\n   /work/arjunguha-research-group/software/racket/collects/racket/../syntax/module-reader.rkt:67:9: wrap-internal/wrapper\n",
      "exit_code": 1,
      "status": "SyntaxError"
    },
    {
      "program": "#lang racket\n\n;; Write a function that matches a word containing 'z'.\n(define (text_match_wordz text)\n  (regexp-match* #rx\"\\w*z\\w*\" text))\n\n(require rackunit)\n\n(define (test-humaneval) \n\n  (let (( candidate text_match_wordz))\n    (check-equal? (candidate \"pythonz.\") #t)\n    (check-equal? (candidate \"xyz.\") #t)\n    (check-equal? (candidate \"  lang  .\") #f)\n))\n\n(test-humaneval)",
      "timestamp": 1665510606,
      "stdout": "",
      "stderr": "/tmp/tmpq762uoqa.rkt:5:17: read-syntax: unknown escape sequence `\\w` in string\n  context...:\n   /work/arjunguha-research-group/software/racket/collects/syntax/module-reader.rkt:186:17: body\n   /work/arjunguha-research-group/software/racket/collects/syntax/module-reader.rkt:183:2: wrap-internal\n   /work/arjunguha-research-group/software/racket/collects/racket/../syntax/module-reader.rkt:67:9: wrap-internal/wrapper\n",
      "exit_code": 1,
      "status": "SyntaxError"
    },
    {
      "program": "#lang racket\n\n;; Write a function that matches a word containing 'z'.\n(define (text_match_wordz text)\n  (regexp-match? #rx\"\\w*z\\w*\" text))\n\n(require rackunit)\n\n(define (test-humaneval) \n\n  (let (( candidate text_match_wordz))\n    (check-equal? (candidate \"pythonz.\") #t)\n    (check-equal? (candidate \"xyz.\") #t)\n    (check-equal? (candidate \"  lang  .\") #f)\n))\n\n(test-humaneval)",
      "timestamp": 1665510606,
      "stdout": "",
      "stderr": "/tmp/tmpzfsiqn7d.rkt:5:17: read-syntax: unknown escape sequence `\\w` in string\n  context...:\n   /work/arjunguha-research-group/software/racket/collects/syntax/module-reader.rkt:186:17: body\n   /work/arjunguha-research-group/software/racket/collects/syntax/module-reader.rkt:183:2: wrap-internal\n   /work/arjunguha-research-group/software/racket/collects/racket/../syntax/module-reader.rkt:67:9: wrap-internal/wrapper\n",
      "exit_code": 1,
      "status": "SyntaxError"
    },
    {
      "program": "#lang racket\n\n;; Write a function that matches a word containing 'z'.\n(define (text_match_wordz text)\n  (regexp-match* #rx\"\\\\bz\\\\w*\\\\b\" text))\n\n(require rackunit)\n\n(define (test-humaneval) \n\n  (let (( candidate text_match_wordz))\n    (check-equal? (candidate \"pythonz.\") #t)\n    (check-equal? (candidate \"xyz.\") #t)\n    (check-equal? (candidate \"  lang  .\") #f)\n))\n\n(test-humaneval)",
      "timestamp": 1665510606,
      "stdout": "",
      "stderr": "--------------------\nFAILURE\nname:       check-equal?\nlocation:   /tmp/tmp76j1krsm.rkt:12:4\nactual:     '()\nexpected:   #t\n--------------------\n--------------------\nFAILURE\nname:       check-equal?\nlocation:   /tmp/tmp76j1krsm.rkt:13:4\nactual:     '()\nexpected:   #t\n--------------------\n--------------------\nFAILURE\nname:       check-equal?\nlocation:   /tmp/tmp76j1krsm.rkt:14:4\nactual:     '()\nexpected:   #f\n--------------------\n",
      "exit_code": 0,
      "status": "Exception"
    },
    {
      "program": "#lang racket\n\n;; Write a function that matches a word containing 'z'.\n(define (text_match_wordz text)\n  (regexp-match* #rx\"\\w*z\\w*\" text))\n\n(require rackunit)\n\n(define (test-humaneval) \n\n  (let (( candidate text_match_wordz))\n    (check-equal? (candidate \"pythonz.\") #t)\n    (check-equal? (candidate \"xyz.\") #t)\n    (check-equal? (candidate \"  lang  .\") #f)\n))\n\n(test-humaneval)",
      "timestamp": 1665510606,
      "stdout": "",
      "stderr": "/tmp/tmpq762uoqa.rkt:5:17: read-syntax: unknown escape sequence `\\w` in string\n  context...:\n   /work/arjunguha-research-group/software/racket/collects/syntax/module-reader.rkt:186:17: body\n   /work/arjunguha-research-group/software/racket/collects/syntax/module-reader.rkt:183:2: wrap-internal\n   /work/arjunguha-research-group/software/racket/collects/racket/../syntax/module-reader.rkt:67:9: wrap-internal/wrapper\n",
      "exit_code": 1,
      "status": "SyntaxError"
    },
    {
      "program": "#lang racket\n\n;; Write a function that matches a word containing 'z'.\n(define (text_match_wordz text)\n  (regexp-match? #rx\"\\w*z\\w*\" text))\n\n(require rackunit)\n\n(define (test-humaneval) \n\n  (let (( candidate text_match_wordz))\n    (check-equal? (candidate \"pythonz.\") #t)\n    (check-equal? (candidate \"xyz.\") #t)\n    (check-equal? (candidate \"  lang  .\") #f)\n))\n\n(test-humaneval)",
      "timestamp": 1665510606,
      "stdout": "",
      "stderr": "/tmp/tmpzfsiqn7d.rkt:5:17: read-syntax: unknown escape sequence `\\w` in string\n  context...:\n   /work/arjunguha-research-group/software/racket/collects/syntax/module-reader.rkt:186:17: body\n   /work/arjunguha-research-group/software/racket/collects/syntax/module-reader.rkt:183:2: wrap-internal\n   /work/arjunguha-research-group/software/racket/collects/racket/../syntax/module-reader.rkt:67:9: wrap-internal/wrapper\n",
      "exit_code": 1,
      "status": "SyntaxError"
    },
    {
      "program": "#lang racket\n\n;; Write a function that matches a word containing 'z'.\n(define (text_match_wordz text)\n  (regexp-match* #rx\"\\w*z\\w*\" text))\n\n(require rackunit)\n\n(define (test-humaneval) \n\n  (let (( candidate text_match_wordz))\n    (check-equal? (candidate \"pythonz.\") #t)\n    (check-equal? (candidate \"xyz.\") #t)\n    (check-equal? (candidate \"  lang  .\") #f)\n))\n\n(test-humaneval)",
      "timestamp": 1665510606,
      "stdout": "",
      "stderr": "/tmp/tmpq762uoqa.rkt:5:17: read-syntax: unknown escape sequence `\\w` in string\n  context...:\n   /work/arjunguha-research-group/software/racket/collects/syntax/module-reader.rkt:186:17: body\n   /work/arjunguha-research-group/software/racket/collects/syntax/module-reader.rkt:183:2: wrap-internal\n   /work/arjunguha-research-group/software/racket/collects/racket/../syntax/module-reader.rkt:67:9: wrap-internal/wrapper\n",
      "exit_code": 1,
      "status": "SyntaxError"
    },
    {
      "program": "#lang racket\n\n;; Write a function that matches a word containing 'z'.\n(define (text_match_wordz text)\n  (regexp-match? #rx\"\\w*z\\w*\" text))\n\n(require rackunit)\n\n(define (test-humaneval) \n\n  (let (( candidate text_match_wordz))\n    (check-equal? (candidate \"pythonz.\") #t)\n    (check-equal? (candidate \"xyz.\") #t)\n    (check-equal? (candidate \"  lang  .\") #f)\n))\n\n(test-humaneval)",
      "timestamp": 1665510606,
      "stdout": "",
      "stderr": "/tmp/tmpzfsiqn7d.rkt:5:17: read-syntax: unknown escape sequence `\\w` in string\n  context...:\n   /work/arjunguha-research-group/software/racket/collects/syntax/module-reader.rkt:186:17: body\n   /work/arjunguha-research-group/software/racket/collects/syntax/module-reader.rkt:183:2: wrap-internal\n   /work/arjunguha-research-group/software/racket/collects/racket/../syntax/module-reader.rkt:67:9: wrap-internal/wrapper\n",
      "exit_code": 1,
      "status": "SyntaxError"
    },
    {
      "program": "#lang racket\n\n;; Write a function that matches a word containing 'z'.\n(define (text_match_wordz text)\n  (regexp-match* #rx\"\\bz\\w*\\b\" text))\n\n(require rackunit)\n\n(define (test-humaneval) \n\n  (let (( candidate text_match_wordz))\n    (check-equal? (candidate \"pythonz.\") #t)\n    (check-equal? (candidate \"xyz.\") #t)\n    (check-equal? (candidate \"  lang  .\") #f)\n))\n\n(test-humaneval)",
      "timestamp": 1666123475,
      "stdout": "",
      "stderr": "/tmp/tmpgfl2y14o.rkt:5:17: read-syntax: unknown escape sequence `\\w` in string\n  context...:\n   /work/arjunguha-research-group/software/racket/collects/syntax/module-reader.rkt:186:17: body\n   /work/arjunguha-research-group/software/racket/collects/syntax/module-reader.rkt:183:2: wrap-internal\n   /work/arjunguha-research-group/software/racket/collects/racket/../syntax/module-reader.rkt:67:9: wrap-internal/wrapper\n",
      "exit_code": 1,
      "status": "SyntaxError"
    },
    {
      "program": "#lang racket\n\n;; Write a function that matches a word containing 'z'.\n(define (text_match_wordz text)\n  (regexp-match? #rx\"\\w*z\\w*\" text))\n\n(require rackunit)\n\n(define (test-humaneval) \n\n  (let (( candidate text_match_wordz))\n    (check-equal? (candidate \"pythonz.\") #t)\n    (check-equal? (candidate \"xyz.\") #t)\n    (check-equal? (candidate \"  lang  .\") #f)\n))\n\n(test-humaneval)",
      "timestamp": 1665510606,
      "stdout": "",
      "stderr": "/tmp/tmpzfsiqn7d.rkt:5:17: read-syntax: unknown escape sequence `\\w` in string\n  context...:\n   /work/arjunguha-research-group/software/racket/collects/syntax/module-reader.rkt:186:17: body\n   /work/arjunguha-research-group/software/racket/collects/syntax/module-reader.rkt:183:2: wrap-internal\n   /work/arjunguha-research-group/software/racket/collects/racket/../syntax/module-reader.rkt:67:9: wrap-internal/wrapper\n",
      "exit_code": 1,
      "status": "SyntaxError"
    },
    {
      "program": "#lang racket\n\n;; Write a function that matches a word containing 'z'.\n(define (text_match_wordz text)\n  (regexp-match #rx\"z\" text))\n\n(require rackunit)\n\n(define (test-humaneval) \n\n  (let (( candidate text_match_wordz))\n    (check-equal? (candidate \"pythonz.\") #t)\n    (check-equal? (candidate \"xyz.\") #t)\n    (check-equal? (candidate \"  lang  .\") #f)\n))\n\n(test-humaneval)",
      "timestamp": 1665510606,
      "stdout": "",
      "stderr": "--------------------\nFAILURE\nname:       check-equal?\nlocation:   /tmp/tmpxt49783s.rkt:12:4\nactual:     '(\"z\")\nexpected:   #t\n--------------------\n--------------------\nFAILURE\nname:       check-equal?\nlocation:   /tmp/tmpxt49783s.rkt:13:4\nactual:     '(\"z\")\nexpected:   #t\n--------------------\n",
      "exit_code": 0,
      "status": "Exception"
    },
    {
      "program": "#lang racket\n\n;; Write a function that matches a word containing 'z'.\n(define (text_match_wordz text)\n  (regexp-match* #rx\"\\w*z\\w*\" text))\n\n(require rackunit)\n\n(define (test-humaneval) \n\n  (let (( candidate text_match_wordz))\n    (check-equal? (candidate \"pythonz.\") #t)\n    (check-equal? (candidate \"xyz.\") #t)\n    (check-equal? (candidate \"  lang  .\") #f)\n))\n\n(test-humaneval)",
      "timestamp": 1665510606,
      "stdout": "",
      "stderr": "/tmp/tmpq762uoqa.rkt:5:17: read-syntax: unknown escape sequence `\\w` in string\n  context...:\n   /work/arjunguha-research-group/software/racket/collects/syntax/module-reader.rkt:186:17: body\n   /work/arjunguha-research-group/software/racket/collects/syntax/module-reader.rkt:183:2: wrap-internal\n   /work/arjunguha-research-group/software/racket/collects/racket/../syntax/module-reader.rkt:67:9: wrap-internal/wrapper\n",
      "exit_code": 1,
      "status": "SyntaxError"
    },
    {
      "program": "#lang racket\n\n;; Write a function that matches a word containing 'z'.\n(define (text_match_wordz text)\n  (regexp-match* #rx\"\\w*z\\w*\" text))\n\n(require rackunit)\n\n(define (test-humaneval) \n\n  (let (( candidate text_match_wordz))\n    (check-equal? (candidate \"pythonz.\") #t)\n    (check-equal? (candidate \"xyz.\") #t)\n    (check-equal? (candidate \"  lang  .\") #f)\n))\n\n(test-humaneval)",
      "timestamp": 1665510606,
      "stdout": "",
      "stderr": "/tmp/tmpq762uoqa.rkt:5:17: read-syntax: unknown escape sequence `\\w` in string\n  context...:\n   /work/arjunguha-research-group/software/racket/collects/syntax/module-reader.rkt:186:17: body\n   /work/arjunguha-research-group/software/racket/collects/syntax/module-reader.rkt:183:2: wrap-internal\n   /work/arjunguha-research-group/software/racket/collects/racket/../syntax/module-reader.rkt:67:9: wrap-internal/wrapper\n",
      "exit_code": 1,
      "status": "SyntaxError"
    },
    {
      "program": "#lang racket\n\n;; Write a function that matches a word containing 'z'.\n(define (text_match_wordz text)\n  (regexp-match? #rx\"\\w*z\\w*\" text))\n\n(require rackunit)\n\n(define (test-humaneval) \n\n  (let (( candidate text_match_wordz))\n    (check-equal? (candidate \"pythonz.\") #t)\n    (check-equal? (candidate \"xyz.\") #t)\n    (check-equal? (candidate \"  lang  .\") #f)\n))\n\n(test-humaneval)",
      "timestamp": 1665510606,
      "stdout": "",
      "stderr": "/tmp/tmpzfsiqn7d.rkt:5:17: read-syntax: unknown escape sequence `\\w` in string\n  context...:\n   /work/arjunguha-research-group/software/racket/collects/syntax/module-reader.rkt:186:17: body\n   /work/arjunguha-research-group/software/racket/collects/syntax/module-reader.rkt:183:2: wrap-internal\n   /work/arjunguha-research-group/software/racket/collects/racket/../syntax/module-reader.rkt:67:9: wrap-internal/wrapper\n",
      "exit_code": 1,
      "status": "SyntaxError"
    },
    {
      "program": "#lang racket\n\n;; Write a function that matches a word containing 'z'.\n(define (text_match_wordz text)\n  (regexp-match? #rx\"\\w*z\\w*\" text))\n\n(require rackunit)\n\n(define (test-humaneval) \n\n  (let (( candidate text_match_wordz))\n    (check-equal? (candidate \"pythonz.\") #t)\n    (check-equal? (candidate \"xyz.\") #t)\n    (check-equal? (candidate \"  lang  .\") #f)\n))\n\n(test-humaneval)",
      "timestamp": 1665510606,
      "stdout": "",
      "stderr": "/tmp/tmpzfsiqn7d.rkt:5:17: read-syntax: unknown escape sequence `\\w` in string\n  context...:\n   /work/arjunguha-research-group/software/racket/collects/syntax/module-reader.rkt:186:17: body\n   /work/arjunguha-research-group/software/racket/collects/syntax/module-reader.rkt:183:2: wrap-internal\n   /work/arjunguha-research-group/software/racket/collects/racket/../syntax/module-reader.rkt:67:9: wrap-internal/wrapper\n",
      "exit_code": 1,
      "status": "SyntaxError"
    },
    {
      "program": "#lang racket\n\n;; Write a function that matches a word containing 'z'.\n(define (text_match_wordz text)\n  (regexp-match? #rx\"\\bz\\w*\\b\" text))\n\n(require rackunit)\n\n(define (test-humaneval) \n\n  (let (( candidate text_match_wordz))\n    (check-equal? (candidate \"pythonz.\") #t)\n    (check-equal? (candidate \"xyz.\") #t)\n    (check-equal? (candidate \"  lang  .\") #f)\n))\n\n(test-humaneval)",
      "timestamp": 1665510606,
      "stdout": "",
      "stderr": "/tmp/tmpbai9mid3.rkt:5:17: read-syntax: unknown escape sequence `\\w` in string\n  context...:\n   /work/arjunguha-research-group/software/racket/collects/syntax/module-reader.rkt:186:17: body\n   /work/arjunguha-research-group/software/racket/collects/syntax/module-reader.rkt:183:2: wrap-internal\n   /work/arjunguha-research-group/software/racket/collects/racket/../syntax/module-reader.rkt:67:9: wrap-internal/wrapper\n",
      "exit_code": 1,
      "status": "SyntaxError"
    },
    {
      "program": "#lang racket\n\n;; Write a function that matches a word containing 'z'.\n(define (text_match_wordz text)\n  (regexp-match? #rx\"\\\\bz\\\\w*\\\\b\" text))\n\n(require rackunit)\n\n(define (test-humaneval) \n\n  (let (( candidate text_match_wordz))\n    (check-equal? (candidate \"pythonz.\") #t)\n    (check-equal? (candidate \"xyz.\") #t)\n    (check-equal? (candidate \"  lang  .\") #f)\n))\n\n(test-humaneval)",
      "timestamp": 1665510606,
      "stdout": "",
      "stderr": "--------------------\nFAILURE\nname:       check-equal?\nlocation:   /tmp/tmps72vce8q.rkt:12:4\nactual:     #f\nexpected:   #t\n--------------------\n--------------------\nFAILURE\nname:       check-equal?\nlocation:   /tmp/tmps72vce8q.rkt:13:4\nactual:     #f\nexpected:   #t\n--------------------\n",
      "exit_code": 0,
      "status": "Exception"
    },
    {
      "program": "#lang racket\n\n;; Write a function that matches a word containing 'z'.\n(define (text_match_wordz text)\n  (regexp-match? #rx\"\\\\bz\\\\w*\\\\b\" text))\n\n(require rackunit)\n\n(define (test-humaneval) \n\n  (let (( candidate text_match_wordz))\n    (check-equal? (candidate \"pythonz.\") #t)\n    (check-equal? (candidate \"xyz.\") #t)\n    (check-equal? (candidate \"  lang  .\") #f)\n))\n\n(test-humaneval)",
      "timestamp": 1665510606,
      "stdout": "",
      "stderr": "--------------------\nFAILURE\nname:       check-equal?\nlocation:   /tmp/tmps72vce8q.rkt:12:4\nactual:     #f\nexpected:   #t\n--------------------\n--------------------\nFAILURE\nname:       check-equal?\nlocation:   /tmp/tmps72vce8q.rkt:13:4\nactual:     #f\nexpected:   #t\n--------------------\n",
      "exit_code": 0,
      "status": "Exception"
    },
    {
      "program": "#lang racket\n\n;; Write a function that matches a word containing 'z'.\n(define (text_match_wordz text)\n  (regexp-match* #rx\"\\w*z\\w*\" text))\n\n(require rackunit)\n\n(define (test-humaneval) \n\n  (let (( candidate text_match_wordz))\n    (check-equal? (candidate \"pythonz.\") #t)\n    (check-equal? (candidate \"xyz.\") #t)\n    (check-equal? (candidate \"  lang  .\") #f)\n))\n\n(test-humaneval)",
      "timestamp": 1665510606,
      "stdout": "",
      "stderr": "/tmp/tmpq762uoqa.rkt:5:17: read-syntax: unknown escape sequence `\\w` in string\n  context...:\n   /work/arjunguha-research-group/software/racket/collects/syntax/module-reader.rkt:186:17: body\n   /work/arjunguha-research-group/software/racket/collects/syntax/module-reader.rkt:183:2: wrap-internal\n   /work/arjunguha-research-group/software/racket/collects/racket/../syntax/module-reader.rkt:67:9: wrap-internal/wrapper\n",
      "exit_code": 1,
      "status": "SyntaxError"
    },
    {
      "program": "#lang racket\n\n;; Write a function that matches a word containing 'z'.\n(define (text_match_wordz text)\n  (regexp-match? #rx\"\\w*z\\w*\" text))\n\n(require rackunit)\n\n(define (test-humaneval) \n\n  (let (( candidate text_match_wordz))\n    (check-equal? (candidate \"pythonz.\") #t)\n    (check-equal? (candidate \"xyz.\") #t)\n    (check-equal? (candidate \"  lang  .\") #f)\n))\n\n(test-humaneval)",
      "timestamp": 1665510606,
      "stdout": "",
      "stderr": "/tmp/tmpzfsiqn7d.rkt:5:17: read-syntax: unknown escape sequence `\\w` in string\n  context...:\n   /work/arjunguha-research-group/software/racket/collects/syntax/module-reader.rkt:186:17: body\n   /work/arjunguha-research-group/software/racket/collects/syntax/module-reader.rkt:183:2: wrap-internal\n   /work/arjunguha-research-group/software/racket/collects/racket/../syntax/module-reader.rkt:67:9: wrap-internal/wrapper\n",
      "exit_code": 1,
      "status": "SyntaxError"
    },
    {
      "program": "#lang racket\n\n;; Write a function that matches a word containing 'z'.\n(define (text_match_wordz text)\n  (regexp-match* #rx\"\\w*z\\w*\" text))\n\n(require rackunit)\n\n(define (test-humaneval) \n\n  (let (( candidate text_match_wordz))\n    (check-equal? (candidate \"pythonz.\") #t)\n    (check-equal? (candidate \"xyz.\") #t)\n    (check-equal? (candidate \"  lang  .\") #f)\n))\n\n(test-humaneval)",
      "timestamp": 1665510606,
      "stdout": "",
      "stderr": "/tmp/tmpq762uoqa.rkt:5:17: read-syntax: unknown escape sequence `\\w` in string\n  context...:\n   /work/arjunguha-research-group/software/racket/collects/syntax/module-reader.rkt:186:17: body\n   /work/arjunguha-research-group/software/racket/collects/syntax/module-reader.rkt:183:2: wrap-internal\n   /work/arjunguha-research-group/software/racket/collects/racket/../syntax/module-reader.rkt:67:9: wrap-internal/wrapper\n",
      "exit_code": 1,
      "status": "SyntaxError"
    },
    {
      "program": "#lang racket\n\n;; Write a function that matches a word containing 'z'.\n(define (text_match_wordz text)\n  (regexp-match? #rx\"\\bz\\w*\\b\" text))\n\n(require rackunit)\n\n(define (test-humaneval) \n\n  (let (( candidate text_match_wordz))\n    (check-equal? (candidate \"pythonz.\") #t)\n    (check-equal? (candidate \"xyz.\") #t)\n    (check-equal? (candidate \"  lang  .\") #f)\n))\n\n(test-humaneval)",
      "timestamp": 1665510606,
      "stdout": "",
      "stderr": "/tmp/tmpbai9mid3.rkt:5:17: read-syntax: unknown escape sequence `\\w` in string\n  context...:\n   /work/arjunguha-research-group/software/racket/collects/syntax/module-reader.rkt:186:17: body\n   /work/arjunguha-research-group/software/racket/collects/syntax/module-reader.rkt:183:2: wrap-internal\n   /work/arjunguha-research-group/software/racket/collects/racket/../syntax/module-reader.rkt:67:9: wrap-internal/wrapper\n",
      "exit_code": 1,
      "status": "SyntaxError"
    },
    {
      "program": "#lang racket\n\n;; Write a function that matches a word containing 'z'.\n(define (text_match_wordz text)\n  (regexp-match? #rx\"\\w*z\\w*\" text))\n\n(require rackunit)\n\n(define (test-humaneval) \n\n  (let (( candidate text_match_wordz))\n    (check-equal? (candidate \"pythonz.\") #t)\n    (check-equal? (candidate \"xyz.\") #t)\n    (check-equal? (candidate \"  lang  .\") #f)\n))\n\n(test-humaneval)",
      "timestamp": 1665510606,
      "stdout": "",
      "stderr": "/tmp/tmpzfsiqn7d.rkt:5:17: read-syntax: unknown escape sequence `\\w` in string\n  context...:\n   /work/arjunguha-research-group/software/racket/collects/syntax/module-reader.rkt:186:17: body\n   /work/arjunguha-research-group/software/racket/collects/syntax/module-reader.rkt:183:2: wrap-internal\n   /work/arjunguha-research-group/software/racket/collects/racket/../syntax/module-reader.rkt:67:9: wrap-internal/wrapper\n",
      "exit_code": 1,
      "status": "SyntaxError"
    },
    {
      "program": "#lang racket\n\n;; Write a function that matches a word containing 'z'.\n(define (text_match_wordz text)\n  (regexp-match? #rx\"z\" text))\n\n(require rackunit)\n\n(define (test-humaneval) \n\n  (let (( candidate text_match_wordz))\n    (check-equal? (candidate \"pythonz.\") #t)\n    (check-equal? (candidate \"xyz.\") #t)\n    (check-equal? (candidate \"  lang  .\") #f)\n))\n\n(test-humaneval)",
      "timestamp": 1666123476,
      "stdout": "",
      "stderr": "",
      "exit_code": 0,
      "status": "OK"
    },
    {
      "program": "#lang racket\n\n;; Write a function that matches a word containing 'z'.\n(define (text_match_wordz text)\n  (regexp-match? #rx\"\\w*z\\w*\" text))\n\n(require rackunit)\n\n(define (test-humaneval) \n\n  (let (( candidate text_match_wordz))\n    (check-equal? (candidate \"pythonz.\") #t)\n    (check-equal? (candidate \"xyz.\") #t)\n    (check-equal? (candidate \"  lang  .\") #f)\n))\n\n(test-humaneval)",
      "timestamp": 1665510606,
      "stdout": "",
      "stderr": "/tmp/tmpzfsiqn7d.rkt:5:17: read-syntax: unknown escape sequence `\\w` in string\n  context...:\n   /work/arjunguha-research-group/software/racket/collects/syntax/module-reader.rkt:186:17: body\n   /work/arjunguha-research-group/software/racket/collects/syntax/module-reader.rkt:183:2: wrap-internal\n   /work/arjunguha-research-group/software/racket/collects/racket/../syntax/module-reader.rkt:67:9: wrap-internal/wrapper\n",
      "exit_code": 1,
      "status": "SyntaxError"
    },
    {
      "program": "#lang racket\n\n;; Write a function that matches a word containing 'z'.\n(define (text_match_wordz text)\n  (regexp-match? #rx\"\\w*z\\w*\" text))\n\n(require rackunit)\n\n(define (test-humaneval) \n\n  (let (( candidate text_match_wordz))\n    (check-equal? (candidate \"pythonz.\") #t)\n    (check-equal? (candidate \"xyz.\") #t)\n    (check-equal? (candidate \"  lang  .\") #f)\n))\n\n(test-humaneval)",
      "timestamp": 1665510606,
      "stdout": "",
      "stderr": "/tmp/tmpzfsiqn7d.rkt:5:17: read-syntax: unknown escape sequence `\\w` in string\n  context...:\n   /work/arjunguha-research-group/software/racket/collects/syntax/module-reader.rkt:186:17: body\n   /work/arjunguha-research-group/software/racket/collects/syntax/module-reader.rkt:183:2: wrap-internal\n   /work/arjunguha-research-group/software/racket/collects/racket/../syntax/module-reader.rkt:67:9: wrap-internal/wrapper\n",
      "exit_code": 1,
      "status": "SyntaxError"
    },
    {
      "program": "#lang racket\n\n;; Write a function that matches a word containing 'z'.\n(define (text_match_wordz text)\n  (regexp-match? #rx\"\\\\w*z\\\\w*\" text))\n\n(require rackunit)\n\n(define (test-humaneval) \n\n  (let (( candidate text_match_wordz))\n    (check-equal? (candidate \"pythonz.\") #t)\n    (check-equal? (candidate \"xyz.\") #t)\n    (check-equal? (candidate \"  lang  .\") #f)\n))\n\n(test-humaneval)",
      "timestamp": 1666123476,
      "stdout": "",
      "stderr": "",
      "exit_code": 0,
      "status": "OK"
    },
    {
      "program": "#lang racket\n\n;; Write a function that matches a word containing 'z'.\n(define (text_match_wordz text)\n  (regexp-match? #rx\"\\w*z\\w*\" text))\n\n(require rackunit)\n\n(define (test-humaneval) \n\n  (let (( candidate text_match_wordz))\n    (check-equal? (candidate \"pythonz.\") #t)\n    (check-equal? (candidate \"xyz.\") #t)\n    (check-equal? (candidate \"  lang  .\") #f)\n))\n\n(test-humaneval)",
      "timestamp": 1665510606,
      "stdout": "",
      "stderr": "/tmp/tmpzfsiqn7d.rkt:5:17: read-syntax: unknown escape sequence `\\w` in string\n  context...:\n   /work/arjunguha-research-group/software/racket/collects/syntax/module-reader.rkt:186:17: body\n   /work/arjunguha-research-group/software/racket/collects/syntax/module-reader.rkt:183:2: wrap-internal\n   /work/arjunguha-research-group/software/racket/collects/racket/../syntax/module-reader.rkt:67:9: wrap-internal/wrapper\n",
      "exit_code": 1,
      "status": "SyntaxError"
    },
    {
      "program": "#lang racket\n\n;; Write a function that matches a word containing 'z'.\n(define (text_match_wordz text)\n  (regexp-match? #rx\"\\\\bz\\\\w+\\\\b\" text))\n\n(require rackunit)\n\n(define (test-humaneval) \n\n  (let (( candidate text_match_wordz))\n    (check-equal? (candidate \"pythonz.\") #t)\n    (check-equal? (candidate \"xyz.\") #t)\n    (check-equal? (candidate \"  lang  .\") #f)\n))\n\n(test-humaneval)",
      "timestamp": 1666123476,
      "stdout": "",
      "stderr": "--------------------\nFAILURE\nname:       check-equal?\nlocation:   /tmp/tmp29cslhkz.rkt:12:4\nactual:     #f\nexpected:   #t\n--------------------\n--------------------\nFAILURE\nname:       check-equal?\nlocation:   /tmp/tmp29cslhkz.rkt:13:4\nactual:     #f\nexpected:   #t\n--------------------\n",
      "exit_code": 0,
      "status": "Exception"
    },
    {
      "program": "#lang racket\n\n;; Write a function that matches a word containing 'z'.\n(define (text_match_wordz text)\n  (regexp-match? #rx\"\\w*z\\w*\" text))\n\n(require rackunit)\n\n(define (test-humaneval) \n\n  (let (( candidate text_match_wordz))\n    (check-equal? (candidate \"pythonz.\") #t)\n    (check-equal? (candidate \"xyz.\") #t)\n    (check-equal? (candidate \"  lang  .\") #f)\n))\n\n(test-humaneval)",
      "timestamp": 1665510606,
      "stdout": "",
      "stderr": "/tmp/tmpzfsiqn7d.rkt:5:17: read-syntax: unknown escape sequence `\\w` in string\n  context...:\n   /work/arjunguha-research-group/software/racket/collects/syntax/module-reader.rkt:186:17: body\n   /work/arjunguha-research-group/software/racket/collects/syntax/module-reader.rkt:183:2: wrap-internal\n   /work/arjunguha-research-group/software/racket/collects/racket/../syntax/module-reader.rkt:67:9: wrap-internal/wrapper\n",
      "exit_code": 1,
      "status": "SyntaxError"
    },
    {
      "program": "#lang racket\n\n;; Write a function that matches a word containing 'z'.\n(define (text_match_wordz text)\n  (regexp-match* #rx\"\\w*z\\w*\" text))\n\n(require rackunit)\n\n(define (test-humaneval) \n\n  (let (( candidate text_match_wordz))\n    (check-equal? (candidate \"pythonz.\") #t)\n    (check-equal? (candidate \"xyz.\") #t)\n    (check-equal? (candidate \"  lang  .\") #f)\n))\n\n(test-humaneval)",
      "timestamp": 1665510606,
      "stdout": "",
      "stderr": "/tmp/tmpq762uoqa.rkt:5:17: read-syntax: unknown escape sequence `\\w` in string\n  context...:\n   /work/arjunguha-research-group/software/racket/collects/syntax/module-reader.rkt:186:17: body\n   /work/arjunguha-research-group/software/racket/collects/syntax/module-reader.rkt:183:2: wrap-internal\n   /work/arjunguha-research-group/software/racket/collects/racket/../syntax/module-reader.rkt:67:9: wrap-internal/wrapper\n",
      "exit_code": 1,
      "status": "SyntaxError"
    },
    {
      "program": "#lang racket\n\n;; Write a function that matches a word containing 'z'.\n(define (text_match_wordz text)\n  (regexp-match #rx\"z\" text))\n\n(require rackunit)\n\n(define (test-humaneval) \n\n  (let (( candidate text_match_wordz))\n    (check-equal? (candidate \"pythonz.\") #t)\n    (check-equal? (candidate \"xyz.\") #t)\n    (check-equal? (candidate \"  lang  .\") #f)\n))\n\n(test-humaneval)",
      "timestamp": 1665510606,
      "stdout": "",
      "stderr": "--------------------\nFAILURE\nname:       check-equal?\nlocation:   /tmp/tmpxt49783s.rkt:12:4\nactual:     '(\"z\")\nexpected:   #t\n--------------------\n--------------------\nFAILURE\nname:       check-equal?\nlocation:   /tmp/tmpxt49783s.rkt:13:4\nactual:     '(\"z\")\nexpected:   #t\n--------------------\n",
      "exit_code": 0,
      "status": "Exception"
    },
    {
      "program": "#lang racket\n\n;; Write a function that matches a word containing 'z'.\n(define (text_match_wordz text)\n  (regexp-match? #rx\"\\w*z\\w*\" text))\n\n(require rackunit)\n\n(define (test-humaneval) \n\n  (let (( candidate text_match_wordz))\n    (check-equal? (candidate \"pythonz.\") #t)\n    (check-equal? (candidate \"xyz.\") #t)\n    (check-equal? (candidate \"  lang  .\") #f)\n))\n\n(test-humaneval)",
      "timestamp": 1665510606,
      "stdout": "",
      "stderr": "/tmp/tmpzfsiqn7d.rkt:5:17: read-syntax: unknown escape sequence `\\w` in string\n  context...:\n   /work/arjunguha-research-group/software/racket/collects/syntax/module-reader.rkt:186:17: body\n   /work/arjunguha-research-group/software/racket/collects/syntax/module-reader.rkt:183:2: wrap-internal\n   /work/arjunguha-research-group/software/racket/collects/racket/../syntax/module-reader.rkt:67:9: wrap-internal/wrapper\n",
      "exit_code": 1,
      "status": "SyntaxError"
    },
    {
      "program": "#lang racket\n\n;; Write a function that matches a word containing 'z'.\n(define (text_match_wordz text)\n  (regexp-match? #rx\"\\w*z\\w*\" text))\n\n(require rackunit)\n\n(define (test-humaneval) \n\n  (let (( candidate text_match_wordz))\n    (check-equal? (candidate \"pythonz.\") #t)\n    (check-equal? (candidate \"xyz.\") #t)\n    (check-equal? (candidate \"  lang  .\") #f)\n))\n\n(test-humaneval)",
      "timestamp": 1665510606,
      "stdout": "",
      "stderr": "/tmp/tmpzfsiqn7d.rkt:5:17: read-syntax: unknown escape sequence `\\w` in string\n  context...:\n   /work/arjunguha-research-group/software/racket/collects/syntax/module-reader.rkt:186:17: body\n   /work/arjunguha-research-group/software/racket/collects/syntax/module-reader.rkt:183:2: wrap-internal\n   /work/arjunguha-research-group/software/racket/collects/racket/../syntax/module-reader.rkt:67:9: wrap-internal/wrapper\n",
      "exit_code": 1,
      "status": "SyntaxError"
    },
    {
      "program": "#lang racket\n\n;; Write a function that matches a word containing 'z'.\n(define (text_match_wordz text)\n  (regexp-match #rx\"z\" text))\n\n(require rackunit)\n\n(define (test-humaneval) \n\n  (let (( candidate text_match_wordz))\n    (check-equal? (candidate \"pythonz.\") #t)\n    (check-equal? (candidate \"xyz.\") #t)\n    (check-equal? (candidate \"  lang  .\") #f)\n))\n\n(test-humaneval)",
      "timestamp": 1665510606,
      "stdout": "",
      "stderr": "--------------------\nFAILURE\nname:       check-equal?\nlocation:   /tmp/tmpxt49783s.rkt:12:4\nactual:     '(\"z\")\nexpected:   #t\n--------------------\n--------------------\nFAILURE\nname:       check-equal?\nlocation:   /tmp/tmpxt49783s.rkt:13:4\nactual:     '(\"z\")\nexpected:   #t\n--------------------\n",
      "exit_code": 0,
      "status": "Exception"
    },
    {
      "program": "#lang racket\n\n;; Write a function that matches a word containing 'z'.\n(define (text_match_wordz text)\n  (regexp-match? #rx\"\\\\bz\\\\w*\\\\b\" text))\n\n(require rackunit)\n\n(define (test-humaneval) \n\n  (let (( candidate text_match_wordz))\n    (check-equal? (candidate \"pythonz.\") #t)\n    (check-equal? (candidate \"xyz.\") #t)\n    (check-equal? (candidate \"  lang  .\") #f)\n))\n\n(test-humaneval)",
      "timestamp": 1665510606,
      "stdout": "",
      "stderr": "--------------------\nFAILURE\nname:       check-equal?\nlocation:   /tmp/tmps72vce8q.rkt:12:4\nactual:     #f\nexpected:   #t\n--------------------\n--------------------\nFAILURE\nname:       check-equal?\nlocation:   /tmp/tmps72vce8q.rkt:13:4\nactual:     #f\nexpected:   #t\n--------------------\n",
      "exit_code": 0,
      "status": "Exception"
    },
    {
      "program": "#lang racket\n\n;; Write a function that matches a word containing 'z'.\n(define (text_match_wordz text)\n  (regexp-match #rx\"z\" text))\n\n(require rackunit)\n\n(define (test-humaneval) \n\n  (let (( candidate text_match_wordz))\n    (check-equal? (candidate \"pythonz.\") #t)\n    (check-equal? (candidate \"xyz.\") #t)\n    (check-equal? (candidate \"  lang  .\") #f)\n))\n\n(test-humaneval)",
      "timestamp": 1665510606,
      "stdout": "",
      "stderr": "--------------------\nFAILURE\nname:       check-equal?\nlocation:   /tmp/tmpxt49783s.rkt:12:4\nactual:     '(\"z\")\nexpected:   #t\n--------------------\n--------------------\nFAILURE\nname:       check-equal?\nlocation:   /tmp/tmpxt49783s.rkt:13:4\nactual:     '(\"z\")\nexpected:   #t\n--------------------\n",
      "exit_code": 0,
      "status": "Exception"
    },
    {
      "program": "#lang racket\n\n;; Write a function that matches a word containing 'z'.\n(define (text_match_wordz text)\n  (regexp-match #rx\"\\w*z\\w*\" text))\n\n(require rackunit)\n\n(define (test-humaneval) \n\n  (let (( candidate text_match_wordz))\n    (check-equal? (candidate \"pythonz.\") #t)\n    (check-equal? (candidate \"xyz.\") #t)\n    (check-equal? (candidate \"  lang  .\") #f)\n))\n\n(test-humaneval)",
      "timestamp": 1666123475,
      "stdout": "",
      "stderr": "/tmp/tmpt76801g9.rkt:5:16: read-syntax: unknown escape sequence `\\w` in string\n  context...:\n   /work/arjunguha-research-group/software/racket/collects/syntax/module-reader.rkt:186:17: body\n   /work/arjunguha-research-group/software/racket/collects/syntax/module-reader.rkt:183:2: wrap-internal\n   /work/arjunguha-research-group/software/racket/collects/racket/../syntax/module-reader.rkt:67:9: wrap-internal/wrapper\n",
      "exit_code": 1,
      "status": "SyntaxError"
    },
    {
      "program": "#lang racket\n\n;; Write a function that matches a word containing 'z'.\n(define (text_match_wordz text)\n  (regexp-match #rx\"\\w*z\\w*\" text))\n\n(require rackunit)\n\n(define (test-humaneval) \n\n  (let (( candidate text_match_wordz))\n    (check-equal? (candidate \"pythonz.\") #t)\n    (check-equal? (candidate \"xyz.\") #t)\n    (check-equal? (candidate \"  lang  .\") #f)\n))\n\n(test-humaneval)",
      "timestamp": 1666123475,
      "stdout": "",
      "stderr": "/tmp/tmpt76801g9.rkt:5:16: read-syntax: unknown escape sequence `\\w` in string\n  context...:\n   /work/arjunguha-research-group/software/racket/collects/syntax/module-reader.rkt:186:17: body\n   /work/arjunguha-research-group/software/racket/collects/syntax/module-reader.rkt:183:2: wrap-internal\n   /work/arjunguha-research-group/software/racket/collects/racket/../syntax/module-reader.rkt:67:9: wrap-internal/wrapper\n",
      "exit_code": 1,
      "status": "SyntaxError"
    },
    {
      "program": "#lang racket\n\n;; Write a function that matches a word containing 'z'.\n(define (text_match_wordz text)\n  (regexp-match* #rx\"\\w*z\\w*\" text))\n\n(require rackunit)\n\n(define (test-humaneval) \n\n  (let (( candidate text_match_wordz))\n    (check-equal? (candidate \"pythonz.\") #t)\n    (check-equal? (candidate \"xyz.\") #t)\n    (check-equal? (candidate \"  lang  .\") #f)\n))\n\n(test-humaneval)",
      "timestamp": 1665510606,
      "stdout": "",
      "stderr": "/tmp/tmpq762uoqa.rkt:5:17: read-syntax: unknown escape sequence `\\w` in string\n  context...:\n   /work/arjunguha-research-group/software/racket/collects/syntax/module-reader.rkt:186:17: body\n   /work/arjunguha-research-group/software/racket/collects/syntax/module-reader.rkt:183:2: wrap-internal\n   /work/arjunguha-research-group/software/racket/collects/racket/../syntax/module-reader.rkt:67:9: wrap-internal/wrapper\n",
      "exit_code": 1,
      "status": "SyntaxError"
    },
    {
      "program": "#lang racket\n\n;; Write a function that matches a word containing 'z'.\n(define (text_match_wordz text)\n  (regexp-match? #rx\"\\\\b[a-z]+z[a-z]+\\\\b\" text))\n\n(require rackunit)\n\n(define (test-humaneval) \n\n  (let (( candidate text_match_wordz))\n    (check-equal? (candidate \"pythonz.\") #t)\n    (check-equal? (candidate \"xyz.\") #t)\n    (check-equal? (candidate \"  lang  .\") #f)\n))\n\n(test-humaneval)",
      "timestamp": 1666123476,
      "stdout": "",
      "stderr": "--------------------\nFAILURE\nname:       check-equal?\nlocation:   /tmp/tmp99wugljo.rkt:12:4\nactual:     #f\nexpected:   #t\n--------------------\n--------------------\nFAILURE\nname:       check-equal?\nlocation:   /tmp/tmp99wugljo.rkt:13:4\nactual:     #f\nexpected:   #t\n--------------------\n",
      "exit_code": 0,
      "status": "Exception"
    },
    {
      "program": "#lang racket\n\n;; Write a function that matches a word containing 'z'.\n(define (text_match_wordz text)\n  (regexp-match? #rx\"\\w*z\\w*\" text))\n\n(require rackunit)\n\n(define (test-humaneval) \n\n  (let (( candidate text_match_wordz))\n    (check-equal? (candidate \"pythonz.\") #t)\n    (check-equal? (candidate \"xyz.\") #t)\n    (check-equal? (candidate \"  lang  .\") #f)\n))\n\n(test-humaneval)",
      "timestamp": 1665510606,
      "stdout": "",
      "stderr": "/tmp/tmpzfsiqn7d.rkt:5:17: read-syntax: unknown escape sequence `\\w` in string\n  context...:\n   /work/arjunguha-research-group/software/racket/collects/syntax/module-reader.rkt:186:17: body\n   /work/arjunguha-research-group/software/racket/collects/syntax/module-reader.rkt:183:2: wrap-internal\n   /work/arjunguha-research-group/software/racket/collects/racket/../syntax/module-reader.rkt:67:9: wrap-internal/wrapper\n",
      "exit_code": 1,
      "status": "SyntaxError"
    },
    {
      "program": "#lang racket\n\n;; Write a function that matches a word containing 'z'.\n(define (text_match_wordz text)\n  (regexp-match* #rx\"\\w*z\\w*\" text))\n\n(require rackunit)\n\n(define (test-humaneval) \n\n  (let (( candidate text_match_wordz))\n    (check-equal? (candidate \"pythonz.\") #t)\n    (check-equal? (candidate \"xyz.\") #t)\n    (check-equal? (candidate \"  lang  .\") #f)\n))\n\n(test-humaneval)",
      "timestamp": 1665510606,
      "stdout": "",
      "stderr": "/tmp/tmpq762uoqa.rkt:5:17: read-syntax: unknown escape sequence `\\w` in string\n  context...:\n   /work/arjunguha-research-group/software/racket/collects/syntax/module-reader.rkt:186:17: body\n   /work/arjunguha-research-group/software/racket/collects/syntax/module-reader.rkt:183:2: wrap-internal\n   /work/arjunguha-research-group/software/racket/collects/racket/../syntax/module-reader.rkt:67:9: wrap-internal/wrapper\n",
      "exit_code": 1,
      "status": "SyntaxError"
    },
    {
      "program": "#lang racket\n\n;; Write a function that matches a word containing 'z'.\n(define (text_match_wordz text)\n  (regexp-match* #rx\"\\w*z\\w*\" text))\n\n(require rackunit)\n\n(define (test-humaneval) \n\n  (let (( candidate text_match_wordz))\n    (check-equal? (candidate \"pythonz.\") #t)\n    (check-equal? (candidate \"xyz.\") #t)\n    (check-equal? (candidate \"  lang  .\") #f)\n))\n\n(test-humaneval)",
      "timestamp": 1665510606,
      "stdout": "",
      "stderr": "/tmp/tmpq762uoqa.rkt:5:17: read-syntax: unknown escape sequence `\\w` in string\n  context...:\n   /work/arjunguha-research-group/software/racket/collects/syntax/module-reader.rkt:186:17: body\n   /work/arjunguha-research-group/software/racket/collects/syntax/module-reader.rkt:183:2: wrap-internal\n   /work/arjunguha-research-group/software/racket/collects/racket/../syntax/module-reader.rkt:67:9: wrap-internal/wrapper\n",
      "exit_code": 1,
      "status": "SyntaxError"
    },
    {
      "program": "#lang racket\n\n;; Write a function that matches a word containing 'z'.\n(define (text_match_wordz text)\n  (regexp-match? #rx\"\\w*z\\w*\" text))\n\n(require rackunit)\n\n(define (test-humaneval) \n\n  (let (( candidate text_match_wordz))\n    (check-equal? (candidate \"pythonz.\") #t)\n    (check-equal? (candidate \"xyz.\") #t)\n    (check-equal? (candidate \"  lang  .\") #f)\n))\n\n(test-humaneval)",
      "timestamp": 1665510606,
      "stdout": "",
      "stderr": "/tmp/tmpzfsiqn7d.rkt:5:17: read-syntax: unknown escape sequence `\\w` in string\n  context...:\n   /work/arjunguha-research-group/software/racket/collects/syntax/module-reader.rkt:186:17: body\n   /work/arjunguha-research-group/software/racket/collects/syntax/module-reader.rkt:183:2: wrap-internal\n   /work/arjunguha-research-group/software/racket/collects/racket/../syntax/module-reader.rkt:67:9: wrap-internal/wrapper\n",
      "exit_code": 1,
      "status": "SyntaxError"
    },
    {
      "program": "#lang racket\n\n;; Write a function that matches a word containing 'z'.\n(define (text_match_wordz text)\n  (regexp-match? #rx\"z\" text))\n\n(require rackunit)\n\n(define (test-humaneval) \n\n  (let (( candidate text_match_wordz))\n    (check-equal? (candidate \"pythonz.\") #t)\n    (check-equal? (candidate \"xyz.\") #t)\n    (check-equal? (candidate \"  lang  .\") #f)\n))\n\n(test-humaneval)",
      "timestamp": 1666123476,
      "stdout": "",
      "stderr": "",
      "exit_code": 0,
      "status": "OK"
    },
    {
      "program": "#lang racket\n\n;; Write a function that matches a word containing 'z'.\n(define (text_match_wordz text)\n  (regexp-match* #rx\"\\w*z\\w*\" text))\n\n(require rackunit)\n\n(define (test-humaneval) \n\n  (let (( candidate text_match_wordz))\n    (check-equal? (candidate \"pythonz.\") #t)\n    (check-equal? (candidate \"xyz.\") #t)\n    (check-equal? (candidate \"  lang  .\") #f)\n))\n\n(test-humaneval)",
      "timestamp": 1665510606,
      "stdout": "",
      "stderr": "/tmp/tmpq762uoqa.rkt:5:17: read-syntax: unknown escape sequence `\\w` in string\n  context...:\n   /work/arjunguha-research-group/software/racket/collects/syntax/module-reader.rkt:186:17: body\n   /work/arjunguha-research-group/software/racket/collects/syntax/module-reader.rkt:183:2: wrap-internal\n   /work/arjunguha-research-group/software/racket/collects/racket/../syntax/module-reader.rkt:67:9: wrap-internal/wrapper\n",
      "exit_code": 1,
      "status": "SyntaxError"
    },
    {
      "program": "#lang racket\n\n;; Write a function that matches a word containing 'z'.\n(define (text_match_wordz text)\n  (regexp-match* #rx\"\\w*z\\w*\" text))\n\n(require rackunit)\n\n(define (test-humaneval) \n\n  (let (( candidate text_match_wordz))\n    (check-equal? (candidate \"pythonz.\") #t)\n    (check-equal? (candidate \"xyz.\") #t)\n    (check-equal? (candidate \"  lang  .\") #f)\n))\n\n(test-humaneval)",
      "timestamp": 1665510606,
      "stdout": "",
      "stderr": "/tmp/tmpq762uoqa.rkt:5:17: read-syntax: unknown escape sequence `\\w` in string\n  context...:\n   /work/arjunguha-research-group/software/racket/collects/syntax/module-reader.rkt:186:17: body\n   /work/arjunguha-research-group/software/racket/collects/syntax/module-reader.rkt:183:2: wrap-internal\n   /work/arjunguha-research-group/software/racket/collects/racket/../syntax/module-reader.rkt:67:9: wrap-internal/wrapper\n",
      "exit_code": 1,
      "status": "SyntaxError"
    },
    {
      "program": "#lang racket\n\n;; Write a function that matches a word containing 'z'.\n(define (text_match_wordz text)\n  (regexp-match #rx\"z\" text))\n\n(require rackunit)\n\n(define (test-humaneval) \n\n  (let (( candidate text_match_wordz))\n    (check-equal? (candidate \"pythonz.\") #t)\n    (check-equal? (candidate \"xyz.\") #t)\n    (check-equal? (candidate \"  lang  .\") #f)\n))\n\n(test-humaneval)",
      "timestamp": 1665510606,
      "stdout": "",
      "stderr": "--------------------\nFAILURE\nname:       check-equal?\nlocation:   /tmp/tmpxt49783s.rkt:12:4\nactual:     '(\"z\")\nexpected:   #t\n--------------------\n--------------------\nFAILURE\nname:       check-equal?\nlocation:   /tmp/tmpxt49783s.rkt:13:4\nactual:     '(\"z\")\nexpected:   #t\n--------------------\n",
      "exit_code": 0,
      "status": "Exception"
    },
    {
      "program": "#lang racket\n\n;; Write a function that matches a word containing 'z'.\n(define (text_match_wordz text)\n  (regexp-match? #rx\"\\w*z\\w*\" text))\n\n(require rackunit)\n\n(define (test-humaneval) \n\n  (let (( candidate text_match_wordz))\n    (check-equal? (candidate \"pythonz.\") #t)\n    (check-equal? (candidate \"xyz.\") #t)\n    (check-equal? (candidate \"  lang  .\") #f)\n))\n\n(test-humaneval)",
      "timestamp": 1665510606,
      "stdout": "",
      "stderr": "/tmp/tmpzfsiqn7d.rkt:5:17: read-syntax: unknown escape sequence `\\w` in string\n  context...:\n   /work/arjunguha-research-group/software/racket/collects/syntax/module-reader.rkt:186:17: body\n   /work/arjunguha-research-group/software/racket/collects/syntax/module-reader.rkt:183:2: wrap-internal\n   /work/arjunguha-research-group/software/racket/collects/racket/../syntax/module-reader.rkt:67:9: wrap-internal/wrapper\n",
      "exit_code": 1,
      "status": "SyntaxError"
    },
    {
      "program": "#lang racket\n\n;; Write a function that matches a word containing 'z'.\n(define (text_match_wordz text)\n  (regexp-match? #rx\"\\w*z\\w*\" text))\n\n(require rackunit)\n\n(define (test-humaneval) \n\n  (let (( candidate text_match_wordz))\n    (check-equal? (candidate \"pythonz.\") #t)\n    (check-equal? (candidate \"xyz.\") #t)\n    (check-equal? (candidate \"  lang  .\") #f)\n))\n\n(test-humaneval)",
      "timestamp": 1665510606,
      "stdout": "",
      "stderr": "/tmp/tmpzfsiqn7d.rkt:5:17: read-syntax: unknown escape sequence `\\w` in string\n  context...:\n   /work/arjunguha-research-group/software/racket/collects/syntax/module-reader.rkt:186:17: body\n   /work/arjunguha-research-group/software/racket/collects/syntax/module-reader.rkt:183:2: wrap-internal\n   /work/arjunguha-research-group/software/racket/collects/racket/../syntax/module-reader.rkt:67:9: wrap-internal/wrapper\n",
      "exit_code": 1,
      "status": "SyntaxError"
    },
    {
      "program": "#lang racket\n\n;; Write a function that matches a word containing 'z'.\n(define (text_match_wordz text)\n  (regexp-match* #rx\"\\w*z\\w*\" text))\n\n(require rackunit)\n\n(define (test-humaneval) \n\n  (let (( candidate text_match_wordz))\n    (check-equal? (candidate \"pythonz.\") #t)\n    (check-equal? (candidate \"xyz.\") #t)\n    (check-equal? (candidate \"  lang  .\") #f)\n))\n\n(test-humaneval)",
      "timestamp": 1665510606,
      "stdout": "",
      "stderr": "/tmp/tmpq762uoqa.rkt:5:17: read-syntax: unknown escape sequence `\\w` in string\n  context...:\n   /work/arjunguha-research-group/software/racket/collects/syntax/module-reader.rkt:186:17: body\n   /work/arjunguha-research-group/software/racket/collects/syntax/module-reader.rkt:183:2: wrap-internal\n   /work/arjunguha-research-group/software/racket/collects/racket/../syntax/module-reader.rkt:67:9: wrap-internal/wrapper\n",
      "exit_code": 1,
      "status": "SyntaxError"
    },
    {
      "program": "#lang racket\n\n;; Write a function that matches a word containing 'z'.\n(define (text_match_wordz text)\n  (regexp-match #rx\"\\\\bz\\\\w*\\\\b\" text))\n\n(require rackunit)\n\n(define (test-humaneval) \n\n  (let (( candidate text_match_wordz))\n    (check-equal? (candidate \"pythonz.\") #t)\n    (check-equal? (candidate \"xyz.\") #t)\n    (check-equal? (candidate \"  lang  .\") #f)\n))\n\n(test-humaneval)",
      "timestamp": 1666123476,
      "stdout": "",
      "stderr": "--------------------\nFAILURE\nname:       check-equal?\nlocation:   /tmp/tmpb46a2lsv.rkt:12:4\nactual:     #f\nexpected:   #t\n--------------------\n--------------------\nFAILURE\nname:       check-equal?\nlocation:   /tmp/tmpb46a2lsv.rkt:13:4\nactual:     #f\nexpected:   #t\n--------------------\n",
      "exit_code": 0,
      "status": "Exception"
    },
    {
      "program": "#lang racket\n\n;; Write a function that matches a word containing 'z'.\n(define (text_match_wordz text)\n  (regexp-match #rx\"z\" text))\n\n(require rackunit)\n\n(define (test-humaneval) \n\n  (let (( candidate text_match_wordz))\n    (check-equal? (candidate \"pythonz.\") #t)\n    (check-equal? (candidate \"xyz.\") #t)\n    (check-equal? (candidate \"  lang  .\") #f)\n))\n\n(test-humaneval)",
      "timestamp": 1665510606,
      "stdout": "",
      "stderr": "--------------------\nFAILURE\nname:       check-equal?\nlocation:   /tmp/tmpxt49783s.rkt:12:4\nactual:     '(\"z\")\nexpected:   #t\n--------------------\n--------------------\nFAILURE\nname:       check-equal?\nlocation:   /tmp/tmpxt49783s.rkt:13:4\nactual:     '(\"z\")\nexpected:   #t\n--------------------\n",
      "exit_code": 0,
      "status": "Exception"
    },
    {
      "program": "#lang racket\n\n;; Write a function that matches a word containing 'z'.\n(define (text_match_wordz text)\n  (regexp-match* #rx\"\\w*z\\w*\" text))\n\n(require rackunit)\n\n(define (test-humaneval) \n\n  (let (( candidate text_match_wordz))\n    (check-equal? (candidate \"pythonz.\") #t)\n    (check-equal? (candidate \"xyz.\") #t)\n    (check-equal? (candidate \"  lang  .\") #f)\n))\n\n(test-humaneval)",
      "timestamp": 1665510606,
      "stdout": "",
      "stderr": "/tmp/tmpq762uoqa.rkt:5:17: read-syntax: unknown escape sequence `\\w` in string\n  context...:\n   /work/arjunguha-research-group/software/racket/collects/syntax/module-reader.rkt:186:17: body\n   /work/arjunguha-research-group/software/racket/collects/syntax/module-reader.rkt:183:2: wrap-internal\n   /work/arjunguha-research-group/software/racket/collects/racket/../syntax/module-reader.rkt:67:9: wrap-internal/wrapper\n",
      "exit_code": 1,
      "status": "SyntaxError"
    },
    {
      "program": "#lang racket\n\n;; Write a function that matches a word containing 'z'.\n(define (text_match_wordz text)\n  (regexp-match* #rx\"\\\\b[zZ]+\\\\b\" text))\n\n(require rackunit)\n\n(define (test-humaneval) \n\n  (let (( candidate text_match_wordz))\n    (check-equal? (candidate \"pythonz.\") #t)\n    (check-equal? (candidate \"xyz.\") #t)\n    (check-equal? (candidate \"  lang  .\") #f)\n))\n\n(test-humaneval)",
      "timestamp": 1666123476,
      "stdout": "",
      "stderr": "--------------------\nFAILURE\nname:       check-equal?\nlocation:   /tmp/tmpxvh7cjrq.rkt:12:4\nactual:     '()\nexpected:   #t\n--------------------\n--------------------\nFAILURE\nname:       check-equal?\nlocation:   /tmp/tmpxvh7cjrq.rkt:13:4\nactual:     '()\nexpected:   #t\n--------------------\n--------------------\nFAILURE\nname:       check-equal?\nlocation:   /tmp/tmpxvh7cjrq.rkt:14:4\nactual:     '()\nexpected:   #f\n--------------------\n",
      "exit_code": 0,
      "status": "Exception"
    },
    {
      "program": "#lang racket\n\n;; Write a function that matches a word containing 'z'.\n(define (text_match_wordz text)\n  (regexp-match? #rx\"\\bz\\w*\\b\" text))\n\n(require rackunit)\n\n(define (test-humaneval) \n\n  (let (( candidate text_match_wordz))\n    (check-equal? (candidate \"pythonz.\") #t)\n    (check-equal? (candidate \"xyz.\") #t)\n    (check-equal? (candidate \"  lang  .\") #f)\n))\n\n(test-humaneval)",
      "timestamp": 1665510606,
      "stdout": "",
      "stderr": "/tmp/tmpbai9mid3.rkt:5:17: read-syntax: unknown escape sequence `\\w` in string\n  context...:\n   /work/arjunguha-research-group/software/racket/collects/syntax/module-reader.rkt:186:17: body\n   /work/arjunguha-research-group/software/racket/collects/syntax/module-reader.rkt:183:2: wrap-internal\n   /work/arjunguha-research-group/software/racket/collects/racket/../syntax/module-reader.rkt:67:9: wrap-internal/wrapper\n",
      "exit_code": 1,
      "status": "SyntaxError"
    },
    {
      "program": "#lang racket\n\n;; Write a function that matches a word containing 'z'.\n(define (text_match_wordz text)\n  (regexp-match* #rx\"z\" text))\n\n(require rackunit)\n\n(define (test-humaneval) \n\n  (let (( candidate text_match_wordz))\n    (check-equal? (candidate \"pythonz.\") #t)\n    (check-equal? (candidate \"xyz.\") #t)\n    (check-equal? (candidate \"  lang  .\") #f)\n))\n\n(test-humaneval)",
      "timestamp": 1665510606,
      "stdout": "",
      "stderr": "--------------------\nFAILURE\nname:       check-equal?\nlocation:   /tmp/tmpj2ma295e.rkt:12:4\nactual:     '(\"z\")\nexpected:   #t\n--------------------\n--------------------\nFAILURE\nname:       check-equal?\nlocation:   /tmp/tmpj2ma295e.rkt:13:4\nactual:     '(\"z\")\nexpected:   #t\n--------------------\n--------------------\nFAILURE\nname:       check-equal?\nlocation:   /tmp/tmpj2ma295e.rkt:14:4\nactual:     '()\nexpected:   #f\n--------------------\n",
      "exit_code": 0,
      "status": "Exception"
    },
    {
      "program": "#lang racket\n\n;; Write a function that matches a word containing 'z'.\n(define (text_match_wordz text)\n  (regexp-match? #rx\"\\\\w*z\\\\w*\" text))\n\n(require rackunit)\n\n(define (test-humaneval) \n\n  (let (( candidate text_match_wordz))\n    (check-equal? (candidate \"pythonz.\") #t)\n    (check-equal? (candidate \"xyz.\") #t)\n    (check-equal? (candidate \"  lang  .\") #f)\n))\n\n(test-humaneval)",
      "timestamp": 1666123476,
      "stdout": "",
      "stderr": "",
      "exit_code": 0,
      "status": "OK"
    },
    {
      "program": "#lang racket\n\n;; Write a function that matches a word containing 'z'.\n(define (text_match_wordz text)\n  (regexp-match* #px\"\\\\w*z\\\\w*\" text))\n\n(require rackunit)\n\n(define (test-humaneval) \n\n  (let (( candidate text_match_wordz))\n    (check-equal? (candidate \"pythonz.\") #t)\n    (check-equal? (candidate \"xyz.\") #t)\n    (check-equal? (candidate \"  lang  .\") #f)\n))\n\n(test-humaneval)",
      "timestamp": 1666123476,
      "stdout": "",
      "stderr": "--------------------\nFAILURE\nname:       check-equal?\nlocation:   /tmp/tmp7ng0uib4.rkt:12:4\nactual:     '(\"pythonz\")\nexpected:   #t\n--------------------\n--------------------\nFAILURE\nname:       check-equal?\nlocation:   /tmp/tmp7ng0uib4.rkt:13:4\nactual:     '(\"xyz\")\nexpected:   #t\n--------------------\n--------------------\nFAILURE\nname:       check-equal?\nlocation:   /tmp/tmp7ng0uib4.rkt:14:4\nactual:     '()\nexpected:   #f\n--------------------\n",
      "exit_code": 0,
      "status": "Exception"
    },
    {
      "program": "#lang racket\n\n;; Write a function that matches a word containing 'z'.\n(define (text_match_wordz text)\n  (regexp-match? #rx\"\\w*z\\w*\" text))\n\n(require rackunit)\n\n(define (test-humaneval) \n\n  (let (( candidate text_match_wordz))\n    (check-equal? (candidate \"pythonz.\") #t)\n    (check-equal? (candidate \"xyz.\") #t)\n    (check-equal? (candidate \"  lang  .\") #f)\n))\n\n(test-humaneval)",
      "timestamp": 1665510606,
      "stdout": "",
      "stderr": "/tmp/tmpzfsiqn7d.rkt:5:17: read-syntax: unknown escape sequence `\\w` in string\n  context...:\n   /work/arjunguha-research-group/software/racket/collects/syntax/module-reader.rkt:186:17: body\n   /work/arjunguha-research-group/software/racket/collects/syntax/module-reader.rkt:183:2: wrap-internal\n   /work/arjunguha-research-group/software/racket/collects/racket/../syntax/module-reader.rkt:67:9: wrap-internal/wrapper\n",
      "exit_code": 1,
      "status": "SyntaxError"
    },
    {
      "program": "#lang racket\n\n;; Write a function that matches a word containing 'z'.\n(define (text_match_wordz text)\n  (regexp-match #rx\"z\" text))\n\n(require rackunit)\n\n(define (test-humaneval) \n\n  (let (( candidate text_match_wordz))\n    (check-equal? (candidate \"pythonz.\") #t)\n    (check-equal? (candidate \"xyz.\") #t)\n    (check-equal? (candidate \"  lang  .\") #f)\n))\n\n(test-humaneval)",
      "timestamp": 1665510606,
      "stdout": "",
      "stderr": "--------------------\nFAILURE\nname:       check-equal?\nlocation:   /tmp/tmpxt49783s.rkt:12:4\nactual:     '(\"z\")\nexpected:   #t\n--------------------\n--------------------\nFAILURE\nname:       check-equal?\nlocation:   /tmp/tmpxt49783s.rkt:13:4\nactual:     '(\"z\")\nexpected:   #t\n--------------------\n",
      "exit_code": 0,
      "status": "Exception"
    },
    {
      "program": "#lang racket\n\n;; Write a function that matches a word containing 'z'.\n(define (text_match_wordz text)\n  (regexp-match? #rx\"\\w*z\\w*\" text))\n\n(require rackunit)\n\n(define (test-humaneval) \n\n  (let (( candidate text_match_wordz))\n    (check-equal? (candidate \"pythonz.\") #t)\n    (check-equal? (candidate \"xyz.\") #t)\n    (check-equal? (candidate \"  lang  .\") #f)\n))\n\n(test-humaneval)",
      "timestamp": 1665510606,
      "stdout": "",
      "stderr": "/tmp/tmpzfsiqn7d.rkt:5:17: read-syntax: unknown escape sequence `\\w` in string\n  context...:\n   /work/arjunguha-research-group/software/racket/collects/syntax/module-reader.rkt:186:17: body\n   /work/arjunguha-research-group/software/racket/collects/syntax/module-reader.rkt:183:2: wrap-internal\n   /work/arjunguha-research-group/software/racket/collects/racket/../syntax/module-reader.rkt:67:9: wrap-internal/wrapper\n",
      "exit_code": 1,
      "status": "SyntaxError"
    },
    {
      "program": "#lang racket\n\n;; Write a function that matches a word containing 'z'.\n(define (text_match_wordz text)\n  (regexp-match? #rx\"\\w*z\\w*\" text))\n\n(require rackunit)\n\n(define (test-humaneval) \n\n  (let (( candidate text_match_wordz))\n    (check-equal? (candidate \"pythonz.\") #t)\n    (check-equal? (candidate \"xyz.\") #t)\n    (check-equal? (candidate \"  lang  .\") #f)\n))\n\n(test-humaneval)",
      "timestamp": 1665510606,
      "stdout": "",
      "stderr": "/tmp/tmpzfsiqn7d.rkt:5:17: read-syntax: unknown escape sequence `\\w` in string\n  context...:\n   /work/arjunguha-research-group/software/racket/collects/syntax/module-reader.rkt:186:17: body\n   /work/arjunguha-research-group/software/racket/collects/syntax/module-reader.rkt:183:2: wrap-internal\n   /work/arjunguha-research-group/software/racket/collects/racket/../syntax/module-reader.rkt:67:9: wrap-internal/wrapper\n",
      "exit_code": 1,
      "status": "SyntaxError"
    },
    {
      "program": "#lang racket\n\n;; Write a function that matches a word containing 'z'.\n(define (text_match_wordz text)\n  (regexp-match? #rx\"\\w*z\\w*\" text))\n\n(require rackunit)\n\n(define (test-humaneval) \n\n  (let (( candidate text_match_wordz))\n    (check-equal? (candidate \"pythonz.\") #t)\n    (check-equal? (candidate \"xyz.\") #t)\n    (check-equal? (candidate \"  lang  .\") #f)\n))\n\n(test-humaneval)",
      "timestamp": 1665510606,
      "stdout": "",
      "stderr": "/tmp/tmpzfsiqn7d.rkt:5:17: read-syntax: unknown escape sequence `\\w` in string\n  context...:\n   /work/arjunguha-research-group/software/racket/collects/syntax/module-reader.rkt:186:17: body\n   /work/arjunguha-research-group/software/racket/collects/syntax/module-reader.rkt:183:2: wrap-internal\n   /work/arjunguha-research-group/software/racket/collects/racket/../syntax/module-reader.rkt:67:9: wrap-internal/wrapper\n",
      "exit_code": 1,
      "status": "SyntaxError"
    },
    {
      "program": "#lang racket\n\n;; Write a function that matches a word containing 'z'.\n(define (text_match_wordz text)\n  (regexp-match #rx\"\\w*z\\w*\" text))\n\n(require rackunit)\n\n(define (test-humaneval) \n\n  (let (( candidate text_match_wordz))\n    (check-equal? (candidate \"pythonz.\") #t)\n    (check-equal? (candidate \"xyz.\") #t)\n    (check-equal? (candidate \"  lang  .\") #f)\n))\n\n(test-humaneval)",
      "timestamp": 1666123475,
      "stdout": "",
      "stderr": "/tmp/tmpt76801g9.rkt:5:16: read-syntax: unknown escape sequence `\\w` in string\n  context...:\n   /work/arjunguha-research-group/software/racket/collects/syntax/module-reader.rkt:186:17: body\n   /work/arjunguha-research-group/software/racket/collects/syntax/module-reader.rkt:183:2: wrap-internal\n   /work/arjunguha-research-group/software/racket/collects/racket/../syntax/module-reader.rkt:67:9: wrap-internal/wrapper\n",
      "exit_code": 1,
      "status": "SyntaxError"
    },
    {
      "program": "#lang racket\n\n;; Write a function that matches a word containing 'z'.\n(define (text_match_wordz text)\n  (regexp-match* #rx\"\\w*z\\w*\" text))\n\n(require rackunit)\n\n(define (test-humaneval) \n\n  (let (( candidate text_match_wordz))\n    (check-equal? (candidate \"pythonz.\") #t)\n    (check-equal? (candidate \"xyz.\") #t)\n    (check-equal? (candidate \"  lang  .\") #f)\n))\n\n(test-humaneval)",
      "timestamp": 1665510606,
      "stdout": "",
      "stderr": "/tmp/tmpq762uoqa.rkt:5:17: read-syntax: unknown escape sequence `\\w` in string\n  context...:\n   /work/arjunguha-research-group/software/racket/collects/syntax/module-reader.rkt:186:17: body\n   /work/arjunguha-research-group/software/racket/collects/syntax/module-reader.rkt:183:2: wrap-internal\n   /work/arjunguha-research-group/software/racket/collects/racket/../syntax/module-reader.rkt:67:9: wrap-internal/wrapper\n",
      "exit_code": 1,
      "status": "SyntaxError"
    },
    {
      "program": "#lang racket\n\n;; Write a function that matches a word containing 'z'.\n(define (text_match_wordz text)\n  (regexp-match? #rx\"\\w*z\\w*\" text))\n\n(require rackunit)\n\n(define (test-humaneval) \n\n  (let (( candidate text_match_wordz))\n    (check-equal? (candidate \"pythonz.\") #t)\n    (check-equal? (candidate \"xyz.\") #t)\n    (check-equal? (candidate \"  lang  .\") #f)\n))\n\n(test-humaneval)",
      "timestamp": 1665510606,
      "stdout": "",
      "stderr": "/tmp/tmpzfsiqn7d.rkt:5:17: read-syntax: unknown escape sequence `\\w` in string\n  context...:\n   /work/arjunguha-research-group/software/racket/collects/syntax/module-reader.rkt:186:17: body\n   /work/arjunguha-research-group/software/racket/collects/syntax/module-reader.rkt:183:2: wrap-internal\n   /work/arjunguha-research-group/software/racket/collects/racket/../syntax/module-reader.rkt:67:9: wrap-internal/wrapper\n",
      "exit_code": 1,
      "status": "SyntaxError"
    },
    {
      "program": "#lang racket\n\n;; Write a function that matches a word containing 'z'.\n(define (text_match_wordz text)\n  (regexp-match* #rx\"\\w*z\\w*\" text))\n\n(require rackunit)\n\n(define (test-humaneval) \n\n  (let (( candidate text_match_wordz))\n    (check-equal? (candidate \"pythonz.\") #t)\n    (check-equal? (candidate \"xyz.\") #t)\n    (check-equal? (candidate \"  lang  .\") #f)\n))\n\n(test-humaneval)",
      "timestamp": 1665510606,
      "stdout": "",
      "stderr": "/tmp/tmpq762uoqa.rkt:5:17: read-syntax: unknown escape sequence `\\w` in string\n  context...:\n   /work/arjunguha-research-group/software/racket/collects/syntax/module-reader.rkt:186:17: body\n   /work/arjunguha-research-group/software/racket/collects/syntax/module-reader.rkt:183:2: wrap-internal\n   /work/arjunguha-research-group/software/racket/collects/racket/../syntax/module-reader.rkt:67:9: wrap-internal/wrapper\n",
      "exit_code": 1,
      "status": "SyntaxError"
    },
    {
      "program": "#lang racket\n\n;; Write a function that matches a word containing 'z'.\n(define (text_match_wordz text)\n  (regexp-match* #rx\"\\w*z\\w*\" text))\n\n(require rackunit)\n\n(define (test-humaneval) \n\n  (let (( candidate text_match_wordz))\n    (check-equal? (candidate \"pythonz.\") #t)\n    (check-equal? (candidate \"xyz.\") #t)\n    (check-equal? (candidate \"  lang  .\") #f)\n))\n\n(test-humaneval)",
      "timestamp": 1665510606,
      "stdout": "",
      "stderr": "/tmp/tmpq762uoqa.rkt:5:17: read-syntax: unknown escape sequence `\\w` in string\n  context...:\n   /work/arjunguha-research-group/software/racket/collects/syntax/module-reader.rkt:186:17: body\n   /work/arjunguha-research-group/software/racket/collects/syntax/module-reader.rkt:183:2: wrap-internal\n   /work/arjunguha-research-group/software/racket/collects/racket/../syntax/module-reader.rkt:67:9: wrap-internal/wrapper\n",
      "exit_code": 1,
      "status": "SyntaxError"
    },
    {
      "program": "#lang racket\n\n;; Write a function that matches a word containing 'z'.\n(define (text_match_wordz text)\n  (regexp-match* #rx\"\\w*z\\w*\" text))\n\n(require rackunit)\n\n(define (test-humaneval) \n\n  (let (( candidate text_match_wordz))\n    (check-equal? (candidate \"pythonz.\") #t)\n    (check-equal? (candidate \"xyz.\") #t)\n    (check-equal? (candidate \"  lang  .\") #f)\n))\n\n(test-humaneval)",
      "timestamp": 1665510606,
      "stdout": "",
      "stderr": "/tmp/tmpq762uoqa.rkt:5:17: read-syntax: unknown escape sequence `\\w` in string\n  context...:\n   /work/arjunguha-research-group/software/racket/collects/syntax/module-reader.rkt:186:17: body\n   /work/arjunguha-research-group/software/racket/collects/syntax/module-reader.rkt:183:2: wrap-internal\n   /work/arjunguha-research-group/software/racket/collects/racket/../syntax/module-reader.rkt:67:9: wrap-internal/wrapper\n",
      "exit_code": 1,
      "status": "SyntaxError"
    },
    {
      "program": "#lang racket\n\n;; Write a function that matches a word containing 'z'.\n(define (text_match_wordz text)\n  (regexp-match* #rx\"\\w*z\\w*\" text))\n\n(require rackunit)\n\n(define (test-humaneval) \n\n  (let (( candidate text_match_wordz))\n    (check-equal? (candidate \"pythonz.\") #t)\n    (check-equal? (candidate \"xyz.\") #t)\n    (check-equal? (candidate \"  lang  .\") #f)\n))\n\n(test-humaneval)",
      "timestamp": 1665510606,
      "stdout": "",
      "stderr": "/tmp/tmpq762uoqa.rkt:5:17: read-syntax: unknown escape sequence `\\w` in string\n  context...:\n   /work/arjunguha-research-group/software/racket/collects/syntax/module-reader.rkt:186:17: body\n   /work/arjunguha-research-group/software/racket/collects/syntax/module-reader.rkt:183:2: wrap-internal\n   /work/arjunguha-research-group/software/racket/collects/racket/../syntax/module-reader.rkt:67:9: wrap-internal/wrapper\n",
      "exit_code": 1,
      "status": "SyntaxError"
    },
    {
      "program": "#lang racket\n\n;; Write a function that matches a word containing 'z'.\n(define (text_match_wordz text)\n  (regexp-match? #rx\"\\w*z\\w*\" text))\n\n(require rackunit)\n\n(define (test-humaneval) \n\n  (let (( candidate text_match_wordz))\n    (check-equal? (candidate \"pythonz.\") #t)\n    (check-equal? (candidate \"xyz.\") #t)\n    (check-equal? (candidate \"  lang  .\") #f)\n))\n\n(test-humaneval)",
      "timestamp": 1665510606,
      "stdout": "",
      "stderr": "/tmp/tmpzfsiqn7d.rkt:5:17: read-syntax: unknown escape sequence `\\w` in string\n  context...:\n   /work/arjunguha-research-group/software/racket/collects/syntax/module-reader.rkt:186:17: body\n   /work/arjunguha-research-group/software/racket/collects/syntax/module-reader.rkt:183:2: wrap-internal\n   /work/arjunguha-research-group/software/racket/collects/racket/../syntax/module-reader.rkt:67:9: wrap-internal/wrapper\n",
      "exit_code": 1,
      "status": "SyntaxError"
    },
    {
      "program": "#lang racket\n\n;; Write a function that matches a word containing 'z'.\n(define (text_match_wordz text)\n  (regexp-match? #rx\"\\w*z\\w*\" text))\n\n(require rackunit)\n\n(define (test-humaneval) \n\n  (let (( candidate text_match_wordz))\n    (check-equal? (candidate \"pythonz.\") #t)\n    (check-equal? (candidate \"xyz.\") #t)\n    (check-equal? (candidate \"  lang  .\") #f)\n))\n\n(test-humaneval)",
      "timestamp": 1665510606,
      "stdout": "",
      "stderr": "/tmp/tmpzfsiqn7d.rkt:5:17: read-syntax: unknown escape sequence `\\w` in string\n  context...:\n   /work/arjunguha-research-group/software/racket/collects/syntax/module-reader.rkt:186:17: body\n   /work/arjunguha-research-group/software/racket/collects/syntax/module-reader.rkt:183:2: wrap-internal\n   /work/arjunguha-research-group/software/racket/collects/racket/../syntax/module-reader.rkt:67:9: wrap-internal/wrapper\n",
      "exit_code": 1,
      "status": "SyntaxError"
    },
    {
      "program": "#lang racket\n\n;; Write a function that matches a word containing 'z'.\n(define (text_match_wordz text)\n  (regexp-match? #rx\"\\b[a-zA-Z]*z[a-zA-Z]*\\b\" text))\n\n(require rackunit)\n\n(define (test-humaneval) \n\n  (let (( candidate text_match_wordz))\n    (check-equal? (candidate \"pythonz.\") #t)\n    (check-equal? (candidate \"xyz.\") #t)\n    (check-equal? (candidate \"  lang  .\") #f)\n))\n\n(test-humaneval)",
      "timestamp": 1665510606,
      "stdout": "",
      "stderr": "--------------------\nFAILURE\nname:       check-equal?\nlocation:   /tmp/tmpedq99ff0.rkt:12:4\nactual:     #f\nexpected:   #t\n--------------------\n--------------------\nFAILURE\nname:       check-equal?\nlocation:   /tmp/tmpedq99ff0.rkt:13:4\nactual:     #f\nexpected:   #t\n--------------------\n",
      "exit_code": 0,
      "status": "Exception"
    }
  ]
}