{
  "name": "mbpp_310_string_to_tuple",
  "language": "rkt",
  "prompt": "#lang racket\n\n;; Write a function to convert a given string to a list of characters.\n(define (string_to_tuple str1)\n",
  "doctests": "transform",
  "original": "/home/arjun/repos/MultiPL-E/datasets/../datasets/mbpp-typed/mbpp_310_string_to_tuple.py",
  "prompt_terminology": "reworded",
  "tests": "(require rackunit)\n\n(define (test-humaneval) \n\n  (let (( candidate string_to_tuple))\n    (check-equal? (candidate \"python 3.0\") (list \"p\" \"y\" \"t\" \"h\" \"o\" \"n\" \"3\" \".\" \"0\"))\n    (check-equal? (candidate \"item1\") (list \"i\" \"t\" \"e\" \"m\" \"1\"))\n    (check-equal? (candidate \"15.10\") (list \"1\" \"5\" \".\" \"1\" \"0\"))\n))\n\n(test-humaneval)",
  "stop_tokens": [
    "\n(define ",
    "\n#|",
    "\n;",
    "\n("
  ],
  "results": [
    {
      "program": "#lang racket\n\n;; Write a function to convert a given string to a list of characters.\n(define (string_to_tuple str1)\n  (string->list str1))\n\n(require rackunit)\n\n(define (test-humaneval) \n\n  (let (( candidate string_to_tuple))\n    (check-equal? (candidate \"python 3.0\") (list \"p\" \"y\" \"t\" \"h\" \"o\" \"n\" \"3\" \".\" \"0\"))\n    (check-equal? (candidate \"item1\") (list \"i\" \"t\" \"e\" \"m\" \"1\"))\n    (check-equal? (candidate \"15.10\") (list \"1\" \"5\" \".\" \"1\" \"0\"))\n))\n\n(test-humaneval)",
      "timestamp": 1665510133,
      "stdout": "",
      "stderr": "--------------------\nFAILURE\nname:       check-equal?\nlocation:   /tmp/tmp3zqzmcy2.rkt:12:4\nactual:     '(#\\p #\\y #\\t #\\h #\\o #\\n #\\space #\\3 #\\. #\\0)\nexpected:   '(\"p\" \"y\" \"t\" \"h\" \"o\" \"n\" \"3\" \".\" \"0\")\n--------------------\n--------------------\nFAILURE\nname:       check-equal?\nlocation:   /tmp/tmp3zqzmcy2.rkt:13:4\nactual:     '(#\\i #\\t #\\e #\\m #\\1)\nexpected:   '(\"i\" \"t\" \"e\" \"m\" \"1\")\n--------------------\n--------------------\nFAILURE\nname:       check-equal?\nlocation:   /tmp/tmp3zqzmcy2.rkt:14:4\nactual:     '(#\\1 #\\5 #\\. #\\1 #\\0)\nexpected:   '(\"1\" \"5\" \".\" \"1\" \"0\")\n--------------------\n",
      "exit_code": 0,
      "status": "Exception"
    },
    {
      "program": "#lang racket\n\n;; Write a function to convert a given string to a list of characters.\n(define (string_to_tuple str1)\n  (tuple->list (string->tuple str1)))\n\n(require rackunit)\n\n(define (test-humaneval) \n\n  (let (( candidate string_to_tuple))\n    (check-equal? (candidate \"python 3.0\") (list \"p\" \"y\" \"t\" \"h\" \"o\" \"n\" \"3\" \".\" \"0\"))\n    (check-equal? (candidate \"item1\") (list \"i\" \"t\" \"e\" \"m\" \"1\"))\n    (check-equal? (candidate \"15.10\") (list \"1\" \"5\" \".\" \"1\" \"0\"))\n))\n\n(test-humaneval)",
      "timestamp": 1665510133,
      "stdout": "",
      "stderr": "/tmp/tmp0ojbk7pm.rkt:5:3: tuple->list: unbound identifier\n  in: tuple->list\n  location...:\n   /tmp/tmp0ojbk7pm.rkt:5:3\n",
      "exit_code": 1,
      "status": "Exception"
    },
    {
      "program": "#lang racket\n\n;; Write a function to convert a given string to a list of characters.\n(define (string_to_tuple str1)\n  (list->tuple (string->list str1)))\n\n(require rackunit)\n\n(define (test-humaneval) \n\n  (let (( candidate string_to_tuple))\n    (check-equal? (candidate \"python 3.0\") (list \"p\" \"y\" \"t\" \"h\" \"o\" \"n\" \"3\" \".\" \"0\"))\n    (check-equal? (candidate \"item1\") (list \"i\" \"t\" \"e\" \"m\" \"1\"))\n    (check-equal? (candidate \"15.10\") (list \"1\" \"5\" \".\" \"1\" \"0\"))\n))\n\n(test-humaneval)",
      "timestamp": 1665510133,
      "stdout": "",
      "stderr": "/tmp/tmpdikoswwi.rkt:5:3: list->tuple: unbound identifier\n  in: list->tuple\n  location...:\n   /tmp/tmpdikoswwi.rkt:5:3\n",
      "exit_code": 1,
      "status": "Exception"
    },
    {
      "program": "#lang racket\n\n;; Write a function to convert a given string to a list of characters.\n(define (string_to_tuple str1)\n  (string-&gt;list str1))\n\n(require rackunit)\n\n(define (test-humaneval) \n\n  (let (( candidate string_to_tuple))\n    (check-equal? (candidate \"python 3.0\") (list \"p\" \"y\" \"t\" \"h\" \"o\" \"n\" \"3\" \".\" \"0\"))\n    (check-equal? (candidate \"item1\") (list \"i\" \"t\" \"e\" \"m\" \"1\"))\n    (check-equal? (candidate \"15.10\") (list \"1\" \"5\" \".\" \"1\" \"0\"))\n))\n\n(test-humaneval)",
      "timestamp": 1665510133,
      "stdout": "",
      "stderr": "/tmp/tmp65qtae8x.rkt:5:2: read-syntax: expected a `)` to close `(`\n  possible cause: indentation suggests a missing `)` before line 7\n  context...:\n   /work/arjunguha-research-group/software/racket/collects/syntax/module-reader.rkt:186:17: body\n   /work/arjunguha-research-group/software/racket/collects/syntax/module-reader.rkt:183:2: wrap-internal\n   /work/arjunguha-research-group/software/racket/collects/racket/../syntax/module-reader.rkt:67:9: wrap-internal/wrapper\n",
      "exit_code": 1,
      "status": "SyntaxError"
    },
    {
      "program": "#lang racket\n\n;; Write a function to convert a given string to a list of characters.\n(define (string_to_tuple str1)\n  (string-&gt;list str1))\n\n(require rackunit)\n\n(define (test-humaneval) \n\n  (let (( candidate string_to_tuple))\n    (check-equal? (candidate \"python 3.0\") (list \"p\" \"y\" \"t\" \"h\" \"o\" \"n\" \"3\" \".\" \"0\"))\n    (check-equal? (candidate \"item1\") (list \"i\" \"t\" \"e\" \"m\" \"1\"))\n    (check-equal? (candidate \"15.10\") (list \"1\" \"5\" \".\" \"1\" \"0\"))\n))\n\n(test-humaneval)",
      "timestamp": 1665510133,
      "stdout": "",
      "stderr": "/tmp/tmp65qtae8x.rkt:5:2: read-syntax: expected a `)` to close `(`\n  possible cause: indentation suggests a missing `)` before line 7\n  context...:\n   /work/arjunguha-research-group/software/racket/collects/syntax/module-reader.rkt:186:17: body\n   /work/arjunguha-research-group/software/racket/collects/syntax/module-reader.rkt:183:2: wrap-internal\n   /work/arjunguha-research-group/software/racket/collects/racket/../syntax/module-reader.rkt:67:9: wrap-internal/wrapper\n",
      "exit_code": 1,
      "status": "SyntaxError"
    },
    {
      "program": "#lang racket\n\n;; Write a function to convert a given string to a list of characters.\n(define (string_to_tuple str1)\n  (string-&gt;list str1))\n\n(require rackunit)\n\n(define (test-humaneval) \n\n  (let (( candidate string_to_tuple))\n    (check-equal? (candidate \"python 3.0\") (list \"p\" \"y\" \"t\" \"h\" \"o\" \"n\" \"3\" \".\" \"0\"))\n    (check-equal? (candidate \"item1\") (list \"i\" \"t\" \"e\" \"m\" \"1\"))\n    (check-equal? (candidate \"15.10\") (list \"1\" \"5\" \".\" \"1\" \"0\"))\n))\n\n(test-humaneval)",
      "timestamp": 1665510133,
      "stdout": "",
      "stderr": "/tmp/tmp65qtae8x.rkt:5:2: read-syntax: expected a `)` to close `(`\n  possible cause: indentation suggests a missing `)` before line 7\n  context...:\n   /work/arjunguha-research-group/software/racket/collects/syntax/module-reader.rkt:186:17: body\n   /work/arjunguha-research-group/software/racket/collects/syntax/module-reader.rkt:183:2: wrap-internal\n   /work/arjunguha-research-group/software/racket/collects/racket/../syntax/module-reader.rkt:67:9: wrap-internal/wrapper\n",
      "exit_code": 1,
      "status": "SyntaxError"
    },
    {
      "program": "#lang racket\n\n;; Write a function to convert a given string to a list of characters.\n(define (string_to_tuple str1)\n  (string-&gt;list str1))\n\n(require rackunit)\n\n(define (test-humaneval) \n\n  (let (( candidate string_to_tuple))\n    (check-equal? (candidate \"python 3.0\") (list \"p\" \"y\" \"t\" \"h\" \"o\" \"n\" \"3\" \".\" \"0\"))\n    (check-equal? (candidate \"item1\") (list \"i\" \"t\" \"e\" \"m\" \"1\"))\n    (check-equal? (candidate \"15.10\") (list \"1\" \"5\" \".\" \"1\" \"0\"))\n))\n\n(test-humaneval)",
      "timestamp": 1665510133,
      "stdout": "",
      "stderr": "/tmp/tmp65qtae8x.rkt:5:2: read-syntax: expected a `)` to close `(`\n  possible cause: indentation suggests a missing `)` before line 7\n  context...:\n   /work/arjunguha-research-group/software/racket/collects/syntax/module-reader.rkt:186:17: body\n   /work/arjunguha-research-group/software/racket/collects/syntax/module-reader.rkt:183:2: wrap-internal\n   /work/arjunguha-research-group/software/racket/collects/racket/../syntax/module-reader.rkt:67:9: wrap-internal/wrapper\n",
      "exit_code": 1,
      "status": "SyntaxError"
    },
    {
      "program": "#lang racket\n\n;; Write a function to convert a given string to a list of characters.\n(define (string_to_tuple str1)\n  (string-&gt;list str1))\n\n(require rackunit)\n\n(define (test-humaneval) \n\n  (let (( candidate string_to_tuple))\n    (check-equal? (candidate \"python 3.0\") (list \"p\" \"y\" \"t\" \"h\" \"o\" \"n\" \"3\" \".\" \"0\"))\n    (check-equal? (candidate \"item1\") (list \"i\" \"t\" \"e\" \"m\" \"1\"))\n    (check-equal? (candidate \"15.10\") (list \"1\" \"5\" \".\" \"1\" \"0\"))\n))\n\n(test-humaneval)",
      "timestamp": 1665510133,
      "stdout": "",
      "stderr": "/tmp/tmp65qtae8x.rkt:5:2: read-syntax: expected a `)` to close `(`\n  possible cause: indentation suggests a missing `)` before line 7\n  context...:\n   /work/arjunguha-research-group/software/racket/collects/syntax/module-reader.rkt:186:17: body\n   /work/arjunguha-research-group/software/racket/collects/syntax/module-reader.rkt:183:2: wrap-internal\n   /work/arjunguha-research-group/software/racket/collects/racket/../syntax/module-reader.rkt:67:9: wrap-internal/wrapper\n",
      "exit_code": 1,
      "status": "SyntaxError"
    },
    {
      "program": "#lang racket\n\n;; Write a function to convert a given string to a list of characters.\n(define (string_to_tuple str1)\n  (string-&gt;list str1))\n\n(require rackunit)\n\n(define (test-humaneval) \n\n  (let (( candidate string_to_tuple))\n    (check-equal? (candidate \"python 3.0\") (list \"p\" \"y\" \"t\" \"h\" \"o\" \"n\" \"3\" \".\" \"0\"))\n    (check-equal? (candidate \"item1\") (list \"i\" \"t\" \"e\" \"m\" \"1\"))\n    (check-equal? (candidate \"15.10\") (list \"1\" \"5\" \".\" \"1\" \"0\"))\n))\n\n(test-humaneval)",
      "timestamp": 1665510133,
      "stdout": "",
      "stderr": "/tmp/tmp65qtae8x.rkt:5:2: read-syntax: expected a `)` to close `(`\n  possible cause: indentation suggests a missing `)` before line 7\n  context...:\n   /work/arjunguha-research-group/software/racket/collects/syntax/module-reader.rkt:186:17: body\n   /work/arjunguha-research-group/software/racket/collects/syntax/module-reader.rkt:183:2: wrap-internal\n   /work/arjunguha-research-group/software/racket/collects/racket/../syntax/module-reader.rkt:67:9: wrap-internal/wrapper\n",
      "exit_code": 1,
      "status": "SyntaxError"
    },
    {
      "program": "#lang racket\n\n;; Write a function to convert a given string to a list of characters.\n(define (string_to_tuple str1)\n  (string-&gt;list str1))\n\n(require rackunit)\n\n(define (test-humaneval) \n\n  (let (( candidate string_to_tuple))\n    (check-equal? (candidate \"python 3.0\") (list \"p\" \"y\" \"t\" \"h\" \"o\" \"n\" \"3\" \".\" \"0\"))\n    (check-equal? (candidate \"item1\") (list \"i\" \"t\" \"e\" \"m\" \"1\"))\n    (check-equal? (candidate \"15.10\") (list \"1\" \"5\" \".\" \"1\" \"0\"))\n))\n\n(test-humaneval)",
      "timestamp": 1665510133,
      "stdout": "",
      "stderr": "/tmp/tmp65qtae8x.rkt:5:2: read-syntax: expected a `)` to close `(`\n  possible cause: indentation suggests a missing `)` before line 7\n  context...:\n   /work/arjunguha-research-group/software/racket/collects/syntax/module-reader.rkt:186:17: body\n   /work/arjunguha-research-group/software/racket/collects/syntax/module-reader.rkt:183:2: wrap-internal\n   /work/arjunguha-research-group/software/racket/collects/racket/../syntax/module-reader.rkt:67:9: wrap-internal/wrapper\n",
      "exit_code": 1,
      "status": "SyntaxError"
    },
    {
      "program": "#lang racket\n\n;; Write a function to convert a given string to a list of characters.\n(define (string_to_tuple str1)\n  (string-&gt;list str1))\n\n(require rackunit)\n\n(define (test-humaneval) \n\n  (let (( candidate string_to_tuple))\n    (check-equal? (candidate \"python 3.0\") (list \"p\" \"y\" \"t\" \"h\" \"o\" \"n\" \"3\" \".\" \"0\"))\n    (check-equal? (candidate \"item1\") (list \"i\" \"t\" \"e\" \"m\" \"1\"))\n    (check-equal? (candidate \"15.10\") (list \"1\" \"5\" \".\" \"1\" \"0\"))\n))\n\n(test-humaneval)",
      "timestamp": 1665510133,
      "stdout": "",
      "stderr": "/tmp/tmp65qtae8x.rkt:5:2: read-syntax: expected a `)` to close `(`\n  possible cause: indentation suggests a missing `)` before line 7\n  context...:\n   /work/arjunguha-research-group/software/racket/collects/syntax/module-reader.rkt:186:17: body\n   /work/arjunguha-research-group/software/racket/collects/syntax/module-reader.rkt:183:2: wrap-internal\n   /work/arjunguha-research-group/software/racket/collects/racket/../syntax/module-reader.rkt:67:9: wrap-internal/wrapper\n",
      "exit_code": 1,
      "status": "SyntaxError"
    },
    {
      "program": "#lang racket\n\n;; Write a function to convert a given string to a list of characters.\n(define (string_to_tuple str1)\n  (list->tuple (string->list str1)))\n\n(require rackunit)\n\n(define (test-humaneval) \n\n  (let (( candidate string_to_tuple))\n    (check-equal? (candidate \"python 3.0\") (list \"p\" \"y\" \"t\" \"h\" \"o\" \"n\" \"3\" \".\" \"0\"))\n    (check-equal? (candidate \"item1\") (list \"i\" \"t\" \"e\" \"m\" \"1\"))\n    (check-equal? (candidate \"15.10\") (list \"1\" \"5\" \".\" \"1\" \"0\"))\n))\n\n(test-humaneval)",
      "timestamp": 1665510133,
      "stdout": "",
      "stderr": "/tmp/tmpdikoswwi.rkt:5:3: list->tuple: unbound identifier\n  in: list->tuple\n  location...:\n   /tmp/tmpdikoswwi.rkt:5:3\n",
      "exit_code": 1,
      "status": "Exception"
    },
    {
      "program": "#lang racket\n\n;; Write a function to convert a given string to a list of characters.\n(define (string_to_tuple str1)\n  (string-&gt;list str1))\n\n(require rackunit)\n\n(define (test-humaneval) \n\n  (let (( candidate string_to_tuple))\n    (check-equal? (candidate \"python 3.0\") (list \"p\" \"y\" \"t\" \"h\" \"o\" \"n\" \"3\" \".\" \"0\"))\n    (check-equal? (candidate \"item1\") (list \"i\" \"t\" \"e\" \"m\" \"1\"))\n    (check-equal? (candidate \"15.10\") (list \"1\" \"5\" \".\" \"1\" \"0\"))\n))\n\n(test-humaneval)",
      "timestamp": 1665510133,
      "stdout": "",
      "stderr": "/tmp/tmp65qtae8x.rkt:5:2: read-syntax: expected a `)` to close `(`\n  possible cause: indentation suggests a missing `)` before line 7\n  context...:\n   /work/arjunguha-research-group/software/racket/collects/syntax/module-reader.rkt:186:17: body\n   /work/arjunguha-research-group/software/racket/collects/syntax/module-reader.rkt:183:2: wrap-internal\n   /work/arjunguha-research-group/software/racket/collects/racket/../syntax/module-reader.rkt:67:9: wrap-internal/wrapper\n",
      "exit_code": 1,
      "status": "SyntaxError"
    },
    {
      "program": "#lang racket\n\n;; Write a function to convert a given string to a list of characters.\n(define (string_to_tuple str1)\n  (string-&gt;list str1))\n\n(require rackunit)\n\n(define (test-humaneval) \n\n  (let (( candidate string_to_tuple))\n    (check-equal? (candidate \"python 3.0\") (list \"p\" \"y\" \"t\" \"h\" \"o\" \"n\" \"3\" \".\" \"0\"))\n    (check-equal? (candidate \"item1\") (list \"i\" \"t\" \"e\" \"m\" \"1\"))\n    (check-equal? (candidate \"15.10\") (list \"1\" \"5\" \".\" \"1\" \"0\"))\n))\n\n(test-humaneval)",
      "timestamp": 1665510133,
      "stdout": "",
      "stderr": "/tmp/tmp65qtae8x.rkt:5:2: read-syntax: expected a `)` to close `(`\n  possible cause: indentation suggests a missing `)` before line 7\n  context...:\n   /work/arjunguha-research-group/software/racket/collects/syntax/module-reader.rkt:186:17: body\n   /work/arjunguha-research-group/software/racket/collects/syntax/module-reader.rkt:183:2: wrap-internal\n   /work/arjunguha-research-group/software/racket/collects/racket/../syntax/module-reader.rkt:67:9: wrap-internal/wrapper\n",
      "exit_code": 1,
      "status": "SyntaxError"
    },
    {
      "program": "#lang racket\n\n;; Write a function to convert a given string to a list of characters.\n(define (string_to_tuple str1)\n  (string-&gt;list str1))\n\n(require rackunit)\n\n(define (test-humaneval) \n\n  (let (( candidate string_to_tuple))\n    (check-equal? (candidate \"python 3.0\") (list \"p\" \"y\" \"t\" \"h\" \"o\" \"n\" \"3\" \".\" \"0\"))\n    (check-equal? (candidate \"item1\") (list \"i\" \"t\" \"e\" \"m\" \"1\"))\n    (check-equal? (candidate \"15.10\") (list \"1\" \"5\" \".\" \"1\" \"0\"))\n))\n\n(test-humaneval)",
      "timestamp": 1665510133,
      "stdout": "",
      "stderr": "/tmp/tmp65qtae8x.rkt:5:2: read-syntax: expected a `)` to close `(`\n  possible cause: indentation suggests a missing `)` before line 7\n  context...:\n   /work/arjunguha-research-group/software/racket/collects/syntax/module-reader.rkt:186:17: body\n   /work/arjunguha-research-group/software/racket/collects/syntax/module-reader.rkt:183:2: wrap-internal\n   /work/arjunguha-research-group/software/racket/collects/racket/../syntax/module-reader.rkt:67:9: wrap-internal/wrapper\n",
      "exit_code": 1,
      "status": "SyntaxError"
    },
    {
      "program": "#lang racket\n\n;; Write a function to convert a given string to a list of characters.\n(define (string_to_tuple str1)\n  (string-&gt;list str1))\n\n(require rackunit)\n\n(define (test-humaneval) \n\n  (let (( candidate string_to_tuple))\n    (check-equal? (candidate \"python 3.0\") (list \"p\" \"y\" \"t\" \"h\" \"o\" \"n\" \"3\" \".\" \"0\"))\n    (check-equal? (candidate \"item1\") (list \"i\" \"t\" \"e\" \"m\" \"1\"))\n    (check-equal? (candidate \"15.10\") (list \"1\" \"5\" \".\" \"1\" \"0\"))\n))\n\n(test-humaneval)",
      "timestamp": 1665510133,
      "stdout": "",
      "stderr": "/tmp/tmp65qtae8x.rkt:5:2: read-syntax: expected a `)` to close `(`\n  possible cause: indentation suggests a missing `)` before line 7\n  context...:\n   /work/arjunguha-research-group/software/racket/collects/syntax/module-reader.rkt:186:17: body\n   /work/arjunguha-research-group/software/racket/collects/syntax/module-reader.rkt:183:2: wrap-internal\n   /work/arjunguha-research-group/software/racket/collects/racket/../syntax/module-reader.rkt:67:9: wrap-internal/wrapper\n",
      "exit_code": 1,
      "status": "SyntaxError"
    },
    {
      "program": "#lang racket\n\n;; Write a function to convert a given string to a list of characters.\n(define (string_to_tuple str1)\n  (string-&gt;list str1))\n\n(require rackunit)\n\n(define (test-humaneval) \n\n  (let (( candidate string_to_tuple))\n    (check-equal? (candidate \"python 3.0\") (list \"p\" \"y\" \"t\" \"h\" \"o\" \"n\" \"3\" \".\" \"0\"))\n    (check-equal? (candidate \"item1\") (list \"i\" \"t\" \"e\" \"m\" \"1\"))\n    (check-equal? (candidate \"15.10\") (list \"1\" \"5\" \".\" \"1\" \"0\"))\n))\n\n(test-humaneval)",
      "timestamp": 1665510133,
      "stdout": "",
      "stderr": "/tmp/tmp65qtae8x.rkt:5:2: read-syntax: expected a `)` to close `(`\n  possible cause: indentation suggests a missing `)` before line 7\n  context...:\n   /work/arjunguha-research-group/software/racket/collects/syntax/module-reader.rkt:186:17: body\n   /work/arjunguha-research-group/software/racket/collects/syntax/module-reader.rkt:183:2: wrap-internal\n   /work/arjunguha-research-group/software/racket/collects/racket/../syntax/module-reader.rkt:67:9: wrap-internal/wrapper\n",
      "exit_code": 1,
      "status": "SyntaxError"
    },
    {
      "program": "#lang racket\n\n;; Write a function to convert a given string to a list of characters.\n(define (string_to_tuple str1)\n  (string-&gt;list str1))\n\n(require rackunit)\n\n(define (test-humaneval) \n\n  (let (( candidate string_to_tuple))\n    (check-equal? (candidate \"python 3.0\") (list \"p\" \"y\" \"t\" \"h\" \"o\" \"n\" \"3\" \".\" \"0\"))\n    (check-equal? (candidate \"item1\") (list \"i\" \"t\" \"e\" \"m\" \"1\"))\n    (check-equal? (candidate \"15.10\") (list \"1\" \"5\" \".\" \"1\" \"0\"))\n))\n\n(test-humaneval)",
      "timestamp": 1665510133,
      "stdout": "",
      "stderr": "/tmp/tmp65qtae8x.rkt:5:2: read-syntax: expected a `)` to close `(`\n  possible cause: indentation suggests a missing `)` before line 7\n  context...:\n   /work/arjunguha-research-group/software/racket/collects/syntax/module-reader.rkt:186:17: body\n   /work/arjunguha-research-group/software/racket/collects/syntax/module-reader.rkt:183:2: wrap-internal\n   /work/arjunguha-research-group/software/racket/collects/racket/../syntax/module-reader.rkt:67:9: wrap-internal/wrapper\n",
      "exit_code": 1,
      "status": "SyntaxError"
    },
    {
      "program": "#lang racket\n\n;; Write a function to convert a given string to a list of characters.\n(define (string_to_tuple str1)\n  (string->list str1))\n\n(require rackunit)\n\n(define (test-humaneval) \n\n  (let (( candidate string_to_tuple))\n    (check-equal? (candidate \"python 3.0\") (list \"p\" \"y\" \"t\" \"h\" \"o\" \"n\" \"3\" \".\" \"0\"))\n    (check-equal? (candidate \"item1\") (list \"i\" \"t\" \"e\" \"m\" \"1\"))\n    (check-equal? (candidate \"15.10\") (list \"1\" \"5\" \".\" \"1\" \"0\"))\n))\n\n(test-humaneval)",
      "timestamp": 1665510133,
      "stdout": "",
      "stderr": "--------------------\nFAILURE\nname:       check-equal?\nlocation:   /tmp/tmp3zqzmcy2.rkt:12:4\nactual:     '(#\\p #\\y #\\t #\\h #\\o #\\n #\\space #\\3 #\\. #\\0)\nexpected:   '(\"p\" \"y\" \"t\" \"h\" \"o\" \"n\" \"3\" \".\" \"0\")\n--------------------\n--------------------\nFAILURE\nname:       check-equal?\nlocation:   /tmp/tmp3zqzmcy2.rkt:13:4\nactual:     '(#\\i #\\t #\\e #\\m #\\1)\nexpected:   '(\"i\" \"t\" \"e\" \"m\" \"1\")\n--------------------\n--------------------\nFAILURE\nname:       check-equal?\nlocation:   /tmp/tmp3zqzmcy2.rkt:14:4\nactual:     '(#\\1 #\\5 #\\. #\\1 #\\0)\nexpected:   '(\"1\" \"5\" \".\" \"1\" \"0\")\n--------------------\n",
      "exit_code": 0,
      "status": "Exception"
    },
    {
      "program": "#lang racket\n\n;; Write a function to convert a given string to a list of characters.\n(define (string_to_tuple str1)\n  (string-&gt;list str1))\n\n(require rackunit)\n\n(define (test-humaneval) \n\n  (let (( candidate string_to_tuple))\n    (check-equal? (candidate \"python 3.0\") (list \"p\" \"y\" \"t\" \"h\" \"o\" \"n\" \"3\" \".\" \"0\"))\n    (check-equal? (candidate \"item1\") (list \"i\" \"t\" \"e\" \"m\" \"1\"))\n    (check-equal? (candidate \"15.10\") (list \"1\" \"5\" \".\" \"1\" \"0\"))\n))\n\n(test-humaneval)",
      "timestamp": 1665510133,
      "stdout": "",
      "stderr": "/tmp/tmp65qtae8x.rkt:5:2: read-syntax: expected a `)` to close `(`\n  possible cause: indentation suggests a missing `)` before line 7\n  context...:\n   /work/arjunguha-research-group/software/racket/collects/syntax/module-reader.rkt:186:17: body\n   /work/arjunguha-research-group/software/racket/collects/syntax/module-reader.rkt:183:2: wrap-internal\n   /work/arjunguha-research-group/software/racket/collects/racket/../syntax/module-reader.rkt:67:9: wrap-internal/wrapper\n",
      "exit_code": 1,
      "status": "SyntaxError"
    },
    {
      "program": "#lang racket\n\n;; Write a function to convert a given string to a list of characters.\n(define (string_to_tuple str1)\n  (string-&gt;list str1))\n\n(require rackunit)\n\n(define (test-humaneval) \n\n  (let (( candidate string_to_tuple))\n    (check-equal? (candidate \"python 3.0\") (list \"p\" \"y\" \"t\" \"h\" \"o\" \"n\" \"3\" \".\" \"0\"))\n    (check-equal? (candidate \"item1\") (list \"i\" \"t\" \"e\" \"m\" \"1\"))\n    (check-equal? (candidate \"15.10\") (list \"1\" \"5\" \".\" \"1\" \"0\"))\n))\n\n(test-humaneval)",
      "timestamp": 1665510133,
      "stdout": "",
      "stderr": "/tmp/tmp65qtae8x.rkt:5:2: read-syntax: expected a `)` to close `(`\n  possible cause: indentation suggests a missing `)` before line 7\n  context...:\n   /work/arjunguha-research-group/software/racket/collects/syntax/module-reader.rkt:186:17: body\n   /work/arjunguha-research-group/software/racket/collects/syntax/module-reader.rkt:183:2: wrap-internal\n   /work/arjunguha-research-group/software/racket/collects/racket/../syntax/module-reader.rkt:67:9: wrap-internal/wrapper\n",
      "exit_code": 1,
      "status": "SyntaxError"
    },
    {
      "program": "#lang racket\n\n;; Write a function to convert a given string to a list of characters.\n(define (string_to_tuple str1)\n  (string-&gt;list str1))\n\n(require rackunit)\n\n(define (test-humaneval) \n\n  (let (( candidate string_to_tuple))\n    (check-equal? (candidate \"python 3.0\") (list \"p\" \"y\" \"t\" \"h\" \"o\" \"n\" \"3\" \".\" \"0\"))\n    (check-equal? (candidate \"item1\") (list \"i\" \"t\" \"e\" \"m\" \"1\"))\n    (check-equal? (candidate \"15.10\") (list \"1\" \"5\" \".\" \"1\" \"0\"))\n))\n\n(test-humaneval)",
      "timestamp": 1665510133,
      "stdout": "",
      "stderr": "/tmp/tmp65qtae8x.rkt:5:2: read-syntax: expected a `)` to close `(`\n  possible cause: indentation suggests a missing `)` before line 7\n  context...:\n   /work/arjunguha-research-group/software/racket/collects/syntax/module-reader.rkt:186:17: body\n   /work/arjunguha-research-group/software/racket/collects/syntax/module-reader.rkt:183:2: wrap-internal\n   /work/arjunguha-research-group/software/racket/collects/racket/../syntax/module-reader.rkt:67:9: wrap-internal/wrapper\n",
      "exit_code": 1,
      "status": "SyntaxError"
    },
    {
      "program": "#lang racket\n\n;; Write a function to convert a given string to a list of characters.\n(define (string_to_tuple str1)\n  (string-&gt;list str1))\n\n(require rackunit)\n\n(define (test-humaneval) \n\n  (let (( candidate string_to_tuple))\n    (check-equal? (candidate \"python 3.0\") (list \"p\" \"y\" \"t\" \"h\" \"o\" \"n\" \"3\" \".\" \"0\"))\n    (check-equal? (candidate \"item1\") (list \"i\" \"t\" \"e\" \"m\" \"1\"))\n    (check-equal? (candidate \"15.10\") (list \"1\" \"5\" \".\" \"1\" \"0\"))\n))\n\n(test-humaneval)",
      "timestamp": 1665510133,
      "stdout": "",
      "stderr": "/tmp/tmp65qtae8x.rkt:5:2: read-syntax: expected a `)` to close `(`\n  possible cause: indentation suggests a missing `)` before line 7\n  context...:\n   /work/arjunguha-research-group/software/racket/collects/syntax/module-reader.rkt:186:17: body\n   /work/arjunguha-research-group/software/racket/collects/syntax/module-reader.rkt:183:2: wrap-internal\n   /work/arjunguha-research-group/software/racket/collects/racket/../syntax/module-reader.rkt:67:9: wrap-internal/wrapper\n",
      "exit_code": 1,
      "status": "SyntaxError"
    },
    {
      "program": "#lang racket\n\n;; Write a function to convert a given string to a list of characters.\n(define (string_to_tuple str1)\n  (string-&gt;list str1))\n\n(require rackunit)\n\n(define (test-humaneval) \n\n  (let (( candidate string_to_tuple))\n    (check-equal? (candidate \"python 3.0\") (list \"p\" \"y\" \"t\" \"h\" \"o\" \"n\" \"3\" \".\" \"0\"))\n    (check-equal? (candidate \"item1\") (list \"i\" \"t\" \"e\" \"m\" \"1\"))\n    (check-equal? (candidate \"15.10\") (list \"1\" \"5\" \".\" \"1\" \"0\"))\n))\n\n(test-humaneval)",
      "timestamp": 1665510133,
      "stdout": "",
      "stderr": "/tmp/tmp65qtae8x.rkt:5:2: read-syntax: expected a `)` to close `(`\n  possible cause: indentation suggests a missing `)` before line 7\n  context...:\n   /work/arjunguha-research-group/software/racket/collects/syntax/module-reader.rkt:186:17: body\n   /work/arjunguha-research-group/software/racket/collects/syntax/module-reader.rkt:183:2: wrap-internal\n   /work/arjunguha-research-group/software/racket/collects/racket/../syntax/module-reader.rkt:67:9: wrap-internal/wrapper\n",
      "exit_code": 1,
      "status": "SyntaxError"
    },
    {
      "program": "#lang racket\n\n;; Write a function to convert a given string to a list of characters.\n(define (string_to_tuple str1)\n  (string-&gt;list str1))\n\n(require rackunit)\n\n(define (test-humaneval) \n\n  (let (( candidate string_to_tuple))\n    (check-equal? (candidate \"python 3.0\") (list \"p\" \"y\" \"t\" \"h\" \"o\" \"n\" \"3\" \".\" \"0\"))\n    (check-equal? (candidate \"item1\") (list \"i\" \"t\" \"e\" \"m\" \"1\"))\n    (check-equal? (candidate \"15.10\") (list \"1\" \"5\" \".\" \"1\" \"0\"))\n))\n\n(test-humaneval)",
      "timestamp": 1665510133,
      "stdout": "",
      "stderr": "/tmp/tmp65qtae8x.rkt:5:2: read-syntax: expected a `)` to close `(`\n  possible cause: indentation suggests a missing `)` before line 7\n  context...:\n   /work/arjunguha-research-group/software/racket/collects/syntax/module-reader.rkt:186:17: body\n   /work/arjunguha-research-group/software/racket/collects/syntax/module-reader.rkt:183:2: wrap-internal\n   /work/arjunguha-research-group/software/racket/collects/racket/../syntax/module-reader.rkt:67:9: wrap-internal/wrapper\n",
      "exit_code": 1,
      "status": "SyntaxError"
    },
    {
      "program": "#lang racket\n\n;; Write a function to convert a given string to a list of characters.\n(define (string_to_tuple str1)\n  (string-&gt;list str1))\n\n(require rackunit)\n\n(define (test-humaneval) \n\n  (let (( candidate string_to_tuple))\n    (check-equal? (candidate \"python 3.0\") (list \"p\" \"y\" \"t\" \"h\" \"o\" \"n\" \"3\" \".\" \"0\"))\n    (check-equal? (candidate \"item1\") (list \"i\" \"t\" \"e\" \"m\" \"1\"))\n    (check-equal? (candidate \"15.10\") (list \"1\" \"5\" \".\" \"1\" \"0\"))\n))\n\n(test-humaneval)",
      "timestamp": 1665510133,
      "stdout": "",
      "stderr": "/tmp/tmp65qtae8x.rkt:5:2: read-syntax: expected a `)` to close `(`\n  possible cause: indentation suggests a missing `)` before line 7\n  context...:\n   /work/arjunguha-research-group/software/racket/collects/syntax/module-reader.rkt:186:17: body\n   /work/arjunguha-research-group/software/racket/collects/syntax/module-reader.rkt:183:2: wrap-internal\n   /work/arjunguha-research-group/software/racket/collects/racket/../syntax/module-reader.rkt:67:9: wrap-internal/wrapper\n",
      "exit_code": 1,
      "status": "SyntaxError"
    },
    {
      "program": "#lang racket\n\n;; Write a function to convert a given string to a list of characters.\n(define (string_to_tuple str1)\n  (string-&gt;list str1))\n\n(require rackunit)\n\n(define (test-humaneval) \n\n  (let (( candidate string_to_tuple))\n    (check-equal? (candidate \"python 3.0\") (list \"p\" \"y\" \"t\" \"h\" \"o\" \"n\" \"3\" \".\" \"0\"))\n    (check-equal? (candidate \"item1\") (list \"i\" \"t\" \"e\" \"m\" \"1\"))\n    (check-equal? (candidate \"15.10\") (list \"1\" \"5\" \".\" \"1\" \"0\"))\n))\n\n(test-humaneval)",
      "timestamp": 1665510133,
      "stdout": "",
      "stderr": "/tmp/tmp65qtae8x.rkt:5:2: read-syntax: expected a `)` to close `(`\n  possible cause: indentation suggests a missing `)` before line 7\n  context...:\n   /work/arjunguha-research-group/software/racket/collects/syntax/module-reader.rkt:186:17: body\n   /work/arjunguha-research-group/software/racket/collects/syntax/module-reader.rkt:183:2: wrap-internal\n   /work/arjunguha-research-group/software/racket/collects/racket/../syntax/module-reader.rkt:67:9: wrap-internal/wrapper\n",
      "exit_code": 1,
      "status": "SyntaxError"
    },
    {
      "program": "#lang racket\n\n;; Write a function to convert a given string to a list of characters.\n(define (string_to_tuple str1)\n  (string->list str1))\n\n(require rackunit)\n\n(define (test-humaneval) \n\n  (let (( candidate string_to_tuple))\n    (check-equal? (candidate \"python 3.0\") (list \"p\" \"y\" \"t\" \"h\" \"o\" \"n\" \"3\" \".\" \"0\"))\n    (check-equal? (candidate \"item1\") (list \"i\" \"t\" \"e\" \"m\" \"1\"))\n    (check-equal? (candidate \"15.10\") (list \"1\" \"5\" \".\" \"1\" \"0\"))\n))\n\n(test-humaneval)",
      "timestamp": 1665510133,
      "stdout": "",
      "stderr": "--------------------\nFAILURE\nname:       check-equal?\nlocation:   /tmp/tmp3zqzmcy2.rkt:12:4\nactual:     '(#\\p #\\y #\\t #\\h #\\o #\\n #\\space #\\3 #\\. #\\0)\nexpected:   '(\"p\" \"y\" \"t\" \"h\" \"o\" \"n\" \"3\" \".\" \"0\")\n--------------------\n--------------------\nFAILURE\nname:       check-equal?\nlocation:   /tmp/tmp3zqzmcy2.rkt:13:4\nactual:     '(#\\i #\\t #\\e #\\m #\\1)\nexpected:   '(\"i\" \"t\" \"e\" \"m\" \"1\")\n--------------------\n--------------------\nFAILURE\nname:       check-equal?\nlocation:   /tmp/tmp3zqzmcy2.rkt:14:4\nactual:     '(#\\1 #\\5 #\\. #\\1 #\\0)\nexpected:   '(\"1\" \"5\" \".\" \"1\" \"0\")\n--------------------\n",
      "exit_code": 0,
      "status": "Exception"
    },
    {
      "program": "#lang racket\n\n;; Write a function to convert a given string to a list of characters.\n(define (string_to_tuple str1)\n  (string-&gt;list str1))\n\n(require rackunit)\n\n(define (test-humaneval) \n\n  (let (( candidate string_to_tuple))\n    (check-equal? (candidate \"python 3.0\") (list \"p\" \"y\" \"t\" \"h\" \"o\" \"n\" \"3\" \".\" \"0\"))\n    (check-equal? (candidate \"item1\") (list \"i\" \"t\" \"e\" \"m\" \"1\"))\n    (check-equal? (candidate \"15.10\") (list \"1\" \"5\" \".\" \"1\" \"0\"))\n))\n\n(test-humaneval)",
      "timestamp": 1665510133,
      "stdout": "",
      "stderr": "/tmp/tmp65qtae8x.rkt:5:2: read-syntax: expected a `)` to close `(`\n  possible cause: indentation suggests a missing `)` before line 7\n  context...:\n   /work/arjunguha-research-group/software/racket/collects/syntax/module-reader.rkt:186:17: body\n   /work/arjunguha-research-group/software/racket/collects/syntax/module-reader.rkt:183:2: wrap-internal\n   /work/arjunguha-research-group/software/racket/collects/racket/../syntax/module-reader.rkt:67:9: wrap-internal/wrapper\n",
      "exit_code": 1,
      "status": "SyntaxError"
    },
    {
      "program": "#lang racket\n\n;; Write a function to convert a given string to a list of characters.\n(define (string_to_tuple str1)\n  (tuple->list (string-&gt;tuple str1)))\n\n(require rackunit)\n\n(define (test-humaneval) \n\n  (let (( candidate string_to_tuple))\n    (check-equal? (candidate \"python 3.0\") (list \"p\" \"y\" \"t\" \"h\" \"o\" \"n\" \"3\" \".\" \"0\"))\n    (check-equal? (candidate \"item1\") (list \"i\" \"t\" \"e\" \"m\" \"1\"))\n    (check-equal? (candidate \"15.10\") (list \"1\" \"5\" \".\" \"1\" \"0\"))\n))\n\n(test-humaneval)",
      "timestamp": 1666122957,
      "stdout": "",
      "stderr": "/tmp/tmpqb86tont.rkt:5:15: read-syntax: expected a `)` to close `(`\n  possible cause: indentation suggests a missing `)` before line 7\n  context...:\n   /work/arjunguha-research-group/software/racket/collects/syntax/module-reader.rkt:186:17: body\n   /work/arjunguha-research-group/software/racket/collects/syntax/module-reader.rkt:183:2: wrap-internal\n   /work/arjunguha-research-group/software/racket/collects/racket/../syntax/module-reader.rkt:67:9: wrap-internal/wrapper\n",
      "exit_code": 1,
      "status": "SyntaxError"
    },
    {
      "program": "#lang racket\n\n;; Write a function to convert a given string to a list of characters.\n(define (string_to_tuple str1)\n  (string->list str1))\n\n(require rackunit)\n\n(define (test-humaneval) \n\n  (let (( candidate string_to_tuple))\n    (check-equal? (candidate \"python 3.0\") (list \"p\" \"y\" \"t\" \"h\" \"o\" \"n\" \"3\" \".\" \"0\"))\n    (check-equal? (candidate \"item1\") (list \"i\" \"t\" \"e\" \"m\" \"1\"))\n    (check-equal? (candidate \"15.10\") (list \"1\" \"5\" \".\" \"1\" \"0\"))\n))\n\n(test-humaneval)",
      "timestamp": 1665510133,
      "stdout": "",
      "stderr": "--------------------\nFAILURE\nname:       check-equal?\nlocation:   /tmp/tmp3zqzmcy2.rkt:12:4\nactual:     '(#\\p #\\y #\\t #\\h #\\o #\\n #\\space #\\3 #\\. #\\0)\nexpected:   '(\"p\" \"y\" \"t\" \"h\" \"o\" \"n\" \"3\" \".\" \"0\")\n--------------------\n--------------------\nFAILURE\nname:       check-equal?\nlocation:   /tmp/tmp3zqzmcy2.rkt:13:4\nactual:     '(#\\i #\\t #\\e #\\m #\\1)\nexpected:   '(\"i\" \"t\" \"e\" \"m\" \"1\")\n--------------------\n--------------------\nFAILURE\nname:       check-equal?\nlocation:   /tmp/tmp3zqzmcy2.rkt:14:4\nactual:     '(#\\1 #\\5 #\\. #\\1 #\\0)\nexpected:   '(\"1\" \"5\" \".\" \"1\" \"0\")\n--------------------\n",
      "exit_code": 0,
      "status": "Exception"
    },
    {
      "program": "#lang racket\n\n;; Write a function to convert a given string to a list of characters.\n(define (string_to_tuple str1)\n  (string->list str1))\n\n(require rackunit)\n\n(define (test-humaneval) \n\n  (let (( candidate string_to_tuple))\n    (check-equal? (candidate \"python 3.0\") (list \"p\" \"y\" \"t\" \"h\" \"o\" \"n\" \"3\" \".\" \"0\"))\n    (check-equal? (candidate \"item1\") (list \"i\" \"t\" \"e\" \"m\" \"1\"))\n    (check-equal? (candidate \"15.10\") (list \"1\" \"5\" \".\" \"1\" \"0\"))\n))\n\n(test-humaneval)",
      "timestamp": 1665510133,
      "stdout": "",
      "stderr": "--------------------\nFAILURE\nname:       check-equal?\nlocation:   /tmp/tmp3zqzmcy2.rkt:12:4\nactual:     '(#\\p #\\y #\\t #\\h #\\o #\\n #\\space #\\3 #\\. #\\0)\nexpected:   '(\"p\" \"y\" \"t\" \"h\" \"o\" \"n\" \"3\" \".\" \"0\")\n--------------------\n--------------------\nFAILURE\nname:       check-equal?\nlocation:   /tmp/tmp3zqzmcy2.rkt:13:4\nactual:     '(#\\i #\\t #\\e #\\m #\\1)\nexpected:   '(\"i\" \"t\" \"e\" \"m\" \"1\")\n--------------------\n--------------------\nFAILURE\nname:       check-equal?\nlocation:   /tmp/tmp3zqzmcy2.rkt:14:4\nactual:     '(#\\1 #\\5 #\\. #\\1 #\\0)\nexpected:   '(\"1\" \"5\" \".\" \"1\" \"0\")\n--------------------\n",
      "exit_code": 0,
      "status": "Exception"
    },
    {
      "program": "#lang racket\n\n;; Write a function to convert a given string to a list of characters.\n(define (string_to_tuple str1)\n  (string-&gt;list str1))\n\n(require rackunit)\n\n(define (test-humaneval) \n\n  (let (( candidate string_to_tuple))\n    (check-equal? (candidate \"python 3.0\") (list \"p\" \"y\" \"t\" \"h\" \"o\" \"n\" \"3\" \".\" \"0\"))\n    (check-equal? (candidate \"item1\") (list \"i\" \"t\" \"e\" \"m\" \"1\"))\n    (check-equal? (candidate \"15.10\") (list \"1\" \"5\" \".\" \"1\" \"0\"))\n))\n\n(test-humaneval)",
      "timestamp": 1665510133,
      "stdout": "",
      "stderr": "/tmp/tmp65qtae8x.rkt:5:2: read-syntax: expected a `)` to close `(`\n  possible cause: indentation suggests a missing `)` before line 7\n  context...:\n   /work/arjunguha-research-group/software/racket/collects/syntax/module-reader.rkt:186:17: body\n   /work/arjunguha-research-group/software/racket/collects/syntax/module-reader.rkt:183:2: wrap-internal\n   /work/arjunguha-research-group/software/racket/collects/racket/../syntax/module-reader.rkt:67:9: wrap-internal/wrapper\n",
      "exit_code": 1,
      "status": "SyntaxError"
    },
    {
      "program": "#lang racket\n\n;; Write a function to convert a given string to a list of characters.\n(define (string_to_tuple str1)\n  (string-&gt;list str1))\n\n(require rackunit)\n\n(define (test-humaneval) \n\n  (let (( candidate string_to_tuple))\n    (check-equal? (candidate \"python 3.0\") (list \"p\" \"y\" \"t\" \"h\" \"o\" \"n\" \"3\" \".\" \"0\"))\n    (check-equal? (candidate \"item1\") (list \"i\" \"t\" \"e\" \"m\" \"1\"))\n    (check-equal? (candidate \"15.10\") (list \"1\" \"5\" \".\" \"1\" \"0\"))\n))\n\n(test-humaneval)",
      "timestamp": 1665510133,
      "stdout": "",
      "stderr": "/tmp/tmp65qtae8x.rkt:5:2: read-syntax: expected a `)` to close `(`\n  possible cause: indentation suggests a missing `)` before line 7\n  context...:\n   /work/arjunguha-research-group/software/racket/collects/syntax/module-reader.rkt:186:17: body\n   /work/arjunguha-research-group/software/racket/collects/syntax/module-reader.rkt:183:2: wrap-internal\n   /work/arjunguha-research-group/software/racket/collects/racket/../syntax/module-reader.rkt:67:9: wrap-internal/wrapper\n",
      "exit_code": 1,
      "status": "SyntaxError"
    },
    {
      "program": "#lang racket\n\n;; Write a function to convert a given string to a list of characters.\n(define (string_to_tuple str1)\n  (string->list str1))\n\n(require rackunit)\n\n(define (test-humaneval) \n\n  (let (( candidate string_to_tuple))\n    (check-equal? (candidate \"python 3.0\") (list \"p\" \"y\" \"t\" \"h\" \"o\" \"n\" \"3\" \".\" \"0\"))\n    (check-equal? (candidate \"item1\") (list \"i\" \"t\" \"e\" \"m\" \"1\"))\n    (check-equal? (candidate \"15.10\") (list \"1\" \"5\" \".\" \"1\" \"0\"))\n))\n\n(test-humaneval)",
      "timestamp": 1665510133,
      "stdout": "",
      "stderr": "--------------------\nFAILURE\nname:       check-equal?\nlocation:   /tmp/tmp3zqzmcy2.rkt:12:4\nactual:     '(#\\p #\\y #\\t #\\h #\\o #\\n #\\space #\\3 #\\. #\\0)\nexpected:   '(\"p\" \"y\" \"t\" \"h\" \"o\" \"n\" \"3\" \".\" \"0\")\n--------------------\n--------------------\nFAILURE\nname:       check-equal?\nlocation:   /tmp/tmp3zqzmcy2.rkt:13:4\nactual:     '(#\\i #\\t #\\e #\\m #\\1)\nexpected:   '(\"i\" \"t\" \"e\" \"m\" \"1\")\n--------------------\n--------------------\nFAILURE\nname:       check-equal?\nlocation:   /tmp/tmp3zqzmcy2.rkt:14:4\nactual:     '(#\\1 #\\5 #\\. #\\1 #\\0)\nexpected:   '(\"1\" \"5\" \".\" \"1\" \"0\")\n--------------------\n",
      "exit_code": 0,
      "status": "Exception"
    },
    {
      "program": "#lang racket\n\n;; Write a function to convert a given string to a list of characters.\n(define (string_to_tuple str1)\n  (string->list str1))\n\n(require rackunit)\n\n(define (test-humaneval) \n\n  (let (( candidate string_to_tuple))\n    (check-equal? (candidate \"python 3.0\") (list \"p\" \"y\" \"t\" \"h\" \"o\" \"n\" \"3\" \".\" \"0\"))\n    (check-equal? (candidate \"item1\") (list \"i\" \"t\" \"e\" \"m\" \"1\"))\n    (check-equal? (candidate \"15.10\") (list \"1\" \"5\" \".\" \"1\" \"0\"))\n))\n\n(test-humaneval)",
      "timestamp": 1665510133,
      "stdout": "",
      "stderr": "--------------------\nFAILURE\nname:       check-equal?\nlocation:   /tmp/tmp3zqzmcy2.rkt:12:4\nactual:     '(#\\p #\\y #\\t #\\h #\\o #\\n #\\space #\\3 #\\. #\\0)\nexpected:   '(\"p\" \"y\" \"t\" \"h\" \"o\" \"n\" \"3\" \".\" \"0\")\n--------------------\n--------------------\nFAILURE\nname:       check-equal?\nlocation:   /tmp/tmp3zqzmcy2.rkt:13:4\nactual:     '(#\\i #\\t #\\e #\\m #\\1)\nexpected:   '(\"i\" \"t\" \"e\" \"m\" \"1\")\n--------------------\n--------------------\nFAILURE\nname:       check-equal?\nlocation:   /tmp/tmp3zqzmcy2.rkt:14:4\nactual:     '(#\\1 #\\5 #\\. #\\1 #\\0)\nexpected:   '(\"1\" \"5\" \".\" \"1\" \"0\")\n--------------------\n",
      "exit_code": 0,
      "status": "Exception"
    },
    {
      "program": "#lang racket\n\n;; Write a function to convert a given string to a list of characters.\n(define (string_to_tuple str1)\n  (string-&gt;list str1))\n\n(require rackunit)\n\n(define (test-humaneval) \n\n  (let (( candidate string_to_tuple))\n    (check-equal? (candidate \"python 3.0\") (list \"p\" \"y\" \"t\" \"h\" \"o\" \"n\" \"3\" \".\" \"0\"))\n    (check-equal? (candidate \"item1\") (list \"i\" \"t\" \"e\" \"m\" \"1\"))\n    (check-equal? (candidate \"15.10\") (list \"1\" \"5\" \".\" \"1\" \"0\"))\n))\n\n(test-humaneval)",
      "timestamp": 1665510133,
      "stdout": "",
      "stderr": "/tmp/tmp65qtae8x.rkt:5:2: read-syntax: expected a `)` to close `(`\n  possible cause: indentation suggests a missing `)` before line 7\n  context...:\n   /work/arjunguha-research-group/software/racket/collects/syntax/module-reader.rkt:186:17: body\n   /work/arjunguha-research-group/software/racket/collects/syntax/module-reader.rkt:183:2: wrap-internal\n   /work/arjunguha-research-group/software/racket/collects/racket/../syntax/module-reader.rkt:67:9: wrap-internal/wrapper\n",
      "exit_code": 1,
      "status": "SyntaxError"
    },
    {
      "program": "#lang racket\n\n;; Write a function to convert a given string to a list of characters.\n(define (string_to_tuple str1)\n  (string-&gt;list str1))\n\n(require rackunit)\n\n(define (test-humaneval) \n\n  (let (( candidate string_to_tuple))\n    (check-equal? (candidate \"python 3.0\") (list \"p\" \"y\" \"t\" \"h\" \"o\" \"n\" \"3\" \".\" \"0\"))\n    (check-equal? (candidate \"item1\") (list \"i\" \"t\" \"e\" \"m\" \"1\"))\n    (check-equal? (candidate \"15.10\") (list \"1\" \"5\" \".\" \"1\" \"0\"))\n))\n\n(test-humaneval)",
      "timestamp": 1665510133,
      "stdout": "",
      "stderr": "/tmp/tmp65qtae8x.rkt:5:2: read-syntax: expected a `)` to close `(`\n  possible cause: indentation suggests a missing `)` before line 7\n  context...:\n   /work/arjunguha-research-group/software/racket/collects/syntax/module-reader.rkt:186:17: body\n   /work/arjunguha-research-group/software/racket/collects/syntax/module-reader.rkt:183:2: wrap-internal\n   /work/arjunguha-research-group/software/racket/collects/racket/../syntax/module-reader.rkt:67:9: wrap-internal/wrapper\n",
      "exit_code": 1,
      "status": "SyntaxError"
    },
    {
      "program": "#lang racket\n\n;; Write a function to convert a given string to a list of characters.\n(define (string_to_tuple str1)\n  (list->tuple (string->list str1)))\n\n(require rackunit)\n\n(define (test-humaneval) \n\n  (let (( candidate string_to_tuple))\n    (check-equal? (candidate \"python 3.0\") (list \"p\" \"y\" \"t\" \"h\" \"o\" \"n\" \"3\" \".\" \"0\"))\n    (check-equal? (candidate \"item1\") (list \"i\" \"t\" \"e\" \"m\" \"1\"))\n    (check-equal? (candidate \"15.10\") (list \"1\" \"5\" \".\" \"1\" \"0\"))\n))\n\n(test-humaneval)",
      "timestamp": 1665510133,
      "stdout": "",
      "stderr": "/tmp/tmpdikoswwi.rkt:5:3: list->tuple: unbound identifier\n  in: list->tuple\n  location...:\n   /tmp/tmpdikoswwi.rkt:5:3\n",
      "exit_code": 1,
      "status": "Exception"
    },
    {
      "program": "#lang racket\n\n;; Write a function to convert a given string to a list of characters.\n(define (string_to_tuple str1)\n  (string-&gt;list str1))\n\n(require rackunit)\n\n(define (test-humaneval) \n\n  (let (( candidate string_to_tuple))\n    (check-equal? (candidate \"python 3.0\") (list \"p\" \"y\" \"t\" \"h\" \"o\" \"n\" \"3\" \".\" \"0\"))\n    (check-equal? (candidate \"item1\") (list \"i\" \"t\" \"e\" \"m\" \"1\"))\n    (check-equal? (candidate \"15.10\") (list \"1\" \"5\" \".\" \"1\" \"0\"))\n))\n\n(test-humaneval)",
      "timestamp": 1665510133,
      "stdout": "",
      "stderr": "/tmp/tmp65qtae8x.rkt:5:2: read-syntax: expected a `)` to close `(`\n  possible cause: indentation suggests a missing `)` before line 7\n  context...:\n   /work/arjunguha-research-group/software/racket/collects/syntax/module-reader.rkt:186:17: body\n   /work/arjunguha-research-group/software/racket/collects/syntax/module-reader.rkt:183:2: wrap-internal\n   /work/arjunguha-research-group/software/racket/collects/racket/../syntax/module-reader.rkt:67:9: wrap-internal/wrapper\n",
      "exit_code": 1,
      "status": "SyntaxError"
    },
    {
      "program": "#lang racket\n\n;; Write a function to convert a given string to a list of characters.\n(define (string_to_tuple str1)\n  (string-&gt;list str1))\n\n(require rackunit)\n\n(define (test-humaneval) \n\n  (let (( candidate string_to_tuple))\n    (check-equal? (candidate \"python 3.0\") (list \"p\" \"y\" \"t\" \"h\" \"o\" \"n\" \"3\" \".\" \"0\"))\n    (check-equal? (candidate \"item1\") (list \"i\" \"t\" \"e\" \"m\" \"1\"))\n    (check-equal? (candidate \"15.10\") (list \"1\" \"5\" \".\" \"1\" \"0\"))\n))\n\n(test-humaneval)",
      "timestamp": 1665510133,
      "stdout": "",
      "stderr": "/tmp/tmp65qtae8x.rkt:5:2: read-syntax: expected a `)` to close `(`\n  possible cause: indentation suggests a missing `)` before line 7\n  context...:\n   /work/arjunguha-research-group/software/racket/collects/syntax/module-reader.rkt:186:17: body\n   /work/arjunguha-research-group/software/racket/collects/syntax/module-reader.rkt:183:2: wrap-internal\n   /work/arjunguha-research-group/software/racket/collects/racket/../syntax/module-reader.rkt:67:9: wrap-internal/wrapper\n",
      "exit_code": 1,
      "status": "SyntaxError"
    },
    {
      "program": "#lang racket\n\n;; Write a function to convert a given string to a list of characters.\n(define (string_to_tuple str1)\n  (string-&gt;list str1))\n\n(require rackunit)\n\n(define (test-humaneval) \n\n  (let (( candidate string_to_tuple))\n    (check-equal? (candidate \"python 3.0\") (list \"p\" \"y\" \"t\" \"h\" \"o\" \"n\" \"3\" \".\" \"0\"))\n    (check-equal? (candidate \"item1\") (list \"i\" \"t\" \"e\" \"m\" \"1\"))\n    (check-equal? (candidate \"15.10\") (list \"1\" \"5\" \".\" \"1\" \"0\"))\n))\n\n(test-humaneval)",
      "timestamp": 1665510133,
      "stdout": "",
      "stderr": "/tmp/tmp65qtae8x.rkt:5:2: read-syntax: expected a `)` to close `(`\n  possible cause: indentation suggests a missing `)` before line 7\n  context...:\n   /work/arjunguha-research-group/software/racket/collects/syntax/module-reader.rkt:186:17: body\n   /work/arjunguha-research-group/software/racket/collects/syntax/module-reader.rkt:183:2: wrap-internal\n   /work/arjunguha-research-group/software/racket/collects/racket/../syntax/module-reader.rkt:67:9: wrap-internal/wrapper\n",
      "exit_code": 1,
      "status": "SyntaxError"
    },
    {
      "program": "#lang racket\n\n;; Write a function to convert a given string to a list of characters.\n(define (string_to_tuple str1)\n  (let ([lst (string->list str1)])\n    (list->tuple lst)))\n\n(require rackunit)\n\n(define (test-humaneval) \n\n  (let (( candidate string_to_tuple))\n    (check-equal? (candidate \"python 3.0\") (list \"p\" \"y\" \"t\" \"h\" \"o\" \"n\" \"3\" \".\" \"0\"))\n    (check-equal? (candidate \"item1\") (list \"i\" \"t\" \"e\" \"m\" \"1\"))\n    (check-equal? (candidate \"15.10\") (list \"1\" \"5\" \".\" \"1\" \"0\"))\n))\n\n(test-humaneval)",
      "timestamp": 1666122958,
      "stdout": "",
      "stderr": "/tmp/tmptj7opnkw.rkt:6:5: list->tuple: unbound identifier\n  in: list->tuple\n  location...:\n   /tmp/tmptj7opnkw.rkt:6:5\n",
      "exit_code": 1,
      "status": "Exception"
    },
    {
      "program": "#lang racket\n\n;; Write a function to convert a given string to a list of characters.\n(define (string_to_tuple str1)\n  (list->tuple (string->list str1)))\n\n(require rackunit)\n\n(define (test-humaneval) \n\n  (let (( candidate string_to_tuple))\n    (check-equal? (candidate \"python 3.0\") (list \"p\" \"y\" \"t\" \"h\" \"o\" \"n\" \"3\" \".\" \"0\"))\n    (check-equal? (candidate \"item1\") (list \"i\" \"t\" \"e\" \"m\" \"1\"))\n    (check-equal? (candidate \"15.10\") (list \"1\" \"5\" \".\" \"1\" \"0\"))\n))\n\n(test-humaneval)",
      "timestamp": 1665510133,
      "stdout": "",
      "stderr": "/tmp/tmpdikoswwi.rkt:5:3: list->tuple: unbound identifier\n  in: list->tuple\n  location...:\n   /tmp/tmpdikoswwi.rkt:5:3\n",
      "exit_code": 1,
      "status": "Exception"
    },
    {
      "program": "#lang racket\n\n;; Write a function to convert a given string to a list of characters.\n(define (string_to_tuple str1)\n  (string-&gt;list str1))\n\n(require rackunit)\n\n(define (test-humaneval) \n\n  (let (( candidate string_to_tuple))\n    (check-equal? (candidate \"python 3.0\") (list \"p\" \"y\" \"t\" \"h\" \"o\" \"n\" \"3\" \".\" \"0\"))\n    (check-equal? (candidate \"item1\") (list \"i\" \"t\" \"e\" \"m\" \"1\"))\n    (check-equal? (candidate \"15.10\") (list \"1\" \"5\" \".\" \"1\" \"0\"))\n))\n\n(test-humaneval)",
      "timestamp": 1665510133,
      "stdout": "",
      "stderr": "/tmp/tmp65qtae8x.rkt:5:2: read-syntax: expected a `)` to close `(`\n  possible cause: indentation suggests a missing `)` before line 7\n  context...:\n   /work/arjunguha-research-group/software/racket/collects/syntax/module-reader.rkt:186:17: body\n   /work/arjunguha-research-group/software/racket/collects/syntax/module-reader.rkt:183:2: wrap-internal\n   /work/arjunguha-research-group/software/racket/collects/racket/../syntax/module-reader.rkt:67:9: wrap-internal/wrapper\n",
      "exit_code": 1,
      "status": "SyntaxError"
    },
    {
      "program": "#lang racket\n\n;; Write a function to convert a given string to a list of characters.\n(define (string_to_tuple str1)\n  (string-&gt;list str1))\n\n(require rackunit)\n\n(define (test-humaneval) \n\n  (let (( candidate string_to_tuple))\n    (check-equal? (candidate \"python 3.0\") (list \"p\" \"y\" \"t\" \"h\" \"o\" \"n\" \"3\" \".\" \"0\"))\n    (check-equal? (candidate \"item1\") (list \"i\" \"t\" \"e\" \"m\" \"1\"))\n    (check-equal? (candidate \"15.10\") (list \"1\" \"5\" \".\" \"1\" \"0\"))\n))\n\n(test-humaneval)",
      "timestamp": 1665510133,
      "stdout": "",
      "stderr": "/tmp/tmp65qtae8x.rkt:5:2: read-syntax: expected a `)` to close `(`\n  possible cause: indentation suggests a missing `)` before line 7\n  context...:\n   /work/arjunguha-research-group/software/racket/collects/syntax/module-reader.rkt:186:17: body\n   /work/arjunguha-research-group/software/racket/collects/syntax/module-reader.rkt:183:2: wrap-internal\n   /work/arjunguha-research-group/software/racket/collects/racket/../syntax/module-reader.rkt:67:9: wrap-internal/wrapper\n",
      "exit_code": 1,
      "status": "SyntaxError"
    },
    {
      "program": "#lang racket\n\n;; Write a function to convert a given string to a list of characters.\n(define (string_to_tuple str1)\n  (string-&gt;list str1))\n\n(require rackunit)\n\n(define (test-humaneval) \n\n  (let (( candidate string_to_tuple))\n    (check-equal? (candidate \"python 3.0\") (list \"p\" \"y\" \"t\" \"h\" \"o\" \"n\" \"3\" \".\" \"0\"))\n    (check-equal? (candidate \"item1\") (list \"i\" \"t\" \"e\" \"m\" \"1\"))\n    (check-equal? (candidate \"15.10\") (list \"1\" \"5\" \".\" \"1\" \"0\"))\n))\n\n(test-humaneval)",
      "timestamp": 1665510133,
      "stdout": "",
      "stderr": "/tmp/tmp65qtae8x.rkt:5:2: read-syntax: expected a `)` to close `(`\n  possible cause: indentation suggests a missing `)` before line 7\n  context...:\n   /work/arjunguha-research-group/software/racket/collects/syntax/module-reader.rkt:186:17: body\n   /work/arjunguha-research-group/software/racket/collects/syntax/module-reader.rkt:183:2: wrap-internal\n   /work/arjunguha-research-group/software/racket/collects/racket/../syntax/module-reader.rkt:67:9: wrap-internal/wrapper\n",
      "exit_code": 1,
      "status": "SyntaxError"
    },
    {
      "program": "#lang racket\n\n;; Write a function to convert a given string to a list of characters.\n(define (string_to_tuple str1)\n  (string-&gt;list str1))\n\n(require rackunit)\n\n(define (test-humaneval) \n\n  (let (( candidate string_to_tuple))\n    (check-equal? (candidate \"python 3.0\") (list \"p\" \"y\" \"t\" \"h\" \"o\" \"n\" \"3\" \".\" \"0\"))\n    (check-equal? (candidate \"item1\") (list \"i\" \"t\" \"e\" \"m\" \"1\"))\n    (check-equal? (candidate \"15.10\") (list \"1\" \"5\" \".\" \"1\" \"0\"))\n))\n\n(test-humaneval)",
      "timestamp": 1665510133,
      "stdout": "",
      "stderr": "/tmp/tmp65qtae8x.rkt:5:2: read-syntax: expected a `)` to close `(`\n  possible cause: indentation suggests a missing `)` before line 7\n  context...:\n   /work/arjunguha-research-group/software/racket/collects/syntax/module-reader.rkt:186:17: body\n   /work/arjunguha-research-group/software/racket/collects/syntax/module-reader.rkt:183:2: wrap-internal\n   /work/arjunguha-research-group/software/racket/collects/racket/../syntax/module-reader.rkt:67:9: wrap-internal/wrapper\n",
      "exit_code": 1,
      "status": "SyntaxError"
    },
    {
      "program": "#lang racket\n\n;; Write a function to convert a given string to a list of characters.\n(define (string_to_tuple str1)\n  (string-&gt;list str1))\n\n(require rackunit)\n\n(define (test-humaneval) \n\n  (let (( candidate string_to_tuple))\n    (check-equal? (candidate \"python 3.0\") (list \"p\" \"y\" \"t\" \"h\" \"o\" \"n\" \"3\" \".\" \"0\"))\n    (check-equal? (candidate \"item1\") (list \"i\" \"t\" \"e\" \"m\" \"1\"))\n    (check-equal? (candidate \"15.10\") (list \"1\" \"5\" \".\" \"1\" \"0\"))\n))\n\n(test-humaneval)",
      "timestamp": 1665510133,
      "stdout": "",
      "stderr": "/tmp/tmp65qtae8x.rkt:5:2: read-syntax: expected a `)` to close `(`\n  possible cause: indentation suggests a missing `)` before line 7\n  context...:\n   /work/arjunguha-research-group/software/racket/collects/syntax/module-reader.rkt:186:17: body\n   /work/arjunguha-research-group/software/racket/collects/syntax/module-reader.rkt:183:2: wrap-internal\n   /work/arjunguha-research-group/software/racket/collects/racket/../syntax/module-reader.rkt:67:9: wrap-internal/wrapper\n",
      "exit_code": 1,
      "status": "SyntaxError"
    },
    {
      "program": "#lang racket\n\n;; Write a function to convert a given string to a list of characters.\n(define (string_to_tuple str1)\n  (string->list str1))\n\n(require rackunit)\n\n(define (test-humaneval) \n\n  (let (( candidate string_to_tuple))\n    (check-equal? (candidate \"python 3.0\") (list \"p\" \"y\" \"t\" \"h\" \"o\" \"n\" \"3\" \".\" \"0\"))\n    (check-equal? (candidate \"item1\") (list \"i\" \"t\" \"e\" \"m\" \"1\"))\n    (check-equal? (candidate \"15.10\") (list \"1\" \"5\" \".\" \"1\" \"0\"))\n))\n\n(test-humaneval)",
      "timestamp": 1665510133,
      "stdout": "",
      "stderr": "--------------------\nFAILURE\nname:       check-equal?\nlocation:   /tmp/tmp3zqzmcy2.rkt:12:4\nactual:     '(#\\p #\\y #\\t #\\h #\\o #\\n #\\space #\\3 #\\. #\\0)\nexpected:   '(\"p\" \"y\" \"t\" \"h\" \"o\" \"n\" \"3\" \".\" \"0\")\n--------------------\n--------------------\nFAILURE\nname:       check-equal?\nlocation:   /tmp/tmp3zqzmcy2.rkt:13:4\nactual:     '(#\\i #\\t #\\e #\\m #\\1)\nexpected:   '(\"i\" \"t\" \"e\" \"m\" \"1\")\n--------------------\n--------------------\nFAILURE\nname:       check-equal?\nlocation:   /tmp/tmp3zqzmcy2.rkt:14:4\nactual:     '(#\\1 #\\5 #\\. #\\1 #\\0)\nexpected:   '(\"1\" \"5\" \".\" \"1\" \"0\")\n--------------------\n",
      "exit_code": 0,
      "status": "Exception"
    },
    {
      "program": "#lang racket\n\n;; Write a function to convert a given string to a list of characters.\n(define (string_to_tuple str1)\n  (string-&gt;list str1))\n\n(require rackunit)\n\n(define (test-humaneval) \n\n  (let (( candidate string_to_tuple))\n    (check-equal? (candidate \"python 3.0\") (list \"p\" \"y\" \"t\" \"h\" \"o\" \"n\" \"3\" \".\" \"0\"))\n    (check-equal? (candidate \"item1\") (list \"i\" \"t\" \"e\" \"m\" \"1\"))\n    (check-equal? (candidate \"15.10\") (list \"1\" \"5\" \".\" \"1\" \"0\"))\n))\n\n(test-humaneval)",
      "timestamp": 1665510133,
      "stdout": "",
      "stderr": "/tmp/tmp65qtae8x.rkt:5:2: read-syntax: expected a `)` to close `(`\n  possible cause: indentation suggests a missing `)` before line 7\n  context...:\n   /work/arjunguha-research-group/software/racket/collects/syntax/module-reader.rkt:186:17: body\n   /work/arjunguha-research-group/software/racket/collects/syntax/module-reader.rkt:183:2: wrap-internal\n   /work/arjunguha-research-group/software/racket/collects/racket/../syntax/module-reader.rkt:67:9: wrap-internal/wrapper\n",
      "exit_code": 1,
      "status": "SyntaxError"
    },
    {
      "program": "#lang racket\n\n;; Write a function to convert a given string to a list of characters.\n(define (string_to_tuple str1)\n  (list->tuple (string->list str1)))\n\n(require rackunit)\n\n(define (test-humaneval) \n\n  (let (( candidate string_to_tuple))\n    (check-equal? (candidate \"python 3.0\") (list \"p\" \"y\" \"t\" \"h\" \"o\" \"n\" \"3\" \".\" \"0\"))\n    (check-equal? (candidate \"item1\") (list \"i\" \"t\" \"e\" \"m\" \"1\"))\n    (check-equal? (candidate \"15.10\") (list \"1\" \"5\" \".\" \"1\" \"0\"))\n))\n\n(test-humaneval)",
      "timestamp": 1665510133,
      "stdout": "",
      "stderr": "/tmp/tmpdikoswwi.rkt:5:3: list->tuple: unbound identifier\n  in: list->tuple\n  location...:\n   /tmp/tmpdikoswwi.rkt:5:3\n",
      "exit_code": 1,
      "status": "Exception"
    },
    {
      "program": "#lang racket\n\n;; Write a function to convert a given string to a list of characters.\n(define (string_to_tuple str1)\n  (string->list str1))\n\n(require rackunit)\n\n(define (test-humaneval) \n\n  (let (( candidate string_to_tuple))\n    (check-equal? (candidate \"python 3.0\") (list \"p\" \"y\" \"t\" \"h\" \"o\" \"n\" \"3\" \".\" \"0\"))\n    (check-equal? (candidate \"item1\") (list \"i\" \"t\" \"e\" \"m\" \"1\"))\n    (check-equal? (candidate \"15.10\") (list \"1\" \"5\" \".\" \"1\" \"0\"))\n))\n\n(test-humaneval)",
      "timestamp": 1665510133,
      "stdout": "",
      "stderr": "--------------------\nFAILURE\nname:       check-equal?\nlocation:   /tmp/tmp3zqzmcy2.rkt:12:4\nactual:     '(#\\p #\\y #\\t #\\h #\\o #\\n #\\space #\\3 #\\. #\\0)\nexpected:   '(\"p\" \"y\" \"t\" \"h\" \"o\" \"n\" \"3\" \".\" \"0\")\n--------------------\n--------------------\nFAILURE\nname:       check-equal?\nlocation:   /tmp/tmp3zqzmcy2.rkt:13:4\nactual:     '(#\\i #\\t #\\e #\\m #\\1)\nexpected:   '(\"i\" \"t\" \"e\" \"m\" \"1\")\n--------------------\n--------------------\nFAILURE\nname:       check-equal?\nlocation:   /tmp/tmp3zqzmcy2.rkt:14:4\nactual:     '(#\\1 #\\5 #\\. #\\1 #\\0)\nexpected:   '(\"1\" \"5\" \".\" \"1\" \"0\")\n--------------------\n",
      "exit_code": 0,
      "status": "Exception"
    },
    {
      "program": "#lang racket\n\n;; Write a function to convert a given string to a list of characters.\n(define (string_to_tuple str1)\n  (string-&gt;list str1))\n\n(require rackunit)\n\n(define (test-humaneval) \n\n  (let (( candidate string_to_tuple))\n    (check-equal? (candidate \"python 3.0\") (list \"p\" \"y\" \"t\" \"h\" \"o\" \"n\" \"3\" \".\" \"0\"))\n    (check-equal? (candidate \"item1\") (list \"i\" \"t\" \"e\" \"m\" \"1\"))\n    (check-equal? (candidate \"15.10\") (list \"1\" \"5\" \".\" \"1\" \"0\"))\n))\n\n(test-humaneval)",
      "timestamp": 1665510133,
      "stdout": "",
      "stderr": "/tmp/tmp65qtae8x.rkt:5:2: read-syntax: expected a `)` to close `(`\n  possible cause: indentation suggests a missing `)` before line 7\n  context...:\n   /work/arjunguha-research-group/software/racket/collects/syntax/module-reader.rkt:186:17: body\n   /work/arjunguha-research-group/software/racket/collects/syntax/module-reader.rkt:183:2: wrap-internal\n   /work/arjunguha-research-group/software/racket/collects/racket/../syntax/module-reader.rkt:67:9: wrap-internal/wrapper\n",
      "exit_code": 1,
      "status": "SyntaxError"
    },
    {
      "program": "#lang racket\n\n;; Write a function to convert a given string to a list of characters.\n(define (string_to_tuple str1)\n  (string-&gt;list str1))\n\n(require rackunit)\n\n(define (test-humaneval) \n\n  (let (( candidate string_to_tuple))\n    (check-equal? (candidate \"python 3.0\") (list \"p\" \"y\" \"t\" \"h\" \"o\" \"n\" \"3\" \".\" \"0\"))\n    (check-equal? (candidate \"item1\") (list \"i\" \"t\" \"e\" \"m\" \"1\"))\n    (check-equal? (candidate \"15.10\") (list \"1\" \"5\" \".\" \"1\" \"0\"))\n))\n\n(test-humaneval)",
      "timestamp": 1665510133,
      "stdout": "",
      "stderr": "/tmp/tmp65qtae8x.rkt:5:2: read-syntax: expected a `)` to close `(`\n  possible cause: indentation suggests a missing `)` before line 7\n  context...:\n   /work/arjunguha-research-group/software/racket/collects/syntax/module-reader.rkt:186:17: body\n   /work/arjunguha-research-group/software/racket/collects/syntax/module-reader.rkt:183:2: wrap-internal\n   /work/arjunguha-research-group/software/racket/collects/racket/../syntax/module-reader.rkt:67:9: wrap-internal/wrapper\n",
      "exit_code": 1,
      "status": "SyntaxError"
    },
    {
      "program": "#lang racket\n\n;; Write a function to convert a given string to a list of characters.\n(define (string_to_tuple str1)\n  (string-&gt;list str1))\n\n(require rackunit)\n\n(define (test-humaneval) \n\n  (let (( candidate string_to_tuple))\n    (check-equal? (candidate \"python 3.0\") (list \"p\" \"y\" \"t\" \"h\" \"o\" \"n\" \"3\" \".\" \"0\"))\n    (check-equal? (candidate \"item1\") (list \"i\" \"t\" \"e\" \"m\" \"1\"))\n    (check-equal? (candidate \"15.10\") (list \"1\" \"5\" \".\" \"1\" \"0\"))\n))\n\n(test-humaneval)",
      "timestamp": 1665510133,
      "stdout": "",
      "stderr": "/tmp/tmp65qtae8x.rkt:5:2: read-syntax: expected a `)` to close `(`\n  possible cause: indentation suggests a missing `)` before line 7\n  context...:\n   /work/arjunguha-research-group/software/racket/collects/syntax/module-reader.rkt:186:17: body\n   /work/arjunguha-research-group/software/racket/collects/syntax/module-reader.rkt:183:2: wrap-internal\n   /work/arjunguha-research-group/software/racket/collects/racket/../syntax/module-reader.rkt:67:9: wrap-internal/wrapper\n",
      "exit_code": 1,
      "status": "SyntaxError"
    },
    {
      "program": "#lang racket\n\n;; Write a function to convert a given string to a list of characters.\n(define (string_to_tuple str1)\n  (list->tuple (string->list str1)))\n\n(require rackunit)\n\n(define (test-humaneval) \n\n  (let (( candidate string_to_tuple))\n    (check-equal? (candidate \"python 3.0\") (list \"p\" \"y\" \"t\" \"h\" \"o\" \"n\" \"3\" \".\" \"0\"))\n    (check-equal? (candidate \"item1\") (list \"i\" \"t\" \"e\" \"m\" \"1\"))\n    (check-equal? (candidate \"15.10\") (list \"1\" \"5\" \".\" \"1\" \"0\"))\n))\n\n(test-humaneval)",
      "timestamp": 1665510133,
      "stdout": "",
      "stderr": "/tmp/tmpdikoswwi.rkt:5:3: list->tuple: unbound identifier\n  in: list->tuple\n  location...:\n   /tmp/tmpdikoswwi.rkt:5:3\n",
      "exit_code": 1,
      "status": "Exception"
    },
    {
      "program": "#lang racket\n\n;; Write a function to convert a given string to a list of characters.\n(define (string_to_tuple str1)\n  (string-&gt;list str1))\n\n(require rackunit)\n\n(define (test-humaneval) \n\n  (let (( candidate string_to_tuple))\n    (check-equal? (candidate \"python 3.0\") (list \"p\" \"y\" \"t\" \"h\" \"o\" \"n\" \"3\" \".\" \"0\"))\n    (check-equal? (candidate \"item1\") (list \"i\" \"t\" \"e\" \"m\" \"1\"))\n    (check-equal? (candidate \"15.10\") (list \"1\" \"5\" \".\" \"1\" \"0\"))\n))\n\n(test-humaneval)",
      "timestamp": 1665510133,
      "stdout": "",
      "stderr": "/tmp/tmp65qtae8x.rkt:5:2: read-syntax: expected a `)` to close `(`\n  possible cause: indentation suggests a missing `)` before line 7\n  context...:\n   /work/arjunguha-research-group/software/racket/collects/syntax/module-reader.rkt:186:17: body\n   /work/arjunguha-research-group/software/racket/collects/syntax/module-reader.rkt:183:2: wrap-internal\n   /work/arjunguha-research-group/software/racket/collects/racket/../syntax/module-reader.rkt:67:9: wrap-internal/wrapper\n",
      "exit_code": 1,
      "status": "SyntaxError"
    },
    {
      "program": "#lang racket\n\n;; Write a function to convert a given string to a list of characters.\n(define (string_to_tuple str1)\n  (string-&gt;list str1))\n\n(require rackunit)\n\n(define (test-humaneval) \n\n  (let (( candidate string_to_tuple))\n    (check-equal? (candidate \"python 3.0\") (list \"p\" \"y\" \"t\" \"h\" \"o\" \"n\" \"3\" \".\" \"0\"))\n    (check-equal? (candidate \"item1\") (list \"i\" \"t\" \"e\" \"m\" \"1\"))\n    (check-equal? (candidate \"15.10\") (list \"1\" \"5\" \".\" \"1\" \"0\"))\n))\n\n(test-humaneval)",
      "timestamp": 1665510133,
      "stdout": "",
      "stderr": "/tmp/tmp65qtae8x.rkt:5:2: read-syntax: expected a `)` to close `(`\n  possible cause: indentation suggests a missing `)` before line 7\n  context...:\n   /work/arjunguha-research-group/software/racket/collects/syntax/module-reader.rkt:186:17: body\n   /work/arjunguha-research-group/software/racket/collects/syntax/module-reader.rkt:183:2: wrap-internal\n   /work/arjunguha-research-group/software/racket/collects/racket/../syntax/module-reader.rkt:67:9: wrap-internal/wrapper\n",
      "exit_code": 1,
      "status": "SyntaxError"
    },
    {
      "program": "#lang racket\n\n;; Write a function to convert a given string to a list of characters.\n(define (string_to_tuple str1)\n  (string->list str1))\n\n(require rackunit)\n\n(define (test-humaneval) \n\n  (let (( candidate string_to_tuple))\n    (check-equal? (candidate \"python 3.0\") (list \"p\" \"y\" \"t\" \"h\" \"o\" \"n\" \"3\" \".\" \"0\"))\n    (check-equal? (candidate \"item1\") (list \"i\" \"t\" \"e\" \"m\" \"1\"))\n    (check-equal? (candidate \"15.10\") (list \"1\" \"5\" \".\" \"1\" \"0\"))\n))\n\n(test-humaneval)",
      "timestamp": 1665510133,
      "stdout": "",
      "stderr": "--------------------\nFAILURE\nname:       check-equal?\nlocation:   /tmp/tmp3zqzmcy2.rkt:12:4\nactual:     '(#\\p #\\y #\\t #\\h #\\o #\\n #\\space #\\3 #\\. #\\0)\nexpected:   '(\"p\" \"y\" \"t\" \"h\" \"o\" \"n\" \"3\" \".\" \"0\")\n--------------------\n--------------------\nFAILURE\nname:       check-equal?\nlocation:   /tmp/tmp3zqzmcy2.rkt:13:4\nactual:     '(#\\i #\\t #\\e #\\m #\\1)\nexpected:   '(\"i\" \"t\" \"e\" \"m\" \"1\")\n--------------------\n--------------------\nFAILURE\nname:       check-equal?\nlocation:   /tmp/tmp3zqzmcy2.rkt:14:4\nactual:     '(#\\1 #\\5 #\\. #\\1 #\\0)\nexpected:   '(\"1\" \"5\" \".\" \"1\" \"0\")\n--------------------\n",
      "exit_code": 0,
      "status": "Exception"
    },
    {
      "program": "#lang racket\n\n;; Write a function to convert a given string to a list of characters.\n(define (string_to_tuple str1)\n  (string-&gt;list str1))\n\n(require rackunit)\n\n(define (test-humaneval) \n\n  (let (( candidate string_to_tuple))\n    (check-equal? (candidate \"python 3.0\") (list \"p\" \"y\" \"t\" \"h\" \"o\" \"n\" \"3\" \".\" \"0\"))\n    (check-equal? (candidate \"item1\") (list \"i\" \"t\" \"e\" \"m\" \"1\"))\n    (check-equal? (candidate \"15.10\") (list \"1\" \"5\" \".\" \"1\" \"0\"))\n))\n\n(test-humaneval)",
      "timestamp": 1665510133,
      "stdout": "",
      "stderr": "/tmp/tmp65qtae8x.rkt:5:2: read-syntax: expected a `)` to close `(`\n  possible cause: indentation suggests a missing `)` before line 7\n  context...:\n   /work/arjunguha-research-group/software/racket/collects/syntax/module-reader.rkt:186:17: body\n   /work/arjunguha-research-group/software/racket/collects/syntax/module-reader.rkt:183:2: wrap-internal\n   /work/arjunguha-research-group/software/racket/collects/racket/../syntax/module-reader.rkt:67:9: wrap-internal/wrapper\n",
      "exit_code": 1,
      "status": "SyntaxError"
    },
    {
      "program": "#lang racket\n\n;; Write a function to convert a given string to a list of characters.\n(define (string_to_tuple str1)\n  (string->list str1))\n\n(require rackunit)\n\n(define (test-humaneval) \n\n  (let (( candidate string_to_tuple))\n    (check-equal? (candidate \"python 3.0\") (list \"p\" \"y\" \"t\" \"h\" \"o\" \"n\" \"3\" \".\" \"0\"))\n    (check-equal? (candidate \"item1\") (list \"i\" \"t\" \"e\" \"m\" \"1\"))\n    (check-equal? (candidate \"15.10\") (list \"1\" \"5\" \".\" \"1\" \"0\"))\n))\n\n(test-humaneval)",
      "timestamp": 1665510133,
      "stdout": "",
      "stderr": "--------------------\nFAILURE\nname:       check-equal?\nlocation:   /tmp/tmp3zqzmcy2.rkt:12:4\nactual:     '(#\\p #\\y #\\t #\\h #\\o #\\n #\\space #\\3 #\\. #\\0)\nexpected:   '(\"p\" \"y\" \"t\" \"h\" \"o\" \"n\" \"3\" \".\" \"0\")\n--------------------\n--------------------\nFAILURE\nname:       check-equal?\nlocation:   /tmp/tmp3zqzmcy2.rkt:13:4\nactual:     '(#\\i #\\t #\\e #\\m #\\1)\nexpected:   '(\"i\" \"t\" \"e\" \"m\" \"1\")\n--------------------\n--------------------\nFAILURE\nname:       check-equal?\nlocation:   /tmp/tmp3zqzmcy2.rkt:14:4\nactual:     '(#\\1 #\\5 #\\. #\\1 #\\0)\nexpected:   '(\"1\" \"5\" \".\" \"1\" \"0\")\n--------------------\n",
      "exit_code": 0,
      "status": "Exception"
    },
    {
      "program": "#lang racket\n\n;; Write a function to convert a given string to a list of characters.\n(define (string_to_tuple str1)\n  (string->list str1))\n\n(require rackunit)\n\n(define (test-humaneval) \n\n  (let (( candidate string_to_tuple))\n    (check-equal? (candidate \"python 3.0\") (list \"p\" \"y\" \"t\" \"h\" \"o\" \"n\" \"3\" \".\" \"0\"))\n    (check-equal? (candidate \"item1\") (list \"i\" \"t\" \"e\" \"m\" \"1\"))\n    (check-equal? (candidate \"15.10\") (list \"1\" \"5\" \".\" \"1\" \"0\"))\n))\n\n(test-humaneval)",
      "timestamp": 1665510133,
      "stdout": "",
      "stderr": "--------------------\nFAILURE\nname:       check-equal?\nlocation:   /tmp/tmp3zqzmcy2.rkt:12:4\nactual:     '(#\\p #\\y #\\t #\\h #\\o #\\n #\\space #\\3 #\\. #\\0)\nexpected:   '(\"p\" \"y\" \"t\" \"h\" \"o\" \"n\" \"3\" \".\" \"0\")\n--------------------\n--------------------\nFAILURE\nname:       check-equal?\nlocation:   /tmp/tmp3zqzmcy2.rkt:13:4\nactual:     '(#\\i #\\t #\\e #\\m #\\1)\nexpected:   '(\"i\" \"t\" \"e\" \"m\" \"1\")\n--------------------\n--------------------\nFAILURE\nname:       check-equal?\nlocation:   /tmp/tmp3zqzmcy2.rkt:14:4\nactual:     '(#\\1 #\\5 #\\. #\\1 #\\0)\nexpected:   '(\"1\" \"5\" \".\" \"1\" \"0\")\n--------------------\n",
      "exit_code": 0,
      "status": "Exception"
    },
    {
      "program": "#lang racket\n\n;; Write a function to convert a given string to a list of characters.\n(define (string_to_tuple str1)\n  (string->list str1))\n\n(require rackunit)\n\n(define (test-humaneval) \n\n  (let (( candidate string_to_tuple))\n    (check-equal? (candidate \"python 3.0\") (list \"p\" \"y\" \"t\" \"h\" \"o\" \"n\" \"3\" \".\" \"0\"))\n    (check-equal? (candidate \"item1\") (list \"i\" \"t\" \"e\" \"m\" \"1\"))\n    (check-equal? (candidate \"15.10\") (list \"1\" \"5\" \".\" \"1\" \"0\"))\n))\n\n(test-humaneval)",
      "timestamp": 1665510133,
      "stdout": "",
      "stderr": "--------------------\nFAILURE\nname:       check-equal?\nlocation:   /tmp/tmp3zqzmcy2.rkt:12:4\nactual:     '(#\\p #\\y #\\t #\\h #\\o #\\n #\\space #\\3 #\\. #\\0)\nexpected:   '(\"p\" \"y\" \"t\" \"h\" \"o\" \"n\" \"3\" \".\" \"0\")\n--------------------\n--------------------\nFAILURE\nname:       check-equal?\nlocation:   /tmp/tmp3zqzmcy2.rkt:13:4\nactual:     '(#\\i #\\t #\\e #\\m #\\1)\nexpected:   '(\"i\" \"t\" \"e\" \"m\" \"1\")\n--------------------\n--------------------\nFAILURE\nname:       check-equal?\nlocation:   /tmp/tmp3zqzmcy2.rkt:14:4\nactual:     '(#\\1 #\\5 #\\. #\\1 #\\0)\nexpected:   '(\"1\" \"5\" \".\" \"1\" \"0\")\n--------------------\n",
      "exit_code": 0,
      "status": "Exception"
    },
    {
      "program": "#lang racket\n\n;; Write a function to convert a given string to a list of characters.\n(define (string_to_tuple str1)\n  (tuple->list (string->tuple str1)))\n\n(require rackunit)\n\n(define (test-humaneval) \n\n  (let (( candidate string_to_tuple))\n    (check-equal? (candidate \"python 3.0\") (list \"p\" \"y\" \"t\" \"h\" \"o\" \"n\" \"3\" \".\" \"0\"))\n    (check-equal? (candidate \"item1\") (list \"i\" \"t\" \"e\" \"m\" \"1\"))\n    (check-equal? (candidate \"15.10\") (list \"1\" \"5\" \".\" \"1\" \"0\"))\n))\n\n(test-humaneval)",
      "timestamp": 1665510133,
      "stdout": "",
      "stderr": "/tmp/tmp0ojbk7pm.rkt:5:3: tuple->list: unbound identifier\n  in: tuple->list\n  location...:\n   /tmp/tmp0ojbk7pm.rkt:5:3\n",
      "exit_code": 1,
      "status": "Exception"
    },
    {
      "program": "#lang racket\n\n;; Write a function to convert a given string to a list of characters.\n(define (string_to_tuple str1)\n  (string-&gt;list str1))\n\n(require rackunit)\n\n(define (test-humaneval) \n\n  (let (( candidate string_to_tuple))\n    (check-equal? (candidate \"python 3.0\") (list \"p\" \"y\" \"t\" \"h\" \"o\" \"n\" \"3\" \".\" \"0\"))\n    (check-equal? (candidate \"item1\") (list \"i\" \"t\" \"e\" \"m\" \"1\"))\n    (check-equal? (candidate \"15.10\") (list \"1\" \"5\" \".\" \"1\" \"0\"))\n))\n\n(test-humaneval)",
      "timestamp": 1665510133,
      "stdout": "",
      "stderr": "/tmp/tmp65qtae8x.rkt:5:2: read-syntax: expected a `)` to close `(`\n  possible cause: indentation suggests a missing `)` before line 7\n  context...:\n   /work/arjunguha-research-group/software/racket/collects/syntax/module-reader.rkt:186:17: body\n   /work/arjunguha-research-group/software/racket/collects/syntax/module-reader.rkt:183:2: wrap-internal\n   /work/arjunguha-research-group/software/racket/collects/racket/../syntax/module-reader.rkt:67:9: wrap-internal/wrapper\n",
      "exit_code": 1,
      "status": "SyntaxError"
    },
    {
      "program": "#lang racket\n\n;; Write a function to convert a given string to a list of characters.\n(define (string_to_tuple str1)\n  (string-&gt;list str1))\n\n(require rackunit)\n\n(define (test-humaneval) \n\n  (let (( candidate string_to_tuple))\n    (check-equal? (candidate \"python 3.0\") (list \"p\" \"y\" \"t\" \"h\" \"o\" \"n\" \"3\" \".\" \"0\"))\n    (check-equal? (candidate \"item1\") (list \"i\" \"t\" \"e\" \"m\" \"1\"))\n    (check-equal? (candidate \"15.10\") (list \"1\" \"5\" \".\" \"1\" \"0\"))\n))\n\n(test-humaneval)",
      "timestamp": 1665510133,
      "stdout": "",
      "stderr": "/tmp/tmp65qtae8x.rkt:5:2: read-syntax: expected a `)` to close `(`\n  possible cause: indentation suggests a missing `)` before line 7\n  context...:\n   /work/arjunguha-research-group/software/racket/collects/syntax/module-reader.rkt:186:17: body\n   /work/arjunguha-research-group/software/racket/collects/syntax/module-reader.rkt:183:2: wrap-internal\n   /work/arjunguha-research-group/software/racket/collects/racket/../syntax/module-reader.rkt:67:9: wrap-internal/wrapper\n",
      "exit_code": 1,
      "status": "SyntaxError"
    },
    {
      "program": "#lang racket\n\n;; Write a function to convert a given string to a list of characters.\n(define (string_to_tuple str1)\n  (string->list str1))\n\n(require rackunit)\n\n(define (test-humaneval) \n\n  (let (( candidate string_to_tuple))\n    (check-equal? (candidate \"python 3.0\") (list \"p\" \"y\" \"t\" \"h\" \"o\" \"n\" \"3\" \".\" \"0\"))\n    (check-equal? (candidate \"item1\") (list \"i\" \"t\" \"e\" \"m\" \"1\"))\n    (check-equal? (candidate \"15.10\") (list \"1\" \"5\" \".\" \"1\" \"0\"))\n))\n\n(test-humaneval)",
      "timestamp": 1665510133,
      "stdout": "",
      "stderr": "--------------------\nFAILURE\nname:       check-equal?\nlocation:   /tmp/tmp3zqzmcy2.rkt:12:4\nactual:     '(#\\p #\\y #\\t #\\h #\\o #\\n #\\space #\\3 #\\. #\\0)\nexpected:   '(\"p\" \"y\" \"t\" \"h\" \"o\" \"n\" \"3\" \".\" \"0\")\n--------------------\n--------------------\nFAILURE\nname:       check-equal?\nlocation:   /tmp/tmp3zqzmcy2.rkt:13:4\nactual:     '(#\\i #\\t #\\e #\\m #\\1)\nexpected:   '(\"i\" \"t\" \"e\" \"m\" \"1\")\n--------------------\n--------------------\nFAILURE\nname:       check-equal?\nlocation:   /tmp/tmp3zqzmcy2.rkt:14:4\nactual:     '(#\\1 #\\5 #\\. #\\1 #\\0)\nexpected:   '(\"1\" \"5\" \".\" \"1\" \"0\")\n--------------------\n",
      "exit_code": 0,
      "status": "Exception"
    },
    {
      "program": "#lang racket\n\n;; Write a function to convert a given string to a list of characters.\n(define (string_to_tuple str1)\n  (string-&gt;list str1))\n\n(require rackunit)\n\n(define (test-humaneval) \n\n  (let (( candidate string_to_tuple))\n    (check-equal? (candidate \"python 3.0\") (list \"p\" \"y\" \"t\" \"h\" \"o\" \"n\" \"3\" \".\" \"0\"))\n    (check-equal? (candidate \"item1\") (list \"i\" \"t\" \"e\" \"m\" \"1\"))\n    (check-equal? (candidate \"15.10\") (list \"1\" \"5\" \".\" \"1\" \"0\"))\n))\n\n(test-humaneval)",
      "timestamp": 1665510133,
      "stdout": "",
      "stderr": "/tmp/tmp65qtae8x.rkt:5:2: read-syntax: expected a `)` to close `(`\n  possible cause: indentation suggests a missing `)` before line 7\n  context...:\n   /work/arjunguha-research-group/software/racket/collects/syntax/module-reader.rkt:186:17: body\n   /work/arjunguha-research-group/software/racket/collects/syntax/module-reader.rkt:183:2: wrap-internal\n   /work/arjunguha-research-group/software/racket/collects/racket/../syntax/module-reader.rkt:67:9: wrap-internal/wrapper\n",
      "exit_code": 1,
      "status": "SyntaxError"
    },
    {
      "program": "#lang racket\n\n;; Write a function to convert a given string to a list of characters.\n(define (string_to_tuple str1)\n  (tuple->list (string-&gt;tuple str1)))\n\n(require rackunit)\n\n(define (test-humaneval) \n\n  (let (( candidate string_to_tuple))\n    (check-equal? (candidate \"python 3.0\") (list \"p\" \"y\" \"t\" \"h\" \"o\" \"n\" \"3\" \".\" \"0\"))\n    (check-equal? (candidate \"item1\") (list \"i\" \"t\" \"e\" \"m\" \"1\"))\n    (check-equal? (candidate \"15.10\") (list \"1\" \"5\" \".\" \"1\" \"0\"))\n))\n\n(test-humaneval)",
      "timestamp": 1666122957,
      "stdout": "",
      "stderr": "/tmp/tmpqb86tont.rkt:5:15: read-syntax: expected a `)` to close `(`\n  possible cause: indentation suggests a missing `)` before line 7\n  context...:\n   /work/arjunguha-research-group/software/racket/collects/syntax/module-reader.rkt:186:17: body\n   /work/arjunguha-research-group/software/racket/collects/syntax/module-reader.rkt:183:2: wrap-internal\n   /work/arjunguha-research-group/software/racket/collects/racket/../syntax/module-reader.rkt:67:9: wrap-internal/wrapper\n",
      "exit_code": 1,
      "status": "SyntaxError"
    },
    {
      "program": "#lang racket\n\n;; Write a function to convert a given string to a list of characters.\n(define (string_to_tuple str1)\n  (string->list str1))\n\n(require rackunit)\n\n(define (test-humaneval) \n\n  (let (( candidate string_to_tuple))\n    (check-equal? (candidate \"python 3.0\") (list \"p\" \"y\" \"t\" \"h\" \"o\" \"n\" \"3\" \".\" \"0\"))\n    (check-equal? (candidate \"item1\") (list \"i\" \"t\" \"e\" \"m\" \"1\"))\n    (check-equal? (candidate \"15.10\") (list \"1\" \"5\" \".\" \"1\" \"0\"))\n))\n\n(test-humaneval)",
      "timestamp": 1665510133,
      "stdout": "",
      "stderr": "--------------------\nFAILURE\nname:       check-equal?\nlocation:   /tmp/tmp3zqzmcy2.rkt:12:4\nactual:     '(#\\p #\\y #\\t #\\h #\\o #\\n #\\space #\\3 #\\. #\\0)\nexpected:   '(\"p\" \"y\" \"t\" \"h\" \"o\" \"n\" \"3\" \".\" \"0\")\n--------------------\n--------------------\nFAILURE\nname:       check-equal?\nlocation:   /tmp/tmp3zqzmcy2.rkt:13:4\nactual:     '(#\\i #\\t #\\e #\\m #\\1)\nexpected:   '(\"i\" \"t\" \"e\" \"m\" \"1\")\n--------------------\n--------------------\nFAILURE\nname:       check-equal?\nlocation:   /tmp/tmp3zqzmcy2.rkt:14:4\nactual:     '(#\\1 #\\5 #\\. #\\1 #\\0)\nexpected:   '(\"1\" \"5\" \".\" \"1\" \"0\")\n--------------------\n",
      "exit_code": 0,
      "status": "Exception"
    },
    {
      "program": "#lang racket\n\n;; Write a function to convert a given string to a list of characters.\n(define (string_to_tuple str1)\n  (string-&gt;list str1))\n\n(require rackunit)\n\n(define (test-humaneval) \n\n  (let (( candidate string_to_tuple))\n    (check-equal? (candidate \"python 3.0\") (list \"p\" \"y\" \"t\" \"h\" \"o\" \"n\" \"3\" \".\" \"0\"))\n    (check-equal? (candidate \"item1\") (list \"i\" \"t\" \"e\" \"m\" \"1\"))\n    (check-equal? (candidate \"15.10\") (list \"1\" \"5\" \".\" \"1\" \"0\"))\n))\n\n(test-humaneval)",
      "timestamp": 1665510133,
      "stdout": "",
      "stderr": "/tmp/tmp65qtae8x.rkt:5:2: read-syntax: expected a `)` to close `(`\n  possible cause: indentation suggests a missing `)` before line 7\n  context...:\n   /work/arjunguha-research-group/software/racket/collects/syntax/module-reader.rkt:186:17: body\n   /work/arjunguha-research-group/software/racket/collects/syntax/module-reader.rkt:183:2: wrap-internal\n   /work/arjunguha-research-group/software/racket/collects/racket/../syntax/module-reader.rkt:67:9: wrap-internal/wrapper\n",
      "exit_code": 1,
      "status": "SyntaxError"
    },
    {
      "program": "#lang racket\n\n;; Write a function to convert a given string to a list of characters.\n(define (string_to_tuple str1)\n  (string-&gt;list str1))\n\n(require rackunit)\n\n(define (test-humaneval) \n\n  (let (( candidate string_to_tuple))\n    (check-equal? (candidate \"python 3.0\") (list \"p\" \"y\" \"t\" \"h\" \"o\" \"n\" \"3\" \".\" \"0\"))\n    (check-equal? (candidate \"item1\") (list \"i\" \"t\" \"e\" \"m\" \"1\"))\n    (check-equal? (candidate \"15.10\") (list \"1\" \"5\" \".\" \"1\" \"0\"))\n))\n\n(test-humaneval)",
      "timestamp": 1665510133,
      "stdout": "",
      "stderr": "/tmp/tmp65qtae8x.rkt:5:2: read-syntax: expected a `)` to close `(`\n  possible cause: indentation suggests a missing `)` before line 7\n  context...:\n   /work/arjunguha-research-group/software/racket/collects/syntax/module-reader.rkt:186:17: body\n   /work/arjunguha-research-group/software/racket/collects/syntax/module-reader.rkt:183:2: wrap-internal\n   /work/arjunguha-research-group/software/racket/collects/racket/../syntax/module-reader.rkt:67:9: wrap-internal/wrapper\n",
      "exit_code": 1,
      "status": "SyntaxError"
    },
    {
      "program": "#lang racket\n\n;; Write a function to convert a given string to a list of characters.\n(define (string_to_tuple str1)\n  (string-&gt;list str1))\n\n(require rackunit)\n\n(define (test-humaneval) \n\n  (let (( candidate string_to_tuple))\n    (check-equal? (candidate \"python 3.0\") (list \"p\" \"y\" \"t\" \"h\" \"o\" \"n\" \"3\" \".\" \"0\"))\n    (check-equal? (candidate \"item1\") (list \"i\" \"t\" \"e\" \"m\" \"1\"))\n    (check-equal? (candidate \"15.10\") (list \"1\" \"5\" \".\" \"1\" \"0\"))\n))\n\n(test-humaneval)",
      "timestamp": 1665510133,
      "stdout": "",
      "stderr": "/tmp/tmp65qtae8x.rkt:5:2: read-syntax: expected a `)` to close `(`\n  possible cause: indentation suggests a missing `)` before line 7\n  context...:\n   /work/arjunguha-research-group/software/racket/collects/syntax/module-reader.rkt:186:17: body\n   /work/arjunguha-research-group/software/racket/collects/syntax/module-reader.rkt:183:2: wrap-internal\n   /work/arjunguha-research-group/software/racket/collects/racket/../syntax/module-reader.rkt:67:9: wrap-internal/wrapper\n",
      "exit_code": 1,
      "status": "SyntaxError"
    },
    {
      "program": "#lang racket\n\n;; Write a function to convert a given string to a list of characters.\n(define (string_to_tuple str1)\n  (map (lambda (x) (string-&gt;symbol (string x))) (string-&gt;list str1)))\n\n(require rackunit)\n\n(define (test-humaneval) \n\n  (let (( candidate string_to_tuple))\n    (check-equal? (candidate \"python 3.0\") (list \"p\" \"y\" \"t\" \"h\" \"o\" \"n\" \"3\" \".\" \"0\"))\n    (check-equal? (candidate \"item1\") (list \"i\" \"t\" \"e\" \"m\" \"1\"))\n    (check-equal? (candidate \"15.10\") (list \"1\" \"5\" \".\" \"1\" \"0\"))\n))\n\n(test-humaneval)",
      "timestamp": 1666122957,
      "stdout": "",
      "stderr": "/tmp/tmppvqwtmx_.rkt:5:19: read-syntax: expected a `)` to close `(`\n  possible cause: indentation suggests a missing `)` before line 7\n  context...:\n   /work/arjunguha-research-group/software/racket/collects/syntax/module-reader.rkt:186:17: body\n   /work/arjunguha-research-group/software/racket/collects/syntax/module-reader.rkt:183:2: wrap-internal\n   /work/arjunguha-research-group/software/racket/collects/racket/../syntax/module-reader.rkt:67:9: wrap-internal/wrapper\n",
      "exit_code": 1,
      "status": "SyntaxError"
    },
    {
      "program": "#lang racket\n\n;; Write a function to convert a given string to a list of characters.\n(define (string_to_tuple str1)\n  (string->list str1))\n\n(require rackunit)\n\n(define (test-humaneval) \n\n  (let (( candidate string_to_tuple))\n    (check-equal? (candidate \"python 3.0\") (list \"p\" \"y\" \"t\" \"h\" \"o\" \"n\" \"3\" \".\" \"0\"))\n    (check-equal? (candidate \"item1\") (list \"i\" \"t\" \"e\" \"m\" \"1\"))\n    (check-equal? (candidate \"15.10\") (list \"1\" \"5\" \".\" \"1\" \"0\"))\n))\n\n(test-humaneval)",
      "timestamp": 1665510133,
      "stdout": "",
      "stderr": "--------------------\nFAILURE\nname:       check-equal?\nlocation:   /tmp/tmp3zqzmcy2.rkt:12:4\nactual:     '(#\\p #\\y #\\t #\\h #\\o #\\n #\\space #\\3 #\\. #\\0)\nexpected:   '(\"p\" \"y\" \"t\" \"h\" \"o\" \"n\" \"3\" \".\" \"0\")\n--------------------\n--------------------\nFAILURE\nname:       check-equal?\nlocation:   /tmp/tmp3zqzmcy2.rkt:13:4\nactual:     '(#\\i #\\t #\\e #\\m #\\1)\nexpected:   '(\"i\" \"t\" \"e\" \"m\" \"1\")\n--------------------\n--------------------\nFAILURE\nname:       check-equal?\nlocation:   /tmp/tmp3zqzmcy2.rkt:14:4\nactual:     '(#\\1 #\\5 #\\. #\\1 #\\0)\nexpected:   '(\"1\" \"5\" \".\" \"1\" \"0\")\n--------------------\n",
      "exit_code": 0,
      "status": "Exception"
    },
    {
      "program": "#lang racket\n\n;; Write a function to convert a given string to a list of characters.\n(define (string_to_tuple str1)\n  (string->list str1))\n\n(require rackunit)\n\n(define (test-humaneval) \n\n  (let (( candidate string_to_tuple))\n    (check-equal? (candidate \"python 3.0\") (list \"p\" \"y\" \"t\" \"h\" \"o\" \"n\" \"3\" \".\" \"0\"))\n    (check-equal? (candidate \"item1\") (list \"i\" \"t\" \"e\" \"m\" \"1\"))\n    (check-equal? (candidate \"15.10\") (list \"1\" \"5\" \".\" \"1\" \"0\"))\n))\n\n(test-humaneval)",
      "timestamp": 1665510133,
      "stdout": "",
      "stderr": "--------------------\nFAILURE\nname:       check-equal?\nlocation:   /tmp/tmp3zqzmcy2.rkt:12:4\nactual:     '(#\\p #\\y #\\t #\\h #\\o #\\n #\\space #\\3 #\\. #\\0)\nexpected:   '(\"p\" \"y\" \"t\" \"h\" \"o\" \"n\" \"3\" \".\" \"0\")\n--------------------\n--------------------\nFAILURE\nname:       check-equal?\nlocation:   /tmp/tmp3zqzmcy2.rkt:13:4\nactual:     '(#\\i #\\t #\\e #\\m #\\1)\nexpected:   '(\"i\" \"t\" \"e\" \"m\" \"1\")\n--------------------\n--------------------\nFAILURE\nname:       check-equal?\nlocation:   /tmp/tmp3zqzmcy2.rkt:14:4\nactual:     '(#\\1 #\\5 #\\. #\\1 #\\0)\nexpected:   '(\"1\" \"5\" \".\" \"1\" \"0\")\n--------------------\n",
      "exit_code": 0,
      "status": "Exception"
    },
    {
      "program": "#lang racket\n\n;; Write a function to convert a given string to a list of characters.\n(define (string_to_tuple str1)\n  (tuple->list (string->tuple str1)))\n\n(require rackunit)\n\n(define (test-humaneval) \n\n  (let (( candidate string_to_tuple))\n    (check-equal? (candidate \"python 3.0\") (list \"p\" \"y\" \"t\" \"h\" \"o\" \"n\" \"3\" \".\" \"0\"))\n    (check-equal? (candidate \"item1\") (list \"i\" \"t\" \"e\" \"m\" \"1\"))\n    (check-equal? (candidate \"15.10\") (list \"1\" \"5\" \".\" \"1\" \"0\"))\n))\n\n(test-humaneval)",
      "timestamp": 1665510133,
      "stdout": "",
      "stderr": "/tmp/tmp0ojbk7pm.rkt:5:3: tuple->list: unbound identifier\n  in: tuple->list\n  location...:\n   /tmp/tmp0ojbk7pm.rkt:5:3\n",
      "exit_code": 1,
      "status": "Exception"
    },
    {
      "program": "#lang racket\n\n;; Write a function to convert a given string to a list of characters.\n(define (string_to_tuple str1)\n  (string->list str1))\n\n(require rackunit)\n\n(define (test-humaneval) \n\n  (let (( candidate string_to_tuple))\n    (check-equal? (candidate \"python 3.0\") (list \"p\" \"y\" \"t\" \"h\" \"o\" \"n\" \"3\" \".\" \"0\"))\n    (check-equal? (candidate \"item1\") (list \"i\" \"t\" \"e\" \"m\" \"1\"))\n    (check-equal? (candidate \"15.10\") (list \"1\" \"5\" \".\" \"1\" \"0\"))\n))\n\n(test-humaneval)",
      "timestamp": 1665510133,
      "stdout": "",
      "stderr": "--------------------\nFAILURE\nname:       check-equal?\nlocation:   /tmp/tmp3zqzmcy2.rkt:12:4\nactual:     '(#\\p #\\y #\\t #\\h #\\o #\\n #\\space #\\3 #\\. #\\0)\nexpected:   '(\"p\" \"y\" \"t\" \"h\" \"o\" \"n\" \"3\" \".\" \"0\")\n--------------------\n--------------------\nFAILURE\nname:       check-equal?\nlocation:   /tmp/tmp3zqzmcy2.rkt:13:4\nactual:     '(#\\i #\\t #\\e #\\m #\\1)\nexpected:   '(\"i\" \"t\" \"e\" \"m\" \"1\")\n--------------------\n--------------------\nFAILURE\nname:       check-equal?\nlocation:   /tmp/tmp3zqzmcy2.rkt:14:4\nactual:     '(#\\1 #\\5 #\\. #\\1 #\\0)\nexpected:   '(\"1\" \"5\" \".\" \"1\" \"0\")\n--------------------\n",
      "exit_code": 0,
      "status": "Exception"
    },
    {
      "program": "#lang racket\n\n;; Write a function to convert a given string to a list of characters.\n(define (string_to_tuple str1)\n  (string-&gt;list str1))\n\n(require rackunit)\n\n(define (test-humaneval) \n\n  (let (( candidate string_to_tuple))\n    (check-equal? (candidate \"python 3.0\") (list \"p\" \"y\" \"t\" \"h\" \"o\" \"n\" \"3\" \".\" \"0\"))\n    (check-equal? (candidate \"item1\") (list \"i\" \"t\" \"e\" \"m\" \"1\"))\n    (check-equal? (candidate \"15.10\") (list \"1\" \"5\" \".\" \"1\" \"0\"))\n))\n\n(test-humaneval)",
      "timestamp": 1665510133,
      "stdout": "",
      "stderr": "/tmp/tmp65qtae8x.rkt:5:2: read-syntax: expected a `)` to close `(`\n  possible cause: indentation suggests a missing `)` before line 7\n  context...:\n   /work/arjunguha-research-group/software/racket/collects/syntax/module-reader.rkt:186:17: body\n   /work/arjunguha-research-group/software/racket/collects/syntax/module-reader.rkt:183:2: wrap-internal\n   /work/arjunguha-research-group/software/racket/collects/racket/../syntax/module-reader.rkt:67:9: wrap-internal/wrapper\n",
      "exit_code": 1,
      "status": "SyntaxError"
    },
    {
      "program": "#lang racket\n\n;; Write a function to convert a given string to a list of characters.\n(define (string_to_tuple str1)\n  (if (string=? str1 \"\")\n      '()\n      (cons (string-ref str1 0) (string_to_tuple (substring str1 1)))))\n\n(require rackunit)\n\n(define (test-humaneval) \n\n  (let (( candidate string_to_tuple))\n    (check-equal? (candidate \"python 3.0\") (list \"p\" \"y\" \"t\" \"h\" \"o\" \"n\" \"3\" \".\" \"0\"))\n    (check-equal? (candidate \"item1\") (list \"i\" \"t\" \"e\" \"m\" \"1\"))\n    (check-equal? (candidate \"15.10\") (list \"1\" \"5\" \".\" \"1\" \"0\"))\n))\n\n(test-humaneval)",
      "timestamp": 1666122958,
      "stdout": "",
      "stderr": "--------------------\nFAILURE\nname:       check-equal?\nlocation:   /tmp/tmplxrd7e52.rkt:14:4\nactual:     '(#\\p #\\y #\\t #\\h #\\o #\\n #\\space #\\3 #\\. #\\0)\nexpected:   '(\"p\" \"y\" \"t\" \"h\" \"o\" \"n\" \"3\" \".\" \"0\")\n--------------------\n--------------------\nFAILURE\nname:       check-equal?\nlocation:   /tmp/tmplxrd7e52.rkt:15:4\nactual:     '(#\\i #\\t #\\e #\\m #\\1)\nexpected:   '(\"i\" \"t\" \"e\" \"m\" \"1\")\n--------------------\n--------------------\nFAILURE\nname:       check-equal?\nlocation:   /tmp/tmplxrd7e52.rkt:16:4\nactual:     '(#\\1 #\\5 #\\. #\\1 #\\0)\nexpected:   '(\"1\" \"5\" \".\" \"1\" \"0\")\n--------------------\n",
      "exit_code": 0,
      "status": "Exception"
    },
    {
      "program": "#lang racket\n\n;; Write a function to convert a given string to a list of characters.\n(define (string_to_tuple str1)\n  (list->tuple (string->list str1)))\n\n(require rackunit)\n\n(define (test-humaneval) \n\n  (let (( candidate string_to_tuple))\n    (check-equal? (candidate \"python 3.0\") (list \"p\" \"y\" \"t\" \"h\" \"o\" \"n\" \"3\" \".\" \"0\"))\n    (check-equal? (candidate \"item1\") (list \"i\" \"t\" \"e\" \"m\" \"1\"))\n    (check-equal? (candidate \"15.10\") (list \"1\" \"5\" \".\" \"1\" \"0\"))\n))\n\n(test-humaneval)",
      "timestamp": 1665510133,
      "stdout": "",
      "stderr": "/tmp/tmpdikoswwi.rkt:5:3: list->tuple: unbound identifier\n  in: list->tuple\n  location...:\n   /tmp/tmpdikoswwi.rkt:5:3\n",
      "exit_code": 1,
      "status": "Exception"
    },
    {
      "program": "#lang racket\n\n;; Write a function to convert a given string to a list of characters.\n(define (string_to_tuple str1)\n  (string-&gt;list str1))\n\n(require rackunit)\n\n(define (test-humaneval) \n\n  (let (( candidate string_to_tuple))\n    (check-equal? (candidate \"python 3.0\") (list \"p\" \"y\" \"t\" \"h\" \"o\" \"n\" \"3\" \".\" \"0\"))\n    (check-equal? (candidate \"item1\") (list \"i\" \"t\" \"e\" \"m\" \"1\"))\n    (check-equal? (candidate \"15.10\") (list \"1\" \"5\" \".\" \"1\" \"0\"))\n))\n\n(test-humaneval)",
      "timestamp": 1665510133,
      "stdout": "",
      "stderr": "/tmp/tmp65qtae8x.rkt:5:2: read-syntax: expected a `)` to close `(`\n  possible cause: indentation suggests a missing `)` before line 7\n  context...:\n   /work/arjunguha-research-group/software/racket/collects/syntax/module-reader.rkt:186:17: body\n   /work/arjunguha-research-group/software/racket/collects/syntax/module-reader.rkt:183:2: wrap-internal\n   /work/arjunguha-research-group/software/racket/collects/racket/../syntax/module-reader.rkt:67:9: wrap-internal/wrapper\n",
      "exit_code": 1,
      "status": "SyntaxError"
    },
    {
      "program": "#lang racket\n\n;; Write a function to convert a given string to a list of characters.\n(define (string_to_tuple str1)\n  (string-&gt;list str1))\n\n(require rackunit)\n\n(define (test-humaneval) \n\n  (let (( candidate string_to_tuple))\n    (check-equal? (candidate \"python 3.0\") (list \"p\" \"y\" \"t\" \"h\" \"o\" \"n\" \"3\" \".\" \"0\"))\n    (check-equal? (candidate \"item1\") (list \"i\" \"t\" \"e\" \"m\" \"1\"))\n    (check-equal? (candidate \"15.10\") (list \"1\" \"5\" \".\" \"1\" \"0\"))\n))\n\n(test-humaneval)",
      "timestamp": 1665510133,
      "stdout": "",
      "stderr": "/tmp/tmp65qtae8x.rkt:5:2: read-syntax: expected a `)` to close `(`\n  possible cause: indentation suggests a missing `)` before line 7\n  context...:\n   /work/arjunguha-research-group/software/racket/collects/syntax/module-reader.rkt:186:17: body\n   /work/arjunguha-research-group/software/racket/collects/syntax/module-reader.rkt:183:2: wrap-internal\n   /work/arjunguha-research-group/software/racket/collects/racket/../syntax/module-reader.rkt:67:9: wrap-internal/wrapper\n",
      "exit_code": 1,
      "status": "SyntaxError"
    },
    {
      "program": "#lang racket\n\n;; Write a function to convert a given string to a list of characters.\n(define (string_to_tuple str1)\n  (string-&gt;list str1))\n\n(require rackunit)\n\n(define (test-humaneval) \n\n  (let (( candidate string_to_tuple))\n    (check-equal? (candidate \"python 3.0\") (list \"p\" \"y\" \"t\" \"h\" \"o\" \"n\" \"3\" \".\" \"0\"))\n    (check-equal? (candidate \"item1\") (list \"i\" \"t\" \"e\" \"m\" \"1\"))\n    (check-equal? (candidate \"15.10\") (list \"1\" \"5\" \".\" \"1\" \"0\"))\n))\n\n(test-humaneval)",
      "timestamp": 1665510133,
      "stdout": "",
      "stderr": "/tmp/tmp65qtae8x.rkt:5:2: read-syntax: expected a `)` to close `(`\n  possible cause: indentation suggests a missing `)` before line 7\n  context...:\n   /work/arjunguha-research-group/software/racket/collects/syntax/module-reader.rkt:186:17: body\n   /work/arjunguha-research-group/software/racket/collects/syntax/module-reader.rkt:183:2: wrap-internal\n   /work/arjunguha-research-group/software/racket/collects/racket/../syntax/module-reader.rkt:67:9: wrap-internal/wrapper\n",
      "exit_code": 1,
      "status": "SyntaxError"
    },
    {
      "program": "#lang racket\n\n;; Write a function to convert a given string to a list of characters.\n(define (string_to_tuple str1)\n  (string-&gt;list str1))\n\n(require rackunit)\n\n(define (test-humaneval) \n\n  (let (( candidate string_to_tuple))\n    (check-equal? (candidate \"python 3.0\") (list \"p\" \"y\" \"t\" \"h\" \"o\" \"n\" \"3\" \".\" \"0\"))\n    (check-equal? (candidate \"item1\") (list \"i\" \"t\" \"e\" \"m\" \"1\"))\n    (check-equal? (candidate \"15.10\") (list \"1\" \"5\" \".\" \"1\" \"0\"))\n))\n\n(test-humaneval)",
      "timestamp": 1665510133,
      "stdout": "",
      "stderr": "/tmp/tmp65qtae8x.rkt:5:2: read-syntax: expected a `)` to close `(`\n  possible cause: indentation suggests a missing `)` before line 7\n  context...:\n   /work/arjunguha-research-group/software/racket/collects/syntax/module-reader.rkt:186:17: body\n   /work/arjunguha-research-group/software/racket/collects/syntax/module-reader.rkt:183:2: wrap-internal\n   /work/arjunguha-research-group/software/racket/collects/racket/../syntax/module-reader.rkt:67:9: wrap-internal/wrapper\n",
      "exit_code": 1,
      "status": "SyntaxError"
    },
    {
      "program": "#lang racket\n\n;; Write a function to convert a given string to a list of characters.\n(define (string_to_tuple str1)\n  (string-&gt;list str1))\n\n(require rackunit)\n\n(define (test-humaneval) \n\n  (let (( candidate string_to_tuple))\n    (check-equal? (candidate \"python 3.0\") (list \"p\" \"y\" \"t\" \"h\" \"o\" \"n\" \"3\" \".\" \"0\"))\n    (check-equal? (candidate \"item1\") (list \"i\" \"t\" \"e\" \"m\" \"1\"))\n    (check-equal? (candidate \"15.10\") (list \"1\" \"5\" \".\" \"1\" \"0\"))\n))\n\n(test-humaneval)",
      "timestamp": 1665510133,
      "stdout": "",
      "stderr": "/tmp/tmp65qtae8x.rkt:5:2: read-syntax: expected a `)` to close `(`\n  possible cause: indentation suggests a missing `)` before line 7\n  context...:\n   /work/arjunguha-research-group/software/racket/collects/syntax/module-reader.rkt:186:17: body\n   /work/arjunguha-research-group/software/racket/collects/syntax/module-reader.rkt:183:2: wrap-internal\n   /work/arjunguha-research-group/software/racket/collects/racket/../syntax/module-reader.rkt:67:9: wrap-internal/wrapper\n",
      "exit_code": 1,
      "status": "SyntaxError"
    },
    {
      "program": "#lang racket\n\n;; Write a function to convert a given string to a list of characters.\n(define (string_to_tuple str1)\n  (list->tuple (string->list str1)))\n\n(require rackunit)\n\n(define (test-humaneval) \n\n  (let (( candidate string_to_tuple))\n    (check-equal? (candidate \"python 3.0\") (list \"p\" \"y\" \"t\" \"h\" \"o\" \"n\" \"3\" \".\" \"0\"))\n    (check-equal? (candidate \"item1\") (list \"i\" \"t\" \"e\" \"m\" \"1\"))\n    (check-equal? (candidate \"15.10\") (list \"1\" \"5\" \".\" \"1\" \"0\"))\n))\n\n(test-humaneval)",
      "timestamp": 1665510133,
      "stdout": "",
      "stderr": "/tmp/tmpdikoswwi.rkt:5:3: list->tuple: unbound identifier\n  in: list->tuple\n  location...:\n   /tmp/tmpdikoswwi.rkt:5:3\n",
      "exit_code": 1,
      "status": "Exception"
    },
    {
      "program": "#lang racket\n\n;; Write a function to convert a given string to a list of characters.\n(define (string_to_tuple str1)\n  (string-&gt;list str1))\n\n(require rackunit)\n\n(define (test-humaneval) \n\n  (let (( candidate string_to_tuple))\n    (check-equal? (candidate \"python 3.0\") (list \"p\" \"y\" \"t\" \"h\" \"o\" \"n\" \"3\" \".\" \"0\"))\n    (check-equal? (candidate \"item1\") (list \"i\" \"t\" \"e\" \"m\" \"1\"))\n    (check-equal? (candidate \"15.10\") (list \"1\" \"5\" \".\" \"1\" \"0\"))\n))\n\n(test-humaneval)",
      "timestamp": 1665510133,
      "stdout": "",
      "stderr": "/tmp/tmp65qtae8x.rkt:5:2: read-syntax: expected a `)` to close `(`\n  possible cause: indentation suggests a missing `)` before line 7\n  context...:\n   /work/arjunguha-research-group/software/racket/collects/syntax/module-reader.rkt:186:17: body\n   /work/arjunguha-research-group/software/racket/collects/syntax/module-reader.rkt:183:2: wrap-internal\n   /work/arjunguha-research-group/software/racket/collects/racket/../syntax/module-reader.rkt:67:9: wrap-internal/wrapper\n",
      "exit_code": 1,
      "status": "SyntaxError"
    },
    {
      "program": "#lang racket\n\n;; Write a function to convert a given string to a list of characters.\n(define (string_to_tuple str1)\n  (list->tuple (string->list str1)))\n\n(require rackunit)\n\n(define (test-humaneval) \n\n  (let (( candidate string_to_tuple))\n    (check-equal? (candidate \"python 3.0\") (list \"p\" \"y\" \"t\" \"h\" \"o\" \"n\" \"3\" \".\" \"0\"))\n    (check-equal? (candidate \"item1\") (list \"i\" \"t\" \"e\" \"m\" \"1\"))\n    (check-equal? (candidate \"15.10\") (list \"1\" \"5\" \".\" \"1\" \"0\"))\n))\n\n(test-humaneval)",
      "timestamp": 1665510133,
      "stdout": "",
      "stderr": "/tmp/tmpdikoswwi.rkt:5:3: list->tuple: unbound identifier\n  in: list->tuple\n  location...:\n   /tmp/tmpdikoswwi.rkt:5:3\n",
      "exit_code": 1,
      "status": "Exception"
    },
    {
      "program": "#lang racket\n\n;; Write a function to convert a given string to a list of characters.\n(define (string_to_tuple str1)\n  (string-&gt;list str1))\n\n(require rackunit)\n\n(define (test-humaneval) \n\n  (let (( candidate string_to_tuple))\n    (check-equal? (candidate \"python 3.0\") (list \"p\" \"y\" \"t\" \"h\" \"o\" \"n\" \"3\" \".\" \"0\"))\n    (check-equal? (candidate \"item1\") (list \"i\" \"t\" \"e\" \"m\" \"1\"))\n    (check-equal? (candidate \"15.10\") (list \"1\" \"5\" \".\" \"1\" \"0\"))\n))\n\n(test-humaneval)",
      "timestamp": 1665510133,
      "stdout": "",
      "stderr": "/tmp/tmp65qtae8x.rkt:5:2: read-syntax: expected a `)` to close `(`\n  possible cause: indentation suggests a missing `)` before line 7\n  context...:\n   /work/arjunguha-research-group/software/racket/collects/syntax/module-reader.rkt:186:17: body\n   /work/arjunguha-research-group/software/racket/collects/syntax/module-reader.rkt:183:2: wrap-internal\n   /work/arjunguha-research-group/software/racket/collects/racket/../syntax/module-reader.rkt:67:9: wrap-internal/wrapper\n",
      "exit_code": 1,
      "status": "SyntaxError"
    },
    {
      "program": "#lang racket\n\n;; Write a function to convert a given string to a list of characters.\n(define (string_to_tuple str1)\n  (list->tuple (string->list str1)))\n\n(require rackunit)\n\n(define (test-humaneval) \n\n  (let (( candidate string_to_tuple))\n    (check-equal? (candidate \"python 3.0\") (list \"p\" \"y\" \"t\" \"h\" \"o\" \"n\" \"3\" \".\" \"0\"))\n    (check-equal? (candidate \"item1\") (list \"i\" \"t\" \"e\" \"m\" \"1\"))\n    (check-equal? (candidate \"15.10\") (list \"1\" \"5\" \".\" \"1\" \"0\"))\n))\n\n(test-humaneval)",
      "timestamp": 1665510133,
      "stdout": "",
      "stderr": "/tmp/tmpdikoswwi.rkt:5:3: list->tuple: unbound identifier\n  in: list->tuple\n  location...:\n   /tmp/tmpdikoswwi.rkt:5:3\n",
      "exit_code": 1,
      "status": "Exception"
    },
    {
      "program": "#lang racket\n\n;; Write a function to convert a given string to a list of characters.\n(define (string_to_tuple str1)\n  (string-&gt;list str1))\n\n(require rackunit)\n\n(define (test-humaneval) \n\n  (let (( candidate string_to_tuple))\n    (check-equal? (candidate \"python 3.0\") (list \"p\" \"y\" \"t\" \"h\" \"o\" \"n\" \"3\" \".\" \"0\"))\n    (check-equal? (candidate \"item1\") (list \"i\" \"t\" \"e\" \"m\" \"1\"))\n    (check-equal? (candidate \"15.10\") (list \"1\" \"5\" \".\" \"1\" \"0\"))\n))\n\n(test-humaneval)",
      "timestamp": 1665510133,
      "stdout": "",
      "stderr": "/tmp/tmp65qtae8x.rkt:5:2: read-syntax: expected a `)` to close `(`\n  possible cause: indentation suggests a missing `)` before line 7\n  context...:\n   /work/arjunguha-research-group/software/racket/collects/syntax/module-reader.rkt:186:17: body\n   /work/arjunguha-research-group/software/racket/collects/syntax/module-reader.rkt:183:2: wrap-internal\n   /work/arjunguha-research-group/software/racket/collects/racket/../syntax/module-reader.rkt:67:9: wrap-internal/wrapper\n",
      "exit_code": 1,
      "status": "SyntaxError"
    },
    {
      "program": "#lang racket\n\n;; Write a function to convert a given string to a list of characters.\n(define (string_to_tuple str1)\n  (string-&gt;list str1))\n\n(require rackunit)\n\n(define (test-humaneval) \n\n  (let (( candidate string_to_tuple))\n    (check-equal? (candidate \"python 3.0\") (list \"p\" \"y\" \"t\" \"h\" \"o\" \"n\" \"3\" \".\" \"0\"))\n    (check-equal? (candidate \"item1\") (list \"i\" \"t\" \"e\" \"m\" \"1\"))\n    (check-equal? (candidate \"15.10\") (list \"1\" \"5\" \".\" \"1\" \"0\"))\n))\n\n(test-humaneval)",
      "timestamp": 1665510133,
      "stdout": "",
      "stderr": "/tmp/tmp65qtae8x.rkt:5:2: read-syntax: expected a `)` to close `(`\n  possible cause: indentation suggests a missing `)` before line 7\n  context...:\n   /work/arjunguha-research-group/software/racket/collects/syntax/module-reader.rkt:186:17: body\n   /work/arjunguha-research-group/software/racket/collects/syntax/module-reader.rkt:183:2: wrap-internal\n   /work/arjunguha-research-group/software/racket/collects/racket/../syntax/module-reader.rkt:67:9: wrap-internal/wrapper\n",
      "exit_code": 1,
      "status": "SyntaxError"
    },
    {
      "program": "#lang racket\n\n;; Write a function to convert a given string to a list of characters.\n(define (string_to_tuple str1)\n  (string-&gt;list str1))\n\n(require rackunit)\n\n(define (test-humaneval) \n\n  (let (( candidate string_to_tuple))\n    (check-equal? (candidate \"python 3.0\") (list \"p\" \"y\" \"t\" \"h\" \"o\" \"n\" \"3\" \".\" \"0\"))\n    (check-equal? (candidate \"item1\") (list \"i\" \"t\" \"e\" \"m\" \"1\"))\n    (check-equal? (candidate \"15.10\") (list \"1\" \"5\" \".\" \"1\" \"0\"))\n))\n\n(test-humaneval)",
      "timestamp": 1665510133,
      "stdout": "",
      "stderr": "/tmp/tmp65qtae8x.rkt:5:2: read-syntax: expected a `)` to close `(`\n  possible cause: indentation suggests a missing `)` before line 7\n  context...:\n   /work/arjunguha-research-group/software/racket/collects/syntax/module-reader.rkt:186:17: body\n   /work/arjunguha-research-group/software/racket/collects/syntax/module-reader.rkt:183:2: wrap-internal\n   /work/arjunguha-research-group/software/racket/collects/racket/../syntax/module-reader.rkt:67:9: wrap-internal/wrapper\n",
      "exit_code": 1,
      "status": "SyntaxError"
    },
    {
      "program": "#lang racket\n\n;; Write a function to convert a given string to a list of characters.\n(define (string_to_tuple str1)\n  (list->tuple (string->list str1)))\n\n(require rackunit)\n\n(define (test-humaneval) \n\n  (let (( candidate string_to_tuple))\n    (check-equal? (candidate \"python 3.0\") (list \"p\" \"y\" \"t\" \"h\" \"o\" \"n\" \"3\" \".\" \"0\"))\n    (check-equal? (candidate \"item1\") (list \"i\" \"t\" \"e\" \"m\" \"1\"))\n    (check-equal? (candidate \"15.10\") (list \"1\" \"5\" \".\" \"1\" \"0\"))\n))\n\n(test-humaneval)",
      "timestamp": 1665510133,
      "stdout": "",
      "stderr": "/tmp/tmpdikoswwi.rkt:5:3: list->tuple: unbound identifier\n  in: list->tuple\n  location...:\n   /tmp/tmpdikoswwi.rkt:5:3\n",
      "exit_code": 1,
      "status": "Exception"
    },
    {
      "program": "#lang racket\n\n;; Write a function to convert a given string to a list of characters.\n(define (string_to_tuple str1)\n  (string-&gt;list str1))\n\n(require rackunit)\n\n(define (test-humaneval) \n\n  (let (( candidate string_to_tuple))\n    (check-equal? (candidate \"python 3.0\") (list \"p\" \"y\" \"t\" \"h\" \"o\" \"n\" \"3\" \".\" \"0\"))\n    (check-equal? (candidate \"item1\") (list \"i\" \"t\" \"e\" \"m\" \"1\"))\n    (check-equal? (candidate \"15.10\") (list \"1\" \"5\" \".\" \"1\" \"0\"))\n))\n\n(test-humaneval)",
      "timestamp": 1665510133,
      "stdout": "",
      "stderr": "/tmp/tmp65qtae8x.rkt:5:2: read-syntax: expected a `)` to close `(`\n  possible cause: indentation suggests a missing `)` before line 7\n  context...:\n   /work/arjunguha-research-group/software/racket/collects/syntax/module-reader.rkt:186:17: body\n   /work/arjunguha-research-group/software/racket/collects/syntax/module-reader.rkt:183:2: wrap-internal\n   /work/arjunguha-research-group/software/racket/collects/racket/../syntax/module-reader.rkt:67:9: wrap-internal/wrapper\n",
      "exit_code": 1,
      "status": "SyntaxError"
    },
    {
      "program": "#lang racket\n\n;; Write a function to convert a given string to a list of characters.\n(define (string_to_tuple str1)\n  (string->list str1))\n\n(require rackunit)\n\n(define (test-humaneval) \n\n  (let (( candidate string_to_tuple))\n    (check-equal? (candidate \"python 3.0\") (list \"p\" \"y\" \"t\" \"h\" \"o\" \"n\" \"3\" \".\" \"0\"))\n    (check-equal? (candidate \"item1\") (list \"i\" \"t\" \"e\" \"m\" \"1\"))\n    (check-equal? (candidate \"15.10\") (list \"1\" \"5\" \".\" \"1\" \"0\"))\n))\n\n(test-humaneval)",
      "timestamp": 1665510133,
      "stdout": "",
      "stderr": "--------------------\nFAILURE\nname:       check-equal?\nlocation:   /tmp/tmp3zqzmcy2.rkt:12:4\nactual:     '(#\\p #\\y #\\t #\\h #\\o #\\n #\\space #\\3 #\\. #\\0)\nexpected:   '(\"p\" \"y\" \"t\" \"h\" \"o\" \"n\" \"3\" \".\" \"0\")\n--------------------\n--------------------\nFAILURE\nname:       check-equal?\nlocation:   /tmp/tmp3zqzmcy2.rkt:13:4\nactual:     '(#\\i #\\t #\\e #\\m #\\1)\nexpected:   '(\"i\" \"t\" \"e\" \"m\" \"1\")\n--------------------\n--------------------\nFAILURE\nname:       check-equal?\nlocation:   /tmp/tmp3zqzmcy2.rkt:14:4\nactual:     '(#\\1 #\\5 #\\. #\\1 #\\0)\nexpected:   '(\"1\" \"5\" \".\" \"1\" \"0\")\n--------------------\n",
      "exit_code": 0,
      "status": "Exception"
    },
    {
      "program": "#lang racket\n\n;; Write a function to convert a given string to a list of characters.\n(define (string_to_tuple str1)\n  (string-&gt;list str1))\n\n(require rackunit)\n\n(define (test-humaneval) \n\n  (let (( candidate string_to_tuple))\n    (check-equal? (candidate \"python 3.0\") (list \"p\" \"y\" \"t\" \"h\" \"o\" \"n\" \"3\" \".\" \"0\"))\n    (check-equal? (candidate \"item1\") (list \"i\" \"t\" \"e\" \"m\" \"1\"))\n    (check-equal? (candidate \"15.10\") (list \"1\" \"5\" \".\" \"1\" \"0\"))\n))\n\n(test-humaneval)",
      "timestamp": 1665510133,
      "stdout": "",
      "stderr": "/tmp/tmp65qtae8x.rkt:5:2: read-syntax: expected a `)` to close `(`\n  possible cause: indentation suggests a missing `)` before line 7\n  context...:\n   /work/arjunguha-research-group/software/racket/collects/syntax/module-reader.rkt:186:17: body\n   /work/arjunguha-research-group/software/racket/collects/syntax/module-reader.rkt:183:2: wrap-internal\n   /work/arjunguha-research-group/software/racket/collects/racket/../syntax/module-reader.rkt:67:9: wrap-internal/wrapper\n",
      "exit_code": 1,
      "status": "SyntaxError"
    },
    {
      "program": "#lang racket\n\n;; Write a function to convert a given string to a list of characters.\n(define (string_to_tuple str1)\n  (tuple->list (string-&gt;tuple str1)))\n\n(require rackunit)\n\n(define (test-humaneval) \n\n  (let (( candidate string_to_tuple))\n    (check-equal? (candidate \"python 3.0\") (list \"p\" \"y\" \"t\" \"h\" \"o\" \"n\" \"3\" \".\" \"0\"))\n    (check-equal? (candidate \"item1\") (list \"i\" \"t\" \"e\" \"m\" \"1\"))\n    (check-equal? (candidate \"15.10\") (list \"1\" \"5\" \".\" \"1\" \"0\"))\n))\n\n(test-humaneval)",
      "timestamp": 1666122957,
      "stdout": "",
      "stderr": "/tmp/tmpqb86tont.rkt:5:15: read-syntax: expected a `)` to close `(`\n  possible cause: indentation suggests a missing `)` before line 7\n  context...:\n   /work/arjunguha-research-group/software/racket/collects/syntax/module-reader.rkt:186:17: body\n   /work/arjunguha-research-group/software/racket/collects/syntax/module-reader.rkt:183:2: wrap-internal\n   /work/arjunguha-research-group/software/racket/collects/racket/../syntax/module-reader.rkt:67:9: wrap-internal/wrapper\n",
      "exit_code": 1,
      "status": "SyntaxError"
    },
    {
      "program": "#lang racket\n\n;; Write a function to convert a given string to a list of characters.\n(define (string_to_tuple str1)\n  (string-&gt;list str1))\n\n(require rackunit)\n\n(define (test-humaneval) \n\n  (let (( candidate string_to_tuple))\n    (check-equal? (candidate \"python 3.0\") (list \"p\" \"y\" \"t\" \"h\" \"o\" \"n\" \"3\" \".\" \"0\"))\n    (check-equal? (candidate \"item1\") (list \"i\" \"t\" \"e\" \"m\" \"1\"))\n    (check-equal? (candidate \"15.10\") (list \"1\" \"5\" \".\" \"1\" \"0\"))\n))\n\n(test-humaneval)",
      "timestamp": 1665510133,
      "stdout": "",
      "stderr": "/tmp/tmp65qtae8x.rkt:5:2: read-syntax: expected a `)` to close `(`\n  possible cause: indentation suggests a missing `)` before line 7\n  context...:\n   /work/arjunguha-research-group/software/racket/collects/syntax/module-reader.rkt:186:17: body\n   /work/arjunguha-research-group/software/racket/collects/syntax/module-reader.rkt:183:2: wrap-internal\n   /work/arjunguha-research-group/software/racket/collects/racket/../syntax/module-reader.rkt:67:9: wrap-internal/wrapper\n",
      "exit_code": 1,
      "status": "SyntaxError"
    },
    {
      "program": "#lang racket\n\n;; Write a function to convert a given string to a list of characters.\n(define (string_to_tuple str1)\n  (string->list str1))\n\n(require rackunit)\n\n(define (test-humaneval) \n\n  (let (( candidate string_to_tuple))\n    (check-equal? (candidate \"python 3.0\") (list \"p\" \"y\" \"t\" \"h\" \"o\" \"n\" \"3\" \".\" \"0\"))\n    (check-equal? (candidate \"item1\") (list \"i\" \"t\" \"e\" \"m\" \"1\"))\n    (check-equal? (candidate \"15.10\") (list \"1\" \"5\" \".\" \"1\" \"0\"))\n))\n\n(test-humaneval)",
      "timestamp": 1665510133,
      "stdout": "",
      "stderr": "--------------------\nFAILURE\nname:       check-equal?\nlocation:   /tmp/tmp3zqzmcy2.rkt:12:4\nactual:     '(#\\p #\\y #\\t #\\h #\\o #\\n #\\space #\\3 #\\. #\\0)\nexpected:   '(\"p\" \"y\" \"t\" \"h\" \"o\" \"n\" \"3\" \".\" \"0\")\n--------------------\n--------------------\nFAILURE\nname:       check-equal?\nlocation:   /tmp/tmp3zqzmcy2.rkt:13:4\nactual:     '(#\\i #\\t #\\e #\\m #\\1)\nexpected:   '(\"i\" \"t\" \"e\" \"m\" \"1\")\n--------------------\n--------------------\nFAILURE\nname:       check-equal?\nlocation:   /tmp/tmp3zqzmcy2.rkt:14:4\nactual:     '(#\\1 #\\5 #\\. #\\1 #\\0)\nexpected:   '(\"1\" \"5\" \".\" \"1\" \"0\")\n--------------------\n",
      "exit_code": 0,
      "status": "Exception"
    },
    {
      "program": "#lang racket\n\n;; Write a function to convert a given string to a list of characters.\n(define (string_to_tuple str1)\n  (string->list str1))\n\n(require rackunit)\n\n(define (test-humaneval) \n\n  (let (( candidate string_to_tuple))\n    (check-equal? (candidate \"python 3.0\") (list \"p\" \"y\" \"t\" \"h\" \"o\" \"n\" \"3\" \".\" \"0\"))\n    (check-equal? (candidate \"item1\") (list \"i\" \"t\" \"e\" \"m\" \"1\"))\n    (check-equal? (candidate \"15.10\") (list \"1\" \"5\" \".\" \"1\" \"0\"))\n))\n\n(test-humaneval)",
      "timestamp": 1665510133,
      "stdout": "",
      "stderr": "--------------------\nFAILURE\nname:       check-equal?\nlocation:   /tmp/tmp3zqzmcy2.rkt:12:4\nactual:     '(#\\p #\\y #\\t #\\h #\\o #\\n #\\space #\\3 #\\. #\\0)\nexpected:   '(\"p\" \"y\" \"t\" \"h\" \"o\" \"n\" \"3\" \".\" \"0\")\n--------------------\n--------------------\nFAILURE\nname:       check-equal?\nlocation:   /tmp/tmp3zqzmcy2.rkt:13:4\nactual:     '(#\\i #\\t #\\e #\\m #\\1)\nexpected:   '(\"i\" \"t\" \"e\" \"m\" \"1\")\n--------------------\n--------------------\nFAILURE\nname:       check-equal?\nlocation:   /tmp/tmp3zqzmcy2.rkt:14:4\nactual:     '(#\\1 #\\5 #\\. #\\1 #\\0)\nexpected:   '(\"1\" \"5\" \".\" \"1\" \"0\")\n--------------------\n",
      "exit_code": 0,
      "status": "Exception"
    },
    {
      "program": "#lang racket\n\n;; Write a function to convert a given string to a list of characters.\n(define (string_to_tuple str1)\n  (list->tuple (string->list str1)))\n\n(require rackunit)\n\n(define (test-humaneval) \n\n  (let (( candidate string_to_tuple))\n    (check-equal? (candidate \"python 3.0\") (list \"p\" \"y\" \"t\" \"h\" \"o\" \"n\" \"3\" \".\" \"0\"))\n    (check-equal? (candidate \"item1\") (list \"i\" \"t\" \"e\" \"m\" \"1\"))\n    (check-equal? (candidate \"15.10\") (list \"1\" \"5\" \".\" \"1\" \"0\"))\n))\n\n(test-humaneval)",
      "timestamp": 1665510133,
      "stdout": "",
      "stderr": "/tmp/tmpdikoswwi.rkt:5:3: list->tuple: unbound identifier\n  in: list->tuple\n  location...:\n   /tmp/tmpdikoswwi.rkt:5:3\n",
      "exit_code": 1,
      "status": "Exception"
    },
    {
      "program": "#lang racket\n\n;; Write a function to convert a given string to a list of characters.\n(define (string_to_tuple str1)\n  (string-&gt;list str1))\n\n(require rackunit)\n\n(define (test-humaneval) \n\n  (let (( candidate string_to_tuple))\n    (check-equal? (candidate \"python 3.0\") (list \"p\" \"y\" \"t\" \"h\" \"o\" \"n\" \"3\" \".\" \"0\"))\n    (check-equal? (candidate \"item1\") (list \"i\" \"t\" \"e\" \"m\" \"1\"))\n    (check-equal? (candidate \"15.10\") (list \"1\" \"5\" \".\" \"1\" \"0\"))\n))\n\n(test-humaneval)",
      "timestamp": 1665510133,
      "stdout": "",
      "stderr": "/tmp/tmp65qtae8x.rkt:5:2: read-syntax: expected a `)` to close `(`\n  possible cause: indentation suggests a missing `)` before line 7\n  context...:\n   /work/arjunguha-research-group/software/racket/collects/syntax/module-reader.rkt:186:17: body\n   /work/arjunguha-research-group/software/racket/collects/syntax/module-reader.rkt:183:2: wrap-internal\n   /work/arjunguha-research-group/software/racket/collects/racket/../syntax/module-reader.rkt:67:9: wrap-internal/wrapper\n",
      "exit_code": 1,
      "status": "SyntaxError"
    },
    {
      "program": "#lang racket\n\n;; Write a function to convert a given string to a list of characters.\n(define (string_to_tuple str1)\n  (map (lambda (x) (list x)) str1))\n\n(require rackunit)\n\n(define (test-humaneval) \n\n  (let (( candidate string_to_tuple))\n    (check-equal? (candidate \"python 3.0\") (list \"p\" \"y\" \"t\" \"h\" \"o\" \"n\" \"3\" \".\" \"0\"))\n    (check-equal? (candidate \"item1\") (list \"i\" \"t\" \"e\" \"m\" \"1\"))\n    (check-equal? (candidate \"15.10\") (list \"1\" \"5\" \".\" \"1\" \"0\"))\n))\n\n(test-humaneval)",
      "timestamp": 1666122958,
      "stdout": "",
      "stderr": "--------------------\nERROR\nname:       check-equal?\nlocation:   /tmp/tmp96n0gf03.rkt:12:4\n\nmap: contract violation\n  expected: list?\n  given: \"python 3.0\"\n--------------------\n--------------------\nERROR\nname:       check-equal?\nlocation:   /tmp/tmp96n0gf03.rkt:13:4\n\nmap: contract violation\n  expected: list?\n  given: \"item1\"\n--------------------\n--------------------\nERROR\nname:       check-equal?\nlocation:   /tmp/tmp96n0gf03.rkt:14:4\n\nmap: contract violation\n  expected: list?\n  given: \"15.10\"\n--------------------\n",
      "exit_code": 0,
      "status": "Exception"
    },
    {
      "program": "#lang racket\n\n;; Write a function to convert a given string to a list of characters.\n(define (string_to_tuple str1)\n  (string->list str1))\n\n(require rackunit)\n\n(define (test-humaneval) \n\n  (let (( candidate string_to_tuple))\n    (check-equal? (candidate \"python 3.0\") (list \"p\" \"y\" \"t\" \"h\" \"o\" \"n\" \"3\" \".\" \"0\"))\n    (check-equal? (candidate \"item1\") (list \"i\" \"t\" \"e\" \"m\" \"1\"))\n    (check-equal? (candidate \"15.10\") (list \"1\" \"5\" \".\" \"1\" \"0\"))\n))\n\n(test-humaneval)",
      "timestamp": 1665510133,
      "stdout": "",
      "stderr": "--------------------\nFAILURE\nname:       check-equal?\nlocation:   /tmp/tmp3zqzmcy2.rkt:12:4\nactual:     '(#\\p #\\y #\\t #\\h #\\o #\\n #\\space #\\3 #\\. #\\0)\nexpected:   '(\"p\" \"y\" \"t\" \"h\" \"o\" \"n\" \"3\" \".\" \"0\")\n--------------------\n--------------------\nFAILURE\nname:       check-equal?\nlocation:   /tmp/tmp3zqzmcy2.rkt:13:4\nactual:     '(#\\i #\\t #\\e #\\m #\\1)\nexpected:   '(\"i\" \"t\" \"e\" \"m\" \"1\")\n--------------------\n--------------------\nFAILURE\nname:       check-equal?\nlocation:   /tmp/tmp3zqzmcy2.rkt:14:4\nactual:     '(#\\1 #\\5 #\\. #\\1 #\\0)\nexpected:   '(\"1\" \"5\" \".\" \"1\" \"0\")\n--------------------\n",
      "exit_code": 0,
      "status": "Exception"
    },
    {
      "program": "#lang racket\n\n;; Write a function to convert a given string to a list of characters.\n(define (string_to_tuple str1)\n  (string->list str1))\n\n(require rackunit)\n\n(define (test-humaneval) \n\n  (let (( candidate string_to_tuple))\n    (check-equal? (candidate \"python 3.0\") (list \"p\" \"y\" \"t\" \"h\" \"o\" \"n\" \"3\" \".\" \"0\"))\n    (check-equal? (candidate \"item1\") (list \"i\" \"t\" \"e\" \"m\" \"1\"))\n    (check-equal? (candidate \"15.10\") (list \"1\" \"5\" \".\" \"1\" \"0\"))\n))\n\n(test-humaneval)",
      "timestamp": 1665510133,
      "stdout": "",
      "stderr": "--------------------\nFAILURE\nname:       check-equal?\nlocation:   /tmp/tmp3zqzmcy2.rkt:12:4\nactual:     '(#\\p #\\y #\\t #\\h #\\o #\\n #\\space #\\3 #\\. #\\0)\nexpected:   '(\"p\" \"y\" \"t\" \"h\" \"o\" \"n\" \"3\" \".\" \"0\")\n--------------------\n--------------------\nFAILURE\nname:       check-equal?\nlocation:   /tmp/tmp3zqzmcy2.rkt:13:4\nactual:     '(#\\i #\\t #\\e #\\m #\\1)\nexpected:   '(\"i\" \"t\" \"e\" \"m\" \"1\")\n--------------------\n--------------------\nFAILURE\nname:       check-equal?\nlocation:   /tmp/tmp3zqzmcy2.rkt:14:4\nactual:     '(#\\1 #\\5 #\\. #\\1 #\\0)\nexpected:   '(\"1\" \"5\" \".\" \"1\" \"0\")\n--------------------\n",
      "exit_code": 0,
      "status": "Exception"
    },
    {
      "program": "#lang racket\n\n;; Write a function to convert a given string to a list of characters.\n(define (string_to_tuple str1)\n  (string-&gt;list str1))\n\n(require rackunit)\n\n(define (test-humaneval) \n\n  (let (( candidate string_to_tuple))\n    (check-equal? (candidate \"python 3.0\") (list \"p\" \"y\" \"t\" \"h\" \"o\" \"n\" \"3\" \".\" \"0\"))\n    (check-equal? (candidate \"item1\") (list \"i\" \"t\" \"e\" \"m\" \"1\"))\n    (check-equal? (candidate \"15.10\") (list \"1\" \"5\" \".\" \"1\" \"0\"))\n))\n\n(test-humaneval)",
      "timestamp": 1665510133,
      "stdout": "",
      "stderr": "/tmp/tmp65qtae8x.rkt:5:2: read-syntax: expected a `)` to close `(`\n  possible cause: indentation suggests a missing `)` before line 7\n  context...:\n   /work/arjunguha-research-group/software/racket/collects/syntax/module-reader.rkt:186:17: body\n   /work/arjunguha-research-group/software/racket/collects/syntax/module-reader.rkt:183:2: wrap-internal\n   /work/arjunguha-research-group/software/racket/collects/racket/../syntax/module-reader.rkt:67:9: wrap-internal/wrapper\n",
      "exit_code": 1,
      "status": "SyntaxError"
    },
    {
      "program": "#lang racket\n\n;; Write a function to convert a given string to a list of characters.\n(define (string_to_tuple str1)\n  (tuple->list (string->tuple str1)))\n\n(require rackunit)\n\n(define (test-humaneval) \n\n  (let (( candidate string_to_tuple))\n    (check-equal? (candidate \"python 3.0\") (list \"p\" \"y\" \"t\" \"h\" \"o\" \"n\" \"3\" \".\" \"0\"))\n    (check-equal? (candidate \"item1\") (list \"i\" \"t\" \"e\" \"m\" \"1\"))\n    (check-equal? (candidate \"15.10\") (list \"1\" \"5\" \".\" \"1\" \"0\"))\n))\n\n(test-humaneval)",
      "timestamp": 1665510133,
      "stdout": "",
      "stderr": "/tmp/tmp0ojbk7pm.rkt:5:3: tuple->list: unbound identifier\n  in: tuple->list\n  location...:\n   /tmp/tmp0ojbk7pm.rkt:5:3\n",
      "exit_code": 1,
      "status": "Exception"
    },
    {
      "program": "#lang racket\n\n;; Write a function to convert a given string to a list of characters.\n(define (string_to_tuple str1)\n  (string->list str1))\n\n(require rackunit)\n\n(define (test-humaneval) \n\n  (let (( candidate string_to_tuple))\n    (check-equal? (candidate \"python 3.0\") (list \"p\" \"y\" \"t\" \"h\" \"o\" \"n\" \"3\" \".\" \"0\"))\n    (check-equal? (candidate \"item1\") (list \"i\" \"t\" \"e\" \"m\" \"1\"))\n    (check-equal? (candidate \"15.10\") (list \"1\" \"5\" \".\" \"1\" \"0\"))\n))\n\n(test-humaneval)",
      "timestamp": 1665510133,
      "stdout": "",
      "stderr": "--------------------\nFAILURE\nname:       check-equal?\nlocation:   /tmp/tmp3zqzmcy2.rkt:12:4\nactual:     '(#\\p #\\y #\\t #\\h #\\o #\\n #\\space #\\3 #\\. #\\0)\nexpected:   '(\"p\" \"y\" \"t\" \"h\" \"o\" \"n\" \"3\" \".\" \"0\")\n--------------------\n--------------------\nFAILURE\nname:       check-equal?\nlocation:   /tmp/tmp3zqzmcy2.rkt:13:4\nactual:     '(#\\i #\\t #\\e #\\m #\\1)\nexpected:   '(\"i\" \"t\" \"e\" \"m\" \"1\")\n--------------------\n--------------------\nFAILURE\nname:       check-equal?\nlocation:   /tmp/tmp3zqzmcy2.rkt:14:4\nactual:     '(#\\1 #\\5 #\\. #\\1 #\\0)\nexpected:   '(\"1\" \"5\" \".\" \"1\" \"0\")\n--------------------\n",
      "exit_code": 0,
      "status": "Exception"
    },
    {
      "program": "#lang racket\n\n;; Write a function to convert a given string to a list of characters.\n(define (string_to_tuple str1)\n  (string-&gt;list str1))\n\n(require rackunit)\n\n(define (test-humaneval) \n\n  (let (( candidate string_to_tuple))\n    (check-equal? (candidate \"python 3.0\") (list \"p\" \"y\" \"t\" \"h\" \"o\" \"n\" \"3\" \".\" \"0\"))\n    (check-equal? (candidate \"item1\") (list \"i\" \"t\" \"e\" \"m\" \"1\"))\n    (check-equal? (candidate \"15.10\") (list \"1\" \"5\" \".\" \"1\" \"0\"))\n))\n\n(test-humaneval)",
      "timestamp": 1665510133,
      "stdout": "",
      "stderr": "/tmp/tmp65qtae8x.rkt:5:2: read-syntax: expected a `)` to close `(`\n  possible cause: indentation suggests a missing `)` before line 7\n  context...:\n   /work/arjunguha-research-group/software/racket/collects/syntax/module-reader.rkt:186:17: body\n   /work/arjunguha-research-group/software/racket/collects/syntax/module-reader.rkt:183:2: wrap-internal\n   /work/arjunguha-research-group/software/racket/collects/racket/../syntax/module-reader.rkt:67:9: wrap-internal/wrapper\n",
      "exit_code": 1,
      "status": "SyntaxError"
    },
    {
      "program": "#lang racket\n\n;; Write a function to convert a given string to a list of characters.\n(define (string_to_tuple str1)\n  (string->list str1))\n\n(require rackunit)\n\n(define (test-humaneval) \n\n  (let (( candidate string_to_tuple))\n    (check-equal? (candidate \"python 3.0\") (list \"p\" \"y\" \"t\" \"h\" \"o\" \"n\" \"3\" \".\" \"0\"))\n    (check-equal? (candidate \"item1\") (list \"i\" \"t\" \"e\" \"m\" \"1\"))\n    (check-equal? (candidate \"15.10\") (list \"1\" \"5\" \".\" \"1\" \"0\"))\n))\n\n(test-humaneval)",
      "timestamp": 1665510133,
      "stdout": "",
      "stderr": "--------------------\nFAILURE\nname:       check-equal?\nlocation:   /tmp/tmp3zqzmcy2.rkt:12:4\nactual:     '(#\\p #\\y #\\t #\\h #\\o #\\n #\\space #\\3 #\\. #\\0)\nexpected:   '(\"p\" \"y\" \"t\" \"h\" \"o\" \"n\" \"3\" \".\" \"0\")\n--------------------\n--------------------\nFAILURE\nname:       check-equal?\nlocation:   /tmp/tmp3zqzmcy2.rkt:13:4\nactual:     '(#\\i #\\t #\\e #\\m #\\1)\nexpected:   '(\"i\" \"t\" \"e\" \"m\" \"1\")\n--------------------\n--------------------\nFAILURE\nname:       check-equal?\nlocation:   /tmp/tmp3zqzmcy2.rkt:14:4\nactual:     '(#\\1 #\\5 #\\. #\\1 #\\0)\nexpected:   '(\"1\" \"5\" \".\" \"1\" \"0\")\n--------------------\n",
      "exit_code": 0,
      "status": "Exception"
    },
    {
      "program": "#lang racket\n\n;; Write a function to convert a given string to a list of characters.\n(define (string_to_tuple str1)\n  (string-&gt;list str1))\n\n(require rackunit)\n\n(define (test-humaneval) \n\n  (let (( candidate string_to_tuple))\n    (check-equal? (candidate \"python 3.0\") (list \"p\" \"y\" \"t\" \"h\" \"o\" \"n\" \"3\" \".\" \"0\"))\n    (check-equal? (candidate \"item1\") (list \"i\" \"t\" \"e\" \"m\" \"1\"))\n    (check-equal? (candidate \"15.10\") (list \"1\" \"5\" \".\" \"1\" \"0\"))\n))\n\n(test-humaneval)",
      "timestamp": 1665510133,
      "stdout": "",
      "stderr": "/tmp/tmp65qtae8x.rkt:5:2: read-syntax: expected a `)` to close `(`\n  possible cause: indentation suggests a missing `)` before line 7\n  context...:\n   /work/arjunguha-research-group/software/racket/collects/syntax/module-reader.rkt:186:17: body\n   /work/arjunguha-research-group/software/racket/collects/syntax/module-reader.rkt:183:2: wrap-internal\n   /work/arjunguha-research-group/software/racket/collects/racket/../syntax/module-reader.rkt:67:9: wrap-internal/wrapper\n",
      "exit_code": 1,
      "status": "SyntaxError"
    },
    {
      "program": "#lang racket\n\n;; Write a function to convert a given string to a list of characters.\n(define (string_to_tuple str1)\n  (string-&gt;list str1))\n\n(require rackunit)\n\n(define (test-humaneval) \n\n  (let (( candidate string_to_tuple))\n    (check-equal? (candidate \"python 3.0\") (list \"p\" \"y\" \"t\" \"h\" \"o\" \"n\" \"3\" \".\" \"0\"))\n    (check-equal? (candidate \"item1\") (list \"i\" \"t\" \"e\" \"m\" \"1\"))\n    (check-equal? (candidate \"15.10\") (list \"1\" \"5\" \".\" \"1\" \"0\"))\n))\n\n(test-humaneval)",
      "timestamp": 1665510133,
      "stdout": "",
      "stderr": "/tmp/tmp65qtae8x.rkt:5:2: read-syntax: expected a `)` to close `(`\n  possible cause: indentation suggests a missing `)` before line 7\n  context...:\n   /work/arjunguha-research-group/software/racket/collects/syntax/module-reader.rkt:186:17: body\n   /work/arjunguha-research-group/software/racket/collects/syntax/module-reader.rkt:183:2: wrap-internal\n   /work/arjunguha-research-group/software/racket/collects/racket/../syntax/module-reader.rkt:67:9: wrap-internal/wrapper\n",
      "exit_code": 1,
      "status": "SyntaxError"
    },
    {
      "program": "#lang racket\n\n;; Write a function to convert a given string to a list of characters.\n(define (string_to_tuple str1)\n  (string->list str1))\n\n(require rackunit)\n\n(define (test-humaneval) \n\n  (let (( candidate string_to_tuple))\n    (check-equal? (candidate \"python 3.0\") (list \"p\" \"y\" \"t\" \"h\" \"o\" \"n\" \"3\" \".\" \"0\"))\n    (check-equal? (candidate \"item1\") (list \"i\" \"t\" \"e\" \"m\" \"1\"))\n    (check-equal? (candidate \"15.10\") (list \"1\" \"5\" \".\" \"1\" \"0\"))\n))\n\n(test-humaneval)",
      "timestamp": 1665510133,
      "stdout": "",
      "stderr": "--------------------\nFAILURE\nname:       check-equal?\nlocation:   /tmp/tmp3zqzmcy2.rkt:12:4\nactual:     '(#\\p #\\y #\\t #\\h #\\o #\\n #\\space #\\3 #\\. #\\0)\nexpected:   '(\"p\" \"y\" \"t\" \"h\" \"o\" \"n\" \"3\" \".\" \"0\")\n--------------------\n--------------------\nFAILURE\nname:       check-equal?\nlocation:   /tmp/tmp3zqzmcy2.rkt:13:4\nactual:     '(#\\i #\\t #\\e #\\m #\\1)\nexpected:   '(\"i\" \"t\" \"e\" \"m\" \"1\")\n--------------------\n--------------------\nFAILURE\nname:       check-equal?\nlocation:   /tmp/tmp3zqzmcy2.rkt:14:4\nactual:     '(#\\1 #\\5 #\\. #\\1 #\\0)\nexpected:   '(\"1\" \"5\" \".\" \"1\" \"0\")\n--------------------\n",
      "exit_code": 0,
      "status": "Exception"
    },
    {
      "program": "#lang racket\n\n;; Write a function to convert a given string to a list of characters.\n(define (string_to_tuple str1)\n  (string-&gt;list str1))\n\n(require rackunit)\n\n(define (test-humaneval) \n\n  (let (( candidate string_to_tuple))\n    (check-equal? (candidate \"python 3.0\") (list \"p\" \"y\" \"t\" \"h\" \"o\" \"n\" \"3\" \".\" \"0\"))\n    (check-equal? (candidate \"item1\") (list \"i\" \"t\" \"e\" \"m\" \"1\"))\n    (check-equal? (candidate \"15.10\") (list \"1\" \"5\" \".\" \"1\" \"0\"))\n))\n\n(test-humaneval)",
      "timestamp": 1665510133,
      "stdout": "",
      "stderr": "/tmp/tmp65qtae8x.rkt:5:2: read-syntax: expected a `)` to close `(`\n  possible cause: indentation suggests a missing `)` before line 7\n  context...:\n   /work/arjunguha-research-group/software/racket/collects/syntax/module-reader.rkt:186:17: body\n   /work/arjunguha-research-group/software/racket/collects/syntax/module-reader.rkt:183:2: wrap-internal\n   /work/arjunguha-research-group/software/racket/collects/racket/../syntax/module-reader.rkt:67:9: wrap-internal/wrapper\n",
      "exit_code": 1,
      "status": "SyntaxError"
    },
    {
      "program": "#lang racket\n\n;; Write a function to convert a given string to a list of characters.\n(define (string_to_tuple str1)\n  (string->list str1))\n\n(require rackunit)\n\n(define (test-humaneval) \n\n  (let (( candidate string_to_tuple))\n    (check-equal? (candidate \"python 3.0\") (list \"p\" \"y\" \"t\" \"h\" \"o\" \"n\" \"3\" \".\" \"0\"))\n    (check-equal? (candidate \"item1\") (list \"i\" \"t\" \"e\" \"m\" \"1\"))\n    (check-equal? (candidate \"15.10\") (list \"1\" \"5\" \".\" \"1\" \"0\"))\n))\n\n(test-humaneval)",
      "timestamp": 1665510133,
      "stdout": "",
      "stderr": "--------------------\nFAILURE\nname:       check-equal?\nlocation:   /tmp/tmp3zqzmcy2.rkt:12:4\nactual:     '(#\\p #\\y #\\t #\\h #\\o #\\n #\\space #\\3 #\\. #\\0)\nexpected:   '(\"p\" \"y\" \"t\" \"h\" \"o\" \"n\" \"3\" \".\" \"0\")\n--------------------\n--------------------\nFAILURE\nname:       check-equal?\nlocation:   /tmp/tmp3zqzmcy2.rkt:13:4\nactual:     '(#\\i #\\t #\\e #\\m #\\1)\nexpected:   '(\"i\" \"t\" \"e\" \"m\" \"1\")\n--------------------\n--------------------\nFAILURE\nname:       check-equal?\nlocation:   /tmp/tmp3zqzmcy2.rkt:14:4\nactual:     '(#\\1 #\\5 #\\. #\\1 #\\0)\nexpected:   '(\"1\" \"5\" \".\" \"1\" \"0\")\n--------------------\n",
      "exit_code": 0,
      "status": "Exception"
    },
    {
      "program": "#lang racket\n\n;; Write a function to convert a given string to a list of characters.\n(define (string_to_tuple str1)\n  (string-&gt;list str1))\n\n(require rackunit)\n\n(define (test-humaneval) \n\n  (let (( candidate string_to_tuple))\n    (check-equal? (candidate \"python 3.0\") (list \"p\" \"y\" \"t\" \"h\" \"o\" \"n\" \"3\" \".\" \"0\"))\n    (check-equal? (candidate \"item1\") (list \"i\" \"t\" \"e\" \"m\" \"1\"))\n    (check-equal? (candidate \"15.10\") (list \"1\" \"5\" \".\" \"1\" \"0\"))\n))\n\n(test-humaneval)",
      "timestamp": 1665510133,
      "stdout": "",
      "stderr": "/tmp/tmp65qtae8x.rkt:5:2: read-syntax: expected a `)` to close `(`\n  possible cause: indentation suggests a missing `)` before line 7\n  context...:\n   /work/arjunguha-research-group/software/racket/collects/syntax/module-reader.rkt:186:17: body\n   /work/arjunguha-research-group/software/racket/collects/syntax/module-reader.rkt:183:2: wrap-internal\n   /work/arjunguha-research-group/software/racket/collects/racket/../syntax/module-reader.rkt:67:9: wrap-internal/wrapper\n",
      "exit_code": 1,
      "status": "SyntaxError"
    },
    {
      "program": "#lang racket\n\n;; Write a function to convert a given string to a list of characters.\n(define (string_to_tuple str1)\n  (string-&gt;list str1))\n\n(require rackunit)\n\n(define (test-humaneval) \n\n  (let (( candidate string_to_tuple))\n    (check-equal? (candidate \"python 3.0\") (list \"p\" \"y\" \"t\" \"h\" \"o\" \"n\" \"3\" \".\" \"0\"))\n    (check-equal? (candidate \"item1\") (list \"i\" \"t\" \"e\" \"m\" \"1\"))\n    (check-equal? (candidate \"15.10\") (list \"1\" \"5\" \".\" \"1\" \"0\"))\n))\n\n(test-humaneval)",
      "timestamp": 1665510133,
      "stdout": "",
      "stderr": "/tmp/tmp65qtae8x.rkt:5:2: read-syntax: expected a `)` to close `(`\n  possible cause: indentation suggests a missing `)` before line 7\n  context...:\n   /work/arjunguha-research-group/software/racket/collects/syntax/module-reader.rkt:186:17: body\n   /work/arjunguha-research-group/software/racket/collects/syntax/module-reader.rkt:183:2: wrap-internal\n   /work/arjunguha-research-group/software/racket/collects/racket/../syntax/module-reader.rkt:67:9: wrap-internal/wrapper\n",
      "exit_code": 1,
      "status": "SyntaxError"
    },
    {
      "program": "#lang racket\n\n;; Write a function to convert a given string to a list of characters.\n(define (string_to_tuple str1)\n  (string-&gt;list str1))\n\n(require rackunit)\n\n(define (test-humaneval) \n\n  (let (( candidate string_to_tuple))\n    (check-equal? (candidate \"python 3.0\") (list \"p\" \"y\" \"t\" \"h\" \"o\" \"n\" \"3\" \".\" \"0\"))\n    (check-equal? (candidate \"item1\") (list \"i\" \"t\" \"e\" \"m\" \"1\"))\n    (check-equal? (candidate \"15.10\") (list \"1\" \"5\" \".\" \"1\" \"0\"))\n))\n\n(test-humaneval)",
      "timestamp": 1665510133,
      "stdout": "",
      "stderr": "/tmp/tmp65qtae8x.rkt:5:2: read-syntax: expected a `)` to close `(`\n  possible cause: indentation suggests a missing `)` before line 7\n  context...:\n   /work/arjunguha-research-group/software/racket/collects/syntax/module-reader.rkt:186:17: body\n   /work/arjunguha-research-group/software/racket/collects/syntax/module-reader.rkt:183:2: wrap-internal\n   /work/arjunguha-research-group/software/racket/collects/racket/../syntax/module-reader.rkt:67:9: wrap-internal/wrapper\n",
      "exit_code": 1,
      "status": "SyntaxError"
    },
    {
      "program": "#lang racket\n\n;; Write a function to convert a given string to a list of characters.\n(define (string_to_tuple str1)\n  (string-&gt;list str1))\n\n(require rackunit)\n\n(define (test-humaneval) \n\n  (let (( candidate string_to_tuple))\n    (check-equal? (candidate \"python 3.0\") (list \"p\" \"y\" \"t\" \"h\" \"o\" \"n\" \"3\" \".\" \"0\"))\n    (check-equal? (candidate \"item1\") (list \"i\" \"t\" \"e\" \"m\" \"1\"))\n    (check-equal? (candidate \"15.10\") (list \"1\" \"5\" \".\" \"1\" \"0\"))\n))\n\n(test-humaneval)",
      "timestamp": 1665510133,
      "stdout": "",
      "stderr": "/tmp/tmp65qtae8x.rkt:5:2: read-syntax: expected a `)` to close `(`\n  possible cause: indentation suggests a missing `)` before line 7\n  context...:\n   /work/arjunguha-research-group/software/racket/collects/syntax/module-reader.rkt:186:17: body\n   /work/arjunguha-research-group/software/racket/collects/syntax/module-reader.rkt:183:2: wrap-internal\n   /work/arjunguha-research-group/software/racket/collects/racket/../syntax/module-reader.rkt:67:9: wrap-internal/wrapper\n",
      "exit_code": 1,
      "status": "SyntaxError"
    },
    {
      "program": "#lang racket\n\n;; Write a function to convert a given string to a list of characters.\n(define (string_to_tuple str1)\n  (string->list str1))\n\n(require rackunit)\n\n(define (test-humaneval) \n\n  (let (( candidate string_to_tuple))\n    (check-equal? (candidate \"python 3.0\") (list \"p\" \"y\" \"t\" \"h\" \"o\" \"n\" \"3\" \".\" \"0\"))\n    (check-equal? (candidate \"item1\") (list \"i\" \"t\" \"e\" \"m\" \"1\"))\n    (check-equal? (candidate \"15.10\") (list \"1\" \"5\" \".\" \"1\" \"0\"))\n))\n\n(test-humaneval)",
      "timestamp": 1665510133,
      "stdout": "",
      "stderr": "--------------------\nFAILURE\nname:       check-equal?\nlocation:   /tmp/tmp3zqzmcy2.rkt:12:4\nactual:     '(#\\p #\\y #\\t #\\h #\\o #\\n #\\space #\\3 #\\. #\\0)\nexpected:   '(\"p\" \"y\" \"t\" \"h\" \"o\" \"n\" \"3\" \".\" \"0\")\n--------------------\n--------------------\nFAILURE\nname:       check-equal?\nlocation:   /tmp/tmp3zqzmcy2.rkt:13:4\nactual:     '(#\\i #\\t #\\e #\\m #\\1)\nexpected:   '(\"i\" \"t\" \"e\" \"m\" \"1\")\n--------------------\n--------------------\nFAILURE\nname:       check-equal?\nlocation:   /tmp/tmp3zqzmcy2.rkt:14:4\nactual:     '(#\\1 #\\5 #\\. #\\1 #\\0)\nexpected:   '(\"1\" \"5\" \".\" \"1\" \"0\")\n--------------------\n",
      "exit_code": 0,
      "status": "Exception"
    },
    {
      "program": "#lang racket\n\n;; Write a function to convert a given string to a list of characters.\n(define (string_to_tuple str1)\n  (string-&gt;list str1))\n\n(require rackunit)\n\n(define (test-humaneval) \n\n  (let (( candidate string_to_tuple))\n    (check-equal? (candidate \"python 3.0\") (list \"p\" \"y\" \"t\" \"h\" \"o\" \"n\" \"3\" \".\" \"0\"))\n    (check-equal? (candidate \"item1\") (list \"i\" \"t\" \"e\" \"m\" \"1\"))\n    (check-equal? (candidate \"15.10\") (list \"1\" \"5\" \".\" \"1\" \"0\"))\n))\n\n(test-humaneval)",
      "timestamp": 1665510133,
      "stdout": "",
      "stderr": "/tmp/tmp65qtae8x.rkt:5:2: read-syntax: expected a `)` to close `(`\n  possible cause: indentation suggests a missing `)` before line 7\n  context...:\n   /work/arjunguha-research-group/software/racket/collects/syntax/module-reader.rkt:186:17: body\n   /work/arjunguha-research-group/software/racket/collects/syntax/module-reader.rkt:183:2: wrap-internal\n   /work/arjunguha-research-group/software/racket/collects/racket/../syntax/module-reader.rkt:67:9: wrap-internal/wrapper\n",
      "exit_code": 1,
      "status": "SyntaxError"
    },
    {
      "program": "#lang racket\n\n;; Write a function to convert a given string to a list of characters.\n(define (string_to_tuple str1)\n  (string-&gt;list str1))\n\n(require rackunit)\n\n(define (test-humaneval) \n\n  (let (( candidate string_to_tuple))\n    (check-equal? (candidate \"python 3.0\") (list \"p\" \"y\" \"t\" \"h\" \"o\" \"n\" \"3\" \".\" \"0\"))\n    (check-equal? (candidate \"item1\") (list \"i\" \"t\" \"e\" \"m\" \"1\"))\n    (check-equal? (candidate \"15.10\") (list \"1\" \"5\" \".\" \"1\" \"0\"))\n))\n\n(test-humaneval)",
      "timestamp": 1665510133,
      "stdout": "",
      "stderr": "/tmp/tmp65qtae8x.rkt:5:2: read-syntax: expected a `)` to close `(`\n  possible cause: indentation suggests a missing `)` before line 7\n  context...:\n   /work/arjunguha-research-group/software/racket/collects/syntax/module-reader.rkt:186:17: body\n   /work/arjunguha-research-group/software/racket/collects/syntax/module-reader.rkt:183:2: wrap-internal\n   /work/arjunguha-research-group/software/racket/collects/racket/../syntax/module-reader.rkt:67:9: wrap-internal/wrapper\n",
      "exit_code": 1,
      "status": "SyntaxError"
    },
    {
      "program": "#lang racket\n\n;; Write a function to convert a given string to a list of characters.\n(define (string_to_tuple str1)\n  (string-&gt;list str1))\n\n(require rackunit)\n\n(define (test-humaneval) \n\n  (let (( candidate string_to_tuple))\n    (check-equal? (candidate \"python 3.0\") (list \"p\" \"y\" \"t\" \"h\" \"o\" \"n\" \"3\" \".\" \"0\"))\n    (check-equal? (candidate \"item1\") (list \"i\" \"t\" \"e\" \"m\" \"1\"))\n    (check-equal? (candidate \"15.10\") (list \"1\" \"5\" \".\" \"1\" \"0\"))\n))\n\n(test-humaneval)",
      "timestamp": 1665510133,
      "stdout": "",
      "stderr": "/tmp/tmp65qtae8x.rkt:5:2: read-syntax: expected a `)` to close `(`\n  possible cause: indentation suggests a missing `)` before line 7\n  context...:\n   /work/arjunguha-research-group/software/racket/collects/syntax/module-reader.rkt:186:17: body\n   /work/arjunguha-research-group/software/racket/collects/syntax/module-reader.rkt:183:2: wrap-internal\n   /work/arjunguha-research-group/software/racket/collects/racket/../syntax/module-reader.rkt:67:9: wrap-internal/wrapper\n",
      "exit_code": 1,
      "status": "SyntaxError"
    },
    {
      "program": "#lang racket\n\n;; Write a function to convert a given string to a list of characters.\n(define (string_to_tuple str1)\n  (string->list str1))\n\n(require rackunit)\n\n(define (test-humaneval) \n\n  (let (( candidate string_to_tuple))\n    (check-equal? (candidate \"python 3.0\") (list \"p\" \"y\" \"t\" \"h\" \"o\" \"n\" \"3\" \".\" \"0\"))\n    (check-equal? (candidate \"item1\") (list \"i\" \"t\" \"e\" \"m\" \"1\"))\n    (check-equal? (candidate \"15.10\") (list \"1\" \"5\" \".\" \"1\" \"0\"))\n))\n\n(test-humaneval)",
      "timestamp": 1665510133,
      "stdout": "",
      "stderr": "--------------------\nFAILURE\nname:       check-equal?\nlocation:   /tmp/tmp3zqzmcy2.rkt:12:4\nactual:     '(#\\p #\\y #\\t #\\h #\\o #\\n #\\space #\\3 #\\. #\\0)\nexpected:   '(\"p\" \"y\" \"t\" \"h\" \"o\" \"n\" \"3\" \".\" \"0\")\n--------------------\n--------------------\nFAILURE\nname:       check-equal?\nlocation:   /tmp/tmp3zqzmcy2.rkt:13:4\nactual:     '(#\\i #\\t #\\e #\\m #\\1)\nexpected:   '(\"i\" \"t\" \"e\" \"m\" \"1\")\n--------------------\n--------------------\nFAILURE\nname:       check-equal?\nlocation:   /tmp/tmp3zqzmcy2.rkt:14:4\nactual:     '(#\\1 #\\5 #\\. #\\1 #\\0)\nexpected:   '(\"1\" \"5\" \".\" \"1\" \"0\")\n--------------------\n",
      "exit_code": 0,
      "status": "Exception"
    },
    {
      "program": "#lang racket\n\n;; Write a function to convert a given string to a list of characters.\n(define (string_to_tuple str1)\n  (list->tuple (string->list str1)))\n\n(require rackunit)\n\n(define (test-humaneval) \n\n  (let (( candidate string_to_tuple))\n    (check-equal? (candidate \"python 3.0\") (list \"p\" \"y\" \"t\" \"h\" \"o\" \"n\" \"3\" \".\" \"0\"))\n    (check-equal? (candidate \"item1\") (list \"i\" \"t\" \"e\" \"m\" \"1\"))\n    (check-equal? (candidate \"15.10\") (list \"1\" \"5\" \".\" \"1\" \"0\"))\n))\n\n(test-humaneval)",
      "timestamp": 1665510133,
      "stdout": "",
      "stderr": "/tmp/tmpdikoswwi.rkt:5:3: list->tuple: unbound identifier\n  in: list->tuple\n  location...:\n   /tmp/tmpdikoswwi.rkt:5:3\n",
      "exit_code": 1,
      "status": "Exception"
    },
    {
      "program": "#lang racket\n\n;; Write a function to convert a given string to a list of characters.\n(define (string_to_tuple str1)\n  (string-&gt;list str1))\n\n(require rackunit)\n\n(define (test-humaneval) \n\n  (let (( candidate string_to_tuple))\n    (check-equal? (candidate \"python 3.0\") (list \"p\" \"y\" \"t\" \"h\" \"o\" \"n\" \"3\" \".\" \"0\"))\n    (check-equal? (candidate \"item1\") (list \"i\" \"t\" \"e\" \"m\" \"1\"))\n    (check-equal? (candidate \"15.10\") (list \"1\" \"5\" \".\" \"1\" \"0\"))\n))\n\n(test-humaneval)",
      "timestamp": 1665510133,
      "stdout": "",
      "stderr": "/tmp/tmp65qtae8x.rkt:5:2: read-syntax: expected a `)` to close `(`\n  possible cause: indentation suggests a missing `)` before line 7\n  context...:\n   /work/arjunguha-research-group/software/racket/collects/syntax/module-reader.rkt:186:17: body\n   /work/arjunguha-research-group/software/racket/collects/syntax/module-reader.rkt:183:2: wrap-internal\n   /work/arjunguha-research-group/software/racket/collects/racket/../syntax/module-reader.rkt:67:9: wrap-internal/wrapper\n",
      "exit_code": 1,
      "status": "SyntaxError"
    },
    {
      "program": "#lang racket\n\n;; Write a function to convert a given string to a list of characters.\n(define (string_to_tuple str1)\n  (string-&gt;list str1))\n\n(require rackunit)\n\n(define (test-humaneval) \n\n  (let (( candidate string_to_tuple))\n    (check-equal? (candidate \"python 3.0\") (list \"p\" \"y\" \"t\" \"h\" \"o\" \"n\" \"3\" \".\" \"0\"))\n    (check-equal? (candidate \"item1\") (list \"i\" \"t\" \"e\" \"m\" \"1\"))\n    (check-equal? (candidate \"15.10\") (list \"1\" \"5\" \".\" \"1\" \"0\"))\n))\n\n(test-humaneval)",
      "timestamp": 1665510133,
      "stdout": "",
      "stderr": "/tmp/tmp65qtae8x.rkt:5:2: read-syntax: expected a `)` to close `(`\n  possible cause: indentation suggests a missing `)` before line 7\n  context...:\n   /work/arjunguha-research-group/software/racket/collects/syntax/module-reader.rkt:186:17: body\n   /work/arjunguha-research-group/software/racket/collects/syntax/module-reader.rkt:183:2: wrap-internal\n   /work/arjunguha-research-group/software/racket/collects/racket/../syntax/module-reader.rkt:67:9: wrap-internal/wrapper\n",
      "exit_code": 1,
      "status": "SyntaxError"
    },
    {
      "program": "#lang racket\n\n;; Write a function to convert a given string to a list of characters.\n(define (string_to_tuple str1)\n  (string->list str1))\n\n(require rackunit)\n\n(define (test-humaneval) \n\n  (let (( candidate string_to_tuple))\n    (check-equal? (candidate \"python 3.0\") (list \"p\" \"y\" \"t\" \"h\" \"o\" \"n\" \"3\" \".\" \"0\"))\n    (check-equal? (candidate \"item1\") (list \"i\" \"t\" \"e\" \"m\" \"1\"))\n    (check-equal? (candidate \"15.10\") (list \"1\" \"5\" \".\" \"1\" \"0\"))\n))\n\n(test-humaneval)",
      "timestamp": 1665510133,
      "stdout": "",
      "stderr": "--------------------\nFAILURE\nname:       check-equal?\nlocation:   /tmp/tmp3zqzmcy2.rkt:12:4\nactual:     '(#\\p #\\y #\\t #\\h #\\o #\\n #\\space #\\3 #\\. #\\0)\nexpected:   '(\"p\" \"y\" \"t\" \"h\" \"o\" \"n\" \"3\" \".\" \"0\")\n--------------------\n--------------------\nFAILURE\nname:       check-equal?\nlocation:   /tmp/tmp3zqzmcy2.rkt:13:4\nactual:     '(#\\i #\\t #\\e #\\m #\\1)\nexpected:   '(\"i\" \"t\" \"e\" \"m\" \"1\")\n--------------------\n--------------------\nFAILURE\nname:       check-equal?\nlocation:   /tmp/tmp3zqzmcy2.rkt:14:4\nactual:     '(#\\1 #\\5 #\\. #\\1 #\\0)\nexpected:   '(\"1\" \"5\" \".\" \"1\" \"0\")\n--------------------\n",
      "exit_code": 0,
      "status": "Exception"
    },
    {
      "program": "#lang racket\n\n;; Write a function to convert a given string to a list of characters.\n(define (string_to_tuple str1)\n  (string-&gt;list str1))\n\n(require rackunit)\n\n(define (test-humaneval) \n\n  (let (( candidate string_to_tuple))\n    (check-equal? (candidate \"python 3.0\") (list \"p\" \"y\" \"t\" \"h\" \"o\" \"n\" \"3\" \".\" \"0\"))\n    (check-equal? (candidate \"item1\") (list \"i\" \"t\" \"e\" \"m\" \"1\"))\n    (check-equal? (candidate \"15.10\") (list \"1\" \"5\" \".\" \"1\" \"0\"))\n))\n\n(test-humaneval)",
      "timestamp": 1665510133,
      "stdout": "",
      "stderr": "/tmp/tmp65qtae8x.rkt:5:2: read-syntax: expected a `)` to close `(`\n  possible cause: indentation suggests a missing `)` before line 7\n  context...:\n   /work/arjunguha-research-group/software/racket/collects/syntax/module-reader.rkt:186:17: body\n   /work/arjunguha-research-group/software/racket/collects/syntax/module-reader.rkt:183:2: wrap-internal\n   /work/arjunguha-research-group/software/racket/collects/racket/../syntax/module-reader.rkt:67:9: wrap-internal/wrapper\n",
      "exit_code": 1,
      "status": "SyntaxError"
    },
    {
      "program": "#lang racket\n\n;; Write a function to convert a given string to a list of characters.\n(define (string_to_tuple str1)\n  (string-&gt;list str1))\n\n(require rackunit)\n\n(define (test-humaneval) \n\n  (let (( candidate string_to_tuple))\n    (check-equal? (candidate \"python 3.0\") (list \"p\" \"y\" \"t\" \"h\" \"o\" \"n\" \"3\" \".\" \"0\"))\n    (check-equal? (candidate \"item1\") (list \"i\" \"t\" \"e\" \"m\" \"1\"))\n    (check-equal? (candidate \"15.10\") (list \"1\" \"5\" \".\" \"1\" \"0\"))\n))\n\n(test-humaneval)",
      "timestamp": 1665510133,
      "stdout": "",
      "stderr": "/tmp/tmp65qtae8x.rkt:5:2: read-syntax: expected a `)` to close `(`\n  possible cause: indentation suggests a missing `)` before line 7\n  context...:\n   /work/arjunguha-research-group/software/racket/collects/syntax/module-reader.rkt:186:17: body\n   /work/arjunguha-research-group/software/racket/collects/syntax/module-reader.rkt:183:2: wrap-internal\n   /work/arjunguha-research-group/software/racket/collects/racket/../syntax/module-reader.rkt:67:9: wrap-internal/wrapper\n",
      "exit_code": 1,
      "status": "SyntaxError"
    },
    {
      "program": "#lang racket\n\n;; Write a function to convert a given string to a list of characters.\n(define (string_to_tuple str1)\n  (tuple->list (string-&gt;tuple str1)))\n\n(require rackunit)\n\n(define (test-humaneval) \n\n  (let (( candidate string_to_tuple))\n    (check-equal? (candidate \"python 3.0\") (list \"p\" \"y\" \"t\" \"h\" \"o\" \"n\" \"3\" \".\" \"0\"))\n    (check-equal? (candidate \"item1\") (list \"i\" \"t\" \"e\" \"m\" \"1\"))\n    (check-equal? (candidate \"15.10\") (list \"1\" \"5\" \".\" \"1\" \"0\"))\n))\n\n(test-humaneval)",
      "timestamp": 1666122957,
      "stdout": "",
      "stderr": "/tmp/tmpqb86tont.rkt:5:15: read-syntax: expected a `)` to close `(`\n  possible cause: indentation suggests a missing `)` before line 7\n  context...:\n   /work/arjunguha-research-group/software/racket/collects/syntax/module-reader.rkt:186:17: body\n   /work/arjunguha-research-group/software/racket/collects/syntax/module-reader.rkt:183:2: wrap-internal\n   /work/arjunguha-research-group/software/racket/collects/racket/../syntax/module-reader.rkt:67:9: wrap-internal/wrapper\n",
      "exit_code": 1,
      "status": "SyntaxError"
    },
    {
      "program": "#lang racket\n\n;; Write a function to convert a given string to a list of characters.\n(define (string_to_tuple str1)\n  (string-&gt;list str1))\n\n(require rackunit)\n\n(define (test-humaneval) \n\n  (let (( candidate string_to_tuple))\n    (check-equal? (candidate \"python 3.0\") (list \"p\" \"y\" \"t\" \"h\" \"o\" \"n\" \"3\" \".\" \"0\"))\n    (check-equal? (candidate \"item1\") (list \"i\" \"t\" \"e\" \"m\" \"1\"))\n    (check-equal? (candidate \"15.10\") (list \"1\" \"5\" \".\" \"1\" \"0\"))\n))\n\n(test-humaneval)",
      "timestamp": 1665510133,
      "stdout": "",
      "stderr": "/tmp/tmp65qtae8x.rkt:5:2: read-syntax: expected a `)` to close `(`\n  possible cause: indentation suggests a missing `)` before line 7\n  context...:\n   /work/arjunguha-research-group/software/racket/collects/syntax/module-reader.rkt:186:17: body\n   /work/arjunguha-research-group/software/racket/collects/syntax/module-reader.rkt:183:2: wrap-internal\n   /work/arjunguha-research-group/software/racket/collects/racket/../syntax/module-reader.rkt:67:9: wrap-internal/wrapper\n",
      "exit_code": 1,
      "status": "SyntaxError"
    },
    {
      "program": "#lang racket\n\n;; Write a function to convert a given string to a list of characters.\n(define (string_to_tuple str1)\n  (string-&gt;list str1))\n\n(require rackunit)\n\n(define (test-humaneval) \n\n  (let (( candidate string_to_tuple))\n    (check-equal? (candidate \"python 3.0\") (list \"p\" \"y\" \"t\" \"h\" \"o\" \"n\" \"3\" \".\" \"0\"))\n    (check-equal? (candidate \"item1\") (list \"i\" \"t\" \"e\" \"m\" \"1\"))\n    (check-equal? (candidate \"15.10\") (list \"1\" \"5\" \".\" \"1\" \"0\"))\n))\n\n(test-humaneval)",
      "timestamp": 1665510133,
      "stdout": "",
      "stderr": "/tmp/tmp65qtae8x.rkt:5:2: read-syntax: expected a `)` to close `(`\n  possible cause: indentation suggests a missing `)` before line 7\n  context...:\n   /work/arjunguha-research-group/software/racket/collects/syntax/module-reader.rkt:186:17: body\n   /work/arjunguha-research-group/software/racket/collects/syntax/module-reader.rkt:183:2: wrap-internal\n   /work/arjunguha-research-group/software/racket/collects/racket/../syntax/module-reader.rkt:67:9: wrap-internal/wrapper\n",
      "exit_code": 1,
      "status": "SyntaxError"
    },
    {
      "program": "#lang racket\n\n;; Write a function to convert a given string to a list of characters.\n(define (string_to_tuple str1)\n  (string->list str1))\n\n(require rackunit)\n\n(define (test-humaneval) \n\n  (let (( candidate string_to_tuple))\n    (check-equal? (candidate \"python 3.0\") (list \"p\" \"y\" \"t\" \"h\" \"o\" \"n\" \"3\" \".\" \"0\"))\n    (check-equal? (candidate \"item1\") (list \"i\" \"t\" \"e\" \"m\" \"1\"))\n    (check-equal? (candidate \"15.10\") (list \"1\" \"5\" \".\" \"1\" \"0\"))\n))\n\n(test-humaneval)",
      "timestamp": 1665510133,
      "stdout": "",
      "stderr": "--------------------\nFAILURE\nname:       check-equal?\nlocation:   /tmp/tmp3zqzmcy2.rkt:12:4\nactual:     '(#\\p #\\y #\\t #\\h #\\o #\\n #\\space #\\3 #\\. #\\0)\nexpected:   '(\"p\" \"y\" \"t\" \"h\" \"o\" \"n\" \"3\" \".\" \"0\")\n--------------------\n--------------------\nFAILURE\nname:       check-equal?\nlocation:   /tmp/tmp3zqzmcy2.rkt:13:4\nactual:     '(#\\i #\\t #\\e #\\m #\\1)\nexpected:   '(\"i\" \"t\" \"e\" \"m\" \"1\")\n--------------------\n--------------------\nFAILURE\nname:       check-equal?\nlocation:   /tmp/tmp3zqzmcy2.rkt:14:4\nactual:     '(#\\1 #\\5 #\\. #\\1 #\\0)\nexpected:   '(\"1\" \"5\" \".\" \"1\" \"0\")\n--------------------\n",
      "exit_code": 0,
      "status": "Exception"
    },
    {
      "program": "#lang racket\n\n;; Write a function to convert a given string to a list of characters.\n(define (string_to_tuple str1)\n  (string-&gt;list str1))\n\n(require rackunit)\n\n(define (test-humaneval) \n\n  (let (( candidate string_to_tuple))\n    (check-equal? (candidate \"python 3.0\") (list \"p\" \"y\" \"t\" \"h\" \"o\" \"n\" \"3\" \".\" \"0\"))\n    (check-equal? (candidate \"item1\") (list \"i\" \"t\" \"e\" \"m\" \"1\"))\n    (check-equal? (candidate \"15.10\") (list \"1\" \"5\" \".\" \"1\" \"0\"))\n))\n\n(test-humaneval)",
      "timestamp": 1665510133,
      "stdout": "",
      "stderr": "/tmp/tmp65qtae8x.rkt:5:2: read-syntax: expected a `)` to close `(`\n  possible cause: indentation suggests a missing `)` before line 7\n  context...:\n   /work/arjunguha-research-group/software/racket/collects/syntax/module-reader.rkt:186:17: body\n   /work/arjunguha-research-group/software/racket/collects/syntax/module-reader.rkt:183:2: wrap-internal\n   /work/arjunguha-research-group/software/racket/collects/racket/../syntax/module-reader.rkt:67:9: wrap-internal/wrapper\n",
      "exit_code": 1,
      "status": "SyntaxError"
    },
    {
      "program": "#lang racket\n\n;; Write a function to convert a given string to a list of characters.\n(define (string_to_tuple str1)\n  (string-&gt;list str1))\n\n(require rackunit)\n\n(define (test-humaneval) \n\n  (let (( candidate string_to_tuple))\n    (check-equal? (candidate \"python 3.0\") (list \"p\" \"y\" \"t\" \"h\" \"o\" \"n\" \"3\" \".\" \"0\"))\n    (check-equal? (candidate \"item1\") (list \"i\" \"t\" \"e\" \"m\" \"1\"))\n    (check-equal? (candidate \"15.10\") (list \"1\" \"5\" \".\" \"1\" \"0\"))\n))\n\n(test-humaneval)",
      "timestamp": 1665510133,
      "stdout": "",
      "stderr": "/tmp/tmp65qtae8x.rkt:5:2: read-syntax: expected a `)` to close `(`\n  possible cause: indentation suggests a missing `)` before line 7\n  context...:\n   /work/arjunguha-research-group/software/racket/collects/syntax/module-reader.rkt:186:17: body\n   /work/arjunguha-research-group/software/racket/collects/syntax/module-reader.rkt:183:2: wrap-internal\n   /work/arjunguha-research-group/software/racket/collects/racket/../syntax/module-reader.rkt:67:9: wrap-internal/wrapper\n",
      "exit_code": 1,
      "status": "SyntaxError"
    },
    {
      "program": "#lang racket\n\n;; Write a function to convert a given string to a list of characters.\n(define (string_to_tuple str1)\n  (string->list str1))\n\n(require rackunit)\n\n(define (test-humaneval) \n\n  (let (( candidate string_to_tuple))\n    (check-equal? (candidate \"python 3.0\") (list \"p\" \"y\" \"t\" \"h\" \"o\" \"n\" \"3\" \".\" \"0\"))\n    (check-equal? (candidate \"item1\") (list \"i\" \"t\" \"e\" \"m\" \"1\"))\n    (check-equal? (candidate \"15.10\") (list \"1\" \"5\" \".\" \"1\" \"0\"))\n))\n\n(test-humaneval)",
      "timestamp": 1665510133,
      "stdout": "",
      "stderr": "--------------------\nFAILURE\nname:       check-equal?\nlocation:   /tmp/tmp3zqzmcy2.rkt:12:4\nactual:     '(#\\p #\\y #\\t #\\h #\\o #\\n #\\space #\\3 #\\. #\\0)\nexpected:   '(\"p\" \"y\" \"t\" \"h\" \"o\" \"n\" \"3\" \".\" \"0\")\n--------------------\n--------------------\nFAILURE\nname:       check-equal?\nlocation:   /tmp/tmp3zqzmcy2.rkt:13:4\nactual:     '(#\\i #\\t #\\e #\\m #\\1)\nexpected:   '(\"i\" \"t\" \"e\" \"m\" \"1\")\n--------------------\n--------------------\nFAILURE\nname:       check-equal?\nlocation:   /tmp/tmp3zqzmcy2.rkt:14:4\nactual:     '(#\\1 #\\5 #\\. #\\1 #\\0)\nexpected:   '(\"1\" \"5\" \".\" \"1\" \"0\")\n--------------------\n",
      "exit_code": 0,
      "status": "Exception"
    },
    {
      "program": "#lang racket\n\n;; Write a function to convert a given string to a list of characters.\n(define (string_to_tuple str1)\n  (string-&gt;list str1))\n\n(require rackunit)\n\n(define (test-humaneval) \n\n  (let (( candidate string_to_tuple))\n    (check-equal? (candidate \"python 3.0\") (list \"p\" \"y\" \"t\" \"h\" \"o\" \"n\" \"3\" \".\" \"0\"))\n    (check-equal? (candidate \"item1\") (list \"i\" \"t\" \"e\" \"m\" \"1\"))\n    (check-equal? (candidate \"15.10\") (list \"1\" \"5\" \".\" \"1\" \"0\"))\n))\n\n(test-humaneval)",
      "timestamp": 1665510133,
      "stdout": "",
      "stderr": "/tmp/tmp65qtae8x.rkt:5:2: read-syntax: expected a `)` to close `(`\n  possible cause: indentation suggests a missing `)` before line 7\n  context...:\n   /work/arjunguha-research-group/software/racket/collects/syntax/module-reader.rkt:186:17: body\n   /work/arjunguha-research-group/software/racket/collects/syntax/module-reader.rkt:183:2: wrap-internal\n   /work/arjunguha-research-group/software/racket/collects/racket/../syntax/module-reader.rkt:67:9: wrap-internal/wrapper\n",
      "exit_code": 1,
      "status": "SyntaxError"
    },
    {
      "program": "#lang racket\n\n;; Write a function to convert a given string to a list of characters.\n(define (string_to_tuple str1)\n  (string-&gt;list str1))\n\n(require rackunit)\n\n(define (test-humaneval) \n\n  (let (( candidate string_to_tuple))\n    (check-equal? (candidate \"python 3.0\") (list \"p\" \"y\" \"t\" \"h\" \"o\" \"n\" \"3\" \".\" \"0\"))\n    (check-equal? (candidate \"item1\") (list \"i\" \"t\" \"e\" \"m\" \"1\"))\n    (check-equal? (candidate \"15.10\") (list \"1\" \"5\" \".\" \"1\" \"0\"))\n))\n\n(test-humaneval)",
      "timestamp": 1665510133,
      "stdout": "",
      "stderr": "/tmp/tmp65qtae8x.rkt:5:2: read-syntax: expected a `)` to close `(`\n  possible cause: indentation suggests a missing `)` before line 7\n  context...:\n   /work/arjunguha-research-group/software/racket/collects/syntax/module-reader.rkt:186:17: body\n   /work/arjunguha-research-group/software/racket/collects/syntax/module-reader.rkt:183:2: wrap-internal\n   /work/arjunguha-research-group/software/racket/collects/racket/../syntax/module-reader.rkt:67:9: wrap-internal/wrapper\n",
      "exit_code": 1,
      "status": "SyntaxError"
    },
    {
      "program": "#lang racket\n\n;; Write a function to convert a given string to a list of characters.\n(define (string_to_tuple str1)\n  (string-&gt;list str1))\n\n(require rackunit)\n\n(define (test-humaneval) \n\n  (let (( candidate string_to_tuple))\n    (check-equal? (candidate \"python 3.0\") (list \"p\" \"y\" \"t\" \"h\" \"o\" \"n\" \"3\" \".\" \"0\"))\n    (check-equal? (candidate \"item1\") (list \"i\" \"t\" \"e\" \"m\" \"1\"))\n    (check-equal? (candidate \"15.10\") (list \"1\" \"5\" \".\" \"1\" \"0\"))\n))\n\n(test-humaneval)",
      "timestamp": 1665510133,
      "stdout": "",
      "stderr": "/tmp/tmp65qtae8x.rkt:5:2: read-syntax: expected a `)` to close `(`\n  possible cause: indentation suggests a missing `)` before line 7\n  context...:\n   /work/arjunguha-research-group/software/racket/collects/syntax/module-reader.rkt:186:17: body\n   /work/arjunguha-research-group/software/racket/collects/syntax/module-reader.rkt:183:2: wrap-internal\n   /work/arjunguha-research-group/software/racket/collects/racket/../syntax/module-reader.rkt:67:9: wrap-internal/wrapper\n",
      "exit_code": 1,
      "status": "SyntaxError"
    },
    {
      "program": "#lang racket\n\n;; Write a function to convert a given string to a list of characters.\n(define (string_to_tuple str1)\n  (string-&gt;list str1))\n\n(require rackunit)\n\n(define (test-humaneval) \n\n  (let (( candidate string_to_tuple))\n    (check-equal? (candidate \"python 3.0\") (list \"p\" \"y\" \"t\" \"h\" \"o\" \"n\" \"3\" \".\" \"0\"))\n    (check-equal? (candidate \"item1\") (list \"i\" \"t\" \"e\" \"m\" \"1\"))\n    (check-equal? (candidate \"15.10\") (list \"1\" \"5\" \".\" \"1\" \"0\"))\n))\n\n(test-humaneval)",
      "timestamp": 1665510133,
      "stdout": "",
      "stderr": "/tmp/tmp65qtae8x.rkt:5:2: read-syntax: expected a `)` to close `(`\n  possible cause: indentation suggests a missing `)` before line 7\n  context...:\n   /work/arjunguha-research-group/software/racket/collects/syntax/module-reader.rkt:186:17: body\n   /work/arjunguha-research-group/software/racket/collects/syntax/module-reader.rkt:183:2: wrap-internal\n   /work/arjunguha-research-group/software/racket/collects/racket/../syntax/module-reader.rkt:67:9: wrap-internal/wrapper\n",
      "exit_code": 1,
      "status": "SyntaxError"
    },
    {
      "program": "#lang racket\n\n;; Write a function to convert a given string to a list of characters.\n(define (string_to_tuple str1)\n  (string-&gt;list str1))\n\n(require rackunit)\n\n(define (test-humaneval) \n\n  (let (( candidate string_to_tuple))\n    (check-equal? (candidate \"python 3.0\") (list \"p\" \"y\" \"t\" \"h\" \"o\" \"n\" \"3\" \".\" \"0\"))\n    (check-equal? (candidate \"item1\") (list \"i\" \"t\" \"e\" \"m\" \"1\"))\n    (check-equal? (candidate \"15.10\") (list \"1\" \"5\" \".\" \"1\" \"0\"))\n))\n\n(test-humaneval)",
      "timestamp": 1665510133,
      "stdout": "",
      "stderr": "/tmp/tmp65qtae8x.rkt:5:2: read-syntax: expected a `)` to close `(`\n  possible cause: indentation suggests a missing `)` before line 7\n  context...:\n   /work/arjunguha-research-group/software/racket/collects/syntax/module-reader.rkt:186:17: body\n   /work/arjunguha-research-group/software/racket/collects/syntax/module-reader.rkt:183:2: wrap-internal\n   /work/arjunguha-research-group/software/racket/collects/racket/../syntax/module-reader.rkt:67:9: wrap-internal/wrapper\n",
      "exit_code": 1,
      "status": "SyntaxError"
    },
    {
      "program": "#lang racket\n\n;; Write a function to convert a given string to a list of characters.\n(define (string_to_tuple str1)\n  (string-&gt;list str1))\n\n(require rackunit)\n\n(define (test-humaneval) \n\n  (let (( candidate string_to_tuple))\n    (check-equal? (candidate \"python 3.0\") (list \"p\" \"y\" \"t\" \"h\" \"o\" \"n\" \"3\" \".\" \"0\"))\n    (check-equal? (candidate \"item1\") (list \"i\" \"t\" \"e\" \"m\" \"1\"))\n    (check-equal? (candidate \"15.10\") (list \"1\" \"5\" \".\" \"1\" \"0\"))\n))\n\n(test-humaneval)",
      "timestamp": 1665510133,
      "stdout": "",
      "stderr": "/tmp/tmp65qtae8x.rkt:5:2: read-syntax: expected a `)` to close `(`\n  possible cause: indentation suggests a missing `)` before line 7\n  context...:\n   /work/arjunguha-research-group/software/racket/collects/syntax/module-reader.rkt:186:17: body\n   /work/arjunguha-research-group/software/racket/collects/syntax/module-reader.rkt:183:2: wrap-internal\n   /work/arjunguha-research-group/software/racket/collects/racket/../syntax/module-reader.rkt:67:9: wrap-internal/wrapper\n",
      "exit_code": 1,
      "status": "SyntaxError"
    },
    {
      "program": "#lang racket\n\n;; Write a function to convert a given string to a list of characters.\n(define (string_to_tuple str1)\n  (string-&gt;list str1))\n\n(require rackunit)\n\n(define (test-humaneval) \n\n  (let (( candidate string_to_tuple))\n    (check-equal? (candidate \"python 3.0\") (list \"p\" \"y\" \"t\" \"h\" \"o\" \"n\" \"3\" \".\" \"0\"))\n    (check-equal? (candidate \"item1\") (list \"i\" \"t\" \"e\" \"m\" \"1\"))\n    (check-equal? (candidate \"15.10\") (list \"1\" \"5\" \".\" \"1\" \"0\"))\n))\n\n(test-humaneval)",
      "timestamp": 1665510133,
      "stdout": "",
      "stderr": "/tmp/tmp65qtae8x.rkt:5:2: read-syntax: expected a `)` to close `(`\n  possible cause: indentation suggests a missing `)` before line 7\n  context...:\n   /work/arjunguha-research-group/software/racket/collects/syntax/module-reader.rkt:186:17: body\n   /work/arjunguha-research-group/software/racket/collects/syntax/module-reader.rkt:183:2: wrap-internal\n   /work/arjunguha-research-group/software/racket/collects/racket/../syntax/module-reader.rkt:67:9: wrap-internal/wrapper\n",
      "exit_code": 1,
      "status": "SyntaxError"
    },
    {
      "program": "#lang racket\n\n;; Write a function to convert a given string to a list of characters.\n(define (string_to_tuple str1)\n  (string-&gt;list str1))\n\n(require rackunit)\n\n(define (test-humaneval) \n\n  (let (( candidate string_to_tuple))\n    (check-equal? (candidate \"python 3.0\") (list \"p\" \"y\" \"t\" \"h\" \"o\" \"n\" \"3\" \".\" \"0\"))\n    (check-equal? (candidate \"item1\") (list \"i\" \"t\" \"e\" \"m\" \"1\"))\n    (check-equal? (candidate \"15.10\") (list \"1\" \"5\" \".\" \"1\" \"0\"))\n))\n\n(test-humaneval)",
      "timestamp": 1665510133,
      "stdout": "",
      "stderr": "/tmp/tmp65qtae8x.rkt:5:2: read-syntax: expected a `)` to close `(`\n  possible cause: indentation suggests a missing `)` before line 7\n  context...:\n   /work/arjunguha-research-group/software/racket/collects/syntax/module-reader.rkt:186:17: body\n   /work/arjunguha-research-group/software/racket/collects/syntax/module-reader.rkt:183:2: wrap-internal\n   /work/arjunguha-research-group/software/racket/collects/racket/../syntax/module-reader.rkt:67:9: wrap-internal/wrapper\n",
      "exit_code": 1,
      "status": "SyntaxError"
    },
    {
      "program": "#lang racket\n\n;; Write a function to convert a given string to a list of characters.\n(define (string_to_tuple str1)\n  (string->list str1))\n\n(require rackunit)\n\n(define (test-humaneval) \n\n  (let (( candidate string_to_tuple))\n    (check-equal? (candidate \"python 3.0\") (list \"p\" \"y\" \"t\" \"h\" \"o\" \"n\" \"3\" \".\" \"0\"))\n    (check-equal? (candidate \"item1\") (list \"i\" \"t\" \"e\" \"m\" \"1\"))\n    (check-equal? (candidate \"15.10\") (list \"1\" \"5\" \".\" \"1\" \"0\"))\n))\n\n(test-humaneval)",
      "timestamp": 1665510133,
      "stdout": "",
      "stderr": "--------------------\nFAILURE\nname:       check-equal?\nlocation:   /tmp/tmp3zqzmcy2.rkt:12:4\nactual:     '(#\\p #\\y #\\t #\\h #\\o #\\n #\\space #\\3 #\\. #\\0)\nexpected:   '(\"p\" \"y\" \"t\" \"h\" \"o\" \"n\" \"3\" \".\" \"0\")\n--------------------\n--------------------\nFAILURE\nname:       check-equal?\nlocation:   /tmp/tmp3zqzmcy2.rkt:13:4\nactual:     '(#\\i #\\t #\\e #\\m #\\1)\nexpected:   '(\"i\" \"t\" \"e\" \"m\" \"1\")\n--------------------\n--------------------\nFAILURE\nname:       check-equal?\nlocation:   /tmp/tmp3zqzmcy2.rkt:14:4\nactual:     '(#\\1 #\\5 #\\. #\\1 #\\0)\nexpected:   '(\"1\" \"5\" \".\" \"1\" \"0\")\n--------------------\n",
      "exit_code": 0,
      "status": "Exception"
    },
    {
      "program": "#lang racket\n\n;; Write a function to convert a given string to a list of characters.\n(define (string_to_tuple str1)\n  (string->list str1))\n\n(require rackunit)\n\n(define (test-humaneval) \n\n  (let (( candidate string_to_tuple))\n    (check-equal? (candidate \"python 3.0\") (list \"p\" \"y\" \"t\" \"h\" \"o\" \"n\" \"3\" \".\" \"0\"))\n    (check-equal? (candidate \"item1\") (list \"i\" \"t\" \"e\" \"m\" \"1\"))\n    (check-equal? (candidate \"15.10\") (list \"1\" \"5\" \".\" \"1\" \"0\"))\n))\n\n(test-humaneval)",
      "timestamp": 1665510133,
      "stdout": "",
      "stderr": "--------------------\nFAILURE\nname:       check-equal?\nlocation:   /tmp/tmp3zqzmcy2.rkt:12:4\nactual:     '(#\\p #\\y #\\t #\\h #\\o #\\n #\\space #\\3 #\\. #\\0)\nexpected:   '(\"p\" \"y\" \"t\" \"h\" \"o\" \"n\" \"3\" \".\" \"0\")\n--------------------\n--------------------\nFAILURE\nname:       check-equal?\nlocation:   /tmp/tmp3zqzmcy2.rkt:13:4\nactual:     '(#\\i #\\t #\\e #\\m #\\1)\nexpected:   '(\"i\" \"t\" \"e\" \"m\" \"1\")\n--------------------\n--------------------\nFAILURE\nname:       check-equal?\nlocation:   /tmp/tmp3zqzmcy2.rkt:14:4\nactual:     '(#\\1 #\\5 #\\. #\\1 #\\0)\nexpected:   '(\"1\" \"5\" \".\" \"1\" \"0\")\n--------------------\n",
      "exit_code": 0,
      "status": "Exception"
    },
    {
      "program": "#lang racket\n\n;; Write a function to convert a given string to a list of characters.\n(define (string_to_tuple str1)\n  (tuple->list (string->tuple str1)))\n\n(require rackunit)\n\n(define (test-humaneval) \n\n  (let (( candidate string_to_tuple))\n    (check-equal? (candidate \"python 3.0\") (list \"p\" \"y\" \"t\" \"h\" \"o\" \"n\" \"3\" \".\" \"0\"))\n    (check-equal? (candidate \"item1\") (list \"i\" \"t\" \"e\" \"m\" \"1\"))\n    (check-equal? (candidate \"15.10\") (list \"1\" \"5\" \".\" \"1\" \"0\"))\n))\n\n(test-humaneval)",
      "timestamp": 1665510133,
      "stdout": "",
      "stderr": "/tmp/tmp0ojbk7pm.rkt:5:3: tuple->list: unbound identifier\n  in: tuple->list\n  location...:\n   /tmp/tmp0ojbk7pm.rkt:5:3\n",
      "exit_code": 1,
      "status": "Exception"
    },
    {
      "program": "#lang racket\n\n;; Write a function to convert a given string to a list of characters.\n(define (string_to_tuple str1)\n  (string->list str1))\n\n(require rackunit)\n\n(define (test-humaneval) \n\n  (let (( candidate string_to_tuple))\n    (check-equal? (candidate \"python 3.0\") (list \"p\" \"y\" \"t\" \"h\" \"o\" \"n\" \"3\" \".\" \"0\"))\n    (check-equal? (candidate \"item1\") (list \"i\" \"t\" \"e\" \"m\" \"1\"))\n    (check-equal? (candidate \"15.10\") (list \"1\" \"5\" \".\" \"1\" \"0\"))\n))\n\n(test-humaneval)",
      "timestamp": 1665510133,
      "stdout": "",
      "stderr": "--------------------\nFAILURE\nname:       check-equal?\nlocation:   /tmp/tmp3zqzmcy2.rkt:12:4\nactual:     '(#\\p #\\y #\\t #\\h #\\o #\\n #\\space #\\3 #\\. #\\0)\nexpected:   '(\"p\" \"y\" \"t\" \"h\" \"o\" \"n\" \"3\" \".\" \"0\")\n--------------------\n--------------------\nFAILURE\nname:       check-equal?\nlocation:   /tmp/tmp3zqzmcy2.rkt:13:4\nactual:     '(#\\i #\\t #\\e #\\m #\\1)\nexpected:   '(\"i\" \"t\" \"e\" \"m\" \"1\")\n--------------------\n--------------------\nFAILURE\nname:       check-equal?\nlocation:   /tmp/tmp3zqzmcy2.rkt:14:4\nactual:     '(#\\1 #\\5 #\\. #\\1 #\\0)\nexpected:   '(\"1\" \"5\" \".\" \"1\" \"0\")\n--------------------\n",
      "exit_code": 0,
      "status": "Exception"
    },
    {
      "program": "#lang racket\n\n;; Write a function to convert a given string to a list of characters.\n(define (string_to_tuple str1)\n  (string-&gt;list str1))\n\n(require rackunit)\n\n(define (test-humaneval) \n\n  (let (( candidate string_to_tuple))\n    (check-equal? (candidate \"python 3.0\") (list \"p\" \"y\" \"t\" \"h\" \"o\" \"n\" \"3\" \".\" \"0\"))\n    (check-equal? (candidate \"item1\") (list \"i\" \"t\" \"e\" \"m\" \"1\"))\n    (check-equal? (candidate \"15.10\") (list \"1\" \"5\" \".\" \"1\" \"0\"))\n))\n\n(test-humaneval)",
      "timestamp": 1665510133,
      "stdout": "",
      "stderr": "/tmp/tmp65qtae8x.rkt:5:2: read-syntax: expected a `)` to close `(`\n  possible cause: indentation suggests a missing `)` before line 7\n  context...:\n   /work/arjunguha-research-group/software/racket/collects/syntax/module-reader.rkt:186:17: body\n   /work/arjunguha-research-group/software/racket/collects/syntax/module-reader.rkt:183:2: wrap-internal\n   /work/arjunguha-research-group/software/racket/collects/racket/../syntax/module-reader.rkt:67:9: wrap-internal/wrapper\n",
      "exit_code": 1,
      "status": "SyntaxError"
    },
    {
      "program": "#lang racket\n\n;; Write a function to convert a given string to a list of characters.\n(define (string_to_tuple str1)\n  (string-&gt;list str1))\n\n(require rackunit)\n\n(define (test-humaneval) \n\n  (let (( candidate string_to_tuple))\n    (check-equal? (candidate \"python 3.0\") (list \"p\" \"y\" \"t\" \"h\" \"o\" \"n\" \"3\" \".\" \"0\"))\n    (check-equal? (candidate \"item1\") (list \"i\" \"t\" \"e\" \"m\" \"1\"))\n    (check-equal? (candidate \"15.10\") (list \"1\" \"5\" \".\" \"1\" \"0\"))\n))\n\n(test-humaneval)",
      "timestamp": 1665510133,
      "stdout": "",
      "stderr": "/tmp/tmp65qtae8x.rkt:5:2: read-syntax: expected a `)` to close `(`\n  possible cause: indentation suggests a missing `)` before line 7\n  context...:\n   /work/arjunguha-research-group/software/racket/collects/syntax/module-reader.rkt:186:17: body\n   /work/arjunguha-research-group/software/racket/collects/syntax/module-reader.rkt:183:2: wrap-internal\n   /work/arjunguha-research-group/software/racket/collects/racket/../syntax/module-reader.rkt:67:9: wrap-internal/wrapper\n",
      "exit_code": 1,
      "status": "SyntaxError"
    },
    {
      "program": "#lang racket\n\n;; Write a function to convert a given string to a list of characters.\n(define (string_to_tuple str1)\n  (list->tuple (string->list str1)))\n\n(require rackunit)\n\n(define (test-humaneval) \n\n  (let (( candidate string_to_tuple))\n    (check-equal? (candidate \"python 3.0\") (list \"p\" \"y\" \"t\" \"h\" \"o\" \"n\" \"3\" \".\" \"0\"))\n    (check-equal? (candidate \"item1\") (list \"i\" \"t\" \"e\" \"m\" \"1\"))\n    (check-equal? (candidate \"15.10\") (list \"1\" \"5\" \".\" \"1\" \"0\"))\n))\n\n(test-humaneval)",
      "timestamp": 1665510133,
      "stdout": "",
      "stderr": "/tmp/tmpdikoswwi.rkt:5:3: list->tuple: unbound identifier\n  in: list->tuple\n  location...:\n   /tmp/tmpdikoswwi.rkt:5:3\n",
      "exit_code": 1,
      "status": "Exception"
    },
    {
      "program": "#lang racket\n\n;; Write a function to convert a given string to a list of characters.\n(define (string_to_tuple str1)\n  (string-&gt;list str1))\n\n(require rackunit)\n\n(define (test-humaneval) \n\n  (let (( candidate string_to_tuple))\n    (check-equal? (candidate \"python 3.0\") (list \"p\" \"y\" \"t\" \"h\" \"o\" \"n\" \"3\" \".\" \"0\"))\n    (check-equal? (candidate \"item1\") (list \"i\" \"t\" \"e\" \"m\" \"1\"))\n    (check-equal? (candidate \"15.10\") (list \"1\" \"5\" \".\" \"1\" \"0\"))\n))\n\n(test-humaneval)",
      "timestamp": 1665510133,
      "stdout": "",
      "stderr": "/tmp/tmp65qtae8x.rkt:5:2: read-syntax: expected a `)` to close `(`\n  possible cause: indentation suggests a missing `)` before line 7\n  context...:\n   /work/arjunguha-research-group/software/racket/collects/syntax/module-reader.rkt:186:17: body\n   /work/arjunguha-research-group/software/racket/collects/syntax/module-reader.rkt:183:2: wrap-internal\n   /work/arjunguha-research-group/software/racket/collects/racket/../syntax/module-reader.rkt:67:9: wrap-internal/wrapper\n",
      "exit_code": 1,
      "status": "SyntaxError"
    },
    {
      "program": "#lang racket\n\n;; Write a function to convert a given string to a list of characters.\n(define (string_to_tuple str1)\n  (list->tuple (string->list str1)))\n\n(require rackunit)\n\n(define (test-humaneval) \n\n  (let (( candidate string_to_tuple))\n    (check-equal? (candidate \"python 3.0\") (list \"p\" \"y\" \"t\" \"h\" \"o\" \"n\" \"3\" \".\" \"0\"))\n    (check-equal? (candidate \"item1\") (list \"i\" \"t\" \"e\" \"m\" \"1\"))\n    (check-equal? (candidate \"15.10\") (list \"1\" \"5\" \".\" \"1\" \"0\"))\n))\n\n(test-humaneval)",
      "timestamp": 1665510133,
      "stdout": "",
      "stderr": "/tmp/tmpdikoswwi.rkt:5:3: list->tuple: unbound identifier\n  in: list->tuple\n  location...:\n   /tmp/tmpdikoswwi.rkt:5:3\n",
      "exit_code": 1,
      "status": "Exception"
    },
    {
      "program": "#lang racket\n\n;; Write a function to convert a given string to a list of characters.\n(define (string_to_tuple str1)\n  (string-&gt;list str1))\n\n(require rackunit)\n\n(define (test-humaneval) \n\n  (let (( candidate string_to_tuple))\n    (check-equal? (candidate \"python 3.0\") (list \"p\" \"y\" \"t\" \"h\" \"o\" \"n\" \"3\" \".\" \"0\"))\n    (check-equal? (candidate \"item1\") (list \"i\" \"t\" \"e\" \"m\" \"1\"))\n    (check-equal? (candidate \"15.10\") (list \"1\" \"5\" \".\" \"1\" \"0\"))\n))\n\n(test-humaneval)",
      "timestamp": 1665510133,
      "stdout": "",
      "stderr": "/tmp/tmp65qtae8x.rkt:5:2: read-syntax: expected a `)` to close `(`\n  possible cause: indentation suggests a missing `)` before line 7\n  context...:\n   /work/arjunguha-research-group/software/racket/collects/syntax/module-reader.rkt:186:17: body\n   /work/arjunguha-research-group/software/racket/collects/syntax/module-reader.rkt:183:2: wrap-internal\n   /work/arjunguha-research-group/software/racket/collects/racket/../syntax/module-reader.rkt:67:9: wrap-internal/wrapper\n",
      "exit_code": 1,
      "status": "SyntaxError"
    },
    {
      "program": "#lang racket\n\n;; Write a function to convert a given string to a list of characters.\n(define (string_to_tuple str1)\n  (string-&gt;list str1))\n\n(require rackunit)\n\n(define (test-humaneval) \n\n  (let (( candidate string_to_tuple))\n    (check-equal? (candidate \"python 3.0\") (list \"p\" \"y\" \"t\" \"h\" \"o\" \"n\" \"3\" \".\" \"0\"))\n    (check-equal? (candidate \"item1\") (list \"i\" \"t\" \"e\" \"m\" \"1\"))\n    (check-equal? (candidate \"15.10\") (list \"1\" \"5\" \".\" \"1\" \"0\"))\n))\n\n(test-humaneval)",
      "timestamp": 1665510133,
      "stdout": "",
      "stderr": "/tmp/tmp65qtae8x.rkt:5:2: read-syntax: expected a `)` to close `(`\n  possible cause: indentation suggests a missing `)` before line 7\n  context...:\n   /work/arjunguha-research-group/software/racket/collects/syntax/module-reader.rkt:186:17: body\n   /work/arjunguha-research-group/software/racket/collects/syntax/module-reader.rkt:183:2: wrap-internal\n   /work/arjunguha-research-group/software/racket/collects/racket/../syntax/module-reader.rkt:67:9: wrap-internal/wrapper\n",
      "exit_code": 1,
      "status": "SyntaxError"
    },
    {
      "program": "#lang racket\n\n;; Write a function to convert a given string to a list of characters.\n(define (string_to_tuple str1)\n  (string-&gt;list str1))\n\n(require rackunit)\n\n(define (test-humaneval) \n\n  (let (( candidate string_to_tuple))\n    (check-equal? (candidate \"python 3.0\") (list \"p\" \"y\" \"t\" \"h\" \"o\" \"n\" \"3\" \".\" \"0\"))\n    (check-equal? (candidate \"item1\") (list \"i\" \"t\" \"e\" \"m\" \"1\"))\n    (check-equal? (candidate \"15.10\") (list \"1\" \"5\" \".\" \"1\" \"0\"))\n))\n\n(test-humaneval)",
      "timestamp": 1665510133,
      "stdout": "",
      "stderr": "/tmp/tmp65qtae8x.rkt:5:2: read-syntax: expected a `)` to close `(`\n  possible cause: indentation suggests a missing `)` before line 7\n  context...:\n   /work/arjunguha-research-group/software/racket/collects/syntax/module-reader.rkt:186:17: body\n   /work/arjunguha-research-group/software/racket/collects/syntax/module-reader.rkt:183:2: wrap-internal\n   /work/arjunguha-research-group/software/racket/collects/racket/../syntax/module-reader.rkt:67:9: wrap-internal/wrapper\n",
      "exit_code": 1,
      "status": "SyntaxError"
    },
    {
      "program": "#lang racket\n\n;; Write a function to convert a given string to a list of characters.\n(define (string_to_tuple str1)\n  (string-&gt;list str1))\n\n(require rackunit)\n\n(define (test-humaneval) \n\n  (let (( candidate string_to_tuple))\n    (check-equal? (candidate \"python 3.0\") (list \"p\" \"y\" \"t\" \"h\" \"o\" \"n\" \"3\" \".\" \"0\"))\n    (check-equal? (candidate \"item1\") (list \"i\" \"t\" \"e\" \"m\" \"1\"))\n    (check-equal? (candidate \"15.10\") (list \"1\" \"5\" \".\" \"1\" \"0\"))\n))\n\n(test-humaneval)",
      "timestamp": 1665510133,
      "stdout": "",
      "stderr": "/tmp/tmp65qtae8x.rkt:5:2: read-syntax: expected a `)` to close `(`\n  possible cause: indentation suggests a missing `)` before line 7\n  context...:\n   /work/arjunguha-research-group/software/racket/collects/syntax/module-reader.rkt:186:17: body\n   /work/arjunguha-research-group/software/racket/collects/syntax/module-reader.rkt:183:2: wrap-internal\n   /work/arjunguha-research-group/software/racket/collects/racket/../syntax/module-reader.rkt:67:9: wrap-internal/wrapper\n",
      "exit_code": 1,
      "status": "SyntaxError"
    },
    {
      "program": "#lang racket\n\n;; Write a function to convert a given string to a list of characters.\n(define (string_to_tuple str1)\n  (string-&gt;list str1))\n\n(require rackunit)\n\n(define (test-humaneval) \n\n  (let (( candidate string_to_tuple))\n    (check-equal? (candidate \"python 3.0\") (list \"p\" \"y\" \"t\" \"h\" \"o\" \"n\" \"3\" \".\" \"0\"))\n    (check-equal? (candidate \"item1\") (list \"i\" \"t\" \"e\" \"m\" \"1\"))\n    (check-equal? (candidate \"15.10\") (list \"1\" \"5\" \".\" \"1\" \"0\"))\n))\n\n(test-humaneval)",
      "timestamp": 1665510133,
      "stdout": "",
      "stderr": "/tmp/tmp65qtae8x.rkt:5:2: read-syntax: expected a `)` to close `(`\n  possible cause: indentation suggests a missing `)` before line 7\n  context...:\n   /work/arjunguha-research-group/software/racket/collects/syntax/module-reader.rkt:186:17: body\n   /work/arjunguha-research-group/software/racket/collects/syntax/module-reader.rkt:183:2: wrap-internal\n   /work/arjunguha-research-group/software/racket/collects/racket/../syntax/module-reader.rkt:67:9: wrap-internal/wrapper\n",
      "exit_code": 1,
      "status": "SyntaxError"
    },
    {
      "program": "#lang racket\n\n;; Write a function to convert a given string to a list of characters.\n(define (string_to_tuple str1)\n  (string-&gt;list str1))\n\n(require rackunit)\n\n(define (test-humaneval) \n\n  (let (( candidate string_to_tuple))\n    (check-equal? (candidate \"python 3.0\") (list \"p\" \"y\" \"t\" \"h\" \"o\" \"n\" \"3\" \".\" \"0\"))\n    (check-equal? (candidate \"item1\") (list \"i\" \"t\" \"e\" \"m\" \"1\"))\n    (check-equal? (candidate \"15.10\") (list \"1\" \"5\" \".\" \"1\" \"0\"))\n))\n\n(test-humaneval)",
      "timestamp": 1665510133,
      "stdout": "",
      "stderr": "/tmp/tmp65qtae8x.rkt:5:2: read-syntax: expected a `)` to close `(`\n  possible cause: indentation suggests a missing `)` before line 7\n  context...:\n   /work/arjunguha-research-group/software/racket/collects/syntax/module-reader.rkt:186:17: body\n   /work/arjunguha-research-group/software/racket/collects/syntax/module-reader.rkt:183:2: wrap-internal\n   /work/arjunguha-research-group/software/racket/collects/racket/../syntax/module-reader.rkt:67:9: wrap-internal/wrapper\n",
      "exit_code": 1,
      "status": "SyntaxError"
    },
    {
      "program": "#lang racket\n\n;; Write a function to convert a given string to a list of characters.\n(define (string_to_tuple str1)\n  (string-&gt;list str1))\n\n(require rackunit)\n\n(define (test-humaneval) \n\n  (let (( candidate string_to_tuple))\n    (check-equal? (candidate \"python 3.0\") (list \"p\" \"y\" \"t\" \"h\" \"o\" \"n\" \"3\" \".\" \"0\"))\n    (check-equal? (candidate \"item1\") (list \"i\" \"t\" \"e\" \"m\" \"1\"))\n    (check-equal? (candidate \"15.10\") (list \"1\" \"5\" \".\" \"1\" \"0\"))\n))\n\n(test-humaneval)",
      "timestamp": 1665510133,
      "stdout": "",
      "stderr": "/tmp/tmp65qtae8x.rkt:5:2: read-syntax: expected a `)` to close `(`\n  possible cause: indentation suggests a missing `)` before line 7\n  context...:\n   /work/arjunguha-research-group/software/racket/collects/syntax/module-reader.rkt:186:17: body\n   /work/arjunguha-research-group/software/racket/collects/syntax/module-reader.rkt:183:2: wrap-internal\n   /work/arjunguha-research-group/software/racket/collects/racket/../syntax/module-reader.rkt:67:9: wrap-internal/wrapper\n",
      "exit_code": 1,
      "status": "SyntaxError"
    },
    {
      "program": "#lang racket\n\n;; Write a function to convert a given string to a list of characters.\n(define (string_to_tuple str1)\n  (string-&gt;list str1))\n\n(require rackunit)\n\n(define (test-humaneval) \n\n  (let (( candidate string_to_tuple))\n    (check-equal? (candidate \"python 3.0\") (list \"p\" \"y\" \"t\" \"h\" \"o\" \"n\" \"3\" \".\" \"0\"))\n    (check-equal? (candidate \"item1\") (list \"i\" \"t\" \"e\" \"m\" \"1\"))\n    (check-equal? (candidate \"15.10\") (list \"1\" \"5\" \".\" \"1\" \"0\"))\n))\n\n(test-humaneval)",
      "timestamp": 1665510133,
      "stdout": "",
      "stderr": "/tmp/tmp65qtae8x.rkt:5:2: read-syntax: expected a `)` to close `(`\n  possible cause: indentation suggests a missing `)` before line 7\n  context...:\n   /work/arjunguha-research-group/software/racket/collects/syntax/module-reader.rkt:186:17: body\n   /work/arjunguha-research-group/software/racket/collects/syntax/module-reader.rkt:183:2: wrap-internal\n   /work/arjunguha-research-group/software/racket/collects/racket/../syntax/module-reader.rkt:67:9: wrap-internal/wrapper\n",
      "exit_code": 1,
      "status": "SyntaxError"
    },
    {
      "program": "#lang racket\n\n;; Write a function to convert a given string to a list of characters.\n(define (string_to_tuple str1)\n  (string-&gt;list str1))\n\n(require rackunit)\n\n(define (test-humaneval) \n\n  (let (( candidate string_to_tuple))\n    (check-equal? (candidate \"python 3.0\") (list \"p\" \"y\" \"t\" \"h\" \"o\" \"n\" \"3\" \".\" \"0\"))\n    (check-equal? (candidate \"item1\") (list \"i\" \"t\" \"e\" \"m\" \"1\"))\n    (check-equal? (candidate \"15.10\") (list \"1\" \"5\" \".\" \"1\" \"0\"))\n))\n\n(test-humaneval)",
      "timestamp": 1665510133,
      "stdout": "",
      "stderr": "/tmp/tmp65qtae8x.rkt:5:2: read-syntax: expected a `)` to close `(`\n  possible cause: indentation suggests a missing `)` before line 7\n  context...:\n   /work/arjunguha-research-group/software/racket/collects/syntax/module-reader.rkt:186:17: body\n   /work/arjunguha-research-group/software/racket/collects/syntax/module-reader.rkt:183:2: wrap-internal\n   /work/arjunguha-research-group/software/racket/collects/racket/../syntax/module-reader.rkt:67:9: wrap-internal/wrapper\n",
      "exit_code": 1,
      "status": "SyntaxError"
    },
    {
      "program": "#lang racket\n\n;; Write a function to convert a given string to a list of characters.\n(define (string_to_tuple str1)\n  (string-&gt;list str1))\n\n(require rackunit)\n\n(define (test-humaneval) \n\n  (let (( candidate string_to_tuple))\n    (check-equal? (candidate \"python 3.0\") (list \"p\" \"y\" \"t\" \"h\" \"o\" \"n\" \"3\" \".\" \"0\"))\n    (check-equal? (candidate \"item1\") (list \"i\" \"t\" \"e\" \"m\" \"1\"))\n    (check-equal? (candidate \"15.10\") (list \"1\" \"5\" \".\" \"1\" \"0\"))\n))\n\n(test-humaneval)",
      "timestamp": 1665510133,
      "stdout": "",
      "stderr": "/tmp/tmp65qtae8x.rkt:5:2: read-syntax: expected a `)` to close `(`\n  possible cause: indentation suggests a missing `)` before line 7\n  context...:\n   /work/arjunguha-research-group/software/racket/collects/syntax/module-reader.rkt:186:17: body\n   /work/arjunguha-research-group/software/racket/collects/syntax/module-reader.rkt:183:2: wrap-internal\n   /work/arjunguha-research-group/software/racket/collects/racket/../syntax/module-reader.rkt:67:9: wrap-internal/wrapper\n",
      "exit_code": 1,
      "status": "SyntaxError"
    },
    {
      "program": "#lang racket\n\n;; Write a function to convert a given string to a list of characters.\n(define (string_to_tuple str1)\n  (list->tuple (string->list str1)))\n\n(require rackunit)\n\n(define (test-humaneval) \n\n  (let (( candidate string_to_tuple))\n    (check-equal? (candidate \"python 3.0\") (list \"p\" \"y\" \"t\" \"h\" \"o\" \"n\" \"3\" \".\" \"0\"))\n    (check-equal? (candidate \"item1\") (list \"i\" \"t\" \"e\" \"m\" \"1\"))\n    (check-equal? (candidate \"15.10\") (list \"1\" \"5\" \".\" \"1\" \"0\"))\n))\n\n(test-humaneval)",
      "timestamp": 1665510133,
      "stdout": "",
      "stderr": "/tmp/tmpdikoswwi.rkt:5:3: list->tuple: unbound identifier\n  in: list->tuple\n  location...:\n   /tmp/tmpdikoswwi.rkt:5:3\n",
      "exit_code": 1,
      "status": "Exception"
    },
    {
      "program": "#lang racket\n\n;; Write a function to convert a given string to a list of characters.\n(define (string_to_tuple str1)\n  (string-&gt;list str1))\n\n(require rackunit)\n\n(define (test-humaneval) \n\n  (let (( candidate string_to_tuple))\n    (check-equal? (candidate \"python 3.0\") (list \"p\" \"y\" \"t\" \"h\" \"o\" \"n\" \"3\" \".\" \"0\"))\n    (check-equal? (candidate \"item1\") (list \"i\" \"t\" \"e\" \"m\" \"1\"))\n    (check-equal? (candidate \"15.10\") (list \"1\" \"5\" \".\" \"1\" \"0\"))\n))\n\n(test-humaneval)",
      "timestamp": 1665510133,
      "stdout": "",
      "stderr": "/tmp/tmp65qtae8x.rkt:5:2: read-syntax: expected a `)` to close `(`\n  possible cause: indentation suggests a missing `)` before line 7\n  context...:\n   /work/arjunguha-research-group/software/racket/collects/syntax/module-reader.rkt:186:17: body\n   /work/arjunguha-research-group/software/racket/collects/syntax/module-reader.rkt:183:2: wrap-internal\n   /work/arjunguha-research-group/software/racket/collects/racket/../syntax/module-reader.rkt:67:9: wrap-internal/wrapper\n",
      "exit_code": 1,
      "status": "SyntaxError"
    },
    {
      "program": "#lang racket\n\n;; Write a function to convert a given string to a list of characters.\n(define (string_to_tuple str1)\n  (list->tuple (string->list str1)))\n\n(require rackunit)\n\n(define (test-humaneval) \n\n  (let (( candidate string_to_tuple))\n    (check-equal? (candidate \"python 3.0\") (list \"p\" \"y\" \"t\" \"h\" \"o\" \"n\" \"3\" \".\" \"0\"))\n    (check-equal? (candidate \"item1\") (list \"i\" \"t\" \"e\" \"m\" \"1\"))\n    (check-equal? (candidate \"15.10\") (list \"1\" \"5\" \".\" \"1\" \"0\"))\n))\n\n(test-humaneval)",
      "timestamp": 1665510133,
      "stdout": "",
      "stderr": "/tmp/tmpdikoswwi.rkt:5:3: list->tuple: unbound identifier\n  in: list->tuple\n  location...:\n   /tmp/tmpdikoswwi.rkt:5:3\n",
      "exit_code": 1,
      "status": "Exception"
    },
    {
      "program": "#lang racket\n\n;; Write a function to convert a given string to a list of characters.\n(define (string_to_tuple str1)\n  (string-&gt;list str1))\n\n(require rackunit)\n\n(define (test-humaneval) \n\n  (let (( candidate string_to_tuple))\n    (check-equal? (candidate \"python 3.0\") (list \"p\" \"y\" \"t\" \"h\" \"o\" \"n\" \"3\" \".\" \"0\"))\n    (check-equal? (candidate \"item1\") (list \"i\" \"t\" \"e\" \"m\" \"1\"))\n    (check-equal? (candidate \"15.10\") (list \"1\" \"5\" \".\" \"1\" \"0\"))\n))\n\n(test-humaneval)",
      "timestamp": 1665510133,
      "stdout": "",
      "stderr": "/tmp/tmp65qtae8x.rkt:5:2: read-syntax: expected a `)` to close `(`\n  possible cause: indentation suggests a missing `)` before line 7\n  context...:\n   /work/arjunguha-research-group/software/racket/collects/syntax/module-reader.rkt:186:17: body\n   /work/arjunguha-research-group/software/racket/collects/syntax/module-reader.rkt:183:2: wrap-internal\n   /work/arjunguha-research-group/software/racket/collects/racket/../syntax/module-reader.rkt:67:9: wrap-internal/wrapper\n",
      "exit_code": 1,
      "status": "SyntaxError"
    },
    {
      "program": "#lang racket\n\n;; Write a function to convert a given string to a list of characters.\n(define (string_to_tuple str1)\n  (string-&gt;list str1))\n\n(require rackunit)\n\n(define (test-humaneval) \n\n  (let (( candidate string_to_tuple))\n    (check-equal? (candidate \"python 3.0\") (list \"p\" \"y\" \"t\" \"h\" \"o\" \"n\" \"3\" \".\" \"0\"))\n    (check-equal? (candidate \"item1\") (list \"i\" \"t\" \"e\" \"m\" \"1\"))\n    (check-equal? (candidate \"15.10\") (list \"1\" \"5\" \".\" \"1\" \"0\"))\n))\n\n(test-humaneval)",
      "timestamp": 1665510133,
      "stdout": "",
      "stderr": "/tmp/tmp65qtae8x.rkt:5:2: read-syntax: expected a `)` to close `(`\n  possible cause: indentation suggests a missing `)` before line 7\n  context...:\n   /work/arjunguha-research-group/software/racket/collects/syntax/module-reader.rkt:186:17: body\n   /work/arjunguha-research-group/software/racket/collects/syntax/module-reader.rkt:183:2: wrap-internal\n   /work/arjunguha-research-group/software/racket/collects/racket/../syntax/module-reader.rkt:67:9: wrap-internal/wrapper\n",
      "exit_code": 1,
      "status": "SyntaxError"
    },
    {
      "program": "#lang racket\n\n;; Write a function to convert a given string to a list of characters.\n(define (string_to_tuple str1)\n  (list->tuple (string->list str1)))\n\n(require rackunit)\n\n(define (test-humaneval) \n\n  (let (( candidate string_to_tuple))\n    (check-equal? (candidate \"python 3.0\") (list \"p\" \"y\" \"t\" \"h\" \"o\" \"n\" \"3\" \".\" \"0\"))\n    (check-equal? (candidate \"item1\") (list \"i\" \"t\" \"e\" \"m\" \"1\"))\n    (check-equal? (candidate \"15.10\") (list \"1\" \"5\" \".\" \"1\" \"0\"))\n))\n\n(test-humaneval)",
      "timestamp": 1665510133,
      "stdout": "",
      "stderr": "/tmp/tmpdikoswwi.rkt:5:3: list->tuple: unbound identifier\n  in: list->tuple\n  location...:\n   /tmp/tmpdikoswwi.rkt:5:3\n",
      "exit_code": 1,
      "status": "Exception"
    },
    {
      "program": "#lang racket\n\n;; Write a function to convert a given string to a list of characters.\n(define (string_to_tuple str1)\n  (if (empty? str1)\n      '()\n      (cons (first str1) (string_to_tuple (rest str1)))))\n\n(require rackunit)\n\n(define (test-humaneval) \n\n  (let (( candidate string_to_tuple))\n    (check-equal? (candidate \"python 3.0\") (list \"p\" \"y\" \"t\" \"h\" \"o\" \"n\" \"3\" \".\" \"0\"))\n    (check-equal? (candidate \"item1\") (list \"i\" \"t\" \"e\" \"m\" \"1\"))\n    (check-equal? (candidate \"15.10\") (list \"1\" \"5\" \".\" \"1\" \"0\"))\n))\n\n(test-humaneval)",
      "timestamp": 1666122958,
      "stdout": "",
      "stderr": "--------------------\nERROR\nname:       check-equal?\nlocation:   /tmp/tmptjdg_nd7.rkt:14:4\n\nfirst: contract violation\n  expected: (and/c list? (not/c empty?))\n  given: \"python 3.0\"\n--------------------\n--------------------\nERROR\nname:       check-equal?\nlocation:   /tmp/tmptjdg_nd7.rkt:15:4\n\nfirst: contract violation\n  expected: (and/c list? (not/c empty?))\n  given: \"item1\"\n--------------------\n--------------------\nERROR\nname:       check-equal?\nlocation:   /tmp/tmptjdg_nd7.rkt:16:4\n\nfirst: contract violation\n  expected: (and/c list? (not/c empty?))\n  given: \"15.10\"\n--------------------\n",
      "exit_code": 0,
      "status": "Exception"
    },
    {
      "program": "#lang racket\n\n;; Write a function to convert a given string to a list of characters.\n(define (string_to_tuple str1)\n  (string-&gt;list str1))\n\n(require rackunit)\n\n(define (test-humaneval) \n\n  (let (( candidate string_to_tuple))\n    (check-equal? (candidate \"python 3.0\") (list \"p\" \"y\" \"t\" \"h\" \"o\" \"n\" \"3\" \".\" \"0\"))\n    (check-equal? (candidate \"item1\") (list \"i\" \"t\" \"e\" \"m\" \"1\"))\n    (check-equal? (candidate \"15.10\") (list \"1\" \"5\" \".\" \"1\" \"0\"))\n))\n\n(test-humaneval)",
      "timestamp": 1665510133,
      "stdout": "",
      "stderr": "/tmp/tmp65qtae8x.rkt:5:2: read-syntax: expected a `)` to close `(`\n  possible cause: indentation suggests a missing `)` before line 7\n  context...:\n   /work/arjunguha-research-group/software/racket/collects/syntax/module-reader.rkt:186:17: body\n   /work/arjunguha-research-group/software/racket/collects/syntax/module-reader.rkt:183:2: wrap-internal\n   /work/arjunguha-research-group/software/racket/collects/racket/../syntax/module-reader.rkt:67:9: wrap-internal/wrapper\n",
      "exit_code": 1,
      "status": "SyntaxError"
    },
    {
      "program": "#lang racket\n\n;; Write a function to convert a given string to a list of characters.\n(define (string_to_tuple str1)\n  (string->list str1))\n\n(require rackunit)\n\n(define (test-humaneval) \n\n  (let (( candidate string_to_tuple))\n    (check-equal? (candidate \"python 3.0\") (list \"p\" \"y\" \"t\" \"h\" \"o\" \"n\" \"3\" \".\" \"0\"))\n    (check-equal? (candidate \"item1\") (list \"i\" \"t\" \"e\" \"m\" \"1\"))\n    (check-equal? (candidate \"15.10\") (list \"1\" \"5\" \".\" \"1\" \"0\"))\n))\n\n(test-humaneval)",
      "timestamp": 1665510133,
      "stdout": "",
      "stderr": "--------------------\nFAILURE\nname:       check-equal?\nlocation:   /tmp/tmp3zqzmcy2.rkt:12:4\nactual:     '(#\\p #\\y #\\t #\\h #\\o #\\n #\\space #\\3 #\\. #\\0)\nexpected:   '(\"p\" \"y\" \"t\" \"h\" \"o\" \"n\" \"3\" \".\" \"0\")\n--------------------\n--------------------\nFAILURE\nname:       check-equal?\nlocation:   /tmp/tmp3zqzmcy2.rkt:13:4\nactual:     '(#\\i #\\t #\\e #\\m #\\1)\nexpected:   '(\"i\" \"t\" \"e\" \"m\" \"1\")\n--------------------\n--------------------\nFAILURE\nname:       check-equal?\nlocation:   /tmp/tmp3zqzmcy2.rkt:14:4\nactual:     '(#\\1 #\\5 #\\. #\\1 #\\0)\nexpected:   '(\"1\" \"5\" \".\" \"1\" \"0\")\n--------------------\n",
      "exit_code": 0,
      "status": "Exception"
    },
    {
      "program": "#lang racket\n\n;; Write a function to convert a given string to a list of characters.\n(define (string_to_tuple str1)\n  (string->list str1))\n\n(require rackunit)\n\n(define (test-humaneval) \n\n  (let (( candidate string_to_tuple))\n    (check-equal? (candidate \"python 3.0\") (list \"p\" \"y\" \"t\" \"h\" \"o\" \"n\" \"3\" \".\" \"0\"))\n    (check-equal? (candidate \"item1\") (list \"i\" \"t\" \"e\" \"m\" \"1\"))\n    (check-equal? (candidate \"15.10\") (list \"1\" \"5\" \".\" \"1\" \"0\"))\n))\n\n(test-humaneval)",
      "timestamp": 1665510133,
      "stdout": "",
      "stderr": "--------------------\nFAILURE\nname:       check-equal?\nlocation:   /tmp/tmp3zqzmcy2.rkt:12:4\nactual:     '(#\\p #\\y #\\t #\\h #\\o #\\n #\\space #\\3 #\\. #\\0)\nexpected:   '(\"p\" \"y\" \"t\" \"h\" \"o\" \"n\" \"3\" \".\" \"0\")\n--------------------\n--------------------\nFAILURE\nname:       check-equal?\nlocation:   /tmp/tmp3zqzmcy2.rkt:13:4\nactual:     '(#\\i #\\t #\\e #\\m #\\1)\nexpected:   '(\"i\" \"t\" \"e\" \"m\" \"1\")\n--------------------\n--------------------\nFAILURE\nname:       check-equal?\nlocation:   /tmp/tmp3zqzmcy2.rkt:14:4\nactual:     '(#\\1 #\\5 #\\. #\\1 #\\0)\nexpected:   '(\"1\" \"5\" \".\" \"1\" \"0\")\n--------------------\n",
      "exit_code": 0,
      "status": "Exception"
    },
    {
      "program": "#lang racket\n\n;; Write a function to convert a given string to a list of characters.\n(define (string_to_tuple str1)\n  (map string->symbol (string-&gt;list str1)))\n\n(require rackunit)\n\n(define (test-humaneval) \n\n  (let (( candidate string_to_tuple))\n    (check-equal? (candidate \"python 3.0\") (list \"p\" \"y\" \"t\" \"h\" \"o\" \"n\" \"3\" \".\" \"0\"))\n    (check-equal? (candidate \"item1\") (list \"i\" \"t\" \"e\" \"m\" \"1\"))\n    (check-equal? (candidate \"15.10\") (list \"1\" \"5\" \".\" \"1\" \"0\"))\n))\n\n(test-humaneval)",
      "timestamp": 1666122957,
      "stdout": "",
      "stderr": "/tmp/tmpsn7uospo.rkt:5:22: read-syntax: expected a `)` to close `(`\n  possible cause: indentation suggests a missing `)` before line 7\n  context...:\n   /work/arjunguha-research-group/software/racket/collects/syntax/module-reader.rkt:186:17: body\n   /work/arjunguha-research-group/software/racket/collects/syntax/module-reader.rkt:183:2: wrap-internal\n   /work/arjunguha-research-group/software/racket/collects/racket/../syntax/module-reader.rkt:67:9: wrap-internal/wrapper\n",
      "exit_code": 1,
      "status": "SyntaxError"
    },
    {
      "program": "#lang racket\n\n;; Write a function to convert a given string to a list of characters.\n(define (string_to_tuple str1)\n  (string-&gt;list str1))\n\n(require rackunit)\n\n(define (test-humaneval) \n\n  (let (( candidate string_to_tuple))\n    (check-equal? (candidate \"python 3.0\") (list \"p\" \"y\" \"t\" \"h\" \"o\" \"n\" \"3\" \".\" \"0\"))\n    (check-equal? (candidate \"item1\") (list \"i\" \"t\" \"e\" \"m\" \"1\"))\n    (check-equal? (candidate \"15.10\") (list \"1\" \"5\" \".\" \"1\" \"0\"))\n))\n\n(test-humaneval)",
      "timestamp": 1665510133,
      "stdout": "",
      "stderr": "/tmp/tmp65qtae8x.rkt:5:2: read-syntax: expected a `)` to close `(`\n  possible cause: indentation suggests a missing `)` before line 7\n  context...:\n   /work/arjunguha-research-group/software/racket/collects/syntax/module-reader.rkt:186:17: body\n   /work/arjunguha-research-group/software/racket/collects/syntax/module-reader.rkt:183:2: wrap-internal\n   /work/arjunguha-research-group/software/racket/collects/racket/../syntax/module-reader.rkt:67:9: wrap-internal/wrapper\n",
      "exit_code": 1,
      "status": "SyntaxError"
    },
    {
      "program": "#lang racket\n\n;; Write a function to convert a given string to a list of characters.\n(define (string_to_tuple str1)\n  (string-&gt;list str1))\n\n(require rackunit)\n\n(define (test-humaneval) \n\n  (let (( candidate string_to_tuple))\n    (check-equal? (candidate \"python 3.0\") (list \"p\" \"y\" \"t\" \"h\" \"o\" \"n\" \"3\" \".\" \"0\"))\n    (check-equal? (candidate \"item1\") (list \"i\" \"t\" \"e\" \"m\" \"1\"))\n    (check-equal? (candidate \"15.10\") (list \"1\" \"5\" \".\" \"1\" \"0\"))\n))\n\n(test-humaneval)",
      "timestamp": 1665510133,
      "stdout": "",
      "stderr": "/tmp/tmp65qtae8x.rkt:5:2: read-syntax: expected a `)` to close `(`\n  possible cause: indentation suggests a missing `)` before line 7\n  context...:\n   /work/arjunguha-research-group/software/racket/collects/syntax/module-reader.rkt:186:17: body\n   /work/arjunguha-research-group/software/racket/collects/syntax/module-reader.rkt:183:2: wrap-internal\n   /work/arjunguha-research-group/software/racket/collects/racket/../syntax/module-reader.rkt:67:9: wrap-internal/wrapper\n",
      "exit_code": 1,
      "status": "SyntaxError"
    },
    {
      "program": "#lang racket\n\n;; Write a function to convert a given string to a list of characters.\n(define (string_to_tuple str1)\n  (string-&gt;list str1))\n\n(require rackunit)\n\n(define (test-humaneval) \n\n  (let (( candidate string_to_tuple))\n    (check-equal? (candidate \"python 3.0\") (list \"p\" \"y\" \"t\" \"h\" \"o\" \"n\" \"3\" \".\" \"0\"))\n    (check-equal? (candidate \"item1\") (list \"i\" \"t\" \"e\" \"m\" \"1\"))\n    (check-equal? (candidate \"15.10\") (list \"1\" \"5\" \".\" \"1\" \"0\"))\n))\n\n(test-humaneval)",
      "timestamp": 1665510133,
      "stdout": "",
      "stderr": "/tmp/tmp65qtae8x.rkt:5:2: read-syntax: expected a `)` to close `(`\n  possible cause: indentation suggests a missing `)` before line 7\n  context...:\n   /work/arjunguha-research-group/software/racket/collects/syntax/module-reader.rkt:186:17: body\n   /work/arjunguha-research-group/software/racket/collects/syntax/module-reader.rkt:183:2: wrap-internal\n   /work/arjunguha-research-group/software/racket/collects/racket/../syntax/module-reader.rkt:67:9: wrap-internal/wrapper\n",
      "exit_code": 1,
      "status": "SyntaxError"
    },
    {
      "program": "#lang racket\n\n;; Write a function to convert a given string to a list of characters.\n(define (string_to_tuple str1)\n  (string-&gt;list str1))\n\n(require rackunit)\n\n(define (test-humaneval) \n\n  (let (( candidate string_to_tuple))\n    (check-equal? (candidate \"python 3.0\") (list \"p\" \"y\" \"t\" \"h\" \"o\" \"n\" \"3\" \".\" \"0\"))\n    (check-equal? (candidate \"item1\") (list \"i\" \"t\" \"e\" \"m\" \"1\"))\n    (check-equal? (candidate \"15.10\") (list \"1\" \"5\" \".\" \"1\" \"0\"))\n))\n\n(test-humaneval)",
      "timestamp": 1665510133,
      "stdout": "",
      "stderr": "/tmp/tmp65qtae8x.rkt:5:2: read-syntax: expected a `)` to close `(`\n  possible cause: indentation suggests a missing `)` before line 7\n  context...:\n   /work/arjunguha-research-group/software/racket/collects/syntax/module-reader.rkt:186:17: body\n   /work/arjunguha-research-group/software/racket/collects/syntax/module-reader.rkt:183:2: wrap-internal\n   /work/arjunguha-research-group/software/racket/collects/racket/../syntax/module-reader.rkt:67:9: wrap-internal/wrapper\n",
      "exit_code": 1,
      "status": "SyntaxError"
    },
    {
      "program": "#lang racket\n\n;; Write a function to convert a given string to a list of characters.\n(define (string_to_tuple str1)\n  (string->list str1))\n\n(require rackunit)\n\n(define (test-humaneval) \n\n  (let (( candidate string_to_tuple))\n    (check-equal? (candidate \"python 3.0\") (list \"p\" \"y\" \"t\" \"h\" \"o\" \"n\" \"3\" \".\" \"0\"))\n    (check-equal? (candidate \"item1\") (list \"i\" \"t\" \"e\" \"m\" \"1\"))\n    (check-equal? (candidate \"15.10\") (list \"1\" \"5\" \".\" \"1\" \"0\"))\n))\n\n(test-humaneval)",
      "timestamp": 1665510133,
      "stdout": "",
      "stderr": "--------------------\nFAILURE\nname:       check-equal?\nlocation:   /tmp/tmp3zqzmcy2.rkt:12:4\nactual:     '(#\\p #\\y #\\t #\\h #\\o #\\n #\\space #\\3 #\\. #\\0)\nexpected:   '(\"p\" \"y\" \"t\" \"h\" \"o\" \"n\" \"3\" \".\" \"0\")\n--------------------\n--------------------\nFAILURE\nname:       check-equal?\nlocation:   /tmp/tmp3zqzmcy2.rkt:13:4\nactual:     '(#\\i #\\t #\\e #\\m #\\1)\nexpected:   '(\"i\" \"t\" \"e\" \"m\" \"1\")\n--------------------\n--------------------\nFAILURE\nname:       check-equal?\nlocation:   /tmp/tmp3zqzmcy2.rkt:14:4\nactual:     '(#\\1 #\\5 #\\. #\\1 #\\0)\nexpected:   '(\"1\" \"5\" \".\" \"1\" \"0\")\n--------------------\n",
      "exit_code": 0,
      "status": "Exception"
    },
    {
      "program": "#lang racket\n\n;; Write a function to convert a given string to a list of characters.\n(define (string_to_tuple str1)\n  (string->list str1))\n\n(require rackunit)\n\n(define (test-humaneval) \n\n  (let (( candidate string_to_tuple))\n    (check-equal? (candidate \"python 3.0\") (list \"p\" \"y\" \"t\" \"h\" \"o\" \"n\" \"3\" \".\" \"0\"))\n    (check-equal? (candidate \"item1\") (list \"i\" \"t\" \"e\" \"m\" \"1\"))\n    (check-equal? (candidate \"15.10\") (list \"1\" \"5\" \".\" \"1\" \"0\"))\n))\n\n(test-humaneval)",
      "timestamp": 1665510133,
      "stdout": "",
      "stderr": "--------------------\nFAILURE\nname:       check-equal?\nlocation:   /tmp/tmp3zqzmcy2.rkt:12:4\nactual:     '(#\\p #\\y #\\t #\\h #\\o #\\n #\\space #\\3 #\\. #\\0)\nexpected:   '(\"p\" \"y\" \"t\" \"h\" \"o\" \"n\" \"3\" \".\" \"0\")\n--------------------\n--------------------\nFAILURE\nname:       check-equal?\nlocation:   /tmp/tmp3zqzmcy2.rkt:13:4\nactual:     '(#\\i #\\t #\\e #\\m #\\1)\nexpected:   '(\"i\" \"t\" \"e\" \"m\" \"1\")\n--------------------\n--------------------\nFAILURE\nname:       check-equal?\nlocation:   /tmp/tmp3zqzmcy2.rkt:14:4\nactual:     '(#\\1 #\\5 #\\. #\\1 #\\0)\nexpected:   '(\"1\" \"5\" \".\" \"1\" \"0\")\n--------------------\n",
      "exit_code": 0,
      "status": "Exception"
    },
    {
      "program": "#lang racket\n\n;; Write a function to convert a given string to a list of characters.\n(define (string_to_tuple str1)\n  (string-&gt;list str1))\n\n(require rackunit)\n\n(define (test-humaneval) \n\n  (let (( candidate string_to_tuple))\n    (check-equal? (candidate \"python 3.0\") (list \"p\" \"y\" \"t\" \"h\" \"o\" \"n\" \"3\" \".\" \"0\"))\n    (check-equal? (candidate \"item1\") (list \"i\" \"t\" \"e\" \"m\" \"1\"))\n    (check-equal? (candidate \"15.10\") (list \"1\" \"5\" \".\" \"1\" \"0\"))\n))\n\n(test-humaneval)",
      "timestamp": 1665510133,
      "stdout": "",
      "stderr": "/tmp/tmp65qtae8x.rkt:5:2: read-syntax: expected a `)` to close `(`\n  possible cause: indentation suggests a missing `)` before line 7\n  context...:\n   /work/arjunguha-research-group/software/racket/collects/syntax/module-reader.rkt:186:17: body\n   /work/arjunguha-research-group/software/racket/collects/syntax/module-reader.rkt:183:2: wrap-internal\n   /work/arjunguha-research-group/software/racket/collects/racket/../syntax/module-reader.rkt:67:9: wrap-internal/wrapper\n",
      "exit_code": 1,
      "status": "SyntaxError"
    },
    {
      "program": "#lang racket\n\n;; Write a function to convert a given string to a list of characters.\n(define (string_to_tuple str1)\n  (list->tuple (string->list str1)))\n\n(require rackunit)\n\n(define (test-humaneval) \n\n  (let (( candidate string_to_tuple))\n    (check-equal? (candidate \"python 3.0\") (list \"p\" \"y\" \"t\" \"h\" \"o\" \"n\" \"3\" \".\" \"0\"))\n    (check-equal? (candidate \"item1\") (list \"i\" \"t\" \"e\" \"m\" \"1\"))\n    (check-equal? (candidate \"15.10\") (list \"1\" \"5\" \".\" \"1\" \"0\"))\n))\n\n(test-humaneval)",
      "timestamp": 1665510133,
      "stdout": "",
      "stderr": "/tmp/tmpdikoswwi.rkt:5:3: list->tuple: unbound identifier\n  in: list->tuple\n  location...:\n   /tmp/tmpdikoswwi.rkt:5:3\n",
      "exit_code": 1,
      "status": "Exception"
    },
    {
      "program": "#lang racket\n\n;; Write a function to convert a given string to a list of characters.\n(define (string_to_tuple str1)\n  (string-&gt;list str1))\n\n(require rackunit)\n\n(define (test-humaneval) \n\n  (let (( candidate string_to_tuple))\n    (check-equal? (candidate \"python 3.0\") (list \"p\" \"y\" \"t\" \"h\" \"o\" \"n\" \"3\" \".\" \"0\"))\n    (check-equal? (candidate \"item1\") (list \"i\" \"t\" \"e\" \"m\" \"1\"))\n    (check-equal? (candidate \"15.10\") (list \"1\" \"5\" \".\" \"1\" \"0\"))\n))\n\n(test-humaneval)",
      "timestamp": 1665510133,
      "stdout": "",
      "stderr": "/tmp/tmp65qtae8x.rkt:5:2: read-syntax: expected a `)` to close `(`\n  possible cause: indentation suggests a missing `)` before line 7\n  context...:\n   /work/arjunguha-research-group/software/racket/collects/syntax/module-reader.rkt:186:17: body\n   /work/arjunguha-research-group/software/racket/collects/syntax/module-reader.rkt:183:2: wrap-internal\n   /work/arjunguha-research-group/software/racket/collects/racket/../syntax/module-reader.rkt:67:9: wrap-internal/wrapper\n",
      "exit_code": 1,
      "status": "SyntaxError"
    },
    {
      "program": "#lang racket\n\n;; Write a function to convert a given string to a list of characters.\n(define (string_to_tuple str1)\n  (list->tuple (string->list str1)))\n\n(require rackunit)\n\n(define (test-humaneval) \n\n  (let (( candidate string_to_tuple))\n    (check-equal? (candidate \"python 3.0\") (list \"p\" \"y\" \"t\" \"h\" \"o\" \"n\" \"3\" \".\" \"0\"))\n    (check-equal? (candidate \"item1\") (list \"i\" \"t\" \"e\" \"m\" \"1\"))\n    (check-equal? (candidate \"15.10\") (list \"1\" \"5\" \".\" \"1\" \"0\"))\n))\n\n(test-humaneval)",
      "timestamp": 1665510133,
      "stdout": "",
      "stderr": "/tmp/tmpdikoswwi.rkt:5:3: list->tuple: unbound identifier\n  in: list->tuple\n  location...:\n   /tmp/tmpdikoswwi.rkt:5:3\n",
      "exit_code": 1,
      "status": "Exception"
    },
    {
      "program": "#lang racket\n\n;; Write a function to convert a given string to a list of characters.\n(define (string_to_tuple str1)\n  (string->list str1))\n\n(require rackunit)\n\n(define (test-humaneval) \n\n  (let (( candidate string_to_tuple))\n    (check-equal? (candidate \"python 3.0\") (list \"p\" \"y\" \"t\" \"h\" \"o\" \"n\" \"3\" \".\" \"0\"))\n    (check-equal? (candidate \"item1\") (list \"i\" \"t\" \"e\" \"m\" \"1\"))\n    (check-equal? (candidate \"15.10\") (list \"1\" \"5\" \".\" \"1\" \"0\"))\n))\n\n(test-humaneval)",
      "timestamp": 1665510133,
      "stdout": "",
      "stderr": "--------------------\nFAILURE\nname:       check-equal?\nlocation:   /tmp/tmp3zqzmcy2.rkt:12:4\nactual:     '(#\\p #\\y #\\t #\\h #\\o #\\n #\\space #\\3 #\\. #\\0)\nexpected:   '(\"p\" \"y\" \"t\" \"h\" \"o\" \"n\" \"3\" \".\" \"0\")\n--------------------\n--------------------\nFAILURE\nname:       check-equal?\nlocation:   /tmp/tmp3zqzmcy2.rkt:13:4\nactual:     '(#\\i #\\t #\\e #\\m #\\1)\nexpected:   '(\"i\" \"t\" \"e\" \"m\" \"1\")\n--------------------\n--------------------\nFAILURE\nname:       check-equal?\nlocation:   /tmp/tmp3zqzmcy2.rkt:14:4\nactual:     '(#\\1 #\\5 #\\. #\\1 #\\0)\nexpected:   '(\"1\" \"5\" \".\" \"1\" \"0\")\n--------------------\n",
      "exit_code": 0,
      "status": "Exception"
    },
    {
      "program": "#lang racket\n\n;; Write a function to convert a given string to a list of characters.\n(define (string_to_tuple str1)\n  (string-&gt;list str1))\n\n(require rackunit)\n\n(define (test-humaneval) \n\n  (let (( candidate string_to_tuple))\n    (check-equal? (candidate \"python 3.0\") (list \"p\" \"y\" \"t\" \"h\" \"o\" \"n\" \"3\" \".\" \"0\"))\n    (check-equal? (candidate \"item1\") (list \"i\" \"t\" \"e\" \"m\" \"1\"))\n    (check-equal? (candidate \"15.10\") (list \"1\" \"5\" \".\" \"1\" \"0\"))\n))\n\n(test-humaneval)",
      "timestamp": 1665510133,
      "stdout": "",
      "stderr": "/tmp/tmp65qtae8x.rkt:5:2: read-syntax: expected a `)` to close `(`\n  possible cause: indentation suggests a missing `)` before line 7\n  context...:\n   /work/arjunguha-research-group/software/racket/collects/syntax/module-reader.rkt:186:17: body\n   /work/arjunguha-research-group/software/racket/collects/syntax/module-reader.rkt:183:2: wrap-internal\n   /work/arjunguha-research-group/software/racket/collects/racket/../syntax/module-reader.rkt:67:9: wrap-internal/wrapper\n",
      "exit_code": 1,
      "status": "SyntaxError"
    },
    {
      "program": "#lang racket\n\n;; Write a function to convert a given string to a list of characters.\n(define (string_to_tuple str1)\n  (string-&gt;list str1))\n\n(require rackunit)\n\n(define (test-humaneval) \n\n  (let (( candidate string_to_tuple))\n    (check-equal? (candidate \"python 3.0\") (list \"p\" \"y\" \"t\" \"h\" \"o\" \"n\" \"3\" \".\" \"0\"))\n    (check-equal? (candidate \"item1\") (list \"i\" \"t\" \"e\" \"m\" \"1\"))\n    (check-equal? (candidate \"15.10\") (list \"1\" \"5\" \".\" \"1\" \"0\"))\n))\n\n(test-humaneval)",
      "timestamp": 1665510133,
      "stdout": "",
      "stderr": "/tmp/tmp65qtae8x.rkt:5:2: read-syntax: expected a `)` to close `(`\n  possible cause: indentation suggests a missing `)` before line 7\n  context...:\n   /work/arjunguha-research-group/software/racket/collects/syntax/module-reader.rkt:186:17: body\n   /work/arjunguha-research-group/software/racket/collects/syntax/module-reader.rkt:183:2: wrap-internal\n   /work/arjunguha-research-group/software/racket/collects/racket/../syntax/module-reader.rkt:67:9: wrap-internal/wrapper\n",
      "exit_code": 1,
      "status": "SyntaxError"
    },
    {
      "program": "#lang racket\n\n;; Write a function to convert a given string to a list of characters.\n(define (string_to_tuple str1)\n  (string-&gt;list str1))\n\n(require rackunit)\n\n(define (test-humaneval) \n\n  (let (( candidate string_to_tuple))\n    (check-equal? (candidate \"python 3.0\") (list \"p\" \"y\" \"t\" \"h\" \"o\" \"n\" \"3\" \".\" \"0\"))\n    (check-equal? (candidate \"item1\") (list \"i\" \"t\" \"e\" \"m\" \"1\"))\n    (check-equal? (candidate \"15.10\") (list \"1\" \"5\" \".\" \"1\" \"0\"))\n))\n\n(test-humaneval)",
      "timestamp": 1665510133,
      "stdout": "",
      "stderr": "/tmp/tmp65qtae8x.rkt:5:2: read-syntax: expected a `)` to close `(`\n  possible cause: indentation suggests a missing `)` before line 7\n  context...:\n   /work/arjunguha-research-group/software/racket/collects/syntax/module-reader.rkt:186:17: body\n   /work/arjunguha-research-group/software/racket/collects/syntax/module-reader.rkt:183:2: wrap-internal\n   /work/arjunguha-research-group/software/racket/collects/racket/../syntax/module-reader.rkt:67:9: wrap-internal/wrapper\n",
      "exit_code": 1,
      "status": "SyntaxError"
    },
    {
      "program": "#lang racket\n\n;; Write a function to convert a given string to a list of characters.\n(define (string_to_tuple str1)\n  (string->list str1))\n\n(require rackunit)\n\n(define (test-humaneval) \n\n  (let (( candidate string_to_tuple))\n    (check-equal? (candidate \"python 3.0\") (list \"p\" \"y\" \"t\" \"h\" \"o\" \"n\" \"3\" \".\" \"0\"))\n    (check-equal? (candidate \"item1\") (list \"i\" \"t\" \"e\" \"m\" \"1\"))\n    (check-equal? (candidate \"15.10\") (list \"1\" \"5\" \".\" \"1\" \"0\"))\n))\n\n(test-humaneval)",
      "timestamp": 1665510133,
      "stdout": "",
      "stderr": "--------------------\nFAILURE\nname:       check-equal?\nlocation:   /tmp/tmp3zqzmcy2.rkt:12:4\nactual:     '(#\\p #\\y #\\t #\\h #\\o #\\n #\\space #\\3 #\\. #\\0)\nexpected:   '(\"p\" \"y\" \"t\" \"h\" \"o\" \"n\" \"3\" \".\" \"0\")\n--------------------\n--------------------\nFAILURE\nname:       check-equal?\nlocation:   /tmp/tmp3zqzmcy2.rkt:13:4\nactual:     '(#\\i #\\t #\\e #\\m #\\1)\nexpected:   '(\"i\" \"t\" \"e\" \"m\" \"1\")\n--------------------\n--------------------\nFAILURE\nname:       check-equal?\nlocation:   /tmp/tmp3zqzmcy2.rkt:14:4\nactual:     '(#\\1 #\\5 #\\. #\\1 #\\0)\nexpected:   '(\"1\" \"5\" \".\" \"1\" \"0\")\n--------------------\n",
      "exit_code": 0,
      "status": "Exception"
    },
    {
      "program": "#lang racket\n\n;; Write a function to convert a given string to a list of characters.\n(define (string_to_tuple str1)\n  (string-&gt;list str1))\n\n(require rackunit)\n\n(define (test-humaneval) \n\n  (let (( candidate string_to_tuple))\n    (check-equal? (candidate \"python 3.0\") (list \"p\" \"y\" \"t\" \"h\" \"o\" \"n\" \"3\" \".\" \"0\"))\n    (check-equal? (candidate \"item1\") (list \"i\" \"t\" \"e\" \"m\" \"1\"))\n    (check-equal? (candidate \"15.10\") (list \"1\" \"5\" \".\" \"1\" \"0\"))\n))\n\n(test-humaneval)",
      "timestamp": 1665510133,
      "stdout": "",
      "stderr": "/tmp/tmp65qtae8x.rkt:5:2: read-syntax: expected a `)` to close `(`\n  possible cause: indentation suggests a missing `)` before line 7\n  context...:\n   /work/arjunguha-research-group/software/racket/collects/syntax/module-reader.rkt:186:17: body\n   /work/arjunguha-research-group/software/racket/collects/syntax/module-reader.rkt:183:2: wrap-internal\n   /work/arjunguha-research-group/software/racket/collects/racket/../syntax/module-reader.rkt:67:9: wrap-internal/wrapper\n",
      "exit_code": 1,
      "status": "SyntaxError"
    },
    {
      "program": "#lang racket\n\n;; Write a function to convert a given string to a list of characters.\n(define (string_to_tuple str1)\n  (string-&gt;list str1))\n\n(require rackunit)\n\n(define (test-humaneval) \n\n  (let (( candidate string_to_tuple))\n    (check-equal? (candidate \"python 3.0\") (list \"p\" \"y\" \"t\" \"h\" \"o\" \"n\" \"3\" \".\" \"0\"))\n    (check-equal? (candidate \"item1\") (list \"i\" \"t\" \"e\" \"m\" \"1\"))\n    (check-equal? (candidate \"15.10\") (list \"1\" \"5\" \".\" \"1\" \"0\"))\n))\n\n(test-humaneval)",
      "timestamp": 1665510133,
      "stdout": "",
      "stderr": "/tmp/tmp65qtae8x.rkt:5:2: read-syntax: expected a `)` to close `(`\n  possible cause: indentation suggests a missing `)` before line 7\n  context...:\n   /work/arjunguha-research-group/software/racket/collects/syntax/module-reader.rkt:186:17: body\n   /work/arjunguha-research-group/software/racket/collects/syntax/module-reader.rkt:183:2: wrap-internal\n   /work/arjunguha-research-group/software/racket/collects/racket/../syntax/module-reader.rkt:67:9: wrap-internal/wrapper\n",
      "exit_code": 1,
      "status": "SyntaxError"
    },
    {
      "program": "#lang racket\n\n;; Write a function to convert a given string to a list of characters.\n(define (string_to_tuple str1)\n  (string->list str1))\n\n(require rackunit)\n\n(define (test-humaneval) \n\n  (let (( candidate string_to_tuple))\n    (check-equal? (candidate \"python 3.0\") (list \"p\" \"y\" \"t\" \"h\" \"o\" \"n\" \"3\" \".\" \"0\"))\n    (check-equal? (candidate \"item1\") (list \"i\" \"t\" \"e\" \"m\" \"1\"))\n    (check-equal? (candidate \"15.10\") (list \"1\" \"5\" \".\" \"1\" \"0\"))\n))\n\n(test-humaneval)",
      "timestamp": 1665510133,
      "stdout": "",
      "stderr": "--------------------\nFAILURE\nname:       check-equal?\nlocation:   /tmp/tmp3zqzmcy2.rkt:12:4\nactual:     '(#\\p #\\y #\\t #\\h #\\o #\\n #\\space #\\3 #\\. #\\0)\nexpected:   '(\"p\" \"y\" \"t\" \"h\" \"o\" \"n\" \"3\" \".\" \"0\")\n--------------------\n--------------------\nFAILURE\nname:       check-equal?\nlocation:   /tmp/tmp3zqzmcy2.rkt:13:4\nactual:     '(#\\i #\\t #\\e #\\m #\\1)\nexpected:   '(\"i\" \"t\" \"e\" \"m\" \"1\")\n--------------------\n--------------------\nFAILURE\nname:       check-equal?\nlocation:   /tmp/tmp3zqzmcy2.rkt:14:4\nactual:     '(#\\1 #\\5 #\\. #\\1 #\\0)\nexpected:   '(\"1\" \"5\" \".\" \"1\" \"0\")\n--------------------\n",
      "exit_code": 0,
      "status": "Exception"
    },
    {
      "program": "#lang racket\n\n;; Write a function to convert a given string to a list of characters.\n(define (string_to_tuple str1)\n  (string-&gt;list str1))\n\n(require rackunit)\n\n(define (test-humaneval) \n\n  (let (( candidate string_to_tuple))\n    (check-equal? (candidate \"python 3.0\") (list \"p\" \"y\" \"t\" \"h\" \"o\" \"n\" \"3\" \".\" \"0\"))\n    (check-equal? (candidate \"item1\") (list \"i\" \"t\" \"e\" \"m\" \"1\"))\n    (check-equal? (candidate \"15.10\") (list \"1\" \"5\" \".\" \"1\" \"0\"))\n))\n\n(test-humaneval)",
      "timestamp": 1665510133,
      "stdout": "",
      "stderr": "/tmp/tmp65qtae8x.rkt:5:2: read-syntax: expected a `)` to close `(`\n  possible cause: indentation suggests a missing `)` before line 7\n  context...:\n   /work/arjunguha-research-group/software/racket/collects/syntax/module-reader.rkt:186:17: body\n   /work/arjunguha-research-group/software/racket/collects/syntax/module-reader.rkt:183:2: wrap-internal\n   /work/arjunguha-research-group/software/racket/collects/racket/../syntax/module-reader.rkt:67:9: wrap-internal/wrapper\n",
      "exit_code": 1,
      "status": "SyntaxError"
    },
    {
      "program": "#lang racket\n\n;; Write a function to convert a given string to a list of characters.\n(define (string_to_tuple str1)\n  (string-&gt;list str1))\n\n(require rackunit)\n\n(define (test-humaneval) \n\n  (let (( candidate string_to_tuple))\n    (check-equal? (candidate \"python 3.0\") (list \"p\" \"y\" \"t\" \"h\" \"o\" \"n\" \"3\" \".\" \"0\"))\n    (check-equal? (candidate \"item1\") (list \"i\" \"t\" \"e\" \"m\" \"1\"))\n    (check-equal? (candidate \"15.10\") (list \"1\" \"5\" \".\" \"1\" \"0\"))\n))\n\n(test-humaneval)",
      "timestamp": 1665510133,
      "stdout": "",
      "stderr": "/tmp/tmp65qtae8x.rkt:5:2: read-syntax: expected a `)` to close `(`\n  possible cause: indentation suggests a missing `)` before line 7\n  context...:\n   /work/arjunguha-research-group/software/racket/collects/syntax/module-reader.rkt:186:17: body\n   /work/arjunguha-research-group/software/racket/collects/syntax/module-reader.rkt:183:2: wrap-internal\n   /work/arjunguha-research-group/software/racket/collects/racket/../syntax/module-reader.rkt:67:9: wrap-internal/wrapper\n",
      "exit_code": 1,
      "status": "SyntaxError"
    },
    {
      "program": "#lang racket\n\n;; Write a function to convert a given string to a list of characters.\n(define (string_to_tuple str1)\n  (string->list str1))\n\n(require rackunit)\n\n(define (test-humaneval) \n\n  (let (( candidate string_to_tuple))\n    (check-equal? (candidate \"python 3.0\") (list \"p\" \"y\" \"t\" \"h\" \"o\" \"n\" \"3\" \".\" \"0\"))\n    (check-equal? (candidate \"item1\") (list \"i\" \"t\" \"e\" \"m\" \"1\"))\n    (check-equal? (candidate \"15.10\") (list \"1\" \"5\" \".\" \"1\" \"0\"))\n))\n\n(test-humaneval)",
      "timestamp": 1665510133,
      "stdout": "",
      "stderr": "--------------------\nFAILURE\nname:       check-equal?\nlocation:   /tmp/tmp3zqzmcy2.rkt:12:4\nactual:     '(#\\p #\\y #\\t #\\h #\\o #\\n #\\space #\\3 #\\. #\\0)\nexpected:   '(\"p\" \"y\" \"t\" \"h\" \"o\" \"n\" \"3\" \".\" \"0\")\n--------------------\n--------------------\nFAILURE\nname:       check-equal?\nlocation:   /tmp/tmp3zqzmcy2.rkt:13:4\nactual:     '(#\\i #\\t #\\e #\\m #\\1)\nexpected:   '(\"i\" \"t\" \"e\" \"m\" \"1\")\n--------------------\n--------------------\nFAILURE\nname:       check-equal?\nlocation:   /tmp/tmp3zqzmcy2.rkt:14:4\nactual:     '(#\\1 #\\5 #\\. #\\1 #\\0)\nexpected:   '(\"1\" \"5\" \".\" \"1\" \"0\")\n--------------------\n",
      "exit_code": 0,
      "status": "Exception"
    },
    {
      "program": "#lang racket\n\n;; Write a function to convert a given string to a list of characters.\n(define (string_to_tuple str1)\n  (string-&gt;list str1))\n\n(require rackunit)\n\n(define (test-humaneval) \n\n  (let (( candidate string_to_tuple))\n    (check-equal? (candidate \"python 3.0\") (list \"p\" \"y\" \"t\" \"h\" \"o\" \"n\" \"3\" \".\" \"0\"))\n    (check-equal? (candidate \"item1\") (list \"i\" \"t\" \"e\" \"m\" \"1\"))\n    (check-equal? (candidate \"15.10\") (list \"1\" \"5\" \".\" \"1\" \"0\"))\n))\n\n(test-humaneval)",
      "timestamp": 1665510133,
      "stdout": "",
      "stderr": "/tmp/tmp65qtae8x.rkt:5:2: read-syntax: expected a `)` to close `(`\n  possible cause: indentation suggests a missing `)` before line 7\n  context...:\n   /work/arjunguha-research-group/software/racket/collects/syntax/module-reader.rkt:186:17: body\n   /work/arjunguha-research-group/software/racket/collects/syntax/module-reader.rkt:183:2: wrap-internal\n   /work/arjunguha-research-group/software/racket/collects/racket/../syntax/module-reader.rkt:67:9: wrap-internal/wrapper\n",
      "exit_code": 1,
      "status": "SyntaxError"
    }
  ]
}