{
  "name": "mbpp_244_next_Perfect_Square",
  "language": "rkt",
  "prompt": "#lang racket\n\n;; Write a rktthon function to find the next perfect square greater than a given number.\n(define (next_Perfect_Square N)\n",
  "doctests": "transform",
  "original": "/home/arjun/repos/MultiPL-E/datasets/../datasets/mbpp-typed/mbpp_244_next_Perfect_Square.py",
  "prompt_terminology": "reworded",
  "tests": "(require rackunit)\n\n(define (test-humaneval) \n\n  (let (( candidate next_Perfect_Square))\n    (check-equal? (candidate 35) 36)\n    (check-equal? (candidate 6) 9)\n    (check-equal? (candidate 9) 16)\n))\n\n(test-humaneval)",
  "stop_tokens": [
    "\n(define ",
    "\n#|",
    "\n;",
    "\n("
  ],
  "results": [
    {
      "program": "#lang racket\n\n;; Write a rktthon function to find the next perfect square greater than a given number.\n(define (next_Perfect_Square N)\n  (define (next_Perfect_Square_iter N i)\n    (if (&gt;= (* i i) N)\n        (* i i)\n        (next_Perfect_Square_iter N (+ i 1))))\n  (next_Perfect_Square_iter N 1))\n\n(require rackunit)\n\n(define (test-humaneval) \n\n  (let (( candidate next_Perfect_Square))\n    (check-equal? (candidate 35) 36)\n    (check-equal? (candidate 6) 9)\n    (check-equal? (candidate 9) 16)\n))\n\n(test-humaneval)",
      "timestamp": 1665510008,
      "stdout": "",
      "stderr": "/tmp/tmp_dcfc163.rkt:4:0: read-syntax: expected a `)` to close `(`\n  possible cause: indentation suggests a missing `)` before line 11\n  context...:\n   /work/arjunguha-research-group/software/racket/collects/syntax/module-reader.rkt:186:17: body\n   /work/arjunguha-research-group/software/racket/collects/syntax/module-reader.rkt:183:2: wrap-internal\n   /work/arjunguha-research-group/software/racket/collects/racket/../syntax/module-reader.rkt:67:9: wrap-internal/wrapper\n",
      "exit_code": 1,
      "status": "SyntaxError"
    },
    {
      "program": "#lang racket\n\n;; Write a rktthon function to find the next perfect square greater than a given number.\n(define (next_Perfect_Square N)\n  (let ([N (ceiling (sqrt N))])\n    (* N (+ N 1))))\n\n(require rackunit)\n\n(define (test-humaneval) \n\n  (let (( candidate next_Perfect_Square))\n    (check-equal? (candidate 35) 36)\n    (check-equal? (candidate 6) 9)\n    (check-equal? (candidate 9) 16)\n))\n\n(test-humaneval)",
      "timestamp": 1665510010,
      "stdout": "",
      "stderr": "--------------------\nFAILURE\nname:       check-equal?\nlocation:   /tmp/tmppgtfgewx.rkt:13:4\nactual:     42.0\nexpected:   36\n--------------------\n--------------------\nFAILURE\nname:       check-equal?\nlocation:   /tmp/tmppgtfgewx.rkt:14:4\nactual:     12.0\nexpected:   9\n--------------------\n--------------------\nFAILURE\nname:       check-equal?\nlocation:   /tmp/tmppgtfgewx.rkt:15:4\nactual:     12\nexpected:   16\n--------------------\n",
      "exit_code": 0,
      "status": "Exception"
    },
    {
      "program": "#lang racket\n\n;; Write a rktthon function to find the next perfect square greater than a given number.\n(define (next_Perfect_Square N)\n  (define (next_Perfect_Square_iter N i)\n    (if (= (sqr i) N)\n        (sqr (+ i 1))\n        (next_Perfect_Square_iter N (+ i 1))))\n  (next_Perfect_Square_iter N 1))\n\n(require rackunit)\n\n(define (test-humaneval) \n\n  (let (( candidate next_Perfect_Square))\n    (check-equal? (candidate 35) 36)\n    (check-equal? (candidate 6) 9)\n    (check-equal? (candidate 9) 16)\n))\n\n(test-humaneval)",
      "timestamp": 1665510023,
      "stdout": "",
      "stderr": "",
      "exit_code": -1,
      "status": "Exception"
    },
    {
      "program": "#lang racket\n\n;; Write a rktthon function to find the next perfect square greater than a given number.\n(define (next_Perfect_Square N)\n  (define (next_Perfect_Square_iter N i)\n    (if (&gt; (* i i) N)\n        (* i i)\n        (next_Perfect_Square_iter N (+ i 1))))\n  (next_Perfect_Square_iter N 1))\n\n(require rackunit)\n\n(define (test-humaneval) \n\n  (let (( candidate next_Perfect_Square))\n    (check-equal? (candidate 35) 36)\n    (check-equal? (candidate 6) 9)\n    (check-equal? (candidate 9) 16)\n))\n\n(test-humaneval)",
      "timestamp": 1665510008,
      "stdout": "",
      "stderr": "/tmp/tmp60s_35ga.rkt:4:0: read-syntax: expected a `)` to close `(`\n  possible cause: indentation suggests a missing `)` before line 11\n  context...:\n   /work/arjunguha-research-group/software/racket/collects/syntax/module-reader.rkt:186:17: body\n   /work/arjunguha-research-group/software/racket/collects/syntax/module-reader.rkt:183:2: wrap-internal\n   /work/arjunguha-research-group/software/racket/collects/racket/../syntax/module-reader.rkt:67:9: wrap-internal/wrapper\n",
      "exit_code": 1,
      "status": "SyntaxError"
    },
    {
      "program": "#lang racket\n\n;; Write a rktthon function to find the next perfect square greater than a given number.\n(define (next_Perfect_Square N)\n  (let ([n (ceiling (sqrt N))])\n    (* n n)))\n\n(require rackunit)\n\n(define (test-humaneval) \n\n  (let (( candidate next_Perfect_Square))\n    (check-equal? (candidate 35) 36)\n    (check-equal? (candidate 6) 9)\n    (check-equal? (candidate 9) 16)\n))\n\n(test-humaneval)",
      "timestamp": 1665510010,
      "stdout": "",
      "stderr": "--------------------\nFAILURE\nname:       check-equal?\nlocation:   /tmp/tmp9gvryua8.rkt:13:4\nactual:     36.0\nexpected:   36\n--------------------\n--------------------\nFAILURE\nname:       check-equal?\nlocation:   /tmp/tmp9gvryua8.rkt:14:4\nactual:     9.0\nexpected:   9\n--------------------\n--------------------\nFAILURE\nname:       check-equal?\nlocation:   /tmp/tmp9gvryua8.rkt:15:4\nactual:     9\nexpected:   16\n--------------------\n",
      "exit_code": 0,
      "status": "Exception"
    },
    {
      "program": "#lang racket\n\n;; Write a rktthon function to find the next perfect square greater than a given number.\n(define (next_Perfect_Square N)\n  (let loop ((N N))\n    (if (and (integer? (sqrt N)) (= (sqrt N) (round (sqrt N))))\n        N\n        (loop (+ N 1)))))\n\n(require rackunit)\n\n(define (test-humaneval) \n\n  (let (( candidate next_Perfect_Square))\n    (check-equal? (candidate 35) 36)\n    (check-equal? (candidate 6) 9)\n    (check-equal? (candidate 9) 16)\n))\n\n(test-humaneval)",
      "timestamp": 1665510010,
      "stdout": "",
      "stderr": "--------------------\nFAILURE\nname:       check-equal?\nlocation:   /tmp/tmpvmsve0h2.rkt:17:4\nactual:     9\nexpected:   16\n--------------------\n",
      "exit_code": 0,
      "status": "Exception"
    },
    {
      "program": "#lang racket\n\n;; Write a rktthon function to find the next perfect square greater than a given number.\n(define (next_Perfect_Square N)\n  (define (perfect_square? N)\n    (if (= (sqrt N) (round (sqrt N)))\n        #t\n        #f))\n  (define (next_square N)\n    (if (perfect_square? N)\n        (next_square (+ N 1))\n        N))\n  (next_square (+ N 1)))\n\n(require rackunit)\n\n(define (test-humaneval) \n\n  (let (( candidate next_Perfect_Square))\n    (check-equal? (candidate 35) 36)\n    (check-equal? (candidate 6) 9)\n    (check-equal? (candidate 9) 16)\n))\n\n(test-humaneval)",
      "timestamp": 1665510010,
      "stdout": "",
      "stderr": "--------------------\nFAILURE\nname:       check-equal?\nlocation:   /tmp/tmp0q0bnyen.rkt:20:4\nactual:     37\nexpected:   36\n--------------------\n--------------------\nFAILURE\nname:       check-equal?\nlocation:   /tmp/tmp0q0bnyen.rkt:21:4\nactual:     7\nexpected:   9\n--------------------\n--------------------\nFAILURE\nname:       check-equal?\nlocation:   /tmp/tmp0q0bnyen.rkt:22:4\nactual:     10\nexpected:   16\n--------------------\n",
      "exit_code": 0,
      "status": "Exception"
    },
    {
      "program": "#lang racket\n\n;; Write a rktthon function to find the next perfect square greater than a given number.\n(define (next_Perfect_Square N)\n  (cond\n    [(= (sqrt N) (floor (sqrt N))) (next_Perfect_Square (+ N 1))]\n    [else (expt (ceiling (sqrt N)) 2)]))\n\n(require rackunit)\n\n(define (test-humaneval) \n\n  (let (( candidate next_Perfect_Square))\n    (check-equal? (candidate 35) 36)\n    (check-equal? (candidate 6) 9)\n    (check-equal? (candidate 9) 16)\n))\n\n(test-humaneval)",
      "timestamp": 1665510010,
      "stdout": "",
      "stderr": "--------------------\nFAILURE\nname:       check-equal?\nlocation:   /tmp/tmpl3ptyuwv.rkt:14:4\nactual:     36.0\nexpected:   36\n--------------------\n--------------------\nFAILURE\nname:       check-equal?\nlocation:   /tmp/tmpl3ptyuwv.rkt:15:4\nactual:     9.0\nexpected:   9\n--------------------\n--------------------\nFAILURE\nname:       check-equal?\nlocation:   /tmp/tmpl3ptyuwv.rkt:16:4\nactual:     16.0\nexpected:   16\n--------------------\n",
      "exit_code": 0,
      "status": "Exception"
    },
    {
      "program": "#lang racket\n\n;; Write a rktthon function to find the next perfect square greater than a given number.\n(define (next_Perfect_Square N)\n  (define (is_Perfect_Square N)\n    (define (isqrt N)\n      (define (isqrt-iter guess)\n        (if (good-enough? guess)\n            guess\n            (isqrt-iter (improve guess))))\n      (define (good-enough? guess)\n        (< (abs (- (square guess) N)) 0.001))\n      (define (improve guess)\n        (average guess (/ N guess)))\n      (define (average x y)\n        (/ (+ x y) 2))\n      (isqrt-iter 1.0))\n    (if (= (isqrt N) (round (isqrt N)))\n        #t\n        #f))\n  (if (is_Perfect_Square N)\n      N\n      (next_Perfect_Square (+ N 1))))\n\n(require rackunit)\n\n(define (test-humaneval) \n\n  (let (( candidate next_Perfect_Square))\n    (check-equal? (candidate 35) 36)\n    (check-equal? (candidate 6) 9)\n    (check-equal? (candidate 9) 16)\n))\n\n(test-humaneval)",
      "timestamp": 1665510010,
      "stdout": "",
      "stderr": "/tmp/tmpdvupa0zl.rkt:12:20: square: unbound identifier\n  in: square\n  location...:\n   /tmp/tmpdvupa0zl.rkt:12:20\n",
      "exit_code": 1,
      "status": "Exception"
    },
    {
      "program": "#lang racket\n\n;; Write a rktthon function to find the next perfect square greater than a given number.\n(define (next_Perfect_Square N)\n  (let ((N (sqrt N)))\n    (cond\n      [(= (remainder N 1) 0) (+ N 1)]\n      [else (next_Perfect_Square (+ N 1))])))\n\n(require rackunit)\n\n(define (test-humaneval) \n\n  (let (( candidate next_Perfect_Square))\n    (check-equal? (candidate 35) 36)\n    (check-equal? (candidate 6) 9)\n    (check-equal? (candidate 9) 16)\n))\n\n(test-humaneval)",
      "timestamp": 1665510010,
      "stdout": "",
      "stderr": "--------------------\nERROR\nname:       check-equal?\nlocation:   /tmp/tmp513ujs_6.rkt:15:4\n\nremainder: contract violation\n  expected: integer?\n  given: 5.916079783099616\n--------------------\n--------------------\nERROR\nname:       check-equal?\nlocation:   /tmp/tmp513ujs_6.rkt:16:4\n\nremainder: contract violation\n  expected: integer?\n  given: 2.449489742783178\n--------------------\n--------------------\nFAILURE\nname:       check-equal?\nlocation:   /tmp/tmp513ujs_6.rkt:17:4\nactual:     4\nexpected:   16\n--------------------\n",
      "exit_code": 0,
      "status": "Exception"
    },
    {
      "program": "#lang racket\n\n;; Write a rktthon function to find the next perfect square greater than a given number.\n(define (next_Perfect_Square N)\n  (define (next_Perfect_Square_iter n i)\n    (if (&gt; (* i i) n)\n        i\n        (next_Perfect_Square_iter n (+ i 1))))\n  (next_Perfect_Square_iter N 1))\n\n(require rackunit)\n\n(define (test-humaneval) \n\n  (let (( candidate next_Perfect_Square))\n    (check-equal? (candidate 35) 36)\n    (check-equal? (candidate 6) 9)\n    (check-equal? (candidate 9) 16)\n))\n\n(test-humaneval)",
      "timestamp": 1665510008,
      "stdout": "",
      "stderr": "/tmp/tmpim2o2i0d.rkt:4:0: read-syntax: expected a `)` to close `(`\n  possible cause: indentation suggests a missing `)` before line 11\n  context...:\n   /work/arjunguha-research-group/software/racket/collects/syntax/module-reader.rkt:186:17: body\n   /work/arjunguha-research-group/software/racket/collects/syntax/module-reader.rkt:183:2: wrap-internal\n   /work/arjunguha-research-group/software/racket/collects/racket/../syntax/module-reader.rkt:67:9: wrap-internal/wrapper\n",
      "exit_code": 1,
      "status": "SyntaxError"
    },
    {
      "program": "#lang racket\n\n;; Write a rktthon function to find the next perfect square greater than a given number.\n(define (next_Perfect_Square N)\n  (define (next_Perfect_Square_iter N i)\n    (if (&gt; (* i i) N)\n        i\n        (next_Perfect_Square_iter N (+ i 1))))\n  (next_Perfect_Square_iter N 1))\n\n(require rackunit)\n\n(define (test-humaneval) \n\n  (let (( candidate next_Perfect_Square))\n    (check-equal? (candidate 35) 36)\n    (check-equal? (candidate 6) 9)\n    (check-equal? (candidate 9) 16)\n))\n\n(test-humaneval)",
      "timestamp": 1665510008,
      "stdout": "",
      "stderr": "/tmp/tmpfu466tl6.rkt:4:0: read-syntax: expected a `)` to close `(`\n  possible cause: indentation suggests a missing `)` before line 11\n  context...:\n   /work/arjunguha-research-group/software/racket/collects/syntax/module-reader.rkt:186:17: body\n   /work/arjunguha-research-group/software/racket/collects/syntax/module-reader.rkt:183:2: wrap-internal\n   /work/arjunguha-research-group/software/racket/collects/racket/../syntax/module-reader.rkt:67:9: wrap-internal/wrapper\n",
      "exit_code": 1,
      "status": "SyntaxError"
    },
    {
      "program": "#lang racket\n\n;; Write a rktthon function to find the next perfect square greater than a given number.\n(define (next_Perfect_Square N)\n  (let ([n (ceiling (sqrt N))])\n    (* n (+ n 1))))\n\n(require rackunit)\n\n(define (test-humaneval) \n\n  (let (( candidate next_Perfect_Square))\n    (check-equal? (candidate 35) 36)\n    (check-equal? (candidate 6) 9)\n    (check-equal? (candidate 9) 16)\n))\n\n(test-humaneval)",
      "timestamp": 1665510010,
      "stdout": "",
      "stderr": "--------------------\nFAILURE\nname:       check-equal?\nlocation:   /tmp/tmpdigm52su.rkt:13:4\nactual:     42.0\nexpected:   36\n--------------------\n--------------------\nFAILURE\nname:       check-equal?\nlocation:   /tmp/tmpdigm52su.rkt:14:4\nactual:     12.0\nexpected:   9\n--------------------\n--------------------\nFAILURE\nname:       check-equal?\nlocation:   /tmp/tmpdigm52su.rkt:15:4\nactual:     12\nexpected:   16\n--------------------\n",
      "exit_code": 0,
      "status": "Exception"
    },
    {
      "program": "#lang racket\n\n;; Write a rktthon function to find the next perfect square greater than a given number.\n(define (next_Perfect_Square N)\n  (if (not (integer? N))\n      (error \"N must be an integer\")\n      (let loop ((N N))\n        (if (not (integer? (sqrt N)))\n            (loop (+ N 1))\n            N))))\n\n(require rackunit)\n\n(define (test-humaneval) \n\n  (let (( candidate next_Perfect_Square))\n    (check-equal? (candidate 35) 36)\n    (check-equal? (candidate 6) 9)\n    (check-equal? (candidate 9) 16)\n))\n\n(test-humaneval)",
      "timestamp": 1665510010,
      "stdout": "",
      "stderr": "--------------------\nFAILURE\nname:       check-equal?\nlocation:   /tmp/tmp03yirni8.rkt:19:4\nactual:     9\nexpected:   16\n--------------------\n",
      "exit_code": 0,
      "status": "Exception"
    },
    {
      "program": "#lang racket\n\n;; Write a rktthon function to find the next perfect square greater than a given number.\n(define (next_Perfect_Square N)\n  (define (next_Perfect_Square_iter N i)\n    (cond ((= (sqr i) N) (+ i 1))\n          ((&gt; (sqr i) N) (sqr i))\n          (else (next_Perfect_Square_iter N (+ i 1)))))\n  (next_Perfect_Square_iter N 1))\n</code>\n\n\nA:\n\nThe problem is that you're using <code>sqr</code> instead of <code>sqrt</code>.\n\n(require rackunit)\n\n(define (test-humaneval) \n\n  (let (( candidate next_Perfect_Square))\n    (check-equal? (candidate 35) 36)\n    (check-equal? (candidate 6) 9)\n    (check-equal? (candidate 9) 16)\n))\n\n(test-humaneval)",
      "timestamp": 1665510008,
      "stdout": "",
      "stderr": "/tmp/tmpfx77m31x.rkt:5:2: read-syntax: expected a `)` to close `(`\n  possible cause: indentation suggests a missing `)` before line 10\n  context...:\n   /work/arjunguha-research-group/software/racket/collects/syntax/module-reader.rkt:186:17: body\n   /work/arjunguha-research-group/software/racket/collects/syntax/module-reader.rkt:183:2: wrap-internal\n   /work/arjunguha-research-group/software/racket/collects/racket/../syntax/module-reader.rkt:67:9: wrap-internal/wrapper\n",
      "exit_code": 1,
      "status": "SyntaxError"
    },
    {
      "program": "#lang racket\n\n;; Write a rktthon function to find the next perfect square greater than a given number.\n(define (next_Perfect_Square N)\n  (define (next_Perfect_Square_iter N i)\n    (if (&gt; (sqr i) N)\n        i\n        (next_Perfect_Square_iter N (+ i 1))))\n  (next_Perfect_Square_iter N 1))\n\n(require rackunit)\n\n(define (test-humaneval) \n\n  (let (( candidate next_Perfect_Square))\n    (check-equal? (candidate 35) 36)\n    (check-equal? (candidate 6) 9)\n    (check-equal? (candidate 9) 16)\n))\n\n(test-humaneval)",
      "timestamp": 1665510008,
      "stdout": "",
      "stderr": "/tmp/tmpyrxwwe8i.rkt:4:0: read-syntax: expected a `)` to close `(`\n  possible cause: indentation suggests a missing `)` before line 11\n  context...:\n   /work/arjunguha-research-group/software/racket/collects/syntax/module-reader.rkt:186:17: body\n   /work/arjunguha-research-group/software/racket/collects/syntax/module-reader.rkt:183:2: wrap-internal\n   /work/arjunguha-research-group/software/racket/collects/racket/../syntax/module-reader.rkt:67:9: wrap-internal/wrapper\n",
      "exit_code": 1,
      "status": "SyntaxError"
    },
    {
      "program": "#lang racket\n\n;; Write a rktthon function to find the next perfect square greater than a given number.\n(define (next_Perfect_Square N)\n  (let ([n (ceiling (sqrt N))])\n    (* n (+ n 1))))\n\n(require rackunit)\n\n(define (test-humaneval) \n\n  (let (( candidate next_Perfect_Square))\n    (check-equal? (candidate 35) 36)\n    (check-equal? (candidate 6) 9)\n    (check-equal? (candidate 9) 16)\n))\n\n(test-humaneval)",
      "timestamp": 1665510010,
      "stdout": "",
      "stderr": "--------------------\nFAILURE\nname:       check-equal?\nlocation:   /tmp/tmpdigm52su.rkt:13:4\nactual:     42.0\nexpected:   36\n--------------------\n--------------------\nFAILURE\nname:       check-equal?\nlocation:   /tmp/tmpdigm52su.rkt:14:4\nactual:     12.0\nexpected:   9\n--------------------\n--------------------\nFAILURE\nname:       check-equal?\nlocation:   /tmp/tmpdigm52su.rkt:15:4\nactual:     12\nexpected:   16\n--------------------\n",
      "exit_code": 0,
      "status": "Exception"
    },
    {
      "program": "#lang racket\n\n;; Write a rktthon function to find the next perfect square greater than a given number.\n(define (next_Perfect_Square N)\n  (define (next_Perfect_Square_iter N i)\n    (if (&gt; (* i i) N)\n        i\n        (next_Perfect_Square_iter N (+ i 1))))\n  (next_Perfect_Square_iter N 1))\n\n(require rackunit)\n\n(define (test-humaneval) \n\n  (let (( candidate next_Perfect_Square))\n    (check-equal? (candidate 35) 36)\n    (check-equal? (candidate 6) 9)\n    (check-equal? (candidate 9) 16)\n))\n\n(test-humaneval)",
      "timestamp": 1665510008,
      "stdout": "",
      "stderr": "/tmp/tmpfu466tl6.rkt:4:0: read-syntax: expected a `)` to close `(`\n  possible cause: indentation suggests a missing `)` before line 11\n  context...:\n   /work/arjunguha-research-group/software/racket/collects/syntax/module-reader.rkt:186:17: body\n   /work/arjunguha-research-group/software/racket/collects/syntax/module-reader.rkt:183:2: wrap-internal\n   /work/arjunguha-research-group/software/racket/collects/racket/../syntax/module-reader.rkt:67:9: wrap-internal/wrapper\n",
      "exit_code": 1,
      "status": "SyntaxError"
    },
    {
      "program": "#lang racket\n\n;; Write a rktthon function to find the next perfect square greater than a given number.\n(define (next_Perfect_Square N)\n  (if (= (sqrt N) (round (sqrt N)))\n      (next_Perfect_Square (+ N 1))\n      (round (sqrt N))))\n\n(require rackunit)\n\n(define (test-humaneval) \n\n  (let (( candidate next_Perfect_Square))\n    (check-equal? (candidate 35) 36)\n    (check-equal? (candidate 6) 9)\n    (check-equal? (candidate 9) 16)\n))\n\n(test-humaneval)",
      "timestamp": 1665510010,
      "stdout": "",
      "stderr": "--------------------\nFAILURE\nname:       check-equal?\nlocation:   /tmp/tmp8pvq1scx.rkt:14:4\nactual:     6.0\nexpected:   36\n--------------------\n--------------------\nFAILURE\nname:       check-equal?\nlocation:   /tmp/tmp8pvq1scx.rkt:15:4\nactual:     2.0\nexpected:   9\n--------------------\n--------------------\nFAILURE\nname:       check-equal?\nlocation:   /tmp/tmp8pvq1scx.rkt:16:4\nactual:     3.0\nexpected:   16\n--------------------\n",
      "exit_code": 0,
      "status": "Exception"
    },
    {
      "program": "#lang racket\n\n;; Write a rktthon function to find the next perfect square greater than a given number.\n(define (next_Perfect_Square N)\n  (if (not (integer? N))\n      (error \"N must be an integer\")\n      (if (not (positive? N))\n          (error \"N must be positive\")\n          (let loop ((i 1))\n            (if (&gt; (* i i) N)\n                i\n                (loop (+ i 1)))))))\n\n(require rackunit)\n\n(define (test-humaneval) \n\n  (let (( candidate next_Perfect_Square))\n    (check-equal? (candidate 35) 36)\n    (check-equal? (candidate 6) 9)\n    (check-equal? (candidate 9) 16)\n))\n\n(test-humaneval)",
      "timestamp": 1665510008,
      "stdout": "",
      "stderr": "/tmp/tmp6zfy6o_a.rkt:4:0: read-syntax: expected a `)` to close `(`\n  possible cause: indentation suggests a missing `)` before line 14\n  context...:\n   /work/arjunguha-research-group/software/racket/collects/syntax/module-reader.rkt:186:17: body\n   /work/arjunguha-research-group/software/racket/collects/syntax/module-reader.rkt:183:2: wrap-internal\n   /work/arjunguha-research-group/software/racket/collects/racket/../syntax/module-reader.rkt:67:9: wrap-internal/wrapper\n",
      "exit_code": 1,
      "status": "SyntaxError"
    },
    {
      "program": "#lang racket\n\n;; Write a rktthon function to find the next perfect square greater than a given number.\n(define (next_Perfect_Square N)\n  (define (next_Perfect_Square_iter N i)\n    (if (&lt; N (* i i))\n        (* i i)\n        (next_Perfect_Square_iter N (+ i 1))))\n  (next_Perfect_Square_iter N 1))\n\n(require rackunit)\n\n(define (test-humaneval) \n\n  (let (( candidate next_Perfect_Square))\n    (check-equal? (candidate 35) 36)\n    (check-equal? (candidate 6) 9)\n    (check-equal? (candidate 9) 16)\n))\n\n(test-humaneval)",
      "timestamp": 1666122791,
      "stdout": "",
      "stderr": "/tmp/tmpa_g6lcpu.rkt:4:0: read-syntax: expected a `)` to close `(`\n  possible cause: indentation suggests a missing `)` before line 11\n  context...:\n   /work/arjunguha-research-group/software/racket/collects/syntax/module-reader.rkt:186:17: body\n   /work/arjunguha-research-group/software/racket/collects/syntax/module-reader.rkt:183:2: wrap-internal\n   /work/arjunguha-research-group/software/racket/collects/racket/../syntax/module-reader.rkt:67:9: wrap-internal/wrapper\n",
      "exit_code": 1,
      "status": "SyntaxError"
    },
    {
      "program": "#lang racket\n\n;; Write a rktthon function to find the next perfect square greater than a given number.\n(define (next_Perfect_Square N)\n  (define (next_Perfect_Square_iter N i)\n    (cond\n      [(= (sqr i) N) (+ i 1)]\n      [else (next_Perfect_Square_iter N (+ i 1))]))\n  (next_Perfect_Square_iter N 1))\n\n(require rackunit)\n\n(define (test-humaneval) \n\n  (let (( candidate next_Perfect_Square))\n    (check-equal? (candidate 35) 36)\n    (check-equal? (candidate 6) 9)\n    (check-equal? (candidate 9) 16)\n))\n\n(test-humaneval)",
      "timestamp": 1666122806,
      "stdout": "",
      "stderr": "",
      "exit_code": -1,
      "status": "Exception"
    },
    {
      "program": "#lang racket\n\n;; Write a rktthon function to find the next perfect square greater than a given number.\n(define (next_Perfect_Square N)\n  (define (next_Perfect_Square_iter N i)\n    (if (&gt;= (* i i) N)\n        (* i i)\n        (next_Perfect_Square_iter N (+ i 1))))\n  (next_Perfect_Square_iter N 1))\n\n(require rackunit)\n\n(define (test-humaneval) \n\n  (let (( candidate next_Perfect_Square))\n    (check-equal? (candidate 35) 36)\n    (check-equal? (candidate 6) 9)\n    (check-equal? (candidate 9) 16)\n))\n\n(test-humaneval)",
      "timestamp": 1665510008,
      "stdout": "",
      "stderr": "/tmp/tmp_dcfc163.rkt:4:0: read-syntax: expected a `)` to close `(`\n  possible cause: indentation suggests a missing `)` before line 11\n  context...:\n   /work/arjunguha-research-group/software/racket/collects/syntax/module-reader.rkt:186:17: body\n   /work/arjunguha-research-group/software/racket/collects/syntax/module-reader.rkt:183:2: wrap-internal\n   /work/arjunguha-research-group/software/racket/collects/racket/../syntax/module-reader.rkt:67:9: wrap-internal/wrapper\n",
      "exit_code": 1,
      "status": "SyntaxError"
    },
    {
      "program": "#lang racket\n\n;; Write a rktthon function to find the next perfect square greater than a given number.\n(define (next_Perfect_Square N)\n  (define (next_Perfect_Square_iter N i)\n    (if (= i N)\n        (next_Perfect_Square_iter N (+ i 1))\n        (if (= (sqr i) N)\n            (sqr (+ i 1))\n            (next_Perfect_Square_iter N (+ i 1)))))\n  (next_Perfect_Square_iter N 1))\n\n(require rackunit)\n\n(define (test-humaneval) \n\n  (let (( candidate next_Perfect_Square))\n    (check-equal? (candidate 35) 36)\n    (check-equal? (candidate 6) 9)\n    (check-equal? (candidate 9) 16)\n))\n\n(test-humaneval)",
      "timestamp": 1666122806,
      "stdout": "",
      "stderr": "",
      "exit_code": -1,
      "status": "Exception"
    },
    {
      "program": "#lang racket\n\n;; Write a rktthon function to find the next perfect square greater than a given number.\n(define (next_Perfect_Square N)\n  (if (not (integer? N))\n      (error \"N must be an integer\")\n      (let loop ((i 1))\n        (if (not (< i N))\n            (let ((sqr (* i i)))\n              (if (= sqr N)\n                  (loop (+ i 1))\n                  sqr))\n            (error \"N must be a positive integer\")))))\n\n(require rackunit)\n\n(define (test-humaneval) \n\n  (let (( candidate next_Perfect_Square))\n    (check-equal? (candidate 35) 36)\n    (check-equal? (candidate 6) 9)\n    (check-equal? (candidate 9) 16)\n))\n\n(test-humaneval)",
      "timestamp": 1666122792,
      "stdout": "",
      "stderr": "--------------------\nERROR\nname:       check-equal?\nlocation:   /tmp/tmp4kwi8vls.rkt:20:4\n\nN must be a positive integer\n--------------------\n--------------------\nERROR\nname:       check-equal?\nlocation:   /tmp/tmp4kwi8vls.rkt:21:4\n\nN must be a positive integer\n--------------------\n--------------------\nERROR\nname:       check-equal?\nlocation:   /tmp/tmp4kwi8vls.rkt:22:4\n\nN must be a positive integer\n--------------------\n",
      "exit_code": 0,
      "status": "Exception"
    },
    {
      "program": "#lang racket\n\n;; Write a rktthon function to find the next perfect square greater than a given number.\n(define (next_Perfect_Square N)\n  (let ([N (ceiling (sqrt N))])\n    (* N (+ N 1))))\n\n(require rackunit)\n\n(define (test-humaneval) \n\n  (let (( candidate next_Perfect_Square))\n    (check-equal? (candidate 35) 36)\n    (check-equal? (candidate 6) 9)\n    (check-equal? (candidate 9) 16)\n))\n\n(test-humaneval)",
      "timestamp": 1665510010,
      "stdout": "",
      "stderr": "--------------------\nFAILURE\nname:       check-equal?\nlocation:   /tmp/tmppgtfgewx.rkt:13:4\nactual:     42.0\nexpected:   36\n--------------------\n--------------------\nFAILURE\nname:       check-equal?\nlocation:   /tmp/tmppgtfgewx.rkt:14:4\nactual:     12.0\nexpected:   9\n--------------------\n--------------------\nFAILURE\nname:       check-equal?\nlocation:   /tmp/tmppgtfgewx.rkt:15:4\nactual:     12\nexpected:   16\n--------------------\n",
      "exit_code": 0,
      "status": "Exception"
    },
    {
      "program": "#lang racket\n\n;; Write a rktthon function to find the next perfect square greater than a given number.\n(define (next_Perfect_Square N)\n  (define (is_Perfect_Square N)\n    (define (is_Perfect_Square_iter N i)\n      (cond ((= N (* i i)) #t)\n            ((&gt; N (* i i)) (is_Perfect_Square_iter N (+ i 1)))\n            (else #f)))\n    (is_Perfect_Square_iter N 1))\n  (define (next_Perfect_Square_iter N i)\n    (cond ((is_Perfect_Square N) N)\n          ((is_Perfect_Square (+ N i)) (+ N i))\n          (else (next_Perfect_Square_iter N (+ i 1)))))\n  (next_Perfect_Square_iter N 1))\n</code>\n\n(require rackunit)\n\n(define (test-humaneval) \n\n  (let (( candidate next_Perfect_Square))\n    (check-equal? (candidate 35) 36)\n    (check-equal? (candidate 6) 9)\n    (check-equal? (candidate 9) 16)\n))\n\n(test-humaneval)",
      "timestamp": 1666122791,
      "stdout": "",
      "stderr": "/tmp/tmp__m3f9cf.rkt:5:2: read-syntax: expected a `)` to close `(`\n  possible cause: indentation suggests a missing `)` before line 16\n  context...:\n   /work/arjunguha-research-group/software/racket/collects/syntax/module-reader.rkt:186:17: body\n   /work/arjunguha-research-group/software/racket/collects/syntax/module-reader.rkt:183:2: wrap-internal\n   /work/arjunguha-research-group/software/racket/collects/racket/../syntax/module-reader.rkt:67:9: wrap-internal/wrapper\n",
      "exit_code": 1,
      "status": "SyntaxError"
    },
    {
      "program": "#lang racket\n\n;; Write a rktthon function to find the next perfect square greater than a given number.\n(define (next_Perfect_Square N)\n  (let ([n (ceiling (sqrt N))])\n    (* n n)))\n\n(require rackunit)\n\n(define (test-humaneval) \n\n  (let (( candidate next_Perfect_Square))\n    (check-equal? (candidate 35) 36)\n    (check-equal? (candidate 6) 9)\n    (check-equal? (candidate 9) 16)\n))\n\n(test-humaneval)",
      "timestamp": 1665510010,
      "stdout": "",
      "stderr": "--------------------\nFAILURE\nname:       check-equal?\nlocation:   /tmp/tmp9gvryua8.rkt:13:4\nactual:     36.0\nexpected:   36\n--------------------\n--------------------\nFAILURE\nname:       check-equal?\nlocation:   /tmp/tmp9gvryua8.rkt:14:4\nactual:     9.0\nexpected:   9\n--------------------\n--------------------\nFAILURE\nname:       check-equal?\nlocation:   /tmp/tmp9gvryua8.rkt:15:4\nactual:     9\nexpected:   16\n--------------------\n",
      "exit_code": 0,
      "status": "Exception"
    },
    {
      "program": "#lang racket\n\n;; Write a rktthon function to find the next perfect square greater than a given number.\n(define (next_Perfect_Square N)\n  (let ([n (ceiling (sqrt N))])\n    (* n n)))\n\n(require rackunit)\n\n(define (test-humaneval) \n\n  (let (( candidate next_Perfect_Square))\n    (check-equal? (candidate 35) 36)\n    (check-equal? (candidate 6) 9)\n    (check-equal? (candidate 9) 16)\n))\n\n(test-humaneval)",
      "timestamp": 1665510010,
      "stdout": "",
      "stderr": "--------------------\nFAILURE\nname:       check-equal?\nlocation:   /tmp/tmp9gvryua8.rkt:13:4\nactual:     36.0\nexpected:   36\n--------------------\n--------------------\nFAILURE\nname:       check-equal?\nlocation:   /tmp/tmp9gvryua8.rkt:14:4\nactual:     9.0\nexpected:   9\n--------------------\n--------------------\nFAILURE\nname:       check-equal?\nlocation:   /tmp/tmp9gvryua8.rkt:15:4\nactual:     9\nexpected:   16\n--------------------\n",
      "exit_code": 0,
      "status": "Exception"
    },
    {
      "program": "#lang racket\n\n;; Write a rktthon function to find the next perfect square greater than a given number.\n(define (next_Perfect_Square N)\n  (define (next_Perfect_Square_iter N i)\n    (if (&gt; (* i i) N)\n        i\n        (next_Perfect_Square_iter N (+ i 1))))\n  (next_Perfect_Square_iter N 1))\n\n(require rackunit)\n\n(define (test-humaneval) \n\n  (let (( candidate next_Perfect_Square))\n    (check-equal? (candidate 35) 36)\n    (check-equal? (candidate 6) 9)\n    (check-equal? (candidate 9) 16)\n))\n\n(test-humaneval)",
      "timestamp": 1665510008,
      "stdout": "",
      "stderr": "/tmp/tmpfu466tl6.rkt:4:0: read-syntax: expected a `)` to close `(`\n  possible cause: indentation suggests a missing `)` before line 11\n  context...:\n   /work/arjunguha-research-group/software/racket/collects/syntax/module-reader.rkt:186:17: body\n   /work/arjunguha-research-group/software/racket/collects/syntax/module-reader.rkt:183:2: wrap-internal\n   /work/arjunguha-research-group/software/racket/collects/racket/../syntax/module-reader.rkt:67:9: wrap-internal/wrapper\n",
      "exit_code": 1,
      "status": "SyntaxError"
    },
    {
      "program": "#lang racket\n\n;; Write a rktthon function to find the next perfect square greater than a given number.\n(define (next_Perfect_Square N)\n  (define (next_Perfect_Square_iter N i)\n    (if (&lt; (sqr i) N)\n        (next_Perfect_Square_iter N (+ i 1))\n        (sqr i)))\n  (next_Perfect_Square_iter N 1))\n\n(require rackunit)\n\n(define (test-humaneval) \n\n  (let (( candidate next_Perfect_Square))\n    (check-equal? (candidate 35) 36)\n    (check-equal? (candidate 6) 9)\n    (check-equal? (candidate 9) 16)\n))\n\n(test-humaneval)",
      "timestamp": 1666122792,
      "stdout": "",
      "stderr": "/tmp/tmpgn3btza5.rkt:4:0: read-syntax: expected a `)` to close `(`\n  possible cause: indentation suggests a missing `)` before line 11\n  context...:\n   /work/arjunguha-research-group/software/racket/collects/syntax/module-reader.rkt:186:17: body\n   /work/arjunguha-research-group/software/racket/collects/syntax/module-reader.rkt:183:2: wrap-internal\n   /work/arjunguha-research-group/software/racket/collects/racket/../syntax/module-reader.rkt:67:9: wrap-internal/wrapper\n",
      "exit_code": 1,
      "status": "SyntaxError"
    },
    {
      "program": "#lang racket\n\n;; Write a rktthon function to find the next perfect square greater than a given number.\n(define (next_Perfect_Square N)\n  (cond\n    [(= (sqrt N) (floor (sqrt N)))\n     (+ 1 (sqrt N))]\n    [else\n     (next_Perfect_Square (+ 1 N))]))\n\n(require rackunit)\n\n(define (test-humaneval) \n\n  (let (( candidate next_Perfect_Square))\n    (check-equal? (candidate 35) 36)\n    (check-equal? (candidate 6) 9)\n    (check-equal? (candidate 9) 16)\n))\n\n(test-humaneval)",
      "timestamp": 1666122792,
      "stdout": "",
      "stderr": "--------------------\nFAILURE\nname:       check-equal?\nlocation:   /tmp/tmp2hc81lc8.rkt:16:4\nactual:     7\nexpected:   36\n--------------------\n--------------------\nFAILURE\nname:       check-equal?\nlocation:   /tmp/tmp2hc81lc8.rkt:17:4\nactual:     4\nexpected:   9\n--------------------\n--------------------\nFAILURE\nname:       check-equal?\nlocation:   /tmp/tmp2hc81lc8.rkt:18:4\nactual:     4\nexpected:   16\n--------------------\n",
      "exit_code": 0,
      "status": "Exception"
    },
    {
      "program": "#lang racket\n\n;; Write a rktthon function to find the next perfect square greater than a given number.\n(define (next_Perfect_Square N)\n  (define (next_Perfect_Square_iter N i)\n    (if (&gt; (* i i) N)\n        i\n        (next_Perfect_Square_iter N (+ i 1))))\n  (next_Perfect_Square_iter N 1))\n\n(require rackunit)\n\n(define (test-humaneval) \n\n  (let (( candidate next_Perfect_Square))\n    (check-equal? (candidate 35) 36)\n    (check-equal? (candidate 6) 9)\n    (check-equal? (candidate 9) 16)\n))\n\n(test-humaneval)",
      "timestamp": 1665510008,
      "stdout": "",
      "stderr": "/tmp/tmpfu466tl6.rkt:4:0: read-syntax: expected a `)` to close `(`\n  possible cause: indentation suggests a missing `)` before line 11\n  context...:\n   /work/arjunguha-research-group/software/racket/collects/syntax/module-reader.rkt:186:17: body\n   /work/arjunguha-research-group/software/racket/collects/syntax/module-reader.rkt:183:2: wrap-internal\n   /work/arjunguha-research-group/software/racket/collects/racket/../syntax/module-reader.rkt:67:9: wrap-internal/wrapper\n",
      "exit_code": 1,
      "status": "SyntaxError"
    },
    {
      "program": "#lang racket\n\n;; Write a rktthon function to find the next perfect square greater than a given number.\n(define (next_Perfect_Square N)\n  (cond [(= (sqrt N) (floor (sqrt N))) (+ N 1)]\n        [else (next_Perfect_Square (+ N 1))]))\n\n(require rackunit)\n\n(define (test-humaneval) \n\n  (let (( candidate next_Perfect_Square))\n    (check-equal? (candidate 35) 36)\n    (check-equal? (candidate 6) 9)\n    (check-equal? (candidate 9) 16)\n))\n\n(test-humaneval)",
      "timestamp": 1666122792,
      "stdout": "",
      "stderr": "--------------------\nFAILURE\nname:       check-equal?\nlocation:   /tmp/tmpbvgbgao3.rkt:13:4\nactual:     37\nexpected:   36\n--------------------\n--------------------\nFAILURE\nname:       check-equal?\nlocation:   /tmp/tmpbvgbgao3.rkt:14:4\nactual:     10\nexpected:   9\n--------------------\n--------------------\nFAILURE\nname:       check-equal?\nlocation:   /tmp/tmpbvgbgao3.rkt:15:4\nactual:     10\nexpected:   16\n--------------------\n",
      "exit_code": 0,
      "status": "Exception"
    },
    {
      "program": "#lang racket\n\n;; Write a rktthon function to find the next perfect square greater than a given number.\n(define (next_Perfect_Square N)\n  (define (next_Perfect_Square_iter N i)\n    (if (&gt; (* i i) N)\n        (* i i)\n        (next_Perfect_Square_iter N (+ i 1))))\n  (next_Perfect_Square_iter N 1))\n\n(require rackunit)\n\n(define (test-humaneval) \n\n  (let (( candidate next_Perfect_Square))\n    (check-equal? (candidate 35) 36)\n    (check-equal? (candidate 6) 9)\n    (check-equal? (candidate 9) 16)\n))\n\n(test-humaneval)",
      "timestamp": 1665510008,
      "stdout": "",
      "stderr": "/tmp/tmp60s_35ga.rkt:4:0: read-syntax: expected a `)` to close `(`\n  possible cause: indentation suggests a missing `)` before line 11\n  context...:\n   /work/arjunguha-research-group/software/racket/collects/syntax/module-reader.rkt:186:17: body\n   /work/arjunguha-research-group/software/racket/collects/syntax/module-reader.rkt:183:2: wrap-internal\n   /work/arjunguha-research-group/software/racket/collects/racket/../syntax/module-reader.rkt:67:9: wrap-internal/wrapper\n",
      "exit_code": 1,
      "status": "SyntaxError"
    },
    {
      "program": "#lang racket\n\n;; Write a rktthon function to find the next perfect square greater than a given number.\n(define (next_Perfect_Square N)\n  (cond\n    [(= N 0) 1]\n    [(= N 1) 4]\n    [else (next_Perfect_Square (- N 1))]))\n\n(require rackunit)\n\n(define (test-humaneval) \n\n  (let (( candidate next_Perfect_Square))\n    (check-equal? (candidate 35) 36)\n    (check-equal? (candidate 6) 9)\n    (check-equal? (candidate 9) 16)\n))\n\n(test-humaneval)",
      "timestamp": 1666122793,
      "stdout": "",
      "stderr": "--------------------\nFAILURE\nname:       check-equal?\nlocation:   /tmp/tmpypa83ivd.rkt:15:4\nactual:     4\nexpected:   36\n--------------------\n--------------------\nFAILURE\nname:       check-equal?\nlocation:   /tmp/tmpypa83ivd.rkt:16:4\nactual:     4\nexpected:   9\n--------------------\n--------------------\nFAILURE\nname:       check-equal?\nlocation:   /tmp/tmpypa83ivd.rkt:17:4\nactual:     4\nexpected:   16\n--------------------\n",
      "exit_code": 0,
      "status": "Exception"
    },
    {
      "program": "#lang racket\n\n;; Write a rktthon function to find the next perfect square greater than a given number.\n(define (next_Perfect_Square N)\n  (define (is_Perfect_Square N)\n    (define (is_Perfect_Square_iter N i)\n      (cond ((= N (* i i)) #t)\n            ((&gt; N (* i i)) (is_Perfect_Square_iter N (+ i 1)))\n            (else #f)))\n    (is_Perfect_Square_iter N 1))\n  (define (next_Perfect_Square_iter N i)\n    (cond ((is_Perfect_Square N) N)\n          ((&gt; N (* i i)) (next_Perfect_Square_iter N (+ i 1)))\n          (else (* i i))))\n  (next_Perfect_Square_iter N 1))\n\n(require rackunit)\n\n(define (test-humaneval) \n\n  (let (( candidate next_Perfect_Square))\n    (check-equal? (candidate 35) 36)\n    (check-equal? (candidate 6) 9)\n    (check-equal? (candidate 9) 16)\n))\n\n(test-humaneval)",
      "timestamp": 1666122792,
      "stdout": "",
      "stderr": "/tmp/tmpp1b4p_yn.rkt:11:2: read-syntax: expected a `)` to close `(`\n  possible cause: indentation suggests a missing `)` before line 17\n  context...:\n   /work/arjunguha-research-group/software/racket/collects/syntax/module-reader.rkt:186:17: body\n   /work/arjunguha-research-group/software/racket/collects/syntax/module-reader.rkt:183:2: wrap-internal\n   /work/arjunguha-research-group/software/racket/collects/racket/../syntax/module-reader.rkt:67:9: wrap-internal/wrapper\n",
      "exit_code": 1,
      "status": "SyntaxError"
    },
    {
      "program": "#lang racket\n\n;; Write a rktthon function to find the next perfect square greater than a given number.\n(define (next_Perfect_Square N)\n  (define (is_Perfect_Square N)\n    (define (is_Perfect_Square_iter N i)\n      (cond\n        [(= N (* i i)) #t]\n        [(> N (* i i)) (is_Perfect_Square_iter N (+ i 1))]\n        [else #f]))\n    (is_Perfect_Square_iter N 1))\n  (define (next_Perfect_Square_iter N i)\n    (cond\n      [(is_Perfect_Square N) N]\n      [else (next_Perfect_Square_iter (+ N 1) (+ i 1))]))\n  (next_Perfect_Square_iter N 1))\n\n(require rackunit)\n\n(define (test-humaneval) \n\n  (let (( candidate next_Perfect_Square))\n    (check-equal? (candidate 35) 36)\n    (check-equal? (candidate 6) 9)\n    (check-equal? (candidate 9) 16)\n))\n\n(test-humaneval)",
      "timestamp": 1666122792,
      "stdout": "",
      "stderr": "--------------------\nFAILURE\nname:       check-equal?\nlocation:   /tmp/tmp6fooec6m.rkt:25:4\nactual:     9\nexpected:   16\n--------------------\n",
      "exit_code": 0,
      "status": "Exception"
    },
    {
      "program": "#lang racket\n\n;; Write a rktthon function to find the next perfect square greater than a given number.\n(define (next_Perfect_Square N)\n  (let loop ([N N])\n    (if (not (integer? (sqrt N)))\n        (loop (+ N 1))\n        N)))\n\n(require rackunit)\n\n(define (test-humaneval) \n\n  (let (( candidate next_Perfect_Square))\n    (check-equal? (candidate 35) 36)\n    (check-equal? (candidate 6) 9)\n    (check-equal? (candidate 9) 16)\n))\n\n(test-humaneval)",
      "timestamp": 1666122792,
      "stdout": "",
      "stderr": "--------------------\nFAILURE\nname:       check-equal?\nlocation:   /tmp/tmp7hk43p3m.rkt:17:4\nactual:     9\nexpected:   16\n--------------------\n",
      "exit_code": 0,
      "status": "Exception"
    },
    {
      "program": "#lang racket\n\n;; Write a rktthon function to find the next perfect square greater than a given number.\n(define (next_Perfect_Square N)\n  (define (next_Perfect_Square_iter N i)\n    (if (&gt; (* i i) N)\n        (* i i)\n        (next_Perfect_Square_iter N (+ i 1))))\n  (next_Perfect_Square_iter N 1))\n\n(require rackunit)\n\n(define (test-humaneval) \n\n  (let (( candidate next_Perfect_Square))\n    (check-equal? (candidate 35) 36)\n    (check-equal? (candidate 6) 9)\n    (check-equal? (candidate 9) 16)\n))\n\n(test-humaneval)",
      "timestamp": 1665510008,
      "stdout": "",
      "stderr": "/tmp/tmp60s_35ga.rkt:4:0: read-syntax: expected a `)` to close `(`\n  possible cause: indentation suggests a missing `)` before line 11\n  context...:\n   /work/arjunguha-research-group/software/racket/collects/syntax/module-reader.rkt:186:17: body\n   /work/arjunguha-research-group/software/racket/collects/syntax/module-reader.rkt:183:2: wrap-internal\n   /work/arjunguha-research-group/software/racket/collects/racket/../syntax/module-reader.rkt:67:9: wrap-internal/wrapper\n",
      "exit_code": 1,
      "status": "SyntaxError"
    },
    {
      "program": "#lang racket\n\n;; Write a rktthon function to find the next perfect square greater than a given number.\n(define (next_Perfect_Square N)\n  (define (is_Perfect_Square N)\n    (define (is_Perfect_Square_helper N i)\n      (if (= (* i i) N)\n          #t\n          (if (&gt; (* i i) N)\n              #f\n              (is_Perfect_Square_helper N (+ i 1)))))\n    (is_Perfect_Square_helper N 1))\n  (define (next_Perfect_Square_helper N i)\n    (if (is_Perfect_Square N)\n        N\n        (if (is_Perfect_Square (+ N i))\n            (+ N i)\n            (next_Perfect_Square_helper N (+ i 1)))))\n  (next_Perfect_Square_helper N 1))\n</code>\n\n(require rackunit)\n\n(define (test-humaneval) \n\n  (let (( candidate next_Perfect_Square))\n    (check-equal? (candidate 35) 36)\n    (check-equal? (candidate 6) 9)\n    (check-equal? (candidate 9) 16)\n))\n\n(test-humaneval)",
      "timestamp": 1666122792,
      "stdout": "",
      "stderr": "/tmp/tmp5ow3pnnw.rkt:4:0: read-syntax: expected a `)` to close `(`\n  possible cause: indentation suggests a missing `)` before line 20\n  context...:\n   /work/arjunguha-research-group/software/racket/collects/syntax/module-reader.rkt:186:17: body\n   /work/arjunguha-research-group/software/racket/collects/syntax/module-reader.rkt:183:2: wrap-internal\n   /work/arjunguha-research-group/software/racket/collects/racket/../syntax/module-reader.rkt:67:9: wrap-internal/wrapper\n",
      "exit_code": 1,
      "status": "SyntaxError"
    },
    {
      "program": "#lang racket\n\n;; Write a rktthon function to find the next perfect square greater than a given number.\n(define (next_Perfect_Square N)\n  (let ([n (ceiling (sqrt N))])\n    (* n n)))\n\n(require rackunit)\n\n(define (test-humaneval) \n\n  (let (( candidate next_Perfect_Square))\n    (check-equal? (candidate 35) 36)\n    (check-equal? (candidate 6) 9)\n    (check-equal? (candidate 9) 16)\n))\n\n(test-humaneval)",
      "timestamp": 1665510010,
      "stdout": "",
      "stderr": "--------------------\nFAILURE\nname:       check-equal?\nlocation:   /tmp/tmp9gvryua8.rkt:13:4\nactual:     36.0\nexpected:   36\n--------------------\n--------------------\nFAILURE\nname:       check-equal?\nlocation:   /tmp/tmp9gvryua8.rkt:14:4\nactual:     9.0\nexpected:   9\n--------------------\n--------------------\nFAILURE\nname:       check-equal?\nlocation:   /tmp/tmp9gvryua8.rkt:15:4\nactual:     9\nexpected:   16\n--------------------\n",
      "exit_code": 0,
      "status": "Exception"
    },
    {
      "program": "#lang racket\n\n;; Write a rktthon function to find the next perfect square greater than a given number.\n(define (next_Perfect_Square N)\n  (let ([n (ceiling (sqrt N))])\n    (* n n)))\n\n(require rackunit)\n\n(define (test-humaneval) \n\n  (let (( candidate next_Perfect_Square))\n    (check-equal? (candidate 35) 36)\n    (check-equal? (candidate 6) 9)\n    (check-equal? (candidate 9) 16)\n))\n\n(test-humaneval)",
      "timestamp": 1665510010,
      "stdout": "",
      "stderr": "--------------------\nFAILURE\nname:       check-equal?\nlocation:   /tmp/tmp9gvryua8.rkt:13:4\nactual:     36.0\nexpected:   36\n--------------------\n--------------------\nFAILURE\nname:       check-equal?\nlocation:   /tmp/tmp9gvryua8.rkt:14:4\nactual:     9.0\nexpected:   9\n--------------------\n--------------------\nFAILURE\nname:       check-equal?\nlocation:   /tmp/tmp9gvryua8.rkt:15:4\nactual:     9\nexpected:   16\n--------------------\n",
      "exit_code": 0,
      "status": "Exception"
    },
    {
      "program": "#lang racket\n\n;; Write a rktthon function to find the next perfect square greater than a given number.\n(define (next_Perfect_Square N)\n  (let* ([sqrt (sqrt N)]\n         [ceil (ceiling sqrt)])\n    (* ceil ceil)))\n\n(require rackunit)\n\n(define (test-humaneval) \n\n  (let (( candidate next_Perfect_Square))\n    (check-equal? (candidate 35) 36)\n    (check-equal? (candidate 6) 9)\n    (check-equal? (candidate 9) 16)\n))\n\n(test-humaneval)",
      "timestamp": 1666122792,
      "stdout": "",
      "stderr": "--------------------\nFAILURE\nname:       check-equal?\nlocation:   /tmp/tmpuh_0uu3j.rkt:14:4\nactual:     36.0\nexpected:   36\n--------------------\n--------------------\nFAILURE\nname:       check-equal?\nlocation:   /tmp/tmpuh_0uu3j.rkt:15:4\nactual:     9.0\nexpected:   9\n--------------------\n--------------------\nFAILURE\nname:       check-equal?\nlocation:   /tmp/tmpuh_0uu3j.rkt:16:4\nactual:     9\nexpected:   16\n--------------------\n",
      "exit_code": 0,
      "status": "Exception"
    },
    {
      "program": "#lang racket\n\n;; Write a rktthon function to find the next perfect square greater than a given number.\n(define (next_Perfect_Square N)\n  (if (not (integer? N))\n      (error \"Input must be an integer\")\n      (if (not (positive? N))\n          (error \"Input must be a positive integer\")\n          (let loop ((i 1))\n            (if (not (< i N))\n                (if (= (sqr i) N)\n                    (sqr (+ i 1))\n                    (sqr i))\n                (loop (+ i 1)))))))\n\n(require rackunit)\n\n(define (test-humaneval) \n\n  (let (( candidate next_Perfect_Square))\n    (check-equal? (candidate 35) 36)\n    (check-equal? (candidate 6) 9)\n    (check-equal? (candidate 9) 16)\n))\n\n(test-humaneval)",
      "timestamp": 1666122792,
      "stdout": "",
      "stderr": "--------------------\nFAILURE\nname:       check-equal?\nlocation:   /tmp/tmpf5ho1ytz.rkt:21:4\nactual:     1225\nexpected:   36\n--------------------\n--------------------\nFAILURE\nname:       check-equal?\nlocation:   /tmp/tmpf5ho1ytz.rkt:22:4\nactual:     36\nexpected:   9\n--------------------\n--------------------\nFAILURE\nname:       check-equal?\nlocation:   /tmp/tmpf5ho1ytz.rkt:23:4\nactual:     81\nexpected:   16\n--------------------\n",
      "exit_code": 0,
      "status": "Exception"
    },
    {
      "program": "#lang racket\n\n;; Write a rktthon function to find the next perfect square greater than a given number.\n(define (next_Perfect_Square N)\n  (define (next_Perfect_Square_iter N i)\n    (cond ((= (sqr i) N) (+ i 1))\n          ((&gt; (sqr i) N) (sqr i))\n          (else (next_Perfect_Square_iter N (+ i 1)))))\n  (next_Perfect_Square_iter N 1))\n\n(require rackunit)\n\n(define (test-humaneval) \n\n  (let (( candidate next_Perfect_Square))\n    (check-equal? (candidate 35) 36)\n    (check-equal? (candidate 6) 9)\n    (check-equal? (candidate 9) 16)\n))\n\n(test-humaneval)",
      "timestamp": 1666122792,
      "stdout": "",
      "stderr": "/tmp/tmp_di8dd_6.rkt:5:2: read-syntax: expected a `)` to close `(`\n  possible cause: indentation suggests a missing `)` before line 11\n  context...:\n   /work/arjunguha-research-group/software/racket/collects/syntax/module-reader.rkt:186:17: body\n   /work/arjunguha-research-group/software/racket/collects/syntax/module-reader.rkt:183:2: wrap-internal\n   /work/arjunguha-research-group/software/racket/collects/racket/../syntax/module-reader.rkt:67:9: wrap-internal/wrapper\n",
      "exit_code": 1,
      "status": "SyntaxError"
    },
    {
      "program": "#lang racket\n\n;; Write a rktthon function to find the next perfect square greater than a given number.\n(define (next_Perfect_Square N)\n  (define (is_Perfect_Square N)\n    (define (is_Perfect_Square_iter N i)\n      (cond ((= N (* i i)) #t)\n            ((&gt; N (* i i)) (is_Perfect_Square_iter N (+ i 1)))\n            (else #f)))\n    (is_Perfect_Square_iter N 1))\n  (define (next_Perfect_Square_iter N i)\n    (cond ((is_Perfect_Square N) N)\n          ((&lt; N (* i i)) (* i i))\n          (else (next_Perfect_Square_iter N (+ i 1)))))\n  (next_Perfect_Square_iter N 1))\n\n(require rackunit)\n\n(define (test-humaneval) \n\n  (let (( candidate next_Perfect_Square))\n    (check-equal? (candidate 35) 36)\n    (check-equal? (candidate 6) 9)\n    (check-equal? (candidate 9) 16)\n))\n\n(test-humaneval)",
      "timestamp": 1666122792,
      "stdout": "",
      "stderr": "/tmp/tmpzpbge5ex.rkt:11:2: read-syntax: expected a `)` to close `(`\n  possible cause: indentation suggests a missing `)` before line 17\n  context...:\n   /work/arjunguha-research-group/software/racket/collects/syntax/module-reader.rkt:186:17: body\n   /work/arjunguha-research-group/software/racket/collects/syntax/module-reader.rkt:183:2: wrap-internal\n   /work/arjunguha-research-group/software/racket/collects/racket/../syntax/module-reader.rkt:67:9: wrap-internal/wrapper\n",
      "exit_code": 1,
      "status": "SyntaxError"
    },
    {
      "program": "#lang racket\n\n;; Write a rktthon function to find the next perfect square greater than a given number.\n(define (next_Perfect_Square N)\n  (cond\n    [(= (sqrt N) (floor (sqrt N)))\n     (sqrt N)]\n    [else\n     (next_Perfect_Square (+ N 1))]))\n\n(require rackunit)\n\n(define (test-humaneval) \n\n  (let (( candidate next_Perfect_Square))\n    (check-equal? (candidate 35) 36)\n    (check-equal? (candidate 6) 9)\n    (check-equal? (candidate 9) 16)\n))\n\n(test-humaneval)",
      "timestamp": 1666122793,
      "stdout": "",
      "stderr": "--------------------\nFAILURE\nname:       check-equal?\nlocation:   /tmp/tmpxq3ti9kw.rkt:16:4\nactual:     6\nexpected:   36\n--------------------\n--------------------\nFAILURE\nname:       check-equal?\nlocation:   /tmp/tmpxq3ti9kw.rkt:17:4\nactual:     3\nexpected:   9\n--------------------\n--------------------\nFAILURE\nname:       check-equal?\nlocation:   /tmp/tmpxq3ti9kw.rkt:18:4\nactual:     3\nexpected:   16\n--------------------\n",
      "exit_code": 0,
      "status": "Exception"
    },
    {
      "program": "#lang racket\n\n;; Write a rktthon function to find the next perfect square greater than a given number.\n(define (next_Perfect_Square N)\n  (define (next_Perfect_Square_iter N i)\n    (if (&gt; (* i i) N)\n        i\n        (next_Perfect_Square_iter N (+ i 1))))\n  (next_Perfect_Square_iter N 1))\n\n(require rackunit)\n\n(define (test-humaneval) \n\n  (let (( candidate next_Perfect_Square))\n    (check-equal? (candidate 35) 36)\n    (check-equal? (candidate 6) 9)\n    (check-equal? (candidate 9) 16)\n))\n\n(test-humaneval)",
      "timestamp": 1665510008,
      "stdout": "",
      "stderr": "/tmp/tmpfu466tl6.rkt:4:0: read-syntax: expected a `)` to close `(`\n  possible cause: indentation suggests a missing `)` before line 11\n  context...:\n   /work/arjunguha-research-group/software/racket/collects/syntax/module-reader.rkt:186:17: body\n   /work/arjunguha-research-group/software/racket/collects/syntax/module-reader.rkt:183:2: wrap-internal\n   /work/arjunguha-research-group/software/racket/collects/racket/../syntax/module-reader.rkt:67:9: wrap-internal/wrapper\n",
      "exit_code": 1,
      "status": "SyntaxError"
    },
    {
      "program": "#lang racket\n\n;; Write a rktthon function to find the next perfect square greater than a given number.\n(define (next_Perfect_Square N)\n  (if (not (integer? N))\n      (error \"Input must be an integer\")\n      (if (not (positive? N))\n          (error \"Input must be a positive integer\")\n          (let loop ((i 1))\n            (if (> (* i i) N)\n                i\n                (loop (+ i 1)))))))\n\n(require rackunit)\n\n(define (test-humaneval) \n\n  (let (( candidate next_Perfect_Square))\n    (check-equal? (candidate 35) 36)\n    (check-equal? (candidate 6) 9)\n    (check-equal? (candidate 9) 16)\n))\n\n(test-humaneval)",
      "timestamp": 1666122793,
      "stdout": "",
      "stderr": "--------------------\nFAILURE\nname:       check-equal?\nlocation:   /tmp/tmpfqqqy80a.rkt:19:4\nactual:     6\nexpected:   36\n--------------------\n--------------------\nFAILURE\nname:       check-equal?\nlocation:   /tmp/tmpfqqqy80a.rkt:20:4\nactual:     3\nexpected:   9\n--------------------\n--------------------\nFAILURE\nname:       check-equal?\nlocation:   /tmp/tmpfqqqy80a.rkt:21:4\nactual:     4\nexpected:   16\n--------------------\n",
      "exit_code": 0,
      "status": "Exception"
    },
    {
      "program": "#lang racket\n\n;; Write a rktthon function to find the next perfect square greater than a given number.\n(define (next_Perfect_Square N)\n  (if (not (integer? N))\n      (error \"N must be an integer\")\n      (if (not (positive? N))\n          (error \"N must be positive\")\n          (let loop ([N N])\n            (if (not (integer? (sqrt N)))\n                (loop (+ N 1))\n                N)))))\n\n(require rackunit)\n\n(define (test-humaneval) \n\n  (let (( candidate next_Perfect_Square))\n    (check-equal? (candidate 35) 36)\n    (check-equal? (candidate 6) 9)\n    (check-equal? (candidate 9) 16)\n))\n\n(test-humaneval)",
      "timestamp": 1666122793,
      "stdout": "",
      "stderr": "--------------------\nFAILURE\nname:       check-equal?\nlocation:   /tmp/tmpdbx_u4xi.rkt:21:4\nactual:     9\nexpected:   16\n--------------------\n",
      "exit_code": 0,
      "status": "Exception"
    },
    {
      "program": "#lang racket\n\n;; Write a rktthon function to find the next perfect square greater than a given number.\n(define (next_Perfect_Square N)\n  (let ([n (ceiling (sqrt N))])\n    (* n (+ n 1))))\n\n(require rackunit)\n\n(define (test-humaneval) \n\n  (let (( candidate next_Perfect_Square))\n    (check-equal? (candidate 35) 36)\n    (check-equal? (candidate 6) 9)\n    (check-equal? (candidate 9) 16)\n))\n\n(test-humaneval)",
      "timestamp": 1665510010,
      "stdout": "",
      "stderr": "--------------------\nFAILURE\nname:       check-equal?\nlocation:   /tmp/tmpdigm52su.rkt:13:4\nactual:     42.0\nexpected:   36\n--------------------\n--------------------\nFAILURE\nname:       check-equal?\nlocation:   /tmp/tmpdigm52su.rkt:14:4\nactual:     12.0\nexpected:   9\n--------------------\n--------------------\nFAILURE\nname:       check-equal?\nlocation:   /tmp/tmpdigm52su.rkt:15:4\nactual:     12\nexpected:   16\n--------------------\n",
      "exit_code": 0,
      "status": "Exception"
    },
    {
      "program": "#lang racket\n\n;; Write a rktthon function to find the next perfect square greater than a given number.\n(define (next_Perfect_Square N)\n  (define (next_Perfect_Square_iter n i)\n    (if (= n (* i i))\n        (next_Perfect_Square_iter (+ n 1) (+ i 1))\n        (* i i)))\n  (next_Perfect_Square_iter N 1))\n\n(require rackunit)\n\n(define (test-humaneval) \n\n  (let (( candidate next_Perfect_Square))\n    (check-equal? (candidate 35) 36)\n    (check-equal? (candidate 6) 9)\n    (check-equal? (candidate 9) 16)\n))\n\n(test-humaneval)",
      "timestamp": 1666122792,
      "stdout": "",
      "stderr": "--------------------\nFAILURE\nname:       check-equal?\nlocation:   /tmp/tmp80ymdht6.rkt:16:4\nactual:     1\nexpected:   36\n--------------------\n--------------------\nFAILURE\nname:       check-equal?\nlocation:   /tmp/tmp80ymdht6.rkt:17:4\nactual:     1\nexpected:   9\n--------------------\n--------------------\nFAILURE\nname:       check-equal?\nlocation:   /tmp/tmp80ymdht6.rkt:18:4\nactual:     1\nexpected:   16\n--------------------\n",
      "exit_code": 0,
      "status": "Exception"
    },
    {
      "program": "#lang racket\n\n;; Write a rktthon function to find the next perfect square greater than a given number.\n(define (next_Perfect_Square N)\n  (define (next_Perfect_Square_iter N i)\n    (if (&gt; (* i i) N)\n        (* i i)\n        (next_Perfect_Square_iter N (+ i 1))))\n  (next_Perfect_Square_iter N 1))\n\n(require rackunit)\n\n(define (test-humaneval) \n\n  (let (( candidate next_Perfect_Square))\n    (check-equal? (candidate 35) 36)\n    (check-equal? (candidate 6) 9)\n    (check-equal? (candidate 9) 16)\n))\n\n(test-humaneval)",
      "timestamp": 1665510008,
      "stdout": "",
      "stderr": "/tmp/tmp60s_35ga.rkt:4:0: read-syntax: expected a `)` to close `(`\n  possible cause: indentation suggests a missing `)` before line 11\n  context...:\n   /work/arjunguha-research-group/software/racket/collects/syntax/module-reader.rkt:186:17: body\n   /work/arjunguha-research-group/software/racket/collects/syntax/module-reader.rkt:183:2: wrap-internal\n   /work/arjunguha-research-group/software/racket/collects/racket/../syntax/module-reader.rkt:67:9: wrap-internal/wrapper\n",
      "exit_code": 1,
      "status": "SyntaxError"
    },
    {
      "program": "#lang racket\n\n;; Write a rktthon function to find the next perfect square greater than a given number.\n(define (next_Perfect_Square N)\n  (cond\n    [(= (sqrt N) (floor (sqrt N))) (+ 1 (sqrt N))]\n    [else (next_Perfect_Square (+ 1 N))]))\n\n(require rackunit)\n\n(define (test-humaneval) \n\n  (let (( candidate next_Perfect_Square))\n    (check-equal? (candidate 35) 36)\n    (check-equal? (candidate 6) 9)\n    (check-equal? (candidate 9) 16)\n))\n\n(test-humaneval)",
      "timestamp": 1666122793,
      "stdout": "",
      "stderr": "--------------------\nFAILURE\nname:       check-equal?\nlocation:   /tmp/tmp6t19kxfj.rkt:14:4\nactual:     7\nexpected:   36\n--------------------\n--------------------\nFAILURE\nname:       check-equal?\nlocation:   /tmp/tmp6t19kxfj.rkt:15:4\nactual:     4\nexpected:   9\n--------------------\n--------------------\nFAILURE\nname:       check-equal?\nlocation:   /tmp/tmp6t19kxfj.rkt:16:4\nactual:     4\nexpected:   16\n--------------------\n",
      "exit_code": 0,
      "status": "Exception"
    },
    {
      "program": "#lang racket\n\n;; Write a rktthon function to find the next perfect square greater than a given number.\n(define (next_Perfect_Square N)\n  (cond\n    [(= (sqrt N) (floor (sqrt N))) (+ 1 (sqrt N))]\n    [else (+ 1 (sqrt N))]))\n\n(require rackunit)\n\n(define (test-humaneval) \n\n  (let (( candidate next_Perfect_Square))\n    (check-equal? (candidate 35) 36)\n    (check-equal? (candidate 6) 9)\n    (check-equal? (candidate 9) 16)\n))\n\n(test-humaneval)",
      "timestamp": 1666122792,
      "stdout": "",
      "stderr": "--------------------\nFAILURE\nname:       check-equal?\nlocation:   /tmp/tmpighumz9u.rkt:14:4\nactual:     6.916079783099616\nexpected:   36\n--------------------\n--------------------\nFAILURE\nname:       check-equal?\nlocation:   /tmp/tmpighumz9u.rkt:15:4\nactual:     3.449489742783178\nexpected:   9\n--------------------\n--------------------\nFAILURE\nname:       check-equal?\nlocation:   /tmp/tmpighumz9u.rkt:16:4\nactual:     4\nexpected:   16\n--------------------\n",
      "exit_code": 0,
      "status": "Exception"
    },
    {
      "program": "#lang racket\n\n;; Write a rktthon function to find the next perfect square greater than a given number.\n(define (next_Perfect_Square N)\n  (define (next_Perfect_Square_iter N i)\n    (if (&lt; N (* i i))\n        i\n        (next_Perfect_Square_iter N (+ i 1))))\n  (next_Perfect_Square_iter N 1))\n\n(require rackunit)\n\n(define (test-humaneval) \n\n  (let (( candidate next_Perfect_Square))\n    (check-equal? (candidate 35) 36)\n    (check-equal? (candidate 6) 9)\n    (check-equal? (candidate 9) 16)\n))\n\n(test-humaneval)",
      "timestamp": 1666122792,
      "stdout": "",
      "stderr": "/tmp/tmpzmwrklvw.rkt:4:0: read-syntax: expected a `)` to close `(`\n  possible cause: indentation suggests a missing `)` before line 11\n  context...:\n   /work/arjunguha-research-group/software/racket/collects/syntax/module-reader.rkt:186:17: body\n   /work/arjunguha-research-group/software/racket/collects/syntax/module-reader.rkt:183:2: wrap-internal\n   /work/arjunguha-research-group/software/racket/collects/racket/../syntax/module-reader.rkt:67:9: wrap-internal/wrapper\n",
      "exit_code": 1,
      "status": "SyntaxError"
    },
    {
      "program": "#lang racket\n\n;; Write a rktthon function to find the next perfect square greater than a given number.\n(define (next_Perfect_Square N)\n  (let ([n (ceiling (sqrt N))])\n    (* n (+ n 1))))\n\n(require rackunit)\n\n(define (test-humaneval) \n\n  (let (( candidate next_Perfect_Square))\n    (check-equal? (candidate 35) 36)\n    (check-equal? (candidate 6) 9)\n    (check-equal? (candidate 9) 16)\n))\n\n(test-humaneval)",
      "timestamp": 1665510010,
      "stdout": "",
      "stderr": "--------------------\nFAILURE\nname:       check-equal?\nlocation:   /tmp/tmpdigm52su.rkt:13:4\nactual:     42.0\nexpected:   36\n--------------------\n--------------------\nFAILURE\nname:       check-equal?\nlocation:   /tmp/tmpdigm52su.rkt:14:4\nactual:     12.0\nexpected:   9\n--------------------\n--------------------\nFAILURE\nname:       check-equal?\nlocation:   /tmp/tmpdigm52su.rkt:15:4\nactual:     12\nexpected:   16\n--------------------\n",
      "exit_code": 0,
      "status": "Exception"
    },
    {
      "program": "#lang racket\n\n;; Write a rktthon function to find the next perfect square greater than a given number.\n(define (next_Perfect_Square N)\n  (define (is_Perfect_Square N)\n    (define (is_Perfect_Square_iter N i)\n      (cond ((= N (* i i)) #t)\n            ((&gt; N (* i i)) (is_Perfect_Square_iter N (+ i 1)))\n            (else #f)))\n    (is_Perfect_Square_iter N 1))\n  (define (next_Perfect_Square_iter N i)\n    (cond ((is_Perfect_Square N) N)\n          ((&gt; N (* i i)) (next_Perfect_Square_iter N (+ i 1)))\n          (else (* i i))))\n  (next_Perfect_Square_iter N 1))\n\n(require rackunit)\n\n(define (test-humaneval) \n\n  (let (( candidate next_Perfect_Square))\n    (check-equal? (candidate 35) 36)\n    (check-equal? (candidate 6) 9)\n    (check-equal? (candidate 9) 16)\n))\n\n(test-humaneval)",
      "timestamp": 1666122792,
      "stdout": "",
      "stderr": "/tmp/tmpp1b4p_yn.rkt:11:2: read-syntax: expected a `)` to close `(`\n  possible cause: indentation suggests a missing `)` before line 17\n  context...:\n   /work/arjunguha-research-group/software/racket/collects/syntax/module-reader.rkt:186:17: body\n   /work/arjunguha-research-group/software/racket/collects/syntax/module-reader.rkt:183:2: wrap-internal\n   /work/arjunguha-research-group/software/racket/collects/racket/../syntax/module-reader.rkt:67:9: wrap-internal/wrapper\n",
      "exit_code": 1,
      "status": "SyntaxError"
    },
    {
      "program": "#lang racket\n\n;; Write a rktthon function to find the next perfect square greater than a given number.\n(define (next_Perfect_Square N)\n  (if (= (sqrt N) (floor (sqrt N)))\n      (sqrt N)\n      (next_Perfect_Square (+ N 1))))\n\n(require rackunit)\n\n(define (test-humaneval) \n\n  (let (( candidate next_Perfect_Square))\n    (check-equal? (candidate 35) 36)\n    (check-equal? (candidate 6) 9)\n    (check-equal? (candidate 9) 16)\n))\n\n(test-humaneval)",
      "timestamp": 1666122793,
      "stdout": "",
      "stderr": "--------------------\nFAILURE\nname:       check-equal?\nlocation:   /tmp/tmpja901g8g.rkt:14:4\nactual:     6\nexpected:   36\n--------------------\n--------------------\nFAILURE\nname:       check-equal?\nlocation:   /tmp/tmpja901g8g.rkt:15:4\nactual:     3\nexpected:   9\n--------------------\n--------------------\nFAILURE\nname:       check-equal?\nlocation:   /tmp/tmpja901g8g.rkt:16:4\nactual:     3\nexpected:   16\n--------------------\n",
      "exit_code": 0,
      "status": "Exception"
    },
    {
      "program": "#lang racket\n\n;; Write a rktthon function to find the next perfect square greater than a given number.\n(define (next_Perfect_Square N)\n  (define (next_Perfect_Square_iter N i)\n    (cond ((= (sqr i) N) (+ i 1))\n          ((&gt; (sqr i) N) (sqr i))\n          (else (next_Perfect_Square_iter N (+ i 1)))))\n  (next_Perfect_Square_iter N 1))\n\n(require rackunit)\n\n(define (test-humaneval) \n\n  (let (( candidate next_Perfect_Square))\n    (check-equal? (candidate 35) 36)\n    (check-equal? (candidate 6) 9)\n    (check-equal? (candidate 9) 16)\n))\n\n(test-humaneval)",
      "timestamp": 1666122792,
      "stdout": "",
      "stderr": "/tmp/tmp_di8dd_6.rkt:5:2: read-syntax: expected a `)` to close `(`\n  possible cause: indentation suggests a missing `)` before line 11\n  context...:\n   /work/arjunguha-research-group/software/racket/collects/syntax/module-reader.rkt:186:17: body\n   /work/arjunguha-research-group/software/racket/collects/syntax/module-reader.rkt:183:2: wrap-internal\n   /work/arjunguha-research-group/software/racket/collects/racket/../syntax/module-reader.rkt:67:9: wrap-internal/wrapper\n",
      "exit_code": 1,
      "status": "SyntaxError"
    },
    {
      "program": "#lang racket\n\n;; Write a rktthon function to find the next perfect square greater than a given number.\n(define (next_Perfect_Square N)\n  (let ([sqrt-N (sqrt N)])\n    (if (integer? sqrt-N)\n        (next_Perfect_Square (+ N 1))\n        (expt (ceiling sqrt-N) 2))))\n\n(require rackunit)\n\n(define (test-humaneval) \n\n  (let (( candidate next_Perfect_Square))\n    (check-equal? (candidate 35) 36)\n    (check-equal? (candidate 6) 9)\n    (check-equal? (candidate 9) 16)\n))\n\n(test-humaneval)",
      "timestamp": 1666122793,
      "stdout": "",
      "stderr": "--------------------\nFAILURE\nname:       check-equal?\nlocation:   /tmp/tmp7bw7c5i2.rkt:15:4\nactual:     36.0\nexpected:   36\n--------------------\n--------------------\nFAILURE\nname:       check-equal?\nlocation:   /tmp/tmp7bw7c5i2.rkt:16:4\nactual:     9.0\nexpected:   9\n--------------------\n--------------------\nFAILURE\nname:       check-equal?\nlocation:   /tmp/tmp7bw7c5i2.rkt:17:4\nactual:     16.0\nexpected:   16\n--------------------\n",
      "exit_code": 0,
      "status": "Exception"
    },
    {
      "program": "#lang racket\n\n;; Write a rktthon function to find the next perfect square greater than a given number.\n(define (next_Perfect_Square N)\n  (define (is_Perfect_Square N)\n    (define (is_Perfect_Square_helper N i)\n      (if (= N (* i i))\n          #t\n          (if (&lt; N (* i i))\n              #f\n              (is_Perfect_Square_helper N (+ i 1)))))\n    (is_Perfect_Square_helper N 1))\n  (define (next_Perfect_Square_helper N)\n    (if (is_Perfect_Square N)\n        N\n        (next_Perfect_Square_helper (+ N 1))))\n  (next_Perfect_Square_helper N))\n\n(require rackunit)\n\n(define (test-humaneval) \n\n  (let (( candidate next_Perfect_Square))\n    (check-equal? (candidate 35) 36)\n    (check-equal? (candidate 6) 9)\n    (check-equal? (candidate 9) 16)\n))\n\n(test-humaneval)",
      "timestamp": 1666122792,
      "stdout": "",
      "stderr": "/tmp/tmpzrd6ibwa.rkt:4:0: read-syntax: expected a `)` to close `(`\n  possible cause: indentation suggests a missing `)` before line 19\n  context...:\n   /work/arjunguha-research-group/software/racket/collects/syntax/module-reader.rkt:186:17: body\n   /work/arjunguha-research-group/software/racket/collects/syntax/module-reader.rkt:183:2: wrap-internal\n   /work/arjunguha-research-group/software/racket/collects/racket/../syntax/module-reader.rkt:67:9: wrap-internal/wrapper\n",
      "exit_code": 1,
      "status": "SyntaxError"
    },
    {
      "program": "#lang racket\n\n;; Write a rktthon function to find the next perfect square greater than a given number.\n(define (next_Perfect_Square N)\n  (define (next_Perfect_Square_iter N i)\n    (if (&gt; (* i i) N)\n        (* i i)\n        (next_Perfect_Square_iter N (+ i 1))))\n  (next_Perfect_Square_iter N 1))\n\n(require rackunit)\n\n(define (test-humaneval) \n\n  (let (( candidate next_Perfect_Square))\n    (check-equal? (candidate 35) 36)\n    (check-equal? (candidate 6) 9)\n    (check-equal? (candidate 9) 16)\n))\n\n(test-humaneval)",
      "timestamp": 1665510008,
      "stdout": "",
      "stderr": "/tmp/tmp60s_35ga.rkt:4:0: read-syntax: expected a `)` to close `(`\n  possible cause: indentation suggests a missing `)` before line 11\n  context...:\n   /work/arjunguha-research-group/software/racket/collects/syntax/module-reader.rkt:186:17: body\n   /work/arjunguha-research-group/software/racket/collects/syntax/module-reader.rkt:183:2: wrap-internal\n   /work/arjunguha-research-group/software/racket/collects/racket/../syntax/module-reader.rkt:67:9: wrap-internal/wrapper\n",
      "exit_code": 1,
      "status": "SyntaxError"
    },
    {
      "program": "#lang racket\n\n;; Write a rktthon function to find the next perfect square greater than a given number.\n(define (next_Perfect_Square N)\n  (define (next_Perfect_Square_iter N i)\n    (if (= (* i i) N)\n        (next_Perfect_Square_iter N (+ i 1))\n        (* i i)))\n  (next_Perfect_Square_iter N 1))\n\n(require rackunit)\n\n(define (test-humaneval) \n\n  (let (( candidate next_Perfect_Square))\n    (check-equal? (candidate 35) 36)\n    (check-equal? (candidate 6) 9)\n    (check-equal? (candidate 9) 16)\n))\n\n(test-humaneval)",
      "timestamp": 1666122793,
      "stdout": "",
      "stderr": "--------------------\nFAILURE\nname:       check-equal?\nlocation:   /tmp/tmpliujy9jx.rkt:16:4\nactual:     1\nexpected:   36\n--------------------\n--------------------\nFAILURE\nname:       check-equal?\nlocation:   /tmp/tmpliujy9jx.rkt:17:4\nactual:     1\nexpected:   9\n--------------------\n--------------------\nFAILURE\nname:       check-equal?\nlocation:   /tmp/tmpliujy9jx.rkt:18:4\nactual:     1\nexpected:   16\n--------------------\n",
      "exit_code": 0,
      "status": "Exception"
    },
    {
      "program": "#lang racket\n\n;; Write a rktthon function to find the next perfect square greater than a given number.\n(define (next_Perfect_Square N)\n  (let* ([sqrt (sqrt N)]\n         [ceiling (ceiling sqrt)])\n    (* ceiling ceiling)))\n\n(require rackunit)\n\n(define (test-humaneval) \n\n  (let (( candidate next_Perfect_Square))\n    (check-equal? (candidate 35) 36)\n    (check-equal? (candidate 6) 9)\n    (check-equal? (candidate 9) 16)\n))\n\n(test-humaneval)",
      "timestamp": 1666122793,
      "stdout": "",
      "stderr": "--------------------\nFAILURE\nname:       check-equal?\nlocation:   /tmp/tmpfphspdzy.rkt:14:4\nactual:     36.0\nexpected:   36\n--------------------\n--------------------\nFAILURE\nname:       check-equal?\nlocation:   /tmp/tmpfphspdzy.rkt:15:4\nactual:     9.0\nexpected:   9\n--------------------\n--------------------\nFAILURE\nname:       check-equal?\nlocation:   /tmp/tmpfphspdzy.rkt:16:4\nactual:     9\nexpected:   16\n--------------------\n",
      "exit_code": 0,
      "status": "Exception"
    },
    {
      "program": "#lang racket\n\n;; Write a rktthon function to find the next perfect square greater than a given number.\n(define (next_Perfect_Square N)\n  (let ([n (ceiling (sqrt N))])\n    (* n n)))\n\n(require rackunit)\n\n(define (test-humaneval) \n\n  (let (( candidate next_Perfect_Square))\n    (check-equal? (candidate 35) 36)\n    (check-equal? (candidate 6) 9)\n    (check-equal? (candidate 9) 16)\n))\n\n(test-humaneval)",
      "timestamp": 1665510010,
      "stdout": "",
      "stderr": "--------------------\nFAILURE\nname:       check-equal?\nlocation:   /tmp/tmp9gvryua8.rkt:13:4\nactual:     36.0\nexpected:   36\n--------------------\n--------------------\nFAILURE\nname:       check-equal?\nlocation:   /tmp/tmp9gvryua8.rkt:14:4\nactual:     9.0\nexpected:   9\n--------------------\n--------------------\nFAILURE\nname:       check-equal?\nlocation:   /tmp/tmp9gvryua8.rkt:15:4\nactual:     9\nexpected:   16\n--------------------\n",
      "exit_code": 0,
      "status": "Exception"
    },
    {
      "program": "#lang racket\n\n;; Write a rktthon function to find the next perfect square greater than a given number.\n(define (next_Perfect_Square N)\n  (if (= (sqrt N) (floor (sqrt N)))\n      (sqrt N)\n      (sqrt (+ 1 N))))\n\n(require rackunit)\n\n(define (test-humaneval) \n\n  (let (( candidate next_Perfect_Square))\n    (check-equal? (candidate 35) 36)\n    (check-equal? (candidate 6) 9)\n    (check-equal? (candidate 9) 16)\n))\n\n(test-humaneval)",
      "timestamp": 1666122793,
      "stdout": "",
      "stderr": "--------------------\nFAILURE\nname:       check-equal?\nlocation:   /tmp/tmp4043g2xo.rkt:14:4\nactual:     6\nexpected:   36\n--------------------\n--------------------\nFAILURE\nname:       check-equal?\nlocation:   /tmp/tmp4043g2xo.rkt:15:4\nactual:     2.6457513110645907\nexpected:   9\n--------------------\n--------------------\nFAILURE\nname:       check-equal?\nlocation:   /tmp/tmp4043g2xo.rkt:16:4\nactual:     3\nexpected:   16\n--------------------\n",
      "exit_code": 0,
      "status": "Exception"
    },
    {
      "program": "#lang racket\n\n;; Write a rktthon function to find the next perfect square greater than a given number.\n(define (next_Perfect_Square N)\n  (define (next_Perfect_Square_iter N i)\n    (cond ((= (sqr i) N) (+ i 1))\n          ((&gt; (sqr i) N) (sqr i))\n          (else (next_Perfect_Square_iter N (+ i 1)))))\n  (next_Perfect_Square_iter N 1))\n</code>\n\n(require rackunit)\n\n(define (test-humaneval) \n\n  (let (( candidate next_Perfect_Square))\n    (check-equal? (candidate 35) 36)\n    (check-equal? (candidate 6) 9)\n    (check-equal? (candidate 9) 16)\n))\n\n(test-humaneval)",
      "timestamp": 1666122792,
      "stdout": "",
      "stderr": "/tmp/tmp5xv5ie74.rkt:5:2: read-syntax: expected a `)` to close `(`\n  possible cause: indentation suggests a missing `)` before line 10\n  context...:\n   /work/arjunguha-research-group/software/racket/collects/syntax/module-reader.rkt:186:17: body\n   /work/arjunguha-research-group/software/racket/collects/syntax/module-reader.rkt:183:2: wrap-internal\n   /work/arjunguha-research-group/software/racket/collects/racket/../syntax/module-reader.rkt:67:9: wrap-internal/wrapper\n",
      "exit_code": 1,
      "status": "SyntaxError"
    },
    {
      "program": "#lang racket\n\n;; Write a rktthon function to find the next perfect square greater than a given number.\n(define (next_Perfect_Square N)\n  (let ([n (ceiling (sqrt N))])\n    (* n n)))\n\n(require rackunit)\n\n(define (test-humaneval) \n\n  (let (( candidate next_Perfect_Square))\n    (check-equal? (candidate 35) 36)\n    (check-equal? (candidate 6) 9)\n    (check-equal? (candidate 9) 16)\n))\n\n(test-humaneval)",
      "timestamp": 1665510010,
      "stdout": "",
      "stderr": "--------------------\nFAILURE\nname:       check-equal?\nlocation:   /tmp/tmp9gvryua8.rkt:13:4\nactual:     36.0\nexpected:   36\n--------------------\n--------------------\nFAILURE\nname:       check-equal?\nlocation:   /tmp/tmp9gvryua8.rkt:14:4\nactual:     9.0\nexpected:   9\n--------------------\n--------------------\nFAILURE\nname:       check-equal?\nlocation:   /tmp/tmp9gvryua8.rkt:15:4\nactual:     9\nexpected:   16\n--------------------\n",
      "exit_code": 0,
      "status": "Exception"
    },
    {
      "program": "#lang racket\n\n;; Write a rktthon function to find the next perfect square greater than a given number.\n(define (next_Perfect_Square N)\n  (let loop ([n N])\n    (if (not (integer? (sqrt n)))\n        (loop (+ n 1))\n        n)))\n\n(require rackunit)\n\n(define (test-humaneval) \n\n  (let (( candidate next_Perfect_Square))\n    (check-equal? (candidate 35) 36)\n    (check-equal? (candidate 6) 9)\n    (check-equal? (candidate 9) 16)\n))\n\n(test-humaneval)",
      "timestamp": 1666122793,
      "stdout": "",
      "stderr": "--------------------\nFAILURE\nname:       check-equal?\nlocation:   /tmp/tmpl3ggka5y.rkt:17:4\nactual:     9\nexpected:   16\n--------------------\n",
      "exit_code": 0,
      "status": "Exception"
    },
    {
      "program": "#lang racket\n\n;; Write a rktthon function to find the next perfect square greater than a given number.\n(define (next_Perfect_Square N)\n  (if (= (sqrt N) (floor (sqrt N)))\n      (sqrt N)\n      (next_Perfect_Square (+ N 1))))\n\n(require rackunit)\n\n(define (test-humaneval) \n\n  (let (( candidate next_Perfect_Square))\n    (check-equal? (candidate 35) 36)\n    (check-equal? (candidate 6) 9)\n    (check-equal? (candidate 9) 16)\n))\n\n(test-humaneval)",
      "timestamp": 1666122793,
      "stdout": "",
      "stderr": "--------------------\nFAILURE\nname:       check-equal?\nlocation:   /tmp/tmpja901g8g.rkt:14:4\nactual:     6\nexpected:   36\n--------------------\n--------------------\nFAILURE\nname:       check-equal?\nlocation:   /tmp/tmpja901g8g.rkt:15:4\nactual:     3\nexpected:   9\n--------------------\n--------------------\nFAILURE\nname:       check-equal?\nlocation:   /tmp/tmpja901g8g.rkt:16:4\nactual:     3\nexpected:   16\n--------------------\n",
      "exit_code": 0,
      "status": "Exception"
    },
    {
      "program": "#lang racket\n\n;; Write a rktthon function to find the next perfect square greater than a given number.\n(define (next_Perfect_Square N)\n  (define (next_Perfect_Square_iter N i)\n    (if (&gt; (* i i) N)\n        i\n        (next_Perfect_Square_iter N (+ i 1))))\n  (next_Perfect_Square_iter N 1))\n\n(require rackunit)\n\n(define (test-humaneval) \n\n  (let (( candidate next_Perfect_Square))\n    (check-equal? (candidate 35) 36)\n    (check-equal? (candidate 6) 9)\n    (check-equal? (candidate 9) 16)\n))\n\n(test-humaneval)",
      "timestamp": 1665510008,
      "stdout": "",
      "stderr": "/tmp/tmpfu466tl6.rkt:4:0: read-syntax: expected a `)` to close `(`\n  possible cause: indentation suggests a missing `)` before line 11\n  context...:\n   /work/arjunguha-research-group/software/racket/collects/syntax/module-reader.rkt:186:17: body\n   /work/arjunguha-research-group/software/racket/collects/syntax/module-reader.rkt:183:2: wrap-internal\n   /work/arjunguha-research-group/software/racket/collects/racket/../syntax/module-reader.rkt:67:9: wrap-internal/wrapper\n",
      "exit_code": 1,
      "status": "SyntaxError"
    },
    {
      "program": "#lang racket\n\n;; Write a rktthon function to find the next perfect square greater than a given number.\n(define (next_Perfect_Square N)\n  (define (next_Perfect_Square_iter N i)\n    (if (&gt;= (* i i) N)\n        i\n        (next_Perfect_Square_iter N (+ i 1))))\n  (next_Perfect_Square_iter N 1))\n\n(require rackunit)\n\n(define (test-humaneval) \n\n  (let (( candidate next_Perfect_Square))\n    (check-equal? (candidate 35) 36)\n    (check-equal? (candidate 6) 9)\n    (check-equal? (candidate 9) 16)\n))\n\n(test-humaneval)",
      "timestamp": 1666122793,
      "stdout": "",
      "stderr": "/tmp/tmp8guk74oj.rkt:4:0: read-syntax: expected a `)` to close `(`\n  possible cause: indentation suggests a missing `)` before line 11\n  context...:\n   /work/arjunguha-research-group/software/racket/collects/syntax/module-reader.rkt:186:17: body\n   /work/arjunguha-research-group/software/racket/collects/syntax/module-reader.rkt:183:2: wrap-internal\n   /work/arjunguha-research-group/software/racket/collects/racket/../syntax/module-reader.rkt:67:9: wrap-internal/wrapper\n",
      "exit_code": 1,
      "status": "SyntaxError"
    },
    {
      "program": "#lang racket\n\n;; Write a rktthon function to find the next perfect square greater than a given number.\n(define (next_Perfect_Square N)\n  (define (next_Perfect_Square_iter N i)\n    (if (&gt; (* i i) N)\n        i\n        (next_Perfect_Square_iter N (+ i 1))))\n  (next_Perfect_Square_iter N 1))\n\n(require rackunit)\n\n(define (test-humaneval) \n\n  (let (( candidate next_Perfect_Square))\n    (check-equal? (candidate 35) 36)\n    (check-equal? (candidate 6) 9)\n    (check-equal? (candidate 9) 16)\n))\n\n(test-humaneval)",
      "timestamp": 1665510008,
      "stdout": "",
      "stderr": "/tmp/tmpfu466tl6.rkt:4:0: read-syntax: expected a `)` to close `(`\n  possible cause: indentation suggests a missing `)` before line 11\n  context...:\n   /work/arjunguha-research-group/software/racket/collects/syntax/module-reader.rkt:186:17: body\n   /work/arjunguha-research-group/software/racket/collects/syntax/module-reader.rkt:183:2: wrap-internal\n   /work/arjunguha-research-group/software/racket/collects/racket/../syntax/module-reader.rkt:67:9: wrap-internal/wrapper\n",
      "exit_code": 1,
      "status": "SyntaxError"
    },
    {
      "program": "#lang racket\n\n;; Write a rktthon function to find the next perfect square greater than a given number.\n(define (next_Perfect_Square N)\n  (if (= (sqrt N) (floor (sqrt N)))\n      (sqrt N)\n      (next_Perfect_Square (+ N 1))))\n\n(require rackunit)\n\n(define (test-humaneval) \n\n  (let (( candidate next_Perfect_Square))\n    (check-equal? (candidate 35) 36)\n    (check-equal? (candidate 6) 9)\n    (check-equal? (candidate 9) 16)\n))\n\n(test-humaneval)",
      "timestamp": 1666122793,
      "stdout": "",
      "stderr": "--------------------\nFAILURE\nname:       check-equal?\nlocation:   /tmp/tmpja901g8g.rkt:14:4\nactual:     6\nexpected:   36\n--------------------\n--------------------\nFAILURE\nname:       check-equal?\nlocation:   /tmp/tmpja901g8g.rkt:15:4\nactual:     3\nexpected:   9\n--------------------\n--------------------\nFAILURE\nname:       check-equal?\nlocation:   /tmp/tmpja901g8g.rkt:16:4\nactual:     3\nexpected:   16\n--------------------\n",
      "exit_code": 0,
      "status": "Exception"
    },
    {
      "program": "#lang racket\n\n;; Write a rktthon function to find the next perfect square greater than a given number.\n(define (next_Perfect_Square N)\n  (define (next_Perfect_Square_iter N i)\n    (if (and (&gt; N i) (&lt; N (* i i)))\n        (next_Perfect_Square_iter N (+ i 1))\n        (* i i)))\n  (next_Perfect_Square_iter N 1))\n</code>\nI am getting the following error:\n<code>next_Perfect_Square.rkt:4:0: next_Perfect_Square_iter: undefined;\n cannot reference an identifier before its definition\n</code>\nI am not sure what is wrong with the code.\n\n\nA:\n\nThe problem is that you're trying to call <code>next_Perfect_Square_iter</code> before it's defined.\nYou can fix this by moving the definition of <code>next_Perfect_Square_iter</code> before the call to it.\n<code>(define (next_Perfect_Square N)\n  (define (next_Perfect_Square_iter N i)\n    (if (and (&gt; N i) (&lt; N (* i i)))\n        (next_Perfect_Square_iter N (+ i 1))\n        (* i i)))\n  (next_Perfect_Square_iter N 1))\n</code>\n\n(require rackunit)\n\n(define (test-humaneval) \n\n  (let (( candidate next_Perfect_Square))\n    (check-equal? (candidate 35) 36)\n    (check-equal? (candidate 6) 9)\n    (check-equal? (candidate 9) 16)\n))\n\n(test-humaneval)",
      "timestamp": 1666122793,
      "stdout": "",
      "stderr": "/tmp/tmpkohshqqj.rkt:23:2: read-syntax: expected a `)` to close `(`\n  possible cause: indentation suggests a missing `)` before line 28\n  context...:\n   /work/arjunguha-research-group/software/racket/collects/syntax/module-reader.rkt:186:17: body\n   /work/arjunguha-research-group/software/racket/collects/syntax/module-reader.rkt:183:2: wrap-internal\n   /work/arjunguha-research-group/software/racket/collects/racket/../syntax/module-reader.rkt:67:9: wrap-internal/wrapper\n",
      "exit_code": 1,
      "status": "SyntaxError"
    },
    {
      "program": "#lang racket\n\n;; Write a rktthon function to find the next perfect square greater than a given number.\n(define (next_Perfect_Square N)\n  (define (next_Perfect_Square_iter N i)\n    (cond ((= (sqr i) N) (+ i 1))\n          ((&gt; (sqr i) N) (sqr i))\n          (else (next_Perfect_Square_iter N (+ i 1)))))\n  (next_Perfect_Square_iter N 1))\n\n(require rackunit)\n\n(define (test-humaneval) \n\n  (let (( candidate next_Perfect_Square))\n    (check-equal? (candidate 35) 36)\n    (check-equal? (candidate 6) 9)\n    (check-equal? (candidate 9) 16)\n))\n\n(test-humaneval)",
      "timestamp": 1666122792,
      "stdout": "",
      "stderr": "/tmp/tmp_di8dd_6.rkt:5:2: read-syntax: expected a `)` to close `(`\n  possible cause: indentation suggests a missing `)` before line 11\n  context...:\n   /work/arjunguha-research-group/software/racket/collects/syntax/module-reader.rkt:186:17: body\n   /work/arjunguha-research-group/software/racket/collects/syntax/module-reader.rkt:183:2: wrap-internal\n   /work/arjunguha-research-group/software/racket/collects/racket/../syntax/module-reader.rkt:67:9: wrap-internal/wrapper\n",
      "exit_code": 1,
      "status": "SyntaxError"
    },
    {
      "program": "#lang racket\n\n;; Write a rktthon function to find the next perfect square greater than a given number.\n(define (next_Perfect_Square N)\n  (define (next_Perfect_Square_iter N i)\n    (if (= (sqr i) N)\n        (sqr (+ i 1))\n        (next_Perfect_Square_iter N (+ i 1))))\n  (next_Perfect_Square_iter N 1))\n\n(require rackunit)\n\n(define (test-humaneval) \n\n  (let (( candidate next_Perfect_Square))\n    (check-equal? (candidate 35) 36)\n    (check-equal? (candidate 6) 9)\n    (check-equal? (candidate 9) 16)\n))\n\n(test-humaneval)",
      "timestamp": 1665510023,
      "stdout": "",
      "stderr": "",
      "exit_code": -1,
      "status": "Exception"
    },
    {
      "program": "#lang racket\n\n;; Write a rktthon function to find the next perfect square greater than a given number.\n(define (next_Perfect_Square N)\n  (let ([n (ceiling (sqrt N))])\n    (* n n)))\n\n(require rackunit)\n\n(define (test-humaneval) \n\n  (let (( candidate next_Perfect_Square))\n    (check-equal? (candidate 35) 36)\n    (check-equal? (candidate 6) 9)\n    (check-equal? (candidate 9) 16)\n))\n\n(test-humaneval)",
      "timestamp": 1665510010,
      "stdout": "",
      "stderr": "--------------------\nFAILURE\nname:       check-equal?\nlocation:   /tmp/tmp9gvryua8.rkt:13:4\nactual:     36.0\nexpected:   36\n--------------------\n--------------------\nFAILURE\nname:       check-equal?\nlocation:   /tmp/tmp9gvryua8.rkt:14:4\nactual:     9.0\nexpected:   9\n--------------------\n--------------------\nFAILURE\nname:       check-equal?\nlocation:   /tmp/tmp9gvryua8.rkt:15:4\nactual:     9\nexpected:   16\n--------------------\n",
      "exit_code": 0,
      "status": "Exception"
    },
    {
      "program": "#lang racket\n\n;; Write a rktthon function to find the next perfect square greater than a given number.\n(define (next_Perfect_Square N)\n  (let ([n (ceiling (sqrt N))])\n    (* n (+ n 1))))\n\n(require rackunit)\n\n(define (test-humaneval) \n\n  (let (( candidate next_Perfect_Square))\n    (check-equal? (candidate 35) 36)\n    (check-equal? (candidate 6) 9)\n    (check-equal? (candidate 9) 16)\n))\n\n(test-humaneval)",
      "timestamp": 1665510010,
      "stdout": "",
      "stderr": "--------------------\nFAILURE\nname:       check-equal?\nlocation:   /tmp/tmpdigm52su.rkt:13:4\nactual:     42.0\nexpected:   36\n--------------------\n--------------------\nFAILURE\nname:       check-equal?\nlocation:   /tmp/tmpdigm52su.rkt:14:4\nactual:     12.0\nexpected:   9\n--------------------\n--------------------\nFAILURE\nname:       check-equal?\nlocation:   /tmp/tmpdigm52su.rkt:15:4\nactual:     12\nexpected:   16\n--------------------\n",
      "exit_code": 0,
      "status": "Exception"
    },
    {
      "program": "#lang racket\n\n;; Write a rktthon function to find the next perfect square greater than a given number.\n(define (next_Perfect_Square N)\n  (let ([n (ceiling (sqrt N))])\n    (* n n)))\n\n(require rackunit)\n\n(define (test-humaneval) \n\n  (let (( candidate next_Perfect_Square))\n    (check-equal? (candidate 35) 36)\n    (check-equal? (candidate 6) 9)\n    (check-equal? (candidate 9) 16)\n))\n\n(test-humaneval)",
      "timestamp": 1665510010,
      "stdout": "",
      "stderr": "--------------------\nFAILURE\nname:       check-equal?\nlocation:   /tmp/tmp9gvryua8.rkt:13:4\nactual:     36.0\nexpected:   36\n--------------------\n--------------------\nFAILURE\nname:       check-equal?\nlocation:   /tmp/tmp9gvryua8.rkt:14:4\nactual:     9.0\nexpected:   9\n--------------------\n--------------------\nFAILURE\nname:       check-equal?\nlocation:   /tmp/tmp9gvryua8.rkt:15:4\nactual:     9\nexpected:   16\n--------------------\n",
      "exit_code": 0,
      "status": "Exception"
    },
    {
      "program": "#lang racket\n\n;; Write a rktthon function to find the next perfect square greater than a given number.\n(define (next_Perfect_Square N)\n  (define (next_Perfect_Square_iter N i)\n    (if (&lt; (sqr i) N)\n        (next_Perfect_Square_iter N (+ i 1))\n        (sqr i)))\n  (next_Perfect_Square_iter N 1))\n\n(require rackunit)\n\n(define (test-humaneval) \n\n  (let (( candidate next_Perfect_Square))\n    (check-equal? (candidate 35) 36)\n    (check-equal? (candidate 6) 9)\n    (check-equal? (candidate 9) 16)\n))\n\n(test-humaneval)",
      "timestamp": 1666122792,
      "stdout": "",
      "stderr": "/tmp/tmpgn3btza5.rkt:4:0: read-syntax: expected a `)` to close `(`\n  possible cause: indentation suggests a missing `)` before line 11\n  context...:\n   /work/arjunguha-research-group/software/racket/collects/syntax/module-reader.rkt:186:17: body\n   /work/arjunguha-research-group/software/racket/collects/syntax/module-reader.rkt:183:2: wrap-internal\n   /work/arjunguha-research-group/software/racket/collects/racket/../syntax/module-reader.rkt:67:9: wrap-internal/wrapper\n",
      "exit_code": 1,
      "status": "SyntaxError"
    },
    {
      "program": "#lang racket\n\n;; Write a rktthon function to find the next perfect square greater than a given number.\n(define (next_Perfect_Square N)\n  (let ([sqrt (sqrt N)])\n    (if (integer? sqrt)\n        (expt (ceiling sqrt) 2)\n        (expt (ceiling sqrt) 2))))\n\n(require rackunit)\n\n(define (test-humaneval) \n\n  (let (( candidate next_Perfect_Square))\n    (check-equal? (candidate 35) 36)\n    (check-equal? (candidate 6) 9)\n    (check-equal? (candidate 9) 16)\n))\n\n(test-humaneval)",
      "timestamp": 1666122793,
      "stdout": "",
      "stderr": "--------------------\nFAILURE\nname:       check-equal?\nlocation:   /tmp/tmp0tr080yh.rkt:15:4\nactual:     36.0\nexpected:   36\n--------------------\n--------------------\nFAILURE\nname:       check-equal?\nlocation:   /tmp/tmp0tr080yh.rkt:16:4\nactual:     9.0\nexpected:   9\n--------------------\n--------------------\nFAILURE\nname:       check-equal?\nlocation:   /tmp/tmp0tr080yh.rkt:17:4\nactual:     9\nexpected:   16\n--------------------\n",
      "exit_code": 0,
      "status": "Exception"
    },
    {
      "program": "#lang racket\n\n;; Write a rktthon function to find the next perfect square greater than a given number.\n(define (next_Perfect_Square N)\n  (let loop ((n N))\n    (if (not (integer? (sqrt n)))\n        (loop (+ n 1))\n        n)))\n\n(require rackunit)\n\n(define (test-humaneval) \n\n  (let (( candidate next_Perfect_Square))\n    (check-equal? (candidate 35) 36)\n    (check-equal? (candidate 6) 9)\n    (check-equal? (candidate 9) 16)\n))\n\n(test-humaneval)",
      "timestamp": 1666122793,
      "stdout": "",
      "stderr": "--------------------\nFAILURE\nname:       check-equal?\nlocation:   /tmp/tmp8r3gsn0f.rkt:17:4\nactual:     9\nexpected:   16\n--------------------\n",
      "exit_code": 0,
      "status": "Exception"
    },
    {
      "program": "#lang racket\n\n;; Write a rktthon function to find the next perfect square greater than a given number.\n(define (next_Perfect_Square N)\n  (if (perfect_Square? N)\n      (+ N 1)\n      (next_Perfect_Square (+ N 1))))\n\n(require rackunit)\n\n(define (test-humaneval) \n\n  (let (( candidate next_Perfect_Square))\n    (check-equal? (candidate 35) 36)\n    (check-equal? (candidate 6) 9)\n    (check-equal? (candidate 9) 16)\n))\n\n(test-humaneval)",
      "timestamp": 1666122793,
      "stdout": "",
      "stderr": "/tmp/tmp2ocpq4nk.rkt:5:7: perfect_Square?: unbound identifier\n  in: perfect_Square?\n  location...:\n   /tmp/tmp2ocpq4nk.rkt:5:7\n",
      "exit_code": 1,
      "status": "Exception"
    },
    {
      "program": "#lang racket\n\n;; Write a rktthon function to find the next perfect square greater than a given number.\n(define (next_Perfect_Square N)\n  (let ([n (ceiling (sqrt N))])\n    (* n n)))\n\n(require rackunit)\n\n(define (test-humaneval) \n\n  (let (( candidate next_Perfect_Square))\n    (check-equal? (candidate 35) 36)\n    (check-equal? (candidate 6) 9)\n    (check-equal? (candidate 9) 16)\n))\n\n(test-humaneval)",
      "timestamp": 1665510010,
      "stdout": "",
      "stderr": "--------------------\nFAILURE\nname:       check-equal?\nlocation:   /tmp/tmp9gvryua8.rkt:13:4\nactual:     36.0\nexpected:   36\n--------------------\n--------------------\nFAILURE\nname:       check-equal?\nlocation:   /tmp/tmp9gvryua8.rkt:14:4\nactual:     9.0\nexpected:   9\n--------------------\n--------------------\nFAILURE\nname:       check-equal?\nlocation:   /tmp/tmp9gvryua8.rkt:15:4\nactual:     9\nexpected:   16\n--------------------\n",
      "exit_code": 0,
      "status": "Exception"
    },
    {
      "program": "#lang racket\n\n;; Write a rktthon function to find the next perfect square greater than a given number.\n(define (next_Perfect_Square N)\n  (define (is_Perfect_Square N)\n    (= (sqrt N) (floor (sqrt N))))\n  (define (find_next_Perfect_Square N)\n    (if (is_Perfect_Square N)\n        N\n        (find_next_Perfect_Square (+ N 1))))\n  (find_next_Perfect_Square (+ N 1)))\n\n(require rackunit)\n\n(define (test-humaneval) \n\n  (let (( candidate next_Perfect_Square))\n    (check-equal? (candidate 35) 36)\n    (check-equal? (candidate 6) 9)\n    (check-equal? (candidate 9) 16)\n))\n\n(test-humaneval)",
      "timestamp": 1666122793,
      "stdout": "",
      "stderr": "",
      "exit_code": 0,
      "status": "OK"
    },
    {
      "program": "#lang racket\n\n;; Write a rktthon function to find the next perfect square greater than a given number.\n(define (next_Perfect_Square N)\n  (define (next_Perfect_Square_iter N i)\n    (if (&gt; (* i i) N)\n        i\n        (next_Perfect_Square_iter N (+ i 1))))\n  (next_Perfect_Square_iter N 1))\n\n(require rackunit)\n\n(define (test-humaneval) \n\n  (let (( candidate next_Perfect_Square))\n    (check-equal? (candidate 35) 36)\n    (check-equal? (candidate 6) 9)\n    (check-equal? (candidate 9) 16)\n))\n\n(test-humaneval)",
      "timestamp": 1665510008,
      "stdout": "",
      "stderr": "/tmp/tmpfu466tl6.rkt:4:0: read-syntax: expected a `)` to close `(`\n  possible cause: indentation suggests a missing `)` before line 11\n  context...:\n   /work/arjunguha-research-group/software/racket/collects/syntax/module-reader.rkt:186:17: body\n   /work/arjunguha-research-group/software/racket/collects/syntax/module-reader.rkt:183:2: wrap-internal\n   /work/arjunguha-research-group/software/racket/collects/racket/../syntax/module-reader.rkt:67:9: wrap-internal/wrapper\n",
      "exit_code": 1,
      "status": "SyntaxError"
    },
    {
      "program": "#lang racket\n\n;; Write a rktthon function to find the next perfect square greater than a given number.\n(define (next_Perfect_Square N)\n  (define (helper N)\n    (if (= (sqrt N) (round (sqrt N)))\n        N\n        (helper (+ N 1))))\n  (helper (+ N 1)))\n\n(require rackunit)\n\n(define (test-humaneval) \n\n  (let (( candidate next_Perfect_Square))\n    (check-equal? (candidate 35) 36)\n    (check-equal? (candidate 6) 9)\n    (check-equal? (candidate 9) 16)\n))\n\n(test-humaneval)",
      "timestamp": 1666122793,
      "stdout": "",
      "stderr": "",
      "exit_code": 0,
      "status": "OK"
    },
    {
      "program": "#lang racket\n\n;; Write a rktthon function to find the next perfect square greater than a given number.\n(define (next_Perfect_Square N)\n  (cond\n    [(= (sqrt N) (floor (sqrt N)))\n     (sqrt N)]\n    [else\n     (next_Perfect_Square (+ N 1))]))\n\n(require rackunit)\n\n(define (test-humaneval) \n\n  (let (( candidate next_Perfect_Square))\n    (check-equal? (candidate 35) 36)\n    (check-equal? (candidate 6) 9)\n    (check-equal? (candidate 9) 16)\n))\n\n(test-humaneval)",
      "timestamp": 1666122793,
      "stdout": "",
      "stderr": "--------------------\nFAILURE\nname:       check-equal?\nlocation:   /tmp/tmpxq3ti9kw.rkt:16:4\nactual:     6\nexpected:   36\n--------------------\n--------------------\nFAILURE\nname:       check-equal?\nlocation:   /tmp/tmpxq3ti9kw.rkt:17:4\nactual:     3\nexpected:   9\n--------------------\n--------------------\nFAILURE\nname:       check-equal?\nlocation:   /tmp/tmpxq3ti9kw.rkt:18:4\nactual:     3\nexpected:   16\n--------------------\n",
      "exit_code": 0,
      "status": "Exception"
    },
    {
      "program": "#lang racket\n\n;; Write a rktthon function to find the next perfect square greater than a given number.\n(define (next_Perfect_Square N)\n  (define (next_Perfect_Square_iter N i)\n    (if (= (* i i) N)\n        (next_Perfect_Square_iter N (+ i 1))\n        (* i i)))\n  (next_Perfect_Square_iter N 1))\n\n(require rackunit)\n\n(define (test-humaneval) \n\n  (let (( candidate next_Perfect_Square))\n    (check-equal? (candidate 35) 36)\n    (check-equal? (candidate 6) 9)\n    (check-equal? (candidate 9) 16)\n))\n\n(test-humaneval)",
      "timestamp": 1666122793,
      "stdout": "",
      "stderr": "--------------------\nFAILURE\nname:       check-equal?\nlocation:   /tmp/tmpliujy9jx.rkt:16:4\nactual:     1\nexpected:   36\n--------------------\n--------------------\nFAILURE\nname:       check-equal?\nlocation:   /tmp/tmpliujy9jx.rkt:17:4\nactual:     1\nexpected:   9\n--------------------\n--------------------\nFAILURE\nname:       check-equal?\nlocation:   /tmp/tmpliujy9jx.rkt:18:4\nactual:     1\nexpected:   16\n--------------------\n",
      "exit_code": 0,
      "status": "Exception"
    },
    {
      "program": "#lang racket\n\n;; Write a rktthon function to find the next perfect square greater than a given number.\n(define (next_Perfect_Square N)\n  (letrec ([sqrt (lambda (N)\n                   (if (&lt; N 0)\n                       (error \"N must be positive\")\n                       (if (zero? N)\n                           0\n                           (if (zero? (remainder N 2))\n                               (let ([x (sqrt (/ N 2))])\n                                 (* 2 (+ x x)))\n                               (let ([x (sqrt (- N 1))])\n                                 (+ (* 2 x) 1))))))]\n           [next_square (lambda (N)\n                          (let ([x (sqrt N)])\n                            (* (+ x 1) (+ x 1))))])\n    (next_square N)))\n\n(require rackunit)\n\n(define (test-humaneval) \n\n  (let (( candidate next_Perfect_Square))\n    (check-equal? (candidate 35) 36)\n    (check-equal? (candidate 6) 9)\n    (check-equal? (candidate 9) 16)\n))\n\n(test-humaneval)",
      "timestamp": 1666122793,
      "stdout": "",
      "stderr": "/tmp/tmpo853cet0.rkt:14:51: read-syntax: missing `)` to close `(` on line 5, found instead `]`\n  context...:\n   /work/arjunguha-research-group/software/racket/collects/syntax/module-reader.rkt:186:17: body\n   /work/arjunguha-research-group/software/racket/collects/syntax/module-reader.rkt:183:2: wrap-internal\n   /work/arjunguha-research-group/software/racket/collects/racket/../syntax/module-reader.rkt:67:9: wrap-internal/wrapper\n",
      "exit_code": 1,
      "status": "SyntaxError"
    },
    {
      "program": "#lang racket\n\n;; Write a rktthon function to find the next perfect square greater than a given number.\n(define (next_Perfect_Square N)\n  (let ([i (ceiling (sqrt N))])\n    (* i i)))\n\n(require rackunit)\n\n(define (test-humaneval) \n\n  (let (( candidate next_Perfect_Square))\n    (check-equal? (candidate 35) 36)\n    (check-equal? (candidate 6) 9)\n    (check-equal? (candidate 9) 16)\n))\n\n(test-humaneval)",
      "timestamp": 1666122793,
      "stdout": "",
      "stderr": "--------------------\nFAILURE\nname:       check-equal?\nlocation:   /tmp/tmpwd6adrdi.rkt:13:4\nactual:     36.0\nexpected:   36\n--------------------\n--------------------\nFAILURE\nname:       check-equal?\nlocation:   /tmp/tmpwd6adrdi.rkt:14:4\nactual:     9.0\nexpected:   9\n--------------------\n--------------------\nFAILURE\nname:       check-equal?\nlocation:   /tmp/tmpwd6adrdi.rkt:15:4\nactual:     9\nexpected:   16\n--------------------\n",
      "exit_code": 0,
      "status": "Exception"
    },
    {
      "program": "#lang racket\n\n;; Write a rktthon function to find the next perfect square greater than a given number.\n(define (next_Perfect_Square N)\n  (define (next_Perfect_Square_iter N i)\n    (if (&gt; (* i i) N)\n        i\n        (next_Perfect_Square_iter N (+ i 1))))\n  (next_Perfect_Square_iter N 1))\n\n(require rackunit)\n\n(define (test-humaneval) \n\n  (let (( candidate next_Perfect_Square))\n    (check-equal? (candidate 35) 36)\n    (check-equal? (candidate 6) 9)\n    (check-equal? (candidate 9) 16)\n))\n\n(test-humaneval)",
      "timestamp": 1665510008,
      "stdout": "",
      "stderr": "/tmp/tmpfu466tl6.rkt:4:0: read-syntax: expected a `)` to close `(`\n  possible cause: indentation suggests a missing `)` before line 11\n  context...:\n   /work/arjunguha-research-group/software/racket/collects/syntax/module-reader.rkt:186:17: body\n   /work/arjunguha-research-group/software/racket/collects/syntax/module-reader.rkt:183:2: wrap-internal\n   /work/arjunguha-research-group/software/racket/collects/racket/../syntax/module-reader.rkt:67:9: wrap-internal/wrapper\n",
      "exit_code": 1,
      "status": "SyntaxError"
    },
    {
      "program": "#lang racket\n\n;; Write a rktthon function to find the next perfect square greater than a given number.\n(define (next_Perfect_Square N)\n  (let ((n (ceiling (sqrt N))))\n    (* n n)))\n\n(require rackunit)\n\n(define (test-humaneval) \n\n  (let (( candidate next_Perfect_Square))\n    (check-equal? (candidate 35) 36)\n    (check-equal? (candidate 6) 9)\n    (check-equal? (candidate 9) 16)\n))\n\n(test-humaneval)",
      "timestamp": 1666122793,
      "stdout": "",
      "stderr": "--------------------\nFAILURE\nname:       check-equal?\nlocation:   /tmp/tmpfqxv0f5z.rkt:13:4\nactual:     36.0\nexpected:   36\n--------------------\n--------------------\nFAILURE\nname:       check-equal?\nlocation:   /tmp/tmpfqxv0f5z.rkt:14:4\nactual:     9.0\nexpected:   9\n--------------------\n--------------------\nFAILURE\nname:       check-equal?\nlocation:   /tmp/tmpfqxv0f5z.rkt:15:4\nactual:     9\nexpected:   16\n--------------------\n",
      "exit_code": 0,
      "status": "Exception"
    },
    {
      "program": "#lang racket\n\n;; Write a rktthon function to find the next perfect square greater than a given number.\n(define (next_Perfect_Square N)\n  (cond\n    [(= (sqrt N) (floor (sqrt N))) (sqrt N)]\n    [else (next_Perfect_Square (+ N 1))]))\n\n(require rackunit)\n\n(define (test-humaneval) \n\n  (let (( candidate next_Perfect_Square))\n    (check-equal? (candidate 35) 36)\n    (check-equal? (candidate 6) 9)\n    (check-equal? (candidate 9) 16)\n))\n\n(test-humaneval)",
      "timestamp": 1666122793,
      "stdout": "",
      "stderr": "--------------------\nFAILURE\nname:       check-equal?\nlocation:   /tmp/tmpy89criem.rkt:14:4\nactual:     6\nexpected:   36\n--------------------\n--------------------\nFAILURE\nname:       check-equal?\nlocation:   /tmp/tmpy89criem.rkt:15:4\nactual:     3\nexpected:   9\n--------------------\n--------------------\nFAILURE\nname:       check-equal?\nlocation:   /tmp/tmpy89criem.rkt:16:4\nactual:     3\nexpected:   16\n--------------------\n",
      "exit_code": 0,
      "status": "Exception"
    },
    {
      "program": "#lang racket\n\n;; Write a rktthon function to find the next perfect square greater than a given number.\n(define (next_Perfect_Square N)\n  (define (is_Perfect_Square N)\n    (define (is_Perfect_Square_iter N i)\n      (if (= N (* i i))\n          #t\n          (if (&lt; N (* i i))\n              #f\n              (is_Perfect_Square_iter N (+ i 1)))))\n    (is_Perfect_Square_iter N 1))\n  (define (next_Perfect_Square_iter N i)\n    (if (is_Perfect_Square N)\n        N\n        (if (is_Perfect_Square (+ N i))\n            (+ N i)\n            (next_Perfect_Square_iter N (+ i 1)))))\n  (next_Perfect_Square_iter N 1))\n</code>\nI am not sure if I am doing it right.\n\n\nA:\n\nI think you're overcomplicating things.\n<code>(define (next-perfect-square n)\n  (let loop ((i 1))\n    (if (&lt; n (* i i))\n        (* i i)\n        (loop (+ i 1)))))\n</code>\n\n(require rackunit)\n\n(define (test-humaneval) \n\n  (let (( candidate next_Perfect_Square))\n    (check-equal? (candidate 35) 36)\n    (check-equal? (candidate 6) 9)\n    (check-equal? (candidate 9) 16)\n))\n\n(test-humaneval)",
      "timestamp": 1666122793,
      "stdout": "",
      "stderr": "/tmp/tmpw4_vdzrd.rkt:27:6: read-syntax: expected a `)` to close `(`\n  possible cause: indentation suggests a missing `)` before line 28\n  context...:\n   /work/arjunguha-research-group/software/racket/collects/syntax/module-reader.rkt:186:17: body\n   /work/arjunguha-research-group/software/racket/collects/syntax/module-reader.rkt:183:2: wrap-internal\n   /work/arjunguha-research-group/software/racket/collects/racket/../syntax/module-reader.rkt:67:9: wrap-internal/wrapper\n",
      "exit_code": 1,
      "status": "SyntaxError"
    },
    {
      "program": "#lang racket\n\n;; Write a rktthon function to find the next perfect square greater than a given number.\n(define (next_Perfect_Square N)\n  (define (next_Perfect_Square_iter N i)\n    (if (&gt; (* i i) N)\n        i\n        (next_Perfect_Square_iter N (+ i 1))))\n  (next_Perfect_Square_iter N 1))\n\n(require rackunit)\n\n(define (test-humaneval) \n\n  (let (( candidate next_Perfect_Square))\n    (check-equal? (candidate 35) 36)\n    (check-equal? (candidate 6) 9)\n    (check-equal? (candidate 9) 16)\n))\n\n(test-humaneval)",
      "timestamp": 1665510008,
      "stdout": "",
      "stderr": "/tmp/tmpfu466tl6.rkt:4:0: read-syntax: expected a `)` to close `(`\n  possible cause: indentation suggests a missing `)` before line 11\n  context...:\n   /work/arjunguha-research-group/software/racket/collects/syntax/module-reader.rkt:186:17: body\n   /work/arjunguha-research-group/software/racket/collects/syntax/module-reader.rkt:183:2: wrap-internal\n   /work/arjunguha-research-group/software/racket/collects/racket/../syntax/module-reader.rkt:67:9: wrap-internal/wrapper\n",
      "exit_code": 1,
      "status": "SyntaxError"
    },
    {
      "program": "#lang racket\n\n;; Write a rktthon function to find the next perfect square greater than a given number.\n(define (next_Perfect_Square N)\n  (define (is_Perfect_Square N)\n    (define (is_Perfect_Square_iter N i)\n      (cond ((= i N) #t)\n            ((&gt; i N) #f)\n            (else (is_Perfect_Square_iter N (+ i 1)))))\n    (is_Perfect_Square_iter N 1))\n  (define (next_Perfect_Square_iter N i)\n    (cond ((is_Perfect_Square N) N)\n          ((is_Perfect_Square i) i)\n          (else (next_Perfect_Square_iter N (+ i 1)))))\n  (next_Perfect_Square_iter N 1))\n\n(require rackunit)\n\n(define (test-humaneval) \n\n  (let (( candidate next_Perfect_Square))\n    (check-equal? (candidate 35) 36)\n    (check-equal? (candidate 6) 9)\n    (check-equal? (candidate 9) 16)\n))\n\n(test-humaneval)",
      "timestamp": 1666122793,
      "stdout": "",
      "stderr": "/tmp/tmpfc2c3w72.rkt:5:2: read-syntax: expected a `)` to close `(`\n  possible cause: indentation suggests a missing `)` before line 17\n  context...:\n   /work/arjunguha-research-group/software/racket/collects/syntax/module-reader.rkt:186:17: body\n   /work/arjunguha-research-group/software/racket/collects/syntax/module-reader.rkt:183:2: wrap-internal\n   /work/arjunguha-research-group/software/racket/collects/racket/../syntax/module-reader.rkt:67:9: wrap-internal/wrapper\n",
      "exit_code": 1,
      "status": "SyntaxError"
    },
    {
      "program": "#lang racket\n\n;; Write a rktthon function to find the next perfect square greater than a given number.\n(define (next_Perfect_Square N)\n  (define (next_Perfect_Square_iter N i)\n    (cond ((= (sqr i) N) (sqr (+ i 1)))\n          ((&gt; (sqr i) N) (sqr i))\n          (else (next_Perfect_Square_iter N (+ i 1)))))\n  (next_Perfect_Square_iter N 1))\n\n(require rackunit)\n\n(define (test-humaneval) \n\n  (let (( candidate next_Perfect_Square))\n    (check-equal? (candidate 35) 36)\n    (check-equal? (candidate 6) 9)\n    (check-equal? (candidate 9) 16)\n))\n\n(test-humaneval)",
      "timestamp": 1666122793,
      "stdout": "",
      "stderr": "/tmp/tmpv9f7v0p4.rkt:5:2: read-syntax: expected a `)` to close `(`\n  possible cause: indentation suggests a missing `)` before line 11\n  context...:\n   /work/arjunguha-research-group/software/racket/collects/syntax/module-reader.rkt:186:17: body\n   /work/arjunguha-research-group/software/racket/collects/syntax/module-reader.rkt:183:2: wrap-internal\n   /work/arjunguha-research-group/software/racket/collects/racket/../syntax/module-reader.rkt:67:9: wrap-internal/wrapper\n",
      "exit_code": 1,
      "status": "SyntaxError"
    },
    {
      "program": "#lang racket\n\n;; Write a rktthon function to find the next perfect square greater than a given number.\n(define (next_Perfect_Square N)\n  (let ([n (ceiling (sqrt N))])\n    (* n n)))\n\n(require rackunit)\n\n(define (test-humaneval) \n\n  (let (( candidate next_Perfect_Square))\n    (check-equal? (candidate 35) 36)\n    (check-equal? (candidate 6) 9)\n    (check-equal? (candidate 9) 16)\n))\n\n(test-humaneval)",
      "timestamp": 1665510010,
      "stdout": "",
      "stderr": "--------------------\nFAILURE\nname:       check-equal?\nlocation:   /tmp/tmp9gvryua8.rkt:13:4\nactual:     36.0\nexpected:   36\n--------------------\n--------------------\nFAILURE\nname:       check-equal?\nlocation:   /tmp/tmp9gvryua8.rkt:14:4\nactual:     9.0\nexpected:   9\n--------------------\n--------------------\nFAILURE\nname:       check-equal?\nlocation:   /tmp/tmp9gvryua8.rkt:15:4\nactual:     9\nexpected:   16\n--------------------\n",
      "exit_code": 0,
      "status": "Exception"
    },
    {
      "program": "#lang racket\n\n;; Write a rktthon function to find the next perfect square greater than a given number.\n(define (next_Perfect_Square N)\n  (define (next_Perfect_Square_iter N i)\n    (if (&gt; (sqr i) N)\n        i\n        (next_Perfect_Square_iter N (+ i 1))))\n  (next_Perfect_Square_iter N 1))\n\n(require rackunit)\n\n(define (test-humaneval) \n\n  (let (( candidate next_Perfect_Square))\n    (check-equal? (candidate 35) 36)\n    (check-equal? (candidate 6) 9)\n    (check-equal? (candidate 9) 16)\n))\n\n(test-humaneval)",
      "timestamp": 1665510008,
      "stdout": "",
      "stderr": "/tmp/tmpyrxwwe8i.rkt:4:0: read-syntax: expected a `)` to close `(`\n  possible cause: indentation suggests a missing `)` before line 11\n  context...:\n   /work/arjunguha-research-group/software/racket/collects/syntax/module-reader.rkt:186:17: body\n   /work/arjunguha-research-group/software/racket/collects/syntax/module-reader.rkt:183:2: wrap-internal\n   /work/arjunguha-research-group/software/racket/collects/racket/../syntax/module-reader.rkt:67:9: wrap-internal/wrapper\n",
      "exit_code": 1,
      "status": "SyntaxError"
    },
    {
      "program": "#lang racket\n\n;; Write a rktthon function to find the next perfect square greater than a given number.\n(define (next_Perfect_Square N)\n  (define (next_Perfect_Square_iter N i)\n    (if (&gt; (* i i) N)\n        i\n        (next_Perfect_Square_iter N (+ i 1))))\n  (next_Perfect_Square_iter N 1))\n\n(require rackunit)\n\n(define (test-humaneval) \n\n  (let (( candidate next_Perfect_Square))\n    (check-equal? (candidate 35) 36)\n    (check-equal? (candidate 6) 9)\n    (check-equal? (candidate 9) 16)\n))\n\n(test-humaneval)",
      "timestamp": 1665510008,
      "stdout": "",
      "stderr": "/tmp/tmpfu466tl6.rkt:4:0: read-syntax: expected a `)` to close `(`\n  possible cause: indentation suggests a missing `)` before line 11\n  context...:\n   /work/arjunguha-research-group/software/racket/collects/syntax/module-reader.rkt:186:17: body\n   /work/arjunguha-research-group/software/racket/collects/syntax/module-reader.rkt:183:2: wrap-internal\n   /work/arjunguha-research-group/software/racket/collects/racket/../syntax/module-reader.rkt:67:9: wrap-internal/wrapper\n",
      "exit_code": 1,
      "status": "SyntaxError"
    },
    {
      "program": "#lang racket\n\n;; Write a rktthon function to find the next perfect square greater than a given number.\n(define (next_Perfect_Square N)\n  (define (next_Perfect_Square_iter N i)\n    (cond ((= (sqr i) N) (+ i 1))\n          ((&gt; (sqr i) N) (sqr i))\n          (else (next_Perfect_Square_iter N (+ i 1)))))\n  (next_Perfect_Square_iter N 1))\n\n(require rackunit)\n\n(define (test-humaneval) \n\n  (let (( candidate next_Perfect_Square))\n    (check-equal? (candidate 35) 36)\n    (check-equal? (candidate 6) 9)\n    (check-equal? (candidate 9) 16)\n))\n\n(test-humaneval)",
      "timestamp": 1666122792,
      "stdout": "",
      "stderr": "/tmp/tmp_di8dd_6.rkt:5:2: read-syntax: expected a `)` to close `(`\n  possible cause: indentation suggests a missing `)` before line 11\n  context...:\n   /work/arjunguha-research-group/software/racket/collects/syntax/module-reader.rkt:186:17: body\n   /work/arjunguha-research-group/software/racket/collects/syntax/module-reader.rkt:183:2: wrap-internal\n   /work/arjunguha-research-group/software/racket/collects/racket/../syntax/module-reader.rkt:67:9: wrap-internal/wrapper\n",
      "exit_code": 1,
      "status": "SyntaxError"
    },
    {
      "program": "#lang racket\n\n;; Write a rktthon function to find the next perfect square greater than a given number.\n(define (next_Perfect_Square N)\n  (if (= (sqrt N) (floor (sqrt N)))\n      (sqrt N)\n      (next_Perfect_Square (+ N 1))))\n\n(require rackunit)\n\n(define (test-humaneval) \n\n  (let (( candidate next_Perfect_Square))\n    (check-equal? (candidate 35) 36)\n    (check-equal? (candidate 6) 9)\n    (check-equal? (candidate 9) 16)\n))\n\n(test-humaneval)",
      "timestamp": 1666122793,
      "stdout": "",
      "stderr": "--------------------\nFAILURE\nname:       check-equal?\nlocation:   /tmp/tmpja901g8g.rkt:14:4\nactual:     6\nexpected:   36\n--------------------\n--------------------\nFAILURE\nname:       check-equal?\nlocation:   /tmp/tmpja901g8g.rkt:15:4\nactual:     3\nexpected:   9\n--------------------\n--------------------\nFAILURE\nname:       check-equal?\nlocation:   /tmp/tmpja901g8g.rkt:16:4\nactual:     3\nexpected:   16\n--------------------\n",
      "exit_code": 0,
      "status": "Exception"
    },
    {
      "program": "#lang racket\n\n;; Write a rktthon function to find the next perfect square greater than a given number.\n(define (next_Perfect_Square N)\n  (define (next_Perfect_Square_iter N i)\n    (cond ((= (sqr i) N) (+ i 1))\n          ((&gt; (sqr i) N) (sqr i))\n          (else (next_Perfect_Square_iter N (+ i 1)))))\n  (next_Perfect_Square_iter N 1))\n\n(require rackunit)\n\n(define (test-humaneval) \n\n  (let (( candidate next_Perfect_Square))\n    (check-equal? (candidate 35) 36)\n    (check-equal? (candidate 6) 9)\n    (check-equal? (candidate 9) 16)\n))\n\n(test-humaneval)",
      "timestamp": 1666122792,
      "stdout": "",
      "stderr": "/tmp/tmp_di8dd_6.rkt:5:2: read-syntax: expected a `)` to close `(`\n  possible cause: indentation suggests a missing `)` before line 11\n  context...:\n   /work/arjunguha-research-group/software/racket/collects/syntax/module-reader.rkt:186:17: body\n   /work/arjunguha-research-group/software/racket/collects/syntax/module-reader.rkt:183:2: wrap-internal\n   /work/arjunguha-research-group/software/racket/collects/racket/../syntax/module-reader.rkt:67:9: wrap-internal/wrapper\n",
      "exit_code": 1,
      "status": "SyntaxError"
    },
    {
      "program": "#lang racket\n\n;; Write a rktthon function to find the next perfect square greater than a given number.\n(define (next_Perfect_Square N)\n  (define (next_Perfect_Square_iter N i)\n    (if (&gt; (* i i) N)\n        i\n        (next_Perfect_Square_iter N (+ i 1))))\n  (next_Perfect_Square_iter N 1))\n\n(require rackunit)\n\n(define (test-humaneval) \n\n  (let (( candidate next_Perfect_Square))\n    (check-equal? (candidate 35) 36)\n    (check-equal? (candidate 6) 9)\n    (check-equal? (candidate 9) 16)\n))\n\n(test-humaneval)",
      "timestamp": 1665510008,
      "stdout": "",
      "stderr": "/tmp/tmpfu466tl6.rkt:4:0: read-syntax: expected a `)` to close `(`\n  possible cause: indentation suggests a missing `)` before line 11\n  context...:\n   /work/arjunguha-research-group/software/racket/collects/syntax/module-reader.rkt:186:17: body\n   /work/arjunguha-research-group/software/racket/collects/syntax/module-reader.rkt:183:2: wrap-internal\n   /work/arjunguha-research-group/software/racket/collects/racket/../syntax/module-reader.rkt:67:9: wrap-internal/wrapper\n",
      "exit_code": 1,
      "status": "SyntaxError"
    },
    {
      "program": "#lang racket\n\n;; Write a rktthon function to find the next perfect square greater than a given number.\n(define (next_Perfect_Square N)\n  (cond\n    [(= (sqrt N) (floor (sqrt N))) (+ N 1)]\n    [else (+ (floor (sqrt N)) 1) (* (+ (floor (sqrt N)) 1) (+ (floor (sqrt N)) 1))]))\n\n(require rackunit)\n\n(define (test-humaneval) \n\n  (let (( candidate next_Perfect_Square))\n    (check-equal? (candidate 35) 36)\n    (check-equal? (candidate 6) 9)\n    (check-equal? (candidate 9) 16)\n))\n\n(test-humaneval)",
      "timestamp": 1666122794,
      "stdout": "",
      "stderr": "--------------------\nFAILURE\nname:       check-equal?\nlocation:   /tmp/tmpwu1bv0c0.rkt:14:4\nactual:     36.0\nexpected:   36\n--------------------\n--------------------\nFAILURE\nname:       check-equal?\nlocation:   /tmp/tmpwu1bv0c0.rkt:15:4\nactual:     9.0\nexpected:   9\n--------------------\n--------------------\nFAILURE\nname:       check-equal?\nlocation:   /tmp/tmpwu1bv0c0.rkt:16:4\nactual:     10\nexpected:   16\n--------------------\n",
      "exit_code": 0,
      "status": "Exception"
    },
    {
      "program": "#lang racket\n\n;; Write a rktthon function to find the next perfect square greater than a given number.\n(define (next_Perfect_Square N)\n  (if (not (integer? N))\n      (error \"N must be an integer\")\n      (let loop ((i 1))\n        (if (&gt; (* i i) N)\n            i\n            (loop (+ i 1))))))\n</code>\n\n(require rackunit)\n\n(define (test-humaneval) \n\n  (let (( candidate next_Perfect_Square))\n    (check-equal? (candidate 35) 36)\n    (check-equal? (candidate 6) 9)\n    (check-equal? (candidate 9) 16)\n))\n\n(test-humaneval)",
      "timestamp": 1666122793,
      "stdout": "",
      "stderr": "/tmp/tmp79gaxxf0.rkt:4:0: read-syntax: expected a `)` to close `(`\n  possible cause: indentation suggests a missing `)` before line 11\n  context...:\n   /work/arjunguha-research-group/software/racket/collects/syntax/module-reader.rkt:186:17: body\n   /work/arjunguha-research-group/software/racket/collects/syntax/module-reader.rkt:183:2: wrap-internal\n   /work/arjunguha-research-group/software/racket/collects/racket/../syntax/module-reader.rkt:67:9: wrap-internal/wrapper\n",
      "exit_code": 1,
      "status": "SyntaxError"
    },
    {
      "program": "#lang racket\n\n;; Write a rktthon function to find the next perfect square greater than a given number.\n(define (next_Perfect_Square N)\n  (define (next_Perfect_Square_iter N i)\n    (if (&gt; (sqr i) N)\n        i\n        (next_Perfect_Square_iter N (+ i 1))))\n  (next_Perfect_Square_iter N 1))\n\n(require rackunit)\n\n(define (test-humaneval) \n\n  (let (( candidate next_Perfect_Square))\n    (check-equal? (candidate 35) 36)\n    (check-equal? (candidate 6) 9)\n    (check-equal? (candidate 9) 16)\n))\n\n(test-humaneval)",
      "timestamp": 1665510008,
      "stdout": "",
      "stderr": "/tmp/tmpyrxwwe8i.rkt:4:0: read-syntax: expected a `)` to close `(`\n  possible cause: indentation suggests a missing `)` before line 11\n  context...:\n   /work/arjunguha-research-group/software/racket/collects/syntax/module-reader.rkt:186:17: body\n   /work/arjunguha-research-group/software/racket/collects/syntax/module-reader.rkt:183:2: wrap-internal\n   /work/arjunguha-research-group/software/racket/collects/racket/../syntax/module-reader.rkt:67:9: wrap-internal/wrapper\n",
      "exit_code": 1,
      "status": "SyntaxError"
    },
    {
      "program": "#lang racket\n\n;; Write a rktthon function to find the next perfect square greater than a given number.\n(define (next_Perfect_Square N)\n  (define (next_Perfect_Square_iter i)\n    (if (= (sqr i) N)\n        (sqr (+ i 1))\n        (next_Perfect_Square_iter (+ i 1))))\n  (next_Perfect_Square_iter 1))\n\n(require rackunit)\n\n(define (test-humaneval) \n\n  (let (( candidate next_Perfect_Square))\n    (check-equal? (candidate 35) 36)\n    (check-equal? (candidate 6) 9)\n    (check-equal? (candidate 9) 16)\n))\n\n(test-humaneval)",
      "timestamp": 1666122808,
      "stdout": "",
      "stderr": "",
      "exit_code": -1,
      "status": "Exception"
    },
    {
      "program": "#lang racket\n\n;; Write a rktthon function to find the next perfect square greater than a given number.\n(define (next_Perfect_Square N)\n  (define (helper N)\n    (if (= (sqrt N) (floor (sqrt N)))\n        N\n        (helper (+ N 1))))\n  (helper (+ N 1)))\n\n(require rackunit)\n\n(define (test-humaneval) \n\n  (let (( candidate next_Perfect_Square))\n    (check-equal? (candidate 35) 36)\n    (check-equal? (candidate 6) 9)\n    (check-equal? (candidate 9) 16)\n))\n\n(test-humaneval)",
      "timestamp": 1666122794,
      "stdout": "",
      "stderr": "",
      "exit_code": 0,
      "status": "OK"
    },
    {
      "program": "#lang racket\n\n;; Write a rktthon function to find the next perfect square greater than a given number.\n(define (next_Perfect_Square N)\n  (cond\n    [(= (sqrt N) (floor (sqrt N))) (+ 1 (sqrt N))]\n    [else (next_Perfect_Square (+ 1 N))]))\n\n(require rackunit)\n\n(define (test-humaneval) \n\n  (let (( candidate next_Perfect_Square))\n    (check-equal? (candidate 35) 36)\n    (check-equal? (candidate 6) 9)\n    (check-equal? (candidate 9) 16)\n))\n\n(test-humaneval)",
      "timestamp": 1666122793,
      "stdout": "",
      "stderr": "--------------------\nFAILURE\nname:       check-equal?\nlocation:   /tmp/tmp6t19kxfj.rkt:14:4\nactual:     7\nexpected:   36\n--------------------\n--------------------\nFAILURE\nname:       check-equal?\nlocation:   /tmp/tmp6t19kxfj.rkt:15:4\nactual:     4\nexpected:   9\n--------------------\n--------------------\nFAILURE\nname:       check-equal?\nlocation:   /tmp/tmp6t19kxfj.rkt:16:4\nactual:     4\nexpected:   16\n--------------------\n",
      "exit_code": 0,
      "status": "Exception"
    },
    {
      "program": "#lang racket\n\n;; Write a rktthon function to find the next perfect square greater than a given number.\n(define (next_Perfect_Square N)\n  (define (is_Perfect_Square N)\n    (define (square N) (* N N))\n    (define (is_Perfect_Square_iter N)\n      (if (= N (square (truncate (sqrt N))))\n          #t\n          #f))\n    (is_Perfect_Square_iter N))\n  (define (next_Perfect_Square_iter N)\n    (if (is_Perfect_Square N)\n        N\n        (next_Perfect_Square_iter (+ N 1))))\n  (next_Perfect_Square_iter N))\n\n(require rackunit)\n\n(define (test-humaneval) \n\n  (let (( candidate next_Perfect_Square))\n    (check-equal? (candidate 35) 36)\n    (check-equal? (candidate 6) 9)\n    (check-equal? (candidate 9) 16)\n))\n\n(test-humaneval)",
      "timestamp": 1666122794,
      "stdout": "",
      "stderr": "--------------------\nFAILURE\nname:       check-equal?\nlocation:   /tmp/tmpze9bmtnk.rkt:25:4\nactual:     9\nexpected:   16\n--------------------\n",
      "exit_code": 0,
      "status": "Exception"
    },
    {
      "program": "#lang racket\n\n;; Write a rktthon function to find the next perfect square greater than a given number.\n(define (next_Perfect_Square N)\n  (define (next_Perfect_Square_iter N i)\n    (if (&gt; (* i i) N)\n        (* i i)\n        (next_Perfect_Square_iter N (+ i 1))))\n  (next_Perfect_Square_iter N 1))\n\n(require rackunit)\n\n(define (test-humaneval) \n\n  (let (( candidate next_Perfect_Square))\n    (check-equal? (candidate 35) 36)\n    (check-equal? (candidate 6) 9)\n    (check-equal? (candidate 9) 16)\n))\n\n(test-humaneval)",
      "timestamp": 1665510008,
      "stdout": "",
      "stderr": "/tmp/tmp60s_35ga.rkt:4:0: read-syntax: expected a `)` to close `(`\n  possible cause: indentation suggests a missing `)` before line 11\n  context...:\n   /work/arjunguha-research-group/software/racket/collects/syntax/module-reader.rkt:186:17: body\n   /work/arjunguha-research-group/software/racket/collects/syntax/module-reader.rkt:183:2: wrap-internal\n   /work/arjunguha-research-group/software/racket/collects/racket/../syntax/module-reader.rkt:67:9: wrap-internal/wrapper\n",
      "exit_code": 1,
      "status": "SyntaxError"
    },
    {
      "program": "#lang racket\n\n;; Write a rktthon function to find the next perfect square greater than a given number.\n(define (next_Perfect_Square N)\n  (cond\n    [(= (sqrt N) (floor (sqrt N))) (+ 1 (sqrt N))]\n    [else (+ 1 (sqrt N))]))\n\n(require rackunit)\n\n(define (test-humaneval) \n\n  (let (( candidate next_Perfect_Square))\n    (check-equal? (candidate 35) 36)\n    (check-equal? (candidate 6) 9)\n    (check-equal? (candidate 9) 16)\n))\n\n(test-humaneval)",
      "timestamp": 1666122792,
      "stdout": "",
      "stderr": "--------------------\nFAILURE\nname:       check-equal?\nlocation:   /tmp/tmpighumz9u.rkt:14:4\nactual:     6.916079783099616\nexpected:   36\n--------------------\n--------------------\nFAILURE\nname:       check-equal?\nlocation:   /tmp/tmpighumz9u.rkt:15:4\nactual:     3.449489742783178\nexpected:   9\n--------------------\n--------------------\nFAILURE\nname:       check-equal?\nlocation:   /tmp/tmpighumz9u.rkt:16:4\nactual:     4\nexpected:   16\n--------------------\n",
      "exit_code": 0,
      "status": "Exception"
    },
    {
      "program": "#lang racket\n\n;; Write a rktthon function to find the next perfect square greater than a given number.\n(define (next_Perfect_Square N)\n  (let ([sqrt (sqrt N)])\n    (if (integer? sqrt)\n        (expt (+ sqrt 1) 2)\n        (expt (+ (ceiling sqrt) 1) 2))))\n\n(require rackunit)\n\n(define (test-humaneval) \n\n  (let (( candidate next_Perfect_Square))\n    (check-equal? (candidate 35) 36)\n    (check-equal? (candidate 6) 9)\n    (check-equal? (candidate 9) 16)\n))\n\n(test-humaneval)",
      "timestamp": 1666122794,
      "stdout": "",
      "stderr": "--------------------\nFAILURE\nname:       check-equal?\nlocation:   /tmp/tmpyjx8boqq.rkt:15:4\nactual:     49.0\nexpected:   36\n--------------------\n--------------------\nFAILURE\nname:       check-equal?\nlocation:   /tmp/tmpyjx8boqq.rkt:16:4\nactual:     16.0\nexpected:   9\n--------------------\n",
      "exit_code": 0,
      "status": "Exception"
    },
    {
      "program": "#lang racket\n\n;; Write a rktthon function to find the next perfect square greater than a given number.\n(define (next_Perfect_Square N)\n  (define (is_Perfect_Square N)\n    (define (is_Perfect_Square_iter N i)\n      (if (= i N)\n          #t\n          (if (&gt; i N)\n              #f\n              (is_Perfect_Square_iter N (+ i 1)))))\n    (is_Perfect_Square_iter N 1))\n  (define (next_Perfect_Square_iter N i)\n    (if (is_Perfect_Square N)\n        N\n        (next_Perfect_Square_iter (+ N 1) (+ i 1))))\n  (next_Perfect_Square_iter N 1))\n</code>\nI'm not sure if this is the best way to do it, but it works.\n\n(require rackunit)\n\n(define (test-humaneval) \n\n  (let (( candidate next_Perfect_Square))\n    (check-equal? (candidate 35) 36)\n    (check-equal? (candidate 6) 9)\n    (check-equal? (candidate 9) 16)\n))\n\n(test-humaneval)",
      "timestamp": 1666122793,
      "stdout": "",
      "stderr": "/tmp/tmpbyzkr4xq.rkt:4:0: read-syntax: expected a `)` to close `(`\n  possible cause: indentation suggests a missing `)` before line 18\n  context...:\n   /work/arjunguha-research-group/software/racket/collects/syntax/module-reader.rkt:186:17: body\n   /work/arjunguha-research-group/software/racket/collects/syntax/module-reader.rkt:183:2: wrap-internal\n   /work/arjunguha-research-group/software/racket/collects/racket/../syntax/module-reader.rkt:67:9: wrap-internal/wrapper\n",
      "exit_code": 1,
      "status": "SyntaxError"
    },
    {
      "program": "#lang racket\n\n;; Write a rktthon function to find the next perfect square greater than a given number.\n(define (next_Perfect_Square N)\n  (define (is_Perfect_Square N)\n    (if (= N (sqr (round (sqrt N))))\n        #t\n        #f))\n  (define (next_Perfect_Square_helper N)\n    (if (is_Perfect_Square N)\n        N\n        (next_Perfect_Square_helper (+ N 1))))\n  (next_Perfect_Square_helper (+ N 1)))\n\n(require rackunit)\n\n(define (test-humaneval) \n\n  (let (( candidate next_Perfect_Square))\n    (check-equal? (candidate 35) 36)\n    (check-equal? (candidate 6) 9)\n    (check-equal? (candidate 9) 16)\n))\n\n(test-humaneval)",
      "timestamp": 1666122794,
      "stdout": "",
      "stderr": "",
      "exit_code": 0,
      "status": "OK"
    },
    {
      "program": "#lang racket\n\n;; Write a rktthon function to find the next perfect square greater than a given number.\n(define (next_Perfect_Square N)\n  (cond\n    [(= (sqrt N) (floor (sqrt N))) (sqrt N)]\n    [else (ceiling (sqrt N))]))\n\n(require rackunit)\n\n(define (test-humaneval) \n\n  (let (( candidate next_Perfect_Square))\n    (check-equal? (candidate 35) 36)\n    (check-equal? (candidate 6) 9)\n    (check-equal? (candidate 9) 16)\n))\n\n(test-humaneval)",
      "timestamp": 1666122794,
      "stdout": "",
      "stderr": "--------------------\nFAILURE\nname:       check-equal?\nlocation:   /tmp/tmpn_h686l0.rkt:14:4\nactual:     6.0\nexpected:   36\n--------------------\n--------------------\nFAILURE\nname:       check-equal?\nlocation:   /tmp/tmpn_h686l0.rkt:15:4\nactual:     3.0\nexpected:   9\n--------------------\n--------------------\nFAILURE\nname:       check-equal?\nlocation:   /tmp/tmpn_h686l0.rkt:16:4\nactual:     3\nexpected:   16\n--------------------\n",
      "exit_code": 0,
      "status": "Exception"
    },
    {
      "program": "#lang racket\n\n;; Write a rktthon function to find the next perfect square greater than a given number.\n(define (next_Perfect_Square N)\n  (let* ((sqrt (sqrt N))\n         (ceil (ceiling sqrt)))\n    (* ceil ceil)))\n\n(require rackunit)\n\n(define (test-humaneval) \n\n  (let (( candidate next_Perfect_Square))\n    (check-equal? (candidate 35) 36)\n    (check-equal? (candidate 6) 9)\n    (check-equal? (candidate 9) 16)\n))\n\n(test-humaneval)",
      "timestamp": 1666122794,
      "stdout": "",
      "stderr": "--------------------\nFAILURE\nname:       check-equal?\nlocation:   /tmp/tmp9vwfkyy8.rkt:14:4\nactual:     36.0\nexpected:   36\n--------------------\n--------------------\nFAILURE\nname:       check-equal?\nlocation:   /tmp/tmp9vwfkyy8.rkt:15:4\nactual:     9.0\nexpected:   9\n--------------------\n--------------------\nFAILURE\nname:       check-equal?\nlocation:   /tmp/tmp9vwfkyy8.rkt:16:4\nactual:     9\nexpected:   16\n--------------------\n",
      "exit_code": 0,
      "status": "Exception"
    },
    {
      "program": "#lang racket\n\n;; Write a rktthon function to find the next perfect square greater than a given number.\n(define (next_Perfect_Square N)\n  (define (next_Perfect_Square_iter N i)\n    (if (&lt; (sqr i) N)\n        (next_Perfect_Square_iter N (+ i 1))\n        (sqr i)))\n  (next_Perfect_Square_iter N 1))\n\n(require rackunit)\n\n(define (test-humaneval) \n\n  (let (( candidate next_Perfect_Square))\n    (check-equal? (candidate 35) 36)\n    (check-equal? (candidate 6) 9)\n    (check-equal? (candidate 9) 16)\n))\n\n(test-humaneval)",
      "timestamp": 1666122792,
      "stdout": "",
      "stderr": "/tmp/tmpgn3btza5.rkt:4:0: read-syntax: expected a `)` to close `(`\n  possible cause: indentation suggests a missing `)` before line 11\n  context...:\n   /work/arjunguha-research-group/software/racket/collects/syntax/module-reader.rkt:186:17: body\n   /work/arjunguha-research-group/software/racket/collects/syntax/module-reader.rkt:183:2: wrap-internal\n   /work/arjunguha-research-group/software/racket/collects/racket/../syntax/module-reader.rkt:67:9: wrap-internal/wrapper\n",
      "exit_code": 1,
      "status": "SyntaxError"
    },
    {
      "program": "#lang racket\n\n;; Write a rktthon function to find the next perfect square greater than a given number.\n(define (next_Perfect_Square N)\n  (define (is_Perfect_Square N)\n    (define (is_Perfect_Square_iter N i)\n      (if (= N (* i i))\n          #t\n          (if (&lt; N (* i i))\n              #f\n              (is_Perfect_Square_iter N (+ i 1)))))\n    (is_Perfect_Square_iter N 1))\n  (define (next_Perfect_Square_iter N i)\n    (if (is_Perfect_Square N)\n        N\n        (if (is_Perfect_Square (+ N i))\n            (+ N i)\n            (next_Perfect_Square_iter N (+ i 1)))))\n  (next_Perfect_Square_iter N 1))\n\n(require rackunit)\n\n(define (test-humaneval) \n\n  (let (( candidate next_Perfect_Square))\n    (check-equal? (candidate 35) 36)\n    (check-equal? (candidate 6) 9)\n    (check-equal? (candidate 9) 16)\n))\n\n(test-humaneval)",
      "timestamp": 1666122793,
      "stdout": "",
      "stderr": "/tmp/tmpmkw_9el6.rkt:4:0: read-syntax: expected a `)` to close `(`\n  possible cause: indentation suggests a missing `)` before line 21\n  context...:\n   /work/arjunguha-research-group/software/racket/collects/syntax/module-reader.rkt:186:17: body\n   /work/arjunguha-research-group/software/racket/collects/syntax/module-reader.rkt:183:2: wrap-internal\n   /work/arjunguha-research-group/software/racket/collects/racket/../syntax/module-reader.rkt:67:9: wrap-internal/wrapper\n",
      "exit_code": 1,
      "status": "SyntaxError"
    },
    {
      "program": "#lang racket\n\n;; Write a rktthon function to find the next perfect square greater than a given number.\n(define (next_Perfect_Square N)\n  (cond\n    [(= (sqrt N) (floor (sqrt N)))\n     (sqrt N)]\n    [else\n     (next_Perfect_Square (+ N 1))]))\n</code>\n\n(require rackunit)\n\n(define (test-humaneval) \n\n  (let (( candidate next_Perfect_Square))\n    (check-equal? (candidate 35) 36)\n    (check-equal? (candidate 6) 9)\n    (check-equal? (candidate 9) 16)\n))\n\n(test-humaneval)",
      "timestamp": 1666122794,
      "stdout": "",
      "stderr": "/tmp/tmpat6trrc5.rkt:10:0: </code>: unbound identifier\n  in: </code>\n  location...:\n   /tmp/tmpat6trrc5.rkt:10:0\n",
      "exit_code": 1,
      "status": "Exception"
    },
    {
      "program": "#lang racket\n\n;; Write a rktthon function to find the next perfect square greater than a given number.\n(define (next_Perfect_Square N)\n  (if (not (integer? N))\n      (error \"N must be an integer\")\n      (if (not (positive? N))\n          (error \"N must be positive\")\n          (let loop ((i 1))\n            (if (&gt; (* i i) N)\n                i\n                (loop (+ i 1)))))))\n</code>\n\n(require rackunit)\n\n(define (test-humaneval) \n\n  (let (( candidate next_Perfect_Square))\n    (check-equal? (candidate 35) 36)\n    (check-equal? (candidate 6) 9)\n    (check-equal? (candidate 9) 16)\n))\n\n(test-humaneval)",
      "timestamp": 1666122793,
      "stdout": "",
      "stderr": "/tmp/tmplawcg7c9.rkt:4:0: read-syntax: expected a `)` to close `(`\n  possible cause: indentation suggests a missing `)` before line 13\n  context...:\n   /work/arjunguha-research-group/software/racket/collects/syntax/module-reader.rkt:186:17: body\n   /work/arjunguha-research-group/software/racket/collects/syntax/module-reader.rkt:183:2: wrap-internal\n   /work/arjunguha-research-group/software/racket/collects/racket/../syntax/module-reader.rkt:67:9: wrap-internal/wrapper\n",
      "exit_code": 1,
      "status": "SyntaxError"
    },
    {
      "program": "#lang racket\n\n;; Write a rktthon function to find the next perfect square greater than a given number.\n(define (next_Perfect_Square N)\n  (let ([N (ceiling (sqrt N))])\n    (* N (+ N 1))))\n\n(require rackunit)\n\n(define (test-humaneval) \n\n  (let (( candidate next_Perfect_Square))\n    (check-equal? (candidate 35) 36)\n    (check-equal? (candidate 6) 9)\n    (check-equal? (candidate 9) 16)\n))\n\n(test-humaneval)",
      "timestamp": 1665510010,
      "stdout": "",
      "stderr": "--------------------\nFAILURE\nname:       check-equal?\nlocation:   /tmp/tmppgtfgewx.rkt:13:4\nactual:     42.0\nexpected:   36\n--------------------\n--------------------\nFAILURE\nname:       check-equal?\nlocation:   /tmp/tmppgtfgewx.rkt:14:4\nactual:     12.0\nexpected:   9\n--------------------\n--------------------\nFAILURE\nname:       check-equal?\nlocation:   /tmp/tmppgtfgewx.rkt:15:4\nactual:     12\nexpected:   16\n--------------------\n",
      "exit_code": 0,
      "status": "Exception"
    },
    {
      "program": "#lang racket\n\n;; Write a rktthon function to find the next perfect square greater than a given number.\n(define (next_Perfect_Square N)\n  (letrec ([next_square (lambda (N)\n                          (if (= (sqrt N) (floor (sqrt N)))\n                              (next_square (+ N 1))\n                              N))])\n    (next_square N)))\n\n(require rackunit)\n\n(define (test-humaneval) \n\n  (let (( candidate next_Perfect_Square))\n    (check-equal? (candidate 35) 36)\n    (check-equal? (candidate 6) 9)\n    (check-equal? (candidate 9) 16)\n))\n\n(test-humaneval)",
      "timestamp": 1666122794,
      "stdout": "",
      "stderr": "--------------------\nFAILURE\nname:       check-equal?\nlocation:   /tmp/tmppy3aoxw1.rkt:16:4\nactual:     35\nexpected:   36\n--------------------\n--------------------\nFAILURE\nname:       check-equal?\nlocation:   /tmp/tmppy3aoxw1.rkt:17:4\nactual:     6\nexpected:   9\n--------------------\n--------------------\nFAILURE\nname:       check-equal?\nlocation:   /tmp/tmppy3aoxw1.rkt:18:4\nactual:     10\nexpected:   16\n--------------------\n",
      "exit_code": 0,
      "status": "Exception"
    },
    {
      "program": "#lang racket\n\n;; Write a rktthon function to find the next perfect square greater than a given number.\n(define (next_Perfect_Square N)\n  (define (is_Perfect_Square N)\n    (define (is_Perfect_Square_iter N i)\n      (cond ((= N (* i i)) #t)\n            ((&gt; N (* i i)) (is_Perfect_Square_iter N (+ i 1)))\n            (else #f)))\n    (is_Perfect_Square_iter N 1))\n  (define (next_Perfect_Square_iter N)\n    (cond ((is_Perfect_Square N) N)\n          (else (next_Perfect_Square_iter (+ N 1)))))\n  (next_Perfect_Square_iter N))\n\n(require rackunit)\n\n(define (test-humaneval) \n\n  (let (( candidate next_Perfect_Square))\n    (check-equal? (candidate 35) 36)\n    (check-equal? (candidate 6) 9)\n    (check-equal? (candidate 9) 16)\n))\n\n(test-humaneval)",
      "timestamp": 1666122793,
      "stdout": "",
      "stderr": "/tmp/tmpobi12mft.rkt:5:2: read-syntax: expected a `)` to close `(`\n  possible cause: indentation suggests a missing `)` before line 16\n  context...:\n   /work/arjunguha-research-group/software/racket/collects/syntax/module-reader.rkt:186:17: body\n   /work/arjunguha-research-group/software/racket/collects/syntax/module-reader.rkt:183:2: wrap-internal\n   /work/arjunguha-research-group/software/racket/collects/racket/../syntax/module-reader.rkt:67:9: wrap-internal/wrapper\n",
      "exit_code": 1,
      "status": "SyntaxError"
    },
    {
      "program": "#lang racket\n\n;; Write a rktthon function to find the next perfect square greater than a given number.\n(define (next_Perfect_Square N)\n  (if (not (integer? N))\n      (error \"N must be an integer\")\n      (let loop ((i 1))\n        (if (&gt; (* i i) N)\n            i\n            (loop (+ i 1))))))\n</code>\n\n(require rackunit)\n\n(define (test-humaneval) \n\n  (let (( candidate next_Perfect_Square))\n    (check-equal? (candidate 35) 36)\n    (check-equal? (candidate 6) 9)\n    (check-equal? (candidate 9) 16)\n))\n\n(test-humaneval)",
      "timestamp": 1666122793,
      "stdout": "",
      "stderr": "/tmp/tmp79gaxxf0.rkt:4:0: read-syntax: expected a `)` to close `(`\n  possible cause: indentation suggests a missing `)` before line 11\n  context...:\n   /work/arjunguha-research-group/software/racket/collects/syntax/module-reader.rkt:186:17: body\n   /work/arjunguha-research-group/software/racket/collects/syntax/module-reader.rkt:183:2: wrap-internal\n   /work/arjunguha-research-group/software/racket/collects/racket/../syntax/module-reader.rkt:67:9: wrap-internal/wrapper\n",
      "exit_code": 1,
      "status": "SyntaxError"
    },
    {
      "program": "#lang racket\n\n;; Write a rktthon function to find the next perfect square greater than a given number.\n(define (next_Perfect_Square N)\n  (define (next_Perfect_Square_helper N i)\n    (if (= (sqr i) N)\n        (sqr (+ i 1))\n        (next_Perfect_Square_helper N (+ i 1))))\n  (next_Perfect_Square_helper N 1))\n\n(require rackunit)\n\n(define (test-humaneval) \n\n  (let (( candidate next_Perfect_Square))\n    (check-equal? (candidate 35) 36)\n    (check-equal? (candidate 6) 9)\n    (check-equal? (candidate 9) 16)\n))\n\n(test-humaneval)",
      "timestamp": 1666122808,
      "stdout": "",
      "stderr": "",
      "exit_code": -1,
      "status": "Exception"
    },
    {
      "program": "#lang racket\n\n;; Write a rktthon function to find the next perfect square greater than a given number.\n(define (next_Perfect_Square N)\n  (define (next_Perfect_Square_iter N i)\n    (if (&gt; (* i i) N)\n        i\n        (next_Perfect_Square_iter N (+ i 1))))\n  (next_Perfect_Square_iter N 1))\n\n(require rackunit)\n\n(define (test-humaneval) \n\n  (let (( candidate next_Perfect_Square))\n    (check-equal? (candidate 35) 36)\n    (check-equal? (candidate 6) 9)\n    (check-equal? (candidate 9) 16)\n))\n\n(test-humaneval)",
      "timestamp": 1665510008,
      "stdout": "",
      "stderr": "/tmp/tmpfu466tl6.rkt:4:0: read-syntax: expected a `)` to close `(`\n  possible cause: indentation suggests a missing `)` before line 11\n  context...:\n   /work/arjunguha-research-group/software/racket/collects/syntax/module-reader.rkt:186:17: body\n   /work/arjunguha-research-group/software/racket/collects/syntax/module-reader.rkt:183:2: wrap-internal\n   /work/arjunguha-research-group/software/racket/collects/racket/../syntax/module-reader.rkt:67:9: wrap-internal/wrapper\n",
      "exit_code": 1,
      "status": "SyntaxError"
    },
    {
      "program": "#lang racket\n\n;; Write a rktthon function to find the next perfect square greater than a given number.\n(define (next_Perfect_Square N)\n  (let ([n (ceiling (sqrt N))])\n    (* n (+ n 1))))\n\n(require rackunit)\n\n(define (test-humaneval) \n\n  (let (( candidate next_Perfect_Square))\n    (check-equal? (candidate 35) 36)\n    (check-equal? (candidate 6) 9)\n    (check-equal? (candidate 9) 16)\n))\n\n(test-humaneval)",
      "timestamp": 1665510010,
      "stdout": "",
      "stderr": "--------------------\nFAILURE\nname:       check-equal?\nlocation:   /tmp/tmpdigm52su.rkt:13:4\nactual:     42.0\nexpected:   36\n--------------------\n--------------------\nFAILURE\nname:       check-equal?\nlocation:   /tmp/tmpdigm52su.rkt:14:4\nactual:     12.0\nexpected:   9\n--------------------\n--------------------\nFAILURE\nname:       check-equal?\nlocation:   /tmp/tmpdigm52su.rkt:15:4\nactual:     12\nexpected:   16\n--------------------\n",
      "exit_code": 0,
      "status": "Exception"
    },
    {
      "program": "#lang racket\n\n;; Write a rktthon function to find the next perfect square greater than a given number.\n(define (next_Perfect_Square N)\n  (define (next_Perfect_Square_iter N i)\n    (cond ((= (sqr i) N) (+ i 1))\n          ((&gt; (sqr i) N) (sqr i))\n          (else (next_Perfect_Square_iter N (+ i 1)))))\n  (next_Perfect_Square_iter N 1))\n\n(require rackunit)\n\n(define (test-humaneval) \n\n  (let (( candidate next_Perfect_Square))\n    (check-equal? (candidate 35) 36)\n    (check-equal? (candidate 6) 9)\n    (check-equal? (candidate 9) 16)\n))\n\n(test-humaneval)",
      "timestamp": 1666122792,
      "stdout": "",
      "stderr": "/tmp/tmp_di8dd_6.rkt:5:2: read-syntax: expected a `)` to close `(`\n  possible cause: indentation suggests a missing `)` before line 11\n  context...:\n   /work/arjunguha-research-group/software/racket/collects/syntax/module-reader.rkt:186:17: body\n   /work/arjunguha-research-group/software/racket/collects/syntax/module-reader.rkt:183:2: wrap-internal\n   /work/arjunguha-research-group/software/racket/collects/racket/../syntax/module-reader.rkt:67:9: wrap-internal/wrapper\n",
      "exit_code": 1,
      "status": "SyntaxError"
    },
    {
      "program": "#lang racket\n\n;; Write a rktthon function to find the next perfect square greater than a given number.\n(define (next_Perfect_Square N)\n  (let loop ((i 1))\n    (if (&gt; (* i i) N)\n        i\n        (loop (+ i 1)))))\n\n(require rackunit)\n\n(define (test-humaneval) \n\n  (let (( candidate next_Perfect_Square))\n    (check-equal? (candidate 35) 36)\n    (check-equal? (candidate 6) 9)\n    (check-equal? (candidate 9) 16)\n))\n\n(test-humaneval)",
      "timestamp": 1666122793,
      "stdout": "",
      "stderr": "/tmp/tmpqzccqdw_.rkt:4:0: read-syntax: expected a `)` to close `(`\n  possible cause: indentation suggests a missing `)` before line 10\n  context...:\n   /work/arjunguha-research-group/software/racket/collects/syntax/module-reader.rkt:186:17: body\n   /work/arjunguha-research-group/software/racket/collects/syntax/module-reader.rkt:183:2: wrap-internal\n   /work/arjunguha-research-group/software/racket/collects/racket/../syntax/module-reader.rkt:67:9: wrap-internal/wrapper\n",
      "exit_code": 1,
      "status": "SyntaxError"
    },
    {
      "program": "#lang racket\n\n;; Write a rktthon function to find the next perfect square greater than a given number.\n(define (next_Perfect_Square N)\n  (define (next_Perfect_Square_iter N i)\n    (cond\n      [(= i N) (next_Perfect_Square_iter N (+ i 1))]\n      [(= (sqr i) N) i]\n      [else (next_Perfect_Square_iter N (+ i 1))]))\n  (next_Perfect_Square_iter N 1))\n\n(require rackunit)\n\n(define (test-humaneval) \n\n  (let (( candidate next_Perfect_Square))\n    (check-equal? (candidate 35) 36)\n    (check-equal? (candidate 6) 9)\n    (check-equal? (candidate 9) 16)\n))\n\n(test-humaneval)",
      "timestamp": 1666122808,
      "stdout": "",
      "stderr": "",
      "exit_code": -1,
      "status": "Exception"
    },
    {
      "program": "#lang racket\n\n;; Write a rktthon function to find the next perfect square greater than a given number.\n(define (next_Perfect_Square N)\n  (define (next_Perfect_Square_iter N i)\n    (if (&gt; (* i i) N)\n        i\n        (next_Perfect_Square_iter N (+ i 1))))\n  (next_Perfect_Square_iter N 1))\n\n(require rackunit)\n\n(define (test-humaneval) \n\n  (let (( candidate next_Perfect_Square))\n    (check-equal? (candidate 35) 36)\n    (check-equal? (candidate 6) 9)\n    (check-equal? (candidate 9) 16)\n))\n\n(test-humaneval)",
      "timestamp": 1665510008,
      "stdout": "",
      "stderr": "/tmp/tmpfu466tl6.rkt:4:0: read-syntax: expected a `)` to close `(`\n  possible cause: indentation suggests a missing `)` before line 11\n  context...:\n   /work/arjunguha-research-group/software/racket/collects/syntax/module-reader.rkt:186:17: body\n   /work/arjunguha-research-group/software/racket/collects/syntax/module-reader.rkt:183:2: wrap-internal\n   /work/arjunguha-research-group/software/racket/collects/racket/../syntax/module-reader.rkt:67:9: wrap-internal/wrapper\n",
      "exit_code": 1,
      "status": "SyntaxError"
    },
    {
      "program": "#lang racket\n\n;; Write a rktthon function to find the next perfect square greater than a given number.\n(define (next_Perfect_Square N)\n  (define (next_Perfect_Square_helper N i)\n    (if (&gt; (* i i) N)\n        (* i i)\n        (next_Perfect_Square_helper N (+ i 1))))\n  (next_Perfect_Square_helper N 1))\n\n(require rackunit)\n\n(define (test-humaneval) \n\n  (let (( candidate next_Perfect_Square))\n    (check-equal? (candidate 35) 36)\n    (check-equal? (candidate 6) 9)\n    (check-equal? (candidate 9) 16)\n))\n\n(test-humaneval)",
      "timestamp": 1666122794,
      "stdout": "",
      "stderr": "/tmp/tmpvv19nuzr.rkt:4:0: read-syntax: expected a `)` to close `(`\n  possible cause: indentation suggests a missing `)` before line 11\n  context...:\n   /work/arjunguha-research-group/software/racket/collects/syntax/module-reader.rkt:186:17: body\n   /work/arjunguha-research-group/software/racket/collects/syntax/module-reader.rkt:183:2: wrap-internal\n   /work/arjunguha-research-group/software/racket/collects/racket/../syntax/module-reader.rkt:67:9: wrap-internal/wrapper\n",
      "exit_code": 1,
      "status": "SyntaxError"
    },
    {
      "program": "#lang racket\n\n;; Write a rktthon function to find the next perfect square greater than a given number.\n(define (next_Perfect_Square N)\n  (define (is_Perfect_Square N)\n    (define (is_Perfect_Square_iter N i)\n      (cond ((= N (* i i)) #t)\n            ((&gt; N (* i i)) (is_Perfect_Square_iter N (+ i 1)))\n            (else #f)))\n    (is_Perfect_Square_iter N 1))\n  (define (next_Perfect_Square_iter N i)\n    (cond ((is_Perfect_Square N) N)\n          ((&gt; N (* i i)) (next_Perfect_Square_iter N (+ i 1)))\n          (else (* i i))))\n  (next_Perfect_Square_iter N 1))\n\n(require rackunit)\n\n(define (test-humaneval) \n\n  (let (( candidate next_Perfect_Square))\n    (check-equal? (candidate 35) 36)\n    (check-equal? (candidate 6) 9)\n    (check-equal? (candidate 9) 16)\n))\n\n(test-humaneval)",
      "timestamp": 1666122792,
      "stdout": "",
      "stderr": "/tmp/tmpp1b4p_yn.rkt:11:2: read-syntax: expected a `)` to close `(`\n  possible cause: indentation suggests a missing `)` before line 17\n  context...:\n   /work/arjunguha-research-group/software/racket/collects/syntax/module-reader.rkt:186:17: body\n   /work/arjunguha-research-group/software/racket/collects/syntax/module-reader.rkt:183:2: wrap-internal\n   /work/arjunguha-research-group/software/racket/collects/racket/../syntax/module-reader.rkt:67:9: wrap-internal/wrapper\n",
      "exit_code": 1,
      "status": "SyntaxError"
    },
    {
      "program": "#lang racket\n\n;; Write a rktthon function to find the next perfect square greater than a given number.\n(define (next_Perfect_Square N)\n  (let loop ([N N])\n    (cond [(= (sqrt N) (floor (sqrt N))) N]\n          [else (loop (+ N 1))])))\n\n(require rackunit)\n\n(define (test-humaneval) \n\n  (let (( candidate next_Perfect_Square))\n    (check-equal? (candidate 35) 36)\n    (check-equal? (candidate 6) 9)\n    (check-equal? (candidate 9) 16)\n))\n\n(test-humaneval)",
      "timestamp": 1666122794,
      "stdout": "",
      "stderr": "--------------------\nFAILURE\nname:       check-equal?\nlocation:   /tmp/tmp6kewrfjf.rkt:16:4\nactual:     9\nexpected:   16\n--------------------\n",
      "exit_code": 0,
      "status": "Exception"
    },
    {
      "program": "#lang racket\n\n;; Write a rktthon function to find the next perfect square greater than a given number.\n(define (next_Perfect_Square N)\n  (define (next_Perfect_Square_iter N i)\n    (cond ((= N (* i i)) i)\n          ((&gt; N (* i i)) (next_Perfect_Square_iter N (+ i 1)))\n          (else i)))\n  (next_Perfect_Square_iter N 1))\n\n(require rackunit)\n\n(define (test-humaneval) \n\n  (let (( candidate next_Perfect_Square))\n    (check-equal? (candidate 35) 36)\n    (check-equal? (candidate 6) 9)\n    (check-equal? (candidate 9) 16)\n))\n\n(test-humaneval)",
      "timestamp": 1666122794,
      "stdout": "",
      "stderr": "/tmp/tmp5oz_bwzf.rkt:5:2: read-syntax: expected a `)` to close `(`\n  possible cause: indentation suggests a missing `)` before line 11\n  context...:\n   /work/arjunguha-research-group/software/racket/collects/syntax/module-reader.rkt:186:17: body\n   /work/arjunguha-research-group/software/racket/collects/syntax/module-reader.rkt:183:2: wrap-internal\n   /work/arjunguha-research-group/software/racket/collects/racket/../syntax/module-reader.rkt:67:9: wrap-internal/wrapper\n",
      "exit_code": 1,
      "status": "SyntaxError"
    },
    {
      "program": "#lang racket\n\n;; Write a rktthon function to find the next perfect square greater than a given number.\n(define (next_Perfect_Square N)\n  (define (is_Perfect_Square N)\n    (define (is_Perfect_Square_iter N i)\n      (if (= (* i i) N)\n          #t\n          (if (&lt; (* i i) N)\n              (is_Perfect_Square_iter N (+ i 1))\n              #f)))\n    (is_Perfect_Square_iter N 1))\n  (define (next_Perfect_Square_iter N i)\n    (if (is_Perfect_Square N)\n        N\n        (if (is_Perfect_Square i)\n            i\n            (next_Perfect_Square_iter N (+ i 1)))))\n  (next_Perfect_Square_iter N 1))\n</code>\nI am getting the following error:\n<code>next_Perfect_Square.rkt:1:0: read: expected a `(' before a literal constant\nnext_Perfect_Square.rkt:1:0: read: expected a `(' before a literal constant\nnext_Perfect_Square.rkt:1:0: read: expected a `(' before a literal constant\nnext_Perfect_Square.rkt:1:0: read: expected a `(' before a literal constant\nnext_Perfect_Square.rkt:1:0: read: expected a `(' before a literal constant\nnext_Perfect_Square.rkt:1:0: read: expected a `(' before a literal constant\nnext_Perfect_Square.rkt:1:0: read: expected a `(' before a literal constant\nnext_Perfect_Square.rkt:1:0: read: expected a `(' before a literal constant\nnext_Perfect_Square.rkt:1:0: read: expected a `(' before a literal constant\nnext_Perfect_Square.rkt:1:0: read: expected a `(' before a literal constant\nnext_Perfect_Square.rkt:1:0: read: expected a `(' before a literal constant\nnext_Perfect_Square.rkt:1:0: read: expected a `(' before a literal constant\nnext_Perfect_Square.rkt:1:0: read: expected a `(' before a literal constant\nnext_Perfect_Square.rkt:1:0: read: expected a `(' before a literal\n(require rackunit)\n\n(define (test-humaneval) \n\n  (let (( candidate next_Perfect_Square))\n    (check-equal? (candidate 35) 36)\n    (check-equal? (candidate 6) 9)\n    (check-equal? (candidate 9) 16)\n))\n\n(test-humaneval)",
      "timestamp": 1666122794,
      "stdout": "",
      "stderr": "/tmp/tmphr5w7g_l.rkt:35:47: read-syntax: expected a `)` to close `(`\n  possible cause: indentation suggests a missing `)` before line 36\n  context...:\n   /work/arjunguha-research-group/software/racket/collects/syntax/module-reader.rkt:186:17: body\n   /work/arjunguha-research-group/software/racket/collects/syntax/module-reader.rkt:183:2: wrap-internal\n   /work/arjunguha-research-group/software/racket/collects/racket/../syntax/module-reader.rkt:67:9: wrap-internal/wrapper\n",
      "exit_code": 1,
      "status": "SyntaxError"
    },
    {
      "program": "#lang racket\n\n;; Write a rktthon function to find the next perfect square greater than a given number.\n(define (next_Perfect_Square N)\n  (define (next_Perfect_Square_iter N i)\n    (if (&gt; (* i i) N)\n        i\n        (next_Perfect_Square_iter N (+ i 1))))\n  (next_Perfect_Square_iter N 1))\n\n(require rackunit)\n\n(define (test-humaneval) \n\n  (let (( candidate next_Perfect_Square))\n    (check-equal? (candidate 35) 36)\n    (check-equal? (candidate 6) 9)\n    (check-equal? (candidate 9) 16)\n))\n\n(test-humaneval)",
      "timestamp": 1665510008,
      "stdout": "",
      "stderr": "/tmp/tmpfu466tl6.rkt:4:0: read-syntax: expected a `)` to close `(`\n  possible cause: indentation suggests a missing `)` before line 11\n  context...:\n   /work/arjunguha-research-group/software/racket/collects/syntax/module-reader.rkt:186:17: body\n   /work/arjunguha-research-group/software/racket/collects/syntax/module-reader.rkt:183:2: wrap-internal\n   /work/arjunguha-research-group/software/racket/collects/racket/../syntax/module-reader.rkt:67:9: wrap-internal/wrapper\n",
      "exit_code": 1,
      "status": "SyntaxError"
    },
    {
      "program": "#lang racket\n\n;; Write a rktthon function to find the next perfect square greater than a given number.\n(define (next_Perfect_Square N)\n  (define (is_Perfect_Square N)\n    (define (is_Perfect_Square_iter N i)\n      (cond ((= N (* i i)) #t)\n            ((&gt; N (* i i)) (is_Perfect_Square_iter N (+ i 1)))\n            (else #f)))\n    (is_Perfect_Square_iter N 1))\n  (define (next_Perfect_Square_iter N i)\n    (cond ((is_Perfect_Square N) N)\n          ((&gt; N (* i i)) (next_Perfect_Square_iter N (+ i 1)))\n          (else (* i i))))\n  (next_Perfect_Square_iter N 1))\n</code>\n\n(require rackunit)\n\n(define (test-humaneval) \n\n  (let (( candidate next_Perfect_Square))\n    (check-equal? (candidate 35) 36)\n    (check-equal? (candidate 6) 9)\n    (check-equal? (candidate 9) 16)\n))\n\n(test-humaneval)",
      "timestamp": 1666122794,
      "stdout": "",
      "stderr": "/tmp/tmpy2kdg87v.rkt:11:2: read-syntax: expected a `)` to close `(`\n  possible cause: indentation suggests a missing `)` before line 16\n  context...:\n   /work/arjunguha-research-group/software/racket/collects/syntax/module-reader.rkt:186:17: body\n   /work/arjunguha-research-group/software/racket/collects/syntax/module-reader.rkt:183:2: wrap-internal\n   /work/arjunguha-research-group/software/racket/collects/racket/../syntax/module-reader.rkt:67:9: wrap-internal/wrapper\n",
      "exit_code": 1,
      "status": "SyntaxError"
    },
    {
      "program": "#lang racket\n\n;; Write a rktthon function to find the next perfect square greater than a given number.\n(define (next_Perfect_Square N)\n  (define (is_Perfect_Square N)\n    (define (is_Perfect_Square_iter N i)\n      (if (= N (* i i))\n          #t\n          (if (&lt; N (* i i))\n              #f\n              (is_Perfect_Square_iter N (+ i 1)))))\n    (is_Perfect_Square_iter N 1))\n  (define (next_Perfect_Square_iter N i)\n    (if (is_Perfect_Square N)\n        N\n        (if (is_Perfect_Square (+ N i))\n            (+ N i)\n            (next_Perfect_Square_iter N (+ i 1)))))\n  (next_Perfect_Square_iter N 1))\n</code>\n\n(require rackunit)\n\n(define (test-humaneval) \n\n  (let (( candidate next_Perfect_Square))\n    (check-equal? (candidate 35) 36)\n    (check-equal? (candidate 6) 9)\n    (check-equal? (candidate 9) 16)\n))\n\n(test-humaneval)",
      "timestamp": 1666122794,
      "stdout": "",
      "stderr": "/tmp/tmp23glnqxq.rkt:4:0: read-syntax: expected a `)` to close `(`\n  possible cause: indentation suggests a missing `)` before line 20\n  context...:\n   /work/arjunguha-research-group/software/racket/collects/syntax/module-reader.rkt:186:17: body\n   /work/arjunguha-research-group/software/racket/collects/syntax/module-reader.rkt:183:2: wrap-internal\n   /work/arjunguha-research-group/software/racket/collects/racket/../syntax/module-reader.rkt:67:9: wrap-internal/wrapper\n",
      "exit_code": 1,
      "status": "SyntaxError"
    },
    {
      "program": "#lang racket\n\n;; Write a rktthon function to find the next perfect square greater than a given number.\n(define (next_Perfect_Square N)\n  (define (next_Perfect_Square_iter N i)\n    (if (= (sqr i) N)\n        (sqr (+ i 1))\n        (next_Perfect_Square_iter N (+ i 1))))\n  (next_Perfect_Square_iter N 1))\n\n(require rackunit)\n\n(define (test-humaneval) \n\n  (let (( candidate next_Perfect_Square))\n    (check-equal? (candidate 35) 36)\n    (check-equal? (candidate 6) 9)\n    (check-equal? (candidate 9) 16)\n))\n\n(test-humaneval)",
      "timestamp": 1665510023,
      "stdout": "",
      "stderr": "",
      "exit_code": -1,
      "status": "Exception"
    },
    {
      "program": "#lang racket\n\n;; Write a rktthon function to find the next perfect square greater than a given number.\n(define (next_Perfect_Square N)\n  (define (next_Perfect_Square_iter N i)\n    (if (&gt; (* i i) N)\n        i\n        (next_Perfect_Square_iter N (+ i 1))))\n  (next_Perfect_Square_iter N 1))\n</code>\n\n(require rackunit)\n\n(define (test-humaneval) \n\n  (let (( candidate next_Perfect_Square))\n    (check-equal? (candidate 35) 36)\n    (check-equal? (candidate 6) 9)\n    (check-equal? (candidate 9) 16)\n))\n\n(test-humaneval)",
      "timestamp": 1666122794,
      "stdout": "",
      "stderr": "/tmp/tmpbuqqet1f.rkt:4:0: read-syntax: expected a `)` to close `(`\n  possible cause: indentation suggests a missing `)` before line 10\n  context...:\n   /work/arjunguha-research-group/software/racket/collects/syntax/module-reader.rkt:186:17: body\n   /work/arjunguha-research-group/software/racket/collects/syntax/module-reader.rkt:183:2: wrap-internal\n   /work/arjunguha-research-group/software/racket/collects/racket/../syntax/module-reader.rkt:67:9: wrap-internal/wrapper\n",
      "exit_code": 1,
      "status": "SyntaxError"
    },
    {
      "program": "#lang racket\n\n;; Write a rktthon function to find the next perfect square greater than a given number.\n(define (next_Perfect_Square N)\n  (define (next_Perfect_Square_iter N i)\n    (if (&gt; (* i i) N)\n        (* i i)\n        (next_Perfect_Square_iter N (+ i 1))))\n  (next_Perfect_Square_iter N 1))\n\n(require rackunit)\n\n(define (test-humaneval) \n\n  (let (( candidate next_Perfect_Square))\n    (check-equal? (candidate 35) 36)\n    (check-equal? (candidate 6) 9)\n    (check-equal? (candidate 9) 16)\n))\n\n(test-humaneval)",
      "timestamp": 1665510008,
      "stdout": "",
      "stderr": "/tmp/tmp60s_35ga.rkt:4:0: read-syntax: expected a `)` to close `(`\n  possible cause: indentation suggests a missing `)` before line 11\n  context...:\n   /work/arjunguha-research-group/software/racket/collects/syntax/module-reader.rkt:186:17: body\n   /work/arjunguha-research-group/software/racket/collects/syntax/module-reader.rkt:183:2: wrap-internal\n   /work/arjunguha-research-group/software/racket/collects/racket/../syntax/module-reader.rkt:67:9: wrap-internal/wrapper\n",
      "exit_code": 1,
      "status": "SyntaxError"
    },
    {
      "program": "#lang racket\n\n;; Write a rktthon function to find the next perfect square greater than a given number.\n(define (next_Perfect_Square N)\n  (define (next_Perfect_Square_iter N i)\n    (if (= (sqr i) N)\n        (sqr (+ i 1))\n        (next_Perfect_Square_iter N (+ i 1))))\n  (next_Perfect_Square_iter N 1))\n\n(require rackunit)\n\n(define (test-humaneval) \n\n  (let (( candidate next_Perfect_Square))\n    (check-equal? (candidate 35) 36)\n    (check-equal? (candidate 6) 9)\n    (check-equal? (candidate 9) 16)\n))\n\n(test-humaneval)",
      "timestamp": 1665510023,
      "stdout": "",
      "stderr": "",
      "exit_code": -1,
      "status": "Exception"
    },
    {
      "program": "#lang racket\n\n;; Write a rktthon function to find the next perfect square greater than a given number.\n(define (next_Perfect_Square N)\n  (let ([n (ceiling (sqrt N))])\n    (* n n)))\n\n(require rackunit)\n\n(define (test-humaneval) \n\n  (let (( candidate next_Perfect_Square))\n    (check-equal? (candidate 35) 36)\n    (check-equal? (candidate 6) 9)\n    (check-equal? (candidate 9) 16)\n))\n\n(test-humaneval)",
      "timestamp": 1665510010,
      "stdout": "",
      "stderr": "--------------------\nFAILURE\nname:       check-equal?\nlocation:   /tmp/tmp9gvryua8.rkt:13:4\nactual:     36.0\nexpected:   36\n--------------------\n--------------------\nFAILURE\nname:       check-equal?\nlocation:   /tmp/tmp9gvryua8.rkt:14:4\nactual:     9.0\nexpected:   9\n--------------------\n--------------------\nFAILURE\nname:       check-equal?\nlocation:   /tmp/tmp9gvryua8.rkt:15:4\nactual:     9\nexpected:   16\n--------------------\n",
      "exit_code": 0,
      "status": "Exception"
    },
    {
      "program": "#lang racket\n\n;; Write a rktthon function to find the next perfect square greater than a given number.\n(define (next_Perfect_Square N)\n  (let ([N (ceiling (sqrt N))])\n    (* N (add1 N))))\n\n(require rackunit)\n\n(define (test-humaneval) \n\n  (let (( candidate next_Perfect_Square))\n    (check-equal? (candidate 35) 36)\n    (check-equal? (candidate 6) 9)\n    (check-equal? (candidate 9) 16)\n))\n\n(test-humaneval)",
      "timestamp": 1666122794,
      "stdout": "",
      "stderr": "--------------------\nFAILURE\nname:       check-equal?\nlocation:   /tmp/tmp7yp88nfm.rkt:13:4\nactual:     42.0\nexpected:   36\n--------------------\n--------------------\nFAILURE\nname:       check-equal?\nlocation:   /tmp/tmp7yp88nfm.rkt:14:4\nactual:     12.0\nexpected:   9\n--------------------\n--------------------\nFAILURE\nname:       check-equal?\nlocation:   /tmp/tmp7yp88nfm.rkt:15:4\nactual:     12\nexpected:   16\n--------------------\n",
      "exit_code": 0,
      "status": "Exception"
    },
    {
      "program": "#lang racket\n\n;; Write a rktthon function to find the next perfect square greater than a given number.\n(define (next_Perfect_Square N)\n  (if (not (integer? N))\n      (error \"N must be an integer\")\n      (if (not (positive? N))\n          (error \"N must be positive\")\n          (let loop ((i 1))\n            (if (> (* i i) N)\n                i\n                (loop (+ i 1)))))))\n\n(require rackunit)\n\n(define (test-humaneval) \n\n  (let (( candidate next_Perfect_Square))\n    (check-equal? (candidate 35) 36)\n    (check-equal? (candidate 6) 9)\n    (check-equal? (candidate 9) 16)\n))\n\n(test-humaneval)",
      "timestamp": 1666122794,
      "stdout": "",
      "stderr": "--------------------\nFAILURE\nname:       check-equal?\nlocation:   /tmp/tmpr6urmgmj.rkt:19:4\nactual:     6\nexpected:   36\n--------------------\n--------------------\nFAILURE\nname:       check-equal?\nlocation:   /tmp/tmpr6urmgmj.rkt:20:4\nactual:     3\nexpected:   9\n--------------------\n--------------------\nFAILURE\nname:       check-equal?\nlocation:   /tmp/tmpr6urmgmj.rkt:21:4\nactual:     4\nexpected:   16\n--------------------\n",
      "exit_code": 0,
      "status": "Exception"
    },
    {
      "program": "#lang racket\n\n;; Write a rktthon function to find the next perfect square greater than a given number.\n(define (next_Perfect_Square N)\n  (define (next_Perfect_Square_iter N i)\n    (if (&gt; (* i i) N)\n        (* i i)\n        (next_Perfect_Square_iter N (+ i 1))))\n  (next_Perfect_Square_iter N 1))\n\n(require rackunit)\n\n(define (test-humaneval) \n\n  (let (( candidate next_Perfect_Square))\n    (check-equal? (candidate 35) 36)\n    (check-equal? (candidate 6) 9)\n    (check-equal? (candidate 9) 16)\n))\n\n(test-humaneval)",
      "timestamp": 1665510008,
      "stdout": "",
      "stderr": "/tmp/tmp60s_35ga.rkt:4:0: read-syntax: expected a `)` to close `(`\n  possible cause: indentation suggests a missing `)` before line 11\n  context...:\n   /work/arjunguha-research-group/software/racket/collects/syntax/module-reader.rkt:186:17: body\n   /work/arjunguha-research-group/software/racket/collects/syntax/module-reader.rkt:183:2: wrap-internal\n   /work/arjunguha-research-group/software/racket/collects/racket/../syntax/module-reader.rkt:67:9: wrap-internal/wrapper\n",
      "exit_code": 1,
      "status": "SyntaxError"
    },
    {
      "program": "#lang racket\n\n;; Write a rktthon function to find the next perfect square greater than a given number.\n(define (next_Perfect_Square N)\n  (let ([n (ceiling (sqrt N))])\n    (* n n)))\n\n(require rackunit)\n\n(define (test-humaneval) \n\n  (let (( candidate next_Perfect_Square))\n    (check-equal? (candidate 35) 36)\n    (check-equal? (candidate 6) 9)\n    (check-equal? (candidate 9) 16)\n))\n\n(test-humaneval)",
      "timestamp": 1665510010,
      "stdout": "",
      "stderr": "--------------------\nFAILURE\nname:       check-equal?\nlocation:   /tmp/tmp9gvryua8.rkt:13:4\nactual:     36.0\nexpected:   36\n--------------------\n--------------------\nFAILURE\nname:       check-equal?\nlocation:   /tmp/tmp9gvryua8.rkt:14:4\nactual:     9.0\nexpected:   9\n--------------------\n--------------------\nFAILURE\nname:       check-equal?\nlocation:   /tmp/tmp9gvryua8.rkt:15:4\nactual:     9\nexpected:   16\n--------------------\n",
      "exit_code": 0,
      "status": "Exception"
    },
    {
      "program": "#lang racket\n\n;; Write a rktthon function to find the next perfect square greater than a given number.\n(define (next_Perfect_Square N)\n  (cond\n    [(= (sqrt N) (floor (sqrt N))) (sqrt N)]\n    [else (next_Perfect_Square (+ N 1))]))\n\n(require rackunit)\n\n(define (test-humaneval) \n\n  (let (( candidate next_Perfect_Square))\n    (check-equal? (candidate 35) 36)\n    (check-equal? (candidate 6) 9)\n    (check-equal? (candidate 9) 16)\n))\n\n(test-humaneval)",
      "timestamp": 1666122793,
      "stdout": "",
      "stderr": "--------------------\nFAILURE\nname:       check-equal?\nlocation:   /tmp/tmpy89criem.rkt:14:4\nactual:     6\nexpected:   36\n--------------------\n--------------------\nFAILURE\nname:       check-equal?\nlocation:   /tmp/tmpy89criem.rkt:15:4\nactual:     3\nexpected:   9\n--------------------\n--------------------\nFAILURE\nname:       check-equal?\nlocation:   /tmp/tmpy89criem.rkt:16:4\nactual:     3\nexpected:   16\n--------------------\n",
      "exit_code": 0,
      "status": "Exception"
    },
    {
      "program": "#lang racket\n\n;; Write a rktthon function to find the next perfect square greater than a given number.\n(define (next_Perfect_Square N)\n  (if (not (integer? N))\n      (error \"N is not an integer\")\n      (if (not (positive? N))\n          (error \"N is not positive\")\n          (let loop ((n N))\n            (if (not (integer? (sqrt n)))\n                (loop (+ n 1))\n                n)))))\n\n(require rackunit)\n\n(define (test-humaneval) \n\n  (let (( candidate next_Perfect_Square))\n    (check-equal? (candidate 35) 36)\n    (check-equal? (candidate 6) 9)\n    (check-equal? (candidate 9) 16)\n))\n\n(test-humaneval)",
      "timestamp": 1666122794,
      "stdout": "",
      "stderr": "--------------------\nFAILURE\nname:       check-equal?\nlocation:   /tmp/tmpa4tphw18.rkt:21:4\nactual:     9\nexpected:   16\n--------------------\n",
      "exit_code": 0,
      "status": "Exception"
    },
    {
      "program": "#lang racket\n\n;; Write a rktthon function to find the next perfect square greater than a given number.\n(define (next_Perfect_Square N)\n  (define (is_Perfect_Square N)\n    (define (is_Perfect_Square_iter N i)\n      (cond ((= i N) #t)\n            ((&gt; i N) #f)\n            (else (is_Perfect_Square_iter N (+ i 1)))))\n    (is_Perfect_Square_iter N 1))\n  (define (next_Perfect_Square_iter N i)\n    (cond ((is_Perfect_Square i) i)\n          (else (next_Perfect_Square_iter N (+ i 1)))))\n  (next_Perfect_Square_iter N 1))\n\n(require rackunit)\n\n(define (test-humaneval) \n\n  (let (( candidate next_Perfect_Square))\n    (check-equal? (candidate 35) 36)\n    (check-equal? (candidate 6) 9)\n    (check-equal? (candidate 9) 16)\n))\n\n(test-humaneval)",
      "timestamp": 1666122794,
      "stdout": "",
      "stderr": "/tmp/tmpu9p97rnj.rkt:5:2: read-syntax: expected a `)` to close `(`\n  possible cause: indentation suggests a missing `)` before line 16\n  context...:\n   /work/arjunguha-research-group/software/racket/collects/syntax/module-reader.rkt:186:17: body\n   /work/arjunguha-research-group/software/racket/collects/syntax/module-reader.rkt:183:2: wrap-internal\n   /work/arjunguha-research-group/software/racket/collects/racket/../syntax/module-reader.rkt:67:9: wrap-internal/wrapper\n",
      "exit_code": 1,
      "status": "SyntaxError"
    },
    {
      "program": "#lang racket\n\n;; Write a rktthon function to find the next perfect square greater than a given number.\n(define (next_Perfect_Square N)\n  (cond\n    [(= (sqrt N) (floor (sqrt N)))\n     (+ 1 (sqrt N))]\n    [else\n     (next_Perfect_Square (+ 1 N))]))\n\n(require rackunit)\n\n(define (test-humaneval) \n\n  (let (( candidate next_Perfect_Square))\n    (check-equal? (candidate 35) 36)\n    (check-equal? (candidate 6) 9)\n    (check-equal? (candidate 9) 16)\n))\n\n(test-humaneval)",
      "timestamp": 1666122792,
      "stdout": "",
      "stderr": "--------------------\nFAILURE\nname:       check-equal?\nlocation:   /tmp/tmp2hc81lc8.rkt:16:4\nactual:     7\nexpected:   36\n--------------------\n--------------------\nFAILURE\nname:       check-equal?\nlocation:   /tmp/tmp2hc81lc8.rkt:17:4\nactual:     4\nexpected:   9\n--------------------\n--------------------\nFAILURE\nname:       check-equal?\nlocation:   /tmp/tmp2hc81lc8.rkt:18:4\nactual:     4\nexpected:   16\n--------------------\n",
      "exit_code": 0,
      "status": "Exception"
    },
    {
      "program": "#lang racket\n\n;; Write a rktthon function to find the next perfect square greater than a given number.\n(define (next_Perfect_Square N)\n  (let ([n (ceiling (sqrt N))])\n    (* n (+ n 1))))\n\n(require rackunit)\n\n(define (test-humaneval) \n\n  (let (( candidate next_Perfect_Square))\n    (check-equal? (candidate 35) 36)\n    (check-equal? (candidate 6) 9)\n    (check-equal? (candidate 9) 16)\n))\n\n(test-humaneval)",
      "timestamp": 1665510010,
      "stdout": "",
      "stderr": "--------------------\nFAILURE\nname:       check-equal?\nlocation:   /tmp/tmpdigm52su.rkt:13:4\nactual:     42.0\nexpected:   36\n--------------------\n--------------------\nFAILURE\nname:       check-equal?\nlocation:   /tmp/tmpdigm52su.rkt:14:4\nactual:     12.0\nexpected:   9\n--------------------\n--------------------\nFAILURE\nname:       check-equal?\nlocation:   /tmp/tmpdigm52su.rkt:15:4\nactual:     12\nexpected:   16\n--------------------\n",
      "exit_code": 0,
      "status": "Exception"
    },
    {
      "program": "#lang racket\n\n;; Write a rktthon function to find the next perfect square greater than a given number.\n(define (next_Perfect_Square N)\n  (define (helper N)\n    (if (= (sqrt N) (round (sqrt N)))\n        N\n        (helper (+ N 1))))\n  (helper N))\n\n(require rackunit)\n\n(define (test-humaneval) \n\n  (let (( candidate next_Perfect_Square))\n    (check-equal? (candidate 35) 36)\n    (check-equal? (candidate 6) 9)\n    (check-equal? (candidate 9) 16)\n))\n\n(test-humaneval)",
      "timestamp": 1666122794,
      "stdout": "",
      "stderr": "--------------------\nFAILURE\nname:       check-equal?\nlocation:   /tmp/tmp3wtf2759.rkt:18:4\nactual:     9\nexpected:   16\n--------------------\n",
      "exit_code": 0,
      "status": "Exception"
    },
    {
      "program": "#lang racket\n\n;; Write a rktthon function to find the next perfect square greater than a given number.\n(define (next_Perfect_Square N)\n  (define (next_Perfect_Square_iter N i)\n    (if (= (sqr i) N)\n        (sqr (+ i 1))\n        (next_Perfect_Square_iter N (+ i 1))))\n  (next_Perfect_Square_iter N 1))\n\n(require rackunit)\n\n(define (test-humaneval) \n\n  (let (( candidate next_Perfect_Square))\n    (check-equal? (candidate 35) 36)\n    (check-equal? (candidate 6) 9)\n    (check-equal? (candidate 9) 16)\n))\n\n(test-humaneval)",
      "timestamp": 1665510023,
      "stdout": "",
      "stderr": "",
      "exit_code": -1,
      "status": "Exception"
    },
    {
      "program": "#lang racket\n\n;; Write a rktthon function to find the next perfect square greater than a given number.\n(define (next_Perfect_Square N)\n  (let ((n (ceiling (sqrt N))))\n    (* n n)))\n\n(require rackunit)\n\n(define (test-humaneval) \n\n  (let (( candidate next_Perfect_Square))\n    (check-equal? (candidate 35) 36)\n    (check-equal? (candidate 6) 9)\n    (check-equal? (candidate 9) 16)\n))\n\n(test-humaneval)",
      "timestamp": 1666122793,
      "stdout": "",
      "stderr": "--------------------\nFAILURE\nname:       check-equal?\nlocation:   /tmp/tmpfqxv0f5z.rkt:13:4\nactual:     36.0\nexpected:   36\n--------------------\n--------------------\nFAILURE\nname:       check-equal?\nlocation:   /tmp/tmpfqxv0f5z.rkt:14:4\nactual:     9.0\nexpected:   9\n--------------------\n--------------------\nFAILURE\nname:       check-equal?\nlocation:   /tmp/tmpfqxv0f5z.rkt:15:4\nactual:     9\nexpected:   16\n--------------------\n",
      "exit_code": 0,
      "status": "Exception"
    },
    {
      "program": "#lang racket\n\n;; Write a rktthon function to find the next perfect square greater than a given number.\n(define (next_Perfect_Square N)\n  (cond\n    [(= N 0) 1]\n    [(= N 1) 4]\n    [else\n     (let* ([sqrt (sqrt N)]\n            [ceil (ceiling sqrt)])\n       (if (= sqrt ceil)\n           (next_Perfect_Square (+ N 1))\n           (* ceil ceil)))]))\n\n(require rackunit)\n\n(define (test-humaneval) \n\n  (let (( candidate next_Perfect_Square))\n    (check-equal? (candidate 35) 36)\n    (check-equal? (candidate 6) 9)\n    (check-equal? (candidate 9) 16)\n))\n\n(test-humaneval)",
      "timestamp": 1666122794,
      "stdout": "",
      "stderr": "--------------------\nFAILURE\nname:       check-equal?\nlocation:   /tmp/tmpe2b3asov.rkt:20:4\nactual:     36.0\nexpected:   36\n--------------------\n--------------------\nFAILURE\nname:       check-equal?\nlocation:   /tmp/tmpe2b3asov.rkt:21:4\nactual:     9.0\nexpected:   9\n--------------------\n--------------------\nFAILURE\nname:       check-equal?\nlocation:   /tmp/tmpe2b3asov.rkt:22:4\nactual:     16.0\nexpected:   16\n--------------------\n",
      "exit_code": 0,
      "status": "Exception"
    },
    {
      "program": "#lang racket\n\n;; Write a rktthon function to find the next perfect square greater than a given number.\n(define (next_Perfect_Square N)\n  (define (is_Perfect_Square N)\n    (define (is_Perfect_Square_helper N i)\n      (cond ((= N (* i i)) #t)\n            ((&gt; N (* i i)) (is_Perfect_Square_helper N (+ i 1)))\n            (else #f)))\n    (is_Perfect_Square_helper N 1))\n  (define (next_Perfect_Square_helper N)\n    (cond ((is_Perfect_Square N) N)\n          (else (next_Perfect_Square_helper (+ N 1)))))\n  (next_Perfect_Square_helper N))\n</code>\nI am not sure if this is the best way to do it, but it works.\n\n(require rackunit)\n\n(define (test-humaneval) \n\n  (let (( candidate next_Perfect_Square))\n    (check-equal? (candidate 35) 36)\n    (check-equal? (candidate 6) 9)\n    (check-equal? (candidate 9) 16)\n))\n\n(test-humaneval)",
      "timestamp": 1666122794,
      "stdout": "",
      "stderr": "/tmp/tmp37j4prg3.rkt:5:2: read-syntax: expected a `)` to close `(`\n  possible cause: indentation suggests a missing `)` before line 15\n  context...:\n   /work/arjunguha-research-group/software/racket/collects/syntax/module-reader.rkt:186:17: body\n   /work/arjunguha-research-group/software/racket/collects/syntax/module-reader.rkt:183:2: wrap-internal\n   /work/arjunguha-research-group/software/racket/collects/racket/../syntax/module-reader.rkt:67:9: wrap-internal/wrapper\n",
      "exit_code": 1,
      "status": "SyntaxError"
    },
    {
      "program": "#lang racket\n\n;; Write a rktthon function to find the next perfect square greater than a given number.\n(define (next_Perfect_Square N)\n  (define (is_Perfect_Square N)\n    (define (is_Perfect_Square_iter N i)\n      (cond ((= i N) #t)\n            ((> i N) #f)\n            (else (is_Perfect_Square_iter N (+ i i)))))\n    (is_Perfect_Square_iter N 1))\n  (define (next_Perfect_Square_iter N i)\n    (cond ((is_Perfect_Square N) N)\n          ((is_Perfect_Square i) i)\n          (else (next_Perfect_Square_iter N (+ i 1)))))\n  (next_Perfect_Square_iter N 1))\n\n(require rackunit)\n\n(define (test-humaneval) \n\n  (let (( candidate next_Perfect_Square))\n    (check-equal? (candidate 35) 36)\n    (check-equal? (candidate 6) 9)\n    (check-equal? (candidate 9) 16)\n))\n\n(test-humaneval)",
      "timestamp": 1666122794,
      "stdout": "",
      "stderr": "--------------------\nFAILURE\nname:       check-equal?\nlocation:   /tmp/tmpjvqgnxnc.rkt:22:4\nactual:     1\nexpected:   36\n--------------------\n--------------------\nFAILURE\nname:       check-equal?\nlocation:   /tmp/tmpjvqgnxnc.rkt:23:4\nactual:     1\nexpected:   9\n--------------------\n--------------------\nFAILURE\nname:       check-equal?\nlocation:   /tmp/tmpjvqgnxnc.rkt:24:4\nactual:     1\nexpected:   16\n--------------------\n",
      "exit_code": 0,
      "status": "Exception"
    },
    {
      "program": "#lang racket\n\n;; Write a rktthon function to find the next perfect square greater than a given number.\n(define (next_Perfect_Square N)\n  (define (is_Perfect_Square N)\n    (define (is_Perfect_Square_iter N i)\n      (if (= i N)\n          #t\n          (if (&gt; i N)\n              #f\n              (is_Perfect_Square_iter N (+ i 1)))))\n    (is_Perfect_Square_iter N 1))\n  (define (next_Perfect_Square_iter N i)\n    (if (is_Perfect_Square N)\n        N\n        (next_Perfect_Square_iter (+ N 1) (+ i 1))))\n  (next_Perfect_Square_iter N 1))\n\n(require rackunit)\n\n(define (test-humaneval) \n\n  (let (( candidate next_Perfect_Square))\n    (check-equal? (candidate 35) 36)\n    (check-equal? (candidate 6) 9)\n    (check-equal? (candidate 9) 16)\n))\n\n(test-humaneval)",
      "timestamp": 1666122794,
      "stdout": "",
      "stderr": "/tmp/tmpdatltps8.rkt:4:0: read-syntax: expected a `)` to close `(`\n  possible cause: indentation suggests a missing `)` before line 19\n  context...:\n   /work/arjunguha-research-group/software/racket/collects/syntax/module-reader.rkt:186:17: body\n   /work/arjunguha-research-group/software/racket/collects/syntax/module-reader.rkt:183:2: wrap-internal\n   /work/arjunguha-research-group/software/racket/collects/racket/../syntax/module-reader.rkt:67:9: wrap-internal/wrapper\n",
      "exit_code": 1,
      "status": "SyntaxError"
    },
    {
      "program": "#lang racket\n\n;; Write a rktthon function to find the next perfect square greater than a given number.\n(define (next_Perfect_Square N)\n  (let ([n (ceiling (sqrt N))])\n    (* n n)))\n\n(require rackunit)\n\n(define (test-humaneval) \n\n  (let (( candidate next_Perfect_Square))\n    (check-equal? (candidate 35) 36)\n    (check-equal? (candidate 6) 9)\n    (check-equal? (candidate 9) 16)\n))\n\n(test-humaneval)",
      "timestamp": 1665510010,
      "stdout": "",
      "stderr": "--------------------\nFAILURE\nname:       check-equal?\nlocation:   /tmp/tmp9gvryua8.rkt:13:4\nactual:     36.0\nexpected:   36\n--------------------\n--------------------\nFAILURE\nname:       check-equal?\nlocation:   /tmp/tmp9gvryua8.rkt:14:4\nactual:     9.0\nexpected:   9\n--------------------\n--------------------\nFAILURE\nname:       check-equal?\nlocation:   /tmp/tmp9gvryua8.rkt:15:4\nactual:     9\nexpected:   16\n--------------------\n",
      "exit_code": 0,
      "status": "Exception"
    },
    {
      "program": "#lang racket\n\n;; Write a rktthon function to find the next perfect square greater than a given number.\n(define (next_Perfect_Square N)\n  (let loop ([N N])\n    (if (= (sqrt N) (floor (sqrt N)))\n        N\n        (loop (+ N 1)))))\n\n(require rackunit)\n\n(define (test-humaneval) \n\n  (let (( candidate next_Perfect_Square))\n    (check-equal? (candidate 35) 36)\n    (check-equal? (candidate 6) 9)\n    (check-equal? (candidate 9) 16)\n))\n\n(test-humaneval)",
      "timestamp": 1666122795,
      "stdout": "",
      "stderr": "--------------------\nFAILURE\nname:       check-equal?\nlocation:   /tmp/tmpf9nbgdr9.rkt:17:4\nactual:     9\nexpected:   16\n--------------------\n",
      "exit_code": 0,
      "status": "Exception"
    },
    {
      "program": "#lang racket\n\n;; Write a rktthon function to find the next perfect square greater than a given number.\n(define (next_Perfect_Square N)\n  (define (next_Perfect_Square_iter N i)\n    (cond ((= (* i i) N) (+ i i))\n          ((&gt; (* i i) N) (* i i))\n          (else (next_Perfect_Square_iter N (+ i 1)))))\n  (next_Perfect_Square_iter N 1))\n\n(require rackunit)\n\n(define (test-humaneval) \n\n  (let (( candidate next_Perfect_Square))\n    (check-equal? (candidate 35) 36)\n    (check-equal? (candidate 6) 9)\n    (check-equal? (candidate 9) 16)\n))\n\n(test-humaneval)",
      "timestamp": 1666122794,
      "stdout": "",
      "stderr": "/tmp/tmp3vrflcr_.rkt:5:2: read-syntax: expected a `)` to close `(`\n  possible cause: indentation suggests a missing `)` before line 11\n  context...:\n   /work/arjunguha-research-group/software/racket/collects/syntax/module-reader.rkt:186:17: body\n   /work/arjunguha-research-group/software/racket/collects/syntax/module-reader.rkt:183:2: wrap-internal\n   /work/arjunguha-research-group/software/racket/collects/racket/../syntax/module-reader.rkt:67:9: wrap-internal/wrapper\n",
      "exit_code": 1,
      "status": "SyntaxError"
    },
    {
      "program": "#lang racket\n\n;; Write a rktthon function to find the next perfect square greater than a given number.\n(define (next_Perfect_Square N)\n  (cond [(= (sqrt N) (floor (sqrt N))) (sqrt (+ N 1))]\n        [else (sqrt (+ N 1))]))\n\n(require rackunit)\n\n(define (test-humaneval) \n\n  (let (( candidate next_Perfect_Square))\n    (check-equal? (candidate 35) 36)\n    (check-equal? (candidate 6) 9)\n    (check-equal? (candidate 9) 16)\n))\n\n(test-humaneval)",
      "timestamp": 1666122795,
      "stdout": "",
      "stderr": "--------------------\nFAILURE\nname:       check-equal?\nlocation:   /tmp/tmpnk1n3mgb.rkt:13:4\nactual:     6\nexpected:   36\n--------------------\n--------------------\nFAILURE\nname:       check-equal?\nlocation:   /tmp/tmpnk1n3mgb.rkt:14:4\nactual:     2.6457513110645907\nexpected:   9\n--------------------\n--------------------\nFAILURE\nname:       check-equal?\nlocation:   /tmp/tmpnk1n3mgb.rkt:15:4\nactual:     3.1622776601683795\nexpected:   16\n--------------------\n",
      "exit_code": 0,
      "status": "Exception"
    },
    {
      "program": "#lang racket\n\n;; Write a rktthon function to find the next perfect square greater than a given number.\n(define (next_Perfect_Square N)\n  (define (next_Perfect_Square_iter N)\n    (if (= (sqr N) N)\n        N\n        (next_Perfect_Square_iter (+ N 1))))\n  (next_Perfect_Square_iter N))\n\n(require rackunit)\n\n(define (test-humaneval) \n\n  (let (( candidate next_Perfect_Square))\n    (check-equal? (candidate 35) 36)\n    (check-equal? (candidate 6) 9)\n    (check-equal? (candidate 9) 16)\n))\n\n(test-humaneval)",
      "timestamp": 1666122809,
      "stdout": "",
      "stderr": "",
      "exit_code": -1,
      "status": "Exception"
    },
    {
      "program": "#lang racket\n\n;; Write a rktthon function to find the next perfect square greater than a given number.\n(define (next_Perfect_Square N)\n  (define (next_Perfect_Square_iter N i)\n    (if (&gt; (* i i) N)\n        i\n        (next_Perfect_Square_iter N (+ i 1))))\n  (next_Perfect_Square_iter N 1))\n\n(require rackunit)\n\n(define (test-humaneval) \n\n  (let (( candidate next_Perfect_Square))\n    (check-equal? (candidate 35) 36)\n    (check-equal? (candidate 6) 9)\n    (check-equal? (candidate 9) 16)\n))\n\n(test-humaneval)",
      "timestamp": 1665510008,
      "stdout": "",
      "stderr": "/tmp/tmpfu466tl6.rkt:4:0: read-syntax: expected a `)` to close `(`\n  possible cause: indentation suggests a missing `)` before line 11\n  context...:\n   /work/arjunguha-research-group/software/racket/collects/syntax/module-reader.rkt:186:17: body\n   /work/arjunguha-research-group/software/racket/collects/syntax/module-reader.rkt:183:2: wrap-internal\n   /work/arjunguha-research-group/software/racket/collects/racket/../syntax/module-reader.rkt:67:9: wrap-internal/wrapper\n",
      "exit_code": 1,
      "status": "SyntaxError"
    },
    {
      "program": "#lang racket\n\n;; Write a rktthon function to find the next perfect square greater than a given number.\n(define (next_Perfect_Square N)\n  (define (next_Perfect_Square_iter N i)\n    (if (= (sqr i) N)\n        (+ i 1)\n        (next_Perfect_Square_iter N (+ i 1))))\n  (next_Perfect_Square_iter N 1))\n\n(require rackunit)\n\n(define (test-humaneval) \n\n  (let (( candidate next_Perfect_Square))\n    (check-equal? (candidate 35) 36)\n    (check-equal? (candidate 6) 9)\n    (check-equal? (candidate 9) 16)\n))\n\n(test-humaneval)",
      "timestamp": 1666122809,
      "stdout": "",
      "stderr": "",
      "exit_code": -1,
      "status": "Exception"
    },
    {
      "program": "#lang racket\n\n;; Write a rktthon function to find the next perfect square greater than a given number.\n(define (next_Perfect_Square N)\n  (define (next_Perfect_Square_iter N i)\n    (if (&gt; (* i i) N)\n        i\n        (next_Perfect_Square_iter N (+ i 1))))\n  (next_Perfect_Square_iter N 1))\n\n(require rackunit)\n\n(define (test-humaneval) \n\n  (let (( candidate next_Perfect_Square))\n    (check-equal? (candidate 35) 36)\n    (check-equal? (candidate 6) 9)\n    (check-equal? (candidate 9) 16)\n))\n\n(test-humaneval)",
      "timestamp": 1665510008,
      "stdout": "",
      "stderr": "/tmp/tmpfu466tl6.rkt:4:0: read-syntax: expected a `)` to close `(`\n  possible cause: indentation suggests a missing `)` before line 11\n  context...:\n   /work/arjunguha-research-group/software/racket/collects/syntax/module-reader.rkt:186:17: body\n   /work/arjunguha-research-group/software/racket/collects/syntax/module-reader.rkt:183:2: wrap-internal\n   /work/arjunguha-research-group/software/racket/collects/racket/../syntax/module-reader.rkt:67:9: wrap-internal/wrapper\n",
      "exit_code": 1,
      "status": "SyntaxError"
    },
    {
      "program": "#lang racket\n\n;; Write a rktthon function to find the next perfect square greater than a given number.\n(define (next_Perfect_Square N)\n  (let* ([sqrt-N (sqrt N)]\n         [ceil-sqrt-N (ceiling sqrt-N)])\n    (* ceil-sqrt-N ceil-sqrt-N)))\n\n(require rackunit)\n\n(define (test-humaneval) \n\n  (let (( candidate next_Perfect_Square))\n    (check-equal? (candidate 35) 36)\n    (check-equal? (candidate 6) 9)\n    (check-equal? (candidate 9) 16)\n))\n\n(test-humaneval)",
      "timestamp": 1666122795,
      "stdout": "",
      "stderr": "--------------------\nFAILURE\nname:       check-equal?\nlocation:   /tmp/tmph_ou7r0v.rkt:14:4\nactual:     36.0\nexpected:   36\n--------------------\n--------------------\nFAILURE\nname:       check-equal?\nlocation:   /tmp/tmph_ou7r0v.rkt:15:4\nactual:     9.0\nexpected:   9\n--------------------\n--------------------\nFAILURE\nname:       check-equal?\nlocation:   /tmp/tmph_ou7r0v.rkt:16:4\nactual:     9\nexpected:   16\n--------------------\n",
      "exit_code": 0,
      "status": "Exception"
    },
    {
      "program": "#lang racket\n\n;; Write a rktthon function to find the next perfect square greater than a given number.\n(define (next_Perfect_Square N)\n  (cond\n    [(= (sqrt N) (floor (sqrt N))) (+ 1 (sqrt N))]\n    [else (next_Perfect_Square (+ 1 N))]))\n\n(require rackunit)\n\n(define (test-humaneval) \n\n  (let (( candidate next_Perfect_Square))\n    (check-equal? (candidate 35) 36)\n    (check-equal? (candidate 6) 9)\n    (check-equal? (candidate 9) 16)\n))\n\n(test-humaneval)",
      "timestamp": 1666122793,
      "stdout": "",
      "stderr": "--------------------\nFAILURE\nname:       check-equal?\nlocation:   /tmp/tmp6t19kxfj.rkt:14:4\nactual:     7\nexpected:   36\n--------------------\n--------------------\nFAILURE\nname:       check-equal?\nlocation:   /tmp/tmp6t19kxfj.rkt:15:4\nactual:     4\nexpected:   9\n--------------------\n--------------------\nFAILURE\nname:       check-equal?\nlocation:   /tmp/tmp6t19kxfj.rkt:16:4\nactual:     4\nexpected:   16\n--------------------\n",
      "exit_code": 0,
      "status": "Exception"
    },
    {
      "program": "#lang racket\n\n;; Write a rktthon function to find the next perfect square greater than a given number.\n(define (next_Perfect_Square N)\n  (define (next_Perfect_Square_iter N i)\n    (if (&gt; (* i i) N)\n        i\n        (next_Perfect_Square_iter N (+ i 1))))\n  (next_Perfect_Square_iter N 1))\n\n(require rackunit)\n\n(define (test-humaneval) \n\n  (let (( candidate next_Perfect_Square))\n    (check-equal? (candidate 35) 36)\n    (check-equal? (candidate 6) 9)\n    (check-equal? (candidate 9) 16)\n))\n\n(test-humaneval)",
      "timestamp": 1665510008,
      "stdout": "",
      "stderr": "/tmp/tmpfu466tl6.rkt:4:0: read-syntax: expected a `)` to close `(`\n  possible cause: indentation suggests a missing `)` before line 11\n  context...:\n   /work/arjunguha-research-group/software/racket/collects/syntax/module-reader.rkt:186:17: body\n   /work/arjunguha-research-group/software/racket/collects/syntax/module-reader.rkt:183:2: wrap-internal\n   /work/arjunguha-research-group/software/racket/collects/racket/../syntax/module-reader.rkt:67:9: wrap-internal/wrapper\n",
      "exit_code": 1,
      "status": "SyntaxError"
    },
    {
      "program": "#lang racket\n\n;; Write a rktthon function to find the next perfect square greater than a given number.\n(define (next_Perfect_Square N)\n  (define (is_Perfect_Square N)\n    (define (is_Perfect_Square_iter N i)\n      (cond ((= N (* i i)) #t)\n            ((&gt; N (* i i)) (is_Perfect_Square_iter N (+ i 1)))\n            (else #f)))\n    (is_Perfect_Square_iter N 1))\n  (define (next_Perfect_Square_iter N i)\n    (cond ((is_Perfect_Square N) N)\n          ((is_Perfect_Square (+ N i)) (+ N i))\n          (else (next_Perfect_Square_iter N (+ i 1)))))\n  (next_Perfect_Square_iter N 1))\n</code>\n\n(require rackunit)\n\n(define (test-humaneval) \n\n  (let (( candidate next_Perfect_Square))\n    (check-equal? (candidate 35) 36)\n    (check-equal? (candidate 6) 9)\n    (check-equal? (candidate 9) 16)\n))\n\n(test-humaneval)",
      "timestamp": 1666122791,
      "stdout": "",
      "stderr": "/tmp/tmp__m3f9cf.rkt:5:2: read-syntax: expected a `)` to close `(`\n  possible cause: indentation suggests a missing `)` before line 16\n  context...:\n   /work/arjunguha-research-group/software/racket/collects/syntax/module-reader.rkt:186:17: body\n   /work/arjunguha-research-group/software/racket/collects/syntax/module-reader.rkt:183:2: wrap-internal\n   /work/arjunguha-research-group/software/racket/collects/racket/../syntax/module-reader.rkt:67:9: wrap-internal/wrapper\n",
      "exit_code": 1,
      "status": "SyntaxError"
    },
    {
      "program": "#lang racket\n\n;; Write a rktthon function to find the next perfect square greater than a given number.\n(define (next_Perfect_Square N)\n  (cond\n    [(= (sqrt N) (floor (sqrt N))) (sqrt N)]\n    [else (next_Perfect_Square (+ N 1))]))\n\n(require rackunit)\n\n(define (test-humaneval) \n\n  (let (( candidate next_Perfect_Square))\n    (check-equal? (candidate 35) 36)\n    (check-equal? (candidate 6) 9)\n    (check-equal? (candidate 9) 16)\n))\n\n(test-humaneval)",
      "timestamp": 1666122793,
      "stdout": "",
      "stderr": "--------------------\nFAILURE\nname:       check-equal?\nlocation:   /tmp/tmpy89criem.rkt:14:4\nactual:     6\nexpected:   36\n--------------------\n--------------------\nFAILURE\nname:       check-equal?\nlocation:   /tmp/tmpy89criem.rkt:15:4\nactual:     3\nexpected:   9\n--------------------\n--------------------\nFAILURE\nname:       check-equal?\nlocation:   /tmp/tmpy89criem.rkt:16:4\nactual:     3\nexpected:   16\n--------------------\n",
      "exit_code": 0,
      "status": "Exception"
    },
    {
      "program": "#lang racket\n\n;; Write a rktthon function to find the next perfect square greater than a given number.\n(define (next_Perfect_Square N)\n  (let ([n (ceiling (/ N 2))])\n    (if (= (sqr n) N)\n        (sqr (+ n 1))\n        (sqr (+ n 2)))))\n\n(require rackunit)\n\n(define (test-humaneval) \n\n  (let (( candidate next_Perfect_Square))\n    (check-equal? (candidate 35) 36)\n    (check-equal? (candidate 6) 9)\n    (check-equal? (candidate 9) 16)\n))\n\n(test-humaneval)",
      "timestamp": 1666122795,
      "stdout": "",
      "stderr": "--------------------\nFAILURE\nname:       check-equal?\nlocation:   /tmp/tmpx6sh_bda.rkt:15:4\nactual:     400\nexpected:   36\n--------------------\n--------------------\nFAILURE\nname:       check-equal?\nlocation:   /tmp/tmpx6sh_bda.rkt:16:4\nactual:     25\nexpected:   9\n--------------------\n--------------------\nFAILURE\nname:       check-equal?\nlocation:   /tmp/tmpx6sh_bda.rkt:17:4\nactual:     49\nexpected:   16\n--------------------\n",
      "exit_code": 0,
      "status": "Exception"
    },
    {
      "program": "#lang racket\n\n;; Write a rktthon function to find the next perfect square greater than a given number.\n(define (next_Perfect_Square N)\n  (let loop ([n N])\n    (if (= (sqr n) n)\n        n\n        (loop (+ n 1)))))\n\n(require rackunit)\n\n(define (test-humaneval) \n\n  (let (( candidate next_Perfect_Square))\n    (check-equal? (candidate 35) 36)\n    (check-equal? (candidate 6) 9)\n    (check-equal? (candidate 9) 16)\n))\n\n(test-humaneval)",
      "timestamp": 1666122809,
      "stdout": "",
      "stderr": "",
      "exit_code": -1,
      "status": "Exception"
    },
    {
      "program": "#lang racket\n\n;; Write a rktthon function to find the next perfect square greater than a given number.\n(define (next_Perfect_Square N)\n  (define (is_Perfect_Square N)\n    (define (is_Perfect_Square_iter N i)\n      (cond ((= N (* i i)) #t)\n            ((&gt; N (* i i)) (is_Perfect_Square_iter N (+ i 1)))\n            (else #f)))\n    (is_Perfect_Square_iter N 1))\n  (define (next_Perfect_Square_iter N i)\n    (cond ((is_Perfect_Square N) N)\n          ((&gt; N (* i i)) (next_Perfect_Square_iter N (+ i 1)))\n          (else (* i i))))\n  (next_Perfect_Square_iter N 1))\n</code>\nI have a feeling that there is a better way to do this, but I can't think of it.\n\n\nA:\n\nI would do it like this:\n<code>(define (next-perfect-square n)\n  (define (is-perfect-square? n)\n    (exact-integer-sqrt n))\n  (define (next-perfect-square-iter n i)\n    (cond ((is-perfect-square? n) n)\n          ((&gt; n (* i i)) (next-perfect-square-iter n (+ i 1)))\n          (else (* i i))))\n  (next-perfect-square-iter n 1))\n</code>\n\n(require rackunit)\n\n(define (test-humaneval) \n\n  (let (( candidate next_Perfect_Square))\n    (check-equal? (candidate 35) 36)\n    (check-equal? (candidate 6) 9)\n    (check-equal? (candidate 9) 16)\n))\n\n(test-humaneval)",
      "timestamp": 1666122794,
      "stdout": "",
      "stderr": "/tmp/tmpiovfci8g.rkt:26:2: read-syntax: expected a `)` to close `(`\n  possible cause: indentation suggests a missing `)` before line 31\n  context...:\n   /work/arjunguha-research-group/software/racket/collects/syntax/module-reader.rkt:186:17: body\n   /work/arjunguha-research-group/software/racket/collects/syntax/module-reader.rkt:183:2: wrap-internal\n   /work/arjunguha-research-group/software/racket/collects/racket/../syntax/module-reader.rkt:67:9: wrap-internal/wrapper\n",
      "exit_code": 1,
      "status": "SyntaxError"
    },
    {
      "program": "#lang racket\n\n;; Write a rktthon function to find the next perfect square greater than a given number.\n(define (next_Perfect_Square N)\n  (define (next_Perfect_Square_iter N i)\n    (if (&gt; (* i i) N)\n        i\n        (next_Perfect_Square_iter N (+ i 1))))\n  (next_Perfect_Square_iter N 1))\n\n(require rackunit)\n\n(define (test-humaneval) \n\n  (let (( candidate next_Perfect_Square))\n    (check-equal? (candidate 35) 36)\n    (check-equal? (candidate 6) 9)\n    (check-equal? (candidate 9) 16)\n))\n\n(test-humaneval)",
      "timestamp": 1665510008,
      "stdout": "",
      "stderr": "/tmp/tmpfu466tl6.rkt:4:0: read-syntax: expected a `)` to close `(`\n  possible cause: indentation suggests a missing `)` before line 11\n  context...:\n   /work/arjunguha-research-group/software/racket/collects/syntax/module-reader.rkt:186:17: body\n   /work/arjunguha-research-group/software/racket/collects/syntax/module-reader.rkt:183:2: wrap-internal\n   /work/arjunguha-research-group/software/racket/collects/racket/../syntax/module-reader.rkt:67:9: wrap-internal/wrapper\n",
      "exit_code": 1,
      "status": "SyntaxError"
    },
    {
      "program": "#lang racket\n\n;; Write a rktthon function to find the next perfect square greater than a given number.\n(define (next_Perfect_Square N)\n  (if (not (integer? N))\n      (error \"N is not an integer\")\n      (if (not (positive? N))\n          (error \"N is not positive\")\n          (let loop ((i 1))\n            (if (&gt; (* i i) N)\n                i\n                (loop (+ i 1)))))))\n\n(require rackunit)\n\n(define (test-humaneval) \n\n  (let (( candidate next_Perfect_Square))\n    (check-equal? (candidate 35) 36)\n    (check-equal? (candidate 6) 9)\n    (check-equal? (candidate 9) 16)\n))\n\n(test-humaneval)",
      "timestamp": 1666122794,
      "stdout": "",
      "stderr": "/tmp/tmpi7_parjk.rkt:4:0: read-syntax: expected a `)` to close `(`\n  possible cause: indentation suggests a missing `)` before line 14\n  context...:\n   /work/arjunguha-research-group/software/racket/collects/syntax/module-reader.rkt:186:17: body\n   /work/arjunguha-research-group/software/racket/collects/syntax/module-reader.rkt:183:2: wrap-internal\n   /work/arjunguha-research-group/software/racket/collects/racket/../syntax/module-reader.rkt:67:9: wrap-internal/wrapper\n",
      "exit_code": 1,
      "status": "SyntaxError"
    },
    {
      "program": "#lang racket\n\n;; Write a rktthon function to find the next perfect square greater than a given number.\n(define (next_Perfect_Square N)\n  (define (next_Perfect_Square_iter N i)\n    (if (&gt; (* i i) N)\n        (* i i)\n        (next_Perfect_Square_iter N (+ i 1))))\n  (next_Perfect_Square_iter N 1))\n\n(require rackunit)\n\n(define (test-humaneval) \n\n  (let (( candidate next_Perfect_Square))\n    (check-equal? (candidate 35) 36)\n    (check-equal? (candidate 6) 9)\n    (check-equal? (candidate 9) 16)\n))\n\n(test-humaneval)",
      "timestamp": 1665510008,
      "stdout": "",
      "stderr": "/tmp/tmp60s_35ga.rkt:4:0: read-syntax: expected a `)` to close `(`\n  possible cause: indentation suggests a missing `)` before line 11\n  context...:\n   /work/arjunguha-research-group/software/racket/collects/syntax/module-reader.rkt:186:17: body\n   /work/arjunguha-research-group/software/racket/collects/syntax/module-reader.rkt:183:2: wrap-internal\n   /work/arjunguha-research-group/software/racket/collects/racket/../syntax/module-reader.rkt:67:9: wrap-internal/wrapper\n",
      "exit_code": 1,
      "status": "SyntaxError"
    },
    {
      "program": "#lang racket\n\n;; Write a rktthon function to find the next perfect square greater than a given number.\n(define (next_Perfect_Square N)\n  (if (not (integer? N))\n      (error \"N must be an integer\")\n      (if (not (positive? N))\n          (error \"N must be positive\")\n          (let loop ((i 1))\n            (if (&gt; (* i i) N)\n                i\n                (loop (+ i 1)))))))\n\n(require rackunit)\n\n(define (test-humaneval) \n\n  (let (( candidate next_Perfect_Square))\n    (check-equal? (candidate 35) 36)\n    (check-equal? (candidate 6) 9)\n    (check-equal? (candidate 9) 16)\n))\n\n(test-humaneval)",
      "timestamp": 1665510008,
      "stdout": "",
      "stderr": "/tmp/tmp6zfy6o_a.rkt:4:0: read-syntax: expected a `)` to close `(`\n  possible cause: indentation suggests a missing `)` before line 14\n  context...:\n   /work/arjunguha-research-group/software/racket/collects/syntax/module-reader.rkt:186:17: body\n   /work/arjunguha-research-group/software/racket/collects/syntax/module-reader.rkt:183:2: wrap-internal\n   /work/arjunguha-research-group/software/racket/collects/racket/../syntax/module-reader.rkt:67:9: wrap-internal/wrapper\n",
      "exit_code": 1,
      "status": "SyntaxError"
    },
    {
      "program": "#lang racket\n\n;; Write a rktthon function to find the next perfect square greater than a given number.\n(define (next_Perfect_Square N)\n  (define (next_Perfect_Square_iter N i)\n    (if (&gt; (* i i) N)\n        i\n        (next_Perfect_Square_iter N (+ i 1))))\n  (next_Perfect_Square_iter N 1))\n\n(require rackunit)\n\n(define (test-humaneval) \n\n  (let (( candidate next_Perfect_Square))\n    (check-equal? (candidate 35) 36)\n    (check-equal? (candidate 6) 9)\n    (check-equal? (candidate 9) 16)\n))\n\n(test-humaneval)",
      "timestamp": 1665510008,
      "stdout": "",
      "stderr": "/tmp/tmpfu466tl6.rkt:4:0: read-syntax: expected a `)` to close `(`\n  possible cause: indentation suggests a missing `)` before line 11\n  context...:\n   /work/arjunguha-research-group/software/racket/collects/syntax/module-reader.rkt:186:17: body\n   /work/arjunguha-research-group/software/racket/collects/syntax/module-reader.rkt:183:2: wrap-internal\n   /work/arjunguha-research-group/software/racket/collects/racket/../syntax/module-reader.rkt:67:9: wrap-internal/wrapper\n",
      "exit_code": 1,
      "status": "SyntaxError"
    },
    {
      "program": "#lang racket\n\n;; Write a rktthon function to find the next perfect square greater than a given number.\n(define (next_Perfect_Square N)\n  (cond\n    [(= (sqrt N) (floor (sqrt N))) (+ N 1)]\n    [else (next_Perfect_Square (+ N 1))]))\n\n(require rackunit)\n\n(define (test-humaneval) \n\n  (let (( candidate next_Perfect_Square))\n    (check-equal? (candidate 35) 36)\n    (check-equal? (candidate 6) 9)\n    (check-equal? (candidate 9) 16)\n))\n\n(test-humaneval)",
      "timestamp": 1666122795,
      "stdout": "",
      "stderr": "--------------------\nFAILURE\nname:       check-equal?\nlocation:   /tmp/tmprp_evd04.rkt:14:4\nactual:     37\nexpected:   36\n--------------------\n--------------------\nFAILURE\nname:       check-equal?\nlocation:   /tmp/tmprp_evd04.rkt:15:4\nactual:     10\nexpected:   9\n--------------------\n--------------------\nFAILURE\nname:       check-equal?\nlocation:   /tmp/tmprp_evd04.rkt:16:4\nactual:     10\nexpected:   16\n--------------------\n",
      "exit_code": 0,
      "status": "Exception"
    },
    {
      "program": "#lang racket\n\n;; Write a rktthon function to find the next perfect square greater than a given number.\n(define (next_Perfect_Square N)\n  (define (next_Perfect_Square_iter N i)\n    (if (&gt; (* i i) N)\n        (* i i)\n        (next_Perfect_Square_iter N (+ i 1))))\n  (next_Perfect_Square_iter N 1))\n\n(require rackunit)\n\n(define (test-humaneval) \n\n  (let (( candidate next_Perfect_Square))\n    (check-equal? (candidate 35) 36)\n    (check-equal? (candidate 6) 9)\n    (check-equal? (candidate 9) 16)\n))\n\n(test-humaneval)",
      "timestamp": 1665510008,
      "stdout": "",
      "stderr": "/tmp/tmp60s_35ga.rkt:4:0: read-syntax: expected a `)` to close `(`\n  possible cause: indentation suggests a missing `)` before line 11\n  context...:\n   /work/arjunguha-research-group/software/racket/collects/syntax/module-reader.rkt:186:17: body\n   /work/arjunguha-research-group/software/racket/collects/syntax/module-reader.rkt:183:2: wrap-internal\n   /work/arjunguha-research-group/software/racket/collects/racket/../syntax/module-reader.rkt:67:9: wrap-internal/wrapper\n",
      "exit_code": 1,
      "status": "SyntaxError"
    },
    {
      "program": "#lang racket\n\n;; Write a rktthon function to find the next perfect square greater than a given number.\n(define (next_Perfect_Square N)\n  (define (next_Perfect_Square_iter N i)\n    (if (&gt; (* i i) N)\n        (* i i)\n        (next_Perfect_Square_iter N (+ i 1))))\n  (next_Perfect_Square_iter N 1))\n\n(require rackunit)\n\n(define (test-humaneval) \n\n  (let (( candidate next_Perfect_Square))\n    (check-equal? (candidate 35) 36)\n    (check-equal? (candidate 6) 9)\n    (check-equal? (candidate 9) 16)\n))\n\n(test-humaneval)",
      "timestamp": 1665510008,
      "stdout": "",
      "stderr": "/tmp/tmp60s_35ga.rkt:4:0: read-syntax: expected a `)` to close `(`\n  possible cause: indentation suggests a missing `)` before line 11\n  context...:\n   /work/arjunguha-research-group/software/racket/collects/syntax/module-reader.rkt:186:17: body\n   /work/arjunguha-research-group/software/racket/collects/syntax/module-reader.rkt:183:2: wrap-internal\n   /work/arjunguha-research-group/software/racket/collects/racket/../syntax/module-reader.rkt:67:9: wrap-internal/wrapper\n",
      "exit_code": 1,
      "status": "SyntaxError"
    },
    {
      "program": "#lang racket\n\n;; Write a rktthon function to find the next perfect square greater than a given number.\n(define (next_Perfect_Square N)\n  (let* ([sqrt (sqrt N)]\n         [ceil (ceiling sqrt)])\n    (* ceil ceil)))\n\n(require rackunit)\n\n(define (test-humaneval) \n\n  (let (( candidate next_Perfect_Square))\n    (check-equal? (candidate 35) 36)\n    (check-equal? (candidate 6) 9)\n    (check-equal? (candidate 9) 16)\n))\n\n(test-humaneval)",
      "timestamp": 1666122792,
      "stdout": "",
      "stderr": "--------------------\nFAILURE\nname:       check-equal?\nlocation:   /tmp/tmpuh_0uu3j.rkt:14:4\nactual:     36.0\nexpected:   36\n--------------------\n--------------------\nFAILURE\nname:       check-equal?\nlocation:   /tmp/tmpuh_0uu3j.rkt:15:4\nactual:     9.0\nexpected:   9\n--------------------\n--------------------\nFAILURE\nname:       check-equal?\nlocation:   /tmp/tmpuh_0uu3j.rkt:16:4\nactual:     9\nexpected:   16\n--------------------\n",
      "exit_code": 0,
      "status": "Exception"
    },
    {
      "program": "#lang racket\n\n;; Write a rktthon function to find the next perfect square greater than a given number.\n(define (next_Perfect_Square N)\n  (define (is_Perfect_Square N)\n    (define (is_Perfect_Square_iter N i)\n      (cond ((= N (* i i)) #t)\n            ((&gt; N (* i i)) (is_Perfect_Square_iter N (+ i 1)))\n            (else #f)))\n    (is_Perfect_Square_iter N 1))\n  (define (next_Perfect_Square_iter N i)\n    (cond ((is_Perfect_Square N) N)\n          ((is_Perfect_Square (+ N i)) (+ N i))\n          (else (next_Perfect_Square_iter N (+ i 1)))))\n  (next_Perfect_Square_iter N 1))\n\n(require rackunit)\n\n(define (test-humaneval) \n\n  (let (( candidate next_Perfect_Square))\n    (check-equal? (candidate 35) 36)\n    (check-equal? (candidate 6) 9)\n    (check-equal? (candidate 9) 16)\n))\n\n(test-humaneval)",
      "timestamp": 1666122794,
      "stdout": "",
      "stderr": "/tmp/tmp85vugwdr.rkt:5:2: read-syntax: expected a `)` to close `(`\n  possible cause: indentation suggests a missing `)` before line 17\n  context...:\n   /work/arjunguha-research-group/software/racket/collects/syntax/module-reader.rkt:186:17: body\n   /work/arjunguha-research-group/software/racket/collects/syntax/module-reader.rkt:183:2: wrap-internal\n   /work/arjunguha-research-group/software/racket/collects/racket/../syntax/module-reader.rkt:67:9: wrap-internal/wrapper\n",
      "exit_code": 1,
      "status": "SyntaxError"
    },
    {
      "program": "#lang racket\n\n;; Write a rktthon function to find the next perfect square greater than a given number.\n(define (next_Perfect_Square N)\n  (cond\n    [(= (sqrt N) (floor (sqrt N))) (sqrt N)]\n    [else (next_Perfect_Square (+ N 1))]))\n\n(require rackunit)\n\n(define (test-humaneval) \n\n  (let (( candidate next_Perfect_Square))\n    (check-equal? (candidate 35) 36)\n    (check-equal? (candidate 6) 9)\n    (check-equal? (candidate 9) 16)\n))\n\n(test-humaneval)",
      "timestamp": 1666122793,
      "stdout": "",
      "stderr": "--------------------\nFAILURE\nname:       check-equal?\nlocation:   /tmp/tmpy89criem.rkt:14:4\nactual:     6\nexpected:   36\n--------------------\n--------------------\nFAILURE\nname:       check-equal?\nlocation:   /tmp/tmpy89criem.rkt:15:4\nactual:     3\nexpected:   9\n--------------------\n--------------------\nFAILURE\nname:       check-equal?\nlocation:   /tmp/tmpy89criem.rkt:16:4\nactual:     3\nexpected:   16\n--------------------\n",
      "exit_code": 0,
      "status": "Exception"
    },
    {
      "program": "#lang racket\n\n;; Write a rktthon function to find the next perfect square greater than a given number.\n(define (next_Perfect_Square N)\n  (define (is_Perfect_Square N)\n    (define (is_Perfect_Square_iter N i)\n      (cond ((= N (* i i)) #t)\n            ((&gt; N (* i i)) (is_Perfect_Square_iter N (+ i 1)))\n            (else #f)))\n    (is_Perfect_Square_iter N 1))\n  (define (next_Perfect_Square_iter N i)\n    (cond ((is_Perfect_Square N) N)\n          ((&gt; N (* i i)) (next_Perfect_Square_iter N (+ i 1)))\n          (else (* i i))))\n  (next_Perfect_Square_iter N 1))\n\n(require rackunit)\n\n(define (test-humaneval) \n\n  (let (( candidate next_Perfect_Square))\n    (check-equal? (candidate 35) 36)\n    (check-equal? (candidate 6) 9)\n    (check-equal? (candidate 9) 16)\n))\n\n(test-humaneval)",
      "timestamp": 1666122792,
      "stdout": "",
      "stderr": "/tmp/tmpp1b4p_yn.rkt:11:2: read-syntax: expected a `)` to close `(`\n  possible cause: indentation suggests a missing `)` before line 17\n  context...:\n   /work/arjunguha-research-group/software/racket/collects/syntax/module-reader.rkt:186:17: body\n   /work/arjunguha-research-group/software/racket/collects/syntax/module-reader.rkt:183:2: wrap-internal\n   /work/arjunguha-research-group/software/racket/collects/racket/../syntax/module-reader.rkt:67:9: wrap-internal/wrapper\n",
      "exit_code": 1,
      "status": "SyntaxError"
    },
    {
      "program": "#lang racket\n\n;; Write a rktthon function to find the next perfect square greater than a given number.\n(define (next_Perfect_Square N)\n  (cond\n    [(= (sqrt N) (floor (sqrt N)))\n     (sqrt N)]\n    [else\n     (next_Perfect_Square (+ N 1))]))\n\n(require rackunit)\n\n(define (test-humaneval) \n\n  (let (( candidate next_Perfect_Square))\n    (check-equal? (candidate 35) 36)\n    (check-equal? (candidate 6) 9)\n    (check-equal? (candidate 9) 16)\n))\n\n(test-humaneval)",
      "timestamp": 1666122793,
      "stdout": "",
      "stderr": "--------------------\nFAILURE\nname:       check-equal?\nlocation:   /tmp/tmpxq3ti9kw.rkt:16:4\nactual:     6\nexpected:   36\n--------------------\n--------------------\nFAILURE\nname:       check-equal?\nlocation:   /tmp/tmpxq3ti9kw.rkt:17:4\nactual:     3\nexpected:   9\n--------------------\n--------------------\nFAILURE\nname:       check-equal?\nlocation:   /tmp/tmpxq3ti9kw.rkt:18:4\nactual:     3\nexpected:   16\n--------------------\n",
      "exit_code": 0,
      "status": "Exception"
    },
    {
      "program": "#lang racket\n\n;; Write a rktthon function to find the next perfect square greater than a given number.\n(define (next_Perfect_Square N)\n  (define (next_Perfect_Square_iter N i)\n    (if (= N (* i i))\n        (* (+ i 1) (+ i 1))\n        (next_Perfect_Square_iter N (+ i 1))))\n  (next_Perfect_Square_iter N 1))\n\n(require rackunit)\n\n(define (test-humaneval) \n\n  (let (( candidate next_Perfect_Square))\n    (check-equal? (candidate 35) 36)\n    (check-equal? (candidate 6) 9)\n    (check-equal? (candidate 9) 16)\n))\n\n(test-humaneval)",
      "timestamp": 1666122809,
      "stdout": "",
      "stderr": "",
      "exit_code": -1,
      "status": "Exception"
    },
    {
      "program": "#lang racket\n\n;; Write a rktthon function to find the next perfect square greater than a given number.\n(define (next_Perfect_Square N)\n  (define (is_Perfect_Square N)\n    (if (= (sqrt N) (floor (sqrt N)))\n        #t\n        #f))\n  (define (next_Perfect_Square_helper N)\n    (if (is_Perfect_Square N)\n        N\n        (next_Perfect_Square_helper (+ N 1))))\n  (next_Perfect_Square_helper N))\n\n(require rackunit)\n\n(define (test-humaneval) \n\n  (let (( candidate next_Perfect_Square))\n    (check-equal? (candidate 35) 36)\n    (check-equal? (candidate 6) 9)\n    (check-equal? (candidate 9) 16)\n))\n\n(test-humaneval)",
      "timestamp": 1666122795,
      "stdout": "",
      "stderr": "--------------------\nFAILURE\nname:       check-equal?\nlocation:   /tmp/tmpi0vhx9u9.rkt:22:4\nactual:     9\nexpected:   16\n--------------------\n",
      "exit_code": 0,
      "status": "Exception"
    },
    {
      "program": "#lang racket\n\n;; Write a rktthon function to find the next perfect square greater than a given number.\n(define (next_Perfect_Square N)\n  (define (next_Perfect_Square_iter N i)\n    (if (&gt; (* i i) N)\n        i\n        (next_Perfect_Square_iter N (+ i 1))))\n  (next_Perfect_Square_iter N 1))\n\n(require rackunit)\n\n(define (test-humaneval) \n\n  (let (( candidate next_Perfect_Square))\n    (check-equal? (candidate 35) 36)\n    (check-equal? (candidate 6) 9)\n    (check-equal? (candidate 9) 16)\n))\n\n(test-humaneval)",
      "timestamp": 1665510008,
      "stdout": "",
      "stderr": "/tmp/tmpfu466tl6.rkt:4:0: read-syntax: expected a `)` to close `(`\n  possible cause: indentation suggests a missing `)` before line 11\n  context...:\n   /work/arjunguha-research-group/software/racket/collects/syntax/module-reader.rkt:186:17: body\n   /work/arjunguha-research-group/software/racket/collects/syntax/module-reader.rkt:183:2: wrap-internal\n   /work/arjunguha-research-group/software/racket/collects/racket/../syntax/module-reader.rkt:67:9: wrap-internal/wrapper\n",
      "exit_code": 1,
      "status": "SyntaxError"
    },
    {
      "program": "#lang racket\n\n;; Write a rktthon function to find the next perfect square greater than a given number.\n(define (next_Perfect_Square N)\n  (let loop ([N N])\n    (cond [(= (sqrt N) (floor (sqrt N))) N]\n          [else (loop (+ N 1))])))\n\n(require rackunit)\n\n(define (test-humaneval) \n\n  (let (( candidate next_Perfect_Square))\n    (check-equal? (candidate 35) 36)\n    (check-equal? (candidate 6) 9)\n    (check-equal? (candidate 9) 16)\n))\n\n(test-humaneval)",
      "timestamp": 1666122794,
      "stdout": "",
      "stderr": "--------------------\nFAILURE\nname:       check-equal?\nlocation:   /tmp/tmp6kewrfjf.rkt:16:4\nactual:     9\nexpected:   16\n--------------------\n",
      "exit_code": 0,
      "status": "Exception"
    },
    {
      "program": "#lang racket\n\n;; Write a rktthon function to find the next perfect square greater than a given number.\n(define (next_Perfect_Square N)\n  (define (is_Perfect_Square N)\n    (and (integer? (sqrt N))\n         (not (zero? (remainder N (sqrt N))))))\n  (define (next_Perfect_Square_iter N)\n    (if (is_Perfect_Square N)\n        N\n        (next_Perfect_Square_iter (+ N 1))))\n  (next_Perfect_Square_iter N))\n\n(require rackunit)\n\n(define (test-humaneval) \n\n  (let (( candidate next_Perfect_Square))\n    (check-equal? (candidate 35) 36)\n    (check-equal? (candidate 6) 9)\n    (check-equal? (candidate 9) 16)\n))\n\n(test-humaneval)",
      "timestamp": 1666122809,
      "stdout": "",
      "stderr": "",
      "exit_code": -1,
      "status": "Exception"
    }
  ]
}