{
  "name": "mbpp_453_sumofFactors",
  "language": "rkt",
  "prompt": "#lang racket\n\n;; Write a rktthon function to find the sum of even factors of a number.\n(define (sumofFactors n)\n",
  "doctests": "transform",
  "original": "/home/arjun/repos/MultiPL-E/datasets/../datasets/mbpp-typed/mbpp_453_sumofFactors.py",
  "prompt_terminology": "reworded",
  "tests": "(require rackunit)\n\n(define (test-humaneval) \n\n  (let (( candidate sumofFactors))\n    (check-equal? (candidate 18) 26)\n    (check-equal? (candidate 30) 48)\n    (check-equal? (candidate 6) 8)\n))\n\n(test-humaneval)",
  "stop_tokens": [
    "\n(define ",
    "\n#|",
    "\n;",
    "\n("
  ],
  "results": [
    {
      "program": "#lang racket\n\n;; Write a rktthon function to find the sum of even factors of a number.\n(define (sumofFactors n)\n  (define (sumofFactors-iter n i sum)\n    (cond ((&gt; i n) sum)\n          ((= (modulo n i) 0) (sumofFactors-iter n (+ i 1) (+ sum i)))\n          (else (sumofFactors-iter n (+ i 1) sum))))\n  (sumofFactors-iter n 1 0))\n\n(require rackunit)\n\n(define (test-humaneval) \n\n  (let (( candidate sumofFactors))\n    (check-equal? (candidate 18) 26)\n    (check-equal? (candidate 30) 48)\n    (check-equal? (candidate 6) 8)\n))\n\n(test-humaneval)",
      "timestamp": 1665509950,
      "stdout": "",
      "stderr": "/tmp/tmpvx9upky1.rkt:5:2: read-syntax: expected a `)` to close `(`\n  possible cause: indentation suggests a missing `)` before line 11\n  context...:\n   /work/arjunguha-research-group/software/racket/collects/syntax/module-reader.rkt:186:17: body\n   /work/arjunguha-research-group/software/racket/collects/syntax/module-reader.rkt:183:2: wrap-internal\n   /work/arjunguha-research-group/software/racket/collects/racket/../syntax/module-reader.rkt:67:9: wrap-internal/wrapper\n",
      "exit_code": 1,
      "status": "SyntaxError"
    },
    {
      "program": "#lang racket\n\n;; Write a rktthon function to find the sum of even factors of a number.\n(define (sumofFactors n)\n  (define (sumofFactors-iter i sum)\n    (cond\n      [(= i n) sum]\n      [(= 0 (modulo n i)) (sumofFactors-iter (+ i 1) (+ sum i))]\n      [else (sumofFactors-iter (+ i 1) sum)]))\n  (sumofFactors-iter 1 0))\n\n(require rackunit)\n\n(define (test-humaneval) \n\n  (let (( candidate sumofFactors))\n    (check-equal? (candidate 18) 26)\n    (check-equal? (candidate 30) 48)\n    (check-equal? (candidate 6) 8)\n))\n\n(test-humaneval)",
      "timestamp": 1665509950,
      "stdout": "",
      "stderr": "--------------------\nFAILURE\nname:       check-equal?\nlocation:   /tmp/tmpn5whvsfr.rkt:17:4\nactual:     21\nexpected:   26\n--------------------\n--------------------\nFAILURE\nname:       check-equal?\nlocation:   /tmp/tmpn5whvsfr.rkt:18:4\nactual:     42\nexpected:   48\n--------------------\n--------------------\nFAILURE\nname:       check-equal?\nlocation:   /tmp/tmpn5whvsfr.rkt:19:4\nactual:     6\nexpected:   8\n--------------------\n",
      "exit_code": 0,
      "status": "Exception"
    },
    {
      "program": "#lang racket\n\n;; Write a rktthon function to find the sum of even factors of a number.\n(define (sumofFactors n)\n  (define (sumofFactors-iter n i sum)\n    (cond ((&gt; i n) sum)\n          ((= (remainder n i) 0) (sumofFactors-iter n (+ i 1) (+ sum i)))\n          (else (sumofFactors-iter n (+ i 1) sum))))\n  (sumofFactors-iter n 1 0))\n\n(require rackunit)\n\n(define (test-humaneval) \n\n  (let (( candidate sumofFactors))\n    (check-equal? (candidate 18) 26)\n    (check-equal? (candidate 30) 48)\n    (check-equal? (candidate 6) 8)\n))\n\n(test-humaneval)",
      "timestamp": 1665509950,
      "stdout": "",
      "stderr": "/tmp/tmpbh07kmj2.rkt:5:2: read-syntax: expected a `)` to close `(`\n  possible cause: indentation suggests a missing `)` before line 11\n  context...:\n   /work/arjunguha-research-group/software/racket/collects/syntax/module-reader.rkt:186:17: body\n   /work/arjunguha-research-group/software/racket/collects/syntax/module-reader.rkt:183:2: wrap-internal\n   /work/arjunguha-research-group/software/racket/collects/racket/../syntax/module-reader.rkt:67:9: wrap-internal/wrapper\n",
      "exit_code": 1,
      "status": "SyntaxError"
    },
    {
      "program": "#lang racket\n\n;; Write a rktthon function to find the sum of even factors of a number.\n(define (sumofFactors n)\n  (define (sumofFactors-iter n i sum)\n    (cond\n      [(= i n) sum]\n      [(= 0 (modulo n i)) (sumofFactors-iter n (+ i 1) (+ sum i))]\n      [else (sumofFactors-iter n (+ i 1) sum)]))\n  (sumofFactors-iter n 1 0))\n\n(require rackunit)\n\n(define (test-humaneval) \n\n  (let (( candidate sumofFactors))\n    (check-equal? (candidate 18) 26)\n    (check-equal? (candidate 30) 48)\n    (check-equal? (candidate 6) 8)\n))\n\n(test-humaneval)",
      "timestamp": 1665509950,
      "stdout": "",
      "stderr": "--------------------\nFAILURE\nname:       check-equal?\nlocation:   /tmp/tmpthmy1s30.rkt:17:4\nactual:     21\nexpected:   26\n--------------------\n--------------------\nFAILURE\nname:       check-equal?\nlocation:   /tmp/tmpthmy1s30.rkt:18:4\nactual:     42\nexpected:   48\n--------------------\n--------------------\nFAILURE\nname:       check-equal?\nlocation:   /tmp/tmpthmy1s30.rkt:19:4\nactual:     6\nexpected:   8\n--------------------\n",
      "exit_code": 0,
      "status": "Exception"
    },
    {
      "program": "#lang racket\n\n;; Write a rktthon function to find the sum of even factors of a number.\n(define (sumofFactors n)\n  (define (sumofFactors-iter i sum)\n    (cond ((&gt; i n) sum)\n          ((= (remainder n i) 0) (sumofFactors-iter (+ i 1) (+ sum i)))\n          (else (sumofFactors-iter (+ i 1) sum))))\n  (sumofFactors-iter 1 0))\n\n(require rackunit)\n\n(define (test-humaneval) \n\n  (let (( candidate sumofFactors))\n    (check-equal? (candidate 18) 26)\n    (check-equal? (candidate 30) 48)\n    (check-equal? (candidate 6) 8)\n))\n\n(test-humaneval)",
      "timestamp": 1665509950,
      "stdout": "",
      "stderr": "/tmp/tmp1ke3_s3r.rkt:5:2: read-syntax: expected a `)` to close `(`\n  possible cause: indentation suggests a missing `)` before line 11\n  context...:\n   /work/arjunguha-research-group/software/racket/collects/syntax/module-reader.rkt:186:17: body\n   /work/arjunguha-research-group/software/racket/collects/syntax/module-reader.rkt:183:2: wrap-internal\n   /work/arjunguha-research-group/software/racket/collects/racket/../syntax/module-reader.rkt:67:9: wrap-internal/wrapper\n",
      "exit_code": 1,
      "status": "SyntaxError"
    },
    {
      "program": "#lang racket\n\n;; Write a rktthon function to find the sum of even factors of a number.\n(define (sumofFactors n)\n  (define (sumofFactors-iter i sum)\n    (cond ((&gt; i n) sum)\n          ((= (remainder n i) 0) (sumofFactors-iter (+ i 1) (+ sum i)))\n          (else (sumofFactors-iter (+ i 1) sum))))\n  (sumofFactors-iter 1 0))\n\n(require rackunit)\n\n(define (test-humaneval) \n\n  (let (( candidate sumofFactors))\n    (check-equal? (candidate 18) 26)\n    (check-equal? (candidate 30) 48)\n    (check-equal? (candidate 6) 8)\n))\n\n(test-humaneval)",
      "timestamp": 1665509950,
      "stdout": "",
      "stderr": "/tmp/tmp1ke3_s3r.rkt:5:2: read-syntax: expected a `)` to close `(`\n  possible cause: indentation suggests a missing `)` before line 11\n  context...:\n   /work/arjunguha-research-group/software/racket/collects/syntax/module-reader.rkt:186:17: body\n   /work/arjunguha-research-group/software/racket/collects/syntax/module-reader.rkt:183:2: wrap-internal\n   /work/arjunguha-research-group/software/racket/collects/racket/../syntax/module-reader.rkt:67:9: wrap-internal/wrapper\n",
      "exit_code": 1,
      "status": "SyntaxError"
    },
    {
      "program": "#lang racket\n\n;; Write a rktthon function to find the sum of even factors of a number.\n(define (sumofFactors n)\n  (define (sumofFactors-iter i sum)\n    (cond\n      [(= i n) sum]\n      [(= (modulo n i) 0) (sumofFactors-iter (+ i 1) (+ sum i))]\n      [else (sumofFactors-iter (+ i 1) sum)]))\n  (sumofFactors-iter 1 0))\n\n(require rackunit)\n\n(define (test-humaneval) \n\n  (let (( candidate sumofFactors))\n    (check-equal? (candidate 18) 26)\n    (check-equal? (candidate 30) 48)\n    (check-equal? (candidate 6) 8)\n))\n\n(test-humaneval)",
      "timestamp": 1665509951,
      "stdout": "",
      "stderr": "--------------------\nFAILURE\nname:       check-equal?\nlocation:   /tmp/tmp4lqwu0e4.rkt:17:4\nactual:     21\nexpected:   26\n--------------------\n--------------------\nFAILURE\nname:       check-equal?\nlocation:   /tmp/tmp4lqwu0e4.rkt:18:4\nactual:     42\nexpected:   48\n--------------------\n--------------------\nFAILURE\nname:       check-equal?\nlocation:   /tmp/tmp4lqwu0e4.rkt:19:4\nactual:     6\nexpected:   8\n--------------------\n",
      "exit_code": 0,
      "status": "Exception"
    },
    {
      "program": "#lang racket\n\n;; Write a rktthon function to find the sum of even factors of a number.\n(define (sumofFactors n)\n  (define (sumofFactors-iter i sum)\n    (if (= i n)\n        sum\n        (if (= (remainder i 2) 0)\n            (sumofFactors-iter (+ i 1) (+ sum i))\n            (sumofFactors-iter (+ i 1) sum))))\n  (sumofFactors-iter 1 0))\n\n(require rackunit)\n\n(define (test-humaneval) \n\n  (let (( candidate sumofFactors))\n    (check-equal? (candidate 18) 26)\n    (check-equal? (candidate 30) 48)\n    (check-equal? (candidate 6) 8)\n))\n\n(test-humaneval)",
      "timestamp": 1665509951,
      "stdout": "",
      "stderr": "--------------------\nFAILURE\nname:       check-equal?\nlocation:   /tmp/tmpwk3g_jic.rkt:18:4\nactual:     72\nexpected:   26\n--------------------\n--------------------\nFAILURE\nname:       check-equal?\nlocation:   /tmp/tmpwk3g_jic.rkt:19:4\nactual:     210\nexpected:   48\n--------------------\n--------------------\nFAILURE\nname:       check-equal?\nlocation:   /tmp/tmpwk3g_jic.rkt:20:4\nactual:     6\nexpected:   8\n--------------------\n",
      "exit_code": 0,
      "status": "Exception"
    },
    {
      "program": "#lang racket\n\n;; Write a rktthon function to find the sum of even factors of a number.\n(define (sumofFactors n)\n  (define (sumofFactors-iter n i)\n    (if (&gt; i n)\n        0\n        (if (= (remainder n i) 0)\n            (+ i (sumofFactors-iter n (+ i 1)))\n            (sumofFactors-iter n (+ i 1)))))\n  (sumofFactors-iter n 1))\n\n(require rackunit)\n\n(define (test-humaneval) \n\n  (let (( candidate sumofFactors))\n    (check-equal? (candidate 18) 26)\n    (check-equal? (candidate 30) 48)\n    (check-equal? (candidate 6) 8)\n))\n\n(test-humaneval)",
      "timestamp": 1665509950,
      "stdout": "",
      "stderr": "/tmp/tmp167_5dp2.rkt:4:0: read-syntax: expected a `)` to close `(`\n  possible cause: indentation suggests a missing `)` before line 13\n  context...:\n   /work/arjunguha-research-group/software/racket/collects/syntax/module-reader.rkt:186:17: body\n   /work/arjunguha-research-group/software/racket/collects/syntax/module-reader.rkt:183:2: wrap-internal\n   /work/arjunguha-research-group/software/racket/collects/racket/../syntax/module-reader.rkt:67:9: wrap-internal/wrapper\n",
      "exit_code": 1,
      "status": "SyntaxError"
    },
    {
      "program": "#lang racket\n\n;; Write a rktthon function to find the sum of even factors of a number.\n(define (sumofFactors n)\n  (define (sumofFactors-iter n i sum)\n    (cond ((&gt; i n) sum)\n          ((= (modulo n i) 0) (sumofFactors-iter n (+ i 1) (+ sum i)))\n          (else (sumofFactors-iter n (+ i 1) sum))))\n  (sumofFactors-iter n 1 0))\n\n(require rackunit)\n\n(define (test-humaneval) \n\n  (let (( candidate sumofFactors))\n    (check-equal? (candidate 18) 26)\n    (check-equal? (candidate 30) 48)\n    (check-equal? (candidate 6) 8)\n))\n\n(test-humaneval)",
      "timestamp": 1665509950,
      "stdout": "",
      "stderr": "/tmp/tmpvx9upky1.rkt:5:2: read-syntax: expected a `)` to close `(`\n  possible cause: indentation suggests a missing `)` before line 11\n  context...:\n   /work/arjunguha-research-group/software/racket/collects/syntax/module-reader.rkt:186:17: body\n   /work/arjunguha-research-group/software/racket/collects/syntax/module-reader.rkt:183:2: wrap-internal\n   /work/arjunguha-research-group/software/racket/collects/racket/../syntax/module-reader.rkt:67:9: wrap-internal/wrapper\n",
      "exit_code": 1,
      "status": "SyntaxError"
    },
    {
      "program": "#lang racket\n\n;; Write a rktthon function to find the sum of even factors of a number.\n(define (sumofFactors n)\n  (define (sumofFactors-iter n i sum)\n    (cond\n      [(= i n) sum]\n      [(= (modulo n i) 0) (sumofFactors-iter n (+ i 1) (+ sum i))]\n      [else (sumofFactors-iter n (+ i 1) sum)]))\n  (sumofFactors-iter n 1 0))\n\n(require rackunit)\n\n(define (test-humaneval) \n\n  (let (( candidate sumofFactors))\n    (check-equal? (candidate 18) 26)\n    (check-equal? (candidate 30) 48)\n    (check-equal? (candidate 6) 8)\n))\n\n(test-humaneval)",
      "timestamp": 1665509951,
      "stdout": "",
      "stderr": "--------------------\nFAILURE\nname:       check-equal?\nlocation:   /tmp/tmp6xla1p7f.rkt:17:4\nactual:     21\nexpected:   26\n--------------------\n--------------------\nFAILURE\nname:       check-equal?\nlocation:   /tmp/tmp6xla1p7f.rkt:18:4\nactual:     42\nexpected:   48\n--------------------\n--------------------\nFAILURE\nname:       check-equal?\nlocation:   /tmp/tmp6xla1p7f.rkt:19:4\nactual:     6\nexpected:   8\n--------------------\n",
      "exit_code": 0,
      "status": "Exception"
    },
    {
      "program": "#lang racket\n\n;; Write a rktthon function to find the sum of even factors of a number.\n(define (sumofFactors n)\n  (define (sumofFactors-iter n i sum)\n    (cond ((= i n) sum)\n          ((= 0 (modulo n i)) (+ sum i))\n          (else sum)))\n  (sumofFactors-iter n 1 0))\n\n(require rackunit)\n\n(define (test-humaneval) \n\n  (let (( candidate sumofFactors))\n    (check-equal? (candidate 18) 26)\n    (check-equal? (candidate 30) 48)\n    (check-equal? (candidate 6) 8)\n))\n\n(test-humaneval)",
      "timestamp": 1665509951,
      "stdout": "",
      "stderr": "--------------------\nFAILURE\nname:       check-equal?\nlocation:   /tmp/tmpzd20vzn0.rkt:16:4\nactual:     1\nexpected:   26\n--------------------\n--------------------\nFAILURE\nname:       check-equal?\nlocation:   /tmp/tmpzd20vzn0.rkt:17:4\nactual:     1\nexpected:   48\n--------------------\n--------------------\nFAILURE\nname:       check-equal?\nlocation:   /tmp/tmpzd20vzn0.rkt:18:4\nactual:     1\nexpected:   8\n--------------------\n",
      "exit_code": 0,
      "status": "Exception"
    },
    {
      "program": "#lang racket\n\n;; Write a rktthon function to find the sum of even factors of a number.\n(define (sumofFactors n)\n  (define (sumofFactors-iter i sum)\n    (cond ((= i n) sum)\n          ((even? i) (sumofFactors-iter (+ i 1) (+ sum i)))\n          (else (sumofFactors-iter (+ i 1) sum))))\n  (sumofFactors-iter 1 0))\n\n(require rackunit)\n\n(define (test-humaneval) \n\n  (let (( candidate sumofFactors))\n    (check-equal? (candidate 18) 26)\n    (check-equal? (candidate 30) 48)\n    (check-equal? (candidate 6) 8)\n))\n\n(test-humaneval)",
      "timestamp": 1665509951,
      "stdout": "",
      "stderr": "--------------------\nFAILURE\nname:       check-equal?\nlocation:   /tmp/tmppljmwmmv.rkt:16:4\nactual:     72\nexpected:   26\n--------------------\n--------------------\nFAILURE\nname:       check-equal?\nlocation:   /tmp/tmppljmwmmv.rkt:17:4\nactual:     210\nexpected:   48\n--------------------\n--------------------\nFAILURE\nname:       check-equal?\nlocation:   /tmp/tmppljmwmmv.rkt:18:4\nactual:     6\nexpected:   8\n--------------------\n",
      "exit_code": 0,
      "status": "Exception"
    },
    {
      "program": "#lang racket\n\n;; Write a rktthon function to find the sum of even factors of a number.\n(define (sumofFactors n)\n  (define (sumofFactors-iter n i)\n    (cond\n      [(= i n) 0]\n      [(= (modulo n i) 0) (+ i (sumofFactors-iter n (+ i 1)))]\n      [else (sumofFactors-iter n (+ i 1))]))\n  (sumofFactors-iter n 1))\n\n(require rackunit)\n\n(define (test-humaneval) \n\n  (let (( candidate sumofFactors))\n    (check-equal? (candidate 18) 26)\n    (check-equal? (candidate 30) 48)\n    (check-equal? (candidate 6) 8)\n))\n\n(test-humaneval)",
      "timestamp": 1665509951,
      "stdout": "",
      "stderr": "--------------------\nFAILURE\nname:       check-equal?\nlocation:   /tmp/tmp7oahl6c9.rkt:17:4\nactual:     21\nexpected:   26\n--------------------\n--------------------\nFAILURE\nname:       check-equal?\nlocation:   /tmp/tmp7oahl6c9.rkt:18:4\nactual:     42\nexpected:   48\n--------------------\n--------------------\nFAILURE\nname:       check-equal?\nlocation:   /tmp/tmp7oahl6c9.rkt:19:4\nactual:     6\nexpected:   8\n--------------------\n",
      "exit_code": 0,
      "status": "Exception"
    },
    {
      "program": "#lang racket\n\n;; Write a rktthon function to find the sum of even factors of a number.\n(define (sumofFactors n)\n  (define (sumofFactors-iter n i sum)\n    (cond\n      [(= i n) sum]\n      [(= 0 (modulo n i)) (sumofFactors-iter n (+ i 1) (+ sum i))]\n      [else (sumofFactors-iter n (+ i 1) sum)]))\n  (sumofFactors-iter n 1 0))\n\n(require rackunit)\n\n(define (test-humaneval) \n\n  (let (( candidate sumofFactors))\n    (check-equal? (candidate 18) 26)\n    (check-equal? (candidate 30) 48)\n    (check-equal? (candidate 6) 8)\n))\n\n(test-humaneval)",
      "timestamp": 1665509950,
      "stdout": "",
      "stderr": "--------------------\nFAILURE\nname:       check-equal?\nlocation:   /tmp/tmpthmy1s30.rkt:17:4\nactual:     21\nexpected:   26\n--------------------\n--------------------\nFAILURE\nname:       check-equal?\nlocation:   /tmp/tmpthmy1s30.rkt:18:4\nactual:     42\nexpected:   48\n--------------------\n--------------------\nFAILURE\nname:       check-equal?\nlocation:   /tmp/tmpthmy1s30.rkt:19:4\nactual:     6\nexpected:   8\n--------------------\n",
      "exit_code": 0,
      "status": "Exception"
    },
    {
      "program": "#lang racket\n\n;; Write a rktthon function to find the sum of even factors of a number.\n(define (sumofFactors n)\n  (define (sumofFactors-iter n i)\n    (cond ((= i n) 0)\n          ((= 0 (modulo n i)) (+ i (sumofFactors-iter n (+ i 1))))\n          (else (sumofFactors-iter n (+ i 1)))))\n  (sumofFactors-iter n 1))\n\n(require rackunit)\n\n(define (test-humaneval) \n\n  (let (( candidate sumofFactors))\n    (check-equal? (candidate 18) 26)\n    (check-equal? (candidate 30) 48)\n    (check-equal? (candidate 6) 8)\n))\n\n(test-humaneval)",
      "timestamp": 1665509951,
      "stdout": "",
      "stderr": "--------------------\nFAILURE\nname:       check-equal?\nlocation:   /tmp/tmpb9h0eg68.rkt:16:4\nactual:     21\nexpected:   26\n--------------------\n--------------------\nFAILURE\nname:       check-equal?\nlocation:   /tmp/tmpb9h0eg68.rkt:17:4\nactual:     42\nexpected:   48\n--------------------\n--------------------\nFAILURE\nname:       check-equal?\nlocation:   /tmp/tmpb9h0eg68.rkt:18:4\nactual:     6\nexpected:   8\n--------------------\n",
      "exit_code": 0,
      "status": "Exception"
    },
    {
      "program": "#lang racket\n\n;; Write a rktthon function to find the sum of even factors of a number.\n(define (sumofFactors n)\n  (define (sumofFactors-iter n i)\n    (cond ((= i n) 0)\n          ((= 0 (modulo n i)) (+ i (sumofFactors-iter n (+ i 1))))\n          (else (sumofFactors-iter n (+ i 1)))))\n  (sumofFactors-iter n 1))\n\n(require rackunit)\n\n(define (test-humaneval) \n\n  (let (( candidate sumofFactors))\n    (check-equal? (candidate 18) 26)\n    (check-equal? (candidate 30) 48)\n    (check-equal? (candidate 6) 8)\n))\n\n(test-humaneval)",
      "timestamp": 1665509951,
      "stdout": "",
      "stderr": "--------------------\nFAILURE\nname:       check-equal?\nlocation:   /tmp/tmpb9h0eg68.rkt:16:4\nactual:     21\nexpected:   26\n--------------------\n--------------------\nFAILURE\nname:       check-equal?\nlocation:   /tmp/tmpb9h0eg68.rkt:17:4\nactual:     42\nexpected:   48\n--------------------\n--------------------\nFAILURE\nname:       check-equal?\nlocation:   /tmp/tmpb9h0eg68.rkt:18:4\nactual:     6\nexpected:   8\n--------------------\n",
      "exit_code": 0,
      "status": "Exception"
    },
    {
      "program": "#lang racket\n\n;; Write a rktthon function to find the sum of even factors of a number.\n(define (sumofFactors n)\n  (define (sumofFactors-iter n i sum)\n    (cond ((= i n) sum)\n          ((even? i) (sumofFactors-iter n (+ i 1) (+ sum i)))\n          (else (sumofFactors-iter n (+ i 1) sum))))\n  (sumofFactors-iter n 1 0))\n\n(require rackunit)\n\n(define (test-humaneval) \n\n  (let (( candidate sumofFactors))\n    (check-equal? (candidate 18) 26)\n    (check-equal? (candidate 30) 48)\n    (check-equal? (candidate 6) 8)\n))\n\n(test-humaneval)",
      "timestamp": 1665509951,
      "stdout": "",
      "stderr": "--------------------\nFAILURE\nname:       check-equal?\nlocation:   /tmp/tmpi5xieusj.rkt:16:4\nactual:     72\nexpected:   26\n--------------------\n--------------------\nFAILURE\nname:       check-equal?\nlocation:   /tmp/tmpi5xieusj.rkt:17:4\nactual:     210\nexpected:   48\n--------------------\n--------------------\nFAILURE\nname:       check-equal?\nlocation:   /tmp/tmpi5xieusj.rkt:18:4\nactual:     6\nexpected:   8\n--------------------\n",
      "exit_code": 0,
      "status": "Exception"
    },
    {
      "program": "#lang racket\n\n;; Write a rktthon function to find the sum of even factors of a number.\n(define (sumofFactors n)\n  (define (sumofFactors-iter n i sum)\n    (cond\n      [(= i n) sum]\n      [(= 0 (modulo n i))\n       (sumofFactors-iter n (+ i 1) (+ sum i))]\n      [else (sumofFactors-iter n (+ i 1) sum)]))\n  (sumofFactors-iter n 1 0))\n\n(require rackunit)\n\n(define (test-humaneval) \n\n  (let (( candidate sumofFactors))\n    (check-equal? (candidate 18) 26)\n    (check-equal? (candidate 30) 48)\n    (check-equal? (candidate 6) 8)\n))\n\n(test-humaneval)",
      "timestamp": 1665509951,
      "stdout": "",
      "stderr": "--------------------\nFAILURE\nname:       check-equal?\nlocation:   /tmp/tmp6d2s5awo.rkt:18:4\nactual:     21\nexpected:   26\n--------------------\n--------------------\nFAILURE\nname:       check-equal?\nlocation:   /tmp/tmp6d2s5awo.rkt:19:4\nactual:     42\nexpected:   48\n--------------------\n--------------------\nFAILURE\nname:       check-equal?\nlocation:   /tmp/tmp6d2s5awo.rkt:20:4\nactual:     6\nexpected:   8\n--------------------\n",
      "exit_code": 0,
      "status": "Exception"
    },
    {
      "program": "#lang racket\n\n;; Write a rktthon function to find the sum of even factors of a number.\n(define (sumofFactors n)\n  (define (sumofFactors-iter n i sum)\n    (cond ((= i n) sum)\n          ((= (modulo n i) 0) (sumofFactors-iter n (+ i 1) (+ sum i)))\n          (else (sumofFactors-iter n (+ i 1) sum))))\n  (sumofFactors-iter n 1 0))\n\n(require rackunit)\n\n(define (test-humaneval) \n\n  (let (( candidate sumofFactors))\n    (check-equal? (candidate 18) 26)\n    (check-equal? (candidate 30) 48)\n    (check-equal? (candidate 6) 8)\n))\n\n(test-humaneval)",
      "timestamp": 1665509951,
      "stdout": "",
      "stderr": "--------------------\nFAILURE\nname:       check-equal?\nlocation:   /tmp/tmp6u7ydi7o.rkt:16:4\nactual:     21\nexpected:   26\n--------------------\n--------------------\nFAILURE\nname:       check-equal?\nlocation:   /tmp/tmp6u7ydi7o.rkt:17:4\nactual:     42\nexpected:   48\n--------------------\n--------------------\nFAILURE\nname:       check-equal?\nlocation:   /tmp/tmp6u7ydi7o.rkt:18:4\nactual:     6\nexpected:   8\n--------------------\n",
      "exit_code": 0,
      "status": "Exception"
    },
    {
      "program": "#lang racket\n\n;; Write a rktthon function to find the sum of even factors of a number.\n(define (sumofFactors n)\n  (define (sumofFactors-iter n i)\n    (cond ((&gt; i n) 0)\n          ((= (modulo n i) 0) (+ i (sumofFactors-iter n (+ i 1))))\n          (else (sumofFactors-iter n (+ i 1)))))\n  (sumofFactors-iter n 1))\n\n(require rackunit)\n\n(define (test-humaneval) \n\n  (let (( candidate sumofFactors))\n    (check-equal? (candidate 18) 26)\n    (check-equal? (candidate 30) 48)\n    (check-equal? (candidate 6) 8)\n))\n\n(test-humaneval)",
      "timestamp": 1666122416,
      "stdout": "",
      "stderr": "/tmp/tmpowbced7i.rkt:5:2: read-syntax: expected a `)` to close `(`\n  possible cause: indentation suggests a missing `)` before line 11\n  context...:\n   /work/arjunguha-research-group/software/racket/collects/syntax/module-reader.rkt:186:17: body\n   /work/arjunguha-research-group/software/racket/collects/syntax/module-reader.rkt:183:2: wrap-internal\n   /work/arjunguha-research-group/software/racket/collects/racket/../syntax/module-reader.rkt:67:9: wrap-internal/wrapper\n",
      "exit_code": 1,
      "status": "SyntaxError"
    },
    {
      "program": "#lang racket\n\n;; Write a rktthon function to find the sum of even factors of a number.\n(define (sumofFactors n)\n  (define (sumofFactors-iter product counter)\n    (if (&gt; counter n)\n        product\n        (if (= (remainder n counter) 0)\n            (sumofFactors-iter (+ product counter) (+ counter 1))\n            (sumofFactors-iter product (+ counter 1)))))\n  (sumofFactors-iter 0 1))\n\n(require rackunit)\n\n(define (test-humaneval) \n\n  (let (( candidate sumofFactors))\n    (check-equal? (candidate 18) 26)\n    (check-equal? (candidate 30) 48)\n    (check-equal? (candidate 6) 8)\n))\n\n(test-humaneval)",
      "timestamp": 1666122417,
      "stdout": "",
      "stderr": "/tmp/tmphmpfuzwr.rkt:4:0: read-syntax: expected a `)` to close `(`\n  possible cause: indentation suggests a missing `)` before line 13\n  context...:\n   /work/arjunguha-research-group/software/racket/collects/syntax/module-reader.rkt:186:17: body\n   /work/arjunguha-research-group/software/racket/collects/syntax/module-reader.rkt:183:2: wrap-internal\n   /work/arjunguha-research-group/software/racket/collects/racket/../syntax/module-reader.rkt:67:9: wrap-internal/wrapper\n",
      "exit_code": 1,
      "status": "SyntaxError"
    },
    {
      "program": "#lang racket\n\n;; Write a rktthon function to find the sum of even factors of a number.\n(define (sumofFactors n)\n  (define (sumofFactors_iter n i sum)\n    (if (= n i)\n        sum\n        (if (= 0 (modulo n i))\n            (sumofFactors_iter n (+ i 1) (+ sum i))\n            (sumofFactors_iter n (+ i 1) sum))))\n  (sumofFactors_iter n 1 0))\n\n(require rackunit)\n\n(define (test-humaneval) \n\n  (let (( candidate sumofFactors))\n    (check-equal? (candidate 18) 26)\n    (check-equal? (candidate 30) 48)\n    (check-equal? (candidate 6) 8)\n))\n\n(test-humaneval)",
      "timestamp": 1666122418,
      "stdout": "",
      "stderr": "--------------------\nFAILURE\nname:       check-equal?\nlocation:   /tmp/tmprgywvz3f.rkt:18:4\nactual:     21\nexpected:   26\n--------------------\n--------------------\nFAILURE\nname:       check-equal?\nlocation:   /tmp/tmprgywvz3f.rkt:19:4\nactual:     42\nexpected:   48\n--------------------\n--------------------\nFAILURE\nname:       check-equal?\nlocation:   /tmp/tmprgywvz3f.rkt:20:4\nactual:     6\nexpected:   8\n--------------------\n",
      "exit_code": 0,
      "status": "Exception"
    },
    {
      "program": "#lang racket\n\n;; Write a rktthon function to find the sum of even factors of a number.\n(define (sumofFactors n)\n  (define (sumofFactors-iter n i sum)\n    (cond\n      [(= i n) sum]\n      [(= 0 (modulo n i)) (sumofFactors-iter n (+ i 1) (+ sum i))]\n      [else (sumofFactors-iter n (+ i 1) sum)]))\n  (sumofFactors-iter n 1 0))\n\n(require rackunit)\n\n(define (test-humaneval) \n\n  (let (( candidate sumofFactors))\n    (check-equal? (candidate 18) 26)\n    (check-equal? (candidate 30) 48)\n    (check-equal? (candidate 6) 8)\n))\n\n(test-humaneval)",
      "timestamp": 1665509950,
      "stdout": "",
      "stderr": "--------------------\nFAILURE\nname:       check-equal?\nlocation:   /tmp/tmpthmy1s30.rkt:17:4\nactual:     21\nexpected:   26\n--------------------\n--------------------\nFAILURE\nname:       check-equal?\nlocation:   /tmp/tmpthmy1s30.rkt:18:4\nactual:     42\nexpected:   48\n--------------------\n--------------------\nFAILURE\nname:       check-equal?\nlocation:   /tmp/tmpthmy1s30.rkt:19:4\nactual:     6\nexpected:   8\n--------------------\n",
      "exit_code": 0,
      "status": "Exception"
    },
    {
      "program": "#lang racket\n\n;; Write a rktthon function to find the sum of even factors of a number.\n(define (sumofFactors n)\n  (define (sumofFactors-iter n i sum)\n    (cond\n      [(= i n) sum]\n      [(= 0 (modulo n i)) (sumofFactors-iter n (+ i 1) (+ sum i))]\n      [else (sumofFactors-iter n (+ i 1) sum)]))\n  (sumofFactors-iter n 1 0))\n\n(require rackunit)\n\n(define (test-humaneval) \n\n  (let (( candidate sumofFactors))\n    (check-equal? (candidate 18) 26)\n    (check-equal? (candidate 30) 48)\n    (check-equal? (candidate 6) 8)\n))\n\n(test-humaneval)",
      "timestamp": 1665509950,
      "stdout": "",
      "stderr": "--------------------\nFAILURE\nname:       check-equal?\nlocation:   /tmp/tmpthmy1s30.rkt:17:4\nactual:     21\nexpected:   26\n--------------------\n--------------------\nFAILURE\nname:       check-equal?\nlocation:   /tmp/tmpthmy1s30.rkt:18:4\nactual:     42\nexpected:   48\n--------------------\n--------------------\nFAILURE\nname:       check-equal?\nlocation:   /tmp/tmpthmy1s30.rkt:19:4\nactual:     6\nexpected:   8\n--------------------\n",
      "exit_code": 0,
      "status": "Exception"
    },
    {
      "program": "#lang racket\n\n;; Write a rktthon function to find the sum of even factors of a number.\n(define (sumofFactors n)\n  (define (sumofFactors-iter n i sum)\n    (cond\n      [(= i n) sum]\n      [(= (modulo n i) 0) (sumofFactors-iter n (+ i 1) (+ sum i))]\n      [else (sumofFactors-iter n (+ i 1) sum)]))\n  (sumofFactors-iter n 1 0))\n\n(require rackunit)\n\n(define (test-humaneval) \n\n  (let (( candidate sumofFactors))\n    (check-equal? (candidate 18) 26)\n    (check-equal? (candidate 30) 48)\n    (check-equal? (candidate 6) 8)\n))\n\n(test-humaneval)",
      "timestamp": 1665509951,
      "stdout": "",
      "stderr": "--------------------\nFAILURE\nname:       check-equal?\nlocation:   /tmp/tmp6xla1p7f.rkt:17:4\nactual:     21\nexpected:   26\n--------------------\n--------------------\nFAILURE\nname:       check-equal?\nlocation:   /tmp/tmp6xla1p7f.rkt:18:4\nactual:     42\nexpected:   48\n--------------------\n--------------------\nFAILURE\nname:       check-equal?\nlocation:   /tmp/tmp6xla1p7f.rkt:19:4\nactual:     6\nexpected:   8\n--------------------\n",
      "exit_code": 0,
      "status": "Exception"
    },
    {
      "program": "#lang racket\n\n;; Write a rktthon function to find the sum of even factors of a number.\n(define (sumofFactors n)\n  (define (sumofFactors-iter i sum)\n    (if (= i n)\n        sum\n        (if (= 0 (modulo n i))\n            (sumofFactors-iter (+ i 1) (+ sum i))\n            (sumofFactors-iter (+ i 1) sum))))\n  (sumofFactors-iter 1 0))\n\n(require rackunit)\n\n(define (test-humaneval) \n\n  (let (( candidate sumofFactors))\n    (check-equal? (candidate 18) 26)\n    (check-equal? (candidate 30) 48)\n    (check-equal? (candidate 6) 8)\n))\n\n(test-humaneval)",
      "timestamp": 1666122418,
      "stdout": "",
      "stderr": "--------------------\nFAILURE\nname:       check-equal?\nlocation:   /tmp/tmpcqno5xtj.rkt:18:4\nactual:     21\nexpected:   26\n--------------------\n--------------------\nFAILURE\nname:       check-equal?\nlocation:   /tmp/tmpcqno5xtj.rkt:19:4\nactual:     42\nexpected:   48\n--------------------\n--------------------\nFAILURE\nname:       check-equal?\nlocation:   /tmp/tmpcqno5xtj.rkt:20:4\nactual:     6\nexpected:   8\n--------------------\n",
      "exit_code": 0,
      "status": "Exception"
    },
    {
      "program": "#lang racket\n\n;; Write a rktthon function to find the sum of even factors of a number.\n(define (sumofFactors n)\n  (define (sumofFactors-iter n i sum)\n    (cond ((= i n) sum)\n          ((= 0 (modulo n i)) (+ sum i))\n          (else sum)))\n  (sumofFactors-iter n 1 0))\n\n(require rackunit)\n\n(define (test-humaneval) \n\n  (let (( candidate sumofFactors))\n    (check-equal? (candidate 18) 26)\n    (check-equal? (candidate 30) 48)\n    (check-equal? (candidate 6) 8)\n))\n\n(test-humaneval)",
      "timestamp": 1665509951,
      "stdout": "",
      "stderr": "--------------------\nFAILURE\nname:       check-equal?\nlocation:   /tmp/tmpzd20vzn0.rkt:16:4\nactual:     1\nexpected:   26\n--------------------\n--------------------\nFAILURE\nname:       check-equal?\nlocation:   /tmp/tmpzd20vzn0.rkt:17:4\nactual:     1\nexpected:   48\n--------------------\n--------------------\nFAILURE\nname:       check-equal?\nlocation:   /tmp/tmpzd20vzn0.rkt:18:4\nactual:     1\nexpected:   8\n--------------------\n",
      "exit_code": 0,
      "status": "Exception"
    },
    {
      "program": "#lang racket\n\n;; Write a rktthon function to find the sum of even factors of a number.\n(define (sumofFactors n)\n  (define (sumofFactors-iter n i sum)\n    (cond ((= i n) sum)\n          ((= 0 (modulo n i)) (+ sum i))\n          (else sum)))\n  (sumofFactors-iter n 1 0))\n\n(require rackunit)\n\n(define (test-humaneval) \n\n  (let (( candidate sumofFactors))\n    (check-equal? (candidate 18) 26)\n    (check-equal? (candidate 30) 48)\n    (check-equal? (candidate 6) 8)\n))\n\n(test-humaneval)",
      "timestamp": 1665509951,
      "stdout": "",
      "stderr": "--------------------\nFAILURE\nname:       check-equal?\nlocation:   /tmp/tmpzd20vzn0.rkt:16:4\nactual:     1\nexpected:   26\n--------------------\n--------------------\nFAILURE\nname:       check-equal?\nlocation:   /tmp/tmpzd20vzn0.rkt:17:4\nactual:     1\nexpected:   48\n--------------------\n--------------------\nFAILURE\nname:       check-equal?\nlocation:   /tmp/tmpzd20vzn0.rkt:18:4\nactual:     1\nexpected:   8\n--------------------\n",
      "exit_code": 0,
      "status": "Exception"
    },
    {
      "program": "#lang racket\n\n;; Write a rktthon function to find the sum of even factors of a number.\n(define (sumofFactors n)\n  (define (sumofFactors-iter n i sum)\n    (cond\n      [(= i n) sum]\n      [(= (modulo n i) 0) (sumofFactors-iter n (+ i 1) (+ sum i))]\n      [else (sumofFactors-iter n (+ i 1) sum)]))\n  (sumofFactors-iter n 1 0))\n\n(require rackunit)\n\n(define (test-humaneval) \n\n  (let (( candidate sumofFactors))\n    (check-equal? (candidate 18) 26)\n    (check-equal? (candidate 30) 48)\n    (check-equal? (candidate 6) 8)\n))\n\n(test-humaneval)",
      "timestamp": 1665509951,
      "stdout": "",
      "stderr": "--------------------\nFAILURE\nname:       check-equal?\nlocation:   /tmp/tmp6xla1p7f.rkt:17:4\nactual:     21\nexpected:   26\n--------------------\n--------------------\nFAILURE\nname:       check-equal?\nlocation:   /tmp/tmp6xla1p7f.rkt:18:4\nactual:     42\nexpected:   48\n--------------------\n--------------------\nFAILURE\nname:       check-equal?\nlocation:   /tmp/tmp6xla1p7f.rkt:19:4\nactual:     6\nexpected:   8\n--------------------\n",
      "exit_code": 0,
      "status": "Exception"
    },
    {
      "program": "#lang racket\n\n;; Write a rktthon function to find the sum of even factors of a number.\n(define (sumofFactors n)\n  (define (sumOfEvenFactors n)\n    (define (sumOfEvenFactors n i)\n      (cond ((&gt; i n) 0)\n            ((= (modulo n i) 0) (+ i (sumOfEvenFactors n (+ i 1))))\n            (else (sumOfEvenFactors n (+ i 1)))))\n    (sumOfEvenFactors n 2))\n  (sumOfEvenFactors n))\n\n(require rackunit)\n\n(define (test-humaneval) \n\n  (let (( candidate sumofFactors))\n    (check-equal? (candidate 18) 26)\n    (check-equal? (candidate 30) 48)\n    (check-equal? (candidate 6) 8)\n))\n\n(test-humaneval)",
      "timestamp": 1666122417,
      "stdout": "",
      "stderr": "/tmp/tmp252kwyjr.rkt:5:2: read-syntax: expected a `)` to close `(`\n  possible cause: indentation suggests a missing `)` before line 13\n  context...:\n   /work/arjunguha-research-group/software/racket/collects/syntax/module-reader.rkt:186:17: body\n   /work/arjunguha-research-group/software/racket/collects/syntax/module-reader.rkt:183:2: wrap-internal\n   /work/arjunguha-research-group/software/racket/collects/racket/../syntax/module-reader.rkt:67:9: wrap-internal/wrapper\n",
      "exit_code": 1,
      "status": "SyntaxError"
    },
    {
      "program": "#lang racket\n\n;; Write a rktthon function to find the sum of even factors of a number.\n(define (sumofFactors n)\n  (define (sumofFactors-iter n i sum)\n    (cond\n      [(= i n) sum]\n      [(= 0 (modulo n i)) (sumofFactors-iter n (+ i 1) (+ i sum))]\n      [else (sumofFactors-iter n (+ i 1) sum)]))\n  (sumofFactors-iter n 1 0))\n\n(require rackunit)\n\n(define (test-humaneval) \n\n  (let (( candidate sumofFactors))\n    (check-equal? (candidate 18) 26)\n    (check-equal? (candidate 30) 48)\n    (check-equal? (candidate 6) 8)\n))\n\n(test-humaneval)",
      "timestamp": 1666122418,
      "stdout": "",
      "stderr": "--------------------\nFAILURE\nname:       check-equal?\nlocation:   /tmp/tmppso8v83m.rkt:17:4\nactual:     21\nexpected:   26\n--------------------\n--------------------\nFAILURE\nname:       check-equal?\nlocation:   /tmp/tmppso8v83m.rkt:18:4\nactual:     42\nexpected:   48\n--------------------\n--------------------\nFAILURE\nname:       check-equal?\nlocation:   /tmp/tmppso8v83m.rkt:19:4\nactual:     6\nexpected:   8\n--------------------\n",
      "exit_code": 0,
      "status": "Exception"
    },
    {
      "program": "#lang racket\n\n;; Write a rktthon function to find the sum of even factors of a number.\n(define (sumofFactors n)\n  (define (sumofFactors-iter n i sum)\n    (cond\n      [(= i n) sum]\n      [(= 0 (modulo n i)) (sumofFactors-iter n (+ i 1) (+ sum i))]\n      [else (sumofFactors-iter n (+ i 1) sum)]))\n  (sumofFactors-iter n 1 0))\n\n(require rackunit)\n\n(define (test-humaneval) \n\n  (let (( candidate sumofFactors))\n    (check-equal? (candidate 18) 26)\n    (check-equal? (candidate 30) 48)\n    (check-equal? (candidate 6) 8)\n))\n\n(test-humaneval)",
      "timestamp": 1665509950,
      "stdout": "",
      "stderr": "--------------------\nFAILURE\nname:       check-equal?\nlocation:   /tmp/tmpthmy1s30.rkt:17:4\nactual:     21\nexpected:   26\n--------------------\n--------------------\nFAILURE\nname:       check-equal?\nlocation:   /tmp/tmpthmy1s30.rkt:18:4\nactual:     42\nexpected:   48\n--------------------\n--------------------\nFAILURE\nname:       check-equal?\nlocation:   /tmp/tmpthmy1s30.rkt:19:4\nactual:     6\nexpected:   8\n--------------------\n",
      "exit_code": 0,
      "status": "Exception"
    },
    {
      "program": "#lang racket\n\n;; Write a rktthon function to find the sum of even factors of a number.\n(define (sumofFactors n)\n  (define (sumofFactors-iter n i sum)\n    (if (= n i)\n        sum\n        (if (= 0 (modulo n i))\n            (sumofFactors-iter n (+ i 1) (+ sum i))\n            (sumofFactors-iter n (+ i 1) sum))))\n  (sumofFactors-iter n 1 0))\n\n(require rackunit)\n\n(define (test-humaneval) \n\n  (let (( candidate sumofFactors))\n    (check-equal? (candidate 18) 26)\n    (check-equal? (candidate 30) 48)\n    (check-equal? (candidate 6) 8)\n))\n\n(test-humaneval)",
      "timestamp": 1666122418,
      "stdout": "",
      "stderr": "--------------------\nFAILURE\nname:       check-equal?\nlocation:   /tmp/tmpe4vbxap_.rkt:18:4\nactual:     21\nexpected:   26\n--------------------\n--------------------\nFAILURE\nname:       check-equal?\nlocation:   /tmp/tmpe4vbxap_.rkt:19:4\nactual:     42\nexpected:   48\n--------------------\n--------------------\nFAILURE\nname:       check-equal?\nlocation:   /tmp/tmpe4vbxap_.rkt:20:4\nactual:     6\nexpected:   8\n--------------------\n",
      "exit_code": 0,
      "status": "Exception"
    },
    {
      "program": "#lang racket\n\n;; Write a rktthon function to find the sum of even factors of a number.\n(define (sumofFactors n)\n  (define (sumOfEvenFactors n)\n    (define (sumOfEvenFactors-iter n i sum)\n      (cond\n        [(= i n) sum]\n        [(= (modulo n i) 0) (sumOfEvenFactors-iter n (+ i 1) (+ sum i))]\n        [else (sumOfEvenFactors-iter n (+ i 1) sum)]))\n    (sumOfEvenFactors-iter n 2 0))\n  (sumOfEvenFactors n))\n\n(require rackunit)\n\n(define (test-humaneval) \n\n  (let (( candidate sumofFactors))\n    (check-equal? (candidate 18) 26)\n    (check-equal? (candidate 30) 48)\n    (check-equal? (candidate 6) 8)\n))\n\n(test-humaneval)",
      "timestamp": 1666122418,
      "stdout": "",
      "stderr": "--------------------\nFAILURE\nname:       check-equal?\nlocation:   /tmp/tmpp6x_z2tp.rkt:19:4\nactual:     20\nexpected:   26\n--------------------\n--------------------\nFAILURE\nname:       check-equal?\nlocation:   /tmp/tmpp6x_z2tp.rkt:20:4\nactual:     41\nexpected:   48\n--------------------\n--------------------\nFAILURE\nname:       check-equal?\nlocation:   /tmp/tmpp6x_z2tp.rkt:21:4\nactual:     5\nexpected:   8\n--------------------\n",
      "exit_code": 0,
      "status": "Exception"
    },
    {
      "program": "#lang racket\n\n;; Write a rktthon function to find the sum of even factors of a number.\n(define (sumofFactors n)\n  (define (sumofFactors-iter n i sum)\n    (cond ((&gt; i n) sum)\n          ((= (modulo n i) 0) (sumofFactors-iter n (+ i 1) (+ sum i)))\n          (else (sumofFactors-iter n (+ i 1) sum))))\n  (sumofFactors-iter n 1 0))\n\n(require rackunit)\n\n(define (test-humaneval) \n\n  (let (( candidate sumofFactors))\n    (check-equal? (candidate 18) 26)\n    (check-equal? (candidate 30) 48)\n    (check-equal? (candidate 6) 8)\n))\n\n(test-humaneval)",
      "timestamp": 1665509950,
      "stdout": "",
      "stderr": "/tmp/tmpvx9upky1.rkt:5:2: read-syntax: expected a `)` to close `(`\n  possible cause: indentation suggests a missing `)` before line 11\n  context...:\n   /work/arjunguha-research-group/software/racket/collects/syntax/module-reader.rkt:186:17: body\n   /work/arjunguha-research-group/software/racket/collects/syntax/module-reader.rkt:183:2: wrap-internal\n   /work/arjunguha-research-group/software/racket/collects/racket/../syntax/module-reader.rkt:67:9: wrap-internal/wrapper\n",
      "exit_code": 1,
      "status": "SyntaxError"
    },
    {
      "program": "#lang racket\n\n;; Write a rktthon function to find the sum of even factors of a number.\n(define (sumofFactors n)\n  (define (sumofFactors-iter i sum)\n    (if (= i n)\n        sum\n        (if (= (remainder n i) 0)\n            (sumofFactors-iter (+ i 1) (+ sum i))\n            (sumofFactors-iter (+ i 1) sum))))\n  (sumofFactors-iter 1 0))\n\n(require rackunit)\n\n(define (test-humaneval) \n\n  (let (( candidate sumofFactors))\n    (check-equal? (candidate 18) 26)\n    (check-equal? (candidate 30) 48)\n    (check-equal? (candidate 6) 8)\n))\n\n(test-humaneval)",
      "timestamp": 1666122418,
      "stdout": "",
      "stderr": "--------------------\nFAILURE\nname:       check-equal?\nlocation:   /tmp/tmp7q0rl6yc.rkt:18:4\nactual:     21\nexpected:   26\n--------------------\n--------------------\nFAILURE\nname:       check-equal?\nlocation:   /tmp/tmp7q0rl6yc.rkt:19:4\nactual:     42\nexpected:   48\n--------------------\n--------------------\nFAILURE\nname:       check-equal?\nlocation:   /tmp/tmp7q0rl6yc.rkt:20:4\nactual:     6\nexpected:   8\n--------------------\n",
      "exit_code": 0,
      "status": "Exception"
    },
    {
      "program": "#lang racket\n\n;; Write a rktthon function to find the sum of even factors of a number.\n(define (sumofFactors n)\n  (define (sumOfEvenFactors n)\n    (cond\n      [(= n 1) 0]\n      [(= (remainder n 2) 0) (+ n (sumOfEvenFactors (/ n 2)))]\n      [else (sumOfEvenFactors (/ n 2))]))\n  (sumOfEvenFactors n))\n\n(require rackunit)\n\n(define (test-humaneval) \n\n  (let (( candidate sumofFactors))\n    (check-equal? (candidate 18) 26)\n    (check-equal? (candidate 30) 48)\n    (check-equal? (candidate 6) 8)\n))\n\n(test-humaneval)",
      "timestamp": 1666122418,
      "stdout": "",
      "stderr": "--------------------\nERROR\nname:       check-equal?\nlocation:   /tmp/tmpoo6jitp8.rkt:17:4\n\nremainder: contract violation\n  expected: integer?\n  given: 9/2\n--------------------\n--------------------\nERROR\nname:       check-equal?\nlocation:   /tmp/tmpoo6jitp8.rkt:18:4\n\nremainder: contract violation\n  expected: integer?\n  given: 15/2\n--------------------\n--------------------\nERROR\nname:       check-equal?\nlocation:   /tmp/tmpoo6jitp8.rkt:19:4\n\nremainder: contract violation\n  expected: integer?\n  given: 3/2\n--------------------\n",
      "exit_code": 0,
      "status": "Exception"
    },
    {
      "program": "#lang racket\n\n;; Write a rktthon function to find the sum of even factors of a number.\n(define (sumofFactors n)\n  (define (sumofFactors-iter i sum)\n    (cond\n      [(= i n) sum]\n      [(= (remainder n i) 0) (sumofFactors-iter (+ i 1) (+ sum i))]\n      [else (sumofFactors-iter (+ i 1) sum)]))\n  (sumofFactors-iter 1 0))\n\n(require rackunit)\n\n(define (test-humaneval) \n\n  (let (( candidate sumofFactors))\n    (check-equal? (candidate 18) 26)\n    (check-equal? (candidate 30) 48)\n    (check-equal? (candidate 6) 8)\n))\n\n(test-humaneval)",
      "timestamp": 1666122418,
      "stdout": "",
      "stderr": "--------------------\nFAILURE\nname:       check-equal?\nlocation:   /tmp/tmpcelksqax.rkt:17:4\nactual:     21\nexpected:   26\n--------------------\n--------------------\nFAILURE\nname:       check-equal?\nlocation:   /tmp/tmpcelksqax.rkt:18:4\nactual:     42\nexpected:   48\n--------------------\n--------------------\nFAILURE\nname:       check-equal?\nlocation:   /tmp/tmpcelksqax.rkt:19:4\nactual:     6\nexpected:   8\n--------------------\n",
      "exit_code": 0,
      "status": "Exception"
    },
    {
      "program": "#lang racket\n\n;; Write a rktthon function to find the sum of even factors of a number.\n(define (sumofFactors n)\n  (define (sumofFactors-iter i sum)\n    (cond ((= i n) sum)\n          ((= (remainder n i) 0) (sumofFactors-iter (+ i 1) (+ sum i)))\n          (else (sumofFactors-iter (+ i 1) sum))))\n  (sumofFactors-iter 1 0))\n\n(require rackunit)\n\n(define (test-humaneval) \n\n  (let (( candidate sumofFactors))\n    (check-equal? (candidate 18) 26)\n    (check-equal? (candidate 30) 48)\n    (check-equal? (candidate 6) 8)\n))\n\n(test-humaneval)",
      "timestamp": 1666122418,
      "stdout": "",
      "stderr": "--------------------\nFAILURE\nname:       check-equal?\nlocation:   /tmp/tmpphj079dx.rkt:16:4\nactual:     21\nexpected:   26\n--------------------\n--------------------\nFAILURE\nname:       check-equal?\nlocation:   /tmp/tmpphj079dx.rkt:17:4\nactual:     42\nexpected:   48\n--------------------\n--------------------\nFAILURE\nname:       check-equal?\nlocation:   /tmp/tmpphj079dx.rkt:18:4\nactual:     6\nexpected:   8\n--------------------\n",
      "exit_code": 0,
      "status": "Exception"
    },
    {
      "program": "#lang racket\n\n;; Write a rktthon function to find the sum of even factors of a number.\n(define (sumofFactors n)\n  (define (sumofFactorsHelper n i)\n    (if (= i n)\n        0\n        (if (= (modulo n i) 0)\n            (+ i (sumofFactorsHelper n (+ i 1)))\n            (sumofFactorsHelper n (+ i 1)))))\n  (sumofFactorsHelper n 1))\n\n(require rackunit)\n\n(define (test-humaneval) \n\n  (let (( candidate sumofFactors))\n    (check-equal? (candidate 18) 26)\n    (check-equal? (candidate 30) 48)\n    (check-equal? (candidate 6) 8)\n))\n\n(test-humaneval)",
      "timestamp": 1666122418,
      "stdout": "",
      "stderr": "--------------------\nFAILURE\nname:       check-equal?\nlocation:   /tmp/tmplitwkz2g.rkt:18:4\nactual:     21\nexpected:   26\n--------------------\n--------------------\nFAILURE\nname:       check-equal?\nlocation:   /tmp/tmplitwkz2g.rkt:19:4\nactual:     42\nexpected:   48\n--------------------\n--------------------\nFAILURE\nname:       check-equal?\nlocation:   /tmp/tmplitwkz2g.rkt:20:4\nactual:     6\nexpected:   8\n--------------------\n",
      "exit_code": 0,
      "status": "Exception"
    },
    {
      "program": "#lang racket\n\n;; Write a rktthon function to find the sum of even factors of a number.\n(define (sumofFactors n)\n  (define (sumofFactors-iter n i sum)\n    (cond ((= i n) sum)\n          ((= (remainder n i) 0) (sumofFactors-iter n (+ i 1) (+ sum i)))\n          (else (sumofFactors-iter n (+ i 1) sum))))\n  (sumofFactors-iter n 1 0))\n\n(require rackunit)\n\n(define (test-humaneval) \n\n  (let (( candidate sumofFactors))\n    (check-equal? (candidate 18) 26)\n    (check-equal? (candidate 30) 48)\n    (check-equal? (candidate 6) 8)\n))\n\n(test-humaneval)",
      "timestamp": 1666122418,
      "stdout": "",
      "stderr": "--------------------\nFAILURE\nname:       check-equal?\nlocation:   /tmp/tmp14e6jnwy.rkt:16:4\nactual:     21\nexpected:   26\n--------------------\n--------------------\nFAILURE\nname:       check-equal?\nlocation:   /tmp/tmp14e6jnwy.rkt:17:4\nactual:     42\nexpected:   48\n--------------------\n--------------------\nFAILURE\nname:       check-equal?\nlocation:   /tmp/tmp14e6jnwy.rkt:18:4\nactual:     6\nexpected:   8\n--------------------\n",
      "exit_code": 0,
      "status": "Exception"
    },
    {
      "program": "#lang racket\n\n;; Write a rktthon function to find the sum of even factors of a number.\n(define (sumofFactors n)\n  (define (sumofFactors-iter n i sum)\n    (cond\n      [(= i n) sum]\n      [(= (modulo n i) 0) (sumofFactors-iter n (+ i 1) (+ sum i))]\n      [else (sumofFactors-iter n (+ i 1) sum)]))\n  (sumofFactors-iter n 1 0))\n\n(require rackunit)\n\n(define (test-humaneval) \n\n  (let (( candidate sumofFactors))\n    (check-equal? (candidate 18) 26)\n    (check-equal? (candidate 30) 48)\n    (check-equal? (candidate 6) 8)\n))\n\n(test-humaneval)",
      "timestamp": 1665509951,
      "stdout": "",
      "stderr": "--------------------\nFAILURE\nname:       check-equal?\nlocation:   /tmp/tmp6xla1p7f.rkt:17:4\nactual:     21\nexpected:   26\n--------------------\n--------------------\nFAILURE\nname:       check-equal?\nlocation:   /tmp/tmp6xla1p7f.rkt:18:4\nactual:     42\nexpected:   48\n--------------------\n--------------------\nFAILURE\nname:       check-equal?\nlocation:   /tmp/tmp6xla1p7f.rkt:19:4\nactual:     6\nexpected:   8\n--------------------\n",
      "exit_code": 0,
      "status": "Exception"
    },
    {
      "program": "#lang racket\n\n;; Write a rktthon function to find the sum of even factors of a number.\n(define (sumofFactors n)\n  (define (sumofFactors-iter n i)\n    (if (= i n)\n        0\n        (if (= (modulo n i) 0)\n            (+ i (sumofFactors-iter n (+ i 1)))\n            (sumofFactors-iter n (+ i 1)))))\n  (sumofFactors-iter n 1))\n\n(require rackunit)\n\n(define (test-humaneval) \n\n  (let (( candidate sumofFactors))\n    (check-equal? (candidate 18) 26)\n    (check-equal? (candidate 30) 48)\n    (check-equal? (candidate 6) 8)\n))\n\n(test-humaneval)",
      "timestamp": 1666122418,
      "stdout": "",
      "stderr": "--------------------\nFAILURE\nname:       check-equal?\nlocation:   /tmp/tmp1adcj7i4.rkt:18:4\nactual:     21\nexpected:   26\n--------------------\n--------------------\nFAILURE\nname:       check-equal?\nlocation:   /tmp/tmp1adcj7i4.rkt:19:4\nactual:     42\nexpected:   48\n--------------------\n--------------------\nFAILURE\nname:       check-equal?\nlocation:   /tmp/tmp1adcj7i4.rkt:20:4\nactual:     6\nexpected:   8\n--------------------\n",
      "exit_code": 0,
      "status": "Exception"
    },
    {
      "program": "#lang racket\n\n;; Write a rktthon function to find the sum of even factors of a number.\n(define (sumofFactors n)\n  (define (sumofFactors-iter i sum)\n    (cond\n      [(= i n) sum]\n      [(= (remainder n i) 0) (sumofFactors-iter (+ i 1) (+ sum i))]\n      [else (sumofFactors-iter (+ i 1) sum)]))\n  (sumofFactors-iter 1 0))\n\n(require rackunit)\n\n(define (test-humaneval) \n\n  (let (( candidate sumofFactors))\n    (check-equal? (candidate 18) 26)\n    (check-equal? (candidate 30) 48)\n    (check-equal? (candidate 6) 8)\n))\n\n(test-humaneval)",
      "timestamp": 1666122418,
      "stdout": "",
      "stderr": "--------------------\nFAILURE\nname:       check-equal?\nlocation:   /tmp/tmpcelksqax.rkt:17:4\nactual:     21\nexpected:   26\n--------------------\n--------------------\nFAILURE\nname:       check-equal?\nlocation:   /tmp/tmpcelksqax.rkt:18:4\nactual:     42\nexpected:   48\n--------------------\n--------------------\nFAILURE\nname:       check-equal?\nlocation:   /tmp/tmpcelksqax.rkt:19:4\nactual:     6\nexpected:   8\n--------------------\n",
      "exit_code": 0,
      "status": "Exception"
    },
    {
      "program": "#lang racket\n\n;; Write a rktthon function to find the sum of even factors of a number.\n(define (sumofFactors n)\n  (define (sumofFactors-iter i sum)\n    (if (&gt; i n)\n        sum\n        (if (even? i)\n            (sumofFactors-iter (+ i 1) (+ sum i))\n            (sumofFactors-iter (+ i 1) sum))))\n  (sumofFactors-iter 1 0))\n\n(require rackunit)\n\n(define (test-humaneval) \n\n  (let (( candidate sumofFactors))\n    (check-equal? (candidate 18) 26)\n    (check-equal? (candidate 30) 48)\n    (check-equal? (candidate 6) 8)\n))\n\n(test-humaneval)",
      "timestamp": 1666122417,
      "stdout": "",
      "stderr": "/tmp/tmp464ddy_4.rkt:4:0: read-syntax: expected a `)` to close `(`\n  possible cause: indentation suggests a missing `)` before line 13\n  context...:\n   /work/arjunguha-research-group/software/racket/collects/syntax/module-reader.rkt:186:17: body\n   /work/arjunguha-research-group/software/racket/collects/syntax/module-reader.rkt:183:2: wrap-internal\n   /work/arjunguha-research-group/software/racket/collects/racket/../syntax/module-reader.rkt:67:9: wrap-internal/wrapper\n",
      "exit_code": 1,
      "status": "SyntaxError"
    },
    {
      "program": "#lang racket\n\n;; Write a rktthon function to find the sum of even factors of a number.\n(define (sumofFactors n)\n  (define (sumofEvenFactors n)\n    (define (sumofEvenFactors-iter n i sum)\n      (cond ((= i n) sum)\n            ((= 0 (modulo n i))\n             (if (even? i)\n                 (sumofEvenFactors-iter n (+ i 1) (+ sum i))\n                 (sumofEvenFactors-iter n (+ i 1) sum)))\n            (else (sumofEvenFactors-iter n (+ i 1) sum))))\n    (sumofEvenFactors-iter n 1 0))\n  (sumofEvenFactors n))\n\n(require rackunit)\n\n(define (test-humaneval) \n\n  (let (( candidate sumofFactors))\n    (check-equal? (candidate 18) 26)\n    (check-equal? (candidate 30) 48)\n    (check-equal? (candidate 6) 8)\n))\n\n(test-humaneval)",
      "timestamp": 1666122418,
      "stdout": "",
      "stderr": "--------------------\nFAILURE\nname:       check-equal?\nlocation:   /tmp/tmp75bzfnpw.rkt:21:4\nactual:     8\nexpected:   26\n--------------------\n--------------------\nFAILURE\nname:       check-equal?\nlocation:   /tmp/tmp75bzfnpw.rkt:22:4\nactual:     18\nexpected:   48\n--------------------\n--------------------\nFAILURE\nname:       check-equal?\nlocation:   /tmp/tmp75bzfnpw.rkt:23:4\nactual:     2\nexpected:   8\n--------------------\n",
      "exit_code": 0,
      "status": "Exception"
    },
    {
      "program": "#lang racket\n\n;; Write a rktthon function to find the sum of even factors of a number.\n(define (sumofFactors n)\n  (define (sumofFactors-iter n i)\n    (cond ((= n 1) 0)\n          ((= i n) 0)\n          ((= (remainder n i) 0) (+ i (sumofFactors-iter n (+ i 1))))\n          (else (sumofFactors-iter n (+ i 1)))))\n  (sumofFactors-iter n 1))\n\n(require rackunit)\n\n(define (test-humaneval) \n\n  (let (( candidate sumofFactors))\n    (check-equal? (candidate 18) 26)\n    (check-equal? (candidate 30) 48)\n    (check-equal? (candidate 6) 8)\n))\n\n(test-humaneval)",
      "timestamp": 1666122418,
      "stdout": "",
      "stderr": "--------------------\nFAILURE\nname:       check-equal?\nlocation:   /tmp/tmpld7isw0g.rkt:17:4\nactual:     21\nexpected:   26\n--------------------\n--------------------\nFAILURE\nname:       check-equal?\nlocation:   /tmp/tmpld7isw0g.rkt:18:4\nactual:     42\nexpected:   48\n--------------------\n--------------------\nFAILURE\nname:       check-equal?\nlocation:   /tmp/tmpld7isw0g.rkt:19:4\nactual:     6\nexpected:   8\n--------------------\n",
      "exit_code": 0,
      "status": "Exception"
    },
    {
      "program": "#lang racket\n\n;; Write a rktthon function to find the sum of even factors of a number.\n(define (sumofFactors n)\n  (define (sumofFactors-helper n i)\n    (if (= i n)\n        0\n        (+ (if (= (remainder n i) 0)\n               i\n               0)\n           (sumofFactors-helper n (+ i 1)))))\n  (sumofFactors-helper n 1))\n\n(require rackunit)\n\n(define (test-humaneval) \n\n  (let (( candidate sumofFactors))\n    (check-equal? (candidate 18) 26)\n    (check-equal? (candidate 30) 48)\n    (check-equal? (candidate 6) 8)\n))\n\n(test-humaneval)",
      "timestamp": 1666122418,
      "stdout": "",
      "stderr": "--------------------\nFAILURE\nname:       check-equal?\nlocation:   /tmp/tmp4lgvl8j_.rkt:19:4\nactual:     21\nexpected:   26\n--------------------\n--------------------\nFAILURE\nname:       check-equal?\nlocation:   /tmp/tmp4lgvl8j_.rkt:20:4\nactual:     42\nexpected:   48\n--------------------\n--------------------\nFAILURE\nname:       check-equal?\nlocation:   /tmp/tmp4lgvl8j_.rkt:21:4\nactual:     6\nexpected:   8\n--------------------\n",
      "exit_code": 0,
      "status": "Exception"
    },
    {
      "program": "#lang racket\n\n;; Write a rktthon function to find the sum of even factors of a number.\n(define (sumofFactors n)\n  (define (sumofFactors-iter i sum)\n    (cond ((&gt; i n) sum)\n          ((= (modulo n i) 0) (sumofFactors-iter (+ i 1) (+ sum i)))\n          (else (sumofFactors-iter (+ i 1) sum))))\n  (sumofFactors-iter 1 0))\n\n(require rackunit)\n\n(define (test-humaneval) \n\n  (let (( candidate sumofFactors))\n    (check-equal? (candidate 18) 26)\n    (check-equal? (candidate 30) 48)\n    (check-equal? (candidate 6) 8)\n))\n\n(test-humaneval)",
      "timestamp": 1666122417,
      "stdout": "",
      "stderr": "/tmp/tmp4lmqbteh.rkt:5:2: read-syntax: expected a `)` to close `(`\n  possible cause: indentation suggests a missing `)` before line 11\n  context...:\n   /work/arjunguha-research-group/software/racket/collects/syntax/module-reader.rkt:186:17: body\n   /work/arjunguha-research-group/software/racket/collects/syntax/module-reader.rkt:183:2: wrap-internal\n   /work/arjunguha-research-group/software/racket/collects/racket/../syntax/module-reader.rkt:67:9: wrap-internal/wrapper\n",
      "exit_code": 1,
      "status": "SyntaxError"
    },
    {
      "program": "#lang racket\n\n;; Write a rktthon function to find the sum of even factors of a number.\n(define (sumofFactors n)\n  (define (sumofFactors-iter n i)\n    (cond\n      [(= i n) 0]\n      [(= (modulo n i) 0) (+ i (sumofFactors-iter n (+ i 1)))]\n      [else (sumofFactors-iter n (+ i 1))]))\n  (sumofFactors-iter n 1))\n\n(require rackunit)\n\n(define (test-humaneval) \n\n  (let (( candidate sumofFactors))\n    (check-equal? (candidate 18) 26)\n    (check-equal? (candidate 30) 48)\n    (check-equal? (candidate 6) 8)\n))\n\n(test-humaneval)",
      "timestamp": 1665509951,
      "stdout": "",
      "stderr": "--------------------\nFAILURE\nname:       check-equal?\nlocation:   /tmp/tmp7oahl6c9.rkt:17:4\nactual:     21\nexpected:   26\n--------------------\n--------------------\nFAILURE\nname:       check-equal?\nlocation:   /tmp/tmp7oahl6c9.rkt:18:4\nactual:     42\nexpected:   48\n--------------------\n--------------------\nFAILURE\nname:       check-equal?\nlocation:   /tmp/tmp7oahl6c9.rkt:19:4\nactual:     6\nexpected:   8\n--------------------\n",
      "exit_code": 0,
      "status": "Exception"
    },
    {
      "program": "#lang racket\n\n;; Write a rktthon function to find the sum of even factors of a number.\n(define (sumofFactors n)\n  (define (sumofFactors-iter n i sum)\n    (cond ((= i n) sum)\n          ((even? i) (sumofFactors-iter n (+ i 1) (+ sum i)))\n          (else (sumofFactors-iter n (+ i 1) sum))))\n  (sumofFactors-iter n 1 0))\n\n(require rackunit)\n\n(define (test-humaneval) \n\n  (let (( candidate sumofFactors))\n    (check-equal? (candidate 18) 26)\n    (check-equal? (candidate 30) 48)\n    (check-equal? (candidate 6) 8)\n))\n\n(test-humaneval)",
      "timestamp": 1665509951,
      "stdout": "",
      "stderr": "--------------------\nFAILURE\nname:       check-equal?\nlocation:   /tmp/tmpi5xieusj.rkt:16:4\nactual:     72\nexpected:   26\n--------------------\n--------------------\nFAILURE\nname:       check-equal?\nlocation:   /tmp/tmpi5xieusj.rkt:17:4\nactual:     210\nexpected:   48\n--------------------\n--------------------\nFAILURE\nname:       check-equal?\nlocation:   /tmp/tmpi5xieusj.rkt:18:4\nactual:     6\nexpected:   8\n--------------------\n",
      "exit_code": 0,
      "status": "Exception"
    },
    {
      "program": "#lang racket\n\n;; Write a rktthon function to find the sum of even factors of a number.\n(define (sumofFactors n)\n  (define (sumOfEvenFactors n)\n    (cond ((= n 1) 0)\n          ((even? n) (+ n (sumOfEvenFactors (/ n 2))))\n          (else (sumOfEvenFactors (- n 1)))))\n  (sumOfEvenFactors n))\n\n(require rackunit)\n\n(define (test-humaneval) \n\n  (let (( candidate sumofFactors))\n    (check-equal? (candidate 18) 26)\n    (check-equal? (candidate 30) 48)\n    (check-equal? (candidate 6) 8)\n))\n\n(test-humaneval)",
      "timestamp": 1666122418,
      "stdout": "",
      "stderr": "--------------------\nFAILURE\nname:       check-equal?\nlocation:   /tmp/tmp1s2nf2fv.rkt:16:4\nactual:     32\nexpected:   26\n--------------------\n--------------------\nFAILURE\nname:       check-equal?\nlocation:   /tmp/tmp1s2nf2fv.rkt:17:4\nactual:     52\nexpected:   48\n--------------------\n",
      "exit_code": 0,
      "status": "Exception"
    },
    {
      "program": "#lang racket\n\n;; Write a rktthon function to find the sum of even factors of a number.\n(define (sumofFactors n)\n  (define (sumofFactors-iter i sum)\n    (if (= i n)\n        sum\n        (if (= (modulo n i) 0)\n            (sumofFactors-iter (+ i 1) (+ sum i))\n            (sumofFactors-iter (+ i 1) sum))))\n  (sumofFactors-iter 1 0))\n\n(require rackunit)\n\n(define (test-humaneval) \n\n  (let (( candidate sumofFactors))\n    (check-equal? (candidate 18) 26)\n    (check-equal? (candidate 30) 48)\n    (check-equal? (candidate 6) 8)\n))\n\n(test-humaneval)",
      "timestamp": 1666122418,
      "stdout": "",
      "stderr": "--------------------\nFAILURE\nname:       check-equal?\nlocation:   /tmp/tmplgkg4ukg.rkt:18:4\nactual:     21\nexpected:   26\n--------------------\n--------------------\nFAILURE\nname:       check-equal?\nlocation:   /tmp/tmplgkg4ukg.rkt:19:4\nactual:     42\nexpected:   48\n--------------------\n--------------------\nFAILURE\nname:       check-equal?\nlocation:   /tmp/tmplgkg4ukg.rkt:20:4\nactual:     6\nexpected:   8\n--------------------\n",
      "exit_code": 0,
      "status": "Exception"
    },
    {
      "program": "#lang racket\n\n;; Write a rktthon function to find the sum of even factors of a number.\n(define (sumofFactors n)\n  (define (sumofFactors-iter n i sum)\n    (cond\n      [(= i n) sum]\n      [(= (remainder n i) 0) (sumofFactors-iter n (+ i 1) (+ sum i))]\n      [else (sumofFactors-iter n (+ i 1) sum)]))\n  (sumofFactors-iter n 1 0))\n\n(require rackunit)\n\n(define (test-humaneval) \n\n  (let (( candidate sumofFactors))\n    (check-equal? (candidate 18) 26)\n    (check-equal? (candidate 30) 48)\n    (check-equal? (candidate 6) 8)\n))\n\n(test-humaneval)",
      "timestamp": 1666122418,
      "stdout": "",
      "stderr": "--------------------\nFAILURE\nname:       check-equal?\nlocation:   /tmp/tmp5t0x_0fu.rkt:17:4\nactual:     21\nexpected:   26\n--------------------\n--------------------\nFAILURE\nname:       check-equal?\nlocation:   /tmp/tmp5t0x_0fu.rkt:18:4\nactual:     42\nexpected:   48\n--------------------\n--------------------\nFAILURE\nname:       check-equal?\nlocation:   /tmp/tmp5t0x_0fu.rkt:19:4\nactual:     6\nexpected:   8\n--------------------\n",
      "exit_code": 0,
      "status": "Exception"
    },
    {
      "program": "#lang racket\n\n;; Write a rktthon function to find the sum of even factors of a number.\n(define (sumofFactors n)\n  (define (sumofFactors-iter k)\n    (if (= k n)\n        0\n        (if (= (modulo n k) 0)\n            (+ k (sumofFactors-iter (+ k 1)))\n            (sumofFactors-iter (+ k 1)))))\n  (sumofFactors-iter 1))\n\n(require rackunit)\n\n(define (test-humaneval) \n\n  (let (( candidate sumofFactors))\n    (check-equal? (candidate 18) 26)\n    (check-equal? (candidate 30) 48)\n    (check-equal? (candidate 6) 8)\n))\n\n(test-humaneval)",
      "timestamp": 1666122418,
      "stdout": "",
      "stderr": "--------------------\nFAILURE\nname:       check-equal?\nlocation:   /tmp/tmp3jwjljol.rkt:18:4\nactual:     21\nexpected:   26\n--------------------\n--------------------\nFAILURE\nname:       check-equal?\nlocation:   /tmp/tmp3jwjljol.rkt:19:4\nactual:     42\nexpected:   48\n--------------------\n--------------------\nFAILURE\nname:       check-equal?\nlocation:   /tmp/tmp3jwjljol.rkt:20:4\nactual:     6\nexpected:   8\n--------------------\n",
      "exit_code": 0,
      "status": "Exception"
    },
    {
      "program": "#lang racket\n\n;; Write a rktthon function to find the sum of even factors of a number.\n(define (sumofFactors n)\n  (define (sumofFactors-iter n i sum)\n    (cond\n      [(= i n) sum]\n      [(= (modulo n i) 0) (sumofFactors-iter n (+ i 1) (+ sum i))]\n      [else (sumofFactors-iter n (+ i 1) sum)]))\n  (sumofFactors-iter n 1 0))\n\n(require rackunit)\n\n(define (test-humaneval) \n\n  (let (( candidate sumofFactors))\n    (check-equal? (candidate 18) 26)\n    (check-equal? (candidate 30) 48)\n    (check-equal? (candidate 6) 8)\n))\n\n(test-humaneval)",
      "timestamp": 1665509951,
      "stdout": "",
      "stderr": "--------------------\nFAILURE\nname:       check-equal?\nlocation:   /tmp/tmp6xla1p7f.rkt:17:4\nactual:     21\nexpected:   26\n--------------------\n--------------------\nFAILURE\nname:       check-equal?\nlocation:   /tmp/tmp6xla1p7f.rkt:18:4\nactual:     42\nexpected:   48\n--------------------\n--------------------\nFAILURE\nname:       check-equal?\nlocation:   /tmp/tmp6xla1p7f.rkt:19:4\nactual:     6\nexpected:   8\n--------------------\n",
      "exit_code": 0,
      "status": "Exception"
    },
    {
      "program": "#lang racket\n\n;; Write a rktthon function to find the sum of even factors of a number.\n(define (sumofFactors n)\n  (define (sumofFactors-iter n i sum)\n    (if (= i n)\n        sum\n        (if (= (remainder n i) 0)\n            (sumofFactors-iter n (+ i 1) (+ sum i))\n            (sumofFactors-iter n (+ i 1) sum))))\n  (sumofFactors-iter n 1 0))\n\n(require rackunit)\n\n(define (test-humaneval) \n\n  (let (( candidate sumofFactors))\n    (check-equal? (candidate 18) 26)\n    (check-equal? (candidate 30) 48)\n    (check-equal? (candidate 6) 8)\n))\n\n(test-humaneval)",
      "timestamp": 1666122418,
      "stdout": "",
      "stderr": "--------------------\nFAILURE\nname:       check-equal?\nlocation:   /tmp/tmp4ioi7pfh.rkt:18:4\nactual:     21\nexpected:   26\n--------------------\n--------------------\nFAILURE\nname:       check-equal?\nlocation:   /tmp/tmp4ioi7pfh.rkt:19:4\nactual:     42\nexpected:   48\n--------------------\n--------------------\nFAILURE\nname:       check-equal?\nlocation:   /tmp/tmp4ioi7pfh.rkt:20:4\nactual:     6\nexpected:   8\n--------------------\n",
      "exit_code": 0,
      "status": "Exception"
    },
    {
      "program": "#lang racket\n\n;; Write a rktthon function to find the sum of even factors of a number.\n(define (sumofFactors n)\n  (define (sumofFactors-iter n i sum)\n    (cond ((= i n) sum)\n          ((= 0 (modulo n i)) (+ sum i))\n          (else (sumofFactors-iter n (+ i 1) sum))))\n  (sumofFactors-iter n 1 0))\n\n(require rackunit)\n\n(define (test-humaneval) \n\n  (let (( candidate sumofFactors))\n    (check-equal? (candidate 18) 26)\n    (check-equal? (candidate 30) 48)\n    (check-equal? (candidate 6) 8)\n))\n\n(test-humaneval)",
      "timestamp": 1666122418,
      "stdout": "",
      "stderr": "--------------------\nFAILURE\nname:       check-equal?\nlocation:   /tmp/tmp_vu8y_tx.rkt:16:4\nactual:     1\nexpected:   26\n--------------------\n--------------------\nFAILURE\nname:       check-equal?\nlocation:   /tmp/tmp_vu8y_tx.rkt:17:4\nactual:     1\nexpected:   48\n--------------------\n--------------------\nFAILURE\nname:       check-equal?\nlocation:   /tmp/tmp_vu8y_tx.rkt:18:4\nactual:     1\nexpected:   8\n--------------------\n",
      "exit_code": 0,
      "status": "Exception"
    },
    {
      "program": "#lang racket\n\n;; Write a rktthon function to find the sum of even factors of a number.\n(define (sumofFactors n)\n  (define (sumofFactors-iter n i sum)\n    (cond\n      [(= i n) sum]\n      [(= 0 (modulo n i)) (sumofFactors-iter n (+ i 1) (+ sum i))]\n      [else (sumofFactors-iter n (+ i 1) sum)]))\n  (sumofFactors-iter n 1 0))\n\n(require rackunit)\n\n(define (test-humaneval) \n\n  (let (( candidate sumofFactors))\n    (check-equal? (candidate 18) 26)\n    (check-equal? (candidate 30) 48)\n    (check-equal? (candidate 6) 8)\n))\n\n(test-humaneval)",
      "timestamp": 1665509950,
      "stdout": "",
      "stderr": "--------------------\nFAILURE\nname:       check-equal?\nlocation:   /tmp/tmpthmy1s30.rkt:17:4\nactual:     21\nexpected:   26\n--------------------\n--------------------\nFAILURE\nname:       check-equal?\nlocation:   /tmp/tmpthmy1s30.rkt:18:4\nactual:     42\nexpected:   48\n--------------------\n--------------------\nFAILURE\nname:       check-equal?\nlocation:   /tmp/tmpthmy1s30.rkt:19:4\nactual:     6\nexpected:   8\n--------------------\n",
      "exit_code": 0,
      "status": "Exception"
    },
    {
      "program": "#lang racket\n\n;; Write a rktthon function to find the sum of even factors of a number.\n(define (sumofFactors n)\n  (define (sumofFactors-iter n i sum)\n    (cond ((= i n) sum)\n          ((= 0 (modulo n i)) (+ sum i))\n          (else (sumofFactors-iter n (+ i 1) sum))))\n  (sumofFactors-iter n 1 0))\n\n(require rackunit)\n\n(define (test-humaneval) \n\n  (let (( candidate sumofFactors))\n    (check-equal? (candidate 18) 26)\n    (check-equal? (candidate 30) 48)\n    (check-equal? (candidate 6) 8)\n))\n\n(test-humaneval)",
      "timestamp": 1666122418,
      "stdout": "",
      "stderr": "--------------------\nFAILURE\nname:       check-equal?\nlocation:   /tmp/tmp_vu8y_tx.rkt:16:4\nactual:     1\nexpected:   26\n--------------------\n--------------------\nFAILURE\nname:       check-equal?\nlocation:   /tmp/tmp_vu8y_tx.rkt:17:4\nactual:     1\nexpected:   48\n--------------------\n--------------------\nFAILURE\nname:       check-equal?\nlocation:   /tmp/tmp_vu8y_tx.rkt:18:4\nactual:     1\nexpected:   8\n--------------------\n",
      "exit_code": 0,
      "status": "Exception"
    },
    {
      "program": "#lang racket\n\n;; Write a rktthon function to find the sum of even factors of a number.\n(define (sumofFactors n)\n  (define (sumofFactors-iter n i sum)\n    (cond ((&gt; i n) sum)\n          ((= (modulo n i) 0) (sumofFactors-iter n (+ i 1) (+ sum i)))\n          (else (sumofFactors-iter n (+ i 1) sum))))\n  (sumofFactors-iter n 1 0))\n\n(require rackunit)\n\n(define (test-humaneval) \n\n  (let (( candidate sumofFactors))\n    (check-equal? (candidate 18) 26)\n    (check-equal? (candidate 30) 48)\n    (check-equal? (candidate 6) 8)\n))\n\n(test-humaneval)",
      "timestamp": 1665509950,
      "stdout": "",
      "stderr": "/tmp/tmpvx9upky1.rkt:5:2: read-syntax: expected a `)` to close `(`\n  possible cause: indentation suggests a missing `)` before line 11\n  context...:\n   /work/arjunguha-research-group/software/racket/collects/syntax/module-reader.rkt:186:17: body\n   /work/arjunguha-research-group/software/racket/collects/syntax/module-reader.rkt:183:2: wrap-internal\n   /work/arjunguha-research-group/software/racket/collects/racket/../syntax/module-reader.rkt:67:9: wrap-internal/wrapper\n",
      "exit_code": 1,
      "status": "SyntaxError"
    },
    {
      "program": "#lang racket\n\n;; Write a rktthon function to find the sum of even factors of a number.\n(define (sumofFactors n)\n  (define (sumofFactors-iter n i sum)\n    (cond\n      [(= i n) sum]\n      [(= 0 (modulo n i)) (sumofFactors-iter n (+ i 1) (+ sum i))]\n      [else (sumofFactors-iter n (+ i 1) sum)]))\n  (sumofFactors-iter n 1 0))\n\n(require rackunit)\n\n(define (test-humaneval) \n\n  (let (( candidate sumofFactors))\n    (check-equal? (candidate 18) 26)\n    (check-equal? (candidate 30) 48)\n    (check-equal? (candidate 6) 8)\n))\n\n(test-humaneval)",
      "timestamp": 1665509950,
      "stdout": "",
      "stderr": "--------------------\nFAILURE\nname:       check-equal?\nlocation:   /tmp/tmpthmy1s30.rkt:17:4\nactual:     21\nexpected:   26\n--------------------\n--------------------\nFAILURE\nname:       check-equal?\nlocation:   /tmp/tmpthmy1s30.rkt:18:4\nactual:     42\nexpected:   48\n--------------------\n--------------------\nFAILURE\nname:       check-equal?\nlocation:   /tmp/tmpthmy1s30.rkt:19:4\nactual:     6\nexpected:   8\n--------------------\n",
      "exit_code": 0,
      "status": "Exception"
    },
    {
      "program": "#lang racket\n\n;; Write a rktthon function to find the sum of even factors of a number.\n(define (sumofFactors n)\n  (define (sumofFactors-iter n i acc)\n    (cond\n      [(= n 1) acc]\n      [(= (modulo n i) 0) (sumofFactors-iter (/ n i) i (+ acc i))]\n      [else (sumofFactors-iter n (+ i 1) acc)]))\n  (sumofFactors-iter n 2 0))\n\n(require rackunit)\n\n(define (test-humaneval) \n\n  (let (( candidate sumofFactors))\n    (check-equal? (candidate 18) 26)\n    (check-equal? (candidate 30) 48)\n    (check-equal? (candidate 6) 8)\n))\n\n(test-humaneval)",
      "timestamp": 1666122418,
      "stdout": "",
      "stderr": "--------------------\nFAILURE\nname:       check-equal?\nlocation:   /tmp/tmpb2tx2a5p.rkt:17:4\nactual:     8\nexpected:   26\n--------------------\n--------------------\nFAILURE\nname:       check-equal?\nlocation:   /tmp/tmpb2tx2a5p.rkt:18:4\nactual:     10\nexpected:   48\n--------------------\n--------------------\nFAILURE\nname:       check-equal?\nlocation:   /tmp/tmpb2tx2a5p.rkt:19:4\nactual:     5\nexpected:   8\n--------------------\n",
      "exit_code": 0,
      "status": "Exception"
    },
    {
      "program": "#lang racket\n\n;; Write a rktthon function to find the sum of even factors of a number.\n(define (sumofFactors n)\n  (define (sumofFactors-iter n i sum)\n    (cond\n      [(= i n) sum]\n      [(= 0 (modulo n i)) (sumofFactors-iter n (+ i 1) (+ sum i))]\n      [else (sumofFactors-iter n (+ i 1) sum)]))\n  (sumofFactors-iter n 1 0))\n\n(require rackunit)\n\n(define (test-humaneval) \n\n  (let (( candidate sumofFactors))\n    (check-equal? (candidate 18) 26)\n    (check-equal? (candidate 30) 48)\n    (check-equal? (candidate 6) 8)\n))\n\n(test-humaneval)",
      "timestamp": 1665509950,
      "stdout": "",
      "stderr": "--------------------\nFAILURE\nname:       check-equal?\nlocation:   /tmp/tmpthmy1s30.rkt:17:4\nactual:     21\nexpected:   26\n--------------------\n--------------------\nFAILURE\nname:       check-equal?\nlocation:   /tmp/tmpthmy1s30.rkt:18:4\nactual:     42\nexpected:   48\n--------------------\n--------------------\nFAILURE\nname:       check-equal?\nlocation:   /tmp/tmpthmy1s30.rkt:19:4\nactual:     6\nexpected:   8\n--------------------\n",
      "exit_code": 0,
      "status": "Exception"
    },
    {
      "program": "#lang racket\n\n;; Write a rktthon function to find the sum of even factors of a number.\n(define (sumofFactors n)\n  (define (sumofFactors-iter n i sum)\n    (cond ((&gt; i n) sum)\n          ((= (modulo n i) 0) (sumofFactors-iter n (+ i 1) (+ sum i)))\n          (else (sumofFactors-iter n (+ i 1) sum))))\n  (sumofFactors-iter n 1 0))\n\n(require rackunit)\n\n(define (test-humaneval) \n\n  (let (( candidate sumofFactors))\n    (check-equal? (candidate 18) 26)\n    (check-equal? (candidate 30) 48)\n    (check-equal? (candidate 6) 8)\n))\n\n(test-humaneval)",
      "timestamp": 1665509950,
      "stdout": "",
      "stderr": "/tmp/tmpvx9upky1.rkt:5:2: read-syntax: expected a `)` to close `(`\n  possible cause: indentation suggests a missing `)` before line 11\n  context...:\n   /work/arjunguha-research-group/software/racket/collects/syntax/module-reader.rkt:186:17: body\n   /work/arjunguha-research-group/software/racket/collects/syntax/module-reader.rkt:183:2: wrap-internal\n   /work/arjunguha-research-group/software/racket/collects/racket/../syntax/module-reader.rkt:67:9: wrap-internal/wrapper\n",
      "exit_code": 1,
      "status": "SyntaxError"
    },
    {
      "program": "#lang racket\n\n;; Write a rktthon function to find the sum of even factors of a number.\n(define (sumofFactors n)\n  (define (sumofFactors-iter i sum)\n    (cond ((= i n) sum)\n          ((even? i) (sumofFactors-iter (+ i 1) (+ sum i)))\n          (else (sumofFactors-iter (+ i 1) sum))))\n  (sumofFactors-iter 1 0))\n\n(require rackunit)\n\n(define (test-humaneval) \n\n  (let (( candidate sumofFactors))\n    (check-equal? (candidate 18) 26)\n    (check-equal? (candidate 30) 48)\n    (check-equal? (candidate 6) 8)\n))\n\n(test-humaneval)",
      "timestamp": 1665509951,
      "stdout": "",
      "stderr": "--------------------\nFAILURE\nname:       check-equal?\nlocation:   /tmp/tmppljmwmmv.rkt:16:4\nactual:     72\nexpected:   26\n--------------------\n--------------------\nFAILURE\nname:       check-equal?\nlocation:   /tmp/tmppljmwmmv.rkt:17:4\nactual:     210\nexpected:   48\n--------------------\n--------------------\nFAILURE\nname:       check-equal?\nlocation:   /tmp/tmppljmwmmv.rkt:18:4\nactual:     6\nexpected:   8\n--------------------\n",
      "exit_code": 0,
      "status": "Exception"
    },
    {
      "program": "#lang racket\n\n;; Write a rktthon function to find the sum of even factors of a number.\n(define (sumofFactors n)\n  (define (sumofFactors-iter n i sum)\n    (cond ((= i n) sum)\n          ((even? i) (sumofFactors-iter n (+ i 1) (+ sum i)))\n          (else (sumofFactors-iter n (+ i 1) sum))))\n  (sumofFactors-iter n 1 0))\n\n(require rackunit)\n\n(define (test-humaneval) \n\n  (let (( candidate sumofFactors))\n    (check-equal? (candidate 18) 26)\n    (check-equal? (candidate 30) 48)\n    (check-equal? (candidate 6) 8)\n))\n\n(test-humaneval)",
      "timestamp": 1665509951,
      "stdout": "",
      "stderr": "--------------------\nFAILURE\nname:       check-equal?\nlocation:   /tmp/tmpi5xieusj.rkt:16:4\nactual:     72\nexpected:   26\n--------------------\n--------------------\nFAILURE\nname:       check-equal?\nlocation:   /tmp/tmpi5xieusj.rkt:17:4\nactual:     210\nexpected:   48\n--------------------\n--------------------\nFAILURE\nname:       check-equal?\nlocation:   /tmp/tmpi5xieusj.rkt:18:4\nactual:     6\nexpected:   8\n--------------------\n",
      "exit_code": 0,
      "status": "Exception"
    },
    {
      "program": "#lang racket\n\n;; Write a rktthon function to find the sum of even factors of a number.\n(define (sumofFactors n)\n  (define (sumofFactors-iter n i sum)\n    (cond ((&gt; i n) sum)\n          ((= (remainder n i) 0) (sumofFactors-iter n (+ i 1) (+ sum i)))\n          (else (sumofFactors-iter n (+ i 1) sum))))\n  (sumofFactors-iter n 1 0))\n\n(require rackunit)\n\n(define (test-humaneval) \n\n  (let (( candidate sumofFactors))\n    (check-equal? (candidate 18) 26)\n    (check-equal? (candidate 30) 48)\n    (check-equal? (candidate 6) 8)\n))\n\n(test-humaneval)",
      "timestamp": 1665509950,
      "stdout": "",
      "stderr": "/tmp/tmpbh07kmj2.rkt:5:2: read-syntax: expected a `)` to close `(`\n  possible cause: indentation suggests a missing `)` before line 11\n  context...:\n   /work/arjunguha-research-group/software/racket/collects/syntax/module-reader.rkt:186:17: body\n   /work/arjunguha-research-group/software/racket/collects/syntax/module-reader.rkt:183:2: wrap-internal\n   /work/arjunguha-research-group/software/racket/collects/racket/../syntax/module-reader.rkt:67:9: wrap-internal/wrapper\n",
      "exit_code": 1,
      "status": "SyntaxError"
    },
    {
      "program": "#lang racket\n\n;; Write a rktthon function to find the sum of even factors of a number.\n(define (sumofFactors n)\n  (define (sumofFactors-iter i sum)\n    (if (= i n)\n        sum\n        (if (even? i)\n            (sumofFactors-iter (+ i 1) (+ sum i))\n            (sumofFactors-iter (+ i 1) sum))))\n  (sumofFactors-iter 1 0))\n\n(require rackunit)\n\n(define (test-humaneval) \n\n  (let (( candidate sumofFactors))\n    (check-equal? (candidate 18) 26)\n    (check-equal? (candidate 30) 48)\n    (check-equal? (candidate 6) 8)\n))\n\n(test-humaneval)",
      "timestamp": 1666122418,
      "stdout": "",
      "stderr": "--------------------\nFAILURE\nname:       check-equal?\nlocation:   /tmp/tmpkawyr4qd.rkt:18:4\nactual:     72\nexpected:   26\n--------------------\n--------------------\nFAILURE\nname:       check-equal?\nlocation:   /tmp/tmpkawyr4qd.rkt:19:4\nactual:     210\nexpected:   48\n--------------------\n--------------------\nFAILURE\nname:       check-equal?\nlocation:   /tmp/tmpkawyr4qd.rkt:20:4\nactual:     6\nexpected:   8\n--------------------\n",
      "exit_code": 0,
      "status": "Exception"
    },
    {
      "program": "#lang racket\n\n;; Write a rktthon function to find the sum of even factors of a number.\n(define (sumofFactors n)\n  (let loop ((i 1) (sum 0))\n    (cond ((&gt; i n) sum)\n          ((even? i) (loop (+ i 1) (+ sum i)))\n          (else (loop (+ i 1) sum)))))\n\n(require rackunit)\n\n(define (test-humaneval) \n\n  (let (( candidate sumofFactors))\n    (check-equal? (candidate 18) 26)\n    (check-equal? (candidate 30) 48)\n    (check-equal? (candidate 6) 8)\n))\n\n(test-humaneval)",
      "timestamp": 1666122418,
      "stdout": "",
      "stderr": "/tmp/tmp15kbto5y.rkt:5:2: read-syntax: expected a `)` to close `(`\n  possible cause: indentation suggests a missing `)` before line 10\n  context...:\n   /work/arjunguha-research-group/software/racket/collects/syntax/module-reader.rkt:186:17: body\n   /work/arjunguha-research-group/software/racket/collects/syntax/module-reader.rkt:183:2: wrap-internal\n   /work/arjunguha-research-group/software/racket/collects/racket/../syntax/module-reader.rkt:67:9: wrap-internal/wrapper\n",
      "exit_code": 1,
      "status": "SyntaxError"
    },
    {
      "program": "#lang racket\n\n;; Write a rktthon function to find the sum of even factors of a number.\n(define (sumofFactors n)\n  (define (sumofFactors-iter n i sum)\n    (cond ((= n i) sum)\n          ((= 0 (modulo n i)) (+ sum i))\n          (else sum)))\n  (sumofFactors-iter n 1 0))\n\n(require rackunit)\n\n(define (test-humaneval) \n\n  (let (( candidate sumofFactors))\n    (check-equal? (candidate 18) 26)\n    (check-equal? (candidate 30) 48)\n    (check-equal? (candidate 6) 8)\n))\n\n(test-humaneval)",
      "timestamp": 1666122419,
      "stdout": "",
      "stderr": "--------------------\nFAILURE\nname:       check-equal?\nlocation:   /tmp/tmp8s92p_kt.rkt:16:4\nactual:     1\nexpected:   26\n--------------------\n--------------------\nFAILURE\nname:       check-equal?\nlocation:   /tmp/tmp8s92p_kt.rkt:17:4\nactual:     1\nexpected:   48\n--------------------\n--------------------\nFAILURE\nname:       check-equal?\nlocation:   /tmp/tmp8s92p_kt.rkt:18:4\nactual:     1\nexpected:   8\n--------------------\n",
      "exit_code": 0,
      "status": "Exception"
    },
    {
      "program": "#lang racket\n\n;; Write a rktthon function to find the sum of even factors of a number.\n(define (sumofFactors n)\n  (define (sumofFactors-iter n i sum)\n    (cond ((= n i) sum)\n          ((= 0 (modulo n i))\n           (sumofFactors-iter n (+ i 1) (+ sum i)))\n          (else (sumofFactors-iter n (+ i 1) sum))))\n  (sumofFactors-iter n 1 0))\n\n(require rackunit)\n\n(define (test-humaneval) \n\n  (let (( candidate sumofFactors))\n    (check-equal? (candidate 18) 26)\n    (check-equal? (candidate 30) 48)\n    (check-equal? (candidate 6) 8)\n))\n\n(test-humaneval)",
      "timestamp": 1666122419,
      "stdout": "",
      "stderr": "--------------------\nFAILURE\nname:       check-equal?\nlocation:   /tmp/tmpy99vg5sx.rkt:17:4\nactual:     21\nexpected:   26\n--------------------\n--------------------\nFAILURE\nname:       check-equal?\nlocation:   /tmp/tmpy99vg5sx.rkt:18:4\nactual:     42\nexpected:   48\n--------------------\n--------------------\nFAILURE\nname:       check-equal?\nlocation:   /tmp/tmpy99vg5sx.rkt:19:4\nactual:     6\nexpected:   8\n--------------------\n",
      "exit_code": 0,
      "status": "Exception"
    },
    {
      "program": "#lang racket\n\n;; Write a rktthon function to find the sum of even factors of a number.\n(define (sumofFactors n)\n  (define (sumofFactors-iter n i sum)\n    (cond\n      [(= i n) sum]\n      [(= 0 (modulo n i)) (sumofFactors-iter n (+ i 1) (+ sum i))]\n      [else (sumofFactors-iter n (+ i 1) sum)]))\n  (sumofFactors-iter n 1 0))\n\n(require rackunit)\n\n(define (test-humaneval) \n\n  (let (( candidate sumofFactors))\n    (check-equal? (candidate 18) 26)\n    (check-equal? (candidate 30) 48)\n    (check-equal? (candidate 6) 8)\n))\n\n(test-humaneval)",
      "timestamp": 1665509950,
      "stdout": "",
      "stderr": "--------------------\nFAILURE\nname:       check-equal?\nlocation:   /tmp/tmpthmy1s30.rkt:17:4\nactual:     21\nexpected:   26\n--------------------\n--------------------\nFAILURE\nname:       check-equal?\nlocation:   /tmp/tmpthmy1s30.rkt:18:4\nactual:     42\nexpected:   48\n--------------------\n--------------------\nFAILURE\nname:       check-equal?\nlocation:   /tmp/tmpthmy1s30.rkt:19:4\nactual:     6\nexpected:   8\n--------------------\n",
      "exit_code": 0,
      "status": "Exception"
    },
    {
      "program": "#lang racket\n\n;; Write a rktthon function to find the sum of even factors of a number.\n(define (sumofFactors n)\n  (define (sumofFactors-iter i sum)\n    (cond ((&gt; i n) sum)\n          ((= (remainder n i) 0) (sumofFactors-iter (+ i 1) (+ sum i)))\n          (else (sumofFactors-iter (+ i 1) sum))))\n  (sumofFactors-iter 1 0))\n\n(require rackunit)\n\n(define (test-humaneval) \n\n  (let (( candidate sumofFactors))\n    (check-equal? (candidate 18) 26)\n    (check-equal? (candidate 30) 48)\n    (check-equal? (candidate 6) 8)\n))\n\n(test-humaneval)",
      "timestamp": 1665509950,
      "stdout": "",
      "stderr": "/tmp/tmp1ke3_s3r.rkt:5:2: read-syntax: expected a `)` to close `(`\n  possible cause: indentation suggests a missing `)` before line 11\n  context...:\n   /work/arjunguha-research-group/software/racket/collects/syntax/module-reader.rkt:186:17: body\n   /work/arjunguha-research-group/software/racket/collects/syntax/module-reader.rkt:183:2: wrap-internal\n   /work/arjunguha-research-group/software/racket/collects/racket/../syntax/module-reader.rkt:67:9: wrap-internal/wrapper\n",
      "exit_code": 1,
      "status": "SyntaxError"
    },
    {
      "program": "#lang racket\n\n;; Write a rktthon function to find the sum of even factors of a number.\n(define (sumofFactors n)\n  (define (sumofFactors-iter n i sum)\n    (cond ((&gt; i n) sum)\n          ((= (modulo n i) 0) (sumofFactors-iter n (+ i 1) (+ sum i)))\n          (else (sumofFactors-iter n (+ i 1) sum))))\n  (sumofFactors-iter n 1 0))\n</code>\n\n(require rackunit)\n\n(define (test-humaneval) \n\n  (let (( candidate sumofFactors))\n    (check-equal? (candidate 18) 26)\n    (check-equal? (candidate 30) 48)\n    (check-equal? (candidate 6) 8)\n))\n\n(test-humaneval)",
      "timestamp": 1666122418,
      "stdout": "",
      "stderr": "/tmp/tmpm0ewvigk.rkt:5:2: read-syntax: expected a `)` to close `(`\n  possible cause: indentation suggests a missing `)` before line 10\n  context...:\n   /work/arjunguha-research-group/software/racket/collects/syntax/module-reader.rkt:186:17: body\n   /work/arjunguha-research-group/software/racket/collects/syntax/module-reader.rkt:183:2: wrap-internal\n   /work/arjunguha-research-group/software/racket/collects/racket/../syntax/module-reader.rkt:67:9: wrap-internal/wrapper\n",
      "exit_code": 1,
      "status": "SyntaxError"
    },
    {
      "program": "#lang racket\n\n;; Write a rktthon function to find the sum of even factors of a number.\n(define (sumofFactors n)\n  (define (sumofFactors-iter n i)\n    (cond\n      [(= i n) 0]\n      [(= 0 (modulo n i)) (+ i (sumofFactors-iter n (+ i 1)))]\n      [else (sumofFactors-iter n (+ i 1))]))\n  (sumofFactors-iter n 1))\n\n(require rackunit)\n\n(define (test-humaneval) \n\n  (let (( candidate sumofFactors))\n    (check-equal? (candidate 18) 26)\n    (check-equal? (candidate 30) 48)\n    (check-equal? (candidate 6) 8)\n))\n\n(test-humaneval)",
      "timestamp": 1666122419,
      "stdout": "",
      "stderr": "--------------------\nFAILURE\nname:       check-equal?\nlocation:   /tmp/tmp6iy3zs9d.rkt:17:4\nactual:     21\nexpected:   26\n--------------------\n--------------------\nFAILURE\nname:       check-equal?\nlocation:   /tmp/tmp6iy3zs9d.rkt:18:4\nactual:     42\nexpected:   48\n--------------------\n--------------------\nFAILURE\nname:       check-equal?\nlocation:   /tmp/tmp6iy3zs9d.rkt:19:4\nactual:     6\nexpected:   8\n--------------------\n",
      "exit_code": 0,
      "status": "Exception"
    },
    {
      "program": "#lang racket\n\n;; Write a rktthon function to find the sum of even factors of a number.\n(define (sumofFactors n)\n  (define (sumofFactors-iter n i sum)\n    (cond\n      [(= i n) sum]\n      [(= (modulo n i) 0) (sumofFactors-iter n (+ i 1) (+ sum i))]\n      [else (sumofFactors-iter n (+ i 1) sum)]))\n  (sumofFactors-iter n 1 0))\n\n(require rackunit)\n\n(define (test-humaneval) \n\n  (let (( candidate sumofFactors))\n    (check-equal? (candidate 18) 26)\n    (check-equal? (candidate 30) 48)\n    (check-equal? (candidate 6) 8)\n))\n\n(test-humaneval)",
      "timestamp": 1665509951,
      "stdout": "",
      "stderr": "--------------------\nFAILURE\nname:       check-equal?\nlocation:   /tmp/tmp6xla1p7f.rkt:17:4\nactual:     21\nexpected:   26\n--------------------\n--------------------\nFAILURE\nname:       check-equal?\nlocation:   /tmp/tmp6xla1p7f.rkt:18:4\nactual:     42\nexpected:   48\n--------------------\n--------------------\nFAILURE\nname:       check-equal?\nlocation:   /tmp/tmp6xla1p7f.rkt:19:4\nactual:     6\nexpected:   8\n--------------------\n",
      "exit_code": 0,
      "status": "Exception"
    },
    {
      "program": "#lang racket\n\n;; Write a rktthon function to find the sum of even factors of a number.\n(define (sumofFactors n)\n  (define (sumofFactors-iter n i)\n    (cond ((= i n) 0)\n          ((= 0 (modulo n i)) (+ i (sumofFactors-iter n (+ i 1))))\n          (else (sumofFactors-iter n (+ i 1)))))\n  (sumofFactors-iter n 1))\n\n(require rackunit)\n\n(define (test-humaneval) \n\n  (let (( candidate sumofFactors))\n    (check-equal? (candidate 18) 26)\n    (check-equal? (candidate 30) 48)\n    (check-equal? (candidate 6) 8)\n))\n\n(test-humaneval)",
      "timestamp": 1665509951,
      "stdout": "",
      "stderr": "--------------------\nFAILURE\nname:       check-equal?\nlocation:   /tmp/tmpb9h0eg68.rkt:16:4\nactual:     21\nexpected:   26\n--------------------\n--------------------\nFAILURE\nname:       check-equal?\nlocation:   /tmp/tmpb9h0eg68.rkt:17:4\nactual:     42\nexpected:   48\n--------------------\n--------------------\nFAILURE\nname:       check-equal?\nlocation:   /tmp/tmpb9h0eg68.rkt:18:4\nactual:     6\nexpected:   8\n--------------------\n",
      "exit_code": 0,
      "status": "Exception"
    },
    {
      "program": "#lang racket\n\n;; Write a rktthon function to find the sum of even factors of a number.\n(define (sumofFactors n)\n  (define (sumofFactors-iter i sum)\n    (if (= i n)\n        sum\n        (if (= (remainder n i) 0)\n            (if (even? i)\n                (sumofFactors-iter (+ i 1) (+ sum i))\n                (sumofFactors-iter (+ i 1) sum))\n            (sumofFactors-iter (+ i 1) sum))))\n  (sumofFactors-iter 1 0))\n\n(require rackunit)\n\n(define (test-humaneval) \n\n  (let (( candidate sumofFactors))\n    (check-equal? (candidate 18) 26)\n    (check-equal? (candidate 30) 48)\n    (check-equal? (candidate 6) 8)\n))\n\n(test-humaneval)",
      "timestamp": 1666122419,
      "stdout": "",
      "stderr": "--------------------\nFAILURE\nname:       check-equal?\nlocation:   /tmp/tmp9kugegyy.rkt:20:4\nactual:     8\nexpected:   26\n--------------------\n--------------------\nFAILURE\nname:       check-equal?\nlocation:   /tmp/tmp9kugegyy.rkt:21:4\nactual:     18\nexpected:   48\n--------------------\n--------------------\nFAILURE\nname:       check-equal?\nlocation:   /tmp/tmp9kugegyy.rkt:22:4\nactual:     2\nexpected:   8\n--------------------\n",
      "exit_code": 0,
      "status": "Exception"
    },
    {
      "program": "#lang racket\n\n;; Write a rktthon function to find the sum of even factors of a number.\n(define (sumofFactors n)\n  (define (sumofFactors-iter n i sum)\n    (cond\n      [(= i n) sum]\n      [(= 0 (modulo n i)) (sumofFactors-iter n (+ i 1) (+ sum i))]\n      [else (sumofFactors-iter n (+ i 1) sum)]))\n  (sumofFactors-iter n 1 0))\n\n(require rackunit)\n\n(define (test-humaneval) \n\n  (let (( candidate sumofFactors))\n    (check-equal? (candidate 18) 26)\n    (check-equal? (candidate 30) 48)\n    (check-equal? (candidate 6) 8)\n))\n\n(test-humaneval)",
      "timestamp": 1665509950,
      "stdout": "",
      "stderr": "--------------------\nFAILURE\nname:       check-equal?\nlocation:   /tmp/tmpthmy1s30.rkt:17:4\nactual:     21\nexpected:   26\n--------------------\n--------------------\nFAILURE\nname:       check-equal?\nlocation:   /tmp/tmpthmy1s30.rkt:18:4\nactual:     42\nexpected:   48\n--------------------\n--------------------\nFAILURE\nname:       check-equal?\nlocation:   /tmp/tmpthmy1s30.rkt:19:4\nactual:     6\nexpected:   8\n--------------------\n",
      "exit_code": 0,
      "status": "Exception"
    },
    {
      "program": "#lang racket\n\n;; Write a rktthon function to find the sum of even factors of a number.\n(define (sumofFactors n)\n  (define (sumofFactors-iter i sum)\n    (cond\n      [(= i n) sum]\n      [(= (remainder n i) 0) (sumofFactors-iter (+ i 1) (+ sum i))]\n      [else (sumofFactors-iter (+ i 1) sum)]))\n  (sumofFactors-iter 2 0))\n\n(require rackunit)\n\n(define (test-humaneval) \n\n  (let (( candidate sumofFactors))\n    (check-equal? (candidate 18) 26)\n    (check-equal? (candidate 30) 48)\n    (check-equal? (candidate 6) 8)\n))\n\n(test-humaneval)",
      "timestamp": 1666122419,
      "stdout": "",
      "stderr": "--------------------\nFAILURE\nname:       check-equal?\nlocation:   /tmp/tmpzbz6nzej.rkt:17:4\nactual:     20\nexpected:   26\n--------------------\n--------------------\nFAILURE\nname:       check-equal?\nlocation:   /tmp/tmpzbz6nzej.rkt:18:4\nactual:     41\nexpected:   48\n--------------------\n--------------------\nFAILURE\nname:       check-equal?\nlocation:   /tmp/tmpzbz6nzej.rkt:19:4\nactual:     5\nexpected:   8\n--------------------\n",
      "exit_code": 0,
      "status": "Exception"
    },
    {
      "program": "#lang racket\n\n;; Write a rktthon function to find the sum of even factors of a number.\n(define (sumofFactors n)\n  (define (sumofFactors-iter n i sum)\n    (cond ((&gt; i n) sum)\n          ((= (modulo n i) 0) (sumofFactors-iter n (+ i 1) (+ sum i)))\n          (else (sumofFactors-iter n (+ i 1) sum))))\n  (sumofFactors-iter n 1 0))\n</code>\n\n(require rackunit)\n\n(define (test-humaneval) \n\n  (let (( candidate sumofFactors))\n    (check-equal? (candidate 18) 26)\n    (check-equal? (candidate 30) 48)\n    (check-equal? (candidate 6) 8)\n))\n\n(test-humaneval)",
      "timestamp": 1666122418,
      "stdout": "",
      "stderr": "/tmp/tmpm0ewvigk.rkt:5:2: read-syntax: expected a `)` to close `(`\n  possible cause: indentation suggests a missing `)` before line 10\n  context...:\n   /work/arjunguha-research-group/software/racket/collects/syntax/module-reader.rkt:186:17: body\n   /work/arjunguha-research-group/software/racket/collects/syntax/module-reader.rkt:183:2: wrap-internal\n   /work/arjunguha-research-group/software/racket/collects/racket/../syntax/module-reader.rkt:67:9: wrap-internal/wrapper\n",
      "exit_code": 1,
      "status": "SyntaxError"
    },
    {
      "program": "#lang racket\n\n;; Write a rktthon function to find the sum of even factors of a number.\n(define (sumofFactors n)\n  (define (sumofFactors-iter n i sum)\n    (cond\n      [(= i n) sum]\n      [(= 0 (modulo n i)) (sumofFactors-iter n (+ i 1) (+ sum i))]\n      [else (sumofFactors-iter n (+ i 1) sum)]))\n  (sumofFactors-iter n 1 0))\n\n(require rackunit)\n\n(define (test-humaneval) \n\n  (let (( candidate sumofFactors))\n    (check-equal? (candidate 18) 26)\n    (check-equal? (candidate 30) 48)\n    (check-equal? (candidate 6) 8)\n))\n\n(test-humaneval)",
      "timestamp": 1665509950,
      "stdout": "",
      "stderr": "--------------------\nFAILURE\nname:       check-equal?\nlocation:   /tmp/tmpthmy1s30.rkt:17:4\nactual:     21\nexpected:   26\n--------------------\n--------------------\nFAILURE\nname:       check-equal?\nlocation:   /tmp/tmpthmy1s30.rkt:18:4\nactual:     42\nexpected:   48\n--------------------\n--------------------\nFAILURE\nname:       check-equal?\nlocation:   /tmp/tmpthmy1s30.rkt:19:4\nactual:     6\nexpected:   8\n--------------------\n",
      "exit_code": 0,
      "status": "Exception"
    },
    {
      "program": "#lang racket\n\n;; Write a rktthon function to find the sum of even factors of a number.\n(define (sumofFactors n)\n  (define (sumOfFactorsHelper n i)\n    (if (= i n)\n        0\n        (if (= (modulo n i) 0)\n            (+ i (sumOfFactorsHelper n (+ i 1)))\n            (sumOfFactorsHelper n (+ i 1)))))\n  (sumOfFactorsHelper n 1))\n\n(require rackunit)\n\n(define (test-humaneval) \n\n  (let (( candidate sumofFactors))\n    (check-equal? (candidate 18) 26)\n    (check-equal? (candidate 30) 48)\n    (check-equal? (candidate 6) 8)\n))\n\n(test-humaneval)",
      "timestamp": 1666122419,
      "stdout": "",
      "stderr": "--------------------\nFAILURE\nname:       check-equal?\nlocation:   /tmp/tmpdt7r5bk2.rkt:18:4\nactual:     21\nexpected:   26\n--------------------\n--------------------\nFAILURE\nname:       check-equal?\nlocation:   /tmp/tmpdt7r5bk2.rkt:19:4\nactual:     42\nexpected:   48\n--------------------\n--------------------\nFAILURE\nname:       check-equal?\nlocation:   /tmp/tmpdt7r5bk2.rkt:20:4\nactual:     6\nexpected:   8\n--------------------\n",
      "exit_code": 0,
      "status": "Exception"
    },
    {
      "program": "#lang racket\n\n;; Write a rktthon function to find the sum of even factors of a number.\n(define (sumofFactors n)\n  (define (sumOfFactorsHelper n i)\n    (if (= n i)\n        0\n        (+ (if (= 0 (remainder n i)) i 0)\n           (sumOfFactorsHelper n (+ i 1)))))\n  (sumOfFactorsHelper n 1))\n\n(require rackunit)\n\n(define (test-humaneval) \n\n  (let (( candidate sumofFactors))\n    (check-equal? (candidate 18) 26)\n    (check-equal? (candidate 30) 48)\n    (check-equal? (candidate 6) 8)\n))\n\n(test-humaneval)",
      "timestamp": 1666122419,
      "stdout": "",
      "stderr": "--------------------\nFAILURE\nname:       check-equal?\nlocation:   /tmp/tmpn5ilhma7.rkt:17:4\nactual:     21\nexpected:   26\n--------------------\n--------------------\nFAILURE\nname:       check-equal?\nlocation:   /tmp/tmpn5ilhma7.rkt:18:4\nactual:     42\nexpected:   48\n--------------------\n--------------------\nFAILURE\nname:       check-equal?\nlocation:   /tmp/tmpn5ilhma7.rkt:19:4\nactual:     6\nexpected:   8\n--------------------\n",
      "exit_code": 0,
      "status": "Exception"
    },
    {
      "program": "#lang racket\n\n;; Write a rktthon function to find the sum of even factors of a number.\n(define (sumofFactors n)\n  (define (sumofFactors-iter n i sum)\n    (cond ((= i n) sum)\n          ((= 0 (modulo n i)) (+ sum i))\n          (else sum)))\n  (sumofFactors-iter n 1 0))\n\n(require rackunit)\n\n(define (test-humaneval) \n\n  (let (( candidate sumofFactors))\n    (check-equal? (candidate 18) 26)\n    (check-equal? (candidate 30) 48)\n    (check-equal? (candidate 6) 8)\n))\n\n(test-humaneval)",
      "timestamp": 1665509951,
      "stdout": "",
      "stderr": "--------------------\nFAILURE\nname:       check-equal?\nlocation:   /tmp/tmpzd20vzn0.rkt:16:4\nactual:     1\nexpected:   26\n--------------------\n--------------------\nFAILURE\nname:       check-equal?\nlocation:   /tmp/tmpzd20vzn0.rkt:17:4\nactual:     1\nexpected:   48\n--------------------\n--------------------\nFAILURE\nname:       check-equal?\nlocation:   /tmp/tmpzd20vzn0.rkt:18:4\nactual:     1\nexpected:   8\n--------------------\n",
      "exit_code": 0,
      "status": "Exception"
    },
    {
      "program": "#lang racket\n\n;; Write a rktthon function to find the sum of even factors of a number.\n(define (sumofFactors n)\n  (define (sumOfEvenFactors n)\n    (define (sumOfEvenFactorsHelper n i)\n      (if (= i n)\n          0\n          (if (= (remainder n i) 0)\n              (+ i (sumOfEvenFactorsHelper n (+ i 1)))\n              (sumOfEvenFactorsHelper n (+ i 1)))))\n    (sumOfEvenFactorsHelper n 1))\n  (sumOfEvenFactors n))\n\n(require rackunit)\n\n(define (test-humaneval) \n\n  (let (( candidate sumofFactors))\n    (check-equal? (candidate 18) 26)\n    (check-equal? (candidate 30) 48)\n    (check-equal? (candidate 6) 8)\n))\n\n(test-humaneval)",
      "timestamp": 1666122419,
      "stdout": "",
      "stderr": "--------------------\nFAILURE\nname:       check-equal?\nlocation:   /tmp/tmp2wzk2pco.rkt:20:4\nactual:     21\nexpected:   26\n--------------------\n--------------------\nFAILURE\nname:       check-equal?\nlocation:   /tmp/tmp2wzk2pco.rkt:21:4\nactual:     42\nexpected:   48\n--------------------\n--------------------\nFAILURE\nname:       check-equal?\nlocation:   /tmp/tmp2wzk2pco.rkt:22:4\nactual:     6\nexpected:   8\n--------------------\n",
      "exit_code": 0,
      "status": "Exception"
    },
    {
      "program": "#lang racket\n\n;; Write a rktthon function to find the sum of even factors of a number.\n(define (sumofFactors n)\n  (define (sumofFactors-iter n i sum)\n    (cond\n      [(= n i) sum]\n      [(= 0 (modulo n i)) (sumofFactors-iter n (+ i 1) (+ sum i))]\n      [else (sumofFactors-iter n (+ i 1) sum)]))\n  (sumofFactors-iter n 1 0))\n\n(require rackunit)\n\n(define (test-humaneval) \n\n  (let (( candidate sumofFactors))\n    (check-equal? (candidate 18) 26)\n    (check-equal? (candidate 30) 48)\n    (check-equal? (candidate 6) 8)\n))\n\n(test-humaneval)",
      "timestamp": 1666122419,
      "stdout": "",
      "stderr": "--------------------\nFAILURE\nname:       check-equal?\nlocation:   /tmp/tmpv3f3vfle.rkt:17:4\nactual:     21\nexpected:   26\n--------------------\n--------------------\nFAILURE\nname:       check-equal?\nlocation:   /tmp/tmpv3f3vfle.rkt:18:4\nactual:     42\nexpected:   48\n--------------------\n--------------------\nFAILURE\nname:       check-equal?\nlocation:   /tmp/tmpv3f3vfle.rkt:19:4\nactual:     6\nexpected:   8\n--------------------\n",
      "exit_code": 0,
      "status": "Exception"
    },
    {
      "program": "#lang racket\n\n;; Write a rktthon function to find the sum of even factors of a number.\n(define (sumofFactors n)\n  (define (sumofFactors-iter n i sum)\n    (cond ((&gt; i n) sum)\n          ((= (remainder n i) 0) (sumofFactors-iter n (+ i 1) (+ sum i)))\n          (else (sumofFactors-iter n (+ i 1) sum))))\n  (sumofFactors-iter n 1 0))\n\n(require rackunit)\n\n(define (test-humaneval) \n\n  (let (( candidate sumofFactors))\n    (check-equal? (candidate 18) 26)\n    (check-equal? (candidate 30) 48)\n    (check-equal? (candidate 6) 8)\n))\n\n(test-humaneval)",
      "timestamp": 1665509950,
      "stdout": "",
      "stderr": "/tmp/tmpbh07kmj2.rkt:5:2: read-syntax: expected a `)` to close `(`\n  possible cause: indentation suggests a missing `)` before line 11\n  context...:\n   /work/arjunguha-research-group/software/racket/collects/syntax/module-reader.rkt:186:17: body\n   /work/arjunguha-research-group/software/racket/collects/syntax/module-reader.rkt:183:2: wrap-internal\n   /work/arjunguha-research-group/software/racket/collects/racket/../syntax/module-reader.rkt:67:9: wrap-internal/wrapper\n",
      "exit_code": 1,
      "status": "SyntaxError"
    },
    {
      "program": "#lang racket\n\n;; Write a rktthon function to find the sum of even factors of a number.\n(define (sumofFactors n)\n  (define (sumofFactors-iter n i sum)\n    (cond\n      ((= i n) sum)\n      ((= (modulo n i) 0) (sumofFactors-iter n (+ i 1) (+ sum i)))\n      (else (sumofFactors-iter n (+ i 1) sum))))\n  (sumofFactors-iter n 1 0))\n\n(require rackunit)\n\n(define (test-humaneval) \n\n  (let (( candidate sumofFactors))\n    (check-equal? (candidate 18) 26)\n    (check-equal? (candidate 30) 48)\n    (check-equal? (candidate 6) 8)\n))\n\n(test-humaneval)",
      "timestamp": 1666122419,
      "stdout": "",
      "stderr": "--------------------\nFAILURE\nname:       check-equal?\nlocation:   /tmp/tmpdlda2l6n.rkt:17:4\nactual:     21\nexpected:   26\n--------------------\n--------------------\nFAILURE\nname:       check-equal?\nlocation:   /tmp/tmpdlda2l6n.rkt:18:4\nactual:     42\nexpected:   48\n--------------------\n--------------------\nFAILURE\nname:       check-equal?\nlocation:   /tmp/tmpdlda2l6n.rkt:19:4\nactual:     6\nexpected:   8\n--------------------\n",
      "exit_code": 0,
      "status": "Exception"
    },
    {
      "program": "#lang racket\n\n;; Write a rktthon function to find the sum of even factors of a number.\n(define (sumofFactors n)\n  (define (sumofFactors-iter n i)\n    (if (= i n)\n        0\n        (if (= (modulo n i) 0)\n            (+ i (sumofFactors-iter n (+ i 1)))\n            (sumofFactors-iter n (+ i 1)))))\n  (sumofFactors-iter n 1))\n\n(require rackunit)\n\n(define (test-humaneval) \n\n  (let (( candidate sumofFactors))\n    (check-equal? (candidate 18) 26)\n    (check-equal? (candidate 30) 48)\n    (check-equal? (candidate 6) 8)\n))\n\n(test-humaneval)",
      "timestamp": 1666122418,
      "stdout": "",
      "stderr": "--------------------\nFAILURE\nname:       check-equal?\nlocation:   /tmp/tmp1adcj7i4.rkt:18:4\nactual:     21\nexpected:   26\n--------------------\n--------------------\nFAILURE\nname:       check-equal?\nlocation:   /tmp/tmp1adcj7i4.rkt:19:4\nactual:     42\nexpected:   48\n--------------------\n--------------------\nFAILURE\nname:       check-equal?\nlocation:   /tmp/tmp1adcj7i4.rkt:20:4\nactual:     6\nexpected:   8\n--------------------\n",
      "exit_code": 0,
      "status": "Exception"
    },
    {
      "program": "#lang racket\n\n;; Write a rktthon function to find the sum of even factors of a number.\n(define (sumofFactors n)\n  (define (sumofFactors-iter n i)\n    (cond\n      [(= i n) 0]\n      [(= 0 (modulo n i)) (+ i (sumofFactors-iter n (+ i 1)))]\n      [else (sumofFactors-iter n (+ i 1))]))\n  (sumofFactors-iter n 1))\n\n(require rackunit)\n\n(define (test-humaneval) \n\n  (let (( candidate sumofFactors))\n    (check-equal? (candidate 18) 26)\n    (check-equal? (candidate 30) 48)\n    (check-equal? (candidate 6) 8)\n))\n\n(test-humaneval)",
      "timestamp": 1666122419,
      "stdout": "",
      "stderr": "--------------------\nFAILURE\nname:       check-equal?\nlocation:   /tmp/tmp6iy3zs9d.rkt:17:4\nactual:     21\nexpected:   26\n--------------------\n--------------------\nFAILURE\nname:       check-equal?\nlocation:   /tmp/tmp6iy3zs9d.rkt:18:4\nactual:     42\nexpected:   48\n--------------------\n--------------------\nFAILURE\nname:       check-equal?\nlocation:   /tmp/tmp6iy3zs9d.rkt:19:4\nactual:     6\nexpected:   8\n--------------------\n",
      "exit_code": 0,
      "status": "Exception"
    },
    {
      "program": "#lang racket\n\n;; Write a rktthon function to find the sum of even factors of a number.\n(define (sumofFactors n)\n  (define (sumofFactors-iter n i sum)\n    (cond\n      [(= i n) sum]\n      [(= (modulo n i) 0) (sumofFactors-iter n (+ i 1) (+ sum i))]\n      [else (sumofFactors-iter n (+ i 1) sum)]))\n  (sumofFactors-iter n 1 0))\n\n(require rackunit)\n\n(define (test-humaneval) \n\n  (let (( candidate sumofFactors))\n    (check-equal? (candidate 18) 26)\n    (check-equal? (candidate 30) 48)\n    (check-equal? (candidate 6) 8)\n))\n\n(test-humaneval)",
      "timestamp": 1665509951,
      "stdout": "",
      "stderr": "--------------------\nFAILURE\nname:       check-equal?\nlocation:   /tmp/tmp6xla1p7f.rkt:17:4\nactual:     21\nexpected:   26\n--------------------\n--------------------\nFAILURE\nname:       check-equal?\nlocation:   /tmp/tmp6xla1p7f.rkt:18:4\nactual:     42\nexpected:   48\n--------------------\n--------------------\nFAILURE\nname:       check-equal?\nlocation:   /tmp/tmp6xla1p7f.rkt:19:4\nactual:     6\nexpected:   8\n--------------------\n",
      "exit_code": 0,
      "status": "Exception"
    },
    {
      "program": "#lang racket\n\n;; Write a rktthon function to find the sum of even factors of a number.\n(define (sumofFactors n)\n  (define (sumofFactors-iter n i sum)\n    (cond\n      [(= i n) sum]\n      [(= (remainder n i) 0) (sumofFactors-iter n (+ i 1) (+ sum i))]\n      [else (sumofFactors-iter n (+ i 1) sum)]))\n  (sumofFactors-iter n 1 0))\n\n(require rackunit)\n\n(define (test-humaneval) \n\n  (let (( candidate sumofFactors))\n    (check-equal? (candidate 18) 26)\n    (check-equal? (candidate 30) 48)\n    (check-equal? (candidate 6) 8)\n))\n\n(test-humaneval)",
      "timestamp": 1666122418,
      "stdout": "",
      "stderr": "--------------------\nFAILURE\nname:       check-equal?\nlocation:   /tmp/tmp5t0x_0fu.rkt:17:4\nactual:     21\nexpected:   26\n--------------------\n--------------------\nFAILURE\nname:       check-equal?\nlocation:   /tmp/tmp5t0x_0fu.rkt:18:4\nactual:     42\nexpected:   48\n--------------------\n--------------------\nFAILURE\nname:       check-equal?\nlocation:   /tmp/tmp5t0x_0fu.rkt:19:4\nactual:     6\nexpected:   8\n--------------------\n",
      "exit_code": 0,
      "status": "Exception"
    },
    {
      "program": "#lang racket\n\n;; Write a rktthon function to find the sum of even factors of a number.\n(define (sumofFactors n)\n  (define (sumofFactors-iter i sum)\n    (cond\n      [(= i n) sum]\n      [(= 0 (modulo n i)) (sumofFactors-iter (+ i 1) (+ sum i))]\n      [else (sumofFactors-iter (+ i 1) sum)]))\n  (sumofFactors-iter 1 0))\n\n(require rackunit)\n\n(define (test-humaneval) \n\n  (let (( candidate sumofFactors))\n    (check-equal? (candidate 18) 26)\n    (check-equal? (candidate 30) 48)\n    (check-equal? (candidate 6) 8)\n))\n\n(test-humaneval)",
      "timestamp": 1665509950,
      "stdout": "",
      "stderr": "--------------------\nFAILURE\nname:       check-equal?\nlocation:   /tmp/tmpn5whvsfr.rkt:17:4\nactual:     21\nexpected:   26\n--------------------\n--------------------\nFAILURE\nname:       check-equal?\nlocation:   /tmp/tmpn5whvsfr.rkt:18:4\nactual:     42\nexpected:   48\n--------------------\n--------------------\nFAILURE\nname:       check-equal?\nlocation:   /tmp/tmpn5whvsfr.rkt:19:4\nactual:     6\nexpected:   8\n--------------------\n",
      "exit_code": 0,
      "status": "Exception"
    },
    {
      "program": "#lang racket\n\n;; Write a rktthon function to find the sum of even factors of a number.\n(define (sumofFactors n)\n  (define (sumofFactors-iter i sum)\n    (cond ((= i n) sum)\n          ((= (remainder n i) 0) (sumofFactors-iter (+ i 1) (+ sum i)))\n          (else (sumofFactors-iter (+ i 1) sum))))\n  (sumofFactors-iter 1 0))\n\n(require rackunit)\n\n(define (test-humaneval) \n\n  (let (( candidate sumofFactors))\n    (check-equal? (candidate 18) 26)\n    (check-equal? (candidate 30) 48)\n    (check-equal? (candidate 6) 8)\n))\n\n(test-humaneval)",
      "timestamp": 1666122418,
      "stdout": "",
      "stderr": "--------------------\nFAILURE\nname:       check-equal?\nlocation:   /tmp/tmpphj079dx.rkt:16:4\nactual:     21\nexpected:   26\n--------------------\n--------------------\nFAILURE\nname:       check-equal?\nlocation:   /tmp/tmpphj079dx.rkt:17:4\nactual:     42\nexpected:   48\n--------------------\n--------------------\nFAILURE\nname:       check-equal?\nlocation:   /tmp/tmpphj079dx.rkt:18:4\nactual:     6\nexpected:   8\n--------------------\n",
      "exit_code": 0,
      "status": "Exception"
    },
    {
      "program": "#lang racket\n\n;; Write a rktthon function to find the sum of even factors of a number.\n(define (sumofFactors n)\n  (define (sumofFactors-iter n i sum)\n    (cond\n      [(= i n) sum]\n      [(= (modulo n i) 0) (sumofFactors-iter n (+ i 1) (+ sum i))]\n      [else (sumofFactors-iter n (+ i 1) sum)]))\n  (sumofFactors-iter n 1 0))\n\n(require rackunit)\n\n(define (test-humaneval) \n\n  (let (( candidate sumofFactors))\n    (check-equal? (candidate 18) 26)\n    (check-equal? (candidate 30) 48)\n    (check-equal? (candidate 6) 8)\n))\n\n(test-humaneval)",
      "timestamp": 1665509951,
      "stdout": "",
      "stderr": "--------------------\nFAILURE\nname:       check-equal?\nlocation:   /tmp/tmp6xla1p7f.rkt:17:4\nactual:     21\nexpected:   26\n--------------------\n--------------------\nFAILURE\nname:       check-equal?\nlocation:   /tmp/tmp6xla1p7f.rkt:18:4\nactual:     42\nexpected:   48\n--------------------\n--------------------\nFAILURE\nname:       check-equal?\nlocation:   /tmp/tmp6xla1p7f.rkt:19:4\nactual:     6\nexpected:   8\n--------------------\n",
      "exit_code": 0,
      "status": "Exception"
    },
    {
      "program": "#lang racket\n\n;; Write a rktthon function to find the sum of even factors of a number.\n(define (sumofFactors n)\n  (define (sumofFactors-iter n i sum)\n    (cond ((= i n) sum)\n          ((even? i) (sumofFactors-iter n (+ i 1) (+ sum i)))\n          (else (sumofFactors-iter n (+ i 1) sum))))\n  (sumofFactors-iter n 1 0))\n\n(require rackunit)\n\n(define (test-humaneval) \n\n  (let (( candidate sumofFactors))\n    (check-equal? (candidate 18) 26)\n    (check-equal? (candidate 30) 48)\n    (check-equal? (candidate 6) 8)\n))\n\n(test-humaneval)",
      "timestamp": 1665509951,
      "stdout": "",
      "stderr": "--------------------\nFAILURE\nname:       check-equal?\nlocation:   /tmp/tmpi5xieusj.rkt:16:4\nactual:     72\nexpected:   26\n--------------------\n--------------------\nFAILURE\nname:       check-equal?\nlocation:   /tmp/tmpi5xieusj.rkt:17:4\nactual:     210\nexpected:   48\n--------------------\n--------------------\nFAILURE\nname:       check-equal?\nlocation:   /tmp/tmpi5xieusj.rkt:18:4\nactual:     6\nexpected:   8\n--------------------\n",
      "exit_code": 0,
      "status": "Exception"
    },
    {
      "program": "#lang racket\n\n;; Write a rktthon function to find the sum of even factors of a number.\n(define (sumofFactors n)\n  (define (sumofFactors-iter n i sum)\n    (cond\n      [(= i n) sum]\n      [(= 0 (modulo n i)) (sumofFactors-iter n (+ i 1) (+ sum i))]\n      [else (sumofFactors-iter n (+ i 1) sum)]))\n  (sumofFactors-iter n 1 0))\n\n(require rackunit)\n\n(define (test-humaneval) \n\n  (let (( candidate sumofFactors))\n    (check-equal? (candidate 18) 26)\n    (check-equal? (candidate 30) 48)\n    (check-equal? (candidate 6) 8)\n))\n\n(test-humaneval)",
      "timestamp": 1665509950,
      "stdout": "",
      "stderr": "--------------------\nFAILURE\nname:       check-equal?\nlocation:   /tmp/tmpthmy1s30.rkt:17:4\nactual:     21\nexpected:   26\n--------------------\n--------------------\nFAILURE\nname:       check-equal?\nlocation:   /tmp/tmpthmy1s30.rkt:18:4\nactual:     42\nexpected:   48\n--------------------\n--------------------\nFAILURE\nname:       check-equal?\nlocation:   /tmp/tmpthmy1s30.rkt:19:4\nactual:     6\nexpected:   8\n--------------------\n",
      "exit_code": 0,
      "status": "Exception"
    },
    {
      "program": "#lang racket\n\n;; Write a rktthon function to find the sum of even factors of a number.\n(define (sumofFactors n)\n  (define (sumofFactors-iter n i sum)\n    (cond ((&gt; i n) sum)\n          ((= (modulo n i) 0) (sumofFactors-iter n (+ i 1) (+ i sum)))\n          (else (sumofFactors-iter n (+ i 1) sum))))\n  (sumofFactors-iter n 1 0))\n\n(require rackunit)\n\n(define (test-humaneval) \n\n  (let (( candidate sumofFactors))\n    (check-equal? (candidate 18) 26)\n    (check-equal? (candidate 30) 48)\n    (check-equal? (candidate 6) 8)\n))\n\n(test-humaneval)",
      "timestamp": 1666122418,
      "stdout": "",
      "stderr": "/tmp/tmpjhpgqgap.rkt:5:2: read-syntax: expected a `)` to close `(`\n  possible cause: indentation suggests a missing `)` before line 11\n  context...:\n   /work/arjunguha-research-group/software/racket/collects/syntax/module-reader.rkt:186:17: body\n   /work/arjunguha-research-group/software/racket/collects/syntax/module-reader.rkt:183:2: wrap-internal\n   /work/arjunguha-research-group/software/racket/collects/racket/../syntax/module-reader.rkt:67:9: wrap-internal/wrapper\n",
      "exit_code": 1,
      "status": "SyntaxError"
    },
    {
      "program": "#lang racket\n\n;; Write a rktthon function to find the sum of even factors of a number.\n(define (sumofFactors n)\n  (define (sumofFactors-iter n i sum)\n    (cond\n      [(= i n) sum]\n      [(= (modulo n i) 0) (sumofFactors-iter n (+ i 1) (+ i sum))]\n      [else (sumofFactors-iter n (+ i 1) sum)]))\n  (sumofFactors-iter n 2 0))\n\n(require rackunit)\n\n(define (test-humaneval) \n\n  (let (( candidate sumofFactors))\n    (check-equal? (candidate 18) 26)\n    (check-equal? (candidate 30) 48)\n    (check-equal? (candidate 6) 8)\n))\n\n(test-humaneval)",
      "timestamp": 1666122419,
      "stdout": "",
      "stderr": "--------------------\nFAILURE\nname:       check-equal?\nlocation:   /tmp/tmpv_1mwlzz.rkt:17:4\nactual:     20\nexpected:   26\n--------------------\n--------------------\nFAILURE\nname:       check-equal?\nlocation:   /tmp/tmpv_1mwlzz.rkt:18:4\nactual:     41\nexpected:   48\n--------------------\n--------------------\nFAILURE\nname:       check-equal?\nlocation:   /tmp/tmpv_1mwlzz.rkt:19:4\nactual:     5\nexpected:   8\n--------------------\n",
      "exit_code": 0,
      "status": "Exception"
    },
    {
      "program": "#lang racket\n\n;; Write a rktthon function to find the sum of even factors of a number.\n(define (sumofFactors n)\n  (define (sumofFactors-iter n i sum)\n    (cond\n      [(= i n) sum]\n      [(= 0 (modulo n i)) (sumofFactors-iter n (+ i 1) (+ sum i))]\n      [else (sumofFactors-iter n (+ i 1) sum)]))\n  (sumofFactors-iter n 1 0))\n\n(require rackunit)\n\n(define (test-humaneval) \n\n  (let (( candidate sumofFactors))\n    (check-equal? (candidate 18) 26)\n    (check-equal? (candidate 30) 48)\n    (check-equal? (candidate 6) 8)\n))\n\n(test-humaneval)",
      "timestamp": 1665509950,
      "stdout": "",
      "stderr": "--------------------\nFAILURE\nname:       check-equal?\nlocation:   /tmp/tmpthmy1s30.rkt:17:4\nactual:     21\nexpected:   26\n--------------------\n--------------------\nFAILURE\nname:       check-equal?\nlocation:   /tmp/tmpthmy1s30.rkt:18:4\nactual:     42\nexpected:   48\n--------------------\n--------------------\nFAILURE\nname:       check-equal?\nlocation:   /tmp/tmpthmy1s30.rkt:19:4\nactual:     6\nexpected:   8\n--------------------\n",
      "exit_code": 0,
      "status": "Exception"
    },
    {
      "program": "#lang racket\n\n;; Write a rktthon function to find the sum of even factors of a number.\n(define (sumofFactors n)\n  (define (sumofFactors-iter n i)\n    (cond ((&gt; i n) 0)\n          ((= (modulo n i) 0) (+ i (sumofFactors-iter n (+ i 1))))\n          (else (sumofFactors-iter n (+ i 1)))))\n  (sumofFactors-iter n 1))\n\n(require rackunit)\n\n(define (test-humaneval) \n\n  (let (( candidate sumofFactors))\n    (check-equal? (candidate 18) 26)\n    (check-equal? (candidate 30) 48)\n    (check-equal? (candidate 6) 8)\n))\n\n(test-humaneval)",
      "timestamp": 1666122416,
      "stdout": "",
      "stderr": "/tmp/tmpowbced7i.rkt:5:2: read-syntax: expected a `)` to close `(`\n  possible cause: indentation suggests a missing `)` before line 11\n  context...:\n   /work/arjunguha-research-group/software/racket/collects/syntax/module-reader.rkt:186:17: body\n   /work/arjunguha-research-group/software/racket/collects/syntax/module-reader.rkt:183:2: wrap-internal\n   /work/arjunguha-research-group/software/racket/collects/racket/../syntax/module-reader.rkt:67:9: wrap-internal/wrapper\n",
      "exit_code": 1,
      "status": "SyntaxError"
    },
    {
      "program": "#lang racket\n\n;; Write a rktthon function to find the sum of even factors of a number.\n(define (sumofFactors n)\n  (define (sumofFactors-iter n i sum)\n    (cond\n      [(= i n) sum]\n      [(= 0 (modulo n i)) (sumofFactors-iter n (+ i 1) (+ sum i))]\n      [else (sumofFactors-iter n (+ i 1) sum)]))\n  (sumofFactors-iter n 1 0))\n\n(require rackunit)\n\n(define (test-humaneval) \n\n  (let (( candidate sumofFactors))\n    (check-equal? (candidate 18) 26)\n    (check-equal? (candidate 30) 48)\n    (check-equal? (candidate 6) 8)\n))\n\n(test-humaneval)",
      "timestamp": 1665509950,
      "stdout": "",
      "stderr": "--------------------\nFAILURE\nname:       check-equal?\nlocation:   /tmp/tmpthmy1s30.rkt:17:4\nactual:     21\nexpected:   26\n--------------------\n--------------------\nFAILURE\nname:       check-equal?\nlocation:   /tmp/tmpthmy1s30.rkt:18:4\nactual:     42\nexpected:   48\n--------------------\n--------------------\nFAILURE\nname:       check-equal?\nlocation:   /tmp/tmpthmy1s30.rkt:19:4\nactual:     6\nexpected:   8\n--------------------\n",
      "exit_code": 0,
      "status": "Exception"
    },
    {
      "program": "#lang racket\n\n;; Write a rktthon function to find the sum of even factors of a number.\n(define (sumofFactors n)\n  (define (sumofFactors-iter n i)\n    (cond ((&gt; i n) 0)\n          ((= (modulo n i) 0)\n           (+ i (sumofFactors-iter n (+ i 1))))\n          (else (sumofFactors-iter n (+ i 1)))))\n  (sumofFactors-iter n 1))\n\n(require rackunit)\n\n(define (test-humaneval) \n\n  (let (( candidate sumofFactors))\n    (check-equal? (candidate 18) 26)\n    (check-equal? (candidate 30) 48)\n    (check-equal? (candidate 6) 8)\n))\n\n(test-humaneval)",
      "timestamp": 1666122418,
      "stdout": "",
      "stderr": "/tmp/tmp0ku6e5k1.rkt:5:2: read-syntax: expected a `)` to close `(`\n  possible cause: indentation suggests a missing `)` before line 12\n  context...:\n   /work/arjunguha-research-group/software/racket/collects/syntax/module-reader.rkt:186:17: body\n   /work/arjunguha-research-group/software/racket/collects/syntax/module-reader.rkt:183:2: wrap-internal\n   /work/arjunguha-research-group/software/racket/collects/racket/../syntax/module-reader.rkt:67:9: wrap-internal/wrapper\n",
      "exit_code": 1,
      "status": "SyntaxError"
    },
    {
      "program": "#lang racket\n\n;; Write a rktthon function to find the sum of even factors of a number.\n(define (sumofFactors n)\n  (define (sumofFactors-iter i)\n    (if (= i n)\n        0\n        (+ (if (zero? (modulo n i)) i 0)\n           (sumofFactors-iter (+ i 1)))))\n  (sumofFactors-iter 1))\n\n(require rackunit)\n\n(define (test-humaneval) \n\n  (let (( candidate sumofFactors))\n    (check-equal? (candidate 18) 26)\n    (check-equal? (candidate 30) 48)\n    (check-equal? (candidate 6) 8)\n))\n\n(test-humaneval)",
      "timestamp": 1666122419,
      "stdout": "",
      "stderr": "--------------------\nFAILURE\nname:       check-equal?\nlocation:   /tmp/tmpmf5gq3u3.rkt:17:4\nactual:     21\nexpected:   26\n--------------------\n--------------------\nFAILURE\nname:       check-equal?\nlocation:   /tmp/tmpmf5gq3u3.rkt:18:4\nactual:     42\nexpected:   48\n--------------------\n--------------------\nFAILURE\nname:       check-equal?\nlocation:   /tmp/tmpmf5gq3u3.rkt:19:4\nactual:     6\nexpected:   8\n--------------------\n",
      "exit_code": 0,
      "status": "Exception"
    },
    {
      "program": "#lang racket\n\n;; Write a rktthon function to find the sum of even factors of a number.\n(define (sumofFactors n)\n  (define (sumofFactors-iter n i)\n    (if (= n i)\n        0\n        (+ (if (even? (modulo n i)) i 0)\n           (sumofFactors-iter n (+ i 1)))))\n  (sumofFactors-iter n 1))\n\n(require rackunit)\n\n(define (test-humaneval) \n\n  (let (( candidate sumofFactors))\n    (check-equal? (candidate 18) 26)\n    (check-equal? (candidate 30) 48)\n    (check-equal? (candidate 6) 8)\n))\n\n(test-humaneval)",
      "timestamp": 1666122419,
      "stdout": "",
      "stderr": "--------------------\nFAILURE\nname:       check-equal?\nlocation:   /tmp/tmpmhjtra8q.rkt:17:4\nactual:     92\nexpected:   26\n--------------------\n--------------------\nFAILURE\nname:       check-equal?\nlocation:   /tmp/tmpmhjtra8q.rkt:18:4\nactual:     265\nexpected:   48\n--------------------\n--------------------\nFAILURE\nname:       check-equal?\nlocation:   /tmp/tmpmhjtra8q.rkt:19:4\nactual:     10\nexpected:   8\n--------------------\n",
      "exit_code": 0,
      "status": "Exception"
    },
    {
      "program": "#lang racket\n\n;; Write a rktthon function to find the sum of even factors of a number.\n(define (sumofFactors n)\n  (define (sumofFactors-iter n i sum)\n    (cond\n      [(= i n) sum]\n      [(= 0 (modulo n i)) (sumofFactors-iter n (+ i 1) (+ sum i))]\n      [else (sumofFactors-iter n (+ i 1) sum)]))\n  (sumofFactors-iter n 1 0))\n\n(require rackunit)\n\n(define (test-humaneval) \n\n  (let (( candidate sumofFactors))\n    (check-equal? (candidate 18) 26)\n    (check-equal? (candidate 30) 48)\n    (check-equal? (candidate 6) 8)\n))\n\n(test-humaneval)",
      "timestamp": 1665509950,
      "stdout": "",
      "stderr": "--------------------\nFAILURE\nname:       check-equal?\nlocation:   /tmp/tmpthmy1s30.rkt:17:4\nactual:     21\nexpected:   26\n--------------------\n--------------------\nFAILURE\nname:       check-equal?\nlocation:   /tmp/tmpthmy1s30.rkt:18:4\nactual:     42\nexpected:   48\n--------------------\n--------------------\nFAILURE\nname:       check-equal?\nlocation:   /tmp/tmpthmy1s30.rkt:19:4\nactual:     6\nexpected:   8\n--------------------\n",
      "exit_code": 0,
      "status": "Exception"
    },
    {
      "program": "#lang racket\n\n;; Write a rktthon function to find the sum of even factors of a number.\n(define (sumofFactors n)\n  (define (sumofFactors-iter n i sum)\n    (cond ((= i n) sum)\n          ((= 0 (modulo n i)) (+ sum i))\n          (else (sumofFactors-iter n (+ i 1) sum))))\n  (sumofFactors-iter n 1 0))\n\n(require rackunit)\n\n(define (test-humaneval) \n\n  (let (( candidate sumofFactors))\n    (check-equal? (candidate 18) 26)\n    (check-equal? (candidate 30) 48)\n    (check-equal? (candidate 6) 8)\n))\n\n(test-humaneval)",
      "timestamp": 1666122418,
      "stdout": "",
      "stderr": "--------------------\nFAILURE\nname:       check-equal?\nlocation:   /tmp/tmp_vu8y_tx.rkt:16:4\nactual:     1\nexpected:   26\n--------------------\n--------------------\nFAILURE\nname:       check-equal?\nlocation:   /tmp/tmp_vu8y_tx.rkt:17:4\nactual:     1\nexpected:   48\n--------------------\n--------------------\nFAILURE\nname:       check-equal?\nlocation:   /tmp/tmp_vu8y_tx.rkt:18:4\nactual:     1\nexpected:   8\n--------------------\n",
      "exit_code": 0,
      "status": "Exception"
    },
    {
      "program": "#lang racket\n\n;; Write a rktthon function to find the sum of even factors of a number.\n(define (sumofFactors n)\n  (define (sumofFactors-iter n i sum)\n    (cond [(= i n) sum]\n          [(= 0 (modulo n i)) (sumofFactors-iter n (+ i 1) (+ sum i))]\n          [else (sumofFactors-iter n (+ i 1) sum)]))\n  (sumofFactors-iter n 1 0))\n\n(require rackunit)\n\n(define (test-humaneval) \n\n  (let (( candidate sumofFactors))\n    (check-equal? (candidate 18) 26)\n    (check-equal? (candidate 30) 48)\n    (check-equal? (candidate 6) 8)\n))\n\n(test-humaneval)",
      "timestamp": 1666122419,
      "stdout": "",
      "stderr": "--------------------\nFAILURE\nname:       check-equal?\nlocation:   /tmp/tmprwda7yl9.rkt:16:4\nactual:     21\nexpected:   26\n--------------------\n--------------------\nFAILURE\nname:       check-equal?\nlocation:   /tmp/tmprwda7yl9.rkt:17:4\nactual:     42\nexpected:   48\n--------------------\n--------------------\nFAILURE\nname:       check-equal?\nlocation:   /tmp/tmprwda7yl9.rkt:18:4\nactual:     6\nexpected:   8\n--------------------\n",
      "exit_code": 0,
      "status": "Exception"
    },
    {
      "program": "#lang racket\n\n;; Write a rktthon function to find the sum of even factors of a number.\n(define (sumofFactors n)\n  (define (sumofFactors-iter i sum)\n    (cond\n      [(= i n) sum]\n      [(= (remainder n i) 0) (sumofFactors-iter (+ i 1) (+ sum i))]\n      [else (sumofFactors-iter (+ i 1) sum)]))\n  (sumofFactors-iter 1 0))\n\n(require rackunit)\n\n(define (test-humaneval) \n\n  (let (( candidate sumofFactors))\n    (check-equal? (candidate 18) 26)\n    (check-equal? (candidate 30) 48)\n    (check-equal? (candidate 6) 8)\n))\n\n(test-humaneval)",
      "timestamp": 1666122418,
      "stdout": "",
      "stderr": "--------------------\nFAILURE\nname:       check-equal?\nlocation:   /tmp/tmpcelksqax.rkt:17:4\nactual:     21\nexpected:   26\n--------------------\n--------------------\nFAILURE\nname:       check-equal?\nlocation:   /tmp/tmpcelksqax.rkt:18:4\nactual:     42\nexpected:   48\n--------------------\n--------------------\nFAILURE\nname:       check-equal?\nlocation:   /tmp/tmpcelksqax.rkt:19:4\nactual:     6\nexpected:   8\n--------------------\n",
      "exit_code": 0,
      "status": "Exception"
    },
    {
      "program": "#lang racket\n\n;; Write a rktthon function to find the sum of even factors of a number.\n(define (sumofFactors n)\n  (define (sumofFactors-iter n i sum)\n    (cond ((&gt; i n) sum)\n          ((= (modulo n i) 0) (sumofFactors-iter n (+ i 1) (+ sum i)))\n          (else (sumofFactors-iter n (+ i 1) sum))))\n  (sumofFactors-iter n 1 0))\n\n(require rackunit)\n\n(define (test-humaneval) \n\n  (let (( candidate sumofFactors))\n    (check-equal? (candidate 18) 26)\n    (check-equal? (candidate 30) 48)\n    (check-equal? (candidate 6) 8)\n))\n\n(test-humaneval)",
      "timestamp": 1665509950,
      "stdout": "",
      "stderr": "/tmp/tmpvx9upky1.rkt:5:2: read-syntax: expected a `)` to close `(`\n  possible cause: indentation suggests a missing `)` before line 11\n  context...:\n   /work/arjunguha-research-group/software/racket/collects/syntax/module-reader.rkt:186:17: body\n   /work/arjunguha-research-group/software/racket/collects/syntax/module-reader.rkt:183:2: wrap-internal\n   /work/arjunguha-research-group/software/racket/collects/racket/../syntax/module-reader.rkt:67:9: wrap-internal/wrapper\n",
      "exit_code": 1,
      "status": "SyntaxError"
    },
    {
      "program": "#lang racket\n\n;; Write a rktthon function to find the sum of even factors of a number.\n(define (sumofFactors n)\n  (define (sumofFactors-iter product counter)\n    (cond ((> counter n) product)\n          ((= (remainder n counter) 0)\n           (sumofFactors-iter (+ product counter) (+ counter 1)))\n          (else (sumofFactors-iter product (+ counter 1)))))\n  (sumofFactors-iter 0 1))\n\n(require rackunit)\n\n(define (test-humaneval) \n\n  (let (( candidate sumofFactors))\n    (check-equal? (candidate 18) 26)\n    (check-equal? (candidate 30) 48)\n    (check-equal? (candidate 6) 8)\n))\n\n(test-humaneval)",
      "timestamp": 1666122419,
      "stdout": "",
      "stderr": "--------------------\nFAILURE\nname:       check-equal?\nlocation:   /tmp/tmp8w4qzm_p.rkt:17:4\nactual:     39\nexpected:   26\n--------------------\n--------------------\nFAILURE\nname:       check-equal?\nlocation:   /tmp/tmp8w4qzm_p.rkt:18:4\nactual:     72\nexpected:   48\n--------------------\n--------------------\nFAILURE\nname:       check-equal?\nlocation:   /tmp/tmp8w4qzm_p.rkt:19:4\nactual:     12\nexpected:   8\n--------------------\n",
      "exit_code": 0,
      "status": "Exception"
    },
    {
      "program": "#lang racket\n\n;; Write a rktthon function to find the sum of even factors of a number.\n(define (sumofFactors n)\n  (define (sumofFactors-iter i acc)\n    (cond ((&gt; i n) acc)\n          ((= (remainder n i) 0) (sumofFactors-iter (+ i 1) (+ acc i)))\n          (else (sumofFactors-iter (+ i 1) acc))))\n  (sumofFactors-iter 1 0))\n\n(require rackunit)\n\n(define (test-humaneval) \n\n  (let (( candidate sumofFactors))\n    (check-equal? (candidate 18) 26)\n    (check-equal? (candidate 30) 48)\n    (check-equal? (candidate 6) 8)\n))\n\n(test-humaneval)",
      "timestamp": 1666122419,
      "stdout": "",
      "stderr": "/tmp/tmp6fpo51pj.rkt:5:2: read-syntax: expected a `)` to close `(`\n  possible cause: indentation suggests a missing `)` before line 11\n  context...:\n   /work/arjunguha-research-group/software/racket/collects/syntax/module-reader.rkt:186:17: body\n   /work/arjunguha-research-group/software/racket/collects/syntax/module-reader.rkt:183:2: wrap-internal\n   /work/arjunguha-research-group/software/racket/collects/racket/../syntax/module-reader.rkt:67:9: wrap-internal/wrapper\n",
      "exit_code": 1,
      "status": "SyntaxError"
    },
    {
      "program": "#lang racket\n\n;; Write a rktthon function to find the sum of even factors of a number.\n(define (sumofFactors n)\n  (define (sumofFactors-iter n i sum)\n    (cond\n      [(= i n) sum]\n      [(= 0 (modulo n i)) (sumofFactors-iter n (+ i 1) (+ sum i))]\n      [else (sumofFactors-iter n (+ i 1) sum)]))\n  (sumofFactors-iter n 1 0))\n\n(require rackunit)\n\n(define (test-humaneval) \n\n  (let (( candidate sumofFactors))\n    (check-equal? (candidate 18) 26)\n    (check-equal? (candidate 30) 48)\n    (check-equal? (candidate 6) 8)\n))\n\n(test-humaneval)",
      "timestamp": 1665509950,
      "stdout": "",
      "stderr": "--------------------\nFAILURE\nname:       check-equal?\nlocation:   /tmp/tmpthmy1s30.rkt:17:4\nactual:     21\nexpected:   26\n--------------------\n--------------------\nFAILURE\nname:       check-equal?\nlocation:   /tmp/tmpthmy1s30.rkt:18:4\nactual:     42\nexpected:   48\n--------------------\n--------------------\nFAILURE\nname:       check-equal?\nlocation:   /tmp/tmpthmy1s30.rkt:19:4\nactual:     6\nexpected:   8\n--------------------\n",
      "exit_code": 0,
      "status": "Exception"
    },
    {
      "program": "#lang racket\n\n;; Write a rktthon function to find the sum of even factors of a number.\n(define (sumofFactors n)\n  (define (sumofFactors-iter n i sum)\n    (cond ((&gt; i n) sum)\n          ((= (modulo n i) 0) (sumofFactors-iter n (+ i 1) (+ i sum)))\n          (else (sumofFactors-iter n (+ i 1) sum))))\n  (sumofFactors-iter n 1 0))\n\n(require rackunit)\n\n(define (test-humaneval) \n\n  (let (( candidate sumofFactors))\n    (check-equal? (candidate 18) 26)\n    (check-equal? (candidate 30) 48)\n    (check-equal? (candidate 6) 8)\n))\n\n(test-humaneval)",
      "timestamp": 1666122418,
      "stdout": "",
      "stderr": "/tmp/tmpjhpgqgap.rkt:5:2: read-syntax: expected a `)` to close `(`\n  possible cause: indentation suggests a missing `)` before line 11\n  context...:\n   /work/arjunguha-research-group/software/racket/collects/syntax/module-reader.rkt:186:17: body\n   /work/arjunguha-research-group/software/racket/collects/syntax/module-reader.rkt:183:2: wrap-internal\n   /work/arjunguha-research-group/software/racket/collects/racket/../syntax/module-reader.rkt:67:9: wrap-internal/wrapper\n",
      "exit_code": 1,
      "status": "SyntaxError"
    },
    {
      "program": "#lang racket\n\n;; Write a rktthon function to find the sum of even factors of a number.\n(define (sumofFactors n)\n  (define (sumofFactors-iter n i)\n    (cond\n      [(= i n) 0]\n      [(= 0 (modulo n i)) (+ i (sumofFactors-iter n (+ i 1)))]\n      [else (sumofFactors-iter n (+ i 1))]))\n  (sumofFactors-iter n 1))\n\n(require rackunit)\n\n(define (test-humaneval) \n\n  (let (( candidate sumofFactors))\n    (check-equal? (candidate 18) 26)\n    (check-equal? (candidate 30) 48)\n    (check-equal? (candidate 6) 8)\n))\n\n(test-humaneval)",
      "timestamp": 1666122419,
      "stdout": "",
      "stderr": "--------------------\nFAILURE\nname:       check-equal?\nlocation:   /tmp/tmp6iy3zs9d.rkt:17:4\nactual:     21\nexpected:   26\n--------------------\n--------------------\nFAILURE\nname:       check-equal?\nlocation:   /tmp/tmp6iy3zs9d.rkt:18:4\nactual:     42\nexpected:   48\n--------------------\n--------------------\nFAILURE\nname:       check-equal?\nlocation:   /tmp/tmp6iy3zs9d.rkt:19:4\nactual:     6\nexpected:   8\n--------------------\n",
      "exit_code": 0,
      "status": "Exception"
    },
    {
      "program": "#lang racket\n\n;; Write a rktthon function to find the sum of even factors of a number.\n(define (sumofFactors n)\n  (define (sumofFactors-iter n i sum)\n    (cond ((= i n) sum)\n          ((= 0 (modulo n i)) (sumofFactors-iter n (+ i 1) (+ sum i)))\n          (else (sumofFactors-iter n (+ i 1) sum))))\n  (sumofFactors-iter n 1 0))\n\n(require rackunit)\n\n(define (test-humaneval) \n\n  (let (( candidate sumofFactors))\n    (check-equal? (candidate 18) 26)\n    (check-equal? (candidate 30) 48)\n    (check-equal? (candidate 6) 8)\n))\n\n(test-humaneval)",
      "timestamp": 1666122419,
      "stdout": "",
      "stderr": "--------------------\nFAILURE\nname:       check-equal?\nlocation:   /tmp/tmpsv00rvy9.rkt:16:4\nactual:     21\nexpected:   26\n--------------------\n--------------------\nFAILURE\nname:       check-equal?\nlocation:   /tmp/tmpsv00rvy9.rkt:17:4\nactual:     42\nexpected:   48\n--------------------\n--------------------\nFAILURE\nname:       check-equal?\nlocation:   /tmp/tmpsv00rvy9.rkt:18:4\nactual:     6\nexpected:   8\n--------------------\n",
      "exit_code": 0,
      "status": "Exception"
    },
    {
      "program": "#lang racket\n\n;; Write a rktthon function to find the sum of even factors of a number.\n(define (sumofFactors n)\n  (define (sumofFactors-iter product counter)\n    (if (> counter n)\n        product\n        (if (even? counter)\n            (sumofFactors-iter (+ product counter) (+ counter 1))\n            (sumofFactors-iter product (+ counter 1)))))\n  (sumofFactors-iter 0 1))\n\n(require rackunit)\n\n(define (test-humaneval) \n\n  (let (( candidate sumofFactors))\n    (check-equal? (candidate 18) 26)\n    (check-equal? (candidate 30) 48)\n    (check-equal? (candidate 6) 8)\n))\n\n(test-humaneval)",
      "timestamp": 1666122420,
      "stdout": "",
      "stderr": "--------------------\nFAILURE\nname:       check-equal?\nlocation:   /tmp/tmpjdz3gj19.rkt:18:4\nactual:     90\nexpected:   26\n--------------------\n--------------------\nFAILURE\nname:       check-equal?\nlocation:   /tmp/tmpjdz3gj19.rkt:19:4\nactual:     240\nexpected:   48\n--------------------\n--------------------\nFAILURE\nname:       check-equal?\nlocation:   /tmp/tmpjdz3gj19.rkt:20:4\nactual:     12\nexpected:   8\n--------------------\n",
      "exit_code": 0,
      "status": "Exception"
    },
    {
      "program": "#lang racket\n\n;; Write a rktthon function to find the sum of even factors of a number.\n(define (sumofFactors n)\n  (define (sumofFactors-iter n i)\n    (cond ((&gt; i n) 0)\n          ((= (remainder n i) 0) (+ i (sumofFactors-iter n (+ i 1))))\n          (else (sumofFactors-iter n (+ i 1)))))\n  (sumofFactors-iter n 1))\n\n(require rackunit)\n\n(define (test-humaneval) \n\n  (let (( candidate sumofFactors))\n    (check-equal? (candidate 18) 26)\n    (check-equal? (candidate 30) 48)\n    (check-equal? (candidate 6) 8)\n))\n\n(test-humaneval)",
      "timestamp": 1666122419,
      "stdout": "",
      "stderr": "/tmp/tmptvg_e470.rkt:5:2: read-syntax: expected a `)` to close `(`\n  possible cause: indentation suggests a missing `)` before line 11\n  context...:\n   /work/arjunguha-research-group/software/racket/collects/syntax/module-reader.rkt:186:17: body\n   /work/arjunguha-research-group/software/racket/collects/syntax/module-reader.rkt:183:2: wrap-internal\n   /work/arjunguha-research-group/software/racket/collects/racket/../syntax/module-reader.rkt:67:9: wrap-internal/wrapper\n",
      "exit_code": 1,
      "status": "SyntaxError"
    },
    {
      "program": "#lang racket\n\n;; Write a rktthon function to find the sum of even factors of a number.\n(define (sumofFactors n)\n  (define (sumofFactors-iter n i total)\n    (cond\n      [(= i n) total]\n      [(= (modulo n i) 0) (sumofFactors-iter n (+ i 1) (+ total i))]\n      [else (sumofFactors-iter n (+ i 1) total)]))\n  (sumofFactors-iter n 1 0))\n\n(require rackunit)\n\n(define (test-humaneval) \n\n  (let (( candidate sumofFactors))\n    (check-equal? (candidate 18) 26)\n    (check-equal? (candidate 30) 48)\n    (check-equal? (candidate 6) 8)\n))\n\n(test-humaneval)",
      "timestamp": 1666122420,
      "stdout": "",
      "stderr": "--------------------\nFAILURE\nname:       check-equal?\nlocation:   /tmp/tmp4ao5cxjf.rkt:17:4\nactual:     21\nexpected:   26\n--------------------\n--------------------\nFAILURE\nname:       check-equal?\nlocation:   /tmp/tmp4ao5cxjf.rkt:18:4\nactual:     42\nexpected:   48\n--------------------\n--------------------\nFAILURE\nname:       check-equal?\nlocation:   /tmp/tmp4ao5cxjf.rkt:19:4\nactual:     6\nexpected:   8\n--------------------\n",
      "exit_code": 0,
      "status": "Exception"
    },
    {
      "program": "#lang racket\n\n;; Write a rktthon function to find the sum of even factors of a number.\n(define (sumofFactors n)\n  (define (sumofFactors-iter n i sum)\n    (cond ((= i n) sum)\n          ((even? i) (sumofFactors-iter n (+ i 1) (+ sum i)))\n          (else (sumofFactors-iter n (+ i 1) sum))))\n  (sumofFactors-iter n 1 0))\n\n(require rackunit)\n\n(define (test-humaneval) \n\n  (let (( candidate sumofFactors))\n    (check-equal? (candidate 18) 26)\n    (check-equal? (candidate 30) 48)\n    (check-equal? (candidate 6) 8)\n))\n\n(test-humaneval)",
      "timestamp": 1665509951,
      "stdout": "",
      "stderr": "--------------------\nFAILURE\nname:       check-equal?\nlocation:   /tmp/tmpi5xieusj.rkt:16:4\nactual:     72\nexpected:   26\n--------------------\n--------------------\nFAILURE\nname:       check-equal?\nlocation:   /tmp/tmpi5xieusj.rkt:17:4\nactual:     210\nexpected:   48\n--------------------\n--------------------\nFAILURE\nname:       check-equal?\nlocation:   /tmp/tmpi5xieusj.rkt:18:4\nactual:     6\nexpected:   8\n--------------------\n",
      "exit_code": 0,
      "status": "Exception"
    },
    {
      "program": "#lang racket\n\n;; Write a rktthon function to find the sum of even factors of a number.\n(define (sumofFactors n)\n  (define (sumofFactors-iter i sum)\n    (if (= i n)\n        sum\n        (if (= (modulo n i) 0)\n            (sumofFactors-iter (+ i 1) (+ sum i))\n            (sumofFactors-iter (+ i 1) sum))))\n  (sumofFactors-iter 1 0))\n\n(require rackunit)\n\n(define (test-humaneval) \n\n  (let (( candidate sumofFactors))\n    (check-equal? (candidate 18) 26)\n    (check-equal? (candidate 30) 48)\n    (check-equal? (candidate 6) 8)\n))\n\n(test-humaneval)",
      "timestamp": 1666122418,
      "stdout": "",
      "stderr": "--------------------\nFAILURE\nname:       check-equal?\nlocation:   /tmp/tmplgkg4ukg.rkt:18:4\nactual:     21\nexpected:   26\n--------------------\n--------------------\nFAILURE\nname:       check-equal?\nlocation:   /tmp/tmplgkg4ukg.rkt:19:4\nactual:     42\nexpected:   48\n--------------------\n--------------------\nFAILURE\nname:       check-equal?\nlocation:   /tmp/tmplgkg4ukg.rkt:20:4\nactual:     6\nexpected:   8\n--------------------\n",
      "exit_code": 0,
      "status": "Exception"
    },
    {
      "program": "#lang racket\n\n;; Write a rktthon function to find the sum of even factors of a number.\n(define (sumofFactors n)\n  (define (sumofFactors-iter product counter)\n    (if (&gt; counter n)\n        product\n        (if (= (remainder n counter) 0)\n            (sumofFactors-iter (+ product counter) (+ counter 1))\n            (sumofFactors-iter product (+ counter 1)))))\n  (sumofFactors-iter 0 1))\n\n(require rackunit)\n\n(define (test-humaneval) \n\n  (let (( candidate sumofFactors))\n    (check-equal? (candidate 18) 26)\n    (check-equal? (candidate 30) 48)\n    (check-equal? (candidate 6) 8)\n))\n\n(test-humaneval)",
      "timestamp": 1666122417,
      "stdout": "",
      "stderr": "/tmp/tmphmpfuzwr.rkt:4:0: read-syntax: expected a `)` to close `(`\n  possible cause: indentation suggests a missing `)` before line 13\n  context...:\n   /work/arjunguha-research-group/software/racket/collects/syntax/module-reader.rkt:186:17: body\n   /work/arjunguha-research-group/software/racket/collects/syntax/module-reader.rkt:183:2: wrap-internal\n   /work/arjunguha-research-group/software/racket/collects/racket/../syntax/module-reader.rkt:67:9: wrap-internal/wrapper\n",
      "exit_code": 1,
      "status": "SyntaxError"
    },
    {
      "program": "#lang racket\n\n;; Write a rktthon function to find the sum of even factors of a number.\n(define (sumofFactors n)\n  (define (sumofFactors-iter n i sum)\n    (cond ((&gt; i n) sum)\n          ((= (modulo n i) 0) (sumofFactors-iter n (+ i 1) (+ sum i)))\n          (else (sumofFactors-iter n (+ i 1) sum))))\n  (sumofFactors-iter n 1 0))\n\n(require rackunit)\n\n(define (test-humaneval) \n\n  (let (( candidate sumofFactors))\n    (check-equal? (candidate 18) 26)\n    (check-equal? (candidate 30) 48)\n    (check-equal? (candidate 6) 8)\n))\n\n(test-humaneval)",
      "timestamp": 1665509950,
      "stdout": "",
      "stderr": "/tmp/tmpvx9upky1.rkt:5:2: read-syntax: expected a `)` to close `(`\n  possible cause: indentation suggests a missing `)` before line 11\n  context...:\n   /work/arjunguha-research-group/software/racket/collects/syntax/module-reader.rkt:186:17: body\n   /work/arjunguha-research-group/software/racket/collects/syntax/module-reader.rkt:183:2: wrap-internal\n   /work/arjunguha-research-group/software/racket/collects/racket/../syntax/module-reader.rkt:67:9: wrap-internal/wrapper\n",
      "exit_code": 1,
      "status": "SyntaxError"
    },
    {
      "program": "#lang racket\n\n;; Write a rktthon function to find the sum of even factors of a number.\n(define (sumofFactors n)\n  (define (sumofFactors-iter n i sum)\n    (cond\n      [(= i n) sum]\n      [(= 0 (modulo n i)) (sumofFactors-iter n (+ i 1) (+ sum i))]\n      [else (sumofFactors-iter n (+ i 1) sum)]))\n  (sumofFactors-iter n 1 0))\n\n(require rackunit)\n\n(define (test-humaneval) \n\n  (let (( candidate sumofFactors))\n    (check-equal? (candidate 18) 26)\n    (check-equal? (candidate 30) 48)\n    (check-equal? (candidate 6) 8)\n))\n\n(test-humaneval)",
      "timestamp": 1665509950,
      "stdout": "",
      "stderr": "--------------------\nFAILURE\nname:       check-equal?\nlocation:   /tmp/tmpthmy1s30.rkt:17:4\nactual:     21\nexpected:   26\n--------------------\n--------------------\nFAILURE\nname:       check-equal?\nlocation:   /tmp/tmpthmy1s30.rkt:18:4\nactual:     42\nexpected:   48\n--------------------\n--------------------\nFAILURE\nname:       check-equal?\nlocation:   /tmp/tmpthmy1s30.rkt:19:4\nactual:     6\nexpected:   8\n--------------------\n",
      "exit_code": 0,
      "status": "Exception"
    },
    {
      "program": "#lang racket\n\n;; Write a rktthon function to find the sum of even factors of a number.\n(define (sumofFactors n)\n  (define (sumofFactors-iter n i sum)\n    (cond\n      [(= n i) sum]\n      [(= 0 (modulo n i)) (sumofFactors-iter n (+ i 1) (+ sum i))]\n      [else (sumofFactors-iter n (+ i 1) sum)]))\n  (sumofFactors-iter n 1 0))\n\n(require rackunit)\n\n(define (test-humaneval) \n\n  (let (( candidate sumofFactors))\n    (check-equal? (candidate 18) 26)\n    (check-equal? (candidate 30) 48)\n    (check-equal? (candidate 6) 8)\n))\n\n(test-humaneval)",
      "timestamp": 1666122419,
      "stdout": "",
      "stderr": "--------------------\nFAILURE\nname:       check-equal?\nlocation:   /tmp/tmpv3f3vfle.rkt:17:4\nactual:     21\nexpected:   26\n--------------------\n--------------------\nFAILURE\nname:       check-equal?\nlocation:   /tmp/tmpv3f3vfle.rkt:18:4\nactual:     42\nexpected:   48\n--------------------\n--------------------\nFAILURE\nname:       check-equal?\nlocation:   /tmp/tmpv3f3vfle.rkt:19:4\nactual:     6\nexpected:   8\n--------------------\n",
      "exit_code": 0,
      "status": "Exception"
    },
    {
      "program": "#lang racket\n\n;; Write a rktthon function to find the sum of even factors of a number.\n(define (sumofFactors n)\n  (define (sumOfEvenFactors n)\n    (cond ((= n 1) 0)\n          ((even? n) (+ n (sumOfEvenFactors (- n 1))))\n          (else (sumOfEvenFactors (- n 1)))))\n  (sumOfEvenFactors n))\n\n(require rackunit)\n\n(define (test-humaneval) \n\n  (let (( candidate sumofFactors))\n    (check-equal? (candidate 18) 26)\n    (check-equal? (candidate 30) 48)\n    (check-equal? (candidate 6) 8)\n))\n\n(test-humaneval)",
      "timestamp": 1666122420,
      "stdout": "",
      "stderr": "--------------------\nFAILURE\nname:       check-equal?\nlocation:   /tmp/tmpjg03o3ze.rkt:16:4\nactual:     90\nexpected:   26\n--------------------\n--------------------\nFAILURE\nname:       check-equal?\nlocation:   /tmp/tmpjg03o3ze.rkt:17:4\nactual:     240\nexpected:   48\n--------------------\n--------------------\nFAILURE\nname:       check-equal?\nlocation:   /tmp/tmpjg03o3ze.rkt:18:4\nactual:     12\nexpected:   8\n--------------------\n",
      "exit_code": 0,
      "status": "Exception"
    },
    {
      "program": "#lang racket\n\n;; Write a rktthon function to find the sum of even factors of a number.\n(define (sumofFactors n)\n  (define (sumofFactors-iter n i sum)\n    (cond ((&gt; i n) sum)\n          ((= (remainder n i) 0) (sumofFactors-iter n (+ i 1) (+ sum i)))\n          (else (sumofFactors-iter n (+ i 1) sum))))\n  (sumofFactors-iter n 1 0))\n\n(require rackunit)\n\n(define (test-humaneval) \n\n  (let (( candidate sumofFactors))\n    (check-equal? (candidate 18) 26)\n    (check-equal? (candidate 30) 48)\n    (check-equal? (candidate 6) 8)\n))\n\n(test-humaneval)",
      "timestamp": 1665509950,
      "stdout": "",
      "stderr": "/tmp/tmpbh07kmj2.rkt:5:2: read-syntax: expected a `)` to close `(`\n  possible cause: indentation suggests a missing `)` before line 11\n  context...:\n   /work/arjunguha-research-group/software/racket/collects/syntax/module-reader.rkt:186:17: body\n   /work/arjunguha-research-group/software/racket/collects/syntax/module-reader.rkt:183:2: wrap-internal\n   /work/arjunguha-research-group/software/racket/collects/racket/../syntax/module-reader.rkt:67:9: wrap-internal/wrapper\n",
      "exit_code": 1,
      "status": "SyntaxError"
    },
    {
      "program": "#lang racket\n\n;; Write a rktthon function to find the sum of even factors of a number.\n(define (sumofFactors n)\n  (define (sumofFactors-iter n i)\n    (cond\n      [(= i n) 0]\n      [(= 0 (modulo n i)) (+ i (sumofFactors-iter n (+ i 1)))]\n      [else (sumofFactors-iter n (+ i 1))]))\n  (sumofFactors-iter n 1))\n\n(require rackunit)\n\n(define (test-humaneval) \n\n  (let (( candidate sumofFactors))\n    (check-equal? (candidate 18) 26)\n    (check-equal? (candidate 30) 48)\n    (check-equal? (candidate 6) 8)\n))\n\n(test-humaneval)",
      "timestamp": 1666122419,
      "stdout": "",
      "stderr": "--------------------\nFAILURE\nname:       check-equal?\nlocation:   /tmp/tmp6iy3zs9d.rkt:17:4\nactual:     21\nexpected:   26\n--------------------\n--------------------\nFAILURE\nname:       check-equal?\nlocation:   /tmp/tmp6iy3zs9d.rkt:18:4\nactual:     42\nexpected:   48\n--------------------\n--------------------\nFAILURE\nname:       check-equal?\nlocation:   /tmp/tmp6iy3zs9d.rkt:19:4\nactual:     6\nexpected:   8\n--------------------\n",
      "exit_code": 0,
      "status": "Exception"
    },
    {
      "program": "#lang racket\n\n;; Write a rktthon function to find the sum of even factors of a number.\n(define (sumofFactors n)\n  (define (sumofFactors-iter n i sum)\n    (cond ((&gt; i n) sum)\n          ((= (modulo n i) 0) (sumofFactors-iter n (+ i 1) (+ sum i)))\n          (else (sumofFactors-iter n (+ i 1) sum))))\n  (sumofFactors-iter n 1 0))\n\n(require rackunit)\n\n(define (test-humaneval) \n\n  (let (( candidate sumofFactors))\n    (check-equal? (candidate 18) 26)\n    (check-equal? (candidate 30) 48)\n    (check-equal? (candidate 6) 8)\n))\n\n(test-humaneval)",
      "timestamp": 1665509950,
      "stdout": "",
      "stderr": "/tmp/tmpvx9upky1.rkt:5:2: read-syntax: expected a `)` to close `(`\n  possible cause: indentation suggests a missing `)` before line 11\n  context...:\n   /work/arjunguha-research-group/software/racket/collects/syntax/module-reader.rkt:186:17: body\n   /work/arjunguha-research-group/software/racket/collects/syntax/module-reader.rkt:183:2: wrap-internal\n   /work/arjunguha-research-group/software/racket/collects/racket/../syntax/module-reader.rkt:67:9: wrap-internal/wrapper\n",
      "exit_code": 1,
      "status": "SyntaxError"
    },
    {
      "program": "#lang racket\n\n;; Write a rktthon function to find the sum of even factors of a number.\n(define (sumofFactors n)\n  (define (sumofFactors-iter n i sum)\n    (cond ((= i n) sum)\n          ((= (modulo n i) 0) (sumofFactors-iter n (+ i 1) (+ sum i)))\n          (else (sumofFactors-iter n (+ i 1) sum))))\n  (sumofFactors-iter n 1 0))\n\n(require rackunit)\n\n(define (test-humaneval) \n\n  (let (( candidate sumofFactors))\n    (check-equal? (candidate 18) 26)\n    (check-equal? (candidate 30) 48)\n    (check-equal? (candidate 6) 8)\n))\n\n(test-humaneval)",
      "timestamp": 1665509951,
      "stdout": "",
      "stderr": "--------------------\nFAILURE\nname:       check-equal?\nlocation:   /tmp/tmp6u7ydi7o.rkt:16:4\nactual:     21\nexpected:   26\n--------------------\n--------------------\nFAILURE\nname:       check-equal?\nlocation:   /tmp/tmp6u7ydi7o.rkt:17:4\nactual:     42\nexpected:   48\n--------------------\n--------------------\nFAILURE\nname:       check-equal?\nlocation:   /tmp/tmp6u7ydi7o.rkt:18:4\nactual:     6\nexpected:   8\n--------------------\n",
      "exit_code": 0,
      "status": "Exception"
    },
    {
      "program": "#lang racket\n\n;; Write a rktthon function to find the sum of even factors of a number.\n(define (sumofFactors n)\n  (define (sumofFactors-iter n i sum)\n    (cond\n      [(= i n) sum]\n      [(= 0 (modulo n i)) (sumofFactors-iter n (+ i 1) (+ sum i))]\n      [else (sumofFactors-iter n (+ i 1) sum)]))\n  (sumofFactors-iter n 1 0))\n\n(require rackunit)\n\n(define (test-humaneval) \n\n  (let (( candidate sumofFactors))\n    (check-equal? (candidate 18) 26)\n    (check-equal? (candidate 30) 48)\n    (check-equal? (candidate 6) 8)\n))\n\n(test-humaneval)",
      "timestamp": 1665509950,
      "stdout": "",
      "stderr": "--------------------\nFAILURE\nname:       check-equal?\nlocation:   /tmp/tmpthmy1s30.rkt:17:4\nactual:     21\nexpected:   26\n--------------------\n--------------------\nFAILURE\nname:       check-equal?\nlocation:   /tmp/tmpthmy1s30.rkt:18:4\nactual:     42\nexpected:   48\n--------------------\n--------------------\nFAILURE\nname:       check-equal?\nlocation:   /tmp/tmpthmy1s30.rkt:19:4\nactual:     6\nexpected:   8\n--------------------\n",
      "exit_code": 0,
      "status": "Exception"
    },
    {
      "program": "#lang racket\n\n;; Write a rktthon function to find the sum of even factors of a number.\n(define (sumofFactors n)\n  (define (sumofFactors-iter n i)\n    (cond\n      [(= i n) 0]\n      [(= (modulo n i) 0) (+ i (sumofFactors-iter n (+ i 1)))]\n      [else (sumofFactors-iter n (+ i 1))]))\n  (sumofFactors-iter n 1))\n\n(require rackunit)\n\n(define (test-humaneval) \n\n  (let (( candidate sumofFactors))\n    (check-equal? (candidate 18) 26)\n    (check-equal? (candidate 30) 48)\n    (check-equal? (candidate 6) 8)\n))\n\n(test-humaneval)",
      "timestamp": 1665509951,
      "stdout": "",
      "stderr": "--------------------\nFAILURE\nname:       check-equal?\nlocation:   /tmp/tmp7oahl6c9.rkt:17:4\nactual:     21\nexpected:   26\n--------------------\n--------------------\nFAILURE\nname:       check-equal?\nlocation:   /tmp/tmp7oahl6c9.rkt:18:4\nactual:     42\nexpected:   48\n--------------------\n--------------------\nFAILURE\nname:       check-equal?\nlocation:   /tmp/tmp7oahl6c9.rkt:19:4\nactual:     6\nexpected:   8\n--------------------\n",
      "exit_code": 0,
      "status": "Exception"
    },
    {
      "program": "#lang racket\n\n;; Write a rktthon function to find the sum of even factors of a number.\n(define (sumofFactors n)\n  (define (sumofFactors-iter n i sum)\n    (cond ((&gt; i n) sum)\n          ((= (modulo n i) 0) (sumofFactors-iter n (+ i 1) (+ sum i)))\n          (else (sumofFactors-iter n (+ i 1) sum))))\n  (sumofFactors-iter n 1 0))\n\n(require rackunit)\n\n(define (test-humaneval) \n\n  (let (( candidate sumofFactors))\n    (check-equal? (candidate 18) 26)\n    (check-equal? (candidate 30) 48)\n    (check-equal? (candidate 6) 8)\n))\n\n(test-humaneval)",
      "timestamp": 1665509950,
      "stdout": "",
      "stderr": "/tmp/tmpvx9upky1.rkt:5:2: read-syntax: expected a `)` to close `(`\n  possible cause: indentation suggests a missing `)` before line 11\n  context...:\n   /work/arjunguha-research-group/software/racket/collects/syntax/module-reader.rkt:186:17: body\n   /work/arjunguha-research-group/software/racket/collects/syntax/module-reader.rkt:183:2: wrap-internal\n   /work/arjunguha-research-group/software/racket/collects/racket/../syntax/module-reader.rkt:67:9: wrap-internal/wrapper\n",
      "exit_code": 1,
      "status": "SyntaxError"
    },
    {
      "program": "#lang racket\n\n;; Write a rktthon function to find the sum of even factors of a number.\n(define (sumofFactors n)\n  (define (sumofFactors-iter n i)\n    (cond\n      [(= i n) 0]\n      [(even? i) (+ i (sumofFactors-iter n (+ i 1)))]\n      [else (sumofFactors-iter n (+ i 1))]))\n  (sumofFactors-iter n 1))\n\n(require rackunit)\n\n(define (test-humaneval) \n\n  (let (( candidate sumofFactors))\n    (check-equal? (candidate 18) 26)\n    (check-equal? (candidate 30) 48)\n    (check-equal? (candidate 6) 8)\n))\n\n(test-humaneval)",
      "timestamp": 1666122420,
      "stdout": "",
      "stderr": "--------------------\nFAILURE\nname:       check-equal?\nlocation:   /tmp/tmpyzjzj6x6.rkt:17:4\nactual:     72\nexpected:   26\n--------------------\n--------------------\nFAILURE\nname:       check-equal?\nlocation:   /tmp/tmpyzjzj6x6.rkt:18:4\nactual:     210\nexpected:   48\n--------------------\n--------------------\nFAILURE\nname:       check-equal?\nlocation:   /tmp/tmpyzjzj6x6.rkt:19:4\nactual:     6\nexpected:   8\n--------------------\n",
      "exit_code": 0,
      "status": "Exception"
    },
    {
      "program": "#lang racket\n\n;; Write a rktthon function to find the sum of even factors of a number.\n(define (sumofFactors n)\n  (define (sumofFactors-iter n i sum)\n    (cond\n      [(= i n) sum]\n      [(= 0 (modulo n i)) (sumofFactors-iter n (+ i 1) (+ sum i))]\n      [else (sumofFactors-iter n (+ i 1) sum)]))\n  (sumofFactors-iter n 1 0))\n\n(require rackunit)\n\n(define (test-humaneval) \n\n  (let (( candidate sumofFactors))\n    (check-equal? (candidate 18) 26)\n    (check-equal? (candidate 30) 48)\n    (check-equal? (candidate 6) 8)\n))\n\n(test-humaneval)",
      "timestamp": 1665509950,
      "stdout": "",
      "stderr": "--------------------\nFAILURE\nname:       check-equal?\nlocation:   /tmp/tmpthmy1s30.rkt:17:4\nactual:     21\nexpected:   26\n--------------------\n--------------------\nFAILURE\nname:       check-equal?\nlocation:   /tmp/tmpthmy1s30.rkt:18:4\nactual:     42\nexpected:   48\n--------------------\n--------------------\nFAILURE\nname:       check-equal?\nlocation:   /tmp/tmpthmy1s30.rkt:19:4\nactual:     6\nexpected:   8\n--------------------\n",
      "exit_code": 0,
      "status": "Exception"
    },
    {
      "program": "#lang racket\n\n;; Write a rktthon function to find the sum of even factors of a number.\n(define (sumofFactors n)\n  (define (sumofFactors-iter n i sum)\n    (cond ((&gt; i n) sum)\n          ((= (remainder n i) 0) (sumofFactors-iter n (+ i 1) (+ sum i)))\n          (else (sumofFactors-iter n (+ i 1) sum))))\n  (sumofFactors-iter n 1 0))\n\n(require rackunit)\n\n(define (test-humaneval) \n\n  (let (( candidate sumofFactors))\n    (check-equal? (candidate 18) 26)\n    (check-equal? (candidate 30) 48)\n    (check-equal? (candidate 6) 8)\n))\n\n(test-humaneval)",
      "timestamp": 1665509950,
      "stdout": "",
      "stderr": "/tmp/tmpbh07kmj2.rkt:5:2: read-syntax: expected a `)` to close `(`\n  possible cause: indentation suggests a missing `)` before line 11\n  context...:\n   /work/arjunguha-research-group/software/racket/collects/syntax/module-reader.rkt:186:17: body\n   /work/arjunguha-research-group/software/racket/collects/syntax/module-reader.rkt:183:2: wrap-internal\n   /work/arjunguha-research-group/software/racket/collects/racket/../syntax/module-reader.rkt:67:9: wrap-internal/wrapper\n",
      "exit_code": 1,
      "status": "SyntaxError"
    },
    {
      "program": "#lang racket\n\n;; Write a rktthon function to find the sum of even factors of a number.\n(define (sumofFactors n)\n  (define (helper n i)\n    (cond\n      [(= i n) 0]\n      [(= (modulo n i) 0) (+ i (helper n (+ i 1)))]\n      [else (helper n (+ i 1))]))\n  (helper n 1))\n\n(require rackunit)\n\n(define (test-humaneval) \n\n  (let (( candidate sumofFactors))\n    (check-equal? (candidate 18) 26)\n    (check-equal? (candidate 30) 48)\n    (check-equal? (candidate 6) 8)\n))\n\n(test-humaneval)",
      "timestamp": 1666122420,
      "stdout": "",
      "stderr": "--------------------\nFAILURE\nname:       check-equal?\nlocation:   /tmp/tmps1w0k17u.rkt:17:4\nactual:     21\nexpected:   26\n--------------------\n--------------------\nFAILURE\nname:       check-equal?\nlocation:   /tmp/tmps1w0k17u.rkt:18:4\nactual:     42\nexpected:   48\n--------------------\n--------------------\nFAILURE\nname:       check-equal?\nlocation:   /tmp/tmps1w0k17u.rkt:19:4\nactual:     6\nexpected:   8\n--------------------\n",
      "exit_code": 0,
      "status": "Exception"
    },
    {
      "program": "#lang racket\n\n;; Write a rktthon function to find the sum of even factors of a number.\n(define (sumofFactors n)\n  (define (sumofFactors-iter n i)\n    (if (= n i)\n        0\n        (if (= 0 (modulo n i))\n            (+ i (sumofFactors-iter n (+ i 1)))\n            (sumofFactors-iter n (+ i 1)))))\n  (sumofFactors-iter n 1))\n\n(require rackunit)\n\n(define (test-humaneval) \n\n  (let (( candidate sumofFactors))\n    (check-equal? (candidate 18) 26)\n    (check-equal? (candidate 30) 48)\n    (check-equal? (candidate 6) 8)\n))\n\n(test-humaneval)",
      "timestamp": 1666122420,
      "stdout": "",
      "stderr": "--------------------\nFAILURE\nname:       check-equal?\nlocation:   /tmp/tmp211mgsc7.rkt:18:4\nactual:     21\nexpected:   26\n--------------------\n--------------------\nFAILURE\nname:       check-equal?\nlocation:   /tmp/tmp211mgsc7.rkt:19:4\nactual:     42\nexpected:   48\n--------------------\n--------------------\nFAILURE\nname:       check-equal?\nlocation:   /tmp/tmp211mgsc7.rkt:20:4\nactual:     6\nexpected:   8\n--------------------\n",
      "exit_code": 0,
      "status": "Exception"
    },
    {
      "program": "#lang racket\n\n;; Write a rktthon function to find the sum of even factors of a number.\n(define (sumofFactors n)\n  (define (sumofFactors-iter n i sum)\n    (cond\n      [(= i n) sum]\n      [(= 0 (modulo n i)) (sumofFactors-iter n (+ i 1) (+ sum i))]\n      [else (sumofFactors-iter n (+ i 1) sum)]))\n  (sumofFactors-iter n 1 0))\n\n(require rackunit)\n\n(define (test-humaneval) \n\n  (let (( candidate sumofFactors))\n    (check-equal? (candidate 18) 26)\n    (check-equal? (candidate 30) 48)\n    (check-equal? (candidate 6) 8)\n))\n\n(test-humaneval)",
      "timestamp": 1665509950,
      "stdout": "",
      "stderr": "--------------------\nFAILURE\nname:       check-equal?\nlocation:   /tmp/tmpthmy1s30.rkt:17:4\nactual:     21\nexpected:   26\n--------------------\n--------------------\nFAILURE\nname:       check-equal?\nlocation:   /tmp/tmpthmy1s30.rkt:18:4\nactual:     42\nexpected:   48\n--------------------\n--------------------\nFAILURE\nname:       check-equal?\nlocation:   /tmp/tmpthmy1s30.rkt:19:4\nactual:     6\nexpected:   8\n--------------------\n",
      "exit_code": 0,
      "status": "Exception"
    },
    {
      "program": "#lang racket\n\n;; Write a rktthon function to find the sum of even factors of a number.\n(define (sumofFactors n)\n  (define (sumofFactors-iter n i sum)\n    (cond\n      [(= i n) sum]\n      [(= (remainder n i) 0) (sumofFactors-iter n (+ i 1) (+ sum i))]\n      [else (sumofFactors-iter n (+ i 1) sum)]))\n  (sumofFactors-iter n 1 0))\n\n(require rackunit)\n\n(define (test-humaneval) \n\n  (let (( candidate sumofFactors))\n    (check-equal? (candidate 18) 26)\n    (check-equal? (candidate 30) 48)\n    (check-equal? (candidate 6) 8)\n))\n\n(test-humaneval)",
      "timestamp": 1666122418,
      "stdout": "",
      "stderr": "--------------------\nFAILURE\nname:       check-equal?\nlocation:   /tmp/tmp5t0x_0fu.rkt:17:4\nactual:     21\nexpected:   26\n--------------------\n--------------------\nFAILURE\nname:       check-equal?\nlocation:   /tmp/tmp5t0x_0fu.rkt:18:4\nactual:     42\nexpected:   48\n--------------------\n--------------------\nFAILURE\nname:       check-equal?\nlocation:   /tmp/tmp5t0x_0fu.rkt:19:4\nactual:     6\nexpected:   8\n--------------------\n",
      "exit_code": 0,
      "status": "Exception"
    },
    {
      "program": "#lang racket\n\n;; Write a rktthon function to find the sum of even factors of a number.\n(define (sumofFactors n)\n  (define (sumofFactors-iter n i sum)\n    (cond ((= i n) sum)\n          ((= 0 (modulo n i)) (+ sum i))\n          (else sum)))\n  (sumofFactors-iter n 1 0))\n\n(require rackunit)\n\n(define (test-humaneval) \n\n  (let (( candidate sumofFactors))\n    (check-equal? (candidate 18) 26)\n    (check-equal? (candidate 30) 48)\n    (check-equal? (candidate 6) 8)\n))\n\n(test-humaneval)",
      "timestamp": 1665509951,
      "stdout": "",
      "stderr": "--------------------\nFAILURE\nname:       check-equal?\nlocation:   /tmp/tmpzd20vzn0.rkt:16:4\nactual:     1\nexpected:   26\n--------------------\n--------------------\nFAILURE\nname:       check-equal?\nlocation:   /tmp/tmpzd20vzn0.rkt:17:4\nactual:     1\nexpected:   48\n--------------------\n--------------------\nFAILURE\nname:       check-equal?\nlocation:   /tmp/tmpzd20vzn0.rkt:18:4\nactual:     1\nexpected:   8\n--------------------\n",
      "exit_code": 0,
      "status": "Exception"
    },
    {
      "program": "#lang racket\n\n;; Write a rktthon function to find the sum of even factors of a number.\n(define (sumofFactors n)\n  (define (sum-of-factors-iter n i sum)\n    (cond ((&gt; i n) sum)\n          ((= (modulo n i) 0) (sum-of-factors-iter n (+ i 1) (+ sum i)))\n          (else (sum-of-factors-iter n (+ i 1) sum))))\n  (sum-of-factors-iter n 1 0))\n\n(require rackunit)\n\n(define (test-humaneval) \n\n  (let (( candidate sumofFactors))\n    (check-equal? (candidate 18) 26)\n    (check-equal? (candidate 30) 48)\n    (check-equal? (candidate 6) 8)\n))\n\n(test-humaneval)",
      "timestamp": 1666122419,
      "stdout": "",
      "stderr": "/tmp/tmp1269pz6d.rkt:5:2: read-syntax: expected a `)` to close `(`\n  possible cause: indentation suggests a missing `)` before line 11\n  context...:\n   /work/arjunguha-research-group/software/racket/collects/syntax/module-reader.rkt:186:17: body\n   /work/arjunguha-research-group/software/racket/collects/syntax/module-reader.rkt:183:2: wrap-internal\n   /work/arjunguha-research-group/software/racket/collects/racket/../syntax/module-reader.rkt:67:9: wrap-internal/wrapper\n",
      "exit_code": 1,
      "status": "SyntaxError"
    },
    {
      "program": "#lang racket\n\n;; Write a rktthon function to find the sum of even factors of a number.\n(define (sumofFactors n)\n  (define (sumofFactors-iter n i sum)\n    (cond\n      [(= i n) sum]\n      [(= (modulo n i) 0) (sumofFactors-iter n (+ i 1) (+ sum i))]\n      [else (sumofFactors-iter n (+ i 1) sum)]))\n  (sumofFactors-iter n 2 0))\n\n(require rackunit)\n\n(define (test-humaneval) \n\n  (let (( candidate sumofFactors))\n    (check-equal? (candidate 18) 26)\n    (check-equal? (candidate 30) 48)\n    (check-equal? (candidate 6) 8)\n))\n\n(test-humaneval)",
      "timestamp": 1666122420,
      "stdout": "",
      "stderr": "--------------------\nFAILURE\nname:       check-equal?\nlocation:   /tmp/tmpgnz5v1dn.rkt:17:4\nactual:     20\nexpected:   26\n--------------------\n--------------------\nFAILURE\nname:       check-equal?\nlocation:   /tmp/tmpgnz5v1dn.rkt:18:4\nactual:     41\nexpected:   48\n--------------------\n--------------------\nFAILURE\nname:       check-equal?\nlocation:   /tmp/tmpgnz5v1dn.rkt:19:4\nactual:     5\nexpected:   8\n--------------------\n",
      "exit_code": 0,
      "status": "Exception"
    },
    {
      "program": "#lang racket\n\n;; Write a rktthon function to find the sum of even factors of a number.\n(define (sumofFactors n)\n  (define (sumofFactors-iter n i)\n    (cond ((&gt; i n) 0)\n          ((= (modulo n i) 0) (+ i (sumofFactors-iter n (+ i 1))))\n          (else (sumofFactors-iter n (+ i 1)))))\n  (sumofFactors-iter n 1))\n\n(require rackunit)\n\n(define (test-humaneval) \n\n  (let (( candidate sumofFactors))\n    (check-equal? (candidate 18) 26)\n    (check-equal? (candidate 30) 48)\n    (check-equal? (candidate 6) 8)\n))\n\n(test-humaneval)",
      "timestamp": 1666122416,
      "stdout": "",
      "stderr": "/tmp/tmpowbced7i.rkt:5:2: read-syntax: expected a `)` to close `(`\n  possible cause: indentation suggests a missing `)` before line 11\n  context...:\n   /work/arjunguha-research-group/software/racket/collects/syntax/module-reader.rkt:186:17: body\n   /work/arjunguha-research-group/software/racket/collects/syntax/module-reader.rkt:183:2: wrap-internal\n   /work/arjunguha-research-group/software/racket/collects/racket/../syntax/module-reader.rkt:67:9: wrap-internal/wrapper\n",
      "exit_code": 1,
      "status": "SyntaxError"
    },
    {
      "program": "#lang racket\n\n;; Write a rktthon function to find the sum of even factors of a number.\n(define (sumofFactors n)\n  (define (sumofFactors-iter n i sum)\n    (cond ((= i n) sum)\n          ((even? i) (sumofFactors-iter n (+ i 1) (+ sum i)))\n          (else (sumofFactors-iter n (+ i 1) sum))))\n  (sumofFactors-iter n 1 0))\n\n(require rackunit)\n\n(define (test-humaneval) \n\n  (let (( candidate sumofFactors))\n    (check-equal? (candidate 18) 26)\n    (check-equal? (candidate 30) 48)\n    (check-equal? (candidate 6) 8)\n))\n\n(test-humaneval)",
      "timestamp": 1665509951,
      "stdout": "",
      "stderr": "--------------------\nFAILURE\nname:       check-equal?\nlocation:   /tmp/tmpi5xieusj.rkt:16:4\nactual:     72\nexpected:   26\n--------------------\n--------------------\nFAILURE\nname:       check-equal?\nlocation:   /tmp/tmpi5xieusj.rkt:17:4\nactual:     210\nexpected:   48\n--------------------\n--------------------\nFAILURE\nname:       check-equal?\nlocation:   /tmp/tmpi5xieusj.rkt:18:4\nactual:     6\nexpected:   8\n--------------------\n",
      "exit_code": 0,
      "status": "Exception"
    },
    {
      "program": "#lang racket\n\n;; Write a rktthon function to find the sum of even factors of a number.\n(define (sumofFactors n)\n  (define (sumofFactors-iter n i sum)\n    (cond\n      [(= i n) sum]\n      [(= 0 (modulo n i)) (sumofFactors-iter n (+ i 1) (+ sum i))]\n      [else (sumofFactors-iter n (+ i 1) sum)]))\n  (sumofFactors-iter n 1 0))\n\n(require rackunit)\n\n(define (test-humaneval) \n\n  (let (( candidate sumofFactors))\n    (check-equal? (candidate 18) 26)\n    (check-equal? (candidate 30) 48)\n    (check-equal? (candidate 6) 8)\n))\n\n(test-humaneval)",
      "timestamp": 1665509950,
      "stdout": "",
      "stderr": "--------------------\nFAILURE\nname:       check-equal?\nlocation:   /tmp/tmpthmy1s30.rkt:17:4\nactual:     21\nexpected:   26\n--------------------\n--------------------\nFAILURE\nname:       check-equal?\nlocation:   /tmp/tmpthmy1s30.rkt:18:4\nactual:     42\nexpected:   48\n--------------------\n--------------------\nFAILURE\nname:       check-equal?\nlocation:   /tmp/tmpthmy1s30.rkt:19:4\nactual:     6\nexpected:   8\n--------------------\n",
      "exit_code": 0,
      "status": "Exception"
    },
    {
      "program": "#lang racket\n\n;; Write a rktthon function to find the sum of even factors of a number.\n(define (sumofFactors n)\n  (define (sumofFactors-iter i acc)\n    (if (= i n)\n        acc\n        (if (= (remainder i 2) 0)\n            (sumofFactors-iter (+ i 1) (+ i acc))\n            (sumofFactors-iter (+ i 1) acc))))\n  (sumofFactors-iter 1 0))\n\n(require rackunit)\n\n(define (test-humaneval) \n\n  (let (( candidate sumofFactors))\n    (check-equal? (candidate 18) 26)\n    (check-equal? (candidate 30) 48)\n    (check-equal? (candidate 6) 8)\n))\n\n(test-humaneval)",
      "timestamp": 1666122420,
      "stdout": "",
      "stderr": "--------------------\nFAILURE\nname:       check-equal?\nlocation:   /tmp/tmpww740z04.rkt:18:4\nactual:     72\nexpected:   26\n--------------------\n--------------------\nFAILURE\nname:       check-equal?\nlocation:   /tmp/tmpww740z04.rkt:19:4\nactual:     210\nexpected:   48\n--------------------\n--------------------\nFAILURE\nname:       check-equal?\nlocation:   /tmp/tmpww740z04.rkt:20:4\nactual:     6\nexpected:   8\n--------------------\n",
      "exit_code": 0,
      "status": "Exception"
    },
    {
      "program": "#lang racket\n\n;; Write a rktthon function to find the sum of even factors of a number.\n(define (sumofFactors n)\n  (define (helper n i)\n    (cond\n      [(= i n) 0]\n      [(= (modulo n i) 0) (+ i (helper n (+ i 1)))]\n      [else (helper n (+ i 1))]))\n  (helper n 1))\n\n(require rackunit)\n\n(define (test-humaneval) \n\n  (let (( candidate sumofFactors))\n    (check-equal? (candidate 18) 26)\n    (check-equal? (candidate 30) 48)\n    (check-equal? (candidate 6) 8)\n))\n\n(test-humaneval)",
      "timestamp": 1666122420,
      "stdout": "",
      "stderr": "--------------------\nFAILURE\nname:       check-equal?\nlocation:   /tmp/tmps1w0k17u.rkt:17:4\nactual:     21\nexpected:   26\n--------------------\n--------------------\nFAILURE\nname:       check-equal?\nlocation:   /tmp/tmps1w0k17u.rkt:18:4\nactual:     42\nexpected:   48\n--------------------\n--------------------\nFAILURE\nname:       check-equal?\nlocation:   /tmp/tmps1w0k17u.rkt:19:4\nactual:     6\nexpected:   8\n--------------------\n",
      "exit_code": 0,
      "status": "Exception"
    },
    {
      "program": "#lang racket\n\n;; Write a rktthon function to find the sum of even factors of a number.\n(define (sumofFactors n)\n  (define (sumofFactors-iter i sum)\n    (cond ((= i n) sum)\n          ((= (modulo n i) 0) (sumofFactors-iter (+ i 1) (+ sum i)))\n          (else (sumofFactors-iter (+ i 1) sum))))\n  (sumofFactors-iter 1 0))\n\n(require rackunit)\n\n(define (test-humaneval) \n\n  (let (( candidate sumofFactors))\n    (check-equal? (candidate 18) 26)\n    (check-equal? (candidate 30) 48)\n    (check-equal? (candidate 6) 8)\n))\n\n(test-humaneval)",
      "timestamp": 1666122420,
      "stdout": "",
      "stderr": "--------------------\nFAILURE\nname:       check-equal?\nlocation:   /tmp/tmpn6c1ln7g.rkt:16:4\nactual:     21\nexpected:   26\n--------------------\n--------------------\nFAILURE\nname:       check-equal?\nlocation:   /tmp/tmpn6c1ln7g.rkt:17:4\nactual:     42\nexpected:   48\n--------------------\n--------------------\nFAILURE\nname:       check-equal?\nlocation:   /tmp/tmpn6c1ln7g.rkt:18:4\nactual:     6\nexpected:   8\n--------------------\n",
      "exit_code": 0,
      "status": "Exception"
    },
    {
      "program": "#lang racket\n\n;; Write a rktthon function to find the sum of even factors of a number.\n(define (sumofFactors n)\n  (define (sumofFactors-iter n i sum)\n    (cond\n      [(= i n) sum]\n      [(= 0 (modulo n i)) (sumofFactors-iter n (+ i 1) (+ sum i))]\n      [else (sumofFactors-iter n (+ i 1) sum)]))\n  (sumofFactors-iter n 1 0))\n\n(require rackunit)\n\n(define (test-humaneval) \n\n  (let (( candidate sumofFactors))\n    (check-equal? (candidate 18) 26)\n    (check-equal? (candidate 30) 48)\n    (check-equal? (candidate 6) 8)\n))\n\n(test-humaneval)",
      "timestamp": 1665509950,
      "stdout": "",
      "stderr": "--------------------\nFAILURE\nname:       check-equal?\nlocation:   /tmp/tmpthmy1s30.rkt:17:4\nactual:     21\nexpected:   26\n--------------------\n--------------------\nFAILURE\nname:       check-equal?\nlocation:   /tmp/tmpthmy1s30.rkt:18:4\nactual:     42\nexpected:   48\n--------------------\n--------------------\nFAILURE\nname:       check-equal?\nlocation:   /tmp/tmpthmy1s30.rkt:19:4\nactual:     6\nexpected:   8\n--------------------\n",
      "exit_code": 0,
      "status": "Exception"
    },
    {
      "program": "#lang racket\n\n;; Write a rktthon function to find the sum of even factors of a number.\n(define (sumofFactors n)\n  (define (sumOfEvenFactors n)\n    (define (sumOfEvenFactors-iter n i sum)\n      (cond ((= i n) sum)\n            ((= 0 (modulo n i))\n             (if (even? i)\n                 (sumOfEvenFactors-iter n (+ i 1) (+ sum i))\n                 (sumOfEvenFactors-iter n (+ i 1) sum)))\n            (else (sumOfEvenFactors-iter n (+ i 1) sum))))\n    (sumOfEvenFactors-iter n 1 0))\n  (sumOfEvenFactors n))\n\n(require rackunit)\n\n(define (test-humaneval) \n\n  (let (( candidate sumofFactors))\n    (check-equal? (candidate 18) 26)\n    (check-equal? (candidate 30) 48)\n    (check-equal? (candidate 6) 8)\n))\n\n(test-humaneval)",
      "timestamp": 1666122420,
      "stdout": "",
      "stderr": "--------------------\nFAILURE\nname:       check-equal?\nlocation:   /tmp/tmpffv_3vx3.rkt:21:4\nactual:     8\nexpected:   26\n--------------------\n--------------------\nFAILURE\nname:       check-equal?\nlocation:   /tmp/tmpffv_3vx3.rkt:22:4\nactual:     18\nexpected:   48\n--------------------\n--------------------\nFAILURE\nname:       check-equal?\nlocation:   /tmp/tmpffv_3vx3.rkt:23:4\nactual:     2\nexpected:   8\n--------------------\n",
      "exit_code": 0,
      "status": "Exception"
    },
    {
      "program": "#lang racket\n\n;; Write a rktthon function to find the sum of even factors of a number.\n(define (sumofFactors n)\n  (define (sumofFactors-iter n i sum)\n    (cond\n      [(= i n) sum]\n      [(= 0 (modulo n i)) (sumofFactors-iter n (+ i 1) (+ sum i))]\n      [else (sumofFactors-iter n (+ i 1) sum)]))\n  (sumofFactors-iter n 1 0))\n\n(require rackunit)\n\n(define (test-humaneval) \n\n  (let (( candidate sumofFactors))\n    (check-equal? (candidate 18) 26)\n    (check-equal? (candidate 30) 48)\n    (check-equal? (candidate 6) 8)\n))\n\n(test-humaneval)",
      "timestamp": 1665509950,
      "stdout": "",
      "stderr": "--------------------\nFAILURE\nname:       check-equal?\nlocation:   /tmp/tmpthmy1s30.rkt:17:4\nactual:     21\nexpected:   26\n--------------------\n--------------------\nFAILURE\nname:       check-equal?\nlocation:   /tmp/tmpthmy1s30.rkt:18:4\nactual:     42\nexpected:   48\n--------------------\n--------------------\nFAILURE\nname:       check-equal?\nlocation:   /tmp/tmpthmy1s30.rkt:19:4\nactual:     6\nexpected:   8\n--------------------\n",
      "exit_code": 0,
      "status": "Exception"
    },
    {
      "program": "#lang racket\n\n;; Write a rktthon function to find the sum of even factors of a number.\n(define (sumofFactors n)\n  (define (sumofFactors-iter n i sum)\n    (cond\n      [(= i n) sum]\n      [(= (modulo n i) 0) (sumofFactors-iter n (+ i 1) (+ sum i))]\n      [else (sumofFactors-iter n (+ i 1) sum)]))\n  (sumofFactors-iter n 1 0))\n\n(require rackunit)\n\n(define (test-humaneval) \n\n  (let (( candidate sumofFactors))\n    (check-equal? (candidate 18) 26)\n    (check-equal? (candidate 30) 48)\n    (check-equal? (candidate 6) 8)\n))\n\n(test-humaneval)",
      "timestamp": 1665509951,
      "stdout": "",
      "stderr": "--------------------\nFAILURE\nname:       check-equal?\nlocation:   /tmp/tmp6xla1p7f.rkt:17:4\nactual:     21\nexpected:   26\n--------------------\n--------------------\nFAILURE\nname:       check-equal?\nlocation:   /tmp/tmp6xla1p7f.rkt:18:4\nactual:     42\nexpected:   48\n--------------------\n--------------------\nFAILURE\nname:       check-equal?\nlocation:   /tmp/tmp6xla1p7f.rkt:19:4\nactual:     6\nexpected:   8\n--------------------\n",
      "exit_code": 0,
      "status": "Exception"
    },
    {
      "program": "#lang racket\n\n;; Write a rktthon function to find the sum of even factors of a number.\n(define (sumofFactors n)\n  (define (sumofFactors-iter n i sum)\n    (cond\n      [(= i n) sum]\n      [(= 0 (modulo n i)) (sumofFactors-iter n (+ i 1) (+ sum i))]\n      [else (sumofFactors-iter n (+ i 1) sum)]))\n  (sumofFactors-iter n 1 0))\n\n(require rackunit)\n\n(define (test-humaneval) \n\n  (let (( candidate sumofFactors))\n    (check-equal? (candidate 18) 26)\n    (check-equal? (candidate 30) 48)\n    (check-equal? (candidate 6) 8)\n))\n\n(test-humaneval)",
      "timestamp": 1665509950,
      "stdout": "",
      "stderr": "--------------------\nFAILURE\nname:       check-equal?\nlocation:   /tmp/tmpthmy1s30.rkt:17:4\nactual:     21\nexpected:   26\n--------------------\n--------------------\nFAILURE\nname:       check-equal?\nlocation:   /tmp/tmpthmy1s30.rkt:18:4\nactual:     42\nexpected:   48\n--------------------\n--------------------\nFAILURE\nname:       check-equal?\nlocation:   /tmp/tmpthmy1s30.rkt:19:4\nactual:     6\nexpected:   8\n--------------------\n",
      "exit_code": 0,
      "status": "Exception"
    },
    {
      "program": "#lang racket\n\n;; Write a rktthon function to find the sum of even factors of a number.\n(define (sumofFactors n)\n  (define (sumofFactors-iter n i sum)\n    (cond ((= i n) sum)\n          ((= 0 (modulo n i)) (+ sum i))\n          (else (sumofFactors-iter n (+ i 1) sum))))\n  (sumofFactors-iter n 1 0))\n\n(require rackunit)\n\n(define (test-humaneval) \n\n  (let (( candidate sumofFactors))\n    (check-equal? (candidate 18) 26)\n    (check-equal? (candidate 30) 48)\n    (check-equal? (candidate 6) 8)\n))\n\n(test-humaneval)",
      "timestamp": 1666122418,
      "stdout": "",
      "stderr": "--------------------\nFAILURE\nname:       check-equal?\nlocation:   /tmp/tmp_vu8y_tx.rkt:16:4\nactual:     1\nexpected:   26\n--------------------\n--------------------\nFAILURE\nname:       check-equal?\nlocation:   /tmp/tmp_vu8y_tx.rkt:17:4\nactual:     1\nexpected:   48\n--------------------\n--------------------\nFAILURE\nname:       check-equal?\nlocation:   /tmp/tmp_vu8y_tx.rkt:18:4\nactual:     1\nexpected:   8\n--------------------\n",
      "exit_code": 0,
      "status": "Exception"
    },
    {
      "program": "#lang racket\n\n;; Write a rktthon function to find the sum of even factors of a number.\n(define (sumofFactors n)\n  (define (sumofFactors-iter n i sum)\n    (cond ((= i n) sum)\n          ((= (remainder n i) 0) (sumofFactors-iter n (+ i 1) (+ sum i)))\n          (else (sumofFactors-iter n (+ i 1) sum))))\n  (sumofFactors-iter n 1 0))\n\n(require rackunit)\n\n(define (test-humaneval) \n\n  (let (( candidate sumofFactors))\n    (check-equal? (candidate 18) 26)\n    (check-equal? (candidate 30) 48)\n    (check-equal? (candidate 6) 8)\n))\n\n(test-humaneval)",
      "timestamp": 1666122418,
      "stdout": "",
      "stderr": "--------------------\nFAILURE\nname:       check-equal?\nlocation:   /tmp/tmp14e6jnwy.rkt:16:4\nactual:     21\nexpected:   26\n--------------------\n--------------------\nFAILURE\nname:       check-equal?\nlocation:   /tmp/tmp14e6jnwy.rkt:17:4\nactual:     42\nexpected:   48\n--------------------\n--------------------\nFAILURE\nname:       check-equal?\nlocation:   /tmp/tmp14e6jnwy.rkt:18:4\nactual:     6\nexpected:   8\n--------------------\n",
      "exit_code": 0,
      "status": "Exception"
    },
    {
      "program": "#lang racket\n\n;; Write a rktthon function to find the sum of even factors of a number.\n(define (sumofFactors n)\n  (define (sumofFactors-iter n i sum)\n    (cond\n      [(= i n) sum]\n      [(= 0 (remainder n i)) (sumofFactors-iter n (+ i 1) (+ sum i))]\n      [else (sumofFactors-iter n (+ i 1) sum)]))\n  (sumofFactors-iter n 1 0))\n\n(require rackunit)\n\n(define (test-humaneval) \n\n  (let (( candidate sumofFactors))\n    (check-equal? (candidate 18) 26)\n    (check-equal? (candidate 30) 48)\n    (check-equal? (candidate 6) 8)\n))\n\n(test-humaneval)",
      "timestamp": 1666122420,
      "stdout": "",
      "stderr": "--------------------\nFAILURE\nname:       check-equal?\nlocation:   /tmp/tmphzihu5sk.rkt:17:4\nactual:     21\nexpected:   26\n--------------------\n--------------------\nFAILURE\nname:       check-equal?\nlocation:   /tmp/tmphzihu5sk.rkt:18:4\nactual:     42\nexpected:   48\n--------------------\n--------------------\nFAILURE\nname:       check-equal?\nlocation:   /tmp/tmphzihu5sk.rkt:19:4\nactual:     6\nexpected:   8\n--------------------\n",
      "exit_code": 0,
      "status": "Exception"
    },
    {
      "program": "#lang racket\n\n;; Write a rktthon function to find the sum of even factors of a number.\n(define (sumofFactors n)\n  (define (sumofFactors-iter n i sum)\n    (cond\n      [(= i n) sum]\n      [(= (remainder n i) 0) (sumofFactors-iter n (+ i 1) (+ sum i))]\n      [else (sumofFactors-iter n (+ i 1) sum)]))\n  (sumofFactors-iter n 1 0))\n\n(require rackunit)\n\n(define (test-humaneval) \n\n  (let (( candidate sumofFactors))\n    (check-equal? (candidate 18) 26)\n    (check-equal? (candidate 30) 48)\n    (check-equal? (candidate 6) 8)\n))\n\n(test-humaneval)",
      "timestamp": 1666122418,
      "stdout": "",
      "stderr": "--------------------\nFAILURE\nname:       check-equal?\nlocation:   /tmp/tmp5t0x_0fu.rkt:17:4\nactual:     21\nexpected:   26\n--------------------\n--------------------\nFAILURE\nname:       check-equal?\nlocation:   /tmp/tmp5t0x_0fu.rkt:18:4\nactual:     42\nexpected:   48\n--------------------\n--------------------\nFAILURE\nname:       check-equal?\nlocation:   /tmp/tmp5t0x_0fu.rkt:19:4\nactual:     6\nexpected:   8\n--------------------\n",
      "exit_code": 0,
      "status": "Exception"
    },
    {
      "program": "#lang racket\n\n;; Write a rktthon function to find the sum of even factors of a number.\n(define (sumofFactors n)\n  (define (sumofFactors-iter n i sum)\n    (cond ((&gt; i n) sum)\n          ((= (modulo n i) 0) (sumofFactors-iter n (+ i 1) (+ i sum)))\n          (else (sumofFactors-iter n (+ i 1) sum))))\n  (sumofFactors-iter n 1 0))\n\n(require rackunit)\n\n(define (test-humaneval) \n\n  (let (( candidate sumofFactors))\n    (check-equal? (candidate 18) 26)\n    (check-equal? (candidate 30) 48)\n    (check-equal? (candidate 6) 8)\n))\n\n(test-humaneval)",
      "timestamp": 1666122418,
      "stdout": "",
      "stderr": "/tmp/tmpjhpgqgap.rkt:5:2: read-syntax: expected a `)` to close `(`\n  possible cause: indentation suggests a missing `)` before line 11\n  context...:\n   /work/arjunguha-research-group/software/racket/collects/syntax/module-reader.rkt:186:17: body\n   /work/arjunguha-research-group/software/racket/collects/syntax/module-reader.rkt:183:2: wrap-internal\n   /work/arjunguha-research-group/software/racket/collects/racket/../syntax/module-reader.rkt:67:9: wrap-internal/wrapper\n",
      "exit_code": 1,
      "status": "SyntaxError"
    },
    {
      "program": "#lang racket\n\n;; Write a rktthon function to find the sum of even factors of a number.\n(define (sumofFactors n)\n  (define (sumofFactors-iter n i sum)\n    (cond\n      [(= i n) sum]\n      [(= 0 (modulo n i)) (sumofFactors-iter n (+ i 1) (+ sum i))]\n      [else (sumofFactors-iter n (+ i 1) sum)]))\n  (sumofFactors-iter n 1 0))\n\n(require rackunit)\n\n(define (test-humaneval) \n\n  (let (( candidate sumofFactors))\n    (check-equal? (candidate 18) 26)\n    (check-equal? (candidate 30) 48)\n    (check-equal? (candidate 6) 8)\n))\n\n(test-humaneval)",
      "timestamp": 1665509950,
      "stdout": "",
      "stderr": "--------------------\nFAILURE\nname:       check-equal?\nlocation:   /tmp/tmpthmy1s30.rkt:17:4\nactual:     21\nexpected:   26\n--------------------\n--------------------\nFAILURE\nname:       check-equal?\nlocation:   /tmp/tmpthmy1s30.rkt:18:4\nactual:     42\nexpected:   48\n--------------------\n--------------------\nFAILURE\nname:       check-equal?\nlocation:   /tmp/tmpthmy1s30.rkt:19:4\nactual:     6\nexpected:   8\n--------------------\n",
      "exit_code": 0,
      "status": "Exception"
    },
    {
      "program": "#lang racket\n\n;; Write a rktthon function to find the sum of even factors of a number.\n(define (sumofFactors n)\n  (define (sumofFactors-iter n i sum)\n    (cond ((&lt; i n) (if (even? i)\n                       (sumofFactors-iter n (+ i 1) (+ i sum))\n                       (sumofFactors-iter n (+ i 1) sum)))\n          (else sum)))\n  (sumofFactors-iter n 2 0))\n\n(require rackunit)\n\n(define (test-humaneval) \n\n  (let (( candidate sumofFactors))\n    (check-equal? (candidate 18) 26)\n    (check-equal? (candidate 30) 48)\n    (check-equal? (candidate 6) 8)\n))\n\n(test-humaneval)",
      "timestamp": 1666122420,
      "stdout": "",
      "stderr": "/tmp/tmpgu5clw_d.rkt:6:12: &lt: unbound identifier\n  in: &lt\n  location...:\n   /tmp/tmpgu5clw_d.rkt:6:12\n",
      "exit_code": 1,
      "status": "Exception"
    },
    {
      "program": "#lang racket\n\n;; Write a rktthon function to find the sum of even factors of a number.\n(define (sumofFactors n)\n  (for/sum ([i (in-range 1 n)])\n    (if (even? i)\n        i)))\n\n(require rackunit)\n\n(define (test-humaneval) \n\n  (let (( candidate sumofFactors))\n    (check-equal? (candidate 18) 26)\n    (check-equal? (candidate 30) 48)\n    (check-equal? (candidate 6) 8)\n))\n\n(test-humaneval)",
      "timestamp": 1666122420,
      "stdout": "",
      "stderr": "/tmp/tmpwj2ueuwr.rkt:6:4: if: missing an \"else\" expression\n  in: (if (even? i) i)\n  location...:\n   /tmp/tmpwj2ueuwr.rkt:6:4\n",
      "exit_code": 1,
      "status": "Exception"
    },
    {
      "program": "#lang racket\n\n;; Write a rktthon function to find the sum of even factors of a number.\n(define (sumofFactors n)\n  (define (sumofFactors-iter n i sum)\n    (cond\n      [(= i n) sum]\n      [(= (remainder n i) 0) (sumofFactors-iter n (+ i 1) (+ sum i))]\n      [else (sumofFactors-iter n (+ i 1) sum)]))\n  (sumofFactors-iter n 1 0))\n\n(require rackunit)\n\n(define (test-humaneval) \n\n  (let (( candidate sumofFactors))\n    (check-equal? (candidate 18) 26)\n    (check-equal? (candidate 30) 48)\n    (check-equal? (candidate 6) 8)\n))\n\n(test-humaneval)",
      "timestamp": 1666122418,
      "stdout": "",
      "stderr": "--------------------\nFAILURE\nname:       check-equal?\nlocation:   /tmp/tmp5t0x_0fu.rkt:17:4\nactual:     21\nexpected:   26\n--------------------\n--------------------\nFAILURE\nname:       check-equal?\nlocation:   /tmp/tmp5t0x_0fu.rkt:18:4\nactual:     42\nexpected:   48\n--------------------\n--------------------\nFAILURE\nname:       check-equal?\nlocation:   /tmp/tmp5t0x_0fu.rkt:19:4\nactual:     6\nexpected:   8\n--------------------\n",
      "exit_code": 0,
      "status": "Exception"
    },
    {
      "program": "#lang racket\n\n;; Write a rktthon function to find the sum of even factors of a number.\n(define (sumofFactors n)\n  (define (sumofFactors-iter product counter)\n    (if (&gt; counter n)\n        product\n        (if (even? counter)\n            (sumofFactors-iter (+ product counter) (+ counter 1))\n            (sumofFactors-iter product (+ counter 1)))))\n  (sumofFactors-iter 0 1))\n\n(require rackunit)\n\n(define (test-humaneval) \n\n  (let (( candidate sumofFactors))\n    (check-equal? (candidate 18) 26)\n    (check-equal? (candidate 30) 48)\n    (check-equal? (candidate 6) 8)\n))\n\n(test-humaneval)",
      "timestamp": 1666122419,
      "stdout": "",
      "stderr": "/tmp/tmpld7mcnzv.rkt:4:0: read-syntax: expected a `)` to close `(`\n  possible cause: indentation suggests a missing `)` before line 13\n  context...:\n   /work/arjunguha-research-group/software/racket/collects/syntax/module-reader.rkt:186:17: body\n   /work/arjunguha-research-group/software/racket/collects/syntax/module-reader.rkt:183:2: wrap-internal\n   /work/arjunguha-research-group/software/racket/collects/racket/../syntax/module-reader.rkt:67:9: wrap-internal/wrapper\n",
      "exit_code": 1,
      "status": "SyntaxError"
    },
    {
      "program": "#lang racket\n\n;; Write a rktthon function to find the sum of even factors of a number.\n(define (sumofFactors n)\n  (define (sumofFactors-iter n i)\n    (cond\n      [(= i n) 0]\n      [(= 0 (modulo n i)) (+ i (sumofFactors-iter n (+ i 1)))]\n      [else (sumofFactors-iter n (+ i 1))]))\n  (sumofFactors-iter n 1))\n\n(require rackunit)\n\n(define (test-humaneval) \n\n  (let (( candidate sumofFactors))\n    (check-equal? (candidate 18) 26)\n    (check-equal? (candidate 30) 48)\n    (check-equal? (candidate 6) 8)\n))\n\n(test-humaneval)",
      "timestamp": 1666122419,
      "stdout": "",
      "stderr": "--------------------\nFAILURE\nname:       check-equal?\nlocation:   /tmp/tmp6iy3zs9d.rkt:17:4\nactual:     21\nexpected:   26\n--------------------\n--------------------\nFAILURE\nname:       check-equal?\nlocation:   /tmp/tmp6iy3zs9d.rkt:18:4\nactual:     42\nexpected:   48\n--------------------\n--------------------\nFAILURE\nname:       check-equal?\nlocation:   /tmp/tmp6iy3zs9d.rkt:19:4\nactual:     6\nexpected:   8\n--------------------\n",
      "exit_code": 0,
      "status": "Exception"
    },
    {
      "program": "#lang racket\n\n;; Write a rktthon function to find the sum of even factors of a number.\n(define (sumofFactors n)\n  (define (sumofFactors-iter n i sum)\n    (cond ((= i n) sum)\n          ((= 0 (modulo n i))\n           (sumofFactors-iter n (+ i 1) (+ sum i)))\n          (else (sumofFactors-iter n (+ i 1) sum))))\n  (sumofFactors-iter n 1 0))\n\n(require rackunit)\n\n(define (test-humaneval) \n\n  (let (( candidate sumofFactors))\n    (check-equal? (candidate 18) 26)\n    (check-equal? (candidate 30) 48)\n    (check-equal? (candidate 6) 8)\n))\n\n(test-humaneval)",
      "timestamp": 1666122420,
      "stdout": "",
      "stderr": "--------------------\nFAILURE\nname:       check-equal?\nlocation:   /tmp/tmp5buk10oq.rkt:17:4\nactual:     21\nexpected:   26\n--------------------\n--------------------\nFAILURE\nname:       check-equal?\nlocation:   /tmp/tmp5buk10oq.rkt:18:4\nactual:     42\nexpected:   48\n--------------------\n--------------------\nFAILURE\nname:       check-equal?\nlocation:   /tmp/tmp5buk10oq.rkt:19:4\nactual:     6\nexpected:   8\n--------------------\n",
      "exit_code": 0,
      "status": "Exception"
    },
    {
      "program": "#lang racket\n\n;; Write a rktthon function to find the sum of even factors of a number.\n(define (sumofFactors n)\n  (define (sumofFactors-iter n i sum)\n    (cond\n      [(= i n) sum]\n      [(= 0 (modulo n i)) (sumofFactors-iter n (+ i 1) (+ sum i))]\n      [else (sumofFactors-iter n (+ i 1) sum)]))\n  (sumofFactors-iter n 1 0))\n\n(require rackunit)\n\n(define (test-humaneval) \n\n  (let (( candidate sumofFactors))\n    (check-equal? (candidate 18) 26)\n    (check-equal? (candidate 30) 48)\n    (check-equal? (candidate 6) 8)\n))\n\n(test-humaneval)",
      "timestamp": 1665509950,
      "stdout": "",
      "stderr": "--------------------\nFAILURE\nname:       check-equal?\nlocation:   /tmp/tmpthmy1s30.rkt:17:4\nactual:     21\nexpected:   26\n--------------------\n--------------------\nFAILURE\nname:       check-equal?\nlocation:   /tmp/tmpthmy1s30.rkt:18:4\nactual:     42\nexpected:   48\n--------------------\n--------------------\nFAILURE\nname:       check-equal?\nlocation:   /tmp/tmpthmy1s30.rkt:19:4\nactual:     6\nexpected:   8\n--------------------\n",
      "exit_code": 0,
      "status": "Exception"
    },
    {
      "program": "#lang racket\n\n;; Write a rktthon function to find the sum of even factors of a number.\n(define (sumofFactors n)\n  (define (sumOfEvenFactors n)\n    (define (sumOfEvenFactors-iter n i sum)\n      (cond ((= i n) sum)\n            ((even? i) (sumOfEvenFactors-iter n (+ i 1) (+ sum i)))\n            (else (sumOfEvenFactors-iter n (+ i 1) sum))))\n    (sumOfEvenFactors-iter n 1 0))\n  (sumOfEvenFactors n))\n\n(require rackunit)\n\n(define (test-humaneval) \n\n  (let (( candidate sumofFactors))\n    (check-equal? (candidate 18) 26)\n    (check-equal? (candidate 30) 48)\n    (check-equal? (candidate 6) 8)\n))\n\n(test-humaneval)",
      "timestamp": 1666122420,
      "stdout": "",
      "stderr": "--------------------\nFAILURE\nname:       check-equal?\nlocation:   /tmp/tmp_93rubtw.rkt:18:4\nactual:     72\nexpected:   26\n--------------------\n--------------------\nFAILURE\nname:       check-equal?\nlocation:   /tmp/tmp_93rubtw.rkt:19:4\nactual:     210\nexpected:   48\n--------------------\n--------------------\nFAILURE\nname:       check-equal?\nlocation:   /tmp/tmp_93rubtw.rkt:20:4\nactual:     6\nexpected:   8\n--------------------\n",
      "exit_code": 0,
      "status": "Exception"
    },
    {
      "program": "#lang racket\n\n;; Write a rktthon function to find the sum of even factors of a number.\n(define (sumofFactors n)\n  (define (sumofFactors-iter n i sum)\n    (cond ((= i n) sum)\n          ((= 0 (modulo n i)) (+ sum i))\n          (else (sumofFactors-iter n (+ i 1) sum))))\n  (sumofFactors-iter n 1 0))\n\n(require rackunit)\n\n(define (test-humaneval) \n\n  (let (( candidate sumofFactors))\n    (check-equal? (candidate 18) 26)\n    (check-equal? (candidate 30) 48)\n    (check-equal? (candidate 6) 8)\n))\n\n(test-humaneval)",
      "timestamp": 1666122418,
      "stdout": "",
      "stderr": "--------------------\nFAILURE\nname:       check-equal?\nlocation:   /tmp/tmp_vu8y_tx.rkt:16:4\nactual:     1\nexpected:   26\n--------------------\n--------------------\nFAILURE\nname:       check-equal?\nlocation:   /tmp/tmp_vu8y_tx.rkt:17:4\nactual:     1\nexpected:   48\n--------------------\n--------------------\nFAILURE\nname:       check-equal?\nlocation:   /tmp/tmp_vu8y_tx.rkt:18:4\nactual:     1\nexpected:   8\n--------------------\n",
      "exit_code": 0,
      "status": "Exception"
    },
    {
      "program": "#lang racket\n\n;; Write a rktthon function to find the sum of even factors of a number.\n(define (sumofFactors n)\n  (define (sumofFactors-iter product counter)\n    (if (> counter n)\n        product\n        (if (= (remainder counter 2) 0)\n            (sumofFactors-iter (+ product counter) (+ counter 1))\n            (sumofFactors-iter product (+ counter 1)))))\n  (sumofFactors-iter 0 1))\n\n(require rackunit)\n\n(define (test-humaneval) \n\n  (let (( candidate sumofFactors))\n    (check-equal? (candidate 18) 26)\n    (check-equal? (candidate 30) 48)\n    (check-equal? (candidate 6) 8)\n))\n\n(test-humaneval)",
      "timestamp": 1666122420,
      "stdout": "",
      "stderr": "--------------------\nFAILURE\nname:       check-equal?\nlocation:   /tmp/tmp99fotrdb.rkt:18:4\nactual:     90\nexpected:   26\n--------------------\n--------------------\nFAILURE\nname:       check-equal?\nlocation:   /tmp/tmp99fotrdb.rkt:19:4\nactual:     240\nexpected:   48\n--------------------\n--------------------\nFAILURE\nname:       check-equal?\nlocation:   /tmp/tmp99fotrdb.rkt:20:4\nactual:     12\nexpected:   8\n--------------------\n",
      "exit_code": 0,
      "status": "Exception"
    },
    {
      "program": "#lang racket\n\n;; Write a rktthon function to find the sum of even factors of a number.\n(define (sumofFactors n)\n  (define (sumofFactors-iter n i sum)\n    (cond\n      [(= i n) sum]\n      [(= 0 (modulo n i)) (sumofFactors-iter n (+ i 1) (+ sum i))]\n      [else (sumofFactors-iter n (+ i 1) sum)]))\n  (sumofFactors-iter n 1 0))\n\n(require rackunit)\n\n(define (test-humaneval) \n\n  (let (( candidate sumofFactors))\n    (check-equal? (candidate 18) 26)\n    (check-equal? (candidate 30) 48)\n    (check-equal? (candidate 6) 8)\n))\n\n(test-humaneval)",
      "timestamp": 1665509950,
      "stdout": "",
      "stderr": "--------------------\nFAILURE\nname:       check-equal?\nlocation:   /tmp/tmpthmy1s30.rkt:17:4\nactual:     21\nexpected:   26\n--------------------\n--------------------\nFAILURE\nname:       check-equal?\nlocation:   /tmp/tmpthmy1s30.rkt:18:4\nactual:     42\nexpected:   48\n--------------------\n--------------------\nFAILURE\nname:       check-equal?\nlocation:   /tmp/tmpthmy1s30.rkt:19:4\nactual:     6\nexpected:   8\n--------------------\n",
      "exit_code": 0,
      "status": "Exception"
    },
    {
      "program": "#lang racket\n\n;; Write a rktthon function to find the sum of even factors of a number.\n(define (sumofFactors n)\n  (define (sumofFactors-iter n i sum)\n    (cond\n      [(= i n) sum]\n      [(= 0 (modulo n i)) (sumofFactors-iter n (+ i 1) (+ sum i))]\n      [else (sumofFactors-iter n (+ i 1) sum)]))\n  (sumofFactors-iter n 1 0))\n\n(require rackunit)\n\n(define (test-humaneval) \n\n  (let (( candidate sumofFactors))\n    (check-equal? (candidate 18) 26)\n    (check-equal? (candidate 30) 48)\n    (check-equal? (candidate 6) 8)\n))\n\n(test-humaneval)",
      "timestamp": 1665509950,
      "stdout": "",
      "stderr": "--------------------\nFAILURE\nname:       check-equal?\nlocation:   /tmp/tmpthmy1s30.rkt:17:4\nactual:     21\nexpected:   26\n--------------------\n--------------------\nFAILURE\nname:       check-equal?\nlocation:   /tmp/tmpthmy1s30.rkt:18:4\nactual:     42\nexpected:   48\n--------------------\n--------------------\nFAILURE\nname:       check-equal?\nlocation:   /tmp/tmpthmy1s30.rkt:19:4\nactual:     6\nexpected:   8\n--------------------\n",
      "exit_code": 0,
      "status": "Exception"
    },
    {
      "program": "#lang racket\n\n;; Write a rktthon function to find the sum of even factors of a number.\n(define (sumofFactors n)\n  (define (sumofFactors-iter n i sum)\n    (cond\n      [(= i n) sum]\n      [(= 0 (modulo n i)) (sumofFactors-iter n (+ i 1) (+ sum i))]\n      [else (sumofFactors-iter n (+ i 1) sum)]))\n  (sumofFactors-iter n 1 0))\n\n(require rackunit)\n\n(define (test-humaneval) \n\n  (let (( candidate sumofFactors))\n    (check-equal? (candidate 18) 26)\n    (check-equal? (candidate 30) 48)\n    (check-equal? (candidate 6) 8)\n))\n\n(test-humaneval)",
      "timestamp": 1665509950,
      "stdout": "",
      "stderr": "--------------------\nFAILURE\nname:       check-equal?\nlocation:   /tmp/tmpthmy1s30.rkt:17:4\nactual:     21\nexpected:   26\n--------------------\n--------------------\nFAILURE\nname:       check-equal?\nlocation:   /tmp/tmpthmy1s30.rkt:18:4\nactual:     42\nexpected:   48\n--------------------\n--------------------\nFAILURE\nname:       check-equal?\nlocation:   /tmp/tmpthmy1s30.rkt:19:4\nactual:     6\nexpected:   8\n--------------------\n",
      "exit_code": 0,
      "status": "Exception"
    },
    {
      "program": "#lang racket\n\n;; Write a rktthon function to find the sum of even factors of a number.\n(define (sumofFactors n)\n  (define (sumofFactors-iter n i sum)\n    (cond ((&gt; i n) sum)\n          ((= (modulo n i) 0) (sumofFactors-iter n (+ i 1) (+ sum i)))\n          (else (sumofFactors-iter n (+ i 1) sum))))\n  (sumofFactors-iter n 1 0))\n\n(require rackunit)\n\n(define (test-humaneval) \n\n  (let (( candidate sumofFactors))\n    (check-equal? (candidate 18) 26)\n    (check-equal? (candidate 30) 48)\n    (check-equal? (candidate 6) 8)\n))\n\n(test-humaneval)",
      "timestamp": 1665509950,
      "stdout": "",
      "stderr": "/tmp/tmpvx9upky1.rkt:5:2: read-syntax: expected a `)` to close `(`\n  possible cause: indentation suggests a missing `)` before line 11\n  context...:\n   /work/arjunguha-research-group/software/racket/collects/syntax/module-reader.rkt:186:17: body\n   /work/arjunguha-research-group/software/racket/collects/syntax/module-reader.rkt:183:2: wrap-internal\n   /work/arjunguha-research-group/software/racket/collects/racket/../syntax/module-reader.rkt:67:9: wrap-internal/wrapper\n",
      "exit_code": 1,
      "status": "SyntaxError"
    },
    {
      "program": "#lang racket\n\n;; Write a rktthon function to find the sum of even factors of a number.\n(define (sumofFactors n)\n  (cond\n    [(= n 0) 0]\n    [(= n 1) 1]\n    [(even? n) (+ n (sumofFactors (- n 1)))]\n    [else (sumofFactors (- n 1))]))\n\n(require rackunit)\n\n(define (test-humaneval) \n\n  (let (( candidate sumofFactors))\n    (check-equal? (candidate 18) 26)\n    (check-equal? (candidate 30) 48)\n    (check-equal? (candidate 6) 8)\n))\n\n(test-humaneval)",
      "timestamp": 1666122420,
      "stdout": "",
      "stderr": "--------------------\nFAILURE\nname:       check-equal?\nlocation:   /tmp/tmpjhsnyg2b.rkt:16:4\nactual:     91\nexpected:   26\n--------------------\n--------------------\nFAILURE\nname:       check-equal?\nlocation:   /tmp/tmpjhsnyg2b.rkt:17:4\nactual:     241\nexpected:   48\n--------------------\n--------------------\nFAILURE\nname:       check-equal?\nlocation:   /tmp/tmpjhsnyg2b.rkt:18:4\nactual:     13\nexpected:   8\n--------------------\n",
      "exit_code": 0,
      "status": "Exception"
    },
    {
      "program": "#lang racket\n\n;; Write a rktthon function to find the sum of even factors of a number.\n(define (sumofFactors n)\n  (define (sumofFactors-iter n i)\n    (if (= i n)\n        0\n        (+ (if (= (modulo n i) 0) i 0)\n           (sumofFactors-iter n (+ i 1)))))\n  (sumofFactors-iter n 1))\n\n(require rackunit)\n\n(define (test-humaneval) \n\n  (let (( candidate sumofFactors))\n    (check-equal? (candidate 18) 26)\n    (check-equal? (candidate 30) 48)\n    (check-equal? (candidate 6) 8)\n))\n\n(test-humaneval)",
      "timestamp": 1666122420,
      "stdout": "",
      "stderr": "--------------------\nFAILURE\nname:       check-equal?\nlocation:   /tmp/tmplvbj7ioq.rkt:17:4\nactual:     21\nexpected:   26\n--------------------\n--------------------\nFAILURE\nname:       check-equal?\nlocation:   /tmp/tmplvbj7ioq.rkt:18:4\nactual:     42\nexpected:   48\n--------------------\n--------------------\nFAILURE\nname:       check-equal?\nlocation:   /tmp/tmplvbj7ioq.rkt:19:4\nactual:     6\nexpected:   8\n--------------------\n",
      "exit_code": 0,
      "status": "Exception"
    },
    {
      "program": "#lang racket\n\n;; Write a rktthon function to find the sum of even factors of a number.\n(define (sumofFactors n)\n  (define (sumofFactors-iter n i sum)\n    (cond ((= i n) sum)\n          ((= 0 (modulo n i)) (+ sum i))\n          (else (sumofFactors-iter n (+ i 1) sum))))\n  (sumofFactors-iter n 1 0))\n\n(require rackunit)\n\n(define (test-humaneval) \n\n  (let (( candidate sumofFactors))\n    (check-equal? (candidate 18) 26)\n    (check-equal? (candidate 30) 48)\n    (check-equal? (candidate 6) 8)\n))\n\n(test-humaneval)",
      "timestamp": 1666122418,
      "stdout": "",
      "stderr": "--------------------\nFAILURE\nname:       check-equal?\nlocation:   /tmp/tmp_vu8y_tx.rkt:16:4\nactual:     1\nexpected:   26\n--------------------\n--------------------\nFAILURE\nname:       check-equal?\nlocation:   /tmp/tmp_vu8y_tx.rkt:17:4\nactual:     1\nexpected:   48\n--------------------\n--------------------\nFAILURE\nname:       check-equal?\nlocation:   /tmp/tmp_vu8y_tx.rkt:18:4\nactual:     1\nexpected:   8\n--------------------\n",
      "exit_code": 0,
      "status": "Exception"
    },
    {
      "program": "#lang racket\n\n;; Write a rktthon function to find the sum of even factors of a number.\n(define (sumofFactors n)\n  (define (sumofFactors-iter i sum)\n    (if (= i n)\n        sum\n        (if (= 0 (modulo n i))\n            (sumofFactors-iter (+ i 1) (+ sum i))\n            (sumofFactors-iter (+ i 1) sum))))\n  (sumofFactors-iter 1 0))\n\n(require rackunit)\n\n(define (test-humaneval) \n\n  (let (( candidate sumofFactors))\n    (check-equal? (candidate 18) 26)\n    (check-equal? (candidate 30) 48)\n    (check-equal? (candidate 6) 8)\n))\n\n(test-humaneval)",
      "timestamp": 1666122418,
      "stdout": "",
      "stderr": "--------------------\nFAILURE\nname:       check-equal?\nlocation:   /tmp/tmpcqno5xtj.rkt:18:4\nactual:     21\nexpected:   26\n--------------------\n--------------------\nFAILURE\nname:       check-equal?\nlocation:   /tmp/tmpcqno5xtj.rkt:19:4\nactual:     42\nexpected:   48\n--------------------\n--------------------\nFAILURE\nname:       check-equal?\nlocation:   /tmp/tmpcqno5xtj.rkt:20:4\nactual:     6\nexpected:   8\n--------------------\n",
      "exit_code": 0,
      "status": "Exception"
    },
    {
      "program": "#lang racket\n\n;; Write a rktthon function to find the sum of even factors of a number.\n(define (sumofFactors n)\n  (define (sumofFactors-iter n i sum)\n    (cond\n      [(= i n) sum]\n      [(= 0 (modulo n i)) (sumofFactors-iter n (+ i 1) (+ sum i))]\n      [else (sumofFactors-iter n (+ i 1) sum)]))\n  (sumofFactors-iter n 1 0))\n\n(require rackunit)\n\n(define (test-humaneval) \n\n  (let (( candidate sumofFactors))\n    (check-equal? (candidate 18) 26)\n    (check-equal? (candidate 30) 48)\n    (check-equal? (candidate 6) 8)\n))\n\n(test-humaneval)",
      "timestamp": 1665509950,
      "stdout": "",
      "stderr": "--------------------\nFAILURE\nname:       check-equal?\nlocation:   /tmp/tmpthmy1s30.rkt:17:4\nactual:     21\nexpected:   26\n--------------------\n--------------------\nFAILURE\nname:       check-equal?\nlocation:   /tmp/tmpthmy1s30.rkt:18:4\nactual:     42\nexpected:   48\n--------------------\n--------------------\nFAILURE\nname:       check-equal?\nlocation:   /tmp/tmpthmy1s30.rkt:19:4\nactual:     6\nexpected:   8\n--------------------\n",
      "exit_code": 0,
      "status": "Exception"
    },
    {
      "program": "#lang racket\n\n;; Write a rktthon function to find the sum of even factors of a number.\n(define (sumofFactors n)\n  (define (sumofFactors-iter product counter)\n    (if (= counter n)\n        product\n        (if (= (remainder counter 2) 0)\n            (sumofFactors-iter (+ product counter) (+ counter 1))\n            (sumofFactors-iter product (+ counter 1)))))\n  (sumofFactors-iter 0 1))\n\n(require rackunit)\n\n(define (test-humaneval) \n\n  (let (( candidate sumofFactors))\n    (check-equal? (candidate 18) 26)\n    (check-equal? (candidate 30) 48)\n    (check-equal? (candidate 6) 8)\n))\n\n(test-humaneval)",
      "timestamp": 1666122420,
      "stdout": "",
      "stderr": "--------------------\nFAILURE\nname:       check-equal?\nlocation:   /tmp/tmpndbvqi38.rkt:18:4\nactual:     72\nexpected:   26\n--------------------\n--------------------\nFAILURE\nname:       check-equal?\nlocation:   /tmp/tmpndbvqi38.rkt:19:4\nactual:     210\nexpected:   48\n--------------------\n--------------------\nFAILURE\nname:       check-equal?\nlocation:   /tmp/tmpndbvqi38.rkt:20:4\nactual:     6\nexpected:   8\n--------------------\n",
      "exit_code": 0,
      "status": "Exception"
    },
    {
      "program": "#lang racket\n\n;; Write a rktthon function to find the sum of even factors of a number.\n(define (sumofFactors n)\n  (define (sumofFactors-iter n sum)\n    (if (= n 0)\n        sum\n        (if (= (remainder n 2) 0)\n            (sumofFactors-iter (- n 1) (+ sum n))\n            (sumofFactors-iter (- n 1) sum))))\n  (sumofFactors-iter n 0))\n\n(require rackunit)\n\n(define (test-humaneval) \n\n  (let (( candidate sumofFactors))\n    (check-equal? (candidate 18) 26)\n    (check-equal? (candidate 30) 48)\n    (check-equal? (candidate 6) 8)\n))\n\n(test-humaneval)",
      "timestamp": 1666122420,
      "stdout": "",
      "stderr": "--------------------\nFAILURE\nname:       check-equal?\nlocation:   /tmp/tmpjyinfsrf.rkt:18:4\nactual:     90\nexpected:   26\n--------------------\n--------------------\nFAILURE\nname:       check-equal?\nlocation:   /tmp/tmpjyinfsrf.rkt:19:4\nactual:     240\nexpected:   48\n--------------------\n--------------------\nFAILURE\nname:       check-equal?\nlocation:   /tmp/tmpjyinfsrf.rkt:20:4\nactual:     12\nexpected:   8\n--------------------\n",
      "exit_code": 0,
      "status": "Exception"
    },
    {
      "program": "#lang racket\n\n;; Write a rktthon function to find the sum of even factors of a number.\n(define (sumofFactors n)\n  (define (sumofFactors-iter n i sum)\n    (if (= i n)\n        sum\n        (if (= 0 (modulo n i))\n            (sumofFactors-iter n (+ i 1) (+ sum i))\n            (sumofFactors-iter n (+ i 1) sum))))\n  (sumofFactors-iter n 1 0))\n\n(require rackunit)\n\n(define (test-humaneval) \n\n  (let (( candidate sumofFactors))\n    (check-equal? (candidate 18) 26)\n    (check-equal? (candidate 30) 48)\n    (check-equal? (candidate 6) 8)\n))\n\n(test-humaneval)",
      "timestamp": 1666122420,
      "stdout": "",
      "stderr": "--------------------\nFAILURE\nname:       check-equal?\nlocation:   /tmp/tmprm2_q3jc.rkt:18:4\nactual:     21\nexpected:   26\n--------------------\n--------------------\nFAILURE\nname:       check-equal?\nlocation:   /tmp/tmprm2_q3jc.rkt:19:4\nactual:     42\nexpected:   48\n--------------------\n--------------------\nFAILURE\nname:       check-equal?\nlocation:   /tmp/tmprm2_q3jc.rkt:20:4\nactual:     6\nexpected:   8\n--------------------\n",
      "exit_code": 0,
      "status": "Exception"
    },
    {
      "program": "#lang racket\n\n;; Write a rktthon function to find the sum of even factors of a number.\n(define (sumofFactors n)\n  (define (sumofFactors-iter n i sum)\n    (cond ((&gt; i n) sum)\n          ((= (modulo n i) 0) (sumofFactors-iter n (+ i 1) (+ sum i)))\n          (else (sumofFactors-iter n (+ i 1) sum))))\n  (sumofFactors-iter n 2 0))\n\n(require rackunit)\n\n(define (test-humaneval) \n\n  (let (( candidate sumofFactors))\n    (check-equal? (candidate 18) 26)\n    (check-equal? (candidate 30) 48)\n    (check-equal? (candidate 6) 8)\n))\n\n(test-humaneval)",
      "timestamp": 1666122420,
      "stdout": "",
      "stderr": "/tmp/tmpmcvecvr7.rkt:5:2: read-syntax: expected a `)` to close `(`\n  possible cause: indentation suggests a missing `)` before line 11\n  context...:\n   /work/arjunguha-research-group/software/racket/collects/syntax/module-reader.rkt:186:17: body\n   /work/arjunguha-research-group/software/racket/collects/syntax/module-reader.rkt:183:2: wrap-internal\n   /work/arjunguha-research-group/software/racket/collects/racket/../syntax/module-reader.rkt:67:9: wrap-internal/wrapper\n",
      "exit_code": 1,
      "status": "SyntaxError"
    },
    {
      "program": "#lang racket\n\n;; Write a rktthon function to find the sum of even factors of a number.\n(define (sumofFactors n)\n  (define (sumofFactors-iter n i sum)\n    (cond ((&gt; i n) sum)\n          ((= (modulo n i) 0) (sumofFactors-iter n (+ i 1) (+ sum i)))\n          (else (sumofFactors-iter n (+ i 1) sum))))\n  (sumofFactors-iter n 1 0))\n\n(require rackunit)\n\n(define (test-humaneval) \n\n  (let (( candidate sumofFactors))\n    (check-equal? (candidate 18) 26)\n    (check-equal? (candidate 30) 48)\n    (check-equal? (candidate 6) 8)\n))\n\n(test-humaneval)",
      "timestamp": 1665509950,
      "stdout": "",
      "stderr": "/tmp/tmpvx9upky1.rkt:5:2: read-syntax: expected a `)` to close `(`\n  possible cause: indentation suggests a missing `)` before line 11\n  context...:\n   /work/arjunguha-research-group/software/racket/collects/syntax/module-reader.rkt:186:17: body\n   /work/arjunguha-research-group/software/racket/collects/syntax/module-reader.rkt:183:2: wrap-internal\n   /work/arjunguha-research-group/software/racket/collects/racket/../syntax/module-reader.rkt:67:9: wrap-internal/wrapper\n",
      "exit_code": 1,
      "status": "SyntaxError"
    },
    {
      "program": "#lang racket\n\n;; Write a rktthon function to find the sum of even factors of a number.\n(define (sumofFactors n)\n  (define (sumofFactors-iter n i sum)\n    (cond\n      [(= i n) sum]\n      [(= 0 (modulo n i)) (sumofFactors-iter n (+ i 1) (+ sum i))]\n      [else (sumofFactors-iter n (+ i 1) sum)]))\n  (sumofFactors-iter n 1 0))\n\n(require rackunit)\n\n(define (test-humaneval) \n\n  (let (( candidate sumofFactors))\n    (check-equal? (candidate 18) 26)\n    (check-equal? (candidate 30) 48)\n    (check-equal? (candidate 6) 8)\n))\n\n(test-humaneval)",
      "timestamp": 1665509950,
      "stdout": "",
      "stderr": "--------------------\nFAILURE\nname:       check-equal?\nlocation:   /tmp/tmpthmy1s30.rkt:17:4\nactual:     21\nexpected:   26\n--------------------\n--------------------\nFAILURE\nname:       check-equal?\nlocation:   /tmp/tmpthmy1s30.rkt:18:4\nactual:     42\nexpected:   48\n--------------------\n--------------------\nFAILURE\nname:       check-equal?\nlocation:   /tmp/tmpthmy1s30.rkt:19:4\nactual:     6\nexpected:   8\n--------------------\n",
      "exit_code": 0,
      "status": "Exception"
    },
    {
      "program": "#lang racket\n\n;; Write a rktthon function to find the sum of even factors of a number.\n(define (sumofFactors n)\n  (define (sumofFactors-iter i sum)\n    (if (= i n)\n        sum\n        (if (= (remainder i 2) 0)\n            (sumofFactors-iter (+ i 1) (+ sum i))\n            (sumofFactors-iter (+ i 1) sum))))\n  (sumofFactors-iter 1 0))\n\n(require rackunit)\n\n(define (test-humaneval) \n\n  (let (( candidate sumofFactors))\n    (check-equal? (candidate 18) 26)\n    (check-equal? (candidate 30) 48)\n    (check-equal? (candidate 6) 8)\n))\n\n(test-humaneval)",
      "timestamp": 1665509951,
      "stdout": "",
      "stderr": "--------------------\nFAILURE\nname:       check-equal?\nlocation:   /tmp/tmpwk3g_jic.rkt:18:4\nactual:     72\nexpected:   26\n--------------------\n--------------------\nFAILURE\nname:       check-equal?\nlocation:   /tmp/tmpwk3g_jic.rkt:19:4\nactual:     210\nexpected:   48\n--------------------\n--------------------\nFAILURE\nname:       check-equal?\nlocation:   /tmp/tmpwk3g_jic.rkt:20:4\nactual:     6\nexpected:   8\n--------------------\n",
      "exit_code": 0,
      "status": "Exception"
    },
    {
      "program": "#lang racket\n\n;; Write a rktthon function to find the sum of even factors of a number.\n(define (sumofFactors n)\n  (define (sumofFactors-iter n i sum)\n    (cond ((= i n) sum)\n          ((= 0 (modulo n i)) (+ sum i))\n          (else sum)))\n  (sumofFactors-iter n 1 0))\n\n(require rackunit)\n\n(define (test-humaneval) \n\n  (let (( candidate sumofFactors))\n    (check-equal? (candidate 18) 26)\n    (check-equal? (candidate 30) 48)\n    (check-equal? (candidate 6) 8)\n))\n\n(test-humaneval)",
      "timestamp": 1665509951,
      "stdout": "",
      "stderr": "--------------------\nFAILURE\nname:       check-equal?\nlocation:   /tmp/tmpzd20vzn0.rkt:16:4\nactual:     1\nexpected:   26\n--------------------\n--------------------\nFAILURE\nname:       check-equal?\nlocation:   /tmp/tmpzd20vzn0.rkt:17:4\nactual:     1\nexpected:   48\n--------------------\n--------------------\nFAILURE\nname:       check-equal?\nlocation:   /tmp/tmpzd20vzn0.rkt:18:4\nactual:     1\nexpected:   8\n--------------------\n",
      "exit_code": 0,
      "status": "Exception"
    },
    {
      "program": "#lang racket\n\n;; Write a rktthon function to find the sum of even factors of a number.\n(define (sumofFactors n)\n  (define (sumofFactors-iter n i)\n    (cond ((= i n) 0)\n          ((= 0 (modulo n i)) (+ i (sumofFactors-iter n (+ i 1))))\n          (else (sumofFactors-iter n (+ i 1)))))\n  (sumofFactors-iter n 1))\n\n(require rackunit)\n\n(define (test-humaneval) \n\n  (let (( candidate sumofFactors))\n    (check-equal? (candidate 18) 26)\n    (check-equal? (candidate 30) 48)\n    (check-equal? (candidate 6) 8)\n))\n\n(test-humaneval)",
      "timestamp": 1665509951,
      "stdout": "",
      "stderr": "--------------------\nFAILURE\nname:       check-equal?\nlocation:   /tmp/tmpb9h0eg68.rkt:16:4\nactual:     21\nexpected:   26\n--------------------\n--------------------\nFAILURE\nname:       check-equal?\nlocation:   /tmp/tmpb9h0eg68.rkt:17:4\nactual:     42\nexpected:   48\n--------------------\n--------------------\nFAILURE\nname:       check-equal?\nlocation:   /tmp/tmpb9h0eg68.rkt:18:4\nactual:     6\nexpected:   8\n--------------------\n",
      "exit_code": 0,
      "status": "Exception"
    },
    {
      "program": "#lang racket\n\n;; Write a rktthon function to find the sum of even factors of a number.\n(define (sumofFactors n)\n  (define (sumofFactors-iter i acc)\n    (cond ((&gt; i n) acc)\n          ((= (remainder n i) 0) (sumofFactors-iter (+ i 1) (+ acc i)))\n          (else (sumofFactors-iter (+ i 1) acc))))\n  (sumofFactors-iter 1 0))\n\n(require rackunit)\n\n(define (test-humaneval) \n\n  (let (( candidate sumofFactors))\n    (check-equal? (candidate 18) 26)\n    (check-equal? (candidate 30) 48)\n    (check-equal? (candidate 6) 8)\n))\n\n(test-humaneval)",
      "timestamp": 1666122419,
      "stdout": "",
      "stderr": "/tmp/tmp6fpo51pj.rkt:5:2: read-syntax: expected a `)` to close `(`\n  possible cause: indentation suggests a missing `)` before line 11\n  context...:\n   /work/arjunguha-research-group/software/racket/collects/syntax/module-reader.rkt:186:17: body\n   /work/arjunguha-research-group/software/racket/collects/syntax/module-reader.rkt:183:2: wrap-internal\n   /work/arjunguha-research-group/software/racket/collects/racket/../syntax/module-reader.rkt:67:9: wrap-internal/wrapper\n",
      "exit_code": 1,
      "status": "SyntaxError"
    },
    {
      "program": "#lang racket\n\n;; Write a rktthon function to find the sum of even factors of a number.\n(define (sumofFactors n)\n  (define (sumofFactors-iter i)\n    (if (= i n)\n        0\n        (if (= 0 (modulo n i))\n            (+ i (sumofFactors-iter (+ i 1)))\n            (sumofFactors-iter (+ i 1)))))\n  (sumofFactors-iter 1))\n\n(require rackunit)\n\n(define (test-humaneval) \n\n  (let (( candidate sumofFactors))\n    (check-equal? (candidate 18) 26)\n    (check-equal? (candidate 30) 48)\n    (check-equal? (candidate 6) 8)\n))\n\n(test-humaneval)",
      "timestamp": 1666122421,
      "stdout": "",
      "stderr": "--------------------\nFAILURE\nname:       check-equal?\nlocation:   /tmp/tmp2b6sdc69.rkt:18:4\nactual:     21\nexpected:   26\n--------------------\n--------------------\nFAILURE\nname:       check-equal?\nlocation:   /tmp/tmp2b6sdc69.rkt:19:4\nactual:     42\nexpected:   48\n--------------------\n--------------------\nFAILURE\nname:       check-equal?\nlocation:   /tmp/tmp2b6sdc69.rkt:20:4\nactual:     6\nexpected:   8\n--------------------\n",
      "exit_code": 0,
      "status": "Exception"
    },
    {
      "program": "#lang racket\n\n;; Write a rktthon function to find the sum of even factors of a number.\n(define (sumofFactors n)\n  (define (sumofFactors-iter n i sum)\n    (cond\n      [(= i n) sum]\n      [(= 0 (modulo n i)) (sumofFactors-iter n (+ i 1) (+ sum i))]\n      [else (sumofFactors-iter n (+ i 1) sum)]))\n  (sumofFactors-iter n 1 0))\n\n(require rackunit)\n\n(define (test-humaneval) \n\n  (let (( candidate sumofFactors))\n    (check-equal? (candidate 18) 26)\n    (check-equal? (candidate 30) 48)\n    (check-equal? (candidate 6) 8)\n))\n\n(test-humaneval)",
      "timestamp": 1665509950,
      "stdout": "",
      "stderr": "--------------------\nFAILURE\nname:       check-equal?\nlocation:   /tmp/tmpthmy1s30.rkt:17:4\nactual:     21\nexpected:   26\n--------------------\n--------------------\nFAILURE\nname:       check-equal?\nlocation:   /tmp/tmpthmy1s30.rkt:18:4\nactual:     42\nexpected:   48\n--------------------\n--------------------\nFAILURE\nname:       check-equal?\nlocation:   /tmp/tmpthmy1s30.rkt:19:4\nactual:     6\nexpected:   8\n--------------------\n",
      "exit_code": 0,
      "status": "Exception"
    },
    {
      "program": "#lang racket\n\n;; Write a rktthon function to find the sum of even factors of a number.\n(define (sumofFactors n)\n  (define (sumofFactors-iter product counter)\n    (if (> counter n)\n        product\n        (if (= 0 (modulo n counter))\n            (sumofFactors-iter (+ product counter) (+ counter 1))\n            (sumofFactors-iter product (+ counter 1)))))\n  (sumofFactors-iter 0 1))\n\n(require rackunit)\n\n(define (test-humaneval) \n\n  (let (( candidate sumofFactors))\n    (check-equal? (candidate 18) 26)\n    (check-equal? (candidate 30) 48)\n    (check-equal? (candidate 6) 8)\n))\n\n(test-humaneval)",
      "timestamp": 1666122421,
      "stdout": "",
      "stderr": "--------------------\nFAILURE\nname:       check-equal?\nlocation:   /tmp/tmpqj1oq40y.rkt:18:4\nactual:     39\nexpected:   26\n--------------------\n--------------------\nFAILURE\nname:       check-equal?\nlocation:   /tmp/tmpqj1oq40y.rkt:19:4\nactual:     72\nexpected:   48\n--------------------\n--------------------\nFAILURE\nname:       check-equal?\nlocation:   /tmp/tmpqj1oq40y.rkt:20:4\nactual:     12\nexpected:   8\n--------------------\n",
      "exit_code": 0,
      "status": "Exception"
    },
    {
      "program": "#lang racket\n\n;; Write a rktthon function to find the sum of even factors of a number.\n(define (sumofFactors n)\n  (define (sumofFactors-iter n i sum)\n    (cond\n      [(= i n) sum]\n      [(= 0 (modulo n i)) (sumofFactors-iter n (+ i 1) (+ sum i))]\n      [else (sumofFactors-iter n (+ i 1) sum)]))\n  (sumofFactors-iter n 1 0))\n\n(require rackunit)\n\n(define (test-humaneval) \n\n  (let (( candidate sumofFactors))\n    (check-equal? (candidate 18) 26)\n    (check-equal? (candidate 30) 48)\n    (check-equal? (candidate 6) 8)\n))\n\n(test-humaneval)",
      "timestamp": 1665509950,
      "stdout": "",
      "stderr": "--------------------\nFAILURE\nname:       check-equal?\nlocation:   /tmp/tmpthmy1s30.rkt:17:4\nactual:     21\nexpected:   26\n--------------------\n--------------------\nFAILURE\nname:       check-equal?\nlocation:   /tmp/tmpthmy1s30.rkt:18:4\nactual:     42\nexpected:   48\n--------------------\n--------------------\nFAILURE\nname:       check-equal?\nlocation:   /tmp/tmpthmy1s30.rkt:19:4\nactual:     6\nexpected:   8\n--------------------\n",
      "exit_code": 0,
      "status": "Exception"
    },
    {
      "program": "#lang racket\n\n;; Write a rktthon function to find the sum of even factors of a number.\n(define (sumofFactors n)\n  (define (sumofFactors-iter n i sum)\n    (cond\n      [(= i n) sum]\n      [(= 0 (modulo n i)) (sumofFactors-iter n (+ i 1) (+ sum i))]\n      [else (sumofFactors-iter n (+ i 1) sum)]))\n  (sumofFactors-iter n 1 0))\n\n(require rackunit)\n\n(define (test-humaneval) \n\n  (let (( candidate sumofFactors))\n    (check-equal? (candidate 18) 26)\n    (check-equal? (candidate 30) 48)\n    (check-equal? (candidate 6) 8)\n))\n\n(test-humaneval)",
      "timestamp": 1665509950,
      "stdout": "",
      "stderr": "--------------------\nFAILURE\nname:       check-equal?\nlocation:   /tmp/tmpthmy1s30.rkt:17:4\nactual:     21\nexpected:   26\n--------------------\n--------------------\nFAILURE\nname:       check-equal?\nlocation:   /tmp/tmpthmy1s30.rkt:18:4\nactual:     42\nexpected:   48\n--------------------\n--------------------\nFAILURE\nname:       check-equal?\nlocation:   /tmp/tmpthmy1s30.rkt:19:4\nactual:     6\nexpected:   8\n--------------------\n",
      "exit_code": 0,
      "status": "Exception"
    },
    {
      "program": "#lang racket\n\n;; Write a rktthon function to find the sum of even factors of a number.\n(define (sumofFactors n)\n  (define (sumofFactors-iter n i sum)\n    (if (&gt; i n)\n        sum\n        (if (= (modulo n i) 0)\n            (sumofFactors-iter n (+ i 1) (+ sum i))\n            (sumofFactors-iter n (+ i 1) sum))))\n  (sumofFactors-iter n 1 0))\n\n(require rackunit)\n\n(define (test-humaneval) \n\n  (let (( candidate sumofFactors))\n    (check-equal? (candidate 18) 26)\n    (check-equal? (candidate 30) 48)\n    (check-equal? (candidate 6) 8)\n))\n\n(test-humaneval)",
      "timestamp": 1666122420,
      "stdout": "",
      "stderr": "/tmp/tmp2aqa38ce.rkt:4:0: read-syntax: expected a `)` to close `(`\n  possible cause: indentation suggests a missing `)` before line 13\n  context...:\n   /work/arjunguha-research-group/software/racket/collects/syntax/module-reader.rkt:186:17: body\n   /work/arjunguha-research-group/software/racket/collects/syntax/module-reader.rkt:183:2: wrap-internal\n   /work/arjunguha-research-group/software/racket/collects/racket/../syntax/module-reader.rkt:67:9: wrap-internal/wrapper\n",
      "exit_code": 1,
      "status": "SyntaxError"
    },
    {
      "program": "#lang racket\n\n;; Write a rktthon function to find the sum of even factors of a number.\n(define (sumofFactors n)\n  (define (sumofFactors-iter n i sum)\n    (cond ((= i n) sum)\n          ((= 0 (modulo n i)) (+ sum i))\n          (else (sumofFactors-iter n (+ i 1) sum))))\n  (sumofFactors-iter n 1 0))\n\n(require rackunit)\n\n(define (test-humaneval) \n\n  (let (( candidate sumofFactors))\n    (check-equal? (candidate 18) 26)\n    (check-equal? (candidate 30) 48)\n    (check-equal? (candidate 6) 8)\n))\n\n(test-humaneval)",
      "timestamp": 1666122418,
      "stdout": "",
      "stderr": "--------------------\nFAILURE\nname:       check-equal?\nlocation:   /tmp/tmp_vu8y_tx.rkt:16:4\nactual:     1\nexpected:   26\n--------------------\n--------------------\nFAILURE\nname:       check-equal?\nlocation:   /tmp/tmp_vu8y_tx.rkt:17:4\nactual:     1\nexpected:   48\n--------------------\n--------------------\nFAILURE\nname:       check-equal?\nlocation:   /tmp/tmp_vu8y_tx.rkt:18:4\nactual:     1\nexpected:   8\n--------------------\n",
      "exit_code": 0,
      "status": "Exception"
    },
    {
      "program": "#lang racket\n\n;; Write a rktthon function to find the sum of even factors of a number.\n(define (sumofFactors n)\n  (define (sumofFactors-iter n i sum)\n    (cond\n      [(= i n) sum]\n      [(= 0 (modulo n i)) (sumofFactors-iter n (+ i 1) (+ sum i))]\n      [else (sumofFactors-iter n (+ i 1) sum)]))\n  (sumofFactors-iter n 1 0))\n\n(require rackunit)\n\n(define (test-humaneval) \n\n  (let (( candidate sumofFactors))\n    (check-equal? (candidate 18) 26)\n    (check-equal? (candidate 30) 48)\n    (check-equal? (candidate 6) 8)\n))\n\n(test-humaneval)",
      "timestamp": 1665509950,
      "stdout": "",
      "stderr": "--------------------\nFAILURE\nname:       check-equal?\nlocation:   /tmp/tmpthmy1s30.rkt:17:4\nactual:     21\nexpected:   26\n--------------------\n--------------------\nFAILURE\nname:       check-equal?\nlocation:   /tmp/tmpthmy1s30.rkt:18:4\nactual:     42\nexpected:   48\n--------------------\n--------------------\nFAILURE\nname:       check-equal?\nlocation:   /tmp/tmpthmy1s30.rkt:19:4\nactual:     6\nexpected:   8\n--------------------\n",
      "exit_code": 0,
      "status": "Exception"
    }
  ]
}