{
  "name": "mbpp_453_sumofFactors",
  "language": "rkt",
  "prompt": "#lang racket\n\n;; Write a python function to find the sum of even factors of a number.\n(define (sumofFactors n)\n",
  "doctests": "keep",
  "original": "/home/arjun/repos/MultiPL-E/datasets/../datasets/mbpp-typed/mbpp_453_sumofFactors.py",
  "prompt_terminology": "verbatim",
  "tests": "(require rackunit)\n\n(define (test-humaneval) \n\n  (let (( candidate sumofFactors))\n    (check-equal? (candidate 18) 26)\n    (check-equal? (candidate 30) 48)\n    (check-equal? (candidate 6) 8)\n))\n\n(test-humaneval)",
  "stop_tokens": [
    "\n(define ",
    "\n#|",
    "\n;",
    "\n("
  ],
  "results": [
    {
      "program": "#lang racket\n\n;; Write a python function to find the sum of even factors of a number.\n(define (sumofFactors n)\n  (define (sumofFactors-iter n i sum)\n    (cond\n      [(= i n) sum]\n      [(= 0 (modulo n i)) (sumofFactors-iter n (+ i 1) (+ sum i))]\n      [else (sumofFactors-iter n (+ i 1) sum)]))\n  (sumofFactors-iter n 1 0))\n\n(require rackunit)\n\n(define (test-humaneval) \n\n  (let (( candidate sumofFactors))\n    (check-equal? (candidate 18) 26)\n    (check-equal? (candidate 30) 48)\n    (check-equal? (candidate 6) 8)\n))\n\n(test-humaneval)",
      "timestamp": 1665509952,
      "stdout": "",
      "stderr": "--------------------\nFAILURE\nname:       check-equal?\nlocation:   /tmp/tmp7lqo10cx.rkt:17:4\nactual:     21\nexpected:   26\n--------------------\n--------------------\nFAILURE\nname:       check-equal?\nlocation:   /tmp/tmp7lqo10cx.rkt:18:4\nactual:     42\nexpected:   48\n--------------------\n--------------------\nFAILURE\nname:       check-equal?\nlocation:   /tmp/tmp7lqo10cx.rkt:19:4\nactual:     6\nexpected:   8\n--------------------\n",
      "exit_code": 0,
      "status": "Exception"
    },
    {
      "program": "#lang racket\n\n;; Write a python function to find the sum of even factors of a number.\n(define (sumofFactors n)\n  (define (sumofFactors-iter n i sum)\n    (cond\n      [(= i n) sum]\n      [(= 0 (modulo n i)) (sumofFactors-iter n (+ i 1) (+ sum i))]\n      [else (sumofFactors-iter n (+ i 1) sum)]))\n  (sumofFactors-iter n 1 0))\n\n(require rackunit)\n\n(define (test-humaneval) \n\n  (let (( candidate sumofFactors))\n    (check-equal? (candidate 18) 26)\n    (check-equal? (candidate 30) 48)\n    (check-equal? (candidate 6) 8)\n))\n\n(test-humaneval)",
      "timestamp": 1665509952,
      "stdout": "",
      "stderr": "--------------------\nFAILURE\nname:       check-equal?\nlocation:   /tmp/tmp7lqo10cx.rkt:17:4\nactual:     21\nexpected:   26\n--------------------\n--------------------\nFAILURE\nname:       check-equal?\nlocation:   /tmp/tmp7lqo10cx.rkt:18:4\nactual:     42\nexpected:   48\n--------------------\n--------------------\nFAILURE\nname:       check-equal?\nlocation:   /tmp/tmp7lqo10cx.rkt:19:4\nactual:     6\nexpected:   8\n--------------------\n",
      "exit_code": 0,
      "status": "Exception"
    },
    {
      "program": "#lang racket\n\n;; Write a python function to find the sum of even factors of a number.\n(define (sumofFactors n)\n  (define (sumofFactors-iter n i sum)\n    (cond ((&gt; i n) sum)\n          ((= (remainder n i) 0) (sumofFactors-iter n (+ i 1) (+ sum i)))\n          (else (sumofFactors-iter n (+ i 1) sum))))\n  (sumofFactors-iter n 1 0))\n\n(require rackunit)\n\n(define (test-humaneval) \n\n  (let (( candidate sumofFactors))\n    (check-equal? (candidate 18) 26)\n    (check-equal? (candidate 30) 48)\n    (check-equal? (candidate 6) 8)\n))\n\n(test-humaneval)",
      "timestamp": 1665509951,
      "stdout": "",
      "stderr": "/tmp/tmp2x0bro2f.rkt:5:2: read-syntax: expected a `)` to close `(`\n  possible cause: indentation suggests a missing `)` before line 11\n  context...:\n   /work/arjunguha-research-group/software/racket/collects/syntax/module-reader.rkt:186:17: body\n   /work/arjunguha-research-group/software/racket/collects/syntax/module-reader.rkt:183:2: wrap-internal\n   /work/arjunguha-research-group/software/racket/collects/racket/../syntax/module-reader.rkt:67:9: wrap-internal/wrapper\n",
      "exit_code": 1,
      "status": "SyntaxError"
    },
    {
      "program": "#lang racket\n\n;; Write a python function to find the sum of even factors of a number.\n(define (sumofFactors n)\n  (define (sumofFactors-iter n i)\n    (cond ((&gt; i n) 0)\n          ((= (remainder n i) 0) (+ i (sumofFactors-iter n (+ i 1))))\n          (else (sumofFactors-iter n (+ i 1)))))\n  (sumofFactors-iter n 1))\n\n(require rackunit)\n\n(define (test-humaneval) \n\n  (let (( candidate sumofFactors))\n    (check-equal? (candidate 18) 26)\n    (check-equal? (candidate 30) 48)\n    (check-equal? (candidate 6) 8)\n))\n\n(test-humaneval)",
      "timestamp": 1665509951,
      "stdout": "",
      "stderr": "/tmp/tmpbbv0qci6.rkt:5:2: read-syntax: expected a `)` to close `(`\n  possible cause: indentation suggests a missing `)` before line 11\n  context...:\n   /work/arjunguha-research-group/software/racket/collects/syntax/module-reader.rkt:186:17: body\n   /work/arjunguha-research-group/software/racket/collects/syntax/module-reader.rkt:183:2: wrap-internal\n   /work/arjunguha-research-group/software/racket/collects/racket/../syntax/module-reader.rkt:67:9: wrap-internal/wrapper\n",
      "exit_code": 1,
      "status": "SyntaxError"
    },
    {
      "program": "#lang racket\n\n;; Write a python function to find the sum of even factors of a number.\n(define (sumofFactors n)\n  (define (sumofFactors-iter n i sum)\n    (cond ((&gt; i n) sum)\n          ((= (modulo n i) 0) (sumofFactors-iter n (+ i 1) (+ sum i)))\n          (else (sumofFactors-iter n (+ i 1) sum))))\n  (sumofFactors-iter n 2 0))\n\n(require rackunit)\n\n(define (test-humaneval) \n\n  (let (( candidate sumofFactors))\n    (check-equal? (candidate 18) 26)\n    (check-equal? (candidate 30) 48)\n    (check-equal? (candidate 6) 8)\n))\n\n(test-humaneval)",
      "timestamp": 1665509951,
      "stdout": "",
      "stderr": "/tmp/tmpa0hgpdtb.rkt:5:2: read-syntax: expected a `)` to close `(`\n  possible cause: indentation suggests a missing `)` before line 11\n  context...:\n   /work/arjunguha-research-group/software/racket/collects/syntax/module-reader.rkt:186:17: body\n   /work/arjunguha-research-group/software/racket/collects/syntax/module-reader.rkt:183:2: wrap-internal\n   /work/arjunguha-research-group/software/racket/collects/racket/../syntax/module-reader.rkt:67:9: wrap-internal/wrapper\n",
      "exit_code": 1,
      "status": "SyntaxError"
    },
    {
      "program": "#lang racket\n\n;; Write a python function to find the sum of even factors of a number.\n(define (sumofFactors n)\n  (define (sumofFactors-iter n i)\n    (cond [(= i n) 0]\n          [(= (modulo n i) 0) (+ i (sumofFactors-iter n (+ i 1)))]\n          [else (sumofFactors-iter n (+ i 1))]))\n  (sumofFactors-iter n 1))\n\n(require rackunit)\n\n(define (test-humaneval) \n\n  (let (( candidate sumofFactors))\n    (check-equal? (candidate 18) 26)\n    (check-equal? (candidate 30) 48)\n    (check-equal? (candidate 6) 8)\n))\n\n(test-humaneval)",
      "timestamp": 1665509952,
      "stdout": "",
      "stderr": "--------------------\nFAILURE\nname:       check-equal?\nlocation:   /tmp/tmp8gw8rjys.rkt:16:4\nactual:     21\nexpected:   26\n--------------------\n--------------------\nFAILURE\nname:       check-equal?\nlocation:   /tmp/tmp8gw8rjys.rkt:17:4\nactual:     42\nexpected:   48\n--------------------\n--------------------\nFAILURE\nname:       check-equal?\nlocation:   /tmp/tmp8gw8rjys.rkt:18:4\nactual:     6\nexpected:   8\n--------------------\n",
      "exit_code": 0,
      "status": "Exception"
    },
    {
      "program": "#lang racket\n\n;; Write a python function to find the sum of even factors of a number.\n(define (sumofFactors n)\n  (define (helper n i)\n    (cond\n      [(= i n) 0]\n      [(= (remainder n i) 0) (+ i (helper n (+ i 1)))]\n      [else (helper n (+ i 1))]))\n  (helper n 1))\n\n(require rackunit)\n\n(define (test-humaneval) \n\n  (let (( candidate sumofFactors))\n    (check-equal? (candidate 18) 26)\n    (check-equal? (candidate 30) 48)\n    (check-equal? (candidate 6) 8)\n))\n\n(test-humaneval)",
      "timestamp": 1665509952,
      "stdout": "",
      "stderr": "--------------------\nFAILURE\nname:       check-equal?\nlocation:   /tmp/tmpecd0mi1b.rkt:17:4\nactual:     21\nexpected:   26\n--------------------\n--------------------\nFAILURE\nname:       check-equal?\nlocation:   /tmp/tmpecd0mi1b.rkt:18:4\nactual:     42\nexpected:   48\n--------------------\n--------------------\nFAILURE\nname:       check-equal?\nlocation:   /tmp/tmpecd0mi1b.rkt:19:4\nactual:     6\nexpected:   8\n--------------------\n",
      "exit_code": 0,
      "status": "Exception"
    },
    {
      "program": "#lang racket\n\n;; Write a python function to find the sum of even factors of a number.\n(define (sumofFactors n)\n  (define (sumofFactors-iter n i sum)\n    (cond\n      [(= i n) sum]\n      [(= 0 (modulo n i)) (sumofFactors-iter n (+ i 1) (+ sum i))]\n      [else (sumofFactors-iter n (+ i 1) sum)]))\n  (sumofFactors-iter n 1 0))\n\n(require rackunit)\n\n(define (test-humaneval) \n\n  (let (( candidate sumofFactors))\n    (check-equal? (candidate 18) 26)\n    (check-equal? (candidate 30) 48)\n    (check-equal? (candidate 6) 8)\n))\n\n(test-humaneval)",
      "timestamp": 1665509952,
      "stdout": "",
      "stderr": "--------------------\nFAILURE\nname:       check-equal?\nlocation:   /tmp/tmp7lqo10cx.rkt:17:4\nactual:     21\nexpected:   26\n--------------------\n--------------------\nFAILURE\nname:       check-equal?\nlocation:   /tmp/tmp7lqo10cx.rkt:18:4\nactual:     42\nexpected:   48\n--------------------\n--------------------\nFAILURE\nname:       check-equal?\nlocation:   /tmp/tmp7lqo10cx.rkt:19:4\nactual:     6\nexpected:   8\n--------------------\n",
      "exit_code": 0,
      "status": "Exception"
    },
    {
      "program": "#lang racket\n\n;; Write a python function to find the sum of even factors of a number.\n(define (sumofFactors n)\n  (define (sumofFactors-iter n i)\n    (cond ((&gt; i n) 0)\n          ((= (modulo n i) 0) (+ i (sumofFactors-iter n (+ i 1))))\n          (else (sumofFactors-iter n (+ i 1)))))\n  (sumofFactors-iter n 1))\n\n(require rackunit)\n\n(define (test-humaneval) \n\n  (let (( candidate sumofFactors))\n    (check-equal? (candidate 18) 26)\n    (check-equal? (candidate 30) 48)\n    (check-equal? (candidate 6) 8)\n))\n\n(test-humaneval)",
      "timestamp": 1665509952,
      "stdout": "",
      "stderr": "/tmp/tmp_rky8tjb.rkt:5:2: read-syntax: expected a `)` to close `(`\n  possible cause: indentation suggests a missing `)` before line 11\n  context...:\n   /work/arjunguha-research-group/software/racket/collects/syntax/module-reader.rkt:186:17: body\n   /work/arjunguha-research-group/software/racket/collects/syntax/module-reader.rkt:183:2: wrap-internal\n   /work/arjunguha-research-group/software/racket/collects/racket/../syntax/module-reader.rkt:67:9: wrap-internal/wrapper\n",
      "exit_code": 1,
      "status": "SyntaxError"
    },
    {
      "program": "#lang racket\n\n;; Write a python function to find the sum of even factors of a number.\n(define (sumofFactors n)\n  (define (sumofFactors-iter n i sum)\n    (cond\n      [(= i n) sum]\n      [(= 0 (modulo n i)) (sumofFactors-iter n (+ i 1) (+ sum i))]\n      [else (sumofFactors-iter n (+ i 1) sum)]))\n  (sumofFactors-iter n 1 0))\n\n(require rackunit)\n\n(define (test-humaneval) \n\n  (let (( candidate sumofFactors))\n    (check-equal? (candidate 18) 26)\n    (check-equal? (candidate 30) 48)\n    (check-equal? (candidate 6) 8)\n))\n\n(test-humaneval)",
      "timestamp": 1665509952,
      "stdout": "",
      "stderr": "--------------------\nFAILURE\nname:       check-equal?\nlocation:   /tmp/tmp7lqo10cx.rkt:17:4\nactual:     21\nexpected:   26\n--------------------\n--------------------\nFAILURE\nname:       check-equal?\nlocation:   /tmp/tmp7lqo10cx.rkt:18:4\nactual:     42\nexpected:   48\n--------------------\n--------------------\nFAILURE\nname:       check-equal?\nlocation:   /tmp/tmp7lqo10cx.rkt:19:4\nactual:     6\nexpected:   8\n--------------------\n",
      "exit_code": 0,
      "status": "Exception"
    },
    {
      "program": "#lang racket\n\n;; Write a python function to find the sum of even factors of a number.\n(define (sumofFactors n)\n  (define (sumofFactors-iter n i sum)\n    (cond\n      [(= i n) sum]\n      [(= 0 (modulo n i)) (sumofFactors-iter n (+ i 1) (+ sum i))]\n      [else (sumofFactors-iter n (+ i 1) sum)]))\n  (sumofFactors-iter n 1 0))\n\n(require rackunit)\n\n(define (test-humaneval) \n\n  (let (( candidate sumofFactors))\n    (check-equal? (candidate 18) 26)\n    (check-equal? (candidate 30) 48)\n    (check-equal? (candidate 6) 8)\n))\n\n(test-humaneval)",
      "timestamp": 1665509952,
      "stdout": "",
      "stderr": "--------------------\nFAILURE\nname:       check-equal?\nlocation:   /tmp/tmp7lqo10cx.rkt:17:4\nactual:     21\nexpected:   26\n--------------------\n--------------------\nFAILURE\nname:       check-equal?\nlocation:   /tmp/tmp7lqo10cx.rkt:18:4\nactual:     42\nexpected:   48\n--------------------\n--------------------\nFAILURE\nname:       check-equal?\nlocation:   /tmp/tmp7lqo10cx.rkt:19:4\nactual:     6\nexpected:   8\n--------------------\n",
      "exit_code": 0,
      "status": "Exception"
    },
    {
      "program": "#lang racket\n\n;; Write a python function to find the sum of even factors of a number.\n(define (sumofFactors n)\n  (define (sumofFactors-iter n i sum)\n    (cond\n      [(= i n) sum]\n      [(= 0 (modulo n i)) (sumofFactors-iter n (+ i 1) (+ sum i))]\n      [else (sumofFactors-iter n (+ i 1) sum)]))\n  (sumofFactors-iter n 1 0))\n\n(require rackunit)\n\n(define (test-humaneval) \n\n  (let (( candidate sumofFactors))\n    (check-equal? (candidate 18) 26)\n    (check-equal? (candidate 30) 48)\n    (check-equal? (candidate 6) 8)\n))\n\n(test-humaneval)",
      "timestamp": 1665509952,
      "stdout": "",
      "stderr": "--------------------\nFAILURE\nname:       check-equal?\nlocation:   /tmp/tmp7lqo10cx.rkt:17:4\nactual:     21\nexpected:   26\n--------------------\n--------------------\nFAILURE\nname:       check-equal?\nlocation:   /tmp/tmp7lqo10cx.rkt:18:4\nactual:     42\nexpected:   48\n--------------------\n--------------------\nFAILURE\nname:       check-equal?\nlocation:   /tmp/tmp7lqo10cx.rkt:19:4\nactual:     6\nexpected:   8\n--------------------\n",
      "exit_code": 0,
      "status": "Exception"
    },
    {
      "program": "#lang racket\n\n;; Write a python function to find the sum of even factors of a number.\n(define (sumofFactors n)\n  (define (sumofFactors-iter n i)\n    (cond\n      [(= i n) 0]\n      [(= (modulo n i) 0) (+ i (sumofFactors-iter n (+ i 1)))]\n      [else (sumofFactors-iter n (+ i 1))]))\n  (sumofFactors-iter n 1))\n\n(require rackunit)\n\n(define (test-humaneval) \n\n  (let (( candidate sumofFactors))\n    (check-equal? (candidate 18) 26)\n    (check-equal? (candidate 30) 48)\n    (check-equal? (candidate 6) 8)\n))\n\n(test-humaneval)",
      "timestamp": 1665509952,
      "stdout": "",
      "stderr": "--------------------\nFAILURE\nname:       check-equal?\nlocation:   /tmp/tmpw1k4djp_.rkt:17:4\nactual:     21\nexpected:   26\n--------------------\n--------------------\nFAILURE\nname:       check-equal?\nlocation:   /tmp/tmpw1k4djp_.rkt:18:4\nactual:     42\nexpected:   48\n--------------------\n--------------------\nFAILURE\nname:       check-equal?\nlocation:   /tmp/tmpw1k4djp_.rkt:19:4\nactual:     6\nexpected:   8\n--------------------\n",
      "exit_code": 0,
      "status": "Exception"
    },
    {
      "program": "#lang racket\n\n;; Write a python function to find the sum of even factors of a number.\n(define (sumofFactors n)\n  (define (sumofFactors-iter n i sum)\n    (cond ((= i n) sum)\n          ((= 0 (modulo n i)) (+ sum i))\n          (else (sumofFactors-iter n (+ i 1) sum))))\n  (sumofFactors-iter n 1 0))\n\n(require rackunit)\n\n(define (test-humaneval) \n\n  (let (( candidate sumofFactors))\n    (check-equal? (candidate 18) 26)\n    (check-equal? (candidate 30) 48)\n    (check-equal? (candidate 6) 8)\n))\n\n(test-humaneval)",
      "timestamp": 1665509952,
      "stdout": "",
      "stderr": "--------------------\nFAILURE\nname:       check-equal?\nlocation:   /tmp/tmppla7pdc_.rkt:16:4\nactual:     1\nexpected:   26\n--------------------\n--------------------\nFAILURE\nname:       check-equal?\nlocation:   /tmp/tmppla7pdc_.rkt:17:4\nactual:     1\nexpected:   48\n--------------------\n--------------------\nFAILURE\nname:       check-equal?\nlocation:   /tmp/tmppla7pdc_.rkt:18:4\nactual:     1\nexpected:   8\n--------------------\n",
      "exit_code": 0,
      "status": "Exception"
    },
    {
      "program": "#lang racket\n\n;; Write a python function to find the sum of even factors of a number.\n(define (sumofFactors n)\n  (define (sumofFactors-iter n i sum)\n    (cond\n      [(= i n) sum]\n      [(even? i) (sumofFactors-iter n (+ i 1) (+ sum i))]\n      [else (sumofFactors-iter n (+ i 1) sum)]))\n  (sumofFactors-iter n 1 0))\n\n(require rackunit)\n\n(define (test-humaneval) \n\n  (let (( candidate sumofFactors))\n    (check-equal? (candidate 18) 26)\n    (check-equal? (candidate 30) 48)\n    (check-equal? (candidate 6) 8)\n))\n\n(test-humaneval)",
      "timestamp": 1665509952,
      "stdout": "",
      "stderr": "--------------------\nFAILURE\nname:       check-equal?\nlocation:   /tmp/tmpwj910etf.rkt:17:4\nactual:     72\nexpected:   26\n--------------------\n--------------------\nFAILURE\nname:       check-equal?\nlocation:   /tmp/tmpwj910etf.rkt:18:4\nactual:     210\nexpected:   48\n--------------------\n--------------------\nFAILURE\nname:       check-equal?\nlocation:   /tmp/tmpwj910etf.rkt:19:4\nactual:     6\nexpected:   8\n--------------------\n",
      "exit_code": 0,
      "status": "Exception"
    },
    {
      "program": "#lang racket\n\n;; Write a python function to find the sum of even factors of a number.\n(define (sumofFactors n)\n  (define (sumofFactors-iter n i sum)\n    (cond\n      [(= i n) sum]\n      [(= 0 (modulo n i)) (sumofFactors-iter n (+ i 1) (+ sum i))]\n      [else (sumofFactors-iter n (+ i 1) sum)]))\n  (sumofFactors-iter n 1 0))\n\n(require rackunit)\n\n(define (test-humaneval) \n\n  (let (( candidate sumofFactors))\n    (check-equal? (candidate 18) 26)\n    (check-equal? (candidate 30) 48)\n    (check-equal? (candidate 6) 8)\n))\n\n(test-humaneval)",
      "timestamp": 1665509952,
      "stdout": "",
      "stderr": "--------------------\nFAILURE\nname:       check-equal?\nlocation:   /tmp/tmp7lqo10cx.rkt:17:4\nactual:     21\nexpected:   26\n--------------------\n--------------------\nFAILURE\nname:       check-equal?\nlocation:   /tmp/tmp7lqo10cx.rkt:18:4\nactual:     42\nexpected:   48\n--------------------\n--------------------\nFAILURE\nname:       check-equal?\nlocation:   /tmp/tmp7lqo10cx.rkt:19:4\nactual:     6\nexpected:   8\n--------------------\n",
      "exit_code": 0,
      "status": "Exception"
    },
    {
      "program": "#lang racket\n\n;; Write a python function to find the sum of even factors of a number.\n(define (sumofFactors n)\n  (define (sumofFactors-iter n i sum)\n    (cond\n      [(= i n) sum]\n      [(= 0 (modulo n i)) (sumofFactors-iter n (+ i 1) (+ sum i))]\n      [else (sumofFactors-iter n (+ i 1) sum)]))\n  (sumofFactors-iter n 1 0))\n\n(require rackunit)\n\n(define (test-humaneval) \n\n  (let (( candidate sumofFactors))\n    (check-equal? (candidate 18) 26)\n    (check-equal? (candidate 30) 48)\n    (check-equal? (candidate 6) 8)\n))\n\n(test-humaneval)",
      "timestamp": 1665509952,
      "stdout": "",
      "stderr": "--------------------\nFAILURE\nname:       check-equal?\nlocation:   /tmp/tmp7lqo10cx.rkt:17:4\nactual:     21\nexpected:   26\n--------------------\n--------------------\nFAILURE\nname:       check-equal?\nlocation:   /tmp/tmp7lqo10cx.rkt:18:4\nactual:     42\nexpected:   48\n--------------------\n--------------------\nFAILURE\nname:       check-equal?\nlocation:   /tmp/tmp7lqo10cx.rkt:19:4\nactual:     6\nexpected:   8\n--------------------\n",
      "exit_code": 0,
      "status": "Exception"
    },
    {
      "program": "#lang racket\n\n;; Write a python function to find the sum of even factors of a number.\n(define (sumofFactors n)\n  (define (sumofFactors-iter n i)\n    (cond\n      [(= i n) 0]\n      [(= (modulo n i) 0) (+ i (sumofFactors-iter n (+ i 1)))]\n      [else (sumofFactors-iter n (+ i 1))]))\n  (sumofFactors-iter n 1))\n\n(require rackunit)\n\n(define (test-humaneval) \n\n  (let (( candidate sumofFactors))\n    (check-equal? (candidate 18) 26)\n    (check-equal? (candidate 30) 48)\n    (check-equal? (candidate 6) 8)\n))\n\n(test-humaneval)",
      "timestamp": 1665509952,
      "stdout": "",
      "stderr": "--------------------\nFAILURE\nname:       check-equal?\nlocation:   /tmp/tmpw1k4djp_.rkt:17:4\nactual:     21\nexpected:   26\n--------------------\n--------------------\nFAILURE\nname:       check-equal?\nlocation:   /tmp/tmpw1k4djp_.rkt:18:4\nactual:     42\nexpected:   48\n--------------------\n--------------------\nFAILURE\nname:       check-equal?\nlocation:   /tmp/tmpw1k4djp_.rkt:19:4\nactual:     6\nexpected:   8\n--------------------\n",
      "exit_code": 0,
      "status": "Exception"
    },
    {
      "program": "#lang racket\n\n;; Write a python function to find the sum of even factors of a number.\n(define (sumofFactors n)\n  (define (sumofFactors-iter n i sum)\n    (cond\n      [(= i n) sum]\n      [(= (modulo n i) 0) (sumofFactors-iter n (+ i 1) (+ sum i))]\n      [else (sumofFactors-iter n (+ i 1) sum)]))\n  (sumofFactors-iter n 1 0))\n\n(require rackunit)\n\n(define (test-humaneval) \n\n  (let (( candidate sumofFactors))\n    (check-equal? (candidate 18) 26)\n    (check-equal? (candidate 30) 48)\n    (check-equal? (candidate 6) 8)\n))\n\n(test-humaneval)",
      "timestamp": 1665509952,
      "stdout": "",
      "stderr": "--------------------\nFAILURE\nname:       check-equal?\nlocation:   /tmp/tmpolfojwxb.rkt:17:4\nactual:     21\nexpected:   26\n--------------------\n--------------------\nFAILURE\nname:       check-equal?\nlocation:   /tmp/tmpolfojwxb.rkt:18:4\nactual:     42\nexpected:   48\n--------------------\n--------------------\nFAILURE\nname:       check-equal?\nlocation:   /tmp/tmpolfojwxb.rkt:19:4\nactual:     6\nexpected:   8\n--------------------\n",
      "exit_code": 0,
      "status": "Exception"
    },
    {
      "program": "#lang racket\n\n;; Write a python function to find the sum of even factors of a number.\n(define (sumofFactors n)\n  (define (sumofFactors-iter n i)\n    (cond ((&gt; i n) 0)\n          ((= (modulo n i) 0) (+ i (sumofFactors-iter n (+ i 1))))\n          (else (sumofFactors-iter n (+ i 1)))))\n  (sumofFactors-iter n 1))\n\n(require rackunit)\n\n(define (test-humaneval) \n\n  (let (( candidate sumofFactors))\n    (check-equal? (candidate 18) 26)\n    (check-equal? (candidate 30) 48)\n    (check-equal? (candidate 6) 8)\n))\n\n(test-humaneval)",
      "timestamp": 1665509952,
      "stdout": "",
      "stderr": "/tmp/tmp_rky8tjb.rkt:5:2: read-syntax: expected a `)` to close `(`\n  possible cause: indentation suggests a missing `)` before line 11\n  context...:\n   /work/arjunguha-research-group/software/racket/collects/syntax/module-reader.rkt:186:17: body\n   /work/arjunguha-research-group/software/racket/collects/syntax/module-reader.rkt:183:2: wrap-internal\n   /work/arjunguha-research-group/software/racket/collects/racket/../syntax/module-reader.rkt:67:9: wrap-internal/wrapper\n",
      "exit_code": 1,
      "status": "SyntaxError"
    },
    {
      "program": "#lang racket\n\n;; Write a python function to find the sum of even factors of a number.\n(define (sumofFactors n)\n  (define (sumofFactors-iter n i sum)\n    (cond ((= i n) sum)\n          ((= 0 (modulo n i)) (+ sum i))\n          (else (sumofFactors-iter n (+ i 1) sum))))\n  (sumofFactors-iter n 1 0))\n\n(require rackunit)\n\n(define (test-humaneval) \n\n  (let (( candidate sumofFactors))\n    (check-equal? (candidate 18) 26)\n    (check-equal? (candidate 30) 48)\n    (check-equal? (candidate 6) 8)\n))\n\n(test-humaneval)",
      "timestamp": 1665509952,
      "stdout": "",
      "stderr": "--------------------\nFAILURE\nname:       check-equal?\nlocation:   /tmp/tmppla7pdc_.rkt:16:4\nactual:     1\nexpected:   26\n--------------------\n--------------------\nFAILURE\nname:       check-equal?\nlocation:   /tmp/tmppla7pdc_.rkt:17:4\nactual:     1\nexpected:   48\n--------------------\n--------------------\nFAILURE\nname:       check-equal?\nlocation:   /tmp/tmppla7pdc_.rkt:18:4\nactual:     1\nexpected:   8\n--------------------\n",
      "exit_code": 0,
      "status": "Exception"
    },
    {
      "program": "#lang racket\n\n;; Write a python function to find the sum of even factors of a number.\n(define (sumofFactors n)\n  (define (sumofFactors-iter n i sum)\n    (cond\n      [(= i n) sum]\n      [(= 0 (modulo n i)) (sumofFactors-iter n (+ i 1) (+ sum i))]\n      [else (sumofFactors-iter n (+ i 1) sum)]))\n  (sumofFactors-iter n 1 0))\n\n(require rackunit)\n\n(define (test-humaneval) \n\n  (let (( candidate sumofFactors))\n    (check-equal? (candidate 18) 26)\n    (check-equal? (candidate 30) 48)\n    (check-equal? (candidate 6) 8)\n))\n\n(test-humaneval)",
      "timestamp": 1665509952,
      "stdout": "",
      "stderr": "--------------------\nFAILURE\nname:       check-equal?\nlocation:   /tmp/tmp7lqo10cx.rkt:17:4\nactual:     21\nexpected:   26\n--------------------\n--------------------\nFAILURE\nname:       check-equal?\nlocation:   /tmp/tmp7lqo10cx.rkt:18:4\nactual:     42\nexpected:   48\n--------------------\n--------------------\nFAILURE\nname:       check-equal?\nlocation:   /tmp/tmp7lqo10cx.rkt:19:4\nactual:     6\nexpected:   8\n--------------------\n",
      "exit_code": 0,
      "status": "Exception"
    },
    {
      "program": "#lang racket\n\n;; Write a python function to find the sum of even factors of a number.\n(define (sumofFactors n)\n  (define (sumofFactorsHelper n i)\n    (cond ((&gt; i n) 0)\n          ((= (modulo n i) 0) (+ i (sumofFactorsHelper n (+ i 1))))\n          (else (sumofFactorsHelper n (+ i 1)))))\n  (sumofFactorsHelper n 2))\n\n(require rackunit)\n\n(define (test-humaneval) \n\n  (let (( candidate sumofFactors))\n    (check-equal? (candidate 18) 26)\n    (check-equal? (candidate 30) 48)\n    (check-equal? (candidate 6) 8)\n))\n\n(test-humaneval)",
      "timestamp": 1666122421,
      "stdout": "",
      "stderr": "/tmp/tmpcedyjmi5.rkt:5:2: read-syntax: expected a `)` to close `(`\n  possible cause: indentation suggests a missing `)` before line 11\n  context...:\n   /work/arjunguha-research-group/software/racket/collects/syntax/module-reader.rkt:186:17: body\n   /work/arjunguha-research-group/software/racket/collects/syntax/module-reader.rkt:183:2: wrap-internal\n   /work/arjunguha-research-group/software/racket/collects/racket/../syntax/module-reader.rkt:67:9: wrap-internal/wrapper\n",
      "exit_code": 1,
      "status": "SyntaxError"
    },
    {
      "program": "#lang racket\n\n;; Write a python function to find the sum of even factors of a number.\n(define (sumofFactors n)\n  (define (sumofFactors-iter i sum)\n    (cond\n      [(= i n) sum]\n      [(= (modulo n i) 0) (sumofFactors-iter (+ i 1) (+ sum i))]\n      [else (sumofFactors-iter (+ i 1) sum)]))\n  (sumofFactors-iter 1 0))\n\n(require rackunit)\n\n(define (test-humaneval) \n\n  (let (( candidate sumofFactors))\n    (check-equal? (candidate 18) 26)\n    (check-equal? (candidate 30) 48)\n    (check-equal? (candidate 6) 8)\n))\n\n(test-humaneval)",
      "timestamp": 1666122422,
      "stdout": "",
      "stderr": "--------------------\nFAILURE\nname:       check-equal?\nlocation:   /tmp/tmp2v3qls3b.rkt:17:4\nactual:     21\nexpected:   26\n--------------------\n--------------------\nFAILURE\nname:       check-equal?\nlocation:   /tmp/tmp2v3qls3b.rkt:18:4\nactual:     42\nexpected:   48\n--------------------\n--------------------\nFAILURE\nname:       check-equal?\nlocation:   /tmp/tmp2v3qls3b.rkt:19:4\nactual:     6\nexpected:   8\n--------------------\n",
      "exit_code": 0,
      "status": "Exception"
    },
    {
      "program": "#lang racket\n\n;; Write a python function to find the sum of even factors of a number.\n(define (sumofFactors n)\n  (define (sumofFactors-iter n i sum)\n    (cond\n      [(= i n) sum]\n      [(= 0 (modulo n i)) (sumofFactors-iter n (+ i 1) (+ sum i))]\n      [else (sumofFactors-iter n (+ i 1) sum)]))\n  (sumofFactors-iter n 1 0))\n\n(require rackunit)\n\n(define (test-humaneval) \n\n  (let (( candidate sumofFactors))\n    (check-equal? (candidate 18) 26)\n    (check-equal? (candidate 30) 48)\n    (check-equal? (candidate 6) 8)\n))\n\n(test-humaneval)",
      "timestamp": 1665509952,
      "stdout": "",
      "stderr": "--------------------\nFAILURE\nname:       check-equal?\nlocation:   /tmp/tmp7lqo10cx.rkt:17:4\nactual:     21\nexpected:   26\n--------------------\n--------------------\nFAILURE\nname:       check-equal?\nlocation:   /tmp/tmp7lqo10cx.rkt:18:4\nactual:     42\nexpected:   48\n--------------------\n--------------------\nFAILURE\nname:       check-equal?\nlocation:   /tmp/tmp7lqo10cx.rkt:19:4\nactual:     6\nexpected:   8\n--------------------\n",
      "exit_code": 0,
      "status": "Exception"
    },
    {
      "program": "#lang racket\n\n;; Write a python function to find the sum of even factors of a number.\n(define (sumofFactors n)\n  (define (sumofFactorsHelper n i)\n    (if (= i n)\n        0\n        (+ (if (= (modulo n i) 0)\n               i\n               0)\n           (sumofFactorsHelper n (+ i 1)))))\n  (sumofFactorsHelper n 1))\n\n(require rackunit)\n\n(define (test-humaneval) \n\n  (let (( candidate sumofFactors))\n    (check-equal? (candidate 18) 26)\n    (check-equal? (candidate 30) 48)\n    (check-equal? (candidate 6) 8)\n))\n\n(test-humaneval)",
      "timestamp": 1666122422,
      "stdout": "",
      "stderr": "--------------------\nFAILURE\nname:       check-equal?\nlocation:   /tmp/tmpvyhlrg1z.rkt:19:4\nactual:     21\nexpected:   26\n--------------------\n--------------------\nFAILURE\nname:       check-equal?\nlocation:   /tmp/tmpvyhlrg1z.rkt:20:4\nactual:     42\nexpected:   48\n--------------------\n--------------------\nFAILURE\nname:       check-equal?\nlocation:   /tmp/tmpvyhlrg1z.rkt:21:4\nactual:     6\nexpected:   8\n--------------------\n",
      "exit_code": 0,
      "status": "Exception"
    },
    {
      "program": "#lang racket\n\n;; Write a python function to find the sum of even factors of a number.\n(define (sumofFactors n)\n  (define (sumofFactors-iter n i sum)\n    (cond\n      [(= i n) sum]\n      [(= 0 (modulo n i)) (sumofFactors-iter n (+ i 1) (+ sum i))]\n      [else (sumofFactors-iter n (+ i 1) sum)]))\n  (sumofFactors-iter n 1 0))\n\n(require rackunit)\n\n(define (test-humaneval) \n\n  (let (( candidate sumofFactors))\n    (check-equal? (candidate 18) 26)\n    (check-equal? (candidate 30) 48)\n    (check-equal? (candidate 6) 8)\n))\n\n(test-humaneval)",
      "timestamp": 1665509952,
      "stdout": "",
      "stderr": "--------------------\nFAILURE\nname:       check-equal?\nlocation:   /tmp/tmp7lqo10cx.rkt:17:4\nactual:     21\nexpected:   26\n--------------------\n--------------------\nFAILURE\nname:       check-equal?\nlocation:   /tmp/tmp7lqo10cx.rkt:18:4\nactual:     42\nexpected:   48\n--------------------\n--------------------\nFAILURE\nname:       check-equal?\nlocation:   /tmp/tmp7lqo10cx.rkt:19:4\nactual:     6\nexpected:   8\n--------------------\n",
      "exit_code": 0,
      "status": "Exception"
    },
    {
      "program": "#lang racket\n\n;; Write a python function to find the sum of even factors of a number.\n(define (sumofFactors n)\n  (define (sumofFactors-iter n i sum)\n    (cond\n      [(= i n) sum]\n      [(= (modulo n i) 0) (sumofFactors-iter n (+ i 1) (+ sum i))]\n      [else (sumofFactors-iter n (+ i 1) sum)]))\n  (sumofFactors-iter n 1 0))\n\n(require rackunit)\n\n(define (test-humaneval) \n\n  (let (( candidate sumofFactors))\n    (check-equal? (candidate 18) 26)\n    (check-equal? (candidate 30) 48)\n    (check-equal? (candidate 6) 8)\n))\n\n(test-humaneval)",
      "timestamp": 1665509952,
      "stdout": "",
      "stderr": "--------------------\nFAILURE\nname:       check-equal?\nlocation:   /tmp/tmpolfojwxb.rkt:17:4\nactual:     21\nexpected:   26\n--------------------\n--------------------\nFAILURE\nname:       check-equal?\nlocation:   /tmp/tmpolfojwxb.rkt:18:4\nactual:     42\nexpected:   48\n--------------------\n--------------------\nFAILURE\nname:       check-equal?\nlocation:   /tmp/tmpolfojwxb.rkt:19:4\nactual:     6\nexpected:   8\n--------------------\n",
      "exit_code": 0,
      "status": "Exception"
    },
    {
      "program": "#lang racket\n\n;; Write a python function to find the sum of even factors of a number.\n(define (sumofFactors n)\n  (define (sumofFactors-iter n i sum)\n    (if (&gt; i n)\n        sum\n        (if (even? i)\n            (sumofFactors-iter n (+ i 1) (+ sum i))\n            (sumofFactors-iter n (+ i 1) sum))))\n  (sumofFactors-iter n 1 0))\n\n(require rackunit)\n\n(define (test-humaneval) \n\n  (let (( candidate sumofFactors))\n    (check-equal? (candidate 18) 26)\n    (check-equal? (candidate 30) 48)\n    (check-equal? (candidate 6) 8)\n))\n\n(test-humaneval)",
      "timestamp": 1666122421,
      "stdout": "",
      "stderr": "/tmp/tmpd8itusz9.rkt:4:0: read-syntax: expected a `)` to close `(`\n  possible cause: indentation suggests a missing `)` before line 13\n  context...:\n   /work/arjunguha-research-group/software/racket/collects/syntax/module-reader.rkt:186:17: body\n   /work/arjunguha-research-group/software/racket/collects/syntax/module-reader.rkt:183:2: wrap-internal\n   /work/arjunguha-research-group/software/racket/collects/racket/../syntax/module-reader.rkt:67:9: wrap-internal/wrapper\n",
      "exit_code": 1,
      "status": "SyntaxError"
    },
    {
      "program": "#lang racket\n\n;; Write a python function to find the sum of even factors of a number.\n(define (sumofFactors n)\n  (define (sumofFactors-iter n sum)\n    (if (= n 1)\n        sum\n        (if (= (remainder n 2) 0)\n            (sumofFactors-iter (/ n 2) (+ n sum))\n            (sumofFactors-iter (/ n 2) sum))))\n  (sumofFactors-iter n 0))\n\n(require rackunit)\n\n(define (test-humaneval) \n\n  (let (( candidate sumofFactors))\n    (check-equal? (candidate 18) 26)\n    (check-equal? (candidate 30) 48)\n    (check-equal? (candidate 6) 8)\n))\n\n(test-humaneval)",
      "timestamp": 1666122422,
      "stdout": "",
      "stderr": "--------------------\nERROR\nname:       check-equal?\nlocation:   /tmp/tmp65gbt_jd.rkt:18:4\n\nremainder: contract violation\n  expected: integer?\n  given: 9/2\n--------------------\n--------------------\nERROR\nname:       check-equal?\nlocation:   /tmp/tmp65gbt_jd.rkt:19:4\n\nremainder: contract violation\n  expected: integer?\n  given: 15/2\n--------------------\n--------------------\nERROR\nname:       check-equal?\nlocation:   /tmp/tmp65gbt_jd.rkt:20:4\n\nremainder: contract violation\n  expected: integer?\n  given: 3/2\n--------------------\n",
      "exit_code": 0,
      "status": "Exception"
    },
    {
      "program": "#lang racket\n\n;; Write a python function to find the sum of even factors of a number.\n(define (sumofFactors n)\n  (define (sumofFactorsHelper n i)\n    (if (= i n)\n        0\n        (if (= (modulo n i) 0)\n            (+ i (sumofFactorsHelper n (+ i 1)))\n            (sumofFactorsHelper n (+ i 1)))))\n  (sumofFactorsHelper n 1))\n\n(require rackunit)\n\n(define (test-humaneval) \n\n  (let (( candidate sumofFactors))\n    (check-equal? (candidate 18) 26)\n    (check-equal? (candidate 30) 48)\n    (check-equal? (candidate 6) 8)\n))\n\n(test-humaneval)",
      "timestamp": 1666122422,
      "stdout": "",
      "stderr": "--------------------\nFAILURE\nname:       check-equal?\nlocation:   /tmp/tmp46qp5571.rkt:18:4\nactual:     21\nexpected:   26\n--------------------\n--------------------\nFAILURE\nname:       check-equal?\nlocation:   /tmp/tmp46qp5571.rkt:19:4\nactual:     42\nexpected:   48\n--------------------\n--------------------\nFAILURE\nname:       check-equal?\nlocation:   /tmp/tmp46qp5571.rkt:20:4\nactual:     6\nexpected:   8\n--------------------\n",
      "exit_code": 0,
      "status": "Exception"
    },
    {
      "program": "#lang racket\n\n;; Write a python function to find the sum of even factors of a number.\n(define (sumofFactors n)\n  (define (sumofFactors-iter n i)\n    (if (= i n)\n        0\n        (if (= (modulo n i) 0)\n            (+ i (sumofFactors-iter n (+ i 1)))\n            (sumofFactors-iter n (+ i 1)))))\n  (sumofFactors-iter n 1))\n\n(require rackunit)\n\n(define (test-humaneval) \n\n  (let (( candidate sumofFactors))\n    (check-equal? (candidate 18) 26)\n    (check-equal? (candidate 30) 48)\n    (check-equal? (candidate 6) 8)\n))\n\n(test-humaneval)",
      "timestamp": 1666122422,
      "stdout": "",
      "stderr": "--------------------\nFAILURE\nname:       check-equal?\nlocation:   /tmp/tmpx9l_rht_.rkt:18:4\nactual:     21\nexpected:   26\n--------------------\n--------------------\nFAILURE\nname:       check-equal?\nlocation:   /tmp/tmpx9l_rht_.rkt:19:4\nactual:     42\nexpected:   48\n--------------------\n--------------------\nFAILURE\nname:       check-equal?\nlocation:   /tmp/tmpx9l_rht_.rkt:20:4\nactual:     6\nexpected:   8\n--------------------\n",
      "exit_code": 0,
      "status": "Exception"
    },
    {
      "program": "#lang racket\n\n;; Write a python function to find the sum of even factors of a number.\n(define (sumofFactors n)\n  (define (sumofFactors-iter n i sum)\n    (cond\n      [(= i n) sum]\n      [(= 0 (modulo n i)) (sumofFactors-iter n (+ i 1) (+ sum i))]\n      [else (sumofFactors-iter n (+ i 1) sum)]))\n  (sumofFactors-iter n 1 0))\n\n(require rackunit)\n\n(define (test-humaneval) \n\n  (let (( candidate sumofFactors))\n    (check-equal? (candidate 18) 26)\n    (check-equal? (candidate 30) 48)\n    (check-equal? (candidate 6) 8)\n))\n\n(test-humaneval)",
      "timestamp": 1665509952,
      "stdout": "",
      "stderr": "--------------------\nFAILURE\nname:       check-equal?\nlocation:   /tmp/tmp7lqo10cx.rkt:17:4\nactual:     21\nexpected:   26\n--------------------\n--------------------\nFAILURE\nname:       check-equal?\nlocation:   /tmp/tmp7lqo10cx.rkt:18:4\nactual:     42\nexpected:   48\n--------------------\n--------------------\nFAILURE\nname:       check-equal?\nlocation:   /tmp/tmp7lqo10cx.rkt:19:4\nactual:     6\nexpected:   8\n--------------------\n",
      "exit_code": 0,
      "status": "Exception"
    },
    {
      "program": "#lang racket\n\n;; Write a python function to find the sum of even factors of a number.\n(define (sumofFactors n)\n  (define (sumofFactors-iter n i sum)\n    (cond\n      [(= i n) sum]\n      [(= 0 (modulo n i)) (sumofFactors-iter n (+ i 1) (+ sum i))]\n      [else (sumofFactors-iter n (+ i 1) sum)]))\n  (sumofFactors-iter n 1 0))\n\n(require rackunit)\n\n(define (test-humaneval) \n\n  (let (( candidate sumofFactors))\n    (check-equal? (candidate 18) 26)\n    (check-equal? (candidate 30) 48)\n    (check-equal? (candidate 6) 8)\n))\n\n(test-humaneval)",
      "timestamp": 1665509952,
      "stdout": "",
      "stderr": "--------------------\nFAILURE\nname:       check-equal?\nlocation:   /tmp/tmp7lqo10cx.rkt:17:4\nactual:     21\nexpected:   26\n--------------------\n--------------------\nFAILURE\nname:       check-equal?\nlocation:   /tmp/tmp7lqo10cx.rkt:18:4\nactual:     42\nexpected:   48\n--------------------\n--------------------\nFAILURE\nname:       check-equal?\nlocation:   /tmp/tmp7lqo10cx.rkt:19:4\nactual:     6\nexpected:   8\n--------------------\n",
      "exit_code": 0,
      "status": "Exception"
    },
    {
      "program": "#lang racket\n\n;; Write a python function to find the sum of even factors of a number.\n(define (sumofFactors n)\n  (define (sumofFactors-iter n i sum)\n    (cond ((= i n) sum)\n          ((even? i) (sumofFactors-iter n (+ i 1) (+ sum i)))\n          (else (sumofFactors-iter n (+ i 1) sum))))\n  (sumofFactors-iter n 1 0))\n\n(require rackunit)\n\n(define (test-humaneval) \n\n  (let (( candidate sumofFactors))\n    (check-equal? (candidate 18) 26)\n    (check-equal? (candidate 30) 48)\n    (check-equal? (candidate 6) 8)\n))\n\n(test-humaneval)",
      "timestamp": 1666122422,
      "stdout": "",
      "stderr": "--------------------\nFAILURE\nname:       check-equal?\nlocation:   /tmp/tmpk2yfuqes.rkt:16:4\nactual:     72\nexpected:   26\n--------------------\n--------------------\nFAILURE\nname:       check-equal?\nlocation:   /tmp/tmpk2yfuqes.rkt:17:4\nactual:     210\nexpected:   48\n--------------------\n--------------------\nFAILURE\nname:       check-equal?\nlocation:   /tmp/tmpk2yfuqes.rkt:18:4\nactual:     6\nexpected:   8\n--------------------\n",
      "exit_code": 0,
      "status": "Exception"
    },
    {
      "program": "#lang racket\n\n;; Write a python function to find the sum of even factors of a number.\n(define (sumofFactors n)\n  (define (sumofFactors-iter n i sum)\n    (cond\n      [(= i n) sum]\n      [(= (modulo n i) 0) (sumofFactors-iter n (+ i 1) (+ sum i))]\n      [else (sumofFactors-iter n (+ i 1) sum)]))\n  (sumofFactors-iter n 1 0))\n\n(require rackunit)\n\n(define (test-humaneval) \n\n  (let (( candidate sumofFactors))\n    (check-equal? (candidate 18) 26)\n    (check-equal? (candidate 30) 48)\n    (check-equal? (candidate 6) 8)\n))\n\n(test-humaneval)",
      "timestamp": 1665509952,
      "stdout": "",
      "stderr": "--------------------\nFAILURE\nname:       check-equal?\nlocation:   /tmp/tmpolfojwxb.rkt:17:4\nactual:     21\nexpected:   26\n--------------------\n--------------------\nFAILURE\nname:       check-equal?\nlocation:   /tmp/tmpolfojwxb.rkt:18:4\nactual:     42\nexpected:   48\n--------------------\n--------------------\nFAILURE\nname:       check-equal?\nlocation:   /tmp/tmpolfojwxb.rkt:19:4\nactual:     6\nexpected:   8\n--------------------\n",
      "exit_code": 0,
      "status": "Exception"
    },
    {
      "program": "#lang racket\n\n;; Write a python function to find the sum of even factors of a number.\n(define (sumofFactors n)\n  (define (sumofFactors-iter i sum)\n    (cond\n      [(= i n) sum]\n      [(= (remainder n i) 0) (sumofFactors-iter (+ i 1) (+ sum i))]\n      [else (sumofFactors-iter (+ i 1) sum)]))\n  (sumofFactors-iter 1 0))\n\n(require rackunit)\n\n(define (test-humaneval) \n\n  (let (( candidate sumofFactors))\n    (check-equal? (candidate 18) 26)\n    (check-equal? (candidate 30) 48)\n    (check-equal? (candidate 6) 8)\n))\n\n(test-humaneval)",
      "timestamp": 1666122422,
      "stdout": "",
      "stderr": "--------------------\nFAILURE\nname:       check-equal?\nlocation:   /tmp/tmpt_8_ldpc.rkt:17:4\nactual:     21\nexpected:   26\n--------------------\n--------------------\nFAILURE\nname:       check-equal?\nlocation:   /tmp/tmpt_8_ldpc.rkt:18:4\nactual:     42\nexpected:   48\n--------------------\n--------------------\nFAILURE\nname:       check-equal?\nlocation:   /tmp/tmpt_8_ldpc.rkt:19:4\nactual:     6\nexpected:   8\n--------------------\n",
      "exit_code": 0,
      "status": "Exception"
    },
    {
      "program": "#lang racket\n\n;; Write a python function to find the sum of even factors of a number.\n(define (sumofFactors n)\n  (define (sumofFactors-iter n i sum)\n    (cond\n      [(= i n) sum]\n      [(= 0 (modulo n i)) (sumofFactors-iter n (+ i 1) (+ sum i))]\n      [else (sumofFactors-iter n (+ i 1) sum)]))\n  (sumofFactors-iter n 1 0))\n\n(require rackunit)\n\n(define (test-humaneval) \n\n  (let (( candidate sumofFactors))\n    (check-equal? (candidate 18) 26)\n    (check-equal? (candidate 30) 48)\n    (check-equal? (candidate 6) 8)\n))\n\n(test-humaneval)",
      "timestamp": 1665509952,
      "stdout": "",
      "stderr": "--------------------\nFAILURE\nname:       check-equal?\nlocation:   /tmp/tmp7lqo10cx.rkt:17:4\nactual:     21\nexpected:   26\n--------------------\n--------------------\nFAILURE\nname:       check-equal?\nlocation:   /tmp/tmp7lqo10cx.rkt:18:4\nactual:     42\nexpected:   48\n--------------------\n--------------------\nFAILURE\nname:       check-equal?\nlocation:   /tmp/tmp7lqo10cx.rkt:19:4\nactual:     6\nexpected:   8\n--------------------\n",
      "exit_code": 0,
      "status": "Exception"
    },
    {
      "program": "#lang racket\n\n;; Write a python function to find the sum of even factors of a number.\n(define (sumofFactors n)\n  (define (sumofFactors-iter n i)\n    (cond\n      [(= i n) 0]\n      [(= (modulo n i) 0) (+ i (sumofFactors-iter n (+ i 1)))]\n      [else (sumofFactors-iter n (+ i 1))]))\n  (sumofFactors-iter n 1))\n\n(require rackunit)\n\n(define (test-humaneval) \n\n  (let (( candidate sumofFactors))\n    (check-equal? (candidate 18) 26)\n    (check-equal? (candidate 30) 48)\n    (check-equal? (candidate 6) 8)\n))\n\n(test-humaneval)",
      "timestamp": 1665509952,
      "stdout": "",
      "stderr": "--------------------\nFAILURE\nname:       check-equal?\nlocation:   /tmp/tmpw1k4djp_.rkt:17:4\nactual:     21\nexpected:   26\n--------------------\n--------------------\nFAILURE\nname:       check-equal?\nlocation:   /tmp/tmpw1k4djp_.rkt:18:4\nactual:     42\nexpected:   48\n--------------------\n--------------------\nFAILURE\nname:       check-equal?\nlocation:   /tmp/tmpw1k4djp_.rkt:19:4\nactual:     6\nexpected:   8\n--------------------\n",
      "exit_code": 0,
      "status": "Exception"
    },
    {
      "program": "#lang racket\n\n;; Write a python function to find the sum of even factors of a number.\n(define (sumofFactors n)\n  (define (isFactor n m)\n    (if (= 0 (modulo n m))\n        #t\n        #f))\n  (define (sumOfEvenFactors n)\n    (if (= n 1)\n        0\n        (if (isFactor n (sub1 n))\n            (if (even? (sub1 n))\n                (+ (sub1 n) (sumOfEvenFactors (sub1 n)))\n                (sumOfEvenFactors (sub1 n)))\n            (sumOfEvenFactors (sub1 n)))))\n  (sumOfEvenFactors n))\n\n(require rackunit)\n\n(define (test-humaneval) \n\n  (let (( candidate sumofFactors))\n    (check-equal? (candidate 18) 26)\n    (check-equal? (candidate 30) 48)\n    (check-equal? (candidate 6) 8)\n))\n\n(test-humaneval)",
      "timestamp": 1666122422,
      "stdout": "",
      "stderr": "--------------------\nFAILURE\nname:       check-equal?\nlocation:   /tmp/tmpo_3k94ff.rkt:24:4\nactual:     0\nexpected:   26\n--------------------\n--------------------\nFAILURE\nname:       check-equal?\nlocation:   /tmp/tmpo_3k94ff.rkt:25:4\nactual:     0\nexpected:   48\n--------------------\n--------------------\nFAILURE\nname:       check-equal?\nlocation:   /tmp/tmpo_3k94ff.rkt:26:4\nactual:     0\nexpected:   8\n--------------------\n",
      "exit_code": 0,
      "status": "Exception"
    },
    {
      "program": "#lang racket\n\n;; Write a python function to find the sum of even factors of a number.\n(define (sumofFactors n)\n  (define (sumofFactors-iter n i)\n    (cond ((&gt; i n) 0)\n          ((= (modulo n i) 0) (+ i (sumofFactors-iter n (+ i 1))))\n          (else (sumofFactors-iter n (+ i 1)))))\n  (sumofFactors-iter n 1))\n\n(require rackunit)\n\n(define (test-humaneval) \n\n  (let (( candidate sumofFactors))\n    (check-equal? (candidate 18) 26)\n    (check-equal? (candidate 30) 48)\n    (check-equal? (candidate 6) 8)\n))\n\n(test-humaneval)",
      "timestamp": 1665509952,
      "stdout": "",
      "stderr": "/tmp/tmp_rky8tjb.rkt:5:2: read-syntax: expected a `)` to close `(`\n  possible cause: indentation suggests a missing `)` before line 11\n  context...:\n   /work/arjunguha-research-group/software/racket/collects/syntax/module-reader.rkt:186:17: body\n   /work/arjunguha-research-group/software/racket/collects/syntax/module-reader.rkt:183:2: wrap-internal\n   /work/arjunguha-research-group/software/racket/collects/racket/../syntax/module-reader.rkt:67:9: wrap-internal/wrapper\n",
      "exit_code": 1,
      "status": "SyntaxError"
    },
    {
      "program": "#lang racket\n\n;; Write a python function to find the sum of even factors of a number.\n(define (sumofFactors n)\n  (define (sumofFactors-iter n i sum)\n    (cond\n      [(= i n) sum]\n      [(= 0 (modulo n i)) (sumofFactors-iter n (+ i 1) (+ sum i))]\n      [else (sumofFactors-iter n (+ i 1) sum)]))\n  (sumofFactors-iter n 1 0))\n\n(require rackunit)\n\n(define (test-humaneval) \n\n  (let (( candidate sumofFactors))\n    (check-equal? (candidate 18) 26)\n    (check-equal? (candidate 30) 48)\n    (check-equal? (candidate 6) 8)\n))\n\n(test-humaneval)",
      "timestamp": 1665509952,
      "stdout": "",
      "stderr": "--------------------\nFAILURE\nname:       check-equal?\nlocation:   /tmp/tmp7lqo10cx.rkt:17:4\nactual:     21\nexpected:   26\n--------------------\n--------------------\nFAILURE\nname:       check-equal?\nlocation:   /tmp/tmp7lqo10cx.rkt:18:4\nactual:     42\nexpected:   48\n--------------------\n--------------------\nFAILURE\nname:       check-equal?\nlocation:   /tmp/tmp7lqo10cx.rkt:19:4\nactual:     6\nexpected:   8\n--------------------\n",
      "exit_code": 0,
      "status": "Exception"
    },
    {
      "program": "#lang racket\n\n;; Write a python function to find the sum of even factors of a number.\n(define (sumofFactors n)\n  (define (sumofFactors-iter n i sum)\n    (cond\n      [(= i n) sum]\n      [(= 0 (modulo n i)) (sumofFactors-iter n (+ i 1) (+ sum i))]\n      [else (sumofFactors-iter n (+ i 1) sum)]))\n  (sumofFactors-iter n 1 0))\n\n(require rackunit)\n\n(define (test-humaneval) \n\n  (let (( candidate sumofFactors))\n    (check-equal? (candidate 18) 26)\n    (check-equal? (candidate 30) 48)\n    (check-equal? (candidate 6) 8)\n))\n\n(test-humaneval)",
      "timestamp": 1665509952,
      "stdout": "",
      "stderr": "--------------------\nFAILURE\nname:       check-equal?\nlocation:   /tmp/tmp7lqo10cx.rkt:17:4\nactual:     21\nexpected:   26\n--------------------\n--------------------\nFAILURE\nname:       check-equal?\nlocation:   /tmp/tmp7lqo10cx.rkt:18:4\nactual:     42\nexpected:   48\n--------------------\n--------------------\nFAILURE\nname:       check-equal?\nlocation:   /tmp/tmp7lqo10cx.rkt:19:4\nactual:     6\nexpected:   8\n--------------------\n",
      "exit_code": 0,
      "status": "Exception"
    },
    {
      "program": "#lang racket\n\n;; Write a python function to find the sum of even factors of a number.\n(define (sumofFactors n)\n  (define (sumofFactors-iter n i sum)\n    (cond\n      [(= i n) sum]\n      [(= 0 (modulo n i)) (sumofFactors-iter n (+ i 1) (+ sum i))]\n      [else (sumofFactors-iter n (+ i 1) sum)]))\n  (sumofFactors-iter n 1 0))\n\n(require rackunit)\n\n(define (test-humaneval) \n\n  (let (( candidate sumofFactors))\n    (check-equal? (candidate 18) 26)\n    (check-equal? (candidate 30) 48)\n    (check-equal? (candidate 6) 8)\n))\n\n(test-humaneval)",
      "timestamp": 1665509952,
      "stdout": "",
      "stderr": "--------------------\nFAILURE\nname:       check-equal?\nlocation:   /tmp/tmp7lqo10cx.rkt:17:4\nactual:     21\nexpected:   26\n--------------------\n--------------------\nFAILURE\nname:       check-equal?\nlocation:   /tmp/tmp7lqo10cx.rkt:18:4\nactual:     42\nexpected:   48\n--------------------\n--------------------\nFAILURE\nname:       check-equal?\nlocation:   /tmp/tmp7lqo10cx.rkt:19:4\nactual:     6\nexpected:   8\n--------------------\n",
      "exit_code": 0,
      "status": "Exception"
    },
    {
      "program": "#lang racket\n\n;; Write a python function to find the sum of even factors of a number.\n(define (sumofFactors n)\n  (define (sumofFactors-iter n i)\n    (cond\n      [(= i n) 0]\n      [(= 0 (modulo n i)) (+ i (sumofFactors-iter n (+ i 1)))]\n      [else (sumofFactors-iter n (+ i 1))]))\n  (sumofFactors-iter n 1))\n\n(require rackunit)\n\n(define (test-humaneval) \n\n  (let (( candidate sumofFactors))\n    (check-equal? (candidate 18) 26)\n    (check-equal? (candidate 30) 48)\n    (check-equal? (candidate 6) 8)\n))\n\n(test-humaneval)",
      "timestamp": 1666122422,
      "stdout": "",
      "stderr": "--------------------\nFAILURE\nname:       check-equal?\nlocation:   /tmp/tmpp8g380yn.rkt:17:4\nactual:     21\nexpected:   26\n--------------------\n--------------------\nFAILURE\nname:       check-equal?\nlocation:   /tmp/tmpp8g380yn.rkt:18:4\nactual:     42\nexpected:   48\n--------------------\n--------------------\nFAILURE\nname:       check-equal?\nlocation:   /tmp/tmpp8g380yn.rkt:19:4\nactual:     6\nexpected:   8\n--------------------\n",
      "exit_code": 0,
      "status": "Exception"
    },
    {
      "program": "#lang racket\n\n;; Write a python function to find the sum of even factors of a number.\n(define (sumofFactors n)\n  (define (sumofFactorsHelper n i)\n    (if (= i n)\n        0\n        (if (= 0 (modulo n i))\n            (+ i (sumofFactorsHelper n (+ i 1)))\n            (sumofFactorsHelper n (+ i 1)))))\n  (sumofFactorsHelper n 1))\n\n(require rackunit)\n\n(define (test-humaneval) \n\n  (let (( candidate sumofFactors))\n    (check-equal? (candidate 18) 26)\n    (check-equal? (candidate 30) 48)\n    (check-equal? (candidate 6) 8)\n))\n\n(test-humaneval)",
      "timestamp": 1666122422,
      "stdout": "",
      "stderr": "--------------------\nFAILURE\nname:       check-equal?\nlocation:   /tmp/tmprnguof8m.rkt:18:4\nactual:     21\nexpected:   26\n--------------------\n--------------------\nFAILURE\nname:       check-equal?\nlocation:   /tmp/tmprnguof8m.rkt:19:4\nactual:     42\nexpected:   48\n--------------------\n--------------------\nFAILURE\nname:       check-equal?\nlocation:   /tmp/tmprnguof8m.rkt:20:4\nactual:     6\nexpected:   8\n--------------------\n",
      "exit_code": 0,
      "status": "Exception"
    },
    {
      "program": "#lang racket\n\n;; Write a python function to find the sum of even factors of a number.\n(define (sumofFactors n)\n  (define (sumofFactors-iter n i sum)\n    (cond ((= i n) sum)\n          ((= 0 (modulo n i)) (+ sum i))\n          (else sum)))\n  (sumofFactors-iter n 1 0))\n\n(require rackunit)\n\n(define (test-humaneval) \n\n  (let (( candidate sumofFactors))\n    (check-equal? (candidate 18) 26)\n    (check-equal? (candidate 30) 48)\n    (check-equal? (candidate 6) 8)\n))\n\n(test-humaneval)",
      "timestamp": 1666122423,
      "stdout": "",
      "stderr": "--------------------\nFAILURE\nname:       check-equal?\nlocation:   /tmp/tmpx4jrv76g.rkt:16:4\nactual:     1\nexpected:   26\n--------------------\n--------------------\nFAILURE\nname:       check-equal?\nlocation:   /tmp/tmpx4jrv76g.rkt:17:4\nactual:     1\nexpected:   48\n--------------------\n--------------------\nFAILURE\nname:       check-equal?\nlocation:   /tmp/tmpx4jrv76g.rkt:18:4\nactual:     1\nexpected:   8\n--------------------\n",
      "exit_code": 0,
      "status": "Exception"
    },
    {
      "program": "#lang racket\n\n;; Write a python function to find the sum of even factors of a number.\n(define (sumofFactors n)\n  (define (sumofFactors-iter n i sum)\n    (cond\n      [(= i n) sum]\n      [(= 0 (modulo n i)) (sumofFactors-iter n (+ i 1) (+ sum i))]\n      [else (sumofFactors-iter n (+ i 1) sum)]))\n  (sumofFactors-iter n 1 0))\n\n(require rackunit)\n\n(define (test-humaneval) \n\n  (let (( candidate sumofFactors))\n    (check-equal? (candidate 18) 26)\n    (check-equal? (candidate 30) 48)\n    (check-equal? (candidate 6) 8)\n))\n\n(test-humaneval)",
      "timestamp": 1665509952,
      "stdout": "",
      "stderr": "--------------------\nFAILURE\nname:       check-equal?\nlocation:   /tmp/tmp7lqo10cx.rkt:17:4\nactual:     21\nexpected:   26\n--------------------\n--------------------\nFAILURE\nname:       check-equal?\nlocation:   /tmp/tmp7lqo10cx.rkt:18:4\nactual:     42\nexpected:   48\n--------------------\n--------------------\nFAILURE\nname:       check-equal?\nlocation:   /tmp/tmp7lqo10cx.rkt:19:4\nactual:     6\nexpected:   8\n--------------------\n",
      "exit_code": 0,
      "status": "Exception"
    },
    {
      "program": "#lang racket\n\n;; Write a python function to find the sum of even factors of a number.\n(define (sumofFactors n)\n  (for/sum ([i (in-range 1 (quotient n 2))]\n            #:when (even? i))\n    (if (zero? (modulo n i)) i 0)))\n\n(require rackunit)\n\n(define (test-humaneval) \n\n  (let (( candidate sumofFactors))\n    (check-equal? (candidate 18) 26)\n    (check-equal? (candidate 30) 48)\n    (check-equal? (candidate 6) 8)\n))\n\n(test-humaneval)",
      "timestamp": 1666122422,
      "stdout": "",
      "stderr": "--------------------\nFAILURE\nname:       check-equal?\nlocation:   /tmp/tmpmqwhjlkh.rkt:14:4\nactual:     8\nexpected:   26\n--------------------\n--------------------\nFAILURE\nname:       check-equal?\nlocation:   /tmp/tmpmqwhjlkh.rkt:15:4\nactual:     18\nexpected:   48\n--------------------\n--------------------\nFAILURE\nname:       check-equal?\nlocation:   /tmp/tmpmqwhjlkh.rkt:16:4\nactual:     2\nexpected:   8\n--------------------\n",
      "exit_code": 0,
      "status": "Exception"
    },
    {
      "program": "#lang racket\n\n;; Write a python function to find the sum of even factors of a number.\n(define (sumofFactors n)\n  (define (sumofFactors-iter n i)\n    (if (= i n)\n        0\n        (if (= (remainder n i) 0)\n            (+ i (sumofFactors-iter n (+ i 1)))\n            (sumofFactors-iter n (+ i 1)))))\n  (sumofFactors-iter n 1))\n\n(require rackunit)\n\n(define (test-humaneval) \n\n  (let (( candidate sumofFactors))\n    (check-equal? (candidate 18) 26)\n    (check-equal? (candidate 30) 48)\n    (check-equal? (candidate 6) 8)\n))\n\n(test-humaneval)",
      "timestamp": 1666122422,
      "stdout": "",
      "stderr": "--------------------\nFAILURE\nname:       check-equal?\nlocation:   /tmp/tmpicpj31c5.rkt:18:4\nactual:     21\nexpected:   26\n--------------------\n--------------------\nFAILURE\nname:       check-equal?\nlocation:   /tmp/tmpicpj31c5.rkt:19:4\nactual:     42\nexpected:   48\n--------------------\n--------------------\nFAILURE\nname:       check-equal?\nlocation:   /tmp/tmpicpj31c5.rkt:20:4\nactual:     6\nexpected:   8\n--------------------\n",
      "exit_code": 0,
      "status": "Exception"
    },
    {
      "program": "#lang racket\n\n;; Write a python function to find the sum of even factors of a number.\n(define (sumofFactors n)\n  (define (sumofFactors-iter n i sum)\n    (cond\n      [(= i n) sum]\n      [(= (modulo n i) 0) (sumofFactors-iter n (+ i 1) (+ sum i))]\n      [else (sumofFactors-iter n (+ i 1) sum)]))\n  (sumofFactors-iter n 1 0))\n\n(require rackunit)\n\n(define (test-humaneval) \n\n  (let (( candidate sumofFactors))\n    (check-equal? (candidate 18) 26)\n    (check-equal? (candidate 30) 48)\n    (check-equal? (candidate 6) 8)\n))\n\n(test-humaneval)",
      "timestamp": 1665509952,
      "stdout": "",
      "stderr": "--------------------\nFAILURE\nname:       check-equal?\nlocation:   /tmp/tmpolfojwxb.rkt:17:4\nactual:     21\nexpected:   26\n--------------------\n--------------------\nFAILURE\nname:       check-equal?\nlocation:   /tmp/tmpolfojwxb.rkt:18:4\nactual:     42\nexpected:   48\n--------------------\n--------------------\nFAILURE\nname:       check-equal?\nlocation:   /tmp/tmpolfojwxb.rkt:19:4\nactual:     6\nexpected:   8\n--------------------\n",
      "exit_code": 0,
      "status": "Exception"
    },
    {
      "program": "#lang racket\n\n;; Write a python function to find the sum of even factors of a number.\n(define (sumofFactors n)\n  (define (sumofFactors-iter n i sum)\n    (cond\n      [(= n i) sum]\n      [(= 0 (modulo n i)) (sumofFactors-iter n (+ i 1) (+ sum i))]\n      [else (sumofFactors-iter n (+ i 1) sum)]))\n  (sumofFactors-iter n 1 0))\n\n(require rackunit)\n\n(define (test-humaneval) \n\n  (let (( candidate sumofFactors))\n    (check-equal? (candidate 18) 26)\n    (check-equal? (candidate 30) 48)\n    (check-equal? (candidate 6) 8)\n))\n\n(test-humaneval)",
      "timestamp": 1666122422,
      "stdout": "",
      "stderr": "--------------------\nFAILURE\nname:       check-equal?\nlocation:   /tmp/tmp6kwxv9mv.rkt:17:4\nactual:     21\nexpected:   26\n--------------------\n--------------------\nFAILURE\nname:       check-equal?\nlocation:   /tmp/tmp6kwxv9mv.rkt:18:4\nactual:     42\nexpected:   48\n--------------------\n--------------------\nFAILURE\nname:       check-equal?\nlocation:   /tmp/tmp6kwxv9mv.rkt:19:4\nactual:     6\nexpected:   8\n--------------------\n",
      "exit_code": 0,
      "status": "Exception"
    },
    {
      "program": "#lang racket\n\n;; Write a python function to find the sum of even factors of a number.\n(define (sumofFactors n)\n  (define (sumofFactors-iter n sum)\n    (cond ((= n 0) sum)\n          ((even? n) (sumofFactors-iter (- n 1) (+ n sum)))\n          (else (sumofFactors-iter (- n 1) sum))))\n  (sumofFactors-iter n 0))\n\n(require rackunit)\n\n(define (test-humaneval) \n\n  (let (( candidate sumofFactors))\n    (check-equal? (candidate 18) 26)\n    (check-equal? (candidate 30) 48)\n    (check-equal? (candidate 6) 8)\n))\n\n(test-humaneval)",
      "timestamp": 1666122422,
      "stdout": "",
      "stderr": "--------------------\nFAILURE\nname:       check-equal?\nlocation:   /tmp/tmp3q7k1g5m.rkt:16:4\nactual:     90\nexpected:   26\n--------------------\n--------------------\nFAILURE\nname:       check-equal?\nlocation:   /tmp/tmp3q7k1g5m.rkt:17:4\nactual:     240\nexpected:   48\n--------------------\n--------------------\nFAILURE\nname:       check-equal?\nlocation:   /tmp/tmp3q7k1g5m.rkt:18:4\nactual:     12\nexpected:   8\n--------------------\n",
      "exit_code": 0,
      "status": "Exception"
    },
    {
      "program": "#lang racket\n\n;; Write a python function to find the sum of even factors of a number.\n(define (sumofFactors n)\n  (define (sumofFactors-iter n i sum)\n    (cond\n      [(= i n) sum]\n      [(= 0 (modulo n i)) (sumofFactors-iter n (+ i 1) (+ sum i))]\n      [else (sumofFactors-iter n (+ i 1) sum)]))\n  (sumofFactors-iter n 1 0))\n\n(require rackunit)\n\n(define (test-humaneval) \n\n  (let (( candidate sumofFactors))\n    (check-equal? (candidate 18) 26)\n    (check-equal? (candidate 30) 48)\n    (check-equal? (candidate 6) 8)\n))\n\n(test-humaneval)",
      "timestamp": 1665509952,
      "stdout": "",
      "stderr": "--------------------\nFAILURE\nname:       check-equal?\nlocation:   /tmp/tmp7lqo10cx.rkt:17:4\nactual:     21\nexpected:   26\n--------------------\n--------------------\nFAILURE\nname:       check-equal?\nlocation:   /tmp/tmp7lqo10cx.rkt:18:4\nactual:     42\nexpected:   48\n--------------------\n--------------------\nFAILURE\nname:       check-equal?\nlocation:   /tmp/tmp7lqo10cx.rkt:19:4\nactual:     6\nexpected:   8\n--------------------\n",
      "exit_code": 0,
      "status": "Exception"
    },
    {
      "program": "#lang racket\n\n;; Write a python function to find the sum of even factors of a number.\n(define (sumofFactors n)\n  (define (sumofFactors-iter n i)\n    (if (&gt; i n)\n        0\n        (+ (if (even? i)\n               i\n               0)\n           (sumofFactors-iter n (+ i 1)))))\n  (sumofFactors-iter n 1))\n\n(require rackunit)\n\n(define (test-humaneval) \n\n  (let (( candidate sumofFactors))\n    (check-equal? (candidate 18) 26)\n    (check-equal? (candidate 30) 48)\n    (check-equal? (candidate 6) 8)\n))\n\n(test-humaneval)",
      "timestamp": 1666122422,
      "stdout": "",
      "stderr": "/tmp/tmppxkba6lb.rkt:4:0: read-syntax: expected a `)` to close `(`\n  possible cause: indentation suggests a missing `)` before line 14\n  context...:\n   /work/arjunguha-research-group/software/racket/collects/syntax/module-reader.rkt:186:17: body\n   /work/arjunguha-research-group/software/racket/collects/syntax/module-reader.rkt:183:2: wrap-internal\n   /work/arjunguha-research-group/software/racket/collects/racket/../syntax/module-reader.rkt:67:9: wrap-internal/wrapper\n",
      "exit_code": 1,
      "status": "SyntaxError"
    },
    {
      "program": "#lang racket\n\n;; Write a python function to find the sum of even factors of a number.\n(define (sumofFactors n)\n  (define (sumofFactors-iter n i)\n    (cond\n      [(= i n) 0]\n      [(= (modulo n i) 0) (+ i (sumofFactors-iter n (+ i 1)))]\n      [else (sumofFactors-iter n (+ i 1))]))\n  (sumofFactors-iter n 1))\n\n(require rackunit)\n\n(define (test-humaneval) \n\n  (let (( candidate sumofFactors))\n    (check-equal? (candidate 18) 26)\n    (check-equal? (candidate 30) 48)\n    (check-equal? (candidate 6) 8)\n))\n\n(test-humaneval)",
      "timestamp": 1665509952,
      "stdout": "",
      "stderr": "--------------------\nFAILURE\nname:       check-equal?\nlocation:   /tmp/tmpw1k4djp_.rkt:17:4\nactual:     21\nexpected:   26\n--------------------\n--------------------\nFAILURE\nname:       check-equal?\nlocation:   /tmp/tmpw1k4djp_.rkt:18:4\nactual:     42\nexpected:   48\n--------------------\n--------------------\nFAILURE\nname:       check-equal?\nlocation:   /tmp/tmpw1k4djp_.rkt:19:4\nactual:     6\nexpected:   8\n--------------------\n",
      "exit_code": 0,
      "status": "Exception"
    },
    {
      "program": "#lang racket\n\n;; Write a python function to find the sum of even factors of a number.\n(define (sumofFactors n)\n  (define (sumofFactors-iter n i sum)\n    (cond ((&gt; i n) sum)\n          ((= (modulo n i) 0) (sumofFactors-iter n (+ i 1) (+ sum i)))\n          (else (sumofFactors-iter n (+ i 1) sum))))\n  (sumofFactors-iter n 1 0))\n\n(require rackunit)\n\n(define (test-humaneval) \n\n  (let (( candidate sumofFactors))\n    (check-equal? (candidate 18) 26)\n    (check-equal? (candidate 30) 48)\n    (check-equal? (candidate 6) 8)\n))\n\n(test-humaneval)",
      "timestamp": 1666122422,
      "stdout": "",
      "stderr": "/tmp/tmpbqaydnrt.rkt:5:2: read-syntax: expected a `)` to close `(`\n  possible cause: indentation suggests a missing `)` before line 11\n  context...:\n   /work/arjunguha-research-group/software/racket/collects/syntax/module-reader.rkt:186:17: body\n   /work/arjunguha-research-group/software/racket/collects/syntax/module-reader.rkt:183:2: wrap-internal\n   /work/arjunguha-research-group/software/racket/collects/racket/../syntax/module-reader.rkt:67:9: wrap-internal/wrapper\n",
      "exit_code": 1,
      "status": "SyntaxError"
    },
    {
      "program": "#lang racket\n\n;; Write a python function to find the sum of even factors of a number.\n(define (sumofFactors n)\n  (define (sumofFactors-iter n i sum)\n    (cond [(= i n) sum]\n          [(= (modulo n i) 0) (sumofFactors-iter n (+ i 1) (+ sum i))]\n          [else (sumofFactors-iter n (+ i 1) sum)]))\n  (sumofFactors-iter n 1 0))\n\n(require rackunit)\n\n(define (test-humaneval) \n\n  (let (( candidate sumofFactors))\n    (check-equal? (candidate 18) 26)\n    (check-equal? (candidate 30) 48)\n    (check-equal? (candidate 6) 8)\n))\n\n(test-humaneval)",
      "timestamp": 1666122422,
      "stdout": "",
      "stderr": "--------------------\nFAILURE\nname:       check-equal?\nlocation:   /tmp/tmpfgcbq9ld.rkt:16:4\nactual:     21\nexpected:   26\n--------------------\n--------------------\nFAILURE\nname:       check-equal?\nlocation:   /tmp/tmpfgcbq9ld.rkt:17:4\nactual:     42\nexpected:   48\n--------------------\n--------------------\nFAILURE\nname:       check-equal?\nlocation:   /tmp/tmpfgcbq9ld.rkt:18:4\nactual:     6\nexpected:   8\n--------------------\n",
      "exit_code": 0,
      "status": "Exception"
    },
    {
      "program": "#lang racket\n\n;; Write a python function to find the sum of even factors of a number.\n(define (sumofFactors n)\n  (define (sumofFactors-iter i sum)\n    (cond\n      [(= i n) sum]\n      [(= (modulo n i) 0) (sumofFactors-iter (+ i 1) (+ sum i))]\n      [else (sumofFactors-iter (+ i 1) sum)]))\n  (sumofFactors-iter 1 0))\n\n(require rackunit)\n\n(define (test-humaneval) \n\n  (let (( candidate sumofFactors))\n    (check-equal? (candidate 18) 26)\n    (check-equal? (candidate 30) 48)\n    (check-equal? (candidate 6) 8)\n))\n\n(test-humaneval)",
      "timestamp": 1666122422,
      "stdout": "",
      "stderr": "--------------------\nFAILURE\nname:       check-equal?\nlocation:   /tmp/tmp2v3qls3b.rkt:17:4\nactual:     21\nexpected:   26\n--------------------\n--------------------\nFAILURE\nname:       check-equal?\nlocation:   /tmp/tmp2v3qls3b.rkt:18:4\nactual:     42\nexpected:   48\n--------------------\n--------------------\nFAILURE\nname:       check-equal?\nlocation:   /tmp/tmp2v3qls3b.rkt:19:4\nactual:     6\nexpected:   8\n--------------------\n",
      "exit_code": 0,
      "status": "Exception"
    },
    {
      "program": "#lang racket\n\n;; Write a python function to find the sum of even factors of a number.\n(define (sumofFactors n)\n  (define (sumofFactors-helper n i)\n    (if (= i n)\n        0\n        (+ (if (= (modulo n i) 0)\n               i\n               0)\n           (sumofFactors-helper n (+ i 1)))))\n  (sumofFactors-helper n 1))\n\n(require rackunit)\n\n(define (test-humaneval) \n\n  (let (( candidate sumofFactors))\n    (check-equal? (candidate 18) 26)\n    (check-equal? (candidate 30) 48)\n    (check-equal? (candidate 6) 8)\n))\n\n(test-humaneval)",
      "timestamp": 1666122422,
      "stdout": "",
      "stderr": "--------------------\nFAILURE\nname:       check-equal?\nlocation:   /tmp/tmpe8bs8aba.rkt:19:4\nactual:     21\nexpected:   26\n--------------------\n--------------------\nFAILURE\nname:       check-equal?\nlocation:   /tmp/tmpe8bs8aba.rkt:20:4\nactual:     42\nexpected:   48\n--------------------\n--------------------\nFAILURE\nname:       check-equal?\nlocation:   /tmp/tmpe8bs8aba.rkt:21:4\nactual:     6\nexpected:   8\n--------------------\n",
      "exit_code": 0,
      "status": "Exception"
    },
    {
      "program": "#lang racket\n\n;; Write a python function to find the sum of even factors of a number.\n(define (sumofFactors n)\n  (define (sumofFactors-iter n i sum)\n    (if (= i n)\n        sum\n        (if (= (modulo n i) 0)\n            (if (even? i)\n                (sumofFactors-iter n (+ i 1) (+ sum i))\n                (sumofFactors-iter n (+ i 1) sum))\n            (sumofFactors-iter n (+ i 1) sum))))\n  (sumofFactors-iter n 1 0))\n\n(require rackunit)\n\n(define (test-humaneval) \n\n  (let (( candidate sumofFactors))\n    (check-equal? (candidate 18) 26)\n    (check-equal? (candidate 30) 48)\n    (check-equal? (candidate 6) 8)\n))\n\n(test-humaneval)",
      "timestamp": 1666122422,
      "stdout": "",
      "stderr": "--------------------\nFAILURE\nname:       check-equal?\nlocation:   /tmp/tmp275340hx.rkt:20:4\nactual:     8\nexpected:   26\n--------------------\n--------------------\nFAILURE\nname:       check-equal?\nlocation:   /tmp/tmp275340hx.rkt:21:4\nactual:     18\nexpected:   48\n--------------------\n--------------------\nFAILURE\nname:       check-equal?\nlocation:   /tmp/tmp275340hx.rkt:22:4\nactual:     2\nexpected:   8\n--------------------\n",
      "exit_code": 0,
      "status": "Exception"
    },
    {
      "program": "#lang racket\n\n;; Write a python function to find the sum of even factors of a number.\n(define (sumofFactors n)\n  (define (sumofFactors-iter n i)\n    (cond ((= i n) 0)\n          ((= 0 (modulo n i)) (+ i (sumofFactors-iter n (+ i 1))))\n          (else (sumofFactors-iter n (+ i 1)))))\n  (sumofFactors-iter n 1))\n\n(require rackunit)\n\n(define (test-humaneval) \n\n  (let (( candidate sumofFactors))\n    (check-equal? (candidate 18) 26)\n    (check-equal? (candidate 30) 48)\n    (check-equal? (candidate 6) 8)\n))\n\n(test-humaneval)",
      "timestamp": 1666122423,
      "stdout": "",
      "stderr": "--------------------\nFAILURE\nname:       check-equal?\nlocation:   /tmp/tmp1tvzturl.rkt:16:4\nactual:     21\nexpected:   26\n--------------------\n--------------------\nFAILURE\nname:       check-equal?\nlocation:   /tmp/tmp1tvzturl.rkt:17:4\nactual:     42\nexpected:   48\n--------------------\n--------------------\nFAILURE\nname:       check-equal?\nlocation:   /tmp/tmp1tvzturl.rkt:18:4\nactual:     6\nexpected:   8\n--------------------\n",
      "exit_code": 0,
      "status": "Exception"
    },
    {
      "program": "#lang racket\n\n;; Write a python function to find the sum of even factors of a number.\n(define (sumofFactors n)\n  (define (sumofFactors-iter n i sum)\n    (cond\n      [(= i n) sum]\n      [(= 0 (modulo n i)) (sumofFactors-iter n (+ i 1) (+ sum i))]\n      [else (sumofFactors-iter n (+ i 1) sum)]))\n  (sumofFactors-iter n 1 0))\n\n(require rackunit)\n\n(define (test-humaneval) \n\n  (let (( candidate sumofFactors))\n    (check-equal? (candidate 18) 26)\n    (check-equal? (candidate 30) 48)\n    (check-equal? (candidate 6) 8)\n))\n\n(test-humaneval)",
      "timestamp": 1665509952,
      "stdout": "",
      "stderr": "--------------------\nFAILURE\nname:       check-equal?\nlocation:   /tmp/tmp7lqo10cx.rkt:17:4\nactual:     21\nexpected:   26\n--------------------\n--------------------\nFAILURE\nname:       check-equal?\nlocation:   /tmp/tmp7lqo10cx.rkt:18:4\nactual:     42\nexpected:   48\n--------------------\n--------------------\nFAILURE\nname:       check-equal?\nlocation:   /tmp/tmp7lqo10cx.rkt:19:4\nactual:     6\nexpected:   8\n--------------------\n",
      "exit_code": 0,
      "status": "Exception"
    },
    {
      "program": "#lang racket\n\n;; Write a python function to find the sum of even factors of a number.\n(define (sumofFactors n)\n  (define (sumofFactors-iter n i sum)\n    (cond ((&gt; i n) sum)\n          ((= (modulo n i) 0) (sumofFactors-iter n (+ i 1) (+ sum i)))\n          (else (sumofFactors-iter n (+ i 1) sum))))\n  (sumofFactors-iter n 1 0))\n\n(require rackunit)\n\n(define (test-humaneval) \n\n  (let (( candidate sumofFactors))\n    (check-equal? (candidate 18) 26)\n    (check-equal? (candidate 30) 48)\n    (check-equal? (candidate 6) 8)\n))\n\n(test-humaneval)",
      "timestamp": 1666122422,
      "stdout": "",
      "stderr": "/tmp/tmpbqaydnrt.rkt:5:2: read-syntax: expected a `)` to close `(`\n  possible cause: indentation suggests a missing `)` before line 11\n  context...:\n   /work/arjunguha-research-group/software/racket/collects/syntax/module-reader.rkt:186:17: body\n   /work/arjunguha-research-group/software/racket/collects/syntax/module-reader.rkt:183:2: wrap-internal\n   /work/arjunguha-research-group/software/racket/collects/racket/../syntax/module-reader.rkt:67:9: wrap-internal/wrapper\n",
      "exit_code": 1,
      "status": "SyntaxError"
    },
    {
      "program": "#lang racket\n\n;; Write a python function to find the sum of even factors of a number.\n(define (sumofFactors n)\n  (define (sumofFactors-iter n i sum)\n    (cond\n      [(= i n) sum]\n      [(= 0 (modulo n i)) (sumofFactors-iter n (+ i 1) (+ sum i))]\n      [else (sumofFactors-iter n (+ i 1) sum)]))\n  (sumofFactors-iter n 1 0))\n\n(require rackunit)\n\n(define (test-humaneval) \n\n  (let (( candidate sumofFactors))\n    (check-equal? (candidate 18) 26)\n    (check-equal? (candidate 30) 48)\n    (check-equal? (candidate 6) 8)\n))\n\n(test-humaneval)",
      "timestamp": 1665509952,
      "stdout": "",
      "stderr": "--------------------\nFAILURE\nname:       check-equal?\nlocation:   /tmp/tmp7lqo10cx.rkt:17:4\nactual:     21\nexpected:   26\n--------------------\n--------------------\nFAILURE\nname:       check-equal?\nlocation:   /tmp/tmp7lqo10cx.rkt:18:4\nactual:     42\nexpected:   48\n--------------------\n--------------------\nFAILURE\nname:       check-equal?\nlocation:   /tmp/tmp7lqo10cx.rkt:19:4\nactual:     6\nexpected:   8\n--------------------\n",
      "exit_code": 0,
      "status": "Exception"
    },
    {
      "program": "#lang racket\n\n;; Write a python function to find the sum of even factors of a number.\n(define (sumofFactors n)\n  (define (sumofFactorsHelper n i)\n    (cond\n      [(= i n) 0]\n      [(= 0 (modulo n i)) (+ i (sumofFactorsHelper n (+ i 1)))]\n      [else (sumofFactorsHelper n (+ i 1))]))\n  (sumofFactorsHelper n 1))\n\n(require rackunit)\n\n(define (test-humaneval) \n\n  (let (( candidate sumofFactors))\n    (check-equal? (candidate 18) 26)\n    (check-equal? (candidate 30) 48)\n    (check-equal? (candidate 6) 8)\n))\n\n(test-humaneval)",
      "timestamp": 1666122423,
      "stdout": "",
      "stderr": "--------------------\nFAILURE\nname:       check-equal?\nlocation:   /tmp/tmpahkb4zhd.rkt:17:4\nactual:     21\nexpected:   26\n--------------------\n--------------------\nFAILURE\nname:       check-equal?\nlocation:   /tmp/tmpahkb4zhd.rkt:18:4\nactual:     42\nexpected:   48\n--------------------\n--------------------\nFAILURE\nname:       check-equal?\nlocation:   /tmp/tmpahkb4zhd.rkt:19:4\nactual:     6\nexpected:   8\n--------------------\n",
      "exit_code": 0,
      "status": "Exception"
    },
    {
      "program": "#lang racket\n\n;; Write a python function to find the sum of even factors of a number.\n(define (sumofFactors n)\n  (define (sumofFactors-iter n sum)\n    (cond\n      [(= n 0) sum]\n      [(= (remainder n 2) 0) (sumofFactors-iter (- n 1) (+ sum n))]\n      [else (sumofFactors-iter (- n 1) sum)]))\n  (sumofFactors-iter n 0))\n\n(require rackunit)\n\n(define (test-humaneval) \n\n  (let (( candidate sumofFactors))\n    (check-equal? (candidate 18) 26)\n    (check-equal? (candidate 30) 48)\n    (check-equal? (candidate 6) 8)\n))\n\n(test-humaneval)",
      "timestamp": 1666122423,
      "stdout": "",
      "stderr": "--------------------\nFAILURE\nname:       check-equal?\nlocation:   /tmp/tmpa9pb7s21.rkt:17:4\nactual:     90\nexpected:   26\n--------------------\n--------------------\nFAILURE\nname:       check-equal?\nlocation:   /tmp/tmpa9pb7s21.rkt:18:4\nactual:     240\nexpected:   48\n--------------------\n--------------------\nFAILURE\nname:       check-equal?\nlocation:   /tmp/tmpa9pb7s21.rkt:19:4\nactual:     12\nexpected:   8\n--------------------\n",
      "exit_code": 0,
      "status": "Exception"
    },
    {
      "program": "#lang racket\n\n;; Write a python function to find the sum of even factors of a number.\n(define (sumofFactors n)\n  (define (sumofFactors-iter n i sum)\n    (cond ((&gt; i n) sum)\n          ((even? i) (sumofFactors-iter n (+ i 1) (+ sum i)))\n          (else (sumofFactors-iter n (+ i 1) sum))))\n  (sumofFactors-iter n 1 0))\n\n(require rackunit)\n\n(define (test-humaneval) \n\n  (let (( candidate sumofFactors))\n    (check-equal? (candidate 18) 26)\n    (check-equal? (candidate 30) 48)\n    (check-equal? (candidate 6) 8)\n))\n\n(test-humaneval)",
      "timestamp": 1666122422,
      "stdout": "",
      "stderr": "/tmp/tmp_368bq13.rkt:5:2: read-syntax: expected a `)` to close `(`\n  possible cause: indentation suggests a missing `)` before line 11\n  context...:\n   /work/arjunguha-research-group/software/racket/collects/syntax/module-reader.rkt:186:17: body\n   /work/arjunguha-research-group/software/racket/collects/syntax/module-reader.rkt:183:2: wrap-internal\n   /work/arjunguha-research-group/software/racket/collects/racket/../syntax/module-reader.rkt:67:9: wrap-internal/wrapper\n",
      "exit_code": 1,
      "status": "SyntaxError"
    },
    {
      "program": "#lang racket\n\n;; Write a python function to find the sum of even factors of a number.\n(define (sumofFactors n)\n  (define (sumofFactors-iter n i sum)\n    (cond\n      [(= i n) sum]\n      [(= 0 (modulo n i)) (sumofFactors-iter n (+ i 1) (+ sum i))]\n      [else (sumofFactors-iter n (+ i 1) sum)]))\n  (sumofFactors-iter n 1 0))\n\n(require rackunit)\n\n(define (test-humaneval) \n\n  (let (( candidate sumofFactors))\n    (check-equal? (candidate 18) 26)\n    (check-equal? (candidate 30) 48)\n    (check-equal? (candidate 6) 8)\n))\n\n(test-humaneval)",
      "timestamp": 1665509952,
      "stdout": "",
      "stderr": "--------------------\nFAILURE\nname:       check-equal?\nlocation:   /tmp/tmp7lqo10cx.rkt:17:4\nactual:     21\nexpected:   26\n--------------------\n--------------------\nFAILURE\nname:       check-equal?\nlocation:   /tmp/tmp7lqo10cx.rkt:18:4\nactual:     42\nexpected:   48\n--------------------\n--------------------\nFAILURE\nname:       check-equal?\nlocation:   /tmp/tmp7lqo10cx.rkt:19:4\nactual:     6\nexpected:   8\n--------------------\n",
      "exit_code": 0,
      "status": "Exception"
    },
    {
      "program": "#lang racket\n\n;; Write a python function to find the sum of even factors of a number.\n(define (sumofFactors n)\n  (define (sumofFactors-iter n i)\n    (if (= n i)\n        0\n        (if (= 0 (modulo n i))\n            (+ i (sumofFactors-iter n (+ i 1)))\n            (sumofFactors-iter n (+ i 1)))))\n  (sumofFactors-iter n 1))\n\n(require rackunit)\n\n(define (test-humaneval) \n\n  (let (( candidate sumofFactors))\n    (check-equal? (candidate 18) 26)\n    (check-equal? (candidate 30) 48)\n    (check-equal? (candidate 6) 8)\n))\n\n(test-humaneval)",
      "timestamp": 1666122423,
      "stdout": "",
      "stderr": "--------------------\nFAILURE\nname:       check-equal?\nlocation:   /tmp/tmpv87o7xoq.rkt:18:4\nactual:     21\nexpected:   26\n--------------------\n--------------------\nFAILURE\nname:       check-equal?\nlocation:   /tmp/tmpv87o7xoq.rkt:19:4\nactual:     42\nexpected:   48\n--------------------\n--------------------\nFAILURE\nname:       check-equal?\nlocation:   /tmp/tmpv87o7xoq.rkt:20:4\nactual:     6\nexpected:   8\n--------------------\n",
      "exit_code": 0,
      "status": "Exception"
    },
    {
      "program": "#lang racket\n\n;; Write a python function to find the sum of even factors of a number.\n(define (sumofFactors n)\n  (define (helper n i)\n    (cond\n      [(= i n) 0]\n      [(= (modulo n i) 0) (+ i (helper n (+ i 1)))]\n      [else (helper n (+ i 1))]))\n  (helper n 1))\n\n(require rackunit)\n\n(define (test-humaneval) \n\n  (let (( candidate sumofFactors))\n    (check-equal? (candidate 18) 26)\n    (check-equal? (candidate 30) 48)\n    (check-equal? (candidate 6) 8)\n))\n\n(test-humaneval)",
      "timestamp": 1666122423,
      "stdout": "",
      "stderr": "--------------------\nFAILURE\nname:       check-equal?\nlocation:   /tmp/tmpafw9e_1o.rkt:17:4\nactual:     21\nexpected:   26\n--------------------\n--------------------\nFAILURE\nname:       check-equal?\nlocation:   /tmp/tmpafw9e_1o.rkt:18:4\nactual:     42\nexpected:   48\n--------------------\n--------------------\nFAILURE\nname:       check-equal?\nlocation:   /tmp/tmpafw9e_1o.rkt:19:4\nactual:     6\nexpected:   8\n--------------------\n",
      "exit_code": 0,
      "status": "Exception"
    },
    {
      "program": "#lang racket\n\n;; Write a python function to find the sum of even factors of a number.\n(define (sumofFactors n)\n  (define (sumofFactors-iter n i sum)\n    (cond\n      [(= i n) sum]\n      [(= (modulo n i) 0) (sumofFactors-iter n (+ i 1) (+ sum i))]\n      [else (sumofFactors-iter n (+ i 1) sum)]))\n  (sumofFactors-iter n 1 0))\n\n(require rackunit)\n\n(define (test-humaneval) \n\n  (let (( candidate sumofFactors))\n    (check-equal? (candidate 18) 26)\n    (check-equal? (candidate 30) 48)\n    (check-equal? (candidate 6) 8)\n))\n\n(test-humaneval)",
      "timestamp": 1665509952,
      "stdout": "",
      "stderr": "--------------------\nFAILURE\nname:       check-equal?\nlocation:   /tmp/tmpolfojwxb.rkt:17:4\nactual:     21\nexpected:   26\n--------------------\n--------------------\nFAILURE\nname:       check-equal?\nlocation:   /tmp/tmpolfojwxb.rkt:18:4\nactual:     42\nexpected:   48\n--------------------\n--------------------\nFAILURE\nname:       check-equal?\nlocation:   /tmp/tmpolfojwxb.rkt:19:4\nactual:     6\nexpected:   8\n--------------------\n",
      "exit_code": 0,
      "status": "Exception"
    },
    {
      "program": "#lang racket\n\n;; Write a python function to find the sum of even factors of a number.\n(define (sumofFactors n)\n  (define (sumofFactors-iter n i sum)\n    (cond\n      [(= i n) sum]\n      [(= 0 (modulo n i)) (sumofFactors-iter n (+ i 1) (+ sum i))]\n      [else (sumofFactors-iter n (+ i 1) sum)]))\n  (sumofFactors-iter n 1 0))\n\n(require rackunit)\n\n(define (test-humaneval) \n\n  (let (( candidate sumofFactors))\n    (check-equal? (candidate 18) 26)\n    (check-equal? (candidate 30) 48)\n    (check-equal? (candidate 6) 8)\n))\n\n(test-humaneval)",
      "timestamp": 1665509952,
      "stdout": "",
      "stderr": "--------------------\nFAILURE\nname:       check-equal?\nlocation:   /tmp/tmp7lqo10cx.rkt:17:4\nactual:     21\nexpected:   26\n--------------------\n--------------------\nFAILURE\nname:       check-equal?\nlocation:   /tmp/tmp7lqo10cx.rkt:18:4\nactual:     42\nexpected:   48\n--------------------\n--------------------\nFAILURE\nname:       check-equal?\nlocation:   /tmp/tmp7lqo10cx.rkt:19:4\nactual:     6\nexpected:   8\n--------------------\n",
      "exit_code": 0,
      "status": "Exception"
    },
    {
      "program": "#lang racket\n\n;; Write a python function to find the sum of even factors of a number.\n(define (sumofFactors n)\n  (define (sumofFactors-iter n i)\n    (cond\n      [(= i n) 0]\n      [(= (remainder n i) 0) (+ i (sumofFactors-iter n (+ i 1)))]\n      [else (sumofFactors-iter n (+ i 1))]))\n  (sumofFactors-iter n 1))\n\n(require rackunit)\n\n(define (test-humaneval) \n\n  (let (( candidate sumofFactors))\n    (check-equal? (candidate 18) 26)\n    (check-equal? (candidate 30) 48)\n    (check-equal? (candidate 6) 8)\n))\n\n(test-humaneval)",
      "timestamp": 1666122423,
      "stdout": "",
      "stderr": "--------------------\nFAILURE\nname:       check-equal?\nlocation:   /tmp/tmp_6d_4s8g.rkt:17:4\nactual:     21\nexpected:   26\n--------------------\n--------------------\nFAILURE\nname:       check-equal?\nlocation:   /tmp/tmp_6d_4s8g.rkt:18:4\nactual:     42\nexpected:   48\n--------------------\n--------------------\nFAILURE\nname:       check-equal?\nlocation:   /tmp/tmp_6d_4s8g.rkt:19:4\nactual:     6\nexpected:   8\n--------------------\n",
      "exit_code": 0,
      "status": "Exception"
    },
    {
      "program": "#lang racket\n\n;; Write a python function to find the sum of even factors of a number.\n(define (sumofFactors n)\n  (define (sumofFactors-iter n i)\n    (cond ((= i n) 0)\n          ((= 0 (modulo n i)) (+ i (sumofFactors-iter n (+ i 1))))\n          (else (sumofFactors-iter n (+ i 1)))))\n  (sumofFactors-iter n 1))\n\n(require rackunit)\n\n(define (test-humaneval) \n\n  (let (( candidate sumofFactors))\n    (check-equal? (candidate 18) 26)\n    (check-equal? (candidate 30) 48)\n    (check-equal? (candidate 6) 8)\n))\n\n(test-humaneval)",
      "timestamp": 1666122423,
      "stdout": "",
      "stderr": "--------------------\nFAILURE\nname:       check-equal?\nlocation:   /tmp/tmp1tvzturl.rkt:16:4\nactual:     21\nexpected:   26\n--------------------\n--------------------\nFAILURE\nname:       check-equal?\nlocation:   /tmp/tmp1tvzturl.rkt:17:4\nactual:     42\nexpected:   48\n--------------------\n--------------------\nFAILURE\nname:       check-equal?\nlocation:   /tmp/tmp1tvzturl.rkt:18:4\nactual:     6\nexpected:   8\n--------------------\n",
      "exit_code": 0,
      "status": "Exception"
    },
    {
      "program": "#lang racket\n\n;; Write a python function to find the sum of even factors of a number.\n(define (sumofFactors n)\n  (define (sumofFactorsHelper n i)\n    (cond\n      [(= i n) 0]\n      [(= 0 (modulo n i)) (+ i (sumofFactorsHelper n (+ i 1)))]\n      [else (sumofFactorsHelper n (+ i 1))]))\n  (sumofFactorsHelper n 1))\n\n(require rackunit)\n\n(define (test-humaneval) \n\n  (let (( candidate sumofFactors))\n    (check-equal? (candidate 18) 26)\n    (check-equal? (candidate 30) 48)\n    (check-equal? (candidate 6) 8)\n))\n\n(test-humaneval)",
      "timestamp": 1666122423,
      "stdout": "",
      "stderr": "--------------------\nFAILURE\nname:       check-equal?\nlocation:   /tmp/tmpahkb4zhd.rkt:17:4\nactual:     21\nexpected:   26\n--------------------\n--------------------\nFAILURE\nname:       check-equal?\nlocation:   /tmp/tmpahkb4zhd.rkt:18:4\nactual:     42\nexpected:   48\n--------------------\n--------------------\nFAILURE\nname:       check-equal?\nlocation:   /tmp/tmpahkb4zhd.rkt:19:4\nactual:     6\nexpected:   8\n--------------------\n",
      "exit_code": 0,
      "status": "Exception"
    },
    {
      "program": "#lang racket\n\n;; Write a python function to find the sum of even factors of a number.\n(define (sumofFactors n)\n  (define (sumofFactors-iter n i sum)\n    (cond\n      [(= i n) sum]\n      [(= 0 (modulo n i)) (sumofFactors-iter n (+ i 1) (+ sum i))]\n      [else (sumofFactors-iter n (+ i 1) sum)]))\n  (sumofFactors-iter n 1 0))\n\n(require rackunit)\n\n(define (test-humaneval) \n\n  (let (( candidate sumofFactors))\n    (check-equal? (candidate 18) 26)\n    (check-equal? (candidate 30) 48)\n    (check-equal? (candidate 6) 8)\n))\n\n(test-humaneval)",
      "timestamp": 1665509952,
      "stdout": "",
      "stderr": "--------------------\nFAILURE\nname:       check-equal?\nlocation:   /tmp/tmp7lqo10cx.rkt:17:4\nactual:     21\nexpected:   26\n--------------------\n--------------------\nFAILURE\nname:       check-equal?\nlocation:   /tmp/tmp7lqo10cx.rkt:18:4\nactual:     42\nexpected:   48\n--------------------\n--------------------\nFAILURE\nname:       check-equal?\nlocation:   /tmp/tmp7lqo10cx.rkt:19:4\nactual:     6\nexpected:   8\n--------------------\n",
      "exit_code": 0,
      "status": "Exception"
    },
    {
      "program": "#lang racket\n\n;; Write a python function to find the sum of even factors of a number.\n(define (sumofFactors n)\n  (define (sumofFactors-iter n i sum)\n    (cond\n      [(= i n) sum]\n      [(= 0 (modulo n i)) (sumofFactors-iter n (+ i 1) (+ sum i))]\n      [else (sumofFactors-iter n (+ i 1) sum)]))\n  (sumofFactors-iter n 1 0))\n\n(require rackunit)\n\n(define (test-humaneval) \n\n  (let (( candidate sumofFactors))\n    (check-equal? (candidate 18) 26)\n    (check-equal? (candidate 30) 48)\n    (check-equal? (candidate 6) 8)\n))\n\n(test-humaneval)",
      "timestamp": 1665509952,
      "stdout": "",
      "stderr": "--------------------\nFAILURE\nname:       check-equal?\nlocation:   /tmp/tmp7lqo10cx.rkt:17:4\nactual:     21\nexpected:   26\n--------------------\n--------------------\nFAILURE\nname:       check-equal?\nlocation:   /tmp/tmp7lqo10cx.rkt:18:4\nactual:     42\nexpected:   48\n--------------------\n--------------------\nFAILURE\nname:       check-equal?\nlocation:   /tmp/tmp7lqo10cx.rkt:19:4\nactual:     6\nexpected:   8\n--------------------\n",
      "exit_code": 0,
      "status": "Exception"
    },
    {
      "program": "#lang racket\n\n;; Write a python function to find the sum of even factors of a number.\n(define (sumofFactors n)\n  (define (sumofFactors-iter n i sum)\n    (cond\n      [(= i n) sum]\n      [(= 0 (modulo n i)) (sumofFactors-iter n (+ i 1) (+ sum i))]\n      [else (sumofFactors-iter n (+ i 1) sum)]))\n  (sumofFactors-iter n 1 0))\n\n(require rackunit)\n\n(define (test-humaneval) \n\n  (let (( candidate sumofFactors))\n    (check-equal? (candidate 18) 26)\n    (check-equal? (candidate 30) 48)\n    (check-equal? (candidate 6) 8)\n))\n\n(test-humaneval)",
      "timestamp": 1665509952,
      "stdout": "",
      "stderr": "--------------------\nFAILURE\nname:       check-equal?\nlocation:   /tmp/tmp7lqo10cx.rkt:17:4\nactual:     21\nexpected:   26\n--------------------\n--------------------\nFAILURE\nname:       check-equal?\nlocation:   /tmp/tmp7lqo10cx.rkt:18:4\nactual:     42\nexpected:   48\n--------------------\n--------------------\nFAILURE\nname:       check-equal?\nlocation:   /tmp/tmp7lqo10cx.rkt:19:4\nactual:     6\nexpected:   8\n--------------------\n",
      "exit_code": 0,
      "status": "Exception"
    },
    {
      "program": "#lang racket\n\n;; Write a python function to find the sum of even factors of a number.\n(define (sumofFactors n)\n  (define (sumofFactors-iter n i)\n    (cond ((&gt; i n) 0)\n          ((= (remainder n i) 0)\n           (+ i (sumofFactors-iter n (+ i 1))))\n          (else (sumofFactors-iter n (+ i 1)))))\n  (sumofFactors-iter n 1))\n\n(require rackunit)\n\n(define (test-humaneval) \n\n  (let (( candidate sumofFactors))\n    (check-equal? (candidate 18) 26)\n    (check-equal? (candidate 30) 48)\n    (check-equal? (candidate 6) 8)\n))\n\n(test-humaneval)",
      "timestamp": 1666122422,
      "stdout": "",
      "stderr": "/tmp/tmpdhlt2p8a.rkt:5:2: read-syntax: expected a `)` to close `(`\n  possible cause: indentation suggests a missing `)` before line 12\n  context...:\n   /work/arjunguha-research-group/software/racket/collects/syntax/module-reader.rkt:186:17: body\n   /work/arjunguha-research-group/software/racket/collects/syntax/module-reader.rkt:183:2: wrap-internal\n   /work/arjunguha-research-group/software/racket/collects/racket/../syntax/module-reader.rkt:67:9: wrap-internal/wrapper\n",
      "exit_code": 1,
      "status": "SyntaxError"
    },
    {
      "program": "#lang racket\n\n;; Write a python function to find the sum of even factors of a number.\n(define (sumofFactors n)\n  (define (sumofFactors-iter n i sum)\n    (cond\n      [(= i n) sum]\n      [(= 0 (modulo n i)) (sumofFactors-iter n (+ i 1) (+ sum i))]\n      [else (sumofFactors-iter n (+ i 1) sum)]))\n  (sumofFactors-iter n 1 0))\n\n(require rackunit)\n\n(define (test-humaneval) \n\n  (let (( candidate sumofFactors))\n    (check-equal? (candidate 18) 26)\n    (check-equal? (candidate 30) 48)\n    (check-equal? (candidate 6) 8)\n))\n\n(test-humaneval)",
      "timestamp": 1665509952,
      "stdout": "",
      "stderr": "--------------------\nFAILURE\nname:       check-equal?\nlocation:   /tmp/tmp7lqo10cx.rkt:17:4\nactual:     21\nexpected:   26\n--------------------\n--------------------\nFAILURE\nname:       check-equal?\nlocation:   /tmp/tmp7lqo10cx.rkt:18:4\nactual:     42\nexpected:   48\n--------------------\n--------------------\nFAILURE\nname:       check-equal?\nlocation:   /tmp/tmp7lqo10cx.rkt:19:4\nactual:     6\nexpected:   8\n--------------------\n",
      "exit_code": 0,
      "status": "Exception"
    },
    {
      "program": "#lang racket\n\n;; Write a python function to find the sum of even factors of a number.\n(define (sumofFactors n)\n  (define (sumofFactors-iter n i acc)\n    (cond\n      [(= i n) acc]\n      [(= 0 (modulo n i)) (sumofFactors-iter n (+ i 1) (+ acc i))]\n      [else (sumofFactors-iter n (+ i 1) acc)]))\n  (sumofFactors-iter n 1 0))\n\n(require rackunit)\n\n(define (test-humaneval) \n\n  (let (( candidate sumofFactors))\n    (check-equal? (candidate 18) 26)\n    (check-equal? (candidate 30) 48)\n    (check-equal? (candidate 6) 8)\n))\n\n(test-humaneval)",
      "timestamp": 1666122423,
      "stdout": "",
      "stderr": "--------------------\nFAILURE\nname:       check-equal?\nlocation:   /tmp/tmpux2vupt0.rkt:17:4\nactual:     21\nexpected:   26\n--------------------\n--------------------\nFAILURE\nname:       check-equal?\nlocation:   /tmp/tmpux2vupt0.rkt:18:4\nactual:     42\nexpected:   48\n--------------------\n--------------------\nFAILURE\nname:       check-equal?\nlocation:   /tmp/tmpux2vupt0.rkt:19:4\nactual:     6\nexpected:   8\n--------------------\n",
      "exit_code": 0,
      "status": "Exception"
    },
    {
      "program": "#lang racket\n\n;; Write a python function to find the sum of even factors of a number.\n(define (sumofFactors n)\n  (define (sumofFactors-iter n i)\n    (cond [(= i n) 0]\n          [(even? i) (+ i (sumofFactors-iter n (+ i 1)))]\n          [else (sumofFactors-iter n (+ i 1))]))\n  (sumofFactors-iter n 1))\n\n(require rackunit)\n\n(define (test-humaneval) \n\n  (let (( candidate sumofFactors))\n    (check-equal? (candidate 18) 26)\n    (check-equal? (candidate 30) 48)\n    (check-equal? (candidate 6) 8)\n))\n\n(test-humaneval)",
      "timestamp": 1666122423,
      "stdout": "",
      "stderr": "--------------------\nFAILURE\nname:       check-equal?\nlocation:   /tmp/tmpe5ei9u3r.rkt:16:4\nactual:     72\nexpected:   26\n--------------------\n--------------------\nFAILURE\nname:       check-equal?\nlocation:   /tmp/tmpe5ei9u3r.rkt:17:4\nactual:     210\nexpected:   48\n--------------------\n--------------------\nFAILURE\nname:       check-equal?\nlocation:   /tmp/tmpe5ei9u3r.rkt:18:4\nactual:     6\nexpected:   8\n--------------------\n",
      "exit_code": 0,
      "status": "Exception"
    },
    {
      "program": "#lang racket\n\n;; Write a python function to find the sum of even factors of a number.\n(define (sumofFactors n)\n  (define (sumofFactors-iter n i sum)\n    (cond\n      [(= i n) sum]\n      [(= 0 (modulo n i)) (sumofFactors-iter n (+ i 1) (+ sum i))]\n      [else (sumofFactors-iter n (+ i 1) sum)]))\n  (sumofFactors-iter n 1 0))\n\n(require rackunit)\n\n(define (test-humaneval) \n\n  (let (( candidate sumofFactors))\n    (check-equal? (candidate 18) 26)\n    (check-equal? (candidate 30) 48)\n    (check-equal? (candidate 6) 8)\n))\n\n(test-humaneval)",
      "timestamp": 1665509952,
      "stdout": "",
      "stderr": "--------------------\nFAILURE\nname:       check-equal?\nlocation:   /tmp/tmp7lqo10cx.rkt:17:4\nactual:     21\nexpected:   26\n--------------------\n--------------------\nFAILURE\nname:       check-equal?\nlocation:   /tmp/tmp7lqo10cx.rkt:18:4\nactual:     42\nexpected:   48\n--------------------\n--------------------\nFAILURE\nname:       check-equal?\nlocation:   /tmp/tmp7lqo10cx.rkt:19:4\nactual:     6\nexpected:   8\n--------------------\n",
      "exit_code": 0,
      "status": "Exception"
    },
    {
      "program": "#lang racket\n\n;; Write a python function to find the sum of even factors of a number.\n(define (sumofFactors n)\n  (define (sumofFactors-iter n sum)\n    (if (= n 0)\n        sum\n        (if (= (remainder n 2) 0)\n            (sumofFactors-iter (- n 1) (+ sum n))\n            (sumofFactors-iter (- n 1) sum))))\n  (sumofFactors-iter n 0))\n\n(require rackunit)\n\n(define (test-humaneval) \n\n  (let (( candidate sumofFactors))\n    (check-equal? (candidate 18) 26)\n    (check-equal? (candidate 30) 48)\n    (check-equal? (candidate 6) 8)\n))\n\n(test-humaneval)",
      "timestamp": 1666122423,
      "stdout": "",
      "stderr": "--------------------\nFAILURE\nname:       check-equal?\nlocation:   /tmp/tmpl0mp7kph.rkt:18:4\nactual:     90\nexpected:   26\n--------------------\n--------------------\nFAILURE\nname:       check-equal?\nlocation:   /tmp/tmpl0mp7kph.rkt:19:4\nactual:     240\nexpected:   48\n--------------------\n--------------------\nFAILURE\nname:       check-equal?\nlocation:   /tmp/tmpl0mp7kph.rkt:20:4\nactual:     12\nexpected:   8\n--------------------\n",
      "exit_code": 0,
      "status": "Exception"
    },
    {
      "program": "#lang racket\n\n;; Write a python function to find the sum of even factors of a number.\n(define (sumofFactors n)\n  (define (sumOfFactorsHelper n sum)\n    (cond\n      [(= n 1) sum]\n      [(= (remainder n 2) 0) (sumOfFactorsHelper (/ n 2) (+ sum n))]\n      [else (sumOfFactorsHelper (/ n 2) sum)]))\n  (sumOfFactorsHelper n 0))\n\n(require rackunit)\n\n(define (test-humaneval) \n\n  (let (( candidate sumofFactors))\n    (check-equal? (candidate 18) 26)\n    (check-equal? (candidate 30) 48)\n    (check-equal? (candidate 6) 8)\n))\n\n(test-humaneval)",
      "timestamp": 1666122423,
      "stdout": "",
      "stderr": "--------------------\nERROR\nname:       check-equal?\nlocation:   /tmp/tmp9legveee.rkt:17:4\n\nremainder: contract violation\n  expected: integer?\n  given: 9/2\n--------------------\n--------------------\nERROR\nname:       check-equal?\nlocation:   /tmp/tmp9legveee.rkt:18:4\n\nremainder: contract violation\n  expected: integer?\n  given: 15/2\n--------------------\n--------------------\nERROR\nname:       check-equal?\nlocation:   /tmp/tmp9legveee.rkt:19:4\n\nremainder: contract violation\n  expected: integer?\n  given: 3/2\n--------------------\n",
      "exit_code": 0,
      "status": "Exception"
    },
    {
      "program": "#lang racket\n\n;; Write a python function to find the sum of even factors of a number.\n(define (sumofFactors n)\n  (define (sumofFactorsHelper n i)\n    (cond\n      [(= i n) 0]\n      [(= 0 (modulo n i)) (+ i (sumofFactorsHelper n (+ i 1)))]\n      [else (sumofFactorsHelper n (+ i 1))]))\n  (sumofFactorsHelper n 1))\n\n(require rackunit)\n\n(define (test-humaneval) \n\n  (let (( candidate sumofFactors))\n    (check-equal? (candidate 18) 26)\n    (check-equal? (candidate 30) 48)\n    (check-equal? (candidate 6) 8)\n))\n\n(test-humaneval)",
      "timestamp": 1666122423,
      "stdout": "",
      "stderr": "--------------------\nFAILURE\nname:       check-equal?\nlocation:   /tmp/tmpahkb4zhd.rkt:17:4\nactual:     21\nexpected:   26\n--------------------\n--------------------\nFAILURE\nname:       check-equal?\nlocation:   /tmp/tmpahkb4zhd.rkt:18:4\nactual:     42\nexpected:   48\n--------------------\n--------------------\nFAILURE\nname:       check-equal?\nlocation:   /tmp/tmpahkb4zhd.rkt:19:4\nactual:     6\nexpected:   8\n--------------------\n",
      "exit_code": 0,
      "status": "Exception"
    },
    {
      "program": "#lang racket\n\n;; Write a python function to find the sum of even factors of a number.\n(define (sumofFactors n)\n  (define (sumofFactors-iter n acc)\n    (if (= n 1)\n        acc\n        (if (= (modulo n 2) 0)\n            (sumofFactors-iter (/ n 2) (+ acc n))\n            (sumofFactors-iter (/ n 2) acc))))\n  (sumofFactors-iter n 0))\n\n(require rackunit)\n\n(define (test-humaneval) \n\n  (let (( candidate sumofFactors))\n    (check-equal? (candidate 18) 26)\n    (check-equal? (candidate 30) 48)\n    (check-equal? (candidate 6) 8)\n))\n\n(test-humaneval)",
      "timestamp": 1666122423,
      "stdout": "",
      "stderr": "--------------------\nERROR\nname:       check-equal?\nlocation:   /tmp/tmpsk85qhvh.rkt:18:4\n\nmodulo: contract violation\n  expected: integer?\n  given: 9/2\n--------------------\n--------------------\nERROR\nname:       check-equal?\nlocation:   /tmp/tmpsk85qhvh.rkt:19:4\n\nmodulo: contract violation\n  expected: integer?\n  given: 15/2\n--------------------\n--------------------\nERROR\nname:       check-equal?\nlocation:   /tmp/tmpsk85qhvh.rkt:20:4\n\nmodulo: contract violation\n  expected: integer?\n  given: 3/2\n--------------------\n",
      "exit_code": 0,
      "status": "Exception"
    },
    {
      "program": "#lang racket\n\n;; Write a python function to find the sum of even factors of a number.\n(define (sumofFactors n)\n  (let loop ((i 1) (sum 0))\n    (cond ((= i n) sum)\n          ((even? i) (loop (+ i 1) (+ sum i)))\n          (else (loop (+ i 1) sum)))))\n\n(require rackunit)\n\n(define (test-humaneval) \n\n  (let (( candidate sumofFactors))\n    (check-equal? (candidate 18) 26)\n    (check-equal? (candidate 30) 48)\n    (check-equal? (candidate 6) 8)\n))\n\n(test-humaneval)",
      "timestamp": 1666122423,
      "stdout": "",
      "stderr": "--------------------\nFAILURE\nname:       check-equal?\nlocation:   /tmp/tmpq65j_pff.rkt:15:4\nactual:     72\nexpected:   26\n--------------------\n--------------------\nFAILURE\nname:       check-equal?\nlocation:   /tmp/tmpq65j_pff.rkt:16:4\nactual:     210\nexpected:   48\n--------------------\n--------------------\nFAILURE\nname:       check-equal?\nlocation:   /tmp/tmpq65j_pff.rkt:17:4\nactual:     6\nexpected:   8\n--------------------\n",
      "exit_code": 0,
      "status": "Exception"
    },
    {
      "program": "#lang racket\n\n;; Write a python function to find the sum of even factors of a number.\n(define (sumofFactors n)\n  (define (sumofFactors-iter n i sum)\n    (cond\n      [(= i n) sum]\n      [(= 0 (modulo n i)) (sumofFactors-iter n (+ i 1) (+ sum i))]\n      [else (sumofFactors-iter n (+ i 1) sum)]))\n  (sumofFactors-iter n 1 0))\n\n(require rackunit)\n\n(define (test-humaneval) \n\n  (let (( candidate sumofFactors))\n    (check-equal? (candidate 18) 26)\n    (check-equal? (candidate 30) 48)\n    (check-equal? (candidate 6) 8)\n))\n\n(test-humaneval)",
      "timestamp": 1665509952,
      "stdout": "",
      "stderr": "--------------------\nFAILURE\nname:       check-equal?\nlocation:   /tmp/tmp7lqo10cx.rkt:17:4\nactual:     21\nexpected:   26\n--------------------\n--------------------\nFAILURE\nname:       check-equal?\nlocation:   /tmp/tmp7lqo10cx.rkt:18:4\nactual:     42\nexpected:   48\n--------------------\n--------------------\nFAILURE\nname:       check-equal?\nlocation:   /tmp/tmp7lqo10cx.rkt:19:4\nactual:     6\nexpected:   8\n--------------------\n",
      "exit_code": 0,
      "status": "Exception"
    },
    {
      "program": "#lang racket\n\n;; Write a python function to find the sum of even factors of a number.\n(define (sumofFactors n)\n  (define (sum-of-factors-iter n i sum)\n    (cond ((&gt; i n) sum)\n          ((= (remainder n i) 0) (sum-of-factors-iter n (+ i 1) (+ sum i)))\n          (else (sum-of-factors-iter n (+ i 1) sum))))\n  (sum-of-factors-iter n 1 0))\n\n(require rackunit)\n\n(define (test-humaneval) \n\n  (let (( candidate sumofFactors))\n    (check-equal? (candidate 18) 26)\n    (check-equal? (candidate 30) 48)\n    (check-equal? (candidate 6) 8)\n))\n\n(test-humaneval)",
      "timestamp": 1666122422,
      "stdout": "",
      "stderr": "/tmp/tmpbywx_t5i.rkt:5:2: read-syntax: expected a `)` to close `(`\n  possible cause: indentation suggests a missing `)` before line 11\n  context...:\n   /work/arjunguha-research-group/software/racket/collects/syntax/module-reader.rkt:186:17: body\n   /work/arjunguha-research-group/software/racket/collects/syntax/module-reader.rkt:183:2: wrap-internal\n   /work/arjunguha-research-group/software/racket/collects/racket/../syntax/module-reader.rkt:67:9: wrap-internal/wrapper\n",
      "exit_code": 1,
      "status": "SyntaxError"
    },
    {
      "program": "#lang racket\n\n;; Write a python function to find the sum of even factors of a number.\n(define (sumofFactors n)\n  (define (sumofFactors-iter n i)\n    (cond ((= i n) 0)\n          ((= 0 (modulo n i)) (+ i (sumofFactors-iter n (+ i 1))))\n          (else (sumofFactors-iter n (+ i 1)))))\n  (sumofFactors-iter n 1))\n\n(require rackunit)\n\n(define (test-humaneval) \n\n  (let (( candidate sumofFactors))\n    (check-equal? (candidate 18) 26)\n    (check-equal? (candidate 30) 48)\n    (check-equal? (candidate 6) 8)\n))\n\n(test-humaneval)",
      "timestamp": 1666122423,
      "stdout": "",
      "stderr": "--------------------\nFAILURE\nname:       check-equal?\nlocation:   /tmp/tmp1tvzturl.rkt:16:4\nactual:     21\nexpected:   26\n--------------------\n--------------------\nFAILURE\nname:       check-equal?\nlocation:   /tmp/tmp1tvzturl.rkt:17:4\nactual:     42\nexpected:   48\n--------------------\n--------------------\nFAILURE\nname:       check-equal?\nlocation:   /tmp/tmp1tvzturl.rkt:18:4\nactual:     6\nexpected:   8\n--------------------\n",
      "exit_code": 0,
      "status": "Exception"
    },
    {
      "program": "#lang racket\n\n;; Write a python function to find the sum of even factors of a number.\n(define (sumofFactors n)\n  (define (sumofFactors-iter n i)\n    (cond ((&gt; i n) 0)\n          ((= (modulo n i) 0) (+ i (sumofFactors-iter n (+ i 1))))\n          (else (sumofFactors-iter n (+ i 1)))))\n  (sumofFactors-iter n 1))\n\n(require rackunit)\n\n(define (test-humaneval) \n\n  (let (( candidate sumofFactors))\n    (check-equal? (candidate 18) 26)\n    (check-equal? (candidate 30) 48)\n    (check-equal? (candidate 6) 8)\n))\n\n(test-humaneval)",
      "timestamp": 1665509952,
      "stdout": "",
      "stderr": "/tmp/tmp_rky8tjb.rkt:5:2: read-syntax: expected a `)` to close `(`\n  possible cause: indentation suggests a missing `)` before line 11\n  context...:\n   /work/arjunguha-research-group/software/racket/collects/syntax/module-reader.rkt:186:17: body\n   /work/arjunguha-research-group/software/racket/collects/syntax/module-reader.rkt:183:2: wrap-internal\n   /work/arjunguha-research-group/software/racket/collects/racket/../syntax/module-reader.rkt:67:9: wrap-internal/wrapper\n",
      "exit_code": 1,
      "status": "SyntaxError"
    },
    {
      "program": "#lang racket\n\n;; Write a python function to find the sum of even factors of a number.\n(define (sumofFactors n)\n  (define (sumofFactors-iter n i sum)\n    (cond ((= i n) sum)\n          ((= 0 (modulo n i)) (+ sum i))\n          (else (sumofFactors-iter n (+ i 1) sum))))\n  (sumofFactors-iter n 1 0))\n\n(require rackunit)\n\n(define (test-humaneval) \n\n  (let (( candidate sumofFactors))\n    (check-equal? (candidate 18) 26)\n    (check-equal? (candidate 30) 48)\n    (check-equal? (candidate 6) 8)\n))\n\n(test-humaneval)",
      "timestamp": 1665509952,
      "stdout": "",
      "stderr": "--------------------\nFAILURE\nname:       check-equal?\nlocation:   /tmp/tmppla7pdc_.rkt:16:4\nactual:     1\nexpected:   26\n--------------------\n--------------------\nFAILURE\nname:       check-equal?\nlocation:   /tmp/tmppla7pdc_.rkt:17:4\nactual:     1\nexpected:   48\n--------------------\n--------------------\nFAILURE\nname:       check-equal?\nlocation:   /tmp/tmppla7pdc_.rkt:18:4\nactual:     1\nexpected:   8\n--------------------\n",
      "exit_code": 0,
      "status": "Exception"
    },
    {
      "program": "#lang racket\n\n;; Write a python function to find the sum of even factors of a number.\n(define (sumofFactors n)\n  (define (sumofFactors-iter n i sum)\n    (cond\n      [(= i n) sum]\n      [(= 0 (modulo n i)) (sumofFactors-iter n (+ i 1) (+ sum i))]\n      [else (sumofFactors-iter n (+ i 1) sum)]))\n  (sumofFactors-iter n 1 0))\n\n(require rackunit)\n\n(define (test-humaneval) \n\n  (let (( candidate sumofFactors))\n    (check-equal? (candidate 18) 26)\n    (check-equal? (candidate 30) 48)\n    (check-equal? (candidate 6) 8)\n))\n\n(test-humaneval)",
      "timestamp": 1665509952,
      "stdout": "",
      "stderr": "--------------------\nFAILURE\nname:       check-equal?\nlocation:   /tmp/tmp7lqo10cx.rkt:17:4\nactual:     21\nexpected:   26\n--------------------\n--------------------\nFAILURE\nname:       check-equal?\nlocation:   /tmp/tmp7lqo10cx.rkt:18:4\nactual:     42\nexpected:   48\n--------------------\n--------------------\nFAILURE\nname:       check-equal?\nlocation:   /tmp/tmp7lqo10cx.rkt:19:4\nactual:     6\nexpected:   8\n--------------------\n",
      "exit_code": 0,
      "status": "Exception"
    },
    {
      "program": "#lang racket\n\n;; Write a python function to find the sum of even factors of a number.\n(define (sumofFactors n)\n  (define (sumofFactors-iter n i sum)\n    (cond [(= i n) sum]\n          [(= 0 (modulo n i)) (sumofFactors-iter n (+ i 1) (+ sum i))]\n          [else (sumofFactors-iter n (+ i 1) sum)]))\n  (sumofFactors-iter n 1 0))\n\n(require rackunit)\n\n(define (test-humaneval) \n\n  (let (( candidate sumofFactors))\n    (check-equal? (candidate 18) 26)\n    (check-equal? (candidate 30) 48)\n    (check-equal? (candidate 6) 8)\n))\n\n(test-humaneval)",
      "timestamp": 1666122423,
      "stdout": "",
      "stderr": "--------------------\nFAILURE\nname:       check-equal?\nlocation:   /tmp/tmpy_9duc6q.rkt:16:4\nactual:     21\nexpected:   26\n--------------------\n--------------------\nFAILURE\nname:       check-equal?\nlocation:   /tmp/tmpy_9duc6q.rkt:17:4\nactual:     42\nexpected:   48\n--------------------\n--------------------\nFAILURE\nname:       check-equal?\nlocation:   /tmp/tmpy_9duc6q.rkt:18:4\nactual:     6\nexpected:   8\n--------------------\n",
      "exit_code": 0,
      "status": "Exception"
    },
    {
      "program": "#lang racket\n\n;; Write a python function to find the sum of even factors of a number.\n(define (sumofFactors n)\n  (define (sumofFactors-iter n i)\n    (cond\n      [(= i n) 0]\n      [(= 0 (modulo n i)) (+ i (sumofFactors-iter n (+ i 1)))]\n      [else (sumofFactors-iter n (+ i 1))]))\n  (sumofFactors-iter n 1))\n\n(require rackunit)\n\n(define (test-humaneval) \n\n  (let (( candidate sumofFactors))\n    (check-equal? (candidate 18) 26)\n    (check-equal? (candidate 30) 48)\n    (check-equal? (candidate 6) 8)\n))\n\n(test-humaneval)",
      "timestamp": 1666122422,
      "stdout": "",
      "stderr": "--------------------\nFAILURE\nname:       check-equal?\nlocation:   /tmp/tmpp8g380yn.rkt:17:4\nactual:     21\nexpected:   26\n--------------------\n--------------------\nFAILURE\nname:       check-equal?\nlocation:   /tmp/tmpp8g380yn.rkt:18:4\nactual:     42\nexpected:   48\n--------------------\n--------------------\nFAILURE\nname:       check-equal?\nlocation:   /tmp/tmpp8g380yn.rkt:19:4\nactual:     6\nexpected:   8\n--------------------\n",
      "exit_code": 0,
      "status": "Exception"
    },
    {
      "program": "#lang racket\n\n;; Write a python function to find the sum of even factors of a number.\n(define (sumofFactors n)\n  (define (sumofFactors-iter n i sum)\n    (cond ((&gt; i n) sum)\n          ((= (modulo n i) 0) (sumofFactors-iter n (+ i 1) (+ sum i)))\n          (else (sumofFactors-iter n (+ i 1) sum))))\n  (sumofFactors-iter n 1 0))\n\n(require rackunit)\n\n(define (test-humaneval) \n\n  (let (( candidate sumofFactors))\n    (check-equal? (candidate 18) 26)\n    (check-equal? (candidate 30) 48)\n    (check-equal? (candidate 6) 8)\n))\n\n(test-humaneval)",
      "timestamp": 1666122422,
      "stdout": "",
      "stderr": "/tmp/tmpbqaydnrt.rkt:5:2: read-syntax: expected a `)` to close `(`\n  possible cause: indentation suggests a missing `)` before line 11\n  context...:\n   /work/arjunguha-research-group/software/racket/collects/syntax/module-reader.rkt:186:17: body\n   /work/arjunguha-research-group/software/racket/collects/syntax/module-reader.rkt:183:2: wrap-internal\n   /work/arjunguha-research-group/software/racket/collects/racket/../syntax/module-reader.rkt:67:9: wrap-internal/wrapper\n",
      "exit_code": 1,
      "status": "SyntaxError"
    },
    {
      "program": "#lang racket\n\n;; Write a python function to find the sum of even factors of a number.\n(define (sumofFactors n)\n  (define (sumofFactors-iter n i sum)\n    (cond\n      [(= i n) sum]\n      [(= 0 (modulo n i)) (sumofFactors-iter n (+ i 1) (+ sum i))]\n      [else (sumofFactors-iter n (+ i 1) sum)]))\n  (sumofFactors-iter n 1 0))\n\n(require rackunit)\n\n(define (test-humaneval) \n\n  (let (( candidate sumofFactors))\n    (check-equal? (candidate 18) 26)\n    (check-equal? (candidate 30) 48)\n    (check-equal? (candidate 6) 8)\n))\n\n(test-humaneval)",
      "timestamp": 1665509952,
      "stdout": "",
      "stderr": "--------------------\nFAILURE\nname:       check-equal?\nlocation:   /tmp/tmp7lqo10cx.rkt:17:4\nactual:     21\nexpected:   26\n--------------------\n--------------------\nFAILURE\nname:       check-equal?\nlocation:   /tmp/tmp7lqo10cx.rkt:18:4\nactual:     42\nexpected:   48\n--------------------\n--------------------\nFAILURE\nname:       check-equal?\nlocation:   /tmp/tmp7lqo10cx.rkt:19:4\nactual:     6\nexpected:   8\n--------------------\n",
      "exit_code": 0,
      "status": "Exception"
    },
    {
      "program": "#lang racket\n\n;; Write a python function to find the sum of even factors of a number.\n(define (sumofFactors n)\n  (define (sumofFactors-iter n i)\n    (cond ((&gt; i n) 0)\n          ((= (modulo n i) 0) (+ i (sumofFactors-iter n (+ i 1))))\n          (else (sumofFactors-iter n (+ i 1)))))\n  (sumofFactors-iter n 1))\n\n(require rackunit)\n\n(define (test-humaneval) \n\n  (let (( candidate sumofFactors))\n    (check-equal? (candidate 18) 26)\n    (check-equal? (candidate 30) 48)\n    (check-equal? (candidate 6) 8)\n))\n\n(test-humaneval)",
      "timestamp": 1665509952,
      "stdout": "",
      "stderr": "/tmp/tmp_rky8tjb.rkt:5:2: read-syntax: expected a `)` to close `(`\n  possible cause: indentation suggests a missing `)` before line 11\n  context...:\n   /work/arjunguha-research-group/software/racket/collects/syntax/module-reader.rkt:186:17: body\n   /work/arjunguha-research-group/software/racket/collects/syntax/module-reader.rkt:183:2: wrap-internal\n   /work/arjunguha-research-group/software/racket/collects/racket/../syntax/module-reader.rkt:67:9: wrap-internal/wrapper\n",
      "exit_code": 1,
      "status": "SyntaxError"
    },
    {
      "program": "#lang racket\n\n;; Write a python function to find the sum of even factors of a number.\n(define (sumofFactors n)\n  (define (sumofFactors-iter n i sum)\n    (cond\n      [(= n i) sum]\n      [(= 0 (modulo n i)) (sumofFactors-iter n (+ i 1) (+ sum i))]\n      [else (sumofFactors-iter n (+ i 1) sum)]))\n  (sumofFactors-iter n 1 0))\n\n(require rackunit)\n\n(define (test-humaneval) \n\n  (let (( candidate sumofFactors))\n    (check-equal? (candidate 18) 26)\n    (check-equal? (candidate 30) 48)\n    (check-equal? (candidate 6) 8)\n))\n\n(test-humaneval)",
      "timestamp": 1666122422,
      "stdout": "",
      "stderr": "--------------------\nFAILURE\nname:       check-equal?\nlocation:   /tmp/tmp6kwxv9mv.rkt:17:4\nactual:     21\nexpected:   26\n--------------------\n--------------------\nFAILURE\nname:       check-equal?\nlocation:   /tmp/tmp6kwxv9mv.rkt:18:4\nactual:     42\nexpected:   48\n--------------------\n--------------------\nFAILURE\nname:       check-equal?\nlocation:   /tmp/tmp6kwxv9mv.rkt:19:4\nactual:     6\nexpected:   8\n--------------------\n",
      "exit_code": 0,
      "status": "Exception"
    },
    {
      "program": "#lang racket\n\n;; Write a python function to find the sum of even factors of a number.\n(define (sumofFactors n)\n  (let loop ((i 1) (sum 0))\n    (cond ((= i n) sum)\n          ((even? i) (loop (+ i 1) (+ sum i)))\n          (else (loop (+ i 1) sum)))))\n\n(require rackunit)\n\n(define (test-humaneval) \n\n  (let (( candidate sumofFactors))\n    (check-equal? (candidate 18) 26)\n    (check-equal? (candidate 30) 48)\n    (check-equal? (candidate 6) 8)\n))\n\n(test-humaneval)",
      "timestamp": 1666122423,
      "stdout": "",
      "stderr": "--------------------\nFAILURE\nname:       check-equal?\nlocation:   /tmp/tmpq65j_pff.rkt:15:4\nactual:     72\nexpected:   26\n--------------------\n--------------------\nFAILURE\nname:       check-equal?\nlocation:   /tmp/tmpq65j_pff.rkt:16:4\nactual:     210\nexpected:   48\n--------------------\n--------------------\nFAILURE\nname:       check-equal?\nlocation:   /tmp/tmpq65j_pff.rkt:17:4\nactual:     6\nexpected:   8\n--------------------\n",
      "exit_code": 0,
      "status": "Exception"
    },
    {
      "program": "#lang racket\n\n;; Write a python function to find the sum of even factors of a number.\n(define (sumofFactors n)\n  (define (sumofFactors-iter n i sum)\n    (if (= i n)\n        sum\n        (if (= 0 (modulo n i))\n            (sumofFactors-iter n (+ i 1) (+ sum i))\n            (sumofFactors-iter n (+ i 1) sum))))\n  (sumofFactors-iter n 1 0))\n\n(require rackunit)\n\n(define (test-humaneval) \n\n  (let (( candidate sumofFactors))\n    (check-equal? (candidate 18) 26)\n    (check-equal? (candidate 30) 48)\n    (check-equal? (candidate 6) 8)\n))\n\n(test-humaneval)",
      "timestamp": 1666122424,
      "stdout": "",
      "stderr": "--------------------\nFAILURE\nname:       check-equal?\nlocation:   /tmp/tmpucmribaf.rkt:18:4\nactual:     21\nexpected:   26\n--------------------\n--------------------\nFAILURE\nname:       check-equal?\nlocation:   /tmp/tmpucmribaf.rkt:19:4\nactual:     42\nexpected:   48\n--------------------\n--------------------\nFAILURE\nname:       check-equal?\nlocation:   /tmp/tmpucmribaf.rkt:20:4\nactual:     6\nexpected:   8\n--------------------\n",
      "exit_code": 0,
      "status": "Exception"
    },
    {
      "program": "#lang racket\n\n;; Write a python function to find the sum of even factors of a number.\n(define (sumofFactors n)\n  (define (sumofFactors-iter n sum)\n    (cond ((= n 0) sum)\n          ((even? n) (sumofFactors-iter (- n 1) (+ n sum)))\n          (else (sumofFactors-iter (- n 1) sum))))\n  (sumofFactors-iter n 0))\n\n(require rackunit)\n\n(define (test-humaneval) \n\n  (let (( candidate sumofFactors))\n    (check-equal? (candidate 18) 26)\n    (check-equal? (candidate 30) 48)\n    (check-equal? (candidate 6) 8)\n))\n\n(test-humaneval)",
      "timestamp": 1666122422,
      "stdout": "",
      "stderr": "--------------------\nFAILURE\nname:       check-equal?\nlocation:   /tmp/tmp3q7k1g5m.rkt:16:4\nactual:     90\nexpected:   26\n--------------------\n--------------------\nFAILURE\nname:       check-equal?\nlocation:   /tmp/tmp3q7k1g5m.rkt:17:4\nactual:     240\nexpected:   48\n--------------------\n--------------------\nFAILURE\nname:       check-equal?\nlocation:   /tmp/tmp3q7k1g5m.rkt:18:4\nactual:     12\nexpected:   8\n--------------------\n",
      "exit_code": 0,
      "status": "Exception"
    },
    {
      "program": "#lang racket\n\n;; Write a python function to find the sum of even factors of a number.\n(define (sumofFactors n)\n  (define (sumofFactors-iter i sum)\n    (cond ((= i n) sum)\n          ((even? i) (sumofFactors-iter (+ i 1) (+ sum i)))\n          (else (sumofFactors-iter (+ i 1) sum))))\n  (sumofFactors-iter 1 0))\n\n(require rackunit)\n\n(define (test-humaneval) \n\n  (let (( candidate sumofFactors))\n    (check-equal? (candidate 18) 26)\n    (check-equal? (candidate 30) 48)\n    (check-equal? (candidate 6) 8)\n))\n\n(test-humaneval)",
      "timestamp": 1666122423,
      "stdout": "",
      "stderr": "--------------------\nFAILURE\nname:       check-equal?\nlocation:   /tmp/tmp3gdkqfoa.rkt:16:4\nactual:     72\nexpected:   26\n--------------------\n--------------------\nFAILURE\nname:       check-equal?\nlocation:   /tmp/tmp3gdkqfoa.rkt:17:4\nactual:     210\nexpected:   48\n--------------------\n--------------------\nFAILURE\nname:       check-equal?\nlocation:   /tmp/tmp3gdkqfoa.rkt:18:4\nactual:     6\nexpected:   8\n--------------------\n",
      "exit_code": 0,
      "status": "Exception"
    },
    {
      "program": "#lang racket\n\n;; Write a python function to find the sum of even factors of a number.\n(define (sumofFactors n)\n  (define (sumofFactors-iter i sum)\n    (cond ((&gt; i n) sum)\n          ((= (modulo n i) 0) (sumofFactors-iter (+ i 1) (+ sum i)))\n          (else (sumofFactors-iter (+ i 1) sum))))\n  (sumofFactors-iter 1 0))\n\n(require rackunit)\n\n(define (test-humaneval) \n\n  (let (( candidate sumofFactors))\n    (check-equal? (candidate 18) 26)\n    (check-equal? (candidate 30) 48)\n    (check-equal? (candidate 6) 8)\n))\n\n(test-humaneval)",
      "timestamp": 1666122423,
      "stdout": "",
      "stderr": "/tmp/tmpqu42m73m.rkt:5:2: read-syntax: expected a `)` to close `(`\n  possible cause: indentation suggests a missing `)` before line 11\n  context...:\n   /work/arjunguha-research-group/software/racket/collects/syntax/module-reader.rkt:186:17: body\n   /work/arjunguha-research-group/software/racket/collects/syntax/module-reader.rkt:183:2: wrap-internal\n   /work/arjunguha-research-group/software/racket/collects/racket/../syntax/module-reader.rkt:67:9: wrap-internal/wrapper\n",
      "exit_code": 1,
      "status": "SyntaxError"
    },
    {
      "program": "#lang racket\n\n;; Write a python function to find the sum of even factors of a number.\n(define (sumofFactors n)\n  (define (sumofFactors-iter n i sum)\n    (cond\n      [(= i n) sum]\n      [(= (modulo n i) 0) (sumofFactors-iter n (+ i 1) (+ sum i))]\n      [else (sumofFactors-iter n (+ i 1) sum)]))\n  (sumofFactors-iter n 1 0))\n\n(require rackunit)\n\n(define (test-humaneval) \n\n  (let (( candidate sumofFactors))\n    (check-equal? (candidate 18) 26)\n    (check-equal? (candidate 30) 48)\n    (check-equal? (candidate 6) 8)\n))\n\n(test-humaneval)",
      "timestamp": 1665509952,
      "stdout": "",
      "stderr": "--------------------\nFAILURE\nname:       check-equal?\nlocation:   /tmp/tmpolfojwxb.rkt:17:4\nactual:     21\nexpected:   26\n--------------------\n--------------------\nFAILURE\nname:       check-equal?\nlocation:   /tmp/tmpolfojwxb.rkt:18:4\nactual:     42\nexpected:   48\n--------------------\n--------------------\nFAILURE\nname:       check-equal?\nlocation:   /tmp/tmpolfojwxb.rkt:19:4\nactual:     6\nexpected:   8\n--------------------\n",
      "exit_code": 0,
      "status": "Exception"
    },
    {
      "program": "#lang racket\n\n;; Write a python function to find the sum of even factors of a number.\n(define (sumofFactors n)\n  (define (sumofFactors-iter n i sum)\n    (cond\n      [(= i n) sum]\n      [(= (modulo n i) 0) (sumofFactors-iter n (+ i 1) (+ sum i))]\n      [else (sumofFactors-iter n (+ i 1) sum)]))\n  (sumofFactors-iter n 1 0))\n\n(require rackunit)\n\n(define (test-humaneval) \n\n  (let (( candidate sumofFactors))\n    (check-equal? (candidate 18) 26)\n    (check-equal? (candidate 30) 48)\n    (check-equal? (candidate 6) 8)\n))\n\n(test-humaneval)",
      "timestamp": 1665509952,
      "stdout": "",
      "stderr": "--------------------\nFAILURE\nname:       check-equal?\nlocation:   /tmp/tmpolfojwxb.rkt:17:4\nactual:     21\nexpected:   26\n--------------------\n--------------------\nFAILURE\nname:       check-equal?\nlocation:   /tmp/tmpolfojwxb.rkt:18:4\nactual:     42\nexpected:   48\n--------------------\n--------------------\nFAILURE\nname:       check-equal?\nlocation:   /tmp/tmpolfojwxb.rkt:19:4\nactual:     6\nexpected:   8\n--------------------\n",
      "exit_code": 0,
      "status": "Exception"
    },
    {
      "program": "#lang racket\n\n;; Write a python function to find the sum of even factors of a number.\n(define (sumofFactors n)\n  (define (sumofFactors-iter n i sum)\n    (cond ((= i n) sum)\n          ((even? i) (sumofFactors-iter n (+ i 1) (+ sum i)))\n          (else (sumofFactors-iter n (+ i 1) sum))))\n  (sumofFactors-iter n 1 0))\n\n(require rackunit)\n\n(define (test-humaneval) \n\n  (let (( candidate sumofFactors))\n    (check-equal? (candidate 18) 26)\n    (check-equal? (candidate 30) 48)\n    (check-equal? (candidate 6) 8)\n))\n\n(test-humaneval)",
      "timestamp": 1666122422,
      "stdout": "",
      "stderr": "--------------------\nFAILURE\nname:       check-equal?\nlocation:   /tmp/tmpk2yfuqes.rkt:16:4\nactual:     72\nexpected:   26\n--------------------\n--------------------\nFAILURE\nname:       check-equal?\nlocation:   /tmp/tmpk2yfuqes.rkt:17:4\nactual:     210\nexpected:   48\n--------------------\n--------------------\nFAILURE\nname:       check-equal?\nlocation:   /tmp/tmpk2yfuqes.rkt:18:4\nactual:     6\nexpected:   8\n--------------------\n",
      "exit_code": 0,
      "status": "Exception"
    },
    {
      "program": "#lang racket\n\n;; Write a python function to find the sum of even factors of a number.\n(define (sumofFactors n)\n  (define (sumofFactors-iter n i sum)\n    (cond\n      [(= i n) sum]\n      [(even? i) (sumofFactors-iter n (+ i 1) (+ sum i))]\n      [else (sumofFactors-iter n (+ i 1) sum)]))\n  (sumofFactors-iter n 1 0))\n\n(require rackunit)\n\n(define (test-humaneval) \n\n  (let (( candidate sumofFactors))\n    (check-equal? (candidate 18) 26)\n    (check-equal? (candidate 30) 48)\n    (check-equal? (candidate 6) 8)\n))\n\n(test-humaneval)",
      "timestamp": 1665509952,
      "stdout": "",
      "stderr": "--------------------\nFAILURE\nname:       check-equal?\nlocation:   /tmp/tmpwj910etf.rkt:17:4\nactual:     72\nexpected:   26\n--------------------\n--------------------\nFAILURE\nname:       check-equal?\nlocation:   /tmp/tmpwj910etf.rkt:18:4\nactual:     210\nexpected:   48\n--------------------\n--------------------\nFAILURE\nname:       check-equal?\nlocation:   /tmp/tmpwj910etf.rkt:19:4\nactual:     6\nexpected:   8\n--------------------\n",
      "exit_code": 0,
      "status": "Exception"
    },
    {
      "program": "#lang racket\n\n;; Write a python function to find the sum of even factors of a number.\n(define (sumofFactors n)\n  (define (sumofFactors-iter i sum)\n    (cond\n      [(= i n) sum]\n      [(= 0 (modulo n i)) (sumofFactors-iter (+ i 1) (+ sum i))]\n      [else (sumofFactors-iter (+ i 1) sum)]))\n  (sumofFactors-iter 1 0))\n\n(require rackunit)\n\n(define (test-humaneval) \n\n  (let (( candidate sumofFactors))\n    (check-equal? (candidate 18) 26)\n    (check-equal? (candidate 30) 48)\n    (check-equal? (candidate 6) 8)\n))\n\n(test-humaneval)",
      "timestamp": 1666122424,
      "stdout": "",
      "stderr": "--------------------\nFAILURE\nname:       check-equal?\nlocation:   /tmp/tmplna6gqub.rkt:17:4\nactual:     21\nexpected:   26\n--------------------\n--------------------\nFAILURE\nname:       check-equal?\nlocation:   /tmp/tmplna6gqub.rkt:18:4\nactual:     42\nexpected:   48\n--------------------\n--------------------\nFAILURE\nname:       check-equal?\nlocation:   /tmp/tmplna6gqub.rkt:19:4\nactual:     6\nexpected:   8\n--------------------\n",
      "exit_code": 0,
      "status": "Exception"
    },
    {
      "program": "#lang racket\n\n;; Write a python function to find the sum of even factors of a number.\n(define (sumofFactors n)\n  (define (sumofFactors-iter n i sum)\n    (cond\n      [(= i n) sum]\n      [(= 0 (modulo n i)) (sumofFactors-iter n (+ i 1) (+ sum i))]\n      [else (sumofFactors-iter n (+ i 1) sum)]))\n  (sumofFactors-iter n 1 0))\n\n(require rackunit)\n\n(define (test-humaneval) \n\n  (let (( candidate sumofFactors))\n    (check-equal? (candidate 18) 26)\n    (check-equal? (candidate 30) 48)\n    (check-equal? (candidate 6) 8)\n))\n\n(test-humaneval)",
      "timestamp": 1665509952,
      "stdout": "",
      "stderr": "--------------------\nFAILURE\nname:       check-equal?\nlocation:   /tmp/tmp7lqo10cx.rkt:17:4\nactual:     21\nexpected:   26\n--------------------\n--------------------\nFAILURE\nname:       check-equal?\nlocation:   /tmp/tmp7lqo10cx.rkt:18:4\nactual:     42\nexpected:   48\n--------------------\n--------------------\nFAILURE\nname:       check-equal?\nlocation:   /tmp/tmp7lqo10cx.rkt:19:4\nactual:     6\nexpected:   8\n--------------------\n",
      "exit_code": 0,
      "status": "Exception"
    },
    {
      "program": "#lang racket\n\n;; Write a python function to find the sum of even factors of a number.\n(define (sumofFactors n)\n  (define (sumofFactors-iter n i sum)\n    (cond\n      [(= i n) sum]\n      [(= 0 (modulo n i)) (sumofFactors-iter n (+ i 1) (+ sum i))]\n      [else (sumofFactors-iter n (+ i 1) sum)]))\n  (sumofFactors-iter n 1 0))\n\n(require rackunit)\n\n(define (test-humaneval) \n\n  (let (( candidate sumofFactors))\n    (check-equal? (candidate 18) 26)\n    (check-equal? (candidate 30) 48)\n    (check-equal? (candidate 6) 8)\n))\n\n(test-humaneval)",
      "timestamp": 1665509952,
      "stdout": "",
      "stderr": "--------------------\nFAILURE\nname:       check-equal?\nlocation:   /tmp/tmp7lqo10cx.rkt:17:4\nactual:     21\nexpected:   26\n--------------------\n--------------------\nFAILURE\nname:       check-equal?\nlocation:   /tmp/tmp7lqo10cx.rkt:18:4\nactual:     42\nexpected:   48\n--------------------\n--------------------\nFAILURE\nname:       check-equal?\nlocation:   /tmp/tmp7lqo10cx.rkt:19:4\nactual:     6\nexpected:   8\n--------------------\n",
      "exit_code": 0,
      "status": "Exception"
    },
    {
      "program": "#lang racket\n\n;; Write a python function to find the sum of even factors of a number.\n(define (sumofFactors n)\n  (define (sumofFactors-iter n i sum)\n    (cond ((&gt; i n) sum)\n          ((= (modulo n i) 0) (sumofFactors-iter n (+ i 1) (+ sum i)))\n          (else (sumofFactors-iter n (+ i 1) sum))))\n  (sumofFactors-iter n 1 0))\n\n(require rackunit)\n\n(define (test-humaneval) \n\n  (let (( candidate sumofFactors))\n    (check-equal? (candidate 18) 26)\n    (check-equal? (candidate 30) 48)\n    (check-equal? (candidate 6) 8)\n))\n\n(test-humaneval)",
      "timestamp": 1666122422,
      "stdout": "",
      "stderr": "/tmp/tmpbqaydnrt.rkt:5:2: read-syntax: expected a `)` to close `(`\n  possible cause: indentation suggests a missing `)` before line 11\n  context...:\n   /work/arjunguha-research-group/software/racket/collects/syntax/module-reader.rkt:186:17: body\n   /work/arjunguha-research-group/software/racket/collects/syntax/module-reader.rkt:183:2: wrap-internal\n   /work/arjunguha-research-group/software/racket/collects/racket/../syntax/module-reader.rkt:67:9: wrap-internal/wrapper\n",
      "exit_code": 1,
      "status": "SyntaxError"
    },
    {
      "program": "#lang racket\n\n;; Write a python function to find the sum of even factors of a number.\n(define (sumofFactors n)\n  (define (sumofFactors-iter n i sum)\n    (cond\n      [(= i n) sum]\n      [(= 0 (modulo n i)) (sumofFactors-iter n (+ i 1) (+ sum i))]\n      [else (sumofFactors-iter n (+ i 1) sum)]))\n  (sumofFactors-iter n 1 0))\n\n(require rackunit)\n\n(define (test-humaneval) \n\n  (let (( candidate sumofFactors))\n    (check-equal? (candidate 18) 26)\n    (check-equal? (candidate 30) 48)\n    (check-equal? (candidate 6) 8)\n))\n\n(test-humaneval)",
      "timestamp": 1665509952,
      "stdout": "",
      "stderr": "--------------------\nFAILURE\nname:       check-equal?\nlocation:   /tmp/tmp7lqo10cx.rkt:17:4\nactual:     21\nexpected:   26\n--------------------\n--------------------\nFAILURE\nname:       check-equal?\nlocation:   /tmp/tmp7lqo10cx.rkt:18:4\nactual:     42\nexpected:   48\n--------------------\n--------------------\nFAILURE\nname:       check-equal?\nlocation:   /tmp/tmp7lqo10cx.rkt:19:4\nactual:     6\nexpected:   8\n--------------------\n",
      "exit_code": 0,
      "status": "Exception"
    },
    {
      "program": "#lang racket\n\n;; Write a python function to find the sum of even factors of a number.\n(define (sumofFactors n)\n  (define (sumofFactors-iter n i sum)\n    (cond\n      [(= i n) sum]\n      [(= 0 (modulo n i)) (sumofFactors-iter n (+ i 1) (+ sum i))]\n      [else (sumofFactors-iter n (+ i 1) sum)]))\n  (sumofFactors-iter n 1 0))\n\n(require rackunit)\n\n(define (test-humaneval) \n\n  (let (( candidate sumofFactors))\n    (check-equal? (candidate 18) 26)\n    (check-equal? (candidate 30) 48)\n    (check-equal? (candidate 6) 8)\n))\n\n(test-humaneval)",
      "timestamp": 1665509952,
      "stdout": "",
      "stderr": "--------------------\nFAILURE\nname:       check-equal?\nlocation:   /tmp/tmp7lqo10cx.rkt:17:4\nactual:     21\nexpected:   26\n--------------------\n--------------------\nFAILURE\nname:       check-equal?\nlocation:   /tmp/tmp7lqo10cx.rkt:18:4\nactual:     42\nexpected:   48\n--------------------\n--------------------\nFAILURE\nname:       check-equal?\nlocation:   /tmp/tmp7lqo10cx.rkt:19:4\nactual:     6\nexpected:   8\n--------------------\n",
      "exit_code": 0,
      "status": "Exception"
    },
    {
      "program": "#lang racket\n\n;; Write a python function to find the sum of even factors of a number.\n(define (sumofFactors n)\n  (define (sumofFactors-iter n i sum)\n    (cond [(= i n) sum]\n          [(= 0 (modulo n i)) (sumofFactors-iter n (+ i 1) (+ sum i))]\n          [else (sumofFactors-iter n (+ i 1) sum)]))\n  (sumofFactors-iter n 1 0))\n\n(require rackunit)\n\n(define (test-humaneval) \n\n  (let (( candidate sumofFactors))\n    (check-equal? (candidate 18) 26)\n    (check-equal? (candidate 30) 48)\n    (check-equal? (candidate 6) 8)\n))\n\n(test-humaneval)",
      "timestamp": 1666122423,
      "stdout": "",
      "stderr": "--------------------\nFAILURE\nname:       check-equal?\nlocation:   /tmp/tmpy_9duc6q.rkt:16:4\nactual:     21\nexpected:   26\n--------------------\n--------------------\nFAILURE\nname:       check-equal?\nlocation:   /tmp/tmpy_9duc6q.rkt:17:4\nactual:     42\nexpected:   48\n--------------------\n--------------------\nFAILURE\nname:       check-equal?\nlocation:   /tmp/tmpy_9duc6q.rkt:18:4\nactual:     6\nexpected:   8\n--------------------\n",
      "exit_code": 0,
      "status": "Exception"
    },
    {
      "program": "#lang racket\n\n;; Write a python function to find the sum of even factors of a number.\n(define (sumofFactors n)\n  (define (sumofFactors-iter n i sum)\n    (cond\n      [(= i n) sum]\n      [(= 0 (modulo n i)) (sumofFactors-iter n (+ i 1) (+ sum i))]\n      [else (sumofFactors-iter n (+ i 1) sum)]))\n  (sumofFactors-iter n 1 0))\n\n(require rackunit)\n\n(define (test-humaneval) \n\n  (let (( candidate sumofFactors))\n    (check-equal? (candidate 18) 26)\n    (check-equal? (candidate 30) 48)\n    (check-equal? (candidate 6) 8)\n))\n\n(test-humaneval)",
      "timestamp": 1665509952,
      "stdout": "",
      "stderr": "--------------------\nFAILURE\nname:       check-equal?\nlocation:   /tmp/tmp7lqo10cx.rkt:17:4\nactual:     21\nexpected:   26\n--------------------\n--------------------\nFAILURE\nname:       check-equal?\nlocation:   /tmp/tmp7lqo10cx.rkt:18:4\nactual:     42\nexpected:   48\n--------------------\n--------------------\nFAILURE\nname:       check-equal?\nlocation:   /tmp/tmp7lqo10cx.rkt:19:4\nactual:     6\nexpected:   8\n--------------------\n",
      "exit_code": 0,
      "status": "Exception"
    },
    {
      "program": "#lang racket\n\n;; Write a python function to find the sum of even factors of a number.\n(define (sumofFactors n)\n  (define (sumofFactors-iter n i sum)\n    (if (&lt; i n)\n        (if (= (modulo n i) 0)\n            (sumofFactors-iter n (+ i 1) (+ sum i))\n            (sumofFactors-iter n (+ i 1) sum))\n        sum))\n  (sumofFactors-iter n 2 0))\n\n(require rackunit)\n\n(define (test-humaneval) \n\n  (let (( candidate sumofFactors))\n    (check-equal? (candidate 18) 26)\n    (check-equal? (candidate 30) 48)\n    (check-equal? (candidate 6) 8)\n))\n\n(test-humaneval)",
      "timestamp": 1666122423,
      "stdout": "",
      "stderr": "/tmp/tmpzhmyfp4i.rkt:4:0: read-syntax: expected a `)` to close `(`\n  possible cause: indentation suggests a missing `)` before line 13\n  context...:\n   /work/arjunguha-research-group/software/racket/collects/syntax/module-reader.rkt:186:17: body\n   /work/arjunguha-research-group/software/racket/collects/syntax/module-reader.rkt:183:2: wrap-internal\n   /work/arjunguha-research-group/software/racket/collects/racket/../syntax/module-reader.rkt:67:9: wrap-internal/wrapper\n",
      "exit_code": 1,
      "status": "SyntaxError"
    },
    {
      "program": "#lang racket\n\n;; Write a python function to find the sum of even factors of a number.\n(define (sumofFactors n)\n  (define (sumofFactorsHelper n i)\n    (if (= i n)\n        0\n        (+ (if (= (modulo n i) 0)\n               i\n               0)\n           (sumofFactorsHelper n (+ i 1)))))\n  (sumofFactorsHelper n 1))\n\n(require rackunit)\n\n(define (test-humaneval) \n\n  (let (( candidate sumofFactors))\n    (check-equal? (candidate 18) 26)\n    (check-equal? (candidate 30) 48)\n    (check-equal? (candidate 6) 8)\n))\n\n(test-humaneval)",
      "timestamp": 1666122422,
      "stdout": "",
      "stderr": "--------------------\nFAILURE\nname:       check-equal?\nlocation:   /tmp/tmpvyhlrg1z.rkt:19:4\nactual:     21\nexpected:   26\n--------------------\n--------------------\nFAILURE\nname:       check-equal?\nlocation:   /tmp/tmpvyhlrg1z.rkt:20:4\nactual:     42\nexpected:   48\n--------------------\n--------------------\nFAILURE\nname:       check-equal?\nlocation:   /tmp/tmpvyhlrg1z.rkt:21:4\nactual:     6\nexpected:   8\n--------------------\n",
      "exit_code": 0,
      "status": "Exception"
    },
    {
      "program": "#lang racket\n\n;; Write a python function to find the sum of even factors of a number.\n(define (sumofFactors n)\n  (define (sumofFactors-iter n i sum)\n    (cond\n      [(= i n) sum]\n      [(= (modulo n i) 0) (sumofFactors-iter n (+ i 1) (+ sum i))]\n      [else (sumofFactors-iter n (+ i 1) sum)]))\n  (sumofFactors-iter n 1 0))\n\n(require rackunit)\n\n(define (test-humaneval) \n\n  (let (( candidate sumofFactors))\n    (check-equal? (candidate 18) 26)\n    (check-equal? (candidate 30) 48)\n    (check-equal? (candidate 6) 8)\n))\n\n(test-humaneval)",
      "timestamp": 1665509952,
      "stdout": "",
      "stderr": "--------------------\nFAILURE\nname:       check-equal?\nlocation:   /tmp/tmpolfojwxb.rkt:17:4\nactual:     21\nexpected:   26\n--------------------\n--------------------\nFAILURE\nname:       check-equal?\nlocation:   /tmp/tmpolfojwxb.rkt:18:4\nactual:     42\nexpected:   48\n--------------------\n--------------------\nFAILURE\nname:       check-equal?\nlocation:   /tmp/tmpolfojwxb.rkt:19:4\nactual:     6\nexpected:   8\n--------------------\n",
      "exit_code": 0,
      "status": "Exception"
    },
    {
      "program": "#lang racket\n\n;; Write a python function to find the sum of even factors of a number.\n(define (sumofFactors n)\n  (define (sumofFactors-iter n i)\n    (if (&gt; i n)\n        0\n        (+ (if (zero? (modulo n i))\n               i\n               0)\n           (sumofFactors-iter n (+ i 1)))))\n  (sumofFactors-iter n 1))\n\n(require rackunit)\n\n(define (test-humaneval) \n\n  (let (( candidate sumofFactors))\n    (check-equal? (candidate 18) 26)\n    (check-equal? (candidate 30) 48)\n    (check-equal? (candidate 6) 8)\n))\n\n(test-humaneval)",
      "timestamp": 1666122423,
      "stdout": "",
      "stderr": "/tmp/tmp3bwckbcc.rkt:4:0: read-syntax: expected a `)` to close `(`\n  possible cause: indentation suggests a missing `)` before line 14\n  context...:\n   /work/arjunguha-research-group/software/racket/collects/syntax/module-reader.rkt:186:17: body\n   /work/arjunguha-research-group/software/racket/collects/syntax/module-reader.rkt:183:2: wrap-internal\n   /work/arjunguha-research-group/software/racket/collects/racket/../syntax/module-reader.rkt:67:9: wrap-internal/wrapper\n",
      "exit_code": 1,
      "status": "SyntaxError"
    },
    {
      "program": "#lang racket\n\n;; Write a python function to find the sum of even factors of a number.\n(define (sumofFactors n)\n  (define (sumofFactors-iter n i sum)\n    (cond\n      [(= i n) sum]\n      [(= 0 (modulo n i)) (sumofFactors-iter n (+ i 1) (+ sum i))]\n      [else (sumofFactors-iter n (+ i 1) sum)]))\n  (sumofFactors-iter n 1 0))\n\n(require rackunit)\n\n(define (test-humaneval) \n\n  (let (( candidate sumofFactors))\n    (check-equal? (candidate 18) 26)\n    (check-equal? (candidate 30) 48)\n    (check-equal? (candidate 6) 8)\n))\n\n(test-humaneval)",
      "timestamp": 1665509952,
      "stdout": "",
      "stderr": "--------------------\nFAILURE\nname:       check-equal?\nlocation:   /tmp/tmp7lqo10cx.rkt:17:4\nactual:     21\nexpected:   26\n--------------------\n--------------------\nFAILURE\nname:       check-equal?\nlocation:   /tmp/tmp7lqo10cx.rkt:18:4\nactual:     42\nexpected:   48\n--------------------\n--------------------\nFAILURE\nname:       check-equal?\nlocation:   /tmp/tmp7lqo10cx.rkt:19:4\nactual:     6\nexpected:   8\n--------------------\n",
      "exit_code": 0,
      "status": "Exception"
    },
    {
      "program": "#lang racket\n\n;; Write a python function to find the sum of even factors of a number.\n(define (sumofFactors n)\n  (define (sumofFactors-iter n i sum)\n    (cond\n      [(= i n) sum]\n      [(= 0 (modulo n i)) (sumofFactors-iter n (+ i 1) (+ sum i))]\n      [else (sumofFactors-iter n (+ i 1) sum)]))\n  (sumofFactors-iter n 1 0))\n\n(require rackunit)\n\n(define (test-humaneval) \n\n  (let (( candidate sumofFactors))\n    (check-equal? (candidate 18) 26)\n    (check-equal? (candidate 30) 48)\n    (check-equal? (candidate 6) 8)\n))\n\n(test-humaneval)",
      "timestamp": 1665509952,
      "stdout": "",
      "stderr": "--------------------\nFAILURE\nname:       check-equal?\nlocation:   /tmp/tmp7lqo10cx.rkt:17:4\nactual:     21\nexpected:   26\n--------------------\n--------------------\nFAILURE\nname:       check-equal?\nlocation:   /tmp/tmp7lqo10cx.rkt:18:4\nactual:     42\nexpected:   48\n--------------------\n--------------------\nFAILURE\nname:       check-equal?\nlocation:   /tmp/tmp7lqo10cx.rkt:19:4\nactual:     6\nexpected:   8\n--------------------\n",
      "exit_code": 0,
      "status": "Exception"
    },
    {
      "program": "#lang racket\n\n;; Write a python function to find the sum of even factors of a number.\n(define (sumofFactors n)\n  (define (sumofFactors-iter n i)\n    (cond\n      [(= i n) 0]\n      [(= (remainder n i) 0) (+ i (sumofFactors-iter n (+ i 1)))]\n      [else (sumofFactors-iter n (+ i 1))]))\n  (sumofFactors-iter n 1))\n\n(require rackunit)\n\n(define (test-humaneval) \n\n  (let (( candidate sumofFactors))\n    (check-equal? (candidate 18) 26)\n    (check-equal? (candidate 30) 48)\n    (check-equal? (candidate 6) 8)\n))\n\n(test-humaneval)",
      "timestamp": 1666122423,
      "stdout": "",
      "stderr": "--------------------\nFAILURE\nname:       check-equal?\nlocation:   /tmp/tmp_6d_4s8g.rkt:17:4\nactual:     21\nexpected:   26\n--------------------\n--------------------\nFAILURE\nname:       check-equal?\nlocation:   /tmp/tmp_6d_4s8g.rkt:18:4\nactual:     42\nexpected:   48\n--------------------\n--------------------\nFAILURE\nname:       check-equal?\nlocation:   /tmp/tmp_6d_4s8g.rkt:19:4\nactual:     6\nexpected:   8\n--------------------\n",
      "exit_code": 0,
      "status": "Exception"
    },
    {
      "program": "#lang racket\n\n;; Write a python function to find the sum of even factors of a number.\n(define (sumofFactors n)\n  (define (sumofFactors-iter n i sum)\n    (cond\n      [(= n i) sum]\n      [(= 0 (modulo n i)) (sumofFactors-iter n (+ i 1) (+ sum i))]\n      [else (sumofFactors-iter n (+ i 1) sum)]))\n  (sumofFactors-iter n 1 0))\n\n(require rackunit)\n\n(define (test-humaneval) \n\n  (let (( candidate sumofFactors))\n    (check-equal? (candidate 18) 26)\n    (check-equal? (candidate 30) 48)\n    (check-equal? (candidate 6) 8)\n))\n\n(test-humaneval)",
      "timestamp": 1666122422,
      "stdout": "",
      "stderr": "--------------------\nFAILURE\nname:       check-equal?\nlocation:   /tmp/tmp6kwxv9mv.rkt:17:4\nactual:     21\nexpected:   26\n--------------------\n--------------------\nFAILURE\nname:       check-equal?\nlocation:   /tmp/tmp6kwxv9mv.rkt:18:4\nactual:     42\nexpected:   48\n--------------------\n--------------------\nFAILURE\nname:       check-equal?\nlocation:   /tmp/tmp6kwxv9mv.rkt:19:4\nactual:     6\nexpected:   8\n--------------------\n",
      "exit_code": 0,
      "status": "Exception"
    },
    {
      "program": "#lang racket\n\n;; Write a python function to find the sum of even factors of a number.\n(define (sumofFactors n)\n  (define (sumofFactors-iter n i)\n    (cond\n      [(= i n) 0]\n      [(= 0 (modulo n i)) (+ i (sumofFactors-iter n (+ i 1)))]\n      [else (sumofFactors-iter n (+ i 1))]))\n  (sumofFactors-iter n 1))\n\n(require rackunit)\n\n(define (test-humaneval) \n\n  (let (( candidate sumofFactors))\n    (check-equal? (candidate 18) 26)\n    (check-equal? (candidate 30) 48)\n    (check-equal? (candidate 6) 8)\n))\n\n(test-humaneval)",
      "timestamp": 1666122422,
      "stdout": "",
      "stderr": "--------------------\nFAILURE\nname:       check-equal?\nlocation:   /tmp/tmpp8g380yn.rkt:17:4\nactual:     21\nexpected:   26\n--------------------\n--------------------\nFAILURE\nname:       check-equal?\nlocation:   /tmp/tmpp8g380yn.rkt:18:4\nactual:     42\nexpected:   48\n--------------------\n--------------------\nFAILURE\nname:       check-equal?\nlocation:   /tmp/tmpp8g380yn.rkt:19:4\nactual:     6\nexpected:   8\n--------------------\n",
      "exit_code": 0,
      "status": "Exception"
    },
    {
      "program": "#lang racket\n\n;; Write a python function to find the sum of even factors of a number.\n(define (sumofFactors n)\n  (define (sumofFactors-iter n i sum)\n    (cond\n      [(= i n) sum]\n      [(= 0 (modulo n i)) (sumofFactors-iter n (+ i 1) (+ sum i))]\n      [else (sumofFactors-iter n (+ i 1) sum)]))\n  (sumofFactors-iter n 1 0))\n\n(require rackunit)\n\n(define (test-humaneval) \n\n  (let (( candidate sumofFactors))\n    (check-equal? (candidate 18) 26)\n    (check-equal? (candidate 30) 48)\n    (check-equal? (candidate 6) 8)\n))\n\n(test-humaneval)",
      "timestamp": 1665509952,
      "stdout": "",
      "stderr": "--------------------\nFAILURE\nname:       check-equal?\nlocation:   /tmp/tmp7lqo10cx.rkt:17:4\nactual:     21\nexpected:   26\n--------------------\n--------------------\nFAILURE\nname:       check-equal?\nlocation:   /tmp/tmp7lqo10cx.rkt:18:4\nactual:     42\nexpected:   48\n--------------------\n--------------------\nFAILURE\nname:       check-equal?\nlocation:   /tmp/tmp7lqo10cx.rkt:19:4\nactual:     6\nexpected:   8\n--------------------\n",
      "exit_code": 0,
      "status": "Exception"
    },
    {
      "program": "#lang racket\n\n;; Write a python function to find the sum of even factors of a number.\n(define (sumofFactors n)\n  (define (sumofFactors-iter i sum)\n    (cond\n      [(= i n) sum]\n      [(= 0 (modulo n i)) (sumofFactors-iter (+ i 1) (+ sum i))]\n      [else (sumofFactors-iter (+ i 1) sum)]))\n  (sumofFactors-iter 1 0))\n\n(require rackunit)\n\n(define (test-humaneval) \n\n  (let (( candidate sumofFactors))\n    (check-equal? (candidate 18) 26)\n    (check-equal? (candidate 30) 48)\n    (check-equal? (candidate 6) 8)\n))\n\n(test-humaneval)",
      "timestamp": 1666122424,
      "stdout": "",
      "stderr": "--------------------\nFAILURE\nname:       check-equal?\nlocation:   /tmp/tmplna6gqub.rkt:17:4\nactual:     21\nexpected:   26\n--------------------\n--------------------\nFAILURE\nname:       check-equal?\nlocation:   /tmp/tmplna6gqub.rkt:18:4\nactual:     42\nexpected:   48\n--------------------\n--------------------\nFAILURE\nname:       check-equal?\nlocation:   /tmp/tmplna6gqub.rkt:19:4\nactual:     6\nexpected:   8\n--------------------\n",
      "exit_code": 0,
      "status": "Exception"
    },
    {
      "program": "#lang racket\n\n;; Write a python function to find the sum of even factors of a number.\n(define (sumofFactors n)\n  (define (sumofFactorsHelper n i)\n    (if (= i n)\n        0\n        (+ (if (= (modulo n i) 0) i 0)\n           (sumofFactorsHelper n (+ i 1)))))\n  (sumofFactorsHelper n 1))\n\n(require rackunit)\n\n(define (test-humaneval) \n\n  (let (( candidate sumofFactors))\n    (check-equal? (candidate 18) 26)\n    (check-equal? (candidate 30) 48)\n    (check-equal? (candidate 6) 8)\n))\n\n(test-humaneval)",
      "timestamp": 1666122424,
      "stdout": "",
      "stderr": "--------------------\nFAILURE\nname:       check-equal?\nlocation:   /tmp/tmplc9f2v2_.rkt:17:4\nactual:     21\nexpected:   26\n--------------------\n--------------------\nFAILURE\nname:       check-equal?\nlocation:   /tmp/tmplc9f2v2_.rkt:18:4\nactual:     42\nexpected:   48\n--------------------\n--------------------\nFAILURE\nname:       check-equal?\nlocation:   /tmp/tmplc9f2v2_.rkt:19:4\nactual:     6\nexpected:   8\n--------------------\n",
      "exit_code": 0,
      "status": "Exception"
    },
    {
      "program": "#lang racket\n\n;; Write a python function to find the sum of even factors of a number.\n(define (sumofFactors n)\n  (define (sumofFactors-iter n i sum)\n    (cond\n      [(= i n) sum]\n      [(= 0 (modulo n i))\n       (sumofFactors-iter n (+ i 1) (+ sum i))]\n      [else\n       (sumofFactors-iter n (+ i 1) sum)]))\n  (sumofFactors-iter n 1 0))\n\n(require rackunit)\n\n(define (test-humaneval) \n\n  (let (( candidate sumofFactors))\n    (check-equal? (candidate 18) 26)\n    (check-equal? (candidate 30) 48)\n    (check-equal? (candidate 6) 8)\n))\n\n(test-humaneval)",
      "timestamp": 1666122424,
      "stdout": "",
      "stderr": "--------------------\nFAILURE\nname:       check-equal?\nlocation:   /tmp/tmpk_chi8wq.rkt:19:4\nactual:     21\nexpected:   26\n--------------------\n--------------------\nFAILURE\nname:       check-equal?\nlocation:   /tmp/tmpk_chi8wq.rkt:20:4\nactual:     42\nexpected:   48\n--------------------\n--------------------\nFAILURE\nname:       check-equal?\nlocation:   /tmp/tmpk_chi8wq.rkt:21:4\nactual:     6\nexpected:   8\n--------------------\n",
      "exit_code": 0,
      "status": "Exception"
    },
    {
      "program": "#lang racket\n\n;; Write a python function to find the sum of even factors of a number.\n(define (sumofFactors n)\n  (define (sumofFactors-iter n i sum)\n    (cond\n      [(= i n) sum]\n      [(= 0 (modulo n i)) (sumofFactors-iter n (+ i 1) (+ sum i))]\n      [else (sumofFactors-iter n (+ i 1) sum)]))\n  (sumofFactors-iter n 1 0))\n\n(require rackunit)\n\n(define (test-humaneval) \n\n  (let (( candidate sumofFactors))\n    (check-equal? (candidate 18) 26)\n    (check-equal? (candidate 30) 48)\n    (check-equal? (candidate 6) 8)\n))\n\n(test-humaneval)",
      "timestamp": 1665509952,
      "stdout": "",
      "stderr": "--------------------\nFAILURE\nname:       check-equal?\nlocation:   /tmp/tmp7lqo10cx.rkt:17:4\nactual:     21\nexpected:   26\n--------------------\n--------------------\nFAILURE\nname:       check-equal?\nlocation:   /tmp/tmp7lqo10cx.rkt:18:4\nactual:     42\nexpected:   48\n--------------------\n--------------------\nFAILURE\nname:       check-equal?\nlocation:   /tmp/tmp7lqo10cx.rkt:19:4\nactual:     6\nexpected:   8\n--------------------\n",
      "exit_code": 0,
      "status": "Exception"
    },
    {
      "program": "#lang racket\n\n;; Write a python function to find the sum of even factors of a number.\n(define (sumofFactors n)\n  (define (sumOfEvenFactors n)\n    (define (sumOfEvenFactorsHelper n acc)\n      (cond ((= n 1) acc)\n            ((= (remainder n 2) 0) (sumOfEvenFactorsHelper (/ n 2) (+ n acc)))\n            (else (sumOfEvenFactorsHelper (/ n 2) acc))))\n    (sumOfEvenFactorsHelper n 0))\n  (sumOfEvenFactors n))\n\n(require rackunit)\n\n(define (test-humaneval) \n\n  (let (( candidate sumofFactors))\n    (check-equal? (candidate 18) 26)\n    (check-equal? (candidate 30) 48)\n    (check-equal? (candidate 6) 8)\n))\n\n(test-humaneval)",
      "timestamp": 1666122424,
      "stdout": "",
      "stderr": "--------------------\nERROR\nname:       check-equal?\nlocation:   /tmp/tmpw7qdkalp.rkt:18:4\n\nremainder: contract violation\n  expected: integer?\n  given: 9/2\n--------------------\n--------------------\nERROR\nname:       check-equal?\nlocation:   /tmp/tmpw7qdkalp.rkt:19:4\n\nremainder: contract violation\n  expected: integer?\n  given: 15/2\n--------------------\n--------------------\nERROR\nname:       check-equal?\nlocation:   /tmp/tmpw7qdkalp.rkt:20:4\n\nremainder: contract violation\n  expected: integer?\n  given: 3/2\n--------------------\n",
      "exit_code": 0,
      "status": "Exception"
    },
    {
      "program": "#lang racket\n\n;; Write a python function to find the sum of even factors of a number.\n(define (sumofFactors n)\n  (define (sumofFactors-iter n i sum)\n    (cond\n      [(= i n) sum]\n      [(= 0 (modulo n i)) (sumofFactors-iter n (+ i 1) (+ sum i))]\n      [else (sumofFactors-iter n (+ i 1) sum)]))\n  (sumofFactors-iter n 1 0))\n\n(require rackunit)\n\n(define (test-humaneval) \n\n  (let (( candidate sumofFactors))\n    (check-equal? (candidate 18) 26)\n    (check-equal? (candidate 30) 48)\n    (check-equal? (candidate 6) 8)\n))\n\n(test-humaneval)",
      "timestamp": 1665509952,
      "stdout": "",
      "stderr": "--------------------\nFAILURE\nname:       check-equal?\nlocation:   /tmp/tmp7lqo10cx.rkt:17:4\nactual:     21\nexpected:   26\n--------------------\n--------------------\nFAILURE\nname:       check-equal?\nlocation:   /tmp/tmp7lqo10cx.rkt:18:4\nactual:     42\nexpected:   48\n--------------------\n--------------------\nFAILURE\nname:       check-equal?\nlocation:   /tmp/tmp7lqo10cx.rkt:19:4\nactual:     6\nexpected:   8\n--------------------\n",
      "exit_code": 0,
      "status": "Exception"
    },
    {
      "program": "#lang racket\n\n;; Write a python function to find the sum of even factors of a number.\n(define (sumofFactors n)\n  (define (sumofFactors-iter n i sum)\n    (cond ((= i n) sum)\n          ((even? i) (sumofFactors-iter n (+ i 1) (+ sum i)))\n          (else (sumofFactors-iter n (+ i 1) sum))))\n  (sumofFactors-iter n 1 0))\n\n(require rackunit)\n\n(define (test-humaneval) \n\n  (let (( candidate sumofFactors))\n    (check-equal? (candidate 18) 26)\n    (check-equal? (candidate 30) 48)\n    (check-equal? (candidate 6) 8)\n))\n\n(test-humaneval)",
      "timestamp": 1666122422,
      "stdout": "",
      "stderr": "--------------------\nFAILURE\nname:       check-equal?\nlocation:   /tmp/tmpk2yfuqes.rkt:16:4\nactual:     72\nexpected:   26\n--------------------\n--------------------\nFAILURE\nname:       check-equal?\nlocation:   /tmp/tmpk2yfuqes.rkt:17:4\nactual:     210\nexpected:   48\n--------------------\n--------------------\nFAILURE\nname:       check-equal?\nlocation:   /tmp/tmpk2yfuqes.rkt:18:4\nactual:     6\nexpected:   8\n--------------------\n",
      "exit_code": 0,
      "status": "Exception"
    },
    {
      "program": "#lang racket\n\n;; Write a python function to find the sum of even factors of a number.\n(define (sumofFactors n)\n  (define (sumofFactors-iter n i sum)\n    (cond ((= i n) sum)\n          ((= 0 (modulo n i)) (+ sum i))\n          (else (sumofFactors-iter n (+ i 1) sum))))\n  (sumofFactors-iter n 1 0))\n\n(require rackunit)\n\n(define (test-humaneval) \n\n  (let (( candidate sumofFactors))\n    (check-equal? (candidate 18) 26)\n    (check-equal? (candidate 30) 48)\n    (check-equal? (candidate 6) 8)\n))\n\n(test-humaneval)",
      "timestamp": 1665509952,
      "stdout": "",
      "stderr": "--------------------\nFAILURE\nname:       check-equal?\nlocation:   /tmp/tmppla7pdc_.rkt:16:4\nactual:     1\nexpected:   26\n--------------------\n--------------------\nFAILURE\nname:       check-equal?\nlocation:   /tmp/tmppla7pdc_.rkt:17:4\nactual:     1\nexpected:   48\n--------------------\n--------------------\nFAILURE\nname:       check-equal?\nlocation:   /tmp/tmppla7pdc_.rkt:18:4\nactual:     1\nexpected:   8\n--------------------\n",
      "exit_code": 0,
      "status": "Exception"
    },
    {
      "program": "#lang racket\n\n;; Write a python function to find the sum of even factors of a number.\n(define (sumofFactors n)\n  (define (sumofFactors-iter n i sum)\n    (cond\n      [(= i n) sum]\n      [(= 0 (modulo n i)) (sumofFactors-iter n (+ i 1) (+ sum i))]\n      [else (sumofFactors-iter n (+ i 1) sum)]))\n  (sumofFactors-iter n 1 0))\n\n(require rackunit)\n\n(define (test-humaneval) \n\n  (let (( candidate sumofFactors))\n    (check-equal? (candidate 18) 26)\n    (check-equal? (candidate 30) 48)\n    (check-equal? (candidate 6) 8)\n))\n\n(test-humaneval)",
      "timestamp": 1665509952,
      "stdout": "",
      "stderr": "--------------------\nFAILURE\nname:       check-equal?\nlocation:   /tmp/tmp7lqo10cx.rkt:17:4\nactual:     21\nexpected:   26\n--------------------\n--------------------\nFAILURE\nname:       check-equal?\nlocation:   /tmp/tmp7lqo10cx.rkt:18:4\nactual:     42\nexpected:   48\n--------------------\n--------------------\nFAILURE\nname:       check-equal?\nlocation:   /tmp/tmp7lqo10cx.rkt:19:4\nactual:     6\nexpected:   8\n--------------------\n",
      "exit_code": 0,
      "status": "Exception"
    },
    {
      "program": "#lang racket\n\n;; Write a python function to find the sum of even factors of a number.\n(define (sumofFactors n)\n  (define (sumofFactors-iter n i)\n    (cond\n      [(= i n) 0]\n      [(= 0 (modulo n i)) (+ i (sumofFactors-iter n (+ i 1)))]\n      [else (sumofFactors-iter n (+ i 1))]))\n  (sumofFactors-iter n 1))\n\n(require rackunit)\n\n(define (test-humaneval) \n\n  (let (( candidate sumofFactors))\n    (check-equal? (candidate 18) 26)\n    (check-equal? (candidate 30) 48)\n    (check-equal? (candidate 6) 8)\n))\n\n(test-humaneval)",
      "timestamp": 1666122422,
      "stdout": "",
      "stderr": "--------------------\nFAILURE\nname:       check-equal?\nlocation:   /tmp/tmpp8g380yn.rkt:17:4\nactual:     21\nexpected:   26\n--------------------\n--------------------\nFAILURE\nname:       check-equal?\nlocation:   /tmp/tmpp8g380yn.rkt:18:4\nactual:     42\nexpected:   48\n--------------------\n--------------------\nFAILURE\nname:       check-equal?\nlocation:   /tmp/tmpp8g380yn.rkt:19:4\nactual:     6\nexpected:   8\n--------------------\n",
      "exit_code": 0,
      "status": "Exception"
    },
    {
      "program": "#lang racket\n\n;; Write a python function to find the sum of even factors of a number.\n(define (sumofFactors n)\n  (define (sumofFactors-iter n i sum)\n    (if (= i n)\n        sum\n        (if (= 0 (modulo n i))\n            (sumofFactors-iter n (+ i 1) (+ sum i))\n            (sumofFactors-iter n (+ i 1) sum))))\n  (sumofFactors-iter n 1 0))\n\n(require rackunit)\n\n(define (test-humaneval) \n\n  (let (( candidate sumofFactors))\n    (check-equal? (candidate 18) 26)\n    (check-equal? (candidate 30) 48)\n    (check-equal? (candidate 6) 8)\n))\n\n(test-humaneval)",
      "timestamp": 1666122424,
      "stdout": "",
      "stderr": "--------------------\nFAILURE\nname:       check-equal?\nlocation:   /tmp/tmpucmribaf.rkt:18:4\nactual:     21\nexpected:   26\n--------------------\n--------------------\nFAILURE\nname:       check-equal?\nlocation:   /tmp/tmpucmribaf.rkt:19:4\nactual:     42\nexpected:   48\n--------------------\n--------------------\nFAILURE\nname:       check-equal?\nlocation:   /tmp/tmpucmribaf.rkt:20:4\nactual:     6\nexpected:   8\n--------------------\n",
      "exit_code": 0,
      "status": "Exception"
    },
    {
      "program": "#lang racket\n\n;; Write a python function to find the sum of even factors of a number.\n(define (sumofFactors n)\n  (define (sumofFactors-iter n sum)\n    (cond\n      [(= n 0) sum]\n      [(= (remainder n 2) 0) (sumofFactors-iter (- n 1) (+ sum n))]\n      [else (sumofFactors-iter (- n 1) sum)]))\n  (sumofFactors-iter n 0))\n\n(require rackunit)\n\n(define (test-humaneval) \n\n  (let (( candidate sumofFactors))\n    (check-equal? (candidate 18) 26)\n    (check-equal? (candidate 30) 48)\n    (check-equal? (candidate 6) 8)\n))\n\n(test-humaneval)",
      "timestamp": 1666122423,
      "stdout": "",
      "stderr": "--------------------\nFAILURE\nname:       check-equal?\nlocation:   /tmp/tmpa9pb7s21.rkt:17:4\nactual:     90\nexpected:   26\n--------------------\n--------------------\nFAILURE\nname:       check-equal?\nlocation:   /tmp/tmpa9pb7s21.rkt:18:4\nactual:     240\nexpected:   48\n--------------------\n--------------------\nFAILURE\nname:       check-equal?\nlocation:   /tmp/tmpa9pb7s21.rkt:19:4\nactual:     12\nexpected:   8\n--------------------\n",
      "exit_code": 0,
      "status": "Exception"
    },
    {
      "program": "#lang racket\n\n;; Write a python function to find the sum of even factors of a number.\n(define (sumofFactors n)\n  (define (sumofFactors-iter i sum)\n    (cond\n      [(= i n) sum]\n      [(= (modulo n i) 0) (sumofFactors-iter (+ i 1) (+ sum i))]\n      [else (sumofFactors-iter (+ i 1) sum)]))\n  (sumofFactors-iter 1 0))\n\n(require rackunit)\n\n(define (test-humaneval) \n\n  (let (( candidate sumofFactors))\n    (check-equal? (candidate 18) 26)\n    (check-equal? (candidate 30) 48)\n    (check-equal? (candidate 6) 8)\n))\n\n(test-humaneval)",
      "timestamp": 1666122422,
      "stdout": "",
      "stderr": "--------------------\nFAILURE\nname:       check-equal?\nlocation:   /tmp/tmp2v3qls3b.rkt:17:4\nactual:     21\nexpected:   26\n--------------------\n--------------------\nFAILURE\nname:       check-equal?\nlocation:   /tmp/tmp2v3qls3b.rkt:18:4\nactual:     42\nexpected:   48\n--------------------\n--------------------\nFAILURE\nname:       check-equal?\nlocation:   /tmp/tmp2v3qls3b.rkt:19:4\nactual:     6\nexpected:   8\n--------------------\n",
      "exit_code": 0,
      "status": "Exception"
    },
    {
      "program": "#lang racket\n\n;; Write a python function to find the sum of even factors of a number.\n(define (sumofFactors n)\n  (define (sumofFactorsHelper n i)\n    (if (= i n)\n        0\n        (+ (if (= (modulo n i) 0)\n               i\n               0)\n           (sumofFactorsHelper n (+ i 1)))))\n  (sumofFactorsHelper n 1))\n\n(require rackunit)\n\n(define (test-humaneval) \n\n  (let (( candidate sumofFactors))\n    (check-equal? (candidate 18) 26)\n    (check-equal? (candidate 30) 48)\n    (check-equal? (candidate 6) 8)\n))\n\n(test-humaneval)",
      "timestamp": 1666122422,
      "stdout": "",
      "stderr": "--------------------\nFAILURE\nname:       check-equal?\nlocation:   /tmp/tmpvyhlrg1z.rkt:19:4\nactual:     21\nexpected:   26\n--------------------\n--------------------\nFAILURE\nname:       check-equal?\nlocation:   /tmp/tmpvyhlrg1z.rkt:20:4\nactual:     42\nexpected:   48\n--------------------\n--------------------\nFAILURE\nname:       check-equal?\nlocation:   /tmp/tmpvyhlrg1z.rkt:21:4\nactual:     6\nexpected:   8\n--------------------\n",
      "exit_code": 0,
      "status": "Exception"
    },
    {
      "program": "#lang racket\n\n;; Write a python function to find the sum of even factors of a number.\n(define (sumofFactors n)\n  (define (sumofFactors-iter n i sum)\n    (cond\n      [(= i n) sum]\n      [(= 0 (modulo n i)) (sumofFactors-iter n (+ i 1) (+ sum i))]\n      [else (sumofFactors-iter n (+ i 1) sum)]))\n  (sumofFactors-iter n 1 0))\n\n(require rackunit)\n\n(define (test-humaneval) \n\n  (let (( candidate sumofFactors))\n    (check-equal? (candidate 18) 26)\n    (check-equal? (candidate 30) 48)\n    (check-equal? (candidate 6) 8)\n))\n\n(test-humaneval)",
      "timestamp": 1665509952,
      "stdout": "",
      "stderr": "--------------------\nFAILURE\nname:       check-equal?\nlocation:   /tmp/tmp7lqo10cx.rkt:17:4\nactual:     21\nexpected:   26\n--------------------\n--------------------\nFAILURE\nname:       check-equal?\nlocation:   /tmp/tmp7lqo10cx.rkt:18:4\nactual:     42\nexpected:   48\n--------------------\n--------------------\nFAILURE\nname:       check-equal?\nlocation:   /tmp/tmp7lqo10cx.rkt:19:4\nactual:     6\nexpected:   8\n--------------------\n",
      "exit_code": 0,
      "status": "Exception"
    },
    {
      "program": "#lang racket\n\n;; Write a python function to find the sum of even factors of a number.\n(define (sumofFactors n)\n  (define (sumofFactors-iter n i sum)\n    (cond\n      [(= i n) sum]\n      [(= (modulo n i) 0) (sumofFactors-iter n (+ i 1) (+ sum i))]\n      [else (sumofFactors-iter n (+ i 1) sum)]))\n  (sumofFactors-iter n 2 0))\n\n(require rackunit)\n\n(define (test-humaneval) \n\n  (let (( candidate sumofFactors))\n    (check-equal? (candidate 18) 26)\n    (check-equal? (candidate 30) 48)\n    (check-equal? (candidate 6) 8)\n))\n\n(test-humaneval)",
      "timestamp": 1666122424,
      "stdout": "",
      "stderr": "--------------------\nFAILURE\nname:       check-equal?\nlocation:   /tmp/tmpf0i6s8hq.rkt:17:4\nactual:     20\nexpected:   26\n--------------------\n--------------------\nFAILURE\nname:       check-equal?\nlocation:   /tmp/tmpf0i6s8hq.rkt:18:4\nactual:     41\nexpected:   48\n--------------------\n--------------------\nFAILURE\nname:       check-equal?\nlocation:   /tmp/tmpf0i6s8hq.rkt:19:4\nactual:     5\nexpected:   8\n--------------------\n",
      "exit_code": 0,
      "status": "Exception"
    },
    {
      "program": "#lang racket\n\n;; Write a python function to find the sum of even factors of a number.\n(define (sumofFactors n)\n  (define (sumofFactors-iter n i sum)\n    (cond\n      [(= i n) sum]\n      [(= 0 (modulo n i)) (sumofFactors-iter n (+ i 1) (+ sum i))]\n      [else (sumofFactors-iter n (+ i 1) sum)]))\n  (sumofFactors-iter n 1 0))\n\n(require rackunit)\n\n(define (test-humaneval) \n\n  (let (( candidate sumofFactors))\n    (check-equal? (candidate 18) 26)\n    (check-equal? (candidate 30) 48)\n    (check-equal? (candidate 6) 8)\n))\n\n(test-humaneval)",
      "timestamp": 1665509952,
      "stdout": "",
      "stderr": "--------------------\nFAILURE\nname:       check-equal?\nlocation:   /tmp/tmp7lqo10cx.rkt:17:4\nactual:     21\nexpected:   26\n--------------------\n--------------------\nFAILURE\nname:       check-equal?\nlocation:   /tmp/tmp7lqo10cx.rkt:18:4\nactual:     42\nexpected:   48\n--------------------\n--------------------\nFAILURE\nname:       check-equal?\nlocation:   /tmp/tmp7lqo10cx.rkt:19:4\nactual:     6\nexpected:   8\n--------------------\n",
      "exit_code": 0,
      "status": "Exception"
    },
    {
      "program": "#lang racket\n\n;; Write a python function to find the sum of even factors of a number.\n(define (sumofFactors n)\n  (define (sumofFactors-iter n i sum)\n    (cond ((= i n) sum)\n          ((even? i) (sumofFactors-iter n (+ i 1) (+ sum i)))\n          (else (sumofFactors-iter n (+ i 1) sum))))\n  (sumofFactors-iter n 1 0))\n\n(require rackunit)\n\n(define (test-humaneval) \n\n  (let (( candidate sumofFactors))\n    (check-equal? (candidate 18) 26)\n    (check-equal? (candidate 30) 48)\n    (check-equal? (candidate 6) 8)\n))\n\n(test-humaneval)",
      "timestamp": 1666122422,
      "stdout": "",
      "stderr": "--------------------\nFAILURE\nname:       check-equal?\nlocation:   /tmp/tmpk2yfuqes.rkt:16:4\nactual:     72\nexpected:   26\n--------------------\n--------------------\nFAILURE\nname:       check-equal?\nlocation:   /tmp/tmpk2yfuqes.rkt:17:4\nactual:     210\nexpected:   48\n--------------------\n--------------------\nFAILURE\nname:       check-equal?\nlocation:   /tmp/tmpk2yfuqes.rkt:18:4\nactual:     6\nexpected:   8\n--------------------\n",
      "exit_code": 0,
      "status": "Exception"
    },
    {
      "program": "#lang racket\n\n;; Write a python function to find the sum of even factors of a number.\n(define (sumofFactors n)\n  (define (sumofFactors-iter n i sum)\n    (cond\n      [(= i n) sum]\n      [(= 0 (modulo n i)) (sumofFactors-iter n (+ i 1) (+ sum i))]\n      [else (sumofFactors-iter n (+ i 1) sum)]))\n  (sumofFactors-iter n 1 0))\n\n(require rackunit)\n\n(define (test-humaneval) \n\n  (let (( candidate sumofFactors))\n    (check-equal? (candidate 18) 26)\n    (check-equal? (candidate 30) 48)\n    (check-equal? (candidate 6) 8)\n))\n\n(test-humaneval)",
      "timestamp": 1665509952,
      "stdout": "",
      "stderr": "--------------------\nFAILURE\nname:       check-equal?\nlocation:   /tmp/tmp7lqo10cx.rkt:17:4\nactual:     21\nexpected:   26\n--------------------\n--------------------\nFAILURE\nname:       check-equal?\nlocation:   /tmp/tmp7lqo10cx.rkt:18:4\nactual:     42\nexpected:   48\n--------------------\n--------------------\nFAILURE\nname:       check-equal?\nlocation:   /tmp/tmp7lqo10cx.rkt:19:4\nactual:     6\nexpected:   8\n--------------------\n",
      "exit_code": 0,
      "status": "Exception"
    },
    {
      "program": "#lang racket\n\n;; Write a python function to find the sum of even factors of a number.\n(define (sumofFactors n)\n  (define (isFactor n m)\n    (if (= (modulo n m) 0)\n        #t\n        #f))\n  (define (isEven n)\n    (if (= (modulo n 2) 0)\n        #t\n        #f))\n  (define (sumofFactorsHelper n m)\n    (if (= m n)\n        0\n        (if (and (isFactor n m) (isEven m))\n            (+ m (sumofFactorsHelper n (+ m 1)))\n            (sumofFactorsHelper n (+ m 1)))))\n  (sumofFactorsHelper n 1))\n\n(require rackunit)\n\n(define (test-humaneval) \n\n  (let (( candidate sumofFactors))\n    (check-equal? (candidate 18) 26)\n    (check-equal? (candidate 30) 48)\n    (check-equal? (candidate 6) 8)\n))\n\n(test-humaneval)",
      "timestamp": 1666122424,
      "stdout": "",
      "stderr": "--------------------\nFAILURE\nname:       check-equal?\nlocation:   /tmp/tmpkj7w03sq.rkt:26:4\nactual:     8\nexpected:   26\n--------------------\n--------------------\nFAILURE\nname:       check-equal?\nlocation:   /tmp/tmpkj7w03sq.rkt:27:4\nactual:     18\nexpected:   48\n--------------------\n--------------------\nFAILURE\nname:       check-equal?\nlocation:   /tmp/tmpkj7w03sq.rkt:28:4\nactual:     2\nexpected:   8\n--------------------\n",
      "exit_code": 0,
      "status": "Exception"
    },
    {
      "program": "#lang racket\n\n;; Write a python function to find the sum of even factors of a number.\n(define (sumofFactors n)\n  (define (sumofFactors-iter n i sum)\n    (cond\n      [(= i n) sum]\n      [(= (modulo n i) 0) (sumofFactors-iter n (+ i 1) (+ sum i))]\n      [else (sumofFactors-iter n (+ i 1) sum)]))\n  (sumofFactors-iter n 1 0))\n\n(require rackunit)\n\n(define (test-humaneval) \n\n  (let (( candidate sumofFactors))\n    (check-equal? (candidate 18) 26)\n    (check-equal? (candidate 30) 48)\n    (check-equal? (candidate 6) 8)\n))\n\n(test-humaneval)",
      "timestamp": 1665509952,
      "stdout": "",
      "stderr": "--------------------\nFAILURE\nname:       check-equal?\nlocation:   /tmp/tmpolfojwxb.rkt:17:4\nactual:     21\nexpected:   26\n--------------------\n--------------------\nFAILURE\nname:       check-equal?\nlocation:   /tmp/tmpolfojwxb.rkt:18:4\nactual:     42\nexpected:   48\n--------------------\n--------------------\nFAILURE\nname:       check-equal?\nlocation:   /tmp/tmpolfojwxb.rkt:19:4\nactual:     6\nexpected:   8\n--------------------\n",
      "exit_code": 0,
      "status": "Exception"
    },
    {
      "program": "#lang racket\n\n;; Write a python function to find the sum of even factors of a number.\n(define (sumofFactors n)\n  (define (sumofFactors-iter n i sum)\n    (cond ((= i n) sum)\n          ((= 0 (modulo n i)) (+ sum i))\n          (else (sumofFactors-iter n (+ i 1) sum))))\n  (sumofFactors-iter n 1 0))\n\n(require rackunit)\n\n(define (test-humaneval) \n\n  (let (( candidate sumofFactors))\n    (check-equal? (candidate 18) 26)\n    (check-equal? (candidate 30) 48)\n    (check-equal? (candidate 6) 8)\n))\n\n(test-humaneval)",
      "timestamp": 1665509952,
      "stdout": "",
      "stderr": "--------------------\nFAILURE\nname:       check-equal?\nlocation:   /tmp/tmppla7pdc_.rkt:16:4\nactual:     1\nexpected:   26\n--------------------\n--------------------\nFAILURE\nname:       check-equal?\nlocation:   /tmp/tmppla7pdc_.rkt:17:4\nactual:     1\nexpected:   48\n--------------------\n--------------------\nFAILURE\nname:       check-equal?\nlocation:   /tmp/tmppla7pdc_.rkt:18:4\nactual:     1\nexpected:   8\n--------------------\n",
      "exit_code": 0,
      "status": "Exception"
    },
    {
      "program": "#lang racket\n\n;; Write a python function to find the sum of even factors of a number.\n(define (sumofFactors n)\n  (define (sumofFactors-iter n i sum)\n    (cond\n      [(= i n) sum]\n      [(= 0 (modulo n i)) (sumofFactors-iter n (+ i 1) (+ sum i))]\n      [else (sumofFactors-iter n (+ i 1) sum)]))\n  (sumofFactors-iter n 1 0))\n\n(require rackunit)\n\n(define (test-humaneval) \n\n  (let (( candidate sumofFactors))\n    (check-equal? (candidate 18) 26)\n    (check-equal? (candidate 30) 48)\n    (check-equal? (candidate 6) 8)\n))\n\n(test-humaneval)",
      "timestamp": 1665509952,
      "stdout": "",
      "stderr": "--------------------\nFAILURE\nname:       check-equal?\nlocation:   /tmp/tmp7lqo10cx.rkt:17:4\nactual:     21\nexpected:   26\n--------------------\n--------------------\nFAILURE\nname:       check-equal?\nlocation:   /tmp/tmp7lqo10cx.rkt:18:4\nactual:     42\nexpected:   48\n--------------------\n--------------------\nFAILURE\nname:       check-equal?\nlocation:   /tmp/tmp7lqo10cx.rkt:19:4\nactual:     6\nexpected:   8\n--------------------\n",
      "exit_code": 0,
      "status": "Exception"
    },
    {
      "program": "#lang racket\n\n;; Write a python function to find the sum of even factors of a number.\n(define (sumofFactors n)\n  (define (sumofFactors-iter n i sum)\n    (cond\n      [(= i n) sum]\n      [(= (modulo n i) 0) (sumofFactors-iter n (+ i 1) (+ sum i))]\n      [else (sumofFactors-iter n (+ i 1) sum)]))\n  (sumofFactors-iter n 1 0))\n\n(require rackunit)\n\n(define (test-humaneval) \n\n  (let (( candidate sumofFactors))\n    (check-equal? (candidate 18) 26)\n    (check-equal? (candidate 30) 48)\n    (check-equal? (candidate 6) 8)\n))\n\n(test-humaneval)",
      "timestamp": 1665509952,
      "stdout": "",
      "stderr": "--------------------\nFAILURE\nname:       check-equal?\nlocation:   /tmp/tmpolfojwxb.rkt:17:4\nactual:     21\nexpected:   26\n--------------------\n--------------------\nFAILURE\nname:       check-equal?\nlocation:   /tmp/tmpolfojwxb.rkt:18:4\nactual:     42\nexpected:   48\n--------------------\n--------------------\nFAILURE\nname:       check-equal?\nlocation:   /tmp/tmpolfojwxb.rkt:19:4\nactual:     6\nexpected:   8\n--------------------\n",
      "exit_code": 0,
      "status": "Exception"
    },
    {
      "program": "#lang racket\n\n;; Write a python function to find the sum of even factors of a number.\n(define (sumofFactors n)\n  (define (sumofFactors-iter n i sum)\n    (cond ((&gt; i n) sum)\n          ((= (modulo n i) 0) (sumofFactors-iter n (+ i 1) (+ sum i)))\n          (else (sumofFactors-iter n (+ i 1) sum))))\n  (sumofFactors-iter n 1 0))\n\n(require rackunit)\n\n(define (test-humaneval) \n\n  (let (( candidate sumofFactors))\n    (check-equal? (candidate 18) 26)\n    (check-equal? (candidate 30) 48)\n    (check-equal? (candidate 6) 8)\n))\n\n(test-humaneval)",
      "timestamp": 1666122422,
      "stdout": "",
      "stderr": "/tmp/tmpbqaydnrt.rkt:5:2: read-syntax: expected a `)` to close `(`\n  possible cause: indentation suggests a missing `)` before line 11\n  context...:\n   /work/arjunguha-research-group/software/racket/collects/syntax/module-reader.rkt:186:17: body\n   /work/arjunguha-research-group/software/racket/collects/syntax/module-reader.rkt:183:2: wrap-internal\n   /work/arjunguha-research-group/software/racket/collects/racket/../syntax/module-reader.rkt:67:9: wrap-internal/wrapper\n",
      "exit_code": 1,
      "status": "SyntaxError"
    },
    {
      "program": "#lang racket\n\n;; Write a python function to find the sum of even factors of a number.\n(define (sumofFactors n)\n  (define (sumOfEvenFactors n)\n    (define (sumOfEvenFactors n i)\n      (cond ((= i n) 0)\n            ((= 0 (modulo n i)) (+ i (sumOfEvenFactors n (+ i 1))))\n            (else (sumOfEvenFactors n (+ i 1)))))\n    (sumOfEvenFactors n 2))\n  (sumOfEvenFactors n))\n\n(require rackunit)\n\n(define (test-humaneval) \n\n  (let (( candidate sumofFactors))\n    (check-equal? (candidate 18) 26)\n    (check-equal? (candidate 30) 48)\n    (check-equal? (candidate 6) 8)\n))\n\n(test-humaneval)",
      "timestamp": 1666122424,
      "stdout": "",
      "stderr": "--------------------\nFAILURE\nname:       check-equal?\nlocation:   /tmp/tmp2z8zzl3h.rkt:18:4\nactual:     20\nexpected:   26\n--------------------\n--------------------\nFAILURE\nname:       check-equal?\nlocation:   /tmp/tmp2z8zzl3h.rkt:19:4\nactual:     41\nexpected:   48\n--------------------\n--------------------\nFAILURE\nname:       check-equal?\nlocation:   /tmp/tmp2z8zzl3h.rkt:20:4\nactual:     5\nexpected:   8\n--------------------\n",
      "exit_code": 0,
      "status": "Exception"
    },
    {
      "program": "#lang racket\n\n;; Write a python function to find the sum of even factors of a number.\n(define (sumofFactors n)\n  (define (sumofFactors-iter n i)\n    (cond ((&gt; i n) 0)\n          ((= (modulo n i) 0) (+ i (sumofFactors-iter n (+ i 1))))\n          (else (sumofFactors-iter n (+ i 1)))))\n  (sumofFactors-iter n 1))\n\n(require rackunit)\n\n(define (test-humaneval) \n\n  (let (( candidate sumofFactors))\n    (check-equal? (candidate 18) 26)\n    (check-equal? (candidate 30) 48)\n    (check-equal? (candidate 6) 8)\n))\n\n(test-humaneval)",
      "timestamp": 1665509952,
      "stdout": "",
      "stderr": "/tmp/tmp_rky8tjb.rkt:5:2: read-syntax: expected a `)` to close `(`\n  possible cause: indentation suggests a missing `)` before line 11\n  context...:\n   /work/arjunguha-research-group/software/racket/collects/syntax/module-reader.rkt:186:17: body\n   /work/arjunguha-research-group/software/racket/collects/syntax/module-reader.rkt:183:2: wrap-internal\n   /work/arjunguha-research-group/software/racket/collects/racket/../syntax/module-reader.rkt:67:9: wrap-internal/wrapper\n",
      "exit_code": 1,
      "status": "SyntaxError"
    },
    {
      "program": "#lang racket\n\n;; Write a python function to find the sum of even factors of a number.\n(define (sumofFactors n)\n  (define (sumofFactors-iter n i sum)\n    (cond\n      [(= i n) sum]\n      [(= 0 (modulo n i)) (sumofFactors-iter n (+ i 1) (+ sum i))]\n      [else (sumofFactors-iter n (+ i 1) sum)]))\n  (sumofFactors-iter n 1 0))\n\n(require rackunit)\n\n(define (test-humaneval) \n\n  (let (( candidate sumofFactors))\n    (check-equal? (candidate 18) 26)\n    (check-equal? (candidate 30) 48)\n    (check-equal? (candidate 6) 8)\n))\n\n(test-humaneval)",
      "timestamp": 1665509952,
      "stdout": "",
      "stderr": "--------------------\nFAILURE\nname:       check-equal?\nlocation:   /tmp/tmp7lqo10cx.rkt:17:4\nactual:     21\nexpected:   26\n--------------------\n--------------------\nFAILURE\nname:       check-equal?\nlocation:   /tmp/tmp7lqo10cx.rkt:18:4\nactual:     42\nexpected:   48\n--------------------\n--------------------\nFAILURE\nname:       check-equal?\nlocation:   /tmp/tmp7lqo10cx.rkt:19:4\nactual:     6\nexpected:   8\n--------------------\n",
      "exit_code": 0,
      "status": "Exception"
    },
    {
      "program": "#lang racket\n\n;; Write a python function to find the sum of even factors of a number.\n(define (sumofFactors n)\n  (define (sumofFactors-iter n i sum)\n    (cond\n      [(= i n) sum]\n      [(= 0 (modulo n i)) (sumofFactors-iter n (+ i 1) (+ sum i))]\n      [else (sumofFactors-iter n (+ i 1) sum)]))\n  (sumofFactors-iter n 1 0))\n\n(require rackunit)\n\n(define (test-humaneval) \n\n  (let (( candidate sumofFactors))\n    (check-equal? (candidate 18) 26)\n    (check-equal? (candidate 30) 48)\n    (check-equal? (candidate 6) 8)\n))\n\n(test-humaneval)",
      "timestamp": 1665509952,
      "stdout": "",
      "stderr": "--------------------\nFAILURE\nname:       check-equal?\nlocation:   /tmp/tmp7lqo10cx.rkt:17:4\nactual:     21\nexpected:   26\n--------------------\n--------------------\nFAILURE\nname:       check-equal?\nlocation:   /tmp/tmp7lqo10cx.rkt:18:4\nactual:     42\nexpected:   48\n--------------------\n--------------------\nFAILURE\nname:       check-equal?\nlocation:   /tmp/tmp7lqo10cx.rkt:19:4\nactual:     6\nexpected:   8\n--------------------\n",
      "exit_code": 0,
      "status": "Exception"
    },
    {
      "program": "#lang racket\n\n;; Write a python function to find the sum of even factors of a number.\n(define (sumofFactors n)\n  (define (sumofFactors-iter n i)\n    (cond ((&gt; i n) 0)\n          ((= (modulo n i) 0) (+ i (sumofFactors-iter n (+ i 1))))\n          (else (sumofFactors-iter n (+ i 1)))))\n  (sumofFactors-iter n 1))\n\n(require rackunit)\n\n(define (test-humaneval) \n\n  (let (( candidate sumofFactors))\n    (check-equal? (candidate 18) 26)\n    (check-equal? (candidate 30) 48)\n    (check-equal? (candidate 6) 8)\n))\n\n(test-humaneval)",
      "timestamp": 1665509952,
      "stdout": "",
      "stderr": "/tmp/tmp_rky8tjb.rkt:5:2: read-syntax: expected a `)` to close `(`\n  possible cause: indentation suggests a missing `)` before line 11\n  context...:\n   /work/arjunguha-research-group/software/racket/collects/syntax/module-reader.rkt:186:17: body\n   /work/arjunguha-research-group/software/racket/collects/syntax/module-reader.rkt:183:2: wrap-internal\n   /work/arjunguha-research-group/software/racket/collects/racket/../syntax/module-reader.rkt:67:9: wrap-internal/wrapper\n",
      "exit_code": 1,
      "status": "SyntaxError"
    },
    {
      "program": "#lang racket\n\n;; Write a python function to find the sum of even factors of a number.\n(define (sumofFactors n)\n  (define (sumofFactors-iter n i sum)\n    (cond\n      [(= i n) sum]\n      [(= 0 (modulo n i)) (sumofFactors-iter n (+ i 1) (+ sum i))]\n      [else (sumofFactors-iter n (+ i 1) sum)]))\n  (sumofFactors-iter n 1 0))\n\n(require rackunit)\n\n(define (test-humaneval) \n\n  (let (( candidate sumofFactors))\n    (check-equal? (candidate 18) 26)\n    (check-equal? (candidate 30) 48)\n    (check-equal? (candidate 6) 8)\n))\n\n(test-humaneval)",
      "timestamp": 1665509952,
      "stdout": "",
      "stderr": "--------------------\nFAILURE\nname:       check-equal?\nlocation:   /tmp/tmp7lqo10cx.rkt:17:4\nactual:     21\nexpected:   26\n--------------------\n--------------------\nFAILURE\nname:       check-equal?\nlocation:   /tmp/tmp7lqo10cx.rkt:18:4\nactual:     42\nexpected:   48\n--------------------\n--------------------\nFAILURE\nname:       check-equal?\nlocation:   /tmp/tmp7lqo10cx.rkt:19:4\nactual:     6\nexpected:   8\n--------------------\n",
      "exit_code": 0,
      "status": "Exception"
    },
    {
      "program": "#lang racket\n\n;; Write a python function to find the sum of even factors of a number.\n(define (sumofFactors n)\n  (define (sumofFactorsHelper n i)\n    (if (= i n)\n        0\n        (+ (if (= 0 (modulo n i)) i 0)\n           (sumofFactorsHelper n (+ i 1)))))\n  (sumofFactorsHelper n 1))\n\n(require rackunit)\n\n(define (test-humaneval) \n\n  (let (( candidate sumofFactors))\n    (check-equal? (candidate 18) 26)\n    (check-equal? (candidate 30) 48)\n    (check-equal? (candidate 6) 8)\n))\n\n(test-humaneval)",
      "timestamp": 1666122424,
      "stdout": "",
      "stderr": "--------------------\nFAILURE\nname:       check-equal?\nlocation:   /tmp/tmp91dgxa4z.rkt:17:4\nactual:     21\nexpected:   26\n--------------------\n--------------------\nFAILURE\nname:       check-equal?\nlocation:   /tmp/tmp91dgxa4z.rkt:18:4\nactual:     42\nexpected:   48\n--------------------\n--------------------\nFAILURE\nname:       check-equal?\nlocation:   /tmp/tmp91dgxa4z.rkt:19:4\nactual:     6\nexpected:   8\n--------------------\n",
      "exit_code": 0,
      "status": "Exception"
    },
    {
      "program": "#lang racket\n\n;; Write a python function to find the sum of even factors of a number.\n(define (sumofFactors n)\n  (define (isFactor n d)\n    (= (modulo n d) 0))\n  (define (sumOfEvenFactors n d)\n    (cond ((&gt; d n) 0)\n          ((and (isFactor n d) (even? d)) (+ d (sumOfEvenFactors n (+ d 1))))\n          (else (sumOfEvenFactors n (+ d 1)))))\n  (sumOfEvenFactors n 1))\n\n(require rackunit)\n\n(define (test-humaneval) \n\n  (let (( candidate sumofFactors))\n    (check-equal? (candidate 18) 26)\n    (check-equal? (candidate 30) 48)\n    (check-equal? (candidate 6) 8)\n))\n\n(test-humaneval)",
      "timestamp": 1666122423,
      "stdout": "",
      "stderr": "/tmp/tmpt_b1ft3z.rkt:7:2: read-syntax: expected a `)` to close `(`\n  possible cause: indentation suggests a missing `)` before line 13\n  context...:\n   /work/arjunguha-research-group/software/racket/collects/syntax/module-reader.rkt:186:17: body\n   /work/arjunguha-research-group/software/racket/collects/syntax/module-reader.rkt:183:2: wrap-internal\n   /work/arjunguha-research-group/software/racket/collects/racket/../syntax/module-reader.rkt:67:9: wrap-internal/wrapper\n",
      "exit_code": 1,
      "status": "SyntaxError"
    },
    {
      "program": "#lang racket\n\n;; Write a python function to find the sum of even factors of a number.\n(define (sumofFactors n)\n  (define (sumofFactors-iter n i sum)\n    (cond ((= i n) sum)\n          ((= 0 (modulo n i)) (+ sum i))\n          (else (sumofFactors-iter n (+ i 1) sum))))\n  (sumofFactors-iter n 1 0))\n\n(require rackunit)\n\n(define (test-humaneval) \n\n  (let (( candidate sumofFactors))\n    (check-equal? (candidate 18) 26)\n    (check-equal? (candidate 30) 48)\n    (check-equal? (candidate 6) 8)\n))\n\n(test-humaneval)",
      "timestamp": 1665509952,
      "stdout": "",
      "stderr": "--------------------\nFAILURE\nname:       check-equal?\nlocation:   /tmp/tmppla7pdc_.rkt:16:4\nactual:     1\nexpected:   26\n--------------------\n--------------------\nFAILURE\nname:       check-equal?\nlocation:   /tmp/tmppla7pdc_.rkt:17:4\nactual:     1\nexpected:   48\n--------------------\n--------------------\nFAILURE\nname:       check-equal?\nlocation:   /tmp/tmppla7pdc_.rkt:18:4\nactual:     1\nexpected:   8\n--------------------\n",
      "exit_code": 0,
      "status": "Exception"
    },
    {
      "program": "#lang racket\n\n;; Write a python function to find the sum of even factors of a number.\n(define (sumofFactors n)\n  (define (sumofFactors-iter n acc)\n    (if (= n 1)\n        acc\n        (if (even? n)\n            (sumofFactors-iter (/ n 2) (+ acc n))\n            (sumofFactors-iter (/ n 2) acc))))\n  (sumofFactors-iter n 0))\n\n(require rackunit)\n\n(define (test-humaneval) \n\n  (let (( candidate sumofFactors))\n    (check-equal? (candidate 18) 26)\n    (check-equal? (candidate 30) 48)\n    (check-equal? (candidate 6) 8)\n))\n\n(test-humaneval)",
      "timestamp": 1666122424,
      "stdout": "",
      "stderr": "--------------------\nERROR\nname:       check-equal?\nlocation:   /tmp/tmp_2tqtlf6.rkt:18:4\n\neven?: contract violation\n  expected: integer?\n  given: 9/2\n--------------------\n--------------------\nERROR\nname:       check-equal?\nlocation:   /tmp/tmp_2tqtlf6.rkt:19:4\n\neven?: contract violation\n  expected: integer?\n  given: 15/2\n--------------------\n--------------------\nERROR\nname:       check-equal?\nlocation:   /tmp/tmp_2tqtlf6.rkt:20:4\n\neven?: contract violation\n  expected: integer?\n  given: 3/2\n--------------------\n",
      "exit_code": 0,
      "status": "Exception"
    },
    {
      "program": "#lang racket\n\n;; Write a python function to find the sum of even factors of a number.\n(define (sumofFactors n)\n  (define (sumofFactors-iter n i sum)\n    (cond\n      [(= i n) sum]\n      [(= 0 (modulo n i)) (sumofFactors-iter n (+ i 1) (+ sum i))]\n      [else (sumofFactors-iter n (+ i 1) sum)]))\n  (sumofFactors-iter n 1 0))\n\n(require rackunit)\n\n(define (test-humaneval) \n\n  (let (( candidate sumofFactors))\n    (check-equal? (candidate 18) 26)\n    (check-equal? (candidate 30) 48)\n    (check-equal? (candidate 6) 8)\n))\n\n(test-humaneval)",
      "timestamp": 1665509952,
      "stdout": "",
      "stderr": "--------------------\nFAILURE\nname:       check-equal?\nlocation:   /tmp/tmp7lqo10cx.rkt:17:4\nactual:     21\nexpected:   26\n--------------------\n--------------------\nFAILURE\nname:       check-equal?\nlocation:   /tmp/tmp7lqo10cx.rkt:18:4\nactual:     42\nexpected:   48\n--------------------\n--------------------\nFAILURE\nname:       check-equal?\nlocation:   /tmp/tmp7lqo10cx.rkt:19:4\nactual:     6\nexpected:   8\n--------------------\n",
      "exit_code": 0,
      "status": "Exception"
    },
    {
      "program": "#lang racket\n\n;; Write a python function to find the sum of even factors of a number.\n(define (sumofFactors n)\n  (define (sumofFactors-iter n i sum)\n    (cond\n      [(= i n) sum]\n      [(= 0 (modulo n i)) (sumofFactors-iter n (+ i 1) (+ sum i))]\n      [else (sumofFactors-iter n (+ i 1) sum)]))\n  (sumofFactors-iter n 1 0))\n\n(require rackunit)\n\n(define (test-humaneval) \n\n  (let (( candidate sumofFactors))\n    (check-equal? (candidate 18) 26)\n    (check-equal? (candidate 30) 48)\n    (check-equal? (candidate 6) 8)\n))\n\n(test-humaneval)",
      "timestamp": 1665509952,
      "stdout": "",
      "stderr": "--------------------\nFAILURE\nname:       check-equal?\nlocation:   /tmp/tmp7lqo10cx.rkt:17:4\nactual:     21\nexpected:   26\n--------------------\n--------------------\nFAILURE\nname:       check-equal?\nlocation:   /tmp/tmp7lqo10cx.rkt:18:4\nactual:     42\nexpected:   48\n--------------------\n--------------------\nFAILURE\nname:       check-equal?\nlocation:   /tmp/tmp7lqo10cx.rkt:19:4\nactual:     6\nexpected:   8\n--------------------\n",
      "exit_code": 0,
      "status": "Exception"
    },
    {
      "program": "#lang racket\n\n;; Write a python function to find the sum of even factors of a number.\n(define (sumofFactors n)\n  (define (sumofEvenFactors n)\n    (define (sumofEvenFactors-iter n i)\n      (if (&lt; i n)\n          (if (= (modulo n i) 0)\n              (+ i (sumofEvenFactors-iter n (+ i 1)))\n              (sumofEvenFactors-iter n (+ i 1)))\n          0))\n    (sumofEvenFactors-iter n 1))\n  (sumofEvenFactors n))\n</code>\n\n(require rackunit)\n\n(define (test-humaneval) \n\n  (let (( candidate sumofFactors))\n    (check-equal? (candidate 18) 26)\n    (check-equal? (candidate 30) 48)\n    (check-equal? (candidate 6) 8)\n))\n\n(test-humaneval)",
      "timestamp": 1666122423,
      "stdout": "",
      "stderr": "/tmp/tmp7n683ww2.rkt:4:0: read-syntax: expected a `)` to close `(`\n  possible cause: indentation suggests a missing `)` before line 14\n  context...:\n   /work/arjunguha-research-group/software/racket/collects/syntax/module-reader.rkt:186:17: body\n   /work/arjunguha-research-group/software/racket/collects/syntax/module-reader.rkt:183:2: wrap-internal\n   /work/arjunguha-research-group/software/racket/collects/racket/../syntax/module-reader.rkt:67:9: wrap-internal/wrapper\n",
      "exit_code": 1,
      "status": "SyntaxError"
    },
    {
      "program": "#lang racket\n\n;; Write a python function to find the sum of even factors of a number.\n(define (sumofFactors n)\n  (define (sumofFactorsHelper n i)\n    (if (= i n)\n        0\n        (if (= 0 (modulo n i))\n            (+ i (sumofFactorsHelper n (+ i 1)))\n            (sumofFactorsHelper n (+ i 1)))))\n  (sumofFactorsHelper n 1))\n\n(require rackunit)\n\n(define (test-humaneval) \n\n  (let (( candidate sumofFactors))\n    (check-equal? (candidate 18) 26)\n    (check-equal? (candidate 30) 48)\n    (check-equal? (candidate 6) 8)\n))\n\n(test-humaneval)",
      "timestamp": 1666122422,
      "stdout": "",
      "stderr": "--------------------\nFAILURE\nname:       check-equal?\nlocation:   /tmp/tmprnguof8m.rkt:18:4\nactual:     21\nexpected:   26\n--------------------\n--------------------\nFAILURE\nname:       check-equal?\nlocation:   /tmp/tmprnguof8m.rkt:19:4\nactual:     42\nexpected:   48\n--------------------\n--------------------\nFAILURE\nname:       check-equal?\nlocation:   /tmp/tmprnguof8m.rkt:20:4\nactual:     6\nexpected:   8\n--------------------\n",
      "exit_code": 0,
      "status": "Exception"
    },
    {
      "program": "#lang racket\n\n;; Write a python function to find the sum of even factors of a number.\n(define (sumofFactors n)\n  (define (sumofFactors-iter n i sum)\n    (if (= i n)\n        sum\n        (if (= (modulo n i) 0)\n            (if (even? i)\n                (sumofFactors-iter n (+ i 1) (+ sum i))\n                (sumofFactors-iter n (+ i 1) sum))\n            (sumofFactors-iter n (+ i 1) sum))))\n  (sumofFactors-iter n 1 0))\n\n(require rackunit)\n\n(define (test-humaneval) \n\n  (let (( candidate sumofFactors))\n    (check-equal? (candidate 18) 26)\n    (check-equal? (candidate 30) 48)\n    (check-equal? (candidate 6) 8)\n))\n\n(test-humaneval)",
      "timestamp": 1666122422,
      "stdout": "",
      "stderr": "--------------------\nFAILURE\nname:       check-equal?\nlocation:   /tmp/tmp275340hx.rkt:20:4\nactual:     8\nexpected:   26\n--------------------\n--------------------\nFAILURE\nname:       check-equal?\nlocation:   /tmp/tmp275340hx.rkt:21:4\nactual:     18\nexpected:   48\n--------------------\n--------------------\nFAILURE\nname:       check-equal?\nlocation:   /tmp/tmp275340hx.rkt:22:4\nactual:     2\nexpected:   8\n--------------------\n",
      "exit_code": 0,
      "status": "Exception"
    },
    {
      "program": "#lang racket\n\n;; Write a python function to find the sum of even factors of a number.\n(define (sumofFactors n)\n  (define (sumofFactors-iter n i sum)\n    (cond ((&gt; i n) sum)\n          ((= (modulo n i) 0) (sumofFactors-iter n (+ i 1) (+ sum i)))\n          (else (sumofFactors-iter n (+ i 1) sum))))\n  (sumofFactors-iter n 1 0))\n\n(require rackunit)\n\n(define (test-humaneval) \n\n  (let (( candidate sumofFactors))\n    (check-equal? (candidate 18) 26)\n    (check-equal? (candidate 30) 48)\n    (check-equal? (candidate 6) 8)\n))\n\n(test-humaneval)",
      "timestamp": 1666122422,
      "stdout": "",
      "stderr": "/tmp/tmpbqaydnrt.rkt:5:2: read-syntax: expected a `)` to close `(`\n  possible cause: indentation suggests a missing `)` before line 11\n  context...:\n   /work/arjunguha-research-group/software/racket/collects/syntax/module-reader.rkt:186:17: body\n   /work/arjunguha-research-group/software/racket/collects/syntax/module-reader.rkt:183:2: wrap-internal\n   /work/arjunguha-research-group/software/racket/collects/racket/../syntax/module-reader.rkt:67:9: wrap-internal/wrapper\n",
      "exit_code": 1,
      "status": "SyntaxError"
    },
    {
      "program": "#lang racket\n\n;; Write a python function to find the sum of even factors of a number.\n(define (sumofFactors n)\n  (define (sumofFactors-iter n i)\n    (if (= i n)\n        0\n        (if (= (remainder n i) 0)\n            (+ i (sumofFactors-iter n (+ i 1)))\n            (sumofFactors-iter n (+ i 1)))))\n  (sumofFactors-iter n 1))\n\n(require rackunit)\n\n(define (test-humaneval) \n\n  (let (( candidate sumofFactors))\n    (check-equal? (candidate 18) 26)\n    (check-equal? (candidate 30) 48)\n    (check-equal? (candidate 6) 8)\n))\n\n(test-humaneval)",
      "timestamp": 1666122422,
      "stdout": "",
      "stderr": "--------------------\nFAILURE\nname:       check-equal?\nlocation:   /tmp/tmpicpj31c5.rkt:18:4\nactual:     21\nexpected:   26\n--------------------\n--------------------\nFAILURE\nname:       check-equal?\nlocation:   /tmp/tmpicpj31c5.rkt:19:4\nactual:     42\nexpected:   48\n--------------------\n--------------------\nFAILURE\nname:       check-equal?\nlocation:   /tmp/tmpicpj31c5.rkt:20:4\nactual:     6\nexpected:   8\n--------------------\n",
      "exit_code": 0,
      "status": "Exception"
    },
    {
      "program": "#lang racket\n\n;; Write a python function to find the sum of even factors of a number.\n(define (sumofFactors n)\n  (define (sumofFactors-iter n i sum)\n    (cond\n      [(= i n) sum]\n      [(= 0 (modulo n i)) (sumofFactors-iter n (+ i 1) (+ sum i))]\n      [else (sumofFactors-iter n (+ i 1) sum)]))\n  (sumofFactors-iter n 1 0))\n\n(require rackunit)\n\n(define (test-humaneval) \n\n  (let (( candidate sumofFactors))\n    (check-equal? (candidate 18) 26)\n    (check-equal? (candidate 30) 48)\n    (check-equal? (candidate 6) 8)\n))\n\n(test-humaneval)",
      "timestamp": 1665509952,
      "stdout": "",
      "stderr": "--------------------\nFAILURE\nname:       check-equal?\nlocation:   /tmp/tmp7lqo10cx.rkt:17:4\nactual:     21\nexpected:   26\n--------------------\n--------------------\nFAILURE\nname:       check-equal?\nlocation:   /tmp/tmp7lqo10cx.rkt:18:4\nactual:     42\nexpected:   48\n--------------------\n--------------------\nFAILURE\nname:       check-equal?\nlocation:   /tmp/tmp7lqo10cx.rkt:19:4\nactual:     6\nexpected:   8\n--------------------\n",
      "exit_code": 0,
      "status": "Exception"
    },
    {
      "program": "#lang racket\n\n;; Write a python function to find the sum of even factors of a number.\n(define (sumofFactors n)\n  (define (sumofFactors-iter n i sum)\n    (cond\n      [(= i n) sum]\n      [(= 0 (modulo n i)) (sumofFactors-iter n (+ i 1) (+ sum i))]\n      [else (sumofFactors-iter n (+ i 1) sum)]))\n  (sumofFactors-iter n 1 0))\n\n(require rackunit)\n\n(define (test-humaneval) \n\n  (let (( candidate sumofFactors))\n    (check-equal? (candidate 18) 26)\n    (check-equal? (candidate 30) 48)\n    (check-equal? (candidate 6) 8)\n))\n\n(test-humaneval)",
      "timestamp": 1665509952,
      "stdout": "",
      "stderr": "--------------------\nFAILURE\nname:       check-equal?\nlocation:   /tmp/tmp7lqo10cx.rkt:17:4\nactual:     21\nexpected:   26\n--------------------\n--------------------\nFAILURE\nname:       check-equal?\nlocation:   /tmp/tmp7lqo10cx.rkt:18:4\nactual:     42\nexpected:   48\n--------------------\n--------------------\nFAILURE\nname:       check-equal?\nlocation:   /tmp/tmp7lqo10cx.rkt:19:4\nactual:     6\nexpected:   8\n--------------------\n",
      "exit_code": 0,
      "status": "Exception"
    },
    {
      "program": "#lang racket\n\n;; Write a python function to find the sum of even factors of a number.\n(define (sumofFactors n)\n  (define (sumofFactors-iter n i sum)\n    (cond\n      [(= i n) sum]\n      [(= 0 (modulo n i)) (sumofFactors-iter n (+ i 1) (+ sum i))]\n      [else (sumofFactors-iter n (+ i 1) sum)]))\n  (sumofFactors-iter n 1 0))\n\n(require rackunit)\n\n(define (test-humaneval) \n\n  (let (( candidate sumofFactors))\n    (check-equal? (candidate 18) 26)\n    (check-equal? (candidate 30) 48)\n    (check-equal? (candidate 6) 8)\n))\n\n(test-humaneval)",
      "timestamp": 1665509952,
      "stdout": "",
      "stderr": "--------------------\nFAILURE\nname:       check-equal?\nlocation:   /tmp/tmp7lqo10cx.rkt:17:4\nactual:     21\nexpected:   26\n--------------------\n--------------------\nFAILURE\nname:       check-equal?\nlocation:   /tmp/tmp7lqo10cx.rkt:18:4\nactual:     42\nexpected:   48\n--------------------\n--------------------\nFAILURE\nname:       check-equal?\nlocation:   /tmp/tmp7lqo10cx.rkt:19:4\nactual:     6\nexpected:   8\n--------------------\n",
      "exit_code": 0,
      "status": "Exception"
    },
    {
      "program": "#lang racket\n\n;; Write a python function to find the sum of even factors of a number.\n(define (sumofFactors n)\n  (define (sumofFactors-iter n i sum)\n    (cond\n      [(= i n) sum]\n      [(= 0 (modulo n i)) (sumofFactors-iter n (+ i 1) (+ sum i))]\n      [else (sumofFactors-iter n (+ i 1) sum)]))\n  (sumofFactors-iter n 1 0))\n\n(require rackunit)\n\n(define (test-humaneval) \n\n  (let (( candidate sumofFactors))\n    (check-equal? (candidate 18) 26)\n    (check-equal? (candidate 30) 48)\n    (check-equal? (candidate 6) 8)\n))\n\n(test-humaneval)",
      "timestamp": 1665509952,
      "stdout": "",
      "stderr": "--------------------\nFAILURE\nname:       check-equal?\nlocation:   /tmp/tmp7lqo10cx.rkt:17:4\nactual:     21\nexpected:   26\n--------------------\n--------------------\nFAILURE\nname:       check-equal?\nlocation:   /tmp/tmp7lqo10cx.rkt:18:4\nactual:     42\nexpected:   48\n--------------------\n--------------------\nFAILURE\nname:       check-equal?\nlocation:   /tmp/tmp7lqo10cx.rkt:19:4\nactual:     6\nexpected:   8\n--------------------\n",
      "exit_code": 0,
      "status": "Exception"
    },
    {
      "program": "#lang racket\n\n;; Write a python function to find the sum of even factors of a number.\n(define (sumofFactors n)\n  (define (sumofFactors-iter n i acc)\n    (cond\n      [(= i n) acc]\n      [(= 0 (modulo n i)) (sumofFactors-iter n (+ i 1) (+ acc i))]\n      [else (sumofFactors-iter n (+ i 1) acc)]))\n  (sumofFactors-iter n 1 0))\n\n(require rackunit)\n\n(define (test-humaneval) \n\n  (let (( candidate sumofFactors))\n    (check-equal? (candidate 18) 26)\n    (check-equal? (candidate 30) 48)\n    (check-equal? (candidate 6) 8)\n))\n\n(test-humaneval)",
      "timestamp": 1666122423,
      "stdout": "",
      "stderr": "--------------------\nFAILURE\nname:       check-equal?\nlocation:   /tmp/tmpux2vupt0.rkt:17:4\nactual:     21\nexpected:   26\n--------------------\n--------------------\nFAILURE\nname:       check-equal?\nlocation:   /tmp/tmpux2vupt0.rkt:18:4\nactual:     42\nexpected:   48\n--------------------\n--------------------\nFAILURE\nname:       check-equal?\nlocation:   /tmp/tmpux2vupt0.rkt:19:4\nactual:     6\nexpected:   8\n--------------------\n",
      "exit_code": 0,
      "status": "Exception"
    },
    {
      "program": "#lang racket\n\n;; Write a python function to find the sum of even factors of a number.\n(define (sumofFactors n)\n  (define (sumofFactors-iter n i sum)\n    (cond\n      [(= i n) sum]\n      [(= 0 (modulo n i)) (sumofFactors-iter n (+ i 1) (+ sum i))]\n      [else (sumofFactors-iter n (+ i 1) sum)]))\n  (sumofFactors-iter n 1 0))\n\n(require rackunit)\n\n(define (test-humaneval) \n\n  (let (( candidate sumofFactors))\n    (check-equal? (candidate 18) 26)\n    (check-equal? (candidate 30) 48)\n    (check-equal? (candidate 6) 8)\n))\n\n(test-humaneval)",
      "timestamp": 1665509952,
      "stdout": "",
      "stderr": "--------------------\nFAILURE\nname:       check-equal?\nlocation:   /tmp/tmp7lqo10cx.rkt:17:4\nactual:     21\nexpected:   26\n--------------------\n--------------------\nFAILURE\nname:       check-equal?\nlocation:   /tmp/tmp7lqo10cx.rkt:18:4\nactual:     42\nexpected:   48\n--------------------\n--------------------\nFAILURE\nname:       check-equal?\nlocation:   /tmp/tmp7lqo10cx.rkt:19:4\nactual:     6\nexpected:   8\n--------------------\n",
      "exit_code": 0,
      "status": "Exception"
    },
    {
      "program": "#lang racket\n\n;; Write a python function to find the sum of even factors of a number.\n(define (sumofFactors n)\n  (define (sumofFactors-iter n i sum)\n    (cond\n      [(= i n) sum]\n      [(= 0 (modulo n i)) (sumofFactors-iter n (+ i 1) (+ sum i))]\n      [else (sumofFactors-iter n (+ i 1) sum)]))\n  (sumofFactors-iter n 1 0))\n\n(require rackunit)\n\n(define (test-humaneval) \n\n  (let (( candidate sumofFactors))\n    (check-equal? (candidate 18) 26)\n    (check-equal? (candidate 30) 48)\n    (check-equal? (candidate 6) 8)\n))\n\n(test-humaneval)",
      "timestamp": 1665509952,
      "stdout": "",
      "stderr": "--------------------\nFAILURE\nname:       check-equal?\nlocation:   /tmp/tmp7lqo10cx.rkt:17:4\nactual:     21\nexpected:   26\n--------------------\n--------------------\nFAILURE\nname:       check-equal?\nlocation:   /tmp/tmp7lqo10cx.rkt:18:4\nactual:     42\nexpected:   48\n--------------------\n--------------------\nFAILURE\nname:       check-equal?\nlocation:   /tmp/tmp7lqo10cx.rkt:19:4\nactual:     6\nexpected:   8\n--------------------\n",
      "exit_code": 0,
      "status": "Exception"
    },
    {
      "program": "#lang racket\n\n;; Write a python function to find the sum of even factors of a number.\n(define (sumofFactors n)\n  (define (sumOfFactorsHelper n i sum)\n    (cond\n      [(= i n) sum]\n      [(= 0 (modulo n i)) (sumOfFactorsHelper n (+ i 1) (+ sum i))]\n      [else (sumOfFactorsHelper n (+ i 1) sum)]))\n  (sumOfFactorsHelper n 1 0))\n\n(require rackunit)\n\n(define (test-humaneval) \n\n  (let (( candidate sumofFactors))\n    (check-equal? (candidate 18) 26)\n    (check-equal? (candidate 30) 48)\n    (check-equal? (candidate 6) 8)\n))\n\n(test-humaneval)",
      "timestamp": 1666122424,
      "stdout": "",
      "stderr": "--------------------\nFAILURE\nname:       check-equal?\nlocation:   /tmp/tmpk6n_0kus.rkt:17:4\nactual:     21\nexpected:   26\n--------------------\n--------------------\nFAILURE\nname:       check-equal?\nlocation:   /tmp/tmpk6n_0kus.rkt:18:4\nactual:     42\nexpected:   48\n--------------------\n--------------------\nFAILURE\nname:       check-equal?\nlocation:   /tmp/tmpk6n_0kus.rkt:19:4\nactual:     6\nexpected:   8\n--------------------\n",
      "exit_code": 0,
      "status": "Exception"
    },
    {
      "program": "#lang racket\n\n;; Write a python function to find the sum of even factors of a number.\n(define (sumofFactors n)\n  (define (sumofFactors-iter n i sum)\n    (cond\n      [(= i n) sum]\n      [(= 0 (modulo n i)) (sumofFactors-iter n (+ i 1) (+ sum i))]\n      [else (sumofFactors-iter n (+ i 1) sum)]))\n  (sumofFactors-iter n 1 0))\n\n(require rackunit)\n\n(define (test-humaneval) \n\n  (let (( candidate sumofFactors))\n    (check-equal? (candidate 18) 26)\n    (check-equal? (candidate 30) 48)\n    (check-equal? (candidate 6) 8)\n))\n\n(test-humaneval)",
      "timestamp": 1665509952,
      "stdout": "",
      "stderr": "--------------------\nFAILURE\nname:       check-equal?\nlocation:   /tmp/tmp7lqo10cx.rkt:17:4\nactual:     21\nexpected:   26\n--------------------\n--------------------\nFAILURE\nname:       check-equal?\nlocation:   /tmp/tmp7lqo10cx.rkt:18:4\nactual:     42\nexpected:   48\n--------------------\n--------------------\nFAILURE\nname:       check-equal?\nlocation:   /tmp/tmp7lqo10cx.rkt:19:4\nactual:     6\nexpected:   8\n--------------------\n",
      "exit_code": 0,
      "status": "Exception"
    },
    {
      "program": "#lang racket\n\n;; Write a python function to find the sum of even factors of a number.\n(define (sumofFactors n)\n  (define (sumofFactors-iter n i sum)\n    (cond\n      [(= i n) sum]\n      [(= 0 (modulo n i)) (sumofFactors-iter n (+ i 1) (+ sum i))]\n      [else (sumofFactors-iter n (+ i 1) sum)]))\n  (sumofFactors-iter n 1 0))\n\n(require rackunit)\n\n(define (test-humaneval) \n\n  (let (( candidate sumofFactors))\n    (check-equal? (candidate 18) 26)\n    (check-equal? (candidate 30) 48)\n    (check-equal? (candidate 6) 8)\n))\n\n(test-humaneval)",
      "timestamp": 1665509952,
      "stdout": "",
      "stderr": "--------------------\nFAILURE\nname:       check-equal?\nlocation:   /tmp/tmp7lqo10cx.rkt:17:4\nactual:     21\nexpected:   26\n--------------------\n--------------------\nFAILURE\nname:       check-equal?\nlocation:   /tmp/tmp7lqo10cx.rkt:18:4\nactual:     42\nexpected:   48\n--------------------\n--------------------\nFAILURE\nname:       check-equal?\nlocation:   /tmp/tmp7lqo10cx.rkt:19:4\nactual:     6\nexpected:   8\n--------------------\n",
      "exit_code": 0,
      "status": "Exception"
    },
    {
      "program": "#lang racket\n\n;; Write a python function to find the sum of even factors of a number.\n(define (sumofFactors n)\n  (define (sumofFactors-iter n i sum)\n    (cond [(= n i) sum]\n          [(even? i) (sumofFactors-iter n (+ i 1) (+ sum i))]\n          [else (sumofFactors-iter n (+ i 1) sum)]))\n  (sumofFactors-iter n 1 0))\n\n(require rackunit)\n\n(define (test-humaneval) \n\n  (let (( candidate sumofFactors))\n    (check-equal? (candidate 18) 26)\n    (check-equal? (candidate 30) 48)\n    (check-equal? (candidate 6) 8)\n))\n\n(test-humaneval)",
      "timestamp": 1666122424,
      "stdout": "",
      "stderr": "--------------------\nFAILURE\nname:       check-equal?\nlocation:   /tmp/tmpbfs3rut9.rkt:16:4\nactual:     72\nexpected:   26\n--------------------\n--------------------\nFAILURE\nname:       check-equal?\nlocation:   /tmp/tmpbfs3rut9.rkt:17:4\nactual:     210\nexpected:   48\n--------------------\n--------------------\nFAILURE\nname:       check-equal?\nlocation:   /tmp/tmpbfs3rut9.rkt:18:4\nactual:     6\nexpected:   8\n--------------------\n",
      "exit_code": 0,
      "status": "Exception"
    },
    {
      "program": "#lang racket\n\n;; Write a python function to find the sum of even factors of a number.\n(define (sumofFactors n)\n  (define (sumofFactorsHelper n i)\n    (cond\n      [(= i n) 0]\n      [(= (modulo n i) 0) (+ i (sumofFactorsHelper n (+ i 1)))]\n      [else (sumofFactorsHelper n (+ i 1))]))\n  (sumofFactorsHelper n 1))\n\n(require rackunit)\n\n(define (test-humaneval) \n\n  (let (( candidate sumofFactors))\n    (check-equal? (candidate 18) 26)\n    (check-equal? (candidate 30) 48)\n    (check-equal? (candidate 6) 8)\n))\n\n(test-humaneval)",
      "timestamp": 1666122424,
      "stdout": "",
      "stderr": "--------------------\nFAILURE\nname:       check-equal?\nlocation:   /tmp/tmpt1o2a94w.rkt:17:4\nactual:     21\nexpected:   26\n--------------------\n--------------------\nFAILURE\nname:       check-equal?\nlocation:   /tmp/tmpt1o2a94w.rkt:18:4\nactual:     42\nexpected:   48\n--------------------\n--------------------\nFAILURE\nname:       check-equal?\nlocation:   /tmp/tmpt1o2a94w.rkt:19:4\nactual:     6\nexpected:   8\n--------------------\n",
      "exit_code": 0,
      "status": "Exception"
    },
    {
      "program": "#lang racket\n\n;; Write a python function to find the sum of even factors of a number.\n(define (sumofFactors n)\n  (define (sumofFactors-iter n sum)\n    (cond ((= n 1) sum)\n          ((even? n) (sumofFactors-iter (/ n 2) (+ n sum)))\n          (else (sumofFactors-iter (- n 1) sum))))\n  (sumofFactors-iter n 0))\n\n(require rackunit)\n\n(define (test-humaneval) \n\n  (let (( candidate sumofFactors))\n    (check-equal? (candidate 18) 26)\n    (check-equal? (candidate 30) 48)\n    (check-equal? (candidate 6) 8)\n))\n\n(test-humaneval)",
      "timestamp": 1666122424,
      "stdout": "",
      "stderr": "--------------------\nFAILURE\nname:       check-equal?\nlocation:   /tmp/tmpv35684pc.rkt:16:4\nactual:     32\nexpected:   26\n--------------------\n--------------------\nFAILURE\nname:       check-equal?\nlocation:   /tmp/tmpv35684pc.rkt:17:4\nactual:     52\nexpected:   48\n--------------------\n",
      "exit_code": 0,
      "status": "Exception"
    },
    {
      "program": "#lang racket\n\n;; Write a python function to find the sum of even factors of a number.\n(define (sumofFactors n)\n  (define (sumOfFactorsHelper n i sum)\n    (cond\n      [(= i n) sum]\n      [(= 0 (modulo n i)) (sumOfFactorsHelper n (+ i 1) (+ sum i))]\n      [else (sumOfFactorsHelper n (+ i 1) sum)]))\n  (sumOfFactorsHelper n 1 0))\n\n(require rackunit)\n\n(define (test-humaneval) \n\n  (let (( candidate sumofFactors))\n    (check-equal? (candidate 18) 26)\n    (check-equal? (candidate 30) 48)\n    (check-equal? (candidate 6) 8)\n))\n\n(test-humaneval)",
      "timestamp": 1666122424,
      "stdout": "",
      "stderr": "--------------------\nFAILURE\nname:       check-equal?\nlocation:   /tmp/tmpk6n_0kus.rkt:17:4\nactual:     21\nexpected:   26\n--------------------\n--------------------\nFAILURE\nname:       check-equal?\nlocation:   /tmp/tmpk6n_0kus.rkt:18:4\nactual:     42\nexpected:   48\n--------------------\n--------------------\nFAILURE\nname:       check-equal?\nlocation:   /tmp/tmpk6n_0kus.rkt:19:4\nactual:     6\nexpected:   8\n--------------------\n",
      "exit_code": 0,
      "status": "Exception"
    },
    {
      "program": "#lang racket\n\n;; Write a python function to find the sum of even factors of a number.\n(define (sumofFactors n)\n  (define (sumofFactors-iter n i sum)\n    (cond ((&gt; i n) sum)\n          ((= (modulo n i) 0) (sumofFactors-iter n (+ i 1) (+ sum i)))\n          (else (sumofFactors-iter n (+ i 1) sum))))\n  (sumofFactors-iter n 1 0))\n\n(require rackunit)\n\n(define (test-humaneval) \n\n  (let (( candidate sumofFactors))\n    (check-equal? (candidate 18) 26)\n    (check-equal? (candidate 30) 48)\n    (check-equal? (candidate 6) 8)\n))\n\n(test-humaneval)",
      "timestamp": 1666122422,
      "stdout": "",
      "stderr": "/tmp/tmpbqaydnrt.rkt:5:2: read-syntax: expected a `)` to close `(`\n  possible cause: indentation suggests a missing `)` before line 11\n  context...:\n   /work/arjunguha-research-group/software/racket/collects/syntax/module-reader.rkt:186:17: body\n   /work/arjunguha-research-group/software/racket/collects/syntax/module-reader.rkt:183:2: wrap-internal\n   /work/arjunguha-research-group/software/racket/collects/racket/../syntax/module-reader.rkt:67:9: wrap-internal/wrapper\n",
      "exit_code": 1,
      "status": "SyntaxError"
    },
    {
      "program": "#lang racket\n\n;; Write a python function to find the sum of even factors of a number.\n(define (sumofFactors n)\n  (define (sumofFactors-iter n i sum)\n    (cond ((= i n) sum)\n          ((even? i) (sumofFactors-iter n (+ i 1) (+ sum i)))\n          (else (sumofFactors-iter n (+ i 1) sum))))\n  (sumofFactors-iter n 1 0))\n\n(require rackunit)\n\n(define (test-humaneval) \n\n  (let (( candidate sumofFactors))\n    (check-equal? (candidate 18) 26)\n    (check-equal? (candidate 30) 48)\n    (check-equal? (candidate 6) 8)\n))\n\n(test-humaneval)",
      "timestamp": 1666122422,
      "stdout": "",
      "stderr": "--------------------\nFAILURE\nname:       check-equal?\nlocation:   /tmp/tmpk2yfuqes.rkt:16:4\nactual:     72\nexpected:   26\n--------------------\n--------------------\nFAILURE\nname:       check-equal?\nlocation:   /tmp/tmpk2yfuqes.rkt:17:4\nactual:     210\nexpected:   48\n--------------------\n--------------------\nFAILURE\nname:       check-equal?\nlocation:   /tmp/tmpk2yfuqes.rkt:18:4\nactual:     6\nexpected:   8\n--------------------\n",
      "exit_code": 0,
      "status": "Exception"
    },
    {
      "program": "#lang racket\n\n;; Write a python function to find the sum of even factors of a number.\n(define (sumofFactors n)\n  (define (sumofFactors-iter n i sum)\n    (cond ((&gt; i n) sum)\n          ((even? i) (sumofFactors-iter n (+ i 1) (+ sum i)))\n          (else (sumofFactors-iter n (+ i 1) sum))))\n  (sumofFactors-iter n 1 0))\n\n(require rackunit)\n\n(define (test-humaneval) \n\n  (let (( candidate sumofFactors))\n    (check-equal? (candidate 18) 26)\n    (check-equal? (candidate 30) 48)\n    (check-equal? (candidate 6) 8)\n))\n\n(test-humaneval)",
      "timestamp": 1666122422,
      "stdout": "",
      "stderr": "/tmp/tmp_368bq13.rkt:5:2: read-syntax: expected a `)` to close `(`\n  possible cause: indentation suggests a missing `)` before line 11\n  context...:\n   /work/arjunguha-research-group/software/racket/collects/syntax/module-reader.rkt:186:17: body\n   /work/arjunguha-research-group/software/racket/collects/syntax/module-reader.rkt:183:2: wrap-internal\n   /work/arjunguha-research-group/software/racket/collects/racket/../syntax/module-reader.rkt:67:9: wrap-internal/wrapper\n",
      "exit_code": 1,
      "status": "SyntaxError"
    },
    {
      "program": "#lang racket\n\n;; Write a python function to find the sum of even factors of a number.\n(define (sumofFactors n)\n  (define (sumofFactors-iter n i)\n    (cond ((&gt; i n) 0)\n          ((= (modulo n i) 0) (+ i (sumofFactors-iter n (+ i 1))))\n          (else (sumofFactors-iter n (+ i 1)))))\n  (sumofFactors-iter n 1))\n\n(require rackunit)\n\n(define (test-humaneval) \n\n  (let (( candidate sumofFactors))\n    (check-equal? (candidate 18) 26)\n    (check-equal? (candidate 30) 48)\n    (check-equal? (candidate 6) 8)\n))\n\n(test-humaneval)",
      "timestamp": 1665509952,
      "stdout": "",
      "stderr": "/tmp/tmp_rky8tjb.rkt:5:2: read-syntax: expected a `)` to close `(`\n  possible cause: indentation suggests a missing `)` before line 11\n  context...:\n   /work/arjunguha-research-group/software/racket/collects/syntax/module-reader.rkt:186:17: body\n   /work/arjunguha-research-group/software/racket/collects/syntax/module-reader.rkt:183:2: wrap-internal\n   /work/arjunguha-research-group/software/racket/collects/racket/../syntax/module-reader.rkt:67:9: wrap-internal/wrapper\n",
      "exit_code": 1,
      "status": "SyntaxError"
    },
    {
      "program": "#lang racket\n\n;; Write a python function to find the sum of even factors of a number.\n(define (sumofFactors n)\n  (define (sumofFactors-iter n i sum)\n    (cond ((= i n) sum)\n          ((= 0 (modulo n i)) (+ sum i))\n          (else sum)))\n  (sumofFactors-iter n 1 0))\n</code>\n\n(require rackunit)\n\n(define (test-humaneval) \n\n  (let (( candidate sumofFactors))\n    (check-equal? (candidate 18) 26)\n    (check-equal? (candidate 30) 48)\n    (check-equal? (candidate 6) 8)\n))\n\n(test-humaneval)",
      "timestamp": 1666122424,
      "stdout": "",
      "stderr": "/tmp/tmp_nv0pvox.rkt:10:0: </code>: unbound identifier\n  in: </code>\n  location...:\n   /tmp/tmp_nv0pvox.rkt:10:0\n",
      "exit_code": 1,
      "status": "Exception"
    },
    {
      "program": "#lang racket\n\n;; Write a python function to find the sum of even factors of a number.\n(define (sumofFactors n)\n  (define (sumofFactorsHelper n i)\n    (if (= i n)\n        0\n        (+ (if (= (modulo n i) 0)\n               i\n               0)\n           (sumofFactorsHelper n (+ i 1)))))\n  (sumofFactorsHelper n 1))\n\n(require rackunit)\n\n(define (test-humaneval) \n\n  (let (( candidate sumofFactors))\n    (check-equal? (candidate 18) 26)\n    (check-equal? (candidate 30) 48)\n    (check-equal? (candidate 6) 8)\n))\n\n(test-humaneval)",
      "timestamp": 1666122422,
      "stdout": "",
      "stderr": "--------------------\nFAILURE\nname:       check-equal?\nlocation:   /tmp/tmpvyhlrg1z.rkt:19:4\nactual:     21\nexpected:   26\n--------------------\n--------------------\nFAILURE\nname:       check-equal?\nlocation:   /tmp/tmpvyhlrg1z.rkt:20:4\nactual:     42\nexpected:   48\n--------------------\n--------------------\nFAILURE\nname:       check-equal?\nlocation:   /tmp/tmpvyhlrg1z.rkt:21:4\nactual:     6\nexpected:   8\n--------------------\n",
      "exit_code": 0,
      "status": "Exception"
    },
    {
      "program": "#lang racket\n\n;; Write a python function to find the sum of even factors of a number.\n(define (sumofFactors n)\n  (define (sumofFactors-iter n i sum)\n    (cond ((&gt; i n) sum)\n          ((= (modulo n i) 0)\n           (sumofFactors-iter n (+ i 1) (+ sum i)))\n          (else (sumofFactors-iter n (+ i 1) sum))))\n  (sumofFactors-iter n 1 0))\n\n(require rackunit)\n\n(define (test-humaneval) \n\n  (let (( candidate sumofFactors))\n    (check-equal? (candidate 18) 26)\n    (check-equal? (candidate 30) 48)\n    (check-equal? (candidate 6) 8)\n))\n\n(test-humaneval)",
      "timestamp": 1666122424,
      "stdout": "",
      "stderr": "/tmp/tmpekreyll7.rkt:5:2: read-syntax: expected a `)` to close `(`\n  possible cause: indentation suggests a missing `)` before line 12\n  context...:\n   /work/arjunguha-research-group/software/racket/collects/syntax/module-reader.rkt:186:17: body\n   /work/arjunguha-research-group/software/racket/collects/syntax/module-reader.rkt:183:2: wrap-internal\n   /work/arjunguha-research-group/software/racket/collects/racket/../syntax/module-reader.rkt:67:9: wrap-internal/wrapper\n",
      "exit_code": 1,
      "status": "SyntaxError"
    },
    {
      "program": "#lang racket\n\n;; Write a python function to find the sum of even factors of a number.\n(define (sumofFactors n)\n  (define (sumofFactors-iter n i sum)\n    (cond ((= i n) sum)\n          ((even? i) (sumofFactors-iter n (+ i 1) (+ sum i)))\n          (else (sumofFactors-iter n (+ i 1) sum))))\n  (sumofFactors-iter n 1 0))\n\n(require rackunit)\n\n(define (test-humaneval) \n\n  (let (( candidate sumofFactors))\n    (check-equal? (candidate 18) 26)\n    (check-equal? (candidate 30) 48)\n    (check-equal? (candidate 6) 8)\n))\n\n(test-humaneval)",
      "timestamp": 1666122422,
      "stdout": "",
      "stderr": "--------------------\nFAILURE\nname:       check-equal?\nlocation:   /tmp/tmpk2yfuqes.rkt:16:4\nactual:     72\nexpected:   26\n--------------------\n--------------------\nFAILURE\nname:       check-equal?\nlocation:   /tmp/tmpk2yfuqes.rkt:17:4\nactual:     210\nexpected:   48\n--------------------\n--------------------\nFAILURE\nname:       check-equal?\nlocation:   /tmp/tmpk2yfuqes.rkt:18:4\nactual:     6\nexpected:   8\n--------------------\n",
      "exit_code": 0,
      "status": "Exception"
    },
    {
      "program": "#lang racket\n\n;; Write a python function to find the sum of even factors of a number.\n(define (sumofFactors n)\n  (define (sumofFactors-iter n i sum)\n    (cond\n      [(= i n) sum]\n      [(= 0 (modulo n i)) (sumofFactors-iter n (+ i 1) (+ sum i))]\n      [else (sumofFactors-iter n (+ i 1) sum)]))\n  (sumofFactors-iter n 1 0))\n\n(require rackunit)\n\n(define (test-humaneval) \n\n  (let (( candidate sumofFactors))\n    (check-equal? (candidate 18) 26)\n    (check-equal? (candidate 30) 48)\n    (check-equal? (candidate 6) 8)\n))\n\n(test-humaneval)",
      "timestamp": 1665509952,
      "stdout": "",
      "stderr": "--------------------\nFAILURE\nname:       check-equal?\nlocation:   /tmp/tmp7lqo10cx.rkt:17:4\nactual:     21\nexpected:   26\n--------------------\n--------------------\nFAILURE\nname:       check-equal?\nlocation:   /tmp/tmp7lqo10cx.rkt:18:4\nactual:     42\nexpected:   48\n--------------------\n--------------------\nFAILURE\nname:       check-equal?\nlocation:   /tmp/tmp7lqo10cx.rkt:19:4\nactual:     6\nexpected:   8\n--------------------\n",
      "exit_code": 0,
      "status": "Exception"
    },
    {
      "program": "#lang racket\n\n;; Write a python function to find the sum of even factors of a number.\n(define (sumofFactors n)\n  (define (sumofFactors-iter n i sum)\n    (cond\n      [(= i n) sum]\n      [(= 0 (modulo n i)) (sumofFactors-iter n (+ i 1) (+ sum i))]\n      [else (sumofFactors-iter n (+ i 1) sum)]))\n  (sumofFactors-iter n 1 0))\n\n(require rackunit)\n\n(define (test-humaneval) \n\n  (let (( candidate sumofFactors))\n    (check-equal? (candidate 18) 26)\n    (check-equal? (candidate 30) 48)\n    (check-equal? (candidate 6) 8)\n))\n\n(test-humaneval)",
      "timestamp": 1665509952,
      "stdout": "",
      "stderr": "--------------------\nFAILURE\nname:       check-equal?\nlocation:   /tmp/tmp7lqo10cx.rkt:17:4\nactual:     21\nexpected:   26\n--------------------\n--------------------\nFAILURE\nname:       check-equal?\nlocation:   /tmp/tmp7lqo10cx.rkt:18:4\nactual:     42\nexpected:   48\n--------------------\n--------------------\nFAILURE\nname:       check-equal?\nlocation:   /tmp/tmp7lqo10cx.rkt:19:4\nactual:     6\nexpected:   8\n--------------------\n",
      "exit_code": 0,
      "status": "Exception"
    },
    {
      "program": "#lang racket\n\n;; Write a python function to find the sum of even factors of a number.\n(define (sumofFactors n)\n  (define (sumofFactors-iter n sum)\n    (if (= n 0)\n        sum\n        (if (= (remainder n 2) 0)\n            (sumofFactors-iter (- n 1) (+ sum n))\n            (sumofFactors-iter (- n 1) sum))))\n  (sumofFactors-iter n 0))\n\n(require rackunit)\n\n(define (test-humaneval) \n\n  (let (( candidate sumofFactors))\n    (check-equal? (candidate 18) 26)\n    (check-equal? (candidate 30) 48)\n    (check-equal? (candidate 6) 8)\n))\n\n(test-humaneval)",
      "timestamp": 1666122423,
      "stdout": "",
      "stderr": "--------------------\nFAILURE\nname:       check-equal?\nlocation:   /tmp/tmpl0mp7kph.rkt:18:4\nactual:     90\nexpected:   26\n--------------------\n--------------------\nFAILURE\nname:       check-equal?\nlocation:   /tmp/tmpl0mp7kph.rkt:19:4\nactual:     240\nexpected:   48\n--------------------\n--------------------\nFAILURE\nname:       check-equal?\nlocation:   /tmp/tmpl0mp7kph.rkt:20:4\nactual:     12\nexpected:   8\n--------------------\n",
      "exit_code": 0,
      "status": "Exception"
    },
    {
      "program": "#lang racket\n\n;; Write a python function to find the sum of even factors of a number.\n(define (sumofFactors n)\n  (define (sumofFactors-iter n i)\n    (if (= i n)\n        0\n        (if (= (remainder n i) 0)\n            (+ i (sumofFactors-iter n (+ i 1)))\n            (sumofFactors-iter n (+ i 1)))))\n  (sumofFactors-iter n 1))\n\n(require rackunit)\n\n(define (test-humaneval) \n\n  (let (( candidate sumofFactors))\n    (check-equal? (candidate 18) 26)\n    (check-equal? (candidate 30) 48)\n    (check-equal? (candidate 6) 8)\n))\n\n(test-humaneval)",
      "timestamp": 1666122422,
      "stdout": "",
      "stderr": "--------------------\nFAILURE\nname:       check-equal?\nlocation:   /tmp/tmpicpj31c5.rkt:18:4\nactual:     21\nexpected:   26\n--------------------\n--------------------\nFAILURE\nname:       check-equal?\nlocation:   /tmp/tmpicpj31c5.rkt:19:4\nactual:     42\nexpected:   48\n--------------------\n--------------------\nFAILURE\nname:       check-equal?\nlocation:   /tmp/tmpicpj31c5.rkt:20:4\nactual:     6\nexpected:   8\n--------------------\n",
      "exit_code": 0,
      "status": "Exception"
    },
    {
      "program": "#lang racket\n\n;; Write a python function to find the sum of even factors of a number.\n(define (sumofFactors n)\n  (define (sumofFactors-iter n i sum)\n    (cond ((&gt; i n) sum)\n          ((= (remainder n i) 0)\n           (sumofFactors-iter n (+ i 1) (+ sum i)))\n          (else (sumofFactors-iter n (+ i 1) sum))))\n  (sumofFactors-iter n 1 0))\n\n(require rackunit)\n\n(define (test-humaneval) \n\n  (let (( candidate sumofFactors))\n    (check-equal? (candidate 18) 26)\n    (check-equal? (candidate 30) 48)\n    (check-equal? (candidate 6) 8)\n))\n\n(test-humaneval)",
      "timestamp": 1666122424,
      "stdout": "",
      "stderr": "/tmp/tmpr5tgs7ra.rkt:5:2: read-syntax: expected a `)` to close `(`\n  possible cause: indentation suggests a missing `)` before line 12\n  context...:\n   /work/arjunguha-research-group/software/racket/collects/syntax/module-reader.rkt:186:17: body\n   /work/arjunguha-research-group/software/racket/collects/syntax/module-reader.rkt:183:2: wrap-internal\n   /work/arjunguha-research-group/software/racket/collects/racket/../syntax/module-reader.rkt:67:9: wrap-internal/wrapper\n",
      "exit_code": 1,
      "status": "SyntaxError"
    },
    {
      "program": "#lang racket\n\n;; Write a python function to find the sum of even factors of a number.\n(define (sumofFactors n)\n  (define (sumofFactors-iter i sum)\n    (cond ((&gt; i n) sum)\n          ((= (remainder n i) 0) (sumofFactors-iter (+ i 1) (+ sum i)))\n          (else (sumofFactors-iter (+ i 1) sum))))\n  (sumofFactors-iter 2 0))\n\n(require rackunit)\n\n(define (test-humaneval) \n\n  (let (( candidate sumofFactors))\n    (check-equal? (candidate 18) 26)\n    (check-equal? (candidate 30) 48)\n    (check-equal? (candidate 6) 8)\n))\n\n(test-humaneval)",
      "timestamp": 1666122424,
      "stdout": "",
      "stderr": "/tmp/tmp2u_spxyf.rkt:5:2: read-syntax: expected a `)` to close `(`\n  possible cause: indentation suggests a missing `)` before line 11\n  context...:\n   /work/arjunguha-research-group/software/racket/collects/syntax/module-reader.rkt:186:17: body\n   /work/arjunguha-research-group/software/racket/collects/syntax/module-reader.rkt:183:2: wrap-internal\n   /work/arjunguha-research-group/software/racket/collects/racket/../syntax/module-reader.rkt:67:9: wrap-internal/wrapper\n",
      "exit_code": 1,
      "status": "SyntaxError"
    },
    {
      "program": "#lang racket\n\n;; Write a python function to find the sum of even factors of a number.\n(define (sumofFactors n)\n  (define (sumofFactors-iter n i sum)\n    (cond ((&gt; i n) sum)\n          ((= (modulo n i) 0) (sumofFactors-iter n (+ i 1) (+ sum i)))\n          (else (sumofFactors-iter n (+ i 1) sum))))\n  (sumofFactors-iter n 1 0))\n\n(require rackunit)\n\n(define (test-humaneval) \n\n  (let (( candidate sumofFactors))\n    (check-equal? (candidate 18) 26)\n    (check-equal? (candidate 30) 48)\n    (check-equal? (candidate 6) 8)\n))\n\n(test-humaneval)",
      "timestamp": 1666122422,
      "stdout": "",
      "stderr": "/tmp/tmpbqaydnrt.rkt:5:2: read-syntax: expected a `)` to close `(`\n  possible cause: indentation suggests a missing `)` before line 11\n  context...:\n   /work/arjunguha-research-group/software/racket/collects/syntax/module-reader.rkt:186:17: body\n   /work/arjunguha-research-group/software/racket/collects/syntax/module-reader.rkt:183:2: wrap-internal\n   /work/arjunguha-research-group/software/racket/collects/racket/../syntax/module-reader.rkt:67:9: wrap-internal/wrapper\n",
      "exit_code": 1,
      "status": "SyntaxError"
    },
    {
      "program": "#lang racket\n\n;; Write a python function to find the sum of even factors of a number.\n(define (sumofFactors n)\n  (define (sumofFactorsHelper n i)\n    (if (= i n)\n        0\n        (if (even? i)\n            (+ i (sumofFactorsHelper n (+ i 1)))\n            (sumofFactorsHelper n (+ i 1)))))\n  (sumofFactorsHelper n 1))\n\n(require rackunit)\n\n(define (test-humaneval) \n\n  (let (( candidate sumofFactors))\n    (check-equal? (candidate 18) 26)\n    (check-equal? (candidate 30) 48)\n    (check-equal? (candidate 6) 8)\n))\n\n(test-humaneval)",
      "timestamp": 1666122424,
      "stdout": "",
      "stderr": "--------------------\nFAILURE\nname:       check-equal?\nlocation:   /tmp/tmp_067tfcr.rkt:18:4\nactual:     72\nexpected:   26\n--------------------\n--------------------\nFAILURE\nname:       check-equal?\nlocation:   /tmp/tmp_067tfcr.rkt:19:4\nactual:     210\nexpected:   48\n--------------------\n--------------------\nFAILURE\nname:       check-equal?\nlocation:   /tmp/tmp_067tfcr.rkt:20:4\nactual:     6\nexpected:   8\n--------------------\n",
      "exit_code": 0,
      "status": "Exception"
    }
  ]
}