{
  "name": "mbpp_797_sum_in_range",
  "language": "rkt",
  "prompt": "#lang racket\n\n;; Write a python function to find the sum of all odd natural numbers within the range l and r.\n(define (sum_in_range l r)\n",
  "doctests": "keep",
  "original": "/home/arjun/repos/MultiPL-E/datasets/../datasets/mbpp-typed/mbpp_797_sum_in_range.py",
  "prompt_terminology": "verbatim",
  "tests": "(require rackunit)\n\n(define (test-humaneval) \n\n  (let (( candidate sum_in_range))\n    (check-equal? (candidate 2 5) 8)\n    (check-equal? (candidate 5 7) 12)\n    (check-equal? (candidate 7 13) 40)\n))\n\n(test-humaneval)",
  "stop_tokens": [
    "\n(define ",
    "\n#|",
    "\n;",
    "\n("
  ],
  "results": [
    {
      "program": "#lang racket\n\n;; Write a python function to find the sum of all odd natural numbers within the range l and r.\n(define (sum_in_range l r)\n  (if (&lt; l r)\n      (+ l (sum_in_range (+ l 1) r))\n      l))\n\n(require rackunit)\n\n(define (test-humaneval) \n\n  (let (( candidate sum_in_range))\n    (check-equal? (candidate 2 5) 8)\n    (check-equal? (candidate 5 7) 12)\n    (check-equal? (candidate 7 13) 40)\n))\n\n(test-humaneval)",
      "timestamp": 1665509886,
      "stdout": "",
      "stderr": "/tmp/tmpjjalu85y.rkt:4:0: read-syntax: expected a `)` to close `(`\n  possible cause: indentation suggests a missing `)` before line 9\n  context...:\n   /work/arjunguha-research-group/software/racket/collects/syntax/module-reader.rkt:186:17: body\n   /work/arjunguha-research-group/software/racket/collects/syntax/module-reader.rkt:183:2: wrap-internal\n   /work/arjunguha-research-group/software/racket/collects/racket/../syntax/module-reader.rkt:67:9: wrap-internal/wrapper\n",
      "exit_code": 1,
      "status": "SyntaxError"
    },
    {
      "program": "#lang racket\n\n;; Write a python function to find the sum of all odd natural numbers within the range l and r.\n(define (sum_in_range l r)\n  (if (&gt; l r)\n      0\n      (if (odd? l)\n          (+ l (sum_in_range (+ l 1) r))\n          (sum_in_range (+ l 1) r))))\n\n(require rackunit)\n\n(define (test-humaneval) \n\n  (let (( candidate sum_in_range))\n    (check-equal? (candidate 2 5) 8)\n    (check-equal? (candidate 5 7) 12)\n    (check-equal? (candidate 7 13) 40)\n))\n\n(test-humaneval)",
      "timestamp": 1665509886,
      "stdout": "",
      "stderr": "/tmp/tmp0lwhlk9r.rkt:4:0: read-syntax: expected a `)` to close `(`\n  possible cause: indentation suggests a missing `)` before line 11\n  context...:\n   /work/arjunguha-research-group/software/racket/collects/syntax/module-reader.rkt:186:17: body\n   /work/arjunguha-research-group/software/racket/collects/syntax/module-reader.rkt:183:2: wrap-internal\n   /work/arjunguha-research-group/software/racket/collects/racket/../syntax/module-reader.rkt:67:9: wrap-internal/wrapper\n",
      "exit_code": 1,
      "status": "SyntaxError"
    },
    {
      "program": "#lang racket\n\n;; Write a python function to find the sum of all odd natural numbers within the range l and r.\n(define (sum_in_range l r)\n  (define (sum_in_range_iter l r sum)\n    (if (&lt; l r)\n        (sum_in_range_iter (+ l 1) r (+ sum (if (odd? l) l 0)))\n        sum))\n  (sum_in_range_iter l r 0))\n\n(require rackunit)\n\n(define (test-humaneval) \n\n  (let (( candidate sum_in_range))\n    (check-equal? (candidate 2 5) 8)\n    (check-equal? (candidate 5 7) 12)\n    (check-equal? (candidate 7 13) 40)\n))\n\n(test-humaneval)",
      "timestamp": 1665509886,
      "stdout": "",
      "stderr": "/tmp/tmpc5dbjben.rkt:4:0: read-syntax: expected a `)` to close `(`\n  possible cause: indentation suggests a missing `)` before line 11\n  context...:\n   /work/arjunguha-research-group/software/racket/collects/syntax/module-reader.rkt:186:17: body\n   /work/arjunguha-research-group/software/racket/collects/syntax/module-reader.rkt:183:2: wrap-internal\n   /work/arjunguha-research-group/software/racket/collects/racket/../syntax/module-reader.rkt:67:9: wrap-internal/wrapper\n",
      "exit_code": 1,
      "status": "SyntaxError"
    },
    {
      "program": "#lang racket\n\n;; Write a python function to find the sum of all odd natural numbers within the range l and r.\n(define (sum_in_range l r)\n  (if (= l r)\n      (if (odd? l) l 0)\n      (if (odd? l) (+ l (sum_in_range (+ l 1) r)) (sum_in_range (+ l 1) r))))\n\n(require rackunit)\n\n(define (test-humaneval) \n\n  (let (( candidate sum_in_range))\n    (check-equal? (candidate 2 5) 8)\n    (check-equal? (candidate 5 7) 12)\n    (check-equal? (candidate 7 13) 40)\n))\n\n(test-humaneval)",
      "timestamp": 1665509887,
      "stdout": "",
      "stderr": "",
      "exit_code": 0,
      "status": "OK"
    },
    {
      "program": "#lang racket\n\n;; Write a python function to find the sum of all odd natural numbers within the range l and r.\n(define (sum_in_range l r)\n  (if (&lt; l r)\n      (+ (if (odd? l) l 0) (sum_in_range (+ l 1) r))\n      (if (odd? l) l 0)))\n\n(require rackunit)\n\n(define (test-humaneval) \n\n  (let (( candidate sum_in_range))\n    (check-equal? (candidate 2 5) 8)\n    (check-equal? (candidate 5 7) 12)\n    (check-equal? (candidate 7 13) 40)\n))\n\n(test-humaneval)",
      "timestamp": 1665509886,
      "stdout": "",
      "stderr": "/tmp/tmpolatjvhn.rkt:4:0: read-syntax: expected a `)` to close `(`\n  possible cause: indentation suggests a missing `)` before line 9\n  context...:\n   /work/arjunguha-research-group/software/racket/collects/syntax/module-reader.rkt:186:17: body\n   /work/arjunguha-research-group/software/racket/collects/syntax/module-reader.rkt:183:2: wrap-internal\n   /work/arjunguha-research-group/software/racket/collects/racket/../syntax/module-reader.rkt:67:9: wrap-internal/wrapper\n",
      "exit_code": 1,
      "status": "SyntaxError"
    },
    {
      "program": "#lang racket\n\n;; Write a python function to find the sum of all odd natural numbers within the range l and r.\n(define (sum_in_range l r)\n  (if (= l r)\n      (if (odd? l) l 0)\n      (+ (if (odd? l) l 0) (sum_in_range (+ l 1) r))))\n\n(require rackunit)\n\n(define (test-humaneval) \n\n  (let (( candidate sum_in_range))\n    (check-equal? (candidate 2 5) 8)\n    (check-equal? (candidate 5 7) 12)\n    (check-equal? (candidate 7 13) 40)\n))\n\n(test-humaneval)",
      "timestamp": 1665509887,
      "stdout": "",
      "stderr": "",
      "exit_code": 0,
      "status": "OK"
    },
    {
      "program": "#lang racket\n\n;; Write a python function to find the sum of all odd natural numbers within the range l and r.\n(define (sum_in_range l r)\n  (if (= l r)\n      0\n      (if (odd? l)\n          (+ l (sum_in_range (+ l 1) r))\n          (sum_in_range (+ l 1) r))))\n\n(require rackunit)\n\n(define (test-humaneval) \n\n  (let (( candidate sum_in_range))\n    (check-equal? (candidate 2 5) 8)\n    (check-equal? (candidate 5 7) 12)\n    (check-equal? (candidate 7 13) 40)\n))\n\n(test-humaneval)",
      "timestamp": 1665509887,
      "stdout": "",
      "stderr": "--------------------\nFAILURE\nname:       check-equal?\nlocation:   /tmp/tmpssvbzcaf.rkt:16:4\nactual:     3\nexpected:   8\n--------------------\n--------------------\nFAILURE\nname:       check-equal?\nlocation:   /tmp/tmpssvbzcaf.rkt:17:4\nactual:     5\nexpected:   12\n--------------------\n--------------------\nFAILURE\nname:       check-equal?\nlocation:   /tmp/tmpssvbzcaf.rkt:18:4\nactual:     27\nexpected:   40\n--------------------\n",
      "exit_code": 0,
      "status": "Exception"
    },
    {
      "program": "#lang racket\n\n;; Write a python function to find the sum of all odd natural numbers within the range l and r.\n(define (sum_in_range l r)\n  (if (&lt; l r)\n      (+ l (sum_in_range (+ l 1) r))\n      l))\n\n(require rackunit)\n\n(define (test-humaneval) \n\n  (let (( candidate sum_in_range))\n    (check-equal? (candidate 2 5) 8)\n    (check-equal? (candidate 5 7) 12)\n    (check-equal? (candidate 7 13) 40)\n))\n\n(test-humaneval)",
      "timestamp": 1665509886,
      "stdout": "",
      "stderr": "/tmp/tmpjjalu85y.rkt:4:0: read-syntax: expected a `)` to close `(`\n  possible cause: indentation suggests a missing `)` before line 9\n  context...:\n   /work/arjunguha-research-group/software/racket/collects/syntax/module-reader.rkt:186:17: body\n   /work/arjunguha-research-group/software/racket/collects/syntax/module-reader.rkt:183:2: wrap-internal\n   /work/arjunguha-research-group/software/racket/collects/racket/../syntax/module-reader.rkt:67:9: wrap-internal/wrapper\n",
      "exit_code": 1,
      "status": "SyntaxError"
    },
    {
      "program": "#lang racket\n\n;; Write a python function to find the sum of all odd natural numbers within the range l and r.\n(define (sum_in_range l r)\n  (cond\n    [(= l r) (if (odd? l) l 0)]\n    [(> l r) 0]\n    [else (+ (if (odd? l) l 0) (sum_in_range (+ l 1) r))]))\n\n(require rackunit)\n\n(define (test-humaneval) \n\n  (let (( candidate sum_in_range))\n    (check-equal? (candidate 2 5) 8)\n    (check-equal? (candidate 5 7) 12)\n    (check-equal? (candidate 7 13) 40)\n))\n\n(test-humaneval)",
      "timestamp": 1665509887,
      "stdout": "",
      "stderr": "",
      "exit_code": 0,
      "status": "OK"
    },
    {
      "program": "#lang racket\n\n;; Write a python function to find the sum of all odd natural numbers within the range l and r.\n(define (sum_in_range l r)\n  (if (&gt; l r)\n      0\n      (if (odd? l)\n          (+ l (sum_in_range (+ l 1) r))\n          (sum_in_range (+ l 1) r))))\n\n(require rackunit)\n\n(define (test-humaneval) \n\n  (let (( candidate sum_in_range))\n    (check-equal? (candidate 2 5) 8)\n    (check-equal? (candidate 5 7) 12)\n    (check-equal? (candidate 7 13) 40)\n))\n\n(test-humaneval)",
      "timestamp": 1665509886,
      "stdout": "",
      "stderr": "/tmp/tmp0lwhlk9r.rkt:4:0: read-syntax: expected a `)` to close `(`\n  possible cause: indentation suggests a missing `)` before line 11\n  context...:\n   /work/arjunguha-research-group/software/racket/collects/syntax/module-reader.rkt:186:17: body\n   /work/arjunguha-research-group/software/racket/collects/syntax/module-reader.rkt:183:2: wrap-internal\n   /work/arjunguha-research-group/software/racket/collects/racket/../syntax/module-reader.rkt:67:9: wrap-internal/wrapper\n",
      "exit_code": 1,
      "status": "SyntaxError"
    },
    {
      "program": "#lang racket\n\n;; Write a python function to find the sum of all odd natural numbers within the range l and r.\n(define (sum_in_range l r)\n  (if (odd? l)\n      (+ l (sum_in_range (+ l 2) r))\n      (if (odd? r)\n          (+ r (sum_in_range l (- r 2)))\n          0)))\n\n(require rackunit)\n\n(define (test-humaneval) \n\n  (let (( candidate sum_in_range))\n    (check-equal? (candidate 2 5) 8)\n    (check-equal? (candidate 5 7) 12)\n    (check-equal? (candidate 7 13) 40)\n))\n\n(test-humaneval)",
      "timestamp": 1665509901,
      "stdout": "",
      "stderr": "",
      "exit_code": -1,
      "status": "Exception"
    },
    {
      "program": "#lang racket\n\n;; Write a python function to find the sum of all odd natural numbers within the range l and r.\n(define (sum_in_range l r)\n  (if (= l r)\n      (if (odd? l)\n          l\n          0)\n      (if (odd? l)\n          (+ l (sum_in_range (+ l 1) r))\n          (sum_in_range (+ l 1) r))))\n\n(require rackunit)\n\n(define (test-humaneval) \n\n  (let (( candidate sum_in_range))\n    (check-equal? (candidate 2 5) 8)\n    (check-equal? (candidate 5 7) 12)\n    (check-equal? (candidate 7 13) 40)\n))\n\n(test-humaneval)",
      "timestamp": 1665509887,
      "stdout": "",
      "stderr": "",
      "exit_code": 0,
      "status": "OK"
    },
    {
      "program": "#lang racket\n\n;; Write a python function to find the sum of all odd natural numbers within the range l and r.\n(define (sum_in_range l r)\n  (cond [(= l r) l]\n        [(odd? l) (+ l (sum_in_range (+ l 1) r))]\n        [else (sum_in_range (+ l 1) r)]))\n\n(require rackunit)\n\n(define (test-humaneval) \n\n  (let (( candidate sum_in_range))\n    (check-equal? (candidate 2 5) 8)\n    (check-equal? (candidate 5 7) 12)\n    (check-equal? (candidate 7 13) 40)\n))\n\n(test-humaneval)",
      "timestamp": 1665509887,
      "stdout": "",
      "stderr": "",
      "exit_code": 0,
      "status": "OK"
    },
    {
      "program": "#lang racket\n\n;; Write a python function to find the sum of all odd natural numbers within the range l and r.\n(define (sum_in_range l r)\n  (if (odd? l)\n      (+ l (sum_in_range (+ l 2) r))\n      (if (odd? r)\n          (+ r (sum_in_range l (- r 2)))\n          0)))\n\n(require rackunit)\n\n(define (test-humaneval) \n\n  (let (( candidate sum_in_range))\n    (check-equal? (candidate 2 5) 8)\n    (check-equal? (candidate 5 7) 12)\n    (check-equal? (candidate 7 13) 40)\n))\n\n(test-humaneval)",
      "timestamp": 1665509901,
      "stdout": "",
      "stderr": "",
      "exit_code": -1,
      "status": "Exception"
    },
    {
      "program": "#lang racket\n\n;; Write a python function to find the sum of all odd natural numbers within the range l and r.\n(define (sum_in_range l r)\n  (if (= l r)\n      (if (odd? l) l 0)\n      (+ (if (odd? l) l 0) (sum_in_range (+ l 1) r))))\n\n(require rackunit)\n\n(define (test-humaneval) \n\n  (let (( candidate sum_in_range))\n    (check-equal? (candidate 2 5) 8)\n    (check-equal? (candidate 5 7) 12)\n    (check-equal? (candidate 7 13) 40)\n))\n\n(test-humaneval)",
      "timestamp": 1665509887,
      "stdout": "",
      "stderr": "",
      "exit_code": 0,
      "status": "OK"
    },
    {
      "program": "#lang racket\n\n;; Write a python function to find the sum of all odd natural numbers within the range l and r.\n(define (sum_in_range l r)\n  (cond\n    [(< l r) (+ l (sum_in_range (+ l 1) r))]\n    [(= l r) l]\n    [else 0]))\n\n(require rackunit)\n\n(define (test-humaneval) \n\n  (let (( candidate sum_in_range))\n    (check-equal? (candidate 2 5) 8)\n    (check-equal? (candidate 5 7) 12)\n    (check-equal? (candidate 7 13) 40)\n))\n\n(test-humaneval)",
      "timestamp": 1665509887,
      "stdout": "",
      "stderr": "--------------------\nFAILURE\nname:       check-equal?\nlocation:   /tmp/tmp_2vl34rc.rkt:15:4\nactual:     14\nexpected:   8\n--------------------\n--------------------\nFAILURE\nname:       check-equal?\nlocation:   /tmp/tmp_2vl34rc.rkt:16:4\nactual:     18\nexpected:   12\n--------------------\n--------------------\nFAILURE\nname:       check-equal?\nlocation:   /tmp/tmp_2vl34rc.rkt:17:4\nactual:     70\nexpected:   40\n--------------------\n",
      "exit_code": 0,
      "status": "Exception"
    },
    {
      "program": "#lang racket\n\n;; Write a python function to find the sum of all odd natural numbers within the range l and r.\n(define (sum_in_range l r)\n  (if (= l r)\n      (if (odd? l)\n          l\n          0)\n      (if (odd? l)\n          (+ l (sum_in_range (+ l 1) r))\n          (sum_in_range (+ l 1) r))))\n\n(require rackunit)\n\n(define (test-humaneval) \n\n  (let (( candidate sum_in_range))\n    (check-equal? (candidate 2 5) 8)\n    (check-equal? (candidate 5 7) 12)\n    (check-equal? (candidate 7 13) 40)\n))\n\n(test-humaneval)",
      "timestamp": 1665509887,
      "stdout": "",
      "stderr": "",
      "exit_code": 0,
      "status": "OK"
    },
    {
      "program": "#lang racket\n\n;; Write a python function to find the sum of all odd natural numbers within the range l and r.\n(define (sum_in_range l r)\n  (if (&gt; l r)\n      0\n      (+ (if (odd? l) l 0)\n         (sum_in_range (+ l 1) r))))\n\n(require rackunit)\n\n(define (test-humaneval) \n\n  (let (( candidate sum_in_range))\n    (check-equal? (candidate 2 5) 8)\n    (check-equal? (candidate 5 7) 12)\n    (check-equal? (candidate 7 13) 40)\n))\n\n(test-humaneval)",
      "timestamp": 1665509887,
      "stdout": "",
      "stderr": "/tmp/tmppuodeigi.rkt:4:0: read-syntax: expected a `)` to close `(`\n  possible cause: indentation suggests a missing `)` before line 10\n  context...:\n   /work/arjunguha-research-group/software/racket/collects/syntax/module-reader.rkt:186:17: body\n   /work/arjunguha-research-group/software/racket/collects/syntax/module-reader.rkt:183:2: wrap-internal\n   /work/arjunguha-research-group/software/racket/collects/racket/../syntax/module-reader.rkt:67:9: wrap-internal/wrapper\n",
      "exit_code": 1,
      "status": "SyntaxError"
    },
    {
      "program": "#lang racket\n\n;; Write a python function to find the sum of all odd natural numbers within the range l and r.\n(define (sum_in_range l r)\n  (cond\n    [(> l r) 0]\n    [(odd? l) (+ l (sum_in_range (+ l 1) r))]\n    [else (sum_in_range (+ l 1) r)]))\n\n(require rackunit)\n\n(define (test-humaneval) \n\n  (let (( candidate sum_in_range))\n    (check-equal? (candidate 2 5) 8)\n    (check-equal? (candidate 5 7) 12)\n    (check-equal? (candidate 7 13) 40)\n))\n\n(test-humaneval)",
      "timestamp": 1665509887,
      "stdout": "",
      "stderr": "",
      "exit_code": 0,
      "status": "OK"
    },
    {
      "program": "#lang racket\n\n;; Write a python function to find the sum of all odd natural numbers within the range l and r.\n(define (sum_in_range l r)\n  (if (> l r)\n      0\n      (+ (if (odd? l) l 0)\n         (sum_in_range (+ l 1) r))))\n\n(require rackunit)\n\n(define (test-humaneval) \n\n  (let (( candidate sum_in_range))\n    (check-equal? (candidate 2 5) 8)\n    (check-equal? (candidate 5 7) 12)\n    (check-equal? (candidate 7 13) 40)\n))\n\n(test-humaneval)",
      "timestamp": 1665509887,
      "stdout": "",
      "stderr": "",
      "exit_code": 0,
      "status": "OK"
    },
    {
      "program": "#lang racket\n\n;; Write a python function to find the sum of all odd natural numbers within the range l and r.\n(define (sum_in_range l r)\n  (let loop ((i l) (sum 0))\n    (cond ((&gt; i r) sum)\n          ((odd? i) (loop (+ i 1) (+ sum i)))\n          (else (loop (+ i 1) sum)))))\n</code>\n\n(require rackunit)\n\n(define (test-humaneval) \n\n  (let (( candidate sum_in_range))\n    (check-equal? (candidate 2 5) 8)\n    (check-equal? (candidate 5 7) 12)\n    (check-equal? (candidate 7 13) 40)\n))\n\n(test-humaneval)",
      "timestamp": 1666122585,
      "stdout": "",
      "stderr": "/tmp/tmpm0cyht02.rkt:5:2: read-syntax: expected a `)` to close `(`\n  possible cause: indentation suggests a missing `)` before line 9\n  context...:\n   /work/arjunguha-research-group/software/racket/collects/syntax/module-reader.rkt:186:17: body\n   /work/arjunguha-research-group/software/racket/collects/syntax/module-reader.rkt:183:2: wrap-internal\n   /work/arjunguha-research-group/software/racket/collects/racket/../syntax/module-reader.rkt:67:9: wrap-internal/wrapper\n",
      "exit_code": 1,
      "status": "SyntaxError"
    },
    {
      "program": "#lang racket\n\n;; Write a python function to find the sum of all odd natural numbers within the range l and r.\n(define (sum_in_range l r)\n  (if (&gt; l r)\n      0\n      (+ (if (odd? l) l 0)\n         (sum_in_range (+ l 1) r))))\n\n(require rackunit)\n\n(define (test-humaneval) \n\n  (let (( candidate sum_in_range))\n    (check-equal? (candidate 2 5) 8)\n    (check-equal? (candidate 5 7) 12)\n    (check-equal? (candidate 7 13) 40)\n))\n\n(test-humaneval)",
      "timestamp": 1665509887,
      "stdout": "",
      "stderr": "/tmp/tmppuodeigi.rkt:4:0: read-syntax: expected a `)` to close `(`\n  possible cause: indentation suggests a missing `)` before line 10\n  context...:\n   /work/arjunguha-research-group/software/racket/collects/syntax/module-reader.rkt:186:17: body\n   /work/arjunguha-research-group/software/racket/collects/syntax/module-reader.rkt:183:2: wrap-internal\n   /work/arjunguha-research-group/software/racket/collects/racket/../syntax/module-reader.rkt:67:9: wrap-internal/wrapper\n",
      "exit_code": 1,
      "status": "SyntaxError"
    },
    {
      "program": "#lang racket\n\n;; Write a python function to find the sum of all odd natural numbers within the range l and r.\n(define (sum_in_range l r)\n  (define (sum_in_range_iter l r sum)\n    (cond\n      [(= l r) (+ sum l)]\n      [(odd? l) (sum_in_range_iter (+ l 1) r (+ sum l))]\n      [else (sum_in_range_iter (+ l 1) r sum)]))\n  (sum_in_range_iter l r 0))\n\n(require rackunit)\n\n(define (test-humaneval) \n\n  (let (( candidate sum_in_range))\n    (check-equal? (candidate 2 5) 8)\n    (check-equal? (candidate 5 7) 12)\n    (check-equal? (candidate 7 13) 40)\n))\n\n(test-humaneval)",
      "timestamp": 1666122586,
      "stdout": "",
      "stderr": "",
      "exit_code": 0,
      "status": "OK"
    },
    {
      "program": "#lang racket\n\n;; Write a python function to find the sum of all odd natural numbers within the range l and r.\n(define (sum_in_range l r)\n  (if (odd? l)\n      (+ l (sum_in_range (+ l 2) r))\n      (if (odd? r)\n          (+ r (sum_in_range l (- r 2)))\n          0)))\n\n(require rackunit)\n\n(define (test-humaneval) \n\n  (let (( candidate sum_in_range))\n    (check-equal? (candidate 2 5) 8)\n    (check-equal? (candidate 5 7) 12)\n    (check-equal? (candidate 7 13) 40)\n))\n\n(test-humaneval)",
      "timestamp": 1665509901,
      "stdout": "",
      "stderr": "",
      "exit_code": -1,
      "status": "Exception"
    },
    {
      "program": "#lang racket\n\n;; Write a python function to find the sum of all odd natural numbers within the range l and r.\n(define (sum_in_range l r)\n  (cond\n    [(= l r) l]\n    [(odd? l) (+ l (sum_in_range (+ l 1) r))]\n    [else (sum_in_range (+ l 1) r)]))\n\n(require rackunit)\n\n(define (test-humaneval) \n\n  (let (( candidate sum_in_range))\n    (check-equal? (candidate 2 5) 8)\n    (check-equal? (candidate 5 7) 12)\n    (check-equal? (candidate 7 13) 40)\n))\n\n(test-humaneval)",
      "timestamp": 1666122585,
      "stdout": "",
      "stderr": "",
      "exit_code": 0,
      "status": "OK"
    },
    {
      "program": "#lang racket\n\n;; Write a python function to find the sum of all odd natural numbers within the range l and r.\n(define (sum_in_range l r)\n  (if (= l r)\n      (if (odd? l) l 0)\n      (if (odd? l)\n          (+ l (sum_in_range (+ l 1) r))\n          (sum_in_range (+ l 1) r))))\n\n(require rackunit)\n\n(define (test-humaneval) \n\n  (let (( candidate sum_in_range))\n    (check-equal? (candidate 2 5) 8)\n    (check-equal? (candidate 5 7) 12)\n    (check-equal? (candidate 7 13) 40)\n))\n\n(test-humaneval)",
      "timestamp": 1666122585,
      "stdout": "",
      "stderr": "",
      "exit_code": 0,
      "status": "OK"
    },
    {
      "program": "#lang racket\n\n;; Write a python function to find the sum of all odd natural numbers within the range l and r.\n(define (sum_in_range l r)\n  (if (= l r)\n      (if (odd? l) l 0)\n      (+ (if (odd? l) l 0) (sum_in_range (+ l 1) r))))\n\n(require rackunit)\n\n(define (test-humaneval) \n\n  (let (( candidate sum_in_range))\n    (check-equal? (candidate 2 5) 8)\n    (check-equal? (candidate 5 7) 12)\n    (check-equal? (candidate 7 13) 40)\n))\n\n(test-humaneval)",
      "timestamp": 1665509887,
      "stdout": "",
      "stderr": "",
      "exit_code": 0,
      "status": "OK"
    },
    {
      "program": "#lang racket\n\n;; Write a python function to find the sum of all odd natural numbers within the range l and r.\n(define (sum_in_range l r)\n  (if (odd? l)\n      (+ l (sum_in_range (+ l 2) r))\n      (if (odd? (+ l 1))\n          (+ (+ l 1) (sum_in_range (+ l 3) r))\n          (if (odd? (+ l 2))\n              (+ (+ l 2) (sum_in_range (+ l 4) r))\n              (if (odd? (+ l 3))\n                  (+ (+ l 3) (sum_in_range (+ l 5) r))\n                  (if (odd? (+ l 4))\n                      (+ (+ l 4) (sum_in_range (+ l 6) r))\n                      (if (odd? (+ l 5))\n                          (+ (+ l 5) (sum_in_range (+ l 7) r))\n                          (if (odd? (+ l 6))\n                              (+ (+ l 6) (sum_in_range (+ l 8) r))\n                              (if (odd? (+ l 7))\n                                  (+ (+ l 7) (sum_in_range (+ l 9) r))\n                                  (if (odd? (+ l 8))\n                                      (+ (+ l 8) (sum_in_range (+ l 10) r))\n                                      (if (odd? (+ l 9))\n                                          (+ (+ l 9) (sum_in_range (+ l 11) r))\n                                          (if (odd? (+ l 10))\n                                              (+ (+ l 10) (sum_in_range (+ l 12) r))\n                                              (if (odd? (+ l 11))\n                                                  (+ (+ l 11) (sum_in_range (+ l 13) r))\n                                                  (if (odd? (+ l 12))\n                                                      (+ (+ l 12) (sum_in_range (+ l 14) r))\n                                                      (if (odd? (+ l 13))\n                                                          (+ (+ l 13) (sum_in_range (+ l 15) r))\n                                                          (if (odd? (+ l 14))\n                                                              (+ (+ l 14) (sum_in_range (+ l 16) r))\n                                                              (if (odd? (+ l 15))\n                                                                  (+ (+ l 15) (sum_in_range (+ l 17)\n(require rackunit)\n\n(define (test-humaneval) \n\n  (let (( candidate sum_in_range))\n    (check-equal? (candidate 2 5) 8)\n    (check-equal? (candidate 5 7) 12)\n    (check-equal? (candidate 7 13) 40)\n))\n\n(test-humaneval)",
      "timestamp": 1666122585,
      "stdout": "",
      "stderr": "/tmp/tmpsk887b7q.rkt:36:78: read-syntax: expected a `)` to close `(`\n  possible cause: indentation suggests a missing `)` before line 37\n  context...:\n   /work/arjunguha-research-group/software/racket/collects/syntax/module-reader.rkt:186:17: body\n   /work/arjunguha-research-group/software/racket/collects/syntax/module-reader.rkt:183:2: wrap-internal\n   /work/arjunguha-research-group/software/racket/collects/racket/../syntax/module-reader.rkt:67:9: wrap-internal/wrapper\n",
      "exit_code": 1,
      "status": "SyntaxError"
    },
    {
      "program": "#lang racket\n\n;; Write a python function to find the sum of all odd natural numbers within the range l and r.\n(define (sum_in_range l r)\n  (if (odd? l)\n      (+ l (sum_in_range (+ l 2) r))\n      (if (odd? r)\n          (+ r (sum_in_range l (- r 2)))\n          0)))\n\n(require rackunit)\n\n(define (test-humaneval) \n\n  (let (( candidate sum_in_range))\n    (check-equal? (candidate 2 5) 8)\n    (check-equal? (candidate 5 7) 12)\n    (check-equal? (candidate 7 13) 40)\n))\n\n(test-humaneval)",
      "timestamp": 1665509901,
      "stdout": "",
      "stderr": "",
      "exit_code": -1,
      "status": "Exception"
    },
    {
      "program": "#lang racket\n\n;; Write a python function to find the sum of all odd natural numbers within the range l and r.\n(define (sum_in_range l r)\n  (cond\n    [(= l r) l]\n    [(odd? l) (+ l (sum_in_range (+ l 1) r))]\n    [else (sum_in_range (+ l 1) r)]))\n\n(require rackunit)\n\n(define (test-humaneval) \n\n  (let (( candidate sum_in_range))\n    (check-equal? (candidate 2 5) 8)\n    (check-equal? (candidate 5 7) 12)\n    (check-equal? (candidate 7 13) 40)\n))\n\n(test-humaneval)",
      "timestamp": 1666122585,
      "stdout": "",
      "stderr": "",
      "exit_code": 0,
      "status": "OK"
    },
    {
      "program": "#lang racket\n\n;; Write a python function to find the sum of all odd natural numbers within the range l and r.\n(define (sum_in_range l r)\n  (if (&lt; l r)\n      (+ (if (odd? l) l 0)\n         (sum_in_range (+ l 1) r))\n      (if (odd? l) l 0)))\n\n(require rackunit)\n\n(define (test-humaneval) \n\n  (let (( candidate sum_in_range))\n    (check-equal? (candidate 2 5) 8)\n    (check-equal? (candidate 5 7) 12)\n    (check-equal? (candidate 7 13) 40)\n))\n\n(test-humaneval)",
      "timestamp": 1666122585,
      "stdout": "",
      "stderr": "/tmp/tmp320g0bqx.rkt:4:0: read-syntax: expected a `)` to close `(`\n  possible cause: indentation suggests a missing `)` before line 10\n  context...:\n   /work/arjunguha-research-group/software/racket/collects/syntax/module-reader.rkt:186:17: body\n   /work/arjunguha-research-group/software/racket/collects/syntax/module-reader.rkt:183:2: wrap-internal\n   /work/arjunguha-research-group/software/racket/collects/racket/../syntax/module-reader.rkt:67:9: wrap-internal/wrapper\n",
      "exit_code": 1,
      "status": "SyntaxError"
    },
    {
      "program": "#lang racket\n\n;; Write a python function to find the sum of all odd natural numbers within the range l and r.\n(define (sum_in_range l r)\n  (cond\n    [(= l r) (if (odd? l) l 0)]\n    [(> l r) 0]\n    [else (+ (if (odd? l) l 0) (sum_in_range (+ l 1) r))]))\n\n(require rackunit)\n\n(define (test-humaneval) \n\n  (let (( candidate sum_in_range))\n    (check-equal? (candidate 2 5) 8)\n    (check-equal? (candidate 5 7) 12)\n    (check-equal? (candidate 7 13) 40)\n))\n\n(test-humaneval)",
      "timestamp": 1665509887,
      "stdout": "",
      "stderr": "",
      "exit_code": 0,
      "status": "OK"
    },
    {
      "program": "#lang racket\n\n;; Write a python function to find the sum of all odd natural numbers within the range l and r.\n(define (sum_in_range l r)\n  (if (&lt; l r)\n      (+ l (sum_in_range (+ l 1) r))\n      l))\n\n(require rackunit)\n\n(define (test-humaneval) \n\n  (let (( candidate sum_in_range))\n    (check-equal? (candidate 2 5) 8)\n    (check-equal? (candidate 5 7) 12)\n    (check-equal? (candidate 7 13) 40)\n))\n\n(test-humaneval)",
      "timestamp": 1665509886,
      "stdout": "",
      "stderr": "/tmp/tmpjjalu85y.rkt:4:0: read-syntax: expected a `)` to close `(`\n  possible cause: indentation suggests a missing `)` before line 9\n  context...:\n   /work/arjunguha-research-group/software/racket/collects/syntax/module-reader.rkt:186:17: body\n   /work/arjunguha-research-group/software/racket/collects/syntax/module-reader.rkt:183:2: wrap-internal\n   /work/arjunguha-research-group/software/racket/collects/racket/../syntax/module-reader.rkt:67:9: wrap-internal/wrapper\n",
      "exit_code": 1,
      "status": "SyntaxError"
    },
    {
      "program": "#lang racket\n\n;; Write a python function to find the sum of all odd natural numbers within the range l and r.\n(define (sum_in_range l r)\n  (define (sum_in_range_iter l r sum)\n    (if (&lt; l r)\n        (if (odd? l)\n            (sum_in_range_iter (+ l 1) r (+ l sum))\n            (sum_in_range_iter (+ l 1) r sum))\n        sum))\n  (sum_in_range_iter l r 0))\n\n(require rackunit)\n\n(define (test-humaneval) \n\n  (let (( candidate sum_in_range))\n    (check-equal? (candidate 2 5) 8)\n    (check-equal? (candidate 5 7) 12)\n    (check-equal? (candidate 7 13) 40)\n))\n\n(test-humaneval)",
      "timestamp": 1666122585,
      "stdout": "",
      "stderr": "/tmp/tmpvbw_vl11.rkt:4:0: read-syntax: expected a `)` to close `(`\n  possible cause: indentation suggests a missing `)` before line 13\n  context...:\n   /work/arjunguha-research-group/software/racket/collects/syntax/module-reader.rkt:186:17: body\n   /work/arjunguha-research-group/software/racket/collects/syntax/module-reader.rkt:183:2: wrap-internal\n   /work/arjunguha-research-group/software/racket/collects/racket/../syntax/module-reader.rkt:67:9: wrap-internal/wrapper\n",
      "exit_code": 1,
      "status": "SyntaxError"
    },
    {
      "program": "#lang racket\n\n;; Write a python function to find the sum of all odd natural numbers within the range l and r.\n(define (sum_in_range l r)\n  (if (odd? l)\n      (+ l (sum_in_range (+ l 2) r))\n      (if (odd? r)\n          (+ r (sum_in_range l (- r 2)))\n          0)))\n\n(require rackunit)\n\n(define (test-humaneval) \n\n  (let (( candidate sum_in_range))\n    (check-equal? (candidate 2 5) 8)\n    (check-equal? (candidate 5 7) 12)\n    (check-equal? (candidate 7 13) 40)\n))\n\n(test-humaneval)",
      "timestamp": 1665509901,
      "stdout": "",
      "stderr": "",
      "exit_code": -1,
      "status": "Exception"
    },
    {
      "program": "#lang racket\n\n;; Write a python function to find the sum of all odd natural numbers within the range l and r.\n(define (sum_in_range l r)\n  (cond [(= l r) l]\n        [(odd? l) (+ l (sum_in_range (+ l 1) r))]\n        [else (sum_in_range (+ l 1) r)]))\n\n(require rackunit)\n\n(define (test-humaneval) \n\n  (let (( candidate sum_in_range))\n    (check-equal? (candidate 2 5) 8)\n    (check-equal? (candidate 5 7) 12)\n    (check-equal? (candidate 7 13) 40)\n))\n\n(test-humaneval)",
      "timestamp": 1665509887,
      "stdout": "",
      "stderr": "",
      "exit_code": 0,
      "status": "OK"
    },
    {
      "program": "#lang racket\n\n;; Write a python function to find the sum of all odd natural numbers within the range l and r.\n(define (sum_in_range l r)\n  (define (sum_in_range_iter l r sum)\n    (cond ((&gt; l r) sum)\n          ((odd? l) (sum_in_range_iter (+ l 1) r (+ sum l)))\n          (else (sum_in_range_iter (+ l 1) r sum))))\n  (sum_in_range_iter l r 0))\n\n(require rackunit)\n\n(define (test-humaneval) \n\n  (let (( candidate sum_in_range))\n    (check-equal? (candidate 2 5) 8)\n    (check-equal? (candidate 5 7) 12)\n    (check-equal? (candidate 7 13) 40)\n))\n\n(test-humaneval)",
      "timestamp": 1666122585,
      "stdout": "",
      "stderr": "/tmp/tmpuvozibqn.rkt:5:2: read-syntax: expected a `)` to close `(`\n  possible cause: indentation suggests a missing `)` before line 11\n  context...:\n   /work/arjunguha-research-group/software/racket/collects/syntax/module-reader.rkt:186:17: body\n   /work/arjunguha-research-group/software/racket/collects/syntax/module-reader.rkt:183:2: wrap-internal\n   /work/arjunguha-research-group/software/racket/collects/racket/../syntax/module-reader.rkt:67:9: wrap-internal/wrapper\n",
      "exit_code": 1,
      "status": "SyntaxError"
    },
    {
      "program": "#lang racket\n\n;; Write a python function to find the sum of all odd natural numbers within the range l and r.\n(define (sum_in_range l r)\n  (define (sum_in_range_iter i sum)\n    (cond\n      [(> i r) sum]\n      [(odd? i) (sum_in_range_iter (+ i 1) (+ sum i))]\n      [else (sum_in_range_iter (+ i 1) sum)]))\n  (sum_in_range_iter l 0))\n\n(require rackunit)\n\n(define (test-humaneval) \n\n  (let (( candidate sum_in_range))\n    (check-equal? (candidate 2 5) 8)\n    (check-equal? (candidate 5 7) 12)\n    (check-equal? (candidate 7 13) 40)\n))\n\n(test-humaneval)",
      "timestamp": 1666122585,
      "stdout": "",
      "stderr": "",
      "exit_code": 0,
      "status": "OK"
    },
    {
      "program": "#lang racket\n\n;; Write a python function to find the sum of all odd natural numbers within the range l and r.\n(define (sum_in_range l r)\n  (if (&gt; l r)\n      0\n      (+ (if (odd? l) l 0)\n         (sum_in_range (+ l 1) r))))\n\n(require rackunit)\n\n(define (test-humaneval) \n\n  (let (( candidate sum_in_range))\n    (check-equal? (candidate 2 5) 8)\n    (check-equal? (candidate 5 7) 12)\n    (check-equal? (candidate 7 13) 40)\n))\n\n(test-humaneval)",
      "timestamp": 1665509887,
      "stdout": "",
      "stderr": "/tmp/tmppuodeigi.rkt:4:0: read-syntax: expected a `)` to close `(`\n  possible cause: indentation suggests a missing `)` before line 10\n  context...:\n   /work/arjunguha-research-group/software/racket/collects/syntax/module-reader.rkt:186:17: body\n   /work/arjunguha-research-group/software/racket/collects/syntax/module-reader.rkt:183:2: wrap-internal\n   /work/arjunguha-research-group/software/racket/collects/racket/../syntax/module-reader.rkt:67:9: wrap-internal/wrapper\n",
      "exit_code": 1,
      "status": "SyntaxError"
    },
    {
      "program": "#lang racket\n\n;; Write a python function to find the sum of all odd natural numbers within the range l and r.\n(define (sum_in_range l r)\n  (define (sum_in_range_iter l r sum)\n    (if (&lt; l r)\n        (sum_in_range_iter (+ l 1) r (+ sum (if (odd? l) l 0)))\n        sum))\n  (sum_in_range_iter l r 0))\n\n(require rackunit)\n\n(define (test-humaneval) \n\n  (let (( candidate sum_in_range))\n    (check-equal? (candidate 2 5) 8)\n    (check-equal? (candidate 5 7) 12)\n    (check-equal? (candidate 7 13) 40)\n))\n\n(test-humaneval)",
      "timestamp": 1665509886,
      "stdout": "",
      "stderr": "/tmp/tmpc5dbjben.rkt:4:0: read-syntax: expected a `)` to close `(`\n  possible cause: indentation suggests a missing `)` before line 11\n  context...:\n   /work/arjunguha-research-group/software/racket/collects/syntax/module-reader.rkt:186:17: body\n   /work/arjunguha-research-group/software/racket/collects/syntax/module-reader.rkt:183:2: wrap-internal\n   /work/arjunguha-research-group/software/racket/collects/racket/../syntax/module-reader.rkt:67:9: wrap-internal/wrapper\n",
      "exit_code": 1,
      "status": "SyntaxError"
    },
    {
      "program": "#lang racket\n\n;; Write a python function to find the sum of all odd natural numbers within the range l and r.\n(define (sum_in_range l r)\n  (define (sum_in_range_iter l r sum)\n    (if (&lt; l r)\n        (if (odd? l)\n            (sum_in_range_iter (+ l 1) r (+ sum l))\n            (sum_in_range_iter (+ l 1) r sum))\n        sum))\n  (sum_in_range_iter l r 0))\n\n(require rackunit)\n\n(define (test-humaneval) \n\n  (let (( candidate sum_in_range))\n    (check-equal? (candidate 2 5) 8)\n    (check-equal? (candidate 5 7) 12)\n    (check-equal? (candidate 7 13) 40)\n))\n\n(test-humaneval)",
      "timestamp": 1666122585,
      "stdout": "",
      "stderr": "/tmp/tmp_67xcfxw.rkt:4:0: read-syntax: expected a `)` to close `(`\n  possible cause: indentation suggests a missing `)` before line 13\n  context...:\n   /work/arjunguha-research-group/software/racket/collects/syntax/module-reader.rkt:186:17: body\n   /work/arjunguha-research-group/software/racket/collects/syntax/module-reader.rkt:183:2: wrap-internal\n   /work/arjunguha-research-group/software/racket/collects/racket/../syntax/module-reader.rkt:67:9: wrap-internal/wrapper\n",
      "exit_code": 1,
      "status": "SyntaxError"
    },
    {
      "program": "#lang racket\n\n;; Write a python function to find the sum of all odd natural numbers within the range l and r.\n(define (sum_in_range l r)\n  (define (sum_in_range_helper l r acc)\n    (if (&lt; l r)\n        (if (odd? l)\n            (sum_in_range_helper (+ l 1) r (+ acc l))\n            (sum_in_range_helper (+ l 1) r acc))\n        acc))\n  (sum_in_range_helper l r 0))\n\n(require rackunit)\n\n(define (test-humaneval) \n\n  (let (( candidate sum_in_range))\n    (check-equal? (candidate 2 5) 8)\n    (check-equal? (candidate 5 7) 12)\n    (check-equal? (candidate 7 13) 40)\n))\n\n(test-humaneval)",
      "timestamp": 1666122585,
      "stdout": "",
      "stderr": "/tmp/tmpp8ikbrj0.rkt:4:0: read-syntax: expected a `)` to close `(`\n  possible cause: indentation suggests a missing `)` before line 13\n  context...:\n   /work/arjunguha-research-group/software/racket/collects/syntax/module-reader.rkt:186:17: body\n   /work/arjunguha-research-group/software/racket/collects/syntax/module-reader.rkt:183:2: wrap-internal\n   /work/arjunguha-research-group/software/racket/collects/racket/../syntax/module-reader.rkt:67:9: wrap-internal/wrapper\n",
      "exit_code": 1,
      "status": "SyntaxError"
    },
    {
      "program": "#lang racket\n\n;; Write a python function to find the sum of all odd natural numbers within the range l and r.\n(define (sum_in_range l r)\n  (cond\n    [(= l r) l]\n    [(odd? l) (+ l (sum_in_range (+ l 1) r))]\n    [else (sum_in_range (+ l 1) r)]))\n\n(require rackunit)\n\n(define (test-humaneval) \n\n  (let (( candidate sum_in_range))\n    (check-equal? (candidate 2 5) 8)\n    (check-equal? (candidate 5 7) 12)\n    (check-equal? (candidate 7 13) 40)\n))\n\n(test-humaneval)",
      "timestamp": 1666122585,
      "stdout": "",
      "stderr": "",
      "exit_code": 0,
      "status": "OK"
    },
    {
      "program": "#lang racket\n\n;; Write a python function to find the sum of all odd natural numbers within the range l and r.\n(define (sum_in_range l r)\n  (if (= l r)\n      l\n      (+ l (sum_in_range (+ l 1) r))))\n\n(require rackunit)\n\n(define (test-humaneval) \n\n  (let (( candidate sum_in_range))\n    (check-equal? (candidate 2 5) 8)\n    (check-equal? (candidate 5 7) 12)\n    (check-equal? (candidate 7 13) 40)\n))\n\n(test-humaneval)",
      "timestamp": 1666122585,
      "stdout": "",
      "stderr": "--------------------\nFAILURE\nname:       check-equal?\nlocation:   /tmp/tmpgkvc2nev.rkt:14:4\nactual:     14\nexpected:   8\n--------------------\n--------------------\nFAILURE\nname:       check-equal?\nlocation:   /tmp/tmpgkvc2nev.rkt:15:4\nactual:     18\nexpected:   12\n--------------------\n--------------------\nFAILURE\nname:       check-equal?\nlocation:   /tmp/tmpgkvc2nev.rkt:16:4\nactual:     70\nexpected:   40\n--------------------\n",
      "exit_code": 0,
      "status": "Exception"
    },
    {
      "program": "#lang racket\n\n;; Write a python function to find the sum of all odd natural numbers within the range l and r.\n(define (sum_in_range l r)\n  (if (&lt; l r)\n      (+ l (sum_in_range (+ l 2) r))\n      l))\n\n(require rackunit)\n\n(define (test-humaneval) \n\n  (let (( candidate sum_in_range))\n    (check-equal? (candidate 2 5) 8)\n    (check-equal? (candidate 5 7) 12)\n    (check-equal? (candidate 7 13) 40)\n))\n\n(test-humaneval)",
      "timestamp": 1666122585,
      "stdout": "",
      "stderr": "/tmp/tmpaiclbz0_.rkt:4:0: read-syntax: expected a `)` to close `(`\n  possible cause: indentation suggests a missing `)` before line 9\n  context...:\n   /work/arjunguha-research-group/software/racket/collects/syntax/module-reader.rkt:186:17: body\n   /work/arjunguha-research-group/software/racket/collects/syntax/module-reader.rkt:183:2: wrap-internal\n   /work/arjunguha-research-group/software/racket/collects/racket/../syntax/module-reader.rkt:67:9: wrap-internal/wrapper\n",
      "exit_code": 1,
      "status": "SyntaxError"
    },
    {
      "program": "#lang racket\n\n;; Write a python function to find the sum of all odd natural numbers within the range l and r.\n(define (sum_in_range l r)\n  (if (= l r)\n      (if (odd? l) l 0)\n      (if (odd? l)\n          (+ l (sum_in_range (+ l 1) r))\n          (sum_in_range (+ l 1) r))))\n\n(require rackunit)\n\n(define (test-humaneval) \n\n  (let (( candidate sum_in_range))\n    (check-equal? (candidate 2 5) 8)\n    (check-equal? (candidate 5 7) 12)\n    (check-equal? (candidate 7 13) 40)\n))\n\n(test-humaneval)",
      "timestamp": 1666122585,
      "stdout": "",
      "stderr": "",
      "exit_code": 0,
      "status": "OK"
    },
    {
      "program": "#lang racket\n\n;; Write a python function to find the sum of all odd natural numbers within the range l and r.\n(define (sum_in_range l r)\n  (if (> l r)\n      0\n      (+ (if (odd? l) l 0)\n         (sum_in_range (+ l 1) r))))\n\n(require rackunit)\n\n(define (test-humaneval) \n\n  (let (( candidate sum_in_range))\n    (check-equal? (candidate 2 5) 8)\n    (check-equal? (candidate 5 7) 12)\n    (check-equal? (candidate 7 13) 40)\n))\n\n(test-humaneval)",
      "timestamp": 1665509887,
      "stdout": "",
      "stderr": "",
      "exit_code": 0,
      "status": "OK"
    },
    {
      "program": "#lang racket\n\n;; Write a python function to find the sum of all odd natural numbers within the range l and r.\n(define (sum_in_range l r)\n  (if (= l r)\n      l\n      (if (odd? l)\n          (+ l (sum_in_range (+ l 1) r))\n          (sum_in_range (+ l 1) r))))\n\n(require rackunit)\n\n(define (test-humaneval) \n\n  (let (( candidate sum_in_range))\n    (check-equal? (candidate 2 5) 8)\n    (check-equal? (candidate 5 7) 12)\n    (check-equal? (candidate 7 13) 40)\n))\n\n(test-humaneval)",
      "timestamp": 1666122586,
      "stdout": "",
      "stderr": "",
      "exit_code": 0,
      "status": "OK"
    },
    {
      "program": "#lang racket\n\n;; Write a python function to find the sum of all odd natural numbers within the range l and r.\n(define (sum_in_range l r)\n  (if (= l r)\n      (if (odd? l) l 0)\n      (+ (if (odd? l) l 0) (sum_in_range (+ l 1) r))))\n\n(require rackunit)\n\n(define (test-humaneval) \n\n  (let (( candidate sum_in_range))\n    (check-equal? (candidate 2 5) 8)\n    (check-equal? (candidate 5 7) 12)\n    (check-equal? (candidate 7 13) 40)\n))\n\n(test-humaneval)",
      "timestamp": 1665509887,
      "stdout": "",
      "stderr": "",
      "exit_code": 0,
      "status": "OK"
    },
    {
      "program": "#lang racket\n\n;; Write a python function to find the sum of all odd natural numbers within the range l and r.\n(define (sum_in_range l r)\n  (let loop ([i l] [sum 0])\n    (if (&lt; i r)\n        (loop (+ i 1) (+ sum i))\n        sum)))\n\n(require rackunit)\n\n(define (test-humaneval) \n\n  (let (( candidate sum_in_range))\n    (check-equal? (candidate 2 5) 8)\n    (check-equal? (candidate 5 7) 12)\n    (check-equal? (candidate 7 13) 40)\n))\n\n(test-humaneval)",
      "timestamp": 1666122585,
      "stdout": "",
      "stderr": "/tmp/tmp6hduu33s.rkt:4:0: read-syntax: expected a `)` to close `(`\n  possible cause: indentation suggests a missing `)` before line 10\n  context...:\n   /work/arjunguha-research-group/software/racket/collects/syntax/module-reader.rkt:186:17: body\n   /work/arjunguha-research-group/software/racket/collects/syntax/module-reader.rkt:183:2: wrap-internal\n   /work/arjunguha-research-group/software/racket/collects/racket/../syntax/module-reader.rkt:67:9: wrap-internal/wrapper\n",
      "exit_code": 1,
      "status": "SyntaxError"
    },
    {
      "program": "#lang racket\n\n;; Write a python function to find the sum of all odd natural numbers within the range l and r.\n(define (sum_in_range l r)\n  (cond\n    [(= l r) l]\n    [(odd? l) (+ l (sum_in_range (+ l 1) r))]\n    [else (sum_in_range (+ l 1) r)]))\n\n(require rackunit)\n\n(define (test-humaneval) \n\n  (let (( candidate sum_in_range))\n    (check-equal? (candidate 2 5) 8)\n    (check-equal? (candidate 5 7) 12)\n    (check-equal? (candidate 7 13) 40)\n))\n\n(test-humaneval)",
      "timestamp": 1666122585,
      "stdout": "",
      "stderr": "",
      "exit_code": 0,
      "status": "OK"
    },
    {
      "program": "#lang racket\n\n;; Write a python function to find the sum of all odd natural numbers within the range l and r.\n(define (sum_in_range l r)\n  (if (= l r)\n      0\n      (if (odd? l)\n          (+ l (sum_in_range (+ l 1) r))\n          (sum_in_range (+ l 1) r))))\n\n(require rackunit)\n\n(define (test-humaneval) \n\n  (let (( candidate sum_in_range))\n    (check-equal? (candidate 2 5) 8)\n    (check-equal? (candidate 5 7) 12)\n    (check-equal? (candidate 7 13) 40)\n))\n\n(test-humaneval)",
      "timestamp": 1665509887,
      "stdout": "",
      "stderr": "--------------------\nFAILURE\nname:       check-equal?\nlocation:   /tmp/tmpssvbzcaf.rkt:16:4\nactual:     3\nexpected:   8\n--------------------\n--------------------\nFAILURE\nname:       check-equal?\nlocation:   /tmp/tmpssvbzcaf.rkt:17:4\nactual:     5\nexpected:   12\n--------------------\n--------------------\nFAILURE\nname:       check-equal?\nlocation:   /tmp/tmpssvbzcaf.rkt:18:4\nactual:     27\nexpected:   40\n--------------------\n",
      "exit_code": 0,
      "status": "Exception"
    },
    {
      "program": "#lang racket\n\n;; Write a python function to find the sum of all odd natural numbers within the range l and r.\n(define (sum_in_range l r)\n  (define (sum_in_range_helper l r acc)\n    (cond\n      [(> l r) acc]\n      [(odd? l) (sum_in_range_helper (+ l 1) r (+ acc l))]\n      [else (sum_in_range_helper (+ l 1) r acc)]))\n  (sum_in_range_helper l r 0))\n\n(require rackunit)\n\n(define (test-humaneval) \n\n  (let (( candidate sum_in_range))\n    (check-equal? (candidate 2 5) 8)\n    (check-equal? (candidate 5 7) 12)\n    (check-equal? (candidate 7 13) 40)\n))\n\n(test-humaneval)",
      "timestamp": 1666122586,
      "stdout": "",
      "stderr": "",
      "exit_code": 0,
      "status": "OK"
    },
    {
      "program": "#lang racket\n\n;; Write a python function to find the sum of all odd natural numbers within the range l and r.\n(define (sum_in_range l r)\n  (sum-odds l r 0))\n\n(require rackunit)\n\n(define (test-humaneval) \n\n  (let (( candidate sum_in_range))\n    (check-equal? (candidate 2 5) 8)\n    (check-equal? (candidate 5 7) 12)\n    (check-equal? (candidate 7 13) 40)\n))\n\n(test-humaneval)",
      "timestamp": 1666122586,
      "stdout": "",
      "stderr": "/tmp/tmp60gh6lla.rkt:5:3: sum-odds: unbound identifier\n  in: sum-odds\n  location...:\n   /tmp/tmp60gh6lla.rkt:5:3\n",
      "exit_code": 1,
      "status": "Exception"
    },
    {
      "program": "#lang racket\n\n;; Write a python function to find the sum of all odd natural numbers within the range l and r.\n(define (sum_in_range l r)\n  (let loop ([i l] [sum 0])\n    (if (&lt; i r)\n        (loop (+ i 1) (+ sum i))\n        sum)))\n\n(require rackunit)\n\n(define (test-humaneval) \n\n  (let (( candidate sum_in_range))\n    (check-equal? (candidate 2 5) 8)\n    (check-equal? (candidate 5 7) 12)\n    (check-equal? (candidate 7 13) 40)\n))\n\n(test-humaneval)",
      "timestamp": 1666122585,
      "stdout": "",
      "stderr": "/tmp/tmp6hduu33s.rkt:4:0: read-syntax: expected a `)` to close `(`\n  possible cause: indentation suggests a missing `)` before line 10\n  context...:\n   /work/arjunguha-research-group/software/racket/collects/syntax/module-reader.rkt:186:17: body\n   /work/arjunguha-research-group/software/racket/collects/syntax/module-reader.rkt:183:2: wrap-internal\n   /work/arjunguha-research-group/software/racket/collects/racket/../syntax/module-reader.rkt:67:9: wrap-internal/wrapper\n",
      "exit_code": 1,
      "status": "SyntaxError"
    },
    {
      "program": "#lang racket\n\n;; Write a python function to find the sum of all odd natural numbers within the range l and r.\n(define (sum_in_range l r)\n  (if (&gt; l r)\n      0\n      (if (odd? l)\n          (+ l (sum_in_range (+ l 1) r))\n          (sum_in_range (+ l 1) r))))\n\n(require rackunit)\n\n(define (test-humaneval) \n\n  (let (( candidate sum_in_range))\n    (check-equal? (candidate 2 5) 8)\n    (check-equal? (candidate 5 7) 12)\n    (check-equal? (candidate 7 13) 40)\n))\n\n(test-humaneval)",
      "timestamp": 1665509886,
      "stdout": "",
      "stderr": "/tmp/tmp0lwhlk9r.rkt:4:0: read-syntax: expected a `)` to close `(`\n  possible cause: indentation suggests a missing `)` before line 11\n  context...:\n   /work/arjunguha-research-group/software/racket/collects/syntax/module-reader.rkt:186:17: body\n   /work/arjunguha-research-group/software/racket/collects/syntax/module-reader.rkt:183:2: wrap-internal\n   /work/arjunguha-research-group/software/racket/collects/racket/../syntax/module-reader.rkt:67:9: wrap-internal/wrapper\n",
      "exit_code": 1,
      "status": "SyntaxError"
    },
    {
      "program": "#lang racket\n\n;; Write a python function to find the sum of all odd natural numbers within the range l and r.\n(define (sum_in_range l r)\n  (define (sum_in_range_iter l r sum)\n    (cond\n      [(= l r) (+ sum l)]\n      [(odd? l) (sum_in_range_iter (+ l 1) r (+ sum l))]\n      [else (sum_in_range_iter (+ l 1) r sum)]))\n  (sum_in_range_iter l r 0))\n\n(require rackunit)\n\n(define (test-humaneval) \n\n  (let (( candidate sum_in_range))\n    (check-equal? (candidate 2 5) 8)\n    (check-equal? (candidate 5 7) 12)\n    (check-equal? (candidate 7 13) 40)\n))\n\n(test-humaneval)",
      "timestamp": 1666122586,
      "stdout": "",
      "stderr": "",
      "exit_code": 0,
      "status": "OK"
    },
    {
      "program": "#lang racket\n\n;; Write a python function to find the sum of all odd natural numbers within the range l and r.\n(define (sum_in_range l r)\n  (if (= l r)\n      (if (odd? l)\n          l\n          0)\n      (if (odd? l)\n          (+ l (sum_in_range (+ l 1) r))\n          (sum_in_range (+ l 1) r))))\n\n(require rackunit)\n\n(define (test-humaneval) \n\n  (let (( candidate sum_in_range))\n    (check-equal? (candidate 2 5) 8)\n    (check-equal? (candidate 5 7) 12)\n    (check-equal? (candidate 7 13) 40)\n))\n\n(test-humaneval)",
      "timestamp": 1665509887,
      "stdout": "",
      "stderr": "",
      "exit_code": 0,
      "status": "OK"
    },
    {
      "program": "#lang racket\n\n;; Write a python function to find the sum of all odd natural numbers within the range l and r.\n(define (sum_in_range l r)\n  (define (sum_in_range_iter l r sum)\n    (if (&gt; l r)\n        sum\n        (if (odd? l)\n            (sum_in_range_iter (+ l 1) r (+ sum l))\n            (sum_in_range_iter (+ l 1) r sum))))\n  (sum_in_range_iter l r 0))\n\n(require rackunit)\n\n(define (test-humaneval) \n\n  (let (( candidate sum_in_range))\n    (check-equal? (candidate 2 5) 8)\n    (check-equal? (candidate 5 7) 12)\n    (check-equal? (candidate 7 13) 40)\n))\n\n(test-humaneval)",
      "timestamp": 1666122585,
      "stdout": "",
      "stderr": "/tmp/tmpaohvjc60.rkt:4:0: read-syntax: expected a `)` to close `(`\n  possible cause: indentation suggests a missing `)` before line 13\n  context...:\n   /work/arjunguha-research-group/software/racket/collects/syntax/module-reader.rkt:186:17: body\n   /work/arjunguha-research-group/software/racket/collects/syntax/module-reader.rkt:183:2: wrap-internal\n   /work/arjunguha-research-group/software/racket/collects/racket/../syntax/module-reader.rkt:67:9: wrap-internal/wrapper\n",
      "exit_code": 1,
      "status": "SyntaxError"
    },
    {
      "program": "#lang racket\n\n;; Write a python function to find the sum of all odd natural numbers within the range l and r.\n(define (sum_in_range l r)\n  (if (= l r)\n      (if (odd? l) l 0)\n      (if (odd? l) (+ l (sum_in_range (+ l 1) r))\n          (sum_in_range (+ l 1) r))))\n\n(require rackunit)\n\n(define (test-humaneval) \n\n  (let (( candidate sum_in_range))\n    (check-equal? (candidate 2 5) 8)\n    (check-equal? (candidate 5 7) 12)\n    (check-equal? (candidate 7 13) 40)\n))\n\n(test-humaneval)",
      "timestamp": 1666122586,
      "stdout": "",
      "stderr": "",
      "exit_code": 0,
      "status": "OK"
    },
    {
      "program": "#lang racket\n\n;; Write a python function to find the sum of all odd natural numbers within the range l and r.\n(define (sum_in_range l r)\n  (define (sum_in_range_iter l r sum)\n    (if (&gt; l r)\n        sum\n        (if (odd? l)\n            (sum_in_range_iter (+ l 1) r (+ sum l))\n            (sum_in_range_iter (+ l 1) r sum))))\n  (sum_in_range_iter l r 0))\n\n(require rackunit)\n\n(define (test-humaneval) \n\n  (let (( candidate sum_in_range))\n    (check-equal? (candidate 2 5) 8)\n    (check-equal? (candidate 5 7) 12)\n    (check-equal? (candidate 7 13) 40)\n))\n\n(test-humaneval)",
      "timestamp": 1666122585,
      "stdout": "",
      "stderr": "/tmp/tmpaohvjc60.rkt:4:0: read-syntax: expected a `)` to close `(`\n  possible cause: indentation suggests a missing `)` before line 13\n  context...:\n   /work/arjunguha-research-group/software/racket/collects/syntax/module-reader.rkt:186:17: body\n   /work/arjunguha-research-group/software/racket/collects/syntax/module-reader.rkt:183:2: wrap-internal\n   /work/arjunguha-research-group/software/racket/collects/racket/../syntax/module-reader.rkt:67:9: wrap-internal/wrapper\n",
      "exit_code": 1,
      "status": "SyntaxError"
    },
    {
      "program": "#lang racket\n\n;; Write a python function to find the sum of all odd natural numbers within the range l and r.\n(define (sum_in_range l r)\n  (define (sum_in_range_iter l r sum)\n    (if (&lt; l r)\n        (if (odd? l)\n            (sum_in_range_iter (+ l 1) r (+ sum l))\n            (sum_in_range_iter (+ l 1) r sum))\n        sum))\n  (sum_in_range_iter l r 0))\n\n(require rackunit)\n\n(define (test-humaneval) \n\n  (let (( candidate sum_in_range))\n    (check-equal? (candidate 2 5) 8)\n    (check-equal? (candidate 5 7) 12)\n    (check-equal? (candidate 7 13) 40)\n))\n\n(test-humaneval)",
      "timestamp": 1666122585,
      "stdout": "",
      "stderr": "/tmp/tmp_67xcfxw.rkt:4:0: read-syntax: expected a `)` to close `(`\n  possible cause: indentation suggests a missing `)` before line 13\n  context...:\n   /work/arjunguha-research-group/software/racket/collects/syntax/module-reader.rkt:186:17: body\n   /work/arjunguha-research-group/software/racket/collects/syntax/module-reader.rkt:183:2: wrap-internal\n   /work/arjunguha-research-group/software/racket/collects/racket/../syntax/module-reader.rkt:67:9: wrap-internal/wrapper\n",
      "exit_code": 1,
      "status": "SyntaxError"
    },
    {
      "program": "#lang racket\n\n;; Write a python function to find the sum of all odd natural numbers within the range l and r.\n(define (sum_in_range l r)\n  (cond [(< l r) (+ l (sum_in_range (+ l 1) r))]\n        [(= l r) l]\n        [(> l r) 0]))\n\n(require rackunit)\n\n(define (test-humaneval) \n\n  (let (( candidate sum_in_range))\n    (check-equal? (candidate 2 5) 8)\n    (check-equal? (candidate 5 7) 12)\n    (check-equal? (candidate 7 13) 40)\n))\n\n(test-humaneval)",
      "timestamp": 1666122586,
      "stdout": "",
      "stderr": "--------------------\nFAILURE\nname:       check-equal?\nlocation:   /tmp/tmp9sq2f1kp.rkt:14:4\nactual:     14\nexpected:   8\n--------------------\n--------------------\nFAILURE\nname:       check-equal?\nlocation:   /tmp/tmp9sq2f1kp.rkt:15:4\nactual:     18\nexpected:   12\n--------------------\n--------------------\nFAILURE\nname:       check-equal?\nlocation:   /tmp/tmp9sq2f1kp.rkt:16:4\nactual:     70\nexpected:   40\n--------------------\n",
      "exit_code": 0,
      "status": "Exception"
    },
    {
      "program": "#lang racket\n\n;; Write a python function to find the sum of all odd natural numbers within the range l and r.\n(define (sum_in_range l r)\n  (sum (filter odd? (range l r))))\n\n(require rackunit)\n\n(define (test-humaneval) \n\n  (let (( candidate sum_in_range))\n    (check-equal? (candidate 2 5) 8)\n    (check-equal? (candidate 5 7) 12)\n    (check-equal? (candidate 7 13) 40)\n))\n\n(test-humaneval)",
      "timestamp": 1666122586,
      "stdout": "",
      "stderr": "/tmp/tmpi28b38z8.rkt:5:3: sum: unbound identifier\n  in: sum\n  location...:\n   /tmp/tmpi28b38z8.rkt:5:3\n",
      "exit_code": 1,
      "status": "Exception"
    },
    {
      "program": "#lang racket\n\n;; Write a python function to find the sum of all odd natural numbers within the range l and r.\n(define (sum_in_range l r)\n  (if (&gt; l r)\n      0\n      (+ l (sum_in_range (+ l 2) r))))\n\n(require rackunit)\n\n(define (test-humaneval) \n\n  (let (( candidate sum_in_range))\n    (check-equal? (candidate 2 5) 8)\n    (check-equal? (candidate 5 7) 12)\n    (check-equal? (candidate 7 13) 40)\n))\n\n(test-humaneval)",
      "timestamp": 1666122585,
      "stdout": "",
      "stderr": "/tmp/tmpkcecbfzk.rkt:4:0: read-syntax: expected a `)` to close `(`\n  possible cause: indentation suggests a missing `)` before line 9\n  context...:\n   /work/arjunguha-research-group/software/racket/collects/syntax/module-reader.rkt:186:17: body\n   /work/arjunguha-research-group/software/racket/collects/syntax/module-reader.rkt:183:2: wrap-internal\n   /work/arjunguha-research-group/software/racket/collects/racket/../syntax/module-reader.rkt:67:9: wrap-internal/wrapper\n",
      "exit_code": 1,
      "status": "SyntaxError"
    },
    {
      "program": "#lang racket\n\n;; Write a python function to find the sum of all odd natural numbers within the range l and r.\n(define (sum_in_range l r)\n  (if (> l r)\n      0\n      (+ (if (odd? l) l 0)\n         (sum_in_range (+ l 1) r))))\n\n(require rackunit)\n\n(define (test-humaneval) \n\n  (let (( candidate sum_in_range))\n    (check-equal? (candidate 2 5) 8)\n    (check-equal? (candidate 5 7) 12)\n    (check-equal? (candidate 7 13) 40)\n))\n\n(test-humaneval)",
      "timestamp": 1665509887,
      "stdout": "",
      "stderr": "",
      "exit_code": 0,
      "status": "OK"
    },
    {
      "program": "#lang racket\n\n;; Write a python function to find the sum of all odd natural numbers within the range l and r.\n(define (sum_in_range l r)\n  (if (&gt; l r)\n      0\n      (if (odd? l)\n          (+ l (sum_in_range (+ l 1) r))\n          (sum_in_range (+ l 1) r))))\n\n(require rackunit)\n\n(define (test-humaneval) \n\n  (let (( candidate sum_in_range))\n    (check-equal? (candidate 2 5) 8)\n    (check-equal? (candidate 5 7) 12)\n    (check-equal? (candidate 7 13) 40)\n))\n\n(test-humaneval)",
      "timestamp": 1665509886,
      "stdout": "",
      "stderr": "/tmp/tmp0lwhlk9r.rkt:4:0: read-syntax: expected a `)` to close `(`\n  possible cause: indentation suggests a missing `)` before line 11\n  context...:\n   /work/arjunguha-research-group/software/racket/collects/syntax/module-reader.rkt:186:17: body\n   /work/arjunguha-research-group/software/racket/collects/syntax/module-reader.rkt:183:2: wrap-internal\n   /work/arjunguha-research-group/software/racket/collects/racket/../syntax/module-reader.rkt:67:9: wrap-internal/wrapper\n",
      "exit_code": 1,
      "status": "SyntaxError"
    },
    {
      "program": "#lang racket\n\n;; Write a python function to find the sum of all odd natural numbers within the range l and r.\n(define (sum_in_range l r)\n  (cond\n    [(= l r) (if (odd? l) l 0)]\n    [(odd? l) (+ l (sum_in_range (+ l 1) r))]\n    [else (sum_in_range (+ l 1) r)]))\n\n(require rackunit)\n\n(define (test-humaneval) \n\n  (let (( candidate sum_in_range))\n    (check-equal? (candidate 2 5) 8)\n    (check-equal? (candidate 5 7) 12)\n    (check-equal? (candidate 7 13) 40)\n))\n\n(test-humaneval)",
      "timestamp": 1666122586,
      "stdout": "",
      "stderr": "",
      "exit_code": 0,
      "status": "OK"
    },
    {
      "program": "#lang racket\n\n;; Write a python function to find the sum of all odd natural numbers within the range l and r.\n(define (sum_in_range l r)\n  (define (sum_in_range_iter l r acc)\n    (cond\n      [(> l r) acc]\n      [(odd? l) (sum_in_range_iter (+ l 1) r (+ acc l))]\n      [else (sum_in_range_iter (+ l 1) r acc)]))\n  (sum_in_range_iter l r 0))\n\n(require rackunit)\n\n(define (test-humaneval) \n\n  (let (( candidate sum_in_range))\n    (check-equal? (candidate 2 5) 8)\n    (check-equal? (candidate 5 7) 12)\n    (check-equal? (candidate 7 13) 40)\n))\n\n(test-humaneval)",
      "timestamp": 1666122586,
      "stdout": "",
      "stderr": "",
      "exit_code": 0,
      "status": "OK"
    },
    {
      "program": "#lang racket\n\n;; Write a python function to find the sum of all odd natural numbers within the range l and r.\n(define (sum_in_range l r)\n  (define (sum_in_range_iter l r sum)\n    (cond\n      [(> l r) sum]\n      [(even? l) (sum_in_range_iter (+ l 1) r sum)]\n      [else (sum_in_range_iter (+ l 1) r (+ sum l))]))\n  (sum_in_range_iter l r 0))\n\n(require rackunit)\n\n(define (test-humaneval) \n\n  (let (( candidate sum_in_range))\n    (check-equal? (candidate 2 5) 8)\n    (check-equal? (candidate 5 7) 12)\n    (check-equal? (candidate 7 13) 40)\n))\n\n(test-humaneval)",
      "timestamp": 1666122586,
      "stdout": "",
      "stderr": "",
      "exit_code": 0,
      "status": "OK"
    },
    {
      "program": "#lang racket\n\n;; Write a python function to find the sum of all odd natural numbers within the range l and r.\n(define (sum_in_range l r)\n  (if (&lt; l r)\n      (+ l (sum_in_range (+ l 1) r))\n      l))\n\n(require rackunit)\n\n(define (test-humaneval) \n\n  (let (( candidate sum_in_range))\n    (check-equal? (candidate 2 5) 8)\n    (check-equal? (candidate 5 7) 12)\n    (check-equal? (candidate 7 13) 40)\n))\n\n(test-humaneval)",
      "timestamp": 1665509886,
      "stdout": "",
      "stderr": "/tmp/tmpjjalu85y.rkt:4:0: read-syntax: expected a `)` to close `(`\n  possible cause: indentation suggests a missing `)` before line 9\n  context...:\n   /work/arjunguha-research-group/software/racket/collects/syntax/module-reader.rkt:186:17: body\n   /work/arjunguha-research-group/software/racket/collects/syntax/module-reader.rkt:183:2: wrap-internal\n   /work/arjunguha-research-group/software/racket/collects/racket/../syntax/module-reader.rkt:67:9: wrap-internal/wrapper\n",
      "exit_code": 1,
      "status": "SyntaxError"
    },
    {
      "program": "#lang racket\n\n;; Write a python function to find the sum of all odd natural numbers within the range l and r.\n(define (sum_in_range l r)\n  (cond [(= l r) l]\n        [(= (remainder l 2) 1) (+ l (sum_in_range (+ l 1) r))]\n        [else (sum_in_range (+ l 1) r)]))\n\n(require rackunit)\n\n(define (test-humaneval) \n\n  (let (( candidate sum_in_range))\n    (check-equal? (candidate 2 5) 8)\n    (check-equal? (candidate 5 7) 12)\n    (check-equal? (candidate 7 13) 40)\n))\n\n(test-humaneval)",
      "timestamp": 1666122586,
      "stdout": "",
      "stderr": "",
      "exit_code": 0,
      "status": "OK"
    },
    {
      "program": "#lang racket\n\n;; Write a python function to find the sum of all odd natural numbers within the range l and r.\n(define (sum_in_range l r)\n  (if (&lt; l r)\n      (+ l (sum_in_range (+ l 2) r))\n      l))\n\n(require rackunit)\n\n(define (test-humaneval) \n\n  (let (( candidate sum_in_range))\n    (check-equal? (candidate 2 5) 8)\n    (check-equal? (candidate 5 7) 12)\n    (check-equal? (candidate 7 13) 40)\n))\n\n(test-humaneval)",
      "timestamp": 1666122585,
      "stdout": "",
      "stderr": "/tmp/tmpaiclbz0_.rkt:4:0: read-syntax: expected a `)` to close `(`\n  possible cause: indentation suggests a missing `)` before line 9\n  context...:\n   /work/arjunguha-research-group/software/racket/collects/syntax/module-reader.rkt:186:17: body\n   /work/arjunguha-research-group/software/racket/collects/syntax/module-reader.rkt:183:2: wrap-internal\n   /work/arjunguha-research-group/software/racket/collects/racket/../syntax/module-reader.rkt:67:9: wrap-internal/wrapper\n",
      "exit_code": 1,
      "status": "SyntaxError"
    },
    {
      "program": "#lang racket\n\n;; Write a python function to find the sum of all odd natural numbers within the range l and r.\n(define (sum_in_range l r)\n  (define (sum_in_range_iter l r sum)\n    (cond\n      [(> l r) sum]\n      [(odd? l) (sum_in_range_iter (+ l 1) r (+ sum l))]\n      [else (sum_in_range_iter (+ l 1) r sum)]))\n  (sum_in_range_iter l r 0))\n\n(require rackunit)\n\n(define (test-humaneval) \n\n  (let (( candidate sum_in_range))\n    (check-equal? (candidate 2 5) 8)\n    (check-equal? (candidate 5 7) 12)\n    (check-equal? (candidate 7 13) 40)\n))\n\n(test-humaneval)",
      "timestamp": 1666122586,
      "stdout": "",
      "stderr": "",
      "exit_code": 0,
      "status": "OK"
    },
    {
      "program": "#lang racket\n\n;; Write a python function to find the sum of all odd natural numbers within the range l and r.\n(define (sum_in_range l r)\n  (define (sum_in_range_iter l r sum)\n    (cond\n      [(> l r) sum]\n      [(odd? l) (sum_in_range_iter (+ l 1) r (+ sum l))]\n      [else (sum_in_range_iter (+ l 1) r sum)]))\n  (sum_in_range_iter l r 0))\n\n(require rackunit)\n\n(define (test-humaneval) \n\n  (let (( candidate sum_in_range))\n    (check-equal? (candidate 2 5) 8)\n    (check-equal? (candidate 5 7) 12)\n    (check-equal? (candidate 7 13) 40)\n))\n\n(test-humaneval)",
      "timestamp": 1666122586,
      "stdout": "",
      "stderr": "",
      "exit_code": 0,
      "status": "OK"
    },
    {
      "program": "#lang racket\n\n;; Write a python function to find the sum of all odd natural numbers within the range l and r.\n(define (sum_in_range l r)\n  (if (&gt; l r)\n      0\n      (+ (if (odd? l) l 0) (sum_in_range (+ l 1) r))))\n\n(require rackunit)\n\n(define (test-humaneval) \n\n  (let (( candidate sum_in_range))\n    (check-equal? (candidate 2 5) 8)\n    (check-equal? (candidate 5 7) 12)\n    (check-equal? (candidate 7 13) 40)\n))\n\n(test-humaneval)",
      "timestamp": 1666122585,
      "stdout": "",
      "stderr": "/tmp/tmpydvuckdv.rkt:4:0: read-syntax: expected a `)` to close `(`\n  possible cause: indentation suggests a missing `)` before line 9\n  context...:\n   /work/arjunguha-research-group/software/racket/collects/syntax/module-reader.rkt:186:17: body\n   /work/arjunguha-research-group/software/racket/collects/syntax/module-reader.rkt:183:2: wrap-internal\n   /work/arjunguha-research-group/software/racket/collects/racket/../syntax/module-reader.rkt:67:9: wrap-internal/wrapper\n",
      "exit_code": 1,
      "status": "SyntaxError"
    },
    {
      "program": "#lang racket\n\n;; Write a python function to find the sum of all odd natural numbers within the range l and r.\n(define (sum_in_range l r)\n  (let loop ((i l) (sum 0))\n    (if (&gt; i r)\n        sum\n        (loop (+ i 1) (+ sum (if (odd? i) i 0))))))\n\n(require rackunit)\n\n(define (test-humaneval) \n\n  (let (( candidate sum_in_range))\n    (check-equal? (candidate 2 5) 8)\n    (check-equal? (candidate 5 7) 12)\n    (check-equal? (candidate 7 13) 40)\n))\n\n(test-humaneval)",
      "timestamp": 1666122586,
      "stdout": "",
      "stderr": "/tmp/tmpv7enar_l.rkt:4:0: read-syntax: expected a `)` to close `(`\n  possible cause: indentation suggests a missing `)` before line 10\n  context...:\n   /work/arjunguha-research-group/software/racket/collects/syntax/module-reader.rkt:186:17: body\n   /work/arjunguha-research-group/software/racket/collects/syntax/module-reader.rkt:183:2: wrap-internal\n   /work/arjunguha-research-group/software/racket/collects/racket/../syntax/module-reader.rkt:67:9: wrap-internal/wrapper\n",
      "exit_code": 1,
      "status": "SyntaxError"
    },
    {
      "program": "#lang racket\n\n;; Write a python function to find the sum of all odd natural numbers within the range l and r.\n(define (sum_in_range l r)\n  (if (= l r)\n      (if (odd? l) l 0)\n      (+ (if (odd? l) l 0) (sum_in_range (+ l 1) r))))\n\n(require rackunit)\n\n(define (test-humaneval) \n\n  (let (( candidate sum_in_range))\n    (check-equal? (candidate 2 5) 8)\n    (check-equal? (candidate 5 7) 12)\n    (check-equal? (candidate 7 13) 40)\n))\n\n(test-humaneval)",
      "timestamp": 1665509887,
      "stdout": "",
      "stderr": "",
      "exit_code": 0,
      "status": "OK"
    },
    {
      "program": "#lang racket\n\n;; Write a python function to find the sum of all odd natural numbers within the range l and r.\n(define (sum_in_range l r)\n  (if (odd? r)\n      (+ r (sum_in_range l (- r 1)))\n      (if (odd? l)\n          (+ l (sum_in_range (+ l 1) r))\n          0)))\n\n(require rackunit)\n\n(define (test-humaneval) \n\n  (let (( candidate sum_in_range))\n    (check-equal? (candidate 2 5) 8)\n    (check-equal? (candidate 5 7) 12)\n    (check-equal? (candidate 7 13) 40)\n))\n\n(test-humaneval)",
      "timestamp": 1666122586,
      "stdout": "",
      "stderr": "--------------------\nFAILURE\nname:       check-equal?\nlocation:   /tmp/tmp99pz_c7d.rkt:16:4\nactual:     5\nexpected:   8\n--------------------\n--------------------\nFAILURE\nname:       check-equal?\nlocation:   /tmp/tmp99pz_c7d.rkt:18:4\nactual:     20\nexpected:   40\n--------------------\n",
      "exit_code": 0,
      "status": "Exception"
    },
    {
      "program": "#lang racket\n\n;; Write a python function to find the sum of all odd natural numbers within the range l and r.\n(define (sum_in_range l r)\n  (if (&gt; l r)\n      0\n      (if (odd? l)\n          (+ l (sum_in_range (+ l 1) r))\n          (sum_in_range (+ l 1) r))))\n\n(require rackunit)\n\n(define (test-humaneval) \n\n  (let (( candidate sum_in_range))\n    (check-equal? (candidate 2 5) 8)\n    (check-equal? (candidate 5 7) 12)\n    (check-equal? (candidate 7 13) 40)\n))\n\n(test-humaneval)",
      "timestamp": 1665509886,
      "stdout": "",
      "stderr": "/tmp/tmp0lwhlk9r.rkt:4:0: read-syntax: expected a `)` to close `(`\n  possible cause: indentation suggests a missing `)` before line 11\n  context...:\n   /work/arjunguha-research-group/software/racket/collects/syntax/module-reader.rkt:186:17: body\n   /work/arjunguha-research-group/software/racket/collects/syntax/module-reader.rkt:183:2: wrap-internal\n   /work/arjunguha-research-group/software/racket/collects/racket/../syntax/module-reader.rkt:67:9: wrap-internal/wrapper\n",
      "exit_code": 1,
      "status": "SyntaxError"
    },
    {
      "program": "#lang racket\n\n;; Write a python function to find the sum of all odd natural numbers within the range l and r.\n(define (sum_in_range l r)\n  (if (&lt; l r)\n      (+ (if (odd? l) l 0) (sum_in_range (+ l 1) r))\n      (if (odd? l) l 0)))\n\n(require rackunit)\n\n(define (test-humaneval) \n\n  (let (( candidate sum_in_range))\n    (check-equal? (candidate 2 5) 8)\n    (check-equal? (candidate 5 7) 12)\n    (check-equal? (candidate 7 13) 40)\n))\n\n(test-humaneval)",
      "timestamp": 1665509886,
      "stdout": "",
      "stderr": "/tmp/tmpolatjvhn.rkt:4:0: read-syntax: expected a `)` to close `(`\n  possible cause: indentation suggests a missing `)` before line 9\n  context...:\n   /work/arjunguha-research-group/software/racket/collects/syntax/module-reader.rkt:186:17: body\n   /work/arjunguha-research-group/software/racket/collects/syntax/module-reader.rkt:183:2: wrap-internal\n   /work/arjunguha-research-group/software/racket/collects/racket/../syntax/module-reader.rkt:67:9: wrap-internal/wrapper\n",
      "exit_code": 1,
      "status": "SyntaxError"
    },
    {
      "program": "#lang racket\n\n;; Write a python function to find the sum of all odd natural numbers within the range l and r.\n(define (sum_in_range l r)\n  (if (= l r)\n      (if (odd? l)\n          l\n          0)\n      (if (odd? l)\n          (+ l (sum_in_range (+ l 1) r))\n          (sum_in_range (+ l 1) r))))\n\n(require rackunit)\n\n(define (test-humaneval) \n\n  (let (( candidate sum_in_range))\n    (check-equal? (candidate 2 5) 8)\n    (check-equal? (candidate 5 7) 12)\n    (check-equal? (candidate 7 13) 40)\n))\n\n(test-humaneval)",
      "timestamp": 1665509887,
      "stdout": "",
      "stderr": "",
      "exit_code": 0,
      "status": "OK"
    },
    {
      "program": "#lang racket\n\n;; Write a python function to find the sum of all odd natural numbers within the range l and r.\n(define (sum_in_range l r)\n  (if (or (= l r) (= l (+ r 1)))\n      0\n      (if (odd? l)\n          (+ l (sum_in_range (+ l 1) r))\n          (sum_in_range (+ l 1) r))))\n\n(require rackunit)\n\n(define (test-humaneval) \n\n  (let (( candidate sum_in_range))\n    (check-equal? (candidate 2 5) 8)\n    (check-equal? (candidate 5 7) 12)\n    (check-equal? (candidate 7 13) 40)\n))\n\n(test-humaneval)",
      "timestamp": 1666122586,
      "stdout": "",
      "stderr": "--------------------\nFAILURE\nname:       check-equal?\nlocation:   /tmp/tmpqohiz33_.rkt:16:4\nactual:     3\nexpected:   8\n--------------------\n--------------------\nFAILURE\nname:       check-equal?\nlocation:   /tmp/tmpqohiz33_.rkt:17:4\nactual:     5\nexpected:   12\n--------------------\n--------------------\nFAILURE\nname:       check-equal?\nlocation:   /tmp/tmpqohiz33_.rkt:18:4\nactual:     27\nexpected:   40\n--------------------\n",
      "exit_code": 0,
      "status": "Exception"
    },
    {
      "program": "#lang racket\n\n;; Write a python function to find the sum of all odd natural numbers within the range l and r.\n(define (sum_in_range l r)\n  (if (&gt; l r)\n      0\n      (+ l (sum_in_range (+ l 2) r))))\n\n(require rackunit)\n\n(define (test-humaneval) \n\n  (let (( candidate sum_in_range))\n    (check-equal? (candidate 2 5) 8)\n    (check-equal? (candidate 5 7) 12)\n    (check-equal? (candidate 7 13) 40)\n))\n\n(test-humaneval)",
      "timestamp": 1666122585,
      "stdout": "",
      "stderr": "/tmp/tmpkcecbfzk.rkt:4:0: read-syntax: expected a `)` to close `(`\n  possible cause: indentation suggests a missing `)` before line 9\n  context...:\n   /work/arjunguha-research-group/software/racket/collects/syntax/module-reader.rkt:186:17: body\n   /work/arjunguha-research-group/software/racket/collects/syntax/module-reader.rkt:183:2: wrap-internal\n   /work/arjunguha-research-group/software/racket/collects/racket/../syntax/module-reader.rkt:67:9: wrap-internal/wrapper\n",
      "exit_code": 1,
      "status": "SyntaxError"
    },
    {
      "program": "#lang racket\n\n;; Write a python function to find the sum of all odd natural numbers within the range l and r.\n(define (sum_in_range l r)\n  (cond [(= l r) l]\n        [(= (remainder l 2) 1) (+ l (sum_in_range (+ l 1) r))]\n        [else (sum_in_range (+ l 1) r)]))\n\n(require rackunit)\n\n(define (test-humaneval) \n\n  (let (( candidate sum_in_range))\n    (check-equal? (candidate 2 5) 8)\n    (check-equal? (candidate 5 7) 12)\n    (check-equal? (candidate 7 13) 40)\n))\n\n(test-humaneval)",
      "timestamp": 1666122586,
      "stdout": "",
      "stderr": "",
      "exit_code": 0,
      "status": "OK"
    },
    {
      "program": "#lang racket\n\n;; Write a python function to find the sum of all odd natural numbers within the range l and r.\n(define (sum_in_range l r)\n  (cond\n    [(= l r) (if (odd? l) l 0)]\n    [(odd? l) (+ l (sum_in_range (+ l 1) r))]\n    [else (sum_in_range (+ l 1) r)]))\n\n(require rackunit)\n\n(define (test-humaneval) \n\n  (let (( candidate sum_in_range))\n    (check-equal? (candidate 2 5) 8)\n    (check-equal? (candidate 5 7) 12)\n    (check-equal? (candidate 7 13) 40)\n))\n\n(test-humaneval)",
      "timestamp": 1666122586,
      "stdout": "",
      "stderr": "",
      "exit_code": 0,
      "status": "OK"
    },
    {
      "program": "#lang racket\n\n;; Write a python function to find the sum of all odd natural numbers within the range l and r.\n(define (sum_in_range l r)\n  (if (= l r)\n      (if (odd? l) l 0)\n      (+ (if (odd? l) l 0) (sum_in_range (+ l 1) r))))\n\n(require rackunit)\n\n(define (test-humaneval) \n\n  (let (( candidate sum_in_range))\n    (check-equal? (candidate 2 5) 8)\n    (check-equal? (candidate 5 7) 12)\n    (check-equal? (candidate 7 13) 40)\n))\n\n(test-humaneval)",
      "timestamp": 1665509887,
      "stdout": "",
      "stderr": "",
      "exit_code": 0,
      "status": "OK"
    },
    {
      "program": "#lang racket\n\n;; Write a python function to find the sum of all odd natural numbers within the range l and r.\n(define (sum_in_range l r)\n  (define (sum-of-odds l r)\n    (if (odd? l)\n        (+ l (sum-of-odds (+ l 1) r))\n        (sum-of-odds (+ l 1) r)))\n  (sum-of-odds l r))\n\n(require rackunit)\n\n(define (test-humaneval) \n\n  (let (( candidate sum_in_range))\n    (check-equal? (candidate 2 5) 8)\n    (check-equal? (candidate 5 7) 12)\n    (check-equal? (candidate 7 13) 40)\n))\n\n(test-humaneval)",
      "timestamp": 1666122600,
      "stdout": "",
      "stderr": "",
      "exit_code": -1,
      "status": "Exception"
    },
    {
      "program": "#lang racket\n\n;; Write a python function to find the sum of all odd natural numbers within the range l and r.\n(define (sum_in_range l r)\n  (cond\n    [(= l r) l]\n    [(= (remainder l 2) 1) (+ l (sum_in_range (+ l 1) r))]\n    [else (sum_in_range (+ l 1) r)]))\n\n(require rackunit)\n\n(define (test-humaneval) \n\n  (let (( candidate sum_in_range))\n    (check-equal? (candidate 2 5) 8)\n    (check-equal? (candidate 5 7) 12)\n    (check-equal? (candidate 7 13) 40)\n))\n\n(test-humaneval)",
      "timestamp": 1666122586,
      "stdout": "",
      "stderr": "",
      "exit_code": 0,
      "status": "OK"
    },
    {
      "program": "#lang racket\n\n;; Write a python function to find the sum of all odd natural numbers within the range l and r.\n(define (sum_in_range l r)\n  (cond\n    [(= l r) (if (odd? l) l 0)]\n    [(odd? l) (+ l (sum_in_range (+ l 1) r))]\n    [else (sum_in_range (+ l 1) r)]))\n\n(require rackunit)\n\n(define (test-humaneval) \n\n  (let (( candidate sum_in_range))\n    (check-equal? (candidate 2 5) 8)\n    (check-equal? (candidate 5 7) 12)\n    (check-equal? (candidate 7 13) 40)\n))\n\n(test-humaneval)",
      "timestamp": 1666122586,
      "stdout": "",
      "stderr": "",
      "exit_code": 0,
      "status": "OK"
    },
    {
      "program": "#lang racket\n\n;; Write a python function to find the sum of all odd natural numbers within the range l and r.\n(define (sum_in_range l r)\n  (define (sum_in_range_iter l r sum)\n    (if (&gt; l r)\n        sum\n        (if (odd? l)\n            (sum_in_range_iter (+ l 1) r (+ sum l))\n            (sum_in_range_iter (+ l 1) r sum))))\n  (sum_in_range_iter l r 0))\n</code>\n\n(require rackunit)\n\n(define (test-humaneval) \n\n  (let (( candidate sum_in_range))\n    (check-equal? (candidate 2 5) 8)\n    (check-equal? (candidate 5 7) 12)\n    (check-equal? (candidate 7 13) 40)\n))\n\n(test-humaneval)",
      "timestamp": 1666122586,
      "stdout": "",
      "stderr": "/tmp/tmp1mmwbl75.rkt:4:0: read-syntax: expected a `)` to close `(`\n  possible cause: indentation suggests a missing `)` before line 12\n  context...:\n   /work/arjunguha-research-group/software/racket/collects/syntax/module-reader.rkt:186:17: body\n   /work/arjunguha-research-group/software/racket/collects/syntax/module-reader.rkt:183:2: wrap-internal\n   /work/arjunguha-research-group/software/racket/collects/racket/../syntax/module-reader.rkt:67:9: wrap-internal/wrapper\n",
      "exit_code": 1,
      "status": "SyntaxError"
    },
    {
      "program": "#lang racket\n\n;; Write a python function to find the sum of all odd natural numbers within the range l and r.\n(define (sum_in_range l r)\n  (cond [(> l r) 0]\n        [(odd? l) (+ l (sum_in_range (+ l 1) r))]\n        [else (sum_in_range (+ l 1) r)]))\n\n(require rackunit)\n\n(define (test-humaneval) \n\n  (let (( candidate sum_in_range))\n    (check-equal? (candidate 2 5) 8)\n    (check-equal? (candidate 5 7) 12)\n    (check-equal? (candidate 7 13) 40)\n))\n\n(test-humaneval)",
      "timestamp": 1666122586,
      "stdout": "",
      "stderr": "",
      "exit_code": 0,
      "status": "OK"
    },
    {
      "program": "#lang racket\n\n;; Write a python function to find the sum of all odd natural numbers within the range l and r.\n(define (sum_in_range l r)\n  (if (&gt; l r)\n      0\n      (+ (if (odd? l) l 0)\n         (sum_in_range (+ l 1) r))))\n\n(require rackunit)\n\n(define (test-humaneval) \n\n  (let (( candidate sum_in_range))\n    (check-equal? (candidate 2 5) 8)\n    (check-equal? (candidate 5 7) 12)\n    (check-equal? (candidate 7 13) 40)\n))\n\n(test-humaneval)",
      "timestamp": 1665509887,
      "stdout": "",
      "stderr": "/tmp/tmppuodeigi.rkt:4:0: read-syntax: expected a `)` to close `(`\n  possible cause: indentation suggests a missing `)` before line 10\n  context...:\n   /work/arjunguha-research-group/software/racket/collects/syntax/module-reader.rkt:186:17: body\n   /work/arjunguha-research-group/software/racket/collects/syntax/module-reader.rkt:183:2: wrap-internal\n   /work/arjunguha-research-group/software/racket/collects/racket/../syntax/module-reader.rkt:67:9: wrap-internal/wrapper\n",
      "exit_code": 1,
      "status": "SyntaxError"
    },
    {
      "program": "#lang racket\n\n;; Write a python function to find the sum of all odd natural numbers within the range l and r.\n(define (sum_in_range l r)\n  (if (odd? l)\n      (+ l (sum_in_range (+ l 2) r))\n      (if (= l r)\n          0\n          (sum_in_range (+ l 1) r))))\n\n(require rackunit)\n\n(define (test-humaneval) \n\n  (let (( candidate sum_in_range))\n    (check-equal? (candidate 2 5) 8)\n    (check-equal? (candidate 5 7) 12)\n    (check-equal? (candidate 7 13) 40)\n))\n\n(test-humaneval)",
      "timestamp": 1666122600,
      "stdout": "",
      "stderr": "",
      "exit_code": -1,
      "status": "Exception"
    },
    {
      "program": "#lang racket\n\n;; Write a python function to find the sum of all odd natural numbers within the range l and r.\n(define (sum_in_range l r)\n  (define (sum_in_range_helper l r acc)\n    (if (&gt; l r)\n        acc\n        (if (odd? l)\n            (sum_in_range_helper (+ l 1) r (+ acc l))\n            (sum_in_range_helper (+ l 1) r acc))))\n  (sum_in_range_helper l r 0))\n\n(require rackunit)\n\n(define (test-humaneval) \n\n  (let (( candidate sum_in_range))\n    (check-equal? (candidate 2 5) 8)\n    (check-equal? (candidate 5 7) 12)\n    (check-equal? (candidate 7 13) 40)\n))\n\n(test-humaneval)",
      "timestamp": 1666122586,
      "stdout": "",
      "stderr": "/tmp/tmppxlpwn9k.rkt:4:0: read-syntax: expected a `)` to close `(`\n  possible cause: indentation suggests a missing `)` before line 13\n  context...:\n   /work/arjunguha-research-group/software/racket/collects/syntax/module-reader.rkt:186:17: body\n   /work/arjunguha-research-group/software/racket/collects/syntax/module-reader.rkt:183:2: wrap-internal\n   /work/arjunguha-research-group/software/racket/collects/racket/../syntax/module-reader.rkt:67:9: wrap-internal/wrapper\n",
      "exit_code": 1,
      "status": "SyntaxError"
    },
    {
      "program": "#lang racket\n\n;; Write a python function to find the sum of all odd natural numbers within the range l and r.\n(define (sum_in_range l r)\n  (define (sum_in_range_iter l r sum)\n    (if (&gt; l r)\n        sum\n        (if (odd? l)\n            (sum_in_range_iter (+ l 1) r (+ l sum))\n            (sum_in_range_iter (+ l 1) r sum))))\n  (sum_in_range_iter l r 0))\n\n(require rackunit)\n\n(define (test-humaneval) \n\n  (let (( candidate sum_in_range))\n    (check-equal? (candidate 2 5) 8)\n    (check-equal? (candidate 5 7) 12)\n    (check-equal? (candidate 7 13) 40)\n))\n\n(test-humaneval)",
      "timestamp": 1666122586,
      "stdout": "",
      "stderr": "/tmp/tmp55xiwliy.rkt:4:0: read-syntax: expected a `)` to close `(`\n  possible cause: indentation suggests a missing `)` before line 13\n  context...:\n   /work/arjunguha-research-group/software/racket/collects/syntax/module-reader.rkt:186:17: body\n   /work/arjunguha-research-group/software/racket/collects/syntax/module-reader.rkt:183:2: wrap-internal\n   /work/arjunguha-research-group/software/racket/collects/racket/../syntax/module-reader.rkt:67:9: wrap-internal/wrapper\n",
      "exit_code": 1,
      "status": "SyntaxError"
    },
    {
      "program": "#lang racket\n\n;; Write a python function to find the sum of all odd natural numbers within the range l and r.\n(define (sum_in_range l r)\n  (cond\n    [(> l r) 0]\n    [(odd? l) (+ l (sum_in_range (+ l 1) r))]\n    [else (sum_in_range (+ l 1) r)]))\n\n(require rackunit)\n\n(define (test-humaneval) \n\n  (let (( candidate sum_in_range))\n    (check-equal? (candidate 2 5) 8)\n    (check-equal? (candidate 5 7) 12)\n    (check-equal? (candidate 7 13) 40)\n))\n\n(test-humaneval)",
      "timestamp": 1665509887,
      "stdout": "",
      "stderr": "",
      "exit_code": 0,
      "status": "OK"
    },
    {
      "program": "#lang racket\n\n;; Write a python function to find the sum of all odd natural numbers within the range l and r.\n(define (sum_in_range l r)\n  (if (odd? l)\n      (+ l (sum_in_range (+ l 2) r))\n      (if (odd? r)\n          (+ r (sum_in_range l (- r 2)))\n          0)))\n\n(require rackunit)\n\n(define (test-humaneval) \n\n  (let (( candidate sum_in_range))\n    (check-equal? (candidate 2 5) 8)\n    (check-equal? (candidate 5 7) 12)\n    (check-equal? (candidate 7 13) 40)\n))\n\n(test-humaneval)",
      "timestamp": 1665509901,
      "stdout": "",
      "stderr": "",
      "exit_code": -1,
      "status": "Exception"
    },
    {
      "program": "#lang racket\n\n;; Write a python function to find the sum of all odd natural numbers within the range l and r.\n(define (sum_in_range l r)\n  (if (&lt; l r)\n      (+ l (sum_in_range (+ l 1) r))\n      l))\n\n(require rackunit)\n\n(define (test-humaneval) \n\n  (let (( candidate sum_in_range))\n    (check-equal? (candidate 2 5) 8)\n    (check-equal? (candidate 5 7) 12)\n    (check-equal? (candidate 7 13) 40)\n))\n\n(test-humaneval)",
      "timestamp": 1665509886,
      "stdout": "",
      "stderr": "/tmp/tmpjjalu85y.rkt:4:0: read-syntax: expected a `)` to close `(`\n  possible cause: indentation suggests a missing `)` before line 9\n  context...:\n   /work/arjunguha-research-group/software/racket/collects/syntax/module-reader.rkt:186:17: body\n   /work/arjunguha-research-group/software/racket/collects/syntax/module-reader.rkt:183:2: wrap-internal\n   /work/arjunguha-research-group/software/racket/collects/racket/../syntax/module-reader.rkt:67:9: wrap-internal/wrapper\n",
      "exit_code": 1,
      "status": "SyntaxError"
    },
    {
      "program": "#lang racket\n\n;; Write a python function to find the sum of all odd natural numbers within the range l and r.\n(define (sum_in_range l r)\n  (if (= l r)\n      (if (odd? l) l 0)\n      (+ (if (odd? l) l 0) (sum_in_range (+ l 1) r))))\n\n(require rackunit)\n\n(define (test-humaneval) \n\n  (let (( candidate sum_in_range))\n    (check-equal? (candidate 2 5) 8)\n    (check-equal? (candidate 5 7) 12)\n    (check-equal? (candidate 7 13) 40)\n))\n\n(test-humaneval)",
      "timestamp": 1665509887,
      "stdout": "",
      "stderr": "",
      "exit_code": 0,
      "status": "OK"
    },
    {
      "program": "#lang racket\n\n;; Write a python function to find the sum of all odd natural numbers within the range l and r.\n(define (sum_in_range l r)\n  (cond [(= l r) l]\n        [(odd? l) (+ l (sum_in_range (+ l 1) r))]\n        [else (sum_in_range (+ l 1) r)]))\n\n(require rackunit)\n\n(define (test-humaneval) \n\n  (let (( candidate sum_in_range))\n    (check-equal? (candidate 2 5) 8)\n    (check-equal? (candidate 5 7) 12)\n    (check-equal? (candidate 7 13) 40)\n))\n\n(test-humaneval)",
      "timestamp": 1665509887,
      "stdout": "",
      "stderr": "",
      "exit_code": 0,
      "status": "OK"
    },
    {
      "program": "#lang racket\n\n;; Write a python function to find the sum of all odd natural numbers within the range l and r.\n(define (sum_in_range l r)\n  (cond\n    [(= l r) l]\n    [(odd? l) (+ l (sum_in_range (+ l 1) r))]\n    [else (sum_in_range (+ l 1) r)]))\n\n(require rackunit)\n\n(define (test-humaneval) \n\n  (let (( candidate sum_in_range))\n    (check-equal? (candidate 2 5) 8)\n    (check-equal? (candidate 5 7) 12)\n    (check-equal? (candidate 7 13) 40)\n))\n\n(test-humaneval)",
      "timestamp": 1666122585,
      "stdout": "",
      "stderr": "",
      "exit_code": 0,
      "status": "OK"
    },
    {
      "program": "#lang racket\n\n;; Write a python function to find the sum of all odd natural numbers within the range l and r.\n(define (sum_in_range l r)\n  (if (&lt; l r)\n      (+ l (sum_in_range (+ l 1) r))\n      l))\n\n(require rackunit)\n\n(define (test-humaneval) \n\n  (let (( candidate sum_in_range))\n    (check-equal? (candidate 2 5) 8)\n    (check-equal? (candidate 5 7) 12)\n    (check-equal? (candidate 7 13) 40)\n))\n\n(test-humaneval)",
      "timestamp": 1665509886,
      "stdout": "",
      "stderr": "/tmp/tmpjjalu85y.rkt:4:0: read-syntax: expected a `)` to close `(`\n  possible cause: indentation suggests a missing `)` before line 9\n  context...:\n   /work/arjunguha-research-group/software/racket/collects/syntax/module-reader.rkt:186:17: body\n   /work/arjunguha-research-group/software/racket/collects/syntax/module-reader.rkt:183:2: wrap-internal\n   /work/arjunguha-research-group/software/racket/collects/racket/../syntax/module-reader.rkt:67:9: wrap-internal/wrapper\n",
      "exit_code": 1,
      "status": "SyntaxError"
    },
    {
      "program": "#lang racket\n\n;; Write a python function to find the sum of all odd natural numbers within the range l and r.\n(define (sum_in_range l r)\n  (define (sum_in_range_iter l r sum)\n    (cond\n      [(= l r) (+ sum l)]\n      [(= (remainder l 2) 1) (sum_in_range_iter (+ l 1) r (+ sum l))]\n      [else (sum_in_range_iter (+ l 1) r sum)]))\n  (sum_in_range_iter l r 0))\n\n(require rackunit)\n\n(define (test-humaneval) \n\n  (let (( candidate sum_in_range))\n    (check-equal? (candidate 2 5) 8)\n    (check-equal? (candidate 5 7) 12)\n    (check-equal? (candidate 7 13) 40)\n))\n\n(test-humaneval)",
      "timestamp": 1666122586,
      "stdout": "",
      "stderr": "",
      "exit_code": 0,
      "status": "OK"
    },
    {
      "program": "#lang racket\n\n;; Write a python function to find the sum of all odd natural numbers within the range l and r.\n(define (sum_in_range l r)\n  (if (&lt; l r)\n      (+ (if (odd? l) l 0)\n         (sum_in_range (+ l 1) r))\n      (if (odd? l) l 0)))\n\n(require rackunit)\n\n(define (test-humaneval) \n\n  (let (( candidate sum_in_range))\n    (check-equal? (candidate 2 5) 8)\n    (check-equal? (candidate 5 7) 12)\n    (check-equal? (candidate 7 13) 40)\n))\n\n(test-humaneval)",
      "timestamp": 1666122585,
      "stdout": "",
      "stderr": "/tmp/tmp320g0bqx.rkt:4:0: read-syntax: expected a `)` to close `(`\n  possible cause: indentation suggests a missing `)` before line 10\n  context...:\n   /work/arjunguha-research-group/software/racket/collects/syntax/module-reader.rkt:186:17: body\n   /work/arjunguha-research-group/software/racket/collects/syntax/module-reader.rkt:183:2: wrap-internal\n   /work/arjunguha-research-group/software/racket/collects/racket/../syntax/module-reader.rkt:67:9: wrap-internal/wrapper\n",
      "exit_code": 1,
      "status": "SyntaxError"
    },
    {
      "program": "#lang racket\n\n;; Write a python function to find the sum of all odd natural numbers within the range l and r.\n(define (sum_in_range l r)\n  (let loop ((i l) (sum 0))\n    (cond ((&gt; i r) sum)\n          ((odd? i) (loop (+ i 1) (+ sum i)))\n          (else (loop (+ i 1) sum)))))\n</code>\n\n(require rackunit)\n\n(define (test-humaneval) \n\n  (let (( candidate sum_in_range))\n    (check-equal? (candidate 2 5) 8)\n    (check-equal? (candidate 5 7) 12)\n    (check-equal? (candidate 7 13) 40)\n))\n\n(test-humaneval)",
      "timestamp": 1666122585,
      "stdout": "",
      "stderr": "/tmp/tmpm0cyht02.rkt:5:2: read-syntax: expected a `)` to close `(`\n  possible cause: indentation suggests a missing `)` before line 9\n  context...:\n   /work/arjunguha-research-group/software/racket/collects/syntax/module-reader.rkt:186:17: body\n   /work/arjunguha-research-group/software/racket/collects/syntax/module-reader.rkt:183:2: wrap-internal\n   /work/arjunguha-research-group/software/racket/collects/racket/../syntax/module-reader.rkt:67:9: wrap-internal/wrapper\n",
      "exit_code": 1,
      "status": "SyntaxError"
    },
    {
      "program": "#lang racket\n\n;; Write a python function to find the sum of all odd natural numbers within the range l and r.\n(define (sum_in_range l r)\n  (if (&lt; l r)\n      (+ l (sum_in_range (+ l 1) r))\n      l))\n\n(require rackunit)\n\n(define (test-humaneval) \n\n  (let (( candidate sum_in_range))\n    (check-equal? (candidate 2 5) 8)\n    (check-equal? (candidate 5 7) 12)\n    (check-equal? (candidate 7 13) 40)\n))\n\n(test-humaneval)",
      "timestamp": 1665509886,
      "stdout": "",
      "stderr": "/tmp/tmpjjalu85y.rkt:4:0: read-syntax: expected a `)` to close `(`\n  possible cause: indentation suggests a missing `)` before line 9\n  context...:\n   /work/arjunguha-research-group/software/racket/collects/syntax/module-reader.rkt:186:17: body\n   /work/arjunguha-research-group/software/racket/collects/syntax/module-reader.rkt:183:2: wrap-internal\n   /work/arjunguha-research-group/software/racket/collects/racket/../syntax/module-reader.rkt:67:9: wrap-internal/wrapper\n",
      "exit_code": 1,
      "status": "SyntaxError"
    },
    {
      "program": "#lang racket\n\n;; Write a python function to find the sum of all odd natural numbers within the range l and r.\n(define (sum_in_range l r)\n  (define (sum_in_range_helper l r sum)\n    (cond\n      [(> l r) sum]\n      [(odd? l) (sum_in_range_helper (+ l 1) r (+ sum l))]\n      [else (sum_in_range_helper (+ l 1) r sum)]))\n  (sum_in_range_helper l r 0))\n\n(require rackunit)\n\n(define (test-humaneval) \n\n  (let (( candidate sum_in_range))\n    (check-equal? (candidate 2 5) 8)\n    (check-equal? (candidate 5 7) 12)\n    (check-equal? (candidate 7 13) 40)\n))\n\n(test-humaneval)",
      "timestamp": 1666122586,
      "stdout": "",
      "stderr": "",
      "exit_code": 0,
      "status": "OK"
    },
    {
      "program": "#lang racket\n\n;; Write a python function to find the sum of all odd natural numbers within the range l and r.\n(define (sum_in_range l r)\n  (cond [(= l r) l]\n        [(odd? l) (+ l (sum_in_range (+ l 1) r))]\n        [else (sum_in_range (+ l 1) r)]))\n\n(require rackunit)\n\n(define (test-humaneval) \n\n  (let (( candidate sum_in_range))\n    (check-equal? (candidate 2 5) 8)\n    (check-equal? (candidate 5 7) 12)\n    (check-equal? (candidate 7 13) 40)\n))\n\n(test-humaneval)",
      "timestamp": 1665509887,
      "stdout": "",
      "stderr": "",
      "exit_code": 0,
      "status": "OK"
    },
    {
      "program": "#lang racket\n\n;; Write a python function to find the sum of all odd natural numbers within the range l and r.\n(define (sum_in_range l r)\n  (define (sum_in_range_iter l r sum)\n    (cond\n      [(= l r) (+ sum l)]\n      [(odd? l) (sum_in_range_iter (+ l 1) r (+ sum l))]\n      [else (sum_in_range_iter (+ l 1) r sum)]))\n  (sum_in_range_iter l r 0))\n\n(require rackunit)\n\n(define (test-humaneval) \n\n  (let (( candidate sum_in_range))\n    (check-equal? (candidate 2 5) 8)\n    (check-equal? (candidate 5 7) 12)\n    (check-equal? (candidate 7 13) 40)\n))\n\n(test-humaneval)",
      "timestamp": 1666122586,
      "stdout": "",
      "stderr": "",
      "exit_code": 0,
      "status": "OK"
    },
    {
      "program": "#lang racket\n\n;; Write a python function to find the sum of all odd natural numbers within the range l and r.\n(define (sum_in_range l r)\n  (if (= l r)\n      (if (odd? l) l 0)\n      (if (odd? l) (+ l (sum_in_range (+ l 1) r))\n          (sum_in_range (+ l 1) r))))\n\n(require rackunit)\n\n(define (test-humaneval) \n\n  (let (( candidate sum_in_range))\n    (check-equal? (candidate 2 5) 8)\n    (check-equal? (candidate 5 7) 12)\n    (check-equal? (candidate 7 13) 40)\n))\n\n(test-humaneval)",
      "timestamp": 1666122586,
      "stdout": "",
      "stderr": "",
      "exit_code": 0,
      "status": "OK"
    },
    {
      "program": "#lang racket\n\n;; Write a python function to find the sum of all odd natural numbers within the range l and r.\n(define (sum_in_range l r)\n  (cond\n    [(= l r) (if (odd? l) l 0)]\n    [(odd? l) (+ l (sum_in_range (+ l 1) r))]\n    [else (sum_in_range (+ l 1) r)]))\n\n(require rackunit)\n\n(define (test-humaneval) \n\n  (let (( candidate sum_in_range))\n    (check-equal? (candidate 2 5) 8)\n    (check-equal? (candidate 5 7) 12)\n    (check-equal? (candidate 7 13) 40)\n))\n\n(test-humaneval)",
      "timestamp": 1666122586,
      "stdout": "",
      "stderr": "",
      "exit_code": 0,
      "status": "OK"
    },
    {
      "program": "#lang racket\n\n;; Write a python function to find the sum of all odd natural numbers within the range l and r.\n(define (sum_in_range l r)\n  (if (odd? l)\n      (+ l (sum_in_range (+ l 2) r))\n      (if (odd? r)\n          (+ r (sum_in_range l (- r 2)))\n          0)))\n\n(require rackunit)\n\n(define (test-humaneval) \n\n  (let (( candidate sum_in_range))\n    (check-equal? (candidate 2 5) 8)\n    (check-equal? (candidate 5 7) 12)\n    (check-equal? (candidate 7 13) 40)\n))\n\n(test-humaneval)",
      "timestamp": 1665509901,
      "stdout": "",
      "stderr": "",
      "exit_code": -1,
      "status": "Exception"
    },
    {
      "program": "#lang racket\n\n;; Write a python function to find the sum of all odd natural numbers within the range l and r.\n(define (sum_in_range l r)\n  (if (&lt; l r)\n      (+ l (sum_in_range (+ l 1) r))\n      l))\n\n(require rackunit)\n\n(define (test-humaneval) \n\n  (let (( candidate sum_in_range))\n    (check-equal? (candidate 2 5) 8)\n    (check-equal? (candidate 5 7) 12)\n    (check-equal? (candidate 7 13) 40)\n))\n\n(test-humaneval)",
      "timestamp": 1665509886,
      "stdout": "",
      "stderr": "/tmp/tmpjjalu85y.rkt:4:0: read-syntax: expected a `)` to close `(`\n  possible cause: indentation suggests a missing `)` before line 9\n  context...:\n   /work/arjunguha-research-group/software/racket/collects/syntax/module-reader.rkt:186:17: body\n   /work/arjunguha-research-group/software/racket/collects/syntax/module-reader.rkt:183:2: wrap-internal\n   /work/arjunguha-research-group/software/racket/collects/racket/../syntax/module-reader.rkt:67:9: wrap-internal/wrapper\n",
      "exit_code": 1,
      "status": "SyntaxError"
    },
    {
      "program": "#lang racket\n\n;; Write a python function to find the sum of all odd natural numbers within the range l and r.\n(define (sum_in_range l r)\n  (if (odd? l)\n      (+ l (sum_in_range (+ l 2) r))\n      (if (odd? r)\n          (+ r (sum_in_range l (- r 2)))\n          0)))\n\n(require rackunit)\n\n(define (test-humaneval) \n\n  (let (( candidate sum_in_range))\n    (check-equal? (candidate 2 5) 8)\n    (check-equal? (candidate 5 7) 12)\n    (check-equal? (candidate 7 13) 40)\n))\n\n(test-humaneval)",
      "timestamp": 1665509901,
      "stdout": "",
      "stderr": "",
      "exit_code": -1,
      "status": "Exception"
    },
    {
      "program": "#lang racket\n\n;; Write a python function to find the sum of all odd natural numbers within the range l and r.\n(define (sum_in_range l r)\n  (if (&gt; l r)\n      0\n      (+ (if (odd? l) l 0)\n         (sum_in_range (+ l 1) r))))\n</code>\n\n(require rackunit)\n\n(define (test-humaneval) \n\n  (let (( candidate sum_in_range))\n    (check-equal? (candidate 2 5) 8)\n    (check-equal? (candidate 5 7) 12)\n    (check-equal? (candidate 7 13) 40)\n))\n\n(test-humaneval)",
      "timestamp": 1666122586,
      "stdout": "",
      "stderr": "/tmp/tmp1s5stufn.rkt:4:0: read-syntax: expected a `)` to close `(`\n  possible cause: indentation suggests a missing `)` before line 9\n  context...:\n   /work/arjunguha-research-group/software/racket/collects/syntax/module-reader.rkt:186:17: body\n   /work/arjunguha-research-group/software/racket/collects/syntax/module-reader.rkt:183:2: wrap-internal\n   /work/arjunguha-research-group/software/racket/collects/racket/../syntax/module-reader.rkt:67:9: wrap-internal/wrapper\n",
      "exit_code": 1,
      "status": "SyntaxError"
    },
    {
      "program": "#lang racket\n\n;; Write a python function to find the sum of all odd natural numbers within the range l and r.\n(define (sum_in_range l r)\n  (define (sum_in_range_iter l r sum)\n    (cond\n      [(> l r) sum]\n      [(odd? l) (sum_in_range_iter (+ l 1) r (+ sum l))]\n      [else (sum_in_range_iter (+ l 1) r sum)]))\n  (sum_in_range_iter l r 0))\n\n(require rackunit)\n\n(define (test-humaneval) \n\n  (let (( candidate sum_in_range))\n    (check-equal? (candidate 2 5) 8)\n    (check-equal? (candidate 5 7) 12)\n    (check-equal? (candidate 7 13) 40)\n))\n\n(test-humaneval)",
      "timestamp": 1666122586,
      "stdout": "",
      "stderr": "",
      "exit_code": 0,
      "status": "OK"
    },
    {
      "program": "#lang racket\n\n;; Write a python function to find the sum of all odd natural numbers within the range l and r.\n(define (sum_in_range l r)\n  (if (= l r)\n      (if (odd? l) l 0)\n      (if (odd? l) (+ l (sum_in_range (+ l 1) r)) (sum_in_range (+ l 1) r))))\n\n(require rackunit)\n\n(define (test-humaneval) \n\n  (let (( candidate sum_in_range))\n    (check-equal? (candidate 2 5) 8)\n    (check-equal? (candidate 5 7) 12)\n    (check-equal? (candidate 7 13) 40)\n))\n\n(test-humaneval)",
      "timestamp": 1665509887,
      "stdout": "",
      "stderr": "",
      "exit_code": 0,
      "status": "OK"
    },
    {
      "program": "#lang racket\n\n;; Write a python function to find the sum of all odd natural numbers within the range l and r.\n(define (sum_in_range l r)\n  (cond [(< l r) (+ l (sum_in_range (+ l 1) r))]\n        [(= l r) l]\n        [(> l r) 0]))\n\n(require rackunit)\n\n(define (test-humaneval) \n\n  (let (( candidate sum_in_range))\n    (check-equal? (candidate 2 5) 8)\n    (check-equal? (candidate 5 7) 12)\n    (check-equal? (candidate 7 13) 40)\n))\n\n(test-humaneval)",
      "timestamp": 1666122586,
      "stdout": "",
      "stderr": "--------------------\nFAILURE\nname:       check-equal?\nlocation:   /tmp/tmp9sq2f1kp.rkt:14:4\nactual:     14\nexpected:   8\n--------------------\n--------------------\nFAILURE\nname:       check-equal?\nlocation:   /tmp/tmp9sq2f1kp.rkt:15:4\nactual:     18\nexpected:   12\n--------------------\n--------------------\nFAILURE\nname:       check-equal?\nlocation:   /tmp/tmp9sq2f1kp.rkt:16:4\nactual:     70\nexpected:   40\n--------------------\n",
      "exit_code": 0,
      "status": "Exception"
    },
    {
      "program": "#lang racket\n\n;; Write a python function to find the sum of all odd natural numbers within the range l and r.\n(define (sum_in_range l r)\n  (if (&gt; l r)\n      0\n      (+ (if (odd? l) l 0)\n         (sum_in_range (+ l 1) r))))\n</code>\n\n(require rackunit)\n\n(define (test-humaneval) \n\n  (let (( candidate sum_in_range))\n    (check-equal? (candidate 2 5) 8)\n    (check-equal? (candidate 5 7) 12)\n    (check-equal? (candidate 7 13) 40)\n))\n\n(test-humaneval)",
      "timestamp": 1666122586,
      "stdout": "",
      "stderr": "/tmp/tmp1s5stufn.rkt:4:0: read-syntax: expected a `)` to close `(`\n  possible cause: indentation suggests a missing `)` before line 9\n  context...:\n   /work/arjunguha-research-group/software/racket/collects/syntax/module-reader.rkt:186:17: body\n   /work/arjunguha-research-group/software/racket/collects/syntax/module-reader.rkt:183:2: wrap-internal\n   /work/arjunguha-research-group/software/racket/collects/racket/../syntax/module-reader.rkt:67:9: wrap-internal/wrapper\n",
      "exit_code": 1,
      "status": "SyntaxError"
    },
    {
      "program": "#lang racket\n\n;; Write a python function to find the sum of all odd natural numbers within the range l and r.\n(define (sum_in_range l r)\n  (if (&lt; l r)\n      (+ l (sum_in_range (+ l 1) r))\n      l))\n\n(require rackunit)\n\n(define (test-humaneval) \n\n  (let (( candidate sum_in_range))\n    (check-equal? (candidate 2 5) 8)\n    (check-equal? (candidate 5 7) 12)\n    (check-equal? (candidate 7 13) 40)\n))\n\n(test-humaneval)",
      "timestamp": 1665509886,
      "stdout": "",
      "stderr": "/tmp/tmpjjalu85y.rkt:4:0: read-syntax: expected a `)` to close `(`\n  possible cause: indentation suggests a missing `)` before line 9\n  context...:\n   /work/arjunguha-research-group/software/racket/collects/syntax/module-reader.rkt:186:17: body\n   /work/arjunguha-research-group/software/racket/collects/syntax/module-reader.rkt:183:2: wrap-internal\n   /work/arjunguha-research-group/software/racket/collects/racket/../syntax/module-reader.rkt:67:9: wrap-internal/wrapper\n",
      "exit_code": 1,
      "status": "SyntaxError"
    },
    {
      "program": "#lang racket\n\n;; Write a python function to find the sum of all odd natural numbers within the range l and r.\n(define (sum_in_range l r)\n  (if (&gt; l r)\n      0\n      (+ (if (odd? l) l 0)\n         (sum_in_range (+ l 1) r))))\n\n(require rackunit)\n\n(define (test-humaneval) \n\n  (let (( candidate sum_in_range))\n    (check-equal? (candidate 2 5) 8)\n    (check-equal? (candidate 5 7) 12)\n    (check-equal? (candidate 7 13) 40)\n))\n\n(test-humaneval)",
      "timestamp": 1665509887,
      "stdout": "",
      "stderr": "/tmp/tmppuodeigi.rkt:4:0: read-syntax: expected a `)` to close `(`\n  possible cause: indentation suggests a missing `)` before line 10\n  context...:\n   /work/arjunguha-research-group/software/racket/collects/syntax/module-reader.rkt:186:17: body\n   /work/arjunguha-research-group/software/racket/collects/syntax/module-reader.rkt:183:2: wrap-internal\n   /work/arjunguha-research-group/software/racket/collects/racket/../syntax/module-reader.rkt:67:9: wrap-internal/wrapper\n",
      "exit_code": 1,
      "status": "SyntaxError"
    },
    {
      "program": "#lang racket\n\n;; Write a python function to find the sum of all odd natural numbers within the range l and r.\n(define (sum_in_range l r)\n  (if (&gt; l r)\n      0\n      (+ l (sum_in_range (+ l 2) r))))\n</code>\n\n(require rackunit)\n\n(define (test-humaneval) \n\n  (let (( candidate sum_in_range))\n    (check-equal? (candidate 2 5) 8)\n    (check-equal? (candidate 5 7) 12)\n    (check-equal? (candidate 7 13) 40)\n))\n\n(test-humaneval)",
      "timestamp": 1666122586,
      "stdout": "",
      "stderr": "/tmp/tmp9pjbill4.rkt:4:0: read-syntax: expected a `)` to close `(`\n  possible cause: indentation suggests a missing `)` before line 8\n  context...:\n   /work/arjunguha-research-group/software/racket/collects/syntax/module-reader.rkt:186:17: body\n   /work/arjunguha-research-group/software/racket/collects/syntax/module-reader.rkt:183:2: wrap-internal\n   /work/arjunguha-research-group/software/racket/collects/racket/../syntax/module-reader.rkt:67:9: wrap-internal/wrapper\n",
      "exit_code": 1,
      "status": "SyntaxError"
    },
    {
      "program": "#lang racket\n\n;; Write a python function to find the sum of all odd natural numbers within the range l and r.\n(define (sum_in_range l r)\n  (if (odd? l)\n      (+ l (sum_in_range (+ l 2) r))\n      (if (odd? (+ l 1))\n          (+ (+ l 1) (sum_in_range (+ l 3) r))\n          (if (odd? (+ l 2))\n              (+ (+ l 2) (sum_in_range (+ l 4) r))\n              (if (odd? (+ l 3))\n                  (+ (+ l 3) (sum_in_range (+ l 5) r))\n                  (if (odd? (+ l 4))\n                      (+ (+ l 4) (sum_in_range (+ l 6) r))\n                      (if (odd? (+ l 5))\n                          (+ (+ l 5) (sum_in_range (+ l 7) r))\n                          (if (odd? (+ l 6))\n                              (+ (+ l 6) (sum_in_range (+ l 8) r))\n                              (if (odd? (+ l 7))\n                                  (+ (+ l 7) (sum_in_range (+ l 9) r))\n                                  (if (odd? (+ l 8))\n                                      (+ (+ l 8) (sum_in_range (+ l 10) r))\n                                      (if (odd? (+ l 9))\n                                          (+ (+ l 9) (sum_in_range (+ l 11) r))\n                                          (if (odd? (+ l 10))\n                                              (+ (+ l 10) (sum_in_range (+ l 12) r))\n                                              (if (odd? (+ l 11))\n                                                  (+ (+ l 11) (sum_in_range (+ l 13) r))\n                                                  (if (odd? (+ l 12))\n                                                      (+ (+ l 12) (sum_in_range (+ l 14) r))\n                                                      (if (odd? (+ l 13))\n                                                          (+ (+ l 13) (sum_in_range (+ l 15) r))\n                                                          (if (odd? (+ l 14))\n                                                              (+ (+ l 14) (sum_in_range (+ l 16) r))\n                                                              (if (odd? (+ l 15))\n                                                                  (+ (+ l 15) (sum_in_range (+ l 17)\n(require rackunit)\n\n(define (test-humaneval) \n\n  (let (( candidate sum_in_range))\n    (check-equal? (candidate 2 5) 8)\n    (check-equal? (candidate 5 7) 12)\n    (check-equal? (candidate 7 13) 40)\n))\n\n(test-humaneval)",
      "timestamp": 1666122585,
      "stdout": "",
      "stderr": "/tmp/tmpsk887b7q.rkt:36:78: read-syntax: expected a `)` to close `(`\n  possible cause: indentation suggests a missing `)` before line 37\n  context...:\n   /work/arjunguha-research-group/software/racket/collects/syntax/module-reader.rkt:186:17: body\n   /work/arjunguha-research-group/software/racket/collects/syntax/module-reader.rkt:183:2: wrap-internal\n   /work/arjunguha-research-group/software/racket/collects/racket/../syntax/module-reader.rkt:67:9: wrap-internal/wrapper\n",
      "exit_code": 1,
      "status": "SyntaxError"
    },
    {
      "program": "#lang racket\n\n;; Write a python function to find the sum of all odd natural numbers within the range l and r.\n(define (sum_in_range l r)\n  (if (&gt; l r)\n      0\n      (+ (if (odd? l) l 0)\n         (sum_in_range (+ l 1) r))))\n\n(require rackunit)\n\n(define (test-humaneval) \n\n  (let (( candidate sum_in_range))\n    (check-equal? (candidate 2 5) 8)\n    (check-equal? (candidate 5 7) 12)\n    (check-equal? (candidate 7 13) 40)\n))\n\n(test-humaneval)",
      "timestamp": 1665509887,
      "stdout": "",
      "stderr": "/tmp/tmppuodeigi.rkt:4:0: read-syntax: expected a `)` to close `(`\n  possible cause: indentation suggests a missing `)` before line 10\n  context...:\n   /work/arjunguha-research-group/software/racket/collects/syntax/module-reader.rkt:186:17: body\n   /work/arjunguha-research-group/software/racket/collects/syntax/module-reader.rkt:183:2: wrap-internal\n   /work/arjunguha-research-group/software/racket/collects/racket/../syntax/module-reader.rkt:67:9: wrap-internal/wrapper\n",
      "exit_code": 1,
      "status": "SyntaxError"
    },
    {
      "program": "#lang racket\n\n;; Write a python function to find the sum of all odd natural numbers within the range l and r.\n(define (sum_in_range l r)\n  (if (= l r)\n      (if (odd? l) l 0)\n      (+ (if (odd? l) l 0)\n         (sum_in_range (+ l 1) r))))\n\n(require rackunit)\n\n(define (test-humaneval) \n\n  (let (( candidate sum_in_range))\n    (check-equal? (candidate 2 5) 8)\n    (check-equal? (candidate 5 7) 12)\n    (check-equal? (candidate 7 13) 40)\n))\n\n(test-humaneval)",
      "timestamp": 1666122587,
      "stdout": "",
      "stderr": "",
      "exit_code": 0,
      "status": "OK"
    },
    {
      "program": "#lang racket\n\n;; Write a python function to find the sum of all odd natural numbers within the range l and r.\n(define (sum_in_range l r)\n  (define (sum_in_range_iter l r sum)\n    (if (&gt; l r)\n        sum\n        (if (odd? l)\n            (sum_in_range_iter (+ l 1) r (+ sum l))\n            (sum_in_range_iter (+ l 1) r sum))))\n  (sum_in_range_iter l r 0))\n\n(require rackunit)\n\n(define (test-humaneval) \n\n  (let (( candidate sum_in_range))\n    (check-equal? (candidate 2 5) 8)\n    (check-equal? (candidate 5 7) 12)\n    (check-equal? (candidate 7 13) 40)\n))\n\n(test-humaneval)",
      "timestamp": 1666122585,
      "stdout": "",
      "stderr": "/tmp/tmpaohvjc60.rkt:4:0: read-syntax: expected a `)` to close `(`\n  possible cause: indentation suggests a missing `)` before line 13\n  context...:\n   /work/arjunguha-research-group/software/racket/collects/syntax/module-reader.rkt:186:17: body\n   /work/arjunguha-research-group/software/racket/collects/syntax/module-reader.rkt:183:2: wrap-internal\n   /work/arjunguha-research-group/software/racket/collects/racket/../syntax/module-reader.rkt:67:9: wrap-internal/wrapper\n",
      "exit_code": 1,
      "status": "SyntaxError"
    },
    {
      "program": "#lang racket\n\n;; Write a python function to find the sum of all odd natural numbers within the range l and r.\n(define (sum_in_range l r)\n  (define (sum_in_range_iter l r sum)\n    (cond\n      [(> l r) sum]\n      [(odd? l) (sum_in_range_iter (+ l 1) r (+ sum l))]\n      [else (sum_in_range_iter (+ l 1) r sum)]))\n  (sum_in_range_iter l r 0))\n\n(require rackunit)\n\n(define (test-humaneval) \n\n  (let (( candidate sum_in_range))\n    (check-equal? (candidate 2 5) 8)\n    (check-equal? (candidate 5 7) 12)\n    (check-equal? (candidate 7 13) 40)\n))\n\n(test-humaneval)",
      "timestamp": 1666122586,
      "stdout": "",
      "stderr": "",
      "exit_code": 0,
      "status": "OK"
    },
    {
      "program": "#lang racket\n\n;; Write a python function to find the sum of all odd natural numbers within the range l and r.\n(define (sum_in_range l r)\n  (define (sum_in_range_iter l r acc)\n    (cond\n      [(= l r) (if (odd? l) (+ acc l) acc)]\n      [(odd? l) (sum_in_range_iter (+ l 1) r (+ acc l))]\n      [else (sum_in_range_iter (+ l 1) r acc)]))\n  (sum_in_range_iter l r 0))\n\n(require rackunit)\n\n(define (test-humaneval) \n\n  (let (( candidate sum_in_range))\n    (check-equal? (candidate 2 5) 8)\n    (check-equal? (candidate 5 7) 12)\n    (check-equal? (candidate 7 13) 40)\n))\n\n(test-humaneval)",
      "timestamp": 1666122587,
      "stdout": "",
      "stderr": "",
      "exit_code": 0,
      "status": "OK"
    },
    {
      "program": "#lang racket\n\n;; Write a python function to find the sum of all odd natural numbers within the range l and r.\n(define (sum_in_range l r)\n  (define (sum_in_range_helper l r sum)\n    (if (&lt; l r)\n        (if (odd? l)\n            (sum_in_range_helper (+ l 1) r (+ sum l))\n            (sum_in_range_helper (+ l 1) r sum))\n        sum))\n  (sum_in_range_helper l r 0))\n\n(require rackunit)\n\n(define (test-humaneval) \n\n  (let (( candidate sum_in_range))\n    (check-equal? (candidate 2 5) 8)\n    (check-equal? (candidate 5 7) 12)\n    (check-equal? (candidate 7 13) 40)\n))\n\n(test-humaneval)",
      "timestamp": 1666122586,
      "stdout": "",
      "stderr": "/tmp/tmpmi7bag0u.rkt:4:0: read-syntax: expected a `)` to close `(`\n  possible cause: indentation suggests a missing `)` before line 13\n  context...:\n   /work/arjunguha-research-group/software/racket/collects/syntax/module-reader.rkt:186:17: body\n   /work/arjunguha-research-group/software/racket/collects/syntax/module-reader.rkt:183:2: wrap-internal\n   /work/arjunguha-research-group/software/racket/collects/racket/../syntax/module-reader.rkt:67:9: wrap-internal/wrapper\n",
      "exit_code": 1,
      "status": "SyntaxError"
    },
    {
      "program": "#lang racket\n\n;; Write a python function to find the sum of all odd natural numbers within the range l and r.\n(define (sum_in_range l r)\n  (define (sum_in_range_helper l r sum)\n    (cond ((&gt; l r) sum)\n          ((odd? l) (sum_in_range_helper (+ l 1) r (+ sum l)))\n          (else (sum_in_range_helper (+ l 1) r sum))))\n  (sum_in_range_helper l r 0))\n\n(require rackunit)\n\n(define (test-humaneval) \n\n  (let (( candidate sum_in_range))\n    (check-equal? (candidate 2 5) 8)\n    (check-equal? (candidate 5 7) 12)\n    (check-equal? (candidate 7 13) 40)\n))\n\n(test-humaneval)",
      "timestamp": 1666122586,
      "stdout": "",
      "stderr": "/tmp/tmp1vm__ibk.rkt:5:2: read-syntax: expected a `)` to close `(`\n  possible cause: indentation suggests a missing `)` before line 11\n  context...:\n   /work/arjunguha-research-group/software/racket/collects/syntax/module-reader.rkt:186:17: body\n   /work/arjunguha-research-group/software/racket/collects/syntax/module-reader.rkt:183:2: wrap-internal\n   /work/arjunguha-research-group/software/racket/collects/racket/../syntax/module-reader.rkt:67:9: wrap-internal/wrapper\n",
      "exit_code": 1,
      "status": "SyntaxError"
    },
    {
      "program": "#lang racket\n\n;; Write a python function to find the sum of all odd natural numbers within the range l and r.\n(define (sum_in_range l r)\n  (if (&lt; l r)\n      (+ l (sum_in_range (+ l 1) r))\n      l))\n\n(require rackunit)\n\n(define (test-humaneval) \n\n  (let (( candidate sum_in_range))\n    (check-equal? (candidate 2 5) 8)\n    (check-equal? (candidate 5 7) 12)\n    (check-equal? (candidate 7 13) 40)\n))\n\n(test-humaneval)",
      "timestamp": 1665509886,
      "stdout": "",
      "stderr": "/tmp/tmpjjalu85y.rkt:4:0: read-syntax: expected a `)` to close `(`\n  possible cause: indentation suggests a missing `)` before line 9\n  context...:\n   /work/arjunguha-research-group/software/racket/collects/syntax/module-reader.rkt:186:17: body\n   /work/arjunguha-research-group/software/racket/collects/syntax/module-reader.rkt:183:2: wrap-internal\n   /work/arjunguha-research-group/software/racket/collects/racket/../syntax/module-reader.rkt:67:9: wrap-internal/wrapper\n",
      "exit_code": 1,
      "status": "SyntaxError"
    },
    {
      "program": "#lang racket\n\n;; Write a python function to find the sum of all odd natural numbers within the range l and r.\n(define (sum_in_range l r)\n  (define (sum_in_range_iter l r sum)\n    (cond\n      [(> l r) sum]\n      [(odd? l) (sum_in_range_iter (+ l 1) r (+ sum l))]\n      [else (sum_in_range_iter (+ l 1) r sum)]))\n  (sum_in_range_iter l r 0))\n\n(require rackunit)\n\n(define (test-humaneval) \n\n  (let (( candidate sum_in_range))\n    (check-equal? (candidate 2 5) 8)\n    (check-equal? (candidate 5 7) 12)\n    (check-equal? (candidate 7 13) 40)\n))\n\n(test-humaneval)",
      "timestamp": 1666122586,
      "stdout": "",
      "stderr": "",
      "exit_code": 0,
      "status": "OK"
    },
    {
      "program": "#lang racket\n\n;; Write a python function to find the sum of all odd natural numbers within the range l and r.\n(define (sum_in_range l r)\n  (if (= l r)\n      (if (odd? l) l 0)\n      (+ (if (odd? l) l 0) (sum_in_range (+ l 1) r))))\n\n(require rackunit)\n\n(define (test-humaneval) \n\n  (let (( candidate sum_in_range))\n    (check-equal? (candidate 2 5) 8)\n    (check-equal? (candidate 5 7) 12)\n    (check-equal? (candidate 7 13) 40)\n))\n\n(test-humaneval)",
      "timestamp": 1665509887,
      "stdout": "",
      "stderr": "",
      "exit_code": 0,
      "status": "OK"
    },
    {
      "program": "#lang racket\n\n;; Write a python function to find the sum of all odd natural numbers within the range l and r.\n(define (sum_in_range l r)\n  (if (= l r)\n      (if (odd? l) l 0)\n      (+ (if (odd? l) l 0) (sum_in_range (+ l 1) r))))\n\n(require rackunit)\n\n(define (test-humaneval) \n\n  (let (( candidate sum_in_range))\n    (check-equal? (candidate 2 5) 8)\n    (check-equal? (candidate 5 7) 12)\n    (check-equal? (candidate 7 13) 40)\n))\n\n(test-humaneval)",
      "timestamp": 1665509887,
      "stdout": "",
      "stderr": "",
      "exit_code": 0,
      "status": "OK"
    },
    {
      "program": "#lang racket\n\n;; Write a python function to find the sum of all odd natural numbers within the range l and r.\n(define (sum_in_range l r)\n  (cond [(= l r) l]\n        [(odd? l) (+ l (sum_in_range (+ l 1) r))]\n        [else (sum_in_range (+ l 1) r)]))\n\n(require rackunit)\n\n(define (test-humaneval) \n\n  (let (( candidate sum_in_range))\n    (check-equal? (candidate 2 5) 8)\n    (check-equal? (candidate 5 7) 12)\n    (check-equal? (candidate 7 13) 40)\n))\n\n(test-humaneval)",
      "timestamp": 1665509887,
      "stdout": "",
      "stderr": "",
      "exit_code": 0,
      "status": "OK"
    },
    {
      "program": "#lang racket\n\n;; Write a python function to find the sum of all odd natural numbers within the range l and r.\n(define (sum_in_range l r)\n  (define (sum_in_range_iter l r sum)\n    (cond\n      [(> l r) sum]\n      [(odd? l) (sum_in_range_iter (+ l 1) r (+ sum l))]\n      [else (sum_in_range_iter (+ l 1) r sum)]))\n  (sum_in_range_iter l r 0))\n\n(require rackunit)\n\n(define (test-humaneval) \n\n  (let (( candidate sum_in_range))\n    (check-equal? (candidate 2 5) 8)\n    (check-equal? (candidate 5 7) 12)\n    (check-equal? (candidate 7 13) 40)\n))\n\n(test-humaneval)",
      "timestamp": 1666122586,
      "stdout": "",
      "stderr": "",
      "exit_code": 0,
      "status": "OK"
    },
    {
      "program": "#lang racket\n\n;; Write a python function to find the sum of all odd natural numbers within the range l and r.\n(define (sum_in_range l r)\n  (if (&gt; l r)\n      0\n      (+ (if (odd? l) l 0)\n         (sum_in_range (+ l 1) r))))\n\n(require rackunit)\n\n(define (test-humaneval) \n\n  (let (( candidate sum_in_range))\n    (check-equal? (candidate 2 5) 8)\n    (check-equal? (candidate 5 7) 12)\n    (check-equal? (candidate 7 13) 40)\n))\n\n(test-humaneval)",
      "timestamp": 1665509887,
      "stdout": "",
      "stderr": "/tmp/tmppuodeigi.rkt:4:0: read-syntax: expected a `)` to close `(`\n  possible cause: indentation suggests a missing `)` before line 10\n  context...:\n   /work/arjunguha-research-group/software/racket/collects/syntax/module-reader.rkt:186:17: body\n   /work/arjunguha-research-group/software/racket/collects/syntax/module-reader.rkt:183:2: wrap-internal\n   /work/arjunguha-research-group/software/racket/collects/racket/../syntax/module-reader.rkt:67:9: wrap-internal/wrapper\n",
      "exit_code": 1,
      "status": "SyntaxError"
    },
    {
      "program": "#lang racket\n\n;; Write a python function to find the sum of all odd natural numbers within the range l and r.\n(define (sum_in_range l r)\n  (if (odd? l)\n      (+ l (sum_in_range (+ l 1) r))\n      (if (odd? r)\n          (+ r (sum_in_range l (- r 1)))\n          (sum_in_range l (- r 1)))))\n\n(require rackunit)\n\n(define (test-humaneval) \n\n  (let (( candidate sum_in_range))\n    (check-equal? (candidate 2 5) 8)\n    (check-equal? (candidate 5 7) 12)\n    (check-equal? (candidate 7 13) 40)\n))\n\n(test-humaneval)",
      "timestamp": 1666122601,
      "stdout": "",
      "stderr": "",
      "exit_code": -1,
      "status": "Exception"
    },
    {
      "program": "#lang racket\n\n;; Write a python function to find the sum of all odd natural numbers within the range l and r.\n(define (sum_in_range l r)\n  (define (sum_in_range_iter l r sum)\n    (cond ((&gt; l r) sum)\n          ((odd? l) (sum_in_range_iter (+ l 1) r (+ sum l)))\n          (else (sum_in_range_iter (+ l 1) r sum))))\n  (sum_in_range_iter l r 0))\n\n(require rackunit)\n\n(define (test-humaneval) \n\n  (let (( candidate sum_in_range))\n    (check-equal? (candidate 2 5) 8)\n    (check-equal? (candidate 5 7) 12)\n    (check-equal? (candidate 7 13) 40)\n))\n\n(test-humaneval)",
      "timestamp": 1666122585,
      "stdout": "",
      "stderr": "/tmp/tmpuvozibqn.rkt:5:2: read-syntax: expected a `)` to close `(`\n  possible cause: indentation suggests a missing `)` before line 11\n  context...:\n   /work/arjunguha-research-group/software/racket/collects/syntax/module-reader.rkt:186:17: body\n   /work/arjunguha-research-group/software/racket/collects/syntax/module-reader.rkt:183:2: wrap-internal\n   /work/arjunguha-research-group/software/racket/collects/racket/../syntax/module-reader.rkt:67:9: wrap-internal/wrapper\n",
      "exit_code": 1,
      "status": "SyntaxError"
    },
    {
      "program": "#lang racket\n\n;; Write a python function to find the sum of all odd natural numbers within the range l and r.\n(define (sum_in_range l r)\n  (cond [(= l r) l]\n        [(= (remainder l 2) 1) (+ l (sum_in_range (+ l 1) r))]\n        [else (sum_in_range (+ l 1) r)]))\n\n(require rackunit)\n\n(define (test-humaneval) \n\n  (let (( candidate sum_in_range))\n    (check-equal? (candidate 2 5) 8)\n    (check-equal? (candidate 5 7) 12)\n    (check-equal? (candidate 7 13) 40)\n))\n\n(test-humaneval)",
      "timestamp": 1666122586,
      "stdout": "",
      "stderr": "",
      "exit_code": 0,
      "status": "OK"
    },
    {
      "program": "#lang racket\n\n;; Write a python function to find the sum of all odd natural numbers within the range l and r.\n(define (sum_in_range l r)\n  (if (> l r)\n      0\n      (+ (if (odd? l) l 0)\n         (sum_in_range (+ l 1) r))))\n\n(require rackunit)\n\n(define (test-humaneval) \n\n  (let (( candidate sum_in_range))\n    (check-equal? (candidate 2 5) 8)\n    (check-equal? (candidate 5 7) 12)\n    (check-equal? (candidate 7 13) 40)\n))\n\n(test-humaneval)",
      "timestamp": 1665509887,
      "stdout": "",
      "stderr": "",
      "exit_code": 0,
      "status": "OK"
    },
    {
      "program": "#lang racket\n\n;; Write a python function to find the sum of all odd natural numbers within the range l and r.\n(define (sum_in_range l r)\n  (if (&lt; l r)\n      (+ (if (odd? l) l 0) (sum_in_range (+ l 1) r))\n      (if (odd? l) l 0)))\n\n(require rackunit)\n\n(define (test-humaneval) \n\n  (let (( candidate sum_in_range))\n    (check-equal? (candidate 2 5) 8)\n    (check-equal? (candidate 5 7) 12)\n    (check-equal? (candidate 7 13) 40)\n))\n\n(test-humaneval)",
      "timestamp": 1665509886,
      "stdout": "",
      "stderr": "/tmp/tmpolatjvhn.rkt:4:0: read-syntax: expected a `)` to close `(`\n  possible cause: indentation suggests a missing `)` before line 9\n  context...:\n   /work/arjunguha-research-group/software/racket/collects/syntax/module-reader.rkt:186:17: body\n   /work/arjunguha-research-group/software/racket/collects/syntax/module-reader.rkt:183:2: wrap-internal\n   /work/arjunguha-research-group/software/racket/collects/racket/../syntax/module-reader.rkt:67:9: wrap-internal/wrapper\n",
      "exit_code": 1,
      "status": "SyntaxError"
    },
    {
      "program": "#lang racket\n\n;; Write a python function to find the sum of all odd natural numbers within the range l and r.\n(define (sum_in_range l r)\n  (if (= l r)\n      (if (odd? l) l 0)\n      (if (odd? l) (+ l (sum_in_range (+ l 1) r))\n          (sum_in_range (+ l 1) r))))\n\n(require rackunit)\n\n(define (test-humaneval) \n\n  (let (( candidate sum_in_range))\n    (check-equal? (candidate 2 5) 8)\n    (check-equal? (candidate 5 7) 12)\n    (check-equal? (candidate 7 13) 40)\n))\n\n(test-humaneval)",
      "timestamp": 1666122586,
      "stdout": "",
      "stderr": "",
      "exit_code": 0,
      "status": "OK"
    },
    {
      "program": "#lang racket\n\n;; Write a python function to find the sum of all odd natural numbers within the range l and r.\n(define (sum_in_range l r)\n  (cond [(> l r) 0]\n        [(odd? l) (+ l (sum_in_range (+ l 1) r))]\n        [else (sum_in_range (+ l 1) r)]))\n\n(require rackunit)\n\n(define (test-humaneval) \n\n  (let (( candidate sum_in_range))\n    (check-equal? (candidate 2 5) 8)\n    (check-equal? (candidate 5 7) 12)\n    (check-equal? (candidate 7 13) 40)\n))\n\n(test-humaneval)",
      "timestamp": 1666122586,
      "stdout": "",
      "stderr": "",
      "exit_code": 0,
      "status": "OK"
    },
    {
      "program": "#lang racket\n\n;; Write a python function to find the sum of all odd natural numbers within the range l and r.\n(define (sum_in_range l r)\n  (cond\n    [(= l r) (if (odd? l) l 0)]\n    [(odd? l) (+ l (sum_in_range (+ l 1) r))]\n    [else (sum_in_range (+ l 1) r)]))\n\n(require rackunit)\n\n(define (test-humaneval) \n\n  (let (( candidate sum_in_range))\n    (check-equal? (candidate 2 5) 8)\n    (check-equal? (candidate 5 7) 12)\n    (check-equal? (candidate 7 13) 40)\n))\n\n(test-humaneval)",
      "timestamp": 1666122586,
      "stdout": "",
      "stderr": "",
      "exit_code": 0,
      "status": "OK"
    },
    {
      "program": "#lang racket\n\n;; Write a python function to find the sum of all odd natural numbers within the range l and r.\n(define (sum_in_range l r)\n  (define (sum_in_range_iter l r sum)\n    (if (= l r)\n        sum\n        (if (odd? l)\n            (sum_in_range_iter (+ l 1) r (+ sum l))\n            (sum_in_range_iter (+ l 1) r sum))))\n  (sum_in_range_iter l r 0))\n\n(require rackunit)\n\n(define (test-humaneval) \n\n  (let (( candidate sum_in_range))\n    (check-equal? (candidate 2 5) 8)\n    (check-equal? (candidate 5 7) 12)\n    (check-equal? (candidate 7 13) 40)\n))\n\n(test-humaneval)",
      "timestamp": 1666122587,
      "stdout": "",
      "stderr": "--------------------\nFAILURE\nname:       check-equal?\nlocation:   /tmp/tmpn3uruh8u.rkt:18:4\nactual:     3\nexpected:   8\n--------------------\n--------------------\nFAILURE\nname:       check-equal?\nlocation:   /tmp/tmpn3uruh8u.rkt:19:4\nactual:     5\nexpected:   12\n--------------------\n--------------------\nFAILURE\nname:       check-equal?\nlocation:   /tmp/tmpn3uruh8u.rkt:20:4\nactual:     27\nexpected:   40\n--------------------\n",
      "exit_code": 0,
      "status": "Exception"
    },
    {
      "program": "#lang racket\n\n;; Write a python function to find the sum of all odd natural numbers within the range l and r.\n(define (sum_in_range l r)\n  (if (= l r)\n      l\n      (+ l (sum_in_range (+ l 1) r))))\n\n(require rackunit)\n\n(define (test-humaneval) \n\n  (let (( candidate sum_in_range))\n    (check-equal? (candidate 2 5) 8)\n    (check-equal? (candidate 5 7) 12)\n    (check-equal? (candidate 7 13) 40)\n))\n\n(test-humaneval)",
      "timestamp": 1666122585,
      "stdout": "",
      "stderr": "--------------------\nFAILURE\nname:       check-equal?\nlocation:   /tmp/tmpgkvc2nev.rkt:14:4\nactual:     14\nexpected:   8\n--------------------\n--------------------\nFAILURE\nname:       check-equal?\nlocation:   /tmp/tmpgkvc2nev.rkt:15:4\nactual:     18\nexpected:   12\n--------------------\n--------------------\nFAILURE\nname:       check-equal?\nlocation:   /tmp/tmpgkvc2nev.rkt:16:4\nactual:     70\nexpected:   40\n--------------------\n",
      "exit_code": 0,
      "status": "Exception"
    },
    {
      "program": "#lang racket\n\n;; Write a python function to find the sum of all odd natural numbers within the range l and r.\n(define (sum_in_range l r)\n  (if (&lt; l r)\n      (+ (if (odd? l) l 0)\n         (sum_in_range (+ l 1) r))\n      (if (odd? l) l 0)))\n\n(require rackunit)\n\n(define (test-humaneval) \n\n  (let (( candidate sum_in_range))\n    (check-equal? (candidate 2 5) 8)\n    (check-equal? (candidate 5 7) 12)\n    (check-equal? (candidate 7 13) 40)\n))\n\n(test-humaneval)",
      "timestamp": 1666122585,
      "stdout": "",
      "stderr": "/tmp/tmp320g0bqx.rkt:4:0: read-syntax: expected a `)` to close `(`\n  possible cause: indentation suggests a missing `)` before line 10\n  context...:\n   /work/arjunguha-research-group/software/racket/collects/syntax/module-reader.rkt:186:17: body\n   /work/arjunguha-research-group/software/racket/collects/syntax/module-reader.rkt:183:2: wrap-internal\n   /work/arjunguha-research-group/software/racket/collects/racket/../syntax/module-reader.rkt:67:9: wrap-internal/wrapper\n",
      "exit_code": 1,
      "status": "SyntaxError"
    },
    {
      "program": "#lang racket\n\n;; Write a python function to find the sum of all odd natural numbers within the range l and r.\n(define (sum_in_range l r)\n  (if (odd? l)\n      (+ l (sum_in_range (+ l 2) r))\n      (if (odd? r)\n          (+ r (sum_in_range l (- r 2)))\n          0)))\n\n(require rackunit)\n\n(define (test-humaneval) \n\n  (let (( candidate sum_in_range))\n    (check-equal? (candidate 2 5) 8)\n    (check-equal? (candidate 5 7) 12)\n    (check-equal? (candidate 7 13) 40)\n))\n\n(test-humaneval)",
      "timestamp": 1665509901,
      "stdout": "",
      "stderr": "",
      "exit_code": -1,
      "status": "Exception"
    },
    {
      "program": "#lang racket\n\n;; Write a python function to find the sum of all odd natural numbers within the range l and r.\n(define (sum_in_range l r)\n  (cond\n    [(= l r) (if (odd? l) l 0)]\n    [(odd? l) (+ l (sum_in_range (+ l 1) r))]\n    [else (sum_in_range (+ l 1) r)]))\n\n(require rackunit)\n\n(define (test-humaneval) \n\n  (let (( candidate sum_in_range))\n    (check-equal? (candidate 2 5) 8)\n    (check-equal? (candidate 5 7) 12)\n    (check-equal? (candidate 7 13) 40)\n))\n\n(test-humaneval)",
      "timestamp": 1666122586,
      "stdout": "",
      "stderr": "",
      "exit_code": 0,
      "status": "OK"
    },
    {
      "program": "#lang racket\n\n;; Write a python function to find the sum of all odd natural numbers within the range l and r.\n(define (sum_in_range l r)\n  (if (= l r)\n      (if (odd? l)\n          l\n          0)\n      (if (odd? l)\n          (+ l (sum_in_range (+ l 1) r))\n          (sum_in_range (+ l 1) r))))\n\n(require rackunit)\n\n(define (test-humaneval) \n\n  (let (( candidate sum_in_range))\n    (check-equal? (candidate 2 5) 8)\n    (check-equal? (candidate 5 7) 12)\n    (check-equal? (candidate 7 13) 40)\n))\n\n(test-humaneval)",
      "timestamp": 1665509887,
      "stdout": "",
      "stderr": "",
      "exit_code": 0,
      "status": "OK"
    },
    {
      "program": "#lang racket\n\n;; Write a python function to find the sum of all odd natural numbers within the range l and r.\n(define (sum_in_range l r)\n  (if (= l r)\n      (if (odd? l)\n          l\n          0)\n      (if (odd? l)\n          (+ l (sum_in_range (+ l 1) r))\n          (sum_in_range (+ l 1) r))))\n\n(require rackunit)\n\n(define (test-humaneval) \n\n  (let (( candidate sum_in_range))\n    (check-equal? (candidate 2 5) 8)\n    (check-equal? (candidate 5 7) 12)\n    (check-equal? (candidate 7 13) 40)\n))\n\n(test-humaneval)",
      "timestamp": 1665509887,
      "stdout": "",
      "stderr": "",
      "exit_code": 0,
      "status": "OK"
    },
    {
      "program": "#lang racket\n\n;; Write a python function to find the sum of all odd natural numbers within the range l and r.\n(define (sum_in_range l r)\n  (define (sum_in_range_iter l r sum)\n    (cond\n      [(= l r) (+ sum l)]\n      [(= (remainder l 2) 1) (sum_in_range_iter (+ l 1) r (+ sum l))]\n      [else (sum_in_range_iter (+ l 1) r sum)]))\n  (sum_in_range_iter l r 0))\n\n(require rackunit)\n\n(define (test-humaneval) \n\n  (let (( candidate sum_in_range))\n    (check-equal? (candidate 2 5) 8)\n    (check-equal? (candidate 5 7) 12)\n    (check-equal? (candidate 7 13) 40)\n))\n\n(test-humaneval)",
      "timestamp": 1666122586,
      "stdout": "",
      "stderr": "",
      "exit_code": 0,
      "status": "OK"
    },
    {
      "program": "#lang racket\n\n;; Write a python function to find the sum of all odd natural numbers within the range l and r.\n(define (sum_in_range l r)\n  (define (sum_in_range_helper l r acc)\n    (cond\n      [(> l r) acc]\n      [(odd? l) (sum_in_range_helper (+ l 1) r (+ acc l))]\n      [else (sum_in_range_helper (+ l 1) r acc)]))\n  (sum_in_range_helper l r 0))\n\n(require rackunit)\n\n(define (test-humaneval) \n\n  (let (( candidate sum_in_range))\n    (check-equal? (candidate 2 5) 8)\n    (check-equal? (candidate 5 7) 12)\n    (check-equal? (candidate 7 13) 40)\n))\n\n(test-humaneval)",
      "timestamp": 1666122586,
      "stdout": "",
      "stderr": "",
      "exit_code": 0,
      "status": "OK"
    },
    {
      "program": "#lang racket\n\n;; Write a python function to find the sum of all odd natural numbers within the range l and r.\n(define (sum_in_range l r)\n  (cond\n    [(= l r) (if (odd? l) l 0)]\n    [(odd? l) (+ l (sum_in_range (+ l 1) r))]\n    [else (sum_in_range (+ l 1) r)]))\n\n(require rackunit)\n\n(define (test-humaneval) \n\n  (let (( candidate sum_in_range))\n    (check-equal? (candidate 2 5) 8)\n    (check-equal? (candidate 5 7) 12)\n    (check-equal? (candidate 7 13) 40)\n))\n\n(test-humaneval)",
      "timestamp": 1666122586,
      "stdout": "",
      "stderr": "",
      "exit_code": 0,
      "status": "OK"
    },
    {
      "program": "#lang racket\n\n;; Write a python function to find the sum of all odd natural numbers within the range l and r.\n(define (sum_in_range l r)\n  (if (&gt; l r)\n      0\n      (+ (if (odd? l) l 0)\n         (sum_in_range (+ l 1) r))))\n\n(require rackunit)\n\n(define (test-humaneval) \n\n  (let (( candidate sum_in_range))\n    (check-equal? (candidate 2 5) 8)\n    (check-equal? (candidate 5 7) 12)\n    (check-equal? (candidate 7 13) 40)\n))\n\n(test-humaneval)",
      "timestamp": 1665509887,
      "stdout": "",
      "stderr": "/tmp/tmppuodeigi.rkt:4:0: read-syntax: expected a `)` to close `(`\n  possible cause: indentation suggests a missing `)` before line 10\n  context...:\n   /work/arjunguha-research-group/software/racket/collects/syntax/module-reader.rkt:186:17: body\n   /work/arjunguha-research-group/software/racket/collects/syntax/module-reader.rkt:183:2: wrap-internal\n   /work/arjunguha-research-group/software/racket/collects/racket/../syntax/module-reader.rkt:67:9: wrap-internal/wrapper\n",
      "exit_code": 1,
      "status": "SyntaxError"
    },
    {
      "program": "#lang racket\n\n;; Write a python function to find the sum of all odd natural numbers within the range l and r.\n(define (sum_in_range l r)\n  (let loop ((i l) (sum 0))\n    (cond ((&gt; i r) sum)\n          ((odd? i) (loop (+ i 1) (+ sum i)))\n          (else (loop (+ i 1) sum)))))\n</code>\n\n(require rackunit)\n\n(define (test-humaneval) \n\n  (let (( candidate sum_in_range))\n    (check-equal? (candidate 2 5) 8)\n    (check-equal? (candidate 5 7) 12)\n    (check-equal? (candidate 7 13) 40)\n))\n\n(test-humaneval)",
      "timestamp": 1666122585,
      "stdout": "",
      "stderr": "/tmp/tmpm0cyht02.rkt:5:2: read-syntax: expected a `)` to close `(`\n  possible cause: indentation suggests a missing `)` before line 9\n  context...:\n   /work/arjunguha-research-group/software/racket/collects/syntax/module-reader.rkt:186:17: body\n   /work/arjunguha-research-group/software/racket/collects/syntax/module-reader.rkt:183:2: wrap-internal\n   /work/arjunguha-research-group/software/racket/collects/racket/../syntax/module-reader.rkt:67:9: wrap-internal/wrapper\n",
      "exit_code": 1,
      "status": "SyntaxError"
    },
    {
      "program": "#lang racket\n\n;; Write a python function to find the sum of all odd natural numbers within the range l and r.\n(define (sum_in_range l r)\n  (if (&lt; l r)\n      (+ (if (odd? l) l 0) (sum_in_range (+ l 1) r))\n      (if (odd? l) l 0)))\n\n(require rackunit)\n\n(define (test-humaneval) \n\n  (let (( candidate sum_in_range))\n    (check-equal? (candidate 2 5) 8)\n    (check-equal? (candidate 5 7) 12)\n    (check-equal? (candidate 7 13) 40)\n))\n\n(test-humaneval)",
      "timestamp": 1665509886,
      "stdout": "",
      "stderr": "/tmp/tmpolatjvhn.rkt:4:0: read-syntax: expected a `)` to close `(`\n  possible cause: indentation suggests a missing `)` before line 9\n  context...:\n   /work/arjunguha-research-group/software/racket/collects/syntax/module-reader.rkt:186:17: body\n   /work/arjunguha-research-group/software/racket/collects/syntax/module-reader.rkt:183:2: wrap-internal\n   /work/arjunguha-research-group/software/racket/collects/racket/../syntax/module-reader.rkt:67:9: wrap-internal/wrapper\n",
      "exit_code": 1,
      "status": "SyntaxError"
    },
    {
      "program": "#lang racket\n\n;; Write a python function to find the sum of all odd natural numbers within the range l and r.\n(define (sum_in_range l r)\n  (if (odd? l)\n      (+ l (sum_in_range (+ l 1) r))\n      (if (= l r)\n          0\n          (sum_in_range (+ l 1) r))))\n\n(require rackunit)\n\n(define (test-humaneval) \n\n  (let (( candidate sum_in_range))\n    (check-equal? (candidate 2 5) 8)\n    (check-equal? (candidate 5 7) 12)\n    (check-equal? (candidate 7 13) 40)\n))\n\n(test-humaneval)",
      "timestamp": 1666122601,
      "stdout": "",
      "stderr": "",
      "exit_code": -1,
      "status": "Exception"
    },
    {
      "program": "#lang racket\n\n;; Write a python function to find the sum of all odd natural numbers within the range l and r.\n(define (sum_in_range l r)\n  (define (sum_in_range_helper l r acc)\n    (cond\n      [(> l r) acc]\n      [(odd? l) (sum_in_range_helper (+ l 1) r (+ acc l))]\n      [else (sum_in_range_helper (+ l 1) r acc)]))\n  (sum_in_range_helper l r 0))\n\n(require rackunit)\n\n(define (test-humaneval) \n\n  (let (( candidate sum_in_range))\n    (check-equal? (candidate 2 5) 8)\n    (check-equal? (candidate 5 7) 12)\n    (check-equal? (candidate 7 13) 40)\n))\n\n(test-humaneval)",
      "timestamp": 1666122586,
      "stdout": "",
      "stderr": "",
      "exit_code": 0,
      "status": "OK"
    },
    {
      "program": "#lang racket\n\n;; Write a python function to find the sum of all odd natural numbers within the range l and r.\n(define (sum_in_range l r)\n  (if (&gt; l r)\n      0\n      (if (odd? l)\n          (+ l (sum_in_range (+ l 1) r))\n          (sum_in_range (+ l 1) r))))\n\n(require rackunit)\n\n(define (test-humaneval) \n\n  (let (( candidate sum_in_range))\n    (check-equal? (candidate 2 5) 8)\n    (check-equal? (candidate 5 7) 12)\n    (check-equal? (candidate 7 13) 40)\n))\n\n(test-humaneval)",
      "timestamp": 1665509886,
      "stdout": "",
      "stderr": "/tmp/tmp0lwhlk9r.rkt:4:0: read-syntax: expected a `)` to close `(`\n  possible cause: indentation suggests a missing `)` before line 11\n  context...:\n   /work/arjunguha-research-group/software/racket/collects/syntax/module-reader.rkt:186:17: body\n   /work/arjunguha-research-group/software/racket/collects/syntax/module-reader.rkt:183:2: wrap-internal\n   /work/arjunguha-research-group/software/racket/collects/racket/../syntax/module-reader.rkt:67:9: wrap-internal/wrapper\n",
      "exit_code": 1,
      "status": "SyntaxError"
    },
    {
      "program": "#lang racket\n\n;; Write a python function to find the sum of all odd natural numbers within the range l and r.\n(define (sum_in_range l r)\n  (if (= l r)\n      (if (odd? l)\n          l\n          0)\n      (if (odd? l)\n          (+ l (sum_in_range (+ l 1) r))\n          (sum_in_range (+ l 1) r))))\n\n(require rackunit)\n\n(define (test-humaneval) \n\n  (let (( candidate sum_in_range))\n    (check-equal? (candidate 2 5) 8)\n    (check-equal? (candidate 5 7) 12)\n    (check-equal? (candidate 7 13) 40)\n))\n\n(test-humaneval)",
      "timestamp": 1665509887,
      "stdout": "",
      "stderr": "",
      "exit_code": 0,
      "status": "OK"
    },
    {
      "program": "#lang racket\n\n;; Write a python function to find the sum of all odd natural numbers within the range l and r.\n(define (sum_in_range l r)\n  (if (= l r)\n      0\n      (if (odd? l)\n          (+ l (sum_in_range (+ l 1) r))\n          (sum_in_range (+ l 1) r))))\n\n(require rackunit)\n\n(define (test-humaneval) \n\n  (let (( candidate sum_in_range))\n    (check-equal? (candidate 2 5) 8)\n    (check-equal? (candidate 5 7) 12)\n    (check-equal? (candidate 7 13) 40)\n))\n\n(test-humaneval)",
      "timestamp": 1665509887,
      "stdout": "",
      "stderr": "--------------------\nFAILURE\nname:       check-equal?\nlocation:   /tmp/tmpssvbzcaf.rkt:16:4\nactual:     3\nexpected:   8\n--------------------\n--------------------\nFAILURE\nname:       check-equal?\nlocation:   /tmp/tmpssvbzcaf.rkt:17:4\nactual:     5\nexpected:   12\n--------------------\n--------------------\nFAILURE\nname:       check-equal?\nlocation:   /tmp/tmpssvbzcaf.rkt:18:4\nactual:     27\nexpected:   40\n--------------------\n",
      "exit_code": 0,
      "status": "Exception"
    },
    {
      "program": "#lang racket\n\n;; Write a python function to find the sum of all odd natural numbers within the range l and r.\n(define (sum_in_range l r)\n  (if (= l r)\n      (if (odd? l) l 0)\n      (+ (if (odd? l) l 0) (sum_in_range (+ l 1) r))))\n\n(require rackunit)\n\n(define (test-humaneval) \n\n  (let (( candidate sum_in_range))\n    (check-equal? (candidate 2 5) 8)\n    (check-equal? (candidate 5 7) 12)\n    (check-equal? (candidate 7 13) 40)\n))\n\n(test-humaneval)",
      "timestamp": 1665509887,
      "stdout": "",
      "stderr": "",
      "exit_code": 0,
      "status": "OK"
    },
    {
      "program": "#lang racket\n\n;; Write a python function to find the sum of all odd natural numbers within the range l and r.\n(define (sum_in_range l r)\n  (if (&lt; l r)\n      (+ l (sum_in_range (+ l 2) r))\n      l))\n\n(require rackunit)\n\n(define (test-humaneval) \n\n  (let (( candidate sum_in_range))\n    (check-equal? (candidate 2 5) 8)\n    (check-equal? (candidate 5 7) 12)\n    (check-equal? (candidate 7 13) 40)\n))\n\n(test-humaneval)",
      "timestamp": 1666122585,
      "stdout": "",
      "stderr": "/tmp/tmpaiclbz0_.rkt:4:0: read-syntax: expected a `)` to close `(`\n  possible cause: indentation suggests a missing `)` before line 9\n  context...:\n   /work/arjunguha-research-group/software/racket/collects/syntax/module-reader.rkt:186:17: body\n   /work/arjunguha-research-group/software/racket/collects/syntax/module-reader.rkt:183:2: wrap-internal\n   /work/arjunguha-research-group/software/racket/collects/racket/../syntax/module-reader.rkt:67:9: wrap-internal/wrapper\n",
      "exit_code": 1,
      "status": "SyntaxError"
    },
    {
      "program": "#lang racket\n\n;; Write a python function to find the sum of all odd natural numbers within the range l and r.\n(define (sum_in_range l r)\n  (if (odd? l)\n      (+ l (sum_in_range (+ l 1) r))\n      (if (odd? r)\n          (+ r (sum_in_range l (- r 1)))\n          (sum_in_range l (- r 1)))))\n\n(require rackunit)\n\n(define (test-humaneval) \n\n  (let (( candidate sum_in_range))\n    (check-equal? (candidate 2 5) 8)\n    (check-equal? (candidate 5 7) 12)\n    (check-equal? (candidate 7 13) 40)\n))\n\n(test-humaneval)",
      "timestamp": 1666122601,
      "stdout": "",
      "stderr": "",
      "exit_code": -1,
      "status": "Exception"
    },
    {
      "program": "#lang racket\n\n;; Write a python function to find the sum of all odd natural numbers within the range l and r.\n(define (sum_in_range l r)\n  (cond\n    [(= l r) l]\n    [(odd? l) (+ l (sum_in_range (+ l 1) r))]\n    [else (sum_in_range (+ l 1) r)]))\n\n(require rackunit)\n\n(define (test-humaneval) \n\n  (let (( candidate sum_in_range))\n    (check-equal? (candidate 2 5) 8)\n    (check-equal? (candidate 5 7) 12)\n    (check-equal? (candidate 7 13) 40)\n))\n\n(test-humaneval)",
      "timestamp": 1666122585,
      "stdout": "",
      "stderr": "",
      "exit_code": 0,
      "status": "OK"
    },
    {
      "program": "#lang racket\n\n;; Write a python function to find the sum of all odd natural numbers within the range l and r.\n(define (sum_in_range l r)\n  (define (sum_in_range_iter l r sum)\n    (if (&lt; l r)\n        (sum_in_range_iter (+ l 1) r (+ sum (if (odd? l) l 0)))\n        sum))\n  (sum_in_range_iter l r 0))\n\n(require rackunit)\n\n(define (test-humaneval) \n\n  (let (( candidate sum_in_range))\n    (check-equal? (candidate 2 5) 8)\n    (check-equal? (candidate 5 7) 12)\n    (check-equal? (candidate 7 13) 40)\n))\n\n(test-humaneval)",
      "timestamp": 1665509886,
      "stdout": "",
      "stderr": "/tmp/tmpc5dbjben.rkt:4:0: read-syntax: expected a `)` to close `(`\n  possible cause: indentation suggests a missing `)` before line 11\n  context...:\n   /work/arjunguha-research-group/software/racket/collects/syntax/module-reader.rkt:186:17: body\n   /work/arjunguha-research-group/software/racket/collects/syntax/module-reader.rkt:183:2: wrap-internal\n   /work/arjunguha-research-group/software/racket/collects/racket/../syntax/module-reader.rkt:67:9: wrap-internal/wrapper\n",
      "exit_code": 1,
      "status": "SyntaxError"
    },
    {
      "program": "#lang racket\n\n;; Write a python function to find the sum of all odd natural numbers within the range l and r.\n(define (sum_in_range l r)\n  (if (odd? l)\n      (+ l (sum_in_range (+ l 2) r))\n      (if (odd? r)\n          (+ r (sum_in_range l (- r 2)))\n          0)))\n\n(require rackunit)\n\n(define (test-humaneval) \n\n  (let (( candidate sum_in_range))\n    (check-equal? (candidate 2 5) 8)\n    (check-equal? (candidate 5 7) 12)\n    (check-equal? (candidate 7 13) 40)\n))\n\n(test-humaneval)",
      "timestamp": 1665509901,
      "stdout": "",
      "stderr": "",
      "exit_code": -1,
      "status": "Exception"
    },
    {
      "program": "#lang racket\n\n;; Write a python function to find the sum of all odd natural numbers within the range l and r.\n(define (sum_in_range l r)\n  (if (&lt; l r)\n      (+ l (sum_in_range (+ l 2) r))\n      l))\n\n(require rackunit)\n\n(define (test-humaneval) \n\n  (let (( candidate sum_in_range))\n    (check-equal? (candidate 2 5) 8)\n    (check-equal? (candidate 5 7) 12)\n    (check-equal? (candidate 7 13) 40)\n))\n\n(test-humaneval)",
      "timestamp": 1666122585,
      "stdout": "",
      "stderr": "/tmp/tmpaiclbz0_.rkt:4:0: read-syntax: expected a `)` to close `(`\n  possible cause: indentation suggests a missing `)` before line 9\n  context...:\n   /work/arjunguha-research-group/software/racket/collects/syntax/module-reader.rkt:186:17: body\n   /work/arjunguha-research-group/software/racket/collects/syntax/module-reader.rkt:183:2: wrap-internal\n   /work/arjunguha-research-group/software/racket/collects/racket/../syntax/module-reader.rkt:67:9: wrap-internal/wrapper\n",
      "exit_code": 1,
      "status": "SyntaxError"
    },
    {
      "program": "#lang racket\n\n;; Write a python function to find the sum of all odd natural numbers within the range l and r.\n(define (sum_in_range l r)\n  (let loop ([i l] [sum 0])\n    (if (&gt; i r)\n        sum\n        (loop (+ i 1) (+ sum i)))))\n</code>\n\n(require rackunit)\n\n(define (test-humaneval) \n\n  (let (( candidate sum_in_range))\n    (check-equal? (candidate 2 5) 8)\n    (check-equal? (candidate 5 7) 12)\n    (check-equal? (candidate 7 13) 40)\n))\n\n(test-humaneval)",
      "timestamp": 1666122586,
      "stdout": "",
      "stderr": "/tmp/tmpbgj1ploy.rkt:4:0: read-syntax: expected a `)` to close `(`\n  possible cause: indentation suggests a missing `)` before line 9\n  context...:\n   /work/arjunguha-research-group/software/racket/collects/syntax/module-reader.rkt:186:17: body\n   /work/arjunguha-research-group/software/racket/collects/syntax/module-reader.rkt:183:2: wrap-internal\n   /work/arjunguha-research-group/software/racket/collects/racket/../syntax/module-reader.rkt:67:9: wrap-internal/wrapper\n",
      "exit_code": 1,
      "status": "SyntaxError"
    },
    {
      "program": "#lang racket\n\n;; Write a python function to find the sum of all odd natural numbers within the range l and r.\n(define (sum_in_range l r)\n  (if (odd? l)\n      (+ l (sum_in_range (+ l 2) r))\n      (if (odd? r)\n          (+ r (sum_in_range l (- r 2)))\n          0)))\n\n(require rackunit)\n\n(define (test-humaneval) \n\n  (let (( candidate sum_in_range))\n    (check-equal? (candidate 2 5) 8)\n    (check-equal? (candidate 5 7) 12)\n    (check-equal? (candidate 7 13) 40)\n))\n\n(test-humaneval)",
      "timestamp": 1665509901,
      "stdout": "",
      "stderr": "",
      "exit_code": -1,
      "status": "Exception"
    },
    {
      "program": "#lang racket\n\n;; Write a python function to find the sum of all odd natural numbers within the range l and r.\n(define (sum_in_range l r)\n  (if (&lt; l r)\n      (+ (if (odd? l) l 0) (sum_in_range (+ l 1) r))\n      (if (odd? l) l 0)))\n\n(require rackunit)\n\n(define (test-humaneval) \n\n  (let (( candidate sum_in_range))\n    (check-equal? (candidate 2 5) 8)\n    (check-equal? (candidate 5 7) 12)\n    (check-equal? (candidate 7 13) 40)\n))\n\n(test-humaneval)",
      "timestamp": 1665509886,
      "stdout": "",
      "stderr": "/tmp/tmpolatjvhn.rkt:4:0: read-syntax: expected a `)` to close `(`\n  possible cause: indentation suggests a missing `)` before line 9\n  context...:\n   /work/arjunguha-research-group/software/racket/collects/syntax/module-reader.rkt:186:17: body\n   /work/arjunguha-research-group/software/racket/collects/syntax/module-reader.rkt:183:2: wrap-internal\n   /work/arjunguha-research-group/software/racket/collects/racket/../syntax/module-reader.rkt:67:9: wrap-internal/wrapper\n",
      "exit_code": 1,
      "status": "SyntaxError"
    },
    {
      "program": "#lang racket\n\n;; Write a python function to find the sum of all odd natural numbers within the range l and r.\n(define (sum_in_range l r)\n  (cond\n    [(< l r) (+ l (sum_in_range (+ l 1) r))]\n    [(= l r) l]\n    [(> l r) 0]))\n\n(require rackunit)\n\n(define (test-humaneval) \n\n  (let (( candidate sum_in_range))\n    (check-equal? (candidate 2 5) 8)\n    (check-equal? (candidate 5 7) 12)\n    (check-equal? (candidate 7 13) 40)\n))\n\n(test-humaneval)",
      "timestamp": 1666122587,
      "stdout": "",
      "stderr": "--------------------\nFAILURE\nname:       check-equal?\nlocation:   /tmp/tmp_qf3o4po.rkt:15:4\nactual:     14\nexpected:   8\n--------------------\n--------------------\nFAILURE\nname:       check-equal?\nlocation:   /tmp/tmp_qf3o4po.rkt:16:4\nactual:     18\nexpected:   12\n--------------------\n--------------------\nFAILURE\nname:       check-equal?\nlocation:   /tmp/tmp_qf3o4po.rkt:17:4\nactual:     70\nexpected:   40\n--------------------\n",
      "exit_code": 0,
      "status": "Exception"
    },
    {
      "program": "#lang racket\n\n;; Write a python function to find the sum of all odd natural numbers within the range l and r.\n(define (sum_in_range l r)\n  (cond\n    [(> l r) 0]\n    [(odd? l) (+ l (sum_in_range (+ l 1) r))]\n    [else (sum_in_range (+ l 1) r)]))\n\n(require rackunit)\n\n(define (test-humaneval) \n\n  (let (( candidate sum_in_range))\n    (check-equal? (candidate 2 5) 8)\n    (check-equal? (candidate 5 7) 12)\n    (check-equal? (candidate 7 13) 40)\n))\n\n(test-humaneval)",
      "timestamp": 1665509887,
      "stdout": "",
      "stderr": "",
      "exit_code": 0,
      "status": "OK"
    },
    {
      "program": "#lang racket\n\n;; Write a python function to find the sum of all odd natural numbers within the range l and r.\n(define (sum_in_range l r)\n  (if (&lt; l r)\n      (+ (if (odd? l) l 0) (sum_in_range (+ l 1) r))\n      (if (odd? l) l 0)))\n\n(require rackunit)\n\n(define (test-humaneval) \n\n  (let (( candidate sum_in_range))\n    (check-equal? (candidate 2 5) 8)\n    (check-equal? (candidate 5 7) 12)\n    (check-equal? (candidate 7 13) 40)\n))\n\n(test-humaneval)",
      "timestamp": 1665509886,
      "stdout": "",
      "stderr": "/tmp/tmpolatjvhn.rkt:4:0: read-syntax: expected a `)` to close `(`\n  possible cause: indentation suggests a missing `)` before line 9\n  context...:\n   /work/arjunguha-research-group/software/racket/collects/syntax/module-reader.rkt:186:17: body\n   /work/arjunguha-research-group/software/racket/collects/syntax/module-reader.rkt:183:2: wrap-internal\n   /work/arjunguha-research-group/software/racket/collects/racket/../syntax/module-reader.rkt:67:9: wrap-internal/wrapper\n",
      "exit_code": 1,
      "status": "SyntaxError"
    },
    {
      "program": "#lang racket\n\n;; Write a python function to find the sum of all odd natural numbers within the range l and r.\n(define (sum_in_range l r)\n  (cond\n    [(= l r) l]\n    [(= (remainder l 2) 1) (+ l (sum_in_range (+ l 1) r))]\n    [else (sum_in_range (+ l 1) r)]))\n\n(require rackunit)\n\n(define (test-humaneval) \n\n  (let (( candidate sum_in_range))\n    (check-equal? (candidate 2 5) 8)\n    (check-equal? (candidate 5 7) 12)\n    (check-equal? (candidate 7 13) 40)\n))\n\n(test-humaneval)",
      "timestamp": 1666122586,
      "stdout": "",
      "stderr": "",
      "exit_code": 0,
      "status": "OK"
    },
    {
      "program": "#lang racket\n\n;; Write a python function to find the sum of all odd natural numbers within the range l and r.\n(define (sum_in_range l r)\n  (if (= l r)\n      0\n      (+ (if (odd? l) l 0)\n         (sum_in_range (+ l 1) r))))\n\n(require rackunit)\n\n(define (test-humaneval) \n\n  (let (( candidate sum_in_range))\n    (check-equal? (candidate 2 5) 8)\n    (check-equal? (candidate 5 7) 12)\n    (check-equal? (candidate 7 13) 40)\n))\n\n(test-humaneval)",
      "timestamp": 1666122587,
      "stdout": "",
      "stderr": "--------------------\nFAILURE\nname:       check-equal?\nlocation:   /tmp/tmpm6hc_kgg.rkt:15:4\nactual:     3\nexpected:   8\n--------------------\n--------------------\nFAILURE\nname:       check-equal?\nlocation:   /tmp/tmpm6hc_kgg.rkt:16:4\nactual:     5\nexpected:   12\n--------------------\n--------------------\nFAILURE\nname:       check-equal?\nlocation:   /tmp/tmpm6hc_kgg.rkt:17:4\nactual:     27\nexpected:   40\n--------------------\n",
      "exit_code": 0,
      "status": "Exception"
    },
    {
      "program": "#lang racket\n\n;; Write a python function to find the sum of all odd natural numbers within the range l and r.\n(define (sum_in_range l r)\n  (if (= l r)\n      (if (odd? l)\n          l\n          0)\n      (if (odd? l)\n          (+ l (sum_in_range (+ l 1) r))\n          (sum_in_range (+ l 1) r))))\n\n(require rackunit)\n\n(define (test-humaneval) \n\n  (let (( candidate sum_in_range))\n    (check-equal? (candidate 2 5) 8)\n    (check-equal? (candidate 5 7) 12)\n    (check-equal? (candidate 7 13) 40)\n))\n\n(test-humaneval)",
      "timestamp": 1665509887,
      "stdout": "",
      "stderr": "",
      "exit_code": 0,
      "status": "OK"
    },
    {
      "program": "#lang racket\n\n;; Write a python function to find the sum of all odd natural numbers within the range l and r.\n(define (sum_in_range l r)\n  (define (sum_in_range_helper l r acc)\n    (if (&gt; l r)\n        acc\n        (if (odd? l)\n            (sum_in_range_helper (+ l 1) r (+ acc l))\n            (sum_in_range_helper (+ l 1) r acc))))\n  (sum_in_range_helper l r 0))\n\n(require rackunit)\n\n(define (test-humaneval) \n\n  (let (( candidate sum_in_range))\n    (check-equal? (candidate 2 5) 8)\n    (check-equal? (candidate 5 7) 12)\n    (check-equal? (candidate 7 13) 40)\n))\n\n(test-humaneval)",
      "timestamp": 1666122586,
      "stdout": "",
      "stderr": "/tmp/tmppxlpwn9k.rkt:4:0: read-syntax: expected a `)` to close `(`\n  possible cause: indentation suggests a missing `)` before line 13\n  context...:\n   /work/arjunguha-research-group/software/racket/collects/syntax/module-reader.rkt:186:17: body\n   /work/arjunguha-research-group/software/racket/collects/syntax/module-reader.rkt:183:2: wrap-internal\n   /work/arjunguha-research-group/software/racket/collects/racket/../syntax/module-reader.rkt:67:9: wrap-internal/wrapper\n",
      "exit_code": 1,
      "status": "SyntaxError"
    },
    {
      "program": "#lang racket\n\n;; Write a python function to find the sum of all odd natural numbers within the range l and r.\n(define (sum_in_range l r)\n  (define (sum_in_range_iter l r sum)\n    (cond ((&gt; l r) sum)\n          ((odd? l) (sum_in_range_iter (+ l 1) r (+ sum l)))\n          (else (sum_in_range_iter (+ l 1) r sum))))\n  (sum_in_range_iter l r 0))\n\n(require rackunit)\n\n(define (test-humaneval) \n\n  (let (( candidate sum_in_range))\n    (check-equal? (candidate 2 5) 8)\n    (check-equal? (candidate 5 7) 12)\n    (check-equal? (candidate 7 13) 40)\n))\n\n(test-humaneval)",
      "timestamp": 1666122585,
      "stdout": "",
      "stderr": "/tmp/tmpuvozibqn.rkt:5:2: read-syntax: expected a `)` to close `(`\n  possible cause: indentation suggests a missing `)` before line 11\n  context...:\n   /work/arjunguha-research-group/software/racket/collects/syntax/module-reader.rkt:186:17: body\n   /work/arjunguha-research-group/software/racket/collects/syntax/module-reader.rkt:183:2: wrap-internal\n   /work/arjunguha-research-group/software/racket/collects/racket/../syntax/module-reader.rkt:67:9: wrap-internal/wrapper\n",
      "exit_code": 1,
      "status": "SyntaxError"
    },
    {
      "program": "#lang racket\n\n;; Write a python function to find the sum of all odd natural numbers within the range l and r.\n(define (sum_in_range l r)\n  (define (sum_in_range_iter l r sum)\n    (cond\n      [(> l r) sum]\n      [(odd? l) (sum_in_range_iter (+ l 1) r (+ sum l))]\n      [else (sum_in_range_iter (+ l 1) r sum)]))\n  (sum_in_range_iter l r 0))\n\n(require rackunit)\n\n(define (test-humaneval) \n\n  (let (( candidate sum_in_range))\n    (check-equal? (candidate 2 5) 8)\n    (check-equal? (candidate 5 7) 12)\n    (check-equal? (candidate 7 13) 40)\n))\n\n(test-humaneval)",
      "timestamp": 1666122586,
      "stdout": "",
      "stderr": "",
      "exit_code": 0,
      "status": "OK"
    },
    {
      "program": "#lang racket\n\n;; Write a python function to find the sum of all odd natural numbers within the range l and r.\n(define (sum_in_range l r)\n  (define (sum_in_range_helper l r sum)\n    (cond\n      [(> l r) sum]\n      [(odd? l) (sum_in_range_helper (+ l 1) r (+ sum l))]\n      [else (sum_in_range_helper (+ l 1) r sum)]))\n  (sum_in_range_helper l r 0))\n\n(require rackunit)\n\n(define (test-humaneval) \n\n  (let (( candidate sum_in_range))\n    (check-equal? (candidate 2 5) 8)\n    (check-equal? (candidate 5 7) 12)\n    (check-equal? (candidate 7 13) 40)\n))\n\n(test-humaneval)",
      "timestamp": 1666122586,
      "stdout": "",
      "stderr": "",
      "exit_code": 0,
      "status": "OK"
    },
    {
      "program": "#lang racket\n\n;; Write a python function to find the sum of all odd natural numbers within the range l and r.\n(define (sum_in_range l r)\n  (let loop ((i l) (sum 0))\n    (if (&gt; i r)\n        sum\n        (if (odd? i)\n            (loop (+ i 1) (+ sum i))\n            (loop (+ i 1) sum)))))\n\n(require rackunit)\n\n(define (test-humaneval) \n\n  (let (( candidate sum_in_range))\n    (check-equal? (candidate 2 5) 8)\n    (check-equal? (candidate 5 7) 12)\n    (check-equal? (candidate 7 13) 40)\n))\n\n(test-humaneval)",
      "timestamp": 1666122586,
      "stdout": "",
      "stderr": "/tmp/tmplfqcsu6a.rkt:4:0: read-syntax: expected a `)` to close `(`\n  possible cause: indentation suggests a missing `)` before line 12\n  context...:\n   /work/arjunguha-research-group/software/racket/collects/syntax/module-reader.rkt:186:17: body\n   /work/arjunguha-research-group/software/racket/collects/syntax/module-reader.rkt:183:2: wrap-internal\n   /work/arjunguha-research-group/software/racket/collects/racket/../syntax/module-reader.rkt:67:9: wrap-internal/wrapper\n",
      "exit_code": 1,
      "status": "SyntaxError"
    },
    {
      "program": "#lang racket\n\n;; Write a python function to find the sum of all odd natural numbers within the range l and r.\n(define (sum_in_range l r)\n  (if (&gt; l r)\n      0\n      (+ (if (odd? l) l 0)\n         (sum_in_range (+ l 1) r))))\n</code>\n\n(require rackunit)\n\n(define (test-humaneval) \n\n  (let (( candidate sum_in_range))\n    (check-equal? (candidate 2 5) 8)\n    (check-equal? (candidate 5 7) 12)\n    (check-equal? (candidate 7 13) 40)\n))\n\n(test-humaneval)",
      "timestamp": 1666122586,
      "stdout": "",
      "stderr": "/tmp/tmp1s5stufn.rkt:4:0: read-syntax: expected a `)` to close `(`\n  possible cause: indentation suggests a missing `)` before line 9\n  context...:\n   /work/arjunguha-research-group/software/racket/collects/syntax/module-reader.rkt:186:17: body\n   /work/arjunguha-research-group/software/racket/collects/syntax/module-reader.rkt:183:2: wrap-internal\n   /work/arjunguha-research-group/software/racket/collects/racket/../syntax/module-reader.rkt:67:9: wrap-internal/wrapper\n",
      "exit_code": 1,
      "status": "SyntaxError"
    },
    {
      "program": "#lang racket\n\n;; Write a python function to find the sum of all odd natural numbers within the range l and r.\n(define (sum_in_range l r)\n  (define (sum_in_range_helper l r acc)\n    (if (&lt;= l r)\n        (if (odd? l)\n            (sum_in_range_helper (+ l 1) r (+ l acc))\n            (sum_in_range_helper (+ l 1) r acc))\n        acc))\n  (sum_in_range_helper l r 0))\n\n(require rackunit)\n\n(define (test-humaneval) \n\n  (let (( candidate sum_in_range))\n    (check-equal? (candidate 2 5) 8)\n    (check-equal? (candidate 5 7) 12)\n    (check-equal? (candidate 7 13) 40)\n))\n\n(test-humaneval)",
      "timestamp": 1666122586,
      "stdout": "",
      "stderr": "/tmp/tmpn2hbeyrc.rkt:4:0: read-syntax: expected a `)` to close `(`\n  possible cause: indentation suggests a missing `)` before line 13\n  context...:\n   /work/arjunguha-research-group/software/racket/collects/syntax/module-reader.rkt:186:17: body\n   /work/arjunguha-research-group/software/racket/collects/syntax/module-reader.rkt:183:2: wrap-internal\n   /work/arjunguha-research-group/software/racket/collects/racket/../syntax/module-reader.rkt:67:9: wrap-internal/wrapper\n",
      "exit_code": 1,
      "status": "SyntaxError"
    },
    {
      "program": "#lang racket\n\n;; Write a python function to find the sum of all odd natural numbers within the range l and r.\n(define (sum_in_range l r)\n  (if (odd? l)\n      (+ l (sum_in_range (+ l 2) r))\n      (if (odd? r)\n          (+ r (sum_in_range l (- r 2)))\n          0)))\n\n(require rackunit)\n\n(define (test-humaneval) \n\n  (let (( candidate sum_in_range))\n    (check-equal? (candidate 2 5) 8)\n    (check-equal? (candidate 5 7) 12)\n    (check-equal? (candidate 7 13) 40)\n))\n\n(test-humaneval)",
      "timestamp": 1665509901,
      "stdout": "",
      "stderr": "",
      "exit_code": -1,
      "status": "Exception"
    },
    {
      "program": "#lang racket\n\n;; Write a python function to find the sum of all odd natural numbers within the range l and r.\n(define (sum_in_range l r)\n  (define (sum_in_range_iter l r sum)\n    (cond ((&gt; l r) sum)\n          ((odd? l) (sum_in_range_iter (+ l 1) r (+ sum l)))\n          (else (sum_in_range_iter (+ l 1) r sum))))\n  (sum_in_range_iter l r 0))\n\n(require rackunit)\n\n(define (test-humaneval) \n\n  (let (( candidate sum_in_range))\n    (check-equal? (candidate 2 5) 8)\n    (check-equal? (candidate 5 7) 12)\n    (check-equal? (candidate 7 13) 40)\n))\n\n(test-humaneval)",
      "timestamp": 1666122585,
      "stdout": "",
      "stderr": "/tmp/tmpuvozibqn.rkt:5:2: read-syntax: expected a `)` to close `(`\n  possible cause: indentation suggests a missing `)` before line 11\n  context...:\n   /work/arjunguha-research-group/software/racket/collects/syntax/module-reader.rkt:186:17: body\n   /work/arjunguha-research-group/software/racket/collects/syntax/module-reader.rkt:183:2: wrap-internal\n   /work/arjunguha-research-group/software/racket/collects/racket/../syntax/module-reader.rkt:67:9: wrap-internal/wrapper\n",
      "exit_code": 1,
      "status": "SyntaxError"
    },
    {
      "program": "#lang racket\n\n;; Write a python function to find the sum of all odd natural numbers within the range l and r.\n(define (sum_in_range l r)\n  (if (&gt; l r)\n      0\n      (+ (if (odd? l) l 0)\n         (sum_in_range (+ l 1) r))))\n\n(require rackunit)\n\n(define (test-humaneval) \n\n  (let (( candidate sum_in_range))\n    (check-equal? (candidate 2 5) 8)\n    (check-equal? (candidate 5 7) 12)\n    (check-equal? (candidate 7 13) 40)\n))\n\n(test-humaneval)",
      "timestamp": 1665509887,
      "stdout": "",
      "stderr": "/tmp/tmppuodeigi.rkt:4:0: read-syntax: expected a `)` to close `(`\n  possible cause: indentation suggests a missing `)` before line 10\n  context...:\n   /work/arjunguha-research-group/software/racket/collects/syntax/module-reader.rkt:186:17: body\n   /work/arjunguha-research-group/software/racket/collects/syntax/module-reader.rkt:183:2: wrap-internal\n   /work/arjunguha-research-group/software/racket/collects/racket/../syntax/module-reader.rkt:67:9: wrap-internal/wrapper\n",
      "exit_code": 1,
      "status": "SyntaxError"
    },
    {
      "program": "#lang racket\n\n;; Write a python function to find the sum of all odd natural numbers within the range l and r.\n(define (sum_in_range l r)\n  (let loop ((i l) (sum 0))\n    (cond ((&gt; i r) sum)\n          ((odd? i) (loop (+ i 1) (+ sum i)))\n          (else (loop (+ i 1) sum)))))\n\n(require rackunit)\n\n(define (test-humaneval) \n\n  (let (( candidate sum_in_range))\n    (check-equal? (candidate 2 5) 8)\n    (check-equal? (candidate 5 7) 12)\n    (check-equal? (candidate 7 13) 40)\n))\n\n(test-humaneval)",
      "timestamp": 1666122586,
      "stdout": "",
      "stderr": "/tmp/tmp3zvlk17r.rkt:5:2: read-syntax: expected a `)` to close `(`\n  possible cause: indentation suggests a missing `)` before line 10\n  context...:\n   /work/arjunguha-research-group/software/racket/collects/syntax/module-reader.rkt:186:17: body\n   /work/arjunguha-research-group/software/racket/collects/syntax/module-reader.rkt:183:2: wrap-internal\n   /work/arjunguha-research-group/software/racket/collects/racket/../syntax/module-reader.rkt:67:9: wrap-internal/wrapper\n",
      "exit_code": 1,
      "status": "SyntaxError"
    },
    {
      "program": "#lang racket\n\n;; Write a python function to find the sum of all odd natural numbers within the range l and r.\n(define (sum_in_range l r)\n  (if (odd? l)\n      (+ l (sum_in_range (+ l 2) r))\n      (if (odd? r)\n          (+ r (sum_in_range l (- r 2)))\n          0)))\n\n(require rackunit)\n\n(define (test-humaneval) \n\n  (let (( candidate sum_in_range))\n    (check-equal? (candidate 2 5) 8)\n    (check-equal? (candidate 5 7) 12)\n    (check-equal? (candidate 7 13) 40)\n))\n\n(test-humaneval)",
      "timestamp": 1665509901,
      "stdout": "",
      "stderr": "",
      "exit_code": -1,
      "status": "Exception"
    },
    {
      "program": "#lang racket\n\n;; Write a python function to find the sum of all odd natural numbers within the range l and r.\n(define (sum_in_range l r)\n  (let loop ((i l) (sum 0))\n    (cond ((> i r) sum)\n          ((odd? i) (loop (+ i 1) (+ i sum)))\n          (else (loop (+ i 1) sum)))))\n\n(require rackunit)\n\n(define (test-humaneval) \n\n  (let (( candidate sum_in_range))\n    (check-equal? (candidate 2 5) 8)\n    (check-equal? (candidate 5 7) 12)\n    (check-equal? (candidate 7 13) 40)\n))\n\n(test-humaneval)",
      "timestamp": 1666122587,
      "stdout": "",
      "stderr": "",
      "exit_code": 0,
      "status": "OK"
    },
    {
      "program": "#lang racket\n\n;; Write a python function to find the sum of all odd natural numbers within the range l and r.\n(define (sum_in_range l r)\n  (define (sum_in_range_iter l r acc)\n    (cond\n      [(= l r) (+ acc l)]\n      [(= (remainder l 2) 1) (sum_in_range_iter (+ l 1) r (+ acc l))]\n      [else (sum_in_range_iter (+ l 1) r acc)]))\n  (sum_in_range_iter l r 0))\n\n(require rackunit)\n\n(define (test-humaneval) \n\n  (let (( candidate sum_in_range))\n    (check-equal? (candidate 2 5) 8)\n    (check-equal? (candidate 5 7) 12)\n    (check-equal? (candidate 7 13) 40)\n))\n\n(test-humaneval)",
      "timestamp": 1666122587,
      "stdout": "",
      "stderr": "",
      "exit_code": 0,
      "status": "OK"
    },
    {
      "program": "#lang racket\n\n;; Write a python function to find the sum of all odd natural numbers within the range l and r.\n(define (sum_in_range l r)\n  (define (sum_in_range_iter l r sum)\n    (cond\n      [(= l r) (+ sum l)]\n      [(= (modulo l 2) 1) (sum_in_range_iter (+ l 1) r (+ sum l))]\n      [else (sum_in_range_iter (+ l 1) r sum)]))\n  (sum_in_range_iter l r 0))\n\n(require rackunit)\n\n(define (test-humaneval) \n\n  (let (( candidate sum_in_range))\n    (check-equal? (candidate 2 5) 8)\n    (check-equal? (candidate 5 7) 12)\n    (check-equal? (candidate 7 13) 40)\n))\n\n(test-humaneval)",
      "timestamp": 1666122587,
      "stdout": "",
      "stderr": "",
      "exit_code": 0,
      "status": "OK"
    },
    {
      "program": "#lang racket\n\n;; Write a python function to find the sum of all odd natural numbers within the range l and r.\n(define (sum_in_range l r)\n  (define (sum_in_range_iter l r sum)\n    (cond\n      [(> l r) sum]\n      [(odd? l) (sum_in_range_iter (+ l 1) r (+ l sum))]\n      [else (sum_in_range_iter (+ l 1) r sum)]))\n  (sum_in_range_iter l r 0))\n\n(require rackunit)\n\n(define (test-humaneval) \n\n  (let (( candidate sum_in_range))\n    (check-equal? (candidate 2 5) 8)\n    (check-equal? (candidate 5 7) 12)\n    (check-equal? (candidate 7 13) 40)\n))\n\n(test-humaneval)",
      "timestamp": 1666122587,
      "stdout": "",
      "stderr": "",
      "exit_code": 0,
      "status": "OK"
    },
    {
      "program": "#lang racket\n\n;; Write a python function to find the sum of all odd natural numbers within the range l and r.\n(define (sum_in_range l r)\n  (if (&lt; l r)\n      (+ l (sum_in_range (+ l 2) r))\n      l))\n\n(require rackunit)\n\n(define (test-humaneval) \n\n  (let (( candidate sum_in_range))\n    (check-equal? (candidate 2 5) 8)\n    (check-equal? (candidate 5 7) 12)\n    (check-equal? (candidate 7 13) 40)\n))\n\n(test-humaneval)",
      "timestamp": 1666122585,
      "stdout": "",
      "stderr": "/tmp/tmpaiclbz0_.rkt:4:0: read-syntax: expected a `)` to close `(`\n  possible cause: indentation suggests a missing `)` before line 9\n  context...:\n   /work/arjunguha-research-group/software/racket/collects/syntax/module-reader.rkt:186:17: body\n   /work/arjunguha-research-group/software/racket/collects/syntax/module-reader.rkt:183:2: wrap-internal\n   /work/arjunguha-research-group/software/racket/collects/racket/../syntax/module-reader.rkt:67:9: wrap-internal/wrapper\n",
      "exit_code": 1,
      "status": "SyntaxError"
    },
    {
      "program": "#lang racket\n\n;; Write a python function to find the sum of all odd natural numbers within the range l and r.\n(define (sum_in_range l r)\n  (if (= l r)\n      (if (odd? l) l 0)\n      (if (odd? l)\n          (+ l (sum_in_range (+ l 1) r))\n          (sum_in_range (+ l 1) r))))\n\n(require rackunit)\n\n(define (test-humaneval) \n\n  (let (( candidate sum_in_range))\n    (check-equal? (candidate 2 5) 8)\n    (check-equal? (candidate 5 7) 12)\n    (check-equal? (candidate 7 13) 40)\n))\n\n(test-humaneval)",
      "timestamp": 1666122585,
      "stdout": "",
      "stderr": "",
      "exit_code": 0,
      "status": "OK"
    },
    {
      "program": "#lang racket\n\n;; Write a python function to find the sum of all odd natural numbers within the range l and r.\n(define (sum_in_range l r)\n  (cond\n    [(= l r) (if (odd? l) l 0)]\n    [(> l r) 0]\n    [else (+ (if (odd? l) l 0) (sum_in_range (+ l 1) r))]))\n\n(require rackunit)\n\n(define (test-humaneval) \n\n  (let (( candidate sum_in_range))\n    (check-equal? (candidate 2 5) 8)\n    (check-equal? (candidate 5 7) 12)\n    (check-equal? (candidate 7 13) 40)\n))\n\n(test-humaneval)",
      "timestamp": 1665509887,
      "stdout": "",
      "stderr": "",
      "exit_code": 0,
      "status": "OK"
    },
    {
      "program": "#lang racket\n\n;; Write a python function to find the sum of all odd natural numbers within the range l and r.\n(define (sum_in_range l r)\n  (if (even? r)\n      (sum_in_range l (- r 1))\n      (if (even? l)\n          (sum_in_range (+ l 1) r)\n          (+ l (sum_in_range (+ l 2) r)))))\n\n(require rackunit)\n\n(define (test-humaneval) \n\n  (let (( candidate sum_in_range))\n    (check-equal? (candidate 2 5) 8)\n    (check-equal? (candidate 5 7) 12)\n    (check-equal? (candidate 7 13) 40)\n))\n\n(test-humaneval)",
      "timestamp": 1666122601,
      "stdout": "",
      "stderr": "",
      "exit_code": -1,
      "status": "Exception"
    }
  ]
}