{
  "name": "mbpp_454_text_match_wordz",
  "language": "rs",
  "prompt": "/// Write a function that matches a word containing 'z'.\nfn text_match_wordz(text: String) -> bool {\n",
  "doctests": "transform",
  "original": "/home/arjun/repos/MultiPL-E/datasets/../datasets/mbpp-typed/mbpp_454_text_match_wordz.py",
  "prompt_terminology": "reworded",
  "tests": "}\n\nfn main() {\n    let candidate = text_match_wordz;\n    assert_eq!(candidate(String::from(\"pythonz.\")), true);\n    assert_eq!(candidate(String::from(\"xyz.\")), true);\n    assert_eq!(candidate(String::from(\"  lang  .\")), false);\n}\n",
  "stop_tokens": [
    "\n}"
  ],
  "results": [
    {
      "program": "/// Write a function that matches a word containing 'z'.\nfn text_match_wordz(text: String) -> bool {\n    unimplemented!()\n}\n\nfn main() {\n    let candidate = text_match_wordz;\n    assert_eq!(candidate(String::from(\"pythonz.\")), true);\n    assert_eq!(candidate(String::from(\"xyz.\")), true);\n    assert_eq!(candidate(String::from(\"  lang  .\")), false);\n}\n",
      "timestamp": 1665510606,
      "stdout": "",
      "stderr": "thread 'main' panicked at 'not implemented', /tmp/tmptogt6n9_.rs:3:5\nnote: run with `RUST_BACKTRACE=1` environment variable to display a backtrace\n",
      "exit_code": 101,
      "status": "Exception"
    },
    {
      "program": "/// Write a function that matches a word containing 'z'.\nfn text_match_wordz(text: String) -> bool {\n    let re = Regex::new(r\"\\bz\\w+\").unwrap();\n    re.is_match(&text)\n}\n\nfn main() {\n    let candidate = text_match_wordz;\n    assert_eq!(candidate(String::from(\"pythonz.\")), true);\n    assert_eq!(candidate(String::from(\"xyz.\")), true);\n    assert_eq!(candidate(String::from(\"  lang  .\")), false);\n}\n",
      "timestamp": 1665510606,
      "stdout": "",
      "stderr": "error[E0433]: failed to resolve: use of undeclared type `Regex`\n --> /tmp/tmp96evl3yl.rs:3:14\n  |\n3 |     let re = Regex::new(r\"\\bz\\w+\").unwrap();\n  |              ^^^^^ use of undeclared type `Regex`\n\nerror: aborting due to previous error\n\nFor more information about this error, try `rustc --explain E0433`.\n",
      "exit_code": 1,
      "status": "SyntaxError"
    },
    {
      "program": "/// Write a function that matches a word containing 'z'.\nfn text_match_wordz(text: String) -> bool {\n    let re = Regex::new(r\"\\bz\\w*\\b\").unwrap();\n    re.is_match(&text)\n}\n\nfn main() {\n    let candidate = text_match_wordz;\n    assert_eq!(candidate(String::from(\"pythonz.\")), true);\n    assert_eq!(candidate(String::from(\"xyz.\")), true);\n    assert_eq!(candidate(String::from(\"  lang  .\")), false);\n}\n",
      "timestamp": 1665510606,
      "stdout": "",
      "stderr": "error[E0433]: failed to resolve: use of undeclared type `Regex`\n --> /tmp/tmpixchz9vy.rs:3:14\n  |\n3 |     let re = Regex::new(r\"\\bz\\w*\\b\").unwrap();\n  |              ^^^^^ use of undeclared type `Regex`\n\nerror: aborting due to previous error\n\nFor more information about this error, try `rustc --explain E0433`.\n",
      "exit_code": 1,
      "status": "SyntaxError"
    },
    {
      "program": "/// Write a function that matches a word containing 'z'.\nfn text_match_wordz(text: String) -> bool {\n    let re = Regex::new(r\"\\w*z\\w*\").unwrap();\n    re.is_match(&text)\n}\n\nfn main() {\n    let candidate = text_match_wordz;\n    assert_eq!(candidate(String::from(\"pythonz.\")), true);\n    assert_eq!(candidate(String::from(\"xyz.\")), true);\n    assert_eq!(candidate(String::from(\"  lang  .\")), false);\n}\n",
      "timestamp": 1665510606,
      "stdout": "",
      "stderr": "error[E0433]: failed to resolve: use of undeclared type `Regex`\n --> /tmp/tmpululox2b.rs:3:14\n  |\n3 |     let re = Regex::new(r\"\\w*z\\w*\").unwrap();\n  |              ^^^^^ use of undeclared type `Regex`\n\nerror: aborting due to previous error\n\nFor more information about this error, try `rustc --explain E0433`.\n",
      "exit_code": 1,
      "status": "SyntaxError"
    },
    {
      "program": "/// Write a function that matches a word containing 'z'.\nfn text_match_wordz(text: String) -> bool {\n    let re = Regex::new(r\"\\bz\\w*\\b\").unwrap();\n    re.is_match(&text)\n}\n\nfn main() {\n    let candidate = text_match_wordz;\n    assert_eq!(candidate(String::from(\"pythonz.\")), true);\n    assert_eq!(candidate(String::from(\"xyz.\")), true);\n    assert_eq!(candidate(String::from(\"  lang  .\")), false);\n}\n",
      "timestamp": 1665510606,
      "stdout": "",
      "stderr": "error[E0433]: failed to resolve: use of undeclared type `Regex`\n --> /tmp/tmpixchz9vy.rs:3:14\n  |\n3 |     let re = Regex::new(r\"\\bz\\w*\\b\").unwrap();\n  |              ^^^^^ use of undeclared type `Regex`\n\nerror: aborting due to previous error\n\nFor more information about this error, try `rustc --explain E0433`.\n",
      "exit_code": 1,
      "status": "SyntaxError"
    },
    {
      "program": "/// Write a function that matches a word containing 'z'.\nfn text_match_wordz(text: String) -> bool {\n    let re = Regex::new(r\"\\bz\\w+\\b\").unwrap();\n    re.is_match(&text)\n}\n\nfn main() {\n    let candidate = text_match_wordz;\n    assert_eq!(candidate(String::from(\"pythonz.\")), true);\n    assert_eq!(candidate(String::from(\"xyz.\")), true);\n    assert_eq!(candidate(String::from(\"  lang  .\")), false);\n}\n",
      "timestamp": 1665510606,
      "stdout": "",
      "stderr": "error[E0433]: failed to resolve: use of undeclared type `Regex`\n --> /tmp/tmp42nn1n55.rs:3:14\n  |\n3 |     let re = Regex::new(r\"\\bz\\w+\\b\").unwrap();\n  |              ^^^^^ use of undeclared type `Regex`\n\nerror: aborting due to previous error\n\nFor more information about this error, try `rustc --explain E0433`.\n",
      "exit_code": 1,
      "status": "SyntaxError"
    },
    {
      "program": "/// Write a function that matches a word containing 'z'.\nfn text_match_wordz(text: String) -> bool {\n    let re = Regex::new(r\"\\bz\\w+\").unwrap();\n    re.is_match(&text)\n}\n\nfn main() {\n    let candidate = text_match_wordz;\n    assert_eq!(candidate(String::from(\"pythonz.\")), true);\n    assert_eq!(candidate(String::from(\"xyz.\")), true);\n    assert_eq!(candidate(String::from(\"  lang  .\")), false);\n}\n",
      "timestamp": 1665510606,
      "stdout": "",
      "stderr": "error[E0433]: failed to resolve: use of undeclared type `Regex`\n --> /tmp/tmp96evl3yl.rs:3:14\n  |\n3 |     let re = Regex::new(r\"\\bz\\w+\").unwrap();\n  |              ^^^^^ use of undeclared type `Regex`\n\nerror: aborting due to previous error\n\nFor more information about this error, try `rustc --explain E0433`.\n",
      "exit_code": 1,
      "status": "SyntaxError"
    },
    {
      "program": "/// Write a function that matches a word containing 'z'.\nfn text_match_wordz(text: String) -> bool {\n    let re = Regex::new(r\"\\bz\\w*\\b\").unwrap();\n    re.is_match(&text)\n}\n\nfn main() {\n    let candidate = text_match_wordz;\n    assert_eq!(candidate(String::from(\"pythonz.\")), true);\n    assert_eq!(candidate(String::from(\"xyz.\")), true);\n    assert_eq!(candidate(String::from(\"  lang  .\")), false);\n}\n",
      "timestamp": 1665510606,
      "stdout": "",
      "stderr": "error[E0433]: failed to resolve: use of undeclared type `Regex`\n --> /tmp/tmpixchz9vy.rs:3:14\n  |\n3 |     let re = Regex::new(r\"\\bz\\w*\\b\").unwrap();\n  |              ^^^^^ use of undeclared type `Regex`\n\nerror: aborting due to previous error\n\nFor more information about this error, try `rustc --explain E0433`.\n",
      "exit_code": 1,
      "status": "SyntaxError"
    },
    {
      "program": "/// Write a function that matches a word containing 'z'.\nfn text_match_wordz(text: String) -> bool {\n    let re = Regex::new(r\"\\w*z\\w*\").unwrap();\n    re.is_match(&text)\n}\n\nfn main() {\n    let candidate = text_match_wordz;\n    assert_eq!(candidate(String::from(\"pythonz.\")), true);\n    assert_eq!(candidate(String::from(\"xyz.\")), true);\n    assert_eq!(candidate(String::from(\"  lang  .\")), false);\n}\n",
      "timestamp": 1665510606,
      "stdout": "",
      "stderr": "error[E0433]: failed to resolve: use of undeclared type `Regex`\n --> /tmp/tmpululox2b.rs:3:14\n  |\n3 |     let re = Regex::new(r\"\\w*z\\w*\").unwrap();\n  |              ^^^^^ use of undeclared type `Regex`\n\nerror: aborting due to previous error\n\nFor more information about this error, try `rustc --explain E0433`.\n",
      "exit_code": 1,
      "status": "SyntaxError"
    },
    {
      "program": "/// Write a function that matches a word containing 'z'.\nfn text_match_wordz(text: String) -> bool {\n    unimplemented!()\n}\n\nfn main() {\n    let candidate = text_match_wordz;\n    assert_eq!(candidate(String::from(\"pythonz.\")), true);\n    assert_eq!(candidate(String::from(\"xyz.\")), true);\n    assert_eq!(candidate(String::from(\"  lang  .\")), false);\n}\n",
      "timestamp": 1665510606,
      "stdout": "",
      "stderr": "thread 'main' panicked at 'not implemented', /tmp/tmptogt6n9_.rs:3:5\nnote: run with `RUST_BACKTRACE=1` environment variable to display a backtrace\n",
      "exit_code": 101,
      "status": "Exception"
    },
    {
      "program": "/// Write a function that matches a word containing 'z'.\nfn text_match_wordz(text: String) -> bool {\n    let re = Regex::new(r\"\\bz\\w+\").unwrap();\n    re.is_match(&text)\n}\n\nfn main() {\n    let candidate = text_match_wordz;\n    assert_eq!(candidate(String::from(\"pythonz.\")), true);\n    assert_eq!(candidate(String::from(\"xyz.\")), true);\n    assert_eq!(candidate(String::from(\"  lang  .\")), false);\n}\n",
      "timestamp": 1665510606,
      "stdout": "",
      "stderr": "error[E0433]: failed to resolve: use of undeclared type `Regex`\n --> /tmp/tmp96evl3yl.rs:3:14\n  |\n3 |     let re = Regex::new(r\"\\bz\\w+\").unwrap();\n  |              ^^^^^ use of undeclared type `Regex`\n\nerror: aborting due to previous error\n\nFor more information about this error, try `rustc --explain E0433`.\n",
      "exit_code": 1,
      "status": "SyntaxError"
    },
    {
      "program": "/// Write a function that matches a word containing 'z'.\nfn text_match_wordz(text: String) -> bool {\n    let re = Regex::new(r\"\\bz\\w+\").unwrap();\n    re.is_match(&text)\n}\n\nfn main() {\n    let candidate = text_match_wordz;\n    assert_eq!(candidate(String::from(\"pythonz.\")), true);\n    assert_eq!(candidate(String::from(\"xyz.\")), true);\n    assert_eq!(candidate(String::from(\"  lang  .\")), false);\n}\n",
      "timestamp": 1665510606,
      "stdout": "",
      "stderr": "error[E0433]: failed to resolve: use of undeclared type `Regex`\n --> /tmp/tmp96evl3yl.rs:3:14\n  |\n3 |     let re = Regex::new(r\"\\bz\\w+\").unwrap();\n  |              ^^^^^ use of undeclared type `Regex`\n\nerror: aborting due to previous error\n\nFor more information about this error, try `rustc --explain E0433`.\n",
      "exit_code": 1,
      "status": "SyntaxError"
    },
    {
      "program": "/// Write a function that matches a word containing 'z'.\nfn text_match_wordz(text: String) -> bool {\n    lazy_static! {\n        static ref RE: Regex = Regex::new(r\"\\w*z\\w*\").unwrap();\n    }\n    RE.is_match(&text)\n}\n\nfn main() {\n    let candidate = text_match_wordz;\n    assert_eq!(candidate(String::from(\"pythonz.\")), true);\n    assert_eq!(candidate(String::from(\"xyz.\")), true);\n    assert_eq!(candidate(String::from(\"  lang  .\")), false);\n}\n",
      "timestamp": 1665510606,
      "stdout": "",
      "stderr": "error: cannot find macro `lazy_static` in this scope\n --> /tmp/tmp06vdrvwu.rs:3:5\n  |\n3 |     lazy_static! {\n  |     ^^^^^^^^^^^\n\nerror[E0425]: cannot find value `RE` in this scope\n --> /tmp/tmp06vdrvwu.rs:6:5\n  |\n6 |     RE.is_match(&text)\n  |     ^^ not found in this scope\n\nerror: aborting due to 2 previous errors\n\nFor more information about this error, try `rustc --explain E0425`.\n",
      "exit_code": 1,
      "status": "SyntaxError"
    },
    {
      "program": "/// Write a function that matches a word containing 'z'.\nfn text_match_wordz(text: String) -> bool {\n    let re = Regex::new(r\"\\bz\\w*\\b\").unwrap();\n    re.is_match(&text)\n}\n\nfn main() {\n    let candidate = text_match_wordz;\n    assert_eq!(candidate(String::from(\"pythonz.\")), true);\n    assert_eq!(candidate(String::from(\"xyz.\")), true);\n    assert_eq!(candidate(String::from(\"  lang  .\")), false);\n}\n",
      "timestamp": 1665510606,
      "stdout": "",
      "stderr": "error[E0433]: failed to resolve: use of undeclared type `Regex`\n --> /tmp/tmpixchz9vy.rs:3:14\n  |\n3 |     let re = Regex::new(r\"\\bz\\w*\\b\").unwrap();\n  |              ^^^^^ use of undeclared type `Regex`\n\nerror: aborting due to previous error\n\nFor more information about this error, try `rustc --explain E0433`.\n",
      "exit_code": 1,
      "status": "SyntaxError"
    },
    {
      "program": "/// Write a function that matches a word containing 'z'.\nfn text_match_wordz(text: String) -> bool {\n    lazy_static! {\n        static ref RE: Regex = Regex::new(r\"\\b\\w*z\\w*\\b\").unwrap();\n    }\n    RE.is_match(&text)\n}\n\nfn main() {\n    let candidate = text_match_wordz;\n    assert_eq!(candidate(String::from(\"pythonz.\")), true);\n    assert_eq!(candidate(String::from(\"xyz.\")), true);\n    assert_eq!(candidate(String::from(\"  lang  .\")), false);\n}\n",
      "timestamp": 1665510606,
      "stdout": "",
      "stderr": "error: cannot find macro `lazy_static` in this scope\n --> /tmp/tmp2mvvhg_d.rs:3:5\n  |\n3 |     lazy_static! {\n  |     ^^^^^^^^^^^\n\nerror[E0425]: cannot find value `RE` in this scope\n --> /tmp/tmp2mvvhg_d.rs:6:5\n  |\n6 |     RE.is_match(&text)\n  |     ^^ not found in this scope\n\nerror: aborting due to 2 previous errors\n\nFor more information about this error, try `rustc --explain E0425`.\n",
      "exit_code": 1,
      "status": "SyntaxError"
    },
    {
      "program": "/// Write a function that matches a word containing 'z'.\nfn text_match_wordz(text: String) -> bool {\n    let re = Regex::new(r\"\\bz\\w*\\b\").unwrap();\n    re.is_match(&text)\n}\n\nfn main() {\n    let candidate = text_match_wordz;\n    assert_eq!(candidate(String::from(\"pythonz.\")), true);\n    assert_eq!(candidate(String::from(\"xyz.\")), true);\n    assert_eq!(candidate(String::from(\"  lang  .\")), false);\n}\n",
      "timestamp": 1665510606,
      "stdout": "",
      "stderr": "error[E0433]: failed to resolve: use of undeclared type `Regex`\n --> /tmp/tmpixchz9vy.rs:3:14\n  |\n3 |     let re = Regex::new(r\"\\bz\\w*\\b\").unwrap();\n  |              ^^^^^ use of undeclared type `Regex`\n\nerror: aborting due to previous error\n\nFor more information about this error, try `rustc --explain E0433`.\n",
      "exit_code": 1,
      "status": "SyntaxError"
    },
    {
      "program": "/// Write a function that matches a word containing 'z'.\nfn text_match_wordz(text: String) -> bool {\n    let re = Regex::new(r\"\\bz\\w*\\b\").unwrap();\n    re.is_match(&text)\n}\n\nfn main() {\n    let candidate = text_match_wordz;\n    assert_eq!(candidate(String::from(\"pythonz.\")), true);\n    assert_eq!(candidate(String::from(\"xyz.\")), true);\n    assert_eq!(candidate(String::from(\"  lang  .\")), false);\n}\n",
      "timestamp": 1665510606,
      "stdout": "",
      "stderr": "error[E0433]: failed to resolve: use of undeclared type `Regex`\n --> /tmp/tmpixchz9vy.rs:3:14\n  |\n3 |     let re = Regex::new(r\"\\bz\\w*\\b\").unwrap();\n  |              ^^^^^ use of undeclared type `Regex`\n\nerror: aborting due to previous error\n\nFor more information about this error, try `rustc --explain E0433`.\n",
      "exit_code": 1,
      "status": "SyntaxError"
    },
    {
      "program": "/// Write a function that matches a word containing 'z'.\nfn text_match_wordz(text: String) -> bool {\n    let re = Regex::new(r\"\\bz\\w+\\b\").unwrap();\n    re.is_match(&text)\n}\n\nfn main() {\n    let candidate = text_match_wordz;\n    assert_eq!(candidate(String::from(\"pythonz.\")), true);\n    assert_eq!(candidate(String::from(\"xyz.\")), true);\n    assert_eq!(candidate(String::from(\"  lang  .\")), false);\n}\n",
      "timestamp": 1665510606,
      "stdout": "",
      "stderr": "error[E0433]: failed to resolve: use of undeclared type `Regex`\n --> /tmp/tmp42nn1n55.rs:3:14\n  |\n3 |     let re = Regex::new(r\"\\bz\\w+\\b\").unwrap();\n  |              ^^^^^ use of undeclared type `Regex`\n\nerror: aborting due to previous error\n\nFor more information about this error, try `rustc --explain E0433`.\n",
      "exit_code": 1,
      "status": "SyntaxError"
    },
    {
      "program": "/// Write a function that matches a word containing 'z'.\nfn text_match_wordz(text: String) -> bool {\n    lazy_static! {\n        static ref RE: Regex = Regex::new(r\"\\b\\w*z\\w*\\b\").unwrap();\n    }\n    RE.is_match(&text)\n}\n\nfn main() {\n    let candidate = text_match_wordz;\n    assert_eq!(candidate(String::from(\"pythonz.\")), true);\n    assert_eq!(candidate(String::from(\"xyz.\")), true);\n    assert_eq!(candidate(String::from(\"  lang  .\")), false);\n}\n",
      "timestamp": 1665510606,
      "stdout": "",
      "stderr": "error: cannot find macro `lazy_static` in this scope\n --> /tmp/tmp2mvvhg_d.rs:3:5\n  |\n3 |     lazy_static! {\n  |     ^^^^^^^^^^^\n\nerror[E0425]: cannot find value `RE` in this scope\n --> /tmp/tmp2mvvhg_d.rs:6:5\n  |\n6 |     RE.is_match(&text)\n  |     ^^ not found in this scope\n\nerror: aborting due to 2 previous errors\n\nFor more information about this error, try `rustc --explain E0425`.\n",
      "exit_code": 1,
      "status": "SyntaxError"
    },
    {
      "program": "/// Write a function that matches a word containing 'z'.\nfn text_match_wordz(text: String) -> bool {\n    lazy_static! {\n        static ref RE: Regex = Regex::new(r\"\\b\\w*z\\w*\\b\").unwrap();\n    }\n    RE.is_match(&text)\n}\n\nfn main() {\n    let candidate = text_match_wordz;\n    assert_eq!(candidate(String::from(\"pythonz.\")), true);\n    assert_eq!(candidate(String::from(\"xyz.\")), true);\n    assert_eq!(candidate(String::from(\"  lang  .\")), false);\n}\n",
      "timestamp": 1665510606,
      "stdout": "",
      "stderr": "error: cannot find macro `lazy_static` in this scope\n --> /tmp/tmp2mvvhg_d.rs:3:5\n  |\n3 |     lazy_static! {\n  |     ^^^^^^^^^^^\n\nerror[E0425]: cannot find value `RE` in this scope\n --> /tmp/tmp2mvvhg_d.rs:6:5\n  |\n6 |     RE.is_match(&text)\n  |     ^^ not found in this scope\n\nerror: aborting due to 2 previous errors\n\nFor more information about this error, try `rustc --explain E0425`.\n",
      "exit_code": 1,
      "status": "SyntaxError"
    },
    {
      "program": "/// Write a function that matches a word containing 'z'.\nfn text_match_wordz(text: String) -> bool {\n    let re = Regex::new(r\"\\bz\\w*\\b\").unwrap();\n    re.is_match(&text)\n}\n\nfn main() {\n    let candidate = text_match_wordz;\n    assert_eq!(candidate(String::from(\"pythonz.\")), true);\n    assert_eq!(candidate(String::from(\"xyz.\")), true);\n    assert_eq!(candidate(String::from(\"  lang  .\")), false);\n}\n",
      "timestamp": 1665510606,
      "stdout": "",
      "stderr": "error[E0433]: failed to resolve: use of undeclared type `Regex`\n --> /tmp/tmpixchz9vy.rs:3:14\n  |\n3 |     let re = Regex::new(r\"\\bz\\w*\\b\").unwrap();\n  |              ^^^^^ use of undeclared type `Regex`\n\nerror: aborting due to previous error\n\nFor more information about this error, try `rustc --explain E0433`.\n",
      "exit_code": 1,
      "status": "SyntaxError"
    },
    {
      "program": "/// Write a function that matches a word containing 'z'.\nfn text_match_wordz(text: String) -> bool {\n    let re = Regex::new(r\"\\bz\\w+\").unwrap();\n    re.is_match(&text)\n}\n\nfn main() {\n    let candidate = text_match_wordz;\n    assert_eq!(candidate(String::from(\"pythonz.\")), true);\n    assert_eq!(candidate(String::from(\"xyz.\")), true);\n    assert_eq!(candidate(String::from(\"  lang  .\")), false);\n}\n",
      "timestamp": 1665510606,
      "stdout": "",
      "stderr": "error[E0433]: failed to resolve: use of undeclared type `Regex`\n --> /tmp/tmp96evl3yl.rs:3:14\n  |\n3 |     let re = Regex::new(r\"\\bz\\w+\").unwrap();\n  |              ^^^^^ use of undeclared type `Regex`\n\nerror: aborting due to previous error\n\nFor more information about this error, try `rustc --explain E0433`.\n",
      "exit_code": 1,
      "status": "SyntaxError"
    },
    {
      "program": "/// Write a function that matches a word containing 'z'.\nfn text_match_wordz(text: String) -> bool {\n    let re = Regex::new(r\"\\bz\\w+\\b\").unwrap();\n    re.is_match(&text)\n}\n\nfn main() {\n    let candidate = text_match_wordz;\n    assert_eq!(candidate(String::from(\"pythonz.\")), true);\n    assert_eq!(candidate(String::from(\"xyz.\")), true);\n    assert_eq!(candidate(String::from(\"  lang  .\")), false);\n}\n",
      "timestamp": 1665510606,
      "stdout": "",
      "stderr": "error[E0433]: failed to resolve: use of undeclared type `Regex`\n --> /tmp/tmp42nn1n55.rs:3:14\n  |\n3 |     let re = Regex::new(r\"\\bz\\w+\\b\").unwrap();\n  |              ^^^^^ use of undeclared type `Regex`\n\nerror: aborting due to previous error\n\nFor more information about this error, try `rustc --explain E0433`.\n",
      "exit_code": 1,
      "status": "SyntaxError"
    },
    {
      "program": "/// Write a function that matches a word containing 'z'.\nfn text_match_wordz(text: String) -> bool {\n    let re = Regex::new(r\"\\bz\\w*\\b\").unwrap();\n    re.is_match(&text)\n}\n\nfn main() {\n    let candidate = text_match_wordz;\n    assert_eq!(candidate(String::from(\"pythonz.\")), true);\n    assert_eq!(candidate(String::from(\"xyz.\")), true);\n    assert_eq!(candidate(String::from(\"  lang  .\")), false);\n}\n",
      "timestamp": 1665510606,
      "stdout": "",
      "stderr": "error[E0433]: failed to resolve: use of undeclared type `Regex`\n --> /tmp/tmpixchz9vy.rs:3:14\n  |\n3 |     let re = Regex::new(r\"\\bz\\w*\\b\").unwrap();\n  |              ^^^^^ use of undeclared type `Regex`\n\nerror: aborting due to previous error\n\nFor more information about this error, try `rustc --explain E0433`.\n",
      "exit_code": 1,
      "status": "SyntaxError"
    },
    {
      "program": "/// Write a function that matches a word containing 'z'.\nfn text_match_wordz(text: String) -> bool {\n    lazy_static! {\n        static ref RE: Regex = Regex::new(r\"\\b\\w*z\\w*\\b\").unwrap();\n    }\n    RE.is_match(&text)\n}\n\nfn main() {\n    let candidate = text_match_wordz;\n    assert_eq!(candidate(String::from(\"pythonz.\")), true);\n    assert_eq!(candidate(String::from(\"xyz.\")), true);\n    assert_eq!(candidate(String::from(\"  lang  .\")), false);\n}\n",
      "timestamp": 1665510606,
      "stdout": "",
      "stderr": "error: cannot find macro `lazy_static` in this scope\n --> /tmp/tmp2mvvhg_d.rs:3:5\n  |\n3 |     lazy_static! {\n  |     ^^^^^^^^^^^\n\nerror[E0425]: cannot find value `RE` in this scope\n --> /tmp/tmp2mvvhg_d.rs:6:5\n  |\n6 |     RE.is_match(&text)\n  |     ^^ not found in this scope\n\nerror: aborting due to 2 previous errors\n\nFor more information about this error, try `rustc --explain E0425`.\n",
      "exit_code": 1,
      "status": "SyntaxError"
    },
    {
      "program": "/// Write a function that matches a word containing 'z'.\nfn text_match_wordz(text: String) -> bool {\n    let re = Regex::new(r\"\\bz\\w*\\b\").unwrap();\n    re.is_match(&text)\n}\n\nfn main() {\n    let candidate = text_match_wordz;\n    assert_eq!(candidate(String::from(\"pythonz.\")), true);\n    assert_eq!(candidate(String::from(\"xyz.\")), true);\n    assert_eq!(candidate(String::from(\"  lang  .\")), false);\n}\n",
      "timestamp": 1665510606,
      "stdout": "",
      "stderr": "error[E0433]: failed to resolve: use of undeclared type `Regex`\n --> /tmp/tmpixchz9vy.rs:3:14\n  |\n3 |     let re = Regex::new(r\"\\bz\\w*\\b\").unwrap();\n  |              ^^^^^ use of undeclared type `Regex`\n\nerror: aborting due to previous error\n\nFor more information about this error, try `rustc --explain E0433`.\n",
      "exit_code": 1,
      "status": "SyntaxError"
    },
    {
      "program": "/// Write a function that matches a word containing 'z'.\nfn text_match_wordz(text: String) -> bool {\n    let re = Regex::new(r\"\\bz\\w*\\b\").unwrap();\n    re.is_match(&text)\n}\n\nfn main() {\n    let candidate = text_match_wordz;\n    assert_eq!(candidate(String::from(\"pythonz.\")), true);\n    assert_eq!(candidate(String::from(\"xyz.\")), true);\n    assert_eq!(candidate(String::from(\"  lang  .\")), false);\n}\n",
      "timestamp": 1665510606,
      "stdout": "",
      "stderr": "error[E0433]: failed to resolve: use of undeclared type `Regex`\n --> /tmp/tmpixchz9vy.rs:3:14\n  |\n3 |     let re = Regex::new(r\"\\bz\\w*\\b\").unwrap();\n  |              ^^^^^ use of undeclared type `Regex`\n\nerror: aborting due to previous error\n\nFor more information about this error, try `rustc --explain E0433`.\n",
      "exit_code": 1,
      "status": "SyntaxError"
    },
    {
      "program": "/// Write a function that matches a word containing 'z'.\nfn text_match_wordz(text: String) -> bool {\n    text.split_whitespace().any(|word| word.contains('z'))\n}\n\nfn main() {\n    let candidate = text_match_wordz;\n    assert_eq!(candidate(String::from(\"pythonz.\")), true);\n    assert_eq!(candidate(String::from(\"xyz.\")), true);\n    assert_eq!(candidate(String::from(\"  lang  .\")), false);\n}\n",
      "timestamp": 1666123474,
      "stdout": "",
      "stderr": "",
      "exit_code": 0,
      "status": "OK"
    },
    {
      "program": "/// Write a function that matches a word containing 'z'.\nfn text_match_wordz(text: String) -> bool {\n    let re = Regex::new(r\"\\bz\\w+\\b\").unwrap();\n    re.is_match(&text)\n}\n\nfn main() {\n    let candidate = text_match_wordz;\n    assert_eq!(candidate(String::from(\"pythonz.\")), true);\n    assert_eq!(candidate(String::from(\"xyz.\")), true);\n    assert_eq!(candidate(String::from(\"  lang  .\")), false);\n}\n",
      "timestamp": 1665510606,
      "stdout": "",
      "stderr": "error[E0433]: failed to resolve: use of undeclared type `Regex`\n --> /tmp/tmp42nn1n55.rs:3:14\n  |\n3 |     let re = Regex::new(r\"\\bz\\w+\\b\").unwrap();\n  |              ^^^^^ use of undeclared type `Regex`\n\nerror: aborting due to previous error\n\nFor more information about this error, try `rustc --explain E0433`.\n",
      "exit_code": 1,
      "status": "SyntaxError"
    },
    {
      "program": "/// Write a function that matches a word containing 'z'.\nfn text_match_wordz(text: String) -> bool {\n    let re = Regex::new(r\"\\bz\\w+\").unwrap();\n    re.is_match(&text)\n}\n\nfn main() {\n    let candidate = text_match_wordz;\n    assert_eq!(candidate(String::from(\"pythonz.\")), true);\n    assert_eq!(candidate(String::from(\"xyz.\")), true);\n    assert_eq!(candidate(String::from(\"  lang  .\")), false);\n}\n",
      "timestamp": 1665510606,
      "stdout": "",
      "stderr": "error[E0433]: failed to resolve: use of undeclared type `Regex`\n --> /tmp/tmp96evl3yl.rs:3:14\n  |\n3 |     let re = Regex::new(r\"\\bz\\w+\").unwrap();\n  |              ^^^^^ use of undeclared type `Regex`\n\nerror: aborting due to previous error\n\nFor more information about this error, try `rustc --explain E0433`.\n",
      "exit_code": 1,
      "status": "SyntaxError"
    },
    {
      "program": "/// Write a function that matches a word containing 'z'.\nfn text_match_wordz(text: String) -> bool {\n    unimplemented!()\n}\n\nfn main() {\n    let candidate = text_match_wordz;\n    assert_eq!(candidate(String::from(\"pythonz.\")), true);\n    assert_eq!(candidate(String::from(\"xyz.\")), true);\n    assert_eq!(candidate(String::from(\"  lang  .\")), false);\n}\n",
      "timestamp": 1665510606,
      "stdout": "",
      "stderr": "thread 'main' panicked at 'not implemented', /tmp/tmptogt6n9_.rs:3:5\nnote: run with `RUST_BACKTRACE=1` environment variable to display a backtrace\n",
      "exit_code": 101,
      "status": "Exception"
    },
    {
      "program": "/// Write a function that matches a word containing 'z'.\nfn text_match_wordz(text: String) -> bool {\n    let re = Regex::new(r\"\\bz\\w+\").unwrap();\n    re.is_match(&text)\n}\n\nfn main() {\n    let candidate = text_match_wordz;\n    assert_eq!(candidate(String::from(\"pythonz.\")), true);\n    assert_eq!(candidate(String::from(\"xyz.\")), true);\n    assert_eq!(candidate(String::from(\"  lang  .\")), false);\n}\n",
      "timestamp": 1665510606,
      "stdout": "",
      "stderr": "error[E0433]: failed to resolve: use of undeclared type `Regex`\n --> /tmp/tmp96evl3yl.rs:3:14\n  |\n3 |     let re = Regex::new(r\"\\bz\\w+\").unwrap();\n  |              ^^^^^ use of undeclared type `Regex`\n\nerror: aborting due to previous error\n\nFor more information about this error, try `rustc --explain E0433`.\n",
      "exit_code": 1,
      "status": "SyntaxError"
    },
    {
      "program": "/// Write a function that matches a word containing 'z'.\nfn text_match_wordz(text: String) -> bool {\n    let re = Regex::new(r\"\\bz\\w+\").unwrap();\n    re.is_match(&text)\n}\n\nfn main() {\n    let candidate = text_match_wordz;\n    assert_eq!(candidate(String::from(\"pythonz.\")), true);\n    assert_eq!(candidate(String::from(\"xyz.\")), true);\n    assert_eq!(candidate(String::from(\"  lang  .\")), false);\n}\n",
      "timestamp": 1665510606,
      "stdout": "",
      "stderr": "error[E0433]: failed to resolve: use of undeclared type `Regex`\n --> /tmp/tmp96evl3yl.rs:3:14\n  |\n3 |     let re = Regex::new(r\"\\bz\\w+\").unwrap();\n  |              ^^^^^ use of undeclared type `Regex`\n\nerror: aborting due to previous error\n\nFor more information about this error, try `rustc --explain E0433`.\n",
      "exit_code": 1,
      "status": "SyntaxError"
    },
    {
      "program": "/// Write a function that matches a word containing 'z'.\nfn text_match_wordz(text: String) -> bool {\n    let re = Regex::new(r\"\\bz\\w*\\b\").unwrap();\n    re.is_match(&text)\n}\n\nfn main() {\n    let candidate = text_match_wordz;\n    assert_eq!(candidate(String::from(\"pythonz.\")), true);\n    assert_eq!(candidate(String::from(\"xyz.\")), true);\n    assert_eq!(candidate(String::from(\"  lang  .\")), false);\n}\n",
      "timestamp": 1665510606,
      "stdout": "",
      "stderr": "error[E0433]: failed to resolve: use of undeclared type `Regex`\n --> /tmp/tmpixchz9vy.rs:3:14\n  |\n3 |     let re = Regex::new(r\"\\bz\\w*\\b\").unwrap();\n  |              ^^^^^ use of undeclared type `Regex`\n\nerror: aborting due to previous error\n\nFor more information about this error, try `rustc --explain E0433`.\n",
      "exit_code": 1,
      "status": "SyntaxError"
    },
    {
      "program": "/// Write a function that matches a word containing 'z'.\nfn text_match_wordz(text: String) -> bool {\n    let re = Regex::new(r\"\\bz\\w+\").unwrap();\n    re.is_match(&text)\n}\n\nfn main() {\n    let candidate = text_match_wordz;\n    assert_eq!(candidate(String::from(\"pythonz.\")), true);\n    assert_eq!(candidate(String::from(\"xyz.\")), true);\n    assert_eq!(candidate(String::from(\"  lang  .\")), false);\n}\n",
      "timestamp": 1665510606,
      "stdout": "",
      "stderr": "error[E0433]: failed to resolve: use of undeclared type `Regex`\n --> /tmp/tmp96evl3yl.rs:3:14\n  |\n3 |     let re = Regex::new(r\"\\bz\\w+\").unwrap();\n  |              ^^^^^ use of undeclared type `Regex`\n\nerror: aborting due to previous error\n\nFor more information about this error, try `rustc --explain E0433`.\n",
      "exit_code": 1,
      "status": "SyntaxError"
    },
    {
      "program": "/// Write a function that matches a word containing 'z'.\nfn text_match_wordz(text: String) -> bool {\n    let re = Regex::new(r\"\\bz\\w*\\b\").unwrap();\n    re.is_match(&text)\n}\n\nfn main() {\n    let candidate = text_match_wordz;\n    assert_eq!(candidate(String::from(\"pythonz.\")), true);\n    assert_eq!(candidate(String::from(\"xyz.\")), true);\n    assert_eq!(candidate(String::from(\"  lang  .\")), false);\n}\n",
      "timestamp": 1665510606,
      "stdout": "",
      "stderr": "error[E0433]: failed to resolve: use of undeclared type `Regex`\n --> /tmp/tmpixchz9vy.rs:3:14\n  |\n3 |     let re = Regex::new(r\"\\bz\\w*\\b\").unwrap();\n  |              ^^^^^ use of undeclared type `Regex`\n\nerror: aborting due to previous error\n\nFor more information about this error, try `rustc --explain E0433`.\n",
      "exit_code": 1,
      "status": "SyntaxError"
    },
    {
      "program": "/// Write a function that matches a word containing 'z'.\nfn text_match_wordz(text: String) -> bool {\n    let re = Regex::new(r\"\\w*z\\w*\").unwrap();\n    re.is_match(&text)\n}\n\nfn main() {\n    let candidate = text_match_wordz;\n    assert_eq!(candidate(String::from(\"pythonz.\")), true);\n    assert_eq!(candidate(String::from(\"xyz.\")), true);\n    assert_eq!(candidate(String::from(\"  lang  .\")), false);\n}\n",
      "timestamp": 1665510606,
      "stdout": "",
      "stderr": "error[E0433]: failed to resolve: use of undeclared type `Regex`\n --> /tmp/tmpululox2b.rs:3:14\n  |\n3 |     let re = Regex::new(r\"\\w*z\\w*\").unwrap();\n  |              ^^^^^ use of undeclared type `Regex`\n\nerror: aborting due to previous error\n\nFor more information about this error, try `rustc --explain E0433`.\n",
      "exit_code": 1,
      "status": "SyntaxError"
    },
    {
      "program": "/// Write a function that matches a word containing 'z'.\nfn text_match_wordz(text: String) -> bool {\n    let re = Regex::new(r\"\\bz\\w*\\b\").unwrap();\n    re.is_match(&text)\n}\n\nfn main() {\n    let candidate = text_match_wordz;\n    assert_eq!(candidate(String::from(\"pythonz.\")), true);\n    assert_eq!(candidate(String::from(\"xyz.\")), true);\n    assert_eq!(candidate(String::from(\"  lang  .\")), false);\n}\n",
      "timestamp": 1665510606,
      "stdout": "",
      "stderr": "error[E0433]: failed to resolve: use of undeclared type `Regex`\n --> /tmp/tmpixchz9vy.rs:3:14\n  |\n3 |     let re = Regex::new(r\"\\bz\\w*\\b\").unwrap();\n  |              ^^^^^ use of undeclared type `Regex`\n\nerror: aborting due to previous error\n\nFor more information about this error, try `rustc --explain E0433`.\n",
      "exit_code": 1,
      "status": "SyntaxError"
    },
    {
      "program": "/// Write a function that matches a word containing 'z'.\nfn text_match_wordz(text: String) -> bool {\n    let re = Regex::new(r\"\\bz\\w+\").unwrap();\n    re.is_match(&text)\n}\n\nfn main() {\n    let candidate = text_match_wordz;\n    assert_eq!(candidate(String::from(\"pythonz.\")), true);\n    assert_eq!(candidate(String::from(\"xyz.\")), true);\n    assert_eq!(candidate(String::from(\"  lang  .\")), false);\n}\n",
      "timestamp": 1665510606,
      "stdout": "",
      "stderr": "error[E0433]: failed to resolve: use of undeclared type `Regex`\n --> /tmp/tmp96evl3yl.rs:3:14\n  |\n3 |     let re = Regex::new(r\"\\bz\\w+\").unwrap();\n  |              ^^^^^ use of undeclared type `Regex`\n\nerror: aborting due to previous error\n\nFor more information about this error, try `rustc --explain E0433`.\n",
      "exit_code": 1,
      "status": "SyntaxError"
    },
    {
      "program": "/// Write a function that matches a word containing 'z'.\nfn text_match_wordz(text: String) -> bool {\n    let re = Regex::new(r\"\\bz\\w*\\b\").unwrap();\n    re.is_match(&text)\n}\n\nfn main() {\n    let candidate = text_match_wordz;\n    assert_eq!(candidate(String::from(\"pythonz.\")), true);\n    assert_eq!(candidate(String::from(\"xyz.\")), true);\n    assert_eq!(candidate(String::from(\"  lang  .\")), false);\n}\n",
      "timestamp": 1665510606,
      "stdout": "",
      "stderr": "error[E0433]: failed to resolve: use of undeclared type `Regex`\n --> /tmp/tmpixchz9vy.rs:3:14\n  |\n3 |     let re = Regex::new(r\"\\bz\\w*\\b\").unwrap();\n  |              ^^^^^ use of undeclared type `Regex`\n\nerror: aborting due to previous error\n\nFor more information about this error, try `rustc --explain E0433`.\n",
      "exit_code": 1,
      "status": "SyntaxError"
    },
    {
      "program": "/// Write a function that matches a word containing 'z'.\nfn text_match_wordz(text: String) -> bool {\n    let re = Regex::new(r\"\\bz\\w*\\b\").unwrap();\n    re.is_match(&text)\n}\n\nfn main() {\n    let candidate = text_match_wordz;\n    assert_eq!(candidate(String::from(\"pythonz.\")), true);\n    assert_eq!(candidate(String::from(\"xyz.\")), true);\n    assert_eq!(candidate(String::from(\"  lang  .\")), false);\n}\n",
      "timestamp": 1665510606,
      "stdout": "",
      "stderr": "error[E0433]: failed to resolve: use of undeclared type `Regex`\n --> /tmp/tmpixchz9vy.rs:3:14\n  |\n3 |     let re = Regex::new(r\"\\bz\\w*\\b\").unwrap();\n  |              ^^^^^ use of undeclared type `Regex`\n\nerror: aborting due to previous error\n\nFor more information about this error, try `rustc --explain E0433`.\n",
      "exit_code": 1,
      "status": "SyntaxError"
    },
    {
      "program": "/// Write a function that matches a word containing 'z'.\nfn text_match_wordz(text: String) -> bool {\n    unimplemented!()\n}\n\nfn main() {\n    let candidate = text_match_wordz;\n    assert_eq!(candidate(String::from(\"pythonz.\")), true);\n    assert_eq!(candidate(String::from(\"xyz.\")), true);\n    assert_eq!(candidate(String::from(\"  lang  .\")), false);\n}\n",
      "timestamp": 1665510606,
      "stdout": "",
      "stderr": "thread 'main' panicked at 'not implemented', /tmp/tmptogt6n9_.rs:3:5\nnote: run with `RUST_BACKTRACE=1` environment variable to display a backtrace\n",
      "exit_code": 101,
      "status": "Exception"
    },
    {
      "program": "/// Write a function that matches a word containing 'z'.\nfn text_match_wordz(text: String) -> bool {\n    let re = Regex::new(r\"\\bz\\w+\").unwrap();\n    re.is_match(&text)\n}\n\nfn main() {\n    let candidate = text_match_wordz;\n    assert_eq!(candidate(String::from(\"pythonz.\")), true);\n    assert_eq!(candidate(String::from(\"xyz.\")), true);\n    assert_eq!(candidate(String::from(\"  lang  .\")), false);\n}\n",
      "timestamp": 1665510606,
      "stdout": "",
      "stderr": "error[E0433]: failed to resolve: use of undeclared type `Regex`\n --> /tmp/tmp96evl3yl.rs:3:14\n  |\n3 |     let re = Regex::new(r\"\\bz\\w+\").unwrap();\n  |              ^^^^^ use of undeclared type `Regex`\n\nerror: aborting due to previous error\n\nFor more information about this error, try `rustc --explain E0433`.\n",
      "exit_code": 1,
      "status": "SyntaxError"
    },
    {
      "program": "/// Write a function that matches a word containing 'z'.\nfn text_match_wordz(text: String) -> bool {\n    let re = Regex::new(r\"\\bz\\w*\\b\").unwrap();\n    re.is_match(&text)\n}\n\nfn main() {\n    let candidate = text_match_wordz;\n    assert_eq!(candidate(String::from(\"pythonz.\")), true);\n    assert_eq!(candidate(String::from(\"xyz.\")), true);\n    assert_eq!(candidate(String::from(\"  lang  .\")), false);\n}\n",
      "timestamp": 1665510606,
      "stdout": "",
      "stderr": "error[E0433]: failed to resolve: use of undeclared type `Regex`\n --> /tmp/tmpixchz9vy.rs:3:14\n  |\n3 |     let re = Regex::new(r\"\\bz\\w*\\b\").unwrap();\n  |              ^^^^^ use of undeclared type `Regex`\n\nerror: aborting due to previous error\n\nFor more information about this error, try `rustc --explain E0433`.\n",
      "exit_code": 1,
      "status": "SyntaxError"
    },
    {
      "program": "/// Write a function that matches a word containing 'z'.\nfn text_match_wordz(text: String) -> bool {\n    lazy_static! {\n        static ref RE: Regex = Regex::new(r\"\\b\\w*z\\w*\\b\").unwrap();\n    }\n    RE.is_match(&text)\n}\n\nfn main() {\n    let candidate = text_match_wordz;\n    assert_eq!(candidate(String::from(\"pythonz.\")), true);\n    assert_eq!(candidate(String::from(\"xyz.\")), true);\n    assert_eq!(candidate(String::from(\"  lang  .\")), false);\n}\n",
      "timestamp": 1665510606,
      "stdout": "",
      "stderr": "error: cannot find macro `lazy_static` in this scope\n --> /tmp/tmp2mvvhg_d.rs:3:5\n  |\n3 |     lazy_static! {\n  |     ^^^^^^^^^^^\n\nerror[E0425]: cannot find value `RE` in this scope\n --> /tmp/tmp2mvvhg_d.rs:6:5\n  |\n6 |     RE.is_match(&text)\n  |     ^^ not found in this scope\n\nerror: aborting due to 2 previous errors\n\nFor more information about this error, try `rustc --explain E0425`.\n",
      "exit_code": 1,
      "status": "SyntaxError"
    },
    {
      "program": "/// Write a function that matches a word containing 'z'.\nfn text_match_wordz(text: String) -> bool {\n    let re = Regex::new(r\"\\bz\\w+\").unwrap();\n    re.is_match(&text)\n}\n\nfn main() {\n    let candidate = text_match_wordz;\n    assert_eq!(candidate(String::from(\"pythonz.\")), true);\n    assert_eq!(candidate(String::from(\"xyz.\")), true);\n    assert_eq!(candidate(String::from(\"  lang  .\")), false);\n}\n",
      "timestamp": 1665510606,
      "stdout": "",
      "stderr": "error[E0433]: failed to resolve: use of undeclared type `Regex`\n --> /tmp/tmp96evl3yl.rs:3:14\n  |\n3 |     let re = Regex::new(r\"\\bz\\w+\").unwrap();\n  |              ^^^^^ use of undeclared type `Regex`\n\nerror: aborting due to previous error\n\nFor more information about this error, try `rustc --explain E0433`.\n",
      "exit_code": 1,
      "status": "SyntaxError"
    },
    {
      "program": "/// Write a function that matches a word containing 'z'.\nfn text_match_wordz(text: String) -> bool {\n    lazy_static! {\n        static ref RE: Regex = Regex::new(r\"\\b\\w*z\\w*\\b\").unwrap();\n    }\n    RE.is_match(&text)\n}\n\nfn main() {\n    let candidate = text_match_wordz;\n    assert_eq!(candidate(String::from(\"pythonz.\")), true);\n    assert_eq!(candidate(String::from(\"xyz.\")), true);\n    assert_eq!(candidate(String::from(\"  lang  .\")), false);\n}\n",
      "timestamp": 1665510606,
      "stdout": "",
      "stderr": "error: cannot find macro `lazy_static` in this scope\n --> /tmp/tmp2mvvhg_d.rs:3:5\n  |\n3 |     lazy_static! {\n  |     ^^^^^^^^^^^\n\nerror[E0425]: cannot find value `RE` in this scope\n --> /tmp/tmp2mvvhg_d.rs:6:5\n  |\n6 |     RE.is_match(&text)\n  |     ^^ not found in this scope\n\nerror: aborting due to 2 previous errors\n\nFor more information about this error, try `rustc --explain E0425`.\n",
      "exit_code": 1,
      "status": "SyntaxError"
    },
    {
      "program": "/// Write a function that matches a word containing 'z'.\nfn text_match_wordz(text: String) -> bool {\n    lazy_static! {\n        static ref RE: Regex = Regex::new(r\"\\b\\w*z\\w*\\b\").unwrap();\n    }\n    RE.is_match(&text)\n}\n\nfn main() {\n    let candidate = text_match_wordz;\n    assert_eq!(candidate(String::from(\"pythonz.\")), true);\n    assert_eq!(candidate(String::from(\"xyz.\")), true);\n    assert_eq!(candidate(String::from(\"  lang  .\")), false);\n}\n",
      "timestamp": 1665510606,
      "stdout": "",
      "stderr": "error: cannot find macro `lazy_static` in this scope\n --> /tmp/tmp2mvvhg_d.rs:3:5\n  |\n3 |     lazy_static! {\n  |     ^^^^^^^^^^^\n\nerror[E0425]: cannot find value `RE` in this scope\n --> /tmp/tmp2mvvhg_d.rs:6:5\n  |\n6 |     RE.is_match(&text)\n  |     ^^ not found in this scope\n\nerror: aborting due to 2 previous errors\n\nFor more information about this error, try `rustc --explain E0425`.\n",
      "exit_code": 1,
      "status": "SyntaxError"
    },
    {
      "program": "/// Write a function that matches a word containing 'z'.\nfn text_match_wordz(text: String) -> bool {\n    let re = Regex::new(r\"\\bz\\w+\").unwrap();\n    re.is_match(&text)\n}\n\nfn main() {\n    let candidate = text_match_wordz;\n    assert_eq!(candidate(String::from(\"pythonz.\")), true);\n    assert_eq!(candidate(String::from(\"xyz.\")), true);\n    assert_eq!(candidate(String::from(\"  lang  .\")), false);\n}\n",
      "timestamp": 1665510606,
      "stdout": "",
      "stderr": "error[E0433]: failed to resolve: use of undeclared type `Regex`\n --> /tmp/tmp96evl3yl.rs:3:14\n  |\n3 |     let re = Regex::new(r\"\\bz\\w+\").unwrap();\n  |              ^^^^^ use of undeclared type `Regex`\n\nerror: aborting due to previous error\n\nFor more information about this error, try `rustc --explain E0433`.\n",
      "exit_code": 1,
      "status": "SyntaxError"
    },
    {
      "program": "/// Write a function that matches a word containing 'z'.\nfn text_match_wordz(text: String) -> bool {\n    lazy_static! {\n        static ref RE: Regex = Regex::new(r\"\\b\\w*z\\w*\\b\").unwrap();\n    }\n    RE.is_match(&text)\n}\n\nfn main() {\n    let candidate = text_match_wordz;\n    assert_eq!(candidate(String::from(\"pythonz.\")), true);\n    assert_eq!(candidate(String::from(\"xyz.\")), true);\n    assert_eq!(candidate(String::from(\"  lang  .\")), false);\n}\n",
      "timestamp": 1665510606,
      "stdout": "",
      "stderr": "error: cannot find macro `lazy_static` in this scope\n --> /tmp/tmp2mvvhg_d.rs:3:5\n  |\n3 |     lazy_static! {\n  |     ^^^^^^^^^^^\n\nerror[E0425]: cannot find value `RE` in this scope\n --> /tmp/tmp2mvvhg_d.rs:6:5\n  |\n6 |     RE.is_match(&text)\n  |     ^^ not found in this scope\n\nerror: aborting due to 2 previous errors\n\nFor more information about this error, try `rustc --explain E0425`.\n",
      "exit_code": 1,
      "status": "SyntaxError"
    },
    {
      "program": "/// Write a function that matches a word containing 'z'.\nfn text_match_wordz(text: String) -> bool {\n    let re = Regex::new(r\"\\bz\\w*\\b\").unwrap();\n    re.is_match(&text)\n}\n\nfn main() {\n    let candidate = text_match_wordz;\n    assert_eq!(candidate(String::from(\"pythonz.\")), true);\n    assert_eq!(candidate(String::from(\"xyz.\")), true);\n    assert_eq!(candidate(String::from(\"  lang  .\")), false);\n}\n",
      "timestamp": 1665510606,
      "stdout": "",
      "stderr": "error[E0433]: failed to resolve: use of undeclared type `Regex`\n --> /tmp/tmpixchz9vy.rs:3:14\n  |\n3 |     let re = Regex::new(r\"\\bz\\w*\\b\").unwrap();\n  |              ^^^^^ use of undeclared type `Regex`\n\nerror: aborting due to previous error\n\nFor more information about this error, try `rustc --explain E0433`.\n",
      "exit_code": 1,
      "status": "SyntaxError"
    },
    {
      "program": "/// Write a function that matches a word containing 'z'.\nfn text_match_wordz(text: String) -> bool {\n    let re = Regex::new(r\"\\bz\\w*\\b\").unwrap();\n    re.is_match(&text)\n}\n\nfn main() {\n    let candidate = text_match_wordz;\n    assert_eq!(candidate(String::from(\"pythonz.\")), true);\n    assert_eq!(candidate(String::from(\"xyz.\")), true);\n    assert_eq!(candidate(String::from(\"  lang  .\")), false);\n}\n",
      "timestamp": 1665510606,
      "stdout": "",
      "stderr": "error[E0433]: failed to resolve: use of undeclared type `Regex`\n --> /tmp/tmpixchz9vy.rs:3:14\n  |\n3 |     let re = Regex::new(r\"\\bz\\w*\\b\").unwrap();\n  |              ^^^^^ use of undeclared type `Regex`\n\nerror: aborting due to previous error\n\nFor more information about this error, try `rustc --explain E0433`.\n",
      "exit_code": 1,
      "status": "SyntaxError"
    },
    {
      "program": "/// Write a function that matches a word containing 'z'.\nfn text_match_wordz(text: String) -> bool {\n    let re = Regex::new(r\"\\b\\w*z\\w*\\b\").unwrap();\n    re.is_match(&text)\n}\n\nfn main() {\n    let candidate = text_match_wordz;\n    assert_eq!(candidate(String::from(\"pythonz.\")), true);\n    assert_eq!(candidate(String::from(\"xyz.\")), true);\n    assert_eq!(candidate(String::from(\"  lang  .\")), false);\n}\n",
      "timestamp": 1666123474,
      "stdout": "",
      "stderr": "error[E0433]: failed to resolve: use of undeclared type `Regex`\n --> /tmp/tmpuv5ycj6m.rs:3:14\n  |\n3 |     let re = Regex::new(r\"\\b\\w*z\\w*\\b\").unwrap();\n  |              ^^^^^ use of undeclared type `Regex`\n\nerror: aborting due to previous error\n\nFor more information about this error, try `rustc --explain E0433`.\n",
      "exit_code": 1,
      "status": "SyntaxError"
    },
    {
      "program": "/// Write a function that matches a word containing 'z'.\nfn text_match_wordz(text: String) -> bool {\n    unimplemented!()\n}\n\nfn main() {\n    let candidate = text_match_wordz;\n    assert_eq!(candidate(String::from(\"pythonz.\")), true);\n    assert_eq!(candidate(String::from(\"xyz.\")), true);\n    assert_eq!(candidate(String::from(\"  lang  .\")), false);\n}\n",
      "timestamp": 1665510606,
      "stdout": "",
      "stderr": "thread 'main' panicked at 'not implemented', /tmp/tmptogt6n9_.rs:3:5\nnote: run with `RUST_BACKTRACE=1` environment variable to display a backtrace\n",
      "exit_code": 101,
      "status": "Exception"
    },
    {
      "program": "/// Write a function that matches a word containing 'z'.\nfn text_match_wordz(text: String) -> bool {\n    let re = Regex::new(r\"\\bz\\w*\\b\").unwrap();\n    re.is_match(&text)\n}\n\nfn main() {\n    let candidate = text_match_wordz;\n    assert_eq!(candidate(String::from(\"pythonz.\")), true);\n    assert_eq!(candidate(String::from(\"xyz.\")), true);\n    assert_eq!(candidate(String::from(\"  lang  .\")), false);\n}\n",
      "timestamp": 1665510606,
      "stdout": "",
      "stderr": "error[E0433]: failed to resolve: use of undeclared type `Regex`\n --> /tmp/tmpixchz9vy.rs:3:14\n  |\n3 |     let re = Regex::new(r\"\\bz\\w*\\b\").unwrap();\n  |              ^^^^^ use of undeclared type `Regex`\n\nerror: aborting due to previous error\n\nFor more information about this error, try `rustc --explain E0433`.\n",
      "exit_code": 1,
      "status": "SyntaxError"
    },
    {
      "program": "/// Write a function that matches a word containing 'z'.\nfn text_match_wordz(text: String) -> bool {\n    let re = Regex::new(r\"\\bz\\w+\").unwrap();\n    re.is_match(&text)\n}\n\nfn main() {\n    let candidate = text_match_wordz;\n    assert_eq!(candidate(String::from(\"pythonz.\")), true);\n    assert_eq!(candidate(String::from(\"xyz.\")), true);\n    assert_eq!(candidate(String::from(\"  lang  .\")), false);\n}\n",
      "timestamp": 1665510606,
      "stdout": "",
      "stderr": "error[E0433]: failed to resolve: use of undeclared type `Regex`\n --> /tmp/tmp96evl3yl.rs:3:14\n  |\n3 |     let re = Regex::new(r\"\\bz\\w+\").unwrap();\n  |              ^^^^^ use of undeclared type `Regex`\n\nerror: aborting due to previous error\n\nFor more information about this error, try `rustc --explain E0433`.\n",
      "exit_code": 1,
      "status": "SyntaxError"
    },
    {
      "program": "/// Write a function that matches a word containing 'z'.\nfn text_match_wordz(text: String) -> bool {\n    let re = Regex::new(r\"\\bz\\w*\\b\").unwrap();\n    re.is_match(&text)\n}\n\nfn main() {\n    let candidate = text_match_wordz;\n    assert_eq!(candidate(String::from(\"pythonz.\")), true);\n    assert_eq!(candidate(String::from(\"xyz.\")), true);\n    assert_eq!(candidate(String::from(\"  lang  .\")), false);\n}\n",
      "timestamp": 1665510606,
      "stdout": "",
      "stderr": "error[E0433]: failed to resolve: use of undeclared type `Regex`\n --> /tmp/tmpixchz9vy.rs:3:14\n  |\n3 |     let re = Regex::new(r\"\\bz\\w*\\b\").unwrap();\n  |              ^^^^^ use of undeclared type `Regex`\n\nerror: aborting due to previous error\n\nFor more information about this error, try `rustc --explain E0433`.\n",
      "exit_code": 1,
      "status": "SyntaxError"
    },
    {
      "program": "/// Write a function that matches a word containing 'z'.\nfn text_match_wordz(text: String) -> bool {\n    let re = Regex::new(r\"\\bz\\w*\\b\").unwrap();\n    re.is_match(&text)\n}\n\nfn main() {\n    let candidate = text_match_wordz;\n    assert_eq!(candidate(String::from(\"pythonz.\")), true);\n    assert_eq!(candidate(String::from(\"xyz.\")), true);\n    assert_eq!(candidate(String::from(\"  lang  .\")), false);\n}\n",
      "timestamp": 1665510606,
      "stdout": "",
      "stderr": "error[E0433]: failed to resolve: use of undeclared type `Regex`\n --> /tmp/tmpixchz9vy.rs:3:14\n  |\n3 |     let re = Regex::new(r\"\\bz\\w*\\b\").unwrap();\n  |              ^^^^^ use of undeclared type `Regex`\n\nerror: aborting due to previous error\n\nFor more information about this error, try `rustc --explain E0433`.\n",
      "exit_code": 1,
      "status": "SyntaxError"
    },
    {
      "program": "/// Write a function that matches a word containing 'z'.\nfn text_match_wordz(text: String) -> bool {\n    lazy_static! {\n        static ref RE: Regex = Regex::new(r\"\\b\\w*z\\w*\\b\").unwrap();\n    }\n    RE.is_match(&text)\n}\n\nfn main() {\n    let candidate = text_match_wordz;\n    assert_eq!(candidate(String::from(\"pythonz.\")), true);\n    assert_eq!(candidate(String::from(\"xyz.\")), true);\n    assert_eq!(candidate(String::from(\"  lang  .\")), false);\n}\n",
      "timestamp": 1665510606,
      "stdout": "",
      "stderr": "error: cannot find macro `lazy_static` in this scope\n --> /tmp/tmp2mvvhg_d.rs:3:5\n  |\n3 |     lazy_static! {\n  |     ^^^^^^^^^^^\n\nerror[E0425]: cannot find value `RE` in this scope\n --> /tmp/tmp2mvvhg_d.rs:6:5\n  |\n6 |     RE.is_match(&text)\n  |     ^^ not found in this scope\n\nerror: aborting due to 2 previous errors\n\nFor more information about this error, try `rustc --explain E0425`.\n",
      "exit_code": 1,
      "status": "SyntaxError"
    },
    {
      "program": "/// Write a function that matches a word containing 'z'.\nfn text_match_wordz(text: String) -> bool {\n    let re = Regex::new(r\"\\bz\\w*\\b\").unwrap();\n    re.is_match(&text)\n}\n\nfn main() {\n    let candidate = text_match_wordz;\n    assert_eq!(candidate(String::from(\"pythonz.\")), true);\n    assert_eq!(candidate(String::from(\"xyz.\")), true);\n    assert_eq!(candidate(String::from(\"  lang  .\")), false);\n}\n",
      "timestamp": 1665510606,
      "stdout": "",
      "stderr": "error[E0433]: failed to resolve: use of undeclared type `Regex`\n --> /tmp/tmpixchz9vy.rs:3:14\n  |\n3 |     let re = Regex::new(r\"\\bz\\w*\\b\").unwrap();\n  |              ^^^^^ use of undeclared type `Regex`\n\nerror: aborting due to previous error\n\nFor more information about this error, try `rustc --explain E0433`.\n",
      "exit_code": 1,
      "status": "SyntaxError"
    },
    {
      "program": "/// Write a function that matches a word containing 'z'.\nfn text_match_wordz(text: String) -> bool {\n    let re = Regex::new(r\"\\bz\\w*\\b\").unwrap();\n    re.is_match(&text)\n}\n\nfn main() {\n    let candidate = text_match_wordz;\n    assert_eq!(candidate(String::from(\"pythonz.\")), true);\n    assert_eq!(candidate(String::from(\"xyz.\")), true);\n    assert_eq!(candidate(String::from(\"  lang  .\")), false);\n}\n",
      "timestamp": 1665510606,
      "stdout": "",
      "stderr": "error[E0433]: failed to resolve: use of undeclared type `Regex`\n --> /tmp/tmpixchz9vy.rs:3:14\n  |\n3 |     let re = Regex::new(r\"\\bz\\w*\\b\").unwrap();\n  |              ^^^^^ use of undeclared type `Regex`\n\nerror: aborting due to previous error\n\nFor more information about this error, try `rustc --explain E0433`.\n",
      "exit_code": 1,
      "status": "SyntaxError"
    },
    {
      "program": "/// Write a function that matches a word containing 'z'.\nfn text_match_wordz(text: String) -> bool {\n    let re = Regex::new(r\"\\bz\\w*\\b\").unwrap();\n    re.is_match(&text)\n}\n\nfn main() {\n    let candidate = text_match_wordz;\n    assert_eq!(candidate(String::from(\"pythonz.\")), true);\n    assert_eq!(candidate(String::from(\"xyz.\")), true);\n    assert_eq!(candidate(String::from(\"  lang  .\")), false);\n}\n",
      "timestamp": 1665510606,
      "stdout": "",
      "stderr": "error[E0433]: failed to resolve: use of undeclared type `Regex`\n --> /tmp/tmpixchz9vy.rs:3:14\n  |\n3 |     let re = Regex::new(r\"\\bz\\w*\\b\").unwrap();\n  |              ^^^^^ use of undeclared type `Regex`\n\nerror: aborting due to previous error\n\nFor more information about this error, try `rustc --explain E0433`.\n",
      "exit_code": 1,
      "status": "SyntaxError"
    },
    {
      "program": "/// Write a function that matches a word containing 'z'.\nfn text_match_wordz(text: String) -> bool {\n    let re = Regex::new(r\"\\bz\\w+\").unwrap();\n    re.is_match(&text)\n}\n\nfn main() {\n    let candidate = text_match_wordz;\n    assert_eq!(candidate(String::from(\"pythonz.\")), true);\n    assert_eq!(candidate(String::from(\"xyz.\")), true);\n    assert_eq!(candidate(String::from(\"  lang  .\")), false);\n}\n",
      "timestamp": 1665510606,
      "stdout": "",
      "stderr": "error[E0433]: failed to resolve: use of undeclared type `Regex`\n --> /tmp/tmp96evl3yl.rs:3:14\n  |\n3 |     let re = Regex::new(r\"\\bz\\w+\").unwrap();\n  |              ^^^^^ use of undeclared type `Regex`\n\nerror: aborting due to previous error\n\nFor more information about this error, try `rustc --explain E0433`.\n",
      "exit_code": 1,
      "status": "SyntaxError"
    },
    {
      "program": "/// Write a function that matches a word containing 'z'.\nfn text_match_wordz(text: String) -> bool {\n    let re = Regex::new(r\"\\bz\\w+\").unwrap();\n    re.is_match(&text)\n}\n\nfn main() {\n    let candidate = text_match_wordz;\n    assert_eq!(candidate(String::from(\"pythonz.\")), true);\n    assert_eq!(candidate(String::from(\"xyz.\")), true);\n    assert_eq!(candidate(String::from(\"  lang  .\")), false);\n}\n",
      "timestamp": 1665510606,
      "stdout": "",
      "stderr": "error[E0433]: failed to resolve: use of undeclared type `Regex`\n --> /tmp/tmp96evl3yl.rs:3:14\n  |\n3 |     let re = Regex::new(r\"\\bz\\w+\").unwrap();\n  |              ^^^^^ use of undeclared type `Regex`\n\nerror: aborting due to previous error\n\nFor more information about this error, try `rustc --explain E0433`.\n",
      "exit_code": 1,
      "status": "SyntaxError"
    },
    {
      "program": "/// Write a function that matches a word containing 'z'.\nfn text_match_wordz(text: String) -> bool {\n    let re = Regex::new(r\"\\bz\\w*\\b\").unwrap();\n    re.is_match(&text)\n}\n\nfn main() {\n    let candidate = text_match_wordz;\n    assert_eq!(candidate(String::from(\"pythonz.\")), true);\n    assert_eq!(candidate(String::from(\"xyz.\")), true);\n    assert_eq!(candidate(String::from(\"  lang  .\")), false);\n}\n",
      "timestamp": 1665510606,
      "stdout": "",
      "stderr": "error[E0433]: failed to resolve: use of undeclared type `Regex`\n --> /tmp/tmpixchz9vy.rs:3:14\n  |\n3 |     let re = Regex::new(r\"\\bz\\w*\\b\").unwrap();\n  |              ^^^^^ use of undeclared type `Regex`\n\nerror: aborting due to previous error\n\nFor more information about this error, try `rustc --explain E0433`.\n",
      "exit_code": 1,
      "status": "SyntaxError"
    },
    {
      "program": "/// Write a function that matches a word containing 'z'.\nfn text_match_wordz(text: String) -> bool {\n    lazy_static! {\n        static ref RE: Regex = Regex::new(r\"\\b\\w*z\\w*\\b\").unwrap();\n    }\n    RE.is_match(&text)\n}\n\nfn main() {\n    let candidate = text_match_wordz;\n    assert_eq!(candidate(String::from(\"pythonz.\")), true);\n    assert_eq!(candidate(String::from(\"xyz.\")), true);\n    assert_eq!(candidate(String::from(\"  lang  .\")), false);\n}\n",
      "timestamp": 1665510606,
      "stdout": "",
      "stderr": "error: cannot find macro `lazy_static` in this scope\n --> /tmp/tmp2mvvhg_d.rs:3:5\n  |\n3 |     lazy_static! {\n  |     ^^^^^^^^^^^\n\nerror[E0425]: cannot find value `RE` in this scope\n --> /tmp/tmp2mvvhg_d.rs:6:5\n  |\n6 |     RE.is_match(&text)\n  |     ^^ not found in this scope\n\nerror: aborting due to 2 previous errors\n\nFor more information about this error, try `rustc --explain E0425`.\n",
      "exit_code": 1,
      "status": "SyntaxError"
    },
    {
      "program": "/// Write a function that matches a word containing 'z'.\nfn text_match_wordz(text: String) -> bool {\n    let re = Regex::new(r\"\\bz\\w+\").unwrap();\n    re.is_match(&text)\n}\n\nfn main() {\n    let candidate = text_match_wordz;\n    assert_eq!(candidate(String::from(\"pythonz.\")), true);\n    assert_eq!(candidate(String::from(\"xyz.\")), true);\n    assert_eq!(candidate(String::from(\"  lang  .\")), false);\n}\n",
      "timestamp": 1665510606,
      "stdout": "",
      "stderr": "error[E0433]: failed to resolve: use of undeclared type `Regex`\n --> /tmp/tmp96evl3yl.rs:3:14\n  |\n3 |     let re = Regex::new(r\"\\bz\\w+\").unwrap();\n  |              ^^^^^ use of undeclared type `Regex`\n\nerror: aborting due to previous error\n\nFor more information about this error, try `rustc --explain E0433`.\n",
      "exit_code": 1,
      "status": "SyntaxError"
    },
    {
      "program": "/// Write a function that matches a word containing 'z'.\nfn text_match_wordz(text: String) -> bool {\n    unimplemented!()\n}\n\nfn main() {\n    let candidate = text_match_wordz;\n    assert_eq!(candidate(String::from(\"pythonz.\")), true);\n    assert_eq!(candidate(String::from(\"xyz.\")), true);\n    assert_eq!(candidate(String::from(\"  lang  .\")), false);\n}\n",
      "timestamp": 1665510606,
      "stdout": "",
      "stderr": "thread 'main' panicked at 'not implemented', /tmp/tmptogt6n9_.rs:3:5\nnote: run with `RUST_BACKTRACE=1` environment variable to display a backtrace\n",
      "exit_code": 101,
      "status": "Exception"
    },
    {
      "program": "/// Write a function that matches a word containing 'z'.\nfn text_match_wordz(text: String) -> bool {\n    let re = Regex::new(r\"\\bz\\w*\\b\").unwrap();\n    re.is_match(&text)\n}\n\nfn main() {\n    let candidate = text_match_wordz;\n    assert_eq!(candidate(String::from(\"pythonz.\")), true);\n    assert_eq!(candidate(String::from(\"xyz.\")), true);\n    assert_eq!(candidate(String::from(\"  lang  .\")), false);\n}\n",
      "timestamp": 1665510606,
      "stdout": "",
      "stderr": "error[E0433]: failed to resolve: use of undeclared type `Regex`\n --> /tmp/tmpixchz9vy.rs:3:14\n  |\n3 |     let re = Regex::new(r\"\\bz\\w*\\b\").unwrap();\n  |              ^^^^^ use of undeclared type `Regex`\n\nerror: aborting due to previous error\n\nFor more information about this error, try `rustc --explain E0433`.\n",
      "exit_code": 1,
      "status": "SyntaxError"
    },
    {
      "program": "/// Write a function that matches a word containing 'z'.\nfn text_match_wordz(text: String) -> bool {\n    lazy_static! {\n        static ref RE: Regex = Regex::new(r\"\\b\\w*z\\w*\\b\").unwrap();\n    }\n    RE.is_match(&text)\n}\n\nfn main() {\n    let candidate = text_match_wordz;\n    assert_eq!(candidate(String::from(\"pythonz.\")), true);\n    assert_eq!(candidate(String::from(\"xyz.\")), true);\n    assert_eq!(candidate(String::from(\"  lang  .\")), false);\n}\n",
      "timestamp": 1665510606,
      "stdout": "",
      "stderr": "error: cannot find macro `lazy_static` in this scope\n --> /tmp/tmp2mvvhg_d.rs:3:5\n  |\n3 |     lazy_static! {\n  |     ^^^^^^^^^^^\n\nerror[E0425]: cannot find value `RE` in this scope\n --> /tmp/tmp2mvvhg_d.rs:6:5\n  |\n6 |     RE.is_match(&text)\n  |     ^^ not found in this scope\n\nerror: aborting due to 2 previous errors\n\nFor more information about this error, try `rustc --explain E0425`.\n",
      "exit_code": 1,
      "status": "SyntaxError"
    },
    {
      "program": "/// Write a function that matches a word containing 'z'.\nfn text_match_wordz(text: String) -> bool {\n    unimplemented!()\n}\n\nfn main() {\n    let candidate = text_match_wordz;\n    assert_eq!(candidate(String::from(\"pythonz.\")), true);\n    assert_eq!(candidate(String::from(\"xyz.\")), true);\n    assert_eq!(candidate(String::from(\"  lang  .\")), false);\n}\n",
      "timestamp": 1665510606,
      "stdout": "",
      "stderr": "thread 'main' panicked at 'not implemented', /tmp/tmptogt6n9_.rs:3:5\nnote: run with `RUST_BACKTRACE=1` environment variable to display a backtrace\n",
      "exit_code": 101,
      "status": "Exception"
    },
    {
      "program": "/// Write a function that matches a word containing 'z'.\nfn text_match_wordz(text: String) -> bool {\n    let re = Regex::new(r\"\\b\\w*z\\w*\\b\").unwrap();\n    re.is_match(&text)\n}\n\nfn main() {\n    let candidate = text_match_wordz;\n    assert_eq!(candidate(String::from(\"pythonz.\")), true);\n    assert_eq!(candidate(String::from(\"xyz.\")), true);\n    assert_eq!(candidate(String::from(\"  lang  .\")), false);\n}\n",
      "timestamp": 1666123474,
      "stdout": "",
      "stderr": "error[E0433]: failed to resolve: use of undeclared type `Regex`\n --> /tmp/tmpuv5ycj6m.rs:3:14\n  |\n3 |     let re = Regex::new(r\"\\b\\w*z\\w*\\b\").unwrap();\n  |              ^^^^^ use of undeclared type `Regex`\n\nerror: aborting due to previous error\n\nFor more information about this error, try `rustc --explain E0433`.\n",
      "exit_code": 1,
      "status": "SyntaxError"
    },
    {
      "program": "/// Write a function that matches a word containing 'z'.\nfn text_match_wordz(text: String) -> bool {\n    unimplemented!()\n}\n\nfn main() {\n    let candidate = text_match_wordz;\n    assert_eq!(candidate(String::from(\"pythonz.\")), true);\n    assert_eq!(candidate(String::from(\"xyz.\")), true);\n    assert_eq!(candidate(String::from(\"  lang  .\")), false);\n}\n",
      "timestamp": 1665510606,
      "stdout": "",
      "stderr": "thread 'main' panicked at 'not implemented', /tmp/tmptogt6n9_.rs:3:5\nnote: run with `RUST_BACKTRACE=1` environment variable to display a backtrace\n",
      "exit_code": 101,
      "status": "Exception"
    },
    {
      "program": "/// Write a function that matches a word containing 'z'.\nfn text_match_wordz(text: String) -> bool {\n    lazy_static! {\n        static ref RE: Regex = Regex::new(r\"\\b\\w*z\\w*\\b\").unwrap();\n    }\n    RE.is_match(&text)\n}\n\nfn main() {\n    let candidate = text_match_wordz;\n    assert_eq!(candidate(String::from(\"pythonz.\")), true);\n    assert_eq!(candidate(String::from(\"xyz.\")), true);\n    assert_eq!(candidate(String::from(\"  lang  .\")), false);\n}\n",
      "timestamp": 1665510606,
      "stdout": "",
      "stderr": "error: cannot find macro `lazy_static` in this scope\n --> /tmp/tmp2mvvhg_d.rs:3:5\n  |\n3 |     lazy_static! {\n  |     ^^^^^^^^^^^\n\nerror[E0425]: cannot find value `RE` in this scope\n --> /tmp/tmp2mvvhg_d.rs:6:5\n  |\n6 |     RE.is_match(&text)\n  |     ^^ not found in this scope\n\nerror: aborting due to 2 previous errors\n\nFor more information about this error, try `rustc --explain E0425`.\n",
      "exit_code": 1,
      "status": "SyntaxError"
    },
    {
      "program": "/// Write a function that matches a word containing 'z'.\nfn text_match_wordz(text: String) -> bool {\n    lazy_static! {\n        static ref RE: Regex = Regex::new(r\"\\b\\w*z\\w*\\b\").unwrap();\n    }\n    RE.is_match(&text)\n}\n\nfn main() {\n    let candidate = text_match_wordz;\n    assert_eq!(candidate(String::from(\"pythonz.\")), true);\n    assert_eq!(candidate(String::from(\"xyz.\")), true);\n    assert_eq!(candidate(String::from(\"  lang  .\")), false);\n}\n",
      "timestamp": 1665510606,
      "stdout": "",
      "stderr": "error: cannot find macro `lazy_static` in this scope\n --> /tmp/tmp2mvvhg_d.rs:3:5\n  |\n3 |     lazy_static! {\n  |     ^^^^^^^^^^^\n\nerror[E0425]: cannot find value `RE` in this scope\n --> /tmp/tmp2mvvhg_d.rs:6:5\n  |\n6 |     RE.is_match(&text)\n  |     ^^ not found in this scope\n\nerror: aborting due to 2 previous errors\n\nFor more information about this error, try `rustc --explain E0425`.\n",
      "exit_code": 1,
      "status": "SyntaxError"
    },
    {
      "program": "/// Write a function that matches a word containing 'z'.\nfn text_match_wordz(text: String) -> bool {\n    text.contains(\"z\")\n}\n\nfn main() {\n    let candidate = text_match_wordz;\n    assert_eq!(candidate(String::from(\"pythonz.\")), true);\n    assert_eq!(candidate(String::from(\"xyz.\")), true);\n    assert_eq!(candidate(String::from(\"  lang  .\")), false);\n}\n",
      "timestamp": 1666123474,
      "stdout": "",
      "stderr": "",
      "exit_code": 0,
      "status": "OK"
    },
    {
      "program": "/// Write a function that matches a word containing 'z'.\nfn text_match_wordz(text: String) -> bool {\n    lazy_static! {\n        static ref RE: Regex = Regex::new(r\"\\b\\w*z\\w*\\b\").unwrap();\n    }\n    RE.is_match(&text)\n}\n\nfn main() {\n    let candidate = text_match_wordz;\n    assert_eq!(candidate(String::from(\"pythonz.\")), true);\n    assert_eq!(candidate(String::from(\"xyz.\")), true);\n    assert_eq!(candidate(String::from(\"  lang  .\")), false);\n}\n",
      "timestamp": 1665510606,
      "stdout": "",
      "stderr": "error: cannot find macro `lazy_static` in this scope\n --> /tmp/tmp2mvvhg_d.rs:3:5\n  |\n3 |     lazy_static! {\n  |     ^^^^^^^^^^^\n\nerror[E0425]: cannot find value `RE` in this scope\n --> /tmp/tmp2mvvhg_d.rs:6:5\n  |\n6 |     RE.is_match(&text)\n  |     ^^ not found in this scope\n\nerror: aborting due to 2 previous errors\n\nFor more information about this error, try `rustc --explain E0425`.\n",
      "exit_code": 1,
      "status": "SyntaxError"
    },
    {
      "program": "/// Write a function that matches a word containing 'z'.\nfn text_match_wordz(text: String) -> bool {\n    lazy_static! {\n        static ref RE: Regex = Regex::new(r\"\\b\\w*z\\w*\\b\").unwrap();\n    }\n    RE.is_match(&text)\n}\n\nfn main() {\n    let candidate = text_match_wordz;\n    assert_eq!(candidate(String::from(\"pythonz.\")), true);\n    assert_eq!(candidate(String::from(\"xyz.\")), true);\n    assert_eq!(candidate(String::from(\"  lang  .\")), false);\n}\n",
      "timestamp": 1665510606,
      "stdout": "",
      "stderr": "error: cannot find macro `lazy_static` in this scope\n --> /tmp/tmp2mvvhg_d.rs:3:5\n  |\n3 |     lazy_static! {\n  |     ^^^^^^^^^^^\n\nerror[E0425]: cannot find value `RE` in this scope\n --> /tmp/tmp2mvvhg_d.rs:6:5\n  |\n6 |     RE.is_match(&text)\n  |     ^^ not found in this scope\n\nerror: aborting due to 2 previous errors\n\nFor more information about this error, try `rustc --explain E0425`.\n",
      "exit_code": 1,
      "status": "SyntaxError"
    },
    {
      "program": "/// Write a function that matches a word containing 'z'.\nfn text_match_wordz(text: String) -> bool {\n    lazy_static! {\n        static ref RE: Regex = Regex::new(r\"\\b\\w*z\\w*\\b\").unwrap();\n    }\n    RE.is_match(&text)\n}\n\nfn main() {\n    let candidate = text_match_wordz;\n    assert_eq!(candidate(String::from(\"pythonz.\")), true);\n    assert_eq!(candidate(String::from(\"xyz.\")), true);\n    assert_eq!(candidate(String::from(\"  lang  .\")), false);\n}\n",
      "timestamp": 1665510606,
      "stdout": "",
      "stderr": "error: cannot find macro `lazy_static` in this scope\n --> /tmp/tmp2mvvhg_d.rs:3:5\n  |\n3 |     lazy_static! {\n  |     ^^^^^^^^^^^\n\nerror[E0425]: cannot find value `RE` in this scope\n --> /tmp/tmp2mvvhg_d.rs:6:5\n  |\n6 |     RE.is_match(&text)\n  |     ^^ not found in this scope\n\nerror: aborting due to 2 previous errors\n\nFor more information about this error, try `rustc --explain E0425`.\n",
      "exit_code": 1,
      "status": "SyntaxError"
    },
    {
      "program": "/// Write a function that matches a word containing 'z'.\nfn text_match_wordz(text: String) -> bool {\n    text.contains(\"z\")\n}\n\nfn main() {\n    let candidate = text_match_wordz;\n    assert_eq!(candidate(String::from(\"pythonz.\")), true);\n    assert_eq!(candidate(String::from(\"xyz.\")), true);\n    assert_eq!(candidate(String::from(\"  lang  .\")), false);\n}\n",
      "timestamp": 1666123474,
      "stdout": "",
      "stderr": "",
      "exit_code": 0,
      "status": "OK"
    },
    {
      "program": "/// Write a function that matches a word containing 'z'.\nfn text_match_wordz(text: String) -> bool {\n    let re = Regex::new(r\"\\bz\\w*\\b\").unwrap();\n    re.is_match(&text)\n}\n\nfn main() {\n    let candidate = text_match_wordz;\n    assert_eq!(candidate(String::from(\"pythonz.\")), true);\n    assert_eq!(candidate(String::from(\"xyz.\")), true);\n    assert_eq!(candidate(String::from(\"  lang  .\")), false);\n}\n",
      "timestamp": 1665510606,
      "stdout": "",
      "stderr": "error[E0433]: failed to resolve: use of undeclared type `Regex`\n --> /tmp/tmpixchz9vy.rs:3:14\n  |\n3 |     let re = Regex::new(r\"\\bz\\w*\\b\").unwrap();\n  |              ^^^^^ use of undeclared type `Regex`\n\nerror: aborting due to previous error\n\nFor more information about this error, try `rustc --explain E0433`.\n",
      "exit_code": 1,
      "status": "SyntaxError"
    },
    {
      "program": "/// Write a function that matches a word containing 'z'.\nfn text_match_wordz(text: String) -> bool {\n    let re = Regex::new(r\"\\bz\\w+\").unwrap();\n    re.is_match(&text)\n}\n\nfn main() {\n    let candidate = text_match_wordz;\n    assert_eq!(candidate(String::from(\"pythonz.\")), true);\n    assert_eq!(candidate(String::from(\"xyz.\")), true);\n    assert_eq!(candidate(String::from(\"  lang  .\")), false);\n}\n",
      "timestamp": 1665510606,
      "stdout": "",
      "stderr": "error[E0433]: failed to resolve: use of undeclared type `Regex`\n --> /tmp/tmp96evl3yl.rs:3:14\n  |\n3 |     let re = Regex::new(r\"\\bz\\w+\").unwrap();\n  |              ^^^^^ use of undeclared type `Regex`\n\nerror: aborting due to previous error\n\nFor more information about this error, try `rustc --explain E0433`.\n",
      "exit_code": 1,
      "status": "SyntaxError"
    },
    {
      "program": "/// Write a function that matches a word containing 'z'.\nfn text_match_wordz(text: String) -> bool {\n    let re = Regex::new(r\"\\bz\\w*\\b\").unwrap();\n    re.is_match(&text)\n}\n\nfn main() {\n    let candidate = text_match_wordz;\n    assert_eq!(candidate(String::from(\"pythonz.\")), true);\n    assert_eq!(candidate(String::from(\"xyz.\")), true);\n    assert_eq!(candidate(String::from(\"  lang  .\")), false);\n}\n",
      "timestamp": 1665510606,
      "stdout": "",
      "stderr": "error[E0433]: failed to resolve: use of undeclared type `Regex`\n --> /tmp/tmpixchz9vy.rs:3:14\n  |\n3 |     let re = Regex::new(r\"\\bz\\w*\\b\").unwrap();\n  |              ^^^^^ use of undeclared type `Regex`\n\nerror: aborting due to previous error\n\nFor more information about this error, try `rustc --explain E0433`.\n",
      "exit_code": 1,
      "status": "SyntaxError"
    },
    {
      "program": "/// Write a function that matches a word containing 'z'.\nfn text_match_wordz(text: String) -> bool {\n    let re = Regex::new(r\"\\bz\\w+\\b\").unwrap();\n    re.is_match(&text)\n}\n\nfn main() {\n    let candidate = text_match_wordz;\n    assert_eq!(candidate(String::from(\"pythonz.\")), true);\n    assert_eq!(candidate(String::from(\"xyz.\")), true);\n    assert_eq!(candidate(String::from(\"  lang  .\")), false);\n}\n",
      "timestamp": 1665510606,
      "stdout": "",
      "stderr": "error[E0433]: failed to resolve: use of undeclared type `Regex`\n --> /tmp/tmp42nn1n55.rs:3:14\n  |\n3 |     let re = Regex::new(r\"\\bz\\w+\\b\").unwrap();\n  |              ^^^^^ use of undeclared type `Regex`\n\nerror: aborting due to previous error\n\nFor more information about this error, try `rustc --explain E0433`.\n",
      "exit_code": 1,
      "status": "SyntaxError"
    },
    {
      "program": "/// Write a function that matches a word containing 'z'.\nfn text_match_wordz(text: String) -> bool {\n    lazy_static! {\n        static ref RE: Regex = Regex::new(r\"\\b\\w*z\\w*\\b\").unwrap();\n    }\n    RE.is_match(&text)\n}\n\nfn main() {\n    let candidate = text_match_wordz;\n    assert_eq!(candidate(String::from(\"pythonz.\")), true);\n    assert_eq!(candidate(String::from(\"xyz.\")), true);\n    assert_eq!(candidate(String::from(\"  lang  .\")), false);\n}\n",
      "timestamp": 1665510606,
      "stdout": "",
      "stderr": "error: cannot find macro `lazy_static` in this scope\n --> /tmp/tmp2mvvhg_d.rs:3:5\n  |\n3 |     lazy_static! {\n  |     ^^^^^^^^^^^\n\nerror[E0425]: cannot find value `RE` in this scope\n --> /tmp/tmp2mvvhg_d.rs:6:5\n  |\n6 |     RE.is_match(&text)\n  |     ^^ not found in this scope\n\nerror: aborting due to 2 previous errors\n\nFor more information about this error, try `rustc --explain E0425`.\n",
      "exit_code": 1,
      "status": "SyntaxError"
    },
    {
      "program": "/// Write a function that matches a word containing 'z'.\nfn text_match_wordz(text: String) -> bool {\n    let re = Regex::new(r\"\\bz\\w*\\b\").unwrap();\n    re.is_match(&text)\n}\n\nfn main() {\n    let candidate = text_match_wordz;\n    assert_eq!(candidate(String::from(\"pythonz.\")), true);\n    assert_eq!(candidate(String::from(\"xyz.\")), true);\n    assert_eq!(candidate(String::from(\"  lang  .\")), false);\n}\n",
      "timestamp": 1665510606,
      "stdout": "",
      "stderr": "error[E0433]: failed to resolve: use of undeclared type `Regex`\n --> /tmp/tmpixchz9vy.rs:3:14\n  |\n3 |     let re = Regex::new(r\"\\bz\\w*\\b\").unwrap();\n  |              ^^^^^ use of undeclared type `Regex`\n\nerror: aborting due to previous error\n\nFor more information about this error, try `rustc --explain E0433`.\n",
      "exit_code": 1,
      "status": "SyntaxError"
    },
    {
      "program": "/// Write a function that matches a word containing 'z'.\nfn text_match_wordz(text: String) -> bool {\n    let re = Regex::new(r\"\\bz\\w*\\b\").unwrap();\n    re.is_match(&text)\n}\n\nfn main() {\n    let candidate = text_match_wordz;\n    assert_eq!(candidate(String::from(\"pythonz.\")), true);\n    assert_eq!(candidate(String::from(\"xyz.\")), true);\n    assert_eq!(candidate(String::from(\"  lang  .\")), false);\n}\n",
      "timestamp": 1665510606,
      "stdout": "",
      "stderr": "error[E0433]: failed to resolve: use of undeclared type `Regex`\n --> /tmp/tmpixchz9vy.rs:3:14\n  |\n3 |     let re = Regex::new(r\"\\bz\\w*\\b\").unwrap();\n  |              ^^^^^ use of undeclared type `Regex`\n\nerror: aborting due to previous error\n\nFor more information about this error, try `rustc --explain E0433`.\n",
      "exit_code": 1,
      "status": "SyntaxError"
    },
    {
      "program": "/// Write a function that matches a word containing 'z'.\nfn text_match_wordz(text: String) -> bool {\n    lazy_static! {\n        static ref RE: Regex = Regex::new(r\"\\b\\w*z\\w*\\b\").unwrap();\n    }\n    RE.is_match(&text)\n}\n\nfn main() {\n    let candidate = text_match_wordz;\n    assert_eq!(candidate(String::from(\"pythonz.\")), true);\n    assert_eq!(candidate(String::from(\"xyz.\")), true);\n    assert_eq!(candidate(String::from(\"  lang  .\")), false);\n}\n",
      "timestamp": 1665510606,
      "stdout": "",
      "stderr": "error: cannot find macro `lazy_static` in this scope\n --> /tmp/tmp2mvvhg_d.rs:3:5\n  |\n3 |     lazy_static! {\n  |     ^^^^^^^^^^^\n\nerror[E0425]: cannot find value `RE` in this scope\n --> /tmp/tmp2mvvhg_d.rs:6:5\n  |\n6 |     RE.is_match(&text)\n  |     ^^ not found in this scope\n\nerror: aborting due to 2 previous errors\n\nFor more information about this error, try `rustc --explain E0425`.\n",
      "exit_code": 1,
      "status": "SyntaxError"
    },
    {
      "program": "/// Write a function that matches a word containing 'z'.\nfn text_match_wordz(text: String) -> bool {\n    let re = Regex::new(r\"\\bz\\w*\\b\").unwrap();\n    re.is_match(&text)\n}\n\nfn main() {\n    let candidate = text_match_wordz;\n    assert_eq!(candidate(String::from(\"pythonz.\")), true);\n    assert_eq!(candidate(String::from(\"xyz.\")), true);\n    assert_eq!(candidate(String::from(\"  lang  .\")), false);\n}\n",
      "timestamp": 1665510606,
      "stdout": "",
      "stderr": "error[E0433]: failed to resolve: use of undeclared type `Regex`\n --> /tmp/tmpixchz9vy.rs:3:14\n  |\n3 |     let re = Regex::new(r\"\\bz\\w*\\b\").unwrap();\n  |              ^^^^^ use of undeclared type `Regex`\n\nerror: aborting due to previous error\n\nFor more information about this error, try `rustc --explain E0433`.\n",
      "exit_code": 1,
      "status": "SyntaxError"
    },
    {
      "program": "/// Write a function that matches a word containing 'z'.\nfn text_match_wordz(text: String) -> bool {\n    let re = Regex::new(r\"\\bz\\w*\\b\").unwrap();\n    re.is_match(&text)\n}\n\nfn main() {\n    let candidate = text_match_wordz;\n    assert_eq!(candidate(String::from(\"pythonz.\")), true);\n    assert_eq!(candidate(String::from(\"xyz.\")), true);\n    assert_eq!(candidate(String::from(\"  lang  .\")), false);\n}\n",
      "timestamp": 1665510606,
      "stdout": "",
      "stderr": "error[E0433]: failed to resolve: use of undeclared type `Regex`\n --> /tmp/tmpixchz9vy.rs:3:14\n  |\n3 |     let re = Regex::new(r\"\\bz\\w*\\b\").unwrap();\n  |              ^^^^^ use of undeclared type `Regex`\n\nerror: aborting due to previous error\n\nFor more information about this error, try `rustc --explain E0433`.\n",
      "exit_code": 1,
      "status": "SyntaxError"
    },
    {
      "program": "/// Write a function that matches a word containing 'z'.\nfn text_match_wordz(text: String) -> bool {\n    text.contains(\"z\")\n}\n\nfn main() {\n    let candidate = text_match_wordz;\n    assert_eq!(candidate(String::from(\"pythonz.\")), true);\n    assert_eq!(candidate(String::from(\"xyz.\")), true);\n    assert_eq!(candidate(String::from(\"  lang  .\")), false);\n}\n",
      "timestamp": 1666123474,
      "stdout": "",
      "stderr": "",
      "exit_code": 0,
      "status": "OK"
    },
    {
      "program": "/// Write a function that matches a word containing 'z'.\nfn text_match_wordz(text: String) -> bool {\n    let re = Regex::new(r\"\\bz\\w+\").unwrap();\n    re.is_match(&text)\n}\n\nfn main() {\n    let candidate = text_match_wordz;\n    assert_eq!(candidate(String::from(\"pythonz.\")), true);\n    assert_eq!(candidate(String::from(\"xyz.\")), true);\n    assert_eq!(candidate(String::from(\"  lang  .\")), false);\n}\n",
      "timestamp": 1665510606,
      "stdout": "",
      "stderr": "error[E0433]: failed to resolve: use of undeclared type `Regex`\n --> /tmp/tmp96evl3yl.rs:3:14\n  |\n3 |     let re = Regex::new(r\"\\bz\\w+\").unwrap();\n  |              ^^^^^ use of undeclared type `Regex`\n\nerror: aborting due to previous error\n\nFor more information about this error, try `rustc --explain E0433`.\n",
      "exit_code": 1,
      "status": "SyntaxError"
    },
    {
      "program": "/// Write a function that matches a word containing 'z'.\nfn text_match_wordz(text: String) -> bool {\n    lazy_static! {\n        static ref RE: Regex = Regex::new(r\"\\b\\w*z\\w*\\b\").unwrap();\n    }\n    RE.is_match(&text)\n}\n\nfn main() {\n    let candidate = text_match_wordz;\n    assert_eq!(candidate(String::from(\"pythonz.\")), true);\n    assert_eq!(candidate(String::from(\"xyz.\")), true);\n    assert_eq!(candidate(String::from(\"  lang  .\")), false);\n}\n",
      "timestamp": 1665510606,
      "stdout": "",
      "stderr": "error: cannot find macro `lazy_static` in this scope\n --> /tmp/tmp2mvvhg_d.rs:3:5\n  |\n3 |     lazy_static! {\n  |     ^^^^^^^^^^^\n\nerror[E0425]: cannot find value `RE` in this scope\n --> /tmp/tmp2mvvhg_d.rs:6:5\n  |\n6 |     RE.is_match(&text)\n  |     ^^ not found in this scope\n\nerror: aborting due to 2 previous errors\n\nFor more information about this error, try `rustc --explain E0425`.\n",
      "exit_code": 1,
      "status": "SyntaxError"
    },
    {
      "program": "/// Write a function that matches a word containing 'z'.\nfn text_match_wordz(text: String) -> bool {\n    let re = Regex::new(r\"\\bz\\w+\\b\").unwrap();\n    re.is_match(&text)\n}\n\nfn main() {\n    let candidate = text_match_wordz;\n    assert_eq!(candidate(String::from(\"pythonz.\")), true);\n    assert_eq!(candidate(String::from(\"xyz.\")), true);\n    assert_eq!(candidate(String::from(\"  lang  .\")), false);\n}\n",
      "timestamp": 1665510606,
      "stdout": "",
      "stderr": "error[E0433]: failed to resolve: use of undeclared type `Regex`\n --> /tmp/tmp42nn1n55.rs:3:14\n  |\n3 |     let re = Regex::new(r\"\\bz\\w+\\b\").unwrap();\n  |              ^^^^^ use of undeclared type `Regex`\n\nerror: aborting due to previous error\n\nFor more information about this error, try `rustc --explain E0433`.\n",
      "exit_code": 1,
      "status": "SyntaxError"
    },
    {
      "program": "/// Write a function that matches a word containing 'z'.\nfn text_match_wordz(text: String) -> bool {\n    let re = Regex::new(r\"\\bz\\w*\\b\").unwrap();\n    re.is_match(&text)\n}\n\nfn main() {\n    let candidate = text_match_wordz;\n    assert_eq!(candidate(String::from(\"pythonz.\")), true);\n    assert_eq!(candidate(String::from(\"xyz.\")), true);\n    assert_eq!(candidate(String::from(\"  lang  .\")), false);\n}\n",
      "timestamp": 1665510606,
      "stdout": "",
      "stderr": "error[E0433]: failed to resolve: use of undeclared type `Regex`\n --> /tmp/tmpixchz9vy.rs:3:14\n  |\n3 |     let re = Regex::new(r\"\\bz\\w*\\b\").unwrap();\n  |              ^^^^^ use of undeclared type `Regex`\n\nerror: aborting due to previous error\n\nFor more information about this error, try `rustc --explain E0433`.\n",
      "exit_code": 1,
      "status": "SyntaxError"
    },
    {
      "program": "/// Write a function that matches a word containing 'z'.\nfn text_match_wordz(text: String) -> bool {\n    unimplemented!()\n}\n\nfn main() {\n    let candidate = text_match_wordz;\n    assert_eq!(candidate(String::from(\"pythonz.\")), true);\n    assert_eq!(candidate(String::from(\"xyz.\")), true);\n    assert_eq!(candidate(String::from(\"  lang  .\")), false);\n}\n",
      "timestamp": 1665510606,
      "stdout": "",
      "stderr": "thread 'main' panicked at 'not implemented', /tmp/tmptogt6n9_.rs:3:5\nnote: run with `RUST_BACKTRACE=1` environment variable to display a backtrace\n",
      "exit_code": 101,
      "status": "Exception"
    },
    {
      "program": "/// Write a function that matches a word containing 'z'.\nfn text_match_wordz(text: String) -> bool {\n    unimplemented!()\n}\n\nfn main() {\n    let candidate = text_match_wordz;\n    assert_eq!(candidate(String::from(\"pythonz.\")), true);\n    assert_eq!(candidate(String::from(\"xyz.\")), true);\n    assert_eq!(candidate(String::from(\"  lang  .\")), false);\n}\n",
      "timestamp": 1665510606,
      "stdout": "",
      "stderr": "thread 'main' panicked at 'not implemented', /tmp/tmptogt6n9_.rs:3:5\nnote: run with `RUST_BACKTRACE=1` environment variable to display a backtrace\n",
      "exit_code": 101,
      "status": "Exception"
    },
    {
      "program": "/// Write a function that matches a word containing 'z'.\nfn text_match_wordz(text: String) -> bool {\n    unimplemented!()\n}\n\nfn main() {\n    let candidate = text_match_wordz;\n    assert_eq!(candidate(String::from(\"pythonz.\")), true);\n    assert_eq!(candidate(String::from(\"xyz.\")), true);\n    assert_eq!(candidate(String::from(\"  lang  .\")), false);\n}\n",
      "timestamp": 1665510606,
      "stdout": "",
      "stderr": "thread 'main' panicked at 'not implemented', /tmp/tmptogt6n9_.rs:3:5\nnote: run with `RUST_BACKTRACE=1` environment variable to display a backtrace\n",
      "exit_code": 101,
      "status": "Exception"
    },
    {
      "program": "/// Write a function that matches a word containing 'z'.\nfn text_match_wordz(text: String) -> bool {\n    unimplemented!()\n}\n\nfn main() {\n    let candidate = text_match_wordz;\n    assert_eq!(candidate(String::from(\"pythonz.\")), true);\n    assert_eq!(candidate(String::from(\"xyz.\")), true);\n    assert_eq!(candidate(String::from(\"  lang  .\")), false);\n}\n",
      "timestamp": 1665510606,
      "stdout": "",
      "stderr": "thread 'main' panicked at 'not implemented', /tmp/tmptogt6n9_.rs:3:5\nnote: run with `RUST_BACKTRACE=1` environment variable to display a backtrace\n",
      "exit_code": 101,
      "status": "Exception"
    },
    {
      "program": "/// Write a function that matches a word containing 'z'.\nfn text_match_wordz(text: String) -> bool {\n    lazy_static! {\n        static ref RE: Regex = Regex::new(r\"\\b\\w*z\\w*\\b\").unwrap();\n    }\n    RE.is_match(&text)\n}\n\nfn main() {\n    let candidate = text_match_wordz;\n    assert_eq!(candidate(String::from(\"pythonz.\")), true);\n    assert_eq!(candidate(String::from(\"xyz.\")), true);\n    assert_eq!(candidate(String::from(\"  lang  .\")), false);\n}\n",
      "timestamp": 1665510606,
      "stdout": "",
      "stderr": "error: cannot find macro `lazy_static` in this scope\n --> /tmp/tmp2mvvhg_d.rs:3:5\n  |\n3 |     lazy_static! {\n  |     ^^^^^^^^^^^\n\nerror[E0425]: cannot find value `RE` in this scope\n --> /tmp/tmp2mvvhg_d.rs:6:5\n  |\n6 |     RE.is_match(&text)\n  |     ^^ not found in this scope\n\nerror: aborting due to 2 previous errors\n\nFor more information about this error, try `rustc --explain E0425`.\n",
      "exit_code": 1,
      "status": "SyntaxError"
    },
    {
      "program": "/// Write a function that matches a word containing 'z'.\nfn text_match_wordz(text: String) -> bool {\n    let re = Regex::new(r\"\\bz\\w+\\b\").unwrap();\n    re.is_match(&text)\n}\n\nfn main() {\n    let candidate = text_match_wordz;\n    assert_eq!(candidate(String::from(\"pythonz.\")), true);\n    assert_eq!(candidate(String::from(\"xyz.\")), true);\n    assert_eq!(candidate(String::from(\"  lang  .\")), false);\n}\n",
      "timestamp": 1665510606,
      "stdout": "",
      "stderr": "error[E0433]: failed to resolve: use of undeclared type `Regex`\n --> /tmp/tmp42nn1n55.rs:3:14\n  |\n3 |     let re = Regex::new(r\"\\bz\\w+\\b\").unwrap();\n  |              ^^^^^ use of undeclared type `Regex`\n\nerror: aborting due to previous error\n\nFor more information about this error, try `rustc --explain E0433`.\n",
      "exit_code": 1,
      "status": "SyntaxError"
    },
    {
      "program": "/// Write a function that matches a word containing 'z'.\nfn text_match_wordz(text: String) -> bool {\n    lazy_static! {\n        static ref RE: Regex = Regex::new(r\"\\b\\w*z\\w*\\b\").unwrap();\n    }\n    RE.is_match(&text)\n}\n\nfn main() {\n    let candidate = text_match_wordz;\n    assert_eq!(candidate(String::from(\"pythonz.\")), true);\n    assert_eq!(candidate(String::from(\"xyz.\")), true);\n    assert_eq!(candidate(String::from(\"  lang  .\")), false);\n}\n",
      "timestamp": 1665510606,
      "stdout": "",
      "stderr": "error: cannot find macro `lazy_static` in this scope\n --> /tmp/tmp2mvvhg_d.rs:3:5\n  |\n3 |     lazy_static! {\n  |     ^^^^^^^^^^^\n\nerror[E0425]: cannot find value `RE` in this scope\n --> /tmp/tmp2mvvhg_d.rs:6:5\n  |\n6 |     RE.is_match(&text)\n  |     ^^ not found in this scope\n\nerror: aborting due to 2 previous errors\n\nFor more information about this error, try `rustc --explain E0425`.\n",
      "exit_code": 1,
      "status": "SyntaxError"
    },
    {
      "program": "/// Write a function that matches a word containing 'z'.\nfn text_match_wordz(text: String) -> bool {\n    lazy_static! {\n        static ref RE: Regex = Regex::new(r\"\\b[a-z]+z[a-z]+\\b\").unwrap();\n    }\n    RE.is_match(&text)\n}\n\nfn main() {\n    let candidate = text_match_wordz;\n    assert_eq!(candidate(String::from(\"pythonz.\")), true);\n    assert_eq!(candidate(String::from(\"xyz.\")), true);\n    assert_eq!(candidate(String::from(\"  lang  .\")), false);\n}\n",
      "timestamp": 1666123474,
      "stdout": "",
      "stderr": "error: cannot find macro `lazy_static` in this scope\n --> /tmp/tmpb0btub96.rs:3:5\n  |\n3 |     lazy_static! {\n  |     ^^^^^^^^^^^\n\nerror[E0425]: cannot find value `RE` in this scope\n --> /tmp/tmpb0btub96.rs:6:5\n  |\n6 |     RE.is_match(&text)\n  |     ^^ not found in this scope\n\nerror: aborting due to 2 previous errors\n\nFor more information about this error, try `rustc --explain E0425`.\n",
      "exit_code": 1,
      "status": "SyntaxError"
    },
    {
      "program": "/// Write a function that matches a word containing 'z'.\nfn text_match_wordz(text: String) -> bool {\n    lazy_static! {\n        static ref RE: Regex = Regex::new(r\"\\b\\w*z\\w*\\b\").unwrap();\n    }\n    RE.is_match(&text)\n}\n\nfn main() {\n    let candidate = text_match_wordz;\n    assert_eq!(candidate(String::from(\"pythonz.\")), true);\n    assert_eq!(candidate(String::from(\"xyz.\")), true);\n    assert_eq!(candidate(String::from(\"  lang  .\")), false);\n}\n",
      "timestamp": 1665510606,
      "stdout": "",
      "stderr": "error: cannot find macro `lazy_static` in this scope\n --> /tmp/tmp2mvvhg_d.rs:3:5\n  |\n3 |     lazy_static! {\n  |     ^^^^^^^^^^^\n\nerror[E0425]: cannot find value `RE` in this scope\n --> /tmp/tmp2mvvhg_d.rs:6:5\n  |\n6 |     RE.is_match(&text)\n  |     ^^ not found in this scope\n\nerror: aborting due to 2 previous errors\n\nFor more information about this error, try `rustc --explain E0425`.\n",
      "exit_code": 1,
      "status": "SyntaxError"
    },
    {
      "program": "/// Write a function that matches a word containing 'z'.\nfn text_match_wordz(text: String) -> bool {\n    lazy_static! {\n        static ref RE: Regex = Regex::new(r\"\\b\\w*z\\w*\\b\").unwrap();\n    }\n    RE.is_match(&text)\n}\n\nfn main() {\n    let candidate = text_match_wordz;\n    assert_eq!(candidate(String::from(\"pythonz.\")), true);\n    assert_eq!(candidate(String::from(\"xyz.\")), true);\n    assert_eq!(candidate(String::from(\"  lang  .\")), false);\n}\n",
      "timestamp": 1665510606,
      "stdout": "",
      "stderr": "error: cannot find macro `lazy_static` in this scope\n --> /tmp/tmp2mvvhg_d.rs:3:5\n  |\n3 |     lazy_static! {\n  |     ^^^^^^^^^^^\n\nerror[E0425]: cannot find value `RE` in this scope\n --> /tmp/tmp2mvvhg_d.rs:6:5\n  |\n6 |     RE.is_match(&text)\n  |     ^^ not found in this scope\n\nerror: aborting due to 2 previous errors\n\nFor more information about this error, try `rustc --explain E0425`.\n",
      "exit_code": 1,
      "status": "SyntaxError"
    },
    {
      "program": "/// Write a function that matches a word containing 'z'.\nfn text_match_wordz(text: String) -> bool {\n    unimplemented!()\n}\n\nfn main() {\n    let candidate = text_match_wordz;\n    assert_eq!(candidate(String::from(\"pythonz.\")), true);\n    assert_eq!(candidate(String::from(\"xyz.\")), true);\n    assert_eq!(candidate(String::from(\"  lang  .\")), false);\n}\n",
      "timestamp": 1665510606,
      "stdout": "",
      "stderr": "thread 'main' panicked at 'not implemented', /tmp/tmptogt6n9_.rs:3:5\nnote: run with `RUST_BACKTRACE=1` environment variable to display a backtrace\n",
      "exit_code": 101,
      "status": "Exception"
    },
    {
      "program": "/// Write a function that matches a word containing 'z'.\nfn text_match_wordz(text: String) -> bool {\n    unimplemented!()\n}\n\nfn main() {\n    let candidate = text_match_wordz;\n    assert_eq!(candidate(String::from(\"pythonz.\")), true);\n    assert_eq!(candidate(String::from(\"xyz.\")), true);\n    assert_eq!(candidate(String::from(\"  lang  .\")), false);\n}\n",
      "timestamp": 1665510606,
      "stdout": "",
      "stderr": "thread 'main' panicked at 'not implemented', /tmp/tmptogt6n9_.rs:3:5\nnote: run with `RUST_BACKTRACE=1` environment variable to display a backtrace\n",
      "exit_code": 101,
      "status": "Exception"
    },
    {
      "program": "/// Write a function that matches a word containing 'z'.\nfn text_match_wordz(text: String) -> bool {\n    let re = Regex::new(r\"\\bz\\w*\\b\").unwrap();\n    re.is_match(&text)\n}\n\nfn main() {\n    let candidate = text_match_wordz;\n    assert_eq!(candidate(String::from(\"pythonz.\")), true);\n    assert_eq!(candidate(String::from(\"xyz.\")), true);\n    assert_eq!(candidate(String::from(\"  lang  .\")), false);\n}\n",
      "timestamp": 1665510606,
      "stdout": "",
      "stderr": "error[E0433]: failed to resolve: use of undeclared type `Regex`\n --> /tmp/tmpixchz9vy.rs:3:14\n  |\n3 |     let re = Regex::new(r\"\\bz\\w*\\b\").unwrap();\n  |              ^^^^^ use of undeclared type `Regex`\n\nerror: aborting due to previous error\n\nFor more information about this error, try `rustc --explain E0433`.\n",
      "exit_code": 1,
      "status": "SyntaxError"
    },
    {
      "program": "/// Write a function that matches a word containing 'z'.\nfn text_match_wordz(text: String) -> bool {\n    let re = Regex::new(r\"\\bz\\w*\\b\").unwrap();\n    re.is_match(&text)\n}\n\nfn main() {\n    let candidate = text_match_wordz;\n    assert_eq!(candidate(String::from(\"pythonz.\")), true);\n    assert_eq!(candidate(String::from(\"xyz.\")), true);\n    assert_eq!(candidate(String::from(\"  lang  .\")), false);\n}\n",
      "timestamp": 1665510606,
      "stdout": "",
      "stderr": "error[E0433]: failed to resolve: use of undeclared type `Regex`\n --> /tmp/tmpixchz9vy.rs:3:14\n  |\n3 |     let re = Regex::new(r\"\\bz\\w*\\b\").unwrap();\n  |              ^^^^^ use of undeclared type `Regex`\n\nerror: aborting due to previous error\n\nFor more information about this error, try `rustc --explain E0433`.\n",
      "exit_code": 1,
      "status": "SyntaxError"
    },
    {
      "program": "/// Write a function that matches a word containing 'z'.\nfn text_match_wordz(text: String) -> bool {\n    unimplemented!()\n}\n\nfn main() {\n    let candidate = text_match_wordz;\n    assert_eq!(candidate(String::from(\"pythonz.\")), true);\n    assert_eq!(candidate(String::from(\"xyz.\")), true);\n    assert_eq!(candidate(String::from(\"  lang  .\")), false);\n}\n",
      "timestamp": 1665510606,
      "stdout": "",
      "stderr": "thread 'main' panicked at 'not implemented', /tmp/tmptogt6n9_.rs:3:5\nnote: run with `RUST_BACKTRACE=1` environment variable to display a backtrace\n",
      "exit_code": 101,
      "status": "Exception"
    },
    {
      "program": "/// Write a function that matches a word containing 'z'.\nfn text_match_wordz(text: String) -> bool {\n    let re = Regex::new(r\"\\bz\\w+\").unwrap();\n    re.is_match(&text)\n}\n\nfn main() {\n    let candidate = text_match_wordz;\n    assert_eq!(candidate(String::from(\"pythonz.\")), true);\n    assert_eq!(candidate(String::from(\"xyz.\")), true);\n    assert_eq!(candidate(String::from(\"  lang  .\")), false);\n}\n",
      "timestamp": 1665510606,
      "stdout": "",
      "stderr": "error[E0433]: failed to resolve: use of undeclared type `Regex`\n --> /tmp/tmp96evl3yl.rs:3:14\n  |\n3 |     let re = Regex::new(r\"\\bz\\w+\").unwrap();\n  |              ^^^^^ use of undeclared type `Regex`\n\nerror: aborting due to previous error\n\nFor more information about this error, try `rustc --explain E0433`.\n",
      "exit_code": 1,
      "status": "SyntaxError"
    },
    {
      "program": "/// Write a function that matches a word containing 'z'.\nfn text_match_wordz(text: String) -> bool {\n    let re = Regex::new(r\"\\bz\\w*\\b\").unwrap();\n    re.is_match(&text)\n}\n\nfn main() {\n    let candidate = text_match_wordz;\n    assert_eq!(candidate(String::from(\"pythonz.\")), true);\n    assert_eq!(candidate(String::from(\"xyz.\")), true);\n    assert_eq!(candidate(String::from(\"  lang  .\")), false);\n}\n",
      "timestamp": 1665510606,
      "stdout": "",
      "stderr": "error[E0433]: failed to resolve: use of undeclared type `Regex`\n --> /tmp/tmpixchz9vy.rs:3:14\n  |\n3 |     let re = Regex::new(r\"\\bz\\w*\\b\").unwrap();\n  |              ^^^^^ use of undeclared type `Regex`\n\nerror: aborting due to previous error\n\nFor more information about this error, try `rustc --explain E0433`.\n",
      "exit_code": 1,
      "status": "SyntaxError"
    },
    {
      "program": "/// Write a function that matches a word containing 'z'.\nfn text_match_wordz(text: String) -> bool {\n    lazy_static! {\n        static ref RE: Regex = Regex::new(r\"\\b\\w*z\\w*\\b\").unwrap();\n    }\n\n    RE.is_match(&text)\n}\n\nfn main() {\n    let candidate = text_match_wordz;\n    assert_eq!(candidate(String::from(\"pythonz.\")), true);\n    assert_eq!(candidate(String::from(\"xyz.\")), true);\n    assert_eq!(candidate(String::from(\"  lang  .\")), false);\n}\n",
      "timestamp": 1666123474,
      "stdout": "",
      "stderr": "error: cannot find macro `lazy_static` in this scope\n --> /tmp/tmpzlyqosvs.rs:3:5\n  |\n3 |     lazy_static! {\n  |     ^^^^^^^^^^^\n\nerror[E0425]: cannot find value `RE` in this scope\n --> /tmp/tmpzlyqosvs.rs:7:5\n  |\n7 |     RE.is_match(&text)\n  |     ^^ not found in this scope\n\nerror: aborting due to 2 previous errors\n\nFor more information about this error, try `rustc --explain E0425`.\n",
      "exit_code": 1,
      "status": "SyntaxError"
    },
    {
      "program": "/// Write a function that matches a word containing 'z'.\nfn text_match_wordz(text: String) -> bool {\n    let re = Regex::new(r\"\\bz\\w+\\b\").unwrap();\n    re.is_match(&text)\n}\n\nfn main() {\n    let candidate = text_match_wordz;\n    assert_eq!(candidate(String::from(\"pythonz.\")), true);\n    assert_eq!(candidate(String::from(\"xyz.\")), true);\n    assert_eq!(candidate(String::from(\"  lang  .\")), false);\n}\n",
      "timestamp": 1665510606,
      "stdout": "",
      "stderr": "error[E0433]: failed to resolve: use of undeclared type `Regex`\n --> /tmp/tmp42nn1n55.rs:3:14\n  |\n3 |     let re = Regex::new(r\"\\bz\\w+\\b\").unwrap();\n  |              ^^^^^ use of undeclared type `Regex`\n\nerror: aborting due to previous error\n\nFor more information about this error, try `rustc --explain E0433`.\n",
      "exit_code": 1,
      "status": "SyntaxError"
    },
    {
      "program": "/// Write a function that matches a word containing 'z'.\nfn text_match_wordz(text: String) -> bool {\n    let re = Regex::new(r\"\\w*z\\w*\").unwrap();\n    re.is_match(&text)\n}\n\nfn main() {\n    let candidate = text_match_wordz;\n    assert_eq!(candidate(String::from(\"pythonz.\")), true);\n    assert_eq!(candidate(String::from(\"xyz.\")), true);\n    assert_eq!(candidate(String::from(\"  lang  .\")), false);\n}\n",
      "timestamp": 1665510606,
      "stdout": "",
      "stderr": "error[E0433]: failed to resolve: use of undeclared type `Regex`\n --> /tmp/tmpululox2b.rs:3:14\n  |\n3 |     let re = Regex::new(r\"\\w*z\\w*\").unwrap();\n  |              ^^^^^ use of undeclared type `Regex`\n\nerror: aborting due to previous error\n\nFor more information about this error, try `rustc --explain E0433`.\n",
      "exit_code": 1,
      "status": "SyntaxError"
    },
    {
      "program": "/// Write a function that matches a word containing 'z'.\nfn text_match_wordz(text: String) -> bool {\n    let re = Regex::new(r\"\\bz\\w*\\b\").unwrap();\n    re.is_match(&text)\n}\n\nfn main() {\n    let candidate = text_match_wordz;\n    assert_eq!(candidate(String::from(\"pythonz.\")), true);\n    assert_eq!(candidate(String::from(\"xyz.\")), true);\n    assert_eq!(candidate(String::from(\"  lang  .\")), false);\n}\n",
      "timestamp": 1665510606,
      "stdout": "",
      "stderr": "error[E0433]: failed to resolve: use of undeclared type `Regex`\n --> /tmp/tmpixchz9vy.rs:3:14\n  |\n3 |     let re = Regex::new(r\"\\bz\\w*\\b\").unwrap();\n  |              ^^^^^ use of undeclared type `Regex`\n\nerror: aborting due to previous error\n\nFor more information about this error, try `rustc --explain E0433`.\n",
      "exit_code": 1,
      "status": "SyntaxError"
    },
    {
      "program": "/// Write a function that matches a word containing 'z'.\nfn text_match_wordz(text: String) -> bool {\n    let re = Regex::new(r\"\\bz\\w*\\b\").unwrap();\n    re.is_match(&text)\n}\n\nfn main() {\n    let candidate = text_match_wordz;\n    assert_eq!(candidate(String::from(\"pythonz.\")), true);\n    assert_eq!(candidate(String::from(\"xyz.\")), true);\n    assert_eq!(candidate(String::from(\"  lang  .\")), false);\n}\n",
      "timestamp": 1665510606,
      "stdout": "",
      "stderr": "error[E0433]: failed to resolve: use of undeclared type `Regex`\n --> /tmp/tmpixchz9vy.rs:3:14\n  |\n3 |     let re = Regex::new(r\"\\bz\\w*\\b\").unwrap();\n  |              ^^^^^ use of undeclared type `Regex`\n\nerror: aborting due to previous error\n\nFor more information about this error, try `rustc --explain E0433`.\n",
      "exit_code": 1,
      "status": "SyntaxError"
    },
    {
      "program": "/// Write a function that matches a word containing 'z'.\nfn text_match_wordz(text: String) -> bool {\n    let re = Regex::new(r\"\\bz\\w*\\b\").unwrap();\n    re.is_match(&text)\n}\n\nfn main() {\n    let candidate = text_match_wordz;\n    assert_eq!(candidate(String::from(\"pythonz.\")), true);\n    assert_eq!(candidate(String::from(\"xyz.\")), true);\n    assert_eq!(candidate(String::from(\"  lang  .\")), false);\n}\n",
      "timestamp": 1665510606,
      "stdout": "",
      "stderr": "error[E0433]: failed to resolve: use of undeclared type `Regex`\n --> /tmp/tmpixchz9vy.rs:3:14\n  |\n3 |     let re = Regex::new(r\"\\bz\\w*\\b\").unwrap();\n  |              ^^^^^ use of undeclared type `Regex`\n\nerror: aborting due to previous error\n\nFor more information about this error, try `rustc --explain E0433`.\n",
      "exit_code": 1,
      "status": "SyntaxError"
    },
    {
      "program": "/// Write a function that matches a word containing 'z'.\nfn text_match_wordz(text: String) -> bool {\n    let re = Regex::new(r\"\\bz\\w+\").unwrap();\n    re.is_match(&text)\n}\n\nfn main() {\n    let candidate = text_match_wordz;\n    assert_eq!(candidate(String::from(\"pythonz.\")), true);\n    assert_eq!(candidate(String::from(\"xyz.\")), true);\n    assert_eq!(candidate(String::from(\"  lang  .\")), false);\n}\n",
      "timestamp": 1665510606,
      "stdout": "",
      "stderr": "error[E0433]: failed to resolve: use of undeclared type `Regex`\n --> /tmp/tmp96evl3yl.rs:3:14\n  |\n3 |     let re = Regex::new(r\"\\bz\\w+\").unwrap();\n  |              ^^^^^ use of undeclared type `Regex`\n\nerror: aborting due to previous error\n\nFor more information about this error, try `rustc --explain E0433`.\n",
      "exit_code": 1,
      "status": "SyntaxError"
    },
    {
      "program": "/// Write a function that matches a word containing 'z'.\nfn text_match_wordz(text: String) -> bool {\n    let re = Regex::new(r\"\\bz\\w+\").unwrap();\n    re.is_match(&text)\n}\n\nfn main() {\n    let candidate = text_match_wordz;\n    assert_eq!(candidate(String::from(\"pythonz.\")), true);\n    assert_eq!(candidate(String::from(\"xyz.\")), true);\n    assert_eq!(candidate(String::from(\"  lang  .\")), false);\n}\n",
      "timestamp": 1665510606,
      "stdout": "",
      "stderr": "error[E0433]: failed to resolve: use of undeclared type `Regex`\n --> /tmp/tmp96evl3yl.rs:3:14\n  |\n3 |     let re = Regex::new(r\"\\bz\\w+\").unwrap();\n  |              ^^^^^ use of undeclared type `Regex`\n\nerror: aborting due to previous error\n\nFor more information about this error, try `rustc --explain E0433`.\n",
      "exit_code": 1,
      "status": "SyntaxError"
    },
    {
      "program": "/// Write a function that matches a word containing 'z'.\nfn text_match_wordz(text: String) -> bool {\n    let re = Regex::new(r\"\\bz\\w+\").unwrap();\n    re.is_match(&text)\n}\n\nfn main() {\n    let candidate = text_match_wordz;\n    assert_eq!(candidate(String::from(\"pythonz.\")), true);\n    assert_eq!(candidate(String::from(\"xyz.\")), true);\n    assert_eq!(candidate(String::from(\"  lang  .\")), false);\n}\n",
      "timestamp": 1665510606,
      "stdout": "",
      "stderr": "error[E0433]: failed to resolve: use of undeclared type `Regex`\n --> /tmp/tmp96evl3yl.rs:3:14\n  |\n3 |     let re = Regex::new(r\"\\bz\\w+\").unwrap();\n  |              ^^^^^ use of undeclared type `Regex`\n\nerror: aborting due to previous error\n\nFor more information about this error, try `rustc --explain E0433`.\n",
      "exit_code": 1,
      "status": "SyntaxError"
    },
    {
      "program": "/// Write a function that matches a word containing 'z'.\nfn text_match_wordz(text: String) -> bool {\n    let re = Regex::new(r\"\\bz\\w+\").unwrap();\n    re.is_match(&text)\n}\n\nfn main() {\n    let candidate = text_match_wordz;\n    assert_eq!(candidate(String::from(\"pythonz.\")), true);\n    assert_eq!(candidate(String::from(\"xyz.\")), true);\n    assert_eq!(candidate(String::from(\"  lang  .\")), false);\n}\n",
      "timestamp": 1665510606,
      "stdout": "",
      "stderr": "error[E0433]: failed to resolve: use of undeclared type `Regex`\n --> /tmp/tmp96evl3yl.rs:3:14\n  |\n3 |     let re = Regex::new(r\"\\bz\\w+\").unwrap();\n  |              ^^^^^ use of undeclared type `Regex`\n\nerror: aborting due to previous error\n\nFor more information about this error, try `rustc --explain E0433`.\n",
      "exit_code": 1,
      "status": "SyntaxError"
    },
    {
      "program": "/// Write a function that matches a word containing 'z'.\nfn text_match_wordz(text: String) -> bool {\n    let re = Regex::new(r\"\\bz\\w+\").unwrap();\n    re.is_match(&text)\n}\n\nfn main() {\n    let candidate = text_match_wordz;\n    assert_eq!(candidate(String::from(\"pythonz.\")), true);\n    assert_eq!(candidate(String::from(\"xyz.\")), true);\n    assert_eq!(candidate(String::from(\"  lang  .\")), false);\n}\n",
      "timestamp": 1665510606,
      "stdout": "",
      "stderr": "error[E0433]: failed to resolve: use of undeclared type `Regex`\n --> /tmp/tmp96evl3yl.rs:3:14\n  |\n3 |     let re = Regex::new(r\"\\bz\\w+\").unwrap();\n  |              ^^^^^ use of undeclared type `Regex`\n\nerror: aborting due to previous error\n\nFor more information about this error, try `rustc --explain E0433`.\n",
      "exit_code": 1,
      "status": "SyntaxError"
    },
    {
      "program": "/// Write a function that matches a word containing 'z'.\nfn text_match_wordz(text: String) -> bool {\n    let re = Regex::new(r\"\\w*z\\w*\").unwrap();\n    re.is_match(&text)\n}\n\nfn main() {\n    let candidate = text_match_wordz;\n    assert_eq!(candidate(String::from(\"pythonz.\")), true);\n    assert_eq!(candidate(String::from(\"xyz.\")), true);\n    assert_eq!(candidate(String::from(\"  lang  .\")), false);\n}\n",
      "timestamp": 1665510606,
      "stdout": "",
      "stderr": "error[E0433]: failed to resolve: use of undeclared type `Regex`\n --> /tmp/tmpululox2b.rs:3:14\n  |\n3 |     let re = Regex::new(r\"\\w*z\\w*\").unwrap();\n  |              ^^^^^ use of undeclared type `Regex`\n\nerror: aborting due to previous error\n\nFor more information about this error, try `rustc --explain E0433`.\n",
      "exit_code": 1,
      "status": "SyntaxError"
    },
    {
      "program": "/// Write a function that matches a word containing 'z'.\nfn text_match_wordz(text: String) -> bool {\n    let re = Regex::new(r\"\\bz\\w+\").unwrap();\n    re.is_match(&text)\n}\n\nfn main() {\n    let candidate = text_match_wordz;\n    assert_eq!(candidate(String::from(\"pythonz.\")), true);\n    assert_eq!(candidate(String::from(\"xyz.\")), true);\n    assert_eq!(candidate(String::from(\"  lang  .\")), false);\n}\n",
      "timestamp": 1665510606,
      "stdout": "",
      "stderr": "error[E0433]: failed to resolve: use of undeclared type `Regex`\n --> /tmp/tmp96evl3yl.rs:3:14\n  |\n3 |     let re = Regex::new(r\"\\bz\\w+\").unwrap();\n  |              ^^^^^ use of undeclared type `Regex`\n\nerror: aborting due to previous error\n\nFor more information about this error, try `rustc --explain E0433`.\n",
      "exit_code": 1,
      "status": "SyntaxError"
    },
    {
      "program": "/// Write a function that matches a word containing 'z'.\nfn text_match_wordz(text: String) -> bool {\n    unimplemented!()\n}\n\nfn main() {\n    let candidate = text_match_wordz;\n    assert_eq!(candidate(String::from(\"pythonz.\")), true);\n    assert_eq!(candidate(String::from(\"xyz.\")), true);\n    assert_eq!(candidate(String::from(\"  lang  .\")), false);\n}\n",
      "timestamp": 1665510606,
      "stdout": "",
      "stderr": "thread 'main' panicked at 'not implemented', /tmp/tmptogt6n9_.rs:3:5\nnote: run with `RUST_BACKTRACE=1` environment variable to display a backtrace\n",
      "exit_code": 101,
      "status": "Exception"
    },
    {
      "program": "/// Write a function that matches a word containing 'z'.\nfn text_match_wordz(text: String) -> bool {\n    lazy_static! {\n        static ref RE: Regex = Regex::new(r\"\\b\\w*z\\w*\\b\").unwrap();\n    }\n\n    RE.is_match(&text)\n}\n\nfn main() {\n    let candidate = text_match_wordz;\n    assert_eq!(candidate(String::from(\"pythonz.\")), true);\n    assert_eq!(candidate(String::from(\"xyz.\")), true);\n    assert_eq!(candidate(String::from(\"  lang  .\")), false);\n}\n",
      "timestamp": 1666123474,
      "stdout": "",
      "stderr": "error: cannot find macro `lazy_static` in this scope\n --> /tmp/tmpzlyqosvs.rs:3:5\n  |\n3 |     lazy_static! {\n  |     ^^^^^^^^^^^\n\nerror[E0425]: cannot find value `RE` in this scope\n --> /tmp/tmpzlyqosvs.rs:7:5\n  |\n7 |     RE.is_match(&text)\n  |     ^^ not found in this scope\n\nerror: aborting due to 2 previous errors\n\nFor more information about this error, try `rustc --explain E0425`.\n",
      "exit_code": 1,
      "status": "SyntaxError"
    },
    {
      "program": "/// Write a function that matches a word containing 'z'.\nfn text_match_wordz(text: String) -> bool {\n    let re = Regex::new(r\"\\bz\\w+\\b\").unwrap();\n    re.is_match(&text)\n}\n\nfn main() {\n    let candidate = text_match_wordz;\n    assert_eq!(candidate(String::from(\"pythonz.\")), true);\n    assert_eq!(candidate(String::from(\"xyz.\")), true);\n    assert_eq!(candidate(String::from(\"  lang  .\")), false);\n}\n",
      "timestamp": 1665510606,
      "stdout": "",
      "stderr": "error[E0433]: failed to resolve: use of undeclared type `Regex`\n --> /tmp/tmp42nn1n55.rs:3:14\n  |\n3 |     let re = Regex::new(r\"\\bz\\w+\\b\").unwrap();\n  |              ^^^^^ use of undeclared type `Regex`\n\nerror: aborting due to previous error\n\nFor more information about this error, try `rustc --explain E0433`.\n",
      "exit_code": 1,
      "status": "SyntaxError"
    },
    {
      "program": "/// Write a function that matches a word containing 'z'.\nfn text_match_wordz(text: String) -> bool {\n    unimplemented!()\n}\n\nfn main() {\n    let candidate = text_match_wordz;\n    assert_eq!(candidate(String::from(\"pythonz.\")), true);\n    assert_eq!(candidate(String::from(\"xyz.\")), true);\n    assert_eq!(candidate(String::from(\"  lang  .\")), false);\n}\n",
      "timestamp": 1665510606,
      "stdout": "",
      "stderr": "thread 'main' panicked at 'not implemented', /tmp/tmptogt6n9_.rs:3:5\nnote: run with `RUST_BACKTRACE=1` environment variable to display a backtrace\n",
      "exit_code": 101,
      "status": "Exception"
    },
    {
      "program": "/// Write a function that matches a word containing 'z'.\nfn text_match_wordz(text: String) -> bool {\n    lazy_static! {\n        static ref RE: Regex = Regex::new(r\"\\b\\w*z\\w*\\b\").unwrap();\n    }\n    RE.is_match(&text)\n}\n\nfn main() {\n    let candidate = text_match_wordz;\n    assert_eq!(candidate(String::from(\"pythonz.\")), true);\n    assert_eq!(candidate(String::from(\"xyz.\")), true);\n    assert_eq!(candidate(String::from(\"  lang  .\")), false);\n}\n",
      "timestamp": 1665510606,
      "stdout": "",
      "stderr": "error: cannot find macro `lazy_static` in this scope\n --> /tmp/tmp2mvvhg_d.rs:3:5\n  |\n3 |     lazy_static! {\n  |     ^^^^^^^^^^^\n\nerror[E0425]: cannot find value `RE` in this scope\n --> /tmp/tmp2mvvhg_d.rs:6:5\n  |\n6 |     RE.is_match(&text)\n  |     ^^ not found in this scope\n\nerror: aborting due to 2 previous errors\n\nFor more information about this error, try `rustc --explain E0425`.\n",
      "exit_code": 1,
      "status": "SyntaxError"
    },
    {
      "program": "/// Write a function that matches a word containing 'z'.\nfn text_match_wordz(text: String) -> bool {\n    let re = Regex::new(r\"\\w*z\\w*\").unwrap();\n    re.is_match(&text)\n}\n\nfn main() {\n    let candidate = text_match_wordz;\n    assert_eq!(candidate(String::from(\"pythonz.\")), true);\n    assert_eq!(candidate(String::from(\"xyz.\")), true);\n    assert_eq!(candidate(String::from(\"  lang  .\")), false);\n}\n",
      "timestamp": 1665510606,
      "stdout": "",
      "stderr": "error[E0433]: failed to resolve: use of undeclared type `Regex`\n --> /tmp/tmpululox2b.rs:3:14\n  |\n3 |     let re = Regex::new(r\"\\w*z\\w*\").unwrap();\n  |              ^^^^^ use of undeclared type `Regex`\n\nerror: aborting due to previous error\n\nFor more information about this error, try `rustc --explain E0433`.\n",
      "exit_code": 1,
      "status": "SyntaxError"
    },
    {
      "program": "/// Write a function that matches a word containing 'z'.\nfn text_match_wordz(text: String) -> bool {\n    let re = Regex::new(r\"\\bz\\w+\").unwrap();\n    re.is_match(&text)\n}\n\nfn main() {\n    let candidate = text_match_wordz;\n    assert_eq!(candidate(String::from(\"pythonz.\")), true);\n    assert_eq!(candidate(String::from(\"xyz.\")), true);\n    assert_eq!(candidate(String::from(\"  lang  .\")), false);\n}\n",
      "timestamp": 1665510606,
      "stdout": "",
      "stderr": "error[E0433]: failed to resolve: use of undeclared type `Regex`\n --> /tmp/tmp96evl3yl.rs:3:14\n  |\n3 |     let re = Regex::new(r\"\\bz\\w+\").unwrap();\n  |              ^^^^^ use of undeclared type `Regex`\n\nerror: aborting due to previous error\n\nFor more information about this error, try `rustc --explain E0433`.\n",
      "exit_code": 1,
      "status": "SyntaxError"
    },
    {
      "program": "/// Write a function that matches a word containing 'z'.\nfn text_match_wordz(text: String) -> bool {\n    lazy_static! {\n        static ref RE: Regex = Regex::new(r\"\\b\\w*z\\w*\\b\").unwrap();\n    }\n    RE.is_match(&text)\n}\n\nfn main() {\n    let candidate = text_match_wordz;\n    assert_eq!(candidate(String::from(\"pythonz.\")), true);\n    assert_eq!(candidate(String::from(\"xyz.\")), true);\n    assert_eq!(candidate(String::from(\"  lang  .\")), false);\n}\n",
      "timestamp": 1665510606,
      "stdout": "",
      "stderr": "error: cannot find macro `lazy_static` in this scope\n --> /tmp/tmp2mvvhg_d.rs:3:5\n  |\n3 |     lazy_static! {\n  |     ^^^^^^^^^^^\n\nerror[E0425]: cannot find value `RE` in this scope\n --> /tmp/tmp2mvvhg_d.rs:6:5\n  |\n6 |     RE.is_match(&text)\n  |     ^^ not found in this scope\n\nerror: aborting due to 2 previous errors\n\nFor more information about this error, try `rustc --explain E0425`.\n",
      "exit_code": 1,
      "status": "SyntaxError"
    },
    {
      "program": "/// Write a function that matches a word containing 'z'.\nfn text_match_wordz(text: String) -> bool {\n    lazy_static! {\n        static ref RE: Regex = Regex::new(r\"\\b\\w*z\\w*\\b\").unwrap();\n    }\n    RE.is_match(&text)\n}\n\nfn main() {\n    let candidate = text_match_wordz;\n    assert_eq!(candidate(String::from(\"pythonz.\")), true);\n    assert_eq!(candidate(String::from(\"xyz.\")), true);\n    assert_eq!(candidate(String::from(\"  lang  .\")), false);\n}\n",
      "timestamp": 1665510606,
      "stdout": "",
      "stderr": "error: cannot find macro `lazy_static` in this scope\n --> /tmp/tmp2mvvhg_d.rs:3:5\n  |\n3 |     lazy_static! {\n  |     ^^^^^^^^^^^\n\nerror[E0425]: cannot find value `RE` in this scope\n --> /tmp/tmp2mvvhg_d.rs:6:5\n  |\n6 |     RE.is_match(&text)\n  |     ^^ not found in this scope\n\nerror: aborting due to 2 previous errors\n\nFor more information about this error, try `rustc --explain E0425`.\n",
      "exit_code": 1,
      "status": "SyntaxError"
    },
    {
      "program": "/// Write a function that matches a word containing 'z'.\nfn text_match_wordz(text: String) -> bool {\n    let re = Regex::new(r\"\\bz\\w+\").unwrap();\n    re.is_match(&text)\n}\n\nfn main() {\n    let candidate = text_match_wordz;\n    assert_eq!(candidate(String::from(\"pythonz.\")), true);\n    assert_eq!(candidate(String::from(\"xyz.\")), true);\n    assert_eq!(candidate(String::from(\"  lang  .\")), false);\n}\n",
      "timestamp": 1665510606,
      "stdout": "",
      "stderr": "error[E0433]: failed to resolve: use of undeclared type `Regex`\n --> /tmp/tmp96evl3yl.rs:3:14\n  |\n3 |     let re = Regex::new(r\"\\bz\\w+\").unwrap();\n  |              ^^^^^ use of undeclared type `Regex`\n\nerror: aborting due to previous error\n\nFor more information about this error, try `rustc --explain E0433`.\n",
      "exit_code": 1,
      "status": "SyntaxError"
    },
    {
      "program": "/// Write a function that matches a word containing 'z'.\nfn text_match_wordz(text: String) -> bool {\n    let re = Regex::new(r\"\\bz\\w+\").unwrap();\n    re.is_match(&text)\n}\n\nfn main() {\n    let candidate = text_match_wordz;\n    assert_eq!(candidate(String::from(\"pythonz.\")), true);\n    assert_eq!(candidate(String::from(\"xyz.\")), true);\n    assert_eq!(candidate(String::from(\"  lang  .\")), false);\n}\n",
      "timestamp": 1665510606,
      "stdout": "",
      "stderr": "error[E0433]: failed to resolve: use of undeclared type `Regex`\n --> /tmp/tmp96evl3yl.rs:3:14\n  |\n3 |     let re = Regex::new(r\"\\bz\\w+\").unwrap();\n  |              ^^^^^ use of undeclared type `Regex`\n\nerror: aborting due to previous error\n\nFor more information about this error, try `rustc --explain E0433`.\n",
      "exit_code": 1,
      "status": "SyntaxError"
    },
    {
      "program": "/// Write a function that matches a word containing 'z'.\nfn text_match_wordz(text: String) -> bool {\n    let re = Regex::new(r\"\\w*z\\w*\").unwrap();\n    re.is_match(&text)\n}\n\nfn main() {\n    let candidate = text_match_wordz;\n    assert_eq!(candidate(String::from(\"pythonz.\")), true);\n    assert_eq!(candidate(String::from(\"xyz.\")), true);\n    assert_eq!(candidate(String::from(\"  lang  .\")), false);\n}\n",
      "timestamp": 1665510606,
      "stdout": "",
      "stderr": "error[E0433]: failed to resolve: use of undeclared type `Regex`\n --> /tmp/tmpululox2b.rs:3:14\n  |\n3 |     let re = Regex::new(r\"\\w*z\\w*\").unwrap();\n  |              ^^^^^ use of undeclared type `Regex`\n\nerror: aborting due to previous error\n\nFor more information about this error, try `rustc --explain E0433`.\n",
      "exit_code": 1,
      "status": "SyntaxError"
    },
    {
      "program": "/// Write a function that matches a word containing 'z'.\nfn text_match_wordz(text: String) -> bool {\n    let re = Regex::new(r\"\\b\\w*z\\w*\\b\").unwrap();\n    re.is_match(&text)\n}\n\nfn main() {\n    let candidate = text_match_wordz;\n    assert_eq!(candidate(String::from(\"pythonz.\")), true);\n    assert_eq!(candidate(String::from(\"xyz.\")), true);\n    assert_eq!(candidate(String::from(\"  lang  .\")), false);\n}\n",
      "timestamp": 1666123474,
      "stdout": "",
      "stderr": "error[E0433]: failed to resolve: use of undeclared type `Regex`\n --> /tmp/tmpuv5ycj6m.rs:3:14\n  |\n3 |     let re = Regex::new(r\"\\b\\w*z\\w*\\b\").unwrap();\n  |              ^^^^^ use of undeclared type `Regex`\n\nerror: aborting due to previous error\n\nFor more information about this error, try `rustc --explain E0433`.\n",
      "exit_code": 1,
      "status": "SyntaxError"
    },
    {
      "program": "/// Write a function that matches a word containing 'z'.\nfn text_match_wordz(text: String) -> bool {\n    let re = Regex::new(r\"\\bz\\w+\").unwrap();\n    re.is_match(&text)\n}\n\nfn main() {\n    let candidate = text_match_wordz;\n    assert_eq!(candidate(String::from(\"pythonz.\")), true);\n    assert_eq!(candidate(String::from(\"xyz.\")), true);\n    assert_eq!(candidate(String::from(\"  lang  .\")), false);\n}\n",
      "timestamp": 1665510606,
      "stdout": "",
      "stderr": "error[E0433]: failed to resolve: use of undeclared type `Regex`\n --> /tmp/tmp96evl3yl.rs:3:14\n  |\n3 |     let re = Regex::new(r\"\\bz\\w+\").unwrap();\n  |              ^^^^^ use of undeclared type `Regex`\n\nerror: aborting due to previous error\n\nFor more information about this error, try `rustc --explain E0433`.\n",
      "exit_code": 1,
      "status": "SyntaxError"
    },
    {
      "program": "/// Write a function that matches a word containing 'z'.\nfn text_match_wordz(text: String) -> bool {\n    lazy_static! {\n        static ref RE: Regex = Regex::new(r\"\\b\\w*z\\w*\\b\").unwrap();\n    }\n    RE.is_match(&text)\n}\n\nfn main() {\n    let candidate = text_match_wordz;\n    assert_eq!(candidate(String::from(\"pythonz.\")), true);\n    assert_eq!(candidate(String::from(\"xyz.\")), true);\n    assert_eq!(candidate(String::from(\"  lang  .\")), false);\n}\n",
      "timestamp": 1665510606,
      "stdout": "",
      "stderr": "error: cannot find macro `lazy_static` in this scope\n --> /tmp/tmp2mvvhg_d.rs:3:5\n  |\n3 |     lazy_static! {\n  |     ^^^^^^^^^^^\n\nerror[E0425]: cannot find value `RE` in this scope\n --> /tmp/tmp2mvvhg_d.rs:6:5\n  |\n6 |     RE.is_match(&text)\n  |     ^^ not found in this scope\n\nerror: aborting due to 2 previous errors\n\nFor more information about this error, try `rustc --explain E0425`.\n",
      "exit_code": 1,
      "status": "SyntaxError"
    },
    {
      "program": "/// Write a function that matches a word containing 'z'.\nfn text_match_wordz(text: String) -> bool {\n    lazy_static! {\n        static ref RE: Regex = Regex::new(r\"\\b\\w*z\\w*\\b\").unwrap();\n    }\n    RE.is_match(&text)\n}\n\nfn main() {\n    let candidate = text_match_wordz;\n    assert_eq!(candidate(String::from(\"pythonz.\")), true);\n    assert_eq!(candidate(String::from(\"xyz.\")), true);\n    assert_eq!(candidate(String::from(\"  lang  .\")), false);\n}\n",
      "timestamp": 1665510606,
      "stdout": "",
      "stderr": "error: cannot find macro `lazy_static` in this scope\n --> /tmp/tmp2mvvhg_d.rs:3:5\n  |\n3 |     lazy_static! {\n  |     ^^^^^^^^^^^\n\nerror[E0425]: cannot find value `RE` in this scope\n --> /tmp/tmp2mvvhg_d.rs:6:5\n  |\n6 |     RE.is_match(&text)\n  |     ^^ not found in this scope\n\nerror: aborting due to 2 previous errors\n\nFor more information about this error, try `rustc --explain E0425`.\n",
      "exit_code": 1,
      "status": "SyntaxError"
    },
    {
      "program": "/// Write a function that matches a word containing 'z'.\nfn text_match_wordz(text: String) -> bool {\n    let re = Regex::new(r\"\\bz\\w*\\b\").unwrap();\n    re.is_match(&text)\n}\n\nfn main() {\n    let candidate = text_match_wordz;\n    assert_eq!(candidate(String::from(\"pythonz.\")), true);\n    assert_eq!(candidate(String::from(\"xyz.\")), true);\n    assert_eq!(candidate(String::from(\"  lang  .\")), false);\n}\n",
      "timestamp": 1665510606,
      "stdout": "",
      "stderr": "error[E0433]: failed to resolve: use of undeclared type `Regex`\n --> /tmp/tmpixchz9vy.rs:3:14\n  |\n3 |     let re = Regex::new(r\"\\bz\\w*\\b\").unwrap();\n  |              ^^^^^ use of undeclared type `Regex`\n\nerror: aborting due to previous error\n\nFor more information about this error, try `rustc --explain E0433`.\n",
      "exit_code": 1,
      "status": "SyntaxError"
    },
    {
      "program": "/// Write a function that matches a word containing 'z'.\nfn text_match_wordz(text: String) -> bool {\n    lazy_static! {\n        static ref RE: Regex = Regex::new(r\"\\b\\w*z\\w*\\b\").unwrap();\n    }\n    RE.is_match(&text)\n}\n\nfn main() {\n    let candidate = text_match_wordz;\n    assert_eq!(candidate(String::from(\"pythonz.\")), true);\n    assert_eq!(candidate(String::from(\"xyz.\")), true);\n    assert_eq!(candidate(String::from(\"  lang  .\")), false);\n}\n",
      "timestamp": 1665510606,
      "stdout": "",
      "stderr": "error: cannot find macro `lazy_static` in this scope\n --> /tmp/tmp2mvvhg_d.rs:3:5\n  |\n3 |     lazy_static! {\n  |     ^^^^^^^^^^^\n\nerror[E0425]: cannot find value `RE` in this scope\n --> /tmp/tmp2mvvhg_d.rs:6:5\n  |\n6 |     RE.is_match(&text)\n  |     ^^ not found in this scope\n\nerror: aborting due to 2 previous errors\n\nFor more information about this error, try `rustc --explain E0425`.\n",
      "exit_code": 1,
      "status": "SyntaxError"
    },
    {
      "program": "/// Write a function that matches a word containing 'z'.\nfn text_match_wordz(text: String) -> bool {\n    lazy_static! {\n        static ref RE: Regex = Regex::new(r\"\\b[a-z]+z[a-z]+\\b\").unwrap();\n    }\n    RE.is_match(&text)\n}\n\nfn main() {\n    let candidate = text_match_wordz;\n    assert_eq!(candidate(String::from(\"pythonz.\")), true);\n    assert_eq!(candidate(String::from(\"xyz.\")), true);\n    assert_eq!(candidate(String::from(\"  lang  .\")), false);\n}\n",
      "timestamp": 1666123474,
      "stdout": "",
      "stderr": "error: cannot find macro `lazy_static` in this scope\n --> /tmp/tmpb0btub96.rs:3:5\n  |\n3 |     lazy_static! {\n  |     ^^^^^^^^^^^\n\nerror[E0425]: cannot find value `RE` in this scope\n --> /tmp/tmpb0btub96.rs:6:5\n  |\n6 |     RE.is_match(&text)\n  |     ^^ not found in this scope\n\nerror: aborting due to 2 previous errors\n\nFor more information about this error, try `rustc --explain E0425`.\n",
      "exit_code": 1,
      "status": "SyntaxError"
    },
    {
      "program": "/// Write a function that matches a word containing 'z'.\nfn text_match_wordz(text: String) -> bool {\n    unimplemented!()\n}\n\nfn main() {\n    let candidate = text_match_wordz;\n    assert_eq!(candidate(String::from(\"pythonz.\")), true);\n    assert_eq!(candidate(String::from(\"xyz.\")), true);\n    assert_eq!(candidate(String::from(\"  lang  .\")), false);\n}\n",
      "timestamp": 1665510606,
      "stdout": "",
      "stderr": "thread 'main' panicked at 'not implemented', /tmp/tmptogt6n9_.rs:3:5\nnote: run with `RUST_BACKTRACE=1` environment variable to display a backtrace\n",
      "exit_code": 101,
      "status": "Exception"
    },
    {
      "program": "/// Write a function that matches a word containing 'z'.\nfn text_match_wordz(text: String) -> bool {\n    text.split_whitespace().any(|word| word.contains(\"z\"))\n}\n\nfn main() {\n    let candidate = text_match_wordz;\n    assert_eq!(candidate(String::from(\"pythonz.\")), true);\n    assert_eq!(candidate(String::from(\"xyz.\")), true);\n    assert_eq!(candidate(String::from(\"  lang  .\")), false);\n}\n",
      "timestamp": 1666123474,
      "stdout": "",
      "stderr": "",
      "exit_code": 0,
      "status": "OK"
    },
    {
      "program": "/// Write a function that matches a word containing 'z'.\nfn text_match_wordz(text: String) -> bool {\n    lazy_static! {\n        static ref RE: Regex = Regex::new(r\"\\b\\w*z\\w*\\b\").unwrap();\n    }\n    RE.is_match(&text)\n}\n\nfn main() {\n    let candidate = text_match_wordz;\n    assert_eq!(candidate(String::from(\"pythonz.\")), true);\n    assert_eq!(candidate(String::from(\"xyz.\")), true);\n    assert_eq!(candidate(String::from(\"  lang  .\")), false);\n}\n",
      "timestamp": 1665510606,
      "stdout": "",
      "stderr": "error: cannot find macro `lazy_static` in this scope\n --> /tmp/tmp2mvvhg_d.rs:3:5\n  |\n3 |     lazy_static! {\n  |     ^^^^^^^^^^^\n\nerror[E0425]: cannot find value `RE` in this scope\n --> /tmp/tmp2mvvhg_d.rs:6:5\n  |\n6 |     RE.is_match(&text)\n  |     ^^ not found in this scope\n\nerror: aborting due to 2 previous errors\n\nFor more information about this error, try `rustc --explain E0425`.\n",
      "exit_code": 1,
      "status": "SyntaxError"
    },
    {
      "program": "/// Write a function that matches a word containing 'z'.\nfn text_match_wordz(text: String) -> bool {\n    let re = Regex::new(r\"\\bz\\w*\\b\").unwrap();\n    re.is_match(&text)\n}\n\nfn main() {\n    let candidate = text_match_wordz;\n    assert_eq!(candidate(String::from(\"pythonz.\")), true);\n    assert_eq!(candidate(String::from(\"xyz.\")), true);\n    assert_eq!(candidate(String::from(\"  lang  .\")), false);\n}\n",
      "timestamp": 1665510606,
      "stdout": "",
      "stderr": "error[E0433]: failed to resolve: use of undeclared type `Regex`\n --> /tmp/tmpixchz9vy.rs:3:14\n  |\n3 |     let re = Regex::new(r\"\\bz\\w*\\b\").unwrap();\n  |              ^^^^^ use of undeclared type `Regex`\n\nerror: aborting due to previous error\n\nFor more information about this error, try `rustc --explain E0433`.\n",
      "exit_code": 1,
      "status": "SyntaxError"
    },
    {
      "program": "/// Write a function that matches a word containing 'z'.\nfn text_match_wordz(text: String) -> bool {\n    lazy_static! {\n        static ref RE: Regex = Regex::new(r\"\\b\\w*z\\w*\\b\").unwrap();\n    }\n    RE.is_match(&text)\n}\n\nfn main() {\n    let candidate = text_match_wordz;\n    assert_eq!(candidate(String::from(\"pythonz.\")), true);\n    assert_eq!(candidate(String::from(\"xyz.\")), true);\n    assert_eq!(candidate(String::from(\"  lang  .\")), false);\n}\n",
      "timestamp": 1665510606,
      "stdout": "",
      "stderr": "error: cannot find macro `lazy_static` in this scope\n --> /tmp/tmp2mvvhg_d.rs:3:5\n  |\n3 |     lazy_static! {\n  |     ^^^^^^^^^^^\n\nerror[E0425]: cannot find value `RE` in this scope\n --> /tmp/tmp2mvvhg_d.rs:6:5\n  |\n6 |     RE.is_match(&text)\n  |     ^^ not found in this scope\n\nerror: aborting due to 2 previous errors\n\nFor more information about this error, try `rustc --explain E0425`.\n",
      "exit_code": 1,
      "status": "SyntaxError"
    },
    {
      "program": "/// Write a function that matches a word containing 'z'.\nfn text_match_wordz(text: String) -> bool {\n    unimplemented!()\n}\n\nfn main() {\n    let candidate = text_match_wordz;\n    assert_eq!(candidate(String::from(\"pythonz.\")), true);\n    assert_eq!(candidate(String::from(\"xyz.\")), true);\n    assert_eq!(candidate(String::from(\"  lang  .\")), false);\n}\n",
      "timestamp": 1665510606,
      "stdout": "",
      "stderr": "thread 'main' panicked at 'not implemented', /tmp/tmptogt6n9_.rs:3:5\nnote: run with `RUST_BACKTRACE=1` environment variable to display a backtrace\n",
      "exit_code": 101,
      "status": "Exception"
    },
    {
      "program": "/// Write a function that matches a word containing 'z'.\nfn text_match_wordz(text: String) -> bool {\n    let re = Regex::new(r\"\\b\\w*z\\w*\\b\").unwrap();\n    re.is_match(&text)\n}\n\nfn main() {\n    let candidate = text_match_wordz;\n    assert_eq!(candidate(String::from(\"pythonz.\")), true);\n    assert_eq!(candidate(String::from(\"xyz.\")), true);\n    assert_eq!(candidate(String::from(\"  lang  .\")), false);\n}\n",
      "timestamp": 1666123474,
      "stdout": "",
      "stderr": "error[E0433]: failed to resolve: use of undeclared type `Regex`\n --> /tmp/tmpuv5ycj6m.rs:3:14\n  |\n3 |     let re = Regex::new(r\"\\b\\w*z\\w*\\b\").unwrap();\n  |              ^^^^^ use of undeclared type `Regex`\n\nerror: aborting due to previous error\n\nFor more information about this error, try `rustc --explain E0433`.\n",
      "exit_code": 1,
      "status": "SyntaxError"
    },
    {
      "program": "/// Write a function that matches a word containing 'z'.\nfn text_match_wordz(text: String) -> bool {\n    let re = Regex::new(r\"\\bz\\w+\").unwrap();\n    re.is_match(&text)\n}\n\nfn main() {\n    let candidate = text_match_wordz;\n    assert_eq!(candidate(String::from(\"pythonz.\")), true);\n    assert_eq!(candidate(String::from(\"xyz.\")), true);\n    assert_eq!(candidate(String::from(\"  lang  .\")), false);\n}\n",
      "timestamp": 1665510606,
      "stdout": "",
      "stderr": "error[E0433]: failed to resolve: use of undeclared type `Regex`\n --> /tmp/tmp96evl3yl.rs:3:14\n  |\n3 |     let re = Regex::new(r\"\\bz\\w+\").unwrap();\n  |              ^^^^^ use of undeclared type `Regex`\n\nerror: aborting due to previous error\n\nFor more information about this error, try `rustc --explain E0433`.\n",
      "exit_code": 1,
      "status": "SyntaxError"
    },
    {
      "program": "/// Write a function that matches a word containing 'z'.\nfn text_match_wordz(text: String) -> bool {\n    let re = Regex::new(r\"\\bz\\w*\\b\").unwrap();\n    re.is_match(&text)\n}\n\nfn main() {\n    let candidate = text_match_wordz;\n    assert_eq!(candidate(String::from(\"pythonz.\")), true);\n    assert_eq!(candidate(String::from(\"xyz.\")), true);\n    assert_eq!(candidate(String::from(\"  lang  .\")), false);\n}\n",
      "timestamp": 1665510606,
      "stdout": "",
      "stderr": "error[E0433]: failed to resolve: use of undeclared type `Regex`\n --> /tmp/tmpixchz9vy.rs:3:14\n  |\n3 |     let re = Regex::new(r\"\\bz\\w*\\b\").unwrap();\n  |              ^^^^^ use of undeclared type `Regex`\n\nerror: aborting due to previous error\n\nFor more information about this error, try `rustc --explain E0433`.\n",
      "exit_code": 1,
      "status": "SyntaxError"
    },
    {
      "program": "/// Write a function that matches a word containing 'z'.\nfn text_match_wordz(text: String) -> bool {\n    lazy_static! {\n        static ref RE: Regex = Regex::new(r\"\\b[a-z]+z[a-z]+\\b\").unwrap();\n    }\n    RE.is_match(&text)\n}\n\nfn main() {\n    let candidate = text_match_wordz;\n    assert_eq!(candidate(String::from(\"pythonz.\")), true);\n    assert_eq!(candidate(String::from(\"xyz.\")), true);\n    assert_eq!(candidate(String::from(\"  lang  .\")), false);\n}\n",
      "timestamp": 1666123474,
      "stdout": "",
      "stderr": "error: cannot find macro `lazy_static` in this scope\n --> /tmp/tmpb0btub96.rs:3:5\n  |\n3 |     lazy_static! {\n  |     ^^^^^^^^^^^\n\nerror[E0425]: cannot find value `RE` in this scope\n --> /tmp/tmpb0btub96.rs:6:5\n  |\n6 |     RE.is_match(&text)\n  |     ^^ not found in this scope\n\nerror: aborting due to 2 previous errors\n\nFor more information about this error, try `rustc --explain E0425`.\n",
      "exit_code": 1,
      "status": "SyntaxError"
    },
    {
      "program": "/// Write a function that matches a word containing 'z'.\nfn text_match_wordz(text: String) -> bool {\n    lazy_static! {\n        static ref RE: Regex = Regex::new(r\"\\b\\w*z\\w*\\b\").unwrap();\n    }\n    RE.is_match(&text)\n}\n\nfn main() {\n    let candidate = text_match_wordz;\n    assert_eq!(candidate(String::from(\"pythonz.\")), true);\n    assert_eq!(candidate(String::from(\"xyz.\")), true);\n    assert_eq!(candidate(String::from(\"  lang  .\")), false);\n}\n",
      "timestamp": 1665510606,
      "stdout": "",
      "stderr": "error: cannot find macro `lazy_static` in this scope\n --> /tmp/tmp2mvvhg_d.rs:3:5\n  |\n3 |     lazy_static! {\n  |     ^^^^^^^^^^^\n\nerror[E0425]: cannot find value `RE` in this scope\n --> /tmp/tmp2mvvhg_d.rs:6:5\n  |\n6 |     RE.is_match(&text)\n  |     ^^ not found in this scope\n\nerror: aborting due to 2 previous errors\n\nFor more information about this error, try `rustc --explain E0425`.\n",
      "exit_code": 1,
      "status": "SyntaxError"
    },
    {
      "program": "/// Write a function that matches a word containing 'z'.\nfn text_match_wordz(text: String) -> bool {\n    unimplemented!()\n}\n\nfn main() {\n    let candidate = text_match_wordz;\n    assert_eq!(candidate(String::from(\"pythonz.\")), true);\n    assert_eq!(candidate(String::from(\"xyz.\")), true);\n    assert_eq!(candidate(String::from(\"  lang  .\")), false);\n}\n",
      "timestamp": 1665510606,
      "stdout": "",
      "stderr": "thread 'main' panicked at 'not implemented', /tmp/tmptogt6n9_.rs:3:5\nnote: run with `RUST_BACKTRACE=1` environment variable to display a backtrace\n",
      "exit_code": 101,
      "status": "Exception"
    },
    {
      "program": "/// Write a function that matches a word containing 'z'.\nfn text_match_wordz(text: String) -> bool {\n    text.contains(\"z\")\n}\n\nfn main() {\n    let candidate = text_match_wordz;\n    assert_eq!(candidate(String::from(\"pythonz.\")), true);\n    assert_eq!(candidate(String::from(\"xyz.\")), true);\n    assert_eq!(candidate(String::from(\"  lang  .\")), false);\n}\n",
      "timestamp": 1666123474,
      "stdout": "",
      "stderr": "",
      "exit_code": 0,
      "status": "OK"
    },
    {
      "program": "/// Write a function that matches a word containing 'z'.\nfn text_match_wordz(text: String) -> bool {\n    unimplemented!()\n}\n\nfn main() {\n    let candidate = text_match_wordz;\n    assert_eq!(candidate(String::from(\"pythonz.\")), true);\n    assert_eq!(candidate(String::from(\"xyz.\")), true);\n    assert_eq!(candidate(String::from(\"  lang  .\")), false);\n}\n",
      "timestamp": 1665510606,
      "stdout": "",
      "stderr": "thread 'main' panicked at 'not implemented', /tmp/tmptogt6n9_.rs:3:5\nnote: run with `RUST_BACKTRACE=1` environment variable to display a backtrace\n",
      "exit_code": 101,
      "status": "Exception"
    },
    {
      "program": "/// Write a function that matches a word containing 'z'.\nfn text_match_wordz(text: String) -> bool {\n    lazy_static! {\n        static ref RE: Regex = Regex::new(r\"\\b\\w*z\\w*\\b\").unwrap();\n    }\n    RE.is_match(&text)\n}\n\nfn main() {\n    let candidate = text_match_wordz;\n    assert_eq!(candidate(String::from(\"pythonz.\")), true);\n    assert_eq!(candidate(String::from(\"xyz.\")), true);\n    assert_eq!(candidate(String::from(\"  lang  .\")), false);\n}\n",
      "timestamp": 1665510606,
      "stdout": "",
      "stderr": "error: cannot find macro `lazy_static` in this scope\n --> /tmp/tmp2mvvhg_d.rs:3:5\n  |\n3 |     lazy_static! {\n  |     ^^^^^^^^^^^\n\nerror[E0425]: cannot find value `RE` in this scope\n --> /tmp/tmp2mvvhg_d.rs:6:5\n  |\n6 |     RE.is_match(&text)\n  |     ^^ not found in this scope\n\nerror: aborting due to 2 previous errors\n\nFor more information about this error, try `rustc --explain E0425`.\n",
      "exit_code": 1,
      "status": "SyntaxError"
    },
    {
      "program": "/// Write a function that matches a word containing 'z'.\nfn text_match_wordz(text: String) -> bool {\n    let re = Regex::new(r\"\\w*z\\w*\").unwrap();\n    re.is_match(&text)\n}\n\nfn main() {\n    let candidate = text_match_wordz;\n    assert_eq!(candidate(String::from(\"pythonz.\")), true);\n    assert_eq!(candidate(String::from(\"xyz.\")), true);\n    assert_eq!(candidate(String::from(\"  lang  .\")), false);\n}\n",
      "timestamp": 1665510606,
      "stdout": "",
      "stderr": "error[E0433]: failed to resolve: use of undeclared type `Regex`\n --> /tmp/tmpululox2b.rs:3:14\n  |\n3 |     let re = Regex::new(r\"\\w*z\\w*\").unwrap();\n  |              ^^^^^ use of undeclared type `Regex`\n\nerror: aborting due to previous error\n\nFor more information about this error, try `rustc --explain E0433`.\n",
      "exit_code": 1,
      "status": "SyntaxError"
    },
    {
      "program": "/// Write a function that matches a word containing 'z'.\nfn text_match_wordz(text: String) -> bool {\n    let re = Regex::new(r\"\\bz\\w*\\b\").unwrap();\n    re.is_match(&text)\n}\n\nfn main() {\n    let candidate = text_match_wordz;\n    assert_eq!(candidate(String::from(\"pythonz.\")), true);\n    assert_eq!(candidate(String::from(\"xyz.\")), true);\n    assert_eq!(candidate(String::from(\"  lang  .\")), false);\n}\n",
      "timestamp": 1665510606,
      "stdout": "",
      "stderr": "error[E0433]: failed to resolve: use of undeclared type `Regex`\n --> /tmp/tmpixchz9vy.rs:3:14\n  |\n3 |     let re = Regex::new(r\"\\bz\\w*\\b\").unwrap();\n  |              ^^^^^ use of undeclared type `Regex`\n\nerror: aborting due to previous error\n\nFor more information about this error, try `rustc --explain E0433`.\n",
      "exit_code": 1,
      "status": "SyntaxError"
    },
    {
      "program": "/// Write a function that matches a word containing 'z'.\nfn text_match_wordz(text: String) -> bool {\n    let re = Regex::new(r\"\\bz\\w*\\b\").unwrap();\n    re.is_match(&text)\n}\n\nfn main() {\n    let candidate = text_match_wordz;\n    assert_eq!(candidate(String::from(\"pythonz.\")), true);\n    assert_eq!(candidate(String::from(\"xyz.\")), true);\n    assert_eq!(candidate(String::from(\"  lang  .\")), false);\n}\n",
      "timestamp": 1665510606,
      "stdout": "",
      "stderr": "error[E0433]: failed to resolve: use of undeclared type `Regex`\n --> /tmp/tmpixchz9vy.rs:3:14\n  |\n3 |     let re = Regex::new(r\"\\bz\\w*\\b\").unwrap();\n  |              ^^^^^ use of undeclared type `Regex`\n\nerror: aborting due to previous error\n\nFor more information about this error, try `rustc --explain E0433`.\n",
      "exit_code": 1,
      "status": "SyntaxError"
    },
    {
      "program": "/// Write a function that matches a word containing 'z'.\nfn text_match_wordz(text: String) -> bool {\n    let re = Regex::new(r\"\\w*z\\w*\").unwrap();\n    re.is_match(&text)\n}\n\nfn main() {\n    let candidate = text_match_wordz;\n    assert_eq!(candidate(String::from(\"pythonz.\")), true);\n    assert_eq!(candidate(String::from(\"xyz.\")), true);\n    assert_eq!(candidate(String::from(\"  lang  .\")), false);\n}\n",
      "timestamp": 1665510606,
      "stdout": "",
      "stderr": "error[E0433]: failed to resolve: use of undeclared type `Regex`\n --> /tmp/tmpululox2b.rs:3:14\n  |\n3 |     let re = Regex::new(r\"\\w*z\\w*\").unwrap();\n  |              ^^^^^ use of undeclared type `Regex`\n\nerror: aborting due to previous error\n\nFor more information about this error, try `rustc --explain E0433`.\n",
      "exit_code": 1,
      "status": "SyntaxError"
    },
    {
      "program": "/// Write a function that matches a word containing 'z'.\nfn text_match_wordz(text: String) -> bool {\n    lazy_static! {\n        static ref RE: Regex = Regex::new(r\"\\b\\w*z\\w*\\b\").unwrap();\n    }\n    RE.is_match(&text)\n}\n\nfn main() {\n    let candidate = text_match_wordz;\n    assert_eq!(candidate(String::from(\"pythonz.\")), true);\n    assert_eq!(candidate(String::from(\"xyz.\")), true);\n    assert_eq!(candidate(String::from(\"  lang  .\")), false);\n}\n",
      "timestamp": 1665510606,
      "stdout": "",
      "stderr": "error: cannot find macro `lazy_static` in this scope\n --> /tmp/tmp2mvvhg_d.rs:3:5\n  |\n3 |     lazy_static! {\n  |     ^^^^^^^^^^^\n\nerror[E0425]: cannot find value `RE` in this scope\n --> /tmp/tmp2mvvhg_d.rs:6:5\n  |\n6 |     RE.is_match(&text)\n  |     ^^ not found in this scope\n\nerror: aborting due to 2 previous errors\n\nFor more information about this error, try `rustc --explain E0425`.\n",
      "exit_code": 1,
      "status": "SyntaxError"
    },
    {
      "program": "/// Write a function that matches a word containing 'z'.\nfn text_match_wordz(text: String) -> bool {\n    let re = Regex::new(r\"\\bz\\w+\").unwrap();\n    re.is_match(&text)\n}\n\nfn main() {\n    let candidate = text_match_wordz;\n    assert_eq!(candidate(String::from(\"pythonz.\")), true);\n    assert_eq!(candidate(String::from(\"xyz.\")), true);\n    assert_eq!(candidate(String::from(\"  lang  .\")), false);\n}\n",
      "timestamp": 1665510606,
      "stdout": "",
      "stderr": "error[E0433]: failed to resolve: use of undeclared type `Regex`\n --> /tmp/tmp96evl3yl.rs:3:14\n  |\n3 |     let re = Regex::new(r\"\\bz\\w+\").unwrap();\n  |              ^^^^^ use of undeclared type `Regex`\n\nerror: aborting due to previous error\n\nFor more information about this error, try `rustc --explain E0433`.\n",
      "exit_code": 1,
      "status": "SyntaxError"
    },
    {
      "program": "/// Write a function that matches a word containing 'z'.\nfn text_match_wordz(text: String) -> bool {\n    let re = Regex::new(r\"\\bz\\w+\").unwrap();\n    re.is_match(&text)\n}\n\nfn main() {\n    let candidate = text_match_wordz;\n    assert_eq!(candidate(String::from(\"pythonz.\")), true);\n    assert_eq!(candidate(String::from(\"xyz.\")), true);\n    assert_eq!(candidate(String::from(\"  lang  .\")), false);\n}\n",
      "timestamp": 1665510606,
      "stdout": "",
      "stderr": "error[E0433]: failed to resolve: use of undeclared type `Regex`\n --> /tmp/tmp96evl3yl.rs:3:14\n  |\n3 |     let re = Regex::new(r\"\\bz\\w+\").unwrap();\n  |              ^^^^^ use of undeclared type `Regex`\n\nerror: aborting due to previous error\n\nFor more information about this error, try `rustc --explain E0433`.\n",
      "exit_code": 1,
      "status": "SyntaxError"
    },
    {
      "program": "/// Write a function that matches a word containing 'z'.\nfn text_match_wordz(text: String) -> bool {\n    let re = Regex::new(r\"\\bz\\w*\\b\").unwrap();\n    re.is_match(&text)\n}\n\nfn main() {\n    let candidate = text_match_wordz;\n    assert_eq!(candidate(String::from(\"pythonz.\")), true);\n    assert_eq!(candidate(String::from(\"xyz.\")), true);\n    assert_eq!(candidate(String::from(\"  lang  .\")), false);\n}\n",
      "timestamp": 1665510606,
      "stdout": "",
      "stderr": "error[E0433]: failed to resolve: use of undeclared type `Regex`\n --> /tmp/tmpixchz9vy.rs:3:14\n  |\n3 |     let re = Regex::new(r\"\\bz\\w*\\b\").unwrap();\n  |              ^^^^^ use of undeclared type `Regex`\n\nerror: aborting due to previous error\n\nFor more information about this error, try `rustc --explain E0433`.\n",
      "exit_code": 1,
      "status": "SyntaxError"
    },
    {
      "program": "/// Write a function that matches a word containing 'z'.\nfn text_match_wordz(text: String) -> bool {\n    let re = Regex::new(r\"\\bz\\w*\\b\").unwrap();\n    re.is_match(&text)\n}\n\nfn main() {\n    let candidate = text_match_wordz;\n    assert_eq!(candidate(String::from(\"pythonz.\")), true);\n    assert_eq!(candidate(String::from(\"xyz.\")), true);\n    assert_eq!(candidate(String::from(\"  lang  .\")), false);\n}\n",
      "timestamp": 1665510606,
      "stdout": "",
      "stderr": "error[E0433]: failed to resolve: use of undeclared type `Regex`\n --> /tmp/tmpixchz9vy.rs:3:14\n  |\n3 |     let re = Regex::new(r\"\\bz\\w*\\b\").unwrap();\n  |              ^^^^^ use of undeclared type `Regex`\n\nerror: aborting due to previous error\n\nFor more information about this error, try `rustc --explain E0433`.\n",
      "exit_code": 1,
      "status": "SyntaxError"
    },
    {
      "program": "/// Write a function that matches a word containing 'z'.\nfn text_match_wordz(text: String) -> bool {\n    let re = Regex::new(r\"\\w*z\\w*\").unwrap();\n    re.is_match(&text)\n}\n\nfn main() {\n    let candidate = text_match_wordz;\n    assert_eq!(candidate(String::from(\"pythonz.\")), true);\n    assert_eq!(candidate(String::from(\"xyz.\")), true);\n    assert_eq!(candidate(String::from(\"  lang  .\")), false);\n}\n",
      "timestamp": 1665510606,
      "stdout": "",
      "stderr": "error[E0433]: failed to resolve: use of undeclared type `Regex`\n --> /tmp/tmpululox2b.rs:3:14\n  |\n3 |     let re = Regex::new(r\"\\w*z\\w*\").unwrap();\n  |              ^^^^^ use of undeclared type `Regex`\n\nerror: aborting due to previous error\n\nFor more information about this error, try `rustc --explain E0433`.\n",
      "exit_code": 1,
      "status": "SyntaxError"
    },
    {
      "program": "/// Write a function that matches a word containing 'z'.\nfn text_match_wordz(text: String) -> bool {\n    let re = Regex::new(r\"\\bz\\w*\\b\").unwrap();\n    re.is_match(&text)\n}\n\nfn main() {\n    let candidate = text_match_wordz;\n    assert_eq!(candidate(String::from(\"pythonz.\")), true);\n    assert_eq!(candidate(String::from(\"xyz.\")), true);\n    assert_eq!(candidate(String::from(\"  lang  .\")), false);\n}\n",
      "timestamp": 1665510606,
      "stdout": "",
      "stderr": "error[E0433]: failed to resolve: use of undeclared type `Regex`\n --> /tmp/tmpixchz9vy.rs:3:14\n  |\n3 |     let re = Regex::new(r\"\\bz\\w*\\b\").unwrap();\n  |              ^^^^^ use of undeclared type `Regex`\n\nerror: aborting due to previous error\n\nFor more information about this error, try `rustc --explain E0433`.\n",
      "exit_code": 1,
      "status": "SyntaxError"
    },
    {
      "program": "/// Write a function that matches a word containing 'z'.\nfn text_match_wordz(text: String) -> bool {\n    let re = Regex::new(r\"\\bz\\w+\").unwrap();\n    re.is_match(&text)\n}\n\nfn main() {\n    let candidate = text_match_wordz;\n    assert_eq!(candidate(String::from(\"pythonz.\")), true);\n    assert_eq!(candidate(String::from(\"xyz.\")), true);\n    assert_eq!(candidate(String::from(\"  lang  .\")), false);\n}\n",
      "timestamp": 1665510606,
      "stdout": "",
      "stderr": "error[E0433]: failed to resolve: use of undeclared type `Regex`\n --> /tmp/tmp96evl3yl.rs:3:14\n  |\n3 |     let re = Regex::new(r\"\\bz\\w+\").unwrap();\n  |              ^^^^^ use of undeclared type `Regex`\n\nerror: aborting due to previous error\n\nFor more information about this error, try `rustc --explain E0433`.\n",
      "exit_code": 1,
      "status": "SyntaxError"
    },
    {
      "program": "/// Write a function that matches a word containing 'z'.\nfn text_match_wordz(text: String) -> bool {\n    let re = Regex::new(r\"\\bz\\w+\\b\").unwrap();\n    re.is_match(&text)\n}\n\nfn main() {\n    let candidate = text_match_wordz;\n    assert_eq!(candidate(String::from(\"pythonz.\")), true);\n    assert_eq!(candidate(String::from(\"xyz.\")), true);\n    assert_eq!(candidate(String::from(\"  lang  .\")), false);\n}\n",
      "timestamp": 1665510606,
      "stdout": "",
      "stderr": "error[E0433]: failed to resolve: use of undeclared type `Regex`\n --> /tmp/tmp42nn1n55.rs:3:14\n  |\n3 |     let re = Regex::new(r\"\\bz\\w+\\b\").unwrap();\n  |              ^^^^^ use of undeclared type `Regex`\n\nerror: aborting due to previous error\n\nFor more information about this error, try `rustc --explain E0433`.\n",
      "exit_code": 1,
      "status": "SyntaxError"
    },
    {
      "program": "/// Write a function that matches a word containing 'z'.\nfn text_match_wordz(text: String) -> bool {\n    text.contains(\"z\")\n}\n\nfn main() {\n    let candidate = text_match_wordz;\n    assert_eq!(candidate(String::from(\"pythonz.\")), true);\n    assert_eq!(candidate(String::from(\"xyz.\")), true);\n    assert_eq!(candidate(String::from(\"  lang  .\")), false);\n}\n",
      "timestamp": 1666123474,
      "stdout": "",
      "stderr": "",
      "exit_code": 0,
      "status": "OK"
    },
    {
      "program": "/// Write a function that matches a word containing 'z'.\nfn text_match_wordz(text: String) -> bool {\n    let re = Regex::new(r\"\\bz\\w+\\b\").unwrap();\n    re.is_match(&text)\n}\n\nfn main() {\n    let candidate = text_match_wordz;\n    assert_eq!(candidate(String::from(\"pythonz.\")), true);\n    assert_eq!(candidate(String::from(\"xyz.\")), true);\n    assert_eq!(candidate(String::from(\"  lang  .\")), false);\n}\n",
      "timestamp": 1665510606,
      "stdout": "",
      "stderr": "error[E0433]: failed to resolve: use of undeclared type `Regex`\n --> /tmp/tmp42nn1n55.rs:3:14\n  |\n3 |     let re = Regex::new(r\"\\bz\\w+\\b\").unwrap();\n  |              ^^^^^ use of undeclared type `Regex`\n\nerror: aborting due to previous error\n\nFor more information about this error, try `rustc --explain E0433`.\n",
      "exit_code": 1,
      "status": "SyntaxError"
    },
    {
      "program": "/// Write a function that matches a word containing 'z'.\nfn text_match_wordz(text: String) -> bool {\n    let re = Regex::new(r\"\\bz\\w+\").unwrap();\n    re.is_match(&text)\n}\n\nfn main() {\n    let candidate = text_match_wordz;\n    assert_eq!(candidate(String::from(\"pythonz.\")), true);\n    assert_eq!(candidate(String::from(\"xyz.\")), true);\n    assert_eq!(candidate(String::from(\"  lang  .\")), false);\n}\n",
      "timestamp": 1665510606,
      "stdout": "",
      "stderr": "error[E0433]: failed to resolve: use of undeclared type `Regex`\n --> /tmp/tmp96evl3yl.rs:3:14\n  |\n3 |     let re = Regex::new(r\"\\bz\\w+\").unwrap();\n  |              ^^^^^ use of undeclared type `Regex`\n\nerror: aborting due to previous error\n\nFor more information about this error, try `rustc --explain E0433`.\n",
      "exit_code": 1,
      "status": "SyntaxError"
    },
    {
      "program": "/// Write a function that matches a word containing 'z'.\nfn text_match_wordz(text: String) -> bool {\n    let re = Regex::new(r\"\\bz\\w+\").unwrap();\n    re.is_match(&text)\n}\n\nfn main() {\n    let candidate = text_match_wordz;\n    assert_eq!(candidate(String::from(\"pythonz.\")), true);\n    assert_eq!(candidate(String::from(\"xyz.\")), true);\n    assert_eq!(candidate(String::from(\"  lang  .\")), false);\n}\n",
      "timestamp": 1665510606,
      "stdout": "",
      "stderr": "error[E0433]: failed to resolve: use of undeclared type `Regex`\n --> /tmp/tmp96evl3yl.rs:3:14\n  |\n3 |     let re = Regex::new(r\"\\bz\\w+\").unwrap();\n  |              ^^^^^ use of undeclared type `Regex`\n\nerror: aborting due to previous error\n\nFor more information about this error, try `rustc --explain E0433`.\n",
      "exit_code": 1,
      "status": "SyntaxError"
    },
    {
      "program": "/// Write a function that matches a word containing 'z'.\nfn text_match_wordz(text: String) -> bool {\n    let re = Regex::new(r\"\\bz\\w*\\b\").unwrap();\n    re.is_match(&text)\n}\n\nfn main() {\n    let candidate = text_match_wordz;\n    assert_eq!(candidate(String::from(\"pythonz.\")), true);\n    assert_eq!(candidate(String::from(\"xyz.\")), true);\n    assert_eq!(candidate(String::from(\"  lang  .\")), false);\n}\n",
      "timestamp": 1665510606,
      "stdout": "",
      "stderr": "error[E0433]: failed to resolve: use of undeclared type `Regex`\n --> /tmp/tmpixchz9vy.rs:3:14\n  |\n3 |     let re = Regex::new(r\"\\bz\\w*\\b\").unwrap();\n  |              ^^^^^ use of undeclared type `Regex`\n\nerror: aborting due to previous error\n\nFor more information about this error, try `rustc --explain E0433`.\n",
      "exit_code": 1,
      "status": "SyntaxError"
    },
    {
      "program": "/// Write a function that matches a word containing 'z'.\nfn text_match_wordz(text: String) -> bool {\n    lazy_static! {\n        static ref RE: Regex = Regex::new(r\"\\b\\w*z\\w*\\b\").unwrap();\n    }\n    RE.is_match(&text)\n}\n\nfn main() {\n    let candidate = text_match_wordz;\n    assert_eq!(candidate(String::from(\"pythonz.\")), true);\n    assert_eq!(candidate(String::from(\"xyz.\")), true);\n    assert_eq!(candidate(String::from(\"  lang  .\")), false);\n}\n",
      "timestamp": 1665510606,
      "stdout": "",
      "stderr": "error: cannot find macro `lazy_static` in this scope\n --> /tmp/tmp2mvvhg_d.rs:3:5\n  |\n3 |     lazy_static! {\n  |     ^^^^^^^^^^^\n\nerror[E0425]: cannot find value `RE` in this scope\n --> /tmp/tmp2mvvhg_d.rs:6:5\n  |\n6 |     RE.is_match(&text)\n  |     ^^ not found in this scope\n\nerror: aborting due to 2 previous errors\n\nFor more information about this error, try `rustc --explain E0425`.\n",
      "exit_code": 1,
      "status": "SyntaxError"
    },
    {
      "program": "/// Write a function that matches a word containing 'z'.\nfn text_match_wordz(text: String) -> bool {\n    let re = Regex::new(r\"\\bz\\w*\\b\").unwrap();\n    re.is_match(&text)\n}\n\nfn main() {\n    let candidate = text_match_wordz;\n    assert_eq!(candidate(String::from(\"pythonz.\")), true);\n    assert_eq!(candidate(String::from(\"xyz.\")), true);\n    assert_eq!(candidate(String::from(\"  lang  .\")), false);\n}\n",
      "timestamp": 1665510606,
      "stdout": "",
      "stderr": "error[E0433]: failed to resolve: use of undeclared type `Regex`\n --> /tmp/tmpixchz9vy.rs:3:14\n  |\n3 |     let re = Regex::new(r\"\\bz\\w*\\b\").unwrap();\n  |              ^^^^^ use of undeclared type `Regex`\n\nerror: aborting due to previous error\n\nFor more information about this error, try `rustc --explain E0433`.\n",
      "exit_code": 1,
      "status": "SyntaxError"
    },
    {
      "program": "/// Write a function that matches a word containing 'z'.\nfn text_match_wordz(text: String) -> bool {\n    let re = Regex::new(r\"\\bz\\w*\\b\").unwrap();\n    re.is_match(&text)\n}\n\nfn main() {\n    let candidate = text_match_wordz;\n    assert_eq!(candidate(String::from(\"pythonz.\")), true);\n    assert_eq!(candidate(String::from(\"xyz.\")), true);\n    assert_eq!(candidate(String::from(\"  lang  .\")), false);\n}\n",
      "timestamp": 1665510606,
      "stdout": "",
      "stderr": "error[E0433]: failed to resolve: use of undeclared type `Regex`\n --> /tmp/tmpixchz9vy.rs:3:14\n  |\n3 |     let re = Regex::new(r\"\\bz\\w*\\b\").unwrap();\n  |              ^^^^^ use of undeclared type `Regex`\n\nerror: aborting due to previous error\n\nFor more information about this error, try `rustc --explain E0433`.\n",
      "exit_code": 1,
      "status": "SyntaxError"
    },
    {
      "program": "/// Write a function that matches a word containing 'z'.\nfn text_match_wordz(text: String) -> bool {\n    lazy_static! {\n        static ref RE: Regex = Regex::new(r\"\\b\\w*z\\w*\\b\").unwrap();\n    }\n    RE.is_match(&text)\n}\n\nfn main() {\n    let candidate = text_match_wordz;\n    assert_eq!(candidate(String::from(\"pythonz.\")), true);\n    assert_eq!(candidate(String::from(\"xyz.\")), true);\n    assert_eq!(candidate(String::from(\"  lang  .\")), false);\n}\n",
      "timestamp": 1665510606,
      "stdout": "",
      "stderr": "error: cannot find macro `lazy_static` in this scope\n --> /tmp/tmp2mvvhg_d.rs:3:5\n  |\n3 |     lazy_static! {\n  |     ^^^^^^^^^^^\n\nerror[E0425]: cannot find value `RE` in this scope\n --> /tmp/tmp2mvvhg_d.rs:6:5\n  |\n6 |     RE.is_match(&text)\n  |     ^^ not found in this scope\n\nerror: aborting due to 2 previous errors\n\nFor more information about this error, try `rustc --explain E0425`.\n",
      "exit_code": 1,
      "status": "SyntaxError"
    },
    {
      "program": "/// Write a function that matches a word containing 'z'.\nfn text_match_wordz(text: String) -> bool {\n    let re = Regex::new(r\"\\bz\\w+\").unwrap();\n    re.is_match(&text)\n}\n\nfn main() {\n    let candidate = text_match_wordz;\n    assert_eq!(candidate(String::from(\"pythonz.\")), true);\n    assert_eq!(candidate(String::from(\"xyz.\")), true);\n    assert_eq!(candidate(String::from(\"  lang  .\")), false);\n}\n",
      "timestamp": 1665510606,
      "stdout": "",
      "stderr": "error[E0433]: failed to resolve: use of undeclared type `Regex`\n --> /tmp/tmp96evl3yl.rs:3:14\n  |\n3 |     let re = Regex::new(r\"\\bz\\w+\").unwrap();\n  |              ^^^^^ use of undeclared type `Regex`\n\nerror: aborting due to previous error\n\nFor more information about this error, try `rustc --explain E0433`.\n",
      "exit_code": 1,
      "status": "SyntaxError"
    },
    {
      "program": "/// Write a function that matches a word containing 'z'.\nfn text_match_wordz(text: String) -> bool {\n    lazy_static! {\n        static ref RE: Regex = Regex::new(r\"\\b\\w*z\\w*\\b\").unwrap();\n    }\n\n    RE.is_match(&text)\n}\n\nfn main() {\n    let candidate = text_match_wordz;\n    assert_eq!(candidate(String::from(\"pythonz.\")), true);\n    assert_eq!(candidate(String::from(\"xyz.\")), true);\n    assert_eq!(candidate(String::from(\"  lang  .\")), false);\n}\n",
      "timestamp": 1666123474,
      "stdout": "",
      "stderr": "error: cannot find macro `lazy_static` in this scope\n --> /tmp/tmpzlyqosvs.rs:3:5\n  |\n3 |     lazy_static! {\n  |     ^^^^^^^^^^^\n\nerror[E0425]: cannot find value `RE` in this scope\n --> /tmp/tmpzlyqosvs.rs:7:5\n  |\n7 |     RE.is_match(&text)\n  |     ^^ not found in this scope\n\nerror: aborting due to 2 previous errors\n\nFor more information about this error, try `rustc --explain E0425`.\n",
      "exit_code": 1,
      "status": "SyntaxError"
    },
    {
      "program": "/// Write a function that matches a word containing 'z'.\nfn text_match_wordz(text: String) -> bool {\n    lazy_static! {\n        static ref RE: Regex = Regex::new(r\"\\b\\w*z\\w*\\b\").unwrap();\n    }\n    RE.is_match(&text)\n}\n\nfn main() {\n    let candidate = text_match_wordz;\n    assert_eq!(candidate(String::from(\"pythonz.\")), true);\n    assert_eq!(candidate(String::from(\"xyz.\")), true);\n    assert_eq!(candidate(String::from(\"  lang  .\")), false);\n}\n",
      "timestamp": 1665510606,
      "stdout": "",
      "stderr": "error: cannot find macro `lazy_static` in this scope\n --> /tmp/tmp2mvvhg_d.rs:3:5\n  |\n3 |     lazy_static! {\n  |     ^^^^^^^^^^^\n\nerror[E0425]: cannot find value `RE` in this scope\n --> /tmp/tmp2mvvhg_d.rs:6:5\n  |\n6 |     RE.is_match(&text)\n  |     ^^ not found in this scope\n\nerror: aborting due to 2 previous errors\n\nFor more information about this error, try `rustc --explain E0425`.\n",
      "exit_code": 1,
      "status": "SyntaxError"
    },
    {
      "program": "/// Write a function that matches a word containing 'z'.\nfn text_match_wordz(text: String) -> bool {\n    let re = Regex::new(r\"\\bz\\w+\").unwrap();\n    re.is_match(&text)\n}\n\nfn main() {\n    let candidate = text_match_wordz;\n    assert_eq!(candidate(String::from(\"pythonz.\")), true);\n    assert_eq!(candidate(String::from(\"xyz.\")), true);\n    assert_eq!(candidate(String::from(\"  lang  .\")), false);\n}\n",
      "timestamp": 1665510606,
      "stdout": "",
      "stderr": "error[E0433]: failed to resolve: use of undeclared type `Regex`\n --> /tmp/tmp96evl3yl.rs:3:14\n  |\n3 |     let re = Regex::new(r\"\\bz\\w+\").unwrap();\n  |              ^^^^^ use of undeclared type `Regex`\n\nerror: aborting due to previous error\n\nFor more information about this error, try `rustc --explain E0433`.\n",
      "exit_code": 1,
      "status": "SyntaxError"
    },
    {
      "program": "/// Write a function that matches a word containing 'z'.\nfn text_match_wordz(text: String) -> bool {\n    let re = Regex::new(r\"\\bz\\w*\\b\").unwrap();\n    re.is_match(&text)\n}\n\nfn main() {\n    let candidate = text_match_wordz;\n    assert_eq!(candidate(String::from(\"pythonz.\")), true);\n    assert_eq!(candidate(String::from(\"xyz.\")), true);\n    assert_eq!(candidate(String::from(\"  lang  .\")), false);\n}\n",
      "timestamp": 1665510606,
      "stdout": "",
      "stderr": "error[E0433]: failed to resolve: use of undeclared type `Regex`\n --> /tmp/tmpixchz9vy.rs:3:14\n  |\n3 |     let re = Regex::new(r\"\\bz\\w*\\b\").unwrap();\n  |              ^^^^^ use of undeclared type `Regex`\n\nerror: aborting due to previous error\n\nFor more information about this error, try `rustc --explain E0433`.\n",
      "exit_code": 1,
      "status": "SyntaxError"
    },
    {
      "program": "/// Write a function that matches a word containing 'z'.\nfn text_match_wordz(text: String) -> bool {\n    let re = Regex::new(r\"\\bz\\w+\").unwrap();\n    re.is_match(&text)\n}\n\nfn main() {\n    let candidate = text_match_wordz;\n    assert_eq!(candidate(String::from(\"pythonz.\")), true);\n    assert_eq!(candidate(String::from(\"xyz.\")), true);\n    assert_eq!(candidate(String::from(\"  lang  .\")), false);\n}\n",
      "timestamp": 1665510606,
      "stdout": "",
      "stderr": "error[E0433]: failed to resolve: use of undeclared type `Regex`\n --> /tmp/tmp96evl3yl.rs:3:14\n  |\n3 |     let re = Regex::new(r\"\\bz\\w+\").unwrap();\n  |              ^^^^^ use of undeclared type `Regex`\n\nerror: aborting due to previous error\n\nFor more information about this error, try `rustc --explain E0433`.\n",
      "exit_code": 1,
      "status": "SyntaxError"
    },
    {
      "program": "/// Write a function that matches a word containing 'z'.\nfn text_match_wordz(text: String) -> bool {\n    let re = Regex::new(r\"\\bz\\w+\").unwrap();\n    re.is_match(&text)\n}\n\nfn main() {\n    let candidate = text_match_wordz;\n    assert_eq!(candidate(String::from(\"pythonz.\")), true);\n    assert_eq!(candidate(String::from(\"xyz.\")), true);\n    assert_eq!(candidate(String::from(\"  lang  .\")), false);\n}\n",
      "timestamp": 1665510606,
      "stdout": "",
      "stderr": "error[E0433]: failed to resolve: use of undeclared type `Regex`\n --> /tmp/tmp96evl3yl.rs:3:14\n  |\n3 |     let re = Regex::new(r\"\\bz\\w+\").unwrap();\n  |              ^^^^^ use of undeclared type `Regex`\n\nerror: aborting due to previous error\n\nFor more information about this error, try `rustc --explain E0433`.\n",
      "exit_code": 1,
      "status": "SyntaxError"
    },
    {
      "program": "/// Write a function that matches a word containing 'z'.\nfn text_match_wordz(text: String) -> bool {\n    let re = Regex::new(r\"\\bz\\w*\\b\").unwrap();\n    re.is_match(&text)\n}\n\nfn main() {\n    let candidate = text_match_wordz;\n    assert_eq!(candidate(String::from(\"pythonz.\")), true);\n    assert_eq!(candidate(String::from(\"xyz.\")), true);\n    assert_eq!(candidate(String::from(\"  lang  .\")), false);\n}\n",
      "timestamp": 1665510606,
      "stdout": "",
      "stderr": "error[E0433]: failed to resolve: use of undeclared type `Regex`\n --> /tmp/tmpixchz9vy.rs:3:14\n  |\n3 |     let re = Regex::new(r\"\\bz\\w*\\b\").unwrap();\n  |              ^^^^^ use of undeclared type `Regex`\n\nerror: aborting due to previous error\n\nFor more information about this error, try `rustc --explain E0433`.\n",
      "exit_code": 1,
      "status": "SyntaxError"
    },
    {
      "program": "/// Write a function that matches a word containing 'z'.\nfn text_match_wordz(text: String) -> bool {\n    let re = Regex::new(r\"\\bz\\w+\").unwrap();\n    re.is_match(&text)\n}\n\nfn main() {\n    let candidate = text_match_wordz;\n    assert_eq!(candidate(String::from(\"pythonz.\")), true);\n    assert_eq!(candidate(String::from(\"xyz.\")), true);\n    assert_eq!(candidate(String::from(\"  lang  .\")), false);\n}\n",
      "timestamp": 1665510606,
      "stdout": "",
      "stderr": "error[E0433]: failed to resolve: use of undeclared type `Regex`\n --> /tmp/tmp96evl3yl.rs:3:14\n  |\n3 |     let re = Regex::new(r\"\\bz\\w+\").unwrap();\n  |              ^^^^^ use of undeclared type `Regex`\n\nerror: aborting due to previous error\n\nFor more information about this error, try `rustc --explain E0433`.\n",
      "exit_code": 1,
      "status": "SyntaxError"
    },
    {
      "program": "/// Write a function that matches a word containing 'z'.\nfn text_match_wordz(text: String) -> bool {\n    let re = Regex::new(r\"\\b\\w*z\\w*\\b\").unwrap();\n    re.is_match(&text)\n}\n\nfn main() {\n    let candidate = text_match_wordz;\n    assert_eq!(candidate(String::from(\"pythonz.\")), true);\n    assert_eq!(candidate(String::from(\"xyz.\")), true);\n    assert_eq!(candidate(String::from(\"  lang  .\")), false);\n}\n",
      "timestamp": 1666123474,
      "stdout": "",
      "stderr": "error[E0433]: failed to resolve: use of undeclared type `Regex`\n --> /tmp/tmpuv5ycj6m.rs:3:14\n  |\n3 |     let re = Regex::new(r\"\\b\\w*z\\w*\\b\").unwrap();\n  |              ^^^^^ use of undeclared type `Regex`\n\nerror: aborting due to previous error\n\nFor more information about this error, try `rustc --explain E0433`.\n",
      "exit_code": 1,
      "status": "SyntaxError"
    },
    {
      "program": "/// Write a function that matches a word containing 'z'.\nfn text_match_wordz(text: String) -> bool {\n    lazy_static! {\n        static ref RE: Regex = Regex::new(r\"\\b\\w*z\\w*\\b\").unwrap();\n    }\n    RE.is_match(&text)\n}\n\nfn main() {\n    let candidate = text_match_wordz;\n    assert_eq!(candidate(String::from(\"pythonz.\")), true);\n    assert_eq!(candidate(String::from(\"xyz.\")), true);\n    assert_eq!(candidate(String::from(\"  lang  .\")), false);\n}\n",
      "timestamp": 1665510606,
      "stdout": "",
      "stderr": "error: cannot find macro `lazy_static` in this scope\n --> /tmp/tmp2mvvhg_d.rs:3:5\n  |\n3 |     lazy_static! {\n  |     ^^^^^^^^^^^\n\nerror[E0425]: cannot find value `RE` in this scope\n --> /tmp/tmp2mvvhg_d.rs:6:5\n  |\n6 |     RE.is_match(&text)\n  |     ^^ not found in this scope\n\nerror: aborting due to 2 previous errors\n\nFor more information about this error, try `rustc --explain E0425`.\n",
      "exit_code": 1,
      "status": "SyntaxError"
    },
    {
      "program": "/// Write a function that matches a word containing 'z'.\nfn text_match_wordz(text: String) -> bool {\n    let re = Regex::new(r\"\\bz\\w*\\b\").unwrap();\n    re.is_match(&text)\n}\n\nfn main() {\n    let candidate = text_match_wordz;\n    assert_eq!(candidate(String::from(\"pythonz.\")), true);\n    assert_eq!(candidate(String::from(\"xyz.\")), true);\n    assert_eq!(candidate(String::from(\"  lang  .\")), false);\n}\n",
      "timestamp": 1665510606,
      "stdout": "",
      "stderr": "error[E0433]: failed to resolve: use of undeclared type `Regex`\n --> /tmp/tmpixchz9vy.rs:3:14\n  |\n3 |     let re = Regex::new(r\"\\bz\\w*\\b\").unwrap();\n  |              ^^^^^ use of undeclared type `Regex`\n\nerror: aborting due to previous error\n\nFor more information about this error, try `rustc --explain E0433`.\n",
      "exit_code": 1,
      "status": "SyntaxError"
    },
    {
      "program": "/// Write a function that matches a word containing 'z'.\nfn text_match_wordz(text: String) -> bool {\n    let re = Regex::new(r\"\\bz\\w+\").unwrap();\n    re.is_match(&text)\n}\n\nfn main() {\n    let candidate = text_match_wordz;\n    assert_eq!(candidate(String::from(\"pythonz.\")), true);\n    assert_eq!(candidate(String::from(\"xyz.\")), true);\n    assert_eq!(candidate(String::from(\"  lang  .\")), false);\n}\n",
      "timestamp": 1665510606,
      "stdout": "",
      "stderr": "error[E0433]: failed to resolve: use of undeclared type `Regex`\n --> /tmp/tmp96evl3yl.rs:3:14\n  |\n3 |     let re = Regex::new(r\"\\bz\\w+\").unwrap();\n  |              ^^^^^ use of undeclared type `Regex`\n\nerror: aborting due to previous error\n\nFor more information about this error, try `rustc --explain E0433`.\n",
      "exit_code": 1,
      "status": "SyntaxError"
    },
    {
      "program": "/// Write a function that matches a word containing 'z'.\nfn text_match_wordz(text: String) -> bool {\n    let re = Regex::new(r\"\\bz\\w+\").unwrap();\n    re.is_match(&text)\n}\n\nfn main() {\n    let candidate = text_match_wordz;\n    assert_eq!(candidate(String::from(\"pythonz.\")), true);\n    assert_eq!(candidate(String::from(\"xyz.\")), true);\n    assert_eq!(candidate(String::from(\"  lang  .\")), false);\n}\n",
      "timestamp": 1665510606,
      "stdout": "",
      "stderr": "error[E0433]: failed to resolve: use of undeclared type `Regex`\n --> /tmp/tmp96evl3yl.rs:3:14\n  |\n3 |     let re = Regex::new(r\"\\bz\\w+\").unwrap();\n  |              ^^^^^ use of undeclared type `Regex`\n\nerror: aborting due to previous error\n\nFor more information about this error, try `rustc --explain E0433`.\n",
      "exit_code": 1,
      "status": "SyntaxError"
    },
    {
      "program": "/// Write a function that matches a word containing 'z'.\nfn text_match_wordz(text: String) -> bool {\n    let re = Regex::new(r\"\\bz\\w+\").unwrap();\n    re.is_match(&text)\n}\n\nfn main() {\n    let candidate = text_match_wordz;\n    assert_eq!(candidate(String::from(\"pythonz.\")), true);\n    assert_eq!(candidate(String::from(\"xyz.\")), true);\n    assert_eq!(candidate(String::from(\"  lang  .\")), false);\n}\n",
      "timestamp": 1665510606,
      "stdout": "",
      "stderr": "error[E0433]: failed to resolve: use of undeclared type `Regex`\n --> /tmp/tmp96evl3yl.rs:3:14\n  |\n3 |     let re = Regex::new(r\"\\bz\\w+\").unwrap();\n  |              ^^^^^ use of undeclared type `Regex`\n\nerror: aborting due to previous error\n\nFor more information about this error, try `rustc --explain E0433`.\n",
      "exit_code": 1,
      "status": "SyntaxError"
    },
    {
      "program": "/// Write a function that matches a word containing 'z'.\nfn text_match_wordz(text: String) -> bool {\n    let re = Regex::new(r\"\\bz\\w+\\b\").unwrap();\n    re.is_match(&text)\n}\n\nfn main() {\n    let candidate = text_match_wordz;\n    assert_eq!(candidate(String::from(\"pythonz.\")), true);\n    assert_eq!(candidate(String::from(\"xyz.\")), true);\n    assert_eq!(candidate(String::from(\"  lang  .\")), false);\n}\n",
      "timestamp": 1665510606,
      "stdout": "",
      "stderr": "error[E0433]: failed to resolve: use of undeclared type `Regex`\n --> /tmp/tmp42nn1n55.rs:3:14\n  |\n3 |     let re = Regex::new(r\"\\bz\\w+\\b\").unwrap();\n  |              ^^^^^ use of undeclared type `Regex`\n\nerror: aborting due to previous error\n\nFor more information about this error, try `rustc --explain E0433`.\n",
      "exit_code": 1,
      "status": "SyntaxError"
    },
    {
      "program": "/// Write a function that matches a word containing 'z'.\nfn text_match_wordz(text: String) -> bool {\n    let re = Regex::new(r\"\\bz\\w+\").unwrap();\n    re.is_match(&text)\n}\n\nfn main() {\n    let candidate = text_match_wordz;\n    assert_eq!(candidate(String::from(\"pythonz.\")), true);\n    assert_eq!(candidate(String::from(\"xyz.\")), true);\n    assert_eq!(candidate(String::from(\"  lang  .\")), false);\n}\n",
      "timestamp": 1665510606,
      "stdout": "",
      "stderr": "error[E0433]: failed to resolve: use of undeclared type `Regex`\n --> /tmp/tmp96evl3yl.rs:3:14\n  |\n3 |     let re = Regex::new(r\"\\bz\\w+\").unwrap();\n  |              ^^^^^ use of undeclared type `Regex`\n\nerror: aborting due to previous error\n\nFor more information about this error, try `rustc --explain E0433`.\n",
      "exit_code": 1,
      "status": "SyntaxError"
    },
    {
      "program": "/// Write a function that matches a word containing 'z'.\nfn text_match_wordz(text: String) -> bool {\n    unimplemented!()\n}\n\nfn main() {\n    let candidate = text_match_wordz;\n    assert_eq!(candidate(String::from(\"pythonz.\")), true);\n    assert_eq!(candidate(String::from(\"xyz.\")), true);\n    assert_eq!(candidate(String::from(\"  lang  .\")), false);\n}\n",
      "timestamp": 1665510606,
      "stdout": "",
      "stderr": "thread 'main' panicked at 'not implemented', /tmp/tmptogt6n9_.rs:3:5\nnote: run with `RUST_BACKTRACE=1` environment variable to display a backtrace\n",
      "exit_code": 101,
      "status": "Exception"
    },
    {
      "program": "/// Write a function that matches a word containing 'z'.\nfn text_match_wordz(text: String) -> bool {\n    text.contains(\"z\")\n}\n\nfn main() {\n    let candidate = text_match_wordz;\n    assert_eq!(candidate(String::from(\"pythonz.\")), true);\n    assert_eq!(candidate(String::from(\"xyz.\")), true);\n    assert_eq!(candidate(String::from(\"  lang  .\")), false);\n}\n",
      "timestamp": 1666123474,
      "stdout": "",
      "stderr": "",
      "exit_code": 0,
      "status": "OK"
    }
  ]
}