{
  "name": "mbpp_279_is_num_decagonal",
  "language": "rs",
  "prompt": "/// Write a function to find the nth decagonal number.\nfn is_num_decagonal(n: isize) -> isize {\n",
  "doctests": "transform",
  "original": "/home/arjun/repos/MultiPL-E/datasets/../datasets/mbpp-typed/mbpp_279_is_num_decagonal.py",
  "prompt_terminology": "reworded",
  "tests": "}\n\nfn main() {\n    let candidate = is_num_decagonal;\n    assert_eq!(candidate(3), 27);\n    assert_eq!(candidate(7), 175);\n    assert_eq!(candidate(10), 370);\n}\n",
  "stop_tokens": [
    "\n}"
  ],
  "results": [
    {
      "program": "/// Write a function to find the nth decagonal number.\nfn is_num_decagonal(n: isize) -> isize {\n    let mut i = 1;\n    let mut num = 1;\n    while i < n {\n        num += 3 * i + 1;\n        i += 1;\n    }\n    num\n}\n\nfn main() {\n    let candidate = is_num_decagonal;\n    assert_eq!(candidate(3), 27);\n    assert_eq!(candidate(7), 175);\n    assert_eq!(candidate(10), 370);\n}\n",
      "timestamp": 1665510609,
      "stdout": "",
      "stderr": "thread 'main' panicked at 'assertion failed: `(left == right)`\n  left: `12`,\n right: `27`', /tmp/tmptvtw5fhy.rs:14:5\nnote: run with `RUST_BACKTRACE=1` environment variable to display a backtrace\n",
      "exit_code": 101,
      "status": "Exception"
    },
    {
      "program": "/// Write a function to find the nth decagonal number.\nfn is_num_decagonal(n: isize) -> isize {\n    let mut i = 1;\n    let mut nth_decagonal = 0;\n    while i <= n {\n        nth_decagonal = i * (3 * i - 1) / 2;\n        i += 1;\n    }\n    nth_decagonal\n}\n\nfn main() {\n    let candidate = is_num_decagonal;\n    assert_eq!(candidate(3), 27);\n    assert_eq!(candidate(7), 175);\n    assert_eq!(candidate(10), 370);\n}\n",
      "timestamp": 1665510609,
      "stdout": "",
      "stderr": "thread 'main' panicked at 'assertion failed: `(left == right)`\n  left: `12`,\n right: `27`', /tmp/tmp57au8jap.rs:14:5\nnote: run with `RUST_BACKTRACE=1` environment variable to display a backtrace\n",
      "exit_code": 101,
      "status": "Exception"
    },
    {
      "program": "/// Write a function to find the nth decagonal number.\nfn is_num_decagonal(n: isize) -> isize {\n    let mut i = 0;\n    loop {\n        let num = i * (3 * i - 1) / 2;\n        if num == n {\n            return i;\n        }\n        if num > n {\n            return -1;\n        }\n        i += 1;\n    }\n}\n\nfn main() {\n    let candidate = is_num_decagonal;\n    assert_eq!(candidate(3), 27);\n    assert_eq!(candidate(7), 175);\n    assert_eq!(candidate(10), 370);\n}\n",
      "timestamp": 1665510609,
      "stdout": "",
      "stderr": "thread 'main' panicked at 'assertion failed: `(left == right)`\n  left: `-1`,\n right: `27`', /tmp/tmpxo386y6f.rs:18:5\nnote: run with `RUST_BACKTRACE=1` environment variable to display a backtrace\n",
      "exit_code": 101,
      "status": "Exception"
    },
    {
      "program": "/// Write a function to find the nth decagonal number.\nfn is_num_decagonal(n: isize) -> isize {\n    let mut i = 1;\n    let mut num = 1;\n    while i < n {\n        i += 1;\n        num += 3 * i - 2;\n    }\n    num\n}\n\nfn main() {\n    let candidate = is_num_decagonal;\n    assert_eq!(candidate(3), 27);\n    assert_eq!(candidate(7), 175);\n    assert_eq!(candidate(10), 370);\n}\n",
      "timestamp": 1665510609,
      "stdout": "",
      "stderr": "thread 'main' panicked at 'assertion failed: `(left == right)`\n  left: `12`,\n right: `27`', /tmp/tmp_o9gg1o6.rs:14:5\nnote: run with `RUST_BACKTRACE=1` environment variable to display a backtrace\n",
      "exit_code": 101,
      "status": "Exception"
    },
    {
      "program": "/// Write a function to find the nth decagonal number.\nfn is_num_decagonal(n: isize) -> isize {\n    let mut i = 1;\n    let mut num = 0;\n    while i <= n {\n        num = i * (3 * i - 1) / 2;\n        i += 1;\n    }\n    num\n}\n\nfn main() {\n    let candidate = is_num_decagonal;\n    assert_eq!(candidate(3), 27);\n    assert_eq!(candidate(7), 175);\n    assert_eq!(candidate(10), 370);\n}\n",
      "timestamp": 1665510609,
      "stdout": "",
      "stderr": "thread 'main' panicked at 'assertion failed: `(left == right)`\n  left: `12`,\n right: `27`', /tmp/tmpjbf7vlkd.rs:14:5\nnote: run with `RUST_BACKTRACE=1` environment variable to display a backtrace\n",
      "exit_code": 101,
      "status": "Exception"
    },
    {
      "program": "/// Write a function to find the nth decagonal number.\nfn is_num_decagonal(n: isize) -> isize {\n    let mut i = 1;\n    let mut num = 1;\n    while i < n {\n        num += 3 * i + 1;\n        i += 1;\n    }\n    num\n}\n\nfn main() {\n    let candidate = is_num_decagonal;\n    assert_eq!(candidate(3), 27);\n    assert_eq!(candidate(7), 175);\n    assert_eq!(candidate(10), 370);\n}\n",
      "timestamp": 1665510609,
      "stdout": "",
      "stderr": "thread 'main' panicked at 'assertion failed: `(left == right)`\n  left: `12`,\n right: `27`', /tmp/tmptvtw5fhy.rs:14:5\nnote: run with `RUST_BACKTRACE=1` environment variable to display a backtrace\n",
      "exit_code": 101,
      "status": "Exception"
    },
    {
      "program": "/// Write a function to find the nth decagonal number.\nfn is_num_decagonal(n: isize) -> isize {\n    let mut i = 0;\n    loop {\n        let num = i * (3 * i - 1) / 2;\n        if num == n {\n            return i;\n        }\n        if num > n {\n            return -1;\n        }\n        i += 1;\n    }\n}\n\nfn main() {\n    let candidate = is_num_decagonal;\n    assert_eq!(candidate(3), 27);\n    assert_eq!(candidate(7), 175);\n    assert_eq!(candidate(10), 370);\n}\n",
      "timestamp": 1665510609,
      "stdout": "",
      "stderr": "thread 'main' panicked at 'assertion failed: `(left == right)`\n  left: `-1`,\n right: `27`', /tmp/tmpxo386y6f.rs:18:5\nnote: run with `RUST_BACKTRACE=1` environment variable to display a backtrace\n",
      "exit_code": 101,
      "status": "Exception"
    },
    {
      "program": "/// Write a function to find the nth decagonal number.\nfn is_num_decagonal(n: isize) -> isize {\n    let mut n = n;\n    let mut i = 0;\n    while n > 0 {\n        i += 1;\n        n -= i * 10;\n    }\n    if n == 0 {\n        return i;\n    }\n    -1\n}\n\nfn main() {\n    let candidate = is_num_decagonal;\n    assert_eq!(candidate(3), 27);\n    assert_eq!(candidate(7), 175);\n    assert_eq!(candidate(10), 370);\n}\n",
      "timestamp": 1665510609,
      "stdout": "",
      "stderr": "thread 'main' panicked at 'assertion failed: `(left == right)`\n  left: `-1`,\n right: `27`', /tmp/tmpxt3_3mro.rs:17:5\nnote: run with `RUST_BACKTRACE=1` environment variable to display a backtrace\n",
      "exit_code": 101,
      "status": "Exception"
    },
    {
      "program": "/// Write a function to find the nth decagonal number.\nfn is_num_decagonal(n: isize) -> isize {\n    let mut i = 1;\n    let mut decagonal = 0;\n    while decagonal < n {\n        decagonal = i * (3 * i - 1) / 2;\n        i += 1;\n    }\n    decagonal\n}\n\nfn main() {\n    let candidate = is_num_decagonal;\n    assert_eq!(candidate(3), 27);\n    assert_eq!(candidate(7), 175);\n    assert_eq!(candidate(10), 370);\n}\n",
      "timestamp": 1665510609,
      "stdout": "",
      "stderr": "thread 'main' panicked at 'assertion failed: `(left == right)`\n  left: `5`,\n right: `27`', /tmp/tmpey9v37ae.rs:14:5\nnote: run with `RUST_BACKTRACE=1` environment variable to display a backtrace\n",
      "exit_code": 101,
      "status": "Exception"
    },
    {
      "program": "/// Write a function to find the nth decagonal number.\nfn is_num_decagonal(n: isize) -> isize {\n    let mut i = 1;\n    let mut num = 1;\n    while i < n {\n        num += 3 * i + 1;\n        i += 1;\n    }\n    num\n}\n\nfn main() {\n    let candidate = is_num_decagonal;\n    assert_eq!(candidate(3), 27);\n    assert_eq!(candidate(7), 175);\n    assert_eq!(candidate(10), 370);\n}\n",
      "timestamp": 1665510609,
      "stdout": "",
      "stderr": "thread 'main' panicked at 'assertion failed: `(left == right)`\n  left: `12`,\n right: `27`', /tmp/tmptvtw5fhy.rs:14:5\nnote: run with `RUST_BACKTRACE=1` environment variable to display a backtrace\n",
      "exit_code": 101,
      "status": "Exception"
    },
    {
      "program": "/// Write a function to find the nth decagonal number.\nfn is_num_decagonal(n: isize) -> isize {\n    let mut i = 1;\n    let mut num = 1;\n    while i < n {\n        num += 3;\n        if is_pentagonal(num) && is_triangular(num) {\n            i += 1;\n        }\n    }\n    num\n}\n\nfn main() {\n    let candidate = is_num_decagonal;\n    assert_eq!(candidate(3), 27);\n    assert_eq!(candidate(7), 175);\n    assert_eq!(candidate(10), 370);\n}\n",
      "timestamp": 1665510609,
      "stdout": "",
      "stderr": "error[E0425]: cannot find function `is_pentagonal` in this scope\n --> /tmp/tmpm7supv0r.rs:7:12\n  |\n7 |         if is_pentagonal(num) && is_triangular(num) {\n  |            ^^^^^^^^^^^^^ not found in this scope\n\nerror[E0425]: cannot find function `is_triangular` in this scope\n --> /tmp/tmpm7supv0r.rs:7:34\n  |\n7 |         if is_pentagonal(num) && is_triangular(num) {\n  |                                  ^^^^^^^^^^^^^ not found in this scope\n\nerror: aborting due to 2 previous errors\n\nFor more information about this error, try `rustc --explain E0425`.\n",
      "exit_code": 1,
      "status": "SyntaxError"
    },
    {
      "program": "/// Write a function to find the nth decagonal number.\nfn is_num_decagonal(n: isize) -> isize {\n    let mut i = 0;\n    loop {\n        let decagonal = i * (3 * i - 1) / 2;\n        if decagonal == n {\n            return i;\n        }\n        if decagonal > n {\n            return -1;\n        }\n        i += 1;\n    }\n}\n\nfn main() {\n    let candidate = is_num_decagonal;\n    assert_eq!(candidate(3), 27);\n    assert_eq!(candidate(7), 175);\n    assert_eq!(candidate(10), 370);\n}\n",
      "timestamp": 1665510609,
      "stdout": "",
      "stderr": "thread 'main' panicked at 'assertion failed: `(left == right)`\n  left: `-1`,\n right: `27`', /tmp/tmp531_yewa.rs:18:5\nnote: run with `RUST_BACKTRACE=1` environment variable to display a backtrace\n",
      "exit_code": 101,
      "status": "Exception"
    },
    {
      "program": "/// Write a function to find the nth decagonal number.\nfn is_num_decagonal(n: isize) -> isize {\n    let mut i = 1;\n    let mut num = 0;\n    while num < n {\n        num = i * (3 * i - 1) / 2;\n        i += 1;\n    }\n    num\n}\n\nfn main() {\n    let candidate = is_num_decagonal;\n    assert_eq!(candidate(3), 27);\n    assert_eq!(candidate(7), 175);\n    assert_eq!(candidate(10), 370);\n}\n",
      "timestamp": 1665510609,
      "stdout": "",
      "stderr": "thread 'main' panicked at 'assertion failed: `(left == right)`\n  left: `5`,\n right: `27`', /tmp/tmpj80kznjb.rs:14:5\nnote: run with `RUST_BACKTRACE=1` environment variable to display a backtrace\n",
      "exit_code": 101,
      "status": "Exception"
    },
    {
      "program": "/// Write a function to find the nth decagonal number.\nfn is_num_decagonal(n: isize) -> isize {\n    let mut i = 0;\n    let mut num = 0;\n    while i < n {\n        num += 1;\n        if is_decagonal(num) {\n            i += 1;\n        }\n    }\n    num\n}\n\nfn main() {\n    let candidate = is_num_decagonal;\n    assert_eq!(candidate(3), 27);\n    assert_eq!(candidate(7), 175);\n    assert_eq!(candidate(10), 370);\n}\n",
      "timestamp": 1665510609,
      "stdout": "",
      "stderr": "error[E0425]: cannot find function `is_decagonal` in this scope\n --> /tmp/tmpe69d_7k8.rs:7:12\n  |\n7 |         if is_decagonal(num) {\n  |            ^^^^^^^^^^^^ not found in this scope\n\nerror: aborting due to previous error\n\nFor more information about this error, try `rustc --explain E0425`.\n",
      "exit_code": 1,
      "status": "SyntaxError"
    },
    {
      "program": "/// Write a function to find the nth decagonal number.\nfn is_num_decagonal(n: isize) -> isize {\n    let mut i = 1;\n    let mut result = 0;\n    while result < n {\n        result = i * (3 * i - 1) / 2;\n        i += 1;\n    }\n    result\n}\n\nfn main() {\n    let candidate = is_num_decagonal;\n    assert_eq!(candidate(3), 27);\n    assert_eq!(candidate(7), 175);\n    assert_eq!(candidate(10), 370);\n}\n",
      "timestamp": 1665510609,
      "stdout": "",
      "stderr": "thread 'main' panicked at 'assertion failed: `(left == right)`\n  left: `5`,\n right: `27`', /tmp/tmpktd4vwm0.rs:14:5\nnote: run with `RUST_BACKTRACE=1` environment variable to display a backtrace\n",
      "exit_code": 101,
      "status": "Exception"
    },
    {
      "program": "/// Write a function to find the nth decagonal number.\nfn is_num_decagonal(n: isize) -> isize {\n    let mut i = 1;\n    let mut num = 1;\n    while i < n {\n        num += 3 * i + 1;\n        i += 1;\n    }\n    num\n}\n\nfn main() {\n    let candidate = is_num_decagonal;\n    assert_eq!(candidate(3), 27);\n    assert_eq!(candidate(7), 175);\n    assert_eq!(candidate(10), 370);\n}\n",
      "timestamp": 1665510609,
      "stdout": "",
      "stderr": "thread 'main' panicked at 'assertion failed: `(left == right)`\n  left: `12`,\n right: `27`', /tmp/tmptvtw5fhy.rs:14:5\nnote: run with `RUST_BACKTRACE=1` environment variable to display a backtrace\n",
      "exit_code": 101,
      "status": "Exception"
    },
    {
      "program": "/// Write a function to find the nth decagonal number.\nfn is_num_decagonal(n: isize) -> isize {\n    let mut i = 0;\n    loop {\n        let num = i * (3 * i - 1) / 2;\n        if num == n {\n            return i;\n        } else if num > n {\n            return -1;\n        }\n        i += 1;\n    }\n}\n\nfn main() {\n    let candidate = is_num_decagonal;\n    assert_eq!(candidate(3), 27);\n    assert_eq!(candidate(7), 175);\n    assert_eq!(candidate(10), 370);\n}\n",
      "timestamp": 1665510609,
      "stdout": "",
      "stderr": "thread 'main' panicked at 'assertion failed: `(left == right)`\n  left: `-1`,\n right: `27`', /tmp/tmpe321v2yr.rs:17:5\nnote: run with `RUST_BACKTRACE=1` environment variable to display a backtrace\n",
      "exit_code": 101,
      "status": "Exception"
    },
    {
      "program": "/// Write a function to find the nth decagonal number.\nfn is_num_decagonal(n: isize) -> isize {\n    let decagonal = n * (3 * n - 2);\n    decagonal\n}\n\nfn main() {\n    let candidate = is_num_decagonal;\n    assert_eq!(candidate(3), 27);\n    assert_eq!(candidate(7), 175);\n    assert_eq!(candidate(10), 370);\n}\n",
      "timestamp": 1665510609,
      "stdout": "",
      "stderr": "thread 'main' panicked at 'assertion failed: `(left == right)`\n  left: `21`,\n right: `27`', /tmp/tmplq75m9xg.rs:9:5\nnote: run with `RUST_BACKTRACE=1` environment variable to display a backtrace\n",
      "exit_code": 101,
      "status": "Exception"
    },
    {
      "program": "/// Write a function to find the nth decagonal number.\nfn is_num_decagonal(n: isize) -> isize {\n    let mut i = 1;\n    let mut num = 0;\n    while i <= n {\n        num = i * (3 * i - 1) / 2;\n        i += 1;\n    }\n    num\n}\n\nfn main() {\n    let candidate = is_num_decagonal;\n    assert_eq!(candidate(3), 27);\n    assert_eq!(candidate(7), 175);\n    assert_eq!(candidate(10), 370);\n}\n",
      "timestamp": 1665510609,
      "stdout": "",
      "stderr": "thread 'main' panicked at 'assertion failed: `(left == right)`\n  left: `12`,\n right: `27`', /tmp/tmpjbf7vlkd.rs:14:5\nnote: run with `RUST_BACKTRACE=1` environment variable to display a backtrace\n",
      "exit_code": 101,
      "status": "Exception"
    },
    {
      "program": "/// Write a function to find the nth decagonal number.\nfn is_num_decagonal(n: isize) -> isize {\n    let mut i = 1;\n    let mut num = 1;\n    while i <= n {\n        num = i * (3 * i - 1) / 2;\n        i += 1;\n    }\n    num\n}\n\nfn main() {\n    let candidate = is_num_decagonal;\n    assert_eq!(candidate(3), 27);\n    assert_eq!(candidate(7), 175);\n    assert_eq!(candidate(10), 370);\n}\n",
      "timestamp": 1665510609,
      "stdout": "",
      "stderr": "thread 'main' panicked at 'assertion failed: `(left == right)`\n  left: `12`,\n right: `27`', /tmp/tmpkcf66col.rs:14:5\nnote: run with `RUST_BACKTRACE=1` environment variable to display a backtrace\n",
      "exit_code": 101,
      "status": "Exception"
    },
    {
      "program": "/// Write a function to find the nth decagonal number.\nfn is_num_decagonal(n: isize) -> isize {\n    let mut i = 0;\n    let mut num = 0;\n    while i < n {\n        num += 1;\n        if is_decagonal(num) {\n            i += 1;\n        }\n    }\n    num\n}\n\nfn main() {\n    let candidate = is_num_decagonal;\n    assert_eq!(candidate(3), 27);\n    assert_eq!(candidate(7), 175);\n    assert_eq!(candidate(10), 370);\n}\n",
      "timestamp": 1665510609,
      "stdout": "",
      "stderr": "error[E0425]: cannot find function `is_decagonal` in this scope\n --> /tmp/tmpe69d_7k8.rs:7:12\n  |\n7 |         if is_decagonal(num) {\n  |            ^^^^^^^^^^^^ not found in this scope\n\nerror: aborting due to previous error\n\nFor more information about this error, try `rustc --explain E0425`.\n",
      "exit_code": 1,
      "status": "SyntaxError"
    },
    {
      "program": "/// Write a function to find the nth decagonal number.\nfn is_num_decagonal(n: isize) -> isize {\n    let mut i = 1;\n    let mut num = 0;\n    while num < n {\n        num = i * (3 * i - 1) / 2;\n        i += 1;\n    }\n    num\n}\n\nfn main() {\n    let candidate = is_num_decagonal;\n    assert_eq!(candidate(3), 27);\n    assert_eq!(candidate(7), 175);\n    assert_eq!(candidate(10), 370);\n}\n",
      "timestamp": 1665510609,
      "stdout": "",
      "stderr": "thread 'main' panicked at 'assertion failed: `(left == right)`\n  left: `5`,\n right: `27`', /tmp/tmpj80kznjb.rs:14:5\nnote: run with `RUST_BACKTRACE=1` environment variable to display a backtrace\n",
      "exit_code": 101,
      "status": "Exception"
    },
    {
      "program": "/// Write a function to find the nth decagonal number.\nfn is_num_decagonal(n: isize) -> isize {\n    let mut i = 1;\n    let mut j = 1;\n    while j < n {\n        i += 1;\n        j = i * (3 * i - 1) / 2;\n    }\n    j\n}\n\nfn main() {\n    let candidate = is_num_decagonal;\n    assert_eq!(candidate(3), 27);\n    assert_eq!(candidate(7), 175);\n    assert_eq!(candidate(10), 370);\n}\n",
      "timestamp": 1666123873,
      "stdout": "",
      "stderr": "thread 'main' panicked at 'assertion failed: `(left == right)`\n  left: `5`,\n right: `27`', /tmp/tmproqqyy6v.rs:14:5\nnote: run with `RUST_BACKTRACE=1` environment variable to display a backtrace\n",
      "exit_code": 101,
      "status": "Exception"
    },
    {
      "program": "/// Write a function to find the nth decagonal number.\nfn is_num_decagonal(n: isize) -> isize {\n    let mut i = 1;\n    let mut num = 1;\n    while i < n {\n        num += 3 * i + 1;\n        i += 1;\n    }\n    num\n}\n\nfn main() {\n    let candidate = is_num_decagonal;\n    assert_eq!(candidate(3), 27);\n    assert_eq!(candidate(7), 175);\n    assert_eq!(candidate(10), 370);\n}\n",
      "timestamp": 1665510609,
      "stdout": "",
      "stderr": "thread 'main' panicked at 'assertion failed: `(left == right)`\n  left: `12`,\n right: `27`', /tmp/tmptvtw5fhy.rs:14:5\nnote: run with `RUST_BACKTRACE=1` environment variable to display a backtrace\n",
      "exit_code": 101,
      "status": "Exception"
    },
    {
      "program": "/// Write a function to find the nth decagonal number.\nfn is_num_decagonal(n: isize) -> isize {\n    let mut i = 1;\n    let mut decagonal = 1;\n    while i < n {\n        decagonal += 3 * i + 1;\n        i += 1;\n    }\n    decagonal\n}\n\nfn main() {\n    let candidate = is_num_decagonal;\n    assert_eq!(candidate(3), 27);\n    assert_eq!(candidate(7), 175);\n    assert_eq!(candidate(10), 370);\n}\n",
      "timestamp": 1666123873,
      "stdout": "",
      "stderr": "thread 'main' panicked at 'assertion failed: `(left == right)`\n  left: `12`,\n right: `27`', /tmp/tmp117opmiu.rs:14:5\nnote: run with `RUST_BACKTRACE=1` environment variable to display a backtrace\n",
      "exit_code": 101,
      "status": "Exception"
    },
    {
      "program": "/// Write a function to find the nth decagonal number.\nfn is_num_decagonal(n: isize) -> isize {\n    let mut num = 0;\n    let mut i = 1;\n    while num < n {\n        num = i * (3 * i - 1) / 2;\n        i += 1;\n    }\n    num\n}\n\nfn main() {\n    let candidate = is_num_decagonal;\n    assert_eq!(candidate(3), 27);\n    assert_eq!(candidate(7), 175);\n    assert_eq!(candidate(10), 370);\n}\n",
      "timestamp": 1666123873,
      "stdout": "",
      "stderr": "thread 'main' panicked at 'assertion failed: `(left == right)`\n  left: `5`,\n right: `27`', /tmp/tmpdy2pghbl.rs:14:5\nnote: run with `RUST_BACKTRACE=1` environment variable to display a backtrace\n",
      "exit_code": 101,
      "status": "Exception"
    },
    {
      "program": "/// Write a function to find the nth decagonal number.\nfn is_num_decagonal(n: isize) -> isize {\n    let mut i = 0;\n    let mut num = 0;\n    while i < n {\n        num += 1;\n        if is_decagonal(num) {\n            i += 1;\n        }\n    }\n    num\n}\n\nfn main() {\n    let candidate = is_num_decagonal;\n    assert_eq!(candidate(3), 27);\n    assert_eq!(candidate(7), 175);\n    assert_eq!(candidate(10), 370);\n}\n",
      "timestamp": 1665510609,
      "stdout": "",
      "stderr": "error[E0425]: cannot find function `is_decagonal` in this scope\n --> /tmp/tmpe69d_7k8.rs:7:12\n  |\n7 |         if is_decagonal(num) {\n  |            ^^^^^^^^^^^^ not found in this scope\n\nerror: aborting due to previous error\n\nFor more information about this error, try `rustc --explain E0425`.\n",
      "exit_code": 1,
      "status": "SyntaxError"
    },
    {
      "program": "/// Write a function to find the nth decagonal number.\nfn is_num_decagonal(n: isize) -> isize {\n    let mut i = 0;\n    let mut num = 0;\n    while i < n {\n        num += 1;\n        if is_decagonal(num) {\n            i += 1;\n        }\n    }\n    num\n}\n\nfn main() {\n    let candidate = is_num_decagonal;\n    assert_eq!(candidate(3), 27);\n    assert_eq!(candidate(7), 175);\n    assert_eq!(candidate(10), 370);\n}\n",
      "timestamp": 1665510609,
      "stdout": "",
      "stderr": "error[E0425]: cannot find function `is_decagonal` in this scope\n --> /tmp/tmpe69d_7k8.rs:7:12\n  |\n7 |         if is_decagonal(num) {\n  |            ^^^^^^^^^^^^ not found in this scope\n\nerror: aborting due to previous error\n\nFor more information about this error, try `rustc --explain E0425`.\n",
      "exit_code": 1,
      "status": "SyntaxError"
    },
    {
      "program": "/// Write a function to find the nth decagonal number.\nfn is_num_decagonal(n: isize) -> isize {\n    let mut i = 0;\n    let mut num = 0;\n    while i < n {\n        num += 1;\n        if is_decagonal(num) {\n            i += 1;\n        }\n    }\n    num\n}\n\nfn main() {\n    let candidate = is_num_decagonal;\n    assert_eq!(candidate(3), 27);\n    assert_eq!(candidate(7), 175);\n    assert_eq!(candidate(10), 370);\n}\n",
      "timestamp": 1665510609,
      "stdout": "",
      "stderr": "error[E0425]: cannot find function `is_decagonal` in this scope\n --> /tmp/tmpe69d_7k8.rs:7:12\n  |\n7 |         if is_decagonal(num) {\n  |            ^^^^^^^^^^^^ not found in this scope\n\nerror: aborting due to previous error\n\nFor more information about this error, try `rustc --explain E0425`.\n",
      "exit_code": 1,
      "status": "SyntaxError"
    },
    {
      "program": "/// Write a function to find the nth decagonal number.\nfn is_num_decagonal(n: isize) -> isize {\n    let mut i = 0;\n    let mut num = 0;\n    while i < n {\n        num += 3 * i + 1;\n        i += 1;\n    }\n    num\n}\n\nfn main() {\n    let candidate = is_num_decagonal;\n    assert_eq!(candidate(3), 27);\n    assert_eq!(candidate(7), 175);\n    assert_eq!(candidate(10), 370);\n}\n",
      "timestamp": 1666123873,
      "stdout": "",
      "stderr": "thread 'main' panicked at 'assertion failed: `(left == right)`\n  left: `12`,\n right: `27`', /tmp/tmp1pq9qvea.rs:14:5\nnote: run with `RUST_BACKTRACE=1` environment variable to display a backtrace\n",
      "exit_code": 101,
      "status": "Exception"
    },
    {
      "program": "/// Write a function to find the nth decagonal number.\nfn is_num_decagonal(n: isize) -> isize {\n    let mut i = 1;\n    let mut decagonal = 1;\n    while i < n {\n        decagonal += 3 * i + 2;\n        i += 1;\n    }\n    decagonal\n}\n\nfn main() {\n    let candidate = is_num_decagonal;\n    assert_eq!(candidate(3), 27);\n    assert_eq!(candidate(7), 175);\n    assert_eq!(candidate(10), 370);\n}\n",
      "timestamp": 1666123873,
      "stdout": "",
      "stderr": "thread 'main' panicked at 'assertion failed: `(left == right)`\n  left: `14`,\n right: `27`', /tmp/tmpueaxa22p.rs:14:5\nnote: run with `RUST_BACKTRACE=1` environment variable to display a backtrace\n",
      "exit_code": 101,
      "status": "Exception"
    },
    {
      "program": "/// Write a function to find the nth decagonal number.\nfn is_num_decagonal(n: isize) -> isize {\n    let mut i = 0;\n    let mut decagonal = 0;\n    while decagonal < n {\n        i += 1;\n        decagonal = i * (3 * i - 1) / 2;\n    }\n    decagonal\n}\n\nfn main() {\n    let candidate = is_num_decagonal;\n    assert_eq!(candidate(3), 27);\n    assert_eq!(candidate(7), 175);\n    assert_eq!(candidate(10), 370);\n}\n",
      "timestamp": 1666123873,
      "stdout": "",
      "stderr": "thread 'main' panicked at 'assertion failed: `(left == right)`\n  left: `5`,\n right: `27`', /tmp/tmpxgsca60n.rs:14:5\nnote: run with `RUST_BACKTRACE=1` environment variable to display a backtrace\n",
      "exit_code": 101,
      "status": "Exception"
    },
    {
      "program": "/// Write a function to find the nth decagonal number.\nfn is_num_decagonal(n: isize) -> isize {\n    let mut i = 0;\n    let mut num = 0;\n    while num < n {\n        i += 1;\n        num = i * (3 * i - 1) / 2;\n    }\n    if num == n {\n        return i;\n    }\n    0\n}\n\nfn main() {\n    let candidate = is_num_decagonal;\n    assert_eq!(candidate(3), 27);\n    assert_eq!(candidate(7), 175);\n    assert_eq!(candidate(10), 370);\n}\n",
      "timestamp": 1666123873,
      "stdout": "",
      "stderr": "thread 'main' panicked at 'assertion failed: `(left == right)`\n  left: `0`,\n right: `27`', /tmp/tmpfedc5qx5.rs:17:5\nnote: run with `RUST_BACKTRACE=1` environment variable to display a backtrace\n",
      "exit_code": 101,
      "status": "Exception"
    },
    {
      "program": "/// Write a function to find the nth decagonal number.\nfn is_num_decagonal(n: isize) -> isize {\n    let mut i = 0;\n    let mut j = 0;\n    while i < n {\n        j += 1;\n        i = j * (3 * j - 2);\n    }\n    i\n}\n\nfn main() {\n    let candidate = is_num_decagonal;\n    assert_eq!(candidate(3), 27);\n    assert_eq!(candidate(7), 175);\n    assert_eq!(candidate(10), 370);\n}\n",
      "timestamp": 1666123873,
      "stdout": "",
      "stderr": "thread 'main' panicked at 'assertion failed: `(left == right)`\n  left: `8`,\n right: `27`', /tmp/tmpam19oqzf.rs:14:5\nnote: run with `RUST_BACKTRACE=1` environment variable to display a backtrace\n",
      "exit_code": 101,
      "status": "Exception"
    },
    {
      "program": "/// Write a function to find the nth decagonal number.\nfn is_num_decagonal(n: isize) -> isize {\n    let mut i = 1;\n    let mut num = 0;\n    while i <= n {\n        num = i * (3 * i - 1) / 2;\n        i += 1;\n    }\n    num\n}\n\nfn main() {\n    let candidate = is_num_decagonal;\n    assert_eq!(candidate(3), 27);\n    assert_eq!(candidate(7), 175);\n    assert_eq!(candidate(10), 370);\n}\n",
      "timestamp": 1665510609,
      "stdout": "",
      "stderr": "thread 'main' panicked at 'assertion failed: `(left == right)`\n  left: `12`,\n right: `27`', /tmp/tmpjbf7vlkd.rs:14:5\nnote: run with `RUST_BACKTRACE=1` environment variable to display a backtrace\n",
      "exit_code": 101,
      "status": "Exception"
    },
    {
      "program": "/// Write a function to find the nth decagonal number.\nfn is_num_decagonal(n: isize) -> isize {\n    let mut i = 0;\n    let mut decagonal_num = 0;\n    while decagonal_num < n {\n        i += 1;\n        decagonal_num = i * (3 * i - 2);\n    }\n    decagonal_num\n}\n\nfn main() {\n    let candidate = is_num_decagonal;\n    assert_eq!(candidate(3), 27);\n    assert_eq!(candidate(7), 175);\n    assert_eq!(candidate(10), 370);\n}\n",
      "timestamp": 1666123873,
      "stdout": "",
      "stderr": "thread 'main' panicked at 'assertion failed: `(left == right)`\n  left: `8`,\n right: `27`', /tmp/tmpzo65hrkh.rs:14:5\nnote: run with `RUST_BACKTRACE=1` environment variable to display a backtrace\n",
      "exit_code": 101,
      "status": "Exception"
    },
    {
      "program": "/// Write a function to find the nth decagonal number.\nfn is_num_decagonal(n: isize) -> isize {\n    let mut i = 0;\n    let mut num = 0;\n    while i < n {\n        num += 1;\n        if is_decagonal(num) {\n            i += 1;\n        }\n    }\n    num\n}\n\nfn main() {\n    let candidate = is_num_decagonal;\n    assert_eq!(candidate(3), 27);\n    assert_eq!(candidate(7), 175);\n    assert_eq!(candidate(10), 370);\n}\n",
      "timestamp": 1665510609,
      "stdout": "",
      "stderr": "error[E0425]: cannot find function `is_decagonal` in this scope\n --> /tmp/tmpe69d_7k8.rs:7:12\n  |\n7 |         if is_decagonal(num) {\n  |            ^^^^^^^^^^^^ not found in this scope\n\nerror: aborting due to previous error\n\nFor more information about this error, try `rustc --explain E0425`.\n",
      "exit_code": 1,
      "status": "SyntaxError"
    },
    {
      "program": "/// Write a function to find the nth decagonal number.\nfn is_num_decagonal(n: isize) -> isize {\n    let mut i = 1;\n    let mut num = 0;\n    while i <= n {\n        num += i * 10;\n        i += 1;\n    }\n    num\n}\n\nfn main() {\n    let candidate = is_num_decagonal;\n    assert_eq!(candidate(3), 27);\n    assert_eq!(candidate(7), 175);\n    assert_eq!(candidate(10), 370);\n}\n",
      "timestamp": 1666123873,
      "stdout": "",
      "stderr": "thread 'main' panicked at 'assertion failed: `(left == right)`\n  left: `60`,\n right: `27`', /tmp/tmpkq7kt55t.rs:14:5\nnote: run with `RUST_BACKTRACE=1` environment variable to display a backtrace\n",
      "exit_code": 101,
      "status": "Exception"
    },
    {
      "program": "/// Write a function to find the nth decagonal number.\nfn is_num_decagonal(n: isize) -> isize {\n    let mut i = 0;\n    let mut j = 0;\n    while i < n {\n        j += 1;\n        i += j;\n    }\n    j\n}\n\nfn main() {\n    let candidate = is_num_decagonal;\n    assert_eq!(candidate(3), 27);\n    assert_eq!(candidate(7), 175);\n    assert_eq!(candidate(10), 370);\n}\n",
      "timestamp": 1666123873,
      "stdout": "",
      "stderr": "thread 'main' panicked at 'assertion failed: `(left == right)`\n  left: `2`,\n right: `27`', /tmp/tmpqgtsfj1w.rs:14:5\nnote: run with `RUST_BACKTRACE=1` environment variable to display a backtrace\n",
      "exit_code": 101,
      "status": "Exception"
    },
    {
      "program": "/// Write a function to find the nth decagonal number.\nfn is_num_decagonal(n: isize) -> isize {\n    let mut i = 0;\n    let mut j = 0;\n    while i < n {\n        j += 1;\n        i = j * (3 * j - 1) / 2;\n    }\n    i\n}\n\nfn main() {\n    let candidate = is_num_decagonal;\n    assert_eq!(candidate(3), 27);\n    assert_eq!(candidate(7), 175);\n    assert_eq!(candidate(10), 370);\n}\n",
      "timestamp": 1666123873,
      "stdout": "",
      "stderr": "thread 'main' panicked at 'assertion failed: `(left == right)`\n  left: `5`,\n right: `27`', /tmp/tmpud42glhp.rs:14:5\nnote: run with `RUST_BACKTRACE=1` environment variable to display a backtrace\n",
      "exit_code": 101,
      "status": "Exception"
    },
    {
      "program": "/// Write a function to find the nth decagonal number.\nfn is_num_decagonal(n: isize) -> isize {\n    let mut i = 1;\n    let mut j = 1;\n    while i < n {\n        j += 3 * i + 1;\n        i += 1;\n    }\n    j\n}\n\nfn main() {\n    let candidate = is_num_decagonal;\n    assert_eq!(candidate(3), 27);\n    assert_eq!(candidate(7), 175);\n    assert_eq!(candidate(10), 370);\n}\n",
      "timestamp": 1666123873,
      "stdout": "",
      "stderr": "thread 'main' panicked at 'assertion failed: `(left == right)`\n  left: `12`,\n right: `27`', /tmp/tmpsyp24jp0.rs:14:5\nnote: run with `RUST_BACKTRACE=1` environment variable to display a backtrace\n",
      "exit_code": 101,
      "status": "Exception"
    },
    {
      "program": "/// Write a function to find the nth decagonal number.\nfn is_num_decagonal(n: isize) -> isize {\n    let mut i = 0;\n    let mut num = 0;\n    while i < n {\n        num += 1;\n        if is_decagonal(num) {\n            i += 1;\n        }\n    }\n    num\n}\n\nfn main() {\n    let candidate = is_num_decagonal;\n    assert_eq!(candidate(3), 27);\n    assert_eq!(candidate(7), 175);\n    assert_eq!(candidate(10), 370);\n}\n",
      "timestamp": 1665510609,
      "stdout": "",
      "stderr": "error[E0425]: cannot find function `is_decagonal` in this scope\n --> /tmp/tmpe69d_7k8.rs:7:12\n  |\n7 |         if is_decagonal(num) {\n  |            ^^^^^^^^^^^^ not found in this scope\n\nerror: aborting due to previous error\n\nFor more information about this error, try `rustc --explain E0425`.\n",
      "exit_code": 1,
      "status": "SyntaxError"
    },
    {
      "program": "/// Write a function to find the nth decagonal number.\nfn is_num_decagonal(n: isize) -> isize {\n    let mut i = 0;\n    let mut num = 0;\n    while i < n {\n        num += 1;\n        if is_decagonal(num) {\n            i += 1;\n        }\n    }\n    num\n}\n\nfn main() {\n    let candidate = is_num_decagonal;\n    assert_eq!(candidate(3), 27);\n    assert_eq!(candidate(7), 175);\n    assert_eq!(candidate(10), 370);\n}\n",
      "timestamp": 1665510609,
      "stdout": "",
      "stderr": "error[E0425]: cannot find function `is_decagonal` in this scope\n --> /tmp/tmpe69d_7k8.rs:7:12\n  |\n7 |         if is_decagonal(num) {\n  |            ^^^^^^^^^^^^ not found in this scope\n\nerror: aborting due to previous error\n\nFor more information about this error, try `rustc --explain E0425`.\n",
      "exit_code": 1,
      "status": "SyntaxError"
    },
    {
      "program": "/// Write a function to find the nth decagonal number.\nfn is_num_decagonal(n: isize) -> isize {\n    let mut i = 0;\n    let mut num = 0;\n    while i < n {\n        num += 1;\n        if is_decagonal(num) {\n            i += 1;\n        }\n    }\n    num\n}\n\nfn main() {\n    let candidate = is_num_decagonal;\n    assert_eq!(candidate(3), 27);\n    assert_eq!(candidate(7), 175);\n    assert_eq!(candidate(10), 370);\n}\n",
      "timestamp": 1665510609,
      "stdout": "",
      "stderr": "error[E0425]: cannot find function `is_decagonal` in this scope\n --> /tmp/tmpe69d_7k8.rs:7:12\n  |\n7 |         if is_decagonal(num) {\n  |            ^^^^^^^^^^^^ not found in this scope\n\nerror: aborting due to previous error\n\nFor more information about this error, try `rustc --explain E0425`.\n",
      "exit_code": 1,
      "status": "SyntaxError"
    },
    {
      "program": "/// Write a function to find the nth decagonal number.\nfn is_num_decagonal(n: isize) -> isize {\n    let mut i = 0;\n    let mut num = 0;\n    while i < n {\n        num += 1;\n        if is_decagonal(num) {\n            i += 1;\n        }\n    }\n    num\n}\n\nfn main() {\n    let candidate = is_num_decagonal;\n    assert_eq!(candidate(3), 27);\n    assert_eq!(candidate(7), 175);\n    assert_eq!(candidate(10), 370);\n}\n",
      "timestamp": 1665510609,
      "stdout": "",
      "stderr": "error[E0425]: cannot find function `is_decagonal` in this scope\n --> /tmp/tmpe69d_7k8.rs:7:12\n  |\n7 |         if is_decagonal(num) {\n  |            ^^^^^^^^^^^^ not found in this scope\n\nerror: aborting due to previous error\n\nFor more information about this error, try `rustc --explain E0425`.\n",
      "exit_code": 1,
      "status": "SyntaxError"
    },
    {
      "program": "/// Write a function to find the nth decagonal number.\nfn is_num_decagonal(n: isize) -> isize {\n    let mut i = 1;\n    let mut num = 0;\n    while num < n {\n        num = i * (3 * i - 1) / 2;\n        i += 1;\n    }\n    if num == n {\n        return 1;\n    }\n    0\n}\n\nfn main() {\n    let candidate = is_num_decagonal;\n    assert_eq!(candidate(3), 27);\n    assert_eq!(candidate(7), 175);\n    assert_eq!(candidate(10), 370);\n}\n",
      "timestamp": 1666123873,
      "stdout": "",
      "stderr": "thread 'main' panicked at 'assertion failed: `(left == right)`\n  left: `0`,\n right: `27`', /tmp/tmpqmsnug5s.rs:17:5\nnote: run with `RUST_BACKTRACE=1` environment variable to display a backtrace\n",
      "exit_code": 101,
      "status": "Exception"
    },
    {
      "program": "/// Write a function to find the nth decagonal number.\nfn is_num_decagonal(n: isize) -> isize {\n    let mut i = 0;\n    let mut num = 0;\n    while i < n {\n        num += 1;\n        if is_decagonal(num) {\n            i += 1;\n        }\n    }\n    num\n}\n\nfn main() {\n    let candidate = is_num_decagonal;\n    assert_eq!(candidate(3), 27);\n    assert_eq!(candidate(7), 175);\n    assert_eq!(candidate(10), 370);\n}\n",
      "timestamp": 1665510609,
      "stdout": "",
      "stderr": "error[E0425]: cannot find function `is_decagonal` in this scope\n --> /tmp/tmpe69d_7k8.rs:7:12\n  |\n7 |         if is_decagonal(num) {\n  |            ^^^^^^^^^^^^ not found in this scope\n\nerror: aborting due to previous error\n\nFor more information about this error, try `rustc --explain E0425`.\n",
      "exit_code": 1,
      "status": "SyntaxError"
    },
    {
      "program": "/// Write a function to find the nth decagonal number.\nfn is_num_decagonal(n: isize) -> isize {\n    let mut i = 0;\n    let mut num = 0;\n    while i < n {\n        num += 1;\n        if is_decagonal(num) {\n            i += 1;\n        }\n    }\n    num\n}\n\nfn main() {\n    let candidate = is_num_decagonal;\n    assert_eq!(candidate(3), 27);\n    assert_eq!(candidate(7), 175);\n    assert_eq!(candidate(10), 370);\n}\n",
      "timestamp": 1665510609,
      "stdout": "",
      "stderr": "error[E0425]: cannot find function `is_decagonal` in this scope\n --> /tmp/tmpe69d_7k8.rs:7:12\n  |\n7 |         if is_decagonal(num) {\n  |            ^^^^^^^^^^^^ not found in this scope\n\nerror: aborting due to previous error\n\nFor more information about this error, try `rustc --explain E0425`.\n",
      "exit_code": 1,
      "status": "SyntaxError"
    },
    {
      "program": "/// Write a function to find the nth decagonal number.\nfn is_num_decagonal(n: isize) -> isize {\n    let mut i = 0;\n    let mut num = 0;\n    while i < n {\n        num += 1;\n        if is_decagonal(num) {\n            i += 1;\n        }\n    }\n    num\n}\n\nfn main() {\n    let candidate = is_num_decagonal;\n    assert_eq!(candidate(3), 27);\n    assert_eq!(candidate(7), 175);\n    assert_eq!(candidate(10), 370);\n}\n",
      "timestamp": 1665510609,
      "stdout": "",
      "stderr": "error[E0425]: cannot find function `is_decagonal` in this scope\n --> /tmp/tmpe69d_7k8.rs:7:12\n  |\n7 |         if is_decagonal(num) {\n  |            ^^^^^^^^^^^^ not found in this scope\n\nerror: aborting due to previous error\n\nFor more information about this error, try `rustc --explain E0425`.\n",
      "exit_code": 1,
      "status": "SyntaxError"
    },
    {
      "program": "/// Write a function to find the nth decagonal number.\nfn is_num_decagonal(n: isize) -> isize {\n    let mut i: isize = 0;\n    let mut nth: isize = 0;\n    while nth < n {\n        i += 1;\n        nth = i * (3 * i - 2);\n    }\n    nth\n}\n\nfn main() {\n    let candidate = is_num_decagonal;\n    assert_eq!(candidate(3), 27);\n    assert_eq!(candidate(7), 175);\n    assert_eq!(candidate(10), 370);\n}\n",
      "timestamp": 1666123873,
      "stdout": "",
      "stderr": "thread 'main' panicked at 'assertion failed: `(left == right)`\n  left: `8`,\n right: `27`', /tmp/tmpzbuwos6o.rs:14:5\nnote: run with `RUST_BACKTRACE=1` environment variable to display a backtrace\n",
      "exit_code": 101,
      "status": "Exception"
    },
    {
      "program": "/// Write a function to find the nth decagonal number.\nfn is_num_decagonal(n: isize) -> isize {\n    let mut i = 0;\n    let mut nth_decagonal = 0;\n    loop {\n        nth_decagonal = i * (3 * i - 1) / 2;\n        if nth_decagonal == n {\n            return i;\n        }\n        i += 1;\n    }\n}\n\nfn main() {\n    let candidate = is_num_decagonal;\n    assert_eq!(candidate(3), 27);\n    assert_eq!(candidate(7), 175);\n    assert_eq!(candidate(10), 370);\n}\n",
      "timestamp": 1666123878,
      "stdout": "",
      "stderr": "",
      "exit_code": -1,
      "status": "Timeout"
    },
    {
      "program": "/// Write a function to find the nth decagonal number.\nfn is_num_decagonal(n: isize) -> isize {\n    let n = n as f64;\n    let nth_decagonal = (n * (3.0 * n - 2.0)).round() as isize;\n    nth_decagonal\n}\n\nfn main() {\n    let candidate = is_num_decagonal;\n    assert_eq!(candidate(3), 27);\n    assert_eq!(candidate(7), 175);\n    assert_eq!(candidate(10), 370);\n}\n",
      "timestamp": 1666123873,
      "stdout": "",
      "stderr": "thread 'main' panicked at 'assertion failed: `(left == right)`\n  left: `21`,\n right: `27`', /tmp/tmp0ut3vv39.rs:10:5\nnote: run with `RUST_BACKTRACE=1` environment variable to display a backtrace\n",
      "exit_code": 101,
      "status": "Exception"
    },
    {
      "program": "/// Write a function to find the nth decagonal number.\nfn is_num_decagonal(n: isize) -> isize {\n    let mut i = 1;\n    let mut num = 0;\n    while num < n {\n        num = i * (3 * i - 1) / 2;\n        i += 1;\n    }\n    num\n}\n\nfn main() {\n    let candidate = is_num_decagonal;\n    assert_eq!(candidate(3), 27);\n    assert_eq!(candidate(7), 175);\n    assert_eq!(candidate(10), 370);\n}\n",
      "timestamp": 1665510609,
      "stdout": "",
      "stderr": "thread 'main' panicked at 'assertion failed: `(left == right)`\n  left: `5`,\n right: `27`', /tmp/tmpj80kznjb.rs:14:5\nnote: run with `RUST_BACKTRACE=1` environment variable to display a backtrace\n",
      "exit_code": 101,
      "status": "Exception"
    },
    {
      "program": "/// Write a function to find the nth decagonal number.\nfn is_num_decagonal(n: isize) -> isize {\n    let mut i = 0;\n    let mut num = 0;\n    while num < n {\n        i += 1;\n        num = i * (3 * i - 1) / 2;\n    }\n    if num == n {\n        return i;\n    }\n    return 0;\n}\n\nfn main() {\n    let candidate = is_num_decagonal;\n    assert_eq!(candidate(3), 27);\n    assert_eq!(candidate(7), 175);\n    assert_eq!(candidate(10), 370);\n}\n",
      "timestamp": 1666123873,
      "stdout": "",
      "stderr": "thread 'main' panicked at 'assertion failed: `(left == right)`\n  left: `0`,\n right: `27`', /tmp/tmp9mr_ks03.rs:17:5\nnote: run with `RUST_BACKTRACE=1` environment variable to display a backtrace\n",
      "exit_code": 101,
      "status": "Exception"
    },
    {
      "program": "/// Write a function to find the nth decagonal number.\nfn is_num_decagonal(n: isize) -> isize {\n    let mut i = 0;\n    let mut count = 0;\n    while count < n {\n        i += 1;\n        if is_decagonal(i) {\n            count += 1;\n        }\n    }\n    i\n}\n\nfn main() {\n    let candidate = is_num_decagonal;\n    assert_eq!(candidate(3), 27);\n    assert_eq!(candidate(7), 175);\n    assert_eq!(candidate(10), 370);\n}\n",
      "timestamp": 1666123873,
      "stdout": "",
      "stderr": "error[E0425]: cannot find function `is_decagonal` in this scope\n --> /tmp/tmpdtoc8uoq.rs:7:12\n  |\n7 |         if is_decagonal(i) {\n  |            ^^^^^^^^^^^^ not found in this scope\n\nerror: aborting due to previous error\n\nFor more information about this error, try `rustc --explain E0425`.\n",
      "exit_code": 1,
      "status": "SyntaxError"
    },
    {
      "program": "/// Write a function to find the nth decagonal number.\nfn is_num_decagonal(n: isize) -> isize {\n    let mut i = 0;\n    let mut num = 0;\n    while i < n {\n        num += 1;\n        if is_decagonal(num) {\n            i += 1;\n        }\n    }\n    num\n}\n\nfn main() {\n    let candidate = is_num_decagonal;\n    assert_eq!(candidate(3), 27);\n    assert_eq!(candidate(7), 175);\n    assert_eq!(candidate(10), 370);\n}\n",
      "timestamp": 1665510609,
      "stdout": "",
      "stderr": "error[E0425]: cannot find function `is_decagonal` in this scope\n --> /tmp/tmpe69d_7k8.rs:7:12\n  |\n7 |         if is_decagonal(num) {\n  |            ^^^^^^^^^^^^ not found in this scope\n\nerror: aborting due to previous error\n\nFor more information about this error, try `rustc --explain E0425`.\n",
      "exit_code": 1,
      "status": "SyntaxError"
    },
    {
      "program": "/// Write a function to find the nth decagonal number.\nfn is_num_decagonal(n: isize) -> isize {\n    let mut i = 0;\n    let mut num = 0;\n    while i < n {\n        num += 1;\n        if is_decagonal(num) {\n            i += 1;\n        }\n    }\n    num\n}\n\nfn main() {\n    let candidate = is_num_decagonal;\n    assert_eq!(candidate(3), 27);\n    assert_eq!(candidate(7), 175);\n    assert_eq!(candidate(10), 370);\n}\n",
      "timestamp": 1665510609,
      "stdout": "",
      "stderr": "error[E0425]: cannot find function `is_decagonal` in this scope\n --> /tmp/tmpe69d_7k8.rs:7:12\n  |\n7 |         if is_decagonal(num) {\n  |            ^^^^^^^^^^^^ not found in this scope\n\nerror: aborting due to previous error\n\nFor more information about this error, try `rustc --explain E0425`.\n",
      "exit_code": 1,
      "status": "SyntaxError"
    },
    {
      "program": "/// Write a function to find the nth decagonal number.\nfn is_num_decagonal(n: isize) -> isize {\n    let mut i = 1;\n    let mut num = 1;\n    while i < n {\n        num += 3;\n        if is_pentagonal(num) && is_hexagonal(num) {\n            i += 1;\n        }\n    }\n    num\n}\n\nfn main() {\n    let candidate = is_num_decagonal;\n    assert_eq!(candidate(3), 27);\n    assert_eq!(candidate(7), 175);\n    assert_eq!(candidate(10), 370);\n}\n",
      "timestamp": 1666123873,
      "stdout": "",
      "stderr": "error[E0425]: cannot find function `is_pentagonal` in this scope\n --> /tmp/tmpg6hbv2j6.rs:7:12\n  |\n7 |         if is_pentagonal(num) && is_hexagonal(num) {\n  |            ^^^^^^^^^^^^^ not found in this scope\n\nerror[E0425]: cannot find function `is_hexagonal` in this scope\n --> /tmp/tmpg6hbv2j6.rs:7:34\n  |\n7 |         if is_pentagonal(num) && is_hexagonal(num) {\n  |                                  ^^^^^^^^^^^^ not found in this scope\n\nerror: aborting due to 2 previous errors\n\nFor more information about this error, try `rustc --explain E0425`.\n",
      "exit_code": 1,
      "status": "SyntaxError"
    },
    {
      "program": "/// Write a function to find the nth decagonal number.\nfn is_num_decagonal(n: isize) -> isize {\n    let mut i = 1;\n    let mut num = 1;\n    while i < n {\n        num += 3 * i + 1;\n        i += 1;\n    }\n    num\n}\n\nfn main() {\n    let candidate = is_num_decagonal;\n    assert_eq!(candidate(3), 27);\n    assert_eq!(candidate(7), 175);\n    assert_eq!(candidate(10), 370);\n}\n",
      "timestamp": 1665510609,
      "stdout": "",
      "stderr": "thread 'main' panicked at 'assertion failed: `(left == right)`\n  left: `12`,\n right: `27`', /tmp/tmptvtw5fhy.rs:14:5\nnote: run with `RUST_BACKTRACE=1` environment variable to display a backtrace\n",
      "exit_code": 101,
      "status": "Exception"
    },
    {
      "program": "/// Write a function to find the nth decagonal number.\nfn is_num_decagonal(n: isize) -> isize {\n    let mut i = 0;\n    loop {\n        let num = i * (3 * i - 1) / 2;\n        if num == n {\n            return i;\n        }\n        if num > n {\n            return -1;\n        }\n        i += 1;\n    }\n}\n\nfn main() {\n    let candidate = is_num_decagonal;\n    assert_eq!(candidate(3), 27);\n    assert_eq!(candidate(7), 175);\n    assert_eq!(candidate(10), 370);\n}\n",
      "timestamp": 1665510609,
      "stdout": "",
      "stderr": "thread 'main' panicked at 'assertion failed: `(left == right)`\n  left: `-1`,\n right: `27`', /tmp/tmpxo386y6f.rs:18:5\nnote: run with `RUST_BACKTRACE=1` environment variable to display a backtrace\n",
      "exit_code": 101,
      "status": "Exception"
    },
    {
      "program": "/// Write a function to find the nth decagonal number.\nfn is_num_decagonal(n: isize) -> isize {\n    let mut i = 1;\n    let mut num = 0;\n    while num < n {\n        num = i * (3 * i - 1) / 2;\n        i += 1;\n    }\n    num\n}\n\nfn main() {\n    let candidate = is_num_decagonal;\n    assert_eq!(candidate(3), 27);\n    assert_eq!(candidate(7), 175);\n    assert_eq!(candidate(10), 370);\n}\n",
      "timestamp": 1665510609,
      "stdout": "",
      "stderr": "thread 'main' panicked at 'assertion failed: `(left == right)`\n  left: `5`,\n right: `27`', /tmp/tmpj80kznjb.rs:14:5\nnote: run with `RUST_BACKTRACE=1` environment variable to display a backtrace\n",
      "exit_code": 101,
      "status": "Exception"
    },
    {
      "program": "/// Write a function to find the nth decagonal number.\nfn is_num_decagonal(n: isize) -> isize {\n    let mut i = 1;\n    let mut num = 1;\n    while i < n {\n        num += 3 * i + 1;\n        i += 1;\n    }\n    num\n}\n\nfn main() {\n    let candidate = is_num_decagonal;\n    assert_eq!(candidate(3), 27);\n    assert_eq!(candidate(7), 175);\n    assert_eq!(candidate(10), 370);\n}\n",
      "timestamp": 1665510609,
      "stdout": "",
      "stderr": "thread 'main' panicked at 'assertion failed: `(left == right)`\n  left: `12`,\n right: `27`', /tmp/tmptvtw5fhy.rs:14:5\nnote: run with `RUST_BACKTRACE=1` environment variable to display a backtrace\n",
      "exit_code": 101,
      "status": "Exception"
    },
    {
      "program": "/// Write a function to find the nth decagonal number.\nfn is_num_decagonal(n: isize) -> isize {\n    let mut i = 0;\n    let mut j = 0;\n    let mut k = 0;\n    let mut l = 0;\n    let mut m = 0;\n    let mut n = 0;\n    let mut o = 0;\n    let mut p = 0;\n    let mut q = 0;\n    let mut r = 0;\n    let mut s = 0;\n    let mut t = 0;\n    let mut u = 0;\n    let mut v = 0;\n    let mut w = 0;\n    let mut x = 0;\n    let mut y = 0;\n    let mut z = 0;\n    let mut aa = 0;\n    let mut bb = 0;\n    let mut cc = 0;\n    let mut dd = 0;\n    let mut ee = 0;\n    let mut ff = 0;\n    let mut gg = 0;\n    let mut hh = 0;\n    let mut ii = 0;\n    let mut jj = 0;\n    let mut kk = 0;\n    let mut ll = 0;\n    let mut mm = 0;\n    let mut nn = 0;\n    let mut oo = 0;\n    let mut pp = 0;\n    let mut qq = 0;\n    let mut rr = 0;\n    let mut ss = 0;\n    let mut tt = 0;\n    let mut uu = 0;\n    let mut vv = 0;\n    let mut ww = 0;\n    let mut xx = 0;\n    let mut yy = 0;\n    let mut zz = 0;\n    let mut aaa = 0;\n    let mut bbb = 0;\n    let mut ccc = 0;\n    let mut ddd = 0;\n    let mut eee = 0;\n    let mut fff = 0;\n    let mut ggg = 0;\n    let mut hhh = 0;\n    let mut iii = 0;\n    let mut jjj = 0;\n    let mut kkk = 0;\n    let mut lll = 0;\n    let mut mmm = 0;\n    let mut nnn = 0;\n    let mut ooo = 0;\n    let mut ppp = 0;\n}\n\nfn main() {\n    let candidate = is_num_decagonal;\n    assert_eq!(candidate(3), 27);\n    assert_eq!(candidate(7), 175);\n    assert_eq!(candidate(10), 370);\n}\n",
      "timestamp": 1666123873,
      "stdout": "",
      "stderr": "error[E0308]: mismatched types\n --> /tmp/tmprx3afs97.rs:2:34\n  |\n2 | fn is_num_decagonal(n: isize) -> isize {\n  |    ----------------              ^^^^^ expected `isize`, found `()`\n  |    |\n  |    implicitly returns `()` as its body has no tail or `return` expression\n\nerror: aborting due to previous error\n\nFor more information about this error, try `rustc --explain E0308`.\n",
      "exit_code": 1,
      "status": "SyntaxError"
    },
    {
      "program": "/// Write a function to find the nth decagonal number.\nfn is_num_decagonal(n: isize) -> isize {\n    let mut i = 0;\n    let mut num = 0;\n    while i < n {\n        num += 1;\n        if is_decagonal(num) {\n            i += 1;\n        }\n    }\n    num\n}\n\nfn main() {\n    let candidate = is_num_decagonal;\n    assert_eq!(candidate(3), 27);\n    assert_eq!(candidate(7), 175);\n    assert_eq!(candidate(10), 370);\n}\n",
      "timestamp": 1665510609,
      "stdout": "",
      "stderr": "error[E0425]: cannot find function `is_decagonal` in this scope\n --> /tmp/tmpe69d_7k8.rs:7:12\n  |\n7 |         if is_decagonal(num) {\n  |            ^^^^^^^^^^^^ not found in this scope\n\nerror: aborting due to previous error\n\nFor more information about this error, try `rustc --explain E0425`.\n",
      "exit_code": 1,
      "status": "SyntaxError"
    },
    {
      "program": "/// Write a function to find the nth decagonal number.\nfn is_num_decagonal(n: isize) -> isize {\n    let mut i = 1;\n    let mut decagonal = 1;\n    while i < n {\n        i += 1;\n        decagonal += 3 * i - 2;\n    }\n    decagonal\n}\n\nfn main() {\n    let candidate = is_num_decagonal;\n    assert_eq!(candidate(3), 27);\n    assert_eq!(candidate(7), 175);\n    assert_eq!(candidate(10), 370);\n}\n",
      "timestamp": 1666123873,
      "stdout": "",
      "stderr": "thread 'main' panicked at 'assertion failed: `(left == right)`\n  left: `12`,\n right: `27`', /tmp/tmp9cbd2yez.rs:14:5\nnote: run with `RUST_BACKTRACE=1` environment variable to display a backtrace\n",
      "exit_code": 101,
      "status": "Exception"
    },
    {
      "program": "/// Write a function to find the nth decagonal number.\nfn is_num_decagonal(n: isize) -> isize {\n    let mut i = 0;\n    let mut j = 0;\n    let mut k = 0;\n    let mut l = 0;\n    let mut m = 0;\n    let mut n = 0;\n    let mut o = 0;\n    let mut p = 0;\n    let mut q = 0;\n    let mut r = 0;\n    let mut s = 0;\n    let mut t = 0;\n    let mut u = 0;\n    let mut v = 0;\n    let mut w = 0;\n    let mut x = 0;\n    let mut y = 0;\n    let mut z = 0;\n    let mut aa = 0;\n    let mut bb = 0;\n    let mut cc = 0;\n    let mut dd = 0;\n    let mut ee = 0;\n    let mut ff = 0;\n    let mut gg = 0;\n    let mut hh = 0;\n    let mut ii = 0;\n    let mut jj = 0;\n    let mut kk = 0;\n    let mut ll = 0;\n    let mut mm = 0;\n    let mut nn = 0;\n    let mut oo = 0;\n    let mut pp = 0;\n    let mut qq = 0;\n    let mut rr = 0;\n    let mut ss = 0;\n    let mut tt = 0;\n    let mut uu = 0;\n    let mut vv = 0;\n    let mut ww = 0;\n    let mut xx = 0;\n    let mut yy = 0;\n    let mut zz = 0;\n    let mut aaa = 0;\n    let mut bbb = 0;\n    let mut ccc = 0;\n    let mut ddd = 0;\n    let mut eee = 0;\n    let mut fff = 0;\n    let mut ggg = 0;\n    let mut hhh = 0;\n    let mut iii = 0;\n    let mut jjj = 0;\n    let mut kkk = 0;\n    let mut lll = 0;\n    let mut mmm = 0;\n    let mut nnn = 0;\n    let mut ooo = 0;\n    let mut ppp = 0;\n}\n\nfn main() {\n    let candidate = is_num_decagonal;\n    assert_eq!(candidate(3), 27);\n    assert_eq!(candidate(7), 175);\n    assert_eq!(candidate(10), 370);\n}\n",
      "timestamp": 1666123873,
      "stdout": "",
      "stderr": "error[E0308]: mismatched types\n --> /tmp/tmprx3afs97.rs:2:34\n  |\n2 | fn is_num_decagonal(n: isize) -> isize {\n  |    ----------------              ^^^^^ expected `isize`, found `()`\n  |    |\n  |    implicitly returns `()` as its body has no tail or `return` expression\n\nerror: aborting due to previous error\n\nFor more information about this error, try `rustc --explain E0308`.\n",
      "exit_code": 1,
      "status": "SyntaxError"
    },
    {
      "program": "/// Write a function to find the nth decagonal number.\nfn is_num_decagonal(n: isize) -> isize {\n    let mut i = 0;\n    let mut nth = 0;\n    loop {\n        i += 1;\n        nth = i * (3 * i - 1) / 2;\n        if nth == n {\n            return i;\n        }\n        if nth > n {\n            return 0;\n        }\n    }\n}\n\nfn main() {\n    let candidate = is_num_decagonal;\n    assert_eq!(candidate(3), 27);\n    assert_eq!(candidate(7), 175);\n    assert_eq!(candidate(10), 370);\n}\n",
      "timestamp": 1666123873,
      "stdout": "",
      "stderr": "thread 'main' panicked at 'assertion failed: `(left == right)`\n  left: `0`,\n right: `27`', /tmp/tmp8ipiwzph.rs:19:5\nnote: run with `RUST_BACKTRACE=1` environment variable to display a backtrace\n",
      "exit_code": 101,
      "status": "Exception"
    },
    {
      "program": "/// Write a function to find the nth decagonal number.\nfn is_num_decagonal(n: isize) -> isize {\n    let mut i = 1;\n    let mut j = 1;\n    while i < n {\n        j += 3 * i + 1;\n        i += 1;\n    }\n    j\n}\n\nfn main() {\n    let candidate = is_num_decagonal;\n    assert_eq!(candidate(3), 27);\n    assert_eq!(candidate(7), 175);\n    assert_eq!(candidate(10), 370);\n}\n",
      "timestamp": 1666123873,
      "stdout": "",
      "stderr": "thread 'main' panicked at 'assertion failed: `(left == right)`\n  left: `12`,\n right: `27`', /tmp/tmpsyp24jp0.rs:14:5\nnote: run with `RUST_BACKTRACE=1` environment variable to display a backtrace\n",
      "exit_code": 101,
      "status": "Exception"
    },
    {
      "program": "/// Write a function to find the nth decagonal number.\nfn is_num_decagonal(n: isize) -> isize {\n    let mut i = 1;\n    let mut decagonal = 1;\n    while i < n {\n        decagonal = decagonal + 3 * i + 1;\n        i += 1;\n    }\n    decagonal\n}\n\nfn main() {\n    let candidate = is_num_decagonal;\n    assert_eq!(candidate(3), 27);\n    assert_eq!(candidate(7), 175);\n    assert_eq!(candidate(10), 370);\n}\n",
      "timestamp": 1666123873,
      "stdout": "",
      "stderr": "thread 'main' panicked at 'assertion failed: `(left == right)`\n  left: `12`,\n right: `27`', /tmp/tmptyrsv6a2.rs:14:5\nnote: run with `RUST_BACKTRACE=1` environment variable to display a backtrace\n",
      "exit_code": 101,
      "status": "Exception"
    },
    {
      "program": "/// Write a function to find the nth decagonal number.\nfn is_num_decagonal(n: isize) -> isize {\n    let mut i = 1;\n    let mut num = 0;\n    while num < n {\n        num = i * (3 * i - 1) / 2;\n        i += 1;\n    }\n    if num == n {\n        num\n    } else {\n        0\n    }\n}\n\nfn main() {\n    let candidate = is_num_decagonal;\n    assert_eq!(candidate(3), 27);\n    assert_eq!(candidate(7), 175);\n    assert_eq!(candidate(10), 370);\n}\n",
      "timestamp": 1666123873,
      "stdout": "",
      "stderr": "thread 'main' panicked at 'assertion failed: `(left == right)`\n  left: `0`,\n right: `27`', /tmp/tmp_p9e_iu3.rs:18:5\nnote: run with `RUST_BACKTRACE=1` environment variable to display a backtrace\n",
      "exit_code": 101,
      "status": "Exception"
    },
    {
      "program": "/// Write a function to find the nth decagonal number.\nfn is_num_decagonal(n: isize) -> isize {\n    let mut i = 1;\n    let mut num = 1;\n    while i < n {\n        num += 3 * i + 1;\n        i += 1;\n    }\n    num\n}\n\nfn main() {\n    let candidate = is_num_decagonal;\n    assert_eq!(candidate(3), 27);\n    assert_eq!(candidate(7), 175);\n    assert_eq!(candidate(10), 370);\n}\n",
      "timestamp": 1665510609,
      "stdout": "",
      "stderr": "thread 'main' panicked at 'assertion failed: `(left == right)`\n  left: `12`,\n right: `27`', /tmp/tmptvtw5fhy.rs:14:5\nnote: run with `RUST_BACKTRACE=1` environment variable to display a backtrace\n",
      "exit_code": 101,
      "status": "Exception"
    },
    {
      "program": "/// Write a function to find the nth decagonal number.\nfn is_num_decagonal(n: isize) -> isize {\n    let mut num = 0;\n    let mut i = 1;\n    while num < n {\n        num = i * (3 * i - 1) / 2;\n        i += 1;\n    }\n    num\n}\n\nfn main() {\n    let candidate = is_num_decagonal;\n    assert_eq!(candidate(3), 27);\n    assert_eq!(candidate(7), 175);\n    assert_eq!(candidate(10), 370);\n}\n",
      "timestamp": 1666123873,
      "stdout": "",
      "stderr": "thread 'main' panicked at 'assertion failed: `(left == right)`\n  left: `5`,\n right: `27`', /tmp/tmpdy2pghbl.rs:14:5\nnote: run with `RUST_BACKTRACE=1` environment variable to display a backtrace\n",
      "exit_code": 101,
      "status": "Exception"
    },
    {
      "program": "/// Write a function to find the nth decagonal number.\nfn is_num_decagonal(n: isize) -> isize {\n    let mut i = 1;\n    let mut num = 1;\n    while i < n {\n        num += 3;\n        if is_pentagonal(num) && is_hexagonal(num) {\n            i += 1;\n        }\n    }\n    num\n}\n\nfn main() {\n    let candidate = is_num_decagonal;\n    assert_eq!(candidate(3), 27);\n    assert_eq!(candidate(7), 175);\n    assert_eq!(candidate(10), 370);\n}\n",
      "timestamp": 1666123873,
      "stdout": "",
      "stderr": "error[E0425]: cannot find function `is_pentagonal` in this scope\n --> /tmp/tmpg6hbv2j6.rs:7:12\n  |\n7 |         if is_pentagonal(num) && is_hexagonal(num) {\n  |            ^^^^^^^^^^^^^ not found in this scope\n\nerror[E0425]: cannot find function `is_hexagonal` in this scope\n --> /tmp/tmpg6hbv2j6.rs:7:34\n  |\n7 |         if is_pentagonal(num) && is_hexagonal(num) {\n  |                                  ^^^^^^^^^^^^ not found in this scope\n\nerror: aborting due to 2 previous errors\n\nFor more information about this error, try `rustc --explain E0425`.\n",
      "exit_code": 1,
      "status": "SyntaxError"
    },
    {
      "program": "/// Write a function to find the nth decagonal number.\nfn is_num_decagonal(n: isize) -> isize {\n    let mut i = 0;\n    let mut j = 1;\n    while i < n {\n        j += 1;\n        if is_decagonal(j) {\n            i += 1;\n        }\n    }\n    j\n}\n\nfn main() {\n    let candidate = is_num_decagonal;\n    assert_eq!(candidate(3), 27);\n    assert_eq!(candidate(7), 175);\n    assert_eq!(candidate(10), 370);\n}\n",
      "timestamp": 1666123873,
      "stdout": "",
      "stderr": "error[E0425]: cannot find function `is_decagonal` in this scope\n --> /tmp/tmp06c6dc6u.rs:7:12\n  |\n7 |         if is_decagonal(j) {\n  |            ^^^^^^^^^^^^ not found in this scope\n\nerror: aborting due to previous error\n\nFor more information about this error, try `rustc --explain E0425`.\n",
      "exit_code": 1,
      "status": "SyntaxError"
    },
    {
      "program": "/// Write a function to find the nth decagonal number.\nfn is_num_decagonal(n: isize) -> isize {\n    let mut i = 0;\n    let mut num = 0;\n    while i < n {\n        i += 1;\n        num = i * (3 * i - 1) / 2;\n    }\n    num\n}\n\nfn main() {\n    let candidate = is_num_decagonal;\n    assert_eq!(candidate(3), 27);\n    assert_eq!(candidate(7), 175);\n    assert_eq!(candidate(10), 370);\n}\n",
      "timestamp": 1666123873,
      "stdout": "",
      "stderr": "thread 'main' panicked at 'assertion failed: `(left == right)`\n  left: `12`,\n right: `27`', /tmp/tmpru5dn6dr.rs:14:5\nnote: run with `RUST_BACKTRACE=1` environment variable to display a backtrace\n",
      "exit_code": 101,
      "status": "Exception"
    },
    {
      "program": "/// Write a function to find the nth decagonal number.\nfn is_num_decagonal(n: isize) -> isize {\n    let mut i = 1;\n    let mut num = 1;\n    while i < n {\n        num += 3 * i + 2;\n        i += 1;\n    }\n    num\n}\n\nfn main() {\n    let candidate = is_num_decagonal;\n    assert_eq!(candidate(3), 27);\n    assert_eq!(candidate(7), 175);\n    assert_eq!(candidate(10), 370);\n}\n",
      "timestamp": 1666123874,
      "stdout": "",
      "stderr": "thread 'main' panicked at 'assertion failed: `(left == right)`\n  left: `14`,\n right: `27`', /tmp/tmpucqzebh3.rs:14:5\nnote: run with `RUST_BACKTRACE=1` environment variable to display a backtrace\n",
      "exit_code": 101,
      "status": "Exception"
    },
    {
      "program": "/// Write a function to find the nth decagonal number.\nfn is_num_decagonal(n: isize) -> isize {\n    let mut i = 1;\n    let mut num = 1;\n    while i < n {\n        num += 3 * i + 1;\n        i += 1;\n    }\n    num\n}\n\nfn main() {\n    let candidate = is_num_decagonal;\n    assert_eq!(candidate(3), 27);\n    assert_eq!(candidate(7), 175);\n    assert_eq!(candidate(10), 370);\n}\n",
      "timestamp": 1665510609,
      "stdout": "",
      "stderr": "thread 'main' panicked at 'assertion failed: `(left == right)`\n  left: `12`,\n right: `27`', /tmp/tmptvtw5fhy.rs:14:5\nnote: run with `RUST_BACKTRACE=1` environment variable to display a backtrace\n",
      "exit_code": 101,
      "status": "Exception"
    },
    {
      "program": "/// Write a function to find the nth decagonal number.\nfn is_num_decagonal(n: isize) -> isize {\n    let mut i = 0;\n    loop {\n        i += 1;\n        let num = i * (3 * i - 2);\n        if num == n {\n            return i;\n        }\n        if num > n {\n            return 0;\n        }\n    }\n}\n\nfn main() {\n    let candidate = is_num_decagonal;\n    assert_eq!(candidate(3), 27);\n    assert_eq!(candidate(7), 175);\n    assert_eq!(candidate(10), 370);\n}\n",
      "timestamp": 1666123874,
      "stdout": "",
      "stderr": "thread 'main' panicked at 'assertion failed: `(left == right)`\n  left: `0`,\n right: `27`', /tmp/tmpfvjdjfwy.rs:18:5\nnote: run with `RUST_BACKTRACE=1` environment variable to display a backtrace\n",
      "exit_code": 101,
      "status": "Exception"
    },
    {
      "program": "/// Write a function to find the nth decagonal number.\nfn is_num_decagonal(n: isize) -> isize {\n    let mut i = 0;\n    let mut num = 0;\n    while i < n {\n        num += 1;\n        if is_decagonal(num) {\n            i += 1;\n        }\n    }\n    num\n}\n\nfn main() {\n    let candidate = is_num_decagonal;\n    assert_eq!(candidate(3), 27);\n    assert_eq!(candidate(7), 175);\n    assert_eq!(candidate(10), 370);\n}\n",
      "timestamp": 1665510609,
      "stdout": "",
      "stderr": "error[E0425]: cannot find function `is_decagonal` in this scope\n --> /tmp/tmpe69d_7k8.rs:7:12\n  |\n7 |         if is_decagonal(num) {\n  |            ^^^^^^^^^^^^ not found in this scope\n\nerror: aborting due to previous error\n\nFor more information about this error, try `rustc --explain E0425`.\n",
      "exit_code": 1,
      "status": "SyntaxError"
    },
    {
      "program": "/// Write a function to find the nth decagonal number.\nfn is_num_decagonal(n: isize) -> isize {\n    let mut i = 0;\n    let mut num = 0;\n    while i < n {\n        i += 1;\n        num += i * 10;\n    }\n    num\n}\n\nfn main() {\n    let candidate = is_num_decagonal;\n    assert_eq!(candidate(3), 27);\n    assert_eq!(candidate(7), 175);\n    assert_eq!(candidate(10), 370);\n}\n",
      "timestamp": 1666123874,
      "stdout": "",
      "stderr": "thread 'main' panicked at 'assertion failed: `(left == right)`\n  left: `60`,\n right: `27`', /tmp/tmpnlzcags7.rs:14:5\nnote: run with `RUST_BACKTRACE=1` environment variable to display a backtrace\n",
      "exit_code": 101,
      "status": "Exception"
    },
    {
      "program": "/// Write a function to find the nth decagonal number.\nfn is_num_decagonal(n: isize) -> isize {\n    let mut i = 1;\n    let mut result = 0;\n    while result < n {\n        result = i * (3 * i - 1) / 2;\n        i += 1;\n    }\n    if result == n {\n        return i - 1;\n    }\n    return 0;\n}\n\nfn main() {\n    let candidate = is_num_decagonal;\n    assert_eq!(candidate(3), 27);\n    assert_eq!(candidate(7), 175);\n    assert_eq!(candidate(10), 370);\n}\n",
      "timestamp": 1666123874,
      "stdout": "",
      "stderr": "thread 'main' panicked at 'assertion failed: `(left == right)`\n  left: `0`,\n right: `27`', /tmp/tmphenbjrs7.rs:17:5\nnote: run with `RUST_BACKTRACE=1` environment variable to display a backtrace\n",
      "exit_code": 101,
      "status": "Exception"
    },
    {
      "program": "/// Write a function to find the nth decagonal number.\nfn is_num_decagonal(n: isize) -> isize {\n    let mut i = 0;\n    let mut num = 0;\n    while i < n {\n        num += 1;\n        if is_decagonal(num) {\n            i += 1;\n        }\n    }\n    num\n}\n\nfn main() {\n    let candidate = is_num_decagonal;\n    assert_eq!(candidate(3), 27);\n    assert_eq!(candidate(7), 175);\n    assert_eq!(candidate(10), 370);\n}\n",
      "timestamp": 1665510609,
      "stdout": "",
      "stderr": "error[E0425]: cannot find function `is_decagonal` in this scope\n --> /tmp/tmpe69d_7k8.rs:7:12\n  |\n7 |         if is_decagonal(num) {\n  |            ^^^^^^^^^^^^ not found in this scope\n\nerror: aborting due to previous error\n\nFor more information about this error, try `rustc --explain E0425`.\n",
      "exit_code": 1,
      "status": "SyntaxError"
    },
    {
      "program": "/// Write a function to find the nth decagonal number.\nfn is_num_decagonal(n: isize) -> isize {\n    let mut i = 1;\n    let mut num = 1;\n    while i < n {\n        num += 3;\n        if is_pentagonal(num) && is_hexagonal(num) {\n            i += 1;\n        }\n    }\n    num\n}\n\nfn main() {\n    let candidate = is_num_decagonal;\n    assert_eq!(candidate(3), 27);\n    assert_eq!(candidate(7), 175);\n    assert_eq!(candidate(10), 370);\n}\n",
      "timestamp": 1666123873,
      "stdout": "",
      "stderr": "error[E0425]: cannot find function `is_pentagonal` in this scope\n --> /tmp/tmpg6hbv2j6.rs:7:12\n  |\n7 |         if is_pentagonal(num) && is_hexagonal(num) {\n  |            ^^^^^^^^^^^^^ not found in this scope\n\nerror[E0425]: cannot find function `is_hexagonal` in this scope\n --> /tmp/tmpg6hbv2j6.rs:7:34\n  |\n7 |         if is_pentagonal(num) && is_hexagonal(num) {\n  |                                  ^^^^^^^^^^^^ not found in this scope\n\nerror: aborting due to 2 previous errors\n\nFor more information about this error, try `rustc --explain E0425`.\n",
      "exit_code": 1,
      "status": "SyntaxError"
    },
    {
      "program": "/// Write a function to find the nth decagonal number.\nfn is_num_decagonal(n: isize) -> isize {\n    let mut i = 0;\n    let mut num = 0;\n    while i < n {\n        i += 1;\n        num = i * (3 * i - 1) / 2;\n    }\n    num\n}\n\nfn main() {\n    let candidate = is_num_decagonal;\n    assert_eq!(candidate(3), 27);\n    assert_eq!(candidate(7), 175);\n    assert_eq!(candidate(10), 370);\n}\n",
      "timestamp": 1666123873,
      "stdout": "",
      "stderr": "thread 'main' panicked at 'assertion failed: `(left == right)`\n  left: `12`,\n right: `27`', /tmp/tmpru5dn6dr.rs:14:5\nnote: run with `RUST_BACKTRACE=1` environment variable to display a backtrace\n",
      "exit_code": 101,
      "status": "Exception"
    },
    {
      "program": "/// Write a function to find the nth decagonal number.\nfn is_num_decagonal(n: isize) -> isize {\n    let mut i = 0;\n    let mut num = 0;\n    while i < n {\n        i += 1;\n        num = i * (3 * i - 1) / 2;\n    }\n    num\n}\n\nfn main() {\n    let candidate = is_num_decagonal;\n    assert_eq!(candidate(3), 27);\n    assert_eq!(candidate(7), 175);\n    assert_eq!(candidate(10), 370);\n}\n",
      "timestamp": 1666123873,
      "stdout": "",
      "stderr": "thread 'main' panicked at 'assertion failed: `(left == right)`\n  left: `12`,\n right: `27`', /tmp/tmpru5dn6dr.rs:14:5\nnote: run with `RUST_BACKTRACE=1` environment variable to display a backtrace\n",
      "exit_code": 101,
      "status": "Exception"
    },
    {
      "program": "/// Write a function to find the nth decagonal number.\nfn is_num_decagonal(n: isize) -> isize {\n    let mut i = 0;\n    let mut num = 0;\n    while i < n {\n        num += 1;\n        if is_decagonal(num) {\n            i += 1;\n        }\n    }\n    num\n}\n\nfn main() {\n    let candidate = is_num_decagonal;\n    assert_eq!(candidate(3), 27);\n    assert_eq!(candidate(7), 175);\n    assert_eq!(candidate(10), 370);\n}\n",
      "timestamp": 1665510609,
      "stdout": "",
      "stderr": "error[E0425]: cannot find function `is_decagonal` in this scope\n --> /tmp/tmpe69d_7k8.rs:7:12\n  |\n7 |         if is_decagonal(num) {\n  |            ^^^^^^^^^^^^ not found in this scope\n\nerror: aborting due to previous error\n\nFor more information about this error, try `rustc --explain E0425`.\n",
      "exit_code": 1,
      "status": "SyntaxError"
    },
    {
      "program": "/// Write a function to find the nth decagonal number.\nfn is_num_decagonal(n: isize) -> isize {\n    let mut i = 0;\n    let mut num = 0;\n    while i < n {\n        num += 1;\n        if is_decagonal(num) {\n            i += 1;\n        }\n    }\n    num\n}\n\nfn main() {\n    let candidate = is_num_decagonal;\n    assert_eq!(candidate(3), 27);\n    assert_eq!(candidate(7), 175);\n    assert_eq!(candidate(10), 370);\n}\n",
      "timestamp": 1665510609,
      "stdout": "",
      "stderr": "error[E0425]: cannot find function `is_decagonal` in this scope\n --> /tmp/tmpe69d_7k8.rs:7:12\n  |\n7 |         if is_decagonal(num) {\n  |            ^^^^^^^^^^^^ not found in this scope\n\nerror: aborting due to previous error\n\nFor more information about this error, try `rustc --explain E0425`.\n",
      "exit_code": 1,
      "status": "SyntaxError"
    },
    {
      "program": "/// Write a function to find the nth decagonal number.\nfn is_num_decagonal(n: isize) -> isize {\n    let mut i = 0;\n    loop {\n        let num = i * (3 * i - 1) / 2;\n        if num == n {\n            return i;\n        }\n        if num > n {\n            return -1;\n        }\n        i += 1;\n    }\n}\n\nfn main() {\n    let candidate = is_num_decagonal;\n    assert_eq!(candidate(3), 27);\n    assert_eq!(candidate(7), 175);\n    assert_eq!(candidate(10), 370);\n}\n",
      "timestamp": 1665510609,
      "stdout": "",
      "stderr": "thread 'main' panicked at 'assertion failed: `(left == right)`\n  left: `-1`,\n right: `27`', /tmp/tmpxo386y6f.rs:18:5\nnote: run with `RUST_BACKTRACE=1` environment variable to display a backtrace\n",
      "exit_code": 101,
      "status": "Exception"
    },
    {
      "program": "/// Write a function to find the nth decagonal number.\nfn is_num_decagonal(n: isize) -> isize {\n    let mut i = 0;\n    let mut num = 0;\n    while num < n {\n        i += 1;\n        num = i * (3 * i - 1) / 2;\n    }\n    if num == n {\n        i\n    } else {\n        -1\n    }\n}\n\nfn main() {\n    let candidate = is_num_decagonal;\n    assert_eq!(candidate(3), 27);\n    assert_eq!(candidate(7), 175);\n    assert_eq!(candidate(10), 370);\n}\n",
      "timestamp": 1666123874,
      "stdout": "",
      "stderr": "thread 'main' panicked at 'assertion failed: `(left == right)`\n  left: `-1`,\n right: `27`', /tmp/tmpc2sojfrt.rs:18:5\nnote: run with `RUST_BACKTRACE=1` environment variable to display a backtrace\n",
      "exit_code": 101,
      "status": "Exception"
    },
    {
      "program": "/// Write a function to find the nth decagonal number.\nfn is_num_decagonal(n: isize) -> isize {\n    let mut i = 0;\n    let mut d = 0;\n    while d < n {\n        i += 1;\n        d = i * (3 * i - 1) / 2;\n    }\n    d\n}\n\nfn main() {\n    let candidate = is_num_decagonal;\n    assert_eq!(candidate(3), 27);\n    assert_eq!(candidate(7), 175);\n    assert_eq!(candidate(10), 370);\n}\n",
      "timestamp": 1666123874,
      "stdout": "",
      "stderr": "thread 'main' panicked at 'assertion failed: `(left == right)`\n  left: `5`,\n right: `27`', /tmp/tmp_r5tdf10.rs:14:5\nnote: run with `RUST_BACKTRACE=1` environment variable to display a backtrace\n",
      "exit_code": 101,
      "status": "Exception"
    },
    {
      "program": "/// Write a function to find the nth decagonal number.\nfn is_num_decagonal(n: isize) -> isize {\n    let mut i = 0;\n    let mut num = 0;\n    while i <= n {\n        num = i * (3 * i - 1) / 2;\n        i += 1;\n    }\n    num\n}\n\nfn main() {\n    let candidate = is_num_decagonal;\n    assert_eq!(candidate(3), 27);\n    assert_eq!(candidate(7), 175);\n    assert_eq!(candidate(10), 370);\n}\n",
      "timestamp": 1666123874,
      "stdout": "",
      "stderr": "thread 'main' panicked at 'assertion failed: `(left == right)`\n  left: `12`,\n right: `27`', /tmp/tmpqzze8ujn.rs:14:5\nnote: run with `RUST_BACKTRACE=1` environment variable to display a backtrace\n",
      "exit_code": 101,
      "status": "Exception"
    },
    {
      "program": "/// Write a function to find the nth decagonal number.\nfn is_num_decagonal(n: isize) -> isize {\n    let mut i = 1;\n    let mut decagonal = 0;\n    while decagonal < n {\n        decagonal = i * (3 * i - 1) / 2;\n        i += 1;\n    }\n    decagonal\n}\n\nfn main() {\n    let candidate = is_num_decagonal;\n    assert_eq!(candidate(3), 27);\n    assert_eq!(candidate(7), 175);\n    assert_eq!(candidate(10), 370);\n}\n",
      "timestamp": 1665510609,
      "stdout": "",
      "stderr": "thread 'main' panicked at 'assertion failed: `(left == right)`\n  left: `5`,\n right: `27`', /tmp/tmpey9v37ae.rs:14:5\nnote: run with `RUST_BACKTRACE=1` environment variable to display a backtrace\n",
      "exit_code": 101,
      "status": "Exception"
    },
    {
      "program": "/// Write a function to find the nth decagonal number.\nfn is_num_decagonal(n: isize) -> isize {\n    let mut i = 0;\n    let mut num = 0;\n    while i < n {\n        i += 1;\n        num = i * (3 * i - 1) / 2;\n    }\n    num\n}\n\nfn main() {\n    let candidate = is_num_decagonal;\n    assert_eq!(candidate(3), 27);\n    assert_eq!(candidate(7), 175);\n    assert_eq!(candidate(10), 370);\n}\n",
      "timestamp": 1666123873,
      "stdout": "",
      "stderr": "thread 'main' panicked at 'assertion failed: `(left == right)`\n  left: `12`,\n right: `27`', /tmp/tmpru5dn6dr.rs:14:5\nnote: run with `RUST_BACKTRACE=1` environment variable to display a backtrace\n",
      "exit_code": 101,
      "status": "Exception"
    },
    {
      "program": "/// Write a function to find the nth decagonal number.\nfn is_num_decagonal(n: isize) -> isize {\n    let mut i = 1;\n    let mut num = 0;\n    while num < n {\n        num = i * (3 * i - 1) / 2;\n        i += 1;\n    }\n    num\n}\n\nfn main() {\n    let candidate = is_num_decagonal;\n    assert_eq!(candidate(3), 27);\n    assert_eq!(candidate(7), 175);\n    assert_eq!(candidate(10), 370);\n}\n",
      "timestamp": 1665510609,
      "stdout": "",
      "stderr": "thread 'main' panicked at 'assertion failed: `(left == right)`\n  left: `5`,\n right: `27`', /tmp/tmpj80kznjb.rs:14:5\nnote: run with `RUST_BACKTRACE=1` environment variable to display a backtrace\n",
      "exit_code": 101,
      "status": "Exception"
    },
    {
      "program": "/// Write a function to find the nth decagonal number.\nfn is_num_decagonal(n: isize) -> isize {\n    let mut i = 1;\n    let mut num = 1;\n    while i < n {\n        num += 3;\n        if is_pentagonal(num) && is_hexagonal(num) {\n            i += 1;\n        }\n    }\n    num\n}\n\nfn main() {\n    let candidate = is_num_decagonal;\n    assert_eq!(candidate(3), 27);\n    assert_eq!(candidate(7), 175);\n    assert_eq!(candidate(10), 370);\n}\n",
      "timestamp": 1666123873,
      "stdout": "",
      "stderr": "error[E0425]: cannot find function `is_pentagonal` in this scope\n --> /tmp/tmpg6hbv2j6.rs:7:12\n  |\n7 |         if is_pentagonal(num) && is_hexagonal(num) {\n  |            ^^^^^^^^^^^^^ not found in this scope\n\nerror[E0425]: cannot find function `is_hexagonal` in this scope\n --> /tmp/tmpg6hbv2j6.rs:7:34\n  |\n7 |         if is_pentagonal(num) && is_hexagonal(num) {\n  |                                  ^^^^^^^^^^^^ not found in this scope\n\nerror: aborting due to 2 previous errors\n\nFor more information about this error, try `rustc --explain E0425`.\n",
      "exit_code": 1,
      "status": "SyntaxError"
    },
    {
      "program": "/// Write a function to find the nth decagonal number.\nfn is_num_decagonal(n: isize) -> isize {\n    let mut i = 1;\n    let mut num = 0;\n    while num < n {\n        num = i * (3 * i - 1) / 2;\n        i += 1;\n    }\n    num\n}\n\nfn main() {\n    let candidate = is_num_decagonal;\n    assert_eq!(candidate(3), 27);\n    assert_eq!(candidate(7), 175);\n    assert_eq!(candidate(10), 370);\n}\n",
      "timestamp": 1665510609,
      "stdout": "",
      "stderr": "thread 'main' panicked at 'assertion failed: `(left == right)`\n  left: `5`,\n right: `27`', /tmp/tmpj80kznjb.rs:14:5\nnote: run with `RUST_BACKTRACE=1` environment variable to display a backtrace\n",
      "exit_code": 101,
      "status": "Exception"
    },
    {
      "program": "/// Write a function to find the nth decagonal number.\nfn is_num_decagonal(n: isize) -> isize {\n    let mut i = 1;\n    let mut num = 0;\n    while num < n {\n        num = i * (3 * i - 1) / 2;\n        i += 1;\n    }\n    num\n}\n\nfn main() {\n    let candidate = is_num_decagonal;\n    assert_eq!(candidate(3), 27);\n    assert_eq!(candidate(7), 175);\n    assert_eq!(candidate(10), 370);\n}\n",
      "timestamp": 1665510609,
      "stdout": "",
      "stderr": "thread 'main' panicked at 'assertion failed: `(left == right)`\n  left: `5`,\n right: `27`', /tmp/tmpj80kznjb.rs:14:5\nnote: run with `RUST_BACKTRACE=1` environment variable to display a backtrace\n",
      "exit_code": 101,
      "status": "Exception"
    },
    {
      "program": "/// Write a function to find the nth decagonal number.\nfn is_num_decagonal(n: isize) -> isize {\n    let mut i = 0;\n    let mut num = 0;\n    while num < n {\n        i += 1;\n        num = i * (3 * i - 1) / 2;\n    }\n    num\n}\n\nfn main() {\n    let candidate = is_num_decagonal;\n    assert_eq!(candidate(3), 27);\n    assert_eq!(candidate(7), 175);\n    assert_eq!(candidate(10), 370);\n}\n",
      "timestamp": 1666123874,
      "stdout": "",
      "stderr": "thread 'main' panicked at 'assertion failed: `(left == right)`\n  left: `5`,\n right: `27`', /tmp/tmp6z13363l.rs:14:5\nnote: run with `RUST_BACKTRACE=1` environment variable to display a backtrace\n",
      "exit_code": 101,
      "status": "Exception"
    },
    {
      "program": "/// Write a function to find the nth decagonal number.\nfn is_num_decagonal(n: isize) -> isize {\n    let mut i = 1;\n    let mut num = 0;\n    while i <= n {\n        num = i * (3 * i - 1) / 2;\n        i += 1;\n    }\n    num\n}\n\nfn main() {\n    let candidate = is_num_decagonal;\n    assert_eq!(candidate(3), 27);\n    assert_eq!(candidate(7), 175);\n    assert_eq!(candidate(10), 370);\n}\n",
      "timestamp": 1665510609,
      "stdout": "",
      "stderr": "thread 'main' panicked at 'assertion failed: `(left == right)`\n  left: `12`,\n right: `27`', /tmp/tmpjbf7vlkd.rs:14:5\nnote: run with `RUST_BACKTRACE=1` environment variable to display a backtrace\n",
      "exit_code": 101,
      "status": "Exception"
    },
    {
      "program": "/// Write a function to find the nth decagonal number.\nfn is_num_decagonal(n: isize) -> isize {\n    let mut i = 0;\n    let mut count = 0;\n    while count < n {\n        i += 1;\n        let decagonal = i * (3 * i - 1) / 2;\n        if is_pentagonal(decagonal) {\n            count += 1;\n        }\n    }\n    i * (3 * i - 1) / 2\n}\n\nfn main() {\n    let candidate = is_num_decagonal;\n    assert_eq!(candidate(3), 27);\n    assert_eq!(candidate(7), 175);\n    assert_eq!(candidate(10), 370);\n}\n",
      "timestamp": 1666123873,
      "stdout": "",
      "stderr": "error[E0425]: cannot find function `is_pentagonal` in this scope\n --> /tmp/tmpxnhwgme2.rs:8:12\n  |\n8 |         if is_pentagonal(decagonal) {\n  |            ^^^^^^^^^^^^^ not found in this scope\n\nerror: aborting due to previous error\n\nFor more information about this error, try `rustc --explain E0425`.\n",
      "exit_code": 1,
      "status": "SyntaxError"
    },
    {
      "program": "/// Write a function to find the nth decagonal number.\nfn is_num_decagonal(n: isize) -> isize {\n    let mut i = 0;\n    loop {\n        let num = i * (3 * i - 1) / 2;\n        if num == n {\n            return i;\n        }\n        if num > n {\n            return -1;\n        }\n        i += 1;\n    }\n}\n\nfn main() {\n    let candidate = is_num_decagonal;\n    assert_eq!(candidate(3), 27);\n    assert_eq!(candidate(7), 175);\n    assert_eq!(candidate(10), 370);\n}\n",
      "timestamp": 1665510609,
      "stdout": "",
      "stderr": "thread 'main' panicked at 'assertion failed: `(left == right)`\n  left: `-1`,\n right: `27`', /tmp/tmpxo386y6f.rs:18:5\nnote: run with `RUST_BACKTRACE=1` environment variable to display a backtrace\n",
      "exit_code": 101,
      "status": "Exception"
    },
    {
      "program": "/// Write a function to find the nth decagonal number.\nfn is_num_decagonal(n: isize) -> isize {\n    let mut i = 0;\n    let mut num = 0;\n    while num < n {\n        i += 1;\n        num = i * (3 * i - 1) / 2;\n    }\n    if num == n {\n        return i;\n    }\n    return 0;\n}\n\nfn main() {\n    let candidate = is_num_decagonal;\n    assert_eq!(candidate(3), 27);\n    assert_eq!(candidate(7), 175);\n    assert_eq!(candidate(10), 370);\n}\n",
      "timestamp": 1666123873,
      "stdout": "",
      "stderr": "thread 'main' panicked at 'assertion failed: `(left == right)`\n  left: `0`,\n right: `27`', /tmp/tmp9mr_ks03.rs:17:5\nnote: run with `RUST_BACKTRACE=1` environment variable to display a backtrace\n",
      "exit_code": 101,
      "status": "Exception"
    },
    {
      "program": "/// Write a function to find the nth decagonal number.\nfn is_num_decagonal(n: isize) -> isize {\n    let mut i = 1;\n    let mut j = 1;\n    while i <= n {\n        if j * (3 * j - 1) / 2 == n {\n            return i;\n        }\n        i += 1;\n        j += 1;\n    }\n    return 0;\n}\n\nfn main() {\n    let candidate = is_num_decagonal;\n    assert_eq!(candidate(3), 27);\n    assert_eq!(candidate(7), 175);\n    assert_eq!(candidate(10), 370);\n}\n",
      "timestamp": 1666123874,
      "stdout": "",
      "stderr": "thread 'main' panicked at 'assertion failed: `(left == right)`\n  left: `0`,\n right: `27`', /tmp/tmpfw9mbuuz.rs:17:5\nnote: run with `RUST_BACKTRACE=1` environment variable to display a backtrace\n",
      "exit_code": 101,
      "status": "Exception"
    },
    {
      "program": "/// Write a function to find the nth decagonal number.\nfn is_num_decagonal(n: isize) -> isize {\n    let mut n = n;\n    let mut i = 1;\n    while n > 0 {\n        n -= i * 10;\n        i += 1;\n    }\n    if n == 0 {\n        return i * 10 - 1;\n    }\n    return 0;\n}\n\nfn main() {\n    let candidate = is_num_decagonal;\n    assert_eq!(candidate(3), 27);\n    assert_eq!(candidate(7), 175);\n    assert_eq!(candidate(10), 370);\n}\n",
      "timestamp": 1666123874,
      "stdout": "",
      "stderr": "thread 'main' panicked at 'assertion failed: `(left == right)`\n  left: `0`,\n right: `27`', /tmp/tmp1swglwev.rs:17:5\nnote: run with `RUST_BACKTRACE=1` environment variable to display a backtrace\n",
      "exit_code": 101,
      "status": "Exception"
    },
    {
      "program": "/// Write a function to find the nth decagonal number.\nfn is_num_decagonal(n: isize) -> isize {\n    let mut i = 0;\n    let mut decagonal = 0;\n    while decagonal < n {\n        i += 1;\n        decagonal = i * (3 * i - 1) / 2;\n    }\n    decagonal\n}\n\nfn main() {\n    let candidate = is_num_decagonal;\n    assert_eq!(candidate(3), 27);\n    assert_eq!(candidate(7), 175);\n    assert_eq!(candidate(10), 370);\n}\n",
      "timestamp": 1666123873,
      "stdout": "",
      "stderr": "thread 'main' panicked at 'assertion failed: `(left == right)`\n  left: `5`,\n right: `27`', /tmp/tmpxgsca60n.rs:14:5\nnote: run with `RUST_BACKTRACE=1` environment variable to display a backtrace\n",
      "exit_code": 101,
      "status": "Exception"
    },
    {
      "program": "/// Write a function to find the nth decagonal number.\nfn is_num_decagonal(n: isize) -> isize {\n    let mut i = 0;\n    loop {\n        let num = i * (3 * i - 1) / 2;\n        if num == n {\n            return i;\n        }\n        if num > n {\n            return -1;\n        }\n        i += 1;\n    }\n}\n\nfn main() {\n    let candidate = is_num_decagonal;\n    assert_eq!(candidate(3), 27);\n    assert_eq!(candidate(7), 175);\n    assert_eq!(candidate(10), 370);\n}\n",
      "timestamp": 1665510609,
      "stdout": "",
      "stderr": "thread 'main' panicked at 'assertion failed: `(left == right)`\n  left: `-1`,\n right: `27`', /tmp/tmpxo386y6f.rs:18:5\nnote: run with `RUST_BACKTRACE=1` environment variable to display a backtrace\n",
      "exit_code": 101,
      "status": "Exception"
    },
    {
      "program": "/// Write a function to find the nth decagonal number.\nfn is_num_decagonal(n: isize) -> isize {\n    let mut num = 0;\n    let mut i = 0;\n    while num < n {\n        i += 1;\n        num = i * (3 * i - 2);\n    }\n    num\n}\n\nfn main() {\n    let candidate = is_num_decagonal;\n    assert_eq!(candidate(3), 27);\n    assert_eq!(candidate(7), 175);\n    assert_eq!(candidate(10), 370);\n}\n",
      "timestamp": 1666123874,
      "stdout": "",
      "stderr": "thread 'main' panicked at 'assertion failed: `(left == right)`\n  left: `8`,\n right: `27`', /tmp/tmphffbke76.rs:14:5\nnote: run with `RUST_BACKTRACE=1` environment variable to display a backtrace\n",
      "exit_code": 101,
      "status": "Exception"
    },
    {
      "program": "/// Write a function to find the nth decagonal number.\nfn is_num_decagonal(n: isize) -> isize {\n    let mut i = 1;\n    let mut num = 1;\n    while i < n {\n        num += 3 * i + 1;\n        i += 1;\n    }\n    num\n}\n\nfn main() {\n    let candidate = is_num_decagonal;\n    assert_eq!(candidate(3), 27);\n    assert_eq!(candidate(7), 175);\n    assert_eq!(candidate(10), 370);\n}\n",
      "timestamp": 1665510609,
      "stdout": "",
      "stderr": "thread 'main' panicked at 'assertion failed: `(left == right)`\n  left: `12`,\n right: `27`', /tmp/tmptvtw5fhy.rs:14:5\nnote: run with `RUST_BACKTRACE=1` environment variable to display a backtrace\n",
      "exit_code": 101,
      "status": "Exception"
    },
    {
      "program": "/// Write a function to find the nth decagonal number.\nfn is_num_decagonal(n: isize) -> isize {\n    let mut i = 0;\n    let mut decagonal = 0;\n    while decagonal < n {\n        i += 1;\n        decagonal = i * (3 * i - 1) / 2;\n    }\n    decagonal\n}\n\nfn main() {\n    let candidate = is_num_decagonal;\n    assert_eq!(candidate(3), 27);\n    assert_eq!(candidate(7), 175);\n    assert_eq!(candidate(10), 370);\n}\n",
      "timestamp": 1666123873,
      "stdout": "",
      "stderr": "thread 'main' panicked at 'assertion failed: `(left == right)`\n  left: `5`,\n right: `27`', /tmp/tmpxgsca60n.rs:14:5\nnote: run with `RUST_BACKTRACE=1` environment variable to display a backtrace\n",
      "exit_code": 101,
      "status": "Exception"
    },
    {
      "program": "/// Write a function to find the nth decagonal number.\nfn is_num_decagonal(n: isize) -> isize {\n    let mut i = 0;\n    let mut num = 0;\n    while i < n {\n        num += 1;\n        if is_decagonal(num) {\n            i += 1;\n        }\n    }\n    num\n}\n\nfn main() {\n    let candidate = is_num_decagonal;\n    assert_eq!(candidate(3), 27);\n    assert_eq!(candidate(7), 175);\n    assert_eq!(candidate(10), 370);\n}\n",
      "timestamp": 1665510609,
      "stdout": "",
      "stderr": "error[E0425]: cannot find function `is_decagonal` in this scope\n --> /tmp/tmpe69d_7k8.rs:7:12\n  |\n7 |         if is_decagonal(num) {\n  |            ^^^^^^^^^^^^ not found in this scope\n\nerror: aborting due to previous error\n\nFor more information about this error, try `rustc --explain E0425`.\n",
      "exit_code": 1,
      "status": "SyntaxError"
    },
    {
      "program": "/// Write a function to find the nth decagonal number.\nfn is_num_decagonal(n: isize) -> isize {\n    let mut i = 1;\n    let mut num = 1;\n    while i < n {\n        num += 3 * i + 1;\n        i += 1;\n    }\n    num\n}\n\nfn main() {\n    let candidate = is_num_decagonal;\n    assert_eq!(candidate(3), 27);\n    assert_eq!(candidate(7), 175);\n    assert_eq!(candidate(10), 370);\n}\n",
      "timestamp": 1665510609,
      "stdout": "",
      "stderr": "thread 'main' panicked at 'assertion failed: `(left == right)`\n  left: `12`,\n right: `27`', /tmp/tmptvtw5fhy.rs:14:5\nnote: run with `RUST_BACKTRACE=1` environment variable to display a backtrace\n",
      "exit_code": 101,
      "status": "Exception"
    },
    {
      "program": "/// Write a function to find the nth decagonal number.\nfn is_num_decagonal(n: isize) -> isize {\n    let mut i = 0;\n    let mut decagonal = 0;\n    while decagonal < n {\n        i += 1;\n        decagonal = i * (3 * i - 1) / 2;\n    }\n    decagonal\n}\n\nfn main() {\n    let candidate = is_num_decagonal;\n    assert_eq!(candidate(3), 27);\n    assert_eq!(candidate(7), 175);\n    assert_eq!(candidate(10), 370);\n}\n",
      "timestamp": 1666123873,
      "stdout": "",
      "stderr": "thread 'main' panicked at 'assertion failed: `(left == right)`\n  left: `5`,\n right: `27`', /tmp/tmpxgsca60n.rs:14:5\nnote: run with `RUST_BACKTRACE=1` environment variable to display a backtrace\n",
      "exit_code": 101,
      "status": "Exception"
    },
    {
      "program": "/// Write a function to find the nth decagonal number.\nfn is_num_decagonal(n: isize) -> isize {\n    let mut i = 0;\n    let mut num = 0;\n    while num < n {\n        i += 1;\n        num = i * (3 * i - 1) / 2;\n    }\n    num\n}\n\nfn main() {\n    let candidate = is_num_decagonal;\n    assert_eq!(candidate(3), 27);\n    assert_eq!(candidate(7), 175);\n    assert_eq!(candidate(10), 370);\n}\n",
      "timestamp": 1666123874,
      "stdout": "",
      "stderr": "thread 'main' panicked at 'assertion failed: `(left == right)`\n  left: `5`,\n right: `27`', /tmp/tmp6z13363l.rs:14:5\nnote: run with `RUST_BACKTRACE=1` environment variable to display a backtrace\n",
      "exit_code": 101,
      "status": "Exception"
    },
    {
      "program": "/// Write a function to find the nth decagonal number.\nfn is_num_decagonal(n: isize) -> isize {\n    let mut i = 0;\n    let mut nth_decagonal = 0;\n    while nth_decagonal < n {\n        i += 1;\n        nth_decagonal = i * (3 * i - 1) / 2;\n    }\n    nth_decagonal\n}\n\nfn main() {\n    let candidate = is_num_decagonal;\n    assert_eq!(candidate(3), 27);\n    assert_eq!(candidate(7), 175);\n    assert_eq!(candidate(10), 370);\n}\n",
      "timestamp": 1666123874,
      "stdout": "",
      "stderr": "thread 'main' panicked at 'assertion failed: `(left == right)`\n  left: `5`,\n right: `27`', /tmp/tmp3n_g1wib.rs:14:5\nnote: run with `RUST_BACKTRACE=1` environment variable to display a backtrace\n",
      "exit_code": 101,
      "status": "Exception"
    },
    {
      "program": "/// Write a function to find the nth decagonal number.\nfn is_num_decagonal(n: isize) -> isize {\n    let mut i = 1;\n    let mut nth = 1;\n    while nth != n {\n        nth = i * (3 * i - 1) / 2;\n        i += 1;\n    }\n    nth\n}\n\nfn main() {\n    let candidate = is_num_decagonal;\n    assert_eq!(candidate(3), 27);\n    assert_eq!(candidate(7), 175);\n    assert_eq!(candidate(10), 370);\n}\n",
      "timestamp": 1666123879,
      "stdout": "",
      "stderr": "",
      "exit_code": -1,
      "status": "Timeout"
    },
    {
      "program": "/// Write a function to find the nth decagonal number.\nfn is_num_decagonal(n: isize) -> isize {\n    let mut i = 0;\n    loop {\n        i += 1;\n        let decagonal = i * (3 * i - 1) / 2;\n        if decagonal == n {\n            return i;\n        }\n    }\n}\n\nfn main() {\n    let candidate = is_num_decagonal;\n    assert_eq!(candidate(3), 27);\n    assert_eq!(candidate(7), 175);\n    assert_eq!(candidate(10), 370);\n}\n",
      "timestamp": 1666123879,
      "stdout": "",
      "stderr": "",
      "exit_code": -1,
      "status": "Timeout"
    },
    {
      "program": "/// Write a function to find the nth decagonal number.\nfn is_num_decagonal(n: isize) -> isize {\n    let mut i = 0;\n    let mut num = 0;\n    while i < n {\n        num += 1;\n        if is_decagonal(num) {\n            i += 1;\n        }\n    }\n    num\n}\n\nfn main() {\n    let candidate = is_num_decagonal;\n    assert_eq!(candidate(3), 27);\n    assert_eq!(candidate(7), 175);\n    assert_eq!(candidate(10), 370);\n}\n",
      "timestamp": 1665510609,
      "stdout": "",
      "stderr": "error[E0425]: cannot find function `is_decagonal` in this scope\n --> /tmp/tmpe69d_7k8.rs:7:12\n  |\n7 |         if is_decagonal(num) {\n  |            ^^^^^^^^^^^^ not found in this scope\n\nerror: aborting due to previous error\n\nFor more information about this error, try `rustc --explain E0425`.\n",
      "exit_code": 1,
      "status": "SyntaxError"
    },
    {
      "program": "/// Write a function to find the nth decagonal number.\nfn is_num_decagonal(n: isize) -> isize {\n    let mut i = 1;\n    let mut decagonal = 1;\n    while i < n {\n        i += 1;\n        decagonal = i * (3 * i - 1) / 2;\n    }\n    decagonal\n}\n\nfn main() {\n    let candidate = is_num_decagonal;\n    assert_eq!(candidate(3), 27);\n    assert_eq!(candidate(7), 175);\n    assert_eq!(candidate(10), 370);\n}\n",
      "timestamp": 1666123874,
      "stdout": "",
      "stderr": "thread 'main' panicked at 'assertion failed: `(left == right)`\n  left: `12`,\n right: `27`', /tmp/tmp88550w_c.rs:14:5\nnote: run with `RUST_BACKTRACE=1` environment variable to display a backtrace\n",
      "exit_code": 101,
      "status": "Exception"
    },
    {
      "program": "/// Write a function to find the nth decagonal number.\nfn is_num_decagonal(n: isize) -> isize {\n    let mut i = 0;\n    loop {\n        let decagonal = i * (3 * i - 1) / 2;\n        if decagonal == n {\n            return i;\n        }\n        if decagonal > n {\n            return -1;\n        }\n        i += 1;\n    }\n}\n\nfn main() {\n    let candidate = is_num_decagonal;\n    assert_eq!(candidate(3), 27);\n    assert_eq!(candidate(7), 175);\n    assert_eq!(candidate(10), 370);\n}\n",
      "timestamp": 1665510609,
      "stdout": "",
      "stderr": "thread 'main' panicked at 'assertion failed: `(left == right)`\n  left: `-1`,\n right: `27`', /tmp/tmp531_yewa.rs:18:5\nnote: run with `RUST_BACKTRACE=1` environment variable to display a backtrace\n",
      "exit_code": 101,
      "status": "Exception"
    },
    {
      "program": "/// Write a function to find the nth decagonal number.\nfn is_num_decagonal(n: isize) -> isize {\n    let mut i = 0;\n    let mut j = 0;\n    let mut k = 0;\n    let mut l = 0;\n    let mut m = 0;\n    let mut n = n;\n    let mut p = 0;\n    let mut q = 0;\n    let mut r = 0;\n    let mut s = 0;\n    let mut t = 0;\n    let mut u = 0;\n    let mut v = 0;\n    let mut w = 0;\n    let mut x = 0;\n    let mut y = 0;\n    let mut z = 0;\n    let mut aa = 0;\n    let mut bb = 0;\n    let mut cc = 0;\n    let mut dd = 0;\n    let mut ee = 0;\n    let mut ff = 0;\n    let mut gg = 0;\n    let mut hh = 0;\n    let mut ii = 0;\n    let mut jj = 0;\n    let mut kk = 0;\n    let mut ll = 0;\n    let mut mm = 0;\n    let mut nn = 0;\n    let mut oo = 0;\n    let mut pp = 0;\n    let mut qq = 0;\n    let mut rr = 0;\n    let mut ss = 0;\n    let mut tt = 0;\n    let mut uu = 0;\n    let mut vv = 0;\n    let mut ww = 0;\n    let mut xx = 0;\n    let mut yy = 0;\n    let mut zz = 0;\n    let mut aaa = 0;\n    let mut bbb = 0;\n    let mut ccc = 0;\n    let mut ddd = 0;\n    let mut eee = 0;\n    let mut fff = 0;\n    let mut ggg = 0;\n    let mut hhh = 0;\n    let mut iii = 0;\n    let mut jjj = 0;\n    let mut kkk = 0;\n    let mut lll = 0;\n    let mut mmm = 0;\n    let mut nnn = 0;\n    let mut ooo = 0;\n    let mut ppp = 0;\n    let mut qqq = 0\n}\n\nfn main() {\n    let candidate = is_num_decagonal;\n    assert_eq!(candidate(3), 27);\n    assert_eq!(candidate(7), 175);\n    assert_eq!(candidate(10), 370);\n}\n",
      "timestamp": 1666123873,
      "stdout": "",
      "stderr": "error: expected `;`, found `}`\n  --> /tmp/tmpfk8selma.rs:62:20\n   |\n62 |     let mut qqq = 0\n   |                    ^ help: add `;` here\n63 | }\n   | - unexpected token\n\nerror[E0308]: mismatched types\n --> /tmp/tmpfk8selma.rs:2:34\n  |\n2 | fn is_num_decagonal(n: isize) -> isize {\n  |    ----------------              ^^^^^ expected `isize`, found `()`\n  |    |\n  |    implicitly returns `()` as its body has no tail or `return` expression\n\nerror: aborting due to 2 previous errors\n\nFor more information about this error, try `rustc --explain E0308`.\n",
      "exit_code": 1,
      "status": "SyntaxError"
    },
    {
      "program": "/// Write a function to find the nth decagonal number.\nfn is_num_decagonal(n: isize) -> isize {\n    let mut i = 0;\n    loop {\n        let decagonal = i * (3 * i - 1) / 2;\n        if decagonal == n {\n            return i;\n        }\n        if decagonal > n {\n            return -1;\n        }\n        i += 1;\n    }\n}\n\nfn main() {\n    let candidate = is_num_decagonal;\n    assert_eq!(candidate(3), 27);\n    assert_eq!(candidate(7), 175);\n    assert_eq!(candidate(10), 370);\n}\n",
      "timestamp": 1665510609,
      "stdout": "",
      "stderr": "thread 'main' panicked at 'assertion failed: `(left == right)`\n  left: `-1`,\n right: `27`', /tmp/tmp531_yewa.rs:18:5\nnote: run with `RUST_BACKTRACE=1` environment variable to display a backtrace\n",
      "exit_code": 101,
      "status": "Exception"
    },
    {
      "program": "/// Write a function to find the nth decagonal number.\nfn is_num_decagonal(n: isize) -> isize {\n    let mut i = 0;\n    let mut num = 0;\n    while i < n {\n        i += 1;\n        num = i * (3 * i - 1) / 2;\n    }\n    num\n}\n\nfn main() {\n    let candidate = is_num_decagonal;\n    assert_eq!(candidate(3), 27);\n    assert_eq!(candidate(7), 175);\n    assert_eq!(candidate(10), 370);\n}\n",
      "timestamp": 1666123873,
      "stdout": "",
      "stderr": "thread 'main' panicked at 'assertion failed: `(left == right)`\n  left: `12`,\n right: `27`', /tmp/tmpru5dn6dr.rs:14:5\nnote: run with `RUST_BACKTRACE=1` environment variable to display a backtrace\n",
      "exit_code": 101,
      "status": "Exception"
    },
    {
      "program": "/// Write a function to find the nth decagonal number.\nfn is_num_decagonal(n: isize) -> isize {\n    let mut i = 1;\n    let mut num = 0;\n    while num < n {\n        num = i * (3 * i - 1) / 2;\n        i += 1;\n    }\n    num\n}\n\nfn main() {\n    let candidate = is_num_decagonal;\n    assert_eq!(candidate(3), 27);\n    assert_eq!(candidate(7), 175);\n    assert_eq!(candidate(10), 370);\n}\n",
      "timestamp": 1665510609,
      "stdout": "",
      "stderr": "thread 'main' panicked at 'assertion failed: `(left == right)`\n  left: `5`,\n right: `27`', /tmp/tmpj80kznjb.rs:14:5\nnote: run with `RUST_BACKTRACE=1` environment variable to display a backtrace\n",
      "exit_code": 101,
      "status": "Exception"
    },
    {
      "program": "/// Write a function to find the nth decagonal number.\nfn is_num_decagonal(n: isize) -> isize {\n    let mut i = 0;\n    let mut num = 0;\n    while num < n {\n        i += 1;\n        num = i * (3 * i - 1) / 2;\n    }\n    if num == n {\n        i\n    } else {\n        -1\n    }\n}\n\nfn main() {\n    let candidate = is_num_decagonal;\n    assert_eq!(candidate(3), 27);\n    assert_eq!(candidate(7), 175);\n    assert_eq!(candidate(10), 370);\n}\n",
      "timestamp": 1666123874,
      "stdout": "",
      "stderr": "thread 'main' panicked at 'assertion failed: `(left == right)`\n  left: `-1`,\n right: `27`', /tmp/tmpc2sojfrt.rs:18:5\nnote: run with `RUST_BACKTRACE=1` environment variable to display a backtrace\n",
      "exit_code": 101,
      "status": "Exception"
    },
    {
      "program": "/// Write a function to find the nth decagonal number.\nfn is_num_decagonal(n: isize) -> isize {\n    let mut i = 1;\n    let mut num = 1;\n    while i < n {\n        num += 3;\n        if is_pentagonal(num) && is_hexagonal(num) {\n            i += 1;\n        }\n    }\n    num\n}\n\nfn main() {\n    let candidate = is_num_decagonal;\n    assert_eq!(candidate(3), 27);\n    assert_eq!(candidate(7), 175);\n    assert_eq!(candidate(10), 370);\n}\n",
      "timestamp": 1666123873,
      "stdout": "",
      "stderr": "error[E0425]: cannot find function `is_pentagonal` in this scope\n --> /tmp/tmpg6hbv2j6.rs:7:12\n  |\n7 |         if is_pentagonal(num) && is_hexagonal(num) {\n  |            ^^^^^^^^^^^^^ not found in this scope\n\nerror[E0425]: cannot find function `is_hexagonal` in this scope\n --> /tmp/tmpg6hbv2j6.rs:7:34\n  |\n7 |         if is_pentagonal(num) && is_hexagonal(num) {\n  |                                  ^^^^^^^^^^^^ not found in this scope\n\nerror: aborting due to 2 previous errors\n\nFor more information about this error, try `rustc --explain E0425`.\n",
      "exit_code": 1,
      "status": "SyntaxError"
    },
    {
      "program": "/// Write a function to find the nth decagonal number.\nfn is_num_decagonal(n: isize) -> isize {\n    let mut i = 0;\n    let mut num = 0;\n    loop {\n        i += 1;\n        num = i * (3 * i - 1) / 2;\n        if num == n {\n            return i;\n        }\n    }\n}\n\nfn main() {\n    let candidate = is_num_decagonal;\n    assert_eq!(candidate(3), 27);\n    assert_eq!(candidate(7), 175);\n    assert_eq!(candidate(10), 370);\n}\n",
      "timestamp": 1666123879,
      "stdout": "",
      "stderr": "",
      "exit_code": -1,
      "status": "Timeout"
    },
    {
      "program": "/// Write a function to find the nth decagonal number.\nfn is_num_decagonal(n: isize) -> isize {\n    let mut i = 0;\n    let mut j = 0;\n    loop {\n        i += 1;\n        j = i * (3 * i - 2);\n        if j == n {\n            return i;\n        }\n        if j > n {\n            return 0;\n        }\n    }\n}\n\nfn main() {\n    let candidate = is_num_decagonal;\n    assert_eq!(candidate(3), 27);\n    assert_eq!(candidate(7), 175);\n    assert_eq!(candidate(10), 370);\n}\n",
      "timestamp": 1666123874,
      "stdout": "",
      "stderr": "thread 'main' panicked at 'assertion failed: `(left == right)`\n  left: `0`,\n right: `27`', /tmp/tmph06ttc1b.rs:19:5\nnote: run with `RUST_BACKTRACE=1` environment variable to display a backtrace\n",
      "exit_code": 101,
      "status": "Exception"
    },
    {
      "program": "/// Write a function to find the nth decagonal number.\nfn is_num_decagonal(n: isize) -> isize {\n    let mut i = 0;\n    loop {\n        let decagonal = i * (3 * i - 1) / 2;\n        if decagonal == n {\n            return i;\n        }\n        i += 1;\n    }\n}\n\nfn main() {\n    let candidate = is_num_decagonal;\n    assert_eq!(candidate(3), 27);\n    assert_eq!(candidate(7), 175);\n    assert_eq!(candidate(10), 370);\n}\n",
      "timestamp": 1666123879,
      "stdout": "",
      "stderr": "",
      "exit_code": -1,
      "status": "Timeout"
    },
    {
      "program": "/// Write a function to find the nth decagonal number.\nfn is_num_decagonal(n: isize) -> isize {\n    let mut i = 0;\n    let mut num = 0;\n    while i < n {\n        i += 1;\n        num += 3 * i - 2;\n    }\n    num\n}\n\nfn main() {\n    let candidate = is_num_decagonal;\n    assert_eq!(candidate(3), 27);\n    assert_eq!(candidate(7), 175);\n    assert_eq!(candidate(10), 370);\n}\n",
      "timestamp": 1666123874,
      "stdout": "",
      "stderr": "thread 'main' panicked at 'assertion failed: `(left == right)`\n  left: `12`,\n right: `27`', /tmp/tmp248vcfcz.rs:14:5\nnote: run with `RUST_BACKTRACE=1` environment variable to display a backtrace\n",
      "exit_code": 101,
      "status": "Exception"
    },
    {
      "program": "/// Write a function to find the nth decagonal number.\nfn is_num_decagonal(n: isize) -> isize {\n    let mut i = 0;\n    let mut num = 0;\n    while i < n {\n        num += 1;\n        if is_decagonal(num) {\n            i += 1;\n        }\n    }\n    num\n}\n\nfn main() {\n    let candidate = is_num_decagonal;\n    assert_eq!(candidate(3), 27);\n    assert_eq!(candidate(7), 175);\n    assert_eq!(candidate(10), 370);\n}\n",
      "timestamp": 1665510609,
      "stdout": "",
      "stderr": "error[E0425]: cannot find function `is_decagonal` in this scope\n --> /tmp/tmpe69d_7k8.rs:7:12\n  |\n7 |         if is_decagonal(num) {\n  |            ^^^^^^^^^^^^ not found in this scope\n\nerror: aborting due to previous error\n\nFor more information about this error, try `rustc --explain E0425`.\n",
      "exit_code": 1,
      "status": "SyntaxError"
    },
    {
      "program": "/// Write a function to find the nth decagonal number.\nfn is_num_decagonal(n: isize) -> isize {\n    let mut i = 1;\n    let mut result = 0;\n    while result < n {\n        result = i * (3 * i - 1) / 2;\n        i += 1;\n    }\n    result\n}\n\nfn main() {\n    let candidate = is_num_decagonal;\n    assert_eq!(candidate(3), 27);\n    assert_eq!(candidate(7), 175);\n    assert_eq!(candidate(10), 370);\n}\n",
      "timestamp": 1665510609,
      "stdout": "",
      "stderr": "thread 'main' panicked at 'assertion failed: `(left == right)`\n  left: `5`,\n right: `27`', /tmp/tmpktd4vwm0.rs:14:5\nnote: run with `RUST_BACKTRACE=1` environment variable to display a backtrace\n",
      "exit_code": 101,
      "status": "Exception"
    },
    {
      "program": "/// Write a function to find the nth decagonal number.\nfn is_num_decagonal(n: isize) -> isize {\n    let mut i = 0;\n    let mut num = 0;\n    while num < n {\n        i += 1;\n        num = i * (3 * i - 1) / 2;\n    }\n    if num == n {\n        i\n    } else {\n        0\n    }\n}\n\nfn main() {\n    let candidate = is_num_decagonal;\n    assert_eq!(candidate(3), 27);\n    assert_eq!(candidate(7), 175);\n    assert_eq!(candidate(10), 370);\n}\n",
      "timestamp": 1666123874,
      "stdout": "",
      "stderr": "thread 'main' panicked at 'assertion failed: `(left == right)`\n  left: `0`,\n right: `27`', /tmp/tmpckxkn81g.rs:18:5\nnote: run with `RUST_BACKTRACE=1` environment variable to display a backtrace\n",
      "exit_code": 101,
      "status": "Exception"
    },
    {
      "program": "/// Write a function to find the nth decagonal number.\nfn is_num_decagonal(n: isize) -> isize {\n    let mut i = 1;\n    let mut num = 0;\n    while i <= n {\n        num = i * (3 * i - 1) / 2;\n        if num % 10 == 0 {\n            return num;\n        }\n        i += 1;\n    }\n    num\n}\n\nfn main() {\n    let candidate = is_num_decagonal;\n    assert_eq!(candidate(3), 27);\n    assert_eq!(candidate(7), 175);\n    assert_eq!(candidate(10), 370);\n}\n",
      "timestamp": 1666123874,
      "stdout": "",
      "stderr": "thread 'main' panicked at 'assertion failed: `(left == right)`\n  left: `12`,\n right: `27`', /tmp/tmpbo4dnbmc.rs:17:5\nnote: run with `RUST_BACKTRACE=1` environment variable to display a backtrace\n",
      "exit_code": 101,
      "status": "Exception"
    },
    {
      "program": "/// Write a function to find the nth decagonal number.\nfn is_num_decagonal(n: isize) -> isize {\n    let mut i = 1;\n    let mut num = 1;\n    while i < n {\n        num += 3 * i + 1;\n        i += 1;\n    }\n    num\n}\n\nfn main() {\n    let candidate = is_num_decagonal;\n    assert_eq!(candidate(3), 27);\n    assert_eq!(candidate(7), 175);\n    assert_eq!(candidate(10), 370);\n}\n",
      "timestamp": 1665510609,
      "stdout": "",
      "stderr": "thread 'main' panicked at 'assertion failed: `(left == right)`\n  left: `12`,\n right: `27`', /tmp/tmptvtw5fhy.rs:14:5\nnote: run with `RUST_BACKTRACE=1` environment variable to display a backtrace\n",
      "exit_code": 101,
      "status": "Exception"
    },
    {
      "program": "/// Write a function to find the nth decagonal number.\nfn is_num_decagonal(n: isize) -> isize {\n    let mut i = 0;\n    let mut num = 0;\n    while num < n {\n        i += 1;\n        num = i * (3 * i - 1) / 2;\n    }\n    if num == n {\n        return i;\n    }\n    return 0;\n}\n\nfn main() {\n    let candidate = is_num_decagonal;\n    assert_eq!(candidate(3), 27);\n    assert_eq!(candidate(7), 175);\n    assert_eq!(candidate(10), 370);\n}\n",
      "timestamp": 1666123873,
      "stdout": "",
      "stderr": "thread 'main' panicked at 'assertion failed: `(left == right)`\n  left: `0`,\n right: `27`', /tmp/tmp9mr_ks03.rs:17:5\nnote: run with `RUST_BACKTRACE=1` environment variable to display a backtrace\n",
      "exit_code": 101,
      "status": "Exception"
    },
    {
      "program": "/// Write a function to find the nth decagonal number.\nfn is_num_decagonal(n: isize) -> isize {\n    let mut i = 1;\n    let mut num = 0;\n    while num < n {\n        num = i * (3 * i - 1) / 2;\n        i += 1;\n    }\n    num\n}\n\nfn main() {\n    let candidate = is_num_decagonal;\n    assert_eq!(candidate(3), 27);\n    assert_eq!(candidate(7), 175);\n    assert_eq!(candidate(10), 370);\n}\n",
      "timestamp": 1665510609,
      "stdout": "",
      "stderr": "thread 'main' panicked at 'assertion failed: `(left == right)`\n  left: `5`,\n right: `27`', /tmp/tmpj80kznjb.rs:14:5\nnote: run with `RUST_BACKTRACE=1` environment variable to display a backtrace\n",
      "exit_code": 101,
      "status": "Exception"
    },
    {
      "program": "/// Write a function to find the nth decagonal number.\nfn is_num_decagonal(n: isize) -> isize {\n    let mut i = 0;\n    let mut num = 0;\n    while num < n {\n        i += 1;\n        num = i * (3 * i - 1) / 2;\n    }\n    if num == n {\n        return i;\n    }\n    return 0;\n}\n\nfn main() {\n    let candidate = is_num_decagonal;\n    assert_eq!(candidate(3), 27);\n    assert_eq!(candidate(7), 175);\n    assert_eq!(candidate(10), 370);\n}\n",
      "timestamp": 1666123873,
      "stdout": "",
      "stderr": "thread 'main' panicked at 'assertion failed: `(left == right)`\n  left: `0`,\n right: `27`', /tmp/tmp9mr_ks03.rs:17:5\nnote: run with `RUST_BACKTRACE=1` environment variable to display a backtrace\n",
      "exit_code": 101,
      "status": "Exception"
    },
    {
      "program": "/// Write a function to find the nth decagonal number.\nfn is_num_decagonal(n: isize) -> isize {\n    let mut i = 0;\n    let mut sum = 0;\n    while sum < n {\n        i += 1;\n        sum = i * (3 * i - 1) / 2;\n    }\n    if sum == n {\n        i\n    } else {\n        0\n    }\n}\n\nfn main() {\n    let candidate = is_num_decagonal;\n    assert_eq!(candidate(3), 27);\n    assert_eq!(candidate(7), 175);\n    assert_eq!(candidate(10), 370);\n}\n",
      "timestamp": 1666123874,
      "stdout": "",
      "stderr": "thread 'main' panicked at 'assertion failed: `(left == right)`\n  left: `0`,\n right: `27`', /tmp/tmp55914_vi.rs:18:5\nnote: run with `RUST_BACKTRACE=1` environment variable to display a backtrace\n",
      "exit_code": 101,
      "status": "Exception"
    },
    {
      "program": "/// Write a function to find the nth decagonal number.\nfn is_num_decagonal(n: isize) -> isize {\n    let mut i = 1;\n    let mut decagonal_num = 0;\n    while decagonal_num < n {\n        decagonal_num = i * (3 * i - 1) / 2;\n        i += 1;\n    }\n    decagonal_num\n}\n\nfn main() {\n    let candidate = is_num_decagonal;\n    assert_eq!(candidate(3), 27);\n    assert_eq!(candidate(7), 175);\n    assert_eq!(candidate(10), 370);\n}\n",
      "timestamp": 1666123874,
      "stdout": "",
      "stderr": "thread 'main' panicked at 'assertion failed: `(left == right)`\n  left: `5`,\n right: `27`', /tmp/tmpnsazijvw.rs:14:5\nnote: run with `RUST_BACKTRACE=1` environment variable to display a backtrace\n",
      "exit_code": 101,
      "status": "Exception"
    },
    {
      "program": "/// Write a function to find the nth decagonal number.\nfn is_num_decagonal(n: isize) -> isize {\n    let mut i = 1;\n    let mut num = 1;\n    while i != n {\n        i += 1;\n        num += 3 * i - 2;\n    }\n    num\n}\n\nfn main() {\n    let candidate = is_num_decagonal;\n    assert_eq!(candidate(3), 27);\n    assert_eq!(candidate(7), 175);\n    assert_eq!(candidate(10), 370);\n}\n",
      "timestamp": 1666123874,
      "stdout": "",
      "stderr": "thread 'main' panicked at 'assertion failed: `(left == right)`\n  left: `12`,\n right: `27`', /tmp/tmpg6gmmi0o.rs:14:5\nnote: run with `RUST_BACKTRACE=1` environment variable to display a backtrace\n",
      "exit_code": 101,
      "status": "Exception"
    },
    {
      "program": "/// Write a function to find the nth decagonal number.\nfn is_num_decagonal(n: isize) -> isize {\n    let mut i = 1;\n    let mut num = 0;\n    while i <= n {\n        num = i * (3 * i - 1) / 2;\n        i += 1;\n    }\n    num\n}\n\nfn main() {\n    let candidate = is_num_decagonal;\n    assert_eq!(candidate(3), 27);\n    assert_eq!(candidate(7), 175);\n    assert_eq!(candidate(10), 370);\n}\n",
      "timestamp": 1665510609,
      "stdout": "",
      "stderr": "thread 'main' panicked at 'assertion failed: `(left == right)`\n  left: `12`,\n right: `27`', /tmp/tmpjbf7vlkd.rs:14:5\nnote: run with `RUST_BACKTRACE=1` environment variable to display a backtrace\n",
      "exit_code": 101,
      "status": "Exception"
    },
    {
      "program": "/// Write a function to find the nth decagonal number.\nfn is_num_decagonal(n: isize) -> isize {\n    let mut i = 0;\n    while i * (3 * i - 1) / 2 < n {\n        i += 1;\n    }\n    if i * (3 * i - 1) / 2 == n {\n        i\n    } else {\n        -1\n    }\n}\n\nfn main() {\n    let candidate = is_num_decagonal;\n    assert_eq!(candidate(3), 27);\n    assert_eq!(candidate(7), 175);\n    assert_eq!(candidate(10), 370);\n}\n",
      "timestamp": 1666123874,
      "stdout": "",
      "stderr": "thread 'main' panicked at 'assertion failed: `(left == right)`\n  left: `-1`,\n right: `27`', /tmp/tmp9yx1hugf.rs:16:5\nnote: run with `RUST_BACKTRACE=1` environment variable to display a backtrace\n",
      "exit_code": 101,
      "status": "Exception"
    },
    {
      "program": "/// Write a function to find the nth decagonal number.\nfn is_num_decagonal(n: isize) -> isize {\n    let mut i = 1;\n    while i * (3 * i - 1) / 2 < n {\n        i += 1;\n    }\n    if i * (3 * i - 1) / 2 == n {\n        return i;\n    }\n    return 0;\n}\n\nfn main() {\n    let candidate = is_num_decagonal;\n    assert_eq!(candidate(3), 27);\n    assert_eq!(candidate(7), 175);\n    assert_eq!(candidate(10), 370);\n}\n",
      "timestamp": 1666123874,
      "stdout": "",
      "stderr": "thread 'main' panicked at 'assertion failed: `(left == right)`\n  left: `0`,\n right: `27`', /tmp/tmpwxbnvilp.rs:15:5\nnote: run with `RUST_BACKTRACE=1` environment variable to display a backtrace\n",
      "exit_code": 101,
      "status": "Exception"
    },
    {
      "program": "/// Write a function to find the nth decagonal number.\nfn is_num_decagonal(n: isize) -> isize {\n    let mut i = 1;\n    let mut decagonal_num = i * (3 * i - 1) / 2;\n    while decagonal_num < n {\n        i += 1;\n        decagonal_num = i * (3 * i - 1) / 2;\n    }\n    if decagonal_num == n {\n        return i;\n    }\n    -1\n}\n\nfn main() {\n    let candidate = is_num_decagonal;\n    assert_eq!(candidate(3), 27);\n    assert_eq!(candidate(7), 175);\n    assert_eq!(candidate(10), 370);\n}\n",
      "timestamp": 1666123874,
      "stdout": "",
      "stderr": "thread 'main' panicked at 'assertion failed: `(left == right)`\n  left: `-1`,\n right: `27`', /tmp/tmp1zv2_y6o.rs:17:5\nnote: run with `RUST_BACKTRACE=1` environment variable to display a backtrace\n",
      "exit_code": 101,
      "status": "Exception"
    },
    {
      "program": "/// Write a function to find the nth decagonal number.\nfn is_num_decagonal(n: isize) -> isize {\n    let mut i = 0;\n    loop {\n        let num = i * (3 * i - 1) / 2;\n        if num == n {\n            return i;\n        }\n        if num > n {\n            return -1;\n        }\n        i += 1;\n    }\n}\n\nfn main() {\n    let candidate = is_num_decagonal;\n    assert_eq!(candidate(3), 27);\n    assert_eq!(candidate(7), 175);\n    assert_eq!(candidate(10), 370);\n}\n",
      "timestamp": 1665510609,
      "stdout": "",
      "stderr": "thread 'main' panicked at 'assertion failed: `(left == right)`\n  left: `-1`,\n right: `27`', /tmp/tmpxo386y6f.rs:18:5\nnote: run with `RUST_BACKTRACE=1` environment variable to display a backtrace\n",
      "exit_code": 101,
      "status": "Exception"
    },
    {
      "program": "/// Write a function to find the nth decagonal number.\nfn is_num_decagonal(n: isize) -> isize {\n    let mut i = 0;\n    let mut decagonal = 0;\n    while decagonal < n {\n        i += 1;\n        decagonal = i * (3 * i - 1) / 2;\n    }\n    decagonal\n}\n\nfn main() {\n    let candidate = is_num_decagonal;\n    assert_eq!(candidate(3), 27);\n    assert_eq!(candidate(7), 175);\n    assert_eq!(candidate(10), 370);\n}\n",
      "timestamp": 1666123873,
      "stdout": "",
      "stderr": "thread 'main' panicked at 'assertion failed: `(left == right)`\n  left: `5`,\n right: `27`', /tmp/tmpxgsca60n.rs:14:5\nnote: run with `RUST_BACKTRACE=1` environment variable to display a backtrace\n",
      "exit_code": 101,
      "status": "Exception"
    },
    {
      "program": "/// Write a function to find the nth decagonal number.\nfn is_num_decagonal(n: isize) -> isize {\n    let mut i = 0;\n    loop {\n        let num = i * (3 * i - 1) / 2;\n        if num == n {\n            return i;\n        }\n        i += 1;\n    }\n}\n\nfn main() {\n    let candidate = is_num_decagonal;\n    assert_eq!(candidate(3), 27);\n    assert_eq!(candidate(7), 175);\n    assert_eq!(candidate(10), 370);\n}\n",
      "timestamp": 1666123879,
      "stdout": "",
      "stderr": "",
      "exit_code": -1,
      "status": "Timeout"
    },
    {
      "program": "/// Write a function to find the nth decagonal number.\nfn is_num_decagonal(n: isize) -> isize {\n    let mut i = 0;\n    let mut j = 0;\n    while i < n {\n        j += 1;\n        i = j * (3 * j - 1) / 2;\n    }\n    i\n}\n\nfn main() {\n    let candidate = is_num_decagonal;\n    assert_eq!(candidate(3), 27);\n    assert_eq!(candidate(7), 175);\n    assert_eq!(candidate(10), 370);\n}\n",
      "timestamp": 1666123873,
      "stdout": "",
      "stderr": "thread 'main' panicked at 'assertion failed: `(left == right)`\n  left: `5`,\n right: `27`', /tmp/tmpud42glhp.rs:14:5\nnote: run with `RUST_BACKTRACE=1` environment variable to display a backtrace\n",
      "exit_code": 101,
      "status": "Exception"
    },
    {
      "program": "/// Write a function to find the nth decagonal number.\nfn is_num_decagonal(n: isize) -> isize {\n    let mut i = 0;\n    let mut num = 0;\n    while i < n {\n        i += 1;\n        num = i * (3 * i - 1) / 2;\n    }\n    num\n}\n\nfn main() {\n    let candidate = is_num_decagonal;\n    assert_eq!(candidate(3), 27);\n    assert_eq!(candidate(7), 175);\n    assert_eq!(candidate(10), 370);\n}\n",
      "timestamp": 1666123873,
      "stdout": "",
      "stderr": "thread 'main' panicked at 'assertion failed: `(left == right)`\n  left: `12`,\n right: `27`', /tmp/tmpru5dn6dr.rs:14:5\nnote: run with `RUST_BACKTRACE=1` environment variable to display a backtrace\n",
      "exit_code": 101,
      "status": "Exception"
    },
    {
      "program": "/// Write a function to find the nth decagonal number.\nfn is_num_decagonal(n: isize) -> isize {\n    let mut i = 1;\n    let mut num = 0;\n    while num < n {\n        num = i * (3 * i - 1) / 2;\n        i += 1;\n    }\n    num\n}\n\nfn main() {\n    let candidate = is_num_decagonal;\n    assert_eq!(candidate(3), 27);\n    assert_eq!(candidate(7), 175);\n    assert_eq!(candidate(10), 370);\n}\n",
      "timestamp": 1665510609,
      "stdout": "",
      "stderr": "thread 'main' panicked at 'assertion failed: `(left == right)`\n  left: `5`,\n right: `27`', /tmp/tmpj80kznjb.rs:14:5\nnote: run with `RUST_BACKTRACE=1` environment variable to display a backtrace\n",
      "exit_code": 101,
      "status": "Exception"
    },
    {
      "program": "/// Write a function to find the nth decagonal number.\nfn is_num_decagonal(n: isize) -> isize {\n    let mut i = 1;\n    let mut j = 1;\n    while i < n {\n        j += 3 * i + 1;\n        i += 1;\n    }\n    j\n}\n\nfn main() {\n    let candidate = is_num_decagonal;\n    assert_eq!(candidate(3), 27);\n    assert_eq!(candidate(7), 175);\n    assert_eq!(candidate(10), 370);\n}\n",
      "timestamp": 1666123873,
      "stdout": "",
      "stderr": "thread 'main' panicked at 'assertion failed: `(left == right)`\n  left: `12`,\n right: `27`', /tmp/tmpsyp24jp0.rs:14:5\nnote: run with `RUST_BACKTRACE=1` environment variable to display a backtrace\n",
      "exit_code": 101,
      "status": "Exception"
    },
    {
      "program": "/// Write a function to find the nth decagonal number.\nfn is_num_decagonal(n: isize) -> isize {\n    let mut i = 0;\n    loop {\n        let decagonal = i * (3 * i - 1) / 2;\n        if decagonal == n {\n            return i;\n        }\n        if decagonal > n {\n            return -1;\n        }\n        i += 1;\n    }\n}\n\nfn main() {\n    let candidate = is_num_decagonal;\n    assert_eq!(candidate(3), 27);\n    assert_eq!(candidate(7), 175);\n    assert_eq!(candidate(10), 370);\n}\n",
      "timestamp": 1665510609,
      "stdout": "",
      "stderr": "thread 'main' panicked at 'assertion failed: `(left == right)`\n  left: `-1`,\n right: `27`', /tmp/tmp531_yewa.rs:18:5\nnote: run with `RUST_BACKTRACE=1` environment variable to display a backtrace\n",
      "exit_code": 101,
      "status": "Exception"
    },
    {
      "program": "/// Write a function to find the nth decagonal number.\nfn is_num_decagonal(n: isize) -> isize {\n    let mut i = 1;\n    let mut num = 1;\n    while i < n {\n        num += 3 * i + 1;\n        i += 1;\n    }\n    num\n}\n\nfn main() {\n    let candidate = is_num_decagonal;\n    assert_eq!(candidate(3), 27);\n    assert_eq!(candidate(7), 175);\n    assert_eq!(candidate(10), 370);\n}\n",
      "timestamp": 1665510609,
      "stdout": "",
      "stderr": "thread 'main' panicked at 'assertion failed: `(left == right)`\n  left: `12`,\n right: `27`', /tmp/tmptvtw5fhy.rs:14:5\nnote: run with `RUST_BACKTRACE=1` environment variable to display a backtrace\n",
      "exit_code": 101,
      "status": "Exception"
    },
    {
      "program": "/// Write a function to find the nth decagonal number.\nfn is_num_decagonal(n: isize) -> isize {\n    let mut i = 0;\n    let mut num = 0;\n    while i < n {\n        num += 1;\n        if is_decagonal(num) {\n            i += 1;\n        }\n    }\n    num\n}\n\nfn main() {\n    let candidate = is_num_decagonal;\n    assert_eq!(candidate(3), 27);\n    assert_eq!(candidate(7), 175);\n    assert_eq!(candidate(10), 370);\n}\n",
      "timestamp": 1665510609,
      "stdout": "",
      "stderr": "error[E0425]: cannot find function `is_decagonal` in this scope\n --> /tmp/tmpe69d_7k8.rs:7:12\n  |\n7 |         if is_decagonal(num) {\n  |            ^^^^^^^^^^^^ not found in this scope\n\nerror: aborting due to previous error\n\nFor more information about this error, try `rustc --explain E0425`.\n",
      "exit_code": 1,
      "status": "SyntaxError"
    },
    {
      "program": "/// Write a function to find the nth decagonal number.\nfn is_num_decagonal(n: isize) -> isize {\n    let mut i = 0;\n    let mut j = 0;\n    let mut k = 0;\n    let mut l = 0;\n    let mut m = 0;\n    let mut n = 0;\n    let mut o = 0;\n    let mut p = 0;\n    let mut q = 0;\n    let mut r = 0;\n    let mut s = 0;\n    let mut t = 0;\n    let mut u = 0;\n    let mut v = 0;\n    let mut w = 0;\n    let mut x = 0;\n    let mut y = 0;\n    let mut z = 0;\n    let mut aa = 0;\n    let mut bb = 0;\n    let mut cc = 0;\n    let mut dd = 0;\n    let mut ee = 0;\n    let mut ff = 0;\n    let mut gg = 0;\n    let mut hh = 0;\n    let mut ii = 0;\n    let mut jj = 0;\n    let mut kk = 0;\n    let mut ll = 0;\n    let mut mm = 0;\n    let mut nn = 0;\n    let mut oo = 0;\n    let mut pp = 0;\n    let mut qq = 0;\n    let mut rr = 0;\n    let mut ss = 0;\n    let mut tt = 0;\n    let mut uu = 0;\n    let mut vv = 0;\n    let mut ww = 0;\n    let mut xx = 0;\n    let mut yy = 0;\n    let mut zz = 0;\n    let mut aaa = 0;\n    let mut bbb = 0;\n    let mut ccc = 0;\n    let mut ddd = 0;\n    let mut eee = 0;\n    let mut fff = 0;\n    let mut ggg = 0;\n    let mut hhh = 0;\n    let mut iii = 0;\n    let mut jjj = 0;\n    let mut kkk = 0;\n    let mut lll = 0;\n    let mut mmm = 0;\n    let mut nnn = 0;\n    let mut ooo = 0;\n    let mut ppp = 0;\n}\n\nfn main() {\n    let candidate = is_num_decagonal;\n    assert_eq!(candidate(3), 27);\n    assert_eq!(candidate(7), 175);\n    assert_eq!(candidate(10), 370);\n}\n",
      "timestamp": 1666123873,
      "stdout": "",
      "stderr": "error[E0308]: mismatched types\n --> /tmp/tmprx3afs97.rs:2:34\n  |\n2 | fn is_num_decagonal(n: isize) -> isize {\n  |    ----------------              ^^^^^ expected `isize`, found `()`\n  |    |\n  |    implicitly returns `()` as its body has no tail or `return` expression\n\nerror: aborting due to previous error\n\nFor more information about this error, try `rustc --explain E0308`.\n",
      "exit_code": 1,
      "status": "SyntaxError"
    },
    {
      "program": "/// Write a function to find the nth decagonal number.\nfn is_num_decagonal(n: isize) -> isize {\n    let mut i = 0;\n    loop {\n        let num = (i * (3 * i - 1)) / 2;\n        if num == n {\n            return i;\n        }\n        i += 1;\n    }\n}\n\nfn main() {\n    let candidate = is_num_decagonal;\n    assert_eq!(candidate(3), 27);\n    assert_eq!(candidate(7), 175);\n    assert_eq!(candidate(10), 370);\n}\n",
      "timestamp": 1666123879,
      "stdout": "",
      "stderr": "",
      "exit_code": -1,
      "status": "Timeout"
    },
    {
      "program": "/// Write a function to find the nth decagonal number.\nfn is_num_decagonal(n: isize) -> isize {\n    let mut i = 0;\n    let mut num = 0;\n    while num < n {\n        i += 1;\n        num = i * (3 * i - 1) / 2;\n    }\n    if num == n {\n        i\n    } else {\n        -1\n    }\n}\n\nfn main() {\n    let candidate = is_num_decagonal;\n    assert_eq!(candidate(3), 27);\n    assert_eq!(candidate(7), 175);\n    assert_eq!(candidate(10), 370);\n}\n",
      "timestamp": 1666123874,
      "stdout": "",
      "stderr": "thread 'main' panicked at 'assertion failed: `(left == right)`\n  left: `-1`,\n right: `27`', /tmp/tmpc2sojfrt.rs:18:5\nnote: run with `RUST_BACKTRACE=1` environment variable to display a backtrace\n",
      "exit_code": 101,
      "status": "Exception"
    },
    {
      "program": "/// Write a function to find the nth decagonal number.\nfn is_num_decagonal(n: isize) -> isize {\n    let mut i = 0;\n    let mut num = 0;\n    while i < n {\n        i += 1;\n        num = i * (3 * i - 1) / 2;\n    }\n    num\n}\n\nfn main() {\n    let candidate = is_num_decagonal;\n    assert_eq!(candidate(3), 27);\n    assert_eq!(candidate(7), 175);\n    assert_eq!(candidate(10), 370);\n}\n",
      "timestamp": 1666123873,
      "stdout": "",
      "stderr": "thread 'main' panicked at 'assertion failed: `(left == right)`\n  left: `12`,\n right: `27`', /tmp/tmpru5dn6dr.rs:14:5\nnote: run with `RUST_BACKTRACE=1` environment variable to display a backtrace\n",
      "exit_code": 101,
      "status": "Exception"
    },
    {
      "program": "/// Write a function to find the nth decagonal number.\nfn is_num_decagonal(n: isize) -> isize {\n    let mut i = 1;\n    let mut num = 1;\n    while i < n {\n        num += 3;\n        if is_pentagonal(num) && is_hexagonal(num) {\n            i += 1;\n        }\n    }\n    num\n}\n\nfn main() {\n    let candidate = is_num_decagonal;\n    assert_eq!(candidate(3), 27);\n    assert_eq!(candidate(7), 175);\n    assert_eq!(candidate(10), 370);\n}\n",
      "timestamp": 1666123873,
      "stdout": "",
      "stderr": "error[E0425]: cannot find function `is_pentagonal` in this scope\n --> /tmp/tmpg6hbv2j6.rs:7:12\n  |\n7 |         if is_pentagonal(num) && is_hexagonal(num) {\n  |            ^^^^^^^^^^^^^ not found in this scope\n\nerror[E0425]: cannot find function `is_hexagonal` in this scope\n --> /tmp/tmpg6hbv2j6.rs:7:34\n  |\n7 |         if is_pentagonal(num) && is_hexagonal(num) {\n  |                                  ^^^^^^^^^^^^ not found in this scope\n\nerror: aborting due to 2 previous errors\n\nFor more information about this error, try `rustc --explain E0425`.\n",
      "exit_code": 1,
      "status": "SyntaxError"
    },
    {
      "program": "/// Write a function to find the nth decagonal number.\nfn is_num_decagonal(n: isize) -> isize {\n    let mut i = 0;\n    loop {\n        let decagonal = i * (3 * i - 1) / 2;\n        if decagonal == n {\n            return i;\n        }\n        if decagonal > n {\n            return -1;\n        }\n        i += 1;\n    }\n}\n\nfn main() {\n    let candidate = is_num_decagonal;\n    assert_eq!(candidate(3), 27);\n    assert_eq!(candidate(7), 175);\n    assert_eq!(candidate(10), 370);\n}\n",
      "timestamp": 1665510609,
      "stdout": "",
      "stderr": "thread 'main' panicked at 'assertion failed: `(left == right)`\n  left: `-1`,\n right: `27`', /tmp/tmp531_yewa.rs:18:5\nnote: run with `RUST_BACKTRACE=1` environment variable to display a backtrace\n",
      "exit_code": 101,
      "status": "Exception"
    },
    {
      "program": "/// Write a function to find the nth decagonal number.\nfn is_num_decagonal(n: isize) -> isize {\n    let mut i = 0;\n    loop {\n        i += 1;\n        let num = i * (3 * i - 1) / 2;\n        if num == n {\n            return i;\n        }\n    }\n}\n\nfn main() {\n    let candidate = is_num_decagonal;\n    assert_eq!(candidate(3), 27);\n    assert_eq!(candidate(7), 175);\n    assert_eq!(candidate(10), 370);\n}\n",
      "timestamp": 1666123879,
      "stdout": "",
      "stderr": "",
      "exit_code": -1,
      "status": "Timeout"
    },
    {
      "program": "/// Write a function to find the nth decagonal number.\nfn is_num_decagonal(n: isize) -> isize {\n    let mut i = 0;\n    loop {\n        let decagonal = i * (3 * i - 1) / 2;\n        if decagonal == n {\n            return i;\n        }\n        if decagonal > n {\n            return -1;\n        }\n        i += 1;\n    }\n}\n\nfn main() {\n    let candidate = is_num_decagonal;\n    assert_eq!(candidate(3), 27);\n    assert_eq!(candidate(7), 175);\n    assert_eq!(candidate(10), 370);\n}\n",
      "timestamp": 1665510609,
      "stdout": "",
      "stderr": "thread 'main' panicked at 'assertion failed: `(left == right)`\n  left: `-1`,\n right: `27`', /tmp/tmp531_yewa.rs:18:5\nnote: run with `RUST_BACKTRACE=1` environment variable to display a backtrace\n",
      "exit_code": 101,
      "status": "Exception"
    },
    {
      "program": "/// Write a function to find the nth decagonal number.\nfn is_num_decagonal(n: isize) -> isize {\n    let mut i = 1;\n    let mut d = 1;\n    while i < n {\n        d += 3 * i + 1;\n        i += 1;\n    }\n    d\n}\n\nfn main() {\n    let candidate = is_num_decagonal;\n    assert_eq!(candidate(3), 27);\n    assert_eq!(candidate(7), 175);\n    assert_eq!(candidate(10), 370);\n}\n",
      "timestamp": 1666123874,
      "stdout": "",
      "stderr": "thread 'main' panicked at 'assertion failed: `(left == right)`\n  left: `12`,\n right: `27`', /tmp/tmp1g_ys0pi.rs:14:5\nnote: run with `RUST_BACKTRACE=1` environment variable to display a backtrace\n",
      "exit_code": 101,
      "status": "Exception"
    },
    {
      "program": "/// Write a function to find the nth decagonal number.\nfn is_num_decagonal(n: isize) -> isize {\n    let mut i = 0;\n    let mut num = 0;\n    while i < n {\n        num += 1;\n        if is_decagonal(num) {\n            i += 1;\n        }\n    }\n    num\n}\n\nfn main() {\n    let candidate = is_num_decagonal;\n    assert_eq!(candidate(3), 27);\n    assert_eq!(candidate(7), 175);\n    assert_eq!(candidate(10), 370);\n}\n",
      "timestamp": 1665510609,
      "stdout": "",
      "stderr": "error[E0425]: cannot find function `is_decagonal` in this scope\n --> /tmp/tmpe69d_7k8.rs:7:12\n  |\n7 |         if is_decagonal(num) {\n  |            ^^^^^^^^^^^^ not found in this scope\n\nerror: aborting due to previous error\n\nFor more information about this error, try `rustc --explain E0425`.\n",
      "exit_code": 1,
      "status": "SyntaxError"
    },
    {
      "program": "/// Write a function to find the nth decagonal number.\nfn is_num_decagonal(n: isize) -> isize {\n    let mut i = 1;\n    let mut num = 0;\n    while num < n {\n        num = i * (3 * i - 1) / 2;\n        i += 1;\n    }\n    num\n}\n\nfn main() {\n    let candidate = is_num_decagonal;\n    assert_eq!(candidate(3), 27);\n    assert_eq!(candidate(7), 175);\n    assert_eq!(candidate(10), 370);\n}\n",
      "timestamp": 1665510609,
      "stdout": "",
      "stderr": "thread 'main' panicked at 'assertion failed: `(left == right)`\n  left: `5`,\n right: `27`', /tmp/tmpj80kznjb.rs:14:5\nnote: run with `RUST_BACKTRACE=1` environment variable to display a backtrace\n",
      "exit_code": 101,
      "status": "Exception"
    },
    {
      "program": "/// Write a function to find the nth decagonal number.\nfn is_num_decagonal(n: isize) -> isize {\n    let mut i = 1;\n    let mut num = 0;\n    while num < n {\n        num = i * (3 * i - 1) / 2;\n        i += 1;\n    }\n    num\n}\n\nfn main() {\n    let candidate = is_num_decagonal;\n    assert_eq!(candidate(3), 27);\n    assert_eq!(candidate(7), 175);\n    assert_eq!(candidate(10), 370);\n}\n",
      "timestamp": 1665510609,
      "stdout": "",
      "stderr": "thread 'main' panicked at 'assertion failed: `(left == right)`\n  left: `5`,\n right: `27`', /tmp/tmpj80kznjb.rs:14:5\nnote: run with `RUST_BACKTRACE=1` environment variable to display a backtrace\n",
      "exit_code": 101,
      "status": "Exception"
    },
    {
      "program": "/// Write a function to find the nth decagonal number.\nfn is_num_decagonal(n: isize) -> isize {\n    let mut nth = 0;\n    let mut i = 0;\n    loop {\n        i += 1;\n        nth = i * (3 * i - 2);\n        if nth == n {\n            return i;\n        }\n        if nth > n {\n            return -1;\n        }\n    }\n}\n\nfn main() {\n    let candidate = is_num_decagonal;\n    assert_eq!(candidate(3), 27);\n    assert_eq!(candidate(7), 175);\n    assert_eq!(candidate(10), 370);\n}\n",
      "timestamp": 1666123874,
      "stdout": "",
      "stderr": "thread 'main' panicked at 'assertion failed: `(left == right)`\n  left: `-1`,\n right: `27`', /tmp/tmp20836l8_.rs:19:5\nnote: run with `RUST_BACKTRACE=1` environment variable to display a backtrace\n",
      "exit_code": 101,
      "status": "Exception"
    },
    {
      "program": "/// Write a function to find the nth decagonal number.\nfn is_num_decagonal(n: isize) -> isize {\n    let mut i = 1;\n    let mut num = 0;\n    while num < n {\n        num = i * (3 * i - 1) / 2;\n        i += 1;\n    }\n    num\n}\n\nfn main() {\n    let candidate = is_num_decagonal;\n    assert_eq!(candidate(3), 27);\n    assert_eq!(candidate(7), 175);\n    assert_eq!(candidate(10), 370);\n}\n",
      "timestamp": 1665510609,
      "stdout": "",
      "stderr": "thread 'main' panicked at 'assertion failed: `(left == right)`\n  left: `5`,\n right: `27`', /tmp/tmpj80kznjb.rs:14:5\nnote: run with `RUST_BACKTRACE=1` environment variable to display a backtrace\n",
      "exit_code": 101,
      "status": "Exception"
    },
    {
      "program": "/// Write a function to find the nth decagonal number.\nfn is_num_decagonal(n: isize) -> isize {\n    let mut i = 0;\n    let mut num = 0;\n    while i < n {\n        num += 1;\n        if is_decagonal(num) {\n            i += 1;\n        }\n    }\n    num\n}\n\nfn main() {\n    let candidate = is_num_decagonal;\n    assert_eq!(candidate(3), 27);\n    assert_eq!(candidate(7), 175);\n    assert_eq!(candidate(10), 370);\n}\n",
      "timestamp": 1665510609,
      "stdout": "",
      "stderr": "error[E0425]: cannot find function `is_decagonal` in this scope\n --> /tmp/tmpe69d_7k8.rs:7:12\n  |\n7 |         if is_decagonal(num) {\n  |            ^^^^^^^^^^^^ not found in this scope\n\nerror: aborting due to previous error\n\nFor more information about this error, try `rustc --explain E0425`.\n",
      "exit_code": 1,
      "status": "SyntaxError"
    },
    {
      "program": "/// Write a function to find the nth decagonal number.\nfn is_num_decagonal(n: isize) -> isize {\n    let mut i = 0;\n    let mut num = 0;\n    while i < n {\n        i += 1;\n        num += 3 * i - 2;\n    }\n    num\n}\n\nfn main() {\n    let candidate = is_num_decagonal;\n    assert_eq!(candidate(3), 27);\n    assert_eq!(candidate(7), 175);\n    assert_eq!(candidate(10), 370);\n}\n",
      "timestamp": 1666123874,
      "stdout": "",
      "stderr": "thread 'main' panicked at 'assertion failed: `(left == right)`\n  left: `12`,\n right: `27`', /tmp/tmp248vcfcz.rs:14:5\nnote: run with `RUST_BACKTRACE=1` environment variable to display a backtrace\n",
      "exit_code": 101,
      "status": "Exception"
    },
    {
      "program": "/// Write a function to find the nth decagonal number.\nfn is_num_decagonal(n: isize) -> isize {\n    let mut i = 0;\n    let mut j = 0;\n    while i < n {\n        j += 1;\n        i = j * (3 * j - 1) / 2;\n    }\n    i\n}\n\nfn main() {\n    let candidate = is_num_decagonal;\n    assert_eq!(candidate(3), 27);\n    assert_eq!(candidate(7), 175);\n    assert_eq!(candidate(10), 370);\n}\n",
      "timestamp": 1666123873,
      "stdout": "",
      "stderr": "thread 'main' panicked at 'assertion failed: `(left == right)`\n  left: `5`,\n right: `27`', /tmp/tmpud42glhp.rs:14:5\nnote: run with `RUST_BACKTRACE=1` environment variable to display a backtrace\n",
      "exit_code": 101,
      "status": "Exception"
    },
    {
      "program": "/// Write a function to find the nth decagonal number.\nfn is_num_decagonal(n: isize) -> isize {\n    let mut i = 0;\n    let mut num = 0;\n    while i < n {\n        num += 1;\n        if is_decagonal(num) {\n            i += 1;\n        }\n    }\n    num\n}\n\nfn main() {\n    let candidate = is_num_decagonal;\n    assert_eq!(candidate(3), 27);\n    assert_eq!(candidate(7), 175);\n    assert_eq!(candidate(10), 370);\n}\n",
      "timestamp": 1665510609,
      "stdout": "",
      "stderr": "error[E0425]: cannot find function `is_decagonal` in this scope\n --> /tmp/tmpe69d_7k8.rs:7:12\n  |\n7 |         if is_decagonal(num) {\n  |            ^^^^^^^^^^^^ not found in this scope\n\nerror: aborting due to previous error\n\nFor more information about this error, try `rustc --explain E0425`.\n",
      "exit_code": 1,
      "status": "SyntaxError"
    },
    {
      "program": "/// Write a function to find the nth decagonal number.\nfn is_num_decagonal(n: isize) -> isize {\n    let mut i = 0;\n    let mut j = 0;\n    while i < n {\n        j += 1;\n        i = j * (3 * j - 1) / 2;\n    }\n    i\n}\n\nfn main() {\n    let candidate = is_num_decagonal;\n    assert_eq!(candidate(3), 27);\n    assert_eq!(candidate(7), 175);\n    assert_eq!(candidate(10), 370);\n}\n",
      "timestamp": 1666123873,
      "stdout": "",
      "stderr": "thread 'main' panicked at 'assertion failed: `(left == right)`\n  left: `5`,\n right: `27`', /tmp/tmpud42glhp.rs:14:5\nnote: run with `RUST_BACKTRACE=1` environment variable to display a backtrace\n",
      "exit_code": 101,
      "status": "Exception"
    },
    {
      "program": "/// Write a function to find the nth decagonal number.\nfn is_num_decagonal(n: isize) -> isize {\n    let mut i = 0;\n    let mut decagonal = 0;\n    while decagonal < n {\n        i += 1;\n        decagonal = i * (3 * i - 2);\n    }\n    if decagonal == n {\n        return i;\n    }\n    return 0;\n}\n\nfn main() {\n    let candidate = is_num_decagonal;\n    assert_eq!(candidate(3), 27);\n    assert_eq!(candidate(7), 175);\n    assert_eq!(candidate(10), 370);\n}\n",
      "timestamp": 1666123874,
      "stdout": "",
      "stderr": "thread 'main' panicked at 'assertion failed: `(left == right)`\n  left: `0`,\n right: `27`', /tmp/tmptj__pzkx.rs:17:5\nnote: run with `RUST_BACKTRACE=1` environment variable to display a backtrace\n",
      "exit_code": 101,
      "status": "Exception"
    },
    {
      "program": "/// Write a function to find the nth decagonal number.\nfn is_num_decagonal(n: isize) -> isize {\n    let mut i = 1;\n    let mut num = 0;\n    while num < n {\n        num = i * (3 * i - 1) / 2;\n        i += 1;\n    }\n    num\n}\n\nfn main() {\n    let candidate = is_num_decagonal;\n    assert_eq!(candidate(3), 27);\n    assert_eq!(candidate(7), 175);\n    assert_eq!(candidate(10), 370);\n}\n",
      "timestamp": 1665510609,
      "stdout": "",
      "stderr": "thread 'main' panicked at 'assertion failed: `(left == right)`\n  left: `5`,\n right: `27`', /tmp/tmpj80kznjb.rs:14:5\nnote: run with `RUST_BACKTRACE=1` environment variable to display a backtrace\n",
      "exit_code": 101,
      "status": "Exception"
    },
    {
      "program": "/// Write a function to find the nth decagonal number.\nfn is_num_decagonal(n: isize) -> isize {\n    let mut i = 1;\n    let mut num = 1;\n    while i < n {\n        num += 3 * i + 1;\n        i += 1;\n    }\n    num\n}\n\nfn main() {\n    let candidate = is_num_decagonal;\n    assert_eq!(candidate(3), 27);\n    assert_eq!(candidate(7), 175);\n    assert_eq!(candidate(10), 370);\n}\n",
      "timestamp": 1665510609,
      "stdout": "",
      "stderr": "thread 'main' panicked at 'assertion failed: `(left == right)`\n  left: `12`,\n right: `27`', /tmp/tmptvtw5fhy.rs:14:5\nnote: run with `RUST_BACKTRACE=1` environment variable to display a backtrace\n",
      "exit_code": 101,
      "status": "Exception"
    },
    {
      "program": "/// Write a function to find the nth decagonal number.\nfn is_num_decagonal(n: isize) -> isize {\n    let mut i = 0;\n    let mut nth_decagonal = 0;\n    while nth_decagonal < n {\n        i += 1;\n        nth_decagonal = i * (3 * i - 2);\n    }\n    if nth_decagonal == n {\n        return i;\n    }\n    -1\n}\n\nfn main() {\n    let candidate = is_num_decagonal;\n    assert_eq!(candidate(3), 27);\n    assert_eq!(candidate(7), 175);\n    assert_eq!(candidate(10), 370);\n}\n",
      "timestamp": 1666123874,
      "stdout": "",
      "stderr": "thread 'main' panicked at 'assertion failed: `(left == right)`\n  left: `-1`,\n right: `27`', /tmp/tmpxgq6g1tb.rs:17:5\nnote: run with `RUST_BACKTRACE=1` environment variable to display a backtrace\n",
      "exit_code": 101,
      "status": "Exception"
    },
    {
      "program": "/// Write a function to find the nth decagonal number.\nfn is_num_decagonal(n: isize) -> isize {\n    let mut i = 0;\n    let mut num = 0;\n    while i < n {\n        i += 1;\n        num += 10 * i - 9;\n    }\n    num\n}\n\nfn main() {\n    let candidate = is_num_decagonal;\n    assert_eq!(candidate(3), 27);\n    assert_eq!(candidate(7), 175);\n    assert_eq!(candidate(10), 370);\n}\n",
      "timestamp": 1666123874,
      "stdout": "",
      "stderr": "thread 'main' panicked at 'assertion failed: `(left == right)`\n  left: `33`,\n right: `27`', /tmp/tmpg_tfi4uo.rs:14:5\nnote: run with `RUST_BACKTRACE=1` environment variable to display a backtrace\n",
      "exit_code": 101,
      "status": "Exception"
    },
    {
      "program": "/// Write a function to find the nth decagonal number.\nfn is_num_decagonal(n: isize) -> isize {\n    let mut i = 1;\n    let mut num = 0;\n    while num < n {\n        num = i * (3 * i - 1) / 2;\n        i += 1;\n    }\n    num\n}\n\nfn main() {\n    let candidate = is_num_decagonal;\n    assert_eq!(candidate(3), 27);\n    assert_eq!(candidate(7), 175);\n    assert_eq!(candidate(10), 370);\n}\n",
      "timestamp": 1665510609,
      "stdout": "",
      "stderr": "thread 'main' panicked at 'assertion failed: `(left == right)`\n  left: `5`,\n right: `27`', /tmp/tmpj80kznjb.rs:14:5\nnote: run with `RUST_BACKTRACE=1` environment variable to display a backtrace\n",
      "exit_code": 101,
      "status": "Exception"
    },
    {
      "program": "/// Write a function to find the nth decagonal number.\nfn is_num_decagonal(n: isize) -> isize {\n    let mut i = 0;\n    loop {\n        let num = i * (3 * i - 1) / 2;\n        if num == n {\n            return i;\n        }\n        if num > n {\n            return -1;\n        }\n        i += 1;\n    }\n}\n\nfn main() {\n    let candidate = is_num_decagonal;\n    assert_eq!(candidate(3), 27);\n    assert_eq!(candidate(7), 175);\n    assert_eq!(candidate(10), 370);\n}\n",
      "timestamp": 1665510609,
      "stdout": "",
      "stderr": "thread 'main' panicked at 'assertion failed: `(left == right)`\n  left: `-1`,\n right: `27`', /tmp/tmpxo386y6f.rs:18:5\nnote: run with `RUST_BACKTRACE=1` environment variable to display a backtrace\n",
      "exit_code": 101,
      "status": "Exception"
    },
    {
      "program": "/// Write a function to find the nth decagonal number.\nfn is_num_decagonal(n: isize) -> isize {\n    let mut i = 0;\n    let mut num = 0;\n    while num < n {\n        i += 1;\n        num = i * (3 * i - 1) / 2;\n    }\n    if num == n {\n        i\n    } else {\n        -1\n    }\n}\n\nfn main() {\n    let candidate = is_num_decagonal;\n    assert_eq!(candidate(3), 27);\n    assert_eq!(candidate(7), 175);\n    assert_eq!(candidate(10), 370);\n}\n",
      "timestamp": 1666123874,
      "stdout": "",
      "stderr": "thread 'main' panicked at 'assertion failed: `(left == right)`\n  left: `-1`,\n right: `27`', /tmp/tmpc2sojfrt.rs:18:5\nnote: run with `RUST_BACKTRACE=1` environment variable to display a backtrace\n",
      "exit_code": 101,
      "status": "Exception"
    },
    {
      "program": "/// Write a function to find the nth decagonal number.\nfn is_num_decagonal(n: isize) -> isize {\n    let mut i = 0;\n    let mut num = 0;\n    while i < n {\n        num += 1;\n        if is_decagonal(num) {\n            i += 1;\n        }\n    }\n    num\n}\n\nfn main() {\n    let candidate = is_num_decagonal;\n    assert_eq!(candidate(3), 27);\n    assert_eq!(candidate(7), 175);\n    assert_eq!(candidate(10), 370);\n}\n",
      "timestamp": 1665510609,
      "stdout": "",
      "stderr": "error[E0425]: cannot find function `is_decagonal` in this scope\n --> /tmp/tmpe69d_7k8.rs:7:12\n  |\n7 |         if is_decagonal(num) {\n  |            ^^^^^^^^^^^^ not found in this scope\n\nerror: aborting due to previous error\n\nFor more information about this error, try `rustc --explain E0425`.\n",
      "exit_code": 1,
      "status": "SyntaxError"
    },
    {
      "program": "/// Write a function to find the nth decagonal number.\nfn is_num_decagonal(n: isize) -> isize {\n    let mut i = 1;\n    let mut num = 0;\n    while num < n {\n        num = i * (3 * i - 1) / 2;\n        i += 1;\n    }\n    num\n}\n\nfn main() {\n    let candidate = is_num_decagonal;\n    assert_eq!(candidate(3), 27);\n    assert_eq!(candidate(7), 175);\n    assert_eq!(candidate(10), 370);\n}\n",
      "timestamp": 1665510609,
      "stdout": "",
      "stderr": "thread 'main' panicked at 'assertion failed: `(left == right)`\n  left: `5`,\n right: `27`', /tmp/tmpj80kznjb.rs:14:5\nnote: run with `RUST_BACKTRACE=1` environment variable to display a backtrace\n",
      "exit_code": 101,
      "status": "Exception"
    },
    {
      "program": "/// Write a function to find the nth decagonal number.\nfn is_num_decagonal(n: isize) -> isize {\n    let mut i = 1;\n    let mut num = 0;\n    while num < n {\n        num = i * (3 * i - 1) / 2;\n        i += 1;\n    }\n    num\n}\n\nfn main() {\n    let candidate = is_num_decagonal;\n    assert_eq!(candidate(3), 27);\n    assert_eq!(candidate(7), 175);\n    assert_eq!(candidate(10), 370);\n}\n",
      "timestamp": 1665510609,
      "stdout": "",
      "stderr": "thread 'main' panicked at 'assertion failed: `(left == right)`\n  left: `5`,\n right: `27`', /tmp/tmpj80kznjb.rs:14:5\nnote: run with `RUST_BACKTRACE=1` environment variable to display a backtrace\n",
      "exit_code": 101,
      "status": "Exception"
    },
    {
      "program": "/// Write a function to find the nth decagonal number.\nfn is_num_decagonal(n: isize) -> isize {\n    let mut i: isize = 1;\n    let mut num: isize = 0;\n    while i <= n {\n        num = i * (3 * i - 1) / 2;\n        i += 1;\n    }\n    num\n}\n\nfn main() {\n    let candidate = is_num_decagonal;\n    assert_eq!(candidate(3), 27);\n    assert_eq!(candidate(7), 175);\n    assert_eq!(candidate(10), 370);\n}\n",
      "timestamp": 1666123874,
      "stdout": "",
      "stderr": "thread 'main' panicked at 'assertion failed: `(left == right)`\n  left: `12`,\n right: `27`', /tmp/tmpbzdb5q6v.rs:14:5\nnote: run with `RUST_BACKTRACE=1` environment variable to display a backtrace\n",
      "exit_code": 101,
      "status": "Exception"
    },
    {
      "program": "/// Write a function to find the nth decagonal number.\nfn is_num_decagonal(n: isize) -> isize {\n    let mut i = 1;\n    let mut num = 0;\n    while num < n {\n        num = i * (3 * i - 1) / 2;\n        i += 1;\n    }\n    num\n}\n\nfn main() {\n    let candidate = is_num_decagonal;\n    assert_eq!(candidate(3), 27);\n    assert_eq!(candidate(7), 175);\n    assert_eq!(candidate(10), 370);\n}\n",
      "timestamp": 1665510609,
      "stdout": "",
      "stderr": "thread 'main' panicked at 'assertion failed: `(left == right)`\n  left: `5`,\n right: `27`', /tmp/tmpj80kznjb.rs:14:5\nnote: run with `RUST_BACKTRACE=1` environment variable to display a backtrace\n",
      "exit_code": 101,
      "status": "Exception"
    },
    {
      "program": "/// Write a function to find the nth decagonal number.\nfn is_num_decagonal(n: isize) -> isize {\n    let mut i = 0;\n    let mut num = 0;\n    while i < n {\n        num += 1;\n        if is_decagonal(num) {\n            i += 1;\n        }\n    }\n    num\n}\n\nfn main() {\n    let candidate = is_num_decagonal;\n    assert_eq!(candidate(3), 27);\n    assert_eq!(candidate(7), 175);\n    assert_eq!(candidate(10), 370);\n}\n",
      "timestamp": 1665510609,
      "stdout": "",
      "stderr": "error[E0425]: cannot find function `is_decagonal` in this scope\n --> /tmp/tmpe69d_7k8.rs:7:12\n  |\n7 |         if is_decagonal(num) {\n  |            ^^^^^^^^^^^^ not found in this scope\n\nerror: aborting due to previous error\n\nFor more information about this error, try `rustc --explain E0425`.\n",
      "exit_code": 1,
      "status": "SyntaxError"
    },
    {
      "program": "/// Write a function to find the nth decagonal number.\nfn is_num_decagonal(n: isize) -> isize {\n    let mut i = 0;\n    loop {\n        let decagonal = i * (3 * i - 1) / 2;\n        if decagonal == n {\n            return i;\n        }\n        if decagonal > n {\n            return -1;\n        }\n        i += 1;\n    }\n}\n\nfn main() {\n    let candidate = is_num_decagonal;\n    assert_eq!(candidate(3), 27);\n    assert_eq!(candidate(7), 175);\n    assert_eq!(candidate(10), 370);\n}\n",
      "timestamp": 1665510609,
      "stdout": "",
      "stderr": "thread 'main' panicked at 'assertion failed: `(left == right)`\n  left: `-1`,\n right: `27`', /tmp/tmp531_yewa.rs:18:5\nnote: run with `RUST_BACKTRACE=1` environment variable to display a backtrace\n",
      "exit_code": 101,
      "status": "Exception"
    },
    {
      "program": "/// Write a function to find the nth decagonal number.\nfn is_num_decagonal(n: isize) -> isize {\n    let mut i = 1;\n    let mut num = 0;\n    while num < n {\n        num = i * (3 * i - 1) / 2;\n        i += 1;\n    }\n    num\n}\n\nfn main() {\n    let candidate = is_num_decagonal;\n    assert_eq!(candidate(3), 27);\n    assert_eq!(candidate(7), 175);\n    assert_eq!(candidate(10), 370);\n}\n",
      "timestamp": 1665510609,
      "stdout": "",
      "stderr": "thread 'main' panicked at 'assertion failed: `(left == right)`\n  left: `5`,\n right: `27`', /tmp/tmpj80kznjb.rs:14:5\nnote: run with `RUST_BACKTRACE=1` environment variable to display a backtrace\n",
      "exit_code": 101,
      "status": "Exception"
    },
    {
      "program": "/// Write a function to find the nth decagonal number.\nfn is_num_decagonal(n: isize) -> isize {\n    let mut i = 1;\n    let mut num = 1;\n    while i < n {\n        num += 3 * i + 1;\n        i += 1;\n    }\n    num\n}\n\nfn main() {\n    let candidate = is_num_decagonal;\n    assert_eq!(candidate(3), 27);\n    assert_eq!(candidate(7), 175);\n    assert_eq!(candidate(10), 370);\n}\n",
      "timestamp": 1665510609,
      "stdout": "",
      "stderr": "thread 'main' panicked at 'assertion failed: `(left == right)`\n  left: `12`,\n right: `27`', /tmp/tmptvtw5fhy.rs:14:5\nnote: run with `RUST_BACKTRACE=1` environment variable to display a backtrace\n",
      "exit_code": 101,
      "status": "Exception"
    },
    {
      "program": "/// Write a function to find the nth decagonal number.\nfn is_num_decagonal(n: isize) -> isize {\n    let mut i = 1;\n    let mut num = 0;\n    while i <= n {\n        num += i * 10;\n        i += 1;\n    }\n    num\n}\n\nfn main() {\n    let candidate = is_num_decagonal;\n    assert_eq!(candidate(3), 27);\n    assert_eq!(candidate(7), 175);\n    assert_eq!(candidate(10), 370);\n}\n",
      "timestamp": 1666123873,
      "stdout": "",
      "stderr": "thread 'main' panicked at 'assertion failed: `(left == right)`\n  left: `60`,\n right: `27`', /tmp/tmpkq7kt55t.rs:14:5\nnote: run with `RUST_BACKTRACE=1` environment variable to display a backtrace\n",
      "exit_code": 101,
      "status": "Exception"
    },
    {
      "program": "/// Write a function to find the nth decagonal number.\nfn is_num_decagonal(n: isize) -> isize {\n    let mut i = 1;\n    let mut num = 0;\n    while i <= n {\n        num = i * (3 * i - 1) / 2;\n        i += 1;\n    }\n    num\n}\n\nfn main() {\n    let candidate = is_num_decagonal;\n    assert_eq!(candidate(3), 27);\n    assert_eq!(candidate(7), 175);\n    assert_eq!(candidate(10), 370);\n}\n",
      "timestamp": 1665510609,
      "stdout": "",
      "stderr": "thread 'main' panicked at 'assertion failed: `(left == right)`\n  left: `12`,\n right: `27`', /tmp/tmpjbf7vlkd.rs:14:5\nnote: run with `RUST_BACKTRACE=1` environment variable to display a backtrace\n",
      "exit_code": 101,
      "status": "Exception"
    },
    {
      "program": "/// Write a function to find the nth decagonal number.\nfn is_num_decagonal(n: isize) -> isize {\n    let mut i = 0;\n    let mut num = 0;\n    while i < n {\n        num += 1;\n        if is_decagonal(num) {\n            i += 1;\n        }\n    }\n    num\n}\n\nfn main() {\n    let candidate = is_num_decagonal;\n    assert_eq!(candidate(3), 27);\n    assert_eq!(candidate(7), 175);\n    assert_eq!(candidate(10), 370);\n}\n",
      "timestamp": 1665510609,
      "stdout": "",
      "stderr": "error[E0425]: cannot find function `is_decagonal` in this scope\n --> /tmp/tmpe69d_7k8.rs:7:12\n  |\n7 |         if is_decagonal(num) {\n  |            ^^^^^^^^^^^^ not found in this scope\n\nerror: aborting due to previous error\n\nFor more information about this error, try `rustc --explain E0425`.\n",
      "exit_code": 1,
      "status": "SyntaxError"
    },
    {
      "program": "/// Write a function to find the nth decagonal number.\nfn is_num_decagonal(n: isize) -> isize {\n    let mut i = 1;\n    let mut num = 0;\n    while num < n {\n        num = i * (3 * i - 1) / 2;\n        i += 1;\n    }\n    num\n}\n\nfn main() {\n    let candidate = is_num_decagonal;\n    assert_eq!(candidate(3), 27);\n    assert_eq!(candidate(7), 175);\n    assert_eq!(candidate(10), 370);\n}\n",
      "timestamp": 1665510609,
      "stdout": "",
      "stderr": "thread 'main' panicked at 'assertion failed: `(left == right)`\n  left: `5`,\n right: `27`', /tmp/tmpj80kznjb.rs:14:5\nnote: run with `RUST_BACKTRACE=1` environment variable to display a backtrace\n",
      "exit_code": 101,
      "status": "Exception"
    },
    {
      "program": "/// Write a function to find the nth decagonal number.\nfn is_num_decagonal(n: isize) -> isize {\n    let mut i = 1;\n    let mut j = 1;\n    while i < n {\n        j += 3 * i + 1;\n        i += 1;\n    }\n    j\n}\n\nfn main() {\n    let candidate = is_num_decagonal;\n    assert_eq!(candidate(3), 27);\n    assert_eq!(candidate(7), 175);\n    assert_eq!(candidate(10), 370);\n}\n",
      "timestamp": 1666123873,
      "stdout": "",
      "stderr": "thread 'main' panicked at 'assertion failed: `(left == right)`\n  left: `12`,\n right: `27`', /tmp/tmpsyp24jp0.rs:14:5\nnote: run with `RUST_BACKTRACE=1` environment variable to display a backtrace\n",
      "exit_code": 101,
      "status": "Exception"
    },
    {
      "program": "/// Write a function to find the nth decagonal number.\nfn is_num_decagonal(n: isize) -> isize {\n    let mut i = 0;\n    let mut num = 0;\n    while num < n {\n        i += 1;\n        num = i * (3 * i - 1) / 2;\n    }\n    num\n}\n\nfn main() {\n    let candidate = is_num_decagonal;\n    assert_eq!(candidate(3), 27);\n    assert_eq!(candidate(7), 175);\n    assert_eq!(candidate(10), 370);\n}\n",
      "timestamp": 1666123874,
      "stdout": "",
      "stderr": "thread 'main' panicked at 'assertion failed: `(left == right)`\n  left: `5`,\n right: `27`', /tmp/tmp6z13363l.rs:14:5\nnote: run with `RUST_BACKTRACE=1` environment variable to display a backtrace\n",
      "exit_code": 101,
      "status": "Exception"
    },
    {
      "program": "/// Write a function to find the nth decagonal number.\nfn is_num_decagonal(n: isize) -> isize {\n    let mut n = n;\n    let mut i = 1;\n    let mut decagonal = 0;\n    while n > 0 {\n        decagonal = i * (3 * i - 1) / 2;\n        if decagonal % 10 == 0 {\n            n -= 1;\n        }\n        i += 1;\n    }\n    decagonal\n}\n\nfn main() {\n    let candidate = is_num_decagonal;\n    assert_eq!(candidate(3), 27);\n    assert_eq!(candidate(7), 175);\n    assert_eq!(candidate(10), 370);\n}\n",
      "timestamp": 1666123874,
      "stdout": "",
      "stderr": "thread 'main' panicked at 'assertion failed: `(left == right)`\n  left: `330`,\n right: `27`', /tmp/tmp53esdaru.rs:18:5\nnote: run with `RUST_BACKTRACE=1` environment variable to display a backtrace\n",
      "exit_code": 101,
      "status": "Exception"
    },
    {
      "program": "/// Write a function to find the nth decagonal number.\nfn is_num_decagonal(n: isize) -> isize {\n    let mut i = 0;\n    loop {\n        let num = i * (3 * i - 1) / 2;\n        if num == n {\n            return i;\n        }\n        if num > n {\n            return -1;\n        }\n        i += 1;\n    }\n}\n\nfn main() {\n    let candidate = is_num_decagonal;\n    assert_eq!(candidate(3), 27);\n    assert_eq!(candidate(7), 175);\n    assert_eq!(candidate(10), 370);\n}\n",
      "timestamp": 1665510609,
      "stdout": "",
      "stderr": "thread 'main' panicked at 'assertion failed: `(left == right)`\n  left: `-1`,\n right: `27`', /tmp/tmpxo386y6f.rs:18:5\nnote: run with `RUST_BACKTRACE=1` environment variable to display a backtrace\n",
      "exit_code": 101,
      "status": "Exception"
    },
    {
      "program": "/// Write a function to find the nth decagonal number.\nfn is_num_decagonal(n: isize) -> isize {\n    let mut i = 0;\n    let mut num = 0;\n    while i < n {\n        num += 1;\n        if is_decagonal(num) {\n            i += 1;\n        }\n    }\n    num\n}\n\nfn main() {\n    let candidate = is_num_decagonal;\n    assert_eq!(candidate(3), 27);\n    assert_eq!(candidate(7), 175);\n    assert_eq!(candidate(10), 370);\n}\n",
      "timestamp": 1665510609,
      "stdout": "",
      "stderr": "error[E0425]: cannot find function `is_decagonal` in this scope\n --> /tmp/tmpe69d_7k8.rs:7:12\n  |\n7 |         if is_decagonal(num) {\n  |            ^^^^^^^^^^^^ not found in this scope\n\nerror: aborting due to previous error\n\nFor more information about this error, try `rustc --explain E0425`.\n",
      "exit_code": 1,
      "status": "SyntaxError"
    },
    {
      "program": "/// Write a function to find the nth decagonal number.\nfn is_num_decagonal(n: isize) -> isize {\n    let mut i = 1;\n    let mut decagonal = 1;\n    while i < n {\n        i += 1;\n        decagonal += 3 * i - 2;\n    }\n    decagonal\n}\n\nfn main() {\n    let candidate = is_num_decagonal;\n    assert_eq!(candidate(3), 27);\n    assert_eq!(candidate(7), 175);\n    assert_eq!(candidate(10), 370);\n}\n",
      "timestamp": 1666123873,
      "stdout": "",
      "stderr": "thread 'main' panicked at 'assertion failed: `(left == right)`\n  left: `12`,\n right: `27`', /tmp/tmp9cbd2yez.rs:14:5\nnote: run with `RUST_BACKTRACE=1` environment variable to display a backtrace\n",
      "exit_code": 101,
      "status": "Exception"
    }
  ]
}