{
  "name": "mbpp_765_is_polite",
  "language": "rs",
  "prompt": "/// Write a function to find nth polite number. geeksforgeeks.org/n-th-polite-number/\nfn is_polite(n: isize) -> isize {\n",
  "doctests": "transform",
  "original": "/home/arjun/repos/MultiPL-E/datasets/../datasets/mbpp-typed/mbpp_765_is_polite.py",
  "prompt_terminology": "reworded",
  "tests": "}\n\nfn main() {\n    let candidate = is_polite;\n    assert_eq!(candidate(7), 11);\n    assert_eq!(candidate(4), 7);\n    assert_eq!(candidate(9), 13);\n}\n",
  "stop_tokens": [
    "\n}"
  ],
  "results": [
    {
      "program": "/// Write a function to find nth polite number. geeksforgeeks.org/n-th-polite-number/\nfn is_polite(n: isize) -> isize {\n    let mut i = 1;\n    let mut count = 0;\n    while count < n {\n        if is_prime(i) {\n            count += 1;\n        }\n        i += 1;\n    }\n    i - 1\n}\n\nfn main() {\n    let candidate = is_polite;\n    assert_eq!(candidate(7), 11);\n    assert_eq!(candidate(4), 7);\n    assert_eq!(candidate(9), 13);\n}\n",
      "timestamp": 1665517549,
      "stdout": "",
      "stderr": "error[E0425]: cannot find function `is_prime` in this scope\n --> /tmp/tmpdg7ab2ns.rs:6:12\n  |\n6 |         if is_prime(i) {\n  |            ^^^^^^^^ not found in this scope\n\nerror: aborting due to previous error\n\nFor more information about this error, try `rustc --explain E0425`.\n",
      "exit_code": 1,
      "status": "SyntaxError"
    },
    {
      "program": "/// Write a function to find nth polite number. geeksforgeeks.org/n-th-polite-number/\nfn is_polite(n: isize) -> isize {\n    let mut i = 1;\n    let mut count = 0;\n    while count < n {\n        if is_prime(i) {\n            count += 1;\n        }\n        i += 1;\n    }\n    i - 1\n}\n\nfn main() {\n    let candidate = is_polite;\n    assert_eq!(candidate(7), 11);\n    assert_eq!(candidate(4), 7);\n    assert_eq!(candidate(9), 13);\n}\n",
      "timestamp": 1665517549,
      "stdout": "",
      "stderr": "error[E0425]: cannot find function `is_prime` in this scope\n --> /tmp/tmpdg7ab2ns.rs:6:12\n  |\n6 |         if is_prime(i) {\n  |            ^^^^^^^^ not found in this scope\n\nerror: aborting due to previous error\n\nFor more information about this error, try `rustc --explain E0425`.\n",
      "exit_code": 1,
      "status": "SyntaxError"
    },
    {
      "program": "/// Write a function to find nth polite number. geeksforgeeks.org/n-th-polite-number/\nfn is_polite(n: isize) -> isize {\n    let mut i = 1;\n    let mut count = 0;\n    while count < n {\n        if is_prime(i) {\n            count += 1;\n        }\n        i += 1;\n    }\n    i - 1\n}\n\nfn main() {\n    let candidate = is_polite;\n    assert_eq!(candidate(7), 11);\n    assert_eq!(candidate(4), 7);\n    assert_eq!(candidate(9), 13);\n}\n",
      "timestamp": 1665517549,
      "stdout": "",
      "stderr": "error[E0425]: cannot find function `is_prime` in this scope\n --> /tmp/tmpdg7ab2ns.rs:6:12\n  |\n6 |         if is_prime(i) {\n  |            ^^^^^^^^ not found in this scope\n\nerror: aborting due to previous error\n\nFor more information about this error, try `rustc --explain E0425`.\n",
      "exit_code": 1,
      "status": "SyntaxError"
    },
    {
      "program": "/// Write a function to find nth polite number. geeksforgeeks.org/n-th-polite-number/\nfn is_polite(n: isize) -> isize {\n    let mut i = 1;\n    let mut j = 1;\n    let mut count = 0;\n    while count < n {\n        if i % 2 == 0 {\n            count += 1;\n        }\n        if j % 3 == 0 {\n            count += 1;\n        }\n        if i % 5 == 0 {\n            count += 1;\n        }\n        if count < n {\n            i += 1;\n            j += 1;\n        }\n    }\n    i\n}\n\nfn main() {\n    let candidate = is_polite;\n    assert_eq!(candidate(7), 11);\n    assert_eq!(candidate(4), 7);\n    assert_eq!(candidate(9), 13);\n}\n",
      "timestamp": 1665517549,
      "stdout": "",
      "stderr": "thread 'main' panicked at 'assertion failed: `(left == right)`\n  left: `8`,\n right: `11`', /tmp/tmpqxpce7fl.rs:26:5\nnote: run with `RUST_BACKTRACE=1` environment variable to display a backtrace\n",
      "exit_code": 101,
      "status": "Exception"
    },
    {
      "program": "/// Write a function to find nth polite number. geeksforgeeks.org/n-th-polite-number/\nfn is_polite(n: isize) -> isize {\n    let mut i = 1;\n    let mut j = 1;\n    let mut count = 0;\n    while count < n {\n        if i % 2 == 0 {\n            count += 1;\n        }\n        if j % 3 == 0 {\n            count += 1;\n        }\n        if i % 5 == 0 {\n            count += 1;\n        }\n        if count == n {\n            return i;\n        }\n        i += 1;\n        j += 1;\n    }\n    return 0;\n}\n\nfn main() {\n    let candidate = is_polite;\n    assert_eq!(candidate(7), 11);\n    assert_eq!(candidate(4), 7);\n    assert_eq!(candidate(9), 13);\n}\n",
      "timestamp": 1665517549,
      "stdout": "",
      "stderr": "thread 'main' panicked at 'assertion failed: `(left == right)`\n  left: `8`,\n right: `11`', /tmp/tmp6mfe6k3v.rs:27:5\nnote: run with `RUST_BACKTRACE=1` environment variable to display a backtrace\n",
      "exit_code": 101,
      "status": "Exception"
    },
    {
      "program": "/// Write a function to find nth polite number. geeksforgeeks.org/n-th-polite-number/\nfn is_polite(n: isize) -> isize {\n    let mut n = n;\n    let mut count = 0;\n    while n % 2 == 0 {\n        n /= 2;\n        count += 1;\n    }\n    while n % 3 == 0 {\n        n /= 3;\n        count += 1;\n    }\n    while n % 5 == 0 {\n        n /= 5;\n        count += 1;\n    }\n    if n == 1 {\n        count\n    } else {\n        0\n    }\n}\n\nfn main() {\n    let candidate = is_polite;\n    assert_eq!(candidate(7), 11);\n    assert_eq!(candidate(4), 7);\n    assert_eq!(candidate(9), 13);\n}\n",
      "timestamp": 1665517549,
      "stdout": "",
      "stderr": "thread 'main' panicked at 'assertion failed: `(left == right)`\n  left: `0`,\n right: `11`', /tmp/tmp2jkvu0be.rs:26:5\nnote: run with `RUST_BACKTRACE=1` environment variable to display a backtrace\n",
      "exit_code": 101,
      "status": "Exception"
    },
    {
      "program": "/// Write a function to find nth polite number. geeksforgeeks.org/n-th-polite-number/\nfn is_polite(n: isize) -> isize {\n    let mut i = 1;\n    let mut count = 0;\n    while count < n {\n        if is_prime(i) {\n            count += 1;\n        }\n        i += 1;\n    }\n    i - 1\n}\n\nfn main() {\n    let candidate = is_polite;\n    assert_eq!(candidate(7), 11);\n    assert_eq!(candidate(4), 7);\n    assert_eq!(candidate(9), 13);\n}\n",
      "timestamp": 1665517549,
      "stdout": "",
      "stderr": "error[E0425]: cannot find function `is_prime` in this scope\n --> /tmp/tmpdg7ab2ns.rs:6:12\n  |\n6 |         if is_prime(i) {\n  |            ^^^^^^^^ not found in this scope\n\nerror: aborting due to previous error\n\nFor more information about this error, try `rustc --explain E0425`.\n",
      "exit_code": 1,
      "status": "SyntaxError"
    },
    {
      "program": "/// Write a function to find nth polite number. geeksforgeeks.org/n-th-polite-number/\nfn is_polite(n: isize) -> isize {\n    let mut n = n;\n    let mut count = 0;\n    while n > 0 {\n        if n % 10 == 4 {\n            count += 1;\n        }\n        n /= 10;\n    }\n    count\n}\n\nfn main() {\n    let candidate = is_polite;\n    assert_eq!(candidate(7), 11);\n    assert_eq!(candidate(4), 7);\n    assert_eq!(candidate(9), 13);\n}\n",
      "timestamp": 1665517549,
      "stdout": "",
      "stderr": "thread 'main' panicked at 'assertion failed: `(left == right)`\n  left: `0`,\n right: `11`', /tmp/tmp6vyc89rg.rs:16:5\nnote: run with `RUST_BACKTRACE=1` environment variable to display a backtrace\n",
      "exit_code": 101,
      "status": "Exception"
    },
    {
      "program": "/// Write a function to find nth polite number. geeksforgeeks.org/n-th-polite-number/\nfn is_polite(n: isize) -> isize {\n    let mut i = 1;\n    let mut count = 0;\n    while count < n {\n        if is_prime(i) {\n            count += 1;\n        }\n        i += 1;\n    }\n    i - 1\n}\n\nfn main() {\n    let candidate = is_polite;\n    assert_eq!(candidate(7), 11);\n    assert_eq!(candidate(4), 7);\n    assert_eq!(candidate(9), 13);\n}\n",
      "timestamp": 1665517549,
      "stdout": "",
      "stderr": "error[E0425]: cannot find function `is_prime` in this scope\n --> /tmp/tmpdg7ab2ns.rs:6:12\n  |\n6 |         if is_prime(i) {\n  |            ^^^^^^^^ not found in this scope\n\nerror: aborting due to previous error\n\nFor more information about this error, try `rustc --explain E0425`.\n",
      "exit_code": 1,
      "status": "SyntaxError"
    },
    {
      "program": "/// Write a function to find nth polite number. geeksforgeeks.org/n-th-polite-number/\nfn is_polite(n: isize) -> isize {\n    let mut i = 1;\n    let mut n = n;\n    while n > 0 {\n        if n % i == 0 {\n            return i;\n        }\n        i += 1;\n        n -= 1;\n    }\n    return i;\n}\n\nfn main() {\n    let candidate = is_polite;\n    assert_eq!(candidate(7), 11);\n    assert_eq!(candidate(4), 7);\n    assert_eq!(candidate(9), 13);\n}\n",
      "timestamp": 1665517549,
      "stdout": "",
      "stderr": "thread 'main' panicked at 'assertion failed: `(left == right)`\n  left: `1`,\n right: `11`', /tmp/tmpugiknb_3.rs:17:5\nnote: run with `RUST_BACKTRACE=1` environment variable to display a backtrace\n",
      "exit_code": 101,
      "status": "Exception"
    },
    {
      "program": "/// Write a function to find nth polite number. geeksforgeeks.org/n-th-polite-number/\nfn is_polite(n: isize) -> isize {\n    let mut i = 1;\n    let mut count = 0;\n    while count < n {\n        if is_prime(i) {\n            count += 1;\n        }\n        i += 1;\n    }\n    i - 1\n}\n\nfn main() {\n    let candidate = is_polite;\n    assert_eq!(candidate(7), 11);\n    assert_eq!(candidate(4), 7);\n    assert_eq!(candidate(9), 13);\n}\n",
      "timestamp": 1665517549,
      "stdout": "",
      "stderr": "error[E0425]: cannot find function `is_prime` in this scope\n --> /tmp/tmpdg7ab2ns.rs:6:12\n  |\n6 |         if is_prime(i) {\n  |            ^^^^^^^^ not found in this scope\n\nerror: aborting due to previous error\n\nFor more information about this error, try `rustc --explain E0425`.\n",
      "exit_code": 1,
      "status": "SyntaxError"
    },
    {
      "program": "/// Write a function to find nth polite number. geeksforgeeks.org/n-th-polite-number/\nfn is_polite(n: isize) -> isize {\n    let mut i = 1;\n    let mut j = 1;\n    let mut count = 0;\n    while count < n {\n        if is_prime(i) {\n            count += 1;\n            if count == n {\n                return i;\n            }\n        }\n        i += 1;\n        if is_prime(j) {\n            count += 1;\n            if count == n {\n                return j;\n            }\n        }\n        j += 1;\n    }\n    0\n}\n\nfn main() {\n    let candidate = is_polite;\n    assert_eq!(candidate(7), 11);\n    assert_eq!(candidate(4), 7);\n    assert_eq!(candidate(9), 13);\n}\n",
      "timestamp": 1665517549,
      "stdout": "",
      "stderr": "error[E0425]: cannot find function `is_prime` in this scope\n --> /tmp/tmp5_yycv8g.rs:7:12\n  |\n7 |         if is_prime(i) {\n  |            ^^^^^^^^ not found in this scope\n\nerror[E0425]: cannot find function `is_prime` in this scope\n  --> /tmp/tmp5_yycv8g.rs:14:12\n   |\n14 |         if is_prime(j) {\n   |            ^^^^^^^^ not found in this scope\n\nerror: aborting due to 2 previous errors\n\nFor more information about this error, try `rustc --explain E0425`.\n",
      "exit_code": 1,
      "status": "SyntaxError"
    },
    {
      "program": "/// Write a function to find nth polite number. geeksforgeeks.org/n-th-polite-number/\nfn is_polite(n: isize) -> isize {\n    let mut n = n;\n    let mut sum = 0;\n    while n > 0 {\n        let digit = n % 10;\n        sum += digit;\n        n /= 10;\n    }\n    sum\n}\n\nfn main() {\n    let candidate = is_polite;\n    assert_eq!(candidate(7), 11);\n    assert_eq!(candidate(4), 7);\n    assert_eq!(candidate(9), 13);\n}\n",
      "timestamp": 1665517549,
      "stdout": "",
      "stderr": "thread 'main' panicked at 'assertion failed: `(left == right)`\n  left: `7`,\n right: `11`', /tmp/tmpo10xv9wr.rs:15:5\nnote: run with `RUST_BACKTRACE=1` environment variable to display a backtrace\n",
      "exit_code": 101,
      "status": "Exception"
    },
    {
      "program": "/// Write a function to find nth polite number. geeksforgeeks.org/n-th-polite-number/\nfn is_polite(n: isize) -> isize {\n    let mut i = 1;\n    let mut j = 1;\n    let mut count = 0;\n    while count < n {\n        if i % j == 0 {\n            count += 1;\n        }\n        if count == n {\n            return i;\n        }\n        j += 1;\n        if j > i {\n            i += 1;\n            j = 1;\n        }\n    }\n    return -1;\n}\n\nfn main() {\n    let candidate = is_polite;\n    assert_eq!(candidate(7), 11);\n    assert_eq!(candidate(4), 7);\n    assert_eq!(candidate(9), 13);\n}\n",
      "timestamp": 1665517549,
      "stdout": "",
      "stderr": "thread 'main' panicked at 'assertion failed: `(left == right)`\n  left: `4`,\n right: `11`', /tmp/tmpdqq01vtw.rs:24:5\nnote: run with `RUST_BACKTRACE=1` environment variable to display a backtrace\n",
      "exit_code": 101,
      "status": "Exception"
    },
    {
      "program": "/// Write a function to find nth polite number. geeksforgeeks.org/n-th-polite-number/\nfn is_polite(n: isize) -> isize {\n    let mut i = 1;\n    let mut count = 0;\n    while count < n {\n        if is_prime(i) {\n            count += 1;\n        }\n        i += 1;\n    }\n    i - 1\n}\n\nfn main() {\n    let candidate = is_polite;\n    assert_eq!(candidate(7), 11);\n    assert_eq!(candidate(4), 7);\n    assert_eq!(candidate(9), 13);\n}\n",
      "timestamp": 1665517549,
      "stdout": "",
      "stderr": "error[E0425]: cannot find function `is_prime` in this scope\n --> /tmp/tmpdg7ab2ns.rs:6:12\n  |\n6 |         if is_prime(i) {\n  |            ^^^^^^^^ not found in this scope\n\nerror: aborting due to previous error\n\nFor more information about this error, try `rustc --explain E0425`.\n",
      "exit_code": 1,
      "status": "SyntaxError"
    },
    {
      "program": "/// Write a function to find nth polite number. geeksforgeeks.org/n-th-polite-number/\nfn is_polite(n: isize) -> isize {\n    let mut n = n;\n    let mut count = 0;\n    while n % 2 == 0 {\n        n /= 2;\n        count += 1;\n    }\n    while n % 3 == 0 {\n        n /= 3;\n        count += 1;\n    }\n    while n % 5 == 0 {\n        n /= 5;\n        count += 1;\n    }\n    if n == 1 {\n        count\n    } else {\n        0\n    }\n}\n\nfn main() {\n    let candidate = is_polite;\n    assert_eq!(candidate(7), 11);\n    assert_eq!(candidate(4), 7);\n    assert_eq!(candidate(9), 13);\n}\n",
      "timestamp": 1665517549,
      "stdout": "",
      "stderr": "thread 'main' panicked at 'assertion failed: `(left == right)`\n  left: `0`,\n right: `11`', /tmp/tmp2jkvu0be.rs:26:5\nnote: run with `RUST_BACKTRACE=1` environment variable to display a backtrace\n",
      "exit_code": 101,
      "status": "Exception"
    },
    {
      "program": "/// Write a function to find nth polite number. geeksforgeeks.org/n-th-polite-number/\nfn is_polite(n: isize) -> isize {\n    let mut i = 1;\n    let mut j = 1;\n    let mut count = 0;\n    while count < n {\n        if is_prime(i) {\n            count += 1;\n            if count == n {\n                return i;\n            }\n        }\n        i += 1;\n        if is_prime(j) {\n            count += 1;\n            if count == n {\n                return j;\n            }\n        }\n        j += 1;\n    }\n    0\n}\n\nfn main() {\n    let candidate = is_polite;\n    assert_eq!(candidate(7), 11);\n    assert_eq!(candidate(4), 7);\n    assert_eq!(candidate(9), 13);\n}\n",
      "timestamp": 1665517549,
      "stdout": "",
      "stderr": "error[E0425]: cannot find function `is_prime` in this scope\n --> /tmp/tmp5_yycv8g.rs:7:12\n  |\n7 |         if is_prime(i) {\n  |            ^^^^^^^^ not found in this scope\n\nerror[E0425]: cannot find function `is_prime` in this scope\n  --> /tmp/tmp5_yycv8g.rs:14:12\n   |\n14 |         if is_prime(j) {\n   |            ^^^^^^^^ not found in this scope\n\nerror: aborting due to 2 previous errors\n\nFor more information about this error, try `rustc --explain E0425`.\n",
      "exit_code": 1,
      "status": "SyntaxError"
    },
    {
      "program": "/// Write a function to find nth polite number. geeksforgeeks.org/n-th-polite-number/\nfn is_polite(n: isize) -> isize {\n    let mut i = 1;\n    let mut count = 0;\n    while count < n {\n        if is_prime(i) {\n            count += 1;\n        }\n        i += 1;\n    }\n    i - 1\n}\n\nfn main() {\n    let candidate = is_polite;\n    assert_eq!(candidate(7), 11);\n    assert_eq!(candidate(4), 7);\n    assert_eq!(candidate(9), 13);\n}\n",
      "timestamp": 1665517549,
      "stdout": "",
      "stderr": "error[E0425]: cannot find function `is_prime` in this scope\n --> /tmp/tmpdg7ab2ns.rs:6:12\n  |\n6 |         if is_prime(i) {\n  |            ^^^^^^^^ not found in this scope\n\nerror: aborting due to previous error\n\nFor more information about this error, try `rustc --explain E0425`.\n",
      "exit_code": 1,
      "status": "SyntaxError"
    },
    {
      "program": "/// Write a function to find nth polite number. geeksforgeeks.org/n-th-polite-number/\nfn is_polite(n: isize) -> isize {\n    let mut i = 1;\n    let mut j = 1;\n    let mut count = 0;\n    while count < n {\n        if i % j == 0 {\n            count += 1;\n        }\n        j += 1;\n        if j > i {\n            i += 1;\n            j = 1;\n        }\n    }\n    i\n}\n\nfn main() {\n    let candidate = is_polite;\n    assert_eq!(candidate(7), 11);\n    assert_eq!(candidate(4), 7);\n    assert_eq!(candidate(9), 13);\n}\n",
      "timestamp": 1665517549,
      "stdout": "",
      "stderr": "thread 'main' panicked at 'assertion failed: `(left == right)`\n  left: `4`,\n right: `11`', /tmp/tmprnwjh1rw.rs:21:5\nnote: run with `RUST_BACKTRACE=1` environment variable to display a backtrace\n",
      "exit_code": 101,
      "status": "Exception"
    },
    {
      "program": "/// Write a function to find nth polite number. geeksforgeeks.org/n-th-polite-number/\nfn is_polite(n: isize) -> isize {\n    let mut i = 1;\n    let mut count = 0;\n    while count < n {\n        i += 1;\n        if is_prime(i) && is_prime(i + 2) {\n            count += 1;\n        }\n    }\n    i\n}\n\nfn main() {\n    let candidate = is_polite;\n    assert_eq!(candidate(7), 11);\n    assert_eq!(candidate(4), 7);\n    assert_eq!(candidate(9), 13);\n}\n",
      "timestamp": 1665517549,
      "stdout": "",
      "stderr": "error[E0425]: cannot find function `is_prime` in this scope\n --> /tmp/tmpa27sbycz.rs:7:12\n  |\n7 |         if is_prime(i) && is_prime(i + 2) {\n  |            ^^^^^^^^ not found in this scope\n\nerror[E0425]: cannot find function `is_prime` in this scope\n --> /tmp/tmpa27sbycz.rs:7:27\n  |\n7 |         if is_prime(i) && is_prime(i + 2) {\n  |                           ^^^^^^^^ not found in this scope\n\nerror: aborting due to 2 previous errors\n\nFor more information about this error, try `rustc --explain E0425`.\n",
      "exit_code": 1,
      "status": "SyntaxError"
    },
    {
      "program": "/// Write a function to find nth polite number. geeksforgeeks.org/n-th-polite-number/\nfn is_polite(n: isize) -> isize {\n    let mut n = n;\n    let mut i = 1;\n    while n % i != 0 {\n        i += 1;\n    }\n    n / i\n}\n\nfn main() {\n    let candidate = is_polite;\n    assert_eq!(candidate(7), 11);\n    assert_eq!(candidate(4), 7);\n    assert_eq!(candidate(9), 13);\n}\n",
      "timestamp": 1666123756,
      "stdout": "",
      "stderr": "thread 'main' panicked at 'assertion failed: `(left == right)`\n  left: `7`,\n right: `11`', /tmp/tmp_dyqvps6.rs:13:5\nnote: run with `RUST_BACKTRACE=1` environment variable to display a backtrace\n",
      "exit_code": 101,
      "status": "Exception"
    },
    {
      "program": "/// Write a function to find nth polite number. geeksforgeeks.org/n-th-polite-number/\nfn is_polite(n: isize) -> isize {\n    let mut i = 1;\n    let mut count = 0;\n    while count < n {\n        if is_prime(i) {\n            count += 1;\n        }\n        i += 1;\n    }\n    i - 1\n}\n\nfn main() {\n    let candidate = is_polite;\n    assert_eq!(candidate(7), 11);\n    assert_eq!(candidate(4), 7);\n    assert_eq!(candidate(9), 13);\n}\n",
      "timestamp": 1665517549,
      "stdout": "",
      "stderr": "error[E0425]: cannot find function `is_prime` in this scope\n --> /tmp/tmpdg7ab2ns.rs:6:12\n  |\n6 |         if is_prime(i) {\n  |            ^^^^^^^^ not found in this scope\n\nerror: aborting due to previous error\n\nFor more information about this error, try `rustc --explain E0425`.\n",
      "exit_code": 1,
      "status": "SyntaxError"
    },
    {
      "program": "/// Write a function to find nth polite number. geeksforgeeks.org/n-th-polite-number/\nfn is_polite(n: isize) -> isize {\n    let mut i = 1;\n    let mut j = 1;\n    let mut count = 0;\n    while count < n {\n        if i % j == 0 {\n            count += 1;\n        }\n        if count == n {\n            return i;\n        }\n        j += 1;\n        if j > i {\n            i += 1;\n            j = 1;\n        }\n    }\n    return 0;\n}\n\nfn main() {\n    let candidate = is_polite;\n    assert_eq!(candidate(7), 11);\n    assert_eq!(candidate(4), 7);\n    assert_eq!(candidate(9), 13);\n}\n",
      "timestamp": 1666123756,
      "stdout": "",
      "stderr": "thread 'main' panicked at 'assertion failed: `(left == right)`\n  left: `4`,\n right: `11`', /tmp/tmpzzgk8zi3.rs:24:5\nnote: run with `RUST_BACKTRACE=1` environment variable to display a backtrace\n",
      "exit_code": 101,
      "status": "Exception"
    },
    {
      "program": "/// Write a function to find nth polite number. geeksforgeeks.org/n-th-polite-number/\nfn is_polite(n: isize) -> isize {\n    let mut i = 1;\n    let mut n = n;\n    while n > 0 {\n        if n % i == 0 {\n            n = n - i;\n        }\n        i += 1;\n    }\n    n\n}\n\nfn main() {\n    let candidate = is_polite;\n    assert_eq!(candidate(7), 11);\n    assert_eq!(candidate(4), 7);\n    assert_eq!(candidate(9), 13);\n}\n",
      "timestamp": 1666123756,
      "stdout": "",
      "stderr": "thread 'main' panicked at 'assertion failed: `(left == right)`\n  left: `0`,\n right: `11`', /tmp/tmp4of63q3d.rs:16:5\nnote: run with `RUST_BACKTRACE=1` environment variable to display a backtrace\n",
      "exit_code": 101,
      "status": "Exception"
    },
    {
      "program": "/// Write a function to find nth polite number. geeksforgeeks.org/n-th-polite-number/\nfn is_polite(n: isize) -> isize {\n    let mut i = 1;\n    let mut count = 0;\n    while count < n {\n        if is_prime(i) {\n            count += 1;\n        }\n        i += 1;\n    }\n    i - 1\n}\n\nfn main() {\n    let candidate = is_polite;\n    assert_eq!(candidate(7), 11);\n    assert_eq!(candidate(4), 7);\n    assert_eq!(candidate(9), 13);\n}\n",
      "timestamp": 1665517549,
      "stdout": "",
      "stderr": "error[E0425]: cannot find function `is_prime` in this scope\n --> /tmp/tmpdg7ab2ns.rs:6:12\n  |\n6 |         if is_prime(i) {\n  |            ^^^^^^^^ not found in this scope\n\nerror: aborting due to previous error\n\nFor more information about this error, try `rustc --explain E0425`.\n",
      "exit_code": 1,
      "status": "SyntaxError"
    },
    {
      "program": "/// Write a function to find nth polite number. geeksforgeeks.org/n-th-polite-number/\nfn is_polite(n: isize) -> isize {\n    let mut i = 1;\n    let mut count = 0;\n    while count < n {\n        if is_prime(i) {\n            count += 1;\n        }\n        i += 1;\n    }\n    i - 1\n}\n\nfn main() {\n    let candidate = is_polite;\n    assert_eq!(candidate(7), 11);\n    assert_eq!(candidate(4), 7);\n    assert_eq!(candidate(9), 13);\n}\n",
      "timestamp": 1665517549,
      "stdout": "",
      "stderr": "error[E0425]: cannot find function `is_prime` in this scope\n --> /tmp/tmpdg7ab2ns.rs:6:12\n  |\n6 |         if is_prime(i) {\n  |            ^^^^^^^^ not found in this scope\n\nerror: aborting due to previous error\n\nFor more information about this error, try `rustc --explain E0425`.\n",
      "exit_code": 1,
      "status": "SyntaxError"
    },
    {
      "program": "/// Write a function to find nth polite number. geeksforgeeks.org/n-th-polite-number/\nfn is_polite(n: isize) -> isize {\n    let mut i = 1;\n    let mut count = 0;\n    while count < n {\n        if is_prime(i) {\n            count += 1;\n        }\n        i += 1;\n    }\n    i - 1\n}\n\nfn main() {\n    let candidate = is_polite;\n    assert_eq!(candidate(7), 11);\n    assert_eq!(candidate(4), 7);\n    assert_eq!(candidate(9), 13);\n}\n",
      "timestamp": 1665517549,
      "stdout": "",
      "stderr": "error[E0425]: cannot find function `is_prime` in this scope\n --> /tmp/tmpdg7ab2ns.rs:6:12\n  |\n6 |         if is_prime(i) {\n  |            ^^^^^^^^ not found in this scope\n\nerror: aborting due to previous error\n\nFor more information about this error, try `rustc --explain E0425`.\n",
      "exit_code": 1,
      "status": "SyntaxError"
    },
    {
      "program": "/// Write a function to find nth polite number. geeksforgeeks.org/n-th-polite-number/\nfn is_polite(n: isize) -> isize {\n    let mut i = 1;\n    let mut j = 1;\n    let mut count = 0;\n    while count < n {\n        if i % j == 0 {\n            count += 1;\n        }\n        if count == n {\n            return i;\n        }\n        i += 1;\n        j += 1;\n    }\n    return 0;\n}\n\nfn main() {\n    let candidate = is_polite;\n    assert_eq!(candidate(7), 11);\n    assert_eq!(candidate(4), 7);\n    assert_eq!(candidate(9), 13);\n}\n",
      "timestamp": 1666123756,
      "stdout": "",
      "stderr": "thread 'main' panicked at 'assertion failed: `(left == right)`\n  left: `7`,\n right: `11`', /tmp/tmp2c5iaejd.rs:21:5\nnote: run with `RUST_BACKTRACE=1` environment variable to display a backtrace\n",
      "exit_code": 101,
      "status": "Exception"
    },
    {
      "program": "/// Write a function to find nth polite number. geeksforgeeks.org/n-th-polite-number/\nfn is_polite(n: isize) -> isize {\n    let mut i = 1;\n    let mut count = 0;\n    while count < n {\n        if is_prime(i) {\n            count += 1;\n        }\n        i += 1;\n    }\n    i - 1\n}\n\nfn main() {\n    let candidate = is_polite;\n    assert_eq!(candidate(7), 11);\n    assert_eq!(candidate(4), 7);\n    assert_eq!(candidate(9), 13);\n}\n",
      "timestamp": 1665517549,
      "stdout": "",
      "stderr": "error[E0425]: cannot find function `is_prime` in this scope\n --> /tmp/tmpdg7ab2ns.rs:6:12\n  |\n6 |         if is_prime(i) {\n  |            ^^^^^^^^ not found in this scope\n\nerror: aborting due to previous error\n\nFor more information about this error, try `rustc --explain E0425`.\n",
      "exit_code": 1,
      "status": "SyntaxError"
    },
    {
      "program": "/// Write a function to find nth polite number. geeksforgeeks.org/n-th-polite-number/\nfn is_polite(n: isize) -> isize {\n    let mut n = n;\n    let mut i = 1;\n    while n % i != 0 {\n        i += 1;\n    }\n    n / i\n}\n\nfn main() {\n    let candidate = is_polite;\n    assert_eq!(candidate(7), 11);\n    assert_eq!(candidate(4), 7);\n    assert_eq!(candidate(9), 13);\n}\n",
      "timestamp": 1666123756,
      "stdout": "",
      "stderr": "thread 'main' panicked at 'assertion failed: `(left == right)`\n  left: `7`,\n right: `11`', /tmp/tmp_dyqvps6.rs:13:5\nnote: run with `RUST_BACKTRACE=1` environment variable to display a backtrace\n",
      "exit_code": 101,
      "status": "Exception"
    },
    {
      "program": "/// Write a function to find nth polite number. geeksforgeeks.org/n-th-polite-number/\nfn is_polite(n: isize) -> isize {\n    let mut i = 1;\n    let mut count = 0;\n    while count < n {\n        if is_prime(i) {\n            count += 1;\n        }\n        i += 1;\n    }\n    i - 1\n}\n\nfn main() {\n    let candidate = is_polite;\n    assert_eq!(candidate(7), 11);\n    assert_eq!(candidate(4), 7);\n    assert_eq!(candidate(9), 13);\n}\n",
      "timestamp": 1665517549,
      "stdout": "",
      "stderr": "error[E0425]: cannot find function `is_prime` in this scope\n --> /tmp/tmpdg7ab2ns.rs:6:12\n  |\n6 |         if is_prime(i) {\n  |            ^^^^^^^^ not found in this scope\n\nerror: aborting due to previous error\n\nFor more information about this error, try `rustc --explain E0425`.\n",
      "exit_code": 1,
      "status": "SyntaxError"
    },
    {
      "program": "/// Write a function to find nth polite number. geeksforgeeks.org/n-th-polite-number/\nfn is_polite(n: isize) -> isize {\n    let mut i = 1;\n    let mut j = 1;\n    let mut count = 0;\n    while count < n {\n        if i % 2 == 0 {\n            count += 1;\n            if count == n {\n                return i;\n            }\n        }\n        if j % 3 == 0 {\n            count += 1;\n            if count == n {\n                return j;\n            }\n        }\n        i += 1;\n        j += 1;\n    }\n    return 0;\n}\n\nfn main() {\n    let candidate = is_polite;\n    assert_eq!(candidate(7), 11);\n    assert_eq!(candidate(4), 7);\n    assert_eq!(candidate(9), 13);\n}\n",
      "timestamp": 1666123756,
      "stdout": "",
      "stderr": "thread 'main' panicked at 'assertion failed: `(left == right)`\n  left: `9`,\n right: `11`', /tmp/tmpoym9iuvt.rs:27:5\nnote: run with `RUST_BACKTRACE=1` environment variable to display a backtrace\n",
      "exit_code": 101,
      "status": "Exception"
    },
    {
      "program": "/// Write a function to find nth polite number. geeksforgeeks.org/n-th-polite-number/\nfn is_polite(n: isize) -> isize {\n    let mut i = 1;\n    let mut j = 1;\n    let mut count = 0;\n    while count < n {\n        if i % 2 == 0 {\n            count += 1;\n            if count == n {\n                return i;\n            }\n        }\n        if j % 2 == 0 {\n            count += 1;\n            if count == n {\n                return j;\n            }\n        }\n        i += 1;\n        j += 1;\n    }\n    -1\n}\n\nfn main() {\n    let candidate = is_polite;\n    assert_eq!(candidate(7), 11);\n    assert_eq!(candidate(4), 7);\n    assert_eq!(candidate(9), 13);\n}\n",
      "timestamp": 1666123756,
      "stdout": "",
      "stderr": "thread 'main' panicked at 'assertion failed: `(left == right)`\n  left: `8`,\n right: `11`', /tmp/tmpfrwaqz92.rs:27:5\nnote: run with `RUST_BACKTRACE=1` environment variable to display a backtrace\n",
      "exit_code": 101,
      "status": "Exception"
    },
    {
      "program": "/// Write a function to find nth polite number. geeksforgeeks.org/n-th-polite-number/\nfn is_polite(n: isize) -> isize {\n    let mut i = 1;\n    let mut j = 1;\n    let mut count = 0;\n    while count < n {\n        if is_prime(i) {\n            count += 1;\n            if count == n {\n                return i;\n            }\n        }\n        i += 1;\n    }\n    return i;\n}\n\nfn main() {\n    let candidate = is_polite;\n    assert_eq!(candidate(7), 11);\n    assert_eq!(candidate(4), 7);\n    assert_eq!(candidate(9), 13);\n}\n",
      "timestamp": 1666123756,
      "stdout": "",
      "stderr": "error[E0425]: cannot find function `is_prime` in this scope\n --> /tmp/tmpmghbbynw.rs:7:12\n  |\n7 |         if is_prime(i) {\n  |            ^^^^^^^^ not found in this scope\n\nerror: aborting due to previous error\n\nFor more information about this error, try `rustc --explain E0425`.\n",
      "exit_code": 1,
      "status": "SyntaxError"
    },
    {
      "program": "/// Write a function to find nth polite number. geeksforgeeks.org/n-th-polite-number/\nfn is_polite(n: isize) -> isize {\n    let mut i = 1;\n    while n % i != 0 {\n        i += 1;\n    }\n    i\n}\n\nfn main() {\n    let candidate = is_polite;\n    assert_eq!(candidate(7), 11);\n    assert_eq!(candidate(4), 7);\n    assert_eq!(candidate(9), 13);\n}\n",
      "timestamp": 1666123756,
      "stdout": "",
      "stderr": "thread 'main' panicked at 'assertion failed: `(left == right)`\n  left: `1`,\n right: `11`', /tmp/tmpz938k3em.rs:12:5\nnote: run with `RUST_BACKTRACE=1` environment variable to display a backtrace\n",
      "exit_code": 101,
      "status": "Exception"
    },
    {
      "program": "/// Write a function to find nth polite number. geeksforgeeks.org/n-th-polite-number/\nfn is_polite(n: isize) -> isize {\n    let mut i = 1;\n    let mut j = 1;\n    let mut count = 0;\n    while count < n {\n        if i % 2 == 0 {\n            count += 1;\n        }\n        if j % 3 == 0 {\n            count += 1;\n        }\n        if i % 5 == 0 {\n            count += 1;\n        }\n        i += 1;\n        j += 1;\n    }\n    i - 1\n}\n\nfn main() {\n    let candidate = is_polite;\n    assert_eq!(candidate(7), 11);\n    assert_eq!(candidate(4), 7);\n    assert_eq!(candidate(9), 13);\n}\n",
      "timestamp": 1666123756,
      "stdout": "",
      "stderr": "thread 'main' panicked at 'assertion failed: `(left == right)`\n  left: `8`,\n right: `11`', /tmp/tmpzv247qwg.rs:24:5\nnote: run with `RUST_BACKTRACE=1` environment variable to display a backtrace\n",
      "exit_code": 101,
      "status": "Exception"
    },
    {
      "program": "/// Write a function to find nth polite number. geeksforgeeks.org/n-th-polite-number/\nfn is_polite(n: isize) -> isize {\n    let mut i = 1;\n    let mut sum = 0;\n    while sum < n {\n        i += 1;\n        if n % i == 0 {\n            sum += 1;\n        }\n    }\n    i\n}\n\nfn main() {\n    let candidate = is_polite;\n    assert_eq!(candidate(7), 11);\n    assert_eq!(candidate(4), 7);\n    assert_eq!(candidate(9), 13);\n}\n",
      "timestamp": 1666123761,
      "stdout": "",
      "stderr": "",
      "exit_code": -1,
      "status": "Timeout"
    },
    {
      "program": "/// Write a function to find nth polite number. geeksforgeeks.org/n-th-polite-number/\nfn is_polite(n: isize) -> isize {\n    let mut i = 1;\n    let mut count = 0;\n    while count < n {\n        if is_prime(i) {\n            count += 1;\n        }\n        i += 1;\n    }\n    i - 1\n}\n\nfn main() {\n    let candidate = is_polite;\n    assert_eq!(candidate(7), 11);\n    assert_eq!(candidate(4), 7);\n    assert_eq!(candidate(9), 13);\n}\n",
      "timestamp": 1665517549,
      "stdout": "",
      "stderr": "error[E0425]: cannot find function `is_prime` in this scope\n --> /tmp/tmpdg7ab2ns.rs:6:12\n  |\n6 |         if is_prime(i) {\n  |            ^^^^^^^^ not found in this scope\n\nerror: aborting due to previous error\n\nFor more information about this error, try `rustc --explain E0425`.\n",
      "exit_code": 1,
      "status": "SyntaxError"
    },
    {
      "program": "/// Write a function to find nth polite number. geeksforgeeks.org/n-th-polite-number/\nfn is_polite(n: isize) -> isize {\n    let mut i = 1;\n    let mut count = 0;\n    while count < n {\n        if is_prime(i) {\n            count += 1;\n        }\n        i += 1;\n    }\n    i - 1\n}\n\nfn main() {\n    let candidate = is_polite;\n    assert_eq!(candidate(7), 11);\n    assert_eq!(candidate(4), 7);\n    assert_eq!(candidate(9), 13);\n}\n",
      "timestamp": 1665517549,
      "stdout": "",
      "stderr": "error[E0425]: cannot find function `is_prime` in this scope\n --> /tmp/tmpdg7ab2ns.rs:6:12\n  |\n6 |         if is_prime(i) {\n  |            ^^^^^^^^ not found in this scope\n\nerror: aborting due to previous error\n\nFor more information about this error, try `rustc --explain E0425`.\n",
      "exit_code": 1,
      "status": "SyntaxError"
    },
    {
      "program": "/// Write a function to find nth polite number. geeksforgeeks.org/n-th-polite-number/\nfn is_polite(n: isize) -> isize {\n    let mut n = n;\n    let mut count = 0;\n    while n % 2 == 0 {\n        n /= 2;\n        count += 1;\n    }\n    while n % 3 == 0 {\n        n /= 3;\n        count += 1;\n    }\n    while n % 5 == 0 {\n        n /= 5;\n        count += 1;\n    }\n    if n == 1 {\n        count\n    } else {\n        0\n    }\n}\n\nfn main() {\n    let candidate = is_polite;\n    assert_eq!(candidate(7), 11);\n    assert_eq!(candidate(4), 7);\n    assert_eq!(candidate(9), 13);\n}\n",
      "timestamp": 1665517549,
      "stdout": "",
      "stderr": "thread 'main' panicked at 'assertion failed: `(left == right)`\n  left: `0`,\n right: `11`', /tmp/tmp2jkvu0be.rs:26:5\nnote: run with `RUST_BACKTRACE=1` environment variable to display a backtrace\n",
      "exit_code": 101,
      "status": "Exception"
    },
    {
      "program": "/// Write a function to find nth polite number. geeksforgeeks.org/n-th-polite-number/\nfn is_polite(n: isize) -> isize {\n    let mut i = 1;\n    while n % i != 0 {\n        i += 1;\n    }\n    i\n}\n\nfn main() {\n    let candidate = is_polite;\n    assert_eq!(candidate(7), 11);\n    assert_eq!(candidate(4), 7);\n    assert_eq!(candidate(9), 13);\n}\n",
      "timestamp": 1666123756,
      "stdout": "",
      "stderr": "thread 'main' panicked at 'assertion failed: `(left == right)`\n  left: `1`,\n right: `11`', /tmp/tmpz938k3em.rs:12:5\nnote: run with `RUST_BACKTRACE=1` environment variable to display a backtrace\n",
      "exit_code": 101,
      "status": "Exception"
    },
    {
      "program": "/// Write a function to find nth polite number. geeksforgeeks.org/n-th-polite-number/\nfn is_polite(n: isize) -> isize {\n    let mut i = 1;\n    let mut count = 0;\n    while count < n {\n        if is_prime(i) {\n            count += 1;\n        }\n        i += 1;\n    }\n    i - 1\n}\n\nfn main() {\n    let candidate = is_polite;\n    assert_eq!(candidate(7), 11);\n    assert_eq!(candidate(4), 7);\n    assert_eq!(candidate(9), 13);\n}\n",
      "timestamp": 1665517549,
      "stdout": "",
      "stderr": "error[E0425]: cannot find function `is_prime` in this scope\n --> /tmp/tmpdg7ab2ns.rs:6:12\n  |\n6 |         if is_prime(i) {\n  |            ^^^^^^^^ not found in this scope\n\nerror: aborting due to previous error\n\nFor more information about this error, try `rustc --explain E0425`.\n",
      "exit_code": 1,
      "status": "SyntaxError"
    },
    {
      "program": "/// Write a function to find nth polite number. geeksforgeeks.org/n-th-polite-number/\nfn is_polite(n: isize) -> isize {\n    let mut i = 1;\n    let mut j = 1;\n    let mut count = 0;\n    while count < n {\n        if i % j == 0 {\n            count += 1;\n        }\n        j += 1;\n        if j > i {\n            i += 1;\n            j = 1;\n        }\n    }\n    i\n}\n\nfn main() {\n    let candidate = is_polite;\n    assert_eq!(candidate(7), 11);\n    assert_eq!(candidate(4), 7);\n    assert_eq!(candidate(9), 13);\n}\n",
      "timestamp": 1665517549,
      "stdout": "",
      "stderr": "thread 'main' panicked at 'assertion failed: `(left == right)`\n  left: `4`,\n right: `11`', /tmp/tmprnwjh1rw.rs:21:5\nnote: run with `RUST_BACKTRACE=1` environment variable to display a backtrace\n",
      "exit_code": 101,
      "status": "Exception"
    },
    {
      "program": "/// Write a function to find nth polite number. geeksforgeeks.org/n-th-polite-number/\nfn is_polite(n: isize) -> isize {\n    let mut i = 1;\n    let mut count = 0;\n    while count < n {\n        if is_prime(i) {\n            count += 1;\n        }\n        i += 1;\n    }\n    i - 1\n}\n\nfn main() {\n    let candidate = is_polite;\n    assert_eq!(candidate(7), 11);\n    assert_eq!(candidate(4), 7);\n    assert_eq!(candidate(9), 13);\n}\n",
      "timestamp": 1665517549,
      "stdout": "",
      "stderr": "error[E0425]: cannot find function `is_prime` in this scope\n --> /tmp/tmpdg7ab2ns.rs:6:12\n  |\n6 |         if is_prime(i) {\n  |            ^^^^^^^^ not found in this scope\n\nerror: aborting due to previous error\n\nFor more information about this error, try `rustc --explain E0425`.\n",
      "exit_code": 1,
      "status": "SyntaxError"
    },
    {
      "program": "/// Write a function to find nth polite number. geeksforgeeks.org/n-th-polite-number/\nfn is_polite(n: isize) -> isize {\n    let mut i = 1;\n    let mut count = 0;\n    while count < n {\n        if is_prime(i) {\n            count += 1;\n        }\n        i += 1;\n    }\n    i - 1\n}\n\nfn main() {\n    let candidate = is_polite;\n    assert_eq!(candidate(7), 11);\n    assert_eq!(candidate(4), 7);\n    assert_eq!(candidate(9), 13);\n}\n",
      "timestamp": 1665517549,
      "stdout": "",
      "stderr": "error[E0425]: cannot find function `is_prime` in this scope\n --> /tmp/tmpdg7ab2ns.rs:6:12\n  |\n6 |         if is_prime(i) {\n  |            ^^^^^^^^ not found in this scope\n\nerror: aborting due to previous error\n\nFor more information about this error, try `rustc --explain E0425`.\n",
      "exit_code": 1,
      "status": "SyntaxError"
    },
    {
      "program": "/// Write a function to find nth polite number. geeksforgeeks.org/n-th-polite-number/\nfn is_polite(n: isize) -> isize {\n    let mut i = 1;\n    let mut count = 0;\n    while count < n {\n        if is_prime(i) {\n            count += 1;\n        }\n        i += 1;\n    }\n    return i - 1;\n}\n\nfn main() {\n    let candidate = is_polite;\n    assert_eq!(candidate(7), 11);\n    assert_eq!(candidate(4), 7);\n    assert_eq!(candidate(9), 13);\n}\n",
      "timestamp": 1666123756,
      "stdout": "",
      "stderr": "error[E0425]: cannot find function `is_prime` in this scope\n --> /tmp/tmpjz0wogix.rs:6:12\n  |\n6 |         if is_prime(i) {\n  |            ^^^^^^^^ not found in this scope\n\nerror: aborting due to previous error\n\nFor more information about this error, try `rustc --explain E0425`.\n",
      "exit_code": 1,
      "status": "SyntaxError"
    },
    {
      "program": "/// Write a function to find nth polite number. geeksforgeeks.org/n-th-polite-number/\nfn is_polite(n: isize) -> isize {\n    let mut i = 1;\n    let mut count = 0;\n    while count < n {\n        if is_prime(i) {\n            count += 1;\n        }\n        i += 1;\n    }\n    i - 1\n}\n\nfn main() {\n    let candidate = is_polite;\n    assert_eq!(candidate(7), 11);\n    assert_eq!(candidate(4), 7);\n    assert_eq!(candidate(9), 13);\n}\n",
      "timestamp": 1665517549,
      "stdout": "",
      "stderr": "error[E0425]: cannot find function `is_prime` in this scope\n --> /tmp/tmpdg7ab2ns.rs:6:12\n  |\n6 |         if is_prime(i) {\n  |            ^^^^^^^^ not found in this scope\n\nerror: aborting due to previous error\n\nFor more information about this error, try `rustc --explain E0425`.\n",
      "exit_code": 1,
      "status": "SyntaxError"
    },
    {
      "program": "/// Write a function to find nth polite number. geeksforgeeks.org/n-th-polite-number/\nfn is_polite(n: isize) -> isize {\n    let mut n = n;\n    let mut count = 0;\n    while n != 0 {\n        if n % 10 == 3 || n % 10 == 5 {\n            count += 1;\n        }\n        n /= 10;\n    }\n    count\n}\n\nfn main() {\n    let candidate = is_polite;\n    assert_eq!(candidate(7), 11);\n    assert_eq!(candidate(4), 7);\n    assert_eq!(candidate(9), 13);\n}\n",
      "timestamp": 1666123756,
      "stdout": "",
      "stderr": "thread 'main' panicked at 'assertion failed: `(left == right)`\n  left: `0`,\n right: `11`', /tmp/tmp8ziu1grp.rs:16:5\nnote: run with `RUST_BACKTRACE=1` environment variable to display a backtrace\n",
      "exit_code": 101,
      "status": "Exception"
    },
    {
      "program": "/// Write a function to find nth polite number. geeksforgeeks.org/n-th-polite-number/\nfn is_polite(n: isize) -> isize {\n    let mut i = 1;\n    let mut j = 1;\n    let mut count = 0;\n    while count < n {\n        if i % j == 0 {\n            count += 1;\n        }\n        j += 1;\n        if j > i {\n            i += 1;\n            j = 1;\n        }\n    }\n    i\n}\n\nfn main() {\n    let candidate = is_polite;\n    assert_eq!(candidate(7), 11);\n    assert_eq!(candidate(4), 7);\n    assert_eq!(candidate(9), 13);\n}\n",
      "timestamp": 1665517549,
      "stdout": "",
      "stderr": "thread 'main' panicked at 'assertion failed: `(left == right)`\n  left: `4`,\n right: `11`', /tmp/tmprnwjh1rw.rs:21:5\nnote: run with `RUST_BACKTRACE=1` environment variable to display a backtrace\n",
      "exit_code": 101,
      "status": "Exception"
    },
    {
      "program": "/// Write a function to find nth polite number. geeksforgeeks.org/n-th-polite-number/\nfn is_polite(n: isize) -> isize {\n    let mut i = 1;\n    let mut j = 1;\n    let mut count = 0;\n    while count < n {\n        if is_prime(i) {\n            count += 1;\n            if count == n {\n                break;\n            }\n        }\n        i += 1;\n        if is_prime(j) {\n            count += 1;\n            if count == n {\n                break;\n            }\n        }\n        j += 1;\n    }\n    if i < j {\n        i\n    } else {\n        j\n    }\n}\n\nfn main() {\n    let candidate = is_polite;\n    assert_eq!(candidate(7), 11);\n    assert_eq!(candidate(4), 7);\n    assert_eq!(candidate(9), 13);\n}\n",
      "timestamp": 1666123756,
      "stdout": "",
      "stderr": "error[E0425]: cannot find function `is_prime` in this scope\n --> /tmp/tmp7mqj6n99.rs:7:12\n  |\n7 |         if is_prime(i) {\n  |            ^^^^^^^^ not found in this scope\n\nerror[E0425]: cannot find function `is_prime` in this scope\n  --> /tmp/tmp7mqj6n99.rs:14:12\n   |\n14 |         if is_prime(j) {\n   |            ^^^^^^^^ not found in this scope\n\nerror: aborting due to 2 previous errors\n\nFor more information about this error, try `rustc --explain E0425`.\n",
      "exit_code": 1,
      "status": "SyntaxError"
    },
    {
      "program": "/// Write a function to find nth polite number. geeksforgeeks.org/n-th-polite-number/\nfn is_polite(n: isize) -> isize {\n    let mut i = 1;\n    let mut count = 0;\n    while count < n {\n        if is_prime(i) {\n            count += 1;\n        }\n        i += 1;\n    }\n    i - 1\n}\n\nfn main() {\n    let candidate = is_polite;\n    assert_eq!(candidate(7), 11);\n    assert_eq!(candidate(4), 7);\n    assert_eq!(candidate(9), 13);\n}\n",
      "timestamp": 1665517549,
      "stdout": "",
      "stderr": "error[E0425]: cannot find function `is_prime` in this scope\n --> /tmp/tmpdg7ab2ns.rs:6:12\n  |\n6 |         if is_prime(i) {\n  |            ^^^^^^^^ not found in this scope\n\nerror: aborting due to previous error\n\nFor more information about this error, try `rustc --explain E0425`.\n",
      "exit_code": 1,
      "status": "SyntaxError"
    },
    {
      "program": "/// Write a function to find nth polite number. geeksforgeeks.org/n-th-polite-number/\nfn is_polite(n: isize) -> isize {\n    let mut i = 1;\n    let mut j = 1;\n    let mut count = 0;\n    while count < n {\n        if i % j == 0 {\n            count += 1;\n        }\n        j += 1;\n        if j > i {\n            i += 1;\n            j = 1;\n        }\n    }\n    i\n}\n\nfn main() {\n    let candidate = is_polite;\n    assert_eq!(candidate(7), 11);\n    assert_eq!(candidate(4), 7);\n    assert_eq!(candidate(9), 13);\n}\n",
      "timestamp": 1665517549,
      "stdout": "",
      "stderr": "thread 'main' panicked at 'assertion failed: `(left == right)`\n  left: `4`,\n right: `11`', /tmp/tmprnwjh1rw.rs:21:5\nnote: run with `RUST_BACKTRACE=1` environment variable to display a backtrace\n",
      "exit_code": 101,
      "status": "Exception"
    },
    {
      "program": "/// Write a function to find nth polite number. geeksforgeeks.org/n-th-polite-number/\nfn is_polite(n: isize) -> isize {\n    let mut n = n;\n    let mut count = 0;\n    while n % 2 == 0 {\n        n /= 2;\n        count += 1;\n    }\n    while n % 3 == 0 {\n        n /= 3;\n        count += 1;\n    }\n    while n % 5 == 0 {\n        n /= 5;\n        count += 1;\n    }\n    if n == 1 {\n        count\n    } else {\n        0\n    }\n}\n\nfn main() {\n    let candidate = is_polite;\n    assert_eq!(candidate(7), 11);\n    assert_eq!(candidate(4), 7);\n    assert_eq!(candidate(9), 13);\n}\n",
      "timestamp": 1665517549,
      "stdout": "",
      "stderr": "thread 'main' panicked at 'assertion failed: `(left == right)`\n  left: `0`,\n right: `11`', /tmp/tmp2jkvu0be.rs:26:5\nnote: run with `RUST_BACKTRACE=1` environment variable to display a backtrace\n",
      "exit_code": 101,
      "status": "Exception"
    },
    {
      "program": "/// Write a function to find nth polite number. geeksforgeeks.org/n-th-polite-number/\nfn is_polite(n: isize) -> isize {\n    let mut i = 1;\n    let mut count = 0;\n    while count < n {\n        if is_prime(i) {\n            count += 1;\n        }\n        i += 1;\n    }\n    i - 1\n}\n\nfn main() {\n    let candidate = is_polite;\n    assert_eq!(candidate(7), 11);\n    assert_eq!(candidate(4), 7);\n    assert_eq!(candidate(9), 13);\n}\n",
      "timestamp": 1665517549,
      "stdout": "",
      "stderr": "error[E0425]: cannot find function `is_prime` in this scope\n --> /tmp/tmpdg7ab2ns.rs:6:12\n  |\n6 |         if is_prime(i) {\n  |            ^^^^^^^^ not found in this scope\n\nerror: aborting due to previous error\n\nFor more information about this error, try `rustc --explain E0425`.\n",
      "exit_code": 1,
      "status": "SyntaxError"
    },
    {
      "program": "/// Write a function to find nth polite number. geeksforgeeks.org/n-th-polite-number/\nfn is_polite(n: isize) -> isize {\n    let mut i = 1;\n    let mut count = 0;\n    while count < n {\n        if is_prime(i) {\n            count += 1;\n        }\n        i += 1;\n    }\n    i - 1\n}\n\nfn main() {\n    let candidate = is_polite;\n    assert_eq!(candidate(7), 11);\n    assert_eq!(candidate(4), 7);\n    assert_eq!(candidate(9), 13);\n}\n",
      "timestamp": 1665517549,
      "stdout": "",
      "stderr": "error[E0425]: cannot find function `is_prime` in this scope\n --> /tmp/tmpdg7ab2ns.rs:6:12\n  |\n6 |         if is_prime(i) {\n  |            ^^^^^^^^ not found in this scope\n\nerror: aborting due to previous error\n\nFor more information about this error, try `rustc --explain E0425`.\n",
      "exit_code": 1,
      "status": "SyntaxError"
    },
    {
      "program": "/// Write a function to find nth polite number. geeksforgeeks.org/n-th-polite-number/\nfn is_polite(n: isize) -> isize {\n    let mut n = n;\n    let mut i = 1;\n    let mut count = 0;\n    while n > 0 {\n        if n % 10 == 4 || n % 10 == 6 {\n            count += 1;\n        }\n        n /= 10;\n        i *= 10;\n    }\n    i - count\n}\n\nfn main() {\n    let candidate = is_polite;\n    assert_eq!(candidate(7), 11);\n    assert_eq!(candidate(4), 7);\n    assert_eq!(candidate(9), 13);\n}\n",
      "timestamp": 1666123756,
      "stdout": "",
      "stderr": "thread 'main' panicked at 'assertion failed: `(left == right)`\n  left: `10`,\n right: `11`', /tmp/tmp6clnr67i.rs:18:5\nnote: run with `RUST_BACKTRACE=1` environment variable to display a backtrace\n",
      "exit_code": 101,
      "status": "Exception"
    },
    {
      "program": "/// Write a function to find nth polite number. geeksforgeeks.org/n-th-polite-number/\nfn is_polite(n: isize) -> isize {\n    let mut n = n;\n    let mut i = 2;\n    let mut count = 0;\n    while n > 1 {\n        if n % i == 0 {\n            n /= i;\n            count += 1;\n        } else {\n            i += 1;\n        }\n    }\n    count\n}\n\nfn main() {\n    let candidate = is_polite;\n    assert_eq!(candidate(7), 11);\n    assert_eq!(candidate(4), 7);\n    assert_eq!(candidate(9), 13);\n}\n",
      "timestamp": 1666123756,
      "stdout": "",
      "stderr": "thread 'main' panicked at 'assertion failed: `(left == right)`\n  left: `1`,\n right: `11`', /tmp/tmpan3tsvc4.rs:19:5\nnote: run with `RUST_BACKTRACE=1` environment variable to display a backtrace\n",
      "exit_code": 101,
      "status": "Exception"
    },
    {
      "program": "/// Write a function to find nth polite number. geeksforgeeks.org/n-th-polite-number/\nfn is_polite(n: isize) -> isize {\n    let mut i = 1;\n    let mut j = 1;\n    let mut count = 0;\n    while count < n {\n        if is_prime(i) {\n            count += 1;\n            if count == n {\n                return i;\n            }\n        }\n        if is_prime(j) {\n            count += 1;\n            if count == n {\n                return j;\n            }\n        }\n        i += 1;\n        j += 2;\n    }\n    0\n}\n\nfn main() {\n    let candidate = is_polite;\n    assert_eq!(candidate(7), 11);\n    assert_eq!(candidate(4), 7);\n    assert_eq!(candidate(9), 13);\n}\n",
      "timestamp": 1666123756,
      "stdout": "",
      "stderr": "error[E0425]: cannot find function `is_prime` in this scope\n --> /tmp/tmp3qo5ndq0.rs:7:12\n  |\n7 |         if is_prime(i) {\n  |            ^^^^^^^^ not found in this scope\n\nerror[E0425]: cannot find function `is_prime` in this scope\n  --> /tmp/tmp3qo5ndq0.rs:13:12\n   |\n13 |         if is_prime(j) {\n   |            ^^^^^^^^ not found in this scope\n\nerror: aborting due to 2 previous errors\n\nFor more information about this error, try `rustc --explain E0425`.\n",
      "exit_code": 1,
      "status": "SyntaxError"
    },
    {
      "program": "/// Write a function to find nth polite number. geeksforgeeks.org/n-th-polite-number/\nfn is_polite(n: isize) -> isize {\n    let mut i = 1;\n    let mut count = 0;\n    while count < n {\n        if is_prime(i) {\n            count += 1;\n        }\n        i += 1;\n    }\n    i - 1\n}\n\nfn main() {\n    let candidate = is_polite;\n    assert_eq!(candidate(7), 11);\n    assert_eq!(candidate(4), 7);\n    assert_eq!(candidate(9), 13);\n}\n",
      "timestamp": 1665517549,
      "stdout": "",
      "stderr": "error[E0425]: cannot find function `is_prime` in this scope\n --> /tmp/tmpdg7ab2ns.rs:6:12\n  |\n6 |         if is_prime(i) {\n  |            ^^^^^^^^ not found in this scope\n\nerror: aborting due to previous error\n\nFor more information about this error, try `rustc --explain E0425`.\n",
      "exit_code": 1,
      "status": "SyntaxError"
    },
    {
      "program": "/// Write a function to find nth polite number. geeksforgeeks.org/n-th-polite-number/\nfn is_polite(n: isize) -> isize {\n    let mut i = 1;\n    let mut j = 1;\n    let mut count = 0;\n    while count < n {\n        if is_prime(i) {\n            count += 1;\n            if count == n {\n                return i;\n            }\n        }\n        i += 1;\n        if is_prime(j) {\n            count += 1;\n            if count == n {\n                return j;\n            }\n        }\n        j += 2;\n    }\n    0\n}\n\nfn main() {\n    let candidate = is_polite;\n    assert_eq!(candidate(7), 11);\n    assert_eq!(candidate(4), 7);\n    assert_eq!(candidate(9), 13);\n}\n",
      "timestamp": 1666123756,
      "stdout": "",
      "stderr": "error[E0425]: cannot find function `is_prime` in this scope\n --> /tmp/tmpial3n8ln.rs:7:12\n  |\n7 |         if is_prime(i) {\n  |            ^^^^^^^^ not found in this scope\n\nerror[E0425]: cannot find function `is_prime` in this scope\n  --> /tmp/tmpial3n8ln.rs:14:12\n   |\n14 |         if is_prime(j) {\n   |            ^^^^^^^^ not found in this scope\n\nerror: aborting due to 2 previous errors\n\nFor more information about this error, try `rustc --explain E0425`.\n",
      "exit_code": 1,
      "status": "SyntaxError"
    },
    {
      "program": "/// Write a function to find nth polite number. geeksforgeeks.org/n-th-polite-number/\nfn is_polite(n: isize) -> isize {\n    let mut i = 1;\n    let mut count = 0;\n    while count < n {\n        if is_prime(i) {\n            count += 1;\n        }\n        i += 1;\n    }\n    i - 1\n}\n\nfn main() {\n    let candidate = is_polite;\n    assert_eq!(candidate(7), 11);\n    assert_eq!(candidate(4), 7);\n    assert_eq!(candidate(9), 13);\n}\n",
      "timestamp": 1665517549,
      "stdout": "",
      "stderr": "error[E0425]: cannot find function `is_prime` in this scope\n --> /tmp/tmpdg7ab2ns.rs:6:12\n  |\n6 |         if is_prime(i) {\n  |            ^^^^^^^^ not found in this scope\n\nerror: aborting due to previous error\n\nFor more information about this error, try `rustc --explain E0425`.\n",
      "exit_code": 1,
      "status": "SyntaxError"
    },
    {
      "program": "/// Write a function to find nth polite number. geeksforgeeks.org/n-th-polite-number/\nfn is_polite(n: isize) -> isize {\n    let mut i = 1;\n    let mut j = 1;\n    let mut count = 0;\n    let mut result = 0;\n    while count < n {\n        if i % 2 == 0 {\n            result = i / 2;\n        } else {\n            result = i / 2 + 1;\n        }\n        if result % 2 == 0 {\n            count += 1;\n        }\n        i += 1;\n    }\n    result\n}\n\nfn main() {\n    let candidate = is_polite;\n    assert_eq!(candidate(7), 11);\n    assert_eq!(candidate(4), 7);\n    assert_eq!(candidate(9), 13);\n}\n",
      "timestamp": 1666123756,
      "stdout": "",
      "stderr": "thread 'main' panicked at 'assertion failed: `(left == right)`\n  left: `8`,\n right: `11`', /tmp/tmpld1_r637.rs:23:5\nnote: run with `RUST_BACKTRACE=1` environment variable to display a backtrace\n",
      "exit_code": 101,
      "status": "Exception"
    },
    {
      "program": "/// Write a function to find nth polite number. geeksforgeeks.org/n-th-polite-number/\nfn is_polite(n: isize) -> isize {\n    let mut i = 1;\n    let mut j = 1;\n    let mut count = 0;\n    while count < n {\n        if i % j == 0 {\n            count += 1;\n        }\n        if count == n {\n            return i;\n        }\n        if j == i {\n            i += 1;\n            j = 1;\n        } else {\n            j += 1;\n        }\n    }\n    return -1;\n}\n\nfn main() {\n    let candidate = is_polite;\n    assert_eq!(candidate(7), 11);\n    assert_eq!(candidate(4), 7);\n    assert_eq!(candidate(9), 13);\n}\n",
      "timestamp": 1666123756,
      "stdout": "",
      "stderr": "thread 'main' panicked at 'assertion failed: `(left == right)`\n  left: `4`,\n right: `11`', /tmp/tmpdq396paj.rs:25:5\nnote: run with `RUST_BACKTRACE=1` environment variable to display a backtrace\n",
      "exit_code": 101,
      "status": "Exception"
    },
    {
      "program": "/// Write a function to find nth polite number. geeksforgeeks.org/n-th-polite-number/\nfn is_polite(n: isize) -> isize {\n    let mut i = 1;\n    let mut j = 1;\n    let mut count = 0;\n\n    while count < n {\n        if i % j == 0 {\n            count += 1;\n        }\n        j += 1;\n        if j > i {\n            i += 1;\n            j = 1;\n        }\n    }\n\n    i\n}\n\nfn main() {\n    let candidate = is_polite;\n    assert_eq!(candidate(7), 11);\n    assert_eq!(candidate(4), 7);\n    assert_eq!(candidate(9), 13);\n}\n",
      "timestamp": 1666123756,
      "stdout": "",
      "stderr": "thread 'main' panicked at 'assertion failed: `(left == right)`\n  left: `4`,\n right: `11`', /tmp/tmpw5t8puin.rs:23:5\nnote: run with `RUST_BACKTRACE=1` environment variable to display a backtrace\n",
      "exit_code": 101,
      "status": "Exception"
    },
    {
      "program": "/// Write a function to find nth polite number. geeksforgeeks.org/n-th-polite-number/\nfn is_polite(n: isize) -> isize {\n    let mut n = n;\n    let mut count = 0;\n    while n % 2 == 0 {\n        n /= 2;\n        count += 1;\n    }\n    count\n}\n\nfn main() {\n    let candidate = is_polite;\n    assert_eq!(candidate(7), 11);\n    assert_eq!(candidate(4), 7);\n    assert_eq!(candidate(9), 13);\n}\n",
      "timestamp": 1666123756,
      "stdout": "",
      "stderr": "thread 'main' panicked at 'assertion failed: `(left == right)`\n  left: `0`,\n right: `11`', /tmp/tmp56pnfhke.rs:14:5\nnote: run with `RUST_BACKTRACE=1` environment variable to display a backtrace\n",
      "exit_code": 101,
      "status": "Exception"
    },
    {
      "program": "/// Write a function to find nth polite number. geeksforgeeks.org/n-th-polite-number/\nfn is_polite(n: isize) -> isize {\n    let mut i = 1;\n    while i <= n {\n        if n % i == 0 {\n            return i;\n        }\n        i += 1;\n    }\n    return i;\n}\n\nfn main() {\n    let candidate = is_polite;\n    assert_eq!(candidate(7), 11);\n    assert_eq!(candidate(4), 7);\n    assert_eq!(candidate(9), 13);\n}\n",
      "timestamp": 1666123756,
      "stdout": "",
      "stderr": "thread 'main' panicked at 'assertion failed: `(left == right)`\n  left: `1`,\n right: `11`', /tmp/tmp7_bheawv.rs:15:5\nnote: run with `RUST_BACKTRACE=1` environment variable to display a backtrace\n",
      "exit_code": 101,
      "status": "Exception"
    },
    {
      "program": "/// Write a function to find nth polite number. geeksforgeeks.org/n-th-polite-number/\nfn is_polite(n: isize) -> isize {\n    let mut i = 1;\n    let mut count = 0;\n    while count < n {\n        if is_prime(i) {\n            count += 1;\n        }\n        i += 1;\n    }\n    i - 1\n}\n\nfn main() {\n    let candidate = is_polite;\n    assert_eq!(candidate(7), 11);\n    assert_eq!(candidate(4), 7);\n    assert_eq!(candidate(9), 13);\n}\n",
      "timestamp": 1665517549,
      "stdout": "",
      "stderr": "error[E0425]: cannot find function `is_prime` in this scope\n --> /tmp/tmpdg7ab2ns.rs:6:12\n  |\n6 |         if is_prime(i) {\n  |            ^^^^^^^^ not found in this scope\n\nerror: aborting due to previous error\n\nFor more information about this error, try `rustc --explain E0425`.\n",
      "exit_code": 1,
      "status": "SyntaxError"
    },
    {
      "program": "/// Write a function to find nth polite number. geeksforgeeks.org/n-th-polite-number/\nfn is_polite(n: isize) -> isize {\n    let mut i = 1;\n    let mut count = 0;\n    while count < n {\n        if is_prime(i) {\n            count += 1;\n        }\n        i += 1;\n    }\n    i - 1\n}\n\nfn main() {\n    let candidate = is_polite;\n    assert_eq!(candidate(7), 11);\n    assert_eq!(candidate(4), 7);\n    assert_eq!(candidate(9), 13);\n}\n",
      "timestamp": 1665517549,
      "stdout": "",
      "stderr": "error[E0425]: cannot find function `is_prime` in this scope\n --> /tmp/tmpdg7ab2ns.rs:6:12\n  |\n6 |         if is_prime(i) {\n  |            ^^^^^^^^ not found in this scope\n\nerror: aborting due to previous error\n\nFor more information about this error, try `rustc --explain E0425`.\n",
      "exit_code": 1,
      "status": "SyntaxError"
    },
    {
      "program": "/// Write a function to find nth polite number. geeksforgeeks.org/n-th-polite-number/\nfn is_polite(n: isize) -> isize {\n    let mut i = 1;\n    while i <= n {\n        if n % i == 0 {\n            return i;\n        }\n        i += 1;\n    }\n    return 0;\n}\n\nfn main() {\n    let candidate = is_polite;\n    assert_eq!(candidate(7), 11);\n    assert_eq!(candidate(4), 7);\n    assert_eq!(candidate(9), 13);\n}\n",
      "timestamp": 1666123756,
      "stdout": "",
      "stderr": "thread 'main' panicked at 'assertion failed: `(left == right)`\n  left: `1`,\n right: `11`', /tmp/tmpd952hh7b.rs:15:5\nnote: run with `RUST_BACKTRACE=1` environment variable to display a backtrace\n",
      "exit_code": 101,
      "status": "Exception"
    },
    {
      "program": "/// Write a function to find nth polite number. geeksforgeeks.org/n-th-polite-number/\nfn is_polite(n: isize) -> isize {\n    let mut i = 1;\n    let mut j = 1;\n    let mut count = 0;\n    while count < n {\n        if i % j == 0 {\n            count += 1;\n        }\n        j += 1;\n        if j > i {\n            i += 1;\n            j = 1;\n        }\n    }\n    i\n}\n\nfn main() {\n    let candidate = is_polite;\n    assert_eq!(candidate(7), 11);\n    assert_eq!(candidate(4), 7);\n    assert_eq!(candidate(9), 13);\n}\n",
      "timestamp": 1665517549,
      "stdout": "",
      "stderr": "thread 'main' panicked at 'assertion failed: `(left == right)`\n  left: `4`,\n right: `11`', /tmp/tmprnwjh1rw.rs:21:5\nnote: run with `RUST_BACKTRACE=1` environment variable to display a backtrace\n",
      "exit_code": 101,
      "status": "Exception"
    },
    {
      "program": "/// Write a function to find nth polite number. geeksforgeeks.org/n-th-polite-number/\nfn is_polite(n: isize) -> isize {\n    let mut i = 1;\n    let mut count = 0;\n    while count < n {\n        if is_prime(i) {\n            count += 1;\n        }\n        i += 1;\n    }\n    i - 1\n}\n\nfn main() {\n    let candidate = is_polite;\n    assert_eq!(candidate(7), 11);\n    assert_eq!(candidate(4), 7);\n    assert_eq!(candidate(9), 13);\n}\n",
      "timestamp": 1665517549,
      "stdout": "",
      "stderr": "error[E0425]: cannot find function `is_prime` in this scope\n --> /tmp/tmpdg7ab2ns.rs:6:12\n  |\n6 |         if is_prime(i) {\n  |            ^^^^^^^^ not found in this scope\n\nerror: aborting due to previous error\n\nFor more information about this error, try `rustc --explain E0425`.\n",
      "exit_code": 1,
      "status": "SyntaxError"
    },
    {
      "program": "/// Write a function to find nth polite number. geeksforgeeks.org/n-th-polite-number/\nfn is_polite(n: isize) -> isize {\n    let mut i = 1;\n    while n % i != 0 {\n        i += 1;\n    }\n    i\n}\n\nfn main() {\n    let candidate = is_polite;\n    assert_eq!(candidate(7), 11);\n    assert_eq!(candidate(4), 7);\n    assert_eq!(candidate(9), 13);\n}\n",
      "timestamp": 1666123756,
      "stdout": "",
      "stderr": "thread 'main' panicked at 'assertion failed: `(left == right)`\n  left: `1`,\n right: `11`', /tmp/tmpz938k3em.rs:12:5\nnote: run with `RUST_BACKTRACE=1` environment variable to display a backtrace\n",
      "exit_code": 101,
      "status": "Exception"
    },
    {
      "program": "/// Write a function to find nth polite number. geeksforgeeks.org/n-th-polite-number/\nfn is_polite(n: isize) -> isize {\n    let mut i = 1;\n    let mut j = 1;\n    let mut count = 0;\n    while count < n {\n        if i % 2 == 0 {\n            count += 1;\n            if count == n {\n                return i;\n            }\n        }\n        if j % 3 == 0 {\n            count += 1;\n            if count == n {\n                return j;\n            }\n        }\n        i += 1;\n        j += 1;\n    }\n    return 0;\n}\n\nfn main() {\n    let candidate = is_polite;\n    assert_eq!(candidate(7), 11);\n    assert_eq!(candidate(4), 7);\n    assert_eq!(candidate(9), 13);\n}\n",
      "timestamp": 1666123756,
      "stdout": "",
      "stderr": "thread 'main' panicked at 'assertion failed: `(left == right)`\n  left: `9`,\n right: `11`', /tmp/tmpoym9iuvt.rs:27:5\nnote: run with `RUST_BACKTRACE=1` environment variable to display a backtrace\n",
      "exit_code": 101,
      "status": "Exception"
    },
    {
      "program": "/// Write a function to find nth polite number. geeksforgeeks.org/n-th-polite-number/\nfn is_polite(n: isize) -> isize {\n    let mut i: isize = 1;\n    let mut j: isize = 1;\n    let mut count: isize = 0;\n    while count < n {\n        if is_prime(i) {\n            count += 1;\n            if count == n {\n                return i;\n            }\n        }\n        i += 1;\n        if is_prime(j) {\n            count += 1;\n            if count == n {\n                return j;\n            }\n        }\n        j += 1;\n    }\n    return 0;\n}\n\nfn main() {\n    let candidate = is_polite;\n    assert_eq!(candidate(7), 11);\n    assert_eq!(candidate(4), 7);\n    assert_eq!(candidate(9), 13);\n}\n",
      "timestamp": 1666123756,
      "stdout": "",
      "stderr": "error[E0425]: cannot find function `is_prime` in this scope\n --> /tmp/tmpcfpphtbp.rs:7:12\n  |\n7 |         if is_prime(i) {\n  |            ^^^^^^^^ not found in this scope\n\nerror[E0425]: cannot find function `is_prime` in this scope\n  --> /tmp/tmpcfpphtbp.rs:14:12\n   |\n14 |         if is_prime(j) {\n   |            ^^^^^^^^ not found in this scope\n\nerror: aborting due to 2 previous errors\n\nFor more information about this error, try `rustc --explain E0425`.\n",
      "exit_code": 1,
      "status": "SyntaxError"
    },
    {
      "program": "/// Write a function to find nth polite number. geeksforgeeks.org/n-th-polite-number/\nfn is_polite(n: isize) -> isize {\n    let mut i = 1;\n    let mut count = 0;\n    while count < n {\n        if is_prime(i) {\n            count += 1;\n        }\n        i += 1;\n    }\n    i - 1\n}\n\nfn main() {\n    let candidate = is_polite;\n    assert_eq!(candidate(7), 11);\n    assert_eq!(candidate(4), 7);\n    assert_eq!(candidate(9), 13);\n}\n",
      "timestamp": 1665517549,
      "stdout": "",
      "stderr": "error[E0425]: cannot find function `is_prime` in this scope\n --> /tmp/tmpdg7ab2ns.rs:6:12\n  |\n6 |         if is_prime(i) {\n  |            ^^^^^^^^ not found in this scope\n\nerror: aborting due to previous error\n\nFor more information about this error, try `rustc --explain E0425`.\n",
      "exit_code": 1,
      "status": "SyntaxError"
    },
    {
      "program": "/// Write a function to find nth polite number. geeksforgeeks.org/n-th-polite-number/\nfn is_polite(n: isize) -> isize {\n    let mut i = 1;\n    let mut count = 0;\n    while count < n {\n        if is_prime(i) {\n            count += 1;\n        }\n        i += 1;\n    }\n    i - 1\n}\n\nfn main() {\n    let candidate = is_polite;\n    assert_eq!(candidate(7), 11);\n    assert_eq!(candidate(4), 7);\n    assert_eq!(candidate(9), 13);\n}\n",
      "timestamp": 1665517549,
      "stdout": "",
      "stderr": "error[E0425]: cannot find function `is_prime` in this scope\n --> /tmp/tmpdg7ab2ns.rs:6:12\n  |\n6 |         if is_prime(i) {\n  |            ^^^^^^^^ not found in this scope\n\nerror: aborting due to previous error\n\nFor more information about this error, try `rustc --explain E0425`.\n",
      "exit_code": 1,
      "status": "SyntaxError"
    },
    {
      "program": "/// Write a function to find nth polite number. geeksforgeeks.org/n-th-polite-number/\nfn is_polite(n: isize) -> isize {\n    let mut i = 1;\n    let mut count = 0;\n    while count < n {\n        if is_prime(i) {\n            count += 1;\n        }\n        i += 1;\n    }\n    i - 1\n}\n\nfn main() {\n    let candidate = is_polite;\n    assert_eq!(candidate(7), 11);\n    assert_eq!(candidate(4), 7);\n    assert_eq!(candidate(9), 13);\n}\n",
      "timestamp": 1665517549,
      "stdout": "",
      "stderr": "error[E0425]: cannot find function `is_prime` in this scope\n --> /tmp/tmpdg7ab2ns.rs:6:12\n  |\n6 |         if is_prime(i) {\n  |            ^^^^^^^^ not found in this scope\n\nerror: aborting due to previous error\n\nFor more information about this error, try `rustc --explain E0425`.\n",
      "exit_code": 1,
      "status": "SyntaxError"
    },
    {
      "program": "/// Write a function to find nth polite number. geeksforgeeks.org/n-th-polite-number/\nfn is_polite(n: isize) -> isize {\n    let mut i = 1;\n    let mut count = 0;\n    while count < n {\n        if is_prime(i) {\n            count += 1;\n        }\n        i += 1;\n    }\n    i - 1\n}\n\nfn main() {\n    let candidate = is_polite;\n    assert_eq!(candidate(7), 11);\n    assert_eq!(candidate(4), 7);\n    assert_eq!(candidate(9), 13);\n}\n",
      "timestamp": 1665517549,
      "stdout": "",
      "stderr": "error[E0425]: cannot find function `is_prime` in this scope\n --> /tmp/tmpdg7ab2ns.rs:6:12\n  |\n6 |         if is_prime(i) {\n  |            ^^^^^^^^ not found in this scope\n\nerror: aborting due to previous error\n\nFor more information about this error, try `rustc --explain E0425`.\n",
      "exit_code": 1,
      "status": "SyntaxError"
    },
    {
      "program": "/// Write a function to find nth polite number. geeksforgeeks.org/n-th-polite-number/\nfn is_polite(n: isize) -> isize {\n    let mut i = 1;\n    let mut count = 0;\n    while count < n {\n        if is_prime(i) {\n            count += 1;\n        }\n        i += 1;\n    }\n    i - 1\n}\n\nfn main() {\n    let candidate = is_polite;\n    assert_eq!(candidate(7), 11);\n    assert_eq!(candidate(4), 7);\n    assert_eq!(candidate(9), 13);\n}\n",
      "timestamp": 1665517549,
      "stdout": "",
      "stderr": "error[E0425]: cannot find function `is_prime` in this scope\n --> /tmp/tmpdg7ab2ns.rs:6:12\n  |\n6 |         if is_prime(i) {\n  |            ^^^^^^^^ not found in this scope\n\nerror: aborting due to previous error\n\nFor more information about this error, try `rustc --explain E0425`.\n",
      "exit_code": 1,
      "status": "SyntaxError"
    },
    {
      "program": "/// Write a function to find nth polite number. geeksforgeeks.org/n-th-polite-number/\nfn is_polite(n: isize) -> isize {\n    let mut i = 1;\n    let mut j = 1;\n    let mut count = 0;\n    while count < n {\n        if i % j == 0 {\n            count += 1;\n        }\n        j += 1;\n        if j > i {\n            i += 1;\n            j = 1;\n        }\n    }\n    i\n}\n\nfn main() {\n    let candidate = is_polite;\n    assert_eq!(candidate(7), 11);\n    assert_eq!(candidate(4), 7);\n    assert_eq!(candidate(9), 13);\n}\n",
      "timestamp": 1665517549,
      "stdout": "",
      "stderr": "thread 'main' panicked at 'assertion failed: `(left == right)`\n  left: `4`,\n right: `11`', /tmp/tmprnwjh1rw.rs:21:5\nnote: run with `RUST_BACKTRACE=1` environment variable to display a backtrace\n",
      "exit_code": 101,
      "status": "Exception"
    },
    {
      "program": "/// Write a function to find nth polite number. geeksforgeeks.org/n-th-polite-number/\nfn is_polite(n: isize) -> isize {\n    let mut i = 1;\n    let mut j = 1;\n    let mut count = 0;\n    while count < n {\n        if i % j == 0 {\n            count += 1;\n        }\n        j += 1;\n        if j > i {\n            i += 1;\n            j = 1;\n        }\n    }\n    i\n}\n\nfn main() {\n    let candidate = is_polite;\n    assert_eq!(candidate(7), 11);\n    assert_eq!(candidate(4), 7);\n    assert_eq!(candidate(9), 13);\n}\n",
      "timestamp": 1665517549,
      "stdout": "",
      "stderr": "thread 'main' panicked at 'assertion failed: `(left == right)`\n  left: `4`,\n right: `11`', /tmp/tmprnwjh1rw.rs:21:5\nnote: run with `RUST_BACKTRACE=1` environment variable to display a backtrace\n",
      "exit_code": 101,
      "status": "Exception"
    },
    {
      "program": "/// Write a function to find nth polite number. geeksforgeeks.org/n-th-polite-number/\nfn is_polite(n: isize) -> isize {\n    let mut i = 1;\n    let mut count = 0;\n    while count < n {\n        if is_prime(i) {\n            count += 1;\n        }\n        i += 1;\n    }\n    i - 1\n}\n\nfn main() {\n    let candidate = is_polite;\n    assert_eq!(candidate(7), 11);\n    assert_eq!(candidate(4), 7);\n    assert_eq!(candidate(9), 13);\n}\n",
      "timestamp": 1665517549,
      "stdout": "",
      "stderr": "error[E0425]: cannot find function `is_prime` in this scope\n --> /tmp/tmpdg7ab2ns.rs:6:12\n  |\n6 |         if is_prime(i) {\n  |            ^^^^^^^^ not found in this scope\n\nerror: aborting due to previous error\n\nFor more information about this error, try `rustc --explain E0425`.\n",
      "exit_code": 1,
      "status": "SyntaxError"
    },
    {
      "program": "/// Write a function to find nth polite number. geeksforgeeks.org/n-th-polite-number/\nfn is_polite(n: isize) -> isize {\n    let mut n = n;\n    let mut count = 0;\n    while n > 0 {\n        if n % 10 == 4 || n % 10 == 6 {\n            count += 1;\n        }\n        n /= 10;\n    }\n    count\n}\n\nfn main() {\n    let candidate = is_polite;\n    assert_eq!(candidate(7), 11);\n    assert_eq!(candidate(4), 7);\n    assert_eq!(candidate(9), 13);\n}\n",
      "timestamp": 1666123756,
      "stdout": "",
      "stderr": "thread 'main' panicked at 'assertion failed: `(left == right)`\n  left: `0`,\n right: `11`', /tmp/tmpco_4fe32.rs:16:5\nnote: run with `RUST_BACKTRACE=1` environment variable to display a backtrace\n",
      "exit_code": 101,
      "status": "Exception"
    },
    {
      "program": "/// Write a function to find nth polite number. geeksforgeeks.org/n-th-polite-number/\nfn is_polite(n: isize) -> isize {\n    let mut i = 1;\n    let mut count = 0;\n    while count < n {\n        if is_prime(i) {\n            count += 1;\n        }\n        i += 1;\n    }\n    i - 1\n}\n\nfn main() {\n    let candidate = is_polite;\n    assert_eq!(candidate(7), 11);\n    assert_eq!(candidate(4), 7);\n    assert_eq!(candidate(9), 13);\n}\n",
      "timestamp": 1665517549,
      "stdout": "",
      "stderr": "error[E0425]: cannot find function `is_prime` in this scope\n --> /tmp/tmpdg7ab2ns.rs:6:12\n  |\n6 |         if is_prime(i) {\n  |            ^^^^^^^^ not found in this scope\n\nerror: aborting due to previous error\n\nFor more information about this error, try `rustc --explain E0425`.\n",
      "exit_code": 1,
      "status": "SyntaxError"
    },
    {
      "program": "/// Write a function to find nth polite number. geeksforgeeks.org/n-th-polite-number/\nfn is_polite(n: isize) -> isize {\n    let mut i = 1;\n    while n % i != 0 {\n        i += 1;\n    }\n    i\n}\n\nfn main() {\n    let candidate = is_polite;\n    assert_eq!(candidate(7), 11);\n    assert_eq!(candidate(4), 7);\n    assert_eq!(candidate(9), 13);\n}\n",
      "timestamp": 1666123756,
      "stdout": "",
      "stderr": "thread 'main' panicked at 'assertion failed: `(left == right)`\n  left: `1`,\n right: `11`', /tmp/tmpz938k3em.rs:12:5\nnote: run with `RUST_BACKTRACE=1` environment variable to display a backtrace\n",
      "exit_code": 101,
      "status": "Exception"
    },
    {
      "program": "/// Write a function to find nth polite number. geeksforgeeks.org/n-th-polite-number/\nfn is_polite(n: isize) -> isize {\n    let mut i = 1;\n    let mut j = 1;\n    let mut count = 0;\n    while count < n {\n        if i % j == 0 {\n            count += 1;\n        }\n        j += 1;\n        if j > i {\n            i += 1;\n            j = 1;\n        }\n    }\n    i\n}\n\nfn main() {\n    let candidate = is_polite;\n    assert_eq!(candidate(7), 11);\n    assert_eq!(candidate(4), 7);\n    assert_eq!(candidate(9), 13);\n}\n",
      "timestamp": 1665517549,
      "stdout": "",
      "stderr": "thread 'main' panicked at 'assertion failed: `(left == right)`\n  left: `4`,\n right: `11`', /tmp/tmprnwjh1rw.rs:21:5\nnote: run with `RUST_BACKTRACE=1` environment variable to display a backtrace\n",
      "exit_code": 101,
      "status": "Exception"
    },
    {
      "program": "/// Write a function to find nth polite number. geeksforgeeks.org/n-th-polite-number/\nfn is_polite(n: isize) -> isize {\n    let mut i = 1;\n    let mut count = 0;\n    while count < n {\n        if is_prime(i) {\n            count += 1;\n        }\n        i += 1;\n    }\n    i - 1\n}\n\nfn main() {\n    let candidate = is_polite;\n    assert_eq!(candidate(7), 11);\n    assert_eq!(candidate(4), 7);\n    assert_eq!(candidate(9), 13);\n}\n",
      "timestamp": 1665517549,
      "stdout": "",
      "stderr": "error[E0425]: cannot find function `is_prime` in this scope\n --> /tmp/tmpdg7ab2ns.rs:6:12\n  |\n6 |         if is_prime(i) {\n  |            ^^^^^^^^ not found in this scope\n\nerror: aborting due to previous error\n\nFor more information about this error, try `rustc --explain E0425`.\n",
      "exit_code": 1,
      "status": "SyntaxError"
    },
    {
      "program": "/// Write a function to find nth polite number. geeksforgeeks.org/n-th-polite-number/\nfn is_polite(n: isize) -> isize {\n    let mut i = 1;\n    let mut count = 0;\n    while count < n {\n        if is_prime(i) {\n            count += 1;\n        }\n        i += 1;\n    }\n    i - 1\n}\n\nfn main() {\n    let candidate = is_polite;\n    assert_eq!(candidate(7), 11);\n    assert_eq!(candidate(4), 7);\n    assert_eq!(candidate(9), 13);\n}\n",
      "timestamp": 1665517549,
      "stdout": "",
      "stderr": "error[E0425]: cannot find function `is_prime` in this scope\n --> /tmp/tmpdg7ab2ns.rs:6:12\n  |\n6 |         if is_prime(i) {\n  |            ^^^^^^^^ not found in this scope\n\nerror: aborting due to previous error\n\nFor more information about this error, try `rustc --explain E0425`.\n",
      "exit_code": 1,
      "status": "SyntaxError"
    },
    {
      "program": "/// Write a function to find nth polite number. geeksforgeeks.org/n-th-polite-number/\nfn is_polite(n: isize) -> isize {\n    let mut i = 1;\n    let mut count = 0;\n    while count < n {\n        if is_prime(i) {\n            count += 1;\n        }\n        i += 1;\n    }\n    i - 1\n}\n\nfn main() {\n    let candidate = is_polite;\n    assert_eq!(candidate(7), 11);\n    assert_eq!(candidate(4), 7);\n    assert_eq!(candidate(9), 13);\n}\n",
      "timestamp": 1665517549,
      "stdout": "",
      "stderr": "error[E0425]: cannot find function `is_prime` in this scope\n --> /tmp/tmpdg7ab2ns.rs:6:12\n  |\n6 |         if is_prime(i) {\n  |            ^^^^^^^^ not found in this scope\n\nerror: aborting due to previous error\n\nFor more information about this error, try `rustc --explain E0425`.\n",
      "exit_code": 1,
      "status": "SyntaxError"
    },
    {
      "program": "/// Write a function to find nth polite number. geeksforgeeks.org/n-th-polite-number/\nfn is_polite(n: isize) -> isize {\n    let mut i = 1;\n    let mut j = 1;\n    let mut count = 0;\n    while count < n {\n        if is_prime(i) {\n            count += 1;\n            if count == n {\n                return i;\n            }\n        }\n        if is_prime(j) {\n            count += 1;\n            if count == n {\n                return j;\n            }\n        }\n        i += 1;\n        j += 2;\n    }\n    0\n}\n\nfn main() {\n    let candidate = is_polite;\n    assert_eq!(candidate(7), 11);\n    assert_eq!(candidate(4), 7);\n    assert_eq!(candidate(9), 13);\n}\n",
      "timestamp": 1666123756,
      "stdout": "",
      "stderr": "error[E0425]: cannot find function `is_prime` in this scope\n --> /tmp/tmp3qo5ndq0.rs:7:12\n  |\n7 |         if is_prime(i) {\n  |            ^^^^^^^^ not found in this scope\n\nerror[E0425]: cannot find function `is_prime` in this scope\n  --> /tmp/tmp3qo5ndq0.rs:13:12\n   |\n13 |         if is_prime(j) {\n   |            ^^^^^^^^ not found in this scope\n\nerror: aborting due to 2 previous errors\n\nFor more information about this error, try `rustc --explain E0425`.\n",
      "exit_code": 1,
      "status": "SyntaxError"
    },
    {
      "program": "/// Write a function to find nth polite number. geeksforgeeks.org/n-th-polite-number/\nfn is_polite(n: isize) -> isize {\n    let mut i = 1;\n    let mut j = 1;\n    let mut count = 0;\n    while count < n {\n        if i % j == 0 {\n            count += 1;\n        }\n        if count == n {\n            return i;\n        }\n        if j == i {\n            i += 1;\n            j = 1;\n        } else {\n            j += 1;\n        }\n    }\n    return 0;\n}\n\nfn main() {\n    let candidate = is_polite;\n    assert_eq!(candidate(7), 11);\n    assert_eq!(candidate(4), 7);\n    assert_eq!(candidate(9), 13);\n}\n",
      "timestamp": 1666123756,
      "stdout": "",
      "stderr": "thread 'main' panicked at 'assertion failed: `(left == right)`\n  left: `4`,\n right: `11`', /tmp/tmp21nacsyd.rs:25:5\nnote: run with `RUST_BACKTRACE=1` environment variable to display a backtrace\n",
      "exit_code": 101,
      "status": "Exception"
    },
    {
      "program": "/// Write a function to find nth polite number. geeksforgeeks.org/n-th-polite-number/\nfn is_polite(n: isize) -> isize {\n    let mut i = 1;\n    let mut count = 0;\n    while count < n {\n        if is_prime(i) {\n            count += 1;\n        }\n        i += 1;\n    }\n    i - 1\n}\n\nfn main() {\n    let candidate = is_polite;\n    assert_eq!(candidate(7), 11);\n    assert_eq!(candidate(4), 7);\n    assert_eq!(candidate(9), 13);\n}\n",
      "timestamp": 1665517549,
      "stdout": "",
      "stderr": "error[E0425]: cannot find function `is_prime` in this scope\n --> /tmp/tmpdg7ab2ns.rs:6:12\n  |\n6 |         if is_prime(i) {\n  |            ^^^^^^^^ not found in this scope\n\nerror: aborting due to previous error\n\nFor more information about this error, try `rustc --explain E0425`.\n",
      "exit_code": 1,
      "status": "SyntaxError"
    },
    {
      "program": "/// Write a function to find nth polite number. geeksforgeeks.org/n-th-polite-number/\nfn is_polite(n: isize) -> isize {\n    let mut i = 1;\n    let mut count = 0;\n    while count < n {\n        if is_prime(i) {\n            count += 1;\n        }\n        i += 1;\n    }\n    i - 1\n}\n\nfn main() {\n    let candidate = is_polite;\n    assert_eq!(candidate(7), 11);\n    assert_eq!(candidate(4), 7);\n    assert_eq!(candidate(9), 13);\n}\n",
      "timestamp": 1665517549,
      "stdout": "",
      "stderr": "error[E0425]: cannot find function `is_prime` in this scope\n --> /tmp/tmpdg7ab2ns.rs:6:12\n  |\n6 |         if is_prime(i) {\n  |            ^^^^^^^^ not found in this scope\n\nerror: aborting due to previous error\n\nFor more information about this error, try `rustc --explain E0425`.\n",
      "exit_code": 1,
      "status": "SyntaxError"
    },
    {
      "program": "/// Write a function to find nth polite number. geeksforgeeks.org/n-th-polite-number/\nfn is_polite(n: isize) -> isize {\n    let mut i = 1;\n    let mut j = 1;\n    let mut k = 1;\n    let mut count = 0;\n    while count < n {\n        let min = std::cmp::min(i, std::cmp::min(j, k));\n        if min == i {\n            i = 2 * i;\n        }\n        if min == j {\n            j = 3 * j;\n        }\n        if min == k {\n            k = 5 * k;\n        }\n        count += 1;\n    }\n    min\n}\n\nfn main() {\n    let candidate = is_polite;\n    assert_eq!(candidate(7), 11);\n    assert_eq!(candidate(4), 7);\n    assert_eq!(candidate(9), 13);\n}\n",
      "timestamp": 1666123756,
      "stdout": "",
      "stderr": "error[E0425]: cannot find value `min` in this scope\n  --> /tmp/tmpz60vi2qv.rs:20:5\n   |\n20 |     min\n   |     ^^^\n...\n23 | fn main() {\n   | --------- similarly named function `main` defined here\n   |\nhelp: a function with a similar name exists\n   |\n20 |     main\n   |\nhelp: consider importing this function\n   |\n1  | use std::cmp::min;\n   |\n\nerror: aborting due to previous error\n\nFor more information about this error, try `rustc --explain E0425`.\n",
      "exit_code": 1,
      "status": "SyntaxError"
    },
    {
      "program": "/// Write a function to find nth polite number. geeksforgeeks.org/n-th-polite-number/\nfn is_polite(n: isize) -> isize {\n    let mut i = 1;\n    while i <= n {\n        if n % i == 0 {\n            return i;\n        }\n        i += 1;\n    }\n    return 0;\n}\n\nfn main() {\n    let candidate = is_polite;\n    assert_eq!(candidate(7), 11);\n    assert_eq!(candidate(4), 7);\n    assert_eq!(candidate(9), 13);\n}\n",
      "timestamp": 1666123756,
      "stdout": "",
      "stderr": "thread 'main' panicked at 'assertion failed: `(left == right)`\n  left: `1`,\n right: `11`', /tmp/tmpd952hh7b.rs:15:5\nnote: run with `RUST_BACKTRACE=1` environment variable to display a backtrace\n",
      "exit_code": 101,
      "status": "Exception"
    },
    {
      "program": "/// Write a function to find nth polite number. geeksforgeeks.org/n-th-polite-number/\nfn is_polite(n: isize) -> isize {\n    let mut i = 1;\n    let mut j = 1;\n    let mut count = 0;\n    while count < n {\n        if i % j == 0 {\n            count += 1;\n        }\n        j += 1;\n        if j > i {\n            i += 1;\n            j = 1;\n        }\n    }\n    i\n}\n\nfn main() {\n    let candidate = is_polite;\n    assert_eq!(candidate(7), 11);\n    assert_eq!(candidate(4), 7);\n    assert_eq!(candidate(9), 13);\n}\n",
      "timestamp": 1665517549,
      "stdout": "",
      "stderr": "thread 'main' panicked at 'assertion failed: `(left == right)`\n  left: `4`,\n right: `11`', /tmp/tmprnwjh1rw.rs:21:5\nnote: run with `RUST_BACKTRACE=1` environment variable to display a backtrace\n",
      "exit_code": 101,
      "status": "Exception"
    },
    {
      "program": "/// Write a function to find nth polite number. geeksforgeeks.org/n-th-polite-number/\nfn is_polite(n: isize) -> isize {\n    let mut i = 1;\n    let mut j = 1;\n    let mut count = 0;\n    while count < n {\n        if i % j == 0 {\n            count += 1;\n        }\n        j += 1;\n        if j > i {\n            i += 1;\n            j = 1;\n        }\n    }\n    i\n}\n\nfn main() {\n    let candidate = is_polite;\n    assert_eq!(candidate(7), 11);\n    assert_eq!(candidate(4), 7);\n    assert_eq!(candidate(9), 13);\n}\n",
      "timestamp": 1665517549,
      "stdout": "",
      "stderr": "thread 'main' panicked at 'assertion failed: `(left == right)`\n  left: `4`,\n right: `11`', /tmp/tmprnwjh1rw.rs:21:5\nnote: run with `RUST_BACKTRACE=1` environment variable to display a backtrace\n",
      "exit_code": 101,
      "status": "Exception"
    },
    {
      "program": "/// Write a function to find nth polite number. geeksforgeeks.org/n-th-polite-number/\nfn is_polite(n: isize) -> isize {\n    let mut i = 1;\n    let mut count = 0;\n    while count < n {\n        if is_prime(i) {\n            count += 1;\n        }\n        i += 1;\n    }\n    i - 1\n}\n\nfn main() {\n    let candidate = is_polite;\n    assert_eq!(candidate(7), 11);\n    assert_eq!(candidate(4), 7);\n    assert_eq!(candidate(9), 13);\n}\n",
      "timestamp": 1665517549,
      "stdout": "",
      "stderr": "error[E0425]: cannot find function `is_prime` in this scope\n --> /tmp/tmpdg7ab2ns.rs:6:12\n  |\n6 |         if is_prime(i) {\n  |            ^^^^^^^^ not found in this scope\n\nerror: aborting due to previous error\n\nFor more information about this error, try `rustc --explain E0425`.\n",
      "exit_code": 1,
      "status": "SyntaxError"
    },
    {
      "program": "/// Write a function to find nth polite number. geeksforgeeks.org/n-th-polite-number/\nfn is_polite(n: isize) -> isize {\n    let mut i = 1;\n    let mut count = 0;\n    while count < n {\n        if is_prime(i) {\n            count += 1;\n        }\n        i += 1;\n    }\n    i - 1\n}\n\nfn main() {\n    let candidate = is_polite;\n    assert_eq!(candidate(7), 11);\n    assert_eq!(candidate(4), 7);\n    assert_eq!(candidate(9), 13);\n}\n",
      "timestamp": 1665517549,
      "stdout": "",
      "stderr": "error[E0425]: cannot find function `is_prime` in this scope\n --> /tmp/tmpdg7ab2ns.rs:6:12\n  |\n6 |         if is_prime(i) {\n  |            ^^^^^^^^ not found in this scope\n\nerror: aborting due to previous error\n\nFor more information about this error, try `rustc --explain E0425`.\n",
      "exit_code": 1,
      "status": "SyntaxError"
    },
    {
      "program": "/// Write a function to find nth polite number. geeksforgeeks.org/n-th-polite-number/\nfn is_polite(n: isize) -> isize {\n    let mut i = 1;\n    let mut count = 0;\n    while count < n {\n        if is_prime(i) {\n            count += 1;\n        }\n        i += 1;\n    }\n    i - 1\n}\n\nfn main() {\n    let candidate = is_polite;\n    assert_eq!(candidate(7), 11);\n    assert_eq!(candidate(4), 7);\n    assert_eq!(candidate(9), 13);\n}\n",
      "timestamp": 1665517549,
      "stdout": "",
      "stderr": "error[E0425]: cannot find function `is_prime` in this scope\n --> /tmp/tmpdg7ab2ns.rs:6:12\n  |\n6 |         if is_prime(i) {\n  |            ^^^^^^^^ not found in this scope\n\nerror: aborting due to previous error\n\nFor more information about this error, try `rustc --explain E0425`.\n",
      "exit_code": 1,
      "status": "SyntaxError"
    },
    {
      "program": "/// Write a function to find nth polite number. geeksforgeeks.org/n-th-polite-number/\nfn is_polite(n: isize) -> isize {\n    let mut i = 1;\n    let mut j = 1;\n    let mut count = 0;\n    while count < n {\n        if i % 2 == 0 {\n            count += 1;\n            if count == n {\n                return i;\n            }\n        }\n        if j % 2 == 0 {\n            count += 1;\n            if count == n {\n                return j;\n            }\n        }\n        i += 1;\n        j += 1;\n    }\n    return 0;\n}\n\nfn main() {\n    let candidate = is_polite;\n    assert_eq!(candidate(7), 11);\n    assert_eq!(candidate(4), 7);\n    assert_eq!(candidate(9), 13);\n}\n",
      "timestamp": 1666123756,
      "stdout": "",
      "stderr": "thread 'main' panicked at 'assertion failed: `(left == right)`\n  left: `8`,\n right: `11`', /tmp/tmpf5zmzelk.rs:27:5\nnote: run with `RUST_BACKTRACE=1` environment variable to display a backtrace\n",
      "exit_code": 101,
      "status": "Exception"
    },
    {
      "program": "/// Write a function to find nth polite number. geeksforgeeks.org/n-th-polite-number/\nfn is_polite(n: isize) -> isize {\n    let mut i = 1;\n    let mut count = 0;\n    while count < n {\n        if is_prime(i) {\n            count += 1;\n        }\n        i += 1;\n    }\n    i - 1\n}\n\nfn main() {\n    let candidate = is_polite;\n    assert_eq!(candidate(7), 11);\n    assert_eq!(candidate(4), 7);\n    assert_eq!(candidate(9), 13);\n}\n",
      "timestamp": 1665517549,
      "stdout": "",
      "stderr": "error[E0425]: cannot find function `is_prime` in this scope\n --> /tmp/tmpdg7ab2ns.rs:6:12\n  |\n6 |         if is_prime(i) {\n  |            ^^^^^^^^ not found in this scope\n\nerror: aborting due to previous error\n\nFor more information about this error, try `rustc --explain E0425`.\n",
      "exit_code": 1,
      "status": "SyntaxError"
    },
    {
      "program": "/// Write a function to find nth polite number. geeksforgeeks.org/n-th-polite-number/\nfn is_polite(n: isize) -> isize {\n    let mut i = 1;\n    let mut count = 0;\n    while count < n {\n        if is_prime(i) {\n            count += 1;\n        }\n        i += 1;\n    }\n    i - 1\n}\n\nfn main() {\n    let candidate = is_polite;\n    assert_eq!(candidate(7), 11);\n    assert_eq!(candidate(4), 7);\n    assert_eq!(candidate(9), 13);\n}\n",
      "timestamp": 1665517549,
      "stdout": "",
      "stderr": "error[E0425]: cannot find function `is_prime` in this scope\n --> /tmp/tmpdg7ab2ns.rs:6:12\n  |\n6 |         if is_prime(i) {\n  |            ^^^^^^^^ not found in this scope\n\nerror: aborting due to previous error\n\nFor more information about this error, try `rustc --explain E0425`.\n",
      "exit_code": 1,
      "status": "SyntaxError"
    },
    {
      "program": "/// Write a function to find nth polite number. geeksforgeeks.org/n-th-polite-number/\nfn is_polite(n: isize) -> isize {\n    let mut i = 1;\n    let mut count = 0;\n    while count < n {\n        if is_prime(i) {\n            count += 1;\n        }\n        i += 1;\n    }\n    i - 1\n}\n\nfn main() {\n    let candidate = is_polite;\n    assert_eq!(candidate(7), 11);\n    assert_eq!(candidate(4), 7);\n    assert_eq!(candidate(9), 13);\n}\n",
      "timestamp": 1665517549,
      "stdout": "",
      "stderr": "error[E0425]: cannot find function `is_prime` in this scope\n --> /tmp/tmpdg7ab2ns.rs:6:12\n  |\n6 |         if is_prime(i) {\n  |            ^^^^^^^^ not found in this scope\n\nerror: aborting due to previous error\n\nFor more information about this error, try `rustc --explain E0425`.\n",
      "exit_code": 1,
      "status": "SyntaxError"
    },
    {
      "program": "/// Write a function to find nth polite number. geeksforgeeks.org/n-th-polite-number/\nfn is_polite(n: isize) -> isize {\n    let mut i = 1;\n    let mut j = 1;\n    let mut k = 1;\n    let mut count = 0;\n    let mut res = 0;\n    while count < n {\n        res = i + j + k;\n        i = j;\n        j = k;\n        k = res;\n        count += 1;\n    }\n    res\n}\n\nfn main() {\n    let candidate = is_polite;\n    assert_eq!(candidate(7), 11);\n    assert_eq!(candidate(4), 7);\n    assert_eq!(candidate(9), 13);\n}\n",
      "timestamp": 1666123756,
      "stdout": "",
      "stderr": "thread 'main' panicked at 'assertion failed: `(left == right)`\n  left: `105`,\n right: `11`', /tmp/tmpzx6srkd5.rs:20:5\nnote: run with `RUST_BACKTRACE=1` environment variable to display a backtrace\n",
      "exit_code": 101,
      "status": "Exception"
    },
    {
      "program": "/// Write a function to find nth polite number. geeksforgeeks.org/n-th-polite-number/\nfn is_polite(n: isize) -> isize {\n    let mut i = 1;\n    let mut j = 1;\n    let mut count = 0;\n    while count < n {\n        if is_prime(i) {\n            count += 1;\n            if count == n {\n                return i;\n            }\n        }\n        i += 1;\n        if is_prime(j) {\n            count += 1;\n            if count == n {\n                return j;\n            }\n        }\n        j += 1;\n    }\n    0\n}\n\nfn main() {\n    let candidate = is_polite;\n    assert_eq!(candidate(7), 11);\n    assert_eq!(candidate(4), 7);\n    assert_eq!(candidate(9), 13);\n}\n",
      "timestamp": 1665517549,
      "stdout": "",
      "stderr": "error[E0425]: cannot find function `is_prime` in this scope\n --> /tmp/tmp5_yycv8g.rs:7:12\n  |\n7 |         if is_prime(i) {\n  |            ^^^^^^^^ not found in this scope\n\nerror[E0425]: cannot find function `is_prime` in this scope\n  --> /tmp/tmp5_yycv8g.rs:14:12\n   |\n14 |         if is_prime(j) {\n   |            ^^^^^^^^ not found in this scope\n\nerror: aborting due to 2 previous errors\n\nFor more information about this error, try `rustc --explain E0425`.\n",
      "exit_code": 1,
      "status": "SyntaxError"
    },
    {
      "program": "/// Write a function to find nth polite number. geeksforgeeks.org/n-th-polite-number/\nfn is_polite(n: isize) -> isize {\n    let mut i = 1;\n    let mut count = 0;\n    while count < n {\n        if is_prime(i) {\n            count += 1;\n        }\n        i += 1;\n    }\n    i - 1\n}\n\nfn main() {\n    let candidate = is_polite;\n    assert_eq!(candidate(7), 11);\n    assert_eq!(candidate(4), 7);\n    assert_eq!(candidate(9), 13);\n}\n",
      "timestamp": 1665517549,
      "stdout": "",
      "stderr": "error[E0425]: cannot find function `is_prime` in this scope\n --> /tmp/tmpdg7ab2ns.rs:6:12\n  |\n6 |         if is_prime(i) {\n  |            ^^^^^^^^ not found in this scope\n\nerror: aborting due to previous error\n\nFor more information about this error, try `rustc --explain E0425`.\n",
      "exit_code": 1,
      "status": "SyntaxError"
    },
    {
      "program": "/// Write a function to find nth polite number. geeksforgeeks.org/n-th-polite-number/\nfn is_polite(n: isize) -> isize {\n    let mut i = 1;\n    let mut count = 0;\n    while count < n {\n        if is_prime(i) {\n            count += 1;\n        }\n        i += 1;\n    }\n    i - 1\n}\n\nfn main() {\n    let candidate = is_polite;\n    assert_eq!(candidate(7), 11);\n    assert_eq!(candidate(4), 7);\n    assert_eq!(candidate(9), 13);\n}\n",
      "timestamp": 1665517549,
      "stdout": "",
      "stderr": "error[E0425]: cannot find function `is_prime` in this scope\n --> /tmp/tmpdg7ab2ns.rs:6:12\n  |\n6 |         if is_prime(i) {\n  |            ^^^^^^^^ not found in this scope\n\nerror: aborting due to previous error\n\nFor more information about this error, try `rustc --explain E0425`.\n",
      "exit_code": 1,
      "status": "SyntaxError"
    },
    {
      "program": "/// Write a function to find nth polite number. geeksforgeeks.org/n-th-polite-number/\nfn is_polite(n: isize) -> isize {\n    let mut i = 1;\n    let mut count = 0;\n    while count < n {\n        if is_prime(i) {\n            count += 1;\n        }\n        i += 1;\n    }\n    i - 1\n}\n\nfn main() {\n    let candidate = is_polite;\n    assert_eq!(candidate(7), 11);\n    assert_eq!(candidate(4), 7);\n    assert_eq!(candidate(9), 13);\n}\n",
      "timestamp": 1665517549,
      "stdout": "",
      "stderr": "error[E0425]: cannot find function `is_prime` in this scope\n --> /tmp/tmpdg7ab2ns.rs:6:12\n  |\n6 |         if is_prime(i) {\n  |            ^^^^^^^^ not found in this scope\n\nerror: aborting due to previous error\n\nFor more information about this error, try `rustc --explain E0425`.\n",
      "exit_code": 1,
      "status": "SyntaxError"
    },
    {
      "program": "/// Write a function to find nth polite number. geeksforgeeks.org/n-th-polite-number/\nfn is_polite(n: isize) -> isize {\n    let mut i = 1;\n    let mut count = 0;\n    while count < n {\n        if is_prime(i) {\n            count += 1;\n        }\n        i += 1;\n    }\n    i - 1\n}\n\nfn main() {\n    let candidate = is_polite;\n    assert_eq!(candidate(7), 11);\n    assert_eq!(candidate(4), 7);\n    assert_eq!(candidate(9), 13);\n}\n",
      "timestamp": 1665517549,
      "stdout": "",
      "stderr": "error[E0425]: cannot find function `is_prime` in this scope\n --> /tmp/tmpdg7ab2ns.rs:6:12\n  |\n6 |         if is_prime(i) {\n  |            ^^^^^^^^ not found in this scope\n\nerror: aborting due to previous error\n\nFor more information about this error, try `rustc --explain E0425`.\n",
      "exit_code": 1,
      "status": "SyntaxError"
    },
    {
      "program": "/// Write a function to find nth polite number. geeksforgeeks.org/n-th-polite-number/\nfn is_polite(n: isize) -> isize {\n    let mut i = 1;\n    while n % i != 0 {\n        i += 1;\n    }\n    i\n}\n\nfn main() {\n    let candidate = is_polite;\n    assert_eq!(candidate(7), 11);\n    assert_eq!(candidate(4), 7);\n    assert_eq!(candidate(9), 13);\n}\n",
      "timestamp": 1666123756,
      "stdout": "",
      "stderr": "thread 'main' panicked at 'assertion failed: `(left == right)`\n  left: `1`,\n right: `11`', /tmp/tmpz938k3em.rs:12:5\nnote: run with `RUST_BACKTRACE=1` environment variable to display a backtrace\n",
      "exit_code": 101,
      "status": "Exception"
    },
    {
      "program": "/// Write a function to find nth polite number. geeksforgeeks.org/n-th-polite-number/\nfn is_polite(n: isize) -> isize {\n    let mut i = 1;\n    let mut count = 0;\n    while count < n {\n        if is_prime(i) {\n            count += 1;\n        }\n        i += 1;\n    }\n    i - 1\n}\n\nfn main() {\n    let candidate = is_polite;\n    assert_eq!(candidate(7), 11);\n    assert_eq!(candidate(4), 7);\n    assert_eq!(candidate(9), 13);\n}\n",
      "timestamp": 1665517549,
      "stdout": "",
      "stderr": "error[E0425]: cannot find function `is_prime` in this scope\n --> /tmp/tmpdg7ab2ns.rs:6:12\n  |\n6 |         if is_prime(i) {\n  |            ^^^^^^^^ not found in this scope\n\nerror: aborting due to previous error\n\nFor more information about this error, try `rustc --explain E0425`.\n",
      "exit_code": 1,
      "status": "SyntaxError"
    },
    {
      "program": "/// Write a function to find nth polite number. geeksforgeeks.org/n-th-polite-number/\nfn is_polite(n: isize) -> isize {\n    let mut i = 1;\n    let mut count = 0;\n    while count < n {\n        if is_prime(i) {\n            count += 1;\n        }\n        i += 1;\n    }\n    i - 1\n}\n\nfn main() {\n    let candidate = is_polite;\n    assert_eq!(candidate(7), 11);\n    assert_eq!(candidate(4), 7);\n    assert_eq!(candidate(9), 13);\n}\n",
      "timestamp": 1665517549,
      "stdout": "",
      "stderr": "error[E0425]: cannot find function `is_prime` in this scope\n --> /tmp/tmpdg7ab2ns.rs:6:12\n  |\n6 |         if is_prime(i) {\n  |            ^^^^^^^^ not found in this scope\n\nerror: aborting due to previous error\n\nFor more information about this error, try `rustc --explain E0425`.\n",
      "exit_code": 1,
      "status": "SyntaxError"
    },
    {
      "program": "/// Write a function to find nth polite number. geeksforgeeks.org/n-th-polite-number/\nfn is_polite(n: isize) -> isize {\n    let mut i = 1;\n    let mut count = 0;\n\n    while count < n {\n        if is_prime(i) {\n            let mut j = 1;\n            while j * i <= n {\n                count += 1;\n                j += 1;\n            }\n        }\n        i += 1;\n    }\n\n    i - 1\n}\n\nfn main() {\n    let candidate = is_polite;\n    assert_eq!(candidate(7), 11);\n    assert_eq!(candidate(4), 7);\n    assert_eq!(candidate(9), 13);\n}\n",
      "timestamp": 1666123756,
      "stdout": "",
      "stderr": "error[E0425]: cannot find function `is_prime` in this scope\n --> /tmp/tmpzpg1_5hc.rs:7:12\n  |\n7 |         if is_prime(i) {\n  |            ^^^^^^^^ not found in this scope\n\nerror: aborting due to previous error\n\nFor more information about this error, try `rustc --explain E0425`.\n",
      "exit_code": 1,
      "status": "SyntaxError"
    },
    {
      "program": "/// Write a function to find nth polite number. geeksforgeeks.org/n-th-polite-number/\nfn is_polite(n: isize) -> isize {\n    let mut i = 1;\n    while i * i <= n {\n        if n % i == 0 {\n            return i + n / i;\n        }\n        i += 1;\n    }\n    return 0;\n}\n\nfn main() {\n    let candidate = is_polite;\n    assert_eq!(candidate(7), 11);\n    assert_eq!(candidate(4), 7);\n    assert_eq!(candidate(9), 13);\n}\n",
      "timestamp": 1666123756,
      "stdout": "",
      "stderr": "thread 'main' panicked at 'assertion failed: `(left == right)`\n  left: `8`,\n right: `11`', /tmp/tmp4tg2m3n2.rs:15:5\nnote: run with `RUST_BACKTRACE=1` environment variable to display a backtrace\n",
      "exit_code": 101,
      "status": "Exception"
    },
    {
      "program": "/// Write a function to find nth polite number. geeksforgeeks.org/n-th-polite-number/\nfn is_polite(n: isize) -> isize {\n    let mut i = 1;\n    let mut count = 0;\n    while count < n {\n        if is_prime(i) {\n            count += 1;\n        }\n        i += 1;\n    }\n    i - 1\n}\n\nfn main() {\n    let candidate = is_polite;\n    assert_eq!(candidate(7), 11);\n    assert_eq!(candidate(4), 7);\n    assert_eq!(candidate(9), 13);\n}\n",
      "timestamp": 1665517549,
      "stdout": "",
      "stderr": "error[E0425]: cannot find function `is_prime` in this scope\n --> /tmp/tmpdg7ab2ns.rs:6:12\n  |\n6 |         if is_prime(i) {\n  |            ^^^^^^^^ not found in this scope\n\nerror: aborting due to previous error\n\nFor more information about this error, try `rustc --explain E0425`.\n",
      "exit_code": 1,
      "status": "SyntaxError"
    },
    {
      "program": "/// Write a function to find nth polite number. geeksforgeeks.org/n-th-polite-number/\nfn is_polite(n: isize) -> isize {\n    let mut i = 1;\n    let mut j = 1;\n    let mut count = 0;\n    while count < n {\n        if i % j == 0 {\n            count += 1;\n        }\n        j += 1;\n        if j > i {\n            i += 1;\n            j = 1;\n        }\n    }\n    i\n}\n\nfn main() {\n    let candidate = is_polite;\n    assert_eq!(candidate(7), 11);\n    assert_eq!(candidate(4), 7);\n    assert_eq!(candidate(9), 13);\n}\n",
      "timestamp": 1665517549,
      "stdout": "",
      "stderr": "thread 'main' panicked at 'assertion failed: `(left == right)`\n  left: `4`,\n right: `11`', /tmp/tmprnwjh1rw.rs:21:5\nnote: run with `RUST_BACKTRACE=1` environment variable to display a backtrace\n",
      "exit_code": 101,
      "status": "Exception"
    },
    {
      "program": "/// Write a function to find nth polite number. geeksforgeeks.org/n-th-polite-number/\nfn is_polite(n: isize) -> isize {\n    let mut i = 1;\n    let mut count = 0;\n    while count < n {\n        if is_prime(i) {\n            count += 1;\n        }\n        i += 1;\n    }\n    i - 1\n}\n\nfn main() {\n    let candidate = is_polite;\n    assert_eq!(candidate(7), 11);\n    assert_eq!(candidate(4), 7);\n    assert_eq!(candidate(9), 13);\n}\n",
      "timestamp": 1665517549,
      "stdout": "",
      "stderr": "error[E0425]: cannot find function `is_prime` in this scope\n --> /tmp/tmpdg7ab2ns.rs:6:12\n  |\n6 |         if is_prime(i) {\n  |            ^^^^^^^^ not found in this scope\n\nerror: aborting due to previous error\n\nFor more information about this error, try `rustc --explain E0425`.\n",
      "exit_code": 1,
      "status": "SyntaxError"
    },
    {
      "program": "/// Write a function to find nth polite number. geeksforgeeks.org/n-th-polite-number/\nfn is_polite(n: isize) -> isize {\n    let mut i = 1;\n    let mut count = 0;\n    while count < n {\n        i += 1;\n        if is_prime(i) {\n            count += 1;\n        }\n    }\n    i\n}\n\nfn main() {\n    let candidate = is_polite;\n    assert_eq!(candidate(7), 11);\n    assert_eq!(candidate(4), 7);\n    assert_eq!(candidate(9), 13);\n}\n",
      "timestamp": 1666123756,
      "stdout": "",
      "stderr": "error[E0425]: cannot find function `is_prime` in this scope\n --> /tmp/tmpk35lf7x_.rs:7:12\n  |\n7 |         if is_prime(i) {\n  |            ^^^^^^^^ not found in this scope\n\nerror: aborting due to previous error\n\nFor more information about this error, try `rustc --explain E0425`.\n",
      "exit_code": 1,
      "status": "SyntaxError"
    },
    {
      "program": "/// Write a function to find nth polite number. geeksforgeeks.org/n-th-polite-number/\nfn is_polite(n: isize) -> isize {\n    let mut i = 1;\n    let mut j = 1;\n    let mut count = 0;\n    while count < n {\n        if i % 2 == 0 {\n            count += 1;\n            if count == n {\n                return i;\n            }\n        }\n        if j % 2 == 0 {\n            count += 1;\n            if count == n {\n                return j;\n            }\n        }\n        i += 1;\n        j += 1;\n    }\n    return 0;\n}\n\nfn main() {\n    let candidate = is_polite;\n    assert_eq!(candidate(7), 11);\n    assert_eq!(candidate(4), 7);\n    assert_eq!(candidate(9), 13);\n}\n",
      "timestamp": 1666123756,
      "stdout": "",
      "stderr": "thread 'main' panicked at 'assertion failed: `(left == right)`\n  left: `8`,\n right: `11`', /tmp/tmpf5zmzelk.rs:27:5\nnote: run with `RUST_BACKTRACE=1` environment variable to display a backtrace\n",
      "exit_code": 101,
      "status": "Exception"
    },
    {
      "program": "/// Write a function to find nth polite number. geeksforgeeks.org/n-th-polite-number/\nfn is_polite(n: isize) -> isize {\n    let mut i = 1;\n    let mut j = 1;\n    let mut count = 0;\n    while count < n {\n        if i % 2 == 0 {\n            count += 1;\n            if count == n {\n                return i;\n            }\n        }\n        if j % 3 == 0 {\n            count += 1;\n            if count == n {\n                return j;\n            }\n        }\n        i += 1;\n        j += 1;\n    }\n    return 0;\n}\n\nfn main() {\n    let candidate = is_polite;\n    assert_eq!(candidate(7), 11);\n    assert_eq!(candidate(4), 7);\n    assert_eq!(candidate(9), 13);\n}\n",
      "timestamp": 1666123756,
      "stdout": "",
      "stderr": "thread 'main' panicked at 'assertion failed: `(left == right)`\n  left: `9`,\n right: `11`', /tmp/tmpoym9iuvt.rs:27:5\nnote: run with `RUST_BACKTRACE=1` environment variable to display a backtrace\n",
      "exit_code": 101,
      "status": "Exception"
    },
    {
      "program": "/// Write a function to find nth polite number. geeksforgeeks.org/n-th-polite-number/\nfn is_polite(n: isize) -> isize {\n    let mut i = 1;\n    let mut count = 0;\n    while count < n {\n        if is_prime(i) {\n            count += 1;\n        }\n        i += 1;\n    }\n    i - 1\n}\n\nfn main() {\n    let candidate = is_polite;\n    assert_eq!(candidate(7), 11);\n    assert_eq!(candidate(4), 7);\n    assert_eq!(candidate(9), 13);\n}\n",
      "timestamp": 1665517549,
      "stdout": "",
      "stderr": "error[E0425]: cannot find function `is_prime` in this scope\n --> /tmp/tmpdg7ab2ns.rs:6:12\n  |\n6 |         if is_prime(i) {\n  |            ^^^^^^^^ not found in this scope\n\nerror: aborting due to previous error\n\nFor more information about this error, try `rustc --explain E0425`.\n",
      "exit_code": 1,
      "status": "SyntaxError"
    },
    {
      "program": "/// Write a function to find nth polite number. geeksforgeeks.org/n-th-polite-number/\nfn is_polite(n: isize) -> isize {\n    let mut i = 1;\n    let mut count = 0;\n    while count < n {\n        if is_prime(i) {\n            count += 1;\n        }\n        i += 1;\n    }\n    i - 1\n}\n\nfn main() {\n    let candidate = is_polite;\n    assert_eq!(candidate(7), 11);\n    assert_eq!(candidate(4), 7);\n    assert_eq!(candidate(9), 13);\n}\n",
      "timestamp": 1665517549,
      "stdout": "",
      "stderr": "error[E0425]: cannot find function `is_prime` in this scope\n --> /tmp/tmpdg7ab2ns.rs:6:12\n  |\n6 |         if is_prime(i) {\n  |            ^^^^^^^^ not found in this scope\n\nerror: aborting due to previous error\n\nFor more information about this error, try `rustc --explain E0425`.\n",
      "exit_code": 1,
      "status": "SyntaxError"
    },
    {
      "program": "/// Write a function to find nth polite number. geeksforgeeks.org/n-th-polite-number/\nfn is_polite(n: isize) -> isize {\n    let mut i = 1;\n    let mut count = 0;\n    while count < n {\n        if is_prime(i) {\n            count += 1;\n        }\n        i += 1;\n    }\n    i - 1\n}\n\nfn main() {\n    let candidate = is_polite;\n    assert_eq!(candidate(7), 11);\n    assert_eq!(candidate(4), 7);\n    assert_eq!(candidate(9), 13);\n}\n",
      "timestamp": 1665517549,
      "stdout": "",
      "stderr": "error[E0425]: cannot find function `is_prime` in this scope\n --> /tmp/tmpdg7ab2ns.rs:6:12\n  |\n6 |         if is_prime(i) {\n  |            ^^^^^^^^ not found in this scope\n\nerror: aborting due to previous error\n\nFor more information about this error, try `rustc --explain E0425`.\n",
      "exit_code": 1,
      "status": "SyntaxError"
    },
    {
      "program": "/// Write a function to find nth polite number. geeksforgeeks.org/n-th-polite-number/\nfn is_polite(n: isize) -> isize {\n    let mut i = 1;\n    let mut count = 0;\n    while count < n {\n        if is_prime(i) {\n            count += 1;\n        }\n        i += 1;\n    }\n    i - 1\n}\n\nfn main() {\n    let candidate = is_polite;\n    assert_eq!(candidate(7), 11);\n    assert_eq!(candidate(4), 7);\n    assert_eq!(candidate(9), 13);\n}\n",
      "timestamp": 1665517549,
      "stdout": "",
      "stderr": "error[E0425]: cannot find function `is_prime` in this scope\n --> /tmp/tmpdg7ab2ns.rs:6:12\n  |\n6 |         if is_prime(i) {\n  |            ^^^^^^^^ not found in this scope\n\nerror: aborting due to previous error\n\nFor more information about this error, try `rustc --explain E0425`.\n",
      "exit_code": 1,
      "status": "SyntaxError"
    },
    {
      "program": "/// Write a function to find nth polite number. geeksforgeeks.org/n-th-polite-number/\nfn is_polite(n: isize) -> isize {\n    let mut i = 1;\n    let mut j = 1;\n    let mut count = 0;\n    while count < n {\n        if i % j == 0 {\n            count += 1;\n        }\n        j += 1;\n        if j > i {\n            i += 1;\n            j = 1;\n        }\n    }\n    i\n}\n\nfn main() {\n    let candidate = is_polite;\n    assert_eq!(candidate(7), 11);\n    assert_eq!(candidate(4), 7);\n    assert_eq!(candidate(9), 13);\n}\n",
      "timestamp": 1665517549,
      "stdout": "",
      "stderr": "thread 'main' panicked at 'assertion failed: `(left == right)`\n  left: `4`,\n right: `11`', /tmp/tmprnwjh1rw.rs:21:5\nnote: run with `RUST_BACKTRACE=1` environment variable to display a backtrace\n",
      "exit_code": 101,
      "status": "Exception"
    },
    {
      "program": "/// Write a function to find nth polite number. geeksforgeeks.org/n-th-polite-number/\nfn is_polite(n: isize) -> isize {\n    let mut i = 1;\n    let mut j = 1;\n    let mut count = 0;\n    while count < n {\n        if i % j == 0 {\n            count += 1;\n        }\n        j += 1;\n        if j > i {\n            i += 1;\n            j = 1;\n        }\n    }\n    i\n}\n\nfn main() {\n    let candidate = is_polite;\n    assert_eq!(candidate(7), 11);\n    assert_eq!(candidate(4), 7);\n    assert_eq!(candidate(9), 13);\n}\n",
      "timestamp": 1665517549,
      "stdout": "",
      "stderr": "thread 'main' panicked at 'assertion failed: `(left == right)`\n  left: `4`,\n right: `11`', /tmp/tmprnwjh1rw.rs:21:5\nnote: run with `RUST_BACKTRACE=1` environment variable to display a backtrace\n",
      "exit_code": 101,
      "status": "Exception"
    },
    {
      "program": "/// Write a function to find nth polite number. geeksforgeeks.org/n-th-polite-number/\nfn is_polite(n: isize) -> isize {\n    let mut i = 1;\n    let mut count = 0;\n    while count < n {\n        if is_prime(i) {\n            count += 1;\n        }\n        i += 1;\n    }\n    i - 1\n}\n\nfn main() {\n    let candidate = is_polite;\n    assert_eq!(candidate(7), 11);\n    assert_eq!(candidate(4), 7);\n    assert_eq!(candidate(9), 13);\n}\n",
      "timestamp": 1665517549,
      "stdout": "",
      "stderr": "error[E0425]: cannot find function `is_prime` in this scope\n --> /tmp/tmpdg7ab2ns.rs:6:12\n  |\n6 |         if is_prime(i) {\n  |            ^^^^^^^^ not found in this scope\n\nerror: aborting due to previous error\n\nFor more information about this error, try `rustc --explain E0425`.\n",
      "exit_code": 1,
      "status": "SyntaxError"
    },
    {
      "program": "/// Write a function to find nth polite number. geeksforgeeks.org/n-th-polite-number/\nfn is_polite(n: isize) -> isize {\n    let mut i = 1;\n    let mut j = 1;\n    let mut count = 1;\n    while count < n {\n        if i < j {\n            i += 1;\n        } else {\n            j += 1;\n        }\n        if is_prime(i) && is_prime(j) {\n            count += 1;\n        }\n    }\n    i * j\n}\n\nfn main() {\n    let candidate = is_polite;\n    assert_eq!(candidate(7), 11);\n    assert_eq!(candidate(4), 7);\n    assert_eq!(candidate(9), 13);\n}\n",
      "timestamp": 1666123756,
      "stdout": "",
      "stderr": "error[E0425]: cannot find function `is_prime` in this scope\n  --> /tmp/tmp07okjedg.rs:12:12\n   |\n12 |         if is_prime(i) && is_prime(j) {\n   |            ^^^^^^^^ not found in this scope\n\nerror[E0425]: cannot find function `is_prime` in this scope\n  --> /tmp/tmp07okjedg.rs:12:27\n   |\n12 |         if is_prime(i) && is_prime(j) {\n   |                           ^^^^^^^^ not found in this scope\n\nerror: aborting due to 2 previous errors\n\nFor more information about this error, try `rustc --explain E0425`.\n",
      "exit_code": 1,
      "status": "SyntaxError"
    },
    {
      "program": "/// Write a function to find nth polite number. geeksforgeeks.org/n-th-polite-number/\nfn is_polite(n: isize) -> isize {\n    let mut i = 1;\n    let mut count = 0;\n    while count < n {\n        if is_prime(i) {\n            count += 1;\n        }\n        i += 1;\n    }\n    return i - 1;\n}\n\nfn main() {\n    let candidate = is_polite;\n    assert_eq!(candidate(7), 11);\n    assert_eq!(candidate(4), 7);\n    assert_eq!(candidate(9), 13);\n}\n",
      "timestamp": 1666123756,
      "stdout": "",
      "stderr": "error[E0425]: cannot find function `is_prime` in this scope\n --> /tmp/tmpjz0wogix.rs:6:12\n  |\n6 |         if is_prime(i) {\n  |            ^^^^^^^^ not found in this scope\n\nerror: aborting due to previous error\n\nFor more information about this error, try `rustc --explain E0425`.\n",
      "exit_code": 1,
      "status": "SyntaxError"
    },
    {
      "program": "/// Write a function to find nth polite number. geeksforgeeks.org/n-th-polite-number/\nfn is_polite(n: isize) -> isize {\n    let mut i = 1;\n    let mut j = 1;\n    let mut count = 0;\n    while count < n {\n        if is_prime(i) {\n            count += 1;\n            if count == n {\n                return i;\n            }\n        }\n        i += 1;\n    }\n    0\n}\n\nfn main() {\n    let candidate = is_polite;\n    assert_eq!(candidate(7), 11);\n    assert_eq!(candidate(4), 7);\n    assert_eq!(candidate(9), 13);\n}\n",
      "timestamp": 1666123756,
      "stdout": "",
      "stderr": "error[E0425]: cannot find function `is_prime` in this scope\n --> /tmp/tmpryibb6nl.rs:7:12\n  |\n7 |         if is_prime(i) {\n  |            ^^^^^^^^ not found in this scope\n\nerror: aborting due to previous error\n\nFor more information about this error, try `rustc --explain E0425`.\n",
      "exit_code": 1,
      "status": "SyntaxError"
    },
    {
      "program": "/// Write a function to find nth polite number. geeksforgeeks.org/n-th-polite-number/\nfn is_polite(n: isize) -> isize {\n    let mut i = 1;\n    let mut j = 1;\n    let mut count = 0;\n    while count < n {\n        if is_prime(i) {\n            count += 1;\n            if count == n {\n                return i;\n            }\n        }\n        i += 1;\n        if is_prime(j) {\n            count += 1;\n            if count == n {\n                return j;\n            }\n        }\n        j += 1;\n    }\n    0\n}\n\nfn main() {\n    let candidate = is_polite;\n    assert_eq!(candidate(7), 11);\n    assert_eq!(candidate(4), 7);\n    assert_eq!(candidate(9), 13);\n}\n",
      "timestamp": 1665517549,
      "stdout": "",
      "stderr": "error[E0425]: cannot find function `is_prime` in this scope\n --> /tmp/tmp5_yycv8g.rs:7:12\n  |\n7 |         if is_prime(i) {\n  |            ^^^^^^^^ not found in this scope\n\nerror[E0425]: cannot find function `is_prime` in this scope\n  --> /tmp/tmp5_yycv8g.rs:14:12\n   |\n14 |         if is_prime(j) {\n   |            ^^^^^^^^ not found in this scope\n\nerror: aborting due to 2 previous errors\n\nFor more information about this error, try `rustc --explain E0425`.\n",
      "exit_code": 1,
      "status": "SyntaxError"
    },
    {
      "program": "/// Write a function to find nth polite number. geeksforgeeks.org/n-th-polite-number/\nfn is_polite(n: isize) -> isize {\n    let mut i = 1;\n    let mut j = 1;\n    let mut count = 0;\n    while count < n {\n        if is_prime(i) {\n            count += 1;\n            if count == n {\n                return i;\n            }\n        }\n        i += 1;\n    }\n    return i;\n}\n\nfn main() {\n    let candidate = is_polite;\n    assert_eq!(candidate(7), 11);\n    assert_eq!(candidate(4), 7);\n    assert_eq!(candidate(9), 13);\n}\n",
      "timestamp": 1666123756,
      "stdout": "",
      "stderr": "error[E0425]: cannot find function `is_prime` in this scope\n --> /tmp/tmpmghbbynw.rs:7:12\n  |\n7 |         if is_prime(i) {\n  |            ^^^^^^^^ not found in this scope\n\nerror: aborting due to previous error\n\nFor more information about this error, try `rustc --explain E0425`.\n",
      "exit_code": 1,
      "status": "SyntaxError"
    },
    {
      "program": "/// Write a function to find nth polite number. geeksforgeeks.org/n-th-polite-number/\nfn is_polite(n: isize) -> isize {\n    let mut i = 1;\n    let mut count = 0;\n    while count < n {\n        if is_prime(i) {\n            count += 1;\n        }\n        i += 1;\n    }\n    i - 1\n}\n\nfn main() {\n    let candidate = is_polite;\n    assert_eq!(candidate(7), 11);\n    assert_eq!(candidate(4), 7);\n    assert_eq!(candidate(9), 13);\n}\n",
      "timestamp": 1665517549,
      "stdout": "",
      "stderr": "error[E0425]: cannot find function `is_prime` in this scope\n --> /tmp/tmpdg7ab2ns.rs:6:12\n  |\n6 |         if is_prime(i) {\n  |            ^^^^^^^^ not found in this scope\n\nerror: aborting due to previous error\n\nFor more information about this error, try `rustc --explain E0425`.\n",
      "exit_code": 1,
      "status": "SyntaxError"
    },
    {
      "program": "/// Write a function to find nth polite number. geeksforgeeks.org/n-th-polite-number/\nfn is_polite(n: isize) -> isize {\n    let mut i = 1;\n    while i * i <= n {\n        if n % i == 0 {\n            return i + n / i;\n        }\n        i += 1;\n    }\n    return 0;\n}\n\nfn main() {\n    let candidate = is_polite;\n    assert_eq!(candidate(7), 11);\n    assert_eq!(candidate(4), 7);\n    assert_eq!(candidate(9), 13);\n}\n",
      "timestamp": 1666123756,
      "stdout": "",
      "stderr": "thread 'main' panicked at 'assertion failed: `(left == right)`\n  left: `8`,\n right: `11`', /tmp/tmp4tg2m3n2.rs:15:5\nnote: run with `RUST_BACKTRACE=1` environment variable to display a backtrace\n",
      "exit_code": 101,
      "status": "Exception"
    },
    {
      "program": "/// Write a function to find nth polite number. geeksforgeeks.org/n-th-polite-number/\nfn is_polite(n: isize) -> isize {\n    let mut i = 1;\n    let mut count = 0;\n    while count < n {\n        if is_prime(i) {\n            count += 1;\n        }\n        i += 1;\n    }\n    i - 1\n}\n\nfn main() {\n    let candidate = is_polite;\n    assert_eq!(candidate(7), 11);\n    assert_eq!(candidate(4), 7);\n    assert_eq!(candidate(9), 13);\n}\n",
      "timestamp": 1665517549,
      "stdout": "",
      "stderr": "error[E0425]: cannot find function `is_prime` in this scope\n --> /tmp/tmpdg7ab2ns.rs:6:12\n  |\n6 |         if is_prime(i) {\n  |            ^^^^^^^^ not found in this scope\n\nerror: aborting due to previous error\n\nFor more information about this error, try `rustc --explain E0425`.\n",
      "exit_code": 1,
      "status": "SyntaxError"
    },
    {
      "program": "/// Write a function to find nth polite number. geeksforgeeks.org/n-th-polite-number/\nfn is_polite(n: isize) -> isize {\n    let mut i = 1;\n    let mut j = 1;\n    let mut count = 0;\n    while count < n {\n        if is_prime(i) {\n            count += 1;\n            if count == n {\n                return i;\n            }\n        }\n        if is_prime(j) {\n            count += 1;\n            if count == n {\n                return j;\n            }\n        }\n        i += 1;\n        j += 2;\n    }\n    0\n}\n\nfn main() {\n    let candidate = is_polite;\n    assert_eq!(candidate(7), 11);\n    assert_eq!(candidate(4), 7);\n    assert_eq!(candidate(9), 13);\n}\n",
      "timestamp": 1666123756,
      "stdout": "",
      "stderr": "error[E0425]: cannot find function `is_prime` in this scope\n --> /tmp/tmp3qo5ndq0.rs:7:12\n  |\n7 |         if is_prime(i) {\n  |            ^^^^^^^^ not found in this scope\n\nerror[E0425]: cannot find function `is_prime` in this scope\n  --> /tmp/tmp3qo5ndq0.rs:13:12\n   |\n13 |         if is_prime(j) {\n   |            ^^^^^^^^ not found in this scope\n\nerror: aborting due to 2 previous errors\n\nFor more information about this error, try `rustc --explain E0425`.\n",
      "exit_code": 1,
      "status": "SyntaxError"
    },
    {
      "program": "/// Write a function to find nth polite number. geeksforgeeks.org/n-th-polite-number/\nfn is_polite(n: isize) -> isize {\n    let mut count = 0;\n    let mut i = 1;\n    while count < n {\n        if is_prime(i) {\n            count += 1;\n        }\n        i += 1;\n    }\n    i - 1\n}\n\nfn main() {\n    let candidate = is_polite;\n    assert_eq!(candidate(7), 11);\n    assert_eq!(candidate(4), 7);\n    assert_eq!(candidate(9), 13);\n}\n",
      "timestamp": 1666123756,
      "stdout": "",
      "stderr": "error[E0425]: cannot find function `is_prime` in this scope\n --> /tmp/tmpcqq5w39y.rs:6:12\n  |\n6 |         if is_prime(i) {\n  |            ^^^^^^^^ not found in this scope\n\nerror: aborting due to previous error\n\nFor more information about this error, try `rustc --explain E0425`.\n",
      "exit_code": 1,
      "status": "SyntaxError"
    },
    {
      "program": "/// Write a function to find nth polite number. geeksforgeeks.org/n-th-polite-number/\nfn is_polite(n: isize) -> isize {\n    let mut i = 1;\n    let mut j = 1;\n    let mut count = 0;\n    while count < n {\n        if i % 2 == 0 {\n            count += 1;\n        }\n        if j % 3 == 0 {\n            count += 1;\n        }\n        if i % 5 == 0 {\n            count += 1;\n        }\n        if count < n {\n            i += 1;\n            j += 1;\n        }\n    }\n    i\n}\n\nfn main() {\n    let candidate = is_polite;\n    assert_eq!(candidate(7), 11);\n    assert_eq!(candidate(4), 7);\n    assert_eq!(candidate(9), 13);\n}\n",
      "timestamp": 1665517549,
      "stdout": "",
      "stderr": "thread 'main' panicked at 'assertion failed: `(left == right)`\n  left: `8`,\n right: `11`', /tmp/tmpqxpce7fl.rs:26:5\nnote: run with `RUST_BACKTRACE=1` environment variable to display a backtrace\n",
      "exit_code": 101,
      "status": "Exception"
    },
    {
      "program": "/// Write a function to find nth polite number. geeksforgeeks.org/n-th-polite-number/\nfn is_polite(n: isize) -> isize {\n    let mut i = 1;\n    while n % i != 0 {\n        i += 1;\n    }\n    i\n}\n\nfn main() {\n    let candidate = is_polite;\n    assert_eq!(candidate(7), 11);\n    assert_eq!(candidate(4), 7);\n    assert_eq!(candidate(9), 13);\n}\n",
      "timestamp": 1666123756,
      "stdout": "",
      "stderr": "thread 'main' panicked at 'assertion failed: `(left == right)`\n  left: `1`,\n right: `11`', /tmp/tmpz938k3em.rs:12:5\nnote: run with `RUST_BACKTRACE=1` environment variable to display a backtrace\n",
      "exit_code": 101,
      "status": "Exception"
    },
    {
      "program": "/// Write a function to find nth polite number. geeksforgeeks.org/n-th-polite-number/\nfn is_polite(n: isize) -> isize {\n    let mut i = 1;\n    let mut j = 1;\n    let mut count = 0;\n    while count < n {\n        if i % 2 == 0 {\n            count += 1;\n        }\n        if j % 3 == 0 {\n            count += 1;\n        }\n        if i % 5 == 0 {\n            count += 1;\n        }\n        if count < n {\n            i += 1;\n            j += 1;\n        }\n    }\n    i\n}\n\nfn main() {\n    let candidate = is_polite;\n    assert_eq!(candidate(7), 11);\n    assert_eq!(candidate(4), 7);\n    assert_eq!(candidate(9), 13);\n}\n",
      "timestamp": 1665517549,
      "stdout": "",
      "stderr": "thread 'main' panicked at 'assertion failed: `(left == right)`\n  left: `8`,\n right: `11`', /tmp/tmpqxpce7fl.rs:26:5\nnote: run with `RUST_BACKTRACE=1` environment variable to display a backtrace\n",
      "exit_code": 101,
      "status": "Exception"
    },
    {
      "program": "/// Write a function to find nth polite number. geeksforgeeks.org/n-th-polite-number/\nfn is_polite(n: isize) -> isize {\n    let mut n = n;\n    let mut i = 2;\n    let mut res = 0;\n    while n > 1 {\n        while n % i == 0 {\n            n /= i;\n            res += 1;\n        }\n        i += 1;\n    }\n    res\n}\n\nfn main() {\n    let candidate = is_polite;\n    assert_eq!(candidate(7), 11);\n    assert_eq!(candidate(4), 7);\n    assert_eq!(candidate(9), 13);\n}\n",
      "timestamp": 1666123756,
      "stdout": "",
      "stderr": "thread 'main' panicked at 'assertion failed: `(left == right)`\n  left: `1`,\n right: `11`', /tmp/tmp07en_78o.rs:18:5\nnote: run with `RUST_BACKTRACE=1` environment variable to display a backtrace\n",
      "exit_code": 101,
      "status": "Exception"
    },
    {
      "program": "/// Write a function to find nth polite number. geeksforgeeks.org/n-th-polite-number/\nfn is_polite(n: isize) -> isize {\n    let mut i = 1;\n    let mut count = 0;\n    while count < n {\n        if is_prime(i) {\n            count += 1;\n        }\n        i += 1;\n    }\n    i - 1\n}\n\nfn main() {\n    let candidate = is_polite;\n    assert_eq!(candidate(7), 11);\n    assert_eq!(candidate(4), 7);\n    assert_eq!(candidate(9), 13);\n}\n",
      "timestamp": 1665517549,
      "stdout": "",
      "stderr": "error[E0425]: cannot find function `is_prime` in this scope\n --> /tmp/tmpdg7ab2ns.rs:6:12\n  |\n6 |         if is_prime(i) {\n  |            ^^^^^^^^ not found in this scope\n\nerror: aborting due to previous error\n\nFor more information about this error, try `rustc --explain E0425`.\n",
      "exit_code": 1,
      "status": "SyntaxError"
    },
    {
      "program": "/// Write a function to find nth polite number. geeksforgeeks.org/n-th-polite-number/\nfn is_polite(n: isize) -> isize {\n    let mut i = 1;\n    while i < n {\n        if n % i == 0 {\n            return i;\n        }\n        i += 1;\n    }\n    return i;\n}\n\nfn main() {\n    let candidate = is_polite;\n    assert_eq!(candidate(7), 11);\n    assert_eq!(candidate(4), 7);\n    assert_eq!(candidate(9), 13);\n}\n",
      "timestamp": 1666123756,
      "stdout": "",
      "stderr": "thread 'main' panicked at 'assertion failed: `(left == right)`\n  left: `1`,\n right: `11`', /tmp/tmp7qzikcnn.rs:15:5\nnote: run with `RUST_BACKTRACE=1` environment variable to display a backtrace\n",
      "exit_code": 101,
      "status": "Exception"
    },
    {
      "program": "/// Write a function to find nth polite number. geeksforgeeks.org/n-th-polite-number/\nfn is_polite(n: isize) -> isize {\n    let mut i = 1;\n    let mut count = 0;\n    while count < n {\n        if is_prime(i) {\n            count += 1;\n        }\n        i += 1;\n    }\n    i - 1\n}\n\nfn main() {\n    let candidate = is_polite;\n    assert_eq!(candidate(7), 11);\n    assert_eq!(candidate(4), 7);\n    assert_eq!(candidate(9), 13);\n}\n",
      "timestamp": 1665517549,
      "stdout": "",
      "stderr": "error[E0425]: cannot find function `is_prime` in this scope\n --> /tmp/tmpdg7ab2ns.rs:6:12\n  |\n6 |         if is_prime(i) {\n  |            ^^^^^^^^ not found in this scope\n\nerror: aborting due to previous error\n\nFor more information about this error, try `rustc --explain E0425`.\n",
      "exit_code": 1,
      "status": "SyntaxError"
    },
    {
      "program": "/// Write a function to find nth polite number. geeksforgeeks.org/n-th-polite-number/\nfn is_polite(n: isize) -> isize {\n    let mut i = 1;\n    let mut count = 0;\n    while count < n {\n        if is_prime(i) {\n            count += 1;\n        }\n        i += 1;\n    }\n    i - 1\n}\n\nfn main() {\n    let candidate = is_polite;\n    assert_eq!(candidate(7), 11);\n    assert_eq!(candidate(4), 7);\n    assert_eq!(candidate(9), 13);\n}\n",
      "timestamp": 1665517549,
      "stdout": "",
      "stderr": "error[E0425]: cannot find function `is_prime` in this scope\n --> /tmp/tmpdg7ab2ns.rs:6:12\n  |\n6 |         if is_prime(i) {\n  |            ^^^^^^^^ not found in this scope\n\nerror: aborting due to previous error\n\nFor more information about this error, try `rustc --explain E0425`.\n",
      "exit_code": 1,
      "status": "SyntaxError"
    },
    {
      "program": "/// Write a function to find nth polite number. geeksforgeeks.org/n-th-polite-number/\nfn is_polite(n: isize) -> isize {\n    let mut i = 1;\n    let mut count = 0;\n    while count < n {\n        if is_prime(i) {\n            count += 1;\n        }\n        i += 1;\n    }\n    i - 1\n}\n\nfn main() {\n    let candidate = is_polite;\n    assert_eq!(candidate(7), 11);\n    assert_eq!(candidate(4), 7);\n    assert_eq!(candidate(9), 13);\n}\n",
      "timestamp": 1665517549,
      "stdout": "",
      "stderr": "error[E0425]: cannot find function `is_prime` in this scope\n --> /tmp/tmpdg7ab2ns.rs:6:12\n  |\n6 |         if is_prime(i) {\n  |            ^^^^^^^^ not found in this scope\n\nerror: aborting due to previous error\n\nFor more information about this error, try `rustc --explain E0425`.\n",
      "exit_code": 1,
      "status": "SyntaxError"
    },
    {
      "program": "/// Write a function to find nth polite number. geeksforgeeks.org/n-th-polite-number/\nfn is_polite(n: isize) -> isize {\n    let mut i = 1;\n    let mut count = 0;\n    while count < n {\n        if is_prime(i) {\n            count += 1;\n        }\n        i += 1;\n    }\n    i - 1\n}\n\nfn main() {\n    let candidate = is_polite;\n    assert_eq!(candidate(7), 11);\n    assert_eq!(candidate(4), 7);\n    assert_eq!(candidate(9), 13);\n}\n",
      "timestamp": 1665517549,
      "stdout": "",
      "stderr": "error[E0425]: cannot find function `is_prime` in this scope\n --> /tmp/tmpdg7ab2ns.rs:6:12\n  |\n6 |         if is_prime(i) {\n  |            ^^^^^^^^ not found in this scope\n\nerror: aborting due to previous error\n\nFor more information about this error, try `rustc --explain E0425`.\n",
      "exit_code": 1,
      "status": "SyntaxError"
    },
    {
      "program": "/// Write a function to find nth polite number. geeksforgeeks.org/n-th-polite-number/\nfn is_polite(n: isize) -> isize {\n    let mut i = 1;\n    let mut j = 1;\n    let mut k = 1;\n    let mut count = 0;\n    while count < n {\n        let sum = i + j + k;\n        if sum % 2 == 0 {\n            count += 1;\n        }\n        i += 1;\n        j += 1;\n        k += 1;\n    }\n    i + j + k - 3\n}\n\nfn main() {\n    let candidate = is_polite;\n    assert_eq!(candidate(7), 11);\n    assert_eq!(candidate(4), 7);\n    assert_eq!(candidate(9), 13);\n}\n",
      "timestamp": 1666123756,
      "stdout": "",
      "stderr": "thread 'main' panicked at 'assertion failed: `(left == right)`\n  left: `42`,\n right: `11`', /tmp/tmpatst6xvy.rs:21:5\nnote: run with `RUST_BACKTRACE=1` environment variable to display a backtrace\n",
      "exit_code": 101,
      "status": "Exception"
    },
    {
      "program": "/// Write a function to find nth polite number. geeksforgeeks.org/n-th-polite-number/\nfn is_polite(n: isize) -> isize {\n    let mut i = 1;\n    while i * i <= n {\n        if n % i == 0 {\n            let j = n / i;\n            if i != j && j % i == 0 {\n                return i;\n            }\n        }\n        i += 1;\n    }\n    -1\n}\n\nfn main() {\n    let candidate = is_polite;\n    assert_eq!(candidate(7), 11);\n    assert_eq!(candidate(4), 7);\n    assert_eq!(candidate(9), 13);\n}\n",
      "timestamp": 1666123756,
      "stdout": "",
      "stderr": "thread 'main' panicked at 'assertion failed: `(left == right)`\n  left: `1`,\n right: `11`', /tmp/tmpycmno4o2.rs:18:5\nnote: run with `RUST_BACKTRACE=1` environment variable to display a backtrace\n",
      "exit_code": 101,
      "status": "Exception"
    },
    {
      "program": "/// Write a function to find nth polite number. geeksforgeeks.org/n-th-polite-number/\nfn is_polite(n: isize) -> isize {\n    let mut i = 1;\n    let mut j = 1;\n    let mut count = 0;\n    while count < n {\n        if i % j == 0 {\n            count += 1;\n        }\n        j += 1;\n        if j > i {\n            i += 1;\n            j = 1;\n        }\n    }\n    i\n}\n\nfn main() {\n    let candidate = is_polite;\n    assert_eq!(candidate(7), 11);\n    assert_eq!(candidate(4), 7);\n    assert_eq!(candidate(9), 13);\n}\n",
      "timestamp": 1665517549,
      "stdout": "",
      "stderr": "thread 'main' panicked at 'assertion failed: `(left == right)`\n  left: `4`,\n right: `11`', /tmp/tmprnwjh1rw.rs:21:5\nnote: run with `RUST_BACKTRACE=1` environment variable to display a backtrace\n",
      "exit_code": 101,
      "status": "Exception"
    },
    {
      "program": "/// Write a function to find nth polite number. geeksforgeeks.org/n-th-polite-number/\nfn is_polite(n: isize) -> isize {\n    let mut n = n;\n    let mut i = 1;\n    let mut sum = 0;\n    while n > 0 {\n        if n % 2 == 1 {\n            sum += i;\n        }\n        i += 1;\n        n /= 2;\n    }\n    sum\n}\n\nfn main() {\n    let candidate = is_polite;\n    assert_eq!(candidate(7), 11);\n    assert_eq!(candidate(4), 7);\n    assert_eq!(candidate(9), 13);\n}\n",
      "timestamp": 1666123756,
      "stdout": "",
      "stderr": "thread 'main' panicked at 'assertion failed: `(left == right)`\n  left: `6`,\n right: `11`', /tmp/tmpa8je16of.rs:18:5\nnote: run with `RUST_BACKTRACE=1` environment variable to display a backtrace\n",
      "exit_code": 101,
      "status": "Exception"
    },
    {
      "program": "/// Write a function to find nth polite number. geeksforgeeks.org/n-th-polite-number/\nfn is_polite(n: isize) -> isize {\n    let mut i = 1;\n    let mut j = 1;\n    let mut count = 0;\n    while count < n {\n        let sum = i + j;\n        if is_prime(sum) {\n            count += 1;\n        }\n        i = j;\n        j = sum;\n    }\n    i + j\n}\n\nfn main() {\n    let candidate = is_polite;\n    assert_eq!(candidate(7), 11);\n    assert_eq!(candidate(4), 7);\n    assert_eq!(candidate(9), 13);\n}\n",
      "timestamp": 1666123756,
      "stdout": "",
      "stderr": "error[E0425]: cannot find function `is_prime` in this scope\n --> /tmp/tmpj2iqlxh4.rs:8:12\n  |\n8 |         if is_prime(sum) {\n  |            ^^^^^^^^ not found in this scope\n\nerror: aborting due to previous error\n\nFor more information about this error, try `rustc --explain E0425`.\n",
      "exit_code": 1,
      "status": "SyntaxError"
    },
    {
      "program": "/// Write a function to find nth polite number. geeksforgeeks.org/n-th-polite-number/\nfn is_polite(n: isize) -> isize {\n    let mut n = n;\n    let mut count = 0;\n    while n % 2 == 0 {\n        n /= 2;\n        count += 1;\n    }\n    while n % 3 == 0 {\n        n /= 3;\n        count += 1;\n    }\n    while n % 5 == 0 {\n        n /= 5;\n        count += 1;\n    }\n    if n == 1 {\n        count\n    } else {\n        0\n    }\n}\n\nfn main() {\n    let candidate = is_polite;\n    assert_eq!(candidate(7), 11);\n    assert_eq!(candidate(4), 7);\n    assert_eq!(candidate(9), 13);\n}\n",
      "timestamp": 1665517549,
      "stdout": "",
      "stderr": "thread 'main' panicked at 'assertion failed: `(left == right)`\n  left: `0`,\n right: `11`', /tmp/tmp2jkvu0be.rs:26:5\nnote: run with `RUST_BACKTRACE=1` environment variable to display a backtrace\n",
      "exit_code": 101,
      "status": "Exception"
    },
    {
      "program": "/// Write a function to find nth polite number. geeksforgeeks.org/n-th-polite-number/\nfn is_polite(n: isize) -> isize {\n    let mut i = 1;\n    let mut j = 1;\n    let mut count = 0;\n    let mut result = 0;\n    while count < n {\n        if is_prime(i) {\n            result = i * j;\n            count += 1;\n        }\n        i += 1;\n        j += 1;\n    }\n    result\n}\n\nfn main() {\n    let candidate = is_polite;\n    assert_eq!(candidate(7), 11);\n    assert_eq!(candidate(4), 7);\n    assert_eq!(candidate(9), 13);\n}\n",
      "timestamp": 1666123756,
      "stdout": "",
      "stderr": "error[E0425]: cannot find function `is_prime` in this scope\n --> /tmp/tmpcdk_b5lx.rs:8:12\n  |\n8 |         if is_prime(i) {\n  |            ^^^^^^^^ not found in this scope\n\nerror: aborting due to previous error\n\nFor more information about this error, try `rustc --explain E0425`.\n",
      "exit_code": 1,
      "status": "SyntaxError"
    },
    {
      "program": "/// Write a function to find nth polite number. geeksforgeeks.org/n-th-polite-number/\nfn is_polite(n: isize) -> isize {\n    let mut i = 1;\n    let mut j = 1;\n    let mut count = 0;\n    while count < n {\n        if i % j == 0 {\n            count += 1;\n        }\n        if count == n {\n            return i;\n        }\n        if i == j {\n            i += 1;\n            j = 1;\n        } else {\n            j += 1;\n        }\n    }\n    return 0;\n}\n\nfn main() {\n    let candidate = is_polite;\n    assert_eq!(candidate(7), 11);\n    assert_eq!(candidate(4), 7);\n    assert_eq!(candidate(9), 13);\n}\n",
      "timestamp": 1666123756,
      "stdout": "",
      "stderr": "thread 'main' panicked at 'assertion failed: `(left == right)`\n  left: `4`,\n right: `11`', /tmp/tmpbqlidmkt.rs:25:5\nnote: run with `RUST_BACKTRACE=1` environment variable to display a backtrace\n",
      "exit_code": 101,
      "status": "Exception"
    },
    {
      "program": "/// Write a function to find nth polite number. geeksforgeeks.org/n-th-polite-number/\nfn is_polite(n: isize) -> isize {\n    let mut i = 1;\n    let mut j = 1;\n    let mut count = 0;\n    while count < n {\n        if i % j == 0 {\n            count += 1;\n        }\n        j += 1;\n        if j > i {\n            i += 1;\n            j = 1;\n        }\n    }\n    i\n}\n\nfn main() {\n    let candidate = is_polite;\n    assert_eq!(candidate(7), 11);\n    assert_eq!(candidate(4), 7);\n    assert_eq!(candidate(9), 13);\n}\n",
      "timestamp": 1665517549,
      "stdout": "",
      "stderr": "thread 'main' panicked at 'assertion failed: `(left == right)`\n  left: `4`,\n right: `11`', /tmp/tmprnwjh1rw.rs:21:5\nnote: run with `RUST_BACKTRACE=1` environment variable to display a backtrace\n",
      "exit_code": 101,
      "status": "Exception"
    },
    {
      "program": "/// Write a function to find nth polite number. geeksforgeeks.org/n-th-polite-number/\nfn is_polite(n: isize) -> isize {\n    let mut i = 1;\n    let mut count = 0;\n    while count < n {\n        if is_prime(i) {\n            count += 1;\n        }\n        i += 1;\n    }\n    i - 1\n}\n\nfn main() {\n    let candidate = is_polite;\n    assert_eq!(candidate(7), 11);\n    assert_eq!(candidate(4), 7);\n    assert_eq!(candidate(9), 13);\n}\n",
      "timestamp": 1665517549,
      "stdout": "",
      "stderr": "error[E0425]: cannot find function `is_prime` in this scope\n --> /tmp/tmpdg7ab2ns.rs:6:12\n  |\n6 |         if is_prime(i) {\n  |            ^^^^^^^^ not found in this scope\n\nerror: aborting due to previous error\n\nFor more information about this error, try `rustc --explain E0425`.\n",
      "exit_code": 1,
      "status": "SyntaxError"
    },
    {
      "program": "/// Write a function to find nth polite number. geeksforgeeks.org/n-th-polite-number/\nfn is_polite(n: isize) -> isize {\n    let mut i = 1;\n    let mut count = 0;\n    while count < n {\n        if is_prime(i) {\n            count += 1;\n        }\n        i += 1;\n    }\n    i - 1\n}\n\nfn main() {\n    let candidate = is_polite;\n    assert_eq!(candidate(7), 11);\n    assert_eq!(candidate(4), 7);\n    assert_eq!(candidate(9), 13);\n}\n",
      "timestamp": 1665517549,
      "stdout": "",
      "stderr": "error[E0425]: cannot find function `is_prime` in this scope\n --> /tmp/tmpdg7ab2ns.rs:6:12\n  |\n6 |         if is_prime(i) {\n  |            ^^^^^^^^ not found in this scope\n\nerror: aborting due to previous error\n\nFor more information about this error, try `rustc --explain E0425`.\n",
      "exit_code": 1,
      "status": "SyntaxError"
    },
    {
      "program": "/// Write a function to find nth polite number. geeksforgeeks.org/n-th-polite-number/\nfn is_polite(n: isize) -> isize {\n    let mut i = 1;\n    let mut j = 1;\n    let mut count = 0;\n    while count < n {\n        if i % j == 0 {\n            count += 1;\n        }\n        j += 1;\n        if j > i {\n            i += 1;\n            j = 1;\n        }\n    }\n    i\n}\n\nfn main() {\n    let candidate = is_polite;\n    assert_eq!(candidate(7), 11);\n    assert_eq!(candidate(4), 7);\n    assert_eq!(candidate(9), 13);\n}\n",
      "timestamp": 1665517549,
      "stdout": "",
      "stderr": "thread 'main' panicked at 'assertion failed: `(left == right)`\n  left: `4`,\n right: `11`', /tmp/tmprnwjh1rw.rs:21:5\nnote: run with `RUST_BACKTRACE=1` environment variable to display a backtrace\n",
      "exit_code": 101,
      "status": "Exception"
    },
    {
      "program": "/// Write a function to find nth polite number. geeksforgeeks.org/n-th-polite-number/\nfn is_polite(n: isize) -> isize {\n    let mut i = 1;\n    let mut count = 0;\n    while count < n {\n        if is_prime(i) {\n            count += 1;\n        }\n        i += 1;\n    }\n    i - 1\n}\n\nfn main() {\n    let candidate = is_polite;\n    assert_eq!(candidate(7), 11);\n    assert_eq!(candidate(4), 7);\n    assert_eq!(candidate(9), 13);\n}\n",
      "timestamp": 1665517549,
      "stdout": "",
      "stderr": "error[E0425]: cannot find function `is_prime` in this scope\n --> /tmp/tmpdg7ab2ns.rs:6:12\n  |\n6 |         if is_prime(i) {\n  |            ^^^^^^^^ not found in this scope\n\nerror: aborting due to previous error\n\nFor more information about this error, try `rustc --explain E0425`.\n",
      "exit_code": 1,
      "status": "SyntaxError"
    },
    {
      "program": "/// Write a function to find nth polite number. geeksforgeeks.org/n-th-polite-number/\nfn is_polite(n: isize) -> isize {\n    let mut i = 1;\n    let mut j = 1;\n    let mut count = 0;\n    while count < n {\n        if i % j == 0 {\n            count += 1;\n        }\n        j += 1;\n        if j > i {\n            i += 1;\n            j = 1;\n        }\n    }\n    i\n}\n\nfn main() {\n    let candidate = is_polite;\n    assert_eq!(candidate(7), 11);\n    assert_eq!(candidate(4), 7);\n    assert_eq!(candidate(9), 13);\n}\n",
      "timestamp": 1665517549,
      "stdout": "",
      "stderr": "thread 'main' panicked at 'assertion failed: `(left == right)`\n  left: `4`,\n right: `11`', /tmp/tmprnwjh1rw.rs:21:5\nnote: run with `RUST_BACKTRACE=1` environment variable to display a backtrace\n",
      "exit_code": 101,
      "status": "Exception"
    },
    {
      "program": "/// Write a function to find nth polite number. geeksforgeeks.org/n-th-polite-number/\nfn is_polite(n: isize) -> isize {\n    let mut n = n;\n    let mut i = 1;\n    while n % i != 0 {\n        i += 1;\n    }\n    n / i\n}\n\nfn main() {\n    let candidate = is_polite;\n    assert_eq!(candidate(7), 11);\n    assert_eq!(candidate(4), 7);\n    assert_eq!(candidate(9), 13);\n}\n",
      "timestamp": 1666123756,
      "stdout": "",
      "stderr": "thread 'main' panicked at 'assertion failed: `(left == right)`\n  left: `7`,\n right: `11`', /tmp/tmp_dyqvps6.rs:13:5\nnote: run with `RUST_BACKTRACE=1` environment variable to display a backtrace\n",
      "exit_code": 101,
      "status": "Exception"
    },
    {
      "program": "/// Write a function to find nth polite number. geeksforgeeks.org/n-th-polite-number/\nfn is_polite(n: isize) -> isize {\n    let mut i = 1;\n    let mut count = 0;\n    while count < n {\n        if is_prime(i) {\n            count += 1;\n        }\n        i += 1;\n    }\n    i - 1\n}\n\nfn main() {\n    let candidate = is_polite;\n    assert_eq!(candidate(7), 11);\n    assert_eq!(candidate(4), 7);\n    assert_eq!(candidate(9), 13);\n}\n",
      "timestamp": 1665517549,
      "stdout": "",
      "stderr": "error[E0425]: cannot find function `is_prime` in this scope\n --> /tmp/tmpdg7ab2ns.rs:6:12\n  |\n6 |         if is_prime(i) {\n  |            ^^^^^^^^ not found in this scope\n\nerror: aborting due to previous error\n\nFor more information about this error, try `rustc --explain E0425`.\n",
      "exit_code": 1,
      "status": "SyntaxError"
    },
    {
      "program": "/// Write a function to find nth polite number. geeksforgeeks.org/n-th-polite-number/\nfn is_polite(n: isize) -> isize {\n    let mut i = 1;\n    let mut count = 0;\n    while count < n {\n        if is_prime(i) {\n            count += 1;\n        }\n        i += 1;\n    }\n    i - 1\n}\n\nfn main() {\n    let candidate = is_polite;\n    assert_eq!(candidate(7), 11);\n    assert_eq!(candidate(4), 7);\n    assert_eq!(candidate(9), 13);\n}\n",
      "timestamp": 1665517549,
      "stdout": "",
      "stderr": "error[E0425]: cannot find function `is_prime` in this scope\n --> /tmp/tmpdg7ab2ns.rs:6:12\n  |\n6 |         if is_prime(i) {\n  |            ^^^^^^^^ not found in this scope\n\nerror: aborting due to previous error\n\nFor more information about this error, try `rustc --explain E0425`.\n",
      "exit_code": 1,
      "status": "SyntaxError"
    },
    {
      "program": "/// Write a function to find nth polite number. geeksforgeeks.org/n-th-polite-number/\nfn is_polite(n: isize) -> isize {\n    let mut i = 1;\n    while n % i != 0 {\n        i += 1;\n    }\n    i\n}\n\nfn main() {\n    let candidate = is_polite;\n    assert_eq!(candidate(7), 11);\n    assert_eq!(candidate(4), 7);\n    assert_eq!(candidate(9), 13);\n}\n",
      "timestamp": 1666123756,
      "stdout": "",
      "stderr": "thread 'main' panicked at 'assertion failed: `(left == right)`\n  left: `1`,\n right: `11`', /tmp/tmpz938k3em.rs:12:5\nnote: run with `RUST_BACKTRACE=1` environment variable to display a backtrace\n",
      "exit_code": 101,
      "status": "Exception"
    },
    {
      "program": "/// Write a function to find nth polite number. geeksforgeeks.org/n-th-polite-number/\nfn is_polite(n: isize) -> isize {\n    let mut i = 1;\n    let mut sum = 0;\n    while sum < n {\n        if n % i == 0 {\n            sum += i;\n        }\n        i += 1;\n    }\n    sum\n}\n\nfn main() {\n    let candidate = is_polite;\n    assert_eq!(candidate(7), 11);\n    assert_eq!(candidate(4), 7);\n    assert_eq!(candidate(9), 13);\n}\n",
      "timestamp": 1666123756,
      "stdout": "",
      "stderr": "thread 'main' panicked at 'assertion failed: `(left == right)`\n  left: `8`,\n right: `11`', /tmp/tmplkjt57ov.rs:16:5\nnote: run with `RUST_BACKTRACE=1` environment variable to display a backtrace\n",
      "exit_code": 101,
      "status": "Exception"
    },
    {
      "program": "/// Write a function to find nth polite number. geeksforgeeks.org/n-th-polite-number/\nfn is_polite(n: isize) -> isize {\n    let mut sum = 0;\n    let mut i = 1;\n    while sum < n {\n        if n % i == 0 {\n            sum += 1;\n        }\n        i += 1;\n    }\n    i - 1\n}\n\nfn main() {\n    let candidate = is_polite;\n    assert_eq!(candidate(7), 11);\n    assert_eq!(candidate(4), 7);\n    assert_eq!(candidate(9), 13);\n}\n",
      "timestamp": 1666123761,
      "stdout": "",
      "stderr": "",
      "exit_code": -1,
      "status": "Timeout"
    },
    {
      "program": "/// Write a function to find nth polite number. geeksforgeeks.org/n-th-polite-number/\nfn is_polite(n: isize) -> isize {\n    let mut n = n;\n    let mut count = 0;\n    while n != 0 {\n        if n % 10 == 4 || n % 10 == 6 {\n            count += 1;\n        }\n        n /= 10;\n    }\n    count\n}\n\nfn main() {\n    let candidate = is_polite;\n    assert_eq!(candidate(7), 11);\n    assert_eq!(candidate(4), 7);\n    assert_eq!(candidate(9), 13);\n}\n",
      "timestamp": 1666123756,
      "stdout": "",
      "stderr": "thread 'main' panicked at 'assertion failed: `(left == right)`\n  left: `0`,\n right: `11`', /tmp/tmptjxhwcs6.rs:16:5\nnote: run with `RUST_BACKTRACE=1` environment variable to display a backtrace\n",
      "exit_code": 101,
      "status": "Exception"
    },
    {
      "program": "/// Write a function to find nth polite number. geeksforgeeks.org/n-th-polite-number/\nfn is_polite(n: isize) -> isize {\n    let mut i = 1;\n    let mut count = 0;\n    while count < n {\n        if is_prime(i) {\n            count += 1;\n        }\n        i += 1;\n    }\n    i - 1\n}\n\nfn main() {\n    let candidate = is_polite;\n    assert_eq!(candidate(7), 11);\n    assert_eq!(candidate(4), 7);\n    assert_eq!(candidate(9), 13);\n}\n",
      "timestamp": 1665517549,
      "stdout": "",
      "stderr": "error[E0425]: cannot find function `is_prime` in this scope\n --> /tmp/tmpdg7ab2ns.rs:6:12\n  |\n6 |         if is_prime(i) {\n  |            ^^^^^^^^ not found in this scope\n\nerror: aborting due to previous error\n\nFor more information about this error, try `rustc --explain E0425`.\n",
      "exit_code": 1,
      "status": "SyntaxError"
    },
    {
      "program": "/// Write a function to find nth polite number. geeksforgeeks.org/n-th-polite-number/\nfn is_polite(n: isize) -> isize {\n    let mut i = 1;\n    let mut count = 0;\n    while count < n {\n        if is_prime(i) {\n            count += 1;\n        }\n        i += 1;\n    }\n    i - 1\n}\n\nfn main() {\n    let candidate = is_polite;\n    assert_eq!(candidate(7), 11);\n    assert_eq!(candidate(4), 7);\n    assert_eq!(candidate(9), 13);\n}\n",
      "timestamp": 1665517549,
      "stdout": "",
      "stderr": "error[E0425]: cannot find function `is_prime` in this scope\n --> /tmp/tmpdg7ab2ns.rs:6:12\n  |\n6 |         if is_prime(i) {\n  |            ^^^^^^^^ not found in this scope\n\nerror: aborting due to previous error\n\nFor more information about this error, try `rustc --explain E0425`.\n",
      "exit_code": 1,
      "status": "SyntaxError"
    },
    {
      "program": "/// Write a function to find nth polite number. geeksforgeeks.org/n-th-polite-number/\nfn is_polite(n: isize) -> isize {\n    let mut i = 1;\n    let mut count = 0;\n    while count < n {\n        i += 1;\n        if is_prime(i) {\n            count += 1;\n        }\n    }\n    i\n}\n\nfn main() {\n    let candidate = is_polite;\n    assert_eq!(candidate(7), 11);\n    assert_eq!(candidate(4), 7);\n    assert_eq!(candidate(9), 13);\n}\n",
      "timestamp": 1666123756,
      "stdout": "",
      "stderr": "error[E0425]: cannot find function `is_prime` in this scope\n --> /tmp/tmpk35lf7x_.rs:7:12\n  |\n7 |         if is_prime(i) {\n  |            ^^^^^^^^ not found in this scope\n\nerror: aborting due to previous error\n\nFor more information about this error, try `rustc --explain E0425`.\n",
      "exit_code": 1,
      "status": "SyntaxError"
    },
    {
      "program": "/// Write a function to find nth polite number. geeksforgeeks.org/n-th-polite-number/\nfn is_polite(n: isize) -> isize {\n    let mut n = n;\n    let mut i = 1;\n    while n % i != 0 {\n        i += 1;\n    }\n    n / i\n}\n\nfn main() {\n    let candidate = is_polite;\n    assert_eq!(candidate(7), 11);\n    assert_eq!(candidate(4), 7);\n    assert_eq!(candidate(9), 13);\n}\n",
      "timestamp": 1666123756,
      "stdout": "",
      "stderr": "thread 'main' panicked at 'assertion failed: `(left == right)`\n  left: `7`,\n right: `11`', /tmp/tmp_dyqvps6.rs:13:5\nnote: run with `RUST_BACKTRACE=1` environment variable to display a backtrace\n",
      "exit_code": 101,
      "status": "Exception"
    },
    {
      "program": "/// Write a function to find nth polite number. geeksforgeeks.org/n-th-polite-number/\nfn is_polite(n: isize) -> isize {\n    let mut i = 1;\n    let mut count = 0;\n    while count < n {\n        if is_prime(i) {\n            count += 1;\n        }\n        i += 1;\n    }\n    i - 1\n}\n\nfn main() {\n    let candidate = is_polite;\n    assert_eq!(candidate(7), 11);\n    assert_eq!(candidate(4), 7);\n    assert_eq!(candidate(9), 13);\n}\n",
      "timestamp": 1665517549,
      "stdout": "",
      "stderr": "error[E0425]: cannot find function `is_prime` in this scope\n --> /tmp/tmpdg7ab2ns.rs:6:12\n  |\n6 |         if is_prime(i) {\n  |            ^^^^^^^^ not found in this scope\n\nerror: aborting due to previous error\n\nFor more information about this error, try `rustc --explain E0425`.\n",
      "exit_code": 1,
      "status": "SyntaxError"
    },
    {
      "program": "/// Write a function to find nth polite number. geeksforgeeks.org/n-th-polite-number/\nfn is_polite(n: isize) -> isize {\n    let mut i = 1;\n    let mut count = 0;\n    while count < n {\n        if is_prime(i) {\n            count += 1;\n        }\n        i += 1;\n    }\n    i - 1\n}\n\nfn main() {\n    let candidate = is_polite;\n    assert_eq!(candidate(7), 11);\n    assert_eq!(candidate(4), 7);\n    assert_eq!(candidate(9), 13);\n}\n",
      "timestamp": 1665517549,
      "stdout": "",
      "stderr": "error[E0425]: cannot find function `is_prime` in this scope\n --> /tmp/tmpdg7ab2ns.rs:6:12\n  |\n6 |         if is_prime(i) {\n  |            ^^^^^^^^ not found in this scope\n\nerror: aborting due to previous error\n\nFor more information about this error, try `rustc --explain E0425`.\n",
      "exit_code": 1,
      "status": "SyntaxError"
    },
    {
      "program": "/// Write a function to find nth polite number. geeksforgeeks.org/n-th-polite-number/\nfn is_polite(n: isize) -> isize {\n    let mut i = 1;\n    let mut j = 1;\n    let mut k = 1;\n    let mut count = 0;\n    while count < n {\n        let min = std::cmp::min(i, std::cmp::min(j, k));\n        if min == i {\n            i = 2 * i;\n        }\n        if min == j {\n            j = 3 * j;\n        }\n        if min == k {\n            k = 5 * k;\n        }\n        if min != i && min != j && min != k {\n            count += 1;\n        }\n    }\n    min\n}\n\nfn main() {\n    let candidate = is_polite;\n    assert_eq!(candidate(7), 11);\n    assert_eq!(candidate(4), 7);\n    assert_eq!(candidate(9), 13);\n}\n",
      "timestamp": 1666123756,
      "stdout": "",
      "stderr": "error[E0425]: cannot find value `min` in this scope\n  --> /tmp/tmp4lgagre0.rs:22:5\n   |\n22 |     min\n   |     ^^^\n...\n25 | fn main() {\n   | --------- similarly named function `main` defined here\n   |\nhelp: a function with a similar name exists\n   |\n22 |     main\n   |\nhelp: consider importing this function\n   |\n1  | use std::cmp::min;\n   |\n\nerror: aborting due to previous error\n\nFor more information about this error, try `rustc --explain E0425`.\n",
      "exit_code": 1,
      "status": "SyntaxError"
    },
    {
      "program": "/// Write a function to find nth polite number. geeksforgeeks.org/n-th-polite-number/\nfn is_polite(n: isize) -> isize {\n    let mut i = 1;\n    let mut count = 0;\n    while count < n {\n        if is_prime(i) {\n            count += 1;\n        }\n        i += 1;\n    }\n    i - 1\n}\n\nfn main() {\n    let candidate = is_polite;\n    assert_eq!(candidate(7), 11);\n    assert_eq!(candidate(4), 7);\n    assert_eq!(candidate(9), 13);\n}\n",
      "timestamp": 1665517549,
      "stdout": "",
      "stderr": "error[E0425]: cannot find function `is_prime` in this scope\n --> /tmp/tmpdg7ab2ns.rs:6:12\n  |\n6 |         if is_prime(i) {\n  |            ^^^^^^^^ not found in this scope\n\nerror: aborting due to previous error\n\nFor more information about this error, try `rustc --explain E0425`.\n",
      "exit_code": 1,
      "status": "SyntaxError"
    },
    {
      "program": "/// Write a function to find nth polite number. geeksforgeeks.org/n-th-polite-number/\nfn is_polite(n: isize) -> isize {\n    let mut x = 1;\n    let mut y = 1;\n    let mut z = 1;\n    let mut count = 0;\n    while count < n {\n        let min = std::cmp::min(x, std::cmp::min(y, z));\n        if min == x {\n            x = 2 * x;\n        }\n        if min == y {\n            y = 3 * y;\n        }\n        if min == z {\n            z = 5 * z;\n        }\n        if min != x && min != y && min != z {\n            count += 1;\n        }\n    }\n    return min;\n}\n\nfn main() {\n    let candidate = is_polite;\n    assert_eq!(candidate(7), 11);\n    assert_eq!(candidate(4), 7);\n    assert_eq!(candidate(9), 13);\n}\n",
      "timestamp": 1666123756,
      "stdout": "",
      "stderr": "error[E0425]: cannot find value `min` in this scope\n  --> /tmp/tmpg3_c6jcx.rs:22:12\n   |\n22 |     return min;\n   |            ^^^\n...\n25 | fn main() {\n   | --------- similarly named function `main` defined here\n   |\nhelp: a function with a similar name exists\n   |\n22 |     return main;\n   |            ~~~~\nhelp: consider importing this function\n   |\n1  | use std::cmp::min;\n   |\n\nerror: aborting due to previous error\n\nFor more information about this error, try `rustc --explain E0425`.\n",
      "exit_code": 1,
      "status": "SyntaxError"
    },
    {
      "program": "/// Write a function to find nth polite number. geeksforgeeks.org/n-th-polite-number/\nfn is_polite(n: isize) -> isize {\n    let mut i = 1;\n    let mut count = 0;\n    while count < n {\n        if is_prime(i) {\n            count += 1;\n        }\n        i += 1;\n    }\n    i - 1\n}\n\nfn main() {\n    let candidate = is_polite;\n    assert_eq!(candidate(7), 11);\n    assert_eq!(candidate(4), 7);\n    assert_eq!(candidate(9), 13);\n}\n",
      "timestamp": 1665517549,
      "stdout": "",
      "stderr": "error[E0425]: cannot find function `is_prime` in this scope\n --> /tmp/tmpdg7ab2ns.rs:6:12\n  |\n6 |         if is_prime(i) {\n  |            ^^^^^^^^ not found in this scope\n\nerror: aborting due to previous error\n\nFor more information about this error, try `rustc --explain E0425`.\n",
      "exit_code": 1,
      "status": "SyntaxError"
    },
    {
      "program": "/// Write a function to find nth polite number. geeksforgeeks.org/n-th-polite-number/\nfn is_polite(n: isize) -> isize {\n    let mut i = 1;\n    while i * i <= n {\n        if n % i == 0 {\n            if is_polite(n / i) == 1 {\n                return 1;\n            }\n        }\n        i += 1;\n    }\n    return 0;\n}\n\nfn main() {\n    let candidate = is_polite;\n    assert_eq!(candidate(7), 11);\n    assert_eq!(candidate(4), 7);\n    assert_eq!(candidate(9), 13);\n}\n",
      "timestamp": 1666123762,
      "stdout": "",
      "stderr": "",
      "exit_code": -1,
      "status": "Timeout"
    },
    {
      "program": "/// Write a function to find nth polite number. geeksforgeeks.org/n-th-polite-number/\nfn is_polite(n: isize) -> isize {\n    let mut i: isize = 1;\n    let mut count: isize = 0;\n    while count < n {\n        if is_prime(i) {\n            count += 1;\n        }\n        i += 1;\n    }\n    i - 1\n}\n\nfn main() {\n    let candidate = is_polite;\n    assert_eq!(candidate(7), 11);\n    assert_eq!(candidate(4), 7);\n    assert_eq!(candidate(9), 13);\n}\n",
      "timestamp": 1666123756,
      "stdout": "",
      "stderr": "error[E0425]: cannot find function `is_prime` in this scope\n --> /tmp/tmpdw1i8ycg.rs:6:12\n  |\n6 |         if is_prime(i) {\n  |            ^^^^^^^^ not found in this scope\n\nerror: aborting due to previous error\n\nFor more information about this error, try `rustc --explain E0425`.\n",
      "exit_code": 1,
      "status": "SyntaxError"
    },
    {
      "program": "/// Write a function to find nth polite number. geeksforgeeks.org/n-th-polite-number/\nfn is_polite(n: isize) -> isize {\n    let mut i = 1;\n    let mut count = 0;\n    while count < n {\n        if is_prime(i) {\n            count += 1;\n        }\n        i += 1;\n    }\n    i - 1\n}\n\nfn main() {\n    let candidate = is_polite;\n    assert_eq!(candidate(7), 11);\n    assert_eq!(candidate(4), 7);\n    assert_eq!(candidate(9), 13);\n}\n",
      "timestamp": 1665517549,
      "stdout": "",
      "stderr": "error[E0425]: cannot find function `is_prime` in this scope\n --> /tmp/tmpdg7ab2ns.rs:6:12\n  |\n6 |         if is_prime(i) {\n  |            ^^^^^^^^ not found in this scope\n\nerror: aborting due to previous error\n\nFor more information about this error, try `rustc --explain E0425`.\n",
      "exit_code": 1,
      "status": "SyntaxError"
    },
    {
      "program": "/// Write a function to find nth polite number. geeksforgeeks.org/n-th-polite-number/\nfn is_polite(n: isize) -> isize {\n    let mut i = 1;\n    let mut j = 1;\n    let mut count = 0;\n    while count < n {\n        if i % j == 0 {\n            count += 1;\n        }\n        j += 1;\n        if j > i {\n            i += 1;\n            j = 1;\n        }\n    }\n    i\n}\n\nfn main() {\n    let candidate = is_polite;\n    assert_eq!(candidate(7), 11);\n    assert_eq!(candidate(4), 7);\n    assert_eq!(candidate(9), 13);\n}\n",
      "timestamp": 1665517549,
      "stdout": "",
      "stderr": "thread 'main' panicked at 'assertion failed: `(left == right)`\n  left: `4`,\n right: `11`', /tmp/tmprnwjh1rw.rs:21:5\nnote: run with `RUST_BACKTRACE=1` environment variable to display a backtrace\n",
      "exit_code": 101,
      "status": "Exception"
    },
    {
      "program": "/// Write a function to find nth polite number. geeksforgeeks.org/n-th-polite-number/\nfn is_polite(n: isize) -> isize {\n    let mut i = 1;\n    let mut j = 1;\n    let mut count = 0;\n    while count < n {\n        if is_prime(i) {\n            count += 1;\n            if count == n {\n                return i;\n            }\n        }\n        i += 1;\n        if is_prime(j) {\n            count += 1;\n            if count == n {\n                return j;\n            }\n        }\n        j += 1;\n    }\n    0\n}\n\nfn main() {\n    let candidate = is_polite;\n    assert_eq!(candidate(7), 11);\n    assert_eq!(candidate(4), 7);\n    assert_eq!(candidate(9), 13);\n}\n",
      "timestamp": 1665517549,
      "stdout": "",
      "stderr": "error[E0425]: cannot find function `is_prime` in this scope\n --> /tmp/tmp5_yycv8g.rs:7:12\n  |\n7 |         if is_prime(i) {\n  |            ^^^^^^^^ not found in this scope\n\nerror[E0425]: cannot find function `is_prime` in this scope\n  --> /tmp/tmp5_yycv8g.rs:14:12\n   |\n14 |         if is_prime(j) {\n   |            ^^^^^^^^ not found in this scope\n\nerror: aborting due to 2 previous errors\n\nFor more information about this error, try `rustc --explain E0425`.\n",
      "exit_code": 1,
      "status": "SyntaxError"
    },
    {
      "program": "/// Write a function to find nth polite number. geeksforgeeks.org/n-th-polite-number/\nfn is_polite(n: isize) -> isize {\n    let mut i = 1;\n    let mut j = 1;\n    let mut count = 0;\n    while count < n {\n        if is_prime(i) {\n            count += 1;\n            if count == n {\n                return i;\n            }\n        }\n        i += 1;\n        if is_prime(j) {\n            count += 1;\n            if count == n {\n                return j;\n            }\n        }\n        j += 1;\n    }\n    0\n}\n\nfn main() {\n    let candidate = is_polite;\n    assert_eq!(candidate(7), 11);\n    assert_eq!(candidate(4), 7);\n    assert_eq!(candidate(9), 13);\n}\n",
      "timestamp": 1665517549,
      "stdout": "",
      "stderr": "error[E0425]: cannot find function `is_prime` in this scope\n --> /tmp/tmp5_yycv8g.rs:7:12\n  |\n7 |         if is_prime(i) {\n  |            ^^^^^^^^ not found in this scope\n\nerror[E0425]: cannot find function `is_prime` in this scope\n  --> /tmp/tmp5_yycv8g.rs:14:12\n   |\n14 |         if is_prime(j) {\n   |            ^^^^^^^^ not found in this scope\n\nerror: aborting due to 2 previous errors\n\nFor more information about this error, try `rustc --explain E0425`.\n",
      "exit_code": 1,
      "status": "SyntaxError"
    },
    {
      "program": "/// Write a function to find nth polite number. geeksforgeeks.org/n-th-polite-number/\nfn is_polite(n: isize) -> isize {\n    let mut i = 1;\n    while n % i != 0 {\n        i += 1;\n    }\n    i\n}\n\nfn main() {\n    let candidate = is_polite;\n    assert_eq!(candidate(7), 11);\n    assert_eq!(candidate(4), 7);\n    assert_eq!(candidate(9), 13);\n}\n",
      "timestamp": 1666123756,
      "stdout": "",
      "stderr": "thread 'main' panicked at 'assertion failed: `(left == right)`\n  left: `1`,\n right: `11`', /tmp/tmpz938k3em.rs:12:5\nnote: run with `RUST_BACKTRACE=1` environment variable to display a backtrace\n",
      "exit_code": 101,
      "status": "Exception"
    },
    {
      "program": "/// Write a function to find nth polite number. geeksforgeeks.org/n-th-polite-number/\nfn is_polite(n: isize) -> isize {\n    let mut i = 1;\n    let mut j = 1;\n    let mut count = 0;\n    while count < n {\n        if i % j == 0 {\n            count += 1;\n        }\n        if count == n {\n            return i;\n        }\n        j += 1;\n        if j > i {\n            i += 1;\n            j = 1;\n        }\n    }\n    return -1;\n}\n\nfn main() {\n    let candidate = is_polite;\n    assert_eq!(candidate(7), 11);\n    assert_eq!(candidate(4), 7);\n    assert_eq!(candidate(9), 13);\n}\n",
      "timestamp": 1665517549,
      "stdout": "",
      "stderr": "thread 'main' panicked at 'assertion failed: `(left == right)`\n  left: `4`,\n right: `11`', /tmp/tmpdqq01vtw.rs:24:5\nnote: run with `RUST_BACKTRACE=1` environment variable to display a backtrace\n",
      "exit_code": 101,
      "status": "Exception"
    },
    {
      "program": "/// Write a function to find nth polite number. geeksforgeeks.org/n-th-polite-number/\nfn is_polite(n: isize) -> isize {\n    let mut i = 1;\n    let mut sum = 0;\n    while sum < n {\n        sum += i;\n        i += 1;\n    }\n    if sum == n {\n        return i - 1;\n    }\n    return -1;\n}\n\nfn main() {\n    let candidate = is_polite;\n    assert_eq!(candidate(7), 11);\n    assert_eq!(candidate(4), 7);\n    assert_eq!(candidate(9), 13);\n}\n",
      "timestamp": 1666123756,
      "stdout": "",
      "stderr": "thread 'main' panicked at 'assertion failed: `(left == right)`\n  left: `-1`,\n right: `11`', /tmp/tmplhnoajqa.rs:17:5\nnote: run with `RUST_BACKTRACE=1` environment variable to display a backtrace\n",
      "exit_code": 101,
      "status": "Exception"
    },
    {
      "program": "/// Write a function to find nth polite number. geeksforgeeks.org/n-th-polite-number/\nfn is_polite(n: isize) -> isize {\n    let mut i = 1;\n    let mut j = 1;\n    let mut count = 0;\n    while count < n {\n        if i % j == 0 {\n            count += 1;\n            if count == n {\n                return i;\n            }\n        }\n        i += 1;\n        j += 1;\n    }\n    0\n}\n\nfn main() {\n    let candidate = is_polite;\n    assert_eq!(candidate(7), 11);\n    assert_eq!(candidate(4), 7);\n    assert_eq!(candidate(9), 13);\n}\n",
      "timestamp": 1666123756,
      "stdout": "",
      "stderr": "thread 'main' panicked at 'assertion failed: `(left == right)`\n  left: `7`,\n right: `11`', /tmp/tmpvng0u8tc.rs:21:5\nnote: run with `RUST_BACKTRACE=1` environment variable to display a backtrace\n",
      "exit_code": 101,
      "status": "Exception"
    },
    {
      "program": "/// Write a function to find nth polite number. geeksforgeeks.org/n-th-polite-number/\nfn is_polite(n: isize) -> isize {\n    let mut i = 1;\n    let mut count = 0;\n    while count < n {\n        if is_prime(i) {\n            count += 1;\n        }\n        i += 1;\n    }\n    i - 1\n}\n\nfn main() {\n    let candidate = is_polite;\n    assert_eq!(candidate(7), 11);\n    assert_eq!(candidate(4), 7);\n    assert_eq!(candidate(9), 13);\n}\n",
      "timestamp": 1665517549,
      "stdout": "",
      "stderr": "error[E0425]: cannot find function `is_prime` in this scope\n --> /tmp/tmpdg7ab2ns.rs:6:12\n  |\n6 |         if is_prime(i) {\n  |            ^^^^^^^^ not found in this scope\n\nerror: aborting due to previous error\n\nFor more information about this error, try `rustc --explain E0425`.\n",
      "exit_code": 1,
      "status": "SyntaxError"
    },
    {
      "program": "/// Write a function to find nth polite number. geeksforgeeks.org/n-th-polite-number/\nfn is_polite(n: isize) -> isize {\n    let mut i = 1;\n    let mut count = 0;\n    while count < n {\n        if is_prime(i) {\n            count += 1;\n        }\n        i += 1;\n    }\n    i - 1\n}\n\nfn main() {\n    let candidate = is_polite;\n    assert_eq!(candidate(7), 11);\n    assert_eq!(candidate(4), 7);\n    assert_eq!(candidate(9), 13);\n}\n",
      "timestamp": 1665517549,
      "stdout": "",
      "stderr": "error[E0425]: cannot find function `is_prime` in this scope\n --> /tmp/tmpdg7ab2ns.rs:6:12\n  |\n6 |         if is_prime(i) {\n  |            ^^^^^^^^ not found in this scope\n\nerror: aborting due to previous error\n\nFor more information about this error, try `rustc --explain E0425`.\n",
      "exit_code": 1,
      "status": "SyntaxError"
    },
    {
      "program": "/// Write a function to find nth polite number. geeksforgeeks.org/n-th-polite-number/\nfn is_polite(n: isize) -> isize {\n    let mut i = 1;\n    let mut count = 0;\n    while count < n {\n        if is_prime(i) {\n            count += 1;\n        }\n        i += 1;\n    }\n    i - 1\n}\n\nfn main() {\n    let candidate = is_polite;\n    assert_eq!(candidate(7), 11);\n    assert_eq!(candidate(4), 7);\n    assert_eq!(candidate(9), 13);\n}\n",
      "timestamp": 1665517549,
      "stdout": "",
      "stderr": "error[E0425]: cannot find function `is_prime` in this scope\n --> /tmp/tmpdg7ab2ns.rs:6:12\n  |\n6 |         if is_prime(i) {\n  |            ^^^^^^^^ not found in this scope\n\nerror: aborting due to previous error\n\nFor more information about this error, try `rustc --explain E0425`.\n",
      "exit_code": 1,
      "status": "SyntaxError"
    },
    {
      "program": "/// Write a function to find nth polite number. geeksforgeeks.org/n-th-polite-number/\nfn is_polite(n: isize) -> isize {\n    let mut i = 1;\n    let mut count = 0;\n    while count < n {\n        if is_prime(i) {\n            count += 1;\n        }\n        i += 1;\n    }\n    i - 1\n}\n\nfn main() {\n    let candidate = is_polite;\n    assert_eq!(candidate(7), 11);\n    assert_eq!(candidate(4), 7);\n    assert_eq!(candidate(9), 13);\n}\n",
      "timestamp": 1665517549,
      "stdout": "",
      "stderr": "error[E0425]: cannot find function `is_prime` in this scope\n --> /tmp/tmpdg7ab2ns.rs:6:12\n  |\n6 |         if is_prime(i) {\n  |            ^^^^^^^^ not found in this scope\n\nerror: aborting due to previous error\n\nFor more information about this error, try `rustc --explain E0425`.\n",
      "exit_code": 1,
      "status": "SyntaxError"
    },
    {
      "program": "/// Write a function to find nth polite number. geeksforgeeks.org/n-th-polite-number/\nfn is_polite(n: isize) -> isize {\n    let mut i = 1;\n    while i <= n {\n        if n % i == 0 {\n            return i;\n        }\n        i += 1;\n    }\n    return 0;\n}\n\nfn main() {\n    let candidate = is_polite;\n    assert_eq!(candidate(7), 11);\n    assert_eq!(candidate(4), 7);\n    assert_eq!(candidate(9), 13);\n}\n",
      "timestamp": 1666123756,
      "stdout": "",
      "stderr": "thread 'main' panicked at 'assertion failed: `(left == right)`\n  left: `1`,\n right: `11`', /tmp/tmpd952hh7b.rs:15:5\nnote: run with `RUST_BACKTRACE=1` environment variable to display a backtrace\n",
      "exit_code": 101,
      "status": "Exception"
    },
    {
      "program": "/// Write a function to find nth polite number. geeksforgeeks.org/n-th-polite-number/\nfn is_polite(n: isize) -> isize {\n    let mut i = 1;\n    let mut j = 1;\n    let mut count = 0;\n    while count < n {\n        if is_prime(i) {\n            count += 1;\n            if count == n {\n                return i;\n            }\n        }\n        if is_prime(j) {\n            count += 1;\n            if count == n {\n                return j;\n            }\n        }\n        i += 1;\n        j += 2;\n    }\n    0\n}\n\nfn main() {\n    let candidate = is_polite;\n    assert_eq!(candidate(7), 11);\n    assert_eq!(candidate(4), 7);\n    assert_eq!(candidate(9), 13);\n}\n",
      "timestamp": 1666123756,
      "stdout": "",
      "stderr": "error[E0425]: cannot find function `is_prime` in this scope\n --> /tmp/tmp3qo5ndq0.rs:7:12\n  |\n7 |         if is_prime(i) {\n  |            ^^^^^^^^ not found in this scope\n\nerror[E0425]: cannot find function `is_prime` in this scope\n  --> /tmp/tmp3qo5ndq0.rs:13:12\n   |\n13 |         if is_prime(j) {\n   |            ^^^^^^^^ not found in this scope\n\nerror: aborting due to 2 previous errors\n\nFor more information about this error, try `rustc --explain E0425`.\n",
      "exit_code": 1,
      "status": "SyntaxError"
    },
    {
      "program": "/// Write a function to find nth polite number. geeksforgeeks.org/n-th-polite-number/\nfn is_polite(n: isize) -> isize {\n    let mut i = 1;\n    let mut count = 0;\n    while count < n {\n        if is_prime(i) {\n            count += 1;\n        }\n        i += 1;\n    }\n    i - 1\n}\n\nfn main() {\n    let candidate = is_polite;\n    assert_eq!(candidate(7), 11);\n    assert_eq!(candidate(4), 7);\n    assert_eq!(candidate(9), 13);\n}\n",
      "timestamp": 1665517549,
      "stdout": "",
      "stderr": "error[E0425]: cannot find function `is_prime` in this scope\n --> /tmp/tmpdg7ab2ns.rs:6:12\n  |\n6 |         if is_prime(i) {\n  |            ^^^^^^^^ not found in this scope\n\nerror: aborting due to previous error\n\nFor more information about this error, try `rustc --explain E0425`.\n",
      "exit_code": 1,
      "status": "SyntaxError"
    },
    {
      "program": "/// Write a function to find nth polite number. geeksforgeeks.org/n-th-polite-number/\nfn is_polite(n: isize) -> isize {\n    let mut i = 1;\n    let mut count = 0;\n    while count < n {\n        if is_prime(i) {\n            count += 1;\n        }\n        i += 1;\n    }\n    i - 1\n}\n\nfn main() {\n    let candidate = is_polite;\n    assert_eq!(candidate(7), 11);\n    assert_eq!(candidate(4), 7);\n    assert_eq!(candidate(9), 13);\n}\n",
      "timestamp": 1665517549,
      "stdout": "",
      "stderr": "error[E0425]: cannot find function `is_prime` in this scope\n --> /tmp/tmpdg7ab2ns.rs:6:12\n  |\n6 |         if is_prime(i) {\n  |            ^^^^^^^^ not found in this scope\n\nerror: aborting due to previous error\n\nFor more information about this error, try `rustc --explain E0425`.\n",
      "exit_code": 1,
      "status": "SyntaxError"
    },
    {
      "program": "/// Write a function to find nth polite number. geeksforgeeks.org/n-th-polite-number/\nfn is_polite(n: isize) -> isize {\n    let mut i = 1;\n    while n % i != 0 {\n        i += 1;\n    }\n    i\n}\n\nfn main() {\n    let candidate = is_polite;\n    assert_eq!(candidate(7), 11);\n    assert_eq!(candidate(4), 7);\n    assert_eq!(candidate(9), 13);\n}\n",
      "timestamp": 1666123756,
      "stdout": "",
      "stderr": "thread 'main' panicked at 'assertion failed: `(left == right)`\n  left: `1`,\n right: `11`', /tmp/tmpz938k3em.rs:12:5\nnote: run with `RUST_BACKTRACE=1` environment variable to display a backtrace\n",
      "exit_code": 101,
      "status": "Exception"
    },
    {
      "program": "/// Write a function to find nth polite number. geeksforgeeks.org/n-th-polite-number/\nfn is_polite(n: isize) -> isize {\n    let mut i = 1;\n    let mut j = 1;\n    let mut count = 0;\n    while count < n {\n        if is_prime(i) {\n            count += 1;\n            j = i;\n        }\n        i += 1;\n    }\n    j\n}\n\nfn main() {\n    let candidate = is_polite;\n    assert_eq!(candidate(7), 11);\n    assert_eq!(candidate(4), 7);\n    assert_eq!(candidate(9), 13);\n}\n",
      "timestamp": 1666123756,
      "stdout": "",
      "stderr": "error[E0425]: cannot find function `is_prime` in this scope\n --> /tmp/tmp952pqauw.rs:7:12\n  |\n7 |         if is_prime(i) {\n  |            ^^^^^^^^ not found in this scope\n\nerror: aborting due to previous error\n\nFor more information about this error, try `rustc --explain E0425`.\n",
      "exit_code": 1,
      "status": "SyntaxError"
    },
    {
      "program": "/// Write a function to find nth polite number. geeksforgeeks.org/n-th-polite-number/\nfn is_polite(n: isize) -> isize {\n    let mut i = 1;\n    let mut count = 0;\n    while count < n {\n        if is_prime(i) {\n            count += 1;\n        }\n        i += 1;\n    }\n    i - 1\n}\n\nfn main() {\n    let candidate = is_polite;\n    assert_eq!(candidate(7), 11);\n    assert_eq!(candidate(4), 7);\n    assert_eq!(candidate(9), 13);\n}\n",
      "timestamp": 1665517549,
      "stdout": "",
      "stderr": "error[E0425]: cannot find function `is_prime` in this scope\n --> /tmp/tmpdg7ab2ns.rs:6:12\n  |\n6 |         if is_prime(i) {\n  |            ^^^^^^^^ not found in this scope\n\nerror: aborting due to previous error\n\nFor more information about this error, try `rustc --explain E0425`.\n",
      "exit_code": 1,
      "status": "SyntaxError"
    }
  ]
}