{
  "name": "mbpp_123_amicable_numbers_sum",
  "language": "rs",
  "prompt": "/// Write a function to sum all amicable numbers from 1 to a specified number.\nfn amicable_numbers_sum(limit: isize) -> isize {\n",
  "doctests": "transform",
  "original": "/home/arjun/repos/MultiPL-E/datasets/../datasets/mbpp-typed/mbpp_123_amicable_numbers_sum.py",
  "prompt_terminology": "reworded",
  "tests": "}\n\nfn main() {\n    let candidate = amicable_numbers_sum;\n    assert_eq!(candidate(999), 504);\n    assert_eq!(candidate(9999), 31626);\n    assert_eq!(candidate(99), 0);\n}\n",
  "stop_tokens": [
    "\n}"
  ],
  "results": [
    {
      "program": "/// Write a function to sum all amicable numbers from 1 to a specified number.\nfn amicable_numbers_sum(limit: isize) -> isize {\n    let mut sum = 0;\n    for i in 1..limit {\n        let a = sum_of_divisors(i);\n        if a > i && sum_of_divisors(a) == i {\n            sum += i + a;\n        }\n    }\n    sum\n}\n\nfn main() {\n    let candidate = amicable_numbers_sum;\n    assert_eq!(candidate(999), 504);\n    assert_eq!(candidate(9999), 31626);\n    assert_eq!(candidate(99), 0);\n}\n",
      "timestamp": 1665517254,
      "stdout": "",
      "stderr": "error[E0425]: cannot find function `sum_of_divisors` in this scope\n --> /tmp/tmpbklirzsq.rs:5:17\n  |\n5 |         let a = sum_of_divisors(i);\n  |                 ^^^^^^^^^^^^^^^ not found in this scope\n\nerror[E0425]: cannot find function `sum_of_divisors` in this scope\n --> /tmp/tmpbklirzsq.rs:6:21\n  |\n6 |         if a > i && sum_of_divisors(a) == i {\n  |                     ^^^^^^^^^^^^^^^ not found in this scope\n\nerror: aborting due to 2 previous errors\n\nFor more information about this error, try `rustc --explain E0425`.\n",
      "exit_code": 1,
      "status": "SyntaxError"
    },
    {
      "program": "/// Write a function to sum all amicable numbers from 1 to a specified number.\nfn amicable_numbers_sum(limit: isize) -> isize {\n    let mut sum = 0;\n    for i in 1..limit {\n        let divisors_sum = divisors_sum(i);\n        if divisors_sum > i && divisors_sum < limit && divisors_sum == divisors_sum(divisors_sum) {\n            sum += i;\n        }\n    }\n    sum\n}\n\nfn main() {\n    let candidate = amicable_numbers_sum;\n    assert_eq!(candidate(999), 504);\n    assert_eq!(candidate(9999), 31626);\n    assert_eq!(candidate(99), 0);\n}\n",
      "timestamp": 1665517254,
      "stdout": "",
      "stderr": "error[E0425]: cannot find function `divisors_sum` in this scope\n --> /tmp/tmpu7fnb8b1.rs:5:28\n  |\n5 |         let divisors_sum = divisors_sum(i);\n  |                            ^^^^^^^^^^^^ not found in this scope\n\nerror: aborting due to previous error\n\nFor more information about this error, try `rustc --explain E0425`.\n",
      "exit_code": 1,
      "status": "SyntaxError"
    },
    {
      "program": "/// Write a function to sum all amicable numbers from 1 to a specified number.\nfn amicable_numbers_sum(limit: isize) -> isize {\n    let mut sum = 0;\n    for i in 1..limit {\n        let divisors_sum = divisors_sum(i);\n        if divisors_sum != i && divisors_sum < limit && divisors_sum == divisors_sum(divisors_sum) {\n            sum += i;\n        }\n    }\n    sum\n}\n\nfn main() {\n    let candidate = amicable_numbers_sum;\n    assert_eq!(candidate(999), 504);\n    assert_eq!(candidate(9999), 31626);\n    assert_eq!(candidate(99), 0);\n}\n",
      "timestamp": 1665517254,
      "stdout": "",
      "stderr": "error[E0425]: cannot find function `divisors_sum` in this scope\n --> /tmp/tmp2xnzqk88.rs:5:28\n  |\n5 |         let divisors_sum = divisors_sum(i);\n  |                            ^^^^^^^^^^^^ not found in this scope\n\nerror: aborting due to previous error\n\nFor more information about this error, try `rustc --explain E0425`.\n",
      "exit_code": 1,
      "status": "SyntaxError"
    },
    {
      "program": "/// Write a function to sum all amicable numbers from 1 to a specified number.\nfn amicable_numbers_sum(limit: isize) -> isize {\n    let mut sum = 0;\n    for i in 1..limit {\n        let a = sum_proper_divisors(i);\n        let b = sum_proper_divisors(a);\n        if i == b && i != a {\n            sum += i;\n        }\n    }\n    sum\n}\n\nfn main() {\n    let candidate = amicable_numbers_sum;\n    assert_eq!(candidate(999), 504);\n    assert_eq!(candidate(9999), 31626);\n    assert_eq!(candidate(99), 0);\n}\n",
      "timestamp": 1665517254,
      "stdout": "",
      "stderr": "error[E0425]: cannot find function `sum_proper_divisors` in this scope\n --> /tmp/tmp64uga_pc.rs:5:17\n  |\n5 |         let a = sum_proper_divisors(i);\n  |                 ^^^^^^^^^^^^^^^^^^^ not found in this scope\n\nerror[E0425]: cannot find function `sum_proper_divisors` in this scope\n --> /tmp/tmp64uga_pc.rs:6:17\n  |\n6 |         let b = sum_proper_divisors(a);\n  |                 ^^^^^^^^^^^^^^^^^^^ not found in this scope\n\nerror: aborting due to 2 previous errors\n\nFor more information about this error, try `rustc --explain E0425`.\n",
      "exit_code": 1,
      "status": "SyntaxError"
    },
    {
      "program": "/// Write a function to sum all amicable numbers from 1 to a specified number.\nfn amicable_numbers_sum(limit: isize) -> isize {\n    let mut sum = 0;\n    for i in 1..limit {\n        let a = sum_of_divisors(i);\n        if a > i && sum_of_divisors(a) == i {\n            sum += i;\n        }\n    }\n    sum\n}\n\nfn main() {\n    let candidate = amicable_numbers_sum;\n    assert_eq!(candidate(999), 504);\n    assert_eq!(candidate(9999), 31626);\n    assert_eq!(candidate(99), 0);\n}\n",
      "timestamp": 1665517254,
      "stdout": "",
      "stderr": "error[E0425]: cannot find function `sum_of_divisors` in this scope\n --> /tmp/tmp7cdxi8em.rs:5:17\n  |\n5 |         let a = sum_of_divisors(i);\n  |                 ^^^^^^^^^^^^^^^ not found in this scope\n\nerror[E0425]: cannot find function `sum_of_divisors` in this scope\n --> /tmp/tmp7cdxi8em.rs:6:21\n  |\n6 |         if a > i && sum_of_divisors(a) == i {\n  |                     ^^^^^^^^^^^^^^^ not found in this scope\n\nerror: aborting due to 2 previous errors\n\nFor more information about this error, try `rustc --explain E0425`.\n",
      "exit_code": 1,
      "status": "SyntaxError"
    },
    {
      "program": "/// Write a function to sum all amicable numbers from 1 to a specified number.\nfn amicable_numbers_sum(limit: isize) -> isize {\n    let mut sum = 0;\n    for i in 1..limit {\n        let j = sum_of_divisors(i);\n        if i != j && sum_of_divisors(j) == i {\n            sum += i;\n        }\n    }\n    sum\n}\n\nfn main() {\n    let candidate = amicable_numbers_sum;\n    assert_eq!(candidate(999), 504);\n    assert_eq!(candidate(9999), 31626);\n    assert_eq!(candidate(99), 0);\n}\n",
      "timestamp": 1665517254,
      "stdout": "",
      "stderr": "error[E0425]: cannot find function `sum_of_divisors` in this scope\n --> /tmp/tmpp9vtgvb3.rs:5:17\n  |\n5 |         let j = sum_of_divisors(i);\n  |                 ^^^^^^^^^^^^^^^ not found in this scope\n\nerror[E0425]: cannot find function `sum_of_divisors` in this scope\n --> /tmp/tmpp9vtgvb3.rs:6:22\n  |\n6 |         if i != j && sum_of_divisors(j) == i {\n  |                      ^^^^^^^^^^^^^^^ not found in this scope\n\nerror: aborting due to 2 previous errors\n\nFor more information about this error, try `rustc --explain E0425`.\n",
      "exit_code": 1,
      "status": "SyntaxError"
    },
    {
      "program": "/// Write a function to sum all amicable numbers from 1 to a specified number.\nfn amicable_numbers_sum(limit: isize) -> isize {\n    let mut sum = 0;\n    for i in 1..limit {\n        let a = sum_of_divisors(i);\n        if a != i && sum_of_divisors(a) == i {\n            sum += i;\n        }\n    }\n    sum\n}\n\nfn main() {\n    let candidate = amicable_numbers_sum;\n    assert_eq!(candidate(999), 504);\n    assert_eq!(candidate(9999), 31626);\n    assert_eq!(candidate(99), 0);\n}\n",
      "timestamp": 1665517254,
      "stdout": "",
      "stderr": "error[E0425]: cannot find function `sum_of_divisors` in this scope\n --> /tmp/tmpbkukonmr.rs:5:17\n  |\n5 |         let a = sum_of_divisors(i);\n  |                 ^^^^^^^^^^^^^^^ not found in this scope\n\nerror[E0425]: cannot find function `sum_of_divisors` in this scope\n --> /tmp/tmpbkukonmr.rs:6:22\n  |\n6 |         if a != i && sum_of_divisors(a) == i {\n  |                      ^^^^^^^^^^^^^^^ not found in this scope\n\nerror: aborting due to 2 previous errors\n\nFor more information about this error, try `rustc --explain E0425`.\n",
      "exit_code": 1,
      "status": "SyntaxError"
    },
    {
      "program": "/// Write a function to sum all amicable numbers from 1 to a specified number.\nfn amicable_numbers_sum(limit: isize) -> isize {\n    let mut sum = 0;\n    for i in 1..limit {\n        let a = sum_of_divisors(i);\n        if a > i && sum_of_divisors(a) == i {\n            sum += i + a;\n        }\n    }\n    sum\n}\n\nfn main() {\n    let candidate = amicable_numbers_sum;\n    assert_eq!(candidate(999), 504);\n    assert_eq!(candidate(9999), 31626);\n    assert_eq!(candidate(99), 0);\n}\n",
      "timestamp": 1665517254,
      "stdout": "",
      "stderr": "error[E0425]: cannot find function `sum_of_divisors` in this scope\n --> /tmp/tmpbklirzsq.rs:5:17\n  |\n5 |         let a = sum_of_divisors(i);\n  |                 ^^^^^^^^^^^^^^^ not found in this scope\n\nerror[E0425]: cannot find function `sum_of_divisors` in this scope\n --> /tmp/tmpbklirzsq.rs:6:21\n  |\n6 |         if a > i && sum_of_divisors(a) == i {\n  |                     ^^^^^^^^^^^^^^^ not found in this scope\n\nerror: aborting due to 2 previous errors\n\nFor more information about this error, try `rustc --explain E0425`.\n",
      "exit_code": 1,
      "status": "SyntaxError"
    },
    {
      "program": "/// Write a function to sum all amicable numbers from 1 to a specified number.\nfn amicable_numbers_sum(limit: isize) -> isize {\n    let mut sum = 0;\n    for i in 1..limit {\n        let a = sum_of_divisors(i);\n        if a > i && sum_of_divisors(a) == i {\n            sum += i;\n        }\n    }\n    sum\n}\n\nfn main() {\n    let candidate = amicable_numbers_sum;\n    assert_eq!(candidate(999), 504);\n    assert_eq!(candidate(9999), 31626);\n    assert_eq!(candidate(99), 0);\n}\n",
      "timestamp": 1665517254,
      "stdout": "",
      "stderr": "error[E0425]: cannot find function `sum_of_divisors` in this scope\n --> /tmp/tmp7cdxi8em.rs:5:17\n  |\n5 |         let a = sum_of_divisors(i);\n  |                 ^^^^^^^^^^^^^^^ not found in this scope\n\nerror[E0425]: cannot find function `sum_of_divisors` in this scope\n --> /tmp/tmp7cdxi8em.rs:6:21\n  |\n6 |         if a > i && sum_of_divisors(a) == i {\n  |                     ^^^^^^^^^^^^^^^ not found in this scope\n\nerror: aborting due to 2 previous errors\n\nFor more information about this error, try `rustc --explain E0425`.\n",
      "exit_code": 1,
      "status": "SyntaxError"
    },
    {
      "program": "/// Write a function to sum all amicable numbers from 1 to a specified number.\nfn amicable_numbers_sum(limit: isize) -> isize {\n    let mut sum = 0;\n    for i in 1..limit {\n        let a = sum_of_divisors(i);\n        if i != a && sum_of_divisors(a) == i {\n            sum += i;\n        }\n    }\n    sum\n}\n\nfn main() {\n    let candidate = amicable_numbers_sum;\n    assert_eq!(candidate(999), 504);\n    assert_eq!(candidate(9999), 31626);\n    assert_eq!(candidate(99), 0);\n}\n",
      "timestamp": 1665517254,
      "stdout": "",
      "stderr": "error[E0425]: cannot find function `sum_of_divisors` in this scope\n --> /tmp/tmp3lch_5m8.rs:5:17\n  |\n5 |         let a = sum_of_divisors(i);\n  |                 ^^^^^^^^^^^^^^^ not found in this scope\n\nerror[E0425]: cannot find function `sum_of_divisors` in this scope\n --> /tmp/tmp3lch_5m8.rs:6:22\n  |\n6 |         if i != a && sum_of_divisors(a) == i {\n  |                      ^^^^^^^^^^^^^^^ not found in this scope\n\nerror: aborting due to 2 previous errors\n\nFor more information about this error, try `rustc --explain E0425`.\n",
      "exit_code": 1,
      "status": "SyntaxError"
    },
    {
      "program": "/// Write a function to sum all amicable numbers from 1 to a specified number.\nfn amicable_numbers_sum(limit: isize) -> isize {\n    let mut sum = 0;\n    for i in 1..limit {\n        let a = sum_of_divisors(i);\n        let b = sum_of_divisors(a);\n        if i == b && i != a {\n            sum += i;\n        }\n    }\n    sum\n}\n\nfn main() {\n    let candidate = amicable_numbers_sum;\n    assert_eq!(candidate(999), 504);\n    assert_eq!(candidate(9999), 31626);\n    assert_eq!(candidate(99), 0);\n}\n",
      "timestamp": 1665517254,
      "stdout": "",
      "stderr": "error[E0425]: cannot find function `sum_of_divisors` in this scope\n --> /tmp/tmpfwi6hjuj.rs:5:17\n  |\n5 |         let a = sum_of_divisors(i);\n  |                 ^^^^^^^^^^^^^^^ not found in this scope\n\nerror[E0425]: cannot find function `sum_of_divisors` in this scope\n --> /tmp/tmpfwi6hjuj.rs:6:17\n  |\n6 |         let b = sum_of_divisors(a);\n  |                 ^^^^^^^^^^^^^^^ not found in this scope\n\nerror: aborting due to 2 previous errors\n\nFor more information about this error, try `rustc --explain E0425`.\n",
      "exit_code": 1,
      "status": "SyntaxError"
    },
    {
      "program": "/// Write a function to sum all amicable numbers from 1 to a specified number.\nfn amicable_numbers_sum(limit: isize) -> isize {\n    let mut sum = 0;\n    for i in 1..limit {\n        let a = sum_of_divisors(i);\n        if a > i && sum_of_divisors(a) == i {\n            sum += a + i;\n        }\n    }\n    sum\n}\n\nfn main() {\n    let candidate = amicable_numbers_sum;\n    assert_eq!(candidate(999), 504);\n    assert_eq!(candidate(9999), 31626);\n    assert_eq!(candidate(99), 0);\n}\n",
      "timestamp": 1665517254,
      "stdout": "",
      "stderr": "error[E0425]: cannot find function `sum_of_divisors` in this scope\n --> /tmp/tmp6pu2i3_1.rs:5:17\n  |\n5 |         let a = sum_of_divisors(i);\n  |                 ^^^^^^^^^^^^^^^ not found in this scope\n\nerror[E0425]: cannot find function `sum_of_divisors` in this scope\n --> /tmp/tmp6pu2i3_1.rs:6:21\n  |\n6 |         if a > i && sum_of_divisors(a) == i {\n  |                     ^^^^^^^^^^^^^^^ not found in this scope\n\nerror: aborting due to 2 previous errors\n\nFor more information about this error, try `rustc --explain E0425`.\n",
      "exit_code": 1,
      "status": "SyntaxError"
    },
    {
      "program": "/// Write a function to sum all amicable numbers from 1 to a specified number.\nfn amicable_numbers_sum(limit: isize) -> isize {\n    let mut sum = 0;\n    for i in 1..limit {\n        let a = sum_of_divisors(i);\n        if a > i && sum_of_divisors(a) == i {\n            sum += i + a;\n        }\n    }\n    sum\n}\n\nfn main() {\n    let candidate = amicable_numbers_sum;\n    assert_eq!(candidate(999), 504);\n    assert_eq!(candidate(9999), 31626);\n    assert_eq!(candidate(99), 0);\n}\n",
      "timestamp": 1665517254,
      "stdout": "",
      "stderr": "error[E0425]: cannot find function `sum_of_divisors` in this scope\n --> /tmp/tmpbklirzsq.rs:5:17\n  |\n5 |         let a = sum_of_divisors(i);\n  |                 ^^^^^^^^^^^^^^^ not found in this scope\n\nerror[E0425]: cannot find function `sum_of_divisors` in this scope\n --> /tmp/tmpbklirzsq.rs:6:21\n  |\n6 |         if a > i && sum_of_divisors(a) == i {\n  |                     ^^^^^^^^^^^^^^^ not found in this scope\n\nerror: aborting due to 2 previous errors\n\nFor more information about this error, try `rustc --explain E0425`.\n",
      "exit_code": 1,
      "status": "SyntaxError"
    },
    {
      "program": "/// Write a function to sum all amicable numbers from 1 to a specified number.\nfn amicable_numbers_sum(limit: isize) -> isize {\n    let mut sum = 0;\n    for i in 1..limit {\n        let a = sum_of_proper_divisors(i);\n        if a > i && sum_of_proper_divisors(a) == i {\n            sum += i + a;\n        }\n    }\n    sum\n}\n\nfn main() {\n    let candidate = amicable_numbers_sum;\n    assert_eq!(candidate(999), 504);\n    assert_eq!(candidate(9999), 31626);\n    assert_eq!(candidate(99), 0);\n}\n",
      "timestamp": 1665517254,
      "stdout": "",
      "stderr": "error[E0425]: cannot find function `sum_of_proper_divisors` in this scope\n --> /tmp/tmpdk6061ll.rs:5:17\n  |\n5 |         let a = sum_of_proper_divisors(i);\n  |                 ^^^^^^^^^^^^^^^^^^^^^^ not found in this scope\n\nerror[E0425]: cannot find function `sum_of_proper_divisors` in this scope\n --> /tmp/tmpdk6061ll.rs:6:21\n  |\n6 |         if a > i && sum_of_proper_divisors(a) == i {\n  |                     ^^^^^^^^^^^^^^^^^^^^^^ not found in this scope\n\nerror: aborting due to 2 previous errors\n\nFor more information about this error, try `rustc --explain E0425`.\n",
      "exit_code": 1,
      "status": "SyntaxError"
    },
    {
      "program": "/// Write a function to sum all amicable numbers from 1 to a specified number.\nfn amicable_numbers_sum(limit: isize) -> isize {\n    let mut sum = 0;\n    for i in 1..limit {\n        let a = sum_of_divisors(i);\n        if a > i && sum_of_divisors(a) == i {\n            sum += i;\n        }\n    }\n    sum\n}\n\nfn main() {\n    let candidate = amicable_numbers_sum;\n    assert_eq!(candidate(999), 504);\n    assert_eq!(candidate(9999), 31626);\n    assert_eq!(candidate(99), 0);\n}\n",
      "timestamp": 1665517254,
      "stdout": "",
      "stderr": "error[E0425]: cannot find function `sum_of_divisors` in this scope\n --> /tmp/tmp7cdxi8em.rs:5:17\n  |\n5 |         let a = sum_of_divisors(i);\n  |                 ^^^^^^^^^^^^^^^ not found in this scope\n\nerror[E0425]: cannot find function `sum_of_divisors` in this scope\n --> /tmp/tmp7cdxi8em.rs:6:21\n  |\n6 |         if a > i && sum_of_divisors(a) == i {\n  |                     ^^^^^^^^^^^^^^^ not found in this scope\n\nerror: aborting due to 2 previous errors\n\nFor more information about this error, try `rustc --explain E0425`.\n",
      "exit_code": 1,
      "status": "SyntaxError"
    },
    {
      "program": "/// Write a function to sum all amicable numbers from 1 to a specified number.\nfn amicable_numbers_sum(limit: isize) -> isize {\n    let mut sum = 0;\n    for i in 1..limit {\n        let a = sum_of_divisors(i);\n        if a > i && sum_of_divisors(a) == i {\n            sum += i + a;\n        }\n    }\n    sum\n}\n\nfn main() {\n    let candidate = amicable_numbers_sum;\n    assert_eq!(candidate(999), 504);\n    assert_eq!(candidate(9999), 31626);\n    assert_eq!(candidate(99), 0);\n}\n",
      "timestamp": 1665517254,
      "stdout": "",
      "stderr": "error[E0425]: cannot find function `sum_of_divisors` in this scope\n --> /tmp/tmpbklirzsq.rs:5:17\n  |\n5 |         let a = sum_of_divisors(i);\n  |                 ^^^^^^^^^^^^^^^ not found in this scope\n\nerror[E0425]: cannot find function `sum_of_divisors` in this scope\n --> /tmp/tmpbklirzsq.rs:6:21\n  |\n6 |         if a > i && sum_of_divisors(a) == i {\n  |                     ^^^^^^^^^^^^^^^ not found in this scope\n\nerror: aborting due to 2 previous errors\n\nFor more information about this error, try `rustc --explain E0425`.\n",
      "exit_code": 1,
      "status": "SyntaxError"
    },
    {
      "program": "/// Write a function to sum all amicable numbers from 1 to a specified number.\nfn amicable_numbers_sum(limit: isize) -> isize {\n    let mut sum = 0;\n    for i in 1..limit {\n        let a = sum_proper_divisors(i);\n        if a > i && sum_proper_divisors(a) == i {\n            sum += i + a;\n        }\n    }\n    sum\n}\n\nfn main() {\n    let candidate = amicable_numbers_sum;\n    assert_eq!(candidate(999), 504);\n    assert_eq!(candidate(9999), 31626);\n    assert_eq!(candidate(99), 0);\n}\n",
      "timestamp": 1665517254,
      "stdout": "",
      "stderr": "error[E0425]: cannot find function `sum_proper_divisors` in this scope\n --> /tmp/tmpy8ne8g7e.rs:5:17\n  |\n5 |         let a = sum_proper_divisors(i);\n  |                 ^^^^^^^^^^^^^^^^^^^ not found in this scope\n\nerror[E0425]: cannot find function `sum_proper_divisors` in this scope\n --> /tmp/tmpy8ne8g7e.rs:6:21\n  |\n6 |         if a > i && sum_proper_divisors(a) == i {\n  |                     ^^^^^^^^^^^^^^^^^^^ not found in this scope\n\nerror: aborting due to 2 previous errors\n\nFor more information about this error, try `rustc --explain E0425`.\n",
      "exit_code": 1,
      "status": "SyntaxError"
    },
    {
      "program": "/// Write a function to sum all amicable numbers from 1 to a specified number.\nfn amicable_numbers_sum(limit: isize) -> isize {\n    let mut sum = 0;\n    for i in 1..limit {\n        let sum_divisors = sum_divisors(i);\n        if sum_divisors != i && sum_divisors < limit && sum_divisors == sum_divisors(sum_divisors) {\n            sum += i;\n        }\n    }\n    sum\n}\n\nfn main() {\n    let candidate = amicable_numbers_sum;\n    assert_eq!(candidate(999), 504);\n    assert_eq!(candidate(9999), 31626);\n    assert_eq!(candidate(99), 0);\n}\n",
      "timestamp": 1665517254,
      "stdout": "",
      "stderr": "error[E0425]: cannot find function `sum_divisors` in this scope\n --> /tmp/tmpp0p3oagl.rs:5:28\n  |\n5 |         let sum_divisors = sum_divisors(i);\n  |                            ^^^^^^^^^^^^ not found in this scope\n\nerror: aborting due to previous error\n\nFor more information about this error, try `rustc --explain E0425`.\n",
      "exit_code": 1,
      "status": "SyntaxError"
    },
    {
      "program": "/// Write a function to sum all amicable numbers from 1 to a specified number.\nfn amicable_numbers_sum(limit: isize) -> isize {\n    let mut sum = 0;\n    for i in 1..limit {\n        let a = sum_of_proper_divisors(i);\n        if a > i && sum_of_proper_divisors(a) == i {\n            sum += i + a;\n        }\n    }\n    sum\n}\n\nfn main() {\n    let candidate = amicable_numbers_sum;\n    assert_eq!(candidate(999), 504);\n    assert_eq!(candidate(9999), 31626);\n    assert_eq!(candidate(99), 0);\n}\n",
      "timestamp": 1665517254,
      "stdout": "",
      "stderr": "error[E0425]: cannot find function `sum_of_proper_divisors` in this scope\n --> /tmp/tmpdk6061ll.rs:5:17\n  |\n5 |         let a = sum_of_proper_divisors(i);\n  |                 ^^^^^^^^^^^^^^^^^^^^^^ not found in this scope\n\nerror[E0425]: cannot find function `sum_of_proper_divisors` in this scope\n --> /tmp/tmpdk6061ll.rs:6:21\n  |\n6 |         if a > i && sum_of_proper_divisors(a) == i {\n  |                     ^^^^^^^^^^^^^^^^^^^^^^ not found in this scope\n\nerror: aborting due to 2 previous errors\n\nFor more information about this error, try `rustc --explain E0425`.\n",
      "exit_code": 1,
      "status": "SyntaxError"
    },
    {
      "program": "/// Write a function to sum all amicable numbers from 1 to a specified number.\nfn amicable_numbers_sum(limit: isize) -> isize {\n    let mut sum = 0;\n    for i in 1..limit {\n        let a = sum_of_divisors(i);\n        if a > i && sum_of_divisors(a) == i {\n            sum += a + i;\n        }\n    }\n    sum\n}\n\nfn main() {\n    let candidate = amicable_numbers_sum;\n    assert_eq!(candidate(999), 504);\n    assert_eq!(candidate(9999), 31626);\n    assert_eq!(candidate(99), 0);\n}\n",
      "timestamp": 1665517254,
      "stdout": "",
      "stderr": "error[E0425]: cannot find function `sum_of_divisors` in this scope\n --> /tmp/tmp6pu2i3_1.rs:5:17\n  |\n5 |         let a = sum_of_divisors(i);\n  |                 ^^^^^^^^^^^^^^^ not found in this scope\n\nerror[E0425]: cannot find function `sum_of_divisors` in this scope\n --> /tmp/tmp6pu2i3_1.rs:6:21\n  |\n6 |         if a > i && sum_of_divisors(a) == i {\n  |                     ^^^^^^^^^^^^^^^ not found in this scope\n\nerror: aborting due to 2 previous errors\n\nFor more information about this error, try `rustc --explain E0425`.\n",
      "exit_code": 1,
      "status": "SyntaxError"
    },
    {
      "program": "/// Write a function to sum all amicable numbers from 1 to a specified number.\nfn amicable_numbers_sum(limit: isize) -> isize {\n    let mut sum = 0;\n    for i in 1..limit {\n        let a = sum_of_divisors(i);\n        if a > i && sum_of_divisors(a) == i {\n            sum += a + i;\n        }\n    }\n    sum\n}\n\nfn main() {\n    let candidate = amicable_numbers_sum;\n    assert_eq!(candidate(999), 504);\n    assert_eq!(candidate(9999), 31626);\n    assert_eq!(candidate(99), 0);\n}\n",
      "timestamp": 1665517254,
      "stdout": "",
      "stderr": "error[E0425]: cannot find function `sum_of_divisors` in this scope\n --> /tmp/tmp6pu2i3_1.rs:5:17\n  |\n5 |         let a = sum_of_divisors(i);\n  |                 ^^^^^^^^^^^^^^^ not found in this scope\n\nerror[E0425]: cannot find function `sum_of_divisors` in this scope\n --> /tmp/tmp6pu2i3_1.rs:6:21\n  |\n6 |         if a > i && sum_of_divisors(a) == i {\n  |                     ^^^^^^^^^^^^^^^ not found in this scope\n\nerror: aborting due to 2 previous errors\n\nFor more information about this error, try `rustc --explain E0425`.\n",
      "exit_code": 1,
      "status": "SyntaxError"
    },
    {
      "program": "/// Write a function to sum all amicable numbers from 1 to a specified number.\nfn amicable_numbers_sum(limit: isize) -> isize {\n    let mut sum = 0;\n    for i in 1..limit {\n        let a = sum_of_proper_divisors(i);\n        if a != i && sum_of_proper_divisors(a) == i {\n            sum += i;\n        }\n    }\n    sum\n}\n\nfn main() {\n    let candidate = amicable_numbers_sum;\n    assert_eq!(candidate(999), 504);\n    assert_eq!(candidate(9999), 31626);\n    assert_eq!(candidate(99), 0);\n}\n",
      "timestamp": 1666122693,
      "stdout": "",
      "stderr": "error[E0425]: cannot find function `sum_of_proper_divisors` in this scope\n --> /tmp/tmpykw08k5y.rs:5:17\n  |\n5 |         let a = sum_of_proper_divisors(i);\n  |                 ^^^^^^^^^^^^^^^^^^^^^^ not found in this scope\n\nerror[E0425]: cannot find function `sum_of_proper_divisors` in this scope\n --> /tmp/tmpykw08k5y.rs:6:22\n  |\n6 |         if a != i && sum_of_proper_divisors(a) == i {\n  |                      ^^^^^^^^^^^^^^^^^^^^^^ not found in this scope\n\nerror: aborting due to 2 previous errors\n\nFor more information about this error, try `rustc --explain E0425`.\n",
      "exit_code": 1,
      "status": "SyntaxError"
    },
    {
      "program": "/// Write a function to sum all amicable numbers from 1 to a specified number.\nfn amicable_numbers_sum(limit: isize) -> isize {\n    let mut sum = 0;\n    for i in 1..limit {\n        let a = sum_of_divisors(i);\n        if a > i && sum_of_divisors(a) == i {\n            sum += a + i;\n        }\n    }\n    sum\n}\n\nfn main() {\n    let candidate = amicable_numbers_sum;\n    assert_eq!(candidate(999), 504);\n    assert_eq!(candidate(9999), 31626);\n    assert_eq!(candidate(99), 0);\n}\n",
      "timestamp": 1665517254,
      "stdout": "",
      "stderr": "error[E0425]: cannot find function `sum_of_divisors` in this scope\n --> /tmp/tmp6pu2i3_1.rs:5:17\n  |\n5 |         let a = sum_of_divisors(i);\n  |                 ^^^^^^^^^^^^^^^ not found in this scope\n\nerror[E0425]: cannot find function `sum_of_divisors` in this scope\n --> /tmp/tmp6pu2i3_1.rs:6:21\n  |\n6 |         if a > i && sum_of_divisors(a) == i {\n  |                     ^^^^^^^^^^^^^^^ not found in this scope\n\nerror: aborting due to 2 previous errors\n\nFor more information about this error, try `rustc --explain E0425`.\n",
      "exit_code": 1,
      "status": "SyntaxError"
    },
    {
      "program": "/// Write a function to sum all amicable numbers from 1 to a specified number.\nfn amicable_numbers_sum(limit: isize) -> isize {\n    let mut sum = 0;\n    for i in 1..limit {\n        let a = sum_of_divisors(i);\n        let b = sum_of_divisors(a);\n        if i == b && i != a {\n            sum += i;\n        }\n    }\n    sum\n}\n\nfn main() {\n    let candidate = amicable_numbers_sum;\n    assert_eq!(candidate(999), 504);\n    assert_eq!(candidate(9999), 31626);\n    assert_eq!(candidate(99), 0);\n}\n",
      "timestamp": 1665517254,
      "stdout": "",
      "stderr": "error[E0425]: cannot find function `sum_of_divisors` in this scope\n --> /tmp/tmpfwi6hjuj.rs:5:17\n  |\n5 |         let a = sum_of_divisors(i);\n  |                 ^^^^^^^^^^^^^^^ not found in this scope\n\nerror[E0425]: cannot find function `sum_of_divisors` in this scope\n --> /tmp/tmpfwi6hjuj.rs:6:17\n  |\n6 |         let b = sum_of_divisors(a);\n  |                 ^^^^^^^^^^^^^^^ not found in this scope\n\nerror: aborting due to 2 previous errors\n\nFor more information about this error, try `rustc --explain E0425`.\n",
      "exit_code": 1,
      "status": "SyntaxError"
    },
    {
      "program": "/// Write a function to sum all amicable numbers from 1 to a specified number.\nfn amicable_numbers_sum(limit: isize) -> isize {\n    let mut sum = 0;\n    for i in 1..limit {\n        let a = sum_of_divisors(i);\n        let b = sum_of_divisors(a);\n        if i == b && i != a {\n            sum += i;\n        }\n    }\n    sum\n}\n\nfn main() {\n    let candidate = amicable_numbers_sum;\n    assert_eq!(candidate(999), 504);\n    assert_eq!(candidate(9999), 31626);\n    assert_eq!(candidate(99), 0);\n}\n",
      "timestamp": 1665517254,
      "stdout": "",
      "stderr": "error[E0425]: cannot find function `sum_of_divisors` in this scope\n --> /tmp/tmpfwi6hjuj.rs:5:17\n  |\n5 |         let a = sum_of_divisors(i);\n  |                 ^^^^^^^^^^^^^^^ not found in this scope\n\nerror[E0425]: cannot find function `sum_of_divisors` in this scope\n --> /tmp/tmpfwi6hjuj.rs:6:17\n  |\n6 |         let b = sum_of_divisors(a);\n  |                 ^^^^^^^^^^^^^^^ not found in this scope\n\nerror: aborting due to 2 previous errors\n\nFor more information about this error, try `rustc --explain E0425`.\n",
      "exit_code": 1,
      "status": "SyntaxError"
    },
    {
      "program": "/// Write a function to sum all amicable numbers from 1 to a specified number.\nfn amicable_numbers_sum(limit: isize) -> isize {\n    let mut sum = 0;\n    for i in 1..limit {\n        let a = sum_of_proper_divisors(i);\n        if a > i && sum_of_proper_divisors(a) == i {\n            sum += i + a;\n        }\n    }\n    sum\n}\n\nfn main() {\n    let candidate = amicable_numbers_sum;\n    assert_eq!(candidate(999), 504);\n    assert_eq!(candidate(9999), 31626);\n    assert_eq!(candidate(99), 0);\n}\n",
      "timestamp": 1665517254,
      "stdout": "",
      "stderr": "error[E0425]: cannot find function `sum_of_proper_divisors` in this scope\n --> /tmp/tmpdk6061ll.rs:5:17\n  |\n5 |         let a = sum_of_proper_divisors(i);\n  |                 ^^^^^^^^^^^^^^^^^^^^^^ not found in this scope\n\nerror[E0425]: cannot find function `sum_of_proper_divisors` in this scope\n --> /tmp/tmpdk6061ll.rs:6:21\n  |\n6 |         if a > i && sum_of_proper_divisors(a) == i {\n  |                     ^^^^^^^^^^^^^^^^^^^^^^ not found in this scope\n\nerror: aborting due to 2 previous errors\n\nFor more information about this error, try `rustc --explain E0425`.\n",
      "exit_code": 1,
      "status": "SyntaxError"
    },
    {
      "program": "/// Write a function to sum all amicable numbers from 1 to a specified number.\nfn amicable_numbers_sum(limit: isize) -> isize {\n    let mut sum = 0;\n    for i in 1..limit {\n        let a = sum_proper_divisors(i);\n        if a != i && sum_proper_divisors(a) == i {\n            sum += i;\n        }\n    }\n    sum\n}\n\nfn main() {\n    let candidate = amicable_numbers_sum;\n    assert_eq!(candidate(999), 504);\n    assert_eq!(candidate(9999), 31626);\n    assert_eq!(candidate(99), 0);\n}\n",
      "timestamp": 1666122693,
      "stdout": "",
      "stderr": "error[E0425]: cannot find function `sum_proper_divisors` in this scope\n --> /tmp/tmp7vke6f13.rs:5:17\n  |\n5 |         let a = sum_proper_divisors(i);\n  |                 ^^^^^^^^^^^^^^^^^^^ not found in this scope\n\nerror[E0425]: cannot find function `sum_proper_divisors` in this scope\n --> /tmp/tmp7vke6f13.rs:6:22\n  |\n6 |         if a != i && sum_proper_divisors(a) == i {\n  |                      ^^^^^^^^^^^^^^^^^^^ not found in this scope\n\nerror: aborting due to 2 previous errors\n\nFor more information about this error, try `rustc --explain E0425`.\n",
      "exit_code": 1,
      "status": "SyntaxError"
    },
    {
      "program": "/// Write a function to sum all amicable numbers from 1 to a specified number.\nfn amicable_numbers_sum(limit: isize) -> isize {\n    let mut sum = 0;\n    for i in 1..limit {\n        let a = sum_of_divisors(i);\n        if a > i && sum_of_divisors(a) == i {\n            sum += i + a;\n        }\n    }\n    sum\n}\n\nfn main() {\n    let candidate = amicable_numbers_sum;\n    assert_eq!(candidate(999), 504);\n    assert_eq!(candidate(9999), 31626);\n    assert_eq!(candidate(99), 0);\n}\n",
      "timestamp": 1665517254,
      "stdout": "",
      "stderr": "error[E0425]: cannot find function `sum_of_divisors` in this scope\n --> /tmp/tmpbklirzsq.rs:5:17\n  |\n5 |         let a = sum_of_divisors(i);\n  |                 ^^^^^^^^^^^^^^^ not found in this scope\n\nerror[E0425]: cannot find function `sum_of_divisors` in this scope\n --> /tmp/tmpbklirzsq.rs:6:21\n  |\n6 |         if a > i && sum_of_divisors(a) == i {\n  |                     ^^^^^^^^^^^^^^^ not found in this scope\n\nerror: aborting due to 2 previous errors\n\nFor more information about this error, try `rustc --explain E0425`.\n",
      "exit_code": 1,
      "status": "SyntaxError"
    },
    {
      "program": "/// Write a function to sum all amicable numbers from 1 to a specified number.\nfn amicable_numbers_sum(limit: isize) -> isize {\n    let mut sum = 0;\n    for i in 1..limit {\n        let a = divisors_sum(i);\n        if a > i && divisors_sum(a) == i {\n            sum += i;\n        }\n    }\n    sum\n}\n\nfn main() {\n    let candidate = amicable_numbers_sum;\n    assert_eq!(candidate(999), 504);\n    assert_eq!(candidate(9999), 31626);\n    assert_eq!(candidate(99), 0);\n}\n",
      "timestamp": 1666122693,
      "stdout": "",
      "stderr": "error[E0425]: cannot find function `divisors_sum` in this scope\n --> /tmp/tmpgabfs0ta.rs:5:17\n  |\n5 |         let a = divisors_sum(i);\n  |                 ^^^^^^^^^^^^ not found in this scope\n\nerror[E0425]: cannot find function `divisors_sum` in this scope\n --> /tmp/tmpgabfs0ta.rs:6:21\n  |\n6 |         if a > i && divisors_sum(a) == i {\n  |                     ^^^^^^^^^^^^ not found in this scope\n\nerror: aborting due to 2 previous errors\n\nFor more information about this error, try `rustc --explain E0425`.\n",
      "exit_code": 1,
      "status": "SyntaxError"
    },
    {
      "program": "/// Write a function to sum all amicable numbers from 1 to a specified number.\nfn amicable_numbers_sum(limit: isize) -> isize {\n    let mut sum = 0;\n    for i in 1..limit {\n        let a = sum_of_divisors(i);\n        if a > i && sum_of_divisors(a) == i {\n            sum += i + a;\n        }\n    }\n    sum\n}\n\nfn main() {\n    let candidate = amicable_numbers_sum;\n    assert_eq!(candidate(999), 504);\n    assert_eq!(candidate(9999), 31626);\n    assert_eq!(candidate(99), 0);\n}\n",
      "timestamp": 1665517254,
      "stdout": "",
      "stderr": "error[E0425]: cannot find function `sum_of_divisors` in this scope\n --> /tmp/tmpbklirzsq.rs:5:17\n  |\n5 |         let a = sum_of_divisors(i);\n  |                 ^^^^^^^^^^^^^^^ not found in this scope\n\nerror[E0425]: cannot find function `sum_of_divisors` in this scope\n --> /tmp/tmpbklirzsq.rs:6:21\n  |\n6 |         if a > i && sum_of_divisors(a) == i {\n  |                     ^^^^^^^^^^^^^^^ not found in this scope\n\nerror: aborting due to 2 previous errors\n\nFor more information about this error, try `rustc --explain E0425`.\n",
      "exit_code": 1,
      "status": "SyntaxError"
    },
    {
      "program": "/// Write a function to sum all amicable numbers from 1 to a specified number.\nfn amicable_numbers_sum(limit: isize) -> isize {\n    let mut sum = 0;\n    for i in 1..limit {\n        let a = sum_of_divisors(i);\n        let b = sum_of_divisors(a);\n        if i == b && i != a {\n            sum += i;\n        }\n    }\n    sum\n}\n\nfn main() {\n    let candidate = amicable_numbers_sum;\n    assert_eq!(candidate(999), 504);\n    assert_eq!(candidate(9999), 31626);\n    assert_eq!(candidate(99), 0);\n}\n",
      "timestamp": 1665517254,
      "stdout": "",
      "stderr": "error[E0425]: cannot find function `sum_of_divisors` in this scope\n --> /tmp/tmpfwi6hjuj.rs:5:17\n  |\n5 |         let a = sum_of_divisors(i);\n  |                 ^^^^^^^^^^^^^^^ not found in this scope\n\nerror[E0425]: cannot find function `sum_of_divisors` in this scope\n --> /tmp/tmpfwi6hjuj.rs:6:17\n  |\n6 |         let b = sum_of_divisors(a);\n  |                 ^^^^^^^^^^^^^^^ not found in this scope\n\nerror: aborting due to 2 previous errors\n\nFor more information about this error, try `rustc --explain E0425`.\n",
      "exit_code": 1,
      "status": "SyntaxError"
    },
    {
      "program": "/// Write a function to sum all amicable numbers from 1 to a specified number.\nfn amicable_numbers_sum(limit: isize) -> isize {\n    let mut sum = 0;\n    for i in 1..limit {\n        let a = divisors_sum(i);\n        if a > i && divisors_sum(a) == i {\n            sum += i;\n        }\n    }\n    sum\n}\n\nfn main() {\n    let candidate = amicable_numbers_sum;\n    assert_eq!(candidate(999), 504);\n    assert_eq!(candidate(9999), 31626);\n    assert_eq!(candidate(99), 0);\n}\n",
      "timestamp": 1666122693,
      "stdout": "",
      "stderr": "error[E0425]: cannot find function `divisors_sum` in this scope\n --> /tmp/tmpgabfs0ta.rs:5:17\n  |\n5 |         let a = divisors_sum(i);\n  |                 ^^^^^^^^^^^^ not found in this scope\n\nerror[E0425]: cannot find function `divisors_sum` in this scope\n --> /tmp/tmpgabfs0ta.rs:6:21\n  |\n6 |         if a > i && divisors_sum(a) == i {\n  |                     ^^^^^^^^^^^^ not found in this scope\n\nerror: aborting due to 2 previous errors\n\nFor more information about this error, try `rustc --explain E0425`.\n",
      "exit_code": 1,
      "status": "SyntaxError"
    },
    {
      "program": "/// Write a function to sum all amicable numbers from 1 to a specified number.\nfn amicable_numbers_sum(limit: isize) -> isize {\n    let mut sum = 0;\n    for i in 1..limit {\n        let j = sum_of_divisors(i);\n        if i != j && sum_of_divisors(j) == i {\n            sum += i;\n        }\n    }\n    sum\n}\n\nfn main() {\n    let candidate = amicable_numbers_sum;\n    assert_eq!(candidate(999), 504);\n    assert_eq!(candidate(9999), 31626);\n    assert_eq!(candidate(99), 0);\n}\n",
      "timestamp": 1665517254,
      "stdout": "",
      "stderr": "error[E0425]: cannot find function `sum_of_divisors` in this scope\n --> /tmp/tmpp9vtgvb3.rs:5:17\n  |\n5 |         let j = sum_of_divisors(i);\n  |                 ^^^^^^^^^^^^^^^ not found in this scope\n\nerror[E0425]: cannot find function `sum_of_divisors` in this scope\n --> /tmp/tmpp9vtgvb3.rs:6:22\n  |\n6 |         if i != j && sum_of_divisors(j) == i {\n  |                      ^^^^^^^^^^^^^^^ not found in this scope\n\nerror: aborting due to 2 previous errors\n\nFor more information about this error, try `rustc --explain E0425`.\n",
      "exit_code": 1,
      "status": "SyntaxError"
    },
    {
      "program": "/// Write a function to sum all amicable numbers from 1 to a specified number.\nfn amicable_numbers_sum(limit: isize) -> isize {\n    let mut sum = 0;\n    for i in 1..limit {\n        let a = sum_divisors(i);\n        if a != i && sum_divisors(a) == i {\n            sum += i;\n        }\n    }\n    sum\n}\n\nfn main() {\n    let candidate = amicable_numbers_sum;\n    assert_eq!(candidate(999), 504);\n    assert_eq!(candidate(9999), 31626);\n    assert_eq!(candidate(99), 0);\n}\n",
      "timestamp": 1666122693,
      "stdout": "",
      "stderr": "error[E0425]: cannot find function `sum_divisors` in this scope\n --> /tmp/tmplv95ladb.rs:5:17\n  |\n5 |         let a = sum_divisors(i);\n  |                 ^^^^^^^^^^^^ not found in this scope\n\nerror[E0425]: cannot find function `sum_divisors` in this scope\n --> /tmp/tmplv95ladb.rs:6:22\n  |\n6 |         if a != i && sum_divisors(a) == i {\n  |                      ^^^^^^^^^^^^ not found in this scope\n\nerror: aborting due to 2 previous errors\n\nFor more information about this error, try `rustc --explain E0425`.\n",
      "exit_code": 1,
      "status": "SyntaxError"
    },
    {
      "program": "/// Write a function to sum all amicable numbers from 1 to a specified number.\nfn amicable_numbers_sum(limit: isize) -> isize {\n    let mut sum = 0;\n    for i in 1..limit {\n        let a = sum_of_divisors(i);\n        if a > i && sum_of_divisors(a) == i {\n            sum += i;\n        }\n    }\n    sum\n}\n\nfn main() {\n    let candidate = amicable_numbers_sum;\n    assert_eq!(candidate(999), 504);\n    assert_eq!(candidate(9999), 31626);\n    assert_eq!(candidate(99), 0);\n}\n",
      "timestamp": 1665517254,
      "stdout": "",
      "stderr": "error[E0425]: cannot find function `sum_of_divisors` in this scope\n --> /tmp/tmp7cdxi8em.rs:5:17\n  |\n5 |         let a = sum_of_divisors(i);\n  |                 ^^^^^^^^^^^^^^^ not found in this scope\n\nerror[E0425]: cannot find function `sum_of_divisors` in this scope\n --> /tmp/tmp7cdxi8em.rs:6:21\n  |\n6 |         if a > i && sum_of_divisors(a) == i {\n  |                     ^^^^^^^^^^^^^^^ not found in this scope\n\nerror: aborting due to 2 previous errors\n\nFor more information about this error, try `rustc --explain E0425`.\n",
      "exit_code": 1,
      "status": "SyntaxError"
    },
    {
      "program": "/// Write a function to sum all amicable numbers from 1 to a specified number.\nfn amicable_numbers_sum(limit: isize) -> isize {\n    let mut sum = 0;\n    for i in 1..limit {\n        let a = sum_divisors(i);\n        if a > i && sum_divisors(a) == i {\n            sum += i + a;\n        }\n    }\n    sum\n}\n\nfn main() {\n    let candidate = amicable_numbers_sum;\n    assert_eq!(candidate(999), 504);\n    assert_eq!(candidate(9999), 31626);\n    assert_eq!(candidate(99), 0);\n}\n",
      "timestamp": 1666122693,
      "stdout": "",
      "stderr": "error[E0425]: cannot find function `sum_divisors` in this scope\n --> /tmp/tmpnpyar0wq.rs:5:17\n  |\n5 |         let a = sum_divisors(i);\n  |                 ^^^^^^^^^^^^ not found in this scope\n\nerror[E0425]: cannot find function `sum_divisors` in this scope\n --> /tmp/tmpnpyar0wq.rs:6:21\n  |\n6 |         if a > i && sum_divisors(a) == i {\n  |                     ^^^^^^^^^^^^ not found in this scope\n\nerror: aborting due to 2 previous errors\n\nFor more information about this error, try `rustc --explain E0425`.\n",
      "exit_code": 1,
      "status": "SyntaxError"
    },
    {
      "program": "/// Write a function to sum all amicable numbers from 1 to a specified number.\nfn amicable_numbers_sum(limit: isize) -> isize {\n    let mut sum = 0;\n    for i in 1..limit {\n        let j = sum_of_divisors(i);\n        if i != j && sum_of_divisors(j) == i {\n            sum += i;\n        }\n    }\n    sum\n}\n\nfn main() {\n    let candidate = amicable_numbers_sum;\n    assert_eq!(candidate(999), 504);\n    assert_eq!(candidate(9999), 31626);\n    assert_eq!(candidate(99), 0);\n}\n",
      "timestamp": 1665517254,
      "stdout": "",
      "stderr": "error[E0425]: cannot find function `sum_of_divisors` in this scope\n --> /tmp/tmpp9vtgvb3.rs:5:17\n  |\n5 |         let j = sum_of_divisors(i);\n  |                 ^^^^^^^^^^^^^^^ not found in this scope\n\nerror[E0425]: cannot find function `sum_of_divisors` in this scope\n --> /tmp/tmpp9vtgvb3.rs:6:22\n  |\n6 |         if i != j && sum_of_divisors(j) == i {\n  |                      ^^^^^^^^^^^^^^^ not found in this scope\n\nerror: aborting due to 2 previous errors\n\nFor more information about this error, try `rustc --explain E0425`.\n",
      "exit_code": 1,
      "status": "SyntaxError"
    },
    {
      "program": "/// Write a function to sum all amicable numbers from 1 to a specified number.\nfn amicable_numbers_sum(limit: isize) -> isize {\n    let mut sum = 0;\n    for i in 1..limit {\n        let a = sum_of_divisors(i);\n        let b = sum_of_divisors(a);\n        if i == b && i != a {\n            sum += i;\n        }\n    }\n    sum\n}\n\nfn main() {\n    let candidate = amicable_numbers_sum;\n    assert_eq!(candidate(999), 504);\n    assert_eq!(candidate(9999), 31626);\n    assert_eq!(candidate(99), 0);\n}\n",
      "timestamp": 1665517254,
      "stdout": "",
      "stderr": "error[E0425]: cannot find function `sum_of_divisors` in this scope\n --> /tmp/tmpfwi6hjuj.rs:5:17\n  |\n5 |         let a = sum_of_divisors(i);\n  |                 ^^^^^^^^^^^^^^^ not found in this scope\n\nerror[E0425]: cannot find function `sum_of_divisors` in this scope\n --> /tmp/tmpfwi6hjuj.rs:6:17\n  |\n6 |         let b = sum_of_divisors(a);\n  |                 ^^^^^^^^^^^^^^^ not found in this scope\n\nerror: aborting due to 2 previous errors\n\nFor more information about this error, try `rustc --explain E0425`.\n",
      "exit_code": 1,
      "status": "SyntaxError"
    },
    {
      "program": "/// Write a function to sum all amicable numbers from 1 to a specified number.\nfn amicable_numbers_sum(limit: isize) -> isize {\n    let mut sum = 0;\n    for n in 1..limit {\n        let m = sum_of_divisors(n);\n        if m > n && sum_of_divisors(m) == n {\n            sum += n + m;\n        }\n    }\n    sum\n}\n\nfn main() {\n    let candidate = amicable_numbers_sum;\n    assert_eq!(candidate(999), 504);\n    assert_eq!(candidate(9999), 31626);\n    assert_eq!(candidate(99), 0);\n}\n",
      "timestamp": 1666122693,
      "stdout": "",
      "stderr": "error[E0425]: cannot find function `sum_of_divisors` in this scope\n --> /tmp/tmpm5agueng.rs:5:17\n  |\n5 |         let m = sum_of_divisors(n);\n  |                 ^^^^^^^^^^^^^^^ not found in this scope\n\nerror[E0425]: cannot find function `sum_of_divisors` in this scope\n --> /tmp/tmpm5agueng.rs:6:21\n  |\n6 |         if m > n && sum_of_divisors(m) == n {\n  |                     ^^^^^^^^^^^^^^^ not found in this scope\n\nerror: aborting due to 2 previous errors\n\nFor more information about this error, try `rustc --explain E0425`.\n",
      "exit_code": 1,
      "status": "SyntaxError"
    },
    {
      "program": "/// Write a function to sum all amicable numbers from 1 to a specified number.\nfn amicable_numbers_sum(limit: isize) -> isize {\n    let mut sum = 0;\n    for i in 1..limit {\n        let a = sum_proper_divisors(i);\n        let b = sum_proper_divisors(a);\n        if i == b && i != a {\n            sum += i;\n        }\n    }\n    sum\n}\n\nfn main() {\n    let candidate = amicable_numbers_sum;\n    assert_eq!(candidate(999), 504);\n    assert_eq!(candidate(9999), 31626);\n    assert_eq!(candidate(99), 0);\n}\n",
      "timestamp": 1665517254,
      "stdout": "",
      "stderr": "error[E0425]: cannot find function `sum_proper_divisors` in this scope\n --> /tmp/tmp64uga_pc.rs:5:17\n  |\n5 |         let a = sum_proper_divisors(i);\n  |                 ^^^^^^^^^^^^^^^^^^^ not found in this scope\n\nerror[E0425]: cannot find function `sum_proper_divisors` in this scope\n --> /tmp/tmp64uga_pc.rs:6:17\n  |\n6 |         let b = sum_proper_divisors(a);\n  |                 ^^^^^^^^^^^^^^^^^^^ not found in this scope\n\nerror: aborting due to 2 previous errors\n\nFor more information about this error, try `rustc --explain E0425`.\n",
      "exit_code": 1,
      "status": "SyntaxError"
    },
    {
      "program": "/// Write a function to sum all amicable numbers from 1 to a specified number.\nfn amicable_numbers_sum(limit: isize) -> isize {\n    let mut sum = 0;\n    for i in 1..limit {\n        let a = sum_of_divisors(i);\n        if a > i && sum_of_divisors(a) == i {\n            sum += a + i;\n        }\n    }\n    sum\n}\n\nfn main() {\n    let candidate = amicable_numbers_sum;\n    assert_eq!(candidate(999), 504);\n    assert_eq!(candidate(9999), 31626);\n    assert_eq!(candidate(99), 0);\n}\n",
      "timestamp": 1665517254,
      "stdout": "",
      "stderr": "error[E0425]: cannot find function `sum_of_divisors` in this scope\n --> /tmp/tmp6pu2i3_1.rs:5:17\n  |\n5 |         let a = sum_of_divisors(i);\n  |                 ^^^^^^^^^^^^^^^ not found in this scope\n\nerror[E0425]: cannot find function `sum_of_divisors` in this scope\n --> /tmp/tmp6pu2i3_1.rs:6:21\n  |\n6 |         if a > i && sum_of_divisors(a) == i {\n  |                     ^^^^^^^^^^^^^^^ not found in this scope\n\nerror: aborting due to 2 previous errors\n\nFor more information about this error, try `rustc --explain E0425`.\n",
      "exit_code": 1,
      "status": "SyntaxError"
    },
    {
      "program": "/// Write a function to sum all amicable numbers from 1 to a specified number.\nfn amicable_numbers_sum(limit: isize) -> isize {\n    let mut sum = 0;\n    for i in 1..limit {\n        let a = sum_of_divisors(i);\n        if i != a && sum_of_divisors(a) == i {\n            sum += i;\n        }\n    }\n    sum\n}\n\nfn main() {\n    let candidate = amicable_numbers_sum;\n    assert_eq!(candidate(999), 504);\n    assert_eq!(candidate(9999), 31626);\n    assert_eq!(candidate(99), 0);\n}\n",
      "timestamp": 1665517254,
      "stdout": "",
      "stderr": "error[E0425]: cannot find function `sum_of_divisors` in this scope\n --> /tmp/tmp3lch_5m8.rs:5:17\n  |\n5 |         let a = sum_of_divisors(i);\n  |                 ^^^^^^^^^^^^^^^ not found in this scope\n\nerror[E0425]: cannot find function `sum_of_divisors` in this scope\n --> /tmp/tmp3lch_5m8.rs:6:22\n  |\n6 |         if i != a && sum_of_divisors(a) == i {\n  |                      ^^^^^^^^^^^^^^^ not found in this scope\n\nerror: aborting due to 2 previous errors\n\nFor more information about this error, try `rustc --explain E0425`.\n",
      "exit_code": 1,
      "status": "SyntaxError"
    },
    {
      "program": "/// Write a function to sum all amicable numbers from 1 to a specified number.\nfn amicable_numbers_sum(limit: isize) -> isize {\n    let mut sum = 0;\n    for i in 1..limit {\n        let a = sum_of_divisors(i);\n        if a > i && sum_of_divisors(a) == i {\n            sum += i + a;\n        }\n    }\n    sum\n}\n\nfn main() {\n    let candidate = amicable_numbers_sum;\n    assert_eq!(candidate(999), 504);\n    assert_eq!(candidate(9999), 31626);\n    assert_eq!(candidate(99), 0);\n}\n",
      "timestamp": 1665517254,
      "stdout": "",
      "stderr": "error[E0425]: cannot find function `sum_of_divisors` in this scope\n --> /tmp/tmpbklirzsq.rs:5:17\n  |\n5 |         let a = sum_of_divisors(i);\n  |                 ^^^^^^^^^^^^^^^ not found in this scope\n\nerror[E0425]: cannot find function `sum_of_divisors` in this scope\n --> /tmp/tmpbklirzsq.rs:6:21\n  |\n6 |         if a > i && sum_of_divisors(a) == i {\n  |                     ^^^^^^^^^^^^^^^ not found in this scope\n\nerror: aborting due to 2 previous errors\n\nFor more information about this error, try `rustc --explain E0425`.\n",
      "exit_code": 1,
      "status": "SyntaxError"
    },
    {
      "program": "/// Write a function to sum all amicable numbers from 1 to a specified number.\nfn amicable_numbers_sum(limit: isize) -> isize {\n    let mut sum = 0;\n    for i in 1..limit {\n        let j = sum_of_divisors(i);\n        if i != j && sum_of_divisors(j) == i {\n            sum += i;\n        }\n    }\n    sum\n}\n\nfn main() {\n    let candidate = amicable_numbers_sum;\n    assert_eq!(candidate(999), 504);\n    assert_eq!(candidate(9999), 31626);\n    assert_eq!(candidate(99), 0);\n}\n",
      "timestamp": 1665517254,
      "stdout": "",
      "stderr": "error[E0425]: cannot find function `sum_of_divisors` in this scope\n --> /tmp/tmpp9vtgvb3.rs:5:17\n  |\n5 |         let j = sum_of_divisors(i);\n  |                 ^^^^^^^^^^^^^^^ not found in this scope\n\nerror[E0425]: cannot find function `sum_of_divisors` in this scope\n --> /tmp/tmpp9vtgvb3.rs:6:22\n  |\n6 |         if i != j && sum_of_divisors(j) == i {\n  |                      ^^^^^^^^^^^^^^^ not found in this scope\n\nerror: aborting due to 2 previous errors\n\nFor more information about this error, try `rustc --explain E0425`.\n",
      "exit_code": 1,
      "status": "SyntaxError"
    },
    {
      "program": "/// Write a function to sum all amicable numbers from 1 to a specified number.\nfn amicable_numbers_sum(limit: isize) -> isize {\n    let mut sum = 0;\n    for i in 1..limit {\n        let a = sum_of_divisors(i);\n        if a > i && sum_of_divisors(a) == i {\n            sum += i + a;\n        }\n    }\n    sum\n}\n\nfn main() {\n    let candidate = amicable_numbers_sum;\n    assert_eq!(candidate(999), 504);\n    assert_eq!(candidate(9999), 31626);\n    assert_eq!(candidate(99), 0);\n}\n",
      "timestamp": 1665517254,
      "stdout": "",
      "stderr": "error[E0425]: cannot find function `sum_of_divisors` in this scope\n --> /tmp/tmpbklirzsq.rs:5:17\n  |\n5 |         let a = sum_of_divisors(i);\n  |                 ^^^^^^^^^^^^^^^ not found in this scope\n\nerror[E0425]: cannot find function `sum_of_divisors` in this scope\n --> /tmp/tmpbklirzsq.rs:6:21\n  |\n6 |         if a > i && sum_of_divisors(a) == i {\n  |                     ^^^^^^^^^^^^^^^ not found in this scope\n\nerror: aborting due to 2 previous errors\n\nFor more information about this error, try `rustc --explain E0425`.\n",
      "exit_code": 1,
      "status": "SyntaxError"
    },
    {
      "program": "/// Write a function to sum all amicable numbers from 1 to a specified number.\nfn amicable_numbers_sum(limit: isize) -> isize {\n    let mut sum = 0;\n    for i in 1..limit {\n        let d = sum_divisors(i);\n        if d != i && sum_divisors(d) == i {\n            sum += i;\n        }\n    }\n    sum\n}\n\nfn main() {\n    let candidate = amicable_numbers_sum;\n    assert_eq!(candidate(999), 504);\n    assert_eq!(candidate(9999), 31626);\n    assert_eq!(candidate(99), 0);\n}\n",
      "timestamp": 1666122693,
      "stdout": "",
      "stderr": "error[E0425]: cannot find function `sum_divisors` in this scope\n --> /tmp/tmp36_55_n3.rs:5:17\n  |\n5 |         let d = sum_divisors(i);\n  |                 ^^^^^^^^^^^^ not found in this scope\n\nerror[E0425]: cannot find function `sum_divisors` in this scope\n --> /tmp/tmp36_55_n3.rs:6:22\n  |\n6 |         if d != i && sum_divisors(d) == i {\n  |                      ^^^^^^^^^^^^ not found in this scope\n\nerror: aborting due to 2 previous errors\n\nFor more information about this error, try `rustc --explain E0425`.\n",
      "exit_code": 1,
      "status": "SyntaxError"
    },
    {
      "program": "/// Write a function to sum all amicable numbers from 1 to a specified number.\nfn amicable_numbers_sum(limit: isize) -> isize {\n    let mut sum = 0;\n    for i in 1..limit {\n        let a = sum_of_divisors(i);\n        if a > i && sum_of_divisors(a) == i {\n            sum += i + a;\n        }\n    }\n    sum\n}\n\nfn main() {\n    let candidate = amicable_numbers_sum;\n    assert_eq!(candidate(999), 504);\n    assert_eq!(candidate(9999), 31626);\n    assert_eq!(candidate(99), 0);\n}\n",
      "timestamp": 1665517254,
      "stdout": "",
      "stderr": "error[E0425]: cannot find function `sum_of_divisors` in this scope\n --> /tmp/tmpbklirzsq.rs:5:17\n  |\n5 |         let a = sum_of_divisors(i);\n  |                 ^^^^^^^^^^^^^^^ not found in this scope\n\nerror[E0425]: cannot find function `sum_of_divisors` in this scope\n --> /tmp/tmpbklirzsq.rs:6:21\n  |\n6 |         if a > i && sum_of_divisors(a) == i {\n  |                     ^^^^^^^^^^^^^^^ not found in this scope\n\nerror: aborting due to 2 previous errors\n\nFor more information about this error, try `rustc --explain E0425`.\n",
      "exit_code": 1,
      "status": "SyntaxError"
    },
    {
      "program": "/// Write a function to sum all amicable numbers from 1 to a specified number.\nfn amicable_numbers_sum(limit: isize) -> isize {\n    let mut sum = 0;\n    for i in 1..limit {\n        let a = sum_of_proper_divisors(i);\n        if a > i && sum_of_proper_divisors(a) == i {\n            sum += i + a;\n        }\n    }\n    sum\n}\n\nfn main() {\n    let candidate = amicable_numbers_sum;\n    assert_eq!(candidate(999), 504);\n    assert_eq!(candidate(9999), 31626);\n    assert_eq!(candidate(99), 0);\n}\n",
      "timestamp": 1665517254,
      "stdout": "",
      "stderr": "error[E0425]: cannot find function `sum_of_proper_divisors` in this scope\n --> /tmp/tmpdk6061ll.rs:5:17\n  |\n5 |         let a = sum_of_proper_divisors(i);\n  |                 ^^^^^^^^^^^^^^^^^^^^^^ not found in this scope\n\nerror[E0425]: cannot find function `sum_of_proper_divisors` in this scope\n --> /tmp/tmpdk6061ll.rs:6:21\n  |\n6 |         if a > i && sum_of_proper_divisors(a) == i {\n  |                     ^^^^^^^^^^^^^^^^^^^^^^ not found in this scope\n\nerror: aborting due to 2 previous errors\n\nFor more information about this error, try `rustc --explain E0425`.\n",
      "exit_code": 1,
      "status": "SyntaxError"
    },
    {
      "program": "/// Write a function to sum all amicable numbers from 1 to a specified number.\nfn amicable_numbers_sum(limit: isize) -> isize {\n    let mut sum = 0;\n    for i in 1..limit {\n        let a = sum_of_divisors(i);\n        if a > i && sum_of_divisors(a) == i {\n            sum += i;\n        }\n    }\n    sum\n}\n\nfn main() {\n    let candidate = amicable_numbers_sum;\n    assert_eq!(candidate(999), 504);\n    assert_eq!(candidate(9999), 31626);\n    assert_eq!(candidate(99), 0);\n}\n",
      "timestamp": 1665517254,
      "stdout": "",
      "stderr": "error[E0425]: cannot find function `sum_of_divisors` in this scope\n --> /tmp/tmp7cdxi8em.rs:5:17\n  |\n5 |         let a = sum_of_divisors(i);\n  |                 ^^^^^^^^^^^^^^^ not found in this scope\n\nerror[E0425]: cannot find function `sum_of_divisors` in this scope\n --> /tmp/tmp7cdxi8em.rs:6:21\n  |\n6 |         if a > i && sum_of_divisors(a) == i {\n  |                     ^^^^^^^^^^^^^^^ not found in this scope\n\nerror: aborting due to 2 previous errors\n\nFor more information about this error, try `rustc --explain E0425`.\n",
      "exit_code": 1,
      "status": "SyntaxError"
    },
    {
      "program": "/// Write a function to sum all amicable numbers from 1 to a specified number.\nfn amicable_numbers_sum(limit: isize) -> isize {\n    let mut sum = 0;\n    for i in 1..limit {\n        let a = sum_of_divisors(i);\n        if a > i && sum_of_divisors(a) == i {\n            sum += i + a;\n        }\n    }\n    sum\n}\n\nfn main() {\n    let candidate = amicable_numbers_sum;\n    assert_eq!(candidate(999), 504);\n    assert_eq!(candidate(9999), 31626);\n    assert_eq!(candidate(99), 0);\n}\n",
      "timestamp": 1665517254,
      "stdout": "",
      "stderr": "error[E0425]: cannot find function `sum_of_divisors` in this scope\n --> /tmp/tmpbklirzsq.rs:5:17\n  |\n5 |         let a = sum_of_divisors(i);\n  |                 ^^^^^^^^^^^^^^^ not found in this scope\n\nerror[E0425]: cannot find function `sum_of_divisors` in this scope\n --> /tmp/tmpbklirzsq.rs:6:21\n  |\n6 |         if a > i && sum_of_divisors(a) == i {\n  |                     ^^^^^^^^^^^^^^^ not found in this scope\n\nerror: aborting due to 2 previous errors\n\nFor more information about this error, try `rustc --explain E0425`.\n",
      "exit_code": 1,
      "status": "SyntaxError"
    },
    {
      "program": "/// Write a function to sum all amicable numbers from 1 to a specified number.\nfn amicable_numbers_sum(limit: isize) -> isize {\n    let mut sum = 0;\n    for i in 1..limit {\n        let a = sum_of_divisors(i);\n        if a > i && sum_of_divisors(a) == i {\n            sum += i + a;\n        }\n    }\n    sum\n}\n\nfn main() {\n    let candidate = amicable_numbers_sum;\n    assert_eq!(candidate(999), 504);\n    assert_eq!(candidate(9999), 31626);\n    assert_eq!(candidate(99), 0);\n}\n",
      "timestamp": 1665517254,
      "stdout": "",
      "stderr": "error[E0425]: cannot find function `sum_of_divisors` in this scope\n --> /tmp/tmpbklirzsq.rs:5:17\n  |\n5 |         let a = sum_of_divisors(i);\n  |                 ^^^^^^^^^^^^^^^ not found in this scope\n\nerror[E0425]: cannot find function `sum_of_divisors` in this scope\n --> /tmp/tmpbklirzsq.rs:6:21\n  |\n6 |         if a > i && sum_of_divisors(a) == i {\n  |                     ^^^^^^^^^^^^^^^ not found in this scope\n\nerror: aborting due to 2 previous errors\n\nFor more information about this error, try `rustc --explain E0425`.\n",
      "exit_code": 1,
      "status": "SyntaxError"
    },
    {
      "program": "/// Write a function to sum all amicable numbers from 1 to a specified number.\nfn amicable_numbers_sum(limit: isize) -> isize {\n    let mut sum = 0;\n    for i in 1..limit {\n        let a = sum_proper_divisors(i);\n        let b = sum_proper_divisors(a);\n        if i == b && i != a {\n            sum += i;\n        }\n    }\n    sum\n}\n\nfn main() {\n    let candidate = amicable_numbers_sum;\n    assert_eq!(candidate(999), 504);\n    assert_eq!(candidate(9999), 31626);\n    assert_eq!(candidate(99), 0);\n}\n",
      "timestamp": 1665517254,
      "stdout": "",
      "stderr": "error[E0425]: cannot find function `sum_proper_divisors` in this scope\n --> /tmp/tmp64uga_pc.rs:5:17\n  |\n5 |         let a = sum_proper_divisors(i);\n  |                 ^^^^^^^^^^^^^^^^^^^ not found in this scope\n\nerror[E0425]: cannot find function `sum_proper_divisors` in this scope\n --> /tmp/tmp64uga_pc.rs:6:17\n  |\n6 |         let b = sum_proper_divisors(a);\n  |                 ^^^^^^^^^^^^^^^^^^^ not found in this scope\n\nerror: aborting due to 2 previous errors\n\nFor more information about this error, try `rustc --explain E0425`.\n",
      "exit_code": 1,
      "status": "SyntaxError"
    },
    {
      "program": "/// Write a function to sum all amicable numbers from 1 to a specified number.\nfn amicable_numbers_sum(limit: isize) -> isize {\n    let mut sum = 0;\n    for i in 1..limit {\n        let a = sum_of_divisors(i);\n        if a > i && sum_of_divisors(a) == i {\n            sum += i + a;\n        }\n    }\n    sum\n}\n\nfn main() {\n    let candidate = amicable_numbers_sum;\n    assert_eq!(candidate(999), 504);\n    assert_eq!(candidate(9999), 31626);\n    assert_eq!(candidate(99), 0);\n}\n",
      "timestamp": 1665517254,
      "stdout": "",
      "stderr": "error[E0425]: cannot find function `sum_of_divisors` in this scope\n --> /tmp/tmpbklirzsq.rs:5:17\n  |\n5 |         let a = sum_of_divisors(i);\n  |                 ^^^^^^^^^^^^^^^ not found in this scope\n\nerror[E0425]: cannot find function `sum_of_divisors` in this scope\n --> /tmp/tmpbklirzsq.rs:6:21\n  |\n6 |         if a > i && sum_of_divisors(a) == i {\n  |                     ^^^^^^^^^^^^^^^ not found in this scope\n\nerror: aborting due to 2 previous errors\n\nFor more information about this error, try `rustc --explain E0425`.\n",
      "exit_code": 1,
      "status": "SyntaxError"
    },
    {
      "program": "/// Write a function to sum all amicable numbers from 1 to a specified number.\nfn amicable_numbers_sum(limit: isize) -> isize {\n    let mut sum = 0;\n    for i in 1..limit {\n        let j = sum_of_divisors(i);\n        if i != j && sum_of_divisors(j) == i {\n            sum += i;\n        }\n    }\n    sum\n}\n\nfn main() {\n    let candidate = amicable_numbers_sum;\n    assert_eq!(candidate(999), 504);\n    assert_eq!(candidate(9999), 31626);\n    assert_eq!(candidate(99), 0);\n}\n",
      "timestamp": 1665517254,
      "stdout": "",
      "stderr": "error[E0425]: cannot find function `sum_of_divisors` in this scope\n --> /tmp/tmpp9vtgvb3.rs:5:17\n  |\n5 |         let j = sum_of_divisors(i);\n  |                 ^^^^^^^^^^^^^^^ not found in this scope\n\nerror[E0425]: cannot find function `sum_of_divisors` in this scope\n --> /tmp/tmpp9vtgvb3.rs:6:22\n  |\n6 |         if i != j && sum_of_divisors(j) == i {\n  |                      ^^^^^^^^^^^^^^^ not found in this scope\n\nerror: aborting due to 2 previous errors\n\nFor more information about this error, try `rustc --explain E0425`.\n",
      "exit_code": 1,
      "status": "SyntaxError"
    },
    {
      "program": "/// Write a function to sum all amicable numbers from 1 to a specified number.\nfn amicable_numbers_sum(limit: isize) -> isize {\n    let mut sum = 0;\n    for i in 1..limit {\n        let a = sum_of_divisors(i);\n        if a > i && sum_of_divisors(a) == i {\n            sum += i + a;\n        }\n    }\n    sum\n}\n\nfn main() {\n    let candidate = amicable_numbers_sum;\n    assert_eq!(candidate(999), 504);\n    assert_eq!(candidate(9999), 31626);\n    assert_eq!(candidate(99), 0);\n}\n",
      "timestamp": 1665517254,
      "stdout": "",
      "stderr": "error[E0425]: cannot find function `sum_of_divisors` in this scope\n --> /tmp/tmpbklirzsq.rs:5:17\n  |\n5 |         let a = sum_of_divisors(i);\n  |                 ^^^^^^^^^^^^^^^ not found in this scope\n\nerror[E0425]: cannot find function `sum_of_divisors` in this scope\n --> /tmp/tmpbklirzsq.rs:6:21\n  |\n6 |         if a > i && sum_of_divisors(a) == i {\n  |                     ^^^^^^^^^^^^^^^ not found in this scope\n\nerror: aborting due to 2 previous errors\n\nFor more information about this error, try `rustc --explain E0425`.\n",
      "exit_code": 1,
      "status": "SyntaxError"
    },
    {
      "program": "/// Write a function to sum all amicable numbers from 1 to a specified number.\nfn amicable_numbers_sum(limit: isize) -> isize {\n    let mut sum = 0;\n    for i in 1..limit {\n        let j = divisors_sum(i);\n        if i == divisors_sum(j) && i != j {\n            sum += i;\n        }\n    }\n    sum\n}\n\nfn main() {\n    let candidate = amicable_numbers_sum;\n    assert_eq!(candidate(999), 504);\n    assert_eq!(candidate(9999), 31626);\n    assert_eq!(candidate(99), 0);\n}\n",
      "timestamp": 1666122693,
      "stdout": "",
      "stderr": "error[E0425]: cannot find function `divisors_sum` in this scope\n --> /tmp/tmpui6ydkr4.rs:5:17\n  |\n5 |         let j = divisors_sum(i);\n  |                 ^^^^^^^^^^^^ not found in this scope\n\nerror[E0425]: cannot find function `divisors_sum` in this scope\n --> /tmp/tmpui6ydkr4.rs:6:17\n  |\n6 |         if i == divisors_sum(j) && i != j {\n  |                 ^^^^^^^^^^^^ not found in this scope\n\nerror: aborting due to 2 previous errors\n\nFor more information about this error, try `rustc --explain E0425`.\n",
      "exit_code": 1,
      "status": "SyntaxError"
    },
    {
      "program": "/// Write a function to sum all amicable numbers from 1 to a specified number.\nfn amicable_numbers_sum(limit: isize) -> isize {\n    let mut sum = 0;\n    for a in 1..limit {\n        let b = sum_divisors(a);\n        if b != a && sum_divisors(b) == a {\n            sum += a;\n        }\n    }\n    sum\n}\n\nfn main() {\n    let candidate = amicable_numbers_sum;\n    assert_eq!(candidate(999), 504);\n    assert_eq!(candidate(9999), 31626);\n    assert_eq!(candidate(99), 0);\n}\n",
      "timestamp": 1666122693,
      "stdout": "",
      "stderr": "error[E0425]: cannot find function `sum_divisors` in this scope\n --> /tmp/tmpmzqp5lvc.rs:5:17\n  |\n5 |         let b = sum_divisors(a);\n  |                 ^^^^^^^^^^^^ not found in this scope\n\nerror[E0425]: cannot find function `sum_divisors` in this scope\n --> /tmp/tmpmzqp5lvc.rs:6:22\n  |\n6 |         if b != a && sum_divisors(b) == a {\n  |                      ^^^^^^^^^^^^ not found in this scope\n\nerror: aborting due to 2 previous errors\n\nFor more information about this error, try `rustc --explain E0425`.\n",
      "exit_code": 1,
      "status": "SyntaxError"
    },
    {
      "program": "/// Write a function to sum all amicable numbers from 1 to a specified number.\nfn amicable_numbers_sum(limit: isize) -> isize {\n    let mut sum = 0;\n    for i in 1..limit {\n        let j = sum_of_divisors(i);\n        if i == sum_of_divisors(j) && i != j {\n            sum += i;\n        }\n    }\n    sum\n}\n\nfn main() {\n    let candidate = amicable_numbers_sum;\n    assert_eq!(candidate(999), 504);\n    assert_eq!(candidate(9999), 31626);\n    assert_eq!(candidate(99), 0);\n}\n",
      "timestamp": 1666122693,
      "stdout": "",
      "stderr": "error[E0425]: cannot find function `sum_of_divisors` in this scope\n --> /tmp/tmpd8dsh9w2.rs:5:17\n  |\n5 |         let j = sum_of_divisors(i);\n  |                 ^^^^^^^^^^^^^^^ not found in this scope\n\nerror[E0425]: cannot find function `sum_of_divisors` in this scope\n --> /tmp/tmpd8dsh9w2.rs:6:17\n  |\n6 |         if i == sum_of_divisors(j) && i != j {\n  |                 ^^^^^^^^^^^^^^^ not found in this scope\n\nerror: aborting due to 2 previous errors\n\nFor more information about this error, try `rustc --explain E0425`.\n",
      "exit_code": 1,
      "status": "SyntaxError"
    },
    {
      "program": "/// Write a function to sum all amicable numbers from 1 to a specified number.\nfn amicable_numbers_sum(limit: isize) -> isize {\n    let mut sum = 0;\n    for i in 1..limit {\n        let a = sum_of_divisors(i);\n        if a > i && sum_of_divisors(a) == i {\n            sum += i + a;\n        }\n    }\n    sum\n}\n\nfn main() {\n    let candidate = amicable_numbers_sum;\n    assert_eq!(candidate(999), 504);\n    assert_eq!(candidate(9999), 31626);\n    assert_eq!(candidate(99), 0);\n}\n",
      "timestamp": 1665517254,
      "stdout": "",
      "stderr": "error[E0425]: cannot find function `sum_of_divisors` in this scope\n --> /tmp/tmpbklirzsq.rs:5:17\n  |\n5 |         let a = sum_of_divisors(i);\n  |                 ^^^^^^^^^^^^^^^ not found in this scope\n\nerror[E0425]: cannot find function `sum_of_divisors` in this scope\n --> /tmp/tmpbklirzsq.rs:6:21\n  |\n6 |         if a > i && sum_of_divisors(a) == i {\n  |                     ^^^^^^^^^^^^^^^ not found in this scope\n\nerror: aborting due to 2 previous errors\n\nFor more information about this error, try `rustc --explain E0425`.\n",
      "exit_code": 1,
      "status": "SyntaxError"
    },
    {
      "program": "/// Write a function to sum all amicable numbers from 1 to a specified number.\nfn amicable_numbers_sum(limit: isize) -> isize {\n    let mut sum = 0;\n    for i in 1..limit {\n        let a = sum_of_divisors(i);\n        if a > i && sum_of_divisors(a) == i {\n            sum += i + a;\n        }\n    }\n    sum\n}\n\nfn main() {\n    let candidate = amicable_numbers_sum;\n    assert_eq!(candidate(999), 504);\n    assert_eq!(candidate(9999), 31626);\n    assert_eq!(candidate(99), 0);\n}\n",
      "timestamp": 1665517254,
      "stdout": "",
      "stderr": "error[E0425]: cannot find function `sum_of_divisors` in this scope\n --> /tmp/tmpbklirzsq.rs:5:17\n  |\n5 |         let a = sum_of_divisors(i);\n  |                 ^^^^^^^^^^^^^^^ not found in this scope\n\nerror[E0425]: cannot find function `sum_of_divisors` in this scope\n --> /tmp/tmpbklirzsq.rs:6:21\n  |\n6 |         if a > i && sum_of_divisors(a) == i {\n  |                     ^^^^^^^^^^^^^^^ not found in this scope\n\nerror: aborting due to 2 previous errors\n\nFor more information about this error, try `rustc --explain E0425`.\n",
      "exit_code": 1,
      "status": "SyntaxError"
    },
    {
      "program": "/// Write a function to sum all amicable numbers from 1 to a specified number.\nfn amicable_numbers_sum(limit: isize) -> isize {\n    let mut sum = 0;\n    for i in 1..limit {\n        let a = sum_of_divisors(i);\n        if a > i && sum_of_divisors(a) == i {\n            sum += a + i;\n        }\n    }\n    sum\n}\n\nfn main() {\n    let candidate = amicable_numbers_sum;\n    assert_eq!(candidate(999), 504);\n    assert_eq!(candidate(9999), 31626);\n    assert_eq!(candidate(99), 0);\n}\n",
      "timestamp": 1665517254,
      "stdout": "",
      "stderr": "error[E0425]: cannot find function `sum_of_divisors` in this scope\n --> /tmp/tmp6pu2i3_1.rs:5:17\n  |\n5 |         let a = sum_of_divisors(i);\n  |                 ^^^^^^^^^^^^^^^ not found in this scope\n\nerror[E0425]: cannot find function `sum_of_divisors` in this scope\n --> /tmp/tmp6pu2i3_1.rs:6:21\n  |\n6 |         if a > i && sum_of_divisors(a) == i {\n  |                     ^^^^^^^^^^^^^^^ not found in this scope\n\nerror: aborting due to 2 previous errors\n\nFor more information about this error, try `rustc --explain E0425`.\n",
      "exit_code": 1,
      "status": "SyntaxError"
    },
    {
      "program": "/// Write a function to sum all amicable numbers from 1 to a specified number.\nfn amicable_numbers_sum(limit: isize) -> isize {\n    let mut sum = 0;\n    for i in 1..limit {\n        let a = sum_proper_divisors(i);\n        let b = sum_proper_divisors(a);\n        if i == b && i != a {\n            sum += i;\n        }\n    }\n    sum\n}\n\nfn main() {\n    let candidate = amicable_numbers_sum;\n    assert_eq!(candidate(999), 504);\n    assert_eq!(candidate(9999), 31626);\n    assert_eq!(candidate(99), 0);\n}\n",
      "timestamp": 1665517254,
      "stdout": "",
      "stderr": "error[E0425]: cannot find function `sum_proper_divisors` in this scope\n --> /tmp/tmp64uga_pc.rs:5:17\n  |\n5 |         let a = sum_proper_divisors(i);\n  |                 ^^^^^^^^^^^^^^^^^^^ not found in this scope\n\nerror[E0425]: cannot find function `sum_proper_divisors` in this scope\n --> /tmp/tmp64uga_pc.rs:6:17\n  |\n6 |         let b = sum_proper_divisors(a);\n  |                 ^^^^^^^^^^^^^^^^^^^ not found in this scope\n\nerror: aborting due to 2 previous errors\n\nFor more information about this error, try `rustc --explain E0425`.\n",
      "exit_code": 1,
      "status": "SyntaxError"
    },
    {
      "program": "/// Write a function to sum all amicable numbers from 1 to a specified number.\nfn amicable_numbers_sum(limit: isize) -> isize {\n    let mut sum = 0;\n    for i in 1..limit {\n        let a = sum_of_proper_divisors(i);\n        if a != i && sum_of_proper_divisors(a) == i {\n            sum += i;\n        }\n    }\n    sum\n}\n\nfn main() {\n    let candidate = amicable_numbers_sum;\n    assert_eq!(candidate(999), 504);\n    assert_eq!(candidate(9999), 31626);\n    assert_eq!(candidate(99), 0);\n}\n",
      "timestamp": 1666122693,
      "stdout": "",
      "stderr": "error[E0425]: cannot find function `sum_of_proper_divisors` in this scope\n --> /tmp/tmpykw08k5y.rs:5:17\n  |\n5 |         let a = sum_of_proper_divisors(i);\n  |                 ^^^^^^^^^^^^^^^^^^^^^^ not found in this scope\n\nerror[E0425]: cannot find function `sum_of_proper_divisors` in this scope\n --> /tmp/tmpykw08k5y.rs:6:22\n  |\n6 |         if a != i && sum_of_proper_divisors(a) == i {\n  |                      ^^^^^^^^^^^^^^^^^^^^^^ not found in this scope\n\nerror: aborting due to 2 previous errors\n\nFor more information about this error, try `rustc --explain E0425`.\n",
      "exit_code": 1,
      "status": "SyntaxError"
    },
    {
      "program": "/// Write a function to sum all amicable numbers from 1 to a specified number.\nfn amicable_numbers_sum(limit: isize) -> isize {\n    let mut sum = 0;\n    for i in 1..limit {\n        let a = sum_of_divisors(i);\n        let b = sum_of_divisors(a);\n        if i == b && i != a {\n            sum += i;\n        }\n    }\n    sum\n}\n\nfn main() {\n    let candidate = amicable_numbers_sum;\n    assert_eq!(candidate(999), 504);\n    assert_eq!(candidate(9999), 31626);\n    assert_eq!(candidate(99), 0);\n}\n",
      "timestamp": 1665517254,
      "stdout": "",
      "stderr": "error[E0425]: cannot find function `sum_of_divisors` in this scope\n --> /tmp/tmpfwi6hjuj.rs:5:17\n  |\n5 |         let a = sum_of_divisors(i);\n  |                 ^^^^^^^^^^^^^^^ not found in this scope\n\nerror[E0425]: cannot find function `sum_of_divisors` in this scope\n --> /tmp/tmpfwi6hjuj.rs:6:17\n  |\n6 |         let b = sum_of_divisors(a);\n  |                 ^^^^^^^^^^^^^^^ not found in this scope\n\nerror: aborting due to 2 previous errors\n\nFor more information about this error, try `rustc --explain E0425`.\n",
      "exit_code": 1,
      "status": "SyntaxError"
    },
    {
      "program": "/// Write a function to sum all amicable numbers from 1 to a specified number.\nfn amicable_numbers_sum(limit: isize) -> isize {\n    let mut sum = 0;\n    for i in 1..limit {\n        let a = sum_proper_divisors(i);\n        if a > i && sum_proper_divisors(a) == i {\n            sum += i + a;\n        }\n    }\n    sum\n}\n\nfn main() {\n    let candidate = amicable_numbers_sum;\n    assert_eq!(candidate(999), 504);\n    assert_eq!(candidate(9999), 31626);\n    assert_eq!(candidate(99), 0);\n}\n",
      "timestamp": 1665517254,
      "stdout": "",
      "stderr": "error[E0425]: cannot find function `sum_proper_divisors` in this scope\n --> /tmp/tmpy8ne8g7e.rs:5:17\n  |\n5 |         let a = sum_proper_divisors(i);\n  |                 ^^^^^^^^^^^^^^^^^^^ not found in this scope\n\nerror[E0425]: cannot find function `sum_proper_divisors` in this scope\n --> /tmp/tmpy8ne8g7e.rs:6:21\n  |\n6 |         if a > i && sum_proper_divisors(a) == i {\n  |                     ^^^^^^^^^^^^^^^^^^^ not found in this scope\n\nerror: aborting due to 2 previous errors\n\nFor more information about this error, try `rustc --explain E0425`.\n",
      "exit_code": 1,
      "status": "SyntaxError"
    },
    {
      "program": "/// Write a function to sum all amicable numbers from 1 to a specified number.\nfn amicable_numbers_sum(limit: isize) -> isize {\n    let mut sum = 0;\n    for i in 1..limit {\n        let a = sum_proper_divisors(i);\n        if a != i && sum_proper_divisors(a) == i {\n            sum += i;\n        }\n    }\n    sum\n}\n\nfn main() {\n    let candidate = amicable_numbers_sum;\n    assert_eq!(candidate(999), 504);\n    assert_eq!(candidate(9999), 31626);\n    assert_eq!(candidate(99), 0);\n}\n",
      "timestamp": 1666122693,
      "stdout": "",
      "stderr": "error[E0425]: cannot find function `sum_proper_divisors` in this scope\n --> /tmp/tmp7vke6f13.rs:5:17\n  |\n5 |         let a = sum_proper_divisors(i);\n  |                 ^^^^^^^^^^^^^^^^^^^ not found in this scope\n\nerror[E0425]: cannot find function `sum_proper_divisors` in this scope\n --> /tmp/tmp7vke6f13.rs:6:22\n  |\n6 |         if a != i && sum_proper_divisors(a) == i {\n  |                      ^^^^^^^^^^^^^^^^^^^ not found in this scope\n\nerror: aborting due to 2 previous errors\n\nFor more information about this error, try `rustc --explain E0425`.\n",
      "exit_code": 1,
      "status": "SyntaxError"
    },
    {
      "program": "/// Write a function to sum all amicable numbers from 1 to a specified number.\nfn amicable_numbers_sum(limit: isize) -> isize {\n    let mut sum = 0;\n    for i in 1..limit {\n        let a = sum_divisors(i);\n        if a > i && sum_divisors(a) == i {\n            sum += i + a;\n        }\n    }\n    sum\n}\n\nfn main() {\n    let candidate = amicable_numbers_sum;\n    assert_eq!(candidate(999), 504);\n    assert_eq!(candidate(9999), 31626);\n    assert_eq!(candidate(99), 0);\n}\n",
      "timestamp": 1666122693,
      "stdout": "",
      "stderr": "error[E0425]: cannot find function `sum_divisors` in this scope\n --> /tmp/tmpnpyar0wq.rs:5:17\n  |\n5 |         let a = sum_divisors(i);\n  |                 ^^^^^^^^^^^^ not found in this scope\n\nerror[E0425]: cannot find function `sum_divisors` in this scope\n --> /tmp/tmpnpyar0wq.rs:6:21\n  |\n6 |         if a > i && sum_divisors(a) == i {\n  |                     ^^^^^^^^^^^^ not found in this scope\n\nerror: aborting due to 2 previous errors\n\nFor more information about this error, try `rustc --explain E0425`.\n",
      "exit_code": 1,
      "status": "SyntaxError"
    },
    {
      "program": "/// Write a function to sum all amicable numbers from 1 to a specified number.\nfn amicable_numbers_sum(limit: isize) -> isize {\n    let mut sum = 0;\n    for i in 1..limit {\n        let a = sum_proper_divisors(i);\n        let b = sum_proper_divisors(a);\n        if i == b && a != b {\n            sum += i;\n        }\n    }\n    sum\n}\n\nfn main() {\n    let candidate = amicable_numbers_sum;\n    assert_eq!(candidate(999), 504);\n    assert_eq!(candidate(9999), 31626);\n    assert_eq!(candidate(99), 0);\n}\n",
      "timestamp": 1666122693,
      "stdout": "",
      "stderr": "error[E0425]: cannot find function `sum_proper_divisors` in this scope\n --> /tmp/tmp0yy2lclf.rs:5:17\n  |\n5 |         let a = sum_proper_divisors(i);\n  |                 ^^^^^^^^^^^^^^^^^^^ not found in this scope\n\nerror[E0425]: cannot find function `sum_proper_divisors` in this scope\n --> /tmp/tmp0yy2lclf.rs:6:17\n  |\n6 |         let b = sum_proper_divisors(a);\n  |                 ^^^^^^^^^^^^^^^^^^^ not found in this scope\n\nerror: aborting due to 2 previous errors\n\nFor more information about this error, try `rustc --explain E0425`.\n",
      "exit_code": 1,
      "status": "SyntaxError"
    },
    {
      "program": "/// Write a function to sum all amicable numbers from 1 to a specified number.\nfn amicable_numbers_sum(limit: isize) -> isize {\n    let mut sum = 0;\n    for i in 1..limit {\n        let a = sum_of_divisors(i);\n        if a > i && sum_of_divisors(a) == i {\n            sum += a + i;\n        }\n    }\n    sum\n}\n\nfn main() {\n    let candidate = amicable_numbers_sum;\n    assert_eq!(candidate(999), 504);\n    assert_eq!(candidate(9999), 31626);\n    assert_eq!(candidate(99), 0);\n}\n",
      "timestamp": 1665517254,
      "stdout": "",
      "stderr": "error[E0425]: cannot find function `sum_of_divisors` in this scope\n --> /tmp/tmp6pu2i3_1.rs:5:17\n  |\n5 |         let a = sum_of_divisors(i);\n  |                 ^^^^^^^^^^^^^^^ not found in this scope\n\nerror[E0425]: cannot find function `sum_of_divisors` in this scope\n --> /tmp/tmp6pu2i3_1.rs:6:21\n  |\n6 |         if a > i && sum_of_divisors(a) == i {\n  |                     ^^^^^^^^^^^^^^^ not found in this scope\n\nerror: aborting due to 2 previous errors\n\nFor more information about this error, try `rustc --explain E0425`.\n",
      "exit_code": 1,
      "status": "SyntaxError"
    },
    {
      "program": "/// Write a function to sum all amicable numbers from 1 to a specified number.\nfn amicable_numbers_sum(limit: isize) -> isize {\n    let mut sum = 0;\n    for i in 1..limit {\n        let a = sum_of_divisors(i);\n        let b = sum_of_divisors(a);\n        if i == b && i != a {\n            sum += i;\n        }\n    }\n    sum\n}\n\nfn main() {\n    let candidate = amicable_numbers_sum;\n    assert_eq!(candidate(999), 504);\n    assert_eq!(candidate(9999), 31626);\n    assert_eq!(candidate(99), 0);\n}\n",
      "timestamp": 1665517254,
      "stdout": "",
      "stderr": "error[E0425]: cannot find function `sum_of_divisors` in this scope\n --> /tmp/tmpfwi6hjuj.rs:5:17\n  |\n5 |         let a = sum_of_divisors(i);\n  |                 ^^^^^^^^^^^^^^^ not found in this scope\n\nerror[E0425]: cannot find function `sum_of_divisors` in this scope\n --> /tmp/tmpfwi6hjuj.rs:6:17\n  |\n6 |         let b = sum_of_divisors(a);\n  |                 ^^^^^^^^^^^^^^^ not found in this scope\n\nerror: aborting due to 2 previous errors\n\nFor more information about this error, try `rustc --explain E0425`.\n",
      "exit_code": 1,
      "status": "SyntaxError"
    },
    {
      "program": "/// Write a function to sum all amicable numbers from 1 to a specified number.\nfn amicable_numbers_sum(limit: isize) -> isize {\n    let mut sum = 0;\n    for i in 1..limit {\n        let a = sum_proper_divisors(i);\n        if a != i && sum_proper_divisors(a) == i {\n            sum += i;\n        }\n    }\n    sum\n}\n\nfn main() {\n    let candidate = amicable_numbers_sum;\n    assert_eq!(candidate(999), 504);\n    assert_eq!(candidate(9999), 31626);\n    assert_eq!(candidate(99), 0);\n}\n",
      "timestamp": 1666122693,
      "stdout": "",
      "stderr": "error[E0425]: cannot find function `sum_proper_divisors` in this scope\n --> /tmp/tmp7vke6f13.rs:5:17\n  |\n5 |         let a = sum_proper_divisors(i);\n  |                 ^^^^^^^^^^^^^^^^^^^ not found in this scope\n\nerror[E0425]: cannot find function `sum_proper_divisors` in this scope\n --> /tmp/tmp7vke6f13.rs:6:22\n  |\n6 |         if a != i && sum_proper_divisors(a) == i {\n  |                      ^^^^^^^^^^^^^^^^^^^ not found in this scope\n\nerror: aborting due to 2 previous errors\n\nFor more information about this error, try `rustc --explain E0425`.\n",
      "exit_code": 1,
      "status": "SyntaxError"
    },
    {
      "program": "/// Write a function to sum all amicable numbers from 1 to a specified number.\nfn amicable_numbers_sum(limit: isize) -> isize {\n    let mut sum = 0;\n    for i in 1..limit {\n        let a = sum_of_divisors(i);\n        if a > i && sum_of_divisors(a) == i {\n            sum += i + a;\n        }\n    }\n    sum\n}\n\nfn main() {\n    let candidate = amicable_numbers_sum;\n    assert_eq!(candidate(999), 504);\n    assert_eq!(candidate(9999), 31626);\n    assert_eq!(candidate(99), 0);\n}\n",
      "timestamp": 1665517254,
      "stdout": "",
      "stderr": "error[E0425]: cannot find function `sum_of_divisors` in this scope\n --> /tmp/tmpbklirzsq.rs:5:17\n  |\n5 |         let a = sum_of_divisors(i);\n  |                 ^^^^^^^^^^^^^^^ not found in this scope\n\nerror[E0425]: cannot find function `sum_of_divisors` in this scope\n --> /tmp/tmpbklirzsq.rs:6:21\n  |\n6 |         if a > i && sum_of_divisors(a) == i {\n  |                     ^^^^^^^^^^^^^^^ not found in this scope\n\nerror: aborting due to 2 previous errors\n\nFor more information about this error, try `rustc --explain E0425`.\n",
      "exit_code": 1,
      "status": "SyntaxError"
    },
    {
      "program": "/// Write a function to sum all amicable numbers from 1 to a specified number.\nfn amicable_numbers_sum(limit: isize) -> isize {\n    let mut sum = 0;\n    for i in 1..limit {\n        let a = sum_of_divisors(i);\n        if a > i && sum_of_divisors(a) == i {\n            sum += i + a;\n        }\n    }\n    sum\n}\n\nfn main() {\n    let candidate = amicable_numbers_sum;\n    assert_eq!(candidate(999), 504);\n    assert_eq!(candidate(9999), 31626);\n    assert_eq!(candidate(99), 0);\n}\n",
      "timestamp": 1665517254,
      "stdout": "",
      "stderr": "error[E0425]: cannot find function `sum_of_divisors` in this scope\n --> /tmp/tmpbklirzsq.rs:5:17\n  |\n5 |         let a = sum_of_divisors(i);\n  |                 ^^^^^^^^^^^^^^^ not found in this scope\n\nerror[E0425]: cannot find function `sum_of_divisors` in this scope\n --> /tmp/tmpbklirzsq.rs:6:21\n  |\n6 |         if a > i && sum_of_divisors(a) == i {\n  |                     ^^^^^^^^^^^^^^^ not found in this scope\n\nerror: aborting due to 2 previous errors\n\nFor more information about this error, try `rustc --explain E0425`.\n",
      "exit_code": 1,
      "status": "SyntaxError"
    },
    {
      "program": "/// Write a function to sum all amicable numbers from 1 to a specified number.\nfn amicable_numbers_sum(limit: isize) -> isize {\n    let mut sum = 0;\n    for i in 1..limit {\n        let a = sum_proper_divisors(i);\n        if a > i && sum_proper_divisors(a) == i {\n            sum += i + a;\n        }\n    }\n    sum\n}\n\nfn main() {\n    let candidate = amicable_numbers_sum;\n    assert_eq!(candidate(999), 504);\n    assert_eq!(candidate(9999), 31626);\n    assert_eq!(candidate(99), 0);\n}\n",
      "timestamp": 1665517254,
      "stdout": "",
      "stderr": "error[E0425]: cannot find function `sum_proper_divisors` in this scope\n --> /tmp/tmpy8ne8g7e.rs:5:17\n  |\n5 |         let a = sum_proper_divisors(i);\n  |                 ^^^^^^^^^^^^^^^^^^^ not found in this scope\n\nerror[E0425]: cannot find function `sum_proper_divisors` in this scope\n --> /tmp/tmpy8ne8g7e.rs:6:21\n  |\n6 |         if a > i && sum_proper_divisors(a) == i {\n  |                     ^^^^^^^^^^^^^^^^^^^ not found in this scope\n\nerror: aborting due to 2 previous errors\n\nFor more information about this error, try `rustc --explain E0425`.\n",
      "exit_code": 1,
      "status": "SyntaxError"
    },
    {
      "program": "/// Write a function to sum all amicable numbers from 1 to a specified number.\nfn amicable_numbers_sum(limit: isize) -> isize {\n    let mut sum = 0;\n    for i in 1..limit {\n        let a = sum_of_divisors(i);\n        if a > i && sum_of_divisors(a) == i {\n            sum += a + i;\n        }\n    }\n    sum\n}\n\nfn main() {\n    let candidate = amicable_numbers_sum;\n    assert_eq!(candidate(999), 504);\n    assert_eq!(candidate(9999), 31626);\n    assert_eq!(candidate(99), 0);\n}\n",
      "timestamp": 1665517254,
      "stdout": "",
      "stderr": "error[E0425]: cannot find function `sum_of_divisors` in this scope\n --> /tmp/tmp6pu2i3_1.rs:5:17\n  |\n5 |         let a = sum_of_divisors(i);\n  |                 ^^^^^^^^^^^^^^^ not found in this scope\n\nerror[E0425]: cannot find function `sum_of_divisors` in this scope\n --> /tmp/tmp6pu2i3_1.rs:6:21\n  |\n6 |         if a > i && sum_of_divisors(a) == i {\n  |                     ^^^^^^^^^^^^^^^ not found in this scope\n\nerror: aborting due to 2 previous errors\n\nFor more information about this error, try `rustc --explain E0425`.\n",
      "exit_code": 1,
      "status": "SyntaxError"
    },
    {
      "program": "/// Write a function to sum all amicable numbers from 1 to a specified number.\nfn amicable_numbers_sum(limit: isize) -> isize {\n    let mut sum = 0;\n    for i in 1..limit {\n        let a = sum_divisors(i);\n        if a > i && sum_divisors(a) == i {\n            sum += a + i;\n        }\n    }\n    sum\n}\n\nfn main() {\n    let candidate = amicable_numbers_sum;\n    assert_eq!(candidate(999), 504);\n    assert_eq!(candidate(9999), 31626);\n    assert_eq!(candidate(99), 0);\n}\n",
      "timestamp": 1666122693,
      "stdout": "",
      "stderr": "error[E0425]: cannot find function `sum_divisors` in this scope\n --> /tmp/tmptil05q4s.rs:5:17\n  |\n5 |         let a = sum_divisors(i);\n  |                 ^^^^^^^^^^^^ not found in this scope\n\nerror[E0425]: cannot find function `sum_divisors` in this scope\n --> /tmp/tmptil05q4s.rs:6:21\n  |\n6 |         if a > i && sum_divisors(a) == i {\n  |                     ^^^^^^^^^^^^ not found in this scope\n\nerror: aborting due to 2 previous errors\n\nFor more information about this error, try `rustc --explain E0425`.\n",
      "exit_code": 1,
      "status": "SyntaxError"
    },
    {
      "program": "/// Write a function to sum all amicable numbers from 1 to a specified number.\nfn amicable_numbers_sum(limit: isize) -> isize {\n    let mut sum = 0;\n    for i in 1..limit {\n        let a = sum_of_divisors(i);\n        if a == i {\n            continue;\n        }\n        let b = sum_of_divisors(a);\n        if b == i {\n            sum += i;\n        }\n    }\n    sum\n}\n\nfn main() {\n    let candidate = amicable_numbers_sum;\n    assert_eq!(candidate(999), 504);\n    assert_eq!(candidate(9999), 31626);\n    assert_eq!(candidate(99), 0);\n}\n",
      "timestamp": 1666122693,
      "stdout": "",
      "stderr": "error[E0425]: cannot find function `sum_of_divisors` in this scope\n --> /tmp/tmpqu15k1yq.rs:5:17\n  |\n5 |         let a = sum_of_divisors(i);\n  |                 ^^^^^^^^^^^^^^^ not found in this scope\n\nerror[E0425]: cannot find function `sum_of_divisors` in this scope\n --> /tmp/tmpqu15k1yq.rs:9:17\n  |\n9 |         let b = sum_of_divisors(a);\n  |                 ^^^^^^^^^^^^^^^ not found in this scope\n\nerror: aborting due to 2 previous errors\n\nFor more information about this error, try `rustc --explain E0425`.\n",
      "exit_code": 1,
      "status": "SyntaxError"
    },
    {
      "program": "/// Write a function to sum all amicable numbers from 1 to a specified number.\nfn amicable_numbers_sum(limit: isize) -> isize {\n    let mut sum = 0;\n    for i in 1..limit {\n        let a = sum_divisors(i);\n        if a > i && sum_divisors(a) == i {\n            sum += a + i;\n        }\n    }\n    sum\n}\n\nfn main() {\n    let candidate = amicable_numbers_sum;\n    assert_eq!(candidate(999), 504);\n    assert_eq!(candidate(9999), 31626);\n    assert_eq!(candidate(99), 0);\n}\n",
      "timestamp": 1666122693,
      "stdout": "",
      "stderr": "error[E0425]: cannot find function `sum_divisors` in this scope\n --> /tmp/tmptil05q4s.rs:5:17\n  |\n5 |         let a = sum_divisors(i);\n  |                 ^^^^^^^^^^^^ not found in this scope\n\nerror[E0425]: cannot find function `sum_divisors` in this scope\n --> /tmp/tmptil05q4s.rs:6:21\n  |\n6 |         if a > i && sum_divisors(a) == i {\n  |                     ^^^^^^^^^^^^ not found in this scope\n\nerror: aborting due to 2 previous errors\n\nFor more information about this error, try `rustc --explain E0425`.\n",
      "exit_code": 1,
      "status": "SyntaxError"
    },
    {
      "program": "/// Write a function to sum all amicable numbers from 1 to a specified number.\nfn amicable_numbers_sum(limit: isize) -> isize {\n    let mut sum = 0;\n    for n in 1..limit {\n        let m = sum_divisors(n);\n        if m != n && sum_divisors(m) == n {\n            sum += n;\n        }\n    }\n    sum\n}\n\nfn main() {\n    let candidate = amicable_numbers_sum;\n    assert_eq!(candidate(999), 504);\n    assert_eq!(candidate(9999), 31626);\n    assert_eq!(candidate(99), 0);\n}\n",
      "timestamp": 1666122693,
      "stdout": "",
      "stderr": "error[E0425]: cannot find function `sum_divisors` in this scope\n --> /tmp/tmpuwa_yop9.rs:5:17\n  |\n5 |         let m = sum_divisors(n);\n  |                 ^^^^^^^^^^^^ not found in this scope\n\nerror[E0425]: cannot find function `sum_divisors` in this scope\n --> /tmp/tmpuwa_yop9.rs:6:22\n  |\n6 |         if m != n && sum_divisors(m) == n {\n  |                      ^^^^^^^^^^^^ not found in this scope\n\nerror: aborting due to 2 previous errors\n\nFor more information about this error, try `rustc --explain E0425`.\n",
      "exit_code": 1,
      "status": "SyntaxError"
    },
    {
      "program": "/// Write a function to sum all amicable numbers from 1 to a specified number.\nfn amicable_numbers_sum(limit: isize) -> isize {\n    let mut sum = 0;\n    for i in 1..limit {\n        let a = sum_divisors(i);\n        if a > i && sum_divisors(a) == i {\n            sum += i + a;\n        }\n    }\n    sum\n}\n\nfn main() {\n    let candidate = amicable_numbers_sum;\n    assert_eq!(candidate(999), 504);\n    assert_eq!(candidate(9999), 31626);\n    assert_eq!(candidate(99), 0);\n}\n",
      "timestamp": 1666122693,
      "stdout": "",
      "stderr": "error[E0425]: cannot find function `sum_divisors` in this scope\n --> /tmp/tmpnpyar0wq.rs:5:17\n  |\n5 |         let a = sum_divisors(i);\n  |                 ^^^^^^^^^^^^ not found in this scope\n\nerror[E0425]: cannot find function `sum_divisors` in this scope\n --> /tmp/tmpnpyar0wq.rs:6:21\n  |\n6 |         if a > i && sum_divisors(a) == i {\n  |                     ^^^^^^^^^^^^ not found in this scope\n\nerror: aborting due to 2 previous errors\n\nFor more information about this error, try `rustc --explain E0425`.\n",
      "exit_code": 1,
      "status": "SyntaxError"
    },
    {
      "program": "/// Write a function to sum all amicable numbers from 1 to a specified number.\nfn amicable_numbers_sum(limit: isize) -> isize {\n    let mut sum = 0;\n    for i in 1..limit {\n        let a = sum_of_divisors(i);\n        if a > i && sum_of_divisors(a) == i {\n            sum += i + a;\n        }\n    }\n    sum\n}\n\nfn main() {\n    let candidate = amicable_numbers_sum;\n    assert_eq!(candidate(999), 504);\n    assert_eq!(candidate(9999), 31626);\n    assert_eq!(candidate(99), 0);\n}\n",
      "timestamp": 1665517254,
      "stdout": "",
      "stderr": "error[E0425]: cannot find function `sum_of_divisors` in this scope\n --> /tmp/tmpbklirzsq.rs:5:17\n  |\n5 |         let a = sum_of_divisors(i);\n  |                 ^^^^^^^^^^^^^^^ not found in this scope\n\nerror[E0425]: cannot find function `sum_of_divisors` in this scope\n --> /tmp/tmpbklirzsq.rs:6:21\n  |\n6 |         if a > i && sum_of_divisors(a) == i {\n  |                     ^^^^^^^^^^^^^^^ not found in this scope\n\nerror: aborting due to 2 previous errors\n\nFor more information about this error, try `rustc --explain E0425`.\n",
      "exit_code": 1,
      "status": "SyntaxError"
    },
    {
      "program": "/// Write a function to sum all amicable numbers from 1 to a specified number.\nfn amicable_numbers_sum(limit: isize) -> isize {\n    let mut sum = 0;\n    for i in 1..limit {\n        let j = sum_proper_divisors(i);\n        if i != j && sum_proper_divisors(j) == i {\n            sum += i;\n        }\n    }\n    sum\n}\n\nfn main() {\n    let candidate = amicable_numbers_sum;\n    assert_eq!(candidate(999), 504);\n    assert_eq!(candidate(9999), 31626);\n    assert_eq!(candidate(99), 0);\n}\n",
      "timestamp": 1666122693,
      "stdout": "",
      "stderr": "error[E0425]: cannot find function `sum_proper_divisors` in this scope\n --> /tmp/tmp6zqcp8zu.rs:5:17\n  |\n5 |         let j = sum_proper_divisors(i);\n  |                 ^^^^^^^^^^^^^^^^^^^ not found in this scope\n\nerror[E0425]: cannot find function `sum_proper_divisors` in this scope\n --> /tmp/tmp6zqcp8zu.rs:6:22\n  |\n6 |         if i != j && sum_proper_divisors(j) == i {\n  |                      ^^^^^^^^^^^^^^^^^^^ not found in this scope\n\nerror: aborting due to 2 previous errors\n\nFor more information about this error, try `rustc --explain E0425`.\n",
      "exit_code": 1,
      "status": "SyntaxError"
    },
    {
      "program": "/// Write a function to sum all amicable numbers from 1 to a specified number.\nfn amicable_numbers_sum(limit: isize) -> isize {\n    let mut sum = 0;\n    for i in 1..limit {\n        let a = sum_proper_divisors(i);\n        let b = sum_proper_divisors(a);\n        if i == b && a != b {\n            sum += i;\n        }\n    }\n    sum\n}\n\nfn main() {\n    let candidate = amicable_numbers_sum;\n    assert_eq!(candidate(999), 504);\n    assert_eq!(candidate(9999), 31626);\n    assert_eq!(candidate(99), 0);\n}\n",
      "timestamp": 1666122693,
      "stdout": "",
      "stderr": "error[E0425]: cannot find function `sum_proper_divisors` in this scope\n --> /tmp/tmp0yy2lclf.rs:5:17\n  |\n5 |         let a = sum_proper_divisors(i);\n  |                 ^^^^^^^^^^^^^^^^^^^ not found in this scope\n\nerror[E0425]: cannot find function `sum_proper_divisors` in this scope\n --> /tmp/tmp0yy2lclf.rs:6:17\n  |\n6 |         let b = sum_proper_divisors(a);\n  |                 ^^^^^^^^^^^^^^^^^^^ not found in this scope\n\nerror: aborting due to 2 previous errors\n\nFor more information about this error, try `rustc --explain E0425`.\n",
      "exit_code": 1,
      "status": "SyntaxError"
    },
    {
      "program": "/// Write a function to sum all amicable numbers from 1 to a specified number.\nfn amicable_numbers_sum(limit: isize) -> isize {\n    let mut sum = 0;\n    for i in 1..limit {\n        let a = sum_of_proper_divisors(i);\n        if a != i && sum_of_proper_divisors(a) == i {\n            sum += i;\n        }\n    }\n    sum\n}\n\nfn main() {\n    let candidate = amicable_numbers_sum;\n    assert_eq!(candidate(999), 504);\n    assert_eq!(candidate(9999), 31626);\n    assert_eq!(candidate(99), 0);\n}\n",
      "timestamp": 1666122693,
      "stdout": "",
      "stderr": "error[E0425]: cannot find function `sum_of_proper_divisors` in this scope\n --> /tmp/tmpykw08k5y.rs:5:17\n  |\n5 |         let a = sum_of_proper_divisors(i);\n  |                 ^^^^^^^^^^^^^^^^^^^^^^ not found in this scope\n\nerror[E0425]: cannot find function `sum_of_proper_divisors` in this scope\n --> /tmp/tmpykw08k5y.rs:6:22\n  |\n6 |         if a != i && sum_of_proper_divisors(a) == i {\n  |                      ^^^^^^^^^^^^^^^^^^^^^^ not found in this scope\n\nerror: aborting due to 2 previous errors\n\nFor more information about this error, try `rustc --explain E0425`.\n",
      "exit_code": 1,
      "status": "SyntaxError"
    },
    {
      "program": "/// Write a function to sum all amicable numbers from 1 to a specified number.\nfn amicable_numbers_sum(limit: isize) -> isize {\n    let mut sum = 0;\n    for i in 1..limit {\n        let a = sum_of_proper_divisors(i);\n        if a > i && sum_of_proper_divisors(a) == i {\n            sum += i + a;\n        }\n    }\n    sum\n}\n\nfn main() {\n    let candidate = amicable_numbers_sum;\n    assert_eq!(candidate(999), 504);\n    assert_eq!(candidate(9999), 31626);\n    assert_eq!(candidate(99), 0);\n}\n",
      "timestamp": 1665517254,
      "stdout": "",
      "stderr": "error[E0425]: cannot find function `sum_of_proper_divisors` in this scope\n --> /tmp/tmpdk6061ll.rs:5:17\n  |\n5 |         let a = sum_of_proper_divisors(i);\n  |                 ^^^^^^^^^^^^^^^^^^^^^^ not found in this scope\n\nerror[E0425]: cannot find function `sum_of_proper_divisors` in this scope\n --> /tmp/tmpdk6061ll.rs:6:21\n  |\n6 |         if a > i && sum_of_proper_divisors(a) == i {\n  |                     ^^^^^^^^^^^^^^^^^^^^^^ not found in this scope\n\nerror: aborting due to 2 previous errors\n\nFor more information about this error, try `rustc --explain E0425`.\n",
      "exit_code": 1,
      "status": "SyntaxError"
    },
    {
      "program": "/// Write a function to sum all amicable numbers from 1 to a specified number.\nfn amicable_numbers_sum(limit: isize) -> isize {\n    let mut sum = 0;\n    for i in 1..limit {\n        let a = sum_of_divisors(i);\n        if a > i && sum_of_divisors(a) == i {\n            sum += i + a;\n        }\n    }\n    sum\n}\n\nfn main() {\n    let candidate = amicable_numbers_sum;\n    assert_eq!(candidate(999), 504);\n    assert_eq!(candidate(9999), 31626);\n    assert_eq!(candidate(99), 0);\n}\n",
      "timestamp": 1665517254,
      "stdout": "",
      "stderr": "error[E0425]: cannot find function `sum_of_divisors` in this scope\n --> /tmp/tmpbklirzsq.rs:5:17\n  |\n5 |         let a = sum_of_divisors(i);\n  |                 ^^^^^^^^^^^^^^^ not found in this scope\n\nerror[E0425]: cannot find function `sum_of_divisors` in this scope\n --> /tmp/tmpbklirzsq.rs:6:21\n  |\n6 |         if a > i && sum_of_divisors(a) == i {\n  |                     ^^^^^^^^^^^^^^^ not found in this scope\n\nerror: aborting due to 2 previous errors\n\nFor more information about this error, try `rustc --explain E0425`.\n",
      "exit_code": 1,
      "status": "SyntaxError"
    },
    {
      "program": "/// Write a function to sum all amicable numbers from 1 to a specified number.\nfn amicable_numbers_sum(limit: isize) -> isize {\n    let mut sum = 0;\n    for i in 1..limit {\n        let a = sum_of_proper_divisors(i);\n        if a > i && sum_of_proper_divisors(a) == i {\n            sum += i;\n        }\n    }\n    sum\n}\n\nfn main() {\n    let candidate = amicable_numbers_sum;\n    assert_eq!(candidate(999), 504);\n    assert_eq!(candidate(9999), 31626);\n    assert_eq!(candidate(99), 0);\n}\n",
      "timestamp": 1666122693,
      "stdout": "",
      "stderr": "error[E0425]: cannot find function `sum_of_proper_divisors` in this scope\n --> /tmp/tmppz5rk2mt.rs:5:17\n  |\n5 |         let a = sum_of_proper_divisors(i);\n  |                 ^^^^^^^^^^^^^^^^^^^^^^ not found in this scope\n\nerror[E0425]: cannot find function `sum_of_proper_divisors` in this scope\n --> /tmp/tmppz5rk2mt.rs:6:21\n  |\n6 |         if a > i && sum_of_proper_divisors(a) == i {\n  |                     ^^^^^^^^^^^^^^^^^^^^^^ not found in this scope\n\nerror: aborting due to 2 previous errors\n\nFor more information about this error, try `rustc --explain E0425`.\n",
      "exit_code": 1,
      "status": "SyntaxError"
    },
    {
      "program": "/// Write a function to sum all amicable numbers from 1 to a specified number.\nfn amicable_numbers_sum(limit: isize) -> isize {\n    let mut sum = 0;\n    for i in 1..limit {\n        let a = sum_of_divisors(i);\n        let b = sum_of_divisors(a);\n        if i == b && i != a {\n            sum += i;\n        }\n    }\n    sum\n}\n\nfn main() {\n    let candidate = amicable_numbers_sum;\n    assert_eq!(candidate(999), 504);\n    assert_eq!(candidate(9999), 31626);\n    assert_eq!(candidate(99), 0);\n}\n",
      "timestamp": 1665517254,
      "stdout": "",
      "stderr": "error[E0425]: cannot find function `sum_of_divisors` in this scope\n --> /tmp/tmpfwi6hjuj.rs:5:17\n  |\n5 |         let a = sum_of_divisors(i);\n  |                 ^^^^^^^^^^^^^^^ not found in this scope\n\nerror[E0425]: cannot find function `sum_of_divisors` in this scope\n --> /tmp/tmpfwi6hjuj.rs:6:17\n  |\n6 |         let b = sum_of_divisors(a);\n  |                 ^^^^^^^^^^^^^^^ not found in this scope\n\nerror: aborting due to 2 previous errors\n\nFor more information about this error, try `rustc --explain E0425`.\n",
      "exit_code": 1,
      "status": "SyntaxError"
    },
    {
      "program": "/// Write a function to sum all amicable numbers from 1 to a specified number.\nfn amicable_numbers_sum(limit: isize) -> isize {\n    let mut sum = 0;\n    for i in 1..limit {\n        let a = sum_of_divisors(i);\n        if a > i && sum_of_divisors(a) == i {\n            sum += i + a;\n        }\n    }\n    sum\n}\n\nfn main() {\n    let candidate = amicable_numbers_sum;\n    assert_eq!(candidate(999), 504);\n    assert_eq!(candidate(9999), 31626);\n    assert_eq!(candidate(99), 0);\n}\n",
      "timestamp": 1665517254,
      "stdout": "",
      "stderr": "error[E0425]: cannot find function `sum_of_divisors` in this scope\n --> /tmp/tmpbklirzsq.rs:5:17\n  |\n5 |         let a = sum_of_divisors(i);\n  |                 ^^^^^^^^^^^^^^^ not found in this scope\n\nerror[E0425]: cannot find function `sum_of_divisors` in this scope\n --> /tmp/tmpbklirzsq.rs:6:21\n  |\n6 |         if a > i && sum_of_divisors(a) == i {\n  |                     ^^^^^^^^^^^^^^^ not found in this scope\n\nerror: aborting due to 2 previous errors\n\nFor more information about this error, try `rustc --explain E0425`.\n",
      "exit_code": 1,
      "status": "SyntaxError"
    },
    {
      "program": "/// Write a function to sum all amicable numbers from 1 to a specified number.\nfn amicable_numbers_sum(limit: isize) -> isize {\n    let mut sum = 0;\n    for i in 1..limit {\n        let a = sum_proper_divisors(i);\n        let b = sum_proper_divisors(a);\n        if i == b && a != b {\n            sum += i;\n        }\n    }\n    sum\n}\n\nfn main() {\n    let candidate = amicable_numbers_sum;\n    assert_eq!(candidate(999), 504);\n    assert_eq!(candidate(9999), 31626);\n    assert_eq!(candidate(99), 0);\n}\n",
      "timestamp": 1666122693,
      "stdout": "",
      "stderr": "error[E0425]: cannot find function `sum_proper_divisors` in this scope\n --> /tmp/tmp0yy2lclf.rs:5:17\n  |\n5 |         let a = sum_proper_divisors(i);\n  |                 ^^^^^^^^^^^^^^^^^^^ not found in this scope\n\nerror[E0425]: cannot find function `sum_proper_divisors` in this scope\n --> /tmp/tmp0yy2lclf.rs:6:17\n  |\n6 |         let b = sum_proper_divisors(a);\n  |                 ^^^^^^^^^^^^^^^^^^^ not found in this scope\n\nerror: aborting due to 2 previous errors\n\nFor more information about this error, try `rustc --explain E0425`.\n",
      "exit_code": 1,
      "status": "SyntaxError"
    },
    {
      "program": "/// Write a function to sum all amicable numbers from 1 to a specified number.\nfn amicable_numbers_sum(limit: isize) -> isize {\n    let mut sum = 0;\n    for i in 1..limit {\n        let a = sum_of_divisors(i);\n        if a != i && sum_of_divisors(a) == i {\n            sum += i;\n        }\n    }\n    sum\n}\n\nfn main() {\n    let candidate = amicable_numbers_sum;\n    assert_eq!(candidate(999), 504);\n    assert_eq!(candidate(9999), 31626);\n    assert_eq!(candidate(99), 0);\n}\n",
      "timestamp": 1665517254,
      "stdout": "",
      "stderr": "error[E0425]: cannot find function `sum_of_divisors` in this scope\n --> /tmp/tmpbkukonmr.rs:5:17\n  |\n5 |         let a = sum_of_divisors(i);\n  |                 ^^^^^^^^^^^^^^^ not found in this scope\n\nerror[E0425]: cannot find function `sum_of_divisors` in this scope\n --> /tmp/tmpbkukonmr.rs:6:22\n  |\n6 |         if a != i && sum_of_divisors(a) == i {\n  |                      ^^^^^^^^^^^^^^^ not found in this scope\n\nerror: aborting due to 2 previous errors\n\nFor more information about this error, try `rustc --explain E0425`.\n",
      "exit_code": 1,
      "status": "SyntaxError"
    },
    {
      "program": "/// Write a function to sum all amicable numbers from 1 to a specified number.\nfn amicable_numbers_sum(limit: isize) -> isize {\n    let mut sum = 0;\n    for i in 1..limit {\n        let a = sum_of_divisors(i);\n        if a > i && sum_of_divisors(a) == i {\n            sum += i + a;\n        }\n    }\n    sum\n}\n\nfn main() {\n    let candidate = amicable_numbers_sum;\n    assert_eq!(candidate(999), 504);\n    assert_eq!(candidate(9999), 31626);\n    assert_eq!(candidate(99), 0);\n}\n",
      "timestamp": 1665517254,
      "stdout": "",
      "stderr": "error[E0425]: cannot find function `sum_of_divisors` in this scope\n --> /tmp/tmpbklirzsq.rs:5:17\n  |\n5 |         let a = sum_of_divisors(i);\n  |                 ^^^^^^^^^^^^^^^ not found in this scope\n\nerror[E0425]: cannot find function `sum_of_divisors` in this scope\n --> /tmp/tmpbklirzsq.rs:6:21\n  |\n6 |         if a > i && sum_of_divisors(a) == i {\n  |                     ^^^^^^^^^^^^^^^ not found in this scope\n\nerror: aborting due to 2 previous errors\n\nFor more information about this error, try `rustc --explain E0425`.\n",
      "exit_code": 1,
      "status": "SyntaxError"
    },
    {
      "program": "/// Write a function to sum all amicable numbers from 1 to a specified number.\nfn amicable_numbers_sum(limit: isize) -> isize {\n    let mut sum = 0;\n    for i in 1..limit {\n        let a = sum_of_divisors(i);\n        if a != i && sum_of_divisors(a) == i {\n            sum += i;\n        }\n    }\n    sum\n}\n\nfn main() {\n    let candidate = amicable_numbers_sum;\n    assert_eq!(candidate(999), 504);\n    assert_eq!(candidate(9999), 31626);\n    assert_eq!(candidate(99), 0);\n}\n",
      "timestamp": 1665517254,
      "stdout": "",
      "stderr": "error[E0425]: cannot find function `sum_of_divisors` in this scope\n --> /tmp/tmpbkukonmr.rs:5:17\n  |\n5 |         let a = sum_of_divisors(i);\n  |                 ^^^^^^^^^^^^^^^ not found in this scope\n\nerror[E0425]: cannot find function `sum_of_divisors` in this scope\n --> /tmp/tmpbkukonmr.rs:6:22\n  |\n6 |         if a != i && sum_of_divisors(a) == i {\n  |                      ^^^^^^^^^^^^^^^ not found in this scope\n\nerror: aborting due to 2 previous errors\n\nFor more information about this error, try `rustc --explain E0425`.\n",
      "exit_code": 1,
      "status": "SyntaxError"
    },
    {
      "program": "/// Write a function to sum all amicable numbers from 1 to a specified number.\nfn amicable_numbers_sum(limit: isize) -> isize {\n    let mut sum = 0;\n    for i in 1..limit {\n        let j = sum_of_divisors(i);\n        if j > i && sum_of_divisors(j) == i {\n            sum += i + j;\n        }\n    }\n    sum\n}\n\nfn main() {\n    let candidate = amicable_numbers_sum;\n    assert_eq!(candidate(999), 504);\n    assert_eq!(candidate(9999), 31626);\n    assert_eq!(candidate(99), 0);\n}\n",
      "timestamp": 1666122693,
      "stdout": "",
      "stderr": "error[E0425]: cannot find function `sum_of_divisors` in this scope\n --> /tmp/tmpue576adg.rs:5:17\n  |\n5 |         let j = sum_of_divisors(i);\n  |                 ^^^^^^^^^^^^^^^ not found in this scope\n\nerror[E0425]: cannot find function `sum_of_divisors` in this scope\n --> /tmp/tmpue576adg.rs:6:21\n  |\n6 |         if j > i && sum_of_divisors(j) == i {\n  |                     ^^^^^^^^^^^^^^^ not found in this scope\n\nerror: aborting due to 2 previous errors\n\nFor more information about this error, try `rustc --explain E0425`.\n",
      "exit_code": 1,
      "status": "SyntaxError"
    },
    {
      "program": "/// Write a function to sum all amicable numbers from 1 to a specified number.\nfn amicable_numbers_sum(limit: isize) -> isize {\n    let mut sum = 0;\n    for i in 1..limit {\n        let a = sum_divisors(i);\n        if a > i && a < limit && sum_divisors(a) == i {\n            sum += i + a;\n        }\n    }\n    sum\n}\n\nfn main() {\n    let candidate = amicable_numbers_sum;\n    assert_eq!(candidate(999), 504);\n    assert_eq!(candidate(9999), 31626);\n    assert_eq!(candidate(99), 0);\n}\n",
      "timestamp": 1666122693,
      "stdout": "",
      "stderr": "error[E0425]: cannot find function `sum_divisors` in this scope\n --> /tmp/tmpo_bc53rx.rs:5:17\n  |\n5 |         let a = sum_divisors(i);\n  |                 ^^^^^^^^^^^^ not found in this scope\n\nerror[E0425]: cannot find function `sum_divisors` in this scope\n --> /tmp/tmpo_bc53rx.rs:6:34\n  |\n6 |         if a > i && a < limit && sum_divisors(a) == i {\n  |                                  ^^^^^^^^^^^^ not found in this scope\n\nerror: aborting due to 2 previous errors\n\nFor more information about this error, try `rustc --explain E0425`.\n",
      "exit_code": 1,
      "status": "SyntaxError"
    },
    {
      "program": "/// Write a function to sum all amicable numbers from 1 to a specified number.\nfn amicable_numbers_sum(limit: isize) -> isize {\n    let mut sum = 0;\n    for i in 1..limit {\n        let a = sum_divisors(i);\n        if a > i && sum_divisors(a) == i {\n            sum += i + a;\n        }\n    }\n    sum\n}\n\nfn main() {\n    let candidate = amicable_numbers_sum;\n    assert_eq!(candidate(999), 504);\n    assert_eq!(candidate(9999), 31626);\n    assert_eq!(candidate(99), 0);\n}\n",
      "timestamp": 1666122693,
      "stdout": "",
      "stderr": "error[E0425]: cannot find function `sum_divisors` in this scope\n --> /tmp/tmpnpyar0wq.rs:5:17\n  |\n5 |         let a = sum_divisors(i);\n  |                 ^^^^^^^^^^^^ not found in this scope\n\nerror[E0425]: cannot find function `sum_divisors` in this scope\n --> /tmp/tmpnpyar0wq.rs:6:21\n  |\n6 |         if a > i && sum_divisors(a) == i {\n  |                     ^^^^^^^^^^^^ not found in this scope\n\nerror: aborting due to 2 previous errors\n\nFor more information about this error, try `rustc --explain E0425`.\n",
      "exit_code": 1,
      "status": "SyntaxError"
    },
    {
      "program": "/// Write a function to sum all amicable numbers from 1 to a specified number.\nfn amicable_numbers_sum(limit: isize) -> isize {\n    let mut sum = 0;\n    for i in 1..limit {\n        let a = divisors_sum(i);\n        if a > i && divisors_sum(a) == i {\n            sum += i;\n        }\n    }\n    sum\n}\n\nfn main() {\n    let candidate = amicable_numbers_sum;\n    assert_eq!(candidate(999), 504);\n    assert_eq!(candidate(9999), 31626);\n    assert_eq!(candidate(99), 0);\n}\n",
      "timestamp": 1666122693,
      "stdout": "",
      "stderr": "error[E0425]: cannot find function `divisors_sum` in this scope\n --> /tmp/tmpgabfs0ta.rs:5:17\n  |\n5 |         let a = divisors_sum(i);\n  |                 ^^^^^^^^^^^^ not found in this scope\n\nerror[E0425]: cannot find function `divisors_sum` in this scope\n --> /tmp/tmpgabfs0ta.rs:6:21\n  |\n6 |         if a > i && divisors_sum(a) == i {\n  |                     ^^^^^^^^^^^^ not found in this scope\n\nerror: aborting due to 2 previous errors\n\nFor more information about this error, try `rustc --explain E0425`.\n",
      "exit_code": 1,
      "status": "SyntaxError"
    },
    {
      "program": "/// Write a function to sum all amicable numbers from 1 to a specified number.\nfn amicable_numbers_sum(limit: isize) -> isize {\n    let mut sum = 0;\n    for i in 1..limit {\n        let a = sum_proper_divisors(i);\n        if a == i {\n            continue;\n        }\n        let b = sum_proper_divisors(a);\n        if b == i {\n            sum += i;\n        }\n    }\n    sum\n}\n\nfn main() {\n    let candidate = amicable_numbers_sum;\n    assert_eq!(candidate(999), 504);\n    assert_eq!(candidate(9999), 31626);\n    assert_eq!(candidate(99), 0);\n}\n",
      "timestamp": 1666122693,
      "stdout": "",
      "stderr": "error[E0425]: cannot find function `sum_proper_divisors` in this scope\n --> /tmp/tmpgow7zcp3.rs:5:17\n  |\n5 |         let a = sum_proper_divisors(i);\n  |                 ^^^^^^^^^^^^^^^^^^^ not found in this scope\n\nerror[E0425]: cannot find function `sum_proper_divisors` in this scope\n --> /tmp/tmpgow7zcp3.rs:9:17\n  |\n9 |         let b = sum_proper_divisors(a);\n  |                 ^^^^^^^^^^^^^^^^^^^ not found in this scope\n\nerror: aborting due to 2 previous errors\n\nFor more information about this error, try `rustc --explain E0425`.\n",
      "exit_code": 1,
      "status": "SyntaxError"
    },
    {
      "program": "/// Write a function to sum all amicable numbers from 1 to a specified number.\nfn amicable_numbers_sum(limit: isize) -> isize {\n    let mut sum = 0;\n    for i in 1..limit {\n        let a = sum_of_divisors(i);\n        if a > i && sum_of_divisors(a) == i {\n            sum += i + a;\n        }\n    }\n    sum\n}\n\nfn main() {\n    let candidate = amicable_numbers_sum;\n    assert_eq!(candidate(999), 504);\n    assert_eq!(candidate(9999), 31626);\n    assert_eq!(candidate(99), 0);\n}\n",
      "timestamp": 1665517254,
      "stdout": "",
      "stderr": "error[E0425]: cannot find function `sum_of_divisors` in this scope\n --> /tmp/tmpbklirzsq.rs:5:17\n  |\n5 |         let a = sum_of_divisors(i);\n  |                 ^^^^^^^^^^^^^^^ not found in this scope\n\nerror[E0425]: cannot find function `sum_of_divisors` in this scope\n --> /tmp/tmpbklirzsq.rs:6:21\n  |\n6 |         if a > i && sum_of_divisors(a) == i {\n  |                     ^^^^^^^^^^^^^^^ not found in this scope\n\nerror: aborting due to 2 previous errors\n\nFor more information about this error, try `rustc --explain E0425`.\n",
      "exit_code": 1,
      "status": "SyntaxError"
    },
    {
      "program": "/// Write a function to sum all amicable numbers from 1 to a specified number.\nfn amicable_numbers_sum(limit: isize) -> isize {\n    let mut sum = 0;\n    for i in 1..limit {\n        let a = sum_of_divisors(i);\n        if a > i && sum_of_divisors(a) == i {\n            sum += i + a;\n        }\n    }\n    sum\n}\n\nfn main() {\n    let candidate = amicable_numbers_sum;\n    assert_eq!(candidate(999), 504);\n    assert_eq!(candidate(9999), 31626);\n    assert_eq!(candidate(99), 0);\n}\n",
      "timestamp": 1665517254,
      "stdout": "",
      "stderr": "error[E0425]: cannot find function `sum_of_divisors` in this scope\n --> /tmp/tmpbklirzsq.rs:5:17\n  |\n5 |         let a = sum_of_divisors(i);\n  |                 ^^^^^^^^^^^^^^^ not found in this scope\n\nerror[E0425]: cannot find function `sum_of_divisors` in this scope\n --> /tmp/tmpbklirzsq.rs:6:21\n  |\n6 |         if a > i && sum_of_divisors(a) == i {\n  |                     ^^^^^^^^^^^^^^^ not found in this scope\n\nerror: aborting due to 2 previous errors\n\nFor more information about this error, try `rustc --explain E0425`.\n",
      "exit_code": 1,
      "status": "SyntaxError"
    },
    {
      "program": "/// Write a function to sum all amicable numbers from 1 to a specified number.\nfn amicable_numbers_sum(limit: isize) -> isize {\n    let mut sum = 0;\n    for i in 1..limit {\n        let a = sum_divisors(i);\n        if a != i && sum_divisors(a) == i {\n            sum += i;\n        }\n    }\n    sum\n}\n\nfn main() {\n    let candidate = amicable_numbers_sum;\n    assert_eq!(candidate(999), 504);\n    assert_eq!(candidate(9999), 31626);\n    assert_eq!(candidate(99), 0);\n}\n",
      "timestamp": 1666122693,
      "stdout": "",
      "stderr": "error[E0425]: cannot find function `sum_divisors` in this scope\n --> /tmp/tmplv95ladb.rs:5:17\n  |\n5 |         let a = sum_divisors(i);\n  |                 ^^^^^^^^^^^^ not found in this scope\n\nerror[E0425]: cannot find function `sum_divisors` in this scope\n --> /tmp/tmplv95ladb.rs:6:22\n  |\n6 |         if a != i && sum_divisors(a) == i {\n  |                      ^^^^^^^^^^^^ not found in this scope\n\nerror: aborting due to 2 previous errors\n\nFor more information about this error, try `rustc --explain E0425`.\n",
      "exit_code": 1,
      "status": "SyntaxError"
    },
    {
      "program": "/// Write a function to sum all amicable numbers from 1 to a specified number.\nfn amicable_numbers_sum(limit: isize) -> isize {\n    let mut sum = 0;\n    for i in 1..limit {\n        let a = sum_proper_divisors(i);\n        if a == i {\n            continue;\n        }\n        let b = sum_proper_divisors(a);\n        if b == i {\n            sum += i;\n        }\n    }\n    sum\n}\n\nfn main() {\n    let candidate = amicable_numbers_sum;\n    assert_eq!(candidate(999), 504);\n    assert_eq!(candidate(9999), 31626);\n    assert_eq!(candidate(99), 0);\n}\n",
      "timestamp": 1666122693,
      "stdout": "",
      "stderr": "error[E0425]: cannot find function `sum_proper_divisors` in this scope\n --> /tmp/tmpgow7zcp3.rs:5:17\n  |\n5 |         let a = sum_proper_divisors(i);\n  |                 ^^^^^^^^^^^^^^^^^^^ not found in this scope\n\nerror[E0425]: cannot find function `sum_proper_divisors` in this scope\n --> /tmp/tmpgow7zcp3.rs:9:17\n  |\n9 |         let b = sum_proper_divisors(a);\n  |                 ^^^^^^^^^^^^^^^^^^^ not found in this scope\n\nerror: aborting due to 2 previous errors\n\nFor more information about this error, try `rustc --explain E0425`.\n",
      "exit_code": 1,
      "status": "SyntaxError"
    },
    {
      "program": "/// Write a function to sum all amicable numbers from 1 to a specified number.\nfn amicable_numbers_sum(limit: isize) -> isize {\n    let mut sum = 0;\n    for i in 1..limit {\n        let a = sum_proper_divisors(i);\n        let b = sum_proper_divisors(a);\n        if i == b && i != a {\n            sum += i;\n        }\n    }\n    sum\n}\n\nfn main() {\n    let candidate = amicable_numbers_sum;\n    assert_eq!(candidate(999), 504);\n    assert_eq!(candidate(9999), 31626);\n    assert_eq!(candidate(99), 0);\n}\n",
      "timestamp": 1665517254,
      "stdout": "",
      "stderr": "error[E0425]: cannot find function `sum_proper_divisors` in this scope\n --> /tmp/tmp64uga_pc.rs:5:17\n  |\n5 |         let a = sum_proper_divisors(i);\n  |                 ^^^^^^^^^^^^^^^^^^^ not found in this scope\n\nerror[E0425]: cannot find function `sum_proper_divisors` in this scope\n --> /tmp/tmp64uga_pc.rs:6:17\n  |\n6 |         let b = sum_proper_divisors(a);\n  |                 ^^^^^^^^^^^^^^^^^^^ not found in this scope\n\nerror: aborting due to 2 previous errors\n\nFor more information about this error, try `rustc --explain E0425`.\n",
      "exit_code": 1,
      "status": "SyntaxError"
    },
    {
      "program": "/// Write a function to sum all amicable numbers from 1 to a specified number.\nfn amicable_numbers_sum(limit: isize) -> isize {\n    let mut sum = 0;\n    for i in 1..limit {\n        let j = sum_divisors(i);\n        if i != j && sum_divisors(j) == i {\n            sum += i;\n        }\n    }\n    sum\n}\n\nfn main() {\n    let candidate = amicable_numbers_sum;\n    assert_eq!(candidate(999), 504);\n    assert_eq!(candidate(9999), 31626);\n    assert_eq!(candidate(99), 0);\n}\n",
      "timestamp": 1666122693,
      "stdout": "",
      "stderr": "error[E0425]: cannot find function `sum_divisors` in this scope\n --> /tmp/tmpq4wk378i.rs:5:17\n  |\n5 |         let j = sum_divisors(i);\n  |                 ^^^^^^^^^^^^ not found in this scope\n\nerror[E0425]: cannot find function `sum_divisors` in this scope\n --> /tmp/tmpq4wk378i.rs:6:22\n  |\n6 |         if i != j && sum_divisors(j) == i {\n  |                      ^^^^^^^^^^^^ not found in this scope\n\nerror: aborting due to 2 previous errors\n\nFor more information about this error, try `rustc --explain E0425`.\n",
      "exit_code": 1,
      "status": "SyntaxError"
    },
    {
      "program": "/// Write a function to sum all amicable numbers from 1 to a specified number.\nfn amicable_numbers_sum(limit: isize) -> isize {\n    let mut sum = 0;\n    for i in 1..limit {\n        let a = sum_proper_divisors(i);\n        let b = sum_proper_divisors(a);\n        if i == b && i != a {\n            sum += i;\n        }\n    }\n    sum\n}\n\nfn main() {\n    let candidate = amicable_numbers_sum;\n    assert_eq!(candidate(999), 504);\n    assert_eq!(candidate(9999), 31626);\n    assert_eq!(candidate(99), 0);\n}\n",
      "timestamp": 1665517254,
      "stdout": "",
      "stderr": "error[E0425]: cannot find function `sum_proper_divisors` in this scope\n --> /tmp/tmp64uga_pc.rs:5:17\n  |\n5 |         let a = sum_proper_divisors(i);\n  |                 ^^^^^^^^^^^^^^^^^^^ not found in this scope\n\nerror[E0425]: cannot find function `sum_proper_divisors` in this scope\n --> /tmp/tmp64uga_pc.rs:6:17\n  |\n6 |         let b = sum_proper_divisors(a);\n  |                 ^^^^^^^^^^^^^^^^^^^ not found in this scope\n\nerror: aborting due to 2 previous errors\n\nFor more information about this error, try `rustc --explain E0425`.\n",
      "exit_code": 1,
      "status": "SyntaxError"
    },
    {
      "program": "/// Write a function to sum all amicable numbers from 1 to a specified number.\nfn amicable_numbers_sum(limit: isize) -> isize {\n    let mut sum = 0;\n    for i in 1..limit {\n        let a = sum_proper_divisors(i);\n        if a > i && sum_proper_divisors(a) == i {\n            sum += i + a;\n        }\n    }\n    sum\n}\n\nfn main() {\n    let candidate = amicable_numbers_sum;\n    assert_eq!(candidate(999), 504);\n    assert_eq!(candidate(9999), 31626);\n    assert_eq!(candidate(99), 0);\n}\n",
      "timestamp": 1665517254,
      "stdout": "",
      "stderr": "error[E0425]: cannot find function `sum_proper_divisors` in this scope\n --> /tmp/tmpy8ne8g7e.rs:5:17\n  |\n5 |         let a = sum_proper_divisors(i);\n  |                 ^^^^^^^^^^^^^^^^^^^ not found in this scope\n\nerror[E0425]: cannot find function `sum_proper_divisors` in this scope\n --> /tmp/tmpy8ne8g7e.rs:6:21\n  |\n6 |         if a > i && sum_proper_divisors(a) == i {\n  |                     ^^^^^^^^^^^^^^^^^^^ not found in this scope\n\nerror: aborting due to 2 previous errors\n\nFor more information about this error, try `rustc --explain E0425`.\n",
      "exit_code": 1,
      "status": "SyntaxError"
    },
    {
      "program": "/// Write a function to sum all amicable numbers from 1 to a specified number.\nfn amicable_numbers_sum(limit: isize) -> isize {\n    let mut sum = 0;\n    for n in 1..limit {\n        let m = sum_of_divisors(n);\n        if m > n && sum_of_divisors(m) == n {\n            sum += n + m;\n        }\n    }\n    sum\n}\n\nfn main() {\n    let candidate = amicable_numbers_sum;\n    assert_eq!(candidate(999), 504);\n    assert_eq!(candidate(9999), 31626);\n    assert_eq!(candidate(99), 0);\n}\n",
      "timestamp": 1666122693,
      "stdout": "",
      "stderr": "error[E0425]: cannot find function `sum_of_divisors` in this scope\n --> /tmp/tmpm5agueng.rs:5:17\n  |\n5 |         let m = sum_of_divisors(n);\n  |                 ^^^^^^^^^^^^^^^ not found in this scope\n\nerror[E0425]: cannot find function `sum_of_divisors` in this scope\n --> /tmp/tmpm5agueng.rs:6:21\n  |\n6 |         if m > n && sum_of_divisors(m) == n {\n  |                     ^^^^^^^^^^^^^^^ not found in this scope\n\nerror: aborting due to 2 previous errors\n\nFor more information about this error, try `rustc --explain E0425`.\n",
      "exit_code": 1,
      "status": "SyntaxError"
    },
    {
      "program": "/// Write a function to sum all amicable numbers from 1 to a specified number.\nfn amicable_numbers_sum(limit: isize) -> isize {\n    let mut sum = 0;\n    for i in 1..limit {\n        let a = sum_divisors(i);\n        if i == sum_divisors(a) && i != a {\n            sum += i;\n        }\n    }\n    sum\n}\n\nfn main() {\n    let candidate = amicable_numbers_sum;\n    assert_eq!(candidate(999), 504);\n    assert_eq!(candidate(9999), 31626);\n    assert_eq!(candidate(99), 0);\n}\n",
      "timestamp": 1666122693,
      "stdout": "",
      "stderr": "error[E0425]: cannot find function `sum_divisors` in this scope\n --> /tmp/tmpqh_bs92m.rs:5:17\n  |\n5 |         let a = sum_divisors(i);\n  |                 ^^^^^^^^^^^^ not found in this scope\n\nerror[E0425]: cannot find function `sum_divisors` in this scope\n --> /tmp/tmpqh_bs92m.rs:6:17\n  |\n6 |         if i == sum_divisors(a) && i != a {\n  |                 ^^^^^^^^^^^^ not found in this scope\n\nerror: aborting due to 2 previous errors\n\nFor more information about this error, try `rustc --explain E0425`.\n",
      "exit_code": 1,
      "status": "SyntaxError"
    },
    {
      "program": "/// Write a function to sum all amicable numbers from 1 to a specified number.\nfn amicable_numbers_sum(limit: isize) -> isize {\n    let mut sum = 0;\n    for i in 1..limit {\n        let a = sum_of_divisors(i);\n        if a != i && sum_of_divisors(a) == i {\n            sum += i;\n        }\n    }\n    sum\n}\n\nfn main() {\n    let candidate = amicable_numbers_sum;\n    assert_eq!(candidate(999), 504);\n    assert_eq!(candidate(9999), 31626);\n    assert_eq!(candidate(99), 0);\n}\n",
      "timestamp": 1665517254,
      "stdout": "",
      "stderr": "error[E0425]: cannot find function `sum_of_divisors` in this scope\n --> /tmp/tmpbkukonmr.rs:5:17\n  |\n5 |         let a = sum_of_divisors(i);\n  |                 ^^^^^^^^^^^^^^^ not found in this scope\n\nerror[E0425]: cannot find function `sum_of_divisors` in this scope\n --> /tmp/tmpbkukonmr.rs:6:22\n  |\n6 |         if a != i && sum_of_divisors(a) == i {\n  |                      ^^^^^^^^^^^^^^^ not found in this scope\n\nerror: aborting due to 2 previous errors\n\nFor more information about this error, try `rustc --explain E0425`.\n",
      "exit_code": 1,
      "status": "SyntaxError"
    },
    {
      "program": "/// Write a function to sum all amicable numbers from 1 to a specified number.\nfn amicable_numbers_sum(limit: isize) -> isize {\n    let mut sum = 0;\n    for i in 1..limit {\n        let j = sum_divisors(i);\n        if i != j && sum_divisors(j) == i {\n            sum += i;\n        }\n    }\n    sum\n}\n\nfn main() {\n    let candidate = amicable_numbers_sum;\n    assert_eq!(candidate(999), 504);\n    assert_eq!(candidate(9999), 31626);\n    assert_eq!(candidate(99), 0);\n}\n",
      "timestamp": 1666122693,
      "stdout": "",
      "stderr": "error[E0425]: cannot find function `sum_divisors` in this scope\n --> /tmp/tmpq4wk378i.rs:5:17\n  |\n5 |         let j = sum_divisors(i);\n  |                 ^^^^^^^^^^^^ not found in this scope\n\nerror[E0425]: cannot find function `sum_divisors` in this scope\n --> /tmp/tmpq4wk378i.rs:6:22\n  |\n6 |         if i != j && sum_divisors(j) == i {\n  |                      ^^^^^^^^^^^^ not found in this scope\n\nerror: aborting due to 2 previous errors\n\nFor more information about this error, try `rustc --explain E0425`.\n",
      "exit_code": 1,
      "status": "SyntaxError"
    },
    {
      "program": "/// Write a function to sum all amicable numbers from 1 to a specified number.\nfn amicable_numbers_sum(limit: isize) -> isize {\n    let mut sum = 0;\n    for i in 1..limit {\n        let a = sum_of_divisors(i);\n        if a > i && sum_of_divisors(a) == i {\n            sum += i + a;\n        }\n    }\n    sum\n}\n\nfn main() {\n    let candidate = amicable_numbers_sum;\n    assert_eq!(candidate(999), 504);\n    assert_eq!(candidate(9999), 31626);\n    assert_eq!(candidate(99), 0);\n}\n",
      "timestamp": 1665517254,
      "stdout": "",
      "stderr": "error[E0425]: cannot find function `sum_of_divisors` in this scope\n --> /tmp/tmpbklirzsq.rs:5:17\n  |\n5 |         let a = sum_of_divisors(i);\n  |                 ^^^^^^^^^^^^^^^ not found in this scope\n\nerror[E0425]: cannot find function `sum_of_divisors` in this scope\n --> /tmp/tmpbklirzsq.rs:6:21\n  |\n6 |         if a > i && sum_of_divisors(a) == i {\n  |                     ^^^^^^^^^^^^^^^ not found in this scope\n\nerror: aborting due to 2 previous errors\n\nFor more information about this error, try `rustc --explain E0425`.\n",
      "exit_code": 1,
      "status": "SyntaxError"
    },
    {
      "program": "/// Write a function to sum all amicable numbers from 1 to a specified number.\nfn amicable_numbers_sum(limit: isize) -> isize {\n    let mut sum = 0;\n    for i in 1..limit {\n        let a = sum_divisors(i);\n        if a > i && sum_divisors(a) == i {\n            sum += i + a;\n        }\n    }\n    sum\n}\n\nfn main() {\n    let candidate = amicable_numbers_sum;\n    assert_eq!(candidate(999), 504);\n    assert_eq!(candidate(9999), 31626);\n    assert_eq!(candidate(99), 0);\n}\n",
      "timestamp": 1666122693,
      "stdout": "",
      "stderr": "error[E0425]: cannot find function `sum_divisors` in this scope\n --> /tmp/tmpnpyar0wq.rs:5:17\n  |\n5 |         let a = sum_divisors(i);\n  |                 ^^^^^^^^^^^^ not found in this scope\n\nerror[E0425]: cannot find function `sum_divisors` in this scope\n --> /tmp/tmpnpyar0wq.rs:6:21\n  |\n6 |         if a > i && sum_divisors(a) == i {\n  |                     ^^^^^^^^^^^^ not found in this scope\n\nerror: aborting due to 2 previous errors\n\nFor more information about this error, try `rustc --explain E0425`.\n",
      "exit_code": 1,
      "status": "SyntaxError"
    },
    {
      "program": "/// Write a function to sum all amicable numbers from 1 to a specified number.\nfn amicable_numbers_sum(limit: isize) -> isize {\n    let mut sum = 0;\n    for i in 1..limit {\n        let a = sum_proper_divisors(i);\n        let b = sum_proper_divisors(a);\n        if i == b && i != a {\n            sum += i;\n        }\n    }\n    sum\n}\n\nfn main() {\n    let candidate = amicable_numbers_sum;\n    assert_eq!(candidate(999), 504);\n    assert_eq!(candidate(9999), 31626);\n    assert_eq!(candidate(99), 0);\n}\n",
      "timestamp": 1665517254,
      "stdout": "",
      "stderr": "error[E0425]: cannot find function `sum_proper_divisors` in this scope\n --> /tmp/tmp64uga_pc.rs:5:17\n  |\n5 |         let a = sum_proper_divisors(i);\n  |                 ^^^^^^^^^^^^^^^^^^^ not found in this scope\n\nerror[E0425]: cannot find function `sum_proper_divisors` in this scope\n --> /tmp/tmp64uga_pc.rs:6:17\n  |\n6 |         let b = sum_proper_divisors(a);\n  |                 ^^^^^^^^^^^^^^^^^^^ not found in this scope\n\nerror: aborting due to 2 previous errors\n\nFor more information about this error, try `rustc --explain E0425`.\n",
      "exit_code": 1,
      "status": "SyntaxError"
    },
    {
      "program": "/// Write a function to sum all amicable numbers from 1 to a specified number.\nfn amicable_numbers_sum(limit: isize) -> isize {\n    let mut sum = 0;\n    for i in 1..limit {\n        let a = sum_proper_divisors(i);\n        if a > i && sum_proper_divisors(a) == i {\n            sum += i + a;\n        }\n    }\n    sum\n}\n\nfn main() {\n    let candidate = amicable_numbers_sum;\n    assert_eq!(candidate(999), 504);\n    assert_eq!(candidate(9999), 31626);\n    assert_eq!(candidate(99), 0);\n}\n",
      "timestamp": 1665517254,
      "stdout": "",
      "stderr": "error[E0425]: cannot find function `sum_proper_divisors` in this scope\n --> /tmp/tmpy8ne8g7e.rs:5:17\n  |\n5 |         let a = sum_proper_divisors(i);\n  |                 ^^^^^^^^^^^^^^^^^^^ not found in this scope\n\nerror[E0425]: cannot find function `sum_proper_divisors` in this scope\n --> /tmp/tmpy8ne8g7e.rs:6:21\n  |\n6 |         if a > i && sum_proper_divisors(a) == i {\n  |                     ^^^^^^^^^^^^^^^^^^^ not found in this scope\n\nerror: aborting due to 2 previous errors\n\nFor more information about this error, try `rustc --explain E0425`.\n",
      "exit_code": 1,
      "status": "SyntaxError"
    },
    {
      "program": "/// Write a function to sum all amicable numbers from 1 to a specified number.\nfn amicable_numbers_sum(limit: isize) -> isize {\n    let mut sum = 0;\n    for i in 1..limit {\n        let a = sum_divisors(i);\n        if a > i && sum_divisors(a) == i {\n            sum += i + a;\n        }\n    }\n    sum\n}\n\nfn main() {\n    let candidate = amicable_numbers_sum;\n    assert_eq!(candidate(999), 504);\n    assert_eq!(candidate(9999), 31626);\n    assert_eq!(candidate(99), 0);\n}\n",
      "timestamp": 1666122693,
      "stdout": "",
      "stderr": "error[E0425]: cannot find function `sum_divisors` in this scope\n --> /tmp/tmpnpyar0wq.rs:5:17\n  |\n5 |         let a = sum_divisors(i);\n  |                 ^^^^^^^^^^^^ not found in this scope\n\nerror[E0425]: cannot find function `sum_divisors` in this scope\n --> /tmp/tmpnpyar0wq.rs:6:21\n  |\n6 |         if a > i && sum_divisors(a) == i {\n  |                     ^^^^^^^^^^^^ not found in this scope\n\nerror: aborting due to 2 previous errors\n\nFor more information about this error, try `rustc --explain E0425`.\n",
      "exit_code": 1,
      "status": "SyntaxError"
    },
    {
      "program": "/// Write a function to sum all amicable numbers from 1 to a specified number.\nfn amicable_numbers_sum(limit: isize) -> isize {\n    let mut sum = 0;\n    for i in 1..limit {\n        let a = sum_of_divisors(i);\n        if a > i && sum_of_divisors(a) == i {\n            sum += i + a;\n        }\n    }\n    sum\n}\n\nfn main() {\n    let candidate = amicable_numbers_sum;\n    assert_eq!(candidate(999), 504);\n    assert_eq!(candidate(9999), 31626);\n    assert_eq!(candidate(99), 0);\n}\n",
      "timestamp": 1665517254,
      "stdout": "",
      "stderr": "error[E0425]: cannot find function `sum_of_divisors` in this scope\n --> /tmp/tmpbklirzsq.rs:5:17\n  |\n5 |         let a = sum_of_divisors(i);\n  |                 ^^^^^^^^^^^^^^^ not found in this scope\n\nerror[E0425]: cannot find function `sum_of_divisors` in this scope\n --> /tmp/tmpbklirzsq.rs:6:21\n  |\n6 |         if a > i && sum_of_divisors(a) == i {\n  |                     ^^^^^^^^^^^^^^^ not found in this scope\n\nerror: aborting due to 2 previous errors\n\nFor more information about this error, try `rustc --explain E0425`.\n",
      "exit_code": 1,
      "status": "SyntaxError"
    },
    {
      "program": "/// Write a function to sum all amicable numbers from 1 to a specified number.\nfn amicable_numbers_sum(limit: isize) -> isize {\n    let mut sum = 0;\n    for i in 1..limit {\n        let a = sum_divisors(i);\n        if a > i && sum_divisors(a) == i {\n            sum += i + a;\n        }\n    }\n    sum\n}\n\nfn main() {\n    let candidate = amicable_numbers_sum;\n    assert_eq!(candidate(999), 504);\n    assert_eq!(candidate(9999), 31626);\n    assert_eq!(candidate(99), 0);\n}\n",
      "timestamp": 1666122693,
      "stdout": "",
      "stderr": "error[E0425]: cannot find function `sum_divisors` in this scope\n --> /tmp/tmpnpyar0wq.rs:5:17\n  |\n5 |         let a = sum_divisors(i);\n  |                 ^^^^^^^^^^^^ not found in this scope\n\nerror[E0425]: cannot find function `sum_divisors` in this scope\n --> /tmp/tmpnpyar0wq.rs:6:21\n  |\n6 |         if a > i && sum_divisors(a) == i {\n  |                     ^^^^^^^^^^^^ not found in this scope\n\nerror: aborting due to 2 previous errors\n\nFor more information about this error, try `rustc --explain E0425`.\n",
      "exit_code": 1,
      "status": "SyntaxError"
    },
    {
      "program": "/// Write a function to sum all amicable numbers from 1 to a specified number.\nfn amicable_numbers_sum(limit: isize) -> isize {\n    let mut sum = 0;\n    for i in 1..limit {\n        let a = sum_of_divisors(i);\n        if a > i && sum_of_divisors(a) == i {\n            sum += i;\n        }\n    }\n    sum\n}\n\nfn main() {\n    let candidate = amicable_numbers_sum;\n    assert_eq!(candidate(999), 504);\n    assert_eq!(candidate(9999), 31626);\n    assert_eq!(candidate(99), 0);\n}\n",
      "timestamp": 1665517254,
      "stdout": "",
      "stderr": "error[E0425]: cannot find function `sum_of_divisors` in this scope\n --> /tmp/tmp7cdxi8em.rs:5:17\n  |\n5 |         let a = sum_of_divisors(i);\n  |                 ^^^^^^^^^^^^^^^ not found in this scope\n\nerror[E0425]: cannot find function `sum_of_divisors` in this scope\n --> /tmp/tmp7cdxi8em.rs:6:21\n  |\n6 |         if a > i && sum_of_divisors(a) == i {\n  |                     ^^^^^^^^^^^^^^^ not found in this scope\n\nerror: aborting due to 2 previous errors\n\nFor more information about this error, try `rustc --explain E0425`.\n",
      "exit_code": 1,
      "status": "SyntaxError"
    },
    {
      "program": "/// Write a function to sum all amicable numbers from 1 to a specified number.\nfn amicable_numbers_sum(limit: isize) -> isize {\n    let mut sum = 0;\n    for i in 1..limit {\n        let a = sum_proper_divisors(i);\n        if a != i && sum_proper_divisors(a) == i {\n            sum += i;\n        }\n    }\n    sum\n}\n\nfn main() {\n    let candidate = amicable_numbers_sum;\n    assert_eq!(candidate(999), 504);\n    assert_eq!(candidate(9999), 31626);\n    assert_eq!(candidate(99), 0);\n}\n",
      "timestamp": 1666122693,
      "stdout": "",
      "stderr": "error[E0425]: cannot find function `sum_proper_divisors` in this scope\n --> /tmp/tmp7vke6f13.rs:5:17\n  |\n5 |         let a = sum_proper_divisors(i);\n  |                 ^^^^^^^^^^^^^^^^^^^ not found in this scope\n\nerror[E0425]: cannot find function `sum_proper_divisors` in this scope\n --> /tmp/tmp7vke6f13.rs:6:22\n  |\n6 |         if a != i && sum_proper_divisors(a) == i {\n  |                      ^^^^^^^^^^^^^^^^^^^ not found in this scope\n\nerror: aborting due to 2 previous errors\n\nFor more information about this error, try `rustc --explain E0425`.\n",
      "exit_code": 1,
      "status": "SyntaxError"
    },
    {
      "program": "/// Write a function to sum all amicable numbers from 1 to a specified number.\nfn amicable_numbers_sum(limit: isize) -> isize {\n    let mut sum = 0;\n    for i in 1..limit {\n        let j = sum_of_divisors(i);\n        if i != j && sum_of_divisors(j) == i {\n            sum += i;\n        }\n    }\n    sum\n}\n\nfn main() {\n    let candidate = amicable_numbers_sum;\n    assert_eq!(candidate(999), 504);\n    assert_eq!(candidate(9999), 31626);\n    assert_eq!(candidate(99), 0);\n}\n",
      "timestamp": 1665517254,
      "stdout": "",
      "stderr": "error[E0425]: cannot find function `sum_of_divisors` in this scope\n --> /tmp/tmpp9vtgvb3.rs:5:17\n  |\n5 |         let j = sum_of_divisors(i);\n  |                 ^^^^^^^^^^^^^^^ not found in this scope\n\nerror[E0425]: cannot find function `sum_of_divisors` in this scope\n --> /tmp/tmpp9vtgvb3.rs:6:22\n  |\n6 |         if i != j && sum_of_divisors(j) == i {\n  |                      ^^^^^^^^^^^^^^^ not found in this scope\n\nerror: aborting due to 2 previous errors\n\nFor more information about this error, try `rustc --explain E0425`.\n",
      "exit_code": 1,
      "status": "SyntaxError"
    },
    {
      "program": "/// Write a function to sum all amicable numbers from 1 to a specified number.\nfn amicable_numbers_sum(limit: isize) -> isize {\n    let mut sum = 0;\n    for i in 1..limit {\n        let d = sum_of_divisors(i);\n        if i == sum_of_divisors(d) && i != d {\n            sum += i;\n        }\n    }\n    sum\n}\n\nfn main() {\n    let candidate = amicable_numbers_sum;\n    assert_eq!(candidate(999), 504);\n    assert_eq!(candidate(9999), 31626);\n    assert_eq!(candidate(99), 0);\n}\n",
      "timestamp": 1666122693,
      "stdout": "",
      "stderr": "error[E0425]: cannot find function `sum_of_divisors` in this scope\n --> /tmp/tmpc417czek.rs:5:17\n  |\n5 |         let d = sum_of_divisors(i);\n  |                 ^^^^^^^^^^^^^^^ not found in this scope\n\nerror[E0425]: cannot find function `sum_of_divisors` in this scope\n --> /tmp/tmpc417czek.rs:6:17\n  |\n6 |         if i == sum_of_divisors(d) && i != d {\n  |                 ^^^^^^^^^^^^^^^ not found in this scope\n\nerror: aborting due to 2 previous errors\n\nFor more information about this error, try `rustc --explain E0425`.\n",
      "exit_code": 1,
      "status": "SyntaxError"
    },
    {
      "program": "/// Write a function to sum all amicable numbers from 1 to a specified number.\nfn amicable_numbers_sum(limit: isize) -> isize {\n    let mut sum = 0;\n    for i in 1..limit {\n        let a = sum_of_divisors(i);\n        if a > i && sum_of_divisors(a) == i {\n            sum += i;\n        }\n    }\n    sum\n}\n\nfn main() {\n    let candidate = amicable_numbers_sum;\n    assert_eq!(candidate(999), 504);\n    assert_eq!(candidate(9999), 31626);\n    assert_eq!(candidate(99), 0);\n}\n",
      "timestamp": 1665517254,
      "stdout": "",
      "stderr": "error[E0425]: cannot find function `sum_of_divisors` in this scope\n --> /tmp/tmp7cdxi8em.rs:5:17\n  |\n5 |         let a = sum_of_divisors(i);\n  |                 ^^^^^^^^^^^^^^^ not found in this scope\n\nerror[E0425]: cannot find function `sum_of_divisors` in this scope\n --> /tmp/tmp7cdxi8em.rs:6:21\n  |\n6 |         if a > i && sum_of_divisors(a) == i {\n  |                     ^^^^^^^^^^^^^^^ not found in this scope\n\nerror: aborting due to 2 previous errors\n\nFor more information about this error, try `rustc --explain E0425`.\n",
      "exit_code": 1,
      "status": "SyntaxError"
    },
    {
      "program": "/// Write a function to sum all amicable numbers from 1 to a specified number.\nfn amicable_numbers_sum(limit: isize) -> isize {\n    let mut sum = 0;\n    for i in 1..limit {\n        let divisor_sum = divisor_sum(i);\n        if divisor_sum > i && divisor_sum < limit && divisor_sum == divisor_sum(divisor_sum) {\n            sum += i;\n        }\n    }\n    sum\n}\n\nfn main() {\n    let candidate = amicable_numbers_sum;\n    assert_eq!(candidate(999), 504);\n    assert_eq!(candidate(9999), 31626);\n    assert_eq!(candidate(99), 0);\n}\n",
      "timestamp": 1666122693,
      "stdout": "",
      "stderr": "error[E0425]: cannot find function `divisor_sum` in this scope\n --> /tmp/tmpkze7ebox.rs:5:27\n  |\n5 |         let divisor_sum = divisor_sum(i);\n  |                           ^^^^^^^^^^^ not found in this scope\n\nerror: aborting due to previous error\n\nFor more information about this error, try `rustc --explain E0425`.\n",
      "exit_code": 1,
      "status": "SyntaxError"
    },
    {
      "program": "/// Write a function to sum all amicable numbers from 1 to a specified number.\nfn amicable_numbers_sum(limit: isize) -> isize {\n    let mut sum = 0;\n    for i in 1..limit {\n        let d_i = sum_of_divisors(i);\n        if d_i > i && sum_of_divisors(d_i) == i {\n            sum += i + d_i;\n        }\n    }\n    sum\n}\n\nfn main() {\n    let candidate = amicable_numbers_sum;\n    assert_eq!(candidate(999), 504);\n    assert_eq!(candidate(9999), 31626);\n    assert_eq!(candidate(99), 0);\n}\n",
      "timestamp": 1666122693,
      "stdout": "",
      "stderr": "error[E0425]: cannot find function `sum_of_divisors` in this scope\n --> /tmp/tmp7cxu8eap.rs:5:19\n  |\n5 |         let d_i = sum_of_divisors(i);\n  |                   ^^^^^^^^^^^^^^^ not found in this scope\n\nerror[E0425]: cannot find function `sum_of_divisors` in this scope\n --> /tmp/tmp7cxu8eap.rs:6:23\n  |\n6 |         if d_i > i && sum_of_divisors(d_i) == i {\n  |                       ^^^^^^^^^^^^^^^ not found in this scope\n\nerror: aborting due to 2 previous errors\n\nFor more information about this error, try `rustc --explain E0425`.\n",
      "exit_code": 1,
      "status": "SyntaxError"
    },
    {
      "program": "/// Write a function to sum all amicable numbers from 1 to a specified number.\nfn amicable_numbers_sum(limit: isize) -> isize {\n    let mut sum = 0;\n    for i in 1..limit {\n        let a = proper_divisors_sum(i);\n        if a != i && proper_divisors_sum(a) == i {\n            sum += i;\n        }\n    }\n    sum\n}\n\nfn main() {\n    let candidate = amicable_numbers_sum;\n    assert_eq!(candidate(999), 504);\n    assert_eq!(candidate(9999), 31626);\n    assert_eq!(candidate(99), 0);\n}\n",
      "timestamp": 1666122693,
      "stdout": "",
      "stderr": "error[E0425]: cannot find function `proper_divisors_sum` in this scope\n --> /tmp/tmp1i2am7yf.rs:5:17\n  |\n5 |         let a = proper_divisors_sum(i);\n  |                 ^^^^^^^^^^^^^^^^^^^ not found in this scope\n\nerror[E0425]: cannot find function `proper_divisors_sum` in this scope\n --> /tmp/tmp1i2am7yf.rs:6:22\n  |\n6 |         if a != i && proper_divisors_sum(a) == i {\n  |                      ^^^^^^^^^^^^^^^^^^^ not found in this scope\n\nerror: aborting due to 2 previous errors\n\nFor more information about this error, try `rustc --explain E0425`.\n",
      "exit_code": 1,
      "status": "SyntaxError"
    },
    {
      "program": "/// Write a function to sum all amicable numbers from 1 to a specified number.\nfn amicable_numbers_sum(limit: isize) -> isize {\n    let mut sum = 0;\n    for i in 1..limit {\n        let a = sum_of_divisors(i);\n        if a > i && sum_of_divisors(a) == i {\n            sum += i + a;\n        }\n    }\n    sum\n}\n\nfn main() {\n    let candidate = amicable_numbers_sum;\n    assert_eq!(candidate(999), 504);\n    assert_eq!(candidate(9999), 31626);\n    assert_eq!(candidate(99), 0);\n}\n",
      "timestamp": 1665517254,
      "stdout": "",
      "stderr": "error[E0425]: cannot find function `sum_of_divisors` in this scope\n --> /tmp/tmpbklirzsq.rs:5:17\n  |\n5 |         let a = sum_of_divisors(i);\n  |                 ^^^^^^^^^^^^^^^ not found in this scope\n\nerror[E0425]: cannot find function `sum_of_divisors` in this scope\n --> /tmp/tmpbklirzsq.rs:6:21\n  |\n6 |         if a > i && sum_of_divisors(a) == i {\n  |                     ^^^^^^^^^^^^^^^ not found in this scope\n\nerror: aborting due to 2 previous errors\n\nFor more information about this error, try `rustc --explain E0425`.\n",
      "exit_code": 1,
      "status": "SyntaxError"
    },
    {
      "program": "/// Write a function to sum all amicable numbers from 1 to a specified number.\nfn amicable_numbers_sum(limit: isize) -> isize {\n    let mut sum = 0;\n    for i in 1..limit {\n        let a = sum_divisors(i);\n        if a > i && sum_divisors(a) == i {\n            sum += i + a;\n        }\n    }\n    sum\n}\n\nfn main() {\n    let candidate = amicable_numbers_sum;\n    assert_eq!(candidate(999), 504);\n    assert_eq!(candidate(9999), 31626);\n    assert_eq!(candidate(99), 0);\n}\n",
      "timestamp": 1666122693,
      "stdout": "",
      "stderr": "error[E0425]: cannot find function `sum_divisors` in this scope\n --> /tmp/tmpnpyar0wq.rs:5:17\n  |\n5 |         let a = sum_divisors(i);\n  |                 ^^^^^^^^^^^^ not found in this scope\n\nerror[E0425]: cannot find function `sum_divisors` in this scope\n --> /tmp/tmpnpyar0wq.rs:6:21\n  |\n6 |         if a > i && sum_divisors(a) == i {\n  |                     ^^^^^^^^^^^^ not found in this scope\n\nerror: aborting due to 2 previous errors\n\nFor more information about this error, try `rustc --explain E0425`.\n",
      "exit_code": 1,
      "status": "SyntaxError"
    },
    {
      "program": "/// Write a function to sum all amicable numbers from 1 to a specified number.\nfn amicable_numbers_sum(limit: isize) -> isize {\n    let mut sum = 0;\n    for i in 1..limit {\n        let divisors_sum = divisors_sum(i);\n        if divisors_sum != i && divisors_sum < limit && divisors_sum == divisors_sum(divisors_sum) {\n            sum += i;\n        }\n    }\n    sum\n}\n\nfn main() {\n    let candidate = amicable_numbers_sum;\n    assert_eq!(candidate(999), 504);\n    assert_eq!(candidate(9999), 31626);\n    assert_eq!(candidate(99), 0);\n}\n",
      "timestamp": 1665517254,
      "stdout": "",
      "stderr": "error[E0425]: cannot find function `divisors_sum` in this scope\n --> /tmp/tmp2xnzqk88.rs:5:28\n  |\n5 |         let divisors_sum = divisors_sum(i);\n  |                            ^^^^^^^^^^^^ not found in this scope\n\nerror: aborting due to previous error\n\nFor more information about this error, try `rustc --explain E0425`.\n",
      "exit_code": 1,
      "status": "SyntaxError"
    },
    {
      "program": "/// Write a function to sum all amicable numbers from 1 to a specified number.\nfn amicable_numbers_sum(limit: isize) -> isize {\n    let mut sum = 0;\n    for i in 1..limit {\n        let a = proper_divisors_sum(i);\n        let b = proper_divisors_sum(a);\n        if i == b && i != a {\n            sum += i;\n        }\n    }\n    sum\n}\n\nfn main() {\n    let candidate = amicable_numbers_sum;\n    assert_eq!(candidate(999), 504);\n    assert_eq!(candidate(9999), 31626);\n    assert_eq!(candidate(99), 0);\n}\n",
      "timestamp": 1666122693,
      "stdout": "",
      "stderr": "error[E0425]: cannot find function `proper_divisors_sum` in this scope\n --> /tmp/tmpvu501g65.rs:5:17\n  |\n5 |         let a = proper_divisors_sum(i);\n  |                 ^^^^^^^^^^^^^^^^^^^ not found in this scope\n\nerror[E0425]: cannot find function `proper_divisors_sum` in this scope\n --> /tmp/tmpvu501g65.rs:6:17\n  |\n6 |         let b = proper_divisors_sum(a);\n  |                 ^^^^^^^^^^^^^^^^^^^ not found in this scope\n\nerror: aborting due to 2 previous errors\n\nFor more information about this error, try `rustc --explain E0425`.\n",
      "exit_code": 1,
      "status": "SyntaxError"
    },
    {
      "program": "/// Write a function to sum all amicable numbers from 1 to a specified number.\nfn amicable_numbers_sum(limit: isize) -> isize {\n    let mut sum = 0;\n    for i in 1..limit {\n        let a = sum_proper_divisors(i);\n        if a != i && sum_proper_divisors(a) == i {\n            sum += i;\n        }\n    }\n    sum\n}\n\nfn main() {\n    let candidate = amicable_numbers_sum;\n    assert_eq!(candidate(999), 504);\n    assert_eq!(candidate(9999), 31626);\n    assert_eq!(candidate(99), 0);\n}\n",
      "timestamp": 1666122693,
      "stdout": "",
      "stderr": "error[E0425]: cannot find function `sum_proper_divisors` in this scope\n --> /tmp/tmp7vke6f13.rs:5:17\n  |\n5 |         let a = sum_proper_divisors(i);\n  |                 ^^^^^^^^^^^^^^^^^^^ not found in this scope\n\nerror[E0425]: cannot find function `sum_proper_divisors` in this scope\n --> /tmp/tmp7vke6f13.rs:6:22\n  |\n6 |         if a != i && sum_proper_divisors(a) == i {\n  |                      ^^^^^^^^^^^^^^^^^^^ not found in this scope\n\nerror: aborting due to 2 previous errors\n\nFor more information about this error, try `rustc --explain E0425`.\n",
      "exit_code": 1,
      "status": "SyntaxError"
    },
    {
      "program": "/// Write a function to sum all amicable numbers from 1 to a specified number.\nfn amicable_numbers_sum(limit: isize) -> isize {\n    let mut sum = 0;\n    for i in 1..limit {\n        let a = sum_of_divisors(i);\n        if a > i && sum_of_divisors(a) == i {\n            sum += a + i;\n        }\n    }\n    sum\n}\n\nfn main() {\n    let candidate = amicable_numbers_sum;\n    assert_eq!(candidate(999), 504);\n    assert_eq!(candidate(9999), 31626);\n    assert_eq!(candidate(99), 0);\n}\n",
      "timestamp": 1665517254,
      "stdout": "",
      "stderr": "error[E0425]: cannot find function `sum_of_divisors` in this scope\n --> /tmp/tmp6pu2i3_1.rs:5:17\n  |\n5 |         let a = sum_of_divisors(i);\n  |                 ^^^^^^^^^^^^^^^ not found in this scope\n\nerror[E0425]: cannot find function `sum_of_divisors` in this scope\n --> /tmp/tmp6pu2i3_1.rs:6:21\n  |\n6 |         if a > i && sum_of_divisors(a) == i {\n  |                     ^^^^^^^^^^^^^^^ not found in this scope\n\nerror: aborting due to 2 previous errors\n\nFor more information about this error, try `rustc --explain E0425`.\n",
      "exit_code": 1,
      "status": "SyntaxError"
    },
    {
      "program": "/// Write a function to sum all amicable numbers from 1 to a specified number.\nfn amicable_numbers_sum(limit: isize) -> isize {\n    let mut sum = 0;\n    for i in 1..limit {\n        let a = sum_proper_divisors(i);\n        if a > i && sum_proper_divisors(a) == i {\n            sum += a + i;\n        }\n    }\n    sum\n}\n\nfn main() {\n    let candidate = amicable_numbers_sum;\n    assert_eq!(candidate(999), 504);\n    assert_eq!(candidate(9999), 31626);\n    assert_eq!(candidate(99), 0);\n}\n",
      "timestamp": 1666122693,
      "stdout": "",
      "stderr": "error[E0425]: cannot find function `sum_proper_divisors` in this scope\n --> /tmp/tmpicq1ycw9.rs:5:17\n  |\n5 |         let a = sum_proper_divisors(i);\n  |                 ^^^^^^^^^^^^^^^^^^^ not found in this scope\n\nerror[E0425]: cannot find function `sum_proper_divisors` in this scope\n --> /tmp/tmpicq1ycw9.rs:6:21\n  |\n6 |         if a > i && sum_proper_divisors(a) == i {\n  |                     ^^^^^^^^^^^^^^^^^^^ not found in this scope\n\nerror: aborting due to 2 previous errors\n\nFor more information about this error, try `rustc --explain E0425`.\n",
      "exit_code": 1,
      "status": "SyntaxError"
    },
    {
      "program": "/// Write a function to sum all amicable numbers from 1 to a specified number.\nfn amicable_numbers_sum(limit: isize) -> isize {\n    let mut sum = 0;\n    for i in 1..limit {\n        let a = sum_of_divisors(i);\n        if a > i && sum_of_divisors(a) == i {\n            sum += i + a;\n        }\n    }\n    sum\n}\n\nfn main() {\n    let candidate = amicable_numbers_sum;\n    assert_eq!(candidate(999), 504);\n    assert_eq!(candidate(9999), 31626);\n    assert_eq!(candidate(99), 0);\n}\n",
      "timestamp": 1665517254,
      "stdout": "",
      "stderr": "error[E0425]: cannot find function `sum_of_divisors` in this scope\n --> /tmp/tmpbklirzsq.rs:5:17\n  |\n5 |         let a = sum_of_divisors(i);\n  |                 ^^^^^^^^^^^^^^^ not found in this scope\n\nerror[E0425]: cannot find function `sum_of_divisors` in this scope\n --> /tmp/tmpbklirzsq.rs:6:21\n  |\n6 |         if a > i && sum_of_divisors(a) == i {\n  |                     ^^^^^^^^^^^^^^^ not found in this scope\n\nerror: aborting due to 2 previous errors\n\nFor more information about this error, try `rustc --explain E0425`.\n",
      "exit_code": 1,
      "status": "SyntaxError"
    },
    {
      "program": "/// Write a function to sum all amicable numbers from 1 to a specified number.\nfn amicable_numbers_sum(limit: isize) -> isize {\n    let mut sum = 0;\n    for i in 1..limit {\n        let a = sum_of_divisors(i);\n        if a > i && sum_of_divisors(a) == i {\n            sum += i + a;\n        }\n    }\n    sum\n}\n\nfn main() {\n    let candidate = amicable_numbers_sum;\n    assert_eq!(candidate(999), 504);\n    assert_eq!(candidate(9999), 31626);\n    assert_eq!(candidate(99), 0);\n}\n",
      "timestamp": 1665517254,
      "stdout": "",
      "stderr": "error[E0425]: cannot find function `sum_of_divisors` in this scope\n --> /tmp/tmpbklirzsq.rs:5:17\n  |\n5 |         let a = sum_of_divisors(i);\n  |                 ^^^^^^^^^^^^^^^ not found in this scope\n\nerror[E0425]: cannot find function `sum_of_divisors` in this scope\n --> /tmp/tmpbklirzsq.rs:6:21\n  |\n6 |         if a > i && sum_of_divisors(a) == i {\n  |                     ^^^^^^^^^^^^^^^ not found in this scope\n\nerror: aborting due to 2 previous errors\n\nFor more information about this error, try `rustc --explain E0425`.\n",
      "exit_code": 1,
      "status": "SyntaxError"
    },
    {
      "program": "/// Write a function to sum all amicable numbers from 1 to a specified number.\nfn amicable_numbers_sum(limit: isize) -> isize {\n    let mut sum = 0;\n    for i in 1..limit {\n        let a = sum_divisors(i);\n        if a > i && sum_divisors(a) == i {\n            sum += i + a;\n        }\n    }\n    sum\n}\n\nfn main() {\n    let candidate = amicable_numbers_sum;\n    assert_eq!(candidate(999), 504);\n    assert_eq!(candidate(9999), 31626);\n    assert_eq!(candidate(99), 0);\n}\n",
      "timestamp": 1666122693,
      "stdout": "",
      "stderr": "error[E0425]: cannot find function `sum_divisors` in this scope\n --> /tmp/tmpnpyar0wq.rs:5:17\n  |\n5 |         let a = sum_divisors(i);\n  |                 ^^^^^^^^^^^^ not found in this scope\n\nerror[E0425]: cannot find function `sum_divisors` in this scope\n --> /tmp/tmpnpyar0wq.rs:6:21\n  |\n6 |         if a > i && sum_divisors(a) == i {\n  |                     ^^^^^^^^^^^^ not found in this scope\n\nerror: aborting due to 2 previous errors\n\nFor more information about this error, try `rustc --explain E0425`.\n",
      "exit_code": 1,
      "status": "SyntaxError"
    },
    {
      "program": "/// Write a function to sum all amicable numbers from 1 to a specified number.\nfn amicable_numbers_sum(limit: isize) -> isize {\n    let mut sum = 0;\n    for i in 1..limit {\n        let a = sum_divisors(i);\n        if a > i && sum_divisors(a) == i {\n            sum += i + a;\n        }\n    }\n    sum\n}\n\nfn main() {\n    let candidate = amicable_numbers_sum;\n    assert_eq!(candidate(999), 504);\n    assert_eq!(candidate(9999), 31626);\n    assert_eq!(candidate(99), 0);\n}\n",
      "timestamp": 1666122693,
      "stdout": "",
      "stderr": "error[E0425]: cannot find function `sum_divisors` in this scope\n --> /tmp/tmpnpyar0wq.rs:5:17\n  |\n5 |         let a = sum_divisors(i);\n  |                 ^^^^^^^^^^^^ not found in this scope\n\nerror[E0425]: cannot find function `sum_divisors` in this scope\n --> /tmp/tmpnpyar0wq.rs:6:21\n  |\n6 |         if a > i && sum_divisors(a) == i {\n  |                     ^^^^^^^^^^^^ not found in this scope\n\nerror: aborting due to 2 previous errors\n\nFor more information about this error, try `rustc --explain E0425`.\n",
      "exit_code": 1,
      "status": "SyntaxError"
    },
    {
      "program": "/// Write a function to sum all amicable numbers from 1 to a specified number.\nfn amicable_numbers_sum(limit: isize) -> isize {\n    let mut sum = 0;\n    for i in 1..limit {\n        let a = sum_divisors(i);\n        if a > i && sum_divisors(a) == i {\n            sum += i + a;\n        }\n    }\n    sum\n}\n\nfn main() {\n    let candidate = amicable_numbers_sum;\n    assert_eq!(candidate(999), 504);\n    assert_eq!(candidate(9999), 31626);\n    assert_eq!(candidate(99), 0);\n}\n",
      "timestamp": 1666122693,
      "stdout": "",
      "stderr": "error[E0425]: cannot find function `sum_divisors` in this scope\n --> /tmp/tmpnpyar0wq.rs:5:17\n  |\n5 |         let a = sum_divisors(i);\n  |                 ^^^^^^^^^^^^ not found in this scope\n\nerror[E0425]: cannot find function `sum_divisors` in this scope\n --> /tmp/tmpnpyar0wq.rs:6:21\n  |\n6 |         if a > i && sum_divisors(a) == i {\n  |                     ^^^^^^^^^^^^ not found in this scope\n\nerror: aborting due to 2 previous errors\n\nFor more information about this error, try `rustc --explain E0425`.\n",
      "exit_code": 1,
      "status": "SyntaxError"
    },
    {
      "program": "/// Write a function to sum all amicable numbers from 1 to a specified number.\nfn amicable_numbers_sum(limit: isize) -> isize {\n    let mut sum = 0;\n    for i in 1..limit {\n        let a = sum_of_divisors(i);\n        if a > i && sum_of_divisors(a) == i {\n            sum += i + a;\n        }\n    }\n    sum\n}\n\nfn main() {\n    let candidate = amicable_numbers_sum;\n    assert_eq!(candidate(999), 504);\n    assert_eq!(candidate(9999), 31626);\n    assert_eq!(candidate(99), 0);\n}\n",
      "timestamp": 1665517254,
      "stdout": "",
      "stderr": "error[E0425]: cannot find function `sum_of_divisors` in this scope\n --> /tmp/tmpbklirzsq.rs:5:17\n  |\n5 |         let a = sum_of_divisors(i);\n  |                 ^^^^^^^^^^^^^^^ not found in this scope\n\nerror[E0425]: cannot find function `sum_of_divisors` in this scope\n --> /tmp/tmpbklirzsq.rs:6:21\n  |\n6 |         if a > i && sum_of_divisors(a) == i {\n  |                     ^^^^^^^^^^^^^^^ not found in this scope\n\nerror: aborting due to 2 previous errors\n\nFor more information about this error, try `rustc --explain E0425`.\n",
      "exit_code": 1,
      "status": "SyntaxError"
    },
    {
      "program": "/// Write a function to sum all amicable numbers from 1 to a specified number.\nfn amicable_numbers_sum(limit: isize) -> isize {\n    let mut sum = 0;\n    for i in 1..limit {\n        let a = sum_of_divisors(i);\n        let b = sum_of_divisors(a);\n        if b == i && a != b {\n            sum += a + b;\n        }\n    }\n    sum\n}\n\nfn main() {\n    let candidate = amicable_numbers_sum;\n    assert_eq!(candidate(999), 504);\n    assert_eq!(candidate(9999), 31626);\n    assert_eq!(candidate(99), 0);\n}\n",
      "timestamp": 1666122693,
      "stdout": "",
      "stderr": "error[E0425]: cannot find function `sum_of_divisors` in this scope\n --> /tmp/tmpbbt32h6t.rs:5:17\n  |\n5 |         let a = sum_of_divisors(i);\n  |                 ^^^^^^^^^^^^^^^ not found in this scope\n\nerror[E0425]: cannot find function `sum_of_divisors` in this scope\n --> /tmp/tmpbbt32h6t.rs:6:17\n  |\n6 |         let b = sum_of_divisors(a);\n  |                 ^^^^^^^^^^^^^^^ not found in this scope\n\nerror: aborting due to 2 previous errors\n\nFor more information about this error, try `rustc --explain E0425`.\n",
      "exit_code": 1,
      "status": "SyntaxError"
    },
    {
      "program": "/// Write a function to sum all amicable numbers from 1 to a specified number.\nfn amicable_numbers_sum(limit: isize) -> isize {\n    let mut sum = 0;\n    for i in 1..limit {\n        let a = sum_of_divisors(i);\n        if a > i && sum_of_divisors(a) == i {\n            sum += i + a;\n        }\n    }\n    sum\n}\n\nfn main() {\n    let candidate = amicable_numbers_sum;\n    assert_eq!(candidate(999), 504);\n    assert_eq!(candidate(9999), 31626);\n    assert_eq!(candidate(99), 0);\n}\n",
      "timestamp": 1665517254,
      "stdout": "",
      "stderr": "error[E0425]: cannot find function `sum_of_divisors` in this scope\n --> /tmp/tmpbklirzsq.rs:5:17\n  |\n5 |         let a = sum_of_divisors(i);\n  |                 ^^^^^^^^^^^^^^^ not found in this scope\n\nerror[E0425]: cannot find function `sum_of_divisors` in this scope\n --> /tmp/tmpbklirzsq.rs:6:21\n  |\n6 |         if a > i && sum_of_divisors(a) == i {\n  |                     ^^^^^^^^^^^^^^^ not found in this scope\n\nerror: aborting due to 2 previous errors\n\nFor more information about this error, try `rustc --explain E0425`.\n",
      "exit_code": 1,
      "status": "SyntaxError"
    },
    {
      "program": "/// Write a function to sum all amicable numbers from 1 to a specified number.\nfn amicable_numbers_sum(limit: isize) -> isize {\n    let mut sum = 0;\n    for n in 1..limit {\n        let m = sum_of_divisors(n);\n        if m > n && sum_of_divisors(m) == n {\n            sum += n + m;\n        }\n    }\n    sum\n}\n\nfn main() {\n    let candidate = amicable_numbers_sum;\n    assert_eq!(candidate(999), 504);\n    assert_eq!(candidate(9999), 31626);\n    assert_eq!(candidate(99), 0);\n}\n",
      "timestamp": 1666122693,
      "stdout": "",
      "stderr": "error[E0425]: cannot find function `sum_of_divisors` in this scope\n --> /tmp/tmpm5agueng.rs:5:17\n  |\n5 |         let m = sum_of_divisors(n);\n  |                 ^^^^^^^^^^^^^^^ not found in this scope\n\nerror[E0425]: cannot find function `sum_of_divisors` in this scope\n --> /tmp/tmpm5agueng.rs:6:21\n  |\n6 |         if m > n && sum_of_divisors(m) == n {\n  |                     ^^^^^^^^^^^^^^^ not found in this scope\n\nerror: aborting due to 2 previous errors\n\nFor more information about this error, try `rustc --explain E0425`.\n",
      "exit_code": 1,
      "status": "SyntaxError"
    },
    {
      "program": "/// Write a function to sum all amicable numbers from 1 to a specified number.\nfn amicable_numbers_sum(limit: isize) -> isize {\n    let mut sum = 0;\n    for i in 1..limit {\n        let j = sum_of_divisors(i);\n        if i != j && sum_of_divisors(j) == i {\n            sum += i;\n        }\n    }\n    sum\n}\n\nfn main() {\n    let candidate = amicable_numbers_sum;\n    assert_eq!(candidate(999), 504);\n    assert_eq!(candidate(9999), 31626);\n    assert_eq!(candidate(99), 0);\n}\n",
      "timestamp": 1665517254,
      "stdout": "",
      "stderr": "error[E0425]: cannot find function `sum_of_divisors` in this scope\n --> /tmp/tmpp9vtgvb3.rs:5:17\n  |\n5 |         let j = sum_of_divisors(i);\n  |                 ^^^^^^^^^^^^^^^ not found in this scope\n\nerror[E0425]: cannot find function `sum_of_divisors` in this scope\n --> /tmp/tmpp9vtgvb3.rs:6:22\n  |\n6 |         if i != j && sum_of_divisors(j) == i {\n  |                      ^^^^^^^^^^^^^^^ not found in this scope\n\nerror: aborting due to 2 previous errors\n\nFor more information about this error, try `rustc --explain E0425`.\n",
      "exit_code": 1,
      "status": "SyntaxError"
    },
    {
      "program": "/// Write a function to sum all amicable numbers from 1 to a specified number.\nfn amicable_numbers_sum(limit: isize) -> isize {\n    let mut sum = 0;\n    for i in 1..limit {\n        let a = sum_proper_divisors(i);\n        let b = sum_proper_divisors(a);\n        if b == i && a != b {\n            sum += i;\n        }\n    }\n    sum\n}\n\nfn main() {\n    let candidate = amicable_numbers_sum;\n    assert_eq!(candidate(999), 504);\n    assert_eq!(candidate(9999), 31626);\n    assert_eq!(candidate(99), 0);\n}\n",
      "timestamp": 1666122693,
      "stdout": "",
      "stderr": "error[E0425]: cannot find function `sum_proper_divisors` in this scope\n --> /tmp/tmphox3l3ne.rs:5:17\n  |\n5 |         let a = sum_proper_divisors(i);\n  |                 ^^^^^^^^^^^^^^^^^^^ not found in this scope\n\nerror[E0425]: cannot find function `sum_proper_divisors` in this scope\n --> /tmp/tmphox3l3ne.rs:6:17\n  |\n6 |         let b = sum_proper_divisors(a);\n  |                 ^^^^^^^^^^^^^^^^^^^ not found in this scope\n\nerror: aborting due to 2 previous errors\n\nFor more information about this error, try `rustc --explain E0425`.\n",
      "exit_code": 1,
      "status": "SyntaxError"
    },
    {
      "program": "/// Write a function to sum all amicable numbers from 1 to a specified number.\nfn amicable_numbers_sum(limit: isize) -> isize {\n    let mut sum = 0;\n    for i in 1..limit {\n        let a = sum_proper_divisors(i);\n        if a < limit && sum_proper_divisors(a) == i && a != i {\n            sum += i;\n        }\n    }\n    sum\n}\n\nfn main() {\n    let candidate = amicable_numbers_sum;\n    assert_eq!(candidate(999), 504);\n    assert_eq!(candidate(9999), 31626);\n    assert_eq!(candidate(99), 0);\n}\n",
      "timestamp": 1666122693,
      "stdout": "",
      "stderr": "error[E0425]: cannot find function `sum_proper_divisors` in this scope\n --> /tmp/tmpb85vzj6y.rs:5:17\n  |\n5 |         let a = sum_proper_divisors(i);\n  |                 ^^^^^^^^^^^^^^^^^^^ not found in this scope\n\nerror[E0425]: cannot find function `sum_proper_divisors` in this scope\n --> /tmp/tmpb85vzj6y.rs:6:25\n  |\n6 |         if a < limit && sum_proper_divisors(a) == i && a != i {\n  |                         ^^^^^^^^^^^^^^^^^^^ not found in this scope\n\nerror: aborting due to 2 previous errors\n\nFor more information about this error, try `rustc --explain E0425`.\n",
      "exit_code": 1,
      "status": "SyntaxError"
    },
    {
      "program": "/// Write a function to sum all amicable numbers from 1 to a specified number.\nfn amicable_numbers_sum(limit: isize) -> isize {\n    let mut sum = 0;\n    for i in 1..limit {\n        let a = sum_of_divisors(i);\n        if a > i && sum_of_divisors(a) == i {\n            sum += i + a;\n        }\n    }\n    sum\n}\n\nfn main() {\n    let candidate = amicable_numbers_sum;\n    assert_eq!(candidate(999), 504);\n    assert_eq!(candidate(9999), 31626);\n    assert_eq!(candidate(99), 0);\n}\n",
      "timestamp": 1665517254,
      "stdout": "",
      "stderr": "error[E0425]: cannot find function `sum_of_divisors` in this scope\n --> /tmp/tmpbklirzsq.rs:5:17\n  |\n5 |         let a = sum_of_divisors(i);\n  |                 ^^^^^^^^^^^^^^^ not found in this scope\n\nerror[E0425]: cannot find function `sum_of_divisors` in this scope\n --> /tmp/tmpbklirzsq.rs:6:21\n  |\n6 |         if a > i && sum_of_divisors(a) == i {\n  |                     ^^^^^^^^^^^^^^^ not found in this scope\n\nerror: aborting due to 2 previous errors\n\nFor more information about this error, try `rustc --explain E0425`.\n",
      "exit_code": 1,
      "status": "SyntaxError"
    },
    {
      "program": "/// Write a function to sum all amicable numbers from 1 to a specified number.\nfn amicable_numbers_sum(limit: isize) -> isize {\n    let mut sum = 0;\n    for i in 1..limit {\n        let a = sum_of_proper_divisors(i);\n        if a != i && sum_of_proper_divisors(a) == i {\n            sum += i;\n        }\n    }\n    sum\n}\n\nfn main() {\n    let candidate = amicable_numbers_sum;\n    assert_eq!(candidate(999), 504);\n    assert_eq!(candidate(9999), 31626);\n    assert_eq!(candidate(99), 0);\n}\n",
      "timestamp": 1666122693,
      "stdout": "",
      "stderr": "error[E0425]: cannot find function `sum_of_proper_divisors` in this scope\n --> /tmp/tmpykw08k5y.rs:5:17\n  |\n5 |         let a = sum_of_proper_divisors(i);\n  |                 ^^^^^^^^^^^^^^^^^^^^^^ not found in this scope\n\nerror[E0425]: cannot find function `sum_of_proper_divisors` in this scope\n --> /tmp/tmpykw08k5y.rs:6:22\n  |\n6 |         if a != i && sum_of_proper_divisors(a) == i {\n  |                      ^^^^^^^^^^^^^^^^^^^^^^ not found in this scope\n\nerror: aborting due to 2 previous errors\n\nFor more information about this error, try `rustc --explain E0425`.\n",
      "exit_code": 1,
      "status": "SyntaxError"
    },
    {
      "program": "/// Write a function to sum all amicable numbers from 1 to a specified number.\nfn amicable_numbers_sum(limit: isize) -> isize {\n    let mut sum = 0;\n    for i in 1..limit {\n        let j = sum_proper_divisors(i);\n        if i == sum_proper_divisors(j) && i != j {\n            sum += i;\n        }\n    }\n    sum\n}\n\nfn main() {\n    let candidate = amicable_numbers_sum;\n    assert_eq!(candidate(999), 504);\n    assert_eq!(candidate(9999), 31626);\n    assert_eq!(candidate(99), 0);\n}\n",
      "timestamp": 1666122693,
      "stdout": "",
      "stderr": "error[E0425]: cannot find function `sum_proper_divisors` in this scope\n --> /tmp/tmpn59ljkco.rs:5:17\n  |\n5 |         let j = sum_proper_divisors(i);\n  |                 ^^^^^^^^^^^^^^^^^^^ not found in this scope\n\nerror[E0425]: cannot find function `sum_proper_divisors` in this scope\n --> /tmp/tmpn59ljkco.rs:6:17\n  |\n6 |         if i == sum_proper_divisors(j) && i != j {\n  |                 ^^^^^^^^^^^^^^^^^^^ not found in this scope\n\nerror: aborting due to 2 previous errors\n\nFor more information about this error, try `rustc --explain E0425`.\n",
      "exit_code": 1,
      "status": "SyntaxError"
    },
    {
      "program": "/// Write a function to sum all amicable numbers from 1 to a specified number.\nfn amicable_numbers_sum(limit: isize) -> isize {\n    let mut sum = 0;\n    for i in 1..limit {\n        let a = sum_of_divisors(i);\n        if i != a && sum_of_divisors(a) == i {\n            sum += i;\n        }\n    }\n    sum\n}\n\nfn main() {\n    let candidate = amicable_numbers_sum;\n    assert_eq!(candidate(999), 504);\n    assert_eq!(candidate(9999), 31626);\n    assert_eq!(candidate(99), 0);\n}\n",
      "timestamp": 1665517254,
      "stdout": "",
      "stderr": "error[E0425]: cannot find function `sum_of_divisors` in this scope\n --> /tmp/tmp3lch_5m8.rs:5:17\n  |\n5 |         let a = sum_of_divisors(i);\n  |                 ^^^^^^^^^^^^^^^ not found in this scope\n\nerror[E0425]: cannot find function `sum_of_divisors` in this scope\n --> /tmp/tmp3lch_5m8.rs:6:22\n  |\n6 |         if i != a && sum_of_divisors(a) == i {\n  |                      ^^^^^^^^^^^^^^^ not found in this scope\n\nerror: aborting due to 2 previous errors\n\nFor more information about this error, try `rustc --explain E0425`.\n",
      "exit_code": 1,
      "status": "SyntaxError"
    },
    {
      "program": "/// Write a function to sum all amicable numbers from 1 to a specified number.\nfn amicable_numbers_sum(limit: isize) -> isize {\n    let mut sum = 0;\n    for i in 1..limit {\n        let a = sum_of_divisors(i);\n        if a > i && sum_of_divisors(a) == i {\n            sum += a + i;\n        }\n    }\n    sum\n}\n\nfn main() {\n    let candidate = amicable_numbers_sum;\n    assert_eq!(candidate(999), 504);\n    assert_eq!(candidate(9999), 31626);\n    assert_eq!(candidate(99), 0);\n}\n",
      "timestamp": 1665517254,
      "stdout": "",
      "stderr": "error[E0425]: cannot find function `sum_of_divisors` in this scope\n --> /tmp/tmp6pu2i3_1.rs:5:17\n  |\n5 |         let a = sum_of_divisors(i);\n  |                 ^^^^^^^^^^^^^^^ not found in this scope\n\nerror[E0425]: cannot find function `sum_of_divisors` in this scope\n --> /tmp/tmp6pu2i3_1.rs:6:21\n  |\n6 |         if a > i && sum_of_divisors(a) == i {\n  |                     ^^^^^^^^^^^^^^^ not found in this scope\n\nerror: aborting due to 2 previous errors\n\nFor more information about this error, try `rustc --explain E0425`.\n",
      "exit_code": 1,
      "status": "SyntaxError"
    },
    {
      "program": "/// Write a function to sum all amicable numbers from 1 to a specified number.\nfn amicable_numbers_sum(limit: isize) -> isize {\n    let mut sum = 0;\n    for i in 1..limit {\n        let a = sum_of_divisors(i);\n        if a > i && sum_of_divisors(a) == i {\n            sum += i + a;\n        }\n    }\n    sum\n}\n\nfn main() {\n    let candidate = amicable_numbers_sum;\n    assert_eq!(candidate(999), 504);\n    assert_eq!(candidate(9999), 31626);\n    assert_eq!(candidate(99), 0);\n}\n",
      "timestamp": 1665517254,
      "stdout": "",
      "stderr": "error[E0425]: cannot find function `sum_of_divisors` in this scope\n --> /tmp/tmpbklirzsq.rs:5:17\n  |\n5 |         let a = sum_of_divisors(i);\n  |                 ^^^^^^^^^^^^^^^ not found in this scope\n\nerror[E0425]: cannot find function `sum_of_divisors` in this scope\n --> /tmp/tmpbklirzsq.rs:6:21\n  |\n6 |         if a > i && sum_of_divisors(a) == i {\n  |                     ^^^^^^^^^^^^^^^ not found in this scope\n\nerror: aborting due to 2 previous errors\n\nFor more information about this error, try `rustc --explain E0425`.\n",
      "exit_code": 1,
      "status": "SyntaxError"
    },
    {
      "program": "/// Write a function to sum all amicable numbers from 1 to a specified number.\nfn amicable_numbers_sum(limit: isize) -> isize {\n    let mut sum = 0;\n    for i in 1..limit {\n        let j = sum_of_divisors(i);\n        if i != j && sum_of_divisors(j) == i {\n            sum += i;\n        }\n    }\n    sum\n}\n\nfn main() {\n    let candidate = amicable_numbers_sum;\n    assert_eq!(candidate(999), 504);\n    assert_eq!(candidate(9999), 31626);\n    assert_eq!(candidate(99), 0);\n}\n",
      "timestamp": 1665517254,
      "stdout": "",
      "stderr": "error[E0425]: cannot find function `sum_of_divisors` in this scope\n --> /tmp/tmpp9vtgvb3.rs:5:17\n  |\n5 |         let j = sum_of_divisors(i);\n  |                 ^^^^^^^^^^^^^^^ not found in this scope\n\nerror[E0425]: cannot find function `sum_of_divisors` in this scope\n --> /tmp/tmpp9vtgvb3.rs:6:22\n  |\n6 |         if i != j && sum_of_divisors(j) == i {\n  |                      ^^^^^^^^^^^^^^^ not found in this scope\n\nerror: aborting due to 2 previous errors\n\nFor more information about this error, try `rustc --explain E0425`.\n",
      "exit_code": 1,
      "status": "SyntaxError"
    },
    {
      "program": "/// Write a function to sum all amicable numbers from 1 to a specified number.\nfn amicable_numbers_sum(limit: isize) -> isize {\n    let mut sum = 0;\n    for i in 1..limit {\n        let a = sum_proper_divisors(i);\n        let b = sum_proper_divisors(a);\n        if i == b && i != a {\n            sum += i;\n        }\n    }\n    sum\n}\n\nfn main() {\n    let candidate = amicable_numbers_sum;\n    assert_eq!(candidate(999), 504);\n    assert_eq!(candidate(9999), 31626);\n    assert_eq!(candidate(99), 0);\n}\n",
      "timestamp": 1665517254,
      "stdout": "",
      "stderr": "error[E0425]: cannot find function `sum_proper_divisors` in this scope\n --> /tmp/tmp64uga_pc.rs:5:17\n  |\n5 |         let a = sum_proper_divisors(i);\n  |                 ^^^^^^^^^^^^^^^^^^^ not found in this scope\n\nerror[E0425]: cannot find function `sum_proper_divisors` in this scope\n --> /tmp/tmp64uga_pc.rs:6:17\n  |\n6 |         let b = sum_proper_divisors(a);\n  |                 ^^^^^^^^^^^^^^^^^^^ not found in this scope\n\nerror: aborting due to 2 previous errors\n\nFor more information about this error, try `rustc --explain E0425`.\n",
      "exit_code": 1,
      "status": "SyntaxError"
    },
    {
      "program": "/// Write a function to sum all amicable numbers from 1 to a specified number.\nfn amicable_numbers_sum(limit: isize) -> isize {\n    let mut sum = 0;\n    for i in 1..limit {\n        let a = sum_of_divisors(i);\n        if a != i && sum_of_divisors(a) == i {\n            sum += i;\n        }\n    }\n    sum\n}\n\nfn main() {\n    let candidate = amicable_numbers_sum;\n    assert_eq!(candidate(999), 504);\n    assert_eq!(candidate(9999), 31626);\n    assert_eq!(candidate(99), 0);\n}\n",
      "timestamp": 1665517254,
      "stdout": "",
      "stderr": "error[E0425]: cannot find function `sum_of_divisors` in this scope\n --> /tmp/tmpbkukonmr.rs:5:17\n  |\n5 |         let a = sum_of_divisors(i);\n  |                 ^^^^^^^^^^^^^^^ not found in this scope\n\nerror[E0425]: cannot find function `sum_of_divisors` in this scope\n --> /tmp/tmpbkukonmr.rs:6:22\n  |\n6 |         if a != i && sum_of_divisors(a) == i {\n  |                      ^^^^^^^^^^^^^^^ not found in this scope\n\nerror: aborting due to 2 previous errors\n\nFor more information about this error, try `rustc --explain E0425`.\n",
      "exit_code": 1,
      "status": "SyntaxError"
    },
    {
      "program": "/// Write a function to sum all amicable numbers from 1 to a specified number.\nfn amicable_numbers_sum(limit: isize) -> isize {\n    let mut sum = 0;\n    for i in 1..limit {\n        let j = sum_of_divisors(i);\n        if i != j && sum_of_divisors(j) == i {\n            sum += i;\n        }\n    }\n    sum\n}\n\nfn main() {\n    let candidate = amicable_numbers_sum;\n    assert_eq!(candidate(999), 504);\n    assert_eq!(candidate(9999), 31626);\n    assert_eq!(candidate(99), 0);\n}\n",
      "timestamp": 1665517254,
      "stdout": "",
      "stderr": "error[E0425]: cannot find function `sum_of_divisors` in this scope\n --> /tmp/tmpp9vtgvb3.rs:5:17\n  |\n5 |         let j = sum_of_divisors(i);\n  |                 ^^^^^^^^^^^^^^^ not found in this scope\n\nerror[E0425]: cannot find function `sum_of_divisors` in this scope\n --> /tmp/tmpp9vtgvb3.rs:6:22\n  |\n6 |         if i != j && sum_of_divisors(j) == i {\n  |                      ^^^^^^^^^^^^^^^ not found in this scope\n\nerror: aborting due to 2 previous errors\n\nFor more information about this error, try `rustc --explain E0425`.\n",
      "exit_code": 1,
      "status": "SyntaxError"
    },
    {
      "program": "/// Write a function to sum all amicable numbers from 1 to a specified number.\nfn amicable_numbers_sum(limit: isize) -> isize {\n    let mut sum = 0;\n    for i in 1..limit {\n        let a = sum_divisors(i);\n        if a > i && sum_divisors(a) == i {\n            sum += a + i;\n        }\n    }\n    sum\n}\n\nfn main() {\n    let candidate = amicable_numbers_sum;\n    assert_eq!(candidate(999), 504);\n    assert_eq!(candidate(9999), 31626);\n    assert_eq!(candidate(99), 0);\n}\n",
      "timestamp": 1666122693,
      "stdout": "",
      "stderr": "error[E0425]: cannot find function `sum_divisors` in this scope\n --> /tmp/tmptil05q4s.rs:5:17\n  |\n5 |         let a = sum_divisors(i);\n  |                 ^^^^^^^^^^^^ not found in this scope\n\nerror[E0425]: cannot find function `sum_divisors` in this scope\n --> /tmp/tmptil05q4s.rs:6:21\n  |\n6 |         if a > i && sum_divisors(a) == i {\n  |                     ^^^^^^^^^^^^ not found in this scope\n\nerror: aborting due to 2 previous errors\n\nFor more information about this error, try `rustc --explain E0425`.\n",
      "exit_code": 1,
      "status": "SyntaxError"
    },
    {
      "program": "/// Write a function to sum all amicable numbers from 1 to a specified number.\nfn amicable_numbers_sum(limit: isize) -> isize {\n    let mut sum = 0;\n    for i in 1..limit {\n        let a = sum_of_divisors(i);\n        if a > i && sum_of_divisors(a) == i {\n            sum += a + i;\n        }\n    }\n    sum\n}\n\nfn main() {\n    let candidate = amicable_numbers_sum;\n    assert_eq!(candidate(999), 504);\n    assert_eq!(candidate(9999), 31626);\n    assert_eq!(candidate(99), 0);\n}\n",
      "timestamp": 1665517254,
      "stdout": "",
      "stderr": "error[E0425]: cannot find function `sum_of_divisors` in this scope\n --> /tmp/tmp6pu2i3_1.rs:5:17\n  |\n5 |         let a = sum_of_divisors(i);\n  |                 ^^^^^^^^^^^^^^^ not found in this scope\n\nerror[E0425]: cannot find function `sum_of_divisors` in this scope\n --> /tmp/tmp6pu2i3_1.rs:6:21\n  |\n6 |         if a > i && sum_of_divisors(a) == i {\n  |                     ^^^^^^^^^^^^^^^ not found in this scope\n\nerror: aborting due to 2 previous errors\n\nFor more information about this error, try `rustc --explain E0425`.\n",
      "exit_code": 1,
      "status": "SyntaxError"
    },
    {
      "program": "/// Write a function to sum all amicable numbers from 1 to a specified number.\nfn amicable_numbers_sum(limit: isize) -> isize {\n    let mut sum = 0;\n    for i in 1..limit {\n        let a = sum_of_divisors(i);\n        if a > i && sum_of_divisors(a) == i {\n            sum += i + a;\n        }\n    }\n    sum\n}\n\nfn main() {\n    let candidate = amicable_numbers_sum;\n    assert_eq!(candidate(999), 504);\n    assert_eq!(candidate(9999), 31626);\n    assert_eq!(candidate(99), 0);\n}\n",
      "timestamp": 1665517254,
      "stdout": "",
      "stderr": "error[E0425]: cannot find function `sum_of_divisors` in this scope\n --> /tmp/tmpbklirzsq.rs:5:17\n  |\n5 |         let a = sum_of_divisors(i);\n  |                 ^^^^^^^^^^^^^^^ not found in this scope\n\nerror[E0425]: cannot find function `sum_of_divisors` in this scope\n --> /tmp/tmpbklirzsq.rs:6:21\n  |\n6 |         if a > i && sum_of_divisors(a) == i {\n  |                     ^^^^^^^^^^^^^^^ not found in this scope\n\nerror: aborting due to 2 previous errors\n\nFor more information about this error, try `rustc --explain E0425`.\n",
      "exit_code": 1,
      "status": "SyntaxError"
    },
    {
      "program": "/// Write a function to sum all amicable numbers from 1 to a specified number.\nfn amicable_numbers_sum(limit: isize) -> isize {\n    let mut sum = 0;\n    for i in 1..limit {\n        let a = sum_divisors(i);\n        let b = sum_divisors(a);\n        if b == i && a != b {\n            sum += i;\n        }\n    }\n    sum\n}\n\nfn main() {\n    let candidate = amicable_numbers_sum;\n    assert_eq!(candidate(999), 504);\n    assert_eq!(candidate(9999), 31626);\n    assert_eq!(candidate(99), 0);\n}\n",
      "timestamp": 1666122693,
      "stdout": "",
      "stderr": "error[E0425]: cannot find function `sum_divisors` in this scope\n --> /tmp/tmpp3f9f49y.rs:5:17\n  |\n5 |         let a = sum_divisors(i);\n  |                 ^^^^^^^^^^^^ not found in this scope\n\nerror[E0425]: cannot find function `sum_divisors` in this scope\n --> /tmp/tmpp3f9f49y.rs:6:17\n  |\n6 |         let b = sum_divisors(a);\n  |                 ^^^^^^^^^^^^ not found in this scope\n\nerror: aborting due to 2 previous errors\n\nFor more information about this error, try `rustc --explain E0425`.\n",
      "exit_code": 1,
      "status": "SyntaxError"
    },
    {
      "program": "/// Write a function to sum all amicable numbers from 1 to a specified number.\nfn amicable_numbers_sum(limit: isize) -> isize {\n    let mut sum = 0;\n    for i in 1..limit {\n        let divisors_sum = divisors_sum(i);\n        if divisors_sum > i && divisors_sum < limit && divisors_sum == divisors_sum(divisors_sum) {\n            sum += i;\n        }\n    }\n    sum\n}\n\nfn main() {\n    let candidate = amicable_numbers_sum;\n    assert_eq!(candidate(999), 504);\n    assert_eq!(candidate(9999), 31626);\n    assert_eq!(candidate(99), 0);\n}\n",
      "timestamp": 1665517254,
      "stdout": "",
      "stderr": "error[E0425]: cannot find function `divisors_sum` in this scope\n --> /tmp/tmpu7fnb8b1.rs:5:28\n  |\n5 |         let divisors_sum = divisors_sum(i);\n  |                            ^^^^^^^^^^^^ not found in this scope\n\nerror: aborting due to previous error\n\nFor more information about this error, try `rustc --explain E0425`.\n",
      "exit_code": 1,
      "status": "SyntaxError"
    },
    {
      "program": "/// Write a function to sum all amicable numbers from 1 to a specified number.\nfn amicable_numbers_sum(limit: isize) -> isize {\n    let mut sum = 0;\n    for i in 1..limit {\n        let a = sum_divisors(i);\n        if a > i && sum_divisors(a) == i {\n            sum += a + i;\n        }\n    }\n    sum\n}\n\nfn main() {\n    let candidate = amicable_numbers_sum;\n    assert_eq!(candidate(999), 504);\n    assert_eq!(candidate(9999), 31626);\n    assert_eq!(candidate(99), 0);\n}\n",
      "timestamp": 1666122693,
      "stdout": "",
      "stderr": "error[E0425]: cannot find function `sum_divisors` in this scope\n --> /tmp/tmptil05q4s.rs:5:17\n  |\n5 |         let a = sum_divisors(i);\n  |                 ^^^^^^^^^^^^ not found in this scope\n\nerror[E0425]: cannot find function `sum_divisors` in this scope\n --> /tmp/tmptil05q4s.rs:6:21\n  |\n6 |         if a > i && sum_divisors(a) == i {\n  |                     ^^^^^^^^^^^^ not found in this scope\n\nerror: aborting due to 2 previous errors\n\nFor more information about this error, try `rustc --explain E0425`.\n",
      "exit_code": 1,
      "status": "SyntaxError"
    },
    {
      "program": "/// Write a function to sum all amicable numbers from 1 to a specified number.\nfn amicable_numbers_sum(limit: isize) -> isize {\n    let mut sum = 0;\n    for i in 1..limit {\n        let j = sum_of_divisors(i);\n        if i != j && sum_of_divisors(j) == i {\n            sum += i;\n        }\n    }\n    sum\n}\n\nfn main() {\n    let candidate = amicable_numbers_sum;\n    assert_eq!(candidate(999), 504);\n    assert_eq!(candidate(9999), 31626);\n    assert_eq!(candidate(99), 0);\n}\n",
      "timestamp": 1665517254,
      "stdout": "",
      "stderr": "error[E0425]: cannot find function `sum_of_divisors` in this scope\n --> /tmp/tmpp9vtgvb3.rs:5:17\n  |\n5 |         let j = sum_of_divisors(i);\n  |                 ^^^^^^^^^^^^^^^ not found in this scope\n\nerror[E0425]: cannot find function `sum_of_divisors` in this scope\n --> /tmp/tmpp9vtgvb3.rs:6:22\n  |\n6 |         if i != j && sum_of_divisors(j) == i {\n  |                      ^^^^^^^^^^^^^^^ not found in this scope\n\nerror: aborting due to 2 previous errors\n\nFor more information about this error, try `rustc --explain E0425`.\n",
      "exit_code": 1,
      "status": "SyntaxError"
    },
    {
      "program": "/// Write a function to sum all amicable numbers from 1 to a specified number.\nfn amicable_numbers_sum(limit: isize) -> isize {\n    let mut sum = 0;\n    for n in 1..limit {\n        let m = sum_proper_divisors(n);\n        if m != n && sum_proper_divisors(m) == n {\n            sum += n;\n        }\n    }\n    sum\n}\n\nfn main() {\n    let candidate = amicable_numbers_sum;\n    assert_eq!(candidate(999), 504);\n    assert_eq!(candidate(9999), 31626);\n    assert_eq!(candidate(99), 0);\n}\n",
      "timestamp": 1666122693,
      "stdout": "",
      "stderr": "error[E0425]: cannot find function `sum_proper_divisors` in this scope\n --> /tmp/tmptmgh0q87.rs:5:17\n  |\n5 |         let m = sum_proper_divisors(n);\n  |                 ^^^^^^^^^^^^^^^^^^^ not found in this scope\n\nerror[E0425]: cannot find function `sum_proper_divisors` in this scope\n --> /tmp/tmptmgh0q87.rs:6:22\n  |\n6 |         if m != n && sum_proper_divisors(m) == n {\n  |                      ^^^^^^^^^^^^^^^^^^^ not found in this scope\n\nerror: aborting due to 2 previous errors\n\nFor more information about this error, try `rustc --explain E0425`.\n",
      "exit_code": 1,
      "status": "SyntaxError"
    },
    {
      "program": "/// Write a function to sum all amicable numbers from 1 to a specified number.\nfn amicable_numbers_sum(limit: isize) -> isize {\n    let mut sum = 0;\n    for i in 1..limit {\n        let a = sum_proper_divisors(i);\n        let b = sum_proper_divisors(a);\n        if i == b && a != b {\n            sum += i;\n        }\n    }\n    sum\n}\n\nfn main() {\n    let candidate = amicable_numbers_sum;\n    assert_eq!(candidate(999), 504);\n    assert_eq!(candidate(9999), 31626);\n    assert_eq!(candidate(99), 0);\n}\n",
      "timestamp": 1666122693,
      "stdout": "",
      "stderr": "error[E0425]: cannot find function `sum_proper_divisors` in this scope\n --> /tmp/tmp0yy2lclf.rs:5:17\n  |\n5 |         let a = sum_proper_divisors(i);\n  |                 ^^^^^^^^^^^^^^^^^^^ not found in this scope\n\nerror[E0425]: cannot find function `sum_proper_divisors` in this scope\n --> /tmp/tmp0yy2lclf.rs:6:17\n  |\n6 |         let b = sum_proper_divisors(a);\n  |                 ^^^^^^^^^^^^^^^^^^^ not found in this scope\n\nerror: aborting due to 2 previous errors\n\nFor more information about this error, try `rustc --explain E0425`.\n",
      "exit_code": 1,
      "status": "SyntaxError"
    },
    {
      "program": "/// Write a function to sum all amicable numbers from 1 to a specified number.\nfn amicable_numbers_sum(limit: isize) -> isize {\n    let mut sum = 0;\n    for i in 1..limit {\n        let a = sum_of_divisors(i);\n        if a > i && sum_of_divisors(a) == i {\n            sum += a + i;\n        }\n    }\n    sum\n}\n\nfn main() {\n    let candidate = amicable_numbers_sum;\n    assert_eq!(candidate(999), 504);\n    assert_eq!(candidate(9999), 31626);\n    assert_eq!(candidate(99), 0);\n}\n",
      "timestamp": 1665517254,
      "stdout": "",
      "stderr": "error[E0425]: cannot find function `sum_of_divisors` in this scope\n --> /tmp/tmp6pu2i3_1.rs:5:17\n  |\n5 |         let a = sum_of_divisors(i);\n  |                 ^^^^^^^^^^^^^^^ not found in this scope\n\nerror[E0425]: cannot find function `sum_of_divisors` in this scope\n --> /tmp/tmp6pu2i3_1.rs:6:21\n  |\n6 |         if a > i && sum_of_divisors(a) == i {\n  |                     ^^^^^^^^^^^^^^^ not found in this scope\n\nerror: aborting due to 2 previous errors\n\nFor more information about this error, try `rustc --explain E0425`.\n",
      "exit_code": 1,
      "status": "SyntaxError"
    },
    {
      "program": "/// Write a function to sum all amicable numbers from 1 to a specified number.\nfn amicable_numbers_sum(limit: isize) -> isize {\n    let mut sum = 0;\n    for i in 1..limit {\n        let j = sum_proper_divisors(i);\n        if i != j && sum_proper_divisors(j) == i {\n            sum += i;\n        }\n    }\n    sum\n}\n\nfn main() {\n    let candidate = amicable_numbers_sum;\n    assert_eq!(candidate(999), 504);\n    assert_eq!(candidate(9999), 31626);\n    assert_eq!(candidate(99), 0);\n}\n",
      "timestamp": 1666122693,
      "stdout": "",
      "stderr": "error[E0425]: cannot find function `sum_proper_divisors` in this scope\n --> /tmp/tmp6zqcp8zu.rs:5:17\n  |\n5 |         let j = sum_proper_divisors(i);\n  |                 ^^^^^^^^^^^^^^^^^^^ not found in this scope\n\nerror[E0425]: cannot find function `sum_proper_divisors` in this scope\n --> /tmp/tmp6zqcp8zu.rs:6:22\n  |\n6 |         if i != j && sum_proper_divisors(j) == i {\n  |                      ^^^^^^^^^^^^^^^^^^^ not found in this scope\n\nerror: aborting due to 2 previous errors\n\nFor more information about this error, try `rustc --explain E0425`.\n",
      "exit_code": 1,
      "status": "SyntaxError"
    },
    {
      "program": "/// Write a function to sum all amicable numbers from 1 to a specified number.\nfn amicable_numbers_sum(limit: isize) -> isize {\n    let mut sum = 0;\n    for i in 1..limit {\n        let a = sum_divisors(i);\n        if a > i && sum_divisors(a) == i {\n            sum += i + a;\n        }\n    }\n    sum\n}\n\nfn main() {\n    let candidate = amicable_numbers_sum;\n    assert_eq!(candidate(999), 504);\n    assert_eq!(candidate(9999), 31626);\n    assert_eq!(candidate(99), 0);\n}\n",
      "timestamp": 1666122693,
      "stdout": "",
      "stderr": "error[E0425]: cannot find function `sum_divisors` in this scope\n --> /tmp/tmpnpyar0wq.rs:5:17\n  |\n5 |         let a = sum_divisors(i);\n  |                 ^^^^^^^^^^^^ not found in this scope\n\nerror[E0425]: cannot find function `sum_divisors` in this scope\n --> /tmp/tmpnpyar0wq.rs:6:21\n  |\n6 |         if a > i && sum_divisors(a) == i {\n  |                     ^^^^^^^^^^^^ not found in this scope\n\nerror: aborting due to 2 previous errors\n\nFor more information about this error, try `rustc --explain E0425`.\n",
      "exit_code": 1,
      "status": "SyntaxError"
    },
    {
      "program": "/// Write a function to sum all amicable numbers from 1 to a specified number.\nfn amicable_numbers_sum(limit: isize) -> isize {\n    let mut sum = 0;\n    for i in 1..limit {\n        let a = sum_of_divisors(i);\n        if a > i && sum_of_divisors(a) == i {\n            sum += i + a;\n        }\n    }\n    sum\n}\n\nfn main() {\n    let candidate = amicable_numbers_sum;\n    assert_eq!(candidate(999), 504);\n    assert_eq!(candidate(9999), 31626);\n    assert_eq!(candidate(99), 0);\n}\n",
      "timestamp": 1665517254,
      "stdout": "",
      "stderr": "error[E0425]: cannot find function `sum_of_divisors` in this scope\n --> /tmp/tmpbklirzsq.rs:5:17\n  |\n5 |         let a = sum_of_divisors(i);\n  |                 ^^^^^^^^^^^^^^^ not found in this scope\n\nerror[E0425]: cannot find function `sum_of_divisors` in this scope\n --> /tmp/tmpbklirzsq.rs:6:21\n  |\n6 |         if a > i && sum_of_divisors(a) == i {\n  |                     ^^^^^^^^^^^^^^^ not found in this scope\n\nerror: aborting due to 2 previous errors\n\nFor more information about this error, try `rustc --explain E0425`.\n",
      "exit_code": 1,
      "status": "SyntaxError"
    },
    {
      "program": "/// Write a function to sum all amicable numbers from 1 to a specified number.\nfn amicable_numbers_sum(limit: isize) -> isize {\n    let mut sum = 0;\n    for i in 1..limit {\n        let a = sum_divisors(i);\n        if a > i && sum_divisors(a) == i {\n            sum += a + i;\n        }\n    }\n    sum\n}\n\nfn main() {\n    let candidate = amicable_numbers_sum;\n    assert_eq!(candidate(999), 504);\n    assert_eq!(candidate(9999), 31626);\n    assert_eq!(candidate(99), 0);\n}\n",
      "timestamp": 1666122693,
      "stdout": "",
      "stderr": "error[E0425]: cannot find function `sum_divisors` in this scope\n --> /tmp/tmptil05q4s.rs:5:17\n  |\n5 |         let a = sum_divisors(i);\n  |                 ^^^^^^^^^^^^ not found in this scope\n\nerror[E0425]: cannot find function `sum_divisors` in this scope\n --> /tmp/tmptil05q4s.rs:6:21\n  |\n6 |         if a > i && sum_divisors(a) == i {\n  |                     ^^^^^^^^^^^^ not found in this scope\n\nerror: aborting due to 2 previous errors\n\nFor more information about this error, try `rustc --explain E0425`.\n",
      "exit_code": 1,
      "status": "SyntaxError"
    },
    {
      "program": "/// Write a function to sum all amicable numbers from 1 to a specified number.\nfn amicable_numbers_sum(limit: isize) -> isize {\n    let mut sum = 0;\n    for i in 1..limit {\n        let d = sum_of_divisors(i);\n        if d != i && sum_of_divisors(d) == i {\n            sum += i;\n        }\n    }\n    sum\n}\n\nfn main() {\n    let candidate = amicable_numbers_sum;\n    assert_eq!(candidate(999), 504);\n    assert_eq!(candidate(9999), 31626);\n    assert_eq!(candidate(99), 0);\n}\n",
      "timestamp": 1666122693,
      "stdout": "",
      "stderr": "error[E0425]: cannot find function `sum_of_divisors` in this scope\n --> /tmp/tmpyrdb_5x_.rs:5:17\n  |\n5 |         let d = sum_of_divisors(i);\n  |                 ^^^^^^^^^^^^^^^ not found in this scope\n\nerror[E0425]: cannot find function `sum_of_divisors` in this scope\n --> /tmp/tmpyrdb_5x_.rs:6:22\n  |\n6 |         if d != i && sum_of_divisors(d) == i {\n  |                      ^^^^^^^^^^^^^^^ not found in this scope\n\nerror: aborting due to 2 previous errors\n\nFor more information about this error, try `rustc --explain E0425`.\n",
      "exit_code": 1,
      "status": "SyntaxError"
    },
    {
      "program": "/// Write a function to sum all amicable numbers from 1 to a specified number.\nfn amicable_numbers_sum(limit: isize) -> isize {\n    let mut sum = 0;\n    for i in 1..limit {\n        let a = sum_of_divisors(i);\n        if a > i && sum_of_divisors(a) == i {\n            sum += i + a;\n        }\n    }\n    sum\n}\n\nfn main() {\n    let candidate = amicable_numbers_sum;\n    assert_eq!(candidate(999), 504);\n    assert_eq!(candidate(9999), 31626);\n    assert_eq!(candidate(99), 0);\n}\n",
      "timestamp": 1665517254,
      "stdout": "",
      "stderr": "error[E0425]: cannot find function `sum_of_divisors` in this scope\n --> /tmp/tmpbklirzsq.rs:5:17\n  |\n5 |         let a = sum_of_divisors(i);\n  |                 ^^^^^^^^^^^^^^^ not found in this scope\n\nerror[E0425]: cannot find function `sum_of_divisors` in this scope\n --> /tmp/tmpbklirzsq.rs:6:21\n  |\n6 |         if a > i && sum_of_divisors(a) == i {\n  |                     ^^^^^^^^^^^^^^^ not found in this scope\n\nerror: aborting due to 2 previous errors\n\nFor more information about this error, try `rustc --explain E0425`.\n",
      "exit_code": 1,
      "status": "SyntaxError"
    },
    {
      "program": "/// Write a function to sum all amicable numbers from 1 to a specified number.\nfn amicable_numbers_sum(limit: isize) -> isize {\n    let mut sum = 0;\n    for n in 1..limit {\n        let m = sum_of_divisors(n);\n        if m != n && sum_of_divisors(m) == n {\n            sum += n;\n        }\n    }\n    sum\n}\n\nfn main() {\n    let candidate = amicable_numbers_sum;\n    assert_eq!(candidate(999), 504);\n    assert_eq!(candidate(9999), 31626);\n    assert_eq!(candidate(99), 0);\n}\n",
      "timestamp": 1666122693,
      "stdout": "",
      "stderr": "error[E0425]: cannot find function `sum_of_divisors` in this scope\n --> /tmp/tmpccfucp2g.rs:5:17\n  |\n5 |         let m = sum_of_divisors(n);\n  |                 ^^^^^^^^^^^^^^^ not found in this scope\n\nerror[E0425]: cannot find function `sum_of_divisors` in this scope\n --> /tmp/tmpccfucp2g.rs:6:22\n  |\n6 |         if m != n && sum_of_divisors(m) == n {\n  |                      ^^^^^^^^^^^^^^^ not found in this scope\n\nerror: aborting due to 2 previous errors\n\nFor more information about this error, try `rustc --explain E0425`.\n",
      "exit_code": 1,
      "status": "SyntaxError"
    },
    {
      "program": "/// Write a function to sum all amicable numbers from 1 to a specified number.\nfn amicable_numbers_sum(limit: isize) -> isize {\n    let mut sum = 0;\n    for i in 1..limit {\n        let j = sum_proper_divisors(i);\n        if i != j && sum_proper_divisors(j) == i {\n            sum += i + j;\n        }\n    }\n    sum\n}\n\nfn main() {\n    let candidate = amicable_numbers_sum;\n    assert_eq!(candidate(999), 504);\n    assert_eq!(candidate(9999), 31626);\n    assert_eq!(candidate(99), 0);\n}\n",
      "timestamp": 1666122693,
      "stdout": "",
      "stderr": "error[E0425]: cannot find function `sum_proper_divisors` in this scope\n --> /tmp/tmpu9pz_yap.rs:5:17\n  |\n5 |         let j = sum_proper_divisors(i);\n  |                 ^^^^^^^^^^^^^^^^^^^ not found in this scope\n\nerror[E0425]: cannot find function `sum_proper_divisors` in this scope\n --> /tmp/tmpu9pz_yap.rs:6:22\n  |\n6 |         if i != j && sum_proper_divisors(j) == i {\n  |                      ^^^^^^^^^^^^^^^^^^^ not found in this scope\n\nerror: aborting due to 2 previous errors\n\nFor more information about this error, try `rustc --explain E0425`.\n",
      "exit_code": 1,
      "status": "SyntaxError"
    },
    {
      "program": "/// Write a function to sum all amicable numbers from 1 to a specified number.\nfn amicable_numbers_sum(limit: isize) -> isize {\n    let mut sum = 0;\n    for n in 1..limit {\n        let m = sum_of_divisors(n);\n        if m > n && sum_of_divisors(m) == n {\n            sum += n + m;\n        }\n    }\n    sum\n}\n\nfn main() {\n    let candidate = amicable_numbers_sum;\n    assert_eq!(candidate(999), 504);\n    assert_eq!(candidate(9999), 31626);\n    assert_eq!(candidate(99), 0);\n}\n",
      "timestamp": 1666122693,
      "stdout": "",
      "stderr": "error[E0425]: cannot find function `sum_of_divisors` in this scope\n --> /tmp/tmpm5agueng.rs:5:17\n  |\n5 |         let m = sum_of_divisors(n);\n  |                 ^^^^^^^^^^^^^^^ not found in this scope\n\nerror[E0425]: cannot find function `sum_of_divisors` in this scope\n --> /tmp/tmpm5agueng.rs:6:21\n  |\n6 |         if m > n && sum_of_divisors(m) == n {\n  |                     ^^^^^^^^^^^^^^^ not found in this scope\n\nerror: aborting due to 2 previous errors\n\nFor more information about this error, try `rustc --explain E0425`.\n",
      "exit_code": 1,
      "status": "SyntaxError"
    },
    {
      "program": "/// Write a function to sum all amicable numbers from 1 to a specified number.\nfn amicable_numbers_sum(limit: isize) -> isize {\n    let mut sum = 0;\n    for i in 1..limit {\n        let a = sum_of_divisors(i);\n        if a > i && sum_of_divisors(a) == i {\n            sum += a + i;\n        }\n    }\n    sum\n}\n\nfn main() {\n    let candidate = amicable_numbers_sum;\n    assert_eq!(candidate(999), 504);\n    assert_eq!(candidate(9999), 31626);\n    assert_eq!(candidate(99), 0);\n}\n",
      "timestamp": 1665517254,
      "stdout": "",
      "stderr": "error[E0425]: cannot find function `sum_of_divisors` in this scope\n --> /tmp/tmp6pu2i3_1.rs:5:17\n  |\n5 |         let a = sum_of_divisors(i);\n  |                 ^^^^^^^^^^^^^^^ not found in this scope\n\nerror[E0425]: cannot find function `sum_of_divisors` in this scope\n --> /tmp/tmp6pu2i3_1.rs:6:21\n  |\n6 |         if a > i && sum_of_divisors(a) == i {\n  |                     ^^^^^^^^^^^^^^^ not found in this scope\n\nerror: aborting due to 2 previous errors\n\nFor more information about this error, try `rustc --explain E0425`.\n",
      "exit_code": 1,
      "status": "SyntaxError"
    },
    {
      "program": "/// Write a function to sum all amicable numbers from 1 to a specified number.\nfn amicable_numbers_sum(limit: isize) -> isize {\n    let mut sum = 0;\n    for n in 1..limit {\n        let m = sum_proper_divisors(n);\n        if m != n && sum_proper_divisors(m) == n {\n            sum += n;\n        }\n    }\n    sum\n}\n\nfn main() {\n    let candidate = amicable_numbers_sum;\n    assert_eq!(candidate(999), 504);\n    assert_eq!(candidate(9999), 31626);\n    assert_eq!(candidate(99), 0);\n}\n",
      "timestamp": 1666122693,
      "stdout": "",
      "stderr": "error[E0425]: cannot find function `sum_proper_divisors` in this scope\n --> /tmp/tmptmgh0q87.rs:5:17\n  |\n5 |         let m = sum_proper_divisors(n);\n  |                 ^^^^^^^^^^^^^^^^^^^ not found in this scope\n\nerror[E0425]: cannot find function `sum_proper_divisors` in this scope\n --> /tmp/tmptmgh0q87.rs:6:22\n  |\n6 |         if m != n && sum_proper_divisors(m) == n {\n  |                      ^^^^^^^^^^^^^^^^^^^ not found in this scope\n\nerror: aborting due to 2 previous errors\n\nFor more information about this error, try `rustc --explain E0425`.\n",
      "exit_code": 1,
      "status": "SyntaxError"
    },
    {
      "program": "/// Write a function to sum all amicable numbers from 1 to a specified number.\nfn amicable_numbers_sum(limit: isize) -> isize {\n    let mut sum = 0;\n    for i in 1..limit {\n        let j = divisors_sum(i);\n        if i != j && divisors_sum(j) == i {\n            sum += i;\n        }\n    }\n    sum\n}\n\nfn main() {\n    let candidate = amicable_numbers_sum;\n    assert_eq!(candidate(999), 504);\n    assert_eq!(candidate(9999), 31626);\n    assert_eq!(candidate(99), 0);\n}\n",
      "timestamp": 1666122693,
      "stdout": "",
      "stderr": "error[E0425]: cannot find function `divisors_sum` in this scope\n --> /tmp/tmpik18y1jt.rs:5:17\n  |\n5 |         let j = divisors_sum(i);\n  |                 ^^^^^^^^^^^^ not found in this scope\n\nerror[E0425]: cannot find function `divisors_sum` in this scope\n --> /tmp/tmpik18y1jt.rs:6:22\n  |\n6 |         if i != j && divisors_sum(j) == i {\n  |                      ^^^^^^^^^^^^ not found in this scope\n\nerror: aborting due to 2 previous errors\n\nFor more information about this error, try `rustc --explain E0425`.\n",
      "exit_code": 1,
      "status": "SyntaxError"
    },
    {
      "program": "/// Write a function to sum all amicable numbers from 1 to a specified number.\nfn amicable_numbers_sum(limit: isize) -> isize {\n    let mut sum = 0;\n    for i in 1..limit {\n        let a = sum_proper_divisors(i);\n        let b = sum_proper_divisors(a);\n        if i == b && i != a {\n            sum += i;\n        }\n    }\n    sum\n}\n\nfn main() {\n    let candidate = amicable_numbers_sum;\n    assert_eq!(candidate(999), 504);\n    assert_eq!(candidate(9999), 31626);\n    assert_eq!(candidate(99), 0);\n}\n",
      "timestamp": 1665517254,
      "stdout": "",
      "stderr": "error[E0425]: cannot find function `sum_proper_divisors` in this scope\n --> /tmp/tmp64uga_pc.rs:5:17\n  |\n5 |         let a = sum_proper_divisors(i);\n  |                 ^^^^^^^^^^^^^^^^^^^ not found in this scope\n\nerror[E0425]: cannot find function `sum_proper_divisors` in this scope\n --> /tmp/tmp64uga_pc.rs:6:17\n  |\n6 |         let b = sum_proper_divisors(a);\n  |                 ^^^^^^^^^^^^^^^^^^^ not found in this scope\n\nerror: aborting due to 2 previous errors\n\nFor more information about this error, try `rustc --explain E0425`.\n",
      "exit_code": 1,
      "status": "SyntaxError"
    },
    {
      "program": "/// Write a function to sum all amicable numbers from 1 to a specified number.\nfn amicable_numbers_sum(limit: isize) -> isize {\n    let mut sum = 0;\n    for i in 1..limit {\n        let a = sum_of_divisors(i);\n        if a > i && sum_of_divisors(a) == i {\n            sum += i + a;\n        }\n    }\n    sum\n}\n\nfn main() {\n    let candidate = amicable_numbers_sum;\n    assert_eq!(candidate(999), 504);\n    assert_eq!(candidate(9999), 31626);\n    assert_eq!(candidate(99), 0);\n}\n",
      "timestamp": 1665517254,
      "stdout": "",
      "stderr": "error[E0425]: cannot find function `sum_of_divisors` in this scope\n --> /tmp/tmpbklirzsq.rs:5:17\n  |\n5 |         let a = sum_of_divisors(i);\n  |                 ^^^^^^^^^^^^^^^ not found in this scope\n\nerror[E0425]: cannot find function `sum_of_divisors` in this scope\n --> /tmp/tmpbklirzsq.rs:6:21\n  |\n6 |         if a > i && sum_of_divisors(a) == i {\n  |                     ^^^^^^^^^^^^^^^ not found in this scope\n\nerror: aborting due to 2 previous errors\n\nFor more information about this error, try `rustc --explain E0425`.\n",
      "exit_code": 1,
      "status": "SyntaxError"
    },
    {
      "program": "/// Write a function to sum all amicable numbers from 1 to a specified number.\nfn amicable_numbers_sum(limit: isize) -> isize {\n    let mut sum = 0;\n    for i in 1..limit {\n        let a = sum_proper_divisors(i);\n        if a != i && sum_proper_divisors(a) == i {\n            sum += i;\n        }\n    }\n    sum\n}\n\nfn main() {\n    let candidate = amicable_numbers_sum;\n    assert_eq!(candidate(999), 504);\n    assert_eq!(candidate(9999), 31626);\n    assert_eq!(candidate(99), 0);\n}\n",
      "timestamp": 1666122693,
      "stdout": "",
      "stderr": "error[E0425]: cannot find function `sum_proper_divisors` in this scope\n --> /tmp/tmp7vke6f13.rs:5:17\n  |\n5 |         let a = sum_proper_divisors(i);\n  |                 ^^^^^^^^^^^^^^^^^^^ not found in this scope\n\nerror[E0425]: cannot find function `sum_proper_divisors` in this scope\n --> /tmp/tmp7vke6f13.rs:6:22\n  |\n6 |         if a != i && sum_proper_divisors(a) == i {\n  |                      ^^^^^^^^^^^^^^^^^^^ not found in this scope\n\nerror: aborting due to 2 previous errors\n\nFor more information about this error, try `rustc --explain E0425`.\n",
      "exit_code": 1,
      "status": "SyntaxError"
    },
    {
      "program": "/// Write a function to sum all amicable numbers from 1 to a specified number.\nfn amicable_numbers_sum(limit: isize) -> isize {\n    let mut sum = 0;\n    for i in 1..limit {\n        let a = sum_of_divisors(i);\n        if a > i && sum_of_divisors(a) == i {\n            sum += i + a;\n        }\n    }\n    sum\n}\n\nfn main() {\n    let candidate = amicable_numbers_sum;\n    assert_eq!(candidate(999), 504);\n    assert_eq!(candidate(9999), 31626);\n    assert_eq!(candidate(99), 0);\n}\n",
      "timestamp": 1665517254,
      "stdout": "",
      "stderr": "error[E0425]: cannot find function `sum_of_divisors` in this scope\n --> /tmp/tmpbklirzsq.rs:5:17\n  |\n5 |         let a = sum_of_divisors(i);\n  |                 ^^^^^^^^^^^^^^^ not found in this scope\n\nerror[E0425]: cannot find function `sum_of_divisors` in this scope\n --> /tmp/tmpbklirzsq.rs:6:21\n  |\n6 |         if a > i && sum_of_divisors(a) == i {\n  |                     ^^^^^^^^^^^^^^^ not found in this scope\n\nerror: aborting due to 2 previous errors\n\nFor more information about this error, try `rustc --explain E0425`.\n",
      "exit_code": 1,
      "status": "SyntaxError"
    },
    {
      "program": "/// Write a function to sum all amicable numbers from 1 to a specified number.\nfn amicable_numbers_sum(limit: isize) -> isize {\n    let mut sum = 0;\n    for i in 1..limit {\n        let a = sum_of_divisors(i);\n        if a > i && sum_of_divisors(a) == i {\n            sum += i + a;\n        }\n    }\n    sum\n}\n\nfn main() {\n    let candidate = amicable_numbers_sum;\n    assert_eq!(candidate(999), 504);\n    assert_eq!(candidate(9999), 31626);\n    assert_eq!(candidate(99), 0);\n}\n",
      "timestamp": 1665517254,
      "stdout": "",
      "stderr": "error[E0425]: cannot find function `sum_of_divisors` in this scope\n --> /tmp/tmpbklirzsq.rs:5:17\n  |\n5 |         let a = sum_of_divisors(i);\n  |                 ^^^^^^^^^^^^^^^ not found in this scope\n\nerror[E0425]: cannot find function `sum_of_divisors` in this scope\n --> /tmp/tmpbklirzsq.rs:6:21\n  |\n6 |         if a > i && sum_of_divisors(a) == i {\n  |                     ^^^^^^^^^^^^^^^ not found in this scope\n\nerror: aborting due to 2 previous errors\n\nFor more information about this error, try `rustc --explain E0425`.\n",
      "exit_code": 1,
      "status": "SyntaxError"
    },
    {
      "program": "/// Write a function to sum all amicable numbers from 1 to a specified number.\nfn amicable_numbers_sum(limit: isize) -> isize {\n    let mut sum = 0;\n    for i in 1..limit {\n        let a = sum_of_divisors(i);\n        if a > i && sum_of_divisors(a) == i {\n            sum += i + a;\n        }\n    }\n    sum\n}\n\nfn main() {\n    let candidate = amicable_numbers_sum;\n    assert_eq!(candidate(999), 504);\n    assert_eq!(candidate(9999), 31626);\n    assert_eq!(candidate(99), 0);\n}\n",
      "timestamp": 1665517254,
      "stdout": "",
      "stderr": "error[E0425]: cannot find function `sum_of_divisors` in this scope\n --> /tmp/tmpbklirzsq.rs:5:17\n  |\n5 |         let a = sum_of_divisors(i);\n  |                 ^^^^^^^^^^^^^^^ not found in this scope\n\nerror[E0425]: cannot find function `sum_of_divisors` in this scope\n --> /tmp/tmpbklirzsq.rs:6:21\n  |\n6 |         if a > i && sum_of_divisors(a) == i {\n  |                     ^^^^^^^^^^^^^^^ not found in this scope\n\nerror: aborting due to 2 previous errors\n\nFor more information about this error, try `rustc --explain E0425`.\n",
      "exit_code": 1,
      "status": "SyntaxError"
    },
    {
      "program": "/// Write a function to sum all amicable numbers from 1 to a specified number.\nfn amicable_numbers_sum(limit: isize) -> isize {\n    let mut sum = 0;\n    for i in 1..limit {\n        let a = sum_of_divisors(i);\n        if a > i && sum_of_divisors(a) == i {\n            sum += i + a;\n        }\n    }\n    sum\n}\n\nfn main() {\n    let candidate = amicable_numbers_sum;\n    assert_eq!(candidate(999), 504);\n    assert_eq!(candidate(9999), 31626);\n    assert_eq!(candidate(99), 0);\n}\n",
      "timestamp": 1665517254,
      "stdout": "",
      "stderr": "error[E0425]: cannot find function `sum_of_divisors` in this scope\n --> /tmp/tmpbklirzsq.rs:5:17\n  |\n5 |         let a = sum_of_divisors(i);\n  |                 ^^^^^^^^^^^^^^^ not found in this scope\n\nerror[E0425]: cannot find function `sum_of_divisors` in this scope\n --> /tmp/tmpbklirzsq.rs:6:21\n  |\n6 |         if a > i && sum_of_divisors(a) == i {\n  |                     ^^^^^^^^^^^^^^^ not found in this scope\n\nerror: aborting due to 2 previous errors\n\nFor more information about this error, try `rustc --explain E0425`.\n",
      "exit_code": 1,
      "status": "SyntaxError"
    },
    {
      "program": "/// Write a function to sum all amicable numbers from 1 to a specified number.\nfn amicable_numbers_sum(limit: isize) -> isize {\n    let mut sum = 0;\n    for i in 1..limit {\n        let a = sum_of_divisors(i);\n        let b = sum_of_divisors(a);\n        if i == b && i != a {\n            sum += i;\n        }\n    }\n    sum\n}\n\nfn main() {\n    let candidate = amicable_numbers_sum;\n    assert_eq!(candidate(999), 504);\n    assert_eq!(candidate(9999), 31626);\n    assert_eq!(candidate(99), 0);\n}\n",
      "timestamp": 1665517254,
      "stdout": "",
      "stderr": "error[E0425]: cannot find function `sum_of_divisors` in this scope\n --> /tmp/tmpfwi6hjuj.rs:5:17\n  |\n5 |         let a = sum_of_divisors(i);\n  |                 ^^^^^^^^^^^^^^^ not found in this scope\n\nerror[E0425]: cannot find function `sum_of_divisors` in this scope\n --> /tmp/tmpfwi6hjuj.rs:6:17\n  |\n6 |         let b = sum_of_divisors(a);\n  |                 ^^^^^^^^^^^^^^^ not found in this scope\n\nerror: aborting due to 2 previous errors\n\nFor more information about this error, try `rustc --explain E0425`.\n",
      "exit_code": 1,
      "status": "SyntaxError"
    },
    {
      "program": "/// Write a function to sum all amicable numbers from 1 to a specified number.\nfn amicable_numbers_sum(limit: isize) -> isize {\n    let mut sum = 0;\n    for i in 1..limit {\n        let a = sum_proper_divisors(i);\n        if a > i && sum_proper_divisors(a) == i {\n            sum += i + a;\n        }\n    }\n    sum\n}\n\nfn main() {\n    let candidate = amicable_numbers_sum;\n    assert_eq!(candidate(999), 504);\n    assert_eq!(candidate(9999), 31626);\n    assert_eq!(candidate(99), 0);\n}\n",
      "timestamp": 1665517254,
      "stdout": "",
      "stderr": "error[E0425]: cannot find function `sum_proper_divisors` in this scope\n --> /tmp/tmpy8ne8g7e.rs:5:17\n  |\n5 |         let a = sum_proper_divisors(i);\n  |                 ^^^^^^^^^^^^^^^^^^^ not found in this scope\n\nerror[E0425]: cannot find function `sum_proper_divisors` in this scope\n --> /tmp/tmpy8ne8g7e.rs:6:21\n  |\n6 |         if a > i && sum_proper_divisors(a) == i {\n  |                     ^^^^^^^^^^^^^^^^^^^ not found in this scope\n\nerror: aborting due to 2 previous errors\n\nFor more information about this error, try `rustc --explain E0425`.\n",
      "exit_code": 1,
      "status": "SyntaxError"
    },
    {
      "program": "/// Write a function to sum all amicable numbers from 1 to a specified number.\nfn amicable_numbers_sum(limit: isize) -> isize {\n    let mut sum = 0;\n    for i in 1..limit {\n        let a = sum_of_divisors(i);\n        if a > i && sum_of_divisors(a) == i {\n            sum += a + i;\n        }\n    }\n    sum\n}\n\nfn main() {\n    let candidate = amicable_numbers_sum;\n    assert_eq!(candidate(999), 504);\n    assert_eq!(candidate(9999), 31626);\n    assert_eq!(candidate(99), 0);\n}\n",
      "timestamp": 1665517254,
      "stdout": "",
      "stderr": "error[E0425]: cannot find function `sum_of_divisors` in this scope\n --> /tmp/tmp6pu2i3_1.rs:5:17\n  |\n5 |         let a = sum_of_divisors(i);\n  |                 ^^^^^^^^^^^^^^^ not found in this scope\n\nerror[E0425]: cannot find function `sum_of_divisors` in this scope\n --> /tmp/tmp6pu2i3_1.rs:6:21\n  |\n6 |         if a > i && sum_of_divisors(a) == i {\n  |                     ^^^^^^^^^^^^^^^ not found in this scope\n\nerror: aborting due to 2 previous errors\n\nFor more information about this error, try `rustc --explain E0425`.\n",
      "exit_code": 1,
      "status": "SyntaxError"
    },
    {
      "program": "/// Write a function to sum all amicable numbers from 1 to a specified number.\nfn amicable_numbers_sum(limit: isize) -> isize {\n    let mut sum = 0;\n    for i in 1..limit {\n        let a = sum_of_divisors(i);\n        let b = sum_of_divisors(a);\n        if i == b && i != a {\n            sum += i;\n        }\n    }\n    sum\n}\n\nfn main() {\n    let candidate = amicable_numbers_sum;\n    assert_eq!(candidate(999), 504);\n    assert_eq!(candidate(9999), 31626);\n    assert_eq!(candidate(99), 0);\n}\n",
      "timestamp": 1665517254,
      "stdout": "",
      "stderr": "error[E0425]: cannot find function `sum_of_divisors` in this scope\n --> /tmp/tmpfwi6hjuj.rs:5:17\n  |\n5 |         let a = sum_of_divisors(i);\n  |                 ^^^^^^^^^^^^^^^ not found in this scope\n\nerror[E0425]: cannot find function `sum_of_divisors` in this scope\n --> /tmp/tmpfwi6hjuj.rs:6:17\n  |\n6 |         let b = sum_of_divisors(a);\n  |                 ^^^^^^^^^^^^^^^ not found in this scope\n\nerror: aborting due to 2 previous errors\n\nFor more information about this error, try `rustc --explain E0425`.\n",
      "exit_code": 1,
      "status": "SyntaxError"
    },
    {
      "program": "/// Write a function to sum all amicable numbers from 1 to a specified number.\nfn amicable_numbers_sum(limit: isize) -> isize {\n    let mut sum = 0;\n    for i in 1..limit {\n        let a = sum_proper_divisors(i);\n        if a != i && sum_proper_divisors(a) == i {\n            sum += i;\n        }\n    }\n    sum\n}\n\nfn main() {\n    let candidate = amicable_numbers_sum;\n    assert_eq!(candidate(999), 504);\n    assert_eq!(candidate(9999), 31626);\n    assert_eq!(candidate(99), 0);\n}\n",
      "timestamp": 1666122693,
      "stdout": "",
      "stderr": "error[E0425]: cannot find function `sum_proper_divisors` in this scope\n --> /tmp/tmp7vke6f13.rs:5:17\n  |\n5 |         let a = sum_proper_divisors(i);\n  |                 ^^^^^^^^^^^^^^^^^^^ not found in this scope\n\nerror[E0425]: cannot find function `sum_proper_divisors` in this scope\n --> /tmp/tmp7vke6f13.rs:6:22\n  |\n6 |         if a != i && sum_proper_divisors(a) == i {\n  |                      ^^^^^^^^^^^^^^^^^^^ not found in this scope\n\nerror: aborting due to 2 previous errors\n\nFor more information about this error, try `rustc --explain E0425`.\n",
      "exit_code": 1,
      "status": "SyntaxError"
    },
    {
      "program": "/// Write a function to sum all amicable numbers from 1 to a specified number.\nfn amicable_numbers_sum(limit: isize) -> isize {\n    let mut sum = 0;\n    for i in 1..limit {\n        let a = sum_of_divisors(i);\n        if a > i && sum_of_divisors(a) == i {\n            sum += i + a;\n        }\n    }\n    sum\n}\n\nfn main() {\n    let candidate = amicable_numbers_sum;\n    assert_eq!(candidate(999), 504);\n    assert_eq!(candidate(9999), 31626);\n    assert_eq!(candidate(99), 0);\n}\n",
      "timestamp": 1665517254,
      "stdout": "",
      "stderr": "error[E0425]: cannot find function `sum_of_divisors` in this scope\n --> /tmp/tmpbklirzsq.rs:5:17\n  |\n5 |         let a = sum_of_divisors(i);\n  |                 ^^^^^^^^^^^^^^^ not found in this scope\n\nerror[E0425]: cannot find function `sum_of_divisors` in this scope\n --> /tmp/tmpbklirzsq.rs:6:21\n  |\n6 |         if a > i && sum_of_divisors(a) == i {\n  |                     ^^^^^^^^^^^^^^^ not found in this scope\n\nerror: aborting due to 2 previous errors\n\nFor more information about this error, try `rustc --explain E0425`.\n",
      "exit_code": 1,
      "status": "SyntaxError"
    },
    {
      "program": "/// Write a function to sum all amicable numbers from 1 to a specified number.\nfn amicable_numbers_sum(limit: isize) -> isize {\n    let mut sum = 0;\n    for i in 1..limit {\n        let a = sum_of_divisors(i);\n        if a > i && sum_of_divisors(a) == i {\n            sum += a + i;\n        }\n    }\n    sum\n}\n\nfn main() {\n    let candidate = amicable_numbers_sum;\n    assert_eq!(candidate(999), 504);\n    assert_eq!(candidate(9999), 31626);\n    assert_eq!(candidate(99), 0);\n}\n",
      "timestamp": 1665517254,
      "stdout": "",
      "stderr": "error[E0425]: cannot find function `sum_of_divisors` in this scope\n --> /tmp/tmp6pu2i3_1.rs:5:17\n  |\n5 |         let a = sum_of_divisors(i);\n  |                 ^^^^^^^^^^^^^^^ not found in this scope\n\nerror[E0425]: cannot find function `sum_of_divisors` in this scope\n --> /tmp/tmp6pu2i3_1.rs:6:21\n  |\n6 |         if a > i && sum_of_divisors(a) == i {\n  |                     ^^^^^^^^^^^^^^^ not found in this scope\n\nerror: aborting due to 2 previous errors\n\nFor more information about this error, try `rustc --explain E0425`.\n",
      "exit_code": 1,
      "status": "SyntaxError"
    },
    {
      "program": "/// Write a function to sum all amicable numbers from 1 to a specified number.\nfn amicable_numbers_sum(limit: isize) -> isize {\n    let mut sum = 0;\n    for i in 1..limit {\n        let a = sum_divisors(i);\n        if a > i {\n            let b = sum_divisors(a);\n            if b == i {\n                sum += i + a;\n            }\n        }\n    }\n    sum\n}\n\nfn main() {\n    let candidate = amicable_numbers_sum;\n    assert_eq!(candidate(999), 504);\n    assert_eq!(candidate(9999), 31626);\n    assert_eq!(candidate(99), 0);\n}\n",
      "timestamp": 1666122693,
      "stdout": "",
      "stderr": "error[E0425]: cannot find function `sum_divisors` in this scope\n --> /tmp/tmpirab6a3s.rs:5:17\n  |\n5 |         let a = sum_divisors(i);\n  |                 ^^^^^^^^^^^^ not found in this scope\n\nerror[E0425]: cannot find function `sum_divisors` in this scope\n --> /tmp/tmpirab6a3s.rs:7:21\n  |\n7 |             let b = sum_divisors(a);\n  |                     ^^^^^^^^^^^^ not found in this scope\n\nerror: aborting due to 2 previous errors\n\nFor more information about this error, try `rustc --explain E0425`.\n",
      "exit_code": 1,
      "status": "SyntaxError"
    },
    {
      "program": "/// Write a function to sum all amicable numbers from 1 to a specified number.\nfn amicable_numbers_sum(limit: isize) -> isize {\n    let mut sum = 0;\n    for i in 1..limit {\n        let a = divisors_sum(i);\n        if a != i && divisors_sum(a) == i {\n            sum += i;\n        }\n    }\n    sum\n}\n\nfn main() {\n    let candidate = amicable_numbers_sum;\n    assert_eq!(candidate(999), 504);\n    assert_eq!(candidate(9999), 31626);\n    assert_eq!(candidate(99), 0);\n}\n",
      "timestamp": 1666122693,
      "stdout": "",
      "stderr": "error[E0425]: cannot find function `divisors_sum` in this scope\n --> /tmp/tmpwupyncua.rs:5:17\n  |\n5 |         let a = divisors_sum(i);\n  |                 ^^^^^^^^^^^^ not found in this scope\n\nerror[E0425]: cannot find function `divisors_sum` in this scope\n --> /tmp/tmpwupyncua.rs:6:22\n  |\n6 |         if a != i && divisors_sum(a) == i {\n  |                      ^^^^^^^^^^^^ not found in this scope\n\nerror: aborting due to 2 previous errors\n\nFor more information about this error, try `rustc --explain E0425`.\n",
      "exit_code": 1,
      "status": "SyntaxError"
    },
    {
      "program": "/// Write a function to sum all amicable numbers from 1 to a specified number.\nfn amicable_numbers_sum(limit: isize) -> isize {\n    let mut sum = 0;\n    for i in 1..limit {\n        let a = sum_of_divisors(i);\n        if a > i && sum_of_divisors(a) == i {\n            sum += i + a;\n        }\n    }\n    sum\n}\n\nfn main() {\n    let candidate = amicable_numbers_sum;\n    assert_eq!(candidate(999), 504);\n    assert_eq!(candidate(9999), 31626);\n    assert_eq!(candidate(99), 0);\n}\n",
      "timestamp": 1665517254,
      "stdout": "",
      "stderr": "error[E0425]: cannot find function `sum_of_divisors` in this scope\n --> /tmp/tmpbklirzsq.rs:5:17\n  |\n5 |         let a = sum_of_divisors(i);\n  |                 ^^^^^^^^^^^^^^^ not found in this scope\n\nerror[E0425]: cannot find function `sum_of_divisors` in this scope\n --> /tmp/tmpbklirzsq.rs:6:21\n  |\n6 |         if a > i && sum_of_divisors(a) == i {\n  |                     ^^^^^^^^^^^^^^^ not found in this scope\n\nerror: aborting due to 2 previous errors\n\nFor more information about this error, try `rustc --explain E0425`.\n",
      "exit_code": 1,
      "status": "SyntaxError"
    },
    {
      "program": "/// Write a function to sum all amicable numbers from 1 to a specified number.\nfn amicable_numbers_sum(limit: isize) -> isize {\n    let mut sum = 0;\n    for i in 1..limit {\n        let a = sum_of_divisors(i);\n        if a > i && sum_of_divisors(a) == i {\n            sum += i + a;\n        }\n    }\n    sum\n}\n\nfn main() {\n    let candidate = amicable_numbers_sum;\n    assert_eq!(candidate(999), 504);\n    assert_eq!(candidate(9999), 31626);\n    assert_eq!(candidate(99), 0);\n}\n",
      "timestamp": 1665517254,
      "stdout": "",
      "stderr": "error[E0425]: cannot find function `sum_of_divisors` in this scope\n --> /tmp/tmpbklirzsq.rs:5:17\n  |\n5 |         let a = sum_of_divisors(i);\n  |                 ^^^^^^^^^^^^^^^ not found in this scope\n\nerror[E0425]: cannot find function `sum_of_divisors` in this scope\n --> /tmp/tmpbklirzsq.rs:6:21\n  |\n6 |         if a > i && sum_of_divisors(a) == i {\n  |                     ^^^^^^^^^^^^^^^ not found in this scope\n\nerror: aborting due to 2 previous errors\n\nFor more information about this error, try `rustc --explain E0425`.\n",
      "exit_code": 1,
      "status": "SyntaxError"
    },
    {
      "program": "/// Write a function to sum all amicable numbers from 1 to a specified number.\nfn amicable_numbers_sum(limit: isize) -> isize {\n    let mut sum = 0;\n    for i in 1..limit {\n        let a = sum_proper_divisors(i);\n        if a != i && sum_proper_divisors(a) == i {\n            sum += i;\n        }\n    }\n    sum\n}\n\nfn main() {\n    let candidate = amicable_numbers_sum;\n    assert_eq!(candidate(999), 504);\n    assert_eq!(candidate(9999), 31626);\n    assert_eq!(candidate(99), 0);\n}\n",
      "timestamp": 1666122693,
      "stdout": "",
      "stderr": "error[E0425]: cannot find function `sum_proper_divisors` in this scope\n --> /tmp/tmp7vke6f13.rs:5:17\n  |\n5 |         let a = sum_proper_divisors(i);\n  |                 ^^^^^^^^^^^^^^^^^^^ not found in this scope\n\nerror[E0425]: cannot find function `sum_proper_divisors` in this scope\n --> /tmp/tmp7vke6f13.rs:6:22\n  |\n6 |         if a != i && sum_proper_divisors(a) == i {\n  |                      ^^^^^^^^^^^^^^^^^^^ not found in this scope\n\nerror: aborting due to 2 previous errors\n\nFor more information about this error, try `rustc --explain E0425`.\n",
      "exit_code": 1,
      "status": "SyntaxError"
    },
    {
      "program": "/// Write a function to sum all amicable numbers from 1 to a specified number.\nfn amicable_numbers_sum(limit: isize) -> isize {\n    let mut sum = 0;\n    for i in 1..limit {\n        let a = sum_proper_divisors(i);\n        if a > i {\n            let b = sum_proper_divisors(a);\n            if b == i {\n                sum += a + b;\n            }\n        }\n    }\n    sum\n}\n\nfn main() {\n    let candidate = amicable_numbers_sum;\n    assert_eq!(candidate(999), 504);\n    assert_eq!(candidate(9999), 31626);\n    assert_eq!(candidate(99), 0);\n}\n",
      "timestamp": 1666122693,
      "stdout": "",
      "stderr": "error[E0425]: cannot find function `sum_proper_divisors` in this scope\n --> /tmp/tmp2pc7zrhf.rs:5:17\n  |\n5 |         let a = sum_proper_divisors(i);\n  |                 ^^^^^^^^^^^^^^^^^^^ not found in this scope\n\nerror[E0425]: cannot find function `sum_proper_divisors` in this scope\n --> /tmp/tmp2pc7zrhf.rs:7:21\n  |\n7 |             let b = sum_proper_divisors(a);\n  |                     ^^^^^^^^^^^^^^^^^^^ not found in this scope\n\nerror: aborting due to 2 previous errors\n\nFor more information about this error, try `rustc --explain E0425`.\n",
      "exit_code": 1,
      "status": "SyntaxError"
    },
    {
      "program": "/// Write a function to sum all amicable numbers from 1 to a specified number.\nfn amicable_numbers_sum(limit: isize) -> isize {\n    let mut sum = 0;\n    for i in 1..limit {\n        let a = sum_of_divisors(i);\n        if a > i && sum_of_divisors(a) == i {\n            sum += i;\n        }\n    }\n    sum\n}\n\nfn main() {\n    let candidate = amicable_numbers_sum;\n    assert_eq!(candidate(999), 504);\n    assert_eq!(candidate(9999), 31626);\n    assert_eq!(candidate(99), 0);\n}\n",
      "timestamp": 1665517254,
      "stdout": "",
      "stderr": "error[E0425]: cannot find function `sum_of_divisors` in this scope\n --> /tmp/tmp7cdxi8em.rs:5:17\n  |\n5 |         let a = sum_of_divisors(i);\n  |                 ^^^^^^^^^^^^^^^ not found in this scope\n\nerror[E0425]: cannot find function `sum_of_divisors` in this scope\n --> /tmp/tmp7cdxi8em.rs:6:21\n  |\n6 |         if a > i && sum_of_divisors(a) == i {\n  |                     ^^^^^^^^^^^^^^^ not found in this scope\n\nerror: aborting due to 2 previous errors\n\nFor more information about this error, try `rustc --explain E0425`.\n",
      "exit_code": 1,
      "status": "SyntaxError"
    },
    {
      "program": "/// Write a function to sum all amicable numbers from 1 to a specified number.\nfn amicable_numbers_sum(limit: isize) -> isize {\n    let mut sum = 0;\n    for i in 1..limit {\n        let a = sum_of_divisors(i);\n        if a == i {\n            continue;\n        }\n        if sum_of_divisors(a) == i {\n            sum += i;\n        }\n    }\n    sum\n}\n\nfn main() {\n    let candidate = amicable_numbers_sum;\n    assert_eq!(candidate(999), 504);\n    assert_eq!(candidate(9999), 31626);\n    assert_eq!(candidate(99), 0);\n}\n",
      "timestamp": 1666122693,
      "stdout": "",
      "stderr": "error[E0425]: cannot find function `sum_of_divisors` in this scope\n --> /tmp/tmpj4ve9t7m.rs:5:17\n  |\n5 |         let a = sum_of_divisors(i);\n  |                 ^^^^^^^^^^^^^^^ not found in this scope\n\nerror[E0425]: cannot find function `sum_of_divisors` in this scope\n --> /tmp/tmpj4ve9t7m.rs:9:12\n  |\n9 |         if sum_of_divisors(a) == i {\n  |            ^^^^^^^^^^^^^^^ not found in this scope\n\nerror: aborting due to 2 previous errors\n\nFor more information about this error, try `rustc --explain E0425`.\n",
      "exit_code": 1,
      "status": "SyntaxError"
    },
    {
      "program": "/// Write a function to sum all amicable numbers from 1 to a specified number.\nfn amicable_numbers_sum(limit: isize) -> isize {\n    let mut sum = 0;\n    for i in 1..limit {\n        let a = sum_of_divisors(i);\n        if a > i && sum_of_divisors(a) == i {\n            sum += i + a;\n        }\n    }\n    sum\n}\n\nfn main() {\n    let candidate = amicable_numbers_sum;\n    assert_eq!(candidate(999), 504);\n    assert_eq!(candidate(9999), 31626);\n    assert_eq!(candidate(99), 0);\n}\n",
      "timestamp": 1665517254,
      "stdout": "",
      "stderr": "error[E0425]: cannot find function `sum_of_divisors` in this scope\n --> /tmp/tmpbklirzsq.rs:5:17\n  |\n5 |         let a = sum_of_divisors(i);\n  |                 ^^^^^^^^^^^^^^^ not found in this scope\n\nerror[E0425]: cannot find function `sum_of_divisors` in this scope\n --> /tmp/tmpbklirzsq.rs:6:21\n  |\n6 |         if a > i && sum_of_divisors(a) == i {\n  |                     ^^^^^^^^^^^^^^^ not found in this scope\n\nerror: aborting due to 2 previous errors\n\nFor more information about this error, try `rustc --explain E0425`.\n",
      "exit_code": 1,
      "status": "SyntaxError"
    },
    {
      "program": "/// Write a function to sum all amicable numbers from 1 to a specified number.\nfn amicable_numbers_sum(limit: isize) -> isize {\n    let mut sum = 0;\n    for i in 1..limit {\n        let a = sum_divisors(i);\n        if a > i && sum_divisors(a) == i {\n            sum += i + a;\n        }\n    }\n    sum\n}\n\nfn main() {\n    let candidate = amicable_numbers_sum;\n    assert_eq!(candidate(999), 504);\n    assert_eq!(candidate(9999), 31626);\n    assert_eq!(candidate(99), 0);\n}\n",
      "timestamp": 1666122693,
      "stdout": "",
      "stderr": "error[E0425]: cannot find function `sum_divisors` in this scope\n --> /tmp/tmpnpyar0wq.rs:5:17\n  |\n5 |         let a = sum_divisors(i);\n  |                 ^^^^^^^^^^^^ not found in this scope\n\nerror[E0425]: cannot find function `sum_divisors` in this scope\n --> /tmp/tmpnpyar0wq.rs:6:21\n  |\n6 |         if a > i && sum_divisors(a) == i {\n  |                     ^^^^^^^^^^^^ not found in this scope\n\nerror: aborting due to 2 previous errors\n\nFor more information about this error, try `rustc --explain E0425`.\n",
      "exit_code": 1,
      "status": "SyntaxError"
    }
  ]
}