{
  "name": "mbpp_274_even_binomial_Coeff_Sum",
  "language": "rs",
  "prompt": "/// Write a rsthon function that takes in a positive integer n and finds the sum of even index binomial coefficients.\nfn even_binomial_Coeff_Sum(n: isize) -> isize {\n",
  "doctests": "transform",
  "original": "/home/arjun/repos/MultiPL-E/datasets/../datasets/mbpp-typed/mbpp_274_even_binomial_Coeff_Sum.py",
  "prompt_terminology": "reworded",
  "tests": "}\n\nfn main() {\n    let candidate = even_binomial_Coeff_Sum;\n    assert_eq!(candidate(4), 8);\n    assert_eq!(candidate(6), 32);\n    assert_eq!(candidate(2), 2);\n}\n",
  "stop_tokens": [
    "\n}"
  ],
  "results": [
    {
      "program": "/// Write a rsthon function that takes in a positive integer n and finds the sum of even index binomial coefficients.\nfn even_binomial_Coeff_Sum(n: isize) -> isize {\n    let mut sum = 0;\n    for i in 0..n+1 {\n        if i % 2 == 0 {\n            sum += binomial_Coeff(n, i);\n        }\n    }\n    sum\n}\n\nfn main() {\n    let candidate = even_binomial_Coeff_Sum;\n    assert_eq!(candidate(4), 8);\n    assert_eq!(candidate(6), 32);\n    assert_eq!(candidate(2), 2);\n}\n",
      "timestamp": 1665510137,
      "stdout": "",
      "stderr": "error[E0425]: cannot find function `binomial_Coeff` in this scope\n --> /tmp/tmpwcpl7rw7.rs:6:20\n  |\n6 |             sum += binomial_Coeff(n, i);\n  |                    ^^^^^^^^^^^^^^ not found in this scope\n\nerror: aborting due to previous error\n\nFor more information about this error, try `rustc --explain E0425`.\n",
      "exit_code": 1,
      "status": "SyntaxError"
    },
    {
      "program": "/// Write a rsthon function that takes in a positive integer n and finds the sum of even index binomial coefficients.\nfn even_binomial_Coeff_Sum(n: isize) -> isize {\n    let mut sum = 0;\n    for i in 0..n+1 {\n        if i % 2 == 0 {\n            sum += binomial_Coeff(n, i);\n        }\n    }\n    return sum;\n}\n\nfn main() {\n    let candidate = even_binomial_Coeff_Sum;\n    assert_eq!(candidate(4), 8);\n    assert_eq!(candidate(6), 32);\n    assert_eq!(candidate(2), 2);\n}\n",
      "timestamp": 1665510137,
      "stdout": "",
      "stderr": "error[E0425]: cannot find function `binomial_Coeff` in this scope\n --> /tmp/tmp5_k9z_ma.rs:6:20\n  |\n6 |             sum += binomial_Coeff(n, i);\n  |                    ^^^^^^^^^^^^^^ not found in this scope\n\nerror: aborting due to previous error\n\nFor more information about this error, try `rustc --explain E0425`.\n",
      "exit_code": 1,
      "status": "SyntaxError"
    },
    {
      "program": "/// Write a rsthon function that takes in a positive integer n and finds the sum of even index binomial coefficients.\nfn even_binomial_Coeff_Sum(n: isize) -> isize {\n    let mut sum = 0;\n    for i in 0..n + 1 {\n        if i % 2 == 0 {\n            sum += binomial_coeff(n, i);\n        }\n    }\n    sum\n}\n\nfn main() {\n    let candidate = even_binomial_Coeff_Sum;\n    assert_eq!(candidate(4), 8);\n    assert_eq!(candidate(6), 32);\n    assert_eq!(candidate(2), 2);\n}\n",
      "timestamp": 1665510137,
      "stdout": "",
      "stderr": "error[E0425]: cannot find function `binomial_coeff` in this scope\n --> /tmp/tmp5sznfdib.rs:6:20\n  |\n6 |             sum += binomial_coeff(n, i);\n  |                    ^^^^^^^^^^^^^^ not found in this scope\n\nerror: aborting due to previous error\n\nFor more information about this error, try `rustc --explain E0425`.\n",
      "exit_code": 1,
      "status": "SyntaxError"
    },
    {
      "program": "/// Write a rsthon function that takes in a positive integer n and finds the sum of even index binomial coefficients.\nfn even_binomial_Coeff_Sum(n: isize) -> isize {\n    let mut sum = 0;\n    for i in 0..n+1 {\n        if i % 2 == 0 {\n            sum += binomial_Coeff(n, i);\n        }\n    }\n    return sum;\n}\n\nfn main() {\n    let candidate = even_binomial_Coeff_Sum;\n    assert_eq!(candidate(4), 8);\n    assert_eq!(candidate(6), 32);\n    assert_eq!(candidate(2), 2);\n}\n",
      "timestamp": 1665510137,
      "stdout": "",
      "stderr": "error[E0425]: cannot find function `binomial_Coeff` in this scope\n --> /tmp/tmp5_k9z_ma.rs:6:20\n  |\n6 |             sum += binomial_Coeff(n, i);\n  |                    ^^^^^^^^^^^^^^ not found in this scope\n\nerror: aborting due to previous error\n\nFor more information about this error, try `rustc --explain E0425`.\n",
      "exit_code": 1,
      "status": "SyntaxError"
    },
    {
      "program": "/// Write a rsthon function that takes in a positive integer n and finds the sum of even index binomial coefficients.\nfn even_binomial_Coeff_Sum(n: isize) -> isize {\n    let mut sum = 0;\n    for i in 0..n + 1 {\n        if i % 2 == 0 {\n            sum += binomial_coeff(n, i);\n        }\n    }\n    sum\n}\n\nfn main() {\n    let candidate = even_binomial_Coeff_Sum;\n    assert_eq!(candidate(4), 8);\n    assert_eq!(candidate(6), 32);\n    assert_eq!(candidate(2), 2);\n}\n",
      "timestamp": 1665510137,
      "stdout": "",
      "stderr": "error[E0425]: cannot find function `binomial_coeff` in this scope\n --> /tmp/tmp5sznfdib.rs:6:20\n  |\n6 |             sum += binomial_coeff(n, i);\n  |                    ^^^^^^^^^^^^^^ not found in this scope\n\nerror: aborting due to previous error\n\nFor more information about this error, try `rustc --explain E0425`.\n",
      "exit_code": 1,
      "status": "SyntaxError"
    },
    {
      "program": "/// Write a rsthon function that takes in a positive integer n and finds the sum of even index binomial coefficients.\nfn even_binomial_Coeff_Sum(n: isize) -> isize {\n    let mut sum = 0;\n    for i in 0..n + 1 {\n        if i % 2 == 0 {\n            sum += binomial_coeff(n, i);\n        }\n    }\n    return sum;\n}\n\nfn main() {\n    let candidate = even_binomial_Coeff_Sum;\n    assert_eq!(candidate(4), 8);\n    assert_eq!(candidate(6), 32);\n    assert_eq!(candidate(2), 2);\n}\n",
      "timestamp": 1665510137,
      "stdout": "",
      "stderr": "error[E0425]: cannot find function `binomial_coeff` in this scope\n --> /tmp/tmphn1_ab9x.rs:6:20\n  |\n6 |             sum += binomial_coeff(n, i);\n  |                    ^^^^^^^^^^^^^^ not found in this scope\n\nerror: aborting due to previous error\n\nFor more information about this error, try `rustc --explain E0425`.\n",
      "exit_code": 1,
      "status": "SyntaxError"
    },
    {
      "program": "/// Write a rsthon function that takes in a positive integer n and finds the sum of even index binomial coefficients.\nfn even_binomial_Coeff_Sum(n: isize) -> isize {\n    let mut sum = 0;\n    let mut binomial_coeff = 1;\n    for i in 0..n {\n        if i % 2 == 0 {\n            sum += binomial_coeff;\n        }\n        binomial_coeff = binomial_coeff * (n - i) / (i + 1);\n    }\n    sum\n}\n\nfn main() {\n    let candidate = even_binomial_Coeff_Sum;\n    assert_eq!(candidate(4), 8);\n    assert_eq!(candidate(6), 32);\n    assert_eq!(candidate(2), 2);\n}\n",
      "timestamp": 1665510137,
      "stdout": "",
      "stderr": "thread 'main' panicked at 'assertion failed: `(left == right)`\n  left: `7`,\n right: `8`', /tmp/tmpy9hgkk9w.rs:16:5\nnote: run with `RUST_BACKTRACE=1` environment variable to display a backtrace\n",
      "exit_code": 101,
      "status": "Exception"
    },
    {
      "program": "/// Write a rsthon function that takes in a positive integer n and finds the sum of even index binomial coefficients.\nfn even_binomial_Coeff_Sum(n: isize) -> isize {\n    let mut sum = 0;\n    let mut i = 0;\n    while i <= n {\n        sum += binomial_Coeff(n, i);\n        i += 2;\n    }\n    sum\n}\n\nfn main() {\n    let candidate = even_binomial_Coeff_Sum;\n    assert_eq!(candidate(4), 8);\n    assert_eq!(candidate(6), 32);\n    assert_eq!(candidate(2), 2);\n}\n",
      "timestamp": 1665510137,
      "stdout": "",
      "stderr": "error[E0425]: cannot find function `binomial_Coeff` in this scope\n --> /tmp/tmpjtkkvbqy.rs:6:16\n  |\n6 |         sum += binomial_Coeff(n, i);\n  |                ^^^^^^^^^^^^^^ not found in this scope\n\nerror: aborting due to previous error\n\nFor more information about this error, try `rustc --explain E0425`.\n",
      "exit_code": 1,
      "status": "SyntaxError"
    },
    {
      "program": "/// Write a rsthon function that takes in a positive integer n and finds the sum of even index binomial coefficients.\nfn even_binomial_Coeff_Sum(n: isize) -> isize {\n    let mut sum = 0;\n    for i in 0..n+1 {\n        if i % 2 == 0 {\n            sum += binomial_Coeff(n, i);\n        }\n    }\n    sum\n}\n\nfn main() {\n    let candidate = even_binomial_Coeff_Sum;\n    assert_eq!(candidate(4), 8);\n    assert_eq!(candidate(6), 32);\n    assert_eq!(candidate(2), 2);\n}\n",
      "timestamp": 1665510137,
      "stdout": "",
      "stderr": "error[E0425]: cannot find function `binomial_Coeff` in this scope\n --> /tmp/tmpwcpl7rw7.rs:6:20\n  |\n6 |             sum += binomial_Coeff(n, i);\n  |                    ^^^^^^^^^^^^^^ not found in this scope\n\nerror: aborting due to previous error\n\nFor more information about this error, try `rustc --explain E0425`.\n",
      "exit_code": 1,
      "status": "SyntaxError"
    },
    {
      "program": "/// Write a rsthon function that takes in a positive integer n and finds the sum of even index binomial coefficients.\nfn even_binomial_Coeff_Sum(n: isize) -> isize {\n    let mut sum = 0;\n    for i in 0..n + 1 {\n        if i % 2 == 0 {\n            sum += binomial_coeff(n, i);\n        }\n    }\n    sum\n}\n\nfn main() {\n    let candidate = even_binomial_Coeff_Sum;\n    assert_eq!(candidate(4), 8);\n    assert_eq!(candidate(6), 32);\n    assert_eq!(candidate(2), 2);\n}\n",
      "timestamp": 1665510137,
      "stdout": "",
      "stderr": "error[E0425]: cannot find function `binomial_coeff` in this scope\n --> /tmp/tmp5sznfdib.rs:6:20\n  |\n6 |             sum += binomial_coeff(n, i);\n  |                    ^^^^^^^^^^^^^^ not found in this scope\n\nerror: aborting due to previous error\n\nFor more information about this error, try `rustc --explain E0425`.\n",
      "exit_code": 1,
      "status": "SyntaxError"
    },
    {
      "program": "/// Write a rsthon function that takes in a positive integer n and finds the sum of even index binomial coefficients.\nfn even_binomial_Coeff_Sum(n: isize) -> isize {\n    let mut sum = 0;\n    for i in 0..n+1 {\n        if i % 2 == 0 {\n            sum += binomial_Coeff(n, i);\n        }\n    }\n    sum\n}\n\nfn main() {\n    let candidate = even_binomial_Coeff_Sum;\n    assert_eq!(candidate(4), 8);\n    assert_eq!(candidate(6), 32);\n    assert_eq!(candidate(2), 2);\n}\n",
      "timestamp": 1665510137,
      "stdout": "",
      "stderr": "error[E0425]: cannot find function `binomial_Coeff` in this scope\n --> /tmp/tmpwcpl7rw7.rs:6:20\n  |\n6 |             sum += binomial_Coeff(n, i);\n  |                    ^^^^^^^^^^^^^^ not found in this scope\n\nerror: aborting due to previous error\n\nFor more information about this error, try `rustc --explain E0425`.\n",
      "exit_code": 1,
      "status": "SyntaxError"
    },
    {
      "program": "/// Write a rsthon function that takes in a positive integer n and finds the sum of even index binomial coefficients.\nfn even_binomial_Coeff_Sum(n: isize) -> isize {\n    let mut sum = 0;\n    for i in 0..n + 1 {\n        if i % 2 == 0 {\n            sum += binomial_coeff(n, i);\n        }\n    }\n    sum\n}\n\nfn main() {\n    let candidate = even_binomial_Coeff_Sum;\n    assert_eq!(candidate(4), 8);\n    assert_eq!(candidate(6), 32);\n    assert_eq!(candidate(2), 2);\n}\n",
      "timestamp": 1665510137,
      "stdout": "",
      "stderr": "error[E0425]: cannot find function `binomial_coeff` in this scope\n --> /tmp/tmp5sznfdib.rs:6:20\n  |\n6 |             sum += binomial_coeff(n, i);\n  |                    ^^^^^^^^^^^^^^ not found in this scope\n\nerror: aborting due to previous error\n\nFor more information about this error, try `rustc --explain E0425`.\n",
      "exit_code": 1,
      "status": "SyntaxError"
    },
    {
      "program": "/// Write a rsthon function that takes in a positive integer n and finds the sum of even index binomial coefficients.\nfn even_binomial_Coeff_Sum(n: isize) -> isize {\n    let mut sum = 0;\n    for i in 0..n + 1 {\n        if i % 2 == 0 {\n            sum += binomial_coeff(n, i);\n        }\n    }\n    sum\n}\n\nfn main() {\n    let candidate = even_binomial_Coeff_Sum;\n    assert_eq!(candidate(4), 8);\n    assert_eq!(candidate(6), 32);\n    assert_eq!(candidate(2), 2);\n}\n",
      "timestamp": 1665510137,
      "stdout": "",
      "stderr": "error[E0425]: cannot find function `binomial_coeff` in this scope\n --> /tmp/tmp5sznfdib.rs:6:20\n  |\n6 |             sum += binomial_coeff(n, i);\n  |                    ^^^^^^^^^^^^^^ not found in this scope\n\nerror: aborting due to previous error\n\nFor more information about this error, try `rustc --explain E0425`.\n",
      "exit_code": 1,
      "status": "SyntaxError"
    },
    {
      "program": "/// Write a rsthon function that takes in a positive integer n and finds the sum of even index binomial coefficients.\nfn even_binomial_Coeff_Sum(n: isize) -> isize {\n    let mut sum = 0;\n    for i in 0..n {\n        if i % 2 == 0 {\n            sum += binomial_coeff(n, i);\n        }\n    }\n    sum\n}\n\nfn main() {\n    let candidate = even_binomial_Coeff_Sum;\n    assert_eq!(candidate(4), 8);\n    assert_eq!(candidate(6), 32);\n    assert_eq!(candidate(2), 2);\n}\n",
      "timestamp": 1665510137,
      "stdout": "",
      "stderr": "error[E0425]: cannot find function `binomial_coeff` in this scope\n --> /tmp/tmpkl0oq68n.rs:6:20\n  |\n6 |             sum += binomial_coeff(n, i);\n  |                    ^^^^^^^^^^^^^^ not found in this scope\n\nerror: aborting due to previous error\n\nFor more information about this error, try `rustc --explain E0425`.\n",
      "exit_code": 1,
      "status": "SyntaxError"
    },
    {
      "program": "/// Write a rsthon function that takes in a positive integer n and finds the sum of even index binomial coefficients.\nfn even_binomial_Coeff_Sum(n: isize) -> isize {\n    let mut sum = 0;\n    for i in 0..n + 1 {\n        if i % 2 == 0 {\n            sum += binomial_Coeff(n, i);\n        }\n    }\n    return sum;\n}\n\nfn main() {\n    let candidate = even_binomial_Coeff_Sum;\n    assert_eq!(candidate(4), 8);\n    assert_eq!(candidate(6), 32);\n    assert_eq!(candidate(2), 2);\n}\n",
      "timestamp": 1665510137,
      "stdout": "",
      "stderr": "error[E0425]: cannot find function `binomial_Coeff` in this scope\n --> /tmp/tmpm2zgiy8x.rs:6:20\n  |\n6 |             sum += binomial_Coeff(n, i);\n  |                    ^^^^^^^^^^^^^^ not found in this scope\n\nerror: aborting due to previous error\n\nFor more information about this error, try `rustc --explain E0425`.\n",
      "exit_code": 1,
      "status": "SyntaxError"
    },
    {
      "program": "/// Write a rsthon function that takes in a positive integer n and finds the sum of even index binomial coefficients.\nfn even_binomial_Coeff_Sum(n: isize) -> isize {\n    let mut sum = 0;\n    for i in 0..n + 1 {\n        if i % 2 == 0 {\n            sum += binomial_Coeff(n, i);\n        }\n    }\n    sum\n}\n\nfn main() {\n    let candidate = even_binomial_Coeff_Sum;\n    assert_eq!(candidate(4), 8);\n    assert_eq!(candidate(6), 32);\n    assert_eq!(candidate(2), 2);\n}\n",
      "timestamp": 1665510137,
      "stdout": "",
      "stderr": "error[E0425]: cannot find function `binomial_Coeff` in this scope\n --> /tmp/tmpxpnlorhd.rs:6:20\n  |\n6 |             sum += binomial_Coeff(n, i);\n  |                    ^^^^^^^^^^^^^^ not found in this scope\n\nerror: aborting due to previous error\n\nFor more information about this error, try `rustc --explain E0425`.\n",
      "exit_code": 1,
      "status": "SyntaxError"
    },
    {
      "program": "/// Write a rsthon function that takes in a positive integer n and finds the sum of even index binomial coefficients.\nfn even_binomial_Coeff_Sum(n: isize) -> isize {\n    let mut sum = 0;\n    for i in 0..n+1 {\n        if i % 2 == 0 {\n            sum += binomial_Coeff(n, i);\n        }\n    }\n    sum\n}\n\nfn main() {\n    let candidate = even_binomial_Coeff_Sum;\n    assert_eq!(candidate(4), 8);\n    assert_eq!(candidate(6), 32);\n    assert_eq!(candidate(2), 2);\n}\n",
      "timestamp": 1665510137,
      "stdout": "",
      "stderr": "error[E0425]: cannot find function `binomial_Coeff` in this scope\n --> /tmp/tmpwcpl7rw7.rs:6:20\n  |\n6 |             sum += binomial_Coeff(n, i);\n  |                    ^^^^^^^^^^^^^^ not found in this scope\n\nerror: aborting due to previous error\n\nFor more information about this error, try `rustc --explain E0425`.\n",
      "exit_code": 1,
      "status": "SyntaxError"
    },
    {
      "program": "/// Write a rsthon function that takes in a positive integer n and finds the sum of even index binomial coefficients.\nfn even_binomial_Coeff_Sum(n: isize) -> isize {\n    let mut sum = 0;\n    for i in 0..n+1 {\n        if i % 2 == 0 {\n            sum += binomial_Coeff(n, i);\n        }\n    }\n    sum\n}\n\nfn main() {\n    let candidate = even_binomial_Coeff_Sum;\n    assert_eq!(candidate(4), 8);\n    assert_eq!(candidate(6), 32);\n    assert_eq!(candidate(2), 2);\n}\n",
      "timestamp": 1665510137,
      "stdout": "",
      "stderr": "error[E0425]: cannot find function `binomial_Coeff` in this scope\n --> /tmp/tmpwcpl7rw7.rs:6:20\n  |\n6 |             sum += binomial_Coeff(n, i);\n  |                    ^^^^^^^^^^^^^^ not found in this scope\n\nerror: aborting due to previous error\n\nFor more information about this error, try `rustc --explain E0425`.\n",
      "exit_code": 1,
      "status": "SyntaxError"
    },
    {
      "program": "/// Write a rsthon function that takes in a positive integer n and finds the sum of even index binomial coefficients.\nfn even_binomial_Coeff_Sum(n: isize) -> isize {\n    let mut sum = 0;\n    for i in 0..=n {\n        if i % 2 == 0 {\n            sum += binomial_Coeff(n, i);\n        }\n    }\n    sum\n}\n\nfn main() {\n    let candidate = even_binomial_Coeff_Sum;\n    assert_eq!(candidate(4), 8);\n    assert_eq!(candidate(6), 32);\n    assert_eq!(candidate(2), 2);\n}\n",
      "timestamp": 1665510137,
      "stdout": "",
      "stderr": "error[E0425]: cannot find function `binomial_Coeff` in this scope\n --> /tmp/tmpxy1_q23a.rs:6:20\n  |\n6 |             sum += binomial_Coeff(n, i);\n  |                    ^^^^^^^^^^^^^^ not found in this scope\n\nerror: aborting due to previous error\n\nFor more information about this error, try `rustc --explain E0425`.\n",
      "exit_code": 1,
      "status": "SyntaxError"
    },
    {
      "program": "/// Write a rsthon function that takes in a positive integer n and finds the sum of even index binomial coefficients.\nfn even_binomial_Coeff_Sum(n: isize) -> isize {\n    let mut sum = 0;\n    for i in 0..n {\n        if i % 2 == 0 {\n            sum += binomial_Coeff(n, i);\n        }\n    }\n    sum\n}\n\nfn main() {\n    let candidate = even_binomial_Coeff_Sum;\n    assert_eq!(candidate(4), 8);\n    assert_eq!(candidate(6), 32);\n    assert_eq!(candidate(2), 2);\n}\n",
      "timestamp": 1665510137,
      "stdout": "",
      "stderr": "error[E0425]: cannot find function `binomial_Coeff` in this scope\n --> /tmp/tmp_4bkbhj8.rs:6:20\n  |\n6 |             sum += binomial_Coeff(n, i);\n  |                    ^^^^^^^^^^^^^^ not found in this scope\n\nerror: aborting due to previous error\n\nFor more information about this error, try `rustc --explain E0425`.\n",
      "exit_code": 1,
      "status": "SyntaxError"
    },
    {
      "program": "/// Write a rsthon function that takes in a positive integer n and finds the sum of even index binomial coefficients.\nfn even_binomial_Coeff_Sum(n: isize) -> isize {\n    let mut sum = 0;\n    for i in 0..n {\n        if i % 2 == 0 {\n            sum += binomial_Coeff(n, i);\n        }\n    }\n    sum\n}\n\nfn main() {\n    let candidate = even_binomial_Coeff_Sum;\n    assert_eq!(candidate(4), 8);\n    assert_eq!(candidate(6), 32);\n    assert_eq!(candidate(2), 2);\n}\n",
      "timestamp": 1665510137,
      "stdout": "",
      "stderr": "error[E0425]: cannot find function `binomial_Coeff` in this scope\n --> /tmp/tmp_4bkbhj8.rs:6:20\n  |\n6 |             sum += binomial_Coeff(n, i);\n  |                    ^^^^^^^^^^^^^^ not found in this scope\n\nerror: aborting due to previous error\n\nFor more information about this error, try `rustc --explain E0425`.\n",
      "exit_code": 1,
      "status": "SyntaxError"
    },
    {
      "program": "/// Write a rsthon function that takes in a positive integer n and finds the sum of even index binomial coefficients.\nfn even_binomial_Coeff_Sum(n: isize) -> isize {\n    let mut sum = 0;\n    for i in 0..n {\n        if i % 2 == 0 {\n            sum += binomial_Coeff(n, i);\n        }\n    }\n    sum\n}\n\nfn main() {\n    let candidate = even_binomial_Coeff_Sum;\n    assert_eq!(candidate(4), 8);\n    assert_eq!(candidate(6), 32);\n    assert_eq!(candidate(2), 2);\n}\n",
      "timestamp": 1665510137,
      "stdout": "",
      "stderr": "error[E0425]: cannot find function `binomial_Coeff` in this scope\n --> /tmp/tmp_4bkbhj8.rs:6:20\n  |\n6 |             sum += binomial_Coeff(n, i);\n  |                    ^^^^^^^^^^^^^^ not found in this scope\n\nerror: aborting due to previous error\n\nFor more information about this error, try `rustc --explain E0425`.\n",
      "exit_code": 1,
      "status": "SyntaxError"
    },
    {
      "program": "/// Write a rsthon function that takes in a positive integer n and finds the sum of even index binomial coefficients.\nfn even_binomial_Coeff_Sum(n: isize) -> isize {\n    let mut sum = 0;\n    for i in 0..n + 1 {\n        if i % 2 == 0 {\n            sum += binomial_Coeff(n, i);\n        }\n    }\n    sum\n}\n\nfn main() {\n    let candidate = even_binomial_Coeff_Sum;\n    assert_eq!(candidate(4), 8);\n    assert_eq!(candidate(6), 32);\n    assert_eq!(candidate(2), 2);\n}\n",
      "timestamp": 1665510137,
      "stdout": "",
      "stderr": "error[E0425]: cannot find function `binomial_Coeff` in this scope\n --> /tmp/tmpxpnlorhd.rs:6:20\n  |\n6 |             sum += binomial_Coeff(n, i);\n  |                    ^^^^^^^^^^^^^^ not found in this scope\n\nerror: aborting due to previous error\n\nFor more information about this error, try `rustc --explain E0425`.\n",
      "exit_code": 1,
      "status": "SyntaxError"
    },
    {
      "program": "/// Write a rsthon function that takes in a positive integer n and finds the sum of even index binomial coefficients.\nfn even_binomial_Coeff_Sum(n: isize) -> isize {\n    let mut sum = 0;\n    for i in 0..n + 1 {\n        if i % 2 == 0 {\n            sum += binomial_Coeff(n, i);\n        }\n    }\n    return sum;\n}\n\nfn main() {\n    let candidate = even_binomial_Coeff_Sum;\n    assert_eq!(candidate(4), 8);\n    assert_eq!(candidate(6), 32);\n    assert_eq!(candidate(2), 2);\n}\n",
      "timestamp": 1665510137,
      "stdout": "",
      "stderr": "error[E0425]: cannot find function `binomial_Coeff` in this scope\n --> /tmp/tmpm2zgiy8x.rs:6:20\n  |\n6 |             sum += binomial_Coeff(n, i);\n  |                    ^^^^^^^^^^^^^^ not found in this scope\n\nerror: aborting due to previous error\n\nFor more information about this error, try `rustc --explain E0425`.\n",
      "exit_code": 1,
      "status": "SyntaxError"
    },
    {
      "program": "/// Write a rsthon function that takes in a positive integer n and finds the sum of even index binomial coefficients.\nfn even_binomial_Coeff_Sum(n: isize) -> isize {\n    let mut sum = 0;\n    for i in 0..n {\n        if i % 2 == 0 {\n            sum += binomial_coeff(n, i);\n        }\n    }\n    sum\n}\n\nfn main() {\n    let candidate = even_binomial_Coeff_Sum;\n    assert_eq!(candidate(4), 8);\n    assert_eq!(candidate(6), 32);\n    assert_eq!(candidate(2), 2);\n}\n",
      "timestamp": 1665510137,
      "stdout": "",
      "stderr": "error[E0425]: cannot find function `binomial_coeff` in this scope\n --> /tmp/tmpkl0oq68n.rs:6:20\n  |\n6 |             sum += binomial_coeff(n, i);\n  |                    ^^^^^^^^^^^^^^ not found in this scope\n\nerror: aborting due to previous error\n\nFor more information about this error, try `rustc --explain E0425`.\n",
      "exit_code": 1,
      "status": "SyntaxError"
    },
    {
      "program": "/// Write a rsthon function that takes in a positive integer n and finds the sum of even index binomial coefficients.\nfn even_binomial_Coeff_Sum(n: isize) -> isize {\n    let mut sum = 0;\n    for i in 0..n+1 {\n        if i % 2 == 0 {\n            sum += binomial_Coeff(n, i);\n        }\n    }\n    sum\n}\n\nfn main() {\n    let candidate = even_binomial_Coeff_Sum;\n    assert_eq!(candidate(4), 8);\n    assert_eq!(candidate(6), 32);\n    assert_eq!(candidate(2), 2);\n}\n",
      "timestamp": 1665510137,
      "stdout": "",
      "stderr": "error[E0425]: cannot find function `binomial_Coeff` in this scope\n --> /tmp/tmpwcpl7rw7.rs:6:20\n  |\n6 |             sum += binomial_Coeff(n, i);\n  |                    ^^^^^^^^^^^^^^ not found in this scope\n\nerror: aborting due to previous error\n\nFor more information about this error, try `rustc --explain E0425`.\n",
      "exit_code": 1,
      "status": "SyntaxError"
    },
    {
      "program": "/// Write a rsthon function that takes in a positive integer n and finds the sum of even index binomial coefficients.\nfn even_binomial_Coeff_Sum(n: isize) -> isize {\n    let mut sum = 0;\n    for i in 0..n+1 {\n        if i % 2 == 0 {\n            sum += binomial_coeff(n, i);\n        }\n    }\n    sum\n}\n\nfn main() {\n    let candidate = even_binomial_Coeff_Sum;\n    assert_eq!(candidate(4), 8);\n    assert_eq!(candidate(6), 32);\n    assert_eq!(candidate(2), 2);\n}\n",
      "timestamp": 1666122891,
      "stdout": "",
      "stderr": "error[E0425]: cannot find function `binomial_coeff` in this scope\n --> /tmp/tmpmdm8sm3j.rs:6:20\n  |\n6 |             sum += binomial_coeff(n, i);\n  |                    ^^^^^^^^^^^^^^ not found in this scope\n\nerror: aborting due to previous error\n\nFor more information about this error, try `rustc --explain E0425`.\n",
      "exit_code": 1,
      "status": "SyntaxError"
    },
    {
      "program": "/// Write a rsthon function that takes in a positive integer n and finds the sum of even index binomial coefficients.\nfn even_binomial_Coeff_Sum(n: isize) -> isize {\n    let mut sum = 0;\n    for i in 0..n {\n        if i % 2 == 0 {\n            sum += binomial_coeff(n, i);\n        }\n    }\n    sum\n}\n\nfn main() {\n    let candidate = even_binomial_Coeff_Sum;\n    assert_eq!(candidate(4), 8);\n    assert_eq!(candidate(6), 32);\n    assert_eq!(candidate(2), 2);\n}\n",
      "timestamp": 1665510137,
      "stdout": "",
      "stderr": "error[E0425]: cannot find function `binomial_coeff` in this scope\n --> /tmp/tmpkl0oq68n.rs:6:20\n  |\n6 |             sum += binomial_coeff(n, i);\n  |                    ^^^^^^^^^^^^^^ not found in this scope\n\nerror: aborting due to previous error\n\nFor more information about this error, try `rustc --explain E0425`.\n",
      "exit_code": 1,
      "status": "SyntaxError"
    },
    {
      "program": "/// Write a rsthon function that takes in a positive integer n and finds the sum of even index binomial coefficients.\nfn even_binomial_Coeff_Sum(n: isize) -> isize {\n    let mut sum = 0;\n    for i in 0..n + 1 {\n        if i % 2 == 0 {\n            sum += binomial_Coeff(n, i);\n        }\n    }\n    return sum;\n}\n\nfn main() {\n    let candidate = even_binomial_Coeff_Sum;\n    assert_eq!(candidate(4), 8);\n    assert_eq!(candidate(6), 32);\n    assert_eq!(candidate(2), 2);\n}\n",
      "timestamp": 1665510137,
      "stdout": "",
      "stderr": "error[E0425]: cannot find function `binomial_Coeff` in this scope\n --> /tmp/tmpm2zgiy8x.rs:6:20\n  |\n6 |             sum += binomial_Coeff(n, i);\n  |                    ^^^^^^^^^^^^^^ not found in this scope\n\nerror: aborting due to previous error\n\nFor more information about this error, try `rustc --explain E0425`.\n",
      "exit_code": 1,
      "status": "SyntaxError"
    },
    {
      "program": "/// Write a rsthon function that takes in a positive integer n and finds the sum of even index binomial coefficients.\nfn even_binomial_Coeff_Sum(n: isize) -> isize {\n    let mut sum = 0;\n    for i in 0..n+1 {\n        if i % 2 == 0 {\n            sum += binomial_Coeff(n, i);\n        }\n    }\n    sum\n}\n\nfn main() {\n    let candidate = even_binomial_Coeff_Sum;\n    assert_eq!(candidate(4), 8);\n    assert_eq!(candidate(6), 32);\n    assert_eq!(candidate(2), 2);\n}\n",
      "timestamp": 1665510137,
      "stdout": "",
      "stderr": "error[E0425]: cannot find function `binomial_Coeff` in this scope\n --> /tmp/tmpwcpl7rw7.rs:6:20\n  |\n6 |             sum += binomial_Coeff(n, i);\n  |                    ^^^^^^^^^^^^^^ not found in this scope\n\nerror: aborting due to previous error\n\nFor more information about this error, try `rustc --explain E0425`.\n",
      "exit_code": 1,
      "status": "SyntaxError"
    },
    {
      "program": "/// Write a rsthon function that takes in a positive integer n and finds the sum of even index binomial coefficients.\nfn even_binomial_Coeff_Sum(n: isize) -> isize {\n    let mut sum = 0;\n    for i in 0..n + 1 {\n        if i % 2 == 0 {\n            sum += binomial_Coeff(n, i);\n        }\n    }\n    sum\n}\n\nfn main() {\n    let candidate = even_binomial_Coeff_Sum;\n    assert_eq!(candidate(4), 8);\n    assert_eq!(candidate(6), 32);\n    assert_eq!(candidate(2), 2);\n}\n",
      "timestamp": 1665510137,
      "stdout": "",
      "stderr": "error[E0425]: cannot find function `binomial_Coeff` in this scope\n --> /tmp/tmpxpnlorhd.rs:6:20\n  |\n6 |             sum += binomial_Coeff(n, i);\n  |                    ^^^^^^^^^^^^^^ not found in this scope\n\nerror: aborting due to previous error\n\nFor more information about this error, try `rustc --explain E0425`.\n",
      "exit_code": 1,
      "status": "SyntaxError"
    },
    {
      "program": "/// Write a rsthon function that takes in a positive integer n and finds the sum of even index binomial coefficients.\nfn even_binomial_Coeff_Sum(n: isize) -> isize {\n    let mut sum = 0;\n    for i in 0..n+1 {\n        if i % 2 == 0 {\n            sum += binomial_Coeff(n, i);\n        }\n    }\n    sum\n}\n\nfn main() {\n    let candidate = even_binomial_Coeff_Sum;\n    assert_eq!(candidate(4), 8);\n    assert_eq!(candidate(6), 32);\n    assert_eq!(candidate(2), 2);\n}\n",
      "timestamp": 1665510137,
      "stdout": "",
      "stderr": "error[E0425]: cannot find function `binomial_Coeff` in this scope\n --> /tmp/tmpwcpl7rw7.rs:6:20\n  |\n6 |             sum += binomial_Coeff(n, i);\n  |                    ^^^^^^^^^^^^^^ not found in this scope\n\nerror: aborting due to previous error\n\nFor more information about this error, try `rustc --explain E0425`.\n",
      "exit_code": 1,
      "status": "SyntaxError"
    },
    {
      "program": "/// Write a rsthon function that takes in a positive integer n and finds the sum of even index binomial coefficients.\nfn even_binomial_Coeff_Sum(n: isize) -> isize {\n    let mut sum = 0;\n    for i in 0..n + 1 {\n        if i % 2 == 0 {\n            sum += binomial_Coeff(n, i);\n        }\n    }\n    sum\n}\n\nfn main() {\n    let candidate = even_binomial_Coeff_Sum;\n    assert_eq!(candidate(4), 8);\n    assert_eq!(candidate(6), 32);\n    assert_eq!(candidate(2), 2);\n}\n",
      "timestamp": 1665510137,
      "stdout": "",
      "stderr": "error[E0425]: cannot find function `binomial_Coeff` in this scope\n --> /tmp/tmpxpnlorhd.rs:6:20\n  |\n6 |             sum += binomial_Coeff(n, i);\n  |                    ^^^^^^^^^^^^^^ not found in this scope\n\nerror: aborting due to previous error\n\nFor more information about this error, try `rustc --explain E0425`.\n",
      "exit_code": 1,
      "status": "SyntaxError"
    },
    {
      "program": "/// Write a rsthon function that takes in a positive integer n and finds the sum of even index binomial coefficients.\nfn even_binomial_Coeff_Sum(n: isize) -> isize {\n    let mut sum = 0;\n    for i in 0..n+1 {\n        if i % 2 == 0 {\n            sum += binomial_Coeff(n, i);\n        }\n    }\n    sum\n}\n\nfn main() {\n    let candidate = even_binomial_Coeff_Sum;\n    assert_eq!(candidate(4), 8);\n    assert_eq!(candidate(6), 32);\n    assert_eq!(candidate(2), 2);\n}\n",
      "timestamp": 1665510137,
      "stdout": "",
      "stderr": "error[E0425]: cannot find function `binomial_Coeff` in this scope\n --> /tmp/tmpwcpl7rw7.rs:6:20\n  |\n6 |             sum += binomial_Coeff(n, i);\n  |                    ^^^^^^^^^^^^^^ not found in this scope\n\nerror: aborting due to previous error\n\nFor more information about this error, try `rustc --explain E0425`.\n",
      "exit_code": 1,
      "status": "SyntaxError"
    },
    {
      "program": "/// Write a rsthon function that takes in a positive integer n and finds the sum of even index binomial coefficients.\nfn even_binomial_Coeff_Sum(n: isize) -> isize {\n    let mut sum = 0;\n    for i in 0..n+1 {\n        if i % 2 == 0 {\n            sum += binomial_Coeff(n, i);\n        }\n    }\n    sum\n}\n\nfn main() {\n    let candidate = even_binomial_Coeff_Sum;\n    assert_eq!(candidate(4), 8);\n    assert_eq!(candidate(6), 32);\n    assert_eq!(candidate(2), 2);\n}\n",
      "timestamp": 1665510137,
      "stdout": "",
      "stderr": "error[E0425]: cannot find function `binomial_Coeff` in this scope\n --> /tmp/tmpwcpl7rw7.rs:6:20\n  |\n6 |             sum += binomial_Coeff(n, i);\n  |                    ^^^^^^^^^^^^^^ not found in this scope\n\nerror: aborting due to previous error\n\nFor more information about this error, try `rustc --explain E0425`.\n",
      "exit_code": 1,
      "status": "SyntaxError"
    },
    {
      "program": "/// Write a rsthon function that takes in a positive integer n and finds the sum of even index binomial coefficients.\nfn even_binomial_Coeff_Sum(n: isize) -> isize {\n    let mut sum = 0;\n    for i in 0..n {\n        if i % 2 == 0 {\n            sum += binomial_Coeff(n, i);\n        }\n    }\n    sum\n}\n\nfn main() {\n    let candidate = even_binomial_Coeff_Sum;\n    assert_eq!(candidate(4), 8);\n    assert_eq!(candidate(6), 32);\n    assert_eq!(candidate(2), 2);\n}\n",
      "timestamp": 1665510137,
      "stdout": "",
      "stderr": "error[E0425]: cannot find function `binomial_Coeff` in this scope\n --> /tmp/tmp_4bkbhj8.rs:6:20\n  |\n6 |             sum += binomial_Coeff(n, i);\n  |                    ^^^^^^^^^^^^^^ not found in this scope\n\nerror: aborting due to previous error\n\nFor more information about this error, try `rustc --explain E0425`.\n",
      "exit_code": 1,
      "status": "SyntaxError"
    },
    {
      "program": "/// Write a rsthon function that takes in a positive integer n and finds the sum of even index binomial coefficients.\nfn even_binomial_Coeff_Sum(n: isize) -> isize {\n    let mut sum = 0;\n    for i in 0..n + 1 {\n        if i % 2 == 0 {\n            sum += binomial_Coeff(n, i);\n        }\n    }\n    return sum;\n}\n\nfn main() {\n    let candidate = even_binomial_Coeff_Sum;\n    assert_eq!(candidate(4), 8);\n    assert_eq!(candidate(6), 32);\n    assert_eq!(candidate(2), 2);\n}\n",
      "timestamp": 1665510137,
      "stdout": "",
      "stderr": "error[E0425]: cannot find function `binomial_Coeff` in this scope\n --> /tmp/tmpm2zgiy8x.rs:6:20\n  |\n6 |             sum += binomial_Coeff(n, i);\n  |                    ^^^^^^^^^^^^^^ not found in this scope\n\nerror: aborting due to previous error\n\nFor more information about this error, try `rustc --explain E0425`.\n",
      "exit_code": 1,
      "status": "SyntaxError"
    },
    {
      "program": "/// Write a rsthon function that takes in a positive integer n and finds the sum of even index binomial coefficients.\nfn even_binomial_Coeff_Sum(n: isize) -> isize {\n    let mut sum = 0;\n    for i in 0..n + 1 {\n        if i % 2 == 0 {\n            sum += binomial_Coeff(n, i);\n        }\n    }\n    sum\n}\n\nfn main() {\n    let candidate = even_binomial_Coeff_Sum;\n    assert_eq!(candidate(4), 8);\n    assert_eq!(candidate(6), 32);\n    assert_eq!(candidate(2), 2);\n}\n",
      "timestamp": 1665510137,
      "stdout": "",
      "stderr": "error[E0425]: cannot find function `binomial_Coeff` in this scope\n --> /tmp/tmpxpnlorhd.rs:6:20\n  |\n6 |             sum += binomial_Coeff(n, i);\n  |                    ^^^^^^^^^^^^^^ not found in this scope\n\nerror: aborting due to previous error\n\nFor more information about this error, try `rustc --explain E0425`.\n",
      "exit_code": 1,
      "status": "SyntaxError"
    },
    {
      "program": "/// Write a rsthon function that takes in a positive integer n and finds the sum of even index binomial coefficients.\nfn even_binomial_Coeff_Sum(n: isize) -> isize {\n    let mut sum = 0;\n    for i in 0..n+1 {\n        if i % 2 == 0 {\n            sum += binomial_Coeff(n, i);\n        }\n    }\n    return sum;\n}\n\nfn main() {\n    let candidate = even_binomial_Coeff_Sum;\n    assert_eq!(candidate(4), 8);\n    assert_eq!(candidate(6), 32);\n    assert_eq!(candidate(2), 2);\n}\n",
      "timestamp": 1665510137,
      "stdout": "",
      "stderr": "error[E0425]: cannot find function `binomial_Coeff` in this scope\n --> /tmp/tmp5_k9z_ma.rs:6:20\n  |\n6 |             sum += binomial_Coeff(n, i);\n  |                    ^^^^^^^^^^^^^^ not found in this scope\n\nerror: aborting due to previous error\n\nFor more information about this error, try `rustc --explain E0425`.\n",
      "exit_code": 1,
      "status": "SyntaxError"
    },
    {
      "program": "/// Write a rsthon function that takes in a positive integer n and finds the sum of even index binomial coefficients.\nfn even_binomial_Coeff_Sum(n: isize) -> isize {\n    let mut sum = 0;\n    for i in 0..n + 1 {\n        if i % 2 == 0 {\n            sum += binomial_Coeff(n, i);\n        }\n    }\n    sum\n}\n\nfn main() {\n    let candidate = even_binomial_Coeff_Sum;\n    assert_eq!(candidate(4), 8);\n    assert_eq!(candidate(6), 32);\n    assert_eq!(candidate(2), 2);\n}\n",
      "timestamp": 1665510137,
      "stdout": "",
      "stderr": "error[E0425]: cannot find function `binomial_Coeff` in this scope\n --> /tmp/tmpxpnlorhd.rs:6:20\n  |\n6 |             sum += binomial_Coeff(n, i);\n  |                    ^^^^^^^^^^^^^^ not found in this scope\n\nerror: aborting due to previous error\n\nFor more information about this error, try `rustc --explain E0425`.\n",
      "exit_code": 1,
      "status": "SyntaxError"
    },
    {
      "program": "/// Write a rsthon function that takes in a positive integer n and finds the sum of even index binomial coefficients.\nfn even_binomial_Coeff_Sum(n: isize) -> isize {\n    let mut sum = 0;\n    for i in 0..n+1 {\n        if i % 2 == 0 {\n            sum += binomial_Coeff(n, i);\n        }\n    }\n    sum\n}\n\nfn main() {\n    let candidate = even_binomial_Coeff_Sum;\n    assert_eq!(candidate(4), 8);\n    assert_eq!(candidate(6), 32);\n    assert_eq!(candidate(2), 2);\n}\n",
      "timestamp": 1665510137,
      "stdout": "",
      "stderr": "error[E0425]: cannot find function `binomial_Coeff` in this scope\n --> /tmp/tmpwcpl7rw7.rs:6:20\n  |\n6 |             sum += binomial_Coeff(n, i);\n  |                    ^^^^^^^^^^^^^^ not found in this scope\n\nerror: aborting due to previous error\n\nFor more information about this error, try `rustc --explain E0425`.\n",
      "exit_code": 1,
      "status": "SyntaxError"
    },
    {
      "program": "/// Write a rsthon function that takes in a positive integer n and finds the sum of even index binomial coefficients.\nfn even_binomial_Coeff_Sum(n: isize) -> isize {\n    let mut sum = 0;\n    for i in 0..n + 1 {\n        if i % 2 == 0 {\n            sum += binomial_Coeff(n, i);\n        }\n    }\n    sum\n}\n\nfn main() {\n    let candidate = even_binomial_Coeff_Sum;\n    assert_eq!(candidate(4), 8);\n    assert_eq!(candidate(6), 32);\n    assert_eq!(candidate(2), 2);\n}\n",
      "timestamp": 1665510137,
      "stdout": "",
      "stderr": "error[E0425]: cannot find function `binomial_Coeff` in this scope\n --> /tmp/tmpxpnlorhd.rs:6:20\n  |\n6 |             sum += binomial_Coeff(n, i);\n  |                    ^^^^^^^^^^^^^^ not found in this scope\n\nerror: aborting due to previous error\n\nFor more information about this error, try `rustc --explain E0425`.\n",
      "exit_code": 1,
      "status": "SyntaxError"
    },
    {
      "program": "/// Write a rsthon function that takes in a positive integer n and finds the sum of even index binomial coefficients.\nfn even_binomial_Coeff_Sum(n: isize) -> isize {\n    let mut sum = 0;\n    for i in 0..n {\n        if i % 2 == 0 {\n            sum += binomial_Coeff(n, i);\n        }\n    }\n    sum\n}\n\nfn main() {\n    let candidate = even_binomial_Coeff_Sum;\n    assert_eq!(candidate(4), 8);\n    assert_eq!(candidate(6), 32);\n    assert_eq!(candidate(2), 2);\n}\n",
      "timestamp": 1665510137,
      "stdout": "",
      "stderr": "error[E0425]: cannot find function `binomial_Coeff` in this scope\n --> /tmp/tmp_4bkbhj8.rs:6:20\n  |\n6 |             sum += binomial_Coeff(n, i);\n  |                    ^^^^^^^^^^^^^^ not found in this scope\n\nerror: aborting due to previous error\n\nFor more information about this error, try `rustc --explain E0425`.\n",
      "exit_code": 1,
      "status": "SyntaxError"
    },
    {
      "program": "/// Write a rsthon function that takes in a positive integer n and finds the sum of even index binomial coefficients.\nfn even_binomial_Coeff_Sum(n: isize) -> isize {\n    let mut sum = 0;\n    for i in 0..n+1 {\n        if i % 2 == 0 {\n            sum += binomial_Coeff(n, i);\n        }\n    }\n    return sum;\n}\n\nfn main() {\n    let candidate = even_binomial_Coeff_Sum;\n    assert_eq!(candidate(4), 8);\n    assert_eq!(candidate(6), 32);\n    assert_eq!(candidate(2), 2);\n}\n",
      "timestamp": 1665510137,
      "stdout": "",
      "stderr": "error[E0425]: cannot find function `binomial_Coeff` in this scope\n --> /tmp/tmp5_k9z_ma.rs:6:20\n  |\n6 |             sum += binomial_Coeff(n, i);\n  |                    ^^^^^^^^^^^^^^ not found in this scope\n\nerror: aborting due to previous error\n\nFor more information about this error, try `rustc --explain E0425`.\n",
      "exit_code": 1,
      "status": "SyntaxError"
    },
    {
      "program": "/// Write a rsthon function that takes in a positive integer n and finds the sum of even index binomial coefficients.\nfn even_binomial_Coeff_Sum(n: isize) -> isize {\n    let mut sum = 0;\n    for i in 0..n {\n        if i % 2 == 0 {\n            sum += binomial_Coeff(n, i);\n        }\n    }\n    return sum;\n}\n\nfn main() {\n    let candidate = even_binomial_Coeff_Sum;\n    assert_eq!(candidate(4), 8);\n    assert_eq!(candidate(6), 32);\n    assert_eq!(candidate(2), 2);\n}\n",
      "timestamp": 1666122891,
      "stdout": "",
      "stderr": "error[E0425]: cannot find function `binomial_Coeff` in this scope\n --> /tmp/tmpco8q2mc8.rs:6:20\n  |\n6 |             sum += binomial_Coeff(n, i);\n  |                    ^^^^^^^^^^^^^^ not found in this scope\n\nerror: aborting due to previous error\n\nFor more information about this error, try `rustc --explain E0425`.\n",
      "exit_code": 1,
      "status": "SyntaxError"
    },
    {
      "program": "/// Write a rsthon function that takes in a positive integer n and finds the sum of even index binomial coefficients.\nfn even_binomial_Coeff_Sum(n: isize) -> isize {\n    let mut sum = 0;\n    for i in 0..n + 1 {\n        if i % 2 == 0 {\n            sum += binomial_Coeff(n, i);\n        }\n    }\n    sum\n}\n\nfn main() {\n    let candidate = even_binomial_Coeff_Sum;\n    assert_eq!(candidate(4), 8);\n    assert_eq!(candidate(6), 32);\n    assert_eq!(candidate(2), 2);\n}\n",
      "timestamp": 1665510137,
      "stdout": "",
      "stderr": "error[E0425]: cannot find function `binomial_Coeff` in this scope\n --> /tmp/tmpxpnlorhd.rs:6:20\n  |\n6 |             sum += binomial_Coeff(n, i);\n  |                    ^^^^^^^^^^^^^^ not found in this scope\n\nerror: aborting due to previous error\n\nFor more information about this error, try `rustc --explain E0425`.\n",
      "exit_code": 1,
      "status": "SyntaxError"
    },
    {
      "program": "/// Write a rsthon function that takes in a positive integer n and finds the sum of even index binomial coefficients.\nfn even_binomial_Coeff_Sum(n: isize) -> isize {\n    let mut sum = 0;\n    for i in 0..n {\n        if i % 2 == 0 {\n            sum += binomial_Coeff(n, i);\n        }\n    }\n    sum\n}\n\nfn main() {\n    let candidate = even_binomial_Coeff_Sum;\n    assert_eq!(candidate(4), 8);\n    assert_eq!(candidate(6), 32);\n    assert_eq!(candidate(2), 2);\n}\n",
      "timestamp": 1665510137,
      "stdout": "",
      "stderr": "error[E0425]: cannot find function `binomial_Coeff` in this scope\n --> /tmp/tmp_4bkbhj8.rs:6:20\n  |\n6 |             sum += binomial_Coeff(n, i);\n  |                    ^^^^^^^^^^^^^^ not found in this scope\n\nerror: aborting due to previous error\n\nFor more information about this error, try `rustc --explain E0425`.\n",
      "exit_code": 1,
      "status": "SyntaxError"
    },
    {
      "program": "/// Write a rsthon function that takes in a positive integer n and finds the sum of even index binomial coefficients.\nfn even_binomial_Coeff_Sum(n: isize) -> isize {\n    let mut sum = 0;\n    for i in 0..n {\n        if i % 2 == 0 {\n            sum += binomial_coeff(n, i);\n        }\n    }\n    sum\n}\n\nfn main() {\n    let candidate = even_binomial_Coeff_Sum;\n    assert_eq!(candidate(4), 8);\n    assert_eq!(candidate(6), 32);\n    assert_eq!(candidate(2), 2);\n}\n",
      "timestamp": 1665510137,
      "stdout": "",
      "stderr": "error[E0425]: cannot find function `binomial_coeff` in this scope\n --> /tmp/tmpkl0oq68n.rs:6:20\n  |\n6 |             sum += binomial_coeff(n, i);\n  |                    ^^^^^^^^^^^^^^ not found in this scope\n\nerror: aborting due to previous error\n\nFor more information about this error, try `rustc --explain E0425`.\n",
      "exit_code": 1,
      "status": "SyntaxError"
    },
    {
      "program": "/// Write a rsthon function that takes in a positive integer n and finds the sum of even index binomial coefficients.\nfn even_binomial_Coeff_Sum(n: isize) -> isize {\n    let mut sum = 0;\n    for i in 0..n + 1 {\n        if i % 2 == 0 {\n            sum += binomial_Coeff(n, i);\n        }\n    }\n    return sum;\n}\n\nfn main() {\n    let candidate = even_binomial_Coeff_Sum;\n    assert_eq!(candidate(4), 8);\n    assert_eq!(candidate(6), 32);\n    assert_eq!(candidate(2), 2);\n}\n",
      "timestamp": 1665510137,
      "stdout": "",
      "stderr": "error[E0425]: cannot find function `binomial_Coeff` in this scope\n --> /tmp/tmpm2zgiy8x.rs:6:20\n  |\n6 |             sum += binomial_Coeff(n, i);\n  |                    ^^^^^^^^^^^^^^ not found in this scope\n\nerror: aborting due to previous error\n\nFor more information about this error, try `rustc --explain E0425`.\n",
      "exit_code": 1,
      "status": "SyntaxError"
    },
    {
      "program": "/// Write a rsthon function that takes in a positive integer n and finds the sum of even index binomial coefficients.\nfn even_binomial_Coeff_Sum(n: isize) -> isize {\n    let mut sum = 0;\n    for i in 0..n+1 {\n        if i % 2 == 0 {\n            sum += binomial_Coeff(n, i);\n        }\n    }\n    return sum;\n}\n\nfn main() {\n    let candidate = even_binomial_Coeff_Sum;\n    assert_eq!(candidate(4), 8);\n    assert_eq!(candidate(6), 32);\n    assert_eq!(candidate(2), 2);\n}\n",
      "timestamp": 1665510137,
      "stdout": "",
      "stderr": "error[E0425]: cannot find function `binomial_Coeff` in this scope\n --> /tmp/tmp5_k9z_ma.rs:6:20\n  |\n6 |             sum += binomial_Coeff(n, i);\n  |                    ^^^^^^^^^^^^^^ not found in this scope\n\nerror: aborting due to previous error\n\nFor more information about this error, try `rustc --explain E0425`.\n",
      "exit_code": 1,
      "status": "SyntaxError"
    },
    {
      "program": "/// Write a rsthon function that takes in a positive integer n and finds the sum of even index binomial coefficients.\nfn even_binomial_Coeff_Sum(n: isize) -> isize {\n    let mut sum = 0;\n    for i in 0..n+1 {\n        if i % 2 == 0 {\n            sum += binomial_Coeff(n, i);\n        }\n    }\n    sum\n}\n\nfn main() {\n    let candidate = even_binomial_Coeff_Sum;\n    assert_eq!(candidate(4), 8);\n    assert_eq!(candidate(6), 32);\n    assert_eq!(candidate(2), 2);\n}\n",
      "timestamp": 1665510137,
      "stdout": "",
      "stderr": "error[E0425]: cannot find function `binomial_Coeff` in this scope\n --> /tmp/tmpwcpl7rw7.rs:6:20\n  |\n6 |             sum += binomial_Coeff(n, i);\n  |                    ^^^^^^^^^^^^^^ not found in this scope\n\nerror: aborting due to previous error\n\nFor more information about this error, try `rustc --explain E0425`.\n",
      "exit_code": 1,
      "status": "SyntaxError"
    },
    {
      "program": "/// Write a rsthon function that takes in a positive integer n and finds the sum of even index binomial coefficients.\nfn even_binomial_Coeff_Sum(n: isize) -> isize {\n    let mut sum = 0;\n    for i in 0..n {\n        if i % 2 == 0 {\n            sum += binomial_Coeff(n, i);\n        }\n    }\n    sum\n}\n\nfn main() {\n    let candidate = even_binomial_Coeff_Sum;\n    assert_eq!(candidate(4), 8);\n    assert_eq!(candidate(6), 32);\n    assert_eq!(candidate(2), 2);\n}\n",
      "timestamp": 1665510137,
      "stdout": "",
      "stderr": "error[E0425]: cannot find function `binomial_Coeff` in this scope\n --> /tmp/tmp_4bkbhj8.rs:6:20\n  |\n6 |             sum += binomial_Coeff(n, i);\n  |                    ^^^^^^^^^^^^^^ not found in this scope\n\nerror: aborting due to previous error\n\nFor more information about this error, try `rustc --explain E0425`.\n",
      "exit_code": 1,
      "status": "SyntaxError"
    },
    {
      "program": "/// Write a rsthon function that takes in a positive integer n and finds the sum of even index binomial coefficients.\nfn even_binomial_Coeff_Sum(n: isize) -> isize {\n    let mut sum = 0;\n    for i in 0..n + 1 {\n        if i % 2 == 0 {\n            sum += binomial_coeff(n, i);\n        }\n    }\n    sum\n}\n\nfn main() {\n    let candidate = even_binomial_Coeff_Sum;\n    assert_eq!(candidate(4), 8);\n    assert_eq!(candidate(6), 32);\n    assert_eq!(candidate(2), 2);\n}\n",
      "timestamp": 1665510137,
      "stdout": "",
      "stderr": "error[E0425]: cannot find function `binomial_coeff` in this scope\n --> /tmp/tmp5sznfdib.rs:6:20\n  |\n6 |             sum += binomial_coeff(n, i);\n  |                    ^^^^^^^^^^^^^^ not found in this scope\n\nerror: aborting due to previous error\n\nFor more information about this error, try `rustc --explain E0425`.\n",
      "exit_code": 1,
      "status": "SyntaxError"
    },
    {
      "program": "/// Write a rsthon function that takes in a positive integer n and finds the sum of even index binomial coefficients.\nfn even_binomial_Coeff_Sum(n: isize) -> isize {\n    let mut sum = 0;\n    for i in 0..n + 1 {\n        if i % 2 == 0 {\n            sum += binomial_Coeff(n, i);\n        }\n    }\n    sum\n}\n\nfn main() {\n    let candidate = even_binomial_Coeff_Sum;\n    assert_eq!(candidate(4), 8);\n    assert_eq!(candidate(6), 32);\n    assert_eq!(candidate(2), 2);\n}\n",
      "timestamp": 1665510137,
      "stdout": "",
      "stderr": "error[E0425]: cannot find function `binomial_Coeff` in this scope\n --> /tmp/tmpxpnlorhd.rs:6:20\n  |\n6 |             sum += binomial_Coeff(n, i);\n  |                    ^^^^^^^^^^^^^^ not found in this scope\n\nerror: aborting due to previous error\n\nFor more information about this error, try `rustc --explain E0425`.\n",
      "exit_code": 1,
      "status": "SyntaxError"
    },
    {
      "program": "/// Write a rsthon function that takes in a positive integer n and finds the sum of even index binomial coefficients.\nfn even_binomial_Coeff_Sum(n: isize) -> isize {\n    let mut sum = 0;\n    for i in 0..n+1 {\n        if i % 2 == 0 {\n            sum += binomial_Coeff(n, i);\n        }\n    }\n    return sum;\n}\n\nfn main() {\n    let candidate = even_binomial_Coeff_Sum;\n    assert_eq!(candidate(4), 8);\n    assert_eq!(candidate(6), 32);\n    assert_eq!(candidate(2), 2);\n}\n",
      "timestamp": 1665510137,
      "stdout": "",
      "stderr": "error[E0425]: cannot find function `binomial_Coeff` in this scope\n --> /tmp/tmp5_k9z_ma.rs:6:20\n  |\n6 |             sum += binomial_Coeff(n, i);\n  |                    ^^^^^^^^^^^^^^ not found in this scope\n\nerror: aborting due to previous error\n\nFor more information about this error, try `rustc --explain E0425`.\n",
      "exit_code": 1,
      "status": "SyntaxError"
    },
    {
      "program": "/// Write a rsthon function that takes in a positive integer n and finds the sum of even index binomial coefficients.\nfn even_binomial_Coeff_Sum(n: isize) -> isize {\n    let mut sum = 0;\n    for i in 0..n {\n        if i % 2 == 0 {\n            sum += binomial_Coeff(n, i);\n        }\n    }\n    sum\n}\n\nfn main() {\n    let candidate = even_binomial_Coeff_Sum;\n    assert_eq!(candidate(4), 8);\n    assert_eq!(candidate(6), 32);\n    assert_eq!(candidate(2), 2);\n}\n",
      "timestamp": 1665510137,
      "stdout": "",
      "stderr": "error[E0425]: cannot find function `binomial_Coeff` in this scope\n --> /tmp/tmp_4bkbhj8.rs:6:20\n  |\n6 |             sum += binomial_Coeff(n, i);\n  |                    ^^^^^^^^^^^^^^ not found in this scope\n\nerror: aborting due to previous error\n\nFor more information about this error, try `rustc --explain E0425`.\n",
      "exit_code": 1,
      "status": "SyntaxError"
    },
    {
      "program": "/// Write a rsthon function that takes in a positive integer n and finds the sum of even index binomial coefficients.\nfn even_binomial_Coeff_Sum(n: isize) -> isize {\n    let mut sum = 0;\n    for i in 0..n + 1 {\n        if i % 2 == 0 {\n            sum += binomial_Coeff(n, i);\n        }\n    }\n    sum\n}\n\nfn main() {\n    let candidate = even_binomial_Coeff_Sum;\n    assert_eq!(candidate(4), 8);\n    assert_eq!(candidate(6), 32);\n    assert_eq!(candidate(2), 2);\n}\n",
      "timestamp": 1665510137,
      "stdout": "",
      "stderr": "error[E0425]: cannot find function `binomial_Coeff` in this scope\n --> /tmp/tmpxpnlorhd.rs:6:20\n  |\n6 |             sum += binomial_Coeff(n, i);\n  |                    ^^^^^^^^^^^^^^ not found in this scope\n\nerror: aborting due to previous error\n\nFor more information about this error, try `rustc --explain E0425`.\n",
      "exit_code": 1,
      "status": "SyntaxError"
    },
    {
      "program": "/// Write a rsthon function that takes in a positive integer n and finds the sum of even index binomial coefficients.\nfn even_binomial_Coeff_Sum(n: isize) -> isize {\n    let mut sum = 0;\n    for i in 0..n + 1 {\n        if i % 2 == 0 {\n            sum += binomial_coeff(n, i);\n        }\n    }\n    sum\n}\n\nfn main() {\n    let candidate = even_binomial_Coeff_Sum;\n    assert_eq!(candidate(4), 8);\n    assert_eq!(candidate(6), 32);\n    assert_eq!(candidate(2), 2);\n}\n",
      "timestamp": 1665510137,
      "stdout": "",
      "stderr": "error[E0425]: cannot find function `binomial_coeff` in this scope\n --> /tmp/tmp5sznfdib.rs:6:20\n  |\n6 |             sum += binomial_coeff(n, i);\n  |                    ^^^^^^^^^^^^^^ not found in this scope\n\nerror: aborting due to previous error\n\nFor more information about this error, try `rustc --explain E0425`.\n",
      "exit_code": 1,
      "status": "SyntaxError"
    },
    {
      "program": "/// Write a rsthon function that takes in a positive integer n and finds the sum of even index binomial coefficients.\nfn even_binomial_Coeff_Sum(n: isize) -> isize {\n    let mut sum = 0;\n    for i in 0..n + 1 {\n        if i % 2 == 0 {\n            sum += binomial_coeff(n, i);\n        }\n    }\n    sum\n}\n\nfn main() {\n    let candidate = even_binomial_Coeff_Sum;\n    assert_eq!(candidate(4), 8);\n    assert_eq!(candidate(6), 32);\n    assert_eq!(candidate(2), 2);\n}\n",
      "timestamp": 1665510137,
      "stdout": "",
      "stderr": "error[E0425]: cannot find function `binomial_coeff` in this scope\n --> /tmp/tmp5sznfdib.rs:6:20\n  |\n6 |             sum += binomial_coeff(n, i);\n  |                    ^^^^^^^^^^^^^^ not found in this scope\n\nerror: aborting due to previous error\n\nFor more information about this error, try `rustc --explain E0425`.\n",
      "exit_code": 1,
      "status": "SyntaxError"
    },
    {
      "program": "/// Write a rsthon function that takes in a positive integer n and finds the sum of even index binomial coefficients.\nfn even_binomial_Coeff_Sum(n: isize) -> isize {\n    let mut sum = 0;\n    for i in 0..n + 1 {\n        if i % 2 == 0 {\n            sum += binomial_coeff(n, i);\n        }\n    }\n    sum\n}\n\nfn main() {\n    let candidate = even_binomial_Coeff_Sum;\n    assert_eq!(candidate(4), 8);\n    assert_eq!(candidate(6), 32);\n    assert_eq!(candidate(2), 2);\n}\n",
      "timestamp": 1665510137,
      "stdout": "",
      "stderr": "error[E0425]: cannot find function `binomial_coeff` in this scope\n --> /tmp/tmp5sznfdib.rs:6:20\n  |\n6 |             sum += binomial_coeff(n, i);\n  |                    ^^^^^^^^^^^^^^ not found in this scope\n\nerror: aborting due to previous error\n\nFor more information about this error, try `rustc --explain E0425`.\n",
      "exit_code": 1,
      "status": "SyntaxError"
    },
    {
      "program": "/// Write a rsthon function that takes in a positive integer n and finds the sum of even index binomial coefficients.\nfn even_binomial_Coeff_Sum(n: isize) -> isize {\n    let mut sum = 0;\n    for i in 0..n + 1 {\n        if i % 2 == 0 {\n            sum += binomial_coeff(n, i);\n        }\n    }\n    sum\n}\n\nfn main() {\n    let candidate = even_binomial_Coeff_Sum;\n    assert_eq!(candidate(4), 8);\n    assert_eq!(candidate(6), 32);\n    assert_eq!(candidate(2), 2);\n}\n",
      "timestamp": 1665510137,
      "stdout": "",
      "stderr": "error[E0425]: cannot find function `binomial_coeff` in this scope\n --> /tmp/tmp5sznfdib.rs:6:20\n  |\n6 |             sum += binomial_coeff(n, i);\n  |                    ^^^^^^^^^^^^^^ not found in this scope\n\nerror: aborting due to previous error\n\nFor more information about this error, try `rustc --explain E0425`.\n",
      "exit_code": 1,
      "status": "SyntaxError"
    },
    {
      "program": "/// Write a rsthon function that takes in a positive integer n and finds the sum of even index binomial coefficients.\nfn even_binomial_Coeff_Sum(n: isize) -> isize {\n    let mut sum = 0;\n    for i in 0..n+1 {\n        if i % 2 == 0 {\n            sum += binomial_Coeff(n, i);\n        }\n    }\n    return sum;\n}\n\nfn main() {\n    let candidate = even_binomial_Coeff_Sum;\n    assert_eq!(candidate(4), 8);\n    assert_eq!(candidate(6), 32);\n    assert_eq!(candidate(2), 2);\n}\n",
      "timestamp": 1665510137,
      "stdout": "",
      "stderr": "error[E0425]: cannot find function `binomial_Coeff` in this scope\n --> /tmp/tmp5_k9z_ma.rs:6:20\n  |\n6 |             sum += binomial_Coeff(n, i);\n  |                    ^^^^^^^^^^^^^^ not found in this scope\n\nerror: aborting due to previous error\n\nFor more information about this error, try `rustc --explain E0425`.\n",
      "exit_code": 1,
      "status": "SyntaxError"
    },
    {
      "program": "/// Write a rsthon function that takes in a positive integer n and finds the sum of even index binomial coefficients.\nfn even_binomial_Coeff_Sum(n: isize) -> isize {\n    let mut sum = 0;\n    for i in 0..n {\n        sum += binomial_Coeff(n, i);\n    }\n    sum\n}\n\nfn main() {\n    let candidate = even_binomial_Coeff_Sum;\n    assert_eq!(candidate(4), 8);\n    assert_eq!(candidate(6), 32);\n    assert_eq!(candidate(2), 2);\n}\n",
      "timestamp": 1666122891,
      "stdout": "",
      "stderr": "error[E0425]: cannot find function `binomial_Coeff` in this scope\n --> /tmp/tmpdl8ns433.rs:5:16\n  |\n5 |         sum += binomial_Coeff(n, i);\n  |                ^^^^^^^^^^^^^^ not found in this scope\n\nerror: aborting due to previous error\n\nFor more information about this error, try `rustc --explain E0425`.\n",
      "exit_code": 1,
      "status": "SyntaxError"
    },
    {
      "program": "/// Write a rsthon function that takes in a positive integer n and finds the sum of even index binomial coefficients.\nfn even_binomial_Coeff_Sum(n: isize) -> isize {\n    let mut sum = 0;\n    for i in 0..n + 1 {\n        if i % 2 == 0 {\n            sum += binomial_Coeff(n, i);\n        }\n    }\n    sum\n}\n\nfn main() {\n    let candidate = even_binomial_Coeff_Sum;\n    assert_eq!(candidate(4), 8);\n    assert_eq!(candidate(6), 32);\n    assert_eq!(candidate(2), 2);\n}\n",
      "timestamp": 1665510137,
      "stdout": "",
      "stderr": "error[E0425]: cannot find function `binomial_Coeff` in this scope\n --> /tmp/tmpxpnlorhd.rs:6:20\n  |\n6 |             sum += binomial_Coeff(n, i);\n  |                    ^^^^^^^^^^^^^^ not found in this scope\n\nerror: aborting due to previous error\n\nFor more information about this error, try `rustc --explain E0425`.\n",
      "exit_code": 1,
      "status": "SyntaxError"
    },
    {
      "program": "/// Write a rsthon function that takes in a positive integer n and finds the sum of even index binomial coefficients.\nfn even_binomial_Coeff_Sum(n: isize) -> isize {\n    let mut sum = 0;\n    for i in 0..n+1 {\n        if i % 2 == 0 {\n            sum += binomial_coeff(n, i);\n        }\n    }\n    return sum;\n}\n\nfn main() {\n    let candidate = even_binomial_Coeff_Sum;\n    assert_eq!(candidate(4), 8);\n    assert_eq!(candidate(6), 32);\n    assert_eq!(candidate(2), 2);\n}\n",
      "timestamp": 1666122891,
      "stdout": "",
      "stderr": "error[E0425]: cannot find function `binomial_coeff` in this scope\n --> /tmp/tmp1fh6q5hv.rs:6:20\n  |\n6 |             sum += binomial_coeff(n, i);\n  |                    ^^^^^^^^^^^^^^ not found in this scope\n\nerror: aborting due to previous error\n\nFor more information about this error, try `rustc --explain E0425`.\n",
      "exit_code": 1,
      "status": "SyntaxError"
    },
    {
      "program": "/// Write a rsthon function that takes in a positive integer n and finds the sum of even index binomial coefficients.\nfn even_binomial_Coeff_Sum(n: isize) -> isize {\n    let mut sum = 0;\n    for i in 0..n + 1 {\n        if i % 2 == 0 {\n            sum += binomial_Coeff(n, i);\n        }\n    }\n    sum\n}\n\nfn main() {\n    let candidate = even_binomial_Coeff_Sum;\n    assert_eq!(candidate(4), 8);\n    assert_eq!(candidate(6), 32);\n    assert_eq!(candidate(2), 2);\n}\n",
      "timestamp": 1665510137,
      "stdout": "",
      "stderr": "error[E0425]: cannot find function `binomial_Coeff` in this scope\n --> /tmp/tmpxpnlorhd.rs:6:20\n  |\n6 |             sum += binomial_Coeff(n, i);\n  |                    ^^^^^^^^^^^^^^ not found in this scope\n\nerror: aborting due to previous error\n\nFor more information about this error, try `rustc --explain E0425`.\n",
      "exit_code": 1,
      "status": "SyntaxError"
    },
    {
      "program": "/// Write a rsthon function that takes in a positive integer n and finds the sum of even index binomial coefficients.\nfn even_binomial_Coeff_Sum(n: isize) -> isize {\n    let mut sum = 0;\n    for i in 0..n + 1 {\n        if i % 2 == 0 {\n            sum += binomial_coeff(n, i);\n        }\n    }\n    sum\n}\n\nfn main() {\n    let candidate = even_binomial_Coeff_Sum;\n    assert_eq!(candidate(4), 8);\n    assert_eq!(candidate(6), 32);\n    assert_eq!(candidate(2), 2);\n}\n",
      "timestamp": 1665510137,
      "stdout": "",
      "stderr": "error[E0425]: cannot find function `binomial_coeff` in this scope\n --> /tmp/tmp5sznfdib.rs:6:20\n  |\n6 |             sum += binomial_coeff(n, i);\n  |                    ^^^^^^^^^^^^^^ not found in this scope\n\nerror: aborting due to previous error\n\nFor more information about this error, try `rustc --explain E0425`.\n",
      "exit_code": 1,
      "status": "SyntaxError"
    },
    {
      "program": "/// Write a rsthon function that takes in a positive integer n and finds the sum of even index binomial coefficients.\nfn even_binomial_Coeff_Sum(n: isize) -> isize {\n    let mut sum = 0;\n    for i in 0..n + 1 {\n        if i % 2 == 0 {\n            sum += binomial_coeff(n, i);\n        }\n    }\n    sum\n}\n\nfn main() {\n    let candidate = even_binomial_Coeff_Sum;\n    assert_eq!(candidate(4), 8);\n    assert_eq!(candidate(6), 32);\n    assert_eq!(candidate(2), 2);\n}\n",
      "timestamp": 1665510137,
      "stdout": "",
      "stderr": "error[E0425]: cannot find function `binomial_coeff` in this scope\n --> /tmp/tmp5sznfdib.rs:6:20\n  |\n6 |             sum += binomial_coeff(n, i);\n  |                    ^^^^^^^^^^^^^^ not found in this scope\n\nerror: aborting due to previous error\n\nFor more information about this error, try `rustc --explain E0425`.\n",
      "exit_code": 1,
      "status": "SyntaxError"
    },
    {
      "program": "/// Write a rsthon function that takes in a positive integer n and finds the sum of even index binomial coefficients.\nfn even_binomial_Coeff_Sum(n: isize) -> isize {\n    let mut sum = 0;\n    for i in 0..n + 1 {\n        if i % 2 == 0 {\n            sum += binomial_Coeff(n, i);\n        }\n    }\n    sum\n}\n\nfn main() {\n    let candidate = even_binomial_Coeff_Sum;\n    assert_eq!(candidate(4), 8);\n    assert_eq!(candidate(6), 32);\n    assert_eq!(candidate(2), 2);\n}\n",
      "timestamp": 1665510137,
      "stdout": "",
      "stderr": "error[E0425]: cannot find function `binomial_Coeff` in this scope\n --> /tmp/tmpxpnlorhd.rs:6:20\n  |\n6 |             sum += binomial_Coeff(n, i);\n  |                    ^^^^^^^^^^^^^^ not found in this scope\n\nerror: aborting due to previous error\n\nFor more information about this error, try `rustc --explain E0425`.\n",
      "exit_code": 1,
      "status": "SyntaxError"
    },
    {
      "program": "/// Write a rsthon function that takes in a positive integer n and finds the sum of even index binomial coefficients.\nfn even_binomial_Coeff_Sum(n: isize) -> isize {\n    let mut sum = 0;\n    for i in 0..n + 1 {\n        if i % 2 == 0 {\n            sum += binomial_coeff(n, i);\n        }\n    }\n    return sum;\n}\n\nfn main() {\n    let candidate = even_binomial_Coeff_Sum;\n    assert_eq!(candidate(4), 8);\n    assert_eq!(candidate(6), 32);\n    assert_eq!(candidate(2), 2);\n}\n",
      "timestamp": 1665510137,
      "stdout": "",
      "stderr": "error[E0425]: cannot find function `binomial_coeff` in this scope\n --> /tmp/tmphn1_ab9x.rs:6:20\n  |\n6 |             sum += binomial_coeff(n, i);\n  |                    ^^^^^^^^^^^^^^ not found in this scope\n\nerror: aborting due to previous error\n\nFor more information about this error, try `rustc --explain E0425`.\n",
      "exit_code": 1,
      "status": "SyntaxError"
    },
    {
      "program": "/// Write a rsthon function that takes in a positive integer n and finds the sum of even index binomial coefficients.\nfn even_binomial_Coeff_Sum(n: isize) -> isize {\n    let mut sum = 0;\n    for i in 0..n+1 {\n        if i % 2 == 0 {\n            sum += binomial_coeff(n, i);\n        }\n    }\n    sum\n}\n\nfn main() {\n    let candidate = even_binomial_Coeff_Sum;\n    assert_eq!(candidate(4), 8);\n    assert_eq!(candidate(6), 32);\n    assert_eq!(candidate(2), 2);\n}\n",
      "timestamp": 1666122891,
      "stdout": "",
      "stderr": "error[E0425]: cannot find function `binomial_coeff` in this scope\n --> /tmp/tmpmdm8sm3j.rs:6:20\n  |\n6 |             sum += binomial_coeff(n, i);\n  |                    ^^^^^^^^^^^^^^ not found in this scope\n\nerror: aborting due to previous error\n\nFor more information about this error, try `rustc --explain E0425`.\n",
      "exit_code": 1,
      "status": "SyntaxError"
    },
    {
      "program": "/// Write a rsthon function that takes in a positive integer n and finds the sum of even index binomial coefficients.\nfn even_binomial_Coeff_Sum(n: isize) -> isize {\n    let mut sum = 0;\n    for i in 0..n + 1 {\n        if i % 2 == 0 {\n            sum += binomial_coeff(n, i);\n        }\n    }\n    sum\n}\n\nfn main() {\n    let candidate = even_binomial_Coeff_Sum;\n    assert_eq!(candidate(4), 8);\n    assert_eq!(candidate(6), 32);\n    assert_eq!(candidate(2), 2);\n}\n",
      "timestamp": 1665510137,
      "stdout": "",
      "stderr": "error[E0425]: cannot find function `binomial_coeff` in this scope\n --> /tmp/tmp5sznfdib.rs:6:20\n  |\n6 |             sum += binomial_coeff(n, i);\n  |                    ^^^^^^^^^^^^^^ not found in this scope\n\nerror: aborting due to previous error\n\nFor more information about this error, try `rustc --explain E0425`.\n",
      "exit_code": 1,
      "status": "SyntaxError"
    },
    {
      "program": "/// Write a rsthon function that takes in a positive integer n and finds the sum of even index binomial coefficients.\nfn even_binomial_Coeff_Sum(n: isize) -> isize {\n    let mut sum = 0;\n    for i in 0..n + 1 {\n        if i % 2 == 0 {\n            sum += binomial_Coeff(n, i);\n        }\n    }\n    sum\n}\n\nfn main() {\n    let candidate = even_binomial_Coeff_Sum;\n    assert_eq!(candidate(4), 8);\n    assert_eq!(candidate(6), 32);\n    assert_eq!(candidate(2), 2);\n}\n",
      "timestamp": 1665510137,
      "stdout": "",
      "stderr": "error[E0425]: cannot find function `binomial_Coeff` in this scope\n --> /tmp/tmpxpnlorhd.rs:6:20\n  |\n6 |             sum += binomial_Coeff(n, i);\n  |                    ^^^^^^^^^^^^^^ not found in this scope\n\nerror: aborting due to previous error\n\nFor more information about this error, try `rustc --explain E0425`.\n",
      "exit_code": 1,
      "status": "SyntaxError"
    },
    {
      "program": "/// Write a rsthon function that takes in a positive integer n and finds the sum of even index binomial coefficients.\nfn even_binomial_Coeff_Sum(n: isize) -> isize {\n    let mut sum = 0;\n    for i in 0..n + 1 {\n        if i % 2 == 0 {\n            sum += binomial_Coeff(n, i);\n        }\n    }\n    sum\n}\n\nfn main() {\n    let candidate = even_binomial_Coeff_Sum;\n    assert_eq!(candidate(4), 8);\n    assert_eq!(candidate(6), 32);\n    assert_eq!(candidate(2), 2);\n}\n",
      "timestamp": 1665510137,
      "stdout": "",
      "stderr": "error[E0425]: cannot find function `binomial_Coeff` in this scope\n --> /tmp/tmpxpnlorhd.rs:6:20\n  |\n6 |             sum += binomial_Coeff(n, i);\n  |                    ^^^^^^^^^^^^^^ not found in this scope\n\nerror: aborting due to previous error\n\nFor more information about this error, try `rustc --explain E0425`.\n",
      "exit_code": 1,
      "status": "SyntaxError"
    },
    {
      "program": "/// Write a rsthon function that takes in a positive integer n and finds the sum of even index binomial coefficients.\nfn even_binomial_Coeff_Sum(n: isize) -> isize {\n    let mut sum = 0;\n    for i in 0..n + 1 {\n        if i % 2 == 0 {\n            sum += binomial_coeff(n, i);\n        }\n    }\n    sum\n}\n\nfn main() {\n    let candidate = even_binomial_Coeff_Sum;\n    assert_eq!(candidate(4), 8);\n    assert_eq!(candidate(6), 32);\n    assert_eq!(candidate(2), 2);\n}\n",
      "timestamp": 1665510137,
      "stdout": "",
      "stderr": "error[E0425]: cannot find function `binomial_coeff` in this scope\n --> /tmp/tmp5sznfdib.rs:6:20\n  |\n6 |             sum += binomial_coeff(n, i);\n  |                    ^^^^^^^^^^^^^^ not found in this scope\n\nerror: aborting due to previous error\n\nFor more information about this error, try `rustc --explain E0425`.\n",
      "exit_code": 1,
      "status": "SyntaxError"
    },
    {
      "program": "/// Write a rsthon function that takes in a positive integer n and finds the sum of even index binomial coefficients.\nfn even_binomial_Coeff_Sum(n: isize) -> isize {\n    let mut sum = 0;\n    for i in 0..n + 1 {\n        if i % 2 == 0 {\n            sum += binomial_coeff(n, i);\n        }\n    }\n    sum\n}\n\nfn main() {\n    let candidate = even_binomial_Coeff_Sum;\n    assert_eq!(candidate(4), 8);\n    assert_eq!(candidate(6), 32);\n    assert_eq!(candidate(2), 2);\n}\n",
      "timestamp": 1665510137,
      "stdout": "",
      "stderr": "error[E0425]: cannot find function `binomial_coeff` in this scope\n --> /tmp/tmp5sznfdib.rs:6:20\n  |\n6 |             sum += binomial_coeff(n, i);\n  |                    ^^^^^^^^^^^^^^ not found in this scope\n\nerror: aborting due to previous error\n\nFor more information about this error, try `rustc --explain E0425`.\n",
      "exit_code": 1,
      "status": "SyntaxError"
    },
    {
      "program": "/// Write a rsthon function that takes in a positive integer n and finds the sum of even index binomial coefficients.\nfn even_binomial_Coeff_Sum(n: isize) -> isize {\n    let mut sum = 0;\n    for i in 0..n + 1 {\n        if i % 2 == 0 {\n            sum += binomial_Coeff(n, i);\n        }\n    }\n    sum\n}\n\nfn main() {\n    let candidate = even_binomial_Coeff_Sum;\n    assert_eq!(candidate(4), 8);\n    assert_eq!(candidate(6), 32);\n    assert_eq!(candidate(2), 2);\n}\n",
      "timestamp": 1665510137,
      "stdout": "",
      "stderr": "error[E0425]: cannot find function `binomial_Coeff` in this scope\n --> /tmp/tmpxpnlorhd.rs:6:20\n  |\n6 |             sum += binomial_Coeff(n, i);\n  |                    ^^^^^^^^^^^^^^ not found in this scope\n\nerror: aborting due to previous error\n\nFor more information about this error, try `rustc --explain E0425`.\n",
      "exit_code": 1,
      "status": "SyntaxError"
    },
    {
      "program": "/// Write a rsthon function that takes in a positive integer n and finds the sum of even index binomial coefficients.\nfn even_binomial_Coeff_Sum(n: isize) -> isize {\n    let mut sum = 0;\n    for i in 0..n + 1 {\n        if i % 2 == 0 {\n            sum += binomial_Coeff(n, i);\n        }\n    }\n    sum\n}\n\nfn main() {\n    let candidate = even_binomial_Coeff_Sum;\n    assert_eq!(candidate(4), 8);\n    assert_eq!(candidate(6), 32);\n    assert_eq!(candidate(2), 2);\n}\n",
      "timestamp": 1665510137,
      "stdout": "",
      "stderr": "error[E0425]: cannot find function `binomial_Coeff` in this scope\n --> /tmp/tmpxpnlorhd.rs:6:20\n  |\n6 |             sum += binomial_Coeff(n, i);\n  |                    ^^^^^^^^^^^^^^ not found in this scope\n\nerror: aborting due to previous error\n\nFor more information about this error, try `rustc --explain E0425`.\n",
      "exit_code": 1,
      "status": "SyntaxError"
    },
    {
      "program": "/// Write a rsthon function that takes in a positive integer n and finds the sum of even index binomial coefficients.\nfn even_binomial_Coeff_Sum(n: isize) -> isize {\n    let mut sum = 0;\n    for i in 0..n + 1 {\n        if i % 2 == 0 {\n            sum += binomial_coeff(n, i);\n        }\n    }\n    sum\n}\n\nfn main() {\n    let candidate = even_binomial_Coeff_Sum;\n    assert_eq!(candidate(4), 8);\n    assert_eq!(candidate(6), 32);\n    assert_eq!(candidate(2), 2);\n}\n",
      "timestamp": 1665510137,
      "stdout": "",
      "stderr": "error[E0425]: cannot find function `binomial_coeff` in this scope\n --> /tmp/tmp5sznfdib.rs:6:20\n  |\n6 |             sum += binomial_coeff(n, i);\n  |                    ^^^^^^^^^^^^^^ not found in this scope\n\nerror: aborting due to previous error\n\nFor more information about this error, try `rustc --explain E0425`.\n",
      "exit_code": 1,
      "status": "SyntaxError"
    },
    {
      "program": "/// Write a rsthon function that takes in a positive integer n and finds the sum of even index binomial coefficients.\nfn even_binomial_Coeff_Sum(n: isize) -> isize {\n    let mut sum = 0;\n    for i in 0..n + 1 {\n        if i % 2 == 0 {\n            sum += binomial_Coeff(n, i);\n        }\n    }\n    sum\n}\n\nfn main() {\n    let candidate = even_binomial_Coeff_Sum;\n    assert_eq!(candidate(4), 8);\n    assert_eq!(candidate(6), 32);\n    assert_eq!(candidate(2), 2);\n}\n",
      "timestamp": 1665510137,
      "stdout": "",
      "stderr": "error[E0425]: cannot find function `binomial_Coeff` in this scope\n --> /tmp/tmpxpnlorhd.rs:6:20\n  |\n6 |             sum += binomial_Coeff(n, i);\n  |                    ^^^^^^^^^^^^^^ not found in this scope\n\nerror: aborting due to previous error\n\nFor more information about this error, try `rustc --explain E0425`.\n",
      "exit_code": 1,
      "status": "SyntaxError"
    },
    {
      "program": "/// Write a rsthon function that takes in a positive integer n and finds the sum of even index binomial coefficients.\nfn even_binomial_Coeff_Sum(n: isize) -> isize {\n    let mut sum = 0;\n    for i in 0..n + 1 {\n        if i % 2 == 0 {\n            sum += binomial_Coeff(n, i);\n        }\n    }\n    sum\n}\n\nfn main() {\n    let candidate = even_binomial_Coeff_Sum;\n    assert_eq!(candidate(4), 8);\n    assert_eq!(candidate(6), 32);\n    assert_eq!(candidate(2), 2);\n}\n",
      "timestamp": 1665510137,
      "stdout": "",
      "stderr": "error[E0425]: cannot find function `binomial_Coeff` in this scope\n --> /tmp/tmpxpnlorhd.rs:6:20\n  |\n6 |             sum += binomial_Coeff(n, i);\n  |                    ^^^^^^^^^^^^^^ not found in this scope\n\nerror: aborting due to previous error\n\nFor more information about this error, try `rustc --explain E0425`.\n",
      "exit_code": 1,
      "status": "SyntaxError"
    },
    {
      "program": "/// Write a rsthon function that takes in a positive integer n and finds the sum of even index binomial coefficients.\nfn even_binomial_Coeff_Sum(n: isize) -> isize {\n    let mut sum = 0;\n    for i in 0..n {\n        if i % 2 == 0 {\n            sum += binomial_Coeff(n, i);\n        }\n    }\n    sum\n}\n\nfn main() {\n    let candidate = even_binomial_Coeff_Sum;\n    assert_eq!(candidate(4), 8);\n    assert_eq!(candidate(6), 32);\n    assert_eq!(candidate(2), 2);\n}\n",
      "timestamp": 1665510137,
      "stdout": "",
      "stderr": "error[E0425]: cannot find function `binomial_Coeff` in this scope\n --> /tmp/tmp_4bkbhj8.rs:6:20\n  |\n6 |             sum += binomial_Coeff(n, i);\n  |                    ^^^^^^^^^^^^^^ not found in this scope\n\nerror: aborting due to previous error\n\nFor more information about this error, try `rustc --explain E0425`.\n",
      "exit_code": 1,
      "status": "SyntaxError"
    },
    {
      "program": "/// Write a rsthon function that takes in a positive integer n and finds the sum of even index binomial coefficients.\nfn even_binomial_Coeff_Sum(n: isize) -> isize {\n    let mut sum = 0;\n    let mut i = 0;\n    while i <= n {\n        sum += binomial_Coeff(n, i);\n        i += 2;\n    }\n    sum\n}\n\nfn main() {\n    let candidate = even_binomial_Coeff_Sum;\n    assert_eq!(candidate(4), 8);\n    assert_eq!(candidate(6), 32);\n    assert_eq!(candidate(2), 2);\n}\n",
      "timestamp": 1665510137,
      "stdout": "",
      "stderr": "error[E0425]: cannot find function `binomial_Coeff` in this scope\n --> /tmp/tmpjtkkvbqy.rs:6:16\n  |\n6 |         sum += binomial_Coeff(n, i);\n  |                ^^^^^^^^^^^^^^ not found in this scope\n\nerror: aborting due to previous error\n\nFor more information about this error, try `rustc --explain E0425`.\n",
      "exit_code": 1,
      "status": "SyntaxError"
    },
    {
      "program": "/// Write a rsthon function that takes in a positive integer n and finds the sum of even index binomial coefficients.\nfn even_binomial_Coeff_Sum(n: isize) -> isize {\n    let mut sum: isize = 0;\n    for i in 0..n + 1 {\n        if i % 2 == 0 {\n            sum += binomial_Coeff(n, i);\n        }\n    }\n    sum\n}\n\nfn main() {\n    let candidate = even_binomial_Coeff_Sum;\n    assert_eq!(candidate(4), 8);\n    assert_eq!(candidate(6), 32);\n    assert_eq!(candidate(2), 2);\n}\n",
      "timestamp": 1666122891,
      "stdout": "",
      "stderr": "error[E0425]: cannot find function `binomial_Coeff` in this scope\n --> /tmp/tmp3ruo3sfb.rs:6:20\n  |\n6 |             sum += binomial_Coeff(n, i);\n  |                    ^^^^^^^^^^^^^^ not found in this scope\n\nerror: aborting due to previous error\n\nFor more information about this error, try `rustc --explain E0425`.\n",
      "exit_code": 1,
      "status": "SyntaxError"
    },
    {
      "program": "/// Write a rsthon function that takes in a positive integer n and finds the sum of even index binomial coefficients.\nfn even_binomial_Coeff_Sum(n: isize) -> isize {\n    let mut sum = 0;\n    for i in 0..n+1 {\n        if i % 2 == 0 {\n            sum += binomial_coeff(n, i);\n        }\n    }\n    sum\n}\n\nfn main() {\n    let candidate = even_binomial_Coeff_Sum;\n    assert_eq!(candidate(4), 8);\n    assert_eq!(candidate(6), 32);\n    assert_eq!(candidate(2), 2);\n}\n",
      "timestamp": 1666122891,
      "stdout": "",
      "stderr": "error[E0425]: cannot find function `binomial_coeff` in this scope\n --> /tmp/tmpmdm8sm3j.rs:6:20\n  |\n6 |             sum += binomial_coeff(n, i);\n  |                    ^^^^^^^^^^^^^^ not found in this scope\n\nerror: aborting due to previous error\n\nFor more information about this error, try `rustc --explain E0425`.\n",
      "exit_code": 1,
      "status": "SyntaxError"
    },
    {
      "program": "/// Write a rsthon function that takes in a positive integer n and finds the sum of even index binomial coefficients.\nfn even_binomial_Coeff_Sum(n: isize) -> isize {\n    let mut sum = 0;\n    for i in 0..n+1 {\n        if i % 2 == 0 {\n            sum += binomial_Coeff(n, i);\n        }\n    }\n    sum\n}\n\nfn main() {\n    let candidate = even_binomial_Coeff_Sum;\n    assert_eq!(candidate(4), 8);\n    assert_eq!(candidate(6), 32);\n    assert_eq!(candidate(2), 2);\n}\n",
      "timestamp": 1665510137,
      "stdout": "",
      "stderr": "error[E0425]: cannot find function `binomial_Coeff` in this scope\n --> /tmp/tmpwcpl7rw7.rs:6:20\n  |\n6 |             sum += binomial_Coeff(n, i);\n  |                    ^^^^^^^^^^^^^^ not found in this scope\n\nerror: aborting due to previous error\n\nFor more information about this error, try `rustc --explain E0425`.\n",
      "exit_code": 1,
      "status": "SyntaxError"
    },
    {
      "program": "/// Write a rsthon function that takes in a positive integer n and finds the sum of even index binomial coefficients.\nfn even_binomial_Coeff_Sum(n: isize) -> isize {\n    let mut sum = 0;\n    for i in 0..n {\n        let binomial_coeff = binomial_coeff(n, i);\n        if i % 2 == 0 {\n            sum += binomial_coeff;\n        }\n    }\n    sum\n}\n\nfn main() {\n    let candidate = even_binomial_Coeff_Sum;\n    assert_eq!(candidate(4), 8);\n    assert_eq!(candidate(6), 32);\n    assert_eq!(candidate(2), 2);\n}\n",
      "timestamp": 1666122891,
      "stdout": "",
      "stderr": "error[E0425]: cannot find function `binomial_coeff` in this scope\n --> /tmp/tmpbvysqm2l.rs:5:30\n  |\n5 |         let binomial_coeff = binomial_coeff(n, i);\n  |                              ^^^^^^^^^^^^^^ not found in this scope\n\nerror: aborting due to previous error\n\nFor more information about this error, try `rustc --explain E0425`.\n",
      "exit_code": 1,
      "status": "SyntaxError"
    },
    {
      "program": "/// Write a rsthon function that takes in a positive integer n and finds the sum of even index binomial coefficients.\nfn even_binomial_Coeff_Sum(n: isize) -> isize {\n    let mut sum = 0;\n    for i in 0..n + 1 {\n        if i % 2 == 0 {\n            sum += binomial_Coeff(n, i);\n        }\n    }\n    sum\n}\n\nfn main() {\n    let candidate = even_binomial_Coeff_Sum;\n    assert_eq!(candidate(4), 8);\n    assert_eq!(candidate(6), 32);\n    assert_eq!(candidate(2), 2);\n}\n",
      "timestamp": 1665510137,
      "stdout": "",
      "stderr": "error[E0425]: cannot find function `binomial_Coeff` in this scope\n --> /tmp/tmpxpnlorhd.rs:6:20\n  |\n6 |             sum += binomial_Coeff(n, i);\n  |                    ^^^^^^^^^^^^^^ not found in this scope\n\nerror: aborting due to previous error\n\nFor more information about this error, try `rustc --explain E0425`.\n",
      "exit_code": 1,
      "status": "SyntaxError"
    },
    {
      "program": "/// Write a rsthon function that takes in a positive integer n and finds the sum of even index binomial coefficients.\nfn even_binomial_Coeff_Sum(n: isize) -> isize {\n    let mut sum = 0;\n    for i in 0..n + 1 {\n        if i % 2 == 0 {\n            sum += binomial_coeff(n, i);\n        }\n    }\n    sum\n}\n\nfn main() {\n    let candidate = even_binomial_Coeff_Sum;\n    assert_eq!(candidate(4), 8);\n    assert_eq!(candidate(6), 32);\n    assert_eq!(candidate(2), 2);\n}\n",
      "timestamp": 1665510137,
      "stdout": "",
      "stderr": "error[E0425]: cannot find function `binomial_coeff` in this scope\n --> /tmp/tmp5sznfdib.rs:6:20\n  |\n6 |             sum += binomial_coeff(n, i);\n  |                    ^^^^^^^^^^^^^^ not found in this scope\n\nerror: aborting due to previous error\n\nFor more information about this error, try `rustc --explain E0425`.\n",
      "exit_code": 1,
      "status": "SyntaxError"
    },
    {
      "program": "/// Write a rsthon function that takes in a positive integer n and finds the sum of even index binomial coefficients.\nfn even_binomial_Coeff_Sum(n: isize) -> isize {\n    let mut sum = 0;\n    for i in 0..n + 1 {\n        if i % 2 == 0 {\n            sum += binomial_Coeff(n, i);\n        }\n    }\n    sum\n}\n\nfn main() {\n    let candidate = even_binomial_Coeff_Sum;\n    assert_eq!(candidate(4), 8);\n    assert_eq!(candidate(6), 32);\n    assert_eq!(candidate(2), 2);\n}\n",
      "timestamp": 1665510137,
      "stdout": "",
      "stderr": "error[E0425]: cannot find function `binomial_Coeff` in this scope\n --> /tmp/tmpxpnlorhd.rs:6:20\n  |\n6 |             sum += binomial_Coeff(n, i);\n  |                    ^^^^^^^^^^^^^^ not found in this scope\n\nerror: aborting due to previous error\n\nFor more information about this error, try `rustc --explain E0425`.\n",
      "exit_code": 1,
      "status": "SyntaxError"
    },
    {
      "program": "/// Write a rsthon function that takes in a positive integer n and finds the sum of even index binomial coefficients.\nfn even_binomial_Coeff_Sum(n: isize) -> isize {\n    let mut sum = 0;\n    for i in 0..n+1 {\n        if i % 2 == 0 {\n            sum += binomial_coeff(n, i);\n        }\n    }\n    sum\n}\n\nfn main() {\n    let candidate = even_binomial_Coeff_Sum;\n    assert_eq!(candidate(4), 8);\n    assert_eq!(candidate(6), 32);\n    assert_eq!(candidate(2), 2);\n}\n",
      "timestamp": 1666122891,
      "stdout": "",
      "stderr": "error[E0425]: cannot find function `binomial_coeff` in this scope\n --> /tmp/tmpmdm8sm3j.rs:6:20\n  |\n6 |             sum += binomial_coeff(n, i);\n  |                    ^^^^^^^^^^^^^^ not found in this scope\n\nerror: aborting due to previous error\n\nFor more information about this error, try `rustc --explain E0425`.\n",
      "exit_code": 1,
      "status": "SyntaxError"
    },
    {
      "program": "/// Write a rsthon function that takes in a positive integer n and finds the sum of even index binomial coefficients.\nfn even_binomial_Coeff_Sum(n: isize) -> isize {\n    let mut sum = 0;\n    for i in 0..n + 1 {\n        if i % 2 == 0 {\n            sum += binomial_Coeff(n, i);\n        }\n    }\n    return sum;\n}\n\nfn main() {\n    let candidate = even_binomial_Coeff_Sum;\n    assert_eq!(candidate(4), 8);\n    assert_eq!(candidate(6), 32);\n    assert_eq!(candidate(2), 2);\n}\n",
      "timestamp": 1665510137,
      "stdout": "",
      "stderr": "error[E0425]: cannot find function `binomial_Coeff` in this scope\n --> /tmp/tmpm2zgiy8x.rs:6:20\n  |\n6 |             sum += binomial_Coeff(n, i);\n  |                    ^^^^^^^^^^^^^^ not found in this scope\n\nerror: aborting due to previous error\n\nFor more information about this error, try `rustc --explain E0425`.\n",
      "exit_code": 1,
      "status": "SyntaxError"
    },
    {
      "program": "/// Write a rsthon function that takes in a positive integer n and finds the sum of even index binomial coefficients.\nfn even_binomial_Coeff_Sum(n: isize) -> isize {\n    let mut sum = 0;\n    for i in 0..n+1 {\n        if i % 2 == 0 {\n            sum += binomial_Coeff(n, i);\n        }\n    }\n    sum\n}\n\nfn main() {\n    let candidate = even_binomial_Coeff_Sum;\n    assert_eq!(candidate(4), 8);\n    assert_eq!(candidate(6), 32);\n    assert_eq!(candidate(2), 2);\n}\n",
      "timestamp": 1665510137,
      "stdout": "",
      "stderr": "error[E0425]: cannot find function `binomial_Coeff` in this scope\n --> /tmp/tmpwcpl7rw7.rs:6:20\n  |\n6 |             sum += binomial_Coeff(n, i);\n  |                    ^^^^^^^^^^^^^^ not found in this scope\n\nerror: aborting due to previous error\n\nFor more information about this error, try `rustc --explain E0425`.\n",
      "exit_code": 1,
      "status": "SyntaxError"
    },
    {
      "program": "/// Write a rsthon function that takes in a positive integer n and finds the sum of even index binomial coefficients.\nfn even_binomial_Coeff_Sum(n: isize) -> isize {\n    let mut sum = 0;\n    for i in 0..n+1 {\n        if i % 2 == 0 {\n            sum += binomial_coeff(n, i);\n        }\n    }\n    return sum;\n}\n\nfn main() {\n    let candidate = even_binomial_Coeff_Sum;\n    assert_eq!(candidate(4), 8);\n    assert_eq!(candidate(6), 32);\n    assert_eq!(candidate(2), 2);\n}\n",
      "timestamp": 1666122891,
      "stdout": "",
      "stderr": "error[E0425]: cannot find function `binomial_coeff` in this scope\n --> /tmp/tmp1fh6q5hv.rs:6:20\n  |\n6 |             sum += binomial_coeff(n, i);\n  |                    ^^^^^^^^^^^^^^ not found in this scope\n\nerror: aborting due to previous error\n\nFor more information about this error, try `rustc --explain E0425`.\n",
      "exit_code": 1,
      "status": "SyntaxError"
    },
    {
      "program": "/// Write a rsthon function that takes in a positive integer n and finds the sum of even index binomial coefficients.\nfn even_binomial_Coeff_Sum(n: isize) -> isize {\n    let mut sum = 0;\n    for i in 0..n + 1 {\n        if i % 2 == 0 {\n            sum += binomial_Coeff(n, i);\n        }\n    }\n    sum\n}\n\nfn main() {\n    let candidate = even_binomial_Coeff_Sum;\n    assert_eq!(candidate(4), 8);\n    assert_eq!(candidate(6), 32);\n    assert_eq!(candidate(2), 2);\n}\n",
      "timestamp": 1665510137,
      "stdout": "",
      "stderr": "error[E0425]: cannot find function `binomial_Coeff` in this scope\n --> /tmp/tmpxpnlorhd.rs:6:20\n  |\n6 |             sum += binomial_Coeff(n, i);\n  |                    ^^^^^^^^^^^^^^ not found in this scope\n\nerror: aborting due to previous error\n\nFor more information about this error, try `rustc --explain E0425`.\n",
      "exit_code": 1,
      "status": "SyntaxError"
    },
    {
      "program": "/// Write a rsthon function that takes in a positive integer n and finds the sum of even index binomial coefficients.\nfn even_binomial_Coeff_Sum(n: isize) -> isize {\n    let mut sum = 0;\n    for i in 0..n + 1 {\n        if i % 2 == 0 {\n            sum += binomial_coeff(n, i);\n        }\n    }\n    sum\n}\n\nfn main() {\n    let candidate = even_binomial_Coeff_Sum;\n    assert_eq!(candidate(4), 8);\n    assert_eq!(candidate(6), 32);\n    assert_eq!(candidate(2), 2);\n}\n",
      "timestamp": 1665510137,
      "stdout": "",
      "stderr": "error[E0425]: cannot find function `binomial_coeff` in this scope\n --> /tmp/tmp5sznfdib.rs:6:20\n  |\n6 |             sum += binomial_coeff(n, i);\n  |                    ^^^^^^^^^^^^^^ not found in this scope\n\nerror: aborting due to previous error\n\nFor more information about this error, try `rustc --explain E0425`.\n",
      "exit_code": 1,
      "status": "SyntaxError"
    },
    {
      "program": "/// Write a rsthon function that takes in a positive integer n and finds the sum of even index binomial coefficients.\nfn even_binomial_Coeff_Sum(n: isize) -> isize {\n    let mut sum = 0;\n    for i in 0..=n {\n        if i % 2 == 0 {\n            sum += binomial_Coeff(n, i);\n        }\n    }\n    sum\n}\n\nfn main() {\n    let candidate = even_binomial_Coeff_Sum;\n    assert_eq!(candidate(4), 8);\n    assert_eq!(candidate(6), 32);\n    assert_eq!(candidate(2), 2);\n}\n",
      "timestamp": 1665510137,
      "stdout": "",
      "stderr": "error[E0425]: cannot find function `binomial_Coeff` in this scope\n --> /tmp/tmpxy1_q23a.rs:6:20\n  |\n6 |             sum += binomial_Coeff(n, i);\n  |                    ^^^^^^^^^^^^^^ not found in this scope\n\nerror: aborting due to previous error\n\nFor more information about this error, try `rustc --explain E0425`.\n",
      "exit_code": 1,
      "status": "SyntaxError"
    },
    {
      "program": "/// Write a rsthon function that takes in a positive integer n and finds the sum of even index binomial coefficients.\nfn even_binomial_Coeff_Sum(n: isize) -> isize {\n    let mut sum = 0;\n    for i in 0..n + 1 {\n        if i % 2 == 0 {\n            sum += binomial_Coeff(n, i);\n        }\n    }\n    return sum;\n}\n\nfn main() {\n    let candidate = even_binomial_Coeff_Sum;\n    assert_eq!(candidate(4), 8);\n    assert_eq!(candidate(6), 32);\n    assert_eq!(candidate(2), 2);\n}\n",
      "timestamp": 1665510137,
      "stdout": "",
      "stderr": "error[E0425]: cannot find function `binomial_Coeff` in this scope\n --> /tmp/tmpm2zgiy8x.rs:6:20\n  |\n6 |             sum += binomial_Coeff(n, i);\n  |                    ^^^^^^^^^^^^^^ not found in this scope\n\nerror: aborting due to previous error\n\nFor more information about this error, try `rustc --explain E0425`.\n",
      "exit_code": 1,
      "status": "SyntaxError"
    },
    {
      "program": "/// Write a rsthon function that takes in a positive integer n and finds the sum of even index binomial coefficients.\nfn even_binomial_Coeff_Sum(n: isize) -> isize {\n    let mut sum = 0;\n    for i in 0..n+1 {\n        if i % 2 == 0 {\n            sum += binomial_Coeff(n, i);\n        }\n    }\n    return sum;\n}\n\nfn main() {\n    let candidate = even_binomial_Coeff_Sum;\n    assert_eq!(candidate(4), 8);\n    assert_eq!(candidate(6), 32);\n    assert_eq!(candidate(2), 2);\n}\n",
      "timestamp": 1665510137,
      "stdout": "",
      "stderr": "error[E0425]: cannot find function `binomial_Coeff` in this scope\n --> /tmp/tmp5_k9z_ma.rs:6:20\n  |\n6 |             sum += binomial_Coeff(n, i);\n  |                    ^^^^^^^^^^^^^^ not found in this scope\n\nerror: aborting due to previous error\n\nFor more information about this error, try `rustc --explain E0425`.\n",
      "exit_code": 1,
      "status": "SyntaxError"
    },
    {
      "program": "/// Write a rsthon function that takes in a positive integer n and finds the sum of even index binomial coefficients.\nfn even_binomial_Coeff_Sum(n: isize) -> isize {\n    let mut sum = 0;\n    for i in 0..n + 1 {\n        if i % 2 == 0 {\n            sum += binomial_Coeff(n, i);\n        }\n    }\n    sum\n}\n\nfn main() {\n    let candidate = even_binomial_Coeff_Sum;\n    assert_eq!(candidate(4), 8);\n    assert_eq!(candidate(6), 32);\n    assert_eq!(candidate(2), 2);\n}\n",
      "timestamp": 1665510137,
      "stdout": "",
      "stderr": "error[E0425]: cannot find function `binomial_Coeff` in this scope\n --> /tmp/tmpxpnlorhd.rs:6:20\n  |\n6 |             sum += binomial_Coeff(n, i);\n  |                    ^^^^^^^^^^^^^^ not found in this scope\n\nerror: aborting due to previous error\n\nFor more information about this error, try `rustc --explain E0425`.\n",
      "exit_code": 1,
      "status": "SyntaxError"
    },
    {
      "program": "/// Write a rsthon function that takes in a positive integer n and finds the sum of even index binomial coefficients.\nfn even_binomial_Coeff_Sum(n: isize) -> isize {\n    let mut sum = 0;\n    for i in 0..n + 1 {\n        if i % 2 == 0 {\n            sum += binomial_coeff(n, i);\n        }\n    }\n    sum\n}\n\nfn main() {\n    let candidate = even_binomial_Coeff_Sum;\n    assert_eq!(candidate(4), 8);\n    assert_eq!(candidate(6), 32);\n    assert_eq!(candidate(2), 2);\n}\n",
      "timestamp": 1665510137,
      "stdout": "",
      "stderr": "error[E0425]: cannot find function `binomial_coeff` in this scope\n --> /tmp/tmp5sznfdib.rs:6:20\n  |\n6 |             sum += binomial_coeff(n, i);\n  |                    ^^^^^^^^^^^^^^ not found in this scope\n\nerror: aborting due to previous error\n\nFor more information about this error, try `rustc --explain E0425`.\n",
      "exit_code": 1,
      "status": "SyntaxError"
    },
    {
      "program": "/// Write a rsthon function that takes in a positive integer n and finds the sum of even index binomial coefficients.\nfn even_binomial_Coeff_Sum(n: isize) -> isize {\n    let mut sum = 0;\n    for i in 0..n {\n        if i % 2 == 0 {\n            sum += binomial_Coeff(n, i);\n        }\n    }\n    sum\n}\n\nfn main() {\n    let candidate = even_binomial_Coeff_Sum;\n    assert_eq!(candidate(4), 8);\n    assert_eq!(candidate(6), 32);\n    assert_eq!(candidate(2), 2);\n}\n",
      "timestamp": 1665510137,
      "stdout": "",
      "stderr": "error[E0425]: cannot find function `binomial_Coeff` in this scope\n --> /tmp/tmp_4bkbhj8.rs:6:20\n  |\n6 |             sum += binomial_Coeff(n, i);\n  |                    ^^^^^^^^^^^^^^ not found in this scope\n\nerror: aborting due to previous error\n\nFor more information about this error, try `rustc --explain E0425`.\n",
      "exit_code": 1,
      "status": "SyntaxError"
    },
    {
      "program": "/// Write a rsthon function that takes in a positive integer n and finds the sum of even index binomial coefficients.\nfn even_binomial_Coeff_Sum(n: isize) -> isize {\n    let mut sum = 0;\n    for i in 0..n + 1 {\n        if i % 2 == 0 {\n            sum += binomial_Coeff(n, i);\n        }\n    }\n    return sum;\n}\n\nfn main() {\n    let candidate = even_binomial_Coeff_Sum;\n    assert_eq!(candidate(4), 8);\n    assert_eq!(candidate(6), 32);\n    assert_eq!(candidate(2), 2);\n}\n",
      "timestamp": 1665510137,
      "stdout": "",
      "stderr": "error[E0425]: cannot find function `binomial_Coeff` in this scope\n --> /tmp/tmpm2zgiy8x.rs:6:20\n  |\n6 |             sum += binomial_Coeff(n, i);\n  |                    ^^^^^^^^^^^^^^ not found in this scope\n\nerror: aborting due to previous error\n\nFor more information about this error, try `rustc --explain E0425`.\n",
      "exit_code": 1,
      "status": "SyntaxError"
    },
    {
      "program": "/// Write a rsthon function that takes in a positive integer n and finds the sum of even index binomial coefficients.\nfn even_binomial_Coeff_Sum(n: isize) -> isize {\n    let mut sum = 0;\n    for i in 0..n + 1 {\n        if i % 2 == 0 {\n            sum += binomial_Coeff(n, i);\n        }\n    }\n    sum\n}\n\nfn main() {\n    let candidate = even_binomial_Coeff_Sum;\n    assert_eq!(candidate(4), 8);\n    assert_eq!(candidate(6), 32);\n    assert_eq!(candidate(2), 2);\n}\n",
      "timestamp": 1665510137,
      "stdout": "",
      "stderr": "error[E0425]: cannot find function `binomial_Coeff` in this scope\n --> /tmp/tmpxpnlorhd.rs:6:20\n  |\n6 |             sum += binomial_Coeff(n, i);\n  |                    ^^^^^^^^^^^^^^ not found in this scope\n\nerror: aborting due to previous error\n\nFor more information about this error, try `rustc --explain E0425`.\n",
      "exit_code": 1,
      "status": "SyntaxError"
    },
    {
      "program": "/// Write a rsthon function that takes in a positive integer n and finds the sum of even index binomial coefficients.\nfn even_binomial_Coeff_Sum(n: isize) -> isize {\n    let mut sum = 0;\n    for i in 0..n {\n        if i % 2 == 0 {\n            sum += binomial_Coeff(n, i);\n        }\n    }\n    sum\n}\n\nfn main() {\n    let candidate = even_binomial_Coeff_Sum;\n    assert_eq!(candidate(4), 8);\n    assert_eq!(candidate(6), 32);\n    assert_eq!(candidate(2), 2);\n}\n",
      "timestamp": 1665510137,
      "stdout": "",
      "stderr": "error[E0425]: cannot find function `binomial_Coeff` in this scope\n --> /tmp/tmp_4bkbhj8.rs:6:20\n  |\n6 |             sum += binomial_Coeff(n, i);\n  |                    ^^^^^^^^^^^^^^ not found in this scope\n\nerror: aborting due to previous error\n\nFor more information about this error, try `rustc --explain E0425`.\n",
      "exit_code": 1,
      "status": "SyntaxError"
    },
    {
      "program": "/// Write a rsthon function that takes in a positive integer n and finds the sum of even index binomial coefficients.\nfn even_binomial_Coeff_Sum(n: isize) -> isize {\n    let mut sum = 0;\n    for i in 0..n+1 {\n        if i % 2 == 0 {\n            sum += binomial_coeff(n, i);\n        }\n    }\n    sum\n}\n\nfn main() {\n    let candidate = even_binomial_Coeff_Sum;\n    assert_eq!(candidate(4), 8);\n    assert_eq!(candidate(6), 32);\n    assert_eq!(candidate(2), 2);\n}\n",
      "timestamp": 1666122891,
      "stdout": "",
      "stderr": "error[E0425]: cannot find function `binomial_coeff` in this scope\n --> /tmp/tmpmdm8sm3j.rs:6:20\n  |\n6 |             sum += binomial_coeff(n, i);\n  |                    ^^^^^^^^^^^^^^ not found in this scope\n\nerror: aborting due to previous error\n\nFor more information about this error, try `rustc --explain E0425`.\n",
      "exit_code": 1,
      "status": "SyntaxError"
    },
    {
      "program": "/// Write a rsthon function that takes in a positive integer n and finds the sum of even index binomial coefficients.\nfn even_binomial_Coeff_Sum(n: isize) -> isize {\n    let mut sum = 0;\n    for i in 0..n {\n        if i % 2 == 0 {\n            sum += binomial_Coeff(n, i);\n        }\n    }\n    sum\n}\n\nfn main() {\n    let candidate = even_binomial_Coeff_Sum;\n    assert_eq!(candidate(4), 8);\n    assert_eq!(candidate(6), 32);\n    assert_eq!(candidate(2), 2);\n}\n",
      "timestamp": 1665510137,
      "stdout": "",
      "stderr": "error[E0425]: cannot find function `binomial_Coeff` in this scope\n --> /tmp/tmp_4bkbhj8.rs:6:20\n  |\n6 |             sum += binomial_Coeff(n, i);\n  |                    ^^^^^^^^^^^^^^ not found in this scope\n\nerror: aborting due to previous error\n\nFor more information about this error, try `rustc --explain E0425`.\n",
      "exit_code": 1,
      "status": "SyntaxError"
    },
    {
      "program": "/// Write a rsthon function that takes in a positive integer n and finds the sum of even index binomial coefficients.\nfn even_binomial_Coeff_Sum(n: isize) -> isize {\n    let mut sum = 0;\n    for i in 0..n+1 {\n        if i % 2 == 0 {\n            sum += binomial_Coeff(n, i);\n        }\n    }\n    return sum;\n}\n\nfn main() {\n    let candidate = even_binomial_Coeff_Sum;\n    assert_eq!(candidate(4), 8);\n    assert_eq!(candidate(6), 32);\n    assert_eq!(candidate(2), 2);\n}\n",
      "timestamp": 1665510137,
      "stdout": "",
      "stderr": "error[E0425]: cannot find function `binomial_Coeff` in this scope\n --> /tmp/tmp5_k9z_ma.rs:6:20\n  |\n6 |             sum += binomial_Coeff(n, i);\n  |                    ^^^^^^^^^^^^^^ not found in this scope\n\nerror: aborting due to previous error\n\nFor more information about this error, try `rustc --explain E0425`.\n",
      "exit_code": 1,
      "status": "SyntaxError"
    },
    {
      "program": "/// Write a rsthon function that takes in a positive integer n and finds the sum of even index binomial coefficients.\nfn even_binomial_Coeff_Sum(n: isize) -> isize {\n    let mut sum = 0;\n    for i in 0..n {\n        if i % 2 == 0 {\n            sum += binomial_Coeff(n, i);\n        }\n    }\n    sum\n}\n\nfn main() {\n    let candidate = even_binomial_Coeff_Sum;\n    assert_eq!(candidate(4), 8);\n    assert_eq!(candidate(6), 32);\n    assert_eq!(candidate(2), 2);\n}\n",
      "timestamp": 1665510137,
      "stdout": "",
      "stderr": "error[E0425]: cannot find function `binomial_Coeff` in this scope\n --> /tmp/tmp_4bkbhj8.rs:6:20\n  |\n6 |             sum += binomial_Coeff(n, i);\n  |                    ^^^^^^^^^^^^^^ not found in this scope\n\nerror: aborting due to previous error\n\nFor more information about this error, try `rustc --explain E0425`.\n",
      "exit_code": 1,
      "status": "SyntaxError"
    },
    {
      "program": "/// Write a rsthon function that takes in a positive integer n and finds the sum of even index binomial coefficients.\nfn even_binomial_Coeff_Sum(n: isize) -> isize {\n    let mut sum = 0;\n    for i in 0..n + 1 {\n        if i % 2 == 0 {\n            sum += binomial_Coeff(n, i);\n        }\n    }\n    sum\n}\n\nfn main() {\n    let candidate = even_binomial_Coeff_Sum;\n    assert_eq!(candidate(4), 8);\n    assert_eq!(candidate(6), 32);\n    assert_eq!(candidate(2), 2);\n}\n",
      "timestamp": 1665510137,
      "stdout": "",
      "stderr": "error[E0425]: cannot find function `binomial_Coeff` in this scope\n --> /tmp/tmpxpnlorhd.rs:6:20\n  |\n6 |             sum += binomial_Coeff(n, i);\n  |                    ^^^^^^^^^^^^^^ not found in this scope\n\nerror: aborting due to previous error\n\nFor more information about this error, try `rustc --explain E0425`.\n",
      "exit_code": 1,
      "status": "SyntaxError"
    },
    {
      "program": "/// Write a rsthon function that takes in a positive integer n and finds the sum of even index binomial coefficients.\nfn even_binomial_Coeff_Sum(n: isize) -> isize {\n    let mut sum = 0;\n    for i in 0..n+1 {\n        if i % 2 == 0 {\n            sum += binomial_Coeff(n, i);\n        }\n    }\n    sum\n}\n\nfn main() {\n    let candidate = even_binomial_Coeff_Sum;\n    assert_eq!(candidate(4), 8);\n    assert_eq!(candidate(6), 32);\n    assert_eq!(candidate(2), 2);\n}\n",
      "timestamp": 1665510137,
      "stdout": "",
      "stderr": "error[E0425]: cannot find function `binomial_Coeff` in this scope\n --> /tmp/tmpwcpl7rw7.rs:6:20\n  |\n6 |             sum += binomial_Coeff(n, i);\n  |                    ^^^^^^^^^^^^^^ not found in this scope\n\nerror: aborting due to previous error\n\nFor more information about this error, try `rustc --explain E0425`.\n",
      "exit_code": 1,
      "status": "SyntaxError"
    },
    {
      "program": "/// Write a rsthon function that takes in a positive integer n and finds the sum of even index binomial coefficients.\nfn even_binomial_Coeff_Sum(n: isize) -> isize {\n    let mut sum = 0;\n    for i in 0..n + 1 {\n        if i % 2 == 0 {\n            sum += binomial_coeff(n, i);\n        }\n    }\n    sum\n}\n\nfn main() {\n    let candidate = even_binomial_Coeff_Sum;\n    assert_eq!(candidate(4), 8);\n    assert_eq!(candidate(6), 32);\n    assert_eq!(candidate(2), 2);\n}\n",
      "timestamp": 1665510137,
      "stdout": "",
      "stderr": "error[E0425]: cannot find function `binomial_coeff` in this scope\n --> /tmp/tmp5sznfdib.rs:6:20\n  |\n6 |             sum += binomial_coeff(n, i);\n  |                    ^^^^^^^^^^^^^^ not found in this scope\n\nerror: aborting due to previous error\n\nFor more information about this error, try `rustc --explain E0425`.\n",
      "exit_code": 1,
      "status": "SyntaxError"
    },
    {
      "program": "/// Write a rsthon function that takes in a positive integer n and finds the sum of even index binomial coefficients.\nfn even_binomial_Coeff_Sum(n: isize) -> isize {\n    let mut sum = 0;\n    for i in 0..n+1 {\n        if i % 2 == 0 {\n            sum += binomial_Coeff(n, i);\n        }\n    }\n    sum\n}\n\nfn main() {\n    let candidate = even_binomial_Coeff_Sum;\n    assert_eq!(candidate(4), 8);\n    assert_eq!(candidate(6), 32);\n    assert_eq!(candidate(2), 2);\n}\n",
      "timestamp": 1665510137,
      "stdout": "",
      "stderr": "error[E0425]: cannot find function `binomial_Coeff` in this scope\n --> /tmp/tmpwcpl7rw7.rs:6:20\n  |\n6 |             sum += binomial_Coeff(n, i);\n  |                    ^^^^^^^^^^^^^^ not found in this scope\n\nerror: aborting due to previous error\n\nFor more information about this error, try `rustc --explain E0425`.\n",
      "exit_code": 1,
      "status": "SyntaxError"
    },
    {
      "program": "/// Write a rsthon function that takes in a positive integer n and finds the sum of even index binomial coefficients.\nfn even_binomial_Coeff_Sum(n: isize) -> isize {\n    let mut sum = 0;\n    for i in 0..n + 1 {\n        if i % 2 == 0 {\n            sum += binomial_coeff(n, i);\n        }\n    }\n    sum\n}\n\nfn main() {\n    let candidate = even_binomial_Coeff_Sum;\n    assert_eq!(candidate(4), 8);\n    assert_eq!(candidate(6), 32);\n    assert_eq!(candidate(2), 2);\n}\n",
      "timestamp": 1665510137,
      "stdout": "",
      "stderr": "error[E0425]: cannot find function `binomial_coeff` in this scope\n --> /tmp/tmp5sznfdib.rs:6:20\n  |\n6 |             sum += binomial_coeff(n, i);\n  |                    ^^^^^^^^^^^^^^ not found in this scope\n\nerror: aborting due to previous error\n\nFor more information about this error, try `rustc --explain E0425`.\n",
      "exit_code": 1,
      "status": "SyntaxError"
    },
    {
      "program": "/// Write a rsthon function that takes in a positive integer n and finds the sum of even index binomial coefficients.\nfn even_binomial_Coeff_Sum(n: isize) -> isize {\n    let mut sum = 0;\n    for i in 0..n + 1 {\n        if i % 2 == 0 {\n            sum += binomial_coeff(n, i);\n        }\n    }\n    sum\n}\n\nfn main() {\n    let candidate = even_binomial_Coeff_Sum;\n    assert_eq!(candidate(4), 8);\n    assert_eq!(candidate(6), 32);\n    assert_eq!(candidate(2), 2);\n}\n",
      "timestamp": 1665510137,
      "stdout": "",
      "stderr": "error[E0425]: cannot find function `binomial_coeff` in this scope\n --> /tmp/tmp5sznfdib.rs:6:20\n  |\n6 |             sum += binomial_coeff(n, i);\n  |                    ^^^^^^^^^^^^^^ not found in this scope\n\nerror: aborting due to previous error\n\nFor more information about this error, try `rustc --explain E0425`.\n",
      "exit_code": 1,
      "status": "SyntaxError"
    },
    {
      "program": "/// Write a rsthon function that takes in a positive integer n and finds the sum of even index binomial coefficients.\nfn even_binomial_Coeff_Sum(n: isize) -> isize {\n    let mut sum = 0;\n    for i in 0..n + 1 {\n        if i % 2 == 0 {\n            sum += binomial_coeff(n, i);\n        }\n    }\n    sum\n}\n\nfn main() {\n    let candidate = even_binomial_Coeff_Sum;\n    assert_eq!(candidate(4), 8);\n    assert_eq!(candidate(6), 32);\n    assert_eq!(candidate(2), 2);\n}\n",
      "timestamp": 1665510137,
      "stdout": "",
      "stderr": "error[E0425]: cannot find function `binomial_coeff` in this scope\n --> /tmp/tmp5sznfdib.rs:6:20\n  |\n6 |             sum += binomial_coeff(n, i);\n  |                    ^^^^^^^^^^^^^^ not found in this scope\n\nerror: aborting due to previous error\n\nFor more information about this error, try `rustc --explain E0425`.\n",
      "exit_code": 1,
      "status": "SyntaxError"
    },
    {
      "program": "/// Write a rsthon function that takes in a positive integer n and finds the sum of even index binomial coefficients.\nfn even_binomial_Coeff_Sum(n: isize) -> isize {\n    let mut sum = 0;\n    for i in 0..n+1 {\n        if i % 2 == 0 {\n            sum += binomial_coeff(n, i);\n        }\n    }\n    sum\n}\n\nfn main() {\n    let candidate = even_binomial_Coeff_Sum;\n    assert_eq!(candidate(4), 8);\n    assert_eq!(candidate(6), 32);\n    assert_eq!(candidate(2), 2);\n}\n",
      "timestamp": 1666122891,
      "stdout": "",
      "stderr": "error[E0425]: cannot find function `binomial_coeff` in this scope\n --> /tmp/tmpmdm8sm3j.rs:6:20\n  |\n6 |             sum += binomial_coeff(n, i);\n  |                    ^^^^^^^^^^^^^^ not found in this scope\n\nerror: aborting due to previous error\n\nFor more information about this error, try `rustc --explain E0425`.\n",
      "exit_code": 1,
      "status": "SyntaxError"
    },
    {
      "program": "/// Write a rsthon function that takes in a positive integer n and finds the sum of even index binomial coefficients.\nfn even_binomial_Coeff_Sum(n: isize) -> isize {\n    let mut sum = 0;\n    for i in 0..n + 1 {\n        if i % 2 == 0 {\n            sum += binomial_Coeff(n, i);\n        }\n    }\n    sum\n}\n\nfn main() {\n    let candidate = even_binomial_Coeff_Sum;\n    assert_eq!(candidate(4), 8);\n    assert_eq!(candidate(6), 32);\n    assert_eq!(candidate(2), 2);\n}\n",
      "timestamp": 1665510137,
      "stdout": "",
      "stderr": "error[E0425]: cannot find function `binomial_Coeff` in this scope\n --> /tmp/tmpxpnlorhd.rs:6:20\n  |\n6 |             sum += binomial_Coeff(n, i);\n  |                    ^^^^^^^^^^^^^^ not found in this scope\n\nerror: aborting due to previous error\n\nFor more information about this error, try `rustc --explain E0425`.\n",
      "exit_code": 1,
      "status": "SyntaxError"
    },
    {
      "program": "/// Write a rsthon function that takes in a positive integer n and finds the sum of even index binomial coefficients.\nfn even_binomial_Coeff_Sum(n: isize) -> isize {\n    let mut sum = 0;\n    for i in 0..n+1 {\n        if i % 2 == 0 {\n            sum += binomial_coeff(n, i);\n        }\n    }\n    sum\n}\n\nfn main() {\n    let candidate = even_binomial_Coeff_Sum;\n    assert_eq!(candidate(4), 8);\n    assert_eq!(candidate(6), 32);\n    assert_eq!(candidate(2), 2);\n}\n",
      "timestamp": 1666122891,
      "stdout": "",
      "stderr": "error[E0425]: cannot find function `binomial_coeff` in this scope\n --> /tmp/tmpmdm8sm3j.rs:6:20\n  |\n6 |             sum += binomial_coeff(n, i);\n  |                    ^^^^^^^^^^^^^^ not found in this scope\n\nerror: aborting due to previous error\n\nFor more information about this error, try `rustc --explain E0425`.\n",
      "exit_code": 1,
      "status": "SyntaxError"
    },
    {
      "program": "/// Write a rsthon function that takes in a positive integer n and finds the sum of even index binomial coefficients.\nfn even_binomial_Coeff_Sum(n: isize) -> isize {\n    let mut sum = 0;\n    for i in 0..n {\n        if i % 2 == 0 {\n            sum += binomial_coeff(n, i);\n        }\n    }\n    sum\n}\n\nfn main() {\n    let candidate = even_binomial_Coeff_Sum;\n    assert_eq!(candidate(4), 8);\n    assert_eq!(candidate(6), 32);\n    assert_eq!(candidate(2), 2);\n}\n",
      "timestamp": 1665510137,
      "stdout": "",
      "stderr": "error[E0425]: cannot find function `binomial_coeff` in this scope\n --> /tmp/tmpkl0oq68n.rs:6:20\n  |\n6 |             sum += binomial_coeff(n, i);\n  |                    ^^^^^^^^^^^^^^ not found in this scope\n\nerror: aborting due to previous error\n\nFor more information about this error, try `rustc --explain E0425`.\n",
      "exit_code": 1,
      "status": "SyntaxError"
    },
    {
      "program": "/// Write a rsthon function that takes in a positive integer n and finds the sum of even index binomial coefficients.\nfn even_binomial_Coeff_Sum(n: isize) -> isize {\n    let mut sum = 0;\n    for i in 0..=n {\n        if i % 2 == 0 {\n            sum += binomial_coeff(n, i);\n        }\n    }\n    sum\n}\n\nfn main() {\n    let candidate = even_binomial_Coeff_Sum;\n    assert_eq!(candidate(4), 8);\n    assert_eq!(candidate(6), 32);\n    assert_eq!(candidate(2), 2);\n}\n",
      "timestamp": 1666122891,
      "stdout": "",
      "stderr": "error[E0425]: cannot find function `binomial_coeff` in this scope\n --> /tmp/tmpgptgm7tv.rs:6:20\n  |\n6 |             sum += binomial_coeff(n, i);\n  |                    ^^^^^^^^^^^^^^ not found in this scope\n\nerror: aborting due to previous error\n\nFor more information about this error, try `rustc --explain E0425`.\n",
      "exit_code": 1,
      "status": "SyntaxError"
    },
    {
      "program": "/// Write a rsthon function that takes in a positive integer n and finds the sum of even index binomial coefficients.\nfn even_binomial_Coeff_Sum(n: isize) -> isize {\n    let mut sum = 0;\n    let mut i = 0;\n    while i <= n {\n        sum += binomial_coeff(n, i);\n        i += 2;\n    }\n    sum\n}\n\nfn main() {\n    let candidate = even_binomial_Coeff_Sum;\n    assert_eq!(candidate(4), 8);\n    assert_eq!(candidate(6), 32);\n    assert_eq!(candidate(2), 2);\n}\n",
      "timestamp": 1666122891,
      "stdout": "",
      "stderr": "error[E0425]: cannot find function `binomial_coeff` in this scope\n --> /tmp/tmph0a6ebk7.rs:6:16\n  |\n6 |         sum += binomial_coeff(n, i);\n  |                ^^^^^^^^^^^^^^ not found in this scope\n\nerror: aborting due to previous error\n\nFor more information about this error, try `rustc --explain E0425`.\n",
      "exit_code": 1,
      "status": "SyntaxError"
    },
    {
      "program": "/// Write a rsthon function that takes in a positive integer n and finds the sum of even index binomial coefficients.\nfn even_binomial_Coeff_Sum(n: isize) -> isize {\n    let mut sum = 0;\n    for i in 0..n + 1 {\n        if i % 2 == 0 {\n            sum += binomial_coeff(n, i);\n        }\n    }\n    sum\n}\n\nfn main() {\n    let candidate = even_binomial_Coeff_Sum;\n    assert_eq!(candidate(4), 8);\n    assert_eq!(candidate(6), 32);\n    assert_eq!(candidate(2), 2);\n}\n",
      "timestamp": 1665510137,
      "stdout": "",
      "stderr": "error[E0425]: cannot find function `binomial_coeff` in this scope\n --> /tmp/tmp5sznfdib.rs:6:20\n  |\n6 |             sum += binomial_coeff(n, i);\n  |                    ^^^^^^^^^^^^^^ not found in this scope\n\nerror: aborting due to previous error\n\nFor more information about this error, try `rustc --explain E0425`.\n",
      "exit_code": 1,
      "status": "SyntaxError"
    },
    {
      "program": "/// Write a rsthon function that takes in a positive integer n and finds the sum of even index binomial coefficients.\nfn even_binomial_Coeff_Sum(n: isize) -> isize {\n    let mut sum = 0;\n    for i in 0..n + 1 {\n        if i % 2 == 0 {\n            sum += binomial_Coeff(n, i);\n        }\n    }\n    sum\n}\n\nfn main() {\n    let candidate = even_binomial_Coeff_Sum;\n    assert_eq!(candidate(4), 8);\n    assert_eq!(candidate(6), 32);\n    assert_eq!(candidate(2), 2);\n}\n",
      "timestamp": 1665510137,
      "stdout": "",
      "stderr": "error[E0425]: cannot find function `binomial_Coeff` in this scope\n --> /tmp/tmpxpnlorhd.rs:6:20\n  |\n6 |             sum += binomial_Coeff(n, i);\n  |                    ^^^^^^^^^^^^^^ not found in this scope\n\nerror: aborting due to previous error\n\nFor more information about this error, try `rustc --explain E0425`.\n",
      "exit_code": 1,
      "status": "SyntaxError"
    },
    {
      "program": "/// Write a rsthon function that takes in a positive integer n and finds the sum of even index binomial coefficients.\nfn even_binomial_Coeff_Sum(n: isize) -> isize {\n    let mut sum = 0;\n    for i in 0..n {\n        if i % 2 == 0 {\n            sum += binomial_coeff(n, i);\n        }\n    }\n    sum\n}\n\nfn main() {\n    let candidate = even_binomial_Coeff_Sum;\n    assert_eq!(candidate(4), 8);\n    assert_eq!(candidate(6), 32);\n    assert_eq!(candidate(2), 2);\n}\n",
      "timestamp": 1665510137,
      "stdout": "",
      "stderr": "error[E0425]: cannot find function `binomial_coeff` in this scope\n --> /tmp/tmpkl0oq68n.rs:6:20\n  |\n6 |             sum += binomial_coeff(n, i);\n  |                    ^^^^^^^^^^^^^^ not found in this scope\n\nerror: aborting due to previous error\n\nFor more information about this error, try `rustc --explain E0425`.\n",
      "exit_code": 1,
      "status": "SyntaxError"
    },
    {
      "program": "/// Write a rsthon function that takes in a positive integer n and finds the sum of even index binomial coefficients.\nfn even_binomial_Coeff_Sum(n: isize) -> isize {\n    let mut sum = 0;\n    for i in 0..n + 1 {\n        if i % 2 == 0 {\n            sum += binomial_coeff(n, i);\n        }\n    }\n    sum\n}\n\nfn main() {\n    let candidate = even_binomial_Coeff_Sum;\n    assert_eq!(candidate(4), 8);\n    assert_eq!(candidate(6), 32);\n    assert_eq!(candidate(2), 2);\n}\n",
      "timestamp": 1665510137,
      "stdout": "",
      "stderr": "error[E0425]: cannot find function `binomial_coeff` in this scope\n --> /tmp/tmp5sznfdib.rs:6:20\n  |\n6 |             sum += binomial_coeff(n, i);\n  |                    ^^^^^^^^^^^^^^ not found in this scope\n\nerror: aborting due to previous error\n\nFor more information about this error, try `rustc --explain E0425`.\n",
      "exit_code": 1,
      "status": "SyntaxError"
    },
    {
      "program": "/// Write a rsthon function that takes in a positive integer n and finds the sum of even index binomial coefficients.\nfn even_binomial_Coeff_Sum(n: isize) -> isize {\n    let mut sum = 0;\n    for i in 0..n + 1 {\n        if i % 2 == 0 {\n            sum += binomial_Coeff(n, i);\n        }\n    }\n    return sum;\n}\n\nfn main() {\n    let candidate = even_binomial_Coeff_Sum;\n    assert_eq!(candidate(4), 8);\n    assert_eq!(candidate(6), 32);\n    assert_eq!(candidate(2), 2);\n}\n",
      "timestamp": 1665510137,
      "stdout": "",
      "stderr": "error[E0425]: cannot find function `binomial_Coeff` in this scope\n --> /tmp/tmpm2zgiy8x.rs:6:20\n  |\n6 |             sum += binomial_Coeff(n, i);\n  |                    ^^^^^^^^^^^^^^ not found in this scope\n\nerror: aborting due to previous error\n\nFor more information about this error, try `rustc --explain E0425`.\n",
      "exit_code": 1,
      "status": "SyntaxError"
    },
    {
      "program": "/// Write a rsthon function that takes in a positive integer n and finds the sum of even index binomial coefficients.\nfn even_binomial_Coeff_Sum(n: isize) -> isize {\n    let mut sum = 0;\n    for i in 0..n+1 {\n        if i % 2 == 0 {\n            sum += binomial_Coeff(n, i);\n        }\n    }\n    sum\n}\n\nfn main() {\n    let candidate = even_binomial_Coeff_Sum;\n    assert_eq!(candidate(4), 8);\n    assert_eq!(candidate(6), 32);\n    assert_eq!(candidate(2), 2);\n}\n",
      "timestamp": 1665510137,
      "stdout": "",
      "stderr": "error[E0425]: cannot find function `binomial_Coeff` in this scope\n --> /tmp/tmpwcpl7rw7.rs:6:20\n  |\n6 |             sum += binomial_Coeff(n, i);\n  |                    ^^^^^^^^^^^^^^ not found in this scope\n\nerror: aborting due to previous error\n\nFor more information about this error, try `rustc --explain E0425`.\n",
      "exit_code": 1,
      "status": "SyntaxError"
    },
    {
      "program": "/// Write a rsthon function that takes in a positive integer n and finds the sum of even index binomial coefficients.\nfn even_binomial_Coeff_Sum(n: isize) -> isize {\n    let mut sum = 0;\n    for i in 0..n + 1 {\n        if i % 2 == 0 {\n            sum += binomial_Coeff(n, i);\n        }\n    }\n    sum\n}\n\nfn main() {\n    let candidate = even_binomial_Coeff_Sum;\n    assert_eq!(candidate(4), 8);\n    assert_eq!(candidate(6), 32);\n    assert_eq!(candidate(2), 2);\n}\n",
      "timestamp": 1665510137,
      "stdout": "",
      "stderr": "error[E0425]: cannot find function `binomial_Coeff` in this scope\n --> /tmp/tmpxpnlorhd.rs:6:20\n  |\n6 |             sum += binomial_Coeff(n, i);\n  |                    ^^^^^^^^^^^^^^ not found in this scope\n\nerror: aborting due to previous error\n\nFor more information about this error, try `rustc --explain E0425`.\n",
      "exit_code": 1,
      "status": "SyntaxError"
    },
    {
      "program": "/// Write a rsthon function that takes in a positive integer n and finds the sum of even index binomial coefficients.\nfn even_binomial_Coeff_Sum(n: isize) -> isize {\n    let mut sum = 0;\n    for i in 0..n + 1 {\n        if i % 2 == 0 {\n            sum += binomial_coeff(n, i);\n        }\n    }\n    sum\n}\n\nfn main() {\n    let candidate = even_binomial_Coeff_Sum;\n    assert_eq!(candidate(4), 8);\n    assert_eq!(candidate(6), 32);\n    assert_eq!(candidate(2), 2);\n}\n",
      "timestamp": 1665510137,
      "stdout": "",
      "stderr": "error[E0425]: cannot find function `binomial_coeff` in this scope\n --> /tmp/tmp5sznfdib.rs:6:20\n  |\n6 |             sum += binomial_coeff(n, i);\n  |                    ^^^^^^^^^^^^^^ not found in this scope\n\nerror: aborting due to previous error\n\nFor more information about this error, try `rustc --explain E0425`.\n",
      "exit_code": 1,
      "status": "SyntaxError"
    },
    {
      "program": "/// Write a rsthon function that takes in a positive integer n and finds the sum of even index binomial coefficients.\nfn even_binomial_Coeff_Sum(n: isize) -> isize {\n    let mut sum = 0;\n    for i in 0..n {\n        if i % 2 == 0 {\n            sum += binomial_Coeff(n, i);\n        }\n    }\n    sum\n}\n\nfn main() {\n    let candidate = even_binomial_Coeff_Sum;\n    assert_eq!(candidate(4), 8);\n    assert_eq!(candidate(6), 32);\n    assert_eq!(candidate(2), 2);\n}\n",
      "timestamp": 1665510137,
      "stdout": "",
      "stderr": "error[E0425]: cannot find function `binomial_Coeff` in this scope\n --> /tmp/tmp_4bkbhj8.rs:6:20\n  |\n6 |             sum += binomial_Coeff(n, i);\n  |                    ^^^^^^^^^^^^^^ not found in this scope\n\nerror: aborting due to previous error\n\nFor more information about this error, try `rustc --explain E0425`.\n",
      "exit_code": 1,
      "status": "SyntaxError"
    },
    {
      "program": "/// Write a rsthon function that takes in a positive integer n and finds the sum of even index binomial coefficients.\nfn even_binomial_Coeff_Sum(n: isize) -> isize {\n    let mut sum = 0;\n    for i in 0..n+1 {\n        if i % 2 == 0 {\n            sum += binomial_coeff(n, i);\n        }\n    }\n    return sum;\n}\n\nfn main() {\n    let candidate = even_binomial_Coeff_Sum;\n    assert_eq!(candidate(4), 8);\n    assert_eq!(candidate(6), 32);\n    assert_eq!(candidate(2), 2);\n}\n",
      "timestamp": 1666122891,
      "stdout": "",
      "stderr": "error[E0425]: cannot find function `binomial_coeff` in this scope\n --> /tmp/tmp1fh6q5hv.rs:6:20\n  |\n6 |             sum += binomial_coeff(n, i);\n  |                    ^^^^^^^^^^^^^^ not found in this scope\n\nerror: aborting due to previous error\n\nFor more information about this error, try `rustc --explain E0425`.\n",
      "exit_code": 1,
      "status": "SyntaxError"
    },
    {
      "program": "/// Write a rsthon function that takes in a positive integer n and finds the sum of even index binomial coefficients.\nfn even_binomial_Coeff_Sum(n: isize) -> isize {\n    let mut sum = 0;\n    for i in 0..n + 1 {\n        if i % 2 == 0 {\n            sum += binomial_Coeff(n, i);\n        }\n    }\n    sum\n}\n\nfn main() {\n    let candidate = even_binomial_Coeff_Sum;\n    assert_eq!(candidate(4), 8);\n    assert_eq!(candidate(6), 32);\n    assert_eq!(candidate(2), 2);\n}\n",
      "timestamp": 1665510137,
      "stdout": "",
      "stderr": "error[E0425]: cannot find function `binomial_Coeff` in this scope\n --> /tmp/tmpxpnlorhd.rs:6:20\n  |\n6 |             sum += binomial_Coeff(n, i);\n  |                    ^^^^^^^^^^^^^^ not found in this scope\n\nerror: aborting due to previous error\n\nFor more information about this error, try `rustc --explain E0425`.\n",
      "exit_code": 1,
      "status": "SyntaxError"
    },
    {
      "program": "/// Write a rsthon function that takes in a positive integer n and finds the sum of even index binomial coefficients.\nfn even_binomial_Coeff_Sum(n: isize) -> isize {\n    let mut sum = 0;\n    for i in 0..n + 1 {\n        if i % 2 == 0 {\n            sum += binomial_Coeff(n, i);\n        }\n    }\n    sum\n}\n\nfn main() {\n    let candidate = even_binomial_Coeff_Sum;\n    assert_eq!(candidate(4), 8);\n    assert_eq!(candidate(6), 32);\n    assert_eq!(candidate(2), 2);\n}\n",
      "timestamp": 1665510137,
      "stdout": "",
      "stderr": "error[E0425]: cannot find function `binomial_Coeff` in this scope\n --> /tmp/tmpxpnlorhd.rs:6:20\n  |\n6 |             sum += binomial_Coeff(n, i);\n  |                    ^^^^^^^^^^^^^^ not found in this scope\n\nerror: aborting due to previous error\n\nFor more information about this error, try `rustc --explain E0425`.\n",
      "exit_code": 1,
      "status": "SyntaxError"
    },
    {
      "program": "/// Write a rsthon function that takes in a positive integer n and finds the sum of even index binomial coefficients.\nfn even_binomial_Coeff_Sum(n: isize) -> isize {\n    let mut sum = 0;\n    for i in 0..n + 1 {\n        if i % 2 == 0 {\n            sum += binomial_Coeff(n, i);\n        }\n    }\n    sum\n}\n\nfn main() {\n    let candidate = even_binomial_Coeff_Sum;\n    assert_eq!(candidate(4), 8);\n    assert_eq!(candidate(6), 32);\n    assert_eq!(candidate(2), 2);\n}\n",
      "timestamp": 1665510137,
      "stdout": "",
      "stderr": "error[E0425]: cannot find function `binomial_Coeff` in this scope\n --> /tmp/tmpxpnlorhd.rs:6:20\n  |\n6 |             sum += binomial_Coeff(n, i);\n  |                    ^^^^^^^^^^^^^^ not found in this scope\n\nerror: aborting due to previous error\n\nFor more information about this error, try `rustc --explain E0425`.\n",
      "exit_code": 1,
      "status": "SyntaxError"
    },
    {
      "program": "/// Write a rsthon function that takes in a positive integer n and finds the sum of even index binomial coefficients.\nfn even_binomial_Coeff_Sum(n: isize) -> isize {\n    let mut sum = 0;\n    for i in 0..n + 1 {\n        if i % 2 == 0 {\n            sum += binomial_Coeff(n, i);\n        }\n    }\n    sum\n}\n\nfn main() {\n    let candidate = even_binomial_Coeff_Sum;\n    assert_eq!(candidate(4), 8);\n    assert_eq!(candidate(6), 32);\n    assert_eq!(candidate(2), 2);\n}\n",
      "timestamp": 1665510137,
      "stdout": "",
      "stderr": "error[E0425]: cannot find function `binomial_Coeff` in this scope\n --> /tmp/tmpxpnlorhd.rs:6:20\n  |\n6 |             sum += binomial_Coeff(n, i);\n  |                    ^^^^^^^^^^^^^^ not found in this scope\n\nerror: aborting due to previous error\n\nFor more information about this error, try `rustc --explain E0425`.\n",
      "exit_code": 1,
      "status": "SyntaxError"
    },
    {
      "program": "/// Write a rsthon function that takes in a positive integer n and finds the sum of even index binomial coefficients.\nfn even_binomial_Coeff_Sum(n: isize) -> isize {\n    let mut sum = 0;\n    for i in 0..n + 1 {\n        if i % 2 == 0 {\n            sum += binomial_coeff(n, i);\n        }\n    }\n    sum\n}\n\nfn main() {\n    let candidate = even_binomial_Coeff_Sum;\n    assert_eq!(candidate(4), 8);\n    assert_eq!(candidate(6), 32);\n    assert_eq!(candidate(2), 2);\n}\n",
      "timestamp": 1665510137,
      "stdout": "",
      "stderr": "error[E0425]: cannot find function `binomial_coeff` in this scope\n --> /tmp/tmp5sznfdib.rs:6:20\n  |\n6 |             sum += binomial_coeff(n, i);\n  |                    ^^^^^^^^^^^^^^ not found in this scope\n\nerror: aborting due to previous error\n\nFor more information about this error, try `rustc --explain E0425`.\n",
      "exit_code": 1,
      "status": "SyntaxError"
    },
    {
      "program": "/// Write a rsthon function that takes in a positive integer n and finds the sum of even index binomial coefficients.\nfn even_binomial_Coeff_Sum(n: isize) -> isize {\n    let mut sum = 0;\n    for i in 0..n+1 {\n        if i%2 == 0 {\n            sum += binomial_coeff(n, i);\n        }\n    }\n    sum\n}\n\nfn main() {\n    let candidate = even_binomial_Coeff_Sum;\n    assert_eq!(candidate(4), 8);\n    assert_eq!(candidate(6), 32);\n    assert_eq!(candidate(2), 2);\n}\n",
      "timestamp": 1666122891,
      "stdout": "",
      "stderr": "error[E0425]: cannot find function `binomial_coeff` in this scope\n --> /tmp/tmp8de7q9_v.rs:6:20\n  |\n6 |             sum += binomial_coeff(n, i);\n  |                    ^^^^^^^^^^^^^^ not found in this scope\n\nerror: aborting due to previous error\n\nFor more information about this error, try `rustc --explain E0425`.\n",
      "exit_code": 1,
      "status": "SyntaxError"
    },
    {
      "program": "/// Write a rsthon function that takes in a positive integer n and finds the sum of even index binomial coefficients.\nfn even_binomial_Coeff_Sum(n: isize) -> isize {\n    let mut sum = 0;\n    for i in 0..n+1 {\n        if i % 2 == 0 {\n            sum += binomial_Coeff(n, i);\n        }\n    }\n    sum\n}\n\nfn main() {\n    let candidate = even_binomial_Coeff_Sum;\n    assert_eq!(candidate(4), 8);\n    assert_eq!(candidate(6), 32);\n    assert_eq!(candidate(2), 2);\n}\n",
      "timestamp": 1665510137,
      "stdout": "",
      "stderr": "error[E0425]: cannot find function `binomial_Coeff` in this scope\n --> /tmp/tmpwcpl7rw7.rs:6:20\n  |\n6 |             sum += binomial_Coeff(n, i);\n  |                    ^^^^^^^^^^^^^^ not found in this scope\n\nerror: aborting due to previous error\n\nFor more information about this error, try `rustc --explain E0425`.\n",
      "exit_code": 1,
      "status": "SyntaxError"
    },
    {
      "program": "/// Write a rsthon function that takes in a positive integer n and finds the sum of even index binomial coefficients.\nfn even_binomial_Coeff_Sum(n: isize) -> isize {\n    let mut sum = 0;\n    for i in 0..n + 1 {\n        if i % 2 == 0 {\n            sum += binomial_Coeff(n, i);\n        }\n    }\n    sum\n}\n\nfn main() {\n    let candidate = even_binomial_Coeff_Sum;\n    assert_eq!(candidate(4), 8);\n    assert_eq!(candidate(6), 32);\n    assert_eq!(candidate(2), 2);\n}\n",
      "timestamp": 1665510137,
      "stdout": "",
      "stderr": "error[E0425]: cannot find function `binomial_Coeff` in this scope\n --> /tmp/tmpxpnlorhd.rs:6:20\n  |\n6 |             sum += binomial_Coeff(n, i);\n  |                    ^^^^^^^^^^^^^^ not found in this scope\n\nerror: aborting due to previous error\n\nFor more information about this error, try `rustc --explain E0425`.\n",
      "exit_code": 1,
      "status": "SyntaxError"
    },
    {
      "program": "/// Write a rsthon function that takes in a positive integer n and finds the sum of even index binomial coefficients.\nfn even_binomial_Coeff_Sum(n: isize) -> isize {\n    let mut sum = 0;\n    for i in 0..n + 1 {\n        if i % 2 == 0 {\n            sum += binomial_coeff(n, i);\n        }\n    }\n    sum\n}\n\nfn main() {\n    let candidate = even_binomial_Coeff_Sum;\n    assert_eq!(candidate(4), 8);\n    assert_eq!(candidate(6), 32);\n    assert_eq!(candidate(2), 2);\n}\n",
      "timestamp": 1665510137,
      "stdout": "",
      "stderr": "error[E0425]: cannot find function `binomial_coeff` in this scope\n --> /tmp/tmp5sznfdib.rs:6:20\n  |\n6 |             sum += binomial_coeff(n, i);\n  |                    ^^^^^^^^^^^^^^ not found in this scope\n\nerror: aborting due to previous error\n\nFor more information about this error, try `rustc --explain E0425`.\n",
      "exit_code": 1,
      "status": "SyntaxError"
    },
    {
      "program": "/// Write a rsthon function that takes in a positive integer n and finds the sum of even index binomial coefficients.\nfn even_binomial_Coeff_Sum(n: isize) -> isize {\n    let mut sum = 0;\n    for i in 0..n+1 {\n        if i % 2 == 0 {\n            sum += binomial_coeff(n, i);\n        }\n    }\n    sum\n}\n\nfn main() {\n    let candidate = even_binomial_Coeff_Sum;\n    assert_eq!(candidate(4), 8);\n    assert_eq!(candidate(6), 32);\n    assert_eq!(candidate(2), 2);\n}\n",
      "timestamp": 1666122891,
      "stdout": "",
      "stderr": "error[E0425]: cannot find function `binomial_coeff` in this scope\n --> /tmp/tmpmdm8sm3j.rs:6:20\n  |\n6 |             sum += binomial_coeff(n, i);\n  |                    ^^^^^^^^^^^^^^ not found in this scope\n\nerror: aborting due to previous error\n\nFor more information about this error, try `rustc --explain E0425`.\n",
      "exit_code": 1,
      "status": "SyntaxError"
    },
    {
      "program": "/// Write a rsthon function that takes in a positive integer n and finds the sum of even index binomial coefficients.\nfn even_binomial_Coeff_Sum(n: isize) -> isize {\n    let mut sum = 0;\n    for i in 0..n {\n        if i % 2 == 0 {\n            sum += binomial_Coeff(n, i);\n        }\n    }\n    sum\n}\n\nfn main() {\n    let candidate = even_binomial_Coeff_Sum;\n    assert_eq!(candidate(4), 8);\n    assert_eq!(candidate(6), 32);\n    assert_eq!(candidate(2), 2);\n}\n",
      "timestamp": 1665510137,
      "stdout": "",
      "stderr": "error[E0425]: cannot find function `binomial_Coeff` in this scope\n --> /tmp/tmp_4bkbhj8.rs:6:20\n  |\n6 |             sum += binomial_Coeff(n, i);\n  |                    ^^^^^^^^^^^^^^ not found in this scope\n\nerror: aborting due to previous error\n\nFor more information about this error, try `rustc --explain E0425`.\n",
      "exit_code": 1,
      "status": "SyntaxError"
    },
    {
      "program": "/// Write a rsthon function that takes in a positive integer n and finds the sum of even index binomial coefficients.\nfn even_binomial_Coeff_Sum(n: isize) -> isize {\n    let mut sum = 0;\n    for i in 0..n {\n        if i % 2 == 0 {\n            sum += binomial_Coeff(n, i);\n        }\n    }\n    sum\n}\n\nfn main() {\n    let candidate = even_binomial_Coeff_Sum;\n    assert_eq!(candidate(4), 8);\n    assert_eq!(candidate(6), 32);\n    assert_eq!(candidate(2), 2);\n}\n",
      "timestamp": 1665510137,
      "stdout": "",
      "stderr": "error[E0425]: cannot find function `binomial_Coeff` in this scope\n --> /tmp/tmp_4bkbhj8.rs:6:20\n  |\n6 |             sum += binomial_Coeff(n, i);\n  |                    ^^^^^^^^^^^^^^ not found in this scope\n\nerror: aborting due to previous error\n\nFor more information about this error, try `rustc --explain E0425`.\n",
      "exit_code": 1,
      "status": "SyntaxError"
    },
    {
      "program": "/// Write a rsthon function that takes in a positive integer n and finds the sum of even index binomial coefficients.\nfn even_binomial_Coeff_Sum(n: isize) -> isize {\n    let mut sum = 0;\n    for i in 0..n+1 {\n        if i % 2 == 0 {\n            sum += binomial_Coeff(n, i);\n        }\n    }\n    return sum;\n}\n\nfn main() {\n    let candidate = even_binomial_Coeff_Sum;\n    assert_eq!(candidate(4), 8);\n    assert_eq!(candidate(6), 32);\n    assert_eq!(candidate(2), 2);\n}\n",
      "timestamp": 1665510137,
      "stdout": "",
      "stderr": "error[E0425]: cannot find function `binomial_Coeff` in this scope\n --> /tmp/tmp5_k9z_ma.rs:6:20\n  |\n6 |             sum += binomial_Coeff(n, i);\n  |                    ^^^^^^^^^^^^^^ not found in this scope\n\nerror: aborting due to previous error\n\nFor more information about this error, try `rustc --explain E0425`.\n",
      "exit_code": 1,
      "status": "SyntaxError"
    },
    {
      "program": "/// Write a rsthon function that takes in a positive integer n and finds the sum of even index binomial coefficients.\nfn even_binomial_Coeff_Sum(n: isize) -> isize {\n    let mut sum = 0;\n    for i in 0..n + 1 {\n        if i % 2 == 0 {\n            sum += binomial_Coeff(n, i);\n        }\n    }\n    sum\n}\n\nfn main() {\n    let candidate = even_binomial_Coeff_Sum;\n    assert_eq!(candidate(4), 8);\n    assert_eq!(candidate(6), 32);\n    assert_eq!(candidate(2), 2);\n}\n",
      "timestamp": 1665510137,
      "stdout": "",
      "stderr": "error[E0425]: cannot find function `binomial_Coeff` in this scope\n --> /tmp/tmpxpnlorhd.rs:6:20\n  |\n6 |             sum += binomial_Coeff(n, i);\n  |                    ^^^^^^^^^^^^^^ not found in this scope\n\nerror: aborting due to previous error\n\nFor more information about this error, try `rustc --explain E0425`.\n",
      "exit_code": 1,
      "status": "SyntaxError"
    },
    {
      "program": "/// Write a rsthon function that takes in a positive integer n and finds the sum of even index binomial coefficients.\nfn even_binomial_Coeff_Sum(n: isize) -> isize {\n    let mut sum = 0;\n    for i in 0..n + 1 {\n        if i % 2 == 0 {\n            sum += binomial_Coeff(n, i);\n        }\n    }\n    sum\n}\n\nfn main() {\n    let candidate = even_binomial_Coeff_Sum;\n    assert_eq!(candidate(4), 8);\n    assert_eq!(candidate(6), 32);\n    assert_eq!(candidate(2), 2);\n}\n",
      "timestamp": 1665510137,
      "stdout": "",
      "stderr": "error[E0425]: cannot find function `binomial_Coeff` in this scope\n --> /tmp/tmpxpnlorhd.rs:6:20\n  |\n6 |             sum += binomial_Coeff(n, i);\n  |                    ^^^^^^^^^^^^^^ not found in this scope\n\nerror: aborting due to previous error\n\nFor more information about this error, try `rustc --explain E0425`.\n",
      "exit_code": 1,
      "status": "SyntaxError"
    },
    {
      "program": "/// Write a rsthon function that takes in a positive integer n and finds the sum of even index binomial coefficients.\nfn even_binomial_Coeff_Sum(n: isize) -> isize {\n    let mut sum = 0;\n    for i in 0..=n {\n        if i % 2 == 0 {\n            sum += binomial_Coeff(n, i);\n        }\n    }\n    sum\n}\n\nfn main() {\n    let candidate = even_binomial_Coeff_Sum;\n    assert_eq!(candidate(4), 8);\n    assert_eq!(candidate(6), 32);\n    assert_eq!(candidate(2), 2);\n}\n",
      "timestamp": 1665510137,
      "stdout": "",
      "stderr": "error[E0425]: cannot find function `binomial_Coeff` in this scope\n --> /tmp/tmpxy1_q23a.rs:6:20\n  |\n6 |             sum += binomial_Coeff(n, i);\n  |                    ^^^^^^^^^^^^^^ not found in this scope\n\nerror: aborting due to previous error\n\nFor more information about this error, try `rustc --explain E0425`.\n",
      "exit_code": 1,
      "status": "SyntaxError"
    },
    {
      "program": "/// Write a rsthon function that takes in a positive integer n and finds the sum of even index binomial coefficients.\nfn even_binomial_Coeff_Sum(n: isize) -> isize {\n    let mut sum = 0;\n    for i in 0..n+1 {\n        if i % 2 == 0 {\n            sum += binomial_Coeff(n, i);\n        }\n    }\n    sum\n}\n\nfn main() {\n    let candidate = even_binomial_Coeff_Sum;\n    assert_eq!(candidate(4), 8);\n    assert_eq!(candidate(6), 32);\n    assert_eq!(candidate(2), 2);\n}\n",
      "timestamp": 1665510137,
      "stdout": "",
      "stderr": "error[E0425]: cannot find function `binomial_Coeff` in this scope\n --> /tmp/tmpwcpl7rw7.rs:6:20\n  |\n6 |             sum += binomial_Coeff(n, i);\n  |                    ^^^^^^^^^^^^^^ not found in this scope\n\nerror: aborting due to previous error\n\nFor more information about this error, try `rustc --explain E0425`.\n",
      "exit_code": 1,
      "status": "SyntaxError"
    },
    {
      "program": "/// Write a rsthon function that takes in a positive integer n and finds the sum of even index binomial coefficients.\nfn even_binomial_Coeff_Sum(n: isize) -> isize {\n    let mut sum = 0;\n    for i in 0..n+1 {\n        if i % 2 == 0 {\n            sum += binomial_Coeff(n, i);\n        }\n    }\n    sum\n}\n\nfn main() {\n    let candidate = even_binomial_Coeff_Sum;\n    assert_eq!(candidate(4), 8);\n    assert_eq!(candidate(6), 32);\n    assert_eq!(candidate(2), 2);\n}\n",
      "timestamp": 1665510137,
      "stdout": "",
      "stderr": "error[E0425]: cannot find function `binomial_Coeff` in this scope\n --> /tmp/tmpwcpl7rw7.rs:6:20\n  |\n6 |             sum += binomial_Coeff(n, i);\n  |                    ^^^^^^^^^^^^^^ not found in this scope\n\nerror: aborting due to previous error\n\nFor more information about this error, try `rustc --explain E0425`.\n",
      "exit_code": 1,
      "status": "SyntaxError"
    },
    {
      "program": "/// Write a rsthon function that takes in a positive integer n and finds the sum of even index binomial coefficients.\nfn even_binomial_Coeff_Sum(n: isize) -> isize {\n    let mut sum = 0;\n    for i in 0..n + 1 {\n        if i % 2 == 0 {\n            sum += binomial_Coeff(n, i);\n        }\n    }\n    sum\n}\n\nfn main() {\n    let candidate = even_binomial_Coeff_Sum;\n    assert_eq!(candidate(4), 8);\n    assert_eq!(candidate(6), 32);\n    assert_eq!(candidate(2), 2);\n}\n",
      "timestamp": 1665510137,
      "stdout": "",
      "stderr": "error[E0425]: cannot find function `binomial_Coeff` in this scope\n --> /tmp/tmpxpnlorhd.rs:6:20\n  |\n6 |             sum += binomial_Coeff(n, i);\n  |                    ^^^^^^^^^^^^^^ not found in this scope\n\nerror: aborting due to previous error\n\nFor more information about this error, try `rustc --explain E0425`.\n",
      "exit_code": 1,
      "status": "SyntaxError"
    },
    {
      "program": "/// Write a rsthon function that takes in a positive integer n and finds the sum of even index binomial coefficients.\nfn even_binomial_Coeff_Sum(n: isize) -> isize {\n    let mut sum = 0;\n    for i in 0..n {\n        if i % 2 == 0 {\n            sum += binomial_Coeff(n, i);\n        }\n    }\n    sum\n}\n\nfn main() {\n    let candidate = even_binomial_Coeff_Sum;\n    assert_eq!(candidate(4), 8);\n    assert_eq!(candidate(6), 32);\n    assert_eq!(candidate(2), 2);\n}\n",
      "timestamp": 1665510137,
      "stdout": "",
      "stderr": "error[E0425]: cannot find function `binomial_Coeff` in this scope\n --> /tmp/tmp_4bkbhj8.rs:6:20\n  |\n6 |             sum += binomial_Coeff(n, i);\n  |                    ^^^^^^^^^^^^^^ not found in this scope\n\nerror: aborting due to previous error\n\nFor more information about this error, try `rustc --explain E0425`.\n",
      "exit_code": 1,
      "status": "SyntaxError"
    },
    {
      "program": "/// Write a rsthon function that takes in a positive integer n and finds the sum of even index binomial coefficients.\nfn even_binomial_Coeff_Sum(n: isize) -> isize {\n    let mut sum = 0;\n    for i in 0..=n {\n        if i % 2 == 0 {\n            sum += binomial_coeff(n, i);\n        }\n    }\n    sum\n}\n\nfn main() {\n    let candidate = even_binomial_Coeff_Sum;\n    assert_eq!(candidate(4), 8);\n    assert_eq!(candidate(6), 32);\n    assert_eq!(candidate(2), 2);\n}\n",
      "timestamp": 1666122891,
      "stdout": "",
      "stderr": "error[E0425]: cannot find function `binomial_coeff` in this scope\n --> /tmp/tmpgptgm7tv.rs:6:20\n  |\n6 |             sum += binomial_coeff(n, i);\n  |                    ^^^^^^^^^^^^^^ not found in this scope\n\nerror: aborting due to previous error\n\nFor more information about this error, try `rustc --explain E0425`.\n",
      "exit_code": 1,
      "status": "SyntaxError"
    },
    {
      "program": "/// Write a rsthon function that takes in a positive integer n and finds the sum of even index binomial coefficients.\nfn even_binomial_Coeff_Sum(n: isize) -> isize {\n    let mut sum = 0;\n    for i in 0..n + 1 {\n        if i % 2 == 0 {\n            sum += binomial_Coeff(n, i);\n        }\n    }\n    return sum;\n}\n\nfn main() {\n    let candidate = even_binomial_Coeff_Sum;\n    assert_eq!(candidate(4), 8);\n    assert_eq!(candidate(6), 32);\n    assert_eq!(candidate(2), 2);\n}\n",
      "timestamp": 1665510137,
      "stdout": "",
      "stderr": "error[E0425]: cannot find function `binomial_Coeff` in this scope\n --> /tmp/tmpm2zgiy8x.rs:6:20\n  |\n6 |             sum += binomial_Coeff(n, i);\n  |                    ^^^^^^^^^^^^^^ not found in this scope\n\nerror: aborting due to previous error\n\nFor more information about this error, try `rustc --explain E0425`.\n",
      "exit_code": 1,
      "status": "SyntaxError"
    },
    {
      "program": "/// Write a rsthon function that takes in a positive integer n and finds the sum of even index binomial coefficients.\nfn even_binomial_Coeff_Sum(n: isize) -> isize {\n    let mut sum = 0;\n    for i in 0..n + 1 {\n        if i % 2 == 0 {\n            sum += binomial_Coeff(n, i);\n        }\n    }\n    sum\n}\n\nfn main() {\n    let candidate = even_binomial_Coeff_Sum;\n    assert_eq!(candidate(4), 8);\n    assert_eq!(candidate(6), 32);\n    assert_eq!(candidate(2), 2);\n}\n",
      "timestamp": 1665510137,
      "stdout": "",
      "stderr": "error[E0425]: cannot find function `binomial_Coeff` in this scope\n --> /tmp/tmpxpnlorhd.rs:6:20\n  |\n6 |             sum += binomial_Coeff(n, i);\n  |                    ^^^^^^^^^^^^^^ not found in this scope\n\nerror: aborting due to previous error\n\nFor more information about this error, try `rustc --explain E0425`.\n",
      "exit_code": 1,
      "status": "SyntaxError"
    },
    {
      "program": "/// Write a rsthon function that takes in a positive integer n and finds the sum of even index binomial coefficients.\nfn even_binomial_Coeff_Sum(n: isize) -> isize {\n    let mut sum = 0;\n    let mut i = 0;\n    while i <= n {\n        sum += binomial_Coeff(n, i);\n        i += 2;\n    }\n    sum\n}\n\nfn main() {\n    let candidate = even_binomial_Coeff_Sum;\n    assert_eq!(candidate(4), 8);\n    assert_eq!(candidate(6), 32);\n    assert_eq!(candidate(2), 2);\n}\n",
      "timestamp": 1665510137,
      "stdout": "",
      "stderr": "error[E0425]: cannot find function `binomial_Coeff` in this scope\n --> /tmp/tmpjtkkvbqy.rs:6:16\n  |\n6 |         sum += binomial_Coeff(n, i);\n  |                ^^^^^^^^^^^^^^ not found in this scope\n\nerror: aborting due to previous error\n\nFor more information about this error, try `rustc --explain E0425`.\n",
      "exit_code": 1,
      "status": "SyntaxError"
    },
    {
      "program": "/// Write a rsthon function that takes in a positive integer n and finds the sum of even index binomial coefficients.\nfn even_binomial_Coeff_Sum(n: isize) -> isize {\n    let mut sum = 0;\n    for i in 0..n {\n        sum += binomial_coeff(n, i);\n    }\n    sum\n}\n\nfn main() {\n    let candidate = even_binomial_Coeff_Sum;\n    assert_eq!(candidate(4), 8);\n    assert_eq!(candidate(6), 32);\n    assert_eq!(candidate(2), 2);\n}\n",
      "timestamp": 1666122891,
      "stdout": "",
      "stderr": "error[E0425]: cannot find function `binomial_coeff` in this scope\n --> /tmp/tmp5nkjqb0t.rs:5:16\n  |\n5 |         sum += binomial_coeff(n, i);\n  |                ^^^^^^^^^^^^^^ not found in this scope\n\nerror: aborting due to previous error\n\nFor more information about this error, try `rustc --explain E0425`.\n",
      "exit_code": 1,
      "status": "SyntaxError"
    },
    {
      "program": "/// Write a rsthon function that takes in a positive integer n and finds the sum of even index binomial coefficients.\nfn even_binomial_Coeff_Sum(n: isize) -> isize {\n    let mut sum = 0;\n    for i in 0..n+1 {\n        if i % 2 == 0 {\n            sum += binomial_coeff(n, i);\n        }\n    }\n    sum\n}\n\nfn main() {\n    let candidate = even_binomial_Coeff_Sum;\n    assert_eq!(candidate(4), 8);\n    assert_eq!(candidate(6), 32);\n    assert_eq!(candidate(2), 2);\n}\n",
      "timestamp": 1666122891,
      "stdout": "",
      "stderr": "error[E0425]: cannot find function `binomial_coeff` in this scope\n --> /tmp/tmpmdm8sm3j.rs:6:20\n  |\n6 |             sum += binomial_coeff(n, i);\n  |                    ^^^^^^^^^^^^^^ not found in this scope\n\nerror: aborting due to previous error\n\nFor more information about this error, try `rustc --explain E0425`.\n",
      "exit_code": 1,
      "status": "SyntaxError"
    },
    {
      "program": "/// Write a rsthon function that takes in a positive integer n and finds the sum of even index binomial coefficients.\nfn even_binomial_Coeff_Sum(n: isize) -> isize {\n    let mut sum = 0;\n    for i in 0..n + 1 {\n        if i % 2 == 0 {\n            sum += binomial_Coeff(n, i);\n        }\n    }\n    sum\n}\n\nfn main() {\n    let candidate = even_binomial_Coeff_Sum;\n    assert_eq!(candidate(4), 8);\n    assert_eq!(candidate(6), 32);\n    assert_eq!(candidate(2), 2);\n}\n",
      "timestamp": 1665510137,
      "stdout": "",
      "stderr": "error[E0425]: cannot find function `binomial_Coeff` in this scope\n --> /tmp/tmpxpnlorhd.rs:6:20\n  |\n6 |             sum += binomial_Coeff(n, i);\n  |                    ^^^^^^^^^^^^^^ not found in this scope\n\nerror: aborting due to previous error\n\nFor more information about this error, try `rustc --explain E0425`.\n",
      "exit_code": 1,
      "status": "SyntaxError"
    },
    {
      "program": "/// Write a rsthon function that takes in a positive integer n and finds the sum of even index binomial coefficients.\nfn even_binomial_Coeff_Sum(n: isize) -> isize {\n    let mut sum = 0;\n    for i in 0..n+1 {\n        if i % 2 == 0 {\n            sum += binomial_Coeff(n, i);\n        }\n    }\n    sum\n}\n\nfn main() {\n    let candidate = even_binomial_Coeff_Sum;\n    assert_eq!(candidate(4), 8);\n    assert_eq!(candidate(6), 32);\n    assert_eq!(candidate(2), 2);\n}\n",
      "timestamp": 1665510137,
      "stdout": "",
      "stderr": "error[E0425]: cannot find function `binomial_Coeff` in this scope\n --> /tmp/tmpwcpl7rw7.rs:6:20\n  |\n6 |             sum += binomial_Coeff(n, i);\n  |                    ^^^^^^^^^^^^^^ not found in this scope\n\nerror: aborting due to previous error\n\nFor more information about this error, try `rustc --explain E0425`.\n",
      "exit_code": 1,
      "status": "SyntaxError"
    },
    {
      "program": "/// Write a rsthon function that takes in a positive integer n and finds the sum of even index binomial coefficients.\nfn even_binomial_Coeff_Sum(n: isize) -> isize {\n    let mut sum = 0;\n    for i in 0..n+1 {\n        if i % 2 == 0 {\n            sum += binomial_coeff(n, i);\n        }\n    }\n    sum\n}\n\nfn main() {\n    let candidate = even_binomial_Coeff_Sum;\n    assert_eq!(candidate(4), 8);\n    assert_eq!(candidate(6), 32);\n    assert_eq!(candidate(2), 2);\n}\n",
      "timestamp": 1666122891,
      "stdout": "",
      "stderr": "error[E0425]: cannot find function `binomial_coeff` in this scope\n --> /tmp/tmpmdm8sm3j.rs:6:20\n  |\n6 |             sum += binomial_coeff(n, i);\n  |                    ^^^^^^^^^^^^^^ not found in this scope\n\nerror: aborting due to previous error\n\nFor more information about this error, try `rustc --explain E0425`.\n",
      "exit_code": 1,
      "status": "SyntaxError"
    },
    {
      "program": "/// Write a rsthon function that takes in a positive integer n and finds the sum of even index binomial coefficients.\nfn even_binomial_Coeff_Sum(n: isize) -> isize {\n    let mut sum = 0;\n    for i in 0..n+1 {\n        if i % 2 == 0 {\n            sum += binomial_Coeff(n, i);\n        }\n    }\n    sum\n}\n\nfn main() {\n    let candidate = even_binomial_Coeff_Sum;\n    assert_eq!(candidate(4), 8);\n    assert_eq!(candidate(6), 32);\n    assert_eq!(candidate(2), 2);\n}\n",
      "timestamp": 1665510137,
      "stdout": "",
      "stderr": "error[E0425]: cannot find function `binomial_Coeff` in this scope\n --> /tmp/tmpwcpl7rw7.rs:6:20\n  |\n6 |             sum += binomial_Coeff(n, i);\n  |                    ^^^^^^^^^^^^^^ not found in this scope\n\nerror: aborting due to previous error\n\nFor more information about this error, try `rustc --explain E0425`.\n",
      "exit_code": 1,
      "status": "SyntaxError"
    },
    {
      "program": "/// Write a rsthon function that takes in a positive integer n and finds the sum of even index binomial coefficients.\nfn even_binomial_Coeff_Sum(n: isize) -> isize {\n    let mut sum = 0;\n    for i in 0..n + 1 {\n        if i % 2 == 0 {\n            sum += binomial_coeff(n, i);\n        }\n    }\n    sum\n}\n\nfn main() {\n    let candidate = even_binomial_Coeff_Sum;\n    assert_eq!(candidate(4), 8);\n    assert_eq!(candidate(6), 32);\n    assert_eq!(candidate(2), 2);\n}\n",
      "timestamp": 1665510137,
      "stdout": "",
      "stderr": "error[E0425]: cannot find function `binomial_coeff` in this scope\n --> /tmp/tmp5sznfdib.rs:6:20\n  |\n6 |             sum += binomial_coeff(n, i);\n  |                    ^^^^^^^^^^^^^^ not found in this scope\n\nerror: aborting due to previous error\n\nFor more information about this error, try `rustc --explain E0425`.\n",
      "exit_code": 1,
      "status": "SyntaxError"
    },
    {
      "program": "/// Write a rsthon function that takes in a positive integer n and finds the sum of even index binomial coefficients.\nfn even_binomial_Coeff_Sum(n: isize) -> isize {\n    let mut sum = 0;\n    for i in 0..n + 1 {\n        if i % 2 == 0 {\n            sum += binomial_coeff(n, i);\n        }\n    }\n    return sum;\n}\n\nfn main() {\n    let candidate = even_binomial_Coeff_Sum;\n    assert_eq!(candidate(4), 8);\n    assert_eq!(candidate(6), 32);\n    assert_eq!(candidate(2), 2);\n}\n",
      "timestamp": 1665510137,
      "stdout": "",
      "stderr": "error[E0425]: cannot find function `binomial_coeff` in this scope\n --> /tmp/tmphn1_ab9x.rs:6:20\n  |\n6 |             sum += binomial_coeff(n, i);\n  |                    ^^^^^^^^^^^^^^ not found in this scope\n\nerror: aborting due to previous error\n\nFor more information about this error, try `rustc --explain E0425`.\n",
      "exit_code": 1,
      "status": "SyntaxError"
    },
    {
      "program": "/// Write a rsthon function that takes in a positive integer n and finds the sum of even index binomial coefficients.\nfn even_binomial_Coeff_Sum(n: isize) -> isize {\n    let mut sum = 0;\n    for i in 0..n + 1 {\n        if i % 2 == 0 {\n            sum += binomial_coeff(n, i);\n        }\n    }\n    sum\n}\n\nfn main() {\n    let candidate = even_binomial_Coeff_Sum;\n    assert_eq!(candidate(4), 8);\n    assert_eq!(candidate(6), 32);\n    assert_eq!(candidate(2), 2);\n}\n",
      "timestamp": 1665510137,
      "stdout": "",
      "stderr": "error[E0425]: cannot find function `binomial_coeff` in this scope\n --> /tmp/tmp5sznfdib.rs:6:20\n  |\n6 |             sum += binomial_coeff(n, i);\n  |                    ^^^^^^^^^^^^^^ not found in this scope\n\nerror: aborting due to previous error\n\nFor more information about this error, try `rustc --explain E0425`.\n",
      "exit_code": 1,
      "status": "SyntaxError"
    },
    {
      "program": "/// Write a rsthon function that takes in a positive integer n and finds the sum of even index binomial coefficients.\nfn even_binomial_Coeff_Sum(n: isize) -> isize {\n    let mut sum = 0;\n    for i in 0..n+1 {\n        if i % 2 == 0 {\n            sum += binomial_Coeff(n, i);\n        }\n    }\n    sum\n}\n\nfn main() {\n    let candidate = even_binomial_Coeff_Sum;\n    assert_eq!(candidate(4), 8);\n    assert_eq!(candidate(6), 32);\n    assert_eq!(candidate(2), 2);\n}\n",
      "timestamp": 1665510137,
      "stdout": "",
      "stderr": "error[E0425]: cannot find function `binomial_Coeff` in this scope\n --> /tmp/tmpwcpl7rw7.rs:6:20\n  |\n6 |             sum += binomial_Coeff(n, i);\n  |                    ^^^^^^^^^^^^^^ not found in this scope\n\nerror: aborting due to previous error\n\nFor more information about this error, try `rustc --explain E0425`.\n",
      "exit_code": 1,
      "status": "SyntaxError"
    },
    {
      "program": "/// Write a rsthon function that takes in a positive integer n and finds the sum of even index binomial coefficients.\nfn even_binomial_Coeff_Sum(n: isize) -> isize {\n    let mut sum = 0;\n    for i in 0..n + 1 {\n        if i % 2 == 0 {\n            sum += binomial_Coeff(n, i);\n        }\n    }\n    sum\n}\n\nfn main() {\n    let candidate = even_binomial_Coeff_Sum;\n    assert_eq!(candidate(4), 8);\n    assert_eq!(candidate(6), 32);\n    assert_eq!(candidate(2), 2);\n}\n",
      "timestamp": 1665510137,
      "stdout": "",
      "stderr": "error[E0425]: cannot find function `binomial_Coeff` in this scope\n --> /tmp/tmpxpnlorhd.rs:6:20\n  |\n6 |             sum += binomial_Coeff(n, i);\n  |                    ^^^^^^^^^^^^^^ not found in this scope\n\nerror: aborting due to previous error\n\nFor more information about this error, try `rustc --explain E0425`.\n",
      "exit_code": 1,
      "status": "SyntaxError"
    },
    {
      "program": "/// Write a rsthon function that takes in a positive integer n and finds the sum of even index binomial coefficients.\nfn even_binomial_Coeff_Sum(n: isize) -> isize {\n    let mut sum = 0;\n    for i in 0..n {\n        if i % 2 == 0 {\n            sum += binomial_Coeff(n, i);\n        }\n    }\n    sum\n}\n\nfn main() {\n    let candidate = even_binomial_Coeff_Sum;\n    assert_eq!(candidate(4), 8);\n    assert_eq!(candidate(6), 32);\n    assert_eq!(candidate(2), 2);\n}\n",
      "timestamp": 1665510137,
      "stdout": "",
      "stderr": "error[E0425]: cannot find function `binomial_Coeff` in this scope\n --> /tmp/tmp_4bkbhj8.rs:6:20\n  |\n6 |             sum += binomial_Coeff(n, i);\n  |                    ^^^^^^^^^^^^^^ not found in this scope\n\nerror: aborting due to previous error\n\nFor more information about this error, try `rustc --explain E0425`.\n",
      "exit_code": 1,
      "status": "SyntaxError"
    },
    {
      "program": "/// Write a rsthon function that takes in a positive integer n and finds the sum of even index binomial coefficients.\nfn even_binomial_Coeff_Sum(n: isize) -> isize {\n    let mut sum = 0;\n    for i in 0..n + 1 {\n        if i % 2 == 0 {\n            sum += binomial_Coeff(n, i);\n        }\n    }\n    sum\n}\n\nfn main() {\n    let candidate = even_binomial_Coeff_Sum;\n    assert_eq!(candidate(4), 8);\n    assert_eq!(candidate(6), 32);\n    assert_eq!(candidate(2), 2);\n}\n",
      "timestamp": 1665510137,
      "stdout": "",
      "stderr": "error[E0425]: cannot find function `binomial_Coeff` in this scope\n --> /tmp/tmpxpnlorhd.rs:6:20\n  |\n6 |             sum += binomial_Coeff(n, i);\n  |                    ^^^^^^^^^^^^^^ not found in this scope\n\nerror: aborting due to previous error\n\nFor more information about this error, try `rustc --explain E0425`.\n",
      "exit_code": 1,
      "status": "SyntaxError"
    },
    {
      "program": "/// Write a rsthon function that takes in a positive integer n and finds the sum of even index binomial coefficients.\nfn even_binomial_Coeff_Sum(n: isize) -> isize {\n    let mut sum = 0;\n    for i in 0..n+1 {\n        if i % 2 == 0 {\n            sum += binomial_coeff(n, i);\n        }\n    }\n    sum\n}\n\nfn main() {\n    let candidate = even_binomial_Coeff_Sum;\n    assert_eq!(candidate(4), 8);\n    assert_eq!(candidate(6), 32);\n    assert_eq!(candidate(2), 2);\n}\n",
      "timestamp": 1666122891,
      "stdout": "",
      "stderr": "error[E0425]: cannot find function `binomial_coeff` in this scope\n --> /tmp/tmpmdm8sm3j.rs:6:20\n  |\n6 |             sum += binomial_coeff(n, i);\n  |                    ^^^^^^^^^^^^^^ not found in this scope\n\nerror: aborting due to previous error\n\nFor more information about this error, try `rustc --explain E0425`.\n",
      "exit_code": 1,
      "status": "SyntaxError"
    },
    {
      "program": "/// Write a rsthon function that takes in a positive integer n and finds the sum of even index binomial coefficients.\nfn even_binomial_Coeff_Sum(n: isize) -> isize {\n    let mut sum = 0;\n    for i in 0..n + 1 {\n        if i % 2 == 0 {\n            sum += binomial_Coeff(n, i);\n        }\n    }\n    sum\n}\n\nfn main() {\n    let candidate = even_binomial_Coeff_Sum;\n    assert_eq!(candidate(4), 8);\n    assert_eq!(candidate(6), 32);\n    assert_eq!(candidate(2), 2);\n}\n",
      "timestamp": 1665510137,
      "stdout": "",
      "stderr": "error[E0425]: cannot find function `binomial_Coeff` in this scope\n --> /tmp/tmpxpnlorhd.rs:6:20\n  |\n6 |             sum += binomial_Coeff(n, i);\n  |                    ^^^^^^^^^^^^^^ not found in this scope\n\nerror: aborting due to previous error\n\nFor more information about this error, try `rustc --explain E0425`.\n",
      "exit_code": 1,
      "status": "SyntaxError"
    },
    {
      "program": "/// Write a rsthon function that takes in a positive integer n and finds the sum of even index binomial coefficients.\nfn even_binomial_Coeff_Sum(n: isize) -> isize {\n    let mut sum = 0;\n    for i in 0..n {\n        if i % 2 == 0 {\n            sum += binomial_Coeff(n, i);\n        }\n    }\n    sum\n}\n\nfn main() {\n    let candidate = even_binomial_Coeff_Sum;\n    assert_eq!(candidate(4), 8);\n    assert_eq!(candidate(6), 32);\n    assert_eq!(candidate(2), 2);\n}\n",
      "timestamp": 1665510137,
      "stdout": "",
      "stderr": "error[E0425]: cannot find function `binomial_Coeff` in this scope\n --> /tmp/tmp_4bkbhj8.rs:6:20\n  |\n6 |             sum += binomial_Coeff(n, i);\n  |                    ^^^^^^^^^^^^^^ not found in this scope\n\nerror: aborting due to previous error\n\nFor more information about this error, try `rustc --explain E0425`.\n",
      "exit_code": 1,
      "status": "SyntaxError"
    },
    {
      "program": "/// Write a rsthon function that takes in a positive integer n and finds the sum of even index binomial coefficients.\nfn even_binomial_Coeff_Sum(n: isize) -> isize {\n    let mut sum = 0;\n    for i in 0..n {\n        if i % 2 == 0 {\n            sum += binomial_coeff(n, i);\n        }\n    }\n    sum\n}\n\nfn main() {\n    let candidate = even_binomial_Coeff_Sum;\n    assert_eq!(candidate(4), 8);\n    assert_eq!(candidate(6), 32);\n    assert_eq!(candidate(2), 2);\n}\n",
      "timestamp": 1665510137,
      "stdout": "",
      "stderr": "error[E0425]: cannot find function `binomial_coeff` in this scope\n --> /tmp/tmpkl0oq68n.rs:6:20\n  |\n6 |             sum += binomial_coeff(n, i);\n  |                    ^^^^^^^^^^^^^^ not found in this scope\n\nerror: aborting due to previous error\n\nFor more information about this error, try `rustc --explain E0425`.\n",
      "exit_code": 1,
      "status": "SyntaxError"
    },
    {
      "program": "/// Write a rsthon function that takes in a positive integer n and finds the sum of even index binomial coefficients.\nfn even_binomial_Coeff_Sum(n: isize) -> isize {\n    let mut sum = 0;\n    for i in 0..n+1 {\n        if i % 2 == 0 {\n            sum += binomial_coeff(n, i);\n        }\n    }\n    sum\n}\n\nfn main() {\n    let candidate = even_binomial_Coeff_Sum;\n    assert_eq!(candidate(4), 8);\n    assert_eq!(candidate(6), 32);\n    assert_eq!(candidate(2), 2);\n}\n",
      "timestamp": 1666122891,
      "stdout": "",
      "stderr": "error[E0425]: cannot find function `binomial_coeff` in this scope\n --> /tmp/tmpmdm8sm3j.rs:6:20\n  |\n6 |             sum += binomial_coeff(n, i);\n  |                    ^^^^^^^^^^^^^^ not found in this scope\n\nerror: aborting due to previous error\n\nFor more information about this error, try `rustc --explain E0425`.\n",
      "exit_code": 1,
      "status": "SyntaxError"
    },
    {
      "program": "/// Write a rsthon function that takes in a positive integer n and finds the sum of even index binomial coefficients.\nfn even_binomial_Coeff_Sum(n: isize) -> isize {\n    let mut sum = 0;\n    let mut i = 0;\n    while i <= n {\n        sum += binomial_coeff(n, i);\n        i += 2;\n    }\n    sum\n}\n\nfn main() {\n    let candidate = even_binomial_Coeff_Sum;\n    assert_eq!(candidate(4), 8);\n    assert_eq!(candidate(6), 32);\n    assert_eq!(candidate(2), 2);\n}\n",
      "timestamp": 1666122891,
      "stdout": "",
      "stderr": "error[E0425]: cannot find function `binomial_coeff` in this scope\n --> /tmp/tmph0a6ebk7.rs:6:16\n  |\n6 |         sum += binomial_coeff(n, i);\n  |                ^^^^^^^^^^^^^^ not found in this scope\n\nerror: aborting due to previous error\n\nFor more information about this error, try `rustc --explain E0425`.\n",
      "exit_code": 1,
      "status": "SyntaxError"
    },
    {
      "program": "/// Write a rsthon function that takes in a positive integer n and finds the sum of even index binomial coefficients.\nfn even_binomial_Coeff_Sum(n: isize) -> isize {\n    let mut sum = 0;\n    for i in 0..n+1 {\n        if i % 2 == 0 {\n            sum += binomial_Coeff(n, i);\n        }\n    }\n    sum\n}\n\nfn main() {\n    let candidate = even_binomial_Coeff_Sum;\n    assert_eq!(candidate(4), 8);\n    assert_eq!(candidate(6), 32);\n    assert_eq!(candidate(2), 2);\n}\n",
      "timestamp": 1665510137,
      "stdout": "",
      "stderr": "error[E0425]: cannot find function `binomial_Coeff` in this scope\n --> /tmp/tmpwcpl7rw7.rs:6:20\n  |\n6 |             sum += binomial_Coeff(n, i);\n  |                    ^^^^^^^^^^^^^^ not found in this scope\n\nerror: aborting due to previous error\n\nFor more information about this error, try `rustc --explain E0425`.\n",
      "exit_code": 1,
      "status": "SyntaxError"
    },
    {
      "program": "/// Write a rsthon function that takes in a positive integer n and finds the sum of even index binomial coefficients.\nfn even_binomial_Coeff_Sum(n: isize) -> isize {\n    let mut sum = 0;\n    for i in 0..n+1 {\n        if i % 2 == 0 {\n            sum += binomial_Coeff(n, i);\n        }\n    }\n    sum\n}\n\nfn main() {\n    let candidate = even_binomial_Coeff_Sum;\n    assert_eq!(candidate(4), 8);\n    assert_eq!(candidate(6), 32);\n    assert_eq!(candidate(2), 2);\n}\n",
      "timestamp": 1665510137,
      "stdout": "",
      "stderr": "error[E0425]: cannot find function `binomial_Coeff` in this scope\n --> /tmp/tmpwcpl7rw7.rs:6:20\n  |\n6 |             sum += binomial_Coeff(n, i);\n  |                    ^^^^^^^^^^^^^^ not found in this scope\n\nerror: aborting due to previous error\n\nFor more information about this error, try `rustc --explain E0425`.\n",
      "exit_code": 1,
      "status": "SyntaxError"
    },
    {
      "program": "/// Write a rsthon function that takes in a positive integer n and finds the sum of even index binomial coefficients.\nfn even_binomial_Coeff_Sum(n: isize) -> isize {\n    let mut sum = 0;\n    for i in 0..n + 1 {\n        if i % 2 == 0 {\n            sum += binomial_Coeff(n, i);\n        }\n    }\n    sum\n}\n\nfn main() {\n    let candidate = even_binomial_Coeff_Sum;\n    assert_eq!(candidate(4), 8);\n    assert_eq!(candidate(6), 32);\n    assert_eq!(candidate(2), 2);\n}\n",
      "timestamp": 1665510137,
      "stdout": "",
      "stderr": "error[E0425]: cannot find function `binomial_Coeff` in this scope\n --> /tmp/tmpxpnlorhd.rs:6:20\n  |\n6 |             sum += binomial_Coeff(n, i);\n  |                    ^^^^^^^^^^^^^^ not found in this scope\n\nerror: aborting due to previous error\n\nFor more information about this error, try `rustc --explain E0425`.\n",
      "exit_code": 1,
      "status": "SyntaxError"
    },
    {
      "program": "/// Write a rsthon function that takes in a positive integer n and finds the sum of even index binomial coefficients.\nfn even_binomial_Coeff_Sum(n: isize) -> isize {\n    let mut sum = 0;\n    for i in 0..n + 1 {\n        if i % 2 == 0 {\n            sum += binomial_Coeff(n, i);\n        }\n    }\n    sum\n}\n\nfn main() {\n    let candidate = even_binomial_Coeff_Sum;\n    assert_eq!(candidate(4), 8);\n    assert_eq!(candidate(6), 32);\n    assert_eq!(candidate(2), 2);\n}\n",
      "timestamp": 1665510137,
      "stdout": "",
      "stderr": "error[E0425]: cannot find function `binomial_Coeff` in this scope\n --> /tmp/tmpxpnlorhd.rs:6:20\n  |\n6 |             sum += binomial_Coeff(n, i);\n  |                    ^^^^^^^^^^^^^^ not found in this scope\n\nerror: aborting due to previous error\n\nFor more information about this error, try `rustc --explain E0425`.\n",
      "exit_code": 1,
      "status": "SyntaxError"
    },
    {
      "program": "/// Write a rsthon function that takes in a positive integer n and finds the sum of even index binomial coefficients.\nfn even_binomial_Coeff_Sum(n: isize) -> isize {\n    let mut sum = 0;\n    for i in 0..n+1 {\n        if i % 2 == 0 {\n            sum += binomial_coeff(n, i);\n        }\n    }\n    sum\n}\n\nfn main() {\n    let candidate = even_binomial_Coeff_Sum;\n    assert_eq!(candidate(4), 8);\n    assert_eq!(candidate(6), 32);\n    assert_eq!(candidate(2), 2);\n}\n",
      "timestamp": 1666122891,
      "stdout": "",
      "stderr": "error[E0425]: cannot find function `binomial_coeff` in this scope\n --> /tmp/tmpmdm8sm3j.rs:6:20\n  |\n6 |             sum += binomial_coeff(n, i);\n  |                    ^^^^^^^^^^^^^^ not found in this scope\n\nerror: aborting due to previous error\n\nFor more information about this error, try `rustc --explain E0425`.\n",
      "exit_code": 1,
      "status": "SyntaxError"
    },
    {
      "program": "/// Write a rsthon function that takes in a positive integer n and finds the sum of even index binomial coefficients.\nfn even_binomial_Coeff_Sum(n: isize) -> isize {\n    let mut sum = 0;\n    for i in 0..n+1 {\n        if i % 2 == 0 {\n            sum += binomial_Coeff(n, i);\n        }\n    }\n    sum\n}\n\nfn main() {\n    let candidate = even_binomial_Coeff_Sum;\n    assert_eq!(candidate(4), 8);\n    assert_eq!(candidate(6), 32);\n    assert_eq!(candidate(2), 2);\n}\n",
      "timestamp": 1665510137,
      "stdout": "",
      "stderr": "error[E0425]: cannot find function `binomial_Coeff` in this scope\n --> /tmp/tmpwcpl7rw7.rs:6:20\n  |\n6 |             sum += binomial_Coeff(n, i);\n  |                    ^^^^^^^^^^^^^^ not found in this scope\n\nerror: aborting due to previous error\n\nFor more information about this error, try `rustc --explain E0425`.\n",
      "exit_code": 1,
      "status": "SyntaxError"
    },
    {
      "program": "/// Write a rsthon function that takes in a positive integer n and finds the sum of even index binomial coefficients.\nfn even_binomial_Coeff_Sum(n: isize) -> isize {\n    let mut sum = 0;\n    let mut i = 0;\n    while i <= n {\n        let mut j = 0;\n        while j <= i {\n            if (i + j) % 2 == 0 {\n                sum += binomial_coeff(i, j);\n            }\n            j += 1;\n        }\n        i += 1;\n    }\n    sum\n}\n\nfn main() {\n    let candidate = even_binomial_Coeff_Sum;\n    assert_eq!(candidate(4), 8);\n    assert_eq!(candidate(6), 32);\n    assert_eq!(candidate(2), 2);\n}\n",
      "timestamp": 1666122891,
      "stdout": "",
      "stderr": "error[E0425]: cannot find function `binomial_coeff` in this scope\n --> /tmp/tmp0h1z4k92.rs:9:24\n  |\n9 |                 sum += binomial_coeff(i, j);\n  |                        ^^^^^^^^^^^^^^ not found in this scope\n\nerror: aborting due to previous error\n\nFor more information about this error, try `rustc --explain E0425`.\n",
      "exit_code": 1,
      "status": "SyntaxError"
    },
    {
      "program": "/// Write a rsthon function that takes in a positive integer n and finds the sum of even index binomial coefficients.\nfn even_binomial_Coeff_Sum(n: isize) -> isize {\n    let mut sum = 0;\n    for i in 0..n + 1 {\n        if i % 2 == 0 {\n            sum += binomial_coeff(n, i);\n        }\n    }\n    sum\n}\n\nfn main() {\n    let candidate = even_binomial_Coeff_Sum;\n    assert_eq!(candidate(4), 8);\n    assert_eq!(candidate(6), 32);\n    assert_eq!(candidate(2), 2);\n}\n",
      "timestamp": 1665510137,
      "stdout": "",
      "stderr": "error[E0425]: cannot find function `binomial_coeff` in this scope\n --> /tmp/tmp5sznfdib.rs:6:20\n  |\n6 |             sum += binomial_coeff(n, i);\n  |                    ^^^^^^^^^^^^^^ not found in this scope\n\nerror: aborting due to previous error\n\nFor more information about this error, try `rustc --explain E0425`.\n",
      "exit_code": 1,
      "status": "SyntaxError"
    },
    {
      "program": "/// Write a rsthon function that takes in a positive integer n and finds the sum of even index binomial coefficients.\nfn even_binomial_Coeff_Sum(n: isize) -> isize {\n    let mut sum = 0;\n    for i in 0..n + 1 {\n        if i % 2 == 0 {\n            sum += binomial_Coeff(n, i);\n        }\n    }\n    sum\n}\n\nfn main() {\n    let candidate = even_binomial_Coeff_Sum;\n    assert_eq!(candidate(4), 8);\n    assert_eq!(candidate(6), 32);\n    assert_eq!(candidate(2), 2);\n}\n",
      "timestamp": 1665510137,
      "stdout": "",
      "stderr": "error[E0425]: cannot find function `binomial_Coeff` in this scope\n --> /tmp/tmpxpnlorhd.rs:6:20\n  |\n6 |             sum += binomial_Coeff(n, i);\n  |                    ^^^^^^^^^^^^^^ not found in this scope\n\nerror: aborting due to previous error\n\nFor more information about this error, try `rustc --explain E0425`.\n",
      "exit_code": 1,
      "status": "SyntaxError"
    },
    {
      "program": "/// Write a rsthon function that takes in a positive integer n and finds the sum of even index binomial coefficients.\nfn even_binomial_Coeff_Sum(n: isize) -> isize {\n    let mut sum = 0;\n    for i in 0..n {\n        if i % 2 == 0 {\n            sum += binomial_Coeff(n, i);\n        }\n    }\n    sum\n}\n\nfn main() {\n    let candidate = even_binomial_Coeff_Sum;\n    assert_eq!(candidate(4), 8);\n    assert_eq!(candidate(6), 32);\n    assert_eq!(candidate(2), 2);\n}\n",
      "timestamp": 1665510137,
      "stdout": "",
      "stderr": "error[E0425]: cannot find function `binomial_Coeff` in this scope\n --> /tmp/tmp_4bkbhj8.rs:6:20\n  |\n6 |             sum += binomial_Coeff(n, i);\n  |                    ^^^^^^^^^^^^^^ not found in this scope\n\nerror: aborting due to previous error\n\nFor more information about this error, try `rustc --explain E0425`.\n",
      "exit_code": 1,
      "status": "SyntaxError"
    },
    {
      "program": "/// Write a rsthon function that takes in a positive integer n and finds the sum of even index binomial coefficients.\nfn even_binomial_Coeff_Sum(n: isize) -> isize {\n    let mut sum = 0;\n    for i in 0..n + 1 {\n        if i % 2 == 0 {\n            sum += binomial_Coeff(n, i);\n        }\n    }\n    sum\n}\n\nfn main() {\n    let candidate = even_binomial_Coeff_Sum;\n    assert_eq!(candidate(4), 8);\n    assert_eq!(candidate(6), 32);\n    assert_eq!(candidate(2), 2);\n}\n",
      "timestamp": 1665510137,
      "stdout": "",
      "stderr": "error[E0425]: cannot find function `binomial_Coeff` in this scope\n --> /tmp/tmpxpnlorhd.rs:6:20\n  |\n6 |             sum += binomial_Coeff(n, i);\n  |                    ^^^^^^^^^^^^^^ not found in this scope\n\nerror: aborting due to previous error\n\nFor more information about this error, try `rustc --explain E0425`.\n",
      "exit_code": 1,
      "status": "SyntaxError"
    },
    {
      "program": "/// Write a rsthon function that takes in a positive integer n and finds the sum of even index binomial coefficients.\nfn even_binomial_Coeff_Sum(n: isize) -> isize {\n    let mut sum = 0;\n    for i in 0..n + 1 {\n        if i % 2 == 0 {\n            sum += binomial_Coeff(n, i);\n        }\n    }\n    sum\n}\n\nfn main() {\n    let candidate = even_binomial_Coeff_Sum;\n    assert_eq!(candidate(4), 8);\n    assert_eq!(candidate(6), 32);\n    assert_eq!(candidate(2), 2);\n}\n",
      "timestamp": 1665510137,
      "stdout": "",
      "stderr": "error[E0425]: cannot find function `binomial_Coeff` in this scope\n --> /tmp/tmpxpnlorhd.rs:6:20\n  |\n6 |             sum += binomial_Coeff(n, i);\n  |                    ^^^^^^^^^^^^^^ not found in this scope\n\nerror: aborting due to previous error\n\nFor more information about this error, try `rustc --explain E0425`.\n",
      "exit_code": 1,
      "status": "SyntaxError"
    },
    {
      "program": "/// Write a rsthon function that takes in a positive integer n and finds the sum of even index binomial coefficients.\nfn even_binomial_Coeff_Sum(n: isize) -> isize {\n    let mut sum = 0;\n    for i in 0..n + 1 {\n        if i % 2 == 0 {\n            sum += binomial_coeff(n, i);\n        }\n    }\n    sum\n}\n\nfn main() {\n    let candidate = even_binomial_Coeff_Sum;\n    assert_eq!(candidate(4), 8);\n    assert_eq!(candidate(6), 32);\n    assert_eq!(candidate(2), 2);\n}\n",
      "timestamp": 1665510137,
      "stdout": "",
      "stderr": "error[E0425]: cannot find function `binomial_coeff` in this scope\n --> /tmp/tmp5sznfdib.rs:6:20\n  |\n6 |             sum += binomial_coeff(n, i);\n  |                    ^^^^^^^^^^^^^^ not found in this scope\n\nerror: aborting due to previous error\n\nFor more information about this error, try `rustc --explain E0425`.\n",
      "exit_code": 1,
      "status": "SyntaxError"
    },
    {
      "program": "/// Write a rsthon function that takes in a positive integer n and finds the sum of even index binomial coefficients.\nfn even_binomial_Coeff_Sum(n: isize) -> isize {\n    let mut sum = 0;\n    for i in 0..n+1 {\n        if i % 2 == 0 {\n            sum += binomial_Coeff(n, i);\n        }\n    }\n    return sum;\n}\n\nfn main() {\n    let candidate = even_binomial_Coeff_Sum;\n    assert_eq!(candidate(4), 8);\n    assert_eq!(candidate(6), 32);\n    assert_eq!(candidate(2), 2);\n}\n",
      "timestamp": 1665510137,
      "stdout": "",
      "stderr": "error[E0425]: cannot find function `binomial_Coeff` in this scope\n --> /tmp/tmp5_k9z_ma.rs:6:20\n  |\n6 |             sum += binomial_Coeff(n, i);\n  |                    ^^^^^^^^^^^^^^ not found in this scope\n\nerror: aborting due to previous error\n\nFor more information about this error, try `rustc --explain E0425`.\n",
      "exit_code": 1,
      "status": "SyntaxError"
    },
    {
      "program": "/// Write a rsthon function that takes in a positive integer n and finds the sum of even index binomial coefficients.\nfn even_binomial_Coeff_Sum(n: isize) -> isize {\n    let mut sum = 0;\n    for i in 0..n+1 {\n        if i % 2 == 0 {\n            sum += binomial_Coeff(n, i);\n        }\n    }\n    sum\n}\n\nfn main() {\n    let candidate = even_binomial_Coeff_Sum;\n    assert_eq!(candidate(4), 8);\n    assert_eq!(candidate(6), 32);\n    assert_eq!(candidate(2), 2);\n}\n",
      "timestamp": 1665510137,
      "stdout": "",
      "stderr": "error[E0425]: cannot find function `binomial_Coeff` in this scope\n --> /tmp/tmpwcpl7rw7.rs:6:20\n  |\n6 |             sum += binomial_Coeff(n, i);\n  |                    ^^^^^^^^^^^^^^ not found in this scope\n\nerror: aborting due to previous error\n\nFor more information about this error, try `rustc --explain E0425`.\n",
      "exit_code": 1,
      "status": "SyntaxError"
    },
    {
      "program": "/// Write a rsthon function that takes in a positive integer n and finds the sum of even index binomial coefficients.\nfn even_binomial_Coeff_Sum(n: isize) -> isize {\n    let mut sum = 0;\n    for i in 0..n+1 {\n        if i % 2 == 0 {\n            sum += binomial_coeff(n, i);\n        }\n    }\n    sum\n}\n\nfn main() {\n    let candidate = even_binomial_Coeff_Sum;\n    assert_eq!(candidate(4), 8);\n    assert_eq!(candidate(6), 32);\n    assert_eq!(candidate(2), 2);\n}\n",
      "timestamp": 1666122891,
      "stdout": "",
      "stderr": "error[E0425]: cannot find function `binomial_coeff` in this scope\n --> /tmp/tmpmdm8sm3j.rs:6:20\n  |\n6 |             sum += binomial_coeff(n, i);\n  |                    ^^^^^^^^^^^^^^ not found in this scope\n\nerror: aborting due to previous error\n\nFor more information about this error, try `rustc --explain E0425`.\n",
      "exit_code": 1,
      "status": "SyntaxError"
    },
    {
      "program": "/// Write a rsthon function that takes in a positive integer n and finds the sum of even index binomial coefficients.\nfn even_binomial_Coeff_Sum(n: isize) -> isize {\n    let mut sum = 0;\n    for i in 0..n + 1 {\n        if i % 2 == 0 {\n            sum += binomial_Coeff(n, i);\n        }\n    }\n    sum\n}\n\nfn main() {\n    let candidate = even_binomial_Coeff_Sum;\n    assert_eq!(candidate(4), 8);\n    assert_eq!(candidate(6), 32);\n    assert_eq!(candidate(2), 2);\n}\n",
      "timestamp": 1665510137,
      "stdout": "",
      "stderr": "error[E0425]: cannot find function `binomial_Coeff` in this scope\n --> /tmp/tmpxpnlorhd.rs:6:20\n  |\n6 |             sum += binomial_Coeff(n, i);\n  |                    ^^^^^^^^^^^^^^ not found in this scope\n\nerror: aborting due to previous error\n\nFor more information about this error, try `rustc --explain E0425`.\n",
      "exit_code": 1,
      "status": "SyntaxError"
    },
    {
      "program": "/// Write a rsthon function that takes in a positive integer n and finds the sum of even index binomial coefficients.\nfn even_binomial_Coeff_Sum(n: isize) -> isize {\n    let mut sum = 0;\n    for i in 0..n + 1 {\n        if i % 2 == 0 {\n            sum += binomial_Coeff(n, i);\n        }\n    }\n    return sum;\n}\n\nfn main() {\n    let candidate = even_binomial_Coeff_Sum;\n    assert_eq!(candidate(4), 8);\n    assert_eq!(candidate(6), 32);\n    assert_eq!(candidate(2), 2);\n}\n",
      "timestamp": 1665510137,
      "stdout": "",
      "stderr": "error[E0425]: cannot find function `binomial_Coeff` in this scope\n --> /tmp/tmpm2zgiy8x.rs:6:20\n  |\n6 |             sum += binomial_Coeff(n, i);\n  |                    ^^^^^^^^^^^^^^ not found in this scope\n\nerror: aborting due to previous error\n\nFor more information about this error, try `rustc --explain E0425`.\n",
      "exit_code": 1,
      "status": "SyntaxError"
    },
    {
      "program": "/// Write a rsthon function that takes in a positive integer n and finds the sum of even index binomial coefficients.\nfn even_binomial_Coeff_Sum(n: isize) -> isize {\n    let mut sum = 0;\n    for i in 0..n+1 {\n        if i % 2 == 0 {\n            sum += binomial_coeff(n, i);\n        }\n    }\n    sum\n}\n\nfn main() {\n    let candidate = even_binomial_Coeff_Sum;\n    assert_eq!(candidate(4), 8);\n    assert_eq!(candidate(6), 32);\n    assert_eq!(candidate(2), 2);\n}\n",
      "timestamp": 1666122891,
      "stdout": "",
      "stderr": "error[E0425]: cannot find function `binomial_coeff` in this scope\n --> /tmp/tmpmdm8sm3j.rs:6:20\n  |\n6 |             sum += binomial_coeff(n, i);\n  |                    ^^^^^^^^^^^^^^ not found in this scope\n\nerror: aborting due to previous error\n\nFor more information about this error, try `rustc --explain E0425`.\n",
      "exit_code": 1,
      "status": "SyntaxError"
    },
    {
      "program": "/// Write a rsthon function that takes in a positive integer n and finds the sum of even index binomial coefficients.\nfn even_binomial_Coeff_Sum(n: isize) -> isize {\n    let mut sum = 0;\n    for i in 0..n+1 {\n        if i % 2 == 0 {\n            sum += binomial_Coeff(n, i);\n        }\n    }\n    sum\n}\n\nfn main() {\n    let candidate = even_binomial_Coeff_Sum;\n    assert_eq!(candidate(4), 8);\n    assert_eq!(candidate(6), 32);\n    assert_eq!(candidate(2), 2);\n}\n",
      "timestamp": 1665510137,
      "stdout": "",
      "stderr": "error[E0425]: cannot find function `binomial_Coeff` in this scope\n --> /tmp/tmpwcpl7rw7.rs:6:20\n  |\n6 |             sum += binomial_Coeff(n, i);\n  |                    ^^^^^^^^^^^^^^ not found in this scope\n\nerror: aborting due to previous error\n\nFor more information about this error, try `rustc --explain E0425`.\n",
      "exit_code": 1,
      "status": "SyntaxError"
    },
    {
      "program": "/// Write a rsthon function that takes in a positive integer n and finds the sum of even index binomial coefficients.\nfn even_binomial_Coeff_Sum(n: isize) -> isize {\n    let mut sum = 0;\n    for i in 0..n+1 {\n        if i % 2 == 0 {\n            sum += binomial_Coeff(n, i);\n        }\n    }\n    sum\n}\n\nfn main() {\n    let candidate = even_binomial_Coeff_Sum;\n    assert_eq!(candidate(4), 8);\n    assert_eq!(candidate(6), 32);\n    assert_eq!(candidate(2), 2);\n}\n",
      "timestamp": 1665510137,
      "stdout": "",
      "stderr": "error[E0425]: cannot find function `binomial_Coeff` in this scope\n --> /tmp/tmpwcpl7rw7.rs:6:20\n  |\n6 |             sum += binomial_Coeff(n, i);\n  |                    ^^^^^^^^^^^^^^ not found in this scope\n\nerror: aborting due to previous error\n\nFor more information about this error, try `rustc --explain E0425`.\n",
      "exit_code": 1,
      "status": "SyntaxError"
    },
    {
      "program": "/// Write a rsthon function that takes in a positive integer n and finds the sum of even index binomial coefficients.\nfn even_binomial_Coeff_Sum(n: isize) -> isize {\n    let mut sum = 0;\n    for i in 0..n + 1 {\n        if i % 2 == 0 {\n            sum += binomial_Coeff(n, i);\n        }\n    }\n    sum\n}\n\nfn main() {\n    let candidate = even_binomial_Coeff_Sum;\n    assert_eq!(candidate(4), 8);\n    assert_eq!(candidate(6), 32);\n    assert_eq!(candidate(2), 2);\n}\n",
      "timestamp": 1665510137,
      "stdout": "",
      "stderr": "error[E0425]: cannot find function `binomial_Coeff` in this scope\n --> /tmp/tmpxpnlorhd.rs:6:20\n  |\n6 |             sum += binomial_Coeff(n, i);\n  |                    ^^^^^^^^^^^^^^ not found in this scope\n\nerror: aborting due to previous error\n\nFor more information about this error, try `rustc --explain E0425`.\n",
      "exit_code": 1,
      "status": "SyntaxError"
    },
    {
      "program": "/// Write a rsthon function that takes in a positive integer n and finds the sum of even index binomial coefficients.\nfn even_binomial_Coeff_Sum(n: isize) -> isize {\n    let mut sum = 0;\n    for i in 0..n + 1 {\n        if i % 2 == 0 {\n            sum += binomial_Coeff(n, i);\n        }\n    }\n    sum\n}\n\nfn main() {\n    let candidate = even_binomial_Coeff_Sum;\n    assert_eq!(candidate(4), 8);\n    assert_eq!(candidate(6), 32);\n    assert_eq!(candidate(2), 2);\n}\n",
      "timestamp": 1665510137,
      "stdout": "",
      "stderr": "error[E0425]: cannot find function `binomial_Coeff` in this scope\n --> /tmp/tmpxpnlorhd.rs:6:20\n  |\n6 |             sum += binomial_Coeff(n, i);\n  |                    ^^^^^^^^^^^^^^ not found in this scope\n\nerror: aborting due to previous error\n\nFor more information about this error, try `rustc --explain E0425`.\n",
      "exit_code": 1,
      "status": "SyntaxError"
    },
    {
      "program": "/// Write a rsthon function that takes in a positive integer n and finds the sum of even index binomial coefficients.\nfn even_binomial_Coeff_Sum(n: isize) -> isize {\n    let mut sum = 0;\n    for i in 0..n {\n        if i % 2 == 0 {\n            sum += binomial_Coeff(n, i);\n        }\n    }\n    sum\n}\n\nfn main() {\n    let candidate = even_binomial_Coeff_Sum;\n    assert_eq!(candidate(4), 8);\n    assert_eq!(candidate(6), 32);\n    assert_eq!(candidate(2), 2);\n}\n",
      "timestamp": 1665510137,
      "stdout": "",
      "stderr": "error[E0425]: cannot find function `binomial_Coeff` in this scope\n --> /tmp/tmp_4bkbhj8.rs:6:20\n  |\n6 |             sum += binomial_Coeff(n, i);\n  |                    ^^^^^^^^^^^^^^ not found in this scope\n\nerror: aborting due to previous error\n\nFor more information about this error, try `rustc --explain E0425`.\n",
      "exit_code": 1,
      "status": "SyntaxError"
    },
    {
      "program": "/// Write a rsthon function that takes in a positive integer n and finds the sum of even index binomial coefficients.\nfn even_binomial_Coeff_Sum(n: isize) -> isize {\n    let mut sum = 0;\n    for i in 0..n + 1 {\n        if i % 2 == 0 {\n            sum += binomial_Coeff(n, i);\n        }\n    }\n    sum\n}\n\nfn main() {\n    let candidate = even_binomial_Coeff_Sum;\n    assert_eq!(candidate(4), 8);\n    assert_eq!(candidate(6), 32);\n    assert_eq!(candidate(2), 2);\n}\n",
      "timestamp": 1665510137,
      "stdout": "",
      "stderr": "error[E0425]: cannot find function `binomial_Coeff` in this scope\n --> /tmp/tmpxpnlorhd.rs:6:20\n  |\n6 |             sum += binomial_Coeff(n, i);\n  |                    ^^^^^^^^^^^^^^ not found in this scope\n\nerror: aborting due to previous error\n\nFor more information about this error, try `rustc --explain E0425`.\n",
      "exit_code": 1,
      "status": "SyntaxError"
    }
  ]
}