{
  "name": "mbpp_164_are_equivalent",
  "language": "rs",
  "prompt": "/// Write a function to determine if the sum of the divisors of two integers are the same.\nfn are_equivalent(num1: isize, num2: isize) -> bool {\n",
  "doctests": "transform",
  "original": "/home/arjun/repos/MultiPL-E/datasets/../datasets/mbpp-typed/mbpp_164_are_equivalent.py",
  "prompt_terminology": "reworded",
  "tests": "}\n\nfn main() {\n    let candidate = are_equivalent;\n    assert_eq!(candidate(36, 57), false);\n    assert_eq!(candidate(2, 4), false);\n    assert_eq!(candidate(23, 47), true);\n}\n",
  "stop_tokens": [
    "\n}"
  ],
  "results": [
    {
      "program": "/// Write a function to determine if the sum of the divisors of two integers are the same.\nfn are_equivalent(num1: isize, num2: isize) -> bool {\n    let sum1 = sum_divisors(num1);\n    let sum2 = sum_divisors(num2);\n    sum1 == sum2\n}\n\nfn main() {\n    let candidate = are_equivalent;\n    assert_eq!(candidate(36, 57), false);\n    assert_eq!(candidate(2, 4), false);\n    assert_eq!(candidate(23, 47), true);\n}\n",
      "timestamp": 1665509736,
      "stdout": "",
      "stderr": "error[E0425]: cannot find function `sum_divisors` in this scope\n --> /tmp/tmpiyqowxy_.rs:3:16\n  |\n3 |     let sum1 = sum_divisors(num1);\n  |                ^^^^^^^^^^^^ not found in this scope\n\nerror[E0425]: cannot find function `sum_divisors` in this scope\n --> /tmp/tmpiyqowxy_.rs:4:16\n  |\n4 |     let sum2 = sum_divisors(num2);\n  |                ^^^^^^^^^^^^ not found in this scope\n\nerror: aborting due to 2 previous errors\n\nFor more information about this error, try `rustc --explain E0425`.\n",
      "exit_code": 1,
      "status": "SyntaxError"
    },
    {
      "program": "/// Write a function to determine if the sum of the divisors of two integers are the same.\nfn are_equivalent(num1: isize, num2: isize) -> bool {\n    let sum1 = sum_divisors(num1);\n    let sum2 = sum_divisors(num2);\n    sum1 == sum2\n}\n\nfn main() {\n    let candidate = are_equivalent;\n    assert_eq!(candidate(36, 57), false);\n    assert_eq!(candidate(2, 4), false);\n    assert_eq!(candidate(23, 47), true);\n}\n",
      "timestamp": 1665509736,
      "stdout": "",
      "stderr": "error[E0425]: cannot find function `sum_divisors` in this scope\n --> /tmp/tmpiyqowxy_.rs:3:16\n  |\n3 |     let sum1 = sum_divisors(num1);\n  |                ^^^^^^^^^^^^ not found in this scope\n\nerror[E0425]: cannot find function `sum_divisors` in this scope\n --> /tmp/tmpiyqowxy_.rs:4:16\n  |\n4 |     let sum2 = sum_divisors(num2);\n  |                ^^^^^^^^^^^^ not found in this scope\n\nerror: aborting due to 2 previous errors\n\nFor more information about this error, try `rustc --explain E0425`.\n",
      "exit_code": 1,
      "status": "SyntaxError"
    },
    {
      "program": "/// Write a function to determine if the sum of the divisors of two integers are the same.\nfn are_equivalent(num1: isize, num2: isize) -> bool {\n    let sum1 = sum_of_divisors(num1);\n    let sum2 = sum_of_divisors(num2);\n    sum1 == sum2\n}\n\nfn main() {\n    let candidate = are_equivalent;\n    assert_eq!(candidate(36, 57), false);\n    assert_eq!(candidate(2, 4), false);\n    assert_eq!(candidate(23, 47), true);\n}\n",
      "timestamp": 1665509736,
      "stdout": "",
      "stderr": "error[E0425]: cannot find function `sum_of_divisors` in this scope\n --> /tmp/tmpp4ulezkm.rs:3:16\n  |\n3 |     let sum1 = sum_of_divisors(num1);\n  |                ^^^^^^^^^^^^^^^ not found in this scope\n\nerror[E0425]: cannot find function `sum_of_divisors` in this scope\n --> /tmp/tmpp4ulezkm.rs:4:16\n  |\n4 |     let sum2 = sum_of_divisors(num2);\n  |                ^^^^^^^^^^^^^^^ not found in this scope\n\nerror: aborting due to 2 previous errors\n\nFor more information about this error, try `rustc --explain E0425`.\n",
      "exit_code": 1,
      "status": "SyntaxError"
    },
    {
      "program": "/// Write a function to determine if the sum of the divisors of two integers are the same.\nfn are_equivalent(num1: isize, num2: isize) -> bool {\n    let sum1 = sum_divisors(num1);\n    let sum2 = sum_divisors(num2);\n    sum1 == sum2\n}\n\nfn main() {\n    let candidate = are_equivalent;\n    assert_eq!(candidate(36, 57), false);\n    assert_eq!(candidate(2, 4), false);\n    assert_eq!(candidate(23, 47), true);\n}\n",
      "timestamp": 1665509736,
      "stdout": "",
      "stderr": "error[E0425]: cannot find function `sum_divisors` in this scope\n --> /tmp/tmpiyqowxy_.rs:3:16\n  |\n3 |     let sum1 = sum_divisors(num1);\n  |                ^^^^^^^^^^^^ not found in this scope\n\nerror[E0425]: cannot find function `sum_divisors` in this scope\n --> /tmp/tmpiyqowxy_.rs:4:16\n  |\n4 |     let sum2 = sum_divisors(num2);\n  |                ^^^^^^^^^^^^ not found in this scope\n\nerror: aborting due to 2 previous errors\n\nFor more information about this error, try `rustc --explain E0425`.\n",
      "exit_code": 1,
      "status": "SyntaxError"
    },
    {
      "program": "/// Write a function to determine if the sum of the divisors of two integers are the same.\nfn are_equivalent(num1: isize, num2: isize) -> bool {\n    let sum1 = sum_of_divisors(num1);\n    let sum2 = sum_of_divisors(num2);\n    sum1 == sum2\n}\n\nfn main() {\n    let candidate = are_equivalent;\n    assert_eq!(candidate(36, 57), false);\n    assert_eq!(candidate(2, 4), false);\n    assert_eq!(candidate(23, 47), true);\n}\n",
      "timestamp": 1665509736,
      "stdout": "",
      "stderr": "error[E0425]: cannot find function `sum_of_divisors` in this scope\n --> /tmp/tmpp4ulezkm.rs:3:16\n  |\n3 |     let sum1 = sum_of_divisors(num1);\n  |                ^^^^^^^^^^^^^^^ not found in this scope\n\nerror[E0425]: cannot find function `sum_of_divisors` in this scope\n --> /tmp/tmpp4ulezkm.rs:4:16\n  |\n4 |     let sum2 = sum_of_divisors(num2);\n  |                ^^^^^^^^^^^^^^^ not found in this scope\n\nerror: aborting due to 2 previous errors\n\nFor more information about this error, try `rustc --explain E0425`.\n",
      "exit_code": 1,
      "status": "SyntaxError"
    },
    {
      "program": "/// Write a function to determine if the sum of the divisors of two integers are the same.\nfn are_equivalent(num1: isize, num2: isize) -> bool {\n    let sum1 = sum_divisors(num1);\n    let sum2 = sum_divisors(num2);\n    sum1 == sum2\n}\n\nfn main() {\n    let candidate = are_equivalent;\n    assert_eq!(candidate(36, 57), false);\n    assert_eq!(candidate(2, 4), false);\n    assert_eq!(candidate(23, 47), true);\n}\n",
      "timestamp": 1665509736,
      "stdout": "",
      "stderr": "error[E0425]: cannot find function `sum_divisors` in this scope\n --> /tmp/tmpiyqowxy_.rs:3:16\n  |\n3 |     let sum1 = sum_divisors(num1);\n  |                ^^^^^^^^^^^^ not found in this scope\n\nerror[E0425]: cannot find function `sum_divisors` in this scope\n --> /tmp/tmpiyqowxy_.rs:4:16\n  |\n4 |     let sum2 = sum_divisors(num2);\n  |                ^^^^^^^^^^^^ not found in this scope\n\nerror: aborting due to 2 previous errors\n\nFor more information about this error, try `rustc --explain E0425`.\n",
      "exit_code": 1,
      "status": "SyntaxError"
    },
    {
      "program": "/// Write a function to determine if the sum of the divisors of two integers are the same.\nfn are_equivalent(num1: isize, num2: isize) -> bool {\n    let sum1 = sum_divisors(num1);\n    let sum2 = sum_divisors(num2);\n    sum1 == sum2\n}\n\nfn main() {\n    let candidate = are_equivalent;\n    assert_eq!(candidate(36, 57), false);\n    assert_eq!(candidate(2, 4), false);\n    assert_eq!(candidate(23, 47), true);\n}\n",
      "timestamp": 1665509736,
      "stdout": "",
      "stderr": "error[E0425]: cannot find function `sum_divisors` in this scope\n --> /tmp/tmpiyqowxy_.rs:3:16\n  |\n3 |     let sum1 = sum_divisors(num1);\n  |                ^^^^^^^^^^^^ not found in this scope\n\nerror[E0425]: cannot find function `sum_divisors` in this scope\n --> /tmp/tmpiyqowxy_.rs:4:16\n  |\n4 |     let sum2 = sum_divisors(num2);\n  |                ^^^^^^^^^^^^ not found in this scope\n\nerror: aborting due to 2 previous errors\n\nFor more information about this error, try `rustc --explain E0425`.\n",
      "exit_code": 1,
      "status": "SyntaxError"
    },
    {
      "program": "/// Write a function to determine if the sum of the divisors of two integers are the same.\nfn are_equivalent(num1: isize, num2: isize) -> bool {\n    let sum1 = sum_divisors(num1);\n    let sum2 = sum_divisors(num2);\n    sum1 == sum2\n}\n\nfn main() {\n    let candidate = are_equivalent;\n    assert_eq!(candidate(36, 57), false);\n    assert_eq!(candidate(2, 4), false);\n    assert_eq!(candidate(23, 47), true);\n}\n",
      "timestamp": 1665509736,
      "stdout": "",
      "stderr": "error[E0425]: cannot find function `sum_divisors` in this scope\n --> /tmp/tmpiyqowxy_.rs:3:16\n  |\n3 |     let sum1 = sum_divisors(num1);\n  |                ^^^^^^^^^^^^ not found in this scope\n\nerror[E0425]: cannot find function `sum_divisors` in this scope\n --> /tmp/tmpiyqowxy_.rs:4:16\n  |\n4 |     let sum2 = sum_divisors(num2);\n  |                ^^^^^^^^^^^^ not found in this scope\n\nerror: aborting due to 2 previous errors\n\nFor more information about this error, try `rustc --explain E0425`.\n",
      "exit_code": 1,
      "status": "SyntaxError"
    },
    {
      "program": "/// Write a function to determine if the sum of the divisors of two integers are the same.\nfn are_equivalent(num1: isize, num2: isize) -> bool {\n    let sum1 = sum_divisors(num1);\n    let sum2 = sum_divisors(num2);\n    sum1 == sum2\n}\n\nfn main() {\n    let candidate = are_equivalent;\n    assert_eq!(candidate(36, 57), false);\n    assert_eq!(candidate(2, 4), false);\n    assert_eq!(candidate(23, 47), true);\n}\n",
      "timestamp": 1665509736,
      "stdout": "",
      "stderr": "error[E0425]: cannot find function `sum_divisors` in this scope\n --> /tmp/tmpiyqowxy_.rs:3:16\n  |\n3 |     let sum1 = sum_divisors(num1);\n  |                ^^^^^^^^^^^^ not found in this scope\n\nerror[E0425]: cannot find function `sum_divisors` in this scope\n --> /tmp/tmpiyqowxy_.rs:4:16\n  |\n4 |     let sum2 = sum_divisors(num2);\n  |                ^^^^^^^^^^^^ not found in this scope\n\nerror: aborting due to 2 previous errors\n\nFor more information about this error, try `rustc --explain E0425`.\n",
      "exit_code": 1,
      "status": "SyntaxError"
    },
    {
      "program": "/// Write a function to determine if the sum of the divisors of two integers are the same.\nfn are_equivalent(num1: isize, num2: isize) -> bool {\n    let divisors1 = divisors(num1);\n    let divisors2 = divisors(num2);\n    divisors1.iter().sum::<isize>() == divisors2.iter().sum::<isize>()\n}\n\nfn main() {\n    let candidate = are_equivalent;\n    assert_eq!(candidate(36, 57), false);\n    assert_eq!(candidate(2, 4), false);\n    assert_eq!(candidate(23, 47), true);\n}\n",
      "timestamp": 1665509736,
      "stdout": "",
      "stderr": "error[E0425]: cannot find function `divisors` in this scope\n --> /tmp/tmpxph2wksj.rs:3:21\n  |\n3 |     let divisors1 = divisors(num1);\n  |                     ^^^^^^^^ not found in this scope\n\nerror[E0425]: cannot find function `divisors` in this scope\n --> /tmp/tmpxph2wksj.rs:4:21\n  |\n4 |     let divisors2 = divisors(num2);\n  |                     ^^^^^^^^ help: a local variable with a similar name exists: `divisors1`\n\nerror: aborting due to 2 previous errors\n\nFor more information about this error, try `rustc --explain E0425`.\n",
      "exit_code": 1,
      "status": "SyntaxError"
    },
    {
      "program": "/// Write a function to determine if the sum of the divisors of two integers are the same.\nfn are_equivalent(num1: isize, num2: isize) -> bool {\n    let sum1 = sum_divisors(num1);\n    let sum2 = sum_divisors(num2);\n    sum1 == sum2\n}\n\nfn main() {\n    let candidate = are_equivalent;\n    assert_eq!(candidate(36, 57), false);\n    assert_eq!(candidate(2, 4), false);\n    assert_eq!(candidate(23, 47), true);\n}\n",
      "timestamp": 1665509736,
      "stdout": "",
      "stderr": "error[E0425]: cannot find function `sum_divisors` in this scope\n --> /tmp/tmpiyqowxy_.rs:3:16\n  |\n3 |     let sum1 = sum_divisors(num1);\n  |                ^^^^^^^^^^^^ not found in this scope\n\nerror[E0425]: cannot find function `sum_divisors` in this scope\n --> /tmp/tmpiyqowxy_.rs:4:16\n  |\n4 |     let sum2 = sum_divisors(num2);\n  |                ^^^^^^^^^^^^ not found in this scope\n\nerror: aborting due to 2 previous errors\n\nFor more information about this error, try `rustc --explain E0425`.\n",
      "exit_code": 1,
      "status": "SyntaxError"
    },
    {
      "program": "/// Write a function to determine if the sum of the divisors of two integers are the same.\nfn are_equivalent(num1: isize, num2: isize) -> bool {\n    let sum1 = sum_divisors(num1);\n    let sum2 = sum_divisors(num2);\n    sum1 == sum2\n}\n\nfn main() {\n    let candidate = are_equivalent;\n    assert_eq!(candidate(36, 57), false);\n    assert_eq!(candidate(2, 4), false);\n    assert_eq!(candidate(23, 47), true);\n}\n",
      "timestamp": 1665509736,
      "stdout": "",
      "stderr": "error[E0425]: cannot find function `sum_divisors` in this scope\n --> /tmp/tmpiyqowxy_.rs:3:16\n  |\n3 |     let sum1 = sum_divisors(num1);\n  |                ^^^^^^^^^^^^ not found in this scope\n\nerror[E0425]: cannot find function `sum_divisors` in this scope\n --> /tmp/tmpiyqowxy_.rs:4:16\n  |\n4 |     let sum2 = sum_divisors(num2);\n  |                ^^^^^^^^^^^^ not found in this scope\n\nerror: aborting due to 2 previous errors\n\nFor more information about this error, try `rustc --explain E0425`.\n",
      "exit_code": 1,
      "status": "SyntaxError"
    },
    {
      "program": "/// Write a function to determine if the sum of the divisors of two integers are the same.\nfn are_equivalent(num1: isize, num2: isize) -> bool {\n    let sum1 = sum_divisors(num1);\n    let sum2 = sum_divisors(num2);\n    sum1 == sum2\n}\n\nfn main() {\n    let candidate = are_equivalent;\n    assert_eq!(candidate(36, 57), false);\n    assert_eq!(candidate(2, 4), false);\n    assert_eq!(candidate(23, 47), true);\n}\n",
      "timestamp": 1665509736,
      "stdout": "",
      "stderr": "error[E0425]: cannot find function `sum_divisors` in this scope\n --> /tmp/tmpiyqowxy_.rs:3:16\n  |\n3 |     let sum1 = sum_divisors(num1);\n  |                ^^^^^^^^^^^^ not found in this scope\n\nerror[E0425]: cannot find function `sum_divisors` in this scope\n --> /tmp/tmpiyqowxy_.rs:4:16\n  |\n4 |     let sum2 = sum_divisors(num2);\n  |                ^^^^^^^^^^^^ not found in this scope\n\nerror: aborting due to 2 previous errors\n\nFor more information about this error, try `rustc --explain E0425`.\n",
      "exit_code": 1,
      "status": "SyntaxError"
    },
    {
      "program": "/// Write a function to determine if the sum of the divisors of two integers are the same.\nfn are_equivalent(num1: isize, num2: isize) -> bool {\n    let sum1 = sum_divisors(num1);\n    let sum2 = sum_divisors(num2);\n    sum1 == sum2\n}\n\nfn main() {\n    let candidate = are_equivalent;\n    assert_eq!(candidate(36, 57), false);\n    assert_eq!(candidate(2, 4), false);\n    assert_eq!(candidate(23, 47), true);\n}\n",
      "timestamp": 1665509736,
      "stdout": "",
      "stderr": "error[E0425]: cannot find function `sum_divisors` in this scope\n --> /tmp/tmpiyqowxy_.rs:3:16\n  |\n3 |     let sum1 = sum_divisors(num1);\n  |                ^^^^^^^^^^^^ not found in this scope\n\nerror[E0425]: cannot find function `sum_divisors` in this scope\n --> /tmp/tmpiyqowxy_.rs:4:16\n  |\n4 |     let sum2 = sum_divisors(num2);\n  |                ^^^^^^^^^^^^ not found in this scope\n\nerror: aborting due to 2 previous errors\n\nFor more information about this error, try `rustc --explain E0425`.\n",
      "exit_code": 1,
      "status": "SyntaxError"
    },
    {
      "program": "/// Write a function to determine if the sum of the divisors of two integers are the same.\nfn are_equivalent(num1: isize, num2: isize) -> bool {\n    let sum1 = sum_divisors(num1);\n    let sum2 = sum_divisors(num2);\n    sum1 == sum2\n}\n\nfn main() {\n    let candidate = are_equivalent;\n    assert_eq!(candidate(36, 57), false);\n    assert_eq!(candidate(2, 4), false);\n    assert_eq!(candidate(23, 47), true);\n}\n",
      "timestamp": 1665509736,
      "stdout": "",
      "stderr": "error[E0425]: cannot find function `sum_divisors` in this scope\n --> /tmp/tmpiyqowxy_.rs:3:16\n  |\n3 |     let sum1 = sum_divisors(num1);\n  |                ^^^^^^^^^^^^ not found in this scope\n\nerror[E0425]: cannot find function `sum_divisors` in this scope\n --> /tmp/tmpiyqowxy_.rs:4:16\n  |\n4 |     let sum2 = sum_divisors(num2);\n  |                ^^^^^^^^^^^^ not found in this scope\n\nerror: aborting due to 2 previous errors\n\nFor more information about this error, try `rustc --explain E0425`.\n",
      "exit_code": 1,
      "status": "SyntaxError"
    },
    {
      "program": "/// Write a function to determine if the sum of the divisors of two integers are the same.\nfn are_equivalent(num1: isize, num2: isize) -> bool {\n    let divisors1 = get_divisors(num1);\n    let divisors2 = get_divisors(num2);\n    divisors1.iter().sum::<isize>() == divisors2.iter().sum::<isize>()\n}\n\nfn main() {\n    let candidate = are_equivalent;\n    assert_eq!(candidate(36, 57), false);\n    assert_eq!(candidate(2, 4), false);\n    assert_eq!(candidate(23, 47), true);\n}\n",
      "timestamp": 1665509736,
      "stdout": "",
      "stderr": "error[E0425]: cannot find function `get_divisors` in this scope\n --> /tmp/tmp0h7y8mcn.rs:3:21\n  |\n3 |     let divisors1 = get_divisors(num1);\n  |                     ^^^^^^^^^^^^ not found in this scope\n\nerror[E0425]: cannot find function `get_divisors` in this scope\n --> /tmp/tmp0h7y8mcn.rs:4:21\n  |\n4 |     let divisors2 = get_divisors(num2);\n  |                     ^^^^^^^^^^^^ not found in this scope\n\nerror: aborting due to 2 previous errors\n\nFor more information about this error, try `rustc --explain E0425`.\n",
      "exit_code": 1,
      "status": "SyntaxError"
    },
    {
      "program": "/// Write a function to determine if the sum of the divisors of two integers are the same.\nfn are_equivalent(num1: isize, num2: isize) -> bool {\n    let sum1 = sum_divisors(num1);\n    let sum2 = sum_divisors(num2);\n    sum1 == sum2\n}\n\nfn main() {\n    let candidate = are_equivalent;\n    assert_eq!(candidate(36, 57), false);\n    assert_eq!(candidate(2, 4), false);\n    assert_eq!(candidate(23, 47), true);\n}\n",
      "timestamp": 1665509736,
      "stdout": "",
      "stderr": "error[E0425]: cannot find function `sum_divisors` in this scope\n --> /tmp/tmpiyqowxy_.rs:3:16\n  |\n3 |     let sum1 = sum_divisors(num1);\n  |                ^^^^^^^^^^^^ not found in this scope\n\nerror[E0425]: cannot find function `sum_divisors` in this scope\n --> /tmp/tmpiyqowxy_.rs:4:16\n  |\n4 |     let sum2 = sum_divisors(num2);\n  |                ^^^^^^^^^^^^ not found in this scope\n\nerror: aborting due to 2 previous errors\n\nFor more information about this error, try `rustc --explain E0425`.\n",
      "exit_code": 1,
      "status": "SyntaxError"
    },
    {
      "program": "/// Write a function to determine if the sum of the divisors of two integers are the same.\nfn are_equivalent(num1: isize, num2: isize) -> bool {\n    let sum1 = sum_divisors(num1);\n    let sum2 = sum_divisors(num2);\n    sum1 == sum2\n}\n\nfn main() {\n    let candidate = are_equivalent;\n    assert_eq!(candidate(36, 57), false);\n    assert_eq!(candidate(2, 4), false);\n    assert_eq!(candidate(23, 47), true);\n}\n",
      "timestamp": 1665509736,
      "stdout": "",
      "stderr": "error[E0425]: cannot find function `sum_divisors` in this scope\n --> /tmp/tmpiyqowxy_.rs:3:16\n  |\n3 |     let sum1 = sum_divisors(num1);\n  |                ^^^^^^^^^^^^ not found in this scope\n\nerror[E0425]: cannot find function `sum_divisors` in this scope\n --> /tmp/tmpiyqowxy_.rs:4:16\n  |\n4 |     let sum2 = sum_divisors(num2);\n  |                ^^^^^^^^^^^^ not found in this scope\n\nerror: aborting due to 2 previous errors\n\nFor more information about this error, try `rustc --explain E0425`.\n",
      "exit_code": 1,
      "status": "SyntaxError"
    },
    {
      "program": "/// Write a function to determine if the sum of the divisors of two integers are the same.\nfn are_equivalent(num1: isize, num2: isize) -> bool {\n    sum_divisors(num1) == sum_divisors(num2)\n}\n\nfn main() {\n    let candidate = are_equivalent;\n    assert_eq!(candidate(36, 57), false);\n    assert_eq!(candidate(2, 4), false);\n    assert_eq!(candidate(23, 47), true);\n}\n",
      "timestamp": 1665509736,
      "stdout": "",
      "stderr": "error[E0425]: cannot find function `sum_divisors` in this scope\n --> /tmp/tmpqsy2wp9e.rs:3:5\n  |\n3 |     sum_divisors(num1) == sum_divisors(num2)\n  |     ^^^^^^^^^^^^ not found in this scope\n\nerror[E0425]: cannot find function `sum_divisors` in this scope\n --> /tmp/tmpqsy2wp9e.rs:3:27\n  |\n3 |     sum_divisors(num1) == sum_divisors(num2)\n  |                           ^^^^^^^^^^^^ not found in this scope\n\nerror: aborting due to 2 previous errors\n\nFor more information about this error, try `rustc --explain E0425`.\n",
      "exit_code": 1,
      "status": "SyntaxError"
    },
    {
      "program": "/// Write a function to determine if the sum of the divisors of two integers are the same.\nfn are_equivalent(num1: isize, num2: isize) -> bool {\n    let sum1 = sum_divisors(num1);\n    let sum2 = sum_divisors(num2);\n    sum1 == sum2\n}\n\nfn main() {\n    let candidate = are_equivalent;\n    assert_eq!(candidate(36, 57), false);\n    assert_eq!(candidate(2, 4), false);\n    assert_eq!(candidate(23, 47), true);\n}\n",
      "timestamp": 1665509736,
      "stdout": "",
      "stderr": "error[E0425]: cannot find function `sum_divisors` in this scope\n --> /tmp/tmpiyqowxy_.rs:3:16\n  |\n3 |     let sum1 = sum_divisors(num1);\n  |                ^^^^^^^^^^^^ not found in this scope\n\nerror[E0425]: cannot find function `sum_divisors` in this scope\n --> /tmp/tmpiyqowxy_.rs:4:16\n  |\n4 |     let sum2 = sum_divisors(num2);\n  |                ^^^^^^^^^^^^ not found in this scope\n\nerror: aborting due to 2 previous errors\n\nFor more information about this error, try `rustc --explain E0425`.\n",
      "exit_code": 1,
      "status": "SyntaxError"
    },
    {
      "program": "/// Write a function to determine if the sum of the divisors of two integers are the same.\nfn are_equivalent(num1: isize, num2: isize) -> bool {\n    let divisors1 = divisors(num1);\n    let divisors2 = divisors(num2);\n    divisors1.iter().sum::<isize>() == divisors2.iter().sum::<isize>()\n}\n\nfn main() {\n    let candidate = are_equivalent;\n    assert_eq!(candidate(36, 57), false);\n    assert_eq!(candidate(2, 4), false);\n    assert_eq!(candidate(23, 47), true);\n}\n",
      "timestamp": 1665509736,
      "stdout": "",
      "stderr": "error[E0425]: cannot find function `divisors` in this scope\n --> /tmp/tmpxph2wksj.rs:3:21\n  |\n3 |     let divisors1 = divisors(num1);\n  |                     ^^^^^^^^ not found in this scope\n\nerror[E0425]: cannot find function `divisors` in this scope\n --> /tmp/tmpxph2wksj.rs:4:21\n  |\n4 |     let divisors2 = divisors(num2);\n  |                     ^^^^^^^^ help: a local variable with a similar name exists: `divisors1`\n\nerror: aborting due to 2 previous errors\n\nFor more information about this error, try `rustc --explain E0425`.\n",
      "exit_code": 1,
      "status": "SyntaxError"
    },
    {
      "program": "/// Write a function to determine if the sum of the divisors of two integers are the same.\nfn are_equivalent(num1: isize, num2: isize) -> bool {\n    let sum1 = sum_divisors(num1);\n    let sum2 = sum_divisors(num2);\n    sum1 == sum2\n}\n\nfn main() {\n    let candidate = are_equivalent;\n    assert_eq!(candidate(36, 57), false);\n    assert_eq!(candidate(2, 4), false);\n    assert_eq!(candidate(23, 47), true);\n}\n",
      "timestamp": 1665509736,
      "stdout": "",
      "stderr": "error[E0425]: cannot find function `sum_divisors` in this scope\n --> /tmp/tmpiyqowxy_.rs:3:16\n  |\n3 |     let sum1 = sum_divisors(num1);\n  |                ^^^^^^^^^^^^ not found in this scope\n\nerror[E0425]: cannot find function `sum_divisors` in this scope\n --> /tmp/tmpiyqowxy_.rs:4:16\n  |\n4 |     let sum2 = sum_divisors(num2);\n  |                ^^^^^^^^^^^^ not found in this scope\n\nerror: aborting due to 2 previous errors\n\nFor more information about this error, try `rustc --explain E0425`.\n",
      "exit_code": 1,
      "status": "SyntaxError"
    },
    {
      "program": "/// Write a function to determine if the sum of the divisors of two integers are the same.\nfn are_equivalent(num1: isize, num2: isize) -> bool {\n    let sum1 = sum_of_divisors(num1);\n    let sum2 = sum_of_divisors(num2);\n    sum1 == sum2\n}\n\nfn main() {\n    let candidate = are_equivalent;\n    assert_eq!(candidate(36, 57), false);\n    assert_eq!(candidate(2, 4), false);\n    assert_eq!(candidate(23, 47), true);\n}\n",
      "timestamp": 1665509736,
      "stdout": "",
      "stderr": "error[E0425]: cannot find function `sum_of_divisors` in this scope\n --> /tmp/tmpp4ulezkm.rs:3:16\n  |\n3 |     let sum1 = sum_of_divisors(num1);\n  |                ^^^^^^^^^^^^^^^ not found in this scope\n\nerror[E0425]: cannot find function `sum_of_divisors` in this scope\n --> /tmp/tmpp4ulezkm.rs:4:16\n  |\n4 |     let sum2 = sum_of_divisors(num2);\n  |                ^^^^^^^^^^^^^^^ not found in this scope\n\nerror: aborting due to 2 previous errors\n\nFor more information about this error, try `rustc --explain E0425`.\n",
      "exit_code": 1,
      "status": "SyntaxError"
    },
    {
      "program": "/// Write a function to determine if the sum of the divisors of two integers are the same.\nfn are_equivalent(num1: isize, num2: isize) -> bool {\n    sum_divisors(num1) == sum_divisors(num2)\n}\n\nfn main() {\n    let candidate = are_equivalent;\n    assert_eq!(candidate(36, 57), false);\n    assert_eq!(candidate(2, 4), false);\n    assert_eq!(candidate(23, 47), true);\n}\n",
      "timestamp": 1665509736,
      "stdout": "",
      "stderr": "error[E0425]: cannot find function `sum_divisors` in this scope\n --> /tmp/tmpqsy2wp9e.rs:3:5\n  |\n3 |     sum_divisors(num1) == sum_divisors(num2)\n  |     ^^^^^^^^^^^^ not found in this scope\n\nerror[E0425]: cannot find function `sum_divisors` in this scope\n --> /tmp/tmpqsy2wp9e.rs:3:27\n  |\n3 |     sum_divisors(num1) == sum_divisors(num2)\n  |                           ^^^^^^^^^^^^ not found in this scope\n\nerror: aborting due to 2 previous errors\n\nFor more information about this error, try `rustc --explain E0425`.\n",
      "exit_code": 1,
      "status": "SyntaxError"
    },
    {
      "program": "/// Write a function to determine if the sum of the divisors of two integers are the same.\nfn are_equivalent(num1: isize, num2: isize) -> bool {\n    let sum1 = sum_divisors(num1);\n    let sum2 = sum_divisors(num2);\n    sum1 == sum2\n}\n\nfn main() {\n    let candidate = are_equivalent;\n    assert_eq!(candidate(36, 57), false);\n    assert_eq!(candidate(2, 4), false);\n    assert_eq!(candidate(23, 47), true);\n}\n",
      "timestamp": 1665509736,
      "stdout": "",
      "stderr": "error[E0425]: cannot find function `sum_divisors` in this scope\n --> /tmp/tmpiyqowxy_.rs:3:16\n  |\n3 |     let sum1 = sum_divisors(num1);\n  |                ^^^^^^^^^^^^ not found in this scope\n\nerror[E0425]: cannot find function `sum_divisors` in this scope\n --> /tmp/tmpiyqowxy_.rs:4:16\n  |\n4 |     let sum2 = sum_divisors(num2);\n  |                ^^^^^^^^^^^^ not found in this scope\n\nerror: aborting due to 2 previous errors\n\nFor more information about this error, try `rustc --explain E0425`.\n",
      "exit_code": 1,
      "status": "SyntaxError"
    },
    {
      "program": "/// Write a function to determine if the sum of the divisors of two integers are the same.\nfn are_equivalent(num1: isize, num2: isize) -> bool {\n    let sum1 = sum_divisors(num1);\n    let sum2 = sum_divisors(num2);\n    sum1 == sum2\n}\n\nfn main() {\n    let candidate = are_equivalent;\n    assert_eq!(candidate(36, 57), false);\n    assert_eq!(candidate(2, 4), false);\n    assert_eq!(candidate(23, 47), true);\n}\n",
      "timestamp": 1665509736,
      "stdout": "",
      "stderr": "error[E0425]: cannot find function `sum_divisors` in this scope\n --> /tmp/tmpiyqowxy_.rs:3:16\n  |\n3 |     let sum1 = sum_divisors(num1);\n  |                ^^^^^^^^^^^^ not found in this scope\n\nerror[E0425]: cannot find function `sum_divisors` in this scope\n --> /tmp/tmpiyqowxy_.rs:4:16\n  |\n4 |     let sum2 = sum_divisors(num2);\n  |                ^^^^^^^^^^^^ not found in this scope\n\nerror: aborting due to 2 previous errors\n\nFor more information about this error, try `rustc --explain E0425`.\n",
      "exit_code": 1,
      "status": "SyntaxError"
    },
    {
      "program": "/// Write a function to determine if the sum of the divisors of two integers are the same.\nfn are_equivalent(num1: isize, num2: isize) -> bool {\n    let sum1 = sum_divisors(num1);\n    let sum2 = sum_divisors(num2);\n    sum1 == sum2\n}\n\nfn main() {\n    let candidate = are_equivalent;\n    assert_eq!(candidate(36, 57), false);\n    assert_eq!(candidate(2, 4), false);\n    assert_eq!(candidate(23, 47), true);\n}\n",
      "timestamp": 1665509736,
      "stdout": "",
      "stderr": "error[E0425]: cannot find function `sum_divisors` in this scope\n --> /tmp/tmpiyqowxy_.rs:3:16\n  |\n3 |     let sum1 = sum_divisors(num1);\n  |                ^^^^^^^^^^^^ not found in this scope\n\nerror[E0425]: cannot find function `sum_divisors` in this scope\n --> /tmp/tmpiyqowxy_.rs:4:16\n  |\n4 |     let sum2 = sum_divisors(num2);\n  |                ^^^^^^^^^^^^ not found in this scope\n\nerror: aborting due to 2 previous errors\n\nFor more information about this error, try `rustc --explain E0425`.\n",
      "exit_code": 1,
      "status": "SyntaxError"
    },
    {
      "program": "/// Write a function to determine if the sum of the divisors of two integers are the same.\nfn are_equivalent(num1: isize, num2: isize) -> bool {\n    let divisors1 = get_divisors(num1);\n    let divisors2 = get_divisors(num2);\n    divisors1.iter().sum::<isize>() == divisors2.iter().sum::<isize>()\n}\n\nfn main() {\n    let candidate = are_equivalent;\n    assert_eq!(candidate(36, 57), false);\n    assert_eq!(candidate(2, 4), false);\n    assert_eq!(candidate(23, 47), true);\n}\n",
      "timestamp": 1665509736,
      "stdout": "",
      "stderr": "error[E0425]: cannot find function `get_divisors` in this scope\n --> /tmp/tmp0h7y8mcn.rs:3:21\n  |\n3 |     let divisors1 = get_divisors(num1);\n  |                     ^^^^^^^^^^^^ not found in this scope\n\nerror[E0425]: cannot find function `get_divisors` in this scope\n --> /tmp/tmp0h7y8mcn.rs:4:21\n  |\n4 |     let divisors2 = get_divisors(num2);\n  |                     ^^^^^^^^^^^^ not found in this scope\n\nerror: aborting due to 2 previous errors\n\nFor more information about this error, try `rustc --explain E0425`.\n",
      "exit_code": 1,
      "status": "SyntaxError"
    },
    {
      "program": "/// Write a function to determine if the sum of the divisors of two integers are the same.\nfn are_equivalent(num1: isize, num2: isize) -> bool {\n    let sum1 = sum_divisors(num1);\n    let sum2 = sum_divisors(num2);\n    sum1 == sum2\n}\n\nfn main() {\n    let candidate = are_equivalent;\n    assert_eq!(candidate(36, 57), false);\n    assert_eq!(candidate(2, 4), false);\n    assert_eq!(candidate(23, 47), true);\n}\n",
      "timestamp": 1665509736,
      "stdout": "",
      "stderr": "error[E0425]: cannot find function `sum_divisors` in this scope\n --> /tmp/tmpiyqowxy_.rs:3:16\n  |\n3 |     let sum1 = sum_divisors(num1);\n  |                ^^^^^^^^^^^^ not found in this scope\n\nerror[E0425]: cannot find function `sum_divisors` in this scope\n --> /tmp/tmpiyqowxy_.rs:4:16\n  |\n4 |     let sum2 = sum_divisors(num2);\n  |                ^^^^^^^^^^^^ not found in this scope\n\nerror: aborting due to 2 previous errors\n\nFor more information about this error, try `rustc --explain E0425`.\n",
      "exit_code": 1,
      "status": "SyntaxError"
    },
    {
      "program": "/// Write a function to determine if the sum of the divisors of two integers are the same.\nfn are_equivalent(num1: isize, num2: isize) -> bool {\n    let divisors1 = divisors(num1);\n    let divisors2 = divisors(num2);\n    divisors1.iter().sum::<isize>() == divisors2.iter().sum::<isize>()\n}\n\nfn main() {\n    let candidate = are_equivalent;\n    assert_eq!(candidate(36, 57), false);\n    assert_eq!(candidate(2, 4), false);\n    assert_eq!(candidate(23, 47), true);\n}\n",
      "timestamp": 1665509736,
      "stdout": "",
      "stderr": "error[E0425]: cannot find function `divisors` in this scope\n --> /tmp/tmpxph2wksj.rs:3:21\n  |\n3 |     let divisors1 = divisors(num1);\n  |                     ^^^^^^^^ not found in this scope\n\nerror[E0425]: cannot find function `divisors` in this scope\n --> /tmp/tmpxph2wksj.rs:4:21\n  |\n4 |     let divisors2 = divisors(num2);\n  |                     ^^^^^^^^ help: a local variable with a similar name exists: `divisors1`\n\nerror: aborting due to 2 previous errors\n\nFor more information about this error, try `rustc --explain E0425`.\n",
      "exit_code": 1,
      "status": "SyntaxError"
    },
    {
      "program": "/// Write a function to determine if the sum of the divisors of two integers are the same.\nfn are_equivalent(num1: isize, num2: isize) -> bool {\n    let sum1 = sum_divisors(num1);\n    let sum2 = sum_divisors(num2);\n    sum1 == sum2\n}\n\nfn main() {\n    let candidate = are_equivalent;\n    assert_eq!(candidate(36, 57), false);\n    assert_eq!(candidate(2, 4), false);\n    assert_eq!(candidate(23, 47), true);\n}\n",
      "timestamp": 1665509736,
      "stdout": "",
      "stderr": "error[E0425]: cannot find function `sum_divisors` in this scope\n --> /tmp/tmpiyqowxy_.rs:3:16\n  |\n3 |     let sum1 = sum_divisors(num1);\n  |                ^^^^^^^^^^^^ not found in this scope\n\nerror[E0425]: cannot find function `sum_divisors` in this scope\n --> /tmp/tmpiyqowxy_.rs:4:16\n  |\n4 |     let sum2 = sum_divisors(num2);\n  |                ^^^^^^^^^^^^ not found in this scope\n\nerror: aborting due to 2 previous errors\n\nFor more information about this error, try `rustc --explain E0425`.\n",
      "exit_code": 1,
      "status": "SyntaxError"
    },
    {
      "program": "/// Write a function to determine if the sum of the divisors of two integers are the same.\nfn are_equivalent(num1: isize, num2: isize) -> bool {\n    let divisors1 = get_divisors(num1);\n    let divisors2 = get_divisors(num2);\n    divisors1.iter().sum::<isize>() == divisors2.iter().sum::<isize>()\n}\n\nfn main() {\n    let candidate = are_equivalent;\n    assert_eq!(candidate(36, 57), false);\n    assert_eq!(candidate(2, 4), false);\n    assert_eq!(candidate(23, 47), true);\n}\n",
      "timestamp": 1665509736,
      "stdout": "",
      "stderr": "error[E0425]: cannot find function `get_divisors` in this scope\n --> /tmp/tmp0h7y8mcn.rs:3:21\n  |\n3 |     let divisors1 = get_divisors(num1);\n  |                     ^^^^^^^^^^^^ not found in this scope\n\nerror[E0425]: cannot find function `get_divisors` in this scope\n --> /tmp/tmp0h7y8mcn.rs:4:21\n  |\n4 |     let divisors2 = get_divisors(num2);\n  |                     ^^^^^^^^^^^^ not found in this scope\n\nerror: aborting due to 2 previous errors\n\nFor more information about this error, try `rustc --explain E0425`.\n",
      "exit_code": 1,
      "status": "SyntaxError"
    },
    {
      "program": "/// Write a function to determine if the sum of the divisors of two integers are the same.\nfn are_equivalent(num1: isize, num2: isize) -> bool {\n    let sum1 = sum_divisors(num1);\n    let sum2 = sum_divisors(num2);\n    sum1 == sum2\n}\n\nfn main() {\n    let candidate = are_equivalent;\n    assert_eq!(candidate(36, 57), false);\n    assert_eq!(candidate(2, 4), false);\n    assert_eq!(candidate(23, 47), true);\n}\n",
      "timestamp": 1665509736,
      "stdout": "",
      "stderr": "error[E0425]: cannot find function `sum_divisors` in this scope\n --> /tmp/tmpiyqowxy_.rs:3:16\n  |\n3 |     let sum1 = sum_divisors(num1);\n  |                ^^^^^^^^^^^^ not found in this scope\n\nerror[E0425]: cannot find function `sum_divisors` in this scope\n --> /tmp/tmpiyqowxy_.rs:4:16\n  |\n4 |     let sum2 = sum_divisors(num2);\n  |                ^^^^^^^^^^^^ not found in this scope\n\nerror: aborting due to 2 previous errors\n\nFor more information about this error, try `rustc --explain E0425`.\n",
      "exit_code": 1,
      "status": "SyntaxError"
    },
    {
      "program": "/// Write a function to determine if the sum of the divisors of two integers are the same.\nfn are_equivalent(num1: isize, num2: isize) -> bool {\n    let sum1 = sum_of_divisors(num1);\n    let sum2 = sum_of_divisors(num2);\n    sum1 == sum2\n}\n\nfn main() {\n    let candidate = are_equivalent;\n    assert_eq!(candidate(36, 57), false);\n    assert_eq!(candidate(2, 4), false);\n    assert_eq!(candidate(23, 47), true);\n}\n",
      "timestamp": 1665509736,
      "stdout": "",
      "stderr": "error[E0425]: cannot find function `sum_of_divisors` in this scope\n --> /tmp/tmpp4ulezkm.rs:3:16\n  |\n3 |     let sum1 = sum_of_divisors(num1);\n  |                ^^^^^^^^^^^^^^^ not found in this scope\n\nerror[E0425]: cannot find function `sum_of_divisors` in this scope\n --> /tmp/tmpp4ulezkm.rs:4:16\n  |\n4 |     let sum2 = sum_of_divisors(num2);\n  |                ^^^^^^^^^^^^^^^ not found in this scope\n\nerror: aborting due to 2 previous errors\n\nFor more information about this error, try `rustc --explain E0425`.\n",
      "exit_code": 1,
      "status": "SyntaxError"
    },
    {
      "program": "/// Write a function to determine if the sum of the divisors of two integers are the same.\nfn are_equivalent(num1: isize, num2: isize) -> bool {\n    let sum1 = sum_divisors(num1);\n    let sum2 = sum_divisors(num2);\n    sum1 == sum2\n}\n\nfn main() {\n    let candidate = are_equivalent;\n    assert_eq!(candidate(36, 57), false);\n    assert_eq!(candidate(2, 4), false);\n    assert_eq!(candidate(23, 47), true);\n}\n",
      "timestamp": 1665509736,
      "stdout": "",
      "stderr": "error[E0425]: cannot find function `sum_divisors` in this scope\n --> /tmp/tmpiyqowxy_.rs:3:16\n  |\n3 |     let sum1 = sum_divisors(num1);\n  |                ^^^^^^^^^^^^ not found in this scope\n\nerror[E0425]: cannot find function `sum_divisors` in this scope\n --> /tmp/tmpiyqowxy_.rs:4:16\n  |\n4 |     let sum2 = sum_divisors(num2);\n  |                ^^^^^^^^^^^^ not found in this scope\n\nerror: aborting due to 2 previous errors\n\nFor more information about this error, try `rustc --explain E0425`.\n",
      "exit_code": 1,
      "status": "SyntaxError"
    },
    {
      "program": "/// Write a function to determine if the sum of the divisors of two integers are the same.\nfn are_equivalent(num1: isize, num2: isize) -> bool {\n    let sum1 = sum_divisors(num1);\n    let sum2 = sum_divisors(num2);\n    sum1 == sum2\n}\n\nfn main() {\n    let candidate = are_equivalent;\n    assert_eq!(candidate(36, 57), false);\n    assert_eq!(candidate(2, 4), false);\n    assert_eq!(candidate(23, 47), true);\n}\n",
      "timestamp": 1665509736,
      "stdout": "",
      "stderr": "error[E0425]: cannot find function `sum_divisors` in this scope\n --> /tmp/tmpiyqowxy_.rs:3:16\n  |\n3 |     let sum1 = sum_divisors(num1);\n  |                ^^^^^^^^^^^^ not found in this scope\n\nerror[E0425]: cannot find function `sum_divisors` in this scope\n --> /tmp/tmpiyqowxy_.rs:4:16\n  |\n4 |     let sum2 = sum_divisors(num2);\n  |                ^^^^^^^^^^^^ not found in this scope\n\nerror: aborting due to 2 previous errors\n\nFor more information about this error, try `rustc --explain E0425`.\n",
      "exit_code": 1,
      "status": "SyntaxError"
    },
    {
      "program": "/// Write a function to determine if the sum of the divisors of two integers are the same.\nfn are_equivalent(num1: isize, num2: isize) -> bool {\n    let sum1 = sum_of_divisors(num1);\n    let sum2 = sum_of_divisors(num2);\n    sum1 == sum2\n}\n\nfn main() {\n    let candidate = are_equivalent;\n    assert_eq!(candidate(36, 57), false);\n    assert_eq!(candidate(2, 4), false);\n    assert_eq!(candidate(23, 47), true);\n}\n",
      "timestamp": 1665509736,
      "stdout": "",
      "stderr": "error[E0425]: cannot find function `sum_of_divisors` in this scope\n --> /tmp/tmpp4ulezkm.rs:3:16\n  |\n3 |     let sum1 = sum_of_divisors(num1);\n  |                ^^^^^^^^^^^^^^^ not found in this scope\n\nerror[E0425]: cannot find function `sum_of_divisors` in this scope\n --> /tmp/tmpp4ulezkm.rs:4:16\n  |\n4 |     let sum2 = sum_of_divisors(num2);\n  |                ^^^^^^^^^^^^^^^ not found in this scope\n\nerror: aborting due to 2 previous errors\n\nFor more information about this error, try `rustc --explain E0425`.\n",
      "exit_code": 1,
      "status": "SyntaxError"
    },
    {
      "program": "/// Write a function to determine if the sum of the divisors of two integers are the same.\nfn are_equivalent(num1: isize, num2: isize) -> bool {\n    let sum1 = sum_of_divisors(num1);\n    let sum2 = sum_of_divisors(num2);\n    sum1 == sum2\n}\n\nfn main() {\n    let candidate = are_equivalent;\n    assert_eq!(candidate(36, 57), false);\n    assert_eq!(candidate(2, 4), false);\n    assert_eq!(candidate(23, 47), true);\n}\n",
      "timestamp": 1665509736,
      "stdout": "",
      "stderr": "error[E0425]: cannot find function `sum_of_divisors` in this scope\n --> /tmp/tmpp4ulezkm.rs:3:16\n  |\n3 |     let sum1 = sum_of_divisors(num1);\n  |                ^^^^^^^^^^^^^^^ not found in this scope\n\nerror[E0425]: cannot find function `sum_of_divisors` in this scope\n --> /tmp/tmpp4ulezkm.rs:4:16\n  |\n4 |     let sum2 = sum_of_divisors(num2);\n  |                ^^^^^^^^^^^^^^^ not found in this scope\n\nerror: aborting due to 2 previous errors\n\nFor more information about this error, try `rustc --explain E0425`.\n",
      "exit_code": 1,
      "status": "SyntaxError"
    },
    {
      "program": "/// Write a function to determine if the sum of the divisors of two integers are the same.\nfn are_equivalent(num1: isize, num2: isize) -> bool {\n    let sum1 = sum_of_divisors(num1);\n    let sum2 = sum_of_divisors(num2);\n    sum1 == sum2\n}\n\nfn main() {\n    let candidate = are_equivalent;\n    assert_eq!(candidate(36, 57), false);\n    assert_eq!(candidate(2, 4), false);\n    assert_eq!(candidate(23, 47), true);\n}\n",
      "timestamp": 1665509736,
      "stdout": "",
      "stderr": "error[E0425]: cannot find function `sum_of_divisors` in this scope\n --> /tmp/tmpp4ulezkm.rs:3:16\n  |\n3 |     let sum1 = sum_of_divisors(num1);\n  |                ^^^^^^^^^^^^^^^ not found in this scope\n\nerror[E0425]: cannot find function `sum_of_divisors` in this scope\n --> /tmp/tmpp4ulezkm.rs:4:16\n  |\n4 |     let sum2 = sum_of_divisors(num2);\n  |                ^^^^^^^^^^^^^^^ not found in this scope\n\nerror: aborting due to 2 previous errors\n\nFor more information about this error, try `rustc --explain E0425`.\n",
      "exit_code": 1,
      "status": "SyntaxError"
    },
    {
      "program": "/// Write a function to determine if the sum of the divisors of two integers are the same.\nfn are_equivalent(num1: isize, num2: isize) -> bool {\n    let sum1 = sum_divisors(num1);\n    let sum2 = sum_divisors(num2);\n    sum1 == sum2\n}\n\nfn main() {\n    let candidate = are_equivalent;\n    assert_eq!(candidate(36, 57), false);\n    assert_eq!(candidate(2, 4), false);\n    assert_eq!(candidate(23, 47), true);\n}\n",
      "timestamp": 1665509736,
      "stdout": "",
      "stderr": "error[E0425]: cannot find function `sum_divisors` in this scope\n --> /tmp/tmpiyqowxy_.rs:3:16\n  |\n3 |     let sum1 = sum_divisors(num1);\n  |                ^^^^^^^^^^^^ not found in this scope\n\nerror[E0425]: cannot find function `sum_divisors` in this scope\n --> /tmp/tmpiyqowxy_.rs:4:16\n  |\n4 |     let sum2 = sum_divisors(num2);\n  |                ^^^^^^^^^^^^ not found in this scope\n\nerror: aborting due to 2 previous errors\n\nFor more information about this error, try `rustc --explain E0425`.\n",
      "exit_code": 1,
      "status": "SyntaxError"
    },
    {
      "program": "/// Write a function to determine if the sum of the divisors of two integers are the same.\nfn are_equivalent(num1: isize, num2: isize) -> bool {\n    let divisors1 = divisors(num1);\n    let divisors2 = divisors(num2);\n    divisors1.iter().sum::<isize>() == divisors2.iter().sum::<isize>()\n}\n\nfn main() {\n    let candidate = are_equivalent;\n    assert_eq!(candidate(36, 57), false);\n    assert_eq!(candidate(2, 4), false);\n    assert_eq!(candidate(23, 47), true);\n}\n",
      "timestamp": 1665509736,
      "stdout": "",
      "stderr": "error[E0425]: cannot find function `divisors` in this scope\n --> /tmp/tmpxph2wksj.rs:3:21\n  |\n3 |     let divisors1 = divisors(num1);\n  |                     ^^^^^^^^ not found in this scope\n\nerror[E0425]: cannot find function `divisors` in this scope\n --> /tmp/tmpxph2wksj.rs:4:21\n  |\n4 |     let divisors2 = divisors(num2);\n  |                     ^^^^^^^^ help: a local variable with a similar name exists: `divisors1`\n\nerror: aborting due to 2 previous errors\n\nFor more information about this error, try `rustc --explain E0425`.\n",
      "exit_code": 1,
      "status": "SyntaxError"
    },
    {
      "program": "/// Write a function to determine if the sum of the divisors of two integers are the same.\nfn are_equivalent(num1: isize, num2: isize) -> bool {\n    let sum1 = sum_divisors(num1);\n    let sum2 = sum_divisors(num2);\n    sum1 == sum2\n}\n\nfn main() {\n    let candidate = are_equivalent;\n    assert_eq!(candidate(36, 57), false);\n    assert_eq!(candidate(2, 4), false);\n    assert_eq!(candidate(23, 47), true);\n}\n",
      "timestamp": 1665509736,
      "stdout": "",
      "stderr": "error[E0425]: cannot find function `sum_divisors` in this scope\n --> /tmp/tmpiyqowxy_.rs:3:16\n  |\n3 |     let sum1 = sum_divisors(num1);\n  |                ^^^^^^^^^^^^ not found in this scope\n\nerror[E0425]: cannot find function `sum_divisors` in this scope\n --> /tmp/tmpiyqowxy_.rs:4:16\n  |\n4 |     let sum2 = sum_divisors(num2);\n  |                ^^^^^^^^^^^^ not found in this scope\n\nerror: aborting due to 2 previous errors\n\nFor more information about this error, try `rustc --explain E0425`.\n",
      "exit_code": 1,
      "status": "SyntaxError"
    },
    {
      "program": "/// Write a function to determine if the sum of the divisors of two integers are the same.\nfn are_equivalent(num1: isize, num2: isize) -> bool {\n    let sum1 = sum_of_divisors(num1);\n    let sum2 = sum_of_divisors(num2);\n    sum1 == sum2\n}\n\nfn main() {\n    let candidate = are_equivalent;\n    assert_eq!(candidate(36, 57), false);\n    assert_eq!(candidate(2, 4), false);\n    assert_eq!(candidate(23, 47), true);\n}\n",
      "timestamp": 1665509736,
      "stdout": "",
      "stderr": "error[E0425]: cannot find function `sum_of_divisors` in this scope\n --> /tmp/tmpp4ulezkm.rs:3:16\n  |\n3 |     let sum1 = sum_of_divisors(num1);\n  |                ^^^^^^^^^^^^^^^ not found in this scope\n\nerror[E0425]: cannot find function `sum_of_divisors` in this scope\n --> /tmp/tmpp4ulezkm.rs:4:16\n  |\n4 |     let sum2 = sum_of_divisors(num2);\n  |                ^^^^^^^^^^^^^^^ not found in this scope\n\nerror: aborting due to 2 previous errors\n\nFor more information about this error, try `rustc --explain E0425`.\n",
      "exit_code": 1,
      "status": "SyntaxError"
    },
    {
      "program": "/// Write a function to determine if the sum of the divisors of two integers are the same.\nfn are_equivalent(num1: isize, num2: isize) -> bool {\n    let divisors1 = get_divisors(num1);\n    let divisors2 = get_divisors(num2);\n    let sum1 = divisors1.iter().fold(0, |acc, x| acc + x);\n    let sum2 = divisors2.iter().fold(0, |acc, x| acc + x);\n    sum1 == sum2\n}\n\nfn main() {\n    let candidate = are_equivalent;\n    assert_eq!(candidate(36, 57), false);\n    assert_eq!(candidate(2, 4), false);\n    assert_eq!(candidate(23, 47), true);\n}\n",
      "timestamp": 1666123978,
      "stdout": "",
      "stderr": "error[E0425]: cannot find function `get_divisors` in this scope\n --> /tmp/tmpht7ao57w.rs:3:21\n  |\n3 |     let divisors1 = get_divisors(num1);\n  |                     ^^^^^^^^^^^^ not found in this scope\n\nerror[E0425]: cannot find function `get_divisors` in this scope\n --> /tmp/tmpht7ao57w.rs:4:21\n  |\n4 |     let divisors2 = get_divisors(num2);\n  |                     ^^^^^^^^^^^^ not found in this scope\n\nerror: aborting due to 2 previous errors\n\nFor more information about this error, try `rustc --explain E0425`.\n",
      "exit_code": 1,
      "status": "SyntaxError"
    },
    {
      "program": "/// Write a function to determine if the sum of the divisors of two integers are the same.\nfn are_equivalent(num1: isize, num2: isize) -> bool {\n    let sum1 = sum_divisors(num1);\n    let sum2 = sum_divisors(num2);\n    sum1 == sum2\n}\n\nfn main() {\n    let candidate = are_equivalent;\n    assert_eq!(candidate(36, 57), false);\n    assert_eq!(candidate(2, 4), false);\n    assert_eq!(candidate(23, 47), true);\n}\n",
      "timestamp": 1665509736,
      "stdout": "",
      "stderr": "error[E0425]: cannot find function `sum_divisors` in this scope\n --> /tmp/tmpiyqowxy_.rs:3:16\n  |\n3 |     let sum1 = sum_divisors(num1);\n  |                ^^^^^^^^^^^^ not found in this scope\n\nerror[E0425]: cannot find function `sum_divisors` in this scope\n --> /tmp/tmpiyqowxy_.rs:4:16\n  |\n4 |     let sum2 = sum_divisors(num2);\n  |                ^^^^^^^^^^^^ not found in this scope\n\nerror: aborting due to 2 previous errors\n\nFor more information about this error, try `rustc --explain E0425`.\n",
      "exit_code": 1,
      "status": "SyntaxError"
    },
    {
      "program": "/// Write a function to determine if the sum of the divisors of two integers are the same.\nfn are_equivalent(num1: isize, num2: isize) -> bool {\n    let sum1 = sum_divisors(num1);\n    let sum2 = sum_divisors(num2);\n    sum1 == sum2\n}\n\nfn main() {\n    let candidate = are_equivalent;\n    assert_eq!(candidate(36, 57), false);\n    assert_eq!(candidate(2, 4), false);\n    assert_eq!(candidate(23, 47), true);\n}\n",
      "timestamp": 1665509736,
      "stdout": "",
      "stderr": "error[E0425]: cannot find function `sum_divisors` in this scope\n --> /tmp/tmpiyqowxy_.rs:3:16\n  |\n3 |     let sum1 = sum_divisors(num1);\n  |                ^^^^^^^^^^^^ not found in this scope\n\nerror[E0425]: cannot find function `sum_divisors` in this scope\n --> /tmp/tmpiyqowxy_.rs:4:16\n  |\n4 |     let sum2 = sum_divisors(num2);\n  |                ^^^^^^^^^^^^ not found in this scope\n\nerror: aborting due to 2 previous errors\n\nFor more information about this error, try `rustc --explain E0425`.\n",
      "exit_code": 1,
      "status": "SyntaxError"
    },
    {
      "program": "/// Write a function to determine if the sum of the divisors of two integers are the same.\nfn are_equivalent(num1: isize, num2: isize) -> bool {\n    let sum1 = sum_divisors(num1);\n    let sum2 = sum_divisors(num2);\n\n    sum1 == sum2\n}\n\nfn main() {\n    let candidate = are_equivalent;\n    assert_eq!(candidate(36, 57), false);\n    assert_eq!(candidate(2, 4), false);\n    assert_eq!(candidate(23, 47), true);\n}\n",
      "timestamp": 1666123978,
      "stdout": "",
      "stderr": "error[E0425]: cannot find function `sum_divisors` in this scope\n --> /tmp/tmpylikdxk4.rs:3:16\n  |\n3 |     let sum1 = sum_divisors(num1);\n  |                ^^^^^^^^^^^^ not found in this scope\n\nerror[E0425]: cannot find function `sum_divisors` in this scope\n --> /tmp/tmpylikdxk4.rs:4:16\n  |\n4 |     let sum2 = sum_divisors(num2);\n  |                ^^^^^^^^^^^^ not found in this scope\n\nerror: aborting due to 2 previous errors\n\nFor more information about this error, try `rustc --explain E0425`.\n",
      "exit_code": 1,
      "status": "SyntaxError"
    },
    {
      "program": "/// Write a function to determine if the sum of the divisors of two integers are the same.\nfn are_equivalent(num1: isize, num2: isize) -> bool {\n    let divisors1 = divisors(num1);\n    let divisors2 = divisors(num2);\n    divisors1.iter().sum::<isize>() == divisors2.iter().sum::<isize>()\n}\n\nfn main() {\n    let candidate = are_equivalent;\n    assert_eq!(candidate(36, 57), false);\n    assert_eq!(candidate(2, 4), false);\n    assert_eq!(candidate(23, 47), true);\n}\n",
      "timestamp": 1665509736,
      "stdout": "",
      "stderr": "error[E0425]: cannot find function `divisors` in this scope\n --> /tmp/tmpxph2wksj.rs:3:21\n  |\n3 |     let divisors1 = divisors(num1);\n  |                     ^^^^^^^^ not found in this scope\n\nerror[E0425]: cannot find function `divisors` in this scope\n --> /tmp/tmpxph2wksj.rs:4:21\n  |\n4 |     let divisors2 = divisors(num2);\n  |                     ^^^^^^^^ help: a local variable with a similar name exists: `divisors1`\n\nerror: aborting due to 2 previous errors\n\nFor more information about this error, try `rustc --explain E0425`.\n",
      "exit_code": 1,
      "status": "SyntaxError"
    },
    {
      "program": "/// Write a function to determine if the sum of the divisors of two integers are the same.\nfn are_equivalent(num1: isize, num2: isize) -> bool {\n    let sum1 = sum_divisors(num1);\n    let sum2 = sum_divisors(num2);\n    sum1 == sum2\n}\n\nfn main() {\n    let candidate = are_equivalent;\n    assert_eq!(candidate(36, 57), false);\n    assert_eq!(candidate(2, 4), false);\n    assert_eq!(candidate(23, 47), true);\n}\n",
      "timestamp": 1665509736,
      "stdout": "",
      "stderr": "error[E0425]: cannot find function `sum_divisors` in this scope\n --> /tmp/tmpiyqowxy_.rs:3:16\n  |\n3 |     let sum1 = sum_divisors(num1);\n  |                ^^^^^^^^^^^^ not found in this scope\n\nerror[E0425]: cannot find function `sum_divisors` in this scope\n --> /tmp/tmpiyqowxy_.rs:4:16\n  |\n4 |     let sum2 = sum_divisors(num2);\n  |                ^^^^^^^^^^^^ not found in this scope\n\nerror: aborting due to 2 previous errors\n\nFor more information about this error, try `rustc --explain E0425`.\n",
      "exit_code": 1,
      "status": "SyntaxError"
    },
    {
      "program": "/// Write a function to determine if the sum of the divisors of two integers are the same.\nfn are_equivalent(num1: isize, num2: isize) -> bool {\n    let sum1 = sum_divisors(num1);\n    let sum2 = sum_divisors(num2);\n    sum1 == sum2\n}\n\nfn main() {\n    let candidate = are_equivalent;\n    assert_eq!(candidate(36, 57), false);\n    assert_eq!(candidate(2, 4), false);\n    assert_eq!(candidate(23, 47), true);\n}\n",
      "timestamp": 1665509736,
      "stdout": "",
      "stderr": "error[E0425]: cannot find function `sum_divisors` in this scope\n --> /tmp/tmpiyqowxy_.rs:3:16\n  |\n3 |     let sum1 = sum_divisors(num1);\n  |                ^^^^^^^^^^^^ not found in this scope\n\nerror[E0425]: cannot find function `sum_divisors` in this scope\n --> /tmp/tmpiyqowxy_.rs:4:16\n  |\n4 |     let sum2 = sum_divisors(num2);\n  |                ^^^^^^^^^^^^ not found in this scope\n\nerror: aborting due to 2 previous errors\n\nFor more information about this error, try `rustc --explain E0425`.\n",
      "exit_code": 1,
      "status": "SyntaxError"
    },
    {
      "program": "/// Write a function to determine if the sum of the divisors of two integers are the same.\nfn are_equivalent(num1: isize, num2: isize) -> bool {\n    let sum1 = sum_divisors(num1);\n    let sum2 = sum_divisors(num2);\n    sum1 == sum2\n}\n\nfn main() {\n    let candidate = are_equivalent;\n    assert_eq!(candidate(36, 57), false);\n    assert_eq!(candidate(2, 4), false);\n    assert_eq!(candidate(23, 47), true);\n}\n",
      "timestamp": 1665509736,
      "stdout": "",
      "stderr": "error[E0425]: cannot find function `sum_divisors` in this scope\n --> /tmp/tmpiyqowxy_.rs:3:16\n  |\n3 |     let sum1 = sum_divisors(num1);\n  |                ^^^^^^^^^^^^ not found in this scope\n\nerror[E0425]: cannot find function `sum_divisors` in this scope\n --> /tmp/tmpiyqowxy_.rs:4:16\n  |\n4 |     let sum2 = sum_divisors(num2);\n  |                ^^^^^^^^^^^^ not found in this scope\n\nerror: aborting due to 2 previous errors\n\nFor more information about this error, try `rustc --explain E0425`.\n",
      "exit_code": 1,
      "status": "SyntaxError"
    },
    {
      "program": "/// Write a function to determine if the sum of the divisors of two integers are the same.\nfn are_equivalent(num1: isize, num2: isize) -> bool {\n    let sum1 = sum_divisors(num1);\n    let sum2 = sum_divisors(num2);\n    sum1 == sum2\n}\n\nfn main() {\n    let candidate = are_equivalent;\n    assert_eq!(candidate(36, 57), false);\n    assert_eq!(candidate(2, 4), false);\n    assert_eq!(candidate(23, 47), true);\n}\n",
      "timestamp": 1665509736,
      "stdout": "",
      "stderr": "error[E0425]: cannot find function `sum_divisors` in this scope\n --> /tmp/tmpiyqowxy_.rs:3:16\n  |\n3 |     let sum1 = sum_divisors(num1);\n  |                ^^^^^^^^^^^^ not found in this scope\n\nerror[E0425]: cannot find function `sum_divisors` in this scope\n --> /tmp/tmpiyqowxy_.rs:4:16\n  |\n4 |     let sum2 = sum_divisors(num2);\n  |                ^^^^^^^^^^^^ not found in this scope\n\nerror: aborting due to 2 previous errors\n\nFor more information about this error, try `rustc --explain E0425`.\n",
      "exit_code": 1,
      "status": "SyntaxError"
    },
    {
      "program": "/// Write a function to determine if the sum of the divisors of two integers are the same.\nfn are_equivalent(num1: isize, num2: isize) -> bool {\n    let sum1 = sum_divisors(num1);\n    let sum2 = sum_divisors(num2);\n    sum1 == sum2\n}\n\nfn main() {\n    let candidate = are_equivalent;\n    assert_eq!(candidate(36, 57), false);\n    assert_eq!(candidate(2, 4), false);\n    assert_eq!(candidate(23, 47), true);\n}\n",
      "timestamp": 1665509736,
      "stdout": "",
      "stderr": "error[E0425]: cannot find function `sum_divisors` in this scope\n --> /tmp/tmpiyqowxy_.rs:3:16\n  |\n3 |     let sum1 = sum_divisors(num1);\n  |                ^^^^^^^^^^^^ not found in this scope\n\nerror[E0425]: cannot find function `sum_divisors` in this scope\n --> /tmp/tmpiyqowxy_.rs:4:16\n  |\n4 |     let sum2 = sum_divisors(num2);\n  |                ^^^^^^^^^^^^ not found in this scope\n\nerror: aborting due to 2 previous errors\n\nFor more information about this error, try `rustc --explain E0425`.\n",
      "exit_code": 1,
      "status": "SyntaxError"
    },
    {
      "program": "/// Write a function to determine if the sum of the divisors of two integers are the same.\nfn are_equivalent(num1: isize, num2: isize) -> bool {\n    let sum1 = sum_divisors(num1);\n    let sum2 = sum_divisors(num2);\n    sum1 == sum2\n}\n\nfn main() {\n    let candidate = are_equivalent;\n    assert_eq!(candidate(36, 57), false);\n    assert_eq!(candidate(2, 4), false);\n    assert_eq!(candidate(23, 47), true);\n}\n",
      "timestamp": 1665509736,
      "stdout": "",
      "stderr": "error[E0425]: cannot find function `sum_divisors` in this scope\n --> /tmp/tmpiyqowxy_.rs:3:16\n  |\n3 |     let sum1 = sum_divisors(num1);\n  |                ^^^^^^^^^^^^ not found in this scope\n\nerror[E0425]: cannot find function `sum_divisors` in this scope\n --> /tmp/tmpiyqowxy_.rs:4:16\n  |\n4 |     let sum2 = sum_divisors(num2);\n  |                ^^^^^^^^^^^^ not found in this scope\n\nerror: aborting due to 2 previous errors\n\nFor more information about this error, try `rustc --explain E0425`.\n",
      "exit_code": 1,
      "status": "SyntaxError"
    },
    {
      "program": "/// Write a function to determine if the sum of the divisors of two integers are the same.\nfn are_equivalent(num1: isize, num2: isize) -> bool {\n    let sum_divisors1 = sum_divisors(num1);\n    let sum_divisors2 = sum_divisors(num2);\n    sum_divisors1 == sum_divisors2\n}\n\nfn main() {\n    let candidate = are_equivalent;\n    assert_eq!(candidate(36, 57), false);\n    assert_eq!(candidate(2, 4), false);\n    assert_eq!(candidate(23, 47), true);\n}\n",
      "timestamp": 1666123978,
      "stdout": "",
      "stderr": "error[E0425]: cannot find function `sum_divisors` in this scope\n --> /tmp/tmp46cutz7b.rs:3:25\n  |\n3 |     let sum_divisors1 = sum_divisors(num1);\n  |                         ^^^^^^^^^^^^ not found in this scope\n\nerror[E0425]: cannot find function `sum_divisors` in this scope\n --> /tmp/tmp46cutz7b.rs:4:25\n  |\n4 |     let sum_divisors2 = sum_divisors(num2);\n  |                         ^^^^^^^^^^^^ help: a local variable with a similar name exists: `sum_divisors1`\n\nerror: aborting due to 2 previous errors\n\nFor more information about this error, try `rustc --explain E0425`.\n",
      "exit_code": 1,
      "status": "SyntaxError"
    },
    {
      "program": "/// Write a function to determine if the sum of the divisors of two integers are the same.\nfn are_equivalent(num1: isize, num2: isize) -> bool {\n    let sum1 = sum_of_divisors(num1);\n    let sum2 = sum_of_divisors(num2);\n    sum1 == sum2\n}\n\nfn main() {\n    let candidate = are_equivalent;\n    assert_eq!(candidate(36, 57), false);\n    assert_eq!(candidate(2, 4), false);\n    assert_eq!(candidate(23, 47), true);\n}\n",
      "timestamp": 1665509736,
      "stdout": "",
      "stderr": "error[E0425]: cannot find function `sum_of_divisors` in this scope\n --> /tmp/tmpp4ulezkm.rs:3:16\n  |\n3 |     let sum1 = sum_of_divisors(num1);\n  |                ^^^^^^^^^^^^^^^ not found in this scope\n\nerror[E0425]: cannot find function `sum_of_divisors` in this scope\n --> /tmp/tmpp4ulezkm.rs:4:16\n  |\n4 |     let sum2 = sum_of_divisors(num2);\n  |                ^^^^^^^^^^^^^^^ not found in this scope\n\nerror: aborting due to 2 previous errors\n\nFor more information about this error, try `rustc --explain E0425`.\n",
      "exit_code": 1,
      "status": "SyntaxError"
    },
    {
      "program": "/// Write a function to determine if the sum of the divisors of two integers are the same.\nfn are_equivalent(num1: isize, num2: isize) -> bool {\n    let sum1 = sum_divisors(num1);\n    let sum2 = sum_divisors(num2);\n    sum1 == sum2\n}\n\nfn main() {\n    let candidate = are_equivalent;\n    assert_eq!(candidate(36, 57), false);\n    assert_eq!(candidate(2, 4), false);\n    assert_eq!(candidate(23, 47), true);\n}\n",
      "timestamp": 1665509736,
      "stdout": "",
      "stderr": "error[E0425]: cannot find function `sum_divisors` in this scope\n --> /tmp/tmpiyqowxy_.rs:3:16\n  |\n3 |     let sum1 = sum_divisors(num1);\n  |                ^^^^^^^^^^^^ not found in this scope\n\nerror[E0425]: cannot find function `sum_divisors` in this scope\n --> /tmp/tmpiyqowxy_.rs:4:16\n  |\n4 |     let sum2 = sum_divisors(num2);\n  |                ^^^^^^^^^^^^ not found in this scope\n\nerror: aborting due to 2 previous errors\n\nFor more information about this error, try `rustc --explain E0425`.\n",
      "exit_code": 1,
      "status": "SyntaxError"
    },
    {
      "program": "/// Write a function to determine if the sum of the divisors of two integers are the same.\nfn are_equivalent(num1: isize, num2: isize) -> bool {\n    let mut sum1 = 0;\n    let mut sum2 = 0;\n    for i in 1..num1 {\n        if num1 % i == 0 {\n            sum1 += i;\n        }\n    }\n    for i in 1..num2 {\n        if num2 % i == 0 {\n            sum2 += i;\n        }\n    }\n    sum1 == sum2\n}\n\nfn main() {\n    let candidate = are_equivalent;\n    assert_eq!(candidate(36, 57), false);\n    assert_eq!(candidate(2, 4), false);\n    assert_eq!(candidate(23, 47), true);\n}\n",
      "timestamp": 1666123979,
      "stdout": "",
      "stderr": "",
      "exit_code": 0,
      "status": "OK"
    },
    {
      "program": "/// Write a function to determine if the sum of the divisors of two integers are the same.\nfn are_equivalent(num1: isize, num2: isize) -> bool {\n    let divisors1 = divisors(num1);\n    let divisors2 = divisors(num2);\n    divisors1.iter().sum::<isize>() == divisors2.iter().sum::<isize>()\n}\n\nfn main() {\n    let candidate = are_equivalent;\n    assert_eq!(candidate(36, 57), false);\n    assert_eq!(candidate(2, 4), false);\n    assert_eq!(candidate(23, 47), true);\n}\n",
      "timestamp": 1665509736,
      "stdout": "",
      "stderr": "error[E0425]: cannot find function `divisors` in this scope\n --> /tmp/tmpxph2wksj.rs:3:21\n  |\n3 |     let divisors1 = divisors(num1);\n  |                     ^^^^^^^^ not found in this scope\n\nerror[E0425]: cannot find function `divisors` in this scope\n --> /tmp/tmpxph2wksj.rs:4:21\n  |\n4 |     let divisors2 = divisors(num2);\n  |                     ^^^^^^^^ help: a local variable with a similar name exists: `divisors1`\n\nerror: aborting due to 2 previous errors\n\nFor more information about this error, try `rustc --explain E0425`.\n",
      "exit_code": 1,
      "status": "SyntaxError"
    },
    {
      "program": "/// Write a function to determine if the sum of the divisors of two integers are the same.\nfn are_equivalent(num1: isize, num2: isize) -> bool {\n    let sum1 = sum_divisors(num1);\n    let sum2 = sum_divisors(num2);\n    sum1 == sum2\n}\n\nfn main() {\n    let candidate = are_equivalent;\n    assert_eq!(candidate(36, 57), false);\n    assert_eq!(candidate(2, 4), false);\n    assert_eq!(candidate(23, 47), true);\n}\n",
      "timestamp": 1665509736,
      "stdout": "",
      "stderr": "error[E0425]: cannot find function `sum_divisors` in this scope\n --> /tmp/tmpiyqowxy_.rs:3:16\n  |\n3 |     let sum1 = sum_divisors(num1);\n  |                ^^^^^^^^^^^^ not found in this scope\n\nerror[E0425]: cannot find function `sum_divisors` in this scope\n --> /tmp/tmpiyqowxy_.rs:4:16\n  |\n4 |     let sum2 = sum_divisors(num2);\n  |                ^^^^^^^^^^^^ not found in this scope\n\nerror: aborting due to 2 previous errors\n\nFor more information about this error, try `rustc --explain E0425`.\n",
      "exit_code": 1,
      "status": "SyntaxError"
    },
    {
      "program": "/// Write a function to determine if the sum of the divisors of two integers are the same.\nfn are_equivalent(num1: isize, num2: isize) -> bool {\n    let divisors1 = get_divisors(num1);\n    let divisors2 = get_divisors(num2);\n    let sum1 = divisors1.iter().sum();\n    let sum2 = divisors2.iter().sum();\n    sum1 == sum2\n}\n\nfn main() {\n    let candidate = are_equivalent;\n    assert_eq!(candidate(36, 57), false);\n    assert_eq!(candidate(2, 4), false);\n    assert_eq!(candidate(23, 47), true);\n}\n",
      "timestamp": 1666123978,
      "stdout": "",
      "stderr": "error[E0425]: cannot find function `get_divisors` in this scope\n --> /tmp/tmpo1dijxzm.rs:3:21\n  |\n3 |     let divisors1 = get_divisors(num1);\n  |                     ^^^^^^^^^^^^ not found in this scope\n\nerror[E0425]: cannot find function `get_divisors` in this scope\n --> /tmp/tmpo1dijxzm.rs:4:21\n  |\n4 |     let divisors2 = get_divisors(num2);\n  |                     ^^^^^^^^^^^^ not found in this scope\n\nerror: aborting due to 2 previous errors\n\nFor more information about this error, try `rustc --explain E0425`.\n",
      "exit_code": 1,
      "status": "SyntaxError"
    },
    {
      "program": "/// Write a function to determine if the sum of the divisors of two integers are the same.\nfn are_equivalent(num1: isize, num2: isize) -> bool {\n    let div1 = divisors(num1);\n    let div2 = divisors(num2);\n    div1.iter().sum::<isize>() == div2.iter().sum::<isize>()\n}\n\nfn main() {\n    let candidate = are_equivalent;\n    assert_eq!(candidate(36, 57), false);\n    assert_eq!(candidate(2, 4), false);\n    assert_eq!(candidate(23, 47), true);\n}\n",
      "timestamp": 1666123978,
      "stdout": "",
      "stderr": "error[E0425]: cannot find function `divisors` in this scope\n --> /tmp/tmppncgdqxf.rs:3:16\n  |\n3 |     let div1 = divisors(num1);\n  |                ^^^^^^^^ not found in this scope\n\nerror[E0425]: cannot find function `divisors` in this scope\n --> /tmp/tmppncgdqxf.rs:4:16\n  |\n4 |     let div2 = divisors(num2);\n  |                ^^^^^^^^ not found in this scope\n\nerror: aborting due to 2 previous errors\n\nFor more information about this error, try `rustc --explain E0425`.\n",
      "exit_code": 1,
      "status": "SyntaxError"
    },
    {
      "program": "/// Write a function to determine if the sum of the divisors of two integers are the same.\nfn are_equivalent(num1: isize, num2: isize) -> bool {\n    let sum1 = sum_divisors(num1);\n    let sum2 = sum_divisors(num2);\n    sum1 == sum2\n}\n\nfn main() {\n    let candidate = are_equivalent;\n    assert_eq!(candidate(36, 57), false);\n    assert_eq!(candidate(2, 4), false);\n    assert_eq!(candidate(23, 47), true);\n}\n",
      "timestamp": 1665509736,
      "stdout": "",
      "stderr": "error[E0425]: cannot find function `sum_divisors` in this scope\n --> /tmp/tmpiyqowxy_.rs:3:16\n  |\n3 |     let sum1 = sum_divisors(num1);\n  |                ^^^^^^^^^^^^ not found in this scope\n\nerror[E0425]: cannot find function `sum_divisors` in this scope\n --> /tmp/tmpiyqowxy_.rs:4:16\n  |\n4 |     let sum2 = sum_divisors(num2);\n  |                ^^^^^^^^^^^^ not found in this scope\n\nerror: aborting due to 2 previous errors\n\nFor more information about this error, try `rustc --explain E0425`.\n",
      "exit_code": 1,
      "status": "SyntaxError"
    },
    {
      "program": "/// Write a function to determine if the sum of the divisors of two integers are the same.\nfn are_equivalent(num1: isize, num2: isize) -> bool {\n    let sum1 = sum_divisors(num1);\n    let sum2 = sum_divisors(num2);\n    sum1 == sum2\n}\n\nfn main() {\n    let candidate = are_equivalent;\n    assert_eq!(candidate(36, 57), false);\n    assert_eq!(candidate(2, 4), false);\n    assert_eq!(candidate(23, 47), true);\n}\n",
      "timestamp": 1665509736,
      "stdout": "",
      "stderr": "error[E0425]: cannot find function `sum_divisors` in this scope\n --> /tmp/tmpiyqowxy_.rs:3:16\n  |\n3 |     let sum1 = sum_divisors(num1);\n  |                ^^^^^^^^^^^^ not found in this scope\n\nerror[E0425]: cannot find function `sum_divisors` in this scope\n --> /tmp/tmpiyqowxy_.rs:4:16\n  |\n4 |     let sum2 = sum_divisors(num2);\n  |                ^^^^^^^^^^^^ not found in this scope\n\nerror: aborting due to 2 previous errors\n\nFor more information about this error, try `rustc --explain E0425`.\n",
      "exit_code": 1,
      "status": "SyntaxError"
    },
    {
      "program": "/// Write a function to determine if the sum of the divisors of two integers are the same.\nfn are_equivalent(num1: isize, num2: isize) -> bool {\n    let divisors1 = get_divisors(num1);\n    let divisors2 = get_divisors(num2);\n    divisors1.iter().sum::<isize>() == divisors2.iter().sum::<isize>()\n}\n\nfn main() {\n    let candidate = are_equivalent;\n    assert_eq!(candidate(36, 57), false);\n    assert_eq!(candidate(2, 4), false);\n    assert_eq!(candidate(23, 47), true);\n}\n",
      "timestamp": 1665509736,
      "stdout": "",
      "stderr": "error[E0425]: cannot find function `get_divisors` in this scope\n --> /tmp/tmp0h7y8mcn.rs:3:21\n  |\n3 |     let divisors1 = get_divisors(num1);\n  |                     ^^^^^^^^^^^^ not found in this scope\n\nerror[E0425]: cannot find function `get_divisors` in this scope\n --> /tmp/tmp0h7y8mcn.rs:4:21\n  |\n4 |     let divisors2 = get_divisors(num2);\n  |                     ^^^^^^^^^^^^ not found in this scope\n\nerror: aborting due to 2 previous errors\n\nFor more information about this error, try `rustc --explain E0425`.\n",
      "exit_code": 1,
      "status": "SyntaxError"
    },
    {
      "program": "/// Write a function to determine if the sum of the divisors of two integers are the same.\nfn are_equivalent(num1: isize, num2: isize) -> bool {\n    let divisors1 = divisors(num1);\n    let divisors2 = divisors(num2);\n    divisors1.iter().sum::<isize>() == divisors2.iter().sum::<isize>()\n}\n\nfn main() {\n    let candidate = are_equivalent;\n    assert_eq!(candidate(36, 57), false);\n    assert_eq!(candidate(2, 4), false);\n    assert_eq!(candidate(23, 47), true);\n}\n",
      "timestamp": 1665509736,
      "stdout": "",
      "stderr": "error[E0425]: cannot find function `divisors` in this scope\n --> /tmp/tmpxph2wksj.rs:3:21\n  |\n3 |     let divisors1 = divisors(num1);\n  |                     ^^^^^^^^ not found in this scope\n\nerror[E0425]: cannot find function `divisors` in this scope\n --> /tmp/tmpxph2wksj.rs:4:21\n  |\n4 |     let divisors2 = divisors(num2);\n  |                     ^^^^^^^^ help: a local variable with a similar name exists: `divisors1`\n\nerror: aborting due to 2 previous errors\n\nFor more information about this error, try `rustc --explain E0425`.\n",
      "exit_code": 1,
      "status": "SyntaxError"
    },
    {
      "program": "/// Write a function to determine if the sum of the divisors of two integers are the same.\nfn are_equivalent(num1: isize, num2: isize) -> bool {\n    let sum1 = sum_divisors(num1);\n    let sum2 = sum_divisors(num2);\n    sum1 == sum2\n}\n\nfn main() {\n    let candidate = are_equivalent;\n    assert_eq!(candidate(36, 57), false);\n    assert_eq!(candidate(2, 4), false);\n    assert_eq!(candidate(23, 47), true);\n}\n",
      "timestamp": 1665509736,
      "stdout": "",
      "stderr": "error[E0425]: cannot find function `sum_divisors` in this scope\n --> /tmp/tmpiyqowxy_.rs:3:16\n  |\n3 |     let sum1 = sum_divisors(num1);\n  |                ^^^^^^^^^^^^ not found in this scope\n\nerror[E0425]: cannot find function `sum_divisors` in this scope\n --> /tmp/tmpiyqowxy_.rs:4:16\n  |\n4 |     let sum2 = sum_divisors(num2);\n  |                ^^^^^^^^^^^^ not found in this scope\n\nerror: aborting due to 2 previous errors\n\nFor more information about this error, try `rustc --explain E0425`.\n",
      "exit_code": 1,
      "status": "SyntaxError"
    },
    {
      "program": "/// Write a function to determine if the sum of the divisors of two integers are the same.\nfn are_equivalent(num1: isize, num2: isize) -> bool {\n    let sum1 = sum_of_divisors(num1);\n    let sum2 = sum_of_divisors(num2);\n    sum1 == sum2\n}\n\nfn main() {\n    let candidate = are_equivalent;\n    assert_eq!(candidate(36, 57), false);\n    assert_eq!(candidate(2, 4), false);\n    assert_eq!(candidate(23, 47), true);\n}\n",
      "timestamp": 1665509736,
      "stdout": "",
      "stderr": "error[E0425]: cannot find function `sum_of_divisors` in this scope\n --> /tmp/tmpp4ulezkm.rs:3:16\n  |\n3 |     let sum1 = sum_of_divisors(num1);\n  |                ^^^^^^^^^^^^^^^ not found in this scope\n\nerror[E0425]: cannot find function `sum_of_divisors` in this scope\n --> /tmp/tmpp4ulezkm.rs:4:16\n  |\n4 |     let sum2 = sum_of_divisors(num2);\n  |                ^^^^^^^^^^^^^^^ not found in this scope\n\nerror: aborting due to 2 previous errors\n\nFor more information about this error, try `rustc --explain E0425`.\n",
      "exit_code": 1,
      "status": "SyntaxError"
    },
    {
      "program": "/// Write a function to determine if the sum of the divisors of two integers are the same.\nfn are_equivalent(num1: isize, num2: isize) -> bool {\n    let sum_divisors1 = sum_divisors(num1);\n    let sum_divisors2 = sum_divisors(num2);\n    sum_divisors1 == sum_divisors2\n}\n\nfn main() {\n    let candidate = are_equivalent;\n    assert_eq!(candidate(36, 57), false);\n    assert_eq!(candidate(2, 4), false);\n    assert_eq!(candidate(23, 47), true);\n}\n",
      "timestamp": 1666123978,
      "stdout": "",
      "stderr": "error[E0425]: cannot find function `sum_divisors` in this scope\n --> /tmp/tmp46cutz7b.rs:3:25\n  |\n3 |     let sum_divisors1 = sum_divisors(num1);\n  |                         ^^^^^^^^^^^^ not found in this scope\n\nerror[E0425]: cannot find function `sum_divisors` in this scope\n --> /tmp/tmp46cutz7b.rs:4:25\n  |\n4 |     let sum_divisors2 = sum_divisors(num2);\n  |                         ^^^^^^^^^^^^ help: a local variable with a similar name exists: `sum_divisors1`\n\nerror: aborting due to 2 previous errors\n\nFor more information about this error, try `rustc --explain E0425`.\n",
      "exit_code": 1,
      "status": "SyntaxError"
    },
    {
      "program": "/// Write a function to determine if the sum of the divisors of two integers are the same.\nfn are_equivalent(num1: isize, num2: isize) -> bool {\n    let sum1 = sum_divisors(num1);\n    let sum2 = sum_divisors(num2);\n    sum1 == sum2\n}\n\nfn main() {\n    let candidate = are_equivalent;\n    assert_eq!(candidate(36, 57), false);\n    assert_eq!(candidate(2, 4), false);\n    assert_eq!(candidate(23, 47), true);\n}\n",
      "timestamp": 1665509736,
      "stdout": "",
      "stderr": "error[E0425]: cannot find function `sum_divisors` in this scope\n --> /tmp/tmpiyqowxy_.rs:3:16\n  |\n3 |     let sum1 = sum_divisors(num1);\n  |                ^^^^^^^^^^^^ not found in this scope\n\nerror[E0425]: cannot find function `sum_divisors` in this scope\n --> /tmp/tmpiyqowxy_.rs:4:16\n  |\n4 |     let sum2 = sum_divisors(num2);\n  |                ^^^^^^^^^^^^ not found in this scope\n\nerror: aborting due to 2 previous errors\n\nFor more information about this error, try `rustc --explain E0425`.\n",
      "exit_code": 1,
      "status": "SyntaxError"
    },
    {
      "program": "/// Write a function to determine if the sum of the divisors of two integers are the same.\nfn are_equivalent(num1: isize, num2: isize) -> bool {\n    let sum1 = sum_divisors(num1);\n    let sum2 = sum_divisors(num2);\n    sum1 == sum2\n}\n\nfn main() {\n    let candidate = are_equivalent;\n    assert_eq!(candidate(36, 57), false);\n    assert_eq!(candidate(2, 4), false);\n    assert_eq!(candidate(23, 47), true);\n}\n",
      "timestamp": 1665509736,
      "stdout": "",
      "stderr": "error[E0425]: cannot find function `sum_divisors` in this scope\n --> /tmp/tmpiyqowxy_.rs:3:16\n  |\n3 |     let sum1 = sum_divisors(num1);\n  |                ^^^^^^^^^^^^ not found in this scope\n\nerror[E0425]: cannot find function `sum_divisors` in this scope\n --> /tmp/tmpiyqowxy_.rs:4:16\n  |\n4 |     let sum2 = sum_divisors(num2);\n  |                ^^^^^^^^^^^^ not found in this scope\n\nerror: aborting due to 2 previous errors\n\nFor more information about this error, try `rustc --explain E0425`.\n",
      "exit_code": 1,
      "status": "SyntaxError"
    },
    {
      "program": "/// Write a function to determine if the sum of the divisors of two integers are the same.\nfn are_equivalent(num1: isize, num2: isize) -> bool {\n    let sum1 = sum_divisors(num1);\n    let sum2 = sum_divisors(num2);\n    sum1 == sum2\n}\n\nfn main() {\n    let candidate = are_equivalent;\n    assert_eq!(candidate(36, 57), false);\n    assert_eq!(candidate(2, 4), false);\n    assert_eq!(candidate(23, 47), true);\n}\n",
      "timestamp": 1665509736,
      "stdout": "",
      "stderr": "error[E0425]: cannot find function `sum_divisors` in this scope\n --> /tmp/tmpiyqowxy_.rs:3:16\n  |\n3 |     let sum1 = sum_divisors(num1);\n  |                ^^^^^^^^^^^^ not found in this scope\n\nerror[E0425]: cannot find function `sum_divisors` in this scope\n --> /tmp/tmpiyqowxy_.rs:4:16\n  |\n4 |     let sum2 = sum_divisors(num2);\n  |                ^^^^^^^^^^^^ not found in this scope\n\nerror: aborting due to 2 previous errors\n\nFor more information about this error, try `rustc --explain E0425`.\n",
      "exit_code": 1,
      "status": "SyntaxError"
    },
    {
      "program": "/// Write a function to determine if the sum of the divisors of two integers are the same.\nfn are_equivalent(num1: isize, num2: isize) -> bool {\n    let sum1 = sum_of_divisors(num1);\n    let sum2 = sum_of_divisors(num2);\n    sum1 == sum2\n}\n\nfn main() {\n    let candidate = are_equivalent;\n    assert_eq!(candidate(36, 57), false);\n    assert_eq!(candidate(2, 4), false);\n    assert_eq!(candidate(23, 47), true);\n}\n",
      "timestamp": 1665509736,
      "stdout": "",
      "stderr": "error[E0425]: cannot find function `sum_of_divisors` in this scope\n --> /tmp/tmpp4ulezkm.rs:3:16\n  |\n3 |     let sum1 = sum_of_divisors(num1);\n  |                ^^^^^^^^^^^^^^^ not found in this scope\n\nerror[E0425]: cannot find function `sum_of_divisors` in this scope\n --> /tmp/tmpp4ulezkm.rs:4:16\n  |\n4 |     let sum2 = sum_of_divisors(num2);\n  |                ^^^^^^^^^^^^^^^ not found in this scope\n\nerror: aborting due to 2 previous errors\n\nFor more information about this error, try `rustc --explain E0425`.\n",
      "exit_code": 1,
      "status": "SyntaxError"
    },
    {
      "program": "/// Write a function to determine if the sum of the divisors of two integers are the same.\nfn are_equivalent(num1: isize, num2: isize) -> bool {\n    let sum_divisors1 = sum_divisors(num1);\n    let sum_divisors2 = sum_divisors(num2);\n    sum_divisors1 == sum_divisors2\n}\n\nfn main() {\n    let candidate = are_equivalent;\n    assert_eq!(candidate(36, 57), false);\n    assert_eq!(candidate(2, 4), false);\n    assert_eq!(candidate(23, 47), true);\n}\n",
      "timestamp": 1666123978,
      "stdout": "",
      "stderr": "error[E0425]: cannot find function `sum_divisors` in this scope\n --> /tmp/tmp46cutz7b.rs:3:25\n  |\n3 |     let sum_divisors1 = sum_divisors(num1);\n  |                         ^^^^^^^^^^^^ not found in this scope\n\nerror[E0425]: cannot find function `sum_divisors` in this scope\n --> /tmp/tmp46cutz7b.rs:4:25\n  |\n4 |     let sum_divisors2 = sum_divisors(num2);\n  |                         ^^^^^^^^^^^^ help: a local variable with a similar name exists: `sum_divisors1`\n\nerror: aborting due to 2 previous errors\n\nFor more information about this error, try `rustc --explain E0425`.\n",
      "exit_code": 1,
      "status": "SyntaxError"
    },
    {
      "program": "/// Write a function to determine if the sum of the divisors of two integers are the same.\nfn are_equivalent(num1: isize, num2: isize) -> bool {\n    let divisors1 = divisors(num1);\n    let divisors2 = divisors(num2);\n    divisors1.iter().sum::<isize>() == divisors2.iter().sum::<isize>()\n}\n\nfn main() {\n    let candidate = are_equivalent;\n    assert_eq!(candidate(36, 57), false);\n    assert_eq!(candidate(2, 4), false);\n    assert_eq!(candidate(23, 47), true);\n}\n",
      "timestamp": 1665509736,
      "stdout": "",
      "stderr": "error[E0425]: cannot find function `divisors` in this scope\n --> /tmp/tmpxph2wksj.rs:3:21\n  |\n3 |     let divisors1 = divisors(num1);\n  |                     ^^^^^^^^ not found in this scope\n\nerror[E0425]: cannot find function `divisors` in this scope\n --> /tmp/tmpxph2wksj.rs:4:21\n  |\n4 |     let divisors2 = divisors(num2);\n  |                     ^^^^^^^^ help: a local variable with a similar name exists: `divisors1`\n\nerror: aborting due to 2 previous errors\n\nFor more information about this error, try `rustc --explain E0425`.\n",
      "exit_code": 1,
      "status": "SyntaxError"
    },
    {
      "program": "/// Write a function to determine if the sum of the divisors of two integers are the same.\nfn are_equivalent(num1: isize, num2: isize) -> bool {\n    let sum1 = sum_divisors(num1);\n    let sum2 = sum_divisors(num2);\n    sum1 == sum2\n}\n\nfn main() {\n    let candidate = are_equivalent;\n    assert_eq!(candidate(36, 57), false);\n    assert_eq!(candidate(2, 4), false);\n    assert_eq!(candidate(23, 47), true);\n}\n",
      "timestamp": 1665509736,
      "stdout": "",
      "stderr": "error[E0425]: cannot find function `sum_divisors` in this scope\n --> /tmp/tmpiyqowxy_.rs:3:16\n  |\n3 |     let sum1 = sum_divisors(num1);\n  |                ^^^^^^^^^^^^ not found in this scope\n\nerror[E0425]: cannot find function `sum_divisors` in this scope\n --> /tmp/tmpiyqowxy_.rs:4:16\n  |\n4 |     let sum2 = sum_divisors(num2);\n  |                ^^^^^^^^^^^^ not found in this scope\n\nerror: aborting due to 2 previous errors\n\nFor more information about this error, try `rustc --explain E0425`.\n",
      "exit_code": 1,
      "status": "SyntaxError"
    },
    {
      "program": "/// Write a function to determine if the sum of the divisors of two integers are the same.\nfn are_equivalent(num1: isize, num2: isize) -> bool {\n    let sum1 = sum_divisors(num1);\n    let sum2 = sum_divisors(num2);\n    sum1 == sum2\n}\n\nfn main() {\n    let candidate = are_equivalent;\n    assert_eq!(candidate(36, 57), false);\n    assert_eq!(candidate(2, 4), false);\n    assert_eq!(candidate(23, 47), true);\n}\n",
      "timestamp": 1665509736,
      "stdout": "",
      "stderr": "error[E0425]: cannot find function `sum_divisors` in this scope\n --> /tmp/tmpiyqowxy_.rs:3:16\n  |\n3 |     let sum1 = sum_divisors(num1);\n  |                ^^^^^^^^^^^^ not found in this scope\n\nerror[E0425]: cannot find function `sum_divisors` in this scope\n --> /tmp/tmpiyqowxy_.rs:4:16\n  |\n4 |     let sum2 = sum_divisors(num2);\n  |                ^^^^^^^^^^^^ not found in this scope\n\nerror: aborting due to 2 previous errors\n\nFor more information about this error, try `rustc --explain E0425`.\n",
      "exit_code": 1,
      "status": "SyntaxError"
    },
    {
      "program": "/// Write a function to determine if the sum of the divisors of two integers are the same.\nfn are_equivalent(num1: isize, num2: isize) -> bool {\n    let sum1 = sum_divisors(num1);\n    let sum2 = sum_divisors(num2);\n    sum1 == sum2\n}\n\nfn main() {\n    let candidate = are_equivalent;\n    assert_eq!(candidate(36, 57), false);\n    assert_eq!(candidate(2, 4), false);\n    assert_eq!(candidate(23, 47), true);\n}\n",
      "timestamp": 1665509736,
      "stdout": "",
      "stderr": "error[E0425]: cannot find function `sum_divisors` in this scope\n --> /tmp/tmpiyqowxy_.rs:3:16\n  |\n3 |     let sum1 = sum_divisors(num1);\n  |                ^^^^^^^^^^^^ not found in this scope\n\nerror[E0425]: cannot find function `sum_divisors` in this scope\n --> /tmp/tmpiyqowxy_.rs:4:16\n  |\n4 |     let sum2 = sum_divisors(num2);\n  |                ^^^^^^^^^^^^ not found in this scope\n\nerror: aborting due to 2 previous errors\n\nFor more information about this error, try `rustc --explain E0425`.\n",
      "exit_code": 1,
      "status": "SyntaxError"
    },
    {
      "program": "/// Write a function to determine if the sum of the divisors of two integers are the same.\nfn are_equivalent(num1: isize, num2: isize) -> bool {\n    let divisors1 = get_divisors(num1);\n    let divisors2 = get_divisors(num2);\n\n    let sum1 = divisors1.iter().fold(0, |acc, x| acc + x);\n    let sum2 = divisors2.iter().fold(0, |acc, x| acc + x);\n\n    sum1 == sum2\n}\n\nfn main() {\n    let candidate = are_equivalent;\n    assert_eq!(candidate(36, 57), false);\n    assert_eq!(candidate(2, 4), false);\n    assert_eq!(candidate(23, 47), true);\n}\n",
      "timestamp": 1666123978,
      "stdout": "",
      "stderr": "error[E0425]: cannot find function `get_divisors` in this scope\n --> /tmp/tmpi77rbfw0.rs:3:21\n  |\n3 |     let divisors1 = get_divisors(num1);\n  |                     ^^^^^^^^^^^^ not found in this scope\n\nerror[E0425]: cannot find function `get_divisors` in this scope\n --> /tmp/tmpi77rbfw0.rs:4:21\n  |\n4 |     let divisors2 = get_divisors(num2);\n  |                     ^^^^^^^^^^^^ not found in this scope\n\nerror: aborting due to 2 previous errors\n\nFor more information about this error, try `rustc --explain E0425`.\n",
      "exit_code": 1,
      "status": "SyntaxError"
    },
    {
      "program": "/// Write a function to determine if the sum of the divisors of two integers are the same.\nfn are_equivalent(num1: isize, num2: isize) -> bool {\n    let sum1 = sum_divisors(num1);\n    let sum2 = sum_divisors(num2);\n    sum1 == sum2\n}\n\nfn main() {\n    let candidate = are_equivalent;\n    assert_eq!(candidate(36, 57), false);\n    assert_eq!(candidate(2, 4), false);\n    assert_eq!(candidate(23, 47), true);\n}\n",
      "timestamp": 1665509736,
      "stdout": "",
      "stderr": "error[E0425]: cannot find function `sum_divisors` in this scope\n --> /tmp/tmpiyqowxy_.rs:3:16\n  |\n3 |     let sum1 = sum_divisors(num1);\n  |                ^^^^^^^^^^^^ not found in this scope\n\nerror[E0425]: cannot find function `sum_divisors` in this scope\n --> /tmp/tmpiyqowxy_.rs:4:16\n  |\n4 |     let sum2 = sum_divisors(num2);\n  |                ^^^^^^^^^^^^ not found in this scope\n\nerror: aborting due to 2 previous errors\n\nFor more information about this error, try `rustc --explain E0425`.\n",
      "exit_code": 1,
      "status": "SyntaxError"
    },
    {
      "program": "/// Write a function to determine if the sum of the divisors of two integers are the same.\nfn are_equivalent(num1: isize, num2: isize) -> bool {\n    let divisors1 = divisors(num1);\n    let divisors2 = divisors(num2);\n    divisors1.iter().sum::<isize>() == divisors2.iter().sum::<isize>()\n}\n\nfn main() {\n    let candidate = are_equivalent;\n    assert_eq!(candidate(36, 57), false);\n    assert_eq!(candidate(2, 4), false);\n    assert_eq!(candidate(23, 47), true);\n}\n",
      "timestamp": 1665509736,
      "stdout": "",
      "stderr": "error[E0425]: cannot find function `divisors` in this scope\n --> /tmp/tmpxph2wksj.rs:3:21\n  |\n3 |     let divisors1 = divisors(num1);\n  |                     ^^^^^^^^ not found in this scope\n\nerror[E0425]: cannot find function `divisors` in this scope\n --> /tmp/tmpxph2wksj.rs:4:21\n  |\n4 |     let divisors2 = divisors(num2);\n  |                     ^^^^^^^^ help: a local variable with a similar name exists: `divisors1`\n\nerror: aborting due to 2 previous errors\n\nFor more information about this error, try `rustc --explain E0425`.\n",
      "exit_code": 1,
      "status": "SyntaxError"
    },
    {
      "program": "/// Write a function to determine if the sum of the divisors of two integers are the same.\nfn are_equivalent(num1: isize, num2: isize) -> bool {\n    let sum1 = sum_divisors(num1);\n    let sum2 = sum_divisors(num2);\n    sum1 == sum2\n}\n\nfn main() {\n    let candidate = are_equivalent;\n    assert_eq!(candidate(36, 57), false);\n    assert_eq!(candidate(2, 4), false);\n    assert_eq!(candidate(23, 47), true);\n}\n",
      "timestamp": 1665509736,
      "stdout": "",
      "stderr": "error[E0425]: cannot find function `sum_divisors` in this scope\n --> /tmp/tmpiyqowxy_.rs:3:16\n  |\n3 |     let sum1 = sum_divisors(num1);\n  |                ^^^^^^^^^^^^ not found in this scope\n\nerror[E0425]: cannot find function `sum_divisors` in this scope\n --> /tmp/tmpiyqowxy_.rs:4:16\n  |\n4 |     let sum2 = sum_divisors(num2);\n  |                ^^^^^^^^^^^^ not found in this scope\n\nerror: aborting due to 2 previous errors\n\nFor more information about this error, try `rustc --explain E0425`.\n",
      "exit_code": 1,
      "status": "SyntaxError"
    },
    {
      "program": "/// Write a function to determine if the sum of the divisors of two integers are the same.\nfn are_equivalent(num1: isize, num2: isize) -> bool {\n    let mut divisors1 = Vec::new();\n    let mut divisors2 = Vec::new();\n\n    for i in 1..num1 {\n        if num1 % i == 0 {\n            divisors1.push(i);\n        }\n    }\n\n    for i in 1..num2 {\n        if num2 % i == 0 {\n            divisors2.push(i);\n        }\n    }\n\n    divisors1.iter().sum::<isize>() == divisors2.iter().sum::<isize>()\n}\n\nfn main() {\n    let candidate = are_equivalent;\n    assert_eq!(candidate(36, 57), false);\n    assert_eq!(candidate(2, 4), false);\n    assert_eq!(candidate(23, 47), true);\n}\n",
      "timestamp": 1666123979,
      "stdout": "",
      "stderr": "",
      "exit_code": 0,
      "status": "OK"
    },
    {
      "program": "/// Write a function to determine if the sum of the divisors of two integers are the same.\nfn are_equivalent(num1: isize, num2: isize) -> bool {\n    let sum1 = sum_divisors(num1);\n    let sum2 = sum_divisors(num2);\n    sum1 == sum2\n}\n\nfn main() {\n    let candidate = are_equivalent;\n    assert_eq!(candidate(36, 57), false);\n    assert_eq!(candidate(2, 4), false);\n    assert_eq!(candidate(23, 47), true);\n}\n",
      "timestamp": 1665509736,
      "stdout": "",
      "stderr": "error[E0425]: cannot find function `sum_divisors` in this scope\n --> /tmp/tmpiyqowxy_.rs:3:16\n  |\n3 |     let sum1 = sum_divisors(num1);\n  |                ^^^^^^^^^^^^ not found in this scope\n\nerror[E0425]: cannot find function `sum_divisors` in this scope\n --> /tmp/tmpiyqowxy_.rs:4:16\n  |\n4 |     let sum2 = sum_divisors(num2);\n  |                ^^^^^^^^^^^^ not found in this scope\n\nerror: aborting due to 2 previous errors\n\nFor more information about this error, try `rustc --explain E0425`.\n",
      "exit_code": 1,
      "status": "SyntaxError"
    },
    {
      "program": "/// Write a function to determine if the sum of the divisors of two integers are the same.\nfn are_equivalent(num1: isize, num2: isize) -> bool {\n    let sum1 = sum_of_divisors(num1);\n    let sum2 = sum_of_divisors(num2);\n    sum1 == sum2\n}\n\nfn main() {\n    let candidate = are_equivalent;\n    assert_eq!(candidate(36, 57), false);\n    assert_eq!(candidate(2, 4), false);\n    assert_eq!(candidate(23, 47), true);\n}\n",
      "timestamp": 1665509736,
      "stdout": "",
      "stderr": "error[E0425]: cannot find function `sum_of_divisors` in this scope\n --> /tmp/tmpp4ulezkm.rs:3:16\n  |\n3 |     let sum1 = sum_of_divisors(num1);\n  |                ^^^^^^^^^^^^^^^ not found in this scope\n\nerror[E0425]: cannot find function `sum_of_divisors` in this scope\n --> /tmp/tmpp4ulezkm.rs:4:16\n  |\n4 |     let sum2 = sum_of_divisors(num2);\n  |                ^^^^^^^^^^^^^^^ not found in this scope\n\nerror: aborting due to 2 previous errors\n\nFor more information about this error, try `rustc --explain E0425`.\n",
      "exit_code": 1,
      "status": "SyntaxError"
    },
    {
      "program": "/// Write a function to determine if the sum of the divisors of two integers are the same.\nfn are_equivalent(num1: isize, num2: isize) -> bool {\n    let sum1 = sum_of_divisors(num1);\n    let sum2 = sum_of_divisors(num2);\n    sum1 == sum2\n}\n\nfn main() {\n    let candidate = are_equivalent;\n    assert_eq!(candidate(36, 57), false);\n    assert_eq!(candidate(2, 4), false);\n    assert_eq!(candidate(23, 47), true);\n}\n",
      "timestamp": 1665509736,
      "stdout": "",
      "stderr": "error[E0425]: cannot find function `sum_of_divisors` in this scope\n --> /tmp/tmpp4ulezkm.rs:3:16\n  |\n3 |     let sum1 = sum_of_divisors(num1);\n  |                ^^^^^^^^^^^^^^^ not found in this scope\n\nerror[E0425]: cannot find function `sum_of_divisors` in this scope\n --> /tmp/tmpp4ulezkm.rs:4:16\n  |\n4 |     let sum2 = sum_of_divisors(num2);\n  |                ^^^^^^^^^^^^^^^ not found in this scope\n\nerror: aborting due to 2 previous errors\n\nFor more information about this error, try `rustc --explain E0425`.\n",
      "exit_code": 1,
      "status": "SyntaxError"
    },
    {
      "program": "/// Write a function to determine if the sum of the divisors of two integers are the same.\nfn are_equivalent(num1: isize, num2: isize) -> bool {\n    let sum1 = sum_divisors(num1);\n    let sum2 = sum_divisors(num2);\n    sum1 == sum2\n}\n\nfn main() {\n    let candidate = are_equivalent;\n    assert_eq!(candidate(36, 57), false);\n    assert_eq!(candidate(2, 4), false);\n    assert_eq!(candidate(23, 47), true);\n}\n",
      "timestamp": 1665509736,
      "stdout": "",
      "stderr": "error[E0425]: cannot find function `sum_divisors` in this scope\n --> /tmp/tmpiyqowxy_.rs:3:16\n  |\n3 |     let sum1 = sum_divisors(num1);\n  |                ^^^^^^^^^^^^ not found in this scope\n\nerror[E0425]: cannot find function `sum_divisors` in this scope\n --> /tmp/tmpiyqowxy_.rs:4:16\n  |\n4 |     let sum2 = sum_divisors(num2);\n  |                ^^^^^^^^^^^^ not found in this scope\n\nerror: aborting due to 2 previous errors\n\nFor more information about this error, try `rustc --explain E0425`.\n",
      "exit_code": 1,
      "status": "SyntaxError"
    },
    {
      "program": "/// Write a function to determine if the sum of the divisors of two integers are the same.\nfn are_equivalent(num1: isize, num2: isize) -> bool {\n    let sum1 = sum_of_divisors(num1);\n    let sum2 = sum_of_divisors(num2);\n    sum1 == sum2\n}\n\nfn main() {\n    let candidate = are_equivalent;\n    assert_eq!(candidate(36, 57), false);\n    assert_eq!(candidate(2, 4), false);\n    assert_eq!(candidate(23, 47), true);\n}\n",
      "timestamp": 1665509736,
      "stdout": "",
      "stderr": "error[E0425]: cannot find function `sum_of_divisors` in this scope\n --> /tmp/tmpp4ulezkm.rs:3:16\n  |\n3 |     let sum1 = sum_of_divisors(num1);\n  |                ^^^^^^^^^^^^^^^ not found in this scope\n\nerror[E0425]: cannot find function `sum_of_divisors` in this scope\n --> /tmp/tmpp4ulezkm.rs:4:16\n  |\n4 |     let sum2 = sum_of_divisors(num2);\n  |                ^^^^^^^^^^^^^^^ not found in this scope\n\nerror: aborting due to 2 previous errors\n\nFor more information about this error, try `rustc --explain E0425`.\n",
      "exit_code": 1,
      "status": "SyntaxError"
    },
    {
      "program": "/// Write a function to determine if the sum of the divisors of two integers are the same.\nfn are_equivalent(num1: isize, num2: isize) -> bool {\n    let sum1 = sum_divisors(num1);\n    let sum2 = sum_divisors(num2);\n    sum1 == sum2\n}\n\nfn main() {\n    let candidate = are_equivalent;\n    assert_eq!(candidate(36, 57), false);\n    assert_eq!(candidate(2, 4), false);\n    assert_eq!(candidate(23, 47), true);\n}\n",
      "timestamp": 1665509736,
      "stdout": "",
      "stderr": "error[E0425]: cannot find function `sum_divisors` in this scope\n --> /tmp/tmpiyqowxy_.rs:3:16\n  |\n3 |     let sum1 = sum_divisors(num1);\n  |                ^^^^^^^^^^^^ not found in this scope\n\nerror[E0425]: cannot find function `sum_divisors` in this scope\n --> /tmp/tmpiyqowxy_.rs:4:16\n  |\n4 |     let sum2 = sum_divisors(num2);\n  |                ^^^^^^^^^^^^ not found in this scope\n\nerror: aborting due to 2 previous errors\n\nFor more information about this error, try `rustc --explain E0425`.\n",
      "exit_code": 1,
      "status": "SyntaxError"
    },
    {
      "program": "/// Write a function to determine if the sum of the divisors of two integers are the same.\nfn are_equivalent(num1: isize, num2: isize) -> bool {\n    let sum1 = sum_divisors(num1);\n    let sum2 = sum_divisors(num2);\n    sum1 == sum2\n}\n\nfn main() {\n    let candidate = are_equivalent;\n    assert_eq!(candidate(36, 57), false);\n    assert_eq!(candidate(2, 4), false);\n    assert_eq!(candidate(23, 47), true);\n}\n",
      "timestamp": 1665509736,
      "stdout": "",
      "stderr": "error[E0425]: cannot find function `sum_divisors` in this scope\n --> /tmp/tmpiyqowxy_.rs:3:16\n  |\n3 |     let sum1 = sum_divisors(num1);\n  |                ^^^^^^^^^^^^ not found in this scope\n\nerror[E0425]: cannot find function `sum_divisors` in this scope\n --> /tmp/tmpiyqowxy_.rs:4:16\n  |\n4 |     let sum2 = sum_divisors(num2);\n  |                ^^^^^^^^^^^^ not found in this scope\n\nerror: aborting due to 2 previous errors\n\nFor more information about this error, try `rustc --explain E0425`.\n",
      "exit_code": 1,
      "status": "SyntaxError"
    },
    {
      "program": "/// Write a function to determine if the sum of the divisors of two integers are the same.\nfn are_equivalent(num1: isize, num2: isize) -> bool {\n    let sum1 = sum_divisors(num1);\n    let sum2 = sum_divisors(num2);\n    sum1 == sum2\n}\n\nfn main() {\n    let candidate = are_equivalent;\n    assert_eq!(candidate(36, 57), false);\n    assert_eq!(candidate(2, 4), false);\n    assert_eq!(candidate(23, 47), true);\n}\n",
      "timestamp": 1665509736,
      "stdout": "",
      "stderr": "error[E0425]: cannot find function `sum_divisors` in this scope\n --> /tmp/tmpiyqowxy_.rs:3:16\n  |\n3 |     let sum1 = sum_divisors(num1);\n  |                ^^^^^^^^^^^^ not found in this scope\n\nerror[E0425]: cannot find function `sum_divisors` in this scope\n --> /tmp/tmpiyqowxy_.rs:4:16\n  |\n4 |     let sum2 = sum_divisors(num2);\n  |                ^^^^^^^^^^^^ not found in this scope\n\nerror: aborting due to 2 previous errors\n\nFor more information about this error, try `rustc --explain E0425`.\n",
      "exit_code": 1,
      "status": "SyntaxError"
    },
    {
      "program": "/// Write a function to determine if the sum of the divisors of two integers are the same.\nfn are_equivalent(num1: isize, num2: isize) -> bool {\n    let sum1 = sum_divisors(num1);\n    let sum2 = sum_divisors(num2);\n    sum1 == sum2\n}\n\nfn main() {\n    let candidate = are_equivalent;\n    assert_eq!(candidate(36, 57), false);\n    assert_eq!(candidate(2, 4), false);\n    assert_eq!(candidate(23, 47), true);\n}\n",
      "timestamp": 1665509736,
      "stdout": "",
      "stderr": "error[E0425]: cannot find function `sum_divisors` in this scope\n --> /tmp/tmpiyqowxy_.rs:3:16\n  |\n3 |     let sum1 = sum_divisors(num1);\n  |                ^^^^^^^^^^^^ not found in this scope\n\nerror[E0425]: cannot find function `sum_divisors` in this scope\n --> /tmp/tmpiyqowxy_.rs:4:16\n  |\n4 |     let sum2 = sum_divisors(num2);\n  |                ^^^^^^^^^^^^ not found in this scope\n\nerror: aborting due to 2 previous errors\n\nFor more information about this error, try `rustc --explain E0425`.\n",
      "exit_code": 1,
      "status": "SyntaxError"
    },
    {
      "program": "/// Write a function to determine if the sum of the divisors of two integers are the same.\nfn are_equivalent(num1: isize, num2: isize) -> bool {\n    let sum1 = sum_divisors(num1);\n    let sum2 = sum_divisors(num2);\n    sum1 == sum2\n}\n\nfn main() {\n    let candidate = are_equivalent;\n    assert_eq!(candidate(36, 57), false);\n    assert_eq!(candidate(2, 4), false);\n    assert_eq!(candidate(23, 47), true);\n}\n",
      "timestamp": 1665509736,
      "stdout": "",
      "stderr": "error[E0425]: cannot find function `sum_divisors` in this scope\n --> /tmp/tmpiyqowxy_.rs:3:16\n  |\n3 |     let sum1 = sum_divisors(num1);\n  |                ^^^^^^^^^^^^ not found in this scope\n\nerror[E0425]: cannot find function `sum_divisors` in this scope\n --> /tmp/tmpiyqowxy_.rs:4:16\n  |\n4 |     let sum2 = sum_divisors(num2);\n  |                ^^^^^^^^^^^^ not found in this scope\n\nerror: aborting due to 2 previous errors\n\nFor more information about this error, try `rustc --explain E0425`.\n",
      "exit_code": 1,
      "status": "SyntaxError"
    },
    {
      "program": "/// Write a function to determine if the sum of the divisors of two integers are the same.\nfn are_equivalent(num1: isize, num2: isize) -> bool {\n    let divisors1 = get_divisors(num1);\n    let divisors2 = get_divisors(num2);\n    let sum1 = divisors1.iter().sum();\n    let sum2 = divisors2.iter().sum();\n    sum1 == sum2\n}\n\nfn main() {\n    let candidate = are_equivalent;\n    assert_eq!(candidate(36, 57), false);\n    assert_eq!(candidate(2, 4), false);\n    assert_eq!(candidate(23, 47), true);\n}\n",
      "timestamp": 1666123978,
      "stdout": "",
      "stderr": "error[E0425]: cannot find function `get_divisors` in this scope\n --> /tmp/tmpo1dijxzm.rs:3:21\n  |\n3 |     let divisors1 = get_divisors(num1);\n  |                     ^^^^^^^^^^^^ not found in this scope\n\nerror[E0425]: cannot find function `get_divisors` in this scope\n --> /tmp/tmpo1dijxzm.rs:4:21\n  |\n4 |     let divisors2 = get_divisors(num2);\n  |                     ^^^^^^^^^^^^ not found in this scope\n\nerror: aborting due to 2 previous errors\n\nFor more information about this error, try `rustc --explain E0425`.\n",
      "exit_code": 1,
      "status": "SyntaxError"
    },
    {
      "program": "/// Write a function to determine if the sum of the divisors of two integers are the same.\nfn are_equivalent(num1: isize, num2: isize) -> bool {\n    let sum1 = sum_divisors(num1);\n    let sum2 = sum_divisors(num2);\n    sum1 == sum2\n}\n\nfn main() {\n    let candidate = are_equivalent;\n    assert_eq!(candidate(36, 57), false);\n    assert_eq!(candidate(2, 4), false);\n    assert_eq!(candidate(23, 47), true);\n}\n",
      "timestamp": 1665509736,
      "stdout": "",
      "stderr": "error[E0425]: cannot find function `sum_divisors` in this scope\n --> /tmp/tmpiyqowxy_.rs:3:16\n  |\n3 |     let sum1 = sum_divisors(num1);\n  |                ^^^^^^^^^^^^ not found in this scope\n\nerror[E0425]: cannot find function `sum_divisors` in this scope\n --> /tmp/tmpiyqowxy_.rs:4:16\n  |\n4 |     let sum2 = sum_divisors(num2);\n  |                ^^^^^^^^^^^^ not found in this scope\n\nerror: aborting due to 2 previous errors\n\nFor more information about this error, try `rustc --explain E0425`.\n",
      "exit_code": 1,
      "status": "SyntaxError"
    },
    {
      "program": "/// Write a function to determine if the sum of the divisors of two integers are the same.\nfn are_equivalent(num1: isize, num2: isize) -> bool {\n    let divisors1 = divisors(num1);\n    let divisors2 = divisors(num2);\n    divisors1.iter().sum::<isize>() == divisors2.iter().sum::<isize>()\n}\n\nfn main() {\n    let candidate = are_equivalent;\n    assert_eq!(candidate(36, 57), false);\n    assert_eq!(candidate(2, 4), false);\n    assert_eq!(candidate(23, 47), true);\n}\n",
      "timestamp": 1665509736,
      "stdout": "",
      "stderr": "error[E0425]: cannot find function `divisors` in this scope\n --> /tmp/tmpxph2wksj.rs:3:21\n  |\n3 |     let divisors1 = divisors(num1);\n  |                     ^^^^^^^^ not found in this scope\n\nerror[E0425]: cannot find function `divisors` in this scope\n --> /tmp/tmpxph2wksj.rs:4:21\n  |\n4 |     let divisors2 = divisors(num2);\n  |                     ^^^^^^^^ help: a local variable with a similar name exists: `divisors1`\n\nerror: aborting due to 2 previous errors\n\nFor more information about this error, try `rustc --explain E0425`.\n",
      "exit_code": 1,
      "status": "SyntaxError"
    },
    {
      "program": "/// Write a function to determine if the sum of the divisors of two integers are the same.\nfn are_equivalent(num1: isize, num2: isize) -> bool {\n    let sum1 = sum_divisors(num1);\n    let sum2 = sum_divisors(num2);\n    sum1 == sum2\n}\n\nfn main() {\n    let candidate = are_equivalent;\n    assert_eq!(candidate(36, 57), false);\n    assert_eq!(candidate(2, 4), false);\n    assert_eq!(candidate(23, 47), true);\n}\n",
      "timestamp": 1665509736,
      "stdout": "",
      "stderr": "error[E0425]: cannot find function `sum_divisors` in this scope\n --> /tmp/tmpiyqowxy_.rs:3:16\n  |\n3 |     let sum1 = sum_divisors(num1);\n  |                ^^^^^^^^^^^^ not found in this scope\n\nerror[E0425]: cannot find function `sum_divisors` in this scope\n --> /tmp/tmpiyqowxy_.rs:4:16\n  |\n4 |     let sum2 = sum_divisors(num2);\n  |                ^^^^^^^^^^^^ not found in this scope\n\nerror: aborting due to 2 previous errors\n\nFor more information about this error, try `rustc --explain E0425`.\n",
      "exit_code": 1,
      "status": "SyntaxError"
    },
    {
      "program": "/// Write a function to determine if the sum of the divisors of two integers are the same.\nfn are_equivalent(num1: isize, num2: isize) -> bool {\n    let divisors1 = divisors(num1);\n    let divisors2 = divisors(num2);\n    divisors1.iter().sum::<isize>() == divisors2.iter().sum::<isize>()\n}\n\nfn main() {\n    let candidate = are_equivalent;\n    assert_eq!(candidate(36, 57), false);\n    assert_eq!(candidate(2, 4), false);\n    assert_eq!(candidate(23, 47), true);\n}\n",
      "timestamp": 1665509736,
      "stdout": "",
      "stderr": "error[E0425]: cannot find function `divisors` in this scope\n --> /tmp/tmpxph2wksj.rs:3:21\n  |\n3 |     let divisors1 = divisors(num1);\n  |                     ^^^^^^^^ not found in this scope\n\nerror[E0425]: cannot find function `divisors` in this scope\n --> /tmp/tmpxph2wksj.rs:4:21\n  |\n4 |     let divisors2 = divisors(num2);\n  |                     ^^^^^^^^ help: a local variable with a similar name exists: `divisors1`\n\nerror: aborting due to 2 previous errors\n\nFor more information about this error, try `rustc --explain E0425`.\n",
      "exit_code": 1,
      "status": "SyntaxError"
    },
    {
      "program": "/// Write a function to determine if the sum of the divisors of two integers are the same.\nfn are_equivalent(num1: isize, num2: isize) -> bool {\n    let sum1 = sum_divisors(num1);\n    let sum2 = sum_divisors(num2);\n    sum1 == sum2\n}\n\nfn main() {\n    let candidate = are_equivalent;\n    assert_eq!(candidate(36, 57), false);\n    assert_eq!(candidate(2, 4), false);\n    assert_eq!(candidate(23, 47), true);\n}\n",
      "timestamp": 1665509736,
      "stdout": "",
      "stderr": "error[E0425]: cannot find function `sum_divisors` in this scope\n --> /tmp/tmpiyqowxy_.rs:3:16\n  |\n3 |     let sum1 = sum_divisors(num1);\n  |                ^^^^^^^^^^^^ not found in this scope\n\nerror[E0425]: cannot find function `sum_divisors` in this scope\n --> /tmp/tmpiyqowxy_.rs:4:16\n  |\n4 |     let sum2 = sum_divisors(num2);\n  |                ^^^^^^^^^^^^ not found in this scope\n\nerror: aborting due to 2 previous errors\n\nFor more information about this error, try `rustc --explain E0425`.\n",
      "exit_code": 1,
      "status": "SyntaxError"
    },
    {
      "program": "/// Write a function to determine if the sum of the divisors of two integers are the same.\nfn are_equivalent(num1: isize, num2: isize) -> bool {\n    let divisors1 = divisors(num1);\n    let divisors2 = divisors(num2);\n    divisors1.iter().sum::<isize>() == divisors2.iter().sum::<isize>()\n}\n\nfn main() {\n    let candidate = are_equivalent;\n    assert_eq!(candidate(36, 57), false);\n    assert_eq!(candidate(2, 4), false);\n    assert_eq!(candidate(23, 47), true);\n}\n",
      "timestamp": 1665509736,
      "stdout": "",
      "stderr": "error[E0425]: cannot find function `divisors` in this scope\n --> /tmp/tmpxph2wksj.rs:3:21\n  |\n3 |     let divisors1 = divisors(num1);\n  |                     ^^^^^^^^ not found in this scope\n\nerror[E0425]: cannot find function `divisors` in this scope\n --> /tmp/tmpxph2wksj.rs:4:21\n  |\n4 |     let divisors2 = divisors(num2);\n  |                     ^^^^^^^^ help: a local variable with a similar name exists: `divisors1`\n\nerror: aborting due to 2 previous errors\n\nFor more information about this error, try `rustc --explain E0425`.\n",
      "exit_code": 1,
      "status": "SyntaxError"
    },
    {
      "program": "/// Write a function to determine if the sum of the divisors of two integers are the same.\nfn are_equivalent(num1: isize, num2: isize) -> bool {\n    let sum1 = sum_divisors(num1);\n    let sum2 = sum_divisors(num2);\n    sum1 == sum2\n}\n\nfn main() {\n    let candidate = are_equivalent;\n    assert_eq!(candidate(36, 57), false);\n    assert_eq!(candidate(2, 4), false);\n    assert_eq!(candidate(23, 47), true);\n}\n",
      "timestamp": 1665509736,
      "stdout": "",
      "stderr": "error[E0425]: cannot find function `sum_divisors` in this scope\n --> /tmp/tmpiyqowxy_.rs:3:16\n  |\n3 |     let sum1 = sum_divisors(num1);\n  |                ^^^^^^^^^^^^ not found in this scope\n\nerror[E0425]: cannot find function `sum_divisors` in this scope\n --> /tmp/tmpiyqowxy_.rs:4:16\n  |\n4 |     let sum2 = sum_divisors(num2);\n  |                ^^^^^^^^^^^^ not found in this scope\n\nerror: aborting due to 2 previous errors\n\nFor more information about this error, try `rustc --explain E0425`.\n",
      "exit_code": 1,
      "status": "SyntaxError"
    },
    {
      "program": "/// Write a function to determine if the sum of the divisors of two integers are the same.\nfn are_equivalent(num1: isize, num2: isize) -> bool {\n    let sum1 = sum_divisors(num1);\n    let sum2 = sum_divisors(num2);\n    sum1 == sum2\n}\n\nfn main() {\n    let candidate = are_equivalent;\n    assert_eq!(candidate(36, 57), false);\n    assert_eq!(candidate(2, 4), false);\n    assert_eq!(candidate(23, 47), true);\n}\n",
      "timestamp": 1665509736,
      "stdout": "",
      "stderr": "error[E0425]: cannot find function `sum_divisors` in this scope\n --> /tmp/tmpiyqowxy_.rs:3:16\n  |\n3 |     let sum1 = sum_divisors(num1);\n  |                ^^^^^^^^^^^^ not found in this scope\n\nerror[E0425]: cannot find function `sum_divisors` in this scope\n --> /tmp/tmpiyqowxy_.rs:4:16\n  |\n4 |     let sum2 = sum_divisors(num2);\n  |                ^^^^^^^^^^^^ not found in this scope\n\nerror: aborting due to 2 previous errors\n\nFor more information about this error, try `rustc --explain E0425`.\n",
      "exit_code": 1,
      "status": "SyntaxError"
    },
    {
      "program": "/// Write a function to determine if the sum of the divisors of two integers are the same.\nfn are_equivalent(num1: isize, num2: isize) -> bool {\n    let sum1 = sum_of_divisors(num1);\n    let sum2 = sum_of_divisors(num2);\n    sum1 == sum2\n}\n\nfn main() {\n    let candidate = are_equivalent;\n    assert_eq!(candidate(36, 57), false);\n    assert_eq!(candidate(2, 4), false);\n    assert_eq!(candidate(23, 47), true);\n}\n",
      "timestamp": 1665509736,
      "stdout": "",
      "stderr": "error[E0425]: cannot find function `sum_of_divisors` in this scope\n --> /tmp/tmpp4ulezkm.rs:3:16\n  |\n3 |     let sum1 = sum_of_divisors(num1);\n  |                ^^^^^^^^^^^^^^^ not found in this scope\n\nerror[E0425]: cannot find function `sum_of_divisors` in this scope\n --> /tmp/tmpp4ulezkm.rs:4:16\n  |\n4 |     let sum2 = sum_of_divisors(num2);\n  |                ^^^^^^^^^^^^^^^ not found in this scope\n\nerror: aborting due to 2 previous errors\n\nFor more information about this error, try `rustc --explain E0425`.\n",
      "exit_code": 1,
      "status": "SyntaxError"
    },
    {
      "program": "/// Write a function to determine if the sum of the divisors of two integers are the same.\nfn are_equivalent(num1: isize, num2: isize) -> bool {\n    let sum1 = sum_divisors(num1);\n    let sum2 = sum_divisors(num2);\n    sum1 == sum2\n}\n\nfn main() {\n    let candidate = are_equivalent;\n    assert_eq!(candidate(36, 57), false);\n    assert_eq!(candidate(2, 4), false);\n    assert_eq!(candidate(23, 47), true);\n}\n",
      "timestamp": 1665509736,
      "stdout": "",
      "stderr": "error[E0425]: cannot find function `sum_divisors` in this scope\n --> /tmp/tmpiyqowxy_.rs:3:16\n  |\n3 |     let sum1 = sum_divisors(num1);\n  |                ^^^^^^^^^^^^ not found in this scope\n\nerror[E0425]: cannot find function `sum_divisors` in this scope\n --> /tmp/tmpiyqowxy_.rs:4:16\n  |\n4 |     let sum2 = sum_divisors(num2);\n  |                ^^^^^^^^^^^^ not found in this scope\n\nerror: aborting due to 2 previous errors\n\nFor more information about this error, try `rustc --explain E0425`.\n",
      "exit_code": 1,
      "status": "SyntaxError"
    },
    {
      "program": "/// Write a function to determine if the sum of the divisors of two integers are the same.\nfn are_equivalent(num1: isize, num2: isize) -> bool {\n    let divisors1 = divisors(num1);\n    let divisors2 = divisors(num2);\n    divisors1.iter().sum::<isize>() == divisors2.iter().sum::<isize>()\n}\n\nfn main() {\n    let candidate = are_equivalent;\n    assert_eq!(candidate(36, 57), false);\n    assert_eq!(candidate(2, 4), false);\n    assert_eq!(candidate(23, 47), true);\n}\n",
      "timestamp": 1665509736,
      "stdout": "",
      "stderr": "error[E0425]: cannot find function `divisors` in this scope\n --> /tmp/tmpxph2wksj.rs:3:21\n  |\n3 |     let divisors1 = divisors(num1);\n  |                     ^^^^^^^^ not found in this scope\n\nerror[E0425]: cannot find function `divisors` in this scope\n --> /tmp/tmpxph2wksj.rs:4:21\n  |\n4 |     let divisors2 = divisors(num2);\n  |                     ^^^^^^^^ help: a local variable with a similar name exists: `divisors1`\n\nerror: aborting due to 2 previous errors\n\nFor more information about this error, try `rustc --explain E0425`.\n",
      "exit_code": 1,
      "status": "SyntaxError"
    },
    {
      "program": "/// Write a function to determine if the sum of the divisors of two integers are the same.\nfn are_equivalent(num1: isize, num2: isize) -> bool {\n    let sum1 = sum_of_divisors(num1);\n    let sum2 = sum_of_divisors(num2);\n\n    sum1 == sum2\n}\n\nfn main() {\n    let candidate = are_equivalent;\n    assert_eq!(candidate(36, 57), false);\n    assert_eq!(candidate(2, 4), false);\n    assert_eq!(candidate(23, 47), true);\n}\n",
      "timestamp": 1666123978,
      "stdout": "",
      "stderr": "error[E0425]: cannot find function `sum_of_divisors` in this scope\n --> /tmp/tmp2n7xyw7r.rs:3:16\n  |\n3 |     let sum1 = sum_of_divisors(num1);\n  |                ^^^^^^^^^^^^^^^ not found in this scope\n\nerror[E0425]: cannot find function `sum_of_divisors` in this scope\n --> /tmp/tmp2n7xyw7r.rs:4:16\n  |\n4 |     let sum2 = sum_of_divisors(num2);\n  |                ^^^^^^^^^^^^^^^ not found in this scope\n\nerror: aborting due to 2 previous errors\n\nFor more information about this error, try `rustc --explain E0425`.\n",
      "exit_code": 1,
      "status": "SyntaxError"
    },
    {
      "program": "/// Write a function to determine if the sum of the divisors of two integers are the same.\nfn are_equivalent(num1: isize, num2: isize) -> bool {\n    let sum1 = sum_divisors(num1);\n    let sum2 = sum_divisors(num2);\n    sum1 == sum2\n}\n\nfn main() {\n    let candidate = are_equivalent;\n    assert_eq!(candidate(36, 57), false);\n    assert_eq!(candidate(2, 4), false);\n    assert_eq!(candidate(23, 47), true);\n}\n",
      "timestamp": 1665509736,
      "stdout": "",
      "stderr": "error[E0425]: cannot find function `sum_divisors` in this scope\n --> /tmp/tmpiyqowxy_.rs:3:16\n  |\n3 |     let sum1 = sum_divisors(num1);\n  |                ^^^^^^^^^^^^ not found in this scope\n\nerror[E0425]: cannot find function `sum_divisors` in this scope\n --> /tmp/tmpiyqowxy_.rs:4:16\n  |\n4 |     let sum2 = sum_divisors(num2);\n  |                ^^^^^^^^^^^^ not found in this scope\n\nerror: aborting due to 2 previous errors\n\nFor more information about this error, try `rustc --explain E0425`.\n",
      "exit_code": 1,
      "status": "SyntaxError"
    },
    {
      "program": "/// Write a function to determine if the sum of the divisors of two integers are the same.\nfn are_equivalent(num1: isize, num2: isize) -> bool {\n    let sum1 = sum_of_divisors(num1);\n    let sum2 = sum_of_divisors(num2);\n    sum1 == sum2\n}\n\nfn main() {\n    let candidate = are_equivalent;\n    assert_eq!(candidate(36, 57), false);\n    assert_eq!(candidate(2, 4), false);\n    assert_eq!(candidate(23, 47), true);\n}\n",
      "timestamp": 1665509736,
      "stdout": "",
      "stderr": "error[E0425]: cannot find function `sum_of_divisors` in this scope\n --> /tmp/tmpp4ulezkm.rs:3:16\n  |\n3 |     let sum1 = sum_of_divisors(num1);\n  |                ^^^^^^^^^^^^^^^ not found in this scope\n\nerror[E0425]: cannot find function `sum_of_divisors` in this scope\n --> /tmp/tmpp4ulezkm.rs:4:16\n  |\n4 |     let sum2 = sum_of_divisors(num2);\n  |                ^^^^^^^^^^^^^^^ not found in this scope\n\nerror: aborting due to 2 previous errors\n\nFor more information about this error, try `rustc --explain E0425`.\n",
      "exit_code": 1,
      "status": "SyntaxError"
    },
    {
      "program": "/// Write a function to determine if the sum of the divisors of two integers are the same.\nfn are_equivalent(num1: isize, num2: isize) -> bool {\n    let sum1 = sum_divisors(num1);\n    let sum2 = sum_divisors(num2);\n    sum1 == sum2\n}\n\nfn main() {\n    let candidate = are_equivalent;\n    assert_eq!(candidate(36, 57), false);\n    assert_eq!(candidate(2, 4), false);\n    assert_eq!(candidate(23, 47), true);\n}\n",
      "timestamp": 1665509736,
      "stdout": "",
      "stderr": "error[E0425]: cannot find function `sum_divisors` in this scope\n --> /tmp/tmpiyqowxy_.rs:3:16\n  |\n3 |     let sum1 = sum_divisors(num1);\n  |                ^^^^^^^^^^^^ not found in this scope\n\nerror[E0425]: cannot find function `sum_divisors` in this scope\n --> /tmp/tmpiyqowxy_.rs:4:16\n  |\n4 |     let sum2 = sum_divisors(num2);\n  |                ^^^^^^^^^^^^ not found in this scope\n\nerror: aborting due to 2 previous errors\n\nFor more information about this error, try `rustc --explain E0425`.\n",
      "exit_code": 1,
      "status": "SyntaxError"
    },
    {
      "program": "/// Write a function to determine if the sum of the divisors of two integers are the same.\nfn are_equivalent(num1: isize, num2: isize) -> bool {\n    let sum1 = sum_divisors(num1);\n    let sum2 = sum_divisors(num2);\n    sum1 == sum2\n}\n\nfn main() {\n    let candidate = are_equivalent;\n    assert_eq!(candidate(36, 57), false);\n    assert_eq!(candidate(2, 4), false);\n    assert_eq!(candidate(23, 47), true);\n}\n",
      "timestamp": 1665509736,
      "stdout": "",
      "stderr": "error[E0425]: cannot find function `sum_divisors` in this scope\n --> /tmp/tmpiyqowxy_.rs:3:16\n  |\n3 |     let sum1 = sum_divisors(num1);\n  |                ^^^^^^^^^^^^ not found in this scope\n\nerror[E0425]: cannot find function `sum_divisors` in this scope\n --> /tmp/tmpiyqowxy_.rs:4:16\n  |\n4 |     let sum2 = sum_divisors(num2);\n  |                ^^^^^^^^^^^^ not found in this scope\n\nerror: aborting due to 2 previous errors\n\nFor more information about this error, try `rustc --explain E0425`.\n",
      "exit_code": 1,
      "status": "SyntaxError"
    },
    {
      "program": "/// Write a function to determine if the sum of the divisors of two integers are the same.\nfn are_equivalent(num1: isize, num2: isize) -> bool {\n    let divisors1 = get_divisors(num1);\n    let divisors2 = get_divisors(num2);\n    divisors1.iter().sum::<isize>() == divisors2.iter().sum::<isize>()\n}\n\nfn main() {\n    let candidate = are_equivalent;\n    assert_eq!(candidate(36, 57), false);\n    assert_eq!(candidate(2, 4), false);\n    assert_eq!(candidate(23, 47), true);\n}\n",
      "timestamp": 1665509736,
      "stdout": "",
      "stderr": "error[E0425]: cannot find function `get_divisors` in this scope\n --> /tmp/tmp0h7y8mcn.rs:3:21\n  |\n3 |     let divisors1 = get_divisors(num1);\n  |                     ^^^^^^^^^^^^ not found in this scope\n\nerror[E0425]: cannot find function `get_divisors` in this scope\n --> /tmp/tmp0h7y8mcn.rs:4:21\n  |\n4 |     let divisors2 = get_divisors(num2);\n  |                     ^^^^^^^^^^^^ not found in this scope\n\nerror: aborting due to 2 previous errors\n\nFor more information about this error, try `rustc --explain E0425`.\n",
      "exit_code": 1,
      "status": "SyntaxError"
    },
    {
      "program": "/// Write a function to determine if the sum of the divisors of two integers are the same.\nfn are_equivalent(num1: isize, num2: isize) -> bool {\n    let sum1 = sum_divisors(num1);\n    let sum2 = sum_divisors(num2);\n    sum1 == sum2\n}\n\nfn main() {\n    let candidate = are_equivalent;\n    assert_eq!(candidate(36, 57), false);\n    assert_eq!(candidate(2, 4), false);\n    assert_eq!(candidate(23, 47), true);\n}\n",
      "timestamp": 1665509736,
      "stdout": "",
      "stderr": "error[E0425]: cannot find function `sum_divisors` in this scope\n --> /tmp/tmpiyqowxy_.rs:3:16\n  |\n3 |     let sum1 = sum_divisors(num1);\n  |                ^^^^^^^^^^^^ not found in this scope\n\nerror[E0425]: cannot find function `sum_divisors` in this scope\n --> /tmp/tmpiyqowxy_.rs:4:16\n  |\n4 |     let sum2 = sum_divisors(num2);\n  |                ^^^^^^^^^^^^ not found in this scope\n\nerror: aborting due to 2 previous errors\n\nFor more information about this error, try `rustc --explain E0425`.\n",
      "exit_code": 1,
      "status": "SyntaxError"
    },
    {
      "program": "/// Write a function to determine if the sum of the divisors of two integers are the same.\nfn are_equivalent(num1: isize, num2: isize) -> bool {\n    let sum1 = sum_of_divisors(num1);\n    let sum2 = sum_of_divisors(num2);\n    sum1 == sum2\n}\n\nfn main() {\n    let candidate = are_equivalent;\n    assert_eq!(candidate(36, 57), false);\n    assert_eq!(candidate(2, 4), false);\n    assert_eq!(candidate(23, 47), true);\n}\n",
      "timestamp": 1665509736,
      "stdout": "",
      "stderr": "error[E0425]: cannot find function `sum_of_divisors` in this scope\n --> /tmp/tmpp4ulezkm.rs:3:16\n  |\n3 |     let sum1 = sum_of_divisors(num1);\n  |                ^^^^^^^^^^^^^^^ not found in this scope\n\nerror[E0425]: cannot find function `sum_of_divisors` in this scope\n --> /tmp/tmpp4ulezkm.rs:4:16\n  |\n4 |     let sum2 = sum_of_divisors(num2);\n  |                ^^^^^^^^^^^^^^^ not found in this scope\n\nerror: aborting due to 2 previous errors\n\nFor more information about this error, try `rustc --explain E0425`.\n",
      "exit_code": 1,
      "status": "SyntaxError"
    },
    {
      "program": "/// Write a function to determine if the sum of the divisors of two integers are the same.\nfn are_equivalent(num1: isize, num2: isize) -> bool {\n    let sum1 = sum_divisors(num1);\n    let sum2 = sum_divisors(num2);\n    sum1 == sum2\n}\n\nfn main() {\n    let candidate = are_equivalent;\n    assert_eq!(candidate(36, 57), false);\n    assert_eq!(candidate(2, 4), false);\n    assert_eq!(candidate(23, 47), true);\n}\n",
      "timestamp": 1665509736,
      "stdout": "",
      "stderr": "error[E0425]: cannot find function `sum_divisors` in this scope\n --> /tmp/tmpiyqowxy_.rs:3:16\n  |\n3 |     let sum1 = sum_divisors(num1);\n  |                ^^^^^^^^^^^^ not found in this scope\n\nerror[E0425]: cannot find function `sum_divisors` in this scope\n --> /tmp/tmpiyqowxy_.rs:4:16\n  |\n4 |     let sum2 = sum_divisors(num2);\n  |                ^^^^^^^^^^^^ not found in this scope\n\nerror: aborting due to 2 previous errors\n\nFor more information about this error, try `rustc --explain E0425`.\n",
      "exit_code": 1,
      "status": "SyntaxError"
    },
    {
      "program": "/// Write a function to determine if the sum of the divisors of two integers are the same.\nfn are_equivalent(num1: isize, num2: isize) -> bool {\n    let divisors1 = get_divisors(num1);\n    let divisors2 = get_divisors(num2);\n    divisors1.iter().sum::<isize>() == divisors2.iter().sum::<isize>()\n}\n\nfn main() {\n    let candidate = are_equivalent;\n    assert_eq!(candidate(36, 57), false);\n    assert_eq!(candidate(2, 4), false);\n    assert_eq!(candidate(23, 47), true);\n}\n",
      "timestamp": 1665509736,
      "stdout": "",
      "stderr": "error[E0425]: cannot find function `get_divisors` in this scope\n --> /tmp/tmp0h7y8mcn.rs:3:21\n  |\n3 |     let divisors1 = get_divisors(num1);\n  |                     ^^^^^^^^^^^^ not found in this scope\n\nerror[E0425]: cannot find function `get_divisors` in this scope\n --> /tmp/tmp0h7y8mcn.rs:4:21\n  |\n4 |     let divisors2 = get_divisors(num2);\n  |                     ^^^^^^^^^^^^ not found in this scope\n\nerror: aborting due to 2 previous errors\n\nFor more information about this error, try `rustc --explain E0425`.\n",
      "exit_code": 1,
      "status": "SyntaxError"
    },
    {
      "program": "/// Write a function to determine if the sum of the divisors of two integers are the same.\nfn are_equivalent(num1: isize, num2: isize) -> bool {\n    let sum1 = sum_divisors(num1);\n    let sum2 = sum_divisors(num2);\n    sum1 == sum2\n}\n\nfn main() {\n    let candidate = are_equivalent;\n    assert_eq!(candidate(36, 57), false);\n    assert_eq!(candidate(2, 4), false);\n    assert_eq!(candidate(23, 47), true);\n}\n",
      "timestamp": 1665509736,
      "stdout": "",
      "stderr": "error[E0425]: cannot find function `sum_divisors` in this scope\n --> /tmp/tmpiyqowxy_.rs:3:16\n  |\n3 |     let sum1 = sum_divisors(num1);\n  |                ^^^^^^^^^^^^ not found in this scope\n\nerror[E0425]: cannot find function `sum_divisors` in this scope\n --> /tmp/tmpiyqowxy_.rs:4:16\n  |\n4 |     let sum2 = sum_divisors(num2);\n  |                ^^^^^^^^^^^^ not found in this scope\n\nerror: aborting due to 2 previous errors\n\nFor more information about this error, try `rustc --explain E0425`.\n",
      "exit_code": 1,
      "status": "SyntaxError"
    },
    {
      "program": "/// Write a function to determine if the sum of the divisors of two integers are the same.\nfn are_equivalent(num1: isize, num2: isize) -> bool {\n    let sum1 = sum_divisors(num1);\n    let sum2 = sum_divisors(num2);\n    sum1 == sum2\n}\n\nfn main() {\n    let candidate = are_equivalent;\n    assert_eq!(candidate(36, 57), false);\n    assert_eq!(candidate(2, 4), false);\n    assert_eq!(candidate(23, 47), true);\n}\n",
      "timestamp": 1665509736,
      "stdout": "",
      "stderr": "error[E0425]: cannot find function `sum_divisors` in this scope\n --> /tmp/tmpiyqowxy_.rs:3:16\n  |\n3 |     let sum1 = sum_divisors(num1);\n  |                ^^^^^^^^^^^^ not found in this scope\n\nerror[E0425]: cannot find function `sum_divisors` in this scope\n --> /tmp/tmpiyqowxy_.rs:4:16\n  |\n4 |     let sum2 = sum_divisors(num2);\n  |                ^^^^^^^^^^^^ not found in this scope\n\nerror: aborting due to 2 previous errors\n\nFor more information about this error, try `rustc --explain E0425`.\n",
      "exit_code": 1,
      "status": "SyntaxError"
    },
    {
      "program": "/// Write a function to determine if the sum of the divisors of two integers are the same.\nfn are_equivalent(num1: isize, num2: isize) -> bool {\n    let divisors1 = get_divisors(num1);\n    let divisors2 = get_divisors(num2);\n    let sum1 = divisors1.iter().fold(0, |acc, x| acc + x);\n    let sum2 = divisors2.iter().fold(0, |acc, x| acc + x);\n    sum1 == sum2\n}\n\nfn main() {\n    let candidate = are_equivalent;\n    assert_eq!(candidate(36, 57), false);\n    assert_eq!(candidate(2, 4), false);\n    assert_eq!(candidate(23, 47), true);\n}\n",
      "timestamp": 1666123978,
      "stdout": "",
      "stderr": "error[E0425]: cannot find function `get_divisors` in this scope\n --> /tmp/tmpht7ao57w.rs:3:21\n  |\n3 |     let divisors1 = get_divisors(num1);\n  |                     ^^^^^^^^^^^^ not found in this scope\n\nerror[E0425]: cannot find function `get_divisors` in this scope\n --> /tmp/tmpht7ao57w.rs:4:21\n  |\n4 |     let divisors2 = get_divisors(num2);\n  |                     ^^^^^^^^^^^^ not found in this scope\n\nerror: aborting due to 2 previous errors\n\nFor more information about this error, try `rustc --explain E0425`.\n",
      "exit_code": 1,
      "status": "SyntaxError"
    },
    {
      "program": "/// Write a function to determine if the sum of the divisors of two integers are the same.\nfn are_equivalent(num1: isize, num2: isize) -> bool {\n    let sum1 = sum_divisors(num1);\n    let sum2 = sum_divisors(num2);\n    sum1 == sum2\n}\n\nfn main() {\n    let candidate = are_equivalent;\n    assert_eq!(candidate(36, 57), false);\n    assert_eq!(candidate(2, 4), false);\n    assert_eq!(candidate(23, 47), true);\n}\n",
      "timestamp": 1665509736,
      "stdout": "",
      "stderr": "error[E0425]: cannot find function `sum_divisors` in this scope\n --> /tmp/tmpiyqowxy_.rs:3:16\n  |\n3 |     let sum1 = sum_divisors(num1);\n  |                ^^^^^^^^^^^^ not found in this scope\n\nerror[E0425]: cannot find function `sum_divisors` in this scope\n --> /tmp/tmpiyqowxy_.rs:4:16\n  |\n4 |     let sum2 = sum_divisors(num2);\n  |                ^^^^^^^^^^^^ not found in this scope\n\nerror: aborting due to 2 previous errors\n\nFor more information about this error, try `rustc --explain E0425`.\n",
      "exit_code": 1,
      "status": "SyntaxError"
    },
    {
      "program": "/// Write a function to determine if the sum of the divisors of two integers are the same.\nfn are_equivalent(num1: isize, num2: isize) -> bool {\n    let sum1 = sum_divisors(num1);\n    let sum2 = sum_divisors(num2);\n    sum1 == sum2\n}\n\nfn main() {\n    let candidate = are_equivalent;\n    assert_eq!(candidate(36, 57), false);\n    assert_eq!(candidate(2, 4), false);\n    assert_eq!(candidate(23, 47), true);\n}\n",
      "timestamp": 1665509736,
      "stdout": "",
      "stderr": "error[E0425]: cannot find function `sum_divisors` in this scope\n --> /tmp/tmpiyqowxy_.rs:3:16\n  |\n3 |     let sum1 = sum_divisors(num1);\n  |                ^^^^^^^^^^^^ not found in this scope\n\nerror[E0425]: cannot find function `sum_divisors` in this scope\n --> /tmp/tmpiyqowxy_.rs:4:16\n  |\n4 |     let sum2 = sum_divisors(num2);\n  |                ^^^^^^^^^^^^ not found in this scope\n\nerror: aborting due to 2 previous errors\n\nFor more information about this error, try `rustc --explain E0425`.\n",
      "exit_code": 1,
      "status": "SyntaxError"
    },
    {
      "program": "/// Write a function to determine if the sum of the divisors of two integers are the same.\nfn are_equivalent(num1: isize, num2: isize) -> bool {\n    let sum1 = sum_divisors(num1);\n    let sum2 = sum_divisors(num2);\n    sum1 == sum2\n}\n\nfn main() {\n    let candidate = are_equivalent;\n    assert_eq!(candidate(36, 57), false);\n    assert_eq!(candidate(2, 4), false);\n    assert_eq!(candidate(23, 47), true);\n}\n",
      "timestamp": 1665509736,
      "stdout": "",
      "stderr": "error[E0425]: cannot find function `sum_divisors` in this scope\n --> /tmp/tmpiyqowxy_.rs:3:16\n  |\n3 |     let sum1 = sum_divisors(num1);\n  |                ^^^^^^^^^^^^ not found in this scope\n\nerror[E0425]: cannot find function `sum_divisors` in this scope\n --> /tmp/tmpiyqowxy_.rs:4:16\n  |\n4 |     let sum2 = sum_divisors(num2);\n  |                ^^^^^^^^^^^^ not found in this scope\n\nerror: aborting due to 2 previous errors\n\nFor more information about this error, try `rustc --explain E0425`.\n",
      "exit_code": 1,
      "status": "SyntaxError"
    },
    {
      "program": "/// Write a function to determine if the sum of the divisors of two integers are the same.\nfn are_equivalent(num1: isize, num2: isize) -> bool {\n    let sum1 = sum_divisors(num1);\n    let sum2 = sum_divisors(num2);\n    sum1 == sum2\n}\n\nfn main() {\n    let candidate = are_equivalent;\n    assert_eq!(candidate(36, 57), false);\n    assert_eq!(candidate(2, 4), false);\n    assert_eq!(candidate(23, 47), true);\n}\n",
      "timestamp": 1665509736,
      "stdout": "",
      "stderr": "error[E0425]: cannot find function `sum_divisors` in this scope\n --> /tmp/tmpiyqowxy_.rs:3:16\n  |\n3 |     let sum1 = sum_divisors(num1);\n  |                ^^^^^^^^^^^^ not found in this scope\n\nerror[E0425]: cannot find function `sum_divisors` in this scope\n --> /tmp/tmpiyqowxy_.rs:4:16\n  |\n4 |     let sum2 = sum_divisors(num2);\n  |                ^^^^^^^^^^^^ not found in this scope\n\nerror: aborting due to 2 previous errors\n\nFor more information about this error, try `rustc --explain E0425`.\n",
      "exit_code": 1,
      "status": "SyntaxError"
    },
    {
      "program": "/// Write a function to determine if the sum of the divisors of two integers are the same.\nfn are_equivalent(num1: isize, num2: isize) -> bool {\n    let divisors1 = get_divisors(num1);\n    let divisors2 = get_divisors(num2);\n    divisors1.iter().sum::<isize>() == divisors2.iter().sum::<isize>()\n}\n\nfn main() {\n    let candidate = are_equivalent;\n    assert_eq!(candidate(36, 57), false);\n    assert_eq!(candidate(2, 4), false);\n    assert_eq!(candidate(23, 47), true);\n}\n",
      "timestamp": 1665509736,
      "stdout": "",
      "stderr": "error[E0425]: cannot find function `get_divisors` in this scope\n --> /tmp/tmp0h7y8mcn.rs:3:21\n  |\n3 |     let divisors1 = get_divisors(num1);\n  |                     ^^^^^^^^^^^^ not found in this scope\n\nerror[E0425]: cannot find function `get_divisors` in this scope\n --> /tmp/tmp0h7y8mcn.rs:4:21\n  |\n4 |     let divisors2 = get_divisors(num2);\n  |                     ^^^^^^^^^^^^ not found in this scope\n\nerror: aborting due to 2 previous errors\n\nFor more information about this error, try `rustc --explain E0425`.\n",
      "exit_code": 1,
      "status": "SyntaxError"
    },
    {
      "program": "/// Write a function to determine if the sum of the divisors of two integers are the same.\nfn are_equivalent(num1: isize, num2: isize) -> bool {\n    let divisors1 = divisors(num1);\n    let divisors2 = divisors(num2);\n    divisors1.iter().sum::<isize>() == divisors2.iter().sum::<isize>()\n}\n\nfn main() {\n    let candidate = are_equivalent;\n    assert_eq!(candidate(36, 57), false);\n    assert_eq!(candidate(2, 4), false);\n    assert_eq!(candidate(23, 47), true);\n}\n",
      "timestamp": 1665509736,
      "stdout": "",
      "stderr": "error[E0425]: cannot find function `divisors` in this scope\n --> /tmp/tmpxph2wksj.rs:3:21\n  |\n3 |     let divisors1 = divisors(num1);\n  |                     ^^^^^^^^ not found in this scope\n\nerror[E0425]: cannot find function `divisors` in this scope\n --> /tmp/tmpxph2wksj.rs:4:21\n  |\n4 |     let divisors2 = divisors(num2);\n  |                     ^^^^^^^^ help: a local variable with a similar name exists: `divisors1`\n\nerror: aborting due to 2 previous errors\n\nFor more information about this error, try `rustc --explain E0425`.\n",
      "exit_code": 1,
      "status": "SyntaxError"
    },
    {
      "program": "/// Write a function to determine if the sum of the divisors of two integers are the same.\nfn are_equivalent(num1: isize, num2: isize) -> bool {\n    let sum1 = sum_divisors(num1);\n    let sum2 = sum_divisors(num2);\n\n    sum1 == sum2\n}\n\nfn main() {\n    let candidate = are_equivalent;\n    assert_eq!(candidate(36, 57), false);\n    assert_eq!(candidate(2, 4), false);\n    assert_eq!(candidate(23, 47), true);\n}\n",
      "timestamp": 1666123978,
      "stdout": "",
      "stderr": "error[E0425]: cannot find function `sum_divisors` in this scope\n --> /tmp/tmpylikdxk4.rs:3:16\n  |\n3 |     let sum1 = sum_divisors(num1);\n  |                ^^^^^^^^^^^^ not found in this scope\n\nerror[E0425]: cannot find function `sum_divisors` in this scope\n --> /tmp/tmpylikdxk4.rs:4:16\n  |\n4 |     let sum2 = sum_divisors(num2);\n  |                ^^^^^^^^^^^^ not found in this scope\n\nerror: aborting due to 2 previous errors\n\nFor more information about this error, try `rustc --explain E0425`.\n",
      "exit_code": 1,
      "status": "SyntaxError"
    },
    {
      "program": "/// Write a function to determine if the sum of the divisors of two integers are the same.\nfn are_equivalent(num1: isize, num2: isize) -> bool {\n    sum_of_divisors(num1) == sum_of_divisors(num2)\n}\n\nfn main() {\n    let candidate = are_equivalent;\n    assert_eq!(candidate(36, 57), false);\n    assert_eq!(candidate(2, 4), false);\n    assert_eq!(candidate(23, 47), true);\n}\n",
      "timestamp": 1666123978,
      "stdout": "",
      "stderr": "error[E0425]: cannot find function `sum_of_divisors` in this scope\n --> /tmp/tmpcyolz3hb.rs:3:5\n  |\n3 |     sum_of_divisors(num1) == sum_of_divisors(num2)\n  |     ^^^^^^^^^^^^^^^ not found in this scope\n\nerror[E0425]: cannot find function `sum_of_divisors` in this scope\n --> /tmp/tmpcyolz3hb.rs:3:30\n  |\n3 |     sum_of_divisors(num1) == sum_of_divisors(num2)\n  |                              ^^^^^^^^^^^^^^^ not found in this scope\n\nerror: aborting due to 2 previous errors\n\nFor more information about this error, try `rustc --explain E0425`.\n",
      "exit_code": 1,
      "status": "SyntaxError"
    },
    {
      "program": "/// Write a function to determine if the sum of the divisors of two integers are the same.\nfn are_equivalent(num1: isize, num2: isize) -> bool {\n    let mut sum1 = 0;\n    let mut sum2 = 0;\n\n    for i in 1..num1 {\n        if num1 % i == 0 {\n            sum1 += i;\n        }\n    }\n\n    for i in 1..num2 {\n        if num2 % i == 0 {\n            sum2 += i;\n        }\n    }\n\n    sum1 == sum2\n}\n\nfn main() {\n    let candidate = are_equivalent;\n    assert_eq!(candidate(36, 57), false);\n    assert_eq!(candidate(2, 4), false);\n    assert_eq!(candidate(23, 47), true);\n}\n",
      "timestamp": 1666123979,
      "stdout": "",
      "stderr": "",
      "exit_code": 0,
      "status": "OK"
    },
    {
      "program": "/// Write a function to determine if the sum of the divisors of two integers are the same.\nfn are_equivalent(num1: isize, num2: isize) -> bool {\n    let sum1 = sum_divisors(num1);\n    let sum2 = sum_divisors(num2);\n    sum1 == sum2\n}\n\nfn main() {\n    let candidate = are_equivalent;\n    assert_eq!(candidate(36, 57), false);\n    assert_eq!(candidate(2, 4), false);\n    assert_eq!(candidate(23, 47), true);\n}\n",
      "timestamp": 1665509736,
      "stdout": "",
      "stderr": "error[E0425]: cannot find function `sum_divisors` in this scope\n --> /tmp/tmpiyqowxy_.rs:3:16\n  |\n3 |     let sum1 = sum_divisors(num1);\n  |                ^^^^^^^^^^^^ not found in this scope\n\nerror[E0425]: cannot find function `sum_divisors` in this scope\n --> /tmp/tmpiyqowxy_.rs:4:16\n  |\n4 |     let sum2 = sum_divisors(num2);\n  |                ^^^^^^^^^^^^ not found in this scope\n\nerror: aborting due to 2 previous errors\n\nFor more information about this error, try `rustc --explain E0425`.\n",
      "exit_code": 1,
      "status": "SyntaxError"
    },
    {
      "program": "/// Write a function to determine if the sum of the divisors of two integers are the same.\nfn are_equivalent(num1: isize, num2: isize) -> bool {\n    let sum1 = sum_divisors(num1);\n    let sum2 = sum_divisors(num2);\n    sum1 == sum2\n}\n\nfn main() {\n    let candidate = are_equivalent;\n    assert_eq!(candidate(36, 57), false);\n    assert_eq!(candidate(2, 4), false);\n    assert_eq!(candidate(23, 47), true);\n}\n",
      "timestamp": 1665509736,
      "stdout": "",
      "stderr": "error[E0425]: cannot find function `sum_divisors` in this scope\n --> /tmp/tmpiyqowxy_.rs:3:16\n  |\n3 |     let sum1 = sum_divisors(num1);\n  |                ^^^^^^^^^^^^ not found in this scope\n\nerror[E0425]: cannot find function `sum_divisors` in this scope\n --> /tmp/tmpiyqowxy_.rs:4:16\n  |\n4 |     let sum2 = sum_divisors(num2);\n  |                ^^^^^^^^^^^^ not found in this scope\n\nerror: aborting due to 2 previous errors\n\nFor more information about this error, try `rustc --explain E0425`.\n",
      "exit_code": 1,
      "status": "SyntaxError"
    },
    {
      "program": "/// Write a function to determine if the sum of the divisors of two integers are the same.\nfn are_equivalent(num1: isize, num2: isize) -> bool {\n    let sum1 = sum_divisors(num1);\n    let sum2 = sum_divisors(num2);\n    sum1 == sum2\n}\n\nfn main() {\n    let candidate = are_equivalent;\n    assert_eq!(candidate(36, 57), false);\n    assert_eq!(candidate(2, 4), false);\n    assert_eq!(candidate(23, 47), true);\n}\n",
      "timestamp": 1665509736,
      "stdout": "",
      "stderr": "error[E0425]: cannot find function `sum_divisors` in this scope\n --> /tmp/tmpiyqowxy_.rs:3:16\n  |\n3 |     let sum1 = sum_divisors(num1);\n  |                ^^^^^^^^^^^^ not found in this scope\n\nerror[E0425]: cannot find function `sum_divisors` in this scope\n --> /tmp/tmpiyqowxy_.rs:4:16\n  |\n4 |     let sum2 = sum_divisors(num2);\n  |                ^^^^^^^^^^^^ not found in this scope\n\nerror: aborting due to 2 previous errors\n\nFor more information about this error, try `rustc --explain E0425`.\n",
      "exit_code": 1,
      "status": "SyntaxError"
    },
    {
      "program": "/// Write a function to determine if the sum of the divisors of two integers are the same.\nfn are_equivalent(num1: isize, num2: isize) -> bool {\n    let sum1 = sum_of_divisors(num1);\n    let sum2 = sum_of_divisors(num2);\n    sum1 == sum2\n}\n\nfn main() {\n    let candidate = are_equivalent;\n    assert_eq!(candidate(36, 57), false);\n    assert_eq!(candidate(2, 4), false);\n    assert_eq!(candidate(23, 47), true);\n}\n",
      "timestamp": 1665509736,
      "stdout": "",
      "stderr": "error[E0425]: cannot find function `sum_of_divisors` in this scope\n --> /tmp/tmpp4ulezkm.rs:3:16\n  |\n3 |     let sum1 = sum_of_divisors(num1);\n  |                ^^^^^^^^^^^^^^^ not found in this scope\n\nerror[E0425]: cannot find function `sum_of_divisors` in this scope\n --> /tmp/tmpp4ulezkm.rs:4:16\n  |\n4 |     let sum2 = sum_of_divisors(num2);\n  |                ^^^^^^^^^^^^^^^ not found in this scope\n\nerror: aborting due to 2 previous errors\n\nFor more information about this error, try `rustc --explain E0425`.\n",
      "exit_code": 1,
      "status": "SyntaxError"
    },
    {
      "program": "/// Write a function to determine if the sum of the divisors of two integers are the same.\nfn are_equivalent(num1: isize, num2: isize) -> bool {\n    let sum1 = sum_divisors(num1);\n    let sum2 = sum_divisors(num2);\n    sum1 == sum2\n}\n\nfn main() {\n    let candidate = are_equivalent;\n    assert_eq!(candidate(36, 57), false);\n    assert_eq!(candidate(2, 4), false);\n    assert_eq!(candidate(23, 47), true);\n}\n",
      "timestamp": 1665509736,
      "stdout": "",
      "stderr": "error[E0425]: cannot find function `sum_divisors` in this scope\n --> /tmp/tmpiyqowxy_.rs:3:16\n  |\n3 |     let sum1 = sum_divisors(num1);\n  |                ^^^^^^^^^^^^ not found in this scope\n\nerror[E0425]: cannot find function `sum_divisors` in this scope\n --> /tmp/tmpiyqowxy_.rs:4:16\n  |\n4 |     let sum2 = sum_divisors(num2);\n  |                ^^^^^^^^^^^^ not found in this scope\n\nerror: aborting due to 2 previous errors\n\nFor more information about this error, try `rustc --explain E0425`.\n",
      "exit_code": 1,
      "status": "SyntaxError"
    },
    {
      "program": "/// Write a function to determine if the sum of the divisors of two integers are the same.\nfn are_equivalent(num1: isize, num2: isize) -> bool {\n    let sum1 = sum_divisors(num1);\n    let sum2 = sum_divisors(num2);\n    sum1 == sum2\n}\n\nfn main() {\n    let candidate = are_equivalent;\n    assert_eq!(candidate(36, 57), false);\n    assert_eq!(candidate(2, 4), false);\n    assert_eq!(candidate(23, 47), true);\n}\n",
      "timestamp": 1665509736,
      "stdout": "",
      "stderr": "error[E0425]: cannot find function `sum_divisors` in this scope\n --> /tmp/tmpiyqowxy_.rs:3:16\n  |\n3 |     let sum1 = sum_divisors(num1);\n  |                ^^^^^^^^^^^^ not found in this scope\n\nerror[E0425]: cannot find function `sum_divisors` in this scope\n --> /tmp/tmpiyqowxy_.rs:4:16\n  |\n4 |     let sum2 = sum_divisors(num2);\n  |                ^^^^^^^^^^^^ not found in this scope\n\nerror: aborting due to 2 previous errors\n\nFor more information about this error, try `rustc --explain E0425`.\n",
      "exit_code": 1,
      "status": "SyntaxError"
    },
    {
      "program": "/// Write a function to determine if the sum of the divisors of two integers are the same.\nfn are_equivalent(num1: isize, num2: isize) -> bool {\n    let sum1 = sum_divisors(num1);\n    let sum2 = sum_divisors(num2);\n    sum1 == sum2\n}\n\nfn main() {\n    let candidate = are_equivalent;\n    assert_eq!(candidate(36, 57), false);\n    assert_eq!(candidate(2, 4), false);\n    assert_eq!(candidate(23, 47), true);\n}\n",
      "timestamp": 1665509736,
      "stdout": "",
      "stderr": "error[E0425]: cannot find function `sum_divisors` in this scope\n --> /tmp/tmpiyqowxy_.rs:3:16\n  |\n3 |     let sum1 = sum_divisors(num1);\n  |                ^^^^^^^^^^^^ not found in this scope\n\nerror[E0425]: cannot find function `sum_divisors` in this scope\n --> /tmp/tmpiyqowxy_.rs:4:16\n  |\n4 |     let sum2 = sum_divisors(num2);\n  |                ^^^^^^^^^^^^ not found in this scope\n\nerror: aborting due to 2 previous errors\n\nFor more information about this error, try `rustc --explain E0425`.\n",
      "exit_code": 1,
      "status": "SyntaxError"
    },
    {
      "program": "/// Write a function to determine if the sum of the divisors of two integers are the same.\nfn are_equivalent(num1: isize, num2: isize) -> bool {\n    let sum1 = sum_divisors(num1);\n    let sum2 = sum_divisors(num2);\n    sum1 == sum2\n}\n\nfn main() {\n    let candidate = are_equivalent;\n    assert_eq!(candidate(36, 57), false);\n    assert_eq!(candidate(2, 4), false);\n    assert_eq!(candidate(23, 47), true);\n}\n",
      "timestamp": 1665509736,
      "stdout": "",
      "stderr": "error[E0425]: cannot find function `sum_divisors` in this scope\n --> /tmp/tmpiyqowxy_.rs:3:16\n  |\n3 |     let sum1 = sum_divisors(num1);\n  |                ^^^^^^^^^^^^ not found in this scope\n\nerror[E0425]: cannot find function `sum_divisors` in this scope\n --> /tmp/tmpiyqowxy_.rs:4:16\n  |\n4 |     let sum2 = sum_divisors(num2);\n  |                ^^^^^^^^^^^^ not found in this scope\n\nerror: aborting due to 2 previous errors\n\nFor more information about this error, try `rustc --explain E0425`.\n",
      "exit_code": 1,
      "status": "SyntaxError"
    },
    {
      "program": "/// Write a function to determine if the sum of the divisors of two integers are the same.\nfn are_equivalent(num1: isize, num2: isize) -> bool {\n    let sum1 = sum_divisors(num1);\n    let sum2 = sum_divisors(num2);\n    sum1 == sum2\n}\n\nfn main() {\n    let candidate = are_equivalent;\n    assert_eq!(candidate(36, 57), false);\n    assert_eq!(candidate(2, 4), false);\n    assert_eq!(candidate(23, 47), true);\n}\n",
      "timestamp": 1665509736,
      "stdout": "",
      "stderr": "error[E0425]: cannot find function `sum_divisors` in this scope\n --> /tmp/tmpiyqowxy_.rs:3:16\n  |\n3 |     let sum1 = sum_divisors(num1);\n  |                ^^^^^^^^^^^^ not found in this scope\n\nerror[E0425]: cannot find function `sum_divisors` in this scope\n --> /tmp/tmpiyqowxy_.rs:4:16\n  |\n4 |     let sum2 = sum_divisors(num2);\n  |                ^^^^^^^^^^^^ not found in this scope\n\nerror: aborting due to 2 previous errors\n\nFor more information about this error, try `rustc --explain E0425`.\n",
      "exit_code": 1,
      "status": "SyntaxError"
    },
    {
      "program": "/// Write a function to determine if the sum of the divisors of two integers are the same.\nfn are_equivalent(num1: isize, num2: isize) -> bool {\n    let divisors1 = divisors(num1);\n    let divisors2 = divisors(num2);\n    divisors1.iter().sum::<isize>() == divisors2.iter().sum::<isize>()\n}\n\nfn main() {\n    let candidate = are_equivalent;\n    assert_eq!(candidate(36, 57), false);\n    assert_eq!(candidate(2, 4), false);\n    assert_eq!(candidate(23, 47), true);\n}\n",
      "timestamp": 1665509736,
      "stdout": "",
      "stderr": "error[E0425]: cannot find function `divisors` in this scope\n --> /tmp/tmpxph2wksj.rs:3:21\n  |\n3 |     let divisors1 = divisors(num1);\n  |                     ^^^^^^^^ not found in this scope\n\nerror[E0425]: cannot find function `divisors` in this scope\n --> /tmp/tmpxph2wksj.rs:4:21\n  |\n4 |     let divisors2 = divisors(num2);\n  |                     ^^^^^^^^ help: a local variable with a similar name exists: `divisors1`\n\nerror: aborting due to 2 previous errors\n\nFor more information about this error, try `rustc --explain E0425`.\n",
      "exit_code": 1,
      "status": "SyntaxError"
    },
    {
      "program": "/// Write a function to determine if the sum of the divisors of two integers are the same.\nfn are_equivalent(num1: isize, num2: isize) -> bool {\n    let sum1 = sum_divisors(num1);\n    let sum2 = sum_divisors(num2);\n    sum1 == sum2\n}\n\nfn main() {\n    let candidate = are_equivalent;\n    assert_eq!(candidate(36, 57), false);\n    assert_eq!(candidate(2, 4), false);\n    assert_eq!(candidate(23, 47), true);\n}\n",
      "timestamp": 1665509736,
      "stdout": "",
      "stderr": "error[E0425]: cannot find function `sum_divisors` in this scope\n --> /tmp/tmpiyqowxy_.rs:3:16\n  |\n3 |     let sum1 = sum_divisors(num1);\n  |                ^^^^^^^^^^^^ not found in this scope\n\nerror[E0425]: cannot find function `sum_divisors` in this scope\n --> /tmp/tmpiyqowxy_.rs:4:16\n  |\n4 |     let sum2 = sum_divisors(num2);\n  |                ^^^^^^^^^^^^ not found in this scope\n\nerror: aborting due to 2 previous errors\n\nFor more information about this error, try `rustc --explain E0425`.\n",
      "exit_code": 1,
      "status": "SyntaxError"
    },
    {
      "program": "/// Write a function to determine if the sum of the divisors of two integers are the same.\nfn are_equivalent(num1: isize, num2: isize) -> bool {\n    let sum1 = sum_divisors(num1);\n    let sum2 = sum_divisors(num2);\n    sum1 == sum2\n}\n\nfn main() {\n    let candidate = are_equivalent;\n    assert_eq!(candidate(36, 57), false);\n    assert_eq!(candidate(2, 4), false);\n    assert_eq!(candidate(23, 47), true);\n}\n",
      "timestamp": 1665509736,
      "stdout": "",
      "stderr": "error[E0425]: cannot find function `sum_divisors` in this scope\n --> /tmp/tmpiyqowxy_.rs:3:16\n  |\n3 |     let sum1 = sum_divisors(num1);\n  |                ^^^^^^^^^^^^ not found in this scope\n\nerror[E0425]: cannot find function `sum_divisors` in this scope\n --> /tmp/tmpiyqowxy_.rs:4:16\n  |\n4 |     let sum2 = sum_divisors(num2);\n  |                ^^^^^^^^^^^^ not found in this scope\n\nerror: aborting due to 2 previous errors\n\nFor more information about this error, try `rustc --explain E0425`.\n",
      "exit_code": 1,
      "status": "SyntaxError"
    },
    {
      "program": "/// Write a function to determine if the sum of the divisors of two integers are the same.\nfn are_equivalent(num1: isize, num2: isize) -> bool {\n    let sum1 = sum_of_divisors(num1);\n    let sum2 = sum_of_divisors(num2);\n    sum1 == sum2\n}\n\nfn main() {\n    let candidate = are_equivalent;\n    assert_eq!(candidate(36, 57), false);\n    assert_eq!(candidate(2, 4), false);\n    assert_eq!(candidate(23, 47), true);\n}\n",
      "timestamp": 1665509736,
      "stdout": "",
      "stderr": "error[E0425]: cannot find function `sum_of_divisors` in this scope\n --> /tmp/tmpp4ulezkm.rs:3:16\n  |\n3 |     let sum1 = sum_of_divisors(num1);\n  |                ^^^^^^^^^^^^^^^ not found in this scope\n\nerror[E0425]: cannot find function `sum_of_divisors` in this scope\n --> /tmp/tmpp4ulezkm.rs:4:16\n  |\n4 |     let sum2 = sum_of_divisors(num2);\n  |                ^^^^^^^^^^^^^^^ not found in this scope\n\nerror: aborting due to 2 previous errors\n\nFor more information about this error, try `rustc --explain E0425`.\n",
      "exit_code": 1,
      "status": "SyntaxError"
    },
    {
      "program": "/// Write a function to determine if the sum of the divisors of two integers are the same.\nfn are_equivalent(num1: isize, num2: isize) -> bool {\n    let divisors1 = divisors(num1);\n    let divisors2 = divisors(num2);\n    divisors1.iter().sum::<isize>() == divisors2.iter().sum::<isize>()\n}\n\nfn main() {\n    let candidate = are_equivalent;\n    assert_eq!(candidate(36, 57), false);\n    assert_eq!(candidate(2, 4), false);\n    assert_eq!(candidate(23, 47), true);\n}\n",
      "timestamp": 1665509736,
      "stdout": "",
      "stderr": "error[E0425]: cannot find function `divisors` in this scope\n --> /tmp/tmpxph2wksj.rs:3:21\n  |\n3 |     let divisors1 = divisors(num1);\n  |                     ^^^^^^^^ not found in this scope\n\nerror[E0425]: cannot find function `divisors` in this scope\n --> /tmp/tmpxph2wksj.rs:4:21\n  |\n4 |     let divisors2 = divisors(num2);\n  |                     ^^^^^^^^ help: a local variable with a similar name exists: `divisors1`\n\nerror: aborting due to 2 previous errors\n\nFor more information about this error, try `rustc --explain E0425`.\n",
      "exit_code": 1,
      "status": "SyntaxError"
    },
    {
      "program": "/// Write a function to determine if the sum of the divisors of two integers are the same.\nfn are_equivalent(num1: isize, num2: isize) -> bool {\n    let sum1 = sum_divisors(num1);\n    let sum2 = sum_divisors(num2);\n    sum1 == sum2\n}\n\nfn main() {\n    let candidate = are_equivalent;\n    assert_eq!(candidate(36, 57), false);\n    assert_eq!(candidate(2, 4), false);\n    assert_eq!(candidate(23, 47), true);\n}\n",
      "timestamp": 1665509736,
      "stdout": "",
      "stderr": "error[E0425]: cannot find function `sum_divisors` in this scope\n --> /tmp/tmpiyqowxy_.rs:3:16\n  |\n3 |     let sum1 = sum_divisors(num1);\n  |                ^^^^^^^^^^^^ not found in this scope\n\nerror[E0425]: cannot find function `sum_divisors` in this scope\n --> /tmp/tmpiyqowxy_.rs:4:16\n  |\n4 |     let sum2 = sum_divisors(num2);\n  |                ^^^^^^^^^^^^ not found in this scope\n\nerror: aborting due to 2 previous errors\n\nFor more information about this error, try `rustc --explain E0425`.\n",
      "exit_code": 1,
      "status": "SyntaxError"
    },
    {
      "program": "/// Write a function to determine if the sum of the divisors of two integers are the same.\nfn are_equivalent(num1: isize, num2: isize) -> bool {\n    let sum1 = sum_divisors(num1);\n    let sum2 = sum_divisors(num2);\n    sum1 == sum2\n}\n\nfn main() {\n    let candidate = are_equivalent;\n    assert_eq!(candidate(36, 57), false);\n    assert_eq!(candidate(2, 4), false);\n    assert_eq!(candidate(23, 47), true);\n}\n",
      "timestamp": 1665509736,
      "stdout": "",
      "stderr": "error[E0425]: cannot find function `sum_divisors` in this scope\n --> /tmp/tmpiyqowxy_.rs:3:16\n  |\n3 |     let sum1 = sum_divisors(num1);\n  |                ^^^^^^^^^^^^ not found in this scope\n\nerror[E0425]: cannot find function `sum_divisors` in this scope\n --> /tmp/tmpiyqowxy_.rs:4:16\n  |\n4 |     let sum2 = sum_divisors(num2);\n  |                ^^^^^^^^^^^^ not found in this scope\n\nerror: aborting due to 2 previous errors\n\nFor more information about this error, try `rustc --explain E0425`.\n",
      "exit_code": 1,
      "status": "SyntaxError"
    },
    {
      "program": "/// Write a function to determine if the sum of the divisors of two integers are the same.\nfn are_equivalent(num1: isize, num2: isize) -> bool {\n    let divisors1 = get_divisors(num1);\n    let divisors2 = get_divisors(num2);\n    divisors1.iter().sum::<isize>() == divisors2.iter().sum::<isize>()\n}\n\nfn main() {\n    let candidate = are_equivalent;\n    assert_eq!(candidate(36, 57), false);\n    assert_eq!(candidate(2, 4), false);\n    assert_eq!(candidate(23, 47), true);\n}\n",
      "timestamp": 1665509736,
      "stdout": "",
      "stderr": "error[E0425]: cannot find function `get_divisors` in this scope\n --> /tmp/tmp0h7y8mcn.rs:3:21\n  |\n3 |     let divisors1 = get_divisors(num1);\n  |                     ^^^^^^^^^^^^ not found in this scope\n\nerror[E0425]: cannot find function `get_divisors` in this scope\n --> /tmp/tmp0h7y8mcn.rs:4:21\n  |\n4 |     let divisors2 = get_divisors(num2);\n  |                     ^^^^^^^^^^^^ not found in this scope\n\nerror: aborting due to 2 previous errors\n\nFor more information about this error, try `rustc --explain E0425`.\n",
      "exit_code": 1,
      "status": "SyntaxError"
    },
    {
      "program": "/// Write a function to determine if the sum of the divisors of two integers are the same.\nfn are_equivalent(num1: isize, num2: isize) -> bool {\n    let divisors1 = get_divisors(num1);\n    let divisors2 = get_divisors(num2);\n    divisors1.iter().sum::<isize>() == divisors2.iter().sum::<isize>()\n}\n\nfn main() {\n    let candidate = are_equivalent;\n    assert_eq!(candidate(36, 57), false);\n    assert_eq!(candidate(2, 4), false);\n    assert_eq!(candidate(23, 47), true);\n}\n",
      "timestamp": 1665509736,
      "stdout": "",
      "stderr": "error[E0425]: cannot find function `get_divisors` in this scope\n --> /tmp/tmp0h7y8mcn.rs:3:21\n  |\n3 |     let divisors1 = get_divisors(num1);\n  |                     ^^^^^^^^^^^^ not found in this scope\n\nerror[E0425]: cannot find function `get_divisors` in this scope\n --> /tmp/tmp0h7y8mcn.rs:4:21\n  |\n4 |     let divisors2 = get_divisors(num2);\n  |                     ^^^^^^^^^^^^ not found in this scope\n\nerror: aborting due to 2 previous errors\n\nFor more information about this error, try `rustc --explain E0425`.\n",
      "exit_code": 1,
      "status": "SyntaxError"
    },
    {
      "program": "/// Write a function to determine if the sum of the divisors of two integers are the same.\nfn are_equivalent(num1: isize, num2: isize) -> bool {\n    let sum1 = sum_divisors(num1);\n    let sum2 = sum_divisors(num2);\n    sum1 == sum2\n}\n\nfn main() {\n    let candidate = are_equivalent;\n    assert_eq!(candidate(36, 57), false);\n    assert_eq!(candidate(2, 4), false);\n    assert_eq!(candidate(23, 47), true);\n}\n",
      "timestamp": 1665509736,
      "stdout": "",
      "stderr": "error[E0425]: cannot find function `sum_divisors` in this scope\n --> /tmp/tmpiyqowxy_.rs:3:16\n  |\n3 |     let sum1 = sum_divisors(num1);\n  |                ^^^^^^^^^^^^ not found in this scope\n\nerror[E0425]: cannot find function `sum_divisors` in this scope\n --> /tmp/tmpiyqowxy_.rs:4:16\n  |\n4 |     let sum2 = sum_divisors(num2);\n  |                ^^^^^^^^^^^^ not found in this scope\n\nerror: aborting due to 2 previous errors\n\nFor more information about this error, try `rustc --explain E0425`.\n",
      "exit_code": 1,
      "status": "SyntaxError"
    },
    {
      "program": "/// Write a function to determine if the sum of the divisors of two integers are the same.\nfn are_equivalent(num1: isize, num2: isize) -> bool {\n    let sum1 = sum_of_divisors(num1);\n    let sum2 = sum_of_divisors(num2);\n    sum1 == sum2\n}\n\nfn main() {\n    let candidate = are_equivalent;\n    assert_eq!(candidate(36, 57), false);\n    assert_eq!(candidate(2, 4), false);\n    assert_eq!(candidate(23, 47), true);\n}\n",
      "timestamp": 1665509736,
      "stdout": "",
      "stderr": "error[E0425]: cannot find function `sum_of_divisors` in this scope\n --> /tmp/tmpp4ulezkm.rs:3:16\n  |\n3 |     let sum1 = sum_of_divisors(num1);\n  |                ^^^^^^^^^^^^^^^ not found in this scope\n\nerror[E0425]: cannot find function `sum_of_divisors` in this scope\n --> /tmp/tmpp4ulezkm.rs:4:16\n  |\n4 |     let sum2 = sum_of_divisors(num2);\n  |                ^^^^^^^^^^^^^^^ not found in this scope\n\nerror: aborting due to 2 previous errors\n\nFor more information about this error, try `rustc --explain E0425`.\n",
      "exit_code": 1,
      "status": "SyntaxError"
    },
    {
      "program": "/// Write a function to determine if the sum of the divisors of two integers are the same.\nfn are_equivalent(num1: isize, num2: isize) -> bool {\n    let sum1 = sum_divisors(num1);\n    let sum2 = sum_divisors(num2);\n    sum1 == sum2\n}\n\nfn main() {\n    let candidate = are_equivalent;\n    assert_eq!(candidate(36, 57), false);\n    assert_eq!(candidate(2, 4), false);\n    assert_eq!(candidate(23, 47), true);\n}\n",
      "timestamp": 1665509736,
      "stdout": "",
      "stderr": "error[E0425]: cannot find function `sum_divisors` in this scope\n --> /tmp/tmpiyqowxy_.rs:3:16\n  |\n3 |     let sum1 = sum_divisors(num1);\n  |                ^^^^^^^^^^^^ not found in this scope\n\nerror[E0425]: cannot find function `sum_divisors` in this scope\n --> /tmp/tmpiyqowxy_.rs:4:16\n  |\n4 |     let sum2 = sum_divisors(num2);\n  |                ^^^^^^^^^^^^ not found in this scope\n\nerror: aborting due to 2 previous errors\n\nFor more information about this error, try `rustc --explain E0425`.\n",
      "exit_code": 1,
      "status": "SyntaxError"
    },
    {
      "program": "/// Write a function to determine if the sum of the divisors of two integers are the same.\nfn are_equivalent(num1: isize, num2: isize) -> bool {\n    let divisors1 = get_divisors(num1);\n    let divisors2 = get_divisors(num2);\n    divisors1.iter().sum::<isize>() == divisors2.iter().sum::<isize>()\n}\n\nfn main() {\n    let candidate = are_equivalent;\n    assert_eq!(candidate(36, 57), false);\n    assert_eq!(candidate(2, 4), false);\n    assert_eq!(candidate(23, 47), true);\n}\n",
      "timestamp": 1665509736,
      "stdout": "",
      "stderr": "error[E0425]: cannot find function `get_divisors` in this scope\n --> /tmp/tmp0h7y8mcn.rs:3:21\n  |\n3 |     let divisors1 = get_divisors(num1);\n  |                     ^^^^^^^^^^^^ not found in this scope\n\nerror[E0425]: cannot find function `get_divisors` in this scope\n --> /tmp/tmp0h7y8mcn.rs:4:21\n  |\n4 |     let divisors2 = get_divisors(num2);\n  |                     ^^^^^^^^^^^^ not found in this scope\n\nerror: aborting due to 2 previous errors\n\nFor more information about this error, try `rustc --explain E0425`.\n",
      "exit_code": 1,
      "status": "SyntaxError"
    },
    {
      "program": "/// Write a function to determine if the sum of the divisors of two integers are the same.\nfn are_equivalent(num1: isize, num2: isize) -> bool {\n    let sum1 = sum_of_divisors(num1);\n    let sum2 = sum_of_divisors(num2);\n    sum1 == sum2\n}\n\nfn main() {\n    let candidate = are_equivalent;\n    assert_eq!(candidate(36, 57), false);\n    assert_eq!(candidate(2, 4), false);\n    assert_eq!(candidate(23, 47), true);\n}\n",
      "timestamp": 1665509736,
      "stdout": "",
      "stderr": "error[E0425]: cannot find function `sum_of_divisors` in this scope\n --> /tmp/tmpp4ulezkm.rs:3:16\n  |\n3 |     let sum1 = sum_of_divisors(num1);\n  |                ^^^^^^^^^^^^^^^ not found in this scope\n\nerror[E0425]: cannot find function `sum_of_divisors` in this scope\n --> /tmp/tmpp4ulezkm.rs:4:16\n  |\n4 |     let sum2 = sum_of_divisors(num2);\n  |                ^^^^^^^^^^^^^^^ not found in this scope\n\nerror: aborting due to 2 previous errors\n\nFor more information about this error, try `rustc --explain E0425`.\n",
      "exit_code": 1,
      "status": "SyntaxError"
    },
    {
      "program": "/// Write a function to determine if the sum of the divisors of two integers are the same.\nfn are_equivalent(num1: isize, num2: isize) -> bool {\n    let sum1 = sum_divisors(num1);\n    let sum2 = sum_divisors(num2);\n    sum1 == sum2\n}\n\nfn main() {\n    let candidate = are_equivalent;\n    assert_eq!(candidate(36, 57), false);\n    assert_eq!(candidate(2, 4), false);\n    assert_eq!(candidate(23, 47), true);\n}\n",
      "timestamp": 1665509736,
      "stdout": "",
      "stderr": "error[E0425]: cannot find function `sum_divisors` in this scope\n --> /tmp/tmpiyqowxy_.rs:3:16\n  |\n3 |     let sum1 = sum_divisors(num1);\n  |                ^^^^^^^^^^^^ not found in this scope\n\nerror[E0425]: cannot find function `sum_divisors` in this scope\n --> /tmp/tmpiyqowxy_.rs:4:16\n  |\n4 |     let sum2 = sum_divisors(num2);\n  |                ^^^^^^^^^^^^ not found in this scope\n\nerror: aborting due to 2 previous errors\n\nFor more information about this error, try `rustc --explain E0425`.\n",
      "exit_code": 1,
      "status": "SyntaxError"
    },
    {
      "program": "/// Write a function to determine if the sum of the divisors of two integers are the same.\nfn are_equivalent(num1: isize, num2: isize) -> bool {\n    let sum1 = sum_divisors(num1);\n    let sum2 = sum_divisors(num2);\n    sum1 == sum2\n}\n\nfn main() {\n    let candidate = are_equivalent;\n    assert_eq!(candidate(36, 57), false);\n    assert_eq!(candidate(2, 4), false);\n    assert_eq!(candidate(23, 47), true);\n}\n",
      "timestamp": 1665509736,
      "stdout": "",
      "stderr": "error[E0425]: cannot find function `sum_divisors` in this scope\n --> /tmp/tmpiyqowxy_.rs:3:16\n  |\n3 |     let sum1 = sum_divisors(num1);\n  |                ^^^^^^^^^^^^ not found in this scope\n\nerror[E0425]: cannot find function `sum_divisors` in this scope\n --> /tmp/tmpiyqowxy_.rs:4:16\n  |\n4 |     let sum2 = sum_divisors(num2);\n  |                ^^^^^^^^^^^^ not found in this scope\n\nerror: aborting due to 2 previous errors\n\nFor more information about this error, try `rustc --explain E0425`.\n",
      "exit_code": 1,
      "status": "SyntaxError"
    },
    {
      "program": "/// Write a function to determine if the sum of the divisors of two integers are the same.\nfn are_equivalent(num1: isize, num2: isize) -> bool {\n    let sum1 = sum_divisors(num1);\n    let sum2 = sum_divisors(num2);\n    sum1 == sum2\n}\n\nfn main() {\n    let candidate = are_equivalent;\n    assert_eq!(candidate(36, 57), false);\n    assert_eq!(candidate(2, 4), false);\n    assert_eq!(candidate(23, 47), true);\n}\n",
      "timestamp": 1665509736,
      "stdout": "",
      "stderr": "error[E0425]: cannot find function `sum_divisors` in this scope\n --> /tmp/tmpiyqowxy_.rs:3:16\n  |\n3 |     let sum1 = sum_divisors(num1);\n  |                ^^^^^^^^^^^^ not found in this scope\n\nerror[E0425]: cannot find function `sum_divisors` in this scope\n --> /tmp/tmpiyqowxy_.rs:4:16\n  |\n4 |     let sum2 = sum_divisors(num2);\n  |                ^^^^^^^^^^^^ not found in this scope\n\nerror: aborting due to 2 previous errors\n\nFor more information about this error, try `rustc --explain E0425`.\n",
      "exit_code": 1,
      "status": "SyntaxError"
    },
    {
      "program": "/// Write a function to determine if the sum of the divisors of two integers are the same.\nfn are_equivalent(num1: isize, num2: isize) -> bool {\n    let sum1 = sum_divisors(num1);\n    let sum2 = sum_divisors(num2);\n    sum1 == sum2\n}\n\nfn main() {\n    let candidate = are_equivalent;\n    assert_eq!(candidate(36, 57), false);\n    assert_eq!(candidate(2, 4), false);\n    assert_eq!(candidate(23, 47), true);\n}\n",
      "timestamp": 1665509736,
      "stdout": "",
      "stderr": "error[E0425]: cannot find function `sum_divisors` in this scope\n --> /tmp/tmpiyqowxy_.rs:3:16\n  |\n3 |     let sum1 = sum_divisors(num1);\n  |                ^^^^^^^^^^^^ not found in this scope\n\nerror[E0425]: cannot find function `sum_divisors` in this scope\n --> /tmp/tmpiyqowxy_.rs:4:16\n  |\n4 |     let sum2 = sum_divisors(num2);\n  |                ^^^^^^^^^^^^ not found in this scope\n\nerror: aborting due to 2 previous errors\n\nFor more information about this error, try `rustc --explain E0425`.\n",
      "exit_code": 1,
      "status": "SyntaxError"
    },
    {
      "program": "/// Write a function to determine if the sum of the divisors of two integers are the same.\nfn are_equivalent(num1: isize, num2: isize) -> bool {\n    let sum1 = sum_divisors(num1);\n    let sum2 = sum_divisors(num2);\n    sum1 == sum2\n}\n\nfn main() {\n    let candidate = are_equivalent;\n    assert_eq!(candidate(36, 57), false);\n    assert_eq!(candidate(2, 4), false);\n    assert_eq!(candidate(23, 47), true);\n}\n",
      "timestamp": 1665509736,
      "stdout": "",
      "stderr": "error[E0425]: cannot find function `sum_divisors` in this scope\n --> /tmp/tmpiyqowxy_.rs:3:16\n  |\n3 |     let sum1 = sum_divisors(num1);\n  |                ^^^^^^^^^^^^ not found in this scope\n\nerror[E0425]: cannot find function `sum_divisors` in this scope\n --> /tmp/tmpiyqowxy_.rs:4:16\n  |\n4 |     let sum2 = sum_divisors(num2);\n  |                ^^^^^^^^^^^^ not found in this scope\n\nerror: aborting due to 2 previous errors\n\nFor more information about this error, try `rustc --explain E0425`.\n",
      "exit_code": 1,
      "status": "SyntaxError"
    },
    {
      "program": "/// Write a function to determine if the sum of the divisors of two integers are the same.\nfn are_equivalent(num1: isize, num2: isize) -> bool {\n    let sum1 = sum_divisors(num1);\n    let sum2 = sum_divisors(num2);\n    sum1 == sum2\n}\n\nfn main() {\n    let candidate = are_equivalent;\n    assert_eq!(candidate(36, 57), false);\n    assert_eq!(candidate(2, 4), false);\n    assert_eq!(candidate(23, 47), true);\n}\n",
      "timestamp": 1665509736,
      "stdout": "",
      "stderr": "error[E0425]: cannot find function `sum_divisors` in this scope\n --> /tmp/tmpiyqowxy_.rs:3:16\n  |\n3 |     let sum1 = sum_divisors(num1);\n  |                ^^^^^^^^^^^^ not found in this scope\n\nerror[E0425]: cannot find function `sum_divisors` in this scope\n --> /tmp/tmpiyqowxy_.rs:4:16\n  |\n4 |     let sum2 = sum_divisors(num2);\n  |                ^^^^^^^^^^^^ not found in this scope\n\nerror: aborting due to 2 previous errors\n\nFor more information about this error, try `rustc --explain E0425`.\n",
      "exit_code": 1,
      "status": "SyntaxError"
    },
    {
      "program": "/// Write a function to determine if the sum of the divisors of two integers are the same.\nfn are_equivalent(num1: isize, num2: isize) -> bool {\n    let sum1 = sum_divisors(num1);\n    let sum2 = sum_divisors(num2);\n    sum1 == sum2\n}\n\nfn main() {\n    let candidate = are_equivalent;\n    assert_eq!(candidate(36, 57), false);\n    assert_eq!(candidate(2, 4), false);\n    assert_eq!(candidate(23, 47), true);\n}\n",
      "timestamp": 1665509736,
      "stdout": "",
      "stderr": "error[E0425]: cannot find function `sum_divisors` in this scope\n --> /tmp/tmpiyqowxy_.rs:3:16\n  |\n3 |     let sum1 = sum_divisors(num1);\n  |                ^^^^^^^^^^^^ not found in this scope\n\nerror[E0425]: cannot find function `sum_divisors` in this scope\n --> /tmp/tmpiyqowxy_.rs:4:16\n  |\n4 |     let sum2 = sum_divisors(num2);\n  |                ^^^^^^^^^^^^ not found in this scope\n\nerror: aborting due to 2 previous errors\n\nFor more information about this error, try `rustc --explain E0425`.\n",
      "exit_code": 1,
      "status": "SyntaxError"
    },
    {
      "program": "/// Write a function to determine if the sum of the divisors of two integers are the same.\nfn are_equivalent(num1: isize, num2: isize) -> bool {\n    let sum1 = sum_divisors(num1);\n    let sum2 = sum_divisors(num2);\n    sum1 == sum2\n}\n\nfn main() {\n    let candidate = are_equivalent;\n    assert_eq!(candidate(36, 57), false);\n    assert_eq!(candidate(2, 4), false);\n    assert_eq!(candidate(23, 47), true);\n}\n",
      "timestamp": 1665509736,
      "stdout": "",
      "stderr": "error[E0425]: cannot find function `sum_divisors` in this scope\n --> /tmp/tmpiyqowxy_.rs:3:16\n  |\n3 |     let sum1 = sum_divisors(num1);\n  |                ^^^^^^^^^^^^ not found in this scope\n\nerror[E0425]: cannot find function `sum_divisors` in this scope\n --> /tmp/tmpiyqowxy_.rs:4:16\n  |\n4 |     let sum2 = sum_divisors(num2);\n  |                ^^^^^^^^^^^^ not found in this scope\n\nerror: aborting due to 2 previous errors\n\nFor more information about this error, try `rustc --explain E0425`.\n",
      "exit_code": 1,
      "status": "SyntaxError"
    },
    {
      "program": "/// Write a function to determine if the sum of the divisors of two integers are the same.\nfn are_equivalent(num1: isize, num2: isize) -> bool {\n    let sum1 = sum_divisors(num1);\n    let sum2 = sum_divisors(num2);\n    sum1 == sum2\n}\n\nfn main() {\n    let candidate = are_equivalent;\n    assert_eq!(candidate(36, 57), false);\n    assert_eq!(candidate(2, 4), false);\n    assert_eq!(candidate(23, 47), true);\n}\n",
      "timestamp": 1665509736,
      "stdout": "",
      "stderr": "error[E0425]: cannot find function `sum_divisors` in this scope\n --> /tmp/tmpiyqowxy_.rs:3:16\n  |\n3 |     let sum1 = sum_divisors(num1);\n  |                ^^^^^^^^^^^^ not found in this scope\n\nerror[E0425]: cannot find function `sum_divisors` in this scope\n --> /tmp/tmpiyqowxy_.rs:4:16\n  |\n4 |     let sum2 = sum_divisors(num2);\n  |                ^^^^^^^^^^^^ not found in this scope\n\nerror: aborting due to 2 previous errors\n\nFor more information about this error, try `rustc --explain E0425`.\n",
      "exit_code": 1,
      "status": "SyntaxError"
    },
    {
      "program": "/// Write a function to determine if the sum of the divisors of two integers are the same.\nfn are_equivalent(num1: isize, num2: isize) -> bool {\n    let sum1 = sum_divisors(num1);\n    let sum2 = sum_divisors(num2);\n    sum1 == sum2\n}\n\nfn main() {\n    let candidate = are_equivalent;\n    assert_eq!(candidate(36, 57), false);\n    assert_eq!(candidate(2, 4), false);\n    assert_eq!(candidate(23, 47), true);\n}\n",
      "timestamp": 1665509736,
      "stdout": "",
      "stderr": "error[E0425]: cannot find function `sum_divisors` in this scope\n --> /tmp/tmpiyqowxy_.rs:3:16\n  |\n3 |     let sum1 = sum_divisors(num1);\n  |                ^^^^^^^^^^^^ not found in this scope\n\nerror[E0425]: cannot find function `sum_divisors` in this scope\n --> /tmp/tmpiyqowxy_.rs:4:16\n  |\n4 |     let sum2 = sum_divisors(num2);\n  |                ^^^^^^^^^^^^ not found in this scope\n\nerror: aborting due to 2 previous errors\n\nFor more information about this error, try `rustc --explain E0425`.\n",
      "exit_code": 1,
      "status": "SyntaxError"
    },
    {
      "program": "/// Write a function to determine if the sum of the divisors of two integers are the same.\nfn are_equivalent(num1: isize, num2: isize) -> bool {\n    let sum1 = sum_divisors(num1);\n    let sum2 = sum_divisors(num2);\n    sum1 == sum2\n}\n\nfn main() {\n    let candidate = are_equivalent;\n    assert_eq!(candidate(36, 57), false);\n    assert_eq!(candidate(2, 4), false);\n    assert_eq!(candidate(23, 47), true);\n}\n",
      "timestamp": 1665509736,
      "stdout": "",
      "stderr": "error[E0425]: cannot find function `sum_divisors` in this scope\n --> /tmp/tmpiyqowxy_.rs:3:16\n  |\n3 |     let sum1 = sum_divisors(num1);\n  |                ^^^^^^^^^^^^ not found in this scope\n\nerror[E0425]: cannot find function `sum_divisors` in this scope\n --> /tmp/tmpiyqowxy_.rs:4:16\n  |\n4 |     let sum2 = sum_divisors(num2);\n  |                ^^^^^^^^^^^^ not found in this scope\n\nerror: aborting due to 2 previous errors\n\nFor more information about this error, try `rustc --explain E0425`.\n",
      "exit_code": 1,
      "status": "SyntaxError"
    },
    {
      "program": "/// Write a function to determine if the sum of the divisors of two integers are the same.\nfn are_equivalent(num1: isize, num2: isize) -> bool {\n    let sum1 = sum_divisors(num1);\n    let sum2 = sum_divisors(num2);\n    sum1 == sum2\n}\n\nfn main() {\n    let candidate = are_equivalent;\n    assert_eq!(candidate(36, 57), false);\n    assert_eq!(candidate(2, 4), false);\n    assert_eq!(candidate(23, 47), true);\n}\n",
      "timestamp": 1665509736,
      "stdout": "",
      "stderr": "error[E0425]: cannot find function `sum_divisors` in this scope\n --> /tmp/tmpiyqowxy_.rs:3:16\n  |\n3 |     let sum1 = sum_divisors(num1);\n  |                ^^^^^^^^^^^^ not found in this scope\n\nerror[E0425]: cannot find function `sum_divisors` in this scope\n --> /tmp/tmpiyqowxy_.rs:4:16\n  |\n4 |     let sum2 = sum_divisors(num2);\n  |                ^^^^^^^^^^^^ not found in this scope\n\nerror: aborting due to 2 previous errors\n\nFor more information about this error, try `rustc --explain E0425`.\n",
      "exit_code": 1,
      "status": "SyntaxError"
    },
    {
      "program": "/// Write a function to determine if the sum of the divisors of two integers are the same.\nfn are_equivalent(num1: isize, num2: isize) -> bool {\n    let sum1 = sum_divisors(num1);\n    let sum2 = sum_divisors(num2);\n    sum1 == sum2\n}\n\nfn main() {\n    let candidate = are_equivalent;\n    assert_eq!(candidate(36, 57), false);\n    assert_eq!(candidate(2, 4), false);\n    assert_eq!(candidate(23, 47), true);\n}\n",
      "timestamp": 1665509736,
      "stdout": "",
      "stderr": "error[E0425]: cannot find function `sum_divisors` in this scope\n --> /tmp/tmpiyqowxy_.rs:3:16\n  |\n3 |     let sum1 = sum_divisors(num1);\n  |                ^^^^^^^^^^^^ not found in this scope\n\nerror[E0425]: cannot find function `sum_divisors` in this scope\n --> /tmp/tmpiyqowxy_.rs:4:16\n  |\n4 |     let sum2 = sum_divisors(num2);\n  |                ^^^^^^^^^^^^ not found in this scope\n\nerror: aborting due to 2 previous errors\n\nFor more information about this error, try `rustc --explain E0425`.\n",
      "exit_code": 1,
      "status": "SyntaxError"
    },
    {
      "program": "/// Write a function to determine if the sum of the divisors of two integers are the same.\nfn are_equivalent(num1: isize, num2: isize) -> bool {\n    let sum1 = sum_divisors(num1);\n    let sum2 = sum_divisors(num2);\n    sum1 == sum2\n}\n\nfn main() {\n    let candidate = are_equivalent;\n    assert_eq!(candidate(36, 57), false);\n    assert_eq!(candidate(2, 4), false);\n    assert_eq!(candidate(23, 47), true);\n}\n",
      "timestamp": 1665509736,
      "stdout": "",
      "stderr": "error[E0425]: cannot find function `sum_divisors` in this scope\n --> /tmp/tmpiyqowxy_.rs:3:16\n  |\n3 |     let sum1 = sum_divisors(num1);\n  |                ^^^^^^^^^^^^ not found in this scope\n\nerror[E0425]: cannot find function `sum_divisors` in this scope\n --> /tmp/tmpiyqowxy_.rs:4:16\n  |\n4 |     let sum2 = sum_divisors(num2);\n  |                ^^^^^^^^^^^^ not found in this scope\n\nerror: aborting due to 2 previous errors\n\nFor more information about this error, try `rustc --explain E0425`.\n",
      "exit_code": 1,
      "status": "SyntaxError"
    },
    {
      "program": "/// Write a function to determine if the sum of the divisors of two integers are the same.\nfn are_equivalent(num1: isize, num2: isize) -> bool {\n    let divisors1 = get_divisors(num1);\n    let divisors2 = get_divisors(num2);\n    divisors1.iter().sum::<isize>() == divisors2.iter().sum::<isize>()\n}\n\nfn main() {\n    let candidate = are_equivalent;\n    assert_eq!(candidate(36, 57), false);\n    assert_eq!(candidate(2, 4), false);\n    assert_eq!(candidate(23, 47), true);\n}\n",
      "timestamp": 1665509736,
      "stdout": "",
      "stderr": "error[E0425]: cannot find function `get_divisors` in this scope\n --> /tmp/tmp0h7y8mcn.rs:3:21\n  |\n3 |     let divisors1 = get_divisors(num1);\n  |                     ^^^^^^^^^^^^ not found in this scope\n\nerror[E0425]: cannot find function `get_divisors` in this scope\n --> /tmp/tmp0h7y8mcn.rs:4:21\n  |\n4 |     let divisors2 = get_divisors(num2);\n  |                     ^^^^^^^^^^^^ not found in this scope\n\nerror: aborting due to 2 previous errors\n\nFor more information about this error, try `rustc --explain E0425`.\n",
      "exit_code": 1,
      "status": "SyntaxError"
    },
    {
      "program": "/// Write a function to determine if the sum of the divisors of two integers are the same.\nfn are_equivalent(num1: isize, num2: isize) -> bool {\n    let sum1 = sum_divisors(num1);\n    let sum2 = sum_divisors(num2);\n    sum1 == sum2\n}\n\nfn main() {\n    let candidate = are_equivalent;\n    assert_eq!(candidate(36, 57), false);\n    assert_eq!(candidate(2, 4), false);\n    assert_eq!(candidate(23, 47), true);\n}\n",
      "timestamp": 1665509736,
      "stdout": "",
      "stderr": "error[E0425]: cannot find function `sum_divisors` in this scope\n --> /tmp/tmpiyqowxy_.rs:3:16\n  |\n3 |     let sum1 = sum_divisors(num1);\n  |                ^^^^^^^^^^^^ not found in this scope\n\nerror[E0425]: cannot find function `sum_divisors` in this scope\n --> /tmp/tmpiyqowxy_.rs:4:16\n  |\n4 |     let sum2 = sum_divisors(num2);\n  |                ^^^^^^^^^^^^ not found in this scope\n\nerror: aborting due to 2 previous errors\n\nFor more information about this error, try `rustc --explain E0425`.\n",
      "exit_code": 1,
      "status": "SyntaxError"
    },
    {
      "program": "/// Write a function to determine if the sum of the divisors of two integers are the same.\nfn are_equivalent(num1: isize, num2: isize) -> bool {\n    let sum1 = sum_divisors(num1);\n    let sum2 = sum_divisors(num2);\n    sum1 == sum2\n}\n\nfn main() {\n    let candidate = are_equivalent;\n    assert_eq!(candidate(36, 57), false);\n    assert_eq!(candidate(2, 4), false);\n    assert_eq!(candidate(23, 47), true);\n}\n",
      "timestamp": 1665509736,
      "stdout": "",
      "stderr": "error[E0425]: cannot find function `sum_divisors` in this scope\n --> /tmp/tmpiyqowxy_.rs:3:16\n  |\n3 |     let sum1 = sum_divisors(num1);\n  |                ^^^^^^^^^^^^ not found in this scope\n\nerror[E0425]: cannot find function `sum_divisors` in this scope\n --> /tmp/tmpiyqowxy_.rs:4:16\n  |\n4 |     let sum2 = sum_divisors(num2);\n  |                ^^^^^^^^^^^^ not found in this scope\n\nerror: aborting due to 2 previous errors\n\nFor more information about this error, try `rustc --explain E0425`.\n",
      "exit_code": 1,
      "status": "SyntaxError"
    },
    {
      "program": "/// Write a function to determine if the sum of the divisors of two integers are the same.\nfn are_equivalent(num1: isize, num2: isize) -> bool {\n    let sum1 = sum_divisors(num1);\n    let sum2 = sum_divisors(num2);\n    sum1 == sum2\n}\n\nfn main() {\n    let candidate = are_equivalent;\n    assert_eq!(candidate(36, 57), false);\n    assert_eq!(candidate(2, 4), false);\n    assert_eq!(candidate(23, 47), true);\n}\n",
      "timestamp": 1665509736,
      "stdout": "",
      "stderr": "error[E0425]: cannot find function `sum_divisors` in this scope\n --> /tmp/tmpiyqowxy_.rs:3:16\n  |\n3 |     let sum1 = sum_divisors(num1);\n  |                ^^^^^^^^^^^^ not found in this scope\n\nerror[E0425]: cannot find function `sum_divisors` in this scope\n --> /tmp/tmpiyqowxy_.rs:4:16\n  |\n4 |     let sum2 = sum_divisors(num2);\n  |                ^^^^^^^^^^^^ not found in this scope\n\nerror: aborting due to 2 previous errors\n\nFor more information about this error, try `rustc --explain E0425`.\n",
      "exit_code": 1,
      "status": "SyntaxError"
    },
    {
      "program": "/// Write a function to determine if the sum of the divisors of two integers are the same.\nfn are_equivalent(num1: isize, num2: isize) -> bool {\n    let sum1 = sum_of_divisors(num1);\n    let sum2 = sum_of_divisors(num2);\n    sum1 == sum2\n}\n\nfn main() {\n    let candidate = are_equivalent;\n    assert_eq!(candidate(36, 57), false);\n    assert_eq!(candidate(2, 4), false);\n    assert_eq!(candidate(23, 47), true);\n}\n",
      "timestamp": 1665509736,
      "stdout": "",
      "stderr": "error[E0425]: cannot find function `sum_of_divisors` in this scope\n --> /tmp/tmpp4ulezkm.rs:3:16\n  |\n3 |     let sum1 = sum_of_divisors(num1);\n  |                ^^^^^^^^^^^^^^^ not found in this scope\n\nerror[E0425]: cannot find function `sum_of_divisors` in this scope\n --> /tmp/tmpp4ulezkm.rs:4:16\n  |\n4 |     let sum2 = sum_of_divisors(num2);\n  |                ^^^^^^^^^^^^^^^ not found in this scope\n\nerror: aborting due to 2 previous errors\n\nFor more information about this error, try `rustc --explain E0425`.\n",
      "exit_code": 1,
      "status": "SyntaxError"
    },
    {
      "program": "/// Write a function to determine if the sum of the divisors of two integers are the same.\nfn are_equivalent(num1: isize, num2: isize) -> bool {\n    let sum1 = sum_divisors(num1);\n    let sum2 = sum_divisors(num2);\n    sum1 == sum2\n}\n\nfn main() {\n    let candidate = are_equivalent;\n    assert_eq!(candidate(36, 57), false);\n    assert_eq!(candidate(2, 4), false);\n    assert_eq!(candidate(23, 47), true);\n}\n",
      "timestamp": 1665509736,
      "stdout": "",
      "stderr": "error[E0425]: cannot find function `sum_divisors` in this scope\n --> /tmp/tmpiyqowxy_.rs:3:16\n  |\n3 |     let sum1 = sum_divisors(num1);\n  |                ^^^^^^^^^^^^ not found in this scope\n\nerror[E0425]: cannot find function `sum_divisors` in this scope\n --> /tmp/tmpiyqowxy_.rs:4:16\n  |\n4 |     let sum2 = sum_divisors(num2);\n  |                ^^^^^^^^^^^^ not found in this scope\n\nerror: aborting due to 2 previous errors\n\nFor more information about this error, try `rustc --explain E0425`.\n",
      "exit_code": 1,
      "status": "SyntaxError"
    },
    {
      "program": "/// Write a function to determine if the sum of the divisors of two integers are the same.\nfn are_equivalent(num1: isize, num2: isize) -> bool {\n    let sum1 = sum_divisors(num1);\n    let sum2 = sum_divisors(num2);\n    sum1 == sum2\n}\n\nfn main() {\n    let candidate = are_equivalent;\n    assert_eq!(candidate(36, 57), false);\n    assert_eq!(candidate(2, 4), false);\n    assert_eq!(candidate(23, 47), true);\n}\n",
      "timestamp": 1665509736,
      "stdout": "",
      "stderr": "error[E0425]: cannot find function `sum_divisors` in this scope\n --> /tmp/tmpiyqowxy_.rs:3:16\n  |\n3 |     let sum1 = sum_divisors(num1);\n  |                ^^^^^^^^^^^^ not found in this scope\n\nerror[E0425]: cannot find function `sum_divisors` in this scope\n --> /tmp/tmpiyqowxy_.rs:4:16\n  |\n4 |     let sum2 = sum_divisors(num2);\n  |                ^^^^^^^^^^^^ not found in this scope\n\nerror: aborting due to 2 previous errors\n\nFor more information about this error, try `rustc --explain E0425`.\n",
      "exit_code": 1,
      "status": "SyntaxError"
    },
    {
      "program": "/// Write a function to determine if the sum of the divisors of two integers are the same.\nfn are_equivalent(num1: isize, num2: isize) -> bool {\n    let sum1 = sum_divisors(num1);\n    let sum2 = sum_divisors(num2);\n    sum1 == sum2\n}\n\nfn main() {\n    let candidate = are_equivalent;\n    assert_eq!(candidate(36, 57), false);\n    assert_eq!(candidate(2, 4), false);\n    assert_eq!(candidate(23, 47), true);\n}\n",
      "timestamp": 1665509736,
      "stdout": "",
      "stderr": "error[E0425]: cannot find function `sum_divisors` in this scope\n --> /tmp/tmpiyqowxy_.rs:3:16\n  |\n3 |     let sum1 = sum_divisors(num1);\n  |                ^^^^^^^^^^^^ not found in this scope\n\nerror[E0425]: cannot find function `sum_divisors` in this scope\n --> /tmp/tmpiyqowxy_.rs:4:16\n  |\n4 |     let sum2 = sum_divisors(num2);\n  |                ^^^^^^^^^^^^ not found in this scope\n\nerror: aborting due to 2 previous errors\n\nFor more information about this error, try `rustc --explain E0425`.\n",
      "exit_code": 1,
      "status": "SyntaxError"
    },
    {
      "program": "/// Write a function to determine if the sum of the divisors of two integers are the same.\nfn are_equivalent(num1: isize, num2: isize) -> bool {\n    let sum1 = sum_divisors(num1);\n    let sum2 = sum_divisors(num2);\n    sum1 == sum2\n}\n\nfn main() {\n    let candidate = are_equivalent;\n    assert_eq!(candidate(36, 57), false);\n    assert_eq!(candidate(2, 4), false);\n    assert_eq!(candidate(23, 47), true);\n}\n",
      "timestamp": 1665509736,
      "stdout": "",
      "stderr": "error[E0425]: cannot find function `sum_divisors` in this scope\n --> /tmp/tmpiyqowxy_.rs:3:16\n  |\n3 |     let sum1 = sum_divisors(num1);\n  |                ^^^^^^^^^^^^ not found in this scope\n\nerror[E0425]: cannot find function `sum_divisors` in this scope\n --> /tmp/tmpiyqowxy_.rs:4:16\n  |\n4 |     let sum2 = sum_divisors(num2);\n  |                ^^^^^^^^^^^^ not found in this scope\n\nerror: aborting due to 2 previous errors\n\nFor more information about this error, try `rustc --explain E0425`.\n",
      "exit_code": 1,
      "status": "SyntaxError"
    },
    {
      "program": "/// Write a function to determine if the sum of the divisors of two integers are the same.\nfn are_equivalent(num1: isize, num2: isize) -> bool {\n    let sum1 = sum_divisors(num1);\n    let sum2 = sum_divisors(num2);\n    sum1 == sum2\n}\n\nfn main() {\n    let candidate = are_equivalent;\n    assert_eq!(candidate(36, 57), false);\n    assert_eq!(candidate(2, 4), false);\n    assert_eq!(candidate(23, 47), true);\n}\n",
      "timestamp": 1665509736,
      "stdout": "",
      "stderr": "error[E0425]: cannot find function `sum_divisors` in this scope\n --> /tmp/tmpiyqowxy_.rs:3:16\n  |\n3 |     let sum1 = sum_divisors(num1);\n  |                ^^^^^^^^^^^^ not found in this scope\n\nerror[E0425]: cannot find function `sum_divisors` in this scope\n --> /tmp/tmpiyqowxy_.rs:4:16\n  |\n4 |     let sum2 = sum_divisors(num2);\n  |                ^^^^^^^^^^^^ not found in this scope\n\nerror: aborting due to 2 previous errors\n\nFor more information about this error, try `rustc --explain E0425`.\n",
      "exit_code": 1,
      "status": "SyntaxError"
    },
    {
      "program": "/// Write a function to determine if the sum of the divisors of two integers are the same.\nfn are_equivalent(num1: isize, num2: isize) -> bool {\n    let sum1 = sum_divisors(num1);\n    let sum2 = sum_divisors(num2);\n    sum1 == sum2\n}\n\nfn main() {\n    let candidate = are_equivalent;\n    assert_eq!(candidate(36, 57), false);\n    assert_eq!(candidate(2, 4), false);\n    assert_eq!(candidate(23, 47), true);\n}\n",
      "timestamp": 1665509736,
      "stdout": "",
      "stderr": "error[E0425]: cannot find function `sum_divisors` in this scope\n --> /tmp/tmpiyqowxy_.rs:3:16\n  |\n3 |     let sum1 = sum_divisors(num1);\n  |                ^^^^^^^^^^^^ not found in this scope\n\nerror[E0425]: cannot find function `sum_divisors` in this scope\n --> /tmp/tmpiyqowxy_.rs:4:16\n  |\n4 |     let sum2 = sum_divisors(num2);\n  |                ^^^^^^^^^^^^ not found in this scope\n\nerror: aborting due to 2 previous errors\n\nFor more information about this error, try `rustc --explain E0425`.\n",
      "exit_code": 1,
      "status": "SyntaxError"
    },
    {
      "program": "/// Write a function to determine if the sum of the divisors of two integers are the same.\nfn are_equivalent(num1: isize, num2: isize) -> bool {\n    let sum1 = sum_divisors(num1);\n    let sum2 = sum_divisors(num2);\n    sum1 == sum2\n}\n\nfn main() {\n    let candidate = are_equivalent;\n    assert_eq!(candidate(36, 57), false);\n    assert_eq!(candidate(2, 4), false);\n    assert_eq!(candidate(23, 47), true);\n}\n",
      "timestamp": 1665509736,
      "stdout": "",
      "stderr": "error[E0425]: cannot find function `sum_divisors` in this scope\n --> /tmp/tmpiyqowxy_.rs:3:16\n  |\n3 |     let sum1 = sum_divisors(num1);\n  |                ^^^^^^^^^^^^ not found in this scope\n\nerror[E0425]: cannot find function `sum_divisors` in this scope\n --> /tmp/tmpiyqowxy_.rs:4:16\n  |\n4 |     let sum2 = sum_divisors(num2);\n  |                ^^^^^^^^^^^^ not found in this scope\n\nerror: aborting due to 2 previous errors\n\nFor more information about this error, try `rustc --explain E0425`.\n",
      "exit_code": 1,
      "status": "SyntaxError"
    },
    {
      "program": "/// Write a function to determine if the sum of the divisors of two integers are the same.\nfn are_equivalent(num1: isize, num2: isize) -> bool {\n    let sum1 = sum_of_divisors(num1);\n    let sum2 = sum_of_divisors(num2);\n    sum1 == sum2\n}\n\nfn main() {\n    let candidate = are_equivalent;\n    assert_eq!(candidate(36, 57), false);\n    assert_eq!(candidate(2, 4), false);\n    assert_eq!(candidate(23, 47), true);\n}\n",
      "timestamp": 1665509736,
      "stdout": "",
      "stderr": "error[E0425]: cannot find function `sum_of_divisors` in this scope\n --> /tmp/tmpp4ulezkm.rs:3:16\n  |\n3 |     let sum1 = sum_of_divisors(num1);\n  |                ^^^^^^^^^^^^^^^ not found in this scope\n\nerror[E0425]: cannot find function `sum_of_divisors` in this scope\n --> /tmp/tmpp4ulezkm.rs:4:16\n  |\n4 |     let sum2 = sum_of_divisors(num2);\n  |                ^^^^^^^^^^^^^^^ not found in this scope\n\nerror: aborting due to 2 previous errors\n\nFor more information about this error, try `rustc --explain E0425`.\n",
      "exit_code": 1,
      "status": "SyntaxError"
    },
    {
      "program": "/// Write a function to determine if the sum of the divisors of two integers are the same.\nfn are_equivalent(num1: isize, num2: isize) -> bool {\n    let sum1 = sum_divisors(num1);\n    let sum2 = sum_divisors(num2);\n    sum1 == sum2\n}\n\nfn main() {\n    let candidate = are_equivalent;\n    assert_eq!(candidate(36, 57), false);\n    assert_eq!(candidate(2, 4), false);\n    assert_eq!(candidate(23, 47), true);\n}\n",
      "timestamp": 1665509736,
      "stdout": "",
      "stderr": "error[E0425]: cannot find function `sum_divisors` in this scope\n --> /tmp/tmpiyqowxy_.rs:3:16\n  |\n3 |     let sum1 = sum_divisors(num1);\n  |                ^^^^^^^^^^^^ not found in this scope\n\nerror[E0425]: cannot find function `sum_divisors` in this scope\n --> /tmp/tmpiyqowxy_.rs:4:16\n  |\n4 |     let sum2 = sum_divisors(num2);\n  |                ^^^^^^^^^^^^ not found in this scope\n\nerror: aborting due to 2 previous errors\n\nFor more information about this error, try `rustc --explain E0425`.\n",
      "exit_code": 1,
      "status": "SyntaxError"
    },
    {
      "program": "/// Write a function to determine if the sum of the divisors of two integers are the same.\nfn are_equivalent(num1: isize, num2: isize) -> bool {\n    let sum1 = sum_divisors(num1);\n    let sum2 = sum_divisors(num2);\n    sum1 == sum2\n}\n\nfn main() {\n    let candidate = are_equivalent;\n    assert_eq!(candidate(36, 57), false);\n    assert_eq!(candidate(2, 4), false);\n    assert_eq!(candidate(23, 47), true);\n}\n",
      "timestamp": 1665509736,
      "stdout": "",
      "stderr": "error[E0425]: cannot find function `sum_divisors` in this scope\n --> /tmp/tmpiyqowxy_.rs:3:16\n  |\n3 |     let sum1 = sum_divisors(num1);\n  |                ^^^^^^^^^^^^ not found in this scope\n\nerror[E0425]: cannot find function `sum_divisors` in this scope\n --> /tmp/tmpiyqowxy_.rs:4:16\n  |\n4 |     let sum2 = sum_divisors(num2);\n  |                ^^^^^^^^^^^^ not found in this scope\n\nerror: aborting due to 2 previous errors\n\nFor more information about this error, try `rustc --explain E0425`.\n",
      "exit_code": 1,
      "status": "SyntaxError"
    },
    {
      "program": "/// Write a function to determine if the sum of the divisors of two integers are the same.\nfn are_equivalent(num1: isize, num2: isize) -> bool {\n    let sum1 = sum_of_divisors(num1);\n    let sum2 = sum_of_divisors(num2);\n    sum1 == sum2\n}\n\nfn main() {\n    let candidate = are_equivalent;\n    assert_eq!(candidate(36, 57), false);\n    assert_eq!(candidate(2, 4), false);\n    assert_eq!(candidate(23, 47), true);\n}\n",
      "timestamp": 1665509736,
      "stdout": "",
      "stderr": "error[E0425]: cannot find function `sum_of_divisors` in this scope\n --> /tmp/tmpp4ulezkm.rs:3:16\n  |\n3 |     let sum1 = sum_of_divisors(num1);\n  |                ^^^^^^^^^^^^^^^ not found in this scope\n\nerror[E0425]: cannot find function `sum_of_divisors` in this scope\n --> /tmp/tmpp4ulezkm.rs:4:16\n  |\n4 |     let sum2 = sum_of_divisors(num2);\n  |                ^^^^^^^^^^^^^^^ not found in this scope\n\nerror: aborting due to 2 previous errors\n\nFor more information about this error, try `rustc --explain E0425`.\n",
      "exit_code": 1,
      "status": "SyntaxError"
    },
    {
      "program": "/// Write a function to determine if the sum of the divisors of two integers are the same.\nfn are_equivalent(num1: isize, num2: isize) -> bool {\n    let sum1 = sum_divisors(num1);\n    let sum2 = sum_divisors(num2);\n    sum1 == sum2\n}\n\nfn main() {\n    let candidate = are_equivalent;\n    assert_eq!(candidate(36, 57), false);\n    assert_eq!(candidate(2, 4), false);\n    assert_eq!(candidate(23, 47), true);\n}\n",
      "timestamp": 1665509736,
      "stdout": "",
      "stderr": "error[E0425]: cannot find function `sum_divisors` in this scope\n --> /tmp/tmpiyqowxy_.rs:3:16\n  |\n3 |     let sum1 = sum_divisors(num1);\n  |                ^^^^^^^^^^^^ not found in this scope\n\nerror[E0425]: cannot find function `sum_divisors` in this scope\n --> /tmp/tmpiyqowxy_.rs:4:16\n  |\n4 |     let sum2 = sum_divisors(num2);\n  |                ^^^^^^^^^^^^ not found in this scope\n\nerror: aborting due to 2 previous errors\n\nFor more information about this error, try `rustc --explain E0425`.\n",
      "exit_code": 1,
      "status": "SyntaxError"
    },
    {
      "program": "/// Write a function to determine if the sum of the divisors of two integers are the same.\nfn are_equivalent(num1: isize, num2: isize) -> bool {\n    let sum1 = sum_divisors(num1);\n    let sum2 = sum_divisors(num2);\n    sum1 == sum2\n}\n\nfn main() {\n    let candidate = are_equivalent;\n    assert_eq!(candidate(36, 57), false);\n    assert_eq!(candidate(2, 4), false);\n    assert_eq!(candidate(23, 47), true);\n}\n",
      "timestamp": 1665509736,
      "stdout": "",
      "stderr": "error[E0425]: cannot find function `sum_divisors` in this scope\n --> /tmp/tmpiyqowxy_.rs:3:16\n  |\n3 |     let sum1 = sum_divisors(num1);\n  |                ^^^^^^^^^^^^ not found in this scope\n\nerror[E0425]: cannot find function `sum_divisors` in this scope\n --> /tmp/tmpiyqowxy_.rs:4:16\n  |\n4 |     let sum2 = sum_divisors(num2);\n  |                ^^^^^^^^^^^^ not found in this scope\n\nerror: aborting due to 2 previous errors\n\nFor more information about this error, try `rustc --explain E0425`.\n",
      "exit_code": 1,
      "status": "SyntaxError"
    },
    {
      "program": "/// Write a function to determine if the sum of the divisors of two integers are the same.\nfn are_equivalent(num1: isize, num2: isize) -> bool {\n    let sum1 = sum_divisors(num1);\n    let sum2 = sum_divisors(num2);\n    sum1 == sum2\n}\n\nfn main() {\n    let candidate = are_equivalent;\n    assert_eq!(candidate(36, 57), false);\n    assert_eq!(candidate(2, 4), false);\n    assert_eq!(candidate(23, 47), true);\n}\n",
      "timestamp": 1665509736,
      "stdout": "",
      "stderr": "error[E0425]: cannot find function `sum_divisors` in this scope\n --> /tmp/tmpiyqowxy_.rs:3:16\n  |\n3 |     let sum1 = sum_divisors(num1);\n  |                ^^^^^^^^^^^^ not found in this scope\n\nerror[E0425]: cannot find function `sum_divisors` in this scope\n --> /tmp/tmpiyqowxy_.rs:4:16\n  |\n4 |     let sum2 = sum_divisors(num2);\n  |                ^^^^^^^^^^^^ not found in this scope\n\nerror: aborting due to 2 previous errors\n\nFor more information about this error, try `rustc --explain E0425`.\n",
      "exit_code": 1,
      "status": "SyntaxError"
    },
    {
      "program": "/// Write a function to determine if the sum of the divisors of two integers are the same.\nfn are_equivalent(num1: isize, num2: isize) -> bool {\n    let divisors1 = divisors(num1);\n    let divisors2 = divisors(num2);\n    divisors1.iter().sum::<isize>() == divisors2.iter().sum::<isize>()\n}\n\nfn main() {\n    let candidate = are_equivalent;\n    assert_eq!(candidate(36, 57), false);\n    assert_eq!(candidate(2, 4), false);\n    assert_eq!(candidate(23, 47), true);\n}\n",
      "timestamp": 1665509736,
      "stdout": "",
      "stderr": "error[E0425]: cannot find function `divisors` in this scope\n --> /tmp/tmpxph2wksj.rs:3:21\n  |\n3 |     let divisors1 = divisors(num1);\n  |                     ^^^^^^^^ not found in this scope\n\nerror[E0425]: cannot find function `divisors` in this scope\n --> /tmp/tmpxph2wksj.rs:4:21\n  |\n4 |     let divisors2 = divisors(num2);\n  |                     ^^^^^^^^ help: a local variable with a similar name exists: `divisors1`\n\nerror: aborting due to 2 previous errors\n\nFor more information about this error, try `rustc --explain E0425`.\n",
      "exit_code": 1,
      "status": "SyntaxError"
    },
    {
      "program": "/// Write a function to determine if the sum of the divisors of two integers are the same.\nfn are_equivalent(num1: isize, num2: isize) -> bool {\n    let sum1 = sum_divisors(num1);\n    let sum2 = sum_divisors(num2);\n    sum1 == sum2\n}\n\nfn main() {\n    let candidate = are_equivalent;\n    assert_eq!(candidate(36, 57), false);\n    assert_eq!(candidate(2, 4), false);\n    assert_eq!(candidate(23, 47), true);\n}\n",
      "timestamp": 1665509736,
      "stdout": "",
      "stderr": "error[E0425]: cannot find function `sum_divisors` in this scope\n --> /tmp/tmpiyqowxy_.rs:3:16\n  |\n3 |     let sum1 = sum_divisors(num1);\n  |                ^^^^^^^^^^^^ not found in this scope\n\nerror[E0425]: cannot find function `sum_divisors` in this scope\n --> /tmp/tmpiyqowxy_.rs:4:16\n  |\n4 |     let sum2 = sum_divisors(num2);\n  |                ^^^^^^^^^^^^ not found in this scope\n\nerror: aborting due to 2 previous errors\n\nFor more information about this error, try `rustc --explain E0425`.\n",
      "exit_code": 1,
      "status": "SyntaxError"
    },
    {
      "program": "/// Write a function to determine if the sum of the divisors of two integers are the same.\nfn are_equivalent(num1: isize, num2: isize) -> bool {\n    let sum1 = sum_divisors(num1);\n    let sum2 = sum_divisors(num2);\n    sum1 == sum2\n}\n\nfn main() {\n    let candidate = are_equivalent;\n    assert_eq!(candidate(36, 57), false);\n    assert_eq!(candidate(2, 4), false);\n    assert_eq!(candidate(23, 47), true);\n}\n",
      "timestamp": 1665509736,
      "stdout": "",
      "stderr": "error[E0425]: cannot find function `sum_divisors` in this scope\n --> /tmp/tmpiyqowxy_.rs:3:16\n  |\n3 |     let sum1 = sum_divisors(num1);\n  |                ^^^^^^^^^^^^ not found in this scope\n\nerror[E0425]: cannot find function `sum_divisors` in this scope\n --> /tmp/tmpiyqowxy_.rs:4:16\n  |\n4 |     let sum2 = sum_divisors(num2);\n  |                ^^^^^^^^^^^^ not found in this scope\n\nerror: aborting due to 2 previous errors\n\nFor more information about this error, try `rustc --explain E0425`.\n",
      "exit_code": 1,
      "status": "SyntaxError"
    },
    {
      "program": "/// Write a function to determine if the sum of the divisors of two integers are the same.\nfn are_equivalent(num1: isize, num2: isize) -> bool {\n    let sum1 = sum_divisors(num1);\n    let sum2 = sum_divisors(num2);\n    sum1 == sum2\n}\n\nfn main() {\n    let candidate = are_equivalent;\n    assert_eq!(candidate(36, 57), false);\n    assert_eq!(candidate(2, 4), false);\n    assert_eq!(candidate(23, 47), true);\n}\n",
      "timestamp": 1665509736,
      "stdout": "",
      "stderr": "error[E0425]: cannot find function `sum_divisors` in this scope\n --> /tmp/tmpiyqowxy_.rs:3:16\n  |\n3 |     let sum1 = sum_divisors(num1);\n  |                ^^^^^^^^^^^^ not found in this scope\n\nerror[E0425]: cannot find function `sum_divisors` in this scope\n --> /tmp/tmpiyqowxy_.rs:4:16\n  |\n4 |     let sum2 = sum_divisors(num2);\n  |                ^^^^^^^^^^^^ not found in this scope\n\nerror: aborting due to 2 previous errors\n\nFor more information about this error, try `rustc --explain E0425`.\n",
      "exit_code": 1,
      "status": "SyntaxError"
    },
    {
      "program": "/// Write a function to determine if the sum of the divisors of two integers are the same.\nfn are_equivalent(num1: isize, num2: isize) -> bool {\n    let sum1 = sum_divisors(num1);\n    let sum2 = sum_divisors(num2);\n    sum1 == sum2\n}\n\nfn main() {\n    let candidate = are_equivalent;\n    assert_eq!(candidate(36, 57), false);\n    assert_eq!(candidate(2, 4), false);\n    assert_eq!(candidate(23, 47), true);\n}\n",
      "timestamp": 1665509736,
      "stdout": "",
      "stderr": "error[E0425]: cannot find function `sum_divisors` in this scope\n --> /tmp/tmpiyqowxy_.rs:3:16\n  |\n3 |     let sum1 = sum_divisors(num1);\n  |                ^^^^^^^^^^^^ not found in this scope\n\nerror[E0425]: cannot find function `sum_divisors` in this scope\n --> /tmp/tmpiyqowxy_.rs:4:16\n  |\n4 |     let sum2 = sum_divisors(num2);\n  |                ^^^^^^^^^^^^ not found in this scope\n\nerror: aborting due to 2 previous errors\n\nFor more information about this error, try `rustc --explain E0425`.\n",
      "exit_code": 1,
      "status": "SyntaxError"
    },
    {
      "program": "/// Write a function to determine if the sum of the divisors of two integers are the same.\nfn are_equivalent(num1: isize, num2: isize) -> bool {\n    let sum1 = sum_divisors(num1);\n    let sum2 = sum_divisors(num2);\n    sum1 == sum2\n}\n\nfn main() {\n    let candidate = are_equivalent;\n    assert_eq!(candidate(36, 57), false);\n    assert_eq!(candidate(2, 4), false);\n    assert_eq!(candidate(23, 47), true);\n}\n",
      "timestamp": 1665509736,
      "stdout": "",
      "stderr": "error[E0425]: cannot find function `sum_divisors` in this scope\n --> /tmp/tmpiyqowxy_.rs:3:16\n  |\n3 |     let sum1 = sum_divisors(num1);\n  |                ^^^^^^^^^^^^ not found in this scope\n\nerror[E0425]: cannot find function `sum_divisors` in this scope\n --> /tmp/tmpiyqowxy_.rs:4:16\n  |\n4 |     let sum2 = sum_divisors(num2);\n  |                ^^^^^^^^^^^^ not found in this scope\n\nerror: aborting due to 2 previous errors\n\nFor more information about this error, try `rustc --explain E0425`.\n",
      "exit_code": 1,
      "status": "SyntaxError"
    },
    {
      "program": "/// Write a function to determine if the sum of the divisors of two integers are the same.\nfn are_equivalent(num1: isize, num2: isize) -> bool {\n    let sum1 = sum_divisors(num1);\n    let sum2 = sum_divisors(num2);\n    sum1 == sum2\n}\n\nfn main() {\n    let candidate = are_equivalent;\n    assert_eq!(candidate(36, 57), false);\n    assert_eq!(candidate(2, 4), false);\n    assert_eq!(candidate(23, 47), true);\n}\n",
      "timestamp": 1665509736,
      "stdout": "",
      "stderr": "error[E0425]: cannot find function `sum_divisors` in this scope\n --> /tmp/tmpiyqowxy_.rs:3:16\n  |\n3 |     let sum1 = sum_divisors(num1);\n  |                ^^^^^^^^^^^^ not found in this scope\n\nerror[E0425]: cannot find function `sum_divisors` in this scope\n --> /tmp/tmpiyqowxy_.rs:4:16\n  |\n4 |     let sum2 = sum_divisors(num2);\n  |                ^^^^^^^^^^^^ not found in this scope\n\nerror: aborting due to 2 previous errors\n\nFor more information about this error, try `rustc --explain E0425`.\n",
      "exit_code": 1,
      "status": "SyntaxError"
    },
    {
      "program": "/// Write a function to determine if the sum of the divisors of two integers are the same.\nfn are_equivalent(num1: isize, num2: isize) -> bool {\n    let sum1 = sum_divisors(num1);\n    let sum2 = sum_divisors(num2);\n    sum1 == sum2\n}\n\nfn main() {\n    let candidate = are_equivalent;\n    assert_eq!(candidate(36, 57), false);\n    assert_eq!(candidate(2, 4), false);\n    assert_eq!(candidate(23, 47), true);\n}\n",
      "timestamp": 1665509736,
      "stdout": "",
      "stderr": "error[E0425]: cannot find function `sum_divisors` in this scope\n --> /tmp/tmpiyqowxy_.rs:3:16\n  |\n3 |     let sum1 = sum_divisors(num1);\n  |                ^^^^^^^^^^^^ not found in this scope\n\nerror[E0425]: cannot find function `sum_divisors` in this scope\n --> /tmp/tmpiyqowxy_.rs:4:16\n  |\n4 |     let sum2 = sum_divisors(num2);\n  |                ^^^^^^^^^^^^ not found in this scope\n\nerror: aborting due to 2 previous errors\n\nFor more information about this error, try `rustc --explain E0425`.\n",
      "exit_code": 1,
      "status": "SyntaxError"
    },
    {
      "program": "/// Write a function to determine if the sum of the divisors of two integers are the same.\nfn are_equivalent(num1: isize, num2: isize) -> bool {\n    let sum1 = sum_divisors(num1);\n    let sum2 = sum_divisors(num2);\n    sum1 == sum2\n}\n\nfn main() {\n    let candidate = are_equivalent;\n    assert_eq!(candidate(36, 57), false);\n    assert_eq!(candidate(2, 4), false);\n    assert_eq!(candidate(23, 47), true);\n}\n",
      "timestamp": 1665509736,
      "stdout": "",
      "stderr": "error[E0425]: cannot find function `sum_divisors` in this scope\n --> /tmp/tmpiyqowxy_.rs:3:16\n  |\n3 |     let sum1 = sum_divisors(num1);\n  |                ^^^^^^^^^^^^ not found in this scope\n\nerror[E0425]: cannot find function `sum_divisors` in this scope\n --> /tmp/tmpiyqowxy_.rs:4:16\n  |\n4 |     let sum2 = sum_divisors(num2);\n  |                ^^^^^^^^^^^^ not found in this scope\n\nerror: aborting due to 2 previous errors\n\nFor more information about this error, try `rustc --explain E0425`.\n",
      "exit_code": 1,
      "status": "SyntaxError"
    },
    {
      "program": "/// Write a function to determine if the sum of the divisors of two integers are the same.\nfn are_equivalent(num1: isize, num2: isize) -> bool {\n    let sum1 = sum_divisors(num1);\n    let sum2 = sum_divisors(num2);\n    if sum1 == sum2 {\n        return true;\n    }\n    false\n}\n\nfn main() {\n    let candidate = are_equivalent;\n    assert_eq!(candidate(36, 57), false);\n    assert_eq!(candidate(2, 4), false);\n    assert_eq!(candidate(23, 47), true);\n}\n",
      "timestamp": 1666123978,
      "stdout": "",
      "stderr": "error[E0425]: cannot find function `sum_divisors` in this scope\n --> /tmp/tmpj_lotbxr.rs:3:16\n  |\n3 |     let sum1 = sum_divisors(num1);\n  |                ^^^^^^^^^^^^ not found in this scope\n\nerror[E0425]: cannot find function `sum_divisors` in this scope\n --> /tmp/tmpj_lotbxr.rs:4:16\n  |\n4 |     let sum2 = sum_divisors(num2);\n  |                ^^^^^^^^^^^^ not found in this scope\n\nerror: aborting due to 2 previous errors\n\nFor more information about this error, try `rustc --explain E0425`.\n",
      "exit_code": 1,
      "status": "SyntaxError"
    },
    {
      "program": "/// Write a function to determine if the sum of the divisors of two integers are the same.\nfn are_equivalent(num1: isize, num2: isize) -> bool {\n    let sum1 = sum_divisors(num1);\n    let sum2 = sum_divisors(num2);\n    sum1 == sum2\n}\n\nfn main() {\n    let candidate = are_equivalent;\n    assert_eq!(candidate(36, 57), false);\n    assert_eq!(candidate(2, 4), false);\n    assert_eq!(candidate(23, 47), true);\n}\n",
      "timestamp": 1665509736,
      "stdout": "",
      "stderr": "error[E0425]: cannot find function `sum_divisors` in this scope\n --> /tmp/tmpiyqowxy_.rs:3:16\n  |\n3 |     let sum1 = sum_divisors(num1);\n  |                ^^^^^^^^^^^^ not found in this scope\n\nerror[E0425]: cannot find function `sum_divisors` in this scope\n --> /tmp/tmpiyqowxy_.rs:4:16\n  |\n4 |     let sum2 = sum_divisors(num2);\n  |                ^^^^^^^^^^^^ not found in this scope\n\nerror: aborting due to 2 previous errors\n\nFor more information about this error, try `rustc --explain E0425`.\n",
      "exit_code": 1,
      "status": "SyntaxError"
    },
    {
      "program": "/// Write a function to determine if the sum of the divisors of two integers are the same.\nfn are_equivalent(num1: isize, num2: isize) -> bool {\n    let sum1 = sum_divisors(num1);\n    let sum2 = sum_divisors(num2);\n    sum1 == sum2\n}\n\nfn main() {\n    let candidate = are_equivalent;\n    assert_eq!(candidate(36, 57), false);\n    assert_eq!(candidate(2, 4), false);\n    assert_eq!(candidate(23, 47), true);\n}\n",
      "timestamp": 1665509736,
      "stdout": "",
      "stderr": "error[E0425]: cannot find function `sum_divisors` in this scope\n --> /tmp/tmpiyqowxy_.rs:3:16\n  |\n3 |     let sum1 = sum_divisors(num1);\n  |                ^^^^^^^^^^^^ not found in this scope\n\nerror[E0425]: cannot find function `sum_divisors` in this scope\n --> /tmp/tmpiyqowxy_.rs:4:16\n  |\n4 |     let sum2 = sum_divisors(num2);\n  |                ^^^^^^^^^^^^ not found in this scope\n\nerror: aborting due to 2 previous errors\n\nFor more information about this error, try `rustc --explain E0425`.\n",
      "exit_code": 1,
      "status": "SyntaxError"
    },
    {
      "program": "/// Write a function to determine if the sum of the divisors of two integers are the same.\nfn are_equivalent(num1: isize, num2: isize) -> bool {\n    let sum1 = sum_divisors(num1);\n    let sum2 = sum_divisors(num2);\n    sum1 == sum2\n}\n\nfn main() {\n    let candidate = are_equivalent;\n    assert_eq!(candidate(36, 57), false);\n    assert_eq!(candidate(2, 4), false);\n    assert_eq!(candidate(23, 47), true);\n}\n",
      "timestamp": 1665509736,
      "stdout": "",
      "stderr": "error[E0425]: cannot find function `sum_divisors` in this scope\n --> /tmp/tmpiyqowxy_.rs:3:16\n  |\n3 |     let sum1 = sum_divisors(num1);\n  |                ^^^^^^^^^^^^ not found in this scope\n\nerror[E0425]: cannot find function `sum_divisors` in this scope\n --> /tmp/tmpiyqowxy_.rs:4:16\n  |\n4 |     let sum2 = sum_divisors(num2);\n  |                ^^^^^^^^^^^^ not found in this scope\n\nerror: aborting due to 2 previous errors\n\nFor more information about this error, try `rustc --explain E0425`.\n",
      "exit_code": 1,
      "status": "SyntaxError"
    },
    {
      "program": "/// Write a function to determine if the sum of the divisors of two integers are the same.\nfn are_equivalent(num1: isize, num2: isize) -> bool {\n    let sum1 = sum_divisors(num1);\n    let sum2 = sum_divisors(num2);\n    sum1 == sum2\n}\n\nfn main() {\n    let candidate = are_equivalent;\n    assert_eq!(candidate(36, 57), false);\n    assert_eq!(candidate(2, 4), false);\n    assert_eq!(candidate(23, 47), true);\n}\n",
      "timestamp": 1665509736,
      "stdout": "",
      "stderr": "error[E0425]: cannot find function `sum_divisors` in this scope\n --> /tmp/tmpiyqowxy_.rs:3:16\n  |\n3 |     let sum1 = sum_divisors(num1);\n  |                ^^^^^^^^^^^^ not found in this scope\n\nerror[E0425]: cannot find function `sum_divisors` in this scope\n --> /tmp/tmpiyqowxy_.rs:4:16\n  |\n4 |     let sum2 = sum_divisors(num2);\n  |                ^^^^^^^^^^^^ not found in this scope\n\nerror: aborting due to 2 previous errors\n\nFor more information about this error, try `rustc --explain E0425`.\n",
      "exit_code": 1,
      "status": "SyntaxError"
    },
    {
      "program": "/// Write a function to determine if the sum of the divisors of two integers are the same.\nfn are_equivalent(num1: isize, num2: isize) -> bool {\n    let sum1 = sum_divisors(num1);\n    let sum2 = sum_divisors(num2);\n    sum1 == sum2\n}\n\nfn main() {\n    let candidate = are_equivalent;\n    assert_eq!(candidate(36, 57), false);\n    assert_eq!(candidate(2, 4), false);\n    assert_eq!(candidate(23, 47), true);\n}\n",
      "timestamp": 1665509736,
      "stdout": "",
      "stderr": "error[E0425]: cannot find function `sum_divisors` in this scope\n --> /tmp/tmpiyqowxy_.rs:3:16\n  |\n3 |     let sum1 = sum_divisors(num1);\n  |                ^^^^^^^^^^^^ not found in this scope\n\nerror[E0425]: cannot find function `sum_divisors` in this scope\n --> /tmp/tmpiyqowxy_.rs:4:16\n  |\n4 |     let sum2 = sum_divisors(num2);\n  |                ^^^^^^^^^^^^ not found in this scope\n\nerror: aborting due to 2 previous errors\n\nFor more information about this error, try `rustc --explain E0425`.\n",
      "exit_code": 1,
      "status": "SyntaxError"
    },
    {
      "program": "/// Write a function to determine if the sum of the divisors of two integers are the same.\nfn are_equivalent(num1: isize, num2: isize) -> bool {\n    let divisors1 = get_divisors(num1);\n    let divisors2 = get_divisors(num2);\n\n    let sum1 = divisors1.iter().sum();\n    let sum2 = divisors2.iter().sum();\n\n    sum1 == sum2\n}\n\nfn main() {\n    let candidate = are_equivalent;\n    assert_eq!(candidate(36, 57), false);\n    assert_eq!(candidate(2, 4), false);\n    assert_eq!(candidate(23, 47), true);\n}\n",
      "timestamp": 1666123978,
      "stdout": "",
      "stderr": "error[E0425]: cannot find function `get_divisors` in this scope\n --> /tmp/tmp5e5r8b4a.rs:3:21\n  |\n3 |     let divisors1 = get_divisors(num1);\n  |                     ^^^^^^^^^^^^ not found in this scope\n\nerror[E0425]: cannot find function `get_divisors` in this scope\n --> /tmp/tmp5e5r8b4a.rs:4:21\n  |\n4 |     let divisors2 = get_divisors(num2);\n  |                     ^^^^^^^^^^^^ not found in this scope\n\nerror: aborting due to 2 previous errors\n\nFor more information about this error, try `rustc --explain E0425`.\n",
      "exit_code": 1,
      "status": "SyntaxError"
    },
    {
      "program": "/// Write a function to determine if the sum of the divisors of two integers are the same.\nfn are_equivalent(num1: isize, num2: isize) -> bool {\n    let sum1 = sum_divisors(num1);\n    let sum2 = sum_divisors(num2);\n    sum1 == sum2\n}\n\nfn main() {\n    let candidate = are_equivalent;\n    assert_eq!(candidate(36, 57), false);\n    assert_eq!(candidate(2, 4), false);\n    assert_eq!(candidate(23, 47), true);\n}\n",
      "timestamp": 1665509736,
      "stdout": "",
      "stderr": "error[E0425]: cannot find function `sum_divisors` in this scope\n --> /tmp/tmpiyqowxy_.rs:3:16\n  |\n3 |     let sum1 = sum_divisors(num1);\n  |                ^^^^^^^^^^^^ not found in this scope\n\nerror[E0425]: cannot find function `sum_divisors` in this scope\n --> /tmp/tmpiyqowxy_.rs:4:16\n  |\n4 |     let sum2 = sum_divisors(num2);\n  |                ^^^^^^^^^^^^ not found in this scope\n\nerror: aborting due to 2 previous errors\n\nFor more information about this error, try `rustc --explain E0425`.\n",
      "exit_code": 1,
      "status": "SyntaxError"
    }
  ]
}