{
  "name": "mbpp_126_sum",
  "language": "py",
  "prompt": "def sum(a: int, b: int) -> int:\n    \"\"\"\n\tWrite a python function to find the sum of common divisors of two given numbers.\n\t\"\"\"\n",
  "doctests": "transform",
  "original": "/home/arjun/repos/MultiPL-E/datasets/../datasets/mbpp-typed/mbpp_126_sum.py",
  "prompt_terminology": "reworded",
  "tests": "def check(candidate):\n    assert candidate(10, 15) == 6\n    assert candidate(100, 150) == 93\n    assert candidate(4, 6) == 3\n\ndef test_check():\n    check(sum)\n\ntest_check()\n",
  "stop_tokens": [
    "\ndef",
    "\n#",
    "\nif",
    "\nclass"
  ],
  "results": [
    {
      "program": "def sum(a: int, b: int) -> int:\n    \"\"\"\n\tWrite a python function to find the sum of common divisors of two given numbers.\n\t\"\"\"\n    if a == 0 or b == 0:\n        return 0\n    if a == b:\n        return a\n    if a > b:\n        a, b = b, a\n    return a + sum(a, b - a)\n\n\ndef check(candidate):\n    assert candidate(10, 15) == 6\n    assert candidate(100, 150) == 93\n    assert candidate(4, 6) == 3\n\ndef test_check():\n    check(sum)\n\ntest_check()\n",
      "timestamp": 1665509686,
      "stdout": "",
      "stderr": "Traceback (most recent call last):\n  File \"/tmp/tmp5by8we53.py\", line 22, in <module>\n    test_check()\n  File \"/tmp/tmp5by8we53.py\", line 20, in test_check\n    check(sum)\n  File \"/tmp/tmp5by8we53.py\", line 15, in check\n    assert candidate(10, 15) == 6\nAssertionError\n",
      "exit_code": 1,
      "status": "Exception"
    },
    {
      "program": "def sum(a: int, b: int) -> int:\n    \"\"\"\n\tWrite a python function to find the sum of common divisors of two given numbers.\n\t\"\"\"\n    return a + b\n\n\ndef check(candidate):\n    assert candidate(10, 15) == 6\n    assert candidate(100, 150) == 93\n    assert candidate(4, 6) == 3\n\ndef test_check():\n    check(sum)\n\ntest_check()\n",
      "timestamp": 1665509686,
      "stdout": "",
      "stderr": "Traceback (most recent call last):\n  File \"/tmp/tmpp3m05o9v.py\", line 16, in <module>\n    test_check()\n  File \"/tmp/tmpp3m05o9v.py\", line 14, in test_check\n    check(sum)\n  File \"/tmp/tmpp3m05o9v.py\", line 9, in check\n    assert candidate(10, 15) == 6\nAssertionError\n",
      "exit_code": 1,
      "status": "Exception"
    },
    {
      "program": "def sum(a: int, b: int) -> int:\n    \"\"\"\n\tWrite a python function to find the sum of common divisors of two given numbers.\n\t\"\"\"\n    return sum_of_common_divisors(a, b)\n\n\ndef check(candidate):\n    assert candidate(10, 15) == 6\n    assert candidate(100, 150) == 93\n    assert candidate(4, 6) == 3\n\ndef test_check():\n    check(sum)\n\ntest_check()\n",
      "timestamp": 1665509686,
      "stdout": "",
      "stderr": "Traceback (most recent call last):\n  File \"/tmp/tmpt3oc8sa_.py\", line 16, in <module>\n    test_check()\n  File \"/tmp/tmpt3oc8sa_.py\", line 14, in test_check\n    check(sum)\n  File \"/tmp/tmpt3oc8sa_.py\", line 9, in check\n    assert candidate(10, 15) == 6\n  File \"/tmp/tmpt3oc8sa_.py\", line 5, in sum\n    return sum_of_common_divisors(a, b)\nNameError: name 'sum_of_common_divisors' is not defined\n",
      "exit_code": 1,
      "status": "Exception"
    },
    {
      "program": "def sum(a: int, b: int) -> int:\n    \"\"\"\n\tWrite a python function to find the sum of common divisors of two given numbers.\n\t\"\"\"\n    return sum_of_common_divisors(a, b)\n\n\ndef check(candidate):\n    assert candidate(10, 15) == 6\n    assert candidate(100, 150) == 93\n    assert candidate(4, 6) == 3\n\ndef test_check():\n    check(sum)\n\ntest_check()\n",
      "timestamp": 1665509686,
      "stdout": "",
      "stderr": "Traceback (most recent call last):\n  File \"/tmp/tmpt3oc8sa_.py\", line 16, in <module>\n    test_check()\n  File \"/tmp/tmpt3oc8sa_.py\", line 14, in test_check\n    check(sum)\n  File \"/tmp/tmpt3oc8sa_.py\", line 9, in check\n    assert candidate(10, 15) == 6\n  File \"/tmp/tmpt3oc8sa_.py\", line 5, in sum\n    return sum_of_common_divisors(a, b)\nNameError: name 'sum_of_common_divisors' is not defined\n",
      "exit_code": 1,
      "status": "Exception"
    },
    {
      "program": "def sum(a: int, b: int) -> int:\n    \"\"\"\n\tWrite a python function to find the sum of common divisors of two given numbers.\n\t\"\"\"\n    return a + b\n\n\ndef check(candidate):\n    assert candidate(10, 15) == 6\n    assert candidate(100, 150) == 93\n    assert candidate(4, 6) == 3\n\ndef test_check():\n    check(sum)\n\ntest_check()\n",
      "timestamp": 1665509686,
      "stdout": "",
      "stderr": "Traceback (most recent call last):\n  File \"/tmp/tmpp3m05o9v.py\", line 16, in <module>\n    test_check()\n  File \"/tmp/tmpp3m05o9v.py\", line 14, in test_check\n    check(sum)\n  File \"/tmp/tmpp3m05o9v.py\", line 9, in check\n    assert candidate(10, 15) == 6\nAssertionError\n",
      "exit_code": 1,
      "status": "Exception"
    },
    {
      "program": "def sum(a: int, b: int) -> int:\n    \"\"\"\n\tWrite a python function to find the sum of common divisors of two given numbers.\n\t\"\"\"\n    return sum_of_common_divisors(a, b)\n\n\ndef check(candidate):\n    assert candidate(10, 15) == 6\n    assert candidate(100, 150) == 93\n    assert candidate(4, 6) == 3\n\ndef test_check():\n    check(sum)\n\ntest_check()\n",
      "timestamp": 1665509686,
      "stdout": "",
      "stderr": "Traceback (most recent call last):\n  File \"/tmp/tmpt3oc8sa_.py\", line 16, in <module>\n    test_check()\n  File \"/tmp/tmpt3oc8sa_.py\", line 14, in test_check\n    check(sum)\n  File \"/tmp/tmpt3oc8sa_.py\", line 9, in check\n    assert candidate(10, 15) == 6\n  File \"/tmp/tmpt3oc8sa_.py\", line 5, in sum\n    return sum_of_common_divisors(a, b)\nNameError: name 'sum_of_common_divisors' is not defined\n",
      "exit_code": 1,
      "status": "Exception"
    },
    {
      "program": "def sum(a: int, b: int) -> int:\n    \"\"\"\n\tWrite a python function to find the sum of common divisors of two given numbers.\n\t\"\"\"\n    return a + b\n\n\ndef check(candidate):\n    assert candidate(10, 15) == 6\n    assert candidate(100, 150) == 93\n    assert candidate(4, 6) == 3\n\ndef test_check():\n    check(sum)\n\ntest_check()\n",
      "timestamp": 1665509686,
      "stdout": "",
      "stderr": "Traceback (most recent call last):\n  File \"/tmp/tmpp3m05o9v.py\", line 16, in <module>\n    test_check()\n  File \"/tmp/tmpp3m05o9v.py\", line 14, in test_check\n    check(sum)\n  File \"/tmp/tmpp3m05o9v.py\", line 9, in check\n    assert candidate(10, 15) == 6\nAssertionError\n",
      "exit_code": 1,
      "status": "Exception"
    },
    {
      "program": "def sum(a: int, b: int) -> int:\n    \"\"\"\n\tWrite a python function to find the sum of common divisors of two given numbers.\n\t\"\"\"\n    return sum(list(set(divisors(a)) & set(divisors(b))))\n\n\ndef check(candidate):\n    assert candidate(10, 15) == 6\n    assert candidate(100, 150) == 93\n    assert candidate(4, 6) == 3\n\ndef test_check():\n    check(sum)\n\ntest_check()\n",
      "timestamp": 1665509686,
      "stdout": "",
      "stderr": "Traceback (most recent call last):\n  File \"/tmp/tmpqxly4fgg.py\", line 16, in <module>\n    test_check()\n  File \"/tmp/tmpqxly4fgg.py\", line 14, in test_check\n    check(sum)\n  File \"/tmp/tmpqxly4fgg.py\", line 9, in check\n    assert candidate(10, 15) == 6\n  File \"/tmp/tmpqxly4fgg.py\", line 5, in sum\n    return sum(list(set(divisors(a)) & set(divisors(b))))\nNameError: name 'divisors' is not defined\n",
      "exit_code": 1,
      "status": "Exception"
    },
    {
      "program": "def sum(a: int, b: int) -> int:\n    \"\"\"\n\tWrite a python function to find the sum of common divisors of two given numbers.\n\t\"\"\"\n    return a + b\n\n\ndef check(candidate):\n    assert candidate(10, 15) == 6\n    assert candidate(100, 150) == 93\n    assert candidate(4, 6) == 3\n\ndef test_check():\n    check(sum)\n\ntest_check()\n",
      "timestamp": 1665509686,
      "stdout": "",
      "stderr": "Traceback (most recent call last):\n  File \"/tmp/tmpp3m05o9v.py\", line 16, in <module>\n    test_check()\n  File \"/tmp/tmpp3m05o9v.py\", line 14, in test_check\n    check(sum)\n  File \"/tmp/tmpp3m05o9v.py\", line 9, in check\n    assert candidate(10, 15) == 6\nAssertionError\n",
      "exit_code": 1,
      "status": "Exception"
    },
    {
      "program": "def sum(a: int, b: int) -> int:\n    \"\"\"\n\tWrite a python function to find the sum of common divisors of two given numbers.\n\t\"\"\"\n    return a + b\n\n\ndef check(candidate):\n    assert candidate(10, 15) == 6\n    assert candidate(100, 150) == 93\n    assert candidate(4, 6) == 3\n\ndef test_check():\n    check(sum)\n\ntest_check()\n",
      "timestamp": 1665509686,
      "stdout": "",
      "stderr": "Traceback (most recent call last):\n  File \"/tmp/tmpp3m05o9v.py\", line 16, in <module>\n    test_check()\n  File \"/tmp/tmpp3m05o9v.py\", line 14, in test_check\n    check(sum)\n  File \"/tmp/tmpp3m05o9v.py\", line 9, in check\n    assert candidate(10, 15) == 6\nAssertionError\n",
      "exit_code": 1,
      "status": "Exception"
    },
    {
      "program": "def sum(a: int, b: int) -> int:\n    \"\"\"\n\tWrite a python function to find the sum of common divisors of two given numbers.\n\t\"\"\"\n    return a + b\n\n\ndef check(candidate):\n    assert candidate(10, 15) == 6\n    assert candidate(100, 150) == 93\n    assert candidate(4, 6) == 3\n\ndef test_check():\n    check(sum)\n\ntest_check()\n",
      "timestamp": 1665509686,
      "stdout": "",
      "stderr": "Traceback (most recent call last):\n  File \"/tmp/tmpp3m05o9v.py\", line 16, in <module>\n    test_check()\n  File \"/tmp/tmpp3m05o9v.py\", line 14, in test_check\n    check(sum)\n  File \"/tmp/tmpp3m05o9v.py\", line 9, in check\n    assert candidate(10, 15) == 6\nAssertionError\n",
      "exit_code": 1,
      "status": "Exception"
    },
    {
      "program": "def sum(a: int, b: int) -> int:\n    \"\"\"\n\tWrite a python function to find the sum of common divisors of two given numbers.\n\t\"\"\"\n    return sum_of_common_divisors(a, b)\n\n\ndef check(candidate):\n    assert candidate(10, 15) == 6\n    assert candidate(100, 150) == 93\n    assert candidate(4, 6) == 3\n\ndef test_check():\n    check(sum)\n\ntest_check()\n",
      "timestamp": 1665509686,
      "stdout": "",
      "stderr": "Traceback (most recent call last):\n  File \"/tmp/tmpt3oc8sa_.py\", line 16, in <module>\n    test_check()\n  File \"/tmp/tmpt3oc8sa_.py\", line 14, in test_check\n    check(sum)\n  File \"/tmp/tmpt3oc8sa_.py\", line 9, in check\n    assert candidate(10, 15) == 6\n  File \"/tmp/tmpt3oc8sa_.py\", line 5, in sum\n    return sum_of_common_divisors(a, b)\nNameError: name 'sum_of_common_divisors' is not defined\n",
      "exit_code": 1,
      "status": "Exception"
    },
    {
      "program": "def sum(a: int, b: int) -> int:\n    \"\"\"\n\tWrite a python function to find the sum of common divisors of two given numbers.\n\t\"\"\"\n    return sum(list(set(divisors(a)) & set(divisors(b))))\n\n\ndef check(candidate):\n    assert candidate(10, 15) == 6\n    assert candidate(100, 150) == 93\n    assert candidate(4, 6) == 3\n\ndef test_check():\n    check(sum)\n\ntest_check()\n",
      "timestamp": 1665509686,
      "stdout": "",
      "stderr": "Traceback (most recent call last):\n  File \"/tmp/tmpqxly4fgg.py\", line 16, in <module>\n    test_check()\n  File \"/tmp/tmpqxly4fgg.py\", line 14, in test_check\n    check(sum)\n  File \"/tmp/tmpqxly4fgg.py\", line 9, in check\n    assert candidate(10, 15) == 6\n  File \"/tmp/tmpqxly4fgg.py\", line 5, in sum\n    return sum(list(set(divisors(a)) & set(divisors(b))))\nNameError: name 'divisors' is not defined\n",
      "exit_code": 1,
      "status": "Exception"
    },
    {
      "program": "def sum(a: int, b: int) -> int:\n    \"\"\"\n\tWrite a python function to find the sum of common divisors of two given numbers.\n\t\"\"\"\n    return sum(list(set(divisors(a)) & set(divisors(b))))\n\n\ndef check(candidate):\n    assert candidate(10, 15) == 6\n    assert candidate(100, 150) == 93\n    assert candidate(4, 6) == 3\n\ndef test_check():\n    check(sum)\n\ntest_check()\n",
      "timestamp": 1665509686,
      "stdout": "",
      "stderr": "Traceback (most recent call last):\n  File \"/tmp/tmpqxly4fgg.py\", line 16, in <module>\n    test_check()\n  File \"/tmp/tmpqxly4fgg.py\", line 14, in test_check\n    check(sum)\n  File \"/tmp/tmpqxly4fgg.py\", line 9, in check\n    assert candidate(10, 15) == 6\n  File \"/tmp/tmpqxly4fgg.py\", line 5, in sum\n    return sum(list(set(divisors(a)) & set(divisors(b))))\nNameError: name 'divisors' is not defined\n",
      "exit_code": 1,
      "status": "Exception"
    },
    {
      "program": "def sum(a: int, b: int) -> int:\n    \"\"\"\n\tWrite a python function to find the sum of common divisors of two given numbers.\n\t\"\"\"\n    return a + b\n\n\ndef check(candidate):\n    assert candidate(10, 15) == 6\n    assert candidate(100, 150) == 93\n    assert candidate(4, 6) == 3\n\ndef test_check():\n    check(sum)\n\ntest_check()\n",
      "timestamp": 1665509686,
      "stdout": "",
      "stderr": "Traceback (most recent call last):\n  File \"/tmp/tmpp3m05o9v.py\", line 16, in <module>\n    test_check()\n  File \"/tmp/tmpp3m05o9v.py\", line 14, in test_check\n    check(sum)\n  File \"/tmp/tmpp3m05o9v.py\", line 9, in check\n    assert candidate(10, 15) == 6\nAssertionError\n",
      "exit_code": 1,
      "status": "Exception"
    },
    {
      "program": "def sum(a: int, b: int) -> int:\n    \"\"\"\n\tWrite a python function to find the sum of common divisors of two given numbers.\n\t\"\"\"\n    return a + b\n\n\ndef check(candidate):\n    assert candidate(10, 15) == 6\n    assert candidate(100, 150) == 93\n    assert candidate(4, 6) == 3\n\ndef test_check():\n    check(sum)\n\ntest_check()\n",
      "timestamp": 1665509686,
      "stdout": "",
      "stderr": "Traceback (most recent call last):\n  File \"/tmp/tmpp3m05o9v.py\", line 16, in <module>\n    test_check()\n  File \"/tmp/tmpp3m05o9v.py\", line 14, in test_check\n    check(sum)\n  File \"/tmp/tmpp3m05o9v.py\", line 9, in check\n    assert candidate(10, 15) == 6\nAssertionError\n",
      "exit_code": 1,
      "status": "Exception"
    },
    {
      "program": "def sum(a: int, b: int) -> int:\n    \"\"\"\n\tWrite a python function to find the sum of common divisors of two given numbers.\n\t\"\"\"\n    return sum_divisors(a) + sum_divisors(b)\n\n\ndef check(candidate):\n    assert candidate(10, 15) == 6\n    assert candidate(100, 150) == 93\n    assert candidate(4, 6) == 3\n\ndef test_check():\n    check(sum)\n\ntest_check()\n",
      "timestamp": 1665509686,
      "stdout": "",
      "stderr": "Traceback (most recent call last):\n  File \"/tmp/tmpr16383ow.py\", line 16, in <module>\n    test_check()\n  File \"/tmp/tmpr16383ow.py\", line 14, in test_check\n    check(sum)\n  File \"/tmp/tmpr16383ow.py\", line 9, in check\n    assert candidate(10, 15) == 6\n  File \"/tmp/tmpr16383ow.py\", line 5, in sum\n    return sum_divisors(a) + sum_divisors(b)\nNameError: name 'sum_divisors' is not defined\n",
      "exit_code": 1,
      "status": "Exception"
    },
    {
      "program": "def sum(a: int, b: int) -> int:\n    \"\"\"\n\tWrite a python function to find the sum of common divisors of two given numbers.\n\t\"\"\"\n    return sum(common_divisors(a, b))\n\n\ndef check(candidate):\n    assert candidate(10, 15) == 6\n    assert candidate(100, 150) == 93\n    assert candidate(4, 6) == 3\n\ndef test_check():\n    check(sum)\n\ntest_check()\n",
      "timestamp": 1665509686,
      "stdout": "",
      "stderr": "Traceback (most recent call last):\n  File \"/tmp/tmppuj0qai0.py\", line 16, in <module>\n    test_check()\n  File \"/tmp/tmppuj0qai0.py\", line 14, in test_check\n    check(sum)\n  File \"/tmp/tmppuj0qai0.py\", line 9, in check\n    assert candidate(10, 15) == 6\n  File \"/tmp/tmppuj0qai0.py\", line 5, in sum\n    return sum(common_divisors(a, b))\nNameError: name 'common_divisors' is not defined\n",
      "exit_code": 1,
      "status": "Exception"
    },
    {
      "program": "def sum(a: int, b: int) -> int:\n    \"\"\"\n\tWrite a python function to find the sum of common divisors of two given numbers.\n\t\"\"\"\n    return a + b\n\n\ndef check(candidate):\n    assert candidate(10, 15) == 6\n    assert candidate(100, 150) == 93\n    assert candidate(4, 6) == 3\n\ndef test_check():\n    check(sum)\n\ntest_check()\n",
      "timestamp": 1665509686,
      "stdout": "",
      "stderr": "Traceback (most recent call last):\n  File \"/tmp/tmpp3m05o9v.py\", line 16, in <module>\n    test_check()\n  File \"/tmp/tmpp3m05o9v.py\", line 14, in test_check\n    check(sum)\n  File \"/tmp/tmpp3m05o9v.py\", line 9, in check\n    assert candidate(10, 15) == 6\nAssertionError\n",
      "exit_code": 1,
      "status": "Exception"
    },
    {
      "program": "def sum(a: int, b: int) -> int:\n    \"\"\"\n\tWrite a python function to find the sum of common divisors of two given numbers.\n\t\"\"\"\n    return a + b\n\n\ndef check(candidate):\n    assert candidate(10, 15) == 6\n    assert candidate(100, 150) == 93\n    assert candidate(4, 6) == 3\n\ndef test_check():\n    check(sum)\n\ntest_check()\n",
      "timestamp": 1665509686,
      "stdout": "",
      "stderr": "Traceback (most recent call last):\n  File \"/tmp/tmpp3m05o9v.py\", line 16, in <module>\n    test_check()\n  File \"/tmp/tmpp3m05o9v.py\", line 14, in test_check\n    check(sum)\n  File \"/tmp/tmpp3m05o9v.py\", line 9, in check\n    assert candidate(10, 15) == 6\nAssertionError\n",
      "exit_code": 1,
      "status": "Exception"
    },
    {
      "program": "def sum(a: int, b: int) -> int:\n    \"\"\"\n\tWrite a python function to find the sum of common divisors of two given numbers.\n\t\"\"\"\n    return sum_of_common_divisors(a, b)\n\n\ndef check(candidate):\n    assert candidate(10, 15) == 6\n    assert candidate(100, 150) == 93\n    assert candidate(4, 6) == 3\n\ndef test_check():\n    check(sum)\n\ntest_check()\n",
      "timestamp": 1665509686,
      "stdout": "",
      "stderr": "Traceback (most recent call last):\n  File \"/tmp/tmpt3oc8sa_.py\", line 16, in <module>\n    test_check()\n  File \"/tmp/tmpt3oc8sa_.py\", line 14, in test_check\n    check(sum)\n  File \"/tmp/tmpt3oc8sa_.py\", line 9, in check\n    assert candidate(10, 15) == 6\n  File \"/tmp/tmpt3oc8sa_.py\", line 5, in sum\n    return sum_of_common_divisors(a, b)\nNameError: name 'sum_of_common_divisors' is not defined\n",
      "exit_code": 1,
      "status": "Exception"
    },
    {
      "program": "def sum(a: int, b: int) -> int:\n    \"\"\"\n\tWrite a python function to find the sum of common divisors of two given numbers.\n\t\"\"\"\n    return sum_divisors(a) + sum_divisors(b)\n\n\ndef check(candidate):\n    assert candidate(10, 15) == 6\n    assert candidate(100, 150) == 93\n    assert candidate(4, 6) == 3\n\ndef test_check():\n    check(sum)\n\ntest_check()\n",
      "timestamp": 1665509686,
      "stdout": "",
      "stderr": "Traceback (most recent call last):\n  File \"/tmp/tmpr16383ow.py\", line 16, in <module>\n    test_check()\n  File \"/tmp/tmpr16383ow.py\", line 14, in test_check\n    check(sum)\n  File \"/tmp/tmpr16383ow.py\", line 9, in check\n    assert candidate(10, 15) == 6\n  File \"/tmp/tmpr16383ow.py\", line 5, in sum\n    return sum_divisors(a) + sum_divisors(b)\nNameError: name 'sum_divisors' is not defined\n",
      "exit_code": 1,
      "status": "Exception"
    },
    {
      "program": "def sum(a: int, b: int) -> int:\n    \"\"\"\n\tWrite a python function to find the sum of common divisors of two given numbers.\n\t\"\"\"\n    return sum(list(set(divisors(a)) & set(divisors(b))))\n\n\ndef check(candidate):\n    assert candidate(10, 15) == 6\n    assert candidate(100, 150) == 93\n    assert candidate(4, 6) == 3\n\ndef test_check():\n    check(sum)\n\ntest_check()\n",
      "timestamp": 1665509686,
      "stdout": "",
      "stderr": "Traceback (most recent call last):\n  File \"/tmp/tmpqxly4fgg.py\", line 16, in <module>\n    test_check()\n  File \"/tmp/tmpqxly4fgg.py\", line 14, in test_check\n    check(sum)\n  File \"/tmp/tmpqxly4fgg.py\", line 9, in check\n    assert candidate(10, 15) == 6\n  File \"/tmp/tmpqxly4fgg.py\", line 5, in sum\n    return sum(list(set(divisors(a)) & set(divisors(b))))\nNameError: name 'divisors' is not defined\n",
      "exit_code": 1,
      "status": "Exception"
    },
    {
      "program": "def sum(a: int, b: int) -> int:\n    \"\"\"\n\tWrite a python function to find the sum of common divisors of two given numbers.\n\t\"\"\"\n    return sum_of_common_divisors(a, b)\n\n\ndef check(candidate):\n    assert candidate(10, 15) == 6\n    assert candidate(100, 150) == 93\n    assert candidate(4, 6) == 3\n\ndef test_check():\n    check(sum)\n\ntest_check()\n",
      "timestamp": 1665509686,
      "stdout": "",
      "stderr": "Traceback (most recent call last):\n  File \"/tmp/tmpt3oc8sa_.py\", line 16, in <module>\n    test_check()\n  File \"/tmp/tmpt3oc8sa_.py\", line 14, in test_check\n    check(sum)\n  File \"/tmp/tmpt3oc8sa_.py\", line 9, in check\n    assert candidate(10, 15) == 6\n  File \"/tmp/tmpt3oc8sa_.py\", line 5, in sum\n    return sum_of_common_divisors(a, b)\nNameError: name 'sum_of_common_divisors' is not defined\n",
      "exit_code": 1,
      "status": "Exception"
    },
    {
      "program": "def sum(a: int, b: int) -> int:\n    \"\"\"\n\tWrite a python function to find the sum of common divisors of two given numbers.\n\t\"\"\"\n    return a + b\n\n\ndef check(candidate):\n    assert candidate(10, 15) == 6\n    assert candidate(100, 150) == 93\n    assert candidate(4, 6) == 3\n\ndef test_check():\n    check(sum)\n\ntest_check()\n",
      "timestamp": 1665509686,
      "stdout": "",
      "stderr": "Traceback (most recent call last):\n  File \"/tmp/tmpp3m05o9v.py\", line 16, in <module>\n    test_check()\n  File \"/tmp/tmpp3m05o9v.py\", line 14, in test_check\n    check(sum)\n  File \"/tmp/tmpp3m05o9v.py\", line 9, in check\n    assert candidate(10, 15) == 6\nAssertionError\n",
      "exit_code": 1,
      "status": "Exception"
    },
    {
      "program": "def sum(a: int, b: int) -> int:\n    \"\"\"\n\tWrite a python function to find the sum of common divisors of two given numbers.\n\t\"\"\"\n    return a + b\n\n\ndef check(candidate):\n    assert candidate(10, 15) == 6\n    assert candidate(100, 150) == 93\n    assert candidate(4, 6) == 3\n\ndef test_check():\n    check(sum)\n\ntest_check()\n",
      "timestamp": 1665509686,
      "stdout": "",
      "stderr": "Traceback (most recent call last):\n  File \"/tmp/tmpp3m05o9v.py\", line 16, in <module>\n    test_check()\n  File \"/tmp/tmpp3m05o9v.py\", line 14, in test_check\n    check(sum)\n  File \"/tmp/tmpp3m05o9v.py\", line 9, in check\n    assert candidate(10, 15) == 6\nAssertionError\n",
      "exit_code": 1,
      "status": "Exception"
    },
    {
      "program": "def sum(a: int, b: int) -> int:\n    \"\"\"\n\tWrite a python function to find the sum of common divisors of two given numbers.\n\t\"\"\"\n    return a + b\n\n\ndef check(candidate):\n    assert candidate(10, 15) == 6\n    assert candidate(100, 150) == 93\n    assert candidate(4, 6) == 3\n\ndef test_check():\n    check(sum)\n\ntest_check()\n",
      "timestamp": 1665509686,
      "stdout": "",
      "stderr": "Traceback (most recent call last):\n  File \"/tmp/tmpp3m05o9v.py\", line 16, in <module>\n    test_check()\n  File \"/tmp/tmpp3m05o9v.py\", line 14, in test_check\n    check(sum)\n  File \"/tmp/tmpp3m05o9v.py\", line 9, in check\n    assert candidate(10, 15) == 6\nAssertionError\n",
      "exit_code": 1,
      "status": "Exception"
    },
    {
      "program": "def sum(a: int, b: int) -> int:\n    \"\"\"\n\tWrite a python function to find the sum of common divisors of two given numbers.\n\t\"\"\"\n    return sum(list(set(divisors(a)) & set(divisors(b))))\n\n\ndef check(candidate):\n    assert candidate(10, 15) == 6\n    assert candidate(100, 150) == 93\n    assert candidate(4, 6) == 3\n\ndef test_check():\n    check(sum)\n\ntest_check()\n",
      "timestamp": 1665509686,
      "stdout": "",
      "stderr": "Traceback (most recent call last):\n  File \"/tmp/tmpqxly4fgg.py\", line 16, in <module>\n    test_check()\n  File \"/tmp/tmpqxly4fgg.py\", line 14, in test_check\n    check(sum)\n  File \"/tmp/tmpqxly4fgg.py\", line 9, in check\n    assert candidate(10, 15) == 6\n  File \"/tmp/tmpqxly4fgg.py\", line 5, in sum\n    return sum(list(set(divisors(a)) & set(divisors(b))))\nNameError: name 'divisors' is not defined\n",
      "exit_code": 1,
      "status": "Exception"
    },
    {
      "program": "def sum(a: int, b: int) -> int:\n    \"\"\"\n\tWrite a python function to find the sum of common divisors of two given numbers.\n\t\"\"\"\n    return sum(get_common_divisors(a, b))\n\n\ndef check(candidate):\n    assert candidate(10, 15) == 6\n    assert candidate(100, 150) == 93\n    assert candidate(4, 6) == 3\n\ndef test_check():\n    check(sum)\n\ntest_check()\n",
      "timestamp": 1666124220,
      "stdout": "",
      "stderr": "Traceback (most recent call last):\n  File \"/tmp/tmp0jxsmwnr.py\", line 16, in <module>\n    test_check()\n  File \"/tmp/tmp0jxsmwnr.py\", line 14, in test_check\n    check(sum)\n  File \"/tmp/tmp0jxsmwnr.py\", line 9, in check\n    assert candidate(10, 15) == 6\n  File \"/tmp/tmp0jxsmwnr.py\", line 5, in sum\n    return sum(get_common_divisors(a, b))\nNameError: name 'get_common_divisors' is not defined\n",
      "exit_code": 1,
      "status": "Exception"
    },
    {
      "program": "def sum(a: int, b: int) -> int:\n    \"\"\"\n\tWrite a python function to find the sum of common divisors of two given numbers.\n\t\"\"\"\n    return a + b\n\n\ndef check(candidate):\n    assert candidate(10, 15) == 6\n    assert candidate(100, 150) == 93\n    assert candidate(4, 6) == 3\n\ndef test_check():\n    check(sum)\n\ntest_check()\n",
      "timestamp": 1665509686,
      "stdout": "",
      "stderr": "Traceback (most recent call last):\n  File \"/tmp/tmpp3m05o9v.py\", line 16, in <module>\n    test_check()\n  File \"/tmp/tmpp3m05o9v.py\", line 14, in test_check\n    check(sum)\n  File \"/tmp/tmpp3m05o9v.py\", line 9, in check\n    assert candidate(10, 15) == 6\nAssertionError\n",
      "exit_code": 1,
      "status": "Exception"
    },
    {
      "program": "def sum(a: int, b: int) -> int:\n    \"\"\"\n\tWrite a python function to find the sum of common divisors of two given numbers.\n\t\"\"\"\n    return sum_of_common_divisors(a, b)\n\n\ndef check(candidate):\n    assert candidate(10, 15) == 6\n    assert candidate(100, 150) == 93\n    assert candidate(4, 6) == 3\n\ndef test_check():\n    check(sum)\n\ntest_check()\n",
      "timestamp": 1665509686,
      "stdout": "",
      "stderr": "Traceback (most recent call last):\n  File \"/tmp/tmpt3oc8sa_.py\", line 16, in <module>\n    test_check()\n  File \"/tmp/tmpt3oc8sa_.py\", line 14, in test_check\n    check(sum)\n  File \"/tmp/tmpt3oc8sa_.py\", line 9, in check\n    assert candidate(10, 15) == 6\n  File \"/tmp/tmpt3oc8sa_.py\", line 5, in sum\n    return sum_of_common_divisors(a, b)\nNameError: name 'sum_of_common_divisors' is not defined\n",
      "exit_code": 1,
      "status": "Exception"
    },
    {
      "program": "def sum(a: int, b: int) -> int:\n    \"\"\"\n\tWrite a python function to find the sum of common divisors of two given numbers.\n\t\"\"\"\n    return a + b\n\n\ndef check(candidate):\n    assert candidate(10, 15) == 6\n    assert candidate(100, 150) == 93\n    assert candidate(4, 6) == 3\n\ndef test_check():\n    check(sum)\n\ntest_check()\n",
      "timestamp": 1665509686,
      "stdout": "",
      "stderr": "Traceback (most recent call last):\n  File \"/tmp/tmpp3m05o9v.py\", line 16, in <module>\n    test_check()\n  File \"/tmp/tmpp3m05o9v.py\", line 14, in test_check\n    check(sum)\n  File \"/tmp/tmpp3m05o9v.py\", line 9, in check\n    assert candidate(10, 15) == 6\nAssertionError\n",
      "exit_code": 1,
      "status": "Exception"
    },
    {
      "program": "def sum(a: int, b: int) -> int:\n    \"\"\"\n\tWrite a python function to find the sum of common divisors of two given numbers.\n\t\"\"\"\n    return a + b\n\n\ndef check(candidate):\n    assert candidate(10, 15) == 6\n    assert candidate(100, 150) == 93\n    assert candidate(4, 6) == 3\n\ndef test_check():\n    check(sum)\n\ntest_check()\n",
      "timestamp": 1665509686,
      "stdout": "",
      "stderr": "Traceback (most recent call last):\n  File \"/tmp/tmpp3m05o9v.py\", line 16, in <module>\n    test_check()\n  File \"/tmp/tmpp3m05o9v.py\", line 14, in test_check\n    check(sum)\n  File \"/tmp/tmpp3m05o9v.py\", line 9, in check\n    assert candidate(10, 15) == 6\nAssertionError\n",
      "exit_code": 1,
      "status": "Exception"
    },
    {
      "program": "def sum(a: int, b: int) -> int:\n    \"\"\"\n\tWrite a python function to find the sum of common divisors of two given numbers.\n\t\"\"\"\n    return sum_of_divisors(a) + sum_of_divisors(b)\n\n\ndef check(candidate):\n    assert candidate(10, 15) == 6\n    assert candidate(100, 150) == 93\n    assert candidate(4, 6) == 3\n\ndef test_check():\n    check(sum)\n\ntest_check()\n",
      "timestamp": 1666124220,
      "stdout": "",
      "stderr": "Traceback (most recent call last):\n  File \"/tmp/tmpkmu45pux.py\", line 16, in <module>\n    test_check()\n  File \"/tmp/tmpkmu45pux.py\", line 14, in test_check\n    check(sum)\n  File \"/tmp/tmpkmu45pux.py\", line 9, in check\n    assert candidate(10, 15) == 6\n  File \"/tmp/tmpkmu45pux.py\", line 5, in sum\n    return sum_of_divisors(a) + sum_of_divisors(b)\nNameError: name 'sum_of_divisors' is not defined\n",
      "exit_code": 1,
      "status": "Exception"
    },
    {
      "program": "def sum(a: int, b: int) -> int:\n    \"\"\"\n\tWrite a python function to find the sum of common divisors of two given numbers.\n\t\"\"\"\n    return sum(list(set(divisors(a)) & set(divisors(b))))\n\n\ndef check(candidate):\n    assert candidate(10, 15) == 6\n    assert candidate(100, 150) == 93\n    assert candidate(4, 6) == 3\n\ndef test_check():\n    check(sum)\n\ntest_check()\n",
      "timestamp": 1665509686,
      "stdout": "",
      "stderr": "Traceback (most recent call last):\n  File \"/tmp/tmpqxly4fgg.py\", line 16, in <module>\n    test_check()\n  File \"/tmp/tmpqxly4fgg.py\", line 14, in test_check\n    check(sum)\n  File \"/tmp/tmpqxly4fgg.py\", line 9, in check\n    assert candidate(10, 15) == 6\n  File \"/tmp/tmpqxly4fgg.py\", line 5, in sum\n    return sum(list(set(divisors(a)) & set(divisors(b))))\nNameError: name 'divisors' is not defined\n",
      "exit_code": 1,
      "status": "Exception"
    },
    {
      "program": "def sum(a: int, b: int) -> int:\n    \"\"\"\n\tWrite a python function to find the sum of common divisors of two given numbers.\n\t\"\"\"\n    return sum_of_divisors(a) + sum_of_divisors(b)\n\n\ndef check(candidate):\n    assert candidate(10, 15) == 6\n    assert candidate(100, 150) == 93\n    assert candidate(4, 6) == 3\n\ndef test_check():\n    check(sum)\n\ntest_check()\n",
      "timestamp": 1666124220,
      "stdout": "",
      "stderr": "Traceback (most recent call last):\n  File \"/tmp/tmpkmu45pux.py\", line 16, in <module>\n    test_check()\n  File \"/tmp/tmpkmu45pux.py\", line 14, in test_check\n    check(sum)\n  File \"/tmp/tmpkmu45pux.py\", line 9, in check\n    assert candidate(10, 15) == 6\n  File \"/tmp/tmpkmu45pux.py\", line 5, in sum\n    return sum_of_divisors(a) + sum_of_divisors(b)\nNameError: name 'sum_of_divisors' is not defined\n",
      "exit_code": 1,
      "status": "Exception"
    },
    {
      "program": "def sum(a: int, b: int) -> int:\n    \"\"\"\n\tWrite a python function to find the sum of common divisors of two given numbers.\n\t\"\"\"\n    if a == 0 or b == 0:\n        return 0\n    else:\n        return a + b\n\n\ndef check(candidate):\n    assert candidate(10, 15) == 6\n    assert candidate(100, 150) == 93\n    assert candidate(4, 6) == 3\n\ndef test_check():\n    check(sum)\n\ntest_check()\n",
      "timestamp": 1666124220,
      "stdout": "",
      "stderr": "Traceback (most recent call last):\n  File \"/tmp/tmpy3vc6gsk.py\", line 19, in <module>\n    test_check()\n  File \"/tmp/tmpy3vc6gsk.py\", line 17, in test_check\n    check(sum)\n  File \"/tmp/tmpy3vc6gsk.py\", line 12, in check\n    assert candidate(10, 15) == 6\nAssertionError\n",
      "exit_code": 1,
      "status": "Exception"
    },
    {
      "program": "def sum(a: int, b: int) -> int:\n    \"\"\"\n\tWrite a python function to find the sum of common divisors of two given numbers.\n\t\"\"\"\n    return sum(get_common_divisors(a, b))\n\n\ndef check(candidate):\n    assert candidate(10, 15) == 6\n    assert candidate(100, 150) == 93\n    assert candidate(4, 6) == 3\n\ndef test_check():\n    check(sum)\n\ntest_check()\n",
      "timestamp": 1666124220,
      "stdout": "",
      "stderr": "Traceback (most recent call last):\n  File \"/tmp/tmp0jxsmwnr.py\", line 16, in <module>\n    test_check()\n  File \"/tmp/tmp0jxsmwnr.py\", line 14, in test_check\n    check(sum)\n  File \"/tmp/tmp0jxsmwnr.py\", line 9, in check\n    assert candidate(10, 15) == 6\n  File \"/tmp/tmp0jxsmwnr.py\", line 5, in sum\n    return sum(get_common_divisors(a, b))\nNameError: name 'get_common_divisors' is not defined\n",
      "exit_code": 1,
      "status": "Exception"
    },
    {
      "program": "def sum(a: int, b: int) -> int:\n    \"\"\"\n\tWrite a python function to find the sum of common divisors of two given numbers.\n\t\"\"\"\n    return sum(list(set(divisors(a)) & set(divisors(b))))\n\n\ndef check(candidate):\n    assert candidate(10, 15) == 6\n    assert candidate(100, 150) == 93\n    assert candidate(4, 6) == 3\n\ndef test_check():\n    check(sum)\n\ntest_check()\n",
      "timestamp": 1665509686,
      "stdout": "",
      "stderr": "Traceback (most recent call last):\n  File \"/tmp/tmpqxly4fgg.py\", line 16, in <module>\n    test_check()\n  File \"/tmp/tmpqxly4fgg.py\", line 14, in test_check\n    check(sum)\n  File \"/tmp/tmpqxly4fgg.py\", line 9, in check\n    assert candidate(10, 15) == 6\n  File \"/tmp/tmpqxly4fgg.py\", line 5, in sum\n    return sum(list(set(divisors(a)) & set(divisors(b))))\nNameError: name 'divisors' is not defined\n",
      "exit_code": 1,
      "status": "Exception"
    },
    {
      "program": "def sum(a: int, b: int) -> int:\n    \"\"\"\n\tWrite a python function to find the sum of common divisors of two given numbers.\n\t\"\"\"\n    return sum_divisors(a) + sum_divisors(b)\n\n\ndef check(candidate):\n    assert candidate(10, 15) == 6\n    assert candidate(100, 150) == 93\n    assert candidate(4, 6) == 3\n\ndef test_check():\n    check(sum)\n\ntest_check()\n",
      "timestamp": 1665509686,
      "stdout": "",
      "stderr": "Traceback (most recent call last):\n  File \"/tmp/tmpr16383ow.py\", line 16, in <module>\n    test_check()\n  File \"/tmp/tmpr16383ow.py\", line 14, in test_check\n    check(sum)\n  File \"/tmp/tmpr16383ow.py\", line 9, in check\n    assert candidate(10, 15) == 6\n  File \"/tmp/tmpr16383ow.py\", line 5, in sum\n    return sum_divisors(a) + sum_divisors(b)\nNameError: name 'sum_divisors' is not defined\n",
      "exit_code": 1,
      "status": "Exception"
    },
    {
      "program": "def sum(a: int, b: int) -> int:\n    \"\"\"\n\tWrite a python function to find the sum of common divisors of two given numbers.\n\t\"\"\"\n    return a + b\n\n\ndef check(candidate):\n    assert candidate(10, 15) == 6\n    assert candidate(100, 150) == 93\n    assert candidate(4, 6) == 3\n\ndef test_check():\n    check(sum)\n\ntest_check()\n",
      "timestamp": 1665509686,
      "stdout": "",
      "stderr": "Traceback (most recent call last):\n  File \"/tmp/tmpp3m05o9v.py\", line 16, in <module>\n    test_check()\n  File \"/tmp/tmpp3m05o9v.py\", line 14, in test_check\n    check(sum)\n  File \"/tmp/tmpp3m05o9v.py\", line 9, in check\n    assert candidate(10, 15) == 6\nAssertionError\n",
      "exit_code": 1,
      "status": "Exception"
    },
    {
      "program": "def sum(a: int, b: int) -> int:\n    \"\"\"\n\tWrite a python function to find the sum of common divisors of two given numbers.\n\t\"\"\"\n    return sum(list(set(divisors(a)) & set(divisors(b))))\n\n\ndef check(candidate):\n    assert candidate(10, 15) == 6\n    assert candidate(100, 150) == 93\n    assert candidate(4, 6) == 3\n\ndef test_check():\n    check(sum)\n\ntest_check()\n",
      "timestamp": 1665509686,
      "stdout": "",
      "stderr": "Traceback (most recent call last):\n  File \"/tmp/tmpqxly4fgg.py\", line 16, in <module>\n    test_check()\n  File \"/tmp/tmpqxly4fgg.py\", line 14, in test_check\n    check(sum)\n  File \"/tmp/tmpqxly4fgg.py\", line 9, in check\n    assert candidate(10, 15) == 6\n  File \"/tmp/tmpqxly4fgg.py\", line 5, in sum\n    return sum(list(set(divisors(a)) & set(divisors(b))))\nNameError: name 'divisors' is not defined\n",
      "exit_code": 1,
      "status": "Exception"
    },
    {
      "program": "def sum(a: int, b: int) -> int:\n    \"\"\"\n\tWrite a python function to find the sum of common divisors of two given numbers.\n\t\"\"\"\n    divisors = []\n    for i in range(1, min(a, b) + 1):\n        if a % i == 0 and b % i == 0:\n            divisors.append(i)\n    return sum(divisors)\n\n\ndef check(candidate):\n    assert candidate(10, 15) == 6\n    assert candidate(100, 150) == 93\n    assert candidate(4, 6) == 3\n\ndef test_check():\n    check(sum)\n\ntest_check()\n",
      "timestamp": 1666124220,
      "stdout": "",
      "stderr": "Traceback (most recent call last):\n  File \"/tmp/tmprvj7mt47.py\", line 20, in <module>\n    test_check()\n  File \"/tmp/tmprvj7mt47.py\", line 18, in test_check\n    check(sum)\n  File \"/tmp/tmprvj7mt47.py\", line 13, in check\n    assert candidate(10, 15) == 6\n  File \"/tmp/tmprvj7mt47.py\", line 9, in sum\n    return sum(divisors)\nTypeError: sum() missing 1 required positional argument: 'b'\n",
      "exit_code": 1,
      "status": "Exception"
    },
    {
      "program": "def sum(a: int, b: int) -> int:\n    \"\"\"\n\tWrite a python function to find the sum of common divisors of two given numbers.\n\t\"\"\"\n    return sum_of_common_divisors(a, b)\n\n\ndef check(candidate):\n    assert candidate(10, 15) == 6\n    assert candidate(100, 150) == 93\n    assert candidate(4, 6) == 3\n\ndef test_check():\n    check(sum)\n\ntest_check()\n",
      "timestamp": 1665509686,
      "stdout": "",
      "stderr": "Traceback (most recent call last):\n  File \"/tmp/tmpt3oc8sa_.py\", line 16, in <module>\n    test_check()\n  File \"/tmp/tmpt3oc8sa_.py\", line 14, in test_check\n    check(sum)\n  File \"/tmp/tmpt3oc8sa_.py\", line 9, in check\n    assert candidate(10, 15) == 6\n  File \"/tmp/tmpt3oc8sa_.py\", line 5, in sum\n    return sum_of_common_divisors(a, b)\nNameError: name 'sum_of_common_divisors' is not defined\n",
      "exit_code": 1,
      "status": "Exception"
    },
    {
      "program": "def sum(a: int, b: int) -> int:\n    \"\"\"\n\tWrite a python function to find the sum of common divisors of two given numbers.\n\t\"\"\"\n    return sum_of_common_divisors(a, b)\n\n\ndef check(candidate):\n    assert candidate(10, 15) == 6\n    assert candidate(100, 150) == 93\n    assert candidate(4, 6) == 3\n\ndef test_check():\n    check(sum)\n\ntest_check()\n",
      "timestamp": 1665509686,
      "stdout": "",
      "stderr": "Traceback (most recent call last):\n  File \"/tmp/tmpt3oc8sa_.py\", line 16, in <module>\n    test_check()\n  File \"/tmp/tmpt3oc8sa_.py\", line 14, in test_check\n    check(sum)\n  File \"/tmp/tmpt3oc8sa_.py\", line 9, in check\n    assert candidate(10, 15) == 6\n  File \"/tmp/tmpt3oc8sa_.py\", line 5, in sum\n    return sum_of_common_divisors(a, b)\nNameError: name 'sum_of_common_divisors' is not defined\n",
      "exit_code": 1,
      "status": "Exception"
    },
    {
      "program": "def sum(a: int, b: int) -> int:\n    \"\"\"\n\tWrite a python function to find the sum of common divisors of two given numbers.\n\t\"\"\"\n    return a + b\n\n\ndef check(candidate):\n    assert candidate(10, 15) == 6\n    assert candidate(100, 150) == 93\n    assert candidate(4, 6) == 3\n\ndef test_check():\n    check(sum)\n\ntest_check()\n",
      "timestamp": 1665509686,
      "stdout": "",
      "stderr": "Traceback (most recent call last):\n  File \"/tmp/tmpp3m05o9v.py\", line 16, in <module>\n    test_check()\n  File \"/tmp/tmpp3m05o9v.py\", line 14, in test_check\n    check(sum)\n  File \"/tmp/tmpp3m05o9v.py\", line 9, in check\n    assert candidate(10, 15) == 6\nAssertionError\n",
      "exit_code": 1,
      "status": "Exception"
    },
    {
      "program": "def sum(a: int, b: int) -> int:\n    \"\"\"\n\tWrite a python function to find the sum of common divisors of two given numbers.\n\t\"\"\"\n    return sum_of_divisors(a) + sum_of_divisors(b)\n\n\ndef check(candidate):\n    assert candidate(10, 15) == 6\n    assert candidate(100, 150) == 93\n    assert candidate(4, 6) == 3\n\ndef test_check():\n    check(sum)\n\ntest_check()\n",
      "timestamp": 1666124220,
      "stdout": "",
      "stderr": "Traceback (most recent call last):\n  File \"/tmp/tmpkmu45pux.py\", line 16, in <module>\n    test_check()\n  File \"/tmp/tmpkmu45pux.py\", line 14, in test_check\n    check(sum)\n  File \"/tmp/tmpkmu45pux.py\", line 9, in check\n    assert candidate(10, 15) == 6\n  File \"/tmp/tmpkmu45pux.py\", line 5, in sum\n    return sum_of_divisors(a) + sum_of_divisors(b)\nNameError: name 'sum_of_divisors' is not defined\n",
      "exit_code": 1,
      "status": "Exception"
    },
    {
      "program": "def sum(a: int, b: int) -> int:\n    \"\"\"\n\tWrite a python function to find the sum of common divisors of two given numbers.\n\t\"\"\"\n    divisors = []\n    for i in range(1, min(a, b) + 1):\n        if a % i == 0 and b % i == 0:\n            divisors.append(i)\n    return sum(divisors)\n\n\ndef check(candidate):\n    assert candidate(10, 15) == 6\n    assert candidate(100, 150) == 93\n    assert candidate(4, 6) == 3\n\ndef test_check():\n    check(sum)\n\ntest_check()\n",
      "timestamp": 1666124220,
      "stdout": "",
      "stderr": "Traceback (most recent call last):\n  File \"/tmp/tmprvj7mt47.py\", line 20, in <module>\n    test_check()\n  File \"/tmp/tmprvj7mt47.py\", line 18, in test_check\n    check(sum)\n  File \"/tmp/tmprvj7mt47.py\", line 13, in check\n    assert candidate(10, 15) == 6\n  File \"/tmp/tmprvj7mt47.py\", line 9, in sum\n    return sum(divisors)\nTypeError: sum() missing 1 required positional argument: 'b'\n",
      "exit_code": 1,
      "status": "Exception"
    },
    {
      "program": "def sum(a: int, b: int) -> int:\n    \"\"\"\n\tWrite a python function to find the sum of common divisors of two given numbers.\n\t\"\"\"\n    return sum_of_common_divisors(a, b)\n\n\ndef check(candidate):\n    assert candidate(10, 15) == 6\n    assert candidate(100, 150) == 93\n    assert candidate(4, 6) == 3\n\ndef test_check():\n    check(sum)\n\ntest_check()\n",
      "timestamp": 1665509686,
      "stdout": "",
      "stderr": "Traceback (most recent call last):\n  File \"/tmp/tmpt3oc8sa_.py\", line 16, in <module>\n    test_check()\n  File \"/tmp/tmpt3oc8sa_.py\", line 14, in test_check\n    check(sum)\n  File \"/tmp/tmpt3oc8sa_.py\", line 9, in check\n    assert candidate(10, 15) == 6\n  File \"/tmp/tmpt3oc8sa_.py\", line 5, in sum\n    return sum_of_common_divisors(a, b)\nNameError: name 'sum_of_common_divisors' is not defined\n",
      "exit_code": 1,
      "status": "Exception"
    },
    {
      "program": "def sum(a: int, b: int) -> int:\n    \"\"\"\n\tWrite a python function to find the sum of common divisors of two given numbers.\n\t\"\"\"\n    return a + b\n\n\ndef check(candidate):\n    assert candidate(10, 15) == 6\n    assert candidate(100, 150) == 93\n    assert candidate(4, 6) == 3\n\ndef test_check():\n    check(sum)\n\ntest_check()\n",
      "timestamp": 1665509686,
      "stdout": "",
      "stderr": "Traceback (most recent call last):\n  File \"/tmp/tmpp3m05o9v.py\", line 16, in <module>\n    test_check()\n  File \"/tmp/tmpp3m05o9v.py\", line 14, in test_check\n    check(sum)\n  File \"/tmp/tmpp3m05o9v.py\", line 9, in check\n    assert candidate(10, 15) == 6\nAssertionError\n",
      "exit_code": 1,
      "status": "Exception"
    },
    {
      "program": "def sum(a: int, b: int) -> int:\n    \"\"\"\n\tWrite a python function to find the sum of common divisors of two given numbers.\n\t\"\"\"\n    return sum_of_common_divisors(a, b)\n\n\ndef check(candidate):\n    assert candidate(10, 15) == 6\n    assert candidate(100, 150) == 93\n    assert candidate(4, 6) == 3\n\ndef test_check():\n    check(sum)\n\ntest_check()\n",
      "timestamp": 1665509686,
      "stdout": "",
      "stderr": "Traceback (most recent call last):\n  File \"/tmp/tmpt3oc8sa_.py\", line 16, in <module>\n    test_check()\n  File \"/tmp/tmpt3oc8sa_.py\", line 14, in test_check\n    check(sum)\n  File \"/tmp/tmpt3oc8sa_.py\", line 9, in check\n    assert candidate(10, 15) == 6\n  File \"/tmp/tmpt3oc8sa_.py\", line 5, in sum\n    return sum_of_common_divisors(a, b)\nNameError: name 'sum_of_common_divisors' is not defined\n",
      "exit_code": 1,
      "status": "Exception"
    },
    {
      "program": "def sum(a: int, b: int) -> int:\n    \"\"\"\n\tWrite a python function to find the sum of common divisors of two given numbers.\n\t\"\"\"\n    return sum_of_common_divisors(a, b)\n\n\ndef check(candidate):\n    assert candidate(10, 15) == 6\n    assert candidate(100, 150) == 93\n    assert candidate(4, 6) == 3\n\ndef test_check():\n    check(sum)\n\ntest_check()\n",
      "timestamp": 1665509686,
      "stdout": "",
      "stderr": "Traceback (most recent call last):\n  File \"/tmp/tmpt3oc8sa_.py\", line 16, in <module>\n    test_check()\n  File \"/tmp/tmpt3oc8sa_.py\", line 14, in test_check\n    check(sum)\n  File \"/tmp/tmpt3oc8sa_.py\", line 9, in check\n    assert candidate(10, 15) == 6\n  File \"/tmp/tmpt3oc8sa_.py\", line 5, in sum\n    return sum_of_common_divisors(a, b)\nNameError: name 'sum_of_common_divisors' is not defined\n",
      "exit_code": 1,
      "status": "Exception"
    },
    {
      "program": "def sum(a: int, b: int) -> int:\n    \"\"\"\n\tWrite a python function to find the sum of common divisors of two given numbers.\n\t\"\"\"\n    return a + b\n\n\ndef check(candidate):\n    assert candidate(10, 15) == 6\n    assert candidate(100, 150) == 93\n    assert candidate(4, 6) == 3\n\ndef test_check():\n    check(sum)\n\ntest_check()\n",
      "timestamp": 1665509686,
      "stdout": "",
      "stderr": "Traceback (most recent call last):\n  File \"/tmp/tmpp3m05o9v.py\", line 16, in <module>\n    test_check()\n  File \"/tmp/tmpp3m05o9v.py\", line 14, in test_check\n    check(sum)\n  File \"/tmp/tmpp3m05o9v.py\", line 9, in check\n    assert candidate(10, 15) == 6\nAssertionError\n",
      "exit_code": 1,
      "status": "Exception"
    },
    {
      "program": "def sum(a: int, b: int) -> int:\n    \"\"\"\n\tWrite a python function to find the sum of common divisors of two given numbers.\n\t\"\"\"\n    divisors = []\n    for i in range(1, min(a, b) + 1):\n        if a % i == 0 and b % i == 0:\n            divisors.append(i)\n    return sum(divisors)\n\n\ndef check(candidate):\n    assert candidate(10, 15) == 6\n    assert candidate(100, 150) == 93\n    assert candidate(4, 6) == 3\n\ndef test_check():\n    check(sum)\n\ntest_check()\n",
      "timestamp": 1666124220,
      "stdout": "",
      "stderr": "Traceback (most recent call last):\n  File \"/tmp/tmprvj7mt47.py\", line 20, in <module>\n    test_check()\n  File \"/tmp/tmprvj7mt47.py\", line 18, in test_check\n    check(sum)\n  File \"/tmp/tmprvj7mt47.py\", line 13, in check\n    assert candidate(10, 15) == 6\n  File \"/tmp/tmprvj7mt47.py\", line 9, in sum\n    return sum(divisors)\nTypeError: sum() missing 1 required positional argument: 'b'\n",
      "exit_code": 1,
      "status": "Exception"
    },
    {
      "program": "def sum(a: int, b: int) -> int:\n    \"\"\"\n\tWrite a python function to find the sum of common divisors of two given numbers.\n\t\"\"\"\n    return sum_of_common_divisors(a, b)\n\n\ndef check(candidate):\n    assert candidate(10, 15) == 6\n    assert candidate(100, 150) == 93\n    assert candidate(4, 6) == 3\n\ndef test_check():\n    check(sum)\n\ntest_check()\n",
      "timestamp": 1665509686,
      "stdout": "",
      "stderr": "Traceback (most recent call last):\n  File \"/tmp/tmpt3oc8sa_.py\", line 16, in <module>\n    test_check()\n  File \"/tmp/tmpt3oc8sa_.py\", line 14, in test_check\n    check(sum)\n  File \"/tmp/tmpt3oc8sa_.py\", line 9, in check\n    assert candidate(10, 15) == 6\n  File \"/tmp/tmpt3oc8sa_.py\", line 5, in sum\n    return sum_of_common_divisors(a, b)\nNameError: name 'sum_of_common_divisors' is not defined\n",
      "exit_code": 1,
      "status": "Exception"
    },
    {
      "program": "def sum(a: int, b: int) -> int:\n    \"\"\"\n\tWrite a python function to find the sum of common divisors of two given numbers.\n\t\"\"\"\n    sum = 0\n    for i in range(1, min(a, b) + 1):\n        if a % i == 0 and b % i == 0:\n            sum += i\n    return sum\n\n\ndef check(candidate):\n    assert candidate(10, 15) == 6\n    assert candidate(100, 150) == 93\n    assert candidate(4, 6) == 3\n\ndef test_check():\n    check(sum)\n\ntest_check()\n",
      "timestamp": 1666124220,
      "stdout": "",
      "stderr": "",
      "exit_code": 0,
      "status": "OK"
    },
    {
      "program": "def sum(a: int, b: int) -> int:\n    \"\"\"\n\tWrite a python function to find the sum of common divisors of two given numbers.\n\t\"\"\"\n    return sum_of_common_divisors(a, b)\n\n\ndef check(candidate):\n    assert candidate(10, 15) == 6\n    assert candidate(100, 150) == 93\n    assert candidate(4, 6) == 3\n\ndef test_check():\n    check(sum)\n\ntest_check()\n",
      "timestamp": 1665509686,
      "stdout": "",
      "stderr": "Traceback (most recent call last):\n  File \"/tmp/tmpt3oc8sa_.py\", line 16, in <module>\n    test_check()\n  File \"/tmp/tmpt3oc8sa_.py\", line 14, in test_check\n    check(sum)\n  File \"/tmp/tmpt3oc8sa_.py\", line 9, in check\n    assert candidate(10, 15) == 6\n  File \"/tmp/tmpt3oc8sa_.py\", line 5, in sum\n    return sum_of_common_divisors(a, b)\nNameError: name 'sum_of_common_divisors' is not defined\n",
      "exit_code": 1,
      "status": "Exception"
    },
    {
      "program": "def sum(a: int, b: int) -> int:\n    \"\"\"\n\tWrite a python function to find the sum of common divisors of two given numbers.\n\t\"\"\"\n    return a + b\n\n\ndef check(candidate):\n    assert candidate(10, 15) == 6\n    assert candidate(100, 150) == 93\n    assert candidate(4, 6) == 3\n\ndef test_check():\n    check(sum)\n\ntest_check()\n",
      "timestamp": 1665509686,
      "stdout": "",
      "stderr": "Traceback (most recent call last):\n  File \"/tmp/tmpp3m05o9v.py\", line 16, in <module>\n    test_check()\n  File \"/tmp/tmpp3m05o9v.py\", line 14, in test_check\n    check(sum)\n  File \"/tmp/tmpp3m05o9v.py\", line 9, in check\n    assert candidate(10, 15) == 6\nAssertionError\n",
      "exit_code": 1,
      "status": "Exception"
    },
    {
      "program": "def sum(a: int, b: int) -> int:\n    \"\"\"\n\tWrite a python function to find the sum of common divisors of two given numbers.\n\t\"\"\"\n    return a + b\n\n\ndef check(candidate):\n    assert candidate(10, 15) == 6\n    assert candidate(100, 150) == 93\n    assert candidate(4, 6) == 3\n\ndef test_check():\n    check(sum)\n\ntest_check()\n",
      "timestamp": 1665509686,
      "stdout": "",
      "stderr": "Traceback (most recent call last):\n  File \"/tmp/tmpp3m05o9v.py\", line 16, in <module>\n    test_check()\n  File \"/tmp/tmpp3m05o9v.py\", line 14, in test_check\n    check(sum)\n  File \"/tmp/tmpp3m05o9v.py\", line 9, in check\n    assert candidate(10, 15) == 6\nAssertionError\n",
      "exit_code": 1,
      "status": "Exception"
    },
    {
      "program": "def sum(a: int, b: int) -> int:\n    \"\"\"\n\tWrite a python function to find the sum of common divisors of two given numbers.\n\t\"\"\"\n    return a + b\n\n\ndef check(candidate):\n    assert candidate(10, 15) == 6\n    assert candidate(100, 150) == 93\n    assert candidate(4, 6) == 3\n\ndef test_check():\n    check(sum)\n\ntest_check()\n",
      "timestamp": 1665509686,
      "stdout": "",
      "stderr": "Traceback (most recent call last):\n  File \"/tmp/tmpp3m05o9v.py\", line 16, in <module>\n    test_check()\n  File \"/tmp/tmpp3m05o9v.py\", line 14, in test_check\n    check(sum)\n  File \"/tmp/tmpp3m05o9v.py\", line 9, in check\n    assert candidate(10, 15) == 6\nAssertionError\n",
      "exit_code": 1,
      "status": "Exception"
    },
    {
      "program": "def sum(a: int, b: int) -> int:\n    \"\"\"\n\tWrite a python function to find the sum of common divisors of two given numbers.\n\t\"\"\"\n    divisors = []\n    for i in range(1, min(a, b) + 1):\n        if a % i == 0 and b % i == 0:\n            divisors.append(i)\n    return sum(divisors)\n\n\ndef check(candidate):\n    assert candidate(10, 15) == 6\n    assert candidate(100, 150) == 93\n    assert candidate(4, 6) == 3\n\ndef test_check():\n    check(sum)\n\ntest_check()\n",
      "timestamp": 1666124220,
      "stdout": "",
      "stderr": "Traceback (most recent call last):\n  File \"/tmp/tmprvj7mt47.py\", line 20, in <module>\n    test_check()\n  File \"/tmp/tmprvj7mt47.py\", line 18, in test_check\n    check(sum)\n  File \"/tmp/tmprvj7mt47.py\", line 13, in check\n    assert candidate(10, 15) == 6\n  File \"/tmp/tmprvj7mt47.py\", line 9, in sum\n    return sum(divisors)\nTypeError: sum() missing 1 required positional argument: 'b'\n",
      "exit_code": 1,
      "status": "Exception"
    },
    {
      "program": "def sum(a: int, b: int) -> int:\n    \"\"\"\n\tWrite a python function to find the sum of common divisors of two given numbers.\n\t\"\"\"\n    return sum_of_common_divisors(a, b)\n\n\ndef check(candidate):\n    assert candidate(10, 15) == 6\n    assert candidate(100, 150) == 93\n    assert candidate(4, 6) == 3\n\ndef test_check():\n    check(sum)\n\ntest_check()\n",
      "timestamp": 1665509686,
      "stdout": "",
      "stderr": "Traceback (most recent call last):\n  File \"/tmp/tmpt3oc8sa_.py\", line 16, in <module>\n    test_check()\n  File \"/tmp/tmpt3oc8sa_.py\", line 14, in test_check\n    check(sum)\n  File \"/tmp/tmpt3oc8sa_.py\", line 9, in check\n    assert candidate(10, 15) == 6\n  File \"/tmp/tmpt3oc8sa_.py\", line 5, in sum\n    return sum_of_common_divisors(a, b)\nNameError: name 'sum_of_common_divisors' is not defined\n",
      "exit_code": 1,
      "status": "Exception"
    },
    {
      "program": "def sum(a: int, b: int) -> int:\n    \"\"\"\n\tWrite a python function to find the sum of common divisors of two given numbers.\n\t\"\"\"\n    return sum_of_common_divisors(a, b)\n\n\ndef check(candidate):\n    assert candidate(10, 15) == 6\n    assert candidate(100, 150) == 93\n    assert candidate(4, 6) == 3\n\ndef test_check():\n    check(sum)\n\ntest_check()\n",
      "timestamp": 1665509686,
      "stdout": "",
      "stderr": "Traceback (most recent call last):\n  File \"/tmp/tmpt3oc8sa_.py\", line 16, in <module>\n    test_check()\n  File \"/tmp/tmpt3oc8sa_.py\", line 14, in test_check\n    check(sum)\n  File \"/tmp/tmpt3oc8sa_.py\", line 9, in check\n    assert candidate(10, 15) == 6\n  File \"/tmp/tmpt3oc8sa_.py\", line 5, in sum\n    return sum_of_common_divisors(a, b)\nNameError: name 'sum_of_common_divisors' is not defined\n",
      "exit_code": 1,
      "status": "Exception"
    },
    {
      "program": "def sum(a: int, b: int) -> int:\n    \"\"\"\n\tWrite a python function to find the sum of common divisors of two given numbers.\n\t\"\"\"\n    divisors = []\n    for i in range(1, min(a, b) + 1):\n        if a % i == 0 and b % i == 0:\n            divisors.append(i)\n    return sum(divisors)\n\n\ndef check(candidate):\n    assert candidate(10, 15) == 6\n    assert candidate(100, 150) == 93\n    assert candidate(4, 6) == 3\n\ndef test_check():\n    check(sum)\n\ntest_check()\n",
      "timestamp": 1666124220,
      "stdout": "",
      "stderr": "Traceback (most recent call last):\n  File \"/tmp/tmprvj7mt47.py\", line 20, in <module>\n    test_check()\n  File \"/tmp/tmprvj7mt47.py\", line 18, in test_check\n    check(sum)\n  File \"/tmp/tmprvj7mt47.py\", line 13, in check\n    assert candidate(10, 15) == 6\n  File \"/tmp/tmprvj7mt47.py\", line 9, in sum\n    return sum(divisors)\nTypeError: sum() missing 1 required positional argument: 'b'\n",
      "exit_code": 1,
      "status": "Exception"
    },
    {
      "program": "def sum(a: int, b: int) -> int:\n    \"\"\"\n\tWrite a python function to find the sum of common divisors of two given numbers.\n\t\"\"\"\n    return sum_of_common_divisors(a, b)\n\n\ndef check(candidate):\n    assert candidate(10, 15) == 6\n    assert candidate(100, 150) == 93\n    assert candidate(4, 6) == 3\n\ndef test_check():\n    check(sum)\n\ntest_check()\n",
      "timestamp": 1665509686,
      "stdout": "",
      "stderr": "Traceback (most recent call last):\n  File \"/tmp/tmpt3oc8sa_.py\", line 16, in <module>\n    test_check()\n  File \"/tmp/tmpt3oc8sa_.py\", line 14, in test_check\n    check(sum)\n  File \"/tmp/tmpt3oc8sa_.py\", line 9, in check\n    assert candidate(10, 15) == 6\n  File \"/tmp/tmpt3oc8sa_.py\", line 5, in sum\n    return sum_of_common_divisors(a, b)\nNameError: name 'sum_of_common_divisors' is not defined\n",
      "exit_code": 1,
      "status": "Exception"
    },
    {
      "program": "def sum(a: int, b: int) -> int:\n    \"\"\"\n\tWrite a python function to find the sum of common divisors of two given numbers.\n\t\"\"\"\n    divisors = []\n    for i in range(1, min(a, b) + 1):\n        if a % i == 0 and b % i == 0:\n            divisors.append(i)\n    return sum(divisors)\n\n\ndef check(candidate):\n    assert candidate(10, 15) == 6\n    assert candidate(100, 150) == 93\n    assert candidate(4, 6) == 3\n\ndef test_check():\n    check(sum)\n\ntest_check()\n",
      "timestamp": 1666124220,
      "stdout": "",
      "stderr": "Traceback (most recent call last):\n  File \"/tmp/tmprvj7mt47.py\", line 20, in <module>\n    test_check()\n  File \"/tmp/tmprvj7mt47.py\", line 18, in test_check\n    check(sum)\n  File \"/tmp/tmprvj7mt47.py\", line 13, in check\n    assert candidate(10, 15) == 6\n  File \"/tmp/tmprvj7mt47.py\", line 9, in sum\n    return sum(divisors)\nTypeError: sum() missing 1 required positional argument: 'b'\n",
      "exit_code": 1,
      "status": "Exception"
    },
    {
      "program": "def sum(a: int, b: int) -> int:\n    \"\"\"\n\tWrite a python function to find the sum of common divisors of two given numbers.\n\t\"\"\"\n    divisors_a = [i for i in range(1, a + 1) if a % i == 0]\n    divisors_b = [i for i in range(1, b + 1) if b % i == 0]\n    common_divisors = [i for i in divisors_a if i in divisors_b]\n    return sum(common_divisors)\n\n\ndef check(candidate):\n    assert candidate(10, 15) == 6\n    assert candidate(100, 150) == 93\n    assert candidate(4, 6) == 3\n\ndef test_check():\n    check(sum)\n\ntest_check()\n",
      "timestamp": 1666124220,
      "stdout": "",
      "stderr": "Traceback (most recent call last):\n  File \"/tmp/tmpklgftro9.py\", line 19, in <module>\n    test_check()\n  File \"/tmp/tmpklgftro9.py\", line 17, in test_check\n    check(sum)\n  File \"/tmp/tmpklgftro9.py\", line 12, in check\n    assert candidate(10, 15) == 6\n  File \"/tmp/tmpklgftro9.py\", line 8, in sum\n    return sum(common_divisors)\nTypeError: sum() missing 1 required positional argument: 'b'\n",
      "exit_code": 1,
      "status": "Exception"
    },
    {
      "program": "def sum(a: int, b: int) -> int:\n    \"\"\"\n\tWrite a python function to find the sum of common divisors of two given numbers.\n\t\"\"\"\n    return sum_of_common_divisors(a, b)\n\n\ndef check(candidate):\n    assert candidate(10, 15) == 6\n    assert candidate(100, 150) == 93\n    assert candidate(4, 6) == 3\n\ndef test_check():\n    check(sum)\n\ntest_check()\n",
      "timestamp": 1665509686,
      "stdout": "",
      "stderr": "Traceback (most recent call last):\n  File \"/tmp/tmpt3oc8sa_.py\", line 16, in <module>\n    test_check()\n  File \"/tmp/tmpt3oc8sa_.py\", line 14, in test_check\n    check(sum)\n  File \"/tmp/tmpt3oc8sa_.py\", line 9, in check\n    assert candidate(10, 15) == 6\n  File \"/tmp/tmpt3oc8sa_.py\", line 5, in sum\n    return sum_of_common_divisors(a, b)\nNameError: name 'sum_of_common_divisors' is not defined\n",
      "exit_code": 1,
      "status": "Exception"
    },
    {
      "program": "def sum(a: int, b: int) -> int:\n    \"\"\"\n\tWrite a python function to find the sum of common divisors of two given numbers.\n\t\"\"\"\n    return sum_of_divisors(a) + sum_of_divisors(b)\n\n\ndef check(candidate):\n    assert candidate(10, 15) == 6\n    assert candidate(100, 150) == 93\n    assert candidate(4, 6) == 3\n\ndef test_check():\n    check(sum)\n\ntest_check()\n",
      "timestamp": 1666124220,
      "stdout": "",
      "stderr": "Traceback (most recent call last):\n  File \"/tmp/tmpkmu45pux.py\", line 16, in <module>\n    test_check()\n  File \"/tmp/tmpkmu45pux.py\", line 14, in test_check\n    check(sum)\n  File \"/tmp/tmpkmu45pux.py\", line 9, in check\n    assert candidate(10, 15) == 6\n  File \"/tmp/tmpkmu45pux.py\", line 5, in sum\n    return sum_of_divisors(a) + sum_of_divisors(b)\nNameError: name 'sum_of_divisors' is not defined\n",
      "exit_code": 1,
      "status": "Exception"
    },
    {
      "program": "def sum(a: int, b: int) -> int:\n    \"\"\"\n\tWrite a python function to find the sum of common divisors of two given numbers.\n\t\"\"\"\n    return a + b\n\n\ndef check(candidate):\n    assert candidate(10, 15) == 6\n    assert candidate(100, 150) == 93\n    assert candidate(4, 6) == 3\n\ndef test_check():\n    check(sum)\n\ntest_check()\n",
      "timestamp": 1665509686,
      "stdout": "",
      "stderr": "Traceback (most recent call last):\n  File \"/tmp/tmpp3m05o9v.py\", line 16, in <module>\n    test_check()\n  File \"/tmp/tmpp3m05o9v.py\", line 14, in test_check\n    check(sum)\n  File \"/tmp/tmpp3m05o9v.py\", line 9, in check\n    assert candidate(10, 15) == 6\nAssertionError\n",
      "exit_code": 1,
      "status": "Exception"
    },
    {
      "program": "def sum(a: int, b: int) -> int:\n    \"\"\"\n\tWrite a python function to find the sum of common divisors of two given numbers.\n\t\"\"\"\n    divisors = []\n    for i in range(1, min(a, b) + 1):\n        if a % i == 0 and b % i == 0:\n            divisors.append(i)\n    return sum(divisors)\n\n\ndef check(candidate):\n    assert candidate(10, 15) == 6\n    assert candidate(100, 150) == 93\n    assert candidate(4, 6) == 3\n\ndef test_check():\n    check(sum)\n\ntest_check()\n",
      "timestamp": 1666124220,
      "stdout": "",
      "stderr": "Traceback (most recent call last):\n  File \"/tmp/tmprvj7mt47.py\", line 20, in <module>\n    test_check()\n  File \"/tmp/tmprvj7mt47.py\", line 18, in test_check\n    check(sum)\n  File \"/tmp/tmprvj7mt47.py\", line 13, in check\n    assert candidate(10, 15) == 6\n  File \"/tmp/tmprvj7mt47.py\", line 9, in sum\n    return sum(divisors)\nTypeError: sum() missing 1 required positional argument: 'b'\n",
      "exit_code": 1,
      "status": "Exception"
    },
    {
      "program": "def sum(a: int, b: int) -> int:\n    \"\"\"\n\tWrite a python function to find the sum of common divisors of two given numbers.\n\t\"\"\"\n    divisors = []\n    for i in range(1, min(a, b) + 1):\n        if a % i == 0 and b % i == 0:\n            divisors.append(i)\n    return sum(divisors)\n\n\ndef check(candidate):\n    assert candidate(10, 15) == 6\n    assert candidate(100, 150) == 93\n    assert candidate(4, 6) == 3\n\ndef test_check():\n    check(sum)\n\ntest_check()\n",
      "timestamp": 1666124220,
      "stdout": "",
      "stderr": "Traceback (most recent call last):\n  File \"/tmp/tmprvj7mt47.py\", line 20, in <module>\n    test_check()\n  File \"/tmp/tmprvj7mt47.py\", line 18, in test_check\n    check(sum)\n  File \"/tmp/tmprvj7mt47.py\", line 13, in check\n    assert candidate(10, 15) == 6\n  File \"/tmp/tmprvj7mt47.py\", line 9, in sum\n    return sum(divisors)\nTypeError: sum() missing 1 required positional argument: 'b'\n",
      "exit_code": 1,
      "status": "Exception"
    },
    {
      "program": "def sum(a: int, b: int) -> int:\n    \"\"\"\n\tWrite a python function to find the sum of common divisors of two given numbers.\n\t\"\"\"\n    return a + b\n\n\ndef check(candidate):\n    assert candidate(10, 15) == 6\n    assert candidate(100, 150) == 93\n    assert candidate(4, 6) == 3\n\ndef test_check():\n    check(sum)\n\ntest_check()\n",
      "timestamp": 1665509686,
      "stdout": "",
      "stderr": "Traceback (most recent call last):\n  File \"/tmp/tmpp3m05o9v.py\", line 16, in <module>\n    test_check()\n  File \"/tmp/tmpp3m05o9v.py\", line 14, in test_check\n    check(sum)\n  File \"/tmp/tmpp3m05o9v.py\", line 9, in check\n    assert candidate(10, 15) == 6\nAssertionError\n",
      "exit_code": 1,
      "status": "Exception"
    },
    {
      "program": "def sum(a: int, b: int) -> int:\n    \"\"\"\n\tWrite a python function to find the sum of common divisors of two given numbers.\n\t\"\"\"\n    return sum_of_common_divisors(a, b)\n\n\ndef check(candidate):\n    assert candidate(10, 15) == 6\n    assert candidate(100, 150) == 93\n    assert candidate(4, 6) == 3\n\ndef test_check():\n    check(sum)\n\ntest_check()\n",
      "timestamp": 1665509686,
      "stdout": "",
      "stderr": "Traceback (most recent call last):\n  File \"/tmp/tmpt3oc8sa_.py\", line 16, in <module>\n    test_check()\n  File \"/tmp/tmpt3oc8sa_.py\", line 14, in test_check\n    check(sum)\n  File \"/tmp/tmpt3oc8sa_.py\", line 9, in check\n    assert candidate(10, 15) == 6\n  File \"/tmp/tmpt3oc8sa_.py\", line 5, in sum\n    return sum_of_common_divisors(a, b)\nNameError: name 'sum_of_common_divisors' is not defined\n",
      "exit_code": 1,
      "status": "Exception"
    },
    {
      "program": "def sum(a: int, b: int) -> int:\n    \"\"\"\n\tWrite a python function to find the sum of common divisors of two given numbers.\n\t\"\"\"\n    divisors = []\n    for i in range(1, min(a, b) + 1):\n        if a % i == 0 and b % i == 0:\n            divisors.append(i)\n    return sum(divisors)\n\n\ndef check(candidate):\n    assert candidate(10, 15) == 6\n    assert candidate(100, 150) == 93\n    assert candidate(4, 6) == 3\n\ndef test_check():\n    check(sum)\n\ntest_check()\n",
      "timestamp": 1666124220,
      "stdout": "",
      "stderr": "Traceback (most recent call last):\n  File \"/tmp/tmprvj7mt47.py\", line 20, in <module>\n    test_check()\n  File \"/tmp/tmprvj7mt47.py\", line 18, in test_check\n    check(sum)\n  File \"/tmp/tmprvj7mt47.py\", line 13, in check\n    assert candidate(10, 15) == 6\n  File \"/tmp/tmprvj7mt47.py\", line 9, in sum\n    return sum(divisors)\nTypeError: sum() missing 1 required positional argument: 'b'\n",
      "exit_code": 1,
      "status": "Exception"
    },
    {
      "program": "def sum(a: int, b: int) -> int:\n    \"\"\"\n\tWrite a python function to find the sum of common divisors of two given numbers.\n\t\"\"\"\n    divisors = []\n    for i in range(1, min(a, b) + 1):\n        if a % i == 0 and b % i == 0:\n            divisors.append(i)\n    return sum(divisors)\n\n\ndef check(candidate):\n    assert candidate(10, 15) == 6\n    assert candidate(100, 150) == 93\n    assert candidate(4, 6) == 3\n\ndef test_check():\n    check(sum)\n\ntest_check()\n",
      "timestamp": 1666124220,
      "stdout": "",
      "stderr": "Traceback (most recent call last):\n  File \"/tmp/tmprvj7mt47.py\", line 20, in <module>\n    test_check()\n  File \"/tmp/tmprvj7mt47.py\", line 18, in test_check\n    check(sum)\n  File \"/tmp/tmprvj7mt47.py\", line 13, in check\n    assert candidate(10, 15) == 6\n  File \"/tmp/tmprvj7mt47.py\", line 9, in sum\n    return sum(divisors)\nTypeError: sum() missing 1 required positional argument: 'b'\n",
      "exit_code": 1,
      "status": "Exception"
    },
    {
      "program": "def sum(a: int, b: int) -> int:\n    \"\"\"\n\tWrite a python function to find the sum of common divisors of two given numbers.\n\t\"\"\"\n    return a + b\n\n\ndef check(candidate):\n    assert candidate(10, 15) == 6\n    assert candidate(100, 150) == 93\n    assert candidate(4, 6) == 3\n\ndef test_check():\n    check(sum)\n\ntest_check()\n",
      "timestamp": 1665509686,
      "stdout": "",
      "stderr": "Traceback (most recent call last):\n  File \"/tmp/tmpp3m05o9v.py\", line 16, in <module>\n    test_check()\n  File \"/tmp/tmpp3m05o9v.py\", line 14, in test_check\n    check(sum)\n  File \"/tmp/tmpp3m05o9v.py\", line 9, in check\n    assert candidate(10, 15) == 6\nAssertionError\n",
      "exit_code": 1,
      "status": "Exception"
    },
    {
      "program": "def sum(a: int, b: int) -> int:\n    \"\"\"\n\tWrite a python function to find the sum of common divisors of two given numbers.\n\t\"\"\"\n    return sum_of_divisors(a) + sum_of_divisors(b)\n\n\ndef check(candidate):\n    assert candidate(10, 15) == 6\n    assert candidate(100, 150) == 93\n    assert candidate(4, 6) == 3\n\ndef test_check():\n    check(sum)\n\ntest_check()\n",
      "timestamp": 1666124220,
      "stdout": "",
      "stderr": "Traceback (most recent call last):\n  File \"/tmp/tmpkmu45pux.py\", line 16, in <module>\n    test_check()\n  File \"/tmp/tmpkmu45pux.py\", line 14, in test_check\n    check(sum)\n  File \"/tmp/tmpkmu45pux.py\", line 9, in check\n    assert candidate(10, 15) == 6\n  File \"/tmp/tmpkmu45pux.py\", line 5, in sum\n    return sum_of_divisors(a) + sum_of_divisors(b)\nNameError: name 'sum_of_divisors' is not defined\n",
      "exit_code": 1,
      "status": "Exception"
    },
    {
      "program": "def sum(a: int, b: int) -> int:\n    \"\"\"\n\tWrite a python function to find the sum of common divisors of two given numbers.\n\t\"\"\"\n    return sum_of_common_divisors(a, b)\n\n\ndef check(candidate):\n    assert candidate(10, 15) == 6\n    assert candidate(100, 150) == 93\n    assert candidate(4, 6) == 3\n\ndef test_check():\n    check(sum)\n\ntest_check()\n",
      "timestamp": 1665509686,
      "stdout": "",
      "stderr": "Traceback (most recent call last):\n  File \"/tmp/tmpt3oc8sa_.py\", line 16, in <module>\n    test_check()\n  File \"/tmp/tmpt3oc8sa_.py\", line 14, in test_check\n    check(sum)\n  File \"/tmp/tmpt3oc8sa_.py\", line 9, in check\n    assert candidate(10, 15) == 6\n  File \"/tmp/tmpt3oc8sa_.py\", line 5, in sum\n    return sum_of_common_divisors(a, b)\nNameError: name 'sum_of_common_divisors' is not defined\n",
      "exit_code": 1,
      "status": "Exception"
    },
    {
      "program": "def sum(a: int, b: int) -> int:\n    \"\"\"\n\tWrite a python function to find the sum of common divisors of two given numbers.\n\t\"\"\"\n    return sum_of_common_divisors(a, b)\n\n\ndef check(candidate):\n    assert candidate(10, 15) == 6\n    assert candidate(100, 150) == 93\n    assert candidate(4, 6) == 3\n\ndef test_check():\n    check(sum)\n\ntest_check()\n",
      "timestamp": 1665509686,
      "stdout": "",
      "stderr": "Traceback (most recent call last):\n  File \"/tmp/tmpt3oc8sa_.py\", line 16, in <module>\n    test_check()\n  File \"/tmp/tmpt3oc8sa_.py\", line 14, in test_check\n    check(sum)\n  File \"/tmp/tmpt3oc8sa_.py\", line 9, in check\n    assert candidate(10, 15) == 6\n  File \"/tmp/tmpt3oc8sa_.py\", line 5, in sum\n    return sum_of_common_divisors(a, b)\nNameError: name 'sum_of_common_divisors' is not defined\n",
      "exit_code": 1,
      "status": "Exception"
    },
    {
      "program": "def sum(a: int, b: int) -> int:\n    \"\"\"\n\tWrite a python function to find the sum of common divisors of two given numbers.\n\t\"\"\"\n    return sum_of_common_divisors(a, b)\n\n\ndef check(candidate):\n    assert candidate(10, 15) == 6\n    assert candidate(100, 150) == 93\n    assert candidate(4, 6) == 3\n\ndef test_check():\n    check(sum)\n\ntest_check()\n",
      "timestamp": 1665509686,
      "stdout": "",
      "stderr": "Traceback (most recent call last):\n  File \"/tmp/tmpt3oc8sa_.py\", line 16, in <module>\n    test_check()\n  File \"/tmp/tmpt3oc8sa_.py\", line 14, in test_check\n    check(sum)\n  File \"/tmp/tmpt3oc8sa_.py\", line 9, in check\n    assert candidate(10, 15) == 6\n  File \"/tmp/tmpt3oc8sa_.py\", line 5, in sum\n    return sum_of_common_divisors(a, b)\nNameError: name 'sum_of_common_divisors' is not defined\n",
      "exit_code": 1,
      "status": "Exception"
    },
    {
      "program": "def sum(a: int, b: int) -> int:\n    \"\"\"\n\tWrite a python function to find the sum of common divisors of two given numbers.\n\t\"\"\"\n    sum = 0\n    for i in range(1, min(a, b) + 1):\n        if a % i == 0 and b % i == 0:\n            sum += i\n    return sum\n\n\ndef check(candidate):\n    assert candidate(10, 15) == 6\n    assert candidate(100, 150) == 93\n    assert candidate(4, 6) == 3\n\ndef test_check():\n    check(sum)\n\ntest_check()\n",
      "timestamp": 1666124220,
      "stdout": "",
      "stderr": "",
      "exit_code": 0,
      "status": "OK"
    },
    {
      "program": "def sum(a: int, b: int) -> int:\n    \"\"\"\n\tWrite a python function to find the sum of common divisors of two given numbers.\n\t\"\"\"\n    return a + b\n\n\ndef check(candidate):\n    assert candidate(10, 15) == 6\n    assert candidate(100, 150) == 93\n    assert candidate(4, 6) == 3\n\ndef test_check():\n    check(sum)\n\ntest_check()\n",
      "timestamp": 1665509686,
      "stdout": "",
      "stderr": "Traceback (most recent call last):\n  File \"/tmp/tmpp3m05o9v.py\", line 16, in <module>\n    test_check()\n  File \"/tmp/tmpp3m05o9v.py\", line 14, in test_check\n    check(sum)\n  File \"/tmp/tmpp3m05o9v.py\", line 9, in check\n    assert candidate(10, 15) == 6\nAssertionError\n",
      "exit_code": 1,
      "status": "Exception"
    },
    {
      "program": "def sum(a: int, b: int) -> int:\n    \"\"\"\n\tWrite a python function to find the sum of common divisors of two given numbers.\n\t\"\"\"\n    return a + b\n\n\ndef check(candidate):\n    assert candidate(10, 15) == 6\n    assert candidate(100, 150) == 93\n    assert candidate(4, 6) == 3\n\ndef test_check():\n    check(sum)\n\ntest_check()\n",
      "timestamp": 1665509686,
      "stdout": "",
      "stderr": "Traceback (most recent call last):\n  File \"/tmp/tmpp3m05o9v.py\", line 16, in <module>\n    test_check()\n  File \"/tmp/tmpp3m05o9v.py\", line 14, in test_check\n    check(sum)\n  File \"/tmp/tmpp3m05o9v.py\", line 9, in check\n    assert candidate(10, 15) == 6\nAssertionError\n",
      "exit_code": 1,
      "status": "Exception"
    },
    {
      "program": "def sum(a: int, b: int) -> int:\n    \"\"\"\n\tWrite a python function to find the sum of common divisors of two given numbers.\n\t\"\"\"\n    return a + b\n\n\ndef check(candidate):\n    assert candidate(10, 15) == 6\n    assert candidate(100, 150) == 93\n    assert candidate(4, 6) == 3\n\ndef test_check():\n    check(sum)\n\ntest_check()\n",
      "timestamp": 1665509686,
      "stdout": "",
      "stderr": "Traceback (most recent call last):\n  File \"/tmp/tmpp3m05o9v.py\", line 16, in <module>\n    test_check()\n  File \"/tmp/tmpp3m05o9v.py\", line 14, in test_check\n    check(sum)\n  File \"/tmp/tmpp3m05o9v.py\", line 9, in check\n    assert candidate(10, 15) == 6\nAssertionError\n",
      "exit_code": 1,
      "status": "Exception"
    },
    {
      "program": "def sum(a: int, b: int) -> int:\n    \"\"\"\n\tWrite a python function to find the sum of common divisors of two given numbers.\n\t\"\"\"\n    return sum_of_divisors(a) + sum_of_divisors(b)\n\n\ndef check(candidate):\n    assert candidate(10, 15) == 6\n    assert candidate(100, 150) == 93\n    assert candidate(4, 6) == 3\n\ndef test_check():\n    check(sum)\n\ntest_check()\n",
      "timestamp": 1666124220,
      "stdout": "",
      "stderr": "Traceback (most recent call last):\n  File \"/tmp/tmpkmu45pux.py\", line 16, in <module>\n    test_check()\n  File \"/tmp/tmpkmu45pux.py\", line 14, in test_check\n    check(sum)\n  File \"/tmp/tmpkmu45pux.py\", line 9, in check\n    assert candidate(10, 15) == 6\n  File \"/tmp/tmpkmu45pux.py\", line 5, in sum\n    return sum_of_divisors(a) + sum_of_divisors(b)\nNameError: name 'sum_of_divisors' is not defined\n",
      "exit_code": 1,
      "status": "Exception"
    },
    {
      "program": "def sum(a: int, b: int) -> int:\n    \"\"\"\n\tWrite a python function to find the sum of common divisors of two given numbers.\n\t\"\"\"\n    return sum_of_common_divisors(a, b)\n\n\ndef check(candidate):\n    assert candidate(10, 15) == 6\n    assert candidate(100, 150) == 93\n    assert candidate(4, 6) == 3\n\ndef test_check():\n    check(sum)\n\ntest_check()\n",
      "timestamp": 1665509686,
      "stdout": "",
      "stderr": "Traceback (most recent call last):\n  File \"/tmp/tmpt3oc8sa_.py\", line 16, in <module>\n    test_check()\n  File \"/tmp/tmpt3oc8sa_.py\", line 14, in test_check\n    check(sum)\n  File \"/tmp/tmpt3oc8sa_.py\", line 9, in check\n    assert candidate(10, 15) == 6\n  File \"/tmp/tmpt3oc8sa_.py\", line 5, in sum\n    return sum_of_common_divisors(a, b)\nNameError: name 'sum_of_common_divisors' is not defined\n",
      "exit_code": 1,
      "status": "Exception"
    },
    {
      "program": "def sum(a: int, b: int) -> int:\n    \"\"\"\n\tWrite a python function to find the sum of common divisors of two given numbers.\n\t\"\"\"\n    return a + b\n\n\ndef check(candidate):\n    assert candidate(10, 15) == 6\n    assert candidate(100, 150) == 93\n    assert candidate(4, 6) == 3\n\ndef test_check():\n    check(sum)\n\ntest_check()\n",
      "timestamp": 1665509686,
      "stdout": "",
      "stderr": "Traceback (most recent call last):\n  File \"/tmp/tmpp3m05o9v.py\", line 16, in <module>\n    test_check()\n  File \"/tmp/tmpp3m05o9v.py\", line 14, in test_check\n    check(sum)\n  File \"/tmp/tmpp3m05o9v.py\", line 9, in check\n    assert candidate(10, 15) == 6\nAssertionError\n",
      "exit_code": 1,
      "status": "Exception"
    },
    {
      "program": "def sum(a: int, b: int) -> int:\n    \"\"\"\n\tWrite a python function to find the sum of common divisors of two given numbers.\n\t\"\"\"\n    return sum_of_common_divisors(a, b)\n\n\ndef check(candidate):\n    assert candidate(10, 15) == 6\n    assert candidate(100, 150) == 93\n    assert candidate(4, 6) == 3\n\ndef test_check():\n    check(sum)\n\ntest_check()\n",
      "timestamp": 1665509686,
      "stdout": "",
      "stderr": "Traceback (most recent call last):\n  File \"/tmp/tmpt3oc8sa_.py\", line 16, in <module>\n    test_check()\n  File \"/tmp/tmpt3oc8sa_.py\", line 14, in test_check\n    check(sum)\n  File \"/tmp/tmpt3oc8sa_.py\", line 9, in check\n    assert candidate(10, 15) == 6\n  File \"/tmp/tmpt3oc8sa_.py\", line 5, in sum\n    return sum_of_common_divisors(a, b)\nNameError: name 'sum_of_common_divisors' is not defined\n",
      "exit_code": 1,
      "status": "Exception"
    },
    {
      "program": "def sum(a: int, b: int) -> int:\n    \"\"\"\n\tWrite a python function to find the sum of common divisors of two given numbers.\n\t\"\"\"\n    sum = 0\n    for i in range(1, min(a, b) + 1):\n        if a % i == 0 and b % i == 0:\n            sum += i\n    return sum\n\n\ndef check(candidate):\n    assert candidate(10, 15) == 6\n    assert candidate(100, 150) == 93\n    assert candidate(4, 6) == 3\n\ndef test_check():\n    check(sum)\n\ntest_check()\n",
      "timestamp": 1666124220,
      "stdout": "",
      "stderr": "",
      "exit_code": 0,
      "status": "OK"
    },
    {
      "program": "def sum(a: int, b: int) -> int:\n    \"\"\"\n\tWrite a python function to find the sum of common divisors of two given numbers.\n\t\"\"\"\n    return sum_of_divisors(a) + sum_of_divisors(b)\n\n\ndef check(candidate):\n    assert candidate(10, 15) == 6\n    assert candidate(100, 150) == 93\n    assert candidate(4, 6) == 3\n\ndef test_check():\n    check(sum)\n\ntest_check()\n",
      "timestamp": 1666124220,
      "stdout": "",
      "stderr": "Traceback (most recent call last):\n  File \"/tmp/tmpkmu45pux.py\", line 16, in <module>\n    test_check()\n  File \"/tmp/tmpkmu45pux.py\", line 14, in test_check\n    check(sum)\n  File \"/tmp/tmpkmu45pux.py\", line 9, in check\n    assert candidate(10, 15) == 6\n  File \"/tmp/tmpkmu45pux.py\", line 5, in sum\n    return sum_of_divisors(a) + sum_of_divisors(b)\nNameError: name 'sum_of_divisors' is not defined\n",
      "exit_code": 1,
      "status": "Exception"
    },
    {
      "program": "def sum(a: int, b: int) -> int:\n    \"\"\"\n\tWrite a python function to find the sum of common divisors of two given numbers.\n\t\"\"\"\n    return a + b\n\n\ndef check(candidate):\n    assert candidate(10, 15) == 6\n    assert candidate(100, 150) == 93\n    assert candidate(4, 6) == 3\n\ndef test_check():\n    check(sum)\n\ntest_check()\n",
      "timestamp": 1665509686,
      "stdout": "",
      "stderr": "Traceback (most recent call last):\n  File \"/tmp/tmpp3m05o9v.py\", line 16, in <module>\n    test_check()\n  File \"/tmp/tmpp3m05o9v.py\", line 14, in test_check\n    check(sum)\n  File \"/tmp/tmpp3m05o9v.py\", line 9, in check\n    assert candidate(10, 15) == 6\nAssertionError\n",
      "exit_code": 1,
      "status": "Exception"
    },
    {
      "program": "def sum(a: int, b: int) -> int:\n    \"\"\"\n\tWrite a python function to find the sum of common divisors of two given numbers.\n\t\"\"\"\n    return a + b\n\n\ndef check(candidate):\n    assert candidate(10, 15) == 6\n    assert candidate(100, 150) == 93\n    assert candidate(4, 6) == 3\n\ndef test_check():\n    check(sum)\n\ntest_check()\n",
      "timestamp": 1665509686,
      "stdout": "",
      "stderr": "Traceback (most recent call last):\n  File \"/tmp/tmpp3m05o9v.py\", line 16, in <module>\n    test_check()\n  File \"/tmp/tmpp3m05o9v.py\", line 14, in test_check\n    check(sum)\n  File \"/tmp/tmpp3m05o9v.py\", line 9, in check\n    assert candidate(10, 15) == 6\nAssertionError\n",
      "exit_code": 1,
      "status": "Exception"
    },
    {
      "program": "def sum(a: int, b: int) -> int:\n    \"\"\"\n\tWrite a python function to find the sum of common divisors of two given numbers.\n\t\"\"\"\n    return a + b\n\n\ndef check(candidate):\n    assert candidate(10, 15) == 6\n    assert candidate(100, 150) == 93\n    assert candidate(4, 6) == 3\n\ndef test_check():\n    check(sum)\n\ntest_check()\n",
      "timestamp": 1665509686,
      "stdout": "",
      "stderr": "Traceback (most recent call last):\n  File \"/tmp/tmpp3m05o9v.py\", line 16, in <module>\n    test_check()\n  File \"/tmp/tmpp3m05o9v.py\", line 14, in test_check\n    check(sum)\n  File \"/tmp/tmpp3m05o9v.py\", line 9, in check\n    assert candidate(10, 15) == 6\nAssertionError\n",
      "exit_code": 1,
      "status": "Exception"
    },
    {
      "program": "def sum(a: int, b: int) -> int:\n    \"\"\"\n\tWrite a python function to find the sum of common divisors of two given numbers.\n\t\"\"\"\n    divisors = []\n    for i in range(1, min(a, b) + 1):\n        if a % i == 0 and b % i == 0:\n            divisors.append(i)\n    return sum(divisors)\n\n\ndef check(candidate):\n    assert candidate(10, 15) == 6\n    assert candidate(100, 150) == 93\n    assert candidate(4, 6) == 3\n\ndef test_check():\n    check(sum)\n\ntest_check()\n",
      "timestamp": 1666124220,
      "stdout": "",
      "stderr": "Traceback (most recent call last):\n  File \"/tmp/tmprvj7mt47.py\", line 20, in <module>\n    test_check()\n  File \"/tmp/tmprvj7mt47.py\", line 18, in test_check\n    check(sum)\n  File \"/tmp/tmprvj7mt47.py\", line 13, in check\n    assert candidate(10, 15) == 6\n  File \"/tmp/tmprvj7mt47.py\", line 9, in sum\n    return sum(divisors)\nTypeError: sum() missing 1 required positional argument: 'b'\n",
      "exit_code": 1,
      "status": "Exception"
    },
    {
      "program": "def sum(a: int, b: int) -> int:\n    \"\"\"\n\tWrite a python function to find the sum of common divisors of two given numbers.\n\t\"\"\"\n    return sum_of_divisors(a) + sum_of_divisors(b)\n\n\ndef check(candidate):\n    assert candidate(10, 15) == 6\n    assert candidate(100, 150) == 93\n    assert candidate(4, 6) == 3\n\ndef test_check():\n    check(sum)\n\ntest_check()\n",
      "timestamp": 1666124220,
      "stdout": "",
      "stderr": "Traceback (most recent call last):\n  File \"/tmp/tmpkmu45pux.py\", line 16, in <module>\n    test_check()\n  File \"/tmp/tmpkmu45pux.py\", line 14, in test_check\n    check(sum)\n  File \"/tmp/tmpkmu45pux.py\", line 9, in check\n    assert candidate(10, 15) == 6\n  File \"/tmp/tmpkmu45pux.py\", line 5, in sum\n    return sum_of_divisors(a) + sum_of_divisors(b)\nNameError: name 'sum_of_divisors' is not defined\n",
      "exit_code": 1,
      "status": "Exception"
    },
    {
      "program": "def sum(a: int, b: int) -> int:\n    \"\"\"\n\tWrite a python function to find the sum of common divisors of two given numbers.\n\t\"\"\"\n    return sum_of_divisors(a) + sum_of_divisors(b)\n\n\ndef check(candidate):\n    assert candidate(10, 15) == 6\n    assert candidate(100, 150) == 93\n    assert candidate(4, 6) == 3\n\ndef test_check():\n    check(sum)\n\ntest_check()\n",
      "timestamp": 1666124220,
      "stdout": "",
      "stderr": "Traceback (most recent call last):\n  File \"/tmp/tmpkmu45pux.py\", line 16, in <module>\n    test_check()\n  File \"/tmp/tmpkmu45pux.py\", line 14, in test_check\n    check(sum)\n  File \"/tmp/tmpkmu45pux.py\", line 9, in check\n    assert candidate(10, 15) == 6\n  File \"/tmp/tmpkmu45pux.py\", line 5, in sum\n    return sum_of_divisors(a) + sum_of_divisors(b)\nNameError: name 'sum_of_divisors' is not defined\n",
      "exit_code": 1,
      "status": "Exception"
    },
    {
      "program": "def sum(a: int, b: int) -> int:\n    \"\"\"\n\tWrite a python function to find the sum of common divisors of two given numbers.\n\t\"\"\"\n    return sum(list(set(divisors(a)) & set(divisors(b))))\n\n\ndef check(candidate):\n    assert candidate(10, 15) == 6\n    assert candidate(100, 150) == 93\n    assert candidate(4, 6) == 3\n\ndef test_check():\n    check(sum)\n\ntest_check()\n",
      "timestamp": 1665509686,
      "stdout": "",
      "stderr": "Traceback (most recent call last):\n  File \"/tmp/tmpqxly4fgg.py\", line 16, in <module>\n    test_check()\n  File \"/tmp/tmpqxly4fgg.py\", line 14, in test_check\n    check(sum)\n  File \"/tmp/tmpqxly4fgg.py\", line 9, in check\n    assert candidate(10, 15) == 6\n  File \"/tmp/tmpqxly4fgg.py\", line 5, in sum\n    return sum(list(set(divisors(a)) & set(divisors(b))))\nNameError: name 'divisors' is not defined\n",
      "exit_code": 1,
      "status": "Exception"
    },
    {
      "program": "def sum(a: int, b: int) -> int:\n    \"\"\"\n\tWrite a python function to find the sum of common divisors of two given numbers.\n\t\"\"\"\n    return sum(list(set(divisors(a)) & set(divisors(b))))\n\n\ndef check(candidate):\n    assert candidate(10, 15) == 6\n    assert candidate(100, 150) == 93\n    assert candidate(4, 6) == 3\n\ndef test_check():\n    check(sum)\n\ntest_check()\n",
      "timestamp": 1665509686,
      "stdout": "",
      "stderr": "Traceback (most recent call last):\n  File \"/tmp/tmpqxly4fgg.py\", line 16, in <module>\n    test_check()\n  File \"/tmp/tmpqxly4fgg.py\", line 14, in test_check\n    check(sum)\n  File \"/tmp/tmpqxly4fgg.py\", line 9, in check\n    assert candidate(10, 15) == 6\n  File \"/tmp/tmpqxly4fgg.py\", line 5, in sum\n    return sum(list(set(divisors(a)) & set(divisors(b))))\nNameError: name 'divisors' is not defined\n",
      "exit_code": 1,
      "status": "Exception"
    },
    {
      "program": "def sum(a: int, b: int) -> int:\n    \"\"\"\n\tWrite a python function to find the sum of common divisors of two given numbers.\n\t\"\"\"\n    return sum_divisors(a) + sum_divisors(b)\n\n\ndef check(candidate):\n    assert candidate(10, 15) == 6\n    assert candidate(100, 150) == 93\n    assert candidate(4, 6) == 3\n\ndef test_check():\n    check(sum)\n\ntest_check()\n",
      "timestamp": 1665509686,
      "stdout": "",
      "stderr": "Traceback (most recent call last):\n  File \"/tmp/tmpr16383ow.py\", line 16, in <module>\n    test_check()\n  File \"/tmp/tmpr16383ow.py\", line 14, in test_check\n    check(sum)\n  File \"/tmp/tmpr16383ow.py\", line 9, in check\n    assert candidate(10, 15) == 6\n  File \"/tmp/tmpr16383ow.py\", line 5, in sum\n    return sum_divisors(a) + sum_divisors(b)\nNameError: name 'sum_divisors' is not defined\n",
      "exit_code": 1,
      "status": "Exception"
    },
    {
      "program": "def sum(a: int, b: int) -> int:\n    \"\"\"\n\tWrite a python function to find the sum of common divisors of two given numbers.\n\t\"\"\"\n    divisors = []\n    for i in range(1, min(a, b) + 1):\n        if a % i == 0 and b % i == 0:\n            divisors.append(i)\n    return sum(divisors)\n\n\ndef check(candidate):\n    assert candidate(10, 15) == 6\n    assert candidate(100, 150) == 93\n    assert candidate(4, 6) == 3\n\ndef test_check():\n    check(sum)\n\ntest_check()\n",
      "timestamp": 1666124220,
      "stdout": "",
      "stderr": "Traceback (most recent call last):\n  File \"/tmp/tmprvj7mt47.py\", line 20, in <module>\n    test_check()\n  File \"/tmp/tmprvj7mt47.py\", line 18, in test_check\n    check(sum)\n  File \"/tmp/tmprvj7mt47.py\", line 13, in check\n    assert candidate(10, 15) == 6\n  File \"/tmp/tmprvj7mt47.py\", line 9, in sum\n    return sum(divisors)\nTypeError: sum() missing 1 required positional argument: 'b'\n",
      "exit_code": 1,
      "status": "Exception"
    },
    {
      "program": "def sum(a: int, b: int) -> int:\n    \"\"\"\n\tWrite a python function to find the sum of common divisors of two given numbers.\n\t\"\"\"\n    return a + b\n\n\ndef check(candidate):\n    assert candidate(10, 15) == 6\n    assert candidate(100, 150) == 93\n    assert candidate(4, 6) == 3\n\ndef test_check():\n    check(sum)\n\ntest_check()\n",
      "timestamp": 1665509686,
      "stdout": "",
      "stderr": "Traceback (most recent call last):\n  File \"/tmp/tmpp3m05o9v.py\", line 16, in <module>\n    test_check()\n  File \"/tmp/tmpp3m05o9v.py\", line 14, in test_check\n    check(sum)\n  File \"/tmp/tmpp3m05o9v.py\", line 9, in check\n    assert candidate(10, 15) == 6\nAssertionError\n",
      "exit_code": 1,
      "status": "Exception"
    },
    {
      "program": "def sum(a: int, b: int) -> int:\n    \"\"\"\n\tWrite a python function to find the sum of common divisors of two given numbers.\n\t\"\"\"\n    sum = 0\n    for i in range(1, min(a, b) + 1):\n        if a % i == 0 and b % i == 0:\n            sum += i\n    return sum\n\n\ndef check(candidate):\n    assert candidate(10, 15) == 6\n    assert candidate(100, 150) == 93\n    assert candidate(4, 6) == 3\n\ndef test_check():\n    check(sum)\n\ntest_check()\n",
      "timestamp": 1666124220,
      "stdout": "",
      "stderr": "",
      "exit_code": 0,
      "status": "OK"
    },
    {
      "program": "def sum(a: int, b: int) -> int:\n    \"\"\"\n\tWrite a python function to find the sum of common divisors of two given numbers.\n\t\"\"\"\n    divisors = []\n    for i in range(1, min(a, b) + 1):\n        if a % i == 0 and b % i == 0:\n            divisors.append(i)\n    return sum(divisors)\n\n\ndef check(candidate):\n    assert candidate(10, 15) == 6\n    assert candidate(100, 150) == 93\n    assert candidate(4, 6) == 3\n\ndef test_check():\n    check(sum)\n\ntest_check()\n",
      "timestamp": 1666124220,
      "stdout": "",
      "stderr": "Traceback (most recent call last):\n  File \"/tmp/tmprvj7mt47.py\", line 20, in <module>\n    test_check()\n  File \"/tmp/tmprvj7mt47.py\", line 18, in test_check\n    check(sum)\n  File \"/tmp/tmprvj7mt47.py\", line 13, in check\n    assert candidate(10, 15) == 6\n  File \"/tmp/tmprvj7mt47.py\", line 9, in sum\n    return sum(divisors)\nTypeError: sum() missing 1 required positional argument: 'b'\n",
      "exit_code": 1,
      "status": "Exception"
    },
    {
      "program": "def sum(a: int, b: int) -> int:\n    \"\"\"\n\tWrite a python function to find the sum of common divisors of two given numbers.\n\t\"\"\"\n    divisors = []\n    for i in range(1, min(a, b) + 1):\n        if a % i == 0 and b % i == 0:\n            divisors.append(i)\n    return sum(divisors)\n\n\ndef check(candidate):\n    assert candidate(10, 15) == 6\n    assert candidate(100, 150) == 93\n    assert candidate(4, 6) == 3\n\ndef test_check():\n    check(sum)\n\ntest_check()\n",
      "timestamp": 1666124220,
      "stdout": "",
      "stderr": "Traceback (most recent call last):\n  File \"/tmp/tmprvj7mt47.py\", line 20, in <module>\n    test_check()\n  File \"/tmp/tmprvj7mt47.py\", line 18, in test_check\n    check(sum)\n  File \"/tmp/tmprvj7mt47.py\", line 13, in check\n    assert candidate(10, 15) == 6\n  File \"/tmp/tmprvj7mt47.py\", line 9, in sum\n    return sum(divisors)\nTypeError: sum() missing 1 required positional argument: 'b'\n",
      "exit_code": 1,
      "status": "Exception"
    },
    {
      "program": "def sum(a: int, b: int) -> int:\n    \"\"\"\n\tWrite a python function to find the sum of common divisors of two given numbers.\n\t\"\"\"\n    return sum(list(set(divisors(a)) & set(divisors(b))))\n\n\ndef check(candidate):\n    assert candidate(10, 15) == 6\n    assert candidate(100, 150) == 93\n    assert candidate(4, 6) == 3\n\ndef test_check():\n    check(sum)\n\ntest_check()\n",
      "timestamp": 1665509686,
      "stdout": "",
      "stderr": "Traceback (most recent call last):\n  File \"/tmp/tmpqxly4fgg.py\", line 16, in <module>\n    test_check()\n  File \"/tmp/tmpqxly4fgg.py\", line 14, in test_check\n    check(sum)\n  File \"/tmp/tmpqxly4fgg.py\", line 9, in check\n    assert candidate(10, 15) == 6\n  File \"/tmp/tmpqxly4fgg.py\", line 5, in sum\n    return sum(list(set(divisors(a)) & set(divisors(b))))\nNameError: name 'divisors' is not defined\n",
      "exit_code": 1,
      "status": "Exception"
    },
    {
      "program": "def sum(a: int, b: int) -> int:\n    \"\"\"\n\tWrite a python function to find the sum of common divisors of two given numbers.\n\t\"\"\"\n    return sum_of_common_divisors(a, b)\n\n\ndef check(candidate):\n    assert candidate(10, 15) == 6\n    assert candidate(100, 150) == 93\n    assert candidate(4, 6) == 3\n\ndef test_check():\n    check(sum)\n\ntest_check()\n",
      "timestamp": 1665509686,
      "stdout": "",
      "stderr": "Traceback (most recent call last):\n  File \"/tmp/tmpt3oc8sa_.py\", line 16, in <module>\n    test_check()\n  File \"/tmp/tmpt3oc8sa_.py\", line 14, in test_check\n    check(sum)\n  File \"/tmp/tmpt3oc8sa_.py\", line 9, in check\n    assert candidate(10, 15) == 6\n  File \"/tmp/tmpt3oc8sa_.py\", line 5, in sum\n    return sum_of_common_divisors(a, b)\nNameError: name 'sum_of_common_divisors' is not defined\n",
      "exit_code": 1,
      "status": "Exception"
    },
    {
      "program": "def sum(a: int, b: int) -> int:\n    \"\"\"\n\tWrite a python function to find the sum of common divisors of two given numbers.\n\t\"\"\"\n    return a + b\n\n\ndef check(candidate):\n    assert candidate(10, 15) == 6\n    assert candidate(100, 150) == 93\n    assert candidate(4, 6) == 3\n\ndef test_check():\n    check(sum)\n\ntest_check()\n",
      "timestamp": 1665509686,
      "stdout": "",
      "stderr": "Traceback (most recent call last):\n  File \"/tmp/tmpp3m05o9v.py\", line 16, in <module>\n    test_check()\n  File \"/tmp/tmpp3m05o9v.py\", line 14, in test_check\n    check(sum)\n  File \"/tmp/tmpp3m05o9v.py\", line 9, in check\n    assert candidate(10, 15) == 6\nAssertionError\n",
      "exit_code": 1,
      "status": "Exception"
    },
    {
      "program": "def sum(a: int, b: int) -> int:\n    \"\"\"\n\tWrite a python function to find the sum of common divisors of two given numbers.\n\t\"\"\"\n    return sum(common_divisors(a, b))\n\n\ndef check(candidate):\n    assert candidate(10, 15) == 6\n    assert candidate(100, 150) == 93\n    assert candidate(4, 6) == 3\n\ndef test_check():\n    check(sum)\n\ntest_check()\n",
      "timestamp": 1665509686,
      "stdout": "",
      "stderr": "Traceback (most recent call last):\n  File \"/tmp/tmppuj0qai0.py\", line 16, in <module>\n    test_check()\n  File \"/tmp/tmppuj0qai0.py\", line 14, in test_check\n    check(sum)\n  File \"/tmp/tmppuj0qai0.py\", line 9, in check\n    assert candidate(10, 15) == 6\n  File \"/tmp/tmppuj0qai0.py\", line 5, in sum\n    return sum(common_divisors(a, b))\nNameError: name 'common_divisors' is not defined\n",
      "exit_code": 1,
      "status": "Exception"
    },
    {
      "program": "def sum(a: int, b: int) -> int:\n    \"\"\"\n\tWrite a python function to find the sum of common divisors of two given numbers.\n\t\"\"\"\n    sum = 0\n    for i in range(1, min(a, b) + 1):\n        if a % i == 0 and b % i == 0:\n            sum += i\n    return sum\n\n\ndef check(candidate):\n    assert candidate(10, 15) == 6\n    assert candidate(100, 150) == 93\n    assert candidate(4, 6) == 3\n\ndef test_check():\n    check(sum)\n\ntest_check()\n",
      "timestamp": 1666124220,
      "stdout": "",
      "stderr": "",
      "exit_code": 0,
      "status": "OK"
    },
    {
      "program": "def sum(a: int, b: int) -> int:\n    \"\"\"\n\tWrite a python function to find the sum of common divisors of two given numbers.\n\t\"\"\"\n    return a + b\n\n\ndef check(candidate):\n    assert candidate(10, 15) == 6\n    assert candidate(100, 150) == 93\n    assert candidate(4, 6) == 3\n\ndef test_check():\n    check(sum)\n\ntest_check()\n",
      "timestamp": 1665509686,
      "stdout": "",
      "stderr": "Traceback (most recent call last):\n  File \"/tmp/tmpp3m05o9v.py\", line 16, in <module>\n    test_check()\n  File \"/tmp/tmpp3m05o9v.py\", line 14, in test_check\n    check(sum)\n  File \"/tmp/tmpp3m05o9v.py\", line 9, in check\n    assert candidate(10, 15) == 6\nAssertionError\n",
      "exit_code": 1,
      "status": "Exception"
    },
    {
      "program": "def sum(a: int, b: int) -> int:\n    \"\"\"\n\tWrite a python function to find the sum of common divisors of two given numbers.\n\t\"\"\"\n    divisors = []\n    for i in range(1, min(a, b) + 1):\n        if a % i == 0 and b % i == 0:\n            divisors.append(i)\n    return sum(divisors)\n\n\ndef check(candidate):\n    assert candidate(10, 15) == 6\n    assert candidate(100, 150) == 93\n    assert candidate(4, 6) == 3\n\ndef test_check():\n    check(sum)\n\ntest_check()\n",
      "timestamp": 1666124220,
      "stdout": "",
      "stderr": "Traceback (most recent call last):\n  File \"/tmp/tmprvj7mt47.py\", line 20, in <module>\n    test_check()\n  File \"/tmp/tmprvj7mt47.py\", line 18, in test_check\n    check(sum)\n  File \"/tmp/tmprvj7mt47.py\", line 13, in check\n    assert candidate(10, 15) == 6\n  File \"/tmp/tmprvj7mt47.py\", line 9, in sum\n    return sum(divisors)\nTypeError: sum() missing 1 required positional argument: 'b'\n",
      "exit_code": 1,
      "status": "Exception"
    },
    {
      "program": "def sum(a: int, b: int) -> int:\n    \"\"\"\n\tWrite a python function to find the sum of common divisors of two given numbers.\n\t\"\"\"\n    return sum(common_divisors(a, b))\n\n\ndef check(candidate):\n    assert candidate(10, 15) == 6\n    assert candidate(100, 150) == 93\n    assert candidate(4, 6) == 3\n\ndef test_check():\n    check(sum)\n\ntest_check()\n",
      "timestamp": 1665509686,
      "stdout": "",
      "stderr": "Traceback (most recent call last):\n  File \"/tmp/tmppuj0qai0.py\", line 16, in <module>\n    test_check()\n  File \"/tmp/tmppuj0qai0.py\", line 14, in test_check\n    check(sum)\n  File \"/tmp/tmppuj0qai0.py\", line 9, in check\n    assert candidate(10, 15) == 6\n  File \"/tmp/tmppuj0qai0.py\", line 5, in sum\n    return sum(common_divisors(a, b))\nNameError: name 'common_divisors' is not defined\n",
      "exit_code": 1,
      "status": "Exception"
    },
    {
      "program": "def sum(a: int, b: int) -> int:\n    \"\"\"\n\tWrite a python function to find the sum of common divisors of two given numbers.\n\t\"\"\"\n    return a + b\n\n\ndef check(candidate):\n    assert candidate(10, 15) == 6\n    assert candidate(100, 150) == 93\n    assert candidate(4, 6) == 3\n\ndef test_check():\n    check(sum)\n\ntest_check()\n",
      "timestamp": 1665509686,
      "stdout": "",
      "stderr": "Traceback (most recent call last):\n  File \"/tmp/tmpp3m05o9v.py\", line 16, in <module>\n    test_check()\n  File \"/tmp/tmpp3m05o9v.py\", line 14, in test_check\n    check(sum)\n  File \"/tmp/tmpp3m05o9v.py\", line 9, in check\n    assert candidate(10, 15) == 6\nAssertionError\n",
      "exit_code": 1,
      "status": "Exception"
    },
    {
      "program": "def sum(a: int, b: int) -> int:\n    \"\"\"\n\tWrite a python function to find the sum of common divisors of two given numbers.\n\t\"\"\"\n    return sum(list(set(divisors(a)) & set(divisors(b))))\n\n\ndef check(candidate):\n    assert candidate(10, 15) == 6\n    assert candidate(100, 150) == 93\n    assert candidate(4, 6) == 3\n\ndef test_check():\n    check(sum)\n\ntest_check()\n",
      "timestamp": 1665509686,
      "stdout": "",
      "stderr": "Traceback (most recent call last):\n  File \"/tmp/tmpqxly4fgg.py\", line 16, in <module>\n    test_check()\n  File \"/tmp/tmpqxly4fgg.py\", line 14, in test_check\n    check(sum)\n  File \"/tmp/tmpqxly4fgg.py\", line 9, in check\n    assert candidate(10, 15) == 6\n  File \"/tmp/tmpqxly4fgg.py\", line 5, in sum\n    return sum(list(set(divisors(a)) & set(divisors(b))))\nNameError: name 'divisors' is not defined\n",
      "exit_code": 1,
      "status": "Exception"
    },
    {
      "program": "def sum(a: int, b: int) -> int:\n    \"\"\"\n\tWrite a python function to find the sum of common divisors of two given numbers.\n\t\"\"\"\n    return a + b\n\n\ndef check(candidate):\n    assert candidate(10, 15) == 6\n    assert candidate(100, 150) == 93\n    assert candidate(4, 6) == 3\n\ndef test_check():\n    check(sum)\n\ntest_check()\n",
      "timestamp": 1665509686,
      "stdout": "",
      "stderr": "Traceback (most recent call last):\n  File \"/tmp/tmpp3m05o9v.py\", line 16, in <module>\n    test_check()\n  File \"/tmp/tmpp3m05o9v.py\", line 14, in test_check\n    check(sum)\n  File \"/tmp/tmpp3m05o9v.py\", line 9, in check\n    assert candidate(10, 15) == 6\nAssertionError\n",
      "exit_code": 1,
      "status": "Exception"
    },
    {
      "program": "def sum(a: int, b: int) -> int:\n    \"\"\"\n\tWrite a python function to find the sum of common divisors of two given numbers.\n\t\"\"\"\n    return a + b\n\n\ndef check(candidate):\n    assert candidate(10, 15) == 6\n    assert candidate(100, 150) == 93\n    assert candidate(4, 6) == 3\n\ndef test_check():\n    check(sum)\n\ntest_check()\n",
      "timestamp": 1665509686,
      "stdout": "",
      "stderr": "Traceback (most recent call last):\n  File \"/tmp/tmpp3m05o9v.py\", line 16, in <module>\n    test_check()\n  File \"/tmp/tmpp3m05o9v.py\", line 14, in test_check\n    check(sum)\n  File \"/tmp/tmpp3m05o9v.py\", line 9, in check\n    assert candidate(10, 15) == 6\nAssertionError\n",
      "exit_code": 1,
      "status": "Exception"
    },
    {
      "program": "def sum(a: int, b: int) -> int:\n    \"\"\"\n\tWrite a python function to find the sum of common divisors of two given numbers.\n\t\"\"\"\n    return a + b\n\n\ndef check(candidate):\n    assert candidate(10, 15) == 6\n    assert candidate(100, 150) == 93\n    assert candidate(4, 6) == 3\n\ndef test_check():\n    check(sum)\n\ntest_check()\n",
      "timestamp": 1665509686,
      "stdout": "",
      "stderr": "Traceback (most recent call last):\n  File \"/tmp/tmpp3m05o9v.py\", line 16, in <module>\n    test_check()\n  File \"/tmp/tmpp3m05o9v.py\", line 14, in test_check\n    check(sum)\n  File \"/tmp/tmpp3m05o9v.py\", line 9, in check\n    assert candidate(10, 15) == 6\nAssertionError\n",
      "exit_code": 1,
      "status": "Exception"
    },
    {
      "program": "def sum(a: int, b: int) -> int:\n    \"\"\"\n\tWrite a python function to find the sum of common divisors of two given numbers.\n\t\"\"\"\n    divisors = []\n    for i in range(1, min(a, b) + 1):\n        if a % i == 0 and b % i == 0:\n            divisors.append(i)\n    return sum(divisors)\n\n\ndef check(candidate):\n    assert candidate(10, 15) == 6\n    assert candidate(100, 150) == 93\n    assert candidate(4, 6) == 3\n\ndef test_check():\n    check(sum)\n\ntest_check()\n",
      "timestamp": 1666124220,
      "stdout": "",
      "stderr": "Traceback (most recent call last):\n  File \"/tmp/tmprvj7mt47.py\", line 20, in <module>\n    test_check()\n  File \"/tmp/tmprvj7mt47.py\", line 18, in test_check\n    check(sum)\n  File \"/tmp/tmprvj7mt47.py\", line 13, in check\n    assert candidate(10, 15) == 6\n  File \"/tmp/tmprvj7mt47.py\", line 9, in sum\n    return sum(divisors)\nTypeError: sum() missing 1 required positional argument: 'b'\n",
      "exit_code": 1,
      "status": "Exception"
    },
    {
      "program": "def sum(a: int, b: int) -> int:\n    \"\"\"\n\tWrite a python function to find the sum of common divisors of two given numbers.\n\t\"\"\"\n    divisors = []\n    for i in range(1, min(a, b) + 1):\n        if a % i == 0 and b % i == 0:\n            divisors.append(i)\n    return sum(divisors)\n\n\ndef check(candidate):\n    assert candidate(10, 15) == 6\n    assert candidate(100, 150) == 93\n    assert candidate(4, 6) == 3\n\ndef test_check():\n    check(sum)\n\ntest_check()\n",
      "timestamp": 1666124220,
      "stdout": "",
      "stderr": "Traceback (most recent call last):\n  File \"/tmp/tmprvj7mt47.py\", line 20, in <module>\n    test_check()\n  File \"/tmp/tmprvj7mt47.py\", line 18, in test_check\n    check(sum)\n  File \"/tmp/tmprvj7mt47.py\", line 13, in check\n    assert candidate(10, 15) == 6\n  File \"/tmp/tmprvj7mt47.py\", line 9, in sum\n    return sum(divisors)\nTypeError: sum() missing 1 required positional argument: 'b'\n",
      "exit_code": 1,
      "status": "Exception"
    },
    {
      "program": "def sum(a: int, b: int) -> int:\n    \"\"\"\n\tWrite a python function to find the sum of common divisors of two given numbers.\n\t\"\"\"\n    sum = 0\n    for i in range(1, min(a, b) + 1):\n        if a % i == 0 and b % i == 0:\n            sum += i\n    return sum\n\n\ndef check(candidate):\n    assert candidate(10, 15) == 6\n    assert candidate(100, 150) == 93\n    assert candidate(4, 6) == 3\n\ndef test_check():\n    check(sum)\n\ntest_check()\n",
      "timestamp": 1666124220,
      "stdout": "",
      "stderr": "",
      "exit_code": 0,
      "status": "OK"
    },
    {
      "program": "def sum(a: int, b: int) -> int:\n    \"\"\"\n\tWrite a python function to find the sum of common divisors of two given numbers.\n\t\"\"\"\n    return sum_of_common_divisors(a, b)\n\n\ndef check(candidate):\n    assert candidate(10, 15) == 6\n    assert candidate(100, 150) == 93\n    assert candidate(4, 6) == 3\n\ndef test_check():\n    check(sum)\n\ntest_check()\n",
      "timestamp": 1665509686,
      "stdout": "",
      "stderr": "Traceback (most recent call last):\n  File \"/tmp/tmpt3oc8sa_.py\", line 16, in <module>\n    test_check()\n  File \"/tmp/tmpt3oc8sa_.py\", line 14, in test_check\n    check(sum)\n  File \"/tmp/tmpt3oc8sa_.py\", line 9, in check\n    assert candidate(10, 15) == 6\n  File \"/tmp/tmpt3oc8sa_.py\", line 5, in sum\n    return sum_of_common_divisors(a, b)\nNameError: name 'sum_of_common_divisors' is not defined\n",
      "exit_code": 1,
      "status": "Exception"
    },
    {
      "program": "def sum(a: int, b: int) -> int:\n    \"\"\"\n\tWrite a python function to find the sum of common divisors of two given numbers.\n\t\"\"\"\n    return a + b\n\n\ndef check(candidate):\n    assert candidate(10, 15) == 6\n    assert candidate(100, 150) == 93\n    assert candidate(4, 6) == 3\n\ndef test_check():\n    check(sum)\n\ntest_check()\n",
      "timestamp": 1665509686,
      "stdout": "",
      "stderr": "Traceback (most recent call last):\n  File \"/tmp/tmpp3m05o9v.py\", line 16, in <module>\n    test_check()\n  File \"/tmp/tmpp3m05o9v.py\", line 14, in test_check\n    check(sum)\n  File \"/tmp/tmpp3m05o9v.py\", line 9, in check\n    assert candidate(10, 15) == 6\nAssertionError\n",
      "exit_code": 1,
      "status": "Exception"
    },
    {
      "program": "def sum(a: int, b: int) -> int:\n    \"\"\"\n\tWrite a python function to find the sum of common divisors of two given numbers.\n\t\"\"\"\n    return sum(common_divisors(a, b))\n\n\ndef check(candidate):\n    assert candidate(10, 15) == 6\n    assert candidate(100, 150) == 93\n    assert candidate(4, 6) == 3\n\ndef test_check():\n    check(sum)\n\ntest_check()\n",
      "timestamp": 1665509686,
      "stdout": "",
      "stderr": "Traceback (most recent call last):\n  File \"/tmp/tmppuj0qai0.py\", line 16, in <module>\n    test_check()\n  File \"/tmp/tmppuj0qai0.py\", line 14, in test_check\n    check(sum)\n  File \"/tmp/tmppuj0qai0.py\", line 9, in check\n    assert candidate(10, 15) == 6\n  File \"/tmp/tmppuj0qai0.py\", line 5, in sum\n    return sum(common_divisors(a, b))\nNameError: name 'common_divisors' is not defined\n",
      "exit_code": 1,
      "status": "Exception"
    },
    {
      "program": "def sum(a: int, b: int) -> int:\n    \"\"\"\n\tWrite a python function to find the sum of common divisors of two given numbers.\n\t\"\"\"\n    return a + b\n\n\ndef check(candidate):\n    assert candidate(10, 15) == 6\n    assert candidate(100, 150) == 93\n    assert candidate(4, 6) == 3\n\ndef test_check():\n    check(sum)\n\ntest_check()\n",
      "timestamp": 1665509686,
      "stdout": "",
      "stderr": "Traceback (most recent call last):\n  File \"/tmp/tmpp3m05o9v.py\", line 16, in <module>\n    test_check()\n  File \"/tmp/tmpp3m05o9v.py\", line 14, in test_check\n    check(sum)\n  File \"/tmp/tmpp3m05o9v.py\", line 9, in check\n    assert candidate(10, 15) == 6\nAssertionError\n",
      "exit_code": 1,
      "status": "Exception"
    },
    {
      "program": "def sum(a: int, b: int) -> int:\n    \"\"\"\n\tWrite a python function to find the sum of common divisors of two given numbers.\n\t\"\"\"\n    return sum_of_common_divisors(a, b)\n\n\ndef check(candidate):\n    assert candidate(10, 15) == 6\n    assert candidate(100, 150) == 93\n    assert candidate(4, 6) == 3\n\ndef test_check():\n    check(sum)\n\ntest_check()\n",
      "timestamp": 1665509686,
      "stdout": "",
      "stderr": "Traceback (most recent call last):\n  File \"/tmp/tmpt3oc8sa_.py\", line 16, in <module>\n    test_check()\n  File \"/tmp/tmpt3oc8sa_.py\", line 14, in test_check\n    check(sum)\n  File \"/tmp/tmpt3oc8sa_.py\", line 9, in check\n    assert candidate(10, 15) == 6\n  File \"/tmp/tmpt3oc8sa_.py\", line 5, in sum\n    return sum_of_common_divisors(a, b)\nNameError: name 'sum_of_common_divisors' is not defined\n",
      "exit_code": 1,
      "status": "Exception"
    },
    {
      "program": "def sum(a: int, b: int) -> int:\n    \"\"\"\n\tWrite a python function to find the sum of common divisors of two given numbers.\n\t\"\"\"\n    divisors = []\n    for i in range(1, min(a, b) + 1):\n        if a % i == 0 and b % i == 0:\n            divisors.append(i)\n    return sum(divisors)\n\n\ndef check(candidate):\n    assert candidate(10, 15) == 6\n    assert candidate(100, 150) == 93\n    assert candidate(4, 6) == 3\n\ndef test_check():\n    check(sum)\n\ntest_check()\n",
      "timestamp": 1666124220,
      "stdout": "",
      "stderr": "Traceback (most recent call last):\n  File \"/tmp/tmprvj7mt47.py\", line 20, in <module>\n    test_check()\n  File \"/tmp/tmprvj7mt47.py\", line 18, in test_check\n    check(sum)\n  File \"/tmp/tmprvj7mt47.py\", line 13, in check\n    assert candidate(10, 15) == 6\n  File \"/tmp/tmprvj7mt47.py\", line 9, in sum\n    return sum(divisors)\nTypeError: sum() missing 1 required positional argument: 'b'\n",
      "exit_code": 1,
      "status": "Exception"
    },
    {
      "program": "def sum(a: int, b: int) -> int:\n    \"\"\"\n\tWrite a python function to find the sum of common divisors of two given numbers.\n\t\"\"\"\n    return a + b\n\n\ndef check(candidate):\n    assert candidate(10, 15) == 6\n    assert candidate(100, 150) == 93\n    assert candidate(4, 6) == 3\n\ndef test_check():\n    check(sum)\n\ntest_check()\n",
      "timestamp": 1665509686,
      "stdout": "",
      "stderr": "Traceback (most recent call last):\n  File \"/tmp/tmpp3m05o9v.py\", line 16, in <module>\n    test_check()\n  File \"/tmp/tmpp3m05o9v.py\", line 14, in test_check\n    check(sum)\n  File \"/tmp/tmpp3m05o9v.py\", line 9, in check\n    assert candidate(10, 15) == 6\nAssertionError\n",
      "exit_code": 1,
      "status": "Exception"
    },
    {
      "program": "def sum(a: int, b: int) -> int:\n    \"\"\"\n\tWrite a python function to find the sum of common divisors of two given numbers.\n\t\"\"\"\n    divisors = []\n    for i in range(1, min(a, b) + 1):\n        if a % i == 0 and b % i == 0:\n            divisors.append(i)\n    return sum(divisors)\n\n\ndef check(candidate):\n    assert candidate(10, 15) == 6\n    assert candidate(100, 150) == 93\n    assert candidate(4, 6) == 3\n\ndef test_check():\n    check(sum)\n\ntest_check()\n",
      "timestamp": 1666124220,
      "stdout": "",
      "stderr": "Traceback (most recent call last):\n  File \"/tmp/tmprvj7mt47.py\", line 20, in <module>\n    test_check()\n  File \"/tmp/tmprvj7mt47.py\", line 18, in test_check\n    check(sum)\n  File \"/tmp/tmprvj7mt47.py\", line 13, in check\n    assert candidate(10, 15) == 6\n  File \"/tmp/tmprvj7mt47.py\", line 9, in sum\n    return sum(divisors)\nTypeError: sum() missing 1 required positional argument: 'b'\n",
      "exit_code": 1,
      "status": "Exception"
    },
    {
      "program": "def sum(a: int, b: int) -> int:\n    \"\"\"\n\tWrite a python function to find the sum of common divisors of two given numbers.\n\t\"\"\"\n    common_divisors = []\n    for i in range(1, a + 1):\n        if a % i == 0 and b % i == 0:\n            common_divisors.append(i)\n    return sum(common_divisors)\n\n\ndef check(candidate):\n    assert candidate(10, 15) == 6\n    assert candidate(100, 150) == 93\n    assert candidate(4, 6) == 3\n\ndef test_check():\n    check(sum)\n\ntest_check()\n",
      "timestamp": 1666124220,
      "stdout": "",
      "stderr": "Traceback (most recent call last):\n  File \"/tmp/tmpmg9w3jw7.py\", line 20, in <module>\n    test_check()\n  File \"/tmp/tmpmg9w3jw7.py\", line 18, in test_check\n    check(sum)\n  File \"/tmp/tmpmg9w3jw7.py\", line 13, in check\n    assert candidate(10, 15) == 6\n  File \"/tmp/tmpmg9w3jw7.py\", line 9, in sum\n    return sum(common_divisors)\nTypeError: sum() missing 1 required positional argument: 'b'\n",
      "exit_code": 1,
      "status": "Exception"
    },
    {
      "program": "def sum(a: int, b: int) -> int:\n    \"\"\"\n\tWrite a python function to find the sum of common divisors of two given numbers.\n\t\"\"\"\n    return sum_of_common_divisors(a, b)\n\n\ndef check(candidate):\n    assert candidate(10, 15) == 6\n    assert candidate(100, 150) == 93\n    assert candidate(4, 6) == 3\n\ndef test_check():\n    check(sum)\n\ntest_check()\n",
      "timestamp": 1665509686,
      "stdout": "",
      "stderr": "Traceback (most recent call last):\n  File \"/tmp/tmpt3oc8sa_.py\", line 16, in <module>\n    test_check()\n  File \"/tmp/tmpt3oc8sa_.py\", line 14, in test_check\n    check(sum)\n  File \"/tmp/tmpt3oc8sa_.py\", line 9, in check\n    assert candidate(10, 15) == 6\n  File \"/tmp/tmpt3oc8sa_.py\", line 5, in sum\n    return sum_of_common_divisors(a, b)\nNameError: name 'sum_of_common_divisors' is not defined\n",
      "exit_code": 1,
      "status": "Exception"
    },
    {
      "program": "def sum(a: int, b: int) -> int:\n    \"\"\"\n\tWrite a python function to find the sum of common divisors of two given numbers.\n\t\"\"\"\n    return a + b\n\n\ndef check(candidate):\n    assert candidate(10, 15) == 6\n    assert candidate(100, 150) == 93\n    assert candidate(4, 6) == 3\n\ndef test_check():\n    check(sum)\n\ntest_check()\n",
      "timestamp": 1665509686,
      "stdout": "",
      "stderr": "Traceback (most recent call last):\n  File \"/tmp/tmpp3m05o9v.py\", line 16, in <module>\n    test_check()\n  File \"/tmp/tmpp3m05o9v.py\", line 14, in test_check\n    check(sum)\n  File \"/tmp/tmpp3m05o9v.py\", line 9, in check\n    assert candidate(10, 15) == 6\nAssertionError\n",
      "exit_code": 1,
      "status": "Exception"
    },
    {
      "program": "def sum(a: int, b: int) -> int:\n    \"\"\"\n\tWrite a python function to find the sum of common divisors of two given numbers.\n\t\"\"\"\n    return sum_of_common_divisors(a, b)\n\n\ndef check(candidate):\n    assert candidate(10, 15) == 6\n    assert candidate(100, 150) == 93\n    assert candidate(4, 6) == 3\n\ndef test_check():\n    check(sum)\n\ntest_check()\n",
      "timestamp": 1665509686,
      "stdout": "",
      "stderr": "Traceback (most recent call last):\n  File \"/tmp/tmpt3oc8sa_.py\", line 16, in <module>\n    test_check()\n  File \"/tmp/tmpt3oc8sa_.py\", line 14, in test_check\n    check(sum)\n  File \"/tmp/tmpt3oc8sa_.py\", line 9, in check\n    assert candidate(10, 15) == 6\n  File \"/tmp/tmpt3oc8sa_.py\", line 5, in sum\n    return sum_of_common_divisors(a, b)\nNameError: name 'sum_of_common_divisors' is not defined\n",
      "exit_code": 1,
      "status": "Exception"
    },
    {
      "program": "def sum(a: int, b: int) -> int:\n    \"\"\"\n\tWrite a python function to find the sum of common divisors of two given numbers.\n\t\"\"\"\n    return sum_of_divisors(a) + sum_of_divisors(b)\n\n\ndef check(candidate):\n    assert candidate(10, 15) == 6\n    assert candidate(100, 150) == 93\n    assert candidate(4, 6) == 3\n\ndef test_check():\n    check(sum)\n\ntest_check()\n",
      "timestamp": 1666124220,
      "stdout": "",
      "stderr": "Traceback (most recent call last):\n  File \"/tmp/tmpkmu45pux.py\", line 16, in <module>\n    test_check()\n  File \"/tmp/tmpkmu45pux.py\", line 14, in test_check\n    check(sum)\n  File \"/tmp/tmpkmu45pux.py\", line 9, in check\n    assert candidate(10, 15) == 6\n  File \"/tmp/tmpkmu45pux.py\", line 5, in sum\n    return sum_of_divisors(a) + sum_of_divisors(b)\nNameError: name 'sum_of_divisors' is not defined\n",
      "exit_code": 1,
      "status": "Exception"
    },
    {
      "program": "def sum(a: int, b: int) -> int:\n    \"\"\"\n\tWrite a python function to find the sum of common divisors of two given numbers.\n\t\"\"\"\n    return a + b\n\n\ndef check(candidate):\n    assert candidate(10, 15) == 6\n    assert candidate(100, 150) == 93\n    assert candidate(4, 6) == 3\n\ndef test_check():\n    check(sum)\n\ntest_check()\n",
      "timestamp": 1665509686,
      "stdout": "",
      "stderr": "Traceback (most recent call last):\n  File \"/tmp/tmpp3m05o9v.py\", line 16, in <module>\n    test_check()\n  File \"/tmp/tmpp3m05o9v.py\", line 14, in test_check\n    check(sum)\n  File \"/tmp/tmpp3m05o9v.py\", line 9, in check\n    assert candidate(10, 15) == 6\nAssertionError\n",
      "exit_code": 1,
      "status": "Exception"
    },
    {
      "program": "def sum(a: int, b: int) -> int:\n    \"\"\"\n\tWrite a python function to find the sum of common divisors of two given numbers.\n\t\"\"\"\n    return a + b\n\n\ndef check(candidate):\n    assert candidate(10, 15) == 6\n    assert candidate(100, 150) == 93\n    assert candidate(4, 6) == 3\n\ndef test_check():\n    check(sum)\n\ntest_check()\n",
      "timestamp": 1665509686,
      "stdout": "",
      "stderr": "Traceback (most recent call last):\n  File \"/tmp/tmpp3m05o9v.py\", line 16, in <module>\n    test_check()\n  File \"/tmp/tmpp3m05o9v.py\", line 14, in test_check\n    check(sum)\n  File \"/tmp/tmpp3m05o9v.py\", line 9, in check\n    assert candidate(10, 15) == 6\nAssertionError\n",
      "exit_code": 1,
      "status": "Exception"
    },
    {
      "program": "def sum(a: int, b: int) -> int:\n    \"\"\"\n\tWrite a python function to find the sum of common divisors of two given numbers.\n\t\"\"\"\n    return sum_of_common_divisors(a, b)\n\n\ndef check(candidate):\n    assert candidate(10, 15) == 6\n    assert candidate(100, 150) == 93\n    assert candidate(4, 6) == 3\n\ndef test_check():\n    check(sum)\n\ntest_check()\n",
      "timestamp": 1665509686,
      "stdout": "",
      "stderr": "Traceback (most recent call last):\n  File \"/tmp/tmpt3oc8sa_.py\", line 16, in <module>\n    test_check()\n  File \"/tmp/tmpt3oc8sa_.py\", line 14, in test_check\n    check(sum)\n  File \"/tmp/tmpt3oc8sa_.py\", line 9, in check\n    assert candidate(10, 15) == 6\n  File \"/tmp/tmpt3oc8sa_.py\", line 5, in sum\n    return sum_of_common_divisors(a, b)\nNameError: name 'sum_of_common_divisors' is not defined\n",
      "exit_code": 1,
      "status": "Exception"
    },
    {
      "program": "def sum(a: int, b: int) -> int:\n    \"\"\"\n\tWrite a python function to find the sum of common divisors of two given numbers.\n\t\"\"\"\n    return sum_of_common_divisors(a, b)\n\n\ndef check(candidate):\n    assert candidate(10, 15) == 6\n    assert candidate(100, 150) == 93\n    assert candidate(4, 6) == 3\n\ndef test_check():\n    check(sum)\n\ntest_check()\n",
      "timestamp": 1665509686,
      "stdout": "",
      "stderr": "Traceback (most recent call last):\n  File \"/tmp/tmpt3oc8sa_.py\", line 16, in <module>\n    test_check()\n  File \"/tmp/tmpt3oc8sa_.py\", line 14, in test_check\n    check(sum)\n  File \"/tmp/tmpt3oc8sa_.py\", line 9, in check\n    assert candidate(10, 15) == 6\n  File \"/tmp/tmpt3oc8sa_.py\", line 5, in sum\n    return sum_of_common_divisors(a, b)\nNameError: name 'sum_of_common_divisors' is not defined\n",
      "exit_code": 1,
      "status": "Exception"
    },
    {
      "program": "def sum(a: int, b: int) -> int:\n    \"\"\"\n\tWrite a python function to find the sum of common divisors of two given numbers.\n\t\"\"\"\n    return sum_of_common_divisors(a, b)\n\n\ndef check(candidate):\n    assert candidate(10, 15) == 6\n    assert candidate(100, 150) == 93\n    assert candidate(4, 6) == 3\n\ndef test_check():\n    check(sum)\n\ntest_check()\n",
      "timestamp": 1665509686,
      "stdout": "",
      "stderr": "Traceback (most recent call last):\n  File \"/tmp/tmpt3oc8sa_.py\", line 16, in <module>\n    test_check()\n  File \"/tmp/tmpt3oc8sa_.py\", line 14, in test_check\n    check(sum)\n  File \"/tmp/tmpt3oc8sa_.py\", line 9, in check\n    assert candidate(10, 15) == 6\n  File \"/tmp/tmpt3oc8sa_.py\", line 5, in sum\n    return sum_of_common_divisors(a, b)\nNameError: name 'sum_of_common_divisors' is not defined\n",
      "exit_code": 1,
      "status": "Exception"
    },
    {
      "program": "def sum(a: int, b: int) -> int:\n    \"\"\"\n\tWrite a python function to find the sum of common divisors of two given numbers.\n\t\"\"\"\n    return sum(list(set(divisors(a)).intersection(divisors(b))))\n\n\ndef check(candidate):\n    assert candidate(10, 15) == 6\n    assert candidate(100, 150) == 93\n    assert candidate(4, 6) == 3\n\ndef test_check():\n    check(sum)\n\ntest_check()\n",
      "timestamp": 1666124220,
      "stdout": "",
      "stderr": "Traceback (most recent call last):\n  File \"/tmp/tmpnankq72p.py\", line 16, in <module>\n    test_check()\n  File \"/tmp/tmpnankq72p.py\", line 14, in test_check\n    check(sum)\n  File \"/tmp/tmpnankq72p.py\", line 9, in check\n    assert candidate(10, 15) == 6\n  File \"/tmp/tmpnankq72p.py\", line 5, in sum\n    return sum(list(set(divisors(a)).intersection(divisors(b))))\nNameError: name 'divisors' is not defined\n",
      "exit_code": 1,
      "status": "Exception"
    },
    {
      "program": "def sum(a: int, b: int) -> int:\n    \"\"\"\n\tWrite a python function to find the sum of common divisors of two given numbers.\n\t\"\"\"\n    return sum_of_common_divisors(a, b)\n\n\ndef check(candidate):\n    assert candidate(10, 15) == 6\n    assert candidate(100, 150) == 93\n    assert candidate(4, 6) == 3\n\ndef test_check():\n    check(sum)\n\ntest_check()\n",
      "timestamp": 1665509686,
      "stdout": "",
      "stderr": "Traceback (most recent call last):\n  File \"/tmp/tmpt3oc8sa_.py\", line 16, in <module>\n    test_check()\n  File \"/tmp/tmpt3oc8sa_.py\", line 14, in test_check\n    check(sum)\n  File \"/tmp/tmpt3oc8sa_.py\", line 9, in check\n    assert candidate(10, 15) == 6\n  File \"/tmp/tmpt3oc8sa_.py\", line 5, in sum\n    return sum_of_common_divisors(a, b)\nNameError: name 'sum_of_common_divisors' is not defined\n",
      "exit_code": 1,
      "status": "Exception"
    },
    {
      "program": "def sum(a: int, b: int) -> int:\n    \"\"\"\n\tWrite a python function to find the sum of common divisors of two given numbers.\n\t\"\"\"\n    return a + b\n\n\ndef check(candidate):\n    assert candidate(10, 15) == 6\n    assert candidate(100, 150) == 93\n    assert candidate(4, 6) == 3\n\ndef test_check():\n    check(sum)\n\ntest_check()\n",
      "timestamp": 1665509686,
      "stdout": "",
      "stderr": "Traceback (most recent call last):\n  File \"/tmp/tmpp3m05o9v.py\", line 16, in <module>\n    test_check()\n  File \"/tmp/tmpp3m05o9v.py\", line 14, in test_check\n    check(sum)\n  File \"/tmp/tmpp3m05o9v.py\", line 9, in check\n    assert candidate(10, 15) == 6\nAssertionError\n",
      "exit_code": 1,
      "status": "Exception"
    },
    {
      "program": "def sum(a: int, b: int) -> int:\n    \"\"\"\n\tWrite a python function to find the sum of common divisors of two given numbers.\n\t\"\"\"\n    divisors = []\n    for i in range(1, min(a, b) + 1):\n        if a % i == 0 and b % i == 0:\n            divisors.append(i)\n    return sum(divisors)\n\n\ndef check(candidate):\n    assert candidate(10, 15) == 6\n    assert candidate(100, 150) == 93\n    assert candidate(4, 6) == 3\n\ndef test_check():\n    check(sum)\n\ntest_check()\n",
      "timestamp": 1666124220,
      "stdout": "",
      "stderr": "Traceback (most recent call last):\n  File \"/tmp/tmprvj7mt47.py\", line 20, in <module>\n    test_check()\n  File \"/tmp/tmprvj7mt47.py\", line 18, in test_check\n    check(sum)\n  File \"/tmp/tmprvj7mt47.py\", line 13, in check\n    assert candidate(10, 15) == 6\n  File \"/tmp/tmprvj7mt47.py\", line 9, in sum\n    return sum(divisors)\nTypeError: sum() missing 1 required positional argument: 'b'\n",
      "exit_code": 1,
      "status": "Exception"
    },
    {
      "program": "def sum(a: int, b: int) -> int:\n    \"\"\"\n\tWrite a python function to find the sum of common divisors of two given numbers.\n\t\"\"\"\n    return a + b\n\n\ndef check(candidate):\n    assert candidate(10, 15) == 6\n    assert candidate(100, 150) == 93\n    assert candidate(4, 6) == 3\n\ndef test_check():\n    check(sum)\n\ntest_check()\n",
      "timestamp": 1665509686,
      "stdout": "",
      "stderr": "Traceback (most recent call last):\n  File \"/tmp/tmpp3m05o9v.py\", line 16, in <module>\n    test_check()\n  File \"/tmp/tmpp3m05o9v.py\", line 14, in test_check\n    check(sum)\n  File \"/tmp/tmpp3m05o9v.py\", line 9, in check\n    assert candidate(10, 15) == 6\nAssertionError\n",
      "exit_code": 1,
      "status": "Exception"
    },
    {
      "program": "def sum(a: int, b: int) -> int:\n    \"\"\"\n\tWrite a python function to find the sum of common divisors of two given numbers.\n\t\"\"\"\n    return a + b\n\n\ndef check(candidate):\n    assert candidate(10, 15) == 6\n    assert candidate(100, 150) == 93\n    assert candidate(4, 6) == 3\n\ndef test_check():\n    check(sum)\n\ntest_check()\n",
      "timestamp": 1665509686,
      "stdout": "",
      "stderr": "Traceback (most recent call last):\n  File \"/tmp/tmpp3m05o9v.py\", line 16, in <module>\n    test_check()\n  File \"/tmp/tmpp3m05o9v.py\", line 14, in test_check\n    check(sum)\n  File \"/tmp/tmpp3m05o9v.py\", line 9, in check\n    assert candidate(10, 15) == 6\nAssertionError\n",
      "exit_code": 1,
      "status": "Exception"
    },
    {
      "program": "def sum(a: int, b: int) -> int:\n    \"\"\"\n\tWrite a python function to find the sum of common divisors of two given numbers.\n\t\"\"\"\n    return a + b\n\n\ndef check(candidate):\n    assert candidate(10, 15) == 6\n    assert candidate(100, 150) == 93\n    assert candidate(4, 6) == 3\n\ndef test_check():\n    check(sum)\n\ntest_check()\n",
      "timestamp": 1665509686,
      "stdout": "",
      "stderr": "Traceback (most recent call last):\n  File \"/tmp/tmpp3m05o9v.py\", line 16, in <module>\n    test_check()\n  File \"/tmp/tmpp3m05o9v.py\", line 14, in test_check\n    check(sum)\n  File \"/tmp/tmpp3m05o9v.py\", line 9, in check\n    assert candidate(10, 15) == 6\nAssertionError\n",
      "exit_code": 1,
      "status": "Exception"
    },
    {
      "program": "def sum(a: int, b: int) -> int:\n    \"\"\"\n\tWrite a python function to find the sum of common divisors of two given numbers.\n\t\"\"\"\n    return sum(common_divisors(a, b))\n\n\ndef check(candidate):\n    assert candidate(10, 15) == 6\n    assert candidate(100, 150) == 93\n    assert candidate(4, 6) == 3\n\ndef test_check():\n    check(sum)\n\ntest_check()\n",
      "timestamp": 1665509686,
      "stdout": "",
      "stderr": "Traceback (most recent call last):\n  File \"/tmp/tmppuj0qai0.py\", line 16, in <module>\n    test_check()\n  File \"/tmp/tmppuj0qai0.py\", line 14, in test_check\n    check(sum)\n  File \"/tmp/tmppuj0qai0.py\", line 9, in check\n    assert candidate(10, 15) == 6\n  File \"/tmp/tmppuj0qai0.py\", line 5, in sum\n    return sum(common_divisors(a, b))\nNameError: name 'common_divisors' is not defined\n",
      "exit_code": 1,
      "status": "Exception"
    },
    {
      "program": "def sum(a: int, b: int) -> int:\n    \"\"\"\n\tWrite a python function to find the sum of common divisors of two given numbers.\n\t\"\"\"\n    return sum_of_common_divisors(a, b)\n\n\ndef check(candidate):\n    assert candidate(10, 15) == 6\n    assert candidate(100, 150) == 93\n    assert candidate(4, 6) == 3\n\ndef test_check():\n    check(sum)\n\ntest_check()\n",
      "timestamp": 1665509686,
      "stdout": "",
      "stderr": "Traceback (most recent call last):\n  File \"/tmp/tmpt3oc8sa_.py\", line 16, in <module>\n    test_check()\n  File \"/tmp/tmpt3oc8sa_.py\", line 14, in test_check\n    check(sum)\n  File \"/tmp/tmpt3oc8sa_.py\", line 9, in check\n    assert candidate(10, 15) == 6\n  File \"/tmp/tmpt3oc8sa_.py\", line 5, in sum\n    return sum_of_common_divisors(a, b)\nNameError: name 'sum_of_common_divisors' is not defined\n",
      "exit_code": 1,
      "status": "Exception"
    },
    {
      "program": "def sum(a: int, b: int) -> int:\n    \"\"\"\n\tWrite a python function to find the sum of common divisors of two given numbers.\n\t\"\"\"\n    return a + b\n\n\ndef check(candidate):\n    assert candidate(10, 15) == 6\n    assert candidate(100, 150) == 93\n    assert candidate(4, 6) == 3\n\ndef test_check():\n    check(sum)\n\ntest_check()\n",
      "timestamp": 1665509686,
      "stdout": "",
      "stderr": "Traceback (most recent call last):\n  File \"/tmp/tmpp3m05o9v.py\", line 16, in <module>\n    test_check()\n  File \"/tmp/tmpp3m05o9v.py\", line 14, in test_check\n    check(sum)\n  File \"/tmp/tmpp3m05o9v.py\", line 9, in check\n    assert candidate(10, 15) == 6\nAssertionError\n",
      "exit_code": 1,
      "status": "Exception"
    },
    {
      "program": "def sum(a: int, b: int) -> int:\n    \"\"\"\n\tWrite a python function to find the sum of common divisors of two given numbers.\n\t\"\"\"\n    return sum(list(set(divisors(a)) & set(divisors(b))))\n\n\ndef check(candidate):\n    assert candidate(10, 15) == 6\n    assert candidate(100, 150) == 93\n    assert candidate(4, 6) == 3\n\ndef test_check():\n    check(sum)\n\ntest_check()\n",
      "timestamp": 1665509686,
      "stdout": "",
      "stderr": "Traceback (most recent call last):\n  File \"/tmp/tmpqxly4fgg.py\", line 16, in <module>\n    test_check()\n  File \"/tmp/tmpqxly4fgg.py\", line 14, in test_check\n    check(sum)\n  File \"/tmp/tmpqxly4fgg.py\", line 9, in check\n    assert candidate(10, 15) == 6\n  File \"/tmp/tmpqxly4fgg.py\", line 5, in sum\n    return sum(list(set(divisors(a)) & set(divisors(b))))\nNameError: name 'divisors' is not defined\n",
      "exit_code": 1,
      "status": "Exception"
    },
    {
      "program": "def sum(a: int, b: int) -> int:\n    \"\"\"\n\tWrite a python function to find the sum of common divisors of two given numbers.\n\t\"\"\"\n    return sum(list(set(divisors(a)) & set(divisors(b))))\n\n\ndef check(candidate):\n    assert candidate(10, 15) == 6\n    assert candidate(100, 150) == 93\n    assert candidate(4, 6) == 3\n\ndef test_check():\n    check(sum)\n\ntest_check()\n",
      "timestamp": 1665509686,
      "stdout": "",
      "stderr": "Traceback (most recent call last):\n  File \"/tmp/tmpqxly4fgg.py\", line 16, in <module>\n    test_check()\n  File \"/tmp/tmpqxly4fgg.py\", line 14, in test_check\n    check(sum)\n  File \"/tmp/tmpqxly4fgg.py\", line 9, in check\n    assert candidate(10, 15) == 6\n  File \"/tmp/tmpqxly4fgg.py\", line 5, in sum\n    return sum(list(set(divisors(a)) & set(divisors(b))))\nNameError: name 'divisors' is not defined\n",
      "exit_code": 1,
      "status": "Exception"
    },
    {
      "program": "def sum(a: int, b: int) -> int:\n    \"\"\"\n\tWrite a python function to find the sum of common divisors of two given numbers.\n\t\"\"\"\n    return sum(list(set(common_divisors(a)) & set(common_divisors(b))))\n\n\ndef check(candidate):\n    assert candidate(10, 15) == 6\n    assert candidate(100, 150) == 93\n    assert candidate(4, 6) == 3\n\ndef test_check():\n    check(sum)\n\ntest_check()\n",
      "timestamp": 1666124220,
      "stdout": "",
      "stderr": "Traceback (most recent call last):\n  File \"/tmp/tmpzml29lv2.py\", line 16, in <module>\n    test_check()\n  File \"/tmp/tmpzml29lv2.py\", line 14, in test_check\n    check(sum)\n  File \"/tmp/tmpzml29lv2.py\", line 9, in check\n    assert candidate(10, 15) == 6\n  File \"/tmp/tmpzml29lv2.py\", line 5, in sum\n    return sum(list(set(common_divisors(a)) & set(common_divisors(b))))\nNameError: name 'common_divisors' is not defined\n",
      "exit_code": 1,
      "status": "Exception"
    },
    {
      "program": "def sum(a: int, b: int) -> int:\n    \"\"\"\n\tWrite a python function to find the sum of common divisors of two given numbers.\n\t\"\"\"\n    return a + b\n\n\ndef check(candidate):\n    assert candidate(10, 15) == 6\n    assert candidate(100, 150) == 93\n    assert candidate(4, 6) == 3\n\ndef test_check():\n    check(sum)\n\ntest_check()\n",
      "timestamp": 1665509686,
      "stdout": "",
      "stderr": "Traceback (most recent call last):\n  File \"/tmp/tmpp3m05o9v.py\", line 16, in <module>\n    test_check()\n  File \"/tmp/tmpp3m05o9v.py\", line 14, in test_check\n    check(sum)\n  File \"/tmp/tmpp3m05o9v.py\", line 9, in check\n    assert candidate(10, 15) == 6\nAssertionError\n",
      "exit_code": 1,
      "status": "Exception"
    },
    {
      "program": "def sum(a: int, b: int) -> int:\n    \"\"\"\n\tWrite a python function to find the sum of common divisors of two given numbers.\n\t\"\"\"\n    return sum(list(set(divisors(a)) & set(divisors(b))))\n\n\ndef check(candidate):\n    assert candidate(10, 15) == 6\n    assert candidate(100, 150) == 93\n    assert candidate(4, 6) == 3\n\ndef test_check():\n    check(sum)\n\ntest_check()\n",
      "timestamp": 1665509686,
      "stdout": "",
      "stderr": "Traceback (most recent call last):\n  File \"/tmp/tmpqxly4fgg.py\", line 16, in <module>\n    test_check()\n  File \"/tmp/tmpqxly4fgg.py\", line 14, in test_check\n    check(sum)\n  File \"/tmp/tmpqxly4fgg.py\", line 9, in check\n    assert candidate(10, 15) == 6\n  File \"/tmp/tmpqxly4fgg.py\", line 5, in sum\n    return sum(list(set(divisors(a)) & set(divisors(b))))\nNameError: name 'divisors' is not defined\n",
      "exit_code": 1,
      "status": "Exception"
    },
    {
      "program": "def sum(a: int, b: int) -> int:\n    \"\"\"\n\tWrite a python function to find the sum of common divisors of two given numbers.\n\t\"\"\"\n    return sum_of_divisors(a) + sum_of_divisors(b)\n\n\ndef check(candidate):\n    assert candidate(10, 15) == 6\n    assert candidate(100, 150) == 93\n    assert candidate(4, 6) == 3\n\ndef test_check():\n    check(sum)\n\ntest_check()\n",
      "timestamp": 1666124220,
      "stdout": "",
      "stderr": "Traceback (most recent call last):\n  File \"/tmp/tmpkmu45pux.py\", line 16, in <module>\n    test_check()\n  File \"/tmp/tmpkmu45pux.py\", line 14, in test_check\n    check(sum)\n  File \"/tmp/tmpkmu45pux.py\", line 9, in check\n    assert candidate(10, 15) == 6\n  File \"/tmp/tmpkmu45pux.py\", line 5, in sum\n    return sum_of_divisors(a) + sum_of_divisors(b)\nNameError: name 'sum_of_divisors' is not defined\n",
      "exit_code": 1,
      "status": "Exception"
    },
    {
      "program": "def sum(a: int, b: int) -> int:\n    \"\"\"\n\tWrite a python function to find the sum of common divisors of two given numbers.\n\t\"\"\"\n    if a == 0 or b == 0:\n        return 0\n    else:\n        return a + b\n\n\ndef check(candidate):\n    assert candidate(10, 15) == 6\n    assert candidate(100, 150) == 93\n    assert candidate(4, 6) == 3\n\ndef test_check():\n    check(sum)\n\ntest_check()\n",
      "timestamp": 1666124220,
      "stdout": "",
      "stderr": "Traceback (most recent call last):\n  File \"/tmp/tmpy3vc6gsk.py\", line 19, in <module>\n    test_check()\n  File \"/tmp/tmpy3vc6gsk.py\", line 17, in test_check\n    check(sum)\n  File \"/tmp/tmpy3vc6gsk.py\", line 12, in check\n    assert candidate(10, 15) == 6\nAssertionError\n",
      "exit_code": 1,
      "status": "Exception"
    },
    {
      "program": "def sum(a: int, b: int) -> int:\n    \"\"\"\n\tWrite a python function to find the sum of common divisors of two given numbers.\n\t\"\"\"\n    sum = 0\n    for i in range(1, min(a, b) + 1):\n        if a % i == 0 and b % i == 0:\n            sum += i\n    return sum\n\n\ndef check(candidate):\n    assert candidate(10, 15) == 6\n    assert candidate(100, 150) == 93\n    assert candidate(4, 6) == 3\n\ndef test_check():\n    check(sum)\n\ntest_check()\n",
      "timestamp": 1666124220,
      "stdout": "",
      "stderr": "",
      "exit_code": 0,
      "status": "OK"
    },
    {
      "program": "def sum(a: int, b: int) -> int:\n    \"\"\"\n\tWrite a python function to find the sum of common divisors of two given numbers.\n\t\"\"\"\n    return sum_of_divisors(a) + sum_of_divisors(b)\n\n\ndef check(candidate):\n    assert candidate(10, 15) == 6\n    assert candidate(100, 150) == 93\n    assert candidate(4, 6) == 3\n\ndef test_check():\n    check(sum)\n\ntest_check()\n",
      "timestamp": 1666124220,
      "stdout": "",
      "stderr": "Traceback (most recent call last):\n  File \"/tmp/tmpkmu45pux.py\", line 16, in <module>\n    test_check()\n  File \"/tmp/tmpkmu45pux.py\", line 14, in test_check\n    check(sum)\n  File \"/tmp/tmpkmu45pux.py\", line 9, in check\n    assert candidate(10, 15) == 6\n  File \"/tmp/tmpkmu45pux.py\", line 5, in sum\n    return sum_of_divisors(a) + sum_of_divisors(b)\nNameError: name 'sum_of_divisors' is not defined\n",
      "exit_code": 1,
      "status": "Exception"
    },
    {
      "program": "def sum(a: int, b: int) -> int:\n    \"\"\"\n\tWrite a python function to find the sum of common divisors of two given numbers.\n\t\"\"\"\n    return sum_of_common_divisors(a, b)\n\n\ndef check(candidate):\n    assert candidate(10, 15) == 6\n    assert candidate(100, 150) == 93\n    assert candidate(4, 6) == 3\n\ndef test_check():\n    check(sum)\n\ntest_check()\n",
      "timestamp": 1665509686,
      "stdout": "",
      "stderr": "Traceback (most recent call last):\n  File \"/tmp/tmpt3oc8sa_.py\", line 16, in <module>\n    test_check()\n  File \"/tmp/tmpt3oc8sa_.py\", line 14, in test_check\n    check(sum)\n  File \"/tmp/tmpt3oc8sa_.py\", line 9, in check\n    assert candidate(10, 15) == 6\n  File \"/tmp/tmpt3oc8sa_.py\", line 5, in sum\n    return sum_of_common_divisors(a, b)\nNameError: name 'sum_of_common_divisors' is not defined\n",
      "exit_code": 1,
      "status": "Exception"
    },
    {
      "program": "def sum(a: int, b: int) -> int:\n    \"\"\"\n\tWrite a python function to find the sum of common divisors of two given numbers.\n\t\"\"\"\n    return sum_of_divisors(a) + sum_of_divisors(b)\n\n\ndef check(candidate):\n    assert candidate(10, 15) == 6\n    assert candidate(100, 150) == 93\n    assert candidate(4, 6) == 3\n\ndef test_check():\n    check(sum)\n\ntest_check()\n",
      "timestamp": 1666124220,
      "stdout": "",
      "stderr": "Traceback (most recent call last):\n  File \"/tmp/tmpkmu45pux.py\", line 16, in <module>\n    test_check()\n  File \"/tmp/tmpkmu45pux.py\", line 14, in test_check\n    check(sum)\n  File \"/tmp/tmpkmu45pux.py\", line 9, in check\n    assert candidate(10, 15) == 6\n  File \"/tmp/tmpkmu45pux.py\", line 5, in sum\n    return sum_of_divisors(a) + sum_of_divisors(b)\nNameError: name 'sum_of_divisors' is not defined\n",
      "exit_code": 1,
      "status": "Exception"
    },
    {
      "program": "def sum(a: int, b: int) -> int:\n    \"\"\"\n\tWrite a python function to find the sum of common divisors of two given numbers.\n\t\"\"\"\n    return sum_of_common_divisors(a, b)\n\n\ndef check(candidate):\n    assert candidate(10, 15) == 6\n    assert candidate(100, 150) == 93\n    assert candidate(4, 6) == 3\n\ndef test_check():\n    check(sum)\n\ntest_check()\n",
      "timestamp": 1665509686,
      "stdout": "",
      "stderr": "Traceback (most recent call last):\n  File \"/tmp/tmpt3oc8sa_.py\", line 16, in <module>\n    test_check()\n  File \"/tmp/tmpt3oc8sa_.py\", line 14, in test_check\n    check(sum)\n  File \"/tmp/tmpt3oc8sa_.py\", line 9, in check\n    assert candidate(10, 15) == 6\n  File \"/tmp/tmpt3oc8sa_.py\", line 5, in sum\n    return sum_of_common_divisors(a, b)\nNameError: name 'sum_of_common_divisors' is not defined\n",
      "exit_code": 1,
      "status": "Exception"
    },
    {
      "program": "def sum(a: int, b: int) -> int:\n    \"\"\"\n\tWrite a python function to find the sum of common divisors of two given numbers.\n\t\"\"\"\n    return sum_of_common_divisors(a, b)\n\n\ndef check(candidate):\n    assert candidate(10, 15) == 6\n    assert candidate(100, 150) == 93\n    assert candidate(4, 6) == 3\n\ndef test_check():\n    check(sum)\n\ntest_check()\n",
      "timestamp": 1665509686,
      "stdout": "",
      "stderr": "Traceback (most recent call last):\n  File \"/tmp/tmpt3oc8sa_.py\", line 16, in <module>\n    test_check()\n  File \"/tmp/tmpt3oc8sa_.py\", line 14, in test_check\n    check(sum)\n  File \"/tmp/tmpt3oc8sa_.py\", line 9, in check\n    assert candidate(10, 15) == 6\n  File \"/tmp/tmpt3oc8sa_.py\", line 5, in sum\n    return sum_of_common_divisors(a, b)\nNameError: name 'sum_of_common_divisors' is not defined\n",
      "exit_code": 1,
      "status": "Exception"
    },
    {
      "program": "def sum(a: int, b: int) -> int:\n    \"\"\"\n\tWrite a python function to find the sum of common divisors of two given numbers.\n\t\"\"\"\n    return sum_of_common_divisors(a, b)\n\n\ndef check(candidate):\n    assert candidate(10, 15) == 6\n    assert candidate(100, 150) == 93\n    assert candidate(4, 6) == 3\n\ndef test_check():\n    check(sum)\n\ntest_check()\n",
      "timestamp": 1665509686,
      "stdout": "",
      "stderr": "Traceback (most recent call last):\n  File \"/tmp/tmpt3oc8sa_.py\", line 16, in <module>\n    test_check()\n  File \"/tmp/tmpt3oc8sa_.py\", line 14, in test_check\n    check(sum)\n  File \"/tmp/tmpt3oc8sa_.py\", line 9, in check\n    assert candidate(10, 15) == 6\n  File \"/tmp/tmpt3oc8sa_.py\", line 5, in sum\n    return sum_of_common_divisors(a, b)\nNameError: name 'sum_of_common_divisors' is not defined\n",
      "exit_code": 1,
      "status": "Exception"
    },
    {
      "program": "def sum(a: int, b: int) -> int:\n    \"\"\"\n\tWrite a python function to find the sum of common divisors of two given numbers.\n\t\"\"\"\n    divisors_a = [i for i in range(1, a + 1) if a % i == 0]\n    divisors_b = [i for i in range(1, b + 1) if b % i == 0]\n    common_divisors = [i for i in divisors_a if i in divisors_b]\n    return sum(common_divisors)\n\n\ndef check(candidate):\n    assert candidate(10, 15) == 6\n    assert candidate(100, 150) == 93\n    assert candidate(4, 6) == 3\n\ndef test_check():\n    check(sum)\n\ntest_check()\n",
      "timestamp": 1666124220,
      "stdout": "",
      "stderr": "Traceback (most recent call last):\n  File \"/tmp/tmpklgftro9.py\", line 19, in <module>\n    test_check()\n  File \"/tmp/tmpklgftro9.py\", line 17, in test_check\n    check(sum)\n  File \"/tmp/tmpklgftro9.py\", line 12, in check\n    assert candidate(10, 15) == 6\n  File \"/tmp/tmpklgftro9.py\", line 8, in sum\n    return sum(common_divisors)\nTypeError: sum() missing 1 required positional argument: 'b'\n",
      "exit_code": 1,
      "status": "Exception"
    },
    {
      "program": "def sum(a: int, b: int) -> int:\n    \"\"\"\n\tWrite a python function to find the sum of common divisors of two given numbers.\n\t\"\"\"\n    return a + b\n\n\ndef check(candidate):\n    assert candidate(10, 15) == 6\n    assert candidate(100, 150) == 93\n    assert candidate(4, 6) == 3\n\ndef test_check():\n    check(sum)\n\ntest_check()\n",
      "timestamp": 1665509686,
      "stdout": "",
      "stderr": "Traceback (most recent call last):\n  File \"/tmp/tmpp3m05o9v.py\", line 16, in <module>\n    test_check()\n  File \"/tmp/tmpp3m05o9v.py\", line 14, in test_check\n    check(sum)\n  File \"/tmp/tmpp3m05o9v.py\", line 9, in check\n    assert candidate(10, 15) == 6\nAssertionError\n",
      "exit_code": 1,
      "status": "Exception"
    },
    {
      "program": "def sum(a: int, b: int) -> int:\n    \"\"\"\n\tWrite a python function to find the sum of common divisors of two given numbers.\n\t\"\"\"\n    divisor_list = []\n    for i in range(1, min(a, b) + 1):\n        if a % i == 0 and b % i == 0:\n            divisor_list.append(i)\n    return sum(divisor_list)\n\n\ndef check(candidate):\n    assert candidate(10, 15) == 6\n    assert candidate(100, 150) == 93\n    assert candidate(4, 6) == 3\n\ndef test_check():\n    check(sum)\n\ntest_check()\n",
      "timestamp": 1666124220,
      "stdout": "",
      "stderr": "Traceback (most recent call last):\n  File \"/tmp/tmp_t97ldvy.py\", line 20, in <module>\n    test_check()\n  File \"/tmp/tmp_t97ldvy.py\", line 18, in test_check\n    check(sum)\n  File \"/tmp/tmp_t97ldvy.py\", line 13, in check\n    assert candidate(10, 15) == 6\n  File \"/tmp/tmp_t97ldvy.py\", line 9, in sum\n    return sum(divisor_list)\nTypeError: sum() missing 1 required positional argument: 'b'\n",
      "exit_code": 1,
      "status": "Exception"
    },
    {
      "program": "def sum(a: int, b: int) -> int:\n    \"\"\"\n\tWrite a python function to find the sum of common divisors of two given numbers.\n\t\"\"\"\n    return a + b\n\n\ndef check(candidate):\n    assert candidate(10, 15) == 6\n    assert candidate(100, 150) == 93\n    assert candidate(4, 6) == 3\n\ndef test_check():\n    check(sum)\n\ntest_check()\n",
      "timestamp": 1665509686,
      "stdout": "",
      "stderr": "Traceback (most recent call last):\n  File \"/tmp/tmpp3m05o9v.py\", line 16, in <module>\n    test_check()\n  File \"/tmp/tmpp3m05o9v.py\", line 14, in test_check\n    check(sum)\n  File \"/tmp/tmpp3m05o9v.py\", line 9, in check\n    assert candidate(10, 15) == 6\nAssertionError\n",
      "exit_code": 1,
      "status": "Exception"
    },
    {
      "program": "def sum(a: int, b: int) -> int:\n    \"\"\"\n\tWrite a python function to find the sum of common divisors of two given numbers.\n\t\"\"\"\n    divisors = []\n    for i in range(1, min(a, b) + 1):\n        if a % i == 0 and b % i == 0:\n            divisors.append(i)\n    return sum(divisors)\n\n\ndef check(candidate):\n    assert candidate(10, 15) == 6\n    assert candidate(100, 150) == 93\n    assert candidate(4, 6) == 3\n\ndef test_check():\n    check(sum)\n\ntest_check()\n",
      "timestamp": 1666124220,
      "stdout": "",
      "stderr": "Traceback (most recent call last):\n  File \"/tmp/tmprvj7mt47.py\", line 20, in <module>\n    test_check()\n  File \"/tmp/tmprvj7mt47.py\", line 18, in test_check\n    check(sum)\n  File \"/tmp/tmprvj7mt47.py\", line 13, in check\n    assert candidate(10, 15) == 6\n  File \"/tmp/tmprvj7mt47.py\", line 9, in sum\n    return sum(divisors)\nTypeError: sum() missing 1 required positional argument: 'b'\n",
      "exit_code": 1,
      "status": "Exception"
    },
    {
      "program": "def sum(a: int, b: int) -> int:\n    \"\"\"\n\tWrite a python function to find the sum of common divisors of two given numbers.\n\t\"\"\"\n    return sum(list(set(divisors(a)) & set(divisors(b))))\n\n\ndef check(candidate):\n    assert candidate(10, 15) == 6\n    assert candidate(100, 150) == 93\n    assert candidate(4, 6) == 3\n\ndef test_check():\n    check(sum)\n\ntest_check()\n",
      "timestamp": 1665509686,
      "stdout": "",
      "stderr": "Traceback (most recent call last):\n  File \"/tmp/tmpqxly4fgg.py\", line 16, in <module>\n    test_check()\n  File \"/tmp/tmpqxly4fgg.py\", line 14, in test_check\n    check(sum)\n  File \"/tmp/tmpqxly4fgg.py\", line 9, in check\n    assert candidate(10, 15) == 6\n  File \"/tmp/tmpqxly4fgg.py\", line 5, in sum\n    return sum(list(set(divisors(a)) & set(divisors(b))))\nNameError: name 'divisors' is not defined\n",
      "exit_code": 1,
      "status": "Exception"
    },
    {
      "program": "def sum(a: int, b: int) -> int:\n    \"\"\"\n\tWrite a python function to find the sum of common divisors of two given numbers.\n\t\"\"\"\n    return sum_of_divisors(a) + sum_of_divisors(b)\n\n\ndef check(candidate):\n    assert candidate(10, 15) == 6\n    assert candidate(100, 150) == 93\n    assert candidate(4, 6) == 3\n\ndef test_check():\n    check(sum)\n\ntest_check()\n",
      "timestamp": 1666124220,
      "stdout": "",
      "stderr": "Traceback (most recent call last):\n  File \"/tmp/tmpkmu45pux.py\", line 16, in <module>\n    test_check()\n  File \"/tmp/tmpkmu45pux.py\", line 14, in test_check\n    check(sum)\n  File \"/tmp/tmpkmu45pux.py\", line 9, in check\n    assert candidate(10, 15) == 6\n  File \"/tmp/tmpkmu45pux.py\", line 5, in sum\n    return sum_of_divisors(a) + sum_of_divisors(b)\nNameError: name 'sum_of_divisors' is not defined\n",
      "exit_code": 1,
      "status": "Exception"
    },
    {
      "program": "def sum(a: int, b: int) -> int:\n    \"\"\"\n\tWrite a python function to find the sum of common divisors of two given numbers.\n\t\"\"\"\n    divisors = []\n    for i in range(1, min(a, b) + 1):\n        if a % i == 0 and b % i == 0:\n            divisors.append(i)\n    return sum(divisors)\n\n\ndef check(candidate):\n    assert candidate(10, 15) == 6\n    assert candidate(100, 150) == 93\n    assert candidate(4, 6) == 3\n\ndef test_check():\n    check(sum)\n\ntest_check()\n",
      "timestamp": 1666124220,
      "stdout": "",
      "stderr": "Traceback (most recent call last):\n  File \"/tmp/tmprvj7mt47.py\", line 20, in <module>\n    test_check()\n  File \"/tmp/tmprvj7mt47.py\", line 18, in test_check\n    check(sum)\n  File \"/tmp/tmprvj7mt47.py\", line 13, in check\n    assert candidate(10, 15) == 6\n  File \"/tmp/tmprvj7mt47.py\", line 9, in sum\n    return sum(divisors)\nTypeError: sum() missing 1 required positional argument: 'b'\n",
      "exit_code": 1,
      "status": "Exception"
    },
    {
      "program": "def sum(a: int, b: int) -> int:\n    \"\"\"\n\tWrite a python function to find the sum of common divisors of two given numbers.\n\t\"\"\"\n    return a + b\n\n\ndef check(candidate):\n    assert candidate(10, 15) == 6\n    assert candidate(100, 150) == 93\n    assert candidate(4, 6) == 3\n\ndef test_check():\n    check(sum)\n\ntest_check()\n",
      "timestamp": 1665509686,
      "stdout": "",
      "stderr": "Traceback (most recent call last):\n  File \"/tmp/tmpp3m05o9v.py\", line 16, in <module>\n    test_check()\n  File \"/tmp/tmpp3m05o9v.py\", line 14, in test_check\n    check(sum)\n  File \"/tmp/tmpp3m05o9v.py\", line 9, in check\n    assert candidate(10, 15) == 6\nAssertionError\n",
      "exit_code": 1,
      "status": "Exception"
    },
    {
      "program": "def sum(a: int, b: int) -> int:\n    \"\"\"\n\tWrite a python function to find the sum of common divisors of two given numbers.\n\t\"\"\"\n    return a + b\n\n\ndef check(candidate):\n    assert candidate(10, 15) == 6\n    assert candidate(100, 150) == 93\n    assert candidate(4, 6) == 3\n\ndef test_check():\n    check(sum)\n\ntest_check()\n",
      "timestamp": 1665509686,
      "stdout": "",
      "stderr": "Traceback (most recent call last):\n  File \"/tmp/tmpp3m05o9v.py\", line 16, in <module>\n    test_check()\n  File \"/tmp/tmpp3m05o9v.py\", line 14, in test_check\n    check(sum)\n  File \"/tmp/tmpp3m05o9v.py\", line 9, in check\n    assert candidate(10, 15) == 6\nAssertionError\n",
      "exit_code": 1,
      "status": "Exception"
    },
    {
      "program": "def sum(a: int, b: int) -> int:\n    \"\"\"\n\tWrite a python function to find the sum of common divisors of two given numbers.\n\t\"\"\"\n    return sum_of_common_divisors(a, b)\n\n\ndef check(candidate):\n    assert candidate(10, 15) == 6\n    assert candidate(100, 150) == 93\n    assert candidate(4, 6) == 3\n\ndef test_check():\n    check(sum)\n\ntest_check()\n",
      "timestamp": 1665509686,
      "stdout": "",
      "stderr": "Traceback (most recent call last):\n  File \"/tmp/tmpt3oc8sa_.py\", line 16, in <module>\n    test_check()\n  File \"/tmp/tmpt3oc8sa_.py\", line 14, in test_check\n    check(sum)\n  File \"/tmp/tmpt3oc8sa_.py\", line 9, in check\n    assert candidate(10, 15) == 6\n  File \"/tmp/tmpt3oc8sa_.py\", line 5, in sum\n    return sum_of_common_divisors(a, b)\nNameError: name 'sum_of_common_divisors' is not defined\n",
      "exit_code": 1,
      "status": "Exception"
    },
    {
      "program": "def sum(a: int, b: int) -> int:\n    \"\"\"\n\tWrite a python function to find the sum of common divisors of two given numbers.\n\t\"\"\"\n    divisors = []\n    for i in range(1, min(a, b) + 1):\n        if a % i == 0 and b % i == 0:\n            divisors.append(i)\n    return sum(divisors)\n\n\ndef check(candidate):\n    assert candidate(10, 15) == 6\n    assert candidate(100, 150) == 93\n    assert candidate(4, 6) == 3\n\ndef test_check():\n    check(sum)\n\ntest_check()\n",
      "timestamp": 1666124220,
      "stdout": "",
      "stderr": "Traceback (most recent call last):\n  File \"/tmp/tmprvj7mt47.py\", line 20, in <module>\n    test_check()\n  File \"/tmp/tmprvj7mt47.py\", line 18, in test_check\n    check(sum)\n  File \"/tmp/tmprvj7mt47.py\", line 13, in check\n    assert candidate(10, 15) == 6\n  File \"/tmp/tmprvj7mt47.py\", line 9, in sum\n    return sum(divisors)\nTypeError: sum() missing 1 required positional argument: 'b'\n",
      "exit_code": 1,
      "status": "Exception"
    },
    {
      "program": "def sum(a: int, b: int) -> int:\n    \"\"\"\n\tWrite a python function to find the sum of common divisors of two given numbers.\n\t\"\"\"\n    return a + b\n\n\ndef check(candidate):\n    assert candidate(10, 15) == 6\n    assert candidate(100, 150) == 93\n    assert candidate(4, 6) == 3\n\ndef test_check():\n    check(sum)\n\ntest_check()\n",
      "timestamp": 1665509686,
      "stdout": "",
      "stderr": "Traceback (most recent call last):\n  File \"/tmp/tmpp3m05o9v.py\", line 16, in <module>\n    test_check()\n  File \"/tmp/tmpp3m05o9v.py\", line 14, in test_check\n    check(sum)\n  File \"/tmp/tmpp3m05o9v.py\", line 9, in check\n    assert candidate(10, 15) == 6\nAssertionError\n",
      "exit_code": 1,
      "status": "Exception"
    },
    {
      "program": "def sum(a: int, b: int) -> int:\n    \"\"\"\n\tWrite a python function to find the sum of common divisors of two given numbers.\n\t\"\"\"\n    return sum(common_divisors(a, b))\n\n\ndef check(candidate):\n    assert candidate(10, 15) == 6\n    assert candidate(100, 150) == 93\n    assert candidate(4, 6) == 3\n\ndef test_check():\n    check(sum)\n\ntest_check()\n",
      "timestamp": 1665509686,
      "stdout": "",
      "stderr": "Traceback (most recent call last):\n  File \"/tmp/tmppuj0qai0.py\", line 16, in <module>\n    test_check()\n  File \"/tmp/tmppuj0qai0.py\", line 14, in test_check\n    check(sum)\n  File \"/tmp/tmppuj0qai0.py\", line 9, in check\n    assert candidate(10, 15) == 6\n  File \"/tmp/tmppuj0qai0.py\", line 5, in sum\n    return sum(common_divisors(a, b))\nNameError: name 'common_divisors' is not defined\n",
      "exit_code": 1,
      "status": "Exception"
    },
    {
      "program": "def sum(a: int, b: int) -> int:\n    \"\"\"\n\tWrite a python function to find the sum of common divisors of two given numbers.\n\t\"\"\"\n    return sum_of_common_divisors(a, b)\n\n\ndef check(candidate):\n    assert candidate(10, 15) == 6\n    assert candidate(100, 150) == 93\n    assert candidate(4, 6) == 3\n\ndef test_check():\n    check(sum)\n\ntest_check()\n",
      "timestamp": 1665509686,
      "stdout": "",
      "stderr": "Traceback (most recent call last):\n  File \"/tmp/tmpt3oc8sa_.py\", line 16, in <module>\n    test_check()\n  File \"/tmp/tmpt3oc8sa_.py\", line 14, in test_check\n    check(sum)\n  File \"/tmp/tmpt3oc8sa_.py\", line 9, in check\n    assert candidate(10, 15) == 6\n  File \"/tmp/tmpt3oc8sa_.py\", line 5, in sum\n    return sum_of_common_divisors(a, b)\nNameError: name 'sum_of_common_divisors' is not defined\n",
      "exit_code": 1,
      "status": "Exception"
    },
    {
      "program": "def sum(a: int, b: int) -> int:\n    \"\"\"\n\tWrite a python function to find the sum of common divisors of two given numbers.\n\t\"\"\"\n    return sum_of_common_divisors(a, b)\n\n\ndef check(candidate):\n    assert candidate(10, 15) == 6\n    assert candidate(100, 150) == 93\n    assert candidate(4, 6) == 3\n\ndef test_check():\n    check(sum)\n\ntest_check()\n",
      "timestamp": 1665509686,
      "stdout": "",
      "stderr": "Traceback (most recent call last):\n  File \"/tmp/tmpt3oc8sa_.py\", line 16, in <module>\n    test_check()\n  File \"/tmp/tmpt3oc8sa_.py\", line 14, in test_check\n    check(sum)\n  File \"/tmp/tmpt3oc8sa_.py\", line 9, in check\n    assert candidate(10, 15) == 6\n  File \"/tmp/tmpt3oc8sa_.py\", line 5, in sum\n    return sum_of_common_divisors(a, b)\nNameError: name 'sum_of_common_divisors' is not defined\n",
      "exit_code": 1,
      "status": "Exception"
    },
    {
      "program": "def sum(a: int, b: int) -> int:\n    \"\"\"\n\tWrite a python function to find the sum of common divisors of two given numbers.\n\t\"\"\"\n    return sum_divisors(a) + sum_divisors(b)\n\n\ndef check(candidate):\n    assert candidate(10, 15) == 6\n    assert candidate(100, 150) == 93\n    assert candidate(4, 6) == 3\n\ndef test_check():\n    check(sum)\n\ntest_check()\n",
      "timestamp": 1665509686,
      "stdout": "",
      "stderr": "Traceback (most recent call last):\n  File \"/tmp/tmpr16383ow.py\", line 16, in <module>\n    test_check()\n  File \"/tmp/tmpr16383ow.py\", line 14, in test_check\n    check(sum)\n  File \"/tmp/tmpr16383ow.py\", line 9, in check\n    assert candidate(10, 15) == 6\n  File \"/tmp/tmpr16383ow.py\", line 5, in sum\n    return sum_divisors(a) + sum_divisors(b)\nNameError: name 'sum_divisors' is not defined\n",
      "exit_code": 1,
      "status": "Exception"
    },
    {
      "program": "def sum(a: int, b: int) -> int:\n    \"\"\"\n\tWrite a python function to find the sum of common divisors of two given numbers.\n\t\"\"\"\n    return sum_of_common_divisors(a, b)\n\n\ndef check(candidate):\n    assert candidate(10, 15) == 6\n    assert candidate(100, 150) == 93\n    assert candidate(4, 6) == 3\n\ndef test_check():\n    check(sum)\n\ntest_check()\n",
      "timestamp": 1665509686,
      "stdout": "",
      "stderr": "Traceback (most recent call last):\n  File \"/tmp/tmpt3oc8sa_.py\", line 16, in <module>\n    test_check()\n  File \"/tmp/tmpt3oc8sa_.py\", line 14, in test_check\n    check(sum)\n  File \"/tmp/tmpt3oc8sa_.py\", line 9, in check\n    assert candidate(10, 15) == 6\n  File \"/tmp/tmpt3oc8sa_.py\", line 5, in sum\n    return sum_of_common_divisors(a, b)\nNameError: name 'sum_of_common_divisors' is not defined\n",
      "exit_code": 1,
      "status": "Exception"
    },
    {
      "program": "def sum(a: int, b: int) -> int:\n    \"\"\"\n\tWrite a python function to find the sum of common divisors of two given numbers.\n\t\"\"\"\n    return sum(common_divisors(a, b))\n\n\ndef check(candidate):\n    assert candidate(10, 15) == 6\n    assert candidate(100, 150) == 93\n    assert candidate(4, 6) == 3\n\ndef test_check():\n    check(sum)\n\ntest_check()\n",
      "timestamp": 1665509686,
      "stdout": "",
      "stderr": "Traceback (most recent call last):\n  File \"/tmp/tmppuj0qai0.py\", line 16, in <module>\n    test_check()\n  File \"/tmp/tmppuj0qai0.py\", line 14, in test_check\n    check(sum)\n  File \"/tmp/tmppuj0qai0.py\", line 9, in check\n    assert candidate(10, 15) == 6\n  File \"/tmp/tmppuj0qai0.py\", line 5, in sum\n    return sum(common_divisors(a, b))\nNameError: name 'common_divisors' is not defined\n",
      "exit_code": 1,
      "status": "Exception"
    },
    {
      "program": "def sum(a: int, b: int) -> int:\n    \"\"\"\n\tWrite a python function to find the sum of common divisors of two given numbers.\n\t\"\"\"\n    divisors = []\n    for i in range(1, min(a, b) + 1):\n        if a % i == 0 and b % i == 0:\n            divisors.append(i)\n    return sum(divisors)\n\n\ndef check(candidate):\n    assert candidate(10, 15) == 6\n    assert candidate(100, 150) == 93\n    assert candidate(4, 6) == 3\n\ndef test_check():\n    check(sum)\n\ntest_check()\n",
      "timestamp": 1666124220,
      "stdout": "",
      "stderr": "Traceback (most recent call last):\n  File \"/tmp/tmprvj7mt47.py\", line 20, in <module>\n    test_check()\n  File \"/tmp/tmprvj7mt47.py\", line 18, in test_check\n    check(sum)\n  File \"/tmp/tmprvj7mt47.py\", line 13, in check\n    assert candidate(10, 15) == 6\n  File \"/tmp/tmprvj7mt47.py\", line 9, in sum\n    return sum(divisors)\nTypeError: sum() missing 1 required positional argument: 'b'\n",
      "exit_code": 1,
      "status": "Exception"
    },
    {
      "program": "def sum(a: int, b: int) -> int:\n    \"\"\"\n\tWrite a python function to find the sum of common divisors of two given numbers.\n\t\"\"\"\n    return sum_of_divisors(a) + sum_of_divisors(b)\n\n\ndef check(candidate):\n    assert candidate(10, 15) == 6\n    assert candidate(100, 150) == 93\n    assert candidate(4, 6) == 3\n\ndef test_check():\n    check(sum)\n\ntest_check()\n",
      "timestamp": 1666124220,
      "stdout": "",
      "stderr": "Traceback (most recent call last):\n  File \"/tmp/tmpkmu45pux.py\", line 16, in <module>\n    test_check()\n  File \"/tmp/tmpkmu45pux.py\", line 14, in test_check\n    check(sum)\n  File \"/tmp/tmpkmu45pux.py\", line 9, in check\n    assert candidate(10, 15) == 6\n  File \"/tmp/tmpkmu45pux.py\", line 5, in sum\n    return sum_of_divisors(a) + sum_of_divisors(b)\nNameError: name 'sum_of_divisors' is not defined\n",
      "exit_code": 1,
      "status": "Exception"
    },
    {
      "program": "def sum(a: int, b: int) -> int:\n    \"\"\"\n\tWrite a python function to find the sum of common divisors of two given numbers.\n\t\"\"\"\n    return sum_of_divisors(a) + sum_of_divisors(b)\n\n\ndef check(candidate):\n    assert candidate(10, 15) == 6\n    assert candidate(100, 150) == 93\n    assert candidate(4, 6) == 3\n\ndef test_check():\n    check(sum)\n\ntest_check()\n",
      "timestamp": 1666124220,
      "stdout": "",
      "stderr": "Traceback (most recent call last):\n  File \"/tmp/tmpkmu45pux.py\", line 16, in <module>\n    test_check()\n  File \"/tmp/tmpkmu45pux.py\", line 14, in test_check\n    check(sum)\n  File \"/tmp/tmpkmu45pux.py\", line 9, in check\n    assert candidate(10, 15) == 6\n  File \"/tmp/tmpkmu45pux.py\", line 5, in sum\n    return sum_of_divisors(a) + sum_of_divisors(b)\nNameError: name 'sum_of_divisors' is not defined\n",
      "exit_code": 1,
      "status": "Exception"
    },
    {
      "program": "def sum(a: int, b: int) -> int:\n    \"\"\"\n\tWrite a python function to find the sum of common divisors of two given numbers.\n\t\"\"\"\n    return a + b\n\n\ndef check(candidate):\n    assert candidate(10, 15) == 6\n    assert candidate(100, 150) == 93\n    assert candidate(4, 6) == 3\n\ndef test_check():\n    check(sum)\n\ntest_check()\n",
      "timestamp": 1665509686,
      "stdout": "",
      "stderr": "Traceback (most recent call last):\n  File \"/tmp/tmpp3m05o9v.py\", line 16, in <module>\n    test_check()\n  File \"/tmp/tmpp3m05o9v.py\", line 14, in test_check\n    check(sum)\n  File \"/tmp/tmpp3m05o9v.py\", line 9, in check\n    assert candidate(10, 15) == 6\nAssertionError\n",
      "exit_code": 1,
      "status": "Exception"
    },
    {
      "program": "def sum(a: int, b: int) -> int:\n    \"\"\"\n\tWrite a python function to find the sum of common divisors of two given numbers.\n\t\"\"\"\n    return a + b\n\n\ndef check(candidate):\n    assert candidate(10, 15) == 6\n    assert candidate(100, 150) == 93\n    assert candidate(4, 6) == 3\n\ndef test_check():\n    check(sum)\n\ntest_check()\n",
      "timestamp": 1665509686,
      "stdout": "",
      "stderr": "Traceback (most recent call last):\n  File \"/tmp/tmpp3m05o9v.py\", line 16, in <module>\n    test_check()\n  File \"/tmp/tmpp3m05o9v.py\", line 14, in test_check\n    check(sum)\n  File \"/tmp/tmpp3m05o9v.py\", line 9, in check\n    assert candidate(10, 15) == 6\nAssertionError\n",
      "exit_code": 1,
      "status": "Exception"
    },
    {
      "program": "def sum(a: int, b: int) -> int:\n    \"\"\"\n\tWrite a python function to find the sum of common divisors of two given numbers.\n\t\"\"\"\n    return sum(list(set(divisors(a)) & set(divisors(b))))\n\n\ndef check(candidate):\n    assert candidate(10, 15) == 6\n    assert candidate(100, 150) == 93\n    assert candidate(4, 6) == 3\n\ndef test_check():\n    check(sum)\n\ntest_check()\n",
      "timestamp": 1665509686,
      "stdout": "",
      "stderr": "Traceback (most recent call last):\n  File \"/tmp/tmpqxly4fgg.py\", line 16, in <module>\n    test_check()\n  File \"/tmp/tmpqxly4fgg.py\", line 14, in test_check\n    check(sum)\n  File \"/tmp/tmpqxly4fgg.py\", line 9, in check\n    assert candidate(10, 15) == 6\n  File \"/tmp/tmpqxly4fgg.py\", line 5, in sum\n    return sum(list(set(divisors(a)) & set(divisors(b))))\nNameError: name 'divisors' is not defined\n",
      "exit_code": 1,
      "status": "Exception"
    },
    {
      "program": "def sum(a: int, b: int) -> int:\n    \"\"\"\n\tWrite a python function to find the sum of common divisors of two given numbers.\n\t\"\"\"\n    return a + b\n\n\ndef check(candidate):\n    assert candidate(10, 15) == 6\n    assert candidate(100, 150) == 93\n    assert candidate(4, 6) == 3\n\ndef test_check():\n    check(sum)\n\ntest_check()\n",
      "timestamp": 1665509686,
      "stdout": "",
      "stderr": "Traceback (most recent call last):\n  File \"/tmp/tmpp3m05o9v.py\", line 16, in <module>\n    test_check()\n  File \"/tmp/tmpp3m05o9v.py\", line 14, in test_check\n    check(sum)\n  File \"/tmp/tmpp3m05o9v.py\", line 9, in check\n    assert candidate(10, 15) == 6\nAssertionError\n",
      "exit_code": 1,
      "status": "Exception"
    },
    {
      "program": "def sum(a: int, b: int) -> int:\n    \"\"\"\n\tWrite a python function to find the sum of common divisors of two given numbers.\n\t\"\"\"\n    return sum(common_divisors(a, b))\n\n\ndef check(candidate):\n    assert candidate(10, 15) == 6\n    assert candidate(100, 150) == 93\n    assert candidate(4, 6) == 3\n\ndef test_check():\n    check(sum)\n\ntest_check()\n",
      "timestamp": 1665509686,
      "stdout": "",
      "stderr": "Traceback (most recent call last):\n  File \"/tmp/tmppuj0qai0.py\", line 16, in <module>\n    test_check()\n  File \"/tmp/tmppuj0qai0.py\", line 14, in test_check\n    check(sum)\n  File \"/tmp/tmppuj0qai0.py\", line 9, in check\n    assert candidate(10, 15) == 6\n  File \"/tmp/tmppuj0qai0.py\", line 5, in sum\n    return sum(common_divisors(a, b))\nNameError: name 'common_divisors' is not defined\n",
      "exit_code": 1,
      "status": "Exception"
    },
    {
      "program": "def sum(a: int, b: int) -> int:\n    \"\"\"\n\tWrite a python function to find the sum of common divisors of two given numbers.\n\t\"\"\"\n    return a + b\n\n\ndef check(candidate):\n    assert candidate(10, 15) == 6\n    assert candidate(100, 150) == 93\n    assert candidate(4, 6) == 3\n\ndef test_check():\n    check(sum)\n\ntest_check()\n",
      "timestamp": 1665509686,
      "stdout": "",
      "stderr": "Traceback (most recent call last):\n  File \"/tmp/tmpp3m05o9v.py\", line 16, in <module>\n    test_check()\n  File \"/tmp/tmpp3m05o9v.py\", line 14, in test_check\n    check(sum)\n  File \"/tmp/tmpp3m05o9v.py\", line 9, in check\n    assert candidate(10, 15) == 6\nAssertionError\n",
      "exit_code": 1,
      "status": "Exception"
    },
    {
      "program": "def sum(a: int, b: int) -> int:\n    \"\"\"\n\tWrite a python function to find the sum of common divisors of two given numbers.\n\t\"\"\"\n    return sum_of_common_divisors(a, b)\n\n\ndef check(candidate):\n    assert candidate(10, 15) == 6\n    assert candidate(100, 150) == 93\n    assert candidate(4, 6) == 3\n\ndef test_check():\n    check(sum)\n\ntest_check()\n",
      "timestamp": 1665509686,
      "stdout": "",
      "stderr": "Traceback (most recent call last):\n  File \"/tmp/tmpt3oc8sa_.py\", line 16, in <module>\n    test_check()\n  File \"/tmp/tmpt3oc8sa_.py\", line 14, in test_check\n    check(sum)\n  File \"/tmp/tmpt3oc8sa_.py\", line 9, in check\n    assert candidate(10, 15) == 6\n  File \"/tmp/tmpt3oc8sa_.py\", line 5, in sum\n    return sum_of_common_divisors(a, b)\nNameError: name 'sum_of_common_divisors' is not defined\n",
      "exit_code": 1,
      "status": "Exception"
    },
    {
      "program": "def sum(a: int, b: int) -> int:\n    \"\"\"\n\tWrite a python function to find the sum of common divisors of two given numbers.\n\t\"\"\"\n    return a + b\n\n\ndef check(candidate):\n    assert candidate(10, 15) == 6\n    assert candidate(100, 150) == 93\n    assert candidate(4, 6) == 3\n\ndef test_check():\n    check(sum)\n\ntest_check()\n",
      "timestamp": 1665509686,
      "stdout": "",
      "stderr": "Traceback (most recent call last):\n  File \"/tmp/tmpp3m05o9v.py\", line 16, in <module>\n    test_check()\n  File \"/tmp/tmpp3m05o9v.py\", line 14, in test_check\n    check(sum)\n  File \"/tmp/tmpp3m05o9v.py\", line 9, in check\n    assert candidate(10, 15) == 6\nAssertionError\n",
      "exit_code": 1,
      "status": "Exception"
    },
    {
      "program": "def sum(a: int, b: int) -> int:\n    \"\"\"\n\tWrite a python function to find the sum of common divisors of two given numbers.\n\t\"\"\"\n    return a + b\n\n\ndef check(candidate):\n    assert candidate(10, 15) == 6\n    assert candidate(100, 150) == 93\n    assert candidate(4, 6) == 3\n\ndef test_check():\n    check(sum)\n\ntest_check()\n",
      "timestamp": 1665509686,
      "stdout": "",
      "stderr": "Traceback (most recent call last):\n  File \"/tmp/tmpp3m05o9v.py\", line 16, in <module>\n    test_check()\n  File \"/tmp/tmpp3m05o9v.py\", line 14, in test_check\n    check(sum)\n  File \"/tmp/tmpp3m05o9v.py\", line 9, in check\n    assert candidate(10, 15) == 6\nAssertionError\n",
      "exit_code": 1,
      "status": "Exception"
    },
    {
      "program": "def sum(a: int, b: int) -> int:\n    \"\"\"\n\tWrite a python function to find the sum of common divisors of two given numbers.\n\t\"\"\"\n    return sum_of_divisors(a) + sum_of_divisors(b)\n\n\ndef check(candidate):\n    assert candidate(10, 15) == 6\n    assert candidate(100, 150) == 93\n    assert candidate(4, 6) == 3\n\ndef test_check():\n    check(sum)\n\ntest_check()\n",
      "timestamp": 1666124220,
      "stdout": "",
      "stderr": "Traceback (most recent call last):\n  File \"/tmp/tmpkmu45pux.py\", line 16, in <module>\n    test_check()\n  File \"/tmp/tmpkmu45pux.py\", line 14, in test_check\n    check(sum)\n  File \"/tmp/tmpkmu45pux.py\", line 9, in check\n    assert candidate(10, 15) == 6\n  File \"/tmp/tmpkmu45pux.py\", line 5, in sum\n    return sum_of_divisors(a) + sum_of_divisors(b)\nNameError: name 'sum_of_divisors' is not defined\n",
      "exit_code": 1,
      "status": "Exception"
    },
    {
      "program": "def sum(a: int, b: int) -> int:\n    \"\"\"\n\tWrite a python function to find the sum of common divisors of two given numbers.\n\t\"\"\"\n    return sum_of_common_divisors(a, b)\n\n\ndef check(candidate):\n    assert candidate(10, 15) == 6\n    assert candidate(100, 150) == 93\n    assert candidate(4, 6) == 3\n\ndef test_check():\n    check(sum)\n\ntest_check()\n",
      "timestamp": 1665509686,
      "stdout": "",
      "stderr": "Traceback (most recent call last):\n  File \"/tmp/tmpt3oc8sa_.py\", line 16, in <module>\n    test_check()\n  File \"/tmp/tmpt3oc8sa_.py\", line 14, in test_check\n    check(sum)\n  File \"/tmp/tmpt3oc8sa_.py\", line 9, in check\n    assert candidate(10, 15) == 6\n  File \"/tmp/tmpt3oc8sa_.py\", line 5, in sum\n    return sum_of_common_divisors(a, b)\nNameError: name 'sum_of_common_divisors' is not defined\n",
      "exit_code": 1,
      "status": "Exception"
    },
    {
      "program": "def sum(a: int, b: int) -> int:\n    \"\"\"\n\tWrite a python function to find the sum of common divisors of two given numbers.\n\t\"\"\"\n    return sum_of_common_divisors(a, b)\n\n\ndef check(candidate):\n    assert candidate(10, 15) == 6\n    assert candidate(100, 150) == 93\n    assert candidate(4, 6) == 3\n\ndef test_check():\n    check(sum)\n\ntest_check()\n",
      "timestamp": 1665509686,
      "stdout": "",
      "stderr": "Traceback (most recent call last):\n  File \"/tmp/tmpt3oc8sa_.py\", line 16, in <module>\n    test_check()\n  File \"/tmp/tmpt3oc8sa_.py\", line 14, in test_check\n    check(sum)\n  File \"/tmp/tmpt3oc8sa_.py\", line 9, in check\n    assert candidate(10, 15) == 6\n  File \"/tmp/tmpt3oc8sa_.py\", line 5, in sum\n    return sum_of_common_divisors(a, b)\nNameError: name 'sum_of_common_divisors' is not defined\n",
      "exit_code": 1,
      "status": "Exception"
    },
    {
      "program": "def sum(a: int, b: int) -> int:\n    \"\"\"\n\tWrite a python function to find the sum of common divisors of two given numbers.\n\t\"\"\"\n    divisors = []\n    for i in range(1, min(a, b) + 1):\n        if a % i == 0 and b % i == 0:\n            divisors.append(i)\n    return sum(divisors)\n\n\ndef check(candidate):\n    assert candidate(10, 15) == 6\n    assert candidate(100, 150) == 93\n    assert candidate(4, 6) == 3\n\ndef test_check():\n    check(sum)\n\ntest_check()\n",
      "timestamp": 1666124220,
      "stdout": "",
      "stderr": "Traceback (most recent call last):\n  File \"/tmp/tmprvj7mt47.py\", line 20, in <module>\n    test_check()\n  File \"/tmp/tmprvj7mt47.py\", line 18, in test_check\n    check(sum)\n  File \"/tmp/tmprvj7mt47.py\", line 13, in check\n    assert candidate(10, 15) == 6\n  File \"/tmp/tmprvj7mt47.py\", line 9, in sum\n    return sum(divisors)\nTypeError: sum() missing 1 required positional argument: 'b'\n",
      "exit_code": 1,
      "status": "Exception"
    },
    {
      "program": "def sum(a: int, b: int) -> int:\n    \"\"\"\n\tWrite a python function to find the sum of common divisors of two given numbers.\n\t\"\"\"\n    divisors = []\n    for i in range(1, min(a, b) + 1):\n        if a % i == 0 and b % i == 0:\n            divisors.append(i)\n    return sum(divisors)\n\n\ndef check(candidate):\n    assert candidate(10, 15) == 6\n    assert candidate(100, 150) == 93\n    assert candidate(4, 6) == 3\n\ndef test_check():\n    check(sum)\n\ntest_check()\n",
      "timestamp": 1666124220,
      "stdout": "",
      "stderr": "Traceback (most recent call last):\n  File \"/tmp/tmprvj7mt47.py\", line 20, in <module>\n    test_check()\n  File \"/tmp/tmprvj7mt47.py\", line 18, in test_check\n    check(sum)\n  File \"/tmp/tmprvj7mt47.py\", line 13, in check\n    assert candidate(10, 15) == 6\n  File \"/tmp/tmprvj7mt47.py\", line 9, in sum\n    return sum(divisors)\nTypeError: sum() missing 1 required positional argument: 'b'\n",
      "exit_code": 1,
      "status": "Exception"
    },
    {
      "program": "def sum(a: int, b: int) -> int:\n    \"\"\"\n\tWrite a python function to find the sum of common divisors of two given numbers.\n\t\"\"\"\n    return sum(common_divisors(a, b))\n\n\ndef check(candidate):\n    assert candidate(10, 15) == 6\n    assert candidate(100, 150) == 93\n    assert candidate(4, 6) == 3\n\ndef test_check():\n    check(sum)\n\ntest_check()\n",
      "timestamp": 1665509686,
      "stdout": "",
      "stderr": "Traceback (most recent call last):\n  File \"/tmp/tmppuj0qai0.py\", line 16, in <module>\n    test_check()\n  File \"/tmp/tmppuj0qai0.py\", line 14, in test_check\n    check(sum)\n  File \"/tmp/tmppuj0qai0.py\", line 9, in check\n    assert candidate(10, 15) == 6\n  File \"/tmp/tmppuj0qai0.py\", line 5, in sum\n    return sum(common_divisors(a, b))\nNameError: name 'common_divisors' is not defined\n",
      "exit_code": 1,
      "status": "Exception"
    }
  ]
}