{
  "name": "mbpp_420_cube_Sum",
  "language": "py",
  "prompt": "def cube_Sum(n: int) -> int:\n    \"\"\"\n\tWrite a python function to find the cube sum of first n even natural numbers.\n\t\"\"\"\n",
  "doctests": "transform",
  "original": "/home/arjun/repos/MultiPL-E/datasets/../datasets/mbpp-typed/mbpp_420_cube_Sum.py",
  "prompt_terminology": "reworded",
  "tests": "def check(candidate):\n    assert candidate(2) == 72\n    assert candidate(3) == 288\n    assert candidate(4) == 800\n\ndef test_check():\n    check(cube_Sum)\n\ntest_check()\n",
  "stop_tokens": [
    "\ndef",
    "\n#",
    "\nif",
    "\nclass"
  ],
  "results": [
    {
      "program": "def cube_Sum(n: int) -> int:\n    \"\"\"\n\tWrite a python function to find the cube sum of first n even natural numbers.\n\t\"\"\"\n    return sum(map(lambda x: x ** 3, range(2, n * 2 + 1, 2)))\n\n\ndef check(candidate):\n    assert candidate(2) == 72\n    assert candidate(3) == 288\n    assert candidate(4) == 800\n\ndef test_check():\n    check(cube_Sum)\n\ntest_check()\n",
      "timestamp": 1665510521,
      "stdout": "",
      "stderr": "",
      "exit_code": 0,
      "status": "OK"
    },
    {
      "program": "def cube_Sum(n: int) -> int:\n    \"\"\"\n\tWrite a python function to find the cube sum of first n even natural numbers.\n\t\"\"\"\n    return sum([i ** 3 for i in range(2, n * 2, 2)])\n\n\ndef check(candidate):\n    assert candidate(2) == 72\n    assert candidate(3) == 288\n    assert candidate(4) == 800\n\ndef test_check():\n    check(cube_Sum)\n\ntest_check()\n",
      "timestamp": 1665510521,
      "stdout": "",
      "stderr": "Traceback (most recent call last):\n  File \"/tmp/tmpgs4n1vqd.py\", line 16, in <module>\n    test_check()\n  File \"/tmp/tmpgs4n1vqd.py\", line 14, in test_check\n    check(cube_Sum)\n  File \"/tmp/tmpgs4n1vqd.py\", line 9, in check\n    assert candidate(2) == 72\nAssertionError\n",
      "exit_code": 1,
      "status": "Exception"
    },
    {
      "program": "def cube_Sum(n: int) -> int:\n    \"\"\"\n\tWrite a python function to find the cube sum of first n even natural numbers.\n\t\"\"\"\n    return sum([i ** 3 for i in range(2, n * 2 + 1, 2)])\n\n\ndef check(candidate):\n    assert candidate(2) == 72\n    assert candidate(3) == 288\n    assert candidate(4) == 800\n\ndef test_check():\n    check(cube_Sum)\n\ntest_check()\n",
      "timestamp": 1665510521,
      "stdout": "",
      "stderr": "",
      "exit_code": 0,
      "status": "OK"
    },
    {
      "program": "def cube_Sum(n: int) -> int:\n    \"\"\"\n\tWrite a python function to find the cube sum of first n even natural numbers.\n\t\"\"\"\n    return sum([i**3 for i in range(2, n*2+1, 2)])\n\n\ndef check(candidate):\n    assert candidate(2) == 72\n    assert candidate(3) == 288\n    assert candidate(4) == 800\n\ndef test_check():\n    check(cube_Sum)\n\ntest_check()\n",
      "timestamp": 1665510521,
      "stdout": "",
      "stderr": "",
      "exit_code": 0,
      "status": "OK"
    },
    {
      "program": "def cube_Sum(n: int) -> int:\n    \"\"\"\n\tWrite a python function to find the cube sum of first n even natural numbers.\n\t\"\"\"\n    return sum([i ** 3 for i in range(2, n * 2 + 1, 2)])\n\n\ndef check(candidate):\n    assert candidate(2) == 72\n    assert candidate(3) == 288\n    assert candidate(4) == 800\n\ndef test_check():\n    check(cube_Sum)\n\ntest_check()\n",
      "timestamp": 1665510521,
      "stdout": "",
      "stderr": "",
      "exit_code": 0,
      "status": "OK"
    },
    {
      "program": "def cube_Sum(n: int) -> int:\n    \"\"\"\n\tWrite a python function to find the cube sum of first n even natural numbers.\n\t\"\"\"\n    return sum([i ** 3 for i in range(2, n * 2 + 1, 2)])\n\n\ndef check(candidate):\n    assert candidate(2) == 72\n    assert candidate(3) == 288\n    assert candidate(4) == 800\n\ndef test_check():\n    check(cube_Sum)\n\ntest_check()\n",
      "timestamp": 1665510521,
      "stdout": "",
      "stderr": "",
      "exit_code": 0,
      "status": "OK"
    },
    {
      "program": "def cube_Sum(n: int) -> int:\n    \"\"\"\n\tWrite a python function to find the cube sum of first n even natural numbers.\n\t\"\"\"\n    return sum([i ** 3 for i in range(2, n + 1, 2)])\n\n\ndef check(candidate):\n    assert candidate(2) == 72\n    assert candidate(3) == 288\n    assert candidate(4) == 800\n\ndef test_check():\n    check(cube_Sum)\n\ntest_check()\n",
      "timestamp": 1665510521,
      "stdout": "",
      "stderr": "Traceback (most recent call last):\n  File \"/tmp/tmptamyc7i6.py\", line 16, in <module>\n    test_check()\n  File \"/tmp/tmptamyc7i6.py\", line 14, in test_check\n    check(cube_Sum)\n  File \"/tmp/tmptamyc7i6.py\", line 9, in check\n    assert candidate(2) == 72\nAssertionError\n",
      "exit_code": 1,
      "status": "Exception"
    },
    {
      "program": "def cube_Sum(n: int) -> int:\n    \"\"\"\n\tWrite a python function to find the cube sum of first n even natural numbers.\n\t\"\"\"\n    sum = 0\n    for i in range(1, n + 1):\n        sum += i ** 3\n    return sum\n\n\ndef check(candidate):\n    assert candidate(2) == 72\n    assert candidate(3) == 288\n    assert candidate(4) == 800\n\ndef test_check():\n    check(cube_Sum)\n\ntest_check()\n",
      "timestamp": 1665510521,
      "stdout": "",
      "stderr": "Traceback (most recent call last):\n  File \"/tmp/tmpajvlved1.py\", line 19, in <module>\n    test_check()\n  File \"/tmp/tmpajvlved1.py\", line 17, in test_check\n    check(cube_Sum)\n  File \"/tmp/tmpajvlved1.py\", line 12, in check\n    assert candidate(2) == 72\nAssertionError\n",
      "exit_code": 1,
      "status": "Exception"
    },
    {
      "program": "def cube_Sum(n: int) -> int:\n    \"\"\"\n\tWrite a python function to find the cube sum of first n even natural numbers.\n\t\"\"\"\n    sum = 0\n    for i in range(2, n + 1, 2):\n        sum += i ** 3\n    return sum\n\n\ndef check(candidate):\n    assert candidate(2) == 72\n    assert candidate(3) == 288\n    assert candidate(4) == 800\n\ndef test_check():\n    check(cube_Sum)\n\ntest_check()\n",
      "timestamp": 1665510521,
      "stdout": "",
      "stderr": "Traceback (most recent call last):\n  File \"/tmp/tmpflgbwp9k.py\", line 19, in <module>\n    test_check()\n  File \"/tmp/tmpflgbwp9k.py\", line 17, in test_check\n    check(cube_Sum)\n  File \"/tmp/tmpflgbwp9k.py\", line 12, in check\n    assert candidate(2) == 72\nAssertionError\n",
      "exit_code": 1,
      "status": "Exception"
    },
    {
      "program": "def cube_Sum(n: int) -> int:\n    \"\"\"\n\tWrite a python function to find the cube sum of first n even natural numbers.\n\t\"\"\"\n    return sum([i ** 3 for i in range(2, n * 2 + 1, 2)])\n\n\ndef check(candidate):\n    assert candidate(2) == 72\n    assert candidate(3) == 288\n    assert candidate(4) == 800\n\ndef test_check():\n    check(cube_Sum)\n\ntest_check()\n",
      "timestamp": 1665510521,
      "stdout": "",
      "stderr": "",
      "exit_code": 0,
      "status": "OK"
    },
    {
      "program": "def cube_Sum(n: int) -> int:\n    \"\"\"\n\tWrite a python function to find the cube sum of first n even natural numbers.\n\t\"\"\"\n    return sum([i ** 3 for i in range(2, n * 2 + 1, 2)])\n\n\ndef check(candidate):\n    assert candidate(2) == 72\n    assert candidate(3) == 288\n    assert candidate(4) == 800\n\ndef test_check():\n    check(cube_Sum)\n\ntest_check()\n",
      "timestamp": 1665510521,
      "stdout": "",
      "stderr": "",
      "exit_code": 0,
      "status": "OK"
    },
    {
      "program": "def cube_Sum(n: int) -> int:\n    \"\"\"\n\tWrite a python function to find the cube sum of first n even natural numbers.\n\t\"\"\"\n    return sum(map(lambda x: x ** 3, range(2, n * 2 + 1, 2)))\n\n\ndef check(candidate):\n    assert candidate(2) == 72\n    assert candidate(3) == 288\n    assert candidate(4) == 800\n\ndef test_check():\n    check(cube_Sum)\n\ntest_check()\n",
      "timestamp": 1665510521,
      "stdout": "",
      "stderr": "",
      "exit_code": 0,
      "status": "OK"
    },
    {
      "program": "def cube_Sum(n: int) -> int:\n    \"\"\"\n\tWrite a python function to find the cube sum of first n even natural numbers.\n\t\"\"\"\n    return sum([i ** 3 for i in range(2, n + 1, 2)])\n\n\ndef check(candidate):\n    assert candidate(2) == 72\n    assert candidate(3) == 288\n    assert candidate(4) == 800\n\ndef test_check():\n    check(cube_Sum)\n\ntest_check()\n",
      "timestamp": 1665510521,
      "stdout": "",
      "stderr": "Traceback (most recent call last):\n  File \"/tmp/tmptamyc7i6.py\", line 16, in <module>\n    test_check()\n  File \"/tmp/tmptamyc7i6.py\", line 14, in test_check\n    check(cube_Sum)\n  File \"/tmp/tmptamyc7i6.py\", line 9, in check\n    assert candidate(2) == 72\nAssertionError\n",
      "exit_code": 1,
      "status": "Exception"
    },
    {
      "program": "def cube_Sum(n: int) -> int:\n    \"\"\"\n\tWrite a python function to find the cube sum of first n even natural numbers.\n\t\"\"\"\n    return sum(map(lambda x: x ** 3, range(2, 2 * n + 1, 2)))\n\n\ndef check(candidate):\n    assert candidate(2) == 72\n    assert candidate(3) == 288\n    assert candidate(4) == 800\n\ndef test_check():\n    check(cube_Sum)\n\ntest_check()\n",
      "timestamp": 1665510521,
      "stdout": "",
      "stderr": "",
      "exit_code": 0,
      "status": "OK"
    },
    {
      "program": "def cube_Sum(n: int) -> int:\n    \"\"\"\n\tWrite a python function to find the cube sum of first n even natural numbers.\n\t\"\"\"\n    return sum(i ** 3 for i in range(2, n * 2 + 1, 2))\n\n\ndef check(candidate):\n    assert candidate(2) == 72\n    assert candidate(3) == 288\n    assert candidate(4) == 800\n\ndef test_check():\n    check(cube_Sum)\n\ntest_check()\n",
      "timestamp": 1665510521,
      "stdout": "",
      "stderr": "",
      "exit_code": 0,
      "status": "OK"
    },
    {
      "program": "def cube_Sum(n: int) -> int:\n    \"\"\"\n\tWrite a python function to find the cube sum of first n even natural numbers.\n\t\"\"\"\n    return sum(i ** 3 for i in range(2, n + 1, 2))\n\n\ndef check(candidate):\n    assert candidate(2) == 72\n    assert candidate(3) == 288\n    assert candidate(4) == 800\n\ndef test_check():\n    check(cube_Sum)\n\ntest_check()\n",
      "timestamp": 1665510521,
      "stdout": "",
      "stderr": "Traceback (most recent call last):\n  File \"/tmp/tmp72s4ujme.py\", line 16, in <module>\n    test_check()\n  File \"/tmp/tmp72s4ujme.py\", line 14, in test_check\n    check(cube_Sum)\n  File \"/tmp/tmp72s4ujme.py\", line 9, in check\n    assert candidate(2) == 72\nAssertionError\n",
      "exit_code": 1,
      "status": "Exception"
    },
    {
      "program": "def cube_Sum(n: int) -> int:\n    \"\"\"\n\tWrite a python function to find the cube sum of first n even natural numbers.\n\t\"\"\"\n    sum = 0\n    for i in range(1, n + 1):\n        sum += i ** 3\n    return sum\n\n\ndef check(candidate):\n    assert candidate(2) == 72\n    assert candidate(3) == 288\n    assert candidate(4) == 800\n\ndef test_check():\n    check(cube_Sum)\n\ntest_check()\n",
      "timestamp": 1665510521,
      "stdout": "",
      "stderr": "Traceback (most recent call last):\n  File \"/tmp/tmpajvlved1.py\", line 19, in <module>\n    test_check()\n  File \"/tmp/tmpajvlved1.py\", line 17, in test_check\n    check(cube_Sum)\n  File \"/tmp/tmpajvlved1.py\", line 12, in check\n    assert candidate(2) == 72\nAssertionError\n",
      "exit_code": 1,
      "status": "Exception"
    },
    {
      "program": "def cube_Sum(n: int) -> int:\n    \"\"\"\n\tWrite a python function to find the cube sum of first n even natural numbers.\n\t\"\"\"\n    return sum([i ** 3 for i in range(2, n * 2 + 1, 2)])\n\n\ndef check(candidate):\n    assert candidate(2) == 72\n    assert candidate(3) == 288\n    assert candidate(4) == 800\n\ndef test_check():\n    check(cube_Sum)\n\ntest_check()\n",
      "timestamp": 1665510521,
      "stdout": "",
      "stderr": "",
      "exit_code": 0,
      "status": "OK"
    },
    {
      "program": "def cube_Sum(n: int) -> int:\n    \"\"\"\n\tWrite a python function to find the cube sum of first n even natural numbers.\n\t\"\"\"\n    return sum([i ** 3 for i in range(2, n + 1, 2)])\n\n\ndef check(candidate):\n    assert candidate(2) == 72\n    assert candidate(3) == 288\n    assert candidate(4) == 800\n\ndef test_check():\n    check(cube_Sum)\n\ntest_check()\n",
      "timestamp": 1665510521,
      "stdout": "",
      "stderr": "Traceback (most recent call last):\n  File \"/tmp/tmptamyc7i6.py\", line 16, in <module>\n    test_check()\n  File \"/tmp/tmptamyc7i6.py\", line 14, in test_check\n    check(cube_Sum)\n  File \"/tmp/tmptamyc7i6.py\", line 9, in check\n    assert candidate(2) == 72\nAssertionError\n",
      "exit_code": 1,
      "status": "Exception"
    },
    {
      "program": "def cube_Sum(n: int) -> int:\n    \"\"\"\n\tWrite a python function to find the cube sum of first n even natural numbers.\n\t\"\"\"\n    return sum([i ** 3 for i in range(2, n * 2 + 1, 2)])\n\n\ndef check(candidate):\n    assert candidate(2) == 72\n    assert candidate(3) == 288\n    assert candidate(4) == 800\n\ndef test_check():\n    check(cube_Sum)\n\ntest_check()\n",
      "timestamp": 1665510521,
      "stdout": "",
      "stderr": "",
      "exit_code": 0,
      "status": "OK"
    },
    {
      "program": "def cube_Sum(n: int) -> int:\n    \"\"\"\n\tWrite a python function to find the cube sum of first n even natural numbers.\n\t\"\"\"\n    return sum(i ** 3 for i in range(2, n + 1, 2))\n\n\ndef check(candidate):\n    assert candidate(2) == 72\n    assert candidate(3) == 288\n    assert candidate(4) == 800\n\ndef test_check():\n    check(cube_Sum)\n\ntest_check()\n",
      "timestamp": 1665510521,
      "stdout": "",
      "stderr": "Traceback (most recent call last):\n  File \"/tmp/tmp72s4ujme.py\", line 16, in <module>\n    test_check()\n  File \"/tmp/tmp72s4ujme.py\", line 14, in test_check\n    check(cube_Sum)\n  File \"/tmp/tmp72s4ujme.py\", line 9, in check\n    assert candidate(2) == 72\nAssertionError\n",
      "exit_code": 1,
      "status": "Exception"
    },
    {
      "program": "def cube_Sum(n: int) -> int:\n    \"\"\"\n\tWrite a python function to find the cube sum of first n even natural numbers.\n\t\"\"\"\n    return sum([i ** 3 for i in range(2, n * 2 + 1, 2)])\n\n\ndef check(candidate):\n    assert candidate(2) == 72\n    assert candidate(3) == 288\n    assert candidate(4) == 800\n\ndef test_check():\n    check(cube_Sum)\n\ntest_check()\n",
      "timestamp": 1665510521,
      "stdout": "",
      "stderr": "",
      "exit_code": 0,
      "status": "OK"
    },
    {
      "program": "def cube_Sum(n: int) -> int:\n    \"\"\"\n\tWrite a python function to find the cube sum of first n even natural numbers.\n\t\"\"\"\n    return sum(map(lambda x: x ** 3, range(2, n * 2 + 1, 2)))\n\n\ndef check(candidate):\n    assert candidate(2) == 72\n    assert candidate(3) == 288\n    assert candidate(4) == 800\n\ndef test_check():\n    check(cube_Sum)\n\ntest_check()\n",
      "timestamp": 1665510521,
      "stdout": "",
      "stderr": "",
      "exit_code": 0,
      "status": "OK"
    },
    {
      "program": "def cube_Sum(n: int) -> int:\n    \"\"\"\n\tWrite a python function to find the cube sum of first n even natural numbers.\n\t\"\"\"\n    return sum(i ** 3 for i in range(2, n * 2 + 1, 2))\n\n\ndef check(candidate):\n    assert candidate(2) == 72\n    assert candidate(3) == 288\n    assert candidate(4) == 800\n\ndef test_check():\n    check(cube_Sum)\n\ntest_check()\n",
      "timestamp": 1665510521,
      "stdout": "",
      "stderr": "",
      "exit_code": 0,
      "status": "OK"
    },
    {
      "program": "def cube_Sum(n: int) -> int:\n    \"\"\"\n\tWrite a python function to find the cube sum of first n even natural numbers.\n\t\"\"\"\n    return sum([i ** 3 for i in range(2, n * 2 + 1, 2)])\n\n\ndef check(candidate):\n    assert candidate(2) == 72\n    assert candidate(3) == 288\n    assert candidate(4) == 800\n\ndef test_check():\n    check(cube_Sum)\n\ntest_check()\n",
      "timestamp": 1665510521,
      "stdout": "",
      "stderr": "",
      "exit_code": 0,
      "status": "OK"
    },
    {
      "program": "def cube_Sum(n: int) -> int:\n    \"\"\"\n\tWrite a python function to find the cube sum of first n even natural numbers.\n\t\"\"\"\n    return sum([i ** 3 for i in range(2, n * 2 + 1, 2)])\n\n\ndef check(candidate):\n    assert candidate(2) == 72\n    assert candidate(3) == 288\n    assert candidate(4) == 800\n\ndef test_check():\n    check(cube_Sum)\n\ntest_check()\n",
      "timestamp": 1665510521,
      "stdout": "",
      "stderr": "",
      "exit_code": 0,
      "status": "OK"
    },
    {
      "program": "def cube_Sum(n: int) -> int:\n    \"\"\"\n\tWrite a python function to find the cube sum of first n even natural numbers.\n\t\"\"\"\n    return sum([i ** 3 for i in range(2, n + 1, 2)])\n\n\ndef check(candidate):\n    assert candidate(2) == 72\n    assert candidate(3) == 288\n    assert candidate(4) == 800\n\ndef test_check():\n    check(cube_Sum)\n\ntest_check()\n",
      "timestamp": 1665510521,
      "stdout": "",
      "stderr": "Traceback (most recent call last):\n  File \"/tmp/tmptamyc7i6.py\", line 16, in <module>\n    test_check()\n  File \"/tmp/tmptamyc7i6.py\", line 14, in test_check\n    check(cube_Sum)\n  File \"/tmp/tmptamyc7i6.py\", line 9, in check\n    assert candidate(2) == 72\nAssertionError\n",
      "exit_code": 1,
      "status": "Exception"
    },
    {
      "program": "def cube_Sum(n: int) -> int:\n    \"\"\"\n\tWrite a python function to find the cube sum of first n even natural numbers.\n\t\"\"\"\n    return sum([i ** 3 for i in range(2, n * 2 + 1, 2)])\n\n\ndef check(candidate):\n    assert candidate(2) == 72\n    assert candidate(3) == 288\n    assert candidate(4) == 800\n\ndef test_check():\n    check(cube_Sum)\n\ntest_check()\n",
      "timestamp": 1665510521,
      "stdout": "",
      "stderr": "",
      "exit_code": 0,
      "status": "OK"
    },
    {
      "program": "def cube_Sum(n: int) -> int:\n    \"\"\"\n\tWrite a python function to find the cube sum of first n even natural numbers.\n\t\"\"\"\n    return sum([i**3 for i in range(1, n+1) if i % 2 == 0])\n\n\ndef check(candidate):\n    assert candidate(2) == 72\n    assert candidate(3) == 288\n    assert candidate(4) == 800\n\ndef test_check():\n    check(cube_Sum)\n\ntest_check()\n",
      "timestamp": 1666123692,
      "stdout": "",
      "stderr": "Traceback (most recent call last):\n  File \"/tmp/tmpzy_3y1__.py\", line 16, in <module>\n    test_check()\n  File \"/tmp/tmpzy_3y1__.py\", line 14, in test_check\n    check(cube_Sum)\n  File \"/tmp/tmpzy_3y1__.py\", line 9, in check\n    assert candidate(2) == 72\nAssertionError\n",
      "exit_code": 1,
      "status": "Exception"
    },
    {
      "program": "def cube_Sum(n: int) -> int:\n    \"\"\"\n\tWrite a python function to find the cube sum of first n even natural numbers.\n\t\"\"\"\n    return sum([i ** 3 for i in range(2, n * 2 + 1, 2)])\n\n\ndef check(candidate):\n    assert candidate(2) == 72\n    assert candidate(3) == 288\n    assert candidate(4) == 800\n\ndef test_check():\n    check(cube_Sum)\n\ntest_check()\n",
      "timestamp": 1665510521,
      "stdout": "",
      "stderr": "",
      "exit_code": 0,
      "status": "OK"
    },
    {
      "program": "def cube_Sum(n: int) -> int:\n    \"\"\"\n\tWrite a python function to find the cube sum of first n even natural numbers.\n\t\"\"\"\n    return sum(map(lambda x: x ** 3, range(2, n * 2 + 1, 2)))\n\n\ndef check(candidate):\n    assert candidate(2) == 72\n    assert candidate(3) == 288\n    assert candidate(4) == 800\n\ndef test_check():\n    check(cube_Sum)\n\ntest_check()\n",
      "timestamp": 1665510521,
      "stdout": "",
      "stderr": "",
      "exit_code": 0,
      "status": "OK"
    },
    {
      "program": "def cube_Sum(n: int) -> int:\n    \"\"\"\n\tWrite a python function to find the cube sum of first n even natural numbers.\n\t\"\"\"\n    return sum([i ** 3 for i in range(2, n + 1, 2)])\n\n\ndef check(candidate):\n    assert candidate(2) == 72\n    assert candidate(3) == 288\n    assert candidate(4) == 800\n\ndef test_check():\n    check(cube_Sum)\n\ntest_check()\n",
      "timestamp": 1665510521,
      "stdout": "",
      "stderr": "Traceback (most recent call last):\n  File \"/tmp/tmptamyc7i6.py\", line 16, in <module>\n    test_check()\n  File \"/tmp/tmptamyc7i6.py\", line 14, in test_check\n    check(cube_Sum)\n  File \"/tmp/tmptamyc7i6.py\", line 9, in check\n    assert candidate(2) == 72\nAssertionError\n",
      "exit_code": 1,
      "status": "Exception"
    },
    {
      "program": "def cube_Sum(n: int) -> int:\n    \"\"\"\n\tWrite a python function to find the cube sum of first n even natural numbers.\n\t\"\"\"\n    return sum([i**3 for i in range(2, n*2+1, 2)])\n\n\ndef check(candidate):\n    assert candidate(2) == 72\n    assert candidate(3) == 288\n    assert candidate(4) == 800\n\ndef test_check():\n    check(cube_Sum)\n\ntest_check()\n",
      "timestamp": 1665510521,
      "stdout": "",
      "stderr": "",
      "exit_code": 0,
      "status": "OK"
    },
    {
      "program": "def cube_Sum(n: int) -> int:\n    \"\"\"\n\tWrite a python function to find the cube sum of first n even natural numbers.\n\t\"\"\"\n    return sum([i ** 3 for i in range(2, n + 1, 2)])\n\n\ndef check(candidate):\n    assert candidate(2) == 72\n    assert candidate(3) == 288\n    assert candidate(4) == 800\n\ndef test_check():\n    check(cube_Sum)\n\ntest_check()\n",
      "timestamp": 1665510521,
      "stdout": "",
      "stderr": "Traceback (most recent call last):\n  File \"/tmp/tmptamyc7i6.py\", line 16, in <module>\n    test_check()\n  File \"/tmp/tmptamyc7i6.py\", line 14, in test_check\n    check(cube_Sum)\n  File \"/tmp/tmptamyc7i6.py\", line 9, in check\n    assert candidate(2) == 72\nAssertionError\n",
      "exit_code": 1,
      "status": "Exception"
    },
    {
      "program": "def cube_Sum(n: int) -> int:\n    \"\"\"\n\tWrite a python function to find the cube sum of first n even natural numbers.\n\t\"\"\"\n    sum = 0\n    for i in range(1, n + 1):\n        sum += i ** 3\n    return sum\n\n\ndef check(candidate):\n    assert candidate(2) == 72\n    assert candidate(3) == 288\n    assert candidate(4) == 800\n\ndef test_check():\n    check(cube_Sum)\n\ntest_check()\n",
      "timestamp": 1665510521,
      "stdout": "",
      "stderr": "Traceback (most recent call last):\n  File \"/tmp/tmpajvlved1.py\", line 19, in <module>\n    test_check()\n  File \"/tmp/tmpajvlved1.py\", line 17, in test_check\n    check(cube_Sum)\n  File \"/tmp/tmpajvlved1.py\", line 12, in check\n    assert candidate(2) == 72\nAssertionError\n",
      "exit_code": 1,
      "status": "Exception"
    },
    {
      "program": "def cube_Sum(n: int) -> int:\n    \"\"\"\n\tWrite a python function to find the cube sum of first n even natural numbers.\n\t\"\"\"\n    return sum([i**3 for i in range(2, n*2+1, 2)])\n\n\ndef check(candidate):\n    assert candidate(2) == 72\n    assert candidate(3) == 288\n    assert candidate(4) == 800\n\ndef test_check():\n    check(cube_Sum)\n\ntest_check()\n",
      "timestamp": 1665510521,
      "stdout": "",
      "stderr": "",
      "exit_code": 0,
      "status": "OK"
    },
    {
      "program": "def cube_Sum(n: int) -> int:\n    \"\"\"\n\tWrite a python function to find the cube sum of first n even natural numbers.\n\t\"\"\"\n    return sum(i ** 3 for i in range(2, n + 1, 2))\n\n\ndef check(candidate):\n    assert candidate(2) == 72\n    assert candidate(3) == 288\n    assert candidate(4) == 800\n\ndef test_check():\n    check(cube_Sum)\n\ntest_check()\n",
      "timestamp": 1665510521,
      "stdout": "",
      "stderr": "Traceback (most recent call last):\n  File \"/tmp/tmp72s4ujme.py\", line 16, in <module>\n    test_check()\n  File \"/tmp/tmp72s4ujme.py\", line 14, in test_check\n    check(cube_Sum)\n  File \"/tmp/tmp72s4ujme.py\", line 9, in check\n    assert candidate(2) == 72\nAssertionError\n",
      "exit_code": 1,
      "status": "Exception"
    },
    {
      "program": "def cube_Sum(n: int) -> int:\n    \"\"\"\n\tWrite a python function to find the cube sum of first n even natural numbers.\n\t\"\"\"\n    return sum([i ** 3 for i in range(1, n + 1) if i % 2 == 0])\n\n\ndef check(candidate):\n    assert candidate(2) == 72\n    assert candidate(3) == 288\n    assert candidate(4) == 800\n\ndef test_check():\n    check(cube_Sum)\n\ntest_check()\n",
      "timestamp": 1666123692,
      "stdout": "",
      "stderr": "Traceback (most recent call last):\n  File \"/tmp/tmpek27svjp.py\", line 16, in <module>\n    test_check()\n  File \"/tmp/tmpek27svjp.py\", line 14, in test_check\n    check(cube_Sum)\n  File \"/tmp/tmpek27svjp.py\", line 9, in check\n    assert candidate(2) == 72\nAssertionError\n",
      "exit_code": 1,
      "status": "Exception"
    },
    {
      "program": "def cube_Sum(n: int) -> int:\n    \"\"\"\n\tWrite a python function to find the cube sum of first n even natural numbers.\n\t\"\"\"\n    return sum([i ** 3 for i in range(1, n + 1) if i % 2 == 0])\n\n\ndef check(candidate):\n    assert candidate(2) == 72\n    assert candidate(3) == 288\n    assert candidate(4) == 800\n\ndef test_check():\n    check(cube_Sum)\n\ntest_check()\n",
      "timestamp": 1666123692,
      "stdout": "",
      "stderr": "Traceback (most recent call last):\n  File \"/tmp/tmpek27svjp.py\", line 16, in <module>\n    test_check()\n  File \"/tmp/tmpek27svjp.py\", line 14, in test_check\n    check(cube_Sum)\n  File \"/tmp/tmpek27svjp.py\", line 9, in check\n    assert candidate(2) == 72\nAssertionError\n",
      "exit_code": 1,
      "status": "Exception"
    },
    {
      "program": "def cube_Sum(n: int) -> int:\n    \"\"\"\n\tWrite a python function to find the cube sum of first n even natural numbers.\n\t\"\"\"\n    return sum([i ** 3 for i in range(1, n + 1) if i % 2 == 0])\n\n\ndef check(candidate):\n    assert candidate(2) == 72\n    assert candidate(3) == 288\n    assert candidate(4) == 800\n\ndef test_check():\n    check(cube_Sum)\n\ntest_check()\n",
      "timestamp": 1666123692,
      "stdout": "",
      "stderr": "Traceback (most recent call last):\n  File \"/tmp/tmpek27svjp.py\", line 16, in <module>\n    test_check()\n  File \"/tmp/tmpek27svjp.py\", line 14, in test_check\n    check(cube_Sum)\n  File \"/tmp/tmpek27svjp.py\", line 9, in check\n    assert candidate(2) == 72\nAssertionError\n",
      "exit_code": 1,
      "status": "Exception"
    },
    {
      "program": "def cube_Sum(n: int) -> int:\n    \"\"\"\n\tWrite a python function to find the cube sum of first n even natural numbers.\n\t\"\"\"\n    return sum([i ** 3 for i in range(2, n * 2 + 1, 2)])\n\n\ndef check(candidate):\n    assert candidate(2) == 72\n    assert candidate(3) == 288\n    assert candidate(4) == 800\n\ndef test_check():\n    check(cube_Sum)\n\ntest_check()\n",
      "timestamp": 1665510521,
      "stdout": "",
      "stderr": "",
      "exit_code": 0,
      "status": "OK"
    },
    {
      "program": "def cube_Sum(n: int) -> int:\n    \"\"\"\n\tWrite a python function to find the cube sum of first n even natural numbers.\n\t\"\"\"\n    return sum([i ** 3 for i in range(2, n + 1, 2)])\n\n\ndef check(candidate):\n    assert candidate(2) == 72\n    assert candidate(3) == 288\n    assert candidate(4) == 800\n\ndef test_check():\n    check(cube_Sum)\n\ntest_check()\n",
      "timestamp": 1665510521,
      "stdout": "",
      "stderr": "Traceback (most recent call last):\n  File \"/tmp/tmptamyc7i6.py\", line 16, in <module>\n    test_check()\n  File \"/tmp/tmptamyc7i6.py\", line 14, in test_check\n    check(cube_Sum)\n  File \"/tmp/tmptamyc7i6.py\", line 9, in check\n    assert candidate(2) == 72\nAssertionError\n",
      "exit_code": 1,
      "status": "Exception"
    },
    {
      "program": "def cube_Sum(n: int) -> int:\n    \"\"\"\n\tWrite a python function to find the cube sum of first n even natural numbers.\n\t\"\"\"\n    return sum(map(lambda x: x ** 3, range(2, n * 2 + 1, 2)))\n\n\ndef check(candidate):\n    assert candidate(2) == 72\n    assert candidate(3) == 288\n    assert candidate(4) == 800\n\ndef test_check():\n    check(cube_Sum)\n\ntest_check()\n",
      "timestamp": 1665510521,
      "stdout": "",
      "stderr": "",
      "exit_code": 0,
      "status": "OK"
    },
    {
      "program": "def cube_Sum(n: int) -> int:\n    \"\"\"\n\tWrite a python function to find the cube sum of first n even natural numbers.\n\t\"\"\"\n    return sum([i ** 3 for i in range(2, n * 2 + 1, 2)])\n\n\ndef check(candidate):\n    assert candidate(2) == 72\n    assert candidate(3) == 288\n    assert candidate(4) == 800\n\ndef test_check():\n    check(cube_Sum)\n\ntest_check()\n",
      "timestamp": 1665510521,
      "stdout": "",
      "stderr": "",
      "exit_code": 0,
      "status": "OK"
    },
    {
      "program": "def cube_Sum(n: int) -> int:\n    \"\"\"\n\tWrite a python function to find the cube sum of first n even natural numbers.\n\t\"\"\"\n    return sum([i**3 for i in range(2, 2*n+1, 2)])\n\n\ndef check(candidate):\n    assert candidate(2) == 72\n    assert candidate(3) == 288\n    assert candidate(4) == 800\n\ndef test_check():\n    check(cube_Sum)\n\ntest_check()\n",
      "timestamp": 1666123692,
      "stdout": "",
      "stderr": "",
      "exit_code": 0,
      "status": "OK"
    },
    {
      "program": "def cube_Sum(n: int) -> int:\n    \"\"\"\n\tWrite a python function to find the cube sum of first n even natural numbers.\n\t\"\"\"\n    return sum([i**3 for i in range(1, n+1) if i % 2 == 0])\n\n\ndef check(candidate):\n    assert candidate(2) == 72\n    assert candidate(3) == 288\n    assert candidate(4) == 800\n\ndef test_check():\n    check(cube_Sum)\n\ntest_check()\n",
      "timestamp": 1666123692,
      "stdout": "",
      "stderr": "Traceback (most recent call last):\n  File \"/tmp/tmpzy_3y1__.py\", line 16, in <module>\n    test_check()\n  File \"/tmp/tmpzy_3y1__.py\", line 14, in test_check\n    check(cube_Sum)\n  File \"/tmp/tmpzy_3y1__.py\", line 9, in check\n    assert candidate(2) == 72\nAssertionError\n",
      "exit_code": 1,
      "status": "Exception"
    },
    {
      "program": "def cube_Sum(n: int) -> int:\n    \"\"\"\n\tWrite a python function to find the cube sum of first n even natural numbers.\n\t\"\"\"\n    return sum([i ** 3 for i in range(2, n + 1, 2)])\n\n\ndef check(candidate):\n    assert candidate(2) == 72\n    assert candidate(3) == 288\n    assert candidate(4) == 800\n\ndef test_check():\n    check(cube_Sum)\n\ntest_check()\n",
      "timestamp": 1665510521,
      "stdout": "",
      "stderr": "Traceback (most recent call last):\n  File \"/tmp/tmptamyc7i6.py\", line 16, in <module>\n    test_check()\n  File \"/tmp/tmptamyc7i6.py\", line 14, in test_check\n    check(cube_Sum)\n  File \"/tmp/tmptamyc7i6.py\", line 9, in check\n    assert candidate(2) == 72\nAssertionError\n",
      "exit_code": 1,
      "status": "Exception"
    },
    {
      "program": "def cube_Sum(n: int) -> int:\n    \"\"\"\n\tWrite a python function to find the cube sum of first n even natural numbers.\n\t\"\"\"\n    return sum(i ** 3 for i in range(2, n * 2 + 1, 2))\n\n\ndef check(candidate):\n    assert candidate(2) == 72\n    assert candidate(3) == 288\n    assert candidate(4) == 800\n\ndef test_check():\n    check(cube_Sum)\n\ntest_check()\n",
      "timestamp": 1665510521,
      "stdout": "",
      "stderr": "",
      "exit_code": 0,
      "status": "OK"
    },
    {
      "program": "def cube_Sum(n: int) -> int:\n    \"\"\"\n\tWrite a python function to find the cube sum of first n even natural numbers.\n\t\"\"\"\n    return sum([i ** 3 for i in range(2, n * 2 + 1, 2)])\n\n\ndef check(candidate):\n    assert candidate(2) == 72\n    assert candidate(3) == 288\n    assert candidate(4) == 800\n\ndef test_check():\n    check(cube_Sum)\n\ntest_check()\n",
      "timestamp": 1665510521,
      "stdout": "",
      "stderr": "",
      "exit_code": 0,
      "status": "OK"
    },
    {
      "program": "def cube_Sum(n: int) -> int:\n    \"\"\"\n\tWrite a python function to find the cube sum of first n even natural numbers.\n\t\"\"\"\n    return sum([i ** 3 for i in range(2, n * 2 + 1, 2)])\n\n\ndef check(candidate):\n    assert candidate(2) == 72\n    assert candidate(3) == 288\n    assert candidate(4) == 800\n\ndef test_check():\n    check(cube_Sum)\n\ntest_check()\n",
      "timestamp": 1665510521,
      "stdout": "",
      "stderr": "",
      "exit_code": 0,
      "status": "OK"
    },
    {
      "program": "def cube_Sum(n: int) -> int:\n    \"\"\"\n\tWrite a python function to find the cube sum of first n even natural numbers.\n\t\"\"\"\n    sum = 0\n    for i in range(2, n + 1, 2):\n        sum += i ** 3\n    return sum\n\n\ndef check(candidate):\n    assert candidate(2) == 72\n    assert candidate(3) == 288\n    assert candidate(4) == 800\n\ndef test_check():\n    check(cube_Sum)\n\ntest_check()\n",
      "timestamp": 1665510521,
      "stdout": "",
      "stderr": "Traceback (most recent call last):\n  File \"/tmp/tmpflgbwp9k.py\", line 19, in <module>\n    test_check()\n  File \"/tmp/tmpflgbwp9k.py\", line 17, in test_check\n    check(cube_Sum)\n  File \"/tmp/tmpflgbwp9k.py\", line 12, in check\n    assert candidate(2) == 72\nAssertionError\n",
      "exit_code": 1,
      "status": "Exception"
    },
    {
      "program": "def cube_Sum(n: int) -> int:\n    \"\"\"\n\tWrite a python function to find the cube sum of first n even natural numbers.\n\t\"\"\"\n    return sum([i ** 3 for i in range(2, n + 1, 2)])\n\n\ndef check(candidate):\n    assert candidate(2) == 72\n    assert candidate(3) == 288\n    assert candidate(4) == 800\n\ndef test_check():\n    check(cube_Sum)\n\ntest_check()\n",
      "timestamp": 1665510521,
      "stdout": "",
      "stderr": "Traceback (most recent call last):\n  File \"/tmp/tmptamyc7i6.py\", line 16, in <module>\n    test_check()\n  File \"/tmp/tmptamyc7i6.py\", line 14, in test_check\n    check(cube_Sum)\n  File \"/tmp/tmptamyc7i6.py\", line 9, in check\n    assert candidate(2) == 72\nAssertionError\n",
      "exit_code": 1,
      "status": "Exception"
    },
    {
      "program": "def cube_Sum(n: int) -> int:\n    \"\"\"\n\tWrite a python function to find the cube sum of first n even natural numbers.\n\t\"\"\"\n    return sum([i**3 for i in range(2, n*2+1, 2)])\n\n\ndef check(candidate):\n    assert candidate(2) == 72\n    assert candidate(3) == 288\n    assert candidate(4) == 800\n\ndef test_check():\n    check(cube_Sum)\n\ntest_check()\n",
      "timestamp": 1665510521,
      "stdout": "",
      "stderr": "",
      "exit_code": 0,
      "status": "OK"
    },
    {
      "program": "def cube_Sum(n: int) -> int:\n    \"\"\"\n\tWrite a python function to find the cube sum of first n even natural numbers.\n\t\"\"\"\n    return sum([i ** 3 for i in range(2, n * 2 + 1, 2)])\n\n\ndef check(candidate):\n    assert candidate(2) == 72\n    assert candidate(3) == 288\n    assert candidate(4) == 800\n\ndef test_check():\n    check(cube_Sum)\n\ntest_check()\n",
      "timestamp": 1665510521,
      "stdout": "",
      "stderr": "",
      "exit_code": 0,
      "status": "OK"
    },
    {
      "program": "def cube_Sum(n: int) -> int:\n    \"\"\"\n\tWrite a python function to find the cube sum of first n even natural numbers.\n\t\"\"\"\n    sum = 0\n    for i in range(2, n + 1, 2):\n        sum += i ** 3\n    return sum\n\n\ndef check(candidate):\n    assert candidate(2) == 72\n    assert candidate(3) == 288\n    assert candidate(4) == 800\n\ndef test_check():\n    check(cube_Sum)\n\ntest_check()\n",
      "timestamp": 1665510521,
      "stdout": "",
      "stderr": "Traceback (most recent call last):\n  File \"/tmp/tmpflgbwp9k.py\", line 19, in <module>\n    test_check()\n  File \"/tmp/tmpflgbwp9k.py\", line 17, in test_check\n    check(cube_Sum)\n  File \"/tmp/tmpflgbwp9k.py\", line 12, in check\n    assert candidate(2) == 72\nAssertionError\n",
      "exit_code": 1,
      "status": "Exception"
    },
    {
      "program": "def cube_Sum(n: int) -> int:\n    \"\"\"\n\tWrite a python function to find the cube sum of first n even natural numbers.\n\t\"\"\"\n    return sum(map(lambda x: x ** 3, range(2, n * 2 + 1, 2)))\n\n\ndef check(candidate):\n    assert candidate(2) == 72\n    assert candidate(3) == 288\n    assert candidate(4) == 800\n\ndef test_check():\n    check(cube_Sum)\n\ntest_check()\n",
      "timestamp": 1665510521,
      "stdout": "",
      "stderr": "",
      "exit_code": 0,
      "status": "OK"
    },
    {
      "program": "def cube_Sum(n: int) -> int:\n    \"\"\"\n\tWrite a python function to find the cube sum of first n even natural numbers.\n\t\"\"\"\n    return sum([i**3 for i in range(2, n*2+1, 2)])\n\n\ndef check(candidate):\n    assert candidate(2) == 72\n    assert candidate(3) == 288\n    assert candidate(4) == 800\n\ndef test_check():\n    check(cube_Sum)\n\ntest_check()\n",
      "timestamp": 1665510521,
      "stdout": "",
      "stderr": "",
      "exit_code": 0,
      "status": "OK"
    },
    {
      "program": "def cube_Sum(n: int) -> int:\n    \"\"\"\n\tWrite a python function to find the cube sum of first n even natural numbers.\n\t\"\"\"\n    return sum([i ** 3 for i in range(2, n * 2 + 1, 2)])\n\n\ndef check(candidate):\n    assert candidate(2) == 72\n    assert candidate(3) == 288\n    assert candidate(4) == 800\n\ndef test_check():\n    check(cube_Sum)\n\ntest_check()\n",
      "timestamp": 1665510521,
      "stdout": "",
      "stderr": "",
      "exit_code": 0,
      "status": "OK"
    },
    {
      "program": "def cube_Sum(n: int) -> int:\n    \"\"\"\n\tWrite a python function to find the cube sum of first n even natural numbers.\n\t\"\"\"\n    return sum([i ** 3 for i in range(2, n * 2 + 1, 2)])\n\n\ndef check(candidate):\n    assert candidate(2) == 72\n    assert candidate(3) == 288\n    assert candidate(4) == 800\n\ndef test_check():\n    check(cube_Sum)\n\ntest_check()\n",
      "timestamp": 1665510521,
      "stdout": "",
      "stderr": "",
      "exit_code": 0,
      "status": "OK"
    },
    {
      "program": "def cube_Sum(n: int) -> int:\n    \"\"\"\n\tWrite a python function to find the cube sum of first n even natural numbers.\n\t\"\"\"\n    return sum(i**3 for i in range(2, n*2+1, 2))\n\n\ndef check(candidate):\n    assert candidate(2) == 72\n    assert candidate(3) == 288\n    assert candidate(4) == 800\n\ndef test_check():\n    check(cube_Sum)\n\ntest_check()\n",
      "timestamp": 1666123692,
      "stdout": "",
      "stderr": "",
      "exit_code": 0,
      "status": "OK"
    },
    {
      "program": "def cube_Sum(n: int) -> int:\n    \"\"\"\n\tWrite a python function to find the cube sum of first n even natural numbers.\n\t\"\"\"\n    return sum([i ** 3 for i in range(2, n * 2 + 1, 2)])\n\n\ndef check(candidate):\n    assert candidate(2) == 72\n    assert candidate(3) == 288\n    assert candidate(4) == 800\n\ndef test_check():\n    check(cube_Sum)\n\ntest_check()\n",
      "timestamp": 1665510521,
      "stdout": "",
      "stderr": "",
      "exit_code": 0,
      "status": "OK"
    },
    {
      "program": "def cube_Sum(n: int) -> int:\n    \"\"\"\n\tWrite a python function to find the cube sum of first n even natural numbers.\n\t\"\"\"\n    return sum([i ** 3 for i in range(2, n * 2 + 1, 2)])\n\n\ndef check(candidate):\n    assert candidate(2) == 72\n    assert candidate(3) == 288\n    assert candidate(4) == 800\n\ndef test_check():\n    check(cube_Sum)\n\ntest_check()\n",
      "timestamp": 1665510521,
      "stdout": "",
      "stderr": "",
      "exit_code": 0,
      "status": "OK"
    },
    {
      "program": "def cube_Sum(n: int) -> int:\n    \"\"\"\n\tWrite a python function to find the cube sum of first n even natural numbers.\n\t\"\"\"\n    return sum(i ** 3 for i in range(2, n + 1, 2))\n\n\ndef check(candidate):\n    assert candidate(2) == 72\n    assert candidate(3) == 288\n    assert candidate(4) == 800\n\ndef test_check():\n    check(cube_Sum)\n\ntest_check()\n",
      "timestamp": 1665510521,
      "stdout": "",
      "stderr": "Traceback (most recent call last):\n  File \"/tmp/tmp72s4ujme.py\", line 16, in <module>\n    test_check()\n  File \"/tmp/tmp72s4ujme.py\", line 14, in test_check\n    check(cube_Sum)\n  File \"/tmp/tmp72s4ujme.py\", line 9, in check\n    assert candidate(2) == 72\nAssertionError\n",
      "exit_code": 1,
      "status": "Exception"
    },
    {
      "program": "def cube_Sum(n: int) -> int:\n    \"\"\"\n\tWrite a python function to find the cube sum of first n even natural numbers.\n\t\"\"\"\n    return sum([i ** 3 for i in range(2, n * 2 + 1, 2)])\n\n\ndef check(candidate):\n    assert candidate(2) == 72\n    assert candidate(3) == 288\n    assert candidate(4) == 800\n\ndef test_check():\n    check(cube_Sum)\n\ntest_check()\n",
      "timestamp": 1665510521,
      "stdout": "",
      "stderr": "",
      "exit_code": 0,
      "status": "OK"
    },
    {
      "program": "def cube_Sum(n: int) -> int:\n    \"\"\"\n\tWrite a python function to find the cube sum of first n even natural numbers.\n\t\"\"\"\n    return sum([i ** 3 for i in range(2, n + 1, 2)])\n\n\ndef check(candidate):\n    assert candidate(2) == 72\n    assert candidate(3) == 288\n    assert candidate(4) == 800\n\ndef test_check():\n    check(cube_Sum)\n\ntest_check()\n",
      "timestamp": 1665510521,
      "stdout": "",
      "stderr": "Traceback (most recent call last):\n  File \"/tmp/tmptamyc7i6.py\", line 16, in <module>\n    test_check()\n  File \"/tmp/tmptamyc7i6.py\", line 14, in test_check\n    check(cube_Sum)\n  File \"/tmp/tmptamyc7i6.py\", line 9, in check\n    assert candidate(2) == 72\nAssertionError\n",
      "exit_code": 1,
      "status": "Exception"
    },
    {
      "program": "def cube_Sum(n: int) -> int:\n    \"\"\"\n\tWrite a python function to find the cube sum of first n even natural numbers.\n\t\"\"\"\n    return sum([i ** 3 for i in range(2, n * 2 + 1, 2)])\n\n\ndef check(candidate):\n    assert candidate(2) == 72\n    assert candidate(3) == 288\n    assert candidate(4) == 800\n\ndef test_check():\n    check(cube_Sum)\n\ntest_check()\n",
      "timestamp": 1665510521,
      "stdout": "",
      "stderr": "",
      "exit_code": 0,
      "status": "OK"
    },
    {
      "program": "def cube_Sum(n: int) -> int:\n    \"\"\"\n\tWrite a python function to find the cube sum of first n even natural numbers.\n\t\"\"\"\n    return sum([i**3 for i in range(2, n+1, 2)])\n\n\ndef check(candidate):\n    assert candidate(2) == 72\n    assert candidate(3) == 288\n    assert candidate(4) == 800\n\ndef test_check():\n    check(cube_Sum)\n\ntest_check()\n",
      "timestamp": 1666123692,
      "stdout": "",
      "stderr": "Traceback (most recent call last):\n  File \"/tmp/tmpqew6e2pg.py\", line 16, in <module>\n    test_check()\n  File \"/tmp/tmpqew6e2pg.py\", line 14, in test_check\n    check(cube_Sum)\n  File \"/tmp/tmpqew6e2pg.py\", line 9, in check\n    assert candidate(2) == 72\nAssertionError\n",
      "exit_code": 1,
      "status": "Exception"
    },
    {
      "program": "def cube_Sum(n: int) -> int:\n    \"\"\"\n\tWrite a python function to find the cube sum of first n even natural numbers.\n\t\"\"\"\n    sum = 0\n    for i in range(2, n + 1, 2):\n        sum += i ** 3\n    return sum\n\n\ndef check(candidate):\n    assert candidate(2) == 72\n    assert candidate(3) == 288\n    assert candidate(4) == 800\n\ndef test_check():\n    check(cube_Sum)\n\ntest_check()\n",
      "timestamp": 1665510521,
      "stdout": "",
      "stderr": "Traceback (most recent call last):\n  File \"/tmp/tmpflgbwp9k.py\", line 19, in <module>\n    test_check()\n  File \"/tmp/tmpflgbwp9k.py\", line 17, in test_check\n    check(cube_Sum)\n  File \"/tmp/tmpflgbwp9k.py\", line 12, in check\n    assert candidate(2) == 72\nAssertionError\n",
      "exit_code": 1,
      "status": "Exception"
    },
    {
      "program": "def cube_Sum(n: int) -> int:\n    \"\"\"\n\tWrite a python function to find the cube sum of first n even natural numbers.\n\t\"\"\"\n    return sum([i ** 3 for i in range(2, n * 2 + 1, 2)])\n\n\ndef check(candidate):\n    assert candidate(2) == 72\n    assert candidate(3) == 288\n    assert candidate(4) == 800\n\ndef test_check():\n    check(cube_Sum)\n\ntest_check()\n",
      "timestamp": 1665510521,
      "stdout": "",
      "stderr": "",
      "exit_code": 0,
      "status": "OK"
    },
    {
      "program": "def cube_Sum(n: int) -> int:\n    \"\"\"\n\tWrite a python function to find the cube sum of first n even natural numbers.\n\t\"\"\"\n    return sum([i ** 3 for i in range(2, n * 2 + 1, 2)])\n\n\ndef check(candidate):\n    assert candidate(2) == 72\n    assert candidate(3) == 288\n    assert candidate(4) == 800\n\ndef test_check():\n    check(cube_Sum)\n\ntest_check()\n",
      "timestamp": 1665510521,
      "stdout": "",
      "stderr": "",
      "exit_code": 0,
      "status": "OK"
    },
    {
      "program": "def cube_Sum(n: int) -> int:\n    \"\"\"\n\tWrite a python function to find the cube sum of first n even natural numbers.\n\t\"\"\"\n    return sum([i ** 3 for i in range(2, n * 2 + 1, 2)])\n\n\ndef check(candidate):\n    assert candidate(2) == 72\n    assert candidate(3) == 288\n    assert candidate(4) == 800\n\ndef test_check():\n    check(cube_Sum)\n\ntest_check()\n",
      "timestamp": 1665510521,
      "stdout": "",
      "stderr": "",
      "exit_code": 0,
      "status": "OK"
    },
    {
      "program": "def cube_Sum(n: int) -> int:\n    \"\"\"\n\tWrite a python function to find the cube sum of first n even natural numbers.\n\t\"\"\"\n    return sum(i ** 3 for i in range(2, n + 1, 2))\n\n\ndef check(candidate):\n    assert candidate(2) == 72\n    assert candidate(3) == 288\n    assert candidate(4) == 800\n\ndef test_check():\n    check(cube_Sum)\n\ntest_check()\n",
      "timestamp": 1665510521,
      "stdout": "",
      "stderr": "Traceback (most recent call last):\n  File \"/tmp/tmp72s4ujme.py\", line 16, in <module>\n    test_check()\n  File \"/tmp/tmp72s4ujme.py\", line 14, in test_check\n    check(cube_Sum)\n  File \"/tmp/tmp72s4ujme.py\", line 9, in check\n    assert candidate(2) == 72\nAssertionError\n",
      "exit_code": 1,
      "status": "Exception"
    },
    {
      "program": "def cube_Sum(n: int) -> int:\n    \"\"\"\n\tWrite a python function to find the cube sum of first n even natural numbers.\n\t\"\"\"\n    return sum([i ** 3 for i in range(2, n + 1, 2)])\n\n\ndef check(candidate):\n    assert candidate(2) == 72\n    assert candidate(3) == 288\n    assert candidate(4) == 800\n\ndef test_check():\n    check(cube_Sum)\n\ntest_check()\n",
      "timestamp": 1665510521,
      "stdout": "",
      "stderr": "Traceback (most recent call last):\n  File \"/tmp/tmptamyc7i6.py\", line 16, in <module>\n    test_check()\n  File \"/tmp/tmptamyc7i6.py\", line 14, in test_check\n    check(cube_Sum)\n  File \"/tmp/tmptamyc7i6.py\", line 9, in check\n    assert candidate(2) == 72\nAssertionError\n",
      "exit_code": 1,
      "status": "Exception"
    },
    {
      "program": "def cube_Sum(n: int) -> int:\n    \"\"\"\n\tWrite a python function to find the cube sum of first n even natural numbers.\n\t\"\"\"\n    return sum([i ** 3 for i in range(2, n * 2 + 1, 2)])\n\n\ndef check(candidate):\n    assert candidate(2) == 72\n    assert candidate(3) == 288\n    assert candidate(4) == 800\n\ndef test_check():\n    check(cube_Sum)\n\ntest_check()\n",
      "timestamp": 1665510521,
      "stdout": "",
      "stderr": "",
      "exit_code": 0,
      "status": "OK"
    },
    {
      "program": "def cube_Sum(n: int) -> int:\n    \"\"\"\n\tWrite a python function to find the cube sum of first n even natural numbers.\n\t\"\"\"\n    return sum([i**3 for i in range(2, n*2+1, 2)])\n\n\ndef check(candidate):\n    assert candidate(2) == 72\n    assert candidate(3) == 288\n    assert candidate(4) == 800\n\ndef test_check():\n    check(cube_Sum)\n\ntest_check()\n",
      "timestamp": 1665510521,
      "stdout": "",
      "stderr": "",
      "exit_code": 0,
      "status": "OK"
    },
    {
      "program": "def cube_Sum(n: int) -> int:\n    \"\"\"\n\tWrite a python function to find the cube sum of first n even natural numbers.\n\t\"\"\"\n    return sum([i ** 3 for i in range(2, n * 2 + 1, 2)])\n\n\ndef check(candidate):\n    assert candidate(2) == 72\n    assert candidate(3) == 288\n    assert candidate(4) == 800\n\ndef test_check():\n    check(cube_Sum)\n\ntest_check()\n",
      "timestamp": 1665510521,
      "stdout": "",
      "stderr": "",
      "exit_code": 0,
      "status": "OK"
    },
    {
      "program": "def cube_Sum(n: int) -> int:\n    \"\"\"\n\tWrite a python function to find the cube sum of first n even natural numbers.\n\t\"\"\"\n    return sum([i ** 3 for i in range(2, n * 2 + 1, 2)])\n\n\ndef check(candidate):\n    assert candidate(2) == 72\n    assert candidate(3) == 288\n    assert candidate(4) == 800\n\ndef test_check():\n    check(cube_Sum)\n\ntest_check()\n",
      "timestamp": 1665510521,
      "stdout": "",
      "stderr": "",
      "exit_code": 0,
      "status": "OK"
    },
    {
      "program": "def cube_Sum(n: int) -> int:\n    \"\"\"\n\tWrite a python function to find the cube sum of first n even natural numbers.\n\t\"\"\"\n    return sum([i**3 for i in range(2, n*2+1, 2)])\n\n\ndef check(candidate):\n    assert candidate(2) == 72\n    assert candidate(3) == 288\n    assert candidate(4) == 800\n\ndef test_check():\n    check(cube_Sum)\n\ntest_check()\n",
      "timestamp": 1665510521,
      "stdout": "",
      "stderr": "",
      "exit_code": 0,
      "status": "OK"
    },
    {
      "program": "def cube_Sum(n: int) -> int:\n    \"\"\"\n\tWrite a python function to find the cube sum of first n even natural numbers.\n\t\"\"\"\n    return sum([i ** 3 for i in range(2, n + 1, 2)])\n\n\ndef check(candidate):\n    assert candidate(2) == 72\n    assert candidate(3) == 288\n    assert candidate(4) == 800\n\ndef test_check():\n    check(cube_Sum)\n\ntest_check()\n",
      "timestamp": 1665510521,
      "stdout": "",
      "stderr": "Traceback (most recent call last):\n  File \"/tmp/tmptamyc7i6.py\", line 16, in <module>\n    test_check()\n  File \"/tmp/tmptamyc7i6.py\", line 14, in test_check\n    check(cube_Sum)\n  File \"/tmp/tmptamyc7i6.py\", line 9, in check\n    assert candidate(2) == 72\nAssertionError\n",
      "exit_code": 1,
      "status": "Exception"
    },
    {
      "program": "def cube_Sum(n: int) -> int:\n    \"\"\"\n\tWrite a python function to find the cube sum of first n even natural numbers.\n\t\"\"\"\n    return sum([i ** 3 for i in range(2, n * 2 + 1, 2)])\n\n\ndef check(candidate):\n    assert candidate(2) == 72\n    assert candidate(3) == 288\n    assert candidate(4) == 800\n\ndef test_check():\n    check(cube_Sum)\n\ntest_check()\n",
      "timestamp": 1665510521,
      "stdout": "",
      "stderr": "",
      "exit_code": 0,
      "status": "OK"
    },
    {
      "program": "def cube_Sum(n: int) -> int:\n    \"\"\"\n\tWrite a python function to find the cube sum of first n even natural numbers.\n\t\"\"\"\n    return sum([i ** 3 for i in range(2, n + 1, 2)])\n\n\ndef check(candidate):\n    assert candidate(2) == 72\n    assert candidate(3) == 288\n    assert candidate(4) == 800\n\ndef test_check():\n    check(cube_Sum)\n\ntest_check()\n",
      "timestamp": 1665510521,
      "stdout": "",
      "stderr": "Traceback (most recent call last):\n  File \"/tmp/tmptamyc7i6.py\", line 16, in <module>\n    test_check()\n  File \"/tmp/tmptamyc7i6.py\", line 14, in test_check\n    check(cube_Sum)\n  File \"/tmp/tmptamyc7i6.py\", line 9, in check\n    assert candidate(2) == 72\nAssertionError\n",
      "exit_code": 1,
      "status": "Exception"
    },
    {
      "program": "def cube_Sum(n: int) -> int:\n    \"\"\"\n\tWrite a python function to find the cube sum of first n even natural numbers.\n\t\"\"\"\n    return sum([i ** 3 for i in range(2, n * 2 + 1, 2)])\n\n\ndef check(candidate):\n    assert candidate(2) == 72\n    assert candidate(3) == 288\n    assert candidate(4) == 800\n\ndef test_check():\n    check(cube_Sum)\n\ntest_check()\n",
      "timestamp": 1665510521,
      "stdout": "",
      "stderr": "",
      "exit_code": 0,
      "status": "OK"
    },
    {
      "program": "def cube_Sum(n: int) -> int:\n    \"\"\"\n\tWrite a python function to find the cube sum of first n even natural numbers.\n\t\"\"\"\n    return sum([i ** 3 for i in range(1, n + 1) if i % 2 == 0])\n\n\ndef check(candidate):\n    assert candidate(2) == 72\n    assert candidate(3) == 288\n    assert candidate(4) == 800\n\ndef test_check():\n    check(cube_Sum)\n\ntest_check()\n",
      "timestamp": 1666123692,
      "stdout": "",
      "stderr": "Traceback (most recent call last):\n  File \"/tmp/tmpek27svjp.py\", line 16, in <module>\n    test_check()\n  File \"/tmp/tmpek27svjp.py\", line 14, in test_check\n    check(cube_Sum)\n  File \"/tmp/tmpek27svjp.py\", line 9, in check\n    assert candidate(2) == 72\nAssertionError\n",
      "exit_code": 1,
      "status": "Exception"
    },
    {
      "program": "def cube_Sum(n: int) -> int:\n    \"\"\"\n\tWrite a python function to find the cube sum of first n even natural numbers.\n\t\"\"\"\n    sum = 0\n    for i in range(2, n + 1, 2):\n        sum += i ** 3\n    return sum\n\n\ndef check(candidate):\n    assert candidate(2) == 72\n    assert candidate(3) == 288\n    assert candidate(4) == 800\n\ndef test_check():\n    check(cube_Sum)\n\ntest_check()\n",
      "timestamp": 1665510521,
      "stdout": "",
      "stderr": "Traceback (most recent call last):\n  File \"/tmp/tmpflgbwp9k.py\", line 19, in <module>\n    test_check()\n  File \"/tmp/tmpflgbwp9k.py\", line 17, in test_check\n    check(cube_Sum)\n  File \"/tmp/tmpflgbwp9k.py\", line 12, in check\n    assert candidate(2) == 72\nAssertionError\n",
      "exit_code": 1,
      "status": "Exception"
    },
    {
      "program": "def cube_Sum(n: int) -> int:\n    \"\"\"\n\tWrite a python function to find the cube sum of first n even natural numbers.\n\t\"\"\"\n    return sum([i ** 3 for i in range(2, n * 2 + 1, 2)])\n\n\ndef check(candidate):\n    assert candidate(2) == 72\n    assert candidate(3) == 288\n    assert candidate(4) == 800\n\ndef test_check():\n    check(cube_Sum)\n\ntest_check()\n",
      "timestamp": 1665510521,
      "stdout": "",
      "stderr": "",
      "exit_code": 0,
      "status": "OK"
    },
    {
      "program": "def cube_Sum(n: int) -> int:\n    \"\"\"\n\tWrite a python function to find the cube sum of first n even natural numbers.\n\t\"\"\"\n    return sum([i ** 3 for i in range(2, n * 2 + 1, 2)])\n\n\ndef check(candidate):\n    assert candidate(2) == 72\n    assert candidate(3) == 288\n    assert candidate(4) == 800\n\ndef test_check():\n    check(cube_Sum)\n\ntest_check()\n",
      "timestamp": 1665510521,
      "stdout": "",
      "stderr": "",
      "exit_code": 0,
      "status": "OK"
    },
    {
      "program": "def cube_Sum(n: int) -> int:\n    \"\"\"\n\tWrite a python function to find the cube sum of first n even natural numbers.\n\t\"\"\"\n    return sum([i ** 3 for i in range(2, n * 2 + 1, 2)])\n\n\ndef check(candidate):\n    assert candidate(2) == 72\n    assert candidate(3) == 288\n    assert candidate(4) == 800\n\ndef test_check():\n    check(cube_Sum)\n\ntest_check()\n",
      "timestamp": 1665510521,
      "stdout": "",
      "stderr": "",
      "exit_code": 0,
      "status": "OK"
    },
    {
      "program": "def cube_Sum(n: int) -> int:\n    \"\"\"\n\tWrite a python function to find the cube sum of first n even natural numbers.\n\t\"\"\"\n    return sum(map(lambda x: x ** 3, range(2, n * 2 + 1, 2)))\n\n\ndef check(candidate):\n    assert candidate(2) == 72\n    assert candidate(3) == 288\n    assert candidate(4) == 800\n\ndef test_check():\n    check(cube_Sum)\n\ntest_check()\n",
      "timestamp": 1665510521,
      "stdout": "",
      "stderr": "",
      "exit_code": 0,
      "status": "OK"
    },
    {
      "program": "def cube_Sum(n: int) -> int:\n    \"\"\"\n\tWrite a python function to find the cube sum of first n even natural numbers.\n\t\"\"\"\n    return sum([i**3 for i in range(2, n*2+1, 2)])\n\n\ndef check(candidate):\n    assert candidate(2) == 72\n    assert candidate(3) == 288\n    assert candidate(4) == 800\n\ndef test_check():\n    check(cube_Sum)\n\ntest_check()\n",
      "timestamp": 1665510521,
      "stdout": "",
      "stderr": "",
      "exit_code": 0,
      "status": "OK"
    },
    {
      "program": "def cube_Sum(n: int) -> int:\n    \"\"\"\n\tWrite a python function to find the cube sum of first n even natural numbers.\n\t\"\"\"\n    return sum([i ** 3 for i in range(2, n + 1, 2)])\n\n\ndef check(candidate):\n    assert candidate(2) == 72\n    assert candidate(3) == 288\n    assert candidate(4) == 800\n\ndef test_check():\n    check(cube_Sum)\n\ntest_check()\n",
      "timestamp": 1665510521,
      "stdout": "",
      "stderr": "Traceback (most recent call last):\n  File \"/tmp/tmptamyc7i6.py\", line 16, in <module>\n    test_check()\n  File \"/tmp/tmptamyc7i6.py\", line 14, in test_check\n    check(cube_Sum)\n  File \"/tmp/tmptamyc7i6.py\", line 9, in check\n    assert candidate(2) == 72\nAssertionError\n",
      "exit_code": 1,
      "status": "Exception"
    },
    {
      "program": "def cube_Sum(n: int) -> int:\n    \"\"\"\n\tWrite a python function to find the cube sum of first n even natural numbers.\n\t\"\"\"\n    return sum(i**3 for i in range(2, n*2+1, 2))\n\n\ndef check(candidate):\n    assert candidate(2) == 72\n    assert candidate(3) == 288\n    assert candidate(4) == 800\n\ndef test_check():\n    check(cube_Sum)\n\ntest_check()\n",
      "timestamp": 1666123692,
      "stdout": "",
      "stderr": "",
      "exit_code": 0,
      "status": "OK"
    },
    {
      "program": "def cube_Sum(n: int) -> int:\n    \"\"\"\n\tWrite a python function to find the cube sum of first n even natural numbers.\n\t\"\"\"\n    return sum([i**3 for i in range(1, n+1) if i % 2 == 0])\n\n\ndef check(candidate):\n    assert candidate(2) == 72\n    assert candidate(3) == 288\n    assert candidate(4) == 800\n\ndef test_check():\n    check(cube_Sum)\n\ntest_check()\n",
      "timestamp": 1666123692,
      "stdout": "",
      "stderr": "Traceback (most recent call last):\n  File \"/tmp/tmpzy_3y1__.py\", line 16, in <module>\n    test_check()\n  File \"/tmp/tmpzy_3y1__.py\", line 14, in test_check\n    check(cube_Sum)\n  File \"/tmp/tmpzy_3y1__.py\", line 9, in check\n    assert candidate(2) == 72\nAssertionError\n",
      "exit_code": 1,
      "status": "Exception"
    },
    {
      "program": "def cube_Sum(n: int) -> int:\n    \"\"\"\n\tWrite a python function to find the cube sum of first n even natural numbers.\n\t\"\"\"\n    return sum([i ** 3 for i in range(2, n * 2 + 1, 2)])\n\n\ndef check(candidate):\n    assert candidate(2) == 72\n    assert candidate(3) == 288\n    assert candidate(4) == 800\n\ndef test_check():\n    check(cube_Sum)\n\ntest_check()\n",
      "timestamp": 1665510521,
      "stdout": "",
      "stderr": "",
      "exit_code": 0,
      "status": "OK"
    },
    {
      "program": "def cube_Sum(n: int) -> int:\n    \"\"\"\n\tWrite a python function to find the cube sum of first n even natural numbers.\n\t\"\"\"\n    return sum([i**3 for i in range(2, n*2+1, 2)])\n\n\ndef check(candidate):\n    assert candidate(2) == 72\n    assert candidate(3) == 288\n    assert candidate(4) == 800\n\ndef test_check():\n    check(cube_Sum)\n\ntest_check()\n",
      "timestamp": 1665510521,
      "stdout": "",
      "stderr": "",
      "exit_code": 0,
      "status": "OK"
    },
    {
      "program": "def cube_Sum(n: int) -> int:\n    \"\"\"\n\tWrite a python function to find the cube sum of first n even natural numbers.\n\t\"\"\"\n    return sum([i ** 3 for i in range(2, n * 2 + 1, 2)])\n\n\ndef check(candidate):\n    assert candidate(2) == 72\n    assert candidate(3) == 288\n    assert candidate(4) == 800\n\ndef test_check():\n    check(cube_Sum)\n\ntest_check()\n",
      "timestamp": 1665510521,
      "stdout": "",
      "stderr": "",
      "exit_code": 0,
      "status": "OK"
    },
    {
      "program": "def cube_Sum(n: int) -> int:\n    \"\"\"\n\tWrite a python function to find the cube sum of first n even natural numbers.\n\t\"\"\"\n    return sum(i ** 3 for i in range(2, n + 1, 2))\n\n\ndef check(candidate):\n    assert candidate(2) == 72\n    assert candidate(3) == 288\n    assert candidate(4) == 800\n\ndef test_check():\n    check(cube_Sum)\n\ntest_check()\n",
      "timestamp": 1665510521,
      "stdout": "",
      "stderr": "Traceback (most recent call last):\n  File \"/tmp/tmp72s4ujme.py\", line 16, in <module>\n    test_check()\n  File \"/tmp/tmp72s4ujme.py\", line 14, in test_check\n    check(cube_Sum)\n  File \"/tmp/tmp72s4ujme.py\", line 9, in check\n    assert candidate(2) == 72\nAssertionError\n",
      "exit_code": 1,
      "status": "Exception"
    },
    {
      "program": "def cube_Sum(n: int) -> int:\n    \"\"\"\n\tWrite a python function to find the cube sum of first n even natural numbers.\n\t\"\"\"\n    return sum([i ** 3 for i in range(2, n * 2 + 1, 2)])\n\n\ndef check(candidate):\n    assert candidate(2) == 72\n    assert candidate(3) == 288\n    assert candidate(4) == 800\n\ndef test_check():\n    check(cube_Sum)\n\ntest_check()\n",
      "timestamp": 1665510521,
      "stdout": "",
      "stderr": "",
      "exit_code": 0,
      "status": "OK"
    },
    {
      "program": "def cube_Sum(n: int) -> int:\n    \"\"\"\n\tWrite a python function to find the cube sum of first n even natural numbers.\n\t\"\"\"\n    return sum(i ** 3 for i in range(2, n + 1, 2))\n\n\ndef check(candidate):\n    assert candidate(2) == 72\n    assert candidate(3) == 288\n    assert candidate(4) == 800\n\ndef test_check():\n    check(cube_Sum)\n\ntest_check()\n",
      "timestamp": 1665510521,
      "stdout": "",
      "stderr": "Traceback (most recent call last):\n  File \"/tmp/tmp72s4ujme.py\", line 16, in <module>\n    test_check()\n  File \"/tmp/tmp72s4ujme.py\", line 14, in test_check\n    check(cube_Sum)\n  File \"/tmp/tmp72s4ujme.py\", line 9, in check\n    assert candidate(2) == 72\nAssertionError\n",
      "exit_code": 1,
      "status": "Exception"
    },
    {
      "program": "def cube_Sum(n: int) -> int:\n    \"\"\"\n\tWrite a python function to find the cube sum of first n even natural numbers.\n\t\"\"\"\n    return sum([i**3 for i in range(2, n+1, 2)])\n\n\ndef check(candidate):\n    assert candidate(2) == 72\n    assert candidate(3) == 288\n    assert candidate(4) == 800\n\ndef test_check():\n    check(cube_Sum)\n\ntest_check()\n",
      "timestamp": 1666123692,
      "stdout": "",
      "stderr": "Traceback (most recent call last):\n  File \"/tmp/tmpqew6e2pg.py\", line 16, in <module>\n    test_check()\n  File \"/tmp/tmpqew6e2pg.py\", line 14, in test_check\n    check(cube_Sum)\n  File \"/tmp/tmpqew6e2pg.py\", line 9, in check\n    assert candidate(2) == 72\nAssertionError\n",
      "exit_code": 1,
      "status": "Exception"
    },
    {
      "program": "def cube_Sum(n: int) -> int:\n    \"\"\"\n\tWrite a python function to find the cube sum of first n even natural numbers.\n\t\"\"\"\n    return sum([i ** 3 for i in range(2, n * 2 + 1, 2)])\n\n\ndef check(candidate):\n    assert candidate(2) == 72\n    assert candidate(3) == 288\n    assert candidate(4) == 800\n\ndef test_check():\n    check(cube_Sum)\n\ntest_check()\n",
      "timestamp": 1665510521,
      "stdout": "",
      "stderr": "",
      "exit_code": 0,
      "status": "OK"
    },
    {
      "program": "def cube_Sum(n: int) -> int:\n    \"\"\"\n\tWrite a python function to find the cube sum of first n even natural numbers.\n\t\"\"\"\n    return sum([i ** 3 for i in range(2, n * 2 + 1, 2)])\n\n\ndef check(candidate):\n    assert candidate(2) == 72\n    assert candidate(3) == 288\n    assert candidate(4) == 800\n\ndef test_check():\n    check(cube_Sum)\n\ntest_check()\n",
      "timestamp": 1665510521,
      "stdout": "",
      "stderr": "",
      "exit_code": 0,
      "status": "OK"
    },
    {
      "program": "def cube_Sum(n: int) -> int:\n    \"\"\"\n\tWrite a python function to find the cube sum of first n even natural numbers.\n\t\"\"\"\n    return sum([i**3 for i in range(2, n*2+1, 2)])\n\n\ndef check(candidate):\n    assert candidate(2) == 72\n    assert candidate(3) == 288\n    assert candidate(4) == 800\n\ndef test_check():\n    check(cube_Sum)\n\ntest_check()\n",
      "timestamp": 1665510521,
      "stdout": "",
      "stderr": "",
      "exit_code": 0,
      "status": "OK"
    },
    {
      "program": "def cube_Sum(n: int) -> int:\n    \"\"\"\n\tWrite a python function to find the cube sum of first n even natural numbers.\n\t\"\"\"\n    return sum([i ** 3 for i in range(2, n * 2 + 1, 2)])\n\n\ndef check(candidate):\n    assert candidate(2) == 72\n    assert candidate(3) == 288\n    assert candidate(4) == 800\n\ndef test_check():\n    check(cube_Sum)\n\ntest_check()\n",
      "timestamp": 1665510521,
      "stdout": "",
      "stderr": "",
      "exit_code": 0,
      "status": "OK"
    },
    {
      "program": "def cube_Sum(n: int) -> int:\n    \"\"\"\n\tWrite a python function to find the cube sum of first n even natural numbers.\n\t\"\"\"\n    sum = 0\n    for i in range(2, n + 1, 2):\n        sum += i ** 3\n    return sum\n\n\ndef check(candidate):\n    assert candidate(2) == 72\n    assert candidate(3) == 288\n    assert candidate(4) == 800\n\ndef test_check():\n    check(cube_Sum)\n\ntest_check()\n",
      "timestamp": 1665510521,
      "stdout": "",
      "stderr": "Traceback (most recent call last):\n  File \"/tmp/tmpflgbwp9k.py\", line 19, in <module>\n    test_check()\n  File \"/tmp/tmpflgbwp9k.py\", line 17, in test_check\n    check(cube_Sum)\n  File \"/tmp/tmpflgbwp9k.py\", line 12, in check\n    assert candidate(2) == 72\nAssertionError\n",
      "exit_code": 1,
      "status": "Exception"
    },
    {
      "program": "def cube_Sum(n: int) -> int:\n    \"\"\"\n\tWrite a python function to find the cube sum of first n even natural numbers.\n\t\"\"\"\n    return sum([i ** 3 for i in range(2, n * 2 + 1, 2)])\n\n\ndef check(candidate):\n    assert candidate(2) == 72\n    assert candidate(3) == 288\n    assert candidate(4) == 800\n\ndef test_check():\n    check(cube_Sum)\n\ntest_check()\n",
      "timestamp": 1665510521,
      "stdout": "",
      "stderr": "",
      "exit_code": 0,
      "status": "OK"
    },
    {
      "program": "def cube_Sum(n: int) -> int:\n    \"\"\"\n\tWrite a python function to find the cube sum of first n even natural numbers.\n\t\"\"\"\n    return sum(i ** 3 for i in range(2, n + 1, 2))\n\n\ndef check(candidate):\n    assert candidate(2) == 72\n    assert candidate(3) == 288\n    assert candidate(4) == 800\n\ndef test_check():\n    check(cube_Sum)\n\ntest_check()\n",
      "timestamp": 1665510521,
      "stdout": "",
      "stderr": "Traceback (most recent call last):\n  File \"/tmp/tmp72s4ujme.py\", line 16, in <module>\n    test_check()\n  File \"/tmp/tmp72s4ujme.py\", line 14, in test_check\n    check(cube_Sum)\n  File \"/tmp/tmp72s4ujme.py\", line 9, in check\n    assert candidate(2) == 72\nAssertionError\n",
      "exit_code": 1,
      "status": "Exception"
    },
    {
      "program": "def cube_Sum(n: int) -> int:\n    \"\"\"\n\tWrite a python function to find the cube sum of first n even natural numbers.\n\t\"\"\"\n    return sum([i ** 3 for i in range(2, n + 1, 2)])\n\n\ndef check(candidate):\n    assert candidate(2) == 72\n    assert candidate(3) == 288\n    assert candidate(4) == 800\n\ndef test_check():\n    check(cube_Sum)\n\ntest_check()\n",
      "timestamp": 1665510521,
      "stdout": "",
      "stderr": "Traceback (most recent call last):\n  File \"/tmp/tmptamyc7i6.py\", line 16, in <module>\n    test_check()\n  File \"/tmp/tmptamyc7i6.py\", line 14, in test_check\n    check(cube_Sum)\n  File \"/tmp/tmptamyc7i6.py\", line 9, in check\n    assert candidate(2) == 72\nAssertionError\n",
      "exit_code": 1,
      "status": "Exception"
    },
    {
      "program": "def cube_Sum(n: int) -> int:\n    \"\"\"\n\tWrite a python function to find the cube sum of first n even natural numbers.\n\t\"\"\"\n    return sum([i ** 3 for i in range(2, n * 2 + 1, 2)])\n\n\ndef check(candidate):\n    assert candidate(2) == 72\n    assert candidate(3) == 288\n    assert candidate(4) == 800\n\ndef test_check():\n    check(cube_Sum)\n\ntest_check()\n",
      "timestamp": 1665510521,
      "stdout": "",
      "stderr": "",
      "exit_code": 0,
      "status": "OK"
    },
    {
      "program": "def cube_Sum(n: int) -> int:\n    \"\"\"\n\tWrite a python function to find the cube sum of first n even natural numbers.\n\t\"\"\"\n    return sum([i**3 for i in range(2, n*2+1, 2)])\n\n\ndef check(candidate):\n    assert candidate(2) == 72\n    assert candidate(3) == 288\n    assert candidate(4) == 800\n\ndef test_check():\n    check(cube_Sum)\n\ntest_check()\n",
      "timestamp": 1665510521,
      "stdout": "",
      "stderr": "",
      "exit_code": 0,
      "status": "OK"
    },
    {
      "program": "def cube_Sum(n: int) -> int:\n    \"\"\"\n\tWrite a python function to find the cube sum of first n even natural numbers.\n\t\"\"\"\n    sum = 0\n    for i in range(1, n + 1):\n        sum += i ** 3\n    return sum\n\n\ndef check(candidate):\n    assert candidate(2) == 72\n    assert candidate(3) == 288\n    assert candidate(4) == 800\n\ndef test_check():\n    check(cube_Sum)\n\ntest_check()\n",
      "timestamp": 1665510521,
      "stdout": "",
      "stderr": "Traceback (most recent call last):\n  File \"/tmp/tmpajvlved1.py\", line 19, in <module>\n    test_check()\n  File \"/tmp/tmpajvlved1.py\", line 17, in test_check\n    check(cube_Sum)\n  File \"/tmp/tmpajvlved1.py\", line 12, in check\n    assert candidate(2) == 72\nAssertionError\n",
      "exit_code": 1,
      "status": "Exception"
    },
    {
      "program": "def cube_Sum(n: int) -> int:\n    \"\"\"\n\tWrite a python function to find the cube sum of first n even natural numbers.\n\t\"\"\"\n    return sum([i ** 3 for i in range(2, n * 2 + 1, 2)])\n\n\ndef check(candidate):\n    assert candidate(2) == 72\n    assert candidate(3) == 288\n    assert candidate(4) == 800\n\ndef test_check():\n    check(cube_Sum)\n\ntest_check()\n",
      "timestamp": 1665510521,
      "stdout": "",
      "stderr": "",
      "exit_code": 0,
      "status": "OK"
    },
    {
      "program": "def cube_Sum(n: int) -> int:\n    \"\"\"\n\tWrite a python function to find the cube sum of first n even natural numbers.\n\t\"\"\"\n    return sum([i ** 3 for i in range(2, n * 2, 2)])\n\n\ndef check(candidate):\n    assert candidate(2) == 72\n    assert candidate(3) == 288\n    assert candidate(4) == 800\n\ndef test_check():\n    check(cube_Sum)\n\ntest_check()\n",
      "timestamp": 1665510521,
      "stdout": "",
      "stderr": "Traceback (most recent call last):\n  File \"/tmp/tmpgs4n1vqd.py\", line 16, in <module>\n    test_check()\n  File \"/tmp/tmpgs4n1vqd.py\", line 14, in test_check\n    check(cube_Sum)\n  File \"/tmp/tmpgs4n1vqd.py\", line 9, in check\n    assert candidate(2) == 72\nAssertionError\n",
      "exit_code": 1,
      "status": "Exception"
    },
    {
      "program": "def cube_Sum(n: int) -> int:\n    \"\"\"\n\tWrite a python function to find the cube sum of first n even natural numbers.\n\t\"\"\"\n    return sum([x ** 3 for x in range(2, n * 2 + 1, 2)])\n\n\ndef check(candidate):\n    assert candidate(2) == 72\n    assert candidate(3) == 288\n    assert candidate(4) == 800\n\ndef test_check():\n    check(cube_Sum)\n\ntest_check()\n",
      "timestamp": 1666123692,
      "stdout": "",
      "stderr": "",
      "exit_code": 0,
      "status": "OK"
    },
    {
      "program": "def cube_Sum(n: int) -> int:\n    \"\"\"\n\tWrite a python function to find the cube sum of first n even natural numbers.\n\t\"\"\"\n    return sum([i ** 3 for i in range(2, n + 1, 2)])\n\n\ndef check(candidate):\n    assert candidate(2) == 72\n    assert candidate(3) == 288\n    assert candidate(4) == 800\n\ndef test_check():\n    check(cube_Sum)\n\ntest_check()\n",
      "timestamp": 1665510521,
      "stdout": "",
      "stderr": "Traceback (most recent call last):\n  File \"/tmp/tmptamyc7i6.py\", line 16, in <module>\n    test_check()\n  File \"/tmp/tmptamyc7i6.py\", line 14, in test_check\n    check(cube_Sum)\n  File \"/tmp/tmptamyc7i6.py\", line 9, in check\n    assert candidate(2) == 72\nAssertionError\n",
      "exit_code": 1,
      "status": "Exception"
    },
    {
      "program": "def cube_Sum(n: int) -> int:\n    \"\"\"\n\tWrite a python function to find the cube sum of first n even natural numbers.\n\t\"\"\"\n    return sum([i ** 3 for i in range(2, n * 2 + 1, 2)])\n\n\ndef check(candidate):\n    assert candidate(2) == 72\n    assert candidate(3) == 288\n    assert candidate(4) == 800\n\ndef test_check():\n    check(cube_Sum)\n\ntest_check()\n",
      "timestamp": 1665510521,
      "stdout": "",
      "stderr": "",
      "exit_code": 0,
      "status": "OK"
    },
    {
      "program": "def cube_Sum(n: int) -> int:\n    \"\"\"\n\tWrite a python function to find the cube sum of first n even natural numbers.\n\t\"\"\"\n    return sum(map(lambda x: x ** 3, range(2, n * 2 + 1, 2)))\n\n\ndef check(candidate):\n    assert candidate(2) == 72\n    assert candidate(3) == 288\n    assert candidate(4) == 800\n\ndef test_check():\n    check(cube_Sum)\n\ntest_check()\n",
      "timestamp": 1665510521,
      "stdout": "",
      "stderr": "",
      "exit_code": 0,
      "status": "OK"
    },
    {
      "program": "def cube_Sum(n: int) -> int:\n    \"\"\"\n\tWrite a python function to find the cube sum of first n even natural numbers.\n\t\"\"\"\n    return sum([i ** 3 for i in range(2, n * 2 + 1, 2)])\n\n\ndef check(candidate):\n    assert candidate(2) == 72\n    assert candidate(3) == 288\n    assert candidate(4) == 800\n\ndef test_check():\n    check(cube_Sum)\n\ntest_check()\n",
      "timestamp": 1665510521,
      "stdout": "",
      "stderr": "",
      "exit_code": 0,
      "status": "OK"
    },
    {
      "program": "def cube_Sum(n: int) -> int:\n    \"\"\"\n\tWrite a python function to find the cube sum of first n even natural numbers.\n\t\"\"\"\n    return sum(i ** 3 for i in range(2, n + 1, 2))\n\n\ndef check(candidate):\n    assert candidate(2) == 72\n    assert candidate(3) == 288\n    assert candidate(4) == 800\n\ndef test_check():\n    check(cube_Sum)\n\ntest_check()\n",
      "timestamp": 1665510521,
      "stdout": "",
      "stderr": "Traceback (most recent call last):\n  File \"/tmp/tmp72s4ujme.py\", line 16, in <module>\n    test_check()\n  File \"/tmp/tmp72s4ujme.py\", line 14, in test_check\n    check(cube_Sum)\n  File \"/tmp/tmp72s4ujme.py\", line 9, in check\n    assert candidate(2) == 72\nAssertionError\n",
      "exit_code": 1,
      "status": "Exception"
    },
    {
      "program": "def cube_Sum(n: int) -> int:\n    \"\"\"\n\tWrite a python function to find the cube sum of first n even natural numbers.\n\t\"\"\"\n    return sum([i ** 3 for i in range(2, n * 2 + 1, 2)])\n\n\ndef check(candidate):\n    assert candidate(2) == 72\n    assert candidate(3) == 288\n    assert candidate(4) == 800\n\ndef test_check():\n    check(cube_Sum)\n\ntest_check()\n",
      "timestamp": 1665510521,
      "stdout": "",
      "stderr": "",
      "exit_code": 0,
      "status": "OK"
    },
    {
      "program": "def cube_Sum(n: int) -> int:\n    \"\"\"\n\tWrite a python function to find the cube sum of first n even natural numbers.\n\t\"\"\"\n    return sum([i**3 for i in range(2, n*2+1, 2)])\n\n\ndef check(candidate):\n    assert candidate(2) == 72\n    assert candidate(3) == 288\n    assert candidate(4) == 800\n\ndef test_check():\n    check(cube_Sum)\n\ntest_check()\n",
      "timestamp": 1665510521,
      "stdout": "",
      "stderr": "",
      "exit_code": 0,
      "status": "OK"
    },
    {
      "program": "def cube_Sum(n: int) -> int:\n    \"\"\"\n\tWrite a python function to find the cube sum of first n even natural numbers.\n\t\"\"\"\n    return sum([i**3 for i in range(2, 2*n+1, 2)])\n\n\ndef check(candidate):\n    assert candidate(2) == 72\n    assert candidate(3) == 288\n    assert candidate(4) == 800\n\ndef test_check():\n    check(cube_Sum)\n\ntest_check()\n",
      "timestamp": 1666123692,
      "stdout": "",
      "stderr": "",
      "exit_code": 0,
      "status": "OK"
    },
    {
      "program": "def cube_Sum(n: int) -> int:\n    \"\"\"\n\tWrite a python function to find the cube sum of first n even natural numbers.\n\t\"\"\"\n    return sum([i**3 for i in range(2, n*2+1, 2)])\n\n\ndef check(candidate):\n    assert candidate(2) == 72\n    assert candidate(3) == 288\n    assert candidate(4) == 800\n\ndef test_check():\n    check(cube_Sum)\n\ntest_check()\n",
      "timestamp": 1665510521,
      "stdout": "",
      "stderr": "",
      "exit_code": 0,
      "status": "OK"
    },
    {
      "program": "def cube_Sum(n: int) -> int:\n    \"\"\"\n\tWrite a python function to find the cube sum of first n even natural numbers.\n\t\"\"\"\n    return sum([i ** 3 for i in range(2, n * 2 + 1, 2)])\n\n\ndef check(candidate):\n    assert candidate(2) == 72\n    assert candidate(3) == 288\n    assert candidate(4) == 800\n\ndef test_check():\n    check(cube_Sum)\n\ntest_check()\n",
      "timestamp": 1665510521,
      "stdout": "",
      "stderr": "",
      "exit_code": 0,
      "status": "OK"
    },
    {
      "program": "def cube_Sum(n: int) -> int:\n    \"\"\"\n\tWrite a python function to find the cube sum of first n even natural numbers.\n\t\"\"\"\n    sum = 0\n    for i in range(1, n + 1):\n        sum += i ** 3\n    return sum\n\n\ndef check(candidate):\n    assert candidate(2) == 72\n    assert candidate(3) == 288\n    assert candidate(4) == 800\n\ndef test_check():\n    check(cube_Sum)\n\ntest_check()\n",
      "timestamp": 1665510521,
      "stdout": "",
      "stderr": "Traceback (most recent call last):\n  File \"/tmp/tmpajvlved1.py\", line 19, in <module>\n    test_check()\n  File \"/tmp/tmpajvlved1.py\", line 17, in test_check\n    check(cube_Sum)\n  File \"/tmp/tmpajvlved1.py\", line 12, in check\n    assert candidate(2) == 72\nAssertionError\n",
      "exit_code": 1,
      "status": "Exception"
    },
    {
      "program": "def cube_Sum(n: int) -> int:\n    \"\"\"\n\tWrite a python function to find the cube sum of first n even natural numbers.\n\t\"\"\"\n    return sum([i ** 3 for i in range(2, n * 2 + 1, 2)])\n\n\ndef check(candidate):\n    assert candidate(2) == 72\n    assert candidate(3) == 288\n    assert candidate(4) == 800\n\ndef test_check():\n    check(cube_Sum)\n\ntest_check()\n",
      "timestamp": 1665510521,
      "stdout": "",
      "stderr": "",
      "exit_code": 0,
      "status": "OK"
    },
    {
      "program": "def cube_Sum(n: int) -> int:\n    \"\"\"\n\tWrite a python function to find the cube sum of first n even natural numbers.\n\t\"\"\"\n    return sum([i**3 for i in range(2, 2*n+1, 2)])\n\n\ndef check(candidate):\n    assert candidate(2) == 72\n    assert candidate(3) == 288\n    assert candidate(4) == 800\n\ndef test_check():\n    check(cube_Sum)\n\ntest_check()\n",
      "timestamp": 1666123692,
      "stdout": "",
      "stderr": "",
      "exit_code": 0,
      "status": "OK"
    },
    {
      "program": "def cube_Sum(n: int) -> int:\n    \"\"\"\n\tWrite a python function to find the cube sum of first n even natural numbers.\n\t\"\"\"\n    return sum(i ** 3 for i in range(2, n + 1, 2))\n\n\ndef check(candidate):\n    assert candidate(2) == 72\n    assert candidate(3) == 288\n    assert candidate(4) == 800\n\ndef test_check():\n    check(cube_Sum)\n\ntest_check()\n",
      "timestamp": 1665510521,
      "stdout": "",
      "stderr": "Traceback (most recent call last):\n  File \"/tmp/tmp72s4ujme.py\", line 16, in <module>\n    test_check()\n  File \"/tmp/tmp72s4ujme.py\", line 14, in test_check\n    check(cube_Sum)\n  File \"/tmp/tmp72s4ujme.py\", line 9, in check\n    assert candidate(2) == 72\nAssertionError\n",
      "exit_code": 1,
      "status": "Exception"
    },
    {
      "program": "def cube_Sum(n: int) -> int:\n    \"\"\"\n\tWrite a python function to find the cube sum of first n even natural numbers.\n\t\"\"\"\n    sum = 0\n    for i in range(2, n + 1, 2):\n        sum += i ** 3\n    return sum\n\n\ndef check(candidate):\n    assert candidate(2) == 72\n    assert candidate(3) == 288\n    assert candidate(4) == 800\n\ndef test_check():\n    check(cube_Sum)\n\ntest_check()\n",
      "timestamp": 1665510521,
      "stdout": "",
      "stderr": "Traceback (most recent call last):\n  File \"/tmp/tmpflgbwp9k.py\", line 19, in <module>\n    test_check()\n  File \"/tmp/tmpflgbwp9k.py\", line 17, in test_check\n    check(cube_Sum)\n  File \"/tmp/tmpflgbwp9k.py\", line 12, in check\n    assert candidate(2) == 72\nAssertionError\n",
      "exit_code": 1,
      "status": "Exception"
    },
    {
      "program": "def cube_Sum(n: int) -> int:\n    \"\"\"\n\tWrite a python function to find the cube sum of first n even natural numbers.\n\t\"\"\"\n    return sum(map(lambda x: x ** 3, range(2, 2 * n + 1, 2)))\n\n\ndef check(candidate):\n    assert candidate(2) == 72\n    assert candidate(3) == 288\n    assert candidate(4) == 800\n\ndef test_check():\n    check(cube_Sum)\n\ntest_check()\n",
      "timestamp": 1665510521,
      "stdout": "",
      "stderr": "",
      "exit_code": 0,
      "status": "OK"
    },
    {
      "program": "def cube_Sum(n: int) -> int:\n    \"\"\"\n\tWrite a python function to find the cube sum of first n even natural numbers.\n\t\"\"\"\n    return sum([i**3 for i in range(2, n+1, 2)])\n\n\ndef check(candidate):\n    assert candidate(2) == 72\n    assert candidate(3) == 288\n    assert candidate(4) == 800\n\ndef test_check():\n    check(cube_Sum)\n\ntest_check()\n",
      "timestamp": 1666123692,
      "stdout": "",
      "stderr": "Traceback (most recent call last):\n  File \"/tmp/tmpqew6e2pg.py\", line 16, in <module>\n    test_check()\n  File \"/tmp/tmpqew6e2pg.py\", line 14, in test_check\n    check(cube_Sum)\n  File \"/tmp/tmpqew6e2pg.py\", line 9, in check\n    assert candidate(2) == 72\nAssertionError\n",
      "exit_code": 1,
      "status": "Exception"
    },
    {
      "program": "def cube_Sum(n: int) -> int:\n    \"\"\"\n\tWrite a python function to find the cube sum of first n even natural numbers.\n\t\"\"\"\n    sum = 0\n    for i in range(2, n + 1, 2):\n        sum += i ** 3\n    return sum\n\n\ndef check(candidate):\n    assert candidate(2) == 72\n    assert candidate(3) == 288\n    assert candidate(4) == 800\n\ndef test_check():\n    check(cube_Sum)\n\ntest_check()\n",
      "timestamp": 1665510521,
      "stdout": "",
      "stderr": "Traceback (most recent call last):\n  File \"/tmp/tmpflgbwp9k.py\", line 19, in <module>\n    test_check()\n  File \"/tmp/tmpflgbwp9k.py\", line 17, in test_check\n    check(cube_Sum)\n  File \"/tmp/tmpflgbwp9k.py\", line 12, in check\n    assert candidate(2) == 72\nAssertionError\n",
      "exit_code": 1,
      "status": "Exception"
    },
    {
      "program": "def cube_Sum(n: int) -> int:\n    \"\"\"\n\tWrite a python function to find the cube sum of first n even natural numbers.\n\t\"\"\"\n    return sum([i ** 3 for i in range(2, n * 2 + 1, 2)])\n\n\ndef check(candidate):\n    assert candidate(2) == 72\n    assert candidate(3) == 288\n    assert candidate(4) == 800\n\ndef test_check():\n    check(cube_Sum)\n\ntest_check()\n",
      "timestamp": 1665510521,
      "stdout": "",
      "stderr": "",
      "exit_code": 0,
      "status": "OK"
    },
    {
      "program": "def cube_Sum(n: int) -> int:\n    \"\"\"\n\tWrite a python function to find the cube sum of first n even natural numbers.\n\t\"\"\"\n    return sum([i ** 3 for i in range(2, n + 1, 2)])\n\n\ndef check(candidate):\n    assert candidate(2) == 72\n    assert candidate(3) == 288\n    assert candidate(4) == 800\n\ndef test_check():\n    check(cube_Sum)\n\ntest_check()\n",
      "timestamp": 1665510521,
      "stdout": "",
      "stderr": "Traceback (most recent call last):\n  File \"/tmp/tmptamyc7i6.py\", line 16, in <module>\n    test_check()\n  File \"/tmp/tmptamyc7i6.py\", line 14, in test_check\n    check(cube_Sum)\n  File \"/tmp/tmptamyc7i6.py\", line 9, in check\n    assert candidate(2) == 72\nAssertionError\n",
      "exit_code": 1,
      "status": "Exception"
    },
    {
      "program": "def cube_Sum(n: int) -> int:\n    \"\"\"\n\tWrite a python function to find the cube sum of first n even natural numbers.\n\t\"\"\"\n    return sum(i ** 3 for i in range(1, n + 1) if i % 2 == 0)\n\n\ndef check(candidate):\n    assert candidate(2) == 72\n    assert candidate(3) == 288\n    assert candidate(4) == 800\n\ndef test_check():\n    check(cube_Sum)\n\ntest_check()\n",
      "timestamp": 1666123692,
      "stdout": "",
      "stderr": "Traceback (most recent call last):\n  File \"/tmp/tmpauuh2xtm.py\", line 16, in <module>\n    test_check()\n  File \"/tmp/tmpauuh2xtm.py\", line 14, in test_check\n    check(cube_Sum)\n  File \"/tmp/tmpauuh2xtm.py\", line 9, in check\n    assert candidate(2) == 72\nAssertionError\n",
      "exit_code": 1,
      "status": "Exception"
    },
    {
      "program": "def cube_Sum(n: int) -> int:\n    \"\"\"\n\tWrite a python function to find the cube sum of first n even natural numbers.\n\t\"\"\"\n    return sum([i ** 3 for i in range(2, n * 2 + 1, 2)])\n\n\ndef check(candidate):\n    assert candidate(2) == 72\n    assert candidate(3) == 288\n    assert candidate(4) == 800\n\ndef test_check():\n    check(cube_Sum)\n\ntest_check()\n",
      "timestamp": 1665510521,
      "stdout": "",
      "stderr": "",
      "exit_code": 0,
      "status": "OK"
    },
    {
      "program": "def cube_Sum(n: int) -> int:\n    \"\"\"\n\tWrite a python function to find the cube sum of first n even natural numbers.\n\t\"\"\"\n    return sum([i ** 3 for i in range(2, n * 2 + 1, 2)])\n\n\ndef check(candidate):\n    assert candidate(2) == 72\n    assert candidate(3) == 288\n    assert candidate(4) == 800\n\ndef test_check():\n    check(cube_Sum)\n\ntest_check()\n",
      "timestamp": 1665510521,
      "stdout": "",
      "stderr": "",
      "exit_code": 0,
      "status": "OK"
    },
    {
      "program": "def cube_Sum(n: int) -> int:\n    \"\"\"\n\tWrite a python function to find the cube sum of first n even natural numbers.\n\t\"\"\"\n    return sum([i ** 3 for i in range(2, n * 2 + 1, 2)])\n\n\ndef check(candidate):\n    assert candidate(2) == 72\n    assert candidate(3) == 288\n    assert candidate(4) == 800\n\ndef test_check():\n    check(cube_Sum)\n\ntest_check()\n",
      "timestamp": 1665510521,
      "stdout": "",
      "stderr": "",
      "exit_code": 0,
      "status": "OK"
    },
    {
      "program": "def cube_Sum(n: int) -> int:\n    \"\"\"\n\tWrite a python function to find the cube sum of first n even natural numbers.\n\t\"\"\"\n    return sum(i ** 3 for i in range(2, n + 1, 2))\n\n\ndef check(candidate):\n    assert candidate(2) == 72\n    assert candidate(3) == 288\n    assert candidate(4) == 800\n\ndef test_check():\n    check(cube_Sum)\n\ntest_check()\n",
      "timestamp": 1665510521,
      "stdout": "",
      "stderr": "Traceback (most recent call last):\n  File \"/tmp/tmp72s4ujme.py\", line 16, in <module>\n    test_check()\n  File \"/tmp/tmp72s4ujme.py\", line 14, in test_check\n    check(cube_Sum)\n  File \"/tmp/tmp72s4ujme.py\", line 9, in check\n    assert candidate(2) == 72\nAssertionError\n",
      "exit_code": 1,
      "status": "Exception"
    },
    {
      "program": "def cube_Sum(n: int) -> int:\n    \"\"\"\n\tWrite a python function to find the cube sum of first n even natural numbers.\n\t\"\"\"\n    return sum([i ** 3 for i in range(2, n * 2 + 1, 2)])\n\n\ndef check(candidate):\n    assert candidate(2) == 72\n    assert candidate(3) == 288\n    assert candidate(4) == 800\n\ndef test_check():\n    check(cube_Sum)\n\ntest_check()\n",
      "timestamp": 1665510521,
      "stdout": "",
      "stderr": "",
      "exit_code": 0,
      "status": "OK"
    },
    {
      "program": "def cube_Sum(n: int) -> int:\n    \"\"\"\n\tWrite a python function to find the cube sum of first n even natural numbers.\n\t\"\"\"\n    return sum([i ** 3 for i in range(2, n * 2 + 1, 2)])\n\n\ndef check(candidate):\n    assert candidate(2) == 72\n    assert candidate(3) == 288\n    assert candidate(4) == 800\n\ndef test_check():\n    check(cube_Sum)\n\ntest_check()\n",
      "timestamp": 1665510521,
      "stdout": "",
      "stderr": "",
      "exit_code": 0,
      "status": "OK"
    },
    {
      "program": "def cube_Sum(n: int) -> int:\n    \"\"\"\n\tWrite a python function to find the cube sum of first n even natural numbers.\n\t\"\"\"\n    return sum([i**3 for i in range(2, n*2+1, 2)])\n\n\ndef check(candidate):\n    assert candidate(2) == 72\n    assert candidate(3) == 288\n    assert candidate(4) == 800\n\ndef test_check():\n    check(cube_Sum)\n\ntest_check()\n",
      "timestamp": 1665510521,
      "stdout": "",
      "stderr": "",
      "exit_code": 0,
      "status": "OK"
    },
    {
      "program": "def cube_Sum(n: int) -> int:\n    \"\"\"\n\tWrite a python function to find the cube sum of first n even natural numbers.\n\t\"\"\"\n    return sum(i ** 3 for i in range(2, n + 1, 2))\n\n\ndef check(candidate):\n    assert candidate(2) == 72\n    assert candidate(3) == 288\n    assert candidate(4) == 800\n\ndef test_check():\n    check(cube_Sum)\n\ntest_check()\n",
      "timestamp": 1665510521,
      "stdout": "",
      "stderr": "Traceback (most recent call last):\n  File \"/tmp/tmp72s4ujme.py\", line 16, in <module>\n    test_check()\n  File \"/tmp/tmp72s4ujme.py\", line 14, in test_check\n    check(cube_Sum)\n  File \"/tmp/tmp72s4ujme.py\", line 9, in check\n    assert candidate(2) == 72\nAssertionError\n",
      "exit_code": 1,
      "status": "Exception"
    },
    {
      "program": "def cube_Sum(n: int) -> int:\n    \"\"\"\n\tWrite a python function to find the cube sum of first n even natural numbers.\n\t\"\"\"\n    return sum([i ** 3 for i in range(2, n * 2 + 1, 2)])\n\n\ndef check(candidate):\n    assert candidate(2) == 72\n    assert candidate(3) == 288\n    assert candidate(4) == 800\n\ndef test_check():\n    check(cube_Sum)\n\ntest_check()\n",
      "timestamp": 1665510521,
      "stdout": "",
      "stderr": "",
      "exit_code": 0,
      "status": "OK"
    },
    {
      "program": "def cube_Sum(n: int) -> int:\n    \"\"\"\n\tWrite a python function to find the cube sum of first n even natural numbers.\n\t\"\"\"\n    sum = 0\n    for i in range(1, n + 1):\n        sum += i ** 3\n    return sum\n\n\ndef check(candidate):\n    assert candidate(2) == 72\n    assert candidate(3) == 288\n    assert candidate(4) == 800\n\ndef test_check():\n    check(cube_Sum)\n\ntest_check()\n",
      "timestamp": 1665510521,
      "stdout": "",
      "stderr": "Traceback (most recent call last):\n  File \"/tmp/tmpajvlved1.py\", line 19, in <module>\n    test_check()\n  File \"/tmp/tmpajvlved1.py\", line 17, in test_check\n    check(cube_Sum)\n  File \"/tmp/tmpajvlved1.py\", line 12, in check\n    assert candidate(2) == 72\nAssertionError\n",
      "exit_code": 1,
      "status": "Exception"
    },
    {
      "program": "def cube_Sum(n: int) -> int:\n    \"\"\"\n\tWrite a python function to find the cube sum of first n even natural numbers.\n\t\"\"\"\n    return sum([i ** 3 for i in range(2, n * 2, 2)])\n\n\ndef check(candidate):\n    assert candidate(2) == 72\n    assert candidate(3) == 288\n    assert candidate(4) == 800\n\ndef test_check():\n    check(cube_Sum)\n\ntest_check()\n",
      "timestamp": 1665510521,
      "stdout": "",
      "stderr": "Traceback (most recent call last):\n  File \"/tmp/tmpgs4n1vqd.py\", line 16, in <module>\n    test_check()\n  File \"/tmp/tmpgs4n1vqd.py\", line 14, in test_check\n    check(cube_Sum)\n  File \"/tmp/tmpgs4n1vqd.py\", line 9, in check\n    assert candidate(2) == 72\nAssertionError\n",
      "exit_code": 1,
      "status": "Exception"
    },
    {
      "program": "def cube_Sum(n: int) -> int:\n    \"\"\"\n\tWrite a python function to find the cube sum of first n even natural numbers.\n\t\"\"\"\n    return sum(map(lambda x: x ** 3, range(2, n * 2 + 1, 2)))\n\n\ndef check(candidate):\n    assert candidate(2) == 72\n    assert candidate(3) == 288\n    assert candidate(4) == 800\n\ndef test_check():\n    check(cube_Sum)\n\ntest_check()\n",
      "timestamp": 1665510521,
      "stdout": "",
      "stderr": "",
      "exit_code": 0,
      "status": "OK"
    },
    {
      "program": "def cube_Sum(n: int) -> int:\n    \"\"\"\n\tWrite a python function to find the cube sum of first n even natural numbers.\n\t\"\"\"\n    return sum([i ** 3 for i in range(2, n * 2 + 1, 2)])\n\n\ndef check(candidate):\n    assert candidate(2) == 72\n    assert candidate(3) == 288\n    assert candidate(4) == 800\n\ndef test_check():\n    check(cube_Sum)\n\ntest_check()\n",
      "timestamp": 1665510521,
      "stdout": "",
      "stderr": "",
      "exit_code": 0,
      "status": "OK"
    },
    {
      "program": "def cube_Sum(n: int) -> int:\n    \"\"\"\n\tWrite a python function to find the cube sum of first n even natural numbers.\n\t\"\"\"\n    return sum([i**3 for i in range(2, n*2+1, 2)])\n\n\ndef check(candidate):\n    assert candidate(2) == 72\n    assert candidate(3) == 288\n    assert candidate(4) == 800\n\ndef test_check():\n    check(cube_Sum)\n\ntest_check()\n",
      "timestamp": 1665510521,
      "stdout": "",
      "stderr": "",
      "exit_code": 0,
      "status": "OK"
    },
    {
      "program": "def cube_Sum(n: int) -> int:\n    \"\"\"\n\tWrite a python function to find the cube sum of first n even natural numbers.\n\t\"\"\"\n    return sum([i ** 3 for i in range(2, n * 2 + 1, 2)])\n\n\ndef check(candidate):\n    assert candidate(2) == 72\n    assert candidate(3) == 288\n    assert candidate(4) == 800\n\ndef test_check():\n    check(cube_Sum)\n\ntest_check()\n",
      "timestamp": 1665510521,
      "stdout": "",
      "stderr": "",
      "exit_code": 0,
      "status": "OK"
    },
    {
      "program": "def cube_Sum(n: int) -> int:\n    \"\"\"\n\tWrite a python function to find the cube sum of first n even natural numbers.\n\t\"\"\"\n    sum = 0\n    for i in range(2, n * 2 + 1, 2):\n        sum += i ** 3\n    return sum\n\n\ndef check(candidate):\n    assert candidate(2) == 72\n    assert candidate(3) == 288\n    assert candidate(4) == 800\n\ndef test_check():\n    check(cube_Sum)\n\ntest_check()\n",
      "timestamp": 1666123692,
      "stdout": "",
      "stderr": "",
      "exit_code": 0,
      "status": "OK"
    },
    {
      "program": "def cube_Sum(n: int) -> int:\n    \"\"\"\n\tWrite a python function to find the cube sum of first n even natural numbers.\n\t\"\"\"\n    sum = 0\n    for i in range(2, n * 2 + 1, 2):\n        sum += i ** 3\n    return sum\n\n\ndef check(candidate):\n    assert candidate(2) == 72\n    assert candidate(3) == 288\n    assert candidate(4) == 800\n\ndef test_check():\n    check(cube_Sum)\n\ntest_check()\n",
      "timestamp": 1666123692,
      "stdout": "",
      "stderr": "",
      "exit_code": 0,
      "status": "OK"
    },
    {
      "program": "def cube_Sum(n: int) -> int:\n    \"\"\"\n\tWrite a python function to find the cube sum of first n even natural numbers.\n\t\"\"\"\n    return sum([i**3 for i in range(2, n*2, 2)])\n\n\ndef check(candidate):\n    assert candidate(2) == 72\n    assert candidate(3) == 288\n    assert candidate(4) == 800\n\ndef test_check():\n    check(cube_Sum)\n\ntest_check()\n",
      "timestamp": 1666123692,
      "stdout": "",
      "stderr": "Traceback (most recent call last):\n  File \"/tmp/tmp8znlppmo.py\", line 16, in <module>\n    test_check()\n  File \"/tmp/tmp8znlppmo.py\", line 14, in test_check\n    check(cube_Sum)\n  File \"/tmp/tmp8znlppmo.py\", line 9, in check\n    assert candidate(2) == 72\nAssertionError\n",
      "exit_code": 1,
      "status": "Exception"
    },
    {
      "program": "def cube_Sum(n: int) -> int:\n    \"\"\"\n\tWrite a python function to find the cube sum of first n even natural numbers.\n\t\"\"\"\n    sum = 0\n    for i in range(2, n + 1, 2):\n        sum += i ** 3\n    return sum\n\n\ndef check(candidate):\n    assert candidate(2) == 72\n    assert candidate(3) == 288\n    assert candidate(4) == 800\n\ndef test_check():\n    check(cube_Sum)\n\ntest_check()\n",
      "timestamp": 1665510521,
      "stdout": "",
      "stderr": "Traceback (most recent call last):\n  File \"/tmp/tmpflgbwp9k.py\", line 19, in <module>\n    test_check()\n  File \"/tmp/tmpflgbwp9k.py\", line 17, in test_check\n    check(cube_Sum)\n  File \"/tmp/tmpflgbwp9k.py\", line 12, in check\n    assert candidate(2) == 72\nAssertionError\n",
      "exit_code": 1,
      "status": "Exception"
    },
    {
      "program": "def cube_Sum(n: int) -> int:\n    \"\"\"\n\tWrite a python function to find the cube sum of first n even natural numbers.\n\t\"\"\"\n    return sum([i ** 3 for i in range(1, n + 1) if i % 2 == 0])\n\n\ndef check(candidate):\n    assert candidate(2) == 72\n    assert candidate(3) == 288\n    assert candidate(4) == 800\n\ndef test_check():\n    check(cube_Sum)\n\ntest_check()\n",
      "timestamp": 1666123692,
      "stdout": "",
      "stderr": "Traceback (most recent call last):\n  File \"/tmp/tmpek27svjp.py\", line 16, in <module>\n    test_check()\n  File \"/tmp/tmpek27svjp.py\", line 14, in test_check\n    check(cube_Sum)\n  File \"/tmp/tmpek27svjp.py\", line 9, in check\n    assert candidate(2) == 72\nAssertionError\n",
      "exit_code": 1,
      "status": "Exception"
    },
    {
      "program": "def cube_Sum(n: int) -> int:\n    \"\"\"\n\tWrite a python function to find the cube sum of first n even natural numbers.\n\t\"\"\"\n    return sum([i**3 for i in range(2, n*2+1, 2)])\n\n\ndef check(candidate):\n    assert candidate(2) == 72\n    assert candidate(3) == 288\n    assert candidate(4) == 800\n\ndef test_check():\n    check(cube_Sum)\n\ntest_check()\n",
      "timestamp": 1665510521,
      "stdout": "",
      "stderr": "",
      "exit_code": 0,
      "status": "OK"
    },
    {
      "program": "def cube_Sum(n: int) -> int:\n    \"\"\"\n\tWrite a python function to find the cube sum of first n even natural numbers.\n\t\"\"\"\n    return sum([i ** 3 for i in range(2, n * 2 + 1, 2)])\n\n\ndef check(candidate):\n    assert candidate(2) == 72\n    assert candidate(3) == 288\n    assert candidate(4) == 800\n\ndef test_check():\n    check(cube_Sum)\n\ntest_check()\n",
      "timestamp": 1665510521,
      "stdout": "",
      "stderr": "",
      "exit_code": 0,
      "status": "OK"
    },
    {
      "program": "def cube_Sum(n: int) -> int:\n    \"\"\"\n\tWrite a python function to find the cube sum of first n even natural numbers.\n\t\"\"\"\n    return sum(i ** 3 for i in range(2, n * 2 + 1, 2))\n\n\ndef check(candidate):\n    assert candidate(2) == 72\n    assert candidate(3) == 288\n    assert candidate(4) == 800\n\ndef test_check():\n    check(cube_Sum)\n\ntest_check()\n",
      "timestamp": 1665510521,
      "stdout": "",
      "stderr": "",
      "exit_code": 0,
      "status": "OK"
    },
    {
      "program": "def cube_Sum(n: int) -> int:\n    \"\"\"\n\tWrite a python function to find the cube sum of first n even natural numbers.\n\t\"\"\"\n    return sum(map(lambda x: x ** 3, range(2, n * 2 + 1, 2)))\n\n\ndef check(candidate):\n    assert candidate(2) == 72\n    assert candidate(3) == 288\n    assert candidate(4) == 800\n\ndef test_check():\n    check(cube_Sum)\n\ntest_check()\n",
      "timestamp": 1665510521,
      "stdout": "",
      "stderr": "",
      "exit_code": 0,
      "status": "OK"
    },
    {
      "program": "def cube_Sum(n: int) -> int:\n    \"\"\"\n\tWrite a python function to find the cube sum of first n even natural numbers.\n\t\"\"\"\n    return sum([i**3 for i in range(2, n*2+1, 2)])\n\n\ndef check(candidate):\n    assert candidate(2) == 72\n    assert candidate(3) == 288\n    assert candidate(4) == 800\n\ndef test_check():\n    check(cube_Sum)\n\ntest_check()\n",
      "timestamp": 1665510521,
      "stdout": "",
      "stderr": "",
      "exit_code": 0,
      "status": "OK"
    },
    {
      "program": "def cube_Sum(n: int) -> int:\n    \"\"\"\n\tWrite a python function to find the cube sum of first n even natural numbers.\n\t\"\"\"\n    return sum([i**3 for i in range(2, n*2+1, 2)])\n\n\ndef check(candidate):\n    assert candidate(2) == 72\n    assert candidate(3) == 288\n    assert candidate(4) == 800\n\ndef test_check():\n    check(cube_Sum)\n\ntest_check()\n",
      "timestamp": 1665510521,
      "stdout": "",
      "stderr": "",
      "exit_code": 0,
      "status": "OK"
    },
    {
      "program": "def cube_Sum(n: int) -> int:\n    \"\"\"\n\tWrite a python function to find the cube sum of first n even natural numbers.\n\t\"\"\"\n    return sum([i ** 3 for i in range(2, n * 2, 2)])\n\n\ndef check(candidate):\n    assert candidate(2) == 72\n    assert candidate(3) == 288\n    assert candidate(4) == 800\n\ndef test_check():\n    check(cube_Sum)\n\ntest_check()\n",
      "timestamp": 1665510521,
      "stdout": "",
      "stderr": "Traceback (most recent call last):\n  File \"/tmp/tmpgs4n1vqd.py\", line 16, in <module>\n    test_check()\n  File \"/tmp/tmpgs4n1vqd.py\", line 14, in test_check\n    check(cube_Sum)\n  File \"/tmp/tmpgs4n1vqd.py\", line 9, in check\n    assert candidate(2) == 72\nAssertionError\n",
      "exit_code": 1,
      "status": "Exception"
    },
    {
      "program": "def cube_Sum(n: int) -> int:\n    \"\"\"\n\tWrite a python function to find the cube sum of first n even natural numbers.\n\t\"\"\"\n    return sum([i ** 3 for i in range(2, n * 2 + 1, 2)])\n\n\ndef check(candidate):\n    assert candidate(2) == 72\n    assert candidate(3) == 288\n    assert candidate(4) == 800\n\ndef test_check():\n    check(cube_Sum)\n\ntest_check()\n",
      "timestamp": 1665510521,
      "stdout": "",
      "stderr": "",
      "exit_code": 0,
      "status": "OK"
    },
    {
      "program": "def cube_Sum(n: int) -> int:\n    \"\"\"\n\tWrite a python function to find the cube sum of first n even natural numbers.\n\t\"\"\"\n    sum = 0\n    for i in range(2, n + 1, 2):\n        sum += i ** 3\n    return sum\n\n\ndef check(candidate):\n    assert candidate(2) == 72\n    assert candidate(3) == 288\n    assert candidate(4) == 800\n\ndef test_check():\n    check(cube_Sum)\n\ntest_check()\n",
      "timestamp": 1665510521,
      "stdout": "",
      "stderr": "Traceback (most recent call last):\n  File \"/tmp/tmpflgbwp9k.py\", line 19, in <module>\n    test_check()\n  File \"/tmp/tmpflgbwp9k.py\", line 17, in test_check\n    check(cube_Sum)\n  File \"/tmp/tmpflgbwp9k.py\", line 12, in check\n    assert candidate(2) == 72\nAssertionError\n",
      "exit_code": 1,
      "status": "Exception"
    },
    {
      "program": "def cube_Sum(n: int) -> int:\n    \"\"\"\n\tWrite a python function to find the cube sum of first n even natural numbers.\n\t\"\"\"\n    return sum([i**3 for i in range(2, n*2+1, 2)])\n\n\ndef check(candidate):\n    assert candidate(2) == 72\n    assert candidate(3) == 288\n    assert candidate(4) == 800\n\ndef test_check():\n    check(cube_Sum)\n\ntest_check()\n",
      "timestamp": 1665510521,
      "stdout": "",
      "stderr": "",
      "exit_code": 0,
      "status": "OK"
    },
    {
      "program": "def cube_Sum(n: int) -> int:\n    \"\"\"\n\tWrite a python function to find the cube sum of first n even natural numbers.\n\t\"\"\"\n    return sum([i**3 for i in range(2, n*2+1, 2)])\n\n\ndef check(candidate):\n    assert candidate(2) == 72\n    assert candidate(3) == 288\n    assert candidate(4) == 800\n\ndef test_check():\n    check(cube_Sum)\n\ntest_check()\n",
      "timestamp": 1665510521,
      "stdout": "",
      "stderr": "",
      "exit_code": 0,
      "status": "OK"
    },
    {
      "program": "def cube_Sum(n: int) -> int:\n    \"\"\"\n\tWrite a python function to find the cube sum of first n even natural numbers.\n\t\"\"\"\n    return sum([i ** 3 for i in range(2, n * 2 + 1, 2)])\n\n\ndef check(candidate):\n    assert candidate(2) == 72\n    assert candidate(3) == 288\n    assert candidate(4) == 800\n\ndef test_check():\n    check(cube_Sum)\n\ntest_check()\n",
      "timestamp": 1665510521,
      "stdout": "",
      "stderr": "",
      "exit_code": 0,
      "status": "OK"
    },
    {
      "program": "def cube_Sum(n: int) -> int:\n    \"\"\"\n\tWrite a python function to find the cube sum of first n even natural numbers.\n\t\"\"\"\n    return sum(i ** 3 for i in range(2, n + 1, 2))\n\n\ndef check(candidate):\n    assert candidate(2) == 72\n    assert candidate(3) == 288\n    assert candidate(4) == 800\n\ndef test_check():\n    check(cube_Sum)\n\ntest_check()\n",
      "timestamp": 1665510521,
      "stdout": "",
      "stderr": "Traceback (most recent call last):\n  File \"/tmp/tmp72s4ujme.py\", line 16, in <module>\n    test_check()\n  File \"/tmp/tmp72s4ujme.py\", line 14, in test_check\n    check(cube_Sum)\n  File \"/tmp/tmp72s4ujme.py\", line 9, in check\n    assert candidate(2) == 72\nAssertionError\n",
      "exit_code": 1,
      "status": "Exception"
    },
    {
      "program": "def cube_Sum(n: int) -> int:\n    \"\"\"\n\tWrite a python function to find the cube sum of first n even natural numbers.\n\t\"\"\"\n    return sum([i ** 3 for i in range(2, n * 2 + 1, 2)])\n\n\ndef check(candidate):\n    assert candidate(2) == 72\n    assert candidate(3) == 288\n    assert candidate(4) == 800\n\ndef test_check():\n    check(cube_Sum)\n\ntest_check()\n",
      "timestamp": 1665510521,
      "stdout": "",
      "stderr": "",
      "exit_code": 0,
      "status": "OK"
    },
    {
      "program": "def cube_Sum(n: int) -> int:\n    \"\"\"\n\tWrite a python function to find the cube sum of first n even natural numbers.\n\t\"\"\"\n    sum = 0\n    for i in range(1, n + 1):\n        sum = sum + (i * i * i)\n    return sum\n\n\ndef check(candidate):\n    assert candidate(2) == 72\n    assert candidate(3) == 288\n    assert candidate(4) == 800\n\ndef test_check():\n    check(cube_Sum)\n\ntest_check()\n",
      "timestamp": 1666123692,
      "stdout": "",
      "stderr": "Traceback (most recent call last):\n  File \"/tmp/tmp5ym_r2_q.py\", line 19, in <module>\n    test_check()\n  File \"/tmp/tmp5ym_r2_q.py\", line 17, in test_check\n    check(cube_Sum)\n  File \"/tmp/tmp5ym_r2_q.py\", line 12, in check\n    assert candidate(2) == 72\nAssertionError\n",
      "exit_code": 1,
      "status": "Exception"
    },
    {
      "program": "def cube_Sum(n: int) -> int:\n    \"\"\"\n\tWrite a python function to find the cube sum of first n even natural numbers.\n\t\"\"\"\n    sum = 0\n    for i in range(1, n + 1):\n        sum += i ** 3\n    return sum\n\n\ndef check(candidate):\n    assert candidate(2) == 72\n    assert candidate(3) == 288\n    assert candidate(4) == 800\n\ndef test_check():\n    check(cube_Sum)\n\ntest_check()\n",
      "timestamp": 1665510521,
      "stdout": "",
      "stderr": "Traceback (most recent call last):\n  File \"/tmp/tmpajvlved1.py\", line 19, in <module>\n    test_check()\n  File \"/tmp/tmpajvlved1.py\", line 17, in test_check\n    check(cube_Sum)\n  File \"/tmp/tmpajvlved1.py\", line 12, in check\n    assert candidate(2) == 72\nAssertionError\n",
      "exit_code": 1,
      "status": "Exception"
    },
    {
      "program": "def cube_Sum(n: int) -> int:\n    \"\"\"\n\tWrite a python function to find the cube sum of first n even natural numbers.\n\t\"\"\"\n    return sum(map(lambda x: x ** 3, range(2, n * 2 + 1, 2)))\n\n\ndef check(candidate):\n    assert candidate(2) == 72\n    assert candidate(3) == 288\n    assert candidate(4) == 800\n\ndef test_check():\n    check(cube_Sum)\n\ntest_check()\n",
      "timestamp": 1665510521,
      "stdout": "",
      "stderr": "",
      "exit_code": 0,
      "status": "OK"
    },
    {
      "program": "def cube_Sum(n: int) -> int:\n    \"\"\"\n\tWrite a python function to find the cube sum of first n even natural numbers.\n\t\"\"\"\n    return sum([i ** 3 for i in range(2, n * 2 + 1, 2)])\n\n\ndef check(candidate):\n    assert candidate(2) == 72\n    assert candidate(3) == 288\n    assert candidate(4) == 800\n\ndef test_check():\n    check(cube_Sum)\n\ntest_check()\n",
      "timestamp": 1665510521,
      "stdout": "",
      "stderr": "",
      "exit_code": 0,
      "status": "OK"
    },
    {
      "program": "def cube_Sum(n: int) -> int:\n    \"\"\"\n\tWrite a python function to find the cube sum of first n even natural numbers.\n\t\"\"\"\n    return sum([i ** 3 for i in range(1, n + 1) if i % 2 == 0])\n\n\ndef check(candidate):\n    assert candidate(2) == 72\n    assert candidate(3) == 288\n    assert candidate(4) == 800\n\ndef test_check():\n    check(cube_Sum)\n\ntest_check()\n",
      "timestamp": 1666123692,
      "stdout": "",
      "stderr": "Traceback (most recent call last):\n  File \"/tmp/tmpek27svjp.py\", line 16, in <module>\n    test_check()\n  File \"/tmp/tmpek27svjp.py\", line 14, in test_check\n    check(cube_Sum)\n  File \"/tmp/tmpek27svjp.py\", line 9, in check\n    assert candidate(2) == 72\nAssertionError\n",
      "exit_code": 1,
      "status": "Exception"
    },
    {
      "program": "def cube_Sum(n: int) -> int:\n    \"\"\"\n\tWrite a python function to find the cube sum of first n even natural numbers.\n\t\"\"\"\n    return sum(i ** 3 for i in range(2, n + 1, 2))\n\n\ndef check(candidate):\n    assert candidate(2) == 72\n    assert candidate(3) == 288\n    assert candidate(4) == 800\n\ndef test_check():\n    check(cube_Sum)\n\ntest_check()\n",
      "timestamp": 1665510521,
      "stdout": "",
      "stderr": "Traceback (most recent call last):\n  File \"/tmp/tmp72s4ujme.py\", line 16, in <module>\n    test_check()\n  File \"/tmp/tmp72s4ujme.py\", line 14, in test_check\n    check(cube_Sum)\n  File \"/tmp/tmp72s4ujme.py\", line 9, in check\n    assert candidate(2) == 72\nAssertionError\n",
      "exit_code": 1,
      "status": "Exception"
    },
    {
      "program": "def cube_Sum(n: int) -> int:\n    \"\"\"\n\tWrite a python function to find the cube sum of first n even natural numbers.\n\t\"\"\"\n    return sum([i ** 3 for i in range(2, n * 2, 2)])\n\n\ndef check(candidate):\n    assert candidate(2) == 72\n    assert candidate(3) == 288\n    assert candidate(4) == 800\n\ndef test_check():\n    check(cube_Sum)\n\ntest_check()\n",
      "timestamp": 1665510521,
      "stdout": "",
      "stderr": "Traceback (most recent call last):\n  File \"/tmp/tmpgs4n1vqd.py\", line 16, in <module>\n    test_check()\n  File \"/tmp/tmpgs4n1vqd.py\", line 14, in test_check\n    check(cube_Sum)\n  File \"/tmp/tmpgs4n1vqd.py\", line 9, in check\n    assert candidate(2) == 72\nAssertionError\n",
      "exit_code": 1,
      "status": "Exception"
    },
    {
      "program": "def cube_Sum(n: int) -> int:\n    \"\"\"\n\tWrite a python function to find the cube sum of first n even natural numbers.\n\t\"\"\"\n    return sum([i ** 3 for i in range(2, n * 2 + 1, 2)])\n\n\ndef check(candidate):\n    assert candidate(2) == 72\n    assert candidate(3) == 288\n    assert candidate(4) == 800\n\ndef test_check():\n    check(cube_Sum)\n\ntest_check()\n",
      "timestamp": 1665510521,
      "stdout": "",
      "stderr": "",
      "exit_code": 0,
      "status": "OK"
    },
    {
      "program": "def cube_Sum(n: int) -> int:\n    \"\"\"\n\tWrite a python function to find the cube sum of first n even natural numbers.\n\t\"\"\"\n    return sum(i ** 3 for i in range(1, n + 1) if i % 2 == 0)\n\n\ndef check(candidate):\n    assert candidate(2) == 72\n    assert candidate(3) == 288\n    assert candidate(4) == 800\n\ndef test_check():\n    check(cube_Sum)\n\ntest_check()\n",
      "timestamp": 1666123692,
      "stdout": "",
      "stderr": "Traceback (most recent call last):\n  File \"/tmp/tmpauuh2xtm.py\", line 16, in <module>\n    test_check()\n  File \"/tmp/tmpauuh2xtm.py\", line 14, in test_check\n    check(cube_Sum)\n  File \"/tmp/tmpauuh2xtm.py\", line 9, in check\n    assert candidate(2) == 72\nAssertionError\n",
      "exit_code": 1,
      "status": "Exception"
    },
    {
      "program": "def cube_Sum(n: int) -> int:\n    \"\"\"\n\tWrite a python function to find the cube sum of first n even natural numbers.\n\t\"\"\"\n    return sum([i ** 3 for i in range(2, n + 1, 2)])\n\n\ndef check(candidate):\n    assert candidate(2) == 72\n    assert candidate(3) == 288\n    assert candidate(4) == 800\n\ndef test_check():\n    check(cube_Sum)\n\ntest_check()\n",
      "timestamp": 1665510521,
      "stdout": "",
      "stderr": "Traceback (most recent call last):\n  File \"/tmp/tmptamyc7i6.py\", line 16, in <module>\n    test_check()\n  File \"/tmp/tmptamyc7i6.py\", line 14, in test_check\n    check(cube_Sum)\n  File \"/tmp/tmptamyc7i6.py\", line 9, in check\n    assert candidate(2) == 72\nAssertionError\n",
      "exit_code": 1,
      "status": "Exception"
    },
    {
      "program": "def cube_Sum(n: int) -> int:\n    \"\"\"\n\tWrite a python function to find the cube sum of first n even natural numbers.\n\t\"\"\"\n    return sum([i**3 for i in range(2, n*2+1, 2)])\n\n\ndef check(candidate):\n    assert candidate(2) == 72\n    assert candidate(3) == 288\n    assert candidate(4) == 800\n\ndef test_check():\n    check(cube_Sum)\n\ntest_check()\n",
      "timestamp": 1665510521,
      "stdout": "",
      "stderr": "",
      "exit_code": 0,
      "status": "OK"
    },
    {
      "program": "def cube_Sum(n: int) -> int:\n    \"\"\"\n\tWrite a python function to find the cube sum of first n even natural numbers.\n\t\"\"\"\n    return sum([i**3 for i in range(2, n+1, 2)])\n\n\ndef check(candidate):\n    assert candidate(2) == 72\n    assert candidate(3) == 288\n    assert candidate(4) == 800\n\ndef test_check():\n    check(cube_Sum)\n\ntest_check()\n",
      "timestamp": 1666123692,
      "stdout": "",
      "stderr": "Traceback (most recent call last):\n  File \"/tmp/tmpqew6e2pg.py\", line 16, in <module>\n    test_check()\n  File \"/tmp/tmpqew6e2pg.py\", line 14, in test_check\n    check(cube_Sum)\n  File \"/tmp/tmpqew6e2pg.py\", line 9, in check\n    assert candidate(2) == 72\nAssertionError\n",
      "exit_code": 1,
      "status": "Exception"
    },
    {
      "program": "def cube_Sum(n: int) -> int:\n    \"\"\"\n\tWrite a python function to find the cube sum of first n even natural numbers.\n\t\"\"\"\n    return sum([i ** 3 for i in range(2, n + 1, 2)])\n\n\ndef check(candidate):\n    assert candidate(2) == 72\n    assert candidate(3) == 288\n    assert candidate(4) == 800\n\ndef test_check():\n    check(cube_Sum)\n\ntest_check()\n",
      "timestamp": 1665510521,
      "stdout": "",
      "stderr": "Traceback (most recent call last):\n  File \"/tmp/tmptamyc7i6.py\", line 16, in <module>\n    test_check()\n  File \"/tmp/tmptamyc7i6.py\", line 14, in test_check\n    check(cube_Sum)\n  File \"/tmp/tmptamyc7i6.py\", line 9, in check\n    assert candidate(2) == 72\nAssertionError\n",
      "exit_code": 1,
      "status": "Exception"
    },
    {
      "program": "def cube_Sum(n: int) -> int:\n    \"\"\"\n\tWrite a python function to find the cube sum of first n even natural numbers.\n\t\"\"\"\n    return sum([i ** 3 for i in range(2, n * 2 + 1, 2)])\n\n\ndef check(candidate):\n    assert candidate(2) == 72\n    assert candidate(3) == 288\n    assert candidate(4) == 800\n\ndef test_check():\n    check(cube_Sum)\n\ntest_check()\n",
      "timestamp": 1665510521,
      "stdout": "",
      "stderr": "",
      "exit_code": 0,
      "status": "OK"
    },
    {
      "program": "def cube_Sum(n: int) -> int:\n    \"\"\"\n\tWrite a python function to find the cube sum of first n even natural numbers.\n\t\"\"\"\n    return sum(map(lambda x: x**3, range(2, n*2+1, 2)))\n\n\ndef check(candidate):\n    assert candidate(2) == 72\n    assert candidate(3) == 288\n    assert candidate(4) == 800\n\ndef test_check():\n    check(cube_Sum)\n\ntest_check()\n",
      "timestamp": 1666123692,
      "stdout": "",
      "stderr": "",
      "exit_code": 0,
      "status": "OK"
    },
    {
      "program": "def cube_Sum(n: int) -> int:\n    \"\"\"\n\tWrite a python function to find the cube sum of first n even natural numbers.\n\t\"\"\"\n    return sum([i ** 3 for i in range(2, n * 2 + 1, 2)])\n\n\ndef check(candidate):\n    assert candidate(2) == 72\n    assert candidate(3) == 288\n    assert candidate(4) == 800\n\ndef test_check():\n    check(cube_Sum)\n\ntest_check()\n",
      "timestamp": 1665510521,
      "stdout": "",
      "stderr": "",
      "exit_code": 0,
      "status": "OK"
    },
    {
      "program": "def cube_Sum(n: int) -> int:\n    \"\"\"\n\tWrite a python function to find the cube sum of first n even natural numbers.\n\t\"\"\"\n    return sum(i ** 3 for i in range(2, n * 2 + 1, 2))\n\n\ndef check(candidate):\n    assert candidate(2) == 72\n    assert candidate(3) == 288\n    assert candidate(4) == 800\n\ndef test_check():\n    check(cube_Sum)\n\ntest_check()\n",
      "timestamp": 1665510521,
      "stdout": "",
      "stderr": "",
      "exit_code": 0,
      "status": "OK"
    },
    {
      "program": "def cube_Sum(n: int) -> int:\n    \"\"\"\n\tWrite a python function to find the cube sum of first n even natural numbers.\n\t\"\"\"\n    return sum([i ** 3 for i in range(2, n * 2 + 1, 2)])\n\n\ndef check(candidate):\n    assert candidate(2) == 72\n    assert candidate(3) == 288\n    assert candidate(4) == 800\n\ndef test_check():\n    check(cube_Sum)\n\ntest_check()\n",
      "timestamp": 1665510521,
      "stdout": "",
      "stderr": "",
      "exit_code": 0,
      "status": "OK"
    },
    {
      "program": "def cube_Sum(n: int) -> int:\n    \"\"\"\n\tWrite a python function to find the cube sum of first n even natural numbers.\n\t\"\"\"\n    return sum([i ** 3 for i in range(2, n * 2 + 1, 2)])\n\n\ndef check(candidate):\n    assert candidate(2) == 72\n    assert candidate(3) == 288\n    assert candidate(4) == 800\n\ndef test_check():\n    check(cube_Sum)\n\ntest_check()\n",
      "timestamp": 1665510521,
      "stdout": "",
      "stderr": "",
      "exit_code": 0,
      "status": "OK"
    },
    {
      "program": "def cube_Sum(n: int) -> int:\n    \"\"\"\n\tWrite a python function to find the cube sum of first n even natural numbers.\n\t\"\"\"\n    return sum([i**3 for i in range(2, n*2+1, 2)])\n\n\ndef check(candidate):\n    assert candidate(2) == 72\n    assert candidate(3) == 288\n    assert candidate(4) == 800\n\ndef test_check():\n    check(cube_Sum)\n\ntest_check()\n",
      "timestamp": 1665510521,
      "stdout": "",
      "stderr": "",
      "exit_code": 0,
      "status": "OK"
    },
    {
      "program": "def cube_Sum(n: int) -> int:\n    \"\"\"\n\tWrite a python function to find the cube sum of first n even natural numbers.\n\t\"\"\"\n    return sum([i**3 for i in range(2, n*2+1, 2)])\n\n\ndef check(candidate):\n    assert candidate(2) == 72\n    assert candidate(3) == 288\n    assert candidate(4) == 800\n\ndef test_check():\n    check(cube_Sum)\n\ntest_check()\n",
      "timestamp": 1665510521,
      "stdout": "",
      "stderr": "",
      "exit_code": 0,
      "status": "OK"
    },
    {
      "program": "def cube_Sum(n: int) -> int:\n    \"\"\"\n\tWrite a python function to find the cube sum of first n even natural numbers.\n\t\"\"\"\n    return sum([i ** 3 for i in range(2, n * 2 + 1, 2)])\n\n\ndef check(candidate):\n    assert candidate(2) == 72\n    assert candidate(3) == 288\n    assert candidate(4) == 800\n\ndef test_check():\n    check(cube_Sum)\n\ntest_check()\n",
      "timestamp": 1665510521,
      "stdout": "",
      "stderr": "",
      "exit_code": 0,
      "status": "OK"
    },
    {
      "program": "def cube_Sum(n: int) -> int:\n    \"\"\"\n\tWrite a python function to find the cube sum of first n even natural numbers.\n\t\"\"\"\n    if n <= 0:\n        return 0\n    else:\n        return (2 * n) ** 3 + cube_Sum(n - 1)\n\n\ndef check(candidate):\n    assert candidate(2) == 72\n    assert candidate(3) == 288\n    assert candidate(4) == 800\n\ndef test_check():\n    check(cube_Sum)\n\ntest_check()\n",
      "timestamp": 1666123692,
      "stdout": "",
      "stderr": "",
      "exit_code": 0,
      "status": "OK"
    },
    {
      "program": "def cube_Sum(n: int) -> int:\n    \"\"\"\n\tWrite a python function to find the cube sum of first n even natural numbers.\n\t\"\"\"\n    return sum(map(lambda x: x ** 3, range(2, n * 2 + 1, 2)))\n\n\ndef check(candidate):\n    assert candidate(2) == 72\n    assert candidate(3) == 288\n    assert candidate(4) == 800\n\ndef test_check():\n    check(cube_Sum)\n\ntest_check()\n",
      "timestamp": 1665510521,
      "stdout": "",
      "stderr": "",
      "exit_code": 0,
      "status": "OK"
    },
    {
      "program": "def cube_Sum(n: int) -> int:\n    \"\"\"\n\tWrite a python function to find the cube sum of first n even natural numbers.\n\t\"\"\"\n    return sum(i ** 3 for i in range(2, n * 2 + 1, 2))\n\n\ndef check(candidate):\n    assert candidate(2) == 72\n    assert candidate(3) == 288\n    assert candidate(4) == 800\n\ndef test_check():\n    check(cube_Sum)\n\ntest_check()\n",
      "timestamp": 1665510521,
      "stdout": "",
      "stderr": "",
      "exit_code": 0,
      "status": "OK"
    },
    {
      "program": "def cube_Sum(n: int) -> int:\n    \"\"\"\n\tWrite a python function to find the cube sum of first n even natural numbers.\n\t\"\"\"\n    return sum([i ** 3 for i in range(2, n * 2 + 1, 2)])\n\n\ndef check(candidate):\n    assert candidate(2) == 72\n    assert candidate(3) == 288\n    assert candidate(4) == 800\n\ndef test_check():\n    check(cube_Sum)\n\ntest_check()\n",
      "timestamp": 1665510521,
      "stdout": "",
      "stderr": "",
      "exit_code": 0,
      "status": "OK"
    },
    {
      "program": "def cube_Sum(n: int) -> int:\n    \"\"\"\n\tWrite a python function to find the cube sum of first n even natural numbers.\n\t\"\"\"\n    sum = 0\n    for i in range(1, n + 1):\n        if i % 2 == 0:\n            sum += i ** 3\n    return sum\n\n\ndef check(candidate):\n    assert candidate(2) == 72\n    assert candidate(3) == 288\n    assert candidate(4) == 800\n\ndef test_check():\n    check(cube_Sum)\n\ntest_check()\n",
      "timestamp": 1666123692,
      "stdout": "",
      "stderr": "Traceback (most recent call last):\n  File \"/tmp/tmpqtysevc_.py\", line 20, in <module>\n    test_check()\n  File \"/tmp/tmpqtysevc_.py\", line 18, in test_check\n    check(cube_Sum)\n  File \"/tmp/tmpqtysevc_.py\", line 13, in check\n    assert candidate(2) == 72\nAssertionError\n",
      "exit_code": 1,
      "status": "Exception"
    },
    {
      "program": "def cube_Sum(n: int) -> int:\n    \"\"\"\n\tWrite a python function to find the cube sum of first n even natural numbers.\n\t\"\"\"\n    return sum([i ** 3 for i in range(2, n + 1, 2)])\n\n\ndef check(candidate):\n    assert candidate(2) == 72\n    assert candidate(3) == 288\n    assert candidate(4) == 800\n\ndef test_check():\n    check(cube_Sum)\n\ntest_check()\n",
      "timestamp": 1665510521,
      "stdout": "",
      "stderr": "Traceback (most recent call last):\n  File \"/tmp/tmptamyc7i6.py\", line 16, in <module>\n    test_check()\n  File \"/tmp/tmptamyc7i6.py\", line 14, in test_check\n    check(cube_Sum)\n  File \"/tmp/tmptamyc7i6.py\", line 9, in check\n    assert candidate(2) == 72\nAssertionError\n",
      "exit_code": 1,
      "status": "Exception"
    },
    {
      "program": "def cube_Sum(n: int) -> int:\n    \"\"\"\n\tWrite a python function to find the cube sum of first n even natural numbers.\n\t\"\"\"\n    return sum([i ** 3 for i in range(2, n * 2 + 1, 2)])\n\n\ndef check(candidate):\n    assert candidate(2) == 72\n    assert candidate(3) == 288\n    assert candidate(4) == 800\n\ndef test_check():\n    check(cube_Sum)\n\ntest_check()\n",
      "timestamp": 1665510521,
      "stdout": "",
      "stderr": "",
      "exit_code": 0,
      "status": "OK"
    },
    {
      "program": "def cube_Sum(n: int) -> int:\n    \"\"\"\n\tWrite a python function to find the cube sum of first n even natural numbers.\n\t\"\"\"\n    return sum([i ** 3 for i in range(2, n * 2 + 1, 2)])\n\n\ndef check(candidate):\n    assert candidate(2) == 72\n    assert candidate(3) == 288\n    assert candidate(4) == 800\n\ndef test_check():\n    check(cube_Sum)\n\ntest_check()\n",
      "timestamp": 1665510521,
      "stdout": "",
      "stderr": "",
      "exit_code": 0,
      "status": "OK"
    },
    {
      "program": "def cube_Sum(n: int) -> int:\n    \"\"\"\n\tWrite a python function to find the cube sum of first n even natural numbers.\n\t\"\"\"\n    return sum([i**3 for i in range(2, n*2+1, 2)])\n\n\ndef check(candidate):\n    assert candidate(2) == 72\n    assert candidate(3) == 288\n    assert candidate(4) == 800\n\ndef test_check():\n    check(cube_Sum)\n\ntest_check()\n",
      "timestamp": 1665510521,
      "stdout": "",
      "stderr": "",
      "exit_code": 0,
      "status": "OK"
    },
    {
      "program": "def cube_Sum(n: int) -> int:\n    \"\"\"\n\tWrite a python function to find the cube sum of first n even natural numbers.\n\t\"\"\"\n    return sum([i ** 3 for i in range(2, n + 1, 2)])\n\n\ndef check(candidate):\n    assert candidate(2) == 72\n    assert candidate(3) == 288\n    assert candidate(4) == 800\n\ndef test_check():\n    check(cube_Sum)\n\ntest_check()\n",
      "timestamp": 1665510521,
      "stdout": "",
      "stderr": "Traceback (most recent call last):\n  File \"/tmp/tmptamyc7i6.py\", line 16, in <module>\n    test_check()\n  File \"/tmp/tmptamyc7i6.py\", line 14, in test_check\n    check(cube_Sum)\n  File \"/tmp/tmptamyc7i6.py\", line 9, in check\n    assert candidate(2) == 72\nAssertionError\n",
      "exit_code": 1,
      "status": "Exception"
    }
  ]
}