{
  "name": "mbpp_626_triangle_area",
  "language": "py",
  "prompt": "from typing import Optional\n\ndef triangle_area(r: int) -> Optional[int]:\n    \"\"\"\n\tWrite a python function to find the area of the largest triangle that can be inscribed in a semicircle with a given radius.\n\t\"\"\"\n",
  "doctests": "transform",
  "original": "/home/arjun/repos/MultiPL-E/datasets/../datasets/mbpp-typed/mbpp_626_triangle_area.py",
  "prompt_terminology": "reworded",
  "tests": "def check(candidate):\n    assert candidate(-1) == None\n    assert candidate(0) == 0\n    assert candidate(2) == 4\n\ndef test_check():\n    check(triangle_area)\n\ntest_check()\n",
  "stop_tokens": [
    "\ndef",
    "\n#",
    "\nif",
    "\nclass"
  ],
  "results": [
    {
      "program": "from typing import Optional\n\ndef triangle_area(r: int) -> Optional[int]:\n    \"\"\"\n\tWrite a python function to find the area of the largest triangle that can be inscribed in a semicircle with a given radius.\n\t\"\"\"\n    if r <= 0:\n        return None\n    return (r**2 * math.sqrt(3)) / 4\n\ndef check(candidate):\n    assert candidate(-1) == None\n    assert candidate(0) == 0\n    assert candidate(2) == 4\n\ndef test_check():\n    check(triangle_area)\n\ntest_check()\n",
      "timestamp": 1665510627,
      "stdout": "",
      "stderr": "Traceback (most recent call last):\n  File \"/tmp/tmpfo_7jqnx.py\", line 19, in <module>\n    test_check()\n  File \"/tmp/tmpfo_7jqnx.py\", line 17, in test_check\n    check(triangle_area)\n  File \"/tmp/tmpfo_7jqnx.py\", line 13, in check\n    assert candidate(0) == 0\nAssertionError\n",
      "exit_code": 1,
      "status": "Exception"
    },
    {
      "program": "from typing import Optional\n\ndef triangle_area(r: int) -> Optional[int]:\n    \"\"\"\n\tWrite a python function to find the area of the largest triangle that can be inscribed in a semicircle with a given radius.\n\t\"\"\"\n    if r <= 0:\n        return None\n    else:\n        return (r**2 * math.sqrt(3)) / 4\n\ndef check(candidate):\n    assert candidate(-1) == None\n    assert candidate(0) == 0\n    assert candidate(2) == 4\n\ndef test_check():\n    check(triangle_area)\n\ntest_check()\n",
      "timestamp": 1665510627,
      "stdout": "",
      "stderr": "Traceback (most recent call last):\n  File \"/tmp/tmpab02ms__.py\", line 20, in <module>\n    test_check()\n  File \"/tmp/tmpab02ms__.py\", line 18, in test_check\n    check(triangle_area)\n  File \"/tmp/tmpab02ms__.py\", line 14, in check\n    assert candidate(0) == 0\nAssertionError\n",
      "exit_code": 1,
      "status": "Exception"
    },
    {
      "program": "from typing import Optional\n\ndef triangle_area(r: int) -> Optional[int]:\n    \"\"\"\n\tWrite a python function to find the area of the largest triangle that can be inscribed in a semicircle with a given radius.\n\t\"\"\"\n    if r <= 0:\n        return None\n    else:\n        return (r**2 * math.sqrt(3)) / 4\n\ndef check(candidate):\n    assert candidate(-1) == None\n    assert candidate(0) == 0\n    assert candidate(2) == 4\n\ndef test_check():\n    check(triangle_area)\n\ntest_check()\n",
      "timestamp": 1665510627,
      "stdout": "",
      "stderr": "Traceback (most recent call last):\n  File \"/tmp/tmpab02ms__.py\", line 20, in <module>\n    test_check()\n  File \"/tmp/tmpab02ms__.py\", line 18, in test_check\n    check(triangle_area)\n  File \"/tmp/tmpab02ms__.py\", line 14, in check\n    assert candidate(0) == 0\nAssertionError\n",
      "exit_code": 1,
      "status": "Exception"
    },
    {
      "program": "from typing import Optional\n\ndef triangle_area(r: int) -> Optional[int]:\n    \"\"\"\n\tWrite a python function to find the area of the largest triangle that can be inscribed in a semicircle with a given radius.\n\t\"\"\"\n    if r < 0:\n        return None\n    else:\n        return (r**2 * math.sqrt(3))/4\n\ndef check(candidate):\n    assert candidate(-1) == None\n    assert candidate(0) == 0\n    assert candidate(2) == 4\n\ndef test_check():\n    check(triangle_area)\n\ntest_check()\n",
      "timestamp": 1665510627,
      "stdout": "",
      "stderr": "Traceback (most recent call last):\n  File \"/tmp/tmpb3v7t970.py\", line 20, in <module>\n    test_check()\n  File \"/tmp/tmpb3v7t970.py\", line 18, in test_check\n    check(triangle_area)\n  File \"/tmp/tmpb3v7t970.py\", line 14, in check\n    assert candidate(0) == 0\n  File \"/tmp/tmpb3v7t970.py\", line 10, in triangle_area\n    return (r**2 * math.sqrt(3))/4\nNameError: name 'math' is not defined\n",
      "exit_code": 1,
      "status": "Exception"
    },
    {
      "program": "from typing import Optional\n\ndef triangle_area(r: int) -> Optional[int]:\n    \"\"\"\n\tWrite a python function to find the area of the largest triangle that can be inscribed in a semicircle with a given radius.\n\t\"\"\"\n    if r <= 0:\n        return None\n    return (r**2 * math.sqrt(3)) / 4\n\ndef check(candidate):\n    assert candidate(-1) == None\n    assert candidate(0) == 0\n    assert candidate(2) == 4\n\ndef test_check():\n    check(triangle_area)\n\ntest_check()\n",
      "timestamp": 1665510627,
      "stdout": "",
      "stderr": "Traceback (most recent call last):\n  File \"/tmp/tmpfo_7jqnx.py\", line 19, in <module>\n    test_check()\n  File \"/tmp/tmpfo_7jqnx.py\", line 17, in test_check\n    check(triangle_area)\n  File \"/tmp/tmpfo_7jqnx.py\", line 13, in check\n    assert candidate(0) == 0\nAssertionError\n",
      "exit_code": 1,
      "status": "Exception"
    },
    {
      "program": "from typing import Optional\n\ndef triangle_area(r: int) -> Optional[int]:\n    \"\"\"\n\tWrite a python function to find the area of the largest triangle that can be inscribed in a semicircle with a given radius.\n\t\"\"\"\n    if r <= 0:\n        return None\n    else:\n        return (r ** 2) / 2\n\nprint(triangle_area(5))\ndef check(candidate):\n    assert candidate(-1) == None\n    assert candidate(0) == 0\n    assert candidate(2) == 4\n\ndef test_check():\n    check(triangle_area)\n\ntest_check()\n",
      "timestamp": 1665510627,
      "stdout": "12.5\n",
      "stderr": "Traceback (most recent call last):\n  File \"/tmp/tmpkisva7wj.py\", line 21, in <module>\n    test_check()\n  File \"/tmp/tmpkisva7wj.py\", line 19, in test_check\n    check(triangle_area)\n  File \"/tmp/tmpkisva7wj.py\", line 15, in check\n    assert candidate(0) == 0\nAssertionError\n",
      "exit_code": 1,
      "status": "Exception"
    },
    {
      "program": "from typing import Optional\n\ndef triangle_area(r: int) -> Optional[int]:\n    \"\"\"\n\tWrite a python function to find the area of the largest triangle that can be inscribed in a semicircle with a given radius.\n\t\"\"\"\n    if r <= 0:\n        return None\n    return (r**2 * math.sqrt(3)) / 4\n\ndef check(candidate):\n    assert candidate(-1) == None\n    assert candidate(0) == 0\n    assert candidate(2) == 4\n\ndef test_check():\n    check(triangle_area)\n\ntest_check()\n",
      "timestamp": 1665510627,
      "stdout": "",
      "stderr": "Traceback (most recent call last):\n  File \"/tmp/tmpfo_7jqnx.py\", line 19, in <module>\n    test_check()\n  File \"/tmp/tmpfo_7jqnx.py\", line 17, in test_check\n    check(triangle_area)\n  File \"/tmp/tmpfo_7jqnx.py\", line 13, in check\n    assert candidate(0) == 0\nAssertionError\n",
      "exit_code": 1,
      "status": "Exception"
    },
    {
      "program": "from typing import Optional\n\ndef triangle_area(r: int) -> Optional[int]:\n    \"\"\"\n\tWrite a python function to find the area of the largest triangle that can be inscribed in a semicircle with a given radius.\n\t\"\"\"\n    if r <= 0:\n        return None\n    else:\n        return (r**2 * math.sqrt(3))/4\n\ndef check(candidate):\n    assert candidate(-1) == None\n    assert candidate(0) == 0\n    assert candidate(2) == 4\n\ndef test_check():\n    check(triangle_area)\n\ntest_check()\n",
      "timestamp": 1665510627,
      "stdout": "",
      "stderr": "Traceback (most recent call last):\n  File \"/tmp/tmpmwal0pys.py\", line 20, in <module>\n    test_check()\n  File \"/tmp/tmpmwal0pys.py\", line 18, in test_check\n    check(triangle_area)\n  File \"/tmp/tmpmwal0pys.py\", line 14, in check\n    assert candidate(0) == 0\nAssertionError\n",
      "exit_code": 1,
      "status": "Exception"
    },
    {
      "program": "from typing import Optional\n\ndef triangle_area(r: int) -> Optional[int]:\n    \"\"\"\n\tWrite a python function to find the area of the largest triangle that can be inscribed in a semicircle with a given radius.\n\t\"\"\"\n    # Write your code here\n    if r <= 0:\n        return None\n    else:\n        return (r**2 * math.sqrt(3))/4\n\ndef check(candidate):\n    assert candidate(-1) == None\n    assert candidate(0) == 0\n    assert candidate(2) == 4\n\ndef test_check():\n    check(triangle_area)\n\ntest_check()\n",
      "timestamp": 1665510627,
      "stdout": "",
      "stderr": "Traceback (most recent call last):\n  File \"/tmp/tmpok7zppul.py\", line 21, in <module>\n    test_check()\n  File \"/tmp/tmpok7zppul.py\", line 19, in test_check\n    check(triangle_area)\n  File \"/tmp/tmpok7zppul.py\", line 15, in check\n    assert candidate(0) == 0\nAssertionError\n",
      "exit_code": 1,
      "status": "Exception"
    },
    {
      "program": "from typing import Optional\n\ndef triangle_area(r: int) -> Optional[int]:\n    \"\"\"\n\tWrite a python function to find the area of the largest triangle that can be inscribed in a semicircle with a given radius.\n\t\"\"\"\n    if r <= 0:\n        return None\n    else:\n        return (r**2 * math.sqrt(3)) / 4\n\ndef check(candidate):\n    assert candidate(-1) == None\n    assert candidate(0) == 0\n    assert candidate(2) == 4\n\ndef test_check():\n    check(triangle_area)\n\ntest_check()\n",
      "timestamp": 1665510627,
      "stdout": "",
      "stderr": "Traceback (most recent call last):\n  File \"/tmp/tmpab02ms__.py\", line 20, in <module>\n    test_check()\n  File \"/tmp/tmpab02ms__.py\", line 18, in test_check\n    check(triangle_area)\n  File \"/tmp/tmpab02ms__.py\", line 14, in check\n    assert candidate(0) == 0\nAssertionError\n",
      "exit_code": 1,
      "status": "Exception"
    },
    {
      "program": "from typing import Optional\n\ndef triangle_area(r: int) -> Optional[int]:\n    \"\"\"\n\tWrite a python function to find the area of the largest triangle that can be inscribed in a semicircle with a given radius.\n\t\"\"\"\n    if r <= 0:\n        return None\n    else:\n        return (r**2 * math.sqrt(3)) / 4\n\ndef check(candidate):\n    assert candidate(-1) == None\n    assert candidate(0) == 0\n    assert candidate(2) == 4\n\ndef test_check():\n    check(triangle_area)\n\ntest_check()\n",
      "timestamp": 1665510627,
      "stdout": "",
      "stderr": "Traceback (most recent call last):\n  File \"/tmp/tmpab02ms__.py\", line 20, in <module>\n    test_check()\n  File \"/tmp/tmpab02ms__.py\", line 18, in test_check\n    check(triangle_area)\n  File \"/tmp/tmpab02ms__.py\", line 14, in check\n    assert candidate(0) == 0\nAssertionError\n",
      "exit_code": 1,
      "status": "Exception"
    },
    {
      "program": "from typing import Optional\n\ndef triangle_area(r: int) -> Optional[int]:\n    \"\"\"\n\tWrite a python function to find the area of the largest triangle that can be inscribed in a semicircle with a given radius.\n\t\"\"\"\n    if r <= 0:\n        return None\n    return (math.pi * r ** 2) / 2\n\ndef check(candidate):\n    assert candidate(-1) == None\n    assert candidate(0) == 0\n    assert candidate(2) == 4\n\ndef test_check():\n    check(triangle_area)\n\ntest_check()\n",
      "timestamp": 1665510627,
      "stdout": "",
      "stderr": "Traceback (most recent call last):\n  File \"/tmp/tmpk976gatk.py\", line 19, in <module>\n    test_check()\n  File \"/tmp/tmpk976gatk.py\", line 17, in test_check\n    check(triangle_area)\n  File \"/tmp/tmpk976gatk.py\", line 13, in check\n    assert candidate(0) == 0\nAssertionError\n",
      "exit_code": 1,
      "status": "Exception"
    },
    {
      "program": "from typing import Optional\n\ndef triangle_area(r: int) -> Optional[int]:\n    \"\"\"\n\tWrite a python function to find the area of the largest triangle that can be inscribed in a semicircle with a given radius.\n\t\"\"\"\n    if r <= 0:\n        return None\n    return (r ** 2) * math.sqrt(3) / 4\n\n\ndef check(candidate):\n    assert candidate(-1) == None\n    assert candidate(0) == 0\n    assert candidate(2) == 4\n\ndef test_check():\n    check(triangle_area)\n\ntest_check()\n",
      "timestamp": 1665510627,
      "stdout": "",
      "stderr": "Traceback (most recent call last):\n  File \"/tmp/tmpf5e5w7pp.py\", line 20, in <module>\n    test_check()\n  File \"/tmp/tmpf5e5w7pp.py\", line 18, in test_check\n    check(triangle_area)\n  File \"/tmp/tmpf5e5w7pp.py\", line 14, in check\n    assert candidate(0) == 0\nAssertionError\n",
      "exit_code": 1,
      "status": "Exception"
    },
    {
      "program": "from typing import Optional\n\ndef triangle_area(r: int) -> Optional[int]:\n    \"\"\"\n\tWrite a python function to find the area of the largest triangle that can be inscribed in a semicircle with a given radius.\n\t\"\"\"\n    if r <= 0:\n        return None\n    else:\n        return (r ** 2) * math.sqrt(3) / 4\n\ndef check(candidate):\n    assert candidate(-1) == None\n    assert candidate(0) == 0\n    assert candidate(2) == 4\n\ndef test_check():\n    check(triangle_area)\n\ntest_check()\n",
      "timestamp": 1665510627,
      "stdout": "",
      "stderr": "Traceback (most recent call last):\n  File \"/tmp/tmpwwf2m3hb.py\", line 20, in <module>\n    test_check()\n  File \"/tmp/tmpwwf2m3hb.py\", line 18, in test_check\n    check(triangle_area)\n  File \"/tmp/tmpwwf2m3hb.py\", line 14, in check\n    assert candidate(0) == 0\nAssertionError\n",
      "exit_code": 1,
      "status": "Exception"
    },
    {
      "program": "from typing import Optional\n\ndef triangle_area(r: int) -> Optional[int]:\n    \"\"\"\n\tWrite a python function to find the area of the largest triangle that can be inscribed in a semicircle with a given radius.\n\t\"\"\"\n    if r <= 0:\n        return None\n    else:\n        return (r ** 2) * math.sqrt(3) / 4\n\ndef check(candidate):\n    assert candidate(-1) == None\n    assert candidate(0) == 0\n    assert candidate(2) == 4\n\ndef test_check():\n    check(triangle_area)\n\ntest_check()\n",
      "timestamp": 1665510627,
      "stdout": "",
      "stderr": "Traceback (most recent call last):\n  File \"/tmp/tmpwwf2m3hb.py\", line 20, in <module>\n    test_check()\n  File \"/tmp/tmpwwf2m3hb.py\", line 18, in test_check\n    check(triangle_area)\n  File \"/tmp/tmpwwf2m3hb.py\", line 14, in check\n    assert candidate(0) == 0\nAssertionError\n",
      "exit_code": 1,
      "status": "Exception"
    },
    {
      "program": "from typing import Optional\n\ndef triangle_area(r: int) -> Optional[int]:\n    \"\"\"\n\tWrite a python function to find the area of the largest triangle that can be inscribed in a semicircle with a given radius.\n\t\"\"\"\n    if r <= 0:\n        return None\n    else:\n        return (r ** 2) * math.sqrt(3) / 4\ndef check(candidate):\n    assert candidate(-1) == None\n    assert candidate(0) == 0\n    assert candidate(2) == 4\n\ndef test_check():\n    check(triangle_area)\n\ntest_check()\n",
      "timestamp": 1665510627,
      "stdout": "",
      "stderr": "Traceback (most recent call last):\n  File \"/tmp/tmpu11zq482.py\", line 19, in <module>\n    test_check()\n  File \"/tmp/tmpu11zq482.py\", line 17, in test_check\n    check(triangle_area)\n  File \"/tmp/tmpu11zq482.py\", line 13, in check\n    assert candidate(0) == 0\nAssertionError\n",
      "exit_code": 1,
      "status": "Exception"
    },
    {
      "program": "from typing import Optional\n\ndef triangle_area(r: int) -> Optional[int]:\n    \"\"\"\n\tWrite a python function to find the area of the largest triangle that can be inscribed in a semicircle with a given radius.\n\t\"\"\"\n    if r <= 0:\n        return None\n    else:\n        return (r**2 * math.sqrt(3)) / 4\n\ndef check(candidate):\n    assert candidate(-1) == None\n    assert candidate(0) == 0\n    assert candidate(2) == 4\n\ndef test_check():\n    check(triangle_area)\n\ntest_check()\n",
      "timestamp": 1665510627,
      "stdout": "",
      "stderr": "Traceback (most recent call last):\n  File \"/tmp/tmpab02ms__.py\", line 20, in <module>\n    test_check()\n  File \"/tmp/tmpab02ms__.py\", line 18, in test_check\n    check(triangle_area)\n  File \"/tmp/tmpab02ms__.py\", line 14, in check\n    assert candidate(0) == 0\nAssertionError\n",
      "exit_code": 1,
      "status": "Exception"
    },
    {
      "program": "from typing import Optional\n\ndef triangle_area(r: int) -> Optional[int]:\n    \"\"\"\n\tWrite a python function to find the area of the largest triangle that can be inscribed in a semicircle with a given radius.\n\t\"\"\"\n    if r <= 0:\n        return None\n    else:\n        return (r ** 2 * math.sqrt(3)) / 4\n\ndef check(candidate):\n    assert candidate(-1) == None\n    assert candidate(0) == 0\n    assert candidate(2) == 4\n\ndef test_check():\n    check(triangle_area)\n\ntest_check()\n",
      "timestamp": 1665510627,
      "stdout": "",
      "stderr": "Traceback (most recent call last):\n  File \"/tmp/tmps7eugxnc.py\", line 20, in <module>\n    test_check()\n  File \"/tmp/tmps7eugxnc.py\", line 18, in test_check\n    check(triangle_area)\n  File \"/tmp/tmps7eugxnc.py\", line 14, in check\n    assert candidate(0) == 0\nAssertionError\n",
      "exit_code": 1,
      "status": "Exception"
    },
    {
      "program": "from typing import Optional\n\ndef triangle_area(r: int) -> Optional[int]:\n    \"\"\"\n\tWrite a python function to find the area of the largest triangle that can be inscribed in a semicircle with a given radius.\n\t\"\"\"\n    if r <= 0:\n        return None\n    else:\n        return (r**2 * math.sqrt(3))/4\n\ndef check(candidate):\n    assert candidate(-1) == None\n    assert candidate(0) == 0\n    assert candidate(2) == 4\n\ndef test_check():\n    check(triangle_area)\n\ntest_check()\n",
      "timestamp": 1665510627,
      "stdout": "",
      "stderr": "Traceback (most recent call last):\n  File \"/tmp/tmpmwal0pys.py\", line 20, in <module>\n    test_check()\n  File \"/tmp/tmpmwal0pys.py\", line 18, in test_check\n    check(triangle_area)\n  File \"/tmp/tmpmwal0pys.py\", line 14, in check\n    assert candidate(0) == 0\nAssertionError\n",
      "exit_code": 1,
      "status": "Exception"
    },
    {
      "program": "from typing import Optional\n\ndef triangle_area(r: int) -> Optional[int]:\n    \"\"\"\n\tWrite a python function to find the area of the largest triangle that can be inscribed in a semicircle with a given radius.\n\t\"\"\"\n    if r <= 0:\n        return None\n    return (r ** 2) * (math.pi / 2)\n\ndef check(candidate):\n    assert candidate(-1) == None\n    assert candidate(0) == 0\n    assert candidate(2) == 4\n\ndef test_check():\n    check(triangle_area)\n\ntest_check()\n",
      "timestamp": 1665510627,
      "stdout": "",
      "stderr": "Traceback (most recent call last):\n  File \"/tmp/tmpiy1tpw4a.py\", line 19, in <module>\n    test_check()\n  File \"/tmp/tmpiy1tpw4a.py\", line 17, in test_check\n    check(triangle_area)\n  File \"/tmp/tmpiy1tpw4a.py\", line 13, in check\n    assert candidate(0) == 0\nAssertionError\n",
      "exit_code": 1,
      "status": "Exception"
    },
    {
      "program": "from typing import Optional\n\ndef triangle_area(r: int) -> Optional[int]:\n    \"\"\"\n\tWrite a python function to find the area of the largest triangle that can be inscribed in a semicircle with a given radius.\n\t\"\"\"\n    if r <= 0:\n        return None\n    return (3**0.5 * r**2) / 4\n\ndef check(candidate):\n    assert candidate(-1) == None\n    assert candidate(0) == 0\n    assert candidate(2) == 4\n\ndef test_check():\n    check(triangle_area)\n\ntest_check()\n",
      "timestamp": 1666123550,
      "stdout": "",
      "stderr": "Traceback (most recent call last):\n  File \"/tmp/tmpc5el_sgh.py\", line 19, in <module>\n    test_check()\n  File \"/tmp/tmpc5el_sgh.py\", line 17, in test_check\n    check(triangle_area)\n  File \"/tmp/tmpc5el_sgh.py\", line 13, in check\n    assert candidate(0) == 0\nAssertionError\n",
      "exit_code": 1,
      "status": "Exception"
    },
    {
      "program": "from typing import Optional\n\ndef triangle_area(r: int) -> Optional[int]:\n    \"\"\"\n\tWrite a python function to find the area of the largest triangle that can be inscribed in a semicircle with a given radius.\n\t\"\"\"\n    if r <= 0:\n        return None\n    else:\n        return (r ** 2) * math.sqrt(3) / 4\n\nprint(triangle_area(5))\ndef check(candidate):\n    assert candidate(-1) == None\n    assert candidate(0) == 0\n    assert candidate(2) == 4\n\ndef test_check():\n    check(triangle_area)\n\ntest_check()\n",
      "timestamp": 1666123550,
      "stdout": "",
      "stderr": "Traceback (most recent call last):\n  File \"/tmp/tmplh6r327g.py\", line 12, in <module>\n    print(triangle_area(5))\n  File \"/tmp/tmplh6r327g.py\", line 10, in triangle_area\n    return (r ** 2) * math.sqrt(3) / 4\nNameError: name 'math' is not defined\n",
      "exit_code": 1,
      "status": "Exception"
    },
    {
      "program": "from typing import Optional\n\ndef triangle_area(r: int) -> Optional[int]:\n    \"\"\"\n\tWrite a python function to find the area of the largest triangle that can be inscribed in a semicircle with a given radius.\n\t\"\"\"\n    if r <= 0:\n        return None\n    else:\n        return (r ** 2) / 2\ndef check(candidate):\n    assert candidate(-1) == None\n    assert candidate(0) == 0\n    assert candidate(2) == 4\n\ndef test_check():\n    check(triangle_area)\n\ntest_check()\n",
      "timestamp": 1666123550,
      "stdout": "",
      "stderr": "Traceback (most recent call last):\n  File \"/tmp/tmpjlua_85l.py\", line 19, in <module>\n    test_check()\n  File \"/tmp/tmpjlua_85l.py\", line 17, in test_check\n    check(triangle_area)\n  File \"/tmp/tmpjlua_85l.py\", line 13, in check\n    assert candidate(0) == 0\nAssertionError\n",
      "exit_code": 1,
      "status": "Exception"
    },
    {
      "program": "from typing import Optional\n\ndef triangle_area(r: int) -> Optional[int]:\n    \"\"\"\n\tWrite a python function to find the area of the largest triangle that can be inscribed in a semicircle with a given radius.\n\t\"\"\"\n    return (3**0.5 * r**2) / 4 if r > 0 else None\n\ndef check(candidate):\n    assert candidate(-1) == None\n    assert candidate(0) == 0\n    assert candidate(2) == 4\n\ndef test_check():\n    check(triangle_area)\n\ntest_check()\n",
      "timestamp": 1666123550,
      "stdout": "",
      "stderr": "Traceback (most recent call last):\n  File \"/tmp/tmpdxn0cipm.py\", line 17, in <module>\n    test_check()\n  File \"/tmp/tmpdxn0cipm.py\", line 15, in test_check\n    check(triangle_area)\n  File \"/tmp/tmpdxn0cipm.py\", line 11, in check\n    assert candidate(0) == 0\nAssertionError\n",
      "exit_code": 1,
      "status": "Exception"
    },
    {
      "program": "from typing import Optional\n\ndef triangle_area(r: int) -> Optional[int]:\n    \"\"\"\n\tWrite a python function to find the area of the largest triangle that can be inscribed in a semicircle with a given radius.\n\t\"\"\"\n    if r <= 0:\n        return None\n    else:\n        return (r**2 * math.sqrt(3))/4\n\ndef check(candidate):\n    assert candidate(-1) == None\n    assert candidate(0) == 0\n    assert candidate(2) == 4\n\ndef test_check():\n    check(triangle_area)\n\ntest_check()\n",
      "timestamp": 1665510627,
      "stdout": "",
      "stderr": "Traceback (most recent call last):\n  File \"/tmp/tmpmwal0pys.py\", line 20, in <module>\n    test_check()\n  File \"/tmp/tmpmwal0pys.py\", line 18, in test_check\n    check(triangle_area)\n  File \"/tmp/tmpmwal0pys.py\", line 14, in check\n    assert candidate(0) == 0\nAssertionError\n",
      "exit_code": 1,
      "status": "Exception"
    },
    {
      "program": "from typing import Optional\n\ndef triangle_area(r: int) -> Optional[int]:\n    \"\"\"\n\tWrite a python function to find the area of the largest triangle that can be inscribed in a semicircle with a given radius.\n\t\"\"\"\n    if r <= 0:\n        return None\n    return r**2/2\n\ndef check(candidate):\n    assert candidate(-1) == None\n    assert candidate(0) == 0\n    assert candidate(2) == 4\n\ndef test_check():\n    check(triangle_area)\n\ntest_check()\n",
      "timestamp": 1666123550,
      "stdout": "",
      "stderr": "Traceback (most recent call last):\n  File \"/tmp/tmphzwrfto_.py\", line 19, in <module>\n    test_check()\n  File \"/tmp/tmphzwrfto_.py\", line 17, in test_check\n    check(triangle_area)\n  File \"/tmp/tmphzwrfto_.py\", line 13, in check\n    assert candidate(0) == 0\nAssertionError\n",
      "exit_code": 1,
      "status": "Exception"
    },
    {
      "program": "from typing import Optional\n\ndef triangle_area(r: int) -> Optional[int]:\n    \"\"\"\n\tWrite a python function to find the area of the largest triangle that can be inscribed in a semicircle with a given radius.\n\t\"\"\"\n    if r <= 0:\n        return None\n    else:\n        return (r ** 2 * math.sqrt(3)) / 4\n\n\ndef check(candidate):\n    assert candidate(-1) == None\n    assert candidate(0) == 0\n    assert candidate(2) == 4\n\ndef test_check():\n    check(triangle_area)\n\ntest_check()\n",
      "timestamp": 1666123550,
      "stdout": "",
      "stderr": "Traceback (most recent call last):\n  File \"/tmp/tmp6kb0fk6v.py\", line 21, in <module>\n    test_check()\n  File \"/tmp/tmp6kb0fk6v.py\", line 19, in test_check\n    check(triangle_area)\n  File \"/tmp/tmp6kb0fk6v.py\", line 15, in check\n    assert candidate(0) == 0\nAssertionError\n",
      "exit_code": 1,
      "status": "Exception"
    },
    {
      "program": "from typing import Optional\n\ndef triangle_area(r: int) -> Optional[int]:\n    \"\"\"\n\tWrite a python function to find the area of the largest triangle that can be inscribed in a semicircle with a given radius.\n\t\"\"\"\n    if r <= 0:\n        return None\n    return (r ** 2) * math.sqrt(3) / 4\n\ndef check(candidate):\n    assert candidate(-1) == None\n    assert candidate(0) == 0\n    assert candidate(2) == 4\n\ndef test_check():\n    check(triangle_area)\n\ntest_check()\n",
      "timestamp": 1666123550,
      "stdout": "",
      "stderr": "Traceback (most recent call last):\n  File \"/tmp/tmpog14rupo.py\", line 19, in <module>\n    test_check()\n  File \"/tmp/tmpog14rupo.py\", line 17, in test_check\n    check(triangle_area)\n  File \"/tmp/tmpog14rupo.py\", line 13, in check\n    assert candidate(0) == 0\nAssertionError\n",
      "exit_code": 1,
      "status": "Exception"
    },
    {
      "program": "from typing import Optional\n\ndef triangle_area(r: int) -> Optional[int]:\n    \"\"\"\n\tWrite a python function to find the area of the largest triangle that can be inscribed in a semicircle with a given radius.\n\t\"\"\"\n    if r <= 0:\n        return None\n    else:\n        return (r ** 2 * math.sqrt(3)) / 4\n\ndef check(candidate):\n    assert candidate(-1) == None\n    assert candidate(0) == 0\n    assert candidate(2) == 4\n\ndef test_check():\n    check(triangle_area)\n\ntest_check()\n",
      "timestamp": 1665510627,
      "stdout": "",
      "stderr": "Traceback (most recent call last):\n  File \"/tmp/tmps7eugxnc.py\", line 20, in <module>\n    test_check()\n  File \"/tmp/tmps7eugxnc.py\", line 18, in test_check\n    check(triangle_area)\n  File \"/tmp/tmps7eugxnc.py\", line 14, in check\n    assert candidate(0) == 0\nAssertionError\n",
      "exit_code": 1,
      "status": "Exception"
    },
    {
      "program": "from typing import Optional\n\ndef triangle_area(r: int) -> Optional[int]:\n    \"\"\"\n\tWrite a python function to find the area of the largest triangle that can be inscribed in a semicircle with a given radius.\n\t\"\"\"\n    if r <= 0:\n        return None\n    else:\n        return (r**2 * math.sqrt(3)) / 4\n\ndef check(candidate):\n    assert candidate(-1) == None\n    assert candidate(0) == 0\n    assert candidate(2) == 4\n\ndef test_check():\n    check(triangle_area)\n\ntest_check()\n",
      "timestamp": 1665510627,
      "stdout": "",
      "stderr": "Traceback (most recent call last):\n  File \"/tmp/tmpab02ms__.py\", line 20, in <module>\n    test_check()\n  File \"/tmp/tmpab02ms__.py\", line 18, in test_check\n    check(triangle_area)\n  File \"/tmp/tmpab02ms__.py\", line 14, in check\n    assert candidate(0) == 0\nAssertionError\n",
      "exit_code": 1,
      "status": "Exception"
    },
    {
      "program": "from typing import Optional\n\ndef triangle_area(r: int) -> Optional[int]:\n    \"\"\"\n\tWrite a python function to find the area of the largest triangle that can be inscribed in a semicircle with a given radius.\n\t\"\"\"\n    if r <= 0:\n        return None\n    else:\n        return (r ** 2) * math.sqrt(3) / 4\n\ndef check(candidate):\n    assert candidate(-1) == None\n    assert candidate(0) == 0\n    assert candidate(2) == 4\n\ndef test_check():\n    check(triangle_area)\n\ntest_check()\n",
      "timestamp": 1665510627,
      "stdout": "",
      "stderr": "Traceback (most recent call last):\n  File \"/tmp/tmpwwf2m3hb.py\", line 20, in <module>\n    test_check()\n  File \"/tmp/tmpwwf2m3hb.py\", line 18, in test_check\n    check(triangle_area)\n  File \"/tmp/tmpwwf2m3hb.py\", line 14, in check\n    assert candidate(0) == 0\nAssertionError\n",
      "exit_code": 1,
      "status": "Exception"
    },
    {
      "program": "from typing import Optional\n\ndef triangle_area(r: int) -> Optional[int]:\n    \"\"\"\n\tWrite a python function to find the area of the largest triangle that can be inscribed in a semicircle with a given radius.\n\t\"\"\"\n    if r <= 0:\n        return None\n    else:\n        return (r ** 2) * (3 ** 0.5) / 4\ndef check(candidate):\n    assert candidate(-1) == None\n    assert candidate(0) == 0\n    assert candidate(2) == 4\n\ndef test_check():\n    check(triangle_area)\n\ntest_check()\n",
      "timestamp": 1666123550,
      "stdout": "",
      "stderr": "Traceback (most recent call last):\n  File \"/tmp/tmpwby089k8.py\", line 19, in <module>\n    test_check()\n  File \"/tmp/tmpwby089k8.py\", line 17, in test_check\n    check(triangle_area)\n  File \"/tmp/tmpwby089k8.py\", line 13, in check\n    assert candidate(0) == 0\nAssertionError\n",
      "exit_code": 1,
      "status": "Exception"
    },
    {
      "program": "from typing import Optional\n\ndef triangle_area(r: int) -> Optional[int]:\n    \"\"\"\n\tWrite a python function to find the area of the largest triangle that can be inscribed in a semicircle with a given radius.\n\t\"\"\"\n    if r <= 0:\n        return None\n    else:\n        return r**2 * math.pi / 2\n\ndef check(candidate):\n    assert candidate(-1) == None\n    assert candidate(0) == 0\n    assert candidate(2) == 4\n\ndef test_check():\n    check(triangle_area)\n\ntest_check()\n",
      "timestamp": 1666123550,
      "stdout": "",
      "stderr": "Traceback (most recent call last):\n  File \"/tmp/tmpfnfwz1a7.py\", line 20, in <module>\n    test_check()\n  File \"/tmp/tmpfnfwz1a7.py\", line 18, in test_check\n    check(triangle_area)\n  File \"/tmp/tmpfnfwz1a7.py\", line 14, in check\n    assert candidate(0) == 0\nAssertionError\n",
      "exit_code": 1,
      "status": "Exception"
    },
    {
      "program": "from typing import Optional\n\ndef triangle_area(r: int) -> Optional[int]:\n    \"\"\"\n\tWrite a python function to find the area of the largest triangle that can be inscribed in a semicircle with a given radius.\n\t\"\"\"\n    if r <= 0:\n        return None\n    return (r ** 2) * math.sqrt(3) / 4\n\ndef check(candidate):\n    assert candidate(-1) == None\n    assert candidate(0) == 0\n    assert candidate(2) == 4\n\ndef test_check():\n    check(triangle_area)\n\ntest_check()\n",
      "timestamp": 1666123550,
      "stdout": "",
      "stderr": "Traceback (most recent call last):\n  File \"/tmp/tmpog14rupo.py\", line 19, in <module>\n    test_check()\n  File \"/tmp/tmpog14rupo.py\", line 17, in test_check\n    check(triangle_area)\n  File \"/tmp/tmpog14rupo.py\", line 13, in check\n    assert candidate(0) == 0\nAssertionError\n",
      "exit_code": 1,
      "status": "Exception"
    },
    {
      "program": "from typing import Optional\n\ndef triangle_area(r: int) -> Optional[int]:\n    \"\"\"\n\tWrite a python function to find the area of the largest triangle that can be inscribed in a semicircle with a given radius.\n\t\"\"\"\n    if r <= 0:\n        return None\n    else:\n        return (r**2 * math.sqrt(3))/4\n\ndef check(candidate):\n    assert candidate(-1) == None\n    assert candidate(0) == 0\n    assert candidate(2) == 4\n\ndef test_check():\n    check(triangle_area)\n\ntest_check()\n",
      "timestamp": 1665510627,
      "stdout": "",
      "stderr": "Traceback (most recent call last):\n  File \"/tmp/tmpmwal0pys.py\", line 20, in <module>\n    test_check()\n  File \"/tmp/tmpmwal0pys.py\", line 18, in test_check\n    check(triangle_area)\n  File \"/tmp/tmpmwal0pys.py\", line 14, in check\n    assert candidate(0) == 0\nAssertionError\n",
      "exit_code": 1,
      "status": "Exception"
    },
    {
      "program": "from typing import Optional\n\ndef triangle_area(r: int) -> Optional[int]:\n    \"\"\"\n\tWrite a python function to find the area of the largest triangle that can be inscribed in a semicircle with a given radius.\n\t\"\"\"\n    if r <= 0:\n        return None\n    return (r ** 2) * (math.sqrt(3) / 4)\n\ndef check(candidate):\n    assert candidate(-1) == None\n    assert candidate(0) == 0\n    assert candidate(2) == 4\n\ndef test_check():\n    check(triangle_area)\n\ntest_check()\n",
      "timestamp": 1666123550,
      "stdout": "",
      "stderr": "Traceback (most recent call last):\n  File \"/tmp/tmp6303e8gm.py\", line 19, in <module>\n    test_check()\n  File \"/tmp/tmp6303e8gm.py\", line 17, in test_check\n    check(triangle_area)\n  File \"/tmp/tmp6303e8gm.py\", line 13, in check\n    assert candidate(0) == 0\nAssertionError\n",
      "exit_code": 1,
      "status": "Exception"
    },
    {
      "program": "from typing import Optional\n\ndef triangle_area(r: int) -> Optional[int]:\n    \"\"\"\n\tWrite a python function to find the area of the largest triangle that can be inscribed in a semicircle with a given radius.\n\t\"\"\"\n    if r <= 0:\n        return None\n    else:\n        return (r**2 * math.sqrt(3)) / 4\n\ndef check(candidate):\n    assert candidate(-1) == None\n    assert candidate(0) == 0\n    assert candidate(2) == 4\n\ndef test_check():\n    check(triangle_area)\n\ntest_check()\n",
      "timestamp": 1665510627,
      "stdout": "",
      "stderr": "Traceback (most recent call last):\n  File \"/tmp/tmpab02ms__.py\", line 20, in <module>\n    test_check()\n  File \"/tmp/tmpab02ms__.py\", line 18, in test_check\n    check(triangle_area)\n  File \"/tmp/tmpab02ms__.py\", line 14, in check\n    assert candidate(0) == 0\nAssertionError\n",
      "exit_code": 1,
      "status": "Exception"
    },
    {
      "program": "from typing import Optional\n\ndef triangle_area(r: int) -> Optional[int]:\n    \"\"\"\n\tWrite a python function to find the area of the largest triangle that can be inscribed in a semicircle with a given radius.\n\t\"\"\"\n    if r <= 0:\n        return None\n    else:\n        return (r**2 * math.sqrt(3)) / 4\n\ndef check(candidate):\n    assert candidate(-1) == None\n    assert candidate(0) == 0\n    assert candidate(2) == 4\n\ndef test_check():\n    check(triangle_area)\n\ntest_check()\n",
      "timestamp": 1665510627,
      "stdout": "",
      "stderr": "Traceback (most recent call last):\n  File \"/tmp/tmpab02ms__.py\", line 20, in <module>\n    test_check()\n  File \"/tmp/tmpab02ms__.py\", line 18, in test_check\n    check(triangle_area)\n  File \"/tmp/tmpab02ms__.py\", line 14, in check\n    assert candidate(0) == 0\nAssertionError\n",
      "exit_code": 1,
      "status": "Exception"
    },
    {
      "program": "from typing import Optional\n\ndef triangle_area(r: int) -> Optional[int]:\n    \"\"\"\n\tWrite a python function to find the area of the largest triangle that can be inscribed in a semicircle with a given radius.\n\t\"\"\"\n    if r <= 0:\n        return None\n    else:\n        return (r**2 * math.sqrt(3)) / 4\n\ndef check(candidate):\n    assert candidate(-1) == None\n    assert candidate(0) == 0\n    assert candidate(2) == 4\n\ndef test_check():\n    check(triangle_area)\n\ntest_check()\n",
      "timestamp": 1665510627,
      "stdout": "",
      "stderr": "Traceback (most recent call last):\n  File \"/tmp/tmpab02ms__.py\", line 20, in <module>\n    test_check()\n  File \"/tmp/tmpab02ms__.py\", line 18, in test_check\n    check(triangle_area)\n  File \"/tmp/tmpab02ms__.py\", line 14, in check\n    assert candidate(0) == 0\nAssertionError\n",
      "exit_code": 1,
      "status": "Exception"
    },
    {
      "program": "from typing import Optional\n\ndef triangle_area(r: int) -> Optional[int]:\n    \"\"\"\n\tWrite a python function to find the area of the largest triangle that can be inscribed in a semicircle with a given radius.\n\t\"\"\"\n    if r <= 0:\n        return None\n    else:\n        return (r**2 * math.sqrt(3)) / 4\n\nprint(triangle_area(5))\ndef check(candidate):\n    assert candidate(-1) == None\n    assert candidate(0) == 0\n    assert candidate(2) == 4\n\ndef test_check():\n    check(triangle_area)\n\ntest_check()\n",
      "timestamp": 1666123550,
      "stdout": "",
      "stderr": "Traceback (most recent call last):\n  File \"/tmp/tmpz6e_16yl.py\", line 12, in <module>\n    print(triangle_area(5))\n  File \"/tmp/tmpz6e_16yl.py\", line 10, in triangle_area\n    return (r**2 * math.sqrt(3)) / 4\nNameError: name 'math' is not defined\n",
      "exit_code": 1,
      "status": "Exception"
    },
    {
      "program": "from typing import Optional\n\ndef triangle_area(r: int) -> Optional[int]:\n    \"\"\"\n\tWrite a python function to find the area of the largest triangle that can be inscribed in a semicircle with a given radius.\n\t\"\"\"\n    if r <= 0:\n        return None\n    return r * r * math.sqrt(3) / 4\n\ndef check(candidate):\n    assert candidate(-1) == None\n    assert candidate(0) == 0\n    assert candidate(2) == 4\n\ndef test_check():\n    check(triangle_area)\n\ntest_check()\n",
      "timestamp": 1666123550,
      "stdout": "",
      "stderr": "Traceback (most recent call last):\n  File \"/tmp/tmpgolmerr0.py\", line 19, in <module>\n    test_check()\n  File \"/tmp/tmpgolmerr0.py\", line 17, in test_check\n    check(triangle_area)\n  File \"/tmp/tmpgolmerr0.py\", line 13, in check\n    assert candidate(0) == 0\nAssertionError\n",
      "exit_code": 1,
      "status": "Exception"
    },
    {
      "program": "from typing import Optional\n\ndef triangle_area(r: int) -> Optional[int]:\n    \"\"\"\n\tWrite a python function to find the area of the largest triangle that can be inscribed in a semicircle with a given radius.\n\t\"\"\"\n    if r <= 0:\n        return None\n    else:\n        return (r ** 2) * (math.pi / 2)\n\ndef check(candidate):\n    assert candidate(-1) == None\n    assert candidate(0) == 0\n    assert candidate(2) == 4\n\ndef test_check():\n    check(triangle_area)\n\ntest_check()\n",
      "timestamp": 1666123550,
      "stdout": "",
      "stderr": "Traceback (most recent call last):\n  File \"/tmp/tmpkptahcgi.py\", line 20, in <module>\n    test_check()\n  File \"/tmp/tmpkptahcgi.py\", line 18, in test_check\n    check(triangle_area)\n  File \"/tmp/tmpkptahcgi.py\", line 14, in check\n    assert candidate(0) == 0\nAssertionError\n",
      "exit_code": 1,
      "status": "Exception"
    },
    {
      "program": "from typing import Optional\n\ndef triangle_area(r: int) -> Optional[int]:\n    \"\"\"\n\tWrite a python function to find the area of the largest triangle that can be inscribed in a semicircle with a given radius.\n\t\"\"\"\n    if r <= 0:\n        return None\n    return (r ** 2) * (math.sqrt(3) / 4)\n\ndef check(candidate):\n    assert candidate(-1) == None\n    assert candidate(0) == 0\n    assert candidate(2) == 4\n\ndef test_check():\n    check(triangle_area)\n\ntest_check()\n",
      "timestamp": 1666123550,
      "stdout": "",
      "stderr": "Traceback (most recent call last):\n  File \"/tmp/tmp6303e8gm.py\", line 19, in <module>\n    test_check()\n  File \"/tmp/tmp6303e8gm.py\", line 17, in test_check\n    check(triangle_area)\n  File \"/tmp/tmp6303e8gm.py\", line 13, in check\n    assert candidate(0) == 0\nAssertionError\n",
      "exit_code": 1,
      "status": "Exception"
    },
    {
      "program": "from typing import Optional\n\ndef triangle_area(r: int) -> Optional[int]:\n    \"\"\"\n\tWrite a python function to find the area of the largest triangle that can be inscribed in a semicircle with a given radius.\n\t\"\"\"\n    if r <= 0:\n        return None\n    else:\n        return (r ** 2) * (3 ** 0.5) / 4\n\ndef check(candidate):\n    assert candidate(-1) == None\n    assert candidate(0) == 0\n    assert candidate(2) == 4\n\ndef test_check():\n    check(triangle_area)\n\ntest_check()\n",
      "timestamp": 1666123550,
      "stdout": "",
      "stderr": "Traceback (most recent call last):\n  File \"/tmp/tmphzl4ek5a.py\", line 20, in <module>\n    test_check()\n  File \"/tmp/tmphzl4ek5a.py\", line 18, in test_check\n    check(triangle_area)\n  File \"/tmp/tmphzl4ek5a.py\", line 14, in check\n    assert candidate(0) == 0\nAssertionError\n",
      "exit_code": 1,
      "status": "Exception"
    },
    {
      "program": "from typing import Optional\n\ndef triangle_area(r: int) -> Optional[int]:\n    \"\"\"\n\tWrite a python function to find the area of the largest triangle that can be inscribed in a semicircle with a given radius.\n\t\"\"\"\n    if r <= 0:\n        return None\n    else:\n        return (r**2 * math.sqrt(3))/4\n\ndef check(candidate):\n    assert candidate(-1) == None\n    assert candidate(0) == 0\n    assert candidate(2) == 4\n\ndef test_check():\n    check(triangle_area)\n\ntest_check()\n",
      "timestamp": 1665510627,
      "stdout": "",
      "stderr": "Traceback (most recent call last):\n  File \"/tmp/tmpmwal0pys.py\", line 20, in <module>\n    test_check()\n  File \"/tmp/tmpmwal0pys.py\", line 18, in test_check\n    check(triangle_area)\n  File \"/tmp/tmpmwal0pys.py\", line 14, in check\n    assert candidate(0) == 0\nAssertionError\n",
      "exit_code": 1,
      "status": "Exception"
    },
    {
      "program": "from typing import Optional\n\ndef triangle_area(r: int) -> Optional[int]:\n    \"\"\"\n\tWrite a python function to find the area of the largest triangle that can be inscribed in a semicircle with a given radius.\n\t\"\"\"\n    if r <= 0:\n        return None\n    else:\n        return (r ** 2) * (math.sqrt(3) / 4)\n\ndef check(candidate):\n    assert candidate(-1) == None\n    assert candidate(0) == 0\n    assert candidate(2) == 4\n\ndef test_check():\n    check(triangle_area)\n\ntest_check()\n",
      "timestamp": 1666123550,
      "stdout": "",
      "stderr": "Traceback (most recent call last):\n  File \"/tmp/tmp3mhdyd1d.py\", line 20, in <module>\n    test_check()\n  File \"/tmp/tmp3mhdyd1d.py\", line 18, in test_check\n    check(triangle_area)\n  File \"/tmp/tmp3mhdyd1d.py\", line 14, in check\n    assert candidate(0) == 0\nAssertionError\n",
      "exit_code": 1,
      "status": "Exception"
    },
    {
      "program": "from typing import Optional\n\ndef triangle_area(r: int) -> Optional[int]:\n    \"\"\"\n\tWrite a python function to find the area of the largest triangle that can be inscribed in a semicircle with a given radius.\n\t\"\"\"\n    if r <= 0:\n        return None\n    return (r ** 2) * math.sqrt(3) / 4\n\ndef check(candidate):\n    assert candidate(-1) == None\n    assert candidate(0) == 0\n    assert candidate(2) == 4\n\ndef test_check():\n    check(triangle_area)\n\ntest_check()\n",
      "timestamp": 1666123550,
      "stdout": "",
      "stderr": "Traceback (most recent call last):\n  File \"/tmp/tmpog14rupo.py\", line 19, in <module>\n    test_check()\n  File \"/tmp/tmpog14rupo.py\", line 17, in test_check\n    check(triangle_area)\n  File \"/tmp/tmpog14rupo.py\", line 13, in check\n    assert candidate(0) == 0\nAssertionError\n",
      "exit_code": 1,
      "status": "Exception"
    },
    {
      "program": "from typing import Optional\n\ndef triangle_area(r: int) -> Optional[int]:\n    \"\"\"\n\tWrite a python function to find the area of the largest triangle that can be inscribed in a semicircle with a given radius.\n\t\"\"\"\n    if r <= 0:\n        return None\n    else:\n        return (r ** 2) * math.pi / 2\n\ndef check(candidate):\n    assert candidate(-1) == None\n    assert candidate(0) == 0\n    assert candidate(2) == 4\n\ndef test_check():\n    check(triangle_area)\n\ntest_check()\n",
      "timestamp": 1666123550,
      "stdout": "",
      "stderr": "Traceback (most recent call last):\n  File \"/tmp/tmp1w5zi1la.py\", line 20, in <module>\n    test_check()\n  File \"/tmp/tmp1w5zi1la.py\", line 18, in test_check\n    check(triangle_area)\n  File \"/tmp/tmp1w5zi1la.py\", line 14, in check\n    assert candidate(0) == 0\nAssertionError\n",
      "exit_code": 1,
      "status": "Exception"
    },
    {
      "program": "from typing import Optional\n\ndef triangle_area(r: int) -> Optional[int]:\n    \"\"\"\n\tWrite a python function to find the area of the largest triangle that can be inscribed in a semicircle with a given radius.\n\t\"\"\"\n    if r <= 0:\n        return None\n    else:\n        return (r ** 2 * math.sqrt(3)) / 4\n\ndef check(candidate):\n    assert candidate(-1) == None\n    assert candidate(0) == 0\n    assert candidate(2) == 4\n\ndef test_check():\n    check(triangle_area)\n\ntest_check()\n",
      "timestamp": 1665510627,
      "stdout": "",
      "stderr": "Traceback (most recent call last):\n  File \"/tmp/tmps7eugxnc.py\", line 20, in <module>\n    test_check()\n  File \"/tmp/tmps7eugxnc.py\", line 18, in test_check\n    check(triangle_area)\n  File \"/tmp/tmps7eugxnc.py\", line 14, in check\n    assert candidate(0) == 0\nAssertionError\n",
      "exit_code": 1,
      "status": "Exception"
    },
    {
      "program": "from typing import Optional\n\ndef triangle_area(r: int) -> Optional[int]:\n    \"\"\"\n\tWrite a python function to find the area of the largest triangle that can be inscribed in a semicircle with a given radius.\n\t\"\"\"\n    if r <= 0:\n        return None\n    return (r ** 2 * math.sqrt(3)) / 4\n\ndef check(candidate):\n    assert candidate(-1) == None\n    assert candidate(0) == 0\n    assert candidate(2) == 4\n\ndef test_check():\n    check(triangle_area)\n\ntest_check()\n",
      "timestamp": 1666123550,
      "stdout": "",
      "stderr": "Traceback (most recent call last):\n  File \"/tmp/tmpn6soo2qc.py\", line 19, in <module>\n    test_check()\n  File \"/tmp/tmpn6soo2qc.py\", line 17, in test_check\n    check(triangle_area)\n  File \"/tmp/tmpn6soo2qc.py\", line 13, in check\n    assert candidate(0) == 0\nAssertionError\n",
      "exit_code": 1,
      "status": "Exception"
    },
    {
      "program": "from typing import Optional\n\ndef triangle_area(r: int) -> Optional[int]:\n    \"\"\"\n\tWrite a python function to find the area of the largest triangle that can be inscribed in a semicircle with a given radius.\n\t\"\"\"\n    if r < 0:\n        return None\n    else:\n        return (r**2 * math.sqrt(3))/4\n\ndef check(candidate):\n    assert candidate(-1) == None\n    assert candidate(0) == 0\n    assert candidate(2) == 4\n\ndef test_check():\n    check(triangle_area)\n\ntest_check()\n",
      "timestamp": 1665510627,
      "stdout": "",
      "stderr": "Traceback (most recent call last):\n  File \"/tmp/tmpb3v7t970.py\", line 20, in <module>\n    test_check()\n  File \"/tmp/tmpb3v7t970.py\", line 18, in test_check\n    check(triangle_area)\n  File \"/tmp/tmpb3v7t970.py\", line 14, in check\n    assert candidate(0) == 0\n  File \"/tmp/tmpb3v7t970.py\", line 10, in triangle_area\n    return (r**2 * math.sqrt(3))/4\nNameError: name 'math' is not defined\n",
      "exit_code": 1,
      "status": "Exception"
    },
    {
      "program": "from typing import Optional\n\ndef triangle_area(r: int) -> Optional[int]:\n    \"\"\"\n\tWrite a python function to find the area of the largest triangle that can be inscribed in a semicircle with a given radius.\n\t\"\"\"\n    if r <= 0:\n        return None\n    else:\n        return (r ** 2) * math.pi / 2\n\ndef check(candidate):\n    assert candidate(-1) == None\n    assert candidate(0) == 0\n    assert candidate(2) == 4\n\ndef test_check():\n    check(triangle_area)\n\ntest_check()\n",
      "timestamp": 1666123550,
      "stdout": "",
      "stderr": "Traceback (most recent call last):\n  File \"/tmp/tmp1w5zi1la.py\", line 20, in <module>\n    test_check()\n  File \"/tmp/tmp1w5zi1la.py\", line 18, in test_check\n    check(triangle_area)\n  File \"/tmp/tmp1w5zi1la.py\", line 14, in check\n    assert candidate(0) == 0\nAssertionError\n",
      "exit_code": 1,
      "status": "Exception"
    },
    {
      "program": "from typing import Optional\n\ndef triangle_area(r: int) -> Optional[int]:\n    \"\"\"\n\tWrite a python function to find the area of the largest triangle that can be inscribed in a semicircle with a given radius.\n\t\"\"\"\n    if r <= 0:\n        return None\n    else:\n        return (r ** 2 * math.sqrt(3)) / 4\n\ndef check(candidate):\n    assert candidate(-1) == None\n    assert candidate(0) == 0\n    assert candidate(2) == 4\n\ndef test_check():\n    check(triangle_area)\n\ntest_check()\n",
      "timestamp": 1665510627,
      "stdout": "",
      "stderr": "Traceback (most recent call last):\n  File \"/tmp/tmps7eugxnc.py\", line 20, in <module>\n    test_check()\n  File \"/tmp/tmps7eugxnc.py\", line 18, in test_check\n    check(triangle_area)\n  File \"/tmp/tmps7eugxnc.py\", line 14, in check\n    assert candidate(0) == 0\nAssertionError\n",
      "exit_code": 1,
      "status": "Exception"
    },
    {
      "program": "from typing import Optional\n\ndef triangle_area(r: int) -> Optional[int]:\n    \"\"\"\n\tWrite a python function to find the area of the largest triangle that can be inscribed in a semicircle with a given radius.\n\t\"\"\"\n    if r <= 0:\n        return None\n    return (r**2 * math.sqrt(3)) / 4\n\ndef check(candidate):\n    assert candidate(-1) == None\n    assert candidate(0) == 0\n    assert candidate(2) == 4\n\ndef test_check():\n    check(triangle_area)\n\ntest_check()\n",
      "timestamp": 1665510627,
      "stdout": "",
      "stderr": "Traceback (most recent call last):\n  File \"/tmp/tmpfo_7jqnx.py\", line 19, in <module>\n    test_check()\n  File \"/tmp/tmpfo_7jqnx.py\", line 17, in test_check\n    check(triangle_area)\n  File \"/tmp/tmpfo_7jqnx.py\", line 13, in check\n    assert candidate(0) == 0\nAssertionError\n",
      "exit_code": 1,
      "status": "Exception"
    },
    {
      "program": "from typing import Optional\n\ndef triangle_area(r: int) -> Optional[int]:\n    \"\"\"\n\tWrite a python function to find the area of the largest triangle that can be inscribed in a semicircle with a given radius.\n\t\"\"\"\n    if r <= 0:\n        return None\n    else:\n        return (r ** 2) * math.pi / 2\n\ndef check(candidate):\n    assert candidate(-1) == None\n    assert candidate(0) == 0\n    assert candidate(2) == 4\n\ndef test_check():\n    check(triangle_area)\n\ntest_check()\n",
      "timestamp": 1666123550,
      "stdout": "",
      "stderr": "Traceback (most recent call last):\n  File \"/tmp/tmp1w5zi1la.py\", line 20, in <module>\n    test_check()\n  File \"/tmp/tmp1w5zi1la.py\", line 18, in test_check\n    check(triangle_area)\n  File \"/tmp/tmp1w5zi1la.py\", line 14, in check\n    assert candidate(0) == 0\nAssertionError\n",
      "exit_code": 1,
      "status": "Exception"
    },
    {
      "program": "from typing import Optional\n\ndef triangle_area(r: int) -> Optional[int]:\n    \"\"\"\n\tWrite a python function to find the area of the largest triangle that can be inscribed in a semicircle with a given radius.\n\t\"\"\"\n    if r <= 0:\n        return None\n    return (r ** 2) * math.pi / 2\n\ndef check(candidate):\n    assert candidate(-1) == None\n    assert candidate(0) == 0\n    assert candidate(2) == 4\n\ndef test_check():\n    check(triangle_area)\n\ntest_check()\n",
      "timestamp": 1666123550,
      "stdout": "",
      "stderr": "Traceback (most recent call last):\n  File \"/tmp/tmp_o50ed0t.py\", line 19, in <module>\n    test_check()\n  File \"/tmp/tmp_o50ed0t.py\", line 17, in test_check\n    check(triangle_area)\n  File \"/tmp/tmp_o50ed0t.py\", line 13, in check\n    assert candidate(0) == 0\nAssertionError\n",
      "exit_code": 1,
      "status": "Exception"
    },
    {
      "program": "from typing import Optional\n\ndef triangle_area(r: int) -> Optional[int]:\n    \"\"\"\n\tWrite a python function to find the area of the largest triangle that can be inscribed in a semicircle with a given radius.\n\t\"\"\"\n    if r <= 0:\n        return None\n    else:\n        return r * r * math.pi / 2\n\ndef check(candidate):\n    assert candidate(-1) == None\n    assert candidate(0) == 0\n    assert candidate(2) == 4\n\ndef test_check():\n    check(triangle_area)\n\ntest_check()\n",
      "timestamp": 1666123550,
      "stdout": "",
      "stderr": "Traceback (most recent call last):\n  File \"/tmp/tmp2yvcahq1.py\", line 20, in <module>\n    test_check()\n  File \"/tmp/tmp2yvcahq1.py\", line 18, in test_check\n    check(triangle_area)\n  File \"/tmp/tmp2yvcahq1.py\", line 14, in check\n    assert candidate(0) == 0\nAssertionError\n",
      "exit_code": 1,
      "status": "Exception"
    },
    {
      "program": "from typing import Optional\n\ndef triangle_area(r: int) -> Optional[int]:\n    \"\"\"\n\tWrite a python function to find the area of the largest triangle that can be inscribed in a semicircle with a given radius.\n\t\"\"\"\n    if r <= 0:\n        return None\n    return (r ** 2) * (math.sqrt(3) / 4)\n\nprint(triangle_area(5))\ndef check(candidate):\n    assert candidate(-1) == None\n    assert candidate(0) == 0\n    assert candidate(2) == 4\n\ndef test_check():\n    check(triangle_area)\n\ntest_check()\n",
      "timestamp": 1666123550,
      "stdout": "",
      "stderr": "Traceback (most recent call last):\n  File \"/tmp/tmp4a3lb3qq.py\", line 11, in <module>\n    print(triangle_area(5))\n  File \"/tmp/tmp4a3lb3qq.py\", line 9, in triangle_area\n    return (r ** 2) * (math.sqrt(3) / 4)\nNameError: name 'math' is not defined\n",
      "exit_code": 1,
      "status": "Exception"
    },
    {
      "program": "from typing import Optional\n\ndef triangle_area(r: int) -> Optional[int]:\n    \"\"\"\n\tWrite a python function to find the area of the largest triangle that can be inscribed in a semicircle with a given radius.\n\t\"\"\"\n    if r <= 0:\n        return None\n    else:\n        return (r ** 2) * math.sqrt(3) / 4\n\n\ndef check(candidate):\n    assert candidate(-1) == None\n    assert candidate(0) == 0\n    assert candidate(2) == 4\n\ndef test_check():\n    check(triangle_area)\n\ntest_check()\n",
      "timestamp": 1666123550,
      "stdout": "",
      "stderr": "Traceback (most recent call last):\n  File \"/tmp/tmploa2cdub.py\", line 21, in <module>\n    test_check()\n  File \"/tmp/tmploa2cdub.py\", line 19, in test_check\n    check(triangle_area)\n  File \"/tmp/tmploa2cdub.py\", line 15, in check\n    assert candidate(0) == 0\nAssertionError\n",
      "exit_code": 1,
      "status": "Exception"
    },
    {
      "program": "from typing import Optional\n\ndef triangle_area(r: int) -> Optional[int]:\n    \"\"\"\n\tWrite a python function to find the area of the largest triangle that can be inscribed in a semicircle with a given radius.\n\t\"\"\"\n    if r <= 0:\n        return None\n    else:\n        return r * r * math.pi / 2\n\ndef check(candidate):\n    assert candidate(-1) == None\n    assert candidate(0) == 0\n    assert candidate(2) == 4\n\ndef test_check():\n    check(triangle_area)\n\ntest_check()\n",
      "timestamp": 1666123550,
      "stdout": "",
      "stderr": "Traceback (most recent call last):\n  File \"/tmp/tmp2yvcahq1.py\", line 20, in <module>\n    test_check()\n  File \"/tmp/tmp2yvcahq1.py\", line 18, in test_check\n    check(triangle_area)\n  File \"/tmp/tmp2yvcahq1.py\", line 14, in check\n    assert candidate(0) == 0\nAssertionError\n",
      "exit_code": 1,
      "status": "Exception"
    },
    {
      "program": "from typing import Optional\n\ndef triangle_area(r: int) -> Optional[int]:\n    \"\"\"\n\tWrite a python function to find the area of the largest triangle that can be inscribed in a semicircle with a given radius.\n\t\"\"\"\n    if r <= 0:\n        return None\n    else:\n        return (r**2)*math.pi/2\n\ndef check(candidate):\n    assert candidate(-1) == None\n    assert candidate(0) == 0\n    assert candidate(2) == 4\n\ndef test_check():\n    check(triangle_area)\n\ntest_check()\n",
      "timestamp": 1666123550,
      "stdout": "",
      "stderr": "Traceback (most recent call last):\n  File \"/tmp/tmpfn1fjnzp.py\", line 20, in <module>\n    test_check()\n  File \"/tmp/tmpfn1fjnzp.py\", line 18, in test_check\n    check(triangle_area)\n  File \"/tmp/tmpfn1fjnzp.py\", line 14, in check\n    assert candidate(0) == 0\nAssertionError\n",
      "exit_code": 1,
      "status": "Exception"
    },
    {
      "program": "from typing import Optional\n\ndef triangle_area(r: int) -> Optional[int]:\n    \"\"\"\n\tWrite a python function to find the area of the largest triangle that can be inscribed in a semicircle with a given radius.\n\t\"\"\"\n    if r <= 0:\n        return None\n    else:\n        return (r**2 * math.sqrt(3)) / 4\n\ndef check(candidate):\n    assert candidate(-1) == None\n    assert candidate(0) == 0\n    assert candidate(2) == 4\n\ndef test_check():\n    check(triangle_area)\n\ntest_check()\n",
      "timestamp": 1665510627,
      "stdout": "",
      "stderr": "Traceback (most recent call last):\n  File \"/tmp/tmpab02ms__.py\", line 20, in <module>\n    test_check()\n  File \"/tmp/tmpab02ms__.py\", line 18, in test_check\n    check(triangle_area)\n  File \"/tmp/tmpab02ms__.py\", line 14, in check\n    assert candidate(0) == 0\nAssertionError\n",
      "exit_code": 1,
      "status": "Exception"
    },
    {
      "program": "from typing import Optional\n\ndef triangle_area(r: int) -> Optional[int]:\n    \"\"\"\n\tWrite a python function to find the area of the largest triangle that can be inscribed in a semicircle with a given radius.\n\t\"\"\"\n    if r <= 0:\n        return None\n    return (r ** 2) * math.sqrt(3) / 4\n\ndef check(candidate):\n    assert candidate(-1) == None\n    assert candidate(0) == 0\n    assert candidate(2) == 4\n\ndef test_check():\n    check(triangle_area)\n\ntest_check()\n",
      "timestamp": 1666123550,
      "stdout": "",
      "stderr": "Traceback (most recent call last):\n  File \"/tmp/tmpog14rupo.py\", line 19, in <module>\n    test_check()\n  File \"/tmp/tmpog14rupo.py\", line 17, in test_check\n    check(triangle_area)\n  File \"/tmp/tmpog14rupo.py\", line 13, in check\n    assert candidate(0) == 0\nAssertionError\n",
      "exit_code": 1,
      "status": "Exception"
    },
    {
      "program": "from typing import Optional\n\ndef triangle_area(r: int) -> Optional[int]:\n    \"\"\"\n\tWrite a python function to find the area of the largest triangle that can be inscribed in a semicircle with a given radius.\n\t\"\"\"\n    if r <= 0:\n        return None\n    return (r ** 2) * (math.pi / 2)\n\ndef check(candidate):\n    assert candidate(-1) == None\n    assert candidate(0) == 0\n    assert candidate(2) == 4\n\ndef test_check():\n    check(triangle_area)\n\ntest_check()\n",
      "timestamp": 1665510627,
      "stdout": "",
      "stderr": "Traceback (most recent call last):\n  File \"/tmp/tmpiy1tpw4a.py\", line 19, in <module>\n    test_check()\n  File \"/tmp/tmpiy1tpw4a.py\", line 17, in test_check\n    check(triangle_area)\n  File \"/tmp/tmpiy1tpw4a.py\", line 13, in check\n    assert candidate(0) == 0\nAssertionError\n",
      "exit_code": 1,
      "status": "Exception"
    },
    {
      "program": "from typing import Optional\n\ndef triangle_area(r: int) -> Optional[int]:\n    \"\"\"\n\tWrite a python function to find the area of the largest triangle that can be inscribed in a semicircle with a given radius.\n\t\"\"\"\n    if r <= 0:\n        return None\n    else:\n        return (r ** 2 * math.sqrt(3)) / 4\n\ndef check(candidate):\n    assert candidate(-1) == None\n    assert candidate(0) == 0\n    assert candidate(2) == 4\n\ndef test_check():\n    check(triangle_area)\n\ntest_check()\n",
      "timestamp": 1665510627,
      "stdout": "",
      "stderr": "Traceback (most recent call last):\n  File \"/tmp/tmps7eugxnc.py\", line 20, in <module>\n    test_check()\n  File \"/tmp/tmps7eugxnc.py\", line 18, in test_check\n    check(triangle_area)\n  File \"/tmp/tmps7eugxnc.py\", line 14, in check\n    assert candidate(0) == 0\nAssertionError\n",
      "exit_code": 1,
      "status": "Exception"
    },
    {
      "program": "from typing import Optional\n\ndef triangle_area(r: int) -> Optional[int]:\n    \"\"\"\n\tWrite a python function to find the area of the largest triangle that can be inscribed in a semicircle with a given radius.\n\t\"\"\"\n    if r <= 0:\n        return None\n    else:\n        return (r ** 2) * (math.pi / 2) - (r ** 2) * (math.acos(r / (2 * r)) / 2)\n\nprint(triangle_area(2))\ndef check(candidate):\n    assert candidate(-1) == None\n    assert candidate(0) == 0\n    assert candidate(2) == 4\n\ndef test_check():\n    check(triangle_area)\n\ntest_check()\n",
      "timestamp": 1666123550,
      "stdout": "",
      "stderr": "Traceback (most recent call last):\n  File \"/tmp/tmpm9ggw_hb.py\", line 12, in <module>\n    print(triangle_area(2))\n  File \"/tmp/tmpm9ggw_hb.py\", line 10, in triangle_area\n    return (r ** 2) * (math.pi / 2) - (r ** 2) * (math.acos(r / (2 * r)) / 2)\nNameError: name 'math' is not defined\n",
      "exit_code": 1,
      "status": "Exception"
    },
    {
      "program": "from typing import Optional\n\ndef triangle_area(r: int) -> Optional[int]:\n    \"\"\"\n\tWrite a python function to find the area of the largest triangle that can be inscribed in a semicircle with a given radius.\n\t\"\"\"\n    if r <= 0:\n        return None\n    else:\n        return (r ** 2 * math.sqrt(3)) / 4\n\ndef check(candidate):\n    assert candidate(-1) == None\n    assert candidate(0) == 0\n    assert candidate(2) == 4\n\ndef test_check():\n    check(triangle_area)\n\ntest_check()\n",
      "timestamp": 1665510627,
      "stdout": "",
      "stderr": "Traceback (most recent call last):\n  File \"/tmp/tmps7eugxnc.py\", line 20, in <module>\n    test_check()\n  File \"/tmp/tmps7eugxnc.py\", line 18, in test_check\n    check(triangle_area)\n  File \"/tmp/tmps7eugxnc.py\", line 14, in check\n    assert candidate(0) == 0\nAssertionError\n",
      "exit_code": 1,
      "status": "Exception"
    },
    {
      "program": "from typing import Optional\n\ndef triangle_area(r: int) -> Optional[int]:\n    \"\"\"\n\tWrite a python function to find the area of the largest triangle that can be inscribed in a semicircle with a given radius.\n\t\"\"\"\n    if r <= 0:\n        return None\n    else:\n        return (r ** 2) * (math.sqrt(3) / 4)\n\n\ndef check(candidate):\n    assert candidate(-1) == None\n    assert candidate(0) == 0\n    assert candidate(2) == 4\n\ndef test_check():\n    check(triangle_area)\n\ntest_check()\n",
      "timestamp": 1666123550,
      "stdout": "",
      "stderr": "Traceback (most recent call last):\n  File \"/tmp/tmpyfso0haz.py\", line 21, in <module>\n    test_check()\n  File \"/tmp/tmpyfso0haz.py\", line 19, in test_check\n    check(triangle_area)\n  File \"/tmp/tmpyfso0haz.py\", line 15, in check\n    assert candidate(0) == 0\nAssertionError\n",
      "exit_code": 1,
      "status": "Exception"
    },
    {
      "program": "from typing import Optional\n\ndef triangle_area(r: int) -> Optional[int]:\n    \"\"\"\n\tWrite a python function to find the area of the largest triangle that can be inscribed in a semicircle with a given radius.\n\t\"\"\"\n    if r <= 0:\n        return None\n    else:\n        return (r ** 2 / 2) * math.sqrt(3)\n\ndef check(candidate):\n    assert candidate(-1) == None\n    assert candidate(0) == 0\n    assert candidate(2) == 4\n\ndef test_check():\n    check(triangle_area)\n\ntest_check()\n",
      "timestamp": 1666123550,
      "stdout": "",
      "stderr": "Traceback (most recent call last):\n  File \"/tmp/tmp7ktn19ll.py\", line 20, in <module>\n    test_check()\n  File \"/tmp/tmp7ktn19ll.py\", line 18, in test_check\n    check(triangle_area)\n  File \"/tmp/tmp7ktn19ll.py\", line 14, in check\n    assert candidate(0) == 0\nAssertionError\n",
      "exit_code": 1,
      "status": "Exception"
    },
    {
      "program": "from typing import Optional\n\ndef triangle_area(r: int) -> Optional[int]:\n    \"\"\"\n\tWrite a python function to find the area of the largest triangle that can be inscribed in a semicircle with a given radius.\n\t\"\"\"\n    if r <= 0:\n        return None\n    else:\n        return (r**2 * math.sqrt(3)) / 4\n\ndef check(candidate):\n    assert candidate(-1) == None\n    assert candidate(0) == 0\n    assert candidate(2) == 4\n\ndef test_check():\n    check(triangle_area)\n\ntest_check()\n",
      "timestamp": 1665510627,
      "stdout": "",
      "stderr": "Traceback (most recent call last):\n  File \"/tmp/tmpab02ms__.py\", line 20, in <module>\n    test_check()\n  File \"/tmp/tmpab02ms__.py\", line 18, in test_check\n    check(triangle_area)\n  File \"/tmp/tmpab02ms__.py\", line 14, in check\n    assert candidate(0) == 0\nAssertionError\n",
      "exit_code": 1,
      "status": "Exception"
    },
    {
      "program": "from typing import Optional\n\ndef triangle_area(r: int) -> Optional[int]:\n    \"\"\"\n\tWrite a python function to find the area of the largest triangle that can be inscribed in a semicircle with a given radius.\n\t\"\"\"\n    if r <= 0:\n        return None\n    return (r ** 2 * math.sqrt(3)) / 4\n\ndef check(candidate):\n    assert candidate(-1) == None\n    assert candidate(0) == 0\n    assert candidate(2) == 4\n\ndef test_check():\n    check(triangle_area)\n\ntest_check()\n",
      "timestamp": 1666123550,
      "stdout": "",
      "stderr": "Traceback (most recent call last):\n  File \"/tmp/tmpn6soo2qc.py\", line 19, in <module>\n    test_check()\n  File \"/tmp/tmpn6soo2qc.py\", line 17, in test_check\n    check(triangle_area)\n  File \"/tmp/tmpn6soo2qc.py\", line 13, in check\n    assert candidate(0) == 0\nAssertionError\n",
      "exit_code": 1,
      "status": "Exception"
    },
    {
      "program": "from typing import Optional\n\ndef triangle_area(r: int) -> Optional[int]:\n    \"\"\"\n\tWrite a python function to find the area of the largest triangle that can be inscribed in a semicircle with a given radius.\n\t\"\"\"\n    if r <= 0:\n        return None\n    return (r ** 2) * math.sqrt(3) / 4\n\ndef check(candidate):\n    assert candidate(-1) == None\n    assert candidate(0) == 0\n    assert candidate(2) == 4\n\ndef test_check():\n    check(triangle_area)\n\ntest_check()\n",
      "timestamp": 1666123550,
      "stdout": "",
      "stderr": "Traceback (most recent call last):\n  File \"/tmp/tmpog14rupo.py\", line 19, in <module>\n    test_check()\n  File \"/tmp/tmpog14rupo.py\", line 17, in test_check\n    check(triangle_area)\n  File \"/tmp/tmpog14rupo.py\", line 13, in check\n    assert candidate(0) == 0\nAssertionError\n",
      "exit_code": 1,
      "status": "Exception"
    },
    {
      "program": "from typing import Optional\n\ndef triangle_area(r: int) -> Optional[int]:\n    \"\"\"\n\tWrite a python function to find the area of the largest triangle that can be inscribed in a semicircle with a given radius.\n\t\"\"\"\n    if r <= 0:\n        return None\n    else:\n        return (r**2 * math.sqrt(3)) / 4\n\nprint(triangle_area(5))\ndef check(candidate):\n    assert candidate(-1) == None\n    assert candidate(0) == 0\n    assert candidate(2) == 4\n\ndef test_check():\n    check(triangle_area)\n\ntest_check()\n",
      "timestamp": 1666123550,
      "stdout": "",
      "stderr": "Traceback (most recent call last):\n  File \"/tmp/tmpz6e_16yl.py\", line 12, in <module>\n    print(triangle_area(5))\n  File \"/tmp/tmpz6e_16yl.py\", line 10, in triangle_area\n    return (r**2 * math.sqrt(3)) / 4\nNameError: name 'math' is not defined\n",
      "exit_code": 1,
      "status": "Exception"
    },
    {
      "program": "from typing import Optional\n\ndef triangle_area(r: int) -> Optional[int]:\n    \"\"\"\n\tWrite a python function to find the area of the largest triangle that can be inscribed in a semicircle with a given radius.\n\t\"\"\"\n    if r <= 0:\n        return None\n    else:\n        return (r**2 * math.sqrt(3)) / 4\n\ndef check(candidate):\n    assert candidate(-1) == None\n    assert candidate(0) == 0\n    assert candidate(2) == 4\n\ndef test_check():\n    check(triangle_area)\n\ntest_check()\n",
      "timestamp": 1665510627,
      "stdout": "",
      "stderr": "Traceback (most recent call last):\n  File \"/tmp/tmpab02ms__.py\", line 20, in <module>\n    test_check()\n  File \"/tmp/tmpab02ms__.py\", line 18, in test_check\n    check(triangle_area)\n  File \"/tmp/tmpab02ms__.py\", line 14, in check\n    assert candidate(0) == 0\nAssertionError\n",
      "exit_code": 1,
      "status": "Exception"
    },
    {
      "program": "from typing import Optional\n\ndef triangle_area(r: int) -> Optional[int]:\n    \"\"\"\n\tWrite a python function to find the area of the largest triangle that can be inscribed in a semicircle with a given radius.\n\t\"\"\"\n    if r <= 0:\n        return None\n    else:\n        return (r ** 2) * math.pi / 2\n\ndef check(candidate):\n    assert candidate(-1) == None\n    assert candidate(0) == 0\n    assert candidate(2) == 4\n\ndef test_check():\n    check(triangle_area)\n\ntest_check()\n",
      "timestamp": 1666123550,
      "stdout": "",
      "stderr": "Traceback (most recent call last):\n  File \"/tmp/tmp1w5zi1la.py\", line 20, in <module>\n    test_check()\n  File \"/tmp/tmp1w5zi1la.py\", line 18, in test_check\n    check(triangle_area)\n  File \"/tmp/tmp1w5zi1la.py\", line 14, in check\n    assert candidate(0) == 0\nAssertionError\n",
      "exit_code": 1,
      "status": "Exception"
    },
    {
      "program": "from typing import Optional\n\ndef triangle_area(r: int) -> Optional[int]:\n    \"\"\"\n\tWrite a python function to find the area of the largest triangle that can be inscribed in a semicircle with a given radius.\n\t\"\"\"\n    if r <= 0:\n        return None\n    else:\n        return (r ** 2) * math.pi / 2\n\nprint(triangle_area(2))\ndef check(candidate):\n    assert candidate(-1) == None\n    assert candidate(0) == 0\n    assert candidate(2) == 4\n\ndef test_check():\n    check(triangle_area)\n\ntest_check()\n",
      "timestamp": 1666123550,
      "stdout": "",
      "stderr": "Traceback (most recent call last):\n  File \"/tmp/tmpeuaqfoqm.py\", line 12, in <module>\n    print(triangle_area(2))\n  File \"/tmp/tmpeuaqfoqm.py\", line 10, in triangle_area\n    return (r ** 2) * math.pi / 2\nNameError: name 'math' is not defined\n",
      "exit_code": 1,
      "status": "Exception"
    },
    {
      "program": "from typing import Optional\n\ndef triangle_area(r: int) -> Optional[int]:\n    \"\"\"\n\tWrite a python function to find the area of the largest triangle that can be inscribed in a semicircle with a given radius.\n\t\"\"\"\n    if r <= 0:\n        return None\n    return (r ** 2 * math.sqrt(3)) / 4\ndef check(candidate):\n    assert candidate(-1) == None\n    assert candidate(0) == 0\n    assert candidate(2) == 4\n\ndef test_check():\n    check(triangle_area)\n\ntest_check()\n",
      "timestamp": 1666123550,
      "stdout": "",
      "stderr": "Traceback (most recent call last):\n  File \"/tmp/tmpswbn28cr.py\", line 18, in <module>\n    test_check()\n  File \"/tmp/tmpswbn28cr.py\", line 16, in test_check\n    check(triangle_area)\n  File \"/tmp/tmpswbn28cr.py\", line 12, in check\n    assert candidate(0) == 0\nAssertionError\n",
      "exit_code": 1,
      "status": "Exception"
    },
    {
      "program": "from typing import Optional\n\ndef triangle_area(r: int) -> Optional[int]:\n    \"\"\"\n\tWrite a python function to find the area of the largest triangle that can be inscribed in a semicircle with a given radius.\n\t\"\"\"\n    if r <= 0:\n        return None\n    else:\n        return (r ** 2 * math.sqrt(3)) / 4\n\ndef check(candidate):\n    assert candidate(-1) == None\n    assert candidate(0) == 0\n    assert candidate(2) == 4\n\ndef test_check():\n    check(triangle_area)\n\ntest_check()\n",
      "timestamp": 1665510627,
      "stdout": "",
      "stderr": "Traceback (most recent call last):\n  File \"/tmp/tmps7eugxnc.py\", line 20, in <module>\n    test_check()\n  File \"/tmp/tmps7eugxnc.py\", line 18, in test_check\n    check(triangle_area)\n  File \"/tmp/tmps7eugxnc.py\", line 14, in check\n    assert candidate(0) == 0\nAssertionError\n",
      "exit_code": 1,
      "status": "Exception"
    },
    {
      "program": "from typing import Optional\n\ndef triangle_area(r: int) -> Optional[int]:\n    \"\"\"\n\tWrite a python function to find the area of the largest triangle that can be inscribed in a semicircle with a given radius.\n\t\"\"\"\n    if r <= 0:\n        return None\n    else:\n        return (r ** 2 * math.sqrt(3)) / 4\n\n\ndef check(candidate):\n    assert candidate(-1) == None\n    assert candidate(0) == 0\n    assert candidate(2) == 4\n\ndef test_check():\n    check(triangle_area)\n\ntest_check()\n",
      "timestamp": 1666123550,
      "stdout": "",
      "stderr": "Traceback (most recent call last):\n  File \"/tmp/tmp6kb0fk6v.py\", line 21, in <module>\n    test_check()\n  File \"/tmp/tmp6kb0fk6v.py\", line 19, in test_check\n    check(triangle_area)\n  File \"/tmp/tmp6kb0fk6v.py\", line 15, in check\n    assert candidate(0) == 0\nAssertionError\n",
      "exit_code": 1,
      "status": "Exception"
    },
    {
      "program": "from typing import Optional\n\ndef triangle_area(r: int) -> Optional[int]:\n    \"\"\"\n\tWrite a python function to find the area of the largest triangle that can be inscribed in a semicircle with a given radius.\n\t\"\"\"\n    if r <= 0:\n        return None\n    return (r ** 2 * math.sqrt(3)) / 4\n\ndef check(candidate):\n    assert candidate(-1) == None\n    assert candidate(0) == 0\n    assert candidate(2) == 4\n\ndef test_check():\n    check(triangle_area)\n\ntest_check()\n",
      "timestamp": 1666123550,
      "stdout": "",
      "stderr": "Traceback (most recent call last):\n  File \"/tmp/tmpn6soo2qc.py\", line 19, in <module>\n    test_check()\n  File \"/tmp/tmpn6soo2qc.py\", line 17, in test_check\n    check(triangle_area)\n  File \"/tmp/tmpn6soo2qc.py\", line 13, in check\n    assert candidate(0) == 0\nAssertionError\n",
      "exit_code": 1,
      "status": "Exception"
    },
    {
      "program": "from typing import Optional\n\ndef triangle_area(r: int) -> Optional[int]:\n    \"\"\"\n\tWrite a python function to find the area of the largest triangle that can be inscribed in a semicircle with a given radius.\n\t\"\"\"\n    if r <= 0:\n        return None\n    else:\n        return r**2 * math.pi / 2\n\ndef check(candidate):\n    assert candidate(-1) == None\n    assert candidate(0) == 0\n    assert candidate(2) == 4\n\ndef test_check():\n    check(triangle_area)\n\ntest_check()\n",
      "timestamp": 1666123550,
      "stdout": "",
      "stderr": "Traceback (most recent call last):\n  File \"/tmp/tmpfnfwz1a7.py\", line 20, in <module>\n    test_check()\n  File \"/tmp/tmpfnfwz1a7.py\", line 18, in test_check\n    check(triangle_area)\n  File \"/tmp/tmpfnfwz1a7.py\", line 14, in check\n    assert candidate(0) == 0\nAssertionError\n",
      "exit_code": 1,
      "status": "Exception"
    },
    {
      "program": "from typing import Optional\n\ndef triangle_area(r: int) -> Optional[int]:\n    \"\"\"\n\tWrite a python function to find the area of the largest triangle that can be inscribed in a semicircle with a given radius.\n\t\"\"\"\n    if r <= 0:\n        return None\n    else:\n        return (r**2 * math.sqrt(3)) / 4\n\ndef check(candidate):\n    assert candidate(-1) == None\n    assert candidate(0) == 0\n    assert candidate(2) == 4\n\ndef test_check():\n    check(triangle_area)\n\ntest_check()\n",
      "timestamp": 1665510627,
      "stdout": "",
      "stderr": "Traceback (most recent call last):\n  File \"/tmp/tmpab02ms__.py\", line 20, in <module>\n    test_check()\n  File \"/tmp/tmpab02ms__.py\", line 18, in test_check\n    check(triangle_area)\n  File \"/tmp/tmpab02ms__.py\", line 14, in check\n    assert candidate(0) == 0\nAssertionError\n",
      "exit_code": 1,
      "status": "Exception"
    },
    {
      "program": "from typing import Optional\n\ndef triangle_area(r: int) -> Optional[int]:\n    \"\"\"\n\tWrite a python function to find the area of the largest triangle that can be inscribed in a semicircle with a given radius.\n\t\"\"\"\n    if r <= 0:\n        return None\n    else:\n        return (r**2 * math.sqrt(3))/4\n\ndef check(candidate):\n    assert candidate(-1) == None\n    assert candidate(0) == 0\n    assert candidate(2) == 4\n\ndef test_check():\n    check(triangle_area)\n\ntest_check()\n",
      "timestamp": 1665510627,
      "stdout": "",
      "stderr": "Traceback (most recent call last):\n  File \"/tmp/tmpmwal0pys.py\", line 20, in <module>\n    test_check()\n  File \"/tmp/tmpmwal0pys.py\", line 18, in test_check\n    check(triangle_area)\n  File \"/tmp/tmpmwal0pys.py\", line 14, in check\n    assert candidate(0) == 0\nAssertionError\n",
      "exit_code": 1,
      "status": "Exception"
    },
    {
      "program": "from typing import Optional\n\ndef triangle_area(r: int) -> Optional[int]:\n    \"\"\"\n\tWrite a python function to find the area of the largest triangle that can be inscribed in a semicircle with a given radius.\n\t\"\"\"\n    if r <= 0:\n        return None\n    else:\n        return (r**2 * math.sqrt(3)) / 4\n\ndef check(candidate):\n    assert candidate(-1) == None\n    assert candidate(0) == 0\n    assert candidate(2) == 4\n\ndef test_check():\n    check(triangle_area)\n\ntest_check()\n",
      "timestamp": 1665510627,
      "stdout": "",
      "stderr": "Traceback (most recent call last):\n  File \"/tmp/tmpab02ms__.py\", line 20, in <module>\n    test_check()\n  File \"/tmp/tmpab02ms__.py\", line 18, in test_check\n    check(triangle_area)\n  File \"/tmp/tmpab02ms__.py\", line 14, in check\n    assert candidate(0) == 0\nAssertionError\n",
      "exit_code": 1,
      "status": "Exception"
    },
    {
      "program": "from typing import Optional\n\ndef triangle_area(r: int) -> Optional[int]:\n    \"\"\"\n\tWrite a python function to find the area of the largest triangle that can be inscribed in a semicircle with a given radius.\n\t\"\"\"\n    if r <= 0:\n        return None\n    else:\n        return (r**2 * math.sqrt(3)) / 4\n\ndef check(candidate):\n    assert candidate(-1) == None\n    assert candidate(0) == 0\n    assert candidate(2) == 4\n\ndef test_check():\n    check(triangle_area)\n\ntest_check()\n",
      "timestamp": 1665510627,
      "stdout": "",
      "stderr": "Traceback (most recent call last):\n  File \"/tmp/tmpab02ms__.py\", line 20, in <module>\n    test_check()\n  File \"/tmp/tmpab02ms__.py\", line 18, in test_check\n    check(triangle_area)\n  File \"/tmp/tmpab02ms__.py\", line 14, in check\n    assert candidate(0) == 0\nAssertionError\n",
      "exit_code": 1,
      "status": "Exception"
    },
    {
      "program": "from typing import Optional\n\ndef triangle_area(r: int) -> Optional[int]:\n    \"\"\"\n\tWrite a python function to find the area of the largest triangle that can be inscribed in a semicircle with a given radius.\n\t\"\"\"\n    if r <= 0:\n        return None\n    else:\n        return round(math.sqrt(3) / 4 * r ** 2, 2)\n\ndef check(candidate):\n    assert candidate(-1) == None\n    assert candidate(0) == 0\n    assert candidate(2) == 4\n\ndef test_check():\n    check(triangle_area)\n\ntest_check()\n",
      "timestamp": 1666123550,
      "stdout": "",
      "stderr": "Traceback (most recent call last):\n  File \"/tmp/tmpoj9fh3uf.py\", line 20, in <module>\n    test_check()\n  File \"/tmp/tmpoj9fh3uf.py\", line 18, in test_check\n    check(triangle_area)\n  File \"/tmp/tmpoj9fh3uf.py\", line 14, in check\n    assert candidate(0) == 0\nAssertionError\n",
      "exit_code": 1,
      "status": "Exception"
    },
    {
      "program": "from typing import Optional\n\ndef triangle_area(r: int) -> Optional[int]:\n    \"\"\"\n\tWrite a python function to find the area of the largest triangle that can be inscribed in a semicircle with a given radius.\n\t\"\"\"\n    if r <= 0:\n        return None\n    else:\n        return (r ** 2 * math.sqrt(3)) / 2\n\n\ndef check(candidate):\n    assert candidate(-1) == None\n    assert candidate(0) == 0\n    assert candidate(2) == 4\n\ndef test_check():\n    check(triangle_area)\n\ntest_check()\n",
      "timestamp": 1666123550,
      "stdout": "",
      "stderr": "Traceback (most recent call last):\n  File \"/tmp/tmp2eqt3f3m.py\", line 21, in <module>\n    test_check()\n  File \"/tmp/tmp2eqt3f3m.py\", line 19, in test_check\n    check(triangle_area)\n  File \"/tmp/tmp2eqt3f3m.py\", line 15, in check\n    assert candidate(0) == 0\nAssertionError\n",
      "exit_code": 1,
      "status": "Exception"
    },
    {
      "program": "from typing import Optional\n\ndef triangle_area(r: int) -> Optional[int]:\n    \"\"\"\n\tWrite a python function to find the area of the largest triangle that can be inscribed in a semicircle with a given radius.\n\t\"\"\"\n    if r <= 0:\n        return None\n    else:\n        return (r ** 2) * math.pi / 2\n\nprint(triangle_area(3))\nprint(triangle_area(0))\nprint(triangle_area(-1))\ndef check(candidate):\n    assert candidate(-1) == None\n    assert candidate(0) == 0\n    assert candidate(2) == 4\n\ndef test_check():\n    check(triangle_area)\n\ntest_check()\n",
      "timestamp": 1666123550,
      "stdout": "",
      "stderr": "Traceback (most recent call last):\n  File \"/tmp/tmpdxbsp328.py\", line 12, in <module>\n    print(triangle_area(3))\n  File \"/tmp/tmpdxbsp328.py\", line 10, in triangle_area\n    return (r ** 2) * math.pi / 2\nNameError: name 'math' is not defined\n",
      "exit_code": 1,
      "status": "Exception"
    },
    {
      "program": "from typing import Optional\n\ndef triangle_area(r: int) -> Optional[int]:\n    \"\"\"\n\tWrite a python function to find the area of the largest triangle that can be inscribed in a semicircle with a given radius.\n\t\"\"\"\n    if r <= 0:\n        return None\n    else:\n        return (r ** 2 * math.sqrt(3)) / 4\n\n\ndef check(candidate):\n    assert candidate(-1) == None\n    assert candidate(0) == 0\n    assert candidate(2) == 4\n\ndef test_check():\n    check(triangle_area)\n\ntest_check()\n",
      "timestamp": 1666123550,
      "stdout": "",
      "stderr": "Traceback (most recent call last):\n  File \"/tmp/tmp6kb0fk6v.py\", line 21, in <module>\n    test_check()\n  File \"/tmp/tmp6kb0fk6v.py\", line 19, in test_check\n    check(triangle_area)\n  File \"/tmp/tmp6kb0fk6v.py\", line 15, in check\n    assert candidate(0) == 0\nAssertionError\n",
      "exit_code": 1,
      "status": "Exception"
    },
    {
      "program": "from typing import Optional\n\ndef triangle_area(r: int) -> Optional[int]:\n    \"\"\"\n\tWrite a python function to find the area of the largest triangle that can be inscribed in a semicircle with a given radius.\n\t\"\"\"\n    if r <= 0:\n        return None\n    else:\n        return round(r**2 * math.pi / 2, 2)\n\ndef check(candidate):\n    assert candidate(-1) == None\n    assert candidate(0) == 0\n    assert candidate(2) == 4\n\ndef test_check():\n    check(triangle_area)\n\ntest_check()\n",
      "timestamp": 1666123550,
      "stdout": "",
      "stderr": "Traceback (most recent call last):\n  File \"/tmp/tmp38i89n88.py\", line 20, in <module>\n    test_check()\n  File \"/tmp/tmp38i89n88.py\", line 18, in test_check\n    check(triangle_area)\n  File \"/tmp/tmp38i89n88.py\", line 14, in check\n    assert candidate(0) == 0\nAssertionError\n",
      "exit_code": 1,
      "status": "Exception"
    },
    {
      "program": "from typing import Optional\n\ndef triangle_area(r: int) -> Optional[int]:\n    \"\"\"\n\tWrite a python function to find the area of the largest triangle that can be inscribed in a semicircle with a given radius.\n\t\"\"\"\n    if r <= 0:\n        return None\n    return (r ** 2 * math.sqrt(3)) / 4\n\ndef check(candidate):\n    assert candidate(-1) == None\n    assert candidate(0) == 0\n    assert candidate(2) == 4\n\ndef test_check():\n    check(triangle_area)\n\ntest_check()\n",
      "timestamp": 1666123550,
      "stdout": "",
      "stderr": "Traceback (most recent call last):\n  File \"/tmp/tmpn6soo2qc.py\", line 19, in <module>\n    test_check()\n  File \"/tmp/tmpn6soo2qc.py\", line 17, in test_check\n    check(triangle_area)\n  File \"/tmp/tmpn6soo2qc.py\", line 13, in check\n    assert candidate(0) == 0\nAssertionError\n",
      "exit_code": 1,
      "status": "Exception"
    },
    {
      "program": "from typing import Optional\n\ndef triangle_area(r: int) -> Optional[int]:\n    \"\"\"\n\tWrite a python function to find the area of the largest triangle that can be inscribed in a semicircle with a given radius.\n\t\"\"\"\n    if r <= 0:\n        return None\n    else:\n        return (r**2 * math.sqrt(3))/4\n\nprint(triangle_area(5))\ndef check(candidate):\n    assert candidate(-1) == None\n    assert candidate(0) == 0\n    assert candidate(2) == 4\n\ndef test_check():\n    check(triangle_area)\n\ntest_check()\n",
      "timestamp": 1666123550,
      "stdout": "",
      "stderr": "Traceback (most recent call last):\n  File \"/tmp/tmpbfej_9yf.py\", line 12, in <module>\n    print(triangle_area(5))\n  File \"/tmp/tmpbfej_9yf.py\", line 10, in triangle_area\n    return (r**2 * math.sqrt(3))/4\nNameError: name 'math' is not defined\n",
      "exit_code": 1,
      "status": "Exception"
    },
    {
      "program": "from typing import Optional\n\ndef triangle_area(r: int) -> Optional[int]:\n    \"\"\"\n\tWrite a python function to find the area of the largest triangle that can be inscribed in a semicircle with a given radius.\n\t\"\"\"\n    if r <= 0:\n        return None\n    else:\n        return (r**2 * math.sqrt(3)) / 4\n\ndef check(candidate):\n    assert candidate(-1) == None\n    assert candidate(0) == 0\n    assert candidate(2) == 4\n\ndef test_check():\n    check(triangle_area)\n\ntest_check()\n",
      "timestamp": 1665510627,
      "stdout": "",
      "stderr": "Traceback (most recent call last):\n  File \"/tmp/tmpab02ms__.py\", line 20, in <module>\n    test_check()\n  File \"/tmp/tmpab02ms__.py\", line 18, in test_check\n    check(triangle_area)\n  File \"/tmp/tmpab02ms__.py\", line 14, in check\n    assert candidate(0) == 0\nAssertionError\n",
      "exit_code": 1,
      "status": "Exception"
    },
    {
      "program": "from typing import Optional\n\ndef triangle_area(r: int) -> Optional[int]:\n    \"\"\"\n\tWrite a python function to find the area of the largest triangle that can be inscribed in a semicircle with a given radius.\n\t\"\"\"\n    if r <= 0:\n        return None\n    return (r ** 2) * math.pi / 2\n\ndef check(candidate):\n    assert candidate(-1) == None\n    assert candidate(0) == 0\n    assert candidate(2) == 4\n\ndef test_check():\n    check(triangle_area)\n\ntest_check()\n",
      "timestamp": 1666123550,
      "stdout": "",
      "stderr": "Traceback (most recent call last):\n  File \"/tmp/tmp_o50ed0t.py\", line 19, in <module>\n    test_check()\n  File \"/tmp/tmp_o50ed0t.py\", line 17, in test_check\n    check(triangle_area)\n  File \"/tmp/tmp_o50ed0t.py\", line 13, in check\n    assert candidate(0) == 0\nAssertionError\n",
      "exit_code": 1,
      "status": "Exception"
    },
    {
      "program": "from typing import Optional\n\ndef triangle_area(r: int) -> Optional[int]:\n    \"\"\"\n\tWrite a python function to find the area of the largest triangle that can be inscribed in a semicircle with a given radius.\n\t\"\"\"\n    if r <= 0:\n        return None\n    else:\n        return (r ** 2 / 2) * math.sqrt(3)\n\ndef check(candidate):\n    assert candidate(-1) == None\n    assert candidate(0) == 0\n    assert candidate(2) == 4\n\ndef test_check():\n    check(triangle_area)\n\ntest_check()\n",
      "timestamp": 1666123550,
      "stdout": "",
      "stderr": "Traceback (most recent call last):\n  File \"/tmp/tmp7ktn19ll.py\", line 20, in <module>\n    test_check()\n  File \"/tmp/tmp7ktn19ll.py\", line 18, in test_check\n    check(triangle_area)\n  File \"/tmp/tmp7ktn19ll.py\", line 14, in check\n    assert candidate(0) == 0\nAssertionError\n",
      "exit_code": 1,
      "status": "Exception"
    },
    {
      "program": "from typing import Optional\n\ndef triangle_area(r: int) -> Optional[int]:\n    \"\"\"\n\tWrite a python function to find the area of the largest triangle that can be inscribed in a semicircle with a given radius.\n\t\"\"\"\n    if r <= 0:\n        return None\n    return (3**0.5 * r**2) / 4\ndef check(candidate):\n    assert candidate(-1) == None\n    assert candidate(0) == 0\n    assert candidate(2) == 4\n\ndef test_check():\n    check(triangle_area)\n\ntest_check()\n",
      "timestamp": 1666123550,
      "stdout": "",
      "stderr": "Traceback (most recent call last):\n  File \"/tmp/tmpdz1mofk1.py\", line 18, in <module>\n    test_check()\n  File \"/tmp/tmpdz1mofk1.py\", line 16, in test_check\n    check(triangle_area)\n  File \"/tmp/tmpdz1mofk1.py\", line 12, in check\n    assert candidate(0) == 0\nAssertionError\n",
      "exit_code": 1,
      "status": "Exception"
    },
    {
      "program": "from typing import Optional\n\ndef triangle_area(r: int) -> Optional[int]:\n    \"\"\"\n\tWrite a python function to find the area of the largest triangle that can be inscribed in a semicircle with a given radius.\n\t\"\"\"\n    if r <= 0:\n        return None\n    else:\n        return (r ** 2 * math.sqrt(3)) / 4\n\ndef check(candidate):\n    assert candidate(-1) == None\n    assert candidate(0) == 0\n    assert candidate(2) == 4\n\ndef test_check():\n    check(triangle_area)\n\ntest_check()\n",
      "timestamp": 1665510627,
      "stdout": "",
      "stderr": "Traceback (most recent call last):\n  File \"/tmp/tmps7eugxnc.py\", line 20, in <module>\n    test_check()\n  File \"/tmp/tmps7eugxnc.py\", line 18, in test_check\n    check(triangle_area)\n  File \"/tmp/tmps7eugxnc.py\", line 14, in check\n    assert candidate(0) == 0\nAssertionError\n",
      "exit_code": 1,
      "status": "Exception"
    },
    {
      "program": "from typing import Optional\n\ndef triangle_area(r: int) -> Optional[int]:\n    \"\"\"\n\tWrite a python function to find the area of the largest triangle that can be inscribed in a semicircle with a given radius.\n\t\"\"\"\n    if r <= 0:\n        return None\n    return (r ** 2) * math.sqrt(3) / 4\n\ndef check(candidate):\n    assert candidate(-1) == None\n    assert candidate(0) == 0\n    assert candidate(2) == 4\n\ndef test_check():\n    check(triangle_area)\n\ntest_check()\n",
      "timestamp": 1666123550,
      "stdout": "",
      "stderr": "Traceback (most recent call last):\n  File \"/tmp/tmpog14rupo.py\", line 19, in <module>\n    test_check()\n  File \"/tmp/tmpog14rupo.py\", line 17, in test_check\n    check(triangle_area)\n  File \"/tmp/tmpog14rupo.py\", line 13, in check\n    assert candidate(0) == 0\nAssertionError\n",
      "exit_code": 1,
      "status": "Exception"
    },
    {
      "program": "from typing import Optional\n\ndef triangle_area(r: int) -> Optional[int]:\n    \"\"\"\n\tWrite a python function to find the area of the largest triangle that can be inscribed in a semicircle with a given radius.\n\t\"\"\"\n    if r <= 0:\n        return None\n    else:\n        return (r ** 2) * (math.sqrt(3) / 4)\ndef check(candidate):\n    assert candidate(-1) == None\n    assert candidate(0) == 0\n    assert candidate(2) == 4\n\ndef test_check():\n    check(triangle_area)\n\ntest_check()\n",
      "timestamp": 1666123550,
      "stdout": "",
      "stderr": "Traceback (most recent call last):\n  File \"/tmp/tmp5h5c0z4r.py\", line 19, in <module>\n    test_check()\n  File \"/tmp/tmp5h5c0z4r.py\", line 17, in test_check\n    check(triangle_area)\n  File \"/tmp/tmp5h5c0z4r.py\", line 13, in check\n    assert candidate(0) == 0\nAssertionError\n",
      "exit_code": 1,
      "status": "Exception"
    },
    {
      "program": "from typing import Optional\n\ndef triangle_area(r: int) -> Optional[int]:\n    \"\"\"\n\tWrite a python function to find the area of the largest triangle that can be inscribed in a semicircle with a given radius.\n\t\"\"\"\n    if r <= 0:\n        return None\n    else:\n        return (r * r * 3.14 * 3) / 2\n\ndef check(candidate):\n    assert candidate(-1) == None\n    assert candidate(0) == 0\n    assert candidate(2) == 4\n\ndef test_check():\n    check(triangle_area)\n\ntest_check()\n",
      "timestamp": 1666123550,
      "stdout": "",
      "stderr": "Traceback (most recent call last):\n  File \"/tmp/tmpq8jpddl8.py\", line 20, in <module>\n    test_check()\n  File \"/tmp/tmpq8jpddl8.py\", line 18, in test_check\n    check(triangle_area)\n  File \"/tmp/tmpq8jpddl8.py\", line 14, in check\n    assert candidate(0) == 0\nAssertionError\n",
      "exit_code": 1,
      "status": "Exception"
    },
    {
      "program": "from typing import Optional\n\ndef triangle_area(r: int) -> Optional[int]:\n    \"\"\"\n\tWrite a python function to find the area of the largest triangle that can be inscribed in a semicircle with a given radius.\n\t\"\"\"\n    if r <= 0:\n        return None\n    return (2 * r ** 2 * (1 - math.sqrt(3) / 2)) / 2\n\ndef check(candidate):\n    assert candidate(-1) == None\n    assert candidate(0) == 0\n    assert candidate(2) == 4\n\ndef test_check():\n    check(triangle_area)\n\ntest_check()\n",
      "timestamp": 1666123550,
      "stdout": "",
      "stderr": "Traceback (most recent call last):\n  File \"/tmp/tmprh899v0l.py\", line 19, in <module>\n    test_check()\n  File \"/tmp/tmprh899v0l.py\", line 17, in test_check\n    check(triangle_area)\n  File \"/tmp/tmprh899v0l.py\", line 13, in check\n    assert candidate(0) == 0\nAssertionError\n",
      "exit_code": 1,
      "status": "Exception"
    },
    {
      "program": "from typing import Optional\n\ndef triangle_area(r: int) -> Optional[int]:\n    \"\"\"\n\tWrite a python function to find the area of the largest triangle that can be inscribed in a semicircle with a given radius.\n\t\"\"\"\n    if r <= 0:\n        return None\n    else:\n        return (r**2 * math.sqrt(3)) / 4\n\ndef check(candidate):\n    assert candidate(-1) == None\n    assert candidate(0) == 0\n    assert candidate(2) == 4\n\ndef test_check():\n    check(triangle_area)\n\ntest_check()\n",
      "timestamp": 1665510627,
      "stdout": "",
      "stderr": "Traceback (most recent call last):\n  File \"/tmp/tmpab02ms__.py\", line 20, in <module>\n    test_check()\n  File \"/tmp/tmpab02ms__.py\", line 18, in test_check\n    check(triangle_area)\n  File \"/tmp/tmpab02ms__.py\", line 14, in check\n    assert candidate(0) == 0\nAssertionError\n",
      "exit_code": 1,
      "status": "Exception"
    },
    {
      "program": "from typing import Optional\n\ndef triangle_area(r: int) -> Optional[int]:\n    \"\"\"\n\tWrite a python function to find the area of the largest triangle that can be inscribed in a semicircle with a given radius.\n\t\"\"\"\n    if r <= 0:\n        return None\n    return r * r * math.pi / 2\n\ndef check(candidate):\n    assert candidate(-1) == None\n    assert candidate(0) == 0\n    assert candidate(2) == 4\n\ndef test_check():\n    check(triangle_area)\n\ntest_check()\n",
      "timestamp": 1666123550,
      "stdout": "",
      "stderr": "Traceback (most recent call last):\n  File \"/tmp/tmprun0alqz.py\", line 19, in <module>\n    test_check()\n  File \"/tmp/tmprun0alqz.py\", line 17, in test_check\n    check(triangle_area)\n  File \"/tmp/tmprun0alqz.py\", line 13, in check\n    assert candidate(0) == 0\nAssertionError\n",
      "exit_code": 1,
      "status": "Exception"
    },
    {
      "program": "from typing import Optional\n\ndef triangle_area(r: int) -> Optional[int]:\n    \"\"\"\n\tWrite a python function to find the area of the largest triangle that can be inscribed in a semicircle with a given radius.\n\t\"\"\"\n    if r <= 0:\n        return None\n    return (math.sqrt(3) / 4) * r ** 2\n\ndef check(candidate):\n    assert candidate(-1) == None\n    assert candidate(0) == 0\n    assert candidate(2) == 4\n\ndef test_check():\n    check(triangle_area)\n\ntest_check()\n",
      "timestamp": 1666123550,
      "stdout": "",
      "stderr": "Traceback (most recent call last):\n  File \"/tmp/tmp4mz9x6s8.py\", line 19, in <module>\n    test_check()\n  File \"/tmp/tmp4mz9x6s8.py\", line 17, in test_check\n    check(triangle_area)\n  File \"/tmp/tmp4mz9x6s8.py\", line 13, in check\n    assert candidate(0) == 0\nAssertionError\n",
      "exit_code": 1,
      "status": "Exception"
    },
    {
      "program": "from typing import Optional\n\ndef triangle_area(r: int) -> Optional[int]:\n    \"\"\"\n\tWrite a python function to find the area of the largest triangle that can be inscribed in a semicircle with a given radius.\n\t\"\"\"\n    if r <= 0:\n        return None\n    return (r ** 2 * math.sqrt(3)) / 4\n\ndef check(candidate):\n    assert candidate(-1) == None\n    assert candidate(0) == 0\n    assert candidate(2) == 4\n\ndef test_check():\n    check(triangle_area)\n\ntest_check()\n",
      "timestamp": 1666123550,
      "stdout": "",
      "stderr": "Traceback (most recent call last):\n  File \"/tmp/tmpn6soo2qc.py\", line 19, in <module>\n    test_check()\n  File \"/tmp/tmpn6soo2qc.py\", line 17, in test_check\n    check(triangle_area)\n  File \"/tmp/tmpn6soo2qc.py\", line 13, in check\n    assert candidate(0) == 0\nAssertionError\n",
      "exit_code": 1,
      "status": "Exception"
    },
    {
      "program": "from typing import Optional\n\ndef triangle_area(r: int) -> Optional[int]:\n    \"\"\"\n\tWrite a python function to find the area of the largest triangle that can be inscribed in a semicircle with a given radius.\n\t\"\"\"\n    if r <= 0:\n        return None\n    return (r ** 2 * math.sqrt(3)) / 4\n\ndef check(candidate):\n    assert candidate(-1) == None\n    assert candidate(0) == 0\n    assert candidate(2) == 4\n\ndef test_check():\n    check(triangle_area)\n\ntest_check()\n",
      "timestamp": 1666123550,
      "stdout": "",
      "stderr": "Traceback (most recent call last):\n  File \"/tmp/tmpn6soo2qc.py\", line 19, in <module>\n    test_check()\n  File \"/tmp/tmpn6soo2qc.py\", line 17, in test_check\n    check(triangle_area)\n  File \"/tmp/tmpn6soo2qc.py\", line 13, in check\n    assert candidate(0) == 0\nAssertionError\n",
      "exit_code": 1,
      "status": "Exception"
    },
    {
      "program": "from typing import Optional\n\ndef triangle_area(r: int) -> Optional[int]:\n    \"\"\"\n\tWrite a python function to find the area of the largest triangle that can be inscribed in a semicircle with a given radius.\n\t\"\"\"\n    if r <= 0:\n        return None\n    else:\n        return (r**2 * math.sqrt(3)) / 4\ndef check(candidate):\n    assert candidate(-1) == None\n    assert candidate(0) == 0\n    assert candidate(2) == 4\n\ndef test_check():\n    check(triangle_area)\n\ntest_check()\n",
      "timestamp": 1666123550,
      "stdout": "",
      "stderr": "Traceback (most recent call last):\n  File \"/tmp/tmpl7csgg1o.py\", line 19, in <module>\n    test_check()\n  File \"/tmp/tmpl7csgg1o.py\", line 17, in test_check\n    check(triangle_area)\n  File \"/tmp/tmpl7csgg1o.py\", line 13, in check\n    assert candidate(0) == 0\nAssertionError\n",
      "exit_code": 1,
      "status": "Exception"
    },
    {
      "program": "from typing import Optional\n\ndef triangle_area(r: int) -> Optional[int]:\n    \"\"\"\n\tWrite a python function to find the area of the largest triangle that can be inscribed in a semicircle with a given radius.\n\t\"\"\"\n    if r <= 0:\n        return None\n    else:\n        return (r ** 2) * math.sqrt(3) / 4\n\ndef check(candidate):\n    assert candidate(-1) == None\n    assert candidate(0) == 0\n    assert candidate(2) == 4\n\ndef test_check():\n    check(triangle_area)\n\ntest_check()\n",
      "timestamp": 1665510627,
      "stdout": "",
      "stderr": "Traceback (most recent call last):\n  File \"/tmp/tmpwwf2m3hb.py\", line 20, in <module>\n    test_check()\n  File \"/tmp/tmpwwf2m3hb.py\", line 18, in test_check\n    check(triangle_area)\n  File \"/tmp/tmpwwf2m3hb.py\", line 14, in check\n    assert candidate(0) == 0\nAssertionError\n",
      "exit_code": 1,
      "status": "Exception"
    },
    {
      "program": "from typing import Optional\n\ndef triangle_area(r: int) -> Optional[int]:\n    \"\"\"\n\tWrite a python function to find the area of the largest triangle that can be inscribed in a semicircle with a given radius.\n\t\"\"\"\n    if r <= 0:\n        return None\n    else:\n        return (r ** 2) * (math.sqrt(3) / 4)\n\ndef check(candidate):\n    assert candidate(-1) == None\n    assert candidate(0) == 0\n    assert candidate(2) == 4\n\ndef test_check():\n    check(triangle_area)\n\ntest_check()\n",
      "timestamp": 1666123550,
      "stdout": "",
      "stderr": "Traceback (most recent call last):\n  File \"/tmp/tmp3mhdyd1d.py\", line 20, in <module>\n    test_check()\n  File \"/tmp/tmp3mhdyd1d.py\", line 18, in test_check\n    check(triangle_area)\n  File \"/tmp/tmp3mhdyd1d.py\", line 14, in check\n    assert candidate(0) == 0\nAssertionError\n",
      "exit_code": 1,
      "status": "Exception"
    },
    {
      "program": "from typing import Optional\n\ndef triangle_area(r: int) -> Optional[int]:\n    \"\"\"\n\tWrite a python function to find the area of the largest triangle that can be inscribed in a semicircle with a given radius.\n\t\"\"\"\n    if r <= 0:\n        return None\n    else:\n        return (r ** 2) / 2\ndef check(candidate):\n    assert candidate(-1) == None\n    assert candidate(0) == 0\n    assert candidate(2) == 4\n\ndef test_check():\n    check(triangle_area)\n\ntest_check()\n",
      "timestamp": 1666123550,
      "stdout": "",
      "stderr": "Traceback (most recent call last):\n  File \"/tmp/tmpjlua_85l.py\", line 19, in <module>\n    test_check()\n  File \"/tmp/tmpjlua_85l.py\", line 17, in test_check\n    check(triangle_area)\n  File \"/tmp/tmpjlua_85l.py\", line 13, in check\n    assert candidate(0) == 0\nAssertionError\n",
      "exit_code": 1,
      "status": "Exception"
    },
    {
      "program": "from typing import Optional\n\ndef triangle_area(r: int) -> Optional[int]:\n    \"\"\"\n\tWrite a python function to find the area of the largest triangle that can be inscribed in a semicircle with a given radius.\n\t\"\"\"\n    if r <= 0:\n        return None\n    else:\n        return (r ** 2) * math.sqrt(3) / 4\n\n\ndef check(candidate):\n    assert candidate(-1) == None\n    assert candidate(0) == 0\n    assert candidate(2) == 4\n\ndef test_check():\n    check(triangle_area)\n\ntest_check()\n",
      "timestamp": 1666123550,
      "stdout": "",
      "stderr": "Traceback (most recent call last):\n  File \"/tmp/tmploa2cdub.py\", line 21, in <module>\n    test_check()\n  File \"/tmp/tmploa2cdub.py\", line 19, in test_check\n    check(triangle_area)\n  File \"/tmp/tmploa2cdub.py\", line 15, in check\n    assert candidate(0) == 0\nAssertionError\n",
      "exit_code": 1,
      "status": "Exception"
    },
    {
      "program": "from typing import Optional\n\ndef triangle_area(r: int) -> Optional[int]:\n    \"\"\"\n\tWrite a python function to find the area of the largest triangle that can be inscribed in a semicircle with a given radius.\n\t\"\"\"\n    if r <= 0:\n        return None\n    else:\n        return (r**2 * math.sqrt(3)) / 4\n\ndef check(candidate):\n    assert candidate(-1) == None\n    assert candidate(0) == 0\n    assert candidate(2) == 4\n\ndef test_check():\n    check(triangle_area)\n\ntest_check()\n",
      "timestamp": 1665510627,
      "stdout": "",
      "stderr": "Traceback (most recent call last):\n  File \"/tmp/tmpab02ms__.py\", line 20, in <module>\n    test_check()\n  File \"/tmp/tmpab02ms__.py\", line 18, in test_check\n    check(triangle_area)\n  File \"/tmp/tmpab02ms__.py\", line 14, in check\n    assert candidate(0) == 0\nAssertionError\n",
      "exit_code": 1,
      "status": "Exception"
    },
    {
      "program": "from typing import Optional\n\ndef triangle_area(r: int) -> Optional[int]:\n    \"\"\"\n\tWrite a python function to find the area of the largest triangle that can be inscribed in a semicircle with a given radius.\n\t\"\"\"\n    if r <= 0:\n        return None\n    else:\n        return (r ** 2) * math.pi / 2\ndef check(candidate):\n    assert candidate(-1) == None\n    assert candidate(0) == 0\n    assert candidate(2) == 4\n\ndef test_check():\n    check(triangle_area)\n\ntest_check()\n",
      "timestamp": 1666123550,
      "stdout": "",
      "stderr": "Traceback (most recent call last):\n  File \"/tmp/tmp2b2kxw5j.py\", line 19, in <module>\n    test_check()\n  File \"/tmp/tmp2b2kxw5j.py\", line 17, in test_check\n    check(triangle_area)\n  File \"/tmp/tmp2b2kxw5j.py\", line 13, in check\n    assert candidate(0) == 0\nAssertionError\n",
      "exit_code": 1,
      "status": "Exception"
    },
    {
      "program": "from typing import Optional\n\ndef triangle_area(r: int) -> Optional[int]:\n    \"\"\"\n\tWrite a python function to find the area of the largest triangle that can be inscribed in a semicircle with a given radius.\n\t\"\"\"\n    if r <= 0:\n        return None\n    else:\n        return (r ** 2) * math.pi / 2\n\ndef check(candidate):\n    assert candidate(-1) == None\n    assert candidate(0) == 0\n    assert candidate(2) == 4\n\ndef test_check():\n    check(triangle_area)\n\ntest_check()\n",
      "timestamp": 1666123550,
      "stdout": "",
      "stderr": "Traceback (most recent call last):\n  File \"/tmp/tmp1w5zi1la.py\", line 20, in <module>\n    test_check()\n  File \"/tmp/tmp1w5zi1la.py\", line 18, in test_check\n    check(triangle_area)\n  File \"/tmp/tmp1w5zi1la.py\", line 14, in check\n    assert candidate(0) == 0\nAssertionError\n",
      "exit_code": 1,
      "status": "Exception"
    },
    {
      "program": "from typing import Optional\n\ndef triangle_area(r: int) -> Optional[int]:\n    \"\"\"\n\tWrite a python function to find the area of the largest triangle that can be inscribed in a semicircle with a given radius.\n\t\"\"\"\n    if r <= 0:\n        return None\n    return (r ** 2 * math.sqrt(3)) / 4\n\ndef check(candidate):\n    assert candidate(-1) == None\n    assert candidate(0) == 0\n    assert candidate(2) == 4\n\ndef test_check():\n    check(triangle_area)\n\ntest_check()\n",
      "timestamp": 1666123550,
      "stdout": "",
      "stderr": "Traceback (most recent call last):\n  File \"/tmp/tmpn6soo2qc.py\", line 19, in <module>\n    test_check()\n  File \"/tmp/tmpn6soo2qc.py\", line 17, in test_check\n    check(triangle_area)\n  File \"/tmp/tmpn6soo2qc.py\", line 13, in check\n    assert candidate(0) == 0\nAssertionError\n",
      "exit_code": 1,
      "status": "Exception"
    },
    {
      "program": "from typing import Optional\n\ndef triangle_area(r: int) -> Optional[int]:\n    \"\"\"\n\tWrite a python function to find the area of the largest triangle that can be inscribed in a semicircle with a given radius.\n\t\"\"\"\n    if r <= 0:\n        return None\n    return (r**2 * math.sqrt(3)) / 4\n\ndef check(candidate):\n    assert candidate(-1) == None\n    assert candidate(0) == 0\n    assert candidate(2) == 4\n\ndef test_check():\n    check(triangle_area)\n\ntest_check()\n",
      "timestamp": 1665510627,
      "stdout": "",
      "stderr": "Traceback (most recent call last):\n  File \"/tmp/tmpfo_7jqnx.py\", line 19, in <module>\n    test_check()\n  File \"/tmp/tmpfo_7jqnx.py\", line 17, in test_check\n    check(triangle_area)\n  File \"/tmp/tmpfo_7jqnx.py\", line 13, in check\n    assert candidate(0) == 0\nAssertionError\n",
      "exit_code": 1,
      "status": "Exception"
    },
    {
      "program": "from typing import Optional\n\ndef triangle_area(r: int) -> Optional[int]:\n    \"\"\"\n\tWrite a python function to find the area of the largest triangle that can be inscribed in a semicircle with a given radius.\n\t\"\"\"\n    if r <= 0:\n        return None\n    return (r ** 2 * math.sqrt(3)) / 4\n\ndef check(candidate):\n    assert candidate(-1) == None\n    assert candidate(0) == 0\n    assert candidate(2) == 4\n\ndef test_check():\n    check(triangle_area)\n\ntest_check()\n",
      "timestamp": 1666123550,
      "stdout": "",
      "stderr": "Traceback (most recent call last):\n  File \"/tmp/tmpn6soo2qc.py\", line 19, in <module>\n    test_check()\n  File \"/tmp/tmpn6soo2qc.py\", line 17, in test_check\n    check(triangle_area)\n  File \"/tmp/tmpn6soo2qc.py\", line 13, in check\n    assert candidate(0) == 0\nAssertionError\n",
      "exit_code": 1,
      "status": "Exception"
    },
    {
      "program": "from typing import Optional\n\ndef triangle_area(r: int) -> Optional[int]:\n    \"\"\"\n\tWrite a python function to find the area of the largest triangle that can be inscribed in a semicircle with a given radius.\n\t\"\"\"\n    if r <= 0:\n        return None\n    else:\n        return (r ** 2) * math.sqrt(3) / 4\n\ndef check(candidate):\n    assert candidate(-1) == None\n    assert candidate(0) == 0\n    assert candidate(2) == 4\n\ndef test_check():\n    check(triangle_area)\n\ntest_check()\n",
      "timestamp": 1665510627,
      "stdout": "",
      "stderr": "Traceback (most recent call last):\n  File \"/tmp/tmpwwf2m3hb.py\", line 20, in <module>\n    test_check()\n  File \"/tmp/tmpwwf2m3hb.py\", line 18, in test_check\n    check(triangle_area)\n  File \"/tmp/tmpwwf2m3hb.py\", line 14, in check\n    assert candidate(0) == 0\nAssertionError\n",
      "exit_code": 1,
      "status": "Exception"
    },
    {
      "program": "from typing import Optional\n\ndef triangle_area(r: int) -> Optional[int]:\n    \"\"\"\n\tWrite a python function to find the area of the largest triangle that can be inscribed in a semicircle with a given radius.\n\t\"\"\"\n    if r <= 0:\n        return None\n    return (r ** 2 * math.sqrt(3)) / 4\n\ndef check(candidate):\n    assert candidate(-1) == None\n    assert candidate(0) == 0\n    assert candidate(2) == 4\n\ndef test_check():\n    check(triangle_area)\n\ntest_check()\n",
      "timestamp": 1666123550,
      "stdout": "",
      "stderr": "Traceback (most recent call last):\n  File \"/tmp/tmpn6soo2qc.py\", line 19, in <module>\n    test_check()\n  File \"/tmp/tmpn6soo2qc.py\", line 17, in test_check\n    check(triangle_area)\n  File \"/tmp/tmpn6soo2qc.py\", line 13, in check\n    assert candidate(0) == 0\nAssertionError\n",
      "exit_code": 1,
      "status": "Exception"
    },
    {
      "program": "from typing import Optional\n\ndef triangle_area(r: int) -> Optional[int]:\n    \"\"\"\n\tWrite a python function to find the area of the largest triangle that can be inscribed in a semicircle with a given radius.\n\t\"\"\"\n    if r <= 0:\n        return None\n    else:\n        return (r ** 2) * math.sqrt(3) / 4\n\ndef check(candidate):\n    assert candidate(-1) == None\n    assert candidate(0) == 0\n    assert candidate(2) == 4\n\ndef test_check():\n    check(triangle_area)\n\ntest_check()\n",
      "timestamp": 1665510627,
      "stdout": "",
      "stderr": "Traceback (most recent call last):\n  File \"/tmp/tmpwwf2m3hb.py\", line 20, in <module>\n    test_check()\n  File \"/tmp/tmpwwf2m3hb.py\", line 18, in test_check\n    check(triangle_area)\n  File \"/tmp/tmpwwf2m3hb.py\", line 14, in check\n    assert candidate(0) == 0\nAssertionError\n",
      "exit_code": 1,
      "status": "Exception"
    },
    {
      "program": "from typing import Optional\n\ndef triangle_area(r: int) -> Optional[int]:\n    \"\"\"\n\tWrite a python function to find the area of the largest triangle that can be inscribed in a semicircle with a given radius.\n\t\"\"\"\n    if r <= 0:\n        return None\n    return (r ** 2) * math.sqrt(3) / 4\n\ndef check(candidate):\n    assert candidate(-1) == None\n    assert candidate(0) == 0\n    assert candidate(2) == 4\n\ndef test_check():\n    check(triangle_area)\n\ntest_check()\n",
      "timestamp": 1666123550,
      "stdout": "",
      "stderr": "Traceback (most recent call last):\n  File \"/tmp/tmpog14rupo.py\", line 19, in <module>\n    test_check()\n  File \"/tmp/tmpog14rupo.py\", line 17, in test_check\n    check(triangle_area)\n  File \"/tmp/tmpog14rupo.py\", line 13, in check\n    assert candidate(0) == 0\nAssertionError\n",
      "exit_code": 1,
      "status": "Exception"
    },
    {
      "program": "from typing import Optional\n\ndef triangle_area(r: int) -> Optional[int]:\n    \"\"\"\n\tWrite a python function to find the area of the largest triangle that can be inscribed in a semicircle with a given radius.\n\t\"\"\"\n    if r <= 0:\n        return None\n    else:\n        return (r ** 2) / 2\n\ndef check(candidate):\n    assert candidate(-1) == None\n    assert candidate(0) == 0\n    assert candidate(2) == 4\n\ndef test_check():\n    check(triangle_area)\n\ntest_check()\n",
      "timestamp": 1666123550,
      "stdout": "",
      "stderr": "Traceback (most recent call last):\n  File \"/tmp/tmpzgavjodz.py\", line 20, in <module>\n    test_check()\n  File \"/tmp/tmpzgavjodz.py\", line 18, in test_check\n    check(triangle_area)\n  File \"/tmp/tmpzgavjodz.py\", line 14, in check\n    assert candidate(0) == 0\nAssertionError\n",
      "exit_code": 1,
      "status": "Exception"
    },
    {
      "program": "from typing import Optional\n\ndef triangle_area(r: int) -> Optional[int]:\n    \"\"\"\n\tWrite a python function to find the area of the largest triangle that can be inscribed in a semicircle with a given radius.\n\t\"\"\"\n    if r <= 0:\n        return None\n    return (r ** 2 * math.sqrt(3)) / 4\n\ndef check(candidate):\n    assert candidate(-1) == None\n    assert candidate(0) == 0\n    assert candidate(2) == 4\n\ndef test_check():\n    check(triangle_area)\n\ntest_check()\n",
      "timestamp": 1666123550,
      "stdout": "",
      "stderr": "Traceback (most recent call last):\n  File \"/tmp/tmpn6soo2qc.py\", line 19, in <module>\n    test_check()\n  File \"/tmp/tmpn6soo2qc.py\", line 17, in test_check\n    check(triangle_area)\n  File \"/tmp/tmpn6soo2qc.py\", line 13, in check\n    assert candidate(0) == 0\nAssertionError\n",
      "exit_code": 1,
      "status": "Exception"
    },
    {
      "program": "from typing import Optional\n\ndef triangle_area(r: int) -> Optional[int]:\n    \"\"\"\n\tWrite a python function to find the area of the largest triangle that can be inscribed in a semicircle with a given radius.\n\t\"\"\"\n    if r <= 0:\n        return None\n    return (r ** 2) * math.sqrt(3) / 4\n\ndef check(candidate):\n    assert candidate(-1) == None\n    assert candidate(0) == 0\n    assert candidate(2) == 4\n\ndef test_check():\n    check(triangle_area)\n\ntest_check()\n",
      "timestamp": 1666123550,
      "stdout": "",
      "stderr": "Traceback (most recent call last):\n  File \"/tmp/tmpog14rupo.py\", line 19, in <module>\n    test_check()\n  File \"/tmp/tmpog14rupo.py\", line 17, in test_check\n    check(triangle_area)\n  File \"/tmp/tmpog14rupo.py\", line 13, in check\n    assert candidate(0) == 0\nAssertionError\n",
      "exit_code": 1,
      "status": "Exception"
    },
    {
      "program": "from typing import Optional\n\ndef triangle_area(r: int) -> Optional[int]:\n    \"\"\"\n\tWrite a python function to find the area of the largest triangle that can be inscribed in a semicircle with a given radius.\n\t\"\"\"\n    if r <= 0:\n        return None\n    return (r ** 2) * math.pi / 2\n\ndef check(candidate):\n    assert candidate(-1) == None\n    assert candidate(0) == 0\n    assert candidate(2) == 4\n\ndef test_check():\n    check(triangle_area)\n\ntest_check()\n",
      "timestamp": 1666123550,
      "stdout": "",
      "stderr": "Traceback (most recent call last):\n  File \"/tmp/tmp_o50ed0t.py\", line 19, in <module>\n    test_check()\n  File \"/tmp/tmp_o50ed0t.py\", line 17, in test_check\n    check(triangle_area)\n  File \"/tmp/tmp_o50ed0t.py\", line 13, in check\n    assert candidate(0) == 0\nAssertionError\n",
      "exit_code": 1,
      "status": "Exception"
    },
    {
      "program": "from typing import Optional\n\ndef triangle_area(r: int) -> Optional[int]:\n    \"\"\"\n\tWrite a python function to find the area of the largest triangle that can be inscribed in a semicircle with a given radius.\n\t\"\"\"\n    if r <= 0:\n        return None\n    else:\n        return (r ** 2) * (math.sqrt(3) / 4)\n\ndef check(candidate):\n    assert candidate(-1) == None\n    assert candidate(0) == 0\n    assert candidate(2) == 4\n\ndef test_check():\n    check(triangle_area)\n\ntest_check()\n",
      "timestamp": 1666123550,
      "stdout": "",
      "stderr": "Traceback (most recent call last):\n  File \"/tmp/tmp3mhdyd1d.py\", line 20, in <module>\n    test_check()\n  File \"/tmp/tmp3mhdyd1d.py\", line 18, in test_check\n    check(triangle_area)\n  File \"/tmp/tmp3mhdyd1d.py\", line 14, in check\n    assert candidate(0) == 0\nAssertionError\n",
      "exit_code": 1,
      "status": "Exception"
    },
    {
      "program": "from typing import Optional\n\ndef triangle_area(r: int) -> Optional[int]:\n    \"\"\"\n\tWrite a python function to find the area of the largest triangle that can be inscribed in a semicircle with a given radius.\n\t\"\"\"\n    if r <= 0:\n        return None\n    else:\n        return (r**2 * math.sqrt(3)) / 4\n\ndef check(candidate):\n    assert candidate(-1) == None\n    assert candidate(0) == 0\n    assert candidate(2) == 4\n\ndef test_check():\n    check(triangle_area)\n\ntest_check()\n",
      "timestamp": 1665510627,
      "stdout": "",
      "stderr": "Traceback (most recent call last):\n  File \"/tmp/tmpab02ms__.py\", line 20, in <module>\n    test_check()\n  File \"/tmp/tmpab02ms__.py\", line 18, in test_check\n    check(triangle_area)\n  File \"/tmp/tmpab02ms__.py\", line 14, in check\n    assert candidate(0) == 0\nAssertionError\n",
      "exit_code": 1,
      "status": "Exception"
    },
    {
      "program": "from typing import Optional\n\ndef triangle_area(r: int) -> Optional[int]:\n    \"\"\"\n\tWrite a python function to find the area of the largest triangle that can be inscribed in a semicircle with a given radius.\n\t\"\"\"\n    if r <= 0:\n        return None\n    else:\n        return (r**2 * math.sqrt(3))/4\n\ndef check(candidate):\n    assert candidate(-1) == None\n    assert candidate(0) == 0\n    assert candidate(2) == 4\n\ndef test_check():\n    check(triangle_area)\n\ntest_check()\n",
      "timestamp": 1665510627,
      "stdout": "",
      "stderr": "Traceback (most recent call last):\n  File \"/tmp/tmpmwal0pys.py\", line 20, in <module>\n    test_check()\n  File \"/tmp/tmpmwal0pys.py\", line 18, in test_check\n    check(triangle_area)\n  File \"/tmp/tmpmwal0pys.py\", line 14, in check\n    assert candidate(0) == 0\nAssertionError\n",
      "exit_code": 1,
      "status": "Exception"
    },
    {
      "program": "from typing import Optional\n\ndef triangle_area(r: int) -> Optional[int]:\n    \"\"\"\n\tWrite a python function to find the area of the largest triangle that can be inscribed in a semicircle with a given radius.\n\t\"\"\"\n    if r <= 0:\n        return None\n    else:\n        return (r ** 2) * (math.sqrt(3) / 4)\n\ndef check(candidate):\n    assert candidate(-1) == None\n    assert candidate(0) == 0\n    assert candidate(2) == 4\n\ndef test_check():\n    check(triangle_area)\n\ntest_check()\n",
      "timestamp": 1666123550,
      "stdout": "",
      "stderr": "Traceback (most recent call last):\n  File \"/tmp/tmp3mhdyd1d.py\", line 20, in <module>\n    test_check()\n  File \"/tmp/tmp3mhdyd1d.py\", line 18, in test_check\n    check(triangle_area)\n  File \"/tmp/tmp3mhdyd1d.py\", line 14, in check\n    assert candidate(0) == 0\nAssertionError\n",
      "exit_code": 1,
      "status": "Exception"
    },
    {
      "program": "from typing import Optional\n\ndef triangle_area(r: int) -> Optional[int]:\n    \"\"\"\n\tWrite a python function to find the area of the largest triangle that can be inscribed in a semicircle with a given radius.\n\t\"\"\"\n    if r <= 0:\n        return None\n    else:\n        return (r ** 2 * math.sqrt(3)) / 4\n\ndef check(candidate):\n    assert candidate(-1) == None\n    assert candidate(0) == 0\n    assert candidate(2) == 4\n\ndef test_check():\n    check(triangle_area)\n\ntest_check()\n",
      "timestamp": 1665510627,
      "stdout": "",
      "stderr": "Traceback (most recent call last):\n  File \"/tmp/tmps7eugxnc.py\", line 20, in <module>\n    test_check()\n  File \"/tmp/tmps7eugxnc.py\", line 18, in test_check\n    check(triangle_area)\n  File \"/tmp/tmps7eugxnc.py\", line 14, in check\n    assert candidate(0) == 0\nAssertionError\n",
      "exit_code": 1,
      "status": "Exception"
    },
    {
      "program": "from typing import Optional\n\ndef triangle_area(r: int) -> Optional[int]:\n    \"\"\"\n\tWrite a python function to find the area of the largest triangle that can be inscribed in a semicircle with a given radius.\n\t\"\"\"\n    if r <= 0:\n        return None\n    else:\n        return (r**2 * math.sqrt(3)) / 4\n\ndef check(candidate):\n    assert candidate(-1) == None\n    assert candidate(0) == 0\n    assert candidate(2) == 4\n\ndef test_check():\n    check(triangle_area)\n\ntest_check()\n",
      "timestamp": 1665510627,
      "stdout": "",
      "stderr": "Traceback (most recent call last):\n  File \"/tmp/tmpab02ms__.py\", line 20, in <module>\n    test_check()\n  File \"/tmp/tmpab02ms__.py\", line 18, in test_check\n    check(triangle_area)\n  File \"/tmp/tmpab02ms__.py\", line 14, in check\n    assert candidate(0) == 0\nAssertionError\n",
      "exit_code": 1,
      "status": "Exception"
    },
    {
      "program": "from typing import Optional\n\ndef triangle_area(r: int) -> Optional[int]:\n    \"\"\"\n\tWrite a python function to find the area of the largest triangle that can be inscribed in a semicircle with a given radius.\n\t\"\"\"\n    if r <= 0:\n        return None\n    return (r ** 2 * math.sqrt(3)) / 4\n\ndef check(candidate):\n    assert candidate(-1) == None\n    assert candidate(0) == 0\n    assert candidate(2) == 4\n\ndef test_check():\n    check(triangle_area)\n\ntest_check()\n",
      "timestamp": 1666123550,
      "stdout": "",
      "stderr": "Traceback (most recent call last):\n  File \"/tmp/tmpn6soo2qc.py\", line 19, in <module>\n    test_check()\n  File \"/tmp/tmpn6soo2qc.py\", line 17, in test_check\n    check(triangle_area)\n  File \"/tmp/tmpn6soo2qc.py\", line 13, in check\n    assert candidate(0) == 0\nAssertionError\n",
      "exit_code": 1,
      "status": "Exception"
    },
    {
      "program": "from typing import Optional\n\ndef triangle_area(r: int) -> Optional[int]:\n    \"\"\"\n\tWrite a python function to find the area of the largest triangle that can be inscribed in a semicircle with a given radius.\n\t\"\"\"\n    if r <= 0:\n        return None\n    else:\n        return (r ** 2) * math.sqrt(3) / 4\ndef check(candidate):\n    assert candidate(-1) == None\n    assert candidate(0) == 0\n    assert candidate(2) == 4\n\ndef test_check():\n    check(triangle_area)\n\ntest_check()\n",
      "timestamp": 1665510627,
      "stdout": "",
      "stderr": "Traceback (most recent call last):\n  File \"/tmp/tmpu11zq482.py\", line 19, in <module>\n    test_check()\n  File \"/tmp/tmpu11zq482.py\", line 17, in test_check\n    check(triangle_area)\n  File \"/tmp/tmpu11zq482.py\", line 13, in check\n    assert candidate(0) == 0\nAssertionError\n",
      "exit_code": 1,
      "status": "Exception"
    },
    {
      "program": "from typing import Optional\n\ndef triangle_area(r: int) -> Optional[int]:\n    \"\"\"\n\tWrite a python function to find the area of the largest triangle that can be inscribed in a semicircle with a given radius.\n\t\"\"\"\n    if r <= 0:\n        return None\n    return (r ** 2 * math.sqrt(3)) / 2\n\n\ndef check(candidate):\n    assert candidate(-1) == None\n    assert candidate(0) == 0\n    assert candidate(2) == 4\n\ndef test_check():\n    check(triangle_area)\n\ntest_check()\n",
      "timestamp": 1666123550,
      "stdout": "",
      "stderr": "Traceback (most recent call last):\n  File \"/tmp/tmp2n3zg1p2.py\", line 20, in <module>\n    test_check()\n  File \"/tmp/tmp2n3zg1p2.py\", line 18, in test_check\n    check(triangle_area)\n  File \"/tmp/tmp2n3zg1p2.py\", line 14, in check\n    assert candidate(0) == 0\nAssertionError\n",
      "exit_code": 1,
      "status": "Exception"
    },
    {
      "program": "from typing import Optional\n\ndef triangle_area(r: int) -> Optional[int]:\n    \"\"\"\n\tWrite a python function to find the area of the largest triangle that can be inscribed in a semicircle with a given radius.\n\t\"\"\"\n    if r <= 0:\n        return None\n    return (r ** 2 * math.sqrt(3)) / 2\n\ndef check(candidate):\n    assert candidate(-1) == None\n    assert candidate(0) == 0\n    assert candidate(2) == 4\n\ndef test_check():\n    check(triangle_area)\n\ntest_check()\n",
      "timestamp": 1666123550,
      "stdout": "",
      "stderr": "Traceback (most recent call last):\n  File \"/tmp/tmpaad9bbvz.py\", line 19, in <module>\n    test_check()\n  File \"/tmp/tmpaad9bbvz.py\", line 17, in test_check\n    check(triangle_area)\n  File \"/tmp/tmpaad9bbvz.py\", line 13, in check\n    assert candidate(0) == 0\nAssertionError\n",
      "exit_code": 1,
      "status": "Exception"
    },
    {
      "program": "from typing import Optional\n\ndef triangle_area(r: int) -> Optional[int]:\n    \"\"\"\n\tWrite a python function to find the area of the largest triangle that can be inscribed in a semicircle with a given radius.\n\t\"\"\"\n    if r <= 0:\n        return None\n    return r * r * math.pi / 2\n\ndef check(candidate):\n    assert candidate(-1) == None\n    assert candidate(0) == 0\n    assert candidate(2) == 4\n\ndef test_check():\n    check(triangle_area)\n\ntest_check()\n",
      "timestamp": 1666123550,
      "stdout": "",
      "stderr": "Traceback (most recent call last):\n  File \"/tmp/tmprun0alqz.py\", line 19, in <module>\n    test_check()\n  File \"/tmp/tmprun0alqz.py\", line 17, in test_check\n    check(triangle_area)\n  File \"/tmp/tmprun0alqz.py\", line 13, in check\n    assert candidate(0) == 0\nAssertionError\n",
      "exit_code": 1,
      "status": "Exception"
    },
    {
      "program": "from typing import Optional\n\ndef triangle_area(r: int) -> Optional[int]:\n    \"\"\"\n\tWrite a python function to find the area of the largest triangle that can be inscribed in a semicircle with a given radius.\n\t\"\"\"\n    if r <= 0:\n        return None\n    return (r ** 2) * math.sqrt(3) / 4\n\ndef check(candidate):\n    assert candidate(-1) == None\n    assert candidate(0) == 0\n    assert candidate(2) == 4\n\ndef test_check():\n    check(triangle_area)\n\ntest_check()\n",
      "timestamp": 1666123550,
      "stdout": "",
      "stderr": "Traceback (most recent call last):\n  File \"/tmp/tmpog14rupo.py\", line 19, in <module>\n    test_check()\n  File \"/tmp/tmpog14rupo.py\", line 17, in test_check\n    check(triangle_area)\n  File \"/tmp/tmpog14rupo.py\", line 13, in check\n    assert candidate(0) == 0\nAssertionError\n",
      "exit_code": 1,
      "status": "Exception"
    },
    {
      "program": "from typing import Optional\n\ndef triangle_area(r: int) -> Optional[int]:\n    \"\"\"\n\tWrite a python function to find the area of the largest triangle that can be inscribed in a semicircle with a given radius.\n\t\"\"\"\n    if r <= 0:\n        return None\n    return (r ** 2) * math.pi / 2\n\ndef check(candidate):\n    assert candidate(-1) == None\n    assert candidate(0) == 0\n    assert candidate(2) == 4\n\ndef test_check():\n    check(triangle_area)\n\ntest_check()\n",
      "timestamp": 1666123550,
      "stdout": "",
      "stderr": "Traceback (most recent call last):\n  File \"/tmp/tmp_o50ed0t.py\", line 19, in <module>\n    test_check()\n  File \"/tmp/tmp_o50ed0t.py\", line 17, in test_check\n    check(triangle_area)\n  File \"/tmp/tmp_o50ed0t.py\", line 13, in check\n    assert candidate(0) == 0\nAssertionError\n",
      "exit_code": 1,
      "status": "Exception"
    },
    {
      "program": "from typing import Optional\n\ndef triangle_area(r: int) -> Optional[int]:\n    \"\"\"\n\tWrite a python function to find the area of the largest triangle that can be inscribed in a semicircle with a given radius.\n\t\"\"\"\n    if r <= 0:\n        return None\n    else:\n        return (r ** 2) * math.sqrt(3) / 4\n\ndef check(candidate):\n    assert candidate(-1) == None\n    assert candidate(0) == 0\n    assert candidate(2) == 4\n\ndef test_check():\n    check(triangle_area)\n\ntest_check()\n",
      "timestamp": 1665510627,
      "stdout": "",
      "stderr": "Traceback (most recent call last):\n  File \"/tmp/tmpwwf2m3hb.py\", line 20, in <module>\n    test_check()\n  File \"/tmp/tmpwwf2m3hb.py\", line 18, in test_check\n    check(triangle_area)\n  File \"/tmp/tmpwwf2m3hb.py\", line 14, in check\n    assert candidate(0) == 0\nAssertionError\n",
      "exit_code": 1,
      "status": "Exception"
    },
    {
      "program": "from typing import Optional\n\ndef triangle_area(r: int) -> Optional[int]:\n    \"\"\"\n\tWrite a python function to find the area of the largest triangle that can be inscribed in a semicircle with a given radius.\n\t\"\"\"\n    if r <= 0:\n        return None\n    return (r ** 2 * math.sqrt(3)) / 4\n\nprint(triangle_area(5))\ndef check(candidate):\n    assert candidate(-1) == None\n    assert candidate(0) == 0\n    assert candidate(2) == 4\n\ndef test_check():\n    check(triangle_area)\n\ntest_check()\n",
      "timestamp": 1666123550,
      "stdout": "",
      "stderr": "Traceback (most recent call last):\n  File \"/tmp/tmp4_z_wx84.py\", line 11, in <module>\n    print(triangle_area(5))\n  File \"/tmp/tmp4_z_wx84.py\", line 9, in triangle_area\n    return (r ** 2 * math.sqrt(3)) / 4\nNameError: name 'math' is not defined\n",
      "exit_code": 1,
      "status": "Exception"
    },
    {
      "program": "from typing import Optional\n\ndef triangle_area(r: int) -> Optional[int]:\n    \"\"\"\n\tWrite a python function to find the area of the largest triangle that can be inscribed in a semicircle with a given radius.\n\t\"\"\"\n    if r <= 0:\n        return None\n    else:\n        return (math.sqrt(3) / 4) * (r ** 2)\n\ndef check(candidate):\n    assert candidate(-1) == None\n    assert candidate(0) == 0\n    assert candidate(2) == 4\n\ndef test_check():\n    check(triangle_area)\n\ntest_check()\n",
      "timestamp": 1666123550,
      "stdout": "",
      "stderr": "Traceback (most recent call last):\n  File \"/tmp/tmp8ff8rxfr.py\", line 20, in <module>\n    test_check()\n  File \"/tmp/tmp8ff8rxfr.py\", line 18, in test_check\n    check(triangle_area)\n  File \"/tmp/tmp8ff8rxfr.py\", line 14, in check\n    assert candidate(0) == 0\nAssertionError\n",
      "exit_code": 1,
      "status": "Exception"
    },
    {
      "program": "from typing import Optional\n\ndef triangle_area(r: int) -> Optional[int]:\n    \"\"\"\n\tWrite a python function to find the area of the largest triangle that can be inscribed in a semicircle with a given radius.\n\t\"\"\"\n    if r <= 0:\n        return None\n    return (r ** 2) * math.sqrt(3) / 4\n\n\ndef check(candidate):\n    assert candidate(-1) == None\n    assert candidate(0) == 0\n    assert candidate(2) == 4\n\ndef test_check():\n    check(triangle_area)\n\ntest_check()\n",
      "timestamp": 1665510627,
      "stdout": "",
      "stderr": "Traceback (most recent call last):\n  File \"/tmp/tmpf5e5w7pp.py\", line 20, in <module>\n    test_check()\n  File \"/tmp/tmpf5e5w7pp.py\", line 18, in test_check\n    check(triangle_area)\n  File \"/tmp/tmpf5e5w7pp.py\", line 14, in check\n    assert candidate(0) == 0\nAssertionError\n",
      "exit_code": 1,
      "status": "Exception"
    },
    {
      "program": "from typing import Optional\n\ndef triangle_area(r: int) -> Optional[int]:\n    \"\"\"\n\tWrite a python function to find the area of the largest triangle that can be inscribed in a semicircle with a given radius.\n\t\"\"\"\n    if r <= 0:\n        return None\n    return (r**2 * math.sqrt(3)) / 4\n\ndef check(candidate):\n    assert candidate(-1) == None\n    assert candidate(0) == 0\n    assert candidate(2) == 4\n\ndef test_check():\n    check(triangle_area)\n\ntest_check()\n",
      "timestamp": 1665510627,
      "stdout": "",
      "stderr": "Traceback (most recent call last):\n  File \"/tmp/tmpfo_7jqnx.py\", line 19, in <module>\n    test_check()\n  File \"/tmp/tmpfo_7jqnx.py\", line 17, in test_check\n    check(triangle_area)\n  File \"/tmp/tmpfo_7jqnx.py\", line 13, in check\n    assert candidate(0) == 0\nAssertionError\n",
      "exit_code": 1,
      "status": "Exception"
    },
    {
      "program": "from typing import Optional\n\ndef triangle_area(r: int) -> Optional[int]:\n    \"\"\"\n\tWrite a python function to find the area of the largest triangle that can be inscribed in a semicircle with a given radius.\n\t\"\"\"\n    if r <= 0:\n        return None\n    return (r ** 2) * math.sqrt(3) / 4\n\ndef check(candidate):\n    assert candidate(-1) == None\n    assert candidate(0) == 0\n    assert candidate(2) == 4\n\ndef test_check():\n    check(triangle_area)\n\ntest_check()\n",
      "timestamp": 1666123550,
      "stdout": "",
      "stderr": "Traceback (most recent call last):\n  File \"/tmp/tmpog14rupo.py\", line 19, in <module>\n    test_check()\n  File \"/tmp/tmpog14rupo.py\", line 17, in test_check\n    check(triangle_area)\n  File \"/tmp/tmpog14rupo.py\", line 13, in check\n    assert candidate(0) == 0\nAssertionError\n",
      "exit_code": 1,
      "status": "Exception"
    },
    {
      "program": "from typing import Optional\n\ndef triangle_area(r: int) -> Optional[int]:\n    \"\"\"\n\tWrite a python function to find the area of the largest triangle that can be inscribed in a semicircle with a given radius.\n\t\"\"\"\n    if r <= 0:\n        return None\n    else:\n        return (r ** 2) * math.pi / 2\n\ndef check(candidate):\n    assert candidate(-1) == None\n    assert candidate(0) == 0\n    assert candidate(2) == 4\n\ndef test_check():\n    check(triangle_area)\n\ntest_check()\n",
      "timestamp": 1666123550,
      "stdout": "",
      "stderr": "Traceback (most recent call last):\n  File \"/tmp/tmp1w5zi1la.py\", line 20, in <module>\n    test_check()\n  File \"/tmp/tmp1w5zi1la.py\", line 18, in test_check\n    check(triangle_area)\n  File \"/tmp/tmp1w5zi1la.py\", line 14, in check\n    assert candidate(0) == 0\nAssertionError\n",
      "exit_code": 1,
      "status": "Exception"
    },
    {
      "program": "from typing import Optional\n\ndef triangle_area(r: int) -> Optional[int]:\n    \"\"\"\n\tWrite a python function to find the area of the largest triangle that can be inscribed in a semicircle with a given radius.\n\t\"\"\"\n    if r <= 0:\n        return None\n    else:\n        return (r ** 2) * math.pi / 2\n\nprint(triangle_area(5))\ndef check(candidate):\n    assert candidate(-1) == None\n    assert candidate(0) == 0\n    assert candidate(2) == 4\n\ndef test_check():\n    check(triangle_area)\n\ntest_check()\n",
      "timestamp": 1666123550,
      "stdout": "",
      "stderr": "Traceback (most recent call last):\n  File \"/tmp/tmpgg3d2ai0.py\", line 12, in <module>\n    print(triangle_area(5))\n  File \"/tmp/tmpgg3d2ai0.py\", line 10, in triangle_area\n    return (r ** 2) * math.pi / 2\nNameError: name 'math' is not defined\n",
      "exit_code": 1,
      "status": "Exception"
    },
    {
      "program": "from typing import Optional\n\ndef triangle_area(r: int) -> Optional[int]:\n    \"\"\"\n\tWrite a python function to find the area of the largest triangle that can be inscribed in a semicircle with a given radius.\n\t\"\"\"\n    if r <= 0:\n        return None\n    else:\n        return (r ** 2) * math.sqrt(3) / 4\n\ndef check(candidate):\n    assert candidate(-1) == None\n    assert candidate(0) == 0\n    assert candidate(2) == 4\n\ndef test_check():\n    check(triangle_area)\n\ntest_check()\n",
      "timestamp": 1665510627,
      "stdout": "",
      "stderr": "Traceback (most recent call last):\n  File \"/tmp/tmpwwf2m3hb.py\", line 20, in <module>\n    test_check()\n  File \"/tmp/tmpwwf2m3hb.py\", line 18, in test_check\n    check(triangle_area)\n  File \"/tmp/tmpwwf2m3hb.py\", line 14, in check\n    assert candidate(0) == 0\nAssertionError\n",
      "exit_code": 1,
      "status": "Exception"
    },
    {
      "program": "from typing import Optional\n\ndef triangle_area(r: int) -> Optional[int]:\n    \"\"\"\n\tWrite a python function to find the area of the largest triangle that can be inscribed in a semicircle with a given radius.\n\t\"\"\"\n    if r <= 0:\n        return None\n    else:\n        return (r**2 * math.sqrt(3)) / 4\n\ndef check(candidate):\n    assert candidate(-1) == None\n    assert candidate(0) == 0\n    assert candidate(2) == 4\n\ndef test_check():\n    check(triangle_area)\n\ntest_check()\n",
      "timestamp": 1665510627,
      "stdout": "",
      "stderr": "Traceback (most recent call last):\n  File \"/tmp/tmpab02ms__.py\", line 20, in <module>\n    test_check()\n  File \"/tmp/tmpab02ms__.py\", line 18, in test_check\n    check(triangle_area)\n  File \"/tmp/tmpab02ms__.py\", line 14, in check\n    assert candidate(0) == 0\nAssertionError\n",
      "exit_code": 1,
      "status": "Exception"
    },
    {
      "program": "from typing import Optional\n\ndef triangle_area(r: int) -> Optional[int]:\n    \"\"\"\n\tWrite a python function to find the area of the largest triangle that can be inscribed in a semicircle with a given radius.\n\t\"\"\"\n    if r <= 0:\n        return None\n    else:\n        return (r**2 * math.sqrt(3)) / 4\ndef check(candidate):\n    assert candidate(-1) == None\n    assert candidate(0) == 0\n    assert candidate(2) == 4\n\ndef test_check():\n    check(triangle_area)\n\ntest_check()\n",
      "timestamp": 1666123550,
      "stdout": "",
      "stderr": "Traceback (most recent call last):\n  File \"/tmp/tmpl7csgg1o.py\", line 19, in <module>\n    test_check()\n  File \"/tmp/tmpl7csgg1o.py\", line 17, in test_check\n    check(triangle_area)\n  File \"/tmp/tmpl7csgg1o.py\", line 13, in check\n    assert candidate(0) == 0\nAssertionError\n",
      "exit_code": 1,
      "status": "Exception"
    },
    {
      "program": "from typing import Optional\n\ndef triangle_area(r: int) -> Optional[int]:\n    \"\"\"\n\tWrite a python function to find the area of the largest triangle that can be inscribed in a semicircle with a given radius.\n\t\"\"\"\n    if r < 0:\n        return None\n    else:\n        return (math.sqrt(3)/4)*(r**2)\n\ndef check(candidate):\n    assert candidate(-1) == None\n    assert candidate(0) == 0\n    assert candidate(2) == 4\n\ndef test_check():\n    check(triangle_area)\n\ntest_check()\n",
      "timestamp": 1666123550,
      "stdout": "",
      "stderr": "Traceback (most recent call last):\n  File \"/tmp/tmp3x9fze08.py\", line 20, in <module>\n    test_check()\n  File \"/tmp/tmp3x9fze08.py\", line 18, in test_check\n    check(triangle_area)\n  File \"/tmp/tmp3x9fze08.py\", line 14, in check\n    assert candidate(0) == 0\n  File \"/tmp/tmp3x9fze08.py\", line 10, in triangle_area\n    return (math.sqrt(3)/4)*(r**2)\nNameError: name 'math' is not defined\n",
      "exit_code": 1,
      "status": "Exception"
    },
    {
      "program": "from typing import Optional\n\ndef triangle_area(r: int) -> Optional[int]:\n    \"\"\"\n\tWrite a python function to find the area of the largest triangle that can be inscribed in a semicircle with a given radius.\n\t\"\"\"\n    if r <= 0:\n        return None\n    else:\n        return (r**2 * math.sqrt(3)) / 4\n\ndef check(candidate):\n    assert candidate(-1) == None\n    assert candidate(0) == 0\n    assert candidate(2) == 4\n\ndef test_check():\n    check(triangle_area)\n\ntest_check()\n",
      "timestamp": 1665510627,
      "stdout": "",
      "stderr": "Traceback (most recent call last):\n  File \"/tmp/tmpab02ms__.py\", line 20, in <module>\n    test_check()\n  File \"/tmp/tmpab02ms__.py\", line 18, in test_check\n    check(triangle_area)\n  File \"/tmp/tmpab02ms__.py\", line 14, in check\n    assert candidate(0) == 0\nAssertionError\n",
      "exit_code": 1,
      "status": "Exception"
    },
    {
      "program": "from typing import Optional\n\ndef triangle_area(r: int) -> Optional[int]:\n    \"\"\"\n\tWrite a python function to find the area of the largest triangle that can be inscribed in a semicircle with a given radius.\n\t\"\"\"\n    if r <= 0:\n        return None\n    else:\n        return (r ** 2 * math.sqrt(3)) / 4\n\ndef check(candidate):\n    assert candidate(-1) == None\n    assert candidate(0) == 0\n    assert candidate(2) == 4\n\ndef test_check():\n    check(triangle_area)\n\ntest_check()\n",
      "timestamp": 1665510627,
      "stdout": "",
      "stderr": "Traceback (most recent call last):\n  File \"/tmp/tmps7eugxnc.py\", line 20, in <module>\n    test_check()\n  File \"/tmp/tmps7eugxnc.py\", line 18, in test_check\n    check(triangle_area)\n  File \"/tmp/tmps7eugxnc.py\", line 14, in check\n    assert candidate(0) == 0\nAssertionError\n",
      "exit_code": 1,
      "status": "Exception"
    },
    {
      "program": "from typing import Optional\n\ndef triangle_area(r: int) -> Optional[int]:\n    \"\"\"\n\tWrite a python function to find the area of the largest triangle that can be inscribed in a semicircle with a given radius.\n\t\"\"\"\n    if r <= 0:\n        return None\n    else:\n        return (r**2 * math.sqrt(3)) / 4\n\ndef check(candidate):\n    assert candidate(-1) == None\n    assert candidate(0) == 0\n    assert candidate(2) == 4\n\ndef test_check():\n    check(triangle_area)\n\ntest_check()\n",
      "timestamp": 1665510627,
      "stdout": "",
      "stderr": "Traceback (most recent call last):\n  File \"/tmp/tmpab02ms__.py\", line 20, in <module>\n    test_check()\n  File \"/tmp/tmpab02ms__.py\", line 18, in test_check\n    check(triangle_area)\n  File \"/tmp/tmpab02ms__.py\", line 14, in check\n    assert candidate(0) == 0\nAssertionError\n",
      "exit_code": 1,
      "status": "Exception"
    },
    {
      "program": "from typing import Optional\n\ndef triangle_area(r: int) -> Optional[int]:\n    \"\"\"\n\tWrite a python function to find the area of the largest triangle that can be inscribed in a semicircle with a given radius.\n\t\"\"\"\n    if r <= 0:\n        return None\n    else:\n        return (r ** 2 * math.sqrt(3)) / 4\n\ndef check(candidate):\n    assert candidate(-1) == None\n    assert candidate(0) == 0\n    assert candidate(2) == 4\n\ndef test_check():\n    check(triangle_area)\n\ntest_check()\n",
      "timestamp": 1665510627,
      "stdout": "",
      "stderr": "Traceback (most recent call last):\n  File \"/tmp/tmps7eugxnc.py\", line 20, in <module>\n    test_check()\n  File \"/tmp/tmps7eugxnc.py\", line 18, in test_check\n    check(triangle_area)\n  File \"/tmp/tmps7eugxnc.py\", line 14, in check\n    assert candidate(0) == 0\nAssertionError\n",
      "exit_code": 1,
      "status": "Exception"
    },
    {
      "program": "from typing import Optional\n\ndef triangle_area(r: int) -> Optional[int]:\n    \"\"\"\n\tWrite a python function to find the area of the largest triangle that can be inscribed in a semicircle with a given radius.\n\t\"\"\"\n    if r <= 0:\n        return None\n    else:\n        return (r**2 * math.sqrt(3)) / 4\n\ndef check(candidate):\n    assert candidate(-1) == None\n    assert candidate(0) == 0\n    assert candidate(2) == 4\n\ndef test_check():\n    check(triangle_area)\n\ntest_check()\n",
      "timestamp": 1665510627,
      "stdout": "",
      "stderr": "Traceback (most recent call last):\n  File \"/tmp/tmpab02ms__.py\", line 20, in <module>\n    test_check()\n  File \"/tmp/tmpab02ms__.py\", line 18, in test_check\n    check(triangle_area)\n  File \"/tmp/tmpab02ms__.py\", line 14, in check\n    assert candidate(0) == 0\nAssertionError\n",
      "exit_code": 1,
      "status": "Exception"
    },
    {
      "program": "from typing import Optional\n\ndef triangle_area(r: int) -> Optional[int]:\n    \"\"\"\n\tWrite a python function to find the area of the largest triangle that can be inscribed in a semicircle with a given radius.\n\t\"\"\"\n    if r <= 0:\n        return None\n    return (r**2 * math.sqrt(3))/4\n\ndef check(candidate):\n    assert candidate(-1) == None\n    assert candidate(0) == 0\n    assert candidate(2) == 4\n\ndef test_check():\n    check(triangle_area)\n\ntest_check()\n",
      "timestamp": 1666123550,
      "stdout": "",
      "stderr": "Traceback (most recent call last):\n  File \"/tmp/tmpq6so42r8.py\", line 19, in <module>\n    test_check()\n  File \"/tmp/tmpq6so42r8.py\", line 17, in test_check\n    check(triangle_area)\n  File \"/tmp/tmpq6so42r8.py\", line 13, in check\n    assert candidate(0) == 0\nAssertionError\n",
      "exit_code": 1,
      "status": "Exception"
    },
    {
      "program": "from typing import Optional\n\ndef triangle_area(r: int) -> Optional[int]:\n    \"\"\"\n\tWrite a python function to find the area of the largest triangle that can be inscribed in a semicircle with a given radius.\n\t\"\"\"\n    if r <= 0:\n        return None\n    else:\n        return (math.sqrt(3) / 4) * (r ** 2)\n\ndef check(candidate):\n    assert candidate(-1) == None\n    assert candidate(0) == 0\n    assert candidate(2) == 4\n\ndef test_check():\n    check(triangle_area)\n\ntest_check()\n",
      "timestamp": 1666123550,
      "stdout": "",
      "stderr": "Traceback (most recent call last):\n  File \"/tmp/tmp8ff8rxfr.py\", line 20, in <module>\n    test_check()\n  File \"/tmp/tmp8ff8rxfr.py\", line 18, in test_check\n    check(triangle_area)\n  File \"/tmp/tmp8ff8rxfr.py\", line 14, in check\n    assert candidate(0) == 0\nAssertionError\n",
      "exit_code": 1,
      "status": "Exception"
    },
    {
      "program": "from typing import Optional\n\ndef triangle_area(r: int) -> Optional[int]:\n    \"\"\"\n\tWrite a python function to find the area of the largest triangle that can be inscribed in a semicircle with a given radius.\n\t\"\"\"\n    if r <= 0:\n        return None\n    else:\n        return (r ** 2) * math.sqrt(3) / 4\n\ndef check(candidate):\n    assert candidate(-1) == None\n    assert candidate(0) == 0\n    assert candidate(2) == 4\n\ndef test_check():\n    check(triangle_area)\n\ntest_check()\n",
      "timestamp": 1665510627,
      "stdout": "",
      "stderr": "Traceback (most recent call last):\n  File \"/tmp/tmpwwf2m3hb.py\", line 20, in <module>\n    test_check()\n  File \"/tmp/tmpwwf2m3hb.py\", line 18, in test_check\n    check(triangle_area)\n  File \"/tmp/tmpwwf2m3hb.py\", line 14, in check\n    assert candidate(0) == 0\nAssertionError\n",
      "exit_code": 1,
      "status": "Exception"
    },
    {
      "program": "from typing import Optional\n\ndef triangle_area(r: int) -> Optional[int]:\n    \"\"\"\n\tWrite a python function to find the area of the largest triangle that can be inscribed in a semicircle with a given radius.\n\t\"\"\"\n    if r <= 0:\n        return None\n    else:\n        return (r ** 2) * (math.sqrt(3) / 4)\n\ndef check(candidate):\n    assert candidate(-1) == None\n    assert candidate(0) == 0\n    assert candidate(2) == 4\n\ndef test_check():\n    check(triangle_area)\n\ntest_check()\n",
      "timestamp": 1666123550,
      "stdout": "",
      "stderr": "Traceback (most recent call last):\n  File \"/tmp/tmp3mhdyd1d.py\", line 20, in <module>\n    test_check()\n  File \"/tmp/tmp3mhdyd1d.py\", line 18, in test_check\n    check(triangle_area)\n  File \"/tmp/tmp3mhdyd1d.py\", line 14, in check\n    assert candidate(0) == 0\nAssertionError\n",
      "exit_code": 1,
      "status": "Exception"
    },
    {
      "program": "from typing import Optional\n\ndef triangle_area(r: int) -> Optional[int]:\n    \"\"\"\n\tWrite a python function to find the area of the largest triangle that can be inscribed in a semicircle with a given radius.\n\t\"\"\"\n    if r < 0:\n        return None\n    else:\n        return (r**2 * math.sqrt(3)) / 4\n\ndef check(candidate):\n    assert candidate(-1) == None\n    assert candidate(0) == 0\n    assert candidate(2) == 4\n\ndef test_check():\n    check(triangle_area)\n\ntest_check()\n",
      "timestamp": 1666123550,
      "stdout": "",
      "stderr": "Traceback (most recent call last):\n  File \"/tmp/tmpktc7mevp.py\", line 20, in <module>\n    test_check()\n  File \"/tmp/tmpktc7mevp.py\", line 18, in test_check\n    check(triangle_area)\n  File \"/tmp/tmpktc7mevp.py\", line 14, in check\n    assert candidate(0) == 0\n  File \"/tmp/tmpktc7mevp.py\", line 10, in triangle_area\n    return (r**2 * math.sqrt(3)) / 4\nNameError: name 'math' is not defined\n",
      "exit_code": 1,
      "status": "Exception"
    },
    {
      "program": "from typing import Optional\n\ndef triangle_area(r: int) -> Optional[int]:\n    \"\"\"\n\tWrite a python function to find the area of the largest triangle that can be inscribed in a semicircle with a given radius.\n\t\"\"\"\n    if r <= 0:\n        return None\n    else:\n        return (r**2 * math.sqrt(3)) / 4\n\ndef check(candidate):\n    assert candidate(-1) == None\n    assert candidate(0) == 0\n    assert candidate(2) == 4\n\ndef test_check():\n    check(triangle_area)\n\ntest_check()\n",
      "timestamp": 1665510627,
      "stdout": "",
      "stderr": "Traceback (most recent call last):\n  File \"/tmp/tmpab02ms__.py\", line 20, in <module>\n    test_check()\n  File \"/tmp/tmpab02ms__.py\", line 18, in test_check\n    check(triangle_area)\n  File \"/tmp/tmpab02ms__.py\", line 14, in check\n    assert candidate(0) == 0\nAssertionError\n",
      "exit_code": 1,
      "status": "Exception"
    },
    {
      "program": "from typing import Optional\n\ndef triangle_area(r: int) -> Optional[int]:\n    \"\"\"\n\tWrite a python function to find the area of the largest triangle that can be inscribed in a semicircle with a given radius.\n\t\"\"\"\n    if r <= 0:\n        return None\n    else:\n        return (r**2 * math.sqrt(3)) / 4\n\ndef check(candidate):\n    assert candidate(-1) == None\n    assert candidate(0) == 0\n    assert candidate(2) == 4\n\ndef test_check():\n    check(triangle_area)\n\ntest_check()\n",
      "timestamp": 1665510627,
      "stdout": "",
      "stderr": "Traceback (most recent call last):\n  File \"/tmp/tmpab02ms__.py\", line 20, in <module>\n    test_check()\n  File \"/tmp/tmpab02ms__.py\", line 18, in test_check\n    check(triangle_area)\n  File \"/tmp/tmpab02ms__.py\", line 14, in check\n    assert candidate(0) == 0\nAssertionError\n",
      "exit_code": 1,
      "status": "Exception"
    },
    {
      "program": "from typing import Optional\n\ndef triangle_area(r: int) -> Optional[int]:\n    \"\"\"\n\tWrite a python function to find the area of the largest triangle that can be inscribed in a semicircle with a given radius.\n\t\"\"\"\n    if r <= 0:\n        return None\n    return (r ** 2) * math.sqrt(3) / 4\n\ndef check(candidate):\n    assert candidate(-1) == None\n    assert candidate(0) == 0\n    assert candidate(2) == 4\n\ndef test_check():\n    check(triangle_area)\n\ntest_check()\n",
      "timestamp": 1666123550,
      "stdout": "",
      "stderr": "Traceback (most recent call last):\n  File \"/tmp/tmpog14rupo.py\", line 19, in <module>\n    test_check()\n  File \"/tmp/tmpog14rupo.py\", line 17, in test_check\n    check(triangle_area)\n  File \"/tmp/tmpog14rupo.py\", line 13, in check\n    assert candidate(0) == 0\nAssertionError\n",
      "exit_code": 1,
      "status": "Exception"
    },
    {
      "program": "from typing import Optional\n\ndef triangle_area(r: int) -> Optional[int]:\n    \"\"\"\n\tWrite a python function to find the area of the largest triangle that can be inscribed in a semicircle with a given radius.\n\t\"\"\"\n    if r <= 0:\n        return None\n    else:\n        return (r ** 2) * math.pi / 2\n\ndef check(candidate):\n    assert candidate(-1) == None\n    assert candidate(0) == 0\n    assert candidate(2) == 4\n\ndef test_check():\n    check(triangle_area)\n\ntest_check()\n",
      "timestamp": 1666123550,
      "stdout": "",
      "stderr": "Traceback (most recent call last):\n  File \"/tmp/tmp1w5zi1la.py\", line 20, in <module>\n    test_check()\n  File \"/tmp/tmp1w5zi1la.py\", line 18, in test_check\n    check(triangle_area)\n  File \"/tmp/tmp1w5zi1la.py\", line 14, in check\n    assert candidate(0) == 0\nAssertionError\n",
      "exit_code": 1,
      "status": "Exception"
    },
    {
      "program": "from typing import Optional\n\ndef triangle_area(r: int) -> Optional[int]:\n    \"\"\"\n\tWrite a python function to find the area of the largest triangle that can be inscribed in a semicircle with a given radius.\n\t\"\"\"\n    if r <= 0:\n        return None\n    else:\n        return (r ** 2) * math.pi / 2\n\ndef check(candidate):\n    assert candidate(-1) == None\n    assert candidate(0) == 0\n    assert candidate(2) == 4\n\ndef test_check():\n    check(triangle_area)\n\ntest_check()\n",
      "timestamp": 1666123550,
      "stdout": "",
      "stderr": "Traceback (most recent call last):\n  File \"/tmp/tmp1w5zi1la.py\", line 20, in <module>\n    test_check()\n  File \"/tmp/tmp1w5zi1la.py\", line 18, in test_check\n    check(triangle_area)\n  File \"/tmp/tmp1w5zi1la.py\", line 14, in check\n    assert candidate(0) == 0\nAssertionError\n",
      "exit_code": 1,
      "status": "Exception"
    },
    {
      "program": "from typing import Optional\n\ndef triangle_area(r: int) -> Optional[int]:\n    \"\"\"\n\tWrite a python function to find the area of the largest triangle that can be inscribed in a semicircle with a given radius.\n\t\"\"\"\n    if r < 0:\n        return None\n    return (r ** 2) / 2\n\n\ndef check(candidate):\n    assert candidate(-1) == None\n    assert candidate(0) == 0\n    assert candidate(2) == 4\n\ndef test_check():\n    check(triangle_area)\n\ntest_check()\n",
      "timestamp": 1666123550,
      "stdout": "",
      "stderr": "Traceback (most recent call last):\n  File \"/tmp/tmpty_bpzuw.py\", line 20, in <module>\n    test_check()\n  File \"/tmp/tmpty_bpzuw.py\", line 18, in test_check\n    check(triangle_area)\n  File \"/tmp/tmpty_bpzuw.py\", line 15, in check\n    assert candidate(2) == 4\nAssertionError\n",
      "exit_code": 1,
      "status": "Exception"
    },
    {
      "program": "from typing import Optional\n\ndef triangle_area(r: int) -> Optional[int]:\n    \"\"\"\n\tWrite a python function to find the area of the largest triangle that can be inscribed in a semicircle with a given radius.\n\t\"\"\"\n    if r <= 0:\n        return None\n    else:\n        return (r**2 * math.sqrt(3)) / 4\n\ndef check(candidate):\n    assert candidate(-1) == None\n    assert candidate(0) == 0\n    assert candidate(2) == 4\n\ndef test_check():\n    check(triangle_area)\n\ntest_check()\n",
      "timestamp": 1665510627,
      "stdout": "",
      "stderr": "Traceback (most recent call last):\n  File \"/tmp/tmpab02ms__.py\", line 20, in <module>\n    test_check()\n  File \"/tmp/tmpab02ms__.py\", line 18, in test_check\n    check(triangle_area)\n  File \"/tmp/tmpab02ms__.py\", line 14, in check\n    assert candidate(0) == 0\nAssertionError\n",
      "exit_code": 1,
      "status": "Exception"
    },
    {
      "program": "from typing import Optional\n\ndef triangle_area(r: int) -> Optional[int]:\n    \"\"\"\n\tWrite a python function to find the area of the largest triangle that can be inscribed in a semicircle with a given radius.\n\t\"\"\"\n    if r <= 0:\n        return None\n    else:\n        return (r ** 2) * math.sqrt(3) / 4\n\ndef check(candidate):\n    assert candidate(-1) == None\n    assert candidate(0) == 0\n    assert candidate(2) == 4\n\ndef test_check():\n    check(triangle_area)\n\ntest_check()\n",
      "timestamp": 1665510627,
      "stdout": "",
      "stderr": "Traceback (most recent call last):\n  File \"/tmp/tmpwwf2m3hb.py\", line 20, in <module>\n    test_check()\n  File \"/tmp/tmpwwf2m3hb.py\", line 18, in test_check\n    check(triangle_area)\n  File \"/tmp/tmpwwf2m3hb.py\", line 14, in check\n    assert candidate(0) == 0\nAssertionError\n",
      "exit_code": 1,
      "status": "Exception"
    },
    {
      "program": "from typing import Optional\n\ndef triangle_area(r: int) -> Optional[int]:\n    \"\"\"\n\tWrite a python function to find the area of the largest triangle that can be inscribed in a semicircle with a given radius.\n\t\"\"\"\n    if r <= 0:\n        return None\n    return (r ** 2 * math.sqrt(3)) / 4\n\ndef check(candidate):\n    assert candidate(-1) == None\n    assert candidate(0) == 0\n    assert candidate(2) == 4\n\ndef test_check():\n    check(triangle_area)\n\ntest_check()\n",
      "timestamp": 1666123550,
      "stdout": "",
      "stderr": "Traceback (most recent call last):\n  File \"/tmp/tmpn6soo2qc.py\", line 19, in <module>\n    test_check()\n  File \"/tmp/tmpn6soo2qc.py\", line 17, in test_check\n    check(triangle_area)\n  File \"/tmp/tmpn6soo2qc.py\", line 13, in check\n    assert candidate(0) == 0\nAssertionError\n",
      "exit_code": 1,
      "status": "Exception"
    },
    {
      "program": "from typing import Optional\n\ndef triangle_area(r: int) -> Optional[int]:\n    \"\"\"\n\tWrite a python function to find the area of the largest triangle that can be inscribed in a semicircle with a given radius.\n\t\"\"\"\n    if r <= 0:\n        return None\n    else:\n        return (r**2 * math.sqrt(3)) / 4\n\ndef check(candidate):\n    assert candidate(-1) == None\n    assert candidate(0) == 0\n    assert candidate(2) == 4\n\ndef test_check():\n    check(triangle_area)\n\ntest_check()\n",
      "timestamp": 1665510627,
      "stdout": "",
      "stderr": "Traceback (most recent call last):\n  File \"/tmp/tmpab02ms__.py\", line 20, in <module>\n    test_check()\n  File \"/tmp/tmpab02ms__.py\", line 18, in test_check\n    check(triangle_area)\n  File \"/tmp/tmpab02ms__.py\", line 14, in check\n    assert candidate(0) == 0\nAssertionError\n",
      "exit_code": 1,
      "status": "Exception"
    },
    {
      "program": "from typing import Optional\n\ndef triangle_area(r: int) -> Optional[int]:\n    \"\"\"\n\tWrite a python function to find the area of the largest triangle that can be inscribed in a semicircle with a given radius.\n\t\"\"\"\n    if r <= 0:\n        return None\n    return (r ** 2) * math.sqrt(3) / 4\n\ndef check(candidate):\n    assert candidate(-1) == None\n    assert candidate(0) == 0\n    assert candidate(2) == 4\n\ndef test_check():\n    check(triangle_area)\n\ntest_check()\n",
      "timestamp": 1666123550,
      "stdout": "",
      "stderr": "Traceback (most recent call last):\n  File \"/tmp/tmpog14rupo.py\", line 19, in <module>\n    test_check()\n  File \"/tmp/tmpog14rupo.py\", line 17, in test_check\n    check(triangle_area)\n  File \"/tmp/tmpog14rupo.py\", line 13, in check\n    assert candidate(0) == 0\nAssertionError\n",
      "exit_code": 1,
      "status": "Exception"
    },
    {
      "program": "from typing import Optional\n\ndef triangle_area(r: int) -> Optional[int]:\n    \"\"\"\n\tWrite a python function to find the area of the largest triangle that can be inscribed in a semicircle with a given radius.\n\t\"\"\"\n    if r <= 0:\n        return None\n    else:\n        return (r**2 * math.sqrt(3)) / 4\n\nprint(triangle_area(4))\ndef check(candidate):\n    assert candidate(-1) == None\n    assert candidate(0) == 0\n    assert candidate(2) == 4\n\ndef test_check():\n    check(triangle_area)\n\ntest_check()\n",
      "timestamp": 1666123550,
      "stdout": "",
      "stderr": "Traceback (most recent call last):\n  File \"/tmp/tmpmknzbrtk.py\", line 12, in <module>\n    print(triangle_area(4))\n  File \"/tmp/tmpmknzbrtk.py\", line 10, in triangle_area\n    return (r**2 * math.sqrt(3)) / 4\nNameError: name 'math' is not defined\n",
      "exit_code": 1,
      "status": "Exception"
    },
    {
      "program": "from typing import Optional\n\ndef triangle_area(r: int) -> Optional[int]:\n    \"\"\"\n\tWrite a python function to find the area of the largest triangle that can be inscribed in a semicircle with a given radius.\n\t\"\"\"\n    if r <= 0:\n        return None\n    return (r ** 2 / 2) * math.sqrt(3)\n\ndef check(candidate):\n    assert candidate(-1) == None\n    assert candidate(0) == 0\n    assert candidate(2) == 4\n\ndef test_check():\n    check(triangle_area)\n\ntest_check()\n",
      "timestamp": 1666123550,
      "stdout": "",
      "stderr": "Traceback (most recent call last):\n  File \"/tmp/tmpykuc2dcs.py\", line 19, in <module>\n    test_check()\n  File \"/tmp/tmpykuc2dcs.py\", line 17, in test_check\n    check(triangle_area)\n  File \"/tmp/tmpykuc2dcs.py\", line 13, in check\n    assert candidate(0) == 0\nAssertionError\n",
      "exit_code": 1,
      "status": "Exception"
    },
    {
      "program": "from typing import Optional\n\ndef triangle_area(r: int) -> Optional[int]:\n    \"\"\"\n\tWrite a python function to find the area of the largest triangle that can be inscribed in a semicircle with a given radius.\n\t\"\"\"\n    if r <= 0:\n        return None\n    else:\n        return (r ** 2) * math.pi / 2\n\ndef check(candidate):\n    assert candidate(-1) == None\n    assert candidate(0) == 0\n    assert candidate(2) == 4\n\ndef test_check():\n    check(triangle_area)\n\ntest_check()\n",
      "timestamp": 1666123550,
      "stdout": "",
      "stderr": "Traceback (most recent call last):\n  File \"/tmp/tmp1w5zi1la.py\", line 20, in <module>\n    test_check()\n  File \"/tmp/tmp1w5zi1la.py\", line 18, in test_check\n    check(triangle_area)\n  File \"/tmp/tmp1w5zi1la.py\", line 14, in check\n    assert candidate(0) == 0\nAssertionError\n",
      "exit_code": 1,
      "status": "Exception"
    },
    {
      "program": "from typing import Optional\n\ndef triangle_area(r: int) -> Optional[int]:\n    \"\"\"\n\tWrite a python function to find the area of the largest triangle that can be inscribed in a semicircle with a given radius.\n\t\"\"\"\n    if r <= 0:\n        return None\n    else:\n        return (r**2 * math.sqrt(3)) / 4\n\ndef check(candidate):\n    assert candidate(-1) == None\n    assert candidate(0) == 0\n    assert candidate(2) == 4\n\ndef test_check():\n    check(triangle_area)\n\ntest_check()\n",
      "timestamp": 1665510627,
      "stdout": "",
      "stderr": "Traceback (most recent call last):\n  File \"/tmp/tmpab02ms__.py\", line 20, in <module>\n    test_check()\n  File \"/tmp/tmpab02ms__.py\", line 18, in test_check\n    check(triangle_area)\n  File \"/tmp/tmpab02ms__.py\", line 14, in check\n    assert candidate(0) == 0\nAssertionError\n",
      "exit_code": 1,
      "status": "Exception"
    },
    {
      "program": "from typing import Optional\n\ndef triangle_area(r: int) -> Optional[int]:\n    \"\"\"\n\tWrite a python function to find the area of the largest triangle that can be inscribed in a semicircle with a given radius.\n\t\"\"\"\n    if r <= 0:\n        return None\n    else:\n        return (r**2 * math.sqrt(3)) / 4\n\ndef check(candidate):\n    assert candidate(-1) == None\n    assert candidate(0) == 0\n    assert candidate(2) == 4\n\ndef test_check():\n    check(triangle_area)\n\ntest_check()\n",
      "timestamp": 1665510627,
      "stdout": "",
      "stderr": "Traceback (most recent call last):\n  File \"/tmp/tmpab02ms__.py\", line 20, in <module>\n    test_check()\n  File \"/tmp/tmpab02ms__.py\", line 18, in test_check\n    check(triangle_area)\n  File \"/tmp/tmpab02ms__.py\", line 14, in check\n    assert candidate(0) == 0\nAssertionError\n",
      "exit_code": 1,
      "status": "Exception"
    },
    {
      "program": "from typing import Optional\n\ndef triangle_area(r: int) -> Optional[int]:\n    \"\"\"\n\tWrite a python function to find the area of the largest triangle that can be inscribed in a semicircle with a given radius.\n\t\"\"\"\n    if r <= 0:\n        return None\n    return (r ** 2) * math.sqrt(3) / 4\n\ndef check(candidate):\n    assert candidate(-1) == None\n    assert candidate(0) == 0\n    assert candidate(2) == 4\n\ndef test_check():\n    check(triangle_area)\n\ntest_check()\n",
      "timestamp": 1666123550,
      "stdout": "",
      "stderr": "Traceback (most recent call last):\n  File \"/tmp/tmpog14rupo.py\", line 19, in <module>\n    test_check()\n  File \"/tmp/tmpog14rupo.py\", line 17, in test_check\n    check(triangle_area)\n  File \"/tmp/tmpog14rupo.py\", line 13, in check\n    assert candidate(0) == 0\nAssertionError\n",
      "exit_code": 1,
      "status": "Exception"
    },
    {
      "program": "from typing import Optional\n\ndef triangle_area(r: int) -> Optional[int]:\n    \"\"\"\n\tWrite a python function to find the area of the largest triangle that can be inscribed in a semicircle with a given radius.\n\t\"\"\"\n    if r <= 0:\n        return None\n    else:\n        return (r ** 2) * math.pi / 2\n\ndef check(candidate):\n    assert candidate(-1) == None\n    assert candidate(0) == 0\n    assert candidate(2) == 4\n\ndef test_check():\n    check(triangle_area)\n\ntest_check()\n",
      "timestamp": 1666123550,
      "stdout": "",
      "stderr": "Traceback (most recent call last):\n  File \"/tmp/tmp1w5zi1la.py\", line 20, in <module>\n    test_check()\n  File \"/tmp/tmp1w5zi1la.py\", line 18, in test_check\n    check(triangle_area)\n  File \"/tmp/tmp1w5zi1la.py\", line 14, in check\n    assert candidate(0) == 0\nAssertionError\n",
      "exit_code": 1,
      "status": "Exception"
    },
    {
      "program": "from typing import Optional\n\ndef triangle_area(r: int) -> Optional[int]:\n    \"\"\"\n\tWrite a python function to find the area of the largest triangle that can be inscribed in a semicircle with a given radius.\n\t\"\"\"\n    if r <= 0:\n        return None\n    else:\n        return (math.sqrt(3) / 4) * (r ** 2)\n\ndef check(candidate):\n    assert candidate(-1) == None\n    assert candidate(0) == 0\n    assert candidate(2) == 4\n\ndef test_check():\n    check(triangle_area)\n\ntest_check()\n",
      "timestamp": 1666123550,
      "stdout": "",
      "stderr": "Traceback (most recent call last):\n  File \"/tmp/tmp8ff8rxfr.py\", line 20, in <module>\n    test_check()\n  File \"/tmp/tmp8ff8rxfr.py\", line 18, in test_check\n    check(triangle_area)\n  File \"/tmp/tmp8ff8rxfr.py\", line 14, in check\n    assert candidate(0) == 0\nAssertionError\n",
      "exit_code": 1,
      "status": "Exception"
    },
    {
      "program": "from typing import Optional\n\ndef triangle_area(r: int) -> Optional[int]:\n    \"\"\"\n\tWrite a python function to find the area of the largest triangle that can be inscribed in a semicircle with a given radius.\n\t\"\"\"\n    if r <= 0:\n        return None\n    else:\n        return (r**2 * math.sqrt(3)) / 4\n\ndef check(candidate):\n    assert candidate(-1) == None\n    assert candidate(0) == 0\n    assert candidate(2) == 4\n\ndef test_check():\n    check(triangle_area)\n\ntest_check()\n",
      "timestamp": 1665510627,
      "stdout": "",
      "stderr": "Traceback (most recent call last):\n  File \"/tmp/tmpab02ms__.py\", line 20, in <module>\n    test_check()\n  File \"/tmp/tmpab02ms__.py\", line 18, in test_check\n    check(triangle_area)\n  File \"/tmp/tmpab02ms__.py\", line 14, in check\n    assert candidate(0) == 0\nAssertionError\n",
      "exit_code": 1,
      "status": "Exception"
    },
    {
      "program": "from typing import Optional\n\ndef triangle_area(r: int) -> Optional[int]:\n    \"\"\"\n\tWrite a python function to find the area of the largest triangle that can be inscribed in a semicircle with a given radius.\n\t\"\"\"\n    if r <= 0:\n        return None\n    else:\n        return (r**2 * math.sqrt(3)) / 4\n\nprint(triangle_area(1))\ndef check(candidate):\n    assert candidate(-1) == None\n    assert candidate(0) == 0\n    assert candidate(2) == 4\n\ndef test_check():\n    check(triangle_area)\n\ntest_check()\n",
      "timestamp": 1666123550,
      "stdout": "",
      "stderr": "Traceback (most recent call last):\n  File \"/tmp/tmp167ap2ok.py\", line 12, in <module>\n    print(triangle_area(1))\n  File \"/tmp/tmp167ap2ok.py\", line 10, in triangle_area\n    return (r**2 * math.sqrt(3)) / 4\nNameError: name 'math' is not defined\n",
      "exit_code": 1,
      "status": "Exception"
    },
    {
      "program": "from typing import Optional\n\ndef triangle_area(r: int) -> Optional[int]:\n    \"\"\"\n\tWrite a python function to find the area of the largest triangle that can be inscribed in a semicircle with a given radius.\n\t\"\"\"\n    if r <= 0:\n        return None\n    else:\n        return (r**2 * math.sqrt(3))/4\n\ndef check(candidate):\n    assert candidate(-1) == None\n    assert candidate(0) == 0\n    assert candidate(2) == 4\n\ndef test_check():\n    check(triangle_area)\n\ntest_check()\n",
      "timestamp": 1665510627,
      "stdout": "",
      "stderr": "Traceback (most recent call last):\n  File \"/tmp/tmpmwal0pys.py\", line 20, in <module>\n    test_check()\n  File \"/tmp/tmpmwal0pys.py\", line 18, in test_check\n    check(triangle_area)\n  File \"/tmp/tmpmwal0pys.py\", line 14, in check\n    assert candidate(0) == 0\nAssertionError\n",
      "exit_code": 1,
      "status": "Exception"
    },
    {
      "program": "from typing import Optional\n\ndef triangle_area(r: int) -> Optional[int]:\n    \"\"\"\n\tWrite a python function to find the area of the largest triangle that can be inscribed in a semicircle with a given radius.\n\t\"\"\"\n    if r <= 0:\n        return None\n    else:\n        return (r**2 * math.sqrt(3)) / 4\n\ndef check(candidate):\n    assert candidate(-1) == None\n    assert candidate(0) == 0\n    assert candidate(2) == 4\n\ndef test_check():\n    check(triangle_area)\n\ntest_check()\n",
      "timestamp": 1665510627,
      "stdout": "",
      "stderr": "Traceback (most recent call last):\n  File \"/tmp/tmpab02ms__.py\", line 20, in <module>\n    test_check()\n  File \"/tmp/tmpab02ms__.py\", line 18, in test_check\n    check(triangle_area)\n  File \"/tmp/tmpab02ms__.py\", line 14, in check\n    assert candidate(0) == 0\nAssertionError\n",
      "exit_code": 1,
      "status": "Exception"
    },
    {
      "program": "from typing import Optional\n\ndef triangle_area(r: int) -> Optional[int]:\n    \"\"\"\n\tWrite a python function to find the area of the largest triangle that can be inscribed in a semicircle with a given radius.\n\t\"\"\"\n    if r <= 0:\n        return None\n    else:\n        return (r**2 * math.sqrt(3)) / 4\n\ndef check(candidate):\n    assert candidate(-1) == None\n    assert candidate(0) == 0\n    assert candidate(2) == 4\n\ndef test_check():\n    check(triangle_area)\n\ntest_check()\n",
      "timestamp": 1665510627,
      "stdout": "",
      "stderr": "Traceback (most recent call last):\n  File \"/tmp/tmpab02ms__.py\", line 20, in <module>\n    test_check()\n  File \"/tmp/tmpab02ms__.py\", line 18, in test_check\n    check(triangle_area)\n  File \"/tmp/tmpab02ms__.py\", line 14, in check\n    assert candidate(0) == 0\nAssertionError\n",
      "exit_code": 1,
      "status": "Exception"
    },
    {
      "program": "from typing import Optional\n\ndef triangle_area(r: int) -> Optional[int]:\n    \"\"\"\n\tWrite a python function to find the area of the largest triangle that can be inscribed in a semicircle with a given radius.\n\t\"\"\"\n    if r <= 0:\n        return None\n    else:\n        return (r ** 2) * math.sqrt(3) / 4\n\ndef check(candidate):\n    assert candidate(-1) == None\n    assert candidate(0) == 0\n    assert candidate(2) == 4\n\ndef test_check():\n    check(triangle_area)\n\ntest_check()\n",
      "timestamp": 1665510627,
      "stdout": "",
      "stderr": "Traceback (most recent call last):\n  File \"/tmp/tmpwwf2m3hb.py\", line 20, in <module>\n    test_check()\n  File \"/tmp/tmpwwf2m3hb.py\", line 18, in test_check\n    check(triangle_area)\n  File \"/tmp/tmpwwf2m3hb.py\", line 14, in check\n    assert candidate(0) == 0\nAssertionError\n",
      "exit_code": 1,
      "status": "Exception"
    },
    {
      "program": "from typing import Optional\n\ndef triangle_area(r: int) -> Optional[int]:\n    \"\"\"\n\tWrite a python function to find the area of the largest triangle that can be inscribed in a semicircle with a given radius.\n\t\"\"\"\n    if r <= 0:\n        return None\n    return (r ** 2 * math.sqrt(3)) / 2\n\ndef check(candidate):\n    assert candidate(-1) == None\n    assert candidate(0) == 0\n    assert candidate(2) == 4\n\ndef test_check():\n    check(triangle_area)\n\ntest_check()\n",
      "timestamp": 1666123550,
      "stdout": "",
      "stderr": "Traceback (most recent call last):\n  File \"/tmp/tmpaad9bbvz.py\", line 19, in <module>\n    test_check()\n  File \"/tmp/tmpaad9bbvz.py\", line 17, in test_check\n    check(triangle_area)\n  File \"/tmp/tmpaad9bbvz.py\", line 13, in check\n    assert candidate(0) == 0\nAssertionError\n",
      "exit_code": 1,
      "status": "Exception"
    },
    {
      "program": "from typing import Optional\n\ndef triangle_area(r: int) -> Optional[int]:\n    \"\"\"\n\tWrite a python function to find the area of the largest triangle that can be inscribed in a semicircle with a given radius.\n\t\"\"\"\n    if r <= 0:\n        return None\n    else:\n        return (r**2 * math.sqrt(3)) / 4\n\ndef check(candidate):\n    assert candidate(-1) == None\n    assert candidate(0) == 0\n    assert candidate(2) == 4\n\ndef test_check():\n    check(triangle_area)\n\ntest_check()\n",
      "timestamp": 1665510627,
      "stdout": "",
      "stderr": "Traceback (most recent call last):\n  File \"/tmp/tmpab02ms__.py\", line 20, in <module>\n    test_check()\n  File \"/tmp/tmpab02ms__.py\", line 18, in test_check\n    check(triangle_area)\n  File \"/tmp/tmpab02ms__.py\", line 14, in check\n    assert candidate(0) == 0\nAssertionError\n",
      "exit_code": 1,
      "status": "Exception"
    },
    {
      "program": "from typing import Optional\n\ndef triangle_area(r: int) -> Optional[int]:\n    \"\"\"\n\tWrite a python function to find the area of the largest triangle that can be inscribed in a semicircle with a given radius.\n\t\"\"\"\n    if r <= 0:\n        return None\n    else:\n        return r**2 * math.pi / 2\n\ndef check(candidate):\n    assert candidate(-1) == None\n    assert candidate(0) == 0\n    assert candidate(2) == 4\n\ndef test_check():\n    check(triangle_area)\n\ntest_check()\n",
      "timestamp": 1666123550,
      "stdout": "",
      "stderr": "Traceback (most recent call last):\n  File \"/tmp/tmpfnfwz1a7.py\", line 20, in <module>\n    test_check()\n  File \"/tmp/tmpfnfwz1a7.py\", line 18, in test_check\n    check(triangle_area)\n  File \"/tmp/tmpfnfwz1a7.py\", line 14, in check\n    assert candidate(0) == 0\nAssertionError\n",
      "exit_code": 1,
      "status": "Exception"
    },
    {
      "program": "from typing import Optional\n\ndef triangle_area(r: int) -> Optional[int]:\n    \"\"\"\n\tWrite a python function to find the area of the largest triangle that can be inscribed in a semicircle with a given radius.\n\t\"\"\"\n    if r <= 0:\n        return None\n    else:\n        return (r**2) * math.sqrt(3) / 4\n\ndef check(candidate):\n    assert candidate(-1) == None\n    assert candidate(0) == 0\n    assert candidate(2) == 4\n\ndef test_check():\n    check(triangle_area)\n\ntest_check()\n",
      "timestamp": 1666123550,
      "stdout": "",
      "stderr": "Traceback (most recent call last):\n  File \"/tmp/tmpfvxbc5rz.py\", line 20, in <module>\n    test_check()\n  File \"/tmp/tmpfvxbc5rz.py\", line 18, in test_check\n    check(triangle_area)\n  File \"/tmp/tmpfvxbc5rz.py\", line 14, in check\n    assert candidate(0) == 0\nAssertionError\n",
      "exit_code": 1,
      "status": "Exception"
    },
    {
      "program": "from typing import Optional\n\ndef triangle_area(r: int) -> Optional[int]:\n    \"\"\"\n\tWrite a python function to find the area of the largest triangle that can be inscribed in a semicircle with a given radius.\n\t\"\"\"\n    if r <= 0:\n        return None\n    return (r ** 2 * math.sqrt(3)) / 4\ndef check(candidate):\n    assert candidate(-1) == None\n    assert candidate(0) == 0\n    assert candidate(2) == 4\n\ndef test_check():\n    check(triangle_area)\n\ntest_check()\n",
      "timestamp": 1666123550,
      "stdout": "",
      "stderr": "Traceback (most recent call last):\n  File \"/tmp/tmpswbn28cr.py\", line 18, in <module>\n    test_check()\n  File \"/tmp/tmpswbn28cr.py\", line 16, in test_check\n    check(triangle_area)\n  File \"/tmp/tmpswbn28cr.py\", line 12, in check\n    assert candidate(0) == 0\nAssertionError\n",
      "exit_code": 1,
      "status": "Exception"
    },
    {
      "program": "from typing import Optional\n\ndef triangle_area(r: int) -> Optional[int]:\n    \"\"\"\n\tWrite a python function to find the area of the largest triangle that can be inscribed in a semicircle with a given radius.\n\t\"\"\"\n    if r <= 0:\n        return None\n    else:\n        return (r ** 2) * (math.pi / 2)\n\ndef check(candidate):\n    assert candidate(-1) == None\n    assert candidate(0) == 0\n    assert candidate(2) == 4\n\ndef test_check():\n    check(triangle_area)\n\ntest_check()\n",
      "timestamp": 1666123550,
      "stdout": "",
      "stderr": "Traceback (most recent call last):\n  File \"/tmp/tmpkptahcgi.py\", line 20, in <module>\n    test_check()\n  File \"/tmp/tmpkptahcgi.py\", line 18, in test_check\n    check(triangle_area)\n  File \"/tmp/tmpkptahcgi.py\", line 14, in check\n    assert candidate(0) == 0\nAssertionError\n",
      "exit_code": 1,
      "status": "Exception"
    },
    {
      "program": "from typing import Optional\n\ndef triangle_area(r: int) -> Optional[int]:\n    \"\"\"\n\tWrite a python function to find the area of the largest triangle that can be inscribed in a semicircle with a given radius.\n\t\"\"\"\n    if r < 0:\n        return None\n    return (r ** 2 * math.sqrt(3)) / 4\n\n\ndef check(candidate):\n    assert candidate(-1) == None\n    assert candidate(0) == 0\n    assert candidate(2) == 4\n\ndef test_check():\n    check(triangle_area)\n\ntest_check()\n",
      "timestamp": 1666123550,
      "stdout": "",
      "stderr": "Traceback (most recent call last):\n  File \"/tmp/tmpjl8zjqa_.py\", line 20, in <module>\n    test_check()\n  File \"/tmp/tmpjl8zjqa_.py\", line 18, in test_check\n    check(triangle_area)\n  File \"/tmp/tmpjl8zjqa_.py\", line 14, in check\n    assert candidate(0) == 0\n  File \"/tmp/tmpjl8zjqa_.py\", line 9, in triangle_area\n    return (r ** 2 * math.sqrt(3)) / 4\nNameError: name 'math' is not defined\n",
      "exit_code": 1,
      "status": "Exception"
    },
    {
      "program": "from typing import Optional\n\ndef triangle_area(r: int) -> Optional[int]:\n    \"\"\"\n\tWrite a python function to find the area of the largest triangle that can be inscribed in a semicircle with a given radius.\n\t\"\"\"\n    if r <= 0:\n        return None\n    else:\n        return (r**2 * math.sqrt(3)) / 4\n\ndef check(candidate):\n    assert candidate(-1) == None\n    assert candidate(0) == 0\n    assert candidate(2) == 4\n\ndef test_check():\n    check(triangle_area)\n\ntest_check()\n",
      "timestamp": 1665510627,
      "stdout": "",
      "stderr": "Traceback (most recent call last):\n  File \"/tmp/tmpab02ms__.py\", line 20, in <module>\n    test_check()\n  File \"/tmp/tmpab02ms__.py\", line 18, in test_check\n    check(triangle_area)\n  File \"/tmp/tmpab02ms__.py\", line 14, in check\n    assert candidate(0) == 0\nAssertionError\n",
      "exit_code": 1,
      "status": "Exception"
    },
    {
      "program": "from typing import Optional\n\ndef triangle_area(r: int) -> Optional[int]:\n    \"\"\"\n\tWrite a python function to find the area of the largest triangle that can be inscribed in a semicircle with a given radius.\n\t\"\"\"\n    if r <= 0:\n        return None\n    else:\n        return (math.sqrt(3) / 4) * (r ** 2)\n\ndef check(candidate):\n    assert candidate(-1) == None\n    assert candidate(0) == 0\n    assert candidate(2) == 4\n\ndef test_check():\n    check(triangle_area)\n\ntest_check()\n",
      "timestamp": 1666123550,
      "stdout": "",
      "stderr": "Traceback (most recent call last):\n  File \"/tmp/tmp8ff8rxfr.py\", line 20, in <module>\n    test_check()\n  File \"/tmp/tmp8ff8rxfr.py\", line 18, in test_check\n    check(triangle_area)\n  File \"/tmp/tmp8ff8rxfr.py\", line 14, in check\n    assert candidate(0) == 0\nAssertionError\n",
      "exit_code": 1,
      "status": "Exception"
    },
    {
      "program": "from typing import Optional\n\ndef triangle_area(r: int) -> Optional[int]:\n    \"\"\"\n\tWrite a python function to find the area of the largest triangle that can be inscribed in a semicircle with a given radius.\n\t\"\"\"\n    if r <= 0:\n        return None\n    else:\n        return (r ** 2) * math.sqrt(3) / 4\n\nprint(triangle_area(5))\ndef check(candidate):\n    assert candidate(-1) == None\n    assert candidate(0) == 0\n    assert candidate(2) == 4\n\ndef test_check():\n    check(triangle_area)\n\ntest_check()\n",
      "timestamp": 1666123550,
      "stdout": "",
      "stderr": "Traceback (most recent call last):\n  File \"/tmp/tmplh6r327g.py\", line 12, in <module>\n    print(triangle_area(5))\n  File \"/tmp/tmplh6r327g.py\", line 10, in triangle_area\n    return (r ** 2) * math.sqrt(3) / 4\nNameError: name 'math' is not defined\n",
      "exit_code": 1,
      "status": "Exception"
    },
    {
      "program": "from typing import Optional\n\ndef triangle_area(r: int) -> Optional[int]:\n    \"\"\"\n\tWrite a python function to find the area of the largest triangle that can be inscribed in a semicircle with a given radius.\n\t\"\"\"\n    if r < 0:\n        return None\n    return (math.sqrt(3) / 4) * (r ** 2)\n\ndef check(candidate):\n    assert candidate(-1) == None\n    assert candidate(0) == 0\n    assert candidate(2) == 4\n\ndef test_check():\n    check(triangle_area)\n\ntest_check()\n",
      "timestamp": 1666123550,
      "stdout": "",
      "stderr": "Traceback (most recent call last):\n  File \"/tmp/tmpv0qc3lsb.py\", line 19, in <module>\n    test_check()\n  File \"/tmp/tmpv0qc3lsb.py\", line 17, in test_check\n    check(triangle_area)\n  File \"/tmp/tmpv0qc3lsb.py\", line 13, in check\n    assert candidate(0) == 0\n  File \"/tmp/tmpv0qc3lsb.py\", line 9, in triangle_area\n    return (math.sqrt(3) / 4) * (r ** 2)\nNameError: name 'math' is not defined\n",
      "exit_code": 1,
      "status": "Exception"
    },
    {
      "program": "from typing import Optional\n\ndef triangle_area(r: int) -> Optional[int]:\n    \"\"\"\n\tWrite a python function to find the area of the largest triangle that can be inscribed in a semicircle with a given radius.\n\t\"\"\"\n    if r <= 0:\n        return None\n    else:\n        return (r**2 * math.sqrt(3)) / 4\n\ndef check(candidate):\n    assert candidate(-1) == None\n    assert candidate(0) == 0\n    assert candidate(2) == 4\n\ndef test_check():\n    check(triangle_area)\n\ntest_check()\n",
      "timestamp": 1665510627,
      "stdout": "",
      "stderr": "Traceback (most recent call last):\n  File \"/tmp/tmpab02ms__.py\", line 20, in <module>\n    test_check()\n  File \"/tmp/tmpab02ms__.py\", line 18, in test_check\n    check(triangle_area)\n  File \"/tmp/tmpab02ms__.py\", line 14, in check\n    assert candidate(0) == 0\nAssertionError\n",
      "exit_code": 1,
      "status": "Exception"
    },
    {
      "program": "from typing import Optional\n\ndef triangle_area(r: int) -> Optional[int]:\n    \"\"\"\n\tWrite a python function to find the area of the largest triangle that can be inscribed in a semicircle with a given radius.\n\t\"\"\"\n    if r <= 0:\n        return None\n    else:\n        return (r ** 2 * math.sqrt(3)) / 4\ndef check(candidate):\n    assert candidate(-1) == None\n    assert candidate(0) == 0\n    assert candidate(2) == 4\n\ndef test_check():\n    check(triangle_area)\n\ntest_check()\n",
      "timestamp": 1666123550,
      "stdout": "",
      "stderr": "Traceback (most recent call last):\n  File \"/tmp/tmp9hs4q8oz.py\", line 19, in <module>\n    test_check()\n  File \"/tmp/tmp9hs4q8oz.py\", line 17, in test_check\n    check(triangle_area)\n  File \"/tmp/tmp9hs4q8oz.py\", line 13, in check\n    assert candidate(0) == 0\nAssertionError\n",
      "exit_code": 1,
      "status": "Exception"
    },
    {
      "program": "from typing import Optional\n\ndef triangle_area(r: int) -> Optional[int]:\n    \"\"\"\n\tWrite a python function to find the area of the largest triangle that can be inscribed in a semicircle with a given radius.\n\t\"\"\"\n    if r <= 0:\n        return None\n    area = (math.sqrt(3) / 4) * (r ** 2)\n    return area\n\ndef check(candidate):\n    assert candidate(-1) == None\n    assert candidate(0) == 0\n    assert candidate(2) == 4\n\ndef test_check():\n    check(triangle_area)\n\ntest_check()\n",
      "timestamp": 1666123550,
      "stdout": "",
      "stderr": "Traceback (most recent call last):\n  File \"/tmp/tmpic2w6no_.py\", line 20, in <module>\n    test_check()\n  File \"/tmp/tmpic2w6no_.py\", line 18, in test_check\n    check(triangle_area)\n  File \"/tmp/tmpic2w6no_.py\", line 14, in check\n    assert candidate(0) == 0\nAssertionError\n",
      "exit_code": 1,
      "status": "Exception"
    },
    {
      "program": "from typing import Optional\n\ndef triangle_area(r: int) -> Optional[int]:\n    \"\"\"\n\tWrite a python function to find the area of the largest triangle that can be inscribed in a semicircle with a given radius.\n\t\"\"\"\n    if r <= 0:\n        return None\n    else:\n        return (r**2 * math.sqrt(3)) / 4\n\ndef check(candidate):\n    assert candidate(-1) == None\n    assert candidate(0) == 0\n    assert candidate(2) == 4\n\ndef test_check():\n    check(triangle_area)\n\ntest_check()\n",
      "timestamp": 1665510627,
      "stdout": "",
      "stderr": "Traceback (most recent call last):\n  File \"/tmp/tmpab02ms__.py\", line 20, in <module>\n    test_check()\n  File \"/tmp/tmpab02ms__.py\", line 18, in test_check\n    check(triangle_area)\n  File \"/tmp/tmpab02ms__.py\", line 14, in check\n    assert candidate(0) == 0\nAssertionError\n",
      "exit_code": 1,
      "status": "Exception"
    }
  ]
}