{
  "name": "mbpp_83_get_Char",
  "language": "py",
  "prompt": "def get_Char(strr: str) -> str:\n    \"\"\"\n\tWrite a python function to find the character made by adding the ASCII value of all the characters of the given string modulo 26.\n\t\"\"\"\n",
  "doctests": "transform",
  "original": "/home/arjun/repos/MultiPL-E/datasets/../datasets/mbpp-typed/mbpp_83_get_Char.py",
  "prompt_terminology": "reworded",
  "tests": "def check(candidate):\n    assert candidate('abc') == 'f'\n    assert candidate('gfg') == 't'\n    assert candidate('ab') == 'c'\n\ndef test_check():\n    check(get_Char)\n\ntest_check()\n",
  "stop_tokens": [
    "\ndef",
    "\n#",
    "\nif",
    "\nclass"
  ],
  "results": [
    {
      "program": "def get_Char(strr: str) -> str:\n    \"\"\"\n\tWrite a python function to find the character made by adding the ASCII value of all the characters of the given string modulo 26.\n\t\"\"\"\n    sum = 0\n    for i in strr:\n        sum += ord(i)\n    return chr(sum % 26 + ord('a'))\n\n\ndef check(candidate):\n    assert candidate('abc') == 'f'\n    assert candidate('gfg') == 't'\n    assert candidate('ab') == 'c'\n\ndef test_check():\n    check(get_Char)\n\ntest_check()\n",
      "timestamp": 1665509670,
      "stdout": "",
      "stderr": "Traceback (most recent call last):\n  File \"/tmp/tmpfjpv3uxr.py\", line 19, in <module>\n    test_check()\n  File \"/tmp/tmpfjpv3uxr.py\", line 17, in test_check\n    check(get_Char)\n  File \"/tmp/tmpfjpv3uxr.py\", line 12, in check\n    assert candidate('abc') == 'f'\nAssertionError\n",
      "exit_code": 1,
      "status": "Exception"
    },
    {
      "program": "def get_Char(strr: str) -> str:\n    \"\"\"\n\tWrite a python function to find the character made by adding the ASCII value of all the characters of the given string modulo 26.\n\t\"\"\"\n    sum = 0\n    for i in strr:\n        sum += ord(i)\n    return chr(sum % 26 + ord('a'))\n\n\ndef check(candidate):\n    assert candidate('abc') == 'f'\n    assert candidate('gfg') == 't'\n    assert candidate('ab') == 'c'\n\ndef test_check():\n    check(get_Char)\n\ntest_check()\n",
      "timestamp": 1665509670,
      "stdout": "",
      "stderr": "Traceback (most recent call last):\n  File \"/tmp/tmpfjpv3uxr.py\", line 19, in <module>\n    test_check()\n  File \"/tmp/tmpfjpv3uxr.py\", line 17, in test_check\n    check(get_Char)\n  File \"/tmp/tmpfjpv3uxr.py\", line 12, in check\n    assert candidate('abc') == 'f'\nAssertionError\n",
      "exit_code": 1,
      "status": "Exception"
    },
    {
      "program": "def get_Char(strr: str) -> str:\n    \"\"\"\n\tWrite a python function to find the character made by adding the ASCII value of all the characters of the given string modulo 26.\n\t\"\"\"\n    sum = 0\n    for i in strr:\n        sum += ord(i)\n    return chr(sum % 26 + ord('a'))\n\n\ndef check(candidate):\n    assert candidate('abc') == 'f'\n    assert candidate('gfg') == 't'\n    assert candidate('ab') == 'c'\n\ndef test_check():\n    check(get_Char)\n\ntest_check()\n",
      "timestamp": 1665509670,
      "stdout": "",
      "stderr": "Traceback (most recent call last):\n  File \"/tmp/tmpfjpv3uxr.py\", line 19, in <module>\n    test_check()\n  File \"/tmp/tmpfjpv3uxr.py\", line 17, in test_check\n    check(get_Char)\n  File \"/tmp/tmpfjpv3uxr.py\", line 12, in check\n    assert candidate('abc') == 'f'\nAssertionError\n",
      "exit_code": 1,
      "status": "Exception"
    },
    {
      "program": "def get_Char(strr: str) -> str:\n    \"\"\"\n\tWrite a python function to find the character made by adding the ASCII value of all the characters of the given string modulo 26.\n\t\"\"\"\n    sum = 0\n    for i in strr:\n        sum += ord(i)\n    return chr(sum % 26 + ord('a'))\n\n\ndef check(candidate):\n    assert candidate('abc') == 'f'\n    assert candidate('gfg') == 't'\n    assert candidate('ab') == 'c'\n\ndef test_check():\n    check(get_Char)\n\ntest_check()\n",
      "timestamp": 1665509670,
      "stdout": "",
      "stderr": "Traceback (most recent call last):\n  File \"/tmp/tmpfjpv3uxr.py\", line 19, in <module>\n    test_check()\n  File \"/tmp/tmpfjpv3uxr.py\", line 17, in test_check\n    check(get_Char)\n  File \"/tmp/tmpfjpv3uxr.py\", line 12, in check\n    assert candidate('abc') == 'f'\nAssertionError\n",
      "exit_code": 1,
      "status": "Exception"
    },
    {
      "program": "def get_Char(strr: str) -> str:\n    \"\"\"\n\tWrite a python function to find the character made by adding the ASCII value of all the characters of the given string modulo 26.\n\t\"\"\"\n    sum = 0\n    for i in strr:\n        sum += ord(i)\n    return chr(sum % 26 + ord('A'))\n\n\ndef check(candidate):\n    assert candidate('abc') == 'f'\n    assert candidate('gfg') == 't'\n    assert candidate('ab') == 'c'\n\ndef test_check():\n    check(get_Char)\n\ntest_check()\n",
      "timestamp": 1665509670,
      "stdout": "",
      "stderr": "Traceback (most recent call last):\n  File \"/tmp/tmpb_ie2sle.py\", line 19, in <module>\n    test_check()\n  File \"/tmp/tmpb_ie2sle.py\", line 17, in test_check\n    check(get_Char)\n  File \"/tmp/tmpb_ie2sle.py\", line 12, in check\n    assert candidate('abc') == 'f'\nAssertionError\n",
      "exit_code": 1,
      "status": "Exception"
    },
    {
      "program": "def get_Char(strr: str) -> str:\n    \"\"\"\n\tWrite a python function to find the character made by adding the ASCII value of all the characters of the given string modulo 26.\n\t\"\"\"\n    sum = 0\n    for i in strr:\n        sum += ord(i)\n    return chr(sum % 26 + ord('a'))\n\n\ndef check(candidate):\n    assert candidate('abc') == 'f'\n    assert candidate('gfg') == 't'\n    assert candidate('ab') == 'c'\n\ndef test_check():\n    check(get_Char)\n\ntest_check()\n",
      "timestamp": 1665509670,
      "stdout": "",
      "stderr": "Traceback (most recent call last):\n  File \"/tmp/tmpfjpv3uxr.py\", line 19, in <module>\n    test_check()\n  File \"/tmp/tmpfjpv3uxr.py\", line 17, in test_check\n    check(get_Char)\n  File \"/tmp/tmpfjpv3uxr.py\", line 12, in check\n    assert candidate('abc') == 'f'\nAssertionError\n",
      "exit_code": 1,
      "status": "Exception"
    },
    {
      "program": "def get_Char(strr: str) -> str:\n    \"\"\"\n\tWrite a python function to find the character made by adding the ASCII value of all the characters of the given string modulo 26.\n\t\"\"\"\n    sum = 0\n    for i in strr:\n        sum += ord(i)\n    return chr(sum % 26 + ord('a'))\n\n\ndef check(candidate):\n    assert candidate('abc') == 'f'\n    assert candidate('gfg') == 't'\n    assert candidate('ab') == 'c'\n\ndef test_check():\n    check(get_Char)\n\ntest_check()\n",
      "timestamp": 1665509670,
      "stdout": "",
      "stderr": "Traceback (most recent call last):\n  File \"/tmp/tmpfjpv3uxr.py\", line 19, in <module>\n    test_check()\n  File \"/tmp/tmpfjpv3uxr.py\", line 17, in test_check\n    check(get_Char)\n  File \"/tmp/tmpfjpv3uxr.py\", line 12, in check\n    assert candidate('abc') == 'f'\nAssertionError\n",
      "exit_code": 1,
      "status": "Exception"
    },
    {
      "program": "def get_Char(strr: str) -> str:\n    \"\"\"\n\tWrite a python function to find the character made by adding the ASCII value of all the characters of the given string modulo 26.\n\t\"\"\"\n    sum = 0\n    for i in strr:\n        sum += ord(i)\n    return chr(sum % 26 + ord('a'))\n\n\ndef check(candidate):\n    assert candidate('abc') == 'f'\n    assert candidate('gfg') == 't'\n    assert candidate('ab') == 'c'\n\ndef test_check():\n    check(get_Char)\n\ntest_check()\n",
      "timestamp": 1665509670,
      "stdout": "",
      "stderr": "Traceback (most recent call last):\n  File \"/tmp/tmpfjpv3uxr.py\", line 19, in <module>\n    test_check()\n  File \"/tmp/tmpfjpv3uxr.py\", line 17, in test_check\n    check(get_Char)\n  File \"/tmp/tmpfjpv3uxr.py\", line 12, in check\n    assert candidate('abc') == 'f'\nAssertionError\n",
      "exit_code": 1,
      "status": "Exception"
    },
    {
      "program": "def get_Char(strr: str) -> str:\n    \"\"\"\n\tWrite a python function to find the character made by adding the ASCII value of all the characters of the given string modulo 26.\n\t\"\"\"\n    sum = 0\n    for i in strr:\n        sum += ord(i)\n    return chr(sum % 26 + ord('a'))\n\n\ndef check(candidate):\n    assert candidate('abc') == 'f'\n    assert candidate('gfg') == 't'\n    assert candidate('ab') == 'c'\n\ndef test_check():\n    check(get_Char)\n\ntest_check()\n",
      "timestamp": 1665509670,
      "stdout": "",
      "stderr": "Traceback (most recent call last):\n  File \"/tmp/tmpfjpv3uxr.py\", line 19, in <module>\n    test_check()\n  File \"/tmp/tmpfjpv3uxr.py\", line 17, in test_check\n    check(get_Char)\n  File \"/tmp/tmpfjpv3uxr.py\", line 12, in check\n    assert candidate('abc') == 'f'\nAssertionError\n",
      "exit_code": 1,
      "status": "Exception"
    },
    {
      "program": "def get_Char(strr: str) -> str:\n    \"\"\"\n\tWrite a python function to find the character made by adding the ASCII value of all the characters of the given string modulo 26.\n\t\"\"\"\n    sum = 0\n    for i in strr:\n        sum += ord(i)\n    return chr(sum % 26 + ord('a'))\n\n\ndef check(candidate):\n    assert candidate('abc') == 'f'\n    assert candidate('gfg') == 't'\n    assert candidate('ab') == 'c'\n\ndef test_check():\n    check(get_Char)\n\ntest_check()\n",
      "timestamp": 1665509670,
      "stdout": "",
      "stderr": "Traceback (most recent call last):\n  File \"/tmp/tmpfjpv3uxr.py\", line 19, in <module>\n    test_check()\n  File \"/tmp/tmpfjpv3uxr.py\", line 17, in test_check\n    check(get_Char)\n  File \"/tmp/tmpfjpv3uxr.py\", line 12, in check\n    assert candidate('abc') == 'f'\nAssertionError\n",
      "exit_code": 1,
      "status": "Exception"
    },
    {
      "program": "def get_Char(strr: str) -> str:\n    \"\"\"\n\tWrite a python function to find the character made by adding the ASCII value of all the characters of the given string modulo 26.\n\t\"\"\"\n    sum = 0\n    for i in strr:\n        sum += ord(i)\n    return chr(sum % 26 + ord('a'))\n\n\ndef check(candidate):\n    assert candidate('abc') == 'f'\n    assert candidate('gfg') == 't'\n    assert candidate('ab') == 'c'\n\ndef test_check():\n    check(get_Char)\n\ntest_check()\n",
      "timestamp": 1665509670,
      "stdout": "",
      "stderr": "Traceback (most recent call last):\n  File \"/tmp/tmpfjpv3uxr.py\", line 19, in <module>\n    test_check()\n  File \"/tmp/tmpfjpv3uxr.py\", line 17, in test_check\n    check(get_Char)\n  File \"/tmp/tmpfjpv3uxr.py\", line 12, in check\n    assert candidate('abc') == 'f'\nAssertionError\n",
      "exit_code": 1,
      "status": "Exception"
    },
    {
      "program": "def get_Char(strr: str) -> str:\n    \"\"\"\n\tWrite a python function to find the character made by adding the ASCII value of all the characters of the given string modulo 26.\n\t\"\"\"\n    sum_ = 0\n    for i in strr:\n        sum_ += ord(i)\n    return chr(sum_ % 26 + ord('a'))\n\n\ndef check(candidate):\n    assert candidate('abc') == 'f'\n    assert candidate('gfg') == 't'\n    assert candidate('ab') == 'c'\n\ndef test_check():\n    check(get_Char)\n\ntest_check()\n",
      "timestamp": 1665509670,
      "stdout": "",
      "stderr": "Traceback (most recent call last):\n  File \"/tmp/tmpiebn4z6f.py\", line 19, in <module>\n    test_check()\n  File \"/tmp/tmpiebn4z6f.py\", line 17, in test_check\n    check(get_Char)\n  File \"/tmp/tmpiebn4z6f.py\", line 12, in check\n    assert candidate('abc') == 'f'\nAssertionError\n",
      "exit_code": 1,
      "status": "Exception"
    },
    {
      "program": "def get_Char(strr: str) -> str:\n    \"\"\"\n\tWrite a python function to find the character made by adding the ASCII value of all the characters of the given string modulo 26.\n\t\"\"\"\n    sum = 0\n    for i in strr:\n        sum += ord(i)\n    return chr(sum % 26 + ord('a'))\n\n\ndef check(candidate):\n    assert candidate('abc') == 'f'\n    assert candidate('gfg') == 't'\n    assert candidate('ab') == 'c'\n\ndef test_check():\n    check(get_Char)\n\ntest_check()\n",
      "timestamp": 1665509670,
      "stdout": "",
      "stderr": "Traceback (most recent call last):\n  File \"/tmp/tmpfjpv3uxr.py\", line 19, in <module>\n    test_check()\n  File \"/tmp/tmpfjpv3uxr.py\", line 17, in test_check\n    check(get_Char)\n  File \"/tmp/tmpfjpv3uxr.py\", line 12, in check\n    assert candidate('abc') == 'f'\nAssertionError\n",
      "exit_code": 1,
      "status": "Exception"
    },
    {
      "program": "def get_Char(strr: str) -> str:\n    \"\"\"\n\tWrite a python function to find the character made by adding the ASCII value of all the characters of the given string modulo 26.\n\t\"\"\"\n    sum = 0\n    for i in strr:\n        sum += ord(i)\n    return chr(sum % 26 + ord('a'))\n\n\ndef check(candidate):\n    assert candidate('abc') == 'f'\n    assert candidate('gfg') == 't'\n    assert candidate('ab') == 'c'\n\ndef test_check():\n    check(get_Char)\n\ntest_check()\n",
      "timestamp": 1665509670,
      "stdout": "",
      "stderr": "Traceback (most recent call last):\n  File \"/tmp/tmpfjpv3uxr.py\", line 19, in <module>\n    test_check()\n  File \"/tmp/tmpfjpv3uxr.py\", line 17, in test_check\n    check(get_Char)\n  File \"/tmp/tmpfjpv3uxr.py\", line 12, in check\n    assert candidate('abc') == 'f'\nAssertionError\n",
      "exit_code": 1,
      "status": "Exception"
    },
    {
      "program": "def get_Char(strr: str) -> str:\n    \"\"\"\n\tWrite a python function to find the character made by adding the ASCII value of all the characters of the given string modulo 26.\n\t\"\"\"\n    sum = 0\n    for i in strr:\n        sum += ord(i)\n    return chr(sum % 26 + ord('a'))\n\n\ndef check(candidate):\n    assert candidate('abc') == 'f'\n    assert candidate('gfg') == 't'\n    assert candidate('ab') == 'c'\n\ndef test_check():\n    check(get_Char)\n\ntest_check()\n",
      "timestamp": 1665509670,
      "stdout": "",
      "stderr": "Traceback (most recent call last):\n  File \"/tmp/tmpfjpv3uxr.py\", line 19, in <module>\n    test_check()\n  File \"/tmp/tmpfjpv3uxr.py\", line 17, in test_check\n    check(get_Char)\n  File \"/tmp/tmpfjpv3uxr.py\", line 12, in check\n    assert candidate('abc') == 'f'\nAssertionError\n",
      "exit_code": 1,
      "status": "Exception"
    },
    {
      "program": "def get_Char(strr: str) -> str:\n    \"\"\"\n\tWrite a python function to find the character made by adding the ASCII value of all the characters of the given string modulo 26.\n\t\"\"\"\n    sum_ = 0\n    for i in strr:\n        sum_ += ord(i)\n    return chr(sum_ % 26 + ord('a'))\n\n\ndef check(candidate):\n    assert candidate('abc') == 'f'\n    assert candidate('gfg') == 't'\n    assert candidate('ab') == 'c'\n\ndef test_check():\n    check(get_Char)\n\ntest_check()\n",
      "timestamp": 1665509670,
      "stdout": "",
      "stderr": "Traceback (most recent call last):\n  File \"/tmp/tmpiebn4z6f.py\", line 19, in <module>\n    test_check()\n  File \"/tmp/tmpiebn4z6f.py\", line 17, in test_check\n    check(get_Char)\n  File \"/tmp/tmpiebn4z6f.py\", line 12, in check\n    assert candidate('abc') == 'f'\nAssertionError\n",
      "exit_code": 1,
      "status": "Exception"
    },
    {
      "program": "def get_Char(strr: str) -> str:\n    \"\"\"\n\tWrite a python function to find the character made by adding the ASCII value of all the characters of the given string modulo 26.\n\t\"\"\"\n    sum = 0\n    for i in strr:\n        sum += ord(i)\n    return chr(sum % 26 + ord('a'))\n\n\ndef check(candidate):\n    assert candidate('abc') == 'f'\n    assert candidate('gfg') == 't'\n    assert candidate('ab') == 'c'\n\ndef test_check():\n    check(get_Char)\n\ntest_check()\n",
      "timestamp": 1665509670,
      "stdout": "",
      "stderr": "Traceback (most recent call last):\n  File \"/tmp/tmpfjpv3uxr.py\", line 19, in <module>\n    test_check()\n  File \"/tmp/tmpfjpv3uxr.py\", line 17, in test_check\n    check(get_Char)\n  File \"/tmp/tmpfjpv3uxr.py\", line 12, in check\n    assert candidate('abc') == 'f'\nAssertionError\n",
      "exit_code": 1,
      "status": "Exception"
    },
    {
      "program": "def get_Char(strr: str) -> str:\n    \"\"\"\n\tWrite a python function to find the character made by adding the ASCII value of all the characters of the given string modulo 26.\n\t\"\"\"\n    sum = 0\n    for i in strr:\n        sum += ord(i)\n    return chr(sum % 26 + ord('a'))\n\n\ndef check(candidate):\n    assert candidate('abc') == 'f'\n    assert candidate('gfg') == 't'\n    assert candidate('ab') == 'c'\n\ndef test_check():\n    check(get_Char)\n\ntest_check()\n",
      "timestamp": 1665509670,
      "stdout": "",
      "stderr": "Traceback (most recent call last):\n  File \"/tmp/tmpfjpv3uxr.py\", line 19, in <module>\n    test_check()\n  File \"/tmp/tmpfjpv3uxr.py\", line 17, in test_check\n    check(get_Char)\n  File \"/tmp/tmpfjpv3uxr.py\", line 12, in check\n    assert candidate('abc') == 'f'\nAssertionError\n",
      "exit_code": 1,
      "status": "Exception"
    },
    {
      "program": "def get_Char(strr: str) -> str:\n    \"\"\"\n\tWrite a python function to find the character made by adding the ASCII value of all the characters of the given string modulo 26.\n\t\"\"\"\n    sum = 0\n    for i in strr:\n        sum += ord(i)\n    return chr(sum % 26 + ord('a'))\n\n\ndef check(candidate):\n    assert candidate('abc') == 'f'\n    assert candidate('gfg') == 't'\n    assert candidate('ab') == 'c'\n\ndef test_check():\n    check(get_Char)\n\ntest_check()\n",
      "timestamp": 1665509670,
      "stdout": "",
      "stderr": "Traceback (most recent call last):\n  File \"/tmp/tmpfjpv3uxr.py\", line 19, in <module>\n    test_check()\n  File \"/tmp/tmpfjpv3uxr.py\", line 17, in test_check\n    check(get_Char)\n  File \"/tmp/tmpfjpv3uxr.py\", line 12, in check\n    assert candidate('abc') == 'f'\nAssertionError\n",
      "exit_code": 1,
      "status": "Exception"
    },
    {
      "program": "def get_Char(strr: str) -> str:\n    \"\"\"\n\tWrite a python function to find the character made by adding the ASCII value of all the characters of the given string modulo 26.\n\t\"\"\"\n    sum_ = 0\n    for i in strr:\n        sum_ += ord(i)\n    return chr(sum_ % 26 + ord('a'))\n\n\ndef check(candidate):\n    assert candidate('abc') == 'f'\n    assert candidate('gfg') == 't'\n    assert candidate('ab') == 'c'\n\ndef test_check():\n    check(get_Char)\n\ntest_check()\n",
      "timestamp": 1665509670,
      "stdout": "",
      "stderr": "Traceback (most recent call last):\n  File \"/tmp/tmpiebn4z6f.py\", line 19, in <module>\n    test_check()\n  File \"/tmp/tmpiebn4z6f.py\", line 17, in test_check\n    check(get_Char)\n  File \"/tmp/tmpiebn4z6f.py\", line 12, in check\n    assert candidate('abc') == 'f'\nAssertionError\n",
      "exit_code": 1,
      "status": "Exception"
    },
    {
      "program": "def get_Char(strr: str) -> str:\n    \"\"\"\n\tWrite a python function to find the character made by adding the ASCII value of all the characters of the given string modulo 26.\n\t\"\"\"\n    sum = 0\n    for i in strr:\n        sum += ord(i)\n    return chr(sum % 26 + ord('a'))\n\n\ndef check(candidate):\n    assert candidate('abc') == 'f'\n    assert candidate('gfg') == 't'\n    assert candidate('ab') == 'c'\n\ndef test_check():\n    check(get_Char)\n\ntest_check()\n",
      "timestamp": 1665509670,
      "stdout": "",
      "stderr": "Traceback (most recent call last):\n  File \"/tmp/tmpfjpv3uxr.py\", line 19, in <module>\n    test_check()\n  File \"/tmp/tmpfjpv3uxr.py\", line 17, in test_check\n    check(get_Char)\n  File \"/tmp/tmpfjpv3uxr.py\", line 12, in check\n    assert candidate('abc') == 'f'\nAssertionError\n",
      "exit_code": 1,
      "status": "Exception"
    },
    {
      "program": "def get_Char(strr: str) -> str:\n    \"\"\"\n\tWrite a python function to find the character made by adding the ASCII value of all the characters of the given string modulo 26.\n\t\"\"\"\n    sum = 0\n    for i in strr:\n        sum += ord(i)\n    return chr(sum % 26 + ord('a'))\n\n\ndef check(candidate):\n    assert candidate('abc') == 'f'\n    assert candidate('gfg') == 't'\n    assert candidate('ab') == 'c'\n\ndef test_check():\n    check(get_Char)\n\ntest_check()\n",
      "timestamp": 1665509670,
      "stdout": "",
      "stderr": "Traceback (most recent call last):\n  File \"/tmp/tmpfjpv3uxr.py\", line 19, in <module>\n    test_check()\n  File \"/tmp/tmpfjpv3uxr.py\", line 17, in test_check\n    check(get_Char)\n  File \"/tmp/tmpfjpv3uxr.py\", line 12, in check\n    assert candidate('abc') == 'f'\nAssertionError\n",
      "exit_code": 1,
      "status": "Exception"
    },
    {
      "program": "def get_Char(strr: str) -> str:\n    \"\"\"\n\tWrite a python function to find the character made by adding the ASCII value of all the characters of the given string modulo 26.\n\t\"\"\"\n    sum = 0\n    for i in strr:\n        sum += ord(i)\n    return chr(sum % 26 + ord('a'))\n\n\ndef check(candidate):\n    assert candidate('abc') == 'f'\n    assert candidate('gfg') == 't'\n    assert candidate('ab') == 'c'\n\ndef test_check():\n    check(get_Char)\n\ntest_check()\n",
      "timestamp": 1665509670,
      "stdout": "",
      "stderr": "Traceback (most recent call last):\n  File \"/tmp/tmpfjpv3uxr.py\", line 19, in <module>\n    test_check()\n  File \"/tmp/tmpfjpv3uxr.py\", line 17, in test_check\n    check(get_Char)\n  File \"/tmp/tmpfjpv3uxr.py\", line 12, in check\n    assert candidate('abc') == 'f'\nAssertionError\n",
      "exit_code": 1,
      "status": "Exception"
    },
    {
      "program": "def get_Char(strr: str) -> str:\n    \"\"\"\n\tWrite a python function to find the character made by adding the ASCII value of all the characters of the given string modulo 26.\n\t\"\"\"\n    sum = 0\n    for i in strr:\n        sum += ord(i)\n    return chr(sum % 26 + ord('a'))\n\n\ndef check(candidate):\n    assert candidate('abc') == 'f'\n    assert candidate('gfg') == 't'\n    assert candidate('ab') == 'c'\n\ndef test_check():\n    check(get_Char)\n\ntest_check()\n",
      "timestamp": 1665509670,
      "stdout": "",
      "stderr": "Traceback (most recent call last):\n  File \"/tmp/tmpfjpv3uxr.py\", line 19, in <module>\n    test_check()\n  File \"/tmp/tmpfjpv3uxr.py\", line 17, in test_check\n    check(get_Char)\n  File \"/tmp/tmpfjpv3uxr.py\", line 12, in check\n    assert candidate('abc') == 'f'\nAssertionError\n",
      "exit_code": 1,
      "status": "Exception"
    },
    {
      "program": "def get_Char(strr: str) -> str:\n    \"\"\"\n\tWrite a python function to find the character made by adding the ASCII value of all the characters of the given string modulo 26.\n\t\"\"\"\n    sum_ = 0\n    for i in strr:\n        sum_ += ord(i)\n    return chr(sum_ % 26 + ord('a'))\n\n\ndef check(candidate):\n    assert candidate('abc') == 'f'\n    assert candidate('gfg') == 't'\n    assert candidate('ab') == 'c'\n\ndef test_check():\n    check(get_Char)\n\ntest_check()\n",
      "timestamp": 1665509670,
      "stdout": "",
      "stderr": "Traceback (most recent call last):\n  File \"/tmp/tmpiebn4z6f.py\", line 19, in <module>\n    test_check()\n  File \"/tmp/tmpiebn4z6f.py\", line 17, in test_check\n    check(get_Char)\n  File \"/tmp/tmpiebn4z6f.py\", line 12, in check\n    assert candidate('abc') == 'f'\nAssertionError\n",
      "exit_code": 1,
      "status": "Exception"
    },
    {
      "program": "def get_Char(strr: str) -> str:\n    \"\"\"\n\tWrite a python function to find the character made by adding the ASCII value of all the characters of the given string modulo 26.\n\t\"\"\"\n    sum = 0\n    for i in strr:\n        sum += ord(i)\n    return chr(sum % 26 + ord('a'))\n\n\ndef check(candidate):\n    assert candidate('abc') == 'f'\n    assert candidate('gfg') == 't'\n    assert candidate('ab') == 'c'\n\ndef test_check():\n    check(get_Char)\n\ntest_check()\n",
      "timestamp": 1665509670,
      "stdout": "",
      "stderr": "Traceback (most recent call last):\n  File \"/tmp/tmpfjpv3uxr.py\", line 19, in <module>\n    test_check()\n  File \"/tmp/tmpfjpv3uxr.py\", line 17, in test_check\n    check(get_Char)\n  File \"/tmp/tmpfjpv3uxr.py\", line 12, in check\n    assert candidate('abc') == 'f'\nAssertionError\n",
      "exit_code": 1,
      "status": "Exception"
    },
    {
      "program": "def get_Char(strr: str) -> str:\n    \"\"\"\n\tWrite a python function to find the character made by adding the ASCII value of all the characters of the given string modulo 26.\n\t\"\"\"\n    sum = 0\n    for i in strr:\n        sum += ord(i)\n    return chr(sum % 26 + ord('a'))\n\n\ndef check(candidate):\n    assert candidate('abc') == 'f'\n    assert candidate('gfg') == 't'\n    assert candidate('ab') == 'c'\n\ndef test_check():\n    check(get_Char)\n\ntest_check()\n",
      "timestamp": 1665509670,
      "stdout": "",
      "stderr": "Traceback (most recent call last):\n  File \"/tmp/tmpfjpv3uxr.py\", line 19, in <module>\n    test_check()\n  File \"/tmp/tmpfjpv3uxr.py\", line 17, in test_check\n    check(get_Char)\n  File \"/tmp/tmpfjpv3uxr.py\", line 12, in check\n    assert candidate('abc') == 'f'\nAssertionError\n",
      "exit_code": 1,
      "status": "Exception"
    },
    {
      "program": "def get_Char(strr: str) -> str:\n    \"\"\"\n\tWrite a python function to find the character made by adding the ASCII value of all the characters of the given string modulo 26.\n\t\"\"\"\n    sum = 0\n    for i in strr:\n        sum += ord(i)\n    return chr(sum % 26 + ord('a'))\n\n\ndef check(candidate):\n    assert candidate('abc') == 'f'\n    assert candidate('gfg') == 't'\n    assert candidate('ab') == 'c'\n\ndef test_check():\n    check(get_Char)\n\ntest_check()\n",
      "timestamp": 1665509670,
      "stdout": "",
      "stderr": "Traceback (most recent call last):\n  File \"/tmp/tmpfjpv3uxr.py\", line 19, in <module>\n    test_check()\n  File \"/tmp/tmpfjpv3uxr.py\", line 17, in test_check\n    check(get_Char)\n  File \"/tmp/tmpfjpv3uxr.py\", line 12, in check\n    assert candidate('abc') == 'f'\nAssertionError\n",
      "exit_code": 1,
      "status": "Exception"
    },
    {
      "program": "def get_Char(strr: str) -> str:\n    \"\"\"\n\tWrite a python function to find the character made by adding the ASCII value of all the characters of the given string modulo 26.\n\t\"\"\"\n    sum = 0\n    for i in strr:\n        sum += ord(i)\n    return chr(sum % 26 + ord('a'))\n\n\ndef check(candidate):\n    assert candidate('abc') == 'f'\n    assert candidate('gfg') == 't'\n    assert candidate('ab') == 'c'\n\ndef test_check():\n    check(get_Char)\n\ntest_check()\n",
      "timestamp": 1665509670,
      "stdout": "",
      "stderr": "Traceback (most recent call last):\n  File \"/tmp/tmpfjpv3uxr.py\", line 19, in <module>\n    test_check()\n  File \"/tmp/tmpfjpv3uxr.py\", line 17, in test_check\n    check(get_Char)\n  File \"/tmp/tmpfjpv3uxr.py\", line 12, in check\n    assert candidate('abc') == 'f'\nAssertionError\n",
      "exit_code": 1,
      "status": "Exception"
    },
    {
      "program": "def get_Char(strr: str) -> str:\n    \"\"\"\n\tWrite a python function to find the character made by adding the ASCII value of all the characters of the given string modulo 26.\n\t\"\"\"\n    sum_ = 0\n    for i in strr:\n        sum_ += ord(i)\n    return chr(sum_ % 26 + ord('a'))\n\n\ndef check(candidate):\n    assert candidate('abc') == 'f'\n    assert candidate('gfg') == 't'\n    assert candidate('ab') == 'c'\n\ndef test_check():\n    check(get_Char)\n\ntest_check()\n",
      "timestamp": 1665509670,
      "stdout": "",
      "stderr": "Traceback (most recent call last):\n  File \"/tmp/tmpiebn4z6f.py\", line 19, in <module>\n    test_check()\n  File \"/tmp/tmpiebn4z6f.py\", line 17, in test_check\n    check(get_Char)\n  File \"/tmp/tmpiebn4z6f.py\", line 12, in check\n    assert candidate('abc') == 'f'\nAssertionError\n",
      "exit_code": 1,
      "status": "Exception"
    },
    {
      "program": "def get_Char(strr: str) -> str:\n    \"\"\"\n\tWrite a python function to find the character made by adding the ASCII value of all the characters of the given string modulo 26.\n\t\"\"\"\n    sum = 0\n    for i in strr:\n        sum += ord(i)\n    return chr(sum % 26 + ord('a'))\n\n\ndef check(candidate):\n    assert candidate('abc') == 'f'\n    assert candidate('gfg') == 't'\n    assert candidate('ab') == 'c'\n\ndef test_check():\n    check(get_Char)\n\ntest_check()\n",
      "timestamp": 1665509670,
      "stdout": "",
      "stderr": "Traceback (most recent call last):\n  File \"/tmp/tmpfjpv3uxr.py\", line 19, in <module>\n    test_check()\n  File \"/tmp/tmpfjpv3uxr.py\", line 17, in test_check\n    check(get_Char)\n  File \"/tmp/tmpfjpv3uxr.py\", line 12, in check\n    assert candidate('abc') == 'f'\nAssertionError\n",
      "exit_code": 1,
      "status": "Exception"
    },
    {
      "program": "def get_Char(strr: str) -> str:\n    \"\"\"\n\tWrite a python function to find the character made by adding the ASCII value of all the characters of the given string modulo 26.\n\t\"\"\"\n    sum = 0\n    for i in strr:\n        sum += ord(i)\n    return chr(sum % 26 + ord('a'))\n\n\ndef check(candidate):\n    assert candidate('abc') == 'f'\n    assert candidate('gfg') == 't'\n    assert candidate('ab') == 'c'\n\ndef test_check():\n    check(get_Char)\n\ntest_check()\n",
      "timestamp": 1665509670,
      "stdout": "",
      "stderr": "Traceback (most recent call last):\n  File \"/tmp/tmpfjpv3uxr.py\", line 19, in <module>\n    test_check()\n  File \"/tmp/tmpfjpv3uxr.py\", line 17, in test_check\n    check(get_Char)\n  File \"/tmp/tmpfjpv3uxr.py\", line 12, in check\n    assert candidate('abc') == 'f'\nAssertionError\n",
      "exit_code": 1,
      "status": "Exception"
    },
    {
      "program": "def get_Char(strr: str) -> str:\n    \"\"\"\n\tWrite a python function to find the character made by adding the ASCII value of all the characters of the given string modulo 26.\n\t\"\"\"\n    sum = 0\n    for i in strr:\n        sum += ord(i)\n    return chr(sum % 26 + ord('a'))\n\n\ndef check(candidate):\n    assert candidate('abc') == 'f'\n    assert candidate('gfg') == 't'\n    assert candidate('ab') == 'c'\n\ndef test_check():\n    check(get_Char)\n\ntest_check()\n",
      "timestamp": 1665509670,
      "stdout": "",
      "stderr": "Traceback (most recent call last):\n  File \"/tmp/tmpfjpv3uxr.py\", line 19, in <module>\n    test_check()\n  File \"/tmp/tmpfjpv3uxr.py\", line 17, in test_check\n    check(get_Char)\n  File \"/tmp/tmpfjpv3uxr.py\", line 12, in check\n    assert candidate('abc') == 'f'\nAssertionError\n",
      "exit_code": 1,
      "status": "Exception"
    },
    {
      "program": "def get_Char(strr: str) -> str:\n    \"\"\"\n\tWrite a python function to find the character made by adding the ASCII value of all the characters of the given string modulo 26.\n\t\"\"\"\n    sum = 0\n    for i in strr:\n        sum += ord(i)\n    return chr(sum % 26 + ord('a'))\n\n\ndef check(candidate):\n    assert candidate('abc') == 'f'\n    assert candidate('gfg') == 't'\n    assert candidate('ab') == 'c'\n\ndef test_check():\n    check(get_Char)\n\ntest_check()\n",
      "timestamp": 1665509670,
      "stdout": "",
      "stderr": "Traceback (most recent call last):\n  File \"/tmp/tmpfjpv3uxr.py\", line 19, in <module>\n    test_check()\n  File \"/tmp/tmpfjpv3uxr.py\", line 17, in test_check\n    check(get_Char)\n  File \"/tmp/tmpfjpv3uxr.py\", line 12, in check\n    assert candidate('abc') == 'f'\nAssertionError\n",
      "exit_code": 1,
      "status": "Exception"
    },
    {
      "program": "def get_Char(strr: str) -> str:\n    \"\"\"\n\tWrite a python function to find the character made by adding the ASCII value of all the characters of the given string modulo 26.\n\t\"\"\"\n    sum = 0\n    for i in strr:\n        sum += ord(i)\n    return chr(sum % 26 + ord('a'))\n\n\ndef check(candidate):\n    assert candidate('abc') == 'f'\n    assert candidate('gfg') == 't'\n    assert candidate('ab') == 'c'\n\ndef test_check():\n    check(get_Char)\n\ntest_check()\n",
      "timestamp": 1665509670,
      "stdout": "",
      "stderr": "Traceback (most recent call last):\n  File \"/tmp/tmpfjpv3uxr.py\", line 19, in <module>\n    test_check()\n  File \"/tmp/tmpfjpv3uxr.py\", line 17, in test_check\n    check(get_Char)\n  File \"/tmp/tmpfjpv3uxr.py\", line 12, in check\n    assert candidate('abc') == 'f'\nAssertionError\n",
      "exit_code": 1,
      "status": "Exception"
    },
    {
      "program": "def get_Char(strr: str) -> str:\n    \"\"\"\n\tWrite a python function to find the character made by adding the ASCII value of all the characters of the given string modulo 26.\n\t\"\"\"\n    sum = 0\n    for i in strr:\n        sum += ord(i)\n    return chr(sum % 26 + ord('a'))\n\n\ndef check(candidate):\n    assert candidate('abc') == 'f'\n    assert candidate('gfg') == 't'\n    assert candidate('ab') == 'c'\n\ndef test_check():\n    check(get_Char)\n\ntest_check()\n",
      "timestamp": 1665509670,
      "stdout": "",
      "stderr": "Traceback (most recent call last):\n  File \"/tmp/tmpfjpv3uxr.py\", line 19, in <module>\n    test_check()\n  File \"/tmp/tmpfjpv3uxr.py\", line 17, in test_check\n    check(get_Char)\n  File \"/tmp/tmpfjpv3uxr.py\", line 12, in check\n    assert candidate('abc') == 'f'\nAssertionError\n",
      "exit_code": 1,
      "status": "Exception"
    },
    {
      "program": "def get_Char(strr: str) -> str:\n    \"\"\"\n\tWrite a python function to find the character made by adding the ASCII value of all the characters of the given string modulo 26.\n\t\"\"\"\n    sum = 0\n    for i in strr:\n        sum += ord(i)\n    return chr(sum % 26 + ord('a'))\n\n\ndef check(candidate):\n    assert candidate('abc') == 'f'\n    assert candidate('gfg') == 't'\n    assert candidate('ab') == 'c'\n\ndef test_check():\n    check(get_Char)\n\ntest_check()\n",
      "timestamp": 1665509670,
      "stdout": "",
      "stderr": "Traceback (most recent call last):\n  File \"/tmp/tmpfjpv3uxr.py\", line 19, in <module>\n    test_check()\n  File \"/tmp/tmpfjpv3uxr.py\", line 17, in test_check\n    check(get_Char)\n  File \"/tmp/tmpfjpv3uxr.py\", line 12, in check\n    assert candidate('abc') == 'f'\nAssertionError\n",
      "exit_code": 1,
      "status": "Exception"
    },
    {
      "program": "def get_Char(strr: str) -> str:\n    \"\"\"\n\tWrite a python function to find the character made by adding the ASCII value of all the characters of the given string modulo 26.\n\t\"\"\"\n    sum = 0\n    for i in strr:\n        sum += ord(i)\n    return chr(sum % 26 + 65)\n\n\ndef check(candidate):\n    assert candidate('abc') == 'f'\n    assert candidate('gfg') == 't'\n    assert candidate('ab') == 'c'\n\ndef test_check():\n    check(get_Char)\n\ntest_check()\n",
      "timestamp": 1666123889,
      "stdout": "",
      "stderr": "Traceback (most recent call last):\n  File \"/tmp/tmpjyki4j3h.py\", line 19, in <module>\n    test_check()\n  File \"/tmp/tmpjyki4j3h.py\", line 17, in test_check\n    check(get_Char)\n  File \"/tmp/tmpjyki4j3h.py\", line 12, in check\n    assert candidate('abc') == 'f'\nAssertionError\n",
      "exit_code": 1,
      "status": "Exception"
    },
    {
      "program": "def get_Char(strr: str) -> str:\n    \"\"\"\n\tWrite a python function to find the character made by adding the ASCII value of all the characters of the given string modulo 26.\n\t\"\"\"\n    sum = 0\n    for i in strr:\n        sum += ord(i)\n    return chr(sum % 26 + ord('a'))\n\n\ndef check(candidate):\n    assert candidate('abc') == 'f'\n    assert candidate('gfg') == 't'\n    assert candidate('ab') == 'c'\n\ndef test_check():\n    check(get_Char)\n\ntest_check()\n",
      "timestamp": 1665509670,
      "stdout": "",
      "stderr": "Traceback (most recent call last):\n  File \"/tmp/tmpfjpv3uxr.py\", line 19, in <module>\n    test_check()\n  File \"/tmp/tmpfjpv3uxr.py\", line 17, in test_check\n    check(get_Char)\n  File \"/tmp/tmpfjpv3uxr.py\", line 12, in check\n    assert candidate('abc') == 'f'\nAssertionError\n",
      "exit_code": 1,
      "status": "Exception"
    },
    {
      "program": "def get_Char(strr: str) -> str:\n    \"\"\"\n\tWrite a python function to find the character made by adding the ASCII value of all the characters of the given string modulo 26.\n\t\"\"\"\n    sum = 0\n    for i in strr:\n        sum += ord(i)\n    return chr(sum % 26 + ord('a'))\n\n\ndef check(candidate):\n    assert candidate('abc') == 'f'\n    assert candidate('gfg') == 't'\n    assert candidate('ab') == 'c'\n\ndef test_check():\n    check(get_Char)\n\ntest_check()\n",
      "timestamp": 1665509670,
      "stdout": "",
      "stderr": "Traceback (most recent call last):\n  File \"/tmp/tmpfjpv3uxr.py\", line 19, in <module>\n    test_check()\n  File \"/tmp/tmpfjpv3uxr.py\", line 17, in test_check\n    check(get_Char)\n  File \"/tmp/tmpfjpv3uxr.py\", line 12, in check\n    assert candidate('abc') == 'f'\nAssertionError\n",
      "exit_code": 1,
      "status": "Exception"
    },
    {
      "program": "def get_Char(strr: str) -> str:\n    \"\"\"\n\tWrite a python function to find the character made by adding the ASCII value of all the characters of the given string modulo 26.\n\t\"\"\"\n    sum = 0\n    for i in strr:\n        sum += ord(i)\n    return chr(sum % 26 + ord('a'))\n\n\ndef check(candidate):\n    assert candidate('abc') == 'f'\n    assert candidate('gfg') == 't'\n    assert candidate('ab') == 'c'\n\ndef test_check():\n    check(get_Char)\n\ntest_check()\n",
      "timestamp": 1665509670,
      "stdout": "",
      "stderr": "Traceback (most recent call last):\n  File \"/tmp/tmpfjpv3uxr.py\", line 19, in <module>\n    test_check()\n  File \"/tmp/tmpfjpv3uxr.py\", line 17, in test_check\n    check(get_Char)\n  File \"/tmp/tmpfjpv3uxr.py\", line 12, in check\n    assert candidate('abc') == 'f'\nAssertionError\n",
      "exit_code": 1,
      "status": "Exception"
    },
    {
      "program": "def get_Char(strr: str) -> str:\n    \"\"\"\n\tWrite a python function to find the character made by adding the ASCII value of all the characters of the given string modulo 26.\n\t\"\"\"\n    sum = 0\n    for i in strr:\n        sum += ord(i)\n    return chr(sum % 26 + 96)\n\n\ndef check(candidate):\n    assert candidate('abc') == 'f'\n    assert candidate('gfg') == 't'\n    assert candidate('ab') == 'c'\n\ndef test_check():\n    check(get_Char)\n\ntest_check()\n",
      "timestamp": 1666123889,
      "stdout": "",
      "stderr": "Traceback (most recent call last):\n  File \"/tmp/tmp6omc41ci.py\", line 19, in <module>\n    test_check()\n  File \"/tmp/tmp6omc41ci.py\", line 17, in test_check\n    check(get_Char)\n  File \"/tmp/tmp6omc41ci.py\", line 12, in check\n    assert candidate('abc') == 'f'\nAssertionError\n",
      "exit_code": 1,
      "status": "Exception"
    },
    {
      "program": "def get_Char(strr: str) -> str:\n    \"\"\"\n\tWrite a python function to find the character made by adding the ASCII value of all the characters of the given string modulo 26.\n\t\"\"\"\n    sum = 0\n    for i in strr:\n        sum += ord(i)\n    return chr(sum % 26 + ord('a'))\n\n\ndef check(candidate):\n    assert candidate('abc') == 'f'\n    assert candidate('gfg') == 't'\n    assert candidate('ab') == 'c'\n\ndef test_check():\n    check(get_Char)\n\ntest_check()\n",
      "timestamp": 1665509670,
      "stdout": "",
      "stderr": "Traceback (most recent call last):\n  File \"/tmp/tmpfjpv3uxr.py\", line 19, in <module>\n    test_check()\n  File \"/tmp/tmpfjpv3uxr.py\", line 17, in test_check\n    check(get_Char)\n  File \"/tmp/tmpfjpv3uxr.py\", line 12, in check\n    assert candidate('abc') == 'f'\nAssertionError\n",
      "exit_code": 1,
      "status": "Exception"
    },
    {
      "program": "def get_Char(strr: str) -> str:\n    \"\"\"\n\tWrite a python function to find the character made by adding the ASCII value of all the characters of the given string modulo 26.\n\t\"\"\"\n    sum_ = 0\n    for i in strr:\n        sum_ += ord(i)\n    return chr(sum_ % 26 + ord('a'))\n\n\ndef check(candidate):\n    assert candidate('abc') == 'f'\n    assert candidate('gfg') == 't'\n    assert candidate('ab') == 'c'\n\ndef test_check():\n    check(get_Char)\n\ntest_check()\n",
      "timestamp": 1665509670,
      "stdout": "",
      "stderr": "Traceback (most recent call last):\n  File \"/tmp/tmpiebn4z6f.py\", line 19, in <module>\n    test_check()\n  File \"/tmp/tmpiebn4z6f.py\", line 17, in test_check\n    check(get_Char)\n  File \"/tmp/tmpiebn4z6f.py\", line 12, in check\n    assert candidate('abc') == 'f'\nAssertionError\n",
      "exit_code": 1,
      "status": "Exception"
    },
    {
      "program": "def get_Char(strr: str) -> str:\n    \"\"\"\n\tWrite a python function to find the character made by adding the ASCII value of all the characters of the given string modulo 26.\n\t\"\"\"\n    sum = 0\n    for i in strr:\n        sum += ord(i)\n    return chr(sum % 26 + ord('a'))\n\n\ndef check(candidate):\n    assert candidate('abc') == 'f'\n    assert candidate('gfg') == 't'\n    assert candidate('ab') == 'c'\n\ndef test_check():\n    check(get_Char)\n\ntest_check()\n",
      "timestamp": 1665509670,
      "stdout": "",
      "stderr": "Traceback (most recent call last):\n  File \"/tmp/tmpfjpv3uxr.py\", line 19, in <module>\n    test_check()\n  File \"/tmp/tmpfjpv3uxr.py\", line 17, in test_check\n    check(get_Char)\n  File \"/tmp/tmpfjpv3uxr.py\", line 12, in check\n    assert candidate('abc') == 'f'\nAssertionError\n",
      "exit_code": 1,
      "status": "Exception"
    },
    {
      "program": "def get_Char(strr: str) -> str:\n    \"\"\"\n\tWrite a python function to find the character made by adding the ASCII value of all the characters of the given string modulo 26.\n\t\"\"\"\n    sum_ = 0\n    for i in strr:\n        sum_ += ord(i)\n    return chr(sum_ % 26 + 96)\n\n\ndef check(candidate):\n    assert candidate('abc') == 'f'\n    assert candidate('gfg') == 't'\n    assert candidate('ab') == 'c'\n\ndef test_check():\n    check(get_Char)\n\ntest_check()\n",
      "timestamp": 1666123889,
      "stdout": "",
      "stderr": "Traceback (most recent call last):\n  File \"/tmp/tmpi_y7x6qj.py\", line 19, in <module>\n    test_check()\n  File \"/tmp/tmpi_y7x6qj.py\", line 17, in test_check\n    check(get_Char)\n  File \"/tmp/tmpi_y7x6qj.py\", line 12, in check\n    assert candidate('abc') == 'f'\nAssertionError\n",
      "exit_code": 1,
      "status": "Exception"
    },
    {
      "program": "def get_Char(strr: str) -> str:\n    \"\"\"\n\tWrite a python function to find the character made by adding the ASCII value of all the characters of the given string modulo 26.\n\t\"\"\"\n    sum = 0\n    for i in strr:\n        sum += ord(i)\n    return chr(sum % 26 + ord('a'))\n\n\ndef check(candidate):\n    assert candidate('abc') == 'f'\n    assert candidate('gfg') == 't'\n    assert candidate('ab') == 'c'\n\ndef test_check():\n    check(get_Char)\n\ntest_check()\n",
      "timestamp": 1665509670,
      "stdout": "",
      "stderr": "Traceback (most recent call last):\n  File \"/tmp/tmpfjpv3uxr.py\", line 19, in <module>\n    test_check()\n  File \"/tmp/tmpfjpv3uxr.py\", line 17, in test_check\n    check(get_Char)\n  File \"/tmp/tmpfjpv3uxr.py\", line 12, in check\n    assert candidate('abc') == 'f'\nAssertionError\n",
      "exit_code": 1,
      "status": "Exception"
    },
    {
      "program": "def get_Char(strr: str) -> str:\n    \"\"\"\n\tWrite a python function to find the character made by adding the ASCII value of all the characters of the given string modulo 26.\n\t\"\"\"\n    sum = 0\n    for i in strr:\n        sum += ord(i)\n    return chr(sum % 26 + ord('a'))\n\n\ndef check(candidate):\n    assert candidate('abc') == 'f'\n    assert candidate('gfg') == 't'\n    assert candidate('ab') == 'c'\n\ndef test_check():\n    check(get_Char)\n\ntest_check()\n",
      "timestamp": 1665509670,
      "stdout": "",
      "stderr": "Traceback (most recent call last):\n  File \"/tmp/tmpfjpv3uxr.py\", line 19, in <module>\n    test_check()\n  File \"/tmp/tmpfjpv3uxr.py\", line 17, in test_check\n    check(get_Char)\n  File \"/tmp/tmpfjpv3uxr.py\", line 12, in check\n    assert candidate('abc') == 'f'\nAssertionError\n",
      "exit_code": 1,
      "status": "Exception"
    },
    {
      "program": "def get_Char(strr: str) -> str:\n    \"\"\"\n\tWrite a python function to find the character made by adding the ASCII value of all the characters of the given string modulo 26.\n\t\"\"\"\n    sum = 0\n    for i in strr:\n        sum += ord(i)\n    return chr(sum % 26 + ord('a'))\n\n\ndef check(candidate):\n    assert candidate('abc') == 'f'\n    assert candidate('gfg') == 't'\n    assert candidate('ab') == 'c'\n\ndef test_check():\n    check(get_Char)\n\ntest_check()\n",
      "timestamp": 1665509670,
      "stdout": "",
      "stderr": "Traceback (most recent call last):\n  File \"/tmp/tmpfjpv3uxr.py\", line 19, in <module>\n    test_check()\n  File \"/tmp/tmpfjpv3uxr.py\", line 17, in test_check\n    check(get_Char)\n  File \"/tmp/tmpfjpv3uxr.py\", line 12, in check\n    assert candidate('abc') == 'f'\nAssertionError\n",
      "exit_code": 1,
      "status": "Exception"
    },
    {
      "program": "def get_Char(strr: str) -> str:\n    \"\"\"\n\tWrite a python function to find the character made by adding the ASCII value of all the characters of the given string modulo 26.\n\t\"\"\"\n    sum = 0\n    for i in strr:\n        sum += ord(i)\n    return chr(sum % 26 + ord('a'))\n\n\ndef check(candidate):\n    assert candidate('abc') == 'f'\n    assert candidate('gfg') == 't'\n    assert candidate('ab') == 'c'\n\ndef test_check():\n    check(get_Char)\n\ntest_check()\n",
      "timestamp": 1665509670,
      "stdout": "",
      "stderr": "Traceback (most recent call last):\n  File \"/tmp/tmpfjpv3uxr.py\", line 19, in <module>\n    test_check()\n  File \"/tmp/tmpfjpv3uxr.py\", line 17, in test_check\n    check(get_Char)\n  File \"/tmp/tmpfjpv3uxr.py\", line 12, in check\n    assert candidate('abc') == 'f'\nAssertionError\n",
      "exit_code": 1,
      "status": "Exception"
    },
    {
      "program": "def get_Char(strr: str) -> str:\n    \"\"\"\n\tWrite a python function to find the character made by adding the ASCII value of all the characters of the given string modulo 26.\n\t\"\"\"\n    sum = 0\n    for i in strr:\n        sum += ord(i)\n    return chr(sum % 26 + ord('a'))\n\n\ndef check(candidate):\n    assert candidate('abc') == 'f'\n    assert candidate('gfg') == 't'\n    assert candidate('ab') == 'c'\n\ndef test_check():\n    check(get_Char)\n\ntest_check()\n",
      "timestamp": 1665509670,
      "stdout": "",
      "stderr": "Traceback (most recent call last):\n  File \"/tmp/tmpfjpv3uxr.py\", line 19, in <module>\n    test_check()\n  File \"/tmp/tmpfjpv3uxr.py\", line 17, in test_check\n    check(get_Char)\n  File \"/tmp/tmpfjpv3uxr.py\", line 12, in check\n    assert candidate('abc') == 'f'\nAssertionError\n",
      "exit_code": 1,
      "status": "Exception"
    },
    {
      "program": "def get_Char(strr: str) -> str:\n    \"\"\"\n\tWrite a python function to find the character made by adding the ASCII value of all the characters of the given string modulo 26.\n\t\"\"\"\n    sum = 0\n    for i in strr:\n        sum += ord(i)\n    return chr(sum % 26 + ord('a'))\n\n\ndef check(candidate):\n    assert candidate('abc') == 'f'\n    assert candidate('gfg') == 't'\n    assert candidate('ab') == 'c'\n\ndef test_check():\n    check(get_Char)\n\ntest_check()\n",
      "timestamp": 1665509670,
      "stdout": "",
      "stderr": "Traceback (most recent call last):\n  File \"/tmp/tmpfjpv3uxr.py\", line 19, in <module>\n    test_check()\n  File \"/tmp/tmpfjpv3uxr.py\", line 17, in test_check\n    check(get_Char)\n  File \"/tmp/tmpfjpv3uxr.py\", line 12, in check\n    assert candidate('abc') == 'f'\nAssertionError\n",
      "exit_code": 1,
      "status": "Exception"
    },
    {
      "program": "def get_Char(strr: str) -> str:\n    \"\"\"\n\tWrite a python function to find the character made by adding the ASCII value of all the characters of the given string modulo 26.\n\t\"\"\"\n    sum = 0\n    for i in strr:\n        sum += ord(i)\n    return chr(sum % 26 + ord('a'))\n\n\ndef check(candidate):\n    assert candidate('abc') == 'f'\n    assert candidate('gfg') == 't'\n    assert candidate('ab') == 'c'\n\ndef test_check():\n    check(get_Char)\n\ntest_check()\n",
      "timestamp": 1665509670,
      "stdout": "",
      "stderr": "Traceback (most recent call last):\n  File \"/tmp/tmpfjpv3uxr.py\", line 19, in <module>\n    test_check()\n  File \"/tmp/tmpfjpv3uxr.py\", line 17, in test_check\n    check(get_Char)\n  File \"/tmp/tmpfjpv3uxr.py\", line 12, in check\n    assert candidate('abc') == 'f'\nAssertionError\n",
      "exit_code": 1,
      "status": "Exception"
    },
    {
      "program": "def get_Char(strr: str) -> str:\n    \"\"\"\n\tWrite a python function to find the character made by adding the ASCII value of all the characters of the given string modulo 26.\n\t\"\"\"\n    sum = 0\n    for i in strr:\n        sum += ord(i)\n    return chr(sum % 26 + ord('a'))\n\n\ndef check(candidate):\n    assert candidate('abc') == 'f'\n    assert candidate('gfg') == 't'\n    assert candidate('ab') == 'c'\n\ndef test_check():\n    check(get_Char)\n\ntest_check()\n",
      "timestamp": 1665509670,
      "stdout": "",
      "stderr": "Traceback (most recent call last):\n  File \"/tmp/tmpfjpv3uxr.py\", line 19, in <module>\n    test_check()\n  File \"/tmp/tmpfjpv3uxr.py\", line 17, in test_check\n    check(get_Char)\n  File \"/tmp/tmpfjpv3uxr.py\", line 12, in check\n    assert candidate('abc') == 'f'\nAssertionError\n",
      "exit_code": 1,
      "status": "Exception"
    },
    {
      "program": "def get_Char(strr: str) -> str:\n    \"\"\"\n\tWrite a python function to find the character made by adding the ASCII value of all the characters of the given string modulo 26.\n\t\"\"\"\n    sum = 0\n    for i in strr:\n        sum += ord(i)\n    return chr(sum % 26 + ord('a'))\n\n\ndef check(candidate):\n    assert candidate('abc') == 'f'\n    assert candidate('gfg') == 't'\n    assert candidate('ab') == 'c'\n\ndef test_check():\n    check(get_Char)\n\ntest_check()\n",
      "timestamp": 1665509670,
      "stdout": "",
      "stderr": "Traceback (most recent call last):\n  File \"/tmp/tmpfjpv3uxr.py\", line 19, in <module>\n    test_check()\n  File \"/tmp/tmpfjpv3uxr.py\", line 17, in test_check\n    check(get_Char)\n  File \"/tmp/tmpfjpv3uxr.py\", line 12, in check\n    assert candidate('abc') == 'f'\nAssertionError\n",
      "exit_code": 1,
      "status": "Exception"
    },
    {
      "program": "def get_Char(strr: str) -> str:\n    \"\"\"\n\tWrite a python function to find the character made by adding the ASCII value of all the characters of the given string modulo 26.\n\t\"\"\"\n    sum = 0\n    for i in strr:\n        sum += ord(i)\n    return chr(sum % 26 + ord('a'))\n\n\ndef check(candidate):\n    assert candidate('abc') == 'f'\n    assert candidate('gfg') == 't'\n    assert candidate('ab') == 'c'\n\ndef test_check():\n    check(get_Char)\n\ntest_check()\n",
      "timestamp": 1665509670,
      "stdout": "",
      "stderr": "Traceback (most recent call last):\n  File \"/tmp/tmpfjpv3uxr.py\", line 19, in <module>\n    test_check()\n  File \"/tmp/tmpfjpv3uxr.py\", line 17, in test_check\n    check(get_Char)\n  File \"/tmp/tmpfjpv3uxr.py\", line 12, in check\n    assert candidate('abc') == 'f'\nAssertionError\n",
      "exit_code": 1,
      "status": "Exception"
    },
    {
      "program": "def get_Char(strr: str) -> str:\n    \"\"\"\n\tWrite a python function to find the character made by adding the ASCII value of all the characters of the given string modulo 26.\n\t\"\"\"\n    sum = 0\n    for i in strr:\n        sum += ord(i)\n    return chr(sum % 26 + ord('a'))\n\n\ndef check(candidate):\n    assert candidate('abc') == 'f'\n    assert candidate('gfg') == 't'\n    assert candidate('ab') == 'c'\n\ndef test_check():\n    check(get_Char)\n\ntest_check()\n",
      "timestamp": 1665509670,
      "stdout": "",
      "stderr": "Traceback (most recent call last):\n  File \"/tmp/tmpfjpv3uxr.py\", line 19, in <module>\n    test_check()\n  File \"/tmp/tmpfjpv3uxr.py\", line 17, in test_check\n    check(get_Char)\n  File \"/tmp/tmpfjpv3uxr.py\", line 12, in check\n    assert candidate('abc') == 'f'\nAssertionError\n",
      "exit_code": 1,
      "status": "Exception"
    },
    {
      "program": "def get_Char(strr: str) -> str:\n    \"\"\"\n\tWrite a python function to find the character made by adding the ASCII value of all the characters of the given string modulo 26.\n\t\"\"\"\n    sum = 0\n    for i in strr:\n        sum += ord(i)\n    return chr(sum % 26 + ord('a'))\n\n\ndef check(candidate):\n    assert candidate('abc') == 'f'\n    assert candidate('gfg') == 't'\n    assert candidate('ab') == 'c'\n\ndef test_check():\n    check(get_Char)\n\ntest_check()\n",
      "timestamp": 1665509670,
      "stdout": "",
      "stderr": "Traceback (most recent call last):\n  File \"/tmp/tmpfjpv3uxr.py\", line 19, in <module>\n    test_check()\n  File \"/tmp/tmpfjpv3uxr.py\", line 17, in test_check\n    check(get_Char)\n  File \"/tmp/tmpfjpv3uxr.py\", line 12, in check\n    assert candidate('abc') == 'f'\nAssertionError\n",
      "exit_code": 1,
      "status": "Exception"
    },
    {
      "program": "def get_Char(strr: str) -> str:\n    \"\"\"\n\tWrite a python function to find the character made by adding the ASCII value of all the characters of the given string modulo 26.\n\t\"\"\"\n    sum = 0\n    for i in strr:\n        sum += ord(i)\n    return chr(sum % 26 + ord('a'))\n\n\ndef check(candidate):\n    assert candidate('abc') == 'f'\n    assert candidate('gfg') == 't'\n    assert candidate('ab') == 'c'\n\ndef test_check():\n    check(get_Char)\n\ntest_check()\n",
      "timestamp": 1665509670,
      "stdout": "",
      "stderr": "Traceback (most recent call last):\n  File \"/tmp/tmpfjpv3uxr.py\", line 19, in <module>\n    test_check()\n  File \"/tmp/tmpfjpv3uxr.py\", line 17, in test_check\n    check(get_Char)\n  File \"/tmp/tmpfjpv3uxr.py\", line 12, in check\n    assert candidate('abc') == 'f'\nAssertionError\n",
      "exit_code": 1,
      "status": "Exception"
    },
    {
      "program": "def get_Char(strr: str) -> str:\n    \"\"\"\n\tWrite a python function to find the character made by adding the ASCII value of all the characters of the given string modulo 26.\n\t\"\"\"\n    sum = 0\n    for i in strr:\n        sum += ord(i)\n    return chr(sum % 26 + ord('a'))\n\n\ndef check(candidate):\n    assert candidate('abc') == 'f'\n    assert candidate('gfg') == 't'\n    assert candidate('ab') == 'c'\n\ndef test_check():\n    check(get_Char)\n\ntest_check()\n",
      "timestamp": 1665509670,
      "stdout": "",
      "stderr": "Traceback (most recent call last):\n  File \"/tmp/tmpfjpv3uxr.py\", line 19, in <module>\n    test_check()\n  File \"/tmp/tmpfjpv3uxr.py\", line 17, in test_check\n    check(get_Char)\n  File \"/tmp/tmpfjpv3uxr.py\", line 12, in check\n    assert candidate('abc') == 'f'\nAssertionError\n",
      "exit_code": 1,
      "status": "Exception"
    },
    {
      "program": "def get_Char(strr: str) -> str:\n    \"\"\"\n\tWrite a python function to find the character made by adding the ASCII value of all the characters of the given string modulo 26.\n\t\"\"\"\n    sum = 0\n    for i in range(len(strr)):\n        sum += ord(strr[i])\n    return chr(sum % 26 + ord('a'))\n\n\ndef check(candidate):\n    assert candidate('abc') == 'f'\n    assert candidate('gfg') == 't'\n    assert candidate('ab') == 'c'\n\ndef test_check():\n    check(get_Char)\n\ntest_check()\n",
      "timestamp": 1666123889,
      "stdout": "",
      "stderr": "Traceback (most recent call last):\n  File \"/tmp/tmpa3uq4fsj.py\", line 19, in <module>\n    test_check()\n  File \"/tmp/tmpa3uq4fsj.py\", line 17, in test_check\n    check(get_Char)\n  File \"/tmp/tmpa3uq4fsj.py\", line 12, in check\n    assert candidate('abc') == 'f'\nAssertionError\n",
      "exit_code": 1,
      "status": "Exception"
    },
    {
      "program": "def get_Char(strr: str) -> str:\n    \"\"\"\n\tWrite a python function to find the character made by adding the ASCII value of all the characters of the given string modulo 26.\n\t\"\"\"\n    sum = 0\n    for i in strr:\n        sum += ord(i)\n    return chr(sum % 26 + ord('a'))\n\n\ndef check(candidate):\n    assert candidate('abc') == 'f'\n    assert candidate('gfg') == 't'\n    assert candidate('ab') == 'c'\n\ndef test_check():\n    check(get_Char)\n\ntest_check()\n",
      "timestamp": 1665509670,
      "stdout": "",
      "stderr": "Traceback (most recent call last):\n  File \"/tmp/tmpfjpv3uxr.py\", line 19, in <module>\n    test_check()\n  File \"/tmp/tmpfjpv3uxr.py\", line 17, in test_check\n    check(get_Char)\n  File \"/tmp/tmpfjpv3uxr.py\", line 12, in check\n    assert candidate('abc') == 'f'\nAssertionError\n",
      "exit_code": 1,
      "status": "Exception"
    },
    {
      "program": "def get_Char(strr: str) -> str:\n    \"\"\"\n\tWrite a python function to find the character made by adding the ASCII value of all the characters of the given string modulo 26.\n\t\"\"\"\n    sum = 0\n    for i in strr:\n        sum += ord(i)\n    return chr(sum % 26 + ord('a'))\n\n\ndef check(candidate):\n    assert candidate('abc') == 'f'\n    assert candidate('gfg') == 't'\n    assert candidate('ab') == 'c'\n\ndef test_check():\n    check(get_Char)\n\ntest_check()\n",
      "timestamp": 1665509670,
      "stdout": "",
      "stderr": "Traceback (most recent call last):\n  File \"/tmp/tmpfjpv3uxr.py\", line 19, in <module>\n    test_check()\n  File \"/tmp/tmpfjpv3uxr.py\", line 17, in test_check\n    check(get_Char)\n  File \"/tmp/tmpfjpv3uxr.py\", line 12, in check\n    assert candidate('abc') == 'f'\nAssertionError\n",
      "exit_code": 1,
      "status": "Exception"
    },
    {
      "program": "def get_Char(strr: str) -> str:\n    \"\"\"\n\tWrite a python function to find the character made by adding the ASCII value of all the characters of the given string modulo 26.\n\t\"\"\"\n    sum = 0\n    for i in strr:\n        sum += ord(i)\n    return chr(sum % 26 + ord('a'))\n\n\ndef check(candidate):\n    assert candidate('abc') == 'f'\n    assert candidate('gfg') == 't'\n    assert candidate('ab') == 'c'\n\ndef test_check():\n    check(get_Char)\n\ntest_check()\n",
      "timestamp": 1665509670,
      "stdout": "",
      "stderr": "Traceback (most recent call last):\n  File \"/tmp/tmpfjpv3uxr.py\", line 19, in <module>\n    test_check()\n  File \"/tmp/tmpfjpv3uxr.py\", line 17, in test_check\n    check(get_Char)\n  File \"/tmp/tmpfjpv3uxr.py\", line 12, in check\n    assert candidate('abc') == 'f'\nAssertionError\n",
      "exit_code": 1,
      "status": "Exception"
    },
    {
      "program": "def get_Char(strr: str) -> str:\n    \"\"\"\n\tWrite a python function to find the character made by adding the ASCII value of all the characters of the given string modulo 26.\n\t\"\"\"\n    sum = 0\n    for i in strr:\n        sum += ord(i)\n    return chr(sum % 26 + ord('a'))\n\n\ndef check(candidate):\n    assert candidate('abc') == 'f'\n    assert candidate('gfg') == 't'\n    assert candidate('ab') == 'c'\n\ndef test_check():\n    check(get_Char)\n\ntest_check()\n",
      "timestamp": 1665509670,
      "stdout": "",
      "stderr": "Traceback (most recent call last):\n  File \"/tmp/tmpfjpv3uxr.py\", line 19, in <module>\n    test_check()\n  File \"/tmp/tmpfjpv3uxr.py\", line 17, in test_check\n    check(get_Char)\n  File \"/tmp/tmpfjpv3uxr.py\", line 12, in check\n    assert candidate('abc') == 'f'\nAssertionError\n",
      "exit_code": 1,
      "status": "Exception"
    },
    {
      "program": "def get_Char(strr: str) -> str:\n    \"\"\"\n\tWrite a python function to find the character made by adding the ASCII value of all the characters of the given string modulo 26.\n\t\"\"\"\n    sum = 0\n    for i in strr:\n        sum += ord(i)\n    return chr(sum % 26 + ord('a'))\n\n\ndef check(candidate):\n    assert candidate('abc') == 'f'\n    assert candidate('gfg') == 't'\n    assert candidate('ab') == 'c'\n\ndef test_check():\n    check(get_Char)\n\ntest_check()\n",
      "timestamp": 1665509670,
      "stdout": "",
      "stderr": "Traceback (most recent call last):\n  File \"/tmp/tmpfjpv3uxr.py\", line 19, in <module>\n    test_check()\n  File \"/tmp/tmpfjpv3uxr.py\", line 17, in test_check\n    check(get_Char)\n  File \"/tmp/tmpfjpv3uxr.py\", line 12, in check\n    assert candidate('abc') == 'f'\nAssertionError\n",
      "exit_code": 1,
      "status": "Exception"
    },
    {
      "program": "def get_Char(strr: str) -> str:\n    \"\"\"\n\tWrite a python function to find the character made by adding the ASCII value of all the characters of the given string modulo 26.\n\t\"\"\"\n    sum = 0\n    for i in strr:\n        sum += ord(i)\n    return chr(sum % 26 + 65)\n\n\ndef check(candidate):\n    assert candidate('abc') == 'f'\n    assert candidate('gfg') == 't'\n    assert candidate('ab') == 'c'\n\ndef test_check():\n    check(get_Char)\n\ntest_check()\n",
      "timestamp": 1666123889,
      "stdout": "",
      "stderr": "Traceback (most recent call last):\n  File \"/tmp/tmpjyki4j3h.py\", line 19, in <module>\n    test_check()\n  File \"/tmp/tmpjyki4j3h.py\", line 17, in test_check\n    check(get_Char)\n  File \"/tmp/tmpjyki4j3h.py\", line 12, in check\n    assert candidate('abc') == 'f'\nAssertionError\n",
      "exit_code": 1,
      "status": "Exception"
    },
    {
      "program": "def get_Char(strr: str) -> str:\n    \"\"\"\n\tWrite a python function to find the character made by adding the ASCII value of all the characters of the given string modulo 26.\n\t\"\"\"\n    sum_ = 0\n    for i in strr:\n        sum_ += ord(i)\n    return chr(sum_ % 26 + ord('a'))\n\n\ndef check(candidate):\n    assert candidate('abc') == 'f'\n    assert candidate('gfg') == 't'\n    assert candidate('ab') == 'c'\n\ndef test_check():\n    check(get_Char)\n\ntest_check()\n",
      "timestamp": 1665509670,
      "stdout": "",
      "stderr": "Traceback (most recent call last):\n  File \"/tmp/tmpiebn4z6f.py\", line 19, in <module>\n    test_check()\n  File \"/tmp/tmpiebn4z6f.py\", line 17, in test_check\n    check(get_Char)\n  File \"/tmp/tmpiebn4z6f.py\", line 12, in check\n    assert candidate('abc') == 'f'\nAssertionError\n",
      "exit_code": 1,
      "status": "Exception"
    },
    {
      "program": "def get_Char(strr: str) -> str:\n    \"\"\"\n\tWrite a python function to find the character made by adding the ASCII value of all the characters of the given string modulo 26.\n\t\"\"\"\n    sum = 0\n    for i in strr:\n        sum += ord(i)\n    return chr(sum % 26 + 96)\n\n\ndef check(candidate):\n    assert candidate('abc') == 'f'\n    assert candidate('gfg') == 't'\n    assert candidate('ab') == 'c'\n\ndef test_check():\n    check(get_Char)\n\ntest_check()\n",
      "timestamp": 1666123889,
      "stdout": "",
      "stderr": "Traceback (most recent call last):\n  File \"/tmp/tmp6omc41ci.py\", line 19, in <module>\n    test_check()\n  File \"/tmp/tmp6omc41ci.py\", line 17, in test_check\n    check(get_Char)\n  File \"/tmp/tmp6omc41ci.py\", line 12, in check\n    assert candidate('abc') == 'f'\nAssertionError\n",
      "exit_code": 1,
      "status": "Exception"
    },
    {
      "program": "def get_Char(strr: str) -> str:\n    \"\"\"\n\tWrite a python function to find the character made by adding the ASCII value of all the characters of the given string modulo 26.\n\t\"\"\"\n    sum = 0\n    for i in strr:\n        sum += ord(i)\n    return chr((sum % 26) + ord('a'))\n\n\ndef check(candidate):\n    assert candidate('abc') == 'f'\n    assert candidate('gfg') == 't'\n    assert candidate('ab') == 'c'\n\ndef test_check():\n    check(get_Char)\n\ntest_check()\n",
      "timestamp": 1666123889,
      "stdout": "",
      "stderr": "Traceback (most recent call last):\n  File \"/tmp/tmpqb8ttsal.py\", line 19, in <module>\n    test_check()\n  File \"/tmp/tmpqb8ttsal.py\", line 17, in test_check\n    check(get_Char)\n  File \"/tmp/tmpqb8ttsal.py\", line 12, in check\n    assert candidate('abc') == 'f'\nAssertionError\n",
      "exit_code": 1,
      "status": "Exception"
    },
    {
      "program": "def get_Char(strr: str) -> str:\n    \"\"\"\n\tWrite a python function to find the character made by adding the ASCII value of all the characters of the given string modulo 26.\n\t\"\"\"\n    sum = 0\n    for i in strr:\n        sum += ord(i)\n    return chr(sum % 26 + ord('a'))\n\n\ndef check(candidate):\n    assert candidate('abc') == 'f'\n    assert candidate('gfg') == 't'\n    assert candidate('ab') == 'c'\n\ndef test_check():\n    check(get_Char)\n\ntest_check()\n",
      "timestamp": 1665509670,
      "stdout": "",
      "stderr": "Traceback (most recent call last):\n  File \"/tmp/tmpfjpv3uxr.py\", line 19, in <module>\n    test_check()\n  File \"/tmp/tmpfjpv3uxr.py\", line 17, in test_check\n    check(get_Char)\n  File \"/tmp/tmpfjpv3uxr.py\", line 12, in check\n    assert candidate('abc') == 'f'\nAssertionError\n",
      "exit_code": 1,
      "status": "Exception"
    },
    {
      "program": "def get_Char(strr: str) -> str:\n    \"\"\"\n\tWrite a python function to find the character made by adding the ASCII value of all the characters of the given string modulo 26.\n\t\"\"\"\n    sum = 0\n    for i in strr:\n        sum += ord(i)\n    return chr(sum % 26 + ord('a'))\n\n\ndef check(candidate):\n    assert candidate('abc') == 'f'\n    assert candidate('gfg') == 't'\n    assert candidate('ab') == 'c'\n\ndef test_check():\n    check(get_Char)\n\ntest_check()\n",
      "timestamp": 1665509670,
      "stdout": "",
      "stderr": "Traceback (most recent call last):\n  File \"/tmp/tmpfjpv3uxr.py\", line 19, in <module>\n    test_check()\n  File \"/tmp/tmpfjpv3uxr.py\", line 17, in test_check\n    check(get_Char)\n  File \"/tmp/tmpfjpv3uxr.py\", line 12, in check\n    assert candidate('abc') == 'f'\nAssertionError\n",
      "exit_code": 1,
      "status": "Exception"
    },
    {
      "program": "def get_Char(strr: str) -> str:\n    \"\"\"\n\tWrite a python function to find the character made by adding the ASCII value of all the characters of the given string modulo 26.\n\t\"\"\"\n    sum = 0\n    for i in strr:\n        sum += ord(i)\n    return chr(sum % 26 + ord('a'))\n\n\ndef check(candidate):\n    assert candidate('abc') == 'f'\n    assert candidate('gfg') == 't'\n    assert candidate('ab') == 'c'\n\ndef test_check():\n    check(get_Char)\n\ntest_check()\n",
      "timestamp": 1665509670,
      "stdout": "",
      "stderr": "Traceback (most recent call last):\n  File \"/tmp/tmpfjpv3uxr.py\", line 19, in <module>\n    test_check()\n  File \"/tmp/tmpfjpv3uxr.py\", line 17, in test_check\n    check(get_Char)\n  File \"/tmp/tmpfjpv3uxr.py\", line 12, in check\n    assert candidate('abc') == 'f'\nAssertionError\n",
      "exit_code": 1,
      "status": "Exception"
    },
    {
      "program": "def get_Char(strr: str) -> str:\n    \"\"\"\n\tWrite a python function to find the character made by adding the ASCII value of all the characters of the given string modulo 26.\n\t\"\"\"\n    sum = 0\n    for i in strr:\n        sum += ord(i)\n    return chr(sum % 26 + ord('a'))\n\n\ndef check(candidate):\n    assert candidate('abc') == 'f'\n    assert candidate('gfg') == 't'\n    assert candidate('ab') == 'c'\n\ndef test_check():\n    check(get_Char)\n\ntest_check()\n",
      "timestamp": 1665509670,
      "stdout": "",
      "stderr": "Traceback (most recent call last):\n  File \"/tmp/tmpfjpv3uxr.py\", line 19, in <module>\n    test_check()\n  File \"/tmp/tmpfjpv3uxr.py\", line 17, in test_check\n    check(get_Char)\n  File \"/tmp/tmpfjpv3uxr.py\", line 12, in check\n    assert candidate('abc') == 'f'\nAssertionError\n",
      "exit_code": 1,
      "status": "Exception"
    },
    {
      "program": "def get_Char(strr: str) -> str:\n    \"\"\"\n\tWrite a python function to find the character made by adding the ASCII value of all the characters of the given string modulo 26.\n\t\"\"\"\n    sum = 0\n    for i in strr:\n        sum += ord(i)\n    return chr(sum % 26 + ord('a'))\n\n\ndef check(candidate):\n    assert candidate('abc') == 'f'\n    assert candidate('gfg') == 't'\n    assert candidate('ab') == 'c'\n\ndef test_check():\n    check(get_Char)\n\ntest_check()\n",
      "timestamp": 1665509670,
      "stdout": "",
      "stderr": "Traceback (most recent call last):\n  File \"/tmp/tmpfjpv3uxr.py\", line 19, in <module>\n    test_check()\n  File \"/tmp/tmpfjpv3uxr.py\", line 17, in test_check\n    check(get_Char)\n  File \"/tmp/tmpfjpv3uxr.py\", line 12, in check\n    assert candidate('abc') == 'f'\nAssertionError\n",
      "exit_code": 1,
      "status": "Exception"
    },
    {
      "program": "def get_Char(strr: str) -> str:\n    \"\"\"\n\tWrite a python function to find the character made by adding the ASCII value of all the characters of the given string modulo 26.\n\t\"\"\"\n    sum = 0\n    for i in strr:\n        sum += ord(i)\n    return chr(sum % 26 + 65)\n\n\ndef check(candidate):\n    assert candidate('abc') == 'f'\n    assert candidate('gfg') == 't'\n    assert candidate('ab') == 'c'\n\ndef test_check():\n    check(get_Char)\n\ntest_check()\n",
      "timestamp": 1666123889,
      "stdout": "",
      "stderr": "Traceback (most recent call last):\n  File \"/tmp/tmpjyki4j3h.py\", line 19, in <module>\n    test_check()\n  File \"/tmp/tmpjyki4j3h.py\", line 17, in test_check\n    check(get_Char)\n  File \"/tmp/tmpjyki4j3h.py\", line 12, in check\n    assert candidate('abc') == 'f'\nAssertionError\n",
      "exit_code": 1,
      "status": "Exception"
    },
    {
      "program": "def get_Char(strr: str) -> str:\n    \"\"\"\n\tWrite a python function to find the character made by adding the ASCII value of all the characters of the given string modulo 26.\n\t\"\"\"\n    sum_ = 0\n    for i in strr:\n        sum_ += ord(i)\n    return chr(sum_ % 26 + 96)\n\n\ndef check(candidate):\n    assert candidate('abc') == 'f'\n    assert candidate('gfg') == 't'\n    assert candidate('ab') == 'c'\n\ndef test_check():\n    check(get_Char)\n\ntest_check()\n",
      "timestamp": 1666123889,
      "stdout": "",
      "stderr": "Traceback (most recent call last):\n  File \"/tmp/tmpi_y7x6qj.py\", line 19, in <module>\n    test_check()\n  File \"/tmp/tmpi_y7x6qj.py\", line 17, in test_check\n    check(get_Char)\n  File \"/tmp/tmpi_y7x6qj.py\", line 12, in check\n    assert candidate('abc') == 'f'\nAssertionError\n",
      "exit_code": 1,
      "status": "Exception"
    },
    {
      "program": "def get_Char(strr: str) -> str:\n    \"\"\"\n\tWrite a python function to find the character made by adding the ASCII value of all the characters of the given string modulo 26.\n\t\"\"\"\n    sum = 0\n    for i in strr:\n        sum += ord(i)\n    return chr(sum % 26 + ord('a'))\n\n\ndef check(candidate):\n    assert candidate('abc') == 'f'\n    assert candidate('gfg') == 't'\n    assert candidate('ab') == 'c'\n\ndef test_check():\n    check(get_Char)\n\ntest_check()\n",
      "timestamp": 1665509670,
      "stdout": "",
      "stderr": "Traceback (most recent call last):\n  File \"/tmp/tmpfjpv3uxr.py\", line 19, in <module>\n    test_check()\n  File \"/tmp/tmpfjpv3uxr.py\", line 17, in test_check\n    check(get_Char)\n  File \"/tmp/tmpfjpv3uxr.py\", line 12, in check\n    assert candidate('abc') == 'f'\nAssertionError\n",
      "exit_code": 1,
      "status": "Exception"
    },
    {
      "program": "def get_Char(strr: str) -> str:\n    \"\"\"\n\tWrite a python function to find the character made by adding the ASCII value of all the characters of the given string modulo 26.\n\t\"\"\"\n    sum = 0\n    for i in strr:\n        sum += ord(i)\n    return chr(sum % 26 + ord('a'))\n\n\ndef check(candidate):\n    assert candidate('abc') == 'f'\n    assert candidate('gfg') == 't'\n    assert candidate('ab') == 'c'\n\ndef test_check():\n    check(get_Char)\n\ntest_check()\n",
      "timestamp": 1665509670,
      "stdout": "",
      "stderr": "Traceback (most recent call last):\n  File \"/tmp/tmpfjpv3uxr.py\", line 19, in <module>\n    test_check()\n  File \"/tmp/tmpfjpv3uxr.py\", line 17, in test_check\n    check(get_Char)\n  File \"/tmp/tmpfjpv3uxr.py\", line 12, in check\n    assert candidate('abc') == 'f'\nAssertionError\n",
      "exit_code": 1,
      "status": "Exception"
    },
    {
      "program": "def get_Char(strr: str) -> str:\n    \"\"\"\n\tWrite a python function to find the character made by adding the ASCII value of all the characters of the given string modulo 26.\n\t\"\"\"\n    sum = 0\n    for i in strr:\n        sum += ord(i)\n    return chr(sum % 26 + ord('a'))\n\n\ndef check(candidate):\n    assert candidate('abc') == 'f'\n    assert candidate('gfg') == 't'\n    assert candidate('ab') == 'c'\n\ndef test_check():\n    check(get_Char)\n\ntest_check()\n",
      "timestamp": 1665509670,
      "stdout": "",
      "stderr": "Traceback (most recent call last):\n  File \"/tmp/tmpfjpv3uxr.py\", line 19, in <module>\n    test_check()\n  File \"/tmp/tmpfjpv3uxr.py\", line 17, in test_check\n    check(get_Char)\n  File \"/tmp/tmpfjpv3uxr.py\", line 12, in check\n    assert candidate('abc') == 'f'\nAssertionError\n",
      "exit_code": 1,
      "status": "Exception"
    },
    {
      "program": "def get_Char(strr: str) -> str:\n    \"\"\"\n\tWrite a python function to find the character made by adding the ASCII value of all the characters of the given string modulo 26.\n\t\"\"\"\n    sum = 0\n    for i in strr:\n        sum += ord(i)\n    return chr(sum % 26 + ord('a'))\n\n\ndef check(candidate):\n    assert candidate('abc') == 'f'\n    assert candidate('gfg') == 't'\n    assert candidate('ab') == 'c'\n\ndef test_check():\n    check(get_Char)\n\ntest_check()\n",
      "timestamp": 1665509670,
      "stdout": "",
      "stderr": "Traceback (most recent call last):\n  File \"/tmp/tmpfjpv3uxr.py\", line 19, in <module>\n    test_check()\n  File \"/tmp/tmpfjpv3uxr.py\", line 17, in test_check\n    check(get_Char)\n  File \"/tmp/tmpfjpv3uxr.py\", line 12, in check\n    assert candidate('abc') == 'f'\nAssertionError\n",
      "exit_code": 1,
      "status": "Exception"
    },
    {
      "program": "def get_Char(strr: str) -> str:\n    \"\"\"\n\tWrite a python function to find the character made by adding the ASCII value of all the characters of the given string modulo 26.\n\t\"\"\"\n    sum = 0\n    for i in strr:\n        sum += ord(i)\n    return chr(sum % 26 + ord('a'))\n\n\ndef check(candidate):\n    assert candidate('abc') == 'f'\n    assert candidate('gfg') == 't'\n    assert candidate('ab') == 'c'\n\ndef test_check():\n    check(get_Char)\n\ntest_check()\n",
      "timestamp": 1665509670,
      "stdout": "",
      "stderr": "Traceback (most recent call last):\n  File \"/tmp/tmpfjpv3uxr.py\", line 19, in <module>\n    test_check()\n  File \"/tmp/tmpfjpv3uxr.py\", line 17, in test_check\n    check(get_Char)\n  File \"/tmp/tmpfjpv3uxr.py\", line 12, in check\n    assert candidate('abc') == 'f'\nAssertionError\n",
      "exit_code": 1,
      "status": "Exception"
    },
    {
      "program": "def get_Char(strr: str) -> str:\n    \"\"\"\n\tWrite a python function to find the character made by adding the ASCII value of all the characters of the given string modulo 26.\n\t\"\"\"\n    sum = 0\n    for i in strr:\n        sum += ord(i)\n    return chr(sum % 26 + ord('a'))\n\n\ndef check(candidate):\n    assert candidate('abc') == 'f'\n    assert candidate('gfg') == 't'\n    assert candidate('ab') == 'c'\n\ndef test_check():\n    check(get_Char)\n\ntest_check()\n",
      "timestamp": 1665509670,
      "stdout": "",
      "stderr": "Traceback (most recent call last):\n  File \"/tmp/tmpfjpv3uxr.py\", line 19, in <module>\n    test_check()\n  File \"/tmp/tmpfjpv3uxr.py\", line 17, in test_check\n    check(get_Char)\n  File \"/tmp/tmpfjpv3uxr.py\", line 12, in check\n    assert candidate('abc') == 'f'\nAssertionError\n",
      "exit_code": 1,
      "status": "Exception"
    },
    {
      "program": "def get_Char(strr: str) -> str:\n    \"\"\"\n\tWrite a python function to find the character made by adding the ASCII value of all the characters of the given string modulo 26.\n\t\"\"\"\n    sum = 0\n    for i in strr:\n        sum += ord(i)\n    return chr(sum % 26 + ord('a'))\n\n\ndef check(candidate):\n    assert candidate('abc') == 'f'\n    assert candidate('gfg') == 't'\n    assert candidate('ab') == 'c'\n\ndef test_check():\n    check(get_Char)\n\ntest_check()\n",
      "timestamp": 1665509670,
      "stdout": "",
      "stderr": "Traceback (most recent call last):\n  File \"/tmp/tmpfjpv3uxr.py\", line 19, in <module>\n    test_check()\n  File \"/tmp/tmpfjpv3uxr.py\", line 17, in test_check\n    check(get_Char)\n  File \"/tmp/tmpfjpv3uxr.py\", line 12, in check\n    assert candidate('abc') == 'f'\nAssertionError\n",
      "exit_code": 1,
      "status": "Exception"
    },
    {
      "program": "def get_Char(strr: str) -> str:\n    \"\"\"\n\tWrite a python function to find the character made by adding the ASCII value of all the characters of the given string modulo 26.\n\t\"\"\"\n    sum = 0\n    for i in strr:\n        sum += ord(i)\n    return chr(sum % 26 + ord('a'))\n\n\ndef check(candidate):\n    assert candidate('abc') == 'f'\n    assert candidate('gfg') == 't'\n    assert candidate('ab') == 'c'\n\ndef test_check():\n    check(get_Char)\n\ntest_check()\n",
      "timestamp": 1665509670,
      "stdout": "",
      "stderr": "Traceback (most recent call last):\n  File \"/tmp/tmpfjpv3uxr.py\", line 19, in <module>\n    test_check()\n  File \"/tmp/tmpfjpv3uxr.py\", line 17, in test_check\n    check(get_Char)\n  File \"/tmp/tmpfjpv3uxr.py\", line 12, in check\n    assert candidate('abc') == 'f'\nAssertionError\n",
      "exit_code": 1,
      "status": "Exception"
    },
    {
      "program": "def get_Char(strr: str) -> str:\n    \"\"\"\n\tWrite a python function to find the character made by adding the ASCII value of all the characters of the given string modulo 26.\n\t\"\"\"\n    sum = 0\n    for i in strr:\n        sum += ord(i)\n    return chr(sum % 26 + ord('a'))\n\n\ndef check(candidate):\n    assert candidate('abc') == 'f'\n    assert candidate('gfg') == 't'\n    assert candidate('ab') == 'c'\n\ndef test_check():\n    check(get_Char)\n\ntest_check()\n",
      "timestamp": 1665509670,
      "stdout": "",
      "stderr": "Traceback (most recent call last):\n  File \"/tmp/tmpfjpv3uxr.py\", line 19, in <module>\n    test_check()\n  File \"/tmp/tmpfjpv3uxr.py\", line 17, in test_check\n    check(get_Char)\n  File \"/tmp/tmpfjpv3uxr.py\", line 12, in check\n    assert candidate('abc') == 'f'\nAssertionError\n",
      "exit_code": 1,
      "status": "Exception"
    },
    {
      "program": "def get_Char(strr: str) -> str:\n    \"\"\"\n\tWrite a python function to find the character made by adding the ASCII value of all the characters of the given string modulo 26.\n\t\"\"\"\n    sum = 0\n    for i in strr:\n        sum += ord(i)\n    return chr(sum % 26 + ord('a'))\n\n\ndef check(candidate):\n    assert candidate('abc') == 'f'\n    assert candidate('gfg') == 't'\n    assert candidate('ab') == 'c'\n\ndef test_check():\n    check(get_Char)\n\ntest_check()\n",
      "timestamp": 1665509670,
      "stdout": "",
      "stderr": "Traceback (most recent call last):\n  File \"/tmp/tmpfjpv3uxr.py\", line 19, in <module>\n    test_check()\n  File \"/tmp/tmpfjpv3uxr.py\", line 17, in test_check\n    check(get_Char)\n  File \"/tmp/tmpfjpv3uxr.py\", line 12, in check\n    assert candidate('abc') == 'f'\nAssertionError\n",
      "exit_code": 1,
      "status": "Exception"
    },
    {
      "program": "def get_Char(strr: str) -> str:\n    \"\"\"\n\tWrite a python function to find the character made by adding the ASCII value of all the characters of the given string modulo 26.\n\t\"\"\"\n    sum_ = 0\n    for i in strr:\n        sum_ += ord(i)\n    return chr(sum_ % 26 + ord('a'))\n\n\ndef check(candidate):\n    assert candidate('abc') == 'f'\n    assert candidate('gfg') == 't'\n    assert candidate('ab') == 'c'\n\ndef test_check():\n    check(get_Char)\n\ntest_check()\n",
      "timestamp": 1665509670,
      "stdout": "",
      "stderr": "Traceback (most recent call last):\n  File \"/tmp/tmpiebn4z6f.py\", line 19, in <module>\n    test_check()\n  File \"/tmp/tmpiebn4z6f.py\", line 17, in test_check\n    check(get_Char)\n  File \"/tmp/tmpiebn4z6f.py\", line 12, in check\n    assert candidate('abc') == 'f'\nAssertionError\n",
      "exit_code": 1,
      "status": "Exception"
    },
    {
      "program": "def get_Char(strr: str) -> str:\n    \"\"\"\n\tWrite a python function to find the character made by adding the ASCII value of all the characters of the given string modulo 26.\n\t\"\"\"\n    sum_ = 0\n    for i in strr:\n        sum_ += ord(i)\n    return chr(sum_ % 26 + ord('a'))\n\n\ndef check(candidate):\n    assert candidate('abc') == 'f'\n    assert candidate('gfg') == 't'\n    assert candidate('ab') == 'c'\n\ndef test_check():\n    check(get_Char)\n\ntest_check()\n",
      "timestamp": 1665509670,
      "stdout": "",
      "stderr": "Traceback (most recent call last):\n  File \"/tmp/tmpiebn4z6f.py\", line 19, in <module>\n    test_check()\n  File \"/tmp/tmpiebn4z6f.py\", line 17, in test_check\n    check(get_Char)\n  File \"/tmp/tmpiebn4z6f.py\", line 12, in check\n    assert candidate('abc') == 'f'\nAssertionError\n",
      "exit_code": 1,
      "status": "Exception"
    },
    {
      "program": "def get_Char(strr: str) -> str:\n    \"\"\"\n\tWrite a python function to find the character made by adding the ASCII value of all the characters of the given string modulo 26.\n\t\"\"\"\n    sum = 0\n    for i in strr:\n        sum += ord(i)\n    return chr(sum % 26 + ord('a'))\n\n\ndef check(candidate):\n    assert candidate('abc') == 'f'\n    assert candidate('gfg') == 't'\n    assert candidate('ab') == 'c'\n\ndef test_check():\n    check(get_Char)\n\ntest_check()\n",
      "timestamp": 1665509670,
      "stdout": "",
      "stderr": "Traceback (most recent call last):\n  File \"/tmp/tmpfjpv3uxr.py\", line 19, in <module>\n    test_check()\n  File \"/tmp/tmpfjpv3uxr.py\", line 17, in test_check\n    check(get_Char)\n  File \"/tmp/tmpfjpv3uxr.py\", line 12, in check\n    assert candidate('abc') == 'f'\nAssertionError\n",
      "exit_code": 1,
      "status": "Exception"
    },
    {
      "program": "def get_Char(strr: str) -> str:\n    \"\"\"\n\tWrite a python function to find the character made by adding the ASCII value of all the characters of the given string modulo 26.\n\t\"\"\"\n    sum = 0\n    for i in strr:\n        sum += ord(i)\n    return chr(sum % 26 + ord('a'))\n\n\ndef check(candidate):\n    assert candidate('abc') == 'f'\n    assert candidate('gfg') == 't'\n    assert candidate('ab') == 'c'\n\ndef test_check():\n    check(get_Char)\n\ntest_check()\n",
      "timestamp": 1665509670,
      "stdout": "",
      "stderr": "Traceback (most recent call last):\n  File \"/tmp/tmpfjpv3uxr.py\", line 19, in <module>\n    test_check()\n  File \"/tmp/tmpfjpv3uxr.py\", line 17, in test_check\n    check(get_Char)\n  File \"/tmp/tmpfjpv3uxr.py\", line 12, in check\n    assert candidate('abc') == 'f'\nAssertionError\n",
      "exit_code": 1,
      "status": "Exception"
    },
    {
      "program": "def get_Char(strr: str) -> str:\n    \"\"\"\n\tWrite a python function to find the character made by adding the ASCII value of all the characters of the given string modulo 26.\n\t\"\"\"\n    sum = 0\n    for i in strr:\n        sum += ord(i)\n    return chr(sum % 26 + 97)\n\n\ndef check(candidate):\n    assert candidate('abc') == 'f'\n    assert candidate('gfg') == 't'\n    assert candidate('ab') == 'c'\n\ndef test_check():\n    check(get_Char)\n\ntest_check()\n",
      "timestamp": 1666123889,
      "stdout": "",
      "stderr": "Traceback (most recent call last):\n  File \"/tmp/tmpzqsyu5qa.py\", line 19, in <module>\n    test_check()\n  File \"/tmp/tmpzqsyu5qa.py\", line 17, in test_check\n    check(get_Char)\n  File \"/tmp/tmpzqsyu5qa.py\", line 12, in check\n    assert candidate('abc') == 'f'\nAssertionError\n",
      "exit_code": 1,
      "status": "Exception"
    },
    {
      "program": "def get_Char(strr: str) -> str:\n    \"\"\"\n\tWrite a python function to find the character made by adding the ASCII value of all the characters of the given string modulo 26.\n\t\"\"\"\n    sum = 0\n    for i in strr:\n        sum += ord(i)\n    return chr(sum % 26 + ord('a'))\n\n\ndef check(candidate):\n    assert candidate('abc') == 'f'\n    assert candidate('gfg') == 't'\n    assert candidate('ab') == 'c'\n\ndef test_check():\n    check(get_Char)\n\ntest_check()\n",
      "timestamp": 1665509670,
      "stdout": "",
      "stderr": "Traceback (most recent call last):\n  File \"/tmp/tmpfjpv3uxr.py\", line 19, in <module>\n    test_check()\n  File \"/tmp/tmpfjpv3uxr.py\", line 17, in test_check\n    check(get_Char)\n  File \"/tmp/tmpfjpv3uxr.py\", line 12, in check\n    assert candidate('abc') == 'f'\nAssertionError\n",
      "exit_code": 1,
      "status": "Exception"
    },
    {
      "program": "def get_Char(strr: str) -> str:\n    \"\"\"\n\tWrite a python function to find the character made by adding the ASCII value of all the characters of the given string modulo 26.\n\t\"\"\"\n    sum = 0\n    for i in strr:\n        sum += ord(i)\n    return chr(sum % 26 + ord('a'))\n\n\ndef check(candidate):\n    assert candidate('abc') == 'f'\n    assert candidate('gfg') == 't'\n    assert candidate('ab') == 'c'\n\ndef test_check():\n    check(get_Char)\n\ntest_check()\n",
      "timestamp": 1665509670,
      "stdout": "",
      "stderr": "Traceback (most recent call last):\n  File \"/tmp/tmpfjpv3uxr.py\", line 19, in <module>\n    test_check()\n  File \"/tmp/tmpfjpv3uxr.py\", line 17, in test_check\n    check(get_Char)\n  File \"/tmp/tmpfjpv3uxr.py\", line 12, in check\n    assert candidate('abc') == 'f'\nAssertionError\n",
      "exit_code": 1,
      "status": "Exception"
    },
    {
      "program": "def get_Char(strr: str) -> str:\n    \"\"\"\n\tWrite a python function to find the character made by adding the ASCII value of all the characters of the given string modulo 26.\n\t\"\"\"\n    sum = 0\n    for i in strr:\n        sum += ord(i)\n    return chr(sum % 26 + ord('a'))\n\n\ndef check(candidate):\n    assert candidate('abc') == 'f'\n    assert candidate('gfg') == 't'\n    assert candidate('ab') == 'c'\n\ndef test_check():\n    check(get_Char)\n\ntest_check()\n",
      "timestamp": 1665509670,
      "stdout": "",
      "stderr": "Traceback (most recent call last):\n  File \"/tmp/tmpfjpv3uxr.py\", line 19, in <module>\n    test_check()\n  File \"/tmp/tmpfjpv3uxr.py\", line 17, in test_check\n    check(get_Char)\n  File \"/tmp/tmpfjpv3uxr.py\", line 12, in check\n    assert candidate('abc') == 'f'\nAssertionError\n",
      "exit_code": 1,
      "status": "Exception"
    },
    {
      "program": "def get_Char(strr: str) -> str:\n    \"\"\"\n\tWrite a python function to find the character made by adding the ASCII value of all the characters of the given string modulo 26.\n\t\"\"\"\n    sum = 0\n    for i in strr:\n        sum += ord(i)\n    return chr(sum % 26 + ord('a'))\n\n\ndef check(candidate):\n    assert candidate('abc') == 'f'\n    assert candidate('gfg') == 't'\n    assert candidate('ab') == 'c'\n\ndef test_check():\n    check(get_Char)\n\ntest_check()\n",
      "timestamp": 1665509670,
      "stdout": "",
      "stderr": "Traceback (most recent call last):\n  File \"/tmp/tmpfjpv3uxr.py\", line 19, in <module>\n    test_check()\n  File \"/tmp/tmpfjpv3uxr.py\", line 17, in test_check\n    check(get_Char)\n  File \"/tmp/tmpfjpv3uxr.py\", line 12, in check\n    assert candidate('abc') == 'f'\nAssertionError\n",
      "exit_code": 1,
      "status": "Exception"
    },
    {
      "program": "def get_Char(strr: str) -> str:\n    \"\"\"\n\tWrite a python function to find the character made by adding the ASCII value of all the characters of the given string modulo 26.\n\t\"\"\"\n    sum = 0\n    for i in strr:\n        sum += ord(i)\n    return chr(sum % 26 + ord('a'))\n\n\ndef check(candidate):\n    assert candidate('abc') == 'f'\n    assert candidate('gfg') == 't'\n    assert candidate('ab') == 'c'\n\ndef test_check():\n    check(get_Char)\n\ntest_check()\n",
      "timestamp": 1665509670,
      "stdout": "",
      "stderr": "Traceback (most recent call last):\n  File \"/tmp/tmpfjpv3uxr.py\", line 19, in <module>\n    test_check()\n  File \"/tmp/tmpfjpv3uxr.py\", line 17, in test_check\n    check(get_Char)\n  File \"/tmp/tmpfjpv3uxr.py\", line 12, in check\n    assert candidate('abc') == 'f'\nAssertionError\n",
      "exit_code": 1,
      "status": "Exception"
    },
    {
      "program": "def get_Char(strr: str) -> str:\n    \"\"\"\n\tWrite a python function to find the character made by adding the ASCII value of all the characters of the given string modulo 26.\n\t\"\"\"\n    sum = 0\n    for i in strr:\n        sum += ord(i)\n    return chr(sum % 26 + ord('a'))\n\n\ndef check(candidate):\n    assert candidate('abc') == 'f'\n    assert candidate('gfg') == 't'\n    assert candidate('ab') == 'c'\n\ndef test_check():\n    check(get_Char)\n\ntest_check()\n",
      "timestamp": 1665509670,
      "stdout": "",
      "stderr": "Traceback (most recent call last):\n  File \"/tmp/tmpfjpv3uxr.py\", line 19, in <module>\n    test_check()\n  File \"/tmp/tmpfjpv3uxr.py\", line 17, in test_check\n    check(get_Char)\n  File \"/tmp/tmpfjpv3uxr.py\", line 12, in check\n    assert candidate('abc') == 'f'\nAssertionError\n",
      "exit_code": 1,
      "status": "Exception"
    },
    {
      "program": "def get_Char(strr: str) -> str:\n    \"\"\"\n\tWrite a python function to find the character made by adding the ASCII value of all the characters of the given string modulo 26.\n\t\"\"\"\n    sum = 0\n    for i in strr:\n        sum += ord(i)\n    return chr(sum % 26 + ord('a'))\n\n\ndef check(candidate):\n    assert candidate('abc') == 'f'\n    assert candidate('gfg') == 't'\n    assert candidate('ab') == 'c'\n\ndef test_check():\n    check(get_Char)\n\ntest_check()\n",
      "timestamp": 1665509670,
      "stdout": "",
      "stderr": "Traceback (most recent call last):\n  File \"/tmp/tmpfjpv3uxr.py\", line 19, in <module>\n    test_check()\n  File \"/tmp/tmpfjpv3uxr.py\", line 17, in test_check\n    check(get_Char)\n  File \"/tmp/tmpfjpv3uxr.py\", line 12, in check\n    assert candidate('abc') == 'f'\nAssertionError\n",
      "exit_code": 1,
      "status": "Exception"
    },
    {
      "program": "def get_Char(strr: str) -> str:\n    \"\"\"\n\tWrite a python function to find the character made by adding the ASCII value of all the characters of the given string modulo 26.\n\t\"\"\"\n    sum = 0\n    for i in strr:\n        sum += ord(i)\n    return chr(sum % 26 + ord('a'))\n\n\ndef check(candidate):\n    assert candidate('abc') == 'f'\n    assert candidate('gfg') == 't'\n    assert candidate('ab') == 'c'\n\ndef test_check():\n    check(get_Char)\n\ntest_check()\n",
      "timestamp": 1665509670,
      "stdout": "",
      "stderr": "Traceback (most recent call last):\n  File \"/tmp/tmpfjpv3uxr.py\", line 19, in <module>\n    test_check()\n  File \"/tmp/tmpfjpv3uxr.py\", line 17, in test_check\n    check(get_Char)\n  File \"/tmp/tmpfjpv3uxr.py\", line 12, in check\n    assert candidate('abc') == 'f'\nAssertionError\n",
      "exit_code": 1,
      "status": "Exception"
    },
    {
      "program": "def get_Char(strr: str) -> str:\n    \"\"\"\n\tWrite a python function to find the character made by adding the ASCII value of all the characters of the given string modulo 26.\n\t\"\"\"\n    sum = 0\n    for i in strr:\n        sum += ord(i)\n    return chr(sum % 26 + ord('a'))\n\n\ndef check(candidate):\n    assert candidate('abc') == 'f'\n    assert candidate('gfg') == 't'\n    assert candidate('ab') == 'c'\n\ndef test_check():\n    check(get_Char)\n\ntest_check()\n",
      "timestamp": 1665509670,
      "stdout": "",
      "stderr": "Traceback (most recent call last):\n  File \"/tmp/tmpfjpv3uxr.py\", line 19, in <module>\n    test_check()\n  File \"/tmp/tmpfjpv3uxr.py\", line 17, in test_check\n    check(get_Char)\n  File \"/tmp/tmpfjpv3uxr.py\", line 12, in check\n    assert candidate('abc') == 'f'\nAssertionError\n",
      "exit_code": 1,
      "status": "Exception"
    },
    {
      "program": "def get_Char(strr: str) -> str:\n    \"\"\"\n\tWrite a python function to find the character made by adding the ASCII value of all the characters of the given string modulo 26.\n\t\"\"\"\n    sum = 0\n    for i in strr:\n        sum += ord(i)\n    return chr(sum % 26 + ord('a'))\n\n\ndef check(candidate):\n    assert candidate('abc') == 'f'\n    assert candidate('gfg') == 't'\n    assert candidate('ab') == 'c'\n\ndef test_check():\n    check(get_Char)\n\ntest_check()\n",
      "timestamp": 1665509670,
      "stdout": "",
      "stderr": "Traceback (most recent call last):\n  File \"/tmp/tmpfjpv3uxr.py\", line 19, in <module>\n    test_check()\n  File \"/tmp/tmpfjpv3uxr.py\", line 17, in test_check\n    check(get_Char)\n  File \"/tmp/tmpfjpv3uxr.py\", line 12, in check\n    assert candidate('abc') == 'f'\nAssertionError\n",
      "exit_code": 1,
      "status": "Exception"
    },
    {
      "program": "def get_Char(strr: str) -> str:\n    \"\"\"\n\tWrite a python function to find the character made by adding the ASCII value of all the characters of the given string modulo 26.\n\t\"\"\"\n    sum = 0\n    for i in strr:\n        sum += ord(i)\n    return chr(sum % 26 + ord('a'))\n\n\ndef check(candidate):\n    assert candidate('abc') == 'f'\n    assert candidate('gfg') == 't'\n    assert candidate('ab') == 'c'\n\ndef test_check():\n    check(get_Char)\n\ntest_check()\n",
      "timestamp": 1665509670,
      "stdout": "",
      "stderr": "Traceback (most recent call last):\n  File \"/tmp/tmpfjpv3uxr.py\", line 19, in <module>\n    test_check()\n  File \"/tmp/tmpfjpv3uxr.py\", line 17, in test_check\n    check(get_Char)\n  File \"/tmp/tmpfjpv3uxr.py\", line 12, in check\n    assert candidate('abc') == 'f'\nAssertionError\n",
      "exit_code": 1,
      "status": "Exception"
    },
    {
      "program": "def get_Char(strr: str) -> str:\n    \"\"\"\n\tWrite a python function to find the character made by adding the ASCII value of all the characters of the given string modulo 26.\n\t\"\"\"\n    sum = 0\n    for i in strr:\n        sum += ord(i)\n    return chr(sum % 26 + ord('a'))\n\n\ndef check(candidate):\n    assert candidate('abc') == 'f'\n    assert candidate('gfg') == 't'\n    assert candidate('ab') == 'c'\n\ndef test_check():\n    check(get_Char)\n\ntest_check()\n",
      "timestamp": 1665509670,
      "stdout": "",
      "stderr": "Traceback (most recent call last):\n  File \"/tmp/tmpfjpv3uxr.py\", line 19, in <module>\n    test_check()\n  File \"/tmp/tmpfjpv3uxr.py\", line 17, in test_check\n    check(get_Char)\n  File \"/tmp/tmpfjpv3uxr.py\", line 12, in check\n    assert candidate('abc') == 'f'\nAssertionError\n",
      "exit_code": 1,
      "status": "Exception"
    },
    {
      "program": "def get_Char(strr: str) -> str:\n    \"\"\"\n\tWrite a python function to find the character made by adding the ASCII value of all the characters of the given string modulo 26.\n\t\"\"\"\n    sum = 0\n    for i in strr:\n        sum += ord(i)\n    return chr(sum % 26 + ord('a'))\n\n\ndef check(candidate):\n    assert candidate('abc') == 'f'\n    assert candidate('gfg') == 't'\n    assert candidate('ab') == 'c'\n\ndef test_check():\n    check(get_Char)\n\ntest_check()\n",
      "timestamp": 1665509670,
      "stdout": "",
      "stderr": "Traceback (most recent call last):\n  File \"/tmp/tmpfjpv3uxr.py\", line 19, in <module>\n    test_check()\n  File \"/tmp/tmpfjpv3uxr.py\", line 17, in test_check\n    check(get_Char)\n  File \"/tmp/tmpfjpv3uxr.py\", line 12, in check\n    assert candidate('abc') == 'f'\nAssertionError\n",
      "exit_code": 1,
      "status": "Exception"
    },
    {
      "program": "def get_Char(strr: str) -> str:\n    \"\"\"\n\tWrite a python function to find the character made by adding the ASCII value of all the characters of the given string modulo 26.\n\t\"\"\"\n    sum = 0\n    for i in strr:\n        sum += ord(i)\n    return chr(sum % 26 + ord('a'))\n\n\ndef check(candidate):\n    assert candidate('abc') == 'f'\n    assert candidate('gfg') == 't'\n    assert candidate('ab') == 'c'\n\ndef test_check():\n    check(get_Char)\n\ntest_check()\n",
      "timestamp": 1665509670,
      "stdout": "",
      "stderr": "Traceback (most recent call last):\n  File \"/tmp/tmpfjpv3uxr.py\", line 19, in <module>\n    test_check()\n  File \"/tmp/tmpfjpv3uxr.py\", line 17, in test_check\n    check(get_Char)\n  File \"/tmp/tmpfjpv3uxr.py\", line 12, in check\n    assert candidate('abc') == 'f'\nAssertionError\n",
      "exit_code": 1,
      "status": "Exception"
    },
    {
      "program": "def get_Char(strr: str) -> str:\n    \"\"\"\n\tWrite a python function to find the character made by adding the ASCII value of all the characters of the given string modulo 26.\n\t\"\"\"\n    sum = 0\n    for i in strr:\n        sum += ord(i)\n    return chr(sum % 26 + ord('a'))\n\n\ndef check(candidate):\n    assert candidate('abc') == 'f'\n    assert candidate('gfg') == 't'\n    assert candidate('ab') == 'c'\n\ndef test_check():\n    check(get_Char)\n\ntest_check()\n",
      "timestamp": 1665509670,
      "stdout": "",
      "stderr": "Traceback (most recent call last):\n  File \"/tmp/tmpfjpv3uxr.py\", line 19, in <module>\n    test_check()\n  File \"/tmp/tmpfjpv3uxr.py\", line 17, in test_check\n    check(get_Char)\n  File \"/tmp/tmpfjpv3uxr.py\", line 12, in check\n    assert candidate('abc') == 'f'\nAssertionError\n",
      "exit_code": 1,
      "status": "Exception"
    },
    {
      "program": "def get_Char(strr: str) -> str:\n    \"\"\"\n\tWrite a python function to find the character made by adding the ASCII value of all the characters of the given string modulo 26.\n\t\"\"\"\n    sum = 0\n    for i in range(len(strr)):\n        sum += ord(strr[i])\n    return chr(sum % 26 + ord('a'))\n\n\ndef check(candidate):\n    assert candidate('abc') == 'f'\n    assert candidate('gfg') == 't'\n    assert candidate('ab') == 'c'\n\ndef test_check():\n    check(get_Char)\n\ntest_check()\n",
      "timestamp": 1666123889,
      "stdout": "",
      "stderr": "Traceback (most recent call last):\n  File \"/tmp/tmpa3uq4fsj.py\", line 19, in <module>\n    test_check()\n  File \"/tmp/tmpa3uq4fsj.py\", line 17, in test_check\n    check(get_Char)\n  File \"/tmp/tmpa3uq4fsj.py\", line 12, in check\n    assert candidate('abc') == 'f'\nAssertionError\n",
      "exit_code": 1,
      "status": "Exception"
    },
    {
      "program": "def get_Char(strr: str) -> str:\n    \"\"\"\n\tWrite a python function to find the character made by adding the ASCII value of all the characters of the given string modulo 26.\n\t\"\"\"\n    sum = 0\n    for i in strr:\n        sum += ord(i)\n    return chr(sum % 26 + ord('a'))\n\n\ndef check(candidate):\n    assert candidate('abc') == 'f'\n    assert candidate('gfg') == 't'\n    assert candidate('ab') == 'c'\n\ndef test_check():\n    check(get_Char)\n\ntest_check()\n",
      "timestamp": 1665509670,
      "stdout": "",
      "stderr": "Traceback (most recent call last):\n  File \"/tmp/tmpfjpv3uxr.py\", line 19, in <module>\n    test_check()\n  File \"/tmp/tmpfjpv3uxr.py\", line 17, in test_check\n    check(get_Char)\n  File \"/tmp/tmpfjpv3uxr.py\", line 12, in check\n    assert candidate('abc') == 'f'\nAssertionError\n",
      "exit_code": 1,
      "status": "Exception"
    },
    {
      "program": "def get_Char(strr: str) -> str:\n    \"\"\"\n\tWrite a python function to find the character made by adding the ASCII value of all the characters of the given string modulo 26.\n\t\"\"\"\n    sum = 0\n    for i in strr:\n        sum += ord(i)\n    return chr(sum % 26 + ord('a'))\n\n\ndef check(candidate):\n    assert candidate('abc') == 'f'\n    assert candidate('gfg') == 't'\n    assert candidate('ab') == 'c'\n\ndef test_check():\n    check(get_Char)\n\ntest_check()\n",
      "timestamp": 1665509670,
      "stdout": "",
      "stderr": "Traceback (most recent call last):\n  File \"/tmp/tmpfjpv3uxr.py\", line 19, in <module>\n    test_check()\n  File \"/tmp/tmpfjpv3uxr.py\", line 17, in test_check\n    check(get_Char)\n  File \"/tmp/tmpfjpv3uxr.py\", line 12, in check\n    assert candidate('abc') == 'f'\nAssertionError\n",
      "exit_code": 1,
      "status": "Exception"
    },
    {
      "program": "def get_Char(strr: str) -> str:\n    \"\"\"\n\tWrite a python function to find the character made by adding the ASCII value of all the characters of the given string modulo 26.\n\t\"\"\"\n    sum = 0\n    for i in strr:\n        sum += ord(i)\n    return chr(sum % 26 + ord('a'))\n\n\ndef check(candidate):\n    assert candidate('abc') == 'f'\n    assert candidate('gfg') == 't'\n    assert candidate('ab') == 'c'\n\ndef test_check():\n    check(get_Char)\n\ntest_check()\n",
      "timestamp": 1665509670,
      "stdout": "",
      "stderr": "Traceback (most recent call last):\n  File \"/tmp/tmpfjpv3uxr.py\", line 19, in <module>\n    test_check()\n  File \"/tmp/tmpfjpv3uxr.py\", line 17, in test_check\n    check(get_Char)\n  File \"/tmp/tmpfjpv3uxr.py\", line 12, in check\n    assert candidate('abc') == 'f'\nAssertionError\n",
      "exit_code": 1,
      "status": "Exception"
    },
    {
      "program": "def get_Char(strr: str) -> str:\n    \"\"\"\n\tWrite a python function to find the character made by adding the ASCII value of all the characters of the given string modulo 26.\n\t\"\"\"\n    sum = 0\n    for i in strr:\n        sum += ord(i)\n    return chr(sum % 26 + ord('a'))\n\n\ndef check(candidate):\n    assert candidate('abc') == 'f'\n    assert candidate('gfg') == 't'\n    assert candidate('ab') == 'c'\n\ndef test_check():\n    check(get_Char)\n\ntest_check()\n",
      "timestamp": 1665509670,
      "stdout": "",
      "stderr": "Traceback (most recent call last):\n  File \"/tmp/tmpfjpv3uxr.py\", line 19, in <module>\n    test_check()\n  File \"/tmp/tmpfjpv3uxr.py\", line 17, in test_check\n    check(get_Char)\n  File \"/tmp/tmpfjpv3uxr.py\", line 12, in check\n    assert candidate('abc') == 'f'\nAssertionError\n",
      "exit_code": 1,
      "status": "Exception"
    },
    {
      "program": "def get_Char(strr: str) -> str:\n    \"\"\"\n\tWrite a python function to find the character made by adding the ASCII value of all the characters of the given string modulo 26.\n\t\"\"\"\n    sum = 0\n    for i in strr:\n        sum += ord(i)\n    return chr(sum % 26 + ord('a'))\n\n\ndef check(candidate):\n    assert candidate('abc') == 'f'\n    assert candidate('gfg') == 't'\n    assert candidate('ab') == 'c'\n\ndef test_check():\n    check(get_Char)\n\ntest_check()\n",
      "timestamp": 1665509670,
      "stdout": "",
      "stderr": "Traceback (most recent call last):\n  File \"/tmp/tmpfjpv3uxr.py\", line 19, in <module>\n    test_check()\n  File \"/tmp/tmpfjpv3uxr.py\", line 17, in test_check\n    check(get_Char)\n  File \"/tmp/tmpfjpv3uxr.py\", line 12, in check\n    assert candidate('abc') == 'f'\nAssertionError\n",
      "exit_code": 1,
      "status": "Exception"
    },
    {
      "program": "def get_Char(strr: str) -> str:\n    \"\"\"\n\tWrite a python function to find the character made by adding the ASCII value of all the characters of the given string modulo 26.\n\t\"\"\"\n    sum = 0\n    for i in strr:\n        sum += ord(i)\n    return chr(sum % 26 + ord('a'))\n\n\ndef check(candidate):\n    assert candidate('abc') == 'f'\n    assert candidate('gfg') == 't'\n    assert candidate('ab') == 'c'\n\ndef test_check():\n    check(get_Char)\n\ntest_check()\n",
      "timestamp": 1665509670,
      "stdout": "",
      "stderr": "Traceback (most recent call last):\n  File \"/tmp/tmpfjpv3uxr.py\", line 19, in <module>\n    test_check()\n  File \"/tmp/tmpfjpv3uxr.py\", line 17, in test_check\n    check(get_Char)\n  File \"/tmp/tmpfjpv3uxr.py\", line 12, in check\n    assert candidate('abc') == 'f'\nAssertionError\n",
      "exit_code": 1,
      "status": "Exception"
    },
    {
      "program": "def get_Char(strr: str) -> str:\n    \"\"\"\n\tWrite a python function to find the character made by adding the ASCII value of all the characters of the given string modulo 26.\n\t\"\"\"\n    sum = 0\n    for i in strr:\n        sum += ord(i)\n    return chr(sum % 26 + ord('a'))\n\n\ndef check(candidate):\n    assert candidate('abc') == 'f'\n    assert candidate('gfg') == 't'\n    assert candidate('ab') == 'c'\n\ndef test_check():\n    check(get_Char)\n\ntest_check()\n",
      "timestamp": 1665509670,
      "stdout": "",
      "stderr": "Traceback (most recent call last):\n  File \"/tmp/tmpfjpv3uxr.py\", line 19, in <module>\n    test_check()\n  File \"/tmp/tmpfjpv3uxr.py\", line 17, in test_check\n    check(get_Char)\n  File \"/tmp/tmpfjpv3uxr.py\", line 12, in check\n    assert candidate('abc') == 'f'\nAssertionError\n",
      "exit_code": 1,
      "status": "Exception"
    },
    {
      "program": "def get_Char(strr: str) -> str:\n    \"\"\"\n\tWrite a python function to find the character made by adding the ASCII value of all the characters of the given string modulo 26.\n\t\"\"\"\n    sum = 0\n    for i in strr:\n        sum += ord(i)\n    return chr(sum % 26 + ord('a'))\n\n\ndef check(candidate):\n    assert candidate('abc') == 'f'\n    assert candidate('gfg') == 't'\n    assert candidate('ab') == 'c'\n\ndef test_check():\n    check(get_Char)\n\ntest_check()\n",
      "timestamp": 1665509670,
      "stdout": "",
      "stderr": "Traceback (most recent call last):\n  File \"/tmp/tmpfjpv3uxr.py\", line 19, in <module>\n    test_check()\n  File \"/tmp/tmpfjpv3uxr.py\", line 17, in test_check\n    check(get_Char)\n  File \"/tmp/tmpfjpv3uxr.py\", line 12, in check\n    assert candidate('abc') == 'f'\nAssertionError\n",
      "exit_code": 1,
      "status": "Exception"
    },
    {
      "program": "def get_Char(strr: str) -> str:\n    \"\"\"\n\tWrite a python function to find the character made by adding the ASCII value of all the characters of the given string modulo 26.\n\t\"\"\"\n    sum_ = 0\n    for i in strr:\n        sum_ += ord(i)\n    return chr(sum_ % 26 + ord('a'))\n\n\ndef check(candidate):\n    assert candidate('abc') == 'f'\n    assert candidate('gfg') == 't'\n    assert candidate('ab') == 'c'\n\ndef test_check():\n    check(get_Char)\n\ntest_check()\n",
      "timestamp": 1665509670,
      "stdout": "",
      "stderr": "Traceback (most recent call last):\n  File \"/tmp/tmpiebn4z6f.py\", line 19, in <module>\n    test_check()\n  File \"/tmp/tmpiebn4z6f.py\", line 17, in test_check\n    check(get_Char)\n  File \"/tmp/tmpiebn4z6f.py\", line 12, in check\n    assert candidate('abc') == 'f'\nAssertionError\n",
      "exit_code": 1,
      "status": "Exception"
    },
    {
      "program": "def get_Char(strr: str) -> str:\n    \"\"\"\n\tWrite a python function to find the character made by adding the ASCII value of all the characters of the given string modulo 26.\n\t\"\"\"\n    sum = 0\n    for i in strr:\n        sum += ord(i)\n    return chr(sum % 26 + ord('a'))\n\n\ndef check(candidate):\n    assert candidate('abc') == 'f'\n    assert candidate('gfg') == 't'\n    assert candidate('ab') == 'c'\n\ndef test_check():\n    check(get_Char)\n\ntest_check()\n",
      "timestamp": 1665509670,
      "stdout": "",
      "stderr": "Traceback (most recent call last):\n  File \"/tmp/tmpfjpv3uxr.py\", line 19, in <module>\n    test_check()\n  File \"/tmp/tmpfjpv3uxr.py\", line 17, in test_check\n    check(get_Char)\n  File \"/tmp/tmpfjpv3uxr.py\", line 12, in check\n    assert candidate('abc') == 'f'\nAssertionError\n",
      "exit_code": 1,
      "status": "Exception"
    },
    {
      "program": "def get_Char(strr: str) -> str:\n    \"\"\"\n\tWrite a python function to find the character made by adding the ASCII value of all the characters of the given string modulo 26.\n\t\"\"\"\n    sum = 0\n    for i in strr:\n        sum += ord(i)\n    return chr(sum % 26 + ord('a'))\n\n\ndef check(candidate):\n    assert candidate('abc') == 'f'\n    assert candidate('gfg') == 't'\n    assert candidate('ab') == 'c'\n\ndef test_check():\n    check(get_Char)\n\ntest_check()\n",
      "timestamp": 1665509670,
      "stdout": "",
      "stderr": "Traceback (most recent call last):\n  File \"/tmp/tmpfjpv3uxr.py\", line 19, in <module>\n    test_check()\n  File \"/tmp/tmpfjpv3uxr.py\", line 17, in test_check\n    check(get_Char)\n  File \"/tmp/tmpfjpv3uxr.py\", line 12, in check\n    assert candidate('abc') == 'f'\nAssertionError\n",
      "exit_code": 1,
      "status": "Exception"
    },
    {
      "program": "def get_Char(strr: str) -> str:\n    \"\"\"\n\tWrite a python function to find the character made by adding the ASCII value of all the characters of the given string modulo 26.\n\t\"\"\"\n    sum = 0\n    for i in strr:\n        sum += ord(i)\n    return chr(sum % 26 + ord('a'))\n\ndef check(candidate):\n    assert candidate('abc') == 'f'\n    assert candidate('gfg') == 't'\n    assert candidate('ab') == 'c'\n\ndef test_check():\n    check(get_Char)\n\ntest_check()\n",
      "timestamp": 1666123889,
      "stdout": "",
      "stderr": "Traceback (most recent call last):\n  File \"/tmp/tmpiunhbpju.py\", line 18, in <module>\n    test_check()\n  File \"/tmp/tmpiunhbpju.py\", line 16, in test_check\n    check(get_Char)\n  File \"/tmp/tmpiunhbpju.py\", line 11, in check\n    assert candidate('abc') == 'f'\nAssertionError\n",
      "exit_code": 1,
      "status": "Exception"
    },
    {
      "program": "def get_Char(strr: str) -> str:\n    \"\"\"\n\tWrite a python function to find the character made by adding the ASCII value of all the characters of the given string modulo 26.\n\t\"\"\"\n    sum = 0\n    for i in strr:\n        sum += ord(i)\n    return chr(sum % 26 + ord('a'))\n\n\ndef check(candidate):\n    assert candidate('abc') == 'f'\n    assert candidate('gfg') == 't'\n    assert candidate('ab') == 'c'\n\ndef test_check():\n    check(get_Char)\n\ntest_check()\n",
      "timestamp": 1665509670,
      "stdout": "",
      "stderr": "Traceback (most recent call last):\n  File \"/tmp/tmpfjpv3uxr.py\", line 19, in <module>\n    test_check()\n  File \"/tmp/tmpfjpv3uxr.py\", line 17, in test_check\n    check(get_Char)\n  File \"/tmp/tmpfjpv3uxr.py\", line 12, in check\n    assert candidate('abc') == 'f'\nAssertionError\n",
      "exit_code": 1,
      "status": "Exception"
    },
    {
      "program": "def get_Char(strr: str) -> str:\n    \"\"\"\n\tWrite a python function to find the character made by adding the ASCII value of all the characters of the given string modulo 26.\n\t\"\"\"\n    sum = 0\n    for i in strr:\n        sum += ord(i)\n    return chr(sum % 26 + ord('a'))\n\n\ndef check(candidate):\n    assert candidate('abc') == 'f'\n    assert candidate('gfg') == 't'\n    assert candidate('ab') == 'c'\n\ndef test_check():\n    check(get_Char)\n\ntest_check()\n",
      "timestamp": 1665509670,
      "stdout": "",
      "stderr": "Traceback (most recent call last):\n  File \"/tmp/tmpfjpv3uxr.py\", line 19, in <module>\n    test_check()\n  File \"/tmp/tmpfjpv3uxr.py\", line 17, in test_check\n    check(get_Char)\n  File \"/tmp/tmpfjpv3uxr.py\", line 12, in check\n    assert candidate('abc') == 'f'\nAssertionError\n",
      "exit_code": 1,
      "status": "Exception"
    },
    {
      "program": "def get_Char(strr: str) -> str:\n    \"\"\"\n\tWrite a python function to find the character made by adding the ASCII value of all the characters of the given string modulo 26.\n\t\"\"\"\n    sum = 0\n    for i in strr:\n        sum += ord(i)\n    return chr(sum % 26 + ord('a'))\n\n\ndef check(candidate):\n    assert candidate('abc') == 'f'\n    assert candidate('gfg') == 't'\n    assert candidate('ab') == 'c'\n\ndef test_check():\n    check(get_Char)\n\ntest_check()\n",
      "timestamp": 1665509670,
      "stdout": "",
      "stderr": "Traceback (most recent call last):\n  File \"/tmp/tmpfjpv3uxr.py\", line 19, in <module>\n    test_check()\n  File \"/tmp/tmpfjpv3uxr.py\", line 17, in test_check\n    check(get_Char)\n  File \"/tmp/tmpfjpv3uxr.py\", line 12, in check\n    assert candidate('abc') == 'f'\nAssertionError\n",
      "exit_code": 1,
      "status": "Exception"
    },
    {
      "program": "def get_Char(strr: str) -> str:\n    \"\"\"\n\tWrite a python function to find the character made by adding the ASCII value of all the characters of the given string modulo 26.\n\t\"\"\"\n    sum = 0\n    for i in strr:\n        sum += ord(i)\n    return chr(sum % 26 + ord('a'))\n\n\ndef check(candidate):\n    assert candidate('abc') == 'f'\n    assert candidate('gfg') == 't'\n    assert candidate('ab') == 'c'\n\ndef test_check():\n    check(get_Char)\n\ntest_check()\n",
      "timestamp": 1665509670,
      "stdout": "",
      "stderr": "Traceback (most recent call last):\n  File \"/tmp/tmpfjpv3uxr.py\", line 19, in <module>\n    test_check()\n  File \"/tmp/tmpfjpv3uxr.py\", line 17, in test_check\n    check(get_Char)\n  File \"/tmp/tmpfjpv3uxr.py\", line 12, in check\n    assert candidate('abc') == 'f'\nAssertionError\n",
      "exit_code": 1,
      "status": "Exception"
    },
    {
      "program": "def get_Char(strr: str) -> str:\n    \"\"\"\n\tWrite a python function to find the character made by adding the ASCII value of all the characters of the given string modulo 26.\n\t\"\"\"\n    sum = 0\n    for i in strr:\n        sum += ord(i)\n    return chr(sum % 26 + ord('a'))\n\n\ndef check(candidate):\n    assert candidate('abc') == 'f'\n    assert candidate('gfg') == 't'\n    assert candidate('ab') == 'c'\n\ndef test_check():\n    check(get_Char)\n\ntest_check()\n",
      "timestamp": 1665509670,
      "stdout": "",
      "stderr": "Traceback (most recent call last):\n  File \"/tmp/tmpfjpv3uxr.py\", line 19, in <module>\n    test_check()\n  File \"/tmp/tmpfjpv3uxr.py\", line 17, in test_check\n    check(get_Char)\n  File \"/tmp/tmpfjpv3uxr.py\", line 12, in check\n    assert candidate('abc') == 'f'\nAssertionError\n",
      "exit_code": 1,
      "status": "Exception"
    },
    {
      "program": "def get_Char(strr: str) -> str:\n    \"\"\"\n\tWrite a python function to find the character made by adding the ASCII value of all the characters of the given string modulo 26.\n\t\"\"\"\n    sum = 0\n    for i in strr:\n        sum += ord(i)\n    return chr(sum % 26 + ord('a'))\n\n\ndef check(candidate):\n    assert candidate('abc') == 'f'\n    assert candidate('gfg') == 't'\n    assert candidate('ab') == 'c'\n\ndef test_check():\n    check(get_Char)\n\ntest_check()\n",
      "timestamp": 1665509670,
      "stdout": "",
      "stderr": "Traceback (most recent call last):\n  File \"/tmp/tmpfjpv3uxr.py\", line 19, in <module>\n    test_check()\n  File \"/tmp/tmpfjpv3uxr.py\", line 17, in test_check\n    check(get_Char)\n  File \"/tmp/tmpfjpv3uxr.py\", line 12, in check\n    assert candidate('abc') == 'f'\nAssertionError\n",
      "exit_code": 1,
      "status": "Exception"
    },
    {
      "program": "def get_Char(strr: str) -> str:\n    \"\"\"\n\tWrite a python function to find the character made by adding the ASCII value of all the characters of the given string modulo 26.\n\t\"\"\"\n    sum = 0\n    for i in strr:\n        sum += ord(i)\n    return chr(sum % 26 + ord('a'))\n\n\ndef check(candidate):\n    assert candidate('abc') == 'f'\n    assert candidate('gfg') == 't'\n    assert candidate('ab') == 'c'\n\ndef test_check():\n    check(get_Char)\n\ntest_check()\n",
      "timestamp": 1665509670,
      "stdout": "",
      "stderr": "Traceback (most recent call last):\n  File \"/tmp/tmpfjpv3uxr.py\", line 19, in <module>\n    test_check()\n  File \"/tmp/tmpfjpv3uxr.py\", line 17, in test_check\n    check(get_Char)\n  File \"/tmp/tmpfjpv3uxr.py\", line 12, in check\n    assert candidate('abc') == 'f'\nAssertionError\n",
      "exit_code": 1,
      "status": "Exception"
    },
    {
      "program": "def get_Char(strr: str) -> str:\n    \"\"\"\n\tWrite a python function to find the character made by adding the ASCII value of all the characters of the given string modulo 26.\n\t\"\"\"\n    sum = 0\n    for i in strr:\n        sum += ord(i)\n    return chr(sum % 26 + ord('a'))\n\n\ndef check(candidate):\n    assert candidate('abc') == 'f'\n    assert candidate('gfg') == 't'\n    assert candidate('ab') == 'c'\n\ndef test_check():\n    check(get_Char)\n\ntest_check()\n",
      "timestamp": 1665509670,
      "stdout": "",
      "stderr": "Traceback (most recent call last):\n  File \"/tmp/tmpfjpv3uxr.py\", line 19, in <module>\n    test_check()\n  File \"/tmp/tmpfjpv3uxr.py\", line 17, in test_check\n    check(get_Char)\n  File \"/tmp/tmpfjpv3uxr.py\", line 12, in check\n    assert candidate('abc') == 'f'\nAssertionError\n",
      "exit_code": 1,
      "status": "Exception"
    },
    {
      "program": "def get_Char(strr: str) -> str:\n    \"\"\"\n\tWrite a python function to find the character made by adding the ASCII value of all the characters of the given string modulo 26.\n\t\"\"\"\n    sum = 0\n    for i in strr:\n        sum += ord(i)\n    return chr(sum % 26 + 64)\n\n\ndef check(candidate):\n    assert candidate('abc') == 'f'\n    assert candidate('gfg') == 't'\n    assert candidate('ab') == 'c'\n\ndef test_check():\n    check(get_Char)\n\ntest_check()\n",
      "timestamp": 1666123889,
      "stdout": "",
      "stderr": "Traceback (most recent call last):\n  File \"/tmp/tmpcrfm1uzt.py\", line 19, in <module>\n    test_check()\n  File \"/tmp/tmpcrfm1uzt.py\", line 17, in test_check\n    check(get_Char)\n  File \"/tmp/tmpcrfm1uzt.py\", line 12, in check\n    assert candidate('abc') == 'f'\nAssertionError\n",
      "exit_code": 1,
      "status": "Exception"
    },
    {
      "program": "def get_Char(strr: str) -> str:\n    \"\"\"\n\tWrite a python function to find the character made by adding the ASCII value of all the characters of the given string modulo 26.\n\t\"\"\"\n    sum = 0\n    for i in strr:\n        sum += ord(i)\n    return chr(sum % 26 + 64)\n\n\ndef check(candidate):\n    assert candidate('abc') == 'f'\n    assert candidate('gfg') == 't'\n    assert candidate('ab') == 'c'\n\ndef test_check():\n    check(get_Char)\n\ntest_check()\n",
      "timestamp": 1666123889,
      "stdout": "",
      "stderr": "Traceback (most recent call last):\n  File \"/tmp/tmpcrfm1uzt.py\", line 19, in <module>\n    test_check()\n  File \"/tmp/tmpcrfm1uzt.py\", line 17, in test_check\n    check(get_Char)\n  File \"/tmp/tmpcrfm1uzt.py\", line 12, in check\n    assert candidate('abc') == 'f'\nAssertionError\n",
      "exit_code": 1,
      "status": "Exception"
    },
    {
      "program": "def get_Char(strr: str) -> str:\n    \"\"\"\n\tWrite a python function to find the character made by adding the ASCII value of all the characters of the given string modulo 26.\n\t\"\"\"\n    sum = 0\n    for i in strr:\n        sum += ord(i)\n    return chr(sum % 26 + ord('a'))\n\n\ndef check(candidate):\n    assert candidate('abc') == 'f'\n    assert candidate('gfg') == 't'\n    assert candidate('ab') == 'c'\n\ndef test_check():\n    check(get_Char)\n\ntest_check()\n",
      "timestamp": 1665509670,
      "stdout": "",
      "stderr": "Traceback (most recent call last):\n  File \"/tmp/tmpfjpv3uxr.py\", line 19, in <module>\n    test_check()\n  File \"/tmp/tmpfjpv3uxr.py\", line 17, in test_check\n    check(get_Char)\n  File \"/tmp/tmpfjpv3uxr.py\", line 12, in check\n    assert candidate('abc') == 'f'\nAssertionError\n",
      "exit_code": 1,
      "status": "Exception"
    },
    {
      "program": "def get_Char(strr: str) -> str:\n    \"\"\"\n\tWrite a python function to find the character made by adding the ASCII value of all the characters of the given string modulo 26.\n\t\"\"\"\n    sum = 0\n    for i in strr:\n        sum += ord(i)\n    return chr(sum % 26 + ord('a'))\n\n\ndef check(candidate):\n    assert candidate('abc') == 'f'\n    assert candidate('gfg') == 't'\n    assert candidate('ab') == 'c'\n\ndef test_check():\n    check(get_Char)\n\ntest_check()\n",
      "timestamp": 1665509670,
      "stdout": "",
      "stderr": "Traceback (most recent call last):\n  File \"/tmp/tmpfjpv3uxr.py\", line 19, in <module>\n    test_check()\n  File \"/tmp/tmpfjpv3uxr.py\", line 17, in test_check\n    check(get_Char)\n  File \"/tmp/tmpfjpv3uxr.py\", line 12, in check\n    assert candidate('abc') == 'f'\nAssertionError\n",
      "exit_code": 1,
      "status": "Exception"
    },
    {
      "program": "def get_Char(strr: str) -> str:\n    \"\"\"\n\tWrite a python function to find the character made by adding the ASCII value of all the characters of the given string modulo 26.\n\t\"\"\"\n    sum = 0\n    for i in strr:\n        sum += ord(i)\n    return chr(sum % 26 + ord('a'))\n\n\ndef check(candidate):\n    assert candidate('abc') == 'f'\n    assert candidate('gfg') == 't'\n    assert candidate('ab') == 'c'\n\ndef test_check():\n    check(get_Char)\n\ntest_check()\n",
      "timestamp": 1665509670,
      "stdout": "",
      "stderr": "Traceback (most recent call last):\n  File \"/tmp/tmpfjpv3uxr.py\", line 19, in <module>\n    test_check()\n  File \"/tmp/tmpfjpv3uxr.py\", line 17, in test_check\n    check(get_Char)\n  File \"/tmp/tmpfjpv3uxr.py\", line 12, in check\n    assert candidate('abc') == 'f'\nAssertionError\n",
      "exit_code": 1,
      "status": "Exception"
    },
    {
      "program": "def get_Char(strr: str) -> str:\n    \"\"\"\n\tWrite a python function to find the character made by adding the ASCII value of all the characters of the given string modulo 26.\n\t\"\"\"\n    sum = 0\n    for i in strr:\n        sum += ord(i)\n    return chr(sum % 26 + ord('a'))\n\n\ndef check(candidate):\n    assert candidate('abc') == 'f'\n    assert candidate('gfg') == 't'\n    assert candidate('ab') == 'c'\n\ndef test_check():\n    check(get_Char)\n\ntest_check()\n",
      "timestamp": 1665509670,
      "stdout": "",
      "stderr": "Traceback (most recent call last):\n  File \"/tmp/tmpfjpv3uxr.py\", line 19, in <module>\n    test_check()\n  File \"/tmp/tmpfjpv3uxr.py\", line 17, in test_check\n    check(get_Char)\n  File \"/tmp/tmpfjpv3uxr.py\", line 12, in check\n    assert candidate('abc') == 'f'\nAssertionError\n",
      "exit_code": 1,
      "status": "Exception"
    },
    {
      "program": "def get_Char(strr: str) -> str:\n    \"\"\"\n\tWrite a python function to find the character made by adding the ASCII value of all the characters of the given string modulo 26.\n\t\"\"\"\n    sum = 0\n    for i in strr:\n        sum += ord(i)\n    return chr(sum % 26 + ord('a'))\n\n\ndef check(candidate):\n    assert candidate('abc') == 'f'\n    assert candidate('gfg') == 't'\n    assert candidate('ab') == 'c'\n\ndef test_check():\n    check(get_Char)\n\ntest_check()\n",
      "timestamp": 1665509670,
      "stdout": "",
      "stderr": "Traceback (most recent call last):\n  File \"/tmp/tmpfjpv3uxr.py\", line 19, in <module>\n    test_check()\n  File \"/tmp/tmpfjpv3uxr.py\", line 17, in test_check\n    check(get_Char)\n  File \"/tmp/tmpfjpv3uxr.py\", line 12, in check\n    assert candidate('abc') == 'f'\nAssertionError\n",
      "exit_code": 1,
      "status": "Exception"
    },
    {
      "program": "def get_Char(strr: str) -> str:\n    \"\"\"\n\tWrite a python function to find the character made by adding the ASCII value of all the characters of the given string modulo 26.\n\t\"\"\"\n    sum = 0\n    for i in strr:\n        sum += ord(i)\n    return chr(sum % 26 + ord('a'))\n\n\ndef check(candidate):\n    assert candidate('abc') == 'f'\n    assert candidate('gfg') == 't'\n    assert candidate('ab') == 'c'\n\ndef test_check():\n    check(get_Char)\n\ntest_check()\n",
      "timestamp": 1665509670,
      "stdout": "",
      "stderr": "Traceback (most recent call last):\n  File \"/tmp/tmpfjpv3uxr.py\", line 19, in <module>\n    test_check()\n  File \"/tmp/tmpfjpv3uxr.py\", line 17, in test_check\n    check(get_Char)\n  File \"/tmp/tmpfjpv3uxr.py\", line 12, in check\n    assert candidate('abc') == 'f'\nAssertionError\n",
      "exit_code": 1,
      "status": "Exception"
    },
    {
      "program": "def get_Char(strr: str) -> str:\n    \"\"\"\n\tWrite a python function to find the character made by adding the ASCII value of all the characters of the given string modulo 26.\n\t\"\"\"\n    sum = 0\n    for i in strr:\n        sum += ord(i)\n    return chr(sum % 26 + ord('a'))\n\n\ndef check(candidate):\n    assert candidate('abc') == 'f'\n    assert candidate('gfg') == 't'\n    assert candidate('ab') == 'c'\n\ndef test_check():\n    check(get_Char)\n\ntest_check()\n",
      "timestamp": 1665509670,
      "stdout": "",
      "stderr": "Traceback (most recent call last):\n  File \"/tmp/tmpfjpv3uxr.py\", line 19, in <module>\n    test_check()\n  File \"/tmp/tmpfjpv3uxr.py\", line 17, in test_check\n    check(get_Char)\n  File \"/tmp/tmpfjpv3uxr.py\", line 12, in check\n    assert candidate('abc') == 'f'\nAssertionError\n",
      "exit_code": 1,
      "status": "Exception"
    },
    {
      "program": "def get_Char(strr: str) -> str:\n    \"\"\"\n\tWrite a python function to find the character made by adding the ASCII value of all the characters of the given string modulo 26.\n\t\"\"\"\n    sum = 0\n    for i in strr:\n        sum += ord(i)\n    return chr(sum % 26 + ord('a'))\n\n\ndef check(candidate):\n    assert candidate('abc') == 'f'\n    assert candidate('gfg') == 't'\n    assert candidate('ab') == 'c'\n\ndef test_check():\n    check(get_Char)\n\ntest_check()\n",
      "timestamp": 1665509670,
      "stdout": "",
      "stderr": "Traceback (most recent call last):\n  File \"/tmp/tmpfjpv3uxr.py\", line 19, in <module>\n    test_check()\n  File \"/tmp/tmpfjpv3uxr.py\", line 17, in test_check\n    check(get_Char)\n  File \"/tmp/tmpfjpv3uxr.py\", line 12, in check\n    assert candidate('abc') == 'f'\nAssertionError\n",
      "exit_code": 1,
      "status": "Exception"
    },
    {
      "program": "def get_Char(strr: str) -> str:\n    \"\"\"\n\tWrite a python function to find the character made by adding the ASCII value of all the characters of the given string modulo 26.\n\t\"\"\"\n    sum = 0\n    for i in strr:\n        sum += ord(i)\n    return chr(sum % 26 + 96)\n\n\ndef check(candidate):\n    assert candidate('abc') == 'f'\n    assert candidate('gfg') == 't'\n    assert candidate('ab') == 'c'\n\ndef test_check():\n    check(get_Char)\n\ntest_check()\n",
      "timestamp": 1666123889,
      "stdout": "",
      "stderr": "Traceback (most recent call last):\n  File \"/tmp/tmp6omc41ci.py\", line 19, in <module>\n    test_check()\n  File \"/tmp/tmp6omc41ci.py\", line 17, in test_check\n    check(get_Char)\n  File \"/tmp/tmp6omc41ci.py\", line 12, in check\n    assert candidate('abc') == 'f'\nAssertionError\n",
      "exit_code": 1,
      "status": "Exception"
    },
    {
      "program": "def get_Char(strr: str) -> str:\n    \"\"\"\n\tWrite a python function to find the character made by adding the ASCII value of all the characters of the given string modulo 26.\n\t\"\"\"\n    sum = 0\n    for i in strr:\n        sum += ord(i)\n    return chr(sum % 26 + ord('a'))\n\n\ndef check(candidate):\n    assert candidate('abc') == 'f'\n    assert candidate('gfg') == 't'\n    assert candidate('ab') == 'c'\n\ndef test_check():\n    check(get_Char)\n\ntest_check()\n",
      "timestamp": 1665509670,
      "stdout": "",
      "stderr": "Traceback (most recent call last):\n  File \"/tmp/tmpfjpv3uxr.py\", line 19, in <module>\n    test_check()\n  File \"/tmp/tmpfjpv3uxr.py\", line 17, in test_check\n    check(get_Char)\n  File \"/tmp/tmpfjpv3uxr.py\", line 12, in check\n    assert candidate('abc') == 'f'\nAssertionError\n",
      "exit_code": 1,
      "status": "Exception"
    },
    {
      "program": "def get_Char(strr: str) -> str:\n    \"\"\"\n\tWrite a python function to find the character made by adding the ASCII value of all the characters of the given string modulo 26.\n\t\"\"\"\n    sum = 0\n    for i in strr:\n        sum += ord(i)\n    return chr(sum % 26 + ord('a'))\n\n\ndef check(candidate):\n    assert candidate('abc') == 'f'\n    assert candidate('gfg') == 't'\n    assert candidate('ab') == 'c'\n\ndef test_check():\n    check(get_Char)\n\ntest_check()\n",
      "timestamp": 1665509670,
      "stdout": "",
      "stderr": "Traceback (most recent call last):\n  File \"/tmp/tmpfjpv3uxr.py\", line 19, in <module>\n    test_check()\n  File \"/tmp/tmpfjpv3uxr.py\", line 17, in test_check\n    check(get_Char)\n  File \"/tmp/tmpfjpv3uxr.py\", line 12, in check\n    assert candidate('abc') == 'f'\nAssertionError\n",
      "exit_code": 1,
      "status": "Exception"
    },
    {
      "program": "def get_Char(strr: str) -> str:\n    \"\"\"\n\tWrite a python function to find the character made by adding the ASCII value of all the characters of the given string modulo 26.\n\t\"\"\"\n    sum = 0\n    for i in strr:\n        sum += ord(i)\n    return chr(sum % 26 + ord('a'))\n\n\ndef check(candidate):\n    assert candidate('abc') == 'f'\n    assert candidate('gfg') == 't'\n    assert candidate('ab') == 'c'\n\ndef test_check():\n    check(get_Char)\n\ntest_check()\n",
      "timestamp": 1665509670,
      "stdout": "",
      "stderr": "Traceback (most recent call last):\n  File \"/tmp/tmpfjpv3uxr.py\", line 19, in <module>\n    test_check()\n  File \"/tmp/tmpfjpv3uxr.py\", line 17, in test_check\n    check(get_Char)\n  File \"/tmp/tmpfjpv3uxr.py\", line 12, in check\n    assert candidate('abc') == 'f'\nAssertionError\n",
      "exit_code": 1,
      "status": "Exception"
    },
    {
      "program": "def get_Char(strr: str) -> str:\n    \"\"\"\n\tWrite a python function to find the character made by adding the ASCII value of all the characters of the given string modulo 26.\n\t\"\"\"\n    sum = 0\n    for i in strr:\n        sum += ord(i)\n    return chr(sum % 26 + ord('a'))\n\n\ndef check(candidate):\n    assert candidate('abc') == 'f'\n    assert candidate('gfg') == 't'\n    assert candidate('ab') == 'c'\n\ndef test_check():\n    check(get_Char)\n\ntest_check()\n",
      "timestamp": 1665509670,
      "stdout": "",
      "stderr": "Traceback (most recent call last):\n  File \"/tmp/tmpfjpv3uxr.py\", line 19, in <module>\n    test_check()\n  File \"/tmp/tmpfjpv3uxr.py\", line 17, in test_check\n    check(get_Char)\n  File \"/tmp/tmpfjpv3uxr.py\", line 12, in check\n    assert candidate('abc') == 'f'\nAssertionError\n",
      "exit_code": 1,
      "status": "Exception"
    },
    {
      "program": "def get_Char(strr: str) -> str:\n    \"\"\"\n\tWrite a python function to find the character made by adding the ASCII value of all the characters of the given string modulo 26.\n\t\"\"\"\n    sum_of_ascii = 0\n    for i in strr:\n        sum_of_ascii += ord(i)\n    return chr(sum_of_ascii % 26 + ord('a'))\n\n\ndef check(candidate):\n    assert candidate('abc') == 'f'\n    assert candidate('gfg') == 't'\n    assert candidate('ab') == 'c'\n\ndef test_check():\n    check(get_Char)\n\ntest_check()\n",
      "timestamp": 1666123889,
      "stdout": "",
      "stderr": "Traceback (most recent call last):\n  File \"/tmp/tmp8d0e7ekc.py\", line 19, in <module>\n    test_check()\n  File \"/tmp/tmp8d0e7ekc.py\", line 17, in test_check\n    check(get_Char)\n  File \"/tmp/tmp8d0e7ekc.py\", line 12, in check\n    assert candidate('abc') == 'f'\nAssertionError\n",
      "exit_code": 1,
      "status": "Exception"
    },
    {
      "program": "def get_Char(strr: str) -> str:\n    \"\"\"\n\tWrite a python function to find the character made by adding the ASCII value of all the characters of the given string modulo 26.\n\t\"\"\"\n    sum_ = 0\n    for i in strr:\n        sum_ += ord(i)\n    return chr(sum_ % 26 + ord('a'))\n\n\ndef check(candidate):\n    assert candidate('abc') == 'f'\n    assert candidate('gfg') == 't'\n    assert candidate('ab') == 'c'\n\ndef test_check():\n    check(get_Char)\n\ntest_check()\n",
      "timestamp": 1665509670,
      "stdout": "",
      "stderr": "Traceback (most recent call last):\n  File \"/tmp/tmpiebn4z6f.py\", line 19, in <module>\n    test_check()\n  File \"/tmp/tmpiebn4z6f.py\", line 17, in test_check\n    check(get_Char)\n  File \"/tmp/tmpiebn4z6f.py\", line 12, in check\n    assert candidate('abc') == 'f'\nAssertionError\n",
      "exit_code": 1,
      "status": "Exception"
    },
    {
      "program": "def get_Char(strr: str) -> str:\n    \"\"\"\n\tWrite a python function to find the character made by adding the ASCII value of all the characters of the given string modulo 26.\n\t\"\"\"\n    sum = 0\n    for i in strr:\n        sum += ord(i)\n    return chr(sum % 26 + 64)\n\n\ndef check(candidate):\n    assert candidate('abc') == 'f'\n    assert candidate('gfg') == 't'\n    assert candidate('ab') == 'c'\n\ndef test_check():\n    check(get_Char)\n\ntest_check()\n",
      "timestamp": 1666123889,
      "stdout": "",
      "stderr": "Traceback (most recent call last):\n  File \"/tmp/tmpcrfm1uzt.py\", line 19, in <module>\n    test_check()\n  File \"/tmp/tmpcrfm1uzt.py\", line 17, in test_check\n    check(get_Char)\n  File \"/tmp/tmpcrfm1uzt.py\", line 12, in check\n    assert candidate('abc') == 'f'\nAssertionError\n",
      "exit_code": 1,
      "status": "Exception"
    },
    {
      "program": "def get_Char(strr: str) -> str:\n    \"\"\"\n\tWrite a python function to find the character made by adding the ASCII value of all the characters of the given string modulo 26.\n\t\"\"\"\n    sum = 0\n    for i in strr:\n        sum += ord(i)\n    return chr(sum % 26 + ord('a'))\n\n\ndef check(candidate):\n    assert candidate('abc') == 'f'\n    assert candidate('gfg') == 't'\n    assert candidate('ab') == 'c'\n\ndef test_check():\n    check(get_Char)\n\ntest_check()\n",
      "timestamp": 1665509670,
      "stdout": "",
      "stderr": "Traceback (most recent call last):\n  File \"/tmp/tmpfjpv3uxr.py\", line 19, in <module>\n    test_check()\n  File \"/tmp/tmpfjpv3uxr.py\", line 17, in test_check\n    check(get_Char)\n  File \"/tmp/tmpfjpv3uxr.py\", line 12, in check\n    assert candidate('abc') == 'f'\nAssertionError\n",
      "exit_code": 1,
      "status": "Exception"
    },
    {
      "program": "def get_Char(strr: str) -> str:\n    \"\"\"\n\tWrite a python function to find the character made by adding the ASCII value of all the characters of the given string modulo 26.\n\t\"\"\"\n    sum_ = 0\n    for i in strr:\n        sum_ += ord(i)\n    return chr(sum_ % 26 + ord('a'))\n\n\ndef check(candidate):\n    assert candidate('abc') == 'f'\n    assert candidate('gfg') == 't'\n    assert candidate('ab') == 'c'\n\ndef test_check():\n    check(get_Char)\n\ntest_check()\n",
      "timestamp": 1665509670,
      "stdout": "",
      "stderr": "Traceback (most recent call last):\n  File \"/tmp/tmpiebn4z6f.py\", line 19, in <module>\n    test_check()\n  File \"/tmp/tmpiebn4z6f.py\", line 17, in test_check\n    check(get_Char)\n  File \"/tmp/tmpiebn4z6f.py\", line 12, in check\n    assert candidate('abc') == 'f'\nAssertionError\n",
      "exit_code": 1,
      "status": "Exception"
    },
    {
      "program": "def get_Char(strr: str) -> str:\n    \"\"\"\n\tWrite a python function to find the character made by adding the ASCII value of all the characters of the given string modulo 26.\n\t\"\"\"\n    sum = 0\n    for i in strr:\n        sum += ord(i)\n    return chr(sum % 26 + ord('a'))\n\n\ndef check(candidate):\n    assert candidate('abc') == 'f'\n    assert candidate('gfg') == 't'\n    assert candidate('ab') == 'c'\n\ndef test_check():\n    check(get_Char)\n\ntest_check()\n",
      "timestamp": 1665509670,
      "stdout": "",
      "stderr": "Traceback (most recent call last):\n  File \"/tmp/tmpfjpv3uxr.py\", line 19, in <module>\n    test_check()\n  File \"/tmp/tmpfjpv3uxr.py\", line 17, in test_check\n    check(get_Char)\n  File \"/tmp/tmpfjpv3uxr.py\", line 12, in check\n    assert candidate('abc') == 'f'\nAssertionError\n",
      "exit_code": 1,
      "status": "Exception"
    },
    {
      "program": "def get_Char(strr: str) -> str:\n    \"\"\"\n\tWrite a python function to find the character made by adding the ASCII value of all the characters of the given string modulo 26.\n\t\"\"\"\n    sum = 0\n    for i in strr:\n        sum += ord(i)\n    return chr(sum % 26 + ord('a'))\n\n\ndef check(candidate):\n    assert candidate('abc') == 'f'\n    assert candidate('gfg') == 't'\n    assert candidate('ab') == 'c'\n\ndef test_check():\n    check(get_Char)\n\ntest_check()\n",
      "timestamp": 1665509670,
      "stdout": "",
      "stderr": "Traceback (most recent call last):\n  File \"/tmp/tmpfjpv3uxr.py\", line 19, in <module>\n    test_check()\n  File \"/tmp/tmpfjpv3uxr.py\", line 17, in test_check\n    check(get_Char)\n  File \"/tmp/tmpfjpv3uxr.py\", line 12, in check\n    assert candidate('abc') == 'f'\nAssertionError\n",
      "exit_code": 1,
      "status": "Exception"
    },
    {
      "program": "def get_Char(strr: str) -> str:\n    \"\"\"\n\tWrite a python function to find the character made by adding the ASCII value of all the characters of the given string modulo 26.\n\t\"\"\"\n    sum_ = 0\n    for i in strr:\n        sum_ += ord(i)\n    return chr(sum_ % 26 + ord('a'))\n\n\ndef check(candidate):\n    assert candidate('abc') == 'f'\n    assert candidate('gfg') == 't'\n    assert candidate('ab') == 'c'\n\ndef test_check():\n    check(get_Char)\n\ntest_check()\n",
      "timestamp": 1665509670,
      "stdout": "",
      "stderr": "Traceback (most recent call last):\n  File \"/tmp/tmpiebn4z6f.py\", line 19, in <module>\n    test_check()\n  File \"/tmp/tmpiebn4z6f.py\", line 17, in test_check\n    check(get_Char)\n  File \"/tmp/tmpiebn4z6f.py\", line 12, in check\n    assert candidate('abc') == 'f'\nAssertionError\n",
      "exit_code": 1,
      "status": "Exception"
    },
    {
      "program": "def get_Char(strr: str) -> str:\n    \"\"\"\n\tWrite a python function to find the character made by adding the ASCII value of all the characters of the given string modulo 26.\n\t\"\"\"\n    sum = 0\n    for i in strr:\n        sum += ord(i)\n    return chr(sum % 26 + ord('a'))\n\n\ndef check(candidate):\n    assert candidate('abc') == 'f'\n    assert candidate('gfg') == 't'\n    assert candidate('ab') == 'c'\n\ndef test_check():\n    check(get_Char)\n\ntest_check()\n",
      "timestamp": 1665509670,
      "stdout": "",
      "stderr": "Traceback (most recent call last):\n  File \"/tmp/tmpfjpv3uxr.py\", line 19, in <module>\n    test_check()\n  File \"/tmp/tmpfjpv3uxr.py\", line 17, in test_check\n    check(get_Char)\n  File \"/tmp/tmpfjpv3uxr.py\", line 12, in check\n    assert candidate('abc') == 'f'\nAssertionError\n",
      "exit_code": 1,
      "status": "Exception"
    },
    {
      "program": "def get_Char(strr: str) -> str:\n    \"\"\"\n\tWrite a python function to find the character made by adding the ASCII value of all the characters of the given string modulo 26.\n\t\"\"\"\n    sum = 0\n    for i in strr:\n        sum += ord(i)\n    return chr(sum % 26 + ord('a'))\n\n\ndef check(candidate):\n    assert candidate('abc') == 'f'\n    assert candidate('gfg') == 't'\n    assert candidate('ab') == 'c'\n\ndef test_check():\n    check(get_Char)\n\ntest_check()\n",
      "timestamp": 1665509670,
      "stdout": "",
      "stderr": "Traceback (most recent call last):\n  File \"/tmp/tmpfjpv3uxr.py\", line 19, in <module>\n    test_check()\n  File \"/tmp/tmpfjpv3uxr.py\", line 17, in test_check\n    check(get_Char)\n  File \"/tmp/tmpfjpv3uxr.py\", line 12, in check\n    assert candidate('abc') == 'f'\nAssertionError\n",
      "exit_code": 1,
      "status": "Exception"
    },
    {
      "program": "def get_Char(strr: str) -> str:\n    \"\"\"\n\tWrite a python function to find the character made by adding the ASCII value of all the characters of the given string modulo 26.\n\t\"\"\"\n    sum = 0\n    for i in strr:\n        sum += ord(i)\n    return chr(sum % 26 + ord('a'))\n\n\ndef check(candidate):\n    assert candidate('abc') == 'f'\n    assert candidate('gfg') == 't'\n    assert candidate('ab') == 'c'\n\ndef test_check():\n    check(get_Char)\n\ntest_check()\n",
      "timestamp": 1665509670,
      "stdout": "",
      "stderr": "Traceback (most recent call last):\n  File \"/tmp/tmpfjpv3uxr.py\", line 19, in <module>\n    test_check()\n  File \"/tmp/tmpfjpv3uxr.py\", line 17, in test_check\n    check(get_Char)\n  File \"/tmp/tmpfjpv3uxr.py\", line 12, in check\n    assert candidate('abc') == 'f'\nAssertionError\n",
      "exit_code": 1,
      "status": "Exception"
    },
    {
      "program": "def get_Char(strr: str) -> str:\n    \"\"\"\n\tWrite a python function to find the character made by adding the ASCII value of all the characters of the given string modulo 26.\n\t\"\"\"\n    sum = 0\n    for i in strr:\n        sum += ord(i)\n    return chr(sum % 26 + ord('a'))\n\n\ndef check(candidate):\n    assert candidate('abc') == 'f'\n    assert candidate('gfg') == 't'\n    assert candidate('ab') == 'c'\n\ndef test_check():\n    check(get_Char)\n\ntest_check()\n",
      "timestamp": 1665509670,
      "stdout": "",
      "stderr": "Traceback (most recent call last):\n  File \"/tmp/tmpfjpv3uxr.py\", line 19, in <module>\n    test_check()\n  File \"/tmp/tmpfjpv3uxr.py\", line 17, in test_check\n    check(get_Char)\n  File \"/tmp/tmpfjpv3uxr.py\", line 12, in check\n    assert candidate('abc') == 'f'\nAssertionError\n",
      "exit_code": 1,
      "status": "Exception"
    },
    {
      "program": "def get_Char(strr: str) -> str:\n    \"\"\"\n\tWrite a python function to find the character made by adding the ASCII value of all the characters of the given string modulo 26.\n\t\"\"\"\n    sum = 0\n    for i in strr:\n        sum += ord(i)\n    return chr(sum % 26 + ord('a'))\n\n\ndef check(candidate):\n    assert candidate('abc') == 'f'\n    assert candidate('gfg') == 't'\n    assert candidate('ab') == 'c'\n\ndef test_check():\n    check(get_Char)\n\ntest_check()\n",
      "timestamp": 1665509670,
      "stdout": "",
      "stderr": "Traceback (most recent call last):\n  File \"/tmp/tmpfjpv3uxr.py\", line 19, in <module>\n    test_check()\n  File \"/tmp/tmpfjpv3uxr.py\", line 17, in test_check\n    check(get_Char)\n  File \"/tmp/tmpfjpv3uxr.py\", line 12, in check\n    assert candidate('abc') == 'f'\nAssertionError\n",
      "exit_code": 1,
      "status": "Exception"
    },
    {
      "program": "def get_Char(strr: str) -> str:\n    \"\"\"\n\tWrite a python function to find the character made by adding the ASCII value of all the characters of the given string modulo 26.\n\t\"\"\"\n    sum = 0\n    for i in strr:\n        sum += ord(i)\n    return chr(sum % 26 + ord('a'))\n\n\ndef check(candidate):\n    assert candidate('abc') == 'f'\n    assert candidate('gfg') == 't'\n    assert candidate('ab') == 'c'\n\ndef test_check():\n    check(get_Char)\n\ntest_check()\n",
      "timestamp": 1665509670,
      "stdout": "",
      "stderr": "Traceback (most recent call last):\n  File \"/tmp/tmpfjpv3uxr.py\", line 19, in <module>\n    test_check()\n  File \"/tmp/tmpfjpv3uxr.py\", line 17, in test_check\n    check(get_Char)\n  File \"/tmp/tmpfjpv3uxr.py\", line 12, in check\n    assert candidate('abc') == 'f'\nAssertionError\n",
      "exit_code": 1,
      "status": "Exception"
    },
    {
      "program": "def get_Char(strr: str) -> str:\n    \"\"\"\n\tWrite a python function to find the character made by adding the ASCII value of all the characters of the given string modulo 26.\n\t\"\"\"\n    sum = 0\n    for i in strr:\n        sum += ord(i)\n    return chr(sum % 26 + ord('a'))\n\n\ndef check(candidate):\n    assert candidate('abc') == 'f'\n    assert candidate('gfg') == 't'\n    assert candidate('ab') == 'c'\n\ndef test_check():\n    check(get_Char)\n\ntest_check()\n",
      "timestamp": 1665509670,
      "stdout": "",
      "stderr": "Traceback (most recent call last):\n  File \"/tmp/tmpfjpv3uxr.py\", line 19, in <module>\n    test_check()\n  File \"/tmp/tmpfjpv3uxr.py\", line 17, in test_check\n    check(get_Char)\n  File \"/tmp/tmpfjpv3uxr.py\", line 12, in check\n    assert candidate('abc') == 'f'\nAssertionError\n",
      "exit_code": 1,
      "status": "Exception"
    },
    {
      "program": "def get_Char(strr: str) -> str:\n    \"\"\"\n\tWrite a python function to find the character made by adding the ASCII value of all the characters of the given string modulo 26.\n\t\"\"\"\n    sum = 0\n    for i in strr:\n        sum += ord(i)\n    return chr(sum % 26 + ord('a'))\n\n\ndef check(candidate):\n    assert candidate('abc') == 'f'\n    assert candidate('gfg') == 't'\n    assert candidate('ab') == 'c'\n\ndef test_check():\n    check(get_Char)\n\ntest_check()\n",
      "timestamp": 1665509670,
      "stdout": "",
      "stderr": "Traceback (most recent call last):\n  File \"/tmp/tmpfjpv3uxr.py\", line 19, in <module>\n    test_check()\n  File \"/tmp/tmpfjpv3uxr.py\", line 17, in test_check\n    check(get_Char)\n  File \"/tmp/tmpfjpv3uxr.py\", line 12, in check\n    assert candidate('abc') == 'f'\nAssertionError\n",
      "exit_code": 1,
      "status": "Exception"
    },
    {
      "program": "def get_Char(strr: str) -> str:\n    \"\"\"\n\tWrite a python function to find the character made by adding the ASCII value of all the characters of the given string modulo 26.\n\t\"\"\"\n    sum = 0\n    for i in strr:\n        sum += ord(i)\n    return chr(sum % 26 + ord('a'))\n\n\ndef check(candidate):\n    assert candidate('abc') == 'f'\n    assert candidate('gfg') == 't'\n    assert candidate('ab') == 'c'\n\ndef test_check():\n    check(get_Char)\n\ntest_check()\n",
      "timestamp": 1665509670,
      "stdout": "",
      "stderr": "Traceback (most recent call last):\n  File \"/tmp/tmpfjpv3uxr.py\", line 19, in <module>\n    test_check()\n  File \"/tmp/tmpfjpv3uxr.py\", line 17, in test_check\n    check(get_Char)\n  File \"/tmp/tmpfjpv3uxr.py\", line 12, in check\n    assert candidate('abc') == 'f'\nAssertionError\n",
      "exit_code": 1,
      "status": "Exception"
    },
    {
      "program": "def get_Char(strr: str) -> str:\n    \"\"\"\n\tWrite a python function to find the character made by adding the ASCII value of all the characters of the given string modulo 26.\n\t\"\"\"\n    sum = 0\n    for i in strr:\n        sum += ord(i)\n    return chr(sum % 26 + 64)\n\n\ndef check(candidate):\n    assert candidate('abc') == 'f'\n    assert candidate('gfg') == 't'\n    assert candidate('ab') == 'c'\n\ndef test_check():\n    check(get_Char)\n\ntest_check()\n",
      "timestamp": 1666123889,
      "stdout": "",
      "stderr": "Traceback (most recent call last):\n  File \"/tmp/tmpcrfm1uzt.py\", line 19, in <module>\n    test_check()\n  File \"/tmp/tmpcrfm1uzt.py\", line 17, in test_check\n    check(get_Char)\n  File \"/tmp/tmpcrfm1uzt.py\", line 12, in check\n    assert candidate('abc') == 'f'\nAssertionError\n",
      "exit_code": 1,
      "status": "Exception"
    },
    {
      "program": "def get_Char(strr: str) -> str:\n    \"\"\"\n\tWrite a python function to find the character made by adding the ASCII value of all the characters of the given string modulo 26.\n\t\"\"\"\n    sum = 0\n    for i in strr:\n        sum += ord(i)\n    return chr(sum % 26 + ord('a'))\n\n\ndef check(candidate):\n    assert candidate('abc') == 'f'\n    assert candidate('gfg') == 't'\n    assert candidate('ab') == 'c'\n\ndef test_check():\n    check(get_Char)\n\ntest_check()\n",
      "timestamp": 1665509670,
      "stdout": "",
      "stderr": "Traceback (most recent call last):\n  File \"/tmp/tmpfjpv3uxr.py\", line 19, in <module>\n    test_check()\n  File \"/tmp/tmpfjpv3uxr.py\", line 17, in test_check\n    check(get_Char)\n  File \"/tmp/tmpfjpv3uxr.py\", line 12, in check\n    assert candidate('abc') == 'f'\nAssertionError\n",
      "exit_code": 1,
      "status": "Exception"
    },
    {
      "program": "def get_Char(strr: str) -> str:\n    \"\"\"\n\tWrite a python function to find the character made by adding the ASCII value of all the characters of the given string modulo 26.\n\t\"\"\"\n    sum = 0\n    for i in strr:\n        sum += ord(i)\n    return chr(sum % 26 + ord('a'))\n\n\ndef check(candidate):\n    assert candidate('abc') == 'f'\n    assert candidate('gfg') == 't'\n    assert candidate('ab') == 'c'\n\ndef test_check():\n    check(get_Char)\n\ntest_check()\n",
      "timestamp": 1665509670,
      "stdout": "",
      "stderr": "Traceback (most recent call last):\n  File \"/tmp/tmpfjpv3uxr.py\", line 19, in <module>\n    test_check()\n  File \"/tmp/tmpfjpv3uxr.py\", line 17, in test_check\n    check(get_Char)\n  File \"/tmp/tmpfjpv3uxr.py\", line 12, in check\n    assert candidate('abc') == 'f'\nAssertionError\n",
      "exit_code": 1,
      "status": "Exception"
    },
    {
      "program": "def get_Char(strr: str) -> str:\n    \"\"\"\n\tWrite a python function to find the character made by adding the ASCII value of all the characters of the given string modulo 26.\n\t\"\"\"\n    sum = 0\n    for i in strr:\n        sum += ord(i)\n    return chr(sum % 26 + ord('a'))\n\n\ndef check(candidate):\n    assert candidate('abc') == 'f'\n    assert candidate('gfg') == 't'\n    assert candidate('ab') == 'c'\n\ndef test_check():\n    check(get_Char)\n\ntest_check()\n",
      "timestamp": 1665509670,
      "stdout": "",
      "stderr": "Traceback (most recent call last):\n  File \"/tmp/tmpfjpv3uxr.py\", line 19, in <module>\n    test_check()\n  File \"/tmp/tmpfjpv3uxr.py\", line 17, in test_check\n    check(get_Char)\n  File \"/tmp/tmpfjpv3uxr.py\", line 12, in check\n    assert candidate('abc') == 'f'\nAssertionError\n",
      "exit_code": 1,
      "status": "Exception"
    },
    {
      "program": "def get_Char(strr: str) -> str:\n    \"\"\"\n\tWrite a python function to find the character made by adding the ASCII value of all the characters of the given string modulo 26.\n\t\"\"\"\n    sum = 0\n    for i in strr:\n        sum += ord(i)\n    return chr(sum % 26 + ord('a'))\n\n\ndef check(candidate):\n    assert candidate('abc') == 'f'\n    assert candidate('gfg') == 't'\n    assert candidate('ab') == 'c'\n\ndef test_check():\n    check(get_Char)\n\ntest_check()\n",
      "timestamp": 1665509670,
      "stdout": "",
      "stderr": "Traceback (most recent call last):\n  File \"/tmp/tmpfjpv3uxr.py\", line 19, in <module>\n    test_check()\n  File \"/tmp/tmpfjpv3uxr.py\", line 17, in test_check\n    check(get_Char)\n  File \"/tmp/tmpfjpv3uxr.py\", line 12, in check\n    assert candidate('abc') == 'f'\nAssertionError\n",
      "exit_code": 1,
      "status": "Exception"
    },
    {
      "program": "def get_Char(strr: str) -> str:\n    \"\"\"\n\tWrite a python function to find the character made by adding the ASCII value of all the characters of the given string modulo 26.\n\t\"\"\"\n    sum = 0\n    for i in strr:\n        sum += ord(i)\n    return chr(sum % 26 + ord('a'))\n\n\ndef check(candidate):\n    assert candidate('abc') == 'f'\n    assert candidate('gfg') == 't'\n    assert candidate('ab') == 'c'\n\ndef test_check():\n    check(get_Char)\n\ntest_check()\n",
      "timestamp": 1665509670,
      "stdout": "",
      "stderr": "Traceback (most recent call last):\n  File \"/tmp/tmpfjpv3uxr.py\", line 19, in <module>\n    test_check()\n  File \"/tmp/tmpfjpv3uxr.py\", line 17, in test_check\n    check(get_Char)\n  File \"/tmp/tmpfjpv3uxr.py\", line 12, in check\n    assert candidate('abc') == 'f'\nAssertionError\n",
      "exit_code": 1,
      "status": "Exception"
    },
    {
      "program": "def get_Char(strr: str) -> str:\n    \"\"\"\n\tWrite a python function to find the character made by adding the ASCII value of all the characters of the given string modulo 26.\n\t\"\"\"\n    sum = 0\n    for i in strr:\n        sum += ord(i)\n    return chr(sum % 26 + ord('a'))\n\n\ndef check(candidate):\n    assert candidate('abc') == 'f'\n    assert candidate('gfg') == 't'\n    assert candidate('ab') == 'c'\n\ndef test_check():\n    check(get_Char)\n\ntest_check()\n",
      "timestamp": 1665509670,
      "stdout": "",
      "stderr": "Traceback (most recent call last):\n  File \"/tmp/tmpfjpv3uxr.py\", line 19, in <module>\n    test_check()\n  File \"/tmp/tmpfjpv3uxr.py\", line 17, in test_check\n    check(get_Char)\n  File \"/tmp/tmpfjpv3uxr.py\", line 12, in check\n    assert candidate('abc') == 'f'\nAssertionError\n",
      "exit_code": 1,
      "status": "Exception"
    },
    {
      "program": "def get_Char(strr: str) -> str:\n    \"\"\"\n\tWrite a python function to find the character made by adding the ASCII value of all the characters of the given string modulo 26.\n\t\"\"\"\n    sum = 0\n    for i in strr:\n        sum += ord(i)\n    return chr(sum % 26 + ord('a'))\n\n\ndef check(candidate):\n    assert candidate('abc') == 'f'\n    assert candidate('gfg') == 't'\n    assert candidate('ab') == 'c'\n\ndef test_check():\n    check(get_Char)\n\ntest_check()\n",
      "timestamp": 1665509670,
      "stdout": "",
      "stderr": "Traceback (most recent call last):\n  File \"/tmp/tmpfjpv3uxr.py\", line 19, in <module>\n    test_check()\n  File \"/tmp/tmpfjpv3uxr.py\", line 17, in test_check\n    check(get_Char)\n  File \"/tmp/tmpfjpv3uxr.py\", line 12, in check\n    assert candidate('abc') == 'f'\nAssertionError\n",
      "exit_code": 1,
      "status": "Exception"
    },
    {
      "program": "def get_Char(strr: str) -> str:\n    \"\"\"\n\tWrite a python function to find the character made by adding the ASCII value of all the characters of the given string modulo 26.\n\t\"\"\"\n    sum = 0\n    for i in strr:\n        sum += ord(i)\n    return chr(sum % 26 + ord('a'))\n\n\ndef check(candidate):\n    assert candidate('abc') == 'f'\n    assert candidate('gfg') == 't'\n    assert candidate('ab') == 'c'\n\ndef test_check():\n    check(get_Char)\n\ntest_check()\n",
      "timestamp": 1665509670,
      "stdout": "",
      "stderr": "Traceback (most recent call last):\n  File \"/tmp/tmpfjpv3uxr.py\", line 19, in <module>\n    test_check()\n  File \"/tmp/tmpfjpv3uxr.py\", line 17, in test_check\n    check(get_Char)\n  File \"/tmp/tmpfjpv3uxr.py\", line 12, in check\n    assert candidate('abc') == 'f'\nAssertionError\n",
      "exit_code": 1,
      "status": "Exception"
    },
    {
      "program": "def get_Char(strr: str) -> str:\n    \"\"\"\n\tWrite a python function to find the character made by adding the ASCII value of all the characters of the given string modulo 26.\n\t\"\"\"\n    sum = 0\n    for i in strr:\n        sum += ord(i)\n    return chr(sum % 26 + ord('a'))\n\n\ndef check(candidate):\n    assert candidate('abc') == 'f'\n    assert candidate('gfg') == 't'\n    assert candidate('ab') == 'c'\n\ndef test_check():\n    check(get_Char)\n\ntest_check()\n",
      "timestamp": 1665509670,
      "stdout": "",
      "stderr": "Traceback (most recent call last):\n  File \"/tmp/tmpfjpv3uxr.py\", line 19, in <module>\n    test_check()\n  File \"/tmp/tmpfjpv3uxr.py\", line 17, in test_check\n    check(get_Char)\n  File \"/tmp/tmpfjpv3uxr.py\", line 12, in check\n    assert candidate('abc') == 'f'\nAssertionError\n",
      "exit_code": 1,
      "status": "Exception"
    },
    {
      "program": "def get_Char(strr: str) -> str:\n    \"\"\"\n\tWrite a python function to find the character made by adding the ASCII value of all the characters of the given string modulo 26.\n\t\"\"\"\n    sum_ = 0\n    for i in strr:\n        sum_ += ord(i)\n    return chr(sum_ % 26 + ord('a'))\n\n\ndef check(candidate):\n    assert candidate('abc') == 'f'\n    assert candidate('gfg') == 't'\n    assert candidate('ab') == 'c'\n\ndef test_check():\n    check(get_Char)\n\ntest_check()\n",
      "timestamp": 1665509670,
      "stdout": "",
      "stderr": "Traceback (most recent call last):\n  File \"/tmp/tmpiebn4z6f.py\", line 19, in <module>\n    test_check()\n  File \"/tmp/tmpiebn4z6f.py\", line 17, in test_check\n    check(get_Char)\n  File \"/tmp/tmpiebn4z6f.py\", line 12, in check\n    assert candidate('abc') == 'f'\nAssertionError\n",
      "exit_code": 1,
      "status": "Exception"
    },
    {
      "program": "def get_Char(strr: str) -> str:\n    \"\"\"\n\tWrite a python function to find the character made by adding the ASCII value of all the characters of the given string modulo 26.\n\t\"\"\"\n    sum = 0\n    for i in strr:\n        sum += ord(i)\n    return chr(sum % 26 + ord('a'))\n\n\ndef check(candidate):\n    assert candidate('abc') == 'f'\n    assert candidate('gfg') == 't'\n    assert candidate('ab') == 'c'\n\ndef test_check():\n    check(get_Char)\n\ntest_check()\n",
      "timestamp": 1665509670,
      "stdout": "",
      "stderr": "Traceback (most recent call last):\n  File \"/tmp/tmpfjpv3uxr.py\", line 19, in <module>\n    test_check()\n  File \"/tmp/tmpfjpv3uxr.py\", line 17, in test_check\n    check(get_Char)\n  File \"/tmp/tmpfjpv3uxr.py\", line 12, in check\n    assert candidate('abc') == 'f'\nAssertionError\n",
      "exit_code": 1,
      "status": "Exception"
    },
    {
      "program": "def get_Char(strr: str) -> str:\n    \"\"\"\n\tWrite a python function to find the character made by adding the ASCII value of all the characters of the given string modulo 26.\n\t\"\"\"\n    sum = 0\n    for i in strr:\n        sum += ord(i)\n    return chr(sum % 26 + ord('a'))\n\n\ndef check(candidate):\n    assert candidate('abc') == 'f'\n    assert candidate('gfg') == 't'\n    assert candidate('ab') == 'c'\n\ndef test_check():\n    check(get_Char)\n\ntest_check()\n",
      "timestamp": 1665509670,
      "stdout": "",
      "stderr": "Traceback (most recent call last):\n  File \"/tmp/tmpfjpv3uxr.py\", line 19, in <module>\n    test_check()\n  File \"/tmp/tmpfjpv3uxr.py\", line 17, in test_check\n    check(get_Char)\n  File \"/tmp/tmpfjpv3uxr.py\", line 12, in check\n    assert candidate('abc') == 'f'\nAssertionError\n",
      "exit_code": 1,
      "status": "Exception"
    },
    {
      "program": "def get_Char(strr: str) -> str:\n    \"\"\"\n\tWrite a python function to find the character made by adding the ASCII value of all the characters of the given string modulo 26.\n\t\"\"\"\n    sum = 0\n    for i in strr:\n        sum += ord(i)\n    return chr(sum % 26 + ord('a'))\n\n\ndef check(candidate):\n    assert candidate('abc') == 'f'\n    assert candidate('gfg') == 't'\n    assert candidate('ab') == 'c'\n\ndef test_check():\n    check(get_Char)\n\ntest_check()\n",
      "timestamp": 1665509670,
      "stdout": "",
      "stderr": "Traceback (most recent call last):\n  File \"/tmp/tmpfjpv3uxr.py\", line 19, in <module>\n    test_check()\n  File \"/tmp/tmpfjpv3uxr.py\", line 17, in test_check\n    check(get_Char)\n  File \"/tmp/tmpfjpv3uxr.py\", line 12, in check\n    assert candidate('abc') == 'f'\nAssertionError\n",
      "exit_code": 1,
      "status": "Exception"
    },
    {
      "program": "def get_Char(strr: str) -> str:\n    \"\"\"\n\tWrite a python function to find the character made by adding the ASCII value of all the characters of the given string modulo 26.\n\t\"\"\"\n    sum_ = 0\n    for i in strr:\n        sum_ += ord(i)\n    return chr(sum_ % 26 + 64)\n\n\ndef check(candidate):\n    assert candidate('abc') == 'f'\n    assert candidate('gfg') == 't'\n    assert candidate('ab') == 'c'\n\ndef test_check():\n    check(get_Char)\n\ntest_check()\n",
      "timestamp": 1666123889,
      "stdout": "",
      "stderr": "Traceback (most recent call last):\n  File \"/tmp/tmpog2yviu0.py\", line 19, in <module>\n    test_check()\n  File \"/tmp/tmpog2yviu0.py\", line 17, in test_check\n    check(get_Char)\n  File \"/tmp/tmpog2yviu0.py\", line 12, in check\n    assert candidate('abc') == 'f'\nAssertionError\n",
      "exit_code": 1,
      "status": "Exception"
    },
    {
      "program": "def get_Char(strr: str) -> str:\n    \"\"\"\n\tWrite a python function to find the character made by adding the ASCII value of all the characters of the given string modulo 26.\n\t\"\"\"\n    sum = 0\n    for i in strr:\n        sum += ord(i)\n    return chr(sum % 26 + ord('a'))\n\n\ndef check(candidate):\n    assert candidate('abc') == 'f'\n    assert candidate('gfg') == 't'\n    assert candidate('ab') == 'c'\n\ndef test_check():\n    check(get_Char)\n\ntest_check()\n",
      "timestamp": 1665509670,
      "stdout": "",
      "stderr": "Traceback (most recent call last):\n  File \"/tmp/tmpfjpv3uxr.py\", line 19, in <module>\n    test_check()\n  File \"/tmp/tmpfjpv3uxr.py\", line 17, in test_check\n    check(get_Char)\n  File \"/tmp/tmpfjpv3uxr.py\", line 12, in check\n    assert candidate('abc') == 'f'\nAssertionError\n",
      "exit_code": 1,
      "status": "Exception"
    },
    {
      "program": "def get_Char(strr: str) -> str:\n    \"\"\"\n\tWrite a python function to find the character made by adding the ASCII value of all the characters of the given string modulo 26.\n\t\"\"\"\n    sum = 0\n    for i in strr:\n        sum += ord(i)\n    return chr(sum % 26 + ord('a'))\n\n\ndef check(candidate):\n    assert candidate('abc') == 'f'\n    assert candidate('gfg') == 't'\n    assert candidate('ab') == 'c'\n\ndef test_check():\n    check(get_Char)\n\ntest_check()\n",
      "timestamp": 1665509670,
      "stdout": "",
      "stderr": "Traceback (most recent call last):\n  File \"/tmp/tmpfjpv3uxr.py\", line 19, in <module>\n    test_check()\n  File \"/tmp/tmpfjpv3uxr.py\", line 17, in test_check\n    check(get_Char)\n  File \"/tmp/tmpfjpv3uxr.py\", line 12, in check\n    assert candidate('abc') == 'f'\nAssertionError\n",
      "exit_code": 1,
      "status": "Exception"
    },
    {
      "program": "def get_Char(strr: str) -> str:\n    \"\"\"\n\tWrite a python function to find the character made by adding the ASCII value of all the characters of the given string modulo 26.\n\t\"\"\"\n    sum = 0\n    for i in strr:\n        sum += ord(i)\n    return chr(sum % 26 + ord('a'))\n\n\ndef check(candidate):\n    assert candidate('abc') == 'f'\n    assert candidate('gfg') == 't'\n    assert candidate('ab') == 'c'\n\ndef test_check():\n    check(get_Char)\n\ntest_check()\n",
      "timestamp": 1665509670,
      "stdout": "",
      "stderr": "Traceback (most recent call last):\n  File \"/tmp/tmpfjpv3uxr.py\", line 19, in <module>\n    test_check()\n  File \"/tmp/tmpfjpv3uxr.py\", line 17, in test_check\n    check(get_Char)\n  File \"/tmp/tmpfjpv3uxr.py\", line 12, in check\n    assert candidate('abc') == 'f'\nAssertionError\n",
      "exit_code": 1,
      "status": "Exception"
    },
    {
      "program": "def get_Char(strr: str) -> str:\n    \"\"\"\n\tWrite a python function to find the character made by adding the ASCII value of all the characters of the given string modulo 26.\n\t\"\"\"\n    sum = 0\n    for i in strr:\n        sum += ord(i)\n    return chr(sum % 26 + ord('a'))\n\n\ndef check(candidate):\n    assert candidate('abc') == 'f'\n    assert candidate('gfg') == 't'\n    assert candidate('ab') == 'c'\n\ndef test_check():\n    check(get_Char)\n\ntest_check()\n",
      "timestamp": 1665509670,
      "stdout": "",
      "stderr": "Traceback (most recent call last):\n  File \"/tmp/tmpfjpv3uxr.py\", line 19, in <module>\n    test_check()\n  File \"/tmp/tmpfjpv3uxr.py\", line 17, in test_check\n    check(get_Char)\n  File \"/tmp/tmpfjpv3uxr.py\", line 12, in check\n    assert candidate('abc') == 'f'\nAssertionError\n",
      "exit_code": 1,
      "status": "Exception"
    },
    {
      "program": "def get_Char(strr: str) -> str:\n    \"\"\"\n\tWrite a python function to find the character made by adding the ASCII value of all the characters of the given string modulo 26.\n\t\"\"\"\n    sum = 0\n    for i in strr:\n        sum += ord(i)\n    return chr(sum % 26 + ord('a'))\n\n\ndef check(candidate):\n    assert candidate('abc') == 'f'\n    assert candidate('gfg') == 't'\n    assert candidate('ab') == 'c'\n\ndef test_check():\n    check(get_Char)\n\ntest_check()\n",
      "timestamp": 1665509670,
      "stdout": "",
      "stderr": "Traceback (most recent call last):\n  File \"/tmp/tmpfjpv3uxr.py\", line 19, in <module>\n    test_check()\n  File \"/tmp/tmpfjpv3uxr.py\", line 17, in test_check\n    check(get_Char)\n  File \"/tmp/tmpfjpv3uxr.py\", line 12, in check\n    assert candidate('abc') == 'f'\nAssertionError\n",
      "exit_code": 1,
      "status": "Exception"
    },
    {
      "program": "def get_Char(strr: str) -> str:\n    \"\"\"\n\tWrite a python function to find the character made by adding the ASCII value of all the characters of the given string modulo 26.\n\t\"\"\"\n    sum = 0\n    for i in strr:\n        sum += ord(i)\n    return chr(sum % 26 + ord('a'))\n\n\ndef check(candidate):\n    assert candidate('abc') == 'f'\n    assert candidate('gfg') == 't'\n    assert candidate('ab') == 'c'\n\ndef test_check():\n    check(get_Char)\n\ntest_check()\n",
      "timestamp": 1665509670,
      "stdout": "",
      "stderr": "Traceback (most recent call last):\n  File \"/tmp/tmpfjpv3uxr.py\", line 19, in <module>\n    test_check()\n  File \"/tmp/tmpfjpv3uxr.py\", line 17, in test_check\n    check(get_Char)\n  File \"/tmp/tmpfjpv3uxr.py\", line 12, in check\n    assert candidate('abc') == 'f'\nAssertionError\n",
      "exit_code": 1,
      "status": "Exception"
    },
    {
      "program": "def get_Char(strr: str) -> str:\n    \"\"\"\n\tWrite a python function to find the character made by adding the ASCII value of all the characters of the given string modulo 26.\n\t\"\"\"\n    sum = 0\n    for i in strr:\n        sum += ord(i)\n    return chr(sum % 26 + ord('a'))\n\n\ndef check(candidate):\n    assert candidate('abc') == 'f'\n    assert candidate('gfg') == 't'\n    assert candidate('ab') == 'c'\n\ndef test_check():\n    check(get_Char)\n\ntest_check()\n",
      "timestamp": 1665509670,
      "stdout": "",
      "stderr": "Traceback (most recent call last):\n  File \"/tmp/tmpfjpv3uxr.py\", line 19, in <module>\n    test_check()\n  File \"/tmp/tmpfjpv3uxr.py\", line 17, in test_check\n    check(get_Char)\n  File \"/tmp/tmpfjpv3uxr.py\", line 12, in check\n    assert candidate('abc') == 'f'\nAssertionError\n",
      "exit_code": 1,
      "status": "Exception"
    },
    {
      "program": "def get_Char(strr: str) -> str:\n    \"\"\"\n\tWrite a python function to find the character made by adding the ASCII value of all the characters of the given string modulo 26.\n\t\"\"\"\n    sum = 0\n    for i in strr:\n        sum += ord(i)\n    return chr(sum % 26 + ord('a'))\n\n\ndef check(candidate):\n    assert candidate('abc') == 'f'\n    assert candidate('gfg') == 't'\n    assert candidate('ab') == 'c'\n\ndef test_check():\n    check(get_Char)\n\ntest_check()\n",
      "timestamp": 1665509670,
      "stdout": "",
      "stderr": "Traceback (most recent call last):\n  File \"/tmp/tmpfjpv3uxr.py\", line 19, in <module>\n    test_check()\n  File \"/tmp/tmpfjpv3uxr.py\", line 17, in test_check\n    check(get_Char)\n  File \"/tmp/tmpfjpv3uxr.py\", line 12, in check\n    assert candidate('abc') == 'f'\nAssertionError\n",
      "exit_code": 1,
      "status": "Exception"
    },
    {
      "program": "def get_Char(strr: str) -> str:\n    \"\"\"\n\tWrite a python function to find the character made by adding the ASCII value of all the characters of the given string modulo 26.\n\t\"\"\"\n    sum = 0\n    for i in strr:\n        sum += ord(i)\n    return chr(sum % 26 + ord('a'))\n\n\ndef check(candidate):\n    assert candidate('abc') == 'f'\n    assert candidate('gfg') == 't'\n    assert candidate('ab') == 'c'\n\ndef test_check():\n    check(get_Char)\n\ntest_check()\n",
      "timestamp": 1665509670,
      "stdout": "",
      "stderr": "Traceback (most recent call last):\n  File \"/tmp/tmpfjpv3uxr.py\", line 19, in <module>\n    test_check()\n  File \"/tmp/tmpfjpv3uxr.py\", line 17, in test_check\n    check(get_Char)\n  File \"/tmp/tmpfjpv3uxr.py\", line 12, in check\n    assert candidate('abc') == 'f'\nAssertionError\n",
      "exit_code": 1,
      "status": "Exception"
    },
    {
      "program": "def get_Char(strr: str) -> str:\n    \"\"\"\n\tWrite a python function to find the character made by adding the ASCII value of all the characters of the given string modulo 26.\n\t\"\"\"\n    sum = 0\n    for i in strr:\n        sum += ord(i)\n    return chr(sum % 26 + ord('a'))\n\n\ndef check(candidate):\n    assert candidate('abc') == 'f'\n    assert candidate('gfg') == 't'\n    assert candidate('ab') == 'c'\n\ndef test_check():\n    check(get_Char)\n\ntest_check()\n",
      "timestamp": 1665509670,
      "stdout": "",
      "stderr": "Traceback (most recent call last):\n  File \"/tmp/tmpfjpv3uxr.py\", line 19, in <module>\n    test_check()\n  File \"/tmp/tmpfjpv3uxr.py\", line 17, in test_check\n    check(get_Char)\n  File \"/tmp/tmpfjpv3uxr.py\", line 12, in check\n    assert candidate('abc') == 'f'\nAssertionError\n",
      "exit_code": 1,
      "status": "Exception"
    },
    {
      "program": "def get_Char(strr: str) -> str:\n    \"\"\"\n\tWrite a python function to find the character made by adding the ASCII value of all the characters of the given string modulo 26.\n\t\"\"\"\n    sum = 0\n    for i in strr:\n        sum += ord(i)\n    return chr(sum % 26 + ord('a'))\n\n\ndef check(candidate):\n    assert candidate('abc') == 'f'\n    assert candidate('gfg') == 't'\n    assert candidate('ab') == 'c'\n\ndef test_check():\n    check(get_Char)\n\ntest_check()\n",
      "timestamp": 1665509670,
      "stdout": "",
      "stderr": "Traceback (most recent call last):\n  File \"/tmp/tmpfjpv3uxr.py\", line 19, in <module>\n    test_check()\n  File \"/tmp/tmpfjpv3uxr.py\", line 17, in test_check\n    check(get_Char)\n  File \"/tmp/tmpfjpv3uxr.py\", line 12, in check\n    assert candidate('abc') == 'f'\nAssertionError\n",
      "exit_code": 1,
      "status": "Exception"
    },
    {
      "program": "def get_Char(strr: str) -> str:\n    \"\"\"\n\tWrite a python function to find the character made by adding the ASCII value of all the characters of the given string modulo 26.\n\t\"\"\"\n    sum = 0\n    for i in strr:\n        sum += ord(i)\n    return chr(sum % 26 + ord('a'))\n\n\ndef check(candidate):\n    assert candidate('abc') == 'f'\n    assert candidate('gfg') == 't'\n    assert candidate('ab') == 'c'\n\ndef test_check():\n    check(get_Char)\n\ntest_check()\n",
      "timestamp": 1665509670,
      "stdout": "",
      "stderr": "Traceback (most recent call last):\n  File \"/tmp/tmpfjpv3uxr.py\", line 19, in <module>\n    test_check()\n  File \"/tmp/tmpfjpv3uxr.py\", line 17, in test_check\n    check(get_Char)\n  File \"/tmp/tmpfjpv3uxr.py\", line 12, in check\n    assert candidate('abc') == 'f'\nAssertionError\n",
      "exit_code": 1,
      "status": "Exception"
    },
    {
      "program": "def get_Char(strr: str) -> str:\n    \"\"\"\n\tWrite a python function to find the character made by adding the ASCII value of all the characters of the given string modulo 26.\n\t\"\"\"\n    sum = 0\n    for i in strr:\n        sum += ord(i)\n    return chr((sum % 26) + ord('a'))\n\n\ndef check(candidate):\n    assert candidate('abc') == 'f'\n    assert candidate('gfg') == 't'\n    assert candidate('ab') == 'c'\n\ndef test_check():\n    check(get_Char)\n\ntest_check()\n",
      "timestamp": 1666123889,
      "stdout": "",
      "stderr": "Traceback (most recent call last):\n  File \"/tmp/tmpqb8ttsal.py\", line 19, in <module>\n    test_check()\n  File \"/tmp/tmpqb8ttsal.py\", line 17, in test_check\n    check(get_Char)\n  File \"/tmp/tmpqb8ttsal.py\", line 12, in check\n    assert candidate('abc') == 'f'\nAssertionError\n",
      "exit_code": 1,
      "status": "Exception"
    },
    {
      "program": "def get_Char(strr: str) -> str:\n    \"\"\"\n\tWrite a python function to find the character made by adding the ASCII value of all the characters of the given string modulo 26.\n\t\"\"\"\n    sum = 0\n    for i in strr:\n        sum += ord(i)\n    return chr(sum % 26 + ord('a'))\n\n\ndef check(candidate):\n    assert candidate('abc') == 'f'\n    assert candidate('gfg') == 't'\n    assert candidate('ab') == 'c'\n\ndef test_check():\n    check(get_Char)\n\ntest_check()\n",
      "timestamp": 1665509670,
      "stdout": "",
      "stderr": "Traceback (most recent call last):\n  File \"/tmp/tmpfjpv3uxr.py\", line 19, in <module>\n    test_check()\n  File \"/tmp/tmpfjpv3uxr.py\", line 17, in test_check\n    check(get_Char)\n  File \"/tmp/tmpfjpv3uxr.py\", line 12, in check\n    assert candidate('abc') == 'f'\nAssertionError\n",
      "exit_code": 1,
      "status": "Exception"
    },
    {
      "program": "def get_Char(strr: str) -> str:\n    \"\"\"\n\tWrite a python function to find the character made by adding the ASCII value of all the characters of the given string modulo 26.\n\t\"\"\"\n    sum = 0\n    for i in strr:\n        sum += ord(i)\n    return chr(sum % 26 + ord('a'))\n\n\ndef check(candidate):\n    assert candidate('abc') == 'f'\n    assert candidate('gfg') == 't'\n    assert candidate('ab') == 'c'\n\ndef test_check():\n    check(get_Char)\n\ntest_check()\n",
      "timestamp": 1665509670,
      "stdout": "",
      "stderr": "Traceback (most recent call last):\n  File \"/tmp/tmpfjpv3uxr.py\", line 19, in <module>\n    test_check()\n  File \"/tmp/tmpfjpv3uxr.py\", line 17, in test_check\n    check(get_Char)\n  File \"/tmp/tmpfjpv3uxr.py\", line 12, in check\n    assert candidate('abc') == 'f'\nAssertionError\n",
      "exit_code": 1,
      "status": "Exception"
    },
    {
      "program": "def get_Char(strr: str) -> str:\n    \"\"\"\n\tWrite a python function to find the character made by adding the ASCII value of all the characters of the given string modulo 26.\n\t\"\"\"\n    sum_ = 0\n    for i in strr:\n        sum_ += ord(i)\n    return chr(sum_ % 26 + 64)\n\n\ndef check(candidate):\n    assert candidate('abc') == 'f'\n    assert candidate('gfg') == 't'\n    assert candidate('ab') == 'c'\n\ndef test_check():\n    check(get_Char)\n\ntest_check()\n",
      "timestamp": 1666123889,
      "stdout": "",
      "stderr": "Traceback (most recent call last):\n  File \"/tmp/tmpog2yviu0.py\", line 19, in <module>\n    test_check()\n  File \"/tmp/tmpog2yviu0.py\", line 17, in test_check\n    check(get_Char)\n  File \"/tmp/tmpog2yviu0.py\", line 12, in check\n    assert candidate('abc') == 'f'\nAssertionError\n",
      "exit_code": 1,
      "status": "Exception"
    },
    {
      "program": "def get_Char(strr: str) -> str:\n    \"\"\"\n\tWrite a python function to find the character made by adding the ASCII value of all the characters of the given string modulo 26.\n\t\"\"\"\n    sum = 0\n    for i in strr:\n        sum += ord(i)\n    return chr(sum % 26 + ord('a'))\n\n\ndef check(candidate):\n    assert candidate('abc') == 'f'\n    assert candidate('gfg') == 't'\n    assert candidate('ab') == 'c'\n\ndef test_check():\n    check(get_Char)\n\ntest_check()\n",
      "timestamp": 1665509670,
      "stdout": "",
      "stderr": "Traceback (most recent call last):\n  File \"/tmp/tmpfjpv3uxr.py\", line 19, in <module>\n    test_check()\n  File \"/tmp/tmpfjpv3uxr.py\", line 17, in test_check\n    check(get_Char)\n  File \"/tmp/tmpfjpv3uxr.py\", line 12, in check\n    assert candidate('abc') == 'f'\nAssertionError\n",
      "exit_code": 1,
      "status": "Exception"
    },
    {
      "program": "def get_Char(strr: str) -> str:\n    \"\"\"\n\tWrite a python function to find the character made by adding the ASCII value of all the characters of the given string modulo 26.\n\t\"\"\"\n    sum = 0\n    for i in range(len(strr)):\n        sum += ord(strr[i])\n    return chr(sum % 26 + ord('a'))\n\n\ndef check(candidate):\n    assert candidate('abc') == 'f'\n    assert candidate('gfg') == 't'\n    assert candidate('ab') == 'c'\n\ndef test_check():\n    check(get_Char)\n\ntest_check()\n",
      "timestamp": 1666123889,
      "stdout": "",
      "stderr": "Traceback (most recent call last):\n  File \"/tmp/tmpa3uq4fsj.py\", line 19, in <module>\n    test_check()\n  File \"/tmp/tmpa3uq4fsj.py\", line 17, in test_check\n    check(get_Char)\n  File \"/tmp/tmpa3uq4fsj.py\", line 12, in check\n    assert candidate('abc') == 'f'\nAssertionError\n",
      "exit_code": 1,
      "status": "Exception"
    },
    {
      "program": "def get_Char(strr: str) -> str:\n    \"\"\"\n\tWrite a python function to find the character made by adding the ASCII value of all the characters of the given string modulo 26.\n\t\"\"\"\n    sum = 0\n    for i in strr:\n        sum += ord(i)\n    return chr(sum % 26 + ord('a'))\n\n\ndef check(candidate):\n    assert candidate('abc') == 'f'\n    assert candidate('gfg') == 't'\n    assert candidate('ab') == 'c'\n\ndef test_check():\n    check(get_Char)\n\ntest_check()\n",
      "timestamp": 1665509670,
      "stdout": "",
      "stderr": "Traceback (most recent call last):\n  File \"/tmp/tmpfjpv3uxr.py\", line 19, in <module>\n    test_check()\n  File \"/tmp/tmpfjpv3uxr.py\", line 17, in test_check\n    check(get_Char)\n  File \"/tmp/tmpfjpv3uxr.py\", line 12, in check\n    assert candidate('abc') == 'f'\nAssertionError\n",
      "exit_code": 1,
      "status": "Exception"
    },
    {
      "program": "def get_Char(strr: str) -> str:\n    \"\"\"\n\tWrite a python function to find the character made by adding the ASCII value of all the characters of the given string modulo 26.\n\t\"\"\"\n    sum = 0\n    for i in strr:\n        sum += ord(i)\n    return chr(sum % 26 + ord('a'))\n\n\ndef check(candidate):\n    assert candidate('abc') == 'f'\n    assert candidate('gfg') == 't'\n    assert candidate('ab') == 'c'\n\ndef test_check():\n    check(get_Char)\n\ntest_check()\n",
      "timestamp": 1665509670,
      "stdout": "",
      "stderr": "Traceback (most recent call last):\n  File \"/tmp/tmpfjpv3uxr.py\", line 19, in <module>\n    test_check()\n  File \"/tmp/tmpfjpv3uxr.py\", line 17, in test_check\n    check(get_Char)\n  File \"/tmp/tmpfjpv3uxr.py\", line 12, in check\n    assert candidate('abc') == 'f'\nAssertionError\n",
      "exit_code": 1,
      "status": "Exception"
    },
    {
      "program": "def get_Char(strr: str) -> str:\n    \"\"\"\n\tWrite a python function to find the character made by adding the ASCII value of all the characters of the given string modulo 26.\n\t\"\"\"\n    sum_ = 0\n    for i in strr:\n        sum_ += ord(i)\n    return chr(sum_ % 26 + 97)\n\n\ndef check(candidate):\n    assert candidate('abc') == 'f'\n    assert candidate('gfg') == 't'\n    assert candidate('ab') == 'c'\n\ndef test_check():\n    check(get_Char)\n\ntest_check()\n",
      "timestamp": 1666123889,
      "stdout": "",
      "stderr": "Traceback (most recent call last):\n  File \"/tmp/tmp3darm78g.py\", line 19, in <module>\n    test_check()\n  File \"/tmp/tmp3darm78g.py\", line 17, in test_check\n    check(get_Char)\n  File \"/tmp/tmp3darm78g.py\", line 12, in check\n    assert candidate('abc') == 'f'\nAssertionError\n",
      "exit_code": 1,
      "status": "Exception"
    },
    {
      "program": "def get_Char(strr: str) -> str:\n    \"\"\"\n\tWrite a python function to find the character made by adding the ASCII value of all the characters of the given string modulo 26.\n\t\"\"\"\n    sum = 0\n    for i in strr:\n        sum += ord(i)\n    return chr(sum % 26 + ord('a'))\n\n\ndef check(candidate):\n    assert candidate('abc') == 'f'\n    assert candidate('gfg') == 't'\n    assert candidate('ab') == 'c'\n\ndef test_check():\n    check(get_Char)\n\ntest_check()\n",
      "timestamp": 1665509670,
      "stdout": "",
      "stderr": "Traceback (most recent call last):\n  File \"/tmp/tmpfjpv3uxr.py\", line 19, in <module>\n    test_check()\n  File \"/tmp/tmpfjpv3uxr.py\", line 17, in test_check\n    check(get_Char)\n  File \"/tmp/tmpfjpv3uxr.py\", line 12, in check\n    assert candidate('abc') == 'f'\nAssertionError\n",
      "exit_code": 1,
      "status": "Exception"
    },
    {
      "program": "def get_Char(strr: str) -> str:\n    \"\"\"\n\tWrite a python function to find the character made by adding the ASCII value of all the characters of the given string modulo 26.\n\t\"\"\"\n    sum = 0\n    for i in strr:\n        sum += ord(i)\n    return chr(sum % 26 + ord('a'))\n\n\ndef check(candidate):\n    assert candidate('abc') == 'f'\n    assert candidate('gfg') == 't'\n    assert candidate('ab') == 'c'\n\ndef test_check():\n    check(get_Char)\n\ntest_check()\n",
      "timestamp": 1665509670,
      "stdout": "",
      "stderr": "Traceback (most recent call last):\n  File \"/tmp/tmpfjpv3uxr.py\", line 19, in <module>\n    test_check()\n  File \"/tmp/tmpfjpv3uxr.py\", line 17, in test_check\n    check(get_Char)\n  File \"/tmp/tmpfjpv3uxr.py\", line 12, in check\n    assert candidate('abc') == 'f'\nAssertionError\n",
      "exit_code": 1,
      "status": "Exception"
    },
    {
      "program": "def get_Char(strr: str) -> str:\n    \"\"\"\n\tWrite a python function to find the character made by adding the ASCII value of all the characters of the given string modulo 26.\n\t\"\"\"\n    sum = 0\n    for i in strr:\n        sum += ord(i)\n    return chr(sum % 26 + ord('a'))\n\n\ndef check(candidate):\n    assert candidate('abc') == 'f'\n    assert candidate('gfg') == 't'\n    assert candidate('ab') == 'c'\n\ndef test_check():\n    check(get_Char)\n\ntest_check()\n",
      "timestamp": 1665509670,
      "stdout": "",
      "stderr": "Traceback (most recent call last):\n  File \"/tmp/tmpfjpv3uxr.py\", line 19, in <module>\n    test_check()\n  File \"/tmp/tmpfjpv3uxr.py\", line 17, in test_check\n    check(get_Char)\n  File \"/tmp/tmpfjpv3uxr.py\", line 12, in check\n    assert candidate('abc') == 'f'\nAssertionError\n",
      "exit_code": 1,
      "status": "Exception"
    },
    {
      "program": "def get_Char(strr: str) -> str:\n    \"\"\"\n\tWrite a python function to find the character made by adding the ASCII value of all the characters of the given string modulo 26.\n\t\"\"\"\n    sum = 0\n    for i in strr:\n        sum += ord(i)\n    return chr(sum % 26 + ord('a'))\n\n\ndef check(candidate):\n    assert candidate('abc') == 'f'\n    assert candidate('gfg') == 't'\n    assert candidate('ab') == 'c'\n\ndef test_check():\n    check(get_Char)\n\ntest_check()\n",
      "timestamp": 1665509670,
      "stdout": "",
      "stderr": "Traceback (most recent call last):\n  File \"/tmp/tmpfjpv3uxr.py\", line 19, in <module>\n    test_check()\n  File \"/tmp/tmpfjpv3uxr.py\", line 17, in test_check\n    check(get_Char)\n  File \"/tmp/tmpfjpv3uxr.py\", line 12, in check\n    assert candidate('abc') == 'f'\nAssertionError\n",
      "exit_code": 1,
      "status": "Exception"
    }
  ]
}