{
  "name": "mbpp_756_text_match_zero_one",
  "language": "py",
  "prompt": "def text_match_zero_one(text: str) -> bool:\n    \"\"\"\n\tWrite a function that matches a string that has an 'a' followed by one or more 'b's. https://www.w3resource.com/python-exercises/re/python-re-exercise-3.php\n\t\"\"\"\n",
  "doctests": "transform",
  "original": "/home/arjun/repos/MultiPL-E/datasets/../datasets/mbpp-typed/mbpp_756_text_match_zero_one.py",
  "prompt_terminology": "reworded",
  "tests": "def check(candidate):\n    assert candidate('ac') == False\n    assert candidate('dc') == False\n    assert candidate('abbbba') == True\n    assert candidate('dsabbbba') == True\n    assert candidate('asbbbba') == False\n    assert candidate('abaaa') == True\n\ndef test_check():\n    check(text_match_zero_one)\n\ntest_check()\n",
  "stop_tokens": [
    "\ndef",
    "\n#",
    "\nif",
    "\nclass"
  ],
  "results": [
    {
      "program": "def text_match_zero_one(text: str) -> bool:\n    \"\"\"\n\tWrite a function that matches a string that has an 'a' followed by one or more 'b's. https://www.w3resource.com/python-exercises/re/python-re-exercise-3.php\n\t\"\"\"\n    return bool(re.search(r\"ab+\", text))\n\n\ndef check(candidate):\n    assert candidate('ac') == False\n    assert candidate('dc') == False\n    assert candidate('abbbba') == True\n    assert candidate('dsabbbba') == True\n    assert candidate('asbbbba') == False\n    assert candidate('abaaa') == True\n\ndef test_check():\n    check(text_match_zero_one)\n\ntest_check()\n",
      "timestamp": 1665510614,
      "stdout": "",
      "stderr": "Traceback (most recent call last):\n  File \"/tmp/tmpv2anczjq.py\", line 19, in <module>\n    test_check()\n  File \"/tmp/tmpv2anczjq.py\", line 17, in test_check\n    check(text_match_zero_one)\n  File \"/tmp/tmpv2anczjq.py\", line 9, in check\n    assert candidate('ac') == False\n  File \"/tmp/tmpv2anczjq.py\", line 5, in text_match_zero_one\n    return bool(re.search(r\"ab+\", text))\nNameError: name 're' is not defined\n",
      "exit_code": 1,
      "status": "Exception"
    },
    {
      "program": "def text_match_zero_one(text: str) -> bool:\n    \"\"\"\n\tWrite a function that matches a string that has an 'a' followed by one or more 'b's. https://www.w3resource.com/python-exercises/re/python-re-exercise-3.php\n\t\"\"\"\n    pattern = re.compile(r\"ab+\")\n    return bool(pattern.match(text))\n\n\ndef check(candidate):\n    assert candidate('ac') == False\n    assert candidate('dc') == False\n    assert candidate('abbbba') == True\n    assert candidate('dsabbbba') == True\n    assert candidate('asbbbba') == False\n    assert candidate('abaaa') == True\n\ndef test_check():\n    check(text_match_zero_one)\n\ntest_check()\n",
      "timestamp": 1665510614,
      "stdout": "",
      "stderr": "Traceback (most recent call last):\n  File \"/tmp/tmpe910tgic.py\", line 20, in <module>\n    test_check()\n  File \"/tmp/tmpe910tgic.py\", line 18, in test_check\n    check(text_match_zero_one)\n  File \"/tmp/tmpe910tgic.py\", line 10, in check\n    assert candidate('ac') == False\n  File \"/tmp/tmpe910tgic.py\", line 5, in text_match_zero_one\n    pattern = re.compile(r\"ab+\")\nNameError: name 're' is not defined\n",
      "exit_code": 1,
      "status": "Exception"
    },
    {
      "program": "def text_match_zero_one(text: str) -> bool:\n    \"\"\"\n\tWrite a function that matches a string that has an 'a' followed by one or more 'b's. https://www.w3resource.com/python-exercises/re/python-re-exercise-3.php\n\t\"\"\"\n    return bool(re.search(r\"ab+\", text))\n\n\ndef check(candidate):\n    assert candidate('ac') == False\n    assert candidate('dc') == False\n    assert candidate('abbbba') == True\n    assert candidate('dsabbbba') == True\n    assert candidate('asbbbba') == False\n    assert candidate('abaaa') == True\n\ndef test_check():\n    check(text_match_zero_one)\n\ntest_check()\n",
      "timestamp": 1665510614,
      "stdout": "",
      "stderr": "Traceback (most recent call last):\n  File \"/tmp/tmpv2anczjq.py\", line 19, in <module>\n    test_check()\n  File \"/tmp/tmpv2anczjq.py\", line 17, in test_check\n    check(text_match_zero_one)\n  File \"/tmp/tmpv2anczjq.py\", line 9, in check\n    assert candidate('ac') == False\n  File \"/tmp/tmpv2anczjq.py\", line 5, in text_match_zero_one\n    return bool(re.search(r\"ab+\", text))\nNameError: name 're' is not defined\n",
      "exit_code": 1,
      "status": "Exception"
    },
    {
      "program": "def text_match_zero_one(text: str) -> bool:\n    \"\"\"\n\tWrite a function that matches a string that has an 'a' followed by one or more 'b's. https://www.w3resource.com/python-exercises/re/python-re-exercise-3.php\n\t\"\"\"\n    pattern = re.compile(r\"ab+\")\n    return pattern.search(text) is not None\n\n\ndef check(candidate):\n    assert candidate('ac') == False\n    assert candidate('dc') == False\n    assert candidate('abbbba') == True\n    assert candidate('dsabbbba') == True\n    assert candidate('asbbbba') == False\n    assert candidate('abaaa') == True\n\ndef test_check():\n    check(text_match_zero_one)\n\ntest_check()\n",
      "timestamp": 1665510614,
      "stdout": "",
      "stderr": "Traceback (most recent call last):\n  File \"/tmp/tmpcjuu_7ju.py\", line 20, in <module>\n    test_check()\n  File \"/tmp/tmpcjuu_7ju.py\", line 18, in test_check\n    check(text_match_zero_one)\n  File \"/tmp/tmpcjuu_7ju.py\", line 10, in check\n    assert candidate('ac') == False\n  File \"/tmp/tmpcjuu_7ju.py\", line 5, in text_match_zero_one\n    pattern = re.compile(r\"ab+\")\nNameError: name 're' is not defined\n",
      "exit_code": 1,
      "status": "Exception"
    },
    {
      "program": "def text_match_zero_one(text: str) -> bool:\n    \"\"\"\n\tWrite a function that matches a string that has an 'a' followed by one or more 'b's. https://www.w3resource.com/python-exercises/re/python-re-exercise-3.php\n\t\"\"\"\n    return re.match(r\"ab+\", text)\n\n\ndef check(candidate):\n    assert candidate('ac') == False\n    assert candidate('dc') == False\n    assert candidate('abbbba') == True\n    assert candidate('dsabbbba') == True\n    assert candidate('asbbbba') == False\n    assert candidate('abaaa') == True\n\ndef test_check():\n    check(text_match_zero_one)\n\ntest_check()\n",
      "timestamp": 1665510614,
      "stdout": "",
      "stderr": "Traceback (most recent call last):\n  File \"/tmp/tmpkqb0yw5w.py\", line 19, in <module>\n    test_check()\n  File \"/tmp/tmpkqb0yw5w.py\", line 17, in test_check\n    check(text_match_zero_one)\n  File \"/tmp/tmpkqb0yw5w.py\", line 9, in check\n    assert candidate('ac') == False\n  File \"/tmp/tmpkqb0yw5w.py\", line 5, in text_match_zero_one\n    return re.match(r\"ab+\", text)\nNameError: name 're' is not defined\n",
      "exit_code": 1,
      "status": "Exception"
    },
    {
      "program": "def text_match_zero_one(text: str) -> bool:\n    \"\"\"\n\tWrite a function that matches a string that has an 'a' followed by one or more 'b's. https://www.w3resource.com/python-exercises/re/python-re-exercise-3.php\n\t\"\"\"\n    return re.search(r\"ab+\", text) is not None\n\n\ndef check(candidate):\n    assert candidate('ac') == False\n    assert candidate('dc') == False\n    assert candidate('abbbba') == True\n    assert candidate('dsabbbba') == True\n    assert candidate('asbbbba') == False\n    assert candidate('abaaa') == True\n\ndef test_check():\n    check(text_match_zero_one)\n\ntest_check()\n",
      "timestamp": 1665510614,
      "stdout": "",
      "stderr": "Traceback (most recent call last):\n  File \"/tmp/tmpmixc7v61.py\", line 19, in <module>\n    test_check()\n  File \"/tmp/tmpmixc7v61.py\", line 17, in test_check\n    check(text_match_zero_one)\n  File \"/tmp/tmpmixc7v61.py\", line 9, in check\n    assert candidate('ac') == False\n  File \"/tmp/tmpmixc7v61.py\", line 5, in text_match_zero_one\n    return re.search(r\"ab+\", text) is not None\nNameError: name 're' is not defined\n",
      "exit_code": 1,
      "status": "Exception"
    },
    {
      "program": "def text_match_zero_one(text: str) -> bool:\n    \"\"\"\n\tWrite a function that matches a string that has an 'a' followed by one or more 'b's. https://www.w3resource.com/python-exercises/re/python-re-exercise-3.php\n\t\"\"\"\n    return bool(re.search(r\"ab+\", text))\n\n\ndef check(candidate):\n    assert candidate('ac') == False\n    assert candidate('dc') == False\n    assert candidate('abbbba') == True\n    assert candidate('dsabbbba') == True\n    assert candidate('asbbbba') == False\n    assert candidate('abaaa') == True\n\ndef test_check():\n    check(text_match_zero_one)\n\ntest_check()\n",
      "timestamp": 1665510614,
      "stdout": "",
      "stderr": "Traceback (most recent call last):\n  File \"/tmp/tmpv2anczjq.py\", line 19, in <module>\n    test_check()\n  File \"/tmp/tmpv2anczjq.py\", line 17, in test_check\n    check(text_match_zero_one)\n  File \"/tmp/tmpv2anczjq.py\", line 9, in check\n    assert candidate('ac') == False\n  File \"/tmp/tmpv2anczjq.py\", line 5, in text_match_zero_one\n    return bool(re.search(r\"ab+\", text))\nNameError: name 're' is not defined\n",
      "exit_code": 1,
      "status": "Exception"
    },
    {
      "program": "def text_match_zero_one(text: str) -> bool:\n    \"\"\"\n\tWrite a function that matches a string that has an 'a' followed by one or more 'b's. https://www.w3resource.com/python-exercises/re/python-re-exercise-3.php\n\t\"\"\"\n    pattern = re.compile(r\"ab+\")\n    return bool(pattern.match(text))\n\n\ndef check(candidate):\n    assert candidate('ac') == False\n    assert candidate('dc') == False\n    assert candidate('abbbba') == True\n    assert candidate('dsabbbba') == True\n    assert candidate('asbbbba') == False\n    assert candidate('abaaa') == True\n\ndef test_check():\n    check(text_match_zero_one)\n\ntest_check()\n",
      "timestamp": 1665510614,
      "stdout": "",
      "stderr": "Traceback (most recent call last):\n  File \"/tmp/tmpe910tgic.py\", line 20, in <module>\n    test_check()\n  File \"/tmp/tmpe910tgic.py\", line 18, in test_check\n    check(text_match_zero_one)\n  File \"/tmp/tmpe910tgic.py\", line 10, in check\n    assert candidate('ac') == False\n  File \"/tmp/tmpe910tgic.py\", line 5, in text_match_zero_one\n    pattern = re.compile(r\"ab+\")\nNameError: name 're' is not defined\n",
      "exit_code": 1,
      "status": "Exception"
    },
    {
      "program": "def text_match_zero_one(text: str) -> bool:\n    \"\"\"\n\tWrite a function that matches a string that has an 'a' followed by one or more 'b's. https://www.w3resource.com/python-exercises/re/python-re-exercise-3.php\n\t\"\"\"\n    return bool(re.search(r\"ab+\", text))\n\n\ndef check(candidate):\n    assert candidate('ac') == False\n    assert candidate('dc') == False\n    assert candidate('abbbba') == True\n    assert candidate('dsabbbba') == True\n    assert candidate('asbbbba') == False\n    assert candidate('abaaa') == True\n\ndef test_check():\n    check(text_match_zero_one)\n\ntest_check()\n",
      "timestamp": 1665510614,
      "stdout": "",
      "stderr": "Traceback (most recent call last):\n  File \"/tmp/tmpv2anczjq.py\", line 19, in <module>\n    test_check()\n  File \"/tmp/tmpv2anczjq.py\", line 17, in test_check\n    check(text_match_zero_one)\n  File \"/tmp/tmpv2anczjq.py\", line 9, in check\n    assert candidate('ac') == False\n  File \"/tmp/tmpv2anczjq.py\", line 5, in text_match_zero_one\n    return bool(re.search(r\"ab+\", text))\nNameError: name 're' is not defined\n",
      "exit_code": 1,
      "status": "Exception"
    },
    {
      "program": "def text_match_zero_one(text: str) -> bool:\n    \"\"\"\n\tWrite a function that matches a string that has an 'a' followed by one or more 'b's. https://www.w3resource.com/python-exercises/re/python-re-exercise-3.php\n\t\"\"\"\n    return re.search(r\"ab+\", text) is not None\n\n\ndef check(candidate):\n    assert candidate('ac') == False\n    assert candidate('dc') == False\n    assert candidate('abbbba') == True\n    assert candidate('dsabbbba') == True\n    assert candidate('asbbbba') == False\n    assert candidate('abaaa') == True\n\ndef test_check():\n    check(text_match_zero_one)\n\ntest_check()\n",
      "timestamp": 1665510614,
      "stdout": "",
      "stderr": "Traceback (most recent call last):\n  File \"/tmp/tmpmixc7v61.py\", line 19, in <module>\n    test_check()\n  File \"/tmp/tmpmixc7v61.py\", line 17, in test_check\n    check(text_match_zero_one)\n  File \"/tmp/tmpmixc7v61.py\", line 9, in check\n    assert candidate('ac') == False\n  File \"/tmp/tmpmixc7v61.py\", line 5, in text_match_zero_one\n    return re.search(r\"ab+\", text) is not None\nNameError: name 're' is not defined\n",
      "exit_code": 1,
      "status": "Exception"
    },
    {
      "program": "def text_match_zero_one(text: str) -> bool:\n    \"\"\"\n\tWrite a function that matches a string that has an 'a' followed by one or more 'b's. https://www.w3resource.com/python-exercises/re/python-re-exercise-3.php\n\t\"\"\"\n    pattern = re.compile(r\"ab+\")\n    return bool(pattern.match(text))\n\n\ndef check(candidate):\n    assert candidate('ac') == False\n    assert candidate('dc') == False\n    assert candidate('abbbba') == True\n    assert candidate('dsabbbba') == True\n    assert candidate('asbbbba') == False\n    assert candidate('abaaa') == True\n\ndef test_check():\n    check(text_match_zero_one)\n\ntest_check()\n",
      "timestamp": 1665510614,
      "stdout": "",
      "stderr": "Traceback (most recent call last):\n  File \"/tmp/tmpe910tgic.py\", line 20, in <module>\n    test_check()\n  File \"/tmp/tmpe910tgic.py\", line 18, in test_check\n    check(text_match_zero_one)\n  File \"/tmp/tmpe910tgic.py\", line 10, in check\n    assert candidate('ac') == False\n  File \"/tmp/tmpe910tgic.py\", line 5, in text_match_zero_one\n    pattern = re.compile(r\"ab+\")\nNameError: name 're' is not defined\n",
      "exit_code": 1,
      "status": "Exception"
    },
    {
      "program": "def text_match_zero_one(text: str) -> bool:\n    \"\"\"\n\tWrite a function that matches a string that has an 'a' followed by one or more 'b's. https://www.w3resource.com/python-exercises/re/python-re-exercise-3.php\n\t\"\"\"\n    pattern = re.compile(r\"ab+\")\n    return bool(pattern.match(text))\n\n\ndef check(candidate):\n    assert candidate('ac') == False\n    assert candidate('dc') == False\n    assert candidate('abbbba') == True\n    assert candidate('dsabbbba') == True\n    assert candidate('asbbbba') == False\n    assert candidate('abaaa') == True\n\ndef test_check():\n    check(text_match_zero_one)\n\ntest_check()\n",
      "timestamp": 1665510614,
      "stdout": "",
      "stderr": "Traceback (most recent call last):\n  File \"/tmp/tmpe910tgic.py\", line 20, in <module>\n    test_check()\n  File \"/tmp/tmpe910tgic.py\", line 18, in test_check\n    check(text_match_zero_one)\n  File \"/tmp/tmpe910tgic.py\", line 10, in check\n    assert candidate('ac') == False\n  File \"/tmp/tmpe910tgic.py\", line 5, in text_match_zero_one\n    pattern = re.compile(r\"ab+\")\nNameError: name 're' is not defined\n",
      "exit_code": 1,
      "status": "Exception"
    },
    {
      "program": "def text_match_zero_one(text: str) -> bool:\n    \"\"\"\n\tWrite a function that matches a string that has an 'a' followed by one or more 'b's. https://www.w3resource.com/python-exercises/re/python-re-exercise-3.php\n\t\"\"\"\n    return re.search(r\"ab+\", text)\n\n\ndef check(candidate):\n    assert candidate('ac') == False\n    assert candidate('dc') == False\n    assert candidate('abbbba') == True\n    assert candidate('dsabbbba') == True\n    assert candidate('asbbbba') == False\n    assert candidate('abaaa') == True\n\ndef test_check():\n    check(text_match_zero_one)\n\ntest_check()\n",
      "timestamp": 1665510614,
      "stdout": "",
      "stderr": "Traceback (most recent call last):\n  File \"/tmp/tmpmu5fhnwa.py\", line 19, in <module>\n    test_check()\n  File \"/tmp/tmpmu5fhnwa.py\", line 17, in test_check\n    check(text_match_zero_one)\n  File \"/tmp/tmpmu5fhnwa.py\", line 9, in check\n    assert candidate('ac') == False\n  File \"/tmp/tmpmu5fhnwa.py\", line 5, in text_match_zero_one\n    return re.search(r\"ab+\", text)\nNameError: name 're' is not defined\n",
      "exit_code": 1,
      "status": "Exception"
    },
    {
      "program": "def text_match_zero_one(text: str) -> bool:\n    \"\"\"\n\tWrite a function that matches a string that has an 'a' followed by one or more 'b's. https://www.w3resource.com/python-exercises/re/python-re-exercise-3.php\n\t\"\"\"\n    return bool(re.match(r\"ab+\", text))\n\n\ndef check(candidate):\n    assert candidate('ac') == False\n    assert candidate('dc') == False\n    assert candidate('abbbba') == True\n    assert candidate('dsabbbba') == True\n    assert candidate('asbbbba') == False\n    assert candidate('abaaa') == True\n\ndef test_check():\n    check(text_match_zero_one)\n\ntest_check()\n",
      "timestamp": 1665510614,
      "stdout": "",
      "stderr": "Traceback (most recent call last):\n  File \"/tmp/tmp0mcv8rcl.py\", line 19, in <module>\n    test_check()\n  File \"/tmp/tmp0mcv8rcl.py\", line 17, in test_check\n    check(text_match_zero_one)\n  File \"/tmp/tmp0mcv8rcl.py\", line 9, in check\n    assert candidate('ac') == False\n  File \"/tmp/tmp0mcv8rcl.py\", line 5, in text_match_zero_one\n    return bool(re.match(r\"ab+\", text))\nNameError: name 're' is not defined\n",
      "exit_code": 1,
      "status": "Exception"
    },
    {
      "program": "def text_match_zero_one(text: str) -> bool:\n    \"\"\"\n\tWrite a function that matches a string that has an 'a' followed by one or more 'b's. https://www.w3resource.com/python-exercises/re/python-re-exercise-3.php\n\t\"\"\"\n    return re.search(r\"ab+\", text) is not None\n\n\ndef check(candidate):\n    assert candidate('ac') == False\n    assert candidate('dc') == False\n    assert candidate('abbbba') == True\n    assert candidate('dsabbbba') == True\n    assert candidate('asbbbba') == False\n    assert candidate('abaaa') == True\n\ndef test_check():\n    check(text_match_zero_one)\n\ntest_check()\n",
      "timestamp": 1665510614,
      "stdout": "",
      "stderr": "Traceback (most recent call last):\n  File \"/tmp/tmpmixc7v61.py\", line 19, in <module>\n    test_check()\n  File \"/tmp/tmpmixc7v61.py\", line 17, in test_check\n    check(text_match_zero_one)\n  File \"/tmp/tmpmixc7v61.py\", line 9, in check\n    assert candidate('ac') == False\n  File \"/tmp/tmpmixc7v61.py\", line 5, in text_match_zero_one\n    return re.search(r\"ab+\", text) is not None\nNameError: name 're' is not defined\n",
      "exit_code": 1,
      "status": "Exception"
    },
    {
      "program": "def text_match_zero_one(text: str) -> bool:\n    \"\"\"\n\tWrite a function that matches a string that has an 'a' followed by one or more 'b's. https://www.w3resource.com/python-exercises/re/python-re-exercise-3.php\n\t\"\"\"\n    return bool(re.search(r\"ab+\", text))\n\n\ndef check(candidate):\n    assert candidate('ac') == False\n    assert candidate('dc') == False\n    assert candidate('abbbba') == True\n    assert candidate('dsabbbba') == True\n    assert candidate('asbbbba') == False\n    assert candidate('abaaa') == True\n\ndef test_check():\n    check(text_match_zero_one)\n\ntest_check()\n",
      "timestamp": 1665510614,
      "stdout": "",
      "stderr": "Traceback (most recent call last):\n  File \"/tmp/tmpv2anczjq.py\", line 19, in <module>\n    test_check()\n  File \"/tmp/tmpv2anczjq.py\", line 17, in test_check\n    check(text_match_zero_one)\n  File \"/tmp/tmpv2anczjq.py\", line 9, in check\n    assert candidate('ac') == False\n  File \"/tmp/tmpv2anczjq.py\", line 5, in text_match_zero_one\n    return bool(re.search(r\"ab+\", text))\nNameError: name 're' is not defined\n",
      "exit_code": 1,
      "status": "Exception"
    },
    {
      "program": "def text_match_zero_one(text: str) -> bool:\n    \"\"\"\n\tWrite a function that matches a string that has an 'a' followed by one or more 'b's. https://www.w3resource.com/python-exercises/re/python-re-exercise-3.php\n\t\"\"\"\n    return re.search(r\"ab+\", text)\n\n\ndef check(candidate):\n    assert candidate('ac') == False\n    assert candidate('dc') == False\n    assert candidate('abbbba') == True\n    assert candidate('dsabbbba') == True\n    assert candidate('asbbbba') == False\n    assert candidate('abaaa') == True\n\ndef test_check():\n    check(text_match_zero_one)\n\ntest_check()\n",
      "timestamp": 1665510614,
      "stdout": "",
      "stderr": "Traceback (most recent call last):\n  File \"/tmp/tmpmu5fhnwa.py\", line 19, in <module>\n    test_check()\n  File \"/tmp/tmpmu5fhnwa.py\", line 17, in test_check\n    check(text_match_zero_one)\n  File \"/tmp/tmpmu5fhnwa.py\", line 9, in check\n    assert candidate('ac') == False\n  File \"/tmp/tmpmu5fhnwa.py\", line 5, in text_match_zero_one\n    return re.search(r\"ab+\", text)\nNameError: name 're' is not defined\n",
      "exit_code": 1,
      "status": "Exception"
    },
    {
      "program": "def text_match_zero_one(text: str) -> bool:\n    \"\"\"\n\tWrite a function that matches a string that has an 'a' followed by one or more 'b's. https://www.w3resource.com/python-exercises/re/python-re-exercise-3.php\n\t\"\"\"\n    return re.search(r\"ab+\", text) is not None\n\n\ndef check(candidate):\n    assert candidate('ac') == False\n    assert candidate('dc') == False\n    assert candidate('abbbba') == True\n    assert candidate('dsabbbba') == True\n    assert candidate('asbbbba') == False\n    assert candidate('abaaa') == True\n\ndef test_check():\n    check(text_match_zero_one)\n\ntest_check()\n",
      "timestamp": 1665510614,
      "stdout": "",
      "stderr": "Traceback (most recent call last):\n  File \"/tmp/tmpmixc7v61.py\", line 19, in <module>\n    test_check()\n  File \"/tmp/tmpmixc7v61.py\", line 17, in test_check\n    check(text_match_zero_one)\n  File \"/tmp/tmpmixc7v61.py\", line 9, in check\n    assert candidate('ac') == False\n  File \"/tmp/tmpmixc7v61.py\", line 5, in text_match_zero_one\n    return re.search(r\"ab+\", text) is not None\nNameError: name 're' is not defined\n",
      "exit_code": 1,
      "status": "Exception"
    },
    {
      "program": "def text_match_zero_one(text: str) -> bool:\n    \"\"\"\n\tWrite a function that matches a string that has an 'a' followed by one or more 'b's. https://www.w3resource.com/python-exercises/re/python-re-exercise-3.php\n\t\"\"\"\n    return bool(re.match(r\"ab+\", text))\n\n\ndef check(candidate):\n    assert candidate('ac') == False\n    assert candidate('dc') == False\n    assert candidate('abbbba') == True\n    assert candidate('dsabbbba') == True\n    assert candidate('asbbbba') == False\n    assert candidate('abaaa') == True\n\ndef test_check():\n    check(text_match_zero_one)\n\ntest_check()\n",
      "timestamp": 1665510614,
      "stdout": "",
      "stderr": "Traceback (most recent call last):\n  File \"/tmp/tmp0mcv8rcl.py\", line 19, in <module>\n    test_check()\n  File \"/tmp/tmp0mcv8rcl.py\", line 17, in test_check\n    check(text_match_zero_one)\n  File \"/tmp/tmp0mcv8rcl.py\", line 9, in check\n    assert candidate('ac') == False\n  File \"/tmp/tmp0mcv8rcl.py\", line 5, in text_match_zero_one\n    return bool(re.match(r\"ab+\", text))\nNameError: name 're' is not defined\n",
      "exit_code": 1,
      "status": "Exception"
    },
    {
      "program": "def text_match_zero_one(text: str) -> bool:\n    \"\"\"\n\tWrite a function that matches a string that has an 'a' followed by one or more 'b's. https://www.w3resource.com/python-exercises/re/python-re-exercise-3.php\n\t\"\"\"\n    pattern = re.compile(r\"ab+\")\n    return bool(pattern.match(text))\n\n\ndef check(candidate):\n    assert candidate('ac') == False\n    assert candidate('dc') == False\n    assert candidate('abbbba') == True\n    assert candidate('dsabbbba') == True\n    assert candidate('asbbbba') == False\n    assert candidate('abaaa') == True\n\ndef test_check():\n    check(text_match_zero_one)\n\ntest_check()\n",
      "timestamp": 1665510614,
      "stdout": "",
      "stderr": "Traceback (most recent call last):\n  File \"/tmp/tmpe910tgic.py\", line 20, in <module>\n    test_check()\n  File \"/tmp/tmpe910tgic.py\", line 18, in test_check\n    check(text_match_zero_one)\n  File \"/tmp/tmpe910tgic.py\", line 10, in check\n    assert candidate('ac') == False\n  File \"/tmp/tmpe910tgic.py\", line 5, in text_match_zero_one\n    pattern = re.compile(r\"ab+\")\nNameError: name 're' is not defined\n",
      "exit_code": 1,
      "status": "Exception"
    },
    {
      "program": "def text_match_zero_one(text: str) -> bool:\n    \"\"\"\n\tWrite a function that matches a string that has an 'a' followed by one or more 'b's. https://www.w3resource.com/python-exercises/re/python-re-exercise-3.php\n\t\"\"\"\n    pattern = re.compile(r\"ab+\")\n    return bool(pattern.match(text))\n\n\ndef check(candidate):\n    assert candidate('ac') == False\n    assert candidate('dc') == False\n    assert candidate('abbbba') == True\n    assert candidate('dsabbbba') == True\n    assert candidate('asbbbba') == False\n    assert candidate('abaaa') == True\n\ndef test_check():\n    check(text_match_zero_one)\n\ntest_check()\n",
      "timestamp": 1665510614,
      "stdout": "",
      "stderr": "Traceback (most recent call last):\n  File \"/tmp/tmpe910tgic.py\", line 20, in <module>\n    test_check()\n  File \"/tmp/tmpe910tgic.py\", line 18, in test_check\n    check(text_match_zero_one)\n  File \"/tmp/tmpe910tgic.py\", line 10, in check\n    assert candidate('ac') == False\n  File \"/tmp/tmpe910tgic.py\", line 5, in text_match_zero_one\n    pattern = re.compile(r\"ab+\")\nNameError: name 're' is not defined\n",
      "exit_code": 1,
      "status": "Exception"
    },
    {
      "program": "def text_match_zero_one(text: str) -> bool:\n    \"\"\"\n\tWrite a function that matches a string that has an 'a' followed by one or more 'b's. https://www.w3resource.com/python-exercises/re/python-re-exercise-3.php\n\t\"\"\"\n    return bool(re.search(r\"ab+\", text))\n\n\ndef check(candidate):\n    assert candidate('ac') == False\n    assert candidate('dc') == False\n    assert candidate('abbbba') == True\n    assert candidate('dsabbbba') == True\n    assert candidate('asbbbba') == False\n    assert candidate('abaaa') == True\n\ndef test_check():\n    check(text_match_zero_one)\n\ntest_check()\n",
      "timestamp": 1665510614,
      "stdout": "",
      "stderr": "Traceback (most recent call last):\n  File \"/tmp/tmpv2anczjq.py\", line 19, in <module>\n    test_check()\n  File \"/tmp/tmpv2anczjq.py\", line 17, in test_check\n    check(text_match_zero_one)\n  File \"/tmp/tmpv2anczjq.py\", line 9, in check\n    assert candidate('ac') == False\n  File \"/tmp/tmpv2anczjq.py\", line 5, in text_match_zero_one\n    return bool(re.search(r\"ab+\", text))\nNameError: name 're' is not defined\n",
      "exit_code": 1,
      "status": "Exception"
    },
    {
      "program": "def text_match_zero_one(text: str) -> bool:\n    \"\"\"\n\tWrite a function that matches a string that has an 'a' followed by one or more 'b's. https://www.w3resource.com/python-exercises/re/python-re-exercise-3.php\n\t\"\"\"\n    pattern = re.compile(r\"ab+\")\n    return bool(pattern.match(text))\n\n\ndef check(candidate):\n    assert candidate('ac') == False\n    assert candidate('dc') == False\n    assert candidate('abbbba') == True\n    assert candidate('dsabbbba') == True\n    assert candidate('asbbbba') == False\n    assert candidate('abaaa') == True\n\ndef test_check():\n    check(text_match_zero_one)\n\ntest_check()\n",
      "timestamp": 1665510614,
      "stdout": "",
      "stderr": "Traceback (most recent call last):\n  File \"/tmp/tmpe910tgic.py\", line 20, in <module>\n    test_check()\n  File \"/tmp/tmpe910tgic.py\", line 18, in test_check\n    check(text_match_zero_one)\n  File \"/tmp/tmpe910tgic.py\", line 10, in check\n    assert candidate('ac') == False\n  File \"/tmp/tmpe910tgic.py\", line 5, in text_match_zero_one\n    pattern = re.compile(r\"ab+\")\nNameError: name 're' is not defined\n",
      "exit_code": 1,
      "status": "Exception"
    },
    {
      "program": "def text_match_zero_one(text: str) -> bool:\n    \"\"\"\n\tWrite a function that matches a string that has an 'a' followed by one or more 'b's. https://www.w3resource.com/python-exercises/re/python-re-exercise-3.php\n\t\"\"\"\n    return bool(re.search(r\"ab+\", text))\n\n\ndef check(candidate):\n    assert candidate('ac') == False\n    assert candidate('dc') == False\n    assert candidate('abbbba') == True\n    assert candidate('dsabbbba') == True\n    assert candidate('asbbbba') == False\n    assert candidate('abaaa') == True\n\ndef test_check():\n    check(text_match_zero_one)\n\ntest_check()\n",
      "timestamp": 1665510614,
      "stdout": "",
      "stderr": "Traceback (most recent call last):\n  File \"/tmp/tmpv2anczjq.py\", line 19, in <module>\n    test_check()\n  File \"/tmp/tmpv2anczjq.py\", line 17, in test_check\n    check(text_match_zero_one)\n  File \"/tmp/tmpv2anczjq.py\", line 9, in check\n    assert candidate('ac') == False\n  File \"/tmp/tmpv2anczjq.py\", line 5, in text_match_zero_one\n    return bool(re.search(r\"ab+\", text))\nNameError: name 're' is not defined\n",
      "exit_code": 1,
      "status": "Exception"
    },
    {
      "program": "def text_match_zero_one(text: str) -> bool:\n    \"\"\"\n\tWrite a function that matches a string that has an 'a' followed by one or more 'b's. https://www.w3resource.com/python-exercises/re/python-re-exercise-3.php\n\t\"\"\"\n    return bool(re.search(r\"ab+\", text))\n\n\ndef check(candidate):\n    assert candidate('ac') == False\n    assert candidate('dc') == False\n    assert candidate('abbbba') == True\n    assert candidate('dsabbbba') == True\n    assert candidate('asbbbba') == False\n    assert candidate('abaaa') == True\n\ndef test_check():\n    check(text_match_zero_one)\n\ntest_check()\n",
      "timestamp": 1665510614,
      "stdout": "",
      "stderr": "Traceback (most recent call last):\n  File \"/tmp/tmpv2anczjq.py\", line 19, in <module>\n    test_check()\n  File \"/tmp/tmpv2anczjq.py\", line 17, in test_check\n    check(text_match_zero_one)\n  File \"/tmp/tmpv2anczjq.py\", line 9, in check\n    assert candidate('ac') == False\n  File \"/tmp/tmpv2anczjq.py\", line 5, in text_match_zero_one\n    return bool(re.search(r\"ab+\", text))\nNameError: name 're' is not defined\n",
      "exit_code": 1,
      "status": "Exception"
    },
    {
      "program": "def text_match_zero_one(text: str) -> bool:\n    \"\"\"\n\tWrite a function that matches a string that has an 'a' followed by one or more 'b's. https://www.w3resource.com/python-exercises/re/python-re-exercise-3.php\n\t\"\"\"\n    return re.search(r\"ab+\", text) is not None\n\n\ndef check(candidate):\n    assert candidate('ac') == False\n    assert candidate('dc') == False\n    assert candidate('abbbba') == True\n    assert candidate('dsabbbba') == True\n    assert candidate('asbbbba') == False\n    assert candidate('abaaa') == True\n\ndef test_check():\n    check(text_match_zero_one)\n\ntest_check()\n",
      "timestamp": 1665510614,
      "stdout": "",
      "stderr": "Traceback (most recent call last):\n  File \"/tmp/tmpmixc7v61.py\", line 19, in <module>\n    test_check()\n  File \"/tmp/tmpmixc7v61.py\", line 17, in test_check\n    check(text_match_zero_one)\n  File \"/tmp/tmpmixc7v61.py\", line 9, in check\n    assert candidate('ac') == False\n  File \"/tmp/tmpmixc7v61.py\", line 5, in text_match_zero_one\n    return re.search(r\"ab+\", text) is not None\nNameError: name 're' is not defined\n",
      "exit_code": 1,
      "status": "Exception"
    },
    {
      "program": "def text_match_zero_one(text: str) -> bool:\n    \"\"\"\n\tWrite a function that matches a string that has an 'a' followed by one or more 'b's. https://www.w3resource.com/python-exercises/re/python-re-exercise-3.php\n\t\"\"\"\n    return re.search(r\"ab+\", text) is not None\n\n\ndef check(candidate):\n    assert candidate('ac') == False\n    assert candidate('dc') == False\n    assert candidate('abbbba') == True\n    assert candidate('dsabbbba') == True\n    assert candidate('asbbbba') == False\n    assert candidate('abaaa') == True\n\ndef test_check():\n    check(text_match_zero_one)\n\ntest_check()\n",
      "timestamp": 1665510614,
      "stdout": "",
      "stderr": "Traceback (most recent call last):\n  File \"/tmp/tmpmixc7v61.py\", line 19, in <module>\n    test_check()\n  File \"/tmp/tmpmixc7v61.py\", line 17, in test_check\n    check(text_match_zero_one)\n  File \"/tmp/tmpmixc7v61.py\", line 9, in check\n    assert candidate('ac') == False\n  File \"/tmp/tmpmixc7v61.py\", line 5, in text_match_zero_one\n    return re.search(r\"ab+\", text) is not None\nNameError: name 're' is not defined\n",
      "exit_code": 1,
      "status": "Exception"
    },
    {
      "program": "def text_match_zero_one(text: str) -> bool:\n    \"\"\"\n\tWrite a function that matches a string that has an 'a' followed by one or more 'b's. https://www.w3resource.com/python-exercises/re/python-re-exercise-3.php\n\t\"\"\"\n    return re.search(r\"ab+\", text) is not None\n\n\ndef check(candidate):\n    assert candidate('ac') == False\n    assert candidate('dc') == False\n    assert candidate('abbbba') == True\n    assert candidate('dsabbbba') == True\n    assert candidate('asbbbba') == False\n    assert candidate('abaaa') == True\n\ndef test_check():\n    check(text_match_zero_one)\n\ntest_check()\n",
      "timestamp": 1665510614,
      "stdout": "",
      "stderr": "Traceback (most recent call last):\n  File \"/tmp/tmpmixc7v61.py\", line 19, in <module>\n    test_check()\n  File \"/tmp/tmpmixc7v61.py\", line 17, in test_check\n    check(text_match_zero_one)\n  File \"/tmp/tmpmixc7v61.py\", line 9, in check\n    assert candidate('ac') == False\n  File \"/tmp/tmpmixc7v61.py\", line 5, in text_match_zero_one\n    return re.search(r\"ab+\", text) is not None\nNameError: name 're' is not defined\n",
      "exit_code": 1,
      "status": "Exception"
    },
    {
      "program": "def text_match_zero_one(text: str) -> bool:\n    \"\"\"\n\tWrite a function that matches a string that has an 'a' followed by one or more 'b's. https://www.w3resource.com/python-exercises/re/python-re-exercise-3.php\n\t\"\"\"\n    pattern = re.compile(r\"ab+\")\n    return bool(pattern.match(text))\n\n\ndef check(candidate):\n    assert candidate('ac') == False\n    assert candidate('dc') == False\n    assert candidate('abbbba') == True\n    assert candidate('dsabbbba') == True\n    assert candidate('asbbbba') == False\n    assert candidate('abaaa') == True\n\ndef test_check():\n    check(text_match_zero_one)\n\ntest_check()\n",
      "timestamp": 1665510614,
      "stdout": "",
      "stderr": "Traceback (most recent call last):\n  File \"/tmp/tmpe910tgic.py\", line 20, in <module>\n    test_check()\n  File \"/tmp/tmpe910tgic.py\", line 18, in test_check\n    check(text_match_zero_one)\n  File \"/tmp/tmpe910tgic.py\", line 10, in check\n    assert candidate('ac') == False\n  File \"/tmp/tmpe910tgic.py\", line 5, in text_match_zero_one\n    pattern = re.compile(r\"ab+\")\nNameError: name 're' is not defined\n",
      "exit_code": 1,
      "status": "Exception"
    },
    {
      "program": "def text_match_zero_one(text: str) -> bool:\n    \"\"\"\n\tWrite a function that matches a string that has an 'a' followed by one or more 'b's. https://www.w3resource.com/python-exercises/re/python-re-exercise-3.php\n\t\"\"\"\n    return re.search(r\"ab+\", text) is not None\n\n\ndef check(candidate):\n    assert candidate('ac') == False\n    assert candidate('dc') == False\n    assert candidate('abbbba') == True\n    assert candidate('dsabbbba') == True\n    assert candidate('asbbbba') == False\n    assert candidate('abaaa') == True\n\ndef test_check():\n    check(text_match_zero_one)\n\ntest_check()\n",
      "timestamp": 1665510614,
      "stdout": "",
      "stderr": "Traceback (most recent call last):\n  File \"/tmp/tmpmixc7v61.py\", line 19, in <module>\n    test_check()\n  File \"/tmp/tmpmixc7v61.py\", line 17, in test_check\n    check(text_match_zero_one)\n  File \"/tmp/tmpmixc7v61.py\", line 9, in check\n    assert candidate('ac') == False\n  File \"/tmp/tmpmixc7v61.py\", line 5, in text_match_zero_one\n    return re.search(r\"ab+\", text) is not None\nNameError: name 're' is not defined\n",
      "exit_code": 1,
      "status": "Exception"
    },
    {
      "program": "def text_match_zero_one(text: str) -> bool:\n    \"\"\"\n\tWrite a function that matches a string that has an 'a' followed by one or more 'b's. https://www.w3resource.com/python-exercises/re/python-re-exercise-3.php\n\t\"\"\"\n    return bool(re.search(r\"ab+\", text))\n\n\ndef check(candidate):\n    assert candidate('ac') == False\n    assert candidate('dc') == False\n    assert candidate('abbbba') == True\n    assert candidate('dsabbbba') == True\n    assert candidate('asbbbba') == False\n    assert candidate('abaaa') == True\n\ndef test_check():\n    check(text_match_zero_one)\n\ntest_check()\n",
      "timestamp": 1665510614,
      "stdout": "",
      "stderr": "Traceback (most recent call last):\n  File \"/tmp/tmpv2anczjq.py\", line 19, in <module>\n    test_check()\n  File \"/tmp/tmpv2anczjq.py\", line 17, in test_check\n    check(text_match_zero_one)\n  File \"/tmp/tmpv2anczjq.py\", line 9, in check\n    assert candidate('ac') == False\n  File \"/tmp/tmpv2anczjq.py\", line 5, in text_match_zero_one\n    return bool(re.search(r\"ab+\", text))\nNameError: name 're' is not defined\n",
      "exit_code": 1,
      "status": "Exception"
    },
    {
      "program": "def text_match_zero_one(text: str) -> bool:\n    \"\"\"\n\tWrite a function that matches a string that has an 'a' followed by one or more 'b's. https://www.w3resource.com/python-exercises/re/python-re-exercise-3.php\n\t\"\"\"\n    pattern = re.compile(r\"ab+\")\n    return bool(pattern.match(text))\n\n\ndef check(candidate):\n    assert candidate('ac') == False\n    assert candidate('dc') == False\n    assert candidate('abbbba') == True\n    assert candidate('dsabbbba') == True\n    assert candidate('asbbbba') == False\n    assert candidate('abaaa') == True\n\ndef test_check():\n    check(text_match_zero_one)\n\ntest_check()\n",
      "timestamp": 1665510614,
      "stdout": "",
      "stderr": "Traceback (most recent call last):\n  File \"/tmp/tmpe910tgic.py\", line 20, in <module>\n    test_check()\n  File \"/tmp/tmpe910tgic.py\", line 18, in test_check\n    check(text_match_zero_one)\n  File \"/tmp/tmpe910tgic.py\", line 10, in check\n    assert candidate('ac') == False\n  File \"/tmp/tmpe910tgic.py\", line 5, in text_match_zero_one\n    pattern = re.compile(r\"ab+\")\nNameError: name 're' is not defined\n",
      "exit_code": 1,
      "status": "Exception"
    },
    {
      "program": "def text_match_zero_one(text: str) -> bool:\n    \"\"\"\n\tWrite a function that matches a string that has an 'a' followed by one or more 'b's. https://www.w3resource.com/python-exercises/re/python-re-exercise-3.php\n\t\"\"\"\n    pattern = r\"ab+\"\n    if re.search(pattern, text):\n        return True\n    return False\n\n\ndef check(candidate):\n    assert candidate('ac') == False\n    assert candidate('dc') == False\n    assert candidate('abbbba') == True\n    assert candidate('dsabbbba') == True\n    assert candidate('asbbbba') == False\n    assert candidate('abaaa') == True\n\ndef test_check():\n    check(text_match_zero_one)\n\ntest_check()\n",
      "timestamp": 1666123743,
      "stdout": "",
      "stderr": "Traceback (most recent call last):\n  File \"/tmp/tmp8cuh3bwk.py\", line 22, in <module>\n    test_check()\n  File \"/tmp/tmp8cuh3bwk.py\", line 20, in test_check\n    check(text_match_zero_one)\n  File \"/tmp/tmp8cuh3bwk.py\", line 12, in check\n    assert candidate('ac') == False\n  File \"/tmp/tmp8cuh3bwk.py\", line 6, in text_match_zero_one\n    if re.search(pattern, text):\nNameError: name 're' is not defined\n",
      "exit_code": 1,
      "status": "Exception"
    },
    {
      "program": "def text_match_zero_one(text: str) -> bool:\n    \"\"\"\n\tWrite a function that matches a string that has an 'a' followed by one or more 'b's. https://www.w3resource.com/python-exercises/re/python-re-exercise-3.php\n\t\"\"\"\n    pattern = re.compile(r\"ab+\")\n    return bool(pattern.match(text))\n\n\ndef check(candidate):\n    assert candidate('ac') == False\n    assert candidate('dc') == False\n    assert candidate('abbbba') == True\n    assert candidate('dsabbbba') == True\n    assert candidate('asbbbba') == False\n    assert candidate('abaaa') == True\n\ndef test_check():\n    check(text_match_zero_one)\n\ntest_check()\n",
      "timestamp": 1665510614,
      "stdout": "",
      "stderr": "Traceback (most recent call last):\n  File \"/tmp/tmpe910tgic.py\", line 20, in <module>\n    test_check()\n  File \"/tmp/tmpe910tgic.py\", line 18, in test_check\n    check(text_match_zero_one)\n  File \"/tmp/tmpe910tgic.py\", line 10, in check\n    assert candidate('ac') == False\n  File \"/tmp/tmpe910tgic.py\", line 5, in text_match_zero_one\n    pattern = re.compile(r\"ab+\")\nNameError: name 're' is not defined\n",
      "exit_code": 1,
      "status": "Exception"
    },
    {
      "program": "def text_match_zero_one(text: str) -> bool:\n    \"\"\"\n\tWrite a function that matches a string that has an 'a' followed by one or more 'b's. https://www.w3resource.com/python-exercises/re/python-re-exercise-3.php\n\t\"\"\"\n    return re.search(r\"ab+\", text)\n\n\ndef check(candidate):\n    assert candidate('ac') == False\n    assert candidate('dc') == False\n    assert candidate('abbbba') == True\n    assert candidate('dsabbbba') == True\n    assert candidate('asbbbba') == False\n    assert candidate('abaaa') == True\n\ndef test_check():\n    check(text_match_zero_one)\n\ntest_check()\n",
      "timestamp": 1665510614,
      "stdout": "",
      "stderr": "Traceback (most recent call last):\n  File \"/tmp/tmpmu5fhnwa.py\", line 19, in <module>\n    test_check()\n  File \"/tmp/tmpmu5fhnwa.py\", line 17, in test_check\n    check(text_match_zero_one)\n  File \"/tmp/tmpmu5fhnwa.py\", line 9, in check\n    assert candidate('ac') == False\n  File \"/tmp/tmpmu5fhnwa.py\", line 5, in text_match_zero_one\n    return re.search(r\"ab+\", text)\nNameError: name 're' is not defined\n",
      "exit_code": 1,
      "status": "Exception"
    },
    {
      "program": "def text_match_zero_one(text: str) -> bool:\n    \"\"\"\n\tWrite a function that matches a string that has an 'a' followed by one or more 'b's. https://www.w3resource.com/python-exercises/re/python-re-exercise-3.php\n\t\"\"\"\n    return re.search(r\"ab+\", text) is not None\n\n\ndef check(candidate):\n    assert candidate('ac') == False\n    assert candidate('dc') == False\n    assert candidate('abbbba') == True\n    assert candidate('dsabbbba') == True\n    assert candidate('asbbbba') == False\n    assert candidate('abaaa') == True\n\ndef test_check():\n    check(text_match_zero_one)\n\ntest_check()\n",
      "timestamp": 1665510614,
      "stdout": "",
      "stderr": "Traceback (most recent call last):\n  File \"/tmp/tmpmixc7v61.py\", line 19, in <module>\n    test_check()\n  File \"/tmp/tmpmixc7v61.py\", line 17, in test_check\n    check(text_match_zero_one)\n  File \"/tmp/tmpmixc7v61.py\", line 9, in check\n    assert candidate('ac') == False\n  File \"/tmp/tmpmixc7v61.py\", line 5, in text_match_zero_one\n    return re.search(r\"ab+\", text) is not None\nNameError: name 're' is not defined\n",
      "exit_code": 1,
      "status": "Exception"
    },
    {
      "program": "def text_match_zero_one(text: str) -> bool:\n    \"\"\"\n\tWrite a function that matches a string that has an 'a' followed by one or more 'b's. https://www.w3resource.com/python-exercises/re/python-re-exercise-3.php\n\t\"\"\"\n    return bool(re.search(r\"ab+\", text))\n\n\ndef check(candidate):\n    assert candidate('ac') == False\n    assert candidate('dc') == False\n    assert candidate('abbbba') == True\n    assert candidate('dsabbbba') == True\n    assert candidate('asbbbba') == False\n    assert candidate('abaaa') == True\n\ndef test_check():\n    check(text_match_zero_one)\n\ntest_check()\n",
      "timestamp": 1665510614,
      "stdout": "",
      "stderr": "Traceback (most recent call last):\n  File \"/tmp/tmpv2anczjq.py\", line 19, in <module>\n    test_check()\n  File \"/tmp/tmpv2anczjq.py\", line 17, in test_check\n    check(text_match_zero_one)\n  File \"/tmp/tmpv2anczjq.py\", line 9, in check\n    assert candidate('ac') == False\n  File \"/tmp/tmpv2anczjq.py\", line 5, in text_match_zero_one\n    return bool(re.search(r\"ab+\", text))\nNameError: name 're' is not defined\n",
      "exit_code": 1,
      "status": "Exception"
    },
    {
      "program": "def text_match_zero_one(text: str) -> bool:\n    \"\"\"\n\tWrite a function that matches a string that has an 'a' followed by one or more 'b's. https://www.w3resource.com/python-exercises/re/python-re-exercise-3.php\n\t\"\"\"\n    return bool(re.search(r\"ab+\", text))\n\n\ndef check(candidate):\n    assert candidate('ac') == False\n    assert candidate('dc') == False\n    assert candidate('abbbba') == True\n    assert candidate('dsabbbba') == True\n    assert candidate('asbbbba') == False\n    assert candidate('abaaa') == True\n\ndef test_check():\n    check(text_match_zero_one)\n\ntest_check()\n",
      "timestamp": 1665510614,
      "stdout": "",
      "stderr": "Traceback (most recent call last):\n  File \"/tmp/tmpv2anczjq.py\", line 19, in <module>\n    test_check()\n  File \"/tmp/tmpv2anczjq.py\", line 17, in test_check\n    check(text_match_zero_one)\n  File \"/tmp/tmpv2anczjq.py\", line 9, in check\n    assert candidate('ac') == False\n  File \"/tmp/tmpv2anczjq.py\", line 5, in text_match_zero_one\n    return bool(re.search(r\"ab+\", text))\nNameError: name 're' is not defined\n",
      "exit_code": 1,
      "status": "Exception"
    },
    {
      "program": "def text_match_zero_one(text: str) -> bool:\n    \"\"\"\n\tWrite a function that matches a string that has an 'a' followed by one or more 'b's. https://www.w3resource.com/python-exercises/re/python-re-exercise-3.php\n\t\"\"\"\n    pattern = r\"ab+\"\n    if re.search(pattern, text):\n        return True\n    return False\n\n\ndef check(candidate):\n    assert candidate('ac') == False\n    assert candidate('dc') == False\n    assert candidate('abbbba') == True\n    assert candidate('dsabbbba') == True\n    assert candidate('asbbbba') == False\n    assert candidate('abaaa') == True\n\ndef test_check():\n    check(text_match_zero_one)\n\ntest_check()\n",
      "timestamp": 1666123743,
      "stdout": "",
      "stderr": "Traceback (most recent call last):\n  File \"/tmp/tmp8cuh3bwk.py\", line 22, in <module>\n    test_check()\n  File \"/tmp/tmp8cuh3bwk.py\", line 20, in test_check\n    check(text_match_zero_one)\n  File \"/tmp/tmp8cuh3bwk.py\", line 12, in check\n    assert candidate('ac') == False\n  File \"/tmp/tmp8cuh3bwk.py\", line 6, in text_match_zero_one\n    if re.search(pattern, text):\nNameError: name 're' is not defined\n",
      "exit_code": 1,
      "status": "Exception"
    },
    {
      "program": "def text_match_zero_one(text: str) -> bool:\n    \"\"\"\n\tWrite a function that matches a string that has an 'a' followed by one or more 'b's. https://www.w3resource.com/python-exercises/re/python-re-exercise-3.php\n\t\"\"\"\n    return bool(re.search(r\"ab+\", text))\n\n\ndef check(candidate):\n    assert candidate('ac') == False\n    assert candidate('dc') == False\n    assert candidate('abbbba') == True\n    assert candidate('dsabbbba') == True\n    assert candidate('asbbbba') == False\n    assert candidate('abaaa') == True\n\ndef test_check():\n    check(text_match_zero_one)\n\ntest_check()\n",
      "timestamp": 1665510614,
      "stdout": "",
      "stderr": "Traceback (most recent call last):\n  File \"/tmp/tmpv2anczjq.py\", line 19, in <module>\n    test_check()\n  File \"/tmp/tmpv2anczjq.py\", line 17, in test_check\n    check(text_match_zero_one)\n  File \"/tmp/tmpv2anczjq.py\", line 9, in check\n    assert candidate('ac') == False\n  File \"/tmp/tmpv2anczjq.py\", line 5, in text_match_zero_one\n    return bool(re.search(r\"ab+\", text))\nNameError: name 're' is not defined\n",
      "exit_code": 1,
      "status": "Exception"
    },
    {
      "program": "def text_match_zero_one(text: str) -> bool:\n    \"\"\"\n\tWrite a function that matches a string that has an 'a' followed by one or more 'b's. https://www.w3resource.com/python-exercises/re/python-re-exercise-3.php\n\t\"\"\"\n    pattern = re.compile(r\"ab+\")\n    return bool(pattern.match(text))\n\n\ndef check(candidate):\n    assert candidate('ac') == False\n    assert candidate('dc') == False\n    assert candidate('abbbba') == True\n    assert candidate('dsabbbba') == True\n    assert candidate('asbbbba') == False\n    assert candidate('abaaa') == True\n\ndef test_check():\n    check(text_match_zero_one)\n\ntest_check()\n",
      "timestamp": 1665510614,
      "stdout": "",
      "stderr": "Traceback (most recent call last):\n  File \"/tmp/tmpe910tgic.py\", line 20, in <module>\n    test_check()\n  File \"/tmp/tmpe910tgic.py\", line 18, in test_check\n    check(text_match_zero_one)\n  File \"/tmp/tmpe910tgic.py\", line 10, in check\n    assert candidate('ac') == False\n  File \"/tmp/tmpe910tgic.py\", line 5, in text_match_zero_one\n    pattern = re.compile(r\"ab+\")\nNameError: name 're' is not defined\n",
      "exit_code": 1,
      "status": "Exception"
    },
    {
      "program": "def text_match_zero_one(text: str) -> bool:\n    \"\"\"\n\tWrite a function that matches a string that has an 'a' followed by one or more 'b's. https://www.w3resource.com/python-exercises/re/python-re-exercise-3.php\n\t\"\"\"\n    pattern = re.compile(r\"ab+\")\n    return bool(pattern.match(text))\n\n\ndef check(candidate):\n    assert candidate('ac') == False\n    assert candidate('dc') == False\n    assert candidate('abbbba') == True\n    assert candidate('dsabbbba') == True\n    assert candidate('asbbbba') == False\n    assert candidate('abaaa') == True\n\ndef test_check():\n    check(text_match_zero_one)\n\ntest_check()\n",
      "timestamp": 1665510614,
      "stdout": "",
      "stderr": "Traceback (most recent call last):\n  File \"/tmp/tmpe910tgic.py\", line 20, in <module>\n    test_check()\n  File \"/tmp/tmpe910tgic.py\", line 18, in test_check\n    check(text_match_zero_one)\n  File \"/tmp/tmpe910tgic.py\", line 10, in check\n    assert candidate('ac') == False\n  File \"/tmp/tmpe910tgic.py\", line 5, in text_match_zero_one\n    pattern = re.compile(r\"ab+\")\nNameError: name 're' is not defined\n",
      "exit_code": 1,
      "status": "Exception"
    },
    {
      "program": "def text_match_zero_one(text: str) -> bool:\n    \"\"\"\n\tWrite a function that matches a string that has an 'a' followed by one or more 'b's. https://www.w3resource.com/python-exercises/re/python-re-exercise-3.php\n\t\"\"\"\n    return bool(re.match(r\"^a[b]+$\", text))\n\n\ndef check(candidate):\n    assert candidate('ac') == False\n    assert candidate('dc') == False\n    assert candidate('abbbba') == True\n    assert candidate('dsabbbba') == True\n    assert candidate('asbbbba') == False\n    assert candidate('abaaa') == True\n\ndef test_check():\n    check(text_match_zero_one)\n\ntest_check()\n",
      "timestamp": 1666123743,
      "stdout": "",
      "stderr": "Traceback (most recent call last):\n  File \"/tmp/tmpnn2piww2.py\", line 19, in <module>\n    test_check()\n  File \"/tmp/tmpnn2piww2.py\", line 17, in test_check\n    check(text_match_zero_one)\n  File \"/tmp/tmpnn2piww2.py\", line 9, in check\n    assert candidate('ac') == False\n  File \"/tmp/tmpnn2piww2.py\", line 5, in text_match_zero_one\n    return bool(re.match(r\"^a[b]+$\", text))\nNameError: name 're' is not defined\n",
      "exit_code": 1,
      "status": "Exception"
    },
    {
      "program": "def text_match_zero_one(text: str) -> bool:\n    \"\"\"\n\tWrite a function that matches a string that has an 'a' followed by one or more 'b's. https://www.w3resource.com/python-exercises/re/python-re-exercise-3.php\n\t\"\"\"\n    pattern = re.compile(r\"ab+\")\n    return bool(pattern.match(text))\n\n\ndef check(candidate):\n    assert candidate('ac') == False\n    assert candidate('dc') == False\n    assert candidate('abbbba') == True\n    assert candidate('dsabbbba') == True\n    assert candidate('asbbbba') == False\n    assert candidate('abaaa') == True\n\ndef test_check():\n    check(text_match_zero_one)\n\ntest_check()\n",
      "timestamp": 1665510614,
      "stdout": "",
      "stderr": "Traceback (most recent call last):\n  File \"/tmp/tmpe910tgic.py\", line 20, in <module>\n    test_check()\n  File \"/tmp/tmpe910tgic.py\", line 18, in test_check\n    check(text_match_zero_one)\n  File \"/tmp/tmpe910tgic.py\", line 10, in check\n    assert candidate('ac') == False\n  File \"/tmp/tmpe910tgic.py\", line 5, in text_match_zero_one\n    pattern = re.compile(r\"ab+\")\nNameError: name 're' is not defined\n",
      "exit_code": 1,
      "status": "Exception"
    },
    {
      "program": "def text_match_zero_one(text: str) -> bool:\n    \"\"\"\n\tWrite a function that matches a string that has an 'a' followed by one or more 'b's. https://www.w3resource.com/python-exercises/re/python-re-exercise-3.php\n\t\"\"\"\n    pattern = re.compile(r\"ab+\")\n    return bool(pattern.match(text))\n\n\ndef check(candidate):\n    assert candidate('ac') == False\n    assert candidate('dc') == False\n    assert candidate('abbbba') == True\n    assert candidate('dsabbbba') == True\n    assert candidate('asbbbba') == False\n    assert candidate('abaaa') == True\n\ndef test_check():\n    check(text_match_zero_one)\n\ntest_check()\n",
      "timestamp": 1665510614,
      "stdout": "",
      "stderr": "Traceback (most recent call last):\n  File \"/tmp/tmpe910tgic.py\", line 20, in <module>\n    test_check()\n  File \"/tmp/tmpe910tgic.py\", line 18, in test_check\n    check(text_match_zero_one)\n  File \"/tmp/tmpe910tgic.py\", line 10, in check\n    assert candidate('ac') == False\n  File \"/tmp/tmpe910tgic.py\", line 5, in text_match_zero_one\n    pattern = re.compile(r\"ab+\")\nNameError: name 're' is not defined\n",
      "exit_code": 1,
      "status": "Exception"
    },
    {
      "program": "def text_match_zero_one(text: str) -> bool:\n    \"\"\"\n\tWrite a function that matches a string that has an 'a' followed by one or more 'b's. https://www.w3resource.com/python-exercises/re/python-re-exercise-3.php\n\t\"\"\"\n    pattern = re.compile(r\"ab+\")\n    return bool(pattern.match(text))\n\n\ndef check(candidate):\n    assert candidate('ac') == False\n    assert candidate('dc') == False\n    assert candidate('abbbba') == True\n    assert candidate('dsabbbba') == True\n    assert candidate('asbbbba') == False\n    assert candidate('abaaa') == True\n\ndef test_check():\n    check(text_match_zero_one)\n\ntest_check()\n",
      "timestamp": 1665510614,
      "stdout": "",
      "stderr": "Traceback (most recent call last):\n  File \"/tmp/tmpe910tgic.py\", line 20, in <module>\n    test_check()\n  File \"/tmp/tmpe910tgic.py\", line 18, in test_check\n    check(text_match_zero_one)\n  File \"/tmp/tmpe910tgic.py\", line 10, in check\n    assert candidate('ac') == False\n  File \"/tmp/tmpe910tgic.py\", line 5, in text_match_zero_one\n    pattern = re.compile(r\"ab+\")\nNameError: name 're' is not defined\n",
      "exit_code": 1,
      "status": "Exception"
    },
    {
      "program": "def text_match_zero_one(text: str) -> bool:\n    \"\"\"\n\tWrite a function that matches a string that has an 'a' followed by one or more 'b's. https://www.w3resource.com/python-exercises/re/python-re-exercise-3.php\n\t\"\"\"\n    return re.search(r\"ab+\", text)\n\n\ndef check(candidate):\n    assert candidate('ac') == False\n    assert candidate('dc') == False\n    assert candidate('abbbba') == True\n    assert candidate('dsabbbba') == True\n    assert candidate('asbbbba') == False\n    assert candidate('abaaa') == True\n\ndef test_check():\n    check(text_match_zero_one)\n\ntest_check()\n",
      "timestamp": 1665510614,
      "stdout": "",
      "stderr": "Traceback (most recent call last):\n  File \"/tmp/tmpmu5fhnwa.py\", line 19, in <module>\n    test_check()\n  File \"/tmp/tmpmu5fhnwa.py\", line 17, in test_check\n    check(text_match_zero_one)\n  File \"/tmp/tmpmu5fhnwa.py\", line 9, in check\n    assert candidate('ac') == False\n  File \"/tmp/tmpmu5fhnwa.py\", line 5, in text_match_zero_one\n    return re.search(r\"ab+\", text)\nNameError: name 're' is not defined\n",
      "exit_code": 1,
      "status": "Exception"
    },
    {
      "program": "def text_match_zero_one(text: str) -> bool:\n    \"\"\"\n\tWrite a function that matches a string that has an 'a' followed by one or more 'b's. https://www.w3resource.com/python-exercises/re/python-re-exercise-3.php\n\t\"\"\"\n    return re.search(r\"ab+\", text)\n\n\ndef check(candidate):\n    assert candidate('ac') == False\n    assert candidate('dc') == False\n    assert candidate('abbbba') == True\n    assert candidate('dsabbbba') == True\n    assert candidate('asbbbba') == False\n    assert candidate('abaaa') == True\n\ndef test_check():\n    check(text_match_zero_one)\n\ntest_check()\n",
      "timestamp": 1665510614,
      "stdout": "",
      "stderr": "Traceback (most recent call last):\n  File \"/tmp/tmpmu5fhnwa.py\", line 19, in <module>\n    test_check()\n  File \"/tmp/tmpmu5fhnwa.py\", line 17, in test_check\n    check(text_match_zero_one)\n  File \"/tmp/tmpmu5fhnwa.py\", line 9, in check\n    assert candidate('ac') == False\n  File \"/tmp/tmpmu5fhnwa.py\", line 5, in text_match_zero_one\n    return re.search(r\"ab+\", text)\nNameError: name 're' is not defined\n",
      "exit_code": 1,
      "status": "Exception"
    },
    {
      "program": "def text_match_zero_one(text: str) -> bool:\n    \"\"\"\n\tWrite a function that matches a string that has an 'a' followed by one or more 'b's. https://www.w3resource.com/python-exercises/re/python-re-exercise-3.php\n\t\"\"\"\n    pattern = re.compile(r\"ab+\")\n    return bool(pattern.match(text))\n\n\ndef check(candidate):\n    assert candidate('ac') == False\n    assert candidate('dc') == False\n    assert candidate('abbbba') == True\n    assert candidate('dsabbbba') == True\n    assert candidate('asbbbba') == False\n    assert candidate('abaaa') == True\n\ndef test_check():\n    check(text_match_zero_one)\n\ntest_check()\n",
      "timestamp": 1665510614,
      "stdout": "",
      "stderr": "Traceback (most recent call last):\n  File \"/tmp/tmpe910tgic.py\", line 20, in <module>\n    test_check()\n  File \"/tmp/tmpe910tgic.py\", line 18, in test_check\n    check(text_match_zero_one)\n  File \"/tmp/tmpe910tgic.py\", line 10, in check\n    assert candidate('ac') == False\n  File \"/tmp/tmpe910tgic.py\", line 5, in text_match_zero_one\n    pattern = re.compile(r\"ab+\")\nNameError: name 're' is not defined\n",
      "exit_code": 1,
      "status": "Exception"
    },
    {
      "program": "def text_match_zero_one(text: str) -> bool:\n    \"\"\"\n\tWrite a function that matches a string that has an 'a' followed by one or more 'b's. https://www.w3resource.com/python-exercises/re/python-re-exercise-3.php\n\t\"\"\"\n    pattern = re.compile(r\"ab+\")\n    return bool(pattern.match(text))\n\n\ndef check(candidate):\n    assert candidate('ac') == False\n    assert candidate('dc') == False\n    assert candidate('abbbba') == True\n    assert candidate('dsabbbba') == True\n    assert candidate('asbbbba') == False\n    assert candidate('abaaa') == True\n\ndef test_check():\n    check(text_match_zero_one)\n\ntest_check()\n",
      "timestamp": 1665510614,
      "stdout": "",
      "stderr": "Traceback (most recent call last):\n  File \"/tmp/tmpe910tgic.py\", line 20, in <module>\n    test_check()\n  File \"/tmp/tmpe910tgic.py\", line 18, in test_check\n    check(text_match_zero_one)\n  File \"/tmp/tmpe910tgic.py\", line 10, in check\n    assert candidate('ac') == False\n  File \"/tmp/tmpe910tgic.py\", line 5, in text_match_zero_one\n    pattern = re.compile(r\"ab+\")\nNameError: name 're' is not defined\n",
      "exit_code": 1,
      "status": "Exception"
    },
    {
      "program": "def text_match_zero_one(text: str) -> bool:\n    \"\"\"\n\tWrite a function that matches a string that has an 'a' followed by one or more 'b's. https://www.w3resource.com/python-exercises/re/python-re-exercise-3.php\n\t\"\"\"\n    return bool(re.search(r\"ab+\", text))\n\n\ndef check(candidate):\n    assert candidate('ac') == False\n    assert candidate('dc') == False\n    assert candidate('abbbba') == True\n    assert candidate('dsabbbba') == True\n    assert candidate('asbbbba') == False\n    assert candidate('abaaa') == True\n\ndef test_check():\n    check(text_match_zero_one)\n\ntest_check()\n",
      "timestamp": 1665510614,
      "stdout": "",
      "stderr": "Traceback (most recent call last):\n  File \"/tmp/tmpv2anczjq.py\", line 19, in <module>\n    test_check()\n  File \"/tmp/tmpv2anczjq.py\", line 17, in test_check\n    check(text_match_zero_one)\n  File \"/tmp/tmpv2anczjq.py\", line 9, in check\n    assert candidate('ac') == False\n  File \"/tmp/tmpv2anczjq.py\", line 5, in text_match_zero_one\n    return bool(re.search(r\"ab+\", text))\nNameError: name 're' is not defined\n",
      "exit_code": 1,
      "status": "Exception"
    },
    {
      "program": "def text_match_zero_one(text: str) -> bool:\n    \"\"\"\n\tWrite a function that matches a string that has an 'a' followed by one or more 'b's. https://www.w3resource.com/python-exercises/re/python-re-exercise-3.php\n\t\"\"\"\n    return bool(re.search(r\"ab+\", text))\n\n\ndef check(candidate):\n    assert candidate('ac') == False\n    assert candidate('dc') == False\n    assert candidate('abbbba') == True\n    assert candidate('dsabbbba') == True\n    assert candidate('asbbbba') == False\n    assert candidate('abaaa') == True\n\ndef test_check():\n    check(text_match_zero_one)\n\ntest_check()\n",
      "timestamp": 1665510614,
      "stdout": "",
      "stderr": "Traceback (most recent call last):\n  File \"/tmp/tmpv2anczjq.py\", line 19, in <module>\n    test_check()\n  File \"/tmp/tmpv2anczjq.py\", line 17, in test_check\n    check(text_match_zero_one)\n  File \"/tmp/tmpv2anczjq.py\", line 9, in check\n    assert candidate('ac') == False\n  File \"/tmp/tmpv2anczjq.py\", line 5, in text_match_zero_one\n    return bool(re.search(r\"ab+\", text))\nNameError: name 're' is not defined\n",
      "exit_code": 1,
      "status": "Exception"
    },
    {
      "program": "def text_match_zero_one(text: str) -> bool:\n    \"\"\"\n\tWrite a function that matches a string that has an 'a' followed by one or more 'b's. https://www.w3resource.com/python-exercises/re/python-re-exercise-3.php\n\t\"\"\"\n    pattern = re.compile(r\"ab+\")\n    return bool(pattern.match(text))\n\n\ndef check(candidate):\n    assert candidate('ac') == False\n    assert candidate('dc') == False\n    assert candidate('abbbba') == True\n    assert candidate('dsabbbba') == True\n    assert candidate('asbbbba') == False\n    assert candidate('abaaa') == True\n\ndef test_check():\n    check(text_match_zero_one)\n\ntest_check()\n",
      "timestamp": 1665510614,
      "stdout": "",
      "stderr": "Traceback (most recent call last):\n  File \"/tmp/tmpe910tgic.py\", line 20, in <module>\n    test_check()\n  File \"/tmp/tmpe910tgic.py\", line 18, in test_check\n    check(text_match_zero_one)\n  File \"/tmp/tmpe910tgic.py\", line 10, in check\n    assert candidate('ac') == False\n  File \"/tmp/tmpe910tgic.py\", line 5, in text_match_zero_one\n    pattern = re.compile(r\"ab+\")\nNameError: name 're' is not defined\n",
      "exit_code": 1,
      "status": "Exception"
    },
    {
      "program": "def text_match_zero_one(text: str) -> bool:\n    \"\"\"\n\tWrite a function that matches a string that has an 'a' followed by one or more 'b's. https://www.w3resource.com/python-exercises/re/python-re-exercise-3.php\n\t\"\"\"\n    return re.search(r\"ab+\", text) is not None\n\n\ndef check(candidate):\n    assert candidate('ac') == False\n    assert candidate('dc') == False\n    assert candidate('abbbba') == True\n    assert candidate('dsabbbba') == True\n    assert candidate('asbbbba') == False\n    assert candidate('abaaa') == True\n\ndef test_check():\n    check(text_match_zero_one)\n\ntest_check()\n",
      "timestamp": 1665510614,
      "stdout": "",
      "stderr": "Traceback (most recent call last):\n  File \"/tmp/tmpmixc7v61.py\", line 19, in <module>\n    test_check()\n  File \"/tmp/tmpmixc7v61.py\", line 17, in test_check\n    check(text_match_zero_one)\n  File \"/tmp/tmpmixc7v61.py\", line 9, in check\n    assert candidate('ac') == False\n  File \"/tmp/tmpmixc7v61.py\", line 5, in text_match_zero_one\n    return re.search(r\"ab+\", text) is not None\nNameError: name 're' is not defined\n",
      "exit_code": 1,
      "status": "Exception"
    },
    {
      "program": "def text_match_zero_one(text: str) -> bool:\n    \"\"\"\n\tWrite a function that matches a string that has an 'a' followed by one or more 'b's. https://www.w3resource.com/python-exercises/re/python-re-exercise-3.php\n\t\"\"\"\n    return bool(re.match(r\"ab+\", text))\n\n\ndef check(candidate):\n    assert candidate('ac') == False\n    assert candidate('dc') == False\n    assert candidate('abbbba') == True\n    assert candidate('dsabbbba') == True\n    assert candidate('asbbbba') == False\n    assert candidate('abaaa') == True\n\ndef test_check():\n    check(text_match_zero_one)\n\ntest_check()\n",
      "timestamp": 1665510614,
      "stdout": "",
      "stderr": "Traceback (most recent call last):\n  File \"/tmp/tmp0mcv8rcl.py\", line 19, in <module>\n    test_check()\n  File \"/tmp/tmp0mcv8rcl.py\", line 17, in test_check\n    check(text_match_zero_one)\n  File \"/tmp/tmp0mcv8rcl.py\", line 9, in check\n    assert candidate('ac') == False\n  File \"/tmp/tmp0mcv8rcl.py\", line 5, in text_match_zero_one\n    return bool(re.match(r\"ab+\", text))\nNameError: name 're' is not defined\n",
      "exit_code": 1,
      "status": "Exception"
    },
    {
      "program": "def text_match_zero_one(text: str) -> bool:\n    \"\"\"\n\tWrite a function that matches a string that has an 'a' followed by one or more 'b's. https://www.w3resource.com/python-exercises/re/python-re-exercise-3.php\n\t\"\"\"\n    return bool(re.search(r\"ab+\", text))\n\n\ndef check(candidate):\n    assert candidate('ac') == False\n    assert candidate('dc') == False\n    assert candidate('abbbba') == True\n    assert candidate('dsabbbba') == True\n    assert candidate('asbbbba') == False\n    assert candidate('abaaa') == True\n\ndef test_check():\n    check(text_match_zero_one)\n\ntest_check()\n",
      "timestamp": 1665510614,
      "stdout": "",
      "stderr": "Traceback (most recent call last):\n  File \"/tmp/tmpv2anczjq.py\", line 19, in <module>\n    test_check()\n  File \"/tmp/tmpv2anczjq.py\", line 17, in test_check\n    check(text_match_zero_one)\n  File \"/tmp/tmpv2anczjq.py\", line 9, in check\n    assert candidate('ac') == False\n  File \"/tmp/tmpv2anczjq.py\", line 5, in text_match_zero_one\n    return bool(re.search(r\"ab+\", text))\nNameError: name 're' is not defined\n",
      "exit_code": 1,
      "status": "Exception"
    },
    {
      "program": "def text_match_zero_one(text: str) -> bool:\n    \"\"\"\n\tWrite a function that matches a string that has an 'a' followed by one or more 'b's. https://www.w3resource.com/python-exercises/re/python-re-exercise-3.php\n\t\"\"\"\n    return re.search(r\"ab+\", text) is not None\n\n\ndef check(candidate):\n    assert candidate('ac') == False\n    assert candidate('dc') == False\n    assert candidate('abbbba') == True\n    assert candidate('dsabbbba') == True\n    assert candidate('asbbbba') == False\n    assert candidate('abaaa') == True\n\ndef test_check():\n    check(text_match_zero_one)\n\ntest_check()\n",
      "timestamp": 1665510614,
      "stdout": "",
      "stderr": "Traceback (most recent call last):\n  File \"/tmp/tmpmixc7v61.py\", line 19, in <module>\n    test_check()\n  File \"/tmp/tmpmixc7v61.py\", line 17, in test_check\n    check(text_match_zero_one)\n  File \"/tmp/tmpmixc7v61.py\", line 9, in check\n    assert candidate('ac') == False\n  File \"/tmp/tmpmixc7v61.py\", line 5, in text_match_zero_one\n    return re.search(r\"ab+\", text) is not None\nNameError: name 're' is not defined\n",
      "exit_code": 1,
      "status": "Exception"
    },
    {
      "program": "def text_match_zero_one(text: str) -> bool:\n    \"\"\"\n\tWrite a function that matches a string that has an 'a' followed by one or more 'b's. https://www.w3resource.com/python-exercises/re/python-re-exercise-3.php\n\t\"\"\"\n    return bool(re.search(r\"ab+\", text))\n\n\ndef check(candidate):\n    assert candidate('ac') == False\n    assert candidate('dc') == False\n    assert candidate('abbbba') == True\n    assert candidate('dsabbbba') == True\n    assert candidate('asbbbba') == False\n    assert candidate('abaaa') == True\n\ndef test_check():\n    check(text_match_zero_one)\n\ntest_check()\n",
      "timestamp": 1665510614,
      "stdout": "",
      "stderr": "Traceback (most recent call last):\n  File \"/tmp/tmpv2anczjq.py\", line 19, in <module>\n    test_check()\n  File \"/tmp/tmpv2anczjq.py\", line 17, in test_check\n    check(text_match_zero_one)\n  File \"/tmp/tmpv2anczjq.py\", line 9, in check\n    assert candidate('ac') == False\n  File \"/tmp/tmpv2anczjq.py\", line 5, in text_match_zero_one\n    return bool(re.search(r\"ab+\", text))\nNameError: name 're' is not defined\n",
      "exit_code": 1,
      "status": "Exception"
    },
    {
      "program": "def text_match_zero_one(text: str) -> bool:\n    \"\"\"\n\tWrite a function that matches a string that has an 'a' followed by one or more 'b's. https://www.w3resource.com/python-exercises/re/python-re-exercise-3.php\n\t\"\"\"\n    return bool(re.search(r\"ab+\", text))\n\n\ndef check(candidate):\n    assert candidate('ac') == False\n    assert candidate('dc') == False\n    assert candidate('abbbba') == True\n    assert candidate('dsabbbba') == True\n    assert candidate('asbbbba') == False\n    assert candidate('abaaa') == True\n\ndef test_check():\n    check(text_match_zero_one)\n\ntest_check()\n",
      "timestamp": 1665510614,
      "stdout": "",
      "stderr": "Traceback (most recent call last):\n  File \"/tmp/tmpv2anczjq.py\", line 19, in <module>\n    test_check()\n  File \"/tmp/tmpv2anczjq.py\", line 17, in test_check\n    check(text_match_zero_one)\n  File \"/tmp/tmpv2anczjq.py\", line 9, in check\n    assert candidate('ac') == False\n  File \"/tmp/tmpv2anczjq.py\", line 5, in text_match_zero_one\n    return bool(re.search(r\"ab+\", text))\nNameError: name 're' is not defined\n",
      "exit_code": 1,
      "status": "Exception"
    },
    {
      "program": "def text_match_zero_one(text: str) -> bool:\n    \"\"\"\n\tWrite a function that matches a string that has an 'a' followed by one or more 'b's. https://www.w3resource.com/python-exercises/re/python-re-exercise-3.php\n\t\"\"\"\n    return bool(re.search(r\"ab+\", text))\n\n\ndef check(candidate):\n    assert candidate('ac') == False\n    assert candidate('dc') == False\n    assert candidate('abbbba') == True\n    assert candidate('dsabbbba') == True\n    assert candidate('asbbbba') == False\n    assert candidate('abaaa') == True\n\ndef test_check():\n    check(text_match_zero_one)\n\ntest_check()\n",
      "timestamp": 1665510614,
      "stdout": "",
      "stderr": "Traceback (most recent call last):\n  File \"/tmp/tmpv2anczjq.py\", line 19, in <module>\n    test_check()\n  File \"/tmp/tmpv2anczjq.py\", line 17, in test_check\n    check(text_match_zero_one)\n  File \"/tmp/tmpv2anczjq.py\", line 9, in check\n    assert candidate('ac') == False\n  File \"/tmp/tmpv2anczjq.py\", line 5, in text_match_zero_one\n    return bool(re.search(r\"ab+\", text))\nNameError: name 're' is not defined\n",
      "exit_code": 1,
      "status": "Exception"
    },
    {
      "program": "def text_match_zero_one(text: str) -> bool:\n    \"\"\"\n\tWrite a function that matches a string that has an 'a' followed by one or more 'b's. https://www.w3resource.com/python-exercises/re/python-re-exercise-3.php\n\t\"\"\"\n    return bool(re.match(r\"ab+\", text))\n\n\ndef check(candidate):\n    assert candidate('ac') == False\n    assert candidate('dc') == False\n    assert candidate('abbbba') == True\n    assert candidate('dsabbbba') == True\n    assert candidate('asbbbba') == False\n    assert candidate('abaaa') == True\n\ndef test_check():\n    check(text_match_zero_one)\n\ntest_check()\n",
      "timestamp": 1665510614,
      "stdout": "",
      "stderr": "Traceback (most recent call last):\n  File \"/tmp/tmp0mcv8rcl.py\", line 19, in <module>\n    test_check()\n  File \"/tmp/tmp0mcv8rcl.py\", line 17, in test_check\n    check(text_match_zero_one)\n  File \"/tmp/tmp0mcv8rcl.py\", line 9, in check\n    assert candidate('ac') == False\n  File \"/tmp/tmp0mcv8rcl.py\", line 5, in text_match_zero_one\n    return bool(re.match(r\"ab+\", text))\nNameError: name 're' is not defined\n",
      "exit_code": 1,
      "status": "Exception"
    },
    {
      "program": "def text_match_zero_one(text: str) -> bool:\n    \"\"\"\n\tWrite a function that matches a string that has an 'a' followed by one or more 'b's. https://www.w3resource.com/python-exercises/re/python-re-exercise-3.php\n\t\"\"\"\n    pattern = re.compile(r'ab+')\n    return bool(pattern.match(text))\n\n\ndef check(candidate):\n    assert candidate('ac') == False\n    assert candidate('dc') == False\n    assert candidate('abbbba') == True\n    assert candidate('dsabbbba') == True\n    assert candidate('asbbbba') == False\n    assert candidate('abaaa') == True\n\ndef test_check():\n    check(text_match_zero_one)\n\ntest_check()\n",
      "timestamp": 1666123743,
      "stdout": "",
      "stderr": "Traceback (most recent call last):\n  File \"/tmp/tmprt9us6iz.py\", line 20, in <module>\n    test_check()\n  File \"/tmp/tmprt9us6iz.py\", line 18, in test_check\n    check(text_match_zero_one)\n  File \"/tmp/tmprt9us6iz.py\", line 10, in check\n    assert candidate('ac') == False\n  File \"/tmp/tmprt9us6iz.py\", line 5, in text_match_zero_one\n    pattern = re.compile(r'ab+')\nNameError: name 're' is not defined\n",
      "exit_code": 1,
      "status": "Exception"
    },
    {
      "program": "def text_match_zero_one(text: str) -> bool:\n    \"\"\"\n\tWrite a function that matches a string that has an 'a' followed by one or more 'b's. https://www.w3resource.com/python-exercises/re/python-re-exercise-3.php\n\t\"\"\"\n    return bool(re.search(r\"ab+\", text))\n\n\ndef check(candidate):\n    assert candidate('ac') == False\n    assert candidate('dc') == False\n    assert candidate('abbbba') == True\n    assert candidate('dsabbbba') == True\n    assert candidate('asbbbba') == False\n    assert candidate('abaaa') == True\n\ndef test_check():\n    check(text_match_zero_one)\n\ntest_check()\n",
      "timestamp": 1665510614,
      "stdout": "",
      "stderr": "Traceback (most recent call last):\n  File \"/tmp/tmpv2anczjq.py\", line 19, in <module>\n    test_check()\n  File \"/tmp/tmpv2anczjq.py\", line 17, in test_check\n    check(text_match_zero_one)\n  File \"/tmp/tmpv2anczjq.py\", line 9, in check\n    assert candidate('ac') == False\n  File \"/tmp/tmpv2anczjq.py\", line 5, in text_match_zero_one\n    return bool(re.search(r\"ab+\", text))\nNameError: name 're' is not defined\n",
      "exit_code": 1,
      "status": "Exception"
    },
    {
      "program": "def text_match_zero_one(text: str) -> bool:\n    \"\"\"\n\tWrite a function that matches a string that has an 'a' followed by one or more 'b's. https://www.w3resource.com/python-exercises/re/python-re-exercise-3.php\n\t\"\"\"\n    pattern = re.compile(r\"ab+\")\n    return bool(pattern.match(text))\n\n\ndef check(candidate):\n    assert candidate('ac') == False\n    assert candidate('dc') == False\n    assert candidate('abbbba') == True\n    assert candidate('dsabbbba') == True\n    assert candidate('asbbbba') == False\n    assert candidate('abaaa') == True\n\ndef test_check():\n    check(text_match_zero_one)\n\ntest_check()\n",
      "timestamp": 1665510614,
      "stdout": "",
      "stderr": "Traceback (most recent call last):\n  File \"/tmp/tmpe910tgic.py\", line 20, in <module>\n    test_check()\n  File \"/tmp/tmpe910tgic.py\", line 18, in test_check\n    check(text_match_zero_one)\n  File \"/tmp/tmpe910tgic.py\", line 10, in check\n    assert candidate('ac') == False\n  File \"/tmp/tmpe910tgic.py\", line 5, in text_match_zero_one\n    pattern = re.compile(r\"ab+\")\nNameError: name 're' is not defined\n",
      "exit_code": 1,
      "status": "Exception"
    },
    {
      "program": "def text_match_zero_one(text: str) -> bool:\n    \"\"\"\n\tWrite a function that matches a string that has an 'a' followed by one or more 'b's. https://www.w3resource.com/python-exercises/re/python-re-exercise-3.php\n\t\"\"\"\n    pattern = r\"ab+\"\n    if re.search(pattern, text):\n        return True\n    return False\n\n\ndef check(candidate):\n    assert candidate('ac') == False\n    assert candidate('dc') == False\n    assert candidate('abbbba') == True\n    assert candidate('dsabbbba') == True\n    assert candidate('asbbbba') == False\n    assert candidate('abaaa') == True\n\ndef test_check():\n    check(text_match_zero_one)\n\ntest_check()\n",
      "timestamp": 1666123743,
      "stdout": "",
      "stderr": "Traceback (most recent call last):\n  File \"/tmp/tmp8cuh3bwk.py\", line 22, in <module>\n    test_check()\n  File \"/tmp/tmp8cuh3bwk.py\", line 20, in test_check\n    check(text_match_zero_one)\n  File \"/tmp/tmp8cuh3bwk.py\", line 12, in check\n    assert candidate('ac') == False\n  File \"/tmp/tmp8cuh3bwk.py\", line 6, in text_match_zero_one\n    if re.search(pattern, text):\nNameError: name 're' is not defined\n",
      "exit_code": 1,
      "status": "Exception"
    },
    {
      "program": "def text_match_zero_one(text: str) -> bool:\n    \"\"\"\n\tWrite a function that matches a string that has an 'a' followed by one or more 'b's. https://www.w3resource.com/python-exercises/re/python-re-exercise-3.php\n\t\"\"\"\n    return bool(re.search(r\"ab+\", text))\n\n\ndef check(candidate):\n    assert candidate('ac') == False\n    assert candidate('dc') == False\n    assert candidate('abbbba') == True\n    assert candidate('dsabbbba') == True\n    assert candidate('asbbbba') == False\n    assert candidate('abaaa') == True\n\ndef test_check():\n    check(text_match_zero_one)\n\ntest_check()\n",
      "timestamp": 1665510614,
      "stdout": "",
      "stderr": "Traceback (most recent call last):\n  File \"/tmp/tmpv2anczjq.py\", line 19, in <module>\n    test_check()\n  File \"/tmp/tmpv2anczjq.py\", line 17, in test_check\n    check(text_match_zero_one)\n  File \"/tmp/tmpv2anczjq.py\", line 9, in check\n    assert candidate('ac') == False\n  File \"/tmp/tmpv2anczjq.py\", line 5, in text_match_zero_one\n    return bool(re.search(r\"ab+\", text))\nNameError: name 're' is not defined\n",
      "exit_code": 1,
      "status": "Exception"
    },
    {
      "program": "def text_match_zero_one(text: str) -> bool:\n    \"\"\"\n\tWrite a function that matches a string that has an 'a' followed by one or more 'b's. https://www.w3resource.com/python-exercises/re/python-re-exercise-3.php\n\t\"\"\"\n    return bool(re.search(r\"ab+\", text))\n\n\ndef check(candidate):\n    assert candidate('ac') == False\n    assert candidate('dc') == False\n    assert candidate('abbbba') == True\n    assert candidate('dsabbbba') == True\n    assert candidate('asbbbba') == False\n    assert candidate('abaaa') == True\n\ndef test_check():\n    check(text_match_zero_one)\n\ntest_check()\n",
      "timestamp": 1665510614,
      "stdout": "",
      "stderr": "Traceback (most recent call last):\n  File \"/tmp/tmpv2anczjq.py\", line 19, in <module>\n    test_check()\n  File \"/tmp/tmpv2anczjq.py\", line 17, in test_check\n    check(text_match_zero_one)\n  File \"/tmp/tmpv2anczjq.py\", line 9, in check\n    assert candidate('ac') == False\n  File \"/tmp/tmpv2anczjq.py\", line 5, in text_match_zero_one\n    return bool(re.search(r\"ab+\", text))\nNameError: name 're' is not defined\n",
      "exit_code": 1,
      "status": "Exception"
    },
    {
      "program": "def text_match_zero_one(text: str) -> bool:\n    \"\"\"\n\tWrite a function that matches a string that has an 'a' followed by one or more 'b's. https://www.w3resource.com/python-exercises/re/python-re-exercise-3.php\n\t\"\"\"\n    return bool(re.search(r\"ab+\", text))\n\n\ndef check(candidate):\n    assert candidate('ac') == False\n    assert candidate('dc') == False\n    assert candidate('abbbba') == True\n    assert candidate('dsabbbba') == True\n    assert candidate('asbbbba') == False\n    assert candidate('abaaa') == True\n\ndef test_check():\n    check(text_match_zero_one)\n\ntest_check()\n",
      "timestamp": 1665510614,
      "stdout": "",
      "stderr": "Traceback (most recent call last):\n  File \"/tmp/tmpv2anczjq.py\", line 19, in <module>\n    test_check()\n  File \"/tmp/tmpv2anczjq.py\", line 17, in test_check\n    check(text_match_zero_one)\n  File \"/tmp/tmpv2anczjq.py\", line 9, in check\n    assert candidate('ac') == False\n  File \"/tmp/tmpv2anczjq.py\", line 5, in text_match_zero_one\n    return bool(re.search(r\"ab+\", text))\nNameError: name 're' is not defined\n",
      "exit_code": 1,
      "status": "Exception"
    },
    {
      "program": "def text_match_zero_one(text: str) -> bool:\n    \"\"\"\n\tWrite a function that matches a string that has an 'a' followed by one or more 'b's. https://www.w3resource.com/python-exercises/re/python-re-exercise-3.php\n\t\"\"\"\n    return re.search(r\"ab+\", text) is not None\n\n\ndef check(candidate):\n    assert candidate('ac') == False\n    assert candidate('dc') == False\n    assert candidate('abbbba') == True\n    assert candidate('dsabbbba') == True\n    assert candidate('asbbbba') == False\n    assert candidate('abaaa') == True\n\ndef test_check():\n    check(text_match_zero_one)\n\ntest_check()\n",
      "timestamp": 1665510614,
      "stdout": "",
      "stderr": "Traceback (most recent call last):\n  File \"/tmp/tmpmixc7v61.py\", line 19, in <module>\n    test_check()\n  File \"/tmp/tmpmixc7v61.py\", line 17, in test_check\n    check(text_match_zero_one)\n  File \"/tmp/tmpmixc7v61.py\", line 9, in check\n    assert candidate('ac') == False\n  File \"/tmp/tmpmixc7v61.py\", line 5, in text_match_zero_one\n    return re.search(r\"ab+\", text) is not None\nNameError: name 're' is not defined\n",
      "exit_code": 1,
      "status": "Exception"
    },
    {
      "program": "def text_match_zero_one(text: str) -> bool:\n    \"\"\"\n\tWrite a function that matches a string that has an 'a' followed by one or more 'b's. https://www.w3resource.com/python-exercises/re/python-re-exercise-3.php\n\t\"\"\"\n    pattern = re.compile(r\"ab+\")\n    return bool(pattern.match(text))\n\n\ndef check(candidate):\n    assert candidate('ac') == False\n    assert candidate('dc') == False\n    assert candidate('abbbba') == True\n    assert candidate('dsabbbba') == True\n    assert candidate('asbbbba') == False\n    assert candidate('abaaa') == True\n\ndef test_check():\n    check(text_match_zero_one)\n\ntest_check()\n",
      "timestamp": 1665510614,
      "stdout": "",
      "stderr": "Traceback (most recent call last):\n  File \"/tmp/tmpe910tgic.py\", line 20, in <module>\n    test_check()\n  File \"/tmp/tmpe910tgic.py\", line 18, in test_check\n    check(text_match_zero_one)\n  File \"/tmp/tmpe910tgic.py\", line 10, in check\n    assert candidate('ac') == False\n  File \"/tmp/tmpe910tgic.py\", line 5, in text_match_zero_one\n    pattern = re.compile(r\"ab+\")\nNameError: name 're' is not defined\n",
      "exit_code": 1,
      "status": "Exception"
    },
    {
      "program": "def text_match_zero_one(text: str) -> bool:\n    \"\"\"\n\tWrite a function that matches a string that has an 'a' followed by one or more 'b's. https://www.w3resource.com/python-exercises/re/python-re-exercise-3.php\n\t\"\"\"\n    pattern = re.compile(r\"ab+\")\n    return bool(pattern.match(text))\n\n\ndef check(candidate):\n    assert candidate('ac') == False\n    assert candidate('dc') == False\n    assert candidate('abbbba') == True\n    assert candidate('dsabbbba') == True\n    assert candidate('asbbbba') == False\n    assert candidate('abaaa') == True\n\ndef test_check():\n    check(text_match_zero_one)\n\ntest_check()\n",
      "timestamp": 1665510614,
      "stdout": "",
      "stderr": "Traceback (most recent call last):\n  File \"/tmp/tmpe910tgic.py\", line 20, in <module>\n    test_check()\n  File \"/tmp/tmpe910tgic.py\", line 18, in test_check\n    check(text_match_zero_one)\n  File \"/tmp/tmpe910tgic.py\", line 10, in check\n    assert candidate('ac') == False\n  File \"/tmp/tmpe910tgic.py\", line 5, in text_match_zero_one\n    pattern = re.compile(r\"ab+\")\nNameError: name 're' is not defined\n",
      "exit_code": 1,
      "status": "Exception"
    },
    {
      "program": "def text_match_zero_one(text: str) -> bool:\n    \"\"\"\n\tWrite a function that matches a string that has an 'a' followed by one or more 'b's. https://www.w3resource.com/python-exercises/re/python-re-exercise-3.php\n\t\"\"\"\n    return bool(re.search(r\"ab+\", text))\n\n\ndef check(candidate):\n    assert candidate('ac') == False\n    assert candidate('dc') == False\n    assert candidate('abbbba') == True\n    assert candidate('dsabbbba') == True\n    assert candidate('asbbbba') == False\n    assert candidate('abaaa') == True\n\ndef test_check():\n    check(text_match_zero_one)\n\ntest_check()\n",
      "timestamp": 1665510614,
      "stdout": "",
      "stderr": "Traceback (most recent call last):\n  File \"/tmp/tmpv2anczjq.py\", line 19, in <module>\n    test_check()\n  File \"/tmp/tmpv2anczjq.py\", line 17, in test_check\n    check(text_match_zero_one)\n  File \"/tmp/tmpv2anczjq.py\", line 9, in check\n    assert candidate('ac') == False\n  File \"/tmp/tmpv2anczjq.py\", line 5, in text_match_zero_one\n    return bool(re.search(r\"ab+\", text))\nNameError: name 're' is not defined\n",
      "exit_code": 1,
      "status": "Exception"
    },
    {
      "program": "def text_match_zero_one(text: str) -> bool:\n    \"\"\"\n\tWrite a function that matches a string that has an 'a' followed by one or more 'b's. https://www.w3resource.com/python-exercises/re/python-re-exercise-3.php\n\t\"\"\"\n    pattern = re.compile(r\"ab+\")\n    return bool(pattern.match(text))\n\n\ndef check(candidate):\n    assert candidate('ac') == False\n    assert candidate('dc') == False\n    assert candidate('abbbba') == True\n    assert candidate('dsabbbba') == True\n    assert candidate('asbbbba') == False\n    assert candidate('abaaa') == True\n\ndef test_check():\n    check(text_match_zero_one)\n\ntest_check()\n",
      "timestamp": 1665510614,
      "stdout": "",
      "stderr": "Traceback (most recent call last):\n  File \"/tmp/tmpe910tgic.py\", line 20, in <module>\n    test_check()\n  File \"/tmp/tmpe910tgic.py\", line 18, in test_check\n    check(text_match_zero_one)\n  File \"/tmp/tmpe910tgic.py\", line 10, in check\n    assert candidate('ac') == False\n  File \"/tmp/tmpe910tgic.py\", line 5, in text_match_zero_one\n    pattern = re.compile(r\"ab+\")\nNameError: name 're' is not defined\n",
      "exit_code": 1,
      "status": "Exception"
    },
    {
      "program": "def text_match_zero_one(text: str) -> bool:\n    \"\"\"\n\tWrite a function that matches a string that has an 'a' followed by one or more 'b's. https://www.w3resource.com/python-exercises/re/python-re-exercise-3.php\n\t\"\"\"\n    return bool(re.search(r\"ab+\", text))\n\n\ndef check(candidate):\n    assert candidate('ac') == False\n    assert candidate('dc') == False\n    assert candidate('abbbba') == True\n    assert candidate('dsabbbba') == True\n    assert candidate('asbbbba') == False\n    assert candidate('abaaa') == True\n\ndef test_check():\n    check(text_match_zero_one)\n\ntest_check()\n",
      "timestamp": 1665510614,
      "stdout": "",
      "stderr": "Traceback (most recent call last):\n  File \"/tmp/tmpv2anczjq.py\", line 19, in <module>\n    test_check()\n  File \"/tmp/tmpv2anczjq.py\", line 17, in test_check\n    check(text_match_zero_one)\n  File \"/tmp/tmpv2anczjq.py\", line 9, in check\n    assert candidate('ac') == False\n  File \"/tmp/tmpv2anczjq.py\", line 5, in text_match_zero_one\n    return bool(re.search(r\"ab+\", text))\nNameError: name 're' is not defined\n",
      "exit_code": 1,
      "status": "Exception"
    },
    {
      "program": "def text_match_zero_one(text: str) -> bool:\n    \"\"\"\n\tWrite a function that matches a string that has an 'a' followed by one or more 'b's. https://www.w3resource.com/python-exercises/re/python-re-exercise-3.php\n\t\"\"\"\n    pattern = re.compile(r\"ab+\")\n    return bool(pattern.match(text))\n\n\ndef check(candidate):\n    assert candidate('ac') == False\n    assert candidate('dc') == False\n    assert candidate('abbbba') == True\n    assert candidate('dsabbbba') == True\n    assert candidate('asbbbba') == False\n    assert candidate('abaaa') == True\n\ndef test_check():\n    check(text_match_zero_one)\n\ntest_check()\n",
      "timestamp": 1665510614,
      "stdout": "",
      "stderr": "Traceback (most recent call last):\n  File \"/tmp/tmpe910tgic.py\", line 20, in <module>\n    test_check()\n  File \"/tmp/tmpe910tgic.py\", line 18, in test_check\n    check(text_match_zero_one)\n  File \"/tmp/tmpe910tgic.py\", line 10, in check\n    assert candidate('ac') == False\n  File \"/tmp/tmpe910tgic.py\", line 5, in text_match_zero_one\n    pattern = re.compile(r\"ab+\")\nNameError: name 're' is not defined\n",
      "exit_code": 1,
      "status": "Exception"
    },
    {
      "program": "def text_match_zero_one(text: str) -> bool:\n    \"\"\"\n\tWrite a function that matches a string that has an 'a' followed by one or more 'b's. https://www.w3resource.com/python-exercises/re/python-re-exercise-3.php\n\t\"\"\"\n    return re.search(r\"ab+\", text) is not None\n\n\ndef check(candidate):\n    assert candidate('ac') == False\n    assert candidate('dc') == False\n    assert candidate('abbbba') == True\n    assert candidate('dsabbbba') == True\n    assert candidate('asbbbba') == False\n    assert candidate('abaaa') == True\n\ndef test_check():\n    check(text_match_zero_one)\n\ntest_check()\n",
      "timestamp": 1665510614,
      "stdout": "",
      "stderr": "Traceback (most recent call last):\n  File \"/tmp/tmpmixc7v61.py\", line 19, in <module>\n    test_check()\n  File \"/tmp/tmpmixc7v61.py\", line 17, in test_check\n    check(text_match_zero_one)\n  File \"/tmp/tmpmixc7v61.py\", line 9, in check\n    assert candidate('ac') == False\n  File \"/tmp/tmpmixc7v61.py\", line 5, in text_match_zero_one\n    return re.search(r\"ab+\", text) is not None\nNameError: name 're' is not defined\n",
      "exit_code": 1,
      "status": "Exception"
    },
    {
      "program": "def text_match_zero_one(text: str) -> bool:\n    \"\"\"\n\tWrite a function that matches a string that has an 'a' followed by one or more 'b's. https://www.w3resource.com/python-exercises/re/python-re-exercise-3.php\n\t\"\"\"\n    return re.search(r\"ab+\", text) is not None\n\n\ndef check(candidate):\n    assert candidate('ac') == False\n    assert candidate('dc') == False\n    assert candidate('abbbba') == True\n    assert candidate('dsabbbba') == True\n    assert candidate('asbbbba') == False\n    assert candidate('abaaa') == True\n\ndef test_check():\n    check(text_match_zero_one)\n\ntest_check()\n",
      "timestamp": 1665510614,
      "stdout": "",
      "stderr": "Traceback (most recent call last):\n  File \"/tmp/tmpmixc7v61.py\", line 19, in <module>\n    test_check()\n  File \"/tmp/tmpmixc7v61.py\", line 17, in test_check\n    check(text_match_zero_one)\n  File \"/tmp/tmpmixc7v61.py\", line 9, in check\n    assert candidate('ac') == False\n  File \"/tmp/tmpmixc7v61.py\", line 5, in text_match_zero_one\n    return re.search(r\"ab+\", text) is not None\nNameError: name 're' is not defined\n",
      "exit_code": 1,
      "status": "Exception"
    },
    {
      "program": "def text_match_zero_one(text: str) -> bool:\n    \"\"\"\n\tWrite a function that matches a string that has an 'a' followed by one or more 'b's. https://www.w3resource.com/python-exercises/re/python-re-exercise-3.php\n\t\"\"\"\n    pattern = re.compile(r\"ab+\")\n    return bool(pattern.match(text))\n\n\ndef check(candidate):\n    assert candidate('ac') == False\n    assert candidate('dc') == False\n    assert candidate('abbbba') == True\n    assert candidate('dsabbbba') == True\n    assert candidate('asbbbba') == False\n    assert candidate('abaaa') == True\n\ndef test_check():\n    check(text_match_zero_one)\n\ntest_check()\n",
      "timestamp": 1665510614,
      "stdout": "",
      "stderr": "Traceback (most recent call last):\n  File \"/tmp/tmpe910tgic.py\", line 20, in <module>\n    test_check()\n  File \"/tmp/tmpe910tgic.py\", line 18, in test_check\n    check(text_match_zero_one)\n  File \"/tmp/tmpe910tgic.py\", line 10, in check\n    assert candidate('ac') == False\n  File \"/tmp/tmpe910tgic.py\", line 5, in text_match_zero_one\n    pattern = re.compile(r\"ab+\")\nNameError: name 're' is not defined\n",
      "exit_code": 1,
      "status": "Exception"
    },
    {
      "program": "def text_match_zero_one(text: str) -> bool:\n    \"\"\"\n\tWrite a function that matches a string that has an 'a' followed by one or more 'b's. https://www.w3resource.com/python-exercises/re/python-re-exercise-3.php\n\t\"\"\"\n    pattern = re.compile(r\"ab+\")\n    return bool(pattern.match(text))\n\n\ndef check(candidate):\n    assert candidate('ac') == False\n    assert candidate('dc') == False\n    assert candidate('abbbba') == True\n    assert candidate('dsabbbba') == True\n    assert candidate('asbbbba') == False\n    assert candidate('abaaa') == True\n\ndef test_check():\n    check(text_match_zero_one)\n\ntest_check()\n",
      "timestamp": 1665510614,
      "stdout": "",
      "stderr": "Traceback (most recent call last):\n  File \"/tmp/tmpe910tgic.py\", line 20, in <module>\n    test_check()\n  File \"/tmp/tmpe910tgic.py\", line 18, in test_check\n    check(text_match_zero_one)\n  File \"/tmp/tmpe910tgic.py\", line 10, in check\n    assert candidate('ac') == False\n  File \"/tmp/tmpe910tgic.py\", line 5, in text_match_zero_one\n    pattern = re.compile(r\"ab+\")\nNameError: name 're' is not defined\n",
      "exit_code": 1,
      "status": "Exception"
    },
    {
      "program": "def text_match_zero_one(text: str) -> bool:\n    \"\"\"\n\tWrite a function that matches a string that has an 'a' followed by one or more 'b's. https://www.w3resource.com/python-exercises/re/python-re-exercise-3.php\n\t\"\"\"\n    pattern = re.compile(r\"ab+\")\n    return bool(pattern.match(text))\n\n\ndef check(candidate):\n    assert candidate('ac') == False\n    assert candidate('dc') == False\n    assert candidate('abbbba') == True\n    assert candidate('dsabbbba') == True\n    assert candidate('asbbbba') == False\n    assert candidate('abaaa') == True\n\ndef test_check():\n    check(text_match_zero_one)\n\ntest_check()\n",
      "timestamp": 1665510614,
      "stdout": "",
      "stderr": "Traceback (most recent call last):\n  File \"/tmp/tmpe910tgic.py\", line 20, in <module>\n    test_check()\n  File \"/tmp/tmpe910tgic.py\", line 18, in test_check\n    check(text_match_zero_one)\n  File \"/tmp/tmpe910tgic.py\", line 10, in check\n    assert candidate('ac') == False\n  File \"/tmp/tmpe910tgic.py\", line 5, in text_match_zero_one\n    pattern = re.compile(r\"ab+\")\nNameError: name 're' is not defined\n",
      "exit_code": 1,
      "status": "Exception"
    },
    {
      "program": "def text_match_zero_one(text: str) -> bool:\n    \"\"\"\n\tWrite a function that matches a string that has an 'a' followed by one or more 'b's. https://www.w3resource.com/python-exercises/re/python-re-exercise-3.php\n\t\"\"\"\n    return re.search(r\"ab+\", text)\n\n\ndef check(candidate):\n    assert candidate('ac') == False\n    assert candidate('dc') == False\n    assert candidate('abbbba') == True\n    assert candidate('dsabbbba') == True\n    assert candidate('asbbbba') == False\n    assert candidate('abaaa') == True\n\ndef test_check():\n    check(text_match_zero_one)\n\ntest_check()\n",
      "timestamp": 1665510614,
      "stdout": "",
      "stderr": "Traceback (most recent call last):\n  File \"/tmp/tmpmu5fhnwa.py\", line 19, in <module>\n    test_check()\n  File \"/tmp/tmpmu5fhnwa.py\", line 17, in test_check\n    check(text_match_zero_one)\n  File \"/tmp/tmpmu5fhnwa.py\", line 9, in check\n    assert candidate('ac') == False\n  File \"/tmp/tmpmu5fhnwa.py\", line 5, in text_match_zero_one\n    return re.search(r\"ab+\", text)\nNameError: name 're' is not defined\n",
      "exit_code": 1,
      "status": "Exception"
    },
    {
      "program": "def text_match_zero_one(text: str) -> bool:\n    \"\"\"\n\tWrite a function that matches a string that has an 'a' followed by one or more 'b's. https://www.w3resource.com/python-exercises/re/python-re-exercise-3.php\n\t\"\"\"\n    return bool(re.search(r\"ab+\", text))\n\n\ndef check(candidate):\n    assert candidate('ac') == False\n    assert candidate('dc') == False\n    assert candidate('abbbba') == True\n    assert candidate('dsabbbba') == True\n    assert candidate('asbbbba') == False\n    assert candidate('abaaa') == True\n\ndef test_check():\n    check(text_match_zero_one)\n\ntest_check()\n",
      "timestamp": 1665510614,
      "stdout": "",
      "stderr": "Traceback (most recent call last):\n  File \"/tmp/tmpv2anczjq.py\", line 19, in <module>\n    test_check()\n  File \"/tmp/tmpv2anczjq.py\", line 17, in test_check\n    check(text_match_zero_one)\n  File \"/tmp/tmpv2anczjq.py\", line 9, in check\n    assert candidate('ac') == False\n  File \"/tmp/tmpv2anczjq.py\", line 5, in text_match_zero_one\n    return bool(re.search(r\"ab+\", text))\nNameError: name 're' is not defined\n",
      "exit_code": 1,
      "status": "Exception"
    },
    {
      "program": "def text_match_zero_one(text: str) -> bool:\n    \"\"\"\n\tWrite a function that matches a string that has an 'a' followed by one or more 'b's. https://www.w3resource.com/python-exercises/re/python-re-exercise-3.php\n\t\"\"\"\n    pattern = re.compile(r\"ab+\")\n    return bool(pattern.match(text))\n\n\ndef check(candidate):\n    assert candidate('ac') == False\n    assert candidate('dc') == False\n    assert candidate('abbbba') == True\n    assert candidate('dsabbbba') == True\n    assert candidate('asbbbba') == False\n    assert candidate('abaaa') == True\n\ndef test_check():\n    check(text_match_zero_one)\n\ntest_check()\n",
      "timestamp": 1665510614,
      "stdout": "",
      "stderr": "Traceback (most recent call last):\n  File \"/tmp/tmpe910tgic.py\", line 20, in <module>\n    test_check()\n  File \"/tmp/tmpe910tgic.py\", line 18, in test_check\n    check(text_match_zero_one)\n  File \"/tmp/tmpe910tgic.py\", line 10, in check\n    assert candidate('ac') == False\n  File \"/tmp/tmpe910tgic.py\", line 5, in text_match_zero_one\n    pattern = re.compile(r\"ab+\")\nNameError: name 're' is not defined\n",
      "exit_code": 1,
      "status": "Exception"
    },
    {
      "program": "def text_match_zero_one(text: str) -> bool:\n    \"\"\"\n\tWrite a function that matches a string that has an 'a' followed by one or more 'b's. https://www.w3resource.com/python-exercises/re/python-re-exercise-3.php\n\t\"\"\"\n    pattern = re.compile(r\"ab+\")\n    return bool(pattern.match(text))\n\n\ndef check(candidate):\n    assert candidate('ac') == False\n    assert candidate('dc') == False\n    assert candidate('abbbba') == True\n    assert candidate('dsabbbba') == True\n    assert candidate('asbbbba') == False\n    assert candidate('abaaa') == True\n\ndef test_check():\n    check(text_match_zero_one)\n\ntest_check()\n",
      "timestamp": 1665510614,
      "stdout": "",
      "stderr": "Traceback (most recent call last):\n  File \"/tmp/tmpe910tgic.py\", line 20, in <module>\n    test_check()\n  File \"/tmp/tmpe910tgic.py\", line 18, in test_check\n    check(text_match_zero_one)\n  File \"/tmp/tmpe910tgic.py\", line 10, in check\n    assert candidate('ac') == False\n  File \"/tmp/tmpe910tgic.py\", line 5, in text_match_zero_one\n    pattern = re.compile(r\"ab+\")\nNameError: name 're' is not defined\n",
      "exit_code": 1,
      "status": "Exception"
    },
    {
      "program": "def text_match_zero_one(text: str) -> bool:\n    \"\"\"\n\tWrite a function that matches a string that has an 'a' followed by one or more 'b's. https://www.w3resource.com/python-exercises/re/python-re-exercise-3.php\n\t\"\"\"\n    return re.match(r\"ab+\", text)\n\n\ndef check(candidate):\n    assert candidate('ac') == False\n    assert candidate('dc') == False\n    assert candidate('abbbba') == True\n    assert candidate('dsabbbba') == True\n    assert candidate('asbbbba') == False\n    assert candidate('abaaa') == True\n\ndef test_check():\n    check(text_match_zero_one)\n\ntest_check()\n",
      "timestamp": 1665510614,
      "stdout": "",
      "stderr": "Traceback (most recent call last):\n  File \"/tmp/tmpkqb0yw5w.py\", line 19, in <module>\n    test_check()\n  File \"/tmp/tmpkqb0yw5w.py\", line 17, in test_check\n    check(text_match_zero_one)\n  File \"/tmp/tmpkqb0yw5w.py\", line 9, in check\n    assert candidate('ac') == False\n  File \"/tmp/tmpkqb0yw5w.py\", line 5, in text_match_zero_one\n    return re.match(r\"ab+\", text)\nNameError: name 're' is not defined\n",
      "exit_code": 1,
      "status": "Exception"
    },
    {
      "program": "def text_match_zero_one(text: str) -> bool:\n    \"\"\"\n\tWrite a function that matches a string that has an 'a' followed by one or more 'b's. https://www.w3resource.com/python-exercises/re/python-re-exercise-3.php\n\t\"\"\"\n    return re.search(r\"ab+\", text) is not None\n\n\ndef check(candidate):\n    assert candidate('ac') == False\n    assert candidate('dc') == False\n    assert candidate('abbbba') == True\n    assert candidate('dsabbbba') == True\n    assert candidate('asbbbba') == False\n    assert candidate('abaaa') == True\n\ndef test_check():\n    check(text_match_zero_one)\n\ntest_check()\n",
      "timestamp": 1665510614,
      "stdout": "",
      "stderr": "Traceback (most recent call last):\n  File \"/tmp/tmpmixc7v61.py\", line 19, in <module>\n    test_check()\n  File \"/tmp/tmpmixc7v61.py\", line 17, in test_check\n    check(text_match_zero_one)\n  File \"/tmp/tmpmixc7v61.py\", line 9, in check\n    assert candidate('ac') == False\n  File \"/tmp/tmpmixc7v61.py\", line 5, in text_match_zero_one\n    return re.search(r\"ab+\", text) is not None\nNameError: name 're' is not defined\n",
      "exit_code": 1,
      "status": "Exception"
    },
    {
      "program": "def text_match_zero_one(text: str) -> bool:\n    \"\"\"\n\tWrite a function that matches a string that has an 'a' followed by one or more 'b's. https://www.w3resource.com/python-exercises/re/python-re-exercise-3.php\n\t\"\"\"\n    return re.search(r\"ab+\", text)\n\n\ndef check(candidate):\n    assert candidate('ac') == False\n    assert candidate('dc') == False\n    assert candidate('abbbba') == True\n    assert candidate('dsabbbba') == True\n    assert candidate('asbbbba') == False\n    assert candidate('abaaa') == True\n\ndef test_check():\n    check(text_match_zero_one)\n\ntest_check()\n",
      "timestamp": 1665510614,
      "stdout": "",
      "stderr": "Traceback (most recent call last):\n  File \"/tmp/tmpmu5fhnwa.py\", line 19, in <module>\n    test_check()\n  File \"/tmp/tmpmu5fhnwa.py\", line 17, in test_check\n    check(text_match_zero_one)\n  File \"/tmp/tmpmu5fhnwa.py\", line 9, in check\n    assert candidate('ac') == False\n  File \"/tmp/tmpmu5fhnwa.py\", line 5, in text_match_zero_one\n    return re.search(r\"ab+\", text)\nNameError: name 're' is not defined\n",
      "exit_code": 1,
      "status": "Exception"
    },
    {
      "program": "def text_match_zero_one(text: str) -> bool:\n    \"\"\"\n\tWrite a function that matches a string that has an 'a' followed by one or more 'b's. https://www.w3resource.com/python-exercises/re/python-re-exercise-3.php\n\t\"\"\"\n    return bool(re.match(r\"ab+\", text))\n\n\ndef check(candidate):\n    assert candidate('ac') == False\n    assert candidate('dc') == False\n    assert candidate('abbbba') == True\n    assert candidate('dsabbbba') == True\n    assert candidate('asbbbba') == False\n    assert candidate('abaaa') == True\n\ndef test_check():\n    check(text_match_zero_one)\n\ntest_check()\n",
      "timestamp": 1665510614,
      "stdout": "",
      "stderr": "Traceback (most recent call last):\n  File \"/tmp/tmp0mcv8rcl.py\", line 19, in <module>\n    test_check()\n  File \"/tmp/tmp0mcv8rcl.py\", line 17, in test_check\n    check(text_match_zero_one)\n  File \"/tmp/tmp0mcv8rcl.py\", line 9, in check\n    assert candidate('ac') == False\n  File \"/tmp/tmp0mcv8rcl.py\", line 5, in text_match_zero_one\n    return bool(re.match(r\"ab+\", text))\nNameError: name 're' is not defined\n",
      "exit_code": 1,
      "status": "Exception"
    },
    {
      "program": "def text_match_zero_one(text: str) -> bool:\n    \"\"\"\n\tWrite a function that matches a string that has an 'a' followed by one or more 'b's. https://www.w3resource.com/python-exercises/re/python-re-exercise-3.php\n\t\"\"\"\n    return re.search(r\"ab+\", text)\n\n\ndef check(candidate):\n    assert candidate('ac') == False\n    assert candidate('dc') == False\n    assert candidate('abbbba') == True\n    assert candidate('dsabbbba') == True\n    assert candidate('asbbbba') == False\n    assert candidate('abaaa') == True\n\ndef test_check():\n    check(text_match_zero_one)\n\ntest_check()\n",
      "timestamp": 1665510614,
      "stdout": "",
      "stderr": "Traceback (most recent call last):\n  File \"/tmp/tmpmu5fhnwa.py\", line 19, in <module>\n    test_check()\n  File \"/tmp/tmpmu5fhnwa.py\", line 17, in test_check\n    check(text_match_zero_one)\n  File \"/tmp/tmpmu5fhnwa.py\", line 9, in check\n    assert candidate('ac') == False\n  File \"/tmp/tmpmu5fhnwa.py\", line 5, in text_match_zero_one\n    return re.search(r\"ab+\", text)\nNameError: name 're' is not defined\n",
      "exit_code": 1,
      "status": "Exception"
    },
    {
      "program": "def text_match_zero_one(text: str) -> bool:\n    \"\"\"\n\tWrite a function that matches a string that has an 'a' followed by one or more 'b's. https://www.w3resource.com/python-exercises/re/python-re-exercise-3.php\n\t\"\"\"\n    return bool(re.search(r\"ab+\", text))\n\n\ndef check(candidate):\n    assert candidate('ac') == False\n    assert candidate('dc') == False\n    assert candidate('abbbba') == True\n    assert candidate('dsabbbba') == True\n    assert candidate('asbbbba') == False\n    assert candidate('abaaa') == True\n\ndef test_check():\n    check(text_match_zero_one)\n\ntest_check()\n",
      "timestamp": 1665510614,
      "stdout": "",
      "stderr": "Traceback (most recent call last):\n  File \"/tmp/tmpv2anczjq.py\", line 19, in <module>\n    test_check()\n  File \"/tmp/tmpv2anczjq.py\", line 17, in test_check\n    check(text_match_zero_one)\n  File \"/tmp/tmpv2anczjq.py\", line 9, in check\n    assert candidate('ac') == False\n  File \"/tmp/tmpv2anczjq.py\", line 5, in text_match_zero_one\n    return bool(re.search(r\"ab+\", text))\nNameError: name 're' is not defined\n",
      "exit_code": 1,
      "status": "Exception"
    },
    {
      "program": "def text_match_zero_one(text: str) -> bool:\n    \"\"\"\n\tWrite a function that matches a string that has an 'a' followed by one or more 'b's. https://www.w3resource.com/python-exercises/re/python-re-exercise-3.php\n\t\"\"\"\n    return re.search(r\"ab+\", text) is not None\n\n\ndef check(candidate):\n    assert candidate('ac') == False\n    assert candidate('dc') == False\n    assert candidate('abbbba') == True\n    assert candidate('dsabbbba') == True\n    assert candidate('asbbbba') == False\n    assert candidate('abaaa') == True\n\ndef test_check():\n    check(text_match_zero_one)\n\ntest_check()\n",
      "timestamp": 1665510614,
      "stdout": "",
      "stderr": "Traceback (most recent call last):\n  File \"/tmp/tmpmixc7v61.py\", line 19, in <module>\n    test_check()\n  File \"/tmp/tmpmixc7v61.py\", line 17, in test_check\n    check(text_match_zero_one)\n  File \"/tmp/tmpmixc7v61.py\", line 9, in check\n    assert candidate('ac') == False\n  File \"/tmp/tmpmixc7v61.py\", line 5, in text_match_zero_one\n    return re.search(r\"ab+\", text) is not None\nNameError: name 're' is not defined\n",
      "exit_code": 1,
      "status": "Exception"
    },
    {
      "program": "def text_match_zero_one(text: str) -> bool:\n    \"\"\"\n\tWrite a function that matches a string that has an 'a' followed by one or more 'b's. https://www.w3resource.com/python-exercises/re/python-re-exercise-3.php\n\t\"\"\"\n    return re.search(r\"ab+\", text)\n\n\ndef check(candidate):\n    assert candidate('ac') == False\n    assert candidate('dc') == False\n    assert candidate('abbbba') == True\n    assert candidate('dsabbbba') == True\n    assert candidate('asbbbba') == False\n    assert candidate('abaaa') == True\n\ndef test_check():\n    check(text_match_zero_one)\n\ntest_check()\n",
      "timestamp": 1665510614,
      "stdout": "",
      "stderr": "Traceback (most recent call last):\n  File \"/tmp/tmpmu5fhnwa.py\", line 19, in <module>\n    test_check()\n  File \"/tmp/tmpmu5fhnwa.py\", line 17, in test_check\n    check(text_match_zero_one)\n  File \"/tmp/tmpmu5fhnwa.py\", line 9, in check\n    assert candidate('ac') == False\n  File \"/tmp/tmpmu5fhnwa.py\", line 5, in text_match_zero_one\n    return re.search(r\"ab+\", text)\nNameError: name 're' is not defined\n",
      "exit_code": 1,
      "status": "Exception"
    },
    {
      "program": "def text_match_zero_one(text: str) -> bool:\n    \"\"\"\n\tWrite a function that matches a string that has an 'a' followed by one or more 'b's. https://www.w3resource.com/python-exercises/re/python-re-exercise-3.php\n\t\"\"\"\n    pattern = re.compile(r\"ab+\")\n    return bool(pattern.match(text))\n\n\ndef check(candidate):\n    assert candidate('ac') == False\n    assert candidate('dc') == False\n    assert candidate('abbbba') == True\n    assert candidate('dsabbbba') == True\n    assert candidate('asbbbba') == False\n    assert candidate('abaaa') == True\n\ndef test_check():\n    check(text_match_zero_one)\n\ntest_check()\n",
      "timestamp": 1665510614,
      "stdout": "",
      "stderr": "Traceback (most recent call last):\n  File \"/tmp/tmpe910tgic.py\", line 20, in <module>\n    test_check()\n  File \"/tmp/tmpe910tgic.py\", line 18, in test_check\n    check(text_match_zero_one)\n  File \"/tmp/tmpe910tgic.py\", line 10, in check\n    assert candidate('ac') == False\n  File \"/tmp/tmpe910tgic.py\", line 5, in text_match_zero_one\n    pattern = re.compile(r\"ab+\")\nNameError: name 're' is not defined\n",
      "exit_code": 1,
      "status": "Exception"
    },
    {
      "program": "def text_match_zero_one(text: str) -> bool:\n    \"\"\"\n\tWrite a function that matches a string that has an 'a' followed by one or more 'b's. https://www.w3resource.com/python-exercises/re/python-re-exercise-3.php\n\t\"\"\"\n    return bool(re.search(r\"ab+\", text))\n\n\ndef check(candidate):\n    assert candidate('ac') == False\n    assert candidate('dc') == False\n    assert candidate('abbbba') == True\n    assert candidate('dsabbbba') == True\n    assert candidate('asbbbba') == False\n    assert candidate('abaaa') == True\n\ndef test_check():\n    check(text_match_zero_one)\n\ntest_check()\n",
      "timestamp": 1665510614,
      "stdout": "",
      "stderr": "Traceback (most recent call last):\n  File \"/tmp/tmpv2anczjq.py\", line 19, in <module>\n    test_check()\n  File \"/tmp/tmpv2anczjq.py\", line 17, in test_check\n    check(text_match_zero_one)\n  File \"/tmp/tmpv2anczjq.py\", line 9, in check\n    assert candidate('ac') == False\n  File \"/tmp/tmpv2anczjq.py\", line 5, in text_match_zero_one\n    return bool(re.search(r\"ab+\", text))\nNameError: name 're' is not defined\n",
      "exit_code": 1,
      "status": "Exception"
    },
    {
      "program": "def text_match_zero_one(text: str) -> bool:\n    \"\"\"\n\tWrite a function that matches a string that has an 'a' followed by one or more 'b's. https://www.w3resource.com/python-exercises/re/python-re-exercise-3.php\n\t\"\"\"\n    return bool(re.match(r\"ab+\", text))\n\n\ndef check(candidate):\n    assert candidate('ac') == False\n    assert candidate('dc') == False\n    assert candidate('abbbba') == True\n    assert candidate('dsabbbba') == True\n    assert candidate('asbbbba') == False\n    assert candidate('abaaa') == True\n\ndef test_check():\n    check(text_match_zero_one)\n\ntest_check()\n",
      "timestamp": 1665510614,
      "stdout": "",
      "stderr": "Traceback (most recent call last):\n  File \"/tmp/tmp0mcv8rcl.py\", line 19, in <module>\n    test_check()\n  File \"/tmp/tmp0mcv8rcl.py\", line 17, in test_check\n    check(text_match_zero_one)\n  File \"/tmp/tmp0mcv8rcl.py\", line 9, in check\n    assert candidate('ac') == False\n  File \"/tmp/tmp0mcv8rcl.py\", line 5, in text_match_zero_one\n    return bool(re.match(r\"ab+\", text))\nNameError: name 're' is not defined\n",
      "exit_code": 1,
      "status": "Exception"
    },
    {
      "program": "def text_match_zero_one(text: str) -> bool:\n    \"\"\"\n\tWrite a function that matches a string that has an 'a' followed by one or more 'b's. https://www.w3resource.com/python-exercises/re/python-re-exercise-3.php\n\t\"\"\"\n    return bool(re.search(r\"ab+\", text))\n\n\ndef check(candidate):\n    assert candidate('ac') == False\n    assert candidate('dc') == False\n    assert candidate('abbbba') == True\n    assert candidate('dsabbbba') == True\n    assert candidate('asbbbba') == False\n    assert candidate('abaaa') == True\n\ndef test_check():\n    check(text_match_zero_one)\n\ntest_check()\n",
      "timestamp": 1665510614,
      "stdout": "",
      "stderr": "Traceback (most recent call last):\n  File \"/tmp/tmpv2anczjq.py\", line 19, in <module>\n    test_check()\n  File \"/tmp/tmpv2anczjq.py\", line 17, in test_check\n    check(text_match_zero_one)\n  File \"/tmp/tmpv2anczjq.py\", line 9, in check\n    assert candidate('ac') == False\n  File \"/tmp/tmpv2anczjq.py\", line 5, in text_match_zero_one\n    return bool(re.search(r\"ab+\", text))\nNameError: name 're' is not defined\n",
      "exit_code": 1,
      "status": "Exception"
    },
    {
      "program": "def text_match_zero_one(text: str) -> bool:\n    \"\"\"\n\tWrite a function that matches a string that has an 'a' followed by one or more 'b's. https://www.w3resource.com/python-exercises/re/python-re-exercise-3.php\n\t\"\"\"\n    return re.search(r\"ab+\", text)\n\n\ndef check(candidate):\n    assert candidate('ac') == False\n    assert candidate('dc') == False\n    assert candidate('abbbba') == True\n    assert candidate('dsabbbba') == True\n    assert candidate('asbbbba') == False\n    assert candidate('abaaa') == True\n\ndef test_check():\n    check(text_match_zero_one)\n\ntest_check()\n",
      "timestamp": 1665510614,
      "stdout": "",
      "stderr": "Traceback (most recent call last):\n  File \"/tmp/tmpmu5fhnwa.py\", line 19, in <module>\n    test_check()\n  File \"/tmp/tmpmu5fhnwa.py\", line 17, in test_check\n    check(text_match_zero_one)\n  File \"/tmp/tmpmu5fhnwa.py\", line 9, in check\n    assert candidate('ac') == False\n  File \"/tmp/tmpmu5fhnwa.py\", line 5, in text_match_zero_one\n    return re.search(r\"ab+\", text)\nNameError: name 're' is not defined\n",
      "exit_code": 1,
      "status": "Exception"
    },
    {
      "program": "def text_match_zero_one(text: str) -> bool:\n    \"\"\"\n\tWrite a function that matches a string that has an 'a' followed by one or more 'b's. https://www.w3resource.com/python-exercises/re/python-re-exercise-3.php\n\t\"\"\"\n    pattern = re.compile(r\"ab+\")\n    return bool(pattern.match(text))\n\n\ndef check(candidate):\n    assert candidate('ac') == False\n    assert candidate('dc') == False\n    assert candidate('abbbba') == True\n    assert candidate('dsabbbba') == True\n    assert candidate('asbbbba') == False\n    assert candidate('abaaa') == True\n\ndef test_check():\n    check(text_match_zero_one)\n\ntest_check()\n",
      "timestamp": 1665510614,
      "stdout": "",
      "stderr": "Traceback (most recent call last):\n  File \"/tmp/tmpe910tgic.py\", line 20, in <module>\n    test_check()\n  File \"/tmp/tmpe910tgic.py\", line 18, in test_check\n    check(text_match_zero_one)\n  File \"/tmp/tmpe910tgic.py\", line 10, in check\n    assert candidate('ac') == False\n  File \"/tmp/tmpe910tgic.py\", line 5, in text_match_zero_one\n    pattern = re.compile(r\"ab+\")\nNameError: name 're' is not defined\n",
      "exit_code": 1,
      "status": "Exception"
    },
    {
      "program": "def text_match_zero_one(text: str) -> bool:\n    \"\"\"\n\tWrite a function that matches a string that has an 'a' followed by one or more 'b's. https://www.w3resource.com/python-exercises/re/python-re-exercise-3.php\n\t\"\"\"\n    pattern = re.compile(r\"ab+\")\n    return bool(pattern.match(text))\n\n\ndef check(candidate):\n    assert candidate('ac') == False\n    assert candidate('dc') == False\n    assert candidate('abbbba') == True\n    assert candidate('dsabbbba') == True\n    assert candidate('asbbbba') == False\n    assert candidate('abaaa') == True\n\ndef test_check():\n    check(text_match_zero_one)\n\ntest_check()\n",
      "timestamp": 1665510614,
      "stdout": "",
      "stderr": "Traceback (most recent call last):\n  File \"/tmp/tmpe910tgic.py\", line 20, in <module>\n    test_check()\n  File \"/tmp/tmpe910tgic.py\", line 18, in test_check\n    check(text_match_zero_one)\n  File \"/tmp/tmpe910tgic.py\", line 10, in check\n    assert candidate('ac') == False\n  File \"/tmp/tmpe910tgic.py\", line 5, in text_match_zero_one\n    pattern = re.compile(r\"ab+\")\nNameError: name 're' is not defined\n",
      "exit_code": 1,
      "status": "Exception"
    },
    {
      "program": "def text_match_zero_one(text: str) -> bool:\n    \"\"\"\n\tWrite a function that matches a string that has an 'a' followed by one or more 'b's. https://www.w3resource.com/python-exercises/re/python-re-exercise-3.php\n\t\"\"\"\n    return bool(re.search(r\"ab+\", text))\n\n\ndef check(candidate):\n    assert candidate('ac') == False\n    assert candidate('dc') == False\n    assert candidate('abbbba') == True\n    assert candidate('dsabbbba') == True\n    assert candidate('asbbbba') == False\n    assert candidate('abaaa') == True\n\ndef test_check():\n    check(text_match_zero_one)\n\ntest_check()\n",
      "timestamp": 1665510614,
      "stdout": "",
      "stderr": "Traceback (most recent call last):\n  File \"/tmp/tmpv2anczjq.py\", line 19, in <module>\n    test_check()\n  File \"/tmp/tmpv2anczjq.py\", line 17, in test_check\n    check(text_match_zero_one)\n  File \"/tmp/tmpv2anczjq.py\", line 9, in check\n    assert candidate('ac') == False\n  File \"/tmp/tmpv2anczjq.py\", line 5, in text_match_zero_one\n    return bool(re.search(r\"ab+\", text))\nNameError: name 're' is not defined\n",
      "exit_code": 1,
      "status": "Exception"
    },
    {
      "program": "def text_match_zero_one(text: str) -> bool:\n    \"\"\"\n\tWrite a function that matches a string that has an 'a' followed by one or more 'b's. https://www.w3resource.com/python-exercises/re/python-re-exercise-3.php\n\t\"\"\"\n    pattern = re.compile(r\"ab+\")\n    return bool(pattern.match(text))\n\n\ndef check(candidate):\n    assert candidate('ac') == False\n    assert candidate('dc') == False\n    assert candidate('abbbba') == True\n    assert candidate('dsabbbba') == True\n    assert candidate('asbbbba') == False\n    assert candidate('abaaa') == True\n\ndef test_check():\n    check(text_match_zero_one)\n\ntest_check()\n",
      "timestamp": 1665510614,
      "stdout": "",
      "stderr": "Traceback (most recent call last):\n  File \"/tmp/tmpe910tgic.py\", line 20, in <module>\n    test_check()\n  File \"/tmp/tmpe910tgic.py\", line 18, in test_check\n    check(text_match_zero_one)\n  File \"/tmp/tmpe910tgic.py\", line 10, in check\n    assert candidate('ac') == False\n  File \"/tmp/tmpe910tgic.py\", line 5, in text_match_zero_one\n    pattern = re.compile(r\"ab+\")\nNameError: name 're' is not defined\n",
      "exit_code": 1,
      "status": "Exception"
    },
    {
      "program": "def text_match_zero_one(text: str) -> bool:\n    \"\"\"\n\tWrite a function that matches a string that has an 'a' followed by one or more 'b's. https://www.w3resource.com/python-exercises/re/python-re-exercise-3.php\n\t\"\"\"\n    return re.search(r\"ab+\", text) is not None\n\n\ndef check(candidate):\n    assert candidate('ac') == False\n    assert candidate('dc') == False\n    assert candidate('abbbba') == True\n    assert candidate('dsabbbba') == True\n    assert candidate('asbbbba') == False\n    assert candidate('abaaa') == True\n\ndef test_check():\n    check(text_match_zero_one)\n\ntest_check()\n",
      "timestamp": 1665510614,
      "stdout": "",
      "stderr": "Traceback (most recent call last):\n  File \"/tmp/tmpmixc7v61.py\", line 19, in <module>\n    test_check()\n  File \"/tmp/tmpmixc7v61.py\", line 17, in test_check\n    check(text_match_zero_one)\n  File \"/tmp/tmpmixc7v61.py\", line 9, in check\n    assert candidate('ac') == False\n  File \"/tmp/tmpmixc7v61.py\", line 5, in text_match_zero_one\n    return re.search(r\"ab+\", text) is not None\nNameError: name 're' is not defined\n",
      "exit_code": 1,
      "status": "Exception"
    },
    {
      "program": "def text_match_zero_one(text: str) -> bool:\n    \"\"\"\n\tWrite a function that matches a string that has an 'a' followed by one or more 'b's. https://www.w3resource.com/python-exercises/re/python-re-exercise-3.php\n\t\"\"\"\n    pattern = r\"ab+\"\n    result = re.match(pattern, text)\n    return result is not None\n\n\ndef check(candidate):\n    assert candidate('ac') == False\n    assert candidate('dc') == False\n    assert candidate('abbbba') == True\n    assert candidate('dsabbbba') == True\n    assert candidate('asbbbba') == False\n    assert candidate('abaaa') == True\n\ndef test_check():\n    check(text_match_zero_one)\n\ntest_check()\n",
      "timestamp": 1666123743,
      "stdout": "",
      "stderr": "Traceback (most recent call last):\n  File \"/tmp/tmpugek1rmt.py\", line 21, in <module>\n    test_check()\n  File \"/tmp/tmpugek1rmt.py\", line 19, in test_check\n    check(text_match_zero_one)\n  File \"/tmp/tmpugek1rmt.py\", line 11, in check\n    assert candidate('ac') == False\n  File \"/tmp/tmpugek1rmt.py\", line 6, in text_match_zero_one\n    result = re.match(pattern, text)\nNameError: name 're' is not defined\n",
      "exit_code": 1,
      "status": "Exception"
    },
    {
      "program": "def text_match_zero_one(text: str) -> bool:\n    \"\"\"\n\tWrite a function that matches a string that has an 'a' followed by one or more 'b's. https://www.w3resource.com/python-exercises/re/python-re-exercise-3.php\n\t\"\"\"\n    return re.search(r\"ab+\", text)\n\n\ndef check(candidate):\n    assert candidate('ac') == False\n    assert candidate('dc') == False\n    assert candidate('abbbba') == True\n    assert candidate('dsabbbba') == True\n    assert candidate('asbbbba') == False\n    assert candidate('abaaa') == True\n\ndef test_check():\n    check(text_match_zero_one)\n\ntest_check()\n",
      "timestamp": 1665510614,
      "stdout": "",
      "stderr": "Traceback (most recent call last):\n  File \"/tmp/tmpmu5fhnwa.py\", line 19, in <module>\n    test_check()\n  File \"/tmp/tmpmu5fhnwa.py\", line 17, in test_check\n    check(text_match_zero_one)\n  File \"/tmp/tmpmu5fhnwa.py\", line 9, in check\n    assert candidate('ac') == False\n  File \"/tmp/tmpmu5fhnwa.py\", line 5, in text_match_zero_one\n    return re.search(r\"ab+\", text)\nNameError: name 're' is not defined\n",
      "exit_code": 1,
      "status": "Exception"
    },
    {
      "program": "def text_match_zero_one(text: str) -> bool:\n    \"\"\"\n\tWrite a function that matches a string that has an 'a' followed by one or more 'b's. https://www.w3resource.com/python-exercises/re/python-re-exercise-3.php\n\t\"\"\"\n    return re.search(r\"ab+\", text) is not None\n\n\ndef check(candidate):\n    assert candidate('ac') == False\n    assert candidate('dc') == False\n    assert candidate('abbbba') == True\n    assert candidate('dsabbbba') == True\n    assert candidate('asbbbba') == False\n    assert candidate('abaaa') == True\n\ndef test_check():\n    check(text_match_zero_one)\n\ntest_check()\n",
      "timestamp": 1665510614,
      "stdout": "",
      "stderr": "Traceback (most recent call last):\n  File \"/tmp/tmpmixc7v61.py\", line 19, in <module>\n    test_check()\n  File \"/tmp/tmpmixc7v61.py\", line 17, in test_check\n    check(text_match_zero_one)\n  File \"/tmp/tmpmixc7v61.py\", line 9, in check\n    assert candidate('ac') == False\n  File \"/tmp/tmpmixc7v61.py\", line 5, in text_match_zero_one\n    return re.search(r\"ab+\", text) is not None\nNameError: name 're' is not defined\n",
      "exit_code": 1,
      "status": "Exception"
    },
    {
      "program": "def text_match_zero_one(text: str) -> bool:\n    \"\"\"\n\tWrite a function that matches a string that has an 'a' followed by one or more 'b's. https://www.w3resource.com/python-exercises/re/python-re-exercise-3.php\n\t\"\"\"\n    return bool(re.search(r\"ab+\", text))\n\n\ndef check(candidate):\n    assert candidate('ac') == False\n    assert candidate('dc') == False\n    assert candidate('abbbba') == True\n    assert candidate('dsabbbba') == True\n    assert candidate('asbbbba') == False\n    assert candidate('abaaa') == True\n\ndef test_check():\n    check(text_match_zero_one)\n\ntest_check()\n",
      "timestamp": 1665510614,
      "stdout": "",
      "stderr": "Traceback (most recent call last):\n  File \"/tmp/tmpv2anczjq.py\", line 19, in <module>\n    test_check()\n  File \"/tmp/tmpv2anczjq.py\", line 17, in test_check\n    check(text_match_zero_one)\n  File \"/tmp/tmpv2anczjq.py\", line 9, in check\n    assert candidate('ac') == False\n  File \"/tmp/tmpv2anczjq.py\", line 5, in text_match_zero_one\n    return bool(re.search(r\"ab+\", text))\nNameError: name 're' is not defined\n",
      "exit_code": 1,
      "status": "Exception"
    },
    {
      "program": "def text_match_zero_one(text: str) -> bool:\n    \"\"\"\n\tWrite a function that matches a string that has an 'a' followed by one or more 'b's. https://www.w3resource.com/python-exercises/re/python-re-exercise-3.php\n\t\"\"\"\n    return bool(re.match(r\"ab+\", text))\n\n\ndef check(candidate):\n    assert candidate('ac') == False\n    assert candidate('dc') == False\n    assert candidate('abbbba') == True\n    assert candidate('dsabbbba') == True\n    assert candidate('asbbbba') == False\n    assert candidate('abaaa') == True\n\ndef test_check():\n    check(text_match_zero_one)\n\ntest_check()\n",
      "timestamp": 1665510614,
      "stdout": "",
      "stderr": "Traceback (most recent call last):\n  File \"/tmp/tmp0mcv8rcl.py\", line 19, in <module>\n    test_check()\n  File \"/tmp/tmp0mcv8rcl.py\", line 17, in test_check\n    check(text_match_zero_one)\n  File \"/tmp/tmp0mcv8rcl.py\", line 9, in check\n    assert candidate('ac') == False\n  File \"/tmp/tmp0mcv8rcl.py\", line 5, in text_match_zero_one\n    return bool(re.match(r\"ab+\", text))\nNameError: name 're' is not defined\n",
      "exit_code": 1,
      "status": "Exception"
    },
    {
      "program": "def text_match_zero_one(text: str) -> bool:\n    \"\"\"\n\tWrite a function that matches a string that has an 'a' followed by one or more 'b's. https://www.w3resource.com/python-exercises/re/python-re-exercise-3.php\n\t\"\"\"\n    return re.search(r\"ab+\", text) is not None\n\n\ndef check(candidate):\n    assert candidate('ac') == False\n    assert candidate('dc') == False\n    assert candidate('abbbba') == True\n    assert candidate('dsabbbba') == True\n    assert candidate('asbbbba') == False\n    assert candidate('abaaa') == True\n\ndef test_check():\n    check(text_match_zero_one)\n\ntest_check()\n",
      "timestamp": 1665510614,
      "stdout": "",
      "stderr": "Traceback (most recent call last):\n  File \"/tmp/tmpmixc7v61.py\", line 19, in <module>\n    test_check()\n  File \"/tmp/tmpmixc7v61.py\", line 17, in test_check\n    check(text_match_zero_one)\n  File \"/tmp/tmpmixc7v61.py\", line 9, in check\n    assert candidate('ac') == False\n  File \"/tmp/tmpmixc7v61.py\", line 5, in text_match_zero_one\n    return re.search(r\"ab+\", text) is not None\nNameError: name 're' is not defined\n",
      "exit_code": 1,
      "status": "Exception"
    },
    {
      "program": "def text_match_zero_one(text: str) -> bool:\n    \"\"\"\n\tWrite a function that matches a string that has an 'a' followed by one or more 'b's. https://www.w3resource.com/python-exercises/re/python-re-exercise-3.php\n\t\"\"\"\n    return bool(re.match(r\"ab+\", text))\n\n\ndef check(candidate):\n    assert candidate('ac') == False\n    assert candidate('dc') == False\n    assert candidate('abbbba') == True\n    assert candidate('dsabbbba') == True\n    assert candidate('asbbbba') == False\n    assert candidate('abaaa') == True\n\ndef test_check():\n    check(text_match_zero_one)\n\ntest_check()\n",
      "timestamp": 1665510614,
      "stdout": "",
      "stderr": "Traceback (most recent call last):\n  File \"/tmp/tmp0mcv8rcl.py\", line 19, in <module>\n    test_check()\n  File \"/tmp/tmp0mcv8rcl.py\", line 17, in test_check\n    check(text_match_zero_one)\n  File \"/tmp/tmp0mcv8rcl.py\", line 9, in check\n    assert candidate('ac') == False\n  File \"/tmp/tmp0mcv8rcl.py\", line 5, in text_match_zero_one\n    return bool(re.match(r\"ab+\", text))\nNameError: name 're' is not defined\n",
      "exit_code": 1,
      "status": "Exception"
    },
    {
      "program": "def text_match_zero_one(text: str) -> bool:\n    \"\"\"\n\tWrite a function that matches a string that has an 'a' followed by one or more 'b's. https://www.w3resource.com/python-exercises/re/python-re-exercise-3.php\n\t\"\"\"\n    pattern = re.compile(r\"ab+\")\n    return bool(pattern.match(text))\n\n\ndef check(candidate):\n    assert candidate('ac') == False\n    assert candidate('dc') == False\n    assert candidate('abbbba') == True\n    assert candidate('dsabbbba') == True\n    assert candidate('asbbbba') == False\n    assert candidate('abaaa') == True\n\ndef test_check():\n    check(text_match_zero_one)\n\ntest_check()\n",
      "timestamp": 1665510614,
      "stdout": "",
      "stderr": "Traceback (most recent call last):\n  File \"/tmp/tmpe910tgic.py\", line 20, in <module>\n    test_check()\n  File \"/tmp/tmpe910tgic.py\", line 18, in test_check\n    check(text_match_zero_one)\n  File \"/tmp/tmpe910tgic.py\", line 10, in check\n    assert candidate('ac') == False\n  File \"/tmp/tmpe910tgic.py\", line 5, in text_match_zero_one\n    pattern = re.compile(r\"ab+\")\nNameError: name 're' is not defined\n",
      "exit_code": 1,
      "status": "Exception"
    },
    {
      "program": "def text_match_zero_one(text: str) -> bool:\n    \"\"\"\n\tWrite a function that matches a string that has an 'a' followed by one or more 'b's. https://www.w3resource.com/python-exercises/re/python-re-exercise-3.php\n\t\"\"\"\n    pattern = re.compile(r'ab+')\n    return bool(pattern.match(text))\n\n\ndef check(candidate):\n    assert candidate('ac') == False\n    assert candidate('dc') == False\n    assert candidate('abbbba') == True\n    assert candidate('dsabbbba') == True\n    assert candidate('asbbbba') == False\n    assert candidate('abaaa') == True\n\ndef test_check():\n    check(text_match_zero_one)\n\ntest_check()\n",
      "timestamp": 1666123743,
      "stdout": "",
      "stderr": "Traceback (most recent call last):\n  File \"/tmp/tmprt9us6iz.py\", line 20, in <module>\n    test_check()\n  File \"/tmp/tmprt9us6iz.py\", line 18, in test_check\n    check(text_match_zero_one)\n  File \"/tmp/tmprt9us6iz.py\", line 10, in check\n    assert candidate('ac') == False\n  File \"/tmp/tmprt9us6iz.py\", line 5, in text_match_zero_one\n    pattern = re.compile(r'ab+')\nNameError: name 're' is not defined\n",
      "exit_code": 1,
      "status": "Exception"
    },
    {
      "program": "def text_match_zero_one(text: str) -> bool:\n    \"\"\"\n\tWrite a function that matches a string that has an 'a' followed by one or more 'b's. https://www.w3resource.com/python-exercises/re/python-re-exercise-3.php\n\t\"\"\"\n    return re.search(r\"ab+\", text) is not None\n\n\ndef check(candidate):\n    assert candidate('ac') == False\n    assert candidate('dc') == False\n    assert candidate('abbbba') == True\n    assert candidate('dsabbbba') == True\n    assert candidate('asbbbba') == False\n    assert candidate('abaaa') == True\n\ndef test_check():\n    check(text_match_zero_one)\n\ntest_check()\n",
      "timestamp": 1665510614,
      "stdout": "",
      "stderr": "Traceback (most recent call last):\n  File \"/tmp/tmpmixc7v61.py\", line 19, in <module>\n    test_check()\n  File \"/tmp/tmpmixc7v61.py\", line 17, in test_check\n    check(text_match_zero_one)\n  File \"/tmp/tmpmixc7v61.py\", line 9, in check\n    assert candidate('ac') == False\n  File \"/tmp/tmpmixc7v61.py\", line 5, in text_match_zero_one\n    return re.search(r\"ab+\", text) is not None\nNameError: name 're' is not defined\n",
      "exit_code": 1,
      "status": "Exception"
    },
    {
      "program": "def text_match_zero_one(text: str) -> bool:\n    \"\"\"\n\tWrite a function that matches a string that has an 'a' followed by one or more 'b's. https://www.w3resource.com/python-exercises/re/python-re-exercise-3.php\n\t\"\"\"\n    return re.search(r\"ab+\", text) is not None\n\n\ndef check(candidate):\n    assert candidate('ac') == False\n    assert candidate('dc') == False\n    assert candidate('abbbba') == True\n    assert candidate('dsabbbba') == True\n    assert candidate('asbbbba') == False\n    assert candidate('abaaa') == True\n\ndef test_check():\n    check(text_match_zero_one)\n\ntest_check()\n",
      "timestamp": 1665510614,
      "stdout": "",
      "stderr": "Traceback (most recent call last):\n  File \"/tmp/tmpmixc7v61.py\", line 19, in <module>\n    test_check()\n  File \"/tmp/tmpmixc7v61.py\", line 17, in test_check\n    check(text_match_zero_one)\n  File \"/tmp/tmpmixc7v61.py\", line 9, in check\n    assert candidate('ac') == False\n  File \"/tmp/tmpmixc7v61.py\", line 5, in text_match_zero_one\n    return re.search(r\"ab+\", text) is not None\nNameError: name 're' is not defined\n",
      "exit_code": 1,
      "status": "Exception"
    },
    {
      "program": "def text_match_zero_one(text: str) -> bool:\n    \"\"\"\n\tWrite a function that matches a string that has an 'a' followed by one or more 'b's. https://www.w3resource.com/python-exercises/re/python-re-exercise-3.php\n\t\"\"\"\n    pattern = re.compile(r\"ab+\")\n    return bool(pattern.match(text))\n\n\ndef check(candidate):\n    assert candidate('ac') == False\n    assert candidate('dc') == False\n    assert candidate('abbbba') == True\n    assert candidate('dsabbbba') == True\n    assert candidate('asbbbba') == False\n    assert candidate('abaaa') == True\n\ndef test_check():\n    check(text_match_zero_one)\n\ntest_check()\n",
      "timestamp": 1665510614,
      "stdout": "",
      "stderr": "Traceback (most recent call last):\n  File \"/tmp/tmpe910tgic.py\", line 20, in <module>\n    test_check()\n  File \"/tmp/tmpe910tgic.py\", line 18, in test_check\n    check(text_match_zero_one)\n  File \"/tmp/tmpe910tgic.py\", line 10, in check\n    assert candidate('ac') == False\n  File \"/tmp/tmpe910tgic.py\", line 5, in text_match_zero_one\n    pattern = re.compile(r\"ab+\")\nNameError: name 're' is not defined\n",
      "exit_code": 1,
      "status": "Exception"
    },
    {
      "program": "def text_match_zero_one(text: str) -> bool:\n    \"\"\"\n\tWrite a function that matches a string that has an 'a' followed by one or more 'b's. https://www.w3resource.com/python-exercises/re/python-re-exercise-3.php\n\t\"\"\"\n    return bool(re.search(r\"ab+\", text))\n\n\ndef check(candidate):\n    assert candidate('ac') == False\n    assert candidate('dc') == False\n    assert candidate('abbbba') == True\n    assert candidate('dsabbbba') == True\n    assert candidate('asbbbba') == False\n    assert candidate('abaaa') == True\n\ndef test_check():\n    check(text_match_zero_one)\n\ntest_check()\n",
      "timestamp": 1665510614,
      "stdout": "",
      "stderr": "Traceback (most recent call last):\n  File \"/tmp/tmpv2anczjq.py\", line 19, in <module>\n    test_check()\n  File \"/tmp/tmpv2anczjq.py\", line 17, in test_check\n    check(text_match_zero_one)\n  File \"/tmp/tmpv2anczjq.py\", line 9, in check\n    assert candidate('ac') == False\n  File \"/tmp/tmpv2anczjq.py\", line 5, in text_match_zero_one\n    return bool(re.search(r\"ab+\", text))\nNameError: name 're' is not defined\n",
      "exit_code": 1,
      "status": "Exception"
    },
    {
      "program": "def text_match_zero_one(text: str) -> bool:\n    \"\"\"\n\tWrite a function that matches a string that has an 'a' followed by one or more 'b's. https://www.w3resource.com/python-exercises/re/python-re-exercise-3.php\n\t\"\"\"\n    return bool(re.search(r\"ab+\", text))\n\n\ndef check(candidate):\n    assert candidate('ac') == False\n    assert candidate('dc') == False\n    assert candidate('abbbba') == True\n    assert candidate('dsabbbba') == True\n    assert candidate('asbbbba') == False\n    assert candidate('abaaa') == True\n\ndef test_check():\n    check(text_match_zero_one)\n\ntest_check()\n",
      "timestamp": 1665510614,
      "stdout": "",
      "stderr": "Traceback (most recent call last):\n  File \"/tmp/tmpv2anczjq.py\", line 19, in <module>\n    test_check()\n  File \"/tmp/tmpv2anczjq.py\", line 17, in test_check\n    check(text_match_zero_one)\n  File \"/tmp/tmpv2anczjq.py\", line 9, in check\n    assert candidate('ac') == False\n  File \"/tmp/tmpv2anczjq.py\", line 5, in text_match_zero_one\n    return bool(re.search(r\"ab+\", text))\nNameError: name 're' is not defined\n",
      "exit_code": 1,
      "status": "Exception"
    },
    {
      "program": "def text_match_zero_one(text: str) -> bool:\n    \"\"\"\n\tWrite a function that matches a string that has an 'a' followed by one or more 'b's. https://www.w3resource.com/python-exercises/re/python-re-exercise-3.php\n\t\"\"\"\n    return re.search(r\"ab+\", text) is not None\n\n\ndef check(candidate):\n    assert candidate('ac') == False\n    assert candidate('dc') == False\n    assert candidate('abbbba') == True\n    assert candidate('dsabbbba') == True\n    assert candidate('asbbbba') == False\n    assert candidate('abaaa') == True\n\ndef test_check():\n    check(text_match_zero_one)\n\ntest_check()\n",
      "timestamp": 1665510614,
      "stdout": "",
      "stderr": "Traceback (most recent call last):\n  File \"/tmp/tmpmixc7v61.py\", line 19, in <module>\n    test_check()\n  File \"/tmp/tmpmixc7v61.py\", line 17, in test_check\n    check(text_match_zero_one)\n  File \"/tmp/tmpmixc7v61.py\", line 9, in check\n    assert candidate('ac') == False\n  File \"/tmp/tmpmixc7v61.py\", line 5, in text_match_zero_one\n    return re.search(r\"ab+\", text) is not None\nNameError: name 're' is not defined\n",
      "exit_code": 1,
      "status": "Exception"
    },
    {
      "program": "def text_match_zero_one(text: str) -> bool:\n    \"\"\"\n\tWrite a function that matches a string that has an 'a' followed by one or more 'b's. https://www.w3resource.com/python-exercises/re/python-re-exercise-3.php\n\t\"\"\"\n    return bool(re.search(r\"ab+\", text))\n\n\ndef check(candidate):\n    assert candidate('ac') == False\n    assert candidate('dc') == False\n    assert candidate('abbbba') == True\n    assert candidate('dsabbbba') == True\n    assert candidate('asbbbba') == False\n    assert candidate('abaaa') == True\n\ndef test_check():\n    check(text_match_zero_one)\n\ntest_check()\n",
      "timestamp": 1665510614,
      "stdout": "",
      "stderr": "Traceback (most recent call last):\n  File \"/tmp/tmpv2anczjq.py\", line 19, in <module>\n    test_check()\n  File \"/tmp/tmpv2anczjq.py\", line 17, in test_check\n    check(text_match_zero_one)\n  File \"/tmp/tmpv2anczjq.py\", line 9, in check\n    assert candidate('ac') == False\n  File \"/tmp/tmpv2anczjq.py\", line 5, in text_match_zero_one\n    return bool(re.search(r\"ab+\", text))\nNameError: name 're' is not defined\n",
      "exit_code": 1,
      "status": "Exception"
    },
    {
      "program": "def text_match_zero_one(text: str) -> bool:\n    \"\"\"\n\tWrite a function that matches a string that has an 'a' followed by one or more 'b's. https://www.w3resource.com/python-exercises/re/python-re-exercise-3.php\n\t\"\"\"\n    return re.search(r\"ab+\", text) is not None\n\n\ndef check(candidate):\n    assert candidate('ac') == False\n    assert candidate('dc') == False\n    assert candidate('abbbba') == True\n    assert candidate('dsabbbba') == True\n    assert candidate('asbbbba') == False\n    assert candidate('abaaa') == True\n\ndef test_check():\n    check(text_match_zero_one)\n\ntest_check()\n",
      "timestamp": 1665510614,
      "stdout": "",
      "stderr": "Traceback (most recent call last):\n  File \"/tmp/tmpmixc7v61.py\", line 19, in <module>\n    test_check()\n  File \"/tmp/tmpmixc7v61.py\", line 17, in test_check\n    check(text_match_zero_one)\n  File \"/tmp/tmpmixc7v61.py\", line 9, in check\n    assert candidate('ac') == False\n  File \"/tmp/tmpmixc7v61.py\", line 5, in text_match_zero_one\n    return re.search(r\"ab+\", text) is not None\nNameError: name 're' is not defined\n",
      "exit_code": 1,
      "status": "Exception"
    },
    {
      "program": "def text_match_zero_one(text: str) -> bool:\n    \"\"\"\n\tWrite a function that matches a string that has an 'a' followed by one or more 'b's. https://www.w3resource.com/python-exercises/re/python-re-exercise-3.php\n\t\"\"\"\n    pattern = re.compile(r'ab+')\n    return bool(pattern.match(text))\n\n\ndef check(candidate):\n    assert candidate('ac') == False\n    assert candidate('dc') == False\n    assert candidate('abbbba') == True\n    assert candidate('dsabbbba') == True\n    assert candidate('asbbbba') == False\n    assert candidate('abaaa') == True\n\ndef test_check():\n    check(text_match_zero_one)\n\ntest_check()\n",
      "timestamp": 1666123743,
      "stdout": "",
      "stderr": "Traceback (most recent call last):\n  File \"/tmp/tmprt9us6iz.py\", line 20, in <module>\n    test_check()\n  File \"/tmp/tmprt9us6iz.py\", line 18, in test_check\n    check(text_match_zero_one)\n  File \"/tmp/tmprt9us6iz.py\", line 10, in check\n    assert candidate('ac') == False\n  File \"/tmp/tmprt9us6iz.py\", line 5, in text_match_zero_one\n    pattern = re.compile(r'ab+')\nNameError: name 're' is not defined\n",
      "exit_code": 1,
      "status": "Exception"
    },
    {
      "program": "def text_match_zero_one(text: str) -> bool:\n    \"\"\"\n\tWrite a function that matches a string that has an 'a' followed by one or more 'b's. https://www.w3resource.com/python-exercises/re/python-re-exercise-3.php\n\t\"\"\"\n    return re.search(r\"ab+\", text) is not None\n\n\ndef check(candidate):\n    assert candidate('ac') == False\n    assert candidate('dc') == False\n    assert candidate('abbbba') == True\n    assert candidate('dsabbbba') == True\n    assert candidate('asbbbba') == False\n    assert candidate('abaaa') == True\n\ndef test_check():\n    check(text_match_zero_one)\n\ntest_check()\n",
      "timestamp": 1665510614,
      "stdout": "",
      "stderr": "Traceback (most recent call last):\n  File \"/tmp/tmpmixc7v61.py\", line 19, in <module>\n    test_check()\n  File \"/tmp/tmpmixc7v61.py\", line 17, in test_check\n    check(text_match_zero_one)\n  File \"/tmp/tmpmixc7v61.py\", line 9, in check\n    assert candidate('ac') == False\n  File \"/tmp/tmpmixc7v61.py\", line 5, in text_match_zero_one\n    return re.search(r\"ab+\", text) is not None\nNameError: name 're' is not defined\n",
      "exit_code": 1,
      "status": "Exception"
    },
    {
      "program": "def text_match_zero_one(text: str) -> bool:\n    \"\"\"\n\tWrite a function that matches a string that has an 'a' followed by one or more 'b's. https://www.w3resource.com/python-exercises/re/python-re-exercise-3.php\n\t\"\"\"\n    pattern = re.compile(r\"ab+\")\n    return bool(pattern.match(text))\n\n\ndef check(candidate):\n    assert candidate('ac') == False\n    assert candidate('dc') == False\n    assert candidate('abbbba') == True\n    assert candidate('dsabbbba') == True\n    assert candidate('asbbbba') == False\n    assert candidate('abaaa') == True\n\ndef test_check():\n    check(text_match_zero_one)\n\ntest_check()\n",
      "timestamp": 1665510614,
      "stdout": "",
      "stderr": "Traceback (most recent call last):\n  File \"/tmp/tmpe910tgic.py\", line 20, in <module>\n    test_check()\n  File \"/tmp/tmpe910tgic.py\", line 18, in test_check\n    check(text_match_zero_one)\n  File \"/tmp/tmpe910tgic.py\", line 10, in check\n    assert candidate('ac') == False\n  File \"/tmp/tmpe910tgic.py\", line 5, in text_match_zero_one\n    pattern = re.compile(r\"ab+\")\nNameError: name 're' is not defined\n",
      "exit_code": 1,
      "status": "Exception"
    },
    {
      "program": "def text_match_zero_one(text: str) -> bool:\n    \"\"\"\n\tWrite a function that matches a string that has an 'a' followed by one or more 'b's. https://www.w3resource.com/python-exercises/re/python-re-exercise-3.php\n\t\"\"\"\n    return bool(re.search(r\"ab+\", text))\n\n\ndef check(candidate):\n    assert candidate('ac') == False\n    assert candidate('dc') == False\n    assert candidate('abbbba') == True\n    assert candidate('dsabbbba') == True\n    assert candidate('asbbbba') == False\n    assert candidate('abaaa') == True\n\ndef test_check():\n    check(text_match_zero_one)\n\ntest_check()\n",
      "timestamp": 1665510614,
      "stdout": "",
      "stderr": "Traceback (most recent call last):\n  File \"/tmp/tmpv2anczjq.py\", line 19, in <module>\n    test_check()\n  File \"/tmp/tmpv2anczjq.py\", line 17, in test_check\n    check(text_match_zero_one)\n  File \"/tmp/tmpv2anczjq.py\", line 9, in check\n    assert candidate('ac') == False\n  File \"/tmp/tmpv2anczjq.py\", line 5, in text_match_zero_one\n    return bool(re.search(r\"ab+\", text))\nNameError: name 're' is not defined\n",
      "exit_code": 1,
      "status": "Exception"
    },
    {
      "program": "def text_match_zero_one(text: str) -> bool:\n    \"\"\"\n\tWrite a function that matches a string that has an 'a' followed by one or more 'b's. https://www.w3resource.com/python-exercises/re/python-re-exercise-3.php\n\t\"\"\"\n    pattern = re.compile(r\"ab+\")\n    return bool(pattern.match(text))\n\n\ndef check(candidate):\n    assert candidate('ac') == False\n    assert candidate('dc') == False\n    assert candidate('abbbba') == True\n    assert candidate('dsabbbba') == True\n    assert candidate('asbbbba') == False\n    assert candidate('abaaa') == True\n\ndef test_check():\n    check(text_match_zero_one)\n\ntest_check()\n",
      "timestamp": 1665510614,
      "stdout": "",
      "stderr": "Traceback (most recent call last):\n  File \"/tmp/tmpe910tgic.py\", line 20, in <module>\n    test_check()\n  File \"/tmp/tmpe910tgic.py\", line 18, in test_check\n    check(text_match_zero_one)\n  File \"/tmp/tmpe910tgic.py\", line 10, in check\n    assert candidate('ac') == False\n  File \"/tmp/tmpe910tgic.py\", line 5, in text_match_zero_one\n    pattern = re.compile(r\"ab+\")\nNameError: name 're' is not defined\n",
      "exit_code": 1,
      "status": "Exception"
    },
    {
      "program": "def text_match_zero_one(text: str) -> bool:\n    \"\"\"\n\tWrite a function that matches a string that has an 'a' followed by one or more 'b's. https://www.w3resource.com/python-exercises/re/python-re-exercise-3.php\n\t\"\"\"\n    return re.search(r\"ab+\", text) is not None\n\n\ndef check(candidate):\n    assert candidate('ac') == False\n    assert candidate('dc') == False\n    assert candidate('abbbba') == True\n    assert candidate('dsabbbba') == True\n    assert candidate('asbbbba') == False\n    assert candidate('abaaa') == True\n\ndef test_check():\n    check(text_match_zero_one)\n\ntest_check()\n",
      "timestamp": 1665510614,
      "stdout": "",
      "stderr": "Traceback (most recent call last):\n  File \"/tmp/tmpmixc7v61.py\", line 19, in <module>\n    test_check()\n  File \"/tmp/tmpmixc7v61.py\", line 17, in test_check\n    check(text_match_zero_one)\n  File \"/tmp/tmpmixc7v61.py\", line 9, in check\n    assert candidate('ac') == False\n  File \"/tmp/tmpmixc7v61.py\", line 5, in text_match_zero_one\n    return re.search(r\"ab+\", text) is not None\nNameError: name 're' is not defined\n",
      "exit_code": 1,
      "status": "Exception"
    },
    {
      "program": "def text_match_zero_one(text: str) -> bool:\n    \"\"\"\n\tWrite a function that matches a string that has an 'a' followed by one or more 'b's. https://www.w3resource.com/python-exercises/re/python-re-exercise-3.php\n\t\"\"\"\n    pattern = r\"ab+\"\n    if re.search(pattern, text):\n        return True\n    return False\n\n\ndef check(candidate):\n    assert candidate('ac') == False\n    assert candidate('dc') == False\n    assert candidate('abbbba') == True\n    assert candidate('dsabbbba') == True\n    assert candidate('asbbbba') == False\n    assert candidate('abaaa') == True\n\ndef test_check():\n    check(text_match_zero_one)\n\ntest_check()\n",
      "timestamp": 1666123743,
      "stdout": "",
      "stderr": "Traceback (most recent call last):\n  File \"/tmp/tmp8cuh3bwk.py\", line 22, in <module>\n    test_check()\n  File \"/tmp/tmp8cuh3bwk.py\", line 20, in test_check\n    check(text_match_zero_one)\n  File \"/tmp/tmp8cuh3bwk.py\", line 12, in check\n    assert candidate('ac') == False\n  File \"/tmp/tmp8cuh3bwk.py\", line 6, in text_match_zero_one\n    if re.search(pattern, text):\nNameError: name 're' is not defined\n",
      "exit_code": 1,
      "status": "Exception"
    },
    {
      "program": "def text_match_zero_one(text: str) -> bool:\n    \"\"\"\n\tWrite a function that matches a string that has an 'a' followed by one or more 'b's. https://www.w3resource.com/python-exercises/re/python-re-exercise-3.php\n\t\"\"\"\n    return bool(re.match(r\"ab+\", text))\n\n\ndef check(candidate):\n    assert candidate('ac') == False\n    assert candidate('dc') == False\n    assert candidate('abbbba') == True\n    assert candidate('dsabbbba') == True\n    assert candidate('asbbbba') == False\n    assert candidate('abaaa') == True\n\ndef test_check():\n    check(text_match_zero_one)\n\ntest_check()\n",
      "timestamp": 1665510614,
      "stdout": "",
      "stderr": "Traceback (most recent call last):\n  File \"/tmp/tmp0mcv8rcl.py\", line 19, in <module>\n    test_check()\n  File \"/tmp/tmp0mcv8rcl.py\", line 17, in test_check\n    check(text_match_zero_one)\n  File \"/tmp/tmp0mcv8rcl.py\", line 9, in check\n    assert candidate('ac') == False\n  File \"/tmp/tmp0mcv8rcl.py\", line 5, in text_match_zero_one\n    return bool(re.match(r\"ab+\", text))\nNameError: name 're' is not defined\n",
      "exit_code": 1,
      "status": "Exception"
    },
    {
      "program": "def text_match_zero_one(text: str) -> bool:\n    \"\"\"\n\tWrite a function that matches a string that has an 'a' followed by one or more 'b's. https://www.w3resource.com/python-exercises/re/python-re-exercise-3.php\n\t\"\"\"\n    return re.search(r\"ab+\", text) is not None\n\n\ndef check(candidate):\n    assert candidate('ac') == False\n    assert candidate('dc') == False\n    assert candidate('abbbba') == True\n    assert candidate('dsabbbba') == True\n    assert candidate('asbbbba') == False\n    assert candidate('abaaa') == True\n\ndef test_check():\n    check(text_match_zero_one)\n\ntest_check()\n",
      "timestamp": 1665510614,
      "stdout": "",
      "stderr": "Traceback (most recent call last):\n  File \"/tmp/tmpmixc7v61.py\", line 19, in <module>\n    test_check()\n  File \"/tmp/tmpmixc7v61.py\", line 17, in test_check\n    check(text_match_zero_one)\n  File \"/tmp/tmpmixc7v61.py\", line 9, in check\n    assert candidate('ac') == False\n  File \"/tmp/tmpmixc7v61.py\", line 5, in text_match_zero_one\n    return re.search(r\"ab+\", text) is not None\nNameError: name 're' is not defined\n",
      "exit_code": 1,
      "status": "Exception"
    },
    {
      "program": "def text_match_zero_one(text: str) -> bool:\n    \"\"\"\n\tWrite a function that matches a string that has an 'a' followed by one or more 'b's. https://www.w3resource.com/python-exercises/re/python-re-exercise-3.php\n\t\"\"\"\n    return bool(re.search(r\"ab+\", text))\n\n\ndef check(candidate):\n    assert candidate('ac') == False\n    assert candidate('dc') == False\n    assert candidate('abbbba') == True\n    assert candidate('dsabbbba') == True\n    assert candidate('asbbbba') == False\n    assert candidate('abaaa') == True\n\ndef test_check():\n    check(text_match_zero_one)\n\ntest_check()\n",
      "timestamp": 1665510614,
      "stdout": "",
      "stderr": "Traceback (most recent call last):\n  File \"/tmp/tmpv2anczjq.py\", line 19, in <module>\n    test_check()\n  File \"/tmp/tmpv2anczjq.py\", line 17, in test_check\n    check(text_match_zero_one)\n  File \"/tmp/tmpv2anczjq.py\", line 9, in check\n    assert candidate('ac') == False\n  File \"/tmp/tmpv2anczjq.py\", line 5, in text_match_zero_one\n    return bool(re.search(r\"ab+\", text))\nNameError: name 're' is not defined\n",
      "exit_code": 1,
      "status": "Exception"
    },
    {
      "program": "def text_match_zero_one(text: str) -> bool:\n    \"\"\"\n\tWrite a function that matches a string that has an 'a' followed by one or more 'b's. https://www.w3resource.com/python-exercises/re/python-re-exercise-3.php\n\t\"\"\"\n    return re.search(r\"ab+\", text)\n\n\ndef check(candidate):\n    assert candidate('ac') == False\n    assert candidate('dc') == False\n    assert candidate('abbbba') == True\n    assert candidate('dsabbbba') == True\n    assert candidate('asbbbba') == False\n    assert candidate('abaaa') == True\n\ndef test_check():\n    check(text_match_zero_one)\n\ntest_check()\n",
      "timestamp": 1665510614,
      "stdout": "",
      "stderr": "Traceback (most recent call last):\n  File \"/tmp/tmpmu5fhnwa.py\", line 19, in <module>\n    test_check()\n  File \"/tmp/tmpmu5fhnwa.py\", line 17, in test_check\n    check(text_match_zero_one)\n  File \"/tmp/tmpmu5fhnwa.py\", line 9, in check\n    assert candidate('ac') == False\n  File \"/tmp/tmpmu5fhnwa.py\", line 5, in text_match_zero_one\n    return re.search(r\"ab+\", text)\nNameError: name 're' is not defined\n",
      "exit_code": 1,
      "status": "Exception"
    },
    {
      "program": "def text_match_zero_one(text: str) -> bool:\n    \"\"\"\n\tWrite a function that matches a string that has an 'a' followed by one or more 'b's. https://www.w3resource.com/python-exercises/re/python-re-exercise-3.php\n\t\"\"\"\n    return re.search(r\"ab+\", text) is not None\n\n\ndef check(candidate):\n    assert candidate('ac') == False\n    assert candidate('dc') == False\n    assert candidate('abbbba') == True\n    assert candidate('dsabbbba') == True\n    assert candidate('asbbbba') == False\n    assert candidate('abaaa') == True\n\ndef test_check():\n    check(text_match_zero_one)\n\ntest_check()\n",
      "timestamp": 1665510614,
      "stdout": "",
      "stderr": "Traceback (most recent call last):\n  File \"/tmp/tmpmixc7v61.py\", line 19, in <module>\n    test_check()\n  File \"/tmp/tmpmixc7v61.py\", line 17, in test_check\n    check(text_match_zero_one)\n  File \"/tmp/tmpmixc7v61.py\", line 9, in check\n    assert candidate('ac') == False\n  File \"/tmp/tmpmixc7v61.py\", line 5, in text_match_zero_one\n    return re.search(r\"ab+\", text) is not None\nNameError: name 're' is not defined\n",
      "exit_code": 1,
      "status": "Exception"
    },
    {
      "program": "def text_match_zero_one(text: str) -> bool:\n    \"\"\"\n\tWrite a function that matches a string that has an 'a' followed by one or more 'b's. https://www.w3resource.com/python-exercises/re/python-re-exercise-3.php\n\t\"\"\"\n    pattern = re.compile(r\"ab+\")\n    return bool(pattern.match(text))\n\n\ndef check(candidate):\n    assert candidate('ac') == False\n    assert candidate('dc') == False\n    assert candidate('abbbba') == True\n    assert candidate('dsabbbba') == True\n    assert candidate('asbbbba') == False\n    assert candidate('abaaa') == True\n\ndef test_check():\n    check(text_match_zero_one)\n\ntest_check()\n",
      "timestamp": 1665510614,
      "stdout": "",
      "stderr": "Traceback (most recent call last):\n  File \"/tmp/tmpe910tgic.py\", line 20, in <module>\n    test_check()\n  File \"/tmp/tmpe910tgic.py\", line 18, in test_check\n    check(text_match_zero_one)\n  File \"/tmp/tmpe910tgic.py\", line 10, in check\n    assert candidate('ac') == False\n  File \"/tmp/tmpe910tgic.py\", line 5, in text_match_zero_one\n    pattern = re.compile(r\"ab+\")\nNameError: name 're' is not defined\n",
      "exit_code": 1,
      "status": "Exception"
    },
    {
      "program": "def text_match_zero_one(text: str) -> bool:\n    \"\"\"\n\tWrite a function that matches a string that has an 'a' followed by one or more 'b's. https://www.w3resource.com/python-exercises/re/python-re-exercise-3.php\n\t\"\"\"\n    pattern = re.compile(r\"ab+\")\n    return bool(pattern.match(text))\n\n\ndef check(candidate):\n    assert candidate('ac') == False\n    assert candidate('dc') == False\n    assert candidate('abbbba') == True\n    assert candidate('dsabbbba') == True\n    assert candidate('asbbbba') == False\n    assert candidate('abaaa') == True\n\ndef test_check():\n    check(text_match_zero_one)\n\ntest_check()\n",
      "timestamp": 1665510614,
      "stdout": "",
      "stderr": "Traceback (most recent call last):\n  File \"/tmp/tmpe910tgic.py\", line 20, in <module>\n    test_check()\n  File \"/tmp/tmpe910tgic.py\", line 18, in test_check\n    check(text_match_zero_one)\n  File \"/tmp/tmpe910tgic.py\", line 10, in check\n    assert candidate('ac') == False\n  File \"/tmp/tmpe910tgic.py\", line 5, in text_match_zero_one\n    pattern = re.compile(r\"ab+\")\nNameError: name 're' is not defined\n",
      "exit_code": 1,
      "status": "Exception"
    },
    {
      "program": "def text_match_zero_one(text: str) -> bool:\n    \"\"\"\n\tWrite a function that matches a string that has an 'a' followed by one or more 'b's. https://www.w3resource.com/python-exercises/re/python-re-exercise-3.php\n\t\"\"\"\n    pattern = re.compile(r\"ab+\")\n    if pattern.search(text):\n        return True\n    else:\n        return False\n\n\ndef check(candidate):\n    assert candidate('ac') == False\n    assert candidate('dc') == False\n    assert candidate('abbbba') == True\n    assert candidate('dsabbbba') == True\n    assert candidate('asbbbba') == False\n    assert candidate('abaaa') == True\n\ndef test_check():\n    check(text_match_zero_one)\n\ntest_check()\n",
      "timestamp": 1666123743,
      "stdout": "",
      "stderr": "Traceback (most recent call last):\n  File \"/tmp/tmp7e5n7lrs.py\", line 23, in <module>\n    test_check()\n  File \"/tmp/tmp7e5n7lrs.py\", line 21, in test_check\n    check(text_match_zero_one)\n  File \"/tmp/tmp7e5n7lrs.py\", line 13, in check\n    assert candidate('ac') == False\n  File \"/tmp/tmp7e5n7lrs.py\", line 5, in text_match_zero_one\n    pattern = re.compile(r\"ab+\")\nNameError: name 're' is not defined\n",
      "exit_code": 1,
      "status": "Exception"
    },
    {
      "program": "def text_match_zero_one(text: str) -> bool:\n    \"\"\"\n\tWrite a function that matches a string that has an 'a' followed by one or more 'b's. https://www.w3resource.com/python-exercises/re/python-re-exercise-3.php\n\t\"\"\"\n    return re.search(r\"ab+\", text)\n\n\ndef check(candidate):\n    assert candidate('ac') == False\n    assert candidate('dc') == False\n    assert candidate('abbbba') == True\n    assert candidate('dsabbbba') == True\n    assert candidate('asbbbba') == False\n    assert candidate('abaaa') == True\n\ndef test_check():\n    check(text_match_zero_one)\n\ntest_check()\n",
      "timestamp": 1665510614,
      "stdout": "",
      "stderr": "Traceback (most recent call last):\n  File \"/tmp/tmpmu5fhnwa.py\", line 19, in <module>\n    test_check()\n  File \"/tmp/tmpmu5fhnwa.py\", line 17, in test_check\n    check(text_match_zero_one)\n  File \"/tmp/tmpmu5fhnwa.py\", line 9, in check\n    assert candidate('ac') == False\n  File \"/tmp/tmpmu5fhnwa.py\", line 5, in text_match_zero_one\n    return re.search(r\"ab+\", text)\nNameError: name 're' is not defined\n",
      "exit_code": 1,
      "status": "Exception"
    },
    {
      "program": "def text_match_zero_one(text: str) -> bool:\n    \"\"\"\n\tWrite a function that matches a string that has an 'a' followed by one or more 'b's. https://www.w3resource.com/python-exercises/re/python-re-exercise-3.php\n\t\"\"\"\n    return bool(re.search(r\"a+b+\", text))\n\n\ndef check(candidate):\n    assert candidate('ac') == False\n    assert candidate('dc') == False\n    assert candidate('abbbba') == True\n    assert candidate('dsabbbba') == True\n    assert candidate('asbbbba') == False\n    assert candidate('abaaa') == True\n\ndef test_check():\n    check(text_match_zero_one)\n\ntest_check()\n",
      "timestamp": 1666123743,
      "stdout": "",
      "stderr": "Traceback (most recent call last):\n  File \"/tmp/tmpu47qyp6m.py\", line 19, in <module>\n    test_check()\n  File \"/tmp/tmpu47qyp6m.py\", line 17, in test_check\n    check(text_match_zero_one)\n  File \"/tmp/tmpu47qyp6m.py\", line 9, in check\n    assert candidate('ac') == False\n  File \"/tmp/tmpu47qyp6m.py\", line 5, in text_match_zero_one\n    return bool(re.search(r\"a+b+\", text))\nNameError: name 're' is not defined\n",
      "exit_code": 1,
      "status": "Exception"
    },
    {
      "program": "def text_match_zero_one(text: str) -> bool:\n    \"\"\"\n\tWrite a function that matches a string that has an 'a' followed by one or more 'b's. https://www.w3resource.com/python-exercises/re/python-re-exercise-3.php\n\t\"\"\"\n    pattern = re.compile(r\"ab+\")\n    return bool(pattern.match(text))\n\n\ndef check(candidate):\n    assert candidate('ac') == False\n    assert candidate('dc') == False\n    assert candidate('abbbba') == True\n    assert candidate('dsabbbba') == True\n    assert candidate('asbbbba') == False\n    assert candidate('abaaa') == True\n\ndef test_check():\n    check(text_match_zero_one)\n\ntest_check()\n",
      "timestamp": 1665510614,
      "stdout": "",
      "stderr": "Traceback (most recent call last):\n  File \"/tmp/tmpe910tgic.py\", line 20, in <module>\n    test_check()\n  File \"/tmp/tmpe910tgic.py\", line 18, in test_check\n    check(text_match_zero_one)\n  File \"/tmp/tmpe910tgic.py\", line 10, in check\n    assert candidate('ac') == False\n  File \"/tmp/tmpe910tgic.py\", line 5, in text_match_zero_one\n    pattern = re.compile(r\"ab+\")\nNameError: name 're' is not defined\n",
      "exit_code": 1,
      "status": "Exception"
    },
    {
      "program": "def text_match_zero_one(text: str) -> bool:\n    \"\"\"\n\tWrite a function that matches a string that has an 'a' followed by one or more 'b's. https://www.w3resource.com/python-exercises/re/python-re-exercise-3.php\n\t\"\"\"\n    pattern = re.compile(r\"ab+\")\n    return bool(pattern.match(text))\n\n\ndef check(candidate):\n    assert candidate('ac') == False\n    assert candidate('dc') == False\n    assert candidate('abbbba') == True\n    assert candidate('dsabbbba') == True\n    assert candidate('asbbbba') == False\n    assert candidate('abaaa') == True\n\ndef test_check():\n    check(text_match_zero_one)\n\ntest_check()\n",
      "timestamp": 1665510614,
      "stdout": "",
      "stderr": "Traceback (most recent call last):\n  File \"/tmp/tmpe910tgic.py\", line 20, in <module>\n    test_check()\n  File \"/tmp/tmpe910tgic.py\", line 18, in test_check\n    check(text_match_zero_one)\n  File \"/tmp/tmpe910tgic.py\", line 10, in check\n    assert candidate('ac') == False\n  File \"/tmp/tmpe910tgic.py\", line 5, in text_match_zero_one\n    pattern = re.compile(r\"ab+\")\nNameError: name 're' is not defined\n",
      "exit_code": 1,
      "status": "Exception"
    },
    {
      "program": "def text_match_zero_one(text: str) -> bool:\n    \"\"\"\n\tWrite a function that matches a string that has an 'a' followed by one or more 'b's. https://www.w3resource.com/python-exercises/re/python-re-exercise-3.php\n\t\"\"\"\n    return re.search(r\"ab+\", text) is not None\n\n\ndef check(candidate):\n    assert candidate('ac') == False\n    assert candidate('dc') == False\n    assert candidate('abbbba') == True\n    assert candidate('dsabbbba') == True\n    assert candidate('asbbbba') == False\n    assert candidate('abaaa') == True\n\ndef test_check():\n    check(text_match_zero_one)\n\ntest_check()\n",
      "timestamp": 1665510614,
      "stdout": "",
      "stderr": "Traceback (most recent call last):\n  File \"/tmp/tmpmixc7v61.py\", line 19, in <module>\n    test_check()\n  File \"/tmp/tmpmixc7v61.py\", line 17, in test_check\n    check(text_match_zero_one)\n  File \"/tmp/tmpmixc7v61.py\", line 9, in check\n    assert candidate('ac') == False\n  File \"/tmp/tmpmixc7v61.py\", line 5, in text_match_zero_one\n    return re.search(r\"ab+\", text) is not None\nNameError: name 're' is not defined\n",
      "exit_code": 1,
      "status": "Exception"
    },
    {
      "program": "def text_match_zero_one(text: str) -> bool:\n    \"\"\"\n\tWrite a function that matches a string that has an 'a' followed by one or more 'b's. https://www.w3resource.com/python-exercises/re/python-re-exercise-3.php\n\t\"\"\"\n    return re.search(r\"ab+\", text) is not None\n\n\ndef check(candidate):\n    assert candidate('ac') == False\n    assert candidate('dc') == False\n    assert candidate('abbbba') == True\n    assert candidate('dsabbbba') == True\n    assert candidate('asbbbba') == False\n    assert candidate('abaaa') == True\n\ndef test_check():\n    check(text_match_zero_one)\n\ntest_check()\n",
      "timestamp": 1665510614,
      "stdout": "",
      "stderr": "Traceback (most recent call last):\n  File \"/tmp/tmpmixc7v61.py\", line 19, in <module>\n    test_check()\n  File \"/tmp/tmpmixc7v61.py\", line 17, in test_check\n    check(text_match_zero_one)\n  File \"/tmp/tmpmixc7v61.py\", line 9, in check\n    assert candidate('ac') == False\n  File \"/tmp/tmpmixc7v61.py\", line 5, in text_match_zero_one\n    return re.search(r\"ab+\", text) is not None\nNameError: name 're' is not defined\n",
      "exit_code": 1,
      "status": "Exception"
    },
    {
      "program": "def text_match_zero_one(text: str) -> bool:\n    \"\"\"\n\tWrite a function that matches a string that has an 'a' followed by one or more 'b's. https://www.w3resource.com/python-exercises/re/python-re-exercise-3.php\n\t\"\"\"\n    return re.search(r\"ab+\", text) is not None\n\n\ndef check(candidate):\n    assert candidate('ac') == False\n    assert candidate('dc') == False\n    assert candidate('abbbba') == True\n    assert candidate('dsabbbba') == True\n    assert candidate('asbbbba') == False\n    assert candidate('abaaa') == True\n\ndef test_check():\n    check(text_match_zero_one)\n\ntest_check()\n",
      "timestamp": 1665510614,
      "stdout": "",
      "stderr": "Traceback (most recent call last):\n  File \"/tmp/tmpmixc7v61.py\", line 19, in <module>\n    test_check()\n  File \"/tmp/tmpmixc7v61.py\", line 17, in test_check\n    check(text_match_zero_one)\n  File \"/tmp/tmpmixc7v61.py\", line 9, in check\n    assert candidate('ac') == False\n  File \"/tmp/tmpmixc7v61.py\", line 5, in text_match_zero_one\n    return re.search(r\"ab+\", text) is not None\nNameError: name 're' is not defined\n",
      "exit_code": 1,
      "status": "Exception"
    },
    {
      "program": "def text_match_zero_one(text: str) -> bool:\n    \"\"\"\n\tWrite a function that matches a string that has an 'a' followed by one or more 'b's. https://www.w3resource.com/python-exercises/re/python-re-exercise-3.php\n\t\"\"\"\n    pattern = re.compile(r\"ab+\")\n    return bool(pattern.match(text))\n\n\ndef check(candidate):\n    assert candidate('ac') == False\n    assert candidate('dc') == False\n    assert candidate('abbbba') == True\n    assert candidate('dsabbbba') == True\n    assert candidate('asbbbba') == False\n    assert candidate('abaaa') == True\n\ndef test_check():\n    check(text_match_zero_one)\n\ntest_check()\n",
      "timestamp": 1665510614,
      "stdout": "",
      "stderr": "Traceback (most recent call last):\n  File \"/tmp/tmpe910tgic.py\", line 20, in <module>\n    test_check()\n  File \"/tmp/tmpe910tgic.py\", line 18, in test_check\n    check(text_match_zero_one)\n  File \"/tmp/tmpe910tgic.py\", line 10, in check\n    assert candidate('ac') == False\n  File \"/tmp/tmpe910tgic.py\", line 5, in text_match_zero_one\n    pattern = re.compile(r\"ab+\")\nNameError: name 're' is not defined\n",
      "exit_code": 1,
      "status": "Exception"
    },
    {
      "program": "def text_match_zero_one(text: str) -> bool:\n    \"\"\"\n\tWrite a function that matches a string that has an 'a' followed by one or more 'b's. https://www.w3resource.com/python-exercises/re/python-re-exercise-3.php\n\t\"\"\"\n    pattern = re.compile(r\"ab+\")\n    return bool(pattern.match(text))\n\n\ndef check(candidate):\n    assert candidate('ac') == False\n    assert candidate('dc') == False\n    assert candidate('abbbba') == True\n    assert candidate('dsabbbba') == True\n    assert candidate('asbbbba') == False\n    assert candidate('abaaa') == True\n\ndef test_check():\n    check(text_match_zero_one)\n\ntest_check()\n",
      "timestamp": 1665510614,
      "stdout": "",
      "stderr": "Traceback (most recent call last):\n  File \"/tmp/tmpe910tgic.py\", line 20, in <module>\n    test_check()\n  File \"/tmp/tmpe910tgic.py\", line 18, in test_check\n    check(text_match_zero_one)\n  File \"/tmp/tmpe910tgic.py\", line 10, in check\n    assert candidate('ac') == False\n  File \"/tmp/tmpe910tgic.py\", line 5, in text_match_zero_one\n    pattern = re.compile(r\"ab+\")\nNameError: name 're' is not defined\n",
      "exit_code": 1,
      "status": "Exception"
    },
    {
      "program": "def text_match_zero_one(text: str) -> bool:\n    \"\"\"\n\tWrite a function that matches a string that has an 'a' followed by one or more 'b's. https://www.w3resource.com/python-exercises/re/python-re-exercise-3.php\n\t\"\"\"\n    return bool(re.match(r\"ab+\", text))\n\n\ndef check(candidate):\n    assert candidate('ac') == False\n    assert candidate('dc') == False\n    assert candidate('abbbba') == True\n    assert candidate('dsabbbba') == True\n    assert candidate('asbbbba') == False\n    assert candidate('abaaa') == True\n\ndef test_check():\n    check(text_match_zero_one)\n\ntest_check()\n",
      "timestamp": 1665510614,
      "stdout": "",
      "stderr": "Traceback (most recent call last):\n  File \"/tmp/tmp0mcv8rcl.py\", line 19, in <module>\n    test_check()\n  File \"/tmp/tmp0mcv8rcl.py\", line 17, in test_check\n    check(text_match_zero_one)\n  File \"/tmp/tmp0mcv8rcl.py\", line 9, in check\n    assert candidate('ac') == False\n  File \"/tmp/tmp0mcv8rcl.py\", line 5, in text_match_zero_one\n    return bool(re.match(r\"ab+\", text))\nNameError: name 're' is not defined\n",
      "exit_code": 1,
      "status": "Exception"
    },
    {
      "program": "def text_match_zero_one(text: str) -> bool:\n    \"\"\"\n\tWrite a function that matches a string that has an 'a' followed by one or more 'b's. https://www.w3resource.com/python-exercises/re/python-re-exercise-3.php\n\t\"\"\"\n    return re.search(r\"ab+\", text) is not None\n\n\ndef check(candidate):\n    assert candidate('ac') == False\n    assert candidate('dc') == False\n    assert candidate('abbbba') == True\n    assert candidate('dsabbbba') == True\n    assert candidate('asbbbba') == False\n    assert candidate('abaaa') == True\n\ndef test_check():\n    check(text_match_zero_one)\n\ntest_check()\n",
      "timestamp": 1665510614,
      "stdout": "",
      "stderr": "Traceback (most recent call last):\n  File \"/tmp/tmpmixc7v61.py\", line 19, in <module>\n    test_check()\n  File \"/tmp/tmpmixc7v61.py\", line 17, in test_check\n    check(text_match_zero_one)\n  File \"/tmp/tmpmixc7v61.py\", line 9, in check\n    assert candidate('ac') == False\n  File \"/tmp/tmpmixc7v61.py\", line 5, in text_match_zero_one\n    return re.search(r\"ab+\", text) is not None\nNameError: name 're' is not defined\n",
      "exit_code": 1,
      "status": "Exception"
    },
    {
      "program": "def text_match_zero_one(text: str) -> bool:\n    \"\"\"\n\tWrite a function that matches a string that has an 'a' followed by one or more 'b's. https://www.w3resource.com/python-exercises/re/python-re-exercise-3.php\n\t\"\"\"\n    pattern = re.compile(r\"ab+\")\n    return bool(pattern.match(text))\n\n\ndef check(candidate):\n    assert candidate('ac') == False\n    assert candidate('dc') == False\n    assert candidate('abbbba') == True\n    assert candidate('dsabbbba') == True\n    assert candidate('asbbbba') == False\n    assert candidate('abaaa') == True\n\ndef test_check():\n    check(text_match_zero_one)\n\ntest_check()\n",
      "timestamp": 1665510614,
      "stdout": "",
      "stderr": "Traceback (most recent call last):\n  File \"/tmp/tmpe910tgic.py\", line 20, in <module>\n    test_check()\n  File \"/tmp/tmpe910tgic.py\", line 18, in test_check\n    check(text_match_zero_one)\n  File \"/tmp/tmpe910tgic.py\", line 10, in check\n    assert candidate('ac') == False\n  File \"/tmp/tmpe910tgic.py\", line 5, in text_match_zero_one\n    pattern = re.compile(r\"ab+\")\nNameError: name 're' is not defined\n",
      "exit_code": 1,
      "status": "Exception"
    },
    {
      "program": "def text_match_zero_one(text: str) -> bool:\n    \"\"\"\n\tWrite a function that matches a string that has an 'a' followed by one or more 'b's. https://www.w3resource.com/python-exercises/re/python-re-exercise-3.php\n\t\"\"\"\n    pattern = re.compile(r'ab+')\n    return bool(pattern.search(text))\n\n\ndef check(candidate):\n    assert candidate('ac') == False\n    assert candidate('dc') == False\n    assert candidate('abbbba') == True\n    assert candidate('dsabbbba') == True\n    assert candidate('asbbbba') == False\n    assert candidate('abaaa') == True\n\ndef test_check():\n    check(text_match_zero_one)\n\ntest_check()\n",
      "timestamp": 1666123743,
      "stdout": "",
      "stderr": "Traceback (most recent call last):\n  File \"/tmp/tmpfb61tcff.py\", line 20, in <module>\n    test_check()\n  File \"/tmp/tmpfb61tcff.py\", line 18, in test_check\n    check(text_match_zero_one)\n  File \"/tmp/tmpfb61tcff.py\", line 10, in check\n    assert candidate('ac') == False\n  File \"/tmp/tmpfb61tcff.py\", line 5, in text_match_zero_one\n    pattern = re.compile(r'ab+')\nNameError: name 're' is not defined\n",
      "exit_code": 1,
      "status": "Exception"
    },
    {
      "program": "def text_match_zero_one(text: str) -> bool:\n    \"\"\"\n\tWrite a function that matches a string that has an 'a' followed by one or more 'b's. https://www.w3resource.com/python-exercises/re/python-re-exercise-3.php\n\t\"\"\"\n    return re.search(r\"ab+\", text) is not None\n\n\ndef check(candidate):\n    assert candidate('ac') == False\n    assert candidate('dc') == False\n    assert candidate('abbbba') == True\n    assert candidate('dsabbbba') == True\n    assert candidate('asbbbba') == False\n    assert candidate('abaaa') == True\n\ndef test_check():\n    check(text_match_zero_one)\n\ntest_check()\n",
      "timestamp": 1665510614,
      "stdout": "",
      "stderr": "Traceback (most recent call last):\n  File \"/tmp/tmpmixc7v61.py\", line 19, in <module>\n    test_check()\n  File \"/tmp/tmpmixc7v61.py\", line 17, in test_check\n    check(text_match_zero_one)\n  File \"/tmp/tmpmixc7v61.py\", line 9, in check\n    assert candidate('ac') == False\n  File \"/tmp/tmpmixc7v61.py\", line 5, in text_match_zero_one\n    return re.search(r\"ab+\", text) is not None\nNameError: name 're' is not defined\n",
      "exit_code": 1,
      "status": "Exception"
    },
    {
      "program": "def text_match_zero_one(text: str) -> bool:\n    \"\"\"\n\tWrite a function that matches a string that has an 'a' followed by one or more 'b's. https://www.w3resource.com/python-exercises/re/python-re-exercise-3.php\n\t\"\"\"\n    pattern = re.compile(r\"ab+\")\n    return bool(pattern.match(text))\n\n\ndef check(candidate):\n    assert candidate('ac') == False\n    assert candidate('dc') == False\n    assert candidate('abbbba') == True\n    assert candidate('dsabbbba') == True\n    assert candidate('asbbbba') == False\n    assert candidate('abaaa') == True\n\ndef test_check():\n    check(text_match_zero_one)\n\ntest_check()\n",
      "timestamp": 1665510614,
      "stdout": "",
      "stderr": "Traceback (most recent call last):\n  File \"/tmp/tmpe910tgic.py\", line 20, in <module>\n    test_check()\n  File \"/tmp/tmpe910tgic.py\", line 18, in test_check\n    check(text_match_zero_one)\n  File \"/tmp/tmpe910tgic.py\", line 10, in check\n    assert candidate('ac') == False\n  File \"/tmp/tmpe910tgic.py\", line 5, in text_match_zero_one\n    pattern = re.compile(r\"ab+\")\nNameError: name 're' is not defined\n",
      "exit_code": 1,
      "status": "Exception"
    },
    {
      "program": "def text_match_zero_one(text: str) -> bool:\n    \"\"\"\n\tWrite a function that matches a string that has an 'a' followed by one or more 'b's. https://www.w3resource.com/python-exercises/re/python-re-exercise-3.php\n\t\"\"\"\n    pattern = re.compile(r\"ab+\")\n    return bool(pattern.match(text))\n\n\ndef check(candidate):\n    assert candidate('ac') == False\n    assert candidate('dc') == False\n    assert candidate('abbbba') == True\n    assert candidate('dsabbbba') == True\n    assert candidate('asbbbba') == False\n    assert candidate('abaaa') == True\n\ndef test_check():\n    check(text_match_zero_one)\n\ntest_check()\n",
      "timestamp": 1665510614,
      "stdout": "",
      "stderr": "Traceback (most recent call last):\n  File \"/tmp/tmpe910tgic.py\", line 20, in <module>\n    test_check()\n  File \"/tmp/tmpe910tgic.py\", line 18, in test_check\n    check(text_match_zero_one)\n  File \"/tmp/tmpe910tgic.py\", line 10, in check\n    assert candidate('ac') == False\n  File \"/tmp/tmpe910tgic.py\", line 5, in text_match_zero_one\n    pattern = re.compile(r\"ab+\")\nNameError: name 're' is not defined\n",
      "exit_code": 1,
      "status": "Exception"
    },
    {
      "program": "def text_match_zero_one(text: str) -> bool:\n    \"\"\"\n\tWrite a function that matches a string that has an 'a' followed by one or more 'b's. https://www.w3resource.com/python-exercises/re/python-re-exercise-3.php\n\t\"\"\"\n    pattern = r\"ab+\"\n    if re.search(pattern, text):\n        return True\n    return False\n\n\ndef check(candidate):\n    assert candidate('ac') == False\n    assert candidate('dc') == False\n    assert candidate('abbbba') == True\n    assert candidate('dsabbbba') == True\n    assert candidate('asbbbba') == False\n    assert candidate('abaaa') == True\n\ndef test_check():\n    check(text_match_zero_one)\n\ntest_check()\n",
      "timestamp": 1666123743,
      "stdout": "",
      "stderr": "Traceback (most recent call last):\n  File \"/tmp/tmp8cuh3bwk.py\", line 22, in <module>\n    test_check()\n  File \"/tmp/tmp8cuh3bwk.py\", line 20, in test_check\n    check(text_match_zero_one)\n  File \"/tmp/tmp8cuh3bwk.py\", line 12, in check\n    assert candidate('ac') == False\n  File \"/tmp/tmp8cuh3bwk.py\", line 6, in text_match_zero_one\n    if re.search(pattern, text):\nNameError: name 're' is not defined\n",
      "exit_code": 1,
      "status": "Exception"
    },
    {
      "program": "def text_match_zero_one(text: str) -> bool:\n    \"\"\"\n\tWrite a function that matches a string that has an 'a' followed by one or more 'b's. https://www.w3resource.com/python-exercises/re/python-re-exercise-3.php\n\t\"\"\"\n    pattern = re.compile(r\"ab+\")\n    return bool(pattern.match(text))\n\n\ndef check(candidate):\n    assert candidate('ac') == False\n    assert candidate('dc') == False\n    assert candidate('abbbba') == True\n    assert candidate('dsabbbba') == True\n    assert candidate('asbbbba') == False\n    assert candidate('abaaa') == True\n\ndef test_check():\n    check(text_match_zero_one)\n\ntest_check()\n",
      "timestamp": 1665510614,
      "stdout": "",
      "stderr": "Traceback (most recent call last):\n  File \"/tmp/tmpe910tgic.py\", line 20, in <module>\n    test_check()\n  File \"/tmp/tmpe910tgic.py\", line 18, in test_check\n    check(text_match_zero_one)\n  File \"/tmp/tmpe910tgic.py\", line 10, in check\n    assert candidate('ac') == False\n  File \"/tmp/tmpe910tgic.py\", line 5, in text_match_zero_one\n    pattern = re.compile(r\"ab+\")\nNameError: name 're' is not defined\n",
      "exit_code": 1,
      "status": "Exception"
    },
    {
      "program": "def text_match_zero_one(text: str) -> bool:\n    \"\"\"\n\tWrite a function that matches a string that has an 'a' followed by one or more 'b's. https://www.w3resource.com/python-exercises/re/python-re-exercise-3.php\n\t\"\"\"\n    return bool(re.match(r\"ab+\", text))\n\n\ndef check(candidate):\n    assert candidate('ac') == False\n    assert candidate('dc') == False\n    assert candidate('abbbba') == True\n    assert candidate('dsabbbba') == True\n    assert candidate('asbbbba') == False\n    assert candidate('abaaa') == True\n\ndef test_check():\n    check(text_match_zero_one)\n\ntest_check()\n",
      "timestamp": 1665510614,
      "stdout": "",
      "stderr": "Traceback (most recent call last):\n  File \"/tmp/tmp0mcv8rcl.py\", line 19, in <module>\n    test_check()\n  File \"/tmp/tmp0mcv8rcl.py\", line 17, in test_check\n    check(text_match_zero_one)\n  File \"/tmp/tmp0mcv8rcl.py\", line 9, in check\n    assert candidate('ac') == False\n  File \"/tmp/tmp0mcv8rcl.py\", line 5, in text_match_zero_one\n    return bool(re.match(r\"ab+\", text))\nNameError: name 're' is not defined\n",
      "exit_code": 1,
      "status": "Exception"
    },
    {
      "program": "def text_match_zero_one(text: str) -> bool:\n    \"\"\"\n\tWrite a function that matches a string that has an 'a' followed by one or more 'b's. https://www.w3resource.com/python-exercises/re/python-re-exercise-3.php\n\t\"\"\"\n    pattern = re.compile(r\"ab+\")\n    return bool(pattern.match(text))\n\n\ndef check(candidate):\n    assert candidate('ac') == False\n    assert candidate('dc') == False\n    assert candidate('abbbba') == True\n    assert candidate('dsabbbba') == True\n    assert candidate('asbbbba') == False\n    assert candidate('abaaa') == True\n\ndef test_check():\n    check(text_match_zero_one)\n\ntest_check()\n",
      "timestamp": 1665510614,
      "stdout": "",
      "stderr": "Traceback (most recent call last):\n  File \"/tmp/tmpe910tgic.py\", line 20, in <module>\n    test_check()\n  File \"/tmp/tmpe910tgic.py\", line 18, in test_check\n    check(text_match_zero_one)\n  File \"/tmp/tmpe910tgic.py\", line 10, in check\n    assert candidate('ac') == False\n  File \"/tmp/tmpe910tgic.py\", line 5, in text_match_zero_one\n    pattern = re.compile(r\"ab+\")\nNameError: name 're' is not defined\n",
      "exit_code": 1,
      "status": "Exception"
    },
    {
      "program": "def text_match_zero_one(text: str) -> bool:\n    \"\"\"\n\tWrite a function that matches a string that has an 'a' followed by one or more 'b's. https://www.w3resource.com/python-exercises/re/python-re-exercise-3.php\n\t\"\"\"\n    return bool(re.match(r\"ab+\", text))\n\n\ndef check(candidate):\n    assert candidate('ac') == False\n    assert candidate('dc') == False\n    assert candidate('abbbba') == True\n    assert candidate('dsabbbba') == True\n    assert candidate('asbbbba') == False\n    assert candidate('abaaa') == True\n\ndef test_check():\n    check(text_match_zero_one)\n\ntest_check()\n",
      "timestamp": 1665510614,
      "stdout": "",
      "stderr": "Traceback (most recent call last):\n  File \"/tmp/tmp0mcv8rcl.py\", line 19, in <module>\n    test_check()\n  File \"/tmp/tmp0mcv8rcl.py\", line 17, in test_check\n    check(text_match_zero_one)\n  File \"/tmp/tmp0mcv8rcl.py\", line 9, in check\n    assert candidate('ac') == False\n  File \"/tmp/tmp0mcv8rcl.py\", line 5, in text_match_zero_one\n    return bool(re.match(r\"ab+\", text))\nNameError: name 're' is not defined\n",
      "exit_code": 1,
      "status": "Exception"
    },
    {
      "program": "def text_match_zero_one(text: str) -> bool:\n    \"\"\"\n\tWrite a function that matches a string that has an 'a' followed by one or more 'b's. https://www.w3resource.com/python-exercises/re/python-re-exercise-3.php\n\t\"\"\"\n    return re.search(r\"ab+\", text) is not None\n\n\ndef check(candidate):\n    assert candidate('ac') == False\n    assert candidate('dc') == False\n    assert candidate('abbbba') == True\n    assert candidate('dsabbbba') == True\n    assert candidate('asbbbba') == False\n    assert candidate('abaaa') == True\n\ndef test_check():\n    check(text_match_zero_one)\n\ntest_check()\n",
      "timestamp": 1665510614,
      "stdout": "",
      "stderr": "Traceback (most recent call last):\n  File \"/tmp/tmpmixc7v61.py\", line 19, in <module>\n    test_check()\n  File \"/tmp/tmpmixc7v61.py\", line 17, in test_check\n    check(text_match_zero_one)\n  File \"/tmp/tmpmixc7v61.py\", line 9, in check\n    assert candidate('ac') == False\n  File \"/tmp/tmpmixc7v61.py\", line 5, in text_match_zero_one\n    return re.search(r\"ab+\", text) is not None\nNameError: name 're' is not defined\n",
      "exit_code": 1,
      "status": "Exception"
    },
    {
      "program": "def text_match_zero_one(text: str) -> bool:\n    \"\"\"\n\tWrite a function that matches a string that has an 'a' followed by one or more 'b's. https://www.w3resource.com/python-exercises/re/python-re-exercise-3.php\n\t\"\"\"\n    return re.search(r\"ab+\", text)\n\n\ndef check(candidate):\n    assert candidate('ac') == False\n    assert candidate('dc') == False\n    assert candidate('abbbba') == True\n    assert candidate('dsabbbba') == True\n    assert candidate('asbbbba') == False\n    assert candidate('abaaa') == True\n\ndef test_check():\n    check(text_match_zero_one)\n\ntest_check()\n",
      "timestamp": 1665510614,
      "stdout": "",
      "stderr": "Traceback (most recent call last):\n  File \"/tmp/tmpmu5fhnwa.py\", line 19, in <module>\n    test_check()\n  File \"/tmp/tmpmu5fhnwa.py\", line 17, in test_check\n    check(text_match_zero_one)\n  File \"/tmp/tmpmu5fhnwa.py\", line 9, in check\n    assert candidate('ac') == False\n  File \"/tmp/tmpmu5fhnwa.py\", line 5, in text_match_zero_one\n    return re.search(r\"ab+\", text)\nNameError: name 're' is not defined\n",
      "exit_code": 1,
      "status": "Exception"
    },
    {
      "program": "def text_match_zero_one(text: str) -> bool:\n    \"\"\"\n\tWrite a function that matches a string that has an 'a' followed by one or more 'b's. https://www.w3resource.com/python-exercises/re/python-re-exercise-3.php\n\t\"\"\"\n    return re.match(r\"ab+\", text)\n\n\ndef check(candidate):\n    assert candidate('ac') == False\n    assert candidate('dc') == False\n    assert candidate('abbbba') == True\n    assert candidate('dsabbbba') == True\n    assert candidate('asbbbba') == False\n    assert candidate('abaaa') == True\n\ndef test_check():\n    check(text_match_zero_one)\n\ntest_check()\n",
      "timestamp": 1665510614,
      "stdout": "",
      "stderr": "Traceback (most recent call last):\n  File \"/tmp/tmpkqb0yw5w.py\", line 19, in <module>\n    test_check()\n  File \"/tmp/tmpkqb0yw5w.py\", line 17, in test_check\n    check(text_match_zero_one)\n  File \"/tmp/tmpkqb0yw5w.py\", line 9, in check\n    assert candidate('ac') == False\n  File \"/tmp/tmpkqb0yw5w.py\", line 5, in text_match_zero_one\n    return re.match(r\"ab+\", text)\nNameError: name 're' is not defined\n",
      "exit_code": 1,
      "status": "Exception"
    },
    {
      "program": "def text_match_zero_one(text: str) -> bool:\n    \"\"\"\n\tWrite a function that matches a string that has an 'a' followed by one or more 'b's. https://www.w3resource.com/python-exercises/re/python-re-exercise-3.php\n\t\"\"\"\n    return bool(re.search(r\"ab+\", text))\n\n\ndef check(candidate):\n    assert candidate('ac') == False\n    assert candidate('dc') == False\n    assert candidate('abbbba') == True\n    assert candidate('dsabbbba') == True\n    assert candidate('asbbbba') == False\n    assert candidate('abaaa') == True\n\ndef test_check():\n    check(text_match_zero_one)\n\ntest_check()\n",
      "timestamp": 1665510614,
      "stdout": "",
      "stderr": "Traceback (most recent call last):\n  File \"/tmp/tmpv2anczjq.py\", line 19, in <module>\n    test_check()\n  File \"/tmp/tmpv2anczjq.py\", line 17, in test_check\n    check(text_match_zero_one)\n  File \"/tmp/tmpv2anczjq.py\", line 9, in check\n    assert candidate('ac') == False\n  File \"/tmp/tmpv2anczjq.py\", line 5, in text_match_zero_one\n    return bool(re.search(r\"ab+\", text))\nNameError: name 're' is not defined\n",
      "exit_code": 1,
      "status": "Exception"
    },
    {
      "program": "def text_match_zero_one(text: str) -> bool:\n    \"\"\"\n\tWrite a function that matches a string that has an 'a' followed by one or more 'b's. https://www.w3resource.com/python-exercises/re/python-re-exercise-3.php\n\t\"\"\"\n    pattern = r\"ab+\"\n    if re.search(pattern, text):\n        return True\n    return False\n\n\ndef check(candidate):\n    assert candidate('ac') == False\n    assert candidate('dc') == False\n    assert candidate('abbbba') == True\n    assert candidate('dsabbbba') == True\n    assert candidate('asbbbba') == False\n    assert candidate('abaaa') == True\n\ndef test_check():\n    check(text_match_zero_one)\n\ntest_check()\n",
      "timestamp": 1666123743,
      "stdout": "",
      "stderr": "Traceback (most recent call last):\n  File \"/tmp/tmp8cuh3bwk.py\", line 22, in <module>\n    test_check()\n  File \"/tmp/tmp8cuh3bwk.py\", line 20, in test_check\n    check(text_match_zero_one)\n  File \"/tmp/tmp8cuh3bwk.py\", line 12, in check\n    assert candidate('ac') == False\n  File \"/tmp/tmp8cuh3bwk.py\", line 6, in text_match_zero_one\n    if re.search(pattern, text):\nNameError: name 're' is not defined\n",
      "exit_code": 1,
      "status": "Exception"
    },
    {
      "program": "def text_match_zero_one(text: str) -> bool:\n    \"\"\"\n\tWrite a function that matches a string that has an 'a' followed by one or more 'b's. https://www.w3resource.com/python-exercises/re/python-re-exercise-3.php\n\t\"\"\"\n    return re.search(r\"ab+\", text) is not None\n\n\ndef check(candidate):\n    assert candidate('ac') == False\n    assert candidate('dc') == False\n    assert candidate('abbbba') == True\n    assert candidate('dsabbbba') == True\n    assert candidate('asbbbba') == False\n    assert candidate('abaaa') == True\n\ndef test_check():\n    check(text_match_zero_one)\n\ntest_check()\n",
      "timestamp": 1665510614,
      "stdout": "",
      "stderr": "Traceback (most recent call last):\n  File \"/tmp/tmpmixc7v61.py\", line 19, in <module>\n    test_check()\n  File \"/tmp/tmpmixc7v61.py\", line 17, in test_check\n    check(text_match_zero_one)\n  File \"/tmp/tmpmixc7v61.py\", line 9, in check\n    assert candidate('ac') == False\n  File \"/tmp/tmpmixc7v61.py\", line 5, in text_match_zero_one\n    return re.search(r\"ab+\", text) is not None\nNameError: name 're' is not defined\n",
      "exit_code": 1,
      "status": "Exception"
    },
    {
      "program": "def text_match_zero_one(text: str) -> bool:\n    \"\"\"\n\tWrite a function that matches a string that has an 'a' followed by one or more 'b's. https://www.w3resource.com/python-exercises/re/python-re-exercise-3.php\n\t\"\"\"\n    return re.search(r\"ab+\", text)\n\n\ndef check(candidate):\n    assert candidate('ac') == False\n    assert candidate('dc') == False\n    assert candidate('abbbba') == True\n    assert candidate('dsabbbba') == True\n    assert candidate('asbbbba') == False\n    assert candidate('abaaa') == True\n\ndef test_check():\n    check(text_match_zero_one)\n\ntest_check()\n",
      "timestamp": 1665510614,
      "stdout": "",
      "stderr": "Traceback (most recent call last):\n  File \"/tmp/tmpmu5fhnwa.py\", line 19, in <module>\n    test_check()\n  File \"/tmp/tmpmu5fhnwa.py\", line 17, in test_check\n    check(text_match_zero_one)\n  File \"/tmp/tmpmu5fhnwa.py\", line 9, in check\n    assert candidate('ac') == False\n  File \"/tmp/tmpmu5fhnwa.py\", line 5, in text_match_zero_one\n    return re.search(r\"ab+\", text)\nNameError: name 're' is not defined\n",
      "exit_code": 1,
      "status": "Exception"
    },
    {
      "program": "def text_match_zero_one(text: str) -> bool:\n    \"\"\"\n\tWrite a function that matches a string that has an 'a' followed by one or more 'b's. https://www.w3resource.com/python-exercises/re/python-re-exercise-3.php\n\t\"\"\"\n    pattern = re.compile(r\"ab+\")\n    return bool(pattern.match(text))\n\n\ndef check(candidate):\n    assert candidate('ac') == False\n    assert candidate('dc') == False\n    assert candidate('abbbba') == True\n    assert candidate('dsabbbba') == True\n    assert candidate('asbbbba') == False\n    assert candidate('abaaa') == True\n\ndef test_check():\n    check(text_match_zero_one)\n\ntest_check()\n",
      "timestamp": 1665510614,
      "stdout": "",
      "stderr": "Traceback (most recent call last):\n  File \"/tmp/tmpe910tgic.py\", line 20, in <module>\n    test_check()\n  File \"/tmp/tmpe910tgic.py\", line 18, in test_check\n    check(text_match_zero_one)\n  File \"/tmp/tmpe910tgic.py\", line 10, in check\n    assert candidate('ac') == False\n  File \"/tmp/tmpe910tgic.py\", line 5, in text_match_zero_one\n    pattern = re.compile(r\"ab+\")\nNameError: name 're' is not defined\n",
      "exit_code": 1,
      "status": "Exception"
    },
    {
      "program": "def text_match_zero_one(text: str) -> bool:\n    \"\"\"\n\tWrite a function that matches a string that has an 'a' followed by one or more 'b's. https://www.w3resource.com/python-exercises/re/python-re-exercise-3.php\n\t\"\"\"\n    return bool(re.match(r\"ab+\", text))\n\n\ndef check(candidate):\n    assert candidate('ac') == False\n    assert candidate('dc') == False\n    assert candidate('abbbba') == True\n    assert candidate('dsabbbba') == True\n    assert candidate('asbbbba') == False\n    assert candidate('abaaa') == True\n\ndef test_check():\n    check(text_match_zero_one)\n\ntest_check()\n",
      "timestamp": 1665510614,
      "stdout": "",
      "stderr": "Traceback (most recent call last):\n  File \"/tmp/tmp0mcv8rcl.py\", line 19, in <module>\n    test_check()\n  File \"/tmp/tmp0mcv8rcl.py\", line 17, in test_check\n    check(text_match_zero_one)\n  File \"/tmp/tmp0mcv8rcl.py\", line 9, in check\n    assert candidate('ac') == False\n  File \"/tmp/tmp0mcv8rcl.py\", line 5, in text_match_zero_one\n    return bool(re.match(r\"ab+\", text))\nNameError: name 're' is not defined\n",
      "exit_code": 1,
      "status": "Exception"
    },
    {
      "program": "def text_match_zero_one(text: str) -> bool:\n    \"\"\"\n\tWrite a function that matches a string that has an 'a' followed by one or more 'b's. https://www.w3resource.com/python-exercises/re/python-re-exercise-3.php\n\t\"\"\"\n    pattern = re.compile(r\"ab+\")\n    return bool(pattern.match(text))\n\n\ndef check(candidate):\n    assert candidate('ac') == False\n    assert candidate('dc') == False\n    assert candidate('abbbba') == True\n    assert candidate('dsabbbba') == True\n    assert candidate('asbbbba') == False\n    assert candidate('abaaa') == True\n\ndef test_check():\n    check(text_match_zero_one)\n\ntest_check()\n",
      "timestamp": 1665510614,
      "stdout": "",
      "stderr": "Traceback (most recent call last):\n  File \"/tmp/tmpe910tgic.py\", line 20, in <module>\n    test_check()\n  File \"/tmp/tmpe910tgic.py\", line 18, in test_check\n    check(text_match_zero_one)\n  File \"/tmp/tmpe910tgic.py\", line 10, in check\n    assert candidate('ac') == False\n  File \"/tmp/tmpe910tgic.py\", line 5, in text_match_zero_one\n    pattern = re.compile(r\"ab+\")\nNameError: name 're' is not defined\n",
      "exit_code": 1,
      "status": "Exception"
    },
    {
      "program": "def text_match_zero_one(text: str) -> bool:\n    \"\"\"\n\tWrite a function that matches a string that has an 'a' followed by one or more 'b's. https://www.w3resource.com/python-exercises/re/python-re-exercise-3.php\n\t\"\"\"\n    return bool(re.match(r\"ab+\", text))\n\n\ndef check(candidate):\n    assert candidate('ac') == False\n    assert candidate('dc') == False\n    assert candidate('abbbba') == True\n    assert candidate('dsabbbba') == True\n    assert candidate('asbbbba') == False\n    assert candidate('abaaa') == True\n\ndef test_check():\n    check(text_match_zero_one)\n\ntest_check()\n",
      "timestamp": 1665510614,
      "stdout": "",
      "stderr": "Traceback (most recent call last):\n  File \"/tmp/tmp0mcv8rcl.py\", line 19, in <module>\n    test_check()\n  File \"/tmp/tmp0mcv8rcl.py\", line 17, in test_check\n    check(text_match_zero_one)\n  File \"/tmp/tmp0mcv8rcl.py\", line 9, in check\n    assert candidate('ac') == False\n  File \"/tmp/tmp0mcv8rcl.py\", line 5, in text_match_zero_one\n    return bool(re.match(r\"ab+\", text))\nNameError: name 're' is not defined\n",
      "exit_code": 1,
      "status": "Exception"
    },
    {
      "program": "def text_match_zero_one(text: str) -> bool:\n    \"\"\"\n\tWrite a function that matches a string that has an 'a' followed by one or more 'b's. https://www.w3resource.com/python-exercises/re/python-re-exercise-3.php\n\t\"\"\"\n    return bool(re.match(r\"ab+\", text))\n\n\ndef check(candidate):\n    assert candidate('ac') == False\n    assert candidate('dc') == False\n    assert candidate('abbbba') == True\n    assert candidate('dsabbbba') == True\n    assert candidate('asbbbba') == False\n    assert candidate('abaaa') == True\n\ndef test_check():\n    check(text_match_zero_one)\n\ntest_check()\n",
      "timestamp": 1665510614,
      "stdout": "",
      "stderr": "Traceback (most recent call last):\n  File \"/tmp/tmp0mcv8rcl.py\", line 19, in <module>\n    test_check()\n  File \"/tmp/tmp0mcv8rcl.py\", line 17, in test_check\n    check(text_match_zero_one)\n  File \"/tmp/tmp0mcv8rcl.py\", line 9, in check\n    assert candidate('ac') == False\n  File \"/tmp/tmp0mcv8rcl.py\", line 5, in text_match_zero_one\n    return bool(re.match(r\"ab+\", text))\nNameError: name 're' is not defined\n",
      "exit_code": 1,
      "status": "Exception"
    },
    {
      "program": "def text_match_zero_one(text: str) -> bool:\n    \"\"\"\n\tWrite a function that matches a string that has an 'a' followed by one or more 'b's. https://www.w3resource.com/python-exercises/re/python-re-exercise-3.php\n\t\"\"\"\n    pattern = re.compile(r\"ab+\")\n    return bool(pattern.match(text))\n\n\ndef check(candidate):\n    assert candidate('ac') == False\n    assert candidate('dc') == False\n    assert candidate('abbbba') == True\n    assert candidate('dsabbbba') == True\n    assert candidate('asbbbba') == False\n    assert candidate('abaaa') == True\n\ndef test_check():\n    check(text_match_zero_one)\n\ntest_check()\n",
      "timestamp": 1665510614,
      "stdout": "",
      "stderr": "Traceback (most recent call last):\n  File \"/tmp/tmpe910tgic.py\", line 20, in <module>\n    test_check()\n  File \"/tmp/tmpe910tgic.py\", line 18, in test_check\n    check(text_match_zero_one)\n  File \"/tmp/tmpe910tgic.py\", line 10, in check\n    assert candidate('ac') == False\n  File \"/tmp/tmpe910tgic.py\", line 5, in text_match_zero_one\n    pattern = re.compile(r\"ab+\")\nNameError: name 're' is not defined\n",
      "exit_code": 1,
      "status": "Exception"
    },
    {
      "program": "def text_match_zero_one(text: str) -> bool:\n    \"\"\"\n\tWrite a function that matches a string that has an 'a' followed by one or more 'b's. https://www.w3resource.com/python-exercises/re/python-re-exercise-3.php\n\t\"\"\"\n    return bool(re.search(r\"ab+\", text))\n\n\ndef check(candidate):\n    assert candidate('ac') == False\n    assert candidate('dc') == False\n    assert candidate('abbbba') == True\n    assert candidate('dsabbbba') == True\n    assert candidate('asbbbba') == False\n    assert candidate('abaaa') == True\n\ndef test_check():\n    check(text_match_zero_one)\n\ntest_check()\n",
      "timestamp": 1665510614,
      "stdout": "",
      "stderr": "Traceback (most recent call last):\n  File \"/tmp/tmpv2anczjq.py\", line 19, in <module>\n    test_check()\n  File \"/tmp/tmpv2anczjq.py\", line 17, in test_check\n    check(text_match_zero_one)\n  File \"/tmp/tmpv2anczjq.py\", line 9, in check\n    assert candidate('ac') == False\n  File \"/tmp/tmpv2anczjq.py\", line 5, in text_match_zero_one\n    return bool(re.search(r\"ab+\", text))\nNameError: name 're' is not defined\n",
      "exit_code": 1,
      "status": "Exception"
    },
    {
      "program": "def text_match_zero_one(text: str) -> bool:\n    \"\"\"\n\tWrite a function that matches a string that has an 'a' followed by one or more 'b's. https://www.w3resource.com/python-exercises/re/python-re-exercise-3.php\n\t\"\"\"\n    pattern = re.compile(r\"ab+\")\n    return bool(pattern.search(text))\n\n\ndef check(candidate):\n    assert candidate('ac') == False\n    assert candidate('dc') == False\n    assert candidate('abbbba') == True\n    assert candidate('dsabbbba') == True\n    assert candidate('asbbbba') == False\n    assert candidate('abaaa') == True\n\ndef test_check():\n    check(text_match_zero_one)\n\ntest_check()\n",
      "timestamp": 1666123743,
      "stdout": "",
      "stderr": "Traceback (most recent call last):\n  File \"/tmp/tmp550t04_t.py\", line 20, in <module>\n    test_check()\n  File \"/tmp/tmp550t04_t.py\", line 18, in test_check\n    check(text_match_zero_one)\n  File \"/tmp/tmp550t04_t.py\", line 10, in check\n    assert candidate('ac') == False\n  File \"/tmp/tmp550t04_t.py\", line 5, in text_match_zero_one\n    pattern = re.compile(r\"ab+\")\nNameError: name 're' is not defined\n",
      "exit_code": 1,
      "status": "Exception"
    },
    {
      "program": "def text_match_zero_one(text: str) -> bool:\n    \"\"\"\n\tWrite a function that matches a string that has an 'a' followed by one or more 'b's. https://www.w3resource.com/python-exercises/re/python-re-exercise-3.php\n\t\"\"\"\n    return re.search(r\"ab+\", text)\n\n\ndef check(candidate):\n    assert candidate('ac') == False\n    assert candidate('dc') == False\n    assert candidate('abbbba') == True\n    assert candidate('dsabbbba') == True\n    assert candidate('asbbbba') == False\n    assert candidate('abaaa') == True\n\ndef test_check():\n    check(text_match_zero_one)\n\ntest_check()\n",
      "timestamp": 1665510614,
      "stdout": "",
      "stderr": "Traceback (most recent call last):\n  File \"/tmp/tmpmu5fhnwa.py\", line 19, in <module>\n    test_check()\n  File \"/tmp/tmpmu5fhnwa.py\", line 17, in test_check\n    check(text_match_zero_one)\n  File \"/tmp/tmpmu5fhnwa.py\", line 9, in check\n    assert candidate('ac') == False\n  File \"/tmp/tmpmu5fhnwa.py\", line 5, in text_match_zero_one\n    return re.search(r\"ab+\", text)\nNameError: name 're' is not defined\n",
      "exit_code": 1,
      "status": "Exception"
    },
    {
      "program": "def text_match_zero_one(text: str) -> bool:\n    \"\"\"\n\tWrite a function that matches a string that has an 'a' followed by one or more 'b's. https://www.w3resource.com/python-exercises/re/python-re-exercise-3.php\n\t\"\"\"\n    return re.search(r\"ab+\", text)\n\n\ndef check(candidate):\n    assert candidate('ac') == False\n    assert candidate('dc') == False\n    assert candidate('abbbba') == True\n    assert candidate('dsabbbba') == True\n    assert candidate('asbbbba') == False\n    assert candidate('abaaa') == True\n\ndef test_check():\n    check(text_match_zero_one)\n\ntest_check()\n",
      "timestamp": 1665510614,
      "stdout": "",
      "stderr": "Traceback (most recent call last):\n  File \"/tmp/tmpmu5fhnwa.py\", line 19, in <module>\n    test_check()\n  File \"/tmp/tmpmu5fhnwa.py\", line 17, in test_check\n    check(text_match_zero_one)\n  File \"/tmp/tmpmu5fhnwa.py\", line 9, in check\n    assert candidate('ac') == False\n  File \"/tmp/tmpmu5fhnwa.py\", line 5, in text_match_zero_one\n    return re.search(r\"ab+\", text)\nNameError: name 're' is not defined\n",
      "exit_code": 1,
      "status": "Exception"
    },
    {
      "program": "def text_match_zero_one(text: str) -> bool:\n    \"\"\"\n\tWrite a function that matches a string that has an 'a' followed by one or more 'b's. https://www.w3resource.com/python-exercises/re/python-re-exercise-3.php\n\t\"\"\"\n    pattern = re.compile(r\"ab+\")\n    return bool(pattern.match(text))\n\n\ndef check(candidate):\n    assert candidate('ac') == False\n    assert candidate('dc') == False\n    assert candidate('abbbba') == True\n    assert candidate('dsabbbba') == True\n    assert candidate('asbbbba') == False\n    assert candidate('abaaa') == True\n\ndef test_check():\n    check(text_match_zero_one)\n\ntest_check()\n",
      "timestamp": 1665510614,
      "stdout": "",
      "stderr": "Traceback (most recent call last):\n  File \"/tmp/tmpe910tgic.py\", line 20, in <module>\n    test_check()\n  File \"/tmp/tmpe910tgic.py\", line 18, in test_check\n    check(text_match_zero_one)\n  File \"/tmp/tmpe910tgic.py\", line 10, in check\n    assert candidate('ac') == False\n  File \"/tmp/tmpe910tgic.py\", line 5, in text_match_zero_one\n    pattern = re.compile(r\"ab+\")\nNameError: name 're' is not defined\n",
      "exit_code": 1,
      "status": "Exception"
    },
    {
      "program": "def text_match_zero_one(text: str) -> bool:\n    \"\"\"\n\tWrite a function that matches a string that has an 'a' followed by one or more 'b's. https://www.w3resource.com/python-exercises/re/python-re-exercise-3.php\n\t\"\"\"\n    pattern = re.compile(r\"ab+\")\n    return bool(pattern.match(text))\n\n\ndef check(candidate):\n    assert candidate('ac') == False\n    assert candidate('dc') == False\n    assert candidate('abbbba') == True\n    assert candidate('dsabbbba') == True\n    assert candidate('asbbbba') == False\n    assert candidate('abaaa') == True\n\ndef test_check():\n    check(text_match_zero_one)\n\ntest_check()\n",
      "timestamp": 1665510614,
      "stdout": "",
      "stderr": "Traceback (most recent call last):\n  File \"/tmp/tmpe910tgic.py\", line 20, in <module>\n    test_check()\n  File \"/tmp/tmpe910tgic.py\", line 18, in test_check\n    check(text_match_zero_one)\n  File \"/tmp/tmpe910tgic.py\", line 10, in check\n    assert candidate('ac') == False\n  File \"/tmp/tmpe910tgic.py\", line 5, in text_match_zero_one\n    pattern = re.compile(r\"ab+\")\nNameError: name 're' is not defined\n",
      "exit_code": 1,
      "status": "Exception"
    },
    {
      "program": "def text_match_zero_one(text: str) -> bool:\n    \"\"\"\n\tWrite a function that matches a string that has an 'a' followed by one or more 'b's. https://www.w3resource.com/python-exercises/re/python-re-exercise-3.php\n\t\"\"\"\n    return bool(re.match(r\"ab+\", text))\n\n\ndef check(candidate):\n    assert candidate('ac') == False\n    assert candidate('dc') == False\n    assert candidate('abbbba') == True\n    assert candidate('dsabbbba') == True\n    assert candidate('asbbbba') == False\n    assert candidate('abaaa') == True\n\ndef test_check():\n    check(text_match_zero_one)\n\ntest_check()\n",
      "timestamp": 1665510614,
      "stdout": "",
      "stderr": "Traceback (most recent call last):\n  File \"/tmp/tmp0mcv8rcl.py\", line 19, in <module>\n    test_check()\n  File \"/tmp/tmp0mcv8rcl.py\", line 17, in test_check\n    check(text_match_zero_one)\n  File \"/tmp/tmp0mcv8rcl.py\", line 9, in check\n    assert candidate('ac') == False\n  File \"/tmp/tmp0mcv8rcl.py\", line 5, in text_match_zero_one\n    return bool(re.match(r\"ab+\", text))\nNameError: name 're' is not defined\n",
      "exit_code": 1,
      "status": "Exception"
    },
    {
      "program": "def text_match_zero_one(text: str) -> bool:\n    \"\"\"\n\tWrite a function that matches a string that has an 'a' followed by one or more 'b's. https://www.w3resource.com/python-exercises/re/python-re-exercise-3.php\n\t\"\"\"\n    pattern = re.compile(r\"ab+\")\n    return bool(pattern.match(text))\n\n\ndef check(candidate):\n    assert candidate('ac') == False\n    assert candidate('dc') == False\n    assert candidate('abbbba') == True\n    assert candidate('dsabbbba') == True\n    assert candidate('asbbbba') == False\n    assert candidate('abaaa') == True\n\ndef test_check():\n    check(text_match_zero_one)\n\ntest_check()\n",
      "timestamp": 1665510614,
      "stdout": "",
      "stderr": "Traceback (most recent call last):\n  File \"/tmp/tmpe910tgic.py\", line 20, in <module>\n    test_check()\n  File \"/tmp/tmpe910tgic.py\", line 18, in test_check\n    check(text_match_zero_one)\n  File \"/tmp/tmpe910tgic.py\", line 10, in check\n    assert candidate('ac') == False\n  File \"/tmp/tmpe910tgic.py\", line 5, in text_match_zero_one\n    pattern = re.compile(r\"ab+\")\nNameError: name 're' is not defined\n",
      "exit_code": 1,
      "status": "Exception"
    },
    {
      "program": "def text_match_zero_one(text: str) -> bool:\n    \"\"\"\n\tWrite a function that matches a string that has an 'a' followed by one or more 'b's. https://www.w3resource.com/python-exercises/re/python-re-exercise-3.php\n\t\"\"\"\n    return re.search(r\"ab+\", text) is not None\n\n\ndef check(candidate):\n    assert candidate('ac') == False\n    assert candidate('dc') == False\n    assert candidate('abbbba') == True\n    assert candidate('dsabbbba') == True\n    assert candidate('asbbbba') == False\n    assert candidate('abaaa') == True\n\ndef test_check():\n    check(text_match_zero_one)\n\ntest_check()\n",
      "timestamp": 1665510614,
      "stdout": "",
      "stderr": "Traceback (most recent call last):\n  File \"/tmp/tmpmixc7v61.py\", line 19, in <module>\n    test_check()\n  File \"/tmp/tmpmixc7v61.py\", line 17, in test_check\n    check(text_match_zero_one)\n  File \"/tmp/tmpmixc7v61.py\", line 9, in check\n    assert candidate('ac') == False\n  File \"/tmp/tmpmixc7v61.py\", line 5, in text_match_zero_one\n    return re.search(r\"ab+\", text) is not None\nNameError: name 're' is not defined\n",
      "exit_code": 1,
      "status": "Exception"
    },
    {
      "program": "def text_match_zero_one(text: str) -> bool:\n    \"\"\"\n\tWrite a function that matches a string that has an 'a' followed by one or more 'b's. https://www.w3resource.com/python-exercises/re/python-re-exercise-3.php\n\t\"\"\"\n    return bool(re.search(r\"ab+\", text))\n\n\ndef check(candidate):\n    assert candidate('ac') == False\n    assert candidate('dc') == False\n    assert candidate('abbbba') == True\n    assert candidate('dsabbbba') == True\n    assert candidate('asbbbba') == False\n    assert candidate('abaaa') == True\n\ndef test_check():\n    check(text_match_zero_one)\n\ntest_check()\n",
      "timestamp": 1665510614,
      "stdout": "",
      "stderr": "Traceback (most recent call last):\n  File \"/tmp/tmpv2anczjq.py\", line 19, in <module>\n    test_check()\n  File \"/tmp/tmpv2anczjq.py\", line 17, in test_check\n    check(text_match_zero_one)\n  File \"/tmp/tmpv2anczjq.py\", line 9, in check\n    assert candidate('ac') == False\n  File \"/tmp/tmpv2anczjq.py\", line 5, in text_match_zero_one\n    return bool(re.search(r\"ab+\", text))\nNameError: name 're' is not defined\n",
      "exit_code": 1,
      "status": "Exception"
    },
    {
      "program": "def text_match_zero_one(text: str) -> bool:\n    \"\"\"\n\tWrite a function that matches a string that has an 'a' followed by one or more 'b's. https://www.w3resource.com/python-exercises/re/python-re-exercise-3.php\n\t\"\"\"\n    return re.search(r\"ab+\", text) is not None\n\n\ndef check(candidate):\n    assert candidate('ac') == False\n    assert candidate('dc') == False\n    assert candidate('abbbba') == True\n    assert candidate('dsabbbba') == True\n    assert candidate('asbbbba') == False\n    assert candidate('abaaa') == True\n\ndef test_check():\n    check(text_match_zero_one)\n\ntest_check()\n",
      "timestamp": 1665510614,
      "stdout": "",
      "stderr": "Traceback (most recent call last):\n  File \"/tmp/tmpmixc7v61.py\", line 19, in <module>\n    test_check()\n  File \"/tmp/tmpmixc7v61.py\", line 17, in test_check\n    check(text_match_zero_one)\n  File \"/tmp/tmpmixc7v61.py\", line 9, in check\n    assert candidate('ac') == False\n  File \"/tmp/tmpmixc7v61.py\", line 5, in text_match_zero_one\n    return re.search(r\"ab+\", text) is not None\nNameError: name 're' is not defined\n",
      "exit_code": 1,
      "status": "Exception"
    },
    {
      "program": "def text_match_zero_one(text: str) -> bool:\n    \"\"\"\n\tWrite a function that matches a string that has an 'a' followed by one or more 'b's. https://www.w3resource.com/python-exercises/re/python-re-exercise-3.php\n\t\"\"\"\n    return re.search(r\"ab+\", text) is not None\n\n\ndef check(candidate):\n    assert candidate('ac') == False\n    assert candidate('dc') == False\n    assert candidate('abbbba') == True\n    assert candidate('dsabbbba') == True\n    assert candidate('asbbbba') == False\n    assert candidate('abaaa') == True\n\ndef test_check():\n    check(text_match_zero_one)\n\ntest_check()\n",
      "timestamp": 1665510614,
      "stdout": "",
      "stderr": "Traceback (most recent call last):\n  File \"/tmp/tmpmixc7v61.py\", line 19, in <module>\n    test_check()\n  File \"/tmp/tmpmixc7v61.py\", line 17, in test_check\n    check(text_match_zero_one)\n  File \"/tmp/tmpmixc7v61.py\", line 9, in check\n    assert candidate('ac') == False\n  File \"/tmp/tmpmixc7v61.py\", line 5, in text_match_zero_one\n    return re.search(r\"ab+\", text) is not None\nNameError: name 're' is not defined\n",
      "exit_code": 1,
      "status": "Exception"
    },
    {
      "program": "def text_match_zero_one(text: str) -> bool:\n    \"\"\"\n\tWrite a function that matches a string that has an 'a' followed by one or more 'b's. https://www.w3resource.com/python-exercises/re/python-re-exercise-3.php\n\t\"\"\"\n    return re.search(r\"ab+\", text) is not None\n\n\ndef check(candidate):\n    assert candidate('ac') == False\n    assert candidate('dc') == False\n    assert candidate('abbbba') == True\n    assert candidate('dsabbbba') == True\n    assert candidate('asbbbba') == False\n    assert candidate('abaaa') == True\n\ndef test_check():\n    check(text_match_zero_one)\n\ntest_check()\n",
      "timestamp": 1665510614,
      "stdout": "",
      "stderr": "Traceback (most recent call last):\n  File \"/tmp/tmpmixc7v61.py\", line 19, in <module>\n    test_check()\n  File \"/tmp/tmpmixc7v61.py\", line 17, in test_check\n    check(text_match_zero_one)\n  File \"/tmp/tmpmixc7v61.py\", line 9, in check\n    assert candidate('ac') == False\n  File \"/tmp/tmpmixc7v61.py\", line 5, in text_match_zero_one\n    return re.search(r\"ab+\", text) is not None\nNameError: name 're' is not defined\n",
      "exit_code": 1,
      "status": "Exception"
    },
    {
      "program": "def text_match_zero_one(text: str) -> bool:\n    \"\"\"\n\tWrite a function that matches a string that has an 'a' followed by one or more 'b's. https://www.w3resource.com/python-exercises/re/python-re-exercise-3.php\n\t\"\"\"\n    return re.search(r\"ab+\", text)\n\n\ndef check(candidate):\n    assert candidate('ac') == False\n    assert candidate('dc') == False\n    assert candidate('abbbba') == True\n    assert candidate('dsabbbba') == True\n    assert candidate('asbbbba') == False\n    assert candidate('abaaa') == True\n\ndef test_check():\n    check(text_match_zero_one)\n\ntest_check()\n",
      "timestamp": 1665510614,
      "stdout": "",
      "stderr": "Traceback (most recent call last):\n  File \"/tmp/tmpmu5fhnwa.py\", line 19, in <module>\n    test_check()\n  File \"/tmp/tmpmu5fhnwa.py\", line 17, in test_check\n    check(text_match_zero_one)\n  File \"/tmp/tmpmu5fhnwa.py\", line 9, in check\n    assert candidate('ac') == False\n  File \"/tmp/tmpmu5fhnwa.py\", line 5, in text_match_zero_one\n    return re.search(r\"ab+\", text)\nNameError: name 're' is not defined\n",
      "exit_code": 1,
      "status": "Exception"
    },
    {
      "program": "def text_match_zero_one(text: str) -> bool:\n    \"\"\"\n\tWrite a function that matches a string that has an 'a' followed by one or more 'b's. https://www.w3resource.com/python-exercises/re/python-re-exercise-3.php\n\t\"\"\"\n    return re.search(r\"ab+\", text)\n\n\ndef check(candidate):\n    assert candidate('ac') == False\n    assert candidate('dc') == False\n    assert candidate('abbbba') == True\n    assert candidate('dsabbbba') == True\n    assert candidate('asbbbba') == False\n    assert candidate('abaaa') == True\n\ndef test_check():\n    check(text_match_zero_one)\n\ntest_check()\n",
      "timestamp": 1665510614,
      "stdout": "",
      "stderr": "Traceback (most recent call last):\n  File \"/tmp/tmpmu5fhnwa.py\", line 19, in <module>\n    test_check()\n  File \"/tmp/tmpmu5fhnwa.py\", line 17, in test_check\n    check(text_match_zero_one)\n  File \"/tmp/tmpmu5fhnwa.py\", line 9, in check\n    assert candidate('ac') == False\n  File \"/tmp/tmpmu5fhnwa.py\", line 5, in text_match_zero_one\n    return re.search(r\"ab+\", text)\nNameError: name 're' is not defined\n",
      "exit_code": 1,
      "status": "Exception"
    },
    {
      "program": "def text_match_zero_one(text: str) -> bool:\n    \"\"\"\n\tWrite a function that matches a string that has an 'a' followed by one or more 'b's. https://www.w3resource.com/python-exercises/re/python-re-exercise-3.php\n\t\"\"\"\n    pattern = r\"ab+\"\n    if re.search(pattern, text):\n        return True\n    return False\n\n\ndef check(candidate):\n    assert candidate('ac') == False\n    assert candidate('dc') == False\n    assert candidate('abbbba') == True\n    assert candidate('dsabbbba') == True\n    assert candidate('asbbbba') == False\n    assert candidate('abaaa') == True\n\ndef test_check():\n    check(text_match_zero_one)\n\ntest_check()\n",
      "timestamp": 1666123743,
      "stdout": "",
      "stderr": "Traceback (most recent call last):\n  File \"/tmp/tmp8cuh3bwk.py\", line 22, in <module>\n    test_check()\n  File \"/tmp/tmp8cuh3bwk.py\", line 20, in test_check\n    check(text_match_zero_one)\n  File \"/tmp/tmp8cuh3bwk.py\", line 12, in check\n    assert candidate('ac') == False\n  File \"/tmp/tmp8cuh3bwk.py\", line 6, in text_match_zero_one\n    if re.search(pattern, text):\nNameError: name 're' is not defined\n",
      "exit_code": 1,
      "status": "Exception"
    },
    {
      "program": "def text_match_zero_one(text: str) -> bool:\n    \"\"\"\n\tWrite a function that matches a string that has an 'a' followed by one or more 'b's. https://www.w3resource.com/python-exercises/re/python-re-exercise-3.php\n\t\"\"\"\n    return bool(re.match(r\"ab+\", text))\n\n\ndef check(candidate):\n    assert candidate('ac') == False\n    assert candidate('dc') == False\n    assert candidate('abbbba') == True\n    assert candidate('dsabbbba') == True\n    assert candidate('asbbbba') == False\n    assert candidate('abaaa') == True\n\ndef test_check():\n    check(text_match_zero_one)\n\ntest_check()\n",
      "timestamp": 1665510614,
      "stdout": "",
      "stderr": "Traceback (most recent call last):\n  File \"/tmp/tmp0mcv8rcl.py\", line 19, in <module>\n    test_check()\n  File \"/tmp/tmp0mcv8rcl.py\", line 17, in test_check\n    check(text_match_zero_one)\n  File \"/tmp/tmp0mcv8rcl.py\", line 9, in check\n    assert candidate('ac') == False\n  File \"/tmp/tmp0mcv8rcl.py\", line 5, in text_match_zero_one\n    return bool(re.match(r\"ab+\", text))\nNameError: name 're' is not defined\n",
      "exit_code": 1,
      "status": "Exception"
    },
    {
      "program": "def text_match_zero_one(text: str) -> bool:\n    \"\"\"\n\tWrite a function that matches a string that has an 'a' followed by one or more 'b's. https://www.w3resource.com/python-exercises/re/python-re-exercise-3.php\n\t\"\"\"\n    pattern = re.compile(r\"ab+\")\n    return bool(pattern.match(text))\n\n\ndef check(candidate):\n    assert candidate('ac') == False\n    assert candidate('dc') == False\n    assert candidate('abbbba') == True\n    assert candidate('dsabbbba') == True\n    assert candidate('asbbbba') == False\n    assert candidate('abaaa') == True\n\ndef test_check():\n    check(text_match_zero_one)\n\ntest_check()\n",
      "timestamp": 1665510614,
      "stdout": "",
      "stderr": "Traceback (most recent call last):\n  File \"/tmp/tmpe910tgic.py\", line 20, in <module>\n    test_check()\n  File \"/tmp/tmpe910tgic.py\", line 18, in test_check\n    check(text_match_zero_one)\n  File \"/tmp/tmpe910tgic.py\", line 10, in check\n    assert candidate('ac') == False\n  File \"/tmp/tmpe910tgic.py\", line 5, in text_match_zero_one\n    pattern = re.compile(r\"ab+\")\nNameError: name 're' is not defined\n",
      "exit_code": 1,
      "status": "Exception"
    },
    {
      "program": "def text_match_zero_one(text: str) -> bool:\n    \"\"\"\n\tWrite a function that matches a string that has an 'a' followed by one or more 'b's. https://www.w3resource.com/python-exercises/re/python-re-exercise-3.php\n\t\"\"\"\n    pattern = re.compile(r\"ab+\")\n    return bool(pattern.match(text))\n\n\ndef check(candidate):\n    assert candidate('ac') == False\n    assert candidate('dc') == False\n    assert candidate('abbbba') == True\n    assert candidate('dsabbbba') == True\n    assert candidate('asbbbba') == False\n    assert candidate('abaaa') == True\n\ndef test_check():\n    check(text_match_zero_one)\n\ntest_check()\n",
      "timestamp": 1665510614,
      "stdout": "",
      "stderr": "Traceback (most recent call last):\n  File \"/tmp/tmpe910tgic.py\", line 20, in <module>\n    test_check()\n  File \"/tmp/tmpe910tgic.py\", line 18, in test_check\n    check(text_match_zero_one)\n  File \"/tmp/tmpe910tgic.py\", line 10, in check\n    assert candidate('ac') == False\n  File \"/tmp/tmpe910tgic.py\", line 5, in text_match_zero_one\n    pattern = re.compile(r\"ab+\")\nNameError: name 're' is not defined\n",
      "exit_code": 1,
      "status": "Exception"
    },
    {
      "program": "def text_match_zero_one(text: str) -> bool:\n    \"\"\"\n\tWrite a function that matches a string that has an 'a' followed by one or more 'b's. https://www.w3resource.com/python-exercises/re/python-re-exercise-3.php\n\t\"\"\"\n    return re.search(r\"ab+\", text)\n\n\ndef check(candidate):\n    assert candidate('ac') == False\n    assert candidate('dc') == False\n    assert candidate('abbbba') == True\n    assert candidate('dsabbbba') == True\n    assert candidate('asbbbba') == False\n    assert candidate('abaaa') == True\n\ndef test_check():\n    check(text_match_zero_one)\n\ntest_check()\n",
      "timestamp": 1665510614,
      "stdout": "",
      "stderr": "Traceback (most recent call last):\n  File \"/tmp/tmpmu5fhnwa.py\", line 19, in <module>\n    test_check()\n  File \"/tmp/tmpmu5fhnwa.py\", line 17, in test_check\n    check(text_match_zero_one)\n  File \"/tmp/tmpmu5fhnwa.py\", line 9, in check\n    assert candidate('ac') == False\n  File \"/tmp/tmpmu5fhnwa.py\", line 5, in text_match_zero_one\n    return re.search(r\"ab+\", text)\nNameError: name 're' is not defined\n",
      "exit_code": 1,
      "status": "Exception"
    },
    {
      "program": "def text_match_zero_one(text: str) -> bool:\n    \"\"\"\n\tWrite a function that matches a string that has an 'a' followed by one or more 'b's. https://www.w3resource.com/python-exercises/re/python-re-exercise-3.php\n\t\"\"\"\n    return re.search(r\"ab+\", text)\n\n\ndef check(candidate):\n    assert candidate('ac') == False\n    assert candidate('dc') == False\n    assert candidate('abbbba') == True\n    assert candidate('dsabbbba') == True\n    assert candidate('asbbbba') == False\n    assert candidate('abaaa') == True\n\ndef test_check():\n    check(text_match_zero_one)\n\ntest_check()\n",
      "timestamp": 1665510614,
      "stdout": "",
      "stderr": "Traceback (most recent call last):\n  File \"/tmp/tmpmu5fhnwa.py\", line 19, in <module>\n    test_check()\n  File \"/tmp/tmpmu5fhnwa.py\", line 17, in test_check\n    check(text_match_zero_one)\n  File \"/tmp/tmpmu5fhnwa.py\", line 9, in check\n    assert candidate('ac') == False\n  File \"/tmp/tmpmu5fhnwa.py\", line 5, in text_match_zero_one\n    return re.search(r\"ab+\", text)\nNameError: name 're' is not defined\n",
      "exit_code": 1,
      "status": "Exception"
    },
    {
      "program": "def text_match_zero_one(text: str) -> bool:\n    \"\"\"\n\tWrite a function that matches a string that has an 'a' followed by one or more 'b's. https://www.w3resource.com/python-exercises/re/python-re-exercise-3.php\n\t\"\"\"\n    return bool(re.match(r\"ab+\", text))\n\n\ndef check(candidate):\n    assert candidate('ac') == False\n    assert candidate('dc') == False\n    assert candidate('abbbba') == True\n    assert candidate('dsabbbba') == True\n    assert candidate('asbbbba') == False\n    assert candidate('abaaa') == True\n\ndef test_check():\n    check(text_match_zero_one)\n\ntest_check()\n",
      "timestamp": 1665510614,
      "stdout": "",
      "stderr": "Traceback (most recent call last):\n  File \"/tmp/tmp0mcv8rcl.py\", line 19, in <module>\n    test_check()\n  File \"/tmp/tmp0mcv8rcl.py\", line 17, in test_check\n    check(text_match_zero_one)\n  File \"/tmp/tmp0mcv8rcl.py\", line 9, in check\n    assert candidate('ac') == False\n  File \"/tmp/tmp0mcv8rcl.py\", line 5, in text_match_zero_one\n    return bool(re.match(r\"ab+\", text))\nNameError: name 're' is not defined\n",
      "exit_code": 1,
      "status": "Exception"
    },
    {
      "program": "def text_match_zero_one(text: str) -> bool:\n    \"\"\"\n\tWrite a function that matches a string that has an 'a' followed by one or more 'b's. https://www.w3resource.com/python-exercises/re/python-re-exercise-3.php\n\t\"\"\"\n    return bool(re.match(r\"ab+\", text))\n\n\ndef check(candidate):\n    assert candidate('ac') == False\n    assert candidate('dc') == False\n    assert candidate('abbbba') == True\n    assert candidate('dsabbbba') == True\n    assert candidate('asbbbba') == False\n    assert candidate('abaaa') == True\n\ndef test_check():\n    check(text_match_zero_one)\n\ntest_check()\n",
      "timestamp": 1665510614,
      "stdout": "",
      "stderr": "Traceback (most recent call last):\n  File \"/tmp/tmp0mcv8rcl.py\", line 19, in <module>\n    test_check()\n  File \"/tmp/tmp0mcv8rcl.py\", line 17, in test_check\n    check(text_match_zero_one)\n  File \"/tmp/tmp0mcv8rcl.py\", line 9, in check\n    assert candidate('ac') == False\n  File \"/tmp/tmp0mcv8rcl.py\", line 5, in text_match_zero_one\n    return bool(re.match(r\"ab+\", text))\nNameError: name 're' is not defined\n",
      "exit_code": 1,
      "status": "Exception"
    },
    {
      "program": "def text_match_zero_one(text: str) -> bool:\n    \"\"\"\n\tWrite a function that matches a string that has an 'a' followed by one or more 'b's. https://www.w3resource.com/python-exercises/re/python-re-exercise-3.php\n\t\"\"\"\n    return bool(re.match(r\"ab+\", text))\n\n\ndef check(candidate):\n    assert candidate('ac') == False\n    assert candidate('dc') == False\n    assert candidate('abbbba') == True\n    assert candidate('dsabbbba') == True\n    assert candidate('asbbbba') == False\n    assert candidate('abaaa') == True\n\ndef test_check():\n    check(text_match_zero_one)\n\ntest_check()\n",
      "timestamp": 1665510614,
      "stdout": "",
      "stderr": "Traceback (most recent call last):\n  File \"/tmp/tmp0mcv8rcl.py\", line 19, in <module>\n    test_check()\n  File \"/tmp/tmp0mcv8rcl.py\", line 17, in test_check\n    check(text_match_zero_one)\n  File \"/tmp/tmp0mcv8rcl.py\", line 9, in check\n    assert candidate('ac') == False\n  File \"/tmp/tmp0mcv8rcl.py\", line 5, in text_match_zero_one\n    return bool(re.match(r\"ab+\", text))\nNameError: name 're' is not defined\n",
      "exit_code": 1,
      "status": "Exception"
    },
    {
      "program": "def text_match_zero_one(text: str) -> bool:\n    \"\"\"\n\tWrite a function that matches a string that has an 'a' followed by one or more 'b's. https://www.w3resource.com/python-exercises/re/python-re-exercise-3.php\n\t\"\"\"\n    return re.search(r\"ab+\", text) is not None\n\n\ndef check(candidate):\n    assert candidate('ac') == False\n    assert candidate('dc') == False\n    assert candidate('abbbba') == True\n    assert candidate('dsabbbba') == True\n    assert candidate('asbbbba') == False\n    assert candidate('abaaa') == True\n\ndef test_check():\n    check(text_match_zero_one)\n\ntest_check()\n",
      "timestamp": 1665510614,
      "stdout": "",
      "stderr": "Traceback (most recent call last):\n  File \"/tmp/tmpmixc7v61.py\", line 19, in <module>\n    test_check()\n  File \"/tmp/tmpmixc7v61.py\", line 17, in test_check\n    check(text_match_zero_one)\n  File \"/tmp/tmpmixc7v61.py\", line 9, in check\n    assert candidate('ac') == False\n  File \"/tmp/tmpmixc7v61.py\", line 5, in text_match_zero_one\n    return re.search(r\"ab+\", text) is not None\nNameError: name 're' is not defined\n",
      "exit_code": 1,
      "status": "Exception"
    },
    {
      "program": "def text_match_zero_one(text: str) -> bool:\n    \"\"\"\n\tWrite a function that matches a string that has an 'a' followed by one or more 'b's. https://www.w3resource.com/python-exercises/re/python-re-exercise-3.php\n\t\"\"\"\n    return bool(re.match(r\"ab+\", text))\n\n\ndef check(candidate):\n    assert candidate('ac') == False\n    assert candidate('dc') == False\n    assert candidate('abbbba') == True\n    assert candidate('dsabbbba') == True\n    assert candidate('asbbbba') == False\n    assert candidate('abaaa') == True\n\ndef test_check():\n    check(text_match_zero_one)\n\ntest_check()\n",
      "timestamp": 1665510614,
      "stdout": "",
      "stderr": "Traceback (most recent call last):\n  File \"/tmp/tmp0mcv8rcl.py\", line 19, in <module>\n    test_check()\n  File \"/tmp/tmp0mcv8rcl.py\", line 17, in test_check\n    check(text_match_zero_one)\n  File \"/tmp/tmp0mcv8rcl.py\", line 9, in check\n    assert candidate('ac') == False\n  File \"/tmp/tmp0mcv8rcl.py\", line 5, in text_match_zero_one\n    return bool(re.match(r\"ab+\", text))\nNameError: name 're' is not defined\n",
      "exit_code": 1,
      "status": "Exception"
    },
    {
      "program": "def text_match_zero_one(text: str) -> bool:\n    \"\"\"\n\tWrite a function that matches a string that has an 'a' followed by one or more 'b's. https://www.w3resource.com/python-exercises/re/python-re-exercise-3.php\n\t\"\"\"\n    pattern = re.compile(r\"ab+\")\n    return pattern.search(text)\n\n\ndef check(candidate):\n    assert candidate('ac') == False\n    assert candidate('dc') == False\n    assert candidate('abbbba') == True\n    assert candidate('dsabbbba') == True\n    assert candidate('asbbbba') == False\n    assert candidate('abaaa') == True\n\ndef test_check():\n    check(text_match_zero_one)\n\ntest_check()\n",
      "timestamp": 1666123743,
      "stdout": "",
      "stderr": "Traceback (most recent call last):\n  File \"/tmp/tmpn5k5mj2v.py\", line 20, in <module>\n    test_check()\n  File \"/tmp/tmpn5k5mj2v.py\", line 18, in test_check\n    check(text_match_zero_one)\n  File \"/tmp/tmpn5k5mj2v.py\", line 10, in check\n    assert candidate('ac') == False\n  File \"/tmp/tmpn5k5mj2v.py\", line 5, in text_match_zero_one\n    pattern = re.compile(r\"ab+\")\nNameError: name 're' is not defined\n",
      "exit_code": 1,
      "status": "Exception"
    },
    {
      "program": "def text_match_zero_one(text: str) -> bool:\n    \"\"\"\n\tWrite a function that matches a string that has an 'a' followed by one or more 'b's. https://www.w3resource.com/python-exercises/re/python-re-exercise-3.php\n\t\"\"\"\n    return bool(re.search(r\"ab+\", text))\n\n\ndef check(candidate):\n    assert candidate('ac') == False\n    assert candidate('dc') == False\n    assert candidate('abbbba') == True\n    assert candidate('dsabbbba') == True\n    assert candidate('asbbbba') == False\n    assert candidate('abaaa') == True\n\ndef test_check():\n    check(text_match_zero_one)\n\ntest_check()\n",
      "timestamp": 1665510614,
      "stdout": "",
      "stderr": "Traceback (most recent call last):\n  File \"/tmp/tmpv2anczjq.py\", line 19, in <module>\n    test_check()\n  File \"/tmp/tmpv2anczjq.py\", line 17, in test_check\n    check(text_match_zero_one)\n  File \"/tmp/tmpv2anczjq.py\", line 9, in check\n    assert candidate('ac') == False\n  File \"/tmp/tmpv2anczjq.py\", line 5, in text_match_zero_one\n    return bool(re.search(r\"ab+\", text))\nNameError: name 're' is not defined\n",
      "exit_code": 1,
      "status": "Exception"
    },
    {
      "program": "def text_match_zero_one(text: str) -> bool:\n    \"\"\"\n\tWrite a function that matches a string that has an 'a' followed by one or more 'b's. https://www.w3resource.com/python-exercises/re/python-re-exercise-3.php\n\t\"\"\"\n    pattern = re.compile(r\"ab+\")\n    return bool(pattern.match(text))\n\n\ndef check(candidate):\n    assert candidate('ac') == False\n    assert candidate('dc') == False\n    assert candidate('abbbba') == True\n    assert candidate('dsabbbba') == True\n    assert candidate('asbbbba') == False\n    assert candidate('abaaa') == True\n\ndef test_check():\n    check(text_match_zero_one)\n\ntest_check()\n",
      "timestamp": 1665510614,
      "stdout": "",
      "stderr": "Traceback (most recent call last):\n  File \"/tmp/tmpe910tgic.py\", line 20, in <module>\n    test_check()\n  File \"/tmp/tmpe910tgic.py\", line 18, in test_check\n    check(text_match_zero_one)\n  File \"/tmp/tmpe910tgic.py\", line 10, in check\n    assert candidate('ac') == False\n  File \"/tmp/tmpe910tgic.py\", line 5, in text_match_zero_one\n    pattern = re.compile(r\"ab+\")\nNameError: name 're' is not defined\n",
      "exit_code": 1,
      "status": "Exception"
    },
    {
      "program": "def text_match_zero_one(text: str) -> bool:\n    \"\"\"\n\tWrite a function that matches a string that has an 'a' followed by one or more 'b's. https://www.w3resource.com/python-exercises/re/python-re-exercise-3.php\n\t\"\"\"\n    return re.search(r\"ab+\", text)\n\n\ndef check(candidate):\n    assert candidate('ac') == False\n    assert candidate('dc') == False\n    assert candidate('abbbba') == True\n    assert candidate('dsabbbba') == True\n    assert candidate('asbbbba') == False\n    assert candidate('abaaa') == True\n\ndef test_check():\n    check(text_match_zero_one)\n\ntest_check()\n",
      "timestamp": 1665510614,
      "stdout": "",
      "stderr": "Traceback (most recent call last):\n  File \"/tmp/tmpmu5fhnwa.py\", line 19, in <module>\n    test_check()\n  File \"/tmp/tmpmu5fhnwa.py\", line 17, in test_check\n    check(text_match_zero_one)\n  File \"/tmp/tmpmu5fhnwa.py\", line 9, in check\n    assert candidate('ac') == False\n  File \"/tmp/tmpmu5fhnwa.py\", line 5, in text_match_zero_one\n    return re.search(r\"ab+\", text)\nNameError: name 're' is not defined\n",
      "exit_code": 1,
      "status": "Exception"
    },
    {
      "program": "def text_match_zero_one(text: str) -> bool:\n    \"\"\"\n\tWrite a function that matches a string that has an 'a' followed by one or more 'b's. https://www.w3resource.com/python-exercises/re/python-re-exercise-3.php\n\t\"\"\"\n    return bool(re.search(r\"ab+\", text))\n\n\ndef check(candidate):\n    assert candidate('ac') == False\n    assert candidate('dc') == False\n    assert candidate('abbbba') == True\n    assert candidate('dsabbbba') == True\n    assert candidate('asbbbba') == False\n    assert candidate('abaaa') == True\n\ndef test_check():\n    check(text_match_zero_one)\n\ntest_check()\n",
      "timestamp": 1665510614,
      "stdout": "",
      "stderr": "Traceback (most recent call last):\n  File \"/tmp/tmpv2anczjq.py\", line 19, in <module>\n    test_check()\n  File \"/tmp/tmpv2anczjq.py\", line 17, in test_check\n    check(text_match_zero_one)\n  File \"/tmp/tmpv2anczjq.py\", line 9, in check\n    assert candidate('ac') == False\n  File \"/tmp/tmpv2anczjq.py\", line 5, in text_match_zero_one\n    return bool(re.search(r\"ab+\", text))\nNameError: name 're' is not defined\n",
      "exit_code": 1,
      "status": "Exception"
    },
    {
      "program": "def text_match_zero_one(text: str) -> bool:\n    \"\"\"\n\tWrite a function that matches a string that has an 'a' followed by one or more 'b's. https://www.w3resource.com/python-exercises/re/python-re-exercise-3.php\n\t\"\"\"\n    return re.search(r\"ab+\", text) is not None\n\n\ndef check(candidate):\n    assert candidate('ac') == False\n    assert candidate('dc') == False\n    assert candidate('abbbba') == True\n    assert candidate('dsabbbba') == True\n    assert candidate('asbbbba') == False\n    assert candidate('abaaa') == True\n\ndef test_check():\n    check(text_match_zero_one)\n\ntest_check()\n",
      "timestamp": 1665510614,
      "stdout": "",
      "stderr": "Traceback (most recent call last):\n  File \"/tmp/tmpmixc7v61.py\", line 19, in <module>\n    test_check()\n  File \"/tmp/tmpmixc7v61.py\", line 17, in test_check\n    check(text_match_zero_one)\n  File \"/tmp/tmpmixc7v61.py\", line 9, in check\n    assert candidate('ac') == False\n  File \"/tmp/tmpmixc7v61.py\", line 5, in text_match_zero_one\n    return re.search(r\"ab+\", text) is not None\nNameError: name 're' is not defined\n",
      "exit_code": 1,
      "status": "Exception"
    }
  ]
}