{
  "name": "mbpp_617_min_Jumps",
  "language": "py",
  "prompt": "from typing import Tuple\n\ndef min_Jumps(steps: Tuple[int], d: int) -> float:\n    \"\"\"\n\tWrite a function to check for the number of jumps required of given length to reach a point of form (d, 0) from origin in a 2d plane.\n\t\"\"\"\n",
  "doctests": "transform",
  "original": "/home/arjun/repos/MultiPL-E/datasets/../datasets/mbpp-typed/mbpp_617_min_Jumps.py",
  "prompt_terminology": "reworded",
  "tests": "def check(candidate):\n    assert candidate((3, 4), 11) == 3.5\n    assert candidate((3, 4), 0) == 0\n    assert candidate((11, 14), 11) == 1\n\ndef test_check():\n    check(min_Jumps)\n\ntest_check()\n",
  "stop_tokens": [
    "\ndef",
    "\n#",
    "\nif",
    "\nclass"
  ],
  "results": [
    {
      "program": "from typing import Tuple\n\ndef min_Jumps(steps: Tuple[int], d: int) -> float:\n    \"\"\"\n\tWrite a function to check for the number of jumps required of given length to reach a point of form (d, 0) from origin in a 2d plane.\n\t\"\"\"\n    if d == 0:\n        return 0\n    if d < 0:\n        return float('inf')\n    min_jumps = float('inf')\n    for step in steps:\n        min_jumps = min(min_jumps, 1 + min_Jumps(steps, d - step))\n    return min_jumps\n\nprint(min_Jumps((1, 3, 5, 8, 9, 2, 6, 7, 6, 8, 9), 10))\ndef check(candidate):\n    assert candidate((3, 4), 11) == 3.5\n    assert candidate((3, 4), 0) == 0\n    assert candidate((11, 14), 11) == 1\n\ndef test_check():\n    check(min_Jumps)\n\ntest_check()\n",
      "timestamp": 1665510491,
      "stdout": "2\n",
      "stderr": "Traceback (most recent call last):\n  File \"/tmp/tmpe557pmi4.py\", line 25, in <module>\n    test_check()\n  File \"/tmp/tmpe557pmi4.py\", line 23, in test_check\n    check(min_Jumps)\n  File \"/tmp/tmpe557pmi4.py\", line 18, in check\n    assert candidate((3, 4), 11) == 3.5\nAssertionError\n",
      "exit_code": 1,
      "status": "Exception"
    },
    {
      "program": "from typing import Tuple\n\ndef min_Jumps(steps: Tuple[int], d: int) -> float:\n    \"\"\"\n\tWrite a function to check for the number of jumps required of given length to reach a point of form (d, 0) from origin in a 2d plane.\n\t\"\"\"\n    if d == 0:\n        return 0\n    if d < 0:\n        return float('inf')\n    return 1 + min(min_Jumps(steps, d - step) for step in steps)\n\ndef check(candidate):\n    assert candidate((3, 4), 11) == 3.5\n    assert candidate((3, 4), 0) == 0\n    assert candidate((11, 14), 11) == 1\n\ndef test_check():\n    check(min_Jumps)\n\ntest_check()\n",
      "timestamp": 1665510491,
      "stdout": "",
      "stderr": "Traceback (most recent call last):\n  File \"/tmp/tmps7ue1ps1.py\", line 21, in <module>\n    test_check()\n  File \"/tmp/tmps7ue1ps1.py\", line 19, in test_check\n    check(min_Jumps)\n  File \"/tmp/tmps7ue1ps1.py\", line 14, in check\n    assert candidate((3, 4), 11) == 3.5\nAssertionError\n",
      "exit_code": 1,
      "status": "Exception"
    },
    {
      "program": "from typing import Tuple\n\ndef min_Jumps(steps: Tuple[int], d: int) -> float:\n    \"\"\"\n\tWrite a function to check for the number of jumps required of given length to reach a point of form (d, 0) from origin in a 2d plane.\n\t\"\"\"\n    if d == 0:\n        return 0\n    if d < 0:\n        return float('inf')\n    min_jumps = float('inf')\n    for step in steps:\n        min_jumps = min(min_jumps, 1 + min_Jumps(steps, d - step))\n    return min_jumps\n\ndef check(candidate):\n    assert candidate((3, 4), 11) == 3.5\n    assert candidate((3, 4), 0) == 0\n    assert candidate((11, 14), 11) == 1\n\ndef test_check():\n    check(min_Jumps)\n\ntest_check()\n",
      "timestamp": 1665510491,
      "stdout": "",
      "stderr": "Traceback (most recent call last):\n  File \"/tmp/tmpov7ibbr_.py\", line 24, in <module>\n    test_check()\n  File \"/tmp/tmpov7ibbr_.py\", line 22, in test_check\n    check(min_Jumps)\n  File \"/tmp/tmpov7ibbr_.py\", line 17, in check\n    assert candidate((3, 4), 11) == 3.5\nAssertionError\n",
      "exit_code": 1,
      "status": "Exception"
    },
    {
      "program": "from typing import Tuple\n\ndef min_Jumps(steps: Tuple[int], d: int) -> float:\n    \"\"\"\n\tWrite a function to check for the number of jumps required of given length to reach a point of form (d, 0) from origin in a 2d plane.\n\t\"\"\"\n    if d == 0:\n        return 0\n    if d < 0:\n        return float('inf')\n    return 1 + min(min_Jumps(steps, d - step) for step in steps)\n\ndef check(candidate):\n    assert candidate((3, 4), 11) == 3.5\n    assert candidate((3, 4), 0) == 0\n    assert candidate((11, 14), 11) == 1\n\ndef test_check():\n    check(min_Jumps)\n\ntest_check()\n",
      "timestamp": 1665510491,
      "stdout": "",
      "stderr": "Traceback (most recent call last):\n  File \"/tmp/tmps7ue1ps1.py\", line 21, in <module>\n    test_check()\n  File \"/tmp/tmps7ue1ps1.py\", line 19, in test_check\n    check(min_Jumps)\n  File \"/tmp/tmps7ue1ps1.py\", line 14, in check\n    assert candidate((3, 4), 11) == 3.5\nAssertionError\n",
      "exit_code": 1,
      "status": "Exception"
    },
    {
      "program": "from typing import Tuple\n\ndef min_Jumps(steps: Tuple[int], d: int) -> float:\n    \"\"\"\n\tWrite a function to check for the number of jumps required of given length to reach a point of form (d, 0) from origin in a 2d plane.\n\t\"\"\"\n    jumps = 0\n    for step in steps:\n        jumps += math.ceil(d / step)\n    return jumps\n\ndef check(candidate):\n    assert candidate((3, 4), 11) == 3.5\n    assert candidate((3, 4), 0) == 0\n    assert candidate((11, 14), 11) == 1\n\ndef test_check():\n    check(min_Jumps)\n\ntest_check()\n",
      "timestamp": 1665510491,
      "stdout": "",
      "stderr": "Traceback (most recent call last):\n  File \"/tmp/tmpxhzofz0n.py\", line 20, in <module>\n    test_check()\n  File \"/tmp/tmpxhzofz0n.py\", line 18, in test_check\n    check(min_Jumps)\n  File \"/tmp/tmpxhzofz0n.py\", line 13, in check\n    assert candidate((3, 4), 11) == 3.5\n  File \"/tmp/tmpxhzofz0n.py\", line 9, in min_Jumps\n    jumps += math.ceil(d / step)\nNameError: name 'math' is not defined\n",
      "exit_code": 1,
      "status": "Exception"
    },
    {
      "program": "from typing import Tuple\n\ndef min_Jumps(steps: Tuple[int], d: int) -> float:\n    \"\"\"\n\tWrite a function to check for the number of jumps required of given length to reach a point of form (d, 0) from origin in a 2d plane.\n\t\"\"\"\n    if d == 0:\n        return 0\n    if d < 0:\n        return float('inf')\n    return 1 + min(min_Jumps(steps, d - step) for step in steps)\n\ndef check(candidate):\n    assert candidate((3, 4), 11) == 3.5\n    assert candidate((3, 4), 0) == 0\n    assert candidate((11, 14), 11) == 1\n\ndef test_check():\n    check(min_Jumps)\n\ntest_check()\n",
      "timestamp": 1665510491,
      "stdout": "",
      "stderr": "Traceback (most recent call last):\n  File \"/tmp/tmps7ue1ps1.py\", line 21, in <module>\n    test_check()\n  File \"/tmp/tmps7ue1ps1.py\", line 19, in test_check\n    check(min_Jumps)\n  File \"/tmp/tmps7ue1ps1.py\", line 14, in check\n    assert candidate((3, 4), 11) == 3.5\nAssertionError\n",
      "exit_code": 1,
      "status": "Exception"
    },
    {
      "program": "from typing import Tuple\n\ndef min_Jumps(steps: Tuple[int], d: int) -> float:\n    \"\"\"\n\tWrite a function to check for the number of jumps required of given length to reach a point of form (d, 0) from origin in a 2d plane.\n\t\"\"\"\n    return math.ceil(d / max(steps))\n\nprint(min_Jumps((1, 2, 3), 10))\ndef check(candidate):\n    assert candidate((3, 4), 11) == 3.5\n    assert candidate((3, 4), 0) == 0\n    assert candidate((11, 14), 11) == 1\n\ndef test_check():\n    check(min_Jumps)\n\ntest_check()\n",
      "timestamp": 1665510491,
      "stdout": "",
      "stderr": "Traceback (most recent call last):\n  File \"/tmp/tmpx21x726d.py\", line 9, in <module>\n    print(min_Jumps((1, 2, 3), 10))\n  File \"/tmp/tmpx21x726d.py\", line 7, in min_Jumps\n    return math.ceil(d / max(steps))\nNameError: name 'math' is not defined\n",
      "exit_code": 1,
      "status": "Exception"
    },
    {
      "program": "from typing import Tuple\n\ndef min_Jumps(steps: Tuple[int], d: int) -> float:\n    \"\"\"\n\tWrite a function to check for the number of jumps required of given length to reach a point of form (d, 0) from origin in a 2d plane.\n\t\"\"\"\n    if d == 0:\n        return 0\n    if d < 0:\n        return float('inf')\n    return min([1 + min_Jumps(steps, d - step) for step in steps])\n\ndef check(candidate):\n    assert candidate((3, 4), 11) == 3.5\n    assert candidate((3, 4), 0) == 0\n    assert candidate((11, 14), 11) == 1\n\ndef test_check():\n    check(min_Jumps)\n\ntest_check()\n",
      "timestamp": 1665510491,
      "stdout": "",
      "stderr": "Traceback (most recent call last):\n  File \"/tmp/tmpap8hnrdl.py\", line 21, in <module>\n    test_check()\n  File \"/tmp/tmpap8hnrdl.py\", line 19, in test_check\n    check(min_Jumps)\n  File \"/tmp/tmpap8hnrdl.py\", line 14, in check\n    assert candidate((3, 4), 11) == 3.5\nAssertionError\n",
      "exit_code": 1,
      "status": "Exception"
    },
    {
      "program": "from typing import Tuple\n\ndef min_Jumps(steps: Tuple[int], d: int) -> float:\n    \"\"\"\n\tWrite a function to check for the number of jumps required of given length to reach a point of form (d, 0) from origin in a 2d plane.\n\t\"\"\"\n    jumps = 0\n    for step in steps:\n        jumps += math.ceil(d / step)\n    return jumps\ndef check(candidate):\n    assert candidate((3, 4), 11) == 3.5\n    assert candidate((3, 4), 0) == 0\n    assert candidate((11, 14), 11) == 1\n\ndef test_check():\n    check(min_Jumps)\n\ntest_check()\n",
      "timestamp": 1665510491,
      "stdout": "",
      "stderr": "Traceback (most recent call last):\n  File \"/tmp/tmpyqeoufdf.py\", line 19, in <module>\n    test_check()\n  File \"/tmp/tmpyqeoufdf.py\", line 17, in test_check\n    check(min_Jumps)\n  File \"/tmp/tmpyqeoufdf.py\", line 12, in check\n    assert candidate((3, 4), 11) == 3.5\n  File \"/tmp/tmpyqeoufdf.py\", line 9, in min_Jumps\n    jumps += math.ceil(d / step)\nNameError: name 'math' is not defined\n",
      "exit_code": 1,
      "status": "Exception"
    },
    {
      "program": "from typing import Tuple\n\ndef min_Jumps(steps: Tuple[int], d: int) -> float:\n    \"\"\"\n\tWrite a function to check for the number of jumps required of given length to reach a point of form (d, 0) from origin in a 2d plane.\n\t\"\"\"\n    if d == 0:\n        return 0\n    if d < 0:\n        return float('inf')\n    min_jumps = float('inf')\n    for step in steps:\n        min_jumps = min(min_jumps, 1 + min_Jumps(steps, d - step))\n    return min_jumps\n\ndef check(candidate):\n    assert candidate((3, 4), 11) == 3.5\n    assert candidate((3, 4), 0) == 0\n    assert candidate((11, 14), 11) == 1\n\ndef test_check():\n    check(min_Jumps)\n\ntest_check()\n",
      "timestamp": 1665510491,
      "stdout": "",
      "stderr": "Traceback (most recent call last):\n  File \"/tmp/tmpov7ibbr_.py\", line 24, in <module>\n    test_check()\n  File \"/tmp/tmpov7ibbr_.py\", line 22, in test_check\n    check(min_Jumps)\n  File \"/tmp/tmpov7ibbr_.py\", line 17, in check\n    assert candidate((3, 4), 11) == 3.5\nAssertionError\n",
      "exit_code": 1,
      "status": "Exception"
    },
    {
      "program": "from typing import Tuple\n\ndef min_Jumps(steps: Tuple[int], d: int) -> float:\n    \"\"\"\n\tWrite a function to check for the number of jumps required of given length to reach a point of form (d, 0) from origin in a 2d plane.\n\t\"\"\"\n    if d == 0:\n        return 0\n    if d < 0:\n        return float('inf')\n    return 1 + min(min_Jumps(steps, d - step) for step in steps)\n\nprint(min_Jumps((1, 2, 3), 5))\ndef check(candidate):\n    assert candidate((3, 4), 11) == 3.5\n    assert candidate((3, 4), 0) == 0\n    assert candidate((11, 14), 11) == 1\n\ndef test_check():\n    check(min_Jumps)\n\ntest_check()\n",
      "timestamp": 1665510491,
      "stdout": "2\n",
      "stderr": "Traceback (most recent call last):\n  File \"/tmp/tmprec7a1bu.py\", line 22, in <module>\n    test_check()\n  File \"/tmp/tmprec7a1bu.py\", line 20, in test_check\n    check(min_Jumps)\n  File \"/tmp/tmprec7a1bu.py\", line 15, in check\n    assert candidate((3, 4), 11) == 3.5\nAssertionError\n",
      "exit_code": 1,
      "status": "Exception"
    },
    {
      "program": "from typing import Tuple\n\ndef min_Jumps(steps: Tuple[int], d: int) -> float:\n    \"\"\"\n\tWrite a function to check for the number of jumps required of given length to reach a point of form (d, 0) from origin in a 2d plane.\n\t\"\"\"\n    if d == 0:\n        return 0\n    if d < 0:\n        return float('inf')\n    min_jumps = float('inf')\n    for step in steps:\n        min_jumps = min(min_jumps, 1 + min_Jumps(steps, d - step))\n    return min_jumps\n\ndef check(candidate):\n    assert candidate((3, 4), 11) == 3.5\n    assert candidate((3, 4), 0) == 0\n    assert candidate((11, 14), 11) == 1\n\ndef test_check():\n    check(min_Jumps)\n\ntest_check()\n",
      "timestamp": 1665510491,
      "stdout": "",
      "stderr": "Traceback (most recent call last):\n  File \"/tmp/tmpov7ibbr_.py\", line 24, in <module>\n    test_check()\n  File \"/tmp/tmpov7ibbr_.py\", line 22, in test_check\n    check(min_Jumps)\n  File \"/tmp/tmpov7ibbr_.py\", line 17, in check\n    assert candidate((3, 4), 11) == 3.5\nAssertionError\n",
      "exit_code": 1,
      "status": "Exception"
    },
    {
      "program": "from typing import Tuple\n\ndef min_Jumps(steps: Tuple[int], d: int) -> float:\n    \"\"\"\n\tWrite a function to check for the number of jumps required of given length to reach a point of form (d, 0) from origin in a 2d plane.\n\t\"\"\"\n    if d == 0:\n        return 0\n    if d < 0:\n        return float('inf')\n    return 1 + min(min_Jumps(steps, d - step) for step in steps)\n\nprint(min_Jumps((1, 3, 5, 8, 9, 2, 6, 7, 6, 8, 9), 10))\ndef check(candidate):\n    assert candidate((3, 4), 11) == 3.5\n    assert candidate((3, 4), 0) == 0\n    assert candidate((11, 14), 11) == 1\n\ndef test_check():\n    check(min_Jumps)\n\ntest_check()\n",
      "timestamp": 1665510491,
      "stdout": "2\n",
      "stderr": "Traceback (most recent call last):\n  File \"/tmp/tmpifbnotg1.py\", line 22, in <module>\n    test_check()\n  File \"/tmp/tmpifbnotg1.py\", line 20, in test_check\n    check(min_Jumps)\n  File \"/tmp/tmpifbnotg1.py\", line 15, in check\n    assert candidate((3, 4), 11) == 3.5\nAssertionError\n",
      "exit_code": 1,
      "status": "Exception"
    },
    {
      "program": "from typing import Tuple\n\ndef min_Jumps(steps: Tuple[int], d: int) -> float:\n    \"\"\"\n\tWrite a function to check for the number of jumps required of given length to reach a point of form (d, 0) from origin in a 2d plane.\n\t\"\"\"\n    if d == 0:\n        return 0\n    if d < 0:\n        return float('inf')\n    return 1 + min(min_Jumps(steps, d - step) for step in steps)\n\ndef check(candidate):\n    assert candidate((3, 4), 11) == 3.5\n    assert candidate((3, 4), 0) == 0\n    assert candidate((11, 14), 11) == 1\n\ndef test_check():\n    check(min_Jumps)\n\ntest_check()\n",
      "timestamp": 1665510491,
      "stdout": "",
      "stderr": "Traceback (most recent call last):\n  File \"/tmp/tmps7ue1ps1.py\", line 21, in <module>\n    test_check()\n  File \"/tmp/tmps7ue1ps1.py\", line 19, in test_check\n    check(min_Jumps)\n  File \"/tmp/tmps7ue1ps1.py\", line 14, in check\n    assert candidate((3, 4), 11) == 3.5\nAssertionError\n",
      "exit_code": 1,
      "status": "Exception"
    },
    {
      "program": "from typing import Tuple\n\ndef min_Jumps(steps: Tuple[int], d: int) -> float:\n    \"\"\"\n\tWrite a function to check for the number of jumps required of given length to reach a point of form (d, 0) from origin in a 2d plane.\n\t\"\"\"\n    jumps = 0\n    for step in steps:\n        jumps += math.ceil(d / step)\n    return jumps\n\n\ndef check(candidate):\n    assert candidate((3, 4), 11) == 3.5\n    assert candidate((3, 4), 0) == 0\n    assert candidate((11, 14), 11) == 1\n\ndef test_check():\n    check(min_Jumps)\n\ntest_check()\n",
      "timestamp": 1665510491,
      "stdout": "",
      "stderr": "Traceback (most recent call last):\n  File \"/tmp/tmpuvwpivbi.py\", line 21, in <module>\n    test_check()\n  File \"/tmp/tmpuvwpivbi.py\", line 19, in test_check\n    check(min_Jumps)\n  File \"/tmp/tmpuvwpivbi.py\", line 14, in check\n    assert candidate((3, 4), 11) == 3.5\n  File \"/tmp/tmpuvwpivbi.py\", line 9, in min_Jumps\n    jumps += math.ceil(d / step)\nNameError: name 'math' is not defined\n",
      "exit_code": 1,
      "status": "Exception"
    },
    {
      "program": "from typing import Tuple\n\ndef min_Jumps(steps: Tuple[int], d: int) -> float:\n    \"\"\"\n\tWrite a function to check for the number of jumps required of given length to reach a point of form (d, 0) from origin in a 2d plane.\n\t\"\"\"\n    if d == 0:\n        return 0\n    if d < 0:\n        return float('inf')\n    min_jumps = float('inf')\n    for step in steps:\n        min_jumps = min(min_jumps, 1 + min_Jumps(steps, d - step))\n    return min_jumps\n\ndef check(candidate):\n    assert candidate((3, 4), 11) == 3.5\n    assert candidate((3, 4), 0) == 0\n    assert candidate((11, 14), 11) == 1\n\ndef test_check():\n    check(min_Jumps)\n\ntest_check()\n",
      "timestamp": 1665510491,
      "stdout": "",
      "stderr": "Traceback (most recent call last):\n  File \"/tmp/tmpov7ibbr_.py\", line 24, in <module>\n    test_check()\n  File \"/tmp/tmpov7ibbr_.py\", line 22, in test_check\n    check(min_Jumps)\n  File \"/tmp/tmpov7ibbr_.py\", line 17, in check\n    assert candidate((3, 4), 11) == 3.5\nAssertionError\n",
      "exit_code": 1,
      "status": "Exception"
    },
    {
      "program": "from typing import Tuple\n\ndef min_Jumps(steps: Tuple[int], d: int) -> float:\n    \"\"\"\n\tWrite a function to check for the number of jumps required of given length to reach a point of form (d, 0) from origin in a 2d plane.\n\t\"\"\"\n    jumps = 0\n    for step in steps:\n        jumps += step // d\n        if step % d != 0:\n            jumps += 1\n    return jumps\n\nprint(min_Jumps((1, 2, 3, 4, 5, 6, 7, 8, 9, 10), 3))\ndef check(candidate):\n    assert candidate((3, 4), 11) == 3.5\n    assert candidate((3, 4), 0) == 0\n    assert candidate((11, 14), 11) == 1\n\ndef test_check():\n    check(min_Jumps)\n\ntest_check()\n",
      "timestamp": 1665510491,
      "stdout": "22\n",
      "stderr": "Traceback (most recent call last):\n  File \"/tmp/tmpoywjegbi.py\", line 23, in <module>\n    test_check()\n  File \"/tmp/tmpoywjegbi.py\", line 21, in test_check\n    check(min_Jumps)\n  File \"/tmp/tmpoywjegbi.py\", line 16, in check\n    assert candidate((3, 4), 11) == 3.5\nAssertionError\n",
      "exit_code": 1,
      "status": "Exception"
    },
    {
      "program": "from typing import Tuple\n\ndef min_Jumps(steps: Tuple[int], d: int) -> float:\n    \"\"\"\n\tWrite a function to check for the number of jumps required of given length to reach a point of form (d, 0) from origin in a 2d plane.\n\t\"\"\"\n    jumps = 0\n    for step in steps:\n        jumps += math.ceil(d / step)\n    return jumps\n\ndef check(candidate):\n    assert candidate((3, 4), 11) == 3.5\n    assert candidate((3, 4), 0) == 0\n    assert candidate((11, 14), 11) == 1\n\ndef test_check():\n    check(min_Jumps)\n\ntest_check()\n",
      "timestamp": 1665510491,
      "stdout": "",
      "stderr": "Traceback (most recent call last):\n  File \"/tmp/tmpxhzofz0n.py\", line 20, in <module>\n    test_check()\n  File \"/tmp/tmpxhzofz0n.py\", line 18, in test_check\n    check(min_Jumps)\n  File \"/tmp/tmpxhzofz0n.py\", line 13, in check\n    assert candidate((3, 4), 11) == 3.5\n  File \"/tmp/tmpxhzofz0n.py\", line 9, in min_Jumps\n    jumps += math.ceil(d / step)\nNameError: name 'math' is not defined\n",
      "exit_code": 1,
      "status": "Exception"
    },
    {
      "program": "from typing import Tuple\n\ndef min_Jumps(steps: Tuple[int], d: int) -> float:\n    \"\"\"\n\tWrite a function to check for the number of jumps required of given length to reach a point of form (d, 0) from origin in a 2d plane.\n\t\"\"\"\n    if d == 0:\n        return 0\n    if d < 0:\n        return float('inf')\n    return 1 + min(min_Jumps(steps, d - step) for step in steps)\n\ndef check(candidate):\n    assert candidate((3, 4), 11) == 3.5\n    assert candidate((3, 4), 0) == 0\n    assert candidate((11, 14), 11) == 1\n\ndef test_check():\n    check(min_Jumps)\n\ntest_check()\n",
      "timestamp": 1665510491,
      "stdout": "",
      "stderr": "Traceback (most recent call last):\n  File \"/tmp/tmps7ue1ps1.py\", line 21, in <module>\n    test_check()\n  File \"/tmp/tmps7ue1ps1.py\", line 19, in test_check\n    check(min_Jumps)\n  File \"/tmp/tmps7ue1ps1.py\", line 14, in check\n    assert candidate((3, 4), 11) == 3.5\nAssertionError\n",
      "exit_code": 1,
      "status": "Exception"
    },
    {
      "program": "from typing import Tuple\n\ndef min_Jumps(steps: Tuple[int], d: int) -> float:\n    \"\"\"\n\tWrite a function to check for the number of jumps required of given length to reach a point of form (d, 0) from origin in a 2d plane.\n\t\"\"\"\n    if d == 0:\n        return 0\n    if d < 0:\n        return float('inf')\n    return 1 + min(min_Jumps(steps, d - step) for step in steps)\n\ndef check(candidate):\n    assert candidate((3, 4), 11) == 3.5\n    assert candidate((3, 4), 0) == 0\n    assert candidate((11, 14), 11) == 1\n\ndef test_check():\n    check(min_Jumps)\n\ntest_check()\n",
      "timestamp": 1665510491,
      "stdout": "",
      "stderr": "Traceback (most recent call last):\n  File \"/tmp/tmps7ue1ps1.py\", line 21, in <module>\n    test_check()\n  File \"/tmp/tmps7ue1ps1.py\", line 19, in test_check\n    check(min_Jumps)\n  File \"/tmp/tmps7ue1ps1.py\", line 14, in check\n    assert candidate((3, 4), 11) == 3.5\nAssertionError\n",
      "exit_code": 1,
      "status": "Exception"
    },
    {
      "program": "from typing import Tuple\n\ndef min_Jumps(steps: Tuple[int], d: int) -> float:\n    \"\"\"\n\tWrite a function to check for the number of jumps required of given length to reach a point of form (d, 0) from origin in a 2d plane.\n\t\"\"\"\n    if d == 0:\n        return 0\n    if d < 0:\n        return float(\"inf\")\n    return 1 + min(min_Jumps(steps, d-step) for step in steps)\n\ndef check(candidate):\n    assert candidate((3, 4), 11) == 3.5\n    assert candidate((3, 4), 0) == 0\n    assert candidate((11, 14), 11) == 1\n\ndef test_check():\n    check(min_Jumps)\n\ntest_check()\n",
      "timestamp": 1666123309,
      "stdout": "",
      "stderr": "Traceback (most recent call last):\n  File \"/tmp/tmpgt3k2mv3.py\", line 21, in <module>\n    test_check()\n  File \"/tmp/tmpgt3k2mv3.py\", line 19, in test_check\n    check(min_Jumps)\n  File \"/tmp/tmpgt3k2mv3.py\", line 14, in check\n    assert candidate((3, 4), 11) == 3.5\nAssertionError\n",
      "exit_code": 1,
      "status": "Exception"
    },
    {
      "program": "from typing import Tuple\n\ndef min_Jumps(steps: Tuple[int], d: int) -> float:\n    \"\"\"\n\tWrite a function to check for the number of jumps required of given length to reach a point of form (d, 0) from origin in a 2d plane.\n\t\"\"\"\n    if d == 0:\n        return 0\n    if d < 0:\n        return float('inf')\n    return min([1 + min_Jumps(steps, d - step) for step in steps])\n\ndef check(candidate):\n    assert candidate((3, 4), 11) == 3.5\n    assert candidate((3, 4), 0) == 0\n    assert candidate((11, 14), 11) == 1\n\ndef test_check():\n    check(min_Jumps)\n\ntest_check()\n",
      "timestamp": 1665510491,
      "stdout": "",
      "stderr": "Traceback (most recent call last):\n  File \"/tmp/tmpap8hnrdl.py\", line 21, in <module>\n    test_check()\n  File \"/tmp/tmpap8hnrdl.py\", line 19, in test_check\n    check(min_Jumps)\n  File \"/tmp/tmpap8hnrdl.py\", line 14, in check\n    assert candidate((3, 4), 11) == 3.5\nAssertionError\n",
      "exit_code": 1,
      "status": "Exception"
    },
    {
      "program": "from typing import Tuple\n\ndef min_Jumps(steps: Tuple[int], d: int) -> float:\n    \"\"\"\n\tWrite a function to check for the number of jumps required of given length to reach a point of form (d, 0) from origin in a 2d plane.\n\t\"\"\"\n    # Write your code here\n    # print(steps)\n    # print(d)\n    # print(len(steps))\n    # print(type(steps))\n    # print(type(d))\n    # print(type(len(steps)))\n    # print(type(steps[0]))\n    # print(type(steps[1]))\n    # print(type(steps[2]))\n    # print(type(steps[3]))\n    # print(type(steps[4]))\n    # print(type(steps[5]))\n    # print(type(steps[6]))\n    # print(type(steps[7]))\n    # print(type(steps[8]))\n    # print(type(steps[9]))\n    # print(type(steps[10]))\n    # print(type(steps[11]))\n    # print(type(steps[12]))\n    # print(type(steps[13]))\n    # print(type(steps[14]))\n    # print(type(steps[15]))\n    # print(type(steps[16]))\n    # print(type(steps[17]))\n    # print(type(steps[18]))\n    # print(type(steps[19]))\n    # print(type(steps[20]))\n    # print(type(steps[21]))\n    # print(type(steps[22]))\n    # print(type(steps[23]))\n    # print(type(steps[24]))\n    # print(type(steps[25]))\n    # print(type(steps[26]))\n    # print(type(steps[27]))\n    # print(type(steps[28]))\n    # print(type(steps[29]))\n    # print(type(steps[30]))\n    # print(type(steps[31]))\n    # print(type(steps[32]))\n    # print(type(steps[33]))\n    # print(type(steps[34]))\n    # print(type(steps[35]))\n    # print(type(steps[36]))\n    # print(type(steps[\ndef check(candidate):\n    assert candidate((3, 4), 11) == 3.5\n    assert candidate((3, 4), 0) == 0\n    assert candidate((11, 14), 11) == 1\n\ndef test_check():\n    check(min_Jumps)\n\ntest_check()\n",
      "timestamp": 1666123309,
      "stdout": "",
      "stderr": "Traceback (most recent call last):\n  File \"/tmp/tmpjqldgs6x.py\", line 60, in <module>\n    test_check()\n  File \"/tmp/tmpjqldgs6x.py\", line 58, in test_check\n    check(min_Jumps)\n  File \"/tmp/tmpjqldgs6x.py\", line 53, in check\n    assert candidate((3, 4), 11) == 3.5\nAssertionError\n",
      "exit_code": 1,
      "status": "Exception"
    },
    {
      "program": "from typing import Tuple\n\ndef min_Jumps(steps: Tuple[int], d: int) -> float:\n    \"\"\"\n\tWrite a function to check for the number of jumps required of given length to reach a point of form (d, 0) from origin in a 2d plane.\n\t\"\"\"\n    jumps = 0\n    for step in steps:\n        jumps += math.ceil(step / d)\n    return jumps\n\ndef check(candidate):\n    assert candidate((3, 4), 11) == 3.5\n    assert candidate((3, 4), 0) == 0\n    assert candidate((11, 14), 11) == 1\n\ndef test_check():\n    check(min_Jumps)\n\ntest_check()\n",
      "timestamp": 1666123309,
      "stdout": "",
      "stderr": "Traceback (most recent call last):\n  File \"/tmp/tmpouabv2wr.py\", line 20, in <module>\n    test_check()\n  File \"/tmp/tmpouabv2wr.py\", line 18, in test_check\n    check(min_Jumps)\n  File \"/tmp/tmpouabv2wr.py\", line 13, in check\n    assert candidate((3, 4), 11) == 3.5\n  File \"/tmp/tmpouabv2wr.py\", line 9, in min_Jumps\n    jumps += math.ceil(step / d)\nNameError: name 'math' is not defined\n",
      "exit_code": 1,
      "status": "Exception"
    },
    {
      "program": "from typing import Tuple\n\ndef min_Jumps(steps: Tuple[int], d: int) -> float:\n    \"\"\"\n\tWrite a function to check for the number of jumps required of given length to reach a point of form (d, 0) from origin in a 2d plane.\n\t\"\"\"\n    if d == 0:\n        return 0\n    if d < 0:\n        return float('inf')\n    return 1 + min(min_Jumps(steps, d - step) for step in steps)\n\ndef check(candidate):\n    assert candidate((3, 4), 11) == 3.5\n    assert candidate((3, 4), 0) == 0\n    assert candidate((11, 14), 11) == 1\n\ndef test_check():\n    check(min_Jumps)\n\ntest_check()\n",
      "timestamp": 1665510491,
      "stdout": "",
      "stderr": "Traceback (most recent call last):\n  File \"/tmp/tmps7ue1ps1.py\", line 21, in <module>\n    test_check()\n  File \"/tmp/tmps7ue1ps1.py\", line 19, in test_check\n    check(min_Jumps)\n  File \"/tmp/tmps7ue1ps1.py\", line 14, in check\n    assert candidate((3, 4), 11) == 3.5\nAssertionError\n",
      "exit_code": 1,
      "status": "Exception"
    },
    {
      "program": "from typing import Tuple\n\ndef min_Jumps(steps: Tuple[int], d: int) -> float:\n    \"\"\"\n\tWrite a function to check for the number of jumps required of given length to reach a point of form (d, 0) from origin in a 2d plane.\n\t\"\"\"\n    jumps = 0\n    for step in steps:\n        jumps += math.ceil(d / step)\n    return jumps\n\ndef check(candidate):\n    assert candidate((3, 4), 11) == 3.5\n    assert candidate((3, 4), 0) == 0\n    assert candidate((11, 14), 11) == 1\n\ndef test_check():\n    check(min_Jumps)\n\ntest_check()\n",
      "timestamp": 1665510491,
      "stdout": "",
      "stderr": "Traceback (most recent call last):\n  File \"/tmp/tmpxhzofz0n.py\", line 20, in <module>\n    test_check()\n  File \"/tmp/tmpxhzofz0n.py\", line 18, in test_check\n    check(min_Jumps)\n  File \"/tmp/tmpxhzofz0n.py\", line 13, in check\n    assert candidate((3, 4), 11) == 3.5\n  File \"/tmp/tmpxhzofz0n.py\", line 9, in min_Jumps\n    jumps += math.ceil(d / step)\nNameError: name 'math' is not defined\n",
      "exit_code": 1,
      "status": "Exception"
    },
    {
      "program": "from typing import Tuple\n\ndef min_Jumps(steps: Tuple[int], d: int) -> float:\n    \"\"\"\n\tWrite a function to check for the number of jumps required of given length to reach a point of form (d, 0) from origin in a 2d plane.\n\t\"\"\"\n    # If the destination is less than the first step, then it is not possible to reach the destination.\n    if d < steps[0]:\n        return -1\n    # If the destination is equal to the first step, then it is possible to reach the destination in one jump.\n    if d == steps[0]:\n        return 1\n    # Initialize the number of jumps to 0.\n    jumps = 0\n    # Initialize the current position to 0.\n    current_position = 0\n    # Iterate through the steps.\n    for step in steps:\n        # If the current position is less than the destination, then increment the current position by the step.\n        if current_position < d:\n            current_position += step\n            # Increment the number of jumps.\n            jumps += 1\n        # If the current position is equal to the destination, then return the number of jumps.\n        if current_position == d:\n            return jumps\n    # If the current position is greater than the destination, then it is not possible to reach the destination.\n    if current_position > d:\n        return -1\n\ndef check(candidate):\n    assert candidate((3, 4), 11) == 3.5\n    assert candidate((3, 4), 0) == 0\n    assert candidate((11, 14), 11) == 1\n\ndef test_check():\n    check(min_Jumps)\n\ntest_check()\n",
      "timestamp": 1666123309,
      "stdout": "",
      "stderr": "Traceback (most recent call last):\n  File \"/tmp/tmpa09t3q9e.py\", line 39, in <module>\n    test_check()\n  File \"/tmp/tmpa09t3q9e.py\", line 37, in test_check\n    check(min_Jumps)\n  File \"/tmp/tmpa09t3q9e.py\", line 32, in check\n    assert candidate((3, 4), 11) == 3.5\nAssertionError\n",
      "exit_code": 1,
      "status": "Exception"
    },
    {
      "program": "from typing import Tuple\n\ndef min_Jumps(steps: Tuple[int], d: int) -> float:\n    \"\"\"\n\tWrite a function to check for the number of jumps required of given length to reach a point of form (d, 0) from origin in a 2d plane.\n\t\"\"\"\n    if d == 0:\n        return 0\n    if d < 0:\n        return float('inf')\n    return 1 + min(min_Jumps(steps, d - step) for step in steps)\n\nprint(min_Jumps((1, 3, 5, 8, 9, 2, 6, 7, 6, 8, 9), 10))\ndef check(candidate):\n    assert candidate((3, 4), 11) == 3.5\n    assert candidate((3, 4), 0) == 0\n    assert candidate((11, 14), 11) == 1\n\ndef test_check():\n    check(min_Jumps)\n\ntest_check()\n",
      "timestamp": 1665510491,
      "stdout": "2\n",
      "stderr": "Traceback (most recent call last):\n  File \"/tmp/tmpifbnotg1.py\", line 22, in <module>\n    test_check()\n  File \"/tmp/tmpifbnotg1.py\", line 20, in test_check\n    check(min_Jumps)\n  File \"/tmp/tmpifbnotg1.py\", line 15, in check\n    assert candidate((3, 4), 11) == 3.5\nAssertionError\n",
      "exit_code": 1,
      "status": "Exception"
    },
    {
      "program": "from typing import Tuple\n\ndef min_Jumps(steps: Tuple[int], d: int) -> float:\n    \"\"\"\n\tWrite a function to check for the number of jumps required of given length to reach a point of form (d, 0) from origin in a 2d plane.\n\t\"\"\"\n    jumps = 0\n    for step in steps:\n        jumps += math.ceil(step / d)\n    return jumps\n\ndef check(candidate):\n    assert candidate((3, 4), 11) == 3.5\n    assert candidate((3, 4), 0) == 0\n    assert candidate((11, 14), 11) == 1\n\ndef test_check():\n    check(min_Jumps)\n\ntest_check()\n",
      "timestamp": 1666123309,
      "stdout": "",
      "stderr": "Traceback (most recent call last):\n  File \"/tmp/tmpouabv2wr.py\", line 20, in <module>\n    test_check()\n  File \"/tmp/tmpouabv2wr.py\", line 18, in test_check\n    check(min_Jumps)\n  File \"/tmp/tmpouabv2wr.py\", line 13, in check\n    assert candidate((3, 4), 11) == 3.5\n  File \"/tmp/tmpouabv2wr.py\", line 9, in min_Jumps\n    jumps += math.ceil(step / d)\nNameError: name 'math' is not defined\n",
      "exit_code": 1,
      "status": "Exception"
    },
    {
      "program": "from typing import Tuple\n\ndef min_Jumps(steps: Tuple[int], d: int) -> float:\n    \"\"\"\n\tWrite a function to check for the number of jumps required of given length to reach a point of form (d, 0) from origin in a 2d plane.\n\t\"\"\"\n    jumps = 0\n    curr_x = 0\n    curr_y = 0\n    for step in steps:\n        if curr_x == d:\n            break\n        if curr_x + step > d:\n            jumps += 1\n            curr_x = 0\n            curr_y += 1\n        else:\n            curr_x += step\n            jumps += 1\n    return jumps\n\n\ndef check(candidate):\n    assert candidate((3, 4), 11) == 3.5\n    assert candidate((3, 4), 0) == 0\n    assert candidate((11, 14), 11) == 1\n\ndef test_check():\n    check(min_Jumps)\n\ntest_check()\n",
      "timestamp": 1666123309,
      "stdout": "",
      "stderr": "Traceback (most recent call last):\n  File \"/tmp/tmplr9ot0ct.py\", line 31, in <module>\n    test_check()\n  File \"/tmp/tmplr9ot0ct.py\", line 29, in test_check\n    check(min_Jumps)\n  File \"/tmp/tmplr9ot0ct.py\", line 24, in check\n    assert candidate((3, 4), 11) == 3.5\nAssertionError\n",
      "exit_code": 1,
      "status": "Exception"
    },
    {
      "program": "from typing import Tuple\n\ndef min_Jumps(steps: Tuple[int], d: int) -> float:\n    \"\"\"\n\tWrite a function to check for the number of jumps required of given length to reach a point of form (d, 0) from origin in a 2d plane.\n\t\"\"\"\n    if d == 0:\n        return 0\n    if d < 0:\n        return float('inf')\n    return 1 + min(min_Jumps(steps, d - step) for step in steps)\n\ndef check(candidate):\n    assert candidate((3, 4), 11) == 3.5\n    assert candidate((3, 4), 0) == 0\n    assert candidate((11, 14), 11) == 1\n\ndef test_check():\n    check(min_Jumps)\n\ntest_check()\n",
      "timestamp": 1665510491,
      "stdout": "",
      "stderr": "Traceback (most recent call last):\n  File \"/tmp/tmps7ue1ps1.py\", line 21, in <module>\n    test_check()\n  File \"/tmp/tmps7ue1ps1.py\", line 19, in test_check\n    check(min_Jumps)\n  File \"/tmp/tmps7ue1ps1.py\", line 14, in check\n    assert candidate((3, 4), 11) == 3.5\nAssertionError\n",
      "exit_code": 1,
      "status": "Exception"
    },
    {
      "program": "from typing import Tuple\n\ndef min_Jumps(steps: Tuple[int], d: int) -> float:\n    \"\"\"\n\tWrite a function to check for the number of jumps required of given length to reach a point of form (d, 0) from origin in a 2d plane.\n\t\"\"\"\n    if d == 0:\n        return 0\n    if d < 0:\n        return float('inf')\n    return 1 + min(min_Jumps(steps, d - step) for step in steps)\n\ndef check(candidate):\n    assert candidate((3, 4), 11) == 3.5\n    assert candidate((3, 4), 0) == 0\n    assert candidate((11, 14), 11) == 1\n\ndef test_check():\n    check(min_Jumps)\n\ntest_check()\n",
      "timestamp": 1665510491,
      "stdout": "",
      "stderr": "Traceback (most recent call last):\n  File \"/tmp/tmps7ue1ps1.py\", line 21, in <module>\n    test_check()\n  File \"/tmp/tmps7ue1ps1.py\", line 19, in test_check\n    check(min_Jumps)\n  File \"/tmp/tmps7ue1ps1.py\", line 14, in check\n    assert candidate((3, 4), 11) == 3.5\nAssertionError\n",
      "exit_code": 1,
      "status": "Exception"
    },
    {
      "program": "from typing import Tuple\n\ndef min_Jumps(steps: Tuple[int], d: int) -> float:\n    \"\"\"\n\tWrite a function to check for the number of jumps required of given length to reach a point of form (d, 0) from origin in a 2d plane.\n\t\"\"\"\n    if d == 0:\n        return 0\n    if d < 0:\n        return float('inf')\n    return 1 + min(min_Jumps(steps, d - step) for step in steps)\n\ndef check(candidate):\n    assert candidate((3, 4), 11) == 3.5\n    assert candidate((3, 4), 0) == 0\n    assert candidate((11, 14), 11) == 1\n\ndef test_check():\n    check(min_Jumps)\n\ntest_check()\n",
      "timestamp": 1665510491,
      "stdout": "",
      "stderr": "Traceback (most recent call last):\n  File \"/tmp/tmps7ue1ps1.py\", line 21, in <module>\n    test_check()\n  File \"/tmp/tmps7ue1ps1.py\", line 19, in test_check\n    check(min_Jumps)\n  File \"/tmp/tmps7ue1ps1.py\", line 14, in check\n    assert candidate((3, 4), 11) == 3.5\nAssertionError\n",
      "exit_code": 1,
      "status": "Exception"
    },
    {
      "program": "from typing import Tuple\n\ndef min_Jumps(steps: Tuple[int], d: int) -> float:\n    \"\"\"\n\tWrite a function to check for the number of jumps required of given length to reach a point of form (d, 0) from origin in a 2d plane.\n\t\"\"\"\n    if d == 0:\n        return 0\n    if d < 0:\n        return float('inf')\n    return 1 + min(min_Jumps(steps, d - s) for s in steps)\n\ndef check(candidate):\n    assert candidate((3, 4), 11) == 3.5\n    assert candidate((3, 4), 0) == 0\n    assert candidate((11, 14), 11) == 1\n\ndef test_check():\n    check(min_Jumps)\n\ntest_check()\n",
      "timestamp": 1666123309,
      "stdout": "",
      "stderr": "Traceback (most recent call last):\n  File \"/tmp/tmpkl9a_jx1.py\", line 21, in <module>\n    test_check()\n  File \"/tmp/tmpkl9a_jx1.py\", line 19, in test_check\n    check(min_Jumps)\n  File \"/tmp/tmpkl9a_jx1.py\", line 14, in check\n    assert candidate((3, 4), 11) == 3.5\nAssertionError\n",
      "exit_code": 1,
      "status": "Exception"
    },
    {
      "program": "from typing import Tuple\n\ndef min_Jumps(steps: Tuple[int], d: int) -> float:\n    \"\"\"\n\tWrite a function to check for the number of jumps required of given length to reach a point of form (d, 0) from origin in a 2d plane.\n\t\"\"\"\n    if d == 0:\n        return 0\n    if d < 0:\n        return float('inf')\n    return 1 + min(min_Jumps(steps, d - step) for step in steps)\n\ndef check(candidate):\n    assert candidate((3, 4), 11) == 3.5\n    assert candidate((3, 4), 0) == 0\n    assert candidate((11, 14), 11) == 1\n\ndef test_check():\n    check(min_Jumps)\n\ntest_check()\n",
      "timestamp": 1665510491,
      "stdout": "",
      "stderr": "Traceback (most recent call last):\n  File \"/tmp/tmps7ue1ps1.py\", line 21, in <module>\n    test_check()\n  File \"/tmp/tmps7ue1ps1.py\", line 19, in test_check\n    check(min_Jumps)\n  File \"/tmp/tmps7ue1ps1.py\", line 14, in check\n    assert candidate((3, 4), 11) == 3.5\nAssertionError\n",
      "exit_code": 1,
      "status": "Exception"
    },
    {
      "program": "from typing import Tuple\n\ndef min_Jumps(steps: Tuple[int], d: int) -> float:\n    \"\"\"\n\tWrite a function to check for the number of jumps required of given length to reach a point of form (d, 0) from origin in a 2d plane.\n\t\"\"\"\n    if d == 0:\n        return 0\n    if d < 0:\n        return float('inf')\n    return min(1 + min_Jumps(steps, d - s) for s in steps)\n\nprint(min_Jumps((1, 3, 5, 8, 9, 2, 6, 7, 6, 8, 9), 10))\ndef check(candidate):\n    assert candidate((3, 4), 11) == 3.5\n    assert candidate((3, 4), 0) == 0\n    assert candidate((11, 14), 11) == 1\n\ndef test_check():\n    check(min_Jumps)\n\ntest_check()\n",
      "timestamp": 1666123309,
      "stdout": "2\n",
      "stderr": "Traceback (most recent call last):\n  File \"/tmp/tmpqzt95p2n.py\", line 22, in <module>\n    test_check()\n  File \"/tmp/tmpqzt95p2n.py\", line 20, in test_check\n    check(min_Jumps)\n  File \"/tmp/tmpqzt95p2n.py\", line 15, in check\n    assert candidate((3, 4), 11) == 3.5\nAssertionError\n",
      "exit_code": 1,
      "status": "Exception"
    },
    {
      "program": "from typing import Tuple\n\ndef min_Jumps(steps: Tuple[int], d: int) -> float:\n    \"\"\"\n\tWrite a function to check for the number of jumps required of given length to reach a point of form (d, 0) from origin in a 2d plane.\n\t\"\"\"\n    n = len(steps)\n    dp = [0] * (d + 1)\n    dp[0] = 1\n    for i in range(1, d + 1):\n        for j in range(n):\n            if i - steps[j] >= 0:\n                dp[i] += dp[i - steps[j]]\n    return dp[d]\n\n\ndef check(candidate):\n    assert candidate((3, 4), 11) == 3.5\n    assert candidate((3, 4), 0) == 0\n    assert candidate((11, 14), 11) == 1\n\ndef test_check():\n    check(min_Jumps)\n\ntest_check()\n",
      "timestamp": 1666123309,
      "stdout": "",
      "stderr": "Traceback (most recent call last):\n  File \"/tmp/tmpc9s10bab.py\", line 25, in <module>\n    test_check()\n  File \"/tmp/tmpc9s10bab.py\", line 23, in test_check\n    check(min_Jumps)\n  File \"/tmp/tmpc9s10bab.py\", line 18, in check\n    assert candidate((3, 4), 11) == 3.5\nAssertionError\n",
      "exit_code": 1,
      "status": "Exception"
    },
    {
      "program": "from typing import Tuple\n\ndef min_Jumps(steps: Tuple[int], d: int) -> float:\n    \"\"\"\n\tWrite a function to check for the number of jumps required of given length to reach a point of form (d, 0) from origin in a 2d plane.\n\t\"\"\"\n    if d == 0:\n        return 0\n    if d < 0:\n        return float('inf')\n    min_jumps = float('inf')\n    for step in steps:\n        min_jumps = min(min_jumps, 1 + min_Jumps(steps, d - step))\n    return min_jumps\n\ndef check(candidate):\n    assert candidate((3, 4), 11) == 3.5\n    assert candidate((3, 4), 0) == 0\n    assert candidate((11, 14), 11) == 1\n\ndef test_check():\n    check(min_Jumps)\n\ntest_check()\n",
      "timestamp": 1665510491,
      "stdout": "",
      "stderr": "Traceback (most recent call last):\n  File \"/tmp/tmpov7ibbr_.py\", line 24, in <module>\n    test_check()\n  File \"/tmp/tmpov7ibbr_.py\", line 22, in test_check\n    check(min_Jumps)\n  File \"/tmp/tmpov7ibbr_.py\", line 17, in check\n    assert candidate((3, 4), 11) == 3.5\nAssertionError\n",
      "exit_code": 1,
      "status": "Exception"
    },
    {
      "program": "from typing import Tuple\n\ndef min_Jumps(steps: Tuple[int], d: int) -> float:\n    \"\"\"\n\tWrite a function to check for the number of jumps required of given length to reach a point of form (d, 0) from origin in a 2d plane.\n\t\"\"\"\n    if d == 0:\n        return 0\n    if d < 0:\n        return float('inf')\n    return min([min_Jumps(steps, d - step) for step in steps]) + 1\n\n\ndef check(candidate):\n    assert candidate((3, 4), 11) == 3.5\n    assert candidate((3, 4), 0) == 0\n    assert candidate((11, 14), 11) == 1\n\ndef test_check():\n    check(min_Jumps)\n\ntest_check()\n",
      "timestamp": 1666123309,
      "stdout": "",
      "stderr": "Traceback (most recent call last):\n  File \"/tmp/tmp90jfg14s.py\", line 22, in <module>\n    test_check()\n  File \"/tmp/tmp90jfg14s.py\", line 20, in test_check\n    check(min_Jumps)\n  File \"/tmp/tmp90jfg14s.py\", line 15, in check\n    assert candidate((3, 4), 11) == 3.5\nAssertionError\n",
      "exit_code": 1,
      "status": "Exception"
    },
    {
      "program": "from typing import Tuple\n\ndef min_Jumps(steps: Tuple[int], d: int) -> float:\n    \"\"\"\n\tWrite a function to check for the number of jumps required of given length to reach a point of form (d, 0) from origin in a 2d plane.\n\t\"\"\"\n    if d == 0:\n        return 0\n    if d < 0:\n        return float('inf')\n    return min(min_Jumps(steps, d-step) for step in steps) + 1\n\ndef check(candidate):\n    assert candidate((3, 4), 11) == 3.5\n    assert candidate((3, 4), 0) == 0\n    assert candidate((11, 14), 11) == 1\n\ndef test_check():\n    check(min_Jumps)\n\ntest_check()\n",
      "timestamp": 1666123309,
      "stdout": "",
      "stderr": "Traceback (most recent call last):\n  File \"/tmp/tmpcr0qrsq3.py\", line 21, in <module>\n    test_check()\n  File \"/tmp/tmpcr0qrsq3.py\", line 19, in test_check\n    check(min_Jumps)\n  File \"/tmp/tmpcr0qrsq3.py\", line 14, in check\n    assert candidate((3, 4), 11) == 3.5\nAssertionError\n",
      "exit_code": 1,
      "status": "Exception"
    },
    {
      "program": "from typing import Tuple\n\ndef min_Jumps(steps: Tuple[int], d: int) -> float:\n    \"\"\"\n\tWrite a function to check for the number of jumps required of given length to reach a point of form (d, 0) from origin in a 2d plane.\n\t\"\"\"\n    if d == 0:\n        return 0\n    if d < 0:\n        return float('inf')\n    min_jumps = float('inf')\n    for step in steps:\n        min_jumps = min(min_jumps, 1 + min_Jumps(steps, d - step))\n    return min_jumps\n\ndef check(candidate):\n    assert candidate((3, 4), 11) == 3.5\n    assert candidate((3, 4), 0) == 0\n    assert candidate((11, 14), 11) == 1\n\ndef test_check():\n    check(min_Jumps)\n\ntest_check()\n",
      "timestamp": 1665510491,
      "stdout": "",
      "stderr": "Traceback (most recent call last):\n  File \"/tmp/tmpov7ibbr_.py\", line 24, in <module>\n    test_check()\n  File \"/tmp/tmpov7ibbr_.py\", line 22, in test_check\n    check(min_Jumps)\n  File \"/tmp/tmpov7ibbr_.py\", line 17, in check\n    assert candidate((3, 4), 11) == 3.5\nAssertionError\n",
      "exit_code": 1,
      "status": "Exception"
    },
    {
      "program": "from typing import Tuple\n\ndef min_Jumps(steps: Tuple[int], d: int) -> float:\n    \"\"\"\n\tWrite a function to check for the number of jumps required of given length to reach a point of form (d, 0) from origin in a 2d plane.\n\t\"\"\"\n    if d == 0:\n        return 0\n    if d < 0:\n        return float('inf')\n    return 1 + min(min_Jumps(steps, d - step) for step in steps)\n\ndef check(candidate):\n    assert candidate((3, 4), 11) == 3.5\n    assert candidate((3, 4), 0) == 0\n    assert candidate((11, 14), 11) == 1\n\ndef test_check():\n    check(min_Jumps)\n\ntest_check()\n",
      "timestamp": 1665510491,
      "stdout": "",
      "stderr": "Traceback (most recent call last):\n  File \"/tmp/tmps7ue1ps1.py\", line 21, in <module>\n    test_check()\n  File \"/tmp/tmps7ue1ps1.py\", line 19, in test_check\n    check(min_Jumps)\n  File \"/tmp/tmps7ue1ps1.py\", line 14, in check\n    assert candidate((3, 4), 11) == 3.5\nAssertionError\n",
      "exit_code": 1,
      "status": "Exception"
    },
    {
      "program": "from typing import Tuple\n\ndef min_Jumps(steps: Tuple[int], d: int) -> float:\n    \"\"\"\n\tWrite a function to check for the number of jumps required of given length to reach a point of form (d, 0) from origin in a 2d plane.\n\t\"\"\"\n    jumps = 0\n    for step in steps:\n        jumps += math.ceil(d / step)\n    return jumps\n\ndef check(candidate):\n    assert candidate((3, 4), 11) == 3.5\n    assert candidate((3, 4), 0) == 0\n    assert candidate((11, 14), 11) == 1\n\ndef test_check():\n    check(min_Jumps)\n\ntest_check()\n",
      "timestamp": 1665510491,
      "stdout": "",
      "stderr": "Traceback (most recent call last):\n  File \"/tmp/tmpxhzofz0n.py\", line 20, in <module>\n    test_check()\n  File \"/tmp/tmpxhzofz0n.py\", line 18, in test_check\n    check(min_Jumps)\n  File \"/tmp/tmpxhzofz0n.py\", line 13, in check\n    assert candidate((3, 4), 11) == 3.5\n  File \"/tmp/tmpxhzofz0n.py\", line 9, in min_Jumps\n    jumps += math.ceil(d / step)\nNameError: name 'math' is not defined\n",
      "exit_code": 1,
      "status": "Exception"
    },
    {
      "program": "from typing import Tuple\n\ndef min_Jumps(steps: Tuple[int], d: int) -> float:\n    \"\"\"\n\tWrite a function to check for the number of jumps required of given length to reach a point of form (d, 0) from origin in a 2d plane.\n\t\"\"\"\n    jumps = 0\n    for step in steps:\n        jumps += ceil(d / step)\n    return jumps\n\ndef check(candidate):\n    assert candidate((3, 4), 11) == 3.5\n    assert candidate((3, 4), 0) == 0\n    assert candidate((11, 14), 11) == 1\n\ndef test_check():\n    check(min_Jumps)\n\ntest_check()\n",
      "timestamp": 1666123309,
      "stdout": "",
      "stderr": "Traceback (most recent call last):\n  File \"/tmp/tmpcwajf2am.py\", line 20, in <module>\n    test_check()\n  File \"/tmp/tmpcwajf2am.py\", line 18, in test_check\n    check(min_Jumps)\n  File \"/tmp/tmpcwajf2am.py\", line 13, in check\n    assert candidate((3, 4), 11) == 3.5\n  File \"/tmp/tmpcwajf2am.py\", line 9, in min_Jumps\n    jumps += ceil(d / step)\nNameError: name 'ceil' is not defined\n",
      "exit_code": 1,
      "status": "Exception"
    },
    {
      "program": "from typing import Tuple\n\ndef min_Jumps(steps: Tuple[int], d: int) -> float:\n    \"\"\"\n\tWrite a function to check for the number of jumps required of given length to reach a point of form (d, 0) from origin in a 2d plane.\n\t\"\"\"\n    if d == 0:\n        return 0\n    if d < 0:\n        return float('inf')\n    return 1 + min(min_Jumps(steps, d - s) for s in steps)\n\ndef check(candidate):\n    assert candidate((3, 4), 11) == 3.5\n    assert candidate((3, 4), 0) == 0\n    assert candidate((11, 14), 11) == 1\n\ndef test_check():\n    check(min_Jumps)\n\ntest_check()\n",
      "timestamp": 1666123309,
      "stdout": "",
      "stderr": "Traceback (most recent call last):\n  File \"/tmp/tmpkl9a_jx1.py\", line 21, in <module>\n    test_check()\n  File \"/tmp/tmpkl9a_jx1.py\", line 19, in test_check\n    check(min_Jumps)\n  File \"/tmp/tmpkl9a_jx1.py\", line 14, in check\n    assert candidate((3, 4), 11) == 3.5\nAssertionError\n",
      "exit_code": 1,
      "status": "Exception"
    },
    {
      "program": "from typing import Tuple\n\ndef min_Jumps(steps: Tuple[int], d: int) -> float:\n    \"\"\"\n\tWrite a function to check for the number of jumps required of given length to reach a point of form (d, 0) from origin in a 2d plane.\n\t\"\"\"\n    jumps = 0\n    for step in steps:\n        jumps += math.ceil(step / d)\n    return jumps\n\ndef check(candidate):\n    assert candidate((3, 4), 11) == 3.5\n    assert candidate((3, 4), 0) == 0\n    assert candidate((11, 14), 11) == 1\n\ndef test_check():\n    check(min_Jumps)\n\ntest_check()\n",
      "timestamp": 1666123309,
      "stdout": "",
      "stderr": "Traceback (most recent call last):\n  File \"/tmp/tmpouabv2wr.py\", line 20, in <module>\n    test_check()\n  File \"/tmp/tmpouabv2wr.py\", line 18, in test_check\n    check(min_Jumps)\n  File \"/tmp/tmpouabv2wr.py\", line 13, in check\n    assert candidate((3, 4), 11) == 3.5\n  File \"/tmp/tmpouabv2wr.py\", line 9, in min_Jumps\n    jumps += math.ceil(step / d)\nNameError: name 'math' is not defined\n",
      "exit_code": 1,
      "status": "Exception"
    },
    {
      "program": "from typing import Tuple\n\ndef min_Jumps(steps: Tuple[int], d: int) -> float:\n    \"\"\"\n\tWrite a function to check for the number of jumps required of given length to reach a point of form (d, 0) from origin in a 2d plane.\n\t\"\"\"\n    if d == 0:\n        return 0\n    if d < 0:\n        return float('inf')\n    return 1 + min(min_Jumps(steps, d - step) for step in steps)\n\nprint(min_Jumps((1, 3, 5, 8, 9, 2, 6, 7, 6, 8, 9), 10))\ndef check(candidate):\n    assert candidate((3, 4), 11) == 3.5\n    assert candidate((3, 4), 0) == 0\n    assert candidate((11, 14), 11) == 1\n\ndef test_check():\n    check(min_Jumps)\n\ntest_check()\n",
      "timestamp": 1665510491,
      "stdout": "2\n",
      "stderr": "Traceback (most recent call last):\n  File \"/tmp/tmpifbnotg1.py\", line 22, in <module>\n    test_check()\n  File \"/tmp/tmpifbnotg1.py\", line 20, in test_check\n    check(min_Jumps)\n  File \"/tmp/tmpifbnotg1.py\", line 15, in check\n    assert candidate((3, 4), 11) == 3.5\nAssertionError\n",
      "exit_code": 1,
      "status": "Exception"
    },
    {
      "program": "from typing import Tuple\n\ndef min_Jumps(steps: Tuple[int], d: int) -> float:\n    \"\"\"\n\tWrite a function to check for the number of jumps required of given length to reach a point of form (d, 0) from origin in a 2d plane.\n\t\"\"\"\n    if d == 0:\n        return 0\n    if d < 0:\n        return float('inf')\n    return 1 + min(min_Jumps(steps, d - step) for step in steps)\n\ndef check(candidate):\n    assert candidate((3, 4), 11) == 3.5\n    assert candidate((3, 4), 0) == 0\n    assert candidate((11, 14), 11) == 1\n\ndef test_check():\n    check(min_Jumps)\n\ntest_check()\n",
      "timestamp": 1665510491,
      "stdout": "",
      "stderr": "Traceback (most recent call last):\n  File \"/tmp/tmps7ue1ps1.py\", line 21, in <module>\n    test_check()\n  File \"/tmp/tmps7ue1ps1.py\", line 19, in test_check\n    check(min_Jumps)\n  File \"/tmp/tmps7ue1ps1.py\", line 14, in check\n    assert candidate((3, 4), 11) == 3.5\nAssertionError\n",
      "exit_code": 1,
      "status": "Exception"
    },
    {
      "program": "from typing import Tuple\n\ndef min_Jumps(steps: Tuple[int], d: int) -> float:\n    \"\"\"\n\tWrite a function to check for the number of jumps required of given length to reach a point of form (d, 0) from origin in a 2d plane.\n\t\"\"\"\n    if d == 0:\n        return 0\n    if d < 0:\n        return float('inf')\n    min_jumps = float('inf')\n    for step in steps:\n        min_jumps = min(min_jumps, 1 + min_Jumps(steps, d - step))\n    return min_jumps\n\ndef check(candidate):\n    assert candidate((3, 4), 11) == 3.5\n    assert candidate((3, 4), 0) == 0\n    assert candidate((11, 14), 11) == 1\n\ndef test_check():\n    check(min_Jumps)\n\ntest_check()\n",
      "timestamp": 1665510491,
      "stdout": "",
      "stderr": "Traceback (most recent call last):\n  File \"/tmp/tmpov7ibbr_.py\", line 24, in <module>\n    test_check()\n  File \"/tmp/tmpov7ibbr_.py\", line 22, in test_check\n    check(min_Jumps)\n  File \"/tmp/tmpov7ibbr_.py\", line 17, in check\n    assert candidate((3, 4), 11) == 3.5\nAssertionError\n",
      "exit_code": 1,
      "status": "Exception"
    },
    {
      "program": "from typing import Tuple\n\ndef min_Jumps(steps: Tuple[int], d: int) -> float:\n    \"\"\"\n\tWrite a function to check for the number of jumps required of given length to reach a point of form (d, 0) from origin in a 2d plane.\n\t\"\"\"\n    if d == 0:\n        return 0\n    if d < 0:\n        return float('inf')\n    min_jumps = float('inf')\n    for step in steps:\n        min_jumps = min(min_jumps, min_Jumps(steps, d - step) + 1)\n    return min_jumps\n\ndef check(candidate):\n    assert candidate((3, 4), 11) == 3.5\n    assert candidate((3, 4), 0) == 0\n    assert candidate((11, 14), 11) == 1\n\ndef test_check():\n    check(min_Jumps)\n\ntest_check()\n",
      "timestamp": 1666123309,
      "stdout": "",
      "stderr": "Traceback (most recent call last):\n  File \"/tmp/tmpfomzqjse.py\", line 24, in <module>\n    test_check()\n  File \"/tmp/tmpfomzqjse.py\", line 22, in test_check\n    check(min_Jumps)\n  File \"/tmp/tmpfomzqjse.py\", line 17, in check\n    assert candidate((3, 4), 11) == 3.5\nAssertionError\n",
      "exit_code": 1,
      "status": "Exception"
    },
    {
      "program": "from typing import Tuple\n\ndef min_Jumps(steps: Tuple[int], d: int) -> float:\n    \"\"\"\n\tWrite a function to check for the number of jumps required of given length to reach a point of form (d, 0) from origin in a 2d plane.\n\t\"\"\"\n    if d == 0:\n        return 0\n    if d < 0:\n        return float('inf')\n    return min(min_Jumps(steps, d - step) for step in steps) + 1\n\ndef check(candidate):\n    assert candidate((3, 4), 11) == 3.5\n    assert candidate((3, 4), 0) == 0\n    assert candidate((11, 14), 11) == 1\n\ndef test_check():\n    check(min_Jumps)\n\ntest_check()\n",
      "timestamp": 1666123309,
      "stdout": "",
      "stderr": "Traceback (most recent call last):\n  File \"/tmp/tmp4wuaoo6s.py\", line 21, in <module>\n    test_check()\n  File \"/tmp/tmp4wuaoo6s.py\", line 19, in test_check\n    check(min_Jumps)\n  File \"/tmp/tmp4wuaoo6s.py\", line 14, in check\n    assert candidate((3, 4), 11) == 3.5\nAssertionError\n",
      "exit_code": 1,
      "status": "Exception"
    },
    {
      "program": "from typing import Tuple\n\ndef min_Jumps(steps: Tuple[int], d: int) -> float:\n    \"\"\"\n\tWrite a function to check for the number of jumps required of given length to reach a point of form (d, 0) from origin in a 2d plane.\n\t\"\"\"\n    # if d is 0, return 0\n    if d == 0:\n        return 0\n    # if d is less than 0, return -1\n    if d < 0:\n        return -1\n    # initialize jumps to 0\n    jumps = 0\n    # loop through the steps\n    for step in steps:\n        # increment jumps\n        jumps += 1\n        # subtract the step from d\n        d -= step\n        # if d is 0, return jumps\n        if d == 0:\n            return jumps\n        # if d is less than 0, return -1\n        if d < 0:\n            return -1\n    # return -1\n    return -1\n\ndef check(candidate):\n    assert candidate((3, 4), 11) == 3.5\n    assert candidate((3, 4), 0) == 0\n    assert candidate((11, 14), 11) == 1\n\ndef test_check():\n    check(min_Jumps)\n\ntest_check()\n",
      "timestamp": 1666123309,
      "stdout": "",
      "stderr": "Traceback (most recent call last):\n  File \"/tmp/tmppippbevn.py\", line 38, in <module>\n    test_check()\n  File \"/tmp/tmppippbevn.py\", line 36, in test_check\n    check(min_Jumps)\n  File \"/tmp/tmppippbevn.py\", line 31, in check\n    assert candidate((3, 4), 11) == 3.5\nAssertionError\n",
      "exit_code": 1,
      "status": "Exception"
    },
    {
      "program": "from typing import Tuple\n\ndef min_Jumps(steps: Tuple[int], d: int) -> float:\n    \"\"\"\n\tWrite a function to check for the number of jumps required of given length to reach a point of form (d, 0) from origin in a 2d plane.\n\t\"\"\"\n    if d == 0:\n        return 0\n    if d < 0:\n        return float('inf')\n    return 1 + min(min_Jumps(steps, d - step) for step in steps)\n\ndef check(candidate):\n    assert candidate((3, 4), 11) == 3.5\n    assert candidate((3, 4), 0) == 0\n    assert candidate((11, 14), 11) == 1\n\ndef test_check():\n    check(min_Jumps)\n\ntest_check()\n",
      "timestamp": 1665510491,
      "stdout": "",
      "stderr": "Traceback (most recent call last):\n  File \"/tmp/tmps7ue1ps1.py\", line 21, in <module>\n    test_check()\n  File \"/tmp/tmps7ue1ps1.py\", line 19, in test_check\n    check(min_Jumps)\n  File \"/tmp/tmps7ue1ps1.py\", line 14, in check\n    assert candidate((3, 4), 11) == 3.5\nAssertionError\n",
      "exit_code": 1,
      "status": "Exception"
    },
    {
      "program": "from typing import Tuple\n\ndef min_Jumps(steps: Tuple[int], d: int) -> float:\n    \"\"\"\n\tWrite a function to check for the number of jumps required of given length to reach a point of form (d, 0) from origin in a 2d plane.\n\t\"\"\"\n    if d == 0:\n        return 0\n    if d < 0:\n        return float('inf')\n    return 1 + min(min_Jumps(steps, d - step) for step in steps)\n\nprint(min_Jumps((1, 2, 3), 5))\ndef check(candidate):\n    assert candidate((3, 4), 11) == 3.5\n    assert candidate((3, 4), 0) == 0\n    assert candidate((11, 14), 11) == 1\n\ndef test_check():\n    check(min_Jumps)\n\ntest_check()\n",
      "timestamp": 1665510491,
      "stdout": "2\n",
      "stderr": "Traceback (most recent call last):\n  File \"/tmp/tmprec7a1bu.py\", line 22, in <module>\n    test_check()\n  File \"/tmp/tmprec7a1bu.py\", line 20, in test_check\n    check(min_Jumps)\n  File \"/tmp/tmprec7a1bu.py\", line 15, in check\n    assert candidate((3, 4), 11) == 3.5\nAssertionError\n",
      "exit_code": 1,
      "status": "Exception"
    },
    {
      "program": "from typing import Tuple\n\ndef min_Jumps(steps: Tuple[int], d: int) -> float:\n    \"\"\"\n\tWrite a function to check for the number of jumps required of given length to reach a point of form (d, 0) from origin in a 2d plane.\n\t\"\"\"\n    if d == 0:\n        return 0\n    if d < 0:\n        return float('inf')\n    min_jumps = float('inf')\n    for step in steps:\n        min_jumps = min(min_jumps, 1 + min_Jumps(steps, d - step))\n    return min_jumps\n\ndef check(candidate):\n    assert candidate((3, 4), 11) == 3.5\n    assert candidate((3, 4), 0) == 0\n    assert candidate((11, 14), 11) == 1\n\ndef test_check():\n    check(min_Jumps)\n\ntest_check()\n",
      "timestamp": 1665510491,
      "stdout": "",
      "stderr": "Traceback (most recent call last):\n  File \"/tmp/tmpov7ibbr_.py\", line 24, in <module>\n    test_check()\n  File \"/tmp/tmpov7ibbr_.py\", line 22, in test_check\n    check(min_Jumps)\n  File \"/tmp/tmpov7ibbr_.py\", line 17, in check\n    assert candidate((3, 4), 11) == 3.5\nAssertionError\n",
      "exit_code": 1,
      "status": "Exception"
    },
    {
      "program": "from typing import Tuple\n\ndef min_Jumps(steps: Tuple[int], d: int) -> float:\n    \"\"\"\n\tWrite a function to check for the number of jumps required of given length to reach a point of form (d, 0) from origin in a 2d plane.\n\t\"\"\"\n    if d == 0:\n        return 0\n    if d < 0:\n        return float('inf')\n    return 1 + min(min_Jumps(steps, d - step) for step in steps)\n\ndef check(candidate):\n    assert candidate((3, 4), 11) == 3.5\n    assert candidate((3, 4), 0) == 0\n    assert candidate((11, 14), 11) == 1\n\ndef test_check():\n    check(min_Jumps)\n\ntest_check()\n",
      "timestamp": 1665510491,
      "stdout": "",
      "stderr": "Traceback (most recent call last):\n  File \"/tmp/tmps7ue1ps1.py\", line 21, in <module>\n    test_check()\n  File \"/tmp/tmps7ue1ps1.py\", line 19, in test_check\n    check(min_Jumps)\n  File \"/tmp/tmps7ue1ps1.py\", line 14, in check\n    assert candidate((3, 4), 11) == 3.5\nAssertionError\n",
      "exit_code": 1,
      "status": "Exception"
    },
    {
      "program": "from typing import Tuple\n\ndef min_Jumps(steps: Tuple[int], d: int) -> float:\n    \"\"\"\n\tWrite a function to check for the number of jumps required of given length to reach a point of form (d, 0) from origin in a 2d plane.\n\t\"\"\"\n    jumps = 0\n    for step in steps:\n        if step == 0:\n            return float('inf')\n        jumps += ceil(d / step)\n    return jumps\n\ndef check(candidate):\n    assert candidate((3, 4), 11) == 3.5\n    assert candidate((3, 4), 0) == 0\n    assert candidate((11, 14), 11) == 1\n\ndef test_check():\n    check(min_Jumps)\n\ntest_check()\n",
      "timestamp": 1666123309,
      "stdout": "",
      "stderr": "Traceback (most recent call last):\n  File \"/tmp/tmp7qng5ttx.py\", line 22, in <module>\n    test_check()\n  File \"/tmp/tmp7qng5ttx.py\", line 20, in test_check\n    check(min_Jumps)\n  File \"/tmp/tmp7qng5ttx.py\", line 15, in check\n    assert candidate((3, 4), 11) == 3.5\n  File \"/tmp/tmp7qng5ttx.py\", line 11, in min_Jumps\n    jumps += ceil(d / step)\nNameError: name 'ceil' is not defined\n",
      "exit_code": 1,
      "status": "Exception"
    },
    {
      "program": "from typing import Tuple\n\ndef min_Jumps(steps: Tuple[int], d: int) -> float:\n    \"\"\"\n\tWrite a function to check for the number of jumps required of given length to reach a point of form (d, 0) from origin in a 2d plane.\n\t\"\"\"\n    x, y = 0, 0\n    jumps = 0\n    for step in steps:\n        if step == 0:\n            return -1\n        x += step\n        y += step\n        if x >= d:\n            jumps += 1\n            x = 0\n        elif y >= d:\n            jumps += 1\n            y = 0\n    return jumps\n\ndef check(candidate):\n    assert candidate((3, 4), 11) == 3.5\n    assert candidate((3, 4), 0) == 0\n    assert candidate((11, 14), 11) == 1\n\ndef test_check():\n    check(min_Jumps)\n\ntest_check()\n",
      "timestamp": 1666123309,
      "stdout": "",
      "stderr": "Traceback (most recent call last):\n  File \"/tmp/tmpc1mhx6b2.py\", line 30, in <module>\n    test_check()\n  File \"/tmp/tmpc1mhx6b2.py\", line 28, in test_check\n    check(min_Jumps)\n  File \"/tmp/tmpc1mhx6b2.py\", line 23, in check\n    assert candidate((3, 4), 11) == 3.5\nAssertionError\n",
      "exit_code": 1,
      "status": "Exception"
    },
    {
      "program": "from typing import Tuple\n\ndef min_Jumps(steps: Tuple[int], d: int) -> float:\n    \"\"\"\n\tWrite a function to check for the number of jumps required of given length to reach a point of form (d, 0) from origin in a 2d plane.\n\t\"\"\"\n    if d == 0:\n        return 0\n    if d < 0:\n        return float('inf')\n    return 1 + min(min_Jumps(steps, d - step) for step in steps)\n\ndef check(candidate):\n    assert candidate((3, 4), 11) == 3.5\n    assert candidate((3, 4), 0) == 0\n    assert candidate((11, 14), 11) == 1\n\ndef test_check():\n    check(min_Jumps)\n\ntest_check()\n",
      "timestamp": 1665510491,
      "stdout": "",
      "stderr": "Traceback (most recent call last):\n  File \"/tmp/tmps7ue1ps1.py\", line 21, in <module>\n    test_check()\n  File \"/tmp/tmps7ue1ps1.py\", line 19, in test_check\n    check(min_Jumps)\n  File \"/tmp/tmps7ue1ps1.py\", line 14, in check\n    assert candidate((3, 4), 11) == 3.5\nAssertionError\n",
      "exit_code": 1,
      "status": "Exception"
    },
    {
      "program": "from typing import Tuple\n\ndef min_Jumps(steps: Tuple[int], d: int) -> float:\n    \"\"\"\n\tWrite a function to check for the number of jumps required of given length to reach a point of form (d, 0) from origin in a 2d plane.\n\t\"\"\"\n    if d == 0:\n        return 0\n    if d < 0:\n        return float('inf')\n    return 1 + min(min_Jumps(steps, d - step) for step in steps)\n\ndef check(candidate):\n    assert candidate((3, 4), 11) == 3.5\n    assert candidate((3, 4), 0) == 0\n    assert candidate((11, 14), 11) == 1\n\ndef test_check():\n    check(min_Jumps)\n\ntest_check()\n",
      "timestamp": 1665510491,
      "stdout": "",
      "stderr": "Traceback (most recent call last):\n  File \"/tmp/tmps7ue1ps1.py\", line 21, in <module>\n    test_check()\n  File \"/tmp/tmps7ue1ps1.py\", line 19, in test_check\n    check(min_Jumps)\n  File \"/tmp/tmps7ue1ps1.py\", line 14, in check\n    assert candidate((3, 4), 11) == 3.5\nAssertionError\n",
      "exit_code": 1,
      "status": "Exception"
    },
    {
      "program": "from typing import Tuple\n\ndef min_Jumps(steps: Tuple[int], d: int) -> float:\n    \"\"\"\n\tWrite a function to check for the number of jumps required of given length to reach a point of form (d, 0) from origin in a 2d plane.\n\t\"\"\"\n    if d == 0:\n        return 0\n    if d < 0:\n        return float('inf')\n    return 1 + min(min_Jumps(steps, d - step) for step in steps)\n\ndef check(candidate):\n    assert candidate((3, 4), 11) == 3.5\n    assert candidate((3, 4), 0) == 0\n    assert candidate((11, 14), 11) == 1\n\ndef test_check():\n    check(min_Jumps)\n\ntest_check()\n",
      "timestamp": 1665510491,
      "stdout": "",
      "stderr": "Traceback (most recent call last):\n  File \"/tmp/tmps7ue1ps1.py\", line 21, in <module>\n    test_check()\n  File \"/tmp/tmps7ue1ps1.py\", line 19, in test_check\n    check(min_Jumps)\n  File \"/tmp/tmps7ue1ps1.py\", line 14, in check\n    assert candidate((3, 4), 11) == 3.5\nAssertionError\n",
      "exit_code": 1,
      "status": "Exception"
    },
    {
      "program": "from typing import Tuple\n\ndef min_Jumps(steps: Tuple[int], d: int) -> float:\n    \"\"\"\n\tWrite a function to check for the number of jumps required of given length to reach a point of form (d, 0) from origin in a 2d plane.\n\t\"\"\"\n    # Write your code here\n    # return the number of jumps required\n    # return 0.0\n    pass\n\ndef check(candidate):\n    assert candidate((3, 4), 11) == 3.5\n    assert candidate((3, 4), 0) == 0\n    assert candidate((11, 14), 11) == 1\n\ndef test_check():\n    check(min_Jumps)\n\ntest_check()\n",
      "timestamp": 1666123309,
      "stdout": "",
      "stderr": "Traceback (most recent call last):\n  File \"/tmp/tmpgk5bb86p.py\", line 20, in <module>\n    test_check()\n  File \"/tmp/tmpgk5bb86p.py\", line 18, in test_check\n    check(min_Jumps)\n  File \"/tmp/tmpgk5bb86p.py\", line 13, in check\n    assert candidate((3, 4), 11) == 3.5\nAssertionError\n",
      "exit_code": 1,
      "status": "Exception"
    },
    {
      "program": "from typing import Tuple\n\ndef min_Jumps(steps: Tuple[int], d: int) -> float:\n    \"\"\"\n\tWrite a function to check for the number of jumps required of given length to reach a point of form (d, 0) from origin in a 2d plane.\n\t\"\"\"\n    n = len(steps)\n    dp = [0] * (d + 1)\n    dp[0] = 1\n    for i in range(1, d + 1):\n        for j in range(n):\n            if i - steps[j] >= 0:\n                dp[i] += dp[i - steps[j]]\n    return dp[d]\n\ndef check(candidate):\n    assert candidate((3, 4), 11) == 3.5\n    assert candidate((3, 4), 0) == 0\n    assert candidate((11, 14), 11) == 1\n\ndef test_check():\n    check(min_Jumps)\n\ntest_check()\n",
      "timestamp": 1666123309,
      "stdout": "",
      "stderr": "Traceback (most recent call last):\n  File \"/tmp/tmp7o4ony01.py\", line 24, in <module>\n    test_check()\n  File \"/tmp/tmp7o4ony01.py\", line 22, in test_check\n    check(min_Jumps)\n  File \"/tmp/tmp7o4ony01.py\", line 17, in check\n    assert candidate((3, 4), 11) == 3.5\nAssertionError\n",
      "exit_code": 1,
      "status": "Exception"
    },
    {
      "program": "from typing import Tuple\n\ndef min_Jumps(steps: Tuple[int], d: int) -> float:\n    \"\"\"\n\tWrite a function to check for the number of jumps required of given length to reach a point of form (d, 0) from origin in a 2d plane.\n\t\"\"\"\n    jumps = 0\n    for step in steps:\n        jumps += ceil(d / step)\n    return jumps\n\ndef check(candidate):\n    assert candidate((3, 4), 11) == 3.5\n    assert candidate((3, 4), 0) == 0\n    assert candidate((11, 14), 11) == 1\n\ndef test_check():\n    check(min_Jumps)\n\ntest_check()\n",
      "timestamp": 1666123309,
      "stdout": "",
      "stderr": "Traceback (most recent call last):\n  File \"/tmp/tmpcwajf2am.py\", line 20, in <module>\n    test_check()\n  File \"/tmp/tmpcwajf2am.py\", line 18, in test_check\n    check(min_Jumps)\n  File \"/tmp/tmpcwajf2am.py\", line 13, in check\n    assert candidate((3, 4), 11) == 3.5\n  File \"/tmp/tmpcwajf2am.py\", line 9, in min_Jumps\n    jumps += ceil(d / step)\nNameError: name 'ceil' is not defined\n",
      "exit_code": 1,
      "status": "Exception"
    },
    {
      "program": "from typing import Tuple\n\ndef min_Jumps(steps: Tuple[int], d: int) -> float:\n    \"\"\"\n\tWrite a function to check for the number of jumps required of given length to reach a point of form (d, 0) from origin in a 2d plane.\n\t\"\"\"\n    return math.ceil(d / max(steps))\ndef check(candidate):\n    assert candidate((3, 4), 11) == 3.5\n    assert candidate((3, 4), 0) == 0\n    assert candidate((11, 14), 11) == 1\n\ndef test_check():\n    check(min_Jumps)\n\ntest_check()\n",
      "timestamp": 1666123309,
      "stdout": "",
      "stderr": "Traceback (most recent call last):\n  File \"/tmp/tmp3gxfy5c1.py\", line 16, in <module>\n    test_check()\n  File \"/tmp/tmp3gxfy5c1.py\", line 14, in test_check\n    check(min_Jumps)\n  File \"/tmp/tmp3gxfy5c1.py\", line 9, in check\n    assert candidate((3, 4), 11) == 3.5\n  File \"/tmp/tmp3gxfy5c1.py\", line 7, in min_Jumps\n    return math.ceil(d / max(steps))\nNameError: name 'math' is not defined\n",
      "exit_code": 1,
      "status": "Exception"
    },
    {
      "program": "from typing import Tuple\n\ndef min_Jumps(steps: Tuple[int], d: int) -> float:\n    \"\"\"\n\tWrite a function to check for the number of jumps required of given length to reach a point of form (d, 0) from origin in a 2d plane.\n\t\"\"\"\n    if d == 0:\n        return 0\n    if d < 0:\n        return float('inf')\n    return 1 + min(min_Jumps(steps, d - step) for step in steps)\n\nprint(min_Jumps((1, 3, 5, 8, 9, 2, 6, 7, 6, 8, 9), 10))\ndef check(candidate):\n    assert candidate((3, 4), 11) == 3.5\n    assert candidate((3, 4), 0) == 0\n    assert candidate((11, 14), 11) == 1\n\ndef test_check():\n    check(min_Jumps)\n\ntest_check()\n",
      "timestamp": 1665510491,
      "stdout": "2\n",
      "stderr": "Traceback (most recent call last):\n  File \"/tmp/tmpifbnotg1.py\", line 22, in <module>\n    test_check()\n  File \"/tmp/tmpifbnotg1.py\", line 20, in test_check\n    check(min_Jumps)\n  File \"/tmp/tmpifbnotg1.py\", line 15, in check\n    assert candidate((3, 4), 11) == 3.5\nAssertionError\n",
      "exit_code": 1,
      "status": "Exception"
    },
    {
      "program": "from typing import Tuple\n\ndef min_Jumps(steps: Tuple[int], d: int) -> float:\n    \"\"\"\n\tWrite a function to check for the number of jumps required of given length to reach a point of form (d, 0) from origin in a 2d plane.\n\t\"\"\"\n    if d == 0:\n        return 0\n    if d < 0:\n        return float('inf')\n    return min(1 + min_Jumps(steps, d - step) for step in steps)\n\nprint(min_Jumps((1, 3, 5, 8, 9, 2, 6, 7, 6, 8, 9), 10))\ndef check(candidate):\n    assert candidate((3, 4), 11) == 3.5\n    assert candidate((3, 4), 0) == 0\n    assert candidate((11, 14), 11) == 1\n\ndef test_check():\n    check(min_Jumps)\n\ntest_check()\n",
      "timestamp": 1666123309,
      "stdout": "2\n",
      "stderr": "Traceback (most recent call last):\n  File \"/tmp/tmp2573pbxg.py\", line 22, in <module>\n    test_check()\n  File \"/tmp/tmp2573pbxg.py\", line 20, in test_check\n    check(min_Jumps)\n  File \"/tmp/tmp2573pbxg.py\", line 15, in check\n    assert candidate((3, 4), 11) == 3.5\nAssertionError\n",
      "exit_code": 1,
      "status": "Exception"
    },
    {
      "program": "from typing import Tuple\n\ndef min_Jumps(steps: Tuple[int], d: int) -> float:\n    \"\"\"\n\tWrite a function to check for the number of jumps required of given length to reach a point of form (d, 0) from origin in a 2d plane.\n\t\"\"\"\n    if d == 0:\n        return 0\n    if d < 0:\n        return float('inf')\n    return 1 + min(min_Jumps(steps, d - step) for step in steps)\n\ndef check(candidate):\n    assert candidate((3, 4), 11) == 3.5\n    assert candidate((3, 4), 0) == 0\n    assert candidate((11, 14), 11) == 1\n\ndef test_check():\n    check(min_Jumps)\n\ntest_check()\n",
      "timestamp": 1665510491,
      "stdout": "",
      "stderr": "Traceback (most recent call last):\n  File \"/tmp/tmps7ue1ps1.py\", line 21, in <module>\n    test_check()\n  File \"/tmp/tmps7ue1ps1.py\", line 19, in test_check\n    check(min_Jumps)\n  File \"/tmp/tmps7ue1ps1.py\", line 14, in check\n    assert candidate((3, 4), 11) == 3.5\nAssertionError\n",
      "exit_code": 1,
      "status": "Exception"
    },
    {
      "program": "from typing import Tuple\n\ndef min_Jumps(steps: Tuple[int], d: int) -> float:\n    \"\"\"\n\tWrite a function to check for the number of jumps required of given length to reach a point of form (d, 0) from origin in a 2d plane.\n\t\"\"\"\n    if d == 0:\n        return 0\n    if d < 0:\n        return float('inf')\n    jumps = float('inf')\n    for step in steps:\n        jumps = min(jumps, 1 + min_Jumps(steps, d - step))\n    return jumps\n\ndef check(candidate):\n    assert candidate((3, 4), 11) == 3.5\n    assert candidate((3, 4), 0) == 0\n    assert candidate((11, 14), 11) == 1\n\ndef test_check():\n    check(min_Jumps)\n\ntest_check()\n",
      "timestamp": 1666123309,
      "stdout": "",
      "stderr": "Traceback (most recent call last):\n  File \"/tmp/tmph6006jzf.py\", line 24, in <module>\n    test_check()\n  File \"/tmp/tmph6006jzf.py\", line 22, in test_check\n    check(min_Jumps)\n  File \"/tmp/tmph6006jzf.py\", line 17, in check\n    assert candidate((3, 4), 11) == 3.5\nAssertionError\n",
      "exit_code": 1,
      "status": "Exception"
    },
    {
      "program": "from typing import Tuple\n\ndef min_Jumps(steps: Tuple[int], d: int) -> float:\n    \"\"\"\n\tWrite a function to check for the number of jumps required of given length to reach a point of form (d, 0) from origin in a 2d plane.\n\t\"\"\"\n    if d == 0:\n        return 0\n    if d < 0:\n        return float('inf')\n    return 1 + min(min_Jumps(steps, d - step) for step in steps)\n\ndef check(candidate):\n    assert candidate((3, 4), 11) == 3.5\n    assert candidate((3, 4), 0) == 0\n    assert candidate((11, 14), 11) == 1\n\ndef test_check():\n    check(min_Jumps)\n\ntest_check()\n",
      "timestamp": 1665510491,
      "stdout": "",
      "stderr": "Traceback (most recent call last):\n  File \"/tmp/tmps7ue1ps1.py\", line 21, in <module>\n    test_check()\n  File \"/tmp/tmps7ue1ps1.py\", line 19, in test_check\n    check(min_Jumps)\n  File \"/tmp/tmps7ue1ps1.py\", line 14, in check\n    assert candidate((3, 4), 11) == 3.5\nAssertionError\n",
      "exit_code": 1,
      "status": "Exception"
    },
    {
      "program": "from typing import Tuple\n\ndef min_Jumps(steps: Tuple[int], d: int) -> float:\n    \"\"\"\n\tWrite a function to check for the number of jumps required of given length to reach a point of form (d, 0) from origin in a 2d plane.\n\t\"\"\"\n    if d == 0:\n        return 0\n    if d < 0:\n        return float('inf')\n    return 1 + min(min_Jumps(steps, d - step) for step in steps)\n\ndef check(candidate):\n    assert candidate((3, 4), 11) == 3.5\n    assert candidate((3, 4), 0) == 0\n    assert candidate((11, 14), 11) == 1\n\ndef test_check():\n    check(min_Jumps)\n\ntest_check()\n",
      "timestamp": 1665510491,
      "stdout": "",
      "stderr": "Traceback (most recent call last):\n  File \"/tmp/tmps7ue1ps1.py\", line 21, in <module>\n    test_check()\n  File \"/tmp/tmps7ue1ps1.py\", line 19, in test_check\n    check(min_Jumps)\n  File \"/tmp/tmps7ue1ps1.py\", line 14, in check\n    assert candidate((3, 4), 11) == 3.5\nAssertionError\n",
      "exit_code": 1,
      "status": "Exception"
    },
    {
      "program": "from typing import Tuple\n\ndef min_Jumps(steps: Tuple[int], d: int) -> float:\n    \"\"\"\n\tWrite a function to check for the number of jumps required of given length to reach a point of form (d, 0) from origin in a 2d plane.\n\t\"\"\"\n    if d == 0:\n        return 0\n    if d < 0:\n        return float(\"inf\")\n    return 1 + min(min_Jumps(steps, d - step) for step in steps)\n\ndef check(candidate):\n    assert candidate((3, 4), 11) == 3.5\n    assert candidate((3, 4), 0) == 0\n    assert candidate((11, 14), 11) == 1\n\ndef test_check():\n    check(min_Jumps)\n\ntest_check()\n",
      "timestamp": 1666123309,
      "stdout": "",
      "stderr": "Traceback (most recent call last):\n  File \"/tmp/tmp0o7n9n8x.py\", line 21, in <module>\n    test_check()\n  File \"/tmp/tmp0o7n9n8x.py\", line 19, in test_check\n    check(min_Jumps)\n  File \"/tmp/tmp0o7n9n8x.py\", line 14, in check\n    assert candidate((3, 4), 11) == 3.5\nAssertionError\n",
      "exit_code": 1,
      "status": "Exception"
    },
    {
      "program": "from typing import Tuple\n\ndef min_Jumps(steps: Tuple[int], d: int) -> float:\n    \"\"\"\n\tWrite a function to check for the number of jumps required of given length to reach a point of form (d, 0) from origin in a 2d plane.\n\t\"\"\"\n    if d == 0:\n        return 0\n    if d < 0:\n        return float('inf')\n    return 1 + min(min_Jumps(steps, d - step) for step in steps)\n\ndef check(candidate):\n    assert candidate((3, 4), 11) == 3.5\n    assert candidate((3, 4), 0) == 0\n    assert candidate((11, 14), 11) == 1\n\ndef test_check():\n    check(min_Jumps)\n\ntest_check()\n",
      "timestamp": 1665510491,
      "stdout": "",
      "stderr": "Traceback (most recent call last):\n  File \"/tmp/tmps7ue1ps1.py\", line 21, in <module>\n    test_check()\n  File \"/tmp/tmps7ue1ps1.py\", line 19, in test_check\n    check(min_Jumps)\n  File \"/tmp/tmps7ue1ps1.py\", line 14, in check\n    assert candidate((3, 4), 11) == 3.5\nAssertionError\n",
      "exit_code": 1,
      "status": "Exception"
    },
    {
      "program": "from typing import Tuple\n\ndef min_Jumps(steps: Tuple[int], d: int) -> float:\n    \"\"\"\n\tWrite a function to check for the number of jumps required of given length to reach a point of form (d, 0) from origin in a 2d plane.\n\t\"\"\"\n    # d = distance\n    # steps = tuple of possible steps\n    # return the minimum number of jumps required to reach the point (d, 0) from origin\n    # if not possible return -1\n    # Example:\n    # d = 5\n    # steps = (1, 2)\n    # return 3\n    # Explanation:\n    # (0, 0) -> (1, 0) -> (3, 0) -> (5, 0)\n    # (0, 0) -> (2, 0) -> (4, 0) -> (5, 0)\n    # (0, 0) -> (1, 0) -> (2, 0) -> (4, 0) -> (5, 0)\n    # (0, 0) -> (1, 0) -> (3, 0) -> (4, 0) -> (5, 0)\n    # (0, 0) -> (1, 0) -> (2, 0) -> (3, 0) -> (5, 0)\n    # (0, 0) -> (1, 0) -> (2, 0) -> (3, 0) -> (4, 0) -> (5, 0)\n    # (0, 0) -> (2, 0) -> (3, 0) -> (4, 0) -> (5, 0)\n    # (0, 0) -> (2, 0) -> (4, 0) -> (5, 0)\n    # (0, 0) -> (3, 0) -> (4, 0) -> (5, 0)\n    # (0, 0) -> (3, 0) -> (5, 0)\n    # (0, 0) -> (4, 0) -> (5, 0)\n    # (0, 0) -> (5, 0)\n    # (0, 0) -> (1, 0) -> (4, 0) -> (5, 0)\n    # (0, 0) -> (1, 0) -> (3, 0) -> (5, 0)\n    # (0, 0) -> (2, 0) -> (3, 0) -> (5, 0)\n    # (0, 0) -> (1, 0) -> (2, 0) -> (3, 0) -> (4, 0) ->\ndef check(candidate):\n    assert candidate((3, 4), 11) == 3.5\n    assert candidate((3, 4), 0) == 0\n    assert candidate((11, 14), 11) == 1\n\ndef test_check():\n    check(min_Jumps)\n\ntest_check()\n",
      "timestamp": 1666123309,
      "stdout": "",
      "stderr": "Traceback (most recent call last):\n  File \"/tmp/tmpuzpd2cwg.py\", line 40, in <module>\n    test_check()\n  File \"/tmp/tmpuzpd2cwg.py\", line 38, in test_check\n    check(min_Jumps)\n  File \"/tmp/tmpuzpd2cwg.py\", line 33, in check\n    assert candidate((3, 4), 11) == 3.5\nAssertionError\n",
      "exit_code": 1,
      "status": "Exception"
    },
    {
      "program": "from typing import Tuple\n\ndef min_Jumps(steps: Tuple[int], d: int) -> float:\n    \"\"\"\n\tWrite a function to check for the number of jumps required of given length to reach a point of form (d, 0) from origin in a 2d plane.\n\t\"\"\"\n    if d == 0:\n        return 0\n    if d < 0:\n        return float('inf')\n    return 1 + min(min_Jumps(steps, d - step) for step in steps)\n\ndef check(candidate):\n    assert candidate((3, 4), 11) == 3.5\n    assert candidate((3, 4), 0) == 0\n    assert candidate((11, 14), 11) == 1\n\ndef test_check():\n    check(min_Jumps)\n\ntest_check()\n",
      "timestamp": 1665510491,
      "stdout": "",
      "stderr": "Traceback (most recent call last):\n  File \"/tmp/tmps7ue1ps1.py\", line 21, in <module>\n    test_check()\n  File \"/tmp/tmps7ue1ps1.py\", line 19, in test_check\n    check(min_Jumps)\n  File \"/tmp/tmps7ue1ps1.py\", line 14, in check\n    assert candidate((3, 4), 11) == 3.5\nAssertionError\n",
      "exit_code": 1,
      "status": "Exception"
    },
    {
      "program": "from typing import Tuple\n\ndef min_Jumps(steps: Tuple[int], d: int) -> float:\n    \"\"\"\n\tWrite a function to check for the number of jumps required of given length to reach a point of form (d, 0) from origin in a 2d plane.\n\t\"\"\"\n    if d == 0:\n        return 0\n    if d < 0:\n        return float('inf')\n    return 1 + min(min_Jumps(steps, d - step) for step in steps)\n\ndef check(candidate):\n    assert candidate((3, 4), 11) == 3.5\n    assert candidate((3, 4), 0) == 0\n    assert candidate((11, 14), 11) == 1\n\ndef test_check():\n    check(min_Jumps)\n\ntest_check()\n",
      "timestamp": 1665510491,
      "stdout": "",
      "stderr": "Traceback (most recent call last):\n  File \"/tmp/tmps7ue1ps1.py\", line 21, in <module>\n    test_check()\n  File \"/tmp/tmps7ue1ps1.py\", line 19, in test_check\n    check(min_Jumps)\n  File \"/tmp/tmps7ue1ps1.py\", line 14, in check\n    assert candidate((3, 4), 11) == 3.5\nAssertionError\n",
      "exit_code": 1,
      "status": "Exception"
    },
    {
      "program": "from typing import Tuple\n\ndef min_Jumps(steps: Tuple[int], d: int) -> float:\n    \"\"\"\n\tWrite a function to check for the number of jumps required of given length to reach a point of form (d, 0) from origin in a 2d plane.\n\t\"\"\"\n    jumps = 0\n    for step in steps:\n        jumps += math.ceil(d / step)\n    return jumps\n\n\ndef check(candidate):\n    assert candidate((3, 4), 11) == 3.5\n    assert candidate((3, 4), 0) == 0\n    assert candidate((11, 14), 11) == 1\n\ndef test_check():\n    check(min_Jumps)\n\ntest_check()\n",
      "timestamp": 1665510491,
      "stdout": "",
      "stderr": "Traceback (most recent call last):\n  File \"/tmp/tmpuvwpivbi.py\", line 21, in <module>\n    test_check()\n  File \"/tmp/tmpuvwpivbi.py\", line 19, in test_check\n    check(min_Jumps)\n  File \"/tmp/tmpuvwpivbi.py\", line 14, in check\n    assert candidate((3, 4), 11) == 3.5\n  File \"/tmp/tmpuvwpivbi.py\", line 9, in min_Jumps\n    jumps += math.ceil(d / step)\nNameError: name 'math' is not defined\n",
      "exit_code": 1,
      "status": "Exception"
    },
    {
      "program": "from typing import Tuple\n\ndef min_Jumps(steps: Tuple[int], d: int) -> float:\n    \"\"\"\n\tWrite a function to check for the number of jumps required of given length to reach a point of form (d, 0) from origin in a 2d plane.\n\t\"\"\"\n    if d == 0:\n        return 0\n    if d < 0:\n        return float('inf')\n    return 1 + min(min_Jumps(steps, d - step) for step in steps)\n\ndef check(candidate):\n    assert candidate((3, 4), 11) == 3.5\n    assert candidate((3, 4), 0) == 0\n    assert candidate((11, 14), 11) == 1\n\ndef test_check():\n    check(min_Jumps)\n\ntest_check()\n",
      "timestamp": 1665510491,
      "stdout": "",
      "stderr": "Traceback (most recent call last):\n  File \"/tmp/tmps7ue1ps1.py\", line 21, in <module>\n    test_check()\n  File \"/tmp/tmps7ue1ps1.py\", line 19, in test_check\n    check(min_Jumps)\n  File \"/tmp/tmps7ue1ps1.py\", line 14, in check\n    assert candidate((3, 4), 11) == 3.5\nAssertionError\n",
      "exit_code": 1,
      "status": "Exception"
    },
    {
      "program": "from typing import Tuple\n\ndef min_Jumps(steps: Tuple[int], d: int) -> float:\n    \"\"\"\n\tWrite a function to check for the number of jumps required of given length to reach a point of form (d, 0) from origin in a 2d plane.\n\t\"\"\"\n    if d == 0:\n        return 0\n    if d < 0:\n        return float('inf')\n    return 1 + min(min_Jumps(steps, d - step) for step in steps)\n\nprint(min_Jumps((1, 3, 5, 8, 9, 2, 6, 7, 6, 8, 9), 10))\ndef check(candidate):\n    assert candidate((3, 4), 11) == 3.5\n    assert candidate((3, 4), 0) == 0\n    assert candidate((11, 14), 11) == 1\n\ndef test_check():\n    check(min_Jumps)\n\ntest_check()\n",
      "timestamp": 1665510491,
      "stdout": "2\n",
      "stderr": "Traceback (most recent call last):\n  File \"/tmp/tmpifbnotg1.py\", line 22, in <module>\n    test_check()\n  File \"/tmp/tmpifbnotg1.py\", line 20, in test_check\n    check(min_Jumps)\n  File \"/tmp/tmpifbnotg1.py\", line 15, in check\n    assert candidate((3, 4), 11) == 3.5\nAssertionError\n",
      "exit_code": 1,
      "status": "Exception"
    },
    {
      "program": "from typing import Tuple\n\ndef min_Jumps(steps: Tuple[int], d: int) -> float:\n    \"\"\"\n\tWrite a function to check for the number of jumps required of given length to reach a point of form (d, 0) from origin in a 2d plane.\n\t\"\"\"\n    if d == 0:\n        return 0\n    if d < 0:\n        return float('inf')\n    return 1 + min(min_Jumps(steps, d - step) for step in steps)\n\ndef check(candidate):\n    assert candidate((3, 4), 11) == 3.5\n    assert candidate((3, 4), 0) == 0\n    assert candidate((11, 14), 11) == 1\n\ndef test_check():\n    check(min_Jumps)\n\ntest_check()\n",
      "timestamp": 1665510491,
      "stdout": "",
      "stderr": "Traceback (most recent call last):\n  File \"/tmp/tmps7ue1ps1.py\", line 21, in <module>\n    test_check()\n  File \"/tmp/tmps7ue1ps1.py\", line 19, in test_check\n    check(min_Jumps)\n  File \"/tmp/tmps7ue1ps1.py\", line 14, in check\n    assert candidate((3, 4), 11) == 3.5\nAssertionError\n",
      "exit_code": 1,
      "status": "Exception"
    },
    {
      "program": "from typing import Tuple\n\ndef min_Jumps(steps: Tuple[int], d: int) -> float:\n    \"\"\"\n\tWrite a function to check for the number of jumps required of given length to reach a point of form (d, 0) from origin in a 2d plane.\n\t\"\"\"\n    if d == 0:\n        return 0\n    if d < 0:\n        return float('inf')\n    min_jumps = float('inf')\n    for step in steps:\n        min_jumps = min(min_jumps, 1 + min_Jumps(steps, d - step))\n    return min_jumps\n\ndef check(candidate):\n    assert candidate((3, 4), 11) == 3.5\n    assert candidate((3, 4), 0) == 0\n    assert candidate((11, 14), 11) == 1\n\ndef test_check():\n    check(min_Jumps)\n\ntest_check()\n",
      "timestamp": 1665510491,
      "stdout": "",
      "stderr": "Traceback (most recent call last):\n  File \"/tmp/tmpov7ibbr_.py\", line 24, in <module>\n    test_check()\n  File \"/tmp/tmpov7ibbr_.py\", line 22, in test_check\n    check(min_Jumps)\n  File \"/tmp/tmpov7ibbr_.py\", line 17, in check\n    assert candidate((3, 4), 11) == 3.5\nAssertionError\n",
      "exit_code": 1,
      "status": "Exception"
    },
    {
      "program": "from typing import Tuple\n\ndef min_Jumps(steps: Tuple[int], d: int) -> float:\n    \"\"\"\n\tWrite a function to check for the number of jumps required of given length to reach a point of form (d, 0) from origin in a 2d plane.\n\t\"\"\"\n    if d == 0:\n        return 0\n    if d < 0:\n        return float('inf')\n    min_jumps = float('inf')\n    for step in steps:\n        min_jumps = min(min_jumps, 1 + min_Jumps(steps, d - step))\n    return min_jumps\n\ndef check(candidate):\n    assert candidate((3, 4), 11) == 3.5\n    assert candidate((3, 4), 0) == 0\n    assert candidate((11, 14), 11) == 1\n\ndef test_check():\n    check(min_Jumps)\n\ntest_check()\n",
      "timestamp": 1665510491,
      "stdout": "",
      "stderr": "Traceback (most recent call last):\n  File \"/tmp/tmpov7ibbr_.py\", line 24, in <module>\n    test_check()\n  File \"/tmp/tmpov7ibbr_.py\", line 22, in test_check\n    check(min_Jumps)\n  File \"/tmp/tmpov7ibbr_.py\", line 17, in check\n    assert candidate((3, 4), 11) == 3.5\nAssertionError\n",
      "exit_code": 1,
      "status": "Exception"
    },
    {
      "program": "from typing import Tuple\n\ndef min_Jumps(steps: Tuple[int], d: int) -> float:\n    \"\"\"\n\tWrite a function to check for the number of jumps required of given length to reach a point of form (d, 0) from origin in a 2d plane.\n\t\"\"\"\n    n = len(steps)\n    dp = [0] * (d + 1)\n    dp[0] = 1\n    for i in range(1, d + 1):\n        for j in range(n):\n            if i - steps[j] >= 0:\n                dp[i] += dp[i - steps[j]]\n    return dp[d]\n\ndef check(candidate):\n    assert candidate((3, 4), 11) == 3.5\n    assert candidate((3, 4), 0) == 0\n    assert candidate((11, 14), 11) == 1\n\ndef test_check():\n    check(min_Jumps)\n\ntest_check()\n",
      "timestamp": 1666123309,
      "stdout": "",
      "stderr": "Traceback (most recent call last):\n  File \"/tmp/tmp7o4ony01.py\", line 24, in <module>\n    test_check()\n  File \"/tmp/tmp7o4ony01.py\", line 22, in test_check\n    check(min_Jumps)\n  File \"/tmp/tmp7o4ony01.py\", line 17, in check\n    assert candidate((3, 4), 11) == 3.5\nAssertionError\n",
      "exit_code": 1,
      "status": "Exception"
    },
    {
      "program": "from typing import Tuple\n\ndef min_Jumps(steps: Tuple[int], d: int) -> float:\n    \"\"\"\n\tWrite a function to check for the number of jumps required of given length to reach a point of form (d, 0) from origin in a 2d plane.\n\t\"\"\"\n    if d == 0:\n        return 0\n    if d < 0:\n        return float('inf')\n    return 1 + min(min_Jumps(steps, d-step) for step in steps)\n\ndef check(candidate):\n    assert candidate((3, 4), 11) == 3.5\n    assert candidate((3, 4), 0) == 0\n    assert candidate((11, 14), 11) == 1\n\ndef test_check():\n    check(min_Jumps)\n\ntest_check()\n",
      "timestamp": 1666123309,
      "stdout": "",
      "stderr": "Traceback (most recent call last):\n  File \"/tmp/tmpyqx7c39s.py\", line 21, in <module>\n    test_check()\n  File \"/tmp/tmpyqx7c39s.py\", line 19, in test_check\n    check(min_Jumps)\n  File \"/tmp/tmpyqx7c39s.py\", line 14, in check\n    assert candidate((3, 4), 11) == 3.5\nAssertionError\n",
      "exit_code": 1,
      "status": "Exception"
    },
    {
      "program": "from typing import Tuple\n\ndef min_Jumps(steps: Tuple[int], d: int) -> float:\n    \"\"\"\n\tWrite a function to check for the number of jumps required of given length to reach a point of form (d, 0) from origin in a 2d plane.\n\t\"\"\"\n    if d == 0:\n        return 0\n    if d < 0:\n        return float('inf')\n    min_jumps = float('inf')\n    for step in steps:\n        min_jumps = min(min_jumps, 1 + min_Jumps(steps, d - step))\n    return min_jumps\n\ndef check(candidate):\n    assert candidate((3, 4), 11) == 3.5\n    assert candidate((3, 4), 0) == 0\n    assert candidate((11, 14), 11) == 1\n\ndef test_check():\n    check(min_Jumps)\n\ntest_check()\n",
      "timestamp": 1665510491,
      "stdout": "",
      "stderr": "Traceback (most recent call last):\n  File \"/tmp/tmpov7ibbr_.py\", line 24, in <module>\n    test_check()\n  File \"/tmp/tmpov7ibbr_.py\", line 22, in test_check\n    check(min_Jumps)\n  File \"/tmp/tmpov7ibbr_.py\", line 17, in check\n    assert candidate((3, 4), 11) == 3.5\nAssertionError\n",
      "exit_code": 1,
      "status": "Exception"
    },
    {
      "program": "from typing import Tuple\n\ndef min_Jumps(steps: Tuple[int], d: int) -> float:\n    \"\"\"\n\tWrite a function to check for the number of jumps required of given length to reach a point of form (d, 0) from origin in a 2d plane.\n\t\"\"\"\n    if d == 0:\n        return 0\n    if d < 0:\n        return float('inf')\n    return 1 + min(min_Jumps(steps, d-s) for s in steps)\n\ndef check(candidate):\n    assert candidate((3, 4), 11) == 3.5\n    assert candidate((3, 4), 0) == 0\n    assert candidate((11, 14), 11) == 1\n\ndef test_check():\n    check(min_Jumps)\n\ntest_check()\n",
      "timestamp": 1666123309,
      "stdout": "",
      "stderr": "Traceback (most recent call last):\n  File \"/tmp/tmp5b2cy5w2.py\", line 21, in <module>\n    test_check()\n  File \"/tmp/tmp5b2cy5w2.py\", line 19, in test_check\n    check(min_Jumps)\n  File \"/tmp/tmp5b2cy5w2.py\", line 14, in check\n    assert candidate((3, 4), 11) == 3.5\nAssertionError\n",
      "exit_code": 1,
      "status": "Exception"
    },
    {
      "program": "from typing import Tuple\n\ndef min_Jumps(steps: Tuple[int], d: int) -> float:\n    \"\"\"\n\tWrite a function to check for the number of jumps required of given length to reach a point of form (d, 0) from origin in a 2d plane.\n\t\"\"\"\n    if d == 0:\n        return 0\n    if d < 0:\n        return float('inf')\n    return 1 + min(min_Jumps(steps, d - step) for step in steps)\n\ndef check(candidate):\n    assert candidate((3, 4), 11) == 3.5\n    assert candidate((3, 4), 0) == 0\n    assert candidate((11, 14), 11) == 1\n\ndef test_check():\n    check(min_Jumps)\n\ntest_check()\n",
      "timestamp": 1665510491,
      "stdout": "",
      "stderr": "Traceback (most recent call last):\n  File \"/tmp/tmps7ue1ps1.py\", line 21, in <module>\n    test_check()\n  File \"/tmp/tmps7ue1ps1.py\", line 19, in test_check\n    check(min_Jumps)\n  File \"/tmp/tmps7ue1ps1.py\", line 14, in check\n    assert candidate((3, 4), 11) == 3.5\nAssertionError\n",
      "exit_code": 1,
      "status": "Exception"
    },
    {
      "program": "from typing import Tuple\n\ndef min_Jumps(steps: Tuple[int], d: int) -> float:\n    \"\"\"\n\tWrite a function to check for the number of jumps required of given length to reach a point of form (d, 0) from origin in a 2d plane.\n\t\"\"\"\n    if d == 0:\n        return 0\n    if d < 0:\n        return float(\"inf\")\n    min_jumps = float(\"inf\")\n    for step in steps:\n        min_jumps = min(min_jumps, 1 + min_Jumps(steps, d - step))\n    return min_jumps\n\n\ndef check(candidate):\n    assert candidate((3, 4), 11) == 3.5\n    assert candidate((3, 4), 0) == 0\n    assert candidate((11, 14), 11) == 1\n\ndef test_check():\n    check(min_Jumps)\n\ntest_check()\n",
      "timestamp": 1666123309,
      "stdout": "",
      "stderr": "Traceback (most recent call last):\n  File \"/tmp/tmpdqd54ync.py\", line 25, in <module>\n    test_check()\n  File \"/tmp/tmpdqd54ync.py\", line 23, in test_check\n    check(min_Jumps)\n  File \"/tmp/tmpdqd54ync.py\", line 18, in check\n    assert candidate((3, 4), 11) == 3.5\nAssertionError\n",
      "exit_code": 1,
      "status": "Exception"
    },
    {
      "program": "from typing import Tuple\n\ndef min_Jumps(steps: Tuple[int], d: int) -> float:\n    \"\"\"\n\tWrite a function to check for the number of jumps required of given length to reach a point of form (d, 0) from origin in a 2d plane.\n\t\"\"\"\n    if d == 0:\n        return 0\n    if d < 0:\n        return float('inf')\n    return min(min_Jumps(steps, d - step) for step in steps) + 1\n\ndef check(candidate):\n    assert candidate((3, 4), 11) == 3.5\n    assert candidate((3, 4), 0) == 0\n    assert candidate((11, 14), 11) == 1\n\ndef test_check():\n    check(min_Jumps)\n\ntest_check()\n",
      "timestamp": 1666123309,
      "stdout": "",
      "stderr": "Traceback (most recent call last):\n  File \"/tmp/tmp4wuaoo6s.py\", line 21, in <module>\n    test_check()\n  File \"/tmp/tmp4wuaoo6s.py\", line 19, in test_check\n    check(min_Jumps)\n  File \"/tmp/tmp4wuaoo6s.py\", line 14, in check\n    assert candidate((3, 4), 11) == 3.5\nAssertionError\n",
      "exit_code": 1,
      "status": "Exception"
    },
    {
      "program": "from typing import Tuple\n\ndef min_Jumps(steps: Tuple[int], d: int) -> float:\n    \"\"\"\n\tWrite a function to check for the number of jumps required of given length to reach a point of form (d, 0) from origin in a 2d plane.\n\t\"\"\"\n    if d == 0:\n        return 0\n    if d < 0:\n        return float('inf')\n    min_jumps = float('inf')\n    for step in steps:\n        min_jumps = min(min_jumps, 1 + min_Jumps(steps, d - step))\n    return min_jumps\n\n\ndef check(candidate):\n    assert candidate((3, 4), 11) == 3.5\n    assert candidate((3, 4), 0) == 0\n    assert candidate((11, 14), 11) == 1\n\ndef test_check():\n    check(min_Jumps)\n\ntest_check()\n",
      "timestamp": 1666123309,
      "stdout": "",
      "stderr": "Traceback (most recent call last):\n  File \"/tmp/tmpkobi0iq4.py\", line 25, in <module>\n    test_check()\n  File \"/tmp/tmpkobi0iq4.py\", line 23, in test_check\n    check(min_Jumps)\n  File \"/tmp/tmpkobi0iq4.py\", line 18, in check\n    assert candidate((3, 4), 11) == 3.5\nAssertionError\n",
      "exit_code": 1,
      "status": "Exception"
    },
    {
      "program": "from typing import Tuple\n\ndef min_Jumps(steps: Tuple[int], d: int) -> float:\n    \"\"\"\n\tWrite a function to check for the number of jumps required of given length to reach a point of form (d, 0) from origin in a 2d plane.\n\t\"\"\"\n    if d == 0:\n        return 0\n    if d < 0:\n        return float('inf')\n    min_jumps = float('inf')\n    for step in steps:\n        min_jumps = min(min_jumps, min_Jumps(steps, d-step))\n    return min_jumps + 1\n\ndef check(candidate):\n    assert candidate((3, 4), 11) == 3.5\n    assert candidate((3, 4), 0) == 0\n    assert candidate((11, 14), 11) == 1\n\ndef test_check():\n    check(min_Jumps)\n\ntest_check()\n",
      "timestamp": 1666123309,
      "stdout": "",
      "stderr": "Traceback (most recent call last):\n  File \"/tmp/tmpmcvu808y.py\", line 24, in <module>\n    test_check()\n  File \"/tmp/tmpmcvu808y.py\", line 22, in test_check\n    check(min_Jumps)\n  File \"/tmp/tmpmcvu808y.py\", line 17, in check\n    assert candidate((3, 4), 11) == 3.5\nAssertionError\n",
      "exit_code": 1,
      "status": "Exception"
    },
    {
      "program": "from typing import Tuple\n\ndef min_Jumps(steps: Tuple[int], d: int) -> float:\n    \"\"\"\n\tWrite a function to check for the number of jumps required of given length to reach a point of form (d, 0) from origin in a 2d plane.\n\t\"\"\"\n    if d == 0:\n        return 0\n    if d < 0:\n        return float('inf')\n    return 1 + min(min_Jumps(steps, d - step) for step in steps)\n\ndef check(candidate):\n    assert candidate((3, 4), 11) == 3.5\n    assert candidate((3, 4), 0) == 0\n    assert candidate((11, 14), 11) == 1\n\ndef test_check():\n    check(min_Jumps)\n\ntest_check()\n",
      "timestamp": 1665510491,
      "stdout": "",
      "stderr": "Traceback (most recent call last):\n  File \"/tmp/tmps7ue1ps1.py\", line 21, in <module>\n    test_check()\n  File \"/tmp/tmps7ue1ps1.py\", line 19, in test_check\n    check(min_Jumps)\n  File \"/tmp/tmps7ue1ps1.py\", line 14, in check\n    assert candidate((3, 4), 11) == 3.5\nAssertionError\n",
      "exit_code": 1,
      "status": "Exception"
    },
    {
      "program": "from typing import Tuple\n\ndef min_Jumps(steps: Tuple[int], d: int) -> float:\n    \"\"\"\n\tWrite a function to check for the number of jumps required of given length to reach a point of form (d, 0) from origin in a 2d plane.\n\t\"\"\"\n    if d == 0:\n        return 0\n    if d < 0:\n        return float('inf')\n    return min([min_Jumps(steps, d - step) for step in steps]) + 1\n\nprint(min_Jumps((1, 3, 5, 8, 9, 2, 6, 7, 6, 8, 9), 10))\ndef check(candidate):\n    assert candidate((3, 4), 11) == 3.5\n    assert candidate((3, 4), 0) == 0\n    assert candidate((11, 14), 11) == 1\n\ndef test_check():\n    check(min_Jumps)\n\ntest_check()\n",
      "timestamp": 1666123309,
      "stdout": "2\n",
      "stderr": "Traceback (most recent call last):\n  File \"/tmp/tmpa00jk36q.py\", line 22, in <module>\n    test_check()\n  File \"/tmp/tmpa00jk36q.py\", line 20, in test_check\n    check(min_Jumps)\n  File \"/tmp/tmpa00jk36q.py\", line 15, in check\n    assert candidate((3, 4), 11) == 3.5\nAssertionError\n",
      "exit_code": 1,
      "status": "Exception"
    },
    {
      "program": "from typing import Tuple\n\ndef min_Jumps(steps: Tuple[int], d: int) -> float:\n    \"\"\"\n\tWrite a function to check for the number of jumps required of given length to reach a point of form (d, 0) from origin in a 2d plane.\n\t\"\"\"\n    jumps = 0\n    for step in steps:\n        jumps += math.ceil(d / step)\n    return jumps\n\n\ndef check(candidate):\n    assert candidate((3, 4), 11) == 3.5\n    assert candidate((3, 4), 0) == 0\n    assert candidate((11, 14), 11) == 1\n\ndef test_check():\n    check(min_Jumps)\n\ntest_check()\n",
      "timestamp": 1665510491,
      "stdout": "",
      "stderr": "Traceback (most recent call last):\n  File \"/tmp/tmpuvwpivbi.py\", line 21, in <module>\n    test_check()\n  File \"/tmp/tmpuvwpivbi.py\", line 19, in test_check\n    check(min_Jumps)\n  File \"/tmp/tmpuvwpivbi.py\", line 14, in check\n    assert candidate((3, 4), 11) == 3.5\n  File \"/tmp/tmpuvwpivbi.py\", line 9, in min_Jumps\n    jumps += math.ceil(d / step)\nNameError: name 'math' is not defined\n",
      "exit_code": 1,
      "status": "Exception"
    },
    {
      "program": "from typing import Tuple\n\ndef min_Jumps(steps: Tuple[int], d: int) -> float:\n    \"\"\"\n\tWrite a function to check for the number of jumps required of given length to reach a point of form (d, 0) from origin in a 2d plane.\n\t\"\"\"\n    if d == 0:\n        return 0\n    if d < 0:\n        return float('inf')\n    return 1 + min(min_Jumps(steps, d - step) for step in steps)\n\ndef check(candidate):\n    assert candidate((3, 4), 11) == 3.5\n    assert candidate((3, 4), 0) == 0\n    assert candidate((11, 14), 11) == 1\n\ndef test_check():\n    check(min_Jumps)\n\ntest_check()\n",
      "timestamp": 1665510491,
      "stdout": "",
      "stderr": "Traceback (most recent call last):\n  File \"/tmp/tmps7ue1ps1.py\", line 21, in <module>\n    test_check()\n  File \"/tmp/tmps7ue1ps1.py\", line 19, in test_check\n    check(min_Jumps)\n  File \"/tmp/tmps7ue1ps1.py\", line 14, in check\n    assert candidate((3, 4), 11) == 3.5\nAssertionError\n",
      "exit_code": 1,
      "status": "Exception"
    },
    {
      "program": "from typing import Tuple\n\ndef min_Jumps(steps: Tuple[int], d: int) -> float:\n    \"\"\"\n\tWrite a function to check for the number of jumps required of given length to reach a point of form (d, 0) from origin in a 2d plane.\n\t\"\"\"\n    # Write your code here\n    # return 0.0\n    # return min_Jumps_recursive(steps, d, 0, 0)\n    return min_Jumps_memoized(steps, d, 0, 0, {})\n\ndef check(candidate):\n    assert candidate((3, 4), 11) == 3.5\n    assert candidate((3, 4), 0) == 0\n    assert candidate((11, 14), 11) == 1\n\ndef test_check():\n    check(min_Jumps)\n\ntest_check()\n",
      "timestamp": 1666123309,
      "stdout": "",
      "stderr": "Traceback (most recent call last):\n  File \"/tmp/tmpt4_pzt8k.py\", line 20, in <module>\n    test_check()\n  File \"/tmp/tmpt4_pzt8k.py\", line 18, in test_check\n    check(min_Jumps)\n  File \"/tmp/tmpt4_pzt8k.py\", line 13, in check\n    assert candidate((3, 4), 11) == 3.5\n  File \"/tmp/tmpt4_pzt8k.py\", line 10, in min_Jumps\n    return min_Jumps_memoized(steps, d, 0, 0, {})\nNameError: name 'min_Jumps_memoized' is not defined\n",
      "exit_code": 1,
      "status": "Exception"
    },
    {
      "program": "from typing import Tuple\n\ndef min_Jumps(steps: Tuple[int], d: int) -> float:\n    \"\"\"\n\tWrite a function to check for the number of jumps required of given length to reach a point of form (d, 0) from origin in a 2d plane.\n\t\"\"\"\n    if d == 0:\n        return 0\n    if d < 0:\n        return float('inf')\n    return 1 + min(min_Jumps(steps, d - step) for step in steps)\n\nprint(min_Jumps((1, 3, 5, 8, 9, 2, 6, 7, 6, 8, 9), 10))\ndef check(candidate):\n    assert candidate((3, 4), 11) == 3.5\n    assert candidate((3, 4), 0) == 0\n    assert candidate((11, 14), 11) == 1\n\ndef test_check():\n    check(min_Jumps)\n\ntest_check()\n",
      "timestamp": 1665510491,
      "stdout": "2\n",
      "stderr": "Traceback (most recent call last):\n  File \"/tmp/tmpifbnotg1.py\", line 22, in <module>\n    test_check()\n  File \"/tmp/tmpifbnotg1.py\", line 20, in test_check\n    check(min_Jumps)\n  File \"/tmp/tmpifbnotg1.py\", line 15, in check\n    assert candidate((3, 4), 11) == 3.5\nAssertionError\n",
      "exit_code": 1,
      "status": "Exception"
    },
    {
      "program": "from typing import Tuple\n\ndef min_Jumps(steps: Tuple[int], d: int) -> float:\n    \"\"\"\n\tWrite a function to check for the number of jumps required of given length to reach a point of form (d, 0) from origin in a 2d plane.\n\t\"\"\"\n    jumps = 0\n    for step in steps:\n        jumps += math.ceil(step / d)\n    return jumps\ndef check(candidate):\n    assert candidate((3, 4), 11) == 3.5\n    assert candidate((3, 4), 0) == 0\n    assert candidate((11, 14), 11) == 1\n\ndef test_check():\n    check(min_Jumps)\n\ntest_check()\n",
      "timestamp": 1666123309,
      "stdout": "",
      "stderr": "Traceback (most recent call last):\n  File \"/tmp/tmpryq1p6b7.py\", line 19, in <module>\n    test_check()\n  File \"/tmp/tmpryq1p6b7.py\", line 17, in test_check\n    check(min_Jumps)\n  File \"/tmp/tmpryq1p6b7.py\", line 12, in check\n    assert candidate((3, 4), 11) == 3.5\n  File \"/tmp/tmpryq1p6b7.py\", line 9, in min_Jumps\n    jumps += math.ceil(step / d)\nNameError: name 'math' is not defined\n",
      "exit_code": 1,
      "status": "Exception"
    },
    {
      "program": "from typing import Tuple\n\ndef min_Jumps(steps: Tuple[int], d: int) -> float:\n    \"\"\"\n\tWrite a function to check for the number of jumps required of given length to reach a point of form (d, 0) from origin in a 2d plane.\n\t\"\"\"\n    if d == 0:\n        return 0\n    if d < 0:\n        return float('inf')\n    return min(1 + min_Jumps(steps, d - step) for step in steps)\n\ndef check(candidate):\n    assert candidate((3, 4), 11) == 3.5\n    assert candidate((3, 4), 0) == 0\n    assert candidate((11, 14), 11) == 1\n\ndef test_check():\n    check(min_Jumps)\n\ntest_check()\n",
      "timestamp": 1666123309,
      "stdout": "",
      "stderr": "Traceback (most recent call last):\n  File \"/tmp/tmpp89_xfz3.py\", line 21, in <module>\n    test_check()\n  File \"/tmp/tmpp89_xfz3.py\", line 19, in test_check\n    check(min_Jumps)\n  File \"/tmp/tmpp89_xfz3.py\", line 14, in check\n    assert candidate((3, 4), 11) == 3.5\nAssertionError\n",
      "exit_code": 1,
      "status": "Exception"
    },
    {
      "program": "from typing import Tuple\n\ndef min_Jumps(steps: Tuple[int], d: int) -> float:\n    \"\"\"\n\tWrite a function to check for the number of jumps required of given length to reach a point of form (d, 0) from origin in a 2d plane.\n\t\"\"\"\n    jumps = 0\n    for step in steps:\n        jumps += math.ceil(step / d)\n    return jumps\n\ndef check(candidate):\n    assert candidate((3, 4), 11) == 3.5\n    assert candidate((3, 4), 0) == 0\n    assert candidate((11, 14), 11) == 1\n\ndef test_check():\n    check(min_Jumps)\n\ntest_check()\n",
      "timestamp": 1666123309,
      "stdout": "",
      "stderr": "Traceback (most recent call last):\n  File \"/tmp/tmpouabv2wr.py\", line 20, in <module>\n    test_check()\n  File \"/tmp/tmpouabv2wr.py\", line 18, in test_check\n    check(min_Jumps)\n  File \"/tmp/tmpouabv2wr.py\", line 13, in check\n    assert candidate((3, 4), 11) == 3.5\n  File \"/tmp/tmpouabv2wr.py\", line 9, in min_Jumps\n    jumps += math.ceil(step / d)\nNameError: name 'math' is not defined\n",
      "exit_code": 1,
      "status": "Exception"
    },
    {
      "program": "from typing import Tuple\n\ndef min_Jumps(steps: Tuple[int], d: int) -> float:\n    \"\"\"\n\tWrite a function to check for the number of jumps required of given length to reach a point of form (d, 0) from origin in a 2d plane.\n\t\"\"\"\n    jumps = 0\n    for step in steps:\n        jumps += math.ceil(step / d)\n    return jumps\n\ndef check(candidate):\n    assert candidate((3, 4), 11) == 3.5\n    assert candidate((3, 4), 0) == 0\n    assert candidate((11, 14), 11) == 1\n\ndef test_check():\n    check(min_Jumps)\n\ntest_check()\n",
      "timestamp": 1666123309,
      "stdout": "",
      "stderr": "Traceback (most recent call last):\n  File \"/tmp/tmpouabv2wr.py\", line 20, in <module>\n    test_check()\n  File \"/tmp/tmpouabv2wr.py\", line 18, in test_check\n    check(min_Jumps)\n  File \"/tmp/tmpouabv2wr.py\", line 13, in check\n    assert candidate((3, 4), 11) == 3.5\n  File \"/tmp/tmpouabv2wr.py\", line 9, in min_Jumps\n    jumps += math.ceil(step / d)\nNameError: name 'math' is not defined\n",
      "exit_code": 1,
      "status": "Exception"
    },
    {
      "program": "from typing import Tuple\n\ndef min_Jumps(steps: Tuple[int], d: int) -> float:\n    \"\"\"\n\tWrite a function to check for the number of jumps required of given length to reach a point of form (d, 0) from origin in a 2d plane.\n\t\"\"\"\n    if d == 0:\n        return 0\n    if d < 0:\n        return float('inf')\n    return 1 + min(min_Jumps(steps, d - step) for step in steps)\n\ndef check(candidate):\n    assert candidate((3, 4), 11) == 3.5\n    assert candidate((3, 4), 0) == 0\n    assert candidate((11, 14), 11) == 1\n\ndef test_check():\n    check(min_Jumps)\n\ntest_check()\n",
      "timestamp": 1665510491,
      "stdout": "",
      "stderr": "Traceback (most recent call last):\n  File \"/tmp/tmps7ue1ps1.py\", line 21, in <module>\n    test_check()\n  File \"/tmp/tmps7ue1ps1.py\", line 19, in test_check\n    check(min_Jumps)\n  File \"/tmp/tmps7ue1ps1.py\", line 14, in check\n    assert candidate((3, 4), 11) == 3.5\nAssertionError\n",
      "exit_code": 1,
      "status": "Exception"
    },
    {
      "program": "from typing import Tuple\n\ndef min_Jumps(steps: Tuple[int], d: int) -> float:\n    \"\"\"\n\tWrite a function to check for the number of jumps required of given length to reach a point of form (d, 0) from origin in a 2d plane.\n\t\"\"\"\n    if d == 0:\n        return 0\n    if d < 0:\n        return float('inf')\n    return 1 + min(min_Jumps(steps, d - step) for step in steps)\n\nprint(min_Jumps((1, 3, 5, 8, 9, 2, 6, 7, 6, 8, 9), 10))\ndef check(candidate):\n    assert candidate((3, 4), 11) == 3.5\n    assert candidate((3, 4), 0) == 0\n    assert candidate((11, 14), 11) == 1\n\ndef test_check():\n    check(min_Jumps)\n\ntest_check()\n",
      "timestamp": 1665510491,
      "stdout": "2\n",
      "stderr": "Traceback (most recent call last):\n  File \"/tmp/tmpifbnotg1.py\", line 22, in <module>\n    test_check()\n  File \"/tmp/tmpifbnotg1.py\", line 20, in test_check\n    check(min_Jumps)\n  File \"/tmp/tmpifbnotg1.py\", line 15, in check\n    assert candidate((3, 4), 11) == 3.5\nAssertionError\n",
      "exit_code": 1,
      "status": "Exception"
    },
    {
      "program": "from typing import Tuple\n\ndef min_Jumps(steps: Tuple[int], d: int) -> float:\n    \"\"\"\n\tWrite a function to check for the number of jumps required of given length to reach a point of form (d, 0) from origin in a 2d plane.\n\t\"\"\"\n    # Initialize the number of jumps to 0\n    jumps = 0\n    # Initialize the current position to (0, 0)\n    current_pos = (0, 0)\n    # Iterate over the steps\n    for step in steps:\n        # If the current position is (0, 0)\n        if current_pos == (0, 0):\n            # Increment the number of jumps\n            jumps += 1\n        # If the current position is not (0, 0)\n        else:\n            # If the current position is not (d, 0)\n            if current_pos != (d, 0):\n                # If the current position is not (0, 0)\n                if current_pos != (0, 0):\n                    # Increment the number of jumps\n                    jumps += 1\n        # Update the current position\n        current_pos = (current_pos[0] + step[0], current_pos[1] + step[1])\n    # If the current position is not (d, 0)\n    if current_pos != (d, 0):\n        # If the current position is not (0, 0)\n        if current_pos != (0, 0):\n            # Increment the number of jumps\n            jumps += 1\n    # Return the number of jumps\n    return jumps\n\ndef check(candidate):\n    assert candidate((3, 4), 11) == 3.5\n    assert candidate((3, 4), 0) == 0\n    assert candidate((11, 14), 11) == 1\n\ndef test_check():\n    check(min_Jumps)\n\ntest_check()\n",
      "timestamp": 1666123309,
      "stdout": "",
      "stderr": "Traceback (most recent call last):\n  File \"/tmp/tmpbgeuu5je.py\", line 44, in <module>\n    test_check()\n  File \"/tmp/tmpbgeuu5je.py\", line 42, in test_check\n    check(min_Jumps)\n  File \"/tmp/tmpbgeuu5je.py\", line 37, in check\n    assert candidate((3, 4), 11) == 3.5\n  File \"/tmp/tmpbgeuu5je.py\", line 26, in min_Jumps\n    current_pos = (current_pos[0] + step[0], current_pos[1] + step[1])\nTypeError: 'int' object is not subscriptable\n",
      "exit_code": 1,
      "status": "Exception"
    },
    {
      "program": "from typing import Tuple\n\ndef min_Jumps(steps: Tuple[int], d: int) -> float:\n    \"\"\"\n\tWrite a function to check for the number of jumps required of given length to reach a point of form (d, 0) from origin in a 2d plane.\n\t\"\"\"\n    if d == 0:\n        return 0\n    if d < 0:\n        return float('inf')\n    return 1 + min(min_Jumps(steps, d - step) for step in steps)\n\ndef check(candidate):\n    assert candidate((3, 4), 11) == 3.5\n    assert candidate((3, 4), 0) == 0\n    assert candidate((11, 14), 11) == 1\n\ndef test_check():\n    check(min_Jumps)\n\ntest_check()\n",
      "timestamp": 1665510491,
      "stdout": "",
      "stderr": "Traceback (most recent call last):\n  File \"/tmp/tmps7ue1ps1.py\", line 21, in <module>\n    test_check()\n  File \"/tmp/tmps7ue1ps1.py\", line 19, in test_check\n    check(min_Jumps)\n  File \"/tmp/tmps7ue1ps1.py\", line 14, in check\n    assert candidate((3, 4), 11) == 3.5\nAssertionError\n",
      "exit_code": 1,
      "status": "Exception"
    },
    {
      "program": "from typing import Tuple\n\ndef min_Jumps(steps: Tuple[int], d: int) -> float:\n    \"\"\"\n\tWrite a function to check for the number of jumps required of given length to reach a point of form (d, 0) from origin in a 2d plane.\n\t\"\"\"\n    if d == 0:\n        return 0\n    if d < 0:\n        return float('inf')\n    return min(min_Jumps(steps, d - step) for step in steps) + 1\n\nprint(min_Jumps((1, 3, 5, 8, 9, 2, 6, 7, 6, 8, 9), 10))\ndef check(candidate):\n    assert candidate((3, 4), 11) == 3.5\n    assert candidate((3, 4), 0) == 0\n    assert candidate((11, 14), 11) == 1\n\ndef test_check():\n    check(min_Jumps)\n\ntest_check()\n",
      "timestamp": 1666123309,
      "stdout": "2\n",
      "stderr": "Traceback (most recent call last):\n  File \"/tmp/tmp_mmecl_g.py\", line 22, in <module>\n    test_check()\n  File \"/tmp/tmp_mmecl_g.py\", line 20, in test_check\n    check(min_Jumps)\n  File \"/tmp/tmp_mmecl_g.py\", line 15, in check\n    assert candidate((3, 4), 11) == 3.5\nAssertionError\n",
      "exit_code": 1,
      "status": "Exception"
    },
    {
      "program": "from typing import Tuple\n\ndef min_Jumps(steps: Tuple[int], d: int) -> float:\n    \"\"\"\n\tWrite a function to check for the number of jumps required of given length to reach a point of form (d, 0) from origin in a 2d plane.\n\t\"\"\"\n    if d == 0:\n        return 0\n    if d < 0:\n        return float(\"inf\")\n    min_jumps = float(\"inf\")\n    for step in steps:\n        min_jumps = min(min_jumps, 1 + min_Jumps(steps, d - step))\n    return min_jumps\n\n\ndef check(candidate):\n    assert candidate((3, 4), 11) == 3.5\n    assert candidate((3, 4), 0) == 0\n    assert candidate((11, 14), 11) == 1\n\ndef test_check():\n    check(min_Jumps)\n\ntest_check()\n",
      "timestamp": 1666123309,
      "stdout": "",
      "stderr": "Traceback (most recent call last):\n  File \"/tmp/tmpdqd54ync.py\", line 25, in <module>\n    test_check()\n  File \"/tmp/tmpdqd54ync.py\", line 23, in test_check\n    check(min_Jumps)\n  File \"/tmp/tmpdqd54ync.py\", line 18, in check\n    assert candidate((3, 4), 11) == 3.5\nAssertionError\n",
      "exit_code": 1,
      "status": "Exception"
    },
    {
      "program": "from typing import Tuple\n\ndef min_Jumps(steps: Tuple[int], d: int) -> float:\n    \"\"\"\n\tWrite a function to check for the number of jumps required of given length to reach a point of form (d, 0) from origin in a 2d plane.\n\t\"\"\"\n    if d == 0:\n        return 0\n    if d < 0:\n        return float('inf')\n    return 1 + min(min_Jumps(steps, d - step) for step in steps)\n\ndef check(candidate):\n    assert candidate((3, 4), 11) == 3.5\n    assert candidate((3, 4), 0) == 0\n    assert candidate((11, 14), 11) == 1\n\ndef test_check():\n    check(min_Jumps)\n\ntest_check()\n",
      "timestamp": 1665510491,
      "stdout": "",
      "stderr": "Traceback (most recent call last):\n  File \"/tmp/tmps7ue1ps1.py\", line 21, in <module>\n    test_check()\n  File \"/tmp/tmps7ue1ps1.py\", line 19, in test_check\n    check(min_Jumps)\n  File \"/tmp/tmps7ue1ps1.py\", line 14, in check\n    assert candidate((3, 4), 11) == 3.5\nAssertionError\n",
      "exit_code": 1,
      "status": "Exception"
    },
    {
      "program": "from typing import Tuple\n\ndef min_Jumps(steps: Tuple[int], d: int) -> float:\n    \"\"\"\n\tWrite a function to check for the number of jumps required of given length to reach a point of form (d, 0) from origin in a 2d plane.\n\t\"\"\"\n    jumps = 0\n    for step in steps:\n        jumps += ceil(d / step)\n    return jumps\n\n\ndef check(candidate):\n    assert candidate((3, 4), 11) == 3.5\n    assert candidate((3, 4), 0) == 0\n    assert candidate((11, 14), 11) == 1\n\ndef test_check():\n    check(min_Jumps)\n\ntest_check()\n",
      "timestamp": 1666123309,
      "stdout": "",
      "stderr": "Traceback (most recent call last):\n  File \"/tmp/tmp_hsqoc7d.py\", line 21, in <module>\n    test_check()\n  File \"/tmp/tmp_hsqoc7d.py\", line 19, in test_check\n    check(min_Jumps)\n  File \"/tmp/tmp_hsqoc7d.py\", line 14, in check\n    assert candidate((3, 4), 11) == 3.5\n  File \"/tmp/tmp_hsqoc7d.py\", line 9, in min_Jumps\n    jumps += ceil(d / step)\nNameError: name 'ceil' is not defined\n",
      "exit_code": 1,
      "status": "Exception"
    },
    {
      "program": "from typing import Tuple\n\ndef min_Jumps(steps: Tuple[int], d: int) -> float:\n    \"\"\"\n\tWrite a function to check for the number of jumps required of given length to reach a point of form (d, 0) from origin in a 2d plane.\n\t\"\"\"\n    if d == 0:\n        return 0\n    if d < 0:\n        return float('inf')\n    min_jumps = float('inf')\n    for step in steps:\n        min_jumps = min(min_jumps, min_Jumps(steps, d - step) + 1)\n    return min_jumps\n\ndef check(candidate):\n    assert candidate((3, 4), 11) == 3.5\n    assert candidate((3, 4), 0) == 0\n    assert candidate((11, 14), 11) == 1\n\ndef test_check():\n    check(min_Jumps)\n\ntest_check()\n",
      "timestamp": 1666123309,
      "stdout": "",
      "stderr": "Traceback (most recent call last):\n  File \"/tmp/tmpfomzqjse.py\", line 24, in <module>\n    test_check()\n  File \"/tmp/tmpfomzqjse.py\", line 22, in test_check\n    check(min_Jumps)\n  File \"/tmp/tmpfomzqjse.py\", line 17, in check\n    assert candidate((3, 4), 11) == 3.5\nAssertionError\n",
      "exit_code": 1,
      "status": "Exception"
    },
    {
      "program": "from typing import Tuple\n\ndef min_Jumps(steps: Tuple[int], d: int) -> float:\n    \"\"\"\n\tWrite a function to check for the number of jumps required of given length to reach a point of form (d, 0) from origin in a 2d plane.\n\t\"\"\"\n    if d == 0:\n        return 0\n    if d < 0:\n        return float('inf')\n    return 1 + min(min_Jumps(steps, d - step) for step in steps)\n\ndef check(candidate):\n    assert candidate((3, 4), 11) == 3.5\n    assert candidate((3, 4), 0) == 0\n    assert candidate((11, 14), 11) == 1\n\ndef test_check():\n    check(min_Jumps)\n\ntest_check()\n",
      "timestamp": 1665510491,
      "stdout": "",
      "stderr": "Traceback (most recent call last):\n  File \"/tmp/tmps7ue1ps1.py\", line 21, in <module>\n    test_check()\n  File \"/tmp/tmps7ue1ps1.py\", line 19, in test_check\n    check(min_Jumps)\n  File \"/tmp/tmps7ue1ps1.py\", line 14, in check\n    assert candidate((3, 4), 11) == 3.5\nAssertionError\n",
      "exit_code": 1,
      "status": "Exception"
    },
    {
      "program": "from typing import Tuple\n\ndef min_Jumps(steps: Tuple[int], d: int) -> float:\n    \"\"\"\n\tWrite a function to check for the number of jumps required of given length to reach a point of form (d, 0) from origin in a 2d plane.\n\t\"\"\"\n    if d == 0:\n        return 0\n    if d < 0:\n        return float('inf')\n    return 1 + min(min_Jumps(steps, d - step) for step in steps)\n\ndef check(candidate):\n    assert candidate((3, 4), 11) == 3.5\n    assert candidate((3, 4), 0) == 0\n    assert candidate((11, 14), 11) == 1\n\ndef test_check():\n    check(min_Jumps)\n\ntest_check()\n",
      "timestamp": 1665510491,
      "stdout": "",
      "stderr": "Traceback (most recent call last):\n  File \"/tmp/tmps7ue1ps1.py\", line 21, in <module>\n    test_check()\n  File \"/tmp/tmps7ue1ps1.py\", line 19, in test_check\n    check(min_Jumps)\n  File \"/tmp/tmps7ue1ps1.py\", line 14, in check\n    assert candidate((3, 4), 11) == 3.5\nAssertionError\n",
      "exit_code": 1,
      "status": "Exception"
    },
    {
      "program": "from typing import Tuple\n\ndef min_Jumps(steps: Tuple[int], d: int) -> float:\n    \"\"\"\n\tWrite a function to check for the number of jumps required of given length to reach a point of form (d, 0) from origin in a 2d plane.\n\t\"\"\"\n    # Write your code here\n    # return 0.0\n    # return 0.0\n    # return 0.0\n    # return 0.0\n    # return 0.0\n    # return 0.0\n    # return 0.0\n    # return 0.0\n    # return 0.0\n    # return 0.0\n    # return 0.0\n    # return 0.0\n    # return 0.0\n    # return 0.0\n    # return 0.0\n    # return 0.0\n    # return 0.0\n    # return 0.0\n    # return 0.0\n    # return 0.0\n    # return 0.0\n    # return 0.0\n    # return 0.0\n    # return 0.0\n    # return 0.0\n    # return 0.0\n    # return 0.0\n    # return 0.0\n    # return 0.0\n    # return 0.0\n    # return 0.0\n    # return 0.0\n    # return 0.0\n    # return 0.0\n    # return 0.0\n    # return 0.0\n    # return 0.0\n    # return 0.0\n    # return 0.0\n    # return 0.0\n    # return 0.0\n    # return 0.0\n    # return 0.0\n    # return 0.0\n    # return 0.0\n    # return 0.0\n    # return 0.0\n    # return 0.0\n    # return 0.0\n    # return 0.0\n    # return 0.0\n    # return 0.0\n    # return 0.0\n    # return 0.0\n    # return 0.0\n    # return 0.0\n    # return 0.0\n    # return 0.0\n    # return 0.0\n    # return 0.0\n    # return 0.0\n    # return 0.0\n    # return 0.0\n    # return 0.0\n    # return 0.0\n    # return 0.0\n    # return 0.0\n    # return 0.0\n    # return 0.0\n    # return 0.0\n    # return 0.0\n    # return 0.0\n\ndef check(candidate):\n    assert candidate((3, 4), 11) == 3.5\n    assert candidate((3, 4), 0) == 0\n    assert candidate((11, 14), 11) == 1\n\ndef test_check():\n    check(min_Jumps)\n\ntest_check()\n",
      "timestamp": 1666123309,
      "stdout": "",
      "stderr": "Traceback (most recent call last):\n  File \"/tmp/tmpaz38azr3.py\", line 89, in <module>\n    test_check()\n  File \"/tmp/tmpaz38azr3.py\", line 87, in test_check\n    check(min_Jumps)\n  File \"/tmp/tmpaz38azr3.py\", line 82, in check\n    assert candidate((3, 4), 11) == 3.5\nAssertionError\n",
      "exit_code": 1,
      "status": "Exception"
    },
    {
      "program": "from typing import Tuple\n\ndef min_Jumps(steps: Tuple[int], d: int) -> float:\n    \"\"\"\n\tWrite a function to check for the number of jumps required of given length to reach a point of form (d, 0) from origin in a 2d plane.\n\t\"\"\"\n    jumps = 0\n    for step in steps:\n        if step > d:\n            return -1\n        if step == d:\n            return jumps + 1\n        d -= step\n        jumps += 1\n    return -1\n\nprint(min_Jumps((1, 3, 5, 8, 9, 2, 6, 7, 6, 8, 9), 10))\ndef check(candidate):\n    assert candidate((3, 4), 11) == 3.5\n    assert candidate((3, 4), 0) == 0\n    assert candidate((11, 14), 11) == 1\n\ndef test_check():\n    check(min_Jumps)\n\ntest_check()\n",
      "timestamp": 1666123309,
      "stdout": "-1\n",
      "stderr": "Traceback (most recent call last):\n  File \"/tmp/tmp57oi4f7l.py\", line 26, in <module>\n    test_check()\n  File \"/tmp/tmp57oi4f7l.py\", line 24, in test_check\n    check(min_Jumps)\n  File \"/tmp/tmp57oi4f7l.py\", line 19, in check\n    assert candidate((3, 4), 11) == 3.5\nAssertionError\n",
      "exit_code": 1,
      "status": "Exception"
    },
    {
      "program": "from typing import Tuple\n\ndef min_Jumps(steps: Tuple[int], d: int) -> float:\n    \"\"\"\n\tWrite a function to check for the number of jumps required of given length to reach a point of form (d, 0) from origin in a 2d plane.\n\t\"\"\"\n    n = len(steps)\n    dp = [0] * (d + 1)\n    for i in range(1, d + 1):\n        dp[i] = float('inf')\n        for j in range(n):\n            if i - steps[j] >= 0:\n                dp[i] = min(dp[i], dp[i - steps[j]] + 1)\n    return dp[d]\n\n\ndef check(candidate):\n    assert candidate((3, 4), 11) == 3.5\n    assert candidate((3, 4), 0) == 0\n    assert candidate((11, 14), 11) == 1\n\ndef test_check():\n    check(min_Jumps)\n\ntest_check()\n",
      "timestamp": 1666123309,
      "stdout": "",
      "stderr": "Traceback (most recent call last):\n  File \"/tmp/tmphh3nonwu.py\", line 25, in <module>\n    test_check()\n  File \"/tmp/tmphh3nonwu.py\", line 23, in test_check\n    check(min_Jumps)\n  File \"/tmp/tmphh3nonwu.py\", line 18, in check\n    assert candidate((3, 4), 11) == 3.5\nAssertionError\n",
      "exit_code": 1,
      "status": "Exception"
    },
    {
      "program": "from typing import Tuple\n\ndef min_Jumps(steps: Tuple[int], d: int) -> float:\n    \"\"\"\n\tWrite a function to check for the number of jumps required of given length to reach a point of form (d, 0) from origin in a 2d plane.\n\t\"\"\"\n    if d == 0:\n        return 0\n    if d < 0:\n        return float('inf')\n    min_jumps = float('inf')\n    for step in steps:\n        min_jumps = min(min_jumps, 1 + min_Jumps(steps, d - step))\n    return min_jumps\n\nprint(min_Jumps((1, 3, 5, 8, 9, 2, 6, 7, 6, 8, 9), 10))\ndef check(candidate):\n    assert candidate((3, 4), 11) == 3.5\n    assert candidate((3, 4), 0) == 0\n    assert candidate((11, 14), 11) == 1\n\ndef test_check():\n    check(min_Jumps)\n\ntest_check()\n",
      "timestamp": 1665510491,
      "stdout": "2\n",
      "stderr": "Traceback (most recent call last):\n  File \"/tmp/tmpe557pmi4.py\", line 25, in <module>\n    test_check()\n  File \"/tmp/tmpe557pmi4.py\", line 23, in test_check\n    check(min_Jumps)\n  File \"/tmp/tmpe557pmi4.py\", line 18, in check\n    assert candidate((3, 4), 11) == 3.5\nAssertionError\n",
      "exit_code": 1,
      "status": "Exception"
    },
    {
      "program": "from typing import Tuple\n\ndef min_Jumps(steps: Tuple[int], d: int) -> float:\n    \"\"\"\n\tWrite a function to check for the number of jumps required of given length to reach a point of form (d, 0) from origin in a 2d plane.\n\t\"\"\"\n    if d == 0:\n        return 0\n    if d < 0:\n        return float('inf')\n    return 1 + min(min_Jumps(steps, d - step) for step in steps)\n\ndef check(candidate):\n    assert candidate((3, 4), 11) == 3.5\n    assert candidate((3, 4), 0) == 0\n    assert candidate((11, 14), 11) == 1\n\ndef test_check():\n    check(min_Jumps)\n\ntest_check()\n",
      "timestamp": 1665510491,
      "stdout": "",
      "stderr": "Traceback (most recent call last):\n  File \"/tmp/tmps7ue1ps1.py\", line 21, in <module>\n    test_check()\n  File \"/tmp/tmps7ue1ps1.py\", line 19, in test_check\n    check(min_Jumps)\n  File \"/tmp/tmps7ue1ps1.py\", line 14, in check\n    assert candidate((3, 4), 11) == 3.5\nAssertionError\n",
      "exit_code": 1,
      "status": "Exception"
    },
    {
      "program": "from typing import Tuple\n\ndef min_Jumps(steps: Tuple[int], d: int) -> float:\n    \"\"\"\n\tWrite a function to check for the number of jumps required of given length to reach a point of form (d, 0) from origin in a 2d plane.\n\t\"\"\"\n    if d == 0:\n        return 0\n    if d < 0:\n        return float('inf')\n    return 1 + min(min_Jumps(steps, d - step) for step in steps)\n\ndef check(candidate):\n    assert candidate((3, 4), 11) == 3.5\n    assert candidate((3, 4), 0) == 0\n    assert candidate((11, 14), 11) == 1\n\ndef test_check():\n    check(min_Jumps)\n\ntest_check()\n",
      "timestamp": 1665510491,
      "stdout": "",
      "stderr": "Traceback (most recent call last):\n  File \"/tmp/tmps7ue1ps1.py\", line 21, in <module>\n    test_check()\n  File \"/tmp/tmps7ue1ps1.py\", line 19, in test_check\n    check(min_Jumps)\n  File \"/tmp/tmps7ue1ps1.py\", line 14, in check\n    assert candidate((3, 4), 11) == 3.5\nAssertionError\n",
      "exit_code": 1,
      "status": "Exception"
    },
    {
      "program": "from typing import Tuple\n\ndef min_Jumps(steps: Tuple[int], d: int) -> float:\n    \"\"\"\n\tWrite a function to check for the number of jumps required of given length to reach a point of form (d, 0) from origin in a 2d plane.\n\t\"\"\"\n    if d == 0:\n        return 0\n    if d < 0:\n        return float(\"inf\")\n    min_jumps = float(\"inf\")\n    for step in steps:\n        min_jumps = min(min_jumps, 1 + min_Jumps(steps, d - step))\n    return min_jumps\n\n\nprint(min_Jumps((1, 3, 5, 8, 9, 2, 6, 7, 6, 8, 9), 10))\ndef check(candidate):\n    assert candidate((3, 4), 11) == 3.5\n    assert candidate((3, 4), 0) == 0\n    assert candidate((11, 14), 11) == 1\n\ndef test_check():\n    check(min_Jumps)\n\ntest_check()\n",
      "timestamp": 1666123309,
      "stdout": "2\n",
      "stderr": "Traceback (most recent call last):\n  File \"/tmp/tmpmf9ouw36.py\", line 26, in <module>\n    test_check()\n  File \"/tmp/tmpmf9ouw36.py\", line 24, in test_check\n    check(min_Jumps)\n  File \"/tmp/tmpmf9ouw36.py\", line 19, in check\n    assert candidate((3, 4), 11) == 3.5\nAssertionError\n",
      "exit_code": 1,
      "status": "Exception"
    },
    {
      "program": "from typing import Tuple\n\ndef min_Jumps(steps: Tuple[int], d: int) -> float:\n    \"\"\"\n\tWrite a function to check for the number of jumps required of given length to reach a point of form (d, 0) from origin in a 2d plane.\n\t\"\"\"\n    if d == 0:\n        return 0\n    if d < 0:\n        return float('inf')\n    return min(min_Jumps(steps, d-step) for step in steps) + 1\n\ndef check(candidate):\n    assert candidate((3, 4), 11) == 3.5\n    assert candidate((3, 4), 0) == 0\n    assert candidate((11, 14), 11) == 1\n\ndef test_check():\n    check(min_Jumps)\n\ntest_check()\n",
      "timestamp": 1666123309,
      "stdout": "",
      "stderr": "Traceback (most recent call last):\n  File \"/tmp/tmpcr0qrsq3.py\", line 21, in <module>\n    test_check()\n  File \"/tmp/tmpcr0qrsq3.py\", line 19, in test_check\n    check(min_Jumps)\n  File \"/tmp/tmpcr0qrsq3.py\", line 14, in check\n    assert candidate((3, 4), 11) == 3.5\nAssertionError\n",
      "exit_code": 1,
      "status": "Exception"
    },
    {
      "program": "from typing import Tuple\n\ndef min_Jumps(steps: Tuple[int], d: int) -> float:\n    \"\"\"\n\tWrite a function to check for the number of jumps required of given length to reach a point of form (d, 0) from origin in a 2d plane.\n\t\"\"\"\n    if d == 0:\n        return 0\n    if d < 0:\n        return float('inf')\n    min_jumps = float('inf')\n    for step in steps:\n        min_jumps = min(min_jumps, 1 + min_Jumps(steps, d - step))\n    return min_jumps\n\nprint(min_Jumps((1, 3, 5, 8, 9, 2, 6, 7, 6, 8, 9), 10))\ndef check(candidate):\n    assert candidate((3, 4), 11) == 3.5\n    assert candidate((3, 4), 0) == 0\n    assert candidate((11, 14), 11) == 1\n\ndef test_check():\n    check(min_Jumps)\n\ntest_check()\n",
      "timestamp": 1665510491,
      "stdout": "2\n",
      "stderr": "Traceback (most recent call last):\n  File \"/tmp/tmpe557pmi4.py\", line 25, in <module>\n    test_check()\n  File \"/tmp/tmpe557pmi4.py\", line 23, in test_check\n    check(min_Jumps)\n  File \"/tmp/tmpe557pmi4.py\", line 18, in check\n    assert candidate((3, 4), 11) == 3.5\nAssertionError\n",
      "exit_code": 1,
      "status": "Exception"
    },
    {
      "program": "from typing import Tuple\n\ndef min_Jumps(steps: Tuple[int], d: int) -> float:\n    \"\"\"\n\tWrite a function to check for the number of jumps required of given length to reach a point of form (d, 0) from origin in a 2d plane.\n\t\"\"\"\n    if d == 0:\n        return 0\n    if d < 0:\n        return float('inf')\n    min_jumps = float('inf')\n    for step in steps:\n        min_jumps = min(min_jumps, 1 + min_Jumps(steps, d - step))\n    return min_jumps\n\ndef check(candidate):\n    assert candidate((3, 4), 11) == 3.5\n    assert candidate((3, 4), 0) == 0\n    assert candidate((11, 14), 11) == 1\n\ndef test_check():\n    check(min_Jumps)\n\ntest_check()\n",
      "timestamp": 1665510491,
      "stdout": "",
      "stderr": "Traceback (most recent call last):\n  File \"/tmp/tmpov7ibbr_.py\", line 24, in <module>\n    test_check()\n  File \"/tmp/tmpov7ibbr_.py\", line 22, in test_check\n    check(min_Jumps)\n  File \"/tmp/tmpov7ibbr_.py\", line 17, in check\n    assert candidate((3, 4), 11) == 3.5\nAssertionError\n",
      "exit_code": 1,
      "status": "Exception"
    },
    {
      "program": "from typing import Tuple\n\ndef min_Jumps(steps: Tuple[int], d: int) -> float:\n    \"\"\"\n\tWrite a function to check for the number of jumps required of given length to reach a point of form (d, 0) from origin in a 2d plane.\n\t\"\"\"\n    if d == 0:\n        return 0\n    if d < 0:\n        return float('inf')\n    return 1 + min(min_Jumps(steps, d - step) for step in steps)\n\ndef check(candidate):\n    assert candidate((3, 4), 11) == 3.5\n    assert candidate((3, 4), 0) == 0\n    assert candidate((11, 14), 11) == 1\n\ndef test_check():\n    check(min_Jumps)\n\ntest_check()\n",
      "timestamp": 1665510491,
      "stdout": "",
      "stderr": "Traceback (most recent call last):\n  File \"/tmp/tmps7ue1ps1.py\", line 21, in <module>\n    test_check()\n  File \"/tmp/tmps7ue1ps1.py\", line 19, in test_check\n    check(min_Jumps)\n  File \"/tmp/tmps7ue1ps1.py\", line 14, in check\n    assert candidate((3, 4), 11) == 3.5\nAssertionError\n",
      "exit_code": 1,
      "status": "Exception"
    },
    {
      "program": "from typing import Tuple\n\ndef min_Jumps(steps: Tuple[int], d: int) -> float:\n    \"\"\"\n\tWrite a function to check for the number of jumps required of given length to reach a point of form (d, 0) from origin in a 2d plane.\n\t\"\"\"\n    jumps = 0\n    for step in steps:\n        jumps += math.ceil(d / step)\n    return jumps\ndef check(candidate):\n    assert candidate((3, 4), 11) == 3.5\n    assert candidate((3, 4), 0) == 0\n    assert candidate((11, 14), 11) == 1\n\ndef test_check():\n    check(min_Jumps)\n\ntest_check()\n",
      "timestamp": 1665510491,
      "stdout": "",
      "stderr": "Traceback (most recent call last):\n  File \"/tmp/tmpyqeoufdf.py\", line 19, in <module>\n    test_check()\n  File \"/tmp/tmpyqeoufdf.py\", line 17, in test_check\n    check(min_Jumps)\n  File \"/tmp/tmpyqeoufdf.py\", line 12, in check\n    assert candidate((3, 4), 11) == 3.5\n  File \"/tmp/tmpyqeoufdf.py\", line 9, in min_Jumps\n    jumps += math.ceil(d / step)\nNameError: name 'math' is not defined\n",
      "exit_code": 1,
      "status": "Exception"
    },
    {
      "program": "from typing import Tuple\n\ndef min_Jumps(steps: Tuple[int], d: int) -> float:\n    \"\"\"\n\tWrite a function to check for the number of jumps required of given length to reach a point of form (d, 0) from origin in a 2d plane.\n\t\"\"\"\n    if d == 0:\n        return 0\n    if d < 0:\n        return float('inf')\n    min_jumps = float('inf')\n    for step in steps:\n        min_jumps = min(min_jumps, 1 + min_Jumps(steps, d - step))\n    return min_jumps\n\ndef check(candidate):\n    assert candidate((3, 4), 11) == 3.5\n    assert candidate((3, 4), 0) == 0\n    assert candidate((11, 14), 11) == 1\n\ndef test_check():\n    check(min_Jumps)\n\ntest_check()\n",
      "timestamp": 1665510491,
      "stdout": "",
      "stderr": "Traceback (most recent call last):\n  File \"/tmp/tmpov7ibbr_.py\", line 24, in <module>\n    test_check()\n  File \"/tmp/tmpov7ibbr_.py\", line 22, in test_check\n    check(min_Jumps)\n  File \"/tmp/tmpov7ibbr_.py\", line 17, in check\n    assert candidate((3, 4), 11) == 3.5\nAssertionError\n",
      "exit_code": 1,
      "status": "Exception"
    },
    {
      "program": "from typing import Tuple\n\ndef min_Jumps(steps: Tuple[int], d: int) -> float:\n    \"\"\"\n\tWrite a function to check for the number of jumps required of given length to reach a point of form (d, 0) from origin in a 2d plane.\n\t\"\"\"\n    n = len(steps)\n    dp = [float('inf')] * (d + 1)\n    dp[0] = 0\n    for i in range(1, d + 1):\n        for j in range(n):\n            if i - steps[j] >= 0:\n                dp[i] = min(dp[i], dp[i - steps[j]] + 1)\n    return dp[d]\n\n\ndef check(candidate):\n    assert candidate((3, 4), 11) == 3.5\n    assert candidate((3, 4), 0) == 0\n    assert candidate((11, 14), 11) == 1\n\ndef test_check():\n    check(min_Jumps)\n\ntest_check()\n",
      "timestamp": 1666123309,
      "stdout": "",
      "stderr": "Traceback (most recent call last):\n  File \"/tmp/tmpecbwf4u5.py\", line 25, in <module>\n    test_check()\n  File \"/tmp/tmpecbwf4u5.py\", line 23, in test_check\n    check(min_Jumps)\n  File \"/tmp/tmpecbwf4u5.py\", line 18, in check\n    assert candidate((3, 4), 11) == 3.5\nAssertionError\n",
      "exit_code": 1,
      "status": "Exception"
    },
    {
      "program": "from typing import Tuple\n\ndef min_Jumps(steps: Tuple[int], d: int) -> float:\n    \"\"\"\n\tWrite a function to check for the number of jumps required of given length to reach a point of form (d, 0) from origin in a 2d plane.\n\t\"\"\"\n    # Write your code here\n    # Return the number of jumps required\n    # Return -1 if the destination is not reachable\n    # Return -1 if the destination is not reachable\n    if d < 0:\n        return -1\n    if d == 0:\n        return 0\n    min_jumps = float('inf')\n    for step in steps:\n        jumps = min_Jumps(steps, d - step)\n        if jumps != -1 and jumps < min_jumps:\n            min_jumps = jumps + 1\n    return min_jumps if min_jumps != float('inf') else -1\n\n\ndef check(candidate):\n    assert candidate((3, 4), 11) == 3.5\n    assert candidate((3, 4), 0) == 0\n    assert candidate((11, 14), 11) == 1\n\ndef test_check():\n    check(min_Jumps)\n\ntest_check()\n",
      "timestamp": 1666123309,
      "stdout": "",
      "stderr": "Traceback (most recent call last):\n  File \"/tmp/tmpi3b8ttew.py\", line 31, in <module>\n    test_check()\n  File \"/tmp/tmpi3b8ttew.py\", line 29, in test_check\n    check(min_Jumps)\n  File \"/tmp/tmpi3b8ttew.py\", line 24, in check\n    assert candidate((3, 4), 11) == 3.5\nAssertionError\n",
      "exit_code": 1,
      "status": "Exception"
    },
    {
      "program": "from typing import Tuple\n\ndef min_Jumps(steps: Tuple[int], d: int) -> float:\n    \"\"\"\n\tWrite a function to check for the number of jumps required of given length to reach a point of form (d, 0) from origin in a 2d plane.\n\t\"\"\"\n    if d == 0:\n        return 0\n    if d < 0:\n        return float('inf')\n    return 1 + min(min_Jumps(steps, d - step) for step in steps)\n\nprint(min_Jumps((1, 3, 5, 8, 9, 2, 6, 7, 6, 8, 9), 10))\ndef check(candidate):\n    assert candidate((3, 4), 11) == 3.5\n    assert candidate((3, 4), 0) == 0\n    assert candidate((11, 14), 11) == 1\n\ndef test_check():\n    check(min_Jumps)\n\ntest_check()\n",
      "timestamp": 1665510491,
      "stdout": "2\n",
      "stderr": "Traceback (most recent call last):\n  File \"/tmp/tmpifbnotg1.py\", line 22, in <module>\n    test_check()\n  File \"/tmp/tmpifbnotg1.py\", line 20, in test_check\n    check(min_Jumps)\n  File \"/tmp/tmpifbnotg1.py\", line 15, in check\n    assert candidate((3, 4), 11) == 3.5\nAssertionError\n",
      "exit_code": 1,
      "status": "Exception"
    },
    {
      "program": "from typing import Tuple\n\ndef min_Jumps(steps: Tuple[int], d: int) -> float:\n    \"\"\"\n\tWrite a function to check for the number of jumps required of given length to reach a point of form (d, 0) from origin in a 2d plane.\n\t\"\"\"\n    jumps = 0\n    for step in steps:\n        jumps += math.ceil(d / step)\n    return jumps\n\ndef check(candidate):\n    assert candidate((3, 4), 11) == 3.5\n    assert candidate((3, 4), 0) == 0\n    assert candidate((11, 14), 11) == 1\n\ndef test_check():\n    check(min_Jumps)\n\ntest_check()\n",
      "timestamp": 1665510491,
      "stdout": "",
      "stderr": "Traceback (most recent call last):\n  File \"/tmp/tmpxhzofz0n.py\", line 20, in <module>\n    test_check()\n  File \"/tmp/tmpxhzofz0n.py\", line 18, in test_check\n    check(min_Jumps)\n  File \"/tmp/tmpxhzofz0n.py\", line 13, in check\n    assert candidate((3, 4), 11) == 3.5\n  File \"/tmp/tmpxhzofz0n.py\", line 9, in min_Jumps\n    jumps += math.ceil(d / step)\nNameError: name 'math' is not defined\n",
      "exit_code": 1,
      "status": "Exception"
    },
    {
      "program": "from typing import Tuple\n\ndef min_Jumps(steps: Tuple[int], d: int) -> float:\n    \"\"\"\n\tWrite a function to check for the number of jumps required of given length to reach a point of form (d, 0) from origin in a 2d plane.\n\t\"\"\"\n    if d == 0:\n        return 0\n    if d < 0:\n        return float('inf')\n    return 1 + min(min_Jumps(steps, d - step) for step in steps)\n\ndef check(candidate):\n    assert candidate((3, 4), 11) == 3.5\n    assert candidate((3, 4), 0) == 0\n    assert candidate((11, 14), 11) == 1\n\ndef test_check():\n    check(min_Jumps)\n\ntest_check()\n",
      "timestamp": 1665510491,
      "stdout": "",
      "stderr": "Traceback (most recent call last):\n  File \"/tmp/tmps7ue1ps1.py\", line 21, in <module>\n    test_check()\n  File \"/tmp/tmps7ue1ps1.py\", line 19, in test_check\n    check(min_Jumps)\n  File \"/tmp/tmps7ue1ps1.py\", line 14, in check\n    assert candidate((3, 4), 11) == 3.5\nAssertionError\n",
      "exit_code": 1,
      "status": "Exception"
    },
    {
      "program": "from typing import Tuple\n\ndef min_Jumps(steps: Tuple[int], d: int) -> float:\n    \"\"\"\n\tWrite a function to check for the number of jumps required of given length to reach a point of form (d, 0) from origin in a 2d plane.\n\t\"\"\"\n    jumps = 0\n    for step in steps:\n        jumps += math.ceil(step / d)\n    return jumps\n\ndef check(candidate):\n    assert candidate((3, 4), 11) == 3.5\n    assert candidate((3, 4), 0) == 0\n    assert candidate((11, 14), 11) == 1\n\ndef test_check():\n    check(min_Jumps)\n\ntest_check()\n",
      "timestamp": 1666123309,
      "stdout": "",
      "stderr": "Traceback (most recent call last):\n  File \"/tmp/tmpouabv2wr.py\", line 20, in <module>\n    test_check()\n  File \"/tmp/tmpouabv2wr.py\", line 18, in test_check\n    check(min_Jumps)\n  File \"/tmp/tmpouabv2wr.py\", line 13, in check\n    assert candidate((3, 4), 11) == 3.5\n  File \"/tmp/tmpouabv2wr.py\", line 9, in min_Jumps\n    jumps += math.ceil(step / d)\nNameError: name 'math' is not defined\n",
      "exit_code": 1,
      "status": "Exception"
    },
    {
      "program": "from typing import Tuple\n\ndef min_Jumps(steps: Tuple[int], d: int) -> float:\n    \"\"\"\n\tWrite a function to check for the number of jumps required of given length to reach a point of form (d, 0) from origin in a 2d plane.\n\t\"\"\"\n    if d == 0:\n        return 0\n    if d < 0:\n        return float('inf')\n    return 1 + min(min_Jumps(steps, d - step) for step in steps)\n\ndef check(candidate):\n    assert candidate((3, 4), 11) == 3.5\n    assert candidate((3, 4), 0) == 0\n    assert candidate((11, 14), 11) == 1\n\ndef test_check():\n    check(min_Jumps)\n\ntest_check()\n",
      "timestamp": 1665510491,
      "stdout": "",
      "stderr": "Traceback (most recent call last):\n  File \"/tmp/tmps7ue1ps1.py\", line 21, in <module>\n    test_check()\n  File \"/tmp/tmps7ue1ps1.py\", line 19, in test_check\n    check(min_Jumps)\n  File \"/tmp/tmps7ue1ps1.py\", line 14, in check\n    assert candidate((3, 4), 11) == 3.5\nAssertionError\n",
      "exit_code": 1,
      "status": "Exception"
    },
    {
      "program": "from typing import Tuple\n\ndef min_Jumps(steps: Tuple[int], d: int) -> float:\n    \"\"\"\n\tWrite a function to check for the number of jumps required of given length to reach a point of form (d, 0) from origin in a 2d plane.\n\t\"\"\"\n    if d == 0:\n        return 0\n    if d < 0:\n        return float('inf')\n    return 1 + min(min_Jumps(steps, d - step) for step in steps)\n\nprint(min_Jumps((1, 3, 5, 8, 9, 2, 6, 7, 6, 8, 9), 10))\ndef check(candidate):\n    assert candidate((3, 4), 11) == 3.5\n    assert candidate((3, 4), 0) == 0\n    assert candidate((11, 14), 11) == 1\n\ndef test_check():\n    check(min_Jumps)\n\ntest_check()\n",
      "timestamp": 1665510491,
      "stdout": "2\n",
      "stderr": "Traceback (most recent call last):\n  File \"/tmp/tmpifbnotg1.py\", line 22, in <module>\n    test_check()\n  File \"/tmp/tmpifbnotg1.py\", line 20, in test_check\n    check(min_Jumps)\n  File \"/tmp/tmpifbnotg1.py\", line 15, in check\n    assert candidate((3, 4), 11) == 3.5\nAssertionError\n",
      "exit_code": 1,
      "status": "Exception"
    },
    {
      "program": "from typing import Tuple\n\ndef min_Jumps(steps: Tuple[int], d: int) -> float:\n    \"\"\"\n\tWrite a function to check for the number of jumps required of given length to reach a point of form (d, 0) from origin in a 2d plane.\n\t\"\"\"\n    if d == 0:\n        return 0\n    if d < 0:\n        return float('inf')\n    return 1 + min(min_Jumps(steps, d - step) for step in steps)\n\ndef check(candidate):\n    assert candidate((3, 4), 11) == 3.5\n    assert candidate((3, 4), 0) == 0\n    assert candidate((11, 14), 11) == 1\n\ndef test_check():\n    check(min_Jumps)\n\ntest_check()\n",
      "timestamp": 1665510491,
      "stdout": "",
      "stderr": "Traceback (most recent call last):\n  File \"/tmp/tmps7ue1ps1.py\", line 21, in <module>\n    test_check()\n  File \"/tmp/tmps7ue1ps1.py\", line 19, in test_check\n    check(min_Jumps)\n  File \"/tmp/tmps7ue1ps1.py\", line 14, in check\n    assert candidate((3, 4), 11) == 3.5\nAssertionError\n",
      "exit_code": 1,
      "status": "Exception"
    },
    {
      "program": "from typing import Tuple\n\ndef min_Jumps(steps: Tuple[int], d: int) -> float:\n    \"\"\"\n\tWrite a function to check for the number of jumps required of given length to reach a point of form (d, 0) from origin in a 2d plane.\n\t\"\"\"\n    if d == 0:\n        return 0\n    if d < 0:\n        return float('inf')\n    min_jumps = float('inf')\n    for step in steps:\n        min_jumps = min(min_jumps, 1 + min_Jumps(steps, d - step))\n    return min_jumps\n\ndef check(candidate):\n    assert candidate((3, 4), 11) == 3.5\n    assert candidate((3, 4), 0) == 0\n    assert candidate((11, 14), 11) == 1\n\ndef test_check():\n    check(min_Jumps)\n\ntest_check()\n",
      "timestamp": 1665510491,
      "stdout": "",
      "stderr": "Traceback (most recent call last):\n  File \"/tmp/tmpov7ibbr_.py\", line 24, in <module>\n    test_check()\n  File \"/tmp/tmpov7ibbr_.py\", line 22, in test_check\n    check(min_Jumps)\n  File \"/tmp/tmpov7ibbr_.py\", line 17, in check\n    assert candidate((3, 4), 11) == 3.5\nAssertionError\n",
      "exit_code": 1,
      "status": "Exception"
    },
    {
      "program": "from typing import Tuple\n\ndef min_Jumps(steps: Tuple[int], d: int) -> float:\n    \"\"\"\n\tWrite a function to check for the number of jumps required of given length to reach a point of form (d, 0) from origin in a 2d plane.\n\t\"\"\"\n    if d == 0:\n        return 0\n    if d < 0:\n        return float('inf')\n    return 1 + min(min_Jumps(steps, d - step) for step in steps)\n\ndef check(candidate):\n    assert candidate((3, 4), 11) == 3.5\n    assert candidate((3, 4), 0) == 0\n    assert candidate((11, 14), 11) == 1\n\ndef test_check():\n    check(min_Jumps)\n\ntest_check()\n",
      "timestamp": 1665510491,
      "stdout": "",
      "stderr": "Traceback (most recent call last):\n  File \"/tmp/tmps7ue1ps1.py\", line 21, in <module>\n    test_check()\n  File \"/tmp/tmps7ue1ps1.py\", line 19, in test_check\n    check(min_Jumps)\n  File \"/tmp/tmps7ue1ps1.py\", line 14, in check\n    assert candidate((3, 4), 11) == 3.5\nAssertionError\n",
      "exit_code": 1,
      "status": "Exception"
    },
    {
      "program": "from typing import Tuple\n\ndef min_Jumps(steps: Tuple[int], d: int) -> float:\n    \"\"\"\n\tWrite a function to check for the number of jumps required of given length to reach a point of form (d, 0) from origin in a 2d plane.\n\t\"\"\"\n    if d == 0:\n        return 0\n    if d < 0:\n        return float(\"inf\")\n    min_jumps = float(\"inf\")\n    for step in steps:\n        min_jumps = min(min_jumps, 1 + min_Jumps(steps, d - step))\n    return min_jumps\n\ndef check(candidate):\n    assert candidate((3, 4), 11) == 3.5\n    assert candidate((3, 4), 0) == 0\n    assert candidate((11, 14), 11) == 1\n\ndef test_check():\n    check(min_Jumps)\n\ntest_check()\n",
      "timestamp": 1666123309,
      "stdout": "",
      "stderr": "Traceback (most recent call last):\n  File \"/tmp/tmpro6ux4sn.py\", line 24, in <module>\n    test_check()\n  File \"/tmp/tmpro6ux4sn.py\", line 22, in test_check\n    check(min_Jumps)\n  File \"/tmp/tmpro6ux4sn.py\", line 17, in check\n    assert candidate((3, 4), 11) == 3.5\nAssertionError\n",
      "exit_code": 1,
      "status": "Exception"
    },
    {
      "program": "from typing import Tuple\n\ndef min_Jumps(steps: Tuple[int], d: int) -> float:\n    \"\"\"\n\tWrite a function to check for the number of jumps required of given length to reach a point of form (d, 0) from origin in a 2d plane.\n\t\"\"\"\n    jumps = 0\n    for step in steps:\n        jumps += math.ceil(step / d)\n    return jumps\n\n\ndef check(candidate):\n    assert candidate((3, 4), 11) == 3.5\n    assert candidate((3, 4), 0) == 0\n    assert candidate((11, 14), 11) == 1\n\ndef test_check():\n    check(min_Jumps)\n\ntest_check()\n",
      "timestamp": 1666123309,
      "stdout": "",
      "stderr": "Traceback (most recent call last):\n  File \"/tmp/tmphhm_c2bz.py\", line 21, in <module>\n    test_check()\n  File \"/tmp/tmphhm_c2bz.py\", line 19, in test_check\n    check(min_Jumps)\n  File \"/tmp/tmphhm_c2bz.py\", line 14, in check\n    assert candidate((3, 4), 11) == 3.5\n  File \"/tmp/tmphhm_c2bz.py\", line 9, in min_Jumps\n    jumps += math.ceil(step / d)\nNameError: name 'math' is not defined\n",
      "exit_code": 1,
      "status": "Exception"
    },
    {
      "program": "from typing import Tuple\n\ndef min_Jumps(steps: Tuple[int], d: int) -> float:\n    \"\"\"\n\tWrite a function to check for the number of jumps required of given length to reach a point of form (d, 0) from origin in a 2d plane.\n\t\"\"\"\n    if d == 0:\n        return 0\n    if d < 0:\n        return float('inf')\n    return 1 + min(min_Jumps(steps, d - s) for s in steps)\n\nprint(min_Jumps((1, 3, 5, 8, 9, 2, 6, 7, 6, 8, 9), 10))\ndef check(candidate):\n    assert candidate((3, 4), 11) == 3.5\n    assert candidate((3, 4), 0) == 0\n    assert candidate((11, 14), 11) == 1\n\ndef test_check():\n    check(min_Jumps)\n\ntest_check()\n",
      "timestamp": 1666123309,
      "stdout": "2\n",
      "stderr": "Traceback (most recent call last):\n  File \"/tmp/tmp_6o52b35.py\", line 22, in <module>\n    test_check()\n  File \"/tmp/tmp_6o52b35.py\", line 20, in test_check\n    check(min_Jumps)\n  File \"/tmp/tmp_6o52b35.py\", line 15, in check\n    assert candidate((3, 4), 11) == 3.5\nAssertionError\n",
      "exit_code": 1,
      "status": "Exception"
    },
    {
      "program": "from typing import Tuple\n\ndef min_Jumps(steps: Tuple[int], d: int) -> float:\n    \"\"\"\n\tWrite a function to check for the number of jumps required of given length to reach a point of form (d, 0) from origin in a 2d plane.\n\t\"\"\"\n    if d == 0:\n        return 0\n    if d < 0:\n        return float('inf')\n    return 1 + min(min_Jumps(steps, d - step) for step in steps)\n\ndef check(candidate):\n    assert candidate((3, 4), 11) == 3.5\n    assert candidate((3, 4), 0) == 0\n    assert candidate((11, 14), 11) == 1\n\ndef test_check():\n    check(min_Jumps)\n\ntest_check()\n",
      "timestamp": 1665510491,
      "stdout": "",
      "stderr": "Traceback (most recent call last):\n  File \"/tmp/tmps7ue1ps1.py\", line 21, in <module>\n    test_check()\n  File \"/tmp/tmps7ue1ps1.py\", line 19, in test_check\n    check(min_Jumps)\n  File \"/tmp/tmps7ue1ps1.py\", line 14, in check\n    assert candidate((3, 4), 11) == 3.5\nAssertionError\n",
      "exit_code": 1,
      "status": "Exception"
    },
    {
      "program": "from typing import Tuple\n\ndef min_Jumps(steps: Tuple[int], d: int) -> float:\n    \"\"\"\n\tWrite a function to check for the number of jumps required of given length to reach a point of form (d, 0) from origin in a 2d plane.\n\t\"\"\"\n    if d == 0:\n        return 0\n    if d < 0:\n        return float('inf')\n    min_jumps = float('inf')\n    for step in steps:\n        min_jumps = min(min_jumps, 1 + min_Jumps(steps, d - step))\n    return min_jumps\n\nprint(min_Jumps((1, 3, 5, 8, 9, 2, 6, 7, 6, 8, 9), 10))\ndef check(candidate):\n    assert candidate((3, 4), 11) == 3.5\n    assert candidate((3, 4), 0) == 0\n    assert candidate((11, 14), 11) == 1\n\ndef test_check():\n    check(min_Jumps)\n\ntest_check()\n",
      "timestamp": 1665510491,
      "stdout": "2\n",
      "stderr": "Traceback (most recent call last):\n  File \"/tmp/tmpe557pmi4.py\", line 25, in <module>\n    test_check()\n  File \"/tmp/tmpe557pmi4.py\", line 23, in test_check\n    check(min_Jumps)\n  File \"/tmp/tmpe557pmi4.py\", line 18, in check\n    assert candidate((3, 4), 11) == 3.5\nAssertionError\n",
      "exit_code": 1,
      "status": "Exception"
    },
    {
      "program": "from typing import Tuple\n\ndef min_Jumps(steps: Tuple[int], d: int) -> float:\n    \"\"\"\n\tWrite a function to check for the number of jumps required of given length to reach a point of form (d, 0) from origin in a 2d plane.\n\t\"\"\"\n    # Write your code here\n    if d == 0:\n        return 0\n    if d < min(steps):\n        return float('inf')\n    min_jumps = float('inf')\n    for step in steps:\n        min_jumps = min(min_jumps, 1 + min_Jumps(steps, d-step))\n    return min_jumps\n\ndef check(candidate):\n    assert candidate((3, 4), 11) == 3.5\n    assert candidate((3, 4), 0) == 0\n    assert candidate((11, 14), 11) == 1\n\ndef test_check():\n    check(min_Jumps)\n\ntest_check()\n",
      "timestamp": 1666123309,
      "stdout": "",
      "stderr": "Traceback (most recent call last):\n  File \"/tmp/tmplwl4k8o3.py\", line 25, in <module>\n    test_check()\n  File \"/tmp/tmplwl4k8o3.py\", line 23, in test_check\n    check(min_Jumps)\n  File \"/tmp/tmplwl4k8o3.py\", line 18, in check\n    assert candidate((3, 4), 11) == 3.5\nAssertionError\n",
      "exit_code": 1,
      "status": "Exception"
    },
    {
      "program": "from typing import Tuple\n\ndef min_Jumps(steps: Tuple[int], d: int) -> float:\n    \"\"\"\n\tWrite a function to check for the number of jumps required of given length to reach a point of form (d, 0) from origin in a 2d plane.\n\t\"\"\"\n    n = len(steps)\n    dp = [0] * (d + 1)\n    for i in range(1, d + 1):\n        dp[i] = float('inf')\n        for j in range(n):\n            if i - steps[j] >= 0:\n                dp[i] = min(dp[i], dp[i - steps[j]] + 1)\n    return dp[d]\n\n\ndef check(candidate):\n    assert candidate((3, 4), 11) == 3.5\n    assert candidate((3, 4), 0) == 0\n    assert candidate((11, 14), 11) == 1\n\ndef test_check():\n    check(min_Jumps)\n\ntest_check()\n",
      "timestamp": 1666123309,
      "stdout": "",
      "stderr": "Traceback (most recent call last):\n  File \"/tmp/tmphh3nonwu.py\", line 25, in <module>\n    test_check()\n  File \"/tmp/tmphh3nonwu.py\", line 23, in test_check\n    check(min_Jumps)\n  File \"/tmp/tmphh3nonwu.py\", line 18, in check\n    assert candidate((3, 4), 11) == 3.5\nAssertionError\n",
      "exit_code": 1,
      "status": "Exception"
    },
    {
      "program": "from typing import Tuple\n\ndef min_Jumps(steps: Tuple[int], d: int) -> float:\n    \"\"\"\n\tWrite a function to check for the number of jumps required of given length to reach a point of form (d, 0) from origin in a 2d plane.\n\t\"\"\"\n    if d == 0:\n        return 0\n    if d < 0:\n        return float('inf')\n    return 1 + min(min_Jumps(steps, d-step) for step in steps)\n\ndef check(candidate):\n    assert candidate((3, 4), 11) == 3.5\n    assert candidate((3, 4), 0) == 0\n    assert candidate((11, 14), 11) == 1\n\ndef test_check():\n    check(min_Jumps)\n\ntest_check()\n",
      "timestamp": 1666123309,
      "stdout": "",
      "stderr": "Traceback (most recent call last):\n  File \"/tmp/tmpyqx7c39s.py\", line 21, in <module>\n    test_check()\n  File \"/tmp/tmpyqx7c39s.py\", line 19, in test_check\n    check(min_Jumps)\n  File \"/tmp/tmpyqx7c39s.py\", line 14, in check\n    assert candidate((3, 4), 11) == 3.5\nAssertionError\n",
      "exit_code": 1,
      "status": "Exception"
    },
    {
      "program": "from typing import Tuple\n\ndef min_Jumps(steps: Tuple[int], d: int) -> float:\n    \"\"\"\n\tWrite a function to check for the number of jumps required of given length to reach a point of form (d, 0) from origin in a 2d plane.\n\t\"\"\"\n    if d == 0:\n        return 0\n    if d < 0:\n        return float('inf')\n    return 1 + min(min_Jumps(steps, d - step) for step in steps)\n\ndef check(candidate):\n    assert candidate((3, 4), 11) == 3.5\n    assert candidate((3, 4), 0) == 0\n    assert candidate((11, 14), 11) == 1\n\ndef test_check():\n    check(min_Jumps)\n\ntest_check()\n",
      "timestamp": 1665510491,
      "stdout": "",
      "stderr": "Traceback (most recent call last):\n  File \"/tmp/tmps7ue1ps1.py\", line 21, in <module>\n    test_check()\n  File \"/tmp/tmps7ue1ps1.py\", line 19, in test_check\n    check(min_Jumps)\n  File \"/tmp/tmps7ue1ps1.py\", line 14, in check\n    assert candidate((3, 4), 11) == 3.5\nAssertionError\n",
      "exit_code": 1,
      "status": "Exception"
    },
    {
      "program": "from typing import Tuple\n\ndef min_Jumps(steps: Tuple[int], d: int) -> float:\n    \"\"\"\n\tWrite a function to check for the number of jumps required of given length to reach a point of form (d, 0) from origin in a 2d plane.\n\t\"\"\"\n    if d == 0:\n        return 0\n    if d < 0:\n        return float('inf')\n    jumps = float('inf')\n    for step in steps:\n        jumps = min(jumps, 1 + min_Jumps(steps, d - step))\n    return jumps\n\ndef check(candidate):\n    assert candidate((3, 4), 11) == 3.5\n    assert candidate((3, 4), 0) == 0\n    assert candidate((11, 14), 11) == 1\n\ndef test_check():\n    check(min_Jumps)\n\ntest_check()\n",
      "timestamp": 1666123309,
      "stdout": "",
      "stderr": "Traceback (most recent call last):\n  File \"/tmp/tmph6006jzf.py\", line 24, in <module>\n    test_check()\n  File \"/tmp/tmph6006jzf.py\", line 22, in test_check\n    check(min_Jumps)\n  File \"/tmp/tmph6006jzf.py\", line 17, in check\n    assert candidate((3, 4), 11) == 3.5\nAssertionError\n",
      "exit_code": 1,
      "status": "Exception"
    },
    {
      "program": "from typing import Tuple\n\ndef min_Jumps(steps: Tuple[int], d: int) -> float:\n    \"\"\"\n\tWrite a function to check for the number of jumps required of given length to reach a point of form (d, 0) from origin in a 2d plane.\n\t\"\"\"\n    if d == 0:\n        return 0\n    if d < 0:\n        return float('inf')\n    return min([min_Jumps(steps, d - step) for step in steps]) + 1\n\nprint(min_Jumps((1, 3, 5, 8, 9, 2, 6, 7, 6, 8, 9), 10))\ndef check(candidate):\n    assert candidate((3, 4), 11) == 3.5\n    assert candidate((3, 4), 0) == 0\n    assert candidate((11, 14), 11) == 1\n\ndef test_check():\n    check(min_Jumps)\n\ntest_check()\n",
      "timestamp": 1666123309,
      "stdout": "2\n",
      "stderr": "Traceback (most recent call last):\n  File \"/tmp/tmpa00jk36q.py\", line 22, in <module>\n    test_check()\n  File \"/tmp/tmpa00jk36q.py\", line 20, in test_check\n    check(min_Jumps)\n  File \"/tmp/tmpa00jk36q.py\", line 15, in check\n    assert candidate((3, 4), 11) == 3.5\nAssertionError\n",
      "exit_code": 1,
      "status": "Exception"
    },
    {
      "program": "from typing import Tuple\n\ndef min_Jumps(steps: Tuple[int], d: int) -> float:\n    \"\"\"\n\tWrite a function to check for the number of jumps required of given length to reach a point of form (d, 0) from origin in a 2d plane.\n\t\"\"\"\n    if d == 0:\n        return 0\n    if d < 0:\n        return float('inf')\n    return 1 + min(min_Jumps(steps, d - step) for step in steps)\n\ndef check(candidate):\n    assert candidate((3, 4), 11) == 3.5\n    assert candidate((3, 4), 0) == 0\n    assert candidate((11, 14), 11) == 1\n\ndef test_check():\n    check(min_Jumps)\n\ntest_check()\n",
      "timestamp": 1665510491,
      "stdout": "",
      "stderr": "Traceback (most recent call last):\n  File \"/tmp/tmps7ue1ps1.py\", line 21, in <module>\n    test_check()\n  File \"/tmp/tmps7ue1ps1.py\", line 19, in test_check\n    check(min_Jumps)\n  File \"/tmp/tmps7ue1ps1.py\", line 14, in check\n    assert candidate((3, 4), 11) == 3.5\nAssertionError\n",
      "exit_code": 1,
      "status": "Exception"
    },
    {
      "program": "from typing import Tuple\n\ndef min_Jumps(steps: Tuple[int], d: int) -> float:\n    \"\"\"\n\tWrite a function to check for the number of jumps required of given length to reach a point of form (d, 0) from origin in a 2d plane.\n\t\"\"\"\n    # Write your code here\n    # return 0.0\n    # return steps\n    # return d\n    # return steps[0]\n    # return steps[1]\n    # return steps[2]\n    # return steps[3]\n    # return steps[4]\n    # return steps[5]\n    # return steps[6]\n    # return steps[7]\n    # return steps[8]\n    # return steps[9]\n    # return steps[10]\n    # return steps[11]\n    # return steps[12]\n    # return steps[13]\n    # return steps[14]\n    # return steps[15]\n    # return steps[16]\n    # return steps[17]\n    # return steps[18]\n    # return steps[19]\n    # return steps[20]\n    # return steps[21]\n    # return steps[22]\n    # return steps[23]\n    # return steps[24]\n    # return steps[25]\n    # return steps[26]\n    # return steps[27]\n    # return steps[28]\n    # return steps[29]\n    # return steps[30]\n    # return steps[31]\n    # return steps[32]\n    # return steps[33]\n    # return steps[34]\n    # return steps[35]\n    # return steps[36]\n    # return steps[37]\n    # return steps[38]\n    # return steps[39]\n    # return steps[40]\n    # return steps[41]\n    # return steps[42]\n    # return steps[43]\n    # return steps[44]\n    # return steps[45]\n    # return steps[46]\n    # return steps[47]\n    # return steps[48]\n    # return steps[49]\n    # return steps[50]\n    # return steps[51]\n    # return steps[52]\n    # return steps[53]\n    # return steps[54]\n    # return steps[55]\n    # return steps[56]\n    # return steps[57]\n    # return steps[58]\n    # return steps[59]\n    # return steps[60]\ndef check(candidate):\n    assert candidate((3, 4), 11) == 3.5\n    assert candidate((3, 4), 0) == 0\n    assert candidate((11, 14), 11) == 1\n\ndef test_check():\n    check(min_Jumps)\n\ntest_check()\n",
      "timestamp": 1666123309,
      "stdout": "",
      "stderr": "Traceback (most recent call last):\n  File \"/tmp/tmp0y2kt53l.py\", line 80, in <module>\n    test_check()\n  File \"/tmp/tmp0y2kt53l.py\", line 78, in test_check\n    check(min_Jumps)\n  File \"/tmp/tmp0y2kt53l.py\", line 73, in check\n    assert candidate((3, 4), 11) == 3.5\nAssertionError\n",
      "exit_code": 1,
      "status": "Exception"
    },
    {
      "program": "from typing import Tuple\n\ndef min_Jumps(steps: Tuple[int], d: int) -> float:\n    \"\"\"\n\tWrite a function to check for the number of jumps required of given length to reach a point of form (d, 0) from origin in a 2d plane.\n\t\"\"\"\n    jumps = 0\n    for step in steps:\n        jumps += math.ceil(step / d)\n    return jumps\n\n\ndef check(candidate):\n    assert candidate((3, 4), 11) == 3.5\n    assert candidate((3, 4), 0) == 0\n    assert candidate((11, 14), 11) == 1\n\ndef test_check():\n    check(min_Jumps)\n\ntest_check()\n",
      "timestamp": 1666123309,
      "stdout": "",
      "stderr": "Traceback (most recent call last):\n  File \"/tmp/tmphhm_c2bz.py\", line 21, in <module>\n    test_check()\n  File \"/tmp/tmphhm_c2bz.py\", line 19, in test_check\n    check(min_Jumps)\n  File \"/tmp/tmphhm_c2bz.py\", line 14, in check\n    assert candidate((3, 4), 11) == 3.5\n  File \"/tmp/tmphhm_c2bz.py\", line 9, in min_Jumps\n    jumps += math.ceil(step / d)\nNameError: name 'math' is not defined\n",
      "exit_code": 1,
      "status": "Exception"
    },
    {
      "program": "from typing import Tuple\n\ndef min_Jumps(steps: Tuple[int], d: int) -> float:\n    \"\"\"\n\tWrite a function to check for the number of jumps required of given length to reach a point of form (d, 0) from origin in a 2d plane.\n\t\"\"\"\n    if d == 0:\n        return 0\n    if d < 0:\n        return float('inf')\n    return 1 + min(min_Jumps(steps, d - step) for step in steps)\n\ndef check(candidate):\n    assert candidate((3, 4), 11) == 3.5\n    assert candidate((3, 4), 0) == 0\n    assert candidate((11, 14), 11) == 1\n\ndef test_check():\n    check(min_Jumps)\n\ntest_check()\n",
      "timestamp": 1665510491,
      "stdout": "",
      "stderr": "Traceback (most recent call last):\n  File \"/tmp/tmps7ue1ps1.py\", line 21, in <module>\n    test_check()\n  File \"/tmp/tmps7ue1ps1.py\", line 19, in test_check\n    check(min_Jumps)\n  File \"/tmp/tmps7ue1ps1.py\", line 14, in check\n    assert candidate((3, 4), 11) == 3.5\nAssertionError\n",
      "exit_code": 1,
      "status": "Exception"
    },
    {
      "program": "from typing import Tuple\n\ndef min_Jumps(steps: Tuple[int], d: int) -> float:\n    \"\"\"\n\tWrite a function to check for the number of jumps required of given length to reach a point of form (d, 0) from origin in a 2d plane.\n\t\"\"\"\n    jumps = 0\n    for step in steps:\n        jumps += math.ceil(step / d)\n    return jumps\n\ndef check(candidate):\n    assert candidate((3, 4), 11) == 3.5\n    assert candidate((3, 4), 0) == 0\n    assert candidate((11, 14), 11) == 1\n\ndef test_check():\n    check(min_Jumps)\n\ntest_check()\n",
      "timestamp": 1666123309,
      "stdout": "",
      "stderr": "Traceback (most recent call last):\n  File \"/tmp/tmpouabv2wr.py\", line 20, in <module>\n    test_check()\n  File \"/tmp/tmpouabv2wr.py\", line 18, in test_check\n    check(min_Jumps)\n  File \"/tmp/tmpouabv2wr.py\", line 13, in check\n    assert candidate((3, 4), 11) == 3.5\n  File \"/tmp/tmpouabv2wr.py\", line 9, in min_Jumps\n    jumps += math.ceil(step / d)\nNameError: name 'math' is not defined\n",
      "exit_code": 1,
      "status": "Exception"
    },
    {
      "program": "from typing import Tuple\n\ndef min_Jumps(steps: Tuple[int], d: int) -> float:\n    \"\"\"\n\tWrite a function to check for the number of jumps required of given length to reach a point of form (d, 0) from origin in a 2d plane.\n\t\"\"\"\n    jumps = 0\n    for step in steps:\n        jumps += math.ceil(d / step)\n    return jumps\n\n\ndef check(candidate):\n    assert candidate((3, 4), 11) == 3.5\n    assert candidate((3, 4), 0) == 0\n    assert candidate((11, 14), 11) == 1\n\ndef test_check():\n    check(min_Jumps)\n\ntest_check()\n",
      "timestamp": 1665510491,
      "stdout": "",
      "stderr": "Traceback (most recent call last):\n  File \"/tmp/tmpuvwpivbi.py\", line 21, in <module>\n    test_check()\n  File \"/tmp/tmpuvwpivbi.py\", line 19, in test_check\n    check(min_Jumps)\n  File \"/tmp/tmpuvwpivbi.py\", line 14, in check\n    assert candidate((3, 4), 11) == 3.5\n  File \"/tmp/tmpuvwpivbi.py\", line 9, in min_Jumps\n    jumps += math.ceil(d / step)\nNameError: name 'math' is not defined\n",
      "exit_code": 1,
      "status": "Exception"
    },
    {
      "program": "from typing import Tuple\n\ndef min_Jumps(steps: Tuple[int], d: int) -> float:\n    \"\"\"\n\tWrite a function to check for the number of jumps required of given length to reach a point of form (d, 0) from origin in a 2d plane.\n\t\"\"\"\n    jumps = 0\n    curr_x = 0\n    curr_y = 0\n    while curr_x < d:\n        curr_x += steps[0]\n        curr_y += steps[1]\n        jumps += 1\n    return jumps\n\nprint(min_Jumps((4, 5), 10))\ndef check(candidate):\n    assert candidate((3, 4), 11) == 3.5\n    assert candidate((3, 4), 0) == 0\n    assert candidate((11, 14), 11) == 1\n\ndef test_check():\n    check(min_Jumps)\n\ntest_check()\n",
      "timestamp": 1666123309,
      "stdout": "3\n",
      "stderr": "Traceback (most recent call last):\n  File \"/tmp/tmp5t2l6kvo.py\", line 25, in <module>\n    test_check()\n  File \"/tmp/tmp5t2l6kvo.py\", line 23, in test_check\n    check(min_Jumps)\n  File \"/tmp/tmp5t2l6kvo.py\", line 18, in check\n    assert candidate((3, 4), 11) == 3.5\nAssertionError\n",
      "exit_code": 1,
      "status": "Exception"
    },
    {
      "program": "from typing import Tuple\n\ndef min_Jumps(steps: Tuple[int], d: int) -> float:\n    \"\"\"\n\tWrite a function to check for the number of jumps required of given length to reach a point of form (d, 0) from origin in a 2d plane.\n\t\"\"\"\n    if d == 0:\n        return 0\n    if d < 0:\n        return float('inf')\n    return 1 + min(min_Jumps(steps, d - step) for step in steps)\n\ndef check(candidate):\n    assert candidate((3, 4), 11) == 3.5\n    assert candidate((3, 4), 0) == 0\n    assert candidate((11, 14), 11) == 1\n\ndef test_check():\n    check(min_Jumps)\n\ntest_check()\n",
      "timestamp": 1665510491,
      "stdout": "",
      "stderr": "Traceback (most recent call last):\n  File \"/tmp/tmps7ue1ps1.py\", line 21, in <module>\n    test_check()\n  File \"/tmp/tmps7ue1ps1.py\", line 19, in test_check\n    check(min_Jumps)\n  File \"/tmp/tmps7ue1ps1.py\", line 14, in check\n    assert candidate((3, 4), 11) == 3.5\nAssertionError\n",
      "exit_code": 1,
      "status": "Exception"
    },
    {
      "program": "from typing import Tuple\n\ndef min_Jumps(steps: Tuple[int], d: int) -> float:\n    \"\"\"\n\tWrite a function to check for the number of jumps required of given length to reach a point of form (d, 0) from origin in a 2d plane.\n\t\"\"\"\n    if d == 0:\n        return 0\n    if d < 0:\n        return float('inf')\n    min_jumps = float('inf')\n    for step in steps:\n        min_jumps = min(min_jumps, 1 + min_Jumps(steps, d - step))\n    return min_jumps\n\ndef check(candidate):\n    assert candidate((3, 4), 11) == 3.5\n    assert candidate((3, 4), 0) == 0\n    assert candidate((11, 14), 11) == 1\n\ndef test_check():\n    check(min_Jumps)\n\ntest_check()\n",
      "timestamp": 1665510491,
      "stdout": "",
      "stderr": "Traceback (most recent call last):\n  File \"/tmp/tmpov7ibbr_.py\", line 24, in <module>\n    test_check()\n  File \"/tmp/tmpov7ibbr_.py\", line 22, in test_check\n    check(min_Jumps)\n  File \"/tmp/tmpov7ibbr_.py\", line 17, in check\n    assert candidate((3, 4), 11) == 3.5\nAssertionError\n",
      "exit_code": 1,
      "status": "Exception"
    },
    {
      "program": "from typing import Tuple\n\ndef min_Jumps(steps: Tuple[int], d: int) -> float:\n    \"\"\"\n\tWrite a function to check for the number of jumps required of given length to reach a point of form (d, 0) from origin in a 2d plane.\n\t\"\"\"\n    if d == 0:\n        return 0\n    if d < 0:\n        return float('inf')\n    return 1 + min(min_Jumps(steps, d - step) for step in steps)\n\ndef check(candidate):\n    assert candidate((3, 4), 11) == 3.5\n    assert candidate((3, 4), 0) == 0\n    assert candidate((11, 14), 11) == 1\n\ndef test_check():\n    check(min_Jumps)\n\ntest_check()\n",
      "timestamp": 1665510491,
      "stdout": "",
      "stderr": "Traceback (most recent call last):\n  File \"/tmp/tmps7ue1ps1.py\", line 21, in <module>\n    test_check()\n  File \"/tmp/tmps7ue1ps1.py\", line 19, in test_check\n    check(min_Jumps)\n  File \"/tmp/tmps7ue1ps1.py\", line 14, in check\n    assert candidate((3, 4), 11) == 3.5\nAssertionError\n",
      "exit_code": 1,
      "status": "Exception"
    },
    {
      "program": "from typing import Tuple\n\ndef min_Jumps(steps: Tuple[int], d: int) -> float:\n    \"\"\"\n\tWrite a function to check for the number of jumps required of given length to reach a point of form (d, 0) from origin in a 2d plane.\n\t\"\"\"\n    if d == 0:\n        return 0\n    if d < 0:\n        return float(\"inf\")\n    min_jumps = float(\"inf\")\n    for step in steps:\n        min_jumps = min(min_jumps, 1 + min_Jumps(steps, d - step))\n    return min_jumps\n\n\ndef check(candidate):\n    assert candidate((3, 4), 11) == 3.5\n    assert candidate((3, 4), 0) == 0\n    assert candidate((11, 14), 11) == 1\n\ndef test_check():\n    check(min_Jumps)\n\ntest_check()\n",
      "timestamp": 1666123309,
      "stdout": "",
      "stderr": "Traceback (most recent call last):\n  File \"/tmp/tmpdqd54ync.py\", line 25, in <module>\n    test_check()\n  File \"/tmp/tmpdqd54ync.py\", line 23, in test_check\n    check(min_Jumps)\n  File \"/tmp/tmpdqd54ync.py\", line 18, in check\n    assert candidate((3, 4), 11) == 3.5\nAssertionError\n",
      "exit_code": 1,
      "status": "Exception"
    },
    {
      "program": "from typing import Tuple\n\ndef min_Jumps(steps: Tuple[int], d: int) -> float:\n    \"\"\"\n\tWrite a function to check for the number of jumps required of given length to reach a point of form (d, 0) from origin in a 2d plane.\n\t\"\"\"\n    if d == 0:\n        return 0\n    if d < 0:\n        return float('inf')\n    min_jumps = float('inf')\n    for step in steps:\n        min_jumps = min(min_jumps, 1 + min_Jumps(steps, d - step))\n    return min_jumps\n\ndef check(candidate):\n    assert candidate((3, 4), 11) == 3.5\n    assert candidate((3, 4), 0) == 0\n    assert candidate((11, 14), 11) == 1\n\ndef test_check():\n    check(min_Jumps)\n\ntest_check()\n",
      "timestamp": 1665510491,
      "stdout": "",
      "stderr": "Traceback (most recent call last):\n  File \"/tmp/tmpov7ibbr_.py\", line 24, in <module>\n    test_check()\n  File \"/tmp/tmpov7ibbr_.py\", line 22, in test_check\n    check(min_Jumps)\n  File \"/tmp/tmpov7ibbr_.py\", line 17, in check\n    assert candidate((3, 4), 11) == 3.5\nAssertionError\n",
      "exit_code": 1,
      "status": "Exception"
    },
    {
      "program": "from typing import Tuple\n\ndef min_Jumps(steps: Tuple[int], d: int) -> float:\n    \"\"\"\n\tWrite a function to check for the number of jumps required of given length to reach a point of form (d, 0) from origin in a 2d plane.\n\t\"\"\"\n    if d == 0:\n        return 0\n    if d < 0:\n        return float('inf')\n    return min([1 + min_Jumps(steps, d - step) for step in steps])\n\ndef check(candidate):\n    assert candidate((3, 4), 11) == 3.5\n    assert candidate((3, 4), 0) == 0\n    assert candidate((11, 14), 11) == 1\n\ndef test_check():\n    check(min_Jumps)\n\ntest_check()\n",
      "timestamp": 1665510491,
      "stdout": "",
      "stderr": "Traceback (most recent call last):\n  File \"/tmp/tmpap8hnrdl.py\", line 21, in <module>\n    test_check()\n  File \"/tmp/tmpap8hnrdl.py\", line 19, in test_check\n    check(min_Jumps)\n  File \"/tmp/tmpap8hnrdl.py\", line 14, in check\n    assert candidate((3, 4), 11) == 3.5\nAssertionError\n",
      "exit_code": 1,
      "status": "Exception"
    },
    {
      "program": "from typing import Tuple\n\ndef min_Jumps(steps: Tuple[int], d: int) -> float:\n    \"\"\"\n\tWrite a function to check for the number of jumps required of given length to reach a point of form (d, 0) from origin in a 2d plane.\n\t\"\"\"\n    jumps = 0\n    for step in steps:\n        jumps += math.ceil(step / d)\n    return jumps\n\ndef check(candidate):\n    assert candidate((3, 4), 11) == 3.5\n    assert candidate((3, 4), 0) == 0\n    assert candidate((11, 14), 11) == 1\n\ndef test_check():\n    check(min_Jumps)\n\ntest_check()\n",
      "timestamp": 1666123309,
      "stdout": "",
      "stderr": "Traceback (most recent call last):\n  File \"/tmp/tmpouabv2wr.py\", line 20, in <module>\n    test_check()\n  File \"/tmp/tmpouabv2wr.py\", line 18, in test_check\n    check(min_Jumps)\n  File \"/tmp/tmpouabv2wr.py\", line 13, in check\n    assert candidate((3, 4), 11) == 3.5\n  File \"/tmp/tmpouabv2wr.py\", line 9, in min_Jumps\n    jumps += math.ceil(step / d)\nNameError: name 'math' is not defined\n",
      "exit_code": 1,
      "status": "Exception"
    },
    {
      "program": "from typing import Tuple\n\ndef min_Jumps(steps: Tuple[int], d: int) -> float:\n    \"\"\"\n\tWrite a function to check for the number of jumps required of given length to reach a point of form (d, 0) from origin in a 2d plane.\n\t\"\"\"\n    if d == 0:\n        return 0\n    if d < 0:\n        return float('inf')\n    return 1 + min(min_Jumps(steps, d - step) for step in steps)\n\ndef check(candidate):\n    assert candidate((3, 4), 11) == 3.5\n    assert candidate((3, 4), 0) == 0\n    assert candidate((11, 14), 11) == 1\n\ndef test_check():\n    check(min_Jumps)\n\ntest_check()\n",
      "timestamp": 1665510491,
      "stdout": "",
      "stderr": "Traceback (most recent call last):\n  File \"/tmp/tmps7ue1ps1.py\", line 21, in <module>\n    test_check()\n  File \"/tmp/tmps7ue1ps1.py\", line 19, in test_check\n    check(min_Jumps)\n  File \"/tmp/tmps7ue1ps1.py\", line 14, in check\n    assert candidate((3, 4), 11) == 3.5\nAssertionError\n",
      "exit_code": 1,
      "status": "Exception"
    },
    {
      "program": "from typing import Tuple\n\ndef min_Jumps(steps: Tuple[int], d: int) -> float:\n    \"\"\"\n\tWrite a function to check for the number of jumps required of given length to reach a point of form (d, 0) from origin in a 2d plane.\n\t\"\"\"\n    if d == 0:\n        return 0\n    if d < 0:\n        return float('inf')\n    min_jumps = float('inf')\n    for step in steps:\n        min_jumps = min(min_jumps, 1 + min_Jumps(steps, d - step))\n    return min_jumps\n\ndef check(candidate):\n    assert candidate((3, 4), 11) == 3.5\n    assert candidate((3, 4), 0) == 0\n    assert candidate((11, 14), 11) == 1\n\ndef test_check():\n    check(min_Jumps)\n\ntest_check()\n",
      "timestamp": 1665510491,
      "stdout": "",
      "stderr": "Traceback (most recent call last):\n  File \"/tmp/tmpov7ibbr_.py\", line 24, in <module>\n    test_check()\n  File \"/tmp/tmpov7ibbr_.py\", line 22, in test_check\n    check(min_Jumps)\n  File \"/tmp/tmpov7ibbr_.py\", line 17, in check\n    assert candidate((3, 4), 11) == 3.5\nAssertionError\n",
      "exit_code": 1,
      "status": "Exception"
    },
    {
      "program": "from typing import Tuple\n\ndef min_Jumps(steps: Tuple[int], d: int) -> float:\n    \"\"\"\n\tWrite a function to check for the number of jumps required of given length to reach a point of form (d, 0) from origin in a 2d plane.\n\t\"\"\"\n    if d == 0:\n        return 0\n    if d < 0:\n        return float('inf')\n    return 1 + min(min_Jumps(steps, d - step) for step in steps)\n\ndef check(candidate):\n    assert candidate((3, 4), 11) == 3.5\n    assert candidate((3, 4), 0) == 0\n    assert candidate((11, 14), 11) == 1\n\ndef test_check():\n    check(min_Jumps)\n\ntest_check()\n",
      "timestamp": 1665510491,
      "stdout": "",
      "stderr": "Traceback (most recent call last):\n  File \"/tmp/tmps7ue1ps1.py\", line 21, in <module>\n    test_check()\n  File \"/tmp/tmps7ue1ps1.py\", line 19, in test_check\n    check(min_Jumps)\n  File \"/tmp/tmps7ue1ps1.py\", line 14, in check\n    assert candidate((3, 4), 11) == 3.5\nAssertionError\n",
      "exit_code": 1,
      "status": "Exception"
    },
    {
      "program": "from typing import Tuple\n\ndef min_Jumps(steps: Tuple[int], d: int) -> float:\n    \"\"\"\n\tWrite a function to check for the number of jumps required of given length to reach a point of form (d, 0) from origin in a 2d plane.\n\t\"\"\"\n    if d == 0:\n        return 0\n    if d < 0:\n        return float('inf')\n    jumps = float('inf')\n    for step in steps:\n        jumps = min(jumps, 1 + min_Jumps(steps, d - step))\n    return jumps\n\ndef check(candidate):\n    assert candidate((3, 4), 11) == 3.5\n    assert candidate((3, 4), 0) == 0\n    assert candidate((11, 14), 11) == 1\n\ndef test_check():\n    check(min_Jumps)\n\ntest_check()\n",
      "timestamp": 1666123309,
      "stdout": "",
      "stderr": "Traceback (most recent call last):\n  File \"/tmp/tmph6006jzf.py\", line 24, in <module>\n    test_check()\n  File \"/tmp/tmph6006jzf.py\", line 22, in test_check\n    check(min_Jumps)\n  File \"/tmp/tmph6006jzf.py\", line 17, in check\n    assert candidate((3, 4), 11) == 3.5\nAssertionError\n",
      "exit_code": 1,
      "status": "Exception"
    },
    {
      "program": "from typing import Tuple\n\ndef min_Jumps(steps: Tuple[int], d: int) -> float:\n    \"\"\"\n\tWrite a function to check for the number of jumps required of given length to reach a point of form (d, 0) from origin in a 2d plane.\n\t\"\"\"\n    if d == 0:\n        return 0\n    if d < 0:\n        return float('inf')\n    return min(1 + min_Jumps(steps, d - step) for step in steps)\n\ndef check(candidate):\n    assert candidate((3, 4), 11) == 3.5\n    assert candidate((3, 4), 0) == 0\n    assert candidate((11, 14), 11) == 1\n\ndef test_check():\n    check(min_Jumps)\n\ntest_check()\n",
      "timestamp": 1666123309,
      "stdout": "",
      "stderr": "Traceback (most recent call last):\n  File \"/tmp/tmpp89_xfz3.py\", line 21, in <module>\n    test_check()\n  File \"/tmp/tmpp89_xfz3.py\", line 19, in test_check\n    check(min_Jumps)\n  File \"/tmp/tmpp89_xfz3.py\", line 14, in check\n    assert candidate((3, 4), 11) == 3.5\nAssertionError\n",
      "exit_code": 1,
      "status": "Exception"
    },
    {
      "program": "from typing import Tuple\n\ndef min_Jumps(steps: Tuple[int], d: int) -> float:\n    \"\"\"\n\tWrite a function to check for the number of jumps required of given length to reach a point of form (d, 0) from origin in a 2d plane.\n\t\"\"\"\n    if d == 0:\n        return 0\n    if d < 0:\n        return float('inf')\n    return 1 + min(min_Jumps(steps, d - step) for step in steps)\n\ndef check(candidate):\n    assert candidate((3, 4), 11) == 3.5\n    assert candidate((3, 4), 0) == 0\n    assert candidate((11, 14), 11) == 1\n\ndef test_check():\n    check(min_Jumps)\n\ntest_check()\n",
      "timestamp": 1665510491,
      "stdout": "",
      "stderr": "Traceback (most recent call last):\n  File \"/tmp/tmps7ue1ps1.py\", line 21, in <module>\n    test_check()\n  File \"/tmp/tmps7ue1ps1.py\", line 19, in test_check\n    check(min_Jumps)\n  File \"/tmp/tmps7ue1ps1.py\", line 14, in check\n    assert candidate((3, 4), 11) == 3.5\nAssertionError\n",
      "exit_code": 1,
      "status": "Exception"
    },
    {
      "program": "from typing import Tuple\n\ndef min_Jumps(steps: Tuple[int], d: int) -> float:\n    \"\"\"\n\tWrite a function to check for the number of jumps required of given length to reach a point of form (d, 0) from origin in a 2d plane.\n\t\"\"\"\n    if d == 0:\n        return 0\n    if d < 0:\n        return float('inf')\n    return 1 + min(min_Jumps(steps, d - step) for step in steps)\n\nprint(min_Jumps((1, 3, 5, 8, 9, 2, 6, 7, 6, 8, 9), 10))\ndef check(candidate):\n    assert candidate((3, 4), 11) == 3.5\n    assert candidate((3, 4), 0) == 0\n    assert candidate((11, 14), 11) == 1\n\ndef test_check():\n    check(min_Jumps)\n\ntest_check()\n",
      "timestamp": 1665510491,
      "stdout": "2\n",
      "stderr": "Traceback (most recent call last):\n  File \"/tmp/tmpifbnotg1.py\", line 22, in <module>\n    test_check()\n  File \"/tmp/tmpifbnotg1.py\", line 20, in test_check\n    check(min_Jumps)\n  File \"/tmp/tmpifbnotg1.py\", line 15, in check\n    assert candidate((3, 4), 11) == 3.5\nAssertionError\n",
      "exit_code": 1,
      "status": "Exception"
    },
    {
      "program": "from typing import Tuple\n\ndef min_Jumps(steps: Tuple[int], d: int) -> float:\n    \"\"\"\n\tWrite a function to check for the number of jumps required of given length to reach a point of form (d, 0) from origin in a 2d plane.\n\t\"\"\"\n    # If the distance is 0, then no jumps are required\n    if d == 0:\n        return 0\n    # If the distance is less than the smallest step, then no jumps are possible\n    if d < min(steps):\n        return -1\n    # If the distance is greater than the sum of all the steps, then no jumps are possible\n    if d > sum(steps):\n        return -1\n    # If the distance is equal to the sum of all the steps, then only one jump is required\n    if d == sum(steps):\n        return 1\n    # If the distance is greater than the sum of all the steps, then no jumps are possible\n    if d > sum(steps):\n        return -1\n    # If the distance is equal to the sum of all the steps, then only one jump is required\n    if d == sum(steps):\n        return 1\n    # If the distance is greater than the sum of all the steps, then no jumps are possible\n    if d > sum(steps):\n        return -1\n    # If the distance is equal to the sum of all the steps, then only one jump is required\n    if d == sum(steps):\n        return 1\n    # If the distance is greater than the sum of all the steps, then no jumps are possible\n    if d > sum(steps):\n        return -1\n    # If the distance is equal to the sum of all the steps, then only one jump is required\n    if d == sum(steps):\n        return 1\n    # If the distance is greater than the sum of all the steps, then no jumps are possible\n    if d > sum(steps):\n        return -1\n    # If the distance is equal to the sum of all the steps, then only one jump is required\n    if d == sum(steps):\n        return 1\n    # If the distance is greater than the sum of all the steps, then no jumps are possible\n    if d > sum(steps):\n        return -1\n    # If the distance is equal to the sum of all the steps, then only one jump is required\n    if d == sum(steps):\n        return 1\n    # If the distance is greater than the sum of all the steps, then no jumps are possible\n    if d > sum(steps):\n        return -1\ndef check(candidate):\n    assert candidate((3, 4), 11) == 3.5\n    assert candidate((3, 4), 0) == 0\n    assert candidate((11, 14), 11) == 1\n\ndef test_check():\n    check(min_Jumps)\n\ntest_check()\n",
      "timestamp": 1666123309,
      "stdout": "",
      "stderr": "Traceback (most recent call last):\n  File \"/tmp/tmpo9e7n_l1.py\", line 60, in <module>\n    test_check()\n  File \"/tmp/tmpo9e7n_l1.py\", line 58, in test_check\n    check(min_Jumps)\n  File \"/tmp/tmpo9e7n_l1.py\", line 53, in check\n    assert candidate((3, 4), 11) == 3.5\nAssertionError\n",
      "exit_code": 1,
      "status": "Exception"
    },
    {
      "program": "from typing import Tuple\n\ndef min_Jumps(steps: Tuple[int], d: int) -> float:\n    \"\"\"\n\tWrite a function to check for the number of jumps required of given length to reach a point of form (d, 0) from origin in a 2d plane.\n\t\"\"\"\n    if d == 0:\n        return 0\n    if d < 0:\n        return float('inf')\n    min_jumps = float('inf')\n    for step in steps:\n        min_jumps = min(min_jumps, 1 + min_Jumps(steps, d - step))\n    return min_jumps\n\ndef check(candidate):\n    assert candidate((3, 4), 11) == 3.5\n    assert candidate((3, 4), 0) == 0\n    assert candidate((11, 14), 11) == 1\n\ndef test_check():\n    check(min_Jumps)\n\ntest_check()\n",
      "timestamp": 1665510491,
      "stdout": "",
      "stderr": "Traceback (most recent call last):\n  File \"/tmp/tmpov7ibbr_.py\", line 24, in <module>\n    test_check()\n  File \"/tmp/tmpov7ibbr_.py\", line 22, in test_check\n    check(min_Jumps)\n  File \"/tmp/tmpov7ibbr_.py\", line 17, in check\n    assert candidate((3, 4), 11) == 3.5\nAssertionError\n",
      "exit_code": 1,
      "status": "Exception"
    },
    {
      "program": "from typing import Tuple\n\ndef min_Jumps(steps: Tuple[int], d: int) -> float:\n    \"\"\"\n\tWrite a function to check for the number of jumps required of given length to reach a point of form (d, 0) from origin in a 2d plane.\n\t\"\"\"\n    if d == 0:\n        return 0\n    if d < 0:\n        return float('inf')\n    return 1 + min(min_Jumps(steps, d - step) for step in steps)\n\nprint(min_Jumps((1, 3, 5, 8, 9, 2, 6, 7, 6, 8, 9), 10))\ndef check(candidate):\n    assert candidate((3, 4), 11) == 3.5\n    assert candidate((3, 4), 0) == 0\n    assert candidate((11, 14), 11) == 1\n\ndef test_check():\n    check(min_Jumps)\n\ntest_check()\n",
      "timestamp": 1665510491,
      "stdout": "2\n",
      "stderr": "Traceback (most recent call last):\n  File \"/tmp/tmpifbnotg1.py\", line 22, in <module>\n    test_check()\n  File \"/tmp/tmpifbnotg1.py\", line 20, in test_check\n    check(min_Jumps)\n  File \"/tmp/tmpifbnotg1.py\", line 15, in check\n    assert candidate((3, 4), 11) == 3.5\nAssertionError\n",
      "exit_code": 1,
      "status": "Exception"
    },
    {
      "program": "from typing import Tuple\n\ndef min_Jumps(steps: Tuple[int], d: int) -> float:\n    \"\"\"\n\tWrite a function to check for the number of jumps required of given length to reach a point of form (d, 0) from origin in a 2d plane.\n\t\"\"\"\n    if d == 0:\n        return 0\n    if d < 0:\n        return float('inf')\n    min_jumps = float('inf')\n    for step in steps:\n        min_jumps = min(min_jumps, min_Jumps(steps, d - step) + 1)\n    return min_jumps\n\ndef check(candidate):\n    assert candidate((3, 4), 11) == 3.5\n    assert candidate((3, 4), 0) == 0\n    assert candidate((11, 14), 11) == 1\n\ndef test_check():\n    check(min_Jumps)\n\ntest_check()\n",
      "timestamp": 1666123309,
      "stdout": "",
      "stderr": "Traceback (most recent call last):\n  File \"/tmp/tmpfomzqjse.py\", line 24, in <module>\n    test_check()\n  File \"/tmp/tmpfomzqjse.py\", line 22, in test_check\n    check(min_Jumps)\n  File \"/tmp/tmpfomzqjse.py\", line 17, in check\n    assert candidate((3, 4), 11) == 3.5\nAssertionError\n",
      "exit_code": 1,
      "status": "Exception"
    },
    {
      "program": "from typing import Tuple\n\ndef min_Jumps(steps: Tuple[int], d: int) -> float:\n    \"\"\"\n\tWrite a function to check for the number of jumps required of given length to reach a point of form (d, 0) from origin in a 2d plane.\n\t\"\"\"\n    if d == 0:\n        return 0\n    if d < 0:\n        return float('inf')\n    return min(min_Jumps(steps, d - step) for step in steps) + 1\n\ndef check(candidate):\n    assert candidate((3, 4), 11) == 3.5\n    assert candidate((3, 4), 0) == 0\n    assert candidate((11, 14), 11) == 1\n\ndef test_check():\n    check(min_Jumps)\n\ntest_check()\n",
      "timestamp": 1666123309,
      "stdout": "",
      "stderr": "Traceback (most recent call last):\n  File \"/tmp/tmp4wuaoo6s.py\", line 21, in <module>\n    test_check()\n  File \"/tmp/tmp4wuaoo6s.py\", line 19, in test_check\n    check(min_Jumps)\n  File \"/tmp/tmp4wuaoo6s.py\", line 14, in check\n    assert candidate((3, 4), 11) == 3.5\nAssertionError\n",
      "exit_code": 1,
      "status": "Exception"
    },
    {
      "program": "from typing import Tuple\n\ndef min_Jumps(steps: Tuple[int], d: int) -> float:\n    \"\"\"\n\tWrite a function to check for the number of jumps required of given length to reach a point of form (d, 0) from origin in a 2d plane.\n\t\"\"\"\n    jumps = 0\n    for step in steps:\n        jumps += math.ceil(step / d)\n    return jumps\n\ndef check(candidate):\n    assert candidate((3, 4), 11) == 3.5\n    assert candidate((3, 4), 0) == 0\n    assert candidate((11, 14), 11) == 1\n\ndef test_check():\n    check(min_Jumps)\n\ntest_check()\n",
      "timestamp": 1666123309,
      "stdout": "",
      "stderr": "Traceback (most recent call last):\n  File \"/tmp/tmpouabv2wr.py\", line 20, in <module>\n    test_check()\n  File \"/tmp/tmpouabv2wr.py\", line 18, in test_check\n    check(min_Jumps)\n  File \"/tmp/tmpouabv2wr.py\", line 13, in check\n    assert candidate((3, 4), 11) == 3.5\n  File \"/tmp/tmpouabv2wr.py\", line 9, in min_Jumps\n    jumps += math.ceil(step / d)\nNameError: name 'math' is not defined\n",
      "exit_code": 1,
      "status": "Exception"
    },
    {
      "program": "from typing import Tuple\n\ndef min_Jumps(steps: Tuple[int], d: int) -> float:\n    \"\"\"\n\tWrite a function to check for the number of jumps required of given length to reach a point of form (d, 0) from origin in a 2d plane.\n\t\"\"\"\n    if d == 0:\n        return 0\n    if d < 0:\n        return float('inf')\n    return min(min_Jumps(steps, d - step) for step in steps) + 1\n\n\ndef check(candidate):\n    assert candidate((3, 4), 11) == 3.5\n    assert candidate((3, 4), 0) == 0\n    assert candidate((11, 14), 11) == 1\n\ndef test_check():\n    check(min_Jumps)\n\ntest_check()\n",
      "timestamp": 1666123309,
      "stdout": "",
      "stderr": "Traceback (most recent call last):\n  File \"/tmp/tmp9rcikjwo.py\", line 22, in <module>\n    test_check()\n  File \"/tmp/tmp9rcikjwo.py\", line 20, in test_check\n    check(min_Jumps)\n  File \"/tmp/tmp9rcikjwo.py\", line 15, in check\n    assert candidate((3, 4), 11) == 3.5\nAssertionError\n",
      "exit_code": 1,
      "status": "Exception"
    },
    {
      "program": "from typing import Tuple\n\ndef min_Jumps(steps: Tuple[int], d: int) -> float:\n    \"\"\"\n\tWrite a function to check for the number of jumps required of given length to reach a point of form (d, 0) from origin in a 2d plane.\n\t\"\"\"\n    jumps = 0\n    for step in steps:\n        jumps += math.ceil(d / step)\n    return jumps\n\n\ndef check(candidate):\n    assert candidate((3, 4), 11) == 3.5\n    assert candidate((3, 4), 0) == 0\n    assert candidate((11, 14), 11) == 1\n\ndef test_check():\n    check(min_Jumps)\n\ntest_check()\n",
      "timestamp": 1665510491,
      "stdout": "",
      "stderr": "Traceback (most recent call last):\n  File \"/tmp/tmpuvwpivbi.py\", line 21, in <module>\n    test_check()\n  File \"/tmp/tmpuvwpivbi.py\", line 19, in test_check\n    check(min_Jumps)\n  File \"/tmp/tmpuvwpivbi.py\", line 14, in check\n    assert candidate((3, 4), 11) == 3.5\n  File \"/tmp/tmpuvwpivbi.py\", line 9, in min_Jumps\n    jumps += math.ceil(d / step)\nNameError: name 'math' is not defined\n",
      "exit_code": 1,
      "status": "Exception"
    },
    {
      "program": "from typing import Tuple\n\ndef min_Jumps(steps: Tuple[int], d: int) -> float:\n    \"\"\"\n\tWrite a function to check for the number of jumps required of given length to reach a point of form (d, 0) from origin in a 2d plane.\n\t\"\"\"\n    if d == 0:\n        return 0\n    if d < 0:\n        return float('inf')\n    return 1 + min(min_Jumps(steps, d - step) for step in steps)\n\nprint(min_Jumps((1, 3, 5, 8, 9, 2, 6, 7, 6, 8, 9), 10))\ndef check(candidate):\n    assert candidate((3, 4), 11) == 3.5\n    assert candidate((3, 4), 0) == 0\n    assert candidate((11, 14), 11) == 1\n\ndef test_check():\n    check(min_Jumps)\n\ntest_check()\n",
      "timestamp": 1665510491,
      "stdout": "2\n",
      "stderr": "Traceback (most recent call last):\n  File \"/tmp/tmpifbnotg1.py\", line 22, in <module>\n    test_check()\n  File \"/tmp/tmpifbnotg1.py\", line 20, in test_check\n    check(min_Jumps)\n  File \"/tmp/tmpifbnotg1.py\", line 15, in check\n    assert candidate((3, 4), 11) == 3.5\nAssertionError\n",
      "exit_code": 1,
      "status": "Exception"
    },
    {
      "program": "from typing import Tuple\n\ndef min_Jumps(steps: Tuple[int], d: int) -> float:\n    \"\"\"\n\tWrite a function to check for the number of jumps required of given length to reach a point of form (d, 0) from origin in a 2d plane.\n\t\"\"\"\n    jumps = 0\n    for step in steps:\n        if step == 0:\n            return float(\"inf\")\n        jumps += ceil(d / step)\n    return jumps\n\ndef check(candidate):\n    assert candidate((3, 4), 11) == 3.5\n    assert candidate((3, 4), 0) == 0\n    assert candidate((11, 14), 11) == 1\n\ndef test_check():\n    check(min_Jumps)\n\ntest_check()\n",
      "timestamp": 1666123309,
      "stdout": "",
      "stderr": "Traceback (most recent call last):\n  File \"/tmp/tmp2vk4bdlr.py\", line 22, in <module>\n    test_check()\n  File \"/tmp/tmp2vk4bdlr.py\", line 20, in test_check\n    check(min_Jumps)\n  File \"/tmp/tmp2vk4bdlr.py\", line 15, in check\n    assert candidate((3, 4), 11) == 3.5\n  File \"/tmp/tmp2vk4bdlr.py\", line 11, in min_Jumps\n    jumps += ceil(d / step)\nNameError: name 'ceil' is not defined\n",
      "exit_code": 1,
      "status": "Exception"
    },
    {
      "program": "from typing import Tuple\n\ndef min_Jumps(steps: Tuple[int], d: int) -> float:\n    \"\"\"\n\tWrite a function to check for the number of jumps required of given length to reach a point of form (d, 0) from origin in a 2d plane.\n\t\"\"\"\n    if d == 0:\n        return 0\n    if d < 0:\n        return float('inf')\n    return min(min_Jumps(steps, d - step) for step in steps) + 1\n\ndef check(candidate):\n    assert candidate((3, 4), 11) == 3.5\n    assert candidate((3, 4), 0) == 0\n    assert candidate((11, 14), 11) == 1\n\ndef test_check():\n    check(min_Jumps)\n\ntest_check()\n",
      "timestamp": 1666123309,
      "stdout": "",
      "stderr": "Traceback (most recent call last):\n  File \"/tmp/tmp4wuaoo6s.py\", line 21, in <module>\n    test_check()\n  File \"/tmp/tmp4wuaoo6s.py\", line 19, in test_check\n    check(min_Jumps)\n  File \"/tmp/tmp4wuaoo6s.py\", line 14, in check\n    assert candidate((3, 4), 11) == 3.5\nAssertionError\n",
      "exit_code": 1,
      "status": "Exception"
    },
    {
      "program": "from typing import Tuple\n\ndef min_Jumps(steps: Tuple[int], d: int) -> float:\n    \"\"\"\n\tWrite a function to check for the number of jumps required of given length to reach a point of form (d, 0) from origin in a 2d plane.\n\t\"\"\"\n    if d == 0:\n        return 0\n    if d < 0:\n        return float('inf')\n    return 1 + min(min_Jumps(steps, d - step) for step in steps)\n\ndef check(candidate):\n    assert candidate((3, 4), 11) == 3.5\n    assert candidate((3, 4), 0) == 0\n    assert candidate((11, 14), 11) == 1\n\ndef test_check():\n    check(min_Jumps)\n\ntest_check()\n",
      "timestamp": 1665510491,
      "stdout": "",
      "stderr": "Traceback (most recent call last):\n  File \"/tmp/tmps7ue1ps1.py\", line 21, in <module>\n    test_check()\n  File \"/tmp/tmps7ue1ps1.py\", line 19, in test_check\n    check(min_Jumps)\n  File \"/tmp/tmps7ue1ps1.py\", line 14, in check\n    assert candidate((3, 4), 11) == 3.5\nAssertionError\n",
      "exit_code": 1,
      "status": "Exception"
    },
    {
      "program": "from typing import Tuple\n\ndef min_Jumps(steps: Tuple[int], d: int) -> float:\n    \"\"\"\n\tWrite a function to check for the number of jumps required of given length to reach a point of form (d, 0) from origin in a 2d plane.\n\t\"\"\"\n    if d == 0:\n        return 0\n    if d < 0:\n        return float('inf')\n    return 1 + min(min_Jumps(steps, d-step) for step in steps)\n\ndef check(candidate):\n    assert candidate((3, 4), 11) == 3.5\n    assert candidate((3, 4), 0) == 0\n    assert candidate((11, 14), 11) == 1\n\ndef test_check():\n    check(min_Jumps)\n\ntest_check()\n",
      "timestamp": 1666123309,
      "stdout": "",
      "stderr": "Traceback (most recent call last):\n  File \"/tmp/tmpyqx7c39s.py\", line 21, in <module>\n    test_check()\n  File \"/tmp/tmpyqx7c39s.py\", line 19, in test_check\n    check(min_Jumps)\n  File \"/tmp/tmpyqx7c39s.py\", line 14, in check\n    assert candidate((3, 4), 11) == 3.5\nAssertionError\n",
      "exit_code": 1,
      "status": "Exception"
    },
    {
      "program": "from typing import Tuple\n\ndef min_Jumps(steps: Tuple[int], d: int) -> float:\n    \"\"\"\n\tWrite a function to check for the number of jumps required of given length to reach a point of form (d, 0) from origin in a 2d plane.\n\t\"\"\"\n    if d == 0:\n        return 0\n    if d < 0:\n        return float('inf')\n    return 1 + min(min_Jumps(steps, d - step) for step in steps)\n\nprint(min_Jumps((1, 3, 5, 8, 9, 2, 6, 7, 6, 8, 9), 10))\ndef check(candidate):\n    assert candidate((3, 4), 11) == 3.5\n    assert candidate((3, 4), 0) == 0\n    assert candidate((11, 14), 11) == 1\n\ndef test_check():\n    check(min_Jumps)\n\ntest_check()\n",
      "timestamp": 1665510491,
      "stdout": "2\n",
      "stderr": "Traceback (most recent call last):\n  File \"/tmp/tmpifbnotg1.py\", line 22, in <module>\n    test_check()\n  File \"/tmp/tmpifbnotg1.py\", line 20, in test_check\n    check(min_Jumps)\n  File \"/tmp/tmpifbnotg1.py\", line 15, in check\n    assert candidate((3, 4), 11) == 3.5\nAssertionError\n",
      "exit_code": 1,
      "status": "Exception"
    },
    {
      "program": "from typing import Tuple\n\ndef min_Jumps(steps: Tuple[int], d: int) -> float:\n    \"\"\"\n\tWrite a function to check for the number of jumps required of given length to reach a point of form (d, 0) from origin in a 2d plane.\n\t\"\"\"\n    # Write your code here\n    if d == 0:\n        return 0\n    if d < 0:\n        return -1\n    min_jumps = float('inf')\n    for step in steps:\n        jumps = min_Jumps(steps, d - step)\n        if jumps != -1 and jumps < min_jumps:\n            min_jumps = jumps + 1\n    return min_jumps if min_jumps != float('inf') else -1\n\ndef check(candidate):\n    assert candidate((3, 4), 11) == 3.5\n    assert candidate((3, 4), 0) == 0\n    assert candidate((11, 14), 11) == 1\n\ndef test_check():\n    check(min_Jumps)\n\ntest_check()\n",
      "timestamp": 1666123309,
      "stdout": "",
      "stderr": "Traceback (most recent call last):\n  File \"/tmp/tmp7v8b29zt.py\", line 27, in <module>\n    test_check()\n  File \"/tmp/tmp7v8b29zt.py\", line 25, in test_check\n    check(min_Jumps)\n  File \"/tmp/tmp7v8b29zt.py\", line 20, in check\n    assert candidate((3, 4), 11) == 3.5\nAssertionError\n",
      "exit_code": 1,
      "status": "Exception"
    },
    {
      "program": "from typing import Tuple\n\ndef min_Jumps(steps: Tuple[int], d: int) -> float:\n    \"\"\"\n\tWrite a function to check for the number of jumps required of given length to reach a point of form (d, 0) from origin in a 2d plane.\n\t\"\"\"\n    if d == 0:\n        return 0\n    if d < 0:\n        return float('inf')\n    return 1 + min(min_Jumps(steps, d - step) for step in steps)\n\ndef check(candidate):\n    assert candidate((3, 4), 11) == 3.5\n    assert candidate((3, 4), 0) == 0\n    assert candidate((11, 14), 11) == 1\n\ndef test_check():\n    check(min_Jumps)\n\ntest_check()\n",
      "timestamp": 1665510491,
      "stdout": "",
      "stderr": "Traceback (most recent call last):\n  File \"/tmp/tmps7ue1ps1.py\", line 21, in <module>\n    test_check()\n  File \"/tmp/tmps7ue1ps1.py\", line 19, in test_check\n    check(min_Jumps)\n  File \"/tmp/tmps7ue1ps1.py\", line 14, in check\n    assert candidate((3, 4), 11) == 3.5\nAssertionError\n",
      "exit_code": 1,
      "status": "Exception"
    },
    {
      "program": "from typing import Tuple\n\ndef min_Jumps(steps: Tuple[int], d: int) -> float:\n    \"\"\"\n\tWrite a function to check for the number of jumps required of given length to reach a point of form (d, 0) from origin in a 2d plane.\n\t\"\"\"\n    if d == 0:\n        return 0\n    if d < 0:\n        return float('inf')\n    min_jumps = float('inf')\n    for step in steps:\n        min_jumps = min(min_jumps, 1 + min_Jumps(steps, d - step))\n    return min_jumps\n\ndef check(candidate):\n    assert candidate((3, 4), 11) == 3.5\n    assert candidate((3, 4), 0) == 0\n    assert candidate((11, 14), 11) == 1\n\ndef test_check():\n    check(min_Jumps)\n\ntest_check()\n",
      "timestamp": 1665510491,
      "stdout": "",
      "stderr": "Traceback (most recent call last):\n  File \"/tmp/tmpov7ibbr_.py\", line 24, in <module>\n    test_check()\n  File \"/tmp/tmpov7ibbr_.py\", line 22, in test_check\n    check(min_Jumps)\n  File \"/tmp/tmpov7ibbr_.py\", line 17, in check\n    assert candidate((3, 4), 11) == 3.5\nAssertionError\n",
      "exit_code": 1,
      "status": "Exception"
    },
    {
      "program": "from typing import Tuple\n\ndef min_Jumps(steps: Tuple[int], d: int) -> float:\n    \"\"\"\n\tWrite a function to check for the number of jumps required of given length to reach a point of form (d, 0) from origin in a 2d plane.\n\t\"\"\"\n    if d == 0:\n        return 0\n    if d < 0:\n        return float('inf')\n    return 1 + min(min_Jumps(steps, d - step) for step in steps)\n\ndef check(candidate):\n    assert candidate((3, 4), 11) == 3.5\n    assert candidate((3, 4), 0) == 0\n    assert candidate((11, 14), 11) == 1\n\ndef test_check():\n    check(min_Jumps)\n\ntest_check()\n",
      "timestamp": 1665510491,
      "stdout": "",
      "stderr": "Traceback (most recent call last):\n  File \"/tmp/tmps7ue1ps1.py\", line 21, in <module>\n    test_check()\n  File \"/tmp/tmps7ue1ps1.py\", line 19, in test_check\n    check(min_Jumps)\n  File \"/tmp/tmps7ue1ps1.py\", line 14, in check\n    assert candidate((3, 4), 11) == 3.5\nAssertionError\n",
      "exit_code": 1,
      "status": "Exception"
    },
    {
      "program": "from typing import Tuple\n\ndef min_Jumps(steps: Tuple[int], d: int) -> float:\n    \"\"\"\n\tWrite a function to check for the number of jumps required of given length to reach a point of form (d, 0) from origin in a 2d plane.\n\t\"\"\"\n    if d == 0:\n        return 0\n    if d < 0:\n        return float('inf')\n    return 1 + min(min_Jumps(steps, d - step) for step in steps)\n\ndef check(candidate):\n    assert candidate((3, 4), 11) == 3.5\n    assert candidate((3, 4), 0) == 0\n    assert candidate((11, 14), 11) == 1\n\ndef test_check():\n    check(min_Jumps)\n\ntest_check()\n",
      "timestamp": 1665510491,
      "stdout": "",
      "stderr": "Traceback (most recent call last):\n  File \"/tmp/tmps7ue1ps1.py\", line 21, in <module>\n    test_check()\n  File \"/tmp/tmps7ue1ps1.py\", line 19, in test_check\n    check(min_Jumps)\n  File \"/tmp/tmps7ue1ps1.py\", line 14, in check\n    assert candidate((3, 4), 11) == 3.5\nAssertionError\n",
      "exit_code": 1,
      "status": "Exception"
    },
    {
      "program": "from typing import Tuple\n\ndef min_Jumps(steps: Tuple[int], d: int) -> float:\n    \"\"\"\n\tWrite a function to check for the number of jumps required of given length to reach a point of form (d, 0) from origin in a 2d plane.\n\t\"\"\"\n    if d == 0:\n        return 0\n    if d < 0:\n        return float('inf')\n    return min(min_Jumps(steps, d-step) for step in steps) + 1\n\ndef check(candidate):\n    assert candidate((3, 4), 11) == 3.5\n    assert candidate((3, 4), 0) == 0\n    assert candidate((11, 14), 11) == 1\n\ndef test_check():\n    check(min_Jumps)\n\ntest_check()\n",
      "timestamp": 1666123309,
      "stdout": "",
      "stderr": "Traceback (most recent call last):\n  File \"/tmp/tmpcr0qrsq3.py\", line 21, in <module>\n    test_check()\n  File \"/tmp/tmpcr0qrsq3.py\", line 19, in test_check\n    check(min_Jumps)\n  File \"/tmp/tmpcr0qrsq3.py\", line 14, in check\n    assert candidate((3, 4), 11) == 3.5\nAssertionError\n",
      "exit_code": 1,
      "status": "Exception"
    },
    {
      "program": "from typing import Tuple\n\ndef min_Jumps(steps: Tuple[int], d: int) -> float:\n    \"\"\"\n\tWrite a function to check for the number of jumps required of given length to reach a point of form (d, 0) from origin in a 2d plane.\n\t\"\"\"\n    x, y = 0, 0\n    jumps = 0\n    for step in steps:\n        if x == d:\n            break\n        if x + step > d:\n            continue\n        x += step\n        jumps += 1\n    return jumps\n\n\ndef check(candidate):\n    assert candidate((3, 4), 11) == 3.5\n    assert candidate((3, 4), 0) == 0\n    assert candidate((11, 14), 11) == 1\n\ndef test_check():\n    check(min_Jumps)\n\ntest_check()\n",
      "timestamp": 1666123309,
      "stdout": "",
      "stderr": "Traceback (most recent call last):\n  File \"/tmp/tmpcim_myo6.py\", line 27, in <module>\n    test_check()\n  File \"/tmp/tmpcim_myo6.py\", line 25, in test_check\n    check(min_Jumps)\n  File \"/tmp/tmpcim_myo6.py\", line 20, in check\n    assert candidate((3, 4), 11) == 3.5\nAssertionError\n",
      "exit_code": 1,
      "status": "Exception"
    },
    {
      "program": "from typing import Tuple\n\ndef min_Jumps(steps: Tuple[int], d: int) -> float:\n    \"\"\"\n\tWrite a function to check for the number of jumps required of given length to reach a point of form (d, 0) from origin in a 2d plane.\n\t\"\"\"\n    if d == 0:\n        return 0\n    if d < 0:\n        return float('inf')\n    return 1 + min(min_Jumps(steps, d - step) for step in steps)\n\n\ndef check(candidate):\n    assert candidate((3, 4), 11) == 3.5\n    assert candidate((3, 4), 0) == 0\n    assert candidate((11, 14), 11) == 1\n\ndef test_check():\n    check(min_Jumps)\n\ntest_check()\n",
      "timestamp": 1666123309,
      "stdout": "",
      "stderr": "Traceback (most recent call last):\n  File \"/tmp/tmptuzjcfho.py\", line 22, in <module>\n    test_check()\n  File \"/tmp/tmptuzjcfho.py\", line 20, in test_check\n    check(min_Jumps)\n  File \"/tmp/tmptuzjcfho.py\", line 15, in check\n    assert candidate((3, 4), 11) == 3.5\nAssertionError\n",
      "exit_code": 1,
      "status": "Exception"
    },
    {
      "program": "from typing import Tuple\n\ndef min_Jumps(steps: Tuple[int], d: int) -> float:\n    \"\"\"\n\tWrite a function to check for the number of jumps required of given length to reach a point of form (d, 0) from origin in a 2d plane.\n\t\"\"\"\n    # Write your code here\n    if d == 0:\n        return 0\n    if d < 0:\n        return float('inf')\n    jumps = float('inf')\n    for step in steps:\n        jumps = min(jumps, 1 + min_Jumps(steps, d - step))\n    return jumps\n\ndef check(candidate):\n    assert candidate((3, 4), 11) == 3.5\n    assert candidate((3, 4), 0) == 0\n    assert candidate((11, 14), 11) == 1\n\ndef test_check():\n    check(min_Jumps)\n\ntest_check()\n",
      "timestamp": 1666123309,
      "stdout": "",
      "stderr": "Traceback (most recent call last):\n  File \"/tmp/tmpo9wpe9ao.py\", line 25, in <module>\n    test_check()\n  File \"/tmp/tmpo9wpe9ao.py\", line 23, in test_check\n    check(min_Jumps)\n  File \"/tmp/tmpo9wpe9ao.py\", line 18, in check\n    assert candidate((3, 4), 11) == 3.5\nAssertionError\n",
      "exit_code": 1,
      "status": "Exception"
    },
    {
      "program": "from typing import Tuple\n\ndef min_Jumps(steps: Tuple[int], d: int) -> float:\n    \"\"\"\n\tWrite a function to check for the number of jumps required of given length to reach a point of form (d, 0) from origin in a 2d plane.\n\t\"\"\"\n    if d == 0:\n        return 0\n    if d < 0:\n        return float('inf')\n    return 1 + min(min_Jumps(steps, d - step) for step in steps)\n\n\ndef check(candidate):\n    assert candidate((3, 4), 11) == 3.5\n    assert candidate((3, 4), 0) == 0\n    assert candidate((11, 14), 11) == 1\n\ndef test_check():\n    check(min_Jumps)\n\ntest_check()\n",
      "timestamp": 1666123309,
      "stdout": "",
      "stderr": "Traceback (most recent call last):\n  File \"/tmp/tmptuzjcfho.py\", line 22, in <module>\n    test_check()\n  File \"/tmp/tmptuzjcfho.py\", line 20, in test_check\n    check(min_Jumps)\n  File \"/tmp/tmptuzjcfho.py\", line 15, in check\n    assert candidate((3, 4), 11) == 3.5\nAssertionError\n",
      "exit_code": 1,
      "status": "Exception"
    },
    {
      "program": "from typing import Tuple\n\ndef min_Jumps(steps: Tuple[int], d: int) -> float:\n    \"\"\"\n\tWrite a function to check for the number of jumps required of given length to reach a point of form (d, 0) from origin in a 2d plane.\n\t\"\"\"\n    if d == 0:\n        return 0\n    if d < 0:\n        return float('inf')\n    jumps = float('inf')\n    for step in steps:\n        jumps = min(jumps, 1 + min_Jumps(steps, d-step))\n    return jumps\n\ndef check(candidate):\n    assert candidate((3, 4), 11) == 3.5\n    assert candidate((3, 4), 0) == 0\n    assert candidate((11, 14), 11) == 1\n\ndef test_check():\n    check(min_Jumps)\n\ntest_check()\n",
      "timestamp": 1666123309,
      "stdout": "",
      "stderr": "Traceback (most recent call last):\n  File \"/tmp/tmpo01n36ro.py\", line 24, in <module>\n    test_check()\n  File \"/tmp/tmpo01n36ro.py\", line 22, in test_check\n    check(min_Jumps)\n  File \"/tmp/tmpo01n36ro.py\", line 17, in check\n    assert candidate((3, 4), 11) == 3.5\nAssertionError\n",
      "exit_code": 1,
      "status": "Exception"
    },
    {
      "program": "from typing import Tuple\n\ndef min_Jumps(steps: Tuple[int], d: int) -> float:\n    \"\"\"\n\tWrite a function to check for the number of jumps required of given length to reach a point of form (d, 0) from origin in a 2d plane.\n\t\"\"\"\n    jumps = 0\n    for step in steps:\n        jumps += math.ceil(step / d)\n    return jumps\n\n\ndef check(candidate):\n    assert candidate((3, 4), 11) == 3.5\n    assert candidate((3, 4), 0) == 0\n    assert candidate((11, 14), 11) == 1\n\ndef test_check():\n    check(min_Jumps)\n\ntest_check()\n",
      "timestamp": 1666123309,
      "stdout": "",
      "stderr": "Traceback (most recent call last):\n  File \"/tmp/tmphhm_c2bz.py\", line 21, in <module>\n    test_check()\n  File \"/tmp/tmphhm_c2bz.py\", line 19, in test_check\n    check(min_Jumps)\n  File \"/tmp/tmphhm_c2bz.py\", line 14, in check\n    assert candidate((3, 4), 11) == 3.5\n  File \"/tmp/tmphhm_c2bz.py\", line 9, in min_Jumps\n    jumps += math.ceil(step / d)\nNameError: name 'math' is not defined\n",
      "exit_code": 1,
      "status": "Exception"
    },
    {
      "program": "from typing import Tuple\n\ndef min_Jumps(steps: Tuple[int], d: int) -> float:\n    \"\"\"\n\tWrite a function to check for the number of jumps required of given length to reach a point of form (d, 0) from origin in a 2d plane.\n\t\"\"\"\n    if d == 0:\n        return 0\n    if d < 0:\n        return float('inf')\n    return min(1 + min_Jumps(steps, d - step) for step in steps)\n\ndef check(candidate):\n    assert candidate((3, 4), 11) == 3.5\n    assert candidate((3, 4), 0) == 0\n    assert candidate((11, 14), 11) == 1\n\ndef test_check():\n    check(min_Jumps)\n\ntest_check()\n",
      "timestamp": 1666123309,
      "stdout": "",
      "stderr": "Traceback (most recent call last):\n  File \"/tmp/tmpp89_xfz3.py\", line 21, in <module>\n    test_check()\n  File \"/tmp/tmpp89_xfz3.py\", line 19, in test_check\n    check(min_Jumps)\n  File \"/tmp/tmpp89_xfz3.py\", line 14, in check\n    assert candidate((3, 4), 11) == 3.5\nAssertionError\n",
      "exit_code": 1,
      "status": "Exception"
    },
    {
      "program": "from typing import Tuple\n\ndef min_Jumps(steps: Tuple[int], d: int) -> float:\n    \"\"\"\n\tWrite a function to check for the number of jumps required of given length to reach a point of form (d, 0) from origin in a 2d plane.\n\t\"\"\"\n    jumps = 0\n    for step in steps:\n        jumps += math.ceil(step / d)\n    return jumps\n\ndef check(candidate):\n    assert candidate((3, 4), 11) == 3.5\n    assert candidate((3, 4), 0) == 0\n    assert candidate((11, 14), 11) == 1\n\ndef test_check():\n    check(min_Jumps)\n\ntest_check()\n",
      "timestamp": 1666123309,
      "stdout": "",
      "stderr": "Traceback (most recent call last):\n  File \"/tmp/tmpouabv2wr.py\", line 20, in <module>\n    test_check()\n  File \"/tmp/tmpouabv2wr.py\", line 18, in test_check\n    check(min_Jumps)\n  File \"/tmp/tmpouabv2wr.py\", line 13, in check\n    assert candidate((3, 4), 11) == 3.5\n  File \"/tmp/tmpouabv2wr.py\", line 9, in min_Jumps\n    jumps += math.ceil(step / d)\nNameError: name 'math' is not defined\n",
      "exit_code": 1,
      "status": "Exception"
    },
    {
      "program": "from typing import Tuple\n\ndef min_Jumps(steps: Tuple[int], d: int) -> float:\n    \"\"\"\n\tWrite a function to check for the number of jumps required of given length to reach a point of form (d, 0) from origin in a 2d plane.\n\t\"\"\"\n    if d == 0:\n        return 0\n    if d < 0:\n        return float(\"inf\")\n    min_jumps = float(\"inf\")\n    for step in steps:\n        min_jumps = min(min_jumps, 1 + min_Jumps(steps, d - step))\n    return min_jumps\n\ndef check(candidate):\n    assert candidate((3, 4), 11) == 3.5\n    assert candidate((3, 4), 0) == 0\n    assert candidate((11, 14), 11) == 1\n\ndef test_check():\n    check(min_Jumps)\n\ntest_check()\n",
      "timestamp": 1666123309,
      "stdout": "",
      "stderr": "Traceback (most recent call last):\n  File \"/tmp/tmpro6ux4sn.py\", line 24, in <module>\n    test_check()\n  File \"/tmp/tmpro6ux4sn.py\", line 22, in test_check\n    check(min_Jumps)\n  File \"/tmp/tmpro6ux4sn.py\", line 17, in check\n    assert candidate((3, 4), 11) == 3.5\nAssertionError\n",
      "exit_code": 1,
      "status": "Exception"
    },
    {
      "program": "from typing import Tuple\n\ndef min_Jumps(steps: Tuple[int], d: int) -> float:\n    \"\"\"\n\tWrite a function to check for the number of jumps required of given length to reach a point of form (d, 0) from origin in a 2d plane.\n\t\"\"\"\n    if d == 0:\n        return 0\n    if d < 0:\n        return float('inf')\n    return 1 + min(min_Jumps(steps, d - step) for step in steps)\n\ndef check(candidate):\n    assert candidate((3, 4), 11) == 3.5\n    assert candidate((3, 4), 0) == 0\n    assert candidate((11, 14), 11) == 1\n\ndef test_check():\n    check(min_Jumps)\n\ntest_check()\n",
      "timestamp": 1665510491,
      "stdout": "",
      "stderr": "Traceback (most recent call last):\n  File \"/tmp/tmps7ue1ps1.py\", line 21, in <module>\n    test_check()\n  File \"/tmp/tmps7ue1ps1.py\", line 19, in test_check\n    check(min_Jumps)\n  File \"/tmp/tmps7ue1ps1.py\", line 14, in check\n    assert candidate((3, 4), 11) == 3.5\nAssertionError\n",
      "exit_code": 1,
      "status": "Exception"
    },
    {
      "program": "from typing import Tuple\n\ndef min_Jumps(steps: Tuple[int], d: int) -> float:\n    \"\"\"\n\tWrite a function to check for the number of jumps required of given length to reach a point of form (d, 0) from origin in a 2d plane.\n\t\"\"\"\n    if d == 0:\n        return 0\n    if d < 0:\n        return float('inf')\n    return 1 + min(min_Jumps(steps, d - step) for step in steps)\n\nprint(min_Jumps((1, 3, 5, 8, 9, 2, 6, 7, 6, 8, 9), 10))\ndef check(candidate):\n    assert candidate((3, 4), 11) == 3.5\n    assert candidate((3, 4), 0) == 0\n    assert candidate((11, 14), 11) == 1\n\ndef test_check():\n    check(min_Jumps)\n\ntest_check()\n",
      "timestamp": 1665510491,
      "stdout": "2\n",
      "stderr": "Traceback (most recent call last):\n  File \"/tmp/tmpifbnotg1.py\", line 22, in <module>\n    test_check()\n  File \"/tmp/tmpifbnotg1.py\", line 20, in test_check\n    check(min_Jumps)\n  File \"/tmp/tmpifbnotg1.py\", line 15, in check\n    assert candidate((3, 4), 11) == 3.5\nAssertionError\n",
      "exit_code": 1,
      "status": "Exception"
    },
    {
      "program": "from typing import Tuple\n\ndef min_Jumps(steps: Tuple[int], d: int) -> float:\n    \"\"\"\n\tWrite a function to check for the number of jumps required of given length to reach a point of form (d, 0) from origin in a 2d plane.\n\t\"\"\"\n    if d == 0:\n        return 0\n    if d < 0:\n        return float(\"inf\")\n    jumps = float(\"inf\")\n    for step in steps:\n        jumps = min(jumps, 1 + min_Jumps(steps, d - step))\n    return jumps\n\n\ndef check(candidate):\n    assert candidate((3, 4), 11) == 3.5\n    assert candidate((3, 4), 0) == 0\n    assert candidate((11, 14), 11) == 1\n\ndef test_check():\n    check(min_Jumps)\n\ntest_check()\n",
      "timestamp": 1666123309,
      "stdout": "",
      "stderr": "Traceback (most recent call last):\n  File \"/tmp/tmp_0_rv6ta.py\", line 25, in <module>\n    test_check()\n  File \"/tmp/tmp_0_rv6ta.py\", line 23, in test_check\n    check(min_Jumps)\n  File \"/tmp/tmp_0_rv6ta.py\", line 18, in check\n    assert candidate((3, 4), 11) == 3.5\nAssertionError\n",
      "exit_code": 1,
      "status": "Exception"
    }
  ]
}