{
  "name": "mbpp_794_text_starta_endb",
  "language": "py",
  "prompt": "def text_starta_endb(text: str) -> bool:\n    \"\"\"\n\tWrite a function that matches a string that has an 'a' followed by anything, ending in 'b'.\n\t\"\"\"\n",
  "doctests": "transform",
  "original": "/home/arjun/repos/MultiPL-E/datasets/../datasets/mbpp-typed/mbpp_794_text_starta_endb.py",
  "prompt_terminology": "reworded",
  "tests": "def check(candidate):\n    assert candidate('aabbbb') == True\n    assert candidate('aabAbbbc') == False\n    assert candidate('accddbbjjj') == False\n\ndef test_check():\n    check(text_starta_endb)\n\ntest_check()\n",
  "stop_tokens": [
    "\ndef",
    "\n#",
    "\nif",
    "\nclass"
  ],
  "results": [
    {
      "program": "def text_starta_endb(text: str) -> bool:\n    \"\"\"\n\tWrite a function that matches a string that has an 'a' followed by anything, ending in 'b'.\n\t\"\"\"\n    return bool(re.match(r\"a.*b$\", text))\n\n\ndef check(candidate):\n    assert candidate('aabbbb') == True\n    assert candidate('aabAbbbc') == False\n    assert candidate('accddbbjjj') == False\n\ndef test_check():\n    check(text_starta_endb)\n\ntest_check()\n",
      "timestamp": 1665510124,
      "stdout": "",
      "stderr": "Traceback (most recent call last):\n  File \"/tmp/tmpl1laon6c.py\", line 16, in <module>\n    test_check()\n  File \"/tmp/tmpl1laon6c.py\", line 14, in test_check\n    check(text_starta_endb)\n  File \"/tmp/tmpl1laon6c.py\", line 9, in check\n    assert candidate('aabbbb') == True\n  File \"/tmp/tmpl1laon6c.py\", line 5, in text_starta_endb\n    return bool(re.match(r\"a.*b$\", text))\nNameError: name 're' is not defined\n",
      "exit_code": 1,
      "status": "Exception"
    },
    {
      "program": "def text_starta_endb(text: str) -> bool:\n    \"\"\"\n\tWrite a function that matches a string that has an 'a' followed by anything, ending in 'b'.\n\t\"\"\"\n    return re.match(r\"a.+b$\", text)\n\n\ndef check(candidate):\n    assert candidate('aabbbb') == True\n    assert candidate('aabAbbbc') == False\n    assert candidate('accddbbjjj') == False\n\ndef test_check():\n    check(text_starta_endb)\n\ntest_check()\n",
      "timestamp": 1665510124,
      "stdout": "",
      "stderr": "Traceback (most recent call last):\n  File \"/tmp/tmpxt99k58t.py\", line 16, in <module>\n    test_check()\n  File \"/tmp/tmpxt99k58t.py\", line 14, in test_check\n    check(text_starta_endb)\n  File \"/tmp/tmpxt99k58t.py\", line 9, in check\n    assert candidate('aabbbb') == True\n  File \"/tmp/tmpxt99k58t.py\", line 5, in text_starta_endb\n    return re.match(r\"a.+b$\", text)\nNameError: name 're' is not defined\n",
      "exit_code": 1,
      "status": "Exception"
    },
    {
      "program": "def text_starta_endb(text: str) -> bool:\n    \"\"\"\n\tWrite a function that matches a string that has an 'a' followed by anything, ending in 'b'.\n\t\"\"\"\n    return bool(re.search(r\"a.*b\", text))\n\n\ndef check(candidate):\n    assert candidate('aabbbb') == True\n    assert candidate('aabAbbbc') == False\n    assert candidate('accddbbjjj') == False\n\ndef test_check():\n    check(text_starta_endb)\n\ntest_check()\n",
      "timestamp": 1665510124,
      "stdout": "",
      "stderr": "Traceback (most recent call last):\n  File \"/tmp/tmpc4pq6u7v.py\", line 16, in <module>\n    test_check()\n  File \"/tmp/tmpc4pq6u7v.py\", line 14, in test_check\n    check(text_starta_endb)\n  File \"/tmp/tmpc4pq6u7v.py\", line 9, in check\n    assert candidate('aabbbb') == True\n  File \"/tmp/tmpc4pq6u7v.py\", line 5, in text_starta_endb\n    return bool(re.search(r\"a.*b\", text))\nNameError: name 're' is not defined\n",
      "exit_code": 1,
      "status": "Exception"
    },
    {
      "program": "def text_starta_endb(text: str) -> bool:\n    \"\"\"\n\tWrite a function that matches a string that has an 'a' followed by anything, ending in 'b'.\n\t\"\"\"\n    pattern = re.compile(r\"a.*b$\")\n    return pattern.match(text)\n\n\ndef check(candidate):\n    assert candidate('aabbbb') == True\n    assert candidate('aabAbbbc') == False\n    assert candidate('accddbbjjj') == False\n\ndef test_check():\n    check(text_starta_endb)\n\ntest_check()\n",
      "timestamp": 1665510124,
      "stdout": "",
      "stderr": "Traceback (most recent call last):\n  File \"/tmp/tmpai_s5j8k.py\", line 17, in <module>\n    test_check()\n  File \"/tmp/tmpai_s5j8k.py\", line 15, in test_check\n    check(text_starta_endb)\n  File \"/tmp/tmpai_s5j8k.py\", line 10, in check\n    assert candidate('aabbbb') == True\n  File \"/tmp/tmpai_s5j8k.py\", line 5, in text_starta_endb\n    pattern = re.compile(r\"a.*b$\")\nNameError: name 're' is not defined\n",
      "exit_code": 1,
      "status": "Exception"
    },
    {
      "program": "def text_starta_endb(text: str) -> bool:\n    \"\"\"\n\tWrite a function that matches a string that has an 'a' followed by anything, ending in 'b'.\n\t\"\"\"\n    return re.match(r\"a.*b$\", text) is not None\n\n\ndef check(candidate):\n    assert candidate('aabbbb') == True\n    assert candidate('aabAbbbc') == False\n    assert candidate('accddbbjjj') == False\n\ndef test_check():\n    check(text_starta_endb)\n\ntest_check()\n",
      "timestamp": 1665510124,
      "stdout": "",
      "stderr": "Traceback (most recent call last):\n  File \"/tmp/tmpn7wvijdk.py\", line 16, in <module>\n    test_check()\n  File \"/tmp/tmpn7wvijdk.py\", line 14, in test_check\n    check(text_starta_endb)\n  File \"/tmp/tmpn7wvijdk.py\", line 9, in check\n    assert candidate('aabbbb') == True\n  File \"/tmp/tmpn7wvijdk.py\", line 5, in text_starta_endb\n    return re.match(r\"a.*b$\", text) is not None\nNameError: name 're' is not defined\n",
      "exit_code": 1,
      "status": "Exception"
    },
    {
      "program": "def text_starta_endb(text: str) -> bool:\n    \"\"\"\n\tWrite a function that matches a string that has an 'a' followed by anything, ending in 'b'.\n\t\"\"\"\n    return bool(re.match(r'a.*b$', text))\n\n\ndef check(candidate):\n    assert candidate('aabbbb') == True\n    assert candidate('aabAbbbc') == False\n    assert candidate('accddbbjjj') == False\n\ndef test_check():\n    check(text_starta_endb)\n\ntest_check()\n",
      "timestamp": 1665510124,
      "stdout": "",
      "stderr": "Traceback (most recent call last):\n  File \"/tmp/tmpynlpwku6.py\", line 16, in <module>\n    test_check()\n  File \"/tmp/tmpynlpwku6.py\", line 14, in test_check\n    check(text_starta_endb)\n  File \"/tmp/tmpynlpwku6.py\", line 9, in check\n    assert candidate('aabbbb') == True\n  File \"/tmp/tmpynlpwku6.py\", line 5, in text_starta_endb\n    return bool(re.match(r'a.*b$', text))\nNameError: name 're' is not defined\n",
      "exit_code": 1,
      "status": "Exception"
    },
    {
      "program": "def text_starta_endb(text: str) -> bool:\n    \"\"\"\n\tWrite a function that matches a string that has an 'a' followed by anything, ending in 'b'.\n\t\"\"\"\n    return re.match(r\"a.*b$\", text) is not None\n\n\ndef check(candidate):\n    assert candidate('aabbbb') == True\n    assert candidate('aabAbbbc') == False\n    assert candidate('accddbbjjj') == False\n\ndef test_check():\n    check(text_starta_endb)\n\ntest_check()\n",
      "timestamp": 1665510124,
      "stdout": "",
      "stderr": "Traceback (most recent call last):\n  File \"/tmp/tmpn7wvijdk.py\", line 16, in <module>\n    test_check()\n  File \"/tmp/tmpn7wvijdk.py\", line 14, in test_check\n    check(text_starta_endb)\n  File \"/tmp/tmpn7wvijdk.py\", line 9, in check\n    assert candidate('aabbbb') == True\n  File \"/tmp/tmpn7wvijdk.py\", line 5, in text_starta_endb\n    return re.match(r\"a.*b$\", text) is not None\nNameError: name 're' is not defined\n",
      "exit_code": 1,
      "status": "Exception"
    },
    {
      "program": "def text_starta_endb(text: str) -> bool:\n    \"\"\"\n\tWrite a function that matches a string that has an 'a' followed by anything, ending in 'b'.\n\t\"\"\"\n    return re.match(r\"a.*b$\", text) is not None\n\n\ndef check(candidate):\n    assert candidate('aabbbb') == True\n    assert candidate('aabAbbbc') == False\n    assert candidate('accddbbjjj') == False\n\ndef test_check():\n    check(text_starta_endb)\n\ntest_check()\n",
      "timestamp": 1665510124,
      "stdout": "",
      "stderr": "Traceback (most recent call last):\n  File \"/tmp/tmpn7wvijdk.py\", line 16, in <module>\n    test_check()\n  File \"/tmp/tmpn7wvijdk.py\", line 14, in test_check\n    check(text_starta_endb)\n  File \"/tmp/tmpn7wvijdk.py\", line 9, in check\n    assert candidate('aabbbb') == True\n  File \"/tmp/tmpn7wvijdk.py\", line 5, in text_starta_endb\n    return re.match(r\"a.*b$\", text) is not None\nNameError: name 're' is not defined\n",
      "exit_code": 1,
      "status": "Exception"
    },
    {
      "program": "def text_starta_endb(text: str) -> bool:\n    \"\"\"\n\tWrite a function that matches a string that has an 'a' followed by anything, ending in 'b'.\n\t\"\"\"\n    return bool(re.search(r'a.*b', text))\n\n\ndef check(candidate):\n    assert candidate('aabbbb') == True\n    assert candidate('aabAbbbc') == False\n    assert candidate('accddbbjjj') == False\n\ndef test_check():\n    check(text_starta_endb)\n\ntest_check()\n",
      "timestamp": 1665510124,
      "stdout": "",
      "stderr": "Traceback (most recent call last):\n  File \"/tmp/tmpx00eqi7v.py\", line 16, in <module>\n    test_check()\n  File \"/tmp/tmpx00eqi7v.py\", line 14, in test_check\n    check(text_starta_endb)\n  File \"/tmp/tmpx00eqi7v.py\", line 9, in check\n    assert candidate('aabbbb') == True\n  File \"/tmp/tmpx00eqi7v.py\", line 5, in text_starta_endb\n    return bool(re.search(r'a.*b', text))\nNameError: name 're' is not defined\n",
      "exit_code": 1,
      "status": "Exception"
    },
    {
      "program": "def text_starta_endb(text: str) -> bool:\n    \"\"\"\n\tWrite a function that matches a string that has an 'a' followed by anything, ending in 'b'.\n\t\"\"\"\n    return bool(re.search(r\"a.*b$\", text))\n\n\ndef check(candidate):\n    assert candidate('aabbbb') == True\n    assert candidate('aabAbbbc') == False\n    assert candidate('accddbbjjj') == False\n\ndef test_check():\n    check(text_starta_endb)\n\ntest_check()\n",
      "timestamp": 1665510124,
      "stdout": "",
      "stderr": "Traceback (most recent call last):\n  File \"/tmp/tmp5i5yqgbt.py\", line 16, in <module>\n    test_check()\n  File \"/tmp/tmp5i5yqgbt.py\", line 14, in test_check\n    check(text_starta_endb)\n  File \"/tmp/tmp5i5yqgbt.py\", line 9, in check\n    assert candidate('aabbbb') == True\n  File \"/tmp/tmp5i5yqgbt.py\", line 5, in text_starta_endb\n    return bool(re.search(r\"a.*b$\", text))\nNameError: name 're' is not defined\n",
      "exit_code": 1,
      "status": "Exception"
    },
    {
      "program": "def text_starta_endb(text: str) -> bool:\n    \"\"\"\n\tWrite a function that matches a string that has an 'a' followed by anything, ending in 'b'.\n\t\"\"\"\n    return re.search(r\"a.*b\", text)\n\n\ndef check(candidate):\n    assert candidate('aabbbb') == True\n    assert candidate('aabAbbbc') == False\n    assert candidate('accddbbjjj') == False\n\ndef test_check():\n    check(text_starta_endb)\n\ntest_check()\n",
      "timestamp": 1665510124,
      "stdout": "",
      "stderr": "Traceback (most recent call last):\n  File \"/tmp/tmpf___x6c5.py\", line 16, in <module>\n    test_check()\n  File \"/tmp/tmpf___x6c5.py\", line 14, in test_check\n    check(text_starta_endb)\n  File \"/tmp/tmpf___x6c5.py\", line 9, in check\n    assert candidate('aabbbb') == True\n  File \"/tmp/tmpf___x6c5.py\", line 5, in text_starta_endb\n    return re.search(r\"a.*b\", text)\nNameError: name 're' is not defined\n",
      "exit_code": 1,
      "status": "Exception"
    },
    {
      "program": "def text_starta_endb(text: str) -> bool:\n    \"\"\"\n\tWrite a function that matches a string that has an 'a' followed by anything, ending in 'b'.\n\t\"\"\"\n    return bool(re.match(r\"a.*b$\", text))\n\n\ndef check(candidate):\n    assert candidate('aabbbb') == True\n    assert candidate('aabAbbbc') == False\n    assert candidate('accddbbjjj') == False\n\ndef test_check():\n    check(text_starta_endb)\n\ntest_check()\n",
      "timestamp": 1665510124,
      "stdout": "",
      "stderr": "Traceback (most recent call last):\n  File \"/tmp/tmpl1laon6c.py\", line 16, in <module>\n    test_check()\n  File \"/tmp/tmpl1laon6c.py\", line 14, in test_check\n    check(text_starta_endb)\n  File \"/tmp/tmpl1laon6c.py\", line 9, in check\n    assert candidate('aabbbb') == True\n  File \"/tmp/tmpl1laon6c.py\", line 5, in text_starta_endb\n    return bool(re.match(r\"a.*b$\", text))\nNameError: name 're' is not defined\n",
      "exit_code": 1,
      "status": "Exception"
    },
    {
      "program": "def text_starta_endb(text: str) -> bool:\n    \"\"\"\n\tWrite a function that matches a string that has an 'a' followed by anything, ending in 'b'.\n\t\"\"\"\n    return re.match(r\"a.*b$\", text) is not None\n\n\ndef check(candidate):\n    assert candidate('aabbbb') == True\n    assert candidate('aabAbbbc') == False\n    assert candidate('accddbbjjj') == False\n\ndef test_check():\n    check(text_starta_endb)\n\ntest_check()\n",
      "timestamp": 1665510124,
      "stdout": "",
      "stderr": "Traceback (most recent call last):\n  File \"/tmp/tmpn7wvijdk.py\", line 16, in <module>\n    test_check()\n  File \"/tmp/tmpn7wvijdk.py\", line 14, in test_check\n    check(text_starta_endb)\n  File \"/tmp/tmpn7wvijdk.py\", line 9, in check\n    assert candidate('aabbbb') == True\n  File \"/tmp/tmpn7wvijdk.py\", line 5, in text_starta_endb\n    return re.match(r\"a.*b$\", text) is not None\nNameError: name 're' is not defined\n",
      "exit_code": 1,
      "status": "Exception"
    },
    {
      "program": "def text_starta_endb(text: str) -> bool:\n    \"\"\"\n\tWrite a function that matches a string that has an 'a' followed by anything, ending in 'b'.\n\t\"\"\"\n    return bool(re.search(r\"a.*b\", text))\n\n\ndef check(candidate):\n    assert candidate('aabbbb') == True\n    assert candidate('aabAbbbc') == False\n    assert candidate('accddbbjjj') == False\n\ndef test_check():\n    check(text_starta_endb)\n\ntest_check()\n",
      "timestamp": 1665510124,
      "stdout": "",
      "stderr": "Traceback (most recent call last):\n  File \"/tmp/tmpc4pq6u7v.py\", line 16, in <module>\n    test_check()\n  File \"/tmp/tmpc4pq6u7v.py\", line 14, in test_check\n    check(text_starta_endb)\n  File \"/tmp/tmpc4pq6u7v.py\", line 9, in check\n    assert candidate('aabbbb') == True\n  File \"/tmp/tmpc4pq6u7v.py\", line 5, in text_starta_endb\n    return bool(re.search(r\"a.*b\", text))\nNameError: name 're' is not defined\n",
      "exit_code": 1,
      "status": "Exception"
    },
    {
      "program": "def text_starta_endb(text: str) -> bool:\n    \"\"\"\n\tWrite a function that matches a string that has an 'a' followed by anything, ending in 'b'.\n\t\"\"\"\n    return re.match(r\"a.*b$\", text)\n\n\ndef check(candidate):\n    assert candidate('aabbbb') == True\n    assert candidate('aabAbbbc') == False\n    assert candidate('accddbbjjj') == False\n\ndef test_check():\n    check(text_starta_endb)\n\ntest_check()\n",
      "timestamp": 1665510124,
      "stdout": "",
      "stderr": "Traceback (most recent call last):\n  File \"/tmp/tmpnpnrtya_.py\", line 16, in <module>\n    test_check()\n  File \"/tmp/tmpnpnrtya_.py\", line 14, in test_check\n    check(text_starta_endb)\n  File \"/tmp/tmpnpnrtya_.py\", line 9, in check\n    assert candidate('aabbbb') == True\n  File \"/tmp/tmpnpnrtya_.py\", line 5, in text_starta_endb\n    return re.match(r\"a.*b$\", text)\nNameError: name 're' is not defined\n",
      "exit_code": 1,
      "status": "Exception"
    },
    {
      "program": "def text_starta_endb(text: str) -> bool:\n    \"\"\"\n\tWrite a function that matches a string that has an 'a' followed by anything, ending in 'b'.\n\t\"\"\"\n    return bool(re.match(r'a.*b$', text))\n\n\ndef check(candidate):\n    assert candidate('aabbbb') == True\n    assert candidate('aabAbbbc') == False\n    assert candidate('accddbbjjj') == False\n\ndef test_check():\n    check(text_starta_endb)\n\ntest_check()\n",
      "timestamp": 1665510124,
      "stdout": "",
      "stderr": "Traceback (most recent call last):\n  File \"/tmp/tmpynlpwku6.py\", line 16, in <module>\n    test_check()\n  File \"/tmp/tmpynlpwku6.py\", line 14, in test_check\n    check(text_starta_endb)\n  File \"/tmp/tmpynlpwku6.py\", line 9, in check\n    assert candidate('aabbbb') == True\n  File \"/tmp/tmpynlpwku6.py\", line 5, in text_starta_endb\n    return bool(re.match(r'a.*b$', text))\nNameError: name 're' is not defined\n",
      "exit_code": 1,
      "status": "Exception"
    },
    {
      "program": "def text_starta_endb(text: str) -> bool:\n    \"\"\"\n\tWrite a function that matches a string that has an 'a' followed by anything, ending in 'b'.\n\t\"\"\"\n    return re.search(r\"a.*b$\", text) is not None\n\n\ndef check(candidate):\n    assert candidate('aabbbb') == True\n    assert candidate('aabAbbbc') == False\n    assert candidate('accddbbjjj') == False\n\ndef test_check():\n    check(text_starta_endb)\n\ntest_check()\n",
      "timestamp": 1665510124,
      "stdout": "",
      "stderr": "Traceback (most recent call last):\n  File \"/tmp/tmppmkuwaqc.py\", line 16, in <module>\n    test_check()\n  File \"/tmp/tmppmkuwaqc.py\", line 14, in test_check\n    check(text_starta_endb)\n  File \"/tmp/tmppmkuwaqc.py\", line 9, in check\n    assert candidate('aabbbb') == True\n  File \"/tmp/tmppmkuwaqc.py\", line 5, in text_starta_endb\n    return re.search(r\"a.*b$\", text) is not None\nNameError: name 're' is not defined\n",
      "exit_code": 1,
      "status": "Exception"
    },
    {
      "program": "def text_starta_endb(text: str) -> bool:\n    \"\"\"\n\tWrite a function that matches a string that has an 'a' followed by anything, ending in 'b'.\n\t\"\"\"\n    return bool(re.search(r\"a.+b$\", text))\n\n\ndef check(candidate):\n    assert candidate('aabbbb') == True\n    assert candidate('aabAbbbc') == False\n    assert candidate('accddbbjjj') == False\n\ndef test_check():\n    check(text_starta_endb)\n\ntest_check()\n",
      "timestamp": 1665510124,
      "stdout": "",
      "stderr": "Traceback (most recent call last):\n  File \"/tmp/tmpbvkdab7i.py\", line 16, in <module>\n    test_check()\n  File \"/tmp/tmpbvkdab7i.py\", line 14, in test_check\n    check(text_starta_endb)\n  File \"/tmp/tmpbvkdab7i.py\", line 9, in check\n    assert candidate('aabbbb') == True\n  File \"/tmp/tmpbvkdab7i.py\", line 5, in text_starta_endb\n    return bool(re.search(r\"a.+b$\", text))\nNameError: name 're' is not defined\n",
      "exit_code": 1,
      "status": "Exception"
    },
    {
      "program": "def text_starta_endb(text: str) -> bool:\n    \"\"\"\n\tWrite a function that matches a string that has an 'a' followed by anything, ending in 'b'.\n\t\"\"\"\n    return bool(re.match(r\"a.*b$\", text))\n\n\ndef check(candidate):\n    assert candidate('aabbbb') == True\n    assert candidate('aabAbbbc') == False\n    assert candidate('accddbbjjj') == False\n\ndef test_check():\n    check(text_starta_endb)\n\ntest_check()\n",
      "timestamp": 1665510124,
      "stdout": "",
      "stderr": "Traceback (most recent call last):\n  File \"/tmp/tmpl1laon6c.py\", line 16, in <module>\n    test_check()\n  File \"/tmp/tmpl1laon6c.py\", line 14, in test_check\n    check(text_starta_endb)\n  File \"/tmp/tmpl1laon6c.py\", line 9, in check\n    assert candidate('aabbbb') == True\n  File \"/tmp/tmpl1laon6c.py\", line 5, in text_starta_endb\n    return bool(re.match(r\"a.*b$\", text))\nNameError: name 're' is not defined\n",
      "exit_code": 1,
      "status": "Exception"
    },
    {
      "program": "def text_starta_endb(text: str) -> bool:\n    \"\"\"\n\tWrite a function that matches a string that has an 'a' followed by anything, ending in 'b'.\n\t\"\"\"\n    return bool(re.search(r'a.*b$', text))\n\n\ndef check(candidate):\n    assert candidate('aabbbb') == True\n    assert candidate('aabAbbbc') == False\n    assert candidate('accddbbjjj') == False\n\ndef test_check():\n    check(text_starta_endb)\n\ntest_check()\n",
      "timestamp": 1665510124,
      "stdout": "",
      "stderr": "Traceback (most recent call last):\n  File \"/tmp/tmpdx1dhdro.py\", line 16, in <module>\n    test_check()\n  File \"/tmp/tmpdx1dhdro.py\", line 14, in test_check\n    check(text_starta_endb)\n  File \"/tmp/tmpdx1dhdro.py\", line 9, in check\n    assert candidate('aabbbb') == True\n  File \"/tmp/tmpdx1dhdro.py\", line 5, in text_starta_endb\n    return bool(re.search(r'a.*b$', text))\nNameError: name 're' is not defined\n",
      "exit_code": 1,
      "status": "Exception"
    },
    {
      "program": "def text_starta_endb(text: str) -> bool:\n    \"\"\"\n\tWrite a function that matches a string that has an 'a' followed by anything, ending in 'b'.\n\t\"\"\"\n    return bool(re.match(r\"a.*b$\", text))\n\n\ndef check(candidate):\n    assert candidate('aabbbb') == True\n    assert candidate('aabAbbbc') == False\n    assert candidate('accddbbjjj') == False\n\ndef test_check():\n    check(text_starta_endb)\n\ntest_check()\n",
      "timestamp": 1665510124,
      "stdout": "",
      "stderr": "Traceback (most recent call last):\n  File \"/tmp/tmpl1laon6c.py\", line 16, in <module>\n    test_check()\n  File \"/tmp/tmpl1laon6c.py\", line 14, in test_check\n    check(text_starta_endb)\n  File \"/tmp/tmpl1laon6c.py\", line 9, in check\n    assert candidate('aabbbb') == True\n  File \"/tmp/tmpl1laon6c.py\", line 5, in text_starta_endb\n    return bool(re.match(r\"a.*b$\", text))\nNameError: name 're' is not defined\n",
      "exit_code": 1,
      "status": "Exception"
    },
    {
      "program": "def text_starta_endb(text: str) -> bool:\n    \"\"\"\n\tWrite a function that matches a string that has an 'a' followed by anything, ending in 'b'.\n\t\"\"\"\n    return re.search(r\"a.*b$\", text) is not None\n\n\ndef check(candidate):\n    assert candidate('aabbbb') == True\n    assert candidate('aabAbbbc') == False\n    assert candidate('accddbbjjj') == False\n\ndef test_check():\n    check(text_starta_endb)\n\ntest_check()\n",
      "timestamp": 1665510124,
      "stdout": "",
      "stderr": "Traceback (most recent call last):\n  File \"/tmp/tmppmkuwaqc.py\", line 16, in <module>\n    test_check()\n  File \"/tmp/tmppmkuwaqc.py\", line 14, in test_check\n    check(text_starta_endb)\n  File \"/tmp/tmppmkuwaqc.py\", line 9, in check\n    assert candidate('aabbbb') == True\n  File \"/tmp/tmppmkuwaqc.py\", line 5, in text_starta_endb\n    return re.search(r\"a.*b$\", text) is not None\nNameError: name 're' is not defined\n",
      "exit_code": 1,
      "status": "Exception"
    },
    {
      "program": "def text_starta_endb(text: str) -> bool:\n    \"\"\"\n\tWrite a function that matches a string that has an 'a' followed by anything, ending in 'b'.\n\t\"\"\"\n    return bool(re.match(r\"a.*b$\", text))\n\n\ndef check(candidate):\n    assert candidate('aabbbb') == True\n    assert candidate('aabAbbbc') == False\n    assert candidate('accddbbjjj') == False\n\ndef test_check():\n    check(text_starta_endb)\n\ntest_check()\n",
      "timestamp": 1665510124,
      "stdout": "",
      "stderr": "Traceback (most recent call last):\n  File \"/tmp/tmpl1laon6c.py\", line 16, in <module>\n    test_check()\n  File \"/tmp/tmpl1laon6c.py\", line 14, in test_check\n    check(text_starta_endb)\n  File \"/tmp/tmpl1laon6c.py\", line 9, in check\n    assert candidate('aabbbb') == True\n  File \"/tmp/tmpl1laon6c.py\", line 5, in text_starta_endb\n    return bool(re.match(r\"a.*b$\", text))\nNameError: name 're' is not defined\n",
      "exit_code": 1,
      "status": "Exception"
    },
    {
      "program": "def text_starta_endb(text: str) -> bool:\n    \"\"\"\n\tWrite a function that matches a string that has an 'a' followed by anything, ending in 'b'.\n\t\"\"\"\n    return bool(re.match(r'a.*b$', text))\n\n\ndef check(candidate):\n    assert candidate('aabbbb') == True\n    assert candidate('aabAbbbc') == False\n    assert candidate('accddbbjjj') == False\n\ndef test_check():\n    check(text_starta_endb)\n\ntest_check()\n",
      "timestamp": 1665510124,
      "stdout": "",
      "stderr": "Traceback (most recent call last):\n  File \"/tmp/tmpynlpwku6.py\", line 16, in <module>\n    test_check()\n  File \"/tmp/tmpynlpwku6.py\", line 14, in test_check\n    check(text_starta_endb)\n  File \"/tmp/tmpynlpwku6.py\", line 9, in check\n    assert candidate('aabbbb') == True\n  File \"/tmp/tmpynlpwku6.py\", line 5, in text_starta_endb\n    return bool(re.match(r'a.*b$', text))\nNameError: name 're' is not defined\n",
      "exit_code": 1,
      "status": "Exception"
    },
    {
      "program": "def text_starta_endb(text: str) -> bool:\n    \"\"\"\n\tWrite a function that matches a string that has an 'a' followed by anything, ending in 'b'.\n\t\"\"\"\n    return bool(re.match(r\"a.+b$\", text))\n\n\ndef check(candidate):\n    assert candidate('aabbbb') == True\n    assert candidate('aabAbbbc') == False\n    assert candidate('accddbbjjj') == False\n\ndef test_check():\n    check(text_starta_endb)\n\ntest_check()\n",
      "timestamp": 1666122914,
      "stdout": "",
      "stderr": "Traceback (most recent call last):\n  File \"/tmp/tmp262toegn.py\", line 16, in <module>\n    test_check()\n  File \"/tmp/tmp262toegn.py\", line 14, in test_check\n    check(text_starta_endb)\n  File \"/tmp/tmp262toegn.py\", line 9, in check\n    assert candidate('aabbbb') == True\n  File \"/tmp/tmp262toegn.py\", line 5, in text_starta_endb\n    return bool(re.match(r\"a.+b$\", text))\nNameError: name 're' is not defined\n",
      "exit_code": 1,
      "status": "Exception"
    },
    {
      "program": "def text_starta_endb(text: str) -> bool:\n    \"\"\"\n\tWrite a function that matches a string that has an 'a' followed by anything, ending in 'b'.\n\t\"\"\"\n    return bool(re.match(r\"^a.*b$\", text))\n\n\ndef check(candidate):\n    assert candidate('aabbbb') == True\n    assert candidate('aabAbbbc') == False\n    assert candidate('accddbbjjj') == False\n\ndef test_check():\n    check(text_starta_endb)\n\ntest_check()\n",
      "timestamp": 1666122914,
      "stdout": "",
      "stderr": "Traceback (most recent call last):\n  File \"/tmp/tmp42le1c5f.py\", line 16, in <module>\n    test_check()\n  File \"/tmp/tmp42le1c5f.py\", line 14, in test_check\n    check(text_starta_endb)\n  File \"/tmp/tmp42le1c5f.py\", line 9, in check\n    assert candidate('aabbbb') == True\n  File \"/tmp/tmp42le1c5f.py\", line 5, in text_starta_endb\n    return bool(re.match(r\"^a.*b$\", text))\nNameError: name 're' is not defined\n",
      "exit_code": 1,
      "status": "Exception"
    },
    {
      "program": "def text_starta_endb(text: str) -> bool:\n    \"\"\"\n\tWrite a function that matches a string that has an 'a' followed by anything, ending in 'b'.\n\t\"\"\"\n    return bool(re.match(r\"a.*b$\", text))\n\n\ndef check(candidate):\n    assert candidate('aabbbb') == True\n    assert candidate('aabAbbbc') == False\n    assert candidate('accddbbjjj') == False\n\ndef test_check():\n    check(text_starta_endb)\n\ntest_check()\n",
      "timestamp": 1665510124,
      "stdout": "",
      "stderr": "Traceback (most recent call last):\n  File \"/tmp/tmpl1laon6c.py\", line 16, in <module>\n    test_check()\n  File \"/tmp/tmpl1laon6c.py\", line 14, in test_check\n    check(text_starta_endb)\n  File \"/tmp/tmpl1laon6c.py\", line 9, in check\n    assert candidate('aabbbb') == True\n  File \"/tmp/tmpl1laon6c.py\", line 5, in text_starta_endb\n    return bool(re.match(r\"a.*b$\", text))\nNameError: name 're' is not defined\n",
      "exit_code": 1,
      "status": "Exception"
    },
    {
      "program": "def text_starta_endb(text: str) -> bool:\n    \"\"\"\n\tWrite a function that matches a string that has an 'a' followed by anything, ending in 'b'.\n\t\"\"\"\n    return bool(re.search(r\"a.*b$\", text))\n\n\ndef check(candidate):\n    assert candidate('aabbbb') == True\n    assert candidate('aabAbbbc') == False\n    assert candidate('accddbbjjj') == False\n\ndef test_check():\n    check(text_starta_endb)\n\ntest_check()\n",
      "timestamp": 1665510124,
      "stdout": "",
      "stderr": "Traceback (most recent call last):\n  File \"/tmp/tmp5i5yqgbt.py\", line 16, in <module>\n    test_check()\n  File \"/tmp/tmp5i5yqgbt.py\", line 14, in test_check\n    check(text_starta_endb)\n  File \"/tmp/tmp5i5yqgbt.py\", line 9, in check\n    assert candidate('aabbbb') == True\n  File \"/tmp/tmp5i5yqgbt.py\", line 5, in text_starta_endb\n    return bool(re.search(r\"a.*b$\", text))\nNameError: name 're' is not defined\n",
      "exit_code": 1,
      "status": "Exception"
    },
    {
      "program": "def text_starta_endb(text: str) -> bool:\n    \"\"\"\n\tWrite a function that matches a string that has an 'a' followed by anything, ending in 'b'.\n\t\"\"\"\n    return bool(re.match(r\"a.*b$\", text))\n\n\ndef check(candidate):\n    assert candidate('aabbbb') == True\n    assert candidate('aabAbbbc') == False\n    assert candidate('accddbbjjj') == False\n\ndef test_check():\n    check(text_starta_endb)\n\ntest_check()\n",
      "timestamp": 1665510124,
      "stdout": "",
      "stderr": "Traceback (most recent call last):\n  File \"/tmp/tmpl1laon6c.py\", line 16, in <module>\n    test_check()\n  File \"/tmp/tmpl1laon6c.py\", line 14, in test_check\n    check(text_starta_endb)\n  File \"/tmp/tmpl1laon6c.py\", line 9, in check\n    assert candidate('aabbbb') == True\n  File \"/tmp/tmpl1laon6c.py\", line 5, in text_starta_endb\n    return bool(re.match(r\"a.*b$\", text))\nNameError: name 're' is not defined\n",
      "exit_code": 1,
      "status": "Exception"
    },
    {
      "program": "def text_starta_endb(text: str) -> bool:\n    \"\"\"\n\tWrite a function that matches a string that has an 'a' followed by anything, ending in 'b'.\n\t\"\"\"\n    return bool(re.match(r'a.*b$', text))\n\n\ndef check(candidate):\n    assert candidate('aabbbb') == True\n    assert candidate('aabAbbbc') == False\n    assert candidate('accddbbjjj') == False\n\ndef test_check():\n    check(text_starta_endb)\n\ntest_check()\n",
      "timestamp": 1665510124,
      "stdout": "",
      "stderr": "Traceback (most recent call last):\n  File \"/tmp/tmpynlpwku6.py\", line 16, in <module>\n    test_check()\n  File \"/tmp/tmpynlpwku6.py\", line 14, in test_check\n    check(text_starta_endb)\n  File \"/tmp/tmpynlpwku6.py\", line 9, in check\n    assert candidate('aabbbb') == True\n  File \"/tmp/tmpynlpwku6.py\", line 5, in text_starta_endb\n    return bool(re.match(r'a.*b$', text))\nNameError: name 're' is not defined\n",
      "exit_code": 1,
      "status": "Exception"
    },
    {
      "program": "def text_starta_endb(text: str) -> bool:\n    \"\"\"\n\tWrite a function that matches a string that has an 'a' followed by anything, ending in 'b'.\n\t\"\"\"\n    return bool(re.match(r'a.*b$', text))\n\n\ndef check(candidate):\n    assert candidate('aabbbb') == True\n    assert candidate('aabAbbbc') == False\n    assert candidate('accddbbjjj') == False\n\ndef test_check():\n    check(text_starta_endb)\n\ntest_check()\n",
      "timestamp": 1665510124,
      "stdout": "",
      "stderr": "Traceback (most recent call last):\n  File \"/tmp/tmpynlpwku6.py\", line 16, in <module>\n    test_check()\n  File \"/tmp/tmpynlpwku6.py\", line 14, in test_check\n    check(text_starta_endb)\n  File \"/tmp/tmpynlpwku6.py\", line 9, in check\n    assert candidate('aabbbb') == True\n  File \"/tmp/tmpynlpwku6.py\", line 5, in text_starta_endb\n    return bool(re.match(r'a.*b$', text))\nNameError: name 're' is not defined\n",
      "exit_code": 1,
      "status": "Exception"
    },
    {
      "program": "def text_starta_endb(text: str) -> bool:\n    \"\"\"\n\tWrite a function that matches a string that has an 'a' followed by anything, ending in 'b'.\n\t\"\"\"\n    return re.match(r\"a.*b$\", text) is not None\n\n\ndef check(candidate):\n    assert candidate('aabbbb') == True\n    assert candidate('aabAbbbc') == False\n    assert candidate('accddbbjjj') == False\n\ndef test_check():\n    check(text_starta_endb)\n\ntest_check()\n",
      "timestamp": 1665510124,
      "stdout": "",
      "stderr": "Traceback (most recent call last):\n  File \"/tmp/tmpn7wvijdk.py\", line 16, in <module>\n    test_check()\n  File \"/tmp/tmpn7wvijdk.py\", line 14, in test_check\n    check(text_starta_endb)\n  File \"/tmp/tmpn7wvijdk.py\", line 9, in check\n    assert candidate('aabbbb') == True\n  File \"/tmp/tmpn7wvijdk.py\", line 5, in text_starta_endb\n    return re.match(r\"a.*b$\", text) is not None\nNameError: name 're' is not defined\n",
      "exit_code": 1,
      "status": "Exception"
    },
    {
      "program": "def text_starta_endb(text: str) -> bool:\n    \"\"\"\n\tWrite a function that matches a string that has an 'a' followed by anything, ending in 'b'.\n\t\"\"\"\n    return bool(re.match(r'a.*b$', text))\n\n\ndef check(candidate):\n    assert candidate('aabbbb') == True\n    assert candidate('aabAbbbc') == False\n    assert candidate('accddbbjjj') == False\n\ndef test_check():\n    check(text_starta_endb)\n\ntest_check()\n",
      "timestamp": 1665510124,
      "stdout": "",
      "stderr": "Traceback (most recent call last):\n  File \"/tmp/tmpynlpwku6.py\", line 16, in <module>\n    test_check()\n  File \"/tmp/tmpynlpwku6.py\", line 14, in test_check\n    check(text_starta_endb)\n  File \"/tmp/tmpynlpwku6.py\", line 9, in check\n    assert candidate('aabbbb') == True\n  File \"/tmp/tmpynlpwku6.py\", line 5, in text_starta_endb\n    return bool(re.match(r'a.*b$', text))\nNameError: name 're' is not defined\n",
      "exit_code": 1,
      "status": "Exception"
    },
    {
      "program": "def text_starta_endb(text: str) -> bool:\n    \"\"\"\n\tWrite a function that matches a string that has an 'a' followed by anything, ending in 'b'.\n\t\"\"\"\n    return bool(re.match(r'a.*b$', text))\n\n\ndef check(candidate):\n    assert candidate('aabbbb') == True\n    assert candidate('aabAbbbc') == False\n    assert candidate('accddbbjjj') == False\n\ndef test_check():\n    check(text_starta_endb)\n\ntest_check()\n",
      "timestamp": 1665510124,
      "stdout": "",
      "stderr": "Traceback (most recent call last):\n  File \"/tmp/tmpynlpwku6.py\", line 16, in <module>\n    test_check()\n  File \"/tmp/tmpynlpwku6.py\", line 14, in test_check\n    check(text_starta_endb)\n  File \"/tmp/tmpynlpwku6.py\", line 9, in check\n    assert candidate('aabbbb') == True\n  File \"/tmp/tmpynlpwku6.py\", line 5, in text_starta_endb\n    return bool(re.match(r'a.*b$', text))\nNameError: name 're' is not defined\n",
      "exit_code": 1,
      "status": "Exception"
    },
    {
      "program": "def text_starta_endb(text: str) -> bool:\n    \"\"\"\n\tWrite a function that matches a string that has an 'a' followed by anything, ending in 'b'.\n\t\"\"\"\n    return re.search(r\"a.*b\", text) is not None\n\n\ndef check(candidate):\n    assert candidate('aabbbb') == True\n    assert candidate('aabAbbbc') == False\n    assert candidate('accddbbjjj') == False\n\ndef test_check():\n    check(text_starta_endb)\n\ntest_check()\n",
      "timestamp": 1666122914,
      "stdout": "",
      "stderr": "Traceback (most recent call last):\n  File \"/tmp/tmpkl97pd0e.py\", line 16, in <module>\n    test_check()\n  File \"/tmp/tmpkl97pd0e.py\", line 14, in test_check\n    check(text_starta_endb)\n  File \"/tmp/tmpkl97pd0e.py\", line 9, in check\n    assert candidate('aabbbb') == True\n  File \"/tmp/tmpkl97pd0e.py\", line 5, in text_starta_endb\n    return re.search(r\"a.*b\", text) is not None\nNameError: name 're' is not defined\n",
      "exit_code": 1,
      "status": "Exception"
    },
    {
      "program": "def text_starta_endb(text: str) -> bool:\n    \"\"\"\n\tWrite a function that matches a string that has an 'a' followed by anything, ending in 'b'.\n\t\"\"\"\n    return re.search(r\"a.*b\", text) is not None\n\n\ndef check(candidate):\n    assert candidate('aabbbb') == True\n    assert candidate('aabAbbbc') == False\n    assert candidate('accddbbjjj') == False\n\ndef test_check():\n    check(text_starta_endb)\n\ntest_check()\n",
      "timestamp": 1666122914,
      "stdout": "",
      "stderr": "Traceback (most recent call last):\n  File \"/tmp/tmpkl97pd0e.py\", line 16, in <module>\n    test_check()\n  File \"/tmp/tmpkl97pd0e.py\", line 14, in test_check\n    check(text_starta_endb)\n  File \"/tmp/tmpkl97pd0e.py\", line 9, in check\n    assert candidate('aabbbb') == True\n  File \"/tmp/tmpkl97pd0e.py\", line 5, in text_starta_endb\n    return re.search(r\"a.*b\", text) is not None\nNameError: name 're' is not defined\n",
      "exit_code": 1,
      "status": "Exception"
    },
    {
      "program": "def text_starta_endb(text: str) -> bool:\n    \"\"\"\n\tWrite a function that matches a string that has an 'a' followed by anything, ending in 'b'.\n\t\"\"\"\n    return bool(re.match(r'a.*b$', text))\n\n\ndef check(candidate):\n    assert candidate('aabbbb') == True\n    assert candidate('aabAbbbc') == False\n    assert candidate('accddbbjjj') == False\n\ndef test_check():\n    check(text_starta_endb)\n\ntest_check()\n",
      "timestamp": 1665510124,
      "stdout": "",
      "stderr": "Traceback (most recent call last):\n  File \"/tmp/tmpynlpwku6.py\", line 16, in <module>\n    test_check()\n  File \"/tmp/tmpynlpwku6.py\", line 14, in test_check\n    check(text_starta_endb)\n  File \"/tmp/tmpynlpwku6.py\", line 9, in check\n    assert candidate('aabbbb') == True\n  File \"/tmp/tmpynlpwku6.py\", line 5, in text_starta_endb\n    return bool(re.match(r'a.*b$', text))\nNameError: name 're' is not defined\n",
      "exit_code": 1,
      "status": "Exception"
    },
    {
      "program": "def text_starta_endb(text: str) -> bool:\n    \"\"\"\n\tWrite a function that matches a string that has an 'a' followed by anything, ending in 'b'.\n\t\"\"\"\n    return bool(re.search(r\"a.*b\", text))\n\n\ndef check(candidate):\n    assert candidate('aabbbb') == True\n    assert candidate('aabAbbbc') == False\n    assert candidate('accddbbjjj') == False\n\ndef test_check():\n    check(text_starta_endb)\n\ntest_check()\n",
      "timestamp": 1665510124,
      "stdout": "",
      "stderr": "Traceback (most recent call last):\n  File \"/tmp/tmpc4pq6u7v.py\", line 16, in <module>\n    test_check()\n  File \"/tmp/tmpc4pq6u7v.py\", line 14, in test_check\n    check(text_starta_endb)\n  File \"/tmp/tmpc4pq6u7v.py\", line 9, in check\n    assert candidate('aabbbb') == True\n  File \"/tmp/tmpc4pq6u7v.py\", line 5, in text_starta_endb\n    return bool(re.search(r\"a.*b\", text))\nNameError: name 're' is not defined\n",
      "exit_code": 1,
      "status": "Exception"
    },
    {
      "program": "def text_starta_endb(text: str) -> bool:\n    \"\"\"\n\tWrite a function that matches a string that has an 'a' followed by anything, ending in 'b'.\n\t\"\"\"\n    return re.search(r\"a.*b\", text) is not None\n\n\ndef check(candidate):\n    assert candidate('aabbbb') == True\n    assert candidate('aabAbbbc') == False\n    assert candidate('accddbbjjj') == False\n\ndef test_check():\n    check(text_starta_endb)\n\ntest_check()\n",
      "timestamp": 1666122914,
      "stdout": "",
      "stderr": "Traceback (most recent call last):\n  File \"/tmp/tmpkl97pd0e.py\", line 16, in <module>\n    test_check()\n  File \"/tmp/tmpkl97pd0e.py\", line 14, in test_check\n    check(text_starta_endb)\n  File \"/tmp/tmpkl97pd0e.py\", line 9, in check\n    assert candidate('aabbbb') == True\n  File \"/tmp/tmpkl97pd0e.py\", line 5, in text_starta_endb\n    return re.search(r\"a.*b\", text) is not None\nNameError: name 're' is not defined\n",
      "exit_code": 1,
      "status": "Exception"
    },
    {
      "program": "def text_starta_endb(text: str) -> bool:\n    \"\"\"\n\tWrite a function that matches a string that has an 'a' followed by anything, ending in 'b'.\n\t\"\"\"\n    return bool(re.match(r\"a.*b$\", text))\n\n\ndef check(candidate):\n    assert candidate('aabbbb') == True\n    assert candidate('aabAbbbc') == False\n    assert candidate('accddbbjjj') == False\n\ndef test_check():\n    check(text_starta_endb)\n\ntest_check()\n",
      "timestamp": 1665510124,
      "stdout": "",
      "stderr": "Traceback (most recent call last):\n  File \"/tmp/tmpl1laon6c.py\", line 16, in <module>\n    test_check()\n  File \"/tmp/tmpl1laon6c.py\", line 14, in test_check\n    check(text_starta_endb)\n  File \"/tmp/tmpl1laon6c.py\", line 9, in check\n    assert candidate('aabbbb') == True\n  File \"/tmp/tmpl1laon6c.py\", line 5, in text_starta_endb\n    return bool(re.match(r\"a.*b$\", text))\nNameError: name 're' is not defined\n",
      "exit_code": 1,
      "status": "Exception"
    },
    {
      "program": "def text_starta_endb(text: str) -> bool:\n    \"\"\"\n\tWrite a function that matches a string that has an 'a' followed by anything, ending in 'b'.\n\t\"\"\"\n    return bool(re.match(r\"a.*b$\", text))\n\n\ndef check(candidate):\n    assert candidate('aabbbb') == True\n    assert candidate('aabAbbbc') == False\n    assert candidate('accddbbjjj') == False\n\ndef test_check():\n    check(text_starta_endb)\n\ntest_check()\n",
      "timestamp": 1665510124,
      "stdout": "",
      "stderr": "Traceback (most recent call last):\n  File \"/tmp/tmpl1laon6c.py\", line 16, in <module>\n    test_check()\n  File \"/tmp/tmpl1laon6c.py\", line 14, in test_check\n    check(text_starta_endb)\n  File \"/tmp/tmpl1laon6c.py\", line 9, in check\n    assert candidate('aabbbb') == True\n  File \"/tmp/tmpl1laon6c.py\", line 5, in text_starta_endb\n    return bool(re.match(r\"a.*b$\", text))\nNameError: name 're' is not defined\n",
      "exit_code": 1,
      "status": "Exception"
    },
    {
      "program": "def text_starta_endb(text: str) -> bool:\n    \"\"\"\n\tWrite a function that matches a string that has an 'a' followed by anything, ending in 'b'.\n\t\"\"\"\n    return bool(re.match(r'a.*b$', text))\n\n\ndef check(candidate):\n    assert candidate('aabbbb') == True\n    assert candidate('aabAbbbc') == False\n    assert candidate('accddbbjjj') == False\n\ndef test_check():\n    check(text_starta_endb)\n\ntest_check()\n",
      "timestamp": 1665510124,
      "stdout": "",
      "stderr": "Traceback (most recent call last):\n  File \"/tmp/tmpynlpwku6.py\", line 16, in <module>\n    test_check()\n  File \"/tmp/tmpynlpwku6.py\", line 14, in test_check\n    check(text_starta_endb)\n  File \"/tmp/tmpynlpwku6.py\", line 9, in check\n    assert candidate('aabbbb') == True\n  File \"/tmp/tmpynlpwku6.py\", line 5, in text_starta_endb\n    return bool(re.match(r'a.*b$', text))\nNameError: name 're' is not defined\n",
      "exit_code": 1,
      "status": "Exception"
    },
    {
      "program": "def text_starta_endb(text: str) -> bool:\n    \"\"\"\n\tWrite a function that matches a string that has an 'a' followed by anything, ending in 'b'.\n\t\"\"\"\n    return bool(re.match(r\"a.*b$\", text))\n\n\ndef check(candidate):\n    assert candidate('aabbbb') == True\n    assert candidate('aabAbbbc') == False\n    assert candidate('accddbbjjj') == False\n\ndef test_check():\n    check(text_starta_endb)\n\ntest_check()\n",
      "timestamp": 1665510124,
      "stdout": "",
      "stderr": "Traceback (most recent call last):\n  File \"/tmp/tmpl1laon6c.py\", line 16, in <module>\n    test_check()\n  File \"/tmp/tmpl1laon6c.py\", line 14, in test_check\n    check(text_starta_endb)\n  File \"/tmp/tmpl1laon6c.py\", line 9, in check\n    assert candidate('aabbbb') == True\n  File \"/tmp/tmpl1laon6c.py\", line 5, in text_starta_endb\n    return bool(re.match(r\"a.*b$\", text))\nNameError: name 're' is not defined\n",
      "exit_code": 1,
      "status": "Exception"
    },
    {
      "program": "def text_starta_endb(text: str) -> bool:\n    \"\"\"\n\tWrite a function that matches a string that has an 'a' followed by anything, ending in 'b'.\n\t\"\"\"\n    return bool(re.match(r\"a.*b$\", text))\n\n\ndef check(candidate):\n    assert candidate('aabbbb') == True\n    assert candidate('aabAbbbc') == False\n    assert candidate('accddbbjjj') == False\n\ndef test_check():\n    check(text_starta_endb)\n\ntest_check()\n",
      "timestamp": 1665510124,
      "stdout": "",
      "stderr": "Traceback (most recent call last):\n  File \"/tmp/tmpl1laon6c.py\", line 16, in <module>\n    test_check()\n  File \"/tmp/tmpl1laon6c.py\", line 14, in test_check\n    check(text_starta_endb)\n  File \"/tmp/tmpl1laon6c.py\", line 9, in check\n    assert candidate('aabbbb') == True\n  File \"/tmp/tmpl1laon6c.py\", line 5, in text_starta_endb\n    return bool(re.match(r\"a.*b$\", text))\nNameError: name 're' is not defined\n",
      "exit_code": 1,
      "status": "Exception"
    },
    {
      "program": "def text_starta_endb(text: str) -> bool:\n    \"\"\"\n\tWrite a function that matches a string that has an 'a' followed by anything, ending in 'b'.\n\t\"\"\"\n    return bool(re.search(r\"a.*b\", text))\n\n\ndef check(candidate):\n    assert candidate('aabbbb') == True\n    assert candidate('aabAbbbc') == False\n    assert candidate('accddbbjjj') == False\n\ndef test_check():\n    check(text_starta_endb)\n\ntest_check()\n",
      "timestamp": 1665510124,
      "stdout": "",
      "stderr": "Traceback (most recent call last):\n  File \"/tmp/tmpc4pq6u7v.py\", line 16, in <module>\n    test_check()\n  File \"/tmp/tmpc4pq6u7v.py\", line 14, in test_check\n    check(text_starta_endb)\n  File \"/tmp/tmpc4pq6u7v.py\", line 9, in check\n    assert candidate('aabbbb') == True\n  File \"/tmp/tmpc4pq6u7v.py\", line 5, in text_starta_endb\n    return bool(re.search(r\"a.*b\", text))\nNameError: name 're' is not defined\n",
      "exit_code": 1,
      "status": "Exception"
    },
    {
      "program": "def text_starta_endb(text: str) -> bool:\n    \"\"\"\n\tWrite a function that matches a string that has an 'a' followed by anything, ending in 'b'.\n\t\"\"\"\n    return re.match(r'a.*b$', text) is not None\n\n\ndef check(candidate):\n    assert candidate('aabbbb') == True\n    assert candidate('aabAbbbc') == False\n    assert candidate('accddbbjjj') == False\n\ndef test_check():\n    check(text_starta_endb)\n\ntest_check()\n",
      "timestamp": 1666122914,
      "stdout": "",
      "stderr": "Traceback (most recent call last):\n  File \"/tmp/tmpzyawhrkf.py\", line 16, in <module>\n    test_check()\n  File \"/tmp/tmpzyawhrkf.py\", line 14, in test_check\n    check(text_starta_endb)\n  File \"/tmp/tmpzyawhrkf.py\", line 9, in check\n    assert candidate('aabbbb') == True\n  File \"/tmp/tmpzyawhrkf.py\", line 5, in text_starta_endb\n    return re.match(r'a.*b$', text) is not None\nNameError: name 're' is not defined\n",
      "exit_code": 1,
      "status": "Exception"
    },
    {
      "program": "def text_starta_endb(text: str) -> bool:\n    \"\"\"\n\tWrite a function that matches a string that has an 'a' followed by anything, ending in 'b'.\n\t\"\"\"\n    return bool(re.match(r\"a.*b$\", text))\n\n\ndef check(candidate):\n    assert candidate('aabbbb') == True\n    assert candidate('aabAbbbc') == False\n    assert candidate('accddbbjjj') == False\n\ndef test_check():\n    check(text_starta_endb)\n\ntest_check()\n",
      "timestamp": 1665510124,
      "stdout": "",
      "stderr": "Traceback (most recent call last):\n  File \"/tmp/tmpl1laon6c.py\", line 16, in <module>\n    test_check()\n  File \"/tmp/tmpl1laon6c.py\", line 14, in test_check\n    check(text_starta_endb)\n  File \"/tmp/tmpl1laon6c.py\", line 9, in check\n    assert candidate('aabbbb') == True\n  File \"/tmp/tmpl1laon6c.py\", line 5, in text_starta_endb\n    return bool(re.match(r\"a.*b$\", text))\nNameError: name 're' is not defined\n",
      "exit_code": 1,
      "status": "Exception"
    },
    {
      "program": "def text_starta_endb(text: str) -> bool:\n    \"\"\"\n\tWrite a function that matches a string that has an 'a' followed by anything, ending in 'b'.\n\t\"\"\"\n    return bool(re.match(r\"a.*b$\", text))\n\n\ndef check(candidate):\n    assert candidate('aabbbb') == True\n    assert candidate('aabAbbbc') == False\n    assert candidate('accddbbjjj') == False\n\ndef test_check():\n    check(text_starta_endb)\n\ntest_check()\n",
      "timestamp": 1665510124,
      "stdout": "",
      "stderr": "Traceback (most recent call last):\n  File \"/tmp/tmpl1laon6c.py\", line 16, in <module>\n    test_check()\n  File \"/tmp/tmpl1laon6c.py\", line 14, in test_check\n    check(text_starta_endb)\n  File \"/tmp/tmpl1laon6c.py\", line 9, in check\n    assert candidate('aabbbb') == True\n  File \"/tmp/tmpl1laon6c.py\", line 5, in text_starta_endb\n    return bool(re.match(r\"a.*b$\", text))\nNameError: name 're' is not defined\n",
      "exit_code": 1,
      "status": "Exception"
    },
    {
      "program": "def text_starta_endb(text: str) -> bool:\n    \"\"\"\n\tWrite a function that matches a string that has an 'a' followed by anything, ending in 'b'.\n\t\"\"\"\n    return bool(re.match(r\"a.*b$\", text))\n\n\ndef check(candidate):\n    assert candidate('aabbbb') == True\n    assert candidate('aabAbbbc') == False\n    assert candidate('accddbbjjj') == False\n\ndef test_check():\n    check(text_starta_endb)\n\ntest_check()\n",
      "timestamp": 1665510124,
      "stdout": "",
      "stderr": "Traceback (most recent call last):\n  File \"/tmp/tmpl1laon6c.py\", line 16, in <module>\n    test_check()\n  File \"/tmp/tmpl1laon6c.py\", line 14, in test_check\n    check(text_starta_endb)\n  File \"/tmp/tmpl1laon6c.py\", line 9, in check\n    assert candidate('aabbbb') == True\n  File \"/tmp/tmpl1laon6c.py\", line 5, in text_starta_endb\n    return bool(re.match(r\"a.*b$\", text))\nNameError: name 're' is not defined\n",
      "exit_code": 1,
      "status": "Exception"
    },
    {
      "program": "def text_starta_endb(text: str) -> bool:\n    \"\"\"\n\tWrite a function that matches a string that has an 'a' followed by anything, ending in 'b'.\n\t\"\"\"\n    return bool(re.match(r\"a.*b$\", text))\n\n\ndef check(candidate):\n    assert candidate('aabbbb') == True\n    assert candidate('aabAbbbc') == False\n    assert candidate('accddbbjjj') == False\n\ndef test_check():\n    check(text_starta_endb)\n\ntest_check()\n",
      "timestamp": 1665510124,
      "stdout": "",
      "stderr": "Traceback (most recent call last):\n  File \"/tmp/tmpl1laon6c.py\", line 16, in <module>\n    test_check()\n  File \"/tmp/tmpl1laon6c.py\", line 14, in test_check\n    check(text_starta_endb)\n  File \"/tmp/tmpl1laon6c.py\", line 9, in check\n    assert candidate('aabbbb') == True\n  File \"/tmp/tmpl1laon6c.py\", line 5, in text_starta_endb\n    return bool(re.match(r\"a.*b$\", text))\nNameError: name 're' is not defined\n",
      "exit_code": 1,
      "status": "Exception"
    },
    {
      "program": "def text_starta_endb(text: str) -> bool:\n    \"\"\"\n\tWrite a function that matches a string that has an 'a' followed by anything, ending in 'b'.\n\t\"\"\"\n    return re.search(r\"a.*b\", text) is not None\n\n\ndef check(candidate):\n    assert candidate('aabbbb') == True\n    assert candidate('aabAbbbc') == False\n    assert candidate('accddbbjjj') == False\n\ndef test_check():\n    check(text_starta_endb)\n\ntest_check()\n",
      "timestamp": 1666122914,
      "stdout": "",
      "stderr": "Traceback (most recent call last):\n  File \"/tmp/tmpkl97pd0e.py\", line 16, in <module>\n    test_check()\n  File \"/tmp/tmpkl97pd0e.py\", line 14, in test_check\n    check(text_starta_endb)\n  File \"/tmp/tmpkl97pd0e.py\", line 9, in check\n    assert candidate('aabbbb') == True\n  File \"/tmp/tmpkl97pd0e.py\", line 5, in text_starta_endb\n    return re.search(r\"a.*b\", text) is not None\nNameError: name 're' is not defined\n",
      "exit_code": 1,
      "status": "Exception"
    },
    {
      "program": "def text_starta_endb(text: str) -> bool:\n    \"\"\"\n\tWrite a function that matches a string that has an 'a' followed by anything, ending in 'b'.\n\t\"\"\"\n    return re.search(r\"a.*b$\", text) is not None\n\n\ndef check(candidate):\n    assert candidate('aabbbb') == True\n    assert candidate('aabAbbbc') == False\n    assert candidate('accddbbjjj') == False\n\ndef test_check():\n    check(text_starta_endb)\n\ntest_check()\n",
      "timestamp": 1665510124,
      "stdout": "",
      "stderr": "Traceback (most recent call last):\n  File \"/tmp/tmppmkuwaqc.py\", line 16, in <module>\n    test_check()\n  File \"/tmp/tmppmkuwaqc.py\", line 14, in test_check\n    check(text_starta_endb)\n  File \"/tmp/tmppmkuwaqc.py\", line 9, in check\n    assert candidate('aabbbb') == True\n  File \"/tmp/tmppmkuwaqc.py\", line 5, in text_starta_endb\n    return re.search(r\"a.*b$\", text) is not None\nNameError: name 're' is not defined\n",
      "exit_code": 1,
      "status": "Exception"
    },
    {
      "program": "def text_starta_endb(text: str) -> bool:\n    \"\"\"\n\tWrite a function that matches a string that has an 'a' followed by anything, ending in 'b'.\n\t\"\"\"\n    return bool(re.match(r\"a.*b$\", text))\n\n\ndef check(candidate):\n    assert candidate('aabbbb') == True\n    assert candidate('aabAbbbc') == False\n    assert candidate('accddbbjjj') == False\n\ndef test_check():\n    check(text_starta_endb)\n\ntest_check()\n",
      "timestamp": 1665510124,
      "stdout": "",
      "stderr": "Traceback (most recent call last):\n  File \"/tmp/tmpl1laon6c.py\", line 16, in <module>\n    test_check()\n  File \"/tmp/tmpl1laon6c.py\", line 14, in test_check\n    check(text_starta_endb)\n  File \"/tmp/tmpl1laon6c.py\", line 9, in check\n    assert candidate('aabbbb') == True\n  File \"/tmp/tmpl1laon6c.py\", line 5, in text_starta_endb\n    return bool(re.match(r\"a.*b$\", text))\nNameError: name 're' is not defined\n",
      "exit_code": 1,
      "status": "Exception"
    },
    {
      "program": "def text_starta_endb(text: str) -> bool:\n    \"\"\"\n\tWrite a function that matches a string that has an 'a' followed by anything, ending in 'b'.\n\t\"\"\"\n    return bool(re.search(r\"a.+b\", text))\n\n\ndef check(candidate):\n    assert candidate('aabbbb') == True\n    assert candidate('aabAbbbc') == False\n    assert candidate('accddbbjjj') == False\n\ndef test_check():\n    check(text_starta_endb)\n\ntest_check()\n",
      "timestamp": 1666122914,
      "stdout": "",
      "stderr": "Traceback (most recent call last):\n  File \"/tmp/tmpcfivwvcv.py\", line 16, in <module>\n    test_check()\n  File \"/tmp/tmpcfivwvcv.py\", line 14, in test_check\n    check(text_starta_endb)\n  File \"/tmp/tmpcfivwvcv.py\", line 9, in check\n    assert candidate('aabbbb') == True\n  File \"/tmp/tmpcfivwvcv.py\", line 5, in text_starta_endb\n    return bool(re.search(r\"a.+b\", text))\nNameError: name 're' is not defined\n",
      "exit_code": 1,
      "status": "Exception"
    },
    {
      "program": "def text_starta_endb(text: str) -> bool:\n    \"\"\"\n\tWrite a function that matches a string that has an 'a' followed by anything, ending in 'b'.\n\t\"\"\"\n    return re.search(r\"a.*b$\", text) is not None\n\n\ndef check(candidate):\n    assert candidate('aabbbb') == True\n    assert candidate('aabAbbbc') == False\n    assert candidate('accddbbjjj') == False\n\ndef test_check():\n    check(text_starta_endb)\n\ntest_check()\n",
      "timestamp": 1665510124,
      "stdout": "",
      "stderr": "Traceback (most recent call last):\n  File \"/tmp/tmppmkuwaqc.py\", line 16, in <module>\n    test_check()\n  File \"/tmp/tmppmkuwaqc.py\", line 14, in test_check\n    check(text_starta_endb)\n  File \"/tmp/tmppmkuwaqc.py\", line 9, in check\n    assert candidate('aabbbb') == True\n  File \"/tmp/tmppmkuwaqc.py\", line 5, in text_starta_endb\n    return re.search(r\"a.*b$\", text) is not None\nNameError: name 're' is not defined\n",
      "exit_code": 1,
      "status": "Exception"
    },
    {
      "program": "def text_starta_endb(text: str) -> bool:\n    \"\"\"\n\tWrite a function that matches a string that has an 'a' followed by anything, ending in 'b'.\n\t\"\"\"\n    return bool(re.match(r\"a.*b$\", text))\n\n\ndef check(candidate):\n    assert candidate('aabbbb') == True\n    assert candidate('aabAbbbc') == False\n    assert candidate('accddbbjjj') == False\n\ndef test_check():\n    check(text_starta_endb)\n\ntest_check()\n",
      "timestamp": 1665510124,
      "stdout": "",
      "stderr": "Traceback (most recent call last):\n  File \"/tmp/tmpl1laon6c.py\", line 16, in <module>\n    test_check()\n  File \"/tmp/tmpl1laon6c.py\", line 14, in test_check\n    check(text_starta_endb)\n  File \"/tmp/tmpl1laon6c.py\", line 9, in check\n    assert candidate('aabbbb') == True\n  File \"/tmp/tmpl1laon6c.py\", line 5, in text_starta_endb\n    return bool(re.match(r\"a.*b$\", text))\nNameError: name 're' is not defined\n",
      "exit_code": 1,
      "status": "Exception"
    },
    {
      "program": "def text_starta_endb(text: str) -> bool:\n    \"\"\"\n\tWrite a function that matches a string that has an 'a' followed by anything, ending in 'b'.\n\t\"\"\"\n    return bool(re.match(r\"a.*b$\", text))\n\n\ndef check(candidate):\n    assert candidate('aabbbb') == True\n    assert candidate('aabAbbbc') == False\n    assert candidate('accddbbjjj') == False\n\ndef test_check():\n    check(text_starta_endb)\n\ntest_check()\n",
      "timestamp": 1665510124,
      "stdout": "",
      "stderr": "Traceback (most recent call last):\n  File \"/tmp/tmpl1laon6c.py\", line 16, in <module>\n    test_check()\n  File \"/tmp/tmpl1laon6c.py\", line 14, in test_check\n    check(text_starta_endb)\n  File \"/tmp/tmpl1laon6c.py\", line 9, in check\n    assert candidate('aabbbb') == True\n  File \"/tmp/tmpl1laon6c.py\", line 5, in text_starta_endb\n    return bool(re.match(r\"a.*b$\", text))\nNameError: name 're' is not defined\n",
      "exit_code": 1,
      "status": "Exception"
    },
    {
      "program": "def text_starta_endb(text: str) -> bool:\n    \"\"\"\n\tWrite a function that matches a string that has an 'a' followed by anything, ending in 'b'.\n\t\"\"\"\n    return re.match(r\"a.*b$\", text) is not None\n\n\ndef check(candidate):\n    assert candidate('aabbbb') == True\n    assert candidate('aabAbbbc') == False\n    assert candidate('accddbbjjj') == False\n\ndef test_check():\n    check(text_starta_endb)\n\ntest_check()\n",
      "timestamp": 1665510124,
      "stdout": "",
      "stderr": "Traceback (most recent call last):\n  File \"/tmp/tmpn7wvijdk.py\", line 16, in <module>\n    test_check()\n  File \"/tmp/tmpn7wvijdk.py\", line 14, in test_check\n    check(text_starta_endb)\n  File \"/tmp/tmpn7wvijdk.py\", line 9, in check\n    assert candidate('aabbbb') == True\n  File \"/tmp/tmpn7wvijdk.py\", line 5, in text_starta_endb\n    return re.match(r\"a.*b$\", text) is not None\nNameError: name 're' is not defined\n",
      "exit_code": 1,
      "status": "Exception"
    },
    {
      "program": "def text_starta_endb(text: str) -> bool:\n    \"\"\"\n\tWrite a function that matches a string that has an 'a' followed by anything, ending in 'b'.\n\t\"\"\"\n    return re.search(r'a.*b', text) is not None\n\n\ndef check(candidate):\n    assert candidate('aabbbb') == True\n    assert candidate('aabAbbbc') == False\n    assert candidate('accddbbjjj') == False\n\ndef test_check():\n    check(text_starta_endb)\n\ntest_check()\n",
      "timestamp": 1666122914,
      "stdout": "",
      "stderr": "Traceback (most recent call last):\n  File \"/tmp/tmpr9d3w0gx.py\", line 16, in <module>\n    test_check()\n  File \"/tmp/tmpr9d3w0gx.py\", line 14, in test_check\n    check(text_starta_endb)\n  File \"/tmp/tmpr9d3w0gx.py\", line 9, in check\n    assert candidate('aabbbb') == True\n  File \"/tmp/tmpr9d3w0gx.py\", line 5, in text_starta_endb\n    return re.search(r'a.*b', text) is not None\nNameError: name 're' is not defined\n",
      "exit_code": 1,
      "status": "Exception"
    },
    {
      "program": "def text_starta_endb(text: str) -> bool:\n    \"\"\"\n\tWrite a function that matches a string that has an 'a' followed by anything, ending in 'b'.\n\t\"\"\"\n    return re.match(r\"a.*b$\", text) is not None\n\n\ndef check(candidate):\n    assert candidate('aabbbb') == True\n    assert candidate('aabAbbbc') == False\n    assert candidate('accddbbjjj') == False\n\ndef test_check():\n    check(text_starta_endb)\n\ntest_check()\n",
      "timestamp": 1665510124,
      "stdout": "",
      "stderr": "Traceback (most recent call last):\n  File \"/tmp/tmpn7wvijdk.py\", line 16, in <module>\n    test_check()\n  File \"/tmp/tmpn7wvijdk.py\", line 14, in test_check\n    check(text_starta_endb)\n  File \"/tmp/tmpn7wvijdk.py\", line 9, in check\n    assert candidate('aabbbb') == True\n  File \"/tmp/tmpn7wvijdk.py\", line 5, in text_starta_endb\n    return re.match(r\"a.*b$\", text) is not None\nNameError: name 're' is not defined\n",
      "exit_code": 1,
      "status": "Exception"
    },
    {
      "program": "def text_starta_endb(text: str) -> bool:\n    \"\"\"\n\tWrite a function that matches a string that has an 'a' followed by anything, ending in 'b'.\n\t\"\"\"\n    return re.search(r'a.*b$', text) is not None\n\n\ndef check(candidate):\n    assert candidate('aabbbb') == True\n    assert candidate('aabAbbbc') == False\n    assert candidate('accddbbjjj') == False\n\ndef test_check():\n    check(text_starta_endb)\n\ntest_check()\n",
      "timestamp": 1666122914,
      "stdout": "",
      "stderr": "Traceback (most recent call last):\n  File \"/tmp/tmpnxyo1qu3.py\", line 16, in <module>\n    test_check()\n  File \"/tmp/tmpnxyo1qu3.py\", line 14, in test_check\n    check(text_starta_endb)\n  File \"/tmp/tmpnxyo1qu3.py\", line 9, in check\n    assert candidate('aabbbb') == True\n  File \"/tmp/tmpnxyo1qu3.py\", line 5, in text_starta_endb\n    return re.search(r'a.*b$', text) is not None\nNameError: name 're' is not defined\n",
      "exit_code": 1,
      "status": "Exception"
    },
    {
      "program": "def text_starta_endb(text: str) -> bool:\n    \"\"\"\n\tWrite a function that matches a string that has an 'a' followed by anything, ending in 'b'.\n\t\"\"\"\n    return re.search(r\"a.*b$\", text)\n\n\ndef check(candidate):\n    assert candidate('aabbbb') == True\n    assert candidate('aabAbbbc') == False\n    assert candidate('accddbbjjj') == False\n\ndef test_check():\n    check(text_starta_endb)\n\ntest_check()\n",
      "timestamp": 1666122914,
      "stdout": "",
      "stderr": "Traceback (most recent call last):\n  File \"/tmp/tmpu6udp_mr.py\", line 16, in <module>\n    test_check()\n  File \"/tmp/tmpu6udp_mr.py\", line 14, in test_check\n    check(text_starta_endb)\n  File \"/tmp/tmpu6udp_mr.py\", line 9, in check\n    assert candidate('aabbbb') == True\n  File \"/tmp/tmpu6udp_mr.py\", line 5, in text_starta_endb\n    return re.search(r\"a.*b$\", text)\nNameError: name 're' is not defined\n",
      "exit_code": 1,
      "status": "Exception"
    },
    {
      "program": "def text_starta_endb(text: str) -> bool:\n    \"\"\"\n\tWrite a function that matches a string that has an 'a' followed by anything, ending in 'b'.\n\t\"\"\"\n    return re.search(r\"a.*b$\", text) is not None\n\n\ndef check(candidate):\n    assert candidate('aabbbb') == True\n    assert candidate('aabAbbbc') == False\n    assert candidate('accddbbjjj') == False\n\ndef test_check():\n    check(text_starta_endb)\n\ntest_check()\n",
      "timestamp": 1665510124,
      "stdout": "",
      "stderr": "Traceback (most recent call last):\n  File \"/tmp/tmppmkuwaqc.py\", line 16, in <module>\n    test_check()\n  File \"/tmp/tmppmkuwaqc.py\", line 14, in test_check\n    check(text_starta_endb)\n  File \"/tmp/tmppmkuwaqc.py\", line 9, in check\n    assert candidate('aabbbb') == True\n  File \"/tmp/tmppmkuwaqc.py\", line 5, in text_starta_endb\n    return re.search(r\"a.*b$\", text) is not None\nNameError: name 're' is not defined\n",
      "exit_code": 1,
      "status": "Exception"
    },
    {
      "program": "def text_starta_endb(text: str) -> bool:\n    \"\"\"\n\tWrite a function that matches a string that has an 'a' followed by anything, ending in 'b'.\n\t\"\"\"\n    return bool(re.match(r\"a.*b$\", text))\n\n\ndef check(candidate):\n    assert candidate('aabbbb') == True\n    assert candidate('aabAbbbc') == False\n    assert candidate('accddbbjjj') == False\n\ndef test_check():\n    check(text_starta_endb)\n\ntest_check()\n",
      "timestamp": 1665510124,
      "stdout": "",
      "stderr": "Traceback (most recent call last):\n  File \"/tmp/tmpl1laon6c.py\", line 16, in <module>\n    test_check()\n  File \"/tmp/tmpl1laon6c.py\", line 14, in test_check\n    check(text_starta_endb)\n  File \"/tmp/tmpl1laon6c.py\", line 9, in check\n    assert candidate('aabbbb') == True\n  File \"/tmp/tmpl1laon6c.py\", line 5, in text_starta_endb\n    return bool(re.match(r\"a.*b$\", text))\nNameError: name 're' is not defined\n",
      "exit_code": 1,
      "status": "Exception"
    },
    {
      "program": "def text_starta_endb(text: str) -> bool:\n    \"\"\"\n\tWrite a function that matches a string that has an 'a' followed by anything, ending in 'b'.\n\t\"\"\"\n    return bool(re.match(r\"a.*b$\", text))\n\n\ndef check(candidate):\n    assert candidate('aabbbb') == True\n    assert candidate('aabAbbbc') == False\n    assert candidate('accddbbjjj') == False\n\ndef test_check():\n    check(text_starta_endb)\n\ntest_check()\n",
      "timestamp": 1665510124,
      "stdout": "",
      "stderr": "Traceback (most recent call last):\n  File \"/tmp/tmpl1laon6c.py\", line 16, in <module>\n    test_check()\n  File \"/tmp/tmpl1laon6c.py\", line 14, in test_check\n    check(text_starta_endb)\n  File \"/tmp/tmpl1laon6c.py\", line 9, in check\n    assert candidate('aabbbb') == True\n  File \"/tmp/tmpl1laon6c.py\", line 5, in text_starta_endb\n    return bool(re.match(r\"a.*b$\", text))\nNameError: name 're' is not defined\n",
      "exit_code": 1,
      "status": "Exception"
    },
    {
      "program": "def text_starta_endb(text: str) -> bool:\n    \"\"\"\n\tWrite a function that matches a string that has an 'a' followed by anything, ending in 'b'.\n\t\"\"\"\n    return bool(re.match(r'a.*b$', text))\n\n\ndef check(candidate):\n    assert candidate('aabbbb') == True\n    assert candidate('aabAbbbc') == False\n    assert candidate('accddbbjjj') == False\n\ndef test_check():\n    check(text_starta_endb)\n\ntest_check()\n",
      "timestamp": 1665510124,
      "stdout": "",
      "stderr": "Traceback (most recent call last):\n  File \"/tmp/tmpynlpwku6.py\", line 16, in <module>\n    test_check()\n  File \"/tmp/tmpynlpwku6.py\", line 14, in test_check\n    check(text_starta_endb)\n  File \"/tmp/tmpynlpwku6.py\", line 9, in check\n    assert candidate('aabbbb') == True\n  File \"/tmp/tmpynlpwku6.py\", line 5, in text_starta_endb\n    return bool(re.match(r'a.*b$', text))\nNameError: name 're' is not defined\n",
      "exit_code": 1,
      "status": "Exception"
    },
    {
      "program": "def text_starta_endb(text: str) -> bool:\n    \"\"\"\n\tWrite a function that matches a string that has an 'a' followed by anything, ending in 'b'.\n\t\"\"\"\n    return re.search(r\"a.*b$\", text) is not None\n\n\ndef check(candidate):\n    assert candidate('aabbbb') == True\n    assert candidate('aabAbbbc') == False\n    assert candidate('accddbbjjj') == False\n\ndef test_check():\n    check(text_starta_endb)\n\ntest_check()\n",
      "timestamp": 1665510124,
      "stdout": "",
      "stderr": "Traceback (most recent call last):\n  File \"/tmp/tmppmkuwaqc.py\", line 16, in <module>\n    test_check()\n  File \"/tmp/tmppmkuwaqc.py\", line 14, in test_check\n    check(text_starta_endb)\n  File \"/tmp/tmppmkuwaqc.py\", line 9, in check\n    assert candidate('aabbbb') == True\n  File \"/tmp/tmppmkuwaqc.py\", line 5, in text_starta_endb\n    return re.search(r\"a.*b$\", text) is not None\nNameError: name 're' is not defined\n",
      "exit_code": 1,
      "status": "Exception"
    },
    {
      "program": "def text_starta_endb(text: str) -> bool:\n    \"\"\"\n\tWrite a function that matches a string that has an 'a' followed by anything, ending in 'b'.\n\t\"\"\"\n    return bool(re.match(r\"a.*b$\", text))\n\n\ndef check(candidate):\n    assert candidate('aabbbb') == True\n    assert candidate('aabAbbbc') == False\n    assert candidate('accddbbjjj') == False\n\ndef test_check():\n    check(text_starta_endb)\n\ntest_check()\n",
      "timestamp": 1665510124,
      "stdout": "",
      "stderr": "Traceback (most recent call last):\n  File \"/tmp/tmpl1laon6c.py\", line 16, in <module>\n    test_check()\n  File \"/tmp/tmpl1laon6c.py\", line 14, in test_check\n    check(text_starta_endb)\n  File \"/tmp/tmpl1laon6c.py\", line 9, in check\n    assert candidate('aabbbb') == True\n  File \"/tmp/tmpl1laon6c.py\", line 5, in text_starta_endb\n    return bool(re.match(r\"a.*b$\", text))\nNameError: name 're' is not defined\n",
      "exit_code": 1,
      "status": "Exception"
    },
    {
      "program": "def text_starta_endb(text: str) -> bool:\n    \"\"\"\n\tWrite a function that matches a string that has an 'a' followed by anything, ending in 'b'.\n\t\"\"\"\n    return bool(re.match(r\".*a.*b$\", text))\n\n\ndef check(candidate):\n    assert candidate('aabbbb') == True\n    assert candidate('aabAbbbc') == False\n    assert candidate('accddbbjjj') == False\n\ndef test_check():\n    check(text_starta_endb)\n\ntest_check()\n",
      "timestamp": 1666122914,
      "stdout": "",
      "stderr": "Traceback (most recent call last):\n  File \"/tmp/tmpcaq1dkaz.py\", line 16, in <module>\n    test_check()\n  File \"/tmp/tmpcaq1dkaz.py\", line 14, in test_check\n    check(text_starta_endb)\n  File \"/tmp/tmpcaq1dkaz.py\", line 9, in check\n    assert candidate('aabbbb') == True\n  File \"/tmp/tmpcaq1dkaz.py\", line 5, in text_starta_endb\n    return bool(re.match(r\".*a.*b$\", text))\nNameError: name 're' is not defined\n",
      "exit_code": 1,
      "status": "Exception"
    },
    {
      "program": "def text_starta_endb(text: str) -> bool:\n    \"\"\"\n\tWrite a function that matches a string that has an 'a' followed by anything, ending in 'b'.\n\t\"\"\"\n    return bool(re.match(r\"a.*b$\", text))\n\n\ndef check(candidate):\n    assert candidate('aabbbb') == True\n    assert candidate('aabAbbbc') == False\n    assert candidate('accddbbjjj') == False\n\ndef test_check():\n    check(text_starta_endb)\n\ntest_check()\n",
      "timestamp": 1665510124,
      "stdout": "",
      "stderr": "Traceback (most recent call last):\n  File \"/tmp/tmpl1laon6c.py\", line 16, in <module>\n    test_check()\n  File \"/tmp/tmpl1laon6c.py\", line 14, in test_check\n    check(text_starta_endb)\n  File \"/tmp/tmpl1laon6c.py\", line 9, in check\n    assert candidate('aabbbb') == True\n  File \"/tmp/tmpl1laon6c.py\", line 5, in text_starta_endb\n    return bool(re.match(r\"a.*b$\", text))\nNameError: name 're' is not defined\n",
      "exit_code": 1,
      "status": "Exception"
    },
    {
      "program": "def text_starta_endb(text: str) -> bool:\n    \"\"\"\n\tWrite a function that matches a string that has an 'a' followed by anything, ending in 'b'.\n\t\"\"\"\n    return bool(re.match(r\"a.*b$\", text))\n\n\ndef check(candidate):\n    assert candidate('aabbbb') == True\n    assert candidate('aabAbbbc') == False\n    assert candidate('accddbbjjj') == False\n\ndef test_check():\n    check(text_starta_endb)\n\ntest_check()\n",
      "timestamp": 1665510124,
      "stdout": "",
      "stderr": "Traceback (most recent call last):\n  File \"/tmp/tmpl1laon6c.py\", line 16, in <module>\n    test_check()\n  File \"/tmp/tmpl1laon6c.py\", line 14, in test_check\n    check(text_starta_endb)\n  File \"/tmp/tmpl1laon6c.py\", line 9, in check\n    assert candidate('aabbbb') == True\n  File \"/tmp/tmpl1laon6c.py\", line 5, in text_starta_endb\n    return bool(re.match(r\"a.*b$\", text))\nNameError: name 're' is not defined\n",
      "exit_code": 1,
      "status": "Exception"
    },
    {
      "program": "def text_starta_endb(text: str) -> bool:\n    \"\"\"\n\tWrite a function that matches a string that has an 'a' followed by anything, ending in 'b'.\n\t\"\"\"\n    return re.search(r\"a.*b$\", text) is not None\n\n\ndef check(candidate):\n    assert candidate('aabbbb') == True\n    assert candidate('aabAbbbc') == False\n    assert candidate('accddbbjjj') == False\n\ndef test_check():\n    check(text_starta_endb)\n\ntest_check()\n",
      "timestamp": 1665510124,
      "stdout": "",
      "stderr": "Traceback (most recent call last):\n  File \"/tmp/tmppmkuwaqc.py\", line 16, in <module>\n    test_check()\n  File \"/tmp/tmppmkuwaqc.py\", line 14, in test_check\n    check(text_starta_endb)\n  File \"/tmp/tmppmkuwaqc.py\", line 9, in check\n    assert candidate('aabbbb') == True\n  File \"/tmp/tmppmkuwaqc.py\", line 5, in text_starta_endb\n    return re.search(r\"a.*b$\", text) is not None\nNameError: name 're' is not defined\n",
      "exit_code": 1,
      "status": "Exception"
    },
    {
      "program": "def text_starta_endb(text: str) -> bool:\n    \"\"\"\n\tWrite a function that matches a string that has an 'a' followed by anything, ending in 'b'.\n\t\"\"\"\n    return bool(re.match(r\"a.*b$\", text))\n\n\ndef check(candidate):\n    assert candidate('aabbbb') == True\n    assert candidate('aabAbbbc') == False\n    assert candidate('accddbbjjj') == False\n\ndef test_check():\n    check(text_starta_endb)\n\ntest_check()\n",
      "timestamp": 1665510124,
      "stdout": "",
      "stderr": "Traceback (most recent call last):\n  File \"/tmp/tmpl1laon6c.py\", line 16, in <module>\n    test_check()\n  File \"/tmp/tmpl1laon6c.py\", line 14, in test_check\n    check(text_starta_endb)\n  File \"/tmp/tmpl1laon6c.py\", line 9, in check\n    assert candidate('aabbbb') == True\n  File \"/tmp/tmpl1laon6c.py\", line 5, in text_starta_endb\n    return bool(re.match(r\"a.*b$\", text))\nNameError: name 're' is not defined\n",
      "exit_code": 1,
      "status": "Exception"
    },
    {
      "program": "def text_starta_endb(text: str) -> bool:\n    \"\"\"\n\tWrite a function that matches a string that has an 'a' followed by anything, ending in 'b'.\n\t\"\"\"\n    return bool(re.match(r\"a.*b$\", text))\n\n\ndef check(candidate):\n    assert candidate('aabbbb') == True\n    assert candidate('aabAbbbc') == False\n    assert candidate('accddbbjjj') == False\n\ndef test_check():\n    check(text_starta_endb)\n\ntest_check()\n",
      "timestamp": 1665510124,
      "stdout": "",
      "stderr": "Traceback (most recent call last):\n  File \"/tmp/tmpl1laon6c.py\", line 16, in <module>\n    test_check()\n  File \"/tmp/tmpl1laon6c.py\", line 14, in test_check\n    check(text_starta_endb)\n  File \"/tmp/tmpl1laon6c.py\", line 9, in check\n    assert candidate('aabbbb') == True\n  File \"/tmp/tmpl1laon6c.py\", line 5, in text_starta_endb\n    return bool(re.match(r\"a.*b$\", text))\nNameError: name 're' is not defined\n",
      "exit_code": 1,
      "status": "Exception"
    },
    {
      "program": "def text_starta_endb(text: str) -> bool:\n    \"\"\"\n\tWrite a function that matches a string that has an 'a' followed by anything, ending in 'b'.\n\t\"\"\"\n    return re.search(r\"a.*b$\", text) is not None\n\n\ndef check(candidate):\n    assert candidate('aabbbb') == True\n    assert candidate('aabAbbbc') == False\n    assert candidate('accddbbjjj') == False\n\ndef test_check():\n    check(text_starta_endb)\n\ntest_check()\n",
      "timestamp": 1665510124,
      "stdout": "",
      "stderr": "Traceback (most recent call last):\n  File \"/tmp/tmppmkuwaqc.py\", line 16, in <module>\n    test_check()\n  File \"/tmp/tmppmkuwaqc.py\", line 14, in test_check\n    check(text_starta_endb)\n  File \"/tmp/tmppmkuwaqc.py\", line 9, in check\n    assert candidate('aabbbb') == True\n  File \"/tmp/tmppmkuwaqc.py\", line 5, in text_starta_endb\n    return re.search(r\"a.*b$\", text) is not None\nNameError: name 're' is not defined\n",
      "exit_code": 1,
      "status": "Exception"
    },
    {
      "program": "def text_starta_endb(text: str) -> bool:\n    \"\"\"\n\tWrite a function that matches a string that has an 'a' followed by anything, ending in 'b'.\n\t\"\"\"\n    return bool(re.match(r\"a.*b$\", text))\n\n\ndef check(candidate):\n    assert candidate('aabbbb') == True\n    assert candidate('aabAbbbc') == False\n    assert candidate('accddbbjjj') == False\n\ndef test_check():\n    check(text_starta_endb)\n\ntest_check()\n",
      "timestamp": 1665510124,
      "stdout": "",
      "stderr": "Traceback (most recent call last):\n  File \"/tmp/tmpl1laon6c.py\", line 16, in <module>\n    test_check()\n  File \"/tmp/tmpl1laon6c.py\", line 14, in test_check\n    check(text_starta_endb)\n  File \"/tmp/tmpl1laon6c.py\", line 9, in check\n    assert candidate('aabbbb') == True\n  File \"/tmp/tmpl1laon6c.py\", line 5, in text_starta_endb\n    return bool(re.match(r\"a.*b$\", text))\nNameError: name 're' is not defined\n",
      "exit_code": 1,
      "status": "Exception"
    },
    {
      "program": "def text_starta_endb(text: str) -> bool:\n    \"\"\"\n\tWrite a function that matches a string that has an 'a' followed by anything, ending in 'b'.\n\t\"\"\"\n    return bool(re.match(r'a.*b$', text))\n\n\ndef check(candidate):\n    assert candidate('aabbbb') == True\n    assert candidate('aabAbbbc') == False\n    assert candidate('accddbbjjj') == False\n\ndef test_check():\n    check(text_starta_endb)\n\ntest_check()\n",
      "timestamp": 1665510124,
      "stdout": "",
      "stderr": "Traceback (most recent call last):\n  File \"/tmp/tmpynlpwku6.py\", line 16, in <module>\n    test_check()\n  File \"/tmp/tmpynlpwku6.py\", line 14, in test_check\n    check(text_starta_endb)\n  File \"/tmp/tmpynlpwku6.py\", line 9, in check\n    assert candidate('aabbbb') == True\n  File \"/tmp/tmpynlpwku6.py\", line 5, in text_starta_endb\n    return bool(re.match(r'a.*b$', text))\nNameError: name 're' is not defined\n",
      "exit_code": 1,
      "status": "Exception"
    },
    {
      "program": "def text_starta_endb(text: str) -> bool:\n    \"\"\"\n\tWrite a function that matches a string that has an 'a' followed by anything, ending in 'b'.\n\t\"\"\"\n    return bool(re.match(r\"a.*b$\", text))\n\n\ndef check(candidate):\n    assert candidate('aabbbb') == True\n    assert candidate('aabAbbbc') == False\n    assert candidate('accddbbjjj') == False\n\ndef test_check():\n    check(text_starta_endb)\n\ntest_check()\n",
      "timestamp": 1665510124,
      "stdout": "",
      "stderr": "Traceback (most recent call last):\n  File \"/tmp/tmpl1laon6c.py\", line 16, in <module>\n    test_check()\n  File \"/tmp/tmpl1laon6c.py\", line 14, in test_check\n    check(text_starta_endb)\n  File \"/tmp/tmpl1laon6c.py\", line 9, in check\n    assert candidate('aabbbb') == True\n  File \"/tmp/tmpl1laon6c.py\", line 5, in text_starta_endb\n    return bool(re.match(r\"a.*b$\", text))\nNameError: name 're' is not defined\n",
      "exit_code": 1,
      "status": "Exception"
    },
    {
      "program": "def text_starta_endb(text: str) -> bool:\n    \"\"\"\n\tWrite a function that matches a string that has an 'a' followed by anything, ending in 'b'.\n\t\"\"\"\n    return re.search(r\"a.*b$\", text) is not None\n\n\ndef check(candidate):\n    assert candidate('aabbbb') == True\n    assert candidate('aabAbbbc') == False\n    assert candidate('accddbbjjj') == False\n\ndef test_check():\n    check(text_starta_endb)\n\ntest_check()\n",
      "timestamp": 1665510124,
      "stdout": "",
      "stderr": "Traceback (most recent call last):\n  File \"/tmp/tmppmkuwaqc.py\", line 16, in <module>\n    test_check()\n  File \"/tmp/tmppmkuwaqc.py\", line 14, in test_check\n    check(text_starta_endb)\n  File \"/tmp/tmppmkuwaqc.py\", line 9, in check\n    assert candidate('aabbbb') == True\n  File \"/tmp/tmppmkuwaqc.py\", line 5, in text_starta_endb\n    return re.search(r\"a.*b$\", text) is not None\nNameError: name 're' is not defined\n",
      "exit_code": 1,
      "status": "Exception"
    },
    {
      "program": "def text_starta_endb(text: str) -> bool:\n    \"\"\"\n\tWrite a function that matches a string that has an 'a' followed by anything, ending in 'b'.\n\t\"\"\"\n    return bool(re.search(r\"a.*b\", text))\n\n\ndef check(candidate):\n    assert candidate('aabbbb') == True\n    assert candidate('aabAbbbc') == False\n    assert candidate('accddbbjjj') == False\n\ndef test_check():\n    check(text_starta_endb)\n\ntest_check()\n",
      "timestamp": 1665510124,
      "stdout": "",
      "stderr": "Traceback (most recent call last):\n  File \"/tmp/tmpc4pq6u7v.py\", line 16, in <module>\n    test_check()\n  File \"/tmp/tmpc4pq6u7v.py\", line 14, in test_check\n    check(text_starta_endb)\n  File \"/tmp/tmpc4pq6u7v.py\", line 9, in check\n    assert candidate('aabbbb') == True\n  File \"/tmp/tmpc4pq6u7v.py\", line 5, in text_starta_endb\n    return bool(re.search(r\"a.*b\", text))\nNameError: name 're' is not defined\n",
      "exit_code": 1,
      "status": "Exception"
    },
    {
      "program": "def text_starta_endb(text: str) -> bool:\n    \"\"\"\n\tWrite a function that matches a string that has an 'a' followed by anything, ending in 'b'.\n\t\"\"\"\n    return bool(re.match(r'a.*b$', text))\n\n\ndef check(candidate):\n    assert candidate('aabbbb') == True\n    assert candidate('aabAbbbc') == False\n    assert candidate('accddbbjjj') == False\n\ndef test_check():\n    check(text_starta_endb)\n\ntest_check()\n",
      "timestamp": 1665510124,
      "stdout": "",
      "stderr": "Traceback (most recent call last):\n  File \"/tmp/tmpynlpwku6.py\", line 16, in <module>\n    test_check()\n  File \"/tmp/tmpynlpwku6.py\", line 14, in test_check\n    check(text_starta_endb)\n  File \"/tmp/tmpynlpwku6.py\", line 9, in check\n    assert candidate('aabbbb') == True\n  File \"/tmp/tmpynlpwku6.py\", line 5, in text_starta_endb\n    return bool(re.match(r'a.*b$', text))\nNameError: name 're' is not defined\n",
      "exit_code": 1,
      "status": "Exception"
    },
    {
      "program": "def text_starta_endb(text: str) -> bool:\n    \"\"\"\n\tWrite a function that matches a string that has an 'a' followed by anything, ending in 'b'.\n\t\"\"\"\n    return re.match(r\"a.*b$\", text) is not None\n\n\ndef check(candidate):\n    assert candidate('aabbbb') == True\n    assert candidate('aabAbbbc') == False\n    assert candidate('accddbbjjj') == False\n\ndef test_check():\n    check(text_starta_endb)\n\ntest_check()\n",
      "timestamp": 1665510124,
      "stdout": "",
      "stderr": "Traceback (most recent call last):\n  File \"/tmp/tmpn7wvijdk.py\", line 16, in <module>\n    test_check()\n  File \"/tmp/tmpn7wvijdk.py\", line 14, in test_check\n    check(text_starta_endb)\n  File \"/tmp/tmpn7wvijdk.py\", line 9, in check\n    assert candidate('aabbbb') == True\n  File \"/tmp/tmpn7wvijdk.py\", line 5, in text_starta_endb\n    return re.match(r\"a.*b$\", text) is not None\nNameError: name 're' is not defined\n",
      "exit_code": 1,
      "status": "Exception"
    },
    {
      "program": "def text_starta_endb(text: str) -> bool:\n    \"\"\"\n\tWrite a function that matches a string that has an 'a' followed by anything, ending in 'b'.\n\t\"\"\"\n    return re.search(r\"a.*b$\", text) is not None\n\n\ndef check(candidate):\n    assert candidate('aabbbb') == True\n    assert candidate('aabAbbbc') == False\n    assert candidate('accddbbjjj') == False\n\ndef test_check():\n    check(text_starta_endb)\n\ntest_check()\n",
      "timestamp": 1665510124,
      "stdout": "",
      "stderr": "Traceback (most recent call last):\n  File \"/tmp/tmppmkuwaqc.py\", line 16, in <module>\n    test_check()\n  File \"/tmp/tmppmkuwaqc.py\", line 14, in test_check\n    check(text_starta_endb)\n  File \"/tmp/tmppmkuwaqc.py\", line 9, in check\n    assert candidate('aabbbb') == True\n  File \"/tmp/tmppmkuwaqc.py\", line 5, in text_starta_endb\n    return re.search(r\"a.*b$\", text) is not None\nNameError: name 're' is not defined\n",
      "exit_code": 1,
      "status": "Exception"
    },
    {
      "program": "def text_starta_endb(text: str) -> bool:\n    \"\"\"\n\tWrite a function that matches a string that has an 'a' followed by anything, ending in 'b'.\n\t\"\"\"\n    return bool(re.match(r\"a.*b$\", text))\n\n\ndef check(candidate):\n    assert candidate('aabbbb') == True\n    assert candidate('aabAbbbc') == False\n    assert candidate('accddbbjjj') == False\n\ndef test_check():\n    check(text_starta_endb)\n\ntest_check()\n",
      "timestamp": 1665510124,
      "stdout": "",
      "stderr": "Traceback (most recent call last):\n  File \"/tmp/tmpl1laon6c.py\", line 16, in <module>\n    test_check()\n  File \"/tmp/tmpl1laon6c.py\", line 14, in test_check\n    check(text_starta_endb)\n  File \"/tmp/tmpl1laon6c.py\", line 9, in check\n    assert candidate('aabbbb') == True\n  File \"/tmp/tmpl1laon6c.py\", line 5, in text_starta_endb\n    return bool(re.match(r\"a.*b$\", text))\nNameError: name 're' is not defined\n",
      "exit_code": 1,
      "status": "Exception"
    },
    {
      "program": "def text_starta_endb(text: str) -> bool:\n    \"\"\"\n\tWrite a function that matches a string that has an 'a' followed by anything, ending in 'b'.\n\t\"\"\"\n    return bool(re.search(r\"a.*b$\", text))\n\n\ndef check(candidate):\n    assert candidate('aabbbb') == True\n    assert candidate('aabAbbbc') == False\n    assert candidate('accddbbjjj') == False\n\ndef test_check():\n    check(text_starta_endb)\n\ntest_check()\n",
      "timestamp": 1665510124,
      "stdout": "",
      "stderr": "Traceback (most recent call last):\n  File \"/tmp/tmp5i5yqgbt.py\", line 16, in <module>\n    test_check()\n  File \"/tmp/tmp5i5yqgbt.py\", line 14, in test_check\n    check(text_starta_endb)\n  File \"/tmp/tmp5i5yqgbt.py\", line 9, in check\n    assert candidate('aabbbb') == True\n  File \"/tmp/tmp5i5yqgbt.py\", line 5, in text_starta_endb\n    return bool(re.search(r\"a.*b$\", text))\nNameError: name 're' is not defined\n",
      "exit_code": 1,
      "status": "Exception"
    },
    {
      "program": "def text_starta_endb(text: str) -> bool:\n    \"\"\"\n\tWrite a function that matches a string that has an 'a' followed by anything, ending in 'b'.\n\t\"\"\"\n    return bool(re.match(r'a.*b$', text))\n\n\ndef check(candidate):\n    assert candidate('aabbbb') == True\n    assert candidate('aabAbbbc') == False\n    assert candidate('accddbbjjj') == False\n\ndef test_check():\n    check(text_starta_endb)\n\ntest_check()\n",
      "timestamp": 1665510124,
      "stdout": "",
      "stderr": "Traceback (most recent call last):\n  File \"/tmp/tmpynlpwku6.py\", line 16, in <module>\n    test_check()\n  File \"/tmp/tmpynlpwku6.py\", line 14, in test_check\n    check(text_starta_endb)\n  File \"/tmp/tmpynlpwku6.py\", line 9, in check\n    assert candidate('aabbbb') == True\n  File \"/tmp/tmpynlpwku6.py\", line 5, in text_starta_endb\n    return bool(re.match(r'a.*b$', text))\nNameError: name 're' is not defined\n",
      "exit_code": 1,
      "status": "Exception"
    },
    {
      "program": "def text_starta_endb(text: str) -> bool:\n    \"\"\"\n\tWrite a function that matches a string that has an 'a' followed by anything, ending in 'b'.\n\t\"\"\"\n    return re.search(r\"a.*b$\", text) is not None\n\n\ndef check(candidate):\n    assert candidate('aabbbb') == True\n    assert candidate('aabAbbbc') == False\n    assert candidate('accddbbjjj') == False\n\ndef test_check():\n    check(text_starta_endb)\n\ntest_check()\n",
      "timestamp": 1665510124,
      "stdout": "",
      "stderr": "Traceback (most recent call last):\n  File \"/tmp/tmppmkuwaqc.py\", line 16, in <module>\n    test_check()\n  File \"/tmp/tmppmkuwaqc.py\", line 14, in test_check\n    check(text_starta_endb)\n  File \"/tmp/tmppmkuwaqc.py\", line 9, in check\n    assert candidate('aabbbb') == True\n  File \"/tmp/tmppmkuwaqc.py\", line 5, in text_starta_endb\n    return re.search(r\"a.*b$\", text) is not None\nNameError: name 're' is not defined\n",
      "exit_code": 1,
      "status": "Exception"
    },
    {
      "program": "def text_starta_endb(text: str) -> bool:\n    \"\"\"\n\tWrite a function that matches a string that has an 'a' followed by anything, ending in 'b'.\n\t\"\"\"\n    return re.search(r\"a.*b\", text) is not None\n\n\ndef check(candidate):\n    assert candidate('aabbbb') == True\n    assert candidate('aabAbbbc') == False\n    assert candidate('accddbbjjj') == False\n\ndef test_check():\n    check(text_starta_endb)\n\ntest_check()\n",
      "timestamp": 1666122914,
      "stdout": "",
      "stderr": "Traceback (most recent call last):\n  File \"/tmp/tmpkl97pd0e.py\", line 16, in <module>\n    test_check()\n  File \"/tmp/tmpkl97pd0e.py\", line 14, in test_check\n    check(text_starta_endb)\n  File \"/tmp/tmpkl97pd0e.py\", line 9, in check\n    assert candidate('aabbbb') == True\n  File \"/tmp/tmpkl97pd0e.py\", line 5, in text_starta_endb\n    return re.search(r\"a.*b\", text) is not None\nNameError: name 're' is not defined\n",
      "exit_code": 1,
      "status": "Exception"
    },
    {
      "program": "def text_starta_endb(text: str) -> bool:\n    \"\"\"\n\tWrite a function that matches a string that has an 'a' followed by anything, ending in 'b'.\n\t\"\"\"\n    return bool(re.match(r\"a.*b$\", text))\n\n\ndef check(candidate):\n    assert candidate('aabbbb') == True\n    assert candidate('aabAbbbc') == False\n    assert candidate('accddbbjjj') == False\n\ndef test_check():\n    check(text_starta_endb)\n\ntest_check()\n",
      "timestamp": 1665510124,
      "stdout": "",
      "stderr": "Traceback (most recent call last):\n  File \"/tmp/tmpl1laon6c.py\", line 16, in <module>\n    test_check()\n  File \"/tmp/tmpl1laon6c.py\", line 14, in test_check\n    check(text_starta_endb)\n  File \"/tmp/tmpl1laon6c.py\", line 9, in check\n    assert candidate('aabbbb') == True\n  File \"/tmp/tmpl1laon6c.py\", line 5, in text_starta_endb\n    return bool(re.match(r\"a.*b$\", text))\nNameError: name 're' is not defined\n",
      "exit_code": 1,
      "status": "Exception"
    },
    {
      "program": "def text_starta_endb(text: str) -> bool:\n    \"\"\"\n\tWrite a function that matches a string that has an 'a' followed by anything, ending in 'b'.\n\t\"\"\"\n    return bool(re.search(r\"a.*b\", text))\n\n\ndef check(candidate):\n    assert candidate('aabbbb') == True\n    assert candidate('aabAbbbc') == False\n    assert candidate('accddbbjjj') == False\n\ndef test_check():\n    check(text_starta_endb)\n\ntest_check()\n",
      "timestamp": 1665510124,
      "stdout": "",
      "stderr": "Traceback (most recent call last):\n  File \"/tmp/tmpc4pq6u7v.py\", line 16, in <module>\n    test_check()\n  File \"/tmp/tmpc4pq6u7v.py\", line 14, in test_check\n    check(text_starta_endb)\n  File \"/tmp/tmpc4pq6u7v.py\", line 9, in check\n    assert candidate('aabbbb') == True\n  File \"/tmp/tmpc4pq6u7v.py\", line 5, in text_starta_endb\n    return bool(re.search(r\"a.*b\", text))\nNameError: name 're' is not defined\n",
      "exit_code": 1,
      "status": "Exception"
    },
    {
      "program": "def text_starta_endb(text: str) -> bool:\n    \"\"\"\n\tWrite a function that matches a string that has an 'a' followed by anything, ending in 'b'.\n\t\"\"\"\n    return bool(re.match(r'^a.*b$', text))\n\n\ndef check(candidate):\n    assert candidate('aabbbb') == True\n    assert candidate('aabAbbbc') == False\n    assert candidate('accddbbjjj') == False\n\ndef test_check():\n    check(text_starta_endb)\n\ntest_check()\n",
      "timestamp": 1666122914,
      "stdout": "",
      "stderr": "Traceback (most recent call last):\n  File \"/tmp/tmpjgls9p0c.py\", line 16, in <module>\n    test_check()\n  File \"/tmp/tmpjgls9p0c.py\", line 14, in test_check\n    check(text_starta_endb)\n  File \"/tmp/tmpjgls9p0c.py\", line 9, in check\n    assert candidate('aabbbb') == True\n  File \"/tmp/tmpjgls9p0c.py\", line 5, in text_starta_endb\n    return bool(re.match(r'^a.*b$', text))\nNameError: name 're' is not defined\n",
      "exit_code": 1,
      "status": "Exception"
    },
    {
      "program": "def text_starta_endb(text: str) -> bool:\n    \"\"\"\n\tWrite a function that matches a string that has an 'a' followed by anything, ending in 'b'.\n\t\"\"\"\n    return re.search(r\"a.*b\", text) is not None\n\n\ndef check(candidate):\n    assert candidate('aabbbb') == True\n    assert candidate('aabAbbbc') == False\n    assert candidate('accddbbjjj') == False\n\ndef test_check():\n    check(text_starta_endb)\n\ntest_check()\n",
      "timestamp": 1666122914,
      "stdout": "",
      "stderr": "Traceback (most recent call last):\n  File \"/tmp/tmpkl97pd0e.py\", line 16, in <module>\n    test_check()\n  File \"/tmp/tmpkl97pd0e.py\", line 14, in test_check\n    check(text_starta_endb)\n  File \"/tmp/tmpkl97pd0e.py\", line 9, in check\n    assert candidate('aabbbb') == True\n  File \"/tmp/tmpkl97pd0e.py\", line 5, in text_starta_endb\n    return re.search(r\"a.*b\", text) is not None\nNameError: name 're' is not defined\n",
      "exit_code": 1,
      "status": "Exception"
    },
    {
      "program": "def text_starta_endb(text: str) -> bool:\n    \"\"\"\n\tWrite a function that matches a string that has an 'a' followed by anything, ending in 'b'.\n\t\"\"\"\n    return re.search(r'a.*b', text)\n\n\ndef check(candidate):\n    assert candidate('aabbbb') == True\n    assert candidate('aabAbbbc') == False\n    assert candidate('accddbbjjj') == False\n\ndef test_check():\n    check(text_starta_endb)\n\ntest_check()\n",
      "timestamp": 1666122914,
      "stdout": "",
      "stderr": "Traceback (most recent call last):\n  File \"/tmp/tmp1ccki_ta.py\", line 16, in <module>\n    test_check()\n  File \"/tmp/tmp1ccki_ta.py\", line 14, in test_check\n    check(text_starta_endb)\n  File \"/tmp/tmp1ccki_ta.py\", line 9, in check\n    assert candidate('aabbbb') == True\n  File \"/tmp/tmp1ccki_ta.py\", line 5, in text_starta_endb\n    return re.search(r'a.*b', text)\nNameError: name 're' is not defined\n",
      "exit_code": 1,
      "status": "Exception"
    },
    {
      "program": "def text_starta_endb(text: str) -> bool:\n    \"\"\"\n\tWrite a function that matches a string that has an 'a' followed by anything, ending in 'b'.\n\t\"\"\"\n    return bool(re.match(r\"a.*b$\", text))\n\n\ndef check(candidate):\n    assert candidate('aabbbb') == True\n    assert candidate('aabAbbbc') == False\n    assert candidate('accddbbjjj') == False\n\ndef test_check():\n    check(text_starta_endb)\n\ntest_check()\n",
      "timestamp": 1665510124,
      "stdout": "",
      "stderr": "Traceback (most recent call last):\n  File \"/tmp/tmpl1laon6c.py\", line 16, in <module>\n    test_check()\n  File \"/tmp/tmpl1laon6c.py\", line 14, in test_check\n    check(text_starta_endb)\n  File \"/tmp/tmpl1laon6c.py\", line 9, in check\n    assert candidate('aabbbb') == True\n  File \"/tmp/tmpl1laon6c.py\", line 5, in text_starta_endb\n    return bool(re.match(r\"a.*b$\", text))\nNameError: name 're' is not defined\n",
      "exit_code": 1,
      "status": "Exception"
    },
    {
      "program": "def text_starta_endb(text: str) -> bool:\n    \"\"\"\n\tWrite a function that matches a string that has an 'a' followed by anything, ending in 'b'.\n\t\"\"\"\n    return re.search(r\"a.*b$\", text) is not None\n\n\ndef check(candidate):\n    assert candidate('aabbbb') == True\n    assert candidate('aabAbbbc') == False\n    assert candidate('accddbbjjj') == False\n\ndef test_check():\n    check(text_starta_endb)\n\ntest_check()\n",
      "timestamp": 1665510124,
      "stdout": "",
      "stderr": "Traceback (most recent call last):\n  File \"/tmp/tmppmkuwaqc.py\", line 16, in <module>\n    test_check()\n  File \"/tmp/tmppmkuwaqc.py\", line 14, in test_check\n    check(text_starta_endb)\n  File \"/tmp/tmppmkuwaqc.py\", line 9, in check\n    assert candidate('aabbbb') == True\n  File \"/tmp/tmppmkuwaqc.py\", line 5, in text_starta_endb\n    return re.search(r\"a.*b$\", text) is not None\nNameError: name 're' is not defined\n",
      "exit_code": 1,
      "status": "Exception"
    },
    {
      "program": "def text_starta_endb(text: str) -> bool:\n    \"\"\"\n\tWrite a function that matches a string that has an 'a' followed by anything, ending in 'b'.\n\t\"\"\"\n    return bool(re.match(r\"a.*b$\", text))\n\n\ndef check(candidate):\n    assert candidate('aabbbb') == True\n    assert candidate('aabAbbbc') == False\n    assert candidate('accddbbjjj') == False\n\ndef test_check():\n    check(text_starta_endb)\n\ntest_check()\n",
      "timestamp": 1665510124,
      "stdout": "",
      "stderr": "Traceback (most recent call last):\n  File \"/tmp/tmpl1laon6c.py\", line 16, in <module>\n    test_check()\n  File \"/tmp/tmpl1laon6c.py\", line 14, in test_check\n    check(text_starta_endb)\n  File \"/tmp/tmpl1laon6c.py\", line 9, in check\n    assert candidate('aabbbb') == True\n  File \"/tmp/tmpl1laon6c.py\", line 5, in text_starta_endb\n    return bool(re.match(r\"a.*b$\", text))\nNameError: name 're' is not defined\n",
      "exit_code": 1,
      "status": "Exception"
    },
    {
      "program": "def text_starta_endb(text: str) -> bool:\n    \"\"\"\n\tWrite a function that matches a string that has an 'a' followed by anything, ending in 'b'.\n\t\"\"\"\n    return re.search(r\"a.*b$\", text)\n\n\ndef check(candidate):\n    assert candidate('aabbbb') == True\n    assert candidate('aabAbbbc') == False\n    assert candidate('accddbbjjj') == False\n\ndef test_check():\n    check(text_starta_endb)\n\ntest_check()\n",
      "timestamp": 1666122914,
      "stdout": "",
      "stderr": "Traceback (most recent call last):\n  File \"/tmp/tmpu6udp_mr.py\", line 16, in <module>\n    test_check()\n  File \"/tmp/tmpu6udp_mr.py\", line 14, in test_check\n    check(text_starta_endb)\n  File \"/tmp/tmpu6udp_mr.py\", line 9, in check\n    assert candidate('aabbbb') == True\n  File \"/tmp/tmpu6udp_mr.py\", line 5, in text_starta_endb\n    return re.search(r\"a.*b$\", text)\nNameError: name 're' is not defined\n",
      "exit_code": 1,
      "status": "Exception"
    },
    {
      "program": "def text_starta_endb(text: str) -> bool:\n    \"\"\"\n\tWrite a function that matches a string that has an 'a' followed by anything, ending in 'b'.\n\t\"\"\"\n    return bool(re.match(r\"a.*b$\", text))\n\n\ndef check(candidate):\n    assert candidate('aabbbb') == True\n    assert candidate('aabAbbbc') == False\n    assert candidate('accddbbjjj') == False\n\ndef test_check():\n    check(text_starta_endb)\n\ntest_check()\n",
      "timestamp": 1665510124,
      "stdout": "",
      "stderr": "Traceback (most recent call last):\n  File \"/tmp/tmpl1laon6c.py\", line 16, in <module>\n    test_check()\n  File \"/tmp/tmpl1laon6c.py\", line 14, in test_check\n    check(text_starta_endb)\n  File \"/tmp/tmpl1laon6c.py\", line 9, in check\n    assert candidate('aabbbb') == True\n  File \"/tmp/tmpl1laon6c.py\", line 5, in text_starta_endb\n    return bool(re.match(r\"a.*b$\", text))\nNameError: name 're' is not defined\n",
      "exit_code": 1,
      "status": "Exception"
    },
    {
      "program": "def text_starta_endb(text: str) -> bool:\n    \"\"\"\n\tWrite a function that matches a string that has an 'a' followed by anything, ending in 'b'.\n\t\"\"\"\n    return bool(re.match(r\"a.*b$\", text))\n\n\ndef check(candidate):\n    assert candidate('aabbbb') == True\n    assert candidate('aabAbbbc') == False\n    assert candidate('accddbbjjj') == False\n\ndef test_check():\n    check(text_starta_endb)\n\ntest_check()\n",
      "timestamp": 1665510124,
      "stdout": "",
      "stderr": "Traceback (most recent call last):\n  File \"/tmp/tmpl1laon6c.py\", line 16, in <module>\n    test_check()\n  File \"/tmp/tmpl1laon6c.py\", line 14, in test_check\n    check(text_starta_endb)\n  File \"/tmp/tmpl1laon6c.py\", line 9, in check\n    assert candidate('aabbbb') == True\n  File \"/tmp/tmpl1laon6c.py\", line 5, in text_starta_endb\n    return bool(re.match(r\"a.*b$\", text))\nNameError: name 're' is not defined\n",
      "exit_code": 1,
      "status": "Exception"
    },
    {
      "program": "def text_starta_endb(text: str) -> bool:\n    \"\"\"\n\tWrite a function that matches a string that has an 'a' followed by anything, ending in 'b'.\n\t\"\"\"\n    return bool(re.match(r'a.*b$', text))\n\n\ndef check(candidate):\n    assert candidate('aabbbb') == True\n    assert candidate('aabAbbbc') == False\n    assert candidate('accddbbjjj') == False\n\ndef test_check():\n    check(text_starta_endb)\n\ntest_check()\n",
      "timestamp": 1665510124,
      "stdout": "",
      "stderr": "Traceback (most recent call last):\n  File \"/tmp/tmpynlpwku6.py\", line 16, in <module>\n    test_check()\n  File \"/tmp/tmpynlpwku6.py\", line 14, in test_check\n    check(text_starta_endb)\n  File \"/tmp/tmpynlpwku6.py\", line 9, in check\n    assert candidate('aabbbb') == True\n  File \"/tmp/tmpynlpwku6.py\", line 5, in text_starta_endb\n    return bool(re.match(r'a.*b$', text))\nNameError: name 're' is not defined\n",
      "exit_code": 1,
      "status": "Exception"
    },
    {
      "program": "def text_starta_endb(text: str) -> bool:\n    \"\"\"\n\tWrite a function that matches a string that has an 'a' followed by anything, ending in 'b'.\n\t\"\"\"\n    return bool(re.match(r'a.+b$', text))\n\n\ndef check(candidate):\n    assert candidate('aabbbb') == True\n    assert candidate('aabAbbbc') == False\n    assert candidate('accddbbjjj') == False\n\ndef test_check():\n    check(text_starta_endb)\n\ntest_check()\n",
      "timestamp": 1666122914,
      "stdout": "",
      "stderr": "Traceback (most recent call last):\n  File \"/tmp/tmpaxdlfz6j.py\", line 16, in <module>\n    test_check()\n  File \"/tmp/tmpaxdlfz6j.py\", line 14, in test_check\n    check(text_starta_endb)\n  File \"/tmp/tmpaxdlfz6j.py\", line 9, in check\n    assert candidate('aabbbb') == True\n  File \"/tmp/tmpaxdlfz6j.py\", line 5, in text_starta_endb\n    return bool(re.match(r'a.+b$', text))\nNameError: name 're' is not defined\n",
      "exit_code": 1,
      "status": "Exception"
    },
    {
      "program": "def text_starta_endb(text: str) -> bool:\n    \"\"\"\n\tWrite a function that matches a string that has an 'a' followed by anything, ending in 'b'.\n\t\"\"\"\n    return bool(re.match(r'a.*b$', text))\n\n\ndef check(candidate):\n    assert candidate('aabbbb') == True\n    assert candidate('aabAbbbc') == False\n    assert candidate('accddbbjjj') == False\n\ndef test_check():\n    check(text_starta_endb)\n\ntest_check()\n",
      "timestamp": 1665510124,
      "stdout": "",
      "stderr": "Traceback (most recent call last):\n  File \"/tmp/tmpynlpwku6.py\", line 16, in <module>\n    test_check()\n  File \"/tmp/tmpynlpwku6.py\", line 14, in test_check\n    check(text_starta_endb)\n  File \"/tmp/tmpynlpwku6.py\", line 9, in check\n    assert candidate('aabbbb') == True\n  File \"/tmp/tmpynlpwku6.py\", line 5, in text_starta_endb\n    return bool(re.match(r'a.*b$', text))\nNameError: name 're' is not defined\n",
      "exit_code": 1,
      "status": "Exception"
    },
    {
      "program": "def text_starta_endb(text: str) -> bool:\n    \"\"\"\n\tWrite a function that matches a string that has an 'a' followed by anything, ending in 'b'.\n\t\"\"\"\n    return re.match(r\"a.*b$\", text) is not None\n\n\ndef check(candidate):\n    assert candidate('aabbbb') == True\n    assert candidate('aabAbbbc') == False\n    assert candidate('accddbbjjj') == False\n\ndef test_check():\n    check(text_starta_endb)\n\ntest_check()\n",
      "timestamp": 1665510124,
      "stdout": "",
      "stderr": "Traceback (most recent call last):\n  File \"/tmp/tmpn7wvijdk.py\", line 16, in <module>\n    test_check()\n  File \"/tmp/tmpn7wvijdk.py\", line 14, in test_check\n    check(text_starta_endb)\n  File \"/tmp/tmpn7wvijdk.py\", line 9, in check\n    assert candidate('aabbbb') == True\n  File \"/tmp/tmpn7wvijdk.py\", line 5, in text_starta_endb\n    return re.match(r\"a.*b$\", text) is not None\nNameError: name 're' is not defined\n",
      "exit_code": 1,
      "status": "Exception"
    },
    {
      "program": "def text_starta_endb(text: str) -> bool:\n    \"\"\"\n\tWrite a function that matches a string that has an 'a' followed by anything, ending in 'b'.\n\t\"\"\"\n    return re.match(r\"a.*b$\", text) is not None\n\n\ndef check(candidate):\n    assert candidate('aabbbb') == True\n    assert candidate('aabAbbbc') == False\n    assert candidate('accddbbjjj') == False\n\ndef test_check():\n    check(text_starta_endb)\n\ntest_check()\n",
      "timestamp": 1665510124,
      "stdout": "",
      "stderr": "Traceback (most recent call last):\n  File \"/tmp/tmpn7wvijdk.py\", line 16, in <module>\n    test_check()\n  File \"/tmp/tmpn7wvijdk.py\", line 14, in test_check\n    check(text_starta_endb)\n  File \"/tmp/tmpn7wvijdk.py\", line 9, in check\n    assert candidate('aabbbb') == True\n  File \"/tmp/tmpn7wvijdk.py\", line 5, in text_starta_endb\n    return re.match(r\"a.*b$\", text) is not None\nNameError: name 're' is not defined\n",
      "exit_code": 1,
      "status": "Exception"
    },
    {
      "program": "def text_starta_endb(text: str) -> bool:\n    \"\"\"\n\tWrite a function that matches a string that has an 'a' followed by anything, ending in 'b'.\n\t\"\"\"\n    return re.match(r\"a.*b$\", text)\n\n\ndef check(candidate):\n    assert candidate('aabbbb') == True\n    assert candidate('aabAbbbc') == False\n    assert candidate('accddbbjjj') == False\n\ndef test_check():\n    check(text_starta_endb)\n\ntest_check()\n",
      "timestamp": 1665510124,
      "stdout": "",
      "stderr": "Traceback (most recent call last):\n  File \"/tmp/tmpnpnrtya_.py\", line 16, in <module>\n    test_check()\n  File \"/tmp/tmpnpnrtya_.py\", line 14, in test_check\n    check(text_starta_endb)\n  File \"/tmp/tmpnpnrtya_.py\", line 9, in check\n    assert candidate('aabbbb') == True\n  File \"/tmp/tmpnpnrtya_.py\", line 5, in text_starta_endb\n    return re.match(r\"a.*b$\", text)\nNameError: name 're' is not defined\n",
      "exit_code": 1,
      "status": "Exception"
    },
    {
      "program": "def text_starta_endb(text: str) -> bool:\n    \"\"\"\n\tWrite a function that matches a string that has an 'a' followed by anything, ending in 'b'.\n\t\"\"\"\n    return bool(re.match(r'a.*b$', text))\n\n\ndef check(candidate):\n    assert candidate('aabbbb') == True\n    assert candidate('aabAbbbc') == False\n    assert candidate('accddbbjjj') == False\n\ndef test_check():\n    check(text_starta_endb)\n\ntest_check()\n",
      "timestamp": 1665510124,
      "stdout": "",
      "stderr": "Traceback (most recent call last):\n  File \"/tmp/tmpynlpwku6.py\", line 16, in <module>\n    test_check()\n  File \"/tmp/tmpynlpwku6.py\", line 14, in test_check\n    check(text_starta_endb)\n  File \"/tmp/tmpynlpwku6.py\", line 9, in check\n    assert candidate('aabbbb') == True\n  File \"/tmp/tmpynlpwku6.py\", line 5, in text_starta_endb\n    return bool(re.match(r'a.*b$', text))\nNameError: name 're' is not defined\n",
      "exit_code": 1,
      "status": "Exception"
    },
    {
      "program": "def text_starta_endb(text: str) -> bool:\n    \"\"\"\n\tWrite a function that matches a string that has an 'a' followed by anything, ending in 'b'.\n\t\"\"\"\n    return re.search(r\"a.*b$\", text) is not None\n\n\ndef check(candidate):\n    assert candidate('aabbbb') == True\n    assert candidate('aabAbbbc') == False\n    assert candidate('accddbbjjj') == False\n\ndef test_check():\n    check(text_starta_endb)\n\ntest_check()\n",
      "timestamp": 1665510124,
      "stdout": "",
      "stderr": "Traceback (most recent call last):\n  File \"/tmp/tmppmkuwaqc.py\", line 16, in <module>\n    test_check()\n  File \"/tmp/tmppmkuwaqc.py\", line 14, in test_check\n    check(text_starta_endb)\n  File \"/tmp/tmppmkuwaqc.py\", line 9, in check\n    assert candidate('aabbbb') == True\n  File \"/tmp/tmppmkuwaqc.py\", line 5, in text_starta_endb\n    return re.search(r\"a.*b$\", text) is not None\nNameError: name 're' is not defined\n",
      "exit_code": 1,
      "status": "Exception"
    },
    {
      "program": "def text_starta_endb(text: str) -> bool:\n    \"\"\"\n\tWrite a function that matches a string that has an 'a' followed by anything, ending in 'b'.\n\t\"\"\"\n    return bool(re.match(r'a.*b$', text))\n\n\ndef check(candidate):\n    assert candidate('aabbbb') == True\n    assert candidate('aabAbbbc') == False\n    assert candidate('accddbbjjj') == False\n\ndef test_check():\n    check(text_starta_endb)\n\ntest_check()\n",
      "timestamp": 1665510124,
      "stdout": "",
      "stderr": "Traceback (most recent call last):\n  File \"/tmp/tmpynlpwku6.py\", line 16, in <module>\n    test_check()\n  File \"/tmp/tmpynlpwku6.py\", line 14, in test_check\n    check(text_starta_endb)\n  File \"/tmp/tmpynlpwku6.py\", line 9, in check\n    assert candidate('aabbbb') == True\n  File \"/tmp/tmpynlpwku6.py\", line 5, in text_starta_endb\n    return bool(re.match(r'a.*b$', text))\nNameError: name 're' is not defined\n",
      "exit_code": 1,
      "status": "Exception"
    },
    {
      "program": "def text_starta_endb(text: str) -> bool:\n    \"\"\"\n\tWrite a function that matches a string that has an 'a' followed by anything, ending in 'b'.\n\t\"\"\"\n    return re.match(r\"a.*b$\", text) is not None\n\n\ndef check(candidate):\n    assert candidate('aabbbb') == True\n    assert candidate('aabAbbbc') == False\n    assert candidate('accddbbjjj') == False\n\ndef test_check():\n    check(text_starta_endb)\n\ntest_check()\n",
      "timestamp": 1665510124,
      "stdout": "",
      "stderr": "Traceback (most recent call last):\n  File \"/tmp/tmpn7wvijdk.py\", line 16, in <module>\n    test_check()\n  File \"/tmp/tmpn7wvijdk.py\", line 14, in test_check\n    check(text_starta_endb)\n  File \"/tmp/tmpn7wvijdk.py\", line 9, in check\n    assert candidate('aabbbb') == True\n  File \"/tmp/tmpn7wvijdk.py\", line 5, in text_starta_endb\n    return re.match(r\"a.*b$\", text) is not None\nNameError: name 're' is not defined\n",
      "exit_code": 1,
      "status": "Exception"
    },
    {
      "program": "def text_starta_endb(text: str) -> bool:\n    \"\"\"\n\tWrite a function that matches a string that has an 'a' followed by anything, ending in 'b'.\n\t\"\"\"\n    return bool(re.match(r\"a.*b$\", text))\n\n\ndef check(candidate):\n    assert candidate('aabbbb') == True\n    assert candidate('aabAbbbc') == False\n    assert candidate('accddbbjjj') == False\n\ndef test_check():\n    check(text_starta_endb)\n\ntest_check()\n",
      "timestamp": 1665510124,
      "stdout": "",
      "stderr": "Traceback (most recent call last):\n  File \"/tmp/tmpl1laon6c.py\", line 16, in <module>\n    test_check()\n  File \"/tmp/tmpl1laon6c.py\", line 14, in test_check\n    check(text_starta_endb)\n  File \"/tmp/tmpl1laon6c.py\", line 9, in check\n    assert candidate('aabbbb') == True\n  File \"/tmp/tmpl1laon6c.py\", line 5, in text_starta_endb\n    return bool(re.match(r\"a.*b$\", text))\nNameError: name 're' is not defined\n",
      "exit_code": 1,
      "status": "Exception"
    },
    {
      "program": "def text_starta_endb(text: str) -> bool:\n    \"\"\"\n\tWrite a function that matches a string that has an 'a' followed by anything, ending in 'b'.\n\t\"\"\"\n    return bool(re.search(r\"a.*b\", text))\n\n\ndef check(candidate):\n    assert candidate('aabbbb') == True\n    assert candidate('aabAbbbc') == False\n    assert candidate('accddbbjjj') == False\n\ndef test_check():\n    check(text_starta_endb)\n\ntest_check()\n",
      "timestamp": 1665510124,
      "stdout": "",
      "stderr": "Traceback (most recent call last):\n  File \"/tmp/tmpc4pq6u7v.py\", line 16, in <module>\n    test_check()\n  File \"/tmp/tmpc4pq6u7v.py\", line 14, in test_check\n    check(text_starta_endb)\n  File \"/tmp/tmpc4pq6u7v.py\", line 9, in check\n    assert candidate('aabbbb') == True\n  File \"/tmp/tmpc4pq6u7v.py\", line 5, in text_starta_endb\n    return bool(re.search(r\"a.*b\", text))\nNameError: name 're' is not defined\n",
      "exit_code": 1,
      "status": "Exception"
    },
    {
      "program": "def text_starta_endb(text: str) -> bool:\n    \"\"\"\n\tWrite a function that matches a string that has an 'a' followed by anything, ending in 'b'.\n\t\"\"\"\n    return re.search(r\"a.*b$\", text) is not None\n\n\ndef check(candidate):\n    assert candidate('aabbbb') == True\n    assert candidate('aabAbbbc') == False\n    assert candidate('accddbbjjj') == False\n\ndef test_check():\n    check(text_starta_endb)\n\ntest_check()\n",
      "timestamp": 1665510124,
      "stdout": "",
      "stderr": "Traceback (most recent call last):\n  File \"/tmp/tmppmkuwaqc.py\", line 16, in <module>\n    test_check()\n  File \"/tmp/tmppmkuwaqc.py\", line 14, in test_check\n    check(text_starta_endb)\n  File \"/tmp/tmppmkuwaqc.py\", line 9, in check\n    assert candidate('aabbbb') == True\n  File \"/tmp/tmppmkuwaqc.py\", line 5, in text_starta_endb\n    return re.search(r\"a.*b$\", text) is not None\nNameError: name 're' is not defined\n",
      "exit_code": 1,
      "status": "Exception"
    },
    {
      "program": "def text_starta_endb(text: str) -> bool:\n    \"\"\"\n\tWrite a function that matches a string that has an 'a' followed by anything, ending in 'b'.\n\t\"\"\"\n    return bool(re.match(r\"a.*b$\", text))\n\n\ndef check(candidate):\n    assert candidate('aabbbb') == True\n    assert candidate('aabAbbbc') == False\n    assert candidate('accddbbjjj') == False\n\ndef test_check():\n    check(text_starta_endb)\n\ntest_check()\n",
      "timestamp": 1665510124,
      "stdout": "",
      "stderr": "Traceback (most recent call last):\n  File \"/tmp/tmpl1laon6c.py\", line 16, in <module>\n    test_check()\n  File \"/tmp/tmpl1laon6c.py\", line 14, in test_check\n    check(text_starta_endb)\n  File \"/tmp/tmpl1laon6c.py\", line 9, in check\n    assert candidate('aabbbb') == True\n  File \"/tmp/tmpl1laon6c.py\", line 5, in text_starta_endb\n    return bool(re.match(r\"a.*b$\", text))\nNameError: name 're' is not defined\n",
      "exit_code": 1,
      "status": "Exception"
    },
    {
      "program": "def text_starta_endb(text: str) -> bool:\n    \"\"\"\n\tWrite a function that matches a string that has an 'a' followed by anything, ending in 'b'.\n\t\"\"\"\n    return bool(re.match(r'^a.*b$', text))\n\n\ndef check(candidate):\n    assert candidate('aabbbb') == True\n    assert candidate('aabAbbbc') == False\n    assert candidate('accddbbjjj') == False\n\ndef test_check():\n    check(text_starta_endb)\n\ntest_check()\n",
      "timestamp": 1666122914,
      "stdout": "",
      "stderr": "Traceback (most recent call last):\n  File \"/tmp/tmpjgls9p0c.py\", line 16, in <module>\n    test_check()\n  File \"/tmp/tmpjgls9p0c.py\", line 14, in test_check\n    check(text_starta_endb)\n  File \"/tmp/tmpjgls9p0c.py\", line 9, in check\n    assert candidate('aabbbb') == True\n  File \"/tmp/tmpjgls9p0c.py\", line 5, in text_starta_endb\n    return bool(re.match(r'^a.*b$', text))\nNameError: name 're' is not defined\n",
      "exit_code": 1,
      "status": "Exception"
    },
    {
      "program": "def text_starta_endb(text: str) -> bool:\n    \"\"\"\n\tWrite a function that matches a string that has an 'a' followed by anything, ending in 'b'.\n\t\"\"\"\n    return bool(re.match(r\"a.*b$\", text))\n\n\ndef check(candidate):\n    assert candidate('aabbbb') == True\n    assert candidate('aabAbbbc') == False\n    assert candidate('accddbbjjj') == False\n\ndef test_check():\n    check(text_starta_endb)\n\ntest_check()\n",
      "timestamp": 1665510124,
      "stdout": "",
      "stderr": "Traceback (most recent call last):\n  File \"/tmp/tmpl1laon6c.py\", line 16, in <module>\n    test_check()\n  File \"/tmp/tmpl1laon6c.py\", line 14, in test_check\n    check(text_starta_endb)\n  File \"/tmp/tmpl1laon6c.py\", line 9, in check\n    assert candidate('aabbbb') == True\n  File \"/tmp/tmpl1laon6c.py\", line 5, in text_starta_endb\n    return bool(re.match(r\"a.*b$\", text))\nNameError: name 're' is not defined\n",
      "exit_code": 1,
      "status": "Exception"
    },
    {
      "program": "def text_starta_endb(text: str) -> bool:\n    \"\"\"\n\tWrite a function that matches a string that has an 'a' followed by anything, ending in 'b'.\n\t\"\"\"\n    return re.search(r'a.*b$', text)\n\n\ndef check(candidate):\n    assert candidate('aabbbb') == True\n    assert candidate('aabAbbbc') == False\n    assert candidate('accddbbjjj') == False\n\ndef test_check():\n    check(text_starta_endb)\n\ntest_check()\n",
      "timestamp": 1666122914,
      "stdout": "",
      "stderr": "Traceback (most recent call last):\n  File \"/tmp/tmpx568z_5s.py\", line 16, in <module>\n    test_check()\n  File \"/tmp/tmpx568z_5s.py\", line 14, in test_check\n    check(text_starta_endb)\n  File \"/tmp/tmpx568z_5s.py\", line 9, in check\n    assert candidate('aabbbb') == True\n  File \"/tmp/tmpx568z_5s.py\", line 5, in text_starta_endb\n    return re.search(r'a.*b$', text)\nNameError: name 're' is not defined\n",
      "exit_code": 1,
      "status": "Exception"
    },
    {
      "program": "def text_starta_endb(text: str) -> bool:\n    \"\"\"\n\tWrite a function that matches a string that has an 'a' followed by anything, ending in 'b'.\n\t\"\"\"\n    return re.search(r\"a.*b\", text) is not None\n\n\ndef check(candidate):\n    assert candidate('aabbbb') == True\n    assert candidate('aabAbbbc') == False\n    assert candidate('accddbbjjj') == False\n\ndef test_check():\n    check(text_starta_endb)\n\ntest_check()\n",
      "timestamp": 1666122914,
      "stdout": "",
      "stderr": "Traceback (most recent call last):\n  File \"/tmp/tmpkl97pd0e.py\", line 16, in <module>\n    test_check()\n  File \"/tmp/tmpkl97pd0e.py\", line 14, in test_check\n    check(text_starta_endb)\n  File \"/tmp/tmpkl97pd0e.py\", line 9, in check\n    assert candidate('aabbbb') == True\n  File \"/tmp/tmpkl97pd0e.py\", line 5, in text_starta_endb\n    return re.search(r\"a.*b\", text) is not None\nNameError: name 're' is not defined\n",
      "exit_code": 1,
      "status": "Exception"
    },
    {
      "program": "def text_starta_endb(text: str) -> bool:\n    \"\"\"\n\tWrite a function that matches a string that has an 'a' followed by anything, ending in 'b'.\n\t\"\"\"\n    return bool(re.search(r\"a.+b\", text))\n\n\ndef check(candidate):\n    assert candidate('aabbbb') == True\n    assert candidate('aabAbbbc') == False\n    assert candidate('accddbbjjj') == False\n\ndef test_check():\n    check(text_starta_endb)\n\ntest_check()\n",
      "timestamp": 1666122914,
      "stdout": "",
      "stderr": "Traceback (most recent call last):\n  File \"/tmp/tmpcfivwvcv.py\", line 16, in <module>\n    test_check()\n  File \"/tmp/tmpcfivwvcv.py\", line 14, in test_check\n    check(text_starta_endb)\n  File \"/tmp/tmpcfivwvcv.py\", line 9, in check\n    assert candidate('aabbbb') == True\n  File \"/tmp/tmpcfivwvcv.py\", line 5, in text_starta_endb\n    return bool(re.search(r\"a.+b\", text))\nNameError: name 're' is not defined\n",
      "exit_code": 1,
      "status": "Exception"
    },
    {
      "program": "def text_starta_endb(text: str) -> bool:\n    \"\"\"\n\tWrite a function that matches a string that has an 'a' followed by anything, ending in 'b'.\n\t\"\"\"\n    return bool(re.match(r\"a.*b$\", text))\n\n\ndef check(candidate):\n    assert candidate('aabbbb') == True\n    assert candidate('aabAbbbc') == False\n    assert candidate('accddbbjjj') == False\n\ndef test_check():\n    check(text_starta_endb)\n\ntest_check()\n",
      "timestamp": 1665510124,
      "stdout": "",
      "stderr": "Traceback (most recent call last):\n  File \"/tmp/tmpl1laon6c.py\", line 16, in <module>\n    test_check()\n  File \"/tmp/tmpl1laon6c.py\", line 14, in test_check\n    check(text_starta_endb)\n  File \"/tmp/tmpl1laon6c.py\", line 9, in check\n    assert candidate('aabbbb') == True\n  File \"/tmp/tmpl1laon6c.py\", line 5, in text_starta_endb\n    return bool(re.match(r\"a.*b$\", text))\nNameError: name 're' is not defined\n",
      "exit_code": 1,
      "status": "Exception"
    },
    {
      "program": "def text_starta_endb(text: str) -> bool:\n    \"\"\"\n\tWrite a function that matches a string that has an 'a' followed by anything, ending in 'b'.\n\t\"\"\"\n    return bool(re.search(r\"a.*b\", text))\n\n\ndef check(candidate):\n    assert candidate('aabbbb') == True\n    assert candidate('aabAbbbc') == False\n    assert candidate('accddbbjjj') == False\n\ndef test_check():\n    check(text_starta_endb)\n\ntest_check()\n",
      "timestamp": 1665510124,
      "stdout": "",
      "stderr": "Traceback (most recent call last):\n  File \"/tmp/tmpc4pq6u7v.py\", line 16, in <module>\n    test_check()\n  File \"/tmp/tmpc4pq6u7v.py\", line 14, in test_check\n    check(text_starta_endb)\n  File \"/tmp/tmpc4pq6u7v.py\", line 9, in check\n    assert candidate('aabbbb') == True\n  File \"/tmp/tmpc4pq6u7v.py\", line 5, in text_starta_endb\n    return bool(re.search(r\"a.*b\", text))\nNameError: name 're' is not defined\n",
      "exit_code": 1,
      "status": "Exception"
    },
    {
      "program": "def text_starta_endb(text: str) -> bool:\n    \"\"\"\n\tWrite a function that matches a string that has an 'a' followed by anything, ending in 'b'.\n\t\"\"\"\n    return re.search(r\"a.*b\", text) is not None\n\n\ndef check(candidate):\n    assert candidate('aabbbb') == True\n    assert candidate('aabAbbbc') == False\n    assert candidate('accddbbjjj') == False\n\ndef test_check():\n    check(text_starta_endb)\n\ntest_check()\n",
      "timestamp": 1666122914,
      "stdout": "",
      "stderr": "Traceback (most recent call last):\n  File \"/tmp/tmpkl97pd0e.py\", line 16, in <module>\n    test_check()\n  File \"/tmp/tmpkl97pd0e.py\", line 14, in test_check\n    check(text_starta_endb)\n  File \"/tmp/tmpkl97pd0e.py\", line 9, in check\n    assert candidate('aabbbb') == True\n  File \"/tmp/tmpkl97pd0e.py\", line 5, in text_starta_endb\n    return re.search(r\"a.*b\", text) is not None\nNameError: name 're' is not defined\n",
      "exit_code": 1,
      "status": "Exception"
    },
    {
      "program": "def text_starta_endb(text: str) -> bool:\n    \"\"\"\n\tWrite a function that matches a string that has an 'a' followed by anything, ending in 'b'.\n\t\"\"\"\n    return bool(re.search(r'a.*b', text))\n\n\ndef check(candidate):\n    assert candidate('aabbbb') == True\n    assert candidate('aabAbbbc') == False\n    assert candidate('accddbbjjj') == False\n\ndef test_check():\n    check(text_starta_endb)\n\ntest_check()\n",
      "timestamp": 1665510124,
      "stdout": "",
      "stderr": "Traceback (most recent call last):\n  File \"/tmp/tmpx00eqi7v.py\", line 16, in <module>\n    test_check()\n  File \"/tmp/tmpx00eqi7v.py\", line 14, in test_check\n    check(text_starta_endb)\n  File \"/tmp/tmpx00eqi7v.py\", line 9, in check\n    assert candidate('aabbbb') == True\n  File \"/tmp/tmpx00eqi7v.py\", line 5, in text_starta_endb\n    return bool(re.search(r'a.*b', text))\nNameError: name 're' is not defined\n",
      "exit_code": 1,
      "status": "Exception"
    },
    {
      "program": "def text_starta_endb(text: str) -> bool:\n    \"\"\"\n\tWrite a function that matches a string that has an 'a' followed by anything, ending in 'b'.\n\t\"\"\"\n    return re.search(r\"a.*b$\", text) is not None\n\n\ndef check(candidate):\n    assert candidate('aabbbb') == True\n    assert candidate('aabAbbbc') == False\n    assert candidate('accddbbjjj') == False\n\ndef test_check():\n    check(text_starta_endb)\n\ntest_check()\n",
      "timestamp": 1665510124,
      "stdout": "",
      "stderr": "Traceback (most recent call last):\n  File \"/tmp/tmppmkuwaqc.py\", line 16, in <module>\n    test_check()\n  File \"/tmp/tmppmkuwaqc.py\", line 14, in test_check\n    check(text_starta_endb)\n  File \"/tmp/tmppmkuwaqc.py\", line 9, in check\n    assert candidate('aabbbb') == True\n  File \"/tmp/tmppmkuwaqc.py\", line 5, in text_starta_endb\n    return re.search(r\"a.*b$\", text) is not None\nNameError: name 're' is not defined\n",
      "exit_code": 1,
      "status": "Exception"
    },
    {
      "program": "def text_starta_endb(text: str) -> bool:\n    \"\"\"\n\tWrite a function that matches a string that has an 'a' followed by anything, ending in 'b'.\n\t\"\"\"\n    return re.search(r\"a.*b\", text) is not None\n\n\ndef check(candidate):\n    assert candidate('aabbbb') == True\n    assert candidate('aabAbbbc') == False\n    assert candidate('accddbbjjj') == False\n\ndef test_check():\n    check(text_starta_endb)\n\ntest_check()\n",
      "timestamp": 1666122914,
      "stdout": "",
      "stderr": "Traceback (most recent call last):\n  File \"/tmp/tmpkl97pd0e.py\", line 16, in <module>\n    test_check()\n  File \"/tmp/tmpkl97pd0e.py\", line 14, in test_check\n    check(text_starta_endb)\n  File \"/tmp/tmpkl97pd0e.py\", line 9, in check\n    assert candidate('aabbbb') == True\n  File \"/tmp/tmpkl97pd0e.py\", line 5, in text_starta_endb\n    return re.search(r\"a.*b\", text) is not None\nNameError: name 're' is not defined\n",
      "exit_code": 1,
      "status": "Exception"
    },
    {
      "program": "def text_starta_endb(text: str) -> bool:\n    \"\"\"\n\tWrite a function that matches a string that has an 'a' followed by anything, ending in 'b'.\n\t\"\"\"\n    return bool(re.search(r\"a.*b$\", text))\n\n\ndef check(candidate):\n    assert candidate('aabbbb') == True\n    assert candidate('aabAbbbc') == False\n    assert candidate('accddbbjjj') == False\n\ndef test_check():\n    check(text_starta_endb)\n\ntest_check()\n",
      "timestamp": 1665510124,
      "stdout": "",
      "stderr": "Traceback (most recent call last):\n  File \"/tmp/tmp5i5yqgbt.py\", line 16, in <module>\n    test_check()\n  File \"/tmp/tmp5i5yqgbt.py\", line 14, in test_check\n    check(text_starta_endb)\n  File \"/tmp/tmp5i5yqgbt.py\", line 9, in check\n    assert candidate('aabbbb') == True\n  File \"/tmp/tmp5i5yqgbt.py\", line 5, in text_starta_endb\n    return bool(re.search(r\"a.*b$\", text))\nNameError: name 're' is not defined\n",
      "exit_code": 1,
      "status": "Exception"
    },
    {
      "program": "def text_starta_endb(text: str) -> bool:\n    \"\"\"\n\tWrite a function that matches a string that has an 'a' followed by anything, ending in 'b'.\n\t\"\"\"\n    return bool(re.search(r'a.*b', text))\n\n\ndef check(candidate):\n    assert candidate('aabbbb') == True\n    assert candidate('aabAbbbc') == False\n    assert candidate('accddbbjjj') == False\n\ndef test_check():\n    check(text_starta_endb)\n\ntest_check()\n",
      "timestamp": 1665510124,
      "stdout": "",
      "stderr": "Traceback (most recent call last):\n  File \"/tmp/tmpx00eqi7v.py\", line 16, in <module>\n    test_check()\n  File \"/tmp/tmpx00eqi7v.py\", line 14, in test_check\n    check(text_starta_endb)\n  File \"/tmp/tmpx00eqi7v.py\", line 9, in check\n    assert candidate('aabbbb') == True\n  File \"/tmp/tmpx00eqi7v.py\", line 5, in text_starta_endb\n    return bool(re.search(r'a.*b', text))\nNameError: name 're' is not defined\n",
      "exit_code": 1,
      "status": "Exception"
    },
    {
      "program": "def text_starta_endb(text: str) -> bool:\n    \"\"\"\n\tWrite a function that matches a string that has an 'a' followed by anything, ending in 'b'.\n\t\"\"\"\n    return bool(re.search(r\"a.+b\", text))\n\n\ndef check(candidate):\n    assert candidate('aabbbb') == True\n    assert candidate('aabAbbbc') == False\n    assert candidate('accddbbjjj') == False\n\ndef test_check():\n    check(text_starta_endb)\n\ntest_check()\n",
      "timestamp": 1666122914,
      "stdout": "",
      "stderr": "Traceback (most recent call last):\n  File \"/tmp/tmpcfivwvcv.py\", line 16, in <module>\n    test_check()\n  File \"/tmp/tmpcfivwvcv.py\", line 14, in test_check\n    check(text_starta_endb)\n  File \"/tmp/tmpcfivwvcv.py\", line 9, in check\n    assert candidate('aabbbb') == True\n  File \"/tmp/tmpcfivwvcv.py\", line 5, in text_starta_endb\n    return bool(re.search(r\"a.+b\", text))\nNameError: name 're' is not defined\n",
      "exit_code": 1,
      "status": "Exception"
    },
    {
      "program": "def text_starta_endb(text: str) -> bool:\n    \"\"\"\n\tWrite a function that matches a string that has an 'a' followed by anything, ending in 'b'.\n\t\"\"\"\n    return bool(re.match(r\"a.*b$\", text))\n\n\ndef check(candidate):\n    assert candidate('aabbbb') == True\n    assert candidate('aabAbbbc') == False\n    assert candidate('accddbbjjj') == False\n\ndef test_check():\n    check(text_starta_endb)\n\ntest_check()\n",
      "timestamp": 1665510124,
      "stdout": "",
      "stderr": "Traceback (most recent call last):\n  File \"/tmp/tmpl1laon6c.py\", line 16, in <module>\n    test_check()\n  File \"/tmp/tmpl1laon6c.py\", line 14, in test_check\n    check(text_starta_endb)\n  File \"/tmp/tmpl1laon6c.py\", line 9, in check\n    assert candidate('aabbbb') == True\n  File \"/tmp/tmpl1laon6c.py\", line 5, in text_starta_endb\n    return bool(re.match(r\"a.*b$\", text))\nNameError: name 're' is not defined\n",
      "exit_code": 1,
      "status": "Exception"
    },
    {
      "program": "def text_starta_endb(text: str) -> bool:\n    \"\"\"\n\tWrite a function that matches a string that has an 'a' followed by anything, ending in 'b'.\n\t\"\"\"\n    return bool(re.search(r\"a.*b\", text))\n\n\ndef check(candidate):\n    assert candidate('aabbbb') == True\n    assert candidate('aabAbbbc') == False\n    assert candidate('accddbbjjj') == False\n\ndef test_check():\n    check(text_starta_endb)\n\ntest_check()\n",
      "timestamp": 1665510124,
      "stdout": "",
      "stderr": "Traceback (most recent call last):\n  File \"/tmp/tmpc4pq6u7v.py\", line 16, in <module>\n    test_check()\n  File \"/tmp/tmpc4pq6u7v.py\", line 14, in test_check\n    check(text_starta_endb)\n  File \"/tmp/tmpc4pq6u7v.py\", line 9, in check\n    assert candidate('aabbbb') == True\n  File \"/tmp/tmpc4pq6u7v.py\", line 5, in text_starta_endb\n    return bool(re.search(r\"a.*b\", text))\nNameError: name 're' is not defined\n",
      "exit_code": 1,
      "status": "Exception"
    },
    {
      "program": "def text_starta_endb(text: str) -> bool:\n    \"\"\"\n\tWrite a function that matches a string that has an 'a' followed by anything, ending in 'b'.\n\t\"\"\"\n    return bool(re.search(r\"a.*b\", text))\n\n\ndef check(candidate):\n    assert candidate('aabbbb') == True\n    assert candidate('aabAbbbc') == False\n    assert candidate('accddbbjjj') == False\n\ndef test_check():\n    check(text_starta_endb)\n\ntest_check()\n",
      "timestamp": 1665510124,
      "stdout": "",
      "stderr": "Traceback (most recent call last):\n  File \"/tmp/tmpc4pq6u7v.py\", line 16, in <module>\n    test_check()\n  File \"/tmp/tmpc4pq6u7v.py\", line 14, in test_check\n    check(text_starta_endb)\n  File \"/tmp/tmpc4pq6u7v.py\", line 9, in check\n    assert candidate('aabbbb') == True\n  File \"/tmp/tmpc4pq6u7v.py\", line 5, in text_starta_endb\n    return bool(re.search(r\"a.*b\", text))\nNameError: name 're' is not defined\n",
      "exit_code": 1,
      "status": "Exception"
    },
    {
      "program": "def text_starta_endb(text: str) -> bool:\n    \"\"\"\n\tWrite a function that matches a string that has an 'a' followed by anything, ending in 'b'.\n\t\"\"\"\n    return re.search(r\"a.*b\", text) is not None\n\n\ndef check(candidate):\n    assert candidate('aabbbb') == True\n    assert candidate('aabAbbbc') == False\n    assert candidate('accddbbjjj') == False\n\ndef test_check():\n    check(text_starta_endb)\n\ntest_check()\n",
      "timestamp": 1666122914,
      "stdout": "",
      "stderr": "Traceback (most recent call last):\n  File \"/tmp/tmpkl97pd0e.py\", line 16, in <module>\n    test_check()\n  File \"/tmp/tmpkl97pd0e.py\", line 14, in test_check\n    check(text_starta_endb)\n  File \"/tmp/tmpkl97pd0e.py\", line 9, in check\n    assert candidate('aabbbb') == True\n  File \"/tmp/tmpkl97pd0e.py\", line 5, in text_starta_endb\n    return re.search(r\"a.*b\", text) is not None\nNameError: name 're' is not defined\n",
      "exit_code": 1,
      "status": "Exception"
    },
    {
      "program": "def text_starta_endb(text: str) -> bool:\n    \"\"\"\n\tWrite a function that matches a string that has an 'a' followed by anything, ending in 'b'.\n\t\"\"\"\n    return bool(re.match(r\"a.*b$\", text))\n\n\ndef check(candidate):\n    assert candidate('aabbbb') == True\n    assert candidate('aabAbbbc') == False\n    assert candidate('accddbbjjj') == False\n\ndef test_check():\n    check(text_starta_endb)\n\ntest_check()\n",
      "timestamp": 1665510124,
      "stdout": "",
      "stderr": "Traceback (most recent call last):\n  File \"/tmp/tmpl1laon6c.py\", line 16, in <module>\n    test_check()\n  File \"/tmp/tmpl1laon6c.py\", line 14, in test_check\n    check(text_starta_endb)\n  File \"/tmp/tmpl1laon6c.py\", line 9, in check\n    assert candidate('aabbbb') == True\n  File \"/tmp/tmpl1laon6c.py\", line 5, in text_starta_endb\n    return bool(re.match(r\"a.*b$\", text))\nNameError: name 're' is not defined\n",
      "exit_code": 1,
      "status": "Exception"
    },
    {
      "program": "def text_starta_endb(text: str) -> bool:\n    \"\"\"\n\tWrite a function that matches a string that has an 'a' followed by anything, ending in 'b'.\n\t\"\"\"\n    return bool(re.match(r'a.*b$', text))\n\n\ndef check(candidate):\n    assert candidate('aabbbb') == True\n    assert candidate('aabAbbbc') == False\n    assert candidate('accddbbjjj') == False\n\ndef test_check():\n    check(text_starta_endb)\n\ntest_check()\n",
      "timestamp": 1665510124,
      "stdout": "",
      "stderr": "Traceback (most recent call last):\n  File \"/tmp/tmpynlpwku6.py\", line 16, in <module>\n    test_check()\n  File \"/tmp/tmpynlpwku6.py\", line 14, in test_check\n    check(text_starta_endb)\n  File \"/tmp/tmpynlpwku6.py\", line 9, in check\n    assert candidate('aabbbb') == True\n  File \"/tmp/tmpynlpwku6.py\", line 5, in text_starta_endb\n    return bool(re.match(r'a.*b$', text))\nNameError: name 're' is not defined\n",
      "exit_code": 1,
      "status": "Exception"
    },
    {
      "program": "def text_starta_endb(text: str) -> bool:\n    \"\"\"\n\tWrite a function that matches a string that has an 'a' followed by anything, ending in 'b'.\n\t\"\"\"\n    return bool(re.match(r\"a.*b$\", text))\n\n\ndef check(candidate):\n    assert candidate('aabbbb') == True\n    assert candidate('aabAbbbc') == False\n    assert candidate('accddbbjjj') == False\n\ndef test_check():\n    check(text_starta_endb)\n\ntest_check()\n",
      "timestamp": 1665510124,
      "stdout": "",
      "stderr": "Traceback (most recent call last):\n  File \"/tmp/tmpl1laon6c.py\", line 16, in <module>\n    test_check()\n  File \"/tmp/tmpl1laon6c.py\", line 14, in test_check\n    check(text_starta_endb)\n  File \"/tmp/tmpl1laon6c.py\", line 9, in check\n    assert candidate('aabbbb') == True\n  File \"/tmp/tmpl1laon6c.py\", line 5, in text_starta_endb\n    return bool(re.match(r\"a.*b$\", text))\nNameError: name 're' is not defined\n",
      "exit_code": 1,
      "status": "Exception"
    },
    {
      "program": "def text_starta_endb(text: str) -> bool:\n    \"\"\"\n\tWrite a function that matches a string that has an 'a' followed by anything, ending in 'b'.\n\t\"\"\"\n    return re.match(r\"a.*b$\", text) is not None\n\n\ndef check(candidate):\n    assert candidate('aabbbb') == True\n    assert candidate('aabAbbbc') == False\n    assert candidate('accddbbjjj') == False\n\ndef test_check():\n    check(text_starta_endb)\n\ntest_check()\n",
      "timestamp": 1665510124,
      "stdout": "",
      "stderr": "Traceback (most recent call last):\n  File \"/tmp/tmpn7wvijdk.py\", line 16, in <module>\n    test_check()\n  File \"/tmp/tmpn7wvijdk.py\", line 14, in test_check\n    check(text_starta_endb)\n  File \"/tmp/tmpn7wvijdk.py\", line 9, in check\n    assert candidate('aabbbb') == True\n  File \"/tmp/tmpn7wvijdk.py\", line 5, in text_starta_endb\n    return re.match(r\"a.*b$\", text) is not None\nNameError: name 're' is not defined\n",
      "exit_code": 1,
      "status": "Exception"
    },
    {
      "program": "def text_starta_endb(text: str) -> bool:\n    \"\"\"\n\tWrite a function that matches a string that has an 'a' followed by anything, ending in 'b'.\n\t\"\"\"\n    return bool(re.match(r'^a.*b$', text))\n\n\ndef check(candidate):\n    assert candidate('aabbbb') == True\n    assert candidate('aabAbbbc') == False\n    assert candidate('accddbbjjj') == False\n\ndef test_check():\n    check(text_starta_endb)\n\ntest_check()\n",
      "timestamp": 1666122914,
      "stdout": "",
      "stderr": "Traceback (most recent call last):\n  File \"/tmp/tmpjgls9p0c.py\", line 16, in <module>\n    test_check()\n  File \"/tmp/tmpjgls9p0c.py\", line 14, in test_check\n    check(text_starta_endb)\n  File \"/tmp/tmpjgls9p0c.py\", line 9, in check\n    assert candidate('aabbbb') == True\n  File \"/tmp/tmpjgls9p0c.py\", line 5, in text_starta_endb\n    return bool(re.match(r'^a.*b$', text))\nNameError: name 're' is not defined\n",
      "exit_code": 1,
      "status": "Exception"
    },
    {
      "program": "def text_starta_endb(text: str) -> bool:\n    \"\"\"\n\tWrite a function that matches a string that has an 'a' followed by anything, ending in 'b'.\n\t\"\"\"\n    return re.search(r\"a.*b$\", text) is not None\n\n\ndef check(candidate):\n    assert candidate('aabbbb') == True\n    assert candidate('aabAbbbc') == False\n    assert candidate('accddbbjjj') == False\n\ndef test_check():\n    check(text_starta_endb)\n\ntest_check()\n",
      "timestamp": 1665510124,
      "stdout": "",
      "stderr": "Traceback (most recent call last):\n  File \"/tmp/tmppmkuwaqc.py\", line 16, in <module>\n    test_check()\n  File \"/tmp/tmppmkuwaqc.py\", line 14, in test_check\n    check(text_starta_endb)\n  File \"/tmp/tmppmkuwaqc.py\", line 9, in check\n    assert candidate('aabbbb') == True\n  File \"/tmp/tmppmkuwaqc.py\", line 5, in text_starta_endb\n    return re.search(r\"a.*b$\", text) is not None\nNameError: name 're' is not defined\n",
      "exit_code": 1,
      "status": "Exception"
    },
    {
      "program": "def text_starta_endb(text: str) -> bool:\n    \"\"\"\n\tWrite a function that matches a string that has an 'a' followed by anything, ending in 'b'.\n\t\"\"\"\n    return re.match(r\"a.*b\", text) is not None\n\n\ndef check(candidate):\n    assert candidate('aabbbb') == True\n    assert candidate('aabAbbbc') == False\n    assert candidate('accddbbjjj') == False\n\ndef test_check():\n    check(text_starta_endb)\n\ntest_check()\n",
      "timestamp": 1666122914,
      "stdout": "",
      "stderr": "Traceback (most recent call last):\n  File \"/tmp/tmp7del163h.py\", line 16, in <module>\n    test_check()\n  File \"/tmp/tmp7del163h.py\", line 14, in test_check\n    check(text_starta_endb)\n  File \"/tmp/tmp7del163h.py\", line 9, in check\n    assert candidate('aabbbb') == True\n  File \"/tmp/tmp7del163h.py\", line 5, in text_starta_endb\n    return re.match(r\"a.*b\", text) is not None\nNameError: name 're' is not defined\n",
      "exit_code": 1,
      "status": "Exception"
    },
    {
      "program": "def text_starta_endb(text: str) -> bool:\n    \"\"\"\n\tWrite a function that matches a string that has an 'a' followed by anything, ending in 'b'.\n\t\"\"\"\n    return bool(re.search(r\"a.+b\", text))\n\n\ndef check(candidate):\n    assert candidate('aabbbb') == True\n    assert candidate('aabAbbbc') == False\n    assert candidate('accddbbjjj') == False\n\ndef test_check():\n    check(text_starta_endb)\n\ntest_check()\n",
      "timestamp": 1666122914,
      "stdout": "",
      "stderr": "Traceback (most recent call last):\n  File \"/tmp/tmpcfivwvcv.py\", line 16, in <module>\n    test_check()\n  File \"/tmp/tmpcfivwvcv.py\", line 14, in test_check\n    check(text_starta_endb)\n  File \"/tmp/tmpcfivwvcv.py\", line 9, in check\n    assert candidate('aabbbb') == True\n  File \"/tmp/tmpcfivwvcv.py\", line 5, in text_starta_endb\n    return bool(re.search(r\"a.+b\", text))\nNameError: name 're' is not defined\n",
      "exit_code": 1,
      "status": "Exception"
    },
    {
      "program": "def text_starta_endb(text: str) -> bool:\n    \"\"\"\n\tWrite a function that matches a string that has an 'a' followed by anything, ending in 'b'.\n\t\"\"\"\n    return bool(re.match(r\"a.*b$\", text))\n\n\ndef check(candidate):\n    assert candidate('aabbbb') == True\n    assert candidate('aabAbbbc') == False\n    assert candidate('accddbbjjj') == False\n\ndef test_check():\n    check(text_starta_endb)\n\ntest_check()\n",
      "timestamp": 1665510124,
      "stdout": "",
      "stderr": "Traceback (most recent call last):\n  File \"/tmp/tmpl1laon6c.py\", line 16, in <module>\n    test_check()\n  File \"/tmp/tmpl1laon6c.py\", line 14, in test_check\n    check(text_starta_endb)\n  File \"/tmp/tmpl1laon6c.py\", line 9, in check\n    assert candidate('aabbbb') == True\n  File \"/tmp/tmpl1laon6c.py\", line 5, in text_starta_endb\n    return bool(re.match(r\"a.*b$\", text))\nNameError: name 're' is not defined\n",
      "exit_code": 1,
      "status": "Exception"
    },
    {
      "program": "def text_starta_endb(text: str) -> bool:\n    \"\"\"\n\tWrite a function that matches a string that has an 'a' followed by anything, ending in 'b'.\n\t\"\"\"\n    return bool(re.match(r\"a.*b$\", text))\n\n\ndef check(candidate):\n    assert candidate('aabbbb') == True\n    assert candidate('aabAbbbc') == False\n    assert candidate('accddbbjjj') == False\n\ndef test_check():\n    check(text_starta_endb)\n\ntest_check()\n",
      "timestamp": 1665510124,
      "stdout": "",
      "stderr": "Traceback (most recent call last):\n  File \"/tmp/tmpl1laon6c.py\", line 16, in <module>\n    test_check()\n  File \"/tmp/tmpl1laon6c.py\", line 14, in test_check\n    check(text_starta_endb)\n  File \"/tmp/tmpl1laon6c.py\", line 9, in check\n    assert candidate('aabbbb') == True\n  File \"/tmp/tmpl1laon6c.py\", line 5, in text_starta_endb\n    return bool(re.match(r\"a.*b$\", text))\nNameError: name 're' is not defined\n",
      "exit_code": 1,
      "status": "Exception"
    },
    {
      "program": "def text_starta_endb(text: str) -> bool:\n    \"\"\"\n\tWrite a function that matches a string that has an 'a' followed by anything, ending in 'b'.\n\t\"\"\"\n    return bool(re.search(r\"a.+b$\", text))\n\n\ndef check(candidate):\n    assert candidate('aabbbb') == True\n    assert candidate('aabAbbbc') == False\n    assert candidate('accddbbjjj') == False\n\ndef test_check():\n    check(text_starta_endb)\n\ntest_check()\n",
      "timestamp": 1665510124,
      "stdout": "",
      "stderr": "Traceback (most recent call last):\n  File \"/tmp/tmpbvkdab7i.py\", line 16, in <module>\n    test_check()\n  File \"/tmp/tmpbvkdab7i.py\", line 14, in test_check\n    check(text_starta_endb)\n  File \"/tmp/tmpbvkdab7i.py\", line 9, in check\n    assert candidate('aabbbb') == True\n  File \"/tmp/tmpbvkdab7i.py\", line 5, in text_starta_endb\n    return bool(re.search(r\"a.+b$\", text))\nNameError: name 're' is not defined\n",
      "exit_code": 1,
      "status": "Exception"
    },
    {
      "program": "def text_starta_endb(text: str) -> bool:\n    \"\"\"\n\tWrite a function that matches a string that has an 'a' followed by anything, ending in 'b'.\n\t\"\"\"\n    return bool(re.match(r\"^a.*b$\", text))\n\n\ndef check(candidate):\n    assert candidate('aabbbb') == True\n    assert candidate('aabAbbbc') == False\n    assert candidate('accddbbjjj') == False\n\ndef test_check():\n    check(text_starta_endb)\n\ntest_check()\n",
      "timestamp": 1666122914,
      "stdout": "",
      "stderr": "Traceback (most recent call last):\n  File \"/tmp/tmp42le1c5f.py\", line 16, in <module>\n    test_check()\n  File \"/tmp/tmp42le1c5f.py\", line 14, in test_check\n    check(text_starta_endb)\n  File \"/tmp/tmp42le1c5f.py\", line 9, in check\n    assert candidate('aabbbb') == True\n  File \"/tmp/tmp42le1c5f.py\", line 5, in text_starta_endb\n    return bool(re.match(r\"^a.*b$\", text))\nNameError: name 're' is not defined\n",
      "exit_code": 1,
      "status": "Exception"
    },
    {
      "program": "def text_starta_endb(text: str) -> bool:\n    \"\"\"\n\tWrite a function that matches a string that has an 'a' followed by anything, ending in 'b'.\n\t\"\"\"\n    return bool(re.match(r\"a.*b$\", text))\n\n\ndef check(candidate):\n    assert candidate('aabbbb') == True\n    assert candidate('aabAbbbc') == False\n    assert candidate('accddbbjjj') == False\n\ndef test_check():\n    check(text_starta_endb)\n\ntest_check()\n",
      "timestamp": 1665510124,
      "stdout": "",
      "stderr": "Traceback (most recent call last):\n  File \"/tmp/tmpl1laon6c.py\", line 16, in <module>\n    test_check()\n  File \"/tmp/tmpl1laon6c.py\", line 14, in test_check\n    check(text_starta_endb)\n  File \"/tmp/tmpl1laon6c.py\", line 9, in check\n    assert candidate('aabbbb') == True\n  File \"/tmp/tmpl1laon6c.py\", line 5, in text_starta_endb\n    return bool(re.match(r\"a.*b$\", text))\nNameError: name 're' is not defined\n",
      "exit_code": 1,
      "status": "Exception"
    },
    {
      "program": "def text_starta_endb(text: str) -> bool:\n    \"\"\"\n\tWrite a function that matches a string that has an 'a' followed by anything, ending in 'b'.\n\t\"\"\"\n    return re.match(r\"a.*b$\", text)\n\n\ndef check(candidate):\n    assert candidate('aabbbb') == True\n    assert candidate('aabAbbbc') == False\n    assert candidate('accddbbjjj') == False\n\ndef test_check():\n    check(text_starta_endb)\n\ntest_check()\n",
      "timestamp": 1665510124,
      "stdout": "",
      "stderr": "Traceback (most recent call last):\n  File \"/tmp/tmpnpnrtya_.py\", line 16, in <module>\n    test_check()\n  File \"/tmp/tmpnpnrtya_.py\", line 14, in test_check\n    check(text_starta_endb)\n  File \"/tmp/tmpnpnrtya_.py\", line 9, in check\n    assert candidate('aabbbb') == True\n  File \"/tmp/tmpnpnrtya_.py\", line 5, in text_starta_endb\n    return re.match(r\"a.*b$\", text)\nNameError: name 're' is not defined\n",
      "exit_code": 1,
      "status": "Exception"
    },
    {
      "program": "def text_starta_endb(text: str) -> bool:\n    \"\"\"\n\tWrite a function that matches a string that has an 'a' followed by anything, ending in 'b'.\n\t\"\"\"\n    return re.search(r\"a.*b$\", text) is not None\n\n\ndef check(candidate):\n    assert candidate('aabbbb') == True\n    assert candidate('aabAbbbc') == False\n    assert candidate('accddbbjjj') == False\n\ndef test_check():\n    check(text_starta_endb)\n\ntest_check()\n",
      "timestamp": 1665510124,
      "stdout": "",
      "stderr": "Traceback (most recent call last):\n  File \"/tmp/tmppmkuwaqc.py\", line 16, in <module>\n    test_check()\n  File \"/tmp/tmppmkuwaqc.py\", line 14, in test_check\n    check(text_starta_endb)\n  File \"/tmp/tmppmkuwaqc.py\", line 9, in check\n    assert candidate('aabbbb') == True\n  File \"/tmp/tmppmkuwaqc.py\", line 5, in text_starta_endb\n    return re.search(r\"a.*b$\", text) is not None\nNameError: name 're' is not defined\n",
      "exit_code": 1,
      "status": "Exception"
    },
    {
      "program": "def text_starta_endb(text: str) -> bool:\n    \"\"\"\n\tWrite a function that matches a string that has an 'a' followed by anything, ending in 'b'.\n\t\"\"\"\n    return bool(re.match(r\"a.*b$\", text))\n\n\ndef check(candidate):\n    assert candidate('aabbbb') == True\n    assert candidate('aabAbbbc') == False\n    assert candidate('accddbbjjj') == False\n\ndef test_check():\n    check(text_starta_endb)\n\ntest_check()\n",
      "timestamp": 1665510124,
      "stdout": "",
      "stderr": "Traceback (most recent call last):\n  File \"/tmp/tmpl1laon6c.py\", line 16, in <module>\n    test_check()\n  File \"/tmp/tmpl1laon6c.py\", line 14, in test_check\n    check(text_starta_endb)\n  File \"/tmp/tmpl1laon6c.py\", line 9, in check\n    assert candidate('aabbbb') == True\n  File \"/tmp/tmpl1laon6c.py\", line 5, in text_starta_endb\n    return bool(re.match(r\"a.*b$\", text))\nNameError: name 're' is not defined\n",
      "exit_code": 1,
      "status": "Exception"
    },
    {
      "program": "def text_starta_endb(text: str) -> bool:\n    \"\"\"\n\tWrite a function that matches a string that has an 'a' followed by anything, ending in 'b'.\n\t\"\"\"\n    return bool(re.match(r'a.*b$', text))\n\n\ndef check(candidate):\n    assert candidate('aabbbb') == True\n    assert candidate('aabAbbbc') == False\n    assert candidate('accddbbjjj') == False\n\ndef test_check():\n    check(text_starta_endb)\n\ntest_check()\n",
      "timestamp": 1665510124,
      "stdout": "",
      "stderr": "Traceback (most recent call last):\n  File \"/tmp/tmpynlpwku6.py\", line 16, in <module>\n    test_check()\n  File \"/tmp/tmpynlpwku6.py\", line 14, in test_check\n    check(text_starta_endb)\n  File \"/tmp/tmpynlpwku6.py\", line 9, in check\n    assert candidate('aabbbb') == True\n  File \"/tmp/tmpynlpwku6.py\", line 5, in text_starta_endb\n    return bool(re.match(r'a.*b$', text))\nNameError: name 're' is not defined\n",
      "exit_code": 1,
      "status": "Exception"
    },
    {
      "program": "def text_starta_endb(text: str) -> bool:\n    \"\"\"\n\tWrite a function that matches a string that has an 'a' followed by anything, ending in 'b'.\n\t\"\"\"\n    return bool(re.search(r'a.*b', text))\n\n\ndef check(candidate):\n    assert candidate('aabbbb') == True\n    assert candidate('aabAbbbc') == False\n    assert candidate('accddbbjjj') == False\n\ndef test_check():\n    check(text_starta_endb)\n\ntest_check()\n",
      "timestamp": 1665510124,
      "stdout": "",
      "stderr": "Traceback (most recent call last):\n  File \"/tmp/tmpx00eqi7v.py\", line 16, in <module>\n    test_check()\n  File \"/tmp/tmpx00eqi7v.py\", line 14, in test_check\n    check(text_starta_endb)\n  File \"/tmp/tmpx00eqi7v.py\", line 9, in check\n    assert candidate('aabbbb') == True\n  File \"/tmp/tmpx00eqi7v.py\", line 5, in text_starta_endb\n    return bool(re.search(r'a.*b', text))\nNameError: name 're' is not defined\n",
      "exit_code": 1,
      "status": "Exception"
    },
    {
      "program": "def text_starta_endb(text: str) -> bool:\n    \"\"\"\n\tWrite a function that matches a string that has an 'a' followed by anything, ending in 'b'.\n\t\"\"\"\n    return bool(re.search(r\"a.+b$\", text))\n\n\ndef check(candidate):\n    assert candidate('aabbbb') == True\n    assert candidate('aabAbbbc') == False\n    assert candidate('accddbbjjj') == False\n\ndef test_check():\n    check(text_starta_endb)\n\ntest_check()\n",
      "timestamp": 1665510124,
      "stdout": "",
      "stderr": "Traceback (most recent call last):\n  File \"/tmp/tmpbvkdab7i.py\", line 16, in <module>\n    test_check()\n  File \"/tmp/tmpbvkdab7i.py\", line 14, in test_check\n    check(text_starta_endb)\n  File \"/tmp/tmpbvkdab7i.py\", line 9, in check\n    assert candidate('aabbbb') == True\n  File \"/tmp/tmpbvkdab7i.py\", line 5, in text_starta_endb\n    return bool(re.search(r\"a.+b$\", text))\nNameError: name 're' is not defined\n",
      "exit_code": 1,
      "status": "Exception"
    },
    {
      "program": "def text_starta_endb(text: str) -> bool:\n    \"\"\"\n\tWrite a function that matches a string that has an 'a' followed by anything, ending in 'b'.\n\t\"\"\"\n    return bool(re.search(r\"a.*b\", text))\n\n\ndef check(candidate):\n    assert candidate('aabbbb') == True\n    assert candidate('aabAbbbc') == False\n    assert candidate('accddbbjjj') == False\n\ndef test_check():\n    check(text_starta_endb)\n\ntest_check()\n",
      "timestamp": 1665510124,
      "stdout": "",
      "stderr": "Traceback (most recent call last):\n  File \"/tmp/tmpc4pq6u7v.py\", line 16, in <module>\n    test_check()\n  File \"/tmp/tmpc4pq6u7v.py\", line 14, in test_check\n    check(text_starta_endb)\n  File \"/tmp/tmpc4pq6u7v.py\", line 9, in check\n    assert candidate('aabbbb') == True\n  File \"/tmp/tmpc4pq6u7v.py\", line 5, in text_starta_endb\n    return bool(re.search(r\"a.*b\", text))\nNameError: name 're' is not defined\n",
      "exit_code": 1,
      "status": "Exception"
    },
    {
      "program": "def text_starta_endb(text: str) -> bool:\n    \"\"\"\n\tWrite a function that matches a string that has an 'a' followed by anything, ending in 'b'.\n\t\"\"\"\n    return bool(re.match(r\"a.*b$\", text))\n\n\ndef check(candidate):\n    assert candidate('aabbbb') == True\n    assert candidate('aabAbbbc') == False\n    assert candidate('accddbbjjj') == False\n\ndef test_check():\n    check(text_starta_endb)\n\ntest_check()\n",
      "timestamp": 1665510124,
      "stdout": "",
      "stderr": "Traceback (most recent call last):\n  File \"/tmp/tmpl1laon6c.py\", line 16, in <module>\n    test_check()\n  File \"/tmp/tmpl1laon6c.py\", line 14, in test_check\n    check(text_starta_endb)\n  File \"/tmp/tmpl1laon6c.py\", line 9, in check\n    assert candidate('aabbbb') == True\n  File \"/tmp/tmpl1laon6c.py\", line 5, in text_starta_endb\n    return bool(re.match(r\"a.*b$\", text))\nNameError: name 're' is not defined\n",
      "exit_code": 1,
      "status": "Exception"
    },
    {
      "program": "def text_starta_endb(text: str) -> bool:\n    \"\"\"\n\tWrite a function that matches a string that has an 'a' followed by anything, ending in 'b'.\n\t\"\"\"\n    return bool(re.match(r'.*a.*b$', text))\n\n\ndef check(candidate):\n    assert candidate('aabbbb') == True\n    assert candidate('aabAbbbc') == False\n    assert candidate('accddbbjjj') == False\n\ndef test_check():\n    check(text_starta_endb)\n\ntest_check()\n",
      "timestamp": 1666122914,
      "stdout": "",
      "stderr": "Traceback (most recent call last):\n  File \"/tmp/tmp42cgd0g2.py\", line 16, in <module>\n    test_check()\n  File \"/tmp/tmp42cgd0g2.py\", line 14, in test_check\n    check(text_starta_endb)\n  File \"/tmp/tmp42cgd0g2.py\", line 9, in check\n    assert candidate('aabbbb') == True\n  File \"/tmp/tmp42cgd0g2.py\", line 5, in text_starta_endb\n    return bool(re.match(r'.*a.*b$', text))\nNameError: name 're' is not defined\n",
      "exit_code": 1,
      "status": "Exception"
    },
    {
      "program": "def text_starta_endb(text: str) -> bool:\n    \"\"\"\n\tWrite a function that matches a string that has an 'a' followed by anything, ending in 'b'.\n\t\"\"\"\n    return bool(re.match(r'a.*b$', text))\n\n\ndef check(candidate):\n    assert candidate('aabbbb') == True\n    assert candidate('aabAbbbc') == False\n    assert candidate('accddbbjjj') == False\n\ndef test_check():\n    check(text_starta_endb)\n\ntest_check()\n",
      "timestamp": 1665510124,
      "stdout": "",
      "stderr": "Traceback (most recent call last):\n  File \"/tmp/tmpynlpwku6.py\", line 16, in <module>\n    test_check()\n  File \"/tmp/tmpynlpwku6.py\", line 14, in test_check\n    check(text_starta_endb)\n  File \"/tmp/tmpynlpwku6.py\", line 9, in check\n    assert candidate('aabbbb') == True\n  File \"/tmp/tmpynlpwku6.py\", line 5, in text_starta_endb\n    return bool(re.match(r'a.*b$', text))\nNameError: name 're' is not defined\n",
      "exit_code": 1,
      "status": "Exception"
    },
    {
      "program": "def text_starta_endb(text: str) -> bool:\n    \"\"\"\n\tWrite a function that matches a string that has an 'a' followed by anything, ending in 'b'.\n\t\"\"\"\n    return re.match(r\"a.*b$\", text) is not None\n\n\ndef check(candidate):\n    assert candidate('aabbbb') == True\n    assert candidate('aabAbbbc') == False\n    assert candidate('accddbbjjj') == False\n\ndef test_check():\n    check(text_starta_endb)\n\ntest_check()\n",
      "timestamp": 1665510124,
      "stdout": "",
      "stderr": "Traceback (most recent call last):\n  File \"/tmp/tmpn7wvijdk.py\", line 16, in <module>\n    test_check()\n  File \"/tmp/tmpn7wvijdk.py\", line 14, in test_check\n    check(text_starta_endb)\n  File \"/tmp/tmpn7wvijdk.py\", line 9, in check\n    assert candidate('aabbbb') == True\n  File \"/tmp/tmpn7wvijdk.py\", line 5, in text_starta_endb\n    return re.match(r\"a.*b$\", text) is not None\nNameError: name 're' is not defined\n",
      "exit_code": 1,
      "status": "Exception"
    },
    {
      "program": "def text_starta_endb(text: str) -> bool:\n    \"\"\"\n\tWrite a function that matches a string that has an 'a' followed by anything, ending in 'b'.\n\t\"\"\"\n    return bool(re.match(r\"a.*b$\", text))\n\n\ndef check(candidate):\n    assert candidate('aabbbb') == True\n    assert candidate('aabAbbbc') == False\n    assert candidate('accddbbjjj') == False\n\ndef test_check():\n    check(text_starta_endb)\n\ntest_check()\n",
      "timestamp": 1665510124,
      "stdout": "",
      "stderr": "Traceback (most recent call last):\n  File \"/tmp/tmpl1laon6c.py\", line 16, in <module>\n    test_check()\n  File \"/tmp/tmpl1laon6c.py\", line 14, in test_check\n    check(text_starta_endb)\n  File \"/tmp/tmpl1laon6c.py\", line 9, in check\n    assert candidate('aabbbb') == True\n  File \"/tmp/tmpl1laon6c.py\", line 5, in text_starta_endb\n    return bool(re.match(r\"a.*b$\", text))\nNameError: name 're' is not defined\n",
      "exit_code": 1,
      "status": "Exception"
    },
    {
      "program": "def text_starta_endb(text: str) -> bool:\n    \"\"\"\n\tWrite a function that matches a string that has an 'a' followed by anything, ending in 'b'.\n\t\"\"\"\n    return re.match(r\"a.*b$\", text) is not None\n\n\ndef check(candidate):\n    assert candidate('aabbbb') == True\n    assert candidate('aabAbbbc') == False\n    assert candidate('accddbbjjj') == False\n\ndef test_check():\n    check(text_starta_endb)\n\ntest_check()\n",
      "timestamp": 1665510124,
      "stdout": "",
      "stderr": "Traceback (most recent call last):\n  File \"/tmp/tmpn7wvijdk.py\", line 16, in <module>\n    test_check()\n  File \"/tmp/tmpn7wvijdk.py\", line 14, in test_check\n    check(text_starta_endb)\n  File \"/tmp/tmpn7wvijdk.py\", line 9, in check\n    assert candidate('aabbbb') == True\n  File \"/tmp/tmpn7wvijdk.py\", line 5, in text_starta_endb\n    return re.match(r\"a.*b$\", text) is not None\nNameError: name 're' is not defined\n",
      "exit_code": 1,
      "status": "Exception"
    },
    {
      "program": "def text_starta_endb(text: str) -> bool:\n    \"\"\"\n\tWrite a function that matches a string that has an 'a' followed by anything, ending in 'b'.\n\t\"\"\"\n    return bool(re.search(r\"a.*b\", text))\n\n\ndef check(candidate):\n    assert candidate('aabbbb') == True\n    assert candidate('aabAbbbc') == False\n    assert candidate('accddbbjjj') == False\n\ndef test_check():\n    check(text_starta_endb)\n\ntest_check()\n",
      "timestamp": 1665510124,
      "stdout": "",
      "stderr": "Traceback (most recent call last):\n  File \"/tmp/tmpc4pq6u7v.py\", line 16, in <module>\n    test_check()\n  File \"/tmp/tmpc4pq6u7v.py\", line 14, in test_check\n    check(text_starta_endb)\n  File \"/tmp/tmpc4pq6u7v.py\", line 9, in check\n    assert candidate('aabbbb') == True\n  File \"/tmp/tmpc4pq6u7v.py\", line 5, in text_starta_endb\n    return bool(re.search(r\"a.*b\", text))\nNameError: name 're' is not defined\n",
      "exit_code": 1,
      "status": "Exception"
    },
    {
      "program": "def text_starta_endb(text: str) -> bool:\n    \"\"\"\n\tWrite a function that matches a string that has an 'a' followed by anything, ending in 'b'.\n\t\"\"\"\n    return bool(re.match(r'a.+b$', text))\n\n\ndef check(candidate):\n    assert candidate('aabbbb') == True\n    assert candidate('aabAbbbc') == False\n    assert candidate('accddbbjjj') == False\n\ndef test_check():\n    check(text_starta_endb)\n\ntest_check()\n",
      "timestamp": 1666122914,
      "stdout": "",
      "stderr": "Traceback (most recent call last):\n  File \"/tmp/tmpaxdlfz6j.py\", line 16, in <module>\n    test_check()\n  File \"/tmp/tmpaxdlfz6j.py\", line 14, in test_check\n    check(text_starta_endb)\n  File \"/tmp/tmpaxdlfz6j.py\", line 9, in check\n    assert candidate('aabbbb') == True\n  File \"/tmp/tmpaxdlfz6j.py\", line 5, in text_starta_endb\n    return bool(re.match(r'a.+b$', text))\nNameError: name 're' is not defined\n",
      "exit_code": 1,
      "status": "Exception"
    },
    {
      "program": "def text_starta_endb(text: str) -> bool:\n    \"\"\"\n\tWrite a function that matches a string that has an 'a' followed by anything, ending in 'b'.\n\t\"\"\"\n    return re.search(r\"a.*b\", text) is not None\n\n\ndef check(candidate):\n    assert candidate('aabbbb') == True\n    assert candidate('aabAbbbc') == False\n    assert candidate('accddbbjjj') == False\n\ndef test_check():\n    check(text_starta_endb)\n\ntest_check()\n",
      "timestamp": 1666122914,
      "stdout": "",
      "stderr": "Traceback (most recent call last):\n  File \"/tmp/tmpkl97pd0e.py\", line 16, in <module>\n    test_check()\n  File \"/tmp/tmpkl97pd0e.py\", line 14, in test_check\n    check(text_starta_endb)\n  File \"/tmp/tmpkl97pd0e.py\", line 9, in check\n    assert candidate('aabbbb') == True\n  File \"/tmp/tmpkl97pd0e.py\", line 5, in text_starta_endb\n    return re.search(r\"a.*b\", text) is not None\nNameError: name 're' is not defined\n",
      "exit_code": 1,
      "status": "Exception"
    },
    {
      "program": "def text_starta_endb(text: str) -> bool:\n    \"\"\"\n\tWrite a function that matches a string that has an 'a' followed by anything, ending in 'b'.\n\t\"\"\"\n    return bool(re.match(r\"a.*b$\", text))\n\n\ndef check(candidate):\n    assert candidate('aabbbb') == True\n    assert candidate('aabAbbbc') == False\n    assert candidate('accddbbjjj') == False\n\ndef test_check():\n    check(text_starta_endb)\n\ntest_check()\n",
      "timestamp": 1665510124,
      "stdout": "",
      "stderr": "Traceback (most recent call last):\n  File \"/tmp/tmpl1laon6c.py\", line 16, in <module>\n    test_check()\n  File \"/tmp/tmpl1laon6c.py\", line 14, in test_check\n    check(text_starta_endb)\n  File \"/tmp/tmpl1laon6c.py\", line 9, in check\n    assert candidate('aabbbb') == True\n  File \"/tmp/tmpl1laon6c.py\", line 5, in text_starta_endb\n    return bool(re.match(r\"a.*b$\", text))\nNameError: name 're' is not defined\n",
      "exit_code": 1,
      "status": "Exception"
    },
    {
      "program": "def text_starta_endb(text: str) -> bool:\n    \"\"\"\n\tWrite a function that matches a string that has an 'a' followed by anything, ending in 'b'.\n\t\"\"\"\n    return re.search(r\"a.*b$\", text) is not None\n\n\ndef check(candidate):\n    assert candidate('aabbbb') == True\n    assert candidate('aabAbbbc') == False\n    assert candidate('accddbbjjj') == False\n\ndef test_check():\n    check(text_starta_endb)\n\ntest_check()\n",
      "timestamp": 1665510124,
      "stdout": "",
      "stderr": "Traceback (most recent call last):\n  File \"/tmp/tmppmkuwaqc.py\", line 16, in <module>\n    test_check()\n  File \"/tmp/tmppmkuwaqc.py\", line 14, in test_check\n    check(text_starta_endb)\n  File \"/tmp/tmppmkuwaqc.py\", line 9, in check\n    assert candidate('aabbbb') == True\n  File \"/tmp/tmppmkuwaqc.py\", line 5, in text_starta_endb\n    return re.search(r\"a.*b$\", text) is not None\nNameError: name 're' is not defined\n",
      "exit_code": 1,
      "status": "Exception"
    },
    {
      "program": "def text_starta_endb(text: str) -> bool:\n    \"\"\"\n\tWrite a function that matches a string that has an 'a' followed by anything, ending in 'b'.\n\t\"\"\"\n    return bool(re.match(r\"a.*b$\", text))\n\n\ndef check(candidate):\n    assert candidate('aabbbb') == True\n    assert candidate('aabAbbbc') == False\n    assert candidate('accddbbjjj') == False\n\ndef test_check():\n    check(text_starta_endb)\n\ntest_check()\n",
      "timestamp": 1665510124,
      "stdout": "",
      "stderr": "Traceback (most recent call last):\n  File \"/tmp/tmpl1laon6c.py\", line 16, in <module>\n    test_check()\n  File \"/tmp/tmpl1laon6c.py\", line 14, in test_check\n    check(text_starta_endb)\n  File \"/tmp/tmpl1laon6c.py\", line 9, in check\n    assert candidate('aabbbb') == True\n  File \"/tmp/tmpl1laon6c.py\", line 5, in text_starta_endb\n    return bool(re.match(r\"a.*b$\", text))\nNameError: name 're' is not defined\n",
      "exit_code": 1,
      "status": "Exception"
    },
    {
      "program": "def text_starta_endb(text: str) -> bool:\n    \"\"\"\n\tWrite a function that matches a string that has an 'a' followed by anything, ending in 'b'.\n\t\"\"\"\n    return re.match(r\"a.*b$\", text) is not None\n\n\ndef check(candidate):\n    assert candidate('aabbbb') == True\n    assert candidate('aabAbbbc') == False\n    assert candidate('accddbbjjj') == False\n\ndef test_check():\n    check(text_starta_endb)\n\ntest_check()\n",
      "timestamp": 1665510124,
      "stdout": "",
      "stderr": "Traceback (most recent call last):\n  File \"/tmp/tmpn7wvijdk.py\", line 16, in <module>\n    test_check()\n  File \"/tmp/tmpn7wvijdk.py\", line 14, in test_check\n    check(text_starta_endb)\n  File \"/tmp/tmpn7wvijdk.py\", line 9, in check\n    assert candidate('aabbbb') == True\n  File \"/tmp/tmpn7wvijdk.py\", line 5, in text_starta_endb\n    return re.match(r\"a.*b$\", text) is not None\nNameError: name 're' is not defined\n",
      "exit_code": 1,
      "status": "Exception"
    },
    {
      "program": "def text_starta_endb(text: str) -> bool:\n    \"\"\"\n\tWrite a function that matches a string that has an 'a' followed by anything, ending in 'b'.\n\t\"\"\"\n    return bool(re.match(r'^a.*b$', text))\n\n\ndef check(candidate):\n    assert candidate('aabbbb') == True\n    assert candidate('aabAbbbc') == False\n    assert candidate('accddbbjjj') == False\n\ndef test_check():\n    check(text_starta_endb)\n\ntest_check()\n",
      "timestamp": 1666122914,
      "stdout": "",
      "stderr": "Traceback (most recent call last):\n  File \"/tmp/tmpjgls9p0c.py\", line 16, in <module>\n    test_check()\n  File \"/tmp/tmpjgls9p0c.py\", line 14, in test_check\n    check(text_starta_endb)\n  File \"/tmp/tmpjgls9p0c.py\", line 9, in check\n    assert candidate('aabbbb') == True\n  File \"/tmp/tmpjgls9p0c.py\", line 5, in text_starta_endb\n    return bool(re.match(r'^a.*b$', text))\nNameError: name 're' is not defined\n",
      "exit_code": 1,
      "status": "Exception"
    },
    {
      "program": "def text_starta_endb(text: str) -> bool:\n    \"\"\"\n\tWrite a function that matches a string that has an 'a' followed by anything, ending in 'b'.\n\t\"\"\"\n    return bool(re.match(r'^a.*b$', text))\n\n\ndef check(candidate):\n    assert candidate('aabbbb') == True\n    assert candidate('aabAbbbc') == False\n    assert candidate('accddbbjjj') == False\n\ndef test_check():\n    check(text_starta_endb)\n\ntest_check()\n",
      "timestamp": 1666122914,
      "stdout": "",
      "stderr": "Traceback (most recent call last):\n  File \"/tmp/tmpjgls9p0c.py\", line 16, in <module>\n    test_check()\n  File \"/tmp/tmpjgls9p0c.py\", line 14, in test_check\n    check(text_starta_endb)\n  File \"/tmp/tmpjgls9p0c.py\", line 9, in check\n    assert candidate('aabbbb') == True\n  File \"/tmp/tmpjgls9p0c.py\", line 5, in text_starta_endb\n    return bool(re.match(r'^a.*b$', text))\nNameError: name 're' is not defined\n",
      "exit_code": 1,
      "status": "Exception"
    },
    {
      "program": "def text_starta_endb(text: str) -> bool:\n    \"\"\"\n\tWrite a function that matches a string that has an 'a' followed by anything, ending in 'b'.\n\t\"\"\"\n    return re.search(r\"a.*b\", text) is not None\n\n\ndef check(candidate):\n    assert candidate('aabbbb') == True\n    assert candidate('aabAbbbc') == False\n    assert candidate('accddbbjjj') == False\n\ndef test_check():\n    check(text_starta_endb)\n\ntest_check()\n",
      "timestamp": 1666122914,
      "stdout": "",
      "stderr": "Traceback (most recent call last):\n  File \"/tmp/tmpkl97pd0e.py\", line 16, in <module>\n    test_check()\n  File \"/tmp/tmpkl97pd0e.py\", line 14, in test_check\n    check(text_starta_endb)\n  File \"/tmp/tmpkl97pd0e.py\", line 9, in check\n    assert candidate('aabbbb') == True\n  File \"/tmp/tmpkl97pd0e.py\", line 5, in text_starta_endb\n    return re.search(r\"a.*b\", text) is not None\nNameError: name 're' is not defined\n",
      "exit_code": 1,
      "status": "Exception"
    },
    {
      "program": "def text_starta_endb(text: str) -> bool:\n    \"\"\"\n\tWrite a function that matches a string that has an 'a' followed by anything, ending in 'b'.\n\t\"\"\"\n    return re.search(r\"a.+b$\", text) is not None\n\n\ndef check(candidate):\n    assert candidate('aabbbb') == True\n    assert candidate('aabAbbbc') == False\n    assert candidate('accddbbjjj') == False\n\ndef test_check():\n    check(text_starta_endb)\n\ntest_check()\n",
      "timestamp": 1666122914,
      "stdout": "",
      "stderr": "Traceback (most recent call last):\n  File \"/tmp/tmpiz1om8cc.py\", line 16, in <module>\n    test_check()\n  File \"/tmp/tmpiz1om8cc.py\", line 14, in test_check\n    check(text_starta_endb)\n  File \"/tmp/tmpiz1om8cc.py\", line 9, in check\n    assert candidate('aabbbb') == True\n  File \"/tmp/tmpiz1om8cc.py\", line 5, in text_starta_endb\n    return re.search(r\"a.+b$\", text) is not None\nNameError: name 're' is not defined\n",
      "exit_code": 1,
      "status": "Exception"
    },
    {
      "program": "def text_starta_endb(text: str) -> bool:\n    \"\"\"\n\tWrite a function that matches a string that has an 'a' followed by anything, ending in 'b'.\n\t\"\"\"\n    return re.match(r\"a.*b$\", text) is not None\n\n\ndef check(candidate):\n    assert candidate('aabbbb') == True\n    assert candidate('aabAbbbc') == False\n    assert candidate('accddbbjjj') == False\n\ndef test_check():\n    check(text_starta_endb)\n\ntest_check()\n",
      "timestamp": 1665510124,
      "stdout": "",
      "stderr": "Traceback (most recent call last):\n  File \"/tmp/tmpn7wvijdk.py\", line 16, in <module>\n    test_check()\n  File \"/tmp/tmpn7wvijdk.py\", line 14, in test_check\n    check(text_starta_endb)\n  File \"/tmp/tmpn7wvijdk.py\", line 9, in check\n    assert candidate('aabbbb') == True\n  File \"/tmp/tmpn7wvijdk.py\", line 5, in text_starta_endb\n    return re.match(r\"a.*b$\", text) is not None\nNameError: name 're' is not defined\n",
      "exit_code": 1,
      "status": "Exception"
    },
    {
      "program": "def text_starta_endb(text: str) -> bool:\n    \"\"\"\n\tWrite a function that matches a string that has an 'a' followed by anything, ending in 'b'.\n\t\"\"\"\n    return bool(re.search(r\"a.*b\", text))\n\n\ndef check(candidate):\n    assert candidate('aabbbb') == True\n    assert candidate('aabAbbbc') == False\n    assert candidate('accddbbjjj') == False\n\ndef test_check():\n    check(text_starta_endb)\n\ntest_check()\n",
      "timestamp": 1665510124,
      "stdout": "",
      "stderr": "Traceback (most recent call last):\n  File \"/tmp/tmpc4pq6u7v.py\", line 16, in <module>\n    test_check()\n  File \"/tmp/tmpc4pq6u7v.py\", line 14, in test_check\n    check(text_starta_endb)\n  File \"/tmp/tmpc4pq6u7v.py\", line 9, in check\n    assert candidate('aabbbb') == True\n  File \"/tmp/tmpc4pq6u7v.py\", line 5, in text_starta_endb\n    return bool(re.search(r\"a.*b\", text))\nNameError: name 're' is not defined\n",
      "exit_code": 1,
      "status": "Exception"
    },
    {
      "program": "def text_starta_endb(text: str) -> bool:\n    \"\"\"\n\tWrite a function that matches a string that has an 'a' followed by anything, ending in 'b'.\n\t\"\"\"\n    return re.search(r\"a.*b$\", text) is not None\n\n\ndef check(candidate):\n    assert candidate('aabbbb') == True\n    assert candidate('aabAbbbc') == False\n    assert candidate('accddbbjjj') == False\n\ndef test_check():\n    check(text_starta_endb)\n\ntest_check()\n",
      "timestamp": 1665510124,
      "stdout": "",
      "stderr": "Traceback (most recent call last):\n  File \"/tmp/tmppmkuwaqc.py\", line 16, in <module>\n    test_check()\n  File \"/tmp/tmppmkuwaqc.py\", line 14, in test_check\n    check(text_starta_endb)\n  File \"/tmp/tmppmkuwaqc.py\", line 9, in check\n    assert candidate('aabbbb') == True\n  File \"/tmp/tmppmkuwaqc.py\", line 5, in text_starta_endb\n    return re.search(r\"a.*b$\", text) is not None\nNameError: name 're' is not defined\n",
      "exit_code": 1,
      "status": "Exception"
    },
    {
      "program": "def text_starta_endb(text: str) -> bool:\n    \"\"\"\n\tWrite a function that matches a string that has an 'a' followed by anything, ending in 'b'.\n\t\"\"\"\n    return re.search(r\"a.*b$\", text) is not None\n\n\ndef check(candidate):\n    assert candidate('aabbbb') == True\n    assert candidate('aabAbbbc') == False\n    assert candidate('accddbbjjj') == False\n\ndef test_check():\n    check(text_starta_endb)\n\ntest_check()\n",
      "timestamp": 1665510124,
      "stdout": "",
      "stderr": "Traceback (most recent call last):\n  File \"/tmp/tmppmkuwaqc.py\", line 16, in <module>\n    test_check()\n  File \"/tmp/tmppmkuwaqc.py\", line 14, in test_check\n    check(text_starta_endb)\n  File \"/tmp/tmppmkuwaqc.py\", line 9, in check\n    assert candidate('aabbbb') == True\n  File \"/tmp/tmppmkuwaqc.py\", line 5, in text_starta_endb\n    return re.search(r\"a.*b$\", text) is not None\nNameError: name 're' is not defined\n",
      "exit_code": 1,
      "status": "Exception"
    },
    {
      "program": "def text_starta_endb(text: str) -> bool:\n    \"\"\"\n\tWrite a function that matches a string that has an 'a' followed by anything, ending in 'b'.\n\t\"\"\"\n    return bool(re.match(r'^a.*b$', text))\n\n\ndef check(candidate):\n    assert candidate('aabbbb') == True\n    assert candidate('aabAbbbc') == False\n    assert candidate('accddbbjjj') == False\n\ndef test_check():\n    check(text_starta_endb)\n\ntest_check()\n",
      "timestamp": 1666122914,
      "stdout": "",
      "stderr": "Traceback (most recent call last):\n  File \"/tmp/tmpjgls9p0c.py\", line 16, in <module>\n    test_check()\n  File \"/tmp/tmpjgls9p0c.py\", line 14, in test_check\n    check(text_starta_endb)\n  File \"/tmp/tmpjgls9p0c.py\", line 9, in check\n    assert candidate('aabbbb') == True\n  File \"/tmp/tmpjgls9p0c.py\", line 5, in text_starta_endb\n    return bool(re.match(r'^a.*b$', text))\nNameError: name 're' is not defined\n",
      "exit_code": 1,
      "status": "Exception"
    },
    {
      "program": "def text_starta_endb(text: str) -> bool:\n    \"\"\"\n\tWrite a function that matches a string that has an 'a' followed by anything, ending in 'b'.\n\t\"\"\"\n    return re.match(r\"a.*b$\", text)\n\n\ndef check(candidate):\n    assert candidate('aabbbb') == True\n    assert candidate('aabAbbbc') == False\n    assert candidate('accddbbjjj') == False\n\ndef test_check():\n    check(text_starta_endb)\n\ntest_check()\n",
      "timestamp": 1665510124,
      "stdout": "",
      "stderr": "Traceback (most recent call last):\n  File \"/tmp/tmpnpnrtya_.py\", line 16, in <module>\n    test_check()\n  File \"/tmp/tmpnpnrtya_.py\", line 14, in test_check\n    check(text_starta_endb)\n  File \"/tmp/tmpnpnrtya_.py\", line 9, in check\n    assert candidate('aabbbb') == True\n  File \"/tmp/tmpnpnrtya_.py\", line 5, in text_starta_endb\n    return re.match(r\"a.*b$\", text)\nNameError: name 're' is not defined\n",
      "exit_code": 1,
      "status": "Exception"
    },
    {
      "program": "def text_starta_endb(text: str) -> bool:\n    \"\"\"\n\tWrite a function that matches a string that has an 'a' followed by anything, ending in 'b'.\n\t\"\"\"\n    return bool(re.search(r\"a.*b\", text))\n\n\ndef check(candidate):\n    assert candidate('aabbbb') == True\n    assert candidate('aabAbbbc') == False\n    assert candidate('accddbbjjj') == False\n\ndef test_check():\n    check(text_starta_endb)\n\ntest_check()\n",
      "timestamp": 1665510124,
      "stdout": "",
      "stderr": "Traceback (most recent call last):\n  File \"/tmp/tmpc4pq6u7v.py\", line 16, in <module>\n    test_check()\n  File \"/tmp/tmpc4pq6u7v.py\", line 14, in test_check\n    check(text_starta_endb)\n  File \"/tmp/tmpc4pq6u7v.py\", line 9, in check\n    assert candidate('aabbbb') == True\n  File \"/tmp/tmpc4pq6u7v.py\", line 5, in text_starta_endb\n    return bool(re.search(r\"a.*b\", text))\nNameError: name 're' is not defined\n",
      "exit_code": 1,
      "status": "Exception"
    },
    {
      "program": "def text_starta_endb(text: str) -> bool:\n    \"\"\"\n\tWrite a function that matches a string that has an 'a' followed by anything, ending in 'b'.\n\t\"\"\"\n    return re.match(r\"a.*b$\", text) is not None\n\n\ndef check(candidate):\n    assert candidate('aabbbb') == True\n    assert candidate('aabAbbbc') == False\n    assert candidate('accddbbjjj') == False\n\ndef test_check():\n    check(text_starta_endb)\n\ntest_check()\n",
      "timestamp": 1665510124,
      "stdout": "",
      "stderr": "Traceback (most recent call last):\n  File \"/tmp/tmpn7wvijdk.py\", line 16, in <module>\n    test_check()\n  File \"/tmp/tmpn7wvijdk.py\", line 14, in test_check\n    check(text_starta_endb)\n  File \"/tmp/tmpn7wvijdk.py\", line 9, in check\n    assert candidate('aabbbb') == True\n  File \"/tmp/tmpn7wvijdk.py\", line 5, in text_starta_endb\n    return re.match(r\"a.*b$\", text) is not None\nNameError: name 're' is not defined\n",
      "exit_code": 1,
      "status": "Exception"
    },
    {
      "program": "def text_starta_endb(text: str) -> bool:\n    \"\"\"\n\tWrite a function that matches a string that has an 'a' followed by anything, ending in 'b'.\n\t\"\"\"\n    return re.match(r\"a.*b$\", text)\n\n\ndef check(candidate):\n    assert candidate('aabbbb') == True\n    assert candidate('aabAbbbc') == False\n    assert candidate('accddbbjjj') == False\n\ndef test_check():\n    check(text_starta_endb)\n\ntest_check()\n",
      "timestamp": 1665510124,
      "stdout": "",
      "stderr": "Traceback (most recent call last):\n  File \"/tmp/tmpnpnrtya_.py\", line 16, in <module>\n    test_check()\n  File \"/tmp/tmpnpnrtya_.py\", line 14, in test_check\n    check(text_starta_endb)\n  File \"/tmp/tmpnpnrtya_.py\", line 9, in check\n    assert candidate('aabbbb') == True\n  File \"/tmp/tmpnpnrtya_.py\", line 5, in text_starta_endb\n    return re.match(r\"a.*b$\", text)\nNameError: name 're' is not defined\n",
      "exit_code": 1,
      "status": "Exception"
    },
    {
      "program": "def text_starta_endb(text: str) -> bool:\n    \"\"\"\n\tWrite a function that matches a string that has an 'a' followed by anything, ending in 'b'.\n\t\"\"\"\n    return re.search(r\"a.*b$\", text) is not None\n\n\ndef check(candidate):\n    assert candidate('aabbbb') == True\n    assert candidate('aabAbbbc') == False\n    assert candidate('accddbbjjj') == False\n\ndef test_check():\n    check(text_starta_endb)\n\ntest_check()\n",
      "timestamp": 1665510124,
      "stdout": "",
      "stderr": "Traceback (most recent call last):\n  File \"/tmp/tmppmkuwaqc.py\", line 16, in <module>\n    test_check()\n  File \"/tmp/tmppmkuwaqc.py\", line 14, in test_check\n    check(text_starta_endb)\n  File \"/tmp/tmppmkuwaqc.py\", line 9, in check\n    assert candidate('aabbbb') == True\n  File \"/tmp/tmppmkuwaqc.py\", line 5, in text_starta_endb\n    return re.search(r\"a.*b$\", text) is not None\nNameError: name 're' is not defined\n",
      "exit_code": 1,
      "status": "Exception"
    },
    {
      "program": "def text_starta_endb(text: str) -> bool:\n    \"\"\"\n\tWrite a function that matches a string that has an 'a' followed by anything, ending in 'b'.\n\t\"\"\"\n    return re.search(r'a.*b', text) is not None\n\n\ndef check(candidate):\n    assert candidate('aabbbb') == True\n    assert candidate('aabAbbbc') == False\n    assert candidate('accddbbjjj') == False\n\ndef test_check():\n    check(text_starta_endb)\n\ntest_check()\n",
      "timestamp": 1666122914,
      "stdout": "",
      "stderr": "Traceback (most recent call last):\n  File \"/tmp/tmpr9d3w0gx.py\", line 16, in <module>\n    test_check()\n  File \"/tmp/tmpr9d3w0gx.py\", line 14, in test_check\n    check(text_starta_endb)\n  File \"/tmp/tmpr9d3w0gx.py\", line 9, in check\n    assert candidate('aabbbb') == True\n  File \"/tmp/tmpr9d3w0gx.py\", line 5, in text_starta_endb\n    return re.search(r'a.*b', text) is not None\nNameError: name 're' is not defined\n",
      "exit_code": 1,
      "status": "Exception"
    },
    {
      "program": "def text_starta_endb(text: str) -> bool:\n    \"\"\"\n\tWrite a function that matches a string that has an 'a' followed by anything, ending in 'b'.\n\t\"\"\"\n    return bool(re.match(r\"a.*b$\", text))\n\n\ndef check(candidate):\n    assert candidate('aabbbb') == True\n    assert candidate('aabAbbbc') == False\n    assert candidate('accddbbjjj') == False\n\ndef test_check():\n    check(text_starta_endb)\n\ntest_check()\n",
      "timestamp": 1665510124,
      "stdout": "",
      "stderr": "Traceback (most recent call last):\n  File \"/tmp/tmpl1laon6c.py\", line 16, in <module>\n    test_check()\n  File \"/tmp/tmpl1laon6c.py\", line 14, in test_check\n    check(text_starta_endb)\n  File \"/tmp/tmpl1laon6c.py\", line 9, in check\n    assert candidate('aabbbb') == True\n  File \"/tmp/tmpl1laon6c.py\", line 5, in text_starta_endb\n    return bool(re.match(r\"a.*b$\", text))\nNameError: name 're' is not defined\n",
      "exit_code": 1,
      "status": "Exception"
    },
    {
      "program": "def text_starta_endb(text: str) -> bool:\n    \"\"\"\n\tWrite a function that matches a string that has an 'a' followed by anything, ending in 'b'.\n\t\"\"\"\n    return re.search(r\"a.*b$\", text) is not None\n\n\ndef check(candidate):\n    assert candidate('aabbbb') == True\n    assert candidate('aabAbbbc') == False\n    assert candidate('accddbbjjj') == False\n\ndef test_check():\n    check(text_starta_endb)\n\ntest_check()\n",
      "timestamp": 1665510124,
      "stdout": "",
      "stderr": "Traceback (most recent call last):\n  File \"/tmp/tmppmkuwaqc.py\", line 16, in <module>\n    test_check()\n  File \"/tmp/tmppmkuwaqc.py\", line 14, in test_check\n    check(text_starta_endb)\n  File \"/tmp/tmppmkuwaqc.py\", line 9, in check\n    assert candidate('aabbbb') == True\n  File \"/tmp/tmppmkuwaqc.py\", line 5, in text_starta_endb\n    return re.search(r\"a.*b$\", text) is not None\nNameError: name 're' is not defined\n",
      "exit_code": 1,
      "status": "Exception"
    },
    {
      "program": "def text_starta_endb(text: str) -> bool:\n    \"\"\"\n\tWrite a function that matches a string that has an 'a' followed by anything, ending in 'b'.\n\t\"\"\"\n    return bool(re.match(r\"a.*b$\", text))\n\n\ndef check(candidate):\n    assert candidate('aabbbb') == True\n    assert candidate('aabAbbbc') == False\n    assert candidate('accddbbjjj') == False\n\ndef test_check():\n    check(text_starta_endb)\n\ntest_check()\n",
      "timestamp": 1665510124,
      "stdout": "",
      "stderr": "Traceback (most recent call last):\n  File \"/tmp/tmpl1laon6c.py\", line 16, in <module>\n    test_check()\n  File \"/tmp/tmpl1laon6c.py\", line 14, in test_check\n    check(text_starta_endb)\n  File \"/tmp/tmpl1laon6c.py\", line 9, in check\n    assert candidate('aabbbb') == True\n  File \"/tmp/tmpl1laon6c.py\", line 5, in text_starta_endb\n    return bool(re.match(r\"a.*b$\", text))\nNameError: name 're' is not defined\n",
      "exit_code": 1,
      "status": "Exception"
    },
    {
      "program": "def text_starta_endb(text: str) -> bool:\n    \"\"\"\n\tWrite a function that matches a string that has an 'a' followed by anything, ending in 'b'.\n\t\"\"\"\n    return bool(re.match(r\"a.*b$\", text))\n\n\ndef check(candidate):\n    assert candidate('aabbbb') == True\n    assert candidate('aabAbbbc') == False\n    assert candidate('accddbbjjj') == False\n\ndef test_check():\n    check(text_starta_endb)\n\ntest_check()\n",
      "timestamp": 1665510124,
      "stdout": "",
      "stderr": "Traceback (most recent call last):\n  File \"/tmp/tmpl1laon6c.py\", line 16, in <module>\n    test_check()\n  File \"/tmp/tmpl1laon6c.py\", line 14, in test_check\n    check(text_starta_endb)\n  File \"/tmp/tmpl1laon6c.py\", line 9, in check\n    assert candidate('aabbbb') == True\n  File \"/tmp/tmpl1laon6c.py\", line 5, in text_starta_endb\n    return bool(re.match(r\"a.*b$\", text))\nNameError: name 're' is not defined\n",
      "exit_code": 1,
      "status": "Exception"
    },
    {
      "program": "def text_starta_endb(text: str) -> bool:\n    \"\"\"\n\tWrite a function that matches a string that has an 'a' followed by anything, ending in 'b'.\n\t\"\"\"\n    return re.search(r\"a.*b$\", text) is not None\n\n\ndef check(candidate):\n    assert candidate('aabbbb') == True\n    assert candidate('aabAbbbc') == False\n    assert candidate('accddbbjjj') == False\n\ndef test_check():\n    check(text_starta_endb)\n\ntest_check()\n",
      "timestamp": 1665510124,
      "stdout": "",
      "stderr": "Traceback (most recent call last):\n  File \"/tmp/tmppmkuwaqc.py\", line 16, in <module>\n    test_check()\n  File \"/tmp/tmppmkuwaqc.py\", line 14, in test_check\n    check(text_starta_endb)\n  File \"/tmp/tmppmkuwaqc.py\", line 9, in check\n    assert candidate('aabbbb') == True\n  File \"/tmp/tmppmkuwaqc.py\", line 5, in text_starta_endb\n    return re.search(r\"a.*b$\", text) is not None\nNameError: name 're' is not defined\n",
      "exit_code": 1,
      "status": "Exception"
    },
    {
      "program": "def text_starta_endb(text: str) -> bool:\n    \"\"\"\n\tWrite a function that matches a string that has an 'a' followed by anything, ending in 'b'.\n\t\"\"\"\n    return re.search(r\"a.*b\", text)\n\n\ndef check(candidate):\n    assert candidate('aabbbb') == True\n    assert candidate('aabAbbbc') == False\n    assert candidate('accddbbjjj') == False\n\ndef test_check():\n    check(text_starta_endb)\n\ntest_check()\n",
      "timestamp": 1665510124,
      "stdout": "",
      "stderr": "Traceback (most recent call last):\n  File \"/tmp/tmpf___x6c5.py\", line 16, in <module>\n    test_check()\n  File \"/tmp/tmpf___x6c5.py\", line 14, in test_check\n    check(text_starta_endb)\n  File \"/tmp/tmpf___x6c5.py\", line 9, in check\n    assert candidate('aabbbb') == True\n  File \"/tmp/tmpf___x6c5.py\", line 5, in text_starta_endb\n    return re.search(r\"a.*b\", text)\nNameError: name 're' is not defined\n",
      "exit_code": 1,
      "status": "Exception"
    },
    {
      "program": "def text_starta_endb(text: str) -> bool:\n    \"\"\"\n\tWrite a function that matches a string that has an 'a' followed by anything, ending in 'b'.\n\t\"\"\"\n    return re.search(r\"a.*b$\", text) is not None\n\n\ndef check(candidate):\n    assert candidate('aabbbb') == True\n    assert candidate('aabAbbbc') == False\n    assert candidate('accddbbjjj') == False\n\ndef test_check():\n    check(text_starta_endb)\n\ntest_check()\n",
      "timestamp": 1665510124,
      "stdout": "",
      "stderr": "Traceback (most recent call last):\n  File \"/tmp/tmppmkuwaqc.py\", line 16, in <module>\n    test_check()\n  File \"/tmp/tmppmkuwaqc.py\", line 14, in test_check\n    check(text_starta_endb)\n  File \"/tmp/tmppmkuwaqc.py\", line 9, in check\n    assert candidate('aabbbb') == True\n  File \"/tmp/tmppmkuwaqc.py\", line 5, in text_starta_endb\n    return re.search(r\"a.*b$\", text) is not None\nNameError: name 're' is not defined\n",
      "exit_code": 1,
      "status": "Exception"
    },
    {
      "program": "def text_starta_endb(text: str) -> bool:\n    \"\"\"\n\tWrite a function that matches a string that has an 'a' followed by anything, ending in 'b'.\n\t\"\"\"\n    return re.search(r\"a.+b$\", text) is not None\n\n\ndef check(candidate):\n    assert candidate('aabbbb') == True\n    assert candidate('aabAbbbc') == False\n    assert candidate('accddbbjjj') == False\n\ndef test_check():\n    check(text_starta_endb)\n\ntest_check()\n",
      "timestamp": 1666122914,
      "stdout": "",
      "stderr": "Traceback (most recent call last):\n  File \"/tmp/tmpiz1om8cc.py\", line 16, in <module>\n    test_check()\n  File \"/tmp/tmpiz1om8cc.py\", line 14, in test_check\n    check(text_starta_endb)\n  File \"/tmp/tmpiz1om8cc.py\", line 9, in check\n    assert candidate('aabbbb') == True\n  File \"/tmp/tmpiz1om8cc.py\", line 5, in text_starta_endb\n    return re.search(r\"a.+b$\", text) is not None\nNameError: name 're' is not defined\n",
      "exit_code": 1,
      "status": "Exception"
    },
    {
      "program": "def text_starta_endb(text: str) -> bool:\n    \"\"\"\n\tWrite a function that matches a string that has an 'a' followed by anything, ending in 'b'.\n\t\"\"\"\n    return re.match(r'a.*b$', text) is not None\n\n\ndef check(candidate):\n    assert candidate('aabbbb') == True\n    assert candidate('aabAbbbc') == False\n    assert candidate('accddbbjjj') == False\n\ndef test_check():\n    check(text_starta_endb)\n\ntest_check()\n",
      "timestamp": 1666122914,
      "stdout": "",
      "stderr": "Traceback (most recent call last):\n  File \"/tmp/tmpzyawhrkf.py\", line 16, in <module>\n    test_check()\n  File \"/tmp/tmpzyawhrkf.py\", line 14, in test_check\n    check(text_starta_endb)\n  File \"/tmp/tmpzyawhrkf.py\", line 9, in check\n    assert candidate('aabbbb') == True\n  File \"/tmp/tmpzyawhrkf.py\", line 5, in text_starta_endb\n    return re.match(r'a.*b$', text) is not None\nNameError: name 're' is not defined\n",
      "exit_code": 1,
      "status": "Exception"
    },
    {
      "program": "def text_starta_endb(text: str) -> bool:\n    \"\"\"\n\tWrite a function that matches a string that has an 'a' followed by anything, ending in 'b'.\n\t\"\"\"\n    return bool(re.match(r\"a.*b$\", text))\n\n\ndef check(candidate):\n    assert candidate('aabbbb') == True\n    assert candidate('aabAbbbc') == False\n    assert candidate('accddbbjjj') == False\n\ndef test_check():\n    check(text_starta_endb)\n\ntest_check()\n",
      "timestamp": 1665510124,
      "stdout": "",
      "stderr": "Traceback (most recent call last):\n  File \"/tmp/tmpl1laon6c.py\", line 16, in <module>\n    test_check()\n  File \"/tmp/tmpl1laon6c.py\", line 14, in test_check\n    check(text_starta_endb)\n  File \"/tmp/tmpl1laon6c.py\", line 9, in check\n    assert candidate('aabbbb') == True\n  File \"/tmp/tmpl1laon6c.py\", line 5, in text_starta_endb\n    return bool(re.match(r\"a.*b$\", text))\nNameError: name 're' is not defined\n",
      "exit_code": 1,
      "status": "Exception"
    },
    {
      "program": "def text_starta_endb(text: str) -> bool:\n    \"\"\"\n\tWrite a function that matches a string that has an 'a' followed by anything, ending in 'b'.\n\t\"\"\"\n    return bool(re.match(r'a.*b$', text))\n\n\ndef check(candidate):\n    assert candidate('aabbbb') == True\n    assert candidate('aabAbbbc') == False\n    assert candidate('accddbbjjj') == False\n\ndef test_check():\n    check(text_starta_endb)\n\ntest_check()\n",
      "timestamp": 1665510124,
      "stdout": "",
      "stderr": "Traceback (most recent call last):\n  File \"/tmp/tmpynlpwku6.py\", line 16, in <module>\n    test_check()\n  File \"/tmp/tmpynlpwku6.py\", line 14, in test_check\n    check(text_starta_endb)\n  File \"/tmp/tmpynlpwku6.py\", line 9, in check\n    assert candidate('aabbbb') == True\n  File \"/tmp/tmpynlpwku6.py\", line 5, in text_starta_endb\n    return bool(re.match(r'a.*b$', text))\nNameError: name 're' is not defined\n",
      "exit_code": 1,
      "status": "Exception"
    },
    {
      "program": "def text_starta_endb(text: str) -> bool:\n    \"\"\"\n\tWrite a function that matches a string that has an 'a' followed by anything, ending in 'b'.\n\t\"\"\"\n    return bool(re.match(r\"a.*b$\", text))\n\n\ndef check(candidate):\n    assert candidate('aabbbb') == True\n    assert candidate('aabAbbbc') == False\n    assert candidate('accddbbjjj') == False\n\ndef test_check():\n    check(text_starta_endb)\n\ntest_check()\n",
      "timestamp": 1665510124,
      "stdout": "",
      "stderr": "Traceback (most recent call last):\n  File \"/tmp/tmpl1laon6c.py\", line 16, in <module>\n    test_check()\n  File \"/tmp/tmpl1laon6c.py\", line 14, in test_check\n    check(text_starta_endb)\n  File \"/tmp/tmpl1laon6c.py\", line 9, in check\n    assert candidate('aabbbb') == True\n  File \"/tmp/tmpl1laon6c.py\", line 5, in text_starta_endb\n    return bool(re.match(r\"a.*b$\", text))\nNameError: name 're' is not defined\n",
      "exit_code": 1,
      "status": "Exception"
    },
    {
      "program": "def text_starta_endb(text: str) -> bool:\n    \"\"\"\n\tWrite a function that matches a string that has an 'a' followed by anything, ending in 'b'.\n\t\"\"\"\n    return bool(re.match(r\"a.*b$\", text))\n\n\ndef check(candidate):\n    assert candidate('aabbbb') == True\n    assert candidate('aabAbbbc') == False\n    assert candidate('accddbbjjj') == False\n\ndef test_check():\n    check(text_starta_endb)\n\ntest_check()\n",
      "timestamp": 1665510124,
      "stdout": "",
      "stderr": "Traceback (most recent call last):\n  File \"/tmp/tmpl1laon6c.py\", line 16, in <module>\n    test_check()\n  File \"/tmp/tmpl1laon6c.py\", line 14, in test_check\n    check(text_starta_endb)\n  File \"/tmp/tmpl1laon6c.py\", line 9, in check\n    assert candidate('aabbbb') == True\n  File \"/tmp/tmpl1laon6c.py\", line 5, in text_starta_endb\n    return bool(re.match(r\"a.*b$\", text))\nNameError: name 're' is not defined\n",
      "exit_code": 1,
      "status": "Exception"
    },
    {
      "program": "def text_starta_endb(text: str) -> bool:\n    \"\"\"\n\tWrite a function that matches a string that has an 'a' followed by anything, ending in 'b'.\n\t\"\"\"\n    return re.search(r\"a.*b$\", text) is not None\n\n\ndef check(candidate):\n    assert candidate('aabbbb') == True\n    assert candidate('aabAbbbc') == False\n    assert candidate('accddbbjjj') == False\n\ndef test_check():\n    check(text_starta_endb)\n\ntest_check()\n",
      "timestamp": 1665510124,
      "stdout": "",
      "stderr": "Traceback (most recent call last):\n  File \"/tmp/tmppmkuwaqc.py\", line 16, in <module>\n    test_check()\n  File \"/tmp/tmppmkuwaqc.py\", line 14, in test_check\n    check(text_starta_endb)\n  File \"/tmp/tmppmkuwaqc.py\", line 9, in check\n    assert candidate('aabbbb') == True\n  File \"/tmp/tmppmkuwaqc.py\", line 5, in text_starta_endb\n    return re.search(r\"a.*b$\", text) is not None\nNameError: name 're' is not defined\n",
      "exit_code": 1,
      "status": "Exception"
    },
    {
      "program": "def text_starta_endb(text: str) -> bool:\n    \"\"\"\n\tWrite a function that matches a string that has an 'a' followed by anything, ending in 'b'.\n\t\"\"\"\n    return re.match(r\"a.*b$\", text) is not None\n\n\ndef check(candidate):\n    assert candidate('aabbbb') == True\n    assert candidate('aabAbbbc') == False\n    assert candidate('accddbbjjj') == False\n\ndef test_check():\n    check(text_starta_endb)\n\ntest_check()\n",
      "timestamp": 1665510124,
      "stdout": "",
      "stderr": "Traceback (most recent call last):\n  File \"/tmp/tmpn7wvijdk.py\", line 16, in <module>\n    test_check()\n  File \"/tmp/tmpn7wvijdk.py\", line 14, in test_check\n    check(text_starta_endb)\n  File \"/tmp/tmpn7wvijdk.py\", line 9, in check\n    assert candidate('aabbbb') == True\n  File \"/tmp/tmpn7wvijdk.py\", line 5, in text_starta_endb\n    return re.match(r\"a.*b$\", text) is not None\nNameError: name 're' is not defined\n",
      "exit_code": 1,
      "status": "Exception"
    },
    {
      "program": "def text_starta_endb(text: str) -> bool:\n    \"\"\"\n\tWrite a function that matches a string that has an 'a' followed by anything, ending in 'b'.\n\t\"\"\"\n    return bool(re.search(r\"a.*b$\", text))\n\n\ndef check(candidate):\n    assert candidate('aabbbb') == True\n    assert candidate('aabAbbbc') == False\n    assert candidate('accddbbjjj') == False\n\ndef test_check():\n    check(text_starta_endb)\n\ntest_check()\n",
      "timestamp": 1665510124,
      "stdout": "",
      "stderr": "Traceback (most recent call last):\n  File \"/tmp/tmp5i5yqgbt.py\", line 16, in <module>\n    test_check()\n  File \"/tmp/tmp5i5yqgbt.py\", line 14, in test_check\n    check(text_starta_endb)\n  File \"/tmp/tmp5i5yqgbt.py\", line 9, in check\n    assert candidate('aabbbb') == True\n  File \"/tmp/tmp5i5yqgbt.py\", line 5, in text_starta_endb\n    return bool(re.search(r\"a.*b$\", text))\nNameError: name 're' is not defined\n",
      "exit_code": 1,
      "status": "Exception"
    },
    {
      "program": "def text_starta_endb(text: str) -> bool:\n    \"\"\"\n\tWrite a function that matches a string that has an 'a' followed by anything, ending in 'b'.\n\t\"\"\"\n    return bool(re.match(r'a.*b$', text))\n\n\ndef check(candidate):\n    assert candidate('aabbbb') == True\n    assert candidate('aabAbbbc') == False\n    assert candidate('accddbbjjj') == False\n\ndef test_check():\n    check(text_starta_endb)\n\ntest_check()\n",
      "timestamp": 1665510124,
      "stdout": "",
      "stderr": "Traceback (most recent call last):\n  File \"/tmp/tmpynlpwku6.py\", line 16, in <module>\n    test_check()\n  File \"/tmp/tmpynlpwku6.py\", line 14, in test_check\n    check(text_starta_endb)\n  File \"/tmp/tmpynlpwku6.py\", line 9, in check\n    assert candidate('aabbbb') == True\n  File \"/tmp/tmpynlpwku6.py\", line 5, in text_starta_endb\n    return bool(re.match(r'a.*b$', text))\nNameError: name 're' is not defined\n",
      "exit_code": 1,
      "status": "Exception"
    },
    {
      "program": "def text_starta_endb(text: str) -> bool:\n    \"\"\"\n\tWrite a function that matches a string that has an 'a' followed by anything, ending in 'b'.\n\t\"\"\"\n    return re.match(r\"a.*b$\", text) is not None\n\n\ndef check(candidate):\n    assert candidate('aabbbb') == True\n    assert candidate('aabAbbbc') == False\n    assert candidate('accddbbjjj') == False\n\ndef test_check():\n    check(text_starta_endb)\n\ntest_check()\n",
      "timestamp": 1665510124,
      "stdout": "",
      "stderr": "Traceback (most recent call last):\n  File \"/tmp/tmpn7wvijdk.py\", line 16, in <module>\n    test_check()\n  File \"/tmp/tmpn7wvijdk.py\", line 14, in test_check\n    check(text_starta_endb)\n  File \"/tmp/tmpn7wvijdk.py\", line 9, in check\n    assert candidate('aabbbb') == True\n  File \"/tmp/tmpn7wvijdk.py\", line 5, in text_starta_endb\n    return re.match(r\"a.*b$\", text) is not None\nNameError: name 're' is not defined\n",
      "exit_code": 1,
      "status": "Exception"
    },
    {
      "program": "def text_starta_endb(text: str) -> bool:\n    \"\"\"\n\tWrite a function that matches a string that has an 'a' followed by anything, ending in 'b'.\n\t\"\"\"\n    return re.match(r\"a.*b$\", text) is not None\n\n\ndef check(candidate):\n    assert candidate('aabbbb') == True\n    assert candidate('aabAbbbc') == False\n    assert candidate('accddbbjjj') == False\n\ndef test_check():\n    check(text_starta_endb)\n\ntest_check()\n",
      "timestamp": 1665510124,
      "stdout": "",
      "stderr": "Traceback (most recent call last):\n  File \"/tmp/tmpn7wvijdk.py\", line 16, in <module>\n    test_check()\n  File \"/tmp/tmpn7wvijdk.py\", line 14, in test_check\n    check(text_starta_endb)\n  File \"/tmp/tmpn7wvijdk.py\", line 9, in check\n    assert candidate('aabbbb') == True\n  File \"/tmp/tmpn7wvijdk.py\", line 5, in text_starta_endb\n    return re.match(r\"a.*b$\", text) is not None\nNameError: name 're' is not defined\n",
      "exit_code": 1,
      "status": "Exception"
    },
    {
      "program": "def text_starta_endb(text: str) -> bool:\n    \"\"\"\n\tWrite a function that matches a string that has an 'a' followed by anything, ending in 'b'.\n\t\"\"\"\n    return bool(re.search(r\"a.+b\", text))\n\n\ndef check(candidate):\n    assert candidate('aabbbb') == True\n    assert candidate('aabAbbbc') == False\n    assert candidate('accddbbjjj') == False\n\ndef test_check():\n    check(text_starta_endb)\n\ntest_check()\n",
      "timestamp": 1666122914,
      "stdout": "",
      "stderr": "Traceback (most recent call last):\n  File \"/tmp/tmpcfivwvcv.py\", line 16, in <module>\n    test_check()\n  File \"/tmp/tmpcfivwvcv.py\", line 14, in test_check\n    check(text_starta_endb)\n  File \"/tmp/tmpcfivwvcv.py\", line 9, in check\n    assert candidate('aabbbb') == True\n  File \"/tmp/tmpcfivwvcv.py\", line 5, in text_starta_endb\n    return bool(re.search(r\"a.+b\", text))\nNameError: name 're' is not defined\n",
      "exit_code": 1,
      "status": "Exception"
    },
    {
      "program": "def text_starta_endb(text: str) -> bool:\n    \"\"\"\n\tWrite a function that matches a string that has an 'a' followed by anything, ending in 'b'.\n\t\"\"\"\n    return re.search(r\"a.*b$\", text)\n\n\ndef check(candidate):\n    assert candidate('aabbbb') == True\n    assert candidate('aabAbbbc') == False\n    assert candidate('accddbbjjj') == False\n\ndef test_check():\n    check(text_starta_endb)\n\ntest_check()\n",
      "timestamp": 1666122914,
      "stdout": "",
      "stderr": "Traceback (most recent call last):\n  File \"/tmp/tmpu6udp_mr.py\", line 16, in <module>\n    test_check()\n  File \"/tmp/tmpu6udp_mr.py\", line 14, in test_check\n    check(text_starta_endb)\n  File \"/tmp/tmpu6udp_mr.py\", line 9, in check\n    assert candidate('aabbbb') == True\n  File \"/tmp/tmpu6udp_mr.py\", line 5, in text_starta_endb\n    return re.search(r\"a.*b$\", text)\nNameError: name 're' is not defined\n",
      "exit_code": 1,
      "status": "Exception"
    }
  ]
}