{
  "name": "mbpp_592_sum_Of_product",
  "language": "py",
  "prompt": "def sum_Of_product(n: int) -> int:\n    \"\"\"\n\tWrite a python function to find the sum of the product of consecutive binomial co-efficients.\n\t\"\"\"\n",
  "doctests": "transform",
  "original": "/home/arjun/repos/MultiPL-E/datasets/../datasets/mbpp-typed/mbpp_592_sum_Of_product.py",
  "prompt_terminology": "reworded",
  "tests": "def check(candidate):\n    assert candidate(3) == 15\n    assert candidate(4) == 56\n    assert candidate(1) == 1\n\ndef test_check():\n    check(sum_Of_product)\n\ntest_check()\n",
  "stop_tokens": [
    "\ndef",
    "\n#",
    "\nif",
    "\nclass"
  ],
  "results": [
    {
      "program": "def sum_Of_product(n: int) -> int:\n    \"\"\"\n\tWrite a python function to find the sum of the product of consecutive binomial co-efficients.\n\t\"\"\"\n    sum = 0\n    for i in range(1, n + 1):\n        sum += binomial_coefficient(n, i) * binomial_coefficient(n, i + 1)\n    return sum\n\n\ndef check(candidate):\n    assert candidate(3) == 15\n    assert candidate(4) == 56\n    assert candidate(1) == 1\n\ndef test_check():\n    check(sum_Of_product)\n\ntest_check()\n",
      "timestamp": 1665510313,
      "stdout": "",
      "stderr": "Traceback (most recent call last):\n  File \"/tmp/tmp28x5smfj.py\", line 19, in <module>\n    test_check()\n  File \"/tmp/tmp28x5smfj.py\", line 17, in test_check\n    check(sum_Of_product)\n  File \"/tmp/tmp28x5smfj.py\", line 12, in check\n    assert candidate(3) == 15\n  File \"/tmp/tmp28x5smfj.py\", line 7, in sum_Of_product\n    sum += binomial_coefficient(n, i) * binomial_coefficient(n, i + 1)\nNameError: name 'binomial_coefficient' is not defined\n",
      "exit_code": 1,
      "status": "Exception"
    },
    {
      "program": "def sum_Of_product(n: int) -> int:\n    \"\"\"\n\tWrite a python function to find the sum of the product of consecutive binomial co-efficients.\n\t\"\"\"\n    sum = 0\n    for i in range(1, n + 1):\n        sum += binomial_coefficient(n, i) * i\n    return sum\n\n\ndef check(candidate):\n    assert candidate(3) == 15\n    assert candidate(4) == 56\n    assert candidate(1) == 1\n\ndef test_check():\n    check(sum_Of_product)\n\ntest_check()\n",
      "timestamp": 1665510313,
      "stdout": "",
      "stderr": "Traceback (most recent call last):\n  File \"/tmp/tmpjlym3tp3.py\", line 19, in <module>\n    test_check()\n  File \"/tmp/tmpjlym3tp3.py\", line 17, in test_check\n    check(sum_Of_product)\n  File \"/tmp/tmpjlym3tp3.py\", line 12, in check\n    assert candidate(3) == 15\n  File \"/tmp/tmpjlym3tp3.py\", line 7, in sum_Of_product\n    sum += binomial_coefficient(n, i) * i\nNameError: name 'binomial_coefficient' is not defined\n",
      "exit_code": 1,
      "status": "Exception"
    },
    {
      "program": "def sum_Of_product(n: int) -> int:\n    \"\"\"\n\tWrite a python function to find the sum of the product of consecutive binomial co-efficients.\n\t\"\"\"\n    sum = 0\n    for i in range(1, n + 1):\n        sum += binomial_coefficient(n, i) * binomial_coefficient(n, i + 1)\n    return sum\n\n\ndef check(candidate):\n    assert candidate(3) == 15\n    assert candidate(4) == 56\n    assert candidate(1) == 1\n\ndef test_check():\n    check(sum_Of_product)\n\ntest_check()\n",
      "timestamp": 1665510313,
      "stdout": "",
      "stderr": "Traceback (most recent call last):\n  File \"/tmp/tmp28x5smfj.py\", line 19, in <module>\n    test_check()\n  File \"/tmp/tmp28x5smfj.py\", line 17, in test_check\n    check(sum_Of_product)\n  File \"/tmp/tmp28x5smfj.py\", line 12, in check\n    assert candidate(3) == 15\n  File \"/tmp/tmp28x5smfj.py\", line 7, in sum_Of_product\n    sum += binomial_coefficient(n, i) * binomial_coefficient(n, i + 1)\nNameError: name 'binomial_coefficient' is not defined\n",
      "exit_code": 1,
      "status": "Exception"
    },
    {
      "program": "def sum_Of_product(n: int) -> int:\n    \"\"\"\n\tWrite a python function to find the sum of the product of consecutive binomial co-efficients.\n\t\"\"\"\n    sum = 0\n    for i in range(1, n + 1):\n        sum += binomial_coefficient(n, i) * binomial_coefficient(n, i + 1)\n    return sum\n\n\ndef check(candidate):\n    assert candidate(3) == 15\n    assert candidate(4) == 56\n    assert candidate(1) == 1\n\ndef test_check():\n    check(sum_Of_product)\n\ntest_check()\n",
      "timestamp": 1665510313,
      "stdout": "",
      "stderr": "Traceback (most recent call last):\n  File \"/tmp/tmp28x5smfj.py\", line 19, in <module>\n    test_check()\n  File \"/tmp/tmp28x5smfj.py\", line 17, in test_check\n    check(sum_Of_product)\n  File \"/tmp/tmp28x5smfj.py\", line 12, in check\n    assert candidate(3) == 15\n  File \"/tmp/tmp28x5smfj.py\", line 7, in sum_Of_product\n    sum += binomial_coefficient(n, i) * binomial_coefficient(n, i + 1)\nNameError: name 'binomial_coefficient' is not defined\n",
      "exit_code": 1,
      "status": "Exception"
    },
    {
      "program": "def sum_Of_product(n: int) -> int:\n    \"\"\"\n\tWrite a python function to find the sum of the product of consecutive binomial co-efficients.\n\t\"\"\"\n    sum = 0\n    for i in range(1, n + 1):\n        sum += binomial_coefficient(n, i) * i\n    return sum\n\n\ndef check(candidate):\n    assert candidate(3) == 15\n    assert candidate(4) == 56\n    assert candidate(1) == 1\n\ndef test_check():\n    check(sum_Of_product)\n\ntest_check()\n",
      "timestamp": 1665510313,
      "stdout": "",
      "stderr": "Traceback (most recent call last):\n  File \"/tmp/tmpjlym3tp3.py\", line 19, in <module>\n    test_check()\n  File \"/tmp/tmpjlym3tp3.py\", line 17, in test_check\n    check(sum_Of_product)\n  File \"/tmp/tmpjlym3tp3.py\", line 12, in check\n    assert candidate(3) == 15\n  File \"/tmp/tmpjlym3tp3.py\", line 7, in sum_Of_product\n    sum += binomial_coefficient(n, i) * i\nNameError: name 'binomial_coefficient' is not defined\n",
      "exit_code": 1,
      "status": "Exception"
    },
    {
      "program": "def sum_Of_product(n: int) -> int:\n    \"\"\"\n\tWrite a python function to find the sum of the product of consecutive binomial co-efficients.\n\t\"\"\"\n    sum = 0\n    for i in range(1, n + 1):\n        sum += nCr(n, i) * nCr(n, i + 1)\n    return sum\n\n\ndef check(candidate):\n    assert candidate(3) == 15\n    assert candidate(4) == 56\n    assert candidate(1) == 1\n\ndef test_check():\n    check(sum_Of_product)\n\ntest_check()\n",
      "timestamp": 1665510313,
      "stdout": "",
      "stderr": "Traceback (most recent call last):\n  File \"/tmp/tmppni0je0w.py\", line 19, in <module>\n    test_check()\n  File \"/tmp/tmppni0je0w.py\", line 17, in test_check\n    check(sum_Of_product)\n  File \"/tmp/tmppni0je0w.py\", line 12, in check\n    assert candidate(3) == 15\n  File \"/tmp/tmppni0je0w.py\", line 7, in sum_Of_product\n    sum += nCr(n, i) * nCr(n, i + 1)\nNameError: name 'nCr' is not defined\n",
      "exit_code": 1,
      "status": "Exception"
    },
    {
      "program": "def sum_Of_product(n: int) -> int:\n    \"\"\"\n\tWrite a python function to find the sum of the product of consecutive binomial co-efficients.\n\t\"\"\"\n    sum = 0\n    for i in range(1, n + 1):\n        sum += binomial_coefficient(n, i) * binomial_coefficient(n, i + 1)\n    return sum\n\n\ndef check(candidate):\n    assert candidate(3) == 15\n    assert candidate(4) == 56\n    assert candidate(1) == 1\n\ndef test_check():\n    check(sum_Of_product)\n\ntest_check()\n",
      "timestamp": 1665510313,
      "stdout": "",
      "stderr": "Traceback (most recent call last):\n  File \"/tmp/tmp28x5smfj.py\", line 19, in <module>\n    test_check()\n  File \"/tmp/tmp28x5smfj.py\", line 17, in test_check\n    check(sum_Of_product)\n  File \"/tmp/tmp28x5smfj.py\", line 12, in check\n    assert candidate(3) == 15\n  File \"/tmp/tmp28x5smfj.py\", line 7, in sum_Of_product\n    sum += binomial_coefficient(n, i) * binomial_coefficient(n, i + 1)\nNameError: name 'binomial_coefficient' is not defined\n",
      "exit_code": 1,
      "status": "Exception"
    },
    {
      "program": "def sum_Of_product(n: int) -> int:\n    \"\"\"\n\tWrite a python function to find the sum of the product of consecutive binomial co-efficients.\n\t\"\"\"\n    sum = 0\n    for i in range(1, n + 1):\n        sum += factorial(n) / (factorial(i) * factorial(n - i))\n    return sum\n\n\ndef check(candidate):\n    assert candidate(3) == 15\n    assert candidate(4) == 56\n    assert candidate(1) == 1\n\ndef test_check():\n    check(sum_Of_product)\n\ntest_check()\n",
      "timestamp": 1665510313,
      "stdout": "",
      "stderr": "Traceback (most recent call last):\n  File \"/tmp/tmplvtvmpcy.py\", line 19, in <module>\n    test_check()\n  File \"/tmp/tmplvtvmpcy.py\", line 17, in test_check\n    check(sum_Of_product)\n  File \"/tmp/tmplvtvmpcy.py\", line 12, in check\n    assert candidate(3) == 15\n  File \"/tmp/tmplvtvmpcy.py\", line 7, in sum_Of_product\n    sum += factorial(n) / (factorial(i) * factorial(n - i))\nNameError: name 'factorial' is not defined\n",
      "exit_code": 1,
      "status": "Exception"
    },
    {
      "program": "def sum_Of_product(n: int) -> int:\n    \"\"\"\n\tWrite a python function to find the sum of the product of consecutive binomial co-efficients.\n\t\"\"\"\n    return sum(binomial_coefficient(n, i) * binomial_coefficient(n, i + 1) for i in range(n))\n\n\ndef check(candidate):\n    assert candidate(3) == 15\n    assert candidate(4) == 56\n    assert candidate(1) == 1\n\ndef test_check():\n    check(sum_Of_product)\n\ntest_check()\n",
      "timestamp": 1665510313,
      "stdout": "",
      "stderr": "Traceback (most recent call last):\n  File \"/tmp/tmpbegw44z_.py\", line 16, in <module>\n    test_check()\n  File \"/tmp/tmpbegw44z_.py\", line 14, in test_check\n    check(sum_Of_product)\n  File \"/tmp/tmpbegw44z_.py\", line 9, in check\n    assert candidate(3) == 15\n  File \"/tmp/tmpbegw44z_.py\", line 5, in sum_Of_product\n    return sum(binomial_coefficient(n, i) * binomial_coefficient(n, i + 1) for i in range(n))\n  File \"/tmp/tmpbegw44z_.py\", line 5, in <genexpr>\n    return sum(binomial_coefficient(n, i) * binomial_coefficient(n, i + 1) for i in range(n))\nNameError: name 'binomial_coefficient' is not defined\n",
      "exit_code": 1,
      "status": "Exception"
    },
    {
      "program": "def sum_Of_product(n: int) -> int:\n    \"\"\"\n\tWrite a python function to find the sum of the product of consecutive binomial co-efficients.\n\t\"\"\"\n    sum = 0\n    for i in range(1, n + 1):\n        sum += binomial_coefficient(n, i) * binomial_coefficient(n, i + 1)\n    return sum\n\n\ndef check(candidate):\n    assert candidate(3) == 15\n    assert candidate(4) == 56\n    assert candidate(1) == 1\n\ndef test_check():\n    check(sum_Of_product)\n\ntest_check()\n",
      "timestamp": 1665510313,
      "stdout": "",
      "stderr": "Traceback (most recent call last):\n  File \"/tmp/tmp28x5smfj.py\", line 19, in <module>\n    test_check()\n  File \"/tmp/tmp28x5smfj.py\", line 17, in test_check\n    check(sum_Of_product)\n  File \"/tmp/tmp28x5smfj.py\", line 12, in check\n    assert candidate(3) == 15\n  File \"/tmp/tmp28x5smfj.py\", line 7, in sum_Of_product\n    sum += binomial_coefficient(n, i) * binomial_coefficient(n, i + 1)\nNameError: name 'binomial_coefficient' is not defined\n",
      "exit_code": 1,
      "status": "Exception"
    },
    {
      "program": "def sum_Of_product(n: int) -> int:\n    \"\"\"\n\tWrite a python function to find the sum of the product of consecutive binomial co-efficients.\n\t\"\"\"\n    sum = 0\n    for i in range(1, n + 1):\n        sum += binomial_coefficient(n, i) * binomial_coefficient(n, i + 1)\n    return sum\n\n\ndef check(candidate):\n    assert candidate(3) == 15\n    assert candidate(4) == 56\n    assert candidate(1) == 1\n\ndef test_check():\n    check(sum_Of_product)\n\ntest_check()\n",
      "timestamp": 1665510313,
      "stdout": "",
      "stderr": "Traceback (most recent call last):\n  File \"/tmp/tmp28x5smfj.py\", line 19, in <module>\n    test_check()\n  File \"/tmp/tmp28x5smfj.py\", line 17, in test_check\n    check(sum_Of_product)\n  File \"/tmp/tmp28x5smfj.py\", line 12, in check\n    assert candidate(3) == 15\n  File \"/tmp/tmp28x5smfj.py\", line 7, in sum_Of_product\n    sum += binomial_coefficient(n, i) * binomial_coefficient(n, i + 1)\nNameError: name 'binomial_coefficient' is not defined\n",
      "exit_code": 1,
      "status": "Exception"
    },
    {
      "program": "def sum_Of_product(n: int) -> int:\n    \"\"\"\n\tWrite a python function to find the sum of the product of consecutive binomial co-efficients.\n\t\"\"\"\n    if n < 0:\n        return 0\n    else:\n        return n * (n + 1) // 2\n\n\ndef check(candidate):\n    assert candidate(3) == 15\n    assert candidate(4) == 56\n    assert candidate(1) == 1\n\ndef test_check():\n    check(sum_Of_product)\n\ntest_check()\n",
      "timestamp": 1665510313,
      "stdout": "",
      "stderr": "Traceback (most recent call last):\n  File \"/tmp/tmpcbalt342.py\", line 19, in <module>\n    test_check()\n  File \"/tmp/tmpcbalt342.py\", line 17, in test_check\n    check(sum_Of_product)\n  File \"/tmp/tmpcbalt342.py\", line 12, in check\n    assert candidate(3) == 15\nAssertionError\n",
      "exit_code": 1,
      "status": "Exception"
    },
    {
      "program": "def sum_Of_product(n: int) -> int:\n    \"\"\"\n\tWrite a python function to find the sum of the product of consecutive binomial co-efficients.\n\t\"\"\"\n    sum = 0\n    for i in range(1, n + 1):\n        sum += binomial_coefficient(n, i) * binomial_coefficient(n, i + 1)\n    return sum\n\n\ndef check(candidate):\n    assert candidate(3) == 15\n    assert candidate(4) == 56\n    assert candidate(1) == 1\n\ndef test_check():\n    check(sum_Of_product)\n\ntest_check()\n",
      "timestamp": 1665510313,
      "stdout": "",
      "stderr": "Traceback (most recent call last):\n  File \"/tmp/tmp28x5smfj.py\", line 19, in <module>\n    test_check()\n  File \"/tmp/tmp28x5smfj.py\", line 17, in test_check\n    check(sum_Of_product)\n  File \"/tmp/tmp28x5smfj.py\", line 12, in check\n    assert candidate(3) == 15\n  File \"/tmp/tmp28x5smfj.py\", line 7, in sum_Of_product\n    sum += binomial_coefficient(n, i) * binomial_coefficient(n, i + 1)\nNameError: name 'binomial_coefficient' is not defined\n",
      "exit_code": 1,
      "status": "Exception"
    },
    {
      "program": "def sum_Of_product(n: int) -> int:\n    \"\"\"\n\tWrite a python function to find the sum of the product of consecutive binomial co-efficients.\n\t\"\"\"\n    sum = 0\n    for i in range(1, n + 1):\n        sum += binomial_coefficient(n, i) * binomial_coefficient(n, i + 1)\n    return sum\n\n\ndef check(candidate):\n    assert candidate(3) == 15\n    assert candidate(4) == 56\n    assert candidate(1) == 1\n\ndef test_check():\n    check(sum_Of_product)\n\ntest_check()\n",
      "timestamp": 1665510313,
      "stdout": "",
      "stderr": "Traceback (most recent call last):\n  File \"/tmp/tmp28x5smfj.py\", line 19, in <module>\n    test_check()\n  File \"/tmp/tmp28x5smfj.py\", line 17, in test_check\n    check(sum_Of_product)\n  File \"/tmp/tmp28x5smfj.py\", line 12, in check\n    assert candidate(3) == 15\n  File \"/tmp/tmp28x5smfj.py\", line 7, in sum_Of_product\n    sum += binomial_coefficient(n, i) * binomial_coefficient(n, i + 1)\nNameError: name 'binomial_coefficient' is not defined\n",
      "exit_code": 1,
      "status": "Exception"
    },
    {
      "program": "def sum_Of_product(n: int) -> int:\n    \"\"\"\n\tWrite a python function to find the sum of the product of consecutive binomial co-efficients.\n\t\"\"\"\n    sum = 0\n    for i in range(1, n + 1):\n        sum += (factorial(n) / (factorial(i) * factorial(n - i))) * (factorial(n) / (factorial(i + 1) * factorial(n - i - 1)))\n    return sum\n\n\ndef check(candidate):\n    assert candidate(3) == 15\n    assert candidate(4) == 56\n    assert candidate(1) == 1\n\ndef test_check():\n    check(sum_Of_product)\n\ntest_check()\n",
      "timestamp": 1665510313,
      "stdout": "",
      "stderr": "Traceback (most recent call last):\n  File \"/tmp/tmpnajb98ov.py\", line 19, in <module>\n    test_check()\n  File \"/tmp/tmpnajb98ov.py\", line 17, in test_check\n    check(sum_Of_product)\n  File \"/tmp/tmpnajb98ov.py\", line 12, in check\n    assert candidate(3) == 15\n  File \"/tmp/tmpnajb98ov.py\", line 7, in sum_Of_product\n    sum += (factorial(n) / (factorial(i) * factorial(n - i))) * (factorial(n) / (factorial(i + 1) * factorial(n - i - 1)))\nNameError: name 'factorial' is not defined\n",
      "exit_code": 1,
      "status": "Exception"
    },
    {
      "program": "def sum_Of_product(n: int) -> int:\n    \"\"\"\n\tWrite a python function to find the sum of the product of consecutive binomial co-efficients.\n\t\"\"\"\n    sum = 0\n    for i in range(1, n + 1):\n        sum += binomial_coefficient(n, i) * binomial_coefficient(n, i + 1)\n    return sum\n\n\ndef check(candidate):\n    assert candidate(3) == 15\n    assert candidate(4) == 56\n    assert candidate(1) == 1\n\ndef test_check():\n    check(sum_Of_product)\n\ntest_check()\n",
      "timestamp": 1665510313,
      "stdout": "",
      "stderr": "Traceback (most recent call last):\n  File \"/tmp/tmp28x5smfj.py\", line 19, in <module>\n    test_check()\n  File \"/tmp/tmp28x5smfj.py\", line 17, in test_check\n    check(sum_Of_product)\n  File \"/tmp/tmp28x5smfj.py\", line 12, in check\n    assert candidate(3) == 15\n  File \"/tmp/tmp28x5smfj.py\", line 7, in sum_Of_product\n    sum += binomial_coefficient(n, i) * binomial_coefficient(n, i + 1)\nNameError: name 'binomial_coefficient' is not defined\n",
      "exit_code": 1,
      "status": "Exception"
    },
    {
      "program": "def sum_Of_product(n: int) -> int:\n    \"\"\"\n\tWrite a python function to find the sum of the product of consecutive binomial co-efficients.\n\t\"\"\"\n    if n < 0:\n        return 0\n    else:\n        return (n * (n + 1) * (2 * n + 1)) // 6\n\n\ndef check(candidate):\n    assert candidate(3) == 15\n    assert candidate(4) == 56\n    assert candidate(1) == 1\n\ndef test_check():\n    check(sum_Of_product)\n\ntest_check()\n",
      "timestamp": 1665510313,
      "stdout": "",
      "stderr": "Traceback (most recent call last):\n  File \"/tmp/tmpj5qzbv_4.py\", line 19, in <module>\n    test_check()\n  File \"/tmp/tmpj5qzbv_4.py\", line 17, in test_check\n    check(sum_Of_product)\n  File \"/tmp/tmpj5qzbv_4.py\", line 12, in check\n    assert candidate(3) == 15\nAssertionError\n",
      "exit_code": 1,
      "status": "Exception"
    },
    {
      "program": "def sum_Of_product(n: int) -> int:\n    \"\"\"\n\tWrite a python function to find the sum of the product of consecutive binomial co-efficients.\n\t\"\"\"\n    sum = 0\n    for i in range(1, n + 1):\n        sum += (binomial_coefficient(n, i) * binomial_coefficient(n, i + 1))\n    return sum\n\n\ndef check(candidate):\n    assert candidate(3) == 15\n    assert candidate(4) == 56\n    assert candidate(1) == 1\n\ndef test_check():\n    check(sum_Of_product)\n\ntest_check()\n",
      "timestamp": 1665510313,
      "stdout": "",
      "stderr": "Traceback (most recent call last):\n  File \"/tmp/tmpcczu7s6a.py\", line 19, in <module>\n    test_check()\n  File \"/tmp/tmpcczu7s6a.py\", line 17, in test_check\n    check(sum_Of_product)\n  File \"/tmp/tmpcczu7s6a.py\", line 12, in check\n    assert candidate(3) == 15\n  File \"/tmp/tmpcczu7s6a.py\", line 7, in sum_Of_product\n    sum += (binomial_coefficient(n, i) * binomial_coefficient(n, i + 1))\nNameError: name 'binomial_coefficient' is not defined\n",
      "exit_code": 1,
      "status": "Exception"
    },
    {
      "program": "def sum_Of_product(n: int) -> int:\n    \"\"\"\n\tWrite a python function to find the sum of the product of consecutive binomial co-efficients.\n\t\"\"\"\n    sum = 0\n    for i in range(1, n + 1):\n        sum += binomial_coefficient(n, i) * binomial_coefficient(n, i + 1)\n    return sum\n\n\ndef check(candidate):\n    assert candidate(3) == 15\n    assert candidate(4) == 56\n    assert candidate(1) == 1\n\ndef test_check():\n    check(sum_Of_product)\n\ntest_check()\n",
      "timestamp": 1665510313,
      "stdout": "",
      "stderr": "Traceback (most recent call last):\n  File \"/tmp/tmp28x5smfj.py\", line 19, in <module>\n    test_check()\n  File \"/tmp/tmp28x5smfj.py\", line 17, in test_check\n    check(sum_Of_product)\n  File \"/tmp/tmp28x5smfj.py\", line 12, in check\n    assert candidate(3) == 15\n  File \"/tmp/tmp28x5smfj.py\", line 7, in sum_Of_product\n    sum += binomial_coefficient(n, i) * binomial_coefficient(n, i + 1)\nNameError: name 'binomial_coefficient' is not defined\n",
      "exit_code": 1,
      "status": "Exception"
    },
    {
      "program": "def sum_Of_product(n: int) -> int:\n    \"\"\"\n\tWrite a python function to find the sum of the product of consecutive binomial co-efficients.\n\t\"\"\"\n    if n == 0:\n        return 1\n    else:\n        return n * sum_Of_product(n - 1)\n\n\ndef check(candidate):\n    assert candidate(3) == 15\n    assert candidate(4) == 56\n    assert candidate(1) == 1\n\ndef test_check():\n    check(sum_Of_product)\n\ntest_check()\n",
      "timestamp": 1665510313,
      "stdout": "",
      "stderr": "Traceback (most recent call last):\n  File \"/tmp/tmpo_btyyjx.py\", line 19, in <module>\n    test_check()\n  File \"/tmp/tmpo_btyyjx.py\", line 17, in test_check\n    check(sum_Of_product)\n  File \"/tmp/tmpo_btyyjx.py\", line 12, in check\n    assert candidate(3) == 15\nAssertionError\n",
      "exit_code": 1,
      "status": "Exception"
    },
    {
      "program": "def sum_Of_product(n: int) -> int:\n    \"\"\"\n\tWrite a python function to find the sum of the product of consecutive binomial co-efficients.\n\t\"\"\"\n    sum = 0\n    for i in range(1, n + 1):\n        sum += binomial_coefficient(n, i) * binomial_coefficient(n, i + 1)\n    return sum\n\n\ndef check(candidate):\n    assert candidate(3) == 15\n    assert candidate(4) == 56\n    assert candidate(1) == 1\n\ndef test_check():\n    check(sum_Of_product)\n\ntest_check()\n",
      "timestamp": 1665510313,
      "stdout": "",
      "stderr": "Traceback (most recent call last):\n  File \"/tmp/tmp28x5smfj.py\", line 19, in <module>\n    test_check()\n  File \"/tmp/tmp28x5smfj.py\", line 17, in test_check\n    check(sum_Of_product)\n  File \"/tmp/tmp28x5smfj.py\", line 12, in check\n    assert candidate(3) == 15\n  File \"/tmp/tmp28x5smfj.py\", line 7, in sum_Of_product\n    sum += binomial_coefficient(n, i) * binomial_coefficient(n, i + 1)\nNameError: name 'binomial_coefficient' is not defined\n",
      "exit_code": 1,
      "status": "Exception"
    },
    {
      "program": "def sum_Of_product(n: int) -> int:\n    \"\"\"\n\tWrite a python function to find the sum of the product of consecutive binomial co-efficients.\n\t\"\"\"\n    sum = 0\n    for i in range(1, n + 1):\n        sum += (binomial_coefficient(n, i) * binomial_coefficient(n, i + 1))\n    return sum\n\n\ndef check(candidate):\n    assert candidate(3) == 15\n    assert candidate(4) == 56\n    assert candidate(1) == 1\n\ndef test_check():\n    check(sum_Of_product)\n\ntest_check()\n",
      "timestamp": 1665510313,
      "stdout": "",
      "stderr": "Traceback (most recent call last):\n  File \"/tmp/tmpcczu7s6a.py\", line 19, in <module>\n    test_check()\n  File \"/tmp/tmpcczu7s6a.py\", line 17, in test_check\n    check(sum_Of_product)\n  File \"/tmp/tmpcczu7s6a.py\", line 12, in check\n    assert candidate(3) == 15\n  File \"/tmp/tmpcczu7s6a.py\", line 7, in sum_Of_product\n    sum += (binomial_coefficient(n, i) * binomial_coefficient(n, i + 1))\nNameError: name 'binomial_coefficient' is not defined\n",
      "exit_code": 1,
      "status": "Exception"
    },
    {
      "program": "def sum_Of_product(n: int) -> int:\n    \"\"\"\n\tWrite a python function to find the sum of the product of consecutive binomial co-efficients.\n\t\"\"\"\n    sum = 0\n    for i in range(1, n + 1):\n        sum += binomial_coefficient(n, i) * binomial_coefficient(n, i + 1)\n    return sum\n\n\ndef check(candidate):\n    assert candidate(3) == 15\n    assert candidate(4) == 56\n    assert candidate(1) == 1\n\ndef test_check():\n    check(sum_Of_product)\n\ntest_check()\n",
      "timestamp": 1665510313,
      "stdout": "",
      "stderr": "Traceback (most recent call last):\n  File \"/tmp/tmp28x5smfj.py\", line 19, in <module>\n    test_check()\n  File \"/tmp/tmp28x5smfj.py\", line 17, in test_check\n    check(sum_Of_product)\n  File \"/tmp/tmp28x5smfj.py\", line 12, in check\n    assert candidate(3) == 15\n  File \"/tmp/tmp28x5smfj.py\", line 7, in sum_Of_product\n    sum += binomial_coefficient(n, i) * binomial_coefficient(n, i + 1)\nNameError: name 'binomial_coefficient' is not defined\n",
      "exit_code": 1,
      "status": "Exception"
    },
    {
      "program": "def sum_Of_product(n: int) -> int:\n    \"\"\"\n\tWrite a python function to find the sum of the product of consecutive binomial co-efficients.\n\t\"\"\"\n    sum = 0\n    for i in range(1, n + 1):\n        sum += binomial_coefficient(n, i) * binomial_coefficient(n, i + 1)\n    return sum\n\n\ndef check(candidate):\n    assert candidate(3) == 15\n    assert candidate(4) == 56\n    assert candidate(1) == 1\n\ndef test_check():\n    check(sum_Of_product)\n\ntest_check()\n",
      "timestamp": 1665510313,
      "stdout": "",
      "stderr": "Traceback (most recent call last):\n  File \"/tmp/tmp28x5smfj.py\", line 19, in <module>\n    test_check()\n  File \"/tmp/tmp28x5smfj.py\", line 17, in test_check\n    check(sum_Of_product)\n  File \"/tmp/tmp28x5smfj.py\", line 12, in check\n    assert candidate(3) == 15\n  File \"/tmp/tmp28x5smfj.py\", line 7, in sum_Of_product\n    sum += binomial_coefficient(n, i) * binomial_coefficient(n, i + 1)\nNameError: name 'binomial_coefficient' is not defined\n",
      "exit_code": 1,
      "status": "Exception"
    },
    {
      "program": "def sum_Of_product(n: int) -> int:\n    \"\"\"\n\tWrite a python function to find the sum of the product of consecutive binomial co-efficients.\n\t\"\"\"\n    sum = 0\n    for i in range(1, n + 1):\n        sum += (binomial_coefficient(n, i) * binomial_coefficient(n, i + 1))\n    return sum\n\n\ndef check(candidate):\n    assert candidate(3) == 15\n    assert candidate(4) == 56\n    assert candidate(1) == 1\n\ndef test_check():\n    check(sum_Of_product)\n\ntest_check()\n",
      "timestamp": 1665510313,
      "stdout": "",
      "stderr": "Traceback (most recent call last):\n  File \"/tmp/tmpcczu7s6a.py\", line 19, in <module>\n    test_check()\n  File \"/tmp/tmpcczu7s6a.py\", line 17, in test_check\n    check(sum_Of_product)\n  File \"/tmp/tmpcczu7s6a.py\", line 12, in check\n    assert candidate(3) == 15\n  File \"/tmp/tmpcczu7s6a.py\", line 7, in sum_Of_product\n    sum += (binomial_coefficient(n, i) * binomial_coefficient(n, i + 1))\nNameError: name 'binomial_coefficient' is not defined\n",
      "exit_code": 1,
      "status": "Exception"
    },
    {
      "program": "def sum_Of_product(n: int) -> int:\n    \"\"\"\n\tWrite a python function to find the sum of the product of consecutive binomial co-efficients.\n\t\"\"\"\n    sum = 0\n    for i in range(1, n + 1):\n        sum += binomial_coefficient(n, i) * binomial_coefficient(n, i + 1)\n    return sum\n\n\ndef check(candidate):\n    assert candidate(3) == 15\n    assert candidate(4) == 56\n    assert candidate(1) == 1\n\ndef test_check():\n    check(sum_Of_product)\n\ntest_check()\n",
      "timestamp": 1665510313,
      "stdout": "",
      "stderr": "Traceback (most recent call last):\n  File \"/tmp/tmp28x5smfj.py\", line 19, in <module>\n    test_check()\n  File \"/tmp/tmp28x5smfj.py\", line 17, in test_check\n    check(sum_Of_product)\n  File \"/tmp/tmp28x5smfj.py\", line 12, in check\n    assert candidate(3) == 15\n  File \"/tmp/tmp28x5smfj.py\", line 7, in sum_Of_product\n    sum += binomial_coefficient(n, i) * binomial_coefficient(n, i + 1)\nNameError: name 'binomial_coefficient' is not defined\n",
      "exit_code": 1,
      "status": "Exception"
    },
    {
      "program": "def sum_Of_product(n: int) -> int:\n    \"\"\"\n\tWrite a python function to find the sum of the product of consecutive binomial co-efficients.\n\t\"\"\"\n    sum = 0\n    for i in range(1, n + 1):\n        sum += binomial_coefficient(n, i) * binomial_coefficient(n, i + 1)\n    return sum\n\n\ndef check(candidate):\n    assert candidate(3) == 15\n    assert candidate(4) == 56\n    assert candidate(1) == 1\n\ndef test_check():\n    check(sum_Of_product)\n\ntest_check()\n",
      "timestamp": 1665510313,
      "stdout": "",
      "stderr": "Traceback (most recent call last):\n  File \"/tmp/tmp28x5smfj.py\", line 19, in <module>\n    test_check()\n  File \"/tmp/tmp28x5smfj.py\", line 17, in test_check\n    check(sum_Of_product)\n  File \"/tmp/tmp28x5smfj.py\", line 12, in check\n    assert candidate(3) == 15\n  File \"/tmp/tmp28x5smfj.py\", line 7, in sum_Of_product\n    sum += binomial_coefficient(n, i) * binomial_coefficient(n, i + 1)\nNameError: name 'binomial_coefficient' is not defined\n",
      "exit_code": 1,
      "status": "Exception"
    },
    {
      "program": "def sum_Of_product(n: int) -> int:\n    \"\"\"\n\tWrite a python function to find the sum of the product of consecutive binomial co-efficients.\n\t\"\"\"\n    sum = 0\n    for i in range(1, n + 1):\n        sum += binomial_coefficient(n, i) * binomial_coefficient(n, i + 1)\n    return sum\n\n\ndef check(candidate):\n    assert candidate(3) == 15\n    assert candidate(4) == 56\n    assert candidate(1) == 1\n\ndef test_check():\n    check(sum_Of_product)\n\ntest_check()\n",
      "timestamp": 1665510313,
      "stdout": "",
      "stderr": "Traceback (most recent call last):\n  File \"/tmp/tmp28x5smfj.py\", line 19, in <module>\n    test_check()\n  File \"/tmp/tmp28x5smfj.py\", line 17, in test_check\n    check(sum_Of_product)\n  File \"/tmp/tmp28x5smfj.py\", line 12, in check\n    assert candidate(3) == 15\n  File \"/tmp/tmp28x5smfj.py\", line 7, in sum_Of_product\n    sum += binomial_coefficient(n, i) * binomial_coefficient(n, i + 1)\nNameError: name 'binomial_coefficient' is not defined\n",
      "exit_code": 1,
      "status": "Exception"
    },
    {
      "program": "def sum_Of_product(n: int) -> int:\n    \"\"\"\n\tWrite a python function to find the sum of the product of consecutive binomial co-efficients.\n\t\"\"\"\n    sum = 0\n    for i in range(1, n + 1):\n        sum += binomial_coefficient(n, i) * binomial_coefficient(n, i + 1)\n    return sum\n\n\ndef check(candidate):\n    assert candidate(3) == 15\n    assert candidate(4) == 56\n    assert candidate(1) == 1\n\ndef test_check():\n    check(sum_Of_product)\n\ntest_check()\n",
      "timestamp": 1665510313,
      "stdout": "",
      "stderr": "Traceback (most recent call last):\n  File \"/tmp/tmp28x5smfj.py\", line 19, in <module>\n    test_check()\n  File \"/tmp/tmp28x5smfj.py\", line 17, in test_check\n    check(sum_Of_product)\n  File \"/tmp/tmp28x5smfj.py\", line 12, in check\n    assert candidate(3) == 15\n  File \"/tmp/tmp28x5smfj.py\", line 7, in sum_Of_product\n    sum += binomial_coefficient(n, i) * binomial_coefficient(n, i + 1)\nNameError: name 'binomial_coefficient' is not defined\n",
      "exit_code": 1,
      "status": "Exception"
    },
    {
      "program": "def sum_Of_product(n: int) -> int:\n    \"\"\"\n\tWrite a python function to find the sum of the product of consecutive binomial co-efficients.\n\t\"\"\"\n    sum = 0\n    for i in range(1, n + 1):\n        sum += binomial_coefficient(n, i) * binomial_coefficient(n, i + 1)\n    return sum\n\n\ndef check(candidate):\n    assert candidate(3) == 15\n    assert candidate(4) == 56\n    assert candidate(1) == 1\n\ndef test_check():\n    check(sum_Of_product)\n\ntest_check()\n",
      "timestamp": 1665510313,
      "stdout": "",
      "stderr": "Traceback (most recent call last):\n  File \"/tmp/tmp28x5smfj.py\", line 19, in <module>\n    test_check()\n  File \"/tmp/tmp28x5smfj.py\", line 17, in test_check\n    check(sum_Of_product)\n  File \"/tmp/tmp28x5smfj.py\", line 12, in check\n    assert candidate(3) == 15\n  File \"/tmp/tmp28x5smfj.py\", line 7, in sum_Of_product\n    sum += binomial_coefficient(n, i) * binomial_coefficient(n, i + 1)\nNameError: name 'binomial_coefficient' is not defined\n",
      "exit_code": 1,
      "status": "Exception"
    },
    {
      "program": "def sum_Of_product(n: int) -> int:\n    \"\"\"\n\tWrite a python function to find the sum of the product of consecutive binomial co-efficients.\n\t\"\"\"\n    sum = 0\n    for i in range(1, n + 1):\n        sum += binomial_coefficient(n, i) * binomial_coefficient(n, i + 1)\n    return sum\n\n\ndef check(candidate):\n    assert candidate(3) == 15\n    assert candidate(4) == 56\n    assert candidate(1) == 1\n\ndef test_check():\n    check(sum_Of_product)\n\ntest_check()\n",
      "timestamp": 1665510313,
      "stdout": "",
      "stderr": "Traceback (most recent call last):\n  File \"/tmp/tmp28x5smfj.py\", line 19, in <module>\n    test_check()\n  File \"/tmp/tmp28x5smfj.py\", line 17, in test_check\n    check(sum_Of_product)\n  File \"/tmp/tmp28x5smfj.py\", line 12, in check\n    assert candidate(3) == 15\n  File \"/tmp/tmp28x5smfj.py\", line 7, in sum_Of_product\n    sum += binomial_coefficient(n, i) * binomial_coefficient(n, i + 1)\nNameError: name 'binomial_coefficient' is not defined\n",
      "exit_code": 1,
      "status": "Exception"
    },
    {
      "program": "def sum_Of_product(n: int) -> int:\n    \"\"\"\n\tWrite a python function to find the sum of the product of consecutive binomial co-efficients.\n\t\"\"\"\n    sum = 0\n    for i in range(1, n + 1):\n        sum += binomial_coefficient(n, i) * binomial_coefficient(n, i + 1)\n    return sum\n\n\ndef check(candidate):\n    assert candidate(3) == 15\n    assert candidate(4) == 56\n    assert candidate(1) == 1\n\ndef test_check():\n    check(sum_Of_product)\n\ntest_check()\n",
      "timestamp": 1665510313,
      "stdout": "",
      "stderr": "Traceback (most recent call last):\n  File \"/tmp/tmp28x5smfj.py\", line 19, in <module>\n    test_check()\n  File \"/tmp/tmp28x5smfj.py\", line 17, in test_check\n    check(sum_Of_product)\n  File \"/tmp/tmp28x5smfj.py\", line 12, in check\n    assert candidate(3) == 15\n  File \"/tmp/tmp28x5smfj.py\", line 7, in sum_Of_product\n    sum += binomial_coefficient(n, i) * binomial_coefficient(n, i + 1)\nNameError: name 'binomial_coefficient' is not defined\n",
      "exit_code": 1,
      "status": "Exception"
    },
    {
      "program": "def sum_Of_product(n: int) -> int:\n    \"\"\"\n\tWrite a python function to find the sum of the product of consecutive binomial co-efficients.\n\t\"\"\"\n    sum = 0\n    for i in range(1, n + 1):\n        sum += binomial_coefficient(n, i) * i\n    return sum\n\n\ndef check(candidate):\n    assert candidate(3) == 15\n    assert candidate(4) == 56\n    assert candidate(1) == 1\n\ndef test_check():\n    check(sum_Of_product)\n\ntest_check()\n",
      "timestamp": 1665510313,
      "stdout": "",
      "stderr": "Traceback (most recent call last):\n  File \"/tmp/tmpjlym3tp3.py\", line 19, in <module>\n    test_check()\n  File \"/tmp/tmpjlym3tp3.py\", line 17, in test_check\n    check(sum_Of_product)\n  File \"/tmp/tmpjlym3tp3.py\", line 12, in check\n    assert candidate(3) == 15\n  File \"/tmp/tmpjlym3tp3.py\", line 7, in sum_Of_product\n    sum += binomial_coefficient(n, i) * i\nNameError: name 'binomial_coefficient' is not defined\n",
      "exit_code": 1,
      "status": "Exception"
    },
    {
      "program": "def sum_Of_product(n: int) -> int:\n    \"\"\"\n\tWrite a python function to find the sum of the product of consecutive binomial co-efficients.\n\t\"\"\"\n    sum = 0\n    for i in range(1, n + 1):\n        sum += binomial_coefficient(n, i) * binomial_coefficient(n, i + 1)\n    return sum\n\n\ndef check(candidate):\n    assert candidate(3) == 15\n    assert candidate(4) == 56\n    assert candidate(1) == 1\n\ndef test_check():\n    check(sum_Of_product)\n\ntest_check()\n",
      "timestamp": 1665510313,
      "stdout": "",
      "stderr": "Traceback (most recent call last):\n  File \"/tmp/tmp28x5smfj.py\", line 19, in <module>\n    test_check()\n  File \"/tmp/tmp28x5smfj.py\", line 17, in test_check\n    check(sum_Of_product)\n  File \"/tmp/tmp28x5smfj.py\", line 12, in check\n    assert candidate(3) == 15\n  File \"/tmp/tmp28x5smfj.py\", line 7, in sum_Of_product\n    sum += binomial_coefficient(n, i) * binomial_coefficient(n, i + 1)\nNameError: name 'binomial_coefficient' is not defined\n",
      "exit_code": 1,
      "status": "Exception"
    },
    {
      "program": "def sum_Of_product(n: int) -> int:\n    \"\"\"\n\tWrite a python function to find the sum of the product of consecutive binomial co-efficients.\n\t\"\"\"\n    sum = 0\n    for i in range(1, n + 1):\n        sum += binomial_coefficient(n, i) * binomial_coefficient(n, i + 1)\n    return sum\n\n\ndef check(candidate):\n    assert candidate(3) == 15\n    assert candidate(4) == 56\n    assert candidate(1) == 1\n\ndef test_check():\n    check(sum_Of_product)\n\ntest_check()\n",
      "timestamp": 1665510313,
      "stdout": "",
      "stderr": "Traceback (most recent call last):\n  File \"/tmp/tmp28x5smfj.py\", line 19, in <module>\n    test_check()\n  File \"/tmp/tmp28x5smfj.py\", line 17, in test_check\n    check(sum_Of_product)\n  File \"/tmp/tmp28x5smfj.py\", line 12, in check\n    assert candidate(3) == 15\n  File \"/tmp/tmp28x5smfj.py\", line 7, in sum_Of_product\n    sum += binomial_coefficient(n, i) * binomial_coefficient(n, i + 1)\nNameError: name 'binomial_coefficient' is not defined\n",
      "exit_code": 1,
      "status": "Exception"
    },
    {
      "program": "def sum_Of_product(n: int) -> int:\n    \"\"\"\n\tWrite a python function to find the sum of the product of consecutive binomial co-efficients.\n\t\"\"\"\n    sum = 0\n    for i in range(1, n + 1):\n        sum += binomial_coefficient(n, i) * binomial_coefficient(n, i + 1)\n    return sum\n\n\ndef check(candidate):\n    assert candidate(3) == 15\n    assert candidate(4) == 56\n    assert candidate(1) == 1\n\ndef test_check():\n    check(sum_Of_product)\n\ntest_check()\n",
      "timestamp": 1665510313,
      "stdout": "",
      "stderr": "Traceback (most recent call last):\n  File \"/tmp/tmp28x5smfj.py\", line 19, in <module>\n    test_check()\n  File \"/tmp/tmp28x5smfj.py\", line 17, in test_check\n    check(sum_Of_product)\n  File \"/tmp/tmp28x5smfj.py\", line 12, in check\n    assert candidate(3) == 15\n  File \"/tmp/tmp28x5smfj.py\", line 7, in sum_Of_product\n    sum += binomial_coefficient(n, i) * binomial_coefficient(n, i + 1)\nNameError: name 'binomial_coefficient' is not defined\n",
      "exit_code": 1,
      "status": "Exception"
    },
    {
      "program": "def sum_Of_product(n: int) -> int:\n    \"\"\"\n\tWrite a python function to find the sum of the product of consecutive binomial co-efficients.\n\t\"\"\"\n    return sum(binomial_coefficient(n, i) * binomial_coefficient(n, i + 1) for i in range(n))\n\n\ndef check(candidate):\n    assert candidate(3) == 15\n    assert candidate(4) == 56\n    assert candidate(1) == 1\n\ndef test_check():\n    check(sum_Of_product)\n\ntest_check()\n",
      "timestamp": 1665510313,
      "stdout": "",
      "stderr": "Traceback (most recent call last):\n  File \"/tmp/tmpbegw44z_.py\", line 16, in <module>\n    test_check()\n  File \"/tmp/tmpbegw44z_.py\", line 14, in test_check\n    check(sum_Of_product)\n  File \"/tmp/tmpbegw44z_.py\", line 9, in check\n    assert candidate(3) == 15\n  File \"/tmp/tmpbegw44z_.py\", line 5, in sum_Of_product\n    return sum(binomial_coefficient(n, i) * binomial_coefficient(n, i + 1) for i in range(n))\n  File \"/tmp/tmpbegw44z_.py\", line 5, in <genexpr>\n    return sum(binomial_coefficient(n, i) * binomial_coefficient(n, i + 1) for i in range(n))\nNameError: name 'binomial_coefficient' is not defined\n",
      "exit_code": 1,
      "status": "Exception"
    },
    {
      "program": "def sum_Of_product(n: int) -> int:\n    \"\"\"\n\tWrite a python function to find the sum of the product of consecutive binomial co-efficients.\n\t\"\"\"\n    sum = 0\n    for i in range(1, n + 1):\n        sum += (factorial(n) / (factorial(i) * factorial(n - i))) * (factorial(n) / (factorial(i + 1) * factorial(n - i - 1)))\n    return sum\n\n\ndef check(candidate):\n    assert candidate(3) == 15\n    assert candidate(4) == 56\n    assert candidate(1) == 1\n\ndef test_check():\n    check(sum_Of_product)\n\ntest_check()\n",
      "timestamp": 1665510313,
      "stdout": "",
      "stderr": "Traceback (most recent call last):\n  File \"/tmp/tmpnajb98ov.py\", line 19, in <module>\n    test_check()\n  File \"/tmp/tmpnajb98ov.py\", line 17, in test_check\n    check(sum_Of_product)\n  File \"/tmp/tmpnajb98ov.py\", line 12, in check\n    assert candidate(3) == 15\n  File \"/tmp/tmpnajb98ov.py\", line 7, in sum_Of_product\n    sum += (factorial(n) / (factorial(i) * factorial(n - i))) * (factorial(n) / (factorial(i + 1) * factorial(n - i - 1)))\nNameError: name 'factorial' is not defined\n",
      "exit_code": 1,
      "status": "Exception"
    },
    {
      "program": "def sum_Of_product(n: int) -> int:\n    \"\"\"\n\tWrite a python function to find the sum of the product of consecutive binomial co-efficients.\n\t\"\"\"\n    sum = 0\n    for i in range(1, n + 1):\n        sum += (factorial(n) / (factorial(i) * factorial(n - i))) * (factorial(n) / (factorial(i + 1) * factorial(n - i - 1)))\n    return sum\n\n\ndef check(candidate):\n    assert candidate(3) == 15\n    assert candidate(4) == 56\n    assert candidate(1) == 1\n\ndef test_check():\n    check(sum_Of_product)\n\ntest_check()\n",
      "timestamp": 1665510313,
      "stdout": "",
      "stderr": "Traceback (most recent call last):\n  File \"/tmp/tmpnajb98ov.py\", line 19, in <module>\n    test_check()\n  File \"/tmp/tmpnajb98ov.py\", line 17, in test_check\n    check(sum_Of_product)\n  File \"/tmp/tmpnajb98ov.py\", line 12, in check\n    assert candidate(3) == 15\n  File \"/tmp/tmpnajb98ov.py\", line 7, in sum_Of_product\n    sum += (factorial(n) / (factorial(i) * factorial(n - i))) * (factorial(n) / (factorial(i + 1) * factorial(n - i - 1)))\nNameError: name 'factorial' is not defined\n",
      "exit_code": 1,
      "status": "Exception"
    },
    {
      "program": "def sum_Of_product(n: int) -> int:\n    \"\"\"\n\tWrite a python function to find the sum of the product of consecutive binomial co-efficients.\n\t\"\"\"\n    sum = 0\n    for i in range(1, n + 1):\n        sum += binomial_coefficient(n, i) * binomial_coefficient(n, i + 1)\n    return sum\n\n\ndef check(candidate):\n    assert candidate(3) == 15\n    assert candidate(4) == 56\n    assert candidate(1) == 1\n\ndef test_check():\n    check(sum_Of_product)\n\ntest_check()\n",
      "timestamp": 1665510313,
      "stdout": "",
      "stderr": "Traceback (most recent call last):\n  File \"/tmp/tmp28x5smfj.py\", line 19, in <module>\n    test_check()\n  File \"/tmp/tmp28x5smfj.py\", line 17, in test_check\n    check(sum_Of_product)\n  File \"/tmp/tmp28x5smfj.py\", line 12, in check\n    assert candidate(3) == 15\n  File \"/tmp/tmp28x5smfj.py\", line 7, in sum_Of_product\n    sum += binomial_coefficient(n, i) * binomial_coefficient(n, i + 1)\nNameError: name 'binomial_coefficient' is not defined\n",
      "exit_code": 1,
      "status": "Exception"
    },
    {
      "program": "def sum_Of_product(n: int) -> int:\n    \"\"\"\n\tWrite a python function to find the sum of the product of consecutive binomial co-efficients.\n\t\"\"\"\n    sum = 0\n    for i in range(1, n + 1):\n        sum += binomial_coefficient(n, i) * binomial_coefficient(n, i + 1)\n    return sum\n\n\ndef check(candidate):\n    assert candidate(3) == 15\n    assert candidate(4) == 56\n    assert candidate(1) == 1\n\ndef test_check():\n    check(sum_Of_product)\n\ntest_check()\n",
      "timestamp": 1665510313,
      "stdout": "",
      "stderr": "Traceback (most recent call last):\n  File \"/tmp/tmp28x5smfj.py\", line 19, in <module>\n    test_check()\n  File \"/tmp/tmp28x5smfj.py\", line 17, in test_check\n    check(sum_Of_product)\n  File \"/tmp/tmp28x5smfj.py\", line 12, in check\n    assert candidate(3) == 15\n  File \"/tmp/tmp28x5smfj.py\", line 7, in sum_Of_product\n    sum += binomial_coefficient(n, i) * binomial_coefficient(n, i + 1)\nNameError: name 'binomial_coefficient' is not defined\n",
      "exit_code": 1,
      "status": "Exception"
    },
    {
      "program": "def sum_Of_product(n: int) -> int:\n    \"\"\"\n\tWrite a python function to find the sum of the product of consecutive binomial co-efficients.\n\t\"\"\"\n    sum = 0\n    for i in range(1, n + 1):\n        sum += (factorial(n) // (factorial(i) * factorial(n - i))) * (factorial(n) // (factorial(i + 1) * factorial(n - i - 1)))\n    return sum\n\n\ndef check(candidate):\n    assert candidate(3) == 15\n    assert candidate(4) == 56\n    assert candidate(1) == 1\n\ndef test_check():\n    check(sum_Of_product)\n\ntest_check()\n",
      "timestamp": 1666123388,
      "stdout": "",
      "stderr": "Traceback (most recent call last):\n  File \"/tmp/tmponictrw4.py\", line 19, in <module>\n    test_check()\n  File \"/tmp/tmponictrw4.py\", line 17, in test_check\n    check(sum_Of_product)\n  File \"/tmp/tmponictrw4.py\", line 12, in check\n    assert candidate(3) == 15\n  File \"/tmp/tmponictrw4.py\", line 7, in sum_Of_product\n    sum += (factorial(n) // (factorial(i) * factorial(n - i))) * (factorial(n) // (factorial(i + 1) * factorial(n - i - 1)))\nNameError: name 'factorial' is not defined\n",
      "exit_code": 1,
      "status": "Exception"
    },
    {
      "program": "def sum_Of_product(n: int) -> int:\n    \"\"\"\n\tWrite a python function to find the sum of the product of consecutive binomial co-efficients.\n\t\"\"\"\n    sum = 0\n    for i in range(1, n + 1):\n        sum = sum + (binomial_coefficient(n, i) * binomial_coefficient(n, i + 1))\n    return sum\n\n\ndef check(candidate):\n    assert candidate(3) == 15\n    assert candidate(4) == 56\n    assert candidate(1) == 1\n\ndef test_check():\n    check(sum_Of_product)\n\ntest_check()\n",
      "timestamp": 1666123388,
      "stdout": "",
      "stderr": "Traceback (most recent call last):\n  File \"/tmp/tmpmm04pk0b.py\", line 19, in <module>\n    test_check()\n  File \"/tmp/tmpmm04pk0b.py\", line 17, in test_check\n    check(sum_Of_product)\n  File \"/tmp/tmpmm04pk0b.py\", line 12, in check\n    assert candidate(3) == 15\n  File \"/tmp/tmpmm04pk0b.py\", line 7, in sum_Of_product\n    sum = sum + (binomial_coefficient(n, i) * binomial_coefficient(n, i + 1))\nNameError: name 'binomial_coefficient' is not defined\n",
      "exit_code": 1,
      "status": "Exception"
    },
    {
      "program": "def sum_Of_product(n: int) -> int:\n    \"\"\"\n\tWrite a python function to find the sum of the product of consecutive binomial co-efficients.\n\t\"\"\"\n    sum = 0\n    for i in range(1, n + 1):\n        sum += binomial_coefficient(n, i) * binomial_coefficient(n, i + 1)\n    return sum\n\n\ndef check(candidate):\n    assert candidate(3) == 15\n    assert candidate(4) == 56\n    assert candidate(1) == 1\n\ndef test_check():\n    check(sum_Of_product)\n\ntest_check()\n",
      "timestamp": 1665510313,
      "stdout": "",
      "stderr": "Traceback (most recent call last):\n  File \"/tmp/tmp28x5smfj.py\", line 19, in <module>\n    test_check()\n  File \"/tmp/tmp28x5smfj.py\", line 17, in test_check\n    check(sum_Of_product)\n  File \"/tmp/tmp28x5smfj.py\", line 12, in check\n    assert candidate(3) == 15\n  File \"/tmp/tmp28x5smfj.py\", line 7, in sum_Of_product\n    sum += binomial_coefficient(n, i) * binomial_coefficient(n, i + 1)\nNameError: name 'binomial_coefficient' is not defined\n",
      "exit_code": 1,
      "status": "Exception"
    },
    {
      "program": "def sum_Of_product(n: int) -> int:\n    \"\"\"\n\tWrite a python function to find the sum of the product of consecutive binomial co-efficients.\n\t\"\"\"\n    if n == 1:\n        return 1\n    else:\n        return (n * (n + 1) // 2) * sum_Of_product(n - 1)\n\n\ndef check(candidate):\n    assert candidate(3) == 15\n    assert candidate(4) == 56\n    assert candidate(1) == 1\n\ndef test_check():\n    check(sum_Of_product)\n\ntest_check()\n",
      "timestamp": 1666123388,
      "stdout": "",
      "stderr": "Traceback (most recent call last):\n  File \"/tmp/tmpbavrmbis.py\", line 19, in <module>\n    test_check()\n  File \"/tmp/tmpbavrmbis.py\", line 17, in test_check\n    check(sum_Of_product)\n  File \"/tmp/tmpbavrmbis.py\", line 12, in check\n    assert candidate(3) == 15\nAssertionError\n",
      "exit_code": 1,
      "status": "Exception"
    },
    {
      "program": "def sum_Of_product(n: int) -> int:\n    \"\"\"\n\tWrite a python function to find the sum of the product of consecutive binomial co-efficients.\n\t\"\"\"\n    sum = 0\n    for i in range(1, n + 1):\n        sum += binomial_coefficient(n, i) * binomial_coefficient(n, i + 1)\n    return sum\n\n\ndef check(candidate):\n    assert candidate(3) == 15\n    assert candidate(4) == 56\n    assert candidate(1) == 1\n\ndef test_check():\n    check(sum_Of_product)\n\ntest_check()\n",
      "timestamp": 1665510313,
      "stdout": "",
      "stderr": "Traceback (most recent call last):\n  File \"/tmp/tmp28x5smfj.py\", line 19, in <module>\n    test_check()\n  File \"/tmp/tmp28x5smfj.py\", line 17, in test_check\n    check(sum_Of_product)\n  File \"/tmp/tmp28x5smfj.py\", line 12, in check\n    assert candidate(3) == 15\n  File \"/tmp/tmp28x5smfj.py\", line 7, in sum_Of_product\n    sum += binomial_coefficient(n, i) * binomial_coefficient(n, i + 1)\nNameError: name 'binomial_coefficient' is not defined\n",
      "exit_code": 1,
      "status": "Exception"
    },
    {
      "program": "def sum_Of_product(n: int) -> int:\n    \"\"\"\n\tWrite a python function to find the sum of the product of consecutive binomial co-efficients.\n\t\"\"\"\n    if n < 0:\n        return 0\n    else:\n        return n * (n + 1) // 2\n\n\ndef check(candidate):\n    assert candidate(3) == 15\n    assert candidate(4) == 56\n    assert candidate(1) == 1\n\ndef test_check():\n    check(sum_Of_product)\n\ntest_check()\n",
      "timestamp": 1665510313,
      "stdout": "",
      "stderr": "Traceback (most recent call last):\n  File \"/tmp/tmpcbalt342.py\", line 19, in <module>\n    test_check()\n  File \"/tmp/tmpcbalt342.py\", line 17, in test_check\n    check(sum_Of_product)\n  File \"/tmp/tmpcbalt342.py\", line 12, in check\n    assert candidate(3) == 15\nAssertionError\n",
      "exit_code": 1,
      "status": "Exception"
    },
    {
      "program": "def sum_Of_product(n: int) -> int:\n    \"\"\"\n\tWrite a python function to find the sum of the product of consecutive binomial co-efficients.\n\t\"\"\"\n    return sum(binomial(n, i) * binomial(n, i + 1) for i in range(n))\n\n\ndef check(candidate):\n    assert candidate(3) == 15\n    assert candidate(4) == 56\n    assert candidate(1) == 1\n\ndef test_check():\n    check(sum_Of_product)\n\ntest_check()\n",
      "timestamp": 1666123388,
      "stdout": "",
      "stderr": "Traceback (most recent call last):\n  File \"/tmp/tmphbn0_4z6.py\", line 16, in <module>\n    test_check()\n  File \"/tmp/tmphbn0_4z6.py\", line 14, in test_check\n    check(sum_Of_product)\n  File \"/tmp/tmphbn0_4z6.py\", line 9, in check\n    assert candidate(3) == 15\n  File \"/tmp/tmphbn0_4z6.py\", line 5, in sum_Of_product\n    return sum(binomial(n, i) * binomial(n, i + 1) for i in range(n))\n  File \"/tmp/tmphbn0_4z6.py\", line 5, in <genexpr>\n    return sum(binomial(n, i) * binomial(n, i + 1) for i in range(n))\nNameError: name 'binomial' is not defined\n",
      "exit_code": 1,
      "status": "Exception"
    },
    {
      "program": "def sum_Of_product(n: int) -> int:\n    \"\"\"\n\tWrite a python function to find the sum of the product of consecutive binomial co-efficients.\n\t\"\"\"\n    sum = 0\n    for i in range(1, n + 1):\n        sum += binomial_coefficient(n, i) * binomial_coefficient(n, i + 1)\n    return sum\n\n\ndef check(candidate):\n    assert candidate(3) == 15\n    assert candidate(4) == 56\n    assert candidate(1) == 1\n\ndef test_check():\n    check(sum_Of_product)\n\ntest_check()\n",
      "timestamp": 1665510313,
      "stdout": "",
      "stderr": "Traceback (most recent call last):\n  File \"/tmp/tmp28x5smfj.py\", line 19, in <module>\n    test_check()\n  File \"/tmp/tmp28x5smfj.py\", line 17, in test_check\n    check(sum_Of_product)\n  File \"/tmp/tmp28x5smfj.py\", line 12, in check\n    assert candidate(3) == 15\n  File \"/tmp/tmp28x5smfj.py\", line 7, in sum_Of_product\n    sum += binomial_coefficient(n, i) * binomial_coefficient(n, i + 1)\nNameError: name 'binomial_coefficient' is not defined\n",
      "exit_code": 1,
      "status": "Exception"
    },
    {
      "program": "def sum_Of_product(n: int) -> int:\n    \"\"\"\n\tWrite a python function to find the sum of the product of consecutive binomial co-efficients.\n\t\"\"\"\n    sum = 0\n    for i in range(1, n + 1):\n        sum += binomial_coefficient(n, i) * binomial_coefficient(n, i + 1)\n    return sum\n\n\ndef check(candidate):\n    assert candidate(3) == 15\n    assert candidate(4) == 56\n    assert candidate(1) == 1\n\ndef test_check():\n    check(sum_Of_product)\n\ntest_check()\n",
      "timestamp": 1665510313,
      "stdout": "",
      "stderr": "Traceback (most recent call last):\n  File \"/tmp/tmp28x5smfj.py\", line 19, in <module>\n    test_check()\n  File \"/tmp/tmp28x5smfj.py\", line 17, in test_check\n    check(sum_Of_product)\n  File \"/tmp/tmp28x5smfj.py\", line 12, in check\n    assert candidate(3) == 15\n  File \"/tmp/tmp28x5smfj.py\", line 7, in sum_Of_product\n    sum += binomial_coefficient(n, i) * binomial_coefficient(n, i + 1)\nNameError: name 'binomial_coefficient' is not defined\n",
      "exit_code": 1,
      "status": "Exception"
    },
    {
      "program": "def sum_Of_product(n: int) -> int:\n    \"\"\"\n\tWrite a python function to find the sum of the product of consecutive binomial co-efficients.\n\t\"\"\"\n    return sum(binomial(n, i) * binomial(n, i + 1) for i in range(n))\n\n\ndef check(candidate):\n    assert candidate(3) == 15\n    assert candidate(4) == 56\n    assert candidate(1) == 1\n\ndef test_check():\n    check(sum_Of_product)\n\ntest_check()\n",
      "timestamp": 1666123388,
      "stdout": "",
      "stderr": "Traceback (most recent call last):\n  File \"/tmp/tmphbn0_4z6.py\", line 16, in <module>\n    test_check()\n  File \"/tmp/tmphbn0_4z6.py\", line 14, in test_check\n    check(sum_Of_product)\n  File \"/tmp/tmphbn0_4z6.py\", line 9, in check\n    assert candidate(3) == 15\n  File \"/tmp/tmphbn0_4z6.py\", line 5, in sum_Of_product\n    return sum(binomial(n, i) * binomial(n, i + 1) for i in range(n))\n  File \"/tmp/tmphbn0_4z6.py\", line 5, in <genexpr>\n    return sum(binomial(n, i) * binomial(n, i + 1) for i in range(n))\nNameError: name 'binomial' is not defined\n",
      "exit_code": 1,
      "status": "Exception"
    },
    {
      "program": "def sum_Of_product(n: int) -> int:\n    \"\"\"\n\tWrite a python function to find the sum of the product of consecutive binomial co-efficients.\n\t\"\"\"\n    sum = 0\n    for i in range(1, n + 1):\n        sum += binomial_coefficient(n, i) * binomial_coefficient(n, i + 1)\n    return sum\n\n\ndef check(candidate):\n    assert candidate(3) == 15\n    assert candidate(4) == 56\n    assert candidate(1) == 1\n\ndef test_check():\n    check(sum_Of_product)\n\ntest_check()\n",
      "timestamp": 1665510313,
      "stdout": "",
      "stderr": "Traceback (most recent call last):\n  File \"/tmp/tmp28x5smfj.py\", line 19, in <module>\n    test_check()\n  File \"/tmp/tmp28x5smfj.py\", line 17, in test_check\n    check(sum_Of_product)\n  File \"/tmp/tmp28x5smfj.py\", line 12, in check\n    assert candidate(3) == 15\n  File \"/tmp/tmp28x5smfj.py\", line 7, in sum_Of_product\n    sum += binomial_coefficient(n, i) * binomial_coefficient(n, i + 1)\nNameError: name 'binomial_coefficient' is not defined\n",
      "exit_code": 1,
      "status": "Exception"
    },
    {
      "program": "def sum_Of_product(n: int) -> int:\n    \"\"\"\n\tWrite a python function to find the sum of the product of consecutive binomial co-efficients.\n\t\"\"\"\n    sum = 0\n    for i in range(1, n + 1):\n        sum += binomial_coefficient(n, i) * binomial_coefficient(n, i + 1)\n    return sum\n\n\ndef check(candidate):\n    assert candidate(3) == 15\n    assert candidate(4) == 56\n    assert candidate(1) == 1\n\ndef test_check():\n    check(sum_Of_product)\n\ntest_check()\n",
      "timestamp": 1665510313,
      "stdout": "",
      "stderr": "Traceback (most recent call last):\n  File \"/tmp/tmp28x5smfj.py\", line 19, in <module>\n    test_check()\n  File \"/tmp/tmp28x5smfj.py\", line 17, in test_check\n    check(sum_Of_product)\n  File \"/tmp/tmp28x5smfj.py\", line 12, in check\n    assert candidate(3) == 15\n  File \"/tmp/tmp28x5smfj.py\", line 7, in sum_Of_product\n    sum += binomial_coefficient(n, i) * binomial_coefficient(n, i + 1)\nNameError: name 'binomial_coefficient' is not defined\n",
      "exit_code": 1,
      "status": "Exception"
    },
    {
      "program": "def sum_Of_product(n: int) -> int:\n    \"\"\"\n\tWrite a python function to find the sum of the product of consecutive binomial co-efficients.\n\t\"\"\"\n    sum = 0\n    for i in range(1, n + 1):\n        sum += (binomial_coefficient(n, i) * binomial_coefficient(n, i + 1))\n    return sum\n\n\ndef check(candidate):\n    assert candidate(3) == 15\n    assert candidate(4) == 56\n    assert candidate(1) == 1\n\ndef test_check():\n    check(sum_Of_product)\n\ntest_check()\n",
      "timestamp": 1665510313,
      "stdout": "",
      "stderr": "Traceback (most recent call last):\n  File \"/tmp/tmpcczu7s6a.py\", line 19, in <module>\n    test_check()\n  File \"/tmp/tmpcczu7s6a.py\", line 17, in test_check\n    check(sum_Of_product)\n  File \"/tmp/tmpcczu7s6a.py\", line 12, in check\n    assert candidate(3) == 15\n  File \"/tmp/tmpcczu7s6a.py\", line 7, in sum_Of_product\n    sum += (binomial_coefficient(n, i) * binomial_coefficient(n, i + 1))\nNameError: name 'binomial_coefficient' is not defined\n",
      "exit_code": 1,
      "status": "Exception"
    },
    {
      "program": "def sum_Of_product(n: int) -> int:\n    \"\"\"\n\tWrite a python function to find the sum of the product of consecutive binomial co-efficients.\n\t\"\"\"\n    sum = 0\n    for i in range(1, n + 1):\n        sum += binomial_coefficient(n, i) * binomial_coefficient(n, i + 1)\n    return sum\n\n\ndef check(candidate):\n    assert candidate(3) == 15\n    assert candidate(4) == 56\n    assert candidate(1) == 1\n\ndef test_check():\n    check(sum_Of_product)\n\ntest_check()\n",
      "timestamp": 1665510313,
      "stdout": "",
      "stderr": "Traceback (most recent call last):\n  File \"/tmp/tmp28x5smfj.py\", line 19, in <module>\n    test_check()\n  File \"/tmp/tmp28x5smfj.py\", line 17, in test_check\n    check(sum_Of_product)\n  File \"/tmp/tmp28x5smfj.py\", line 12, in check\n    assert candidate(3) == 15\n  File \"/tmp/tmp28x5smfj.py\", line 7, in sum_Of_product\n    sum += binomial_coefficient(n, i) * binomial_coefficient(n, i + 1)\nNameError: name 'binomial_coefficient' is not defined\n",
      "exit_code": 1,
      "status": "Exception"
    },
    {
      "program": "def sum_Of_product(n: int) -> int:\n    \"\"\"\n\tWrite a python function to find the sum of the product of consecutive binomial co-efficients.\n\t\"\"\"\n    sum = 0\n    for i in range(1, n + 1):\n        sum += binomial_coefficient(n, i) * binomial_coefficient(n, i + 1)\n    return sum\n\n\ndef check(candidate):\n    assert candidate(3) == 15\n    assert candidate(4) == 56\n    assert candidate(1) == 1\n\ndef test_check():\n    check(sum_Of_product)\n\ntest_check()\n",
      "timestamp": 1665510313,
      "stdout": "",
      "stderr": "Traceback (most recent call last):\n  File \"/tmp/tmp28x5smfj.py\", line 19, in <module>\n    test_check()\n  File \"/tmp/tmp28x5smfj.py\", line 17, in test_check\n    check(sum_Of_product)\n  File \"/tmp/tmp28x5smfj.py\", line 12, in check\n    assert candidate(3) == 15\n  File \"/tmp/tmp28x5smfj.py\", line 7, in sum_Of_product\n    sum += binomial_coefficient(n, i) * binomial_coefficient(n, i + 1)\nNameError: name 'binomial_coefficient' is not defined\n",
      "exit_code": 1,
      "status": "Exception"
    },
    {
      "program": "def sum_Of_product(n: int) -> int:\n    \"\"\"\n\tWrite a python function to find the sum of the product of consecutive binomial co-efficients.\n\t\"\"\"\n    sum = 0\n    for i in range(1, n + 1):\n        sum += binomial_coefficient(n, i) * binomial_coefficient(n, i + 1)\n    return sum\n\n\ndef check(candidate):\n    assert candidate(3) == 15\n    assert candidate(4) == 56\n    assert candidate(1) == 1\n\ndef test_check():\n    check(sum_Of_product)\n\ntest_check()\n",
      "timestamp": 1665510313,
      "stdout": "",
      "stderr": "Traceback (most recent call last):\n  File \"/tmp/tmp28x5smfj.py\", line 19, in <module>\n    test_check()\n  File \"/tmp/tmp28x5smfj.py\", line 17, in test_check\n    check(sum_Of_product)\n  File \"/tmp/tmp28x5smfj.py\", line 12, in check\n    assert candidate(3) == 15\n  File \"/tmp/tmp28x5smfj.py\", line 7, in sum_Of_product\n    sum += binomial_coefficient(n, i) * binomial_coefficient(n, i + 1)\nNameError: name 'binomial_coefficient' is not defined\n",
      "exit_code": 1,
      "status": "Exception"
    },
    {
      "program": "def sum_Of_product(n: int) -> int:\n    \"\"\"\n\tWrite a python function to find the sum of the product of consecutive binomial co-efficients.\n\t\"\"\"\n    sum = 0\n    for i in range(1, n + 1):\n        sum += binomial_coefficient(n, i) * binomial_coefficient(n, i + 1)\n    return sum\n\n\ndef check(candidate):\n    assert candidate(3) == 15\n    assert candidate(4) == 56\n    assert candidate(1) == 1\n\ndef test_check():\n    check(sum_Of_product)\n\ntest_check()\n",
      "timestamp": 1665510313,
      "stdout": "",
      "stderr": "Traceback (most recent call last):\n  File \"/tmp/tmp28x5smfj.py\", line 19, in <module>\n    test_check()\n  File \"/tmp/tmp28x5smfj.py\", line 17, in test_check\n    check(sum_Of_product)\n  File \"/tmp/tmp28x5smfj.py\", line 12, in check\n    assert candidate(3) == 15\n  File \"/tmp/tmp28x5smfj.py\", line 7, in sum_Of_product\n    sum += binomial_coefficient(n, i) * binomial_coefficient(n, i + 1)\nNameError: name 'binomial_coefficient' is not defined\n",
      "exit_code": 1,
      "status": "Exception"
    },
    {
      "program": "def sum_Of_product(n: int) -> int:\n    \"\"\"\n\tWrite a python function to find the sum of the product of consecutive binomial co-efficients.\n\t\"\"\"\n    sum = 0\n    for i in range(1, n + 1):\n        sum += binomial_coefficient(n, i) * binomial_coefficient(n, i + 1)\n    return sum\n\n\ndef check(candidate):\n    assert candidate(3) == 15\n    assert candidate(4) == 56\n    assert candidate(1) == 1\n\ndef test_check():\n    check(sum_Of_product)\n\ntest_check()\n",
      "timestamp": 1665510313,
      "stdout": "",
      "stderr": "Traceback (most recent call last):\n  File \"/tmp/tmp28x5smfj.py\", line 19, in <module>\n    test_check()\n  File \"/tmp/tmp28x5smfj.py\", line 17, in test_check\n    check(sum_Of_product)\n  File \"/tmp/tmp28x5smfj.py\", line 12, in check\n    assert candidate(3) == 15\n  File \"/tmp/tmp28x5smfj.py\", line 7, in sum_Of_product\n    sum += binomial_coefficient(n, i) * binomial_coefficient(n, i + 1)\nNameError: name 'binomial_coefficient' is not defined\n",
      "exit_code": 1,
      "status": "Exception"
    },
    {
      "program": "def sum_Of_product(n: int) -> int:\n    \"\"\"\n\tWrite a python function to find the sum of the product of consecutive binomial co-efficients.\n\t\"\"\"\n    sum = 0\n    for i in range(1, n + 1):\n        sum += binomial_coefficient(n, i) * binomial_coefficient(n, i + 1)\n    return sum\n\n\ndef check(candidate):\n    assert candidate(3) == 15\n    assert candidate(4) == 56\n    assert candidate(1) == 1\n\ndef test_check():\n    check(sum_Of_product)\n\ntest_check()\n",
      "timestamp": 1665510313,
      "stdout": "",
      "stderr": "Traceback (most recent call last):\n  File \"/tmp/tmp28x5smfj.py\", line 19, in <module>\n    test_check()\n  File \"/tmp/tmp28x5smfj.py\", line 17, in test_check\n    check(sum_Of_product)\n  File \"/tmp/tmp28x5smfj.py\", line 12, in check\n    assert candidate(3) == 15\n  File \"/tmp/tmp28x5smfj.py\", line 7, in sum_Of_product\n    sum += binomial_coefficient(n, i) * binomial_coefficient(n, i + 1)\nNameError: name 'binomial_coefficient' is not defined\n",
      "exit_code": 1,
      "status": "Exception"
    },
    {
      "program": "def sum_Of_product(n: int) -> int:\n    \"\"\"\n\tWrite a python function to find the sum of the product of consecutive binomial co-efficients.\n\t\"\"\"\n    sum = 0\n    for i in range(1, n + 1):\n        sum += binomial_coefficient(n, i) * binomial_coefficient(n, i + 1)\n    return sum\n\n\ndef check(candidate):\n    assert candidate(3) == 15\n    assert candidate(4) == 56\n    assert candidate(1) == 1\n\ndef test_check():\n    check(sum_Of_product)\n\ntest_check()\n",
      "timestamp": 1665510313,
      "stdout": "",
      "stderr": "Traceback (most recent call last):\n  File \"/tmp/tmp28x5smfj.py\", line 19, in <module>\n    test_check()\n  File \"/tmp/tmp28x5smfj.py\", line 17, in test_check\n    check(sum_Of_product)\n  File \"/tmp/tmp28x5smfj.py\", line 12, in check\n    assert candidate(3) == 15\n  File \"/tmp/tmp28x5smfj.py\", line 7, in sum_Of_product\n    sum += binomial_coefficient(n, i) * binomial_coefficient(n, i + 1)\nNameError: name 'binomial_coefficient' is not defined\n",
      "exit_code": 1,
      "status": "Exception"
    },
    {
      "program": "def sum_Of_product(n: int) -> int:\n    \"\"\"\n\tWrite a python function to find the sum of the product of consecutive binomial co-efficients.\n\t\"\"\"\n    sum = 0\n    for i in range(1, n + 1):\n        sum += binomial_coefficient(n, i) * binomial_coefficient(n, i + 1)\n    return sum\n\n\ndef check(candidate):\n    assert candidate(3) == 15\n    assert candidate(4) == 56\n    assert candidate(1) == 1\n\ndef test_check():\n    check(sum_Of_product)\n\ntest_check()\n",
      "timestamp": 1665510313,
      "stdout": "",
      "stderr": "Traceback (most recent call last):\n  File \"/tmp/tmp28x5smfj.py\", line 19, in <module>\n    test_check()\n  File \"/tmp/tmp28x5smfj.py\", line 17, in test_check\n    check(sum_Of_product)\n  File \"/tmp/tmp28x5smfj.py\", line 12, in check\n    assert candidate(3) == 15\n  File \"/tmp/tmp28x5smfj.py\", line 7, in sum_Of_product\n    sum += binomial_coefficient(n, i) * binomial_coefficient(n, i + 1)\nNameError: name 'binomial_coefficient' is not defined\n",
      "exit_code": 1,
      "status": "Exception"
    },
    {
      "program": "def sum_Of_product(n: int) -> int:\n    \"\"\"\n\tWrite a python function to find the sum of the product of consecutive binomial co-efficients.\n\t\"\"\"\n    return sum(binomial(n, k) * binomial(n, k + 1) for k in range(n))\n\n\ndef check(candidate):\n    assert candidate(3) == 15\n    assert candidate(4) == 56\n    assert candidate(1) == 1\n\ndef test_check():\n    check(sum_Of_product)\n\ntest_check()\n",
      "timestamp": 1666123388,
      "stdout": "",
      "stderr": "Traceback (most recent call last):\n  File \"/tmp/tmpc6whc3zz.py\", line 16, in <module>\n    test_check()\n  File \"/tmp/tmpc6whc3zz.py\", line 14, in test_check\n    check(sum_Of_product)\n  File \"/tmp/tmpc6whc3zz.py\", line 9, in check\n    assert candidate(3) == 15\n  File \"/tmp/tmpc6whc3zz.py\", line 5, in sum_Of_product\n    return sum(binomial(n, k) * binomial(n, k + 1) for k in range(n))\n  File \"/tmp/tmpc6whc3zz.py\", line 5, in <genexpr>\n    return sum(binomial(n, k) * binomial(n, k + 1) for k in range(n))\nNameError: name 'binomial' is not defined\n",
      "exit_code": 1,
      "status": "Exception"
    },
    {
      "program": "def sum_Of_product(n: int) -> int:\n    \"\"\"\n\tWrite a python function to find the sum of the product of consecutive binomial co-efficients.\n\t\"\"\"\n    sum = 0\n    for i in range(1, n + 1):\n        sum += binomial_coefficient(n, i) * binomial_coefficient(n, i + 1)\n    return sum\n\n\ndef check(candidate):\n    assert candidate(3) == 15\n    assert candidate(4) == 56\n    assert candidate(1) == 1\n\ndef test_check():\n    check(sum_Of_product)\n\ntest_check()\n",
      "timestamp": 1665510313,
      "stdout": "",
      "stderr": "Traceback (most recent call last):\n  File \"/tmp/tmp28x5smfj.py\", line 19, in <module>\n    test_check()\n  File \"/tmp/tmp28x5smfj.py\", line 17, in test_check\n    check(sum_Of_product)\n  File \"/tmp/tmp28x5smfj.py\", line 12, in check\n    assert candidate(3) == 15\n  File \"/tmp/tmp28x5smfj.py\", line 7, in sum_Of_product\n    sum += binomial_coefficient(n, i) * binomial_coefficient(n, i + 1)\nNameError: name 'binomial_coefficient' is not defined\n",
      "exit_code": 1,
      "status": "Exception"
    },
    {
      "program": "def sum_Of_product(n: int) -> int:\n    \"\"\"\n\tWrite a python function to find the sum of the product of consecutive binomial co-efficients.\n\t\"\"\"\n    return sum(binomial_coefficient(n, i) * binomial_coefficient(n, i + 1) for i in range(n))\n\n\ndef check(candidate):\n    assert candidate(3) == 15\n    assert candidate(4) == 56\n    assert candidate(1) == 1\n\ndef test_check():\n    check(sum_Of_product)\n\ntest_check()\n",
      "timestamp": 1665510313,
      "stdout": "",
      "stderr": "Traceback (most recent call last):\n  File \"/tmp/tmpbegw44z_.py\", line 16, in <module>\n    test_check()\n  File \"/tmp/tmpbegw44z_.py\", line 14, in test_check\n    check(sum_Of_product)\n  File \"/tmp/tmpbegw44z_.py\", line 9, in check\n    assert candidate(3) == 15\n  File \"/tmp/tmpbegw44z_.py\", line 5, in sum_Of_product\n    return sum(binomial_coefficient(n, i) * binomial_coefficient(n, i + 1) for i in range(n))\n  File \"/tmp/tmpbegw44z_.py\", line 5, in <genexpr>\n    return sum(binomial_coefficient(n, i) * binomial_coefficient(n, i + 1) for i in range(n))\nNameError: name 'binomial_coefficient' is not defined\n",
      "exit_code": 1,
      "status": "Exception"
    },
    {
      "program": "def sum_Of_product(n: int) -> int:\n    \"\"\"\n\tWrite a python function to find the sum of the product of consecutive binomial co-efficients.\n\t\"\"\"\n    sum = 0\n    for i in range(1, n + 1):\n        sum += binomial_coefficient(n, i) * binomial_coefficient(n, i + 1)\n    return sum\n\n\ndef check(candidate):\n    assert candidate(3) == 15\n    assert candidate(4) == 56\n    assert candidate(1) == 1\n\ndef test_check():\n    check(sum_Of_product)\n\ntest_check()\n",
      "timestamp": 1665510313,
      "stdout": "",
      "stderr": "Traceback (most recent call last):\n  File \"/tmp/tmp28x5smfj.py\", line 19, in <module>\n    test_check()\n  File \"/tmp/tmp28x5smfj.py\", line 17, in test_check\n    check(sum_Of_product)\n  File \"/tmp/tmp28x5smfj.py\", line 12, in check\n    assert candidate(3) == 15\n  File \"/tmp/tmp28x5smfj.py\", line 7, in sum_Of_product\n    sum += binomial_coefficient(n, i) * binomial_coefficient(n, i + 1)\nNameError: name 'binomial_coefficient' is not defined\n",
      "exit_code": 1,
      "status": "Exception"
    },
    {
      "program": "def sum_Of_product(n: int) -> int:\n    \"\"\"\n\tWrite a python function to find the sum of the product of consecutive binomial co-efficients.\n\t\"\"\"\n    sum = 0\n    for i in range(n):\n        sum += binomial_coefficient(n, i) * binomial_coefficient(n, i + 1)\n    return sum\n\n\ndef check(candidate):\n    assert candidate(3) == 15\n    assert candidate(4) == 56\n    assert candidate(1) == 1\n\ndef test_check():\n    check(sum_Of_product)\n\ntest_check()\n",
      "timestamp": 1666123388,
      "stdout": "",
      "stderr": "Traceback (most recent call last):\n  File \"/tmp/tmpw8s99yyl.py\", line 19, in <module>\n    test_check()\n  File \"/tmp/tmpw8s99yyl.py\", line 17, in test_check\n    check(sum_Of_product)\n  File \"/tmp/tmpw8s99yyl.py\", line 12, in check\n    assert candidate(3) == 15\n  File \"/tmp/tmpw8s99yyl.py\", line 7, in sum_Of_product\n    sum += binomial_coefficient(n, i) * binomial_coefficient(n, i + 1)\nNameError: name 'binomial_coefficient' is not defined\n",
      "exit_code": 1,
      "status": "Exception"
    },
    {
      "program": "def sum_Of_product(n: int) -> int:\n    \"\"\"\n\tWrite a python function to find the sum of the product of consecutive binomial co-efficients.\n\t\"\"\"\n    sum = 0\n    for i in range(1, n + 1):\n        sum += binomial_coefficient(n, i) * binomial_coefficient(n, i + 1)\n    return sum\n\n\ndef check(candidate):\n    assert candidate(3) == 15\n    assert candidate(4) == 56\n    assert candidate(1) == 1\n\ndef test_check():\n    check(sum_Of_product)\n\ntest_check()\n",
      "timestamp": 1665510313,
      "stdout": "",
      "stderr": "Traceback (most recent call last):\n  File \"/tmp/tmp28x5smfj.py\", line 19, in <module>\n    test_check()\n  File \"/tmp/tmp28x5smfj.py\", line 17, in test_check\n    check(sum_Of_product)\n  File \"/tmp/tmp28x5smfj.py\", line 12, in check\n    assert candidate(3) == 15\n  File \"/tmp/tmp28x5smfj.py\", line 7, in sum_Of_product\n    sum += binomial_coefficient(n, i) * binomial_coefficient(n, i + 1)\nNameError: name 'binomial_coefficient' is not defined\n",
      "exit_code": 1,
      "status": "Exception"
    },
    {
      "program": "def sum_Of_product(n: int) -> int:\n    \"\"\"\n\tWrite a python function to find the sum of the product of consecutive binomial co-efficients.\n\t\"\"\"\n    sum = 0\n    for i in range(1, n + 1):\n        sum += binomial_coefficient(n, i) * binomial_coefficient(n, i + 1)\n    return sum\n\n\ndef check(candidate):\n    assert candidate(3) == 15\n    assert candidate(4) == 56\n    assert candidate(1) == 1\n\ndef test_check():\n    check(sum_Of_product)\n\ntest_check()\n",
      "timestamp": 1665510313,
      "stdout": "",
      "stderr": "Traceback (most recent call last):\n  File \"/tmp/tmp28x5smfj.py\", line 19, in <module>\n    test_check()\n  File \"/tmp/tmp28x5smfj.py\", line 17, in test_check\n    check(sum_Of_product)\n  File \"/tmp/tmp28x5smfj.py\", line 12, in check\n    assert candidate(3) == 15\n  File \"/tmp/tmp28x5smfj.py\", line 7, in sum_Of_product\n    sum += binomial_coefficient(n, i) * binomial_coefficient(n, i + 1)\nNameError: name 'binomial_coefficient' is not defined\n",
      "exit_code": 1,
      "status": "Exception"
    },
    {
      "program": "def sum_Of_product(n: int) -> int:\n    \"\"\"\n\tWrite a python function to find the sum of the product of consecutive binomial co-efficients.\n\t\"\"\"\n    sum = 0\n    for i in range(1, n + 1):\n        sum += binomial_coefficient(n, i) * binomial_coefficient(n, i + 1)\n    return sum\n\n\ndef check(candidate):\n    assert candidate(3) == 15\n    assert candidate(4) == 56\n    assert candidate(1) == 1\n\ndef test_check():\n    check(sum_Of_product)\n\ntest_check()\n",
      "timestamp": 1665510313,
      "stdout": "",
      "stderr": "Traceback (most recent call last):\n  File \"/tmp/tmp28x5smfj.py\", line 19, in <module>\n    test_check()\n  File \"/tmp/tmp28x5smfj.py\", line 17, in test_check\n    check(sum_Of_product)\n  File \"/tmp/tmp28x5smfj.py\", line 12, in check\n    assert candidate(3) == 15\n  File \"/tmp/tmp28x5smfj.py\", line 7, in sum_Of_product\n    sum += binomial_coefficient(n, i) * binomial_coefficient(n, i + 1)\nNameError: name 'binomial_coefficient' is not defined\n",
      "exit_code": 1,
      "status": "Exception"
    },
    {
      "program": "def sum_Of_product(n: int) -> int:\n    \"\"\"\n\tWrite a python function to find the sum of the product of consecutive binomial co-efficients.\n\t\"\"\"\n    sum = 0\n    for i in range(1, n + 1):\n        sum += binomial_coefficient(n, i) * binomial_coefficient(n, i + 1)\n    return sum\n\n\ndef check(candidate):\n    assert candidate(3) == 15\n    assert candidate(4) == 56\n    assert candidate(1) == 1\n\ndef test_check():\n    check(sum_Of_product)\n\ntest_check()\n",
      "timestamp": 1665510313,
      "stdout": "",
      "stderr": "Traceback (most recent call last):\n  File \"/tmp/tmp28x5smfj.py\", line 19, in <module>\n    test_check()\n  File \"/tmp/tmp28x5smfj.py\", line 17, in test_check\n    check(sum_Of_product)\n  File \"/tmp/tmp28x5smfj.py\", line 12, in check\n    assert candidate(3) == 15\n  File \"/tmp/tmp28x5smfj.py\", line 7, in sum_Of_product\n    sum += binomial_coefficient(n, i) * binomial_coefficient(n, i + 1)\nNameError: name 'binomial_coefficient' is not defined\n",
      "exit_code": 1,
      "status": "Exception"
    },
    {
      "program": "def sum_Of_product(n: int) -> int:\n    \"\"\"\n\tWrite a python function to find the sum of the product of consecutive binomial co-efficients.\n\t\"\"\"\n    sum = 0\n    for i in range(1, n + 1):\n        sum += binomial_coefficient(n, i) * binomial_coefficient(n, i + 1)\n    return sum\n\n\ndef check(candidate):\n    assert candidate(3) == 15\n    assert candidate(4) == 56\n    assert candidate(1) == 1\n\ndef test_check():\n    check(sum_Of_product)\n\ntest_check()\n",
      "timestamp": 1665510313,
      "stdout": "",
      "stderr": "Traceback (most recent call last):\n  File \"/tmp/tmp28x5smfj.py\", line 19, in <module>\n    test_check()\n  File \"/tmp/tmp28x5smfj.py\", line 17, in test_check\n    check(sum_Of_product)\n  File \"/tmp/tmp28x5smfj.py\", line 12, in check\n    assert candidate(3) == 15\n  File \"/tmp/tmp28x5smfj.py\", line 7, in sum_Of_product\n    sum += binomial_coefficient(n, i) * binomial_coefficient(n, i + 1)\nNameError: name 'binomial_coefficient' is not defined\n",
      "exit_code": 1,
      "status": "Exception"
    },
    {
      "program": "def sum_Of_product(n: int) -> int:\n    \"\"\"\n\tWrite a python function to find the sum of the product of consecutive binomial co-efficients.\n\t\"\"\"\n    sum = 0\n    for i in range(1, n + 1):\n        sum += binomial_coefficient(n, i) * binomial_coefficient(n, i + 1)\n    return sum\n\n\ndef check(candidate):\n    assert candidate(3) == 15\n    assert candidate(4) == 56\n    assert candidate(1) == 1\n\ndef test_check():\n    check(sum_Of_product)\n\ntest_check()\n",
      "timestamp": 1665510313,
      "stdout": "",
      "stderr": "Traceback (most recent call last):\n  File \"/tmp/tmp28x5smfj.py\", line 19, in <module>\n    test_check()\n  File \"/tmp/tmp28x5smfj.py\", line 17, in test_check\n    check(sum_Of_product)\n  File \"/tmp/tmp28x5smfj.py\", line 12, in check\n    assert candidate(3) == 15\n  File \"/tmp/tmp28x5smfj.py\", line 7, in sum_Of_product\n    sum += binomial_coefficient(n, i) * binomial_coefficient(n, i + 1)\nNameError: name 'binomial_coefficient' is not defined\n",
      "exit_code": 1,
      "status": "Exception"
    },
    {
      "program": "def sum_Of_product(n: int) -> int:\n    \"\"\"\n\tWrite a python function to find the sum of the product of consecutive binomial co-efficients.\n\t\"\"\"\n    sum = 0\n    for i in range(1, n + 1):\n        sum += binomial_coefficient(n, i) * binomial_coefficient(n, i + 1)\n    return sum\n\n\ndef check(candidate):\n    assert candidate(3) == 15\n    assert candidate(4) == 56\n    assert candidate(1) == 1\n\ndef test_check():\n    check(sum_Of_product)\n\ntest_check()\n",
      "timestamp": 1665510313,
      "stdout": "",
      "stderr": "Traceback (most recent call last):\n  File \"/tmp/tmp28x5smfj.py\", line 19, in <module>\n    test_check()\n  File \"/tmp/tmp28x5smfj.py\", line 17, in test_check\n    check(sum_Of_product)\n  File \"/tmp/tmp28x5smfj.py\", line 12, in check\n    assert candidate(3) == 15\n  File \"/tmp/tmp28x5smfj.py\", line 7, in sum_Of_product\n    sum += binomial_coefficient(n, i) * binomial_coefficient(n, i + 1)\nNameError: name 'binomial_coefficient' is not defined\n",
      "exit_code": 1,
      "status": "Exception"
    },
    {
      "program": "def sum_Of_product(n: int) -> int:\n    \"\"\"\n\tWrite a python function to find the sum of the product of consecutive binomial co-efficients.\n\t\"\"\"\n    sum = 0\n    for i in range(1, n + 1):\n        sum += binomial_coefficient(n, i) * binomial_coefficient(n, i + 1)\n    return sum\n\n\ndef check(candidate):\n    assert candidate(3) == 15\n    assert candidate(4) == 56\n    assert candidate(1) == 1\n\ndef test_check():\n    check(sum_Of_product)\n\ntest_check()\n",
      "timestamp": 1665510313,
      "stdout": "",
      "stderr": "Traceback (most recent call last):\n  File \"/tmp/tmp28x5smfj.py\", line 19, in <module>\n    test_check()\n  File \"/tmp/tmp28x5smfj.py\", line 17, in test_check\n    check(sum_Of_product)\n  File \"/tmp/tmp28x5smfj.py\", line 12, in check\n    assert candidate(3) == 15\n  File \"/tmp/tmp28x5smfj.py\", line 7, in sum_Of_product\n    sum += binomial_coefficient(n, i) * binomial_coefficient(n, i + 1)\nNameError: name 'binomial_coefficient' is not defined\n",
      "exit_code": 1,
      "status": "Exception"
    },
    {
      "program": "def sum_Of_product(n: int) -> int:\n    \"\"\"\n\tWrite a python function to find the sum of the product of consecutive binomial co-efficients.\n\t\"\"\"\n    sum = 0\n    for i in range(1, n + 1):\n        sum += binomial_coefficient(n, i) * binomial_coefficient(n, i + 1)\n    return sum\n\n\ndef check(candidate):\n    assert candidate(3) == 15\n    assert candidate(4) == 56\n    assert candidate(1) == 1\n\ndef test_check():\n    check(sum_Of_product)\n\ntest_check()\n",
      "timestamp": 1665510313,
      "stdout": "",
      "stderr": "Traceback (most recent call last):\n  File \"/tmp/tmp28x5smfj.py\", line 19, in <module>\n    test_check()\n  File \"/tmp/tmp28x5smfj.py\", line 17, in test_check\n    check(sum_Of_product)\n  File \"/tmp/tmp28x5smfj.py\", line 12, in check\n    assert candidate(3) == 15\n  File \"/tmp/tmp28x5smfj.py\", line 7, in sum_Of_product\n    sum += binomial_coefficient(n, i) * binomial_coefficient(n, i + 1)\nNameError: name 'binomial_coefficient' is not defined\n",
      "exit_code": 1,
      "status": "Exception"
    },
    {
      "program": "def sum_Of_product(n: int) -> int:\n    \"\"\"\n\tWrite a python function to find the sum of the product of consecutive binomial co-efficients.\n\t\"\"\"\n    if n < 0:\n        return 0\n    else:\n        return (n * (n + 1) * (2 * n + 1)) // 6\n\n\ndef check(candidate):\n    assert candidate(3) == 15\n    assert candidate(4) == 56\n    assert candidate(1) == 1\n\ndef test_check():\n    check(sum_Of_product)\n\ntest_check()\n",
      "timestamp": 1665510313,
      "stdout": "",
      "stderr": "Traceback (most recent call last):\n  File \"/tmp/tmpj5qzbv_4.py\", line 19, in <module>\n    test_check()\n  File \"/tmp/tmpj5qzbv_4.py\", line 17, in test_check\n    check(sum_Of_product)\n  File \"/tmp/tmpj5qzbv_4.py\", line 12, in check\n    assert candidate(3) == 15\nAssertionError\n",
      "exit_code": 1,
      "status": "Exception"
    },
    {
      "program": "def sum_Of_product(n: int) -> int:\n    \"\"\"\n\tWrite a python function to find the sum of the product of consecutive binomial co-efficients.\n\t\"\"\"\n    sum = 0\n    for i in range(1, n + 1):\n        sum += binomial_coefficient(n, i) * binomial_coefficient(n, i + 1)\n    return sum\n\n\ndef check(candidate):\n    assert candidate(3) == 15\n    assert candidate(4) == 56\n    assert candidate(1) == 1\n\ndef test_check():\n    check(sum_Of_product)\n\ntest_check()\n",
      "timestamp": 1665510313,
      "stdout": "",
      "stderr": "Traceback (most recent call last):\n  File \"/tmp/tmp28x5smfj.py\", line 19, in <module>\n    test_check()\n  File \"/tmp/tmp28x5smfj.py\", line 17, in test_check\n    check(sum_Of_product)\n  File \"/tmp/tmp28x5smfj.py\", line 12, in check\n    assert candidate(3) == 15\n  File \"/tmp/tmp28x5smfj.py\", line 7, in sum_Of_product\n    sum += binomial_coefficient(n, i) * binomial_coefficient(n, i + 1)\nNameError: name 'binomial_coefficient' is not defined\n",
      "exit_code": 1,
      "status": "Exception"
    },
    {
      "program": "def sum_Of_product(n: int) -> int:\n    \"\"\"\n\tWrite a python function to find the sum of the product of consecutive binomial co-efficients.\n\t\"\"\"\n    sum = 0\n    for i in range(1, n + 1):\n        sum += binomial_coefficient(n, i) * binomial_coefficient(n, i + 1)\n    return sum\n\n\ndef check(candidate):\n    assert candidate(3) == 15\n    assert candidate(4) == 56\n    assert candidate(1) == 1\n\ndef test_check():\n    check(sum_Of_product)\n\ntest_check()\n",
      "timestamp": 1665510313,
      "stdout": "",
      "stderr": "Traceback (most recent call last):\n  File \"/tmp/tmp28x5smfj.py\", line 19, in <module>\n    test_check()\n  File \"/tmp/tmp28x5smfj.py\", line 17, in test_check\n    check(sum_Of_product)\n  File \"/tmp/tmp28x5smfj.py\", line 12, in check\n    assert candidate(3) == 15\n  File \"/tmp/tmp28x5smfj.py\", line 7, in sum_Of_product\n    sum += binomial_coefficient(n, i) * binomial_coefficient(n, i + 1)\nNameError: name 'binomial_coefficient' is not defined\n",
      "exit_code": 1,
      "status": "Exception"
    },
    {
      "program": "def sum_Of_product(n: int) -> int:\n    \"\"\"\n\tWrite a python function to find the sum of the product of consecutive binomial co-efficients.\n\t\"\"\"\n    return sum(math.factorial(n) // (math.factorial(i) * math.factorial(n - i)) for i in range(n + 1))\n\n\ndef check(candidate):\n    assert candidate(3) == 15\n    assert candidate(4) == 56\n    assert candidate(1) == 1\n\ndef test_check():\n    check(sum_Of_product)\n\ntest_check()\n",
      "timestamp": 1666123388,
      "stdout": "",
      "stderr": "Traceback (most recent call last):\n  File \"/tmp/tmpktqsst4h.py\", line 16, in <module>\n    test_check()\n  File \"/tmp/tmpktqsst4h.py\", line 14, in test_check\n    check(sum_Of_product)\n  File \"/tmp/tmpktqsst4h.py\", line 9, in check\n    assert candidate(3) == 15\n  File \"/tmp/tmpktqsst4h.py\", line 5, in sum_Of_product\n    return sum(math.factorial(n) // (math.factorial(i) * math.factorial(n - i)) for i in range(n + 1))\n  File \"/tmp/tmpktqsst4h.py\", line 5, in <genexpr>\n    return sum(math.factorial(n) // (math.factorial(i) * math.factorial(n - i)) for i in range(n + 1))\nNameError: name 'math' is not defined\n",
      "exit_code": 1,
      "status": "Exception"
    },
    {
      "program": "def sum_Of_product(n: int) -> int:\n    \"\"\"\n\tWrite a python function to find the sum of the product of consecutive binomial co-efficients.\n\t\"\"\"\n    sum = 0\n    for i in range(1, n + 1):\n        sum += binomial_coefficient(n, i) * binomial_coefficient(n, i + 1)\n    return sum\n\n\ndef check(candidate):\n    assert candidate(3) == 15\n    assert candidate(4) == 56\n    assert candidate(1) == 1\n\ndef test_check():\n    check(sum_Of_product)\n\ntest_check()\n",
      "timestamp": 1665510313,
      "stdout": "",
      "stderr": "Traceback (most recent call last):\n  File \"/tmp/tmp28x5smfj.py\", line 19, in <module>\n    test_check()\n  File \"/tmp/tmp28x5smfj.py\", line 17, in test_check\n    check(sum_Of_product)\n  File \"/tmp/tmp28x5smfj.py\", line 12, in check\n    assert candidate(3) == 15\n  File \"/tmp/tmp28x5smfj.py\", line 7, in sum_Of_product\n    sum += binomial_coefficient(n, i) * binomial_coefficient(n, i + 1)\nNameError: name 'binomial_coefficient' is not defined\n",
      "exit_code": 1,
      "status": "Exception"
    },
    {
      "program": "def sum_Of_product(n: int) -> int:\n    \"\"\"\n\tWrite a python function to find the sum of the product of consecutive binomial co-efficients.\n\t\"\"\"\n    sum = 0\n    for i in range(1, n + 1):\n        sum += binomial_coefficient(n, i) * binomial_coefficient(n, i + 1)\n    return sum\n\n\ndef check(candidate):\n    assert candidate(3) == 15\n    assert candidate(4) == 56\n    assert candidate(1) == 1\n\ndef test_check():\n    check(sum_Of_product)\n\ntest_check()\n",
      "timestamp": 1665510313,
      "stdout": "",
      "stderr": "Traceback (most recent call last):\n  File \"/tmp/tmp28x5smfj.py\", line 19, in <module>\n    test_check()\n  File \"/tmp/tmp28x5smfj.py\", line 17, in test_check\n    check(sum_Of_product)\n  File \"/tmp/tmp28x5smfj.py\", line 12, in check\n    assert candidate(3) == 15\n  File \"/tmp/tmp28x5smfj.py\", line 7, in sum_Of_product\n    sum += binomial_coefficient(n, i) * binomial_coefficient(n, i + 1)\nNameError: name 'binomial_coefficient' is not defined\n",
      "exit_code": 1,
      "status": "Exception"
    },
    {
      "program": "def sum_Of_product(n: int) -> int:\n    \"\"\"\n\tWrite a python function to find the sum of the product of consecutive binomial co-efficients.\n\t\"\"\"\n    sum = 0\n    for i in range(1, n + 1):\n        sum += binomial_coefficient(n, i) * binomial_coefficient(n, i + 1)\n    return sum\n\n\ndef check(candidate):\n    assert candidate(3) == 15\n    assert candidate(4) == 56\n    assert candidate(1) == 1\n\ndef test_check():\n    check(sum_Of_product)\n\ntest_check()\n",
      "timestamp": 1665510313,
      "stdout": "",
      "stderr": "Traceback (most recent call last):\n  File \"/tmp/tmp28x5smfj.py\", line 19, in <module>\n    test_check()\n  File \"/tmp/tmp28x5smfj.py\", line 17, in test_check\n    check(sum_Of_product)\n  File \"/tmp/tmp28x5smfj.py\", line 12, in check\n    assert candidate(3) == 15\n  File \"/tmp/tmp28x5smfj.py\", line 7, in sum_Of_product\n    sum += binomial_coefficient(n, i) * binomial_coefficient(n, i + 1)\nNameError: name 'binomial_coefficient' is not defined\n",
      "exit_code": 1,
      "status": "Exception"
    },
    {
      "program": "def sum_Of_product(n: int) -> int:\n    \"\"\"\n\tWrite a python function to find the sum of the product of consecutive binomial co-efficients.\n\t\"\"\"\n    sum = 0\n    for i in range(1, n + 1):\n        sum += binomial_coefficient(n, i) * binomial_coefficient(n, i + 1)\n    return sum\n\n\ndef check(candidate):\n    assert candidate(3) == 15\n    assert candidate(4) == 56\n    assert candidate(1) == 1\n\ndef test_check():\n    check(sum_Of_product)\n\ntest_check()\n",
      "timestamp": 1665510313,
      "stdout": "",
      "stderr": "Traceback (most recent call last):\n  File \"/tmp/tmp28x5smfj.py\", line 19, in <module>\n    test_check()\n  File \"/tmp/tmp28x5smfj.py\", line 17, in test_check\n    check(sum_Of_product)\n  File \"/tmp/tmp28x5smfj.py\", line 12, in check\n    assert candidate(3) == 15\n  File \"/tmp/tmp28x5smfj.py\", line 7, in sum_Of_product\n    sum += binomial_coefficient(n, i) * binomial_coefficient(n, i + 1)\nNameError: name 'binomial_coefficient' is not defined\n",
      "exit_code": 1,
      "status": "Exception"
    },
    {
      "program": "def sum_Of_product(n: int) -> int:\n    \"\"\"\n\tWrite a python function to find the sum of the product of consecutive binomial co-efficients.\n\t\"\"\"\n    sum = 0\n    for i in range(1, n + 1):\n        sum += binomial_coefficient(n, i) * binomial_coefficient(n, i + 1)\n    return sum\n\n\ndef check(candidate):\n    assert candidate(3) == 15\n    assert candidate(4) == 56\n    assert candidate(1) == 1\n\ndef test_check():\n    check(sum_Of_product)\n\ntest_check()\n",
      "timestamp": 1665510313,
      "stdout": "",
      "stderr": "Traceback (most recent call last):\n  File \"/tmp/tmp28x5smfj.py\", line 19, in <module>\n    test_check()\n  File \"/tmp/tmp28x5smfj.py\", line 17, in test_check\n    check(sum_Of_product)\n  File \"/tmp/tmp28x5smfj.py\", line 12, in check\n    assert candidate(3) == 15\n  File \"/tmp/tmp28x5smfj.py\", line 7, in sum_Of_product\n    sum += binomial_coefficient(n, i) * binomial_coefficient(n, i + 1)\nNameError: name 'binomial_coefficient' is not defined\n",
      "exit_code": 1,
      "status": "Exception"
    },
    {
      "program": "def sum_Of_product(n: int) -> int:\n    \"\"\"\n\tWrite a python function to find the sum of the product of consecutive binomial co-efficients.\n\t\"\"\"\n    sum = 0\n    for i in range(1, n + 1):\n        for j in range(1, i + 1):\n            sum += (factorial(i) // (factorial(j) * factorial(i - j)))\n    return sum\n\n\ndef check(candidate):\n    assert candidate(3) == 15\n    assert candidate(4) == 56\n    assert candidate(1) == 1\n\ndef test_check():\n    check(sum_Of_product)\n\ntest_check()\n",
      "timestamp": 1666123388,
      "stdout": "",
      "stderr": "Traceback (most recent call last):\n  File \"/tmp/tmpxqzsi862.py\", line 20, in <module>\n    test_check()\n  File \"/tmp/tmpxqzsi862.py\", line 18, in test_check\n    check(sum_Of_product)\n  File \"/tmp/tmpxqzsi862.py\", line 13, in check\n    assert candidate(3) == 15\n  File \"/tmp/tmpxqzsi862.py\", line 8, in sum_Of_product\n    sum += (factorial(i) // (factorial(j) * factorial(i - j)))\nNameError: name 'factorial' is not defined\n",
      "exit_code": 1,
      "status": "Exception"
    },
    {
      "program": "def sum_Of_product(n: int) -> int:\n    \"\"\"\n\tWrite a python function to find the sum of the product of consecutive binomial co-efficients.\n\t\"\"\"\n    sum = 0\n    for i in range(1, n + 1):\n        sum += (binomial_coefficient(n, i) * binomial_coefficient(n, i + 1))\n    return sum\n\n\ndef check(candidate):\n    assert candidate(3) == 15\n    assert candidate(4) == 56\n    assert candidate(1) == 1\n\ndef test_check():\n    check(sum_Of_product)\n\ntest_check()\n",
      "timestamp": 1665510313,
      "stdout": "",
      "stderr": "Traceback (most recent call last):\n  File \"/tmp/tmpcczu7s6a.py\", line 19, in <module>\n    test_check()\n  File \"/tmp/tmpcczu7s6a.py\", line 17, in test_check\n    check(sum_Of_product)\n  File \"/tmp/tmpcczu7s6a.py\", line 12, in check\n    assert candidate(3) == 15\n  File \"/tmp/tmpcczu7s6a.py\", line 7, in sum_Of_product\n    sum += (binomial_coefficient(n, i) * binomial_coefficient(n, i + 1))\nNameError: name 'binomial_coefficient' is not defined\n",
      "exit_code": 1,
      "status": "Exception"
    },
    {
      "program": "def sum_Of_product(n: int) -> int:\n    \"\"\"\n\tWrite a python function to find the sum of the product of consecutive binomial co-efficients.\n\t\"\"\"\n    sum_of_product = 0\n    for i in range(1, n + 1):\n        sum_of_product += (factorial(n) // (factorial(i) * factorial(n - i)))\n    return sum_of_product\n\n\ndef check(candidate):\n    assert candidate(3) == 15\n    assert candidate(4) == 56\n    assert candidate(1) == 1\n\ndef test_check():\n    check(sum_Of_product)\n\ntest_check()\n",
      "timestamp": 1666123388,
      "stdout": "",
      "stderr": "Traceback (most recent call last):\n  File \"/tmp/tmphiyyrkkc.py\", line 19, in <module>\n    test_check()\n  File \"/tmp/tmphiyyrkkc.py\", line 17, in test_check\n    check(sum_Of_product)\n  File \"/tmp/tmphiyyrkkc.py\", line 12, in check\n    assert candidate(3) == 15\n  File \"/tmp/tmphiyyrkkc.py\", line 7, in sum_Of_product\n    sum_of_product += (factorial(n) // (factorial(i) * factorial(n - i)))\nNameError: name 'factorial' is not defined\n",
      "exit_code": 1,
      "status": "Exception"
    },
    {
      "program": "def sum_Of_product(n: int) -> int:\n    \"\"\"\n\tWrite a python function to find the sum of the product of consecutive binomial co-efficients.\n\t\"\"\"\n    sum = 0\n    for i in range(1, n + 1):\n        sum += binomial_coefficient(n, i) * binomial_coefficient(n, i + 1)\n    return sum\n\n\ndef check(candidate):\n    assert candidate(3) == 15\n    assert candidate(4) == 56\n    assert candidate(1) == 1\n\ndef test_check():\n    check(sum_Of_product)\n\ntest_check()\n",
      "timestamp": 1665510313,
      "stdout": "",
      "stderr": "Traceback (most recent call last):\n  File \"/tmp/tmp28x5smfj.py\", line 19, in <module>\n    test_check()\n  File \"/tmp/tmp28x5smfj.py\", line 17, in test_check\n    check(sum_Of_product)\n  File \"/tmp/tmp28x5smfj.py\", line 12, in check\n    assert candidate(3) == 15\n  File \"/tmp/tmp28x5smfj.py\", line 7, in sum_Of_product\n    sum += binomial_coefficient(n, i) * binomial_coefficient(n, i + 1)\nNameError: name 'binomial_coefficient' is not defined\n",
      "exit_code": 1,
      "status": "Exception"
    },
    {
      "program": "def sum_Of_product(n: int) -> int:\n    \"\"\"\n\tWrite a python function to find the sum of the product of consecutive binomial co-efficients.\n\t\"\"\"\n    sum = 0\n    for i in range(n):\n        sum += binomial_coefficient(n, i) * binomial_coefficient(n, i + 1)\n    return sum\n\n\ndef check(candidate):\n    assert candidate(3) == 15\n    assert candidate(4) == 56\n    assert candidate(1) == 1\n\ndef test_check():\n    check(sum_Of_product)\n\ntest_check()\n",
      "timestamp": 1666123388,
      "stdout": "",
      "stderr": "Traceback (most recent call last):\n  File \"/tmp/tmpw8s99yyl.py\", line 19, in <module>\n    test_check()\n  File \"/tmp/tmpw8s99yyl.py\", line 17, in test_check\n    check(sum_Of_product)\n  File \"/tmp/tmpw8s99yyl.py\", line 12, in check\n    assert candidate(3) == 15\n  File \"/tmp/tmpw8s99yyl.py\", line 7, in sum_Of_product\n    sum += binomial_coefficient(n, i) * binomial_coefficient(n, i + 1)\nNameError: name 'binomial_coefficient' is not defined\n",
      "exit_code": 1,
      "status": "Exception"
    },
    {
      "program": "def sum_Of_product(n: int) -> int:\n    \"\"\"\n\tWrite a python function to find the sum of the product of consecutive binomial co-efficients.\n\t\"\"\"\n    sum = 0\n    for i in range(1, n + 1):\n        sum += binomial_coefficient(n, i) * binomial_coefficient(n, i + 1)\n    return sum\n\n\ndef check(candidate):\n    assert candidate(3) == 15\n    assert candidate(4) == 56\n    assert candidate(1) == 1\n\ndef test_check():\n    check(sum_Of_product)\n\ntest_check()\n",
      "timestamp": 1665510313,
      "stdout": "",
      "stderr": "Traceback (most recent call last):\n  File \"/tmp/tmp28x5smfj.py\", line 19, in <module>\n    test_check()\n  File \"/tmp/tmp28x5smfj.py\", line 17, in test_check\n    check(sum_Of_product)\n  File \"/tmp/tmp28x5smfj.py\", line 12, in check\n    assert candidate(3) == 15\n  File \"/tmp/tmp28x5smfj.py\", line 7, in sum_Of_product\n    sum += binomial_coefficient(n, i) * binomial_coefficient(n, i + 1)\nNameError: name 'binomial_coefficient' is not defined\n",
      "exit_code": 1,
      "status": "Exception"
    },
    {
      "program": "def sum_Of_product(n: int) -> int:\n    \"\"\"\n\tWrite a python function to find the sum of the product of consecutive binomial co-efficients.\n\t\"\"\"\n    sum = 0\n    for i in range(1, n + 1):\n        sum += binomial_coefficient(n, i) * binomial_coefficient(n, i + 1)\n    return sum\n\n\ndef check(candidate):\n    assert candidate(3) == 15\n    assert candidate(4) == 56\n    assert candidate(1) == 1\n\ndef test_check():\n    check(sum_Of_product)\n\ntest_check()\n",
      "timestamp": 1665510313,
      "stdout": "",
      "stderr": "Traceback (most recent call last):\n  File \"/tmp/tmp28x5smfj.py\", line 19, in <module>\n    test_check()\n  File \"/tmp/tmp28x5smfj.py\", line 17, in test_check\n    check(sum_Of_product)\n  File \"/tmp/tmp28x5smfj.py\", line 12, in check\n    assert candidate(3) == 15\n  File \"/tmp/tmp28x5smfj.py\", line 7, in sum_Of_product\n    sum += binomial_coefficient(n, i) * binomial_coefficient(n, i + 1)\nNameError: name 'binomial_coefficient' is not defined\n",
      "exit_code": 1,
      "status": "Exception"
    },
    {
      "program": "def sum_Of_product(n: int) -> int:\n    \"\"\"\n\tWrite a python function to find the sum of the product of consecutive binomial co-efficients.\n\t\"\"\"\n    sum = 0\n    for i in range(1, n + 1):\n        sum += binomial_coefficient(n, i) * binomial_coefficient(n, i + 1)\n    return sum\n\n\ndef check(candidate):\n    assert candidate(3) == 15\n    assert candidate(4) == 56\n    assert candidate(1) == 1\n\ndef test_check():\n    check(sum_Of_product)\n\ntest_check()\n",
      "timestamp": 1665510313,
      "stdout": "",
      "stderr": "Traceback (most recent call last):\n  File \"/tmp/tmp28x5smfj.py\", line 19, in <module>\n    test_check()\n  File \"/tmp/tmp28x5smfj.py\", line 17, in test_check\n    check(sum_Of_product)\n  File \"/tmp/tmp28x5smfj.py\", line 12, in check\n    assert candidate(3) == 15\n  File \"/tmp/tmp28x5smfj.py\", line 7, in sum_Of_product\n    sum += binomial_coefficient(n, i) * binomial_coefficient(n, i + 1)\nNameError: name 'binomial_coefficient' is not defined\n",
      "exit_code": 1,
      "status": "Exception"
    },
    {
      "program": "def sum_Of_product(n: int) -> int:\n    \"\"\"\n\tWrite a python function to find the sum of the product of consecutive binomial co-efficients.\n\t\"\"\"\n    sum = 0\n    for i in range(1, n + 1):\n        for j in range(1, i + 1):\n            sum += nCr(i, j) * nCr(i, j + 1)\n    return sum\n\n\ndef check(candidate):\n    assert candidate(3) == 15\n    assert candidate(4) == 56\n    assert candidate(1) == 1\n\ndef test_check():\n    check(sum_Of_product)\n\ntest_check()\n",
      "timestamp": 1666123388,
      "stdout": "",
      "stderr": "Traceback (most recent call last):\n  File \"/tmp/tmpbri1t_j0.py\", line 20, in <module>\n    test_check()\n  File \"/tmp/tmpbri1t_j0.py\", line 18, in test_check\n    check(sum_Of_product)\n  File \"/tmp/tmpbri1t_j0.py\", line 13, in check\n    assert candidate(3) == 15\n  File \"/tmp/tmpbri1t_j0.py\", line 8, in sum_Of_product\n    sum += nCr(i, j) * nCr(i, j + 1)\nNameError: name 'nCr' is not defined\n",
      "exit_code": 1,
      "status": "Exception"
    },
    {
      "program": "def sum_Of_product(n: int) -> int:\n    \"\"\"\n\tWrite a python function to find the sum of the product of consecutive binomial co-efficients.\n\t\"\"\"\n    sum = 0\n    for i in range(1, n + 1):\n        sum += binomial_coefficient(n, i) * binomial_coefficient(n, i + 1)\n    return sum\n\n\ndef check(candidate):\n    assert candidate(3) == 15\n    assert candidate(4) == 56\n    assert candidate(1) == 1\n\ndef test_check():\n    check(sum_Of_product)\n\ntest_check()\n",
      "timestamp": 1665510313,
      "stdout": "",
      "stderr": "Traceback (most recent call last):\n  File \"/tmp/tmp28x5smfj.py\", line 19, in <module>\n    test_check()\n  File \"/tmp/tmp28x5smfj.py\", line 17, in test_check\n    check(sum_Of_product)\n  File \"/tmp/tmp28x5smfj.py\", line 12, in check\n    assert candidate(3) == 15\n  File \"/tmp/tmp28x5smfj.py\", line 7, in sum_Of_product\n    sum += binomial_coefficient(n, i) * binomial_coefficient(n, i + 1)\nNameError: name 'binomial_coefficient' is not defined\n",
      "exit_code": 1,
      "status": "Exception"
    },
    {
      "program": "def sum_Of_product(n: int) -> int:\n    \"\"\"\n\tWrite a python function to find the sum of the product of consecutive binomial co-efficients.\n\t\"\"\"\n    sum = 0\n    for i in range(1, n + 1):\n        sum += binomial_coefficient(n, i) * binomial_coefficient(n, i + 1)\n    return sum\n\n\ndef check(candidate):\n    assert candidate(3) == 15\n    assert candidate(4) == 56\n    assert candidate(1) == 1\n\ndef test_check():\n    check(sum_Of_product)\n\ntest_check()\n",
      "timestamp": 1665510313,
      "stdout": "",
      "stderr": "Traceback (most recent call last):\n  File \"/tmp/tmp28x5smfj.py\", line 19, in <module>\n    test_check()\n  File \"/tmp/tmp28x5smfj.py\", line 17, in test_check\n    check(sum_Of_product)\n  File \"/tmp/tmp28x5smfj.py\", line 12, in check\n    assert candidate(3) == 15\n  File \"/tmp/tmp28x5smfj.py\", line 7, in sum_Of_product\n    sum += binomial_coefficient(n, i) * binomial_coefficient(n, i + 1)\nNameError: name 'binomial_coefficient' is not defined\n",
      "exit_code": 1,
      "status": "Exception"
    },
    {
      "program": "def sum_Of_product(n: int) -> int:\n    \"\"\"\n\tWrite a python function to find the sum of the product of consecutive binomial co-efficients.\n\t\"\"\"\n    sum = 0\n    for i in range(1, n + 1):\n        sum += binomial_coefficient(n, i) * binomial_coefficient(n, i + 1)\n    return sum\n\n\ndef check(candidate):\n    assert candidate(3) == 15\n    assert candidate(4) == 56\n    assert candidate(1) == 1\n\ndef test_check():\n    check(sum_Of_product)\n\ntest_check()\n",
      "timestamp": 1665510313,
      "stdout": "",
      "stderr": "Traceback (most recent call last):\n  File \"/tmp/tmp28x5smfj.py\", line 19, in <module>\n    test_check()\n  File \"/tmp/tmp28x5smfj.py\", line 17, in test_check\n    check(sum_Of_product)\n  File \"/tmp/tmp28x5smfj.py\", line 12, in check\n    assert candidate(3) == 15\n  File \"/tmp/tmp28x5smfj.py\", line 7, in sum_Of_product\n    sum += binomial_coefficient(n, i) * binomial_coefficient(n, i + 1)\nNameError: name 'binomial_coefficient' is not defined\n",
      "exit_code": 1,
      "status": "Exception"
    },
    {
      "program": "def sum_Of_product(n: int) -> int:\n    \"\"\"\n\tWrite a python function to find the sum of the product of consecutive binomial co-efficients.\n\t\"\"\"\n    sum = 0\n    for i in range(1, n + 1):\n        sum += binomial_coefficient(n, i) * binomial_coefficient(n, i + 1)\n    return sum\n\n\ndef check(candidate):\n    assert candidate(3) == 15\n    assert candidate(4) == 56\n    assert candidate(1) == 1\n\ndef test_check():\n    check(sum_Of_product)\n\ntest_check()\n",
      "timestamp": 1665510313,
      "stdout": "",
      "stderr": "Traceback (most recent call last):\n  File \"/tmp/tmp28x5smfj.py\", line 19, in <module>\n    test_check()\n  File \"/tmp/tmp28x5smfj.py\", line 17, in test_check\n    check(sum_Of_product)\n  File \"/tmp/tmp28x5smfj.py\", line 12, in check\n    assert candidate(3) == 15\n  File \"/tmp/tmp28x5smfj.py\", line 7, in sum_Of_product\n    sum += binomial_coefficient(n, i) * binomial_coefficient(n, i + 1)\nNameError: name 'binomial_coefficient' is not defined\n",
      "exit_code": 1,
      "status": "Exception"
    },
    {
      "program": "def sum_Of_product(n: int) -> int:\n    \"\"\"\n\tWrite a python function to find the sum of the product of consecutive binomial co-efficients.\n\t\"\"\"\n    return sum(binomial_coefficient(n, i) * binomial_coefficient(n, i + 1) for i in range(n))\n\n\ndef check(candidate):\n    assert candidate(3) == 15\n    assert candidate(4) == 56\n    assert candidate(1) == 1\n\ndef test_check():\n    check(sum_Of_product)\n\ntest_check()\n",
      "timestamp": 1665510313,
      "stdout": "",
      "stderr": "Traceback (most recent call last):\n  File \"/tmp/tmpbegw44z_.py\", line 16, in <module>\n    test_check()\n  File \"/tmp/tmpbegw44z_.py\", line 14, in test_check\n    check(sum_Of_product)\n  File \"/tmp/tmpbegw44z_.py\", line 9, in check\n    assert candidate(3) == 15\n  File \"/tmp/tmpbegw44z_.py\", line 5, in sum_Of_product\n    return sum(binomial_coefficient(n, i) * binomial_coefficient(n, i + 1) for i in range(n))\n  File \"/tmp/tmpbegw44z_.py\", line 5, in <genexpr>\n    return sum(binomial_coefficient(n, i) * binomial_coefficient(n, i + 1) for i in range(n))\nNameError: name 'binomial_coefficient' is not defined\n",
      "exit_code": 1,
      "status": "Exception"
    },
    {
      "program": "def sum_Of_product(n: int) -> int:\n    \"\"\"\n\tWrite a python function to find the sum of the product of consecutive binomial co-efficients.\n\t\"\"\"\n    sum = 0\n    for i in range(1, n+1):\n        sum += binomial_coefficient(n, i) * binomial_coefficient(n, i+1)\n    return sum\n\n\ndef check(candidate):\n    assert candidate(3) == 15\n    assert candidate(4) == 56\n    assert candidate(1) == 1\n\ndef test_check():\n    check(sum_Of_product)\n\ntest_check()\n",
      "timestamp": 1666123388,
      "stdout": "",
      "stderr": "Traceback (most recent call last):\n  File \"/tmp/tmpkjzfd1h4.py\", line 19, in <module>\n    test_check()\n  File \"/tmp/tmpkjzfd1h4.py\", line 17, in test_check\n    check(sum_Of_product)\n  File \"/tmp/tmpkjzfd1h4.py\", line 12, in check\n    assert candidate(3) == 15\n  File \"/tmp/tmpkjzfd1h4.py\", line 7, in sum_Of_product\n    sum += binomial_coefficient(n, i) * binomial_coefficient(n, i+1)\nNameError: name 'binomial_coefficient' is not defined\n",
      "exit_code": 1,
      "status": "Exception"
    },
    {
      "program": "def sum_Of_product(n: int) -> int:\n    \"\"\"\n\tWrite a python function to find the sum of the product of consecutive binomial co-efficients.\n\t\"\"\"\n    sum = 0\n    for i in range(1, n + 1):\n        sum += (factorial(n) / (factorial(i) * factorial(n - i))) * (factorial(n) / (factorial(i + 1) * factorial(n - i - 1)))\n    return sum\n\n\ndef check(candidate):\n    assert candidate(3) == 15\n    assert candidate(4) == 56\n    assert candidate(1) == 1\n\ndef test_check():\n    check(sum_Of_product)\n\ntest_check()\n",
      "timestamp": 1665510313,
      "stdout": "",
      "stderr": "Traceback (most recent call last):\n  File \"/tmp/tmpnajb98ov.py\", line 19, in <module>\n    test_check()\n  File \"/tmp/tmpnajb98ov.py\", line 17, in test_check\n    check(sum_Of_product)\n  File \"/tmp/tmpnajb98ov.py\", line 12, in check\n    assert candidate(3) == 15\n  File \"/tmp/tmpnajb98ov.py\", line 7, in sum_Of_product\n    sum += (factorial(n) / (factorial(i) * factorial(n - i))) * (factorial(n) / (factorial(i + 1) * factorial(n - i - 1)))\nNameError: name 'factorial' is not defined\n",
      "exit_code": 1,
      "status": "Exception"
    },
    {
      "program": "def sum_Of_product(n: int) -> int:\n    \"\"\"\n\tWrite a python function to find the sum of the product of consecutive binomial co-efficients.\n\t\"\"\"\n    sum = 0\n    for i in range(1, n + 1):\n        sum += binomial_coefficient(n, i) * binomial_coefficient(n, i + 1)\n    return sum\n\n\ndef check(candidate):\n    assert candidate(3) == 15\n    assert candidate(4) == 56\n    assert candidate(1) == 1\n\ndef test_check():\n    check(sum_Of_product)\n\ntest_check()\n",
      "timestamp": 1665510313,
      "stdout": "",
      "stderr": "Traceback (most recent call last):\n  File \"/tmp/tmp28x5smfj.py\", line 19, in <module>\n    test_check()\n  File \"/tmp/tmp28x5smfj.py\", line 17, in test_check\n    check(sum_Of_product)\n  File \"/tmp/tmp28x5smfj.py\", line 12, in check\n    assert candidate(3) == 15\n  File \"/tmp/tmp28x5smfj.py\", line 7, in sum_Of_product\n    sum += binomial_coefficient(n, i) * binomial_coefficient(n, i + 1)\nNameError: name 'binomial_coefficient' is not defined\n",
      "exit_code": 1,
      "status": "Exception"
    },
    {
      "program": "def sum_Of_product(n: int) -> int:\n    \"\"\"\n\tWrite a python function to find the sum of the product of consecutive binomial co-efficients.\n\t\"\"\"\n    return sum([math.factorial(n) / (math.factorial(i) * math.factorial(n - i)) for i in range(1, n + 1)])\n\n\ndef check(candidate):\n    assert candidate(3) == 15\n    assert candidate(4) == 56\n    assert candidate(1) == 1\n\ndef test_check():\n    check(sum_Of_product)\n\ntest_check()\n",
      "timestamp": 1666123388,
      "stdout": "",
      "stderr": "Traceback (most recent call last):\n  File \"/tmp/tmpssoivjs4.py\", line 16, in <module>\n    test_check()\n  File \"/tmp/tmpssoivjs4.py\", line 14, in test_check\n    check(sum_Of_product)\n  File \"/tmp/tmpssoivjs4.py\", line 9, in check\n    assert candidate(3) == 15\n  File \"/tmp/tmpssoivjs4.py\", line 5, in sum_Of_product\n    return sum([math.factorial(n) / (math.factorial(i) * math.factorial(n - i)) for i in range(1, n + 1)])\n  File \"/tmp/tmpssoivjs4.py\", line 5, in <listcomp>\n    return sum([math.factorial(n) / (math.factorial(i) * math.factorial(n - i)) for i in range(1, n + 1)])\nNameError: name 'math' is not defined\n",
      "exit_code": 1,
      "status": "Exception"
    },
    {
      "program": "def sum_Of_product(n: int) -> int:\n    \"\"\"\n\tWrite a python function to find the sum of the product of consecutive binomial co-efficients.\n\t\"\"\"\n    sum = 0\n    for i in range(1, n + 1):\n        sum += (binomial_coefficient(n, i) * binomial_coefficient(n, i + 1))\n    return sum\n\n\ndef check(candidate):\n    assert candidate(3) == 15\n    assert candidate(4) == 56\n    assert candidate(1) == 1\n\ndef test_check():\n    check(sum_Of_product)\n\ntest_check()\n",
      "timestamp": 1665510313,
      "stdout": "",
      "stderr": "Traceback (most recent call last):\n  File \"/tmp/tmpcczu7s6a.py\", line 19, in <module>\n    test_check()\n  File \"/tmp/tmpcczu7s6a.py\", line 17, in test_check\n    check(sum_Of_product)\n  File \"/tmp/tmpcczu7s6a.py\", line 12, in check\n    assert candidate(3) == 15\n  File \"/tmp/tmpcczu7s6a.py\", line 7, in sum_Of_product\n    sum += (binomial_coefficient(n, i) * binomial_coefficient(n, i + 1))\nNameError: name 'binomial_coefficient' is not defined\n",
      "exit_code": 1,
      "status": "Exception"
    },
    {
      "program": "def sum_Of_product(n: int) -> int:\n    \"\"\"\n\tWrite a python function to find the sum of the product of consecutive binomial co-efficients.\n\t\"\"\"\n    sum = 0\n    for i in range(1, n + 1):\n        sum += binomial_coefficient(n, i) * binomial_coefficient(n, i + 1)\n    return sum\n\n\ndef check(candidate):\n    assert candidate(3) == 15\n    assert candidate(4) == 56\n    assert candidate(1) == 1\n\ndef test_check():\n    check(sum_Of_product)\n\ntest_check()\n",
      "timestamp": 1665510313,
      "stdout": "",
      "stderr": "Traceback (most recent call last):\n  File \"/tmp/tmp28x5smfj.py\", line 19, in <module>\n    test_check()\n  File \"/tmp/tmp28x5smfj.py\", line 17, in test_check\n    check(sum_Of_product)\n  File \"/tmp/tmp28x5smfj.py\", line 12, in check\n    assert candidate(3) == 15\n  File \"/tmp/tmp28x5smfj.py\", line 7, in sum_Of_product\n    sum += binomial_coefficient(n, i) * binomial_coefficient(n, i + 1)\nNameError: name 'binomial_coefficient' is not defined\n",
      "exit_code": 1,
      "status": "Exception"
    },
    {
      "program": "def sum_Of_product(n: int) -> int:\n    \"\"\"\n\tWrite a python function to find the sum of the product of consecutive binomial co-efficients.\n\t\"\"\"\n    sum = 0\n    for i in range(1, n + 1):\n        sum += binomial_coefficient(n, i) * binomial_coefficient(n, i + 1)\n    return sum\n\n\ndef check(candidate):\n    assert candidate(3) == 15\n    assert candidate(4) == 56\n    assert candidate(1) == 1\n\ndef test_check():\n    check(sum_Of_product)\n\ntest_check()\n",
      "timestamp": 1665510313,
      "stdout": "",
      "stderr": "Traceback (most recent call last):\n  File \"/tmp/tmp28x5smfj.py\", line 19, in <module>\n    test_check()\n  File \"/tmp/tmp28x5smfj.py\", line 17, in test_check\n    check(sum_Of_product)\n  File \"/tmp/tmp28x5smfj.py\", line 12, in check\n    assert candidate(3) == 15\n  File \"/tmp/tmp28x5smfj.py\", line 7, in sum_Of_product\n    sum += binomial_coefficient(n, i) * binomial_coefficient(n, i + 1)\nNameError: name 'binomial_coefficient' is not defined\n",
      "exit_code": 1,
      "status": "Exception"
    },
    {
      "program": "def sum_Of_product(n: int) -> int:\n    \"\"\"\n\tWrite a python function to find the sum of the product of consecutive binomial co-efficients.\n\t\"\"\"\n    sum = 0\n    for i in range(1, n + 1):\n        sum += binomial_coefficient(n, i) * binomial_coefficient(n, i + 1)\n    return sum\n\n\ndef check(candidate):\n    assert candidate(3) == 15\n    assert candidate(4) == 56\n    assert candidate(1) == 1\n\ndef test_check():\n    check(sum_Of_product)\n\ntest_check()\n",
      "timestamp": 1665510313,
      "stdout": "",
      "stderr": "Traceback (most recent call last):\n  File \"/tmp/tmp28x5smfj.py\", line 19, in <module>\n    test_check()\n  File \"/tmp/tmp28x5smfj.py\", line 17, in test_check\n    check(sum_Of_product)\n  File \"/tmp/tmp28x5smfj.py\", line 12, in check\n    assert candidate(3) == 15\n  File \"/tmp/tmp28x5smfj.py\", line 7, in sum_Of_product\n    sum += binomial_coefficient(n, i) * binomial_coefficient(n, i + 1)\nNameError: name 'binomial_coefficient' is not defined\n",
      "exit_code": 1,
      "status": "Exception"
    },
    {
      "program": "def sum_Of_product(n: int) -> int:\n    \"\"\"\n\tWrite a python function to find the sum of the product of consecutive binomial co-efficients.\n\t\"\"\"\n    if n < 2:\n        return 0\n    else:\n        return n * (n - 1) + sum_Of_product(n - 1)\n\n\ndef check(candidate):\n    assert candidate(3) == 15\n    assert candidate(4) == 56\n    assert candidate(1) == 1\n\ndef test_check():\n    check(sum_Of_product)\n\ntest_check()\n",
      "timestamp": 1666123388,
      "stdout": "",
      "stderr": "Traceback (most recent call last):\n  File \"/tmp/tmpdy8ziqss.py\", line 19, in <module>\n    test_check()\n  File \"/tmp/tmpdy8ziqss.py\", line 17, in test_check\n    check(sum_Of_product)\n  File \"/tmp/tmpdy8ziqss.py\", line 12, in check\n    assert candidate(3) == 15\nAssertionError\n",
      "exit_code": 1,
      "status": "Exception"
    },
    {
      "program": "def sum_Of_product(n: int) -> int:\n    \"\"\"\n\tWrite a python function to find the sum of the product of consecutive binomial co-efficients.\n\t\"\"\"\n    n = int(n)\n    if n <= 0:\n        return 0\n    else:\n        return n * (n + 1) // 2\n\n\ndef check(candidate):\n    assert candidate(3) == 15\n    assert candidate(4) == 56\n    assert candidate(1) == 1\n\ndef test_check():\n    check(sum_Of_product)\n\ntest_check()\n",
      "timestamp": 1666123388,
      "stdout": "",
      "stderr": "Traceback (most recent call last):\n  File \"/tmp/tmpdec84k4p.py\", line 20, in <module>\n    test_check()\n  File \"/tmp/tmpdec84k4p.py\", line 18, in test_check\n    check(sum_Of_product)\n  File \"/tmp/tmpdec84k4p.py\", line 13, in check\n    assert candidate(3) == 15\nAssertionError\n",
      "exit_code": 1,
      "status": "Exception"
    },
    {
      "program": "def sum_Of_product(n: int) -> int:\n    \"\"\"\n\tWrite a python function to find the sum of the product of consecutive binomial co-efficients.\n\t\"\"\"\n    if n < 0:\n        return 0\n    else:\n        return n * (n + 1) // 2\n\n\ndef check(candidate):\n    assert candidate(3) == 15\n    assert candidate(4) == 56\n    assert candidate(1) == 1\n\ndef test_check():\n    check(sum_Of_product)\n\ntest_check()\n",
      "timestamp": 1665510313,
      "stdout": "",
      "stderr": "Traceback (most recent call last):\n  File \"/tmp/tmpcbalt342.py\", line 19, in <module>\n    test_check()\n  File \"/tmp/tmpcbalt342.py\", line 17, in test_check\n    check(sum_Of_product)\n  File \"/tmp/tmpcbalt342.py\", line 12, in check\n    assert candidate(3) == 15\nAssertionError\n",
      "exit_code": 1,
      "status": "Exception"
    },
    {
      "program": "def sum_Of_product(n: int) -> int:\n    \"\"\"\n\tWrite a python function to find the sum of the product of consecutive binomial co-efficients.\n\t\"\"\"\n    sum = 0\n    for i in range(1, n + 1):\n        sum += binomial_coefficient(n, i) * binomial_coefficient(n, i + 1)\n    return sum\n\n\ndef check(candidate):\n    assert candidate(3) == 15\n    assert candidate(4) == 56\n    assert candidate(1) == 1\n\ndef test_check():\n    check(sum_Of_product)\n\ntest_check()\n",
      "timestamp": 1665510313,
      "stdout": "",
      "stderr": "Traceback (most recent call last):\n  File \"/tmp/tmp28x5smfj.py\", line 19, in <module>\n    test_check()\n  File \"/tmp/tmp28x5smfj.py\", line 17, in test_check\n    check(sum_Of_product)\n  File \"/tmp/tmp28x5smfj.py\", line 12, in check\n    assert candidate(3) == 15\n  File \"/tmp/tmp28x5smfj.py\", line 7, in sum_Of_product\n    sum += binomial_coefficient(n, i) * binomial_coefficient(n, i + 1)\nNameError: name 'binomial_coefficient' is not defined\n",
      "exit_code": 1,
      "status": "Exception"
    },
    {
      "program": "def sum_Of_product(n: int) -> int:\n    \"\"\"\n\tWrite a python function to find the sum of the product of consecutive binomial co-efficients.\n\t\"\"\"\n    sum = 0\n    for i in range(1, n+1):\n        sum += binomial_coefficient(n, i) * binomial_coefficient(n, i+1)\n    return sum\n\n\ndef check(candidate):\n    assert candidate(3) == 15\n    assert candidate(4) == 56\n    assert candidate(1) == 1\n\ndef test_check():\n    check(sum_Of_product)\n\ntest_check()\n",
      "timestamp": 1666123388,
      "stdout": "",
      "stderr": "Traceback (most recent call last):\n  File \"/tmp/tmpkjzfd1h4.py\", line 19, in <module>\n    test_check()\n  File \"/tmp/tmpkjzfd1h4.py\", line 17, in test_check\n    check(sum_Of_product)\n  File \"/tmp/tmpkjzfd1h4.py\", line 12, in check\n    assert candidate(3) == 15\n  File \"/tmp/tmpkjzfd1h4.py\", line 7, in sum_Of_product\n    sum += binomial_coefficient(n, i) * binomial_coefficient(n, i+1)\nNameError: name 'binomial_coefficient' is not defined\n",
      "exit_code": 1,
      "status": "Exception"
    },
    {
      "program": "def sum_Of_product(n: int) -> int:\n    \"\"\"\n\tWrite a python function to find the sum of the product of consecutive binomial co-efficients.\n\t\"\"\"\n    if n < 0:\n        return 0\n    else:\n        return (n * (n + 1) * (2 * n + 1)) // 6\n\n\ndef check(candidate):\n    assert candidate(3) == 15\n    assert candidate(4) == 56\n    assert candidate(1) == 1\n\ndef test_check():\n    check(sum_Of_product)\n\ntest_check()\n",
      "timestamp": 1665510313,
      "stdout": "",
      "stderr": "Traceback (most recent call last):\n  File \"/tmp/tmpj5qzbv_4.py\", line 19, in <module>\n    test_check()\n  File \"/tmp/tmpj5qzbv_4.py\", line 17, in test_check\n    check(sum_Of_product)\n  File \"/tmp/tmpj5qzbv_4.py\", line 12, in check\n    assert candidate(3) == 15\nAssertionError\n",
      "exit_code": 1,
      "status": "Exception"
    },
    {
      "program": "def sum_Of_product(n: int) -> int:\n    \"\"\"\n\tWrite a python function to find the sum of the product of consecutive binomial co-efficients.\n\t\"\"\"\n    sum = 0\n    for i in range(1, n + 1):\n        sum += binomial_coefficient(n, i) * binomial_coefficient(n, i + 1)\n    return sum\n\n\ndef check(candidate):\n    assert candidate(3) == 15\n    assert candidate(4) == 56\n    assert candidate(1) == 1\n\ndef test_check():\n    check(sum_Of_product)\n\ntest_check()\n",
      "timestamp": 1665510313,
      "stdout": "",
      "stderr": "Traceback (most recent call last):\n  File \"/tmp/tmp28x5smfj.py\", line 19, in <module>\n    test_check()\n  File \"/tmp/tmp28x5smfj.py\", line 17, in test_check\n    check(sum_Of_product)\n  File \"/tmp/tmp28x5smfj.py\", line 12, in check\n    assert candidate(3) == 15\n  File \"/tmp/tmp28x5smfj.py\", line 7, in sum_Of_product\n    sum += binomial_coefficient(n, i) * binomial_coefficient(n, i + 1)\nNameError: name 'binomial_coefficient' is not defined\n",
      "exit_code": 1,
      "status": "Exception"
    },
    {
      "program": "def sum_Of_product(n: int) -> int:\n    \"\"\"\n\tWrite a python function to find the sum of the product of consecutive binomial co-efficients.\n\t\"\"\"\n    sum = 0\n    for i in range(1, n + 1):\n        sum += (nCr(n, i) * nCr(n, i + 1))\n    return sum\n\n\ndef check(candidate):\n    assert candidate(3) == 15\n    assert candidate(4) == 56\n    assert candidate(1) == 1\n\ndef test_check():\n    check(sum_Of_product)\n\ntest_check()\n",
      "timestamp": 1666123388,
      "stdout": "",
      "stderr": "Traceback (most recent call last):\n  File \"/tmp/tmpq47__43f.py\", line 19, in <module>\n    test_check()\n  File \"/tmp/tmpq47__43f.py\", line 17, in test_check\n    check(sum_Of_product)\n  File \"/tmp/tmpq47__43f.py\", line 12, in check\n    assert candidate(3) == 15\n  File \"/tmp/tmpq47__43f.py\", line 7, in sum_Of_product\n    sum += (nCr(n, i) * nCr(n, i + 1))\nNameError: name 'nCr' is not defined\n",
      "exit_code": 1,
      "status": "Exception"
    },
    {
      "program": "def sum_Of_product(n: int) -> int:\n    \"\"\"\n\tWrite a python function to find the sum of the product of consecutive binomial co-efficients.\n\t\"\"\"\n    sum = 0\n    for i in range(1, n + 1):\n        sum += binomial_coefficient(n, i) * binomial_coefficient(n, i + 1)\n    return sum\n\n\ndef check(candidate):\n    assert candidate(3) == 15\n    assert candidate(4) == 56\n    assert candidate(1) == 1\n\ndef test_check():\n    check(sum_Of_product)\n\ntest_check()\n",
      "timestamp": 1665510313,
      "stdout": "",
      "stderr": "Traceback (most recent call last):\n  File \"/tmp/tmp28x5smfj.py\", line 19, in <module>\n    test_check()\n  File \"/tmp/tmp28x5smfj.py\", line 17, in test_check\n    check(sum_Of_product)\n  File \"/tmp/tmp28x5smfj.py\", line 12, in check\n    assert candidate(3) == 15\n  File \"/tmp/tmp28x5smfj.py\", line 7, in sum_Of_product\n    sum += binomial_coefficient(n, i) * binomial_coefficient(n, i + 1)\nNameError: name 'binomial_coefficient' is not defined\n",
      "exit_code": 1,
      "status": "Exception"
    },
    {
      "program": "def sum_Of_product(n: int) -> int:\n    \"\"\"\n\tWrite a python function to find the sum of the product of consecutive binomial co-efficients.\n\t\"\"\"\n    sum = 0\n    for i in range(1, n + 1):\n        sum += binomial_coefficient(n, i) * binomial_coefficient(n, i + 1)\n    return sum\n\n\ndef check(candidate):\n    assert candidate(3) == 15\n    assert candidate(4) == 56\n    assert candidate(1) == 1\n\ndef test_check():\n    check(sum_Of_product)\n\ntest_check()\n",
      "timestamp": 1665510313,
      "stdout": "",
      "stderr": "Traceback (most recent call last):\n  File \"/tmp/tmp28x5smfj.py\", line 19, in <module>\n    test_check()\n  File \"/tmp/tmp28x5smfj.py\", line 17, in test_check\n    check(sum_Of_product)\n  File \"/tmp/tmp28x5smfj.py\", line 12, in check\n    assert candidate(3) == 15\n  File \"/tmp/tmp28x5smfj.py\", line 7, in sum_Of_product\n    sum += binomial_coefficient(n, i) * binomial_coefficient(n, i + 1)\nNameError: name 'binomial_coefficient' is not defined\n",
      "exit_code": 1,
      "status": "Exception"
    },
    {
      "program": "def sum_Of_product(n: int) -> int:\n    \"\"\"\n\tWrite a python function to find the sum of the product of consecutive binomial co-efficients.\n\t\"\"\"\n    sum = 0\n    for i in range(1, n + 1):\n        sum += binomial_coefficient(n, i) * binomial_coefficient(n, i + 1)\n    return sum\n\n\ndef check(candidate):\n    assert candidate(3) == 15\n    assert candidate(4) == 56\n    assert candidate(1) == 1\n\ndef test_check():\n    check(sum_Of_product)\n\ntest_check()\n",
      "timestamp": 1665510313,
      "stdout": "",
      "stderr": "Traceback (most recent call last):\n  File \"/tmp/tmp28x5smfj.py\", line 19, in <module>\n    test_check()\n  File \"/tmp/tmp28x5smfj.py\", line 17, in test_check\n    check(sum_Of_product)\n  File \"/tmp/tmp28x5smfj.py\", line 12, in check\n    assert candidate(3) == 15\n  File \"/tmp/tmp28x5smfj.py\", line 7, in sum_Of_product\n    sum += binomial_coefficient(n, i) * binomial_coefficient(n, i + 1)\nNameError: name 'binomial_coefficient' is not defined\n",
      "exit_code": 1,
      "status": "Exception"
    },
    {
      "program": "def sum_Of_product(n: int) -> int:\n    \"\"\"\n\tWrite a python function to find the sum of the product of consecutive binomial co-efficients.\n\t\"\"\"\n    if n < 2:\n        return 0\n    else:\n        return (n * (n - 1) // 2) + sum_Of_product(n - 1)\n\n\ndef check(candidate):\n    assert candidate(3) == 15\n    assert candidate(4) == 56\n    assert candidate(1) == 1\n\ndef test_check():\n    check(sum_Of_product)\n\ntest_check()\n",
      "timestamp": 1666123388,
      "stdout": "",
      "stderr": "Traceback (most recent call last):\n  File \"/tmp/tmpwwfxox61.py\", line 19, in <module>\n    test_check()\n  File \"/tmp/tmpwwfxox61.py\", line 17, in test_check\n    check(sum_Of_product)\n  File \"/tmp/tmpwwfxox61.py\", line 12, in check\n    assert candidate(3) == 15\nAssertionError\n",
      "exit_code": 1,
      "status": "Exception"
    },
    {
      "program": "def sum_Of_product(n: int) -> int:\n    \"\"\"\n\tWrite a python function to find the sum of the product of consecutive binomial co-efficients.\n\t\"\"\"\n    sum = 0\n    for i in range(1, n + 1):\n        sum += binomial_coefficient(n, i) * binomial_coefficient(n, i + 1)\n    return sum\n\n\ndef check(candidate):\n    assert candidate(3) == 15\n    assert candidate(4) == 56\n    assert candidate(1) == 1\n\ndef test_check():\n    check(sum_Of_product)\n\ntest_check()\n",
      "timestamp": 1665510313,
      "stdout": "",
      "stderr": "Traceback (most recent call last):\n  File \"/tmp/tmp28x5smfj.py\", line 19, in <module>\n    test_check()\n  File \"/tmp/tmp28x5smfj.py\", line 17, in test_check\n    check(sum_Of_product)\n  File \"/tmp/tmp28x5smfj.py\", line 12, in check\n    assert candidate(3) == 15\n  File \"/tmp/tmp28x5smfj.py\", line 7, in sum_Of_product\n    sum += binomial_coefficient(n, i) * binomial_coefficient(n, i + 1)\nNameError: name 'binomial_coefficient' is not defined\n",
      "exit_code": 1,
      "status": "Exception"
    },
    {
      "program": "def sum_Of_product(n: int) -> int:\n    \"\"\"\n\tWrite a python function to find the sum of the product of consecutive binomial co-efficients.\n\t\"\"\"\n    return sum(binomial(n, i) * binomial(n, i + 1) for i in range(n))\n\n\ndef check(candidate):\n    assert candidate(3) == 15\n    assert candidate(4) == 56\n    assert candidate(1) == 1\n\ndef test_check():\n    check(sum_Of_product)\n\ntest_check()\n",
      "timestamp": 1666123388,
      "stdout": "",
      "stderr": "Traceback (most recent call last):\n  File \"/tmp/tmphbn0_4z6.py\", line 16, in <module>\n    test_check()\n  File \"/tmp/tmphbn0_4z6.py\", line 14, in test_check\n    check(sum_Of_product)\n  File \"/tmp/tmphbn0_4z6.py\", line 9, in check\n    assert candidate(3) == 15\n  File \"/tmp/tmphbn0_4z6.py\", line 5, in sum_Of_product\n    return sum(binomial(n, i) * binomial(n, i + 1) for i in range(n))\n  File \"/tmp/tmphbn0_4z6.py\", line 5, in <genexpr>\n    return sum(binomial(n, i) * binomial(n, i + 1) for i in range(n))\nNameError: name 'binomial' is not defined\n",
      "exit_code": 1,
      "status": "Exception"
    },
    {
      "program": "def sum_Of_product(n: int) -> int:\n    \"\"\"\n\tWrite a python function to find the sum of the product of consecutive binomial co-efficients.\n\t\"\"\"\n    return sum(binomial_coefficient(n, i) * binomial_coefficient(n, i + 1) for i in range(n))\n\n\ndef check(candidate):\n    assert candidate(3) == 15\n    assert candidate(4) == 56\n    assert candidate(1) == 1\n\ndef test_check():\n    check(sum_Of_product)\n\ntest_check()\n",
      "timestamp": 1665510313,
      "stdout": "",
      "stderr": "Traceback (most recent call last):\n  File \"/tmp/tmpbegw44z_.py\", line 16, in <module>\n    test_check()\n  File \"/tmp/tmpbegw44z_.py\", line 14, in test_check\n    check(sum_Of_product)\n  File \"/tmp/tmpbegw44z_.py\", line 9, in check\n    assert candidate(3) == 15\n  File \"/tmp/tmpbegw44z_.py\", line 5, in sum_Of_product\n    return sum(binomial_coefficient(n, i) * binomial_coefficient(n, i + 1) for i in range(n))\n  File \"/tmp/tmpbegw44z_.py\", line 5, in <genexpr>\n    return sum(binomial_coefficient(n, i) * binomial_coefficient(n, i + 1) for i in range(n))\nNameError: name 'binomial_coefficient' is not defined\n",
      "exit_code": 1,
      "status": "Exception"
    },
    {
      "program": "def sum_Of_product(n: int) -> int:\n    \"\"\"\n\tWrite a python function to find the sum of the product of consecutive binomial co-efficients.\n\t\"\"\"\n    sum = 0\n    for i in range(1, n + 1):\n        sum += binomial_coefficient(n, i) * binomial_coefficient(n, i + 1)\n    return sum\n\n\ndef check(candidate):\n    assert candidate(3) == 15\n    assert candidate(4) == 56\n    assert candidate(1) == 1\n\ndef test_check():\n    check(sum_Of_product)\n\ntest_check()\n",
      "timestamp": 1665510313,
      "stdout": "",
      "stderr": "Traceback (most recent call last):\n  File \"/tmp/tmp28x5smfj.py\", line 19, in <module>\n    test_check()\n  File \"/tmp/tmp28x5smfj.py\", line 17, in test_check\n    check(sum_Of_product)\n  File \"/tmp/tmp28x5smfj.py\", line 12, in check\n    assert candidate(3) == 15\n  File \"/tmp/tmp28x5smfj.py\", line 7, in sum_Of_product\n    sum += binomial_coefficient(n, i) * binomial_coefficient(n, i + 1)\nNameError: name 'binomial_coefficient' is not defined\n",
      "exit_code": 1,
      "status": "Exception"
    },
    {
      "program": "def sum_Of_product(n: int) -> int:\n    \"\"\"\n\tWrite a python function to find the sum of the product of consecutive binomial co-efficients.\n\t\"\"\"\n    sum = 0\n    for i in range(1, n + 1):\n        sum += binomial_coefficient(n, i) * binomial_coefficient(n, i + 1)\n    return sum\n\n\ndef check(candidate):\n    assert candidate(3) == 15\n    assert candidate(4) == 56\n    assert candidate(1) == 1\n\ndef test_check():\n    check(sum_Of_product)\n\ntest_check()\n",
      "timestamp": 1665510313,
      "stdout": "",
      "stderr": "Traceback (most recent call last):\n  File \"/tmp/tmp28x5smfj.py\", line 19, in <module>\n    test_check()\n  File \"/tmp/tmp28x5smfj.py\", line 17, in test_check\n    check(sum_Of_product)\n  File \"/tmp/tmp28x5smfj.py\", line 12, in check\n    assert candidate(3) == 15\n  File \"/tmp/tmp28x5smfj.py\", line 7, in sum_Of_product\n    sum += binomial_coefficient(n, i) * binomial_coefficient(n, i + 1)\nNameError: name 'binomial_coefficient' is not defined\n",
      "exit_code": 1,
      "status": "Exception"
    },
    {
      "program": "def sum_Of_product(n: int) -> int:\n    \"\"\"\n\tWrite a python function to find the sum of the product of consecutive binomial co-efficients.\n\t\"\"\"\n    sum = 0\n    for i in range(1, n + 1):\n        sum += nCr(n, i) * nCr(n, i + 1)\n    return sum\n\n\ndef check(candidate):\n    assert candidate(3) == 15\n    assert candidate(4) == 56\n    assert candidate(1) == 1\n\ndef test_check():\n    check(sum_Of_product)\n\ntest_check()\n",
      "timestamp": 1665510313,
      "stdout": "",
      "stderr": "Traceback (most recent call last):\n  File \"/tmp/tmppni0je0w.py\", line 19, in <module>\n    test_check()\n  File \"/tmp/tmppni0je0w.py\", line 17, in test_check\n    check(sum_Of_product)\n  File \"/tmp/tmppni0je0w.py\", line 12, in check\n    assert candidate(3) == 15\n  File \"/tmp/tmppni0je0w.py\", line 7, in sum_Of_product\n    sum += nCr(n, i) * nCr(n, i + 1)\nNameError: name 'nCr' is not defined\n",
      "exit_code": 1,
      "status": "Exception"
    },
    {
      "program": "def sum_Of_product(n: int) -> int:\n    \"\"\"\n\tWrite a python function to find the sum of the product of consecutive binomial co-efficients.\n\t\"\"\"\n    sum = 0\n    for i in range(1, n + 1):\n        sum += binomial_coefficient(n, i) * binomial_coefficient(n, i + 1)\n    return sum\n\n\ndef check(candidate):\n    assert candidate(3) == 15\n    assert candidate(4) == 56\n    assert candidate(1) == 1\n\ndef test_check():\n    check(sum_Of_product)\n\ntest_check()\n",
      "timestamp": 1665510313,
      "stdout": "",
      "stderr": "Traceback (most recent call last):\n  File \"/tmp/tmp28x5smfj.py\", line 19, in <module>\n    test_check()\n  File \"/tmp/tmp28x5smfj.py\", line 17, in test_check\n    check(sum_Of_product)\n  File \"/tmp/tmp28x5smfj.py\", line 12, in check\n    assert candidate(3) == 15\n  File \"/tmp/tmp28x5smfj.py\", line 7, in sum_Of_product\n    sum += binomial_coefficient(n, i) * binomial_coefficient(n, i + 1)\nNameError: name 'binomial_coefficient' is not defined\n",
      "exit_code": 1,
      "status": "Exception"
    },
    {
      "program": "def sum_Of_product(n: int) -> int:\n    \"\"\"\n\tWrite a python function to find the sum of the product of consecutive binomial co-efficients.\n\t\"\"\"\n    sum = 0\n    for i in range(1, n + 1):\n        sum += binomial_coefficient(n, i) * binomial_coefficient(n, i + 1)\n    return sum\n\n\ndef check(candidate):\n    assert candidate(3) == 15\n    assert candidate(4) == 56\n    assert candidate(1) == 1\n\ndef test_check():\n    check(sum_Of_product)\n\ntest_check()\n",
      "timestamp": 1665510313,
      "stdout": "",
      "stderr": "Traceback (most recent call last):\n  File \"/tmp/tmp28x5smfj.py\", line 19, in <module>\n    test_check()\n  File \"/tmp/tmp28x5smfj.py\", line 17, in test_check\n    check(sum_Of_product)\n  File \"/tmp/tmp28x5smfj.py\", line 12, in check\n    assert candidate(3) == 15\n  File \"/tmp/tmp28x5smfj.py\", line 7, in sum_Of_product\n    sum += binomial_coefficient(n, i) * binomial_coefficient(n, i + 1)\nNameError: name 'binomial_coefficient' is not defined\n",
      "exit_code": 1,
      "status": "Exception"
    },
    {
      "program": "def sum_Of_product(n: int) -> int:\n    \"\"\"\n\tWrite a python function to find the sum of the product of consecutive binomial co-efficients.\n\t\"\"\"\n    sum = 0\n    for i in range(1, n + 1):\n        sum += binomial_coefficient(n, i) * binomial_coefficient(n, i + 1)\n    return sum\n\n\ndef check(candidate):\n    assert candidate(3) == 15\n    assert candidate(4) == 56\n    assert candidate(1) == 1\n\ndef test_check():\n    check(sum_Of_product)\n\ntest_check()\n",
      "timestamp": 1665510313,
      "stdout": "",
      "stderr": "Traceback (most recent call last):\n  File \"/tmp/tmp28x5smfj.py\", line 19, in <module>\n    test_check()\n  File \"/tmp/tmp28x5smfj.py\", line 17, in test_check\n    check(sum_Of_product)\n  File \"/tmp/tmp28x5smfj.py\", line 12, in check\n    assert candidate(3) == 15\n  File \"/tmp/tmp28x5smfj.py\", line 7, in sum_Of_product\n    sum += binomial_coefficient(n, i) * binomial_coefficient(n, i + 1)\nNameError: name 'binomial_coefficient' is not defined\n",
      "exit_code": 1,
      "status": "Exception"
    },
    {
      "program": "def sum_Of_product(n: int) -> int:\n    \"\"\"\n\tWrite a python function to find the sum of the product of consecutive binomial co-efficients.\n\t\"\"\"\n    sum = 0\n    for i in range(1, n + 1):\n        sum += binomial_coefficient(n, i) * binomial_coefficient(n, i + 1)\n    return sum\n\n\ndef check(candidate):\n    assert candidate(3) == 15\n    assert candidate(4) == 56\n    assert candidate(1) == 1\n\ndef test_check():\n    check(sum_Of_product)\n\ntest_check()\n",
      "timestamp": 1665510313,
      "stdout": "",
      "stderr": "Traceback (most recent call last):\n  File \"/tmp/tmp28x5smfj.py\", line 19, in <module>\n    test_check()\n  File \"/tmp/tmp28x5smfj.py\", line 17, in test_check\n    check(sum_Of_product)\n  File \"/tmp/tmp28x5smfj.py\", line 12, in check\n    assert candidate(3) == 15\n  File \"/tmp/tmp28x5smfj.py\", line 7, in sum_Of_product\n    sum += binomial_coefficient(n, i) * binomial_coefficient(n, i + 1)\nNameError: name 'binomial_coefficient' is not defined\n",
      "exit_code": 1,
      "status": "Exception"
    },
    {
      "program": "def sum_Of_product(n: int) -> int:\n    \"\"\"\n\tWrite a python function to find the sum of the product of consecutive binomial co-efficients.\n\t\"\"\"\n    sum = 0\n    for i in range(1, n + 1):\n        sum += binomial_coefficient(n, i) * binomial_coefficient(n, i + 1)\n    return sum\n\n\ndef check(candidate):\n    assert candidate(3) == 15\n    assert candidate(4) == 56\n    assert candidate(1) == 1\n\ndef test_check():\n    check(sum_Of_product)\n\ntest_check()\n",
      "timestamp": 1665510313,
      "stdout": "",
      "stderr": "Traceback (most recent call last):\n  File \"/tmp/tmp28x5smfj.py\", line 19, in <module>\n    test_check()\n  File \"/tmp/tmp28x5smfj.py\", line 17, in test_check\n    check(sum_Of_product)\n  File \"/tmp/tmp28x5smfj.py\", line 12, in check\n    assert candidate(3) == 15\n  File \"/tmp/tmp28x5smfj.py\", line 7, in sum_Of_product\n    sum += binomial_coefficient(n, i) * binomial_coefficient(n, i + 1)\nNameError: name 'binomial_coefficient' is not defined\n",
      "exit_code": 1,
      "status": "Exception"
    },
    {
      "program": "def sum_Of_product(n: int) -> int:\n    \"\"\"\n\tWrite a python function to find the sum of the product of consecutive binomial co-efficients.\n\t\"\"\"\n    sum = 0\n    for i in range(1, n + 1):\n        sum += binomial_coefficient(n, i) * binomial_coefficient(n, i + 1)\n    return sum\n\n\ndef check(candidate):\n    assert candidate(3) == 15\n    assert candidate(4) == 56\n    assert candidate(1) == 1\n\ndef test_check():\n    check(sum_Of_product)\n\ntest_check()\n",
      "timestamp": 1665510313,
      "stdout": "",
      "stderr": "Traceback (most recent call last):\n  File \"/tmp/tmp28x5smfj.py\", line 19, in <module>\n    test_check()\n  File \"/tmp/tmp28x5smfj.py\", line 17, in test_check\n    check(sum_Of_product)\n  File \"/tmp/tmp28x5smfj.py\", line 12, in check\n    assert candidate(3) == 15\n  File \"/tmp/tmp28x5smfj.py\", line 7, in sum_Of_product\n    sum += binomial_coefficient(n, i) * binomial_coefficient(n, i + 1)\nNameError: name 'binomial_coefficient' is not defined\n",
      "exit_code": 1,
      "status": "Exception"
    },
    {
      "program": "def sum_Of_product(n: int) -> int:\n    \"\"\"\n\tWrite a python function to find the sum of the product of consecutive binomial co-efficients.\n\t\"\"\"\n    sum = 0\n    for i in range(1, n + 1):\n        sum += binomial_coefficient(n, i) * binomial_coefficient(n, i + 1)\n    return sum\n\n\ndef check(candidate):\n    assert candidate(3) == 15\n    assert candidate(4) == 56\n    assert candidate(1) == 1\n\ndef test_check():\n    check(sum_Of_product)\n\ntest_check()\n",
      "timestamp": 1665510313,
      "stdout": "",
      "stderr": "Traceback (most recent call last):\n  File \"/tmp/tmp28x5smfj.py\", line 19, in <module>\n    test_check()\n  File \"/tmp/tmp28x5smfj.py\", line 17, in test_check\n    check(sum_Of_product)\n  File \"/tmp/tmp28x5smfj.py\", line 12, in check\n    assert candidate(3) == 15\n  File \"/tmp/tmp28x5smfj.py\", line 7, in sum_Of_product\n    sum += binomial_coefficient(n, i) * binomial_coefficient(n, i + 1)\nNameError: name 'binomial_coefficient' is not defined\n",
      "exit_code": 1,
      "status": "Exception"
    },
    {
      "program": "def sum_Of_product(n: int) -> int:\n    \"\"\"\n\tWrite a python function to find the sum of the product of consecutive binomial co-efficients.\n\t\"\"\"\n    sum = 0\n    for i in range(1, n + 1):\n        sum += product(i)\n    return sum\n\n\ndef check(candidate):\n    assert candidate(3) == 15\n    assert candidate(4) == 56\n    assert candidate(1) == 1\n\ndef test_check():\n    check(sum_Of_product)\n\ntest_check()\n",
      "timestamp": 1666123388,
      "stdout": "",
      "stderr": "Traceback (most recent call last):\n  File \"/tmp/tmpu4ts5gn6.py\", line 19, in <module>\n    test_check()\n  File \"/tmp/tmpu4ts5gn6.py\", line 17, in test_check\n    check(sum_Of_product)\n  File \"/tmp/tmpu4ts5gn6.py\", line 12, in check\n    assert candidate(3) == 15\n  File \"/tmp/tmpu4ts5gn6.py\", line 7, in sum_Of_product\n    sum += product(i)\nNameError: name 'product' is not defined\n",
      "exit_code": 1,
      "status": "Exception"
    },
    {
      "program": "def sum_Of_product(n: int) -> int:\n    \"\"\"\n\tWrite a python function to find the sum of the product of consecutive binomial co-efficients.\n\t\"\"\"\n    sum = 0\n    for i in range(1, n + 1):\n        sum += binomial_coefficient(n, i) * binomial_coefficient(n, i + 1)\n    return sum\n\n\ndef check(candidate):\n    assert candidate(3) == 15\n    assert candidate(4) == 56\n    assert candidate(1) == 1\n\ndef test_check():\n    check(sum_Of_product)\n\ntest_check()\n",
      "timestamp": 1665510313,
      "stdout": "",
      "stderr": "Traceback (most recent call last):\n  File \"/tmp/tmp28x5smfj.py\", line 19, in <module>\n    test_check()\n  File \"/tmp/tmp28x5smfj.py\", line 17, in test_check\n    check(sum_Of_product)\n  File \"/tmp/tmp28x5smfj.py\", line 12, in check\n    assert candidate(3) == 15\n  File \"/tmp/tmp28x5smfj.py\", line 7, in sum_Of_product\n    sum += binomial_coefficient(n, i) * binomial_coefficient(n, i + 1)\nNameError: name 'binomial_coefficient' is not defined\n",
      "exit_code": 1,
      "status": "Exception"
    },
    {
      "program": "def sum_Of_product(n: int) -> int:\n    \"\"\"\n\tWrite a python function to find the sum of the product of consecutive binomial co-efficients.\n\t\"\"\"\n    sum = 0\n    for i in range(1, n + 1):\n        sum += binomial_coefficient(n, i) * i\n    return sum\n\n\ndef check(candidate):\n    assert candidate(3) == 15\n    assert candidate(4) == 56\n    assert candidate(1) == 1\n\ndef test_check():\n    check(sum_Of_product)\n\ntest_check()\n",
      "timestamp": 1665510313,
      "stdout": "",
      "stderr": "Traceback (most recent call last):\n  File \"/tmp/tmpjlym3tp3.py\", line 19, in <module>\n    test_check()\n  File \"/tmp/tmpjlym3tp3.py\", line 17, in test_check\n    check(sum_Of_product)\n  File \"/tmp/tmpjlym3tp3.py\", line 12, in check\n    assert candidate(3) == 15\n  File \"/tmp/tmpjlym3tp3.py\", line 7, in sum_Of_product\n    sum += binomial_coefficient(n, i) * i\nNameError: name 'binomial_coefficient' is not defined\n",
      "exit_code": 1,
      "status": "Exception"
    },
    {
      "program": "def sum_Of_product(n: int) -> int:\n    \"\"\"\n\tWrite a python function to find the sum of the product of consecutive binomial co-efficients.\n\t\"\"\"\n    sum = 0\n    for i in range(1, n + 1):\n        sum += binomial_coefficient(n, i) * binomial_coefficient(n, i + 1)\n    return sum\n\n\ndef check(candidate):\n    assert candidate(3) == 15\n    assert candidate(4) == 56\n    assert candidate(1) == 1\n\ndef test_check():\n    check(sum_Of_product)\n\ntest_check()\n",
      "timestamp": 1665510313,
      "stdout": "",
      "stderr": "Traceback (most recent call last):\n  File \"/tmp/tmp28x5smfj.py\", line 19, in <module>\n    test_check()\n  File \"/tmp/tmp28x5smfj.py\", line 17, in test_check\n    check(sum_Of_product)\n  File \"/tmp/tmp28x5smfj.py\", line 12, in check\n    assert candidate(3) == 15\n  File \"/tmp/tmp28x5smfj.py\", line 7, in sum_Of_product\n    sum += binomial_coefficient(n, i) * binomial_coefficient(n, i + 1)\nNameError: name 'binomial_coefficient' is not defined\n",
      "exit_code": 1,
      "status": "Exception"
    },
    {
      "program": "def sum_Of_product(n: int) -> int:\n    \"\"\"\n\tWrite a python function to find the sum of the product of consecutive binomial co-efficients.\n\t\"\"\"\n    sum = 0\n    for i in range(1, n + 1):\n        sum += binomial_coefficient(n, i) * binomial_coefficient(n, i + 1)\n    return sum\n\n\ndef check(candidate):\n    assert candidate(3) == 15\n    assert candidate(4) == 56\n    assert candidate(1) == 1\n\ndef test_check():\n    check(sum_Of_product)\n\ntest_check()\n",
      "timestamp": 1665510313,
      "stdout": "",
      "stderr": "Traceback (most recent call last):\n  File \"/tmp/tmp28x5smfj.py\", line 19, in <module>\n    test_check()\n  File \"/tmp/tmp28x5smfj.py\", line 17, in test_check\n    check(sum_Of_product)\n  File \"/tmp/tmp28x5smfj.py\", line 12, in check\n    assert candidate(3) == 15\n  File \"/tmp/tmp28x5smfj.py\", line 7, in sum_Of_product\n    sum += binomial_coefficient(n, i) * binomial_coefficient(n, i + 1)\nNameError: name 'binomial_coefficient' is not defined\n",
      "exit_code": 1,
      "status": "Exception"
    },
    {
      "program": "def sum_Of_product(n: int) -> int:\n    \"\"\"\n\tWrite a python function to find the sum of the product of consecutive binomial co-efficients.\n\t\"\"\"\n    sum = 0\n    for i in range(1, n + 1):\n        sum += binomial_coefficient(n, i) * binomial_coefficient(n, i + 1)\n    return sum\n\n\ndef check(candidate):\n    assert candidate(3) == 15\n    assert candidate(4) == 56\n    assert candidate(1) == 1\n\ndef test_check():\n    check(sum_Of_product)\n\ntest_check()\n",
      "timestamp": 1665510313,
      "stdout": "",
      "stderr": "Traceback (most recent call last):\n  File \"/tmp/tmp28x5smfj.py\", line 19, in <module>\n    test_check()\n  File \"/tmp/tmp28x5smfj.py\", line 17, in test_check\n    check(sum_Of_product)\n  File \"/tmp/tmp28x5smfj.py\", line 12, in check\n    assert candidate(3) == 15\n  File \"/tmp/tmp28x5smfj.py\", line 7, in sum_Of_product\n    sum += binomial_coefficient(n, i) * binomial_coefficient(n, i + 1)\nNameError: name 'binomial_coefficient' is not defined\n",
      "exit_code": 1,
      "status": "Exception"
    },
    {
      "program": "def sum_Of_product(n: int) -> int:\n    \"\"\"\n\tWrite a python function to find the sum of the product of consecutive binomial co-efficients.\n\t\"\"\"\n    return sum(binomial(n, i) * binomial(n, i + 1) for i in range(n))\n\n\ndef check(candidate):\n    assert candidate(3) == 15\n    assert candidate(4) == 56\n    assert candidate(1) == 1\n\ndef test_check():\n    check(sum_Of_product)\n\ntest_check()\n",
      "timestamp": 1666123388,
      "stdout": "",
      "stderr": "Traceback (most recent call last):\n  File \"/tmp/tmphbn0_4z6.py\", line 16, in <module>\n    test_check()\n  File \"/tmp/tmphbn0_4z6.py\", line 14, in test_check\n    check(sum_Of_product)\n  File \"/tmp/tmphbn0_4z6.py\", line 9, in check\n    assert candidate(3) == 15\n  File \"/tmp/tmphbn0_4z6.py\", line 5, in sum_Of_product\n    return sum(binomial(n, i) * binomial(n, i + 1) for i in range(n))\n  File \"/tmp/tmphbn0_4z6.py\", line 5, in <genexpr>\n    return sum(binomial(n, i) * binomial(n, i + 1) for i in range(n))\nNameError: name 'binomial' is not defined\n",
      "exit_code": 1,
      "status": "Exception"
    },
    {
      "program": "def sum_Of_product(n: int) -> int:\n    \"\"\"\n\tWrite a python function to find the sum of the product of consecutive binomial co-efficients.\n\t\"\"\"\n    if n < 0:\n        return 0\n    else:\n        return (n * (n + 1) * (2 * n + 1)) // 6\n\n\ndef check(candidate):\n    assert candidate(3) == 15\n    assert candidate(4) == 56\n    assert candidate(1) == 1\n\ndef test_check():\n    check(sum_Of_product)\n\ntest_check()\n",
      "timestamp": 1665510313,
      "stdout": "",
      "stderr": "Traceback (most recent call last):\n  File \"/tmp/tmpj5qzbv_4.py\", line 19, in <module>\n    test_check()\n  File \"/tmp/tmpj5qzbv_4.py\", line 17, in test_check\n    check(sum_Of_product)\n  File \"/tmp/tmpj5qzbv_4.py\", line 12, in check\n    assert candidate(3) == 15\nAssertionError\n",
      "exit_code": 1,
      "status": "Exception"
    },
    {
      "program": "def sum_Of_product(n: int) -> int:\n    \"\"\"\n\tWrite a python function to find the sum of the product of consecutive binomial co-efficients.\n\t\"\"\"\n    sum = 0\n    for i in range(1, n + 1):\n        sum += nCr(n, i) * nCr(n, i + 1)\n    return sum\n\n\ndef check(candidate):\n    assert candidate(3) == 15\n    assert candidate(4) == 56\n    assert candidate(1) == 1\n\ndef test_check():\n    check(sum_Of_product)\n\ntest_check()\n",
      "timestamp": 1665510313,
      "stdout": "",
      "stderr": "Traceback (most recent call last):\n  File \"/tmp/tmppni0je0w.py\", line 19, in <module>\n    test_check()\n  File \"/tmp/tmppni0je0w.py\", line 17, in test_check\n    check(sum_Of_product)\n  File \"/tmp/tmppni0je0w.py\", line 12, in check\n    assert candidate(3) == 15\n  File \"/tmp/tmppni0je0w.py\", line 7, in sum_Of_product\n    sum += nCr(n, i) * nCr(n, i + 1)\nNameError: name 'nCr' is not defined\n",
      "exit_code": 1,
      "status": "Exception"
    },
    {
      "program": "def sum_Of_product(n: int) -> int:\n    \"\"\"\n\tWrite a python function to find the sum of the product of consecutive binomial co-efficients.\n\t\"\"\"\n    sum = 0\n    for i in range(1, n + 1):\n        sum += binomial_coefficient(n, i) * binomial_coefficient(n, i + 1)\n    return sum\n\n\ndef check(candidate):\n    assert candidate(3) == 15\n    assert candidate(4) == 56\n    assert candidate(1) == 1\n\ndef test_check():\n    check(sum_Of_product)\n\ntest_check()\n",
      "timestamp": 1665510313,
      "stdout": "",
      "stderr": "Traceback (most recent call last):\n  File \"/tmp/tmp28x5smfj.py\", line 19, in <module>\n    test_check()\n  File \"/tmp/tmp28x5smfj.py\", line 17, in test_check\n    check(sum_Of_product)\n  File \"/tmp/tmp28x5smfj.py\", line 12, in check\n    assert candidate(3) == 15\n  File \"/tmp/tmp28x5smfj.py\", line 7, in sum_Of_product\n    sum += binomial_coefficient(n, i) * binomial_coefficient(n, i + 1)\nNameError: name 'binomial_coefficient' is not defined\n",
      "exit_code": 1,
      "status": "Exception"
    },
    {
      "program": "def sum_Of_product(n: int) -> int:\n    \"\"\"\n\tWrite a python function to find the sum of the product of consecutive binomial co-efficients.\n\t\"\"\"\n    sum = 0\n    for i in range(1, n + 1):\n        sum += (binomial_coefficient(n, i) * binomial_coefficient(n, i + 1))\n    return sum\n\n\ndef check(candidate):\n    assert candidate(3) == 15\n    assert candidate(4) == 56\n    assert candidate(1) == 1\n\ndef test_check():\n    check(sum_Of_product)\n\ntest_check()\n",
      "timestamp": 1665510313,
      "stdout": "",
      "stderr": "Traceback (most recent call last):\n  File \"/tmp/tmpcczu7s6a.py\", line 19, in <module>\n    test_check()\n  File \"/tmp/tmpcczu7s6a.py\", line 17, in test_check\n    check(sum_Of_product)\n  File \"/tmp/tmpcczu7s6a.py\", line 12, in check\n    assert candidate(3) == 15\n  File \"/tmp/tmpcczu7s6a.py\", line 7, in sum_Of_product\n    sum += (binomial_coefficient(n, i) * binomial_coefficient(n, i + 1))\nNameError: name 'binomial_coefficient' is not defined\n",
      "exit_code": 1,
      "status": "Exception"
    },
    {
      "program": "def sum_Of_product(n: int) -> int:\n    \"\"\"\n\tWrite a python function to find the sum of the product of consecutive binomial co-efficients.\n\t\"\"\"\n    sum = 0\n    for i in range(1, n + 1):\n        sum += binomial_coefficient(n, i) * binomial_coefficient(n, i + 1)\n    return sum\n\n\ndef check(candidate):\n    assert candidate(3) == 15\n    assert candidate(4) == 56\n    assert candidate(1) == 1\n\ndef test_check():\n    check(sum_Of_product)\n\ntest_check()\n",
      "timestamp": 1665510313,
      "stdout": "",
      "stderr": "Traceback (most recent call last):\n  File \"/tmp/tmp28x5smfj.py\", line 19, in <module>\n    test_check()\n  File \"/tmp/tmp28x5smfj.py\", line 17, in test_check\n    check(sum_Of_product)\n  File \"/tmp/tmp28x5smfj.py\", line 12, in check\n    assert candidate(3) == 15\n  File \"/tmp/tmp28x5smfj.py\", line 7, in sum_Of_product\n    sum += binomial_coefficient(n, i) * binomial_coefficient(n, i + 1)\nNameError: name 'binomial_coefficient' is not defined\n",
      "exit_code": 1,
      "status": "Exception"
    },
    {
      "program": "def sum_Of_product(n: int) -> int:\n    \"\"\"\n\tWrite a python function to find the sum of the product of consecutive binomial co-efficients.\n\t\"\"\"\n    return sum(math.factorial(n) // (math.factorial(i) * math.factorial(n - i)) for i in range(1, n + 1))\n\n\ndef check(candidate):\n    assert candidate(3) == 15\n    assert candidate(4) == 56\n    assert candidate(1) == 1\n\ndef test_check():\n    check(sum_Of_product)\n\ntest_check()\n",
      "timestamp": 1666123388,
      "stdout": "",
      "stderr": "Traceback (most recent call last):\n  File \"/tmp/tmp2e39cn87.py\", line 16, in <module>\n    test_check()\n  File \"/tmp/tmp2e39cn87.py\", line 14, in test_check\n    check(sum_Of_product)\n  File \"/tmp/tmp2e39cn87.py\", line 9, in check\n    assert candidate(3) == 15\n  File \"/tmp/tmp2e39cn87.py\", line 5, in sum_Of_product\n    return sum(math.factorial(n) // (math.factorial(i) * math.factorial(n - i)) for i in range(1, n + 1))\n  File \"/tmp/tmp2e39cn87.py\", line 5, in <genexpr>\n    return sum(math.factorial(n) // (math.factorial(i) * math.factorial(n - i)) for i in range(1, n + 1))\nNameError: name 'math' is not defined\n",
      "exit_code": 1,
      "status": "Exception"
    },
    {
      "program": "def sum_Of_product(n: int) -> int:\n    \"\"\"\n\tWrite a python function to find the sum of the product of consecutive binomial co-efficients.\n\t\"\"\"\n    sum = 0\n    for i in range(1, n + 1):\n        sum += binomial_coefficient(n, i) * binomial_coefficient(n, i + 1)\n    return sum\n\n\ndef check(candidate):\n    assert candidate(3) == 15\n    assert candidate(4) == 56\n    assert candidate(1) == 1\n\ndef test_check():\n    check(sum_Of_product)\n\ntest_check()\n",
      "timestamp": 1665510313,
      "stdout": "",
      "stderr": "Traceback (most recent call last):\n  File \"/tmp/tmp28x5smfj.py\", line 19, in <module>\n    test_check()\n  File \"/tmp/tmp28x5smfj.py\", line 17, in test_check\n    check(sum_Of_product)\n  File \"/tmp/tmp28x5smfj.py\", line 12, in check\n    assert candidate(3) == 15\n  File \"/tmp/tmp28x5smfj.py\", line 7, in sum_Of_product\n    sum += binomial_coefficient(n, i) * binomial_coefficient(n, i + 1)\nNameError: name 'binomial_coefficient' is not defined\n",
      "exit_code": 1,
      "status": "Exception"
    },
    {
      "program": "def sum_Of_product(n: int) -> int:\n    \"\"\"\n\tWrite a python function to find the sum of the product of consecutive binomial co-efficients.\n\t\"\"\"\n    sum = 0\n    for i in range(1, n + 1):\n        sum += (nCr(n, i) * nCr(n, i + 1))\n    return sum\n\n\ndef check(candidate):\n    assert candidate(3) == 15\n    assert candidate(4) == 56\n    assert candidate(1) == 1\n\ndef test_check():\n    check(sum_Of_product)\n\ntest_check()\n",
      "timestamp": 1666123388,
      "stdout": "",
      "stderr": "Traceback (most recent call last):\n  File \"/tmp/tmpq47__43f.py\", line 19, in <module>\n    test_check()\n  File \"/tmp/tmpq47__43f.py\", line 17, in test_check\n    check(sum_Of_product)\n  File \"/tmp/tmpq47__43f.py\", line 12, in check\n    assert candidate(3) == 15\n  File \"/tmp/tmpq47__43f.py\", line 7, in sum_Of_product\n    sum += (nCr(n, i) * nCr(n, i + 1))\nNameError: name 'nCr' is not defined\n",
      "exit_code": 1,
      "status": "Exception"
    },
    {
      "program": "def sum_Of_product(n: int) -> int:\n    \"\"\"\n\tWrite a python function to find the sum of the product of consecutive binomial co-efficients.\n\t\"\"\"\n    sum = 0\n    for i in range(1, n + 1):\n        sum += binomial_coefficient(n, i) * i\n    return sum\n\n\ndef check(candidate):\n    assert candidate(3) == 15\n    assert candidate(4) == 56\n    assert candidate(1) == 1\n\ndef test_check():\n    check(sum_Of_product)\n\ntest_check()\n",
      "timestamp": 1665510313,
      "stdout": "",
      "stderr": "Traceback (most recent call last):\n  File \"/tmp/tmpjlym3tp3.py\", line 19, in <module>\n    test_check()\n  File \"/tmp/tmpjlym3tp3.py\", line 17, in test_check\n    check(sum_Of_product)\n  File \"/tmp/tmpjlym3tp3.py\", line 12, in check\n    assert candidate(3) == 15\n  File \"/tmp/tmpjlym3tp3.py\", line 7, in sum_Of_product\n    sum += binomial_coefficient(n, i) * i\nNameError: name 'binomial_coefficient' is not defined\n",
      "exit_code": 1,
      "status": "Exception"
    },
    {
      "program": "def sum_Of_product(n: int) -> int:\n    \"\"\"\n\tWrite a python function to find the sum of the product of consecutive binomial co-efficients.\n\t\"\"\"\n    sum = 0\n    for i in range(1, n + 1):\n        sum += binomial_coefficient(n, i) * binomial_coefficient(n, i + 1)\n    return sum\n\n\ndef check(candidate):\n    assert candidate(3) == 15\n    assert candidate(4) == 56\n    assert candidate(1) == 1\n\ndef test_check():\n    check(sum_Of_product)\n\ntest_check()\n",
      "timestamp": 1665510313,
      "stdout": "",
      "stderr": "Traceback (most recent call last):\n  File \"/tmp/tmp28x5smfj.py\", line 19, in <module>\n    test_check()\n  File \"/tmp/tmp28x5smfj.py\", line 17, in test_check\n    check(sum_Of_product)\n  File \"/tmp/tmp28x5smfj.py\", line 12, in check\n    assert candidate(3) == 15\n  File \"/tmp/tmp28x5smfj.py\", line 7, in sum_Of_product\n    sum += binomial_coefficient(n, i) * binomial_coefficient(n, i + 1)\nNameError: name 'binomial_coefficient' is not defined\n",
      "exit_code": 1,
      "status": "Exception"
    },
    {
      "program": "def sum_Of_product(n: int) -> int:\n    \"\"\"\n\tWrite a python function to find the sum of the product of consecutive binomial co-efficients.\n\t\"\"\"\n    sum = 0\n    for i in range(1, n + 1):\n        sum += binomial_coefficient(n, i) * binomial_coefficient(n, i + 1)\n    return sum\n\n\ndef check(candidate):\n    assert candidate(3) == 15\n    assert candidate(4) == 56\n    assert candidate(1) == 1\n\ndef test_check():\n    check(sum_Of_product)\n\ntest_check()\n",
      "timestamp": 1665510313,
      "stdout": "",
      "stderr": "Traceback (most recent call last):\n  File \"/tmp/tmp28x5smfj.py\", line 19, in <module>\n    test_check()\n  File \"/tmp/tmp28x5smfj.py\", line 17, in test_check\n    check(sum_Of_product)\n  File \"/tmp/tmp28x5smfj.py\", line 12, in check\n    assert candidate(3) == 15\n  File \"/tmp/tmp28x5smfj.py\", line 7, in sum_Of_product\n    sum += binomial_coefficient(n, i) * binomial_coefficient(n, i + 1)\nNameError: name 'binomial_coefficient' is not defined\n",
      "exit_code": 1,
      "status": "Exception"
    },
    {
      "program": "def sum_Of_product(n: int) -> int:\n    \"\"\"\n\tWrite a python function to find the sum of the product of consecutive binomial co-efficients.\n\t\"\"\"\n    sum = 0\n    for i in range(1, n + 1):\n        sum += binomial_coefficient(n, i) * binomial_coefficient(n, i + 1)\n    return sum\n\n\ndef check(candidate):\n    assert candidate(3) == 15\n    assert candidate(4) == 56\n    assert candidate(1) == 1\n\ndef test_check():\n    check(sum_Of_product)\n\ntest_check()\n",
      "timestamp": 1665510313,
      "stdout": "",
      "stderr": "Traceback (most recent call last):\n  File \"/tmp/tmp28x5smfj.py\", line 19, in <module>\n    test_check()\n  File \"/tmp/tmp28x5smfj.py\", line 17, in test_check\n    check(sum_Of_product)\n  File \"/tmp/tmp28x5smfj.py\", line 12, in check\n    assert candidate(3) == 15\n  File \"/tmp/tmp28x5smfj.py\", line 7, in sum_Of_product\n    sum += binomial_coefficient(n, i) * binomial_coefficient(n, i + 1)\nNameError: name 'binomial_coefficient' is not defined\n",
      "exit_code": 1,
      "status": "Exception"
    },
    {
      "program": "def sum_Of_product(n: int) -> int:\n    \"\"\"\n\tWrite a python function to find the sum of the product of consecutive binomial co-efficients.\n\t\"\"\"\n    sum = 0\n    for i in range(1, n + 1):\n        sum += binomial_coefficient(n, i) * binomial_coefficient(n, i + 1)\n    return sum\n\n\ndef check(candidate):\n    assert candidate(3) == 15\n    assert candidate(4) == 56\n    assert candidate(1) == 1\n\ndef test_check():\n    check(sum_Of_product)\n\ntest_check()\n",
      "timestamp": 1665510313,
      "stdout": "",
      "stderr": "Traceback (most recent call last):\n  File \"/tmp/tmp28x5smfj.py\", line 19, in <module>\n    test_check()\n  File \"/tmp/tmp28x5smfj.py\", line 17, in test_check\n    check(sum_Of_product)\n  File \"/tmp/tmp28x5smfj.py\", line 12, in check\n    assert candidate(3) == 15\n  File \"/tmp/tmp28x5smfj.py\", line 7, in sum_Of_product\n    sum += binomial_coefficient(n, i) * binomial_coefficient(n, i + 1)\nNameError: name 'binomial_coefficient' is not defined\n",
      "exit_code": 1,
      "status": "Exception"
    },
    {
      "program": "def sum_Of_product(n: int) -> int:\n    \"\"\"\n\tWrite a python function to find the sum of the product of consecutive binomial co-efficients.\n\t\"\"\"\n    sum = 0\n    for i in range(1, n + 1):\n        sum += binomial_coefficient(n, i) * binomial_coefficient(n, i + 1)\n    return sum\n\n\ndef check(candidate):\n    assert candidate(3) == 15\n    assert candidate(4) == 56\n    assert candidate(1) == 1\n\ndef test_check():\n    check(sum_Of_product)\n\ntest_check()\n",
      "timestamp": 1665510313,
      "stdout": "",
      "stderr": "Traceback (most recent call last):\n  File \"/tmp/tmp28x5smfj.py\", line 19, in <module>\n    test_check()\n  File \"/tmp/tmp28x5smfj.py\", line 17, in test_check\n    check(sum_Of_product)\n  File \"/tmp/tmp28x5smfj.py\", line 12, in check\n    assert candidate(3) == 15\n  File \"/tmp/tmp28x5smfj.py\", line 7, in sum_Of_product\n    sum += binomial_coefficient(n, i) * binomial_coefficient(n, i + 1)\nNameError: name 'binomial_coefficient' is not defined\n",
      "exit_code": 1,
      "status": "Exception"
    },
    {
      "program": "def sum_Of_product(n: int) -> int:\n    \"\"\"\n\tWrite a python function to find the sum of the product of consecutive binomial co-efficients.\n\t\"\"\"\n    sum = 0\n    for i in range(1, n + 1):\n        sum += binomial_coefficient(n, i) * binomial_coefficient(n, i + 1)\n    return sum\n\n\ndef check(candidate):\n    assert candidate(3) == 15\n    assert candidate(4) == 56\n    assert candidate(1) == 1\n\ndef test_check():\n    check(sum_Of_product)\n\ntest_check()\n",
      "timestamp": 1665510313,
      "stdout": "",
      "stderr": "Traceback (most recent call last):\n  File \"/tmp/tmp28x5smfj.py\", line 19, in <module>\n    test_check()\n  File \"/tmp/tmp28x5smfj.py\", line 17, in test_check\n    check(sum_Of_product)\n  File \"/tmp/tmp28x5smfj.py\", line 12, in check\n    assert candidate(3) == 15\n  File \"/tmp/tmp28x5smfj.py\", line 7, in sum_Of_product\n    sum += binomial_coefficient(n, i) * binomial_coefficient(n, i + 1)\nNameError: name 'binomial_coefficient' is not defined\n",
      "exit_code": 1,
      "status": "Exception"
    },
    {
      "program": "def sum_Of_product(n: int) -> int:\n    \"\"\"\n\tWrite a python function to find the sum of the product of consecutive binomial co-efficients.\n\t\"\"\"\n    sum = 0\n    for i in range(1, n + 1):\n        sum += binomial_coefficient(n, i) * binomial_coefficient(n, i + 1)\n    return sum\n\n\ndef check(candidate):\n    assert candidate(3) == 15\n    assert candidate(4) == 56\n    assert candidate(1) == 1\n\ndef test_check():\n    check(sum_Of_product)\n\ntest_check()\n",
      "timestamp": 1665510313,
      "stdout": "",
      "stderr": "Traceback (most recent call last):\n  File \"/tmp/tmp28x5smfj.py\", line 19, in <module>\n    test_check()\n  File \"/tmp/tmp28x5smfj.py\", line 17, in test_check\n    check(sum_Of_product)\n  File \"/tmp/tmp28x5smfj.py\", line 12, in check\n    assert candidate(3) == 15\n  File \"/tmp/tmp28x5smfj.py\", line 7, in sum_Of_product\n    sum += binomial_coefficient(n, i) * binomial_coefficient(n, i + 1)\nNameError: name 'binomial_coefficient' is not defined\n",
      "exit_code": 1,
      "status": "Exception"
    },
    {
      "program": "def sum_Of_product(n: int) -> int:\n    \"\"\"\n\tWrite a python function to find the sum of the product of consecutive binomial co-efficients.\n\t\"\"\"\n    sum = 0\n    for i in range(1, n + 1):\n        sum += binomial_coefficient(n, i) * binomial_coefficient(n, i + 1)\n    return sum\n\n\ndef check(candidate):\n    assert candidate(3) == 15\n    assert candidate(4) == 56\n    assert candidate(1) == 1\n\ndef test_check():\n    check(sum_Of_product)\n\ntest_check()\n",
      "timestamp": 1665510313,
      "stdout": "",
      "stderr": "Traceback (most recent call last):\n  File \"/tmp/tmp28x5smfj.py\", line 19, in <module>\n    test_check()\n  File \"/tmp/tmp28x5smfj.py\", line 17, in test_check\n    check(sum_Of_product)\n  File \"/tmp/tmp28x5smfj.py\", line 12, in check\n    assert candidate(3) == 15\n  File \"/tmp/tmp28x5smfj.py\", line 7, in sum_Of_product\n    sum += binomial_coefficient(n, i) * binomial_coefficient(n, i + 1)\nNameError: name 'binomial_coefficient' is not defined\n",
      "exit_code": 1,
      "status": "Exception"
    },
    {
      "program": "def sum_Of_product(n: int) -> int:\n    \"\"\"\n\tWrite a python function to find the sum of the product of consecutive binomial co-efficients.\n\t\"\"\"\n    sum = 0\n    for i in range(1, n + 1):\n        sum += (factorial(n) / (factorial(i) * factorial(n - i))) * (factorial(n) / (factorial(i + 1) * factorial(n - i - 1)))\n    return sum\n\n\ndef check(candidate):\n    assert candidate(3) == 15\n    assert candidate(4) == 56\n    assert candidate(1) == 1\n\ndef test_check():\n    check(sum_Of_product)\n\ntest_check()\n",
      "timestamp": 1665510313,
      "stdout": "",
      "stderr": "Traceback (most recent call last):\n  File \"/tmp/tmpnajb98ov.py\", line 19, in <module>\n    test_check()\n  File \"/tmp/tmpnajb98ov.py\", line 17, in test_check\n    check(sum_Of_product)\n  File \"/tmp/tmpnajb98ov.py\", line 12, in check\n    assert candidate(3) == 15\n  File \"/tmp/tmpnajb98ov.py\", line 7, in sum_Of_product\n    sum += (factorial(n) / (factorial(i) * factorial(n - i))) * (factorial(n) / (factorial(i + 1) * factorial(n - i - 1)))\nNameError: name 'factorial' is not defined\n",
      "exit_code": 1,
      "status": "Exception"
    },
    {
      "program": "def sum_Of_product(n: int) -> int:\n    \"\"\"\n\tWrite a python function to find the sum of the product of consecutive binomial co-efficients.\n\t\"\"\"\n    sum = 0\n    for i in range(1, n + 1):\n        sum += binomial_coefficient(n, i) * binomial_coefficient(n, i + 1)\n    return sum\n\n\ndef check(candidate):\n    assert candidate(3) == 15\n    assert candidate(4) == 56\n    assert candidate(1) == 1\n\ndef test_check():\n    check(sum_Of_product)\n\ntest_check()\n",
      "timestamp": 1665510313,
      "stdout": "",
      "stderr": "Traceback (most recent call last):\n  File \"/tmp/tmp28x5smfj.py\", line 19, in <module>\n    test_check()\n  File \"/tmp/tmp28x5smfj.py\", line 17, in test_check\n    check(sum_Of_product)\n  File \"/tmp/tmp28x5smfj.py\", line 12, in check\n    assert candidate(3) == 15\n  File \"/tmp/tmp28x5smfj.py\", line 7, in sum_Of_product\n    sum += binomial_coefficient(n, i) * binomial_coefficient(n, i + 1)\nNameError: name 'binomial_coefficient' is not defined\n",
      "exit_code": 1,
      "status": "Exception"
    },
    {
      "program": "def sum_Of_product(n: int) -> int:\n    \"\"\"\n\tWrite a python function to find the sum of the product of consecutive binomial co-efficients.\n\t\"\"\"\n    sum = 0\n    for i in range(1, n + 1):\n        sum += binomial_coefficient(n, i) * binomial_coefficient(n, i + 1)\n    return sum\n\n\ndef check(candidate):\n    assert candidate(3) == 15\n    assert candidate(4) == 56\n    assert candidate(1) == 1\n\ndef test_check():\n    check(sum_Of_product)\n\ntest_check()\n",
      "timestamp": 1665510313,
      "stdout": "",
      "stderr": "Traceback (most recent call last):\n  File \"/tmp/tmp28x5smfj.py\", line 19, in <module>\n    test_check()\n  File \"/tmp/tmp28x5smfj.py\", line 17, in test_check\n    check(sum_Of_product)\n  File \"/tmp/tmp28x5smfj.py\", line 12, in check\n    assert candidate(3) == 15\n  File \"/tmp/tmp28x5smfj.py\", line 7, in sum_Of_product\n    sum += binomial_coefficient(n, i) * binomial_coefficient(n, i + 1)\nNameError: name 'binomial_coefficient' is not defined\n",
      "exit_code": 1,
      "status": "Exception"
    },
    {
      "program": "def sum_Of_product(n: int) -> int:\n    \"\"\"\n\tWrite a python function to find the sum of the product of consecutive binomial co-efficients.\n\t\"\"\"\n    sum = 0\n    for i in range(1, n + 1):\n        sum += (factorial(n) / (factorial(i) * factorial(n - i))) * (factorial(n) / (factorial(i + 1) * factorial(n - i - 1)))\n    return sum\n\n\ndef check(candidate):\n    assert candidate(3) == 15\n    assert candidate(4) == 56\n    assert candidate(1) == 1\n\ndef test_check():\n    check(sum_Of_product)\n\ntest_check()\n",
      "timestamp": 1665510313,
      "stdout": "",
      "stderr": "Traceback (most recent call last):\n  File \"/tmp/tmpnajb98ov.py\", line 19, in <module>\n    test_check()\n  File \"/tmp/tmpnajb98ov.py\", line 17, in test_check\n    check(sum_Of_product)\n  File \"/tmp/tmpnajb98ov.py\", line 12, in check\n    assert candidate(3) == 15\n  File \"/tmp/tmpnajb98ov.py\", line 7, in sum_Of_product\n    sum += (factorial(n) / (factorial(i) * factorial(n - i))) * (factorial(n) / (factorial(i + 1) * factorial(n - i - 1)))\nNameError: name 'factorial' is not defined\n",
      "exit_code": 1,
      "status": "Exception"
    },
    {
      "program": "def sum_Of_product(n: int) -> int:\n    \"\"\"\n\tWrite a python function to find the sum of the product of consecutive binomial co-efficients.\n\t\"\"\"\n    sum = 0\n    for i in range(1, n + 1):\n        sum += binomial_coefficient(n, i) * binomial_coefficient(n, i + 1)\n    return sum\n\n\ndef check(candidate):\n    assert candidate(3) == 15\n    assert candidate(4) == 56\n    assert candidate(1) == 1\n\ndef test_check():\n    check(sum_Of_product)\n\ntest_check()\n",
      "timestamp": 1665510313,
      "stdout": "",
      "stderr": "Traceback (most recent call last):\n  File \"/tmp/tmp28x5smfj.py\", line 19, in <module>\n    test_check()\n  File \"/tmp/tmp28x5smfj.py\", line 17, in test_check\n    check(sum_Of_product)\n  File \"/tmp/tmp28x5smfj.py\", line 12, in check\n    assert candidate(3) == 15\n  File \"/tmp/tmp28x5smfj.py\", line 7, in sum_Of_product\n    sum += binomial_coefficient(n, i) * binomial_coefficient(n, i + 1)\nNameError: name 'binomial_coefficient' is not defined\n",
      "exit_code": 1,
      "status": "Exception"
    },
    {
      "program": "def sum_Of_product(n: int) -> int:\n    \"\"\"\n\tWrite a python function to find the sum of the product of consecutive binomial co-efficients.\n\t\"\"\"\n    sum = 0\n    for i in range(1, n + 1):\n        sum += int(factorial(n) / (factorial(i) * factorial(n - i)))\n    return sum\n\n\ndef check(candidate):\n    assert candidate(3) == 15\n    assert candidate(4) == 56\n    assert candidate(1) == 1\n\ndef test_check():\n    check(sum_Of_product)\n\ntest_check()\n",
      "timestamp": 1666123388,
      "stdout": "",
      "stderr": "Traceback (most recent call last):\n  File \"/tmp/tmp7ps4jmat.py\", line 19, in <module>\n    test_check()\n  File \"/tmp/tmp7ps4jmat.py\", line 17, in test_check\n    check(sum_Of_product)\n  File \"/tmp/tmp7ps4jmat.py\", line 12, in check\n    assert candidate(3) == 15\n  File \"/tmp/tmp7ps4jmat.py\", line 7, in sum_Of_product\n    sum += int(factorial(n) / (factorial(i) * factorial(n - i)))\nNameError: name 'factorial' is not defined\n",
      "exit_code": 1,
      "status": "Exception"
    },
    {
      "program": "def sum_Of_product(n: int) -> int:\n    \"\"\"\n\tWrite a python function to find the sum of the product of consecutive binomial co-efficients.\n\t\"\"\"\n    sum = 0\n    for i in range(1, n + 1):\n        sum += binomial_coefficient(n, i) * binomial_coefficient(n, i + 1)\n    return sum\n\n\ndef check(candidate):\n    assert candidate(3) == 15\n    assert candidate(4) == 56\n    assert candidate(1) == 1\n\ndef test_check():\n    check(sum_Of_product)\n\ntest_check()\n",
      "timestamp": 1665510313,
      "stdout": "",
      "stderr": "Traceback (most recent call last):\n  File \"/tmp/tmp28x5smfj.py\", line 19, in <module>\n    test_check()\n  File \"/tmp/tmp28x5smfj.py\", line 17, in test_check\n    check(sum_Of_product)\n  File \"/tmp/tmp28x5smfj.py\", line 12, in check\n    assert candidate(3) == 15\n  File \"/tmp/tmp28x5smfj.py\", line 7, in sum_Of_product\n    sum += binomial_coefficient(n, i) * binomial_coefficient(n, i + 1)\nNameError: name 'binomial_coefficient' is not defined\n",
      "exit_code": 1,
      "status": "Exception"
    },
    {
      "program": "def sum_Of_product(n: int) -> int:\n    \"\"\"\n\tWrite a python function to find the sum of the product of consecutive binomial co-efficients.\n\t\"\"\"\n    if n < 0:\n        return 0\n    else:\n        return (n * (n + 1) * (2 * n + 1)) // 6\n\n\ndef check(candidate):\n    assert candidate(3) == 15\n    assert candidate(4) == 56\n    assert candidate(1) == 1\n\ndef test_check():\n    check(sum_Of_product)\n\ntest_check()\n",
      "timestamp": 1665510313,
      "stdout": "",
      "stderr": "Traceback (most recent call last):\n  File \"/tmp/tmpj5qzbv_4.py\", line 19, in <module>\n    test_check()\n  File \"/tmp/tmpj5qzbv_4.py\", line 17, in test_check\n    check(sum_Of_product)\n  File \"/tmp/tmpj5qzbv_4.py\", line 12, in check\n    assert candidate(3) == 15\nAssertionError\n",
      "exit_code": 1,
      "status": "Exception"
    },
    {
      "program": "def sum_Of_product(n: int) -> int:\n    \"\"\"\n\tWrite a python function to find the sum of the product of consecutive binomial co-efficients.\n\t\"\"\"\n    sum = 0\n    for i in range(1, n + 1):\n        sum += binomial_coefficient(n, i) * i\n    return sum\n\n\ndef check(candidate):\n    assert candidate(3) == 15\n    assert candidate(4) == 56\n    assert candidate(1) == 1\n\ndef test_check():\n    check(sum_Of_product)\n\ntest_check()\n",
      "timestamp": 1665510313,
      "stdout": "",
      "stderr": "Traceback (most recent call last):\n  File \"/tmp/tmpjlym3tp3.py\", line 19, in <module>\n    test_check()\n  File \"/tmp/tmpjlym3tp3.py\", line 17, in test_check\n    check(sum_Of_product)\n  File \"/tmp/tmpjlym3tp3.py\", line 12, in check\n    assert candidate(3) == 15\n  File \"/tmp/tmpjlym3tp3.py\", line 7, in sum_Of_product\n    sum += binomial_coefficient(n, i) * i\nNameError: name 'binomial_coefficient' is not defined\n",
      "exit_code": 1,
      "status": "Exception"
    },
    {
      "program": "def sum_Of_product(n: int) -> int:\n    \"\"\"\n\tWrite a python function to find the sum of the product of consecutive binomial co-efficients.\n\t\"\"\"\n    sum = 0\n    for i in range(1, n + 1):\n        sum += binomial_coefficient(n, i) * binomial_coefficient(n, i + 1)\n    return sum\n\n\ndef check(candidate):\n    assert candidate(3) == 15\n    assert candidate(4) == 56\n    assert candidate(1) == 1\n\ndef test_check():\n    check(sum_Of_product)\n\ntest_check()\n",
      "timestamp": 1665510313,
      "stdout": "",
      "stderr": "Traceback (most recent call last):\n  File \"/tmp/tmp28x5smfj.py\", line 19, in <module>\n    test_check()\n  File \"/tmp/tmp28x5smfj.py\", line 17, in test_check\n    check(sum_Of_product)\n  File \"/tmp/tmp28x5smfj.py\", line 12, in check\n    assert candidate(3) == 15\n  File \"/tmp/tmp28x5smfj.py\", line 7, in sum_Of_product\n    sum += binomial_coefficient(n, i) * binomial_coefficient(n, i + 1)\nNameError: name 'binomial_coefficient' is not defined\n",
      "exit_code": 1,
      "status": "Exception"
    },
    {
      "program": "def sum_Of_product(n: int) -> int:\n    \"\"\"\n\tWrite a python function to find the sum of the product of consecutive binomial co-efficients.\n\t\"\"\"\n    return sum([binomial_coefficient(n, i) * binomial_coefficient(n, i + 1) for i in range(n)])\n\n\ndef check(candidate):\n    assert candidate(3) == 15\n    assert candidate(4) == 56\n    assert candidate(1) == 1\n\ndef test_check():\n    check(sum_Of_product)\n\ntest_check()\n",
      "timestamp": 1666123388,
      "stdout": "",
      "stderr": "Traceback (most recent call last):\n  File \"/tmp/tmp2i9l4su_.py\", line 16, in <module>\n    test_check()\n  File \"/tmp/tmp2i9l4su_.py\", line 14, in test_check\n    check(sum_Of_product)\n  File \"/tmp/tmp2i9l4su_.py\", line 9, in check\n    assert candidate(3) == 15\n  File \"/tmp/tmp2i9l4su_.py\", line 5, in sum_Of_product\n    return sum([binomial_coefficient(n, i) * binomial_coefficient(n, i + 1) for i in range(n)])\n  File \"/tmp/tmp2i9l4su_.py\", line 5, in <listcomp>\n    return sum([binomial_coefficient(n, i) * binomial_coefficient(n, i + 1) for i in range(n)])\nNameError: name 'binomial_coefficient' is not defined\n",
      "exit_code": 1,
      "status": "Exception"
    },
    {
      "program": "def sum_Of_product(n: int) -> int:\n    \"\"\"\n\tWrite a python function to find the sum of the product of consecutive binomial co-efficients.\n\t\"\"\"\n    sum = 0\n    for i in range(1, n + 1):\n        sum += binomial_coefficient(n, i) * binomial_coefficient(n, i + 1)\n    return sum\n\n\ndef check(candidate):\n    assert candidate(3) == 15\n    assert candidate(4) == 56\n    assert candidate(1) == 1\n\ndef test_check():\n    check(sum_Of_product)\n\ntest_check()\n",
      "timestamp": 1665510313,
      "stdout": "",
      "stderr": "Traceback (most recent call last):\n  File \"/tmp/tmp28x5smfj.py\", line 19, in <module>\n    test_check()\n  File \"/tmp/tmp28x5smfj.py\", line 17, in test_check\n    check(sum_Of_product)\n  File \"/tmp/tmp28x5smfj.py\", line 12, in check\n    assert candidate(3) == 15\n  File \"/tmp/tmp28x5smfj.py\", line 7, in sum_Of_product\n    sum += binomial_coefficient(n, i) * binomial_coefficient(n, i + 1)\nNameError: name 'binomial_coefficient' is not defined\n",
      "exit_code": 1,
      "status": "Exception"
    },
    {
      "program": "def sum_Of_product(n: int) -> int:\n    \"\"\"\n\tWrite a python function to find the sum of the product of consecutive binomial co-efficients.\n\t\"\"\"\n    sum = 0\n    for i in range(1, n + 1):\n        sum += binomial_coefficient(n, i) * binomial_coefficient(n, i + 1)\n    return sum\n\n\ndef check(candidate):\n    assert candidate(3) == 15\n    assert candidate(4) == 56\n    assert candidate(1) == 1\n\ndef test_check():\n    check(sum_Of_product)\n\ntest_check()\n",
      "timestamp": 1665510313,
      "stdout": "",
      "stderr": "Traceback (most recent call last):\n  File \"/tmp/tmp28x5smfj.py\", line 19, in <module>\n    test_check()\n  File \"/tmp/tmp28x5smfj.py\", line 17, in test_check\n    check(sum_Of_product)\n  File \"/tmp/tmp28x5smfj.py\", line 12, in check\n    assert candidate(3) == 15\n  File \"/tmp/tmp28x5smfj.py\", line 7, in sum_Of_product\n    sum += binomial_coefficient(n, i) * binomial_coefficient(n, i + 1)\nNameError: name 'binomial_coefficient' is not defined\n",
      "exit_code": 1,
      "status": "Exception"
    },
    {
      "program": "def sum_Of_product(n: int) -> int:\n    \"\"\"\n\tWrite a python function to find the sum of the product of consecutive binomial co-efficients.\n\t\"\"\"\n    sum = 0\n    for i in range(1, n + 1):\n        sum += binomial_coefficient(n, i) * binomial_coefficient(n, i + 1)\n    return sum\n\n\ndef check(candidate):\n    assert candidate(3) == 15\n    assert candidate(4) == 56\n    assert candidate(1) == 1\n\ndef test_check():\n    check(sum_Of_product)\n\ntest_check()\n",
      "timestamp": 1665510313,
      "stdout": "",
      "stderr": "Traceback (most recent call last):\n  File \"/tmp/tmp28x5smfj.py\", line 19, in <module>\n    test_check()\n  File \"/tmp/tmp28x5smfj.py\", line 17, in test_check\n    check(sum_Of_product)\n  File \"/tmp/tmp28x5smfj.py\", line 12, in check\n    assert candidate(3) == 15\n  File \"/tmp/tmp28x5smfj.py\", line 7, in sum_Of_product\n    sum += binomial_coefficient(n, i) * binomial_coefficient(n, i + 1)\nNameError: name 'binomial_coefficient' is not defined\n",
      "exit_code": 1,
      "status": "Exception"
    },
    {
      "program": "def sum_Of_product(n: int) -> int:\n    \"\"\"\n\tWrite a python function to find the sum of the product of consecutive binomial co-efficients.\n\t\"\"\"\n    sum = 0\n    for i in range(1, n + 1):\n        sum += binomial_coefficient(n, i) * binomial_coefficient(n, i + 1)\n    return sum\n\n\ndef check(candidate):\n    assert candidate(3) == 15\n    assert candidate(4) == 56\n    assert candidate(1) == 1\n\ndef test_check():\n    check(sum_Of_product)\n\ntest_check()\n",
      "timestamp": 1665510313,
      "stdout": "",
      "stderr": "Traceback (most recent call last):\n  File \"/tmp/tmp28x5smfj.py\", line 19, in <module>\n    test_check()\n  File \"/tmp/tmp28x5smfj.py\", line 17, in test_check\n    check(sum_Of_product)\n  File \"/tmp/tmp28x5smfj.py\", line 12, in check\n    assert candidate(3) == 15\n  File \"/tmp/tmp28x5smfj.py\", line 7, in sum_Of_product\n    sum += binomial_coefficient(n, i) * binomial_coefficient(n, i + 1)\nNameError: name 'binomial_coefficient' is not defined\n",
      "exit_code": 1,
      "status": "Exception"
    },
    {
      "program": "def sum_Of_product(n: int) -> int:\n    \"\"\"\n\tWrite a python function to find the sum of the product of consecutive binomial co-efficients.\n\t\"\"\"\n    sum = 0\n    for i in range(1, n + 1):\n        sum += binomial_coefficient(n, i) * binomial_coefficient(n, i + 1)\n    return sum\n\n\ndef check(candidate):\n    assert candidate(3) == 15\n    assert candidate(4) == 56\n    assert candidate(1) == 1\n\ndef test_check():\n    check(sum_Of_product)\n\ntest_check()\n",
      "timestamp": 1665510313,
      "stdout": "",
      "stderr": "Traceback (most recent call last):\n  File \"/tmp/tmp28x5smfj.py\", line 19, in <module>\n    test_check()\n  File \"/tmp/tmp28x5smfj.py\", line 17, in test_check\n    check(sum_Of_product)\n  File \"/tmp/tmp28x5smfj.py\", line 12, in check\n    assert candidate(3) == 15\n  File \"/tmp/tmp28x5smfj.py\", line 7, in sum_Of_product\n    sum += binomial_coefficient(n, i) * binomial_coefficient(n, i + 1)\nNameError: name 'binomial_coefficient' is not defined\n",
      "exit_code": 1,
      "status": "Exception"
    },
    {
      "program": "def sum_Of_product(n: int) -> int:\n    \"\"\"\n\tWrite a python function to find the sum of the product of consecutive binomial co-efficients.\n\t\"\"\"\n    sum = 0\n    for i in range(1, n + 1):\n        sum += (binomial_coeff(n, i) * binomial_coeff(n, i + 1))\n    return sum\n\n\ndef check(candidate):\n    assert candidate(3) == 15\n    assert candidate(4) == 56\n    assert candidate(1) == 1\n\ndef test_check():\n    check(sum_Of_product)\n\ntest_check()\n",
      "timestamp": 1666123388,
      "stdout": "",
      "stderr": "Traceback (most recent call last):\n  File \"/tmp/tmpkd2sku9a.py\", line 19, in <module>\n    test_check()\n  File \"/tmp/tmpkd2sku9a.py\", line 17, in test_check\n    check(sum_Of_product)\n  File \"/tmp/tmpkd2sku9a.py\", line 12, in check\n    assert candidate(3) == 15\n  File \"/tmp/tmpkd2sku9a.py\", line 7, in sum_Of_product\n    sum += (binomial_coeff(n, i) * binomial_coeff(n, i + 1))\nNameError: name 'binomial_coeff' is not defined\n",
      "exit_code": 1,
      "status": "Exception"
    },
    {
      "program": "def sum_Of_product(n: int) -> int:\n    \"\"\"\n\tWrite a python function to find the sum of the product of consecutive binomial co-efficients.\n\t\"\"\"\n    sum = 0\n    for i in range(1, n + 1):\n        sum += binomial_coefficient(n, i) * binomial_coefficient(n, i + 1)\n    return sum\n\n\ndef check(candidate):\n    assert candidate(3) == 15\n    assert candidate(4) == 56\n    assert candidate(1) == 1\n\ndef test_check():\n    check(sum_Of_product)\n\ntest_check()\n",
      "timestamp": 1665510313,
      "stdout": "",
      "stderr": "Traceback (most recent call last):\n  File \"/tmp/tmp28x5smfj.py\", line 19, in <module>\n    test_check()\n  File \"/tmp/tmp28x5smfj.py\", line 17, in test_check\n    check(sum_Of_product)\n  File \"/tmp/tmp28x5smfj.py\", line 12, in check\n    assert candidate(3) == 15\n  File \"/tmp/tmp28x5smfj.py\", line 7, in sum_Of_product\n    sum += binomial_coefficient(n, i) * binomial_coefficient(n, i + 1)\nNameError: name 'binomial_coefficient' is not defined\n",
      "exit_code": 1,
      "status": "Exception"
    },
    {
      "program": "def sum_Of_product(n: int) -> int:\n    \"\"\"\n\tWrite a python function to find the sum of the product of consecutive binomial co-efficients.\n\t\"\"\"\n    sum = 0\n    for i in range(1, n + 1):\n        sum += binomial_coefficient(n, i) * binomial_coefficient(n, i + 1)\n    return sum\n\n\ndef check(candidate):\n    assert candidate(3) == 15\n    assert candidate(4) == 56\n    assert candidate(1) == 1\n\ndef test_check():\n    check(sum_Of_product)\n\ntest_check()\n",
      "timestamp": 1665510313,
      "stdout": "",
      "stderr": "Traceback (most recent call last):\n  File \"/tmp/tmp28x5smfj.py\", line 19, in <module>\n    test_check()\n  File \"/tmp/tmp28x5smfj.py\", line 17, in test_check\n    check(sum_Of_product)\n  File \"/tmp/tmp28x5smfj.py\", line 12, in check\n    assert candidate(3) == 15\n  File \"/tmp/tmp28x5smfj.py\", line 7, in sum_Of_product\n    sum += binomial_coefficient(n, i) * binomial_coefficient(n, i + 1)\nNameError: name 'binomial_coefficient' is not defined\n",
      "exit_code": 1,
      "status": "Exception"
    },
    {
      "program": "def sum_Of_product(n: int) -> int:\n    \"\"\"\n\tWrite a python function to find the sum of the product of consecutive binomial co-efficients.\n\t\"\"\"\n    return sum(binomial(n, i) * binomial(n, i + 1) for i in range(n))\n\n\ndef check(candidate):\n    assert candidate(3) == 15\n    assert candidate(4) == 56\n    assert candidate(1) == 1\n\ndef test_check():\n    check(sum_Of_product)\n\ntest_check()\n",
      "timestamp": 1666123388,
      "stdout": "",
      "stderr": "Traceback (most recent call last):\n  File \"/tmp/tmphbn0_4z6.py\", line 16, in <module>\n    test_check()\n  File \"/tmp/tmphbn0_4z6.py\", line 14, in test_check\n    check(sum_Of_product)\n  File \"/tmp/tmphbn0_4z6.py\", line 9, in check\n    assert candidate(3) == 15\n  File \"/tmp/tmphbn0_4z6.py\", line 5, in sum_Of_product\n    return sum(binomial(n, i) * binomial(n, i + 1) for i in range(n))\n  File \"/tmp/tmphbn0_4z6.py\", line 5, in <genexpr>\n    return sum(binomial(n, i) * binomial(n, i + 1) for i in range(n))\nNameError: name 'binomial' is not defined\n",
      "exit_code": 1,
      "status": "Exception"
    },
    {
      "program": "def sum_Of_product(n: int) -> int:\n    \"\"\"\n\tWrite a python function to find the sum of the product of consecutive binomial co-efficients.\n\t\"\"\"\n    sum = 0\n    for i in range(1, n + 1):\n        sum += binomial_coefficient(n, i) * binomial_coefficient(n, i + 1)\n    return sum\n\n\ndef check(candidate):\n    assert candidate(3) == 15\n    assert candidate(4) == 56\n    assert candidate(1) == 1\n\ndef test_check():\n    check(sum_Of_product)\n\ntest_check()\n",
      "timestamp": 1665510313,
      "stdout": "",
      "stderr": "Traceback (most recent call last):\n  File \"/tmp/tmp28x5smfj.py\", line 19, in <module>\n    test_check()\n  File \"/tmp/tmp28x5smfj.py\", line 17, in test_check\n    check(sum_Of_product)\n  File \"/tmp/tmp28x5smfj.py\", line 12, in check\n    assert candidate(3) == 15\n  File \"/tmp/tmp28x5smfj.py\", line 7, in sum_Of_product\n    sum += binomial_coefficient(n, i) * binomial_coefficient(n, i + 1)\nNameError: name 'binomial_coefficient' is not defined\n",
      "exit_code": 1,
      "status": "Exception"
    },
    {
      "program": "def sum_Of_product(n: int) -> int:\n    \"\"\"\n\tWrite a python function to find the sum of the product of consecutive binomial co-efficients.\n\t\"\"\"\n    sum = 0\n    for i in range(1, n + 1):\n        sum += binomial_coefficient(n, i) * i\n    return sum\n\n\ndef check(candidate):\n    assert candidate(3) == 15\n    assert candidate(4) == 56\n    assert candidate(1) == 1\n\ndef test_check():\n    check(sum_Of_product)\n\ntest_check()\n",
      "timestamp": 1665510313,
      "stdout": "",
      "stderr": "Traceback (most recent call last):\n  File \"/tmp/tmpjlym3tp3.py\", line 19, in <module>\n    test_check()\n  File \"/tmp/tmpjlym3tp3.py\", line 17, in test_check\n    check(sum_Of_product)\n  File \"/tmp/tmpjlym3tp3.py\", line 12, in check\n    assert candidate(3) == 15\n  File \"/tmp/tmpjlym3tp3.py\", line 7, in sum_Of_product\n    sum += binomial_coefficient(n, i) * i\nNameError: name 'binomial_coefficient' is not defined\n",
      "exit_code": 1,
      "status": "Exception"
    },
    {
      "program": "def sum_Of_product(n: int) -> int:\n    \"\"\"\n\tWrite a python function to find the sum of the product of consecutive binomial co-efficients.\n\t\"\"\"\n    sum = 0\n    for i in range(1, n + 1):\n        sum += binomial_coefficient(n, i) * binomial_coefficient(n, i + 1)\n    return sum\n\n\ndef check(candidate):\n    assert candidate(3) == 15\n    assert candidate(4) == 56\n    assert candidate(1) == 1\n\ndef test_check():\n    check(sum_Of_product)\n\ntest_check()\n",
      "timestamp": 1665510313,
      "stdout": "",
      "stderr": "Traceback (most recent call last):\n  File \"/tmp/tmp28x5smfj.py\", line 19, in <module>\n    test_check()\n  File \"/tmp/tmp28x5smfj.py\", line 17, in test_check\n    check(sum_Of_product)\n  File \"/tmp/tmp28x5smfj.py\", line 12, in check\n    assert candidate(3) == 15\n  File \"/tmp/tmp28x5smfj.py\", line 7, in sum_Of_product\n    sum += binomial_coefficient(n, i) * binomial_coefficient(n, i + 1)\nNameError: name 'binomial_coefficient' is not defined\n",
      "exit_code": 1,
      "status": "Exception"
    },
    {
      "program": "def sum_Of_product(n: int) -> int:\n    \"\"\"\n\tWrite a python function to find the sum of the product of consecutive binomial co-efficients.\n\t\"\"\"\n    sum = 0\n    for i in range(1, n + 1):\n        sum += math.factorial(n) / (math.factorial(i) * math.factorial(n - i))\n    return sum\n\n\ndef check(candidate):\n    assert candidate(3) == 15\n    assert candidate(4) == 56\n    assert candidate(1) == 1\n\ndef test_check():\n    check(sum_Of_product)\n\ntest_check()\n",
      "timestamp": 1666123388,
      "stdout": "",
      "stderr": "Traceback (most recent call last):\n  File \"/tmp/tmp4nzn4y8o.py\", line 19, in <module>\n    test_check()\n  File \"/tmp/tmp4nzn4y8o.py\", line 17, in test_check\n    check(sum_Of_product)\n  File \"/tmp/tmp4nzn4y8o.py\", line 12, in check\n    assert candidate(3) == 15\n  File \"/tmp/tmp4nzn4y8o.py\", line 7, in sum_Of_product\n    sum += math.factorial(n) / (math.factorial(i) * math.factorial(n - i))\nNameError: name 'math' is not defined\n",
      "exit_code": 1,
      "status": "Exception"
    },
    {
      "program": "def sum_Of_product(n: int) -> int:\n    \"\"\"\n\tWrite a python function to find the sum of the product of consecutive binomial co-efficients.\n\t\"\"\"\n    sum = 0\n    for i in range(1, n + 1):\n        sum += binomial_coefficient(n, i) * i\n    return sum\n\n\ndef check(candidate):\n    assert candidate(3) == 15\n    assert candidate(4) == 56\n    assert candidate(1) == 1\n\ndef test_check():\n    check(sum_Of_product)\n\ntest_check()\n",
      "timestamp": 1665510313,
      "stdout": "",
      "stderr": "Traceback (most recent call last):\n  File \"/tmp/tmpjlym3tp3.py\", line 19, in <module>\n    test_check()\n  File \"/tmp/tmpjlym3tp3.py\", line 17, in test_check\n    check(sum_Of_product)\n  File \"/tmp/tmpjlym3tp3.py\", line 12, in check\n    assert candidate(3) == 15\n  File \"/tmp/tmpjlym3tp3.py\", line 7, in sum_Of_product\n    sum += binomial_coefficient(n, i) * i\nNameError: name 'binomial_coefficient' is not defined\n",
      "exit_code": 1,
      "status": "Exception"
    },
    {
      "program": "def sum_Of_product(n: int) -> int:\n    \"\"\"\n\tWrite a python function to find the sum of the product of consecutive binomial co-efficients.\n\t\"\"\"\n    result = 0\n    for i in range(1, n + 1):\n        result += binomial_coefficient(n, i) * i\n    return result\n\n\ndef check(candidate):\n    assert candidate(3) == 15\n    assert candidate(4) == 56\n    assert candidate(1) == 1\n\ndef test_check():\n    check(sum_Of_product)\n\ntest_check()\n",
      "timestamp": 1666123388,
      "stdout": "",
      "stderr": "Traceback (most recent call last):\n  File \"/tmp/tmpqqlqtrgy.py\", line 19, in <module>\n    test_check()\n  File \"/tmp/tmpqqlqtrgy.py\", line 17, in test_check\n    check(sum_Of_product)\n  File \"/tmp/tmpqqlqtrgy.py\", line 12, in check\n    assert candidate(3) == 15\n  File \"/tmp/tmpqqlqtrgy.py\", line 7, in sum_Of_product\n    result += binomial_coefficient(n, i) * i\nNameError: name 'binomial_coefficient' is not defined\n",
      "exit_code": 1,
      "status": "Exception"
    },
    {
      "program": "def sum_Of_product(n: int) -> int:\n    \"\"\"\n\tWrite a python function to find the sum of the product of consecutive binomial co-efficients.\n\t\"\"\"\n    sum = 0\n    for i in range(1, n + 1):\n        sum += binomial_coefficient(n, i) * binomial_coefficient(n, i + 1)\n    return sum\n\n\ndef check(candidate):\n    assert candidate(3) == 15\n    assert candidate(4) == 56\n    assert candidate(1) == 1\n\ndef test_check():\n    check(sum_Of_product)\n\ntest_check()\n",
      "timestamp": 1665510313,
      "stdout": "",
      "stderr": "Traceback (most recent call last):\n  File \"/tmp/tmp28x5smfj.py\", line 19, in <module>\n    test_check()\n  File \"/tmp/tmp28x5smfj.py\", line 17, in test_check\n    check(sum_Of_product)\n  File \"/tmp/tmp28x5smfj.py\", line 12, in check\n    assert candidate(3) == 15\n  File \"/tmp/tmp28x5smfj.py\", line 7, in sum_Of_product\n    sum += binomial_coefficient(n, i) * binomial_coefficient(n, i + 1)\nNameError: name 'binomial_coefficient' is not defined\n",
      "exit_code": 1,
      "status": "Exception"
    },
    {
      "program": "def sum_Of_product(n: int) -> int:\n    \"\"\"\n\tWrite a python function to find the sum of the product of consecutive binomial co-efficients.\n\t\"\"\"\n    sum = 0\n    for i in range(1, n + 1):\n        sum += binomial_coefficient(n, i) * binomial_coefficient(n, i + 1)\n    return sum\n\n\ndef check(candidate):\n    assert candidate(3) == 15\n    assert candidate(4) == 56\n    assert candidate(1) == 1\n\ndef test_check():\n    check(sum_Of_product)\n\ntest_check()\n",
      "timestamp": 1665510313,
      "stdout": "",
      "stderr": "Traceback (most recent call last):\n  File \"/tmp/tmp28x5smfj.py\", line 19, in <module>\n    test_check()\n  File \"/tmp/tmp28x5smfj.py\", line 17, in test_check\n    check(sum_Of_product)\n  File \"/tmp/tmp28x5smfj.py\", line 12, in check\n    assert candidate(3) == 15\n  File \"/tmp/tmp28x5smfj.py\", line 7, in sum_Of_product\n    sum += binomial_coefficient(n, i) * binomial_coefficient(n, i + 1)\nNameError: name 'binomial_coefficient' is not defined\n",
      "exit_code": 1,
      "status": "Exception"
    },
    {
      "program": "def sum_Of_product(n: int) -> int:\n    \"\"\"\n\tWrite a python function to find the sum of the product of consecutive binomial co-efficients.\n\t\"\"\"\n    sum = 0\n    for i in range(1, n + 1):\n        sum += binomial_coefficient(n, i) * binomial_coefficient(n, i + 1)\n    return sum\n\n\ndef check(candidate):\n    assert candidate(3) == 15\n    assert candidate(4) == 56\n    assert candidate(1) == 1\n\ndef test_check():\n    check(sum_Of_product)\n\ntest_check()\n",
      "timestamp": 1665510313,
      "stdout": "",
      "stderr": "Traceback (most recent call last):\n  File \"/tmp/tmp28x5smfj.py\", line 19, in <module>\n    test_check()\n  File \"/tmp/tmp28x5smfj.py\", line 17, in test_check\n    check(sum_Of_product)\n  File \"/tmp/tmp28x5smfj.py\", line 12, in check\n    assert candidate(3) == 15\n  File \"/tmp/tmp28x5smfj.py\", line 7, in sum_Of_product\n    sum += binomial_coefficient(n, i) * binomial_coefficient(n, i + 1)\nNameError: name 'binomial_coefficient' is not defined\n",
      "exit_code": 1,
      "status": "Exception"
    },
    {
      "program": "def sum_Of_product(n: int) -> int:\n    \"\"\"\n\tWrite a python function to find the sum of the product of consecutive binomial co-efficients.\n\t\"\"\"\n    sum = 0\n    for i in range(1, n + 1):\n        sum += product(i)\n    return sum\n\n\ndef check(candidate):\n    assert candidate(3) == 15\n    assert candidate(4) == 56\n    assert candidate(1) == 1\n\ndef test_check():\n    check(sum_Of_product)\n\ntest_check()\n",
      "timestamp": 1666123388,
      "stdout": "",
      "stderr": "Traceback (most recent call last):\n  File \"/tmp/tmpu4ts5gn6.py\", line 19, in <module>\n    test_check()\n  File \"/tmp/tmpu4ts5gn6.py\", line 17, in test_check\n    check(sum_Of_product)\n  File \"/tmp/tmpu4ts5gn6.py\", line 12, in check\n    assert candidate(3) == 15\n  File \"/tmp/tmpu4ts5gn6.py\", line 7, in sum_Of_product\n    sum += product(i)\nNameError: name 'product' is not defined\n",
      "exit_code": 1,
      "status": "Exception"
    },
    {
      "program": "def sum_Of_product(n: int) -> int:\n    \"\"\"\n\tWrite a python function to find the sum of the product of consecutive binomial co-efficients.\n\t\"\"\"\n    sum = 0\n    for i in range(1, n + 1):\n        sum += binomial_coefficient(n, i) * i\n    return sum\n\n\ndef check(candidate):\n    assert candidate(3) == 15\n    assert candidate(4) == 56\n    assert candidate(1) == 1\n\ndef test_check():\n    check(sum_Of_product)\n\ntest_check()\n",
      "timestamp": 1665510313,
      "stdout": "",
      "stderr": "Traceback (most recent call last):\n  File \"/tmp/tmpjlym3tp3.py\", line 19, in <module>\n    test_check()\n  File \"/tmp/tmpjlym3tp3.py\", line 17, in test_check\n    check(sum_Of_product)\n  File \"/tmp/tmpjlym3tp3.py\", line 12, in check\n    assert candidate(3) == 15\n  File \"/tmp/tmpjlym3tp3.py\", line 7, in sum_Of_product\n    sum += binomial_coefficient(n, i) * i\nNameError: name 'binomial_coefficient' is not defined\n",
      "exit_code": 1,
      "status": "Exception"
    },
    {
      "program": "def sum_Of_product(n: int) -> int:\n    \"\"\"\n\tWrite a python function to find the sum of the product of consecutive binomial co-efficients.\n\t\"\"\"\n    sum = 0\n    for i in range(1, n + 1):\n        sum += binomial_coefficient(n, i) * binomial_coefficient(n, i + 1)\n    return sum\n\n\ndef check(candidate):\n    assert candidate(3) == 15\n    assert candidate(4) == 56\n    assert candidate(1) == 1\n\ndef test_check():\n    check(sum_Of_product)\n\ntest_check()\n",
      "timestamp": 1665510313,
      "stdout": "",
      "stderr": "Traceback (most recent call last):\n  File \"/tmp/tmp28x5smfj.py\", line 19, in <module>\n    test_check()\n  File \"/tmp/tmp28x5smfj.py\", line 17, in test_check\n    check(sum_Of_product)\n  File \"/tmp/tmp28x5smfj.py\", line 12, in check\n    assert candidate(3) == 15\n  File \"/tmp/tmp28x5smfj.py\", line 7, in sum_Of_product\n    sum += binomial_coefficient(n, i) * binomial_coefficient(n, i + 1)\nNameError: name 'binomial_coefficient' is not defined\n",
      "exit_code": 1,
      "status": "Exception"
    },
    {
      "program": "def sum_Of_product(n: int) -> int:\n    \"\"\"\n\tWrite a python function to find the sum of the product of consecutive binomial co-efficients.\n\t\"\"\"\n    sum = 0\n    for i in range(1, n + 1):\n        sum += binomial_coefficient(n, i) * binomial_coefficient(n, i + 1)\n    return sum\n\n\ndef check(candidate):\n    assert candidate(3) == 15\n    assert candidate(4) == 56\n    assert candidate(1) == 1\n\ndef test_check():\n    check(sum_Of_product)\n\ntest_check()\n",
      "timestamp": 1665510313,
      "stdout": "",
      "stderr": "Traceback (most recent call last):\n  File \"/tmp/tmp28x5smfj.py\", line 19, in <module>\n    test_check()\n  File \"/tmp/tmp28x5smfj.py\", line 17, in test_check\n    check(sum_Of_product)\n  File \"/tmp/tmp28x5smfj.py\", line 12, in check\n    assert candidate(3) == 15\n  File \"/tmp/tmp28x5smfj.py\", line 7, in sum_Of_product\n    sum += binomial_coefficient(n, i) * binomial_coefficient(n, i + 1)\nNameError: name 'binomial_coefficient' is not defined\n",
      "exit_code": 1,
      "status": "Exception"
    },
    {
      "program": "def sum_Of_product(n: int) -> int:\n    \"\"\"\n\tWrite a python function to find the sum of the product of consecutive binomial co-efficients.\n\t\"\"\"\n    sum = 0\n    for i in range(1, n + 1):\n        sum += ncr(n, i) * ncr(n, i + 1)\n    return sum\n\n\ndef check(candidate):\n    assert candidate(3) == 15\n    assert candidate(4) == 56\n    assert candidate(1) == 1\n\ndef test_check():\n    check(sum_Of_product)\n\ntest_check()\n",
      "timestamp": 1666123388,
      "stdout": "",
      "stderr": "Traceback (most recent call last):\n  File \"/tmp/tmpowva9gn1.py\", line 19, in <module>\n    test_check()\n  File \"/tmp/tmpowva9gn1.py\", line 17, in test_check\n    check(sum_Of_product)\n  File \"/tmp/tmpowva9gn1.py\", line 12, in check\n    assert candidate(3) == 15\n  File \"/tmp/tmpowva9gn1.py\", line 7, in sum_Of_product\n    sum += ncr(n, i) * ncr(n, i + 1)\nNameError: name 'ncr' is not defined\n",
      "exit_code": 1,
      "status": "Exception"
    },
    {
      "program": "def sum_Of_product(n: int) -> int:\n    \"\"\"\n\tWrite a python function to find the sum of the product of consecutive binomial co-efficients.\n\t\"\"\"\n    sum = 0\n    for i in range(1, n + 1):\n        sum += (factorial(n) / (factorial(i) * factorial(n - i))) * (factorial(n) / (factorial(i + 1) * factorial(n - (i + 1))))\n    return sum\n\n\ndef check(candidate):\n    assert candidate(3) == 15\n    assert candidate(4) == 56\n    assert candidate(1) == 1\n\ndef test_check():\n    check(sum_Of_product)\n\ntest_check()\n",
      "timestamp": 1666123388,
      "stdout": "",
      "stderr": "Traceback (most recent call last):\n  File \"/tmp/tmpxq8wk9eo.py\", line 19, in <module>\n    test_check()\n  File \"/tmp/tmpxq8wk9eo.py\", line 17, in test_check\n    check(sum_Of_product)\n  File \"/tmp/tmpxq8wk9eo.py\", line 12, in check\n    assert candidate(3) == 15\n  File \"/tmp/tmpxq8wk9eo.py\", line 7, in sum_Of_product\n    sum += (factorial(n) / (factorial(i) * factorial(n - i))) * (factorial(n) / (factorial(i + 1) * factorial(n - (i + 1))))\nNameError: name 'factorial' is not defined\n",
      "exit_code": 1,
      "status": "Exception"
    },
    {
      "program": "def sum_Of_product(n: int) -> int:\n    \"\"\"\n\tWrite a python function to find the sum of the product of consecutive binomial co-efficients.\n\t\"\"\"\n    sum = 0\n    for i in range(1, n + 1):\n        sum += binomial_coefficient(n, i) * binomial_coefficient(n, i + 1)\n    return sum\n\n\ndef check(candidate):\n    assert candidate(3) == 15\n    assert candidate(4) == 56\n    assert candidate(1) == 1\n\ndef test_check():\n    check(sum_Of_product)\n\ntest_check()\n",
      "timestamp": 1665510313,
      "stdout": "",
      "stderr": "Traceback (most recent call last):\n  File \"/tmp/tmp28x5smfj.py\", line 19, in <module>\n    test_check()\n  File \"/tmp/tmp28x5smfj.py\", line 17, in test_check\n    check(sum_Of_product)\n  File \"/tmp/tmp28x5smfj.py\", line 12, in check\n    assert candidate(3) == 15\n  File \"/tmp/tmp28x5smfj.py\", line 7, in sum_Of_product\n    sum += binomial_coefficient(n, i) * binomial_coefficient(n, i + 1)\nNameError: name 'binomial_coefficient' is not defined\n",
      "exit_code": 1,
      "status": "Exception"
    },
    {
      "program": "def sum_Of_product(n: int) -> int:\n    \"\"\"\n\tWrite a python function to find the sum of the product of consecutive binomial co-efficients.\n\t\"\"\"\n    if n < 0:\n        return 0\n    else:\n        sum = 0\n        for i in range(1, n + 1):\n            sum += product(i)\n        return sum\n\n\ndef check(candidate):\n    assert candidate(3) == 15\n    assert candidate(4) == 56\n    assert candidate(1) == 1\n\ndef test_check():\n    check(sum_Of_product)\n\ntest_check()\n",
      "timestamp": 1666123388,
      "stdout": "",
      "stderr": "Traceback (most recent call last):\n  File \"/tmp/tmplsj73fqm.py\", line 22, in <module>\n    test_check()\n  File \"/tmp/tmplsj73fqm.py\", line 20, in test_check\n    check(sum_Of_product)\n  File \"/tmp/tmplsj73fqm.py\", line 15, in check\n    assert candidate(3) == 15\n  File \"/tmp/tmplsj73fqm.py\", line 10, in sum_Of_product\n    sum += product(i)\nNameError: name 'product' is not defined\n",
      "exit_code": 1,
      "status": "Exception"
    },
    {
      "program": "def sum_Of_product(n: int) -> int:\n    \"\"\"\n\tWrite a python function to find the sum of the product of consecutive binomial co-efficients.\n\t\"\"\"\n    sum = 0\n    for i in range(1, n + 1):\n        sum += nCr(n, i) * nCr(n, i + 1)\n    return sum\n\n\ndef check(candidate):\n    assert candidate(3) == 15\n    assert candidate(4) == 56\n    assert candidate(1) == 1\n\ndef test_check():\n    check(sum_Of_product)\n\ntest_check()\n",
      "timestamp": 1665510313,
      "stdout": "",
      "stderr": "Traceback (most recent call last):\n  File \"/tmp/tmppni0je0w.py\", line 19, in <module>\n    test_check()\n  File \"/tmp/tmppni0je0w.py\", line 17, in test_check\n    check(sum_Of_product)\n  File \"/tmp/tmppni0je0w.py\", line 12, in check\n    assert candidate(3) == 15\n  File \"/tmp/tmppni0je0w.py\", line 7, in sum_Of_product\n    sum += nCr(n, i) * nCr(n, i + 1)\nNameError: name 'nCr' is not defined\n",
      "exit_code": 1,
      "status": "Exception"
    },
    {
      "program": "def sum_Of_product(n: int) -> int:\n    \"\"\"\n\tWrite a python function to find the sum of the product of consecutive binomial co-efficients.\n\t\"\"\"\n    sum = 0\n    for i in range(1, n + 1):\n        sum += nCr(n, i) * nCr(n, i + 1)\n    return sum\n\n\ndef check(candidate):\n    assert candidate(3) == 15\n    assert candidate(4) == 56\n    assert candidate(1) == 1\n\ndef test_check():\n    check(sum_Of_product)\n\ntest_check()\n",
      "timestamp": 1665510313,
      "stdout": "",
      "stderr": "Traceback (most recent call last):\n  File \"/tmp/tmppni0je0w.py\", line 19, in <module>\n    test_check()\n  File \"/tmp/tmppni0je0w.py\", line 17, in test_check\n    check(sum_Of_product)\n  File \"/tmp/tmppni0je0w.py\", line 12, in check\n    assert candidate(3) == 15\n  File \"/tmp/tmppni0je0w.py\", line 7, in sum_Of_product\n    sum += nCr(n, i) * nCr(n, i + 1)\nNameError: name 'nCr' is not defined\n",
      "exit_code": 1,
      "status": "Exception"
    },
    {
      "program": "def sum_Of_product(n: int) -> int:\n    \"\"\"\n\tWrite a python function to find the sum of the product of consecutive binomial co-efficients.\n\t\"\"\"\n    sum = 0\n    for i in range(1, n + 1):\n        sum += binomial_coefficient(n, i) * binomial_coefficient(n, i + 1)\n    return sum\n\n\ndef check(candidate):\n    assert candidate(3) == 15\n    assert candidate(4) == 56\n    assert candidate(1) == 1\n\ndef test_check():\n    check(sum_Of_product)\n\ntest_check()\n",
      "timestamp": 1665510313,
      "stdout": "",
      "stderr": "Traceback (most recent call last):\n  File \"/tmp/tmp28x5smfj.py\", line 19, in <module>\n    test_check()\n  File \"/tmp/tmp28x5smfj.py\", line 17, in test_check\n    check(sum_Of_product)\n  File \"/tmp/tmp28x5smfj.py\", line 12, in check\n    assert candidate(3) == 15\n  File \"/tmp/tmp28x5smfj.py\", line 7, in sum_Of_product\n    sum += binomial_coefficient(n, i) * binomial_coefficient(n, i + 1)\nNameError: name 'binomial_coefficient' is not defined\n",
      "exit_code": 1,
      "status": "Exception"
    },
    {
      "program": "def sum_Of_product(n: int) -> int:\n    \"\"\"\n\tWrite a python function to find the sum of the product of consecutive binomial co-efficients.\n\t\"\"\"\n    if n <= 1:\n        return 1\n    else:\n        return n * sum_Of_product(n - 1)\n\n\ndef check(candidate):\n    assert candidate(3) == 15\n    assert candidate(4) == 56\n    assert candidate(1) == 1\n\ndef test_check():\n    check(sum_Of_product)\n\ntest_check()\n",
      "timestamp": 1666123388,
      "stdout": "",
      "stderr": "Traceback (most recent call last):\n  File \"/tmp/tmpk8o7lx04.py\", line 19, in <module>\n    test_check()\n  File \"/tmp/tmpk8o7lx04.py\", line 17, in test_check\n    check(sum_Of_product)\n  File \"/tmp/tmpk8o7lx04.py\", line 12, in check\n    assert candidate(3) == 15\nAssertionError\n",
      "exit_code": 1,
      "status": "Exception"
    },
    {
      "program": "def sum_Of_product(n: int) -> int:\n    \"\"\"\n\tWrite a python function to find the sum of the product of consecutive binomial co-efficients.\n\t\"\"\"\n    sum = 0\n    for i in range(1, n + 1):\n        sum += binomial_coefficient(n, i) * binomial_coefficient(n, i + 1)\n    return sum\n\n\ndef check(candidate):\n    assert candidate(3) == 15\n    assert candidate(4) == 56\n    assert candidate(1) == 1\n\ndef test_check():\n    check(sum_Of_product)\n\ntest_check()\n",
      "timestamp": 1665510313,
      "stdout": "",
      "stderr": "Traceback (most recent call last):\n  File \"/tmp/tmp28x5smfj.py\", line 19, in <module>\n    test_check()\n  File \"/tmp/tmp28x5smfj.py\", line 17, in test_check\n    check(sum_Of_product)\n  File \"/tmp/tmp28x5smfj.py\", line 12, in check\n    assert candidate(3) == 15\n  File \"/tmp/tmp28x5smfj.py\", line 7, in sum_Of_product\n    sum += binomial_coefficient(n, i) * binomial_coefficient(n, i + 1)\nNameError: name 'binomial_coefficient' is not defined\n",
      "exit_code": 1,
      "status": "Exception"
    },
    {
      "program": "def sum_Of_product(n: int) -> int:\n    \"\"\"\n\tWrite a python function to find the sum of the product of consecutive binomial co-efficients.\n\t\"\"\"\n    sum = 0\n    for i in range(1, n + 1):\n        sum += binomial_coefficient(n, i) * binomial_coefficient(n, i + 1)\n    return sum\n\n\ndef check(candidate):\n    assert candidate(3) == 15\n    assert candidate(4) == 56\n    assert candidate(1) == 1\n\ndef test_check():\n    check(sum_Of_product)\n\ntest_check()\n",
      "timestamp": 1665510313,
      "stdout": "",
      "stderr": "Traceback (most recent call last):\n  File \"/tmp/tmp28x5smfj.py\", line 19, in <module>\n    test_check()\n  File \"/tmp/tmp28x5smfj.py\", line 17, in test_check\n    check(sum_Of_product)\n  File \"/tmp/tmp28x5smfj.py\", line 12, in check\n    assert candidate(3) == 15\n  File \"/tmp/tmp28x5smfj.py\", line 7, in sum_Of_product\n    sum += binomial_coefficient(n, i) * binomial_coefficient(n, i + 1)\nNameError: name 'binomial_coefficient' is not defined\n",
      "exit_code": 1,
      "status": "Exception"
    },
    {
      "program": "def sum_Of_product(n: int) -> int:\n    \"\"\"\n\tWrite a python function to find the sum of the product of consecutive binomial co-efficients.\n\t\"\"\"\n    sum = 0\n    for i in range(1, n + 1):\n        sum += binomial_coefficient(n, i) * binomial_coefficient(n, i + 1)\n    return sum\n\n\ndef check(candidate):\n    assert candidate(3) == 15\n    assert candidate(4) == 56\n    assert candidate(1) == 1\n\ndef test_check():\n    check(sum_Of_product)\n\ntest_check()\n",
      "timestamp": 1665510313,
      "stdout": "",
      "stderr": "Traceback (most recent call last):\n  File \"/tmp/tmp28x5smfj.py\", line 19, in <module>\n    test_check()\n  File \"/tmp/tmp28x5smfj.py\", line 17, in test_check\n    check(sum_Of_product)\n  File \"/tmp/tmp28x5smfj.py\", line 12, in check\n    assert candidate(3) == 15\n  File \"/tmp/tmp28x5smfj.py\", line 7, in sum_Of_product\n    sum += binomial_coefficient(n, i) * binomial_coefficient(n, i + 1)\nNameError: name 'binomial_coefficient' is not defined\n",
      "exit_code": 1,
      "status": "Exception"
    }
  ]
}