{
  "name": "mbpp_448_cal_sum",
  "language": "py",
  "prompt": "def cal_sum(n: int) -> int:\n    \"\"\"\n\tWrite a function to calculate the sum of perrin numbers.\n\t\"\"\"\n",
  "doctests": "transform",
  "original": "/home/arjun/repos/MultiPL-E/datasets/../datasets/mbpp-typed/mbpp_448_cal_sum.py",
  "prompt_terminology": "reworded",
  "tests": "def check(candidate):\n    assert candidate(9) == 49\n    assert candidate(10) == 66\n    assert candidate(11) == 88\n\ndef test_check():\n    check(cal_sum)\n\ntest_check()\n",
  "stop_tokens": [
    "\ndef",
    "\n#",
    "\nif",
    "\nclass"
  ],
  "results": [
    {
      "program": "def cal_sum(n: int) -> int:\n    \"\"\"\n\tWrite a function to calculate the sum of perrin numbers.\n\t\"\"\"\n    if n == 0:\n        return 3\n    elif n == 1:\n        return 0\n    elif n == 2:\n        return 2\n    else:\n        return cal_sum(n - 2) + cal_sum(n - 3)\n\n\ndef check(candidate):\n    assert candidate(9) == 49\n    assert candidate(10) == 66\n    assert candidate(11) == 88\n\ndef test_check():\n    check(cal_sum)\n\ntest_check()\n",
      "timestamp": 1665510083,
      "stdout": "",
      "stderr": "Traceback (most recent call last):\n  File \"/tmp/tmp4o3j07ub.py\", line 23, in <module>\n    test_check()\n  File \"/tmp/tmp4o3j07ub.py\", line 21, in test_check\n    check(cal_sum)\n  File \"/tmp/tmp4o3j07ub.py\", line 16, in check\n    assert candidate(9) == 49\nAssertionError\n",
      "exit_code": 1,
      "status": "Exception"
    },
    {
      "program": "def cal_sum(n: int) -> int:\n    \"\"\"\n\tWrite a function to calculate the sum of perrin numbers.\n\t\"\"\"\n    if n == 0:\n        return 3\n    elif n == 1:\n        return 0\n    elif n == 2:\n        return 2\n    else:\n        return cal_sum(n - 2) + cal_sum(n - 3)\n\n\ndef check(candidate):\n    assert candidate(9) == 49\n    assert candidate(10) == 66\n    assert candidate(11) == 88\n\ndef test_check():\n    check(cal_sum)\n\ntest_check()\n",
      "timestamp": 1665510083,
      "stdout": "",
      "stderr": "Traceback (most recent call last):\n  File \"/tmp/tmp4o3j07ub.py\", line 23, in <module>\n    test_check()\n  File \"/tmp/tmp4o3j07ub.py\", line 21, in test_check\n    check(cal_sum)\n  File \"/tmp/tmp4o3j07ub.py\", line 16, in check\n    assert candidate(9) == 49\nAssertionError\n",
      "exit_code": 1,
      "status": "Exception"
    },
    {
      "program": "def cal_sum(n: int) -> int:\n    \"\"\"\n\tWrite a function to calculate the sum of perrin numbers.\n\t\"\"\"\n    if n < 3:\n        return 0\n    else:\n        return perrin(n) + cal_sum(n - 1)\n\n\ndef check(candidate):\n    assert candidate(9) == 49\n    assert candidate(10) == 66\n    assert candidate(11) == 88\n\ndef test_check():\n    check(cal_sum)\n\ntest_check()\n",
      "timestamp": 1665510083,
      "stdout": "",
      "stderr": "Traceback (most recent call last):\n  File \"/tmp/tmpox426_25.py\", line 19, in <module>\n    test_check()\n  File \"/tmp/tmpox426_25.py\", line 17, in test_check\n    check(cal_sum)\n  File \"/tmp/tmpox426_25.py\", line 12, in check\n    assert candidate(9) == 49\n  File \"/tmp/tmpox426_25.py\", line 8, in cal_sum\n    return perrin(n) + cal_sum(n - 1)\nNameError: name 'perrin' is not defined\n",
      "exit_code": 1,
      "status": "Exception"
    },
    {
      "program": "def cal_sum(n: int) -> int:\n    \"\"\"\n\tWrite a function to calculate the sum of perrin numbers.\n\t\"\"\"\n    if n == 0:\n        return 3\n    elif n == 1:\n        return 0\n    elif n == 2:\n        return 2\n    else:\n        return cal_sum(n - 2) + cal_sum(n - 3)\n\n\ndef check(candidate):\n    assert candidate(9) == 49\n    assert candidate(10) == 66\n    assert candidate(11) == 88\n\ndef test_check():\n    check(cal_sum)\n\ntest_check()\n",
      "timestamp": 1665510083,
      "stdout": "",
      "stderr": "Traceback (most recent call last):\n  File \"/tmp/tmp4o3j07ub.py\", line 23, in <module>\n    test_check()\n  File \"/tmp/tmp4o3j07ub.py\", line 21, in test_check\n    check(cal_sum)\n  File \"/tmp/tmp4o3j07ub.py\", line 16, in check\n    assert candidate(9) == 49\nAssertionError\n",
      "exit_code": 1,
      "status": "Exception"
    },
    {
      "program": "def cal_sum(n: int) -> int:\n    \"\"\"\n\tWrite a function to calculate the sum of perrin numbers.\n\t\"\"\"\n    if n < 3:\n        return 0\n    else:\n        return cal_perrin(n) + cal_sum(n - 1)\n\n\ndef check(candidate):\n    assert candidate(9) == 49\n    assert candidate(10) == 66\n    assert candidate(11) == 88\n\ndef test_check():\n    check(cal_sum)\n\ntest_check()\n",
      "timestamp": 1665510083,
      "stdout": "",
      "stderr": "Traceback (most recent call last):\n  File \"/tmp/tmpf4bu2dh_.py\", line 19, in <module>\n    test_check()\n  File \"/tmp/tmpf4bu2dh_.py\", line 17, in test_check\n    check(cal_sum)\n  File \"/tmp/tmpf4bu2dh_.py\", line 12, in check\n    assert candidate(9) == 49\n  File \"/tmp/tmpf4bu2dh_.py\", line 8, in cal_sum\n    return cal_perrin(n) + cal_sum(n - 1)\nNameError: name 'cal_perrin' is not defined\n",
      "exit_code": 1,
      "status": "Exception"
    },
    {
      "program": "def cal_sum(n: int) -> int:\n    \"\"\"\n\tWrite a function to calculate the sum of perrin numbers.\n\t\"\"\"\n    if n < 0:\n        return 0\n    if n == 0:\n        return 3\n    if n == 1:\n        return 0\n    if n == 2:\n        return 2\n    if n == 3:\n        return 3\n    return cal_sum(n - 2) + cal_sum(n - 3)\n\n\ndef check(candidate):\n    assert candidate(9) == 49\n    assert candidate(10) == 66\n    assert candidate(11) == 88\n\ndef test_check():\n    check(cal_sum)\n\ntest_check()\n",
      "timestamp": 1665510083,
      "stdout": "",
      "stderr": "Traceback (most recent call last):\n  File \"/tmp/tmp31fzayv7.py\", line 26, in <module>\n    test_check()\n  File \"/tmp/tmp31fzayv7.py\", line 24, in test_check\n    check(cal_sum)\n  File \"/tmp/tmp31fzayv7.py\", line 19, in check\n    assert candidate(9) == 49\nAssertionError\n",
      "exit_code": 1,
      "status": "Exception"
    },
    {
      "program": "def cal_sum(n: int) -> int:\n    \"\"\"\n\tWrite a function to calculate the sum of perrin numbers.\n\t\"\"\"\n    if n < 0:\n        return 0\n    if n == 0:\n        return 3\n    if n == 1:\n        return 0\n    if n == 2:\n        return 2\n    if n == 3:\n        return 3\n    return cal_sum(n - 2) + cal_sum(n - 3)\n\n\ndef check(candidate):\n    assert candidate(9) == 49\n    assert candidate(10) == 66\n    assert candidate(11) == 88\n\ndef test_check():\n    check(cal_sum)\n\ntest_check()\n",
      "timestamp": 1665510083,
      "stdout": "",
      "stderr": "Traceback (most recent call last):\n  File \"/tmp/tmp31fzayv7.py\", line 26, in <module>\n    test_check()\n  File \"/tmp/tmp31fzayv7.py\", line 24, in test_check\n    check(cal_sum)\n  File \"/tmp/tmp31fzayv7.py\", line 19, in check\n    assert candidate(9) == 49\nAssertionError\n",
      "exit_code": 1,
      "status": "Exception"
    },
    {
      "program": "def cal_sum(n: int) -> int:\n    \"\"\"\n\tWrite a function to calculate the sum of perrin numbers.\n\t\"\"\"\n    if n < 3:\n        return 0\n    perrin_list = [3, 0, 2]\n    for i in range(3, n):\n        perrin_list.append(perrin_list[i - 2] + perrin_list[i - 3])\n    return sum(perrin_list)\n\n\ndef check(candidate):\n    assert candidate(9) == 49\n    assert candidate(10) == 66\n    assert candidate(11) == 88\n\ndef test_check():\n    check(cal_sum)\n\ntest_check()\n",
      "timestamp": 1665510083,
      "stdout": "",
      "stderr": "Traceback (most recent call last):\n  File \"/tmp/tmp9rwk5gfa.py\", line 21, in <module>\n    test_check()\n  File \"/tmp/tmp9rwk5gfa.py\", line 19, in test_check\n    check(cal_sum)\n  File \"/tmp/tmp9rwk5gfa.py\", line 14, in check\n    assert candidate(9) == 49\nAssertionError\n",
      "exit_code": 1,
      "status": "Exception"
    },
    {
      "program": "def cal_sum(n: int) -> int:\n    \"\"\"\n\tWrite a function to calculate the sum of perrin numbers.\n\t\"\"\"\n    if n < 0:\n        return 0\n    if n == 0:\n        return 3\n    if n == 1:\n        return 0\n    if n == 2:\n        return 2\n    return cal_sum(n - 2) + cal_sum(n - 3)\n\n\ndef check(candidate):\n    assert candidate(9) == 49\n    assert candidate(10) == 66\n    assert candidate(11) == 88\n\ndef test_check():\n    check(cal_sum)\n\ntest_check()\n",
      "timestamp": 1665510083,
      "stdout": "",
      "stderr": "Traceback (most recent call last):\n  File \"/tmp/tmp_7hrr48t.py\", line 24, in <module>\n    test_check()\n  File \"/tmp/tmp_7hrr48t.py\", line 22, in test_check\n    check(cal_sum)\n  File \"/tmp/tmp_7hrr48t.py\", line 17, in check\n    assert candidate(9) == 49\nAssertionError\n",
      "exit_code": 1,
      "status": "Exception"
    },
    {
      "program": "def cal_sum(n: int) -> int:\n    \"\"\"\n\tWrite a function to calculate the sum of perrin numbers.\n\t\"\"\"\n    if n == 1:\n        return 3\n    elif n == 2:\n        return 0\n    elif n == 3:\n        return 2\n    else:\n        return cal_sum(n - 2) + cal_sum(n - 3)\n\n\ndef check(candidate):\n    assert candidate(9) == 49\n    assert candidate(10) == 66\n    assert candidate(11) == 88\n\ndef test_check():\n    check(cal_sum)\n\ntest_check()\n",
      "timestamp": 1665510083,
      "stdout": "",
      "stderr": "Traceback (most recent call last):\n  File \"/tmp/tmpzect441u.py\", line 23, in <module>\n    test_check()\n  File \"/tmp/tmpzect441u.py\", line 21, in test_check\n    check(cal_sum)\n  File \"/tmp/tmpzect441u.py\", line 16, in check\n    assert candidate(9) == 49\nAssertionError\n",
      "exit_code": 1,
      "status": "Exception"
    },
    {
      "program": "def cal_sum(n: int) -> int:\n    \"\"\"\n\tWrite a function to calculate the sum of perrin numbers.\n\t\"\"\"\n    if n == 0:\n        return 3\n    elif n == 1:\n        return 0\n    elif n == 2:\n        return 2\n    else:\n        return cal_sum(n - 2) + cal_sum(n - 3)\n\n\ndef check(candidate):\n    assert candidate(9) == 49\n    assert candidate(10) == 66\n    assert candidate(11) == 88\n\ndef test_check():\n    check(cal_sum)\n\ntest_check()\n",
      "timestamp": 1665510083,
      "stdout": "",
      "stderr": "Traceback (most recent call last):\n  File \"/tmp/tmp4o3j07ub.py\", line 23, in <module>\n    test_check()\n  File \"/tmp/tmp4o3j07ub.py\", line 21, in test_check\n    check(cal_sum)\n  File \"/tmp/tmp4o3j07ub.py\", line 16, in check\n    assert candidate(9) == 49\nAssertionError\n",
      "exit_code": 1,
      "status": "Exception"
    },
    {
      "program": "def cal_sum(n: int) -> int:\n    \"\"\"\n\tWrite a function to calculate the sum of perrin numbers.\n\t\"\"\"\n    if n < 3:\n        return 0\n    perrin_numbers = [3, 0, 2]\n    for i in range(3, n):\n        perrin_numbers.append(perrin_numbers[i - 2] + perrin_numbers[i - 3])\n    return sum(perrin_numbers)\n\n\ndef check(candidate):\n    assert candidate(9) == 49\n    assert candidate(10) == 66\n    assert candidate(11) == 88\n\ndef test_check():\n    check(cal_sum)\n\ntest_check()\n",
      "timestamp": 1665510083,
      "stdout": "",
      "stderr": "Traceback (most recent call last):\n  File \"/tmp/tmp85u9w3la.py\", line 21, in <module>\n    test_check()\n  File \"/tmp/tmp85u9w3la.py\", line 19, in test_check\n    check(cal_sum)\n  File \"/tmp/tmp85u9w3la.py\", line 14, in check\n    assert candidate(9) == 49\nAssertionError\n",
      "exit_code": 1,
      "status": "Exception"
    },
    {
      "program": "def cal_sum(n: int) -> int:\n    \"\"\"\n\tWrite a function to calculate the sum of perrin numbers.\n\t\"\"\"\n    if n == 0:\n        return 3\n    elif n == 1:\n        return 0\n    elif n == 2:\n        return 2\n    else:\n        return cal_sum(n - 2) + cal_sum(n - 3)\n\n\ndef check(candidate):\n    assert candidate(9) == 49\n    assert candidate(10) == 66\n    assert candidate(11) == 88\n\ndef test_check():\n    check(cal_sum)\n\ntest_check()\n",
      "timestamp": 1665510083,
      "stdout": "",
      "stderr": "Traceback (most recent call last):\n  File \"/tmp/tmp4o3j07ub.py\", line 23, in <module>\n    test_check()\n  File \"/tmp/tmp4o3j07ub.py\", line 21, in test_check\n    check(cal_sum)\n  File \"/tmp/tmp4o3j07ub.py\", line 16, in check\n    assert candidate(9) == 49\nAssertionError\n",
      "exit_code": 1,
      "status": "Exception"
    },
    {
      "program": "def cal_sum(n: int) -> int:\n    \"\"\"\n\tWrite a function to calculate the sum of perrin numbers.\n\t\"\"\"\n    if n < 0:\n        return 0\n    elif n == 0:\n        return 3\n    elif n == 1:\n        return 0\n    elif n == 2:\n        return 2\n    else:\n        return cal_sum(n - 2) + cal_sum(n - 3)\n\n\ndef check(candidate):\n    assert candidate(9) == 49\n    assert candidate(10) == 66\n    assert candidate(11) == 88\n\ndef test_check():\n    check(cal_sum)\n\ntest_check()\n",
      "timestamp": 1665510083,
      "stdout": "",
      "stderr": "Traceback (most recent call last):\n  File \"/tmp/tmpp5sye5nq.py\", line 25, in <module>\n    test_check()\n  File \"/tmp/tmpp5sye5nq.py\", line 23, in test_check\n    check(cal_sum)\n  File \"/tmp/tmpp5sye5nq.py\", line 18, in check\n    assert candidate(9) == 49\nAssertionError\n",
      "exit_code": 1,
      "status": "Exception"
    },
    {
      "program": "def cal_sum(n: int) -> int:\n    \"\"\"\n\tWrite a function to calculate the sum of perrin numbers.\n\t\"\"\"\n    if n == 0:\n        return 3\n    elif n == 1:\n        return 0\n    elif n == 2:\n        return 2\n    else:\n        return cal_sum(n - 2) + cal_sum(n - 3)\n\n\ndef check(candidate):\n    assert candidate(9) == 49\n    assert candidate(10) == 66\n    assert candidate(11) == 88\n\ndef test_check():\n    check(cal_sum)\n\ntest_check()\n",
      "timestamp": 1665510083,
      "stdout": "",
      "stderr": "Traceback (most recent call last):\n  File \"/tmp/tmp4o3j07ub.py\", line 23, in <module>\n    test_check()\n  File \"/tmp/tmp4o3j07ub.py\", line 21, in test_check\n    check(cal_sum)\n  File \"/tmp/tmp4o3j07ub.py\", line 16, in check\n    assert candidate(9) == 49\nAssertionError\n",
      "exit_code": 1,
      "status": "Exception"
    },
    {
      "program": "def cal_sum(n: int) -> int:\n    \"\"\"\n\tWrite a function to calculate the sum of perrin numbers.\n\t\"\"\"\n    if n < 3:\n        return 0\n    elif n == 3:\n        return 2\n    else:\n        return cal_sum(n - 2) + cal_sum(n - 3)\n\n\ndef check(candidate):\n    assert candidate(9) == 49\n    assert candidate(10) == 66\n    assert candidate(11) == 88\n\ndef test_check():\n    check(cal_sum)\n\ntest_check()\n",
      "timestamp": 1665510083,
      "stdout": "",
      "stderr": "Traceback (most recent call last):\n  File \"/tmp/tmpiq5ko55i.py\", line 21, in <module>\n    test_check()\n  File \"/tmp/tmpiq5ko55i.py\", line 19, in test_check\n    check(cal_sum)\n  File \"/tmp/tmpiq5ko55i.py\", line 14, in check\n    assert candidate(9) == 49\nAssertionError\n",
      "exit_code": 1,
      "status": "Exception"
    },
    {
      "program": "def cal_sum(n: int) -> int:\n    \"\"\"\n\tWrite a function to calculate the sum of perrin numbers.\n\t\"\"\"\n    if n == 0:\n        return 3\n    elif n == 1:\n        return 0\n    elif n == 2:\n        return 2\n    else:\n        return cal_sum(n - 2) + cal_sum(n - 3)\n\n\ndef check(candidate):\n    assert candidate(9) == 49\n    assert candidate(10) == 66\n    assert candidate(11) == 88\n\ndef test_check():\n    check(cal_sum)\n\ntest_check()\n",
      "timestamp": 1665510083,
      "stdout": "",
      "stderr": "Traceback (most recent call last):\n  File \"/tmp/tmp4o3j07ub.py\", line 23, in <module>\n    test_check()\n  File \"/tmp/tmp4o3j07ub.py\", line 21, in test_check\n    check(cal_sum)\n  File \"/tmp/tmp4o3j07ub.py\", line 16, in check\n    assert candidate(9) == 49\nAssertionError\n",
      "exit_code": 1,
      "status": "Exception"
    },
    {
      "program": "def cal_sum(n: int) -> int:\n    \"\"\"\n\tWrite a function to calculate the sum of perrin numbers.\n\t\"\"\"\n    if n == 0:\n        return 3\n    elif n == 1:\n        return 0\n    elif n == 2:\n        return 2\n    else:\n        return cal_sum(n - 2) + cal_sum(n - 3)\n\n\ndef check(candidate):\n    assert candidate(9) == 49\n    assert candidate(10) == 66\n    assert candidate(11) == 88\n\ndef test_check():\n    check(cal_sum)\n\ntest_check()\n",
      "timestamp": 1665510083,
      "stdout": "",
      "stderr": "Traceback (most recent call last):\n  File \"/tmp/tmp4o3j07ub.py\", line 23, in <module>\n    test_check()\n  File \"/tmp/tmp4o3j07ub.py\", line 21, in test_check\n    check(cal_sum)\n  File \"/tmp/tmp4o3j07ub.py\", line 16, in check\n    assert candidate(9) == 49\nAssertionError\n",
      "exit_code": 1,
      "status": "Exception"
    },
    {
      "program": "def cal_sum(n: int) -> int:\n    \"\"\"\n\tWrite a function to calculate the sum of perrin numbers.\n\t\"\"\"\n    if n < 0:\n        return 0\n    elif n == 0:\n        return 3\n    elif n == 1:\n        return 0\n    elif n == 2:\n        return 2\n    else:\n        return cal_sum(n - 2) + cal_sum(n - 3)\n\n\ndef check(candidate):\n    assert candidate(9) == 49\n    assert candidate(10) == 66\n    assert candidate(11) == 88\n\ndef test_check():\n    check(cal_sum)\n\ntest_check()\n",
      "timestamp": 1665510083,
      "stdout": "",
      "stderr": "Traceback (most recent call last):\n  File \"/tmp/tmpp5sye5nq.py\", line 25, in <module>\n    test_check()\n  File \"/tmp/tmpp5sye5nq.py\", line 23, in test_check\n    check(cal_sum)\n  File \"/tmp/tmpp5sye5nq.py\", line 18, in check\n    assert candidate(9) == 49\nAssertionError\n",
      "exit_code": 1,
      "status": "Exception"
    },
    {
      "program": "def cal_sum(n: int) -> int:\n    \"\"\"\n\tWrite a function to calculate the sum of perrin numbers.\n\t\"\"\"\n    if n < 0:\n        return 0\n    if n == 0:\n        return 3\n    if n == 1:\n        return 0\n    if n == 2:\n        return 2\n    if n == 3:\n        return 3\n    return cal_sum(n - 2) + cal_sum(n - 3)\n\n\ndef check(candidate):\n    assert candidate(9) == 49\n    assert candidate(10) == 66\n    assert candidate(11) == 88\n\ndef test_check():\n    check(cal_sum)\n\ntest_check()\n",
      "timestamp": 1665510083,
      "stdout": "",
      "stderr": "Traceback (most recent call last):\n  File \"/tmp/tmp31fzayv7.py\", line 26, in <module>\n    test_check()\n  File \"/tmp/tmp31fzayv7.py\", line 24, in test_check\n    check(cal_sum)\n  File \"/tmp/tmp31fzayv7.py\", line 19, in check\n    assert candidate(9) == 49\nAssertionError\n",
      "exit_code": 1,
      "status": "Exception"
    },
    {
      "program": "def cal_sum(n: int) -> int:\n    \"\"\"\n\tWrite a function to calculate the sum of perrin numbers.\n\t\"\"\"\n    if n == 1:\n        return 3\n    elif n == 2:\n        return 0\n    elif n == 3:\n        return 2\n    else:\n        return cal_sum(n - 2) + cal_sum(n - 3)\n\n\ndef check(candidate):\n    assert candidate(9) == 49\n    assert candidate(10) == 66\n    assert candidate(11) == 88\n\ndef test_check():\n    check(cal_sum)\n\ntest_check()\n",
      "timestamp": 1665510083,
      "stdout": "",
      "stderr": "Traceback (most recent call last):\n  File \"/tmp/tmpzect441u.py\", line 23, in <module>\n    test_check()\n  File \"/tmp/tmpzect441u.py\", line 21, in test_check\n    check(cal_sum)\n  File \"/tmp/tmpzect441u.py\", line 16, in check\n    assert candidate(9) == 49\nAssertionError\n",
      "exit_code": 1,
      "status": "Exception"
    },
    {
      "program": "def cal_sum(n: int) -> int:\n    \"\"\"\n\tWrite a function to calculate the sum of perrin numbers.\n\t\"\"\"\n    if n == 0:\n        return 3\n    elif n == 1:\n        return 0\n    elif n == 2:\n        return 2\n    else:\n        return cal_sum(n - 2) + cal_sum(n - 3)\n\n\ndef check(candidate):\n    assert candidate(9) == 49\n    assert candidate(10) == 66\n    assert candidate(11) == 88\n\ndef test_check():\n    check(cal_sum)\n\ntest_check()\n",
      "timestamp": 1665510083,
      "stdout": "",
      "stderr": "Traceback (most recent call last):\n  File \"/tmp/tmp4o3j07ub.py\", line 23, in <module>\n    test_check()\n  File \"/tmp/tmp4o3j07ub.py\", line 21, in test_check\n    check(cal_sum)\n  File \"/tmp/tmp4o3j07ub.py\", line 16, in check\n    assert candidate(9) == 49\nAssertionError\n",
      "exit_code": 1,
      "status": "Exception"
    },
    {
      "program": "def cal_sum(n: int) -> int:\n    \"\"\"\n\tWrite a function to calculate the sum of perrin numbers.\n\t\"\"\"\n    if n < 0:\n        return 0\n    if n == 0:\n        return 3\n    if n == 1:\n        return 0\n    if n == 2:\n        return 2\n    if n == 3:\n        return 3\n    return cal_sum(n - 2) + cal_sum(n - 3)\n\n\ndef check(candidate):\n    assert candidate(9) == 49\n    assert candidate(10) == 66\n    assert candidate(11) == 88\n\ndef test_check():\n    check(cal_sum)\n\ntest_check()\n",
      "timestamp": 1665510083,
      "stdout": "",
      "stderr": "Traceback (most recent call last):\n  File \"/tmp/tmp31fzayv7.py\", line 26, in <module>\n    test_check()\n  File \"/tmp/tmp31fzayv7.py\", line 24, in test_check\n    check(cal_sum)\n  File \"/tmp/tmp31fzayv7.py\", line 19, in check\n    assert candidate(9) == 49\nAssertionError\n",
      "exit_code": 1,
      "status": "Exception"
    },
    {
      "program": "def cal_sum(n: int) -> int:\n    \"\"\"\n\tWrite a function to calculate the sum of perrin numbers.\n\t\"\"\"\n    if n == 0:\n        return 3\n    elif n == 1:\n        return 0\n    elif n == 2:\n        return 2\n    else:\n        return cal_sum(n - 2) + cal_sum(n - 3)\n\n\ndef check(candidate):\n    assert candidate(9) == 49\n    assert candidate(10) == 66\n    assert candidate(11) == 88\n\ndef test_check():\n    check(cal_sum)\n\ntest_check()\n",
      "timestamp": 1665510083,
      "stdout": "",
      "stderr": "Traceback (most recent call last):\n  File \"/tmp/tmp4o3j07ub.py\", line 23, in <module>\n    test_check()\n  File \"/tmp/tmp4o3j07ub.py\", line 21, in test_check\n    check(cal_sum)\n  File \"/tmp/tmp4o3j07ub.py\", line 16, in check\n    assert candidate(9) == 49\nAssertionError\n",
      "exit_code": 1,
      "status": "Exception"
    },
    {
      "program": "def cal_sum(n: int) -> int:\n    \"\"\"\n\tWrite a function to calculate the sum of perrin numbers.\n\t\"\"\"\n    if n == 0:\n        return 3\n    elif n == 1:\n        return 0\n    elif n == 2:\n        return 2\n    else:\n        return cal_sum(n - 2) + cal_sum(n - 3)\n\n\ndef check(candidate):\n    assert candidate(9) == 49\n    assert candidate(10) == 66\n    assert candidate(11) == 88\n\ndef test_check():\n    check(cal_sum)\n\ntest_check()\n",
      "timestamp": 1665510083,
      "stdout": "",
      "stderr": "Traceback (most recent call last):\n  File \"/tmp/tmp4o3j07ub.py\", line 23, in <module>\n    test_check()\n  File \"/tmp/tmp4o3j07ub.py\", line 21, in test_check\n    check(cal_sum)\n  File \"/tmp/tmp4o3j07ub.py\", line 16, in check\n    assert candidate(9) == 49\nAssertionError\n",
      "exit_code": 1,
      "status": "Exception"
    },
    {
      "program": "def cal_sum(n: int) -> int:\n    \"\"\"\n\tWrite a function to calculate the sum of perrin numbers.\n\t\"\"\"\n    if n == 0:\n        return 3\n    elif n == 1:\n        return 0\n    elif n == 2:\n        return 2\n    else:\n        return cal_sum(n - 2) + cal_sum(n - 3)\n\n\ndef check(candidate):\n    assert candidate(9) == 49\n    assert candidate(10) == 66\n    assert candidate(11) == 88\n\ndef test_check():\n    check(cal_sum)\n\ntest_check()\n",
      "timestamp": 1665510083,
      "stdout": "",
      "stderr": "Traceback (most recent call last):\n  File \"/tmp/tmp4o3j07ub.py\", line 23, in <module>\n    test_check()\n  File \"/tmp/tmp4o3j07ub.py\", line 21, in test_check\n    check(cal_sum)\n  File \"/tmp/tmp4o3j07ub.py\", line 16, in check\n    assert candidate(9) == 49\nAssertionError\n",
      "exit_code": 1,
      "status": "Exception"
    },
    {
      "program": "def cal_sum(n: int) -> int:\n    \"\"\"\n\tWrite a function to calculate the sum of perrin numbers.\n\t\"\"\"\n    if n == 0:\n        return 3\n    elif n == 1:\n        return 0\n    elif n == 2:\n        return 2\n    else:\n        return cal_sum(n - 2) + cal_sum(n - 3)\n\n\ndef check(candidate):\n    assert candidate(9) == 49\n    assert candidate(10) == 66\n    assert candidate(11) == 88\n\ndef test_check():\n    check(cal_sum)\n\ntest_check()\n",
      "timestamp": 1665510083,
      "stdout": "",
      "stderr": "Traceback (most recent call last):\n  File \"/tmp/tmp4o3j07ub.py\", line 23, in <module>\n    test_check()\n  File \"/tmp/tmp4o3j07ub.py\", line 21, in test_check\n    check(cal_sum)\n  File \"/tmp/tmp4o3j07ub.py\", line 16, in check\n    assert candidate(9) == 49\nAssertionError\n",
      "exit_code": 1,
      "status": "Exception"
    },
    {
      "program": "def cal_sum(n: int) -> int:\n    \"\"\"\n\tWrite a function to calculate the sum of perrin numbers.\n\t\"\"\"\n    if n == 0:\n        return 3\n    elif n == 1:\n        return 0\n    elif n == 2:\n        return 2\n    else:\n        return cal_sum(n - 2) + cal_sum(n - 3)\n\n\ndef check(candidate):\n    assert candidate(9) == 49\n    assert candidate(10) == 66\n    assert candidate(11) == 88\n\ndef test_check():\n    check(cal_sum)\n\ntest_check()\n",
      "timestamp": 1665510083,
      "stdout": "",
      "stderr": "Traceback (most recent call last):\n  File \"/tmp/tmp4o3j07ub.py\", line 23, in <module>\n    test_check()\n  File \"/tmp/tmp4o3j07ub.py\", line 21, in test_check\n    check(cal_sum)\n  File \"/tmp/tmp4o3j07ub.py\", line 16, in check\n    assert candidate(9) == 49\nAssertionError\n",
      "exit_code": 1,
      "status": "Exception"
    },
    {
      "program": "def cal_sum(n: int) -> int:\n    \"\"\"\n\tWrite a function to calculate the sum of perrin numbers.\n\t\"\"\"\n    if n < 3:\n        return 0\n    elif n == 3:\n        return 2\n    else:\n        return cal_sum(n - 2) + cal_sum(n - 3)\n\n\ndef check(candidate):\n    assert candidate(9) == 49\n    assert candidate(10) == 66\n    assert candidate(11) == 88\n\ndef test_check():\n    check(cal_sum)\n\ntest_check()\n",
      "timestamp": 1665510083,
      "stdout": "",
      "stderr": "Traceback (most recent call last):\n  File \"/tmp/tmpiq5ko55i.py\", line 21, in <module>\n    test_check()\n  File \"/tmp/tmpiq5ko55i.py\", line 19, in test_check\n    check(cal_sum)\n  File \"/tmp/tmpiq5ko55i.py\", line 14, in check\n    assert candidate(9) == 49\nAssertionError\n",
      "exit_code": 1,
      "status": "Exception"
    },
    {
      "program": "def cal_sum(n: int) -> int:\n    \"\"\"\n\tWrite a function to calculate the sum of perrin numbers.\n\t\"\"\"\n    if n < 3:\n        return 0\n    elif n == 3:\n        return 3\n    else:\n        return cal_sum(n - 2) + cal_sum(n - 3)\n\n\ndef check(candidate):\n    assert candidate(9) == 49\n    assert candidate(10) == 66\n    assert candidate(11) == 88\n\ndef test_check():\n    check(cal_sum)\n\ntest_check()\n",
      "timestamp": 1666123316,
      "stdout": "",
      "stderr": "Traceback (most recent call last):\n  File \"/tmp/tmp4mm_pucg.py\", line 21, in <module>\n    test_check()\n  File \"/tmp/tmp4mm_pucg.py\", line 19, in test_check\n    check(cal_sum)\n  File \"/tmp/tmp4mm_pucg.py\", line 14, in check\n    assert candidate(9) == 49\nAssertionError\n",
      "exit_code": 1,
      "status": "Exception"
    },
    {
      "program": "def cal_sum(n: int) -> int:\n    \"\"\"\n\tWrite a function to calculate the sum of perrin numbers.\n\t\"\"\"\n    if n == 0:\n        return 3\n    elif n == 1:\n        return 0\n    elif n == 2:\n        return 2\n    else:\n        return cal_sum(n - 2) + cal_sum(n - 3)\n\n\ndef check(candidate):\n    assert candidate(9) == 49\n    assert candidate(10) == 66\n    assert candidate(11) == 88\n\ndef test_check():\n    check(cal_sum)\n\ntest_check()\n",
      "timestamp": 1665510083,
      "stdout": "",
      "stderr": "Traceback (most recent call last):\n  File \"/tmp/tmp4o3j07ub.py\", line 23, in <module>\n    test_check()\n  File \"/tmp/tmp4o3j07ub.py\", line 21, in test_check\n    check(cal_sum)\n  File \"/tmp/tmp4o3j07ub.py\", line 16, in check\n    assert candidate(9) == 49\nAssertionError\n",
      "exit_code": 1,
      "status": "Exception"
    },
    {
      "program": "def cal_sum(n: int) -> int:\n    \"\"\"\n\tWrite a function to calculate the sum of perrin numbers.\n\t\"\"\"\n    if n < 2:\n        return 3\n    elif n == 2:\n        return 0\n    else:\n        return cal_sum(n - 2) + cal_sum(n - 3)\n\n\ndef check(candidate):\n    assert candidate(9) == 49\n    assert candidate(10) == 66\n    assert candidate(11) == 88\n\ndef test_check():\n    check(cal_sum)\n\ntest_check()\n",
      "timestamp": 1666123316,
      "stdout": "",
      "stderr": "Traceback (most recent call last):\n  File \"/tmp/tmpadi6a8gl.py\", line 21, in <module>\n    test_check()\n  File \"/tmp/tmpadi6a8gl.py\", line 19, in test_check\n    check(cal_sum)\n  File \"/tmp/tmpadi6a8gl.py\", line 14, in check\n    assert candidate(9) == 49\nAssertionError\n",
      "exit_code": 1,
      "status": "Exception"
    },
    {
      "program": "def cal_sum(n: int) -> int:\n    \"\"\"\n\tWrite a function to calculate the sum of perrin numbers.\n\t\"\"\"\n    if n == 0:\n        return 3\n    elif n == 1:\n        return 0\n    elif n == 2:\n        return 2\n    else:\n        return cal_sum(n - 2) + cal_sum(n - 3)\n\n\ndef check(candidate):\n    assert candidate(9) == 49\n    assert candidate(10) == 66\n    assert candidate(11) == 88\n\ndef test_check():\n    check(cal_sum)\n\ntest_check()\n",
      "timestamp": 1665510083,
      "stdout": "",
      "stderr": "Traceback (most recent call last):\n  File \"/tmp/tmp4o3j07ub.py\", line 23, in <module>\n    test_check()\n  File \"/tmp/tmp4o3j07ub.py\", line 21, in test_check\n    check(cal_sum)\n  File \"/tmp/tmp4o3j07ub.py\", line 16, in check\n    assert candidate(9) == 49\nAssertionError\n",
      "exit_code": 1,
      "status": "Exception"
    },
    {
      "program": "def cal_sum(n: int) -> int:\n    \"\"\"\n\tWrite a function to calculate the sum of perrin numbers.\n\t\"\"\"\n    if n < 0:\n        return 0\n    if n == 0:\n        return 3\n    if n == 1:\n        return 0\n    if n == 2:\n        return 2\n    if n > 2:\n        return cal_sum(n - 2) + cal_sum(n - 3)\n\n\ndef check(candidate):\n    assert candidate(9) == 49\n    assert candidate(10) == 66\n    assert candidate(11) == 88\n\ndef test_check():\n    check(cal_sum)\n\ntest_check()\n",
      "timestamp": 1666123316,
      "stdout": "",
      "stderr": "Traceback (most recent call last):\n  File \"/tmp/tmpt1bw9u1y.py\", line 25, in <module>\n    test_check()\n  File \"/tmp/tmpt1bw9u1y.py\", line 23, in test_check\n    check(cal_sum)\n  File \"/tmp/tmpt1bw9u1y.py\", line 18, in check\n    assert candidate(9) == 49\nAssertionError\n",
      "exit_code": 1,
      "status": "Exception"
    },
    {
      "program": "def cal_sum(n: int) -> int:\n    \"\"\"\n\tWrite a function to calculate the sum of perrin numbers.\n\t\"\"\"\n    if n < 0:\n        return 0\n    if n == 0:\n        return 3\n    if n == 1:\n        return 0\n    if n == 2:\n        return 2\n    if n == 3:\n        return 3\n    return cal_sum(n - 2) + cal_sum(n - 3)\n\n\ndef check(candidate):\n    assert candidate(9) == 49\n    assert candidate(10) == 66\n    assert candidate(11) == 88\n\ndef test_check():\n    check(cal_sum)\n\ntest_check()\n",
      "timestamp": 1665510083,
      "stdout": "",
      "stderr": "Traceback (most recent call last):\n  File \"/tmp/tmp31fzayv7.py\", line 26, in <module>\n    test_check()\n  File \"/tmp/tmp31fzayv7.py\", line 24, in test_check\n    check(cal_sum)\n  File \"/tmp/tmp31fzayv7.py\", line 19, in check\n    assert candidate(9) == 49\nAssertionError\n",
      "exit_code": 1,
      "status": "Exception"
    },
    {
      "program": "def cal_sum(n: int) -> int:\n    \"\"\"\n\tWrite a function to calculate the sum of perrin numbers.\n\t\"\"\"\n    if n == 0:\n        return 3\n    elif n == 1:\n        return 0\n    elif n == 2:\n        return 2\n    else:\n        return cal_sum(n - 2) + cal_sum(n - 3)\n\n\ndef check(candidate):\n    assert candidate(9) == 49\n    assert candidate(10) == 66\n    assert candidate(11) == 88\n\ndef test_check():\n    check(cal_sum)\n\ntest_check()\n",
      "timestamp": 1665510083,
      "stdout": "",
      "stderr": "Traceback (most recent call last):\n  File \"/tmp/tmp4o3j07ub.py\", line 23, in <module>\n    test_check()\n  File \"/tmp/tmp4o3j07ub.py\", line 21, in test_check\n    check(cal_sum)\n  File \"/tmp/tmp4o3j07ub.py\", line 16, in check\n    assert candidate(9) == 49\nAssertionError\n",
      "exit_code": 1,
      "status": "Exception"
    },
    {
      "program": "def cal_sum(n: int) -> int:\n    \"\"\"\n\tWrite a function to calculate the sum of perrin numbers.\n\t\"\"\"\n    if n < 3:\n        return 0\n    elif n == 3:\n        return 2\n    else:\n        return cal_sum(n - 2) + cal_sum(n - 3)\n\n\ndef check(candidate):\n    assert candidate(9) == 49\n    assert candidate(10) == 66\n    assert candidate(11) == 88\n\ndef test_check():\n    check(cal_sum)\n\ntest_check()\n",
      "timestamp": 1665510083,
      "stdout": "",
      "stderr": "Traceback (most recent call last):\n  File \"/tmp/tmpiq5ko55i.py\", line 21, in <module>\n    test_check()\n  File \"/tmp/tmpiq5ko55i.py\", line 19, in test_check\n    check(cal_sum)\n  File \"/tmp/tmpiq5ko55i.py\", line 14, in check\n    assert candidate(9) == 49\nAssertionError\n",
      "exit_code": 1,
      "status": "Exception"
    },
    {
      "program": "def cal_sum(n: int) -> int:\n    \"\"\"\n\tWrite a function to calculate the sum of perrin numbers.\n\t\"\"\"\n    if n < 3:\n        return 0\n    if n == 3:\n        return 2\n    if n == 4:\n        return 3\n    if n == 5:\n        return 5\n    return cal_sum(n - 2) + cal_sum(n - 3)\n\n\ndef check(candidate):\n    assert candidate(9) == 49\n    assert candidate(10) == 66\n    assert candidate(11) == 88\n\ndef test_check():\n    check(cal_sum)\n\ntest_check()\n",
      "timestamp": 1666123316,
      "stdout": "",
      "stderr": "Traceback (most recent call last):\n  File \"/tmp/tmpq5ut146j.py\", line 24, in <module>\n    test_check()\n  File \"/tmp/tmpq5ut146j.py\", line 22, in test_check\n    check(cal_sum)\n  File \"/tmp/tmpq5ut146j.py\", line 17, in check\n    assert candidate(9) == 49\nAssertionError\n",
      "exit_code": 1,
      "status": "Exception"
    },
    {
      "program": "def cal_sum(n: int) -> int:\n    \"\"\"\n\tWrite a function to calculate the sum of perrin numbers.\n\t\"\"\"\n    if n == 0:\n        return 3\n    elif n == 1:\n        return 0\n    elif n == 2:\n        return 2\n    else:\n        return cal_sum(n - 2) + cal_sum(n - 3)\n\n\ndef check(candidate):\n    assert candidate(9) == 49\n    assert candidate(10) == 66\n    assert candidate(11) == 88\n\ndef test_check():\n    check(cal_sum)\n\ntest_check()\n",
      "timestamp": 1665510083,
      "stdout": "",
      "stderr": "Traceback (most recent call last):\n  File \"/tmp/tmp4o3j07ub.py\", line 23, in <module>\n    test_check()\n  File \"/tmp/tmp4o3j07ub.py\", line 21, in test_check\n    check(cal_sum)\n  File \"/tmp/tmp4o3j07ub.py\", line 16, in check\n    assert candidate(9) == 49\nAssertionError\n",
      "exit_code": 1,
      "status": "Exception"
    },
    {
      "program": "def cal_sum(n: int) -> int:\n    \"\"\"\n\tWrite a function to calculate the sum of perrin numbers.\n\t\"\"\"\n    if n < 3:\n        return 0\n    if n == 3:\n        return 2\n    if n == 4:\n        return 3\n    if n == 5:\n        return 5\n    return cal_sum(n - 2) + cal_sum(n - 3)\n\n\ndef check(candidate):\n    assert candidate(9) == 49\n    assert candidate(10) == 66\n    assert candidate(11) == 88\n\ndef test_check():\n    check(cal_sum)\n\ntest_check()\n",
      "timestamp": 1666123316,
      "stdout": "",
      "stderr": "Traceback (most recent call last):\n  File \"/tmp/tmpq5ut146j.py\", line 24, in <module>\n    test_check()\n  File \"/tmp/tmpq5ut146j.py\", line 22, in test_check\n    check(cal_sum)\n  File \"/tmp/tmpq5ut146j.py\", line 17, in check\n    assert candidate(9) == 49\nAssertionError\n",
      "exit_code": 1,
      "status": "Exception"
    },
    {
      "program": "def cal_sum(n: int) -> int:\n    \"\"\"\n\tWrite a function to calculate the sum of perrin numbers.\n\t\"\"\"\n    if n == 0:\n        return 3\n    elif n == 1:\n        return 0\n    elif n == 2:\n        return 2\n    else:\n        return cal_sum(n - 2) + cal_sum(n - 3)\n\n\ndef check(candidate):\n    assert candidate(9) == 49\n    assert candidate(10) == 66\n    assert candidate(11) == 88\n\ndef test_check():\n    check(cal_sum)\n\ntest_check()\n",
      "timestamp": 1665510083,
      "stdout": "",
      "stderr": "Traceback (most recent call last):\n  File \"/tmp/tmp4o3j07ub.py\", line 23, in <module>\n    test_check()\n  File \"/tmp/tmp4o3j07ub.py\", line 21, in test_check\n    check(cal_sum)\n  File \"/tmp/tmp4o3j07ub.py\", line 16, in check\n    assert candidate(9) == 49\nAssertionError\n",
      "exit_code": 1,
      "status": "Exception"
    },
    {
      "program": "def cal_sum(n: int) -> int:\n    \"\"\"\n\tWrite a function to calculate the sum of perrin numbers.\n\t\"\"\"\n    if n == 0:\n        return 3\n    if n == 1:\n        return 0\n    if n == 2:\n        return 2\n    if n > 2:\n        return cal_sum(n - 2) + cal_sum(n - 3)\n\n\ndef check(candidate):\n    assert candidate(9) == 49\n    assert candidate(10) == 66\n    assert candidate(11) == 88\n\ndef test_check():\n    check(cal_sum)\n\ntest_check()\n",
      "timestamp": 1666123316,
      "stdout": "",
      "stderr": "Traceback (most recent call last):\n  File \"/tmp/tmp55l7gk0d.py\", line 23, in <module>\n    test_check()\n  File \"/tmp/tmp55l7gk0d.py\", line 21, in test_check\n    check(cal_sum)\n  File \"/tmp/tmp55l7gk0d.py\", line 16, in check\n    assert candidate(9) == 49\nAssertionError\n",
      "exit_code": 1,
      "status": "Exception"
    },
    {
      "program": "def cal_sum(n: int) -> int:\n    \"\"\"\n\tWrite a function to calculate the sum of perrin numbers.\n\t\"\"\"\n    if n == 0:\n        return 3\n    elif n == 1:\n        return 0\n    elif n == 2:\n        return 2\n    else:\n        return cal_sum(n - 2) + cal_sum(n - 3)\n\n\ndef check(candidate):\n    assert candidate(9) == 49\n    assert candidate(10) == 66\n    assert candidate(11) == 88\n\ndef test_check():\n    check(cal_sum)\n\ntest_check()\n",
      "timestamp": 1665510083,
      "stdout": "",
      "stderr": "Traceback (most recent call last):\n  File \"/tmp/tmp4o3j07ub.py\", line 23, in <module>\n    test_check()\n  File \"/tmp/tmp4o3j07ub.py\", line 21, in test_check\n    check(cal_sum)\n  File \"/tmp/tmp4o3j07ub.py\", line 16, in check\n    assert candidate(9) == 49\nAssertionError\n",
      "exit_code": 1,
      "status": "Exception"
    },
    {
      "program": "def cal_sum(n: int) -> int:\n    \"\"\"\n\tWrite a function to calculate the sum of perrin numbers.\n\t\"\"\"\n    if n < 3:\n        return 0\n    elif n == 3:\n        return 2\n    else:\n        return cal_sum(n - 2) + cal_sum(n - 3)\n\n\ndef check(candidate):\n    assert candidate(9) == 49\n    assert candidate(10) == 66\n    assert candidate(11) == 88\n\ndef test_check():\n    check(cal_sum)\n\ntest_check()\n",
      "timestamp": 1665510083,
      "stdout": "",
      "stderr": "Traceback (most recent call last):\n  File \"/tmp/tmpiq5ko55i.py\", line 21, in <module>\n    test_check()\n  File \"/tmp/tmpiq5ko55i.py\", line 19, in test_check\n    check(cal_sum)\n  File \"/tmp/tmpiq5ko55i.py\", line 14, in check\n    assert candidate(9) == 49\nAssertionError\n",
      "exit_code": 1,
      "status": "Exception"
    },
    {
      "program": "def cal_sum(n: int) -> int:\n    \"\"\"\n\tWrite a function to calculate the sum of perrin numbers.\n\t\"\"\"\n    if n < 3:\n        return 0\n    else:\n        return perrin(n - 2) + perrin(n - 3)\n\n\ndef check(candidate):\n    assert candidate(9) == 49\n    assert candidate(10) == 66\n    assert candidate(11) == 88\n\ndef test_check():\n    check(cal_sum)\n\ntest_check()\n",
      "timestamp": 1666123316,
      "stdout": "",
      "stderr": "Traceback (most recent call last):\n  File \"/tmp/tmpn9zjcnu_.py\", line 19, in <module>\n    test_check()\n  File \"/tmp/tmpn9zjcnu_.py\", line 17, in test_check\n    check(cal_sum)\n  File \"/tmp/tmpn9zjcnu_.py\", line 12, in check\n    assert candidate(9) == 49\n  File \"/tmp/tmpn9zjcnu_.py\", line 8, in cal_sum\n    return perrin(n - 2) + perrin(n - 3)\nNameError: name 'perrin' is not defined\n",
      "exit_code": 1,
      "status": "Exception"
    },
    {
      "program": "def cal_sum(n: int) -> int:\n    \"\"\"\n\tWrite a function to calculate the sum of perrin numbers.\n\t\"\"\"\n    if n == 1:\n        return 3\n    elif n == 2:\n        return 0\n    elif n == 3:\n        return 2\n    else:\n        return cal_sum(n - 2) + cal_sum(n - 3)\n\n\ndef check(candidate):\n    assert candidate(9) == 49\n    assert candidate(10) == 66\n    assert candidate(11) == 88\n\ndef test_check():\n    check(cal_sum)\n\ntest_check()\n",
      "timestamp": 1665510083,
      "stdout": "",
      "stderr": "Traceback (most recent call last):\n  File \"/tmp/tmpzect441u.py\", line 23, in <module>\n    test_check()\n  File \"/tmp/tmpzect441u.py\", line 21, in test_check\n    check(cal_sum)\n  File \"/tmp/tmpzect441u.py\", line 16, in check\n    assert candidate(9) == 49\nAssertionError\n",
      "exit_code": 1,
      "status": "Exception"
    },
    {
      "program": "def cal_sum(n: int) -> int:\n    \"\"\"\n\tWrite a function to calculate the sum of perrin numbers.\n\t\"\"\"\n    if n < 3:\n        return 0\n    if n == 3:\n        return 2\n    if n == 4:\n        return 3\n    if n == 5:\n        return 5\n    if n == 6:\n        return 7\n    if n == 7:\n        return 12\n    if n == 8:\n        return 17\n    if n == 9:\n        return 29\n    if n == 10:\n        return 41\n    if n == 11:\n        return 70\n    if n == 12:\n        return 99\n    if n == 13:\n        return 169\n    if n == 14:\n        return 239\n    if n == 15:\n        return 409\n    if n == 16:\n        return 569\n    if n == 17:\n        return 989\n    if n == 18:\n        return 1368\n    if n == 19:\n        return 2357\n    if n == 20:\n        return 3276\n    if n == 21:\n        return 5653\n    if n == 22:\n        return 7981\n    if n == 23:\n        return 13644\n    if n == 24:\n        return 19015\n    if n == 25:\n        return 32960\n    if n == 26:\n        return 46376\n    if n == 27:\n        return 79353\n    if n == 28:\n        return 111329\n    if n == 29:\n        return 190682\n    if n == 30:\n        return 267811\n    if n == 31:\n        return 456593\n    if n == 32:\n        return 634404\n    if n == 33:\n        return 1080007\n    if n == 34:\n        return 1514408\n    if n == 35:\n        return 2564415\n    if n == 36:\n        return 3538323\n    if n == 37:\n        return 5992736\n    if n == 38:\n        return 8356049\n    if n == 39:\n        return 14348775\n    if n == 40:\n        return 19801224\n    if n == 41:\n        return 33650001\n    if n == 42:\n        return 46700025\n    if n == 43:\n        return 79450276\n   \ndef check(candidate):\n    assert candidate(9) == 49\n    assert candidate(10) == 66\n    assert candidate(11) == 88\n\ndef test_check():\n    check(cal_sum)\n\ntest_check()\n",
      "timestamp": 1666123316,
      "stdout": "",
      "stderr": "Traceback (most recent call last):\n  File \"/tmp/tmp3_mu_2z2.py\", line 98, in <module>\n    test_check()\n  File \"/tmp/tmp3_mu_2z2.py\", line 96, in test_check\n    check(cal_sum)\n  File \"/tmp/tmp3_mu_2z2.py\", line 91, in check\n    assert candidate(9) == 49\nAssertionError\n",
      "exit_code": 1,
      "status": "Exception"
    },
    {
      "program": "def cal_sum(n: int) -> int:\n    \"\"\"\n\tWrite a function to calculate the sum of perrin numbers.\n\t\"\"\"\n    if n == 0:\n        return 3\n    elif n == 1:\n        return 0\n    elif n == 2:\n        return 2\n    else:\n        return cal_sum(n - 2) + cal_sum(n - 3)\n\n\ndef check(candidate):\n    assert candidate(9) == 49\n    assert candidate(10) == 66\n    assert candidate(11) == 88\n\ndef test_check():\n    check(cal_sum)\n\ntest_check()\n",
      "timestamp": 1665510083,
      "stdout": "",
      "stderr": "Traceback (most recent call last):\n  File \"/tmp/tmp4o3j07ub.py\", line 23, in <module>\n    test_check()\n  File \"/tmp/tmp4o3j07ub.py\", line 21, in test_check\n    check(cal_sum)\n  File \"/tmp/tmp4o3j07ub.py\", line 16, in check\n    assert candidate(9) == 49\nAssertionError\n",
      "exit_code": 1,
      "status": "Exception"
    },
    {
      "program": "def cal_sum(n: int) -> int:\n    \"\"\"\n\tWrite a function to calculate the sum of perrin numbers.\n\t\"\"\"\n    if n == 0:\n        return 3\n    elif n == 1:\n        return 0\n    elif n == 2:\n        return 2\n    else:\n        return cal_sum(n - 2) + cal_sum(n - 3)\n\n\ndef check(candidate):\n    assert candidate(9) == 49\n    assert candidate(10) == 66\n    assert candidate(11) == 88\n\ndef test_check():\n    check(cal_sum)\n\ntest_check()\n",
      "timestamp": 1665510083,
      "stdout": "",
      "stderr": "Traceback (most recent call last):\n  File \"/tmp/tmp4o3j07ub.py\", line 23, in <module>\n    test_check()\n  File \"/tmp/tmp4o3j07ub.py\", line 21, in test_check\n    check(cal_sum)\n  File \"/tmp/tmp4o3j07ub.py\", line 16, in check\n    assert candidate(9) == 49\nAssertionError\n",
      "exit_code": 1,
      "status": "Exception"
    },
    {
      "program": "def cal_sum(n: int) -> int:\n    \"\"\"\n\tWrite a function to calculate the sum of perrin numbers.\n\t\"\"\"\n    if n < 3:\n        return 0\n    elif n == 3:\n        return 2\n    else:\n        return cal_sum(n - 2) + cal_sum(n - 3)\n\n\ndef check(candidate):\n    assert candidate(9) == 49\n    assert candidate(10) == 66\n    assert candidate(11) == 88\n\ndef test_check():\n    check(cal_sum)\n\ntest_check()\n",
      "timestamp": 1665510083,
      "stdout": "",
      "stderr": "Traceback (most recent call last):\n  File \"/tmp/tmpiq5ko55i.py\", line 21, in <module>\n    test_check()\n  File \"/tmp/tmpiq5ko55i.py\", line 19, in test_check\n    check(cal_sum)\n  File \"/tmp/tmpiq5ko55i.py\", line 14, in check\n    assert candidate(9) == 49\nAssertionError\n",
      "exit_code": 1,
      "status": "Exception"
    },
    {
      "program": "def cal_sum(n: int) -> int:\n    \"\"\"\n\tWrite a function to calculate the sum of perrin numbers.\n\t\"\"\"\n    if n == 0:\n        return 3\n    elif n == 1:\n        return 0\n    elif n == 2:\n        return 2\n    else:\n        return cal_sum(n - 2) + cal_sum(n - 3)\n\n\ndef check(candidate):\n    assert candidate(9) == 49\n    assert candidate(10) == 66\n    assert candidate(11) == 88\n\ndef test_check():\n    check(cal_sum)\n\ntest_check()\n",
      "timestamp": 1665510083,
      "stdout": "",
      "stderr": "Traceback (most recent call last):\n  File \"/tmp/tmp4o3j07ub.py\", line 23, in <module>\n    test_check()\n  File \"/tmp/tmp4o3j07ub.py\", line 21, in test_check\n    check(cal_sum)\n  File \"/tmp/tmp4o3j07ub.py\", line 16, in check\n    assert candidate(9) == 49\nAssertionError\n",
      "exit_code": 1,
      "status": "Exception"
    },
    {
      "program": "def cal_sum(n: int) -> int:\n    \"\"\"\n\tWrite a function to calculate the sum of perrin numbers.\n\t\"\"\"\n    if n == 0:\n        return 3\n    elif n == 1:\n        return 0\n    elif n == 2:\n        return 2\n    else:\n        return cal_sum(n - 2) + cal_sum(n - 3)\n\n\ndef check(candidate):\n    assert candidate(9) == 49\n    assert candidate(10) == 66\n    assert candidate(11) == 88\n\ndef test_check():\n    check(cal_sum)\n\ntest_check()\n",
      "timestamp": 1665510083,
      "stdout": "",
      "stderr": "Traceback (most recent call last):\n  File \"/tmp/tmp4o3j07ub.py\", line 23, in <module>\n    test_check()\n  File \"/tmp/tmp4o3j07ub.py\", line 21, in test_check\n    check(cal_sum)\n  File \"/tmp/tmp4o3j07ub.py\", line 16, in check\n    assert candidate(9) == 49\nAssertionError\n",
      "exit_code": 1,
      "status": "Exception"
    },
    {
      "program": "def cal_sum(n: int) -> int:\n    \"\"\"\n\tWrite a function to calculate the sum of perrin numbers.\n\t\"\"\"\n    if n < 0:\n        return 0\n    if n == 0:\n        return 3\n    if n == 1:\n        return 0\n    if n == 2:\n        return 2\n    if n == 3:\n        return 3\n    return cal_sum(n - 2) + cal_sum(n - 3)\n\n\ndef check(candidate):\n    assert candidate(9) == 49\n    assert candidate(10) == 66\n    assert candidate(11) == 88\n\ndef test_check():\n    check(cal_sum)\n\ntest_check()\n",
      "timestamp": 1665510083,
      "stdout": "",
      "stderr": "Traceback (most recent call last):\n  File \"/tmp/tmp31fzayv7.py\", line 26, in <module>\n    test_check()\n  File \"/tmp/tmp31fzayv7.py\", line 24, in test_check\n    check(cal_sum)\n  File \"/tmp/tmp31fzayv7.py\", line 19, in check\n    assert candidate(9) == 49\nAssertionError\n",
      "exit_code": 1,
      "status": "Exception"
    },
    {
      "program": "def cal_sum(n: int) -> int:\n    \"\"\"\n\tWrite a function to calculate the sum of perrin numbers.\n\t\"\"\"\n    if n == 0:\n        return 3\n    elif n == 1:\n        return 0\n    elif n == 2:\n        return 2\n    else:\n        return cal_sum(n - 2) + cal_sum(n - 3)\n\n\ndef check(candidate):\n    assert candidate(9) == 49\n    assert candidate(10) == 66\n    assert candidate(11) == 88\n\ndef test_check():\n    check(cal_sum)\n\ntest_check()\n",
      "timestamp": 1665510083,
      "stdout": "",
      "stderr": "Traceback (most recent call last):\n  File \"/tmp/tmp4o3j07ub.py\", line 23, in <module>\n    test_check()\n  File \"/tmp/tmp4o3j07ub.py\", line 21, in test_check\n    check(cal_sum)\n  File \"/tmp/tmp4o3j07ub.py\", line 16, in check\n    assert candidate(9) == 49\nAssertionError\n",
      "exit_code": 1,
      "status": "Exception"
    },
    {
      "program": "def cal_sum(n: int) -> int:\n    \"\"\"\n\tWrite a function to calculate the sum of perrin numbers.\n\t\"\"\"\n    if n == 0:\n        return 3\n    elif n == 1:\n        return 0\n    elif n == 2:\n        return 2\n    else:\n        return cal_sum(n - 2) + cal_sum(n - 3)\n\n\ndef check(candidate):\n    assert candidate(9) == 49\n    assert candidate(10) == 66\n    assert candidate(11) == 88\n\ndef test_check():\n    check(cal_sum)\n\ntest_check()\n",
      "timestamp": 1665510083,
      "stdout": "",
      "stderr": "Traceback (most recent call last):\n  File \"/tmp/tmp4o3j07ub.py\", line 23, in <module>\n    test_check()\n  File \"/tmp/tmp4o3j07ub.py\", line 21, in test_check\n    check(cal_sum)\n  File \"/tmp/tmp4o3j07ub.py\", line 16, in check\n    assert candidate(9) == 49\nAssertionError\n",
      "exit_code": 1,
      "status": "Exception"
    },
    {
      "program": "def cal_sum(n: int) -> int:\n    \"\"\"\n\tWrite a function to calculate the sum of perrin numbers.\n\t\"\"\"\n    if n == 0:\n        return 3\n    elif n == 1:\n        return 0\n    elif n == 2:\n        return 2\n    else:\n        return cal_sum(n - 2) + cal_sum(n - 3)\n\n\ndef check(candidate):\n    assert candidate(9) == 49\n    assert candidate(10) == 66\n    assert candidate(11) == 88\n\ndef test_check():\n    check(cal_sum)\n\ntest_check()\n",
      "timestamp": 1665510083,
      "stdout": "",
      "stderr": "Traceback (most recent call last):\n  File \"/tmp/tmp4o3j07ub.py\", line 23, in <module>\n    test_check()\n  File \"/tmp/tmp4o3j07ub.py\", line 21, in test_check\n    check(cal_sum)\n  File \"/tmp/tmp4o3j07ub.py\", line 16, in check\n    assert candidate(9) == 49\nAssertionError\n",
      "exit_code": 1,
      "status": "Exception"
    },
    {
      "program": "def cal_sum(n: int) -> int:\n    \"\"\"\n\tWrite a function to calculate the sum of perrin numbers.\n\t\"\"\"\n    if n == 0:\n        return 3\n    elif n == 1:\n        return 0\n    elif n == 2:\n        return 2\n    else:\n        return cal_sum(n - 2) + cal_sum(n - 3)\n\n\ndef check(candidate):\n    assert candidate(9) == 49\n    assert candidate(10) == 66\n    assert candidate(11) == 88\n\ndef test_check():\n    check(cal_sum)\n\ntest_check()\n",
      "timestamp": 1665510083,
      "stdout": "",
      "stderr": "Traceback (most recent call last):\n  File \"/tmp/tmp4o3j07ub.py\", line 23, in <module>\n    test_check()\n  File \"/tmp/tmp4o3j07ub.py\", line 21, in test_check\n    check(cal_sum)\n  File \"/tmp/tmp4o3j07ub.py\", line 16, in check\n    assert candidate(9) == 49\nAssertionError\n",
      "exit_code": 1,
      "status": "Exception"
    },
    {
      "program": "def cal_sum(n: int) -> int:\n    \"\"\"\n\tWrite a function to calculate the sum of perrin numbers.\n\t\"\"\"\n    if n < 3:\n        return 0\n    elif n == 3:\n        return 2\n    else:\n        return cal_sum(n - 2) + cal_sum(n - 3)\n\n\ndef check(candidate):\n    assert candidate(9) == 49\n    assert candidate(10) == 66\n    assert candidate(11) == 88\n\ndef test_check():\n    check(cal_sum)\n\ntest_check()\n",
      "timestamp": 1665510083,
      "stdout": "",
      "stderr": "Traceback (most recent call last):\n  File \"/tmp/tmpiq5ko55i.py\", line 21, in <module>\n    test_check()\n  File \"/tmp/tmpiq5ko55i.py\", line 19, in test_check\n    check(cal_sum)\n  File \"/tmp/tmpiq5ko55i.py\", line 14, in check\n    assert candidate(9) == 49\nAssertionError\n",
      "exit_code": 1,
      "status": "Exception"
    },
    {
      "program": "def cal_sum(n: int) -> int:\n    \"\"\"\n\tWrite a function to calculate the sum of perrin numbers.\n\t\"\"\"\n    if n == 0:\n        return 3\n    elif n == 1:\n        return 0\n    elif n == 2:\n        return 2\n    else:\n        return cal_sum(n - 2) + cal_sum(n - 3)\n\n\ndef check(candidate):\n    assert candidate(9) == 49\n    assert candidate(10) == 66\n    assert candidate(11) == 88\n\ndef test_check():\n    check(cal_sum)\n\ntest_check()\n",
      "timestamp": 1665510083,
      "stdout": "",
      "stderr": "Traceback (most recent call last):\n  File \"/tmp/tmp4o3j07ub.py\", line 23, in <module>\n    test_check()\n  File \"/tmp/tmp4o3j07ub.py\", line 21, in test_check\n    check(cal_sum)\n  File \"/tmp/tmp4o3j07ub.py\", line 16, in check\n    assert candidate(9) == 49\nAssertionError\n",
      "exit_code": 1,
      "status": "Exception"
    },
    {
      "program": "def cal_sum(n: int) -> int:\n    \"\"\"\n\tWrite a function to calculate the sum of perrin numbers.\n\t\"\"\"\n    if n == 0:\n        return 3\n    elif n == 1:\n        return 0\n    elif n == 2:\n        return 2\n    else:\n        return cal_sum(n - 2) + cal_sum(n - 3)\n\n\ndef check(candidate):\n    assert candidate(9) == 49\n    assert candidate(10) == 66\n    assert candidate(11) == 88\n\ndef test_check():\n    check(cal_sum)\n\ntest_check()\n",
      "timestamp": 1665510083,
      "stdout": "",
      "stderr": "Traceback (most recent call last):\n  File \"/tmp/tmp4o3j07ub.py\", line 23, in <module>\n    test_check()\n  File \"/tmp/tmp4o3j07ub.py\", line 21, in test_check\n    check(cal_sum)\n  File \"/tmp/tmp4o3j07ub.py\", line 16, in check\n    assert candidate(9) == 49\nAssertionError\n",
      "exit_code": 1,
      "status": "Exception"
    },
    {
      "program": "def cal_sum(n: int) -> int:\n    \"\"\"\n\tWrite a function to calculate the sum of perrin numbers.\n\t\"\"\"\n    if n == 0:\n        return 3\n    elif n == 1:\n        return 0\n    elif n == 2:\n        return 2\n    else:\n        return cal_sum(n - 2) + cal_sum(n - 3)\n\n\ndef check(candidate):\n    assert candidate(9) == 49\n    assert candidate(10) == 66\n    assert candidate(11) == 88\n\ndef test_check():\n    check(cal_sum)\n\ntest_check()\n",
      "timestamp": 1665510083,
      "stdout": "",
      "stderr": "Traceback (most recent call last):\n  File \"/tmp/tmp4o3j07ub.py\", line 23, in <module>\n    test_check()\n  File \"/tmp/tmp4o3j07ub.py\", line 21, in test_check\n    check(cal_sum)\n  File \"/tmp/tmp4o3j07ub.py\", line 16, in check\n    assert candidate(9) == 49\nAssertionError\n",
      "exit_code": 1,
      "status": "Exception"
    },
    {
      "program": "def cal_sum(n: int) -> int:\n    \"\"\"\n\tWrite a function to calculate the sum of perrin numbers.\n\t\"\"\"\n    if n < 0:\n        return 0\n    if n == 0:\n        return 3\n    if n == 1:\n        return 0\n    if n == 2:\n        return 2\n    if n == 3:\n        return 3\n    return cal_sum(n - 2) + cal_sum(n - 3)\n\n\ndef check(candidate):\n    assert candidate(9) == 49\n    assert candidate(10) == 66\n    assert candidate(11) == 88\n\ndef test_check():\n    check(cal_sum)\n\ntest_check()\n",
      "timestamp": 1665510083,
      "stdout": "",
      "stderr": "Traceback (most recent call last):\n  File \"/tmp/tmp31fzayv7.py\", line 26, in <module>\n    test_check()\n  File \"/tmp/tmp31fzayv7.py\", line 24, in test_check\n    check(cal_sum)\n  File \"/tmp/tmp31fzayv7.py\", line 19, in check\n    assert candidate(9) == 49\nAssertionError\n",
      "exit_code": 1,
      "status": "Exception"
    },
    {
      "program": "def cal_sum(n: int) -> int:\n    \"\"\"\n\tWrite a function to calculate the sum of perrin numbers.\n\t\"\"\"\n    if n == 0:\n        return 3\n    elif n == 1:\n        return 0\n    elif n == 2:\n        return 2\n    else:\n        return cal_sum(n - 2) + cal_sum(n - 3)\n\n\ndef check(candidate):\n    assert candidate(9) == 49\n    assert candidate(10) == 66\n    assert candidate(11) == 88\n\ndef test_check():\n    check(cal_sum)\n\ntest_check()\n",
      "timestamp": 1665510083,
      "stdout": "",
      "stderr": "Traceback (most recent call last):\n  File \"/tmp/tmp4o3j07ub.py\", line 23, in <module>\n    test_check()\n  File \"/tmp/tmp4o3j07ub.py\", line 21, in test_check\n    check(cal_sum)\n  File \"/tmp/tmp4o3j07ub.py\", line 16, in check\n    assert candidate(9) == 49\nAssertionError\n",
      "exit_code": 1,
      "status": "Exception"
    },
    {
      "program": "def cal_sum(n: int) -> int:\n    \"\"\"\n\tWrite a function to calculate the sum of perrin numbers.\n\t\"\"\"\n    if n < 3:\n        return 0\n    elif n == 3:\n        return 2\n    else:\n        return cal_sum(n - 2) + cal_sum(n - 3)\n\n\ndef check(candidate):\n    assert candidate(9) == 49\n    assert candidate(10) == 66\n    assert candidate(11) == 88\n\ndef test_check():\n    check(cal_sum)\n\ntest_check()\n",
      "timestamp": 1665510083,
      "stdout": "",
      "stderr": "Traceback (most recent call last):\n  File \"/tmp/tmpiq5ko55i.py\", line 21, in <module>\n    test_check()\n  File \"/tmp/tmpiq5ko55i.py\", line 19, in test_check\n    check(cal_sum)\n  File \"/tmp/tmpiq5ko55i.py\", line 14, in check\n    assert candidate(9) == 49\nAssertionError\n",
      "exit_code": 1,
      "status": "Exception"
    },
    {
      "program": "def cal_sum(n: int) -> int:\n    \"\"\"\n\tWrite a function to calculate the sum of perrin numbers.\n\t\"\"\"\n    if n < 0:\n        return 0\n    if n == 0:\n        return 3\n    if n == 1:\n        return 0\n    if n == 2:\n        return 2\n    return cal_sum(n - 2) + cal_sum(n - 3)\n\n\ndef check(candidate):\n    assert candidate(9) == 49\n    assert candidate(10) == 66\n    assert candidate(11) == 88\n\ndef test_check():\n    check(cal_sum)\n\ntest_check()\n",
      "timestamp": 1665510083,
      "stdout": "",
      "stderr": "Traceback (most recent call last):\n  File \"/tmp/tmp_7hrr48t.py\", line 24, in <module>\n    test_check()\n  File \"/tmp/tmp_7hrr48t.py\", line 22, in test_check\n    check(cal_sum)\n  File \"/tmp/tmp_7hrr48t.py\", line 17, in check\n    assert candidate(9) == 49\nAssertionError\n",
      "exit_code": 1,
      "status": "Exception"
    },
    {
      "program": "def cal_sum(n: int) -> int:\n    \"\"\"\n\tWrite a function to calculate the sum of perrin numbers.\n\t\"\"\"\n    if n == 0:\n        return 3\n    elif n == 1:\n        return 0\n    elif n == 2:\n        return 2\n    else:\n        return cal_sum(n - 2) + cal_sum(n - 3)\n\n\ndef check(candidate):\n    assert candidate(9) == 49\n    assert candidate(10) == 66\n    assert candidate(11) == 88\n\ndef test_check():\n    check(cal_sum)\n\ntest_check()\n",
      "timestamp": 1665510083,
      "stdout": "",
      "stderr": "Traceback (most recent call last):\n  File \"/tmp/tmp4o3j07ub.py\", line 23, in <module>\n    test_check()\n  File \"/tmp/tmp4o3j07ub.py\", line 21, in test_check\n    check(cal_sum)\n  File \"/tmp/tmp4o3j07ub.py\", line 16, in check\n    assert candidate(9) == 49\nAssertionError\n",
      "exit_code": 1,
      "status": "Exception"
    },
    {
      "program": "def cal_sum(n: int) -> int:\n    \"\"\"\n\tWrite a function to calculate the sum of perrin numbers.\n\t\"\"\"\n    if n < 0:\n        return 0\n    if n == 0:\n        return 3\n    if n == 1:\n        return 0\n    if n == 2:\n        return 2\n    if n == 3:\n        return 3\n    return cal_sum(n - 2) + cal_sum(n - 3)\n\n\ndef check(candidate):\n    assert candidate(9) == 49\n    assert candidate(10) == 66\n    assert candidate(11) == 88\n\ndef test_check():\n    check(cal_sum)\n\ntest_check()\n",
      "timestamp": 1665510083,
      "stdout": "",
      "stderr": "Traceback (most recent call last):\n  File \"/tmp/tmp31fzayv7.py\", line 26, in <module>\n    test_check()\n  File \"/tmp/tmp31fzayv7.py\", line 24, in test_check\n    check(cal_sum)\n  File \"/tmp/tmp31fzayv7.py\", line 19, in check\n    assert candidate(9) == 49\nAssertionError\n",
      "exit_code": 1,
      "status": "Exception"
    },
    {
      "program": "def cal_sum(n: int) -> int:\n    \"\"\"\n\tWrite a function to calculate the sum of perrin numbers.\n\t\"\"\"\n    if n == 0:\n        return 3\n    elif n == 1:\n        return 0\n    elif n == 2:\n        return 2\n    else:\n        return cal_sum(n - 2) + cal_sum(n - 3)\n\n\ndef check(candidate):\n    assert candidate(9) == 49\n    assert candidate(10) == 66\n    assert candidate(11) == 88\n\ndef test_check():\n    check(cal_sum)\n\ntest_check()\n",
      "timestamp": 1665510083,
      "stdout": "",
      "stderr": "Traceback (most recent call last):\n  File \"/tmp/tmp4o3j07ub.py\", line 23, in <module>\n    test_check()\n  File \"/tmp/tmp4o3j07ub.py\", line 21, in test_check\n    check(cal_sum)\n  File \"/tmp/tmp4o3j07ub.py\", line 16, in check\n    assert candidate(9) == 49\nAssertionError\n",
      "exit_code": 1,
      "status": "Exception"
    },
    {
      "program": "def cal_sum(n: int) -> int:\n    \"\"\"\n\tWrite a function to calculate the sum of perrin numbers.\n\t\"\"\"\n    if n <= 0:\n        return 0\n    if n == 1:\n        return 3\n    if n == 2:\n        return 0\n    if n == 3:\n        return 2\n    if n > 3:\n        return cal_sum(n - 2) + cal_sum(n - 3)\n\n\ndef check(candidate):\n    assert candidate(9) == 49\n    assert candidate(10) == 66\n    assert candidate(11) == 88\n\ndef test_check():\n    check(cal_sum)\n\ntest_check()\n",
      "timestamp": 1666123316,
      "stdout": "",
      "stderr": "Traceback (most recent call last):\n  File \"/tmp/tmp55egstoe.py\", line 25, in <module>\n    test_check()\n  File \"/tmp/tmp55egstoe.py\", line 23, in test_check\n    check(cal_sum)\n  File \"/tmp/tmp55egstoe.py\", line 18, in check\n    assert candidate(9) == 49\nAssertionError\n",
      "exit_code": 1,
      "status": "Exception"
    },
    {
      "program": "def cal_sum(n: int) -> int:\n    \"\"\"\n\tWrite a function to calculate the sum of perrin numbers.\n\t\"\"\"\n    if n < 3:\n        return 0\n    elif n == 3:\n        return 2\n    else:\n        return cal_sum(n - 2) + cal_sum(n - 3)\n\n\ndef check(candidate):\n    assert candidate(9) == 49\n    assert candidate(10) == 66\n    assert candidate(11) == 88\n\ndef test_check():\n    check(cal_sum)\n\ntest_check()\n",
      "timestamp": 1665510083,
      "stdout": "",
      "stderr": "Traceback (most recent call last):\n  File \"/tmp/tmpiq5ko55i.py\", line 21, in <module>\n    test_check()\n  File \"/tmp/tmpiq5ko55i.py\", line 19, in test_check\n    check(cal_sum)\n  File \"/tmp/tmpiq5ko55i.py\", line 14, in check\n    assert candidate(9) == 49\nAssertionError\n",
      "exit_code": 1,
      "status": "Exception"
    },
    {
      "program": "def cal_sum(n: int) -> int:\n    \"\"\"\n\tWrite a function to calculate the sum of perrin numbers.\n\t\"\"\"\n    if n < 3:\n        return 0\n    elif n == 3:\n        return 2\n    elif n == 4:\n        return 3\n    else:\n        return cal_sum(n - 2) + cal_sum(n - 3)\n\n\ndef check(candidate):\n    assert candidate(9) == 49\n    assert candidate(10) == 66\n    assert candidate(11) == 88\n\ndef test_check():\n    check(cal_sum)\n\ntest_check()\n",
      "timestamp": 1666123316,
      "stdout": "",
      "stderr": "Traceback (most recent call last):\n  File \"/tmp/tmp0kmla588.py\", line 23, in <module>\n    test_check()\n  File \"/tmp/tmp0kmla588.py\", line 21, in test_check\n    check(cal_sum)\n  File \"/tmp/tmp0kmla588.py\", line 16, in check\n    assert candidate(9) == 49\nAssertionError\n",
      "exit_code": 1,
      "status": "Exception"
    },
    {
      "program": "def cal_sum(n: int) -> int:\n    \"\"\"\n\tWrite a function to calculate the sum of perrin numbers.\n\t\"\"\"\n    if n == 0:\n        return 3\n    elif n == 1:\n        return 0\n    elif n == 2:\n        return 2\n    else:\n        return cal_sum(n - 2) + cal_sum(n - 3)\n\n\ndef check(candidate):\n    assert candidate(9) == 49\n    assert candidate(10) == 66\n    assert candidate(11) == 88\n\ndef test_check():\n    check(cal_sum)\n\ntest_check()\n",
      "timestamp": 1665510083,
      "stdout": "",
      "stderr": "Traceback (most recent call last):\n  File \"/tmp/tmp4o3j07ub.py\", line 23, in <module>\n    test_check()\n  File \"/tmp/tmp4o3j07ub.py\", line 21, in test_check\n    check(cal_sum)\n  File \"/tmp/tmp4o3j07ub.py\", line 16, in check\n    assert candidate(9) == 49\nAssertionError\n",
      "exit_code": 1,
      "status": "Exception"
    },
    {
      "program": "def cal_sum(n: int) -> int:\n    \"\"\"\n\tWrite a function to calculate the sum of perrin numbers.\n\t\"\"\"\n    if n == 0:\n        return 3\n    elif n == 1:\n        return 0\n    elif n == 2:\n        return 2\n    else:\n        return cal_sum(n - 2) + cal_sum(n - 3)\n\n\ndef check(candidate):\n    assert candidate(9) == 49\n    assert candidate(10) == 66\n    assert candidate(11) == 88\n\ndef test_check():\n    check(cal_sum)\n\ntest_check()\n",
      "timestamp": 1665510083,
      "stdout": "",
      "stderr": "Traceback (most recent call last):\n  File \"/tmp/tmp4o3j07ub.py\", line 23, in <module>\n    test_check()\n  File \"/tmp/tmp4o3j07ub.py\", line 21, in test_check\n    check(cal_sum)\n  File \"/tmp/tmp4o3j07ub.py\", line 16, in check\n    assert candidate(9) == 49\nAssertionError\n",
      "exit_code": 1,
      "status": "Exception"
    },
    {
      "program": "def cal_sum(n: int) -> int:\n    \"\"\"\n\tWrite a function to calculate the sum of perrin numbers.\n\t\"\"\"\n    if n < 3:\n        return 0\n    elif n == 3:\n        return 2\n    else:\n        return cal_sum(n - 2) + cal_sum(n - 3)\n\n\ndef check(candidate):\n    assert candidate(9) == 49\n    assert candidate(10) == 66\n    assert candidate(11) == 88\n\ndef test_check():\n    check(cal_sum)\n\ntest_check()\n",
      "timestamp": 1665510083,
      "stdout": "",
      "stderr": "Traceback (most recent call last):\n  File \"/tmp/tmpiq5ko55i.py\", line 21, in <module>\n    test_check()\n  File \"/tmp/tmpiq5ko55i.py\", line 19, in test_check\n    check(cal_sum)\n  File \"/tmp/tmpiq5ko55i.py\", line 14, in check\n    assert candidate(9) == 49\nAssertionError\n",
      "exit_code": 1,
      "status": "Exception"
    },
    {
      "program": "def cal_sum(n: int) -> int:\n    \"\"\"\n\tWrite a function to calculate the sum of perrin numbers.\n\t\"\"\"\n    if n < 3:\n        return 0\n    elif n == 3:\n        return 2\n    elif n == 4:\n        return 3\n    else:\n        return cal_sum(n - 2) + cal_sum(n - 3)\n\n\ndef check(candidate):\n    assert candidate(9) == 49\n    assert candidate(10) == 66\n    assert candidate(11) == 88\n\ndef test_check():\n    check(cal_sum)\n\ntest_check()\n",
      "timestamp": 1666123316,
      "stdout": "",
      "stderr": "Traceback (most recent call last):\n  File \"/tmp/tmp0kmla588.py\", line 23, in <module>\n    test_check()\n  File \"/tmp/tmp0kmla588.py\", line 21, in test_check\n    check(cal_sum)\n  File \"/tmp/tmp0kmla588.py\", line 16, in check\n    assert candidate(9) == 49\nAssertionError\n",
      "exit_code": 1,
      "status": "Exception"
    },
    {
      "program": "def cal_sum(n: int) -> int:\n    \"\"\"\n\tWrite a function to calculate the sum of perrin numbers.\n\t\"\"\"\n    if n < 3:\n        return 0\n    elif n == 3:\n        return 2\n    else:\n        return cal_sum(n - 2) + cal_sum(n - 3)\n\n\ndef check(candidate):\n    assert candidate(9) == 49\n    assert candidate(10) == 66\n    assert candidate(11) == 88\n\ndef test_check():\n    check(cal_sum)\n\ntest_check()\n",
      "timestamp": 1665510083,
      "stdout": "",
      "stderr": "Traceback (most recent call last):\n  File \"/tmp/tmpiq5ko55i.py\", line 21, in <module>\n    test_check()\n  File \"/tmp/tmpiq5ko55i.py\", line 19, in test_check\n    check(cal_sum)\n  File \"/tmp/tmpiq5ko55i.py\", line 14, in check\n    assert candidate(9) == 49\nAssertionError\n",
      "exit_code": 1,
      "status": "Exception"
    },
    {
      "program": "def cal_sum(n: int) -> int:\n    \"\"\"\n\tWrite a function to calculate the sum of perrin numbers.\n\t\"\"\"\n    if n == 0:\n        return 3\n    elif n == 1:\n        return 0\n    elif n == 2:\n        return 2\n    else:\n        return cal_sum(n - 2) + cal_sum(n - 3)\n\n\ndef check(candidate):\n    assert candidate(9) == 49\n    assert candidate(10) == 66\n    assert candidate(11) == 88\n\ndef test_check():\n    check(cal_sum)\n\ntest_check()\n",
      "timestamp": 1665510083,
      "stdout": "",
      "stderr": "Traceback (most recent call last):\n  File \"/tmp/tmp4o3j07ub.py\", line 23, in <module>\n    test_check()\n  File \"/tmp/tmp4o3j07ub.py\", line 21, in test_check\n    check(cal_sum)\n  File \"/tmp/tmp4o3j07ub.py\", line 16, in check\n    assert candidate(9) == 49\nAssertionError\n",
      "exit_code": 1,
      "status": "Exception"
    },
    {
      "program": "def cal_sum(n: int) -> int:\n    \"\"\"\n\tWrite a function to calculate the sum of perrin numbers.\n\t\"\"\"\n    if n < 3:\n        return 0\n    elif n == 3:\n        return 2\n    else:\n        return cal_sum(n - 2) + cal_sum(n - 3)\n\n\ndef check(candidate):\n    assert candidate(9) == 49\n    assert candidate(10) == 66\n    assert candidate(11) == 88\n\ndef test_check():\n    check(cal_sum)\n\ntest_check()\n",
      "timestamp": 1665510083,
      "stdout": "",
      "stderr": "Traceback (most recent call last):\n  File \"/tmp/tmpiq5ko55i.py\", line 21, in <module>\n    test_check()\n  File \"/tmp/tmpiq5ko55i.py\", line 19, in test_check\n    check(cal_sum)\n  File \"/tmp/tmpiq5ko55i.py\", line 14, in check\n    assert candidate(9) == 49\nAssertionError\n",
      "exit_code": 1,
      "status": "Exception"
    },
    {
      "program": "def cal_sum(n: int) -> int:\n    \"\"\"\n\tWrite a function to calculate the sum of perrin numbers.\n\t\"\"\"\n    if n < 3:\n        return 0\n    elif n == 3:\n        return 2\n    else:\n        return cal_sum(n - 2) + cal_sum(n - 3)\n\n\ndef check(candidate):\n    assert candidate(9) == 49\n    assert candidate(10) == 66\n    assert candidate(11) == 88\n\ndef test_check():\n    check(cal_sum)\n\ntest_check()\n",
      "timestamp": 1665510083,
      "stdout": "",
      "stderr": "Traceback (most recent call last):\n  File \"/tmp/tmpiq5ko55i.py\", line 21, in <module>\n    test_check()\n  File \"/tmp/tmpiq5ko55i.py\", line 19, in test_check\n    check(cal_sum)\n  File \"/tmp/tmpiq5ko55i.py\", line 14, in check\n    assert candidate(9) == 49\nAssertionError\n",
      "exit_code": 1,
      "status": "Exception"
    },
    {
      "program": "def cal_sum(n: int) -> int:\n    \"\"\"\n\tWrite a function to calculate the sum of perrin numbers.\n\t\"\"\"\n    if n <= 0:\n        return 0\n    if n <= 3:\n        return 1\n    return cal_sum(n - 2) + cal_sum(n - 3)\n\n\ndef check(candidate):\n    assert candidate(9) == 49\n    assert candidate(10) == 66\n    assert candidate(11) == 88\n\ndef test_check():\n    check(cal_sum)\n\ntest_check()\n",
      "timestamp": 1666123316,
      "stdout": "",
      "stderr": "Traceback (most recent call last):\n  File \"/tmp/tmpfhq8kdej.py\", line 20, in <module>\n    test_check()\n  File \"/tmp/tmpfhq8kdej.py\", line 18, in test_check\n    check(cal_sum)\n  File \"/tmp/tmpfhq8kdej.py\", line 13, in check\n    assert candidate(9) == 49\nAssertionError\n",
      "exit_code": 1,
      "status": "Exception"
    },
    {
      "program": "def cal_sum(n: int) -> int:\n    \"\"\"\n\tWrite a function to calculate the sum of perrin numbers.\n\t\"\"\"\n    if n <= 2:\n        return 0\n    if n == 3:\n        return 2\n    if n == 4:\n        return 3\n    if n == 5:\n        return 5\n    return cal_sum(n - 2) + cal_sum(n - 3)\n\n\ndef check(candidate):\n    assert candidate(9) == 49\n    assert candidate(10) == 66\n    assert candidate(11) == 88\n\ndef test_check():\n    check(cal_sum)\n\ntest_check()\n",
      "timestamp": 1666123316,
      "stdout": "",
      "stderr": "Traceback (most recent call last):\n  File \"/tmp/tmp_jsgf556.py\", line 24, in <module>\n    test_check()\n  File \"/tmp/tmp_jsgf556.py\", line 22, in test_check\n    check(cal_sum)\n  File \"/tmp/tmp_jsgf556.py\", line 17, in check\n    assert candidate(9) == 49\nAssertionError\n",
      "exit_code": 1,
      "status": "Exception"
    },
    {
      "program": "def cal_sum(n: int) -> int:\n    \"\"\"\n\tWrite a function to calculate the sum of perrin numbers.\n\t\"\"\"\n    if n == 0:\n        return 3\n    elif n == 1:\n        return 0\n    elif n == 2:\n        return 2\n    else:\n        return cal_sum(n - 2) + cal_sum(n - 3)\n\n\ndef check(candidate):\n    assert candidate(9) == 49\n    assert candidate(10) == 66\n    assert candidate(11) == 88\n\ndef test_check():\n    check(cal_sum)\n\ntest_check()\n",
      "timestamp": 1665510083,
      "stdout": "",
      "stderr": "Traceback (most recent call last):\n  File \"/tmp/tmp4o3j07ub.py\", line 23, in <module>\n    test_check()\n  File \"/tmp/tmp4o3j07ub.py\", line 21, in test_check\n    check(cal_sum)\n  File \"/tmp/tmp4o3j07ub.py\", line 16, in check\n    assert candidate(9) == 49\nAssertionError\n",
      "exit_code": 1,
      "status": "Exception"
    },
    {
      "program": "def cal_sum(n: int) -> int:\n    \"\"\"\n\tWrite a function to calculate the sum of perrin numbers.\n\t\"\"\"\n    if n == 0:\n        return 3\n    elif n == 1:\n        return 0\n    elif n == 2:\n        return 2\n    else:\n        return cal_sum(n - 2) + cal_sum(n - 3)\n\n\ndef check(candidate):\n    assert candidate(9) == 49\n    assert candidate(10) == 66\n    assert candidate(11) == 88\n\ndef test_check():\n    check(cal_sum)\n\ntest_check()\n",
      "timestamp": 1665510083,
      "stdout": "",
      "stderr": "Traceback (most recent call last):\n  File \"/tmp/tmp4o3j07ub.py\", line 23, in <module>\n    test_check()\n  File \"/tmp/tmp4o3j07ub.py\", line 21, in test_check\n    check(cal_sum)\n  File \"/tmp/tmp4o3j07ub.py\", line 16, in check\n    assert candidate(9) == 49\nAssertionError\n",
      "exit_code": 1,
      "status": "Exception"
    },
    {
      "program": "def cal_sum(n: int) -> int:\n    \"\"\"\n\tWrite a function to calculate the sum of perrin numbers.\n\t\"\"\"\n    if n < 3:\n        return 0\n    elif n == 3:\n        return 2\n    else:\n        return cal_sum(n - 2) + cal_sum(n - 3)\n\n\ndef check(candidate):\n    assert candidate(9) == 49\n    assert candidate(10) == 66\n    assert candidate(11) == 88\n\ndef test_check():\n    check(cal_sum)\n\ntest_check()\n",
      "timestamp": 1665510083,
      "stdout": "",
      "stderr": "Traceback (most recent call last):\n  File \"/tmp/tmpiq5ko55i.py\", line 21, in <module>\n    test_check()\n  File \"/tmp/tmpiq5ko55i.py\", line 19, in test_check\n    check(cal_sum)\n  File \"/tmp/tmpiq5ko55i.py\", line 14, in check\n    assert candidate(9) == 49\nAssertionError\n",
      "exit_code": 1,
      "status": "Exception"
    },
    {
      "program": "def cal_sum(n: int) -> int:\n    \"\"\"\n\tWrite a function to calculate the sum of perrin numbers.\n\t\"\"\"\n    a, b, c = 3, 0, 2\n    s = 0\n    for i in range(n):\n        s += a\n        a, b, c = b, c, a + b\n    return s\n\n\ndef check(candidate):\n    assert candidate(9) == 49\n    assert candidate(10) == 66\n    assert candidate(11) == 88\n\ndef test_check():\n    check(cal_sum)\n\ntest_check()\n",
      "timestamp": 1666123316,
      "stdout": "",
      "stderr": "Traceback (most recent call last):\n  File \"/tmp/tmpgn22w1gq.py\", line 21, in <module>\n    test_check()\n  File \"/tmp/tmpgn22w1gq.py\", line 19, in test_check\n    check(cal_sum)\n  File \"/tmp/tmpgn22w1gq.py\", line 14, in check\n    assert candidate(9) == 49\nAssertionError\n",
      "exit_code": 1,
      "status": "Exception"
    },
    {
      "program": "def cal_sum(n: int) -> int:\n    \"\"\"\n\tWrite a function to calculate the sum of perrin numbers.\n\t\"\"\"\n    if n < 3:\n        return 0\n    elif n == 3:\n        return 2\n    else:\n        return cal_sum(n - 2) + cal_sum(n - 3)\n\n\ndef check(candidate):\n    assert candidate(9) == 49\n    assert candidate(10) == 66\n    assert candidate(11) == 88\n\ndef test_check():\n    check(cal_sum)\n\ntest_check()\n",
      "timestamp": 1665510083,
      "stdout": "",
      "stderr": "Traceback (most recent call last):\n  File \"/tmp/tmpiq5ko55i.py\", line 21, in <module>\n    test_check()\n  File \"/tmp/tmpiq5ko55i.py\", line 19, in test_check\n    check(cal_sum)\n  File \"/tmp/tmpiq5ko55i.py\", line 14, in check\n    assert candidate(9) == 49\nAssertionError\n",
      "exit_code": 1,
      "status": "Exception"
    },
    {
      "program": "def cal_sum(n: int) -> int:\n    \"\"\"\n\tWrite a function to calculate the sum of perrin numbers.\n\t\"\"\"\n    if n < 3:\n        return 0\n    if n == 3:\n        return 2\n    if n == 4:\n        return 3\n    if n == 5:\n        return 5\n    if n == 6:\n        return 7\n    if n == 7:\n        return 11\n    if n == 8:\n        return 15\n    if n == 9:\n        return 22\n    if n == 10:\n        return 30\n    if n == 11:\n        return 42\n    if n == 12:\n        return 56\n    if n == 13:\n        return 77\n    if n == 14:\n        return 101\n    if n == 15:\n        return 135\n    if n == 16:\n        return 176\n    if n == 17:\n        return 231\n    if n == 18:\n        return 297\n    if n == 19:\n        return 385\n    if n == 20:\n        return 490\n    if n == 21:\n        return 627\n    if n == 22:\n        return 792\n    if n == 23:\n        return 1002\n    if n == 24:\n        return 1255\n    if n == 25:\n        return 1575\n    if n == 26:\n        return 1958\n    if n == 27:\n        return 2436\n    if n == 28:\n        return 3010\n    if n == 29:\n        return 3718\n    if n == 30:\n        return 4565\n    if n == 31:\n        return 5604\n    if n == 32:\n        return 6842\n    if n == 33:\n        return 8349\n    if n == 34:\n        return 10143\n    if n == 35:\n        return 12310\n    if n == 36:\n        return 14883\n    if n == 37:\n        return 17977\n    if n == 38:\n        return 21637\n    if n == 39:\n        return 26015\n    if n == 40:\n        return 31185\n    if n == 41:\n        return 37338\n    if n == 42:\n        return 44583\n    if n == 43:\n        return 53174\n    if n == 44:\n        return 63261\n    if n == 45:\n        return 75175\n    if n\ndef check(candidate):\n    assert candidate(9) == 49\n    assert candidate(10) == 66\n    assert candidate(11) == 88\n\ndef test_check():\n    check(cal_sum)\n\ntest_check()\n",
      "timestamp": 1666123316,
      "stdout": "",
      "stderr": "  File \"/tmp/tmpwrignl83.py\", line 93\n    if n\n        ^\nSyntaxError: expected ':'\n",
      "exit_code": 1,
      "status": "SyntaxError"
    },
    {
      "program": "def cal_sum(n: int) -> int:\n    \"\"\"\n\tWrite a function to calculate the sum of perrin numbers.\n\t\"\"\"\n    if n == 0:\n        return 3\n    elif n == 1:\n        return 0\n    elif n == 2:\n        return 2\n    else:\n        return cal_sum(n - 2) + cal_sum(n - 3)\n\n\ndef check(candidate):\n    assert candidate(9) == 49\n    assert candidate(10) == 66\n    assert candidate(11) == 88\n\ndef test_check():\n    check(cal_sum)\n\ntest_check()\n",
      "timestamp": 1665510083,
      "stdout": "",
      "stderr": "Traceback (most recent call last):\n  File \"/tmp/tmp4o3j07ub.py\", line 23, in <module>\n    test_check()\n  File \"/tmp/tmp4o3j07ub.py\", line 21, in test_check\n    check(cal_sum)\n  File \"/tmp/tmp4o3j07ub.py\", line 16, in check\n    assert candidate(9) == 49\nAssertionError\n",
      "exit_code": 1,
      "status": "Exception"
    },
    {
      "program": "def cal_sum(n: int) -> int:\n    \"\"\"\n\tWrite a function to calculate the sum of perrin numbers.\n\t\"\"\"\n    if n == 0:\n        return 3\n    elif n == 1:\n        return 0\n    elif n == 2:\n        return 2\n    else:\n        return cal_sum(n-2) + cal_sum(n-3)\n\n\ndef check(candidate):\n    assert candidate(9) == 49\n    assert candidate(10) == 66\n    assert candidate(11) == 88\n\ndef test_check():\n    check(cal_sum)\n\ntest_check()\n",
      "timestamp": 1666123316,
      "stdout": "",
      "stderr": "Traceback (most recent call last):\n  File \"/tmp/tmpw63fgswo.py\", line 23, in <module>\n    test_check()\n  File \"/tmp/tmpw63fgswo.py\", line 21, in test_check\n    check(cal_sum)\n  File \"/tmp/tmpw63fgswo.py\", line 16, in check\n    assert candidate(9) == 49\nAssertionError\n",
      "exit_code": 1,
      "status": "Exception"
    },
    {
      "program": "def cal_sum(n: int) -> int:\n    \"\"\"\n\tWrite a function to calculate the sum of perrin numbers.\n\t\"\"\"\n    if n == 0:\n        return 3\n    elif n == 1:\n        return 0\n    elif n == 2:\n        return 2\n    else:\n        return cal_sum(n - 2) + cal_sum(n - 3)\n\n\ndef check(candidate):\n    assert candidate(9) == 49\n    assert candidate(10) == 66\n    assert candidate(11) == 88\n\ndef test_check():\n    check(cal_sum)\n\ntest_check()\n",
      "timestamp": 1665510083,
      "stdout": "",
      "stderr": "Traceback (most recent call last):\n  File \"/tmp/tmp4o3j07ub.py\", line 23, in <module>\n    test_check()\n  File \"/tmp/tmp4o3j07ub.py\", line 21, in test_check\n    check(cal_sum)\n  File \"/tmp/tmp4o3j07ub.py\", line 16, in check\n    assert candidate(9) == 49\nAssertionError\n",
      "exit_code": 1,
      "status": "Exception"
    },
    {
      "program": "def cal_sum(n: int) -> int:\n    \"\"\"\n\tWrite a function to calculate the sum of perrin numbers.\n\t\"\"\"\n    if n < 0:\n        return 0\n    if n == 0:\n        return 3\n    if n == 1:\n        return 0\n    if n == 2:\n        return 2\n    if n == 3:\n        return 3\n    return cal_sum(n - 2) + cal_sum(n - 3)\n\n\ndef check(candidate):\n    assert candidate(9) == 49\n    assert candidate(10) == 66\n    assert candidate(11) == 88\n\ndef test_check():\n    check(cal_sum)\n\ntest_check()\n",
      "timestamp": 1665510083,
      "stdout": "",
      "stderr": "Traceback (most recent call last):\n  File \"/tmp/tmp31fzayv7.py\", line 26, in <module>\n    test_check()\n  File \"/tmp/tmp31fzayv7.py\", line 24, in test_check\n    check(cal_sum)\n  File \"/tmp/tmp31fzayv7.py\", line 19, in check\n    assert candidate(9) == 49\nAssertionError\n",
      "exit_code": 1,
      "status": "Exception"
    },
    {
      "program": "def cal_sum(n: int) -> int:\n    \"\"\"\n\tWrite a function to calculate the sum of perrin numbers.\n\t\"\"\"\n    if n == 0:\n        return 3\n    elif n == 1:\n        return 0\n    elif n == 2:\n        return 2\n    else:\n        return cal_sum(n - 2) + cal_sum(n - 3)\n\n\ndef check(candidate):\n    assert candidate(9) == 49\n    assert candidate(10) == 66\n    assert candidate(11) == 88\n\ndef test_check():\n    check(cal_sum)\n\ntest_check()\n",
      "timestamp": 1665510083,
      "stdout": "",
      "stderr": "Traceback (most recent call last):\n  File \"/tmp/tmp4o3j07ub.py\", line 23, in <module>\n    test_check()\n  File \"/tmp/tmp4o3j07ub.py\", line 21, in test_check\n    check(cal_sum)\n  File \"/tmp/tmp4o3j07ub.py\", line 16, in check\n    assert candidate(9) == 49\nAssertionError\n",
      "exit_code": 1,
      "status": "Exception"
    },
    {
      "program": "def cal_sum(n: int) -> int:\n    \"\"\"\n\tWrite a function to calculate the sum of perrin numbers.\n\t\"\"\"\n    if n < 0:\n        return 0\n    elif n == 0:\n        return 3\n    elif n == 1:\n        return 0\n    elif n == 2:\n        return 2\n    else:\n        return cal_sum(n - 2) + cal_sum(n - 3)\n\n\ndef check(candidate):\n    assert candidate(9) == 49\n    assert candidate(10) == 66\n    assert candidate(11) == 88\n\ndef test_check():\n    check(cal_sum)\n\ntest_check()\n",
      "timestamp": 1665510083,
      "stdout": "",
      "stderr": "Traceback (most recent call last):\n  File \"/tmp/tmpp5sye5nq.py\", line 25, in <module>\n    test_check()\n  File \"/tmp/tmpp5sye5nq.py\", line 23, in test_check\n    check(cal_sum)\n  File \"/tmp/tmpp5sye5nq.py\", line 18, in check\n    assert candidate(9) == 49\nAssertionError\n",
      "exit_code": 1,
      "status": "Exception"
    },
    {
      "program": "def cal_sum(n: int) -> int:\n    \"\"\"\n\tWrite a function to calculate the sum of perrin numbers.\n\t\"\"\"\n    if n <= 0:\n        return 0\n    elif n == 1:\n        return 3\n    elif n == 2:\n        return 0\n    elif n == 3:\n        return 2\n    else:\n        return cal_sum(n - 2) + cal_sum(n - 3)\n\n\ndef check(candidate):\n    assert candidate(9) == 49\n    assert candidate(10) == 66\n    assert candidate(11) == 88\n\ndef test_check():\n    check(cal_sum)\n\ntest_check()\n",
      "timestamp": 1666123316,
      "stdout": "",
      "stderr": "Traceback (most recent call last):\n  File \"/tmp/tmplzozo9o5.py\", line 25, in <module>\n    test_check()\n  File \"/tmp/tmplzozo9o5.py\", line 23, in test_check\n    check(cal_sum)\n  File \"/tmp/tmplzozo9o5.py\", line 18, in check\n    assert candidate(9) == 49\nAssertionError\n",
      "exit_code": 1,
      "status": "Exception"
    },
    {
      "program": "def cal_sum(n: int) -> int:\n    \"\"\"\n\tWrite a function to calculate the sum of perrin numbers.\n\t\"\"\"\n    if n < 3:\n        return 0\n    elif n == 3:\n        return 2\n    else:\n        return cal_sum(n - 2) + cal_sum(n - 3)\n\n\ndef check(candidate):\n    assert candidate(9) == 49\n    assert candidate(10) == 66\n    assert candidate(11) == 88\n\ndef test_check():\n    check(cal_sum)\n\ntest_check()\n",
      "timestamp": 1665510083,
      "stdout": "",
      "stderr": "Traceback (most recent call last):\n  File \"/tmp/tmpiq5ko55i.py\", line 21, in <module>\n    test_check()\n  File \"/tmp/tmpiq5ko55i.py\", line 19, in test_check\n    check(cal_sum)\n  File \"/tmp/tmpiq5ko55i.py\", line 14, in check\n    assert candidate(9) == 49\nAssertionError\n",
      "exit_code": 1,
      "status": "Exception"
    },
    {
      "program": "def cal_sum(n: int) -> int:\n    \"\"\"\n\tWrite a function to calculate the sum of perrin numbers.\n\t\"\"\"\n    if n < 3:\n        return 0\n    elif n == 3:\n        return 2\n    else:\n        return cal_sum(n - 2) + cal_sum(n - 3)\n\n\ndef check(candidate):\n    assert candidate(9) == 49\n    assert candidate(10) == 66\n    assert candidate(11) == 88\n\ndef test_check():\n    check(cal_sum)\n\ntest_check()\n",
      "timestamp": 1665510083,
      "stdout": "",
      "stderr": "Traceback (most recent call last):\n  File \"/tmp/tmpiq5ko55i.py\", line 21, in <module>\n    test_check()\n  File \"/tmp/tmpiq5ko55i.py\", line 19, in test_check\n    check(cal_sum)\n  File \"/tmp/tmpiq5ko55i.py\", line 14, in check\n    assert candidate(9) == 49\nAssertionError\n",
      "exit_code": 1,
      "status": "Exception"
    },
    {
      "program": "def cal_sum(n: int) -> int:\n    \"\"\"\n\tWrite a function to calculate the sum of perrin numbers.\n\t\"\"\"\n    if n == 0:\n        return 3\n    elif n == 1:\n        return 0\n    elif n == 2:\n        return 2\n    else:\n        return cal_sum(n - 2) + cal_sum(n - 3)\n\n\ndef check(candidate):\n    assert candidate(9) == 49\n    assert candidate(10) == 66\n    assert candidate(11) == 88\n\ndef test_check():\n    check(cal_sum)\n\ntest_check()\n",
      "timestamp": 1665510083,
      "stdout": "",
      "stderr": "Traceback (most recent call last):\n  File \"/tmp/tmp4o3j07ub.py\", line 23, in <module>\n    test_check()\n  File \"/tmp/tmp4o3j07ub.py\", line 21, in test_check\n    check(cal_sum)\n  File \"/tmp/tmp4o3j07ub.py\", line 16, in check\n    assert candidate(9) == 49\nAssertionError\n",
      "exit_code": 1,
      "status": "Exception"
    },
    {
      "program": "def cal_sum(n: int) -> int:\n    \"\"\"\n\tWrite a function to calculate the sum of perrin numbers.\n\t\"\"\"\n    if n == 0:\n        return 3\n    elif n == 1:\n        return 0\n    elif n == 2:\n        return 2\n    else:\n        return cal_sum(n - 2) + cal_sum(n - 3)\n\n\ndef check(candidate):\n    assert candidate(9) == 49\n    assert candidate(10) == 66\n    assert candidate(11) == 88\n\ndef test_check():\n    check(cal_sum)\n\ntest_check()\n",
      "timestamp": 1665510083,
      "stdout": "",
      "stderr": "Traceback (most recent call last):\n  File \"/tmp/tmp4o3j07ub.py\", line 23, in <module>\n    test_check()\n  File \"/tmp/tmp4o3j07ub.py\", line 21, in test_check\n    check(cal_sum)\n  File \"/tmp/tmp4o3j07ub.py\", line 16, in check\n    assert candidate(9) == 49\nAssertionError\n",
      "exit_code": 1,
      "status": "Exception"
    },
    {
      "program": "def cal_sum(n: int) -> int:\n    \"\"\"\n\tWrite a function to calculate the sum of perrin numbers.\n\t\"\"\"\n    if n == 0:\n        return 3\n    elif n == 1:\n        return 0\n    elif n == 2:\n        return 2\n    else:\n        return cal_sum(n - 2) + cal_sum(n - 3)\n\n\ndef check(candidate):\n    assert candidate(9) == 49\n    assert candidate(10) == 66\n    assert candidate(11) == 88\n\ndef test_check():\n    check(cal_sum)\n\ntest_check()\n",
      "timestamp": 1665510083,
      "stdout": "",
      "stderr": "Traceback (most recent call last):\n  File \"/tmp/tmp4o3j07ub.py\", line 23, in <module>\n    test_check()\n  File \"/tmp/tmp4o3j07ub.py\", line 21, in test_check\n    check(cal_sum)\n  File \"/tmp/tmp4o3j07ub.py\", line 16, in check\n    assert candidate(9) == 49\nAssertionError\n",
      "exit_code": 1,
      "status": "Exception"
    },
    {
      "program": "def cal_sum(n: int) -> int:\n    \"\"\"\n\tWrite a function to calculate the sum of perrin numbers.\n\t\"\"\"\n    if n == 0:\n        return 3\n    elif n == 1:\n        return 0\n    elif n == 2:\n        return 2\n    else:\n        return cal_sum(n - 2) + cal_sum(n - 3)\n\n\ndef check(candidate):\n    assert candidate(9) == 49\n    assert candidate(10) == 66\n    assert candidate(11) == 88\n\ndef test_check():\n    check(cal_sum)\n\ntest_check()\n",
      "timestamp": 1665510083,
      "stdout": "",
      "stderr": "Traceback (most recent call last):\n  File \"/tmp/tmp4o3j07ub.py\", line 23, in <module>\n    test_check()\n  File \"/tmp/tmp4o3j07ub.py\", line 21, in test_check\n    check(cal_sum)\n  File \"/tmp/tmp4o3j07ub.py\", line 16, in check\n    assert candidate(9) == 49\nAssertionError\n",
      "exit_code": 1,
      "status": "Exception"
    },
    {
      "program": "def cal_sum(n: int) -> int:\n    \"\"\"\n\tWrite a function to calculate the sum of perrin numbers.\n\t\"\"\"\n    if n < 3:\n        return 0\n    elif n == 3:\n        return 2\n    elif n == 4:\n        return 3\n    else:\n        return cal_sum(n - 2) + cal_sum(n - 3)\n\n\ndef check(candidate):\n    assert candidate(9) == 49\n    assert candidate(10) == 66\n    assert candidate(11) == 88\n\ndef test_check():\n    check(cal_sum)\n\ntest_check()\n",
      "timestamp": 1666123316,
      "stdout": "",
      "stderr": "Traceback (most recent call last):\n  File \"/tmp/tmp0kmla588.py\", line 23, in <module>\n    test_check()\n  File \"/tmp/tmp0kmla588.py\", line 21, in test_check\n    check(cal_sum)\n  File \"/tmp/tmp0kmla588.py\", line 16, in check\n    assert candidate(9) == 49\nAssertionError\n",
      "exit_code": 1,
      "status": "Exception"
    },
    {
      "program": "def cal_sum(n: int) -> int:\n    \"\"\"\n\tWrite a function to calculate the sum of perrin numbers.\n\t\"\"\"\n    if n < 0:\n        return 0\n    elif n == 0:\n        return 3\n    elif n == 1:\n        return 0\n    elif n == 2:\n        return 2\n    else:\n        return cal_sum(n - 2) + cal_sum(n - 3)\n\n\ndef check(candidate):\n    assert candidate(9) == 49\n    assert candidate(10) == 66\n    assert candidate(11) == 88\n\ndef test_check():\n    check(cal_sum)\n\ntest_check()\n",
      "timestamp": 1665510083,
      "stdout": "",
      "stderr": "Traceback (most recent call last):\n  File \"/tmp/tmpp5sye5nq.py\", line 25, in <module>\n    test_check()\n  File \"/tmp/tmpp5sye5nq.py\", line 23, in test_check\n    check(cal_sum)\n  File \"/tmp/tmpp5sye5nq.py\", line 18, in check\n    assert candidate(9) == 49\nAssertionError\n",
      "exit_code": 1,
      "status": "Exception"
    },
    {
      "program": "def cal_sum(n: int) -> int:\n    \"\"\"\n\tWrite a function to calculate the sum of perrin numbers.\n\t\"\"\"\n    return sum(perrin(n))\n\n\ndef check(candidate):\n    assert candidate(9) == 49\n    assert candidate(10) == 66\n    assert candidate(11) == 88\n\ndef test_check():\n    check(cal_sum)\n\ntest_check()\n",
      "timestamp": 1666123316,
      "stdout": "",
      "stderr": "Traceback (most recent call last):\n  File \"/tmp/tmpjzwndgf_.py\", line 16, in <module>\n    test_check()\n  File \"/tmp/tmpjzwndgf_.py\", line 14, in test_check\n    check(cal_sum)\n  File \"/tmp/tmpjzwndgf_.py\", line 9, in check\n    assert candidate(9) == 49\n  File \"/tmp/tmpjzwndgf_.py\", line 5, in cal_sum\n    return sum(perrin(n))\nNameError: name 'perrin' is not defined\n",
      "exit_code": 1,
      "status": "Exception"
    },
    {
      "program": "def cal_sum(n: int) -> int:\n    \"\"\"\n\tWrite a function to calculate the sum of perrin numbers.\n\t\"\"\"\n    if n < 3:\n        return 0\n    if n == 3:\n        return 2\n    if n == 4:\n        return 3\n    if n == 5:\n        return 5\n    if n == 6:\n        return 7\n    if n == 7:\n        return 11\n    if n == 8:\n        return 15\n    if n == 9:\n        return 22\n    if n == 10:\n        return 30\n    if n == 11:\n        return 42\n    if n == 12:\n        return 56\n    if n == 13:\n        return 77\n    if n == 14:\n        return 101\n    if n == 15:\n        return 135\n    if n == 16:\n        return 176\n    if n == 17:\n        return 231\n    if n == 18:\n        return 297\n    if n == 19:\n        return 385\n    if n == 20:\n        return 490\n    if n == 21:\n        return 627\n    if n == 22:\n        return 792\n    if n == 23:\n        return 1002\n    if n == 24:\n        return 1255\n    if n == 25:\n        return 1575\n    if n == 26:\n        return 1958\n    if n == 27:\n        return 2436\n    if n == 28:\n        return 3010\n    if n == 29:\n        return 3718\n    if n == 30:\n        return 4565\n    if n == 31:\n        return 5604\n    if n == 32:\n        return 6842\n    if n == 33:\n        return 8349\n    if n == 34:\n        return 10143\n    if n == 35:\n        return 12310\n    if n == 36:\n        return 14883\n    if n == 37:\n        return 17977\n    if n == 38:\n        return 21637\n    if n == 39:\n        return 26015\n    if n == 40:\n        return 31185\n    if n == 41:\n        return 37338\n    if n == 42:\n        return 44583\n    if n == 43:\n        return 53174\n    if n == 44:\n        return 63261\n    if n == 45:\n        return 75175\n    if n\ndef check(candidate):\n    assert candidate(9) == 49\n    assert candidate(10) == 66\n    assert candidate(11) == 88\n\ndef test_check():\n    check(cal_sum)\n\ntest_check()\n",
      "timestamp": 1666123316,
      "stdout": "",
      "stderr": "  File \"/tmp/tmpwrignl83.py\", line 93\n    if n\n        ^\nSyntaxError: expected ':'\n",
      "exit_code": 1,
      "status": "SyntaxError"
    },
    {
      "program": "def cal_sum(n: int) -> int:\n    \"\"\"\n\tWrite a function to calculate the sum of perrin numbers.\n\t\"\"\"\n    if n == 0:\n        return 3\n    elif n == 1:\n        return 0\n    elif n == 2:\n        return 2\n    else:\n        return cal_sum(n - 2) + cal_sum(n - 3)\n\n\ndef check(candidate):\n    assert candidate(9) == 49\n    assert candidate(10) == 66\n    assert candidate(11) == 88\n\ndef test_check():\n    check(cal_sum)\n\ntest_check()\n",
      "timestamp": 1665510083,
      "stdout": "",
      "stderr": "Traceback (most recent call last):\n  File \"/tmp/tmp4o3j07ub.py\", line 23, in <module>\n    test_check()\n  File \"/tmp/tmp4o3j07ub.py\", line 21, in test_check\n    check(cal_sum)\n  File \"/tmp/tmp4o3j07ub.py\", line 16, in check\n    assert candidate(9) == 49\nAssertionError\n",
      "exit_code": 1,
      "status": "Exception"
    },
    {
      "program": "def cal_sum(n: int) -> int:\n    \"\"\"\n\tWrite a function to calculate the sum of perrin numbers.\n\t\"\"\"\n    if n < 0:\n        return 0\n    elif n == 0:\n        return 3\n    elif n == 1:\n        return 0\n    elif n == 2:\n        return 2\n    else:\n        return cal_sum(n - 2) + cal_sum(n - 3)\n\n\ndef check(candidate):\n    assert candidate(9) == 49\n    assert candidate(10) == 66\n    assert candidate(11) == 88\n\ndef test_check():\n    check(cal_sum)\n\ntest_check()\n",
      "timestamp": 1665510083,
      "stdout": "",
      "stderr": "Traceback (most recent call last):\n  File \"/tmp/tmpp5sye5nq.py\", line 25, in <module>\n    test_check()\n  File \"/tmp/tmpp5sye5nq.py\", line 23, in test_check\n    check(cal_sum)\n  File \"/tmp/tmpp5sye5nq.py\", line 18, in check\n    assert candidate(9) == 49\nAssertionError\n",
      "exit_code": 1,
      "status": "Exception"
    },
    {
      "program": "def cal_sum(n: int) -> int:\n    \"\"\"\n\tWrite a function to calculate the sum of perrin numbers.\n\t\"\"\"\n    if n == 0:\n        return 3\n    elif n == 1:\n        return 0\n    elif n == 2:\n        return 2\n    else:\n        return cal_sum(n - 2) + cal_sum(n - 3)\n\n\ndef check(candidate):\n    assert candidate(9) == 49\n    assert candidate(10) == 66\n    assert candidate(11) == 88\n\ndef test_check():\n    check(cal_sum)\n\ntest_check()\n",
      "timestamp": 1665510083,
      "stdout": "",
      "stderr": "Traceback (most recent call last):\n  File \"/tmp/tmp4o3j07ub.py\", line 23, in <module>\n    test_check()\n  File \"/tmp/tmp4o3j07ub.py\", line 21, in test_check\n    check(cal_sum)\n  File \"/tmp/tmp4o3j07ub.py\", line 16, in check\n    assert candidate(9) == 49\nAssertionError\n",
      "exit_code": 1,
      "status": "Exception"
    },
    {
      "program": "def cal_sum(n: int) -> int:\n    \"\"\"\n\tWrite a function to calculate the sum of perrin numbers.\n\t\"\"\"\n    if n == 0:\n        return 3\n    if n == 1:\n        return 0\n    if n == 2:\n        return 2\n    return cal_sum(n - 2) + cal_sum(n - 3)\n\n\ndef check(candidate):\n    assert candidate(9) == 49\n    assert candidate(10) == 66\n    assert candidate(11) == 88\n\ndef test_check():\n    check(cal_sum)\n\ntest_check()\n",
      "timestamp": 1666123316,
      "stdout": "",
      "stderr": "Traceback (most recent call last):\n  File \"/tmp/tmp9hqv7gfw.py\", line 22, in <module>\n    test_check()\n  File \"/tmp/tmp9hqv7gfw.py\", line 20, in test_check\n    check(cal_sum)\n  File \"/tmp/tmp9hqv7gfw.py\", line 15, in check\n    assert candidate(9) == 49\nAssertionError\n",
      "exit_code": 1,
      "status": "Exception"
    },
    {
      "program": "def cal_sum(n: int) -> int:\n    \"\"\"\n\tWrite a function to calculate the sum of perrin numbers.\n\t\"\"\"\n    if n < 0:\n        return 0\n    elif n == 0:\n        return 3\n    elif n == 1:\n        return 0\n    elif n == 2:\n        return 2\n    else:\n        return cal_sum(n - 2) + cal_sum(n - 3)\n\n\ndef check(candidate):\n    assert candidate(9) == 49\n    assert candidate(10) == 66\n    assert candidate(11) == 88\n\ndef test_check():\n    check(cal_sum)\n\ntest_check()\n",
      "timestamp": 1665510083,
      "stdout": "",
      "stderr": "Traceback (most recent call last):\n  File \"/tmp/tmpp5sye5nq.py\", line 25, in <module>\n    test_check()\n  File \"/tmp/tmpp5sye5nq.py\", line 23, in test_check\n    check(cal_sum)\n  File \"/tmp/tmpp5sye5nq.py\", line 18, in check\n    assert candidate(9) == 49\nAssertionError\n",
      "exit_code": 1,
      "status": "Exception"
    },
    {
      "program": "def cal_sum(n: int) -> int:\n    \"\"\"\n\tWrite a function to calculate the sum of perrin numbers.\n\t\"\"\"\n    if n < 3:\n        return 0\n    if n == 3:\n        return 2\n    if n == 4:\n        return 3\n    if n == 5:\n        return 5\n    if n == 6:\n        return 7\n    if n == 7:\n        return 11\n    if n == 8:\n        return 15\n    if n == 9:\n        return 22\n    if n == 10:\n        return 30\n    if n == 11:\n        return 42\n    if n == 12:\n        return 56\n    if n == 13:\n        return 77\n    if n == 14:\n        return 101\n    if n == 15:\n        return 135\n    if n == 16:\n        return 176\n    if n == 17:\n        return 231\n    if n == 18:\n        return 297\n    if n == 19:\n        return 385\n    if n == 20:\n        return 490\n    if n == 21:\n        return 627\n    if n == 22:\n        return 792\n    if n == 23:\n        return 1002\n    if n == 24:\n        return 1255\n    if n == 25:\n        return 1575\n    if n == 26:\n        return 1958\n    if n == 27:\n        return 2436\n    if n == 28:\n        return 3010\n    if n == 29:\n        return 3718\n    if n == 30:\n        return 4565\n    if n == 31:\n        return 5604\n    if n == 32:\n        return 6842\n    if n == 33:\n        return 8349\n    if n == 34:\n        return 10143\n    if n == 35:\n        return 12310\n    if n == 36:\n        return 14883\n    if n == 37:\n        return 17977\n    if n == 38:\n        return 21637\n    if n == 39:\n        return 26015\n    if n == 40:\n        return 31185\n    if n == 41:\n        return 37338\n    if n == 42:\n        return 44583\n    if n == 43:\n        return 53174\n    if n == 44:\n        return 63261\n    if n == 45:\n        return 75175\n    if n\ndef check(candidate):\n    assert candidate(9) == 49\n    assert candidate(10) == 66\n    assert candidate(11) == 88\n\ndef test_check():\n    check(cal_sum)\n\ntest_check()\n",
      "timestamp": 1666123316,
      "stdout": "",
      "stderr": "  File \"/tmp/tmpwrignl83.py\", line 93\n    if n\n        ^\nSyntaxError: expected ':'\n",
      "exit_code": 1,
      "status": "SyntaxError"
    },
    {
      "program": "def cal_sum(n: int) -> int:\n    \"\"\"\n\tWrite a function to calculate the sum of perrin numbers.\n\t\"\"\"\n    if n == 0:\n        return 3\n    elif n == 1:\n        return 0\n    elif n == 2:\n        return 2\n    else:\n        return cal_sum(n - 2) + cal_sum(n - 3)\n\n\ndef check(candidate):\n    assert candidate(9) == 49\n    assert candidate(10) == 66\n    assert candidate(11) == 88\n\ndef test_check():\n    check(cal_sum)\n\ntest_check()\n",
      "timestamp": 1665510083,
      "stdout": "",
      "stderr": "Traceback (most recent call last):\n  File \"/tmp/tmp4o3j07ub.py\", line 23, in <module>\n    test_check()\n  File \"/tmp/tmp4o3j07ub.py\", line 21, in test_check\n    check(cal_sum)\n  File \"/tmp/tmp4o3j07ub.py\", line 16, in check\n    assert candidate(9) == 49\nAssertionError\n",
      "exit_code": 1,
      "status": "Exception"
    },
    {
      "program": "def cal_sum(n: int) -> int:\n    \"\"\"\n\tWrite a function to calculate the sum of perrin numbers.\n\t\"\"\"\n    if n == 0:\n        return 3\n    elif n == 1:\n        return 0\n    elif n == 2:\n        return 2\n    else:\n        return cal_sum(n - 2) + cal_sum(n - 3)\n\n\ndef check(candidate):\n    assert candidate(9) == 49\n    assert candidate(10) == 66\n    assert candidate(11) == 88\n\ndef test_check():\n    check(cal_sum)\n\ntest_check()\n",
      "timestamp": 1665510083,
      "stdout": "",
      "stderr": "Traceback (most recent call last):\n  File \"/tmp/tmp4o3j07ub.py\", line 23, in <module>\n    test_check()\n  File \"/tmp/tmp4o3j07ub.py\", line 21, in test_check\n    check(cal_sum)\n  File \"/tmp/tmp4o3j07ub.py\", line 16, in check\n    assert candidate(9) == 49\nAssertionError\n",
      "exit_code": 1,
      "status": "Exception"
    },
    {
      "program": "def cal_sum(n: int) -> int:\n    \"\"\"\n\tWrite a function to calculate the sum of perrin numbers.\n\t\"\"\"\n    if n < 0:\n        return 0\n    elif n == 0:\n        return 3\n    elif n == 1:\n        return 0\n    elif n == 2:\n        return 2\n    else:\n        return cal_sum(n - 2) + cal_sum(n - 3)\n\n\ndef check(candidate):\n    assert candidate(9) == 49\n    assert candidate(10) == 66\n    assert candidate(11) == 88\n\ndef test_check():\n    check(cal_sum)\n\ntest_check()\n",
      "timestamp": 1665510083,
      "stdout": "",
      "stderr": "Traceback (most recent call last):\n  File \"/tmp/tmpp5sye5nq.py\", line 25, in <module>\n    test_check()\n  File \"/tmp/tmpp5sye5nq.py\", line 23, in test_check\n    check(cal_sum)\n  File \"/tmp/tmpp5sye5nq.py\", line 18, in check\n    assert candidate(9) == 49\nAssertionError\n",
      "exit_code": 1,
      "status": "Exception"
    },
    {
      "program": "def cal_sum(n: int) -> int:\n    \"\"\"\n\tWrite a function to calculate the sum of perrin numbers.\n\t\"\"\"\n    if n == 0:\n        return 3\n    elif n == 1:\n        return 0\n    elif n == 2:\n        return 2\n    else:\n        return cal_sum(n - 2) + cal_sum(n - 3)\n\n\ndef check(candidate):\n    assert candidate(9) == 49\n    assert candidate(10) == 66\n    assert candidate(11) == 88\n\ndef test_check():\n    check(cal_sum)\n\ntest_check()\n",
      "timestamp": 1665510083,
      "stdout": "",
      "stderr": "Traceback (most recent call last):\n  File \"/tmp/tmp4o3j07ub.py\", line 23, in <module>\n    test_check()\n  File \"/tmp/tmp4o3j07ub.py\", line 21, in test_check\n    check(cal_sum)\n  File \"/tmp/tmp4o3j07ub.py\", line 16, in check\n    assert candidate(9) == 49\nAssertionError\n",
      "exit_code": 1,
      "status": "Exception"
    },
    {
      "program": "def cal_sum(n: int) -> int:\n    \"\"\"\n\tWrite a function to calculate the sum of perrin numbers.\n\t\"\"\"\n    if n < 3:\n        return 0\n    elif n == 3:\n        return 2\n    else:\n        return cal_sum(n - 2) + cal_sum(n - 3)\n\n\ndef check(candidate):\n    assert candidate(9) == 49\n    assert candidate(10) == 66\n    assert candidate(11) == 88\n\ndef test_check():\n    check(cal_sum)\n\ntest_check()\n",
      "timestamp": 1665510083,
      "stdout": "",
      "stderr": "Traceback (most recent call last):\n  File \"/tmp/tmpiq5ko55i.py\", line 21, in <module>\n    test_check()\n  File \"/tmp/tmpiq5ko55i.py\", line 19, in test_check\n    check(cal_sum)\n  File \"/tmp/tmpiq5ko55i.py\", line 14, in check\n    assert candidate(9) == 49\nAssertionError\n",
      "exit_code": 1,
      "status": "Exception"
    },
    {
      "program": "def cal_sum(n: int) -> int:\n    \"\"\"\n\tWrite a function to calculate the sum of perrin numbers.\n\t\"\"\"\n    if n == 0:\n        return 3\n    elif n == 1:\n        return 0\n    elif n == 2:\n        return 2\n    else:\n        return cal_sum(n - 2) + cal_sum(n - 3)\n\n\ndef check(candidate):\n    assert candidate(9) == 49\n    assert candidate(10) == 66\n    assert candidate(11) == 88\n\ndef test_check():\n    check(cal_sum)\n\ntest_check()\n",
      "timestamp": 1665510083,
      "stdout": "",
      "stderr": "Traceback (most recent call last):\n  File \"/tmp/tmp4o3j07ub.py\", line 23, in <module>\n    test_check()\n  File \"/tmp/tmp4o3j07ub.py\", line 21, in test_check\n    check(cal_sum)\n  File \"/tmp/tmp4o3j07ub.py\", line 16, in check\n    assert candidate(9) == 49\nAssertionError\n",
      "exit_code": 1,
      "status": "Exception"
    },
    {
      "program": "def cal_sum(n: int) -> int:\n    \"\"\"\n\tWrite a function to calculate the sum of perrin numbers.\n\t\"\"\"\n    return sum(perrin(n))\n\n\ndef check(candidate):\n    assert candidate(9) == 49\n    assert candidate(10) == 66\n    assert candidate(11) == 88\n\ndef test_check():\n    check(cal_sum)\n\ntest_check()\n",
      "timestamp": 1666123316,
      "stdout": "",
      "stderr": "Traceback (most recent call last):\n  File \"/tmp/tmpjzwndgf_.py\", line 16, in <module>\n    test_check()\n  File \"/tmp/tmpjzwndgf_.py\", line 14, in test_check\n    check(cal_sum)\n  File \"/tmp/tmpjzwndgf_.py\", line 9, in check\n    assert candidate(9) == 49\n  File \"/tmp/tmpjzwndgf_.py\", line 5, in cal_sum\n    return sum(perrin(n))\nNameError: name 'perrin' is not defined\n",
      "exit_code": 1,
      "status": "Exception"
    },
    {
      "program": "def cal_sum(n: int) -> int:\n    \"\"\"\n\tWrite a function to calculate the sum of perrin numbers.\n\t\"\"\"\n    if n < 3:\n        return 0\n    elif n == 3:\n        return 2\n    else:\n        return cal_sum(n - 2) + cal_sum(n - 3)\n\n\ndef check(candidate):\n    assert candidate(9) == 49\n    assert candidate(10) == 66\n    assert candidate(11) == 88\n\ndef test_check():\n    check(cal_sum)\n\ntest_check()\n",
      "timestamp": 1665510083,
      "stdout": "",
      "stderr": "Traceback (most recent call last):\n  File \"/tmp/tmpiq5ko55i.py\", line 21, in <module>\n    test_check()\n  File \"/tmp/tmpiq5ko55i.py\", line 19, in test_check\n    check(cal_sum)\n  File \"/tmp/tmpiq5ko55i.py\", line 14, in check\n    assert candidate(9) == 49\nAssertionError\n",
      "exit_code": 1,
      "status": "Exception"
    },
    {
      "program": "def cal_sum(n: int) -> int:\n    \"\"\"\n\tWrite a function to calculate the sum of perrin numbers.\n\t\"\"\"\n    if n < 0:\n        return 0\n    if n == 0:\n        return 3\n    if n == 1:\n        return 0\n    if n == 2:\n        return 2\n    if n == 3:\n        return 3\n    return cal_sum(n - 2) + cal_sum(n - 3)\n\n\ndef check(candidate):\n    assert candidate(9) == 49\n    assert candidate(10) == 66\n    assert candidate(11) == 88\n\ndef test_check():\n    check(cal_sum)\n\ntest_check()\n",
      "timestamp": 1665510083,
      "stdout": "",
      "stderr": "Traceback (most recent call last):\n  File \"/tmp/tmp31fzayv7.py\", line 26, in <module>\n    test_check()\n  File \"/tmp/tmp31fzayv7.py\", line 24, in test_check\n    check(cal_sum)\n  File \"/tmp/tmp31fzayv7.py\", line 19, in check\n    assert candidate(9) == 49\nAssertionError\n",
      "exit_code": 1,
      "status": "Exception"
    },
    {
      "program": "def cal_sum(n: int) -> int:\n    \"\"\"\n\tWrite a function to calculate the sum of perrin numbers.\n\t\"\"\"\n    if n == 0:\n        return 3\n    elif n == 1:\n        return 0\n    elif n == 2:\n        return 2\n    else:\n        return cal_sum(n - 2) + cal_sum(n - 3)\n\n\ndef check(candidate):\n    assert candidate(9) == 49\n    assert candidate(10) == 66\n    assert candidate(11) == 88\n\ndef test_check():\n    check(cal_sum)\n\ntest_check()\n",
      "timestamp": 1665510083,
      "stdout": "",
      "stderr": "Traceback (most recent call last):\n  File \"/tmp/tmp4o3j07ub.py\", line 23, in <module>\n    test_check()\n  File \"/tmp/tmp4o3j07ub.py\", line 21, in test_check\n    check(cal_sum)\n  File \"/tmp/tmp4o3j07ub.py\", line 16, in check\n    assert candidate(9) == 49\nAssertionError\n",
      "exit_code": 1,
      "status": "Exception"
    },
    {
      "program": "def cal_sum(n: int) -> int:\n    \"\"\"\n\tWrite a function to calculate the sum of perrin numbers.\n\t\"\"\"\n    if n < 0:\n        return 0\n    if n == 0:\n        return 3\n    if n == 1:\n        return 0\n    if n == 2:\n        return 2\n    if n == 3:\n        return 3\n    return cal_sum(n - 2) + cal_sum(n - 3)\n\n\ndef check(candidate):\n    assert candidate(9) == 49\n    assert candidate(10) == 66\n    assert candidate(11) == 88\n\ndef test_check():\n    check(cal_sum)\n\ntest_check()\n",
      "timestamp": 1665510083,
      "stdout": "",
      "stderr": "Traceback (most recent call last):\n  File \"/tmp/tmp31fzayv7.py\", line 26, in <module>\n    test_check()\n  File \"/tmp/tmp31fzayv7.py\", line 24, in test_check\n    check(cal_sum)\n  File \"/tmp/tmp31fzayv7.py\", line 19, in check\n    assert candidate(9) == 49\nAssertionError\n",
      "exit_code": 1,
      "status": "Exception"
    },
    {
      "program": "def cal_sum(n: int) -> int:\n    \"\"\"\n\tWrite a function to calculate the sum of perrin numbers.\n\t\"\"\"\n    if n < 0:\n        return 0\n    if n == 0:\n        return 3\n    if n == 1:\n        return 0\n    if n == 2:\n        return 2\n    return cal_sum(n - 2) + cal_sum(n - 3)\n\n\ndef check(candidate):\n    assert candidate(9) == 49\n    assert candidate(10) == 66\n    assert candidate(11) == 88\n\ndef test_check():\n    check(cal_sum)\n\ntest_check()\n",
      "timestamp": 1665510083,
      "stdout": "",
      "stderr": "Traceback (most recent call last):\n  File \"/tmp/tmp_7hrr48t.py\", line 24, in <module>\n    test_check()\n  File \"/tmp/tmp_7hrr48t.py\", line 22, in test_check\n    check(cal_sum)\n  File \"/tmp/tmp_7hrr48t.py\", line 17, in check\n    assert candidate(9) == 49\nAssertionError\n",
      "exit_code": 1,
      "status": "Exception"
    },
    {
      "program": "def cal_sum(n: int) -> int:\n    \"\"\"\n\tWrite a function to calculate the sum of perrin numbers.\n\t\"\"\"\n    if n == 0:\n        return 3\n    elif n == 1:\n        return 0\n    elif n == 2:\n        return 2\n    else:\n        return cal_sum(n - 2) + cal_sum(n - 3)\n\n\ndef check(candidate):\n    assert candidate(9) == 49\n    assert candidate(10) == 66\n    assert candidate(11) == 88\n\ndef test_check():\n    check(cal_sum)\n\ntest_check()\n",
      "timestamp": 1665510083,
      "stdout": "",
      "stderr": "Traceback (most recent call last):\n  File \"/tmp/tmp4o3j07ub.py\", line 23, in <module>\n    test_check()\n  File \"/tmp/tmp4o3j07ub.py\", line 21, in test_check\n    check(cal_sum)\n  File \"/tmp/tmp4o3j07ub.py\", line 16, in check\n    assert candidate(9) == 49\nAssertionError\n",
      "exit_code": 1,
      "status": "Exception"
    },
    {
      "program": "def cal_sum(n: int) -> int:\n    \"\"\"\n\tWrite a function to calculate the sum of perrin numbers.\n\t\"\"\"\n    if n == 0:\n        return 3\n    elif n == 1:\n        return 0\n    elif n == 2:\n        return 2\n    else:\n        return cal_sum(n - 2) + cal_sum(n - 3)\n\n\ndef check(candidate):\n    assert candidate(9) == 49\n    assert candidate(10) == 66\n    assert candidate(11) == 88\n\ndef test_check():\n    check(cal_sum)\n\ntest_check()\n",
      "timestamp": 1665510083,
      "stdout": "",
      "stderr": "Traceback (most recent call last):\n  File \"/tmp/tmp4o3j07ub.py\", line 23, in <module>\n    test_check()\n  File \"/tmp/tmp4o3j07ub.py\", line 21, in test_check\n    check(cal_sum)\n  File \"/tmp/tmp4o3j07ub.py\", line 16, in check\n    assert candidate(9) == 49\nAssertionError\n",
      "exit_code": 1,
      "status": "Exception"
    },
    {
      "program": "def cal_sum(n: int) -> int:\n    \"\"\"\n\tWrite a function to calculate the sum of perrin numbers.\n\t\"\"\"\n    if n < 0:\n        return 0\n    elif n == 0:\n        return 3\n    elif n == 1:\n        return 0\n    elif n == 2:\n        return 2\n    else:\n        return cal_sum(n - 2) + cal_sum(n - 3)\n\n\ndef check(candidate):\n    assert candidate(9) == 49\n    assert candidate(10) == 66\n    assert candidate(11) == 88\n\ndef test_check():\n    check(cal_sum)\n\ntest_check()\n",
      "timestamp": 1665510083,
      "stdout": "",
      "stderr": "Traceback (most recent call last):\n  File \"/tmp/tmpp5sye5nq.py\", line 25, in <module>\n    test_check()\n  File \"/tmp/tmpp5sye5nq.py\", line 23, in test_check\n    check(cal_sum)\n  File \"/tmp/tmpp5sye5nq.py\", line 18, in check\n    assert candidate(9) == 49\nAssertionError\n",
      "exit_code": 1,
      "status": "Exception"
    },
    {
      "program": "def cal_sum(n: int) -> int:\n    \"\"\"\n\tWrite a function to calculate the sum of perrin numbers.\n\t\"\"\"\n    if n < 3:\n        return 0\n    elif n == 3:\n        return 2\n    else:\n        return cal_sum(n - 2) + cal_sum(n - 3)\n\n\ndef check(candidate):\n    assert candidate(9) == 49\n    assert candidate(10) == 66\n    assert candidate(11) == 88\n\ndef test_check():\n    check(cal_sum)\n\ntest_check()\n",
      "timestamp": 1665510083,
      "stdout": "",
      "stderr": "Traceback (most recent call last):\n  File \"/tmp/tmpiq5ko55i.py\", line 21, in <module>\n    test_check()\n  File \"/tmp/tmpiq5ko55i.py\", line 19, in test_check\n    check(cal_sum)\n  File \"/tmp/tmpiq5ko55i.py\", line 14, in check\n    assert candidate(9) == 49\nAssertionError\n",
      "exit_code": 1,
      "status": "Exception"
    },
    {
      "program": "def cal_sum(n: int) -> int:\n    \"\"\"\n\tWrite a function to calculate the sum of perrin numbers.\n\t\"\"\"\n    if n == 0:\n        return 3\n    elif n == 1:\n        return 0\n    elif n == 2:\n        return 2\n    else:\n        return cal_sum(n - 2) + cal_sum(n - 3)\n\n\ndef check(candidate):\n    assert candidate(9) == 49\n    assert candidate(10) == 66\n    assert candidate(11) == 88\n\ndef test_check():\n    check(cal_sum)\n\ntest_check()\n",
      "timestamp": 1665510083,
      "stdout": "",
      "stderr": "Traceback (most recent call last):\n  File \"/tmp/tmp4o3j07ub.py\", line 23, in <module>\n    test_check()\n  File \"/tmp/tmp4o3j07ub.py\", line 21, in test_check\n    check(cal_sum)\n  File \"/tmp/tmp4o3j07ub.py\", line 16, in check\n    assert candidate(9) == 49\nAssertionError\n",
      "exit_code": 1,
      "status": "Exception"
    },
    {
      "program": "def cal_sum(n: int) -> int:\n    \"\"\"\n\tWrite a function to calculate the sum of perrin numbers.\n\t\"\"\"\n    if n < 0:\n        return 0\n    elif n == 0:\n        return 3\n    elif n == 1:\n        return 0\n    elif n == 2:\n        return 2\n    else:\n        return cal_sum(n - 2) + cal_sum(n - 3)\n\n\ndef check(candidate):\n    assert candidate(9) == 49\n    assert candidate(10) == 66\n    assert candidate(11) == 88\n\ndef test_check():\n    check(cal_sum)\n\ntest_check()\n",
      "timestamp": 1665510083,
      "stdout": "",
      "stderr": "Traceback (most recent call last):\n  File \"/tmp/tmpp5sye5nq.py\", line 25, in <module>\n    test_check()\n  File \"/tmp/tmpp5sye5nq.py\", line 23, in test_check\n    check(cal_sum)\n  File \"/tmp/tmpp5sye5nq.py\", line 18, in check\n    assert candidate(9) == 49\nAssertionError\n",
      "exit_code": 1,
      "status": "Exception"
    },
    {
      "program": "def cal_sum(n: int) -> int:\n    \"\"\"\n\tWrite a function to calculate the sum of perrin numbers.\n\t\"\"\"\n    if n < 0:\n        return 0\n    if n == 0:\n        return 3\n    if n == 1:\n        return 0\n    if n == 2:\n        return 2\n    if n > 2:\n        return cal_sum(n - 2) + cal_sum(n - 3)\n\n\ndef check(candidate):\n    assert candidate(9) == 49\n    assert candidate(10) == 66\n    assert candidate(11) == 88\n\ndef test_check():\n    check(cal_sum)\n\ntest_check()\n",
      "timestamp": 1666123316,
      "stdout": "",
      "stderr": "Traceback (most recent call last):\n  File \"/tmp/tmpt1bw9u1y.py\", line 25, in <module>\n    test_check()\n  File \"/tmp/tmpt1bw9u1y.py\", line 23, in test_check\n    check(cal_sum)\n  File \"/tmp/tmpt1bw9u1y.py\", line 18, in check\n    assert candidate(9) == 49\nAssertionError\n",
      "exit_code": 1,
      "status": "Exception"
    },
    {
      "program": "def cal_sum(n: int) -> int:\n    \"\"\"\n\tWrite a function to calculate the sum of perrin numbers.\n\t\"\"\"\n    if n == 0:\n        return 3\n    elif n == 1:\n        return 0\n    elif n == 2:\n        return 2\n    else:\n        return cal_sum(n - 2) + cal_sum(n - 3)\n\n\ndef check(candidate):\n    assert candidate(9) == 49\n    assert candidate(10) == 66\n    assert candidate(11) == 88\n\ndef test_check():\n    check(cal_sum)\n\ntest_check()\n",
      "timestamp": 1665510083,
      "stdout": "",
      "stderr": "Traceback (most recent call last):\n  File \"/tmp/tmp4o3j07ub.py\", line 23, in <module>\n    test_check()\n  File \"/tmp/tmp4o3j07ub.py\", line 21, in test_check\n    check(cal_sum)\n  File \"/tmp/tmp4o3j07ub.py\", line 16, in check\n    assert candidate(9) == 49\nAssertionError\n",
      "exit_code": 1,
      "status": "Exception"
    },
    {
      "program": "def cal_sum(n: int) -> int:\n    \"\"\"\n\tWrite a function to calculate the sum of perrin numbers.\n\t\"\"\"\n    if n < 3:\n        return 0\n    if n == 3:\n        return 2\n    if n == 4:\n        return 3\n    if n == 5:\n        return 5\n    return cal_sum(n - 2) + cal_sum(n - 3)\n\n\ndef check(candidate):\n    assert candidate(9) == 49\n    assert candidate(10) == 66\n    assert candidate(11) == 88\n\ndef test_check():\n    check(cal_sum)\n\ntest_check()\n",
      "timestamp": 1666123316,
      "stdout": "",
      "stderr": "Traceback (most recent call last):\n  File \"/tmp/tmpq5ut146j.py\", line 24, in <module>\n    test_check()\n  File \"/tmp/tmpq5ut146j.py\", line 22, in test_check\n    check(cal_sum)\n  File \"/tmp/tmpq5ut146j.py\", line 17, in check\n    assert candidate(9) == 49\nAssertionError\n",
      "exit_code": 1,
      "status": "Exception"
    },
    {
      "program": "def cal_sum(n: int) -> int:\n    \"\"\"\n\tWrite a function to calculate the sum of perrin numbers.\n\t\"\"\"\n    if n < 0:\n        return 0\n    if n == 0:\n        return 3\n    if n == 1:\n        return 0\n    if n == 2:\n        return 2\n    if n == 3:\n        return 3\n    return cal_sum(n - 2) + cal_sum(n - 3)\n\n\ndef check(candidate):\n    assert candidate(9) == 49\n    assert candidate(10) == 66\n    assert candidate(11) == 88\n\ndef test_check():\n    check(cal_sum)\n\ntest_check()\n",
      "timestamp": 1665510083,
      "stdout": "",
      "stderr": "Traceback (most recent call last):\n  File \"/tmp/tmp31fzayv7.py\", line 26, in <module>\n    test_check()\n  File \"/tmp/tmp31fzayv7.py\", line 24, in test_check\n    check(cal_sum)\n  File \"/tmp/tmp31fzayv7.py\", line 19, in check\n    assert candidate(9) == 49\nAssertionError\n",
      "exit_code": 1,
      "status": "Exception"
    },
    {
      "program": "def cal_sum(n: int) -> int:\n    \"\"\"\n\tWrite a function to calculate the sum of perrin numbers.\n\t\"\"\"\n    if n < 0:\n        return 0\n    elif n == 0:\n        return 3\n    elif n == 1:\n        return 0\n    elif n == 2:\n        return 2\n    else:\n        return cal_sum(n - 2) + cal_sum(n - 3)\n\n\ndef check(candidate):\n    assert candidate(9) == 49\n    assert candidate(10) == 66\n    assert candidate(11) == 88\n\ndef test_check():\n    check(cal_sum)\n\ntest_check()\n",
      "timestamp": 1665510083,
      "stdout": "",
      "stderr": "Traceback (most recent call last):\n  File \"/tmp/tmpp5sye5nq.py\", line 25, in <module>\n    test_check()\n  File \"/tmp/tmpp5sye5nq.py\", line 23, in test_check\n    check(cal_sum)\n  File \"/tmp/tmpp5sye5nq.py\", line 18, in check\n    assert candidate(9) == 49\nAssertionError\n",
      "exit_code": 1,
      "status": "Exception"
    },
    {
      "program": "def cal_sum(n: int) -> int:\n    \"\"\"\n\tWrite a function to calculate the sum of perrin numbers.\n\t\"\"\"\n    if n < 3:\n        return 0\n    elif n == 3:\n        return 2\n    else:\n        return cal_sum(n - 2) + cal_sum(n - 3)\n\n\ndef check(candidate):\n    assert candidate(9) == 49\n    assert candidate(10) == 66\n    assert candidate(11) == 88\n\ndef test_check():\n    check(cal_sum)\n\ntest_check()\n",
      "timestamp": 1665510083,
      "stdout": "",
      "stderr": "Traceback (most recent call last):\n  File \"/tmp/tmpiq5ko55i.py\", line 21, in <module>\n    test_check()\n  File \"/tmp/tmpiq5ko55i.py\", line 19, in test_check\n    check(cal_sum)\n  File \"/tmp/tmpiq5ko55i.py\", line 14, in check\n    assert candidate(9) == 49\nAssertionError\n",
      "exit_code": 1,
      "status": "Exception"
    },
    {
      "program": "def cal_sum(n: int) -> int:\n    \"\"\"\n\tWrite a function to calculate the sum of perrin numbers.\n\t\"\"\"\n    if n == 0:\n        return 3\n    elif n == 1:\n        return 0\n    elif n == 2:\n        return 2\n    else:\n        return cal_sum(n - 2) + cal_sum(n - 3)\n\n\ndef check(candidate):\n    assert candidate(9) == 49\n    assert candidate(10) == 66\n    assert candidate(11) == 88\n\ndef test_check():\n    check(cal_sum)\n\ntest_check()\n",
      "timestamp": 1665510083,
      "stdout": "",
      "stderr": "Traceback (most recent call last):\n  File \"/tmp/tmp4o3j07ub.py\", line 23, in <module>\n    test_check()\n  File \"/tmp/tmp4o3j07ub.py\", line 21, in test_check\n    check(cal_sum)\n  File \"/tmp/tmp4o3j07ub.py\", line 16, in check\n    assert candidate(9) == 49\nAssertionError\n",
      "exit_code": 1,
      "status": "Exception"
    },
    {
      "program": "def cal_sum(n: int) -> int:\n    \"\"\"\n\tWrite a function to calculate the sum of perrin numbers.\n\t\"\"\"\n    if n == 0:\n        return 3\n    elif n == 1:\n        return 0\n    elif n == 2:\n        return 2\n    else:\n        return cal_sum(n - 2) + cal_sum(n - 3)\n\n\ndef check(candidate):\n    assert candidate(9) == 49\n    assert candidate(10) == 66\n    assert candidate(11) == 88\n\ndef test_check():\n    check(cal_sum)\n\ntest_check()\n",
      "timestamp": 1665510083,
      "stdout": "",
      "stderr": "Traceback (most recent call last):\n  File \"/tmp/tmp4o3j07ub.py\", line 23, in <module>\n    test_check()\n  File \"/tmp/tmp4o3j07ub.py\", line 21, in test_check\n    check(cal_sum)\n  File \"/tmp/tmp4o3j07ub.py\", line 16, in check\n    assert candidate(9) == 49\nAssertionError\n",
      "exit_code": 1,
      "status": "Exception"
    },
    {
      "program": "def cal_sum(n: int) -> int:\n    \"\"\"\n\tWrite a function to calculate the sum of perrin numbers.\n\t\"\"\"\n    if n == 0 or n == 1 or n == 2:\n        return 0\n    elif n == 3:\n        return 2\n    else:\n        return cal_sum(n - 2) + cal_sum(n - 3)\n\n\ndef check(candidate):\n    assert candidate(9) == 49\n    assert candidate(10) == 66\n    assert candidate(11) == 88\n\ndef test_check():\n    check(cal_sum)\n\ntest_check()\n",
      "timestamp": 1666123316,
      "stdout": "",
      "stderr": "Traceback (most recent call last):\n  File \"/tmp/tmpw9ldp2ho.py\", line 21, in <module>\n    test_check()\n  File \"/tmp/tmpw9ldp2ho.py\", line 19, in test_check\n    check(cal_sum)\n  File \"/tmp/tmpw9ldp2ho.py\", line 14, in check\n    assert candidate(9) == 49\nAssertionError\n",
      "exit_code": 1,
      "status": "Exception"
    },
    {
      "program": "def cal_sum(n: int) -> int:\n    \"\"\"\n\tWrite a function to calculate the sum of perrin numbers.\n\t\"\"\"\n    if n < 3:\n        return 0\n    elif n == 3:\n        return 2\n    else:\n        return cal_sum(n - 2) + cal_sum(n - 3)\n\n\ndef check(candidate):\n    assert candidate(9) == 49\n    assert candidate(10) == 66\n    assert candidate(11) == 88\n\ndef test_check():\n    check(cal_sum)\n\ntest_check()\n",
      "timestamp": 1665510083,
      "stdout": "",
      "stderr": "Traceback (most recent call last):\n  File \"/tmp/tmpiq5ko55i.py\", line 21, in <module>\n    test_check()\n  File \"/tmp/tmpiq5ko55i.py\", line 19, in test_check\n    check(cal_sum)\n  File \"/tmp/tmpiq5ko55i.py\", line 14, in check\n    assert candidate(9) == 49\nAssertionError\n",
      "exit_code": 1,
      "status": "Exception"
    },
    {
      "program": "def cal_sum(n: int) -> int:\n    \"\"\"\n\tWrite a function to calculate the sum of perrin numbers.\n\t\"\"\"\n    if n < 3:\n        return 0\n    elif n == 3:\n        return 2\n    else:\n        a, b, c = 2, 3, 5\n        sum = a + b + c\n        for i in range(4, n + 1):\n            a, b, c = b, c, a + b\n            sum += c\n        return sum\n\n\ndef check(candidate):\n    assert candidate(9) == 49\n    assert candidate(10) == 66\n    assert candidate(11) == 88\n\ndef test_check():\n    check(cal_sum)\n\ntest_check()\n",
      "timestamp": 1666123316,
      "stdout": "",
      "stderr": "Traceback (most recent call last):\n  File \"/tmp/tmpq0vv3vc3.py\", line 26, in <module>\n    test_check()\n  File \"/tmp/tmpq0vv3vc3.py\", line 24, in test_check\n    check(cal_sum)\n  File \"/tmp/tmpq0vv3vc3.py\", line 19, in check\n    assert candidate(9) == 49\nAssertionError\n",
      "exit_code": 1,
      "status": "Exception"
    },
    {
      "program": "def cal_sum(n: int) -> int:\n    \"\"\"\n\tWrite a function to calculate the sum of perrin numbers.\n\t\"\"\"\n    if n < 3:\n        return 0\n    elif n == 3:\n        return 2\n    else:\n        return cal_sum(n - 2) + cal_sum(n - 3)\n\n\ndef check(candidate):\n    assert candidate(9) == 49\n    assert candidate(10) == 66\n    assert candidate(11) == 88\n\ndef test_check():\n    check(cal_sum)\n\ntest_check()\n",
      "timestamp": 1665510083,
      "stdout": "",
      "stderr": "Traceback (most recent call last):\n  File \"/tmp/tmpiq5ko55i.py\", line 21, in <module>\n    test_check()\n  File \"/tmp/tmpiq5ko55i.py\", line 19, in test_check\n    check(cal_sum)\n  File \"/tmp/tmpiq5ko55i.py\", line 14, in check\n    assert candidate(9) == 49\nAssertionError\n",
      "exit_code": 1,
      "status": "Exception"
    },
    {
      "program": "def cal_sum(n: int) -> int:\n    \"\"\"\n\tWrite a function to calculate the sum of perrin numbers.\n\t\"\"\"\n    if n <= 0:\n        return 0\n    if n == 1:\n        return 3\n    if n == 2:\n        return 0\n    if n == 3:\n        return 2\n    a, b, c = 3, 0, 2\n    for i in range(4, n + 1):\n        a, b, c = b, c, a + b\n    return a + b + c\n\n\ndef check(candidate):\n    assert candidate(9) == 49\n    assert candidate(10) == 66\n    assert candidate(11) == 88\n\ndef test_check():\n    check(cal_sum)\n\ntest_check()\n",
      "timestamp": 1666123316,
      "stdout": "",
      "stderr": "Traceback (most recent call last):\n  File \"/tmp/tmpso6d01yt.py\", line 27, in <module>\n    test_check()\n  File \"/tmp/tmpso6d01yt.py\", line 25, in test_check\n    check(cal_sum)\n  File \"/tmp/tmpso6d01yt.py\", line 20, in check\n    assert candidate(9) == 49\nAssertionError\n",
      "exit_code": 1,
      "status": "Exception"
    },
    {
      "program": "def cal_sum(n: int) -> int:\n    \"\"\"\n\tWrite a function to calculate the sum of perrin numbers.\n\t\"\"\"\n    if n == 0:\n        return 3\n    elif n == 1:\n        return 0\n    elif n == 2:\n        return 2\n    else:\n        return cal_sum(n - 2) + cal_sum(n - 3)\n\n\ndef check(candidate):\n    assert candidate(9) == 49\n    assert candidate(10) == 66\n    assert candidate(11) == 88\n\ndef test_check():\n    check(cal_sum)\n\ntest_check()\n",
      "timestamp": 1665510083,
      "stdout": "",
      "stderr": "Traceback (most recent call last):\n  File \"/tmp/tmp4o3j07ub.py\", line 23, in <module>\n    test_check()\n  File \"/tmp/tmp4o3j07ub.py\", line 21, in test_check\n    check(cal_sum)\n  File \"/tmp/tmp4o3j07ub.py\", line 16, in check\n    assert candidate(9) == 49\nAssertionError\n",
      "exit_code": 1,
      "status": "Exception"
    },
    {
      "program": "def cal_sum(n: int) -> int:\n    \"\"\"\n\tWrite a function to calculate the sum of perrin numbers.\n\t\"\"\"\n    if n < 3:\n        return 0\n    if n == 3:\n        return 2\n    if n == 4:\n        return 3\n    if n == 5:\n        return 5\n    if n == 6:\n        return 7\n    if n == 7:\n        return 11\n    if n == 8:\n        return 15\n    if n == 9:\n        return 22\n    if n == 10:\n        return 30\n    if n == 11:\n        return 42\n    if n == 12:\n        return 56\n    if n == 13:\n        return 77\n    if n == 14:\n        return 101\n    if n == 15:\n        return 135\n    if n == 16:\n        return 176\n    if n == 17:\n        return 231\n    if n == 18:\n        return 297\n    if n == 19:\n        return 385\n    if n == 20:\n        return 490\n    if n == 21:\n        return 627\n    if n == 22:\n        return 792\n    if n == 23:\n        return 1002\n    if n == 24:\n        return 1255\n    if n == 25:\n        return 1575\n    if n == 26:\n        return 1958\n    if n == 27:\n        return 2436\n    if n == 28:\n        return 3010\n    if n == 29:\n        return 3718\n    if n == 30:\n        return 4565\n    if n == 31:\n        return 5604\n    if n == 32:\n        return 6842\n    if n == 33:\n        return 8349\n    if n == 34:\n        return 10143\n    if n == 35:\n        return 12310\n    if n == 36:\n        return 14883\n    if n == 37:\n        return 17977\n    if n == 38:\n        return 21637\n    if n == 39:\n        return 26015\n    if n == 40:\n        return 31185\n    if n == 41:\n        return 37338\n    if n == 42:\n        return 44583\n    if n == 43:\n        return 53174\n    if n == 44:\n        return 63261\n    if n == 45:\n        return 75175\n    if n\ndef check(candidate):\n    assert candidate(9) == 49\n    assert candidate(10) == 66\n    assert candidate(11) == 88\n\ndef test_check():\n    check(cal_sum)\n\ntest_check()\n",
      "timestamp": 1666123316,
      "stdout": "",
      "stderr": "  File \"/tmp/tmpwrignl83.py\", line 93\n    if n\n        ^\nSyntaxError: expected ':'\n",
      "exit_code": 1,
      "status": "SyntaxError"
    },
    {
      "program": "def cal_sum(n: int) -> int:\n    \"\"\"\n\tWrite a function to calculate the sum of perrin numbers.\n\t\"\"\"\n    if n < 0:\n        return 0\n    if n == 0:\n        return 3\n    if n == 1:\n        return 0\n    if n == 2:\n        return 2\n    if n == 3:\n        return 3\n    return cal_sum(n - 2) + cal_sum(n - 3)\n\n\ndef check(candidate):\n    assert candidate(9) == 49\n    assert candidate(10) == 66\n    assert candidate(11) == 88\n\ndef test_check():\n    check(cal_sum)\n\ntest_check()\n",
      "timestamp": 1665510083,
      "stdout": "",
      "stderr": "Traceback (most recent call last):\n  File \"/tmp/tmp31fzayv7.py\", line 26, in <module>\n    test_check()\n  File \"/tmp/tmp31fzayv7.py\", line 24, in test_check\n    check(cal_sum)\n  File \"/tmp/tmp31fzayv7.py\", line 19, in check\n    assert candidate(9) == 49\nAssertionError\n",
      "exit_code": 1,
      "status": "Exception"
    },
    {
      "program": "def cal_sum(n: int) -> int:\n    \"\"\"\n\tWrite a function to calculate the sum of perrin numbers.\n\t\"\"\"\n    if n == 0:\n        return 3\n    elif n == 1:\n        return 0\n    elif n == 2:\n        return 2\n    else:\n        return cal_sum(n - 2) + cal_sum(n - 3)\n\n\ndef check(candidate):\n    assert candidate(9) == 49\n    assert candidate(10) == 66\n    assert candidate(11) == 88\n\ndef test_check():\n    check(cal_sum)\n\ntest_check()\n",
      "timestamp": 1665510083,
      "stdout": "",
      "stderr": "Traceback (most recent call last):\n  File \"/tmp/tmp4o3j07ub.py\", line 23, in <module>\n    test_check()\n  File \"/tmp/tmp4o3j07ub.py\", line 21, in test_check\n    check(cal_sum)\n  File \"/tmp/tmp4o3j07ub.py\", line 16, in check\n    assert candidate(9) == 49\nAssertionError\n",
      "exit_code": 1,
      "status": "Exception"
    },
    {
      "program": "def cal_sum(n: int) -> int:\n    \"\"\"\n\tWrite a function to calculate the sum of perrin numbers.\n\t\"\"\"\n    if n == 0:\n        return 3\n    elif n == 1:\n        return 0\n    elif n == 2:\n        return 2\n    else:\n        return cal_sum(n - 2) + cal_sum(n - 3)\n\n\ndef check(candidate):\n    assert candidate(9) == 49\n    assert candidate(10) == 66\n    assert candidate(11) == 88\n\ndef test_check():\n    check(cal_sum)\n\ntest_check()\n",
      "timestamp": 1665510083,
      "stdout": "",
      "stderr": "Traceback (most recent call last):\n  File \"/tmp/tmp4o3j07ub.py\", line 23, in <module>\n    test_check()\n  File \"/tmp/tmp4o3j07ub.py\", line 21, in test_check\n    check(cal_sum)\n  File \"/tmp/tmp4o3j07ub.py\", line 16, in check\n    assert candidate(9) == 49\nAssertionError\n",
      "exit_code": 1,
      "status": "Exception"
    },
    {
      "program": "def cal_sum(n: int) -> int:\n    \"\"\"\n\tWrite a function to calculate the sum of perrin numbers.\n\t\"\"\"\n    if n == 0:\n        return 3\n    elif n == 1:\n        return 0\n    elif n == 2:\n        return 2\n    else:\n        return cal_sum(n - 2) + cal_sum(n - 3)\n\n\ndef check(candidate):\n    assert candidate(9) == 49\n    assert candidate(10) == 66\n    assert candidate(11) == 88\n\ndef test_check():\n    check(cal_sum)\n\ntest_check()\n",
      "timestamp": 1665510083,
      "stdout": "",
      "stderr": "Traceback (most recent call last):\n  File \"/tmp/tmp4o3j07ub.py\", line 23, in <module>\n    test_check()\n  File \"/tmp/tmp4o3j07ub.py\", line 21, in test_check\n    check(cal_sum)\n  File \"/tmp/tmp4o3j07ub.py\", line 16, in check\n    assert candidate(9) == 49\nAssertionError\n",
      "exit_code": 1,
      "status": "Exception"
    },
    {
      "program": "def cal_sum(n: int) -> int:\n    \"\"\"\n\tWrite a function to calculate the sum of perrin numbers.\n\t\"\"\"\n    if n == 0:\n        return 3\n    elif n == 1:\n        return 0\n    elif n == 2:\n        return 2\n    else:\n        return cal_sum(n - 2) + cal_sum(n - 3)\n\n\ndef check(candidate):\n    assert candidate(9) == 49\n    assert candidate(10) == 66\n    assert candidate(11) == 88\n\ndef test_check():\n    check(cal_sum)\n\ntest_check()\n",
      "timestamp": 1665510083,
      "stdout": "",
      "stderr": "Traceback (most recent call last):\n  File \"/tmp/tmp4o3j07ub.py\", line 23, in <module>\n    test_check()\n  File \"/tmp/tmp4o3j07ub.py\", line 21, in test_check\n    check(cal_sum)\n  File \"/tmp/tmp4o3j07ub.py\", line 16, in check\n    assert candidate(9) == 49\nAssertionError\n",
      "exit_code": 1,
      "status": "Exception"
    },
    {
      "program": "def cal_sum(n: int) -> int:\n    \"\"\"\n\tWrite a function to calculate the sum of perrin numbers.\n\t\"\"\"\n    if n < 3:\n        return 0\n    elif n == 3:\n        return 2\n    else:\n        return cal_sum(n - 2) + cal_sum(n - 3)\n\n\ndef check(candidate):\n    assert candidate(9) == 49\n    assert candidate(10) == 66\n    assert candidate(11) == 88\n\ndef test_check():\n    check(cal_sum)\n\ntest_check()\n",
      "timestamp": 1665510083,
      "stdout": "",
      "stderr": "Traceback (most recent call last):\n  File \"/tmp/tmpiq5ko55i.py\", line 21, in <module>\n    test_check()\n  File \"/tmp/tmpiq5ko55i.py\", line 19, in test_check\n    check(cal_sum)\n  File \"/tmp/tmpiq5ko55i.py\", line 14, in check\n    assert candidate(9) == 49\nAssertionError\n",
      "exit_code": 1,
      "status": "Exception"
    },
    {
      "program": "def cal_sum(n: int) -> int:\n    \"\"\"\n\tWrite a function to calculate the sum of perrin numbers.\n\t\"\"\"\n    if n == 0:\n        return 3\n    elif n == 1:\n        return 0\n    elif n == 2:\n        return 2\n    else:\n        return cal_sum(n - 2) + cal_sum(n - 3)\n\n\ndef check(candidate):\n    assert candidate(9) == 49\n    assert candidate(10) == 66\n    assert candidate(11) == 88\n\ndef test_check():\n    check(cal_sum)\n\ntest_check()\n",
      "timestamp": 1665510083,
      "stdout": "",
      "stderr": "Traceback (most recent call last):\n  File \"/tmp/tmp4o3j07ub.py\", line 23, in <module>\n    test_check()\n  File \"/tmp/tmp4o3j07ub.py\", line 21, in test_check\n    check(cal_sum)\n  File \"/tmp/tmp4o3j07ub.py\", line 16, in check\n    assert candidate(9) == 49\nAssertionError\n",
      "exit_code": 1,
      "status": "Exception"
    },
    {
      "program": "def cal_sum(n: int) -> int:\n    \"\"\"\n\tWrite a function to calculate the sum of perrin numbers.\n\t\"\"\"\n    if n == 0:\n        return 3\n    elif n == 1:\n        return 0\n    elif n == 2:\n        return 2\n    else:\n        return cal_sum(n - 2) + cal_sum(n - 3)\n\n\ndef check(candidate):\n    assert candidate(9) == 49\n    assert candidate(10) == 66\n    assert candidate(11) == 88\n\ndef test_check():\n    check(cal_sum)\n\ntest_check()\n",
      "timestamp": 1665510083,
      "stdout": "",
      "stderr": "Traceback (most recent call last):\n  File \"/tmp/tmp4o3j07ub.py\", line 23, in <module>\n    test_check()\n  File \"/tmp/tmp4o3j07ub.py\", line 21, in test_check\n    check(cal_sum)\n  File \"/tmp/tmp4o3j07ub.py\", line 16, in check\n    assert candidate(9) == 49\nAssertionError\n",
      "exit_code": 1,
      "status": "Exception"
    },
    {
      "program": "def cal_sum(n: int) -> int:\n    \"\"\"\n\tWrite a function to calculate the sum of perrin numbers.\n\t\"\"\"\n    perrin = [3, 0, 2]\n    while len(perrin) < n:\n        perrin.append(perrin[-2] + perrin[-3])\n    return sum(perrin)\n\n\ndef check(candidate):\n    assert candidate(9) == 49\n    assert candidate(10) == 66\n    assert candidate(11) == 88\n\ndef test_check():\n    check(cal_sum)\n\ntest_check()\n",
      "timestamp": 1666123316,
      "stdout": "",
      "stderr": "Traceback (most recent call last):\n  File \"/tmp/tmpc3_8jgfu.py\", line 19, in <module>\n    test_check()\n  File \"/tmp/tmpc3_8jgfu.py\", line 17, in test_check\n    check(cal_sum)\n  File \"/tmp/tmpc3_8jgfu.py\", line 12, in check\n    assert candidate(9) == 49\nAssertionError\n",
      "exit_code": 1,
      "status": "Exception"
    },
    {
      "program": "def cal_sum(n: int) -> int:\n    \"\"\"\n\tWrite a function to calculate the sum of perrin numbers.\n\t\"\"\"\n    if n < 0:\n        raise ValueError(\"n must be a positive integer\")\n    elif n == 0:\n        return 3\n    elif n == 1:\n        return 0\n    elif n == 2:\n        return 2\n    else:\n        return cal_sum(n - 2) + cal_sum(n - 3)\n\n\ndef check(candidate):\n    assert candidate(9) == 49\n    assert candidate(10) == 66\n    assert candidate(11) == 88\n\ndef test_check():\n    check(cal_sum)\n\ntest_check()\n",
      "timestamp": 1666123316,
      "stdout": "",
      "stderr": "Traceback (most recent call last):\n  File \"/tmp/tmpzylpxf_z.py\", line 25, in <module>\n    test_check()\n  File \"/tmp/tmpzylpxf_z.py\", line 23, in test_check\n    check(cal_sum)\n  File \"/tmp/tmpzylpxf_z.py\", line 18, in check\n    assert candidate(9) == 49\nAssertionError\n",
      "exit_code": 1,
      "status": "Exception"
    },
    {
      "program": "def cal_sum(n: int) -> int:\n    \"\"\"\n\tWrite a function to calculate the sum of perrin numbers.\n\t\"\"\"\n    if n <= 0:\n        return 0\n    if n == 1:\n        return 3\n    if n == 2:\n        return 0\n    if n == 3:\n        return 2\n    return cal_sum(n - 2) + cal_sum(n - 3)\n\n\ndef check(candidate):\n    assert candidate(9) == 49\n    assert candidate(10) == 66\n    assert candidate(11) == 88\n\ndef test_check():\n    check(cal_sum)\n\ntest_check()\n",
      "timestamp": 1666123316,
      "stdout": "",
      "stderr": "Traceback (most recent call last):\n  File \"/tmp/tmp621431wq.py\", line 24, in <module>\n    test_check()\n  File \"/tmp/tmp621431wq.py\", line 22, in test_check\n    check(cal_sum)\n  File \"/tmp/tmp621431wq.py\", line 17, in check\n    assert candidate(9) == 49\nAssertionError\n",
      "exit_code": 1,
      "status": "Exception"
    },
    {
      "program": "def cal_sum(n: int) -> int:\n    \"\"\"\n\tWrite a function to calculate the sum of perrin numbers.\n\t\"\"\"\n    if n < 0:\n        return 0\n    if n == 0:\n        return 3\n    if n == 1:\n        return 0\n    if n == 2:\n        return 2\n    if n == 3:\n        return 3\n    return cal_sum(n - 2) + cal_sum(n - 3)\n\n\ndef check(candidate):\n    assert candidate(9) == 49\n    assert candidate(10) == 66\n    assert candidate(11) == 88\n\ndef test_check():\n    check(cal_sum)\n\ntest_check()\n",
      "timestamp": 1665510083,
      "stdout": "",
      "stderr": "Traceback (most recent call last):\n  File \"/tmp/tmp31fzayv7.py\", line 26, in <module>\n    test_check()\n  File \"/tmp/tmp31fzayv7.py\", line 24, in test_check\n    check(cal_sum)\n  File \"/tmp/tmp31fzayv7.py\", line 19, in check\n    assert candidate(9) == 49\nAssertionError\n",
      "exit_code": 1,
      "status": "Exception"
    },
    {
      "program": "def cal_sum(n: int) -> int:\n    \"\"\"\n\tWrite a function to calculate the sum of perrin numbers.\n\t\"\"\"\n    if n == 0:\n        return 3\n    elif n == 1:\n        return 0\n    elif n == 2:\n        return 2\n    else:\n        return cal_sum(n - 2) + cal_sum(n - 3)\n\n\ndef check(candidate):\n    assert candidate(9) == 49\n    assert candidate(10) == 66\n    assert candidate(11) == 88\n\ndef test_check():\n    check(cal_sum)\n\ntest_check()\n",
      "timestamp": 1665510083,
      "stdout": "",
      "stderr": "Traceback (most recent call last):\n  File \"/tmp/tmp4o3j07ub.py\", line 23, in <module>\n    test_check()\n  File \"/tmp/tmp4o3j07ub.py\", line 21, in test_check\n    check(cal_sum)\n  File \"/tmp/tmp4o3j07ub.py\", line 16, in check\n    assert candidate(9) == 49\nAssertionError\n",
      "exit_code": 1,
      "status": "Exception"
    },
    {
      "program": "def cal_sum(n: int) -> int:\n    \"\"\"\n\tWrite a function to calculate the sum of perrin numbers.\n\t\"\"\"\n    if n == 0:\n        return 3\n    elif n == 1:\n        return 0\n    elif n == 2:\n        return 2\n    else:\n        return cal_sum(n - 2) + cal_sum(n - 3)\n\n\ndef check(candidate):\n    assert candidate(9) == 49\n    assert candidate(10) == 66\n    assert candidate(11) == 88\n\ndef test_check():\n    check(cal_sum)\n\ntest_check()\n",
      "timestamp": 1665510083,
      "stdout": "",
      "stderr": "Traceback (most recent call last):\n  File \"/tmp/tmp4o3j07ub.py\", line 23, in <module>\n    test_check()\n  File \"/tmp/tmp4o3j07ub.py\", line 21, in test_check\n    check(cal_sum)\n  File \"/tmp/tmp4o3j07ub.py\", line 16, in check\n    assert candidate(9) == 49\nAssertionError\n",
      "exit_code": 1,
      "status": "Exception"
    },
    {
      "program": "def cal_sum(n: int) -> int:\n    \"\"\"\n\tWrite a function to calculate the sum of perrin numbers.\n\t\"\"\"\n    if n < 3:\n        return 0\n    elif n == 3:\n        return 2\n    else:\n        return cal_sum(n - 2) + cal_sum(n - 3)\n\n\ndef check(candidate):\n    assert candidate(9) == 49\n    assert candidate(10) == 66\n    assert candidate(11) == 88\n\ndef test_check():\n    check(cal_sum)\n\ntest_check()\n",
      "timestamp": 1665510083,
      "stdout": "",
      "stderr": "Traceback (most recent call last):\n  File \"/tmp/tmpiq5ko55i.py\", line 21, in <module>\n    test_check()\n  File \"/tmp/tmpiq5ko55i.py\", line 19, in test_check\n    check(cal_sum)\n  File \"/tmp/tmpiq5ko55i.py\", line 14, in check\n    assert candidate(9) == 49\nAssertionError\n",
      "exit_code": 1,
      "status": "Exception"
    },
    {
      "program": "def cal_sum(n: int) -> int:\n    \"\"\"\n\tWrite a function to calculate the sum of perrin numbers.\n\t\"\"\"\n    if n < 0:\n        return 0\n    elif n == 0:\n        return 3\n    elif n == 1:\n        return 0\n    elif n == 2:\n        return 2\n    else:\n        return cal_sum(n - 2) + cal_sum(n - 3)\n\n\ndef check(candidate):\n    assert candidate(9) == 49\n    assert candidate(10) == 66\n    assert candidate(11) == 88\n\ndef test_check():\n    check(cal_sum)\n\ntest_check()\n",
      "timestamp": 1665510083,
      "stdout": "",
      "stderr": "Traceback (most recent call last):\n  File \"/tmp/tmpp5sye5nq.py\", line 25, in <module>\n    test_check()\n  File \"/tmp/tmpp5sye5nq.py\", line 23, in test_check\n    check(cal_sum)\n  File \"/tmp/tmpp5sye5nq.py\", line 18, in check\n    assert candidate(9) == 49\nAssertionError\n",
      "exit_code": 1,
      "status": "Exception"
    },
    {
      "program": "def cal_sum(n: int) -> int:\n    \"\"\"\n\tWrite a function to calculate the sum of perrin numbers.\n\t\"\"\"\n    if n < 0:\n        return 0\n    elif n == 0:\n        return 3\n    elif n == 1:\n        return 0\n    elif n == 2:\n        return 2\n    else:\n        return cal_sum(n - 2) + cal_sum(n - 3)\n\n\ndef check(candidate):\n    assert candidate(9) == 49\n    assert candidate(10) == 66\n    assert candidate(11) == 88\n\ndef test_check():\n    check(cal_sum)\n\ntest_check()\n",
      "timestamp": 1665510083,
      "stdout": "",
      "stderr": "Traceback (most recent call last):\n  File \"/tmp/tmpp5sye5nq.py\", line 25, in <module>\n    test_check()\n  File \"/tmp/tmpp5sye5nq.py\", line 23, in test_check\n    check(cal_sum)\n  File \"/tmp/tmpp5sye5nq.py\", line 18, in check\n    assert candidate(9) == 49\nAssertionError\n",
      "exit_code": 1,
      "status": "Exception"
    },
    {
      "program": "def cal_sum(n: int) -> int:\n    \"\"\"\n\tWrite a function to calculate the sum of perrin numbers.\n\t\"\"\"\n    if n < 0:\n        return 0\n    if n == 0:\n        return 3\n    if n == 1:\n        return 0\n    if n == 2:\n        return 2\n    if n == 3:\n        return 3\n    return cal_sum(n - 2) + cal_sum(n - 3)\n\n\ndef check(candidate):\n    assert candidate(9) == 49\n    assert candidate(10) == 66\n    assert candidate(11) == 88\n\ndef test_check():\n    check(cal_sum)\n\ntest_check()\n",
      "timestamp": 1665510083,
      "stdout": "",
      "stderr": "Traceback (most recent call last):\n  File \"/tmp/tmp31fzayv7.py\", line 26, in <module>\n    test_check()\n  File \"/tmp/tmp31fzayv7.py\", line 24, in test_check\n    check(cal_sum)\n  File \"/tmp/tmp31fzayv7.py\", line 19, in check\n    assert candidate(9) == 49\nAssertionError\n",
      "exit_code": 1,
      "status": "Exception"
    },
    {
      "program": "def cal_sum(n: int) -> int:\n    \"\"\"\n\tWrite a function to calculate the sum of perrin numbers.\n\t\"\"\"\n    if n < 3:\n        return 0\n    elif n == 3:\n        return 2\n    elif n == 4:\n        return 3\n    else:\n        return cal_sum(n - 2) + cal_sum(n - 3)\n\n\ndef check(candidate):\n    assert candidate(9) == 49\n    assert candidate(10) == 66\n    assert candidate(11) == 88\n\ndef test_check():\n    check(cal_sum)\n\ntest_check()\n",
      "timestamp": 1666123316,
      "stdout": "",
      "stderr": "Traceback (most recent call last):\n  File \"/tmp/tmp0kmla588.py\", line 23, in <module>\n    test_check()\n  File \"/tmp/tmp0kmla588.py\", line 21, in test_check\n    check(cal_sum)\n  File \"/tmp/tmp0kmla588.py\", line 16, in check\n    assert candidate(9) == 49\nAssertionError\n",
      "exit_code": 1,
      "status": "Exception"
    },
    {
      "program": "def cal_sum(n: int) -> int:\n    \"\"\"\n\tWrite a function to calculate the sum of perrin numbers.\n\t\"\"\"\n    if n == 0:\n        return 3\n    elif n == 1:\n        return 0\n    elif n == 2:\n        return 2\n    else:\n        return cal_sum(n - 2) + cal_sum(n - 3)\n\n\ndef check(candidate):\n    assert candidate(9) == 49\n    assert candidate(10) == 66\n    assert candidate(11) == 88\n\ndef test_check():\n    check(cal_sum)\n\ntest_check()\n",
      "timestamp": 1665510083,
      "stdout": "",
      "stderr": "Traceback (most recent call last):\n  File \"/tmp/tmp4o3j07ub.py\", line 23, in <module>\n    test_check()\n  File \"/tmp/tmp4o3j07ub.py\", line 21, in test_check\n    check(cal_sum)\n  File \"/tmp/tmp4o3j07ub.py\", line 16, in check\n    assert candidate(9) == 49\nAssertionError\n",
      "exit_code": 1,
      "status": "Exception"
    },
    {
      "program": "def cal_sum(n: int) -> int:\n    \"\"\"\n\tWrite a function to calculate the sum of perrin numbers.\n\t\"\"\"\n    if n == 0:\n        return 3\n    elif n == 1:\n        return 0\n    elif n == 2:\n        return 2\n    else:\n        return cal_sum(n - 2) + cal_sum(n - 3)\n\n\ndef check(candidate):\n    assert candidate(9) == 49\n    assert candidate(10) == 66\n    assert candidate(11) == 88\n\ndef test_check():\n    check(cal_sum)\n\ntest_check()\n",
      "timestamp": 1665510083,
      "stdout": "",
      "stderr": "Traceback (most recent call last):\n  File \"/tmp/tmp4o3j07ub.py\", line 23, in <module>\n    test_check()\n  File \"/tmp/tmp4o3j07ub.py\", line 21, in test_check\n    check(cal_sum)\n  File \"/tmp/tmp4o3j07ub.py\", line 16, in check\n    assert candidate(9) == 49\nAssertionError\n",
      "exit_code": 1,
      "status": "Exception"
    },
    {
      "program": "def cal_sum(n: int) -> int:\n    \"\"\"\n\tWrite a function to calculate the sum of perrin numbers.\n\t\"\"\"\n    a, b, c = 3, 0, 2\n    for i in range(n - 1):\n        a, b, c = b, c, a + b\n    return a\n\n\ndef check(candidate):\n    assert candidate(9) == 49\n    assert candidate(10) == 66\n    assert candidate(11) == 88\n\ndef test_check():\n    check(cal_sum)\n\ntest_check()\n",
      "timestamp": 1666123316,
      "stdout": "",
      "stderr": "Traceback (most recent call last):\n  File \"/tmp/tmp_d7czmu8.py\", line 19, in <module>\n    test_check()\n  File \"/tmp/tmp_d7czmu8.py\", line 17, in test_check\n    check(cal_sum)\n  File \"/tmp/tmp_d7czmu8.py\", line 12, in check\n    assert candidate(9) == 49\nAssertionError\n",
      "exit_code": 1,
      "status": "Exception"
    },
    {
      "program": "def cal_sum(n: int) -> int:\n    \"\"\"\n\tWrite a function to calculate the sum of perrin numbers.\n\t\"\"\"\n    if n < 3:\n        return 0\n    elif n == 3:\n        return 2\n    else:\n        return cal_sum(n - 2) + cal_sum(n - 3)\n\n\ndef check(candidate):\n    assert candidate(9) == 49\n    assert candidate(10) == 66\n    assert candidate(11) == 88\n\ndef test_check():\n    check(cal_sum)\n\ntest_check()\n",
      "timestamp": 1665510083,
      "stdout": "",
      "stderr": "Traceback (most recent call last):\n  File \"/tmp/tmpiq5ko55i.py\", line 21, in <module>\n    test_check()\n  File \"/tmp/tmpiq5ko55i.py\", line 19, in test_check\n    check(cal_sum)\n  File \"/tmp/tmpiq5ko55i.py\", line 14, in check\n    assert candidate(9) == 49\nAssertionError\n",
      "exit_code": 1,
      "status": "Exception"
    },
    {
      "program": "def cal_sum(n: int) -> int:\n    \"\"\"\n\tWrite a function to calculate the sum of perrin numbers.\n\t\"\"\"\n    if n == 1:\n        return 3\n    elif n == 2:\n        return 0\n    elif n == 3:\n        return 2\n    else:\n        return cal_sum(n - 2) + cal_sum(n - 3)\n\n\ndef check(candidate):\n    assert candidate(9) == 49\n    assert candidate(10) == 66\n    assert candidate(11) == 88\n\ndef test_check():\n    check(cal_sum)\n\ntest_check()\n",
      "timestamp": 1665510083,
      "stdout": "",
      "stderr": "Traceback (most recent call last):\n  File \"/tmp/tmpzect441u.py\", line 23, in <module>\n    test_check()\n  File \"/tmp/tmpzect441u.py\", line 21, in test_check\n    check(cal_sum)\n  File \"/tmp/tmpzect441u.py\", line 16, in check\n    assert candidate(9) == 49\nAssertionError\n",
      "exit_code": 1,
      "status": "Exception"
    },
    {
      "program": "def cal_sum(n: int) -> int:\n    \"\"\"\n\tWrite a function to calculate the sum of perrin numbers.\n\t\"\"\"\n    if n == 1:\n        return 3\n    elif n == 2:\n        return 0\n    elif n == 3:\n        return 2\n    else:\n        return cal_sum(n - 2) + cal_sum(n - 3)\n\n\ndef check(candidate):\n    assert candidate(9) == 49\n    assert candidate(10) == 66\n    assert candidate(11) == 88\n\ndef test_check():\n    check(cal_sum)\n\ntest_check()\n",
      "timestamp": 1665510083,
      "stdout": "",
      "stderr": "Traceback (most recent call last):\n  File \"/tmp/tmpzect441u.py\", line 23, in <module>\n    test_check()\n  File \"/tmp/tmpzect441u.py\", line 21, in test_check\n    check(cal_sum)\n  File \"/tmp/tmpzect441u.py\", line 16, in check\n    assert candidate(9) == 49\nAssertionError\n",
      "exit_code": 1,
      "status": "Exception"
    },
    {
      "program": "def cal_sum(n: int) -> int:\n    \"\"\"\n\tWrite a function to calculate the sum of perrin numbers.\n\t\"\"\"\n    if n < 3:\n        return 0\n    elif n == 3:\n        return 2\n    else:\n        return cal_sum(n - 2) + cal_sum(n - 3)\n\n\ndef check(candidate):\n    assert candidate(9) == 49\n    assert candidate(10) == 66\n    assert candidate(11) == 88\n\ndef test_check():\n    check(cal_sum)\n\ntest_check()\n",
      "timestamp": 1665510083,
      "stdout": "",
      "stderr": "Traceback (most recent call last):\n  File \"/tmp/tmpiq5ko55i.py\", line 21, in <module>\n    test_check()\n  File \"/tmp/tmpiq5ko55i.py\", line 19, in test_check\n    check(cal_sum)\n  File \"/tmp/tmpiq5ko55i.py\", line 14, in check\n    assert candidate(9) == 49\nAssertionError\n",
      "exit_code": 1,
      "status": "Exception"
    },
    {
      "program": "def cal_sum(n: int) -> int:\n    \"\"\"\n\tWrite a function to calculate the sum of perrin numbers.\n\t\"\"\"\n    if n == 0:\n        return 3\n    elif n == 1:\n        return 0\n    elif n == 2:\n        return 2\n    else:\n        return cal_sum(n - 2) + cal_sum(n - 3)\n\n\ndef check(candidate):\n    assert candidate(9) == 49\n    assert candidate(10) == 66\n    assert candidate(11) == 88\n\ndef test_check():\n    check(cal_sum)\n\ntest_check()\n",
      "timestamp": 1665510083,
      "stdout": "",
      "stderr": "Traceback (most recent call last):\n  File \"/tmp/tmp4o3j07ub.py\", line 23, in <module>\n    test_check()\n  File \"/tmp/tmp4o3j07ub.py\", line 21, in test_check\n    check(cal_sum)\n  File \"/tmp/tmp4o3j07ub.py\", line 16, in check\n    assert candidate(9) == 49\nAssertionError\n",
      "exit_code": 1,
      "status": "Exception"
    },
    {
      "program": "def cal_sum(n: int) -> int:\n    \"\"\"\n\tWrite a function to calculate the sum of perrin numbers.\n\t\"\"\"\n    if n < 0:\n        return 0\n    elif n == 0:\n        return 3\n    elif n == 1:\n        return 0\n    elif n == 2:\n        return 2\n    else:\n        return cal_sum(n - 2) + cal_sum(n - 3)\n\n\ndef check(candidate):\n    assert candidate(9) == 49\n    assert candidate(10) == 66\n    assert candidate(11) == 88\n\ndef test_check():\n    check(cal_sum)\n\ntest_check()\n",
      "timestamp": 1665510083,
      "stdout": "",
      "stderr": "Traceback (most recent call last):\n  File \"/tmp/tmpp5sye5nq.py\", line 25, in <module>\n    test_check()\n  File \"/tmp/tmpp5sye5nq.py\", line 23, in test_check\n    check(cal_sum)\n  File \"/tmp/tmpp5sye5nq.py\", line 18, in check\n    assert candidate(9) == 49\nAssertionError\n",
      "exit_code": 1,
      "status": "Exception"
    },
    {
      "program": "def cal_sum(n: int) -> int:\n    \"\"\"\n\tWrite a function to calculate the sum of perrin numbers.\n\t\"\"\"\n    perrin = [3, 0, 2]\n    if n < 3:\n        return perrin[n]\n    for i in range(3, n + 1):\n        perrin.append(perrin[i - 2] + perrin[i - 3])\n    return perrin[n]\n\n\ndef check(candidate):\n    assert candidate(9) == 49\n    assert candidate(10) == 66\n    assert candidate(11) == 88\n\ndef test_check():\n    check(cal_sum)\n\ntest_check()\n",
      "timestamp": 1666123316,
      "stdout": "",
      "stderr": "Traceback (most recent call last):\n  File \"/tmp/tmpl23xdef3.py\", line 21, in <module>\n    test_check()\n  File \"/tmp/tmpl23xdef3.py\", line 19, in test_check\n    check(cal_sum)\n  File \"/tmp/tmpl23xdef3.py\", line 14, in check\n    assert candidate(9) == 49\nAssertionError\n",
      "exit_code": 1,
      "status": "Exception"
    },
    {
      "program": "def cal_sum(n: int) -> int:\n    \"\"\"\n\tWrite a function to calculate the sum of perrin numbers.\n\t\"\"\"\n    if n < 3:\n        return 0\n    if n == 3:\n        return 2\n    if n == 4:\n        return 3\n    if n == 5:\n        return 5\n    return cal_sum(n - 2) + cal_sum(n - 3)\n\n\ndef check(candidate):\n    assert candidate(9) == 49\n    assert candidate(10) == 66\n    assert candidate(11) == 88\n\ndef test_check():\n    check(cal_sum)\n\ntest_check()\n",
      "timestamp": 1666123316,
      "stdout": "",
      "stderr": "Traceback (most recent call last):\n  File \"/tmp/tmpq5ut146j.py\", line 24, in <module>\n    test_check()\n  File \"/tmp/tmpq5ut146j.py\", line 22, in test_check\n    check(cal_sum)\n  File \"/tmp/tmpq5ut146j.py\", line 17, in check\n    assert candidate(9) == 49\nAssertionError\n",
      "exit_code": 1,
      "status": "Exception"
    },
    {
      "program": "def cal_sum(n: int) -> int:\n    \"\"\"\n\tWrite a function to calculate the sum of perrin numbers.\n\t\"\"\"\n    if n < 3:\n        return 0\n    elif n == 3:\n        return 2\n    else:\n        return cal_sum(n - 2) + cal_sum(n - 3)\n\n\ndef check(candidate):\n    assert candidate(9) == 49\n    assert candidate(10) == 66\n    assert candidate(11) == 88\n\ndef test_check():\n    check(cal_sum)\n\ntest_check()\n",
      "timestamp": 1665510083,
      "stdout": "",
      "stderr": "Traceback (most recent call last):\n  File \"/tmp/tmpiq5ko55i.py\", line 21, in <module>\n    test_check()\n  File \"/tmp/tmpiq5ko55i.py\", line 19, in test_check\n    check(cal_sum)\n  File \"/tmp/tmpiq5ko55i.py\", line 14, in check\n    assert candidate(9) == 49\nAssertionError\n",
      "exit_code": 1,
      "status": "Exception"
    },
    {
      "program": "def cal_sum(n: int) -> int:\n    \"\"\"\n\tWrite a function to calculate the sum of perrin numbers.\n\t\"\"\"\n    a, b, c = 3, 0, 2\n    for i in range(n - 2):\n        a, b, c = b, c, a + b\n    return a + b + c\n\n\ndef check(candidate):\n    assert candidate(9) == 49\n    assert candidate(10) == 66\n    assert candidate(11) == 88\n\ndef test_check():\n    check(cal_sum)\n\ntest_check()\n",
      "timestamp": 1666123316,
      "stdout": "",
      "stderr": "Traceback (most recent call last):\n  File \"/tmp/tmp2tyr0efn.py\", line 19, in <module>\n    test_check()\n  File \"/tmp/tmp2tyr0efn.py\", line 17, in test_check\n    check(cal_sum)\n  File \"/tmp/tmp2tyr0efn.py\", line 12, in check\n    assert candidate(9) == 49\nAssertionError\n",
      "exit_code": 1,
      "status": "Exception"
    },
    {
      "program": "def cal_sum(n: int) -> int:\n    \"\"\"\n\tWrite a function to calculate the sum of perrin numbers.\n\t\"\"\"\n    if n < 0:\n        return 0\n    elif n == 0:\n        return 3\n    elif n == 1:\n        return 0\n    elif n == 2:\n        return 2\n    else:\n        return cal_sum(n - 2) + cal_sum(n - 3)\n\n\ndef check(candidate):\n    assert candidate(9) == 49\n    assert candidate(10) == 66\n    assert candidate(11) == 88\n\ndef test_check():\n    check(cal_sum)\n\ntest_check()\n",
      "timestamp": 1665510083,
      "stdout": "",
      "stderr": "Traceback (most recent call last):\n  File \"/tmp/tmpp5sye5nq.py\", line 25, in <module>\n    test_check()\n  File \"/tmp/tmpp5sye5nq.py\", line 23, in test_check\n    check(cal_sum)\n  File \"/tmp/tmpp5sye5nq.py\", line 18, in check\n    assert candidate(9) == 49\nAssertionError\n",
      "exit_code": 1,
      "status": "Exception"
    },
    {
      "program": "def cal_sum(n: int) -> int:\n    \"\"\"\n\tWrite a function to calculate the sum of perrin numbers.\n\t\"\"\"\n    if n < 0:\n        return 0\n    if n == 0:\n        return 3\n    if n == 1:\n        return 0\n    if n == 2:\n        return 2\n    if n == 3:\n        return 3\n    return cal_sum(n - 2) + cal_sum(n - 3)\n\n\ndef check(candidate):\n    assert candidate(9) == 49\n    assert candidate(10) == 66\n    assert candidate(11) == 88\n\ndef test_check():\n    check(cal_sum)\n\ntest_check()\n",
      "timestamp": 1665510083,
      "stdout": "",
      "stderr": "Traceback (most recent call last):\n  File \"/tmp/tmp31fzayv7.py\", line 26, in <module>\n    test_check()\n  File \"/tmp/tmp31fzayv7.py\", line 24, in test_check\n    check(cal_sum)\n  File \"/tmp/tmp31fzayv7.py\", line 19, in check\n    assert candidate(9) == 49\nAssertionError\n",
      "exit_code": 1,
      "status": "Exception"
    },
    {
      "program": "def cal_sum(n: int) -> int:\n    \"\"\"\n\tWrite a function to calculate the sum of perrin numbers.\n\t\"\"\"\n    if n < 0:\n        return 0\n    if n == 0:\n        return 3\n    if n == 1:\n        return 0\n    if n == 2:\n        return 2\n    if n == 3:\n        return 3\n    return cal_sum(n - 2) + cal_sum(n - 3)\n\n\ndef check(candidate):\n    assert candidate(9) == 49\n    assert candidate(10) == 66\n    assert candidate(11) == 88\n\ndef test_check():\n    check(cal_sum)\n\ntest_check()\n",
      "timestamp": 1665510083,
      "stdout": "",
      "stderr": "Traceback (most recent call last):\n  File \"/tmp/tmp31fzayv7.py\", line 26, in <module>\n    test_check()\n  File \"/tmp/tmp31fzayv7.py\", line 24, in test_check\n    check(cal_sum)\n  File \"/tmp/tmp31fzayv7.py\", line 19, in check\n    assert candidate(9) == 49\nAssertionError\n",
      "exit_code": 1,
      "status": "Exception"
    },
    {
      "program": "def cal_sum(n: int) -> int:\n    \"\"\"\n\tWrite a function to calculate the sum of perrin numbers.\n\t\"\"\"\n    if n == 0:\n        return 3\n    elif n == 1:\n        return 0\n    elif n == 2:\n        return 2\n    else:\n        return cal_sum(n - 2) + cal_sum(n - 3)\n\n\ndef check(candidate):\n    assert candidate(9) == 49\n    assert candidate(10) == 66\n    assert candidate(11) == 88\n\ndef test_check():\n    check(cal_sum)\n\ntest_check()\n",
      "timestamp": 1665510083,
      "stdout": "",
      "stderr": "Traceback (most recent call last):\n  File \"/tmp/tmp4o3j07ub.py\", line 23, in <module>\n    test_check()\n  File \"/tmp/tmp4o3j07ub.py\", line 21, in test_check\n    check(cal_sum)\n  File \"/tmp/tmp4o3j07ub.py\", line 16, in check\n    assert candidate(9) == 49\nAssertionError\n",
      "exit_code": 1,
      "status": "Exception"
    },
    {
      "program": "def cal_sum(n: int) -> int:\n    \"\"\"\n\tWrite a function to calculate the sum of perrin numbers.\n\t\"\"\"\n    if n < 3:\n        return 0\n    elif n == 3:\n        return 2\n    else:\n        return cal_sum(n - 2) + cal_sum(n - 3)\n\n\ndef check(candidate):\n    assert candidate(9) == 49\n    assert candidate(10) == 66\n    assert candidate(11) == 88\n\ndef test_check():\n    check(cal_sum)\n\ntest_check()\n",
      "timestamp": 1665510083,
      "stdout": "",
      "stderr": "Traceback (most recent call last):\n  File \"/tmp/tmpiq5ko55i.py\", line 21, in <module>\n    test_check()\n  File \"/tmp/tmpiq5ko55i.py\", line 19, in test_check\n    check(cal_sum)\n  File \"/tmp/tmpiq5ko55i.py\", line 14, in check\n    assert candidate(9) == 49\nAssertionError\n",
      "exit_code": 1,
      "status": "Exception"
    },
    {
      "program": "def cal_sum(n: int) -> int:\n    \"\"\"\n\tWrite a function to calculate the sum of perrin numbers.\n\t\"\"\"\n    if n < 0:\n        return 0\n    if n == 0:\n        return 3\n    if n == 1:\n        return 0\n    if n == 2:\n        return 2\n    return cal_sum(n - 2) + cal_sum(n - 3)\n\n\ndef check(candidate):\n    assert candidate(9) == 49\n    assert candidate(10) == 66\n    assert candidate(11) == 88\n\ndef test_check():\n    check(cal_sum)\n\ntest_check()\n",
      "timestamp": 1665510083,
      "stdout": "",
      "stderr": "Traceback (most recent call last):\n  File \"/tmp/tmp_7hrr48t.py\", line 24, in <module>\n    test_check()\n  File \"/tmp/tmp_7hrr48t.py\", line 22, in test_check\n    check(cal_sum)\n  File \"/tmp/tmp_7hrr48t.py\", line 17, in check\n    assert candidate(9) == 49\nAssertionError\n",
      "exit_code": 1,
      "status": "Exception"
    },
    {
      "program": "def cal_sum(n: int) -> int:\n    \"\"\"\n\tWrite a function to calculate the sum of perrin numbers.\n\t\"\"\"\n    if n == 0:\n        return 3\n    elif n == 1:\n        return 0\n    elif n == 2:\n        return 2\n    else:\n        return cal_sum(n - 2) + cal_sum(n - 3)\n\n\ndef check(candidate):\n    assert candidate(9) == 49\n    assert candidate(10) == 66\n    assert candidate(11) == 88\n\ndef test_check():\n    check(cal_sum)\n\ntest_check()\n",
      "timestamp": 1665510083,
      "stdout": "",
      "stderr": "Traceback (most recent call last):\n  File \"/tmp/tmp4o3j07ub.py\", line 23, in <module>\n    test_check()\n  File \"/tmp/tmp4o3j07ub.py\", line 21, in test_check\n    check(cal_sum)\n  File \"/tmp/tmp4o3j07ub.py\", line 16, in check\n    assert candidate(9) == 49\nAssertionError\n",
      "exit_code": 1,
      "status": "Exception"
    },
    {
      "program": "def cal_sum(n: int) -> int:\n    \"\"\"\n\tWrite a function to calculate the sum of perrin numbers.\n\t\"\"\"\n    if n == 0:\n        return 3\n    elif n == 1:\n        return 0\n    elif n == 2:\n        return 2\n    else:\n        return cal_sum(n - 2) + cal_sum(n - 3)\n\n\ndef check(candidate):\n    assert candidate(9) == 49\n    assert candidate(10) == 66\n    assert candidate(11) == 88\n\ndef test_check():\n    check(cal_sum)\n\ntest_check()\n",
      "timestamp": 1665510083,
      "stdout": "",
      "stderr": "Traceback (most recent call last):\n  File \"/tmp/tmp4o3j07ub.py\", line 23, in <module>\n    test_check()\n  File \"/tmp/tmp4o3j07ub.py\", line 21, in test_check\n    check(cal_sum)\n  File \"/tmp/tmp4o3j07ub.py\", line 16, in check\n    assert candidate(9) == 49\nAssertionError\n",
      "exit_code": 1,
      "status": "Exception"
    },
    {
      "program": "def cal_sum(n: int) -> int:\n    \"\"\"\n\tWrite a function to calculate the sum of perrin numbers.\n\t\"\"\"\n    if n == 0:\n        return 3\n    elif n == 1:\n        return 0\n    elif n == 2:\n        return 2\n    else:\n        return cal_sum(n - 2) + cal_sum(n - 3)\n\n\ndef check(candidate):\n    assert candidate(9) == 49\n    assert candidate(10) == 66\n    assert candidate(11) == 88\n\ndef test_check():\n    check(cal_sum)\n\ntest_check()\n",
      "timestamp": 1665510083,
      "stdout": "",
      "stderr": "Traceback (most recent call last):\n  File \"/tmp/tmp4o3j07ub.py\", line 23, in <module>\n    test_check()\n  File \"/tmp/tmp4o3j07ub.py\", line 21, in test_check\n    check(cal_sum)\n  File \"/tmp/tmp4o3j07ub.py\", line 16, in check\n    assert candidate(9) == 49\nAssertionError\n",
      "exit_code": 1,
      "status": "Exception"
    },
    {
      "program": "def cal_sum(n: int) -> int:\n    \"\"\"\n\tWrite a function to calculate the sum of perrin numbers.\n\t\"\"\"\n    if n < 3:\n        return 0\n    if n == 3:\n        return 2\n    if n == 4:\n        return 3\n    if n == 5:\n        return 5\n    if n == 6:\n        return 7\n    if n == 7:\n        return 12\n    if n == 8:\n        return 17\n    if n == 9:\n        return 28\n    if n == 10:\n        return 41\n    if n == 11:\n        return 68\n    if n == 12:\n        return 109\n    if n == 13:\n        return 177\n    if n == 14:\n        return 287\n    if n == 15:\n        return 464\n    if n == 16:\n        return 751\n    if n == 17:\n        return 1218\n    if n == 18:\n        return 1973\n    if n == 19:\n        return 3191\n    if n == 20:\n        return 5164\n    if n == 21:\n        return 8355\n    if n == 22:\n        return 13519\n    if n == 23:\n        return 21874\n    if n == 24:\n        return 35293\n    if n == 25:\n        return 57567\n    if n == 26:\n        return 92860\n    if n == 27:\n        return 150027\n    if n == 28:\n        return 242887\n    if n == 29:\n        return 392914\n    if n == 30:\n        return 635801\n    if n == 31:\n        return 1028705\n    if n == 32:\n        return 1657506\n    if n == 33:\n        return 2686211\n    if n == 34:\n        return 4343717\n    if n == 35:\n        return 7031928\n    if n == 36:\n        return 11369145\n    if n == 37:\n        return 18401063\n    if n == 38:\n        return 29842206\n    if n == 39:\n        return 48243269\n    if n == 40:\n        return 78485575\n    if n == 41:\n        return 126930144\n    if n == 42:\n        return 205415791\n    if n == 43:\n        return\ndef check(candidate):\n    assert candidate(9) == 49\n    assert candidate(10) == 66\n    assert candidate(11) == 88\n\ndef test_check():\n    check(cal_sum)\n\ntest_check()\n",
      "timestamp": 1666123316,
      "stdout": "",
      "stderr": "Traceback (most recent call last):\n  File \"/tmp/tmppabw27fz.py\", line 97, in <module>\n    test_check()\n  File \"/tmp/tmppabw27fz.py\", line 95, in test_check\n    check(cal_sum)\n  File \"/tmp/tmppabw27fz.py\", line 90, in check\n    assert candidate(9) == 49\nAssertionError\n",
      "exit_code": 1,
      "status": "Exception"
    },
    {
      "program": "def cal_sum(n: int) -> int:\n    \"\"\"\n\tWrite a function to calculate the sum of perrin numbers.\n\t\"\"\"\n    if n < 0:\n        return 0\n    if n == 0:\n        return 3\n    if n == 1:\n        return 0\n    if n == 2:\n        return 2\n    if n == 3:\n        return 3\n    return cal_sum(n - 2) + cal_sum(n - 3)\n\n\ndef check(candidate):\n    assert candidate(9) == 49\n    assert candidate(10) == 66\n    assert candidate(11) == 88\n\ndef test_check():\n    check(cal_sum)\n\ntest_check()\n",
      "timestamp": 1665510083,
      "stdout": "",
      "stderr": "Traceback (most recent call last):\n  File \"/tmp/tmp31fzayv7.py\", line 26, in <module>\n    test_check()\n  File \"/tmp/tmp31fzayv7.py\", line 24, in test_check\n    check(cal_sum)\n  File \"/tmp/tmp31fzayv7.py\", line 19, in check\n    assert candidate(9) == 49\nAssertionError\n",
      "exit_code": 1,
      "status": "Exception"
    },
    {
      "program": "def cal_sum(n: int) -> int:\n    \"\"\"\n\tWrite a function to calculate the sum of perrin numbers.\n\t\"\"\"\n    if n == 0:\n        return 3\n    elif n == 1:\n        return 0\n    elif n == 2:\n        return 2\n    else:\n        return cal_sum(n - 2) + cal_sum(n - 3)\n\n\ndef check(candidate):\n    assert candidate(9) == 49\n    assert candidate(10) == 66\n    assert candidate(11) == 88\n\ndef test_check():\n    check(cal_sum)\n\ntest_check()\n",
      "timestamp": 1665510083,
      "stdout": "",
      "stderr": "Traceback (most recent call last):\n  File \"/tmp/tmp4o3j07ub.py\", line 23, in <module>\n    test_check()\n  File \"/tmp/tmp4o3j07ub.py\", line 21, in test_check\n    check(cal_sum)\n  File \"/tmp/tmp4o3j07ub.py\", line 16, in check\n    assert candidate(9) == 49\nAssertionError\n",
      "exit_code": 1,
      "status": "Exception"
    },
    {
      "program": "def cal_sum(n: int) -> int:\n    \"\"\"\n\tWrite a function to calculate the sum of perrin numbers.\n\t\"\"\"\n    if n == 0:\n        return 3\n    elif n == 1:\n        return 0\n    elif n == 2:\n        return 2\n    else:\n        return cal_sum(n - 2) + cal_sum(n - 3)\n\n\ndef check(candidate):\n    assert candidate(9) == 49\n    assert candidate(10) == 66\n    assert candidate(11) == 88\n\ndef test_check():\n    check(cal_sum)\n\ntest_check()\n",
      "timestamp": 1665510083,
      "stdout": "",
      "stderr": "Traceback (most recent call last):\n  File \"/tmp/tmp4o3j07ub.py\", line 23, in <module>\n    test_check()\n  File \"/tmp/tmp4o3j07ub.py\", line 21, in test_check\n    check(cal_sum)\n  File \"/tmp/tmp4o3j07ub.py\", line 16, in check\n    assert candidate(9) == 49\nAssertionError\n",
      "exit_code": 1,
      "status": "Exception"
    },
    {
      "program": "def cal_sum(n: int) -> int:\n    \"\"\"\n\tWrite a function to calculate the sum of perrin numbers.\n\t\"\"\"\n    if n < 0:\n        return 0\n    elif n == 0:\n        return 3\n    elif n == 1:\n        return 0\n    elif n == 2:\n        return 2\n    else:\n        return cal_sum(n - 2) + cal_sum(n - 3)\n\n\ndef check(candidate):\n    assert candidate(9) == 49\n    assert candidate(10) == 66\n    assert candidate(11) == 88\n\ndef test_check():\n    check(cal_sum)\n\ntest_check()\n",
      "timestamp": 1665510083,
      "stdout": "",
      "stderr": "Traceback (most recent call last):\n  File \"/tmp/tmpp5sye5nq.py\", line 25, in <module>\n    test_check()\n  File \"/tmp/tmpp5sye5nq.py\", line 23, in test_check\n    check(cal_sum)\n  File \"/tmp/tmpp5sye5nq.py\", line 18, in check\n    assert candidate(9) == 49\nAssertionError\n",
      "exit_code": 1,
      "status": "Exception"
    },
    {
      "program": "def cal_sum(n: int) -> int:\n    \"\"\"\n\tWrite a function to calculate the sum of perrin numbers.\n\t\"\"\"\n    if n < 2:\n        return 0\n    if n == 2:\n        return 2\n    if n == 3:\n        return 3\n    if n == 4:\n        return 2\n    a, b, c = 2, 3, 2\n    for i in range(5, n + 1):\n        a, b, c = b, c, a + b\n    return c\n\n\ndef check(candidate):\n    assert candidate(9) == 49\n    assert candidate(10) == 66\n    assert candidate(11) == 88\n\ndef test_check():\n    check(cal_sum)\n\ntest_check()\n",
      "timestamp": 1666123316,
      "stdout": "",
      "stderr": "Traceback (most recent call last):\n  File \"/tmp/tmpoi2zpjo7.py\", line 27, in <module>\n    test_check()\n  File \"/tmp/tmpoi2zpjo7.py\", line 25, in test_check\n    check(cal_sum)\n  File \"/tmp/tmpoi2zpjo7.py\", line 20, in check\n    assert candidate(9) == 49\nAssertionError\n",
      "exit_code": 1,
      "status": "Exception"
    },
    {
      "program": "def cal_sum(n: int) -> int:\n    \"\"\"\n\tWrite a function to calculate the sum of perrin numbers.\n\t\"\"\"\n    if n <= 2:\n        return 0\n    elif n == 3:\n        return 2\n    else:\n        return cal_sum(n - 2) + cal_sum(n - 3)\n\n\ndef check(candidate):\n    assert candidate(9) == 49\n    assert candidate(10) == 66\n    assert candidate(11) == 88\n\ndef test_check():\n    check(cal_sum)\n\ntest_check()\n",
      "timestamp": 1666123316,
      "stdout": "",
      "stderr": "Traceback (most recent call last):\n  File \"/tmp/tmps4513j6y.py\", line 21, in <module>\n    test_check()\n  File \"/tmp/tmps4513j6y.py\", line 19, in test_check\n    check(cal_sum)\n  File \"/tmp/tmps4513j6y.py\", line 14, in check\n    assert candidate(9) == 49\nAssertionError\n",
      "exit_code": 1,
      "status": "Exception"
    },
    {
      "program": "def cal_sum(n: int) -> int:\n    \"\"\"\n\tWrite a function to calculate the sum of perrin numbers.\n\t\"\"\"\n    if n < 3:\n        return 0\n    if n == 3:\n        return 2\n    if n == 4:\n        return 3\n    if n == 5:\n        return 5\n    return cal_sum(n - 2) + cal_sum(n - 3)\n\n\ndef check(candidate):\n    assert candidate(9) == 49\n    assert candidate(10) == 66\n    assert candidate(11) == 88\n\ndef test_check():\n    check(cal_sum)\n\ntest_check()\n",
      "timestamp": 1666123316,
      "stdout": "",
      "stderr": "Traceback (most recent call last):\n  File \"/tmp/tmpq5ut146j.py\", line 24, in <module>\n    test_check()\n  File \"/tmp/tmpq5ut146j.py\", line 22, in test_check\n    check(cal_sum)\n  File \"/tmp/tmpq5ut146j.py\", line 17, in check\n    assert candidate(9) == 49\nAssertionError\n",
      "exit_code": 1,
      "status": "Exception"
    },
    {
      "program": "def cal_sum(n: int) -> int:\n    \"\"\"\n\tWrite a function to calculate the sum of perrin numbers.\n\t\"\"\"\n    if n == 0:\n        return 3\n    elif n == 1:\n        return 0\n    elif n == 2:\n        return 2\n    else:\n        return cal_sum(n - 2) + cal_sum(n - 3)\n\n\ndef check(candidate):\n    assert candidate(9) == 49\n    assert candidate(10) == 66\n    assert candidate(11) == 88\n\ndef test_check():\n    check(cal_sum)\n\ntest_check()\n",
      "timestamp": 1665510083,
      "stdout": "",
      "stderr": "Traceback (most recent call last):\n  File \"/tmp/tmp4o3j07ub.py\", line 23, in <module>\n    test_check()\n  File \"/tmp/tmp4o3j07ub.py\", line 21, in test_check\n    check(cal_sum)\n  File \"/tmp/tmp4o3j07ub.py\", line 16, in check\n    assert candidate(9) == 49\nAssertionError\n",
      "exit_code": 1,
      "status": "Exception"
    },
    {
      "program": "def cal_sum(n: int) -> int:\n    \"\"\"\n\tWrite a function to calculate the sum of perrin numbers.\n\t\"\"\"\n    if n < 3:\n        return 0\n    elif n == 3:\n        return 2\n    else:\n        return cal_sum(n - 2) + cal_sum(n - 3)\n\n\ndef check(candidate):\n    assert candidate(9) == 49\n    assert candidate(10) == 66\n    assert candidate(11) == 88\n\ndef test_check():\n    check(cal_sum)\n\ntest_check()\n",
      "timestamp": 1665510083,
      "stdout": "",
      "stderr": "Traceback (most recent call last):\n  File \"/tmp/tmpiq5ko55i.py\", line 21, in <module>\n    test_check()\n  File \"/tmp/tmpiq5ko55i.py\", line 19, in test_check\n    check(cal_sum)\n  File \"/tmp/tmpiq5ko55i.py\", line 14, in check\n    assert candidate(9) == 49\nAssertionError\n",
      "exit_code": 1,
      "status": "Exception"
    },
    {
      "program": "def cal_sum(n: int) -> int:\n    \"\"\"\n\tWrite a function to calculate the sum of perrin numbers.\n\t\"\"\"\n    if n == 0:\n        return 3\n    elif n == 1:\n        return 0\n    elif n == 2:\n        return 2\n    else:\n        return cal_sum(n - 2) + cal_sum(n - 3)\n\n\ndef check(candidate):\n    assert candidate(9) == 49\n    assert candidate(10) == 66\n    assert candidate(11) == 88\n\ndef test_check():\n    check(cal_sum)\n\ntest_check()\n",
      "timestamp": 1665510083,
      "stdout": "",
      "stderr": "Traceback (most recent call last):\n  File \"/tmp/tmp4o3j07ub.py\", line 23, in <module>\n    test_check()\n  File \"/tmp/tmp4o3j07ub.py\", line 21, in test_check\n    check(cal_sum)\n  File \"/tmp/tmp4o3j07ub.py\", line 16, in check\n    assert candidate(9) == 49\nAssertionError\n",
      "exit_code": 1,
      "status": "Exception"
    },
    {
      "program": "def cal_sum(n: int) -> int:\n    \"\"\"\n\tWrite a function to calculate the sum of perrin numbers.\n\t\"\"\"\n    if n < 0:\n        return 0\n    if n == 0:\n        return 3\n    if n == 1:\n        return 0\n    if n == 2:\n        return 2\n    if n == 3:\n        return 3\n    return cal_sum(n - 2) + cal_sum(n - 3)\n\n\ndef check(candidate):\n    assert candidate(9) == 49\n    assert candidate(10) == 66\n    assert candidate(11) == 88\n\ndef test_check():\n    check(cal_sum)\n\ntest_check()\n",
      "timestamp": 1665510083,
      "stdout": "",
      "stderr": "Traceback (most recent call last):\n  File \"/tmp/tmp31fzayv7.py\", line 26, in <module>\n    test_check()\n  File \"/tmp/tmp31fzayv7.py\", line 24, in test_check\n    check(cal_sum)\n  File \"/tmp/tmp31fzayv7.py\", line 19, in check\n    assert candidate(9) == 49\nAssertionError\n",
      "exit_code": 1,
      "status": "Exception"
    },
    {
      "program": "def cal_sum(n: int) -> int:\n    \"\"\"\n\tWrite a function to calculate the sum of perrin numbers.\n\t\"\"\"\n    if n == 0:\n        return 3\n    elif n == 1:\n        return 0\n    elif n == 2:\n        return 2\n    else:\n        return cal_sum(n - 2) + cal_sum(n - 3)\n\n\ndef check(candidate):\n    assert candidate(9) == 49\n    assert candidate(10) == 66\n    assert candidate(11) == 88\n\ndef test_check():\n    check(cal_sum)\n\ntest_check()\n",
      "timestamp": 1665510083,
      "stdout": "",
      "stderr": "Traceback (most recent call last):\n  File \"/tmp/tmp4o3j07ub.py\", line 23, in <module>\n    test_check()\n  File \"/tmp/tmp4o3j07ub.py\", line 21, in test_check\n    check(cal_sum)\n  File \"/tmp/tmp4o3j07ub.py\", line 16, in check\n    assert candidate(9) == 49\nAssertionError\n",
      "exit_code": 1,
      "status": "Exception"
    },
    {
      "program": "def cal_sum(n: int) -> int:\n    \"\"\"\n\tWrite a function to calculate the sum of perrin numbers.\n\t\"\"\"\n    if n < 0:\n        return 0\n    if n == 0:\n        return 3\n    if n == 1:\n        return 0\n    if n == 2:\n        return 2\n    if n == 3:\n        return 3\n    return cal_sum(n - 2) + cal_sum(n - 3)\n\n\ndef check(candidate):\n    assert candidate(9) == 49\n    assert candidate(10) == 66\n    assert candidate(11) == 88\n\ndef test_check():\n    check(cal_sum)\n\ntest_check()\n",
      "timestamp": 1665510083,
      "stdout": "",
      "stderr": "Traceback (most recent call last):\n  File \"/tmp/tmp31fzayv7.py\", line 26, in <module>\n    test_check()\n  File \"/tmp/tmp31fzayv7.py\", line 24, in test_check\n    check(cal_sum)\n  File \"/tmp/tmp31fzayv7.py\", line 19, in check\n    assert candidate(9) == 49\nAssertionError\n",
      "exit_code": 1,
      "status": "Exception"
    },
    {
      "program": "def cal_sum(n: int) -> int:\n    \"\"\"\n\tWrite a function to calculate the sum of perrin numbers.\n\t\"\"\"\n    if n < 3:\n        return 0\n    elif n == 3:\n        return 2\n    else:\n        return cal_sum(n - 2) + cal_sum(n - 3)\n\n\ndef check(candidate):\n    assert candidate(9) == 49\n    assert candidate(10) == 66\n    assert candidate(11) == 88\n\ndef test_check():\n    check(cal_sum)\n\ntest_check()\n",
      "timestamp": 1665510083,
      "stdout": "",
      "stderr": "Traceback (most recent call last):\n  File \"/tmp/tmpiq5ko55i.py\", line 21, in <module>\n    test_check()\n  File \"/tmp/tmpiq5ko55i.py\", line 19, in test_check\n    check(cal_sum)\n  File \"/tmp/tmpiq5ko55i.py\", line 14, in check\n    assert candidate(9) == 49\nAssertionError\n",
      "exit_code": 1,
      "status": "Exception"
    },
    {
      "program": "def cal_sum(n: int) -> int:\n    \"\"\"\n\tWrite a function to calculate the sum of perrin numbers.\n\t\"\"\"\n    if n == 0:\n        return 3\n    elif n == 1:\n        return 0\n    elif n == 2:\n        return 2\n    else:\n        return cal_sum(n - 2) + cal_sum(n - 3)\n\n\ndef check(candidate):\n    assert candidate(9) == 49\n    assert candidate(10) == 66\n    assert candidate(11) == 88\n\ndef test_check():\n    check(cal_sum)\n\ntest_check()\n",
      "timestamp": 1665510083,
      "stdout": "",
      "stderr": "Traceback (most recent call last):\n  File \"/tmp/tmp4o3j07ub.py\", line 23, in <module>\n    test_check()\n  File \"/tmp/tmp4o3j07ub.py\", line 21, in test_check\n    check(cal_sum)\n  File \"/tmp/tmp4o3j07ub.py\", line 16, in check\n    assert candidate(9) == 49\nAssertionError\n",
      "exit_code": 1,
      "status": "Exception"
    }
  ]
}