{
  "name": "mbpp_264_dog_age",
  "language": "py",
  "prompt": "def dog_age(h_age: int) -> int:\n    \"\"\"\n\tWrite a function to calculate a dog's age in dog's years.\n\t\"\"\"\n",
  "doctests": "transform",
  "original": "/home/arjun/repos/MultiPL-E/datasets/../datasets/mbpp-typed/mbpp_264_dog_age.py",
  "prompt_terminology": "reworded",
  "tests": "def check(candidate):\n    assert candidate(12) == 61\n    assert candidate(15) == 73\n    assert candidate(24) == 109\n\ndef test_check():\n    check(dog_age)\n\ntest_check()\n",
  "stop_tokens": [
    "\ndef",
    "\n#",
    "\nif",
    "\nclass"
  ],
  "results": [
    {
      "program": "def dog_age(h_age: int) -> int:\n    \"\"\"\n\tWrite a function to calculate a dog's age in dog's years.\n\t\"\"\"\n    return h_age * 7\n\n\ndef check(candidate):\n    assert candidate(12) == 61\n    assert candidate(15) == 73\n    assert candidate(24) == 109\n\ndef test_check():\n    check(dog_age)\n\ntest_check()\n",
      "timestamp": 1665509899,
      "stdout": "",
      "stderr": "Traceback (most recent call last):\n  File \"/tmp/tmp8h27ck4j.py\", line 16, in <module>\n    test_check()\n  File \"/tmp/tmp8h27ck4j.py\", line 14, in test_check\n    check(dog_age)\n  File \"/tmp/tmp8h27ck4j.py\", line 9, in check\n    assert candidate(12) == 61\nAssertionError\n",
      "exit_code": 1,
      "status": "Exception"
    },
    {
      "program": "def dog_age(h_age: int) -> int:\n    \"\"\"\n\tWrite a function to calculate a dog's age in dog's years.\n\t\"\"\"\n    return h_age * 7\n\n\ndef check(candidate):\n    assert candidate(12) == 61\n    assert candidate(15) == 73\n    assert candidate(24) == 109\n\ndef test_check():\n    check(dog_age)\n\ntest_check()\n",
      "timestamp": 1665509899,
      "stdout": "",
      "stderr": "Traceback (most recent call last):\n  File \"/tmp/tmp8h27ck4j.py\", line 16, in <module>\n    test_check()\n  File \"/tmp/tmp8h27ck4j.py\", line 14, in test_check\n    check(dog_age)\n  File \"/tmp/tmp8h27ck4j.py\", line 9, in check\n    assert candidate(12) == 61\nAssertionError\n",
      "exit_code": 1,
      "status": "Exception"
    },
    {
      "program": "def dog_age(h_age: int) -> int:\n    \"\"\"\n\tWrite a function to calculate a dog's age in dog's years.\n\t\"\"\"\n    return h_age * 7\n\n\ndef check(candidate):\n    assert candidate(12) == 61\n    assert candidate(15) == 73\n    assert candidate(24) == 109\n\ndef test_check():\n    check(dog_age)\n\ntest_check()\n",
      "timestamp": 1665509899,
      "stdout": "",
      "stderr": "Traceback (most recent call last):\n  File \"/tmp/tmp8h27ck4j.py\", line 16, in <module>\n    test_check()\n  File \"/tmp/tmp8h27ck4j.py\", line 14, in test_check\n    check(dog_age)\n  File \"/tmp/tmp8h27ck4j.py\", line 9, in check\n    assert candidate(12) == 61\nAssertionError\n",
      "exit_code": 1,
      "status": "Exception"
    },
    {
      "program": "def dog_age(h_age: int) -> int:\n    \"\"\"\n\tWrite a function to calculate a dog's age in dog's years.\n\t\"\"\"\n    return h_age * 7\n\n\ndef check(candidate):\n    assert candidate(12) == 61\n    assert candidate(15) == 73\n    assert candidate(24) == 109\n\ndef test_check():\n    check(dog_age)\n\ntest_check()\n",
      "timestamp": 1665509899,
      "stdout": "",
      "stderr": "Traceback (most recent call last):\n  File \"/tmp/tmp8h27ck4j.py\", line 16, in <module>\n    test_check()\n  File \"/tmp/tmp8h27ck4j.py\", line 14, in test_check\n    check(dog_age)\n  File \"/tmp/tmp8h27ck4j.py\", line 9, in check\n    assert candidate(12) == 61\nAssertionError\n",
      "exit_code": 1,
      "status": "Exception"
    },
    {
      "program": "def dog_age(h_age: int) -> int:\n    \"\"\"\n\tWrite a function to calculate a dog's age in dog's years.\n\t\"\"\"\n    return h_age * 7\n\n\ndef check(candidate):\n    assert candidate(12) == 61\n    assert candidate(15) == 73\n    assert candidate(24) == 109\n\ndef test_check():\n    check(dog_age)\n\ntest_check()\n",
      "timestamp": 1665509899,
      "stdout": "",
      "stderr": "Traceback (most recent call last):\n  File \"/tmp/tmp8h27ck4j.py\", line 16, in <module>\n    test_check()\n  File \"/tmp/tmp8h27ck4j.py\", line 14, in test_check\n    check(dog_age)\n  File \"/tmp/tmp8h27ck4j.py\", line 9, in check\n    assert candidate(12) == 61\nAssertionError\n",
      "exit_code": 1,
      "status": "Exception"
    },
    {
      "program": "def dog_age(h_age: int) -> int:\n    \"\"\"\n\tWrite a function to calculate a dog's age in dog's years.\n\t\"\"\"\n    return h_age * 7\n\n\ndef check(candidate):\n    assert candidate(12) == 61\n    assert candidate(15) == 73\n    assert candidate(24) == 109\n\ndef test_check():\n    check(dog_age)\n\ntest_check()\n",
      "timestamp": 1665509899,
      "stdout": "",
      "stderr": "Traceback (most recent call last):\n  File \"/tmp/tmp8h27ck4j.py\", line 16, in <module>\n    test_check()\n  File \"/tmp/tmp8h27ck4j.py\", line 14, in test_check\n    check(dog_age)\n  File \"/tmp/tmp8h27ck4j.py\", line 9, in check\n    assert candidate(12) == 61\nAssertionError\n",
      "exit_code": 1,
      "status": "Exception"
    },
    {
      "program": "def dog_age(h_age: int) -> int:\n    \"\"\"\n\tWrite a function to calculate a dog's age in dog's years.\n\t\"\"\"\n    return h_age * 7\n\n\ndef check(candidate):\n    assert candidate(12) == 61\n    assert candidate(15) == 73\n    assert candidate(24) == 109\n\ndef test_check():\n    check(dog_age)\n\ntest_check()\n",
      "timestamp": 1665509899,
      "stdout": "",
      "stderr": "Traceback (most recent call last):\n  File \"/tmp/tmp8h27ck4j.py\", line 16, in <module>\n    test_check()\n  File \"/tmp/tmp8h27ck4j.py\", line 14, in test_check\n    check(dog_age)\n  File \"/tmp/tmp8h27ck4j.py\", line 9, in check\n    assert candidate(12) == 61\nAssertionError\n",
      "exit_code": 1,
      "status": "Exception"
    },
    {
      "program": "def dog_age(h_age: int) -> int:\n    \"\"\"\n\tWrite a function to calculate a dog's age in dog's years.\n\t\"\"\"\n    return h_age * 7\n\n\ndef check(candidate):\n    assert candidate(12) == 61\n    assert candidate(15) == 73\n    assert candidate(24) == 109\n\ndef test_check():\n    check(dog_age)\n\ntest_check()\n",
      "timestamp": 1665509899,
      "stdout": "",
      "stderr": "Traceback (most recent call last):\n  File \"/tmp/tmp8h27ck4j.py\", line 16, in <module>\n    test_check()\n  File \"/tmp/tmp8h27ck4j.py\", line 14, in test_check\n    check(dog_age)\n  File \"/tmp/tmp8h27ck4j.py\", line 9, in check\n    assert candidate(12) == 61\nAssertionError\n",
      "exit_code": 1,
      "status": "Exception"
    },
    {
      "program": "def dog_age(h_age: int) -> int:\n    \"\"\"\n\tWrite a function to calculate a dog's age in dog's years.\n\t\"\"\"\n    return h_age * 7\n\n\ndef check(candidate):\n    assert candidate(12) == 61\n    assert candidate(15) == 73\n    assert candidate(24) == 109\n\ndef test_check():\n    check(dog_age)\n\ntest_check()\n",
      "timestamp": 1665509899,
      "stdout": "",
      "stderr": "Traceback (most recent call last):\n  File \"/tmp/tmp8h27ck4j.py\", line 16, in <module>\n    test_check()\n  File \"/tmp/tmp8h27ck4j.py\", line 14, in test_check\n    check(dog_age)\n  File \"/tmp/tmp8h27ck4j.py\", line 9, in check\n    assert candidate(12) == 61\nAssertionError\n",
      "exit_code": 1,
      "status": "Exception"
    },
    {
      "program": "def dog_age(h_age: int) -> int:\n    \"\"\"\n\tWrite a function to calculate a dog's age in dog's years.\n\t\"\"\"\n    return h_age * 7\n\n\ndef check(candidate):\n    assert candidate(12) == 61\n    assert candidate(15) == 73\n    assert candidate(24) == 109\n\ndef test_check():\n    check(dog_age)\n\ntest_check()\n",
      "timestamp": 1665509899,
      "stdout": "",
      "stderr": "Traceback (most recent call last):\n  File \"/tmp/tmp8h27ck4j.py\", line 16, in <module>\n    test_check()\n  File \"/tmp/tmp8h27ck4j.py\", line 14, in test_check\n    check(dog_age)\n  File \"/tmp/tmp8h27ck4j.py\", line 9, in check\n    assert candidate(12) == 61\nAssertionError\n",
      "exit_code": 1,
      "status": "Exception"
    },
    {
      "program": "def dog_age(h_age: int) -> int:\n    \"\"\"\n\tWrite a function to calculate a dog's age in dog's years.\n\t\"\"\"\n    return h_age * 7\n\n\ndef check(candidate):\n    assert candidate(12) == 61\n    assert candidate(15) == 73\n    assert candidate(24) == 109\n\ndef test_check():\n    check(dog_age)\n\ntest_check()\n",
      "timestamp": 1665509899,
      "stdout": "",
      "stderr": "Traceback (most recent call last):\n  File \"/tmp/tmp8h27ck4j.py\", line 16, in <module>\n    test_check()\n  File \"/tmp/tmp8h27ck4j.py\", line 14, in test_check\n    check(dog_age)\n  File \"/tmp/tmp8h27ck4j.py\", line 9, in check\n    assert candidate(12) == 61\nAssertionError\n",
      "exit_code": 1,
      "status": "Exception"
    },
    {
      "program": "def dog_age(h_age: int) -> int:\n    \"\"\"\n\tWrite a function to calculate a dog's age in dog's years.\n\t\"\"\"\n    return h_age * 7\n\n\ndef check(candidate):\n    assert candidate(12) == 61\n    assert candidate(15) == 73\n    assert candidate(24) == 109\n\ndef test_check():\n    check(dog_age)\n\ntest_check()\n",
      "timestamp": 1665509899,
      "stdout": "",
      "stderr": "Traceback (most recent call last):\n  File \"/tmp/tmp8h27ck4j.py\", line 16, in <module>\n    test_check()\n  File \"/tmp/tmp8h27ck4j.py\", line 14, in test_check\n    check(dog_age)\n  File \"/tmp/tmp8h27ck4j.py\", line 9, in check\n    assert candidate(12) == 61\nAssertionError\n",
      "exit_code": 1,
      "status": "Exception"
    },
    {
      "program": "def dog_age(h_age: int) -> int:\n    \"\"\"\n\tWrite a function to calculate a dog's age in dog's years.\n\t\"\"\"\n    return h_age * 7\n\n\ndef check(candidate):\n    assert candidate(12) == 61\n    assert candidate(15) == 73\n    assert candidate(24) == 109\n\ndef test_check():\n    check(dog_age)\n\ntest_check()\n",
      "timestamp": 1665509899,
      "stdout": "",
      "stderr": "Traceback (most recent call last):\n  File \"/tmp/tmp8h27ck4j.py\", line 16, in <module>\n    test_check()\n  File \"/tmp/tmp8h27ck4j.py\", line 14, in test_check\n    check(dog_age)\n  File \"/tmp/tmp8h27ck4j.py\", line 9, in check\n    assert candidate(12) == 61\nAssertionError\n",
      "exit_code": 1,
      "status": "Exception"
    },
    {
      "program": "def dog_age(h_age: int) -> int:\n    \"\"\"\n\tWrite a function to calculate a dog's age in dog's years.\n\t\"\"\"\n    return h_age * 7\n\n\ndef check(candidate):\n    assert candidate(12) == 61\n    assert candidate(15) == 73\n    assert candidate(24) == 109\n\ndef test_check():\n    check(dog_age)\n\ntest_check()\n",
      "timestamp": 1665509899,
      "stdout": "",
      "stderr": "Traceback (most recent call last):\n  File \"/tmp/tmp8h27ck4j.py\", line 16, in <module>\n    test_check()\n  File \"/tmp/tmp8h27ck4j.py\", line 14, in test_check\n    check(dog_age)\n  File \"/tmp/tmp8h27ck4j.py\", line 9, in check\n    assert candidate(12) == 61\nAssertionError\n",
      "exit_code": 1,
      "status": "Exception"
    },
    {
      "program": "def dog_age(h_age: int) -> int:\n    \"\"\"\n\tWrite a function to calculate a dog's age in dog's years.\n\t\"\"\"\n    return h_age * 7\n\n\ndef check(candidate):\n    assert candidate(12) == 61\n    assert candidate(15) == 73\n    assert candidate(24) == 109\n\ndef test_check():\n    check(dog_age)\n\ntest_check()\n",
      "timestamp": 1665509899,
      "stdout": "",
      "stderr": "Traceback (most recent call last):\n  File \"/tmp/tmp8h27ck4j.py\", line 16, in <module>\n    test_check()\n  File \"/tmp/tmp8h27ck4j.py\", line 14, in test_check\n    check(dog_age)\n  File \"/tmp/tmp8h27ck4j.py\", line 9, in check\n    assert candidate(12) == 61\nAssertionError\n",
      "exit_code": 1,
      "status": "Exception"
    },
    {
      "program": "def dog_age(h_age: int) -> int:\n    \"\"\"\n\tWrite a function to calculate a dog's age in dog's years.\n\t\"\"\"\n    return h_age * 7\n\n\ndef check(candidate):\n    assert candidate(12) == 61\n    assert candidate(15) == 73\n    assert candidate(24) == 109\n\ndef test_check():\n    check(dog_age)\n\ntest_check()\n",
      "timestamp": 1665509899,
      "stdout": "",
      "stderr": "Traceback (most recent call last):\n  File \"/tmp/tmp8h27ck4j.py\", line 16, in <module>\n    test_check()\n  File \"/tmp/tmp8h27ck4j.py\", line 14, in test_check\n    check(dog_age)\n  File \"/tmp/tmp8h27ck4j.py\", line 9, in check\n    assert candidate(12) == 61\nAssertionError\n",
      "exit_code": 1,
      "status": "Exception"
    },
    {
      "program": "def dog_age(h_age: int) -> int:\n    \"\"\"\n\tWrite a function to calculate a dog's age in dog's years.\n\t\"\"\"\n    return h_age * 7\n\n\ndef check(candidate):\n    assert candidate(12) == 61\n    assert candidate(15) == 73\n    assert candidate(24) == 109\n\ndef test_check():\n    check(dog_age)\n\ntest_check()\n",
      "timestamp": 1665509899,
      "stdout": "",
      "stderr": "Traceback (most recent call last):\n  File \"/tmp/tmp8h27ck4j.py\", line 16, in <module>\n    test_check()\n  File \"/tmp/tmp8h27ck4j.py\", line 14, in test_check\n    check(dog_age)\n  File \"/tmp/tmp8h27ck4j.py\", line 9, in check\n    assert candidate(12) == 61\nAssertionError\n",
      "exit_code": 1,
      "status": "Exception"
    },
    {
      "program": "def dog_age(h_age: int) -> int:\n    \"\"\"\n\tWrite a function to calculate a dog's age in dog's years.\n\t\"\"\"\n    return h_age * 7\n\n\ndef check(candidate):\n    assert candidate(12) == 61\n    assert candidate(15) == 73\n    assert candidate(24) == 109\n\ndef test_check():\n    check(dog_age)\n\ntest_check()\n",
      "timestamp": 1665509899,
      "stdout": "",
      "stderr": "Traceback (most recent call last):\n  File \"/tmp/tmp8h27ck4j.py\", line 16, in <module>\n    test_check()\n  File \"/tmp/tmp8h27ck4j.py\", line 14, in test_check\n    check(dog_age)\n  File \"/tmp/tmp8h27ck4j.py\", line 9, in check\n    assert candidate(12) == 61\nAssertionError\n",
      "exit_code": 1,
      "status": "Exception"
    },
    {
      "program": "def dog_age(h_age: int) -> int:\n    \"\"\"\n\tWrite a function to calculate a dog's age in dog's years.\n\t\"\"\"\n    return h_age * 7\n\n\ndef check(candidate):\n    assert candidate(12) == 61\n    assert candidate(15) == 73\n    assert candidate(24) == 109\n\ndef test_check():\n    check(dog_age)\n\ntest_check()\n",
      "timestamp": 1665509899,
      "stdout": "",
      "stderr": "Traceback (most recent call last):\n  File \"/tmp/tmp8h27ck4j.py\", line 16, in <module>\n    test_check()\n  File \"/tmp/tmp8h27ck4j.py\", line 14, in test_check\n    check(dog_age)\n  File \"/tmp/tmp8h27ck4j.py\", line 9, in check\n    assert candidate(12) == 61\nAssertionError\n",
      "exit_code": 1,
      "status": "Exception"
    },
    {
      "program": "def dog_age(h_age: int) -> int:\n    \"\"\"\n\tWrite a function to calculate a dog's age in dog's years.\n\t\"\"\"\n    return h_age * 7\n\n\ndef check(candidate):\n    assert candidate(12) == 61\n    assert candidate(15) == 73\n    assert candidate(24) == 109\n\ndef test_check():\n    check(dog_age)\n\ntest_check()\n",
      "timestamp": 1665509899,
      "stdout": "",
      "stderr": "Traceback (most recent call last):\n  File \"/tmp/tmp8h27ck4j.py\", line 16, in <module>\n    test_check()\n  File \"/tmp/tmp8h27ck4j.py\", line 14, in test_check\n    check(dog_age)\n  File \"/tmp/tmp8h27ck4j.py\", line 9, in check\n    assert candidate(12) == 61\nAssertionError\n",
      "exit_code": 1,
      "status": "Exception"
    },
    {
      "program": "def dog_age(h_age: int) -> int:\n    \"\"\"\n\tWrite a function to calculate a dog's age in dog's years.\n\t\"\"\"\n    return h_age * 7\n\n\ndef check(candidate):\n    assert candidate(12) == 61\n    assert candidate(15) == 73\n    assert candidate(24) == 109\n\ndef test_check():\n    check(dog_age)\n\ntest_check()\n",
      "timestamp": 1665509899,
      "stdout": "",
      "stderr": "Traceback (most recent call last):\n  File \"/tmp/tmp8h27ck4j.py\", line 16, in <module>\n    test_check()\n  File \"/tmp/tmp8h27ck4j.py\", line 14, in test_check\n    check(dog_age)\n  File \"/tmp/tmp8h27ck4j.py\", line 9, in check\n    assert candidate(12) == 61\nAssertionError\n",
      "exit_code": 1,
      "status": "Exception"
    },
    {
      "program": "def dog_age(h_age: int) -> int:\n    \"\"\"\n\tWrite a function to calculate a dog's age in dog's years.\n\t\"\"\"\n    return h_age * 7\n\n\ndef check(candidate):\n    assert candidate(12) == 61\n    assert candidate(15) == 73\n    assert candidate(24) == 109\n\ndef test_check():\n    check(dog_age)\n\ntest_check()\n",
      "timestamp": 1665509899,
      "stdout": "",
      "stderr": "Traceback (most recent call last):\n  File \"/tmp/tmp8h27ck4j.py\", line 16, in <module>\n    test_check()\n  File \"/tmp/tmp8h27ck4j.py\", line 14, in test_check\n    check(dog_age)\n  File \"/tmp/tmp8h27ck4j.py\", line 9, in check\n    assert candidate(12) == 61\nAssertionError\n",
      "exit_code": 1,
      "status": "Exception"
    },
    {
      "program": "def dog_age(h_age: int) -> int:\n    \"\"\"\n\tWrite a function to calculate a dog's age in dog's years.\n\t\"\"\"\n    return h_age * 7\n\n\ndef check(candidate):\n    assert candidate(12) == 61\n    assert candidate(15) == 73\n    assert candidate(24) == 109\n\ndef test_check():\n    check(dog_age)\n\ntest_check()\n",
      "timestamp": 1665509899,
      "stdout": "",
      "stderr": "Traceback (most recent call last):\n  File \"/tmp/tmp8h27ck4j.py\", line 16, in <module>\n    test_check()\n  File \"/tmp/tmp8h27ck4j.py\", line 14, in test_check\n    check(dog_age)\n  File \"/tmp/tmp8h27ck4j.py\", line 9, in check\n    assert candidate(12) == 61\nAssertionError\n",
      "exit_code": 1,
      "status": "Exception"
    },
    {
      "program": "def dog_age(h_age: int) -> int:\n    \"\"\"\n\tWrite a function to calculate a dog's age in dog's years.\n\t\"\"\"\n    return h_age * 7\n\n\ndef check(candidate):\n    assert candidate(12) == 61\n    assert candidate(15) == 73\n    assert candidate(24) == 109\n\ndef test_check():\n    check(dog_age)\n\ntest_check()\n",
      "timestamp": 1665509899,
      "stdout": "",
      "stderr": "Traceback (most recent call last):\n  File \"/tmp/tmp8h27ck4j.py\", line 16, in <module>\n    test_check()\n  File \"/tmp/tmp8h27ck4j.py\", line 14, in test_check\n    check(dog_age)\n  File \"/tmp/tmp8h27ck4j.py\", line 9, in check\n    assert candidate(12) == 61\nAssertionError\n",
      "exit_code": 1,
      "status": "Exception"
    },
    {
      "program": "def dog_age(h_age: int) -> int:\n    \"\"\"\n\tWrite a function to calculate a dog's age in dog's years.\n\t\"\"\"\n    return h_age * 7\n\n\ndef check(candidate):\n    assert candidate(12) == 61\n    assert candidate(15) == 73\n    assert candidate(24) == 109\n\ndef test_check():\n    check(dog_age)\n\ntest_check()\n",
      "timestamp": 1665509899,
      "stdout": "",
      "stderr": "Traceback (most recent call last):\n  File \"/tmp/tmp8h27ck4j.py\", line 16, in <module>\n    test_check()\n  File \"/tmp/tmp8h27ck4j.py\", line 14, in test_check\n    check(dog_age)\n  File \"/tmp/tmp8h27ck4j.py\", line 9, in check\n    assert candidate(12) == 61\nAssertionError\n",
      "exit_code": 1,
      "status": "Exception"
    },
    {
      "program": "def dog_age(h_age: int) -> int:\n    \"\"\"\n\tWrite a function to calculate a dog's age in dog's years.\n\t\"\"\"\n    return h_age * 7\n\n\ndef check(candidate):\n    assert candidate(12) == 61\n    assert candidate(15) == 73\n    assert candidate(24) == 109\n\ndef test_check():\n    check(dog_age)\n\ntest_check()\n",
      "timestamp": 1665509899,
      "stdout": "",
      "stderr": "Traceback (most recent call last):\n  File \"/tmp/tmp8h27ck4j.py\", line 16, in <module>\n    test_check()\n  File \"/tmp/tmp8h27ck4j.py\", line 14, in test_check\n    check(dog_age)\n  File \"/tmp/tmp8h27ck4j.py\", line 9, in check\n    assert candidate(12) == 61\nAssertionError\n",
      "exit_code": 1,
      "status": "Exception"
    },
    {
      "program": "def dog_age(h_age: int) -> int:\n    \"\"\"\n\tWrite a function to calculate a dog's age in dog's years.\n\t\"\"\"\n    return h_age * 7\n\n\ndef check(candidate):\n    assert candidate(12) == 61\n    assert candidate(15) == 73\n    assert candidate(24) == 109\n\ndef test_check():\n    check(dog_age)\n\ntest_check()\n",
      "timestamp": 1665509899,
      "stdout": "",
      "stderr": "Traceback (most recent call last):\n  File \"/tmp/tmp8h27ck4j.py\", line 16, in <module>\n    test_check()\n  File \"/tmp/tmp8h27ck4j.py\", line 14, in test_check\n    check(dog_age)\n  File \"/tmp/tmp8h27ck4j.py\", line 9, in check\n    assert candidate(12) == 61\nAssertionError\n",
      "exit_code": 1,
      "status": "Exception"
    },
    {
      "program": "def dog_age(h_age: int) -> int:\n    \"\"\"\n\tWrite a function to calculate a dog's age in dog's years.\n\t\"\"\"\n    return h_age * 7\n\n\ndef check(candidate):\n    assert candidate(12) == 61\n    assert candidate(15) == 73\n    assert candidate(24) == 109\n\ndef test_check():\n    check(dog_age)\n\ntest_check()\n",
      "timestamp": 1665509899,
      "stdout": "",
      "stderr": "Traceback (most recent call last):\n  File \"/tmp/tmp8h27ck4j.py\", line 16, in <module>\n    test_check()\n  File \"/tmp/tmp8h27ck4j.py\", line 14, in test_check\n    check(dog_age)\n  File \"/tmp/tmp8h27ck4j.py\", line 9, in check\n    assert candidate(12) == 61\nAssertionError\n",
      "exit_code": 1,
      "status": "Exception"
    },
    {
      "program": "def dog_age(h_age: int) -> int:\n    \"\"\"\n\tWrite a function to calculate a dog's age in dog's years.\n\t\"\"\"\n    return h_age * 7\n\n\ndef check(candidate):\n    assert candidate(12) == 61\n    assert candidate(15) == 73\n    assert candidate(24) == 109\n\ndef test_check():\n    check(dog_age)\n\ntest_check()\n",
      "timestamp": 1665509899,
      "stdout": "",
      "stderr": "Traceback (most recent call last):\n  File \"/tmp/tmp8h27ck4j.py\", line 16, in <module>\n    test_check()\n  File \"/tmp/tmp8h27ck4j.py\", line 14, in test_check\n    check(dog_age)\n  File \"/tmp/tmp8h27ck4j.py\", line 9, in check\n    assert candidate(12) == 61\nAssertionError\n",
      "exit_code": 1,
      "status": "Exception"
    },
    {
      "program": "def dog_age(h_age: int) -> int:\n    \"\"\"\n\tWrite a function to calculate a dog's age in dog's years.\n\t\"\"\"\n    return h_age * 7\n\n\ndef check(candidate):\n    assert candidate(12) == 61\n    assert candidate(15) == 73\n    assert candidate(24) == 109\n\ndef test_check():\n    check(dog_age)\n\ntest_check()\n",
      "timestamp": 1665509899,
      "stdout": "",
      "stderr": "Traceback (most recent call last):\n  File \"/tmp/tmp8h27ck4j.py\", line 16, in <module>\n    test_check()\n  File \"/tmp/tmp8h27ck4j.py\", line 14, in test_check\n    check(dog_age)\n  File \"/tmp/tmp8h27ck4j.py\", line 9, in check\n    assert candidate(12) == 61\nAssertionError\n",
      "exit_code": 1,
      "status": "Exception"
    },
    {
      "program": "def dog_age(h_age: int) -> int:\n    \"\"\"\n\tWrite a function to calculate a dog's age in dog's years.\n\t\"\"\"\n    return h_age * 7\n\n\ndef check(candidate):\n    assert candidate(12) == 61\n    assert candidate(15) == 73\n    assert candidate(24) == 109\n\ndef test_check():\n    check(dog_age)\n\ntest_check()\n",
      "timestamp": 1665509899,
      "stdout": "",
      "stderr": "Traceback (most recent call last):\n  File \"/tmp/tmp8h27ck4j.py\", line 16, in <module>\n    test_check()\n  File \"/tmp/tmp8h27ck4j.py\", line 14, in test_check\n    check(dog_age)\n  File \"/tmp/tmp8h27ck4j.py\", line 9, in check\n    assert candidate(12) == 61\nAssertionError\n",
      "exit_code": 1,
      "status": "Exception"
    },
    {
      "program": "def dog_age(h_age: int) -> int:\n    \"\"\"\n\tWrite a function to calculate a dog's age in dog's years.\n\t\"\"\"\n    return h_age * 7\n\n\ndef check(candidate):\n    assert candidate(12) == 61\n    assert candidate(15) == 73\n    assert candidate(24) == 109\n\ndef test_check():\n    check(dog_age)\n\ntest_check()\n",
      "timestamp": 1665509899,
      "stdout": "",
      "stderr": "Traceback (most recent call last):\n  File \"/tmp/tmp8h27ck4j.py\", line 16, in <module>\n    test_check()\n  File \"/tmp/tmp8h27ck4j.py\", line 14, in test_check\n    check(dog_age)\n  File \"/tmp/tmp8h27ck4j.py\", line 9, in check\n    assert candidate(12) == 61\nAssertionError\n",
      "exit_code": 1,
      "status": "Exception"
    },
    {
      "program": "def dog_age(h_age: int) -> int:\n    \"\"\"\n\tWrite a function to calculate a dog's age in dog's years.\n\t\"\"\"\n    return h_age * 7\n\n\ndef check(candidate):\n    assert candidate(12) == 61\n    assert candidate(15) == 73\n    assert candidate(24) == 109\n\ndef test_check():\n    check(dog_age)\n\ntest_check()\n",
      "timestamp": 1665509899,
      "stdout": "",
      "stderr": "Traceback (most recent call last):\n  File \"/tmp/tmp8h27ck4j.py\", line 16, in <module>\n    test_check()\n  File \"/tmp/tmp8h27ck4j.py\", line 14, in test_check\n    check(dog_age)\n  File \"/tmp/tmp8h27ck4j.py\", line 9, in check\n    assert candidate(12) == 61\nAssertionError\n",
      "exit_code": 1,
      "status": "Exception"
    },
    {
      "program": "def dog_age(h_age: int) -> int:\n    \"\"\"\n\tWrite a function to calculate a dog's age in dog's years.\n\t\"\"\"\n    return h_age * 7\n\n\nprint(dog_age(10))\n\n\ndef check(candidate):\n    assert candidate(12) == 61\n    assert candidate(15) == 73\n    assert candidate(24) == 109\n\ndef test_check():\n    check(dog_age)\n\ntest_check()\n",
      "timestamp": 1666122670,
      "stdout": "70\n",
      "stderr": "Traceback (most recent call last):\n  File \"/tmp/tmpz___b9hm.py\", line 19, in <module>\n    test_check()\n  File \"/tmp/tmpz___b9hm.py\", line 17, in test_check\n    check(dog_age)\n  File \"/tmp/tmpz___b9hm.py\", line 12, in check\n    assert candidate(12) == 61\nAssertionError\n",
      "exit_code": 1,
      "status": "Exception"
    },
    {
      "program": "def dog_age(h_age: int) -> int:\n    \"\"\"\n\tWrite a function to calculate a dog's age in dog's years.\n\t\"\"\"\n    return h_age * 7\n\n\ndef check(candidate):\n    assert candidate(12) == 61\n    assert candidate(15) == 73\n    assert candidate(24) == 109\n\ndef test_check():\n    check(dog_age)\n\ntest_check()\n",
      "timestamp": 1665509899,
      "stdout": "",
      "stderr": "Traceback (most recent call last):\n  File \"/tmp/tmp8h27ck4j.py\", line 16, in <module>\n    test_check()\n  File \"/tmp/tmp8h27ck4j.py\", line 14, in test_check\n    check(dog_age)\n  File \"/tmp/tmp8h27ck4j.py\", line 9, in check\n    assert candidate(12) == 61\nAssertionError\n",
      "exit_code": 1,
      "status": "Exception"
    },
    {
      "program": "def dog_age(h_age: int) -> int:\n    \"\"\"\n\tWrite a function to calculate a dog's age in dog's years.\n\t\"\"\"\n    return h_age * 7\n\n\ndef check(candidate):\n    assert candidate(12) == 61\n    assert candidate(15) == 73\n    assert candidate(24) == 109\n\ndef test_check():\n    check(dog_age)\n\ntest_check()\n",
      "timestamp": 1665509899,
      "stdout": "",
      "stderr": "Traceback (most recent call last):\n  File \"/tmp/tmp8h27ck4j.py\", line 16, in <module>\n    test_check()\n  File \"/tmp/tmp8h27ck4j.py\", line 14, in test_check\n    check(dog_age)\n  File \"/tmp/tmp8h27ck4j.py\", line 9, in check\n    assert candidate(12) == 61\nAssertionError\n",
      "exit_code": 1,
      "status": "Exception"
    },
    {
      "program": "def dog_age(h_age: int) -> int:\n    \"\"\"\n\tWrite a function to calculate a dog's age in dog's years.\n\t\"\"\"\n    return h_age * 7\n\n\ndef check(candidate):\n    assert candidate(12) == 61\n    assert candidate(15) == 73\n    assert candidate(24) == 109\n\ndef test_check():\n    check(dog_age)\n\ntest_check()\n",
      "timestamp": 1665509899,
      "stdout": "",
      "stderr": "Traceback (most recent call last):\n  File \"/tmp/tmp8h27ck4j.py\", line 16, in <module>\n    test_check()\n  File \"/tmp/tmp8h27ck4j.py\", line 14, in test_check\n    check(dog_age)\n  File \"/tmp/tmp8h27ck4j.py\", line 9, in check\n    assert candidate(12) == 61\nAssertionError\n",
      "exit_code": 1,
      "status": "Exception"
    },
    {
      "program": "def dog_age(h_age: int) -> int:\n    \"\"\"\n\tWrite a function to calculate a dog's age in dog's years.\n\t\"\"\"\n    return h_age * 7\n\n\ndef check(candidate):\n    assert candidate(12) == 61\n    assert candidate(15) == 73\n    assert candidate(24) == 109\n\ndef test_check():\n    check(dog_age)\n\ntest_check()\n",
      "timestamp": 1665509899,
      "stdout": "",
      "stderr": "Traceback (most recent call last):\n  File \"/tmp/tmp8h27ck4j.py\", line 16, in <module>\n    test_check()\n  File \"/tmp/tmp8h27ck4j.py\", line 14, in test_check\n    check(dog_age)\n  File \"/tmp/tmp8h27ck4j.py\", line 9, in check\n    assert candidate(12) == 61\nAssertionError\n",
      "exit_code": 1,
      "status": "Exception"
    },
    {
      "program": "def dog_age(h_age: int) -> int:\n    \"\"\"\n\tWrite a function to calculate a dog's age in dog's years.\n\t\"\"\"\n    return h_age * 7\n\n\ndef check(candidate):\n    assert candidate(12) == 61\n    assert candidate(15) == 73\n    assert candidate(24) == 109\n\ndef test_check():\n    check(dog_age)\n\ntest_check()\n",
      "timestamp": 1665509899,
      "stdout": "",
      "stderr": "Traceback (most recent call last):\n  File \"/tmp/tmp8h27ck4j.py\", line 16, in <module>\n    test_check()\n  File \"/tmp/tmp8h27ck4j.py\", line 14, in test_check\n    check(dog_age)\n  File \"/tmp/tmp8h27ck4j.py\", line 9, in check\n    assert candidate(12) == 61\nAssertionError\n",
      "exit_code": 1,
      "status": "Exception"
    },
    {
      "program": "def dog_age(h_age: int) -> int:\n    \"\"\"\n\tWrite a function to calculate a dog's age in dog's years.\n\t\"\"\"\n    return h_age * 7\n\n\ndef check(candidate):\n    assert candidate(12) == 61\n    assert candidate(15) == 73\n    assert candidate(24) == 109\n\ndef test_check():\n    check(dog_age)\n\ntest_check()\n",
      "timestamp": 1665509899,
      "stdout": "",
      "stderr": "Traceback (most recent call last):\n  File \"/tmp/tmp8h27ck4j.py\", line 16, in <module>\n    test_check()\n  File \"/tmp/tmp8h27ck4j.py\", line 14, in test_check\n    check(dog_age)\n  File \"/tmp/tmp8h27ck4j.py\", line 9, in check\n    assert candidate(12) == 61\nAssertionError\n",
      "exit_code": 1,
      "status": "Exception"
    },
    {
      "program": "def dog_age(h_age: int) -> int:\n    \"\"\"\n\tWrite a function to calculate a dog's age in dog's years.\n\t\"\"\"\n    return h_age * 7\n\n\ndef check(candidate):\n    assert candidate(12) == 61\n    assert candidate(15) == 73\n    assert candidate(24) == 109\n\ndef test_check():\n    check(dog_age)\n\ntest_check()\n",
      "timestamp": 1665509899,
      "stdout": "",
      "stderr": "Traceback (most recent call last):\n  File \"/tmp/tmp8h27ck4j.py\", line 16, in <module>\n    test_check()\n  File \"/tmp/tmp8h27ck4j.py\", line 14, in test_check\n    check(dog_age)\n  File \"/tmp/tmp8h27ck4j.py\", line 9, in check\n    assert candidate(12) == 61\nAssertionError\n",
      "exit_code": 1,
      "status": "Exception"
    },
    {
      "program": "def dog_age(h_age: int) -> int:\n    \"\"\"\n\tWrite a function to calculate a dog's age in dog's years.\n\t\"\"\"\n    return h_age * 7\n\n\ndef check(candidate):\n    assert candidate(12) == 61\n    assert candidate(15) == 73\n    assert candidate(24) == 109\n\ndef test_check():\n    check(dog_age)\n\ntest_check()\n",
      "timestamp": 1665509899,
      "stdout": "",
      "stderr": "Traceback (most recent call last):\n  File \"/tmp/tmp8h27ck4j.py\", line 16, in <module>\n    test_check()\n  File \"/tmp/tmp8h27ck4j.py\", line 14, in test_check\n    check(dog_age)\n  File \"/tmp/tmp8h27ck4j.py\", line 9, in check\n    assert candidate(12) == 61\nAssertionError\n",
      "exit_code": 1,
      "status": "Exception"
    },
    {
      "program": "def dog_age(h_age: int) -> int:\n    \"\"\"\n\tWrite a function to calculate a dog's age in dog's years.\n\t\"\"\"\n    return h_age * 7\n\n\ndef check(candidate):\n    assert candidate(12) == 61\n    assert candidate(15) == 73\n    assert candidate(24) == 109\n\ndef test_check():\n    check(dog_age)\n\ntest_check()\n",
      "timestamp": 1665509899,
      "stdout": "",
      "stderr": "Traceback (most recent call last):\n  File \"/tmp/tmp8h27ck4j.py\", line 16, in <module>\n    test_check()\n  File \"/tmp/tmp8h27ck4j.py\", line 14, in test_check\n    check(dog_age)\n  File \"/tmp/tmp8h27ck4j.py\", line 9, in check\n    assert candidate(12) == 61\nAssertionError\n",
      "exit_code": 1,
      "status": "Exception"
    },
    {
      "program": "def dog_age(h_age: int) -> int:\n    \"\"\"\n\tWrite a function to calculate a dog's age in dog's years.\n\t\"\"\"\n    return h_age * 7\n\n\ndef check(candidate):\n    assert candidate(12) == 61\n    assert candidate(15) == 73\n    assert candidate(24) == 109\n\ndef test_check():\n    check(dog_age)\n\ntest_check()\n",
      "timestamp": 1665509899,
      "stdout": "",
      "stderr": "Traceback (most recent call last):\n  File \"/tmp/tmp8h27ck4j.py\", line 16, in <module>\n    test_check()\n  File \"/tmp/tmp8h27ck4j.py\", line 14, in test_check\n    check(dog_age)\n  File \"/tmp/tmp8h27ck4j.py\", line 9, in check\n    assert candidate(12) == 61\nAssertionError\n",
      "exit_code": 1,
      "status": "Exception"
    },
    {
      "program": "def dog_age(h_age: int) -> int:\n    \"\"\"\n\tWrite a function to calculate a dog's age in dog's years.\n\t\"\"\"\n    return h_age * 7\n\n\ndef check(candidate):\n    assert candidate(12) == 61\n    assert candidate(15) == 73\n    assert candidate(24) == 109\n\ndef test_check():\n    check(dog_age)\n\ntest_check()\n",
      "timestamp": 1665509899,
      "stdout": "",
      "stderr": "Traceback (most recent call last):\n  File \"/tmp/tmp8h27ck4j.py\", line 16, in <module>\n    test_check()\n  File \"/tmp/tmp8h27ck4j.py\", line 14, in test_check\n    check(dog_age)\n  File \"/tmp/tmp8h27ck4j.py\", line 9, in check\n    assert candidate(12) == 61\nAssertionError\n",
      "exit_code": 1,
      "status": "Exception"
    },
    {
      "program": "def dog_age(h_age: int) -> int:\n    \"\"\"\n\tWrite a function to calculate a dog's age in dog's years.\n\t\"\"\"\n    return h_age * 7\n\n\ndef check(candidate):\n    assert candidate(12) == 61\n    assert candidate(15) == 73\n    assert candidate(24) == 109\n\ndef test_check():\n    check(dog_age)\n\ntest_check()\n",
      "timestamp": 1665509899,
      "stdout": "",
      "stderr": "Traceback (most recent call last):\n  File \"/tmp/tmp8h27ck4j.py\", line 16, in <module>\n    test_check()\n  File \"/tmp/tmp8h27ck4j.py\", line 14, in test_check\n    check(dog_age)\n  File \"/tmp/tmp8h27ck4j.py\", line 9, in check\n    assert candidate(12) == 61\nAssertionError\n",
      "exit_code": 1,
      "status": "Exception"
    },
    {
      "program": "def dog_age(h_age: int) -> int:\n    \"\"\"\n\tWrite a function to calculate a dog's age in dog's years.\n\t\"\"\"\n    return h_age * 7\n\n\ndef check(candidate):\n    assert candidate(12) == 61\n    assert candidate(15) == 73\n    assert candidate(24) == 109\n\ndef test_check():\n    check(dog_age)\n\ntest_check()\n",
      "timestamp": 1665509899,
      "stdout": "",
      "stderr": "Traceback (most recent call last):\n  File \"/tmp/tmp8h27ck4j.py\", line 16, in <module>\n    test_check()\n  File \"/tmp/tmp8h27ck4j.py\", line 14, in test_check\n    check(dog_age)\n  File \"/tmp/tmp8h27ck4j.py\", line 9, in check\n    assert candidate(12) == 61\nAssertionError\n",
      "exit_code": 1,
      "status": "Exception"
    },
    {
      "program": "def dog_age(h_age: int) -> int:\n    \"\"\"\n\tWrite a function to calculate a dog's age in dog's years.\n\t\"\"\"\n    return h_age * 7\n\n\ndef check(candidate):\n    assert candidate(12) == 61\n    assert candidate(15) == 73\n    assert candidate(24) == 109\n\ndef test_check():\n    check(dog_age)\n\ntest_check()\n",
      "timestamp": 1665509899,
      "stdout": "",
      "stderr": "Traceback (most recent call last):\n  File \"/tmp/tmp8h27ck4j.py\", line 16, in <module>\n    test_check()\n  File \"/tmp/tmp8h27ck4j.py\", line 14, in test_check\n    check(dog_age)\n  File \"/tmp/tmp8h27ck4j.py\", line 9, in check\n    assert candidate(12) == 61\nAssertionError\n",
      "exit_code": 1,
      "status": "Exception"
    },
    {
      "program": "def dog_age(h_age: int) -> int:\n    \"\"\"\n\tWrite a function to calculate a dog's age in dog's years.\n\t\"\"\"\n    return h_age * 7\n\n\ndef check(candidate):\n    assert candidate(12) == 61\n    assert candidate(15) == 73\n    assert candidate(24) == 109\n\ndef test_check():\n    check(dog_age)\n\ntest_check()\n",
      "timestamp": 1665509899,
      "stdout": "",
      "stderr": "Traceback (most recent call last):\n  File \"/tmp/tmp8h27ck4j.py\", line 16, in <module>\n    test_check()\n  File \"/tmp/tmp8h27ck4j.py\", line 14, in test_check\n    check(dog_age)\n  File \"/tmp/tmp8h27ck4j.py\", line 9, in check\n    assert candidate(12) == 61\nAssertionError\n",
      "exit_code": 1,
      "status": "Exception"
    },
    {
      "program": "def dog_age(h_age: int) -> int:\n    \"\"\"\n\tWrite a function to calculate a dog's age in dog's years.\n\t\"\"\"\n    return h_age * 7\n\n\ndef check(candidate):\n    assert candidate(12) == 61\n    assert candidate(15) == 73\n    assert candidate(24) == 109\n\ndef test_check():\n    check(dog_age)\n\ntest_check()\n",
      "timestamp": 1665509899,
      "stdout": "",
      "stderr": "Traceback (most recent call last):\n  File \"/tmp/tmp8h27ck4j.py\", line 16, in <module>\n    test_check()\n  File \"/tmp/tmp8h27ck4j.py\", line 14, in test_check\n    check(dog_age)\n  File \"/tmp/tmp8h27ck4j.py\", line 9, in check\n    assert candidate(12) == 61\nAssertionError\n",
      "exit_code": 1,
      "status": "Exception"
    },
    {
      "program": "def dog_age(h_age: int) -> int:\n    \"\"\"\n\tWrite a function to calculate a dog's age in dog's years.\n\t\"\"\"\n    return h_age * 7\n\n\ndef check(candidate):\n    assert candidate(12) == 61\n    assert candidate(15) == 73\n    assert candidate(24) == 109\n\ndef test_check():\n    check(dog_age)\n\ntest_check()\n",
      "timestamp": 1665509899,
      "stdout": "",
      "stderr": "Traceback (most recent call last):\n  File \"/tmp/tmp8h27ck4j.py\", line 16, in <module>\n    test_check()\n  File \"/tmp/tmp8h27ck4j.py\", line 14, in test_check\n    check(dog_age)\n  File \"/tmp/tmp8h27ck4j.py\", line 9, in check\n    assert candidate(12) == 61\nAssertionError\n",
      "exit_code": 1,
      "status": "Exception"
    },
    {
      "program": "def dog_age(h_age: int) -> int:\n    \"\"\"\n\tWrite a function to calculate a dog's age in dog's years.\n\t\"\"\"\n    return h_age * 7\n\n\ndef check(candidate):\n    assert candidate(12) == 61\n    assert candidate(15) == 73\n    assert candidate(24) == 109\n\ndef test_check():\n    check(dog_age)\n\ntest_check()\n",
      "timestamp": 1665509899,
      "stdout": "",
      "stderr": "Traceback (most recent call last):\n  File \"/tmp/tmp8h27ck4j.py\", line 16, in <module>\n    test_check()\n  File \"/tmp/tmp8h27ck4j.py\", line 14, in test_check\n    check(dog_age)\n  File \"/tmp/tmp8h27ck4j.py\", line 9, in check\n    assert candidate(12) == 61\nAssertionError\n",
      "exit_code": 1,
      "status": "Exception"
    },
    {
      "program": "def dog_age(h_age: int) -> int:\n    \"\"\"\n\tWrite a function to calculate a dog's age in dog's years.\n\t\"\"\"\n    return h_age * 7\n\n\ndef check(candidate):\n    assert candidate(12) == 61\n    assert candidate(15) == 73\n    assert candidate(24) == 109\n\ndef test_check():\n    check(dog_age)\n\ntest_check()\n",
      "timestamp": 1665509899,
      "stdout": "",
      "stderr": "Traceback (most recent call last):\n  File \"/tmp/tmp8h27ck4j.py\", line 16, in <module>\n    test_check()\n  File \"/tmp/tmp8h27ck4j.py\", line 14, in test_check\n    check(dog_age)\n  File \"/tmp/tmp8h27ck4j.py\", line 9, in check\n    assert candidate(12) == 61\nAssertionError\n",
      "exit_code": 1,
      "status": "Exception"
    },
    {
      "program": "def dog_age(h_age: int) -> int:\n    \"\"\"\n\tWrite a function to calculate a dog's age in dog's years.\n\t\"\"\"\n    return h_age * 7\n\n\ndef check(candidate):\n    assert candidate(12) == 61\n    assert candidate(15) == 73\n    assert candidate(24) == 109\n\ndef test_check():\n    check(dog_age)\n\ntest_check()\n",
      "timestamp": 1665509899,
      "stdout": "",
      "stderr": "Traceback (most recent call last):\n  File \"/tmp/tmp8h27ck4j.py\", line 16, in <module>\n    test_check()\n  File \"/tmp/tmp8h27ck4j.py\", line 14, in test_check\n    check(dog_age)\n  File \"/tmp/tmp8h27ck4j.py\", line 9, in check\n    assert candidate(12) == 61\nAssertionError\n",
      "exit_code": 1,
      "status": "Exception"
    },
    {
      "program": "def dog_age(h_age: int) -> int:\n    \"\"\"\n\tWrite a function to calculate a dog's age in dog's years.\n\t\"\"\"\n    return h_age * 7\n\n\ndef check(candidate):\n    assert candidate(12) == 61\n    assert candidate(15) == 73\n    assert candidate(24) == 109\n\ndef test_check():\n    check(dog_age)\n\ntest_check()\n",
      "timestamp": 1665509899,
      "stdout": "",
      "stderr": "Traceback (most recent call last):\n  File \"/tmp/tmp8h27ck4j.py\", line 16, in <module>\n    test_check()\n  File \"/tmp/tmp8h27ck4j.py\", line 14, in test_check\n    check(dog_age)\n  File \"/tmp/tmp8h27ck4j.py\", line 9, in check\n    assert candidate(12) == 61\nAssertionError\n",
      "exit_code": 1,
      "status": "Exception"
    },
    {
      "program": "def dog_age(h_age: int) -> int:\n    \"\"\"\n\tWrite a function to calculate a dog's age in dog's years.\n\t\"\"\"\n    return h_age * 7\n\n\ndef check(candidate):\n    assert candidate(12) == 61\n    assert candidate(15) == 73\n    assert candidate(24) == 109\n\ndef test_check():\n    check(dog_age)\n\ntest_check()\n",
      "timestamp": 1665509899,
      "stdout": "",
      "stderr": "Traceback (most recent call last):\n  File \"/tmp/tmp8h27ck4j.py\", line 16, in <module>\n    test_check()\n  File \"/tmp/tmp8h27ck4j.py\", line 14, in test_check\n    check(dog_age)\n  File \"/tmp/tmp8h27ck4j.py\", line 9, in check\n    assert candidate(12) == 61\nAssertionError\n",
      "exit_code": 1,
      "status": "Exception"
    },
    {
      "program": "def dog_age(h_age: int) -> int:\n    \"\"\"\n\tWrite a function to calculate a dog's age in dog's years.\n\t\"\"\"\n    return h_age * 7\n\n\ndef check(candidate):\n    assert candidate(12) == 61\n    assert candidate(15) == 73\n    assert candidate(24) == 109\n\ndef test_check():\n    check(dog_age)\n\ntest_check()\n",
      "timestamp": 1665509899,
      "stdout": "",
      "stderr": "Traceback (most recent call last):\n  File \"/tmp/tmp8h27ck4j.py\", line 16, in <module>\n    test_check()\n  File \"/tmp/tmp8h27ck4j.py\", line 14, in test_check\n    check(dog_age)\n  File \"/tmp/tmp8h27ck4j.py\", line 9, in check\n    assert candidate(12) == 61\nAssertionError\n",
      "exit_code": 1,
      "status": "Exception"
    },
    {
      "program": "def dog_age(h_age: int) -> int:\n    \"\"\"\n\tWrite a function to calculate a dog's age in dog's years.\n\t\"\"\"\n    return h_age * 7\n\n\ndef check(candidate):\n    assert candidate(12) == 61\n    assert candidate(15) == 73\n    assert candidate(24) == 109\n\ndef test_check():\n    check(dog_age)\n\ntest_check()\n",
      "timestamp": 1665509899,
      "stdout": "",
      "stderr": "Traceback (most recent call last):\n  File \"/tmp/tmp8h27ck4j.py\", line 16, in <module>\n    test_check()\n  File \"/tmp/tmp8h27ck4j.py\", line 14, in test_check\n    check(dog_age)\n  File \"/tmp/tmp8h27ck4j.py\", line 9, in check\n    assert candidate(12) == 61\nAssertionError\n",
      "exit_code": 1,
      "status": "Exception"
    },
    {
      "program": "def dog_age(h_age: int) -> int:\n    \"\"\"\n\tWrite a function to calculate a dog's age in dog's years.\n\t\"\"\"\n    return h_age * 7\n\n\ndef check(candidate):\n    assert candidate(12) == 61\n    assert candidate(15) == 73\n    assert candidate(24) == 109\n\ndef test_check():\n    check(dog_age)\n\ntest_check()\n",
      "timestamp": 1665509899,
      "stdout": "",
      "stderr": "Traceback (most recent call last):\n  File \"/tmp/tmp8h27ck4j.py\", line 16, in <module>\n    test_check()\n  File \"/tmp/tmp8h27ck4j.py\", line 14, in test_check\n    check(dog_age)\n  File \"/tmp/tmp8h27ck4j.py\", line 9, in check\n    assert candidate(12) == 61\nAssertionError\n",
      "exit_code": 1,
      "status": "Exception"
    },
    {
      "program": "def dog_age(h_age: int) -> int:\n    \"\"\"\n\tWrite a function to calculate a dog's age in dog's years.\n\t\"\"\"\n    return h_age * 7\n\n\ndef check(candidate):\n    assert candidate(12) == 61\n    assert candidate(15) == 73\n    assert candidate(24) == 109\n\ndef test_check():\n    check(dog_age)\n\ntest_check()\n",
      "timestamp": 1665509899,
      "stdout": "",
      "stderr": "Traceback (most recent call last):\n  File \"/tmp/tmp8h27ck4j.py\", line 16, in <module>\n    test_check()\n  File \"/tmp/tmp8h27ck4j.py\", line 14, in test_check\n    check(dog_age)\n  File \"/tmp/tmp8h27ck4j.py\", line 9, in check\n    assert candidate(12) == 61\nAssertionError\n",
      "exit_code": 1,
      "status": "Exception"
    },
    {
      "program": "def dog_age(h_age: int) -> int:\n    \"\"\"\n\tWrite a function to calculate a dog's age in dog's years.\n\t\"\"\"\n    return h_age * 7\n\n\ndef check(candidate):\n    assert candidate(12) == 61\n    assert candidate(15) == 73\n    assert candidate(24) == 109\n\ndef test_check():\n    check(dog_age)\n\ntest_check()\n",
      "timestamp": 1665509899,
      "stdout": "",
      "stderr": "Traceback (most recent call last):\n  File \"/tmp/tmp8h27ck4j.py\", line 16, in <module>\n    test_check()\n  File \"/tmp/tmp8h27ck4j.py\", line 14, in test_check\n    check(dog_age)\n  File \"/tmp/tmp8h27ck4j.py\", line 9, in check\n    assert candidate(12) == 61\nAssertionError\n",
      "exit_code": 1,
      "status": "Exception"
    },
    {
      "program": "def dog_age(h_age: int) -> int:\n    \"\"\"\n\tWrite a function to calculate a dog's age in dog's years.\n\t\"\"\"\n    return h_age * 7\n\n\ndef check(candidate):\n    assert candidate(12) == 61\n    assert candidate(15) == 73\n    assert candidate(24) == 109\n\ndef test_check():\n    check(dog_age)\n\ntest_check()\n",
      "timestamp": 1665509899,
      "stdout": "",
      "stderr": "Traceback (most recent call last):\n  File \"/tmp/tmp8h27ck4j.py\", line 16, in <module>\n    test_check()\n  File \"/tmp/tmp8h27ck4j.py\", line 14, in test_check\n    check(dog_age)\n  File \"/tmp/tmp8h27ck4j.py\", line 9, in check\n    assert candidate(12) == 61\nAssertionError\n",
      "exit_code": 1,
      "status": "Exception"
    },
    {
      "program": "def dog_age(h_age: int) -> int:\n    \"\"\"\n\tWrite a function to calculate a dog's age in dog's years.\n\t\"\"\"\n    return h_age * 7\n\n\ndef check(candidate):\n    assert candidate(12) == 61\n    assert candidate(15) == 73\n    assert candidate(24) == 109\n\ndef test_check():\n    check(dog_age)\n\ntest_check()\n",
      "timestamp": 1665509899,
      "stdout": "",
      "stderr": "Traceback (most recent call last):\n  File \"/tmp/tmp8h27ck4j.py\", line 16, in <module>\n    test_check()\n  File \"/tmp/tmp8h27ck4j.py\", line 14, in test_check\n    check(dog_age)\n  File \"/tmp/tmp8h27ck4j.py\", line 9, in check\n    assert candidate(12) == 61\nAssertionError\n",
      "exit_code": 1,
      "status": "Exception"
    },
    {
      "program": "def dog_age(h_age: int) -> int:\n    \"\"\"\n\tWrite a function to calculate a dog's age in dog's years.\n\t\"\"\"\n    return h_age * 7\n\n\ndef check(candidate):\n    assert candidate(12) == 61\n    assert candidate(15) == 73\n    assert candidate(24) == 109\n\ndef test_check():\n    check(dog_age)\n\ntest_check()\n",
      "timestamp": 1665509899,
      "stdout": "",
      "stderr": "Traceback (most recent call last):\n  File \"/tmp/tmp8h27ck4j.py\", line 16, in <module>\n    test_check()\n  File \"/tmp/tmp8h27ck4j.py\", line 14, in test_check\n    check(dog_age)\n  File \"/tmp/tmp8h27ck4j.py\", line 9, in check\n    assert candidate(12) == 61\nAssertionError\n",
      "exit_code": 1,
      "status": "Exception"
    },
    {
      "program": "def dog_age(h_age: int) -> int:\n    \"\"\"\n\tWrite a function to calculate a dog's age in dog's years.\n\t\"\"\"\n    return h_age * 7\n\n\ndef check(candidate):\n    assert candidate(12) == 61\n    assert candidate(15) == 73\n    assert candidate(24) == 109\n\ndef test_check():\n    check(dog_age)\n\ntest_check()\n",
      "timestamp": 1665509899,
      "stdout": "",
      "stderr": "Traceback (most recent call last):\n  File \"/tmp/tmp8h27ck4j.py\", line 16, in <module>\n    test_check()\n  File \"/tmp/tmp8h27ck4j.py\", line 14, in test_check\n    check(dog_age)\n  File \"/tmp/tmp8h27ck4j.py\", line 9, in check\n    assert candidate(12) == 61\nAssertionError\n",
      "exit_code": 1,
      "status": "Exception"
    },
    {
      "program": "def dog_age(h_age: int) -> int:\n    \"\"\"\n\tWrite a function to calculate a dog's age in dog's years.\n\t\"\"\"\n    return h_age * 7\n\n\ndef check(candidate):\n    assert candidate(12) == 61\n    assert candidate(15) == 73\n    assert candidate(24) == 109\n\ndef test_check():\n    check(dog_age)\n\ntest_check()\n",
      "timestamp": 1665509899,
      "stdout": "",
      "stderr": "Traceback (most recent call last):\n  File \"/tmp/tmp8h27ck4j.py\", line 16, in <module>\n    test_check()\n  File \"/tmp/tmp8h27ck4j.py\", line 14, in test_check\n    check(dog_age)\n  File \"/tmp/tmp8h27ck4j.py\", line 9, in check\n    assert candidate(12) == 61\nAssertionError\n",
      "exit_code": 1,
      "status": "Exception"
    },
    {
      "program": "def dog_age(h_age: int) -> int:\n    \"\"\"\n\tWrite a function to calculate a dog's age in dog's years.\n\t\"\"\"\n    return h_age * 7\n\n\ndef check(candidate):\n    assert candidate(12) == 61\n    assert candidate(15) == 73\n    assert candidate(24) == 109\n\ndef test_check():\n    check(dog_age)\n\ntest_check()\n",
      "timestamp": 1665509899,
      "stdout": "",
      "stderr": "Traceback (most recent call last):\n  File \"/tmp/tmp8h27ck4j.py\", line 16, in <module>\n    test_check()\n  File \"/tmp/tmp8h27ck4j.py\", line 14, in test_check\n    check(dog_age)\n  File \"/tmp/tmp8h27ck4j.py\", line 9, in check\n    assert candidate(12) == 61\nAssertionError\n",
      "exit_code": 1,
      "status": "Exception"
    },
    {
      "program": "def dog_age(h_age: int) -> int:\n    \"\"\"\n\tWrite a function to calculate a dog's age in dog's years.\n\t\"\"\"\n    return h_age * 7\n\n\ndef check(candidate):\n    assert candidate(12) == 61\n    assert candidate(15) == 73\n    assert candidate(24) == 109\n\ndef test_check():\n    check(dog_age)\n\ntest_check()\n",
      "timestamp": 1665509899,
      "stdout": "",
      "stderr": "Traceback (most recent call last):\n  File \"/tmp/tmp8h27ck4j.py\", line 16, in <module>\n    test_check()\n  File \"/tmp/tmp8h27ck4j.py\", line 14, in test_check\n    check(dog_age)\n  File \"/tmp/tmp8h27ck4j.py\", line 9, in check\n    assert candidate(12) == 61\nAssertionError\n",
      "exit_code": 1,
      "status": "Exception"
    },
    {
      "program": "def dog_age(h_age: int) -> int:\n    \"\"\"\n\tWrite a function to calculate a dog's age in dog's years.\n\t\"\"\"\n    return h_age * 7\n\n\ndef check(candidate):\n    assert candidate(12) == 61\n    assert candidate(15) == 73\n    assert candidate(24) == 109\n\ndef test_check():\n    check(dog_age)\n\ntest_check()\n",
      "timestamp": 1665509899,
      "stdout": "",
      "stderr": "Traceback (most recent call last):\n  File \"/tmp/tmp8h27ck4j.py\", line 16, in <module>\n    test_check()\n  File \"/tmp/tmp8h27ck4j.py\", line 14, in test_check\n    check(dog_age)\n  File \"/tmp/tmp8h27ck4j.py\", line 9, in check\n    assert candidate(12) == 61\nAssertionError\n",
      "exit_code": 1,
      "status": "Exception"
    },
    {
      "program": "def dog_age(h_age: int) -> int:\n    \"\"\"\n\tWrite a function to calculate a dog's age in dog's years.\n\t\"\"\"\n    return h_age * 7\n\n\ndef check(candidate):\n    assert candidate(12) == 61\n    assert candidate(15) == 73\n    assert candidate(24) == 109\n\ndef test_check():\n    check(dog_age)\n\ntest_check()\n",
      "timestamp": 1665509899,
      "stdout": "",
      "stderr": "Traceback (most recent call last):\n  File \"/tmp/tmp8h27ck4j.py\", line 16, in <module>\n    test_check()\n  File \"/tmp/tmp8h27ck4j.py\", line 14, in test_check\n    check(dog_age)\n  File \"/tmp/tmp8h27ck4j.py\", line 9, in check\n    assert candidate(12) == 61\nAssertionError\n",
      "exit_code": 1,
      "status": "Exception"
    },
    {
      "program": "def dog_age(h_age: int) -> int:\n    \"\"\"\n\tWrite a function to calculate a dog's age in dog's years.\n\t\"\"\"\n    return h_age * 7\n\n\ndef check(candidate):\n    assert candidate(12) == 61\n    assert candidate(15) == 73\n    assert candidate(24) == 109\n\ndef test_check():\n    check(dog_age)\n\ntest_check()\n",
      "timestamp": 1665509899,
      "stdout": "",
      "stderr": "Traceback (most recent call last):\n  File \"/tmp/tmp8h27ck4j.py\", line 16, in <module>\n    test_check()\n  File \"/tmp/tmp8h27ck4j.py\", line 14, in test_check\n    check(dog_age)\n  File \"/tmp/tmp8h27ck4j.py\", line 9, in check\n    assert candidate(12) == 61\nAssertionError\n",
      "exit_code": 1,
      "status": "Exception"
    },
    {
      "program": "def dog_age(h_age: int) -> int:\n    \"\"\"\n\tWrite a function to calculate a dog's age in dog's years.\n\t\"\"\"\n    return h_age * 7\n\n\ndef check(candidate):\n    assert candidate(12) == 61\n    assert candidate(15) == 73\n    assert candidate(24) == 109\n\ndef test_check():\n    check(dog_age)\n\ntest_check()\n",
      "timestamp": 1665509899,
      "stdout": "",
      "stderr": "Traceback (most recent call last):\n  File \"/tmp/tmp8h27ck4j.py\", line 16, in <module>\n    test_check()\n  File \"/tmp/tmp8h27ck4j.py\", line 14, in test_check\n    check(dog_age)\n  File \"/tmp/tmp8h27ck4j.py\", line 9, in check\n    assert candidate(12) == 61\nAssertionError\n",
      "exit_code": 1,
      "status": "Exception"
    },
    {
      "program": "def dog_age(h_age: int) -> int:\n    \"\"\"\n\tWrite a function to calculate a dog's age in dog's years.\n\t\"\"\"\n    return h_age * 7\n\n\ndef check(candidate):\n    assert candidate(12) == 61\n    assert candidate(15) == 73\n    assert candidate(24) == 109\n\ndef test_check():\n    check(dog_age)\n\ntest_check()\n",
      "timestamp": 1665509899,
      "stdout": "",
      "stderr": "Traceback (most recent call last):\n  File \"/tmp/tmp8h27ck4j.py\", line 16, in <module>\n    test_check()\n  File \"/tmp/tmp8h27ck4j.py\", line 14, in test_check\n    check(dog_age)\n  File \"/tmp/tmp8h27ck4j.py\", line 9, in check\n    assert candidate(12) == 61\nAssertionError\n",
      "exit_code": 1,
      "status": "Exception"
    },
    {
      "program": "def dog_age(h_age: int) -> int:\n    \"\"\"\n\tWrite a function to calculate a dog's age in dog's years.\n\t\"\"\"\n    return h_age * 7\n\n\ndef check(candidate):\n    assert candidate(12) == 61\n    assert candidate(15) == 73\n    assert candidate(24) == 109\n\ndef test_check():\n    check(dog_age)\n\ntest_check()\n",
      "timestamp": 1665509899,
      "stdout": "",
      "stderr": "Traceback (most recent call last):\n  File \"/tmp/tmp8h27ck4j.py\", line 16, in <module>\n    test_check()\n  File \"/tmp/tmp8h27ck4j.py\", line 14, in test_check\n    check(dog_age)\n  File \"/tmp/tmp8h27ck4j.py\", line 9, in check\n    assert candidate(12) == 61\nAssertionError\n",
      "exit_code": 1,
      "status": "Exception"
    },
    {
      "program": "def dog_age(h_age: int) -> int:\n    \"\"\"\n\tWrite a function to calculate a dog's age in dog's years.\n\t\"\"\"\n    return h_age * 7\n\n\ndef check(candidate):\n    assert candidate(12) == 61\n    assert candidate(15) == 73\n    assert candidate(24) == 109\n\ndef test_check():\n    check(dog_age)\n\ntest_check()\n",
      "timestamp": 1665509899,
      "stdout": "",
      "stderr": "Traceback (most recent call last):\n  File \"/tmp/tmp8h27ck4j.py\", line 16, in <module>\n    test_check()\n  File \"/tmp/tmp8h27ck4j.py\", line 14, in test_check\n    check(dog_age)\n  File \"/tmp/tmp8h27ck4j.py\", line 9, in check\n    assert candidate(12) == 61\nAssertionError\n",
      "exit_code": 1,
      "status": "Exception"
    },
    {
      "program": "def dog_age(h_age: int) -> int:\n    \"\"\"\n\tWrite a function to calculate a dog's age in dog's years.\n\t\"\"\"\n    return h_age * 7\n\n\ndef check(candidate):\n    assert candidate(12) == 61\n    assert candidate(15) == 73\n    assert candidate(24) == 109\n\ndef test_check():\n    check(dog_age)\n\ntest_check()\n",
      "timestamp": 1665509899,
      "stdout": "",
      "stderr": "Traceback (most recent call last):\n  File \"/tmp/tmp8h27ck4j.py\", line 16, in <module>\n    test_check()\n  File \"/tmp/tmp8h27ck4j.py\", line 14, in test_check\n    check(dog_age)\n  File \"/tmp/tmp8h27ck4j.py\", line 9, in check\n    assert candidate(12) == 61\nAssertionError\n",
      "exit_code": 1,
      "status": "Exception"
    },
    {
      "program": "def dog_age(h_age: int) -> int:\n    \"\"\"\n\tWrite a function to calculate a dog's age in dog's years.\n\t\"\"\"\n    return h_age * 7\n\n\ndef check(candidate):\n    assert candidate(12) == 61\n    assert candidate(15) == 73\n    assert candidate(24) == 109\n\ndef test_check():\n    check(dog_age)\n\ntest_check()\n",
      "timestamp": 1665509899,
      "stdout": "",
      "stderr": "Traceback (most recent call last):\n  File \"/tmp/tmp8h27ck4j.py\", line 16, in <module>\n    test_check()\n  File \"/tmp/tmp8h27ck4j.py\", line 14, in test_check\n    check(dog_age)\n  File \"/tmp/tmp8h27ck4j.py\", line 9, in check\n    assert candidate(12) == 61\nAssertionError\n",
      "exit_code": 1,
      "status": "Exception"
    },
    {
      "program": "def dog_age(h_age: int) -> int:\n    \"\"\"\n\tWrite a function to calculate a dog's age in dog's years.\n\t\"\"\"\n    return h_age * 7\n\n\ndef check(candidate):\n    assert candidate(12) == 61\n    assert candidate(15) == 73\n    assert candidate(24) == 109\n\ndef test_check():\n    check(dog_age)\n\ntest_check()\n",
      "timestamp": 1665509899,
      "stdout": "",
      "stderr": "Traceback (most recent call last):\n  File \"/tmp/tmp8h27ck4j.py\", line 16, in <module>\n    test_check()\n  File \"/tmp/tmp8h27ck4j.py\", line 14, in test_check\n    check(dog_age)\n  File \"/tmp/tmp8h27ck4j.py\", line 9, in check\n    assert candidate(12) == 61\nAssertionError\n",
      "exit_code": 1,
      "status": "Exception"
    },
    {
      "program": "def dog_age(h_age: int) -> int:\n    \"\"\"\n\tWrite a function to calculate a dog's age in dog's years.\n\t\"\"\"\n    return h_age * 7\n\n\ndef check(candidate):\n    assert candidate(12) == 61\n    assert candidate(15) == 73\n    assert candidate(24) == 109\n\ndef test_check():\n    check(dog_age)\n\ntest_check()\n",
      "timestamp": 1665509899,
      "stdout": "",
      "stderr": "Traceback (most recent call last):\n  File \"/tmp/tmp8h27ck4j.py\", line 16, in <module>\n    test_check()\n  File \"/tmp/tmp8h27ck4j.py\", line 14, in test_check\n    check(dog_age)\n  File \"/tmp/tmp8h27ck4j.py\", line 9, in check\n    assert candidate(12) == 61\nAssertionError\n",
      "exit_code": 1,
      "status": "Exception"
    },
    {
      "program": "def dog_age(h_age: int) -> int:\n    \"\"\"\n\tWrite a function to calculate a dog's age in dog's years.\n\t\"\"\"\n    return h_age * 7\n\n\ndef check(candidate):\n    assert candidate(12) == 61\n    assert candidate(15) == 73\n    assert candidate(24) == 109\n\ndef test_check():\n    check(dog_age)\n\ntest_check()\n",
      "timestamp": 1665509899,
      "stdout": "",
      "stderr": "Traceback (most recent call last):\n  File \"/tmp/tmp8h27ck4j.py\", line 16, in <module>\n    test_check()\n  File \"/tmp/tmp8h27ck4j.py\", line 14, in test_check\n    check(dog_age)\n  File \"/tmp/tmp8h27ck4j.py\", line 9, in check\n    assert candidate(12) == 61\nAssertionError\n",
      "exit_code": 1,
      "status": "Exception"
    },
    {
      "program": "def dog_age(h_age: int) -> int:\n    \"\"\"\n\tWrite a function to calculate a dog's age in dog's years.\n\t\"\"\"\n    return h_age * 7\n\n\ndef check(candidate):\n    assert candidate(12) == 61\n    assert candidate(15) == 73\n    assert candidate(24) == 109\n\ndef test_check():\n    check(dog_age)\n\ntest_check()\n",
      "timestamp": 1665509899,
      "stdout": "",
      "stderr": "Traceback (most recent call last):\n  File \"/tmp/tmp8h27ck4j.py\", line 16, in <module>\n    test_check()\n  File \"/tmp/tmp8h27ck4j.py\", line 14, in test_check\n    check(dog_age)\n  File \"/tmp/tmp8h27ck4j.py\", line 9, in check\n    assert candidate(12) == 61\nAssertionError\n",
      "exit_code": 1,
      "status": "Exception"
    },
    {
      "program": "def dog_age(h_age: int) -> int:\n    \"\"\"\n\tWrite a function to calculate a dog's age in dog's years.\n\t\"\"\"\n    return h_age * 7\n\n\ndef check(candidate):\n    assert candidate(12) == 61\n    assert candidate(15) == 73\n    assert candidate(24) == 109\n\ndef test_check():\n    check(dog_age)\n\ntest_check()\n",
      "timestamp": 1665509899,
      "stdout": "",
      "stderr": "Traceback (most recent call last):\n  File \"/tmp/tmp8h27ck4j.py\", line 16, in <module>\n    test_check()\n  File \"/tmp/tmp8h27ck4j.py\", line 14, in test_check\n    check(dog_age)\n  File \"/tmp/tmp8h27ck4j.py\", line 9, in check\n    assert candidate(12) == 61\nAssertionError\n",
      "exit_code": 1,
      "status": "Exception"
    },
    {
      "program": "def dog_age(h_age: int) -> int:\n    \"\"\"\n\tWrite a function to calculate a dog's age in dog's years.\n\t\"\"\"\n    return h_age * 7\n\n\ndef check(candidate):\n    assert candidate(12) == 61\n    assert candidate(15) == 73\n    assert candidate(24) == 109\n\ndef test_check():\n    check(dog_age)\n\ntest_check()\n",
      "timestamp": 1665509899,
      "stdout": "",
      "stderr": "Traceback (most recent call last):\n  File \"/tmp/tmp8h27ck4j.py\", line 16, in <module>\n    test_check()\n  File \"/tmp/tmp8h27ck4j.py\", line 14, in test_check\n    check(dog_age)\n  File \"/tmp/tmp8h27ck4j.py\", line 9, in check\n    assert candidate(12) == 61\nAssertionError\n",
      "exit_code": 1,
      "status": "Exception"
    },
    {
      "program": "def dog_age(h_age: int) -> int:\n    \"\"\"\n\tWrite a function to calculate a dog's age in dog's years.\n\t\"\"\"\n    return h_age * 7\n\n\ndef check(candidate):\n    assert candidate(12) == 61\n    assert candidate(15) == 73\n    assert candidate(24) == 109\n\ndef test_check():\n    check(dog_age)\n\ntest_check()\n",
      "timestamp": 1665509899,
      "stdout": "",
      "stderr": "Traceback (most recent call last):\n  File \"/tmp/tmp8h27ck4j.py\", line 16, in <module>\n    test_check()\n  File \"/tmp/tmp8h27ck4j.py\", line 14, in test_check\n    check(dog_age)\n  File \"/tmp/tmp8h27ck4j.py\", line 9, in check\n    assert candidate(12) == 61\nAssertionError\n",
      "exit_code": 1,
      "status": "Exception"
    },
    {
      "program": "def dog_age(h_age: int) -> int:\n    \"\"\"\n\tWrite a function to calculate a dog's age in dog's years.\n\t\"\"\"\n    return h_age * 7\n\n\ndef check(candidate):\n    assert candidate(12) == 61\n    assert candidate(15) == 73\n    assert candidate(24) == 109\n\ndef test_check():\n    check(dog_age)\n\ntest_check()\n",
      "timestamp": 1665509899,
      "stdout": "",
      "stderr": "Traceback (most recent call last):\n  File \"/tmp/tmp8h27ck4j.py\", line 16, in <module>\n    test_check()\n  File \"/tmp/tmp8h27ck4j.py\", line 14, in test_check\n    check(dog_age)\n  File \"/tmp/tmp8h27ck4j.py\", line 9, in check\n    assert candidate(12) == 61\nAssertionError\n",
      "exit_code": 1,
      "status": "Exception"
    },
    {
      "program": "def dog_age(h_age: int) -> int:\n    \"\"\"\n\tWrite a function to calculate a dog's age in dog's years.\n\t\"\"\"\n    return h_age * 7\n\n\ndef check(candidate):\n    assert candidate(12) == 61\n    assert candidate(15) == 73\n    assert candidate(24) == 109\n\ndef test_check():\n    check(dog_age)\n\ntest_check()\n",
      "timestamp": 1665509899,
      "stdout": "",
      "stderr": "Traceback (most recent call last):\n  File \"/tmp/tmp8h27ck4j.py\", line 16, in <module>\n    test_check()\n  File \"/tmp/tmp8h27ck4j.py\", line 14, in test_check\n    check(dog_age)\n  File \"/tmp/tmp8h27ck4j.py\", line 9, in check\n    assert candidate(12) == 61\nAssertionError\n",
      "exit_code": 1,
      "status": "Exception"
    },
    {
      "program": "def dog_age(h_age: int) -> int:\n    \"\"\"\n\tWrite a function to calculate a dog's age in dog's years.\n\t\"\"\"\n    return h_age * 7\n\n\ndef check(candidate):\n    assert candidate(12) == 61\n    assert candidate(15) == 73\n    assert candidate(24) == 109\n\ndef test_check():\n    check(dog_age)\n\ntest_check()\n",
      "timestamp": 1665509899,
      "stdout": "",
      "stderr": "Traceback (most recent call last):\n  File \"/tmp/tmp8h27ck4j.py\", line 16, in <module>\n    test_check()\n  File \"/tmp/tmp8h27ck4j.py\", line 14, in test_check\n    check(dog_age)\n  File \"/tmp/tmp8h27ck4j.py\", line 9, in check\n    assert candidate(12) == 61\nAssertionError\n",
      "exit_code": 1,
      "status": "Exception"
    },
    {
      "program": "def dog_age(h_age: int) -> int:\n    \"\"\"\n\tWrite a function to calculate a dog's age in dog's years.\n\t\"\"\"\n    return h_age * 7\n\n\ndef check(candidate):\n    assert candidate(12) == 61\n    assert candidate(15) == 73\n    assert candidate(24) == 109\n\ndef test_check():\n    check(dog_age)\n\ntest_check()\n",
      "timestamp": 1665509899,
      "stdout": "",
      "stderr": "Traceback (most recent call last):\n  File \"/tmp/tmp8h27ck4j.py\", line 16, in <module>\n    test_check()\n  File \"/tmp/tmp8h27ck4j.py\", line 14, in test_check\n    check(dog_age)\n  File \"/tmp/tmp8h27ck4j.py\", line 9, in check\n    assert candidate(12) == 61\nAssertionError\n",
      "exit_code": 1,
      "status": "Exception"
    },
    {
      "program": "def dog_age(h_age: int) -> int:\n    \"\"\"\n\tWrite a function to calculate a dog's age in dog's years.\n\t\"\"\"\n    return h_age * 7\n\n\nprint(dog_age(3))\n\n\ndef check(candidate):\n    assert candidate(12) == 61\n    assert candidate(15) == 73\n    assert candidate(24) == 109\n\ndef test_check():\n    check(dog_age)\n\ntest_check()\n",
      "timestamp": 1666122670,
      "stdout": "21\n",
      "stderr": "Traceback (most recent call last):\n  File \"/tmp/tmp1d_wh3wb.py\", line 19, in <module>\n    test_check()\n  File \"/tmp/tmp1d_wh3wb.py\", line 17, in test_check\n    check(dog_age)\n  File \"/tmp/tmp1d_wh3wb.py\", line 12, in check\n    assert candidate(12) == 61\nAssertionError\n",
      "exit_code": 1,
      "status": "Exception"
    },
    {
      "program": "def dog_age(h_age: int) -> int:\n    \"\"\"\n\tWrite a function to calculate a dog's age in dog's years.\n\t\"\"\"\n    return h_age * 7\n\n\ndef check(candidate):\n    assert candidate(12) == 61\n    assert candidate(15) == 73\n    assert candidate(24) == 109\n\ndef test_check():\n    check(dog_age)\n\ntest_check()\n",
      "timestamp": 1665509899,
      "stdout": "",
      "stderr": "Traceback (most recent call last):\n  File \"/tmp/tmp8h27ck4j.py\", line 16, in <module>\n    test_check()\n  File \"/tmp/tmp8h27ck4j.py\", line 14, in test_check\n    check(dog_age)\n  File \"/tmp/tmp8h27ck4j.py\", line 9, in check\n    assert candidate(12) == 61\nAssertionError\n",
      "exit_code": 1,
      "status": "Exception"
    },
    {
      "program": "def dog_age(h_age: int) -> int:\n    \"\"\"\n\tWrite a function to calculate a dog's age in dog's years.\n\t\"\"\"\n    return h_age * 7\n\n\ndef check(candidate):\n    assert candidate(12) == 61\n    assert candidate(15) == 73\n    assert candidate(24) == 109\n\ndef test_check():\n    check(dog_age)\n\ntest_check()\n",
      "timestamp": 1665509899,
      "stdout": "",
      "stderr": "Traceback (most recent call last):\n  File \"/tmp/tmp8h27ck4j.py\", line 16, in <module>\n    test_check()\n  File \"/tmp/tmp8h27ck4j.py\", line 14, in test_check\n    check(dog_age)\n  File \"/tmp/tmp8h27ck4j.py\", line 9, in check\n    assert candidate(12) == 61\nAssertionError\n",
      "exit_code": 1,
      "status": "Exception"
    },
    {
      "program": "def dog_age(h_age: int) -> int:\n    \"\"\"\n\tWrite a function to calculate a dog's age in dog's years.\n\t\"\"\"\n    return h_age * 7\n\n\ndef check(candidate):\n    assert candidate(12) == 61\n    assert candidate(15) == 73\n    assert candidate(24) == 109\n\ndef test_check():\n    check(dog_age)\n\ntest_check()\n",
      "timestamp": 1665509899,
      "stdout": "",
      "stderr": "Traceback (most recent call last):\n  File \"/tmp/tmp8h27ck4j.py\", line 16, in <module>\n    test_check()\n  File \"/tmp/tmp8h27ck4j.py\", line 14, in test_check\n    check(dog_age)\n  File \"/tmp/tmp8h27ck4j.py\", line 9, in check\n    assert candidate(12) == 61\nAssertionError\n",
      "exit_code": 1,
      "status": "Exception"
    },
    {
      "program": "def dog_age(h_age: int) -> int:\n    \"\"\"\n\tWrite a function to calculate a dog's age in dog's years.\n\t\"\"\"\n    return h_age * 7\n\n\ndef check(candidate):\n    assert candidate(12) == 61\n    assert candidate(15) == 73\n    assert candidate(24) == 109\n\ndef test_check():\n    check(dog_age)\n\ntest_check()\n",
      "timestamp": 1665509899,
      "stdout": "",
      "stderr": "Traceback (most recent call last):\n  File \"/tmp/tmp8h27ck4j.py\", line 16, in <module>\n    test_check()\n  File \"/tmp/tmp8h27ck4j.py\", line 14, in test_check\n    check(dog_age)\n  File \"/tmp/tmp8h27ck4j.py\", line 9, in check\n    assert candidate(12) == 61\nAssertionError\n",
      "exit_code": 1,
      "status": "Exception"
    },
    {
      "program": "def dog_age(h_age: int) -> int:\n    \"\"\"\n\tWrite a function to calculate a dog's age in dog's years.\n\t\"\"\"\n    return h_age * 7\n\n\ndef check(candidate):\n    assert candidate(12) == 61\n    assert candidate(15) == 73\n    assert candidate(24) == 109\n\ndef test_check():\n    check(dog_age)\n\ntest_check()\n",
      "timestamp": 1665509899,
      "stdout": "",
      "stderr": "Traceback (most recent call last):\n  File \"/tmp/tmp8h27ck4j.py\", line 16, in <module>\n    test_check()\n  File \"/tmp/tmp8h27ck4j.py\", line 14, in test_check\n    check(dog_age)\n  File \"/tmp/tmp8h27ck4j.py\", line 9, in check\n    assert candidate(12) == 61\nAssertionError\n",
      "exit_code": 1,
      "status": "Exception"
    },
    {
      "program": "def dog_age(h_age: int) -> int:\n    \"\"\"\n\tWrite a function to calculate a dog's age in dog's years.\n\t\"\"\"\n    return h_age * 7\n\n\ndef check(candidate):\n    assert candidate(12) == 61\n    assert candidate(15) == 73\n    assert candidate(24) == 109\n\ndef test_check():\n    check(dog_age)\n\ntest_check()\n",
      "timestamp": 1665509899,
      "stdout": "",
      "stderr": "Traceback (most recent call last):\n  File \"/tmp/tmp8h27ck4j.py\", line 16, in <module>\n    test_check()\n  File \"/tmp/tmp8h27ck4j.py\", line 14, in test_check\n    check(dog_age)\n  File \"/tmp/tmp8h27ck4j.py\", line 9, in check\n    assert candidate(12) == 61\nAssertionError\n",
      "exit_code": 1,
      "status": "Exception"
    },
    {
      "program": "def dog_age(h_age: int) -> int:\n    \"\"\"\n\tWrite a function to calculate a dog's age in dog's years.\n\t\"\"\"\n    return h_age * 7\n\n\ndef check(candidate):\n    assert candidate(12) == 61\n    assert candidate(15) == 73\n    assert candidate(24) == 109\n\ndef test_check():\n    check(dog_age)\n\ntest_check()\n",
      "timestamp": 1665509899,
      "stdout": "",
      "stderr": "Traceback (most recent call last):\n  File \"/tmp/tmp8h27ck4j.py\", line 16, in <module>\n    test_check()\n  File \"/tmp/tmp8h27ck4j.py\", line 14, in test_check\n    check(dog_age)\n  File \"/tmp/tmp8h27ck4j.py\", line 9, in check\n    assert candidate(12) == 61\nAssertionError\n",
      "exit_code": 1,
      "status": "Exception"
    },
    {
      "program": "def dog_age(h_age: int) -> int:\n    \"\"\"\n\tWrite a function to calculate a dog's age in dog's years.\n\t\"\"\"\n    return h_age * 7\n\n\ndef check(candidate):\n    assert candidate(12) == 61\n    assert candidate(15) == 73\n    assert candidate(24) == 109\n\ndef test_check():\n    check(dog_age)\n\ntest_check()\n",
      "timestamp": 1665509899,
      "stdout": "",
      "stderr": "Traceback (most recent call last):\n  File \"/tmp/tmp8h27ck4j.py\", line 16, in <module>\n    test_check()\n  File \"/tmp/tmp8h27ck4j.py\", line 14, in test_check\n    check(dog_age)\n  File \"/tmp/tmp8h27ck4j.py\", line 9, in check\n    assert candidate(12) == 61\nAssertionError\n",
      "exit_code": 1,
      "status": "Exception"
    },
    {
      "program": "def dog_age(h_age: int) -> int:\n    \"\"\"\n\tWrite a function to calculate a dog's age in dog's years.\n\t\"\"\"\n    return h_age * 7\n\n\ndef check(candidate):\n    assert candidate(12) == 61\n    assert candidate(15) == 73\n    assert candidate(24) == 109\n\ndef test_check():\n    check(dog_age)\n\ntest_check()\n",
      "timestamp": 1665509899,
      "stdout": "",
      "stderr": "Traceback (most recent call last):\n  File \"/tmp/tmp8h27ck4j.py\", line 16, in <module>\n    test_check()\n  File \"/tmp/tmp8h27ck4j.py\", line 14, in test_check\n    check(dog_age)\n  File \"/tmp/tmp8h27ck4j.py\", line 9, in check\n    assert candidate(12) == 61\nAssertionError\n",
      "exit_code": 1,
      "status": "Exception"
    },
    {
      "program": "def dog_age(h_age: int) -> int:\n    \"\"\"\n\tWrite a function to calculate a dog's age in dog's years.\n\t\"\"\"\n    return h_age * 7\n\n\ndef check(candidate):\n    assert candidate(12) == 61\n    assert candidate(15) == 73\n    assert candidate(24) == 109\n\ndef test_check():\n    check(dog_age)\n\ntest_check()\n",
      "timestamp": 1665509899,
      "stdout": "",
      "stderr": "Traceback (most recent call last):\n  File \"/tmp/tmp8h27ck4j.py\", line 16, in <module>\n    test_check()\n  File \"/tmp/tmp8h27ck4j.py\", line 14, in test_check\n    check(dog_age)\n  File \"/tmp/tmp8h27ck4j.py\", line 9, in check\n    assert candidate(12) == 61\nAssertionError\n",
      "exit_code": 1,
      "status": "Exception"
    },
    {
      "program": "def dog_age(h_age: int) -> int:\n    \"\"\"\n\tWrite a function to calculate a dog's age in dog's years.\n\t\"\"\"\n    return h_age * 7\n\n\ndef check(candidate):\n    assert candidate(12) == 61\n    assert candidate(15) == 73\n    assert candidate(24) == 109\n\ndef test_check():\n    check(dog_age)\n\ntest_check()\n",
      "timestamp": 1665509899,
      "stdout": "",
      "stderr": "Traceback (most recent call last):\n  File \"/tmp/tmp8h27ck4j.py\", line 16, in <module>\n    test_check()\n  File \"/tmp/tmp8h27ck4j.py\", line 14, in test_check\n    check(dog_age)\n  File \"/tmp/tmp8h27ck4j.py\", line 9, in check\n    assert candidate(12) == 61\nAssertionError\n",
      "exit_code": 1,
      "status": "Exception"
    },
    {
      "program": "def dog_age(h_age: int) -> int:\n    \"\"\"\n\tWrite a function to calculate a dog's age in dog's years.\n\t\"\"\"\n    return h_age * 7\n\n\ndef check(candidate):\n    assert candidate(12) == 61\n    assert candidate(15) == 73\n    assert candidate(24) == 109\n\ndef test_check():\n    check(dog_age)\n\ntest_check()\n",
      "timestamp": 1665509899,
      "stdout": "",
      "stderr": "Traceback (most recent call last):\n  File \"/tmp/tmp8h27ck4j.py\", line 16, in <module>\n    test_check()\n  File \"/tmp/tmp8h27ck4j.py\", line 14, in test_check\n    check(dog_age)\n  File \"/tmp/tmp8h27ck4j.py\", line 9, in check\n    assert candidate(12) == 61\nAssertionError\n",
      "exit_code": 1,
      "status": "Exception"
    },
    {
      "program": "def dog_age(h_age: int) -> int:\n    \"\"\"\n\tWrite a function to calculate a dog's age in dog's years.\n\t\"\"\"\n    return h_age * 7\n\n\ndef check(candidate):\n    assert candidate(12) == 61\n    assert candidate(15) == 73\n    assert candidate(24) == 109\n\ndef test_check():\n    check(dog_age)\n\ntest_check()\n",
      "timestamp": 1665509899,
      "stdout": "",
      "stderr": "Traceback (most recent call last):\n  File \"/tmp/tmp8h27ck4j.py\", line 16, in <module>\n    test_check()\n  File \"/tmp/tmp8h27ck4j.py\", line 14, in test_check\n    check(dog_age)\n  File \"/tmp/tmp8h27ck4j.py\", line 9, in check\n    assert candidate(12) == 61\nAssertionError\n",
      "exit_code": 1,
      "status": "Exception"
    },
    {
      "program": "def dog_age(h_age: int) -> int:\n    \"\"\"\n\tWrite a function to calculate a dog's age in dog's years.\n\t\"\"\"\n    return h_age * 7\n\n\ndef check(candidate):\n    assert candidate(12) == 61\n    assert candidate(15) == 73\n    assert candidate(24) == 109\n\ndef test_check():\n    check(dog_age)\n\ntest_check()\n",
      "timestamp": 1665509899,
      "stdout": "",
      "stderr": "Traceback (most recent call last):\n  File \"/tmp/tmp8h27ck4j.py\", line 16, in <module>\n    test_check()\n  File \"/tmp/tmp8h27ck4j.py\", line 14, in test_check\n    check(dog_age)\n  File \"/tmp/tmp8h27ck4j.py\", line 9, in check\n    assert candidate(12) == 61\nAssertionError\n",
      "exit_code": 1,
      "status": "Exception"
    },
    {
      "program": "def dog_age(h_age: int) -> int:\n    \"\"\"\n\tWrite a function to calculate a dog's age in dog's years.\n\t\"\"\"\n    return h_age * 7\n\n\ndef check(candidate):\n    assert candidate(12) == 61\n    assert candidate(15) == 73\n    assert candidate(24) == 109\n\ndef test_check():\n    check(dog_age)\n\ntest_check()\n",
      "timestamp": 1665509899,
      "stdout": "",
      "stderr": "Traceback (most recent call last):\n  File \"/tmp/tmp8h27ck4j.py\", line 16, in <module>\n    test_check()\n  File \"/tmp/tmp8h27ck4j.py\", line 14, in test_check\n    check(dog_age)\n  File \"/tmp/tmp8h27ck4j.py\", line 9, in check\n    assert candidate(12) == 61\nAssertionError\n",
      "exit_code": 1,
      "status": "Exception"
    },
    {
      "program": "def dog_age(h_age: int) -> int:\n    \"\"\"\n\tWrite a function to calculate a dog's age in dog's years.\n\t\"\"\"\n    return h_age * 7\n\n\ndef check(candidate):\n    assert candidate(12) == 61\n    assert candidate(15) == 73\n    assert candidate(24) == 109\n\ndef test_check():\n    check(dog_age)\n\ntest_check()\n",
      "timestamp": 1665509899,
      "stdout": "",
      "stderr": "Traceback (most recent call last):\n  File \"/tmp/tmp8h27ck4j.py\", line 16, in <module>\n    test_check()\n  File \"/tmp/tmp8h27ck4j.py\", line 14, in test_check\n    check(dog_age)\n  File \"/tmp/tmp8h27ck4j.py\", line 9, in check\n    assert candidate(12) == 61\nAssertionError\n",
      "exit_code": 1,
      "status": "Exception"
    },
    {
      "program": "def dog_age(h_age: int) -> int:\n    \"\"\"\n\tWrite a function to calculate a dog's age in dog's years.\n\t\"\"\"\n    return h_age * 7\n\n\ndef check(candidate):\n    assert candidate(12) == 61\n    assert candidate(15) == 73\n    assert candidate(24) == 109\n\ndef test_check():\n    check(dog_age)\n\ntest_check()\n",
      "timestamp": 1665509899,
      "stdout": "",
      "stderr": "Traceback (most recent call last):\n  File \"/tmp/tmp8h27ck4j.py\", line 16, in <module>\n    test_check()\n  File \"/tmp/tmp8h27ck4j.py\", line 14, in test_check\n    check(dog_age)\n  File \"/tmp/tmp8h27ck4j.py\", line 9, in check\n    assert candidate(12) == 61\nAssertionError\n",
      "exit_code": 1,
      "status": "Exception"
    },
    {
      "program": "def dog_age(h_age: int) -> int:\n    \"\"\"\n\tWrite a function to calculate a dog's age in dog's years.\n\t\"\"\"\n    return h_age * 7\n\n\ndef check(candidate):\n    assert candidate(12) == 61\n    assert candidate(15) == 73\n    assert candidate(24) == 109\n\ndef test_check():\n    check(dog_age)\n\ntest_check()\n",
      "timestamp": 1665509899,
      "stdout": "",
      "stderr": "Traceback (most recent call last):\n  File \"/tmp/tmp8h27ck4j.py\", line 16, in <module>\n    test_check()\n  File \"/tmp/tmp8h27ck4j.py\", line 14, in test_check\n    check(dog_age)\n  File \"/tmp/tmp8h27ck4j.py\", line 9, in check\n    assert candidate(12) == 61\nAssertionError\n",
      "exit_code": 1,
      "status": "Exception"
    },
    {
      "program": "def dog_age(h_age: int) -> int:\n    \"\"\"\n\tWrite a function to calculate a dog's age in dog's years.\n\t\"\"\"\n    return h_age * 7\n\n\ndef check(candidate):\n    assert candidate(12) == 61\n    assert candidate(15) == 73\n    assert candidate(24) == 109\n\ndef test_check():\n    check(dog_age)\n\ntest_check()\n",
      "timestamp": 1665509899,
      "stdout": "",
      "stderr": "Traceback (most recent call last):\n  File \"/tmp/tmp8h27ck4j.py\", line 16, in <module>\n    test_check()\n  File \"/tmp/tmp8h27ck4j.py\", line 14, in test_check\n    check(dog_age)\n  File \"/tmp/tmp8h27ck4j.py\", line 9, in check\n    assert candidate(12) == 61\nAssertionError\n",
      "exit_code": 1,
      "status": "Exception"
    },
    {
      "program": "def dog_age(h_age: int) -> int:\n    \"\"\"\n\tWrite a function to calculate a dog's age in dog's years.\n\t\"\"\"\n    return h_age * 7\n\n\ndef check(candidate):\n    assert candidate(12) == 61\n    assert candidate(15) == 73\n    assert candidate(24) == 109\n\ndef test_check():\n    check(dog_age)\n\ntest_check()\n",
      "timestamp": 1665509899,
      "stdout": "",
      "stderr": "Traceback (most recent call last):\n  File \"/tmp/tmp8h27ck4j.py\", line 16, in <module>\n    test_check()\n  File \"/tmp/tmp8h27ck4j.py\", line 14, in test_check\n    check(dog_age)\n  File \"/tmp/tmp8h27ck4j.py\", line 9, in check\n    assert candidate(12) == 61\nAssertionError\n",
      "exit_code": 1,
      "status": "Exception"
    },
    {
      "program": "def dog_age(h_age: int) -> int:\n    \"\"\"\n\tWrite a function to calculate a dog's age in dog's years.\n\t\"\"\"\n    return h_age * 7\n\n\ndef check(candidate):\n    assert candidate(12) == 61\n    assert candidate(15) == 73\n    assert candidate(24) == 109\n\ndef test_check():\n    check(dog_age)\n\ntest_check()\n",
      "timestamp": 1665509899,
      "stdout": "",
      "stderr": "Traceback (most recent call last):\n  File \"/tmp/tmp8h27ck4j.py\", line 16, in <module>\n    test_check()\n  File \"/tmp/tmp8h27ck4j.py\", line 14, in test_check\n    check(dog_age)\n  File \"/tmp/tmp8h27ck4j.py\", line 9, in check\n    assert candidate(12) == 61\nAssertionError\n",
      "exit_code": 1,
      "status": "Exception"
    },
    {
      "program": "def dog_age(h_age: int) -> int:\n    \"\"\"\n\tWrite a function to calculate a dog's age in dog's years.\n\t\"\"\"\n    return h_age * 7\n\n\ndef check(candidate):\n    assert candidate(12) == 61\n    assert candidate(15) == 73\n    assert candidate(24) == 109\n\ndef test_check():\n    check(dog_age)\n\ntest_check()\n",
      "timestamp": 1665509899,
      "stdout": "",
      "stderr": "Traceback (most recent call last):\n  File \"/tmp/tmp8h27ck4j.py\", line 16, in <module>\n    test_check()\n  File \"/tmp/tmp8h27ck4j.py\", line 14, in test_check\n    check(dog_age)\n  File \"/tmp/tmp8h27ck4j.py\", line 9, in check\n    assert candidate(12) == 61\nAssertionError\n",
      "exit_code": 1,
      "status": "Exception"
    },
    {
      "program": "def dog_age(h_age: int) -> int:\n    \"\"\"\n\tWrite a function to calculate a dog's age in dog's years.\n\t\"\"\"\n    return h_age * 7\n\n\ndef check(candidate):\n    assert candidate(12) == 61\n    assert candidate(15) == 73\n    assert candidate(24) == 109\n\ndef test_check():\n    check(dog_age)\n\ntest_check()\n",
      "timestamp": 1665509899,
      "stdout": "",
      "stderr": "Traceback (most recent call last):\n  File \"/tmp/tmp8h27ck4j.py\", line 16, in <module>\n    test_check()\n  File \"/tmp/tmp8h27ck4j.py\", line 14, in test_check\n    check(dog_age)\n  File \"/tmp/tmp8h27ck4j.py\", line 9, in check\n    assert candidate(12) == 61\nAssertionError\n",
      "exit_code": 1,
      "status": "Exception"
    },
    {
      "program": "def dog_age(h_age: int) -> int:\n    \"\"\"\n\tWrite a function to calculate a dog's age in dog's years.\n\t\"\"\"\n    return h_age * 7\n\n\ndef check(candidate):\n    assert candidate(12) == 61\n    assert candidate(15) == 73\n    assert candidate(24) == 109\n\ndef test_check():\n    check(dog_age)\n\ntest_check()\n",
      "timestamp": 1665509899,
      "stdout": "",
      "stderr": "Traceback (most recent call last):\n  File \"/tmp/tmp8h27ck4j.py\", line 16, in <module>\n    test_check()\n  File \"/tmp/tmp8h27ck4j.py\", line 14, in test_check\n    check(dog_age)\n  File \"/tmp/tmp8h27ck4j.py\", line 9, in check\n    assert candidate(12) == 61\nAssertionError\n",
      "exit_code": 1,
      "status": "Exception"
    },
    {
      "program": "def dog_age(h_age: int) -> int:\n    \"\"\"\n\tWrite a function to calculate a dog's age in dog's years.\n\t\"\"\"\n    return h_age * 7\n\n\ndef check(candidate):\n    assert candidate(12) == 61\n    assert candidate(15) == 73\n    assert candidate(24) == 109\n\ndef test_check():\n    check(dog_age)\n\ntest_check()\n",
      "timestamp": 1665509899,
      "stdout": "",
      "stderr": "Traceback (most recent call last):\n  File \"/tmp/tmp8h27ck4j.py\", line 16, in <module>\n    test_check()\n  File \"/tmp/tmp8h27ck4j.py\", line 14, in test_check\n    check(dog_age)\n  File \"/tmp/tmp8h27ck4j.py\", line 9, in check\n    assert candidate(12) == 61\nAssertionError\n",
      "exit_code": 1,
      "status": "Exception"
    },
    {
      "program": "def dog_age(h_age: int) -> int:\n    \"\"\"\n\tWrite a function to calculate a dog's age in dog's years.\n\t\"\"\"\n    return h_age * 7\n\n\ndef check(candidate):\n    assert candidate(12) == 61\n    assert candidate(15) == 73\n    assert candidate(24) == 109\n\ndef test_check():\n    check(dog_age)\n\ntest_check()\n",
      "timestamp": 1665509899,
      "stdout": "",
      "stderr": "Traceback (most recent call last):\n  File \"/tmp/tmp8h27ck4j.py\", line 16, in <module>\n    test_check()\n  File \"/tmp/tmp8h27ck4j.py\", line 14, in test_check\n    check(dog_age)\n  File \"/tmp/tmp8h27ck4j.py\", line 9, in check\n    assert candidate(12) == 61\nAssertionError\n",
      "exit_code": 1,
      "status": "Exception"
    },
    {
      "program": "def dog_age(h_age: int) -> int:\n    \"\"\"\n\tWrite a function to calculate a dog's age in dog's years.\n\t\"\"\"\n    return h_age * 7\n\n\ndef check(candidate):\n    assert candidate(12) == 61\n    assert candidate(15) == 73\n    assert candidate(24) == 109\n\ndef test_check():\n    check(dog_age)\n\ntest_check()\n",
      "timestamp": 1665509899,
      "stdout": "",
      "stderr": "Traceback (most recent call last):\n  File \"/tmp/tmp8h27ck4j.py\", line 16, in <module>\n    test_check()\n  File \"/tmp/tmp8h27ck4j.py\", line 14, in test_check\n    check(dog_age)\n  File \"/tmp/tmp8h27ck4j.py\", line 9, in check\n    assert candidate(12) == 61\nAssertionError\n",
      "exit_code": 1,
      "status": "Exception"
    },
    {
      "program": "def dog_age(h_age: int) -> int:\n    \"\"\"\n\tWrite a function to calculate a dog's age in dog's years.\n\t\"\"\"\n    return h_age * 7\n\n\ndef check(candidate):\n    assert candidate(12) == 61\n    assert candidate(15) == 73\n    assert candidate(24) == 109\n\ndef test_check():\n    check(dog_age)\n\ntest_check()\n",
      "timestamp": 1665509899,
      "stdout": "",
      "stderr": "Traceback (most recent call last):\n  File \"/tmp/tmp8h27ck4j.py\", line 16, in <module>\n    test_check()\n  File \"/tmp/tmp8h27ck4j.py\", line 14, in test_check\n    check(dog_age)\n  File \"/tmp/tmp8h27ck4j.py\", line 9, in check\n    assert candidate(12) == 61\nAssertionError\n",
      "exit_code": 1,
      "status": "Exception"
    },
    {
      "program": "def dog_age(h_age: int) -> int:\n    \"\"\"\n\tWrite a function to calculate a dog's age in dog's years.\n\t\"\"\"\n    return h_age * 7\n\n\ndef check(candidate):\n    assert candidate(12) == 61\n    assert candidate(15) == 73\n    assert candidate(24) == 109\n\ndef test_check():\n    check(dog_age)\n\ntest_check()\n",
      "timestamp": 1665509899,
      "stdout": "",
      "stderr": "Traceback (most recent call last):\n  File \"/tmp/tmp8h27ck4j.py\", line 16, in <module>\n    test_check()\n  File \"/tmp/tmp8h27ck4j.py\", line 14, in test_check\n    check(dog_age)\n  File \"/tmp/tmp8h27ck4j.py\", line 9, in check\n    assert candidate(12) == 61\nAssertionError\n",
      "exit_code": 1,
      "status": "Exception"
    },
    {
      "program": "def dog_age(h_age: int) -> int:\n    \"\"\"\n\tWrite a function to calculate a dog's age in dog's years.\n\t\"\"\"\n    return h_age * 7\n\n\ndef check(candidate):\n    assert candidate(12) == 61\n    assert candidate(15) == 73\n    assert candidate(24) == 109\n\ndef test_check():\n    check(dog_age)\n\ntest_check()\n",
      "timestamp": 1665509899,
      "stdout": "",
      "stderr": "Traceback (most recent call last):\n  File \"/tmp/tmp8h27ck4j.py\", line 16, in <module>\n    test_check()\n  File \"/tmp/tmp8h27ck4j.py\", line 14, in test_check\n    check(dog_age)\n  File \"/tmp/tmp8h27ck4j.py\", line 9, in check\n    assert candidate(12) == 61\nAssertionError\n",
      "exit_code": 1,
      "status": "Exception"
    },
    {
      "program": "def dog_age(h_age: int) -> int:\n    \"\"\"\n\tWrite a function to calculate a dog's age in dog's years.\n\t\"\"\"\n    return h_age * 7\n\n\ndef check(candidate):\n    assert candidate(12) == 61\n    assert candidate(15) == 73\n    assert candidate(24) == 109\n\ndef test_check():\n    check(dog_age)\n\ntest_check()\n",
      "timestamp": 1665509899,
      "stdout": "",
      "stderr": "Traceback (most recent call last):\n  File \"/tmp/tmp8h27ck4j.py\", line 16, in <module>\n    test_check()\n  File \"/tmp/tmp8h27ck4j.py\", line 14, in test_check\n    check(dog_age)\n  File \"/tmp/tmp8h27ck4j.py\", line 9, in check\n    assert candidate(12) == 61\nAssertionError\n",
      "exit_code": 1,
      "status": "Exception"
    },
    {
      "program": "def dog_age(h_age: int) -> int:\n    \"\"\"\n\tWrite a function to calculate a dog's age in dog's years.\n\t\"\"\"\n    return h_age * 7\n\n\ndef check(candidate):\n    assert candidate(12) == 61\n    assert candidate(15) == 73\n    assert candidate(24) == 109\n\ndef test_check():\n    check(dog_age)\n\ntest_check()\n",
      "timestamp": 1665509899,
      "stdout": "",
      "stderr": "Traceback (most recent call last):\n  File \"/tmp/tmp8h27ck4j.py\", line 16, in <module>\n    test_check()\n  File \"/tmp/tmp8h27ck4j.py\", line 14, in test_check\n    check(dog_age)\n  File \"/tmp/tmp8h27ck4j.py\", line 9, in check\n    assert candidate(12) == 61\nAssertionError\n",
      "exit_code": 1,
      "status": "Exception"
    },
    {
      "program": "def dog_age(h_age: int) -> int:\n    \"\"\"\n\tWrite a function to calculate a dog's age in dog's years.\n\t\"\"\"\n    return h_age * 7\n\n\ndef check(candidate):\n    assert candidate(12) == 61\n    assert candidate(15) == 73\n    assert candidate(24) == 109\n\ndef test_check():\n    check(dog_age)\n\ntest_check()\n",
      "timestamp": 1665509899,
      "stdout": "",
      "stderr": "Traceback (most recent call last):\n  File \"/tmp/tmp8h27ck4j.py\", line 16, in <module>\n    test_check()\n  File \"/tmp/tmp8h27ck4j.py\", line 14, in test_check\n    check(dog_age)\n  File \"/tmp/tmp8h27ck4j.py\", line 9, in check\n    assert candidate(12) == 61\nAssertionError\n",
      "exit_code": 1,
      "status": "Exception"
    },
    {
      "program": "def dog_age(h_age: int) -> int:\n    \"\"\"\n\tWrite a function to calculate a dog's age in dog's years.\n\t\"\"\"\n    return h_age * 7\n\n\ndef check(candidate):\n    assert candidate(12) == 61\n    assert candidate(15) == 73\n    assert candidate(24) == 109\n\ndef test_check():\n    check(dog_age)\n\ntest_check()\n",
      "timestamp": 1665509899,
      "stdout": "",
      "stderr": "Traceback (most recent call last):\n  File \"/tmp/tmp8h27ck4j.py\", line 16, in <module>\n    test_check()\n  File \"/tmp/tmp8h27ck4j.py\", line 14, in test_check\n    check(dog_age)\n  File \"/tmp/tmp8h27ck4j.py\", line 9, in check\n    assert candidate(12) == 61\nAssertionError\n",
      "exit_code": 1,
      "status": "Exception"
    },
    {
      "program": "def dog_age(h_age: int) -> int:\n    \"\"\"\n\tWrite a function to calculate a dog's age in dog's years.\n\t\"\"\"\n    return h_age * 7\n\n\ndef check(candidate):\n    assert candidate(12) == 61\n    assert candidate(15) == 73\n    assert candidate(24) == 109\n\ndef test_check():\n    check(dog_age)\n\ntest_check()\n",
      "timestamp": 1665509899,
      "stdout": "",
      "stderr": "Traceback (most recent call last):\n  File \"/tmp/tmp8h27ck4j.py\", line 16, in <module>\n    test_check()\n  File \"/tmp/tmp8h27ck4j.py\", line 14, in test_check\n    check(dog_age)\n  File \"/tmp/tmp8h27ck4j.py\", line 9, in check\n    assert candidate(12) == 61\nAssertionError\n",
      "exit_code": 1,
      "status": "Exception"
    },
    {
      "program": "def dog_age(h_age: int) -> int:\n    \"\"\"\n\tWrite a function to calculate a dog's age in dog's years.\n\t\"\"\"\n    return h_age * 7\n\n\ndef check(candidate):\n    assert candidate(12) == 61\n    assert candidate(15) == 73\n    assert candidate(24) == 109\n\ndef test_check():\n    check(dog_age)\n\ntest_check()\n",
      "timestamp": 1665509899,
      "stdout": "",
      "stderr": "Traceback (most recent call last):\n  File \"/tmp/tmp8h27ck4j.py\", line 16, in <module>\n    test_check()\n  File \"/tmp/tmp8h27ck4j.py\", line 14, in test_check\n    check(dog_age)\n  File \"/tmp/tmp8h27ck4j.py\", line 9, in check\n    assert candidate(12) == 61\nAssertionError\n",
      "exit_code": 1,
      "status": "Exception"
    },
    {
      "program": "def dog_age(h_age: int) -> int:\n    \"\"\"\n\tWrite a function to calculate a dog's age in dog's years.\n\t\"\"\"\n    return h_age * 7\n\n\ndef check(candidate):\n    assert candidate(12) == 61\n    assert candidate(15) == 73\n    assert candidate(24) == 109\n\ndef test_check():\n    check(dog_age)\n\ntest_check()\n",
      "timestamp": 1665509899,
      "stdout": "",
      "stderr": "Traceback (most recent call last):\n  File \"/tmp/tmp8h27ck4j.py\", line 16, in <module>\n    test_check()\n  File \"/tmp/tmp8h27ck4j.py\", line 14, in test_check\n    check(dog_age)\n  File \"/tmp/tmp8h27ck4j.py\", line 9, in check\n    assert candidate(12) == 61\nAssertionError\n",
      "exit_code": 1,
      "status": "Exception"
    },
    {
      "program": "def dog_age(h_age: int) -> int:\n    \"\"\"\n\tWrite a function to calculate a dog's age in dog's years.\n\t\"\"\"\n    return h_age * 7\n\n\ndef check(candidate):\n    assert candidate(12) == 61\n    assert candidate(15) == 73\n    assert candidate(24) == 109\n\ndef test_check():\n    check(dog_age)\n\ntest_check()\n",
      "timestamp": 1665509899,
      "stdout": "",
      "stderr": "Traceback (most recent call last):\n  File \"/tmp/tmp8h27ck4j.py\", line 16, in <module>\n    test_check()\n  File \"/tmp/tmp8h27ck4j.py\", line 14, in test_check\n    check(dog_age)\n  File \"/tmp/tmp8h27ck4j.py\", line 9, in check\n    assert candidate(12) == 61\nAssertionError\n",
      "exit_code": 1,
      "status": "Exception"
    },
    {
      "program": "def dog_age(h_age: int) -> int:\n    \"\"\"\n\tWrite a function to calculate a dog's age in dog's years.\n\t\"\"\"\n    return h_age * 7\n\n\ndef check(candidate):\n    assert candidate(12) == 61\n    assert candidate(15) == 73\n    assert candidate(24) == 109\n\ndef test_check():\n    check(dog_age)\n\ntest_check()\n",
      "timestamp": 1665509899,
      "stdout": "",
      "stderr": "Traceback (most recent call last):\n  File \"/tmp/tmp8h27ck4j.py\", line 16, in <module>\n    test_check()\n  File \"/tmp/tmp8h27ck4j.py\", line 14, in test_check\n    check(dog_age)\n  File \"/tmp/tmp8h27ck4j.py\", line 9, in check\n    assert candidate(12) == 61\nAssertionError\n",
      "exit_code": 1,
      "status": "Exception"
    },
    {
      "program": "def dog_age(h_age: int) -> int:\n    \"\"\"\n\tWrite a function to calculate a dog's age in dog's years.\n\t\"\"\"\n    return h_age * 7\n\n\ndef check(candidate):\n    assert candidate(12) == 61\n    assert candidate(15) == 73\n    assert candidate(24) == 109\n\ndef test_check():\n    check(dog_age)\n\ntest_check()\n",
      "timestamp": 1665509899,
      "stdout": "",
      "stderr": "Traceback (most recent call last):\n  File \"/tmp/tmp8h27ck4j.py\", line 16, in <module>\n    test_check()\n  File \"/tmp/tmp8h27ck4j.py\", line 14, in test_check\n    check(dog_age)\n  File \"/tmp/tmp8h27ck4j.py\", line 9, in check\n    assert candidate(12) == 61\nAssertionError\n",
      "exit_code": 1,
      "status": "Exception"
    },
    {
      "program": "def dog_age(h_age: int) -> int:\n    \"\"\"\n\tWrite a function to calculate a dog's age in dog's years.\n\t\"\"\"\n    return h_age * 7\n\n\ndef check(candidate):\n    assert candidate(12) == 61\n    assert candidate(15) == 73\n    assert candidate(24) == 109\n\ndef test_check():\n    check(dog_age)\n\ntest_check()\n",
      "timestamp": 1665509899,
      "stdout": "",
      "stderr": "Traceback (most recent call last):\n  File \"/tmp/tmp8h27ck4j.py\", line 16, in <module>\n    test_check()\n  File \"/tmp/tmp8h27ck4j.py\", line 14, in test_check\n    check(dog_age)\n  File \"/tmp/tmp8h27ck4j.py\", line 9, in check\n    assert candidate(12) == 61\nAssertionError\n",
      "exit_code": 1,
      "status": "Exception"
    },
    {
      "program": "def dog_age(h_age: int) -> int:\n    \"\"\"\n\tWrite a function to calculate a dog's age in dog's years.\n\t\"\"\"\n    return h_age * 7\n\n\ndef check(candidate):\n    assert candidate(12) == 61\n    assert candidate(15) == 73\n    assert candidate(24) == 109\n\ndef test_check():\n    check(dog_age)\n\ntest_check()\n",
      "timestamp": 1665509899,
      "stdout": "",
      "stderr": "Traceback (most recent call last):\n  File \"/tmp/tmp8h27ck4j.py\", line 16, in <module>\n    test_check()\n  File \"/tmp/tmp8h27ck4j.py\", line 14, in test_check\n    check(dog_age)\n  File \"/tmp/tmp8h27ck4j.py\", line 9, in check\n    assert candidate(12) == 61\nAssertionError\n",
      "exit_code": 1,
      "status": "Exception"
    },
    {
      "program": "def dog_age(h_age: int) -> int:\n    \"\"\"\n\tWrite a function to calculate a dog's age in dog's years.\n\t\"\"\"\n    return h_age * 7\n\n\ndef check(candidate):\n    assert candidate(12) == 61\n    assert candidate(15) == 73\n    assert candidate(24) == 109\n\ndef test_check():\n    check(dog_age)\n\ntest_check()\n",
      "timestamp": 1665509899,
      "stdout": "",
      "stderr": "Traceback (most recent call last):\n  File \"/tmp/tmp8h27ck4j.py\", line 16, in <module>\n    test_check()\n  File \"/tmp/tmp8h27ck4j.py\", line 14, in test_check\n    check(dog_age)\n  File \"/tmp/tmp8h27ck4j.py\", line 9, in check\n    assert candidate(12) == 61\nAssertionError\n",
      "exit_code": 1,
      "status": "Exception"
    },
    {
      "program": "def dog_age(h_age: int) -> int:\n    \"\"\"\n\tWrite a function to calculate a dog's age in dog's years.\n\t\"\"\"\n    return h_age * 7\n\n\ndef check(candidate):\n    assert candidate(12) == 61\n    assert candidate(15) == 73\n    assert candidate(24) == 109\n\ndef test_check():\n    check(dog_age)\n\ntest_check()\n",
      "timestamp": 1665509899,
      "stdout": "",
      "stderr": "Traceback (most recent call last):\n  File \"/tmp/tmp8h27ck4j.py\", line 16, in <module>\n    test_check()\n  File \"/tmp/tmp8h27ck4j.py\", line 14, in test_check\n    check(dog_age)\n  File \"/tmp/tmp8h27ck4j.py\", line 9, in check\n    assert candidate(12) == 61\nAssertionError\n",
      "exit_code": 1,
      "status": "Exception"
    },
    {
      "program": "def dog_age(h_age: int) -> int:\n    \"\"\"\n\tWrite a function to calculate a dog's age in dog's years.\n\t\"\"\"\n    return h_age * 7\n\n\ndef check(candidate):\n    assert candidate(12) == 61\n    assert candidate(15) == 73\n    assert candidate(24) == 109\n\ndef test_check():\n    check(dog_age)\n\ntest_check()\n",
      "timestamp": 1665509899,
      "stdout": "",
      "stderr": "Traceback (most recent call last):\n  File \"/tmp/tmp8h27ck4j.py\", line 16, in <module>\n    test_check()\n  File \"/tmp/tmp8h27ck4j.py\", line 14, in test_check\n    check(dog_age)\n  File \"/tmp/tmp8h27ck4j.py\", line 9, in check\n    assert candidate(12) == 61\nAssertionError\n",
      "exit_code": 1,
      "status": "Exception"
    },
    {
      "program": "def dog_age(h_age: int) -> int:\n    \"\"\"\n\tWrite a function to calculate a dog's age in dog's years.\n\t\"\"\"\n    return h_age * 7\n\n\ndef check(candidate):\n    assert candidate(12) == 61\n    assert candidate(15) == 73\n    assert candidate(24) == 109\n\ndef test_check():\n    check(dog_age)\n\ntest_check()\n",
      "timestamp": 1665509899,
      "stdout": "",
      "stderr": "Traceback (most recent call last):\n  File \"/tmp/tmp8h27ck4j.py\", line 16, in <module>\n    test_check()\n  File \"/tmp/tmp8h27ck4j.py\", line 14, in test_check\n    check(dog_age)\n  File \"/tmp/tmp8h27ck4j.py\", line 9, in check\n    assert candidate(12) == 61\nAssertionError\n",
      "exit_code": 1,
      "status": "Exception"
    },
    {
      "program": "def dog_age(h_age: int) -> int:\n    \"\"\"\n\tWrite a function to calculate a dog's age in dog's years.\n\t\"\"\"\n    return h_age * 7\n\n\ndef check(candidate):\n    assert candidate(12) == 61\n    assert candidate(15) == 73\n    assert candidate(24) == 109\n\ndef test_check():\n    check(dog_age)\n\ntest_check()\n",
      "timestamp": 1665509899,
      "stdout": "",
      "stderr": "Traceback (most recent call last):\n  File \"/tmp/tmp8h27ck4j.py\", line 16, in <module>\n    test_check()\n  File \"/tmp/tmp8h27ck4j.py\", line 14, in test_check\n    check(dog_age)\n  File \"/tmp/tmp8h27ck4j.py\", line 9, in check\n    assert candidate(12) == 61\nAssertionError\n",
      "exit_code": 1,
      "status": "Exception"
    },
    {
      "program": "def dog_age(h_age: int) -> int:\n    \"\"\"\n\tWrite a function to calculate a dog's age in dog's years.\n\t\"\"\"\n    return h_age * 7\n\n\ndef check(candidate):\n    assert candidate(12) == 61\n    assert candidate(15) == 73\n    assert candidate(24) == 109\n\ndef test_check():\n    check(dog_age)\n\ntest_check()\n",
      "timestamp": 1665509899,
      "stdout": "",
      "stderr": "Traceback (most recent call last):\n  File \"/tmp/tmp8h27ck4j.py\", line 16, in <module>\n    test_check()\n  File \"/tmp/tmp8h27ck4j.py\", line 14, in test_check\n    check(dog_age)\n  File \"/tmp/tmp8h27ck4j.py\", line 9, in check\n    assert candidate(12) == 61\nAssertionError\n",
      "exit_code": 1,
      "status": "Exception"
    },
    {
      "program": "def dog_age(h_age: int) -> int:\n    \"\"\"\n\tWrite a function to calculate a dog's age in dog's years.\n\t\"\"\"\n    return h_age * 7\n\n\ndef check(candidate):\n    assert candidate(12) == 61\n    assert candidate(15) == 73\n    assert candidate(24) == 109\n\ndef test_check():\n    check(dog_age)\n\ntest_check()\n",
      "timestamp": 1665509899,
      "stdout": "",
      "stderr": "Traceback (most recent call last):\n  File \"/tmp/tmp8h27ck4j.py\", line 16, in <module>\n    test_check()\n  File \"/tmp/tmp8h27ck4j.py\", line 14, in test_check\n    check(dog_age)\n  File \"/tmp/tmp8h27ck4j.py\", line 9, in check\n    assert candidate(12) == 61\nAssertionError\n",
      "exit_code": 1,
      "status": "Exception"
    },
    {
      "program": "def dog_age(h_age: int) -> int:\n    \"\"\"\n\tWrite a function to calculate a dog's age in dog's years.\n\t\"\"\"\n    return h_age * 7\n\n\ndef check(candidate):\n    assert candidate(12) == 61\n    assert candidate(15) == 73\n    assert candidate(24) == 109\n\ndef test_check():\n    check(dog_age)\n\ntest_check()\n",
      "timestamp": 1665509899,
      "stdout": "",
      "stderr": "Traceback (most recent call last):\n  File \"/tmp/tmp8h27ck4j.py\", line 16, in <module>\n    test_check()\n  File \"/tmp/tmp8h27ck4j.py\", line 14, in test_check\n    check(dog_age)\n  File \"/tmp/tmp8h27ck4j.py\", line 9, in check\n    assert candidate(12) == 61\nAssertionError\n",
      "exit_code": 1,
      "status": "Exception"
    },
    {
      "program": "def dog_age(h_age: int) -> int:\n    \"\"\"\n\tWrite a function to calculate a dog's age in dog's years.\n\t\"\"\"\n    return h_age * 7\n\n\ndef check(candidate):\n    assert candidate(12) == 61\n    assert candidate(15) == 73\n    assert candidate(24) == 109\n\ndef test_check():\n    check(dog_age)\n\ntest_check()\n",
      "timestamp": 1665509899,
      "stdout": "",
      "stderr": "Traceback (most recent call last):\n  File \"/tmp/tmp8h27ck4j.py\", line 16, in <module>\n    test_check()\n  File \"/tmp/tmp8h27ck4j.py\", line 14, in test_check\n    check(dog_age)\n  File \"/tmp/tmp8h27ck4j.py\", line 9, in check\n    assert candidate(12) == 61\nAssertionError\n",
      "exit_code": 1,
      "status": "Exception"
    },
    {
      "program": "def dog_age(h_age: int) -> int:\n    \"\"\"\n\tWrite a function to calculate a dog's age in dog's years.\n\t\"\"\"\n    return h_age * 7\n\n\ndef check(candidate):\n    assert candidate(12) == 61\n    assert candidate(15) == 73\n    assert candidate(24) == 109\n\ndef test_check():\n    check(dog_age)\n\ntest_check()\n",
      "timestamp": 1665509899,
      "stdout": "",
      "stderr": "Traceback (most recent call last):\n  File \"/tmp/tmp8h27ck4j.py\", line 16, in <module>\n    test_check()\n  File \"/tmp/tmp8h27ck4j.py\", line 14, in test_check\n    check(dog_age)\n  File \"/tmp/tmp8h27ck4j.py\", line 9, in check\n    assert candidate(12) == 61\nAssertionError\n",
      "exit_code": 1,
      "status": "Exception"
    },
    {
      "program": "def dog_age(h_age: int) -> int:\n    \"\"\"\n\tWrite a function to calculate a dog's age in dog's years.\n\t\"\"\"\n    return h_age * 7\n\n\ndef check(candidate):\n    assert candidate(12) == 61\n    assert candidate(15) == 73\n    assert candidate(24) == 109\n\ndef test_check():\n    check(dog_age)\n\ntest_check()\n",
      "timestamp": 1665509899,
      "stdout": "",
      "stderr": "Traceback (most recent call last):\n  File \"/tmp/tmp8h27ck4j.py\", line 16, in <module>\n    test_check()\n  File \"/tmp/tmp8h27ck4j.py\", line 14, in test_check\n    check(dog_age)\n  File \"/tmp/tmp8h27ck4j.py\", line 9, in check\n    assert candidate(12) == 61\nAssertionError\n",
      "exit_code": 1,
      "status": "Exception"
    },
    {
      "program": "def dog_age(h_age: int) -> int:\n    \"\"\"\n\tWrite a function to calculate a dog's age in dog's years.\n\t\"\"\"\n    return h_age * 7\n\n\ndef check(candidate):\n    assert candidate(12) == 61\n    assert candidate(15) == 73\n    assert candidate(24) == 109\n\ndef test_check():\n    check(dog_age)\n\ntest_check()\n",
      "timestamp": 1665509899,
      "stdout": "",
      "stderr": "Traceback (most recent call last):\n  File \"/tmp/tmp8h27ck4j.py\", line 16, in <module>\n    test_check()\n  File \"/tmp/tmp8h27ck4j.py\", line 14, in test_check\n    check(dog_age)\n  File \"/tmp/tmp8h27ck4j.py\", line 9, in check\n    assert candidate(12) == 61\nAssertionError\n",
      "exit_code": 1,
      "status": "Exception"
    },
    {
      "program": "def dog_age(h_age: int) -> int:\n    \"\"\"\n\tWrite a function to calculate a dog's age in dog's years.\n\t\"\"\"\n    return h_age * 7\n\n\ndef check(candidate):\n    assert candidate(12) == 61\n    assert candidate(15) == 73\n    assert candidate(24) == 109\n\ndef test_check():\n    check(dog_age)\n\ntest_check()\n",
      "timestamp": 1665509899,
      "stdout": "",
      "stderr": "Traceback (most recent call last):\n  File \"/tmp/tmp8h27ck4j.py\", line 16, in <module>\n    test_check()\n  File \"/tmp/tmp8h27ck4j.py\", line 14, in test_check\n    check(dog_age)\n  File \"/tmp/tmp8h27ck4j.py\", line 9, in check\n    assert candidate(12) == 61\nAssertionError\n",
      "exit_code": 1,
      "status": "Exception"
    },
    {
      "program": "def dog_age(h_age: int) -> int:\n    \"\"\"\n\tWrite a function to calculate a dog's age in dog's years.\n\t\"\"\"\n    return h_age * 7\n\n\ndef check(candidate):\n    assert candidate(12) == 61\n    assert candidate(15) == 73\n    assert candidate(24) == 109\n\ndef test_check():\n    check(dog_age)\n\ntest_check()\n",
      "timestamp": 1665509899,
      "stdout": "",
      "stderr": "Traceback (most recent call last):\n  File \"/tmp/tmp8h27ck4j.py\", line 16, in <module>\n    test_check()\n  File \"/tmp/tmp8h27ck4j.py\", line 14, in test_check\n    check(dog_age)\n  File \"/tmp/tmp8h27ck4j.py\", line 9, in check\n    assert candidate(12) == 61\nAssertionError\n",
      "exit_code": 1,
      "status": "Exception"
    },
    {
      "program": "def dog_age(h_age: int) -> int:\n    \"\"\"\n\tWrite a function to calculate a dog's age in dog's years.\n\t\"\"\"\n    return h_age * 7\n\n\ndef check(candidate):\n    assert candidate(12) == 61\n    assert candidate(15) == 73\n    assert candidate(24) == 109\n\ndef test_check():\n    check(dog_age)\n\ntest_check()\n",
      "timestamp": 1665509899,
      "stdout": "",
      "stderr": "Traceback (most recent call last):\n  File \"/tmp/tmp8h27ck4j.py\", line 16, in <module>\n    test_check()\n  File \"/tmp/tmp8h27ck4j.py\", line 14, in test_check\n    check(dog_age)\n  File \"/tmp/tmp8h27ck4j.py\", line 9, in check\n    assert candidate(12) == 61\nAssertionError\n",
      "exit_code": 1,
      "status": "Exception"
    },
    {
      "program": "def dog_age(h_age: int) -> int:\n    \"\"\"\n\tWrite a function to calculate a dog's age in dog's years.\n\t\"\"\"\n    return h_age * 7\n\n\ndef check(candidate):\n    assert candidate(12) == 61\n    assert candidate(15) == 73\n    assert candidate(24) == 109\n\ndef test_check():\n    check(dog_age)\n\ntest_check()\n",
      "timestamp": 1665509899,
      "stdout": "",
      "stderr": "Traceback (most recent call last):\n  File \"/tmp/tmp8h27ck4j.py\", line 16, in <module>\n    test_check()\n  File \"/tmp/tmp8h27ck4j.py\", line 14, in test_check\n    check(dog_age)\n  File \"/tmp/tmp8h27ck4j.py\", line 9, in check\n    assert candidate(12) == 61\nAssertionError\n",
      "exit_code": 1,
      "status": "Exception"
    },
    {
      "program": "def dog_age(h_age: int) -> int:\n    \"\"\"\n\tWrite a function to calculate a dog's age in dog's years.\n\t\"\"\"\n    return h_age * 7\n\n\ndef check(candidate):\n    assert candidate(12) == 61\n    assert candidate(15) == 73\n    assert candidate(24) == 109\n\ndef test_check():\n    check(dog_age)\n\ntest_check()\n",
      "timestamp": 1665509899,
      "stdout": "",
      "stderr": "Traceback (most recent call last):\n  File \"/tmp/tmp8h27ck4j.py\", line 16, in <module>\n    test_check()\n  File \"/tmp/tmp8h27ck4j.py\", line 14, in test_check\n    check(dog_age)\n  File \"/tmp/tmp8h27ck4j.py\", line 9, in check\n    assert candidate(12) == 61\nAssertionError\n",
      "exit_code": 1,
      "status": "Exception"
    },
    {
      "program": "def dog_age(h_age: int) -> int:\n    \"\"\"\n\tWrite a function to calculate a dog's age in dog's years.\n\t\"\"\"\n    return h_age * 7\n\n\ndef check(candidate):\n    assert candidate(12) == 61\n    assert candidate(15) == 73\n    assert candidate(24) == 109\n\ndef test_check():\n    check(dog_age)\n\ntest_check()\n",
      "timestamp": 1665509899,
      "stdout": "",
      "stderr": "Traceback (most recent call last):\n  File \"/tmp/tmp8h27ck4j.py\", line 16, in <module>\n    test_check()\n  File \"/tmp/tmp8h27ck4j.py\", line 14, in test_check\n    check(dog_age)\n  File \"/tmp/tmp8h27ck4j.py\", line 9, in check\n    assert candidate(12) == 61\nAssertionError\n",
      "exit_code": 1,
      "status": "Exception"
    },
    {
      "program": "def dog_age(h_age: int) -> int:\n    \"\"\"\n\tWrite a function to calculate a dog's age in dog's years.\n\t\"\"\"\n    return h_age * 7\n\n\ndef check(candidate):\n    assert candidate(12) == 61\n    assert candidate(15) == 73\n    assert candidate(24) == 109\n\ndef test_check():\n    check(dog_age)\n\ntest_check()\n",
      "timestamp": 1665509899,
      "stdout": "",
      "stderr": "Traceback (most recent call last):\n  File \"/tmp/tmp8h27ck4j.py\", line 16, in <module>\n    test_check()\n  File \"/tmp/tmp8h27ck4j.py\", line 14, in test_check\n    check(dog_age)\n  File \"/tmp/tmp8h27ck4j.py\", line 9, in check\n    assert candidate(12) == 61\nAssertionError\n",
      "exit_code": 1,
      "status": "Exception"
    },
    {
      "program": "def dog_age(h_age: int) -> int:\n    \"\"\"\n\tWrite a function to calculate a dog's age in dog's years.\n\t\"\"\"\n    return h_age * 7\n\n\ndef check(candidate):\n    assert candidate(12) == 61\n    assert candidate(15) == 73\n    assert candidate(24) == 109\n\ndef test_check():\n    check(dog_age)\n\ntest_check()\n",
      "timestamp": 1665509899,
      "stdout": "",
      "stderr": "Traceback (most recent call last):\n  File \"/tmp/tmp8h27ck4j.py\", line 16, in <module>\n    test_check()\n  File \"/tmp/tmp8h27ck4j.py\", line 14, in test_check\n    check(dog_age)\n  File \"/tmp/tmp8h27ck4j.py\", line 9, in check\n    assert candidate(12) == 61\nAssertionError\n",
      "exit_code": 1,
      "status": "Exception"
    },
    {
      "program": "def dog_age(h_age: int) -> int:\n    \"\"\"\n\tWrite a function to calculate a dog's age in dog's years.\n\t\"\"\"\n    return h_age * 7\n\n\ndef check(candidate):\n    assert candidate(12) == 61\n    assert candidate(15) == 73\n    assert candidate(24) == 109\n\ndef test_check():\n    check(dog_age)\n\ntest_check()\n",
      "timestamp": 1665509899,
      "stdout": "",
      "stderr": "Traceback (most recent call last):\n  File \"/tmp/tmp8h27ck4j.py\", line 16, in <module>\n    test_check()\n  File \"/tmp/tmp8h27ck4j.py\", line 14, in test_check\n    check(dog_age)\n  File \"/tmp/tmp8h27ck4j.py\", line 9, in check\n    assert candidate(12) == 61\nAssertionError\n",
      "exit_code": 1,
      "status": "Exception"
    },
    {
      "program": "def dog_age(h_age: int) -> int:\n    \"\"\"\n\tWrite a function to calculate a dog's age in dog's years.\n\t\"\"\"\n    return h_age * 7\n\n\ndef check(candidate):\n    assert candidate(12) == 61\n    assert candidate(15) == 73\n    assert candidate(24) == 109\n\ndef test_check():\n    check(dog_age)\n\ntest_check()\n",
      "timestamp": 1665509899,
      "stdout": "",
      "stderr": "Traceback (most recent call last):\n  File \"/tmp/tmp8h27ck4j.py\", line 16, in <module>\n    test_check()\n  File \"/tmp/tmp8h27ck4j.py\", line 14, in test_check\n    check(dog_age)\n  File \"/tmp/tmp8h27ck4j.py\", line 9, in check\n    assert candidate(12) == 61\nAssertionError\n",
      "exit_code": 1,
      "status": "Exception"
    },
    {
      "program": "def dog_age(h_age: int) -> int:\n    \"\"\"\n\tWrite a function to calculate a dog's age in dog's years.\n\t\"\"\"\n    return h_age * 7\n\n\ndef check(candidate):\n    assert candidate(12) == 61\n    assert candidate(15) == 73\n    assert candidate(24) == 109\n\ndef test_check():\n    check(dog_age)\n\ntest_check()\n",
      "timestamp": 1665509899,
      "stdout": "",
      "stderr": "Traceback (most recent call last):\n  File \"/tmp/tmp8h27ck4j.py\", line 16, in <module>\n    test_check()\n  File \"/tmp/tmp8h27ck4j.py\", line 14, in test_check\n    check(dog_age)\n  File \"/tmp/tmp8h27ck4j.py\", line 9, in check\n    assert candidate(12) == 61\nAssertionError\n",
      "exit_code": 1,
      "status": "Exception"
    },
    {
      "program": "def dog_age(h_age: int) -> int:\n    \"\"\"\n\tWrite a function to calculate a dog's age in dog's years.\n\t\"\"\"\n    return h_age * 7\n\n\ndef check(candidate):\n    assert candidate(12) == 61\n    assert candidate(15) == 73\n    assert candidate(24) == 109\n\ndef test_check():\n    check(dog_age)\n\ntest_check()\n",
      "timestamp": 1665509899,
      "stdout": "",
      "stderr": "Traceback (most recent call last):\n  File \"/tmp/tmp8h27ck4j.py\", line 16, in <module>\n    test_check()\n  File \"/tmp/tmp8h27ck4j.py\", line 14, in test_check\n    check(dog_age)\n  File \"/tmp/tmp8h27ck4j.py\", line 9, in check\n    assert candidate(12) == 61\nAssertionError\n",
      "exit_code": 1,
      "status": "Exception"
    },
    {
      "program": "def dog_age(h_age: int) -> int:\n    \"\"\"\n\tWrite a function to calculate a dog's age in dog's years.\n\t\"\"\"\n    return h_age * 7\n\n\ndef check(candidate):\n    assert candidate(12) == 61\n    assert candidate(15) == 73\n    assert candidate(24) == 109\n\ndef test_check():\n    check(dog_age)\n\ntest_check()\n",
      "timestamp": 1665509899,
      "stdout": "",
      "stderr": "Traceback (most recent call last):\n  File \"/tmp/tmp8h27ck4j.py\", line 16, in <module>\n    test_check()\n  File \"/tmp/tmp8h27ck4j.py\", line 14, in test_check\n    check(dog_age)\n  File \"/tmp/tmp8h27ck4j.py\", line 9, in check\n    assert candidate(12) == 61\nAssertionError\n",
      "exit_code": 1,
      "status": "Exception"
    },
    {
      "program": "def dog_age(h_age: int) -> int:\n    \"\"\"\n\tWrite a function to calculate a dog's age in dog's years.\n\t\"\"\"\n    return h_age * 7\n\n\ndef check(candidate):\n    assert candidate(12) == 61\n    assert candidate(15) == 73\n    assert candidate(24) == 109\n\ndef test_check():\n    check(dog_age)\n\ntest_check()\n",
      "timestamp": 1665509899,
      "stdout": "",
      "stderr": "Traceback (most recent call last):\n  File \"/tmp/tmp8h27ck4j.py\", line 16, in <module>\n    test_check()\n  File \"/tmp/tmp8h27ck4j.py\", line 14, in test_check\n    check(dog_age)\n  File \"/tmp/tmp8h27ck4j.py\", line 9, in check\n    assert candidate(12) == 61\nAssertionError\n",
      "exit_code": 1,
      "status": "Exception"
    },
    {
      "program": "def dog_age(h_age: int) -> int:\n    \"\"\"\n\tWrite a function to calculate a dog's age in dog's years.\n\t\"\"\"\n    return h_age * 7\n\n\ndef check(candidate):\n    assert candidate(12) == 61\n    assert candidate(15) == 73\n    assert candidate(24) == 109\n\ndef test_check():\n    check(dog_age)\n\ntest_check()\n",
      "timestamp": 1665509899,
      "stdout": "",
      "stderr": "Traceback (most recent call last):\n  File \"/tmp/tmp8h27ck4j.py\", line 16, in <module>\n    test_check()\n  File \"/tmp/tmp8h27ck4j.py\", line 14, in test_check\n    check(dog_age)\n  File \"/tmp/tmp8h27ck4j.py\", line 9, in check\n    assert candidate(12) == 61\nAssertionError\n",
      "exit_code": 1,
      "status": "Exception"
    },
    {
      "program": "def dog_age(h_age: int) -> int:\n    \"\"\"\n\tWrite a function to calculate a dog's age in dog's years.\n\t\"\"\"\n    return h_age * 7\n\n\ndef check(candidate):\n    assert candidate(12) == 61\n    assert candidate(15) == 73\n    assert candidate(24) == 109\n\ndef test_check():\n    check(dog_age)\n\ntest_check()\n",
      "timestamp": 1665509899,
      "stdout": "",
      "stderr": "Traceback (most recent call last):\n  File \"/tmp/tmp8h27ck4j.py\", line 16, in <module>\n    test_check()\n  File \"/tmp/tmp8h27ck4j.py\", line 14, in test_check\n    check(dog_age)\n  File \"/tmp/tmp8h27ck4j.py\", line 9, in check\n    assert candidate(12) == 61\nAssertionError\n",
      "exit_code": 1,
      "status": "Exception"
    },
    {
      "program": "def dog_age(h_age: int) -> int:\n    \"\"\"\n\tWrite a function to calculate a dog's age in dog's years.\n\t\"\"\"\n    return h_age * 7\n\n\ndef check(candidate):\n    assert candidate(12) == 61\n    assert candidate(15) == 73\n    assert candidate(24) == 109\n\ndef test_check():\n    check(dog_age)\n\ntest_check()\n",
      "timestamp": 1665509899,
      "stdout": "",
      "stderr": "Traceback (most recent call last):\n  File \"/tmp/tmp8h27ck4j.py\", line 16, in <module>\n    test_check()\n  File \"/tmp/tmp8h27ck4j.py\", line 14, in test_check\n    check(dog_age)\n  File \"/tmp/tmp8h27ck4j.py\", line 9, in check\n    assert candidate(12) == 61\nAssertionError\n",
      "exit_code": 1,
      "status": "Exception"
    },
    {
      "program": "def dog_age(h_age: int) -> int:\n    \"\"\"\n\tWrite a function to calculate a dog's age in dog's years.\n\t\"\"\"\n    return h_age * 7\n\n\ndef check(candidate):\n    assert candidate(12) == 61\n    assert candidate(15) == 73\n    assert candidate(24) == 109\n\ndef test_check():\n    check(dog_age)\n\ntest_check()\n",
      "timestamp": 1665509899,
      "stdout": "",
      "stderr": "Traceback (most recent call last):\n  File \"/tmp/tmp8h27ck4j.py\", line 16, in <module>\n    test_check()\n  File \"/tmp/tmp8h27ck4j.py\", line 14, in test_check\n    check(dog_age)\n  File \"/tmp/tmp8h27ck4j.py\", line 9, in check\n    assert candidate(12) == 61\nAssertionError\n",
      "exit_code": 1,
      "status": "Exception"
    },
    {
      "program": "def dog_age(h_age: int) -> int:\n    \"\"\"\n\tWrite a function to calculate a dog's age in dog's years.\n\t\"\"\"\n    return h_age * 7\n\n\ndef check(candidate):\n    assert candidate(12) == 61\n    assert candidate(15) == 73\n    assert candidate(24) == 109\n\ndef test_check():\n    check(dog_age)\n\ntest_check()\n",
      "timestamp": 1665509899,
      "stdout": "",
      "stderr": "Traceback (most recent call last):\n  File \"/tmp/tmp8h27ck4j.py\", line 16, in <module>\n    test_check()\n  File \"/tmp/tmp8h27ck4j.py\", line 14, in test_check\n    check(dog_age)\n  File \"/tmp/tmp8h27ck4j.py\", line 9, in check\n    assert candidate(12) == 61\nAssertionError\n",
      "exit_code": 1,
      "status": "Exception"
    },
    {
      "program": "def dog_age(h_age: int) -> int:\n    \"\"\"\n\tWrite a function to calculate a dog's age in dog's years.\n\t\"\"\"\n    return h_age * 7\n\n\ndef check(candidate):\n    assert candidate(12) == 61\n    assert candidate(15) == 73\n    assert candidate(24) == 109\n\ndef test_check():\n    check(dog_age)\n\ntest_check()\n",
      "timestamp": 1665509899,
      "stdout": "",
      "stderr": "Traceback (most recent call last):\n  File \"/tmp/tmp8h27ck4j.py\", line 16, in <module>\n    test_check()\n  File \"/tmp/tmp8h27ck4j.py\", line 14, in test_check\n    check(dog_age)\n  File \"/tmp/tmp8h27ck4j.py\", line 9, in check\n    assert candidate(12) == 61\nAssertionError\n",
      "exit_code": 1,
      "status": "Exception"
    },
    {
      "program": "def dog_age(h_age: int) -> int:\n    \"\"\"\n\tWrite a function to calculate a dog's age in dog's years.\n\t\"\"\"\n    return h_age * 7\n\n\ndef check(candidate):\n    assert candidate(12) == 61\n    assert candidate(15) == 73\n    assert candidate(24) == 109\n\ndef test_check():\n    check(dog_age)\n\ntest_check()\n",
      "timestamp": 1665509899,
      "stdout": "",
      "stderr": "Traceback (most recent call last):\n  File \"/tmp/tmp8h27ck4j.py\", line 16, in <module>\n    test_check()\n  File \"/tmp/tmp8h27ck4j.py\", line 14, in test_check\n    check(dog_age)\n  File \"/tmp/tmp8h27ck4j.py\", line 9, in check\n    assert candidate(12) == 61\nAssertionError\n",
      "exit_code": 1,
      "status": "Exception"
    },
    {
      "program": "def dog_age(h_age: int) -> int:\n    \"\"\"\n\tWrite a function to calculate a dog's age in dog's years.\n\t\"\"\"\n    return h_age * 7\n\n\ndef check(candidate):\n    assert candidate(12) == 61\n    assert candidate(15) == 73\n    assert candidate(24) == 109\n\ndef test_check():\n    check(dog_age)\n\ntest_check()\n",
      "timestamp": 1665509899,
      "stdout": "",
      "stderr": "Traceback (most recent call last):\n  File \"/tmp/tmp8h27ck4j.py\", line 16, in <module>\n    test_check()\n  File \"/tmp/tmp8h27ck4j.py\", line 14, in test_check\n    check(dog_age)\n  File \"/tmp/tmp8h27ck4j.py\", line 9, in check\n    assert candidate(12) == 61\nAssertionError\n",
      "exit_code": 1,
      "status": "Exception"
    },
    {
      "program": "def dog_age(h_age: int) -> int:\n    \"\"\"\n\tWrite a function to calculate a dog's age in dog's years.\n\t\"\"\"\n    return h_age * 7\n\n\ndef check(candidate):\n    assert candidate(12) == 61\n    assert candidate(15) == 73\n    assert candidate(24) == 109\n\ndef test_check():\n    check(dog_age)\n\ntest_check()\n",
      "timestamp": 1665509899,
      "stdout": "",
      "stderr": "Traceback (most recent call last):\n  File \"/tmp/tmp8h27ck4j.py\", line 16, in <module>\n    test_check()\n  File \"/tmp/tmp8h27ck4j.py\", line 14, in test_check\n    check(dog_age)\n  File \"/tmp/tmp8h27ck4j.py\", line 9, in check\n    assert candidate(12) == 61\nAssertionError\n",
      "exit_code": 1,
      "status": "Exception"
    },
    {
      "program": "def dog_age(h_age: int) -> int:\n    \"\"\"\n\tWrite a function to calculate a dog's age in dog's years.\n\t\"\"\"\n    return h_age * 7\n\n\ndef check(candidate):\n    assert candidate(12) == 61\n    assert candidate(15) == 73\n    assert candidate(24) == 109\n\ndef test_check():\n    check(dog_age)\n\ntest_check()\n",
      "timestamp": 1665509899,
      "stdout": "",
      "stderr": "Traceback (most recent call last):\n  File \"/tmp/tmp8h27ck4j.py\", line 16, in <module>\n    test_check()\n  File \"/tmp/tmp8h27ck4j.py\", line 14, in test_check\n    check(dog_age)\n  File \"/tmp/tmp8h27ck4j.py\", line 9, in check\n    assert candidate(12) == 61\nAssertionError\n",
      "exit_code": 1,
      "status": "Exception"
    },
    {
      "program": "def dog_age(h_age: int) -> int:\n    \"\"\"\n\tWrite a function to calculate a dog's age in dog's years.\n\t\"\"\"\n    return h_age * 7\n\n\ndef check(candidate):\n    assert candidate(12) == 61\n    assert candidate(15) == 73\n    assert candidate(24) == 109\n\ndef test_check():\n    check(dog_age)\n\ntest_check()\n",
      "timestamp": 1665509899,
      "stdout": "",
      "stderr": "Traceback (most recent call last):\n  File \"/tmp/tmp8h27ck4j.py\", line 16, in <module>\n    test_check()\n  File \"/tmp/tmp8h27ck4j.py\", line 14, in test_check\n    check(dog_age)\n  File \"/tmp/tmp8h27ck4j.py\", line 9, in check\n    assert candidate(12) == 61\nAssertionError\n",
      "exit_code": 1,
      "status": "Exception"
    },
    {
      "program": "def dog_age(h_age: int) -> int:\n    \"\"\"\n\tWrite a function to calculate a dog's age in dog's years.\n\t\"\"\"\n    return h_age * 7\n\n\ndef check(candidate):\n    assert candidate(12) == 61\n    assert candidate(15) == 73\n    assert candidate(24) == 109\n\ndef test_check():\n    check(dog_age)\n\ntest_check()\n",
      "timestamp": 1665509899,
      "stdout": "",
      "stderr": "Traceback (most recent call last):\n  File \"/tmp/tmp8h27ck4j.py\", line 16, in <module>\n    test_check()\n  File \"/tmp/tmp8h27ck4j.py\", line 14, in test_check\n    check(dog_age)\n  File \"/tmp/tmp8h27ck4j.py\", line 9, in check\n    assert candidate(12) == 61\nAssertionError\n",
      "exit_code": 1,
      "status": "Exception"
    },
    {
      "program": "def dog_age(h_age: int) -> int:\n    \"\"\"\n\tWrite a function to calculate a dog's age in dog's years.\n\t\"\"\"\n    return h_age * 7\n\n\ndef check(candidate):\n    assert candidate(12) == 61\n    assert candidate(15) == 73\n    assert candidate(24) == 109\n\ndef test_check():\n    check(dog_age)\n\ntest_check()\n",
      "timestamp": 1665509899,
      "stdout": "",
      "stderr": "Traceback (most recent call last):\n  File \"/tmp/tmp8h27ck4j.py\", line 16, in <module>\n    test_check()\n  File \"/tmp/tmp8h27ck4j.py\", line 14, in test_check\n    check(dog_age)\n  File \"/tmp/tmp8h27ck4j.py\", line 9, in check\n    assert candidate(12) == 61\nAssertionError\n",
      "exit_code": 1,
      "status": "Exception"
    },
    {
      "program": "def dog_age(h_age: int) -> int:\n    \"\"\"\n\tWrite a function to calculate a dog's age in dog's years.\n\t\"\"\"\n    return h_age * 7\n\n\ndef check(candidate):\n    assert candidate(12) == 61\n    assert candidate(15) == 73\n    assert candidate(24) == 109\n\ndef test_check():\n    check(dog_age)\n\ntest_check()\n",
      "timestamp": 1665509899,
      "stdout": "",
      "stderr": "Traceback (most recent call last):\n  File \"/tmp/tmp8h27ck4j.py\", line 16, in <module>\n    test_check()\n  File \"/tmp/tmp8h27ck4j.py\", line 14, in test_check\n    check(dog_age)\n  File \"/tmp/tmp8h27ck4j.py\", line 9, in check\n    assert candidate(12) == 61\nAssertionError\n",
      "exit_code": 1,
      "status": "Exception"
    },
    {
      "program": "def dog_age(h_age: int) -> int:\n    \"\"\"\n\tWrite a function to calculate a dog's age in dog's years.\n\t\"\"\"\n    return h_age * 7\n\n\ndef check(candidate):\n    assert candidate(12) == 61\n    assert candidate(15) == 73\n    assert candidate(24) == 109\n\ndef test_check():\n    check(dog_age)\n\ntest_check()\n",
      "timestamp": 1665509899,
      "stdout": "",
      "stderr": "Traceback (most recent call last):\n  File \"/tmp/tmp8h27ck4j.py\", line 16, in <module>\n    test_check()\n  File \"/tmp/tmp8h27ck4j.py\", line 14, in test_check\n    check(dog_age)\n  File \"/tmp/tmp8h27ck4j.py\", line 9, in check\n    assert candidate(12) == 61\nAssertionError\n",
      "exit_code": 1,
      "status": "Exception"
    },
    {
      "program": "def dog_age(h_age: int) -> int:\n    \"\"\"\n\tWrite a function to calculate a dog's age in dog's years.\n\t\"\"\"\n    return h_age * 7\n\n\ndef check(candidate):\n    assert candidate(12) == 61\n    assert candidate(15) == 73\n    assert candidate(24) == 109\n\ndef test_check():\n    check(dog_age)\n\ntest_check()\n",
      "timestamp": 1665509899,
      "stdout": "",
      "stderr": "Traceback (most recent call last):\n  File \"/tmp/tmp8h27ck4j.py\", line 16, in <module>\n    test_check()\n  File \"/tmp/tmp8h27ck4j.py\", line 14, in test_check\n    check(dog_age)\n  File \"/tmp/tmp8h27ck4j.py\", line 9, in check\n    assert candidate(12) == 61\nAssertionError\n",
      "exit_code": 1,
      "status": "Exception"
    },
    {
      "program": "def dog_age(h_age: int) -> int:\n    \"\"\"\n\tWrite a function to calculate a dog's age in dog's years.\n\t\"\"\"\n    return h_age * 7\n\n\ndef check(candidate):\n    assert candidate(12) == 61\n    assert candidate(15) == 73\n    assert candidate(24) == 109\n\ndef test_check():\n    check(dog_age)\n\ntest_check()\n",
      "timestamp": 1665509899,
      "stdout": "",
      "stderr": "Traceback (most recent call last):\n  File \"/tmp/tmp8h27ck4j.py\", line 16, in <module>\n    test_check()\n  File \"/tmp/tmp8h27ck4j.py\", line 14, in test_check\n    check(dog_age)\n  File \"/tmp/tmp8h27ck4j.py\", line 9, in check\n    assert candidate(12) == 61\nAssertionError\n",
      "exit_code": 1,
      "status": "Exception"
    },
    {
      "program": "def dog_age(h_age: int) -> int:\n    \"\"\"\n\tWrite a function to calculate a dog's age in dog's years.\n\t\"\"\"\n    return h_age * 7\n\n\ndef check(candidate):\n    assert candidate(12) == 61\n    assert candidate(15) == 73\n    assert candidate(24) == 109\n\ndef test_check():\n    check(dog_age)\n\ntest_check()\n",
      "timestamp": 1665509899,
      "stdout": "",
      "stderr": "Traceback (most recent call last):\n  File \"/tmp/tmp8h27ck4j.py\", line 16, in <module>\n    test_check()\n  File \"/tmp/tmp8h27ck4j.py\", line 14, in test_check\n    check(dog_age)\n  File \"/tmp/tmp8h27ck4j.py\", line 9, in check\n    assert candidate(12) == 61\nAssertionError\n",
      "exit_code": 1,
      "status": "Exception"
    },
    {
      "program": "def dog_age(h_age: int) -> int:\n    \"\"\"\n\tWrite a function to calculate a dog's age in dog's years.\n\t\"\"\"\n    return h_age * 7\n\n\ndef check(candidate):\n    assert candidate(12) == 61\n    assert candidate(15) == 73\n    assert candidate(24) == 109\n\ndef test_check():\n    check(dog_age)\n\ntest_check()\n",
      "timestamp": 1665509899,
      "stdout": "",
      "stderr": "Traceback (most recent call last):\n  File \"/tmp/tmp8h27ck4j.py\", line 16, in <module>\n    test_check()\n  File \"/tmp/tmp8h27ck4j.py\", line 14, in test_check\n    check(dog_age)\n  File \"/tmp/tmp8h27ck4j.py\", line 9, in check\n    assert candidate(12) == 61\nAssertionError\n",
      "exit_code": 1,
      "status": "Exception"
    },
    {
      "program": "def dog_age(h_age: int) -> int:\n    \"\"\"\n\tWrite a function to calculate a dog's age in dog's years.\n\t\"\"\"\n    return h_age * 7\n\n\ndef check(candidate):\n    assert candidate(12) == 61\n    assert candidate(15) == 73\n    assert candidate(24) == 109\n\ndef test_check():\n    check(dog_age)\n\ntest_check()\n",
      "timestamp": 1665509899,
      "stdout": "",
      "stderr": "Traceback (most recent call last):\n  File \"/tmp/tmp8h27ck4j.py\", line 16, in <module>\n    test_check()\n  File \"/tmp/tmp8h27ck4j.py\", line 14, in test_check\n    check(dog_age)\n  File \"/tmp/tmp8h27ck4j.py\", line 9, in check\n    assert candidate(12) == 61\nAssertionError\n",
      "exit_code": 1,
      "status": "Exception"
    },
    {
      "program": "def dog_age(h_age: int) -> int:\n    \"\"\"\n\tWrite a function to calculate a dog's age in dog's years.\n\t\"\"\"\n    return h_age * 7\n\n\ndef check(candidate):\n    assert candidate(12) == 61\n    assert candidate(15) == 73\n    assert candidate(24) == 109\n\ndef test_check():\n    check(dog_age)\n\ntest_check()\n",
      "timestamp": 1665509899,
      "stdout": "",
      "stderr": "Traceback (most recent call last):\n  File \"/tmp/tmp8h27ck4j.py\", line 16, in <module>\n    test_check()\n  File \"/tmp/tmp8h27ck4j.py\", line 14, in test_check\n    check(dog_age)\n  File \"/tmp/tmp8h27ck4j.py\", line 9, in check\n    assert candidate(12) == 61\nAssertionError\n",
      "exit_code": 1,
      "status": "Exception"
    },
    {
      "program": "def dog_age(h_age: int) -> int:\n    \"\"\"\n\tWrite a function to calculate a dog's age in dog's years.\n\t\"\"\"\n    return h_age * 7\n\n\ndef check(candidate):\n    assert candidate(12) == 61\n    assert candidate(15) == 73\n    assert candidate(24) == 109\n\ndef test_check():\n    check(dog_age)\n\ntest_check()\n",
      "timestamp": 1665509899,
      "stdout": "",
      "stderr": "Traceback (most recent call last):\n  File \"/tmp/tmp8h27ck4j.py\", line 16, in <module>\n    test_check()\n  File \"/tmp/tmp8h27ck4j.py\", line 14, in test_check\n    check(dog_age)\n  File \"/tmp/tmp8h27ck4j.py\", line 9, in check\n    assert candidate(12) == 61\nAssertionError\n",
      "exit_code": 1,
      "status": "Exception"
    },
    {
      "program": "def dog_age(h_age: int) -> int:\n    \"\"\"\n\tWrite a function to calculate a dog's age in dog's years.\n\t\"\"\"\n    return h_age * 7\n\n\ndef check(candidate):\n    assert candidate(12) == 61\n    assert candidate(15) == 73\n    assert candidate(24) == 109\n\ndef test_check():\n    check(dog_age)\n\ntest_check()\n",
      "timestamp": 1665509899,
      "stdout": "",
      "stderr": "Traceback (most recent call last):\n  File \"/tmp/tmp8h27ck4j.py\", line 16, in <module>\n    test_check()\n  File \"/tmp/tmp8h27ck4j.py\", line 14, in test_check\n    check(dog_age)\n  File \"/tmp/tmp8h27ck4j.py\", line 9, in check\n    assert candidate(12) == 61\nAssertionError\n",
      "exit_code": 1,
      "status": "Exception"
    },
    {
      "program": "def dog_age(h_age: int) -> int:\n    \"\"\"\n\tWrite a function to calculate a dog's age in dog's years.\n\t\"\"\"\n    return h_age * 7\n\n\ndef check(candidate):\n    assert candidate(12) == 61\n    assert candidate(15) == 73\n    assert candidate(24) == 109\n\ndef test_check():\n    check(dog_age)\n\ntest_check()\n",
      "timestamp": 1665509899,
      "stdout": "",
      "stderr": "Traceback (most recent call last):\n  File \"/tmp/tmp8h27ck4j.py\", line 16, in <module>\n    test_check()\n  File \"/tmp/tmp8h27ck4j.py\", line 14, in test_check\n    check(dog_age)\n  File \"/tmp/tmp8h27ck4j.py\", line 9, in check\n    assert candidate(12) == 61\nAssertionError\n",
      "exit_code": 1,
      "status": "Exception"
    },
    {
      "program": "def dog_age(h_age: int) -> int:\n    \"\"\"\n\tWrite a function to calculate a dog's age in dog's years.\n\t\"\"\"\n    return h_age * 7\n\n\ndef check(candidate):\n    assert candidate(12) == 61\n    assert candidate(15) == 73\n    assert candidate(24) == 109\n\ndef test_check():\n    check(dog_age)\n\ntest_check()\n",
      "timestamp": 1665509899,
      "stdout": "",
      "stderr": "Traceback (most recent call last):\n  File \"/tmp/tmp8h27ck4j.py\", line 16, in <module>\n    test_check()\n  File \"/tmp/tmp8h27ck4j.py\", line 14, in test_check\n    check(dog_age)\n  File \"/tmp/tmp8h27ck4j.py\", line 9, in check\n    assert candidate(12) == 61\nAssertionError\n",
      "exit_code": 1,
      "status": "Exception"
    },
    {
      "program": "def dog_age(h_age: int) -> int:\n    \"\"\"\n\tWrite a function to calculate a dog's age in dog's years.\n\t\"\"\"\n    return h_age * 7\n\n\ndef check(candidate):\n    assert candidate(12) == 61\n    assert candidate(15) == 73\n    assert candidate(24) == 109\n\ndef test_check():\n    check(dog_age)\n\ntest_check()\n",
      "timestamp": 1665509899,
      "stdout": "",
      "stderr": "Traceback (most recent call last):\n  File \"/tmp/tmp8h27ck4j.py\", line 16, in <module>\n    test_check()\n  File \"/tmp/tmp8h27ck4j.py\", line 14, in test_check\n    check(dog_age)\n  File \"/tmp/tmp8h27ck4j.py\", line 9, in check\n    assert candidate(12) == 61\nAssertionError\n",
      "exit_code": 1,
      "status": "Exception"
    },
    {
      "program": "def dog_age(h_age: int) -> int:\n    \"\"\"\n\tWrite a function to calculate a dog's age in dog's years.\n\t\"\"\"\n    return h_age * 7\n\n\ndef check(candidate):\n    assert candidate(12) == 61\n    assert candidate(15) == 73\n    assert candidate(24) == 109\n\ndef test_check():\n    check(dog_age)\n\ntest_check()\n",
      "timestamp": 1665509899,
      "stdout": "",
      "stderr": "Traceback (most recent call last):\n  File \"/tmp/tmp8h27ck4j.py\", line 16, in <module>\n    test_check()\n  File \"/tmp/tmp8h27ck4j.py\", line 14, in test_check\n    check(dog_age)\n  File \"/tmp/tmp8h27ck4j.py\", line 9, in check\n    assert candidate(12) == 61\nAssertionError\n",
      "exit_code": 1,
      "status": "Exception"
    },
    {
      "program": "def dog_age(h_age: int) -> int:\n    \"\"\"\n\tWrite a function to calculate a dog's age in dog's years.\n\t\"\"\"\n    return h_age * 7\n\n\ndef check(candidate):\n    assert candidate(12) == 61\n    assert candidate(15) == 73\n    assert candidate(24) == 109\n\ndef test_check():\n    check(dog_age)\n\ntest_check()\n",
      "timestamp": 1665509899,
      "stdout": "",
      "stderr": "Traceback (most recent call last):\n  File \"/tmp/tmp8h27ck4j.py\", line 16, in <module>\n    test_check()\n  File \"/tmp/tmp8h27ck4j.py\", line 14, in test_check\n    check(dog_age)\n  File \"/tmp/tmp8h27ck4j.py\", line 9, in check\n    assert candidate(12) == 61\nAssertionError\n",
      "exit_code": 1,
      "status": "Exception"
    },
    {
      "program": "def dog_age(h_age: int) -> int:\n    \"\"\"\n\tWrite a function to calculate a dog's age in dog's years.\n\t\"\"\"\n    return h_age * 7\n\n\ndef check(candidate):\n    assert candidate(12) == 61\n    assert candidate(15) == 73\n    assert candidate(24) == 109\n\ndef test_check():\n    check(dog_age)\n\ntest_check()\n",
      "timestamp": 1665509899,
      "stdout": "",
      "stderr": "Traceback (most recent call last):\n  File \"/tmp/tmp8h27ck4j.py\", line 16, in <module>\n    test_check()\n  File \"/tmp/tmp8h27ck4j.py\", line 14, in test_check\n    check(dog_age)\n  File \"/tmp/tmp8h27ck4j.py\", line 9, in check\n    assert candidate(12) == 61\nAssertionError\n",
      "exit_code": 1,
      "status": "Exception"
    },
    {
      "program": "def dog_age(h_age: int) -> int:\n    \"\"\"\n\tWrite a function to calculate a dog's age in dog's years.\n\t\"\"\"\n    return h_age * 7\n\n\ndef check(candidate):\n    assert candidate(12) == 61\n    assert candidate(15) == 73\n    assert candidate(24) == 109\n\ndef test_check():\n    check(dog_age)\n\ntest_check()\n",
      "timestamp": 1665509899,
      "stdout": "",
      "stderr": "Traceback (most recent call last):\n  File \"/tmp/tmp8h27ck4j.py\", line 16, in <module>\n    test_check()\n  File \"/tmp/tmp8h27ck4j.py\", line 14, in test_check\n    check(dog_age)\n  File \"/tmp/tmp8h27ck4j.py\", line 9, in check\n    assert candidate(12) == 61\nAssertionError\n",
      "exit_code": 1,
      "status": "Exception"
    },
    {
      "program": "def dog_age(h_age: int) -> int:\n    \"\"\"\n\tWrite a function to calculate a dog's age in dog's years.\n\t\"\"\"\n    return h_age * 7\n\n\ndef check(candidate):\n    assert candidate(12) == 61\n    assert candidate(15) == 73\n    assert candidate(24) == 109\n\ndef test_check():\n    check(dog_age)\n\ntest_check()\n",
      "timestamp": 1665509899,
      "stdout": "",
      "stderr": "Traceback (most recent call last):\n  File \"/tmp/tmp8h27ck4j.py\", line 16, in <module>\n    test_check()\n  File \"/tmp/tmp8h27ck4j.py\", line 14, in test_check\n    check(dog_age)\n  File \"/tmp/tmp8h27ck4j.py\", line 9, in check\n    assert candidate(12) == 61\nAssertionError\n",
      "exit_code": 1,
      "status": "Exception"
    },
    {
      "program": "def dog_age(h_age: int) -> int:\n    \"\"\"\n\tWrite a function to calculate a dog's age in dog's years.\n\t\"\"\"\n    return h_age * 7\n\n\ndef check(candidate):\n    assert candidate(12) == 61\n    assert candidate(15) == 73\n    assert candidate(24) == 109\n\ndef test_check():\n    check(dog_age)\n\ntest_check()\n",
      "timestamp": 1665509899,
      "stdout": "",
      "stderr": "Traceback (most recent call last):\n  File \"/tmp/tmp8h27ck4j.py\", line 16, in <module>\n    test_check()\n  File \"/tmp/tmp8h27ck4j.py\", line 14, in test_check\n    check(dog_age)\n  File \"/tmp/tmp8h27ck4j.py\", line 9, in check\n    assert candidate(12) == 61\nAssertionError\n",
      "exit_code": 1,
      "status": "Exception"
    },
    {
      "program": "def dog_age(h_age: int) -> int:\n    \"\"\"\n\tWrite a function to calculate a dog's age in dog's years.\n\t\"\"\"\n    return h_age * 7\n\n\ndef check(candidate):\n    assert candidate(12) == 61\n    assert candidate(15) == 73\n    assert candidate(24) == 109\n\ndef test_check():\n    check(dog_age)\n\ntest_check()\n",
      "timestamp": 1665509899,
      "stdout": "",
      "stderr": "Traceback (most recent call last):\n  File \"/tmp/tmp8h27ck4j.py\", line 16, in <module>\n    test_check()\n  File \"/tmp/tmp8h27ck4j.py\", line 14, in test_check\n    check(dog_age)\n  File \"/tmp/tmp8h27ck4j.py\", line 9, in check\n    assert candidate(12) == 61\nAssertionError\n",
      "exit_code": 1,
      "status": "Exception"
    },
    {
      "program": "def dog_age(h_age: int) -> int:\n    \"\"\"\n\tWrite a function to calculate a dog's age in dog's years.\n\t\"\"\"\n    return h_age * 7\n\n\ndef check(candidate):\n    assert candidate(12) == 61\n    assert candidate(15) == 73\n    assert candidate(24) == 109\n\ndef test_check():\n    check(dog_age)\n\ntest_check()\n",
      "timestamp": 1665509899,
      "stdout": "",
      "stderr": "Traceback (most recent call last):\n  File \"/tmp/tmp8h27ck4j.py\", line 16, in <module>\n    test_check()\n  File \"/tmp/tmp8h27ck4j.py\", line 14, in test_check\n    check(dog_age)\n  File \"/tmp/tmp8h27ck4j.py\", line 9, in check\n    assert candidate(12) == 61\nAssertionError\n",
      "exit_code": 1,
      "status": "Exception"
    },
    {
      "program": "def dog_age(h_age: int) -> int:\n    \"\"\"\n\tWrite a function to calculate a dog's age in dog's years.\n\t\"\"\"\n    return h_age * 7\n\n\ndef check(candidate):\n    assert candidate(12) == 61\n    assert candidate(15) == 73\n    assert candidate(24) == 109\n\ndef test_check():\n    check(dog_age)\n\ntest_check()\n",
      "timestamp": 1665509899,
      "stdout": "",
      "stderr": "Traceback (most recent call last):\n  File \"/tmp/tmp8h27ck4j.py\", line 16, in <module>\n    test_check()\n  File \"/tmp/tmp8h27ck4j.py\", line 14, in test_check\n    check(dog_age)\n  File \"/tmp/tmp8h27ck4j.py\", line 9, in check\n    assert candidate(12) == 61\nAssertionError\n",
      "exit_code": 1,
      "status": "Exception"
    },
    {
      "program": "def dog_age(h_age: int) -> int:\n    \"\"\"\n\tWrite a function to calculate a dog's age in dog's years.\n\t\"\"\"\n    return h_age * 7\n\n\ndef check(candidate):\n    assert candidate(12) == 61\n    assert candidate(15) == 73\n    assert candidate(24) == 109\n\ndef test_check():\n    check(dog_age)\n\ntest_check()\n",
      "timestamp": 1665509899,
      "stdout": "",
      "stderr": "Traceback (most recent call last):\n  File \"/tmp/tmp8h27ck4j.py\", line 16, in <module>\n    test_check()\n  File \"/tmp/tmp8h27ck4j.py\", line 14, in test_check\n    check(dog_age)\n  File \"/tmp/tmp8h27ck4j.py\", line 9, in check\n    assert candidate(12) == 61\nAssertionError\n",
      "exit_code": 1,
      "status": "Exception"
    },
    {
      "program": "def dog_age(h_age: int) -> int:\n    \"\"\"\n\tWrite a function to calculate a dog's age in dog's years.\n\t\"\"\"\n    return h_age * 7\n\n\ndef check(candidate):\n    assert candidate(12) == 61\n    assert candidate(15) == 73\n    assert candidate(24) == 109\n\ndef test_check():\n    check(dog_age)\n\ntest_check()\n",
      "timestamp": 1665509899,
      "stdout": "",
      "stderr": "Traceback (most recent call last):\n  File \"/tmp/tmp8h27ck4j.py\", line 16, in <module>\n    test_check()\n  File \"/tmp/tmp8h27ck4j.py\", line 14, in test_check\n    check(dog_age)\n  File \"/tmp/tmp8h27ck4j.py\", line 9, in check\n    assert candidate(12) == 61\nAssertionError\n",
      "exit_code": 1,
      "status": "Exception"
    },
    {
      "program": "def dog_age(h_age: int) -> int:\n    \"\"\"\n\tWrite a function to calculate a dog's age in dog's years.\n\t\"\"\"\n    return h_age * 7\n\n\ndef check(candidate):\n    assert candidate(12) == 61\n    assert candidate(15) == 73\n    assert candidate(24) == 109\n\ndef test_check():\n    check(dog_age)\n\ntest_check()\n",
      "timestamp": 1665509899,
      "stdout": "",
      "stderr": "Traceback (most recent call last):\n  File \"/tmp/tmp8h27ck4j.py\", line 16, in <module>\n    test_check()\n  File \"/tmp/tmp8h27ck4j.py\", line 14, in test_check\n    check(dog_age)\n  File \"/tmp/tmp8h27ck4j.py\", line 9, in check\n    assert candidate(12) == 61\nAssertionError\n",
      "exit_code": 1,
      "status": "Exception"
    },
    {
      "program": "def dog_age(h_age: int) -> int:\n    \"\"\"\n\tWrite a function to calculate a dog's age in dog's years.\n\t\"\"\"\n    return h_age * 7\n\n\ndef check(candidate):\n    assert candidate(12) == 61\n    assert candidate(15) == 73\n    assert candidate(24) == 109\n\ndef test_check():\n    check(dog_age)\n\ntest_check()\n",
      "timestamp": 1665509899,
      "stdout": "",
      "stderr": "Traceback (most recent call last):\n  File \"/tmp/tmp8h27ck4j.py\", line 16, in <module>\n    test_check()\n  File \"/tmp/tmp8h27ck4j.py\", line 14, in test_check\n    check(dog_age)\n  File \"/tmp/tmp8h27ck4j.py\", line 9, in check\n    assert candidate(12) == 61\nAssertionError\n",
      "exit_code": 1,
      "status": "Exception"
    },
    {
      "program": "def dog_age(h_age: int) -> int:\n    \"\"\"\n\tWrite a function to calculate a dog's age in dog's years.\n\t\"\"\"\n    return h_age * 7\n\n\ndef check(candidate):\n    assert candidate(12) == 61\n    assert candidate(15) == 73\n    assert candidate(24) == 109\n\ndef test_check():\n    check(dog_age)\n\ntest_check()\n",
      "timestamp": 1665509899,
      "stdout": "",
      "stderr": "Traceback (most recent call last):\n  File \"/tmp/tmp8h27ck4j.py\", line 16, in <module>\n    test_check()\n  File \"/tmp/tmp8h27ck4j.py\", line 14, in test_check\n    check(dog_age)\n  File \"/tmp/tmp8h27ck4j.py\", line 9, in check\n    assert candidate(12) == 61\nAssertionError\n",
      "exit_code": 1,
      "status": "Exception"
    },
    {
      "program": "def dog_age(h_age: int) -> int:\n    \"\"\"\n\tWrite a function to calculate a dog's age in dog's years.\n\t\"\"\"\n    return h_age * 7\n\n\ndef check(candidate):\n    assert candidate(12) == 61\n    assert candidate(15) == 73\n    assert candidate(24) == 109\n\ndef test_check():\n    check(dog_age)\n\ntest_check()\n",
      "timestamp": 1665509899,
      "stdout": "",
      "stderr": "Traceback (most recent call last):\n  File \"/tmp/tmp8h27ck4j.py\", line 16, in <module>\n    test_check()\n  File \"/tmp/tmp8h27ck4j.py\", line 14, in test_check\n    check(dog_age)\n  File \"/tmp/tmp8h27ck4j.py\", line 9, in check\n    assert candidate(12) == 61\nAssertionError\n",
      "exit_code": 1,
      "status": "Exception"
    },
    {
      "program": "def dog_age(h_age: int) -> int:\n    \"\"\"\n\tWrite a function to calculate a dog's age in dog's years.\n\t\"\"\"\n    return h_age * 7\n\n\ndef check(candidate):\n    assert candidate(12) == 61\n    assert candidate(15) == 73\n    assert candidate(24) == 109\n\ndef test_check():\n    check(dog_age)\n\ntest_check()\n",
      "timestamp": 1665509899,
      "stdout": "",
      "stderr": "Traceback (most recent call last):\n  File \"/tmp/tmp8h27ck4j.py\", line 16, in <module>\n    test_check()\n  File \"/tmp/tmp8h27ck4j.py\", line 14, in test_check\n    check(dog_age)\n  File \"/tmp/tmp8h27ck4j.py\", line 9, in check\n    assert candidate(12) == 61\nAssertionError\n",
      "exit_code": 1,
      "status": "Exception"
    },
    {
      "program": "def dog_age(h_age: int) -> int:\n    \"\"\"\n\tWrite a function to calculate a dog's age in dog's years.\n\t\"\"\"\n    return h_age * 7\n\n\ndef check(candidate):\n    assert candidate(12) == 61\n    assert candidate(15) == 73\n    assert candidate(24) == 109\n\ndef test_check():\n    check(dog_age)\n\ntest_check()\n",
      "timestamp": 1665509899,
      "stdout": "",
      "stderr": "Traceback (most recent call last):\n  File \"/tmp/tmp8h27ck4j.py\", line 16, in <module>\n    test_check()\n  File \"/tmp/tmp8h27ck4j.py\", line 14, in test_check\n    check(dog_age)\n  File \"/tmp/tmp8h27ck4j.py\", line 9, in check\n    assert candidate(12) == 61\nAssertionError\n",
      "exit_code": 1,
      "status": "Exception"
    }
  ]
}