{
  "name": "mbpp_614_cummulative_sum",
  "language": "py",
  "prompt": "from typing import List, Tuple\n\ndef cummulative_sum(test_list: List[Tuple[int]]) -> int:\n    \"\"\"\n\tWrite a function to find the cumulative sum of all the values that are present in the given tuple list.\n\t\"\"\"\n",
  "doctests": "transform",
  "original": "/home/arjun/repos/MultiPL-E/datasets/../datasets/mbpp-typed/mbpp_614_cummulative_sum.py",
  "prompt_terminology": "reworded",
  "tests": "def check(candidate):\n    assert candidate([(1, 3), (5, 6, 7), (2, 6)]) == 30\n    assert candidate([(2, 4), (6, 7, 8), (3, 7)]) == 37\n    assert candidate([(3, 5), (7, 8, 9), (4, 8)]) == 44\n\ndef test_check():\n    check(cummulative_sum)\n\ntest_check()\n",
  "stop_tokens": [
    "\ndef",
    "\n#",
    "\nif",
    "\nclass"
  ],
  "results": [
    {
      "program": "from typing import List, Tuple\n\ndef cummulative_sum(test_list: List[Tuple[int]]) -> int:\n    \"\"\"\n\tWrite a function to find the cumulative sum of all the values that are present in the given tuple list.\n\t\"\"\"\n    return sum(test_list)\n\ndef check(candidate):\n    assert candidate([(1, 3), (5, 6, 7), (2, 6)]) == 30\n    assert candidate([(2, 4), (6, 7, 8), (3, 7)]) == 37\n    assert candidate([(3, 5), (7, 8, 9), (4, 8)]) == 44\n\ndef test_check():\n    check(cummulative_sum)\n\ntest_check()\n",
      "timestamp": 1665517167,
      "stdout": "",
      "stderr": "Traceback (most recent call last):\n  File \"/tmp/tmpvwk4sjo4.py\", line 17, in <module>\n    test_check()\n  File \"/tmp/tmpvwk4sjo4.py\", line 15, in test_check\n    check(cummulative_sum)\n  File \"/tmp/tmpvwk4sjo4.py\", line 10, in check\n    assert candidate([(1, 3), (5, 6, 7), (2, 6)]) == 30\n  File \"/tmp/tmpvwk4sjo4.py\", line 7, in cummulative_sum\n    return sum(test_list)\nTypeError: unsupported operand type(s) for +: 'int' and 'tuple'\n",
      "exit_code": 1,
      "status": "Exception"
    },
    {
      "program": "from typing import List, Tuple\n\ndef cummulative_sum(test_list: List[Tuple[int]]) -> int:\n    \"\"\"\n\tWrite a function to find the cumulative sum of all the values that are present in the given tuple list.\n\t\"\"\"\n    return sum(test_list)\n\ndef check(candidate):\n    assert candidate([(1, 3), (5, 6, 7), (2, 6)]) == 30\n    assert candidate([(2, 4), (6, 7, 8), (3, 7)]) == 37\n    assert candidate([(3, 5), (7, 8, 9), (4, 8)]) == 44\n\ndef test_check():\n    check(cummulative_sum)\n\ntest_check()\n",
      "timestamp": 1665517167,
      "stdout": "",
      "stderr": "Traceback (most recent call last):\n  File \"/tmp/tmpvwk4sjo4.py\", line 17, in <module>\n    test_check()\n  File \"/tmp/tmpvwk4sjo4.py\", line 15, in test_check\n    check(cummulative_sum)\n  File \"/tmp/tmpvwk4sjo4.py\", line 10, in check\n    assert candidate([(1, 3), (5, 6, 7), (2, 6)]) == 30\n  File \"/tmp/tmpvwk4sjo4.py\", line 7, in cummulative_sum\n    return sum(test_list)\nTypeError: unsupported operand type(s) for +: 'int' and 'tuple'\n",
      "exit_code": 1,
      "status": "Exception"
    },
    {
      "program": "from typing import List, Tuple\n\ndef cummulative_sum(test_list: List[Tuple[int]]) -> int:\n    \"\"\"\n\tWrite a function to find the cumulative sum of all the values that are present in the given tuple list.\n\t\"\"\"\n    return sum(test_list)\n\ndef check(candidate):\n    assert candidate([(1, 3), (5, 6, 7), (2, 6)]) == 30\n    assert candidate([(2, 4), (6, 7, 8), (3, 7)]) == 37\n    assert candidate([(3, 5), (7, 8, 9), (4, 8)]) == 44\n\ndef test_check():\n    check(cummulative_sum)\n\ntest_check()\n",
      "timestamp": 1665517167,
      "stdout": "",
      "stderr": "Traceback (most recent call last):\n  File \"/tmp/tmpvwk4sjo4.py\", line 17, in <module>\n    test_check()\n  File \"/tmp/tmpvwk4sjo4.py\", line 15, in test_check\n    check(cummulative_sum)\n  File \"/tmp/tmpvwk4sjo4.py\", line 10, in check\n    assert candidate([(1, 3), (5, 6, 7), (2, 6)]) == 30\n  File \"/tmp/tmpvwk4sjo4.py\", line 7, in cummulative_sum\n    return sum(test_list)\nTypeError: unsupported operand type(s) for +: 'int' and 'tuple'\n",
      "exit_code": 1,
      "status": "Exception"
    },
    {
      "program": "from typing import List, Tuple\n\ndef cummulative_sum(test_list: List[Tuple[int]]) -> int:\n    \"\"\"\n\tWrite a function to find the cumulative sum of all the values that are present in the given tuple list.\n\t\"\"\"\n    return sum(test_list)\n\ndef check(candidate):\n    assert candidate([(1, 3), (5, 6, 7), (2, 6)]) == 30\n    assert candidate([(2, 4), (6, 7, 8), (3, 7)]) == 37\n    assert candidate([(3, 5), (7, 8, 9), (4, 8)]) == 44\n\ndef test_check():\n    check(cummulative_sum)\n\ntest_check()\n",
      "timestamp": 1665517167,
      "stdout": "",
      "stderr": "Traceback (most recent call last):\n  File \"/tmp/tmpvwk4sjo4.py\", line 17, in <module>\n    test_check()\n  File \"/tmp/tmpvwk4sjo4.py\", line 15, in test_check\n    check(cummulative_sum)\n  File \"/tmp/tmpvwk4sjo4.py\", line 10, in check\n    assert candidate([(1, 3), (5, 6, 7), (2, 6)]) == 30\n  File \"/tmp/tmpvwk4sjo4.py\", line 7, in cummulative_sum\n    return sum(test_list)\nTypeError: unsupported operand type(s) for +: 'int' and 'tuple'\n",
      "exit_code": 1,
      "status": "Exception"
    },
    {
      "program": "from typing import List, Tuple\n\ndef cummulative_sum(test_list: List[Tuple[int]]) -> int:\n    \"\"\"\n\tWrite a function to find the cumulative sum of all the values that are present in the given tuple list.\n\t\"\"\"\n    return sum(test_list)\n\ndef check(candidate):\n    assert candidate([(1, 3), (5, 6, 7), (2, 6)]) == 30\n    assert candidate([(2, 4), (6, 7, 8), (3, 7)]) == 37\n    assert candidate([(3, 5), (7, 8, 9), (4, 8)]) == 44\n\ndef test_check():\n    check(cummulative_sum)\n\ntest_check()\n",
      "timestamp": 1665517167,
      "stdout": "",
      "stderr": "Traceback (most recent call last):\n  File \"/tmp/tmpvwk4sjo4.py\", line 17, in <module>\n    test_check()\n  File \"/tmp/tmpvwk4sjo4.py\", line 15, in test_check\n    check(cummulative_sum)\n  File \"/tmp/tmpvwk4sjo4.py\", line 10, in check\n    assert candidate([(1, 3), (5, 6, 7), (2, 6)]) == 30\n  File \"/tmp/tmpvwk4sjo4.py\", line 7, in cummulative_sum\n    return sum(test_list)\nTypeError: unsupported operand type(s) for +: 'int' and 'tuple'\n",
      "exit_code": 1,
      "status": "Exception"
    },
    {
      "program": "from typing import List, Tuple\n\ndef cummulative_sum(test_list: List[Tuple[int]]) -> int:\n    \"\"\"\n\tWrite a function to find the cumulative sum of all the values that are present in the given tuple list.\n\t\"\"\"\n    return sum(test_list)\n\ndef check(candidate):\n    assert candidate([(1, 3), (5, 6, 7), (2, 6)]) == 30\n    assert candidate([(2, 4), (6, 7, 8), (3, 7)]) == 37\n    assert candidate([(3, 5), (7, 8, 9), (4, 8)]) == 44\n\ndef test_check():\n    check(cummulative_sum)\n\ntest_check()\n",
      "timestamp": 1665517167,
      "stdout": "",
      "stderr": "Traceback (most recent call last):\n  File \"/tmp/tmpvwk4sjo4.py\", line 17, in <module>\n    test_check()\n  File \"/tmp/tmpvwk4sjo4.py\", line 15, in test_check\n    check(cummulative_sum)\n  File \"/tmp/tmpvwk4sjo4.py\", line 10, in check\n    assert candidate([(1, 3), (5, 6, 7), (2, 6)]) == 30\n  File \"/tmp/tmpvwk4sjo4.py\", line 7, in cummulative_sum\n    return sum(test_list)\nTypeError: unsupported operand type(s) for +: 'int' and 'tuple'\n",
      "exit_code": 1,
      "status": "Exception"
    },
    {
      "program": "from typing import List, Tuple\n\ndef cummulative_sum(test_list: List[Tuple[int]]) -> int:\n    \"\"\"\n\tWrite a function to find the cumulative sum of all the values that are present in the given tuple list.\n\t\"\"\"\n    return sum(test_list)\n\ndef check(candidate):\n    assert candidate([(1, 3), (5, 6, 7), (2, 6)]) == 30\n    assert candidate([(2, 4), (6, 7, 8), (3, 7)]) == 37\n    assert candidate([(3, 5), (7, 8, 9), (4, 8)]) == 44\n\ndef test_check():\n    check(cummulative_sum)\n\ntest_check()\n",
      "timestamp": 1665517167,
      "stdout": "",
      "stderr": "Traceback (most recent call last):\n  File \"/tmp/tmpvwk4sjo4.py\", line 17, in <module>\n    test_check()\n  File \"/tmp/tmpvwk4sjo4.py\", line 15, in test_check\n    check(cummulative_sum)\n  File \"/tmp/tmpvwk4sjo4.py\", line 10, in check\n    assert candidate([(1, 3), (5, 6, 7), (2, 6)]) == 30\n  File \"/tmp/tmpvwk4sjo4.py\", line 7, in cummulative_sum\n    return sum(test_list)\nTypeError: unsupported operand type(s) for +: 'int' and 'tuple'\n",
      "exit_code": 1,
      "status": "Exception"
    },
    {
      "program": "from typing import List, Tuple\n\ndef cummulative_sum(test_list: List[Tuple[int]]) -> int:\n    \"\"\"\n\tWrite a function to find the cumulative sum of all the values that are present in the given tuple list.\n\t\"\"\"\n    return sum(test_list)\n\ndef check(candidate):\n    assert candidate([(1, 3), (5, 6, 7), (2, 6)]) == 30\n    assert candidate([(2, 4), (6, 7, 8), (3, 7)]) == 37\n    assert candidate([(3, 5), (7, 8, 9), (4, 8)]) == 44\n\ndef test_check():\n    check(cummulative_sum)\n\ntest_check()\n",
      "timestamp": 1665517167,
      "stdout": "",
      "stderr": "Traceback (most recent call last):\n  File \"/tmp/tmpvwk4sjo4.py\", line 17, in <module>\n    test_check()\n  File \"/tmp/tmpvwk4sjo4.py\", line 15, in test_check\n    check(cummulative_sum)\n  File \"/tmp/tmpvwk4sjo4.py\", line 10, in check\n    assert candidate([(1, 3), (5, 6, 7), (2, 6)]) == 30\n  File \"/tmp/tmpvwk4sjo4.py\", line 7, in cummulative_sum\n    return sum(test_list)\nTypeError: unsupported operand type(s) for +: 'int' and 'tuple'\n",
      "exit_code": 1,
      "status": "Exception"
    },
    {
      "program": "from typing import List, Tuple\n\ndef cummulative_sum(test_list: List[Tuple[int]]) -> int:\n    \"\"\"\n\tWrite a function to find the cumulative sum of all the values that are present in the given tuple list.\n\t\"\"\"\n    return sum(test_list)\n\ndef check(candidate):\n    assert candidate([(1, 3), (5, 6, 7), (2, 6)]) == 30\n    assert candidate([(2, 4), (6, 7, 8), (3, 7)]) == 37\n    assert candidate([(3, 5), (7, 8, 9), (4, 8)]) == 44\n\ndef test_check():\n    check(cummulative_sum)\n\ntest_check()\n",
      "timestamp": 1665517167,
      "stdout": "",
      "stderr": "Traceback (most recent call last):\n  File \"/tmp/tmpvwk4sjo4.py\", line 17, in <module>\n    test_check()\n  File \"/tmp/tmpvwk4sjo4.py\", line 15, in test_check\n    check(cummulative_sum)\n  File \"/tmp/tmpvwk4sjo4.py\", line 10, in check\n    assert candidate([(1, 3), (5, 6, 7), (2, 6)]) == 30\n  File \"/tmp/tmpvwk4sjo4.py\", line 7, in cummulative_sum\n    return sum(test_list)\nTypeError: unsupported operand type(s) for +: 'int' and 'tuple'\n",
      "exit_code": 1,
      "status": "Exception"
    },
    {
      "program": "from typing import List, Tuple\n\ndef cummulative_sum(test_list: List[Tuple[int]]) -> int:\n    \"\"\"\n\tWrite a function to find the cumulative sum of all the values that are present in the given tuple list.\n\t\"\"\"\n    return sum(test_list)\n\ndef check(candidate):\n    assert candidate([(1, 3), (5, 6, 7), (2, 6)]) == 30\n    assert candidate([(2, 4), (6, 7, 8), (3, 7)]) == 37\n    assert candidate([(3, 5), (7, 8, 9), (4, 8)]) == 44\n\ndef test_check():\n    check(cummulative_sum)\n\ntest_check()\n",
      "timestamp": 1665517167,
      "stdout": "",
      "stderr": "Traceback (most recent call last):\n  File \"/tmp/tmpvwk4sjo4.py\", line 17, in <module>\n    test_check()\n  File \"/tmp/tmpvwk4sjo4.py\", line 15, in test_check\n    check(cummulative_sum)\n  File \"/tmp/tmpvwk4sjo4.py\", line 10, in check\n    assert candidate([(1, 3), (5, 6, 7), (2, 6)]) == 30\n  File \"/tmp/tmpvwk4sjo4.py\", line 7, in cummulative_sum\n    return sum(test_list)\nTypeError: unsupported operand type(s) for +: 'int' and 'tuple'\n",
      "exit_code": 1,
      "status": "Exception"
    },
    {
      "program": "from typing import List, Tuple\n\ndef cummulative_sum(test_list: List[Tuple[int]]) -> int:\n    \"\"\"\n\tWrite a function to find the cumulative sum of all the values that are present in the given tuple list.\n\t\"\"\"\n    return sum(test_list)\n\ndef check(candidate):\n    assert candidate([(1, 3), (5, 6, 7), (2, 6)]) == 30\n    assert candidate([(2, 4), (6, 7, 8), (3, 7)]) == 37\n    assert candidate([(3, 5), (7, 8, 9), (4, 8)]) == 44\n\ndef test_check():\n    check(cummulative_sum)\n\ntest_check()\n",
      "timestamp": 1665517167,
      "stdout": "",
      "stderr": "Traceback (most recent call last):\n  File \"/tmp/tmpvwk4sjo4.py\", line 17, in <module>\n    test_check()\n  File \"/tmp/tmpvwk4sjo4.py\", line 15, in test_check\n    check(cummulative_sum)\n  File \"/tmp/tmpvwk4sjo4.py\", line 10, in check\n    assert candidate([(1, 3), (5, 6, 7), (2, 6)]) == 30\n  File \"/tmp/tmpvwk4sjo4.py\", line 7, in cummulative_sum\n    return sum(test_list)\nTypeError: unsupported operand type(s) for +: 'int' and 'tuple'\n",
      "exit_code": 1,
      "status": "Exception"
    },
    {
      "program": "from typing import List, Tuple\n\ndef cummulative_sum(test_list: List[Tuple[int]]) -> int:\n    \"\"\"\n\tWrite a function to find the cumulative sum of all the values that are present in the given tuple list.\n\t\"\"\"\n    return sum(test_list)\n\ndef check(candidate):\n    assert candidate([(1, 3), (5, 6, 7), (2, 6)]) == 30\n    assert candidate([(2, 4), (6, 7, 8), (3, 7)]) == 37\n    assert candidate([(3, 5), (7, 8, 9), (4, 8)]) == 44\n\ndef test_check():\n    check(cummulative_sum)\n\ntest_check()\n",
      "timestamp": 1665517167,
      "stdout": "",
      "stderr": "Traceback (most recent call last):\n  File \"/tmp/tmpvwk4sjo4.py\", line 17, in <module>\n    test_check()\n  File \"/tmp/tmpvwk4sjo4.py\", line 15, in test_check\n    check(cummulative_sum)\n  File \"/tmp/tmpvwk4sjo4.py\", line 10, in check\n    assert candidate([(1, 3), (5, 6, 7), (2, 6)]) == 30\n  File \"/tmp/tmpvwk4sjo4.py\", line 7, in cummulative_sum\n    return sum(test_list)\nTypeError: unsupported operand type(s) for +: 'int' and 'tuple'\n",
      "exit_code": 1,
      "status": "Exception"
    },
    {
      "program": "from typing import List, Tuple\n\ndef cummulative_sum(test_list: List[Tuple[int]]) -> int:\n    \"\"\"\n\tWrite a function to find the cumulative sum of all the values that are present in the given tuple list.\n\t\"\"\"\n    return sum(test_list)\n\ndef check(candidate):\n    assert candidate([(1, 3), (5, 6, 7), (2, 6)]) == 30\n    assert candidate([(2, 4), (6, 7, 8), (3, 7)]) == 37\n    assert candidate([(3, 5), (7, 8, 9), (4, 8)]) == 44\n\ndef test_check():\n    check(cummulative_sum)\n\ntest_check()\n",
      "timestamp": 1665517167,
      "stdout": "",
      "stderr": "Traceback (most recent call last):\n  File \"/tmp/tmpvwk4sjo4.py\", line 17, in <module>\n    test_check()\n  File \"/tmp/tmpvwk4sjo4.py\", line 15, in test_check\n    check(cummulative_sum)\n  File \"/tmp/tmpvwk4sjo4.py\", line 10, in check\n    assert candidate([(1, 3), (5, 6, 7), (2, 6)]) == 30\n  File \"/tmp/tmpvwk4sjo4.py\", line 7, in cummulative_sum\n    return sum(test_list)\nTypeError: unsupported operand type(s) for +: 'int' and 'tuple'\n",
      "exit_code": 1,
      "status": "Exception"
    },
    {
      "program": "from typing import List, Tuple\n\ndef cummulative_sum(test_list: List[Tuple[int]]) -> int:\n    \"\"\"\n\tWrite a function to find the cumulative sum of all the values that are present in the given tuple list.\n\t\"\"\"\n    return sum(test_list)\n\ndef check(candidate):\n    assert candidate([(1, 3), (5, 6, 7), (2, 6)]) == 30\n    assert candidate([(2, 4), (6, 7, 8), (3, 7)]) == 37\n    assert candidate([(3, 5), (7, 8, 9), (4, 8)]) == 44\n\ndef test_check():\n    check(cummulative_sum)\n\ntest_check()\n",
      "timestamp": 1665517167,
      "stdout": "",
      "stderr": "Traceback (most recent call last):\n  File \"/tmp/tmpvwk4sjo4.py\", line 17, in <module>\n    test_check()\n  File \"/tmp/tmpvwk4sjo4.py\", line 15, in test_check\n    check(cummulative_sum)\n  File \"/tmp/tmpvwk4sjo4.py\", line 10, in check\n    assert candidate([(1, 3), (5, 6, 7), (2, 6)]) == 30\n  File \"/tmp/tmpvwk4sjo4.py\", line 7, in cummulative_sum\n    return sum(test_list)\nTypeError: unsupported operand type(s) for +: 'int' and 'tuple'\n",
      "exit_code": 1,
      "status": "Exception"
    },
    {
      "program": "from typing import List, Tuple\n\ndef cummulative_sum(test_list: List[Tuple[int]]) -> int:\n    \"\"\"\n\tWrite a function to find the cumulative sum of all the values that are present in the given tuple list.\n\t\"\"\"\n    return sum(test_list)\n\ndef check(candidate):\n    assert candidate([(1, 3), (5, 6, 7), (2, 6)]) == 30\n    assert candidate([(2, 4), (6, 7, 8), (3, 7)]) == 37\n    assert candidate([(3, 5), (7, 8, 9), (4, 8)]) == 44\n\ndef test_check():\n    check(cummulative_sum)\n\ntest_check()\n",
      "timestamp": 1665517167,
      "stdout": "",
      "stderr": "Traceback (most recent call last):\n  File \"/tmp/tmpvwk4sjo4.py\", line 17, in <module>\n    test_check()\n  File \"/tmp/tmpvwk4sjo4.py\", line 15, in test_check\n    check(cummulative_sum)\n  File \"/tmp/tmpvwk4sjo4.py\", line 10, in check\n    assert candidate([(1, 3), (5, 6, 7), (2, 6)]) == 30\n  File \"/tmp/tmpvwk4sjo4.py\", line 7, in cummulative_sum\n    return sum(test_list)\nTypeError: unsupported operand type(s) for +: 'int' and 'tuple'\n",
      "exit_code": 1,
      "status": "Exception"
    },
    {
      "program": "from typing import List, Tuple\n\ndef cummulative_sum(test_list: List[Tuple[int]]) -> int:\n    \"\"\"\n\tWrite a function to find the cumulative sum of all the values that are present in the given tuple list.\n\t\"\"\"\n    return sum(test_list)\n\ndef check(candidate):\n    assert candidate([(1, 3), (5, 6, 7), (2, 6)]) == 30\n    assert candidate([(2, 4), (6, 7, 8), (3, 7)]) == 37\n    assert candidate([(3, 5), (7, 8, 9), (4, 8)]) == 44\n\ndef test_check():\n    check(cummulative_sum)\n\ntest_check()\n",
      "timestamp": 1665517167,
      "stdout": "",
      "stderr": "Traceback (most recent call last):\n  File \"/tmp/tmpvwk4sjo4.py\", line 17, in <module>\n    test_check()\n  File \"/tmp/tmpvwk4sjo4.py\", line 15, in test_check\n    check(cummulative_sum)\n  File \"/tmp/tmpvwk4sjo4.py\", line 10, in check\n    assert candidate([(1, 3), (5, 6, 7), (2, 6)]) == 30\n  File \"/tmp/tmpvwk4sjo4.py\", line 7, in cummulative_sum\n    return sum(test_list)\nTypeError: unsupported operand type(s) for +: 'int' and 'tuple'\n",
      "exit_code": 1,
      "status": "Exception"
    },
    {
      "program": "from typing import List, Tuple\n\ndef cummulative_sum(test_list: List[Tuple[int]]) -> int:\n    \"\"\"\n\tWrite a function to find the cumulative sum of all the values that are present in the given tuple list.\n\t\"\"\"\n    return sum(test_list)\n\n\ndef check(candidate):\n    assert candidate([(1, 3), (5, 6, 7), (2, 6)]) == 30\n    assert candidate([(2, 4), (6, 7, 8), (3, 7)]) == 37\n    assert candidate([(3, 5), (7, 8, 9), (4, 8)]) == 44\n\ndef test_check():\n    check(cummulative_sum)\n\ntest_check()\n",
      "timestamp": 1665517167,
      "stdout": "",
      "stderr": "Traceback (most recent call last):\n  File \"/tmp/tmplwedr7w4.py\", line 18, in <module>\n    test_check()\n  File \"/tmp/tmplwedr7w4.py\", line 16, in test_check\n    check(cummulative_sum)\n  File \"/tmp/tmplwedr7w4.py\", line 11, in check\n    assert candidate([(1, 3), (5, 6, 7), (2, 6)]) == 30\n  File \"/tmp/tmplwedr7w4.py\", line 7, in cummulative_sum\n    return sum(test_list)\nTypeError: unsupported operand type(s) for +: 'int' and 'tuple'\n",
      "exit_code": 1,
      "status": "Exception"
    },
    {
      "program": "from typing import List, Tuple\n\ndef cummulative_sum(test_list: List[Tuple[int]]) -> int:\n    \"\"\"\n\tWrite a function to find the cumulative sum of all the values that are present in the given tuple list.\n\t\"\"\"\n    return sum(test_list)\n\ndef check(candidate):\n    assert candidate([(1, 3), (5, 6, 7), (2, 6)]) == 30\n    assert candidate([(2, 4), (6, 7, 8), (3, 7)]) == 37\n    assert candidate([(3, 5), (7, 8, 9), (4, 8)]) == 44\n\ndef test_check():\n    check(cummulative_sum)\n\ntest_check()\n",
      "timestamp": 1665517167,
      "stdout": "",
      "stderr": "Traceback (most recent call last):\n  File \"/tmp/tmpvwk4sjo4.py\", line 17, in <module>\n    test_check()\n  File \"/tmp/tmpvwk4sjo4.py\", line 15, in test_check\n    check(cummulative_sum)\n  File \"/tmp/tmpvwk4sjo4.py\", line 10, in check\n    assert candidate([(1, 3), (5, 6, 7), (2, 6)]) == 30\n  File \"/tmp/tmpvwk4sjo4.py\", line 7, in cummulative_sum\n    return sum(test_list)\nTypeError: unsupported operand type(s) for +: 'int' and 'tuple'\n",
      "exit_code": 1,
      "status": "Exception"
    },
    {
      "program": "from typing import List, Tuple\n\ndef cummulative_sum(test_list: List[Tuple[int]]) -> int:\n    \"\"\"\n\tWrite a function to find the cumulative sum of all the values that are present in the given tuple list.\n\t\"\"\"\n    return sum(test_list)\n\ndef check(candidate):\n    assert candidate([(1, 3), (5, 6, 7), (2, 6)]) == 30\n    assert candidate([(2, 4), (6, 7, 8), (3, 7)]) == 37\n    assert candidate([(3, 5), (7, 8, 9), (4, 8)]) == 44\n\ndef test_check():\n    check(cummulative_sum)\n\ntest_check()\n",
      "timestamp": 1665517167,
      "stdout": "",
      "stderr": "Traceback (most recent call last):\n  File \"/tmp/tmpvwk4sjo4.py\", line 17, in <module>\n    test_check()\n  File \"/tmp/tmpvwk4sjo4.py\", line 15, in test_check\n    check(cummulative_sum)\n  File \"/tmp/tmpvwk4sjo4.py\", line 10, in check\n    assert candidate([(1, 3), (5, 6, 7), (2, 6)]) == 30\n  File \"/tmp/tmpvwk4sjo4.py\", line 7, in cummulative_sum\n    return sum(test_list)\nTypeError: unsupported operand type(s) for +: 'int' and 'tuple'\n",
      "exit_code": 1,
      "status": "Exception"
    },
    {
      "program": "from typing import List, Tuple\n\ndef cummulative_sum(test_list: List[Tuple[int]]) -> int:\n    \"\"\"\n\tWrite a function to find the cumulative sum of all the values that are present in the given tuple list.\n\t\"\"\"\n    return sum(test_list)\n\ndef check(candidate):\n    assert candidate([(1, 3), (5, 6, 7), (2, 6)]) == 30\n    assert candidate([(2, 4), (6, 7, 8), (3, 7)]) == 37\n    assert candidate([(3, 5), (7, 8, 9), (4, 8)]) == 44\n\ndef test_check():\n    check(cummulative_sum)\n\ntest_check()\n",
      "timestamp": 1665517167,
      "stdout": "",
      "stderr": "Traceback (most recent call last):\n  File \"/tmp/tmpvwk4sjo4.py\", line 17, in <module>\n    test_check()\n  File \"/tmp/tmpvwk4sjo4.py\", line 15, in test_check\n    check(cummulative_sum)\n  File \"/tmp/tmpvwk4sjo4.py\", line 10, in check\n    assert candidate([(1, 3), (5, 6, 7), (2, 6)]) == 30\n  File \"/tmp/tmpvwk4sjo4.py\", line 7, in cummulative_sum\n    return sum(test_list)\nTypeError: unsupported operand type(s) for +: 'int' and 'tuple'\n",
      "exit_code": 1,
      "status": "Exception"
    },
    {
      "program": "from typing import List, Tuple\n\ndef cummulative_sum(test_list: List[Tuple[int]]) -> int:\n    \"\"\"\n\tWrite a function to find the cumulative sum of all the values that are present in the given tuple list.\n\t\"\"\"\n    return sum(test_list)\n\ndef check(candidate):\n    assert candidate([(1, 3), (5, 6, 7), (2, 6)]) == 30\n    assert candidate([(2, 4), (6, 7, 8), (3, 7)]) == 37\n    assert candidate([(3, 5), (7, 8, 9), (4, 8)]) == 44\n\ndef test_check():\n    check(cummulative_sum)\n\ntest_check()\n",
      "timestamp": 1665517167,
      "stdout": "",
      "stderr": "Traceback (most recent call last):\n  File \"/tmp/tmpvwk4sjo4.py\", line 17, in <module>\n    test_check()\n  File \"/tmp/tmpvwk4sjo4.py\", line 15, in test_check\n    check(cummulative_sum)\n  File \"/tmp/tmpvwk4sjo4.py\", line 10, in check\n    assert candidate([(1, 3), (5, 6, 7), (2, 6)]) == 30\n  File \"/tmp/tmpvwk4sjo4.py\", line 7, in cummulative_sum\n    return sum(test_list)\nTypeError: unsupported operand type(s) for +: 'int' and 'tuple'\n",
      "exit_code": 1,
      "status": "Exception"
    },
    {
      "program": "from typing import List, Tuple\n\ndef cummulative_sum(test_list: List[Tuple[int]]) -> int:\n    \"\"\"\n\tWrite a function to find the cumulative sum of all the values that are present in the given tuple list.\n\t\"\"\"\n    return sum(test_list)\n\n\ndef check(candidate):\n    assert candidate([(1, 3), (5, 6, 7), (2, 6)]) == 30\n    assert candidate([(2, 4), (6, 7, 8), (3, 7)]) == 37\n    assert candidate([(3, 5), (7, 8, 9), (4, 8)]) == 44\n\ndef test_check():\n    check(cummulative_sum)\n\ntest_check()\n",
      "timestamp": 1665517167,
      "stdout": "",
      "stderr": "Traceback (most recent call last):\n  File \"/tmp/tmplwedr7w4.py\", line 18, in <module>\n    test_check()\n  File \"/tmp/tmplwedr7w4.py\", line 16, in test_check\n    check(cummulative_sum)\n  File \"/tmp/tmplwedr7w4.py\", line 11, in check\n    assert candidate([(1, 3), (5, 6, 7), (2, 6)]) == 30\n  File \"/tmp/tmplwedr7w4.py\", line 7, in cummulative_sum\n    return sum(test_list)\nTypeError: unsupported operand type(s) for +: 'int' and 'tuple'\n",
      "exit_code": 1,
      "status": "Exception"
    },
    {
      "program": "from typing import List, Tuple\n\ndef cummulative_sum(test_list: List[Tuple[int]]) -> int:\n    \"\"\"\n\tWrite a function to find the cumulative sum of all the values that are present in the given tuple list.\n\t\"\"\"\n    return sum(test_list)\n\ndef check(candidate):\n    assert candidate([(1, 3), (5, 6, 7), (2, 6)]) == 30\n    assert candidate([(2, 4), (6, 7, 8), (3, 7)]) == 37\n    assert candidate([(3, 5), (7, 8, 9), (4, 8)]) == 44\n\ndef test_check():\n    check(cummulative_sum)\n\ntest_check()\n",
      "timestamp": 1665517167,
      "stdout": "",
      "stderr": "Traceback (most recent call last):\n  File \"/tmp/tmpvwk4sjo4.py\", line 17, in <module>\n    test_check()\n  File \"/tmp/tmpvwk4sjo4.py\", line 15, in test_check\n    check(cummulative_sum)\n  File \"/tmp/tmpvwk4sjo4.py\", line 10, in check\n    assert candidate([(1, 3), (5, 6, 7), (2, 6)]) == 30\n  File \"/tmp/tmpvwk4sjo4.py\", line 7, in cummulative_sum\n    return sum(test_list)\nTypeError: unsupported operand type(s) for +: 'int' and 'tuple'\n",
      "exit_code": 1,
      "status": "Exception"
    },
    {
      "program": "from typing import List, Tuple\n\ndef cummulative_sum(test_list: List[Tuple[int]]) -> int:\n    \"\"\"\n\tWrite a function to find the cumulative sum of all the values that are present in the given tuple list.\n\t\"\"\"\n    return sum(test_list)\ndef check(candidate):\n    assert candidate([(1, 3), (5, 6, 7), (2, 6)]) == 30\n    assert candidate([(2, 4), (6, 7, 8), (3, 7)]) == 37\n    assert candidate([(3, 5), (7, 8, 9), (4, 8)]) == 44\n\ndef test_check():\n    check(cummulative_sum)\n\ntest_check()\n",
      "timestamp": 1666122553,
      "stdout": "",
      "stderr": "Traceback (most recent call last):\n  File \"/tmp/tmpnhlhurcy.py\", line 16, in <module>\n    test_check()\n  File \"/tmp/tmpnhlhurcy.py\", line 14, in test_check\n    check(cummulative_sum)\n  File \"/tmp/tmpnhlhurcy.py\", line 9, in check\n    assert candidate([(1, 3), (5, 6, 7), (2, 6)]) == 30\n  File \"/tmp/tmpnhlhurcy.py\", line 7, in cummulative_sum\n    return sum(test_list)\nTypeError: unsupported operand type(s) for +: 'int' and 'tuple'\n",
      "exit_code": 1,
      "status": "Exception"
    },
    {
      "program": "from typing import List, Tuple\n\ndef cummulative_sum(test_list: List[Tuple[int]]) -> int:\n    \"\"\"\n\tWrite a function to find the cumulative sum of all the values that are present in the given tuple list.\n\t\"\"\"\n    cummulative_sum = 0\n    for i in test_list:\n        cummulative_sum += i\n    return cummulative_sum\n\ndef check(candidate):\n    assert candidate([(1, 3), (5, 6, 7), (2, 6)]) == 30\n    assert candidate([(2, 4), (6, 7, 8), (3, 7)]) == 37\n    assert candidate([(3, 5), (7, 8, 9), (4, 8)]) == 44\n\ndef test_check():\n    check(cummulative_sum)\n\ntest_check()\n",
      "timestamp": 1666122553,
      "stdout": "",
      "stderr": "Traceback (most recent call last):\n  File \"/tmp/tmp_hpgg0yr.py\", line 20, in <module>\n    test_check()\n  File \"/tmp/tmp_hpgg0yr.py\", line 18, in test_check\n    check(cummulative_sum)\n  File \"/tmp/tmp_hpgg0yr.py\", line 13, in check\n    assert candidate([(1, 3), (5, 6, 7), (2, 6)]) == 30\n  File \"/tmp/tmp_hpgg0yr.py\", line 9, in cummulative_sum\n    cummulative_sum += i\nTypeError: unsupported operand type(s) for +=: 'int' and 'tuple'\n",
      "exit_code": 1,
      "status": "Exception"
    },
    {
      "program": "from typing import List, Tuple\n\ndef cummulative_sum(test_list: List[Tuple[int]]) -> int:\n    \"\"\"\n\tWrite a function to find the cumulative sum of all the values that are present in the given tuple list.\n\t\"\"\"\n    return sum(test_list)\n\ndef check(candidate):\n    assert candidate([(1, 3), (5, 6, 7), (2, 6)]) == 30\n    assert candidate([(2, 4), (6, 7, 8), (3, 7)]) == 37\n    assert candidate([(3, 5), (7, 8, 9), (4, 8)]) == 44\n\ndef test_check():\n    check(cummulative_sum)\n\ntest_check()\n",
      "timestamp": 1665517167,
      "stdout": "",
      "stderr": "Traceback (most recent call last):\n  File \"/tmp/tmpvwk4sjo4.py\", line 17, in <module>\n    test_check()\n  File \"/tmp/tmpvwk4sjo4.py\", line 15, in test_check\n    check(cummulative_sum)\n  File \"/tmp/tmpvwk4sjo4.py\", line 10, in check\n    assert candidate([(1, 3), (5, 6, 7), (2, 6)]) == 30\n  File \"/tmp/tmpvwk4sjo4.py\", line 7, in cummulative_sum\n    return sum(test_list)\nTypeError: unsupported operand type(s) for +: 'int' and 'tuple'\n",
      "exit_code": 1,
      "status": "Exception"
    },
    {
      "program": "from typing import List, Tuple\n\ndef cummulative_sum(test_list: List[Tuple[int]]) -> int:\n    \"\"\"\n\tWrite a function to find the cumulative sum of all the values that are present in the given tuple list.\n\t\"\"\"\n    return sum(test_list)\n\ndef check(candidate):\n    assert candidate([(1, 3), (5, 6, 7), (2, 6)]) == 30\n    assert candidate([(2, 4), (6, 7, 8), (3, 7)]) == 37\n    assert candidate([(3, 5), (7, 8, 9), (4, 8)]) == 44\n\ndef test_check():\n    check(cummulative_sum)\n\ntest_check()\n",
      "timestamp": 1665517167,
      "stdout": "",
      "stderr": "Traceback (most recent call last):\n  File \"/tmp/tmpvwk4sjo4.py\", line 17, in <module>\n    test_check()\n  File \"/tmp/tmpvwk4sjo4.py\", line 15, in test_check\n    check(cummulative_sum)\n  File \"/tmp/tmpvwk4sjo4.py\", line 10, in check\n    assert candidate([(1, 3), (5, 6, 7), (2, 6)]) == 30\n  File \"/tmp/tmpvwk4sjo4.py\", line 7, in cummulative_sum\n    return sum(test_list)\nTypeError: unsupported operand type(s) for +: 'int' and 'tuple'\n",
      "exit_code": 1,
      "status": "Exception"
    },
    {
      "program": "from typing import List, Tuple\n\ndef cummulative_sum(test_list: List[Tuple[int]]) -> int:\n    \"\"\"\n\tWrite a function to find the cumulative sum of all the values that are present in the given tuple list.\n\t\"\"\"\n    return sum(test_list)\ndef check(candidate):\n    assert candidate([(1, 3), (5, 6, 7), (2, 6)]) == 30\n    assert candidate([(2, 4), (6, 7, 8), (3, 7)]) == 37\n    assert candidate([(3, 5), (7, 8, 9), (4, 8)]) == 44\n\ndef test_check():\n    check(cummulative_sum)\n\ntest_check()\n",
      "timestamp": 1666122553,
      "stdout": "",
      "stderr": "Traceback (most recent call last):\n  File \"/tmp/tmpnhlhurcy.py\", line 16, in <module>\n    test_check()\n  File \"/tmp/tmpnhlhurcy.py\", line 14, in test_check\n    check(cummulative_sum)\n  File \"/tmp/tmpnhlhurcy.py\", line 9, in check\n    assert candidate([(1, 3), (5, 6, 7), (2, 6)]) == 30\n  File \"/tmp/tmpnhlhurcy.py\", line 7, in cummulative_sum\n    return sum(test_list)\nTypeError: unsupported operand type(s) for +: 'int' and 'tuple'\n",
      "exit_code": 1,
      "status": "Exception"
    },
    {
      "program": "from typing import List, Tuple\n\ndef cummulative_sum(test_list: List[Tuple[int]]) -> int:\n    \"\"\"\n\tWrite a function to find the cumulative sum of all the values that are present in the given tuple list.\n\t\"\"\"\n    return sum(test_list)\n\ndef check(candidate):\n    assert candidate([(1, 3), (5, 6, 7), (2, 6)]) == 30\n    assert candidate([(2, 4), (6, 7, 8), (3, 7)]) == 37\n    assert candidate([(3, 5), (7, 8, 9), (4, 8)]) == 44\n\ndef test_check():\n    check(cummulative_sum)\n\ntest_check()\n",
      "timestamp": 1665517167,
      "stdout": "",
      "stderr": "Traceback (most recent call last):\n  File \"/tmp/tmpvwk4sjo4.py\", line 17, in <module>\n    test_check()\n  File \"/tmp/tmpvwk4sjo4.py\", line 15, in test_check\n    check(cummulative_sum)\n  File \"/tmp/tmpvwk4sjo4.py\", line 10, in check\n    assert candidate([(1, 3), (5, 6, 7), (2, 6)]) == 30\n  File \"/tmp/tmpvwk4sjo4.py\", line 7, in cummulative_sum\n    return sum(test_list)\nTypeError: unsupported operand type(s) for +: 'int' and 'tuple'\n",
      "exit_code": 1,
      "status": "Exception"
    },
    {
      "program": "from typing import List, Tuple\n\ndef cummulative_sum(test_list: List[Tuple[int]]) -> int:\n    \"\"\"\n\tWrite a function to find the cumulative sum of all the values that are present in the given tuple list.\n\t\"\"\"\n    return sum(test_list)\n\ndef check(candidate):\n    assert candidate([(1, 3), (5, 6, 7), (2, 6)]) == 30\n    assert candidate([(2, 4), (6, 7, 8), (3, 7)]) == 37\n    assert candidate([(3, 5), (7, 8, 9), (4, 8)]) == 44\n\ndef test_check():\n    check(cummulative_sum)\n\ntest_check()\n",
      "timestamp": 1665517167,
      "stdout": "",
      "stderr": "Traceback (most recent call last):\n  File \"/tmp/tmpvwk4sjo4.py\", line 17, in <module>\n    test_check()\n  File \"/tmp/tmpvwk4sjo4.py\", line 15, in test_check\n    check(cummulative_sum)\n  File \"/tmp/tmpvwk4sjo4.py\", line 10, in check\n    assert candidate([(1, 3), (5, 6, 7), (2, 6)]) == 30\n  File \"/tmp/tmpvwk4sjo4.py\", line 7, in cummulative_sum\n    return sum(test_list)\nTypeError: unsupported operand type(s) for +: 'int' and 'tuple'\n",
      "exit_code": 1,
      "status": "Exception"
    },
    {
      "program": "from typing import List, Tuple\n\ndef cummulative_sum(test_list: List[Tuple[int]]) -> int:\n    \"\"\"\n\tWrite a function to find the cumulative sum of all the values that are present in the given tuple list.\n\t\"\"\"\n    return sum(test_list)\n\n\ndef check(candidate):\n    assert candidate([(1, 3), (5, 6, 7), (2, 6)]) == 30\n    assert candidate([(2, 4), (6, 7, 8), (3, 7)]) == 37\n    assert candidate([(3, 5), (7, 8, 9), (4, 8)]) == 44\n\ndef test_check():\n    check(cummulative_sum)\n\ntest_check()\n",
      "timestamp": 1665517167,
      "stdout": "",
      "stderr": "Traceback (most recent call last):\n  File \"/tmp/tmplwedr7w4.py\", line 18, in <module>\n    test_check()\n  File \"/tmp/tmplwedr7w4.py\", line 16, in test_check\n    check(cummulative_sum)\n  File \"/tmp/tmplwedr7w4.py\", line 11, in check\n    assert candidate([(1, 3), (5, 6, 7), (2, 6)]) == 30\n  File \"/tmp/tmplwedr7w4.py\", line 7, in cummulative_sum\n    return sum(test_list)\nTypeError: unsupported operand type(s) for +: 'int' and 'tuple'\n",
      "exit_code": 1,
      "status": "Exception"
    },
    {
      "program": "from typing import List, Tuple\n\ndef cummulative_sum(test_list: List[Tuple[int]]) -> int:\n    \"\"\"\n\tWrite a function to find the cumulative sum of all the values that are present in the given tuple list.\n\t\"\"\"\n    return sum(test_list)\n\ndef check(candidate):\n    assert candidate([(1, 3), (5, 6, 7), (2, 6)]) == 30\n    assert candidate([(2, 4), (6, 7, 8), (3, 7)]) == 37\n    assert candidate([(3, 5), (7, 8, 9), (4, 8)]) == 44\n\ndef test_check():\n    check(cummulative_sum)\n\ntest_check()\n",
      "timestamp": 1665517167,
      "stdout": "",
      "stderr": "Traceback (most recent call last):\n  File \"/tmp/tmpvwk4sjo4.py\", line 17, in <module>\n    test_check()\n  File \"/tmp/tmpvwk4sjo4.py\", line 15, in test_check\n    check(cummulative_sum)\n  File \"/tmp/tmpvwk4sjo4.py\", line 10, in check\n    assert candidate([(1, 3), (5, 6, 7), (2, 6)]) == 30\n  File \"/tmp/tmpvwk4sjo4.py\", line 7, in cummulative_sum\n    return sum(test_list)\nTypeError: unsupported operand type(s) for +: 'int' and 'tuple'\n",
      "exit_code": 1,
      "status": "Exception"
    },
    {
      "program": "from typing import List, Tuple\n\ndef cummulative_sum(test_list: List[Tuple[int]]) -> int:\n    \"\"\"\n\tWrite a function to find the cumulative sum of all the values that are present in the given tuple list.\n\t\"\"\"\n    return sum(test_list)\n\n\ndef check(candidate):\n    assert candidate([(1, 3), (5, 6, 7), (2, 6)]) == 30\n    assert candidate([(2, 4), (6, 7, 8), (3, 7)]) == 37\n    assert candidate([(3, 5), (7, 8, 9), (4, 8)]) == 44\n\ndef test_check():\n    check(cummulative_sum)\n\ntest_check()\n",
      "timestamp": 1665517167,
      "stdout": "",
      "stderr": "Traceback (most recent call last):\n  File \"/tmp/tmplwedr7w4.py\", line 18, in <module>\n    test_check()\n  File \"/tmp/tmplwedr7w4.py\", line 16, in test_check\n    check(cummulative_sum)\n  File \"/tmp/tmplwedr7w4.py\", line 11, in check\n    assert candidate([(1, 3), (5, 6, 7), (2, 6)]) == 30\n  File \"/tmp/tmplwedr7w4.py\", line 7, in cummulative_sum\n    return sum(test_list)\nTypeError: unsupported operand type(s) for +: 'int' and 'tuple'\n",
      "exit_code": 1,
      "status": "Exception"
    },
    {
      "program": "from typing import List, Tuple\n\ndef cummulative_sum(test_list: List[Tuple[int]]) -> int:\n    \"\"\"\n\tWrite a function to find the cumulative sum of all the values that are present in the given tuple list.\n\t\"\"\"\n    return sum(test_list)\n\ndef check(candidate):\n    assert candidate([(1, 3), (5, 6, 7), (2, 6)]) == 30\n    assert candidate([(2, 4), (6, 7, 8), (3, 7)]) == 37\n    assert candidate([(3, 5), (7, 8, 9), (4, 8)]) == 44\n\ndef test_check():\n    check(cummulative_sum)\n\ntest_check()\n",
      "timestamp": 1665517167,
      "stdout": "",
      "stderr": "Traceback (most recent call last):\n  File \"/tmp/tmpvwk4sjo4.py\", line 17, in <module>\n    test_check()\n  File \"/tmp/tmpvwk4sjo4.py\", line 15, in test_check\n    check(cummulative_sum)\n  File \"/tmp/tmpvwk4sjo4.py\", line 10, in check\n    assert candidate([(1, 3), (5, 6, 7), (2, 6)]) == 30\n  File \"/tmp/tmpvwk4sjo4.py\", line 7, in cummulative_sum\n    return sum(test_list)\nTypeError: unsupported operand type(s) for +: 'int' and 'tuple'\n",
      "exit_code": 1,
      "status": "Exception"
    },
    {
      "program": "from typing import List, Tuple\n\ndef cummulative_sum(test_list: List[Tuple[int]]) -> int:\n    \"\"\"\n\tWrite a function to find the cumulative sum of all the values that are present in the given tuple list.\n\t\"\"\"\n    return sum(test_list)\n\ndef check(candidate):\n    assert candidate([(1, 3), (5, 6, 7), (2, 6)]) == 30\n    assert candidate([(2, 4), (6, 7, 8), (3, 7)]) == 37\n    assert candidate([(3, 5), (7, 8, 9), (4, 8)]) == 44\n\ndef test_check():\n    check(cummulative_sum)\n\ntest_check()\n",
      "timestamp": 1665517167,
      "stdout": "",
      "stderr": "Traceback (most recent call last):\n  File \"/tmp/tmpvwk4sjo4.py\", line 17, in <module>\n    test_check()\n  File \"/tmp/tmpvwk4sjo4.py\", line 15, in test_check\n    check(cummulative_sum)\n  File \"/tmp/tmpvwk4sjo4.py\", line 10, in check\n    assert candidate([(1, 3), (5, 6, 7), (2, 6)]) == 30\n  File \"/tmp/tmpvwk4sjo4.py\", line 7, in cummulative_sum\n    return sum(test_list)\nTypeError: unsupported operand type(s) for +: 'int' and 'tuple'\n",
      "exit_code": 1,
      "status": "Exception"
    },
    {
      "program": "from typing import List, Tuple\n\ndef cummulative_sum(test_list: List[Tuple[int]]) -> int:\n    \"\"\"\n\tWrite a function to find the cumulative sum of all the values that are present in the given tuple list.\n\t\"\"\"\n    return sum(test_list)\n\ndef check(candidate):\n    assert candidate([(1, 3), (5, 6, 7), (2, 6)]) == 30\n    assert candidate([(2, 4), (6, 7, 8), (3, 7)]) == 37\n    assert candidate([(3, 5), (7, 8, 9), (4, 8)]) == 44\n\ndef test_check():\n    check(cummulative_sum)\n\ntest_check()\n",
      "timestamp": 1665517167,
      "stdout": "",
      "stderr": "Traceback (most recent call last):\n  File \"/tmp/tmpvwk4sjo4.py\", line 17, in <module>\n    test_check()\n  File \"/tmp/tmpvwk4sjo4.py\", line 15, in test_check\n    check(cummulative_sum)\n  File \"/tmp/tmpvwk4sjo4.py\", line 10, in check\n    assert candidate([(1, 3), (5, 6, 7), (2, 6)]) == 30\n  File \"/tmp/tmpvwk4sjo4.py\", line 7, in cummulative_sum\n    return sum(test_list)\nTypeError: unsupported operand type(s) for +: 'int' and 'tuple'\n",
      "exit_code": 1,
      "status": "Exception"
    },
    {
      "program": "from typing import List, Tuple\n\ndef cummulative_sum(test_list: List[Tuple[int]]) -> int:\n    \"\"\"\n\tWrite a function to find the cumulative sum of all the values that are present in the given tuple list.\n\t\"\"\"\n    return sum(test_list)\n\ndef check(candidate):\n    assert candidate([(1, 3), (5, 6, 7), (2, 6)]) == 30\n    assert candidate([(2, 4), (6, 7, 8), (3, 7)]) == 37\n    assert candidate([(3, 5), (7, 8, 9), (4, 8)]) == 44\n\ndef test_check():\n    check(cummulative_sum)\n\ntest_check()\n",
      "timestamp": 1665517167,
      "stdout": "",
      "stderr": "Traceback (most recent call last):\n  File \"/tmp/tmpvwk4sjo4.py\", line 17, in <module>\n    test_check()\n  File \"/tmp/tmpvwk4sjo4.py\", line 15, in test_check\n    check(cummulative_sum)\n  File \"/tmp/tmpvwk4sjo4.py\", line 10, in check\n    assert candidate([(1, 3), (5, 6, 7), (2, 6)]) == 30\n  File \"/tmp/tmpvwk4sjo4.py\", line 7, in cummulative_sum\n    return sum(test_list)\nTypeError: unsupported operand type(s) for +: 'int' and 'tuple'\n",
      "exit_code": 1,
      "status": "Exception"
    },
    {
      "program": "from typing import List, Tuple\n\ndef cummulative_sum(test_list: List[Tuple[int]]) -> int:\n    \"\"\"\n\tWrite a function to find the cumulative sum of all the values that are present in the given tuple list.\n\t\"\"\"\n    return sum(test_list)\n\ndef check(candidate):\n    assert candidate([(1, 3), (5, 6, 7), (2, 6)]) == 30\n    assert candidate([(2, 4), (6, 7, 8), (3, 7)]) == 37\n    assert candidate([(3, 5), (7, 8, 9), (4, 8)]) == 44\n\ndef test_check():\n    check(cummulative_sum)\n\ntest_check()\n",
      "timestamp": 1665517167,
      "stdout": "",
      "stderr": "Traceback (most recent call last):\n  File \"/tmp/tmpvwk4sjo4.py\", line 17, in <module>\n    test_check()\n  File \"/tmp/tmpvwk4sjo4.py\", line 15, in test_check\n    check(cummulative_sum)\n  File \"/tmp/tmpvwk4sjo4.py\", line 10, in check\n    assert candidate([(1, 3), (5, 6, 7), (2, 6)]) == 30\n  File \"/tmp/tmpvwk4sjo4.py\", line 7, in cummulative_sum\n    return sum(test_list)\nTypeError: unsupported operand type(s) for +: 'int' and 'tuple'\n",
      "exit_code": 1,
      "status": "Exception"
    },
    {
      "program": "from typing import List, Tuple\n\ndef cummulative_sum(test_list: List[Tuple[int]]) -> int:\n    \"\"\"\n\tWrite a function to find the cumulative sum of all the values that are present in the given tuple list.\n\t\"\"\"\n    sum = 0\n    for i in test_list:\n        sum += i\n    return sum\n\nprint(cummulative_sum([(1, 2), (3, 4), (5, 6)]))\ndef check(candidate):\n    assert candidate([(1, 3), (5, 6, 7), (2, 6)]) == 30\n    assert candidate([(2, 4), (6, 7, 8), (3, 7)]) == 37\n    assert candidate([(3, 5), (7, 8, 9), (4, 8)]) == 44\n\ndef test_check():\n    check(cummulative_sum)\n\ntest_check()\n",
      "timestamp": 1666122553,
      "stdout": "",
      "stderr": "Traceback (most recent call last):\n  File \"/tmp/tmph1jg_yzx.py\", line 12, in <module>\n    print(cummulative_sum([(1, 2), (3, 4), (5, 6)]))\n  File \"/tmp/tmph1jg_yzx.py\", line 9, in cummulative_sum\n    sum += i\nTypeError: unsupported operand type(s) for +=: 'int' and 'tuple'\n",
      "exit_code": 1,
      "status": "Exception"
    },
    {
      "program": "from typing import List, Tuple\n\ndef cummulative_sum(test_list: List[Tuple[int]]) -> int:\n    \"\"\"\n\tWrite a function to find the cumulative sum of all the values that are present in the given tuple list.\n\t\"\"\"\n    return sum(test_list)\n\ndef check(candidate):\n    assert candidate([(1, 3), (5, 6, 7), (2, 6)]) == 30\n    assert candidate([(2, 4), (6, 7, 8), (3, 7)]) == 37\n    assert candidate([(3, 5), (7, 8, 9), (4, 8)]) == 44\n\ndef test_check():\n    check(cummulative_sum)\n\ntest_check()\n",
      "timestamp": 1665517167,
      "stdout": "",
      "stderr": "Traceback (most recent call last):\n  File \"/tmp/tmpvwk4sjo4.py\", line 17, in <module>\n    test_check()\n  File \"/tmp/tmpvwk4sjo4.py\", line 15, in test_check\n    check(cummulative_sum)\n  File \"/tmp/tmpvwk4sjo4.py\", line 10, in check\n    assert candidate([(1, 3), (5, 6, 7), (2, 6)]) == 30\n  File \"/tmp/tmpvwk4sjo4.py\", line 7, in cummulative_sum\n    return sum(test_list)\nTypeError: unsupported operand type(s) for +: 'int' and 'tuple'\n",
      "exit_code": 1,
      "status": "Exception"
    },
    {
      "program": "from typing import List, Tuple\n\ndef cummulative_sum(test_list: List[Tuple[int]]) -> int:\n    \"\"\"\n\tWrite a function to find the cumulative sum of all the values that are present in the given tuple list.\n\t\"\"\"\n    return sum(test_list)\n\ndef check(candidate):\n    assert candidate([(1, 3), (5, 6, 7), (2, 6)]) == 30\n    assert candidate([(2, 4), (6, 7, 8), (3, 7)]) == 37\n    assert candidate([(3, 5), (7, 8, 9), (4, 8)]) == 44\n\ndef test_check():\n    check(cummulative_sum)\n\ntest_check()\n",
      "timestamp": 1665517167,
      "stdout": "",
      "stderr": "Traceback (most recent call last):\n  File \"/tmp/tmpvwk4sjo4.py\", line 17, in <module>\n    test_check()\n  File \"/tmp/tmpvwk4sjo4.py\", line 15, in test_check\n    check(cummulative_sum)\n  File \"/tmp/tmpvwk4sjo4.py\", line 10, in check\n    assert candidate([(1, 3), (5, 6, 7), (2, 6)]) == 30\n  File \"/tmp/tmpvwk4sjo4.py\", line 7, in cummulative_sum\n    return sum(test_list)\nTypeError: unsupported operand type(s) for +: 'int' and 'tuple'\n",
      "exit_code": 1,
      "status": "Exception"
    },
    {
      "program": "from typing import List, Tuple\n\ndef cummulative_sum(test_list: List[Tuple[int]]) -> int:\n    \"\"\"\n\tWrite a function to find the cumulative sum of all the values that are present in the given tuple list.\n\t\"\"\"\n    return sum(test_list)\n\ndef check(candidate):\n    assert candidate([(1, 3), (5, 6, 7), (2, 6)]) == 30\n    assert candidate([(2, 4), (6, 7, 8), (3, 7)]) == 37\n    assert candidate([(3, 5), (7, 8, 9), (4, 8)]) == 44\n\ndef test_check():\n    check(cummulative_sum)\n\ntest_check()\n",
      "timestamp": 1665517167,
      "stdout": "",
      "stderr": "Traceback (most recent call last):\n  File \"/tmp/tmpvwk4sjo4.py\", line 17, in <module>\n    test_check()\n  File \"/tmp/tmpvwk4sjo4.py\", line 15, in test_check\n    check(cummulative_sum)\n  File \"/tmp/tmpvwk4sjo4.py\", line 10, in check\n    assert candidate([(1, 3), (5, 6, 7), (2, 6)]) == 30\n  File \"/tmp/tmpvwk4sjo4.py\", line 7, in cummulative_sum\n    return sum(test_list)\nTypeError: unsupported operand type(s) for +: 'int' and 'tuple'\n",
      "exit_code": 1,
      "status": "Exception"
    },
    {
      "program": "from typing import List, Tuple\n\ndef cummulative_sum(test_list: List[Tuple[int]]) -> int:\n    \"\"\"\n\tWrite a function to find the cumulative sum of all the values that are present in the given tuple list.\n\t\"\"\"\n    return sum(test_list)\n\ndef check(candidate):\n    assert candidate([(1, 3), (5, 6, 7), (2, 6)]) == 30\n    assert candidate([(2, 4), (6, 7, 8), (3, 7)]) == 37\n    assert candidate([(3, 5), (7, 8, 9), (4, 8)]) == 44\n\ndef test_check():\n    check(cummulative_sum)\n\ntest_check()\n",
      "timestamp": 1665517167,
      "stdout": "",
      "stderr": "Traceback (most recent call last):\n  File \"/tmp/tmpvwk4sjo4.py\", line 17, in <module>\n    test_check()\n  File \"/tmp/tmpvwk4sjo4.py\", line 15, in test_check\n    check(cummulative_sum)\n  File \"/tmp/tmpvwk4sjo4.py\", line 10, in check\n    assert candidate([(1, 3), (5, 6, 7), (2, 6)]) == 30\n  File \"/tmp/tmpvwk4sjo4.py\", line 7, in cummulative_sum\n    return sum(test_list)\nTypeError: unsupported operand type(s) for +: 'int' and 'tuple'\n",
      "exit_code": 1,
      "status": "Exception"
    },
    {
      "program": "from typing import List, Tuple\n\ndef cummulative_sum(test_list: List[Tuple[int]]) -> int:\n    \"\"\"\n\tWrite a function to find the cumulative sum of all the values that are present in the given tuple list.\n\t\"\"\"\n    return sum(test_list)\ndef check(candidate):\n    assert candidate([(1, 3), (5, 6, 7), (2, 6)]) == 30\n    assert candidate([(2, 4), (6, 7, 8), (3, 7)]) == 37\n    assert candidate([(3, 5), (7, 8, 9), (4, 8)]) == 44\n\ndef test_check():\n    check(cummulative_sum)\n\ntest_check()\n",
      "timestamp": 1666122553,
      "stdout": "",
      "stderr": "Traceback (most recent call last):\n  File \"/tmp/tmpnhlhurcy.py\", line 16, in <module>\n    test_check()\n  File \"/tmp/tmpnhlhurcy.py\", line 14, in test_check\n    check(cummulative_sum)\n  File \"/tmp/tmpnhlhurcy.py\", line 9, in check\n    assert candidate([(1, 3), (5, 6, 7), (2, 6)]) == 30\n  File \"/tmp/tmpnhlhurcy.py\", line 7, in cummulative_sum\n    return sum(test_list)\nTypeError: unsupported operand type(s) for +: 'int' and 'tuple'\n",
      "exit_code": 1,
      "status": "Exception"
    },
    {
      "program": "from typing import List, Tuple\n\ndef cummulative_sum(test_list: List[Tuple[int]]) -> int:\n    \"\"\"\n\tWrite a function to find the cumulative sum of all the values that are present in the given tuple list.\n\t\"\"\"\n    return sum(test_list)\n\ndef check(candidate):\n    assert candidate([(1, 3), (5, 6, 7), (2, 6)]) == 30\n    assert candidate([(2, 4), (6, 7, 8), (3, 7)]) == 37\n    assert candidate([(3, 5), (7, 8, 9), (4, 8)]) == 44\n\ndef test_check():\n    check(cummulative_sum)\n\ntest_check()\n",
      "timestamp": 1665517167,
      "stdout": "",
      "stderr": "Traceback (most recent call last):\n  File \"/tmp/tmpvwk4sjo4.py\", line 17, in <module>\n    test_check()\n  File \"/tmp/tmpvwk4sjo4.py\", line 15, in test_check\n    check(cummulative_sum)\n  File \"/tmp/tmpvwk4sjo4.py\", line 10, in check\n    assert candidate([(1, 3), (5, 6, 7), (2, 6)]) == 30\n  File \"/tmp/tmpvwk4sjo4.py\", line 7, in cummulative_sum\n    return sum(test_list)\nTypeError: unsupported operand type(s) for +: 'int' and 'tuple'\n",
      "exit_code": 1,
      "status": "Exception"
    },
    {
      "program": "from typing import List, Tuple\n\ndef cummulative_sum(test_list: List[Tuple[int]]) -> int:\n    \"\"\"\n\tWrite a function to find the cumulative sum of all the values that are present in the given tuple list.\n\t\"\"\"\n    return sum(test_list)\n\ndef check(candidate):\n    assert candidate([(1, 3), (5, 6, 7), (2, 6)]) == 30\n    assert candidate([(2, 4), (6, 7, 8), (3, 7)]) == 37\n    assert candidate([(3, 5), (7, 8, 9), (4, 8)]) == 44\n\ndef test_check():\n    check(cummulative_sum)\n\ntest_check()\n",
      "timestamp": 1665517167,
      "stdout": "",
      "stderr": "Traceback (most recent call last):\n  File \"/tmp/tmpvwk4sjo4.py\", line 17, in <module>\n    test_check()\n  File \"/tmp/tmpvwk4sjo4.py\", line 15, in test_check\n    check(cummulative_sum)\n  File \"/tmp/tmpvwk4sjo4.py\", line 10, in check\n    assert candidate([(1, 3), (5, 6, 7), (2, 6)]) == 30\n  File \"/tmp/tmpvwk4sjo4.py\", line 7, in cummulative_sum\n    return sum(test_list)\nTypeError: unsupported operand type(s) for +: 'int' and 'tuple'\n",
      "exit_code": 1,
      "status": "Exception"
    },
    {
      "program": "from typing import List, Tuple\n\ndef cummulative_sum(test_list: List[Tuple[int]]) -> int:\n    \"\"\"\n\tWrite a function to find the cumulative sum of all the values that are present in the given tuple list.\n\t\"\"\"\n    return sum(test_list)\ndef check(candidate):\n    assert candidate([(1, 3), (5, 6, 7), (2, 6)]) == 30\n    assert candidate([(2, 4), (6, 7, 8), (3, 7)]) == 37\n    assert candidate([(3, 5), (7, 8, 9), (4, 8)]) == 44\n\ndef test_check():\n    check(cummulative_sum)\n\ntest_check()\n",
      "timestamp": 1666122553,
      "stdout": "",
      "stderr": "Traceback (most recent call last):\n  File \"/tmp/tmpnhlhurcy.py\", line 16, in <module>\n    test_check()\n  File \"/tmp/tmpnhlhurcy.py\", line 14, in test_check\n    check(cummulative_sum)\n  File \"/tmp/tmpnhlhurcy.py\", line 9, in check\n    assert candidate([(1, 3), (5, 6, 7), (2, 6)]) == 30\n  File \"/tmp/tmpnhlhurcy.py\", line 7, in cummulative_sum\n    return sum(test_list)\nTypeError: unsupported operand type(s) for +: 'int' and 'tuple'\n",
      "exit_code": 1,
      "status": "Exception"
    },
    {
      "program": "from typing import List, Tuple\n\ndef cummulative_sum(test_list: List[Tuple[int]]) -> int:\n    \"\"\"\n\tWrite a function to find the cumulative sum of all the values that are present in the given tuple list.\n\t\"\"\"\n    return sum(test_list)\n\ndef check(candidate):\n    assert candidate([(1, 3), (5, 6, 7), (2, 6)]) == 30\n    assert candidate([(2, 4), (6, 7, 8), (3, 7)]) == 37\n    assert candidate([(3, 5), (7, 8, 9), (4, 8)]) == 44\n\ndef test_check():\n    check(cummulative_sum)\n\ntest_check()\n",
      "timestamp": 1665517167,
      "stdout": "",
      "stderr": "Traceback (most recent call last):\n  File \"/tmp/tmpvwk4sjo4.py\", line 17, in <module>\n    test_check()\n  File \"/tmp/tmpvwk4sjo4.py\", line 15, in test_check\n    check(cummulative_sum)\n  File \"/tmp/tmpvwk4sjo4.py\", line 10, in check\n    assert candidate([(1, 3), (5, 6, 7), (2, 6)]) == 30\n  File \"/tmp/tmpvwk4sjo4.py\", line 7, in cummulative_sum\n    return sum(test_list)\nTypeError: unsupported operand type(s) for +: 'int' and 'tuple'\n",
      "exit_code": 1,
      "status": "Exception"
    },
    {
      "program": "from typing import List, Tuple\n\ndef cummulative_sum(test_list: List[Tuple[int]]) -> int:\n    \"\"\"\n\tWrite a function to find the cumulative sum of all the values that are present in the given tuple list.\n\t\"\"\"\n    return sum(test_list)\n\ndef check(candidate):\n    assert candidate([(1, 3), (5, 6, 7), (2, 6)]) == 30\n    assert candidate([(2, 4), (6, 7, 8), (3, 7)]) == 37\n    assert candidate([(3, 5), (7, 8, 9), (4, 8)]) == 44\n\ndef test_check():\n    check(cummulative_sum)\n\ntest_check()\n",
      "timestamp": 1665517167,
      "stdout": "",
      "stderr": "Traceback (most recent call last):\n  File \"/tmp/tmpvwk4sjo4.py\", line 17, in <module>\n    test_check()\n  File \"/tmp/tmpvwk4sjo4.py\", line 15, in test_check\n    check(cummulative_sum)\n  File \"/tmp/tmpvwk4sjo4.py\", line 10, in check\n    assert candidate([(1, 3), (5, 6, 7), (2, 6)]) == 30\n  File \"/tmp/tmpvwk4sjo4.py\", line 7, in cummulative_sum\n    return sum(test_list)\nTypeError: unsupported operand type(s) for +: 'int' and 'tuple'\n",
      "exit_code": 1,
      "status": "Exception"
    },
    {
      "program": "from typing import List, Tuple\n\ndef cummulative_sum(test_list: List[Tuple[int]]) -> int:\n    \"\"\"\n\tWrite a function to find the cumulative sum of all the values that are present in the given tuple list.\n\t\"\"\"\n    return sum(test_list)\n\ndef check(candidate):\n    assert candidate([(1, 3), (5, 6, 7), (2, 6)]) == 30\n    assert candidate([(2, 4), (6, 7, 8), (3, 7)]) == 37\n    assert candidate([(3, 5), (7, 8, 9), (4, 8)]) == 44\n\ndef test_check():\n    check(cummulative_sum)\n\ntest_check()\n",
      "timestamp": 1665517167,
      "stdout": "",
      "stderr": "Traceback (most recent call last):\n  File \"/tmp/tmpvwk4sjo4.py\", line 17, in <module>\n    test_check()\n  File \"/tmp/tmpvwk4sjo4.py\", line 15, in test_check\n    check(cummulative_sum)\n  File \"/tmp/tmpvwk4sjo4.py\", line 10, in check\n    assert candidate([(1, 3), (5, 6, 7), (2, 6)]) == 30\n  File \"/tmp/tmpvwk4sjo4.py\", line 7, in cummulative_sum\n    return sum(test_list)\nTypeError: unsupported operand type(s) for +: 'int' and 'tuple'\n",
      "exit_code": 1,
      "status": "Exception"
    },
    {
      "program": "from typing import List, Tuple\n\ndef cummulative_sum(test_list: List[Tuple[int]]) -> int:\n    \"\"\"\n\tWrite a function to find the cumulative sum of all the values that are present in the given tuple list.\n\t\"\"\"\n    return sum(test_list)\n\ndef check(candidate):\n    assert candidate([(1, 3), (5, 6, 7), (2, 6)]) == 30\n    assert candidate([(2, 4), (6, 7, 8), (3, 7)]) == 37\n    assert candidate([(3, 5), (7, 8, 9), (4, 8)]) == 44\n\ndef test_check():\n    check(cummulative_sum)\n\ntest_check()\n",
      "timestamp": 1665517167,
      "stdout": "",
      "stderr": "Traceback (most recent call last):\n  File \"/tmp/tmpvwk4sjo4.py\", line 17, in <module>\n    test_check()\n  File \"/tmp/tmpvwk4sjo4.py\", line 15, in test_check\n    check(cummulative_sum)\n  File \"/tmp/tmpvwk4sjo4.py\", line 10, in check\n    assert candidate([(1, 3), (5, 6, 7), (2, 6)]) == 30\n  File \"/tmp/tmpvwk4sjo4.py\", line 7, in cummulative_sum\n    return sum(test_list)\nTypeError: unsupported operand type(s) for +: 'int' and 'tuple'\n",
      "exit_code": 1,
      "status": "Exception"
    },
    {
      "program": "from typing import List, Tuple\n\ndef cummulative_sum(test_list: List[Tuple[int]]) -> int:\n    \"\"\"\n\tWrite a function to find the cumulative sum of all the values that are present in the given tuple list.\n\t\"\"\"\n    cummulative_sum = 0\n    for i in test_list:\n        cummulative_sum += i[1]\n    return cummulative_sum\n\ndef check(candidate):\n    assert candidate([(1, 3), (5, 6, 7), (2, 6)]) == 30\n    assert candidate([(2, 4), (6, 7, 8), (3, 7)]) == 37\n    assert candidate([(3, 5), (7, 8, 9), (4, 8)]) == 44\n\ndef test_check():\n    check(cummulative_sum)\n\ntest_check()\n",
      "timestamp": 1666122553,
      "stdout": "",
      "stderr": "Traceback (most recent call last):\n  File \"/tmp/tmpsg9pitzk.py\", line 20, in <module>\n    test_check()\n  File \"/tmp/tmpsg9pitzk.py\", line 18, in test_check\n    check(cummulative_sum)\n  File \"/tmp/tmpsg9pitzk.py\", line 13, in check\n    assert candidate([(1, 3), (5, 6, 7), (2, 6)]) == 30\nAssertionError\n",
      "exit_code": 1,
      "status": "Exception"
    },
    {
      "program": "from typing import List, Tuple\n\ndef cummulative_sum(test_list: List[Tuple[int]]) -> int:\n    \"\"\"\n\tWrite a function to find the cumulative sum of all the values that are present in the given tuple list.\n\t\"\"\"\n    return sum(test_list)\n\ndef check(candidate):\n    assert candidate([(1, 3), (5, 6, 7), (2, 6)]) == 30\n    assert candidate([(2, 4), (6, 7, 8), (3, 7)]) == 37\n    assert candidate([(3, 5), (7, 8, 9), (4, 8)]) == 44\n\ndef test_check():\n    check(cummulative_sum)\n\ntest_check()\n",
      "timestamp": 1665517167,
      "stdout": "",
      "stderr": "Traceback (most recent call last):\n  File \"/tmp/tmpvwk4sjo4.py\", line 17, in <module>\n    test_check()\n  File \"/tmp/tmpvwk4sjo4.py\", line 15, in test_check\n    check(cummulative_sum)\n  File \"/tmp/tmpvwk4sjo4.py\", line 10, in check\n    assert candidate([(1, 3), (5, 6, 7), (2, 6)]) == 30\n  File \"/tmp/tmpvwk4sjo4.py\", line 7, in cummulative_sum\n    return sum(test_list)\nTypeError: unsupported operand type(s) for +: 'int' and 'tuple'\n",
      "exit_code": 1,
      "status": "Exception"
    },
    {
      "program": "from typing import List, Tuple\n\ndef cummulative_sum(test_list: List[Tuple[int]]) -> int:\n    \"\"\"\n\tWrite a function to find the cumulative sum of all the values that are present in the given tuple list.\n\t\"\"\"\n    return sum(test_list)\ndef check(candidate):\n    assert candidate([(1, 3), (5, 6, 7), (2, 6)]) == 30\n    assert candidate([(2, 4), (6, 7, 8), (3, 7)]) == 37\n    assert candidate([(3, 5), (7, 8, 9), (4, 8)]) == 44\n\ndef test_check():\n    check(cummulative_sum)\n\ntest_check()\n",
      "timestamp": 1666122553,
      "stdout": "",
      "stderr": "Traceback (most recent call last):\n  File \"/tmp/tmpnhlhurcy.py\", line 16, in <module>\n    test_check()\n  File \"/tmp/tmpnhlhurcy.py\", line 14, in test_check\n    check(cummulative_sum)\n  File \"/tmp/tmpnhlhurcy.py\", line 9, in check\n    assert candidate([(1, 3), (5, 6, 7), (2, 6)]) == 30\n  File \"/tmp/tmpnhlhurcy.py\", line 7, in cummulative_sum\n    return sum(test_list)\nTypeError: unsupported operand type(s) for +: 'int' and 'tuple'\n",
      "exit_code": 1,
      "status": "Exception"
    },
    {
      "program": "from typing import List, Tuple\n\ndef cummulative_sum(test_list: List[Tuple[int]]) -> int:\n    \"\"\"\n\tWrite a function to find the cumulative sum of all the values that are present in the given tuple list.\n\t\"\"\"\n    return sum(test_list)\n\ndef check(candidate):\n    assert candidate([(1, 3), (5, 6, 7), (2, 6)]) == 30\n    assert candidate([(2, 4), (6, 7, 8), (3, 7)]) == 37\n    assert candidate([(3, 5), (7, 8, 9), (4, 8)]) == 44\n\ndef test_check():\n    check(cummulative_sum)\n\ntest_check()\n",
      "timestamp": 1665517167,
      "stdout": "",
      "stderr": "Traceback (most recent call last):\n  File \"/tmp/tmpvwk4sjo4.py\", line 17, in <module>\n    test_check()\n  File \"/tmp/tmpvwk4sjo4.py\", line 15, in test_check\n    check(cummulative_sum)\n  File \"/tmp/tmpvwk4sjo4.py\", line 10, in check\n    assert candidate([(1, 3), (5, 6, 7), (2, 6)]) == 30\n  File \"/tmp/tmpvwk4sjo4.py\", line 7, in cummulative_sum\n    return sum(test_list)\nTypeError: unsupported operand type(s) for +: 'int' and 'tuple'\n",
      "exit_code": 1,
      "status": "Exception"
    },
    {
      "program": "from typing import List, Tuple\n\ndef cummulative_sum(test_list: List[Tuple[int]]) -> int:\n    \"\"\"\n\tWrite a function to find the cumulative sum of all the values that are present in the given tuple list.\n\t\"\"\"\n    return sum(test_list)\n\ndef check(candidate):\n    assert candidate([(1, 3), (5, 6, 7), (2, 6)]) == 30\n    assert candidate([(2, 4), (6, 7, 8), (3, 7)]) == 37\n    assert candidate([(3, 5), (7, 8, 9), (4, 8)]) == 44\n\ndef test_check():\n    check(cummulative_sum)\n\ntest_check()\n",
      "timestamp": 1665517167,
      "stdout": "",
      "stderr": "Traceback (most recent call last):\n  File \"/tmp/tmpvwk4sjo4.py\", line 17, in <module>\n    test_check()\n  File \"/tmp/tmpvwk4sjo4.py\", line 15, in test_check\n    check(cummulative_sum)\n  File \"/tmp/tmpvwk4sjo4.py\", line 10, in check\n    assert candidate([(1, 3), (5, 6, 7), (2, 6)]) == 30\n  File \"/tmp/tmpvwk4sjo4.py\", line 7, in cummulative_sum\n    return sum(test_list)\nTypeError: unsupported operand type(s) for +: 'int' and 'tuple'\n",
      "exit_code": 1,
      "status": "Exception"
    },
    {
      "program": "from typing import List, Tuple\n\ndef cummulative_sum(test_list: List[Tuple[int]]) -> int:\n    \"\"\"\n\tWrite a function to find the cumulative sum of all the values that are present in the given tuple list.\n\t\"\"\"\n    return sum(test_list)\n\ndef check(candidate):\n    assert candidate([(1, 3), (5, 6, 7), (2, 6)]) == 30\n    assert candidate([(2, 4), (6, 7, 8), (3, 7)]) == 37\n    assert candidate([(3, 5), (7, 8, 9), (4, 8)]) == 44\n\ndef test_check():\n    check(cummulative_sum)\n\ntest_check()\n",
      "timestamp": 1665517167,
      "stdout": "",
      "stderr": "Traceback (most recent call last):\n  File \"/tmp/tmpvwk4sjo4.py\", line 17, in <module>\n    test_check()\n  File \"/tmp/tmpvwk4sjo4.py\", line 15, in test_check\n    check(cummulative_sum)\n  File \"/tmp/tmpvwk4sjo4.py\", line 10, in check\n    assert candidate([(1, 3), (5, 6, 7), (2, 6)]) == 30\n  File \"/tmp/tmpvwk4sjo4.py\", line 7, in cummulative_sum\n    return sum(test_list)\nTypeError: unsupported operand type(s) for +: 'int' and 'tuple'\n",
      "exit_code": 1,
      "status": "Exception"
    },
    {
      "program": "from typing import List, Tuple\n\ndef cummulative_sum(test_list: List[Tuple[int]]) -> int:\n    \"\"\"\n\tWrite a function to find the cumulative sum of all the values that are present in the given tuple list.\n\t\"\"\"\n    return sum(test_list)\n\ndef check(candidate):\n    assert candidate([(1, 3), (5, 6, 7), (2, 6)]) == 30\n    assert candidate([(2, 4), (6, 7, 8), (3, 7)]) == 37\n    assert candidate([(3, 5), (7, 8, 9), (4, 8)]) == 44\n\ndef test_check():\n    check(cummulative_sum)\n\ntest_check()\n",
      "timestamp": 1665517167,
      "stdout": "",
      "stderr": "Traceback (most recent call last):\n  File \"/tmp/tmpvwk4sjo4.py\", line 17, in <module>\n    test_check()\n  File \"/tmp/tmpvwk4sjo4.py\", line 15, in test_check\n    check(cummulative_sum)\n  File \"/tmp/tmpvwk4sjo4.py\", line 10, in check\n    assert candidate([(1, 3), (5, 6, 7), (2, 6)]) == 30\n  File \"/tmp/tmpvwk4sjo4.py\", line 7, in cummulative_sum\n    return sum(test_list)\nTypeError: unsupported operand type(s) for +: 'int' and 'tuple'\n",
      "exit_code": 1,
      "status": "Exception"
    },
    {
      "program": "from typing import List, Tuple\n\ndef cummulative_sum(test_list: List[Tuple[int]]) -> int:\n    \"\"\"\n\tWrite a function to find the cumulative sum of all the values that are present in the given tuple list.\n\t\"\"\"\n    return sum(test_list)\n\n\ndef check(candidate):\n    assert candidate([(1, 3), (5, 6, 7), (2, 6)]) == 30\n    assert candidate([(2, 4), (6, 7, 8), (3, 7)]) == 37\n    assert candidate([(3, 5), (7, 8, 9), (4, 8)]) == 44\n\ndef test_check():\n    check(cummulative_sum)\n\ntest_check()\n",
      "timestamp": 1665517167,
      "stdout": "",
      "stderr": "Traceback (most recent call last):\n  File \"/tmp/tmplwedr7w4.py\", line 18, in <module>\n    test_check()\n  File \"/tmp/tmplwedr7w4.py\", line 16, in test_check\n    check(cummulative_sum)\n  File \"/tmp/tmplwedr7w4.py\", line 11, in check\n    assert candidate([(1, 3), (5, 6, 7), (2, 6)]) == 30\n  File \"/tmp/tmplwedr7w4.py\", line 7, in cummulative_sum\n    return sum(test_list)\nTypeError: unsupported operand type(s) for +: 'int' and 'tuple'\n",
      "exit_code": 1,
      "status": "Exception"
    },
    {
      "program": "from typing import List, Tuple\n\ndef cummulative_sum(test_list: List[Tuple[int]]) -> int:\n    \"\"\"\n\tWrite a function to find the cumulative sum of all the values that are present in the given tuple list.\n\t\"\"\"\n    return sum(test_list)\n\ndef check(candidate):\n    assert candidate([(1, 3), (5, 6, 7), (2, 6)]) == 30\n    assert candidate([(2, 4), (6, 7, 8), (3, 7)]) == 37\n    assert candidate([(3, 5), (7, 8, 9), (4, 8)]) == 44\n\ndef test_check():\n    check(cummulative_sum)\n\ntest_check()\n",
      "timestamp": 1665517167,
      "stdout": "",
      "stderr": "Traceback (most recent call last):\n  File \"/tmp/tmpvwk4sjo4.py\", line 17, in <module>\n    test_check()\n  File \"/tmp/tmpvwk4sjo4.py\", line 15, in test_check\n    check(cummulative_sum)\n  File \"/tmp/tmpvwk4sjo4.py\", line 10, in check\n    assert candidate([(1, 3), (5, 6, 7), (2, 6)]) == 30\n  File \"/tmp/tmpvwk4sjo4.py\", line 7, in cummulative_sum\n    return sum(test_list)\nTypeError: unsupported operand type(s) for +: 'int' and 'tuple'\n",
      "exit_code": 1,
      "status": "Exception"
    },
    {
      "program": "from typing import List, Tuple\n\ndef cummulative_sum(test_list: List[Tuple[int]]) -> int:\n    \"\"\"\n\tWrite a function to find the cumulative sum of all the values that are present in the given tuple list.\n\t\"\"\"\n    return sum(test_list)\n\ndef check(candidate):\n    assert candidate([(1, 3), (5, 6, 7), (2, 6)]) == 30\n    assert candidate([(2, 4), (6, 7, 8), (3, 7)]) == 37\n    assert candidate([(3, 5), (7, 8, 9), (4, 8)]) == 44\n\ndef test_check():\n    check(cummulative_sum)\n\ntest_check()\n",
      "timestamp": 1665517167,
      "stdout": "",
      "stderr": "Traceback (most recent call last):\n  File \"/tmp/tmpvwk4sjo4.py\", line 17, in <module>\n    test_check()\n  File \"/tmp/tmpvwk4sjo4.py\", line 15, in test_check\n    check(cummulative_sum)\n  File \"/tmp/tmpvwk4sjo4.py\", line 10, in check\n    assert candidate([(1, 3), (5, 6, 7), (2, 6)]) == 30\n  File \"/tmp/tmpvwk4sjo4.py\", line 7, in cummulative_sum\n    return sum(test_list)\nTypeError: unsupported operand type(s) for +: 'int' and 'tuple'\n",
      "exit_code": 1,
      "status": "Exception"
    },
    {
      "program": "from typing import List, Tuple\n\ndef cummulative_sum(test_list: List[Tuple[int]]) -> int:\n    \"\"\"\n\tWrite a function to find the cumulative sum of all the values that are present in the given tuple list.\n\t\"\"\"\n    return sum(test_list)\n\ndef check(candidate):\n    assert candidate([(1, 3), (5, 6, 7), (2, 6)]) == 30\n    assert candidate([(2, 4), (6, 7, 8), (3, 7)]) == 37\n    assert candidate([(3, 5), (7, 8, 9), (4, 8)]) == 44\n\ndef test_check():\n    check(cummulative_sum)\n\ntest_check()\n",
      "timestamp": 1665517167,
      "stdout": "",
      "stderr": "Traceback (most recent call last):\n  File \"/tmp/tmpvwk4sjo4.py\", line 17, in <module>\n    test_check()\n  File \"/tmp/tmpvwk4sjo4.py\", line 15, in test_check\n    check(cummulative_sum)\n  File \"/tmp/tmpvwk4sjo4.py\", line 10, in check\n    assert candidate([(1, 3), (5, 6, 7), (2, 6)]) == 30\n  File \"/tmp/tmpvwk4sjo4.py\", line 7, in cummulative_sum\n    return sum(test_list)\nTypeError: unsupported operand type(s) for +: 'int' and 'tuple'\n",
      "exit_code": 1,
      "status": "Exception"
    },
    {
      "program": "from typing import List, Tuple\n\ndef cummulative_sum(test_list: List[Tuple[int]]) -> int:\n    \"\"\"\n\tWrite a function to find the cumulative sum of all the values that are present in the given tuple list.\n\t\"\"\"\n    return sum(test_list)\n\ndef check(candidate):\n    assert candidate([(1, 3), (5, 6, 7), (2, 6)]) == 30\n    assert candidate([(2, 4), (6, 7, 8), (3, 7)]) == 37\n    assert candidate([(3, 5), (7, 8, 9), (4, 8)]) == 44\n\ndef test_check():\n    check(cummulative_sum)\n\ntest_check()\n",
      "timestamp": 1665517167,
      "stdout": "",
      "stderr": "Traceback (most recent call last):\n  File \"/tmp/tmpvwk4sjo4.py\", line 17, in <module>\n    test_check()\n  File \"/tmp/tmpvwk4sjo4.py\", line 15, in test_check\n    check(cummulative_sum)\n  File \"/tmp/tmpvwk4sjo4.py\", line 10, in check\n    assert candidate([(1, 3), (5, 6, 7), (2, 6)]) == 30\n  File \"/tmp/tmpvwk4sjo4.py\", line 7, in cummulative_sum\n    return sum(test_list)\nTypeError: unsupported operand type(s) for +: 'int' and 'tuple'\n",
      "exit_code": 1,
      "status": "Exception"
    },
    {
      "program": "from typing import List, Tuple\n\ndef cummulative_sum(test_list: List[Tuple[int]]) -> int:\n    \"\"\"\n\tWrite a function to find the cumulative sum of all the values that are present in the given tuple list.\n\t\"\"\"\n    return sum(test_list)\n\ndef check(candidate):\n    assert candidate([(1, 3), (5, 6, 7), (2, 6)]) == 30\n    assert candidate([(2, 4), (6, 7, 8), (3, 7)]) == 37\n    assert candidate([(3, 5), (7, 8, 9), (4, 8)]) == 44\n\ndef test_check():\n    check(cummulative_sum)\n\ntest_check()\n",
      "timestamp": 1665517167,
      "stdout": "",
      "stderr": "Traceback (most recent call last):\n  File \"/tmp/tmpvwk4sjo4.py\", line 17, in <module>\n    test_check()\n  File \"/tmp/tmpvwk4sjo4.py\", line 15, in test_check\n    check(cummulative_sum)\n  File \"/tmp/tmpvwk4sjo4.py\", line 10, in check\n    assert candidate([(1, 3), (5, 6, 7), (2, 6)]) == 30\n  File \"/tmp/tmpvwk4sjo4.py\", line 7, in cummulative_sum\n    return sum(test_list)\nTypeError: unsupported operand type(s) for +: 'int' and 'tuple'\n",
      "exit_code": 1,
      "status": "Exception"
    },
    {
      "program": "from typing import List, Tuple\n\ndef cummulative_sum(test_list: List[Tuple[int]]) -> int:\n    \"\"\"\n\tWrite a function to find the cumulative sum of all the values that are present in the given tuple list.\n\t\"\"\"\n    return sum(test_list)\n\ndef check(candidate):\n    assert candidate([(1, 3), (5, 6, 7), (2, 6)]) == 30\n    assert candidate([(2, 4), (6, 7, 8), (3, 7)]) == 37\n    assert candidate([(3, 5), (7, 8, 9), (4, 8)]) == 44\n\ndef test_check():\n    check(cummulative_sum)\n\ntest_check()\n",
      "timestamp": 1665517167,
      "stdout": "",
      "stderr": "Traceback (most recent call last):\n  File \"/tmp/tmpvwk4sjo4.py\", line 17, in <module>\n    test_check()\n  File \"/tmp/tmpvwk4sjo4.py\", line 15, in test_check\n    check(cummulative_sum)\n  File \"/tmp/tmpvwk4sjo4.py\", line 10, in check\n    assert candidate([(1, 3), (5, 6, 7), (2, 6)]) == 30\n  File \"/tmp/tmpvwk4sjo4.py\", line 7, in cummulative_sum\n    return sum(test_list)\nTypeError: unsupported operand type(s) for +: 'int' and 'tuple'\n",
      "exit_code": 1,
      "status": "Exception"
    },
    {
      "program": "from typing import List, Tuple\n\ndef cummulative_sum(test_list: List[Tuple[int]]) -> int:\n    \"\"\"\n\tWrite a function to find the cumulative sum of all the values that are present in the given tuple list.\n\t\"\"\"\n    return sum(test_list)\n\ndef check(candidate):\n    assert candidate([(1, 3), (5, 6, 7), (2, 6)]) == 30\n    assert candidate([(2, 4), (6, 7, 8), (3, 7)]) == 37\n    assert candidate([(3, 5), (7, 8, 9), (4, 8)]) == 44\n\ndef test_check():\n    check(cummulative_sum)\n\ntest_check()\n",
      "timestamp": 1665517167,
      "stdout": "",
      "stderr": "Traceback (most recent call last):\n  File \"/tmp/tmpvwk4sjo4.py\", line 17, in <module>\n    test_check()\n  File \"/tmp/tmpvwk4sjo4.py\", line 15, in test_check\n    check(cummulative_sum)\n  File \"/tmp/tmpvwk4sjo4.py\", line 10, in check\n    assert candidate([(1, 3), (5, 6, 7), (2, 6)]) == 30\n  File \"/tmp/tmpvwk4sjo4.py\", line 7, in cummulative_sum\n    return sum(test_list)\nTypeError: unsupported operand type(s) for +: 'int' and 'tuple'\n",
      "exit_code": 1,
      "status": "Exception"
    },
    {
      "program": "from typing import List, Tuple\n\ndef cummulative_sum(test_list: List[Tuple[int]]) -> int:\n    \"\"\"\n\tWrite a function to find the cumulative sum of all the values that are present in the given tuple list.\n\t\"\"\"\n    return sum(test_list)\n\ndef check(candidate):\n    assert candidate([(1, 3), (5, 6, 7), (2, 6)]) == 30\n    assert candidate([(2, 4), (6, 7, 8), (3, 7)]) == 37\n    assert candidate([(3, 5), (7, 8, 9), (4, 8)]) == 44\n\ndef test_check():\n    check(cummulative_sum)\n\ntest_check()\n",
      "timestamp": 1665517167,
      "stdout": "",
      "stderr": "Traceback (most recent call last):\n  File \"/tmp/tmpvwk4sjo4.py\", line 17, in <module>\n    test_check()\n  File \"/tmp/tmpvwk4sjo4.py\", line 15, in test_check\n    check(cummulative_sum)\n  File \"/tmp/tmpvwk4sjo4.py\", line 10, in check\n    assert candidate([(1, 3), (5, 6, 7), (2, 6)]) == 30\n  File \"/tmp/tmpvwk4sjo4.py\", line 7, in cummulative_sum\n    return sum(test_list)\nTypeError: unsupported operand type(s) for +: 'int' and 'tuple'\n",
      "exit_code": 1,
      "status": "Exception"
    },
    {
      "program": "from typing import List, Tuple\n\ndef cummulative_sum(test_list: List[Tuple[int]]) -> int:\n    \"\"\"\n\tWrite a function to find the cumulative sum of all the values that are present in the given tuple list.\n\t\"\"\"\n    cummulative_sum = 0\n    for i in test_list:\n        cummulative_sum += i\n    return cummulative_sum\n\ndef check(candidate):\n    assert candidate([(1, 3), (5, 6, 7), (2, 6)]) == 30\n    assert candidate([(2, 4), (6, 7, 8), (3, 7)]) == 37\n    assert candidate([(3, 5), (7, 8, 9), (4, 8)]) == 44\n\ndef test_check():\n    check(cummulative_sum)\n\ntest_check()\n",
      "timestamp": 1666122553,
      "stdout": "",
      "stderr": "Traceback (most recent call last):\n  File \"/tmp/tmp_hpgg0yr.py\", line 20, in <module>\n    test_check()\n  File \"/tmp/tmp_hpgg0yr.py\", line 18, in test_check\n    check(cummulative_sum)\n  File \"/tmp/tmp_hpgg0yr.py\", line 13, in check\n    assert candidate([(1, 3), (5, 6, 7), (2, 6)]) == 30\n  File \"/tmp/tmp_hpgg0yr.py\", line 9, in cummulative_sum\n    cummulative_sum += i\nTypeError: unsupported operand type(s) for +=: 'int' and 'tuple'\n",
      "exit_code": 1,
      "status": "Exception"
    },
    {
      "program": "from typing import List, Tuple\n\ndef cummulative_sum(test_list: List[Tuple[int]]) -> int:\n    \"\"\"\n\tWrite a function to find the cumulative sum of all the values that are present in the given tuple list.\n\t\"\"\"\n    return sum(test_list)\n\ndef check(candidate):\n    assert candidate([(1, 3), (5, 6, 7), (2, 6)]) == 30\n    assert candidate([(2, 4), (6, 7, 8), (3, 7)]) == 37\n    assert candidate([(3, 5), (7, 8, 9), (4, 8)]) == 44\n\ndef test_check():\n    check(cummulative_sum)\n\ntest_check()\n",
      "timestamp": 1665517167,
      "stdout": "",
      "stderr": "Traceback (most recent call last):\n  File \"/tmp/tmpvwk4sjo4.py\", line 17, in <module>\n    test_check()\n  File \"/tmp/tmpvwk4sjo4.py\", line 15, in test_check\n    check(cummulative_sum)\n  File \"/tmp/tmpvwk4sjo4.py\", line 10, in check\n    assert candidate([(1, 3), (5, 6, 7), (2, 6)]) == 30\n  File \"/tmp/tmpvwk4sjo4.py\", line 7, in cummulative_sum\n    return sum(test_list)\nTypeError: unsupported operand type(s) for +: 'int' and 'tuple'\n",
      "exit_code": 1,
      "status": "Exception"
    },
    {
      "program": "from typing import List, Tuple\n\ndef cummulative_sum(test_list: List[Tuple[int]]) -> int:\n    \"\"\"\n\tWrite a function to find the cumulative sum of all the values that are present in the given tuple list.\n\t\"\"\"\n    return sum(test_list)\n\ndef check(candidate):\n    assert candidate([(1, 3), (5, 6, 7), (2, 6)]) == 30\n    assert candidate([(2, 4), (6, 7, 8), (3, 7)]) == 37\n    assert candidate([(3, 5), (7, 8, 9), (4, 8)]) == 44\n\ndef test_check():\n    check(cummulative_sum)\n\ntest_check()\n",
      "timestamp": 1665517167,
      "stdout": "",
      "stderr": "Traceback (most recent call last):\n  File \"/tmp/tmpvwk4sjo4.py\", line 17, in <module>\n    test_check()\n  File \"/tmp/tmpvwk4sjo4.py\", line 15, in test_check\n    check(cummulative_sum)\n  File \"/tmp/tmpvwk4sjo4.py\", line 10, in check\n    assert candidate([(1, 3), (5, 6, 7), (2, 6)]) == 30\n  File \"/tmp/tmpvwk4sjo4.py\", line 7, in cummulative_sum\n    return sum(test_list)\nTypeError: unsupported operand type(s) for +: 'int' and 'tuple'\n",
      "exit_code": 1,
      "status": "Exception"
    },
    {
      "program": "from typing import List, Tuple\n\ndef cummulative_sum(test_list: List[Tuple[int]]) -> int:\n    \"\"\"\n\tWrite a function to find the cumulative sum of all the values that are present in the given tuple list.\n\t\"\"\"\n    return sum(test_list)\n\ndef check(candidate):\n    assert candidate([(1, 3), (5, 6, 7), (2, 6)]) == 30\n    assert candidate([(2, 4), (6, 7, 8), (3, 7)]) == 37\n    assert candidate([(3, 5), (7, 8, 9), (4, 8)]) == 44\n\ndef test_check():\n    check(cummulative_sum)\n\ntest_check()\n",
      "timestamp": 1665517167,
      "stdout": "",
      "stderr": "Traceback (most recent call last):\n  File \"/tmp/tmpvwk4sjo4.py\", line 17, in <module>\n    test_check()\n  File \"/tmp/tmpvwk4sjo4.py\", line 15, in test_check\n    check(cummulative_sum)\n  File \"/tmp/tmpvwk4sjo4.py\", line 10, in check\n    assert candidate([(1, 3), (5, 6, 7), (2, 6)]) == 30\n  File \"/tmp/tmpvwk4sjo4.py\", line 7, in cummulative_sum\n    return sum(test_list)\nTypeError: unsupported operand type(s) for +: 'int' and 'tuple'\n",
      "exit_code": 1,
      "status": "Exception"
    },
    {
      "program": "from typing import List, Tuple\n\ndef cummulative_sum(test_list: List[Tuple[int]]) -> int:\n    \"\"\"\n\tWrite a function to find the cumulative sum of all the values that are present in the given tuple list.\n\t\"\"\"\n    return sum(test_list)\n\ndef check(candidate):\n    assert candidate([(1, 3), (5, 6, 7), (2, 6)]) == 30\n    assert candidate([(2, 4), (6, 7, 8), (3, 7)]) == 37\n    assert candidate([(3, 5), (7, 8, 9), (4, 8)]) == 44\n\ndef test_check():\n    check(cummulative_sum)\n\ntest_check()\n",
      "timestamp": 1665517167,
      "stdout": "",
      "stderr": "Traceback (most recent call last):\n  File \"/tmp/tmpvwk4sjo4.py\", line 17, in <module>\n    test_check()\n  File \"/tmp/tmpvwk4sjo4.py\", line 15, in test_check\n    check(cummulative_sum)\n  File \"/tmp/tmpvwk4sjo4.py\", line 10, in check\n    assert candidate([(1, 3), (5, 6, 7), (2, 6)]) == 30\n  File \"/tmp/tmpvwk4sjo4.py\", line 7, in cummulative_sum\n    return sum(test_list)\nTypeError: unsupported operand type(s) for +: 'int' and 'tuple'\n",
      "exit_code": 1,
      "status": "Exception"
    },
    {
      "program": "from typing import List, Tuple\n\ndef cummulative_sum(test_list: List[Tuple[int]]) -> int:\n    \"\"\"\n\tWrite a function to find the cumulative sum of all the values that are present in the given tuple list.\n\t\"\"\"\n    return sum(test_list)\n\ndef check(candidate):\n    assert candidate([(1, 3), (5, 6, 7), (2, 6)]) == 30\n    assert candidate([(2, 4), (6, 7, 8), (3, 7)]) == 37\n    assert candidate([(3, 5), (7, 8, 9), (4, 8)]) == 44\n\ndef test_check():\n    check(cummulative_sum)\n\ntest_check()\n",
      "timestamp": 1665517167,
      "stdout": "",
      "stderr": "Traceback (most recent call last):\n  File \"/tmp/tmpvwk4sjo4.py\", line 17, in <module>\n    test_check()\n  File \"/tmp/tmpvwk4sjo4.py\", line 15, in test_check\n    check(cummulative_sum)\n  File \"/tmp/tmpvwk4sjo4.py\", line 10, in check\n    assert candidate([(1, 3), (5, 6, 7), (2, 6)]) == 30\n  File \"/tmp/tmpvwk4sjo4.py\", line 7, in cummulative_sum\n    return sum(test_list)\nTypeError: unsupported operand type(s) for +: 'int' and 'tuple'\n",
      "exit_code": 1,
      "status": "Exception"
    },
    {
      "program": "from typing import List, Tuple\n\ndef cummulative_sum(test_list: List[Tuple[int]]) -> int:\n    \"\"\"\n\tWrite a function to find the cumulative sum of all the values that are present in the given tuple list.\n\t\"\"\"\n    return sum(test_list)\n\ndef check(candidate):\n    assert candidate([(1, 3), (5, 6, 7), (2, 6)]) == 30\n    assert candidate([(2, 4), (6, 7, 8), (3, 7)]) == 37\n    assert candidate([(3, 5), (7, 8, 9), (4, 8)]) == 44\n\ndef test_check():\n    check(cummulative_sum)\n\ntest_check()\n",
      "timestamp": 1665517167,
      "stdout": "",
      "stderr": "Traceback (most recent call last):\n  File \"/tmp/tmpvwk4sjo4.py\", line 17, in <module>\n    test_check()\n  File \"/tmp/tmpvwk4sjo4.py\", line 15, in test_check\n    check(cummulative_sum)\n  File \"/tmp/tmpvwk4sjo4.py\", line 10, in check\n    assert candidate([(1, 3), (5, 6, 7), (2, 6)]) == 30\n  File \"/tmp/tmpvwk4sjo4.py\", line 7, in cummulative_sum\n    return sum(test_list)\nTypeError: unsupported operand type(s) for +: 'int' and 'tuple'\n",
      "exit_code": 1,
      "status": "Exception"
    },
    {
      "program": "from typing import List, Tuple\n\ndef cummulative_sum(test_list: List[Tuple[int]]) -> int:\n    \"\"\"\n\tWrite a function to find the cumulative sum of all the values that are present in the given tuple list.\n\t\"\"\"\n    return sum(test_list)\n\ndef check(candidate):\n    assert candidate([(1, 3), (5, 6, 7), (2, 6)]) == 30\n    assert candidate([(2, 4), (6, 7, 8), (3, 7)]) == 37\n    assert candidate([(3, 5), (7, 8, 9), (4, 8)]) == 44\n\ndef test_check():\n    check(cummulative_sum)\n\ntest_check()\n",
      "timestamp": 1665517167,
      "stdout": "",
      "stderr": "Traceback (most recent call last):\n  File \"/tmp/tmpvwk4sjo4.py\", line 17, in <module>\n    test_check()\n  File \"/tmp/tmpvwk4sjo4.py\", line 15, in test_check\n    check(cummulative_sum)\n  File \"/tmp/tmpvwk4sjo4.py\", line 10, in check\n    assert candidate([(1, 3), (5, 6, 7), (2, 6)]) == 30\n  File \"/tmp/tmpvwk4sjo4.py\", line 7, in cummulative_sum\n    return sum(test_list)\nTypeError: unsupported operand type(s) for +: 'int' and 'tuple'\n",
      "exit_code": 1,
      "status": "Exception"
    },
    {
      "program": "from typing import List, Tuple\n\ndef cummulative_sum(test_list: List[Tuple[int]]) -> int:\n    \"\"\"\n\tWrite a function to find the cumulative sum of all the values that are present in the given tuple list.\n\t\"\"\"\n    return sum(test_list)\n\ndef check(candidate):\n    assert candidate([(1, 3), (5, 6, 7), (2, 6)]) == 30\n    assert candidate([(2, 4), (6, 7, 8), (3, 7)]) == 37\n    assert candidate([(3, 5), (7, 8, 9), (4, 8)]) == 44\n\ndef test_check():\n    check(cummulative_sum)\n\ntest_check()\n",
      "timestamp": 1665517167,
      "stdout": "",
      "stderr": "Traceback (most recent call last):\n  File \"/tmp/tmpvwk4sjo4.py\", line 17, in <module>\n    test_check()\n  File \"/tmp/tmpvwk4sjo4.py\", line 15, in test_check\n    check(cummulative_sum)\n  File \"/tmp/tmpvwk4sjo4.py\", line 10, in check\n    assert candidate([(1, 3), (5, 6, 7), (2, 6)]) == 30\n  File \"/tmp/tmpvwk4sjo4.py\", line 7, in cummulative_sum\n    return sum(test_list)\nTypeError: unsupported operand type(s) for +: 'int' and 'tuple'\n",
      "exit_code": 1,
      "status": "Exception"
    },
    {
      "program": "from typing import List, Tuple\n\ndef cummulative_sum(test_list: List[Tuple[int]]) -> int:\n    \"\"\"\n\tWrite a function to find the cumulative sum of all the values that are present in the given tuple list.\n\t\"\"\"\n    return sum(test_list)\n\ndef check(candidate):\n    assert candidate([(1, 3), (5, 6, 7), (2, 6)]) == 30\n    assert candidate([(2, 4), (6, 7, 8), (3, 7)]) == 37\n    assert candidate([(3, 5), (7, 8, 9), (4, 8)]) == 44\n\ndef test_check():\n    check(cummulative_sum)\n\ntest_check()\n",
      "timestamp": 1665517167,
      "stdout": "",
      "stderr": "Traceback (most recent call last):\n  File \"/tmp/tmpvwk4sjo4.py\", line 17, in <module>\n    test_check()\n  File \"/tmp/tmpvwk4sjo4.py\", line 15, in test_check\n    check(cummulative_sum)\n  File \"/tmp/tmpvwk4sjo4.py\", line 10, in check\n    assert candidate([(1, 3), (5, 6, 7), (2, 6)]) == 30\n  File \"/tmp/tmpvwk4sjo4.py\", line 7, in cummulative_sum\n    return sum(test_list)\nTypeError: unsupported operand type(s) for +: 'int' and 'tuple'\n",
      "exit_code": 1,
      "status": "Exception"
    },
    {
      "program": "from typing import List, Tuple\n\ndef cummulative_sum(test_list: List[Tuple[int]]) -> int:\n    \"\"\"\n\tWrite a function to find the cumulative sum of all the values that are present in the given tuple list.\n\t\"\"\"\n    return sum(test_list)\n\ndef check(candidate):\n    assert candidate([(1, 3), (5, 6, 7), (2, 6)]) == 30\n    assert candidate([(2, 4), (6, 7, 8), (3, 7)]) == 37\n    assert candidate([(3, 5), (7, 8, 9), (4, 8)]) == 44\n\ndef test_check():\n    check(cummulative_sum)\n\ntest_check()\n",
      "timestamp": 1665517167,
      "stdout": "",
      "stderr": "Traceback (most recent call last):\n  File \"/tmp/tmpvwk4sjo4.py\", line 17, in <module>\n    test_check()\n  File \"/tmp/tmpvwk4sjo4.py\", line 15, in test_check\n    check(cummulative_sum)\n  File \"/tmp/tmpvwk4sjo4.py\", line 10, in check\n    assert candidate([(1, 3), (5, 6, 7), (2, 6)]) == 30\n  File \"/tmp/tmpvwk4sjo4.py\", line 7, in cummulative_sum\n    return sum(test_list)\nTypeError: unsupported operand type(s) for +: 'int' and 'tuple'\n",
      "exit_code": 1,
      "status": "Exception"
    },
    {
      "program": "from typing import List, Tuple\n\ndef cummulative_sum(test_list: List[Tuple[int]]) -> int:\n    \"\"\"\n\tWrite a function to find the cumulative sum of all the values that are present in the given tuple list.\n\t\"\"\"\n    return sum(test_list)\n\ndef check(candidate):\n    assert candidate([(1, 3), (5, 6, 7), (2, 6)]) == 30\n    assert candidate([(2, 4), (6, 7, 8), (3, 7)]) == 37\n    assert candidate([(3, 5), (7, 8, 9), (4, 8)]) == 44\n\ndef test_check():\n    check(cummulative_sum)\n\ntest_check()\n",
      "timestamp": 1665517167,
      "stdout": "",
      "stderr": "Traceback (most recent call last):\n  File \"/tmp/tmpvwk4sjo4.py\", line 17, in <module>\n    test_check()\n  File \"/tmp/tmpvwk4sjo4.py\", line 15, in test_check\n    check(cummulative_sum)\n  File \"/tmp/tmpvwk4sjo4.py\", line 10, in check\n    assert candidate([(1, 3), (5, 6, 7), (2, 6)]) == 30\n  File \"/tmp/tmpvwk4sjo4.py\", line 7, in cummulative_sum\n    return sum(test_list)\nTypeError: unsupported operand type(s) for +: 'int' and 'tuple'\n",
      "exit_code": 1,
      "status": "Exception"
    },
    {
      "program": "from typing import List, Tuple\n\ndef cummulative_sum(test_list: List[Tuple[int]]) -> int:\n    \"\"\"\n\tWrite a function to find the cumulative sum of all the values that are present in the given tuple list.\n\t\"\"\"\n    return sum(test_list)\ndef check(candidate):\n    assert candidate([(1, 3), (5, 6, 7), (2, 6)]) == 30\n    assert candidate([(2, 4), (6, 7, 8), (3, 7)]) == 37\n    assert candidate([(3, 5), (7, 8, 9), (4, 8)]) == 44\n\ndef test_check():\n    check(cummulative_sum)\n\ntest_check()\n",
      "timestamp": 1666122553,
      "stdout": "",
      "stderr": "Traceback (most recent call last):\n  File \"/tmp/tmpnhlhurcy.py\", line 16, in <module>\n    test_check()\n  File \"/tmp/tmpnhlhurcy.py\", line 14, in test_check\n    check(cummulative_sum)\n  File \"/tmp/tmpnhlhurcy.py\", line 9, in check\n    assert candidate([(1, 3), (5, 6, 7), (2, 6)]) == 30\n  File \"/tmp/tmpnhlhurcy.py\", line 7, in cummulative_sum\n    return sum(test_list)\nTypeError: unsupported operand type(s) for +: 'int' and 'tuple'\n",
      "exit_code": 1,
      "status": "Exception"
    },
    {
      "program": "from typing import List, Tuple\n\ndef cummulative_sum(test_list: List[Tuple[int]]) -> int:\n    \"\"\"\n\tWrite a function to find the cumulative sum of all the values that are present in the given tuple list.\n\t\"\"\"\n    return sum(test_list)\n\ndef check(candidate):\n    assert candidate([(1, 3), (5, 6, 7), (2, 6)]) == 30\n    assert candidate([(2, 4), (6, 7, 8), (3, 7)]) == 37\n    assert candidate([(3, 5), (7, 8, 9), (4, 8)]) == 44\n\ndef test_check():\n    check(cummulative_sum)\n\ntest_check()\n",
      "timestamp": 1665517167,
      "stdout": "",
      "stderr": "Traceback (most recent call last):\n  File \"/tmp/tmpvwk4sjo4.py\", line 17, in <module>\n    test_check()\n  File \"/tmp/tmpvwk4sjo4.py\", line 15, in test_check\n    check(cummulative_sum)\n  File \"/tmp/tmpvwk4sjo4.py\", line 10, in check\n    assert candidate([(1, 3), (5, 6, 7), (2, 6)]) == 30\n  File \"/tmp/tmpvwk4sjo4.py\", line 7, in cummulative_sum\n    return sum(test_list)\nTypeError: unsupported operand type(s) for +: 'int' and 'tuple'\n",
      "exit_code": 1,
      "status": "Exception"
    },
    {
      "program": "from typing import List, Tuple\n\ndef cummulative_sum(test_list: List[Tuple[int]]) -> int:\n    \"\"\"\n\tWrite a function to find the cumulative sum of all the values that are present in the given tuple list.\n\t\"\"\"\n    return sum(test_list)\n\ndef check(candidate):\n    assert candidate([(1, 3), (5, 6, 7), (2, 6)]) == 30\n    assert candidate([(2, 4), (6, 7, 8), (3, 7)]) == 37\n    assert candidate([(3, 5), (7, 8, 9), (4, 8)]) == 44\n\ndef test_check():\n    check(cummulative_sum)\n\ntest_check()\n",
      "timestamp": 1665517167,
      "stdout": "",
      "stderr": "Traceback (most recent call last):\n  File \"/tmp/tmpvwk4sjo4.py\", line 17, in <module>\n    test_check()\n  File \"/tmp/tmpvwk4sjo4.py\", line 15, in test_check\n    check(cummulative_sum)\n  File \"/tmp/tmpvwk4sjo4.py\", line 10, in check\n    assert candidate([(1, 3), (5, 6, 7), (2, 6)]) == 30\n  File \"/tmp/tmpvwk4sjo4.py\", line 7, in cummulative_sum\n    return sum(test_list)\nTypeError: unsupported operand type(s) for +: 'int' and 'tuple'\n",
      "exit_code": 1,
      "status": "Exception"
    },
    {
      "program": "from typing import List, Tuple\n\ndef cummulative_sum(test_list: List[Tuple[int]]) -> int:\n    \"\"\"\n\tWrite a function to find the cumulative sum of all the values that are present in the given tuple list.\n\t\"\"\"\n    return sum(test_list)\n\ndef check(candidate):\n    assert candidate([(1, 3), (5, 6, 7), (2, 6)]) == 30\n    assert candidate([(2, 4), (6, 7, 8), (3, 7)]) == 37\n    assert candidate([(3, 5), (7, 8, 9), (4, 8)]) == 44\n\ndef test_check():\n    check(cummulative_sum)\n\ntest_check()\n",
      "timestamp": 1665517167,
      "stdout": "",
      "stderr": "Traceback (most recent call last):\n  File \"/tmp/tmpvwk4sjo4.py\", line 17, in <module>\n    test_check()\n  File \"/tmp/tmpvwk4sjo4.py\", line 15, in test_check\n    check(cummulative_sum)\n  File \"/tmp/tmpvwk4sjo4.py\", line 10, in check\n    assert candidate([(1, 3), (5, 6, 7), (2, 6)]) == 30\n  File \"/tmp/tmpvwk4sjo4.py\", line 7, in cummulative_sum\n    return sum(test_list)\nTypeError: unsupported operand type(s) for +: 'int' and 'tuple'\n",
      "exit_code": 1,
      "status": "Exception"
    },
    {
      "program": "from typing import List, Tuple\n\ndef cummulative_sum(test_list: List[Tuple[int]]) -> int:\n    \"\"\"\n\tWrite a function to find the cumulative sum of all the values that are present in the given tuple list.\n\t\"\"\"\n    return sum(test_list)\n\ndef check(candidate):\n    assert candidate([(1, 3), (5, 6, 7), (2, 6)]) == 30\n    assert candidate([(2, 4), (6, 7, 8), (3, 7)]) == 37\n    assert candidate([(3, 5), (7, 8, 9), (4, 8)]) == 44\n\ndef test_check():\n    check(cummulative_sum)\n\ntest_check()\n",
      "timestamp": 1665517167,
      "stdout": "",
      "stderr": "Traceback (most recent call last):\n  File \"/tmp/tmpvwk4sjo4.py\", line 17, in <module>\n    test_check()\n  File \"/tmp/tmpvwk4sjo4.py\", line 15, in test_check\n    check(cummulative_sum)\n  File \"/tmp/tmpvwk4sjo4.py\", line 10, in check\n    assert candidate([(1, 3), (5, 6, 7), (2, 6)]) == 30\n  File \"/tmp/tmpvwk4sjo4.py\", line 7, in cummulative_sum\n    return sum(test_list)\nTypeError: unsupported operand type(s) for +: 'int' and 'tuple'\n",
      "exit_code": 1,
      "status": "Exception"
    },
    {
      "program": "from typing import List, Tuple\n\ndef cummulative_sum(test_list: List[Tuple[int]]) -> int:\n    \"\"\"\n\tWrite a function to find the cumulative sum of all the values that are present in the given tuple list.\n\t\"\"\"\n    return sum(test_list)\n\ndef check(candidate):\n    assert candidate([(1, 3), (5, 6, 7), (2, 6)]) == 30\n    assert candidate([(2, 4), (6, 7, 8), (3, 7)]) == 37\n    assert candidate([(3, 5), (7, 8, 9), (4, 8)]) == 44\n\ndef test_check():\n    check(cummulative_sum)\n\ntest_check()\n",
      "timestamp": 1665517167,
      "stdout": "",
      "stderr": "Traceback (most recent call last):\n  File \"/tmp/tmpvwk4sjo4.py\", line 17, in <module>\n    test_check()\n  File \"/tmp/tmpvwk4sjo4.py\", line 15, in test_check\n    check(cummulative_sum)\n  File \"/tmp/tmpvwk4sjo4.py\", line 10, in check\n    assert candidate([(1, 3), (5, 6, 7), (2, 6)]) == 30\n  File \"/tmp/tmpvwk4sjo4.py\", line 7, in cummulative_sum\n    return sum(test_list)\nTypeError: unsupported operand type(s) for +: 'int' and 'tuple'\n",
      "exit_code": 1,
      "status": "Exception"
    },
    {
      "program": "from typing import List, Tuple\n\ndef cummulative_sum(test_list: List[Tuple[int]]) -> int:\n    \"\"\"\n\tWrite a function to find the cumulative sum of all the values that are present in the given tuple list.\n\t\"\"\"\n    return sum(test_list)\n\ndef check(candidate):\n    assert candidate([(1, 3), (5, 6, 7), (2, 6)]) == 30\n    assert candidate([(2, 4), (6, 7, 8), (3, 7)]) == 37\n    assert candidate([(3, 5), (7, 8, 9), (4, 8)]) == 44\n\ndef test_check():\n    check(cummulative_sum)\n\ntest_check()\n",
      "timestamp": 1665517167,
      "stdout": "",
      "stderr": "Traceback (most recent call last):\n  File \"/tmp/tmpvwk4sjo4.py\", line 17, in <module>\n    test_check()\n  File \"/tmp/tmpvwk4sjo4.py\", line 15, in test_check\n    check(cummulative_sum)\n  File \"/tmp/tmpvwk4sjo4.py\", line 10, in check\n    assert candidate([(1, 3), (5, 6, 7), (2, 6)]) == 30\n  File \"/tmp/tmpvwk4sjo4.py\", line 7, in cummulative_sum\n    return sum(test_list)\nTypeError: unsupported operand type(s) for +: 'int' and 'tuple'\n",
      "exit_code": 1,
      "status": "Exception"
    },
    {
      "program": "from typing import List, Tuple\n\ndef cummulative_sum(test_list: List[Tuple[int]]) -> int:\n    \"\"\"\n\tWrite a function to find the cumulative sum of all the values that are present in the given tuple list.\n\t\"\"\"\n    return sum(test_list)\n\ndef check(candidate):\n    assert candidate([(1, 3), (5, 6, 7), (2, 6)]) == 30\n    assert candidate([(2, 4), (6, 7, 8), (3, 7)]) == 37\n    assert candidate([(3, 5), (7, 8, 9), (4, 8)]) == 44\n\ndef test_check():\n    check(cummulative_sum)\n\ntest_check()\n",
      "timestamp": 1665517167,
      "stdout": "",
      "stderr": "Traceback (most recent call last):\n  File \"/tmp/tmpvwk4sjo4.py\", line 17, in <module>\n    test_check()\n  File \"/tmp/tmpvwk4sjo4.py\", line 15, in test_check\n    check(cummulative_sum)\n  File \"/tmp/tmpvwk4sjo4.py\", line 10, in check\n    assert candidate([(1, 3), (5, 6, 7), (2, 6)]) == 30\n  File \"/tmp/tmpvwk4sjo4.py\", line 7, in cummulative_sum\n    return sum(test_list)\nTypeError: unsupported operand type(s) for +: 'int' and 'tuple'\n",
      "exit_code": 1,
      "status": "Exception"
    },
    {
      "program": "from typing import List, Tuple\n\ndef cummulative_sum(test_list: List[Tuple[int]]) -> int:\n    \"\"\"\n\tWrite a function to find the cumulative sum of all the values that are present in the given tuple list.\n\t\"\"\"\n    return sum(test_list)\n\ndef check(candidate):\n    assert candidate([(1, 3), (5, 6, 7), (2, 6)]) == 30\n    assert candidate([(2, 4), (6, 7, 8), (3, 7)]) == 37\n    assert candidate([(3, 5), (7, 8, 9), (4, 8)]) == 44\n\ndef test_check():\n    check(cummulative_sum)\n\ntest_check()\n",
      "timestamp": 1665517167,
      "stdout": "",
      "stderr": "Traceback (most recent call last):\n  File \"/tmp/tmpvwk4sjo4.py\", line 17, in <module>\n    test_check()\n  File \"/tmp/tmpvwk4sjo4.py\", line 15, in test_check\n    check(cummulative_sum)\n  File \"/tmp/tmpvwk4sjo4.py\", line 10, in check\n    assert candidate([(1, 3), (5, 6, 7), (2, 6)]) == 30\n  File \"/tmp/tmpvwk4sjo4.py\", line 7, in cummulative_sum\n    return sum(test_list)\nTypeError: unsupported operand type(s) for +: 'int' and 'tuple'\n",
      "exit_code": 1,
      "status": "Exception"
    },
    {
      "program": "from typing import List, Tuple\n\ndef cummulative_sum(test_list: List[Tuple[int]]) -> int:\n    \"\"\"\n\tWrite a function to find the cumulative sum of all the values that are present in the given tuple list.\n\t\"\"\"\n    return sum(test_list)\n\ndef check(candidate):\n    assert candidate([(1, 3), (5, 6, 7), (2, 6)]) == 30\n    assert candidate([(2, 4), (6, 7, 8), (3, 7)]) == 37\n    assert candidate([(3, 5), (7, 8, 9), (4, 8)]) == 44\n\ndef test_check():\n    check(cummulative_sum)\n\ntest_check()\n",
      "timestamp": 1665517167,
      "stdout": "",
      "stderr": "Traceback (most recent call last):\n  File \"/tmp/tmpvwk4sjo4.py\", line 17, in <module>\n    test_check()\n  File \"/tmp/tmpvwk4sjo4.py\", line 15, in test_check\n    check(cummulative_sum)\n  File \"/tmp/tmpvwk4sjo4.py\", line 10, in check\n    assert candidate([(1, 3), (5, 6, 7), (2, 6)]) == 30\n  File \"/tmp/tmpvwk4sjo4.py\", line 7, in cummulative_sum\n    return sum(test_list)\nTypeError: unsupported operand type(s) for +: 'int' and 'tuple'\n",
      "exit_code": 1,
      "status": "Exception"
    },
    {
      "program": "from typing import List, Tuple\n\ndef cummulative_sum(test_list: List[Tuple[int]]) -> int:\n    \"\"\"\n\tWrite a function to find the cumulative sum of all the values that are present in the given tuple list.\n\t\"\"\"\n    return sum(test_list)\n\ndef check(candidate):\n    assert candidate([(1, 3), (5, 6, 7), (2, 6)]) == 30\n    assert candidate([(2, 4), (6, 7, 8), (3, 7)]) == 37\n    assert candidate([(3, 5), (7, 8, 9), (4, 8)]) == 44\n\ndef test_check():\n    check(cummulative_sum)\n\ntest_check()\n",
      "timestamp": 1665517167,
      "stdout": "",
      "stderr": "Traceback (most recent call last):\n  File \"/tmp/tmpvwk4sjo4.py\", line 17, in <module>\n    test_check()\n  File \"/tmp/tmpvwk4sjo4.py\", line 15, in test_check\n    check(cummulative_sum)\n  File \"/tmp/tmpvwk4sjo4.py\", line 10, in check\n    assert candidate([(1, 3), (5, 6, 7), (2, 6)]) == 30\n  File \"/tmp/tmpvwk4sjo4.py\", line 7, in cummulative_sum\n    return sum(test_list)\nTypeError: unsupported operand type(s) for +: 'int' and 'tuple'\n",
      "exit_code": 1,
      "status": "Exception"
    },
    {
      "program": "from typing import List, Tuple\n\ndef cummulative_sum(test_list: List[Tuple[int]]) -> int:\n    \"\"\"\n\tWrite a function to find the cumulative sum of all the values that are present in the given tuple list.\n\t\"\"\"\n    return sum(test_list)\n\ndef check(candidate):\n    assert candidate([(1, 3), (5, 6, 7), (2, 6)]) == 30\n    assert candidate([(2, 4), (6, 7, 8), (3, 7)]) == 37\n    assert candidate([(3, 5), (7, 8, 9), (4, 8)]) == 44\n\ndef test_check():\n    check(cummulative_sum)\n\ntest_check()\n",
      "timestamp": 1665517167,
      "stdout": "",
      "stderr": "Traceback (most recent call last):\n  File \"/tmp/tmpvwk4sjo4.py\", line 17, in <module>\n    test_check()\n  File \"/tmp/tmpvwk4sjo4.py\", line 15, in test_check\n    check(cummulative_sum)\n  File \"/tmp/tmpvwk4sjo4.py\", line 10, in check\n    assert candidate([(1, 3), (5, 6, 7), (2, 6)]) == 30\n  File \"/tmp/tmpvwk4sjo4.py\", line 7, in cummulative_sum\n    return sum(test_list)\nTypeError: unsupported operand type(s) for +: 'int' and 'tuple'\n",
      "exit_code": 1,
      "status": "Exception"
    },
    {
      "program": "from typing import List, Tuple\n\ndef cummulative_sum(test_list: List[Tuple[int]]) -> int:\n    \"\"\"\n\tWrite a function to find the cumulative sum of all the values that are present in the given tuple list.\n\t\"\"\"\n    return sum(test_list)\ndef check(candidate):\n    assert candidate([(1, 3), (5, 6, 7), (2, 6)]) == 30\n    assert candidate([(2, 4), (6, 7, 8), (3, 7)]) == 37\n    assert candidate([(3, 5), (7, 8, 9), (4, 8)]) == 44\n\ndef test_check():\n    check(cummulative_sum)\n\ntest_check()\n",
      "timestamp": 1666122553,
      "stdout": "",
      "stderr": "Traceback (most recent call last):\n  File \"/tmp/tmpnhlhurcy.py\", line 16, in <module>\n    test_check()\n  File \"/tmp/tmpnhlhurcy.py\", line 14, in test_check\n    check(cummulative_sum)\n  File \"/tmp/tmpnhlhurcy.py\", line 9, in check\n    assert candidate([(1, 3), (5, 6, 7), (2, 6)]) == 30\n  File \"/tmp/tmpnhlhurcy.py\", line 7, in cummulative_sum\n    return sum(test_list)\nTypeError: unsupported operand type(s) for +: 'int' and 'tuple'\n",
      "exit_code": 1,
      "status": "Exception"
    },
    {
      "program": "from typing import List, Tuple\n\ndef cummulative_sum(test_list: List[Tuple[int]]) -> int:\n    \"\"\"\n\tWrite a function to find the cumulative sum of all the values that are present in the given tuple list.\n\t\"\"\"\n    return sum(test_list)\n\ndef check(candidate):\n    assert candidate([(1, 3), (5, 6, 7), (2, 6)]) == 30\n    assert candidate([(2, 4), (6, 7, 8), (3, 7)]) == 37\n    assert candidate([(3, 5), (7, 8, 9), (4, 8)]) == 44\n\ndef test_check():\n    check(cummulative_sum)\n\ntest_check()\n",
      "timestamp": 1665517167,
      "stdout": "",
      "stderr": "Traceback (most recent call last):\n  File \"/tmp/tmpvwk4sjo4.py\", line 17, in <module>\n    test_check()\n  File \"/tmp/tmpvwk4sjo4.py\", line 15, in test_check\n    check(cummulative_sum)\n  File \"/tmp/tmpvwk4sjo4.py\", line 10, in check\n    assert candidate([(1, 3), (5, 6, 7), (2, 6)]) == 30\n  File \"/tmp/tmpvwk4sjo4.py\", line 7, in cummulative_sum\n    return sum(test_list)\nTypeError: unsupported operand type(s) for +: 'int' and 'tuple'\n",
      "exit_code": 1,
      "status": "Exception"
    },
    {
      "program": "from typing import List, Tuple\n\ndef cummulative_sum(test_list: List[Tuple[int]]) -> int:\n    \"\"\"\n\tWrite a function to find the cumulative sum of all the values that are present in the given tuple list.\n\t\"\"\"\n    return sum(test_list)\n\ndef check(candidate):\n    assert candidate([(1, 3), (5, 6, 7), (2, 6)]) == 30\n    assert candidate([(2, 4), (6, 7, 8), (3, 7)]) == 37\n    assert candidate([(3, 5), (7, 8, 9), (4, 8)]) == 44\n\ndef test_check():\n    check(cummulative_sum)\n\ntest_check()\n",
      "timestamp": 1665517167,
      "stdout": "",
      "stderr": "Traceback (most recent call last):\n  File \"/tmp/tmpvwk4sjo4.py\", line 17, in <module>\n    test_check()\n  File \"/tmp/tmpvwk4sjo4.py\", line 15, in test_check\n    check(cummulative_sum)\n  File \"/tmp/tmpvwk4sjo4.py\", line 10, in check\n    assert candidate([(1, 3), (5, 6, 7), (2, 6)]) == 30\n  File \"/tmp/tmpvwk4sjo4.py\", line 7, in cummulative_sum\n    return sum(test_list)\nTypeError: unsupported operand type(s) for +: 'int' and 'tuple'\n",
      "exit_code": 1,
      "status": "Exception"
    },
    {
      "program": "from typing import List, Tuple\n\ndef cummulative_sum(test_list: List[Tuple[int]]) -> int:\n    \"\"\"\n\tWrite a function to find the cumulative sum of all the values that are present in the given tuple list.\n\t\"\"\"\n    return sum(test_list)\n\ndef check(candidate):\n    assert candidate([(1, 3), (5, 6, 7), (2, 6)]) == 30\n    assert candidate([(2, 4), (6, 7, 8), (3, 7)]) == 37\n    assert candidate([(3, 5), (7, 8, 9), (4, 8)]) == 44\n\ndef test_check():\n    check(cummulative_sum)\n\ntest_check()\n",
      "timestamp": 1665517167,
      "stdout": "",
      "stderr": "Traceback (most recent call last):\n  File \"/tmp/tmpvwk4sjo4.py\", line 17, in <module>\n    test_check()\n  File \"/tmp/tmpvwk4sjo4.py\", line 15, in test_check\n    check(cummulative_sum)\n  File \"/tmp/tmpvwk4sjo4.py\", line 10, in check\n    assert candidate([(1, 3), (5, 6, 7), (2, 6)]) == 30\n  File \"/tmp/tmpvwk4sjo4.py\", line 7, in cummulative_sum\n    return sum(test_list)\nTypeError: unsupported operand type(s) for +: 'int' and 'tuple'\n",
      "exit_code": 1,
      "status": "Exception"
    },
    {
      "program": "from typing import List, Tuple\n\ndef cummulative_sum(test_list: List[Tuple[int]]) -> int:\n    \"\"\"\n\tWrite a function to find the cumulative sum of all the values that are present in the given tuple list.\n\t\"\"\"\n    total = 0\n    for i in test_list:\n        total += i\n    return total\n\n\ndef check(candidate):\n    assert candidate([(1, 3), (5, 6, 7), (2, 6)]) == 30\n    assert candidate([(2, 4), (6, 7, 8), (3, 7)]) == 37\n    assert candidate([(3, 5), (7, 8, 9), (4, 8)]) == 44\n\ndef test_check():\n    check(cummulative_sum)\n\ntest_check()\n",
      "timestamp": 1666122553,
      "stdout": "",
      "stderr": "Traceback (most recent call last):\n  File \"/tmp/tmpp8wj4pjx.py\", line 21, in <module>\n    test_check()\n  File \"/tmp/tmpp8wj4pjx.py\", line 19, in test_check\n    check(cummulative_sum)\n  File \"/tmp/tmpp8wj4pjx.py\", line 14, in check\n    assert candidate([(1, 3), (5, 6, 7), (2, 6)]) == 30\n  File \"/tmp/tmpp8wj4pjx.py\", line 9, in cummulative_sum\n    total += i\nTypeError: unsupported operand type(s) for +=: 'int' and 'tuple'\n",
      "exit_code": 1,
      "status": "Exception"
    },
    {
      "program": "from typing import List, Tuple\n\ndef cummulative_sum(test_list: List[Tuple[int]]) -> int:\n    \"\"\"\n\tWrite a function to find the cumulative sum of all the values that are present in the given tuple list.\n\t\"\"\"\n    return sum(test_list)\n\ndef check(candidate):\n    assert candidate([(1, 3), (5, 6, 7), (2, 6)]) == 30\n    assert candidate([(2, 4), (6, 7, 8), (3, 7)]) == 37\n    assert candidate([(3, 5), (7, 8, 9), (4, 8)]) == 44\n\ndef test_check():\n    check(cummulative_sum)\n\ntest_check()\n",
      "timestamp": 1665517167,
      "stdout": "",
      "stderr": "Traceback (most recent call last):\n  File \"/tmp/tmpvwk4sjo4.py\", line 17, in <module>\n    test_check()\n  File \"/tmp/tmpvwk4sjo4.py\", line 15, in test_check\n    check(cummulative_sum)\n  File \"/tmp/tmpvwk4sjo4.py\", line 10, in check\n    assert candidate([(1, 3), (5, 6, 7), (2, 6)]) == 30\n  File \"/tmp/tmpvwk4sjo4.py\", line 7, in cummulative_sum\n    return sum(test_list)\nTypeError: unsupported operand type(s) for +: 'int' and 'tuple'\n",
      "exit_code": 1,
      "status": "Exception"
    },
    {
      "program": "from typing import List, Tuple\n\ndef cummulative_sum(test_list: List[Tuple[int]]) -> int:\n    \"\"\"\n\tWrite a function to find the cumulative sum of all the values that are present in the given tuple list.\n\t\"\"\"\n    return sum(test_list)\n\ndef check(candidate):\n    assert candidate([(1, 3), (5, 6, 7), (2, 6)]) == 30\n    assert candidate([(2, 4), (6, 7, 8), (3, 7)]) == 37\n    assert candidate([(3, 5), (7, 8, 9), (4, 8)]) == 44\n\ndef test_check():\n    check(cummulative_sum)\n\ntest_check()\n",
      "timestamp": 1665517167,
      "stdout": "",
      "stderr": "Traceback (most recent call last):\n  File \"/tmp/tmpvwk4sjo4.py\", line 17, in <module>\n    test_check()\n  File \"/tmp/tmpvwk4sjo4.py\", line 15, in test_check\n    check(cummulative_sum)\n  File \"/tmp/tmpvwk4sjo4.py\", line 10, in check\n    assert candidate([(1, 3), (5, 6, 7), (2, 6)]) == 30\n  File \"/tmp/tmpvwk4sjo4.py\", line 7, in cummulative_sum\n    return sum(test_list)\nTypeError: unsupported operand type(s) for +: 'int' and 'tuple'\n",
      "exit_code": 1,
      "status": "Exception"
    },
    {
      "program": "from typing import List, Tuple\n\ndef cummulative_sum(test_list: List[Tuple[int]]) -> int:\n    \"\"\"\n\tWrite a function to find the cumulative sum of all the values that are present in the given tuple list.\n\t\"\"\"\n    return sum(test_list)\n\ndef check(candidate):\n    assert candidate([(1, 3), (5, 6, 7), (2, 6)]) == 30\n    assert candidate([(2, 4), (6, 7, 8), (3, 7)]) == 37\n    assert candidate([(3, 5), (7, 8, 9), (4, 8)]) == 44\n\ndef test_check():\n    check(cummulative_sum)\n\ntest_check()\n",
      "timestamp": 1665517167,
      "stdout": "",
      "stderr": "Traceback (most recent call last):\n  File \"/tmp/tmpvwk4sjo4.py\", line 17, in <module>\n    test_check()\n  File \"/tmp/tmpvwk4sjo4.py\", line 15, in test_check\n    check(cummulative_sum)\n  File \"/tmp/tmpvwk4sjo4.py\", line 10, in check\n    assert candidate([(1, 3), (5, 6, 7), (2, 6)]) == 30\n  File \"/tmp/tmpvwk4sjo4.py\", line 7, in cummulative_sum\n    return sum(test_list)\nTypeError: unsupported operand type(s) for +: 'int' and 'tuple'\n",
      "exit_code": 1,
      "status": "Exception"
    },
    {
      "program": "from typing import List, Tuple\n\ndef cummulative_sum(test_list: List[Tuple[int]]) -> int:\n    \"\"\"\n\tWrite a function to find the cumulative sum of all the values that are present in the given tuple list.\n\t\"\"\"\n    return sum(test_list)\n\ndef check(candidate):\n    assert candidate([(1, 3), (5, 6, 7), (2, 6)]) == 30\n    assert candidate([(2, 4), (6, 7, 8), (3, 7)]) == 37\n    assert candidate([(3, 5), (7, 8, 9), (4, 8)]) == 44\n\ndef test_check():\n    check(cummulative_sum)\n\ntest_check()\n",
      "timestamp": 1665517167,
      "stdout": "",
      "stderr": "Traceback (most recent call last):\n  File \"/tmp/tmpvwk4sjo4.py\", line 17, in <module>\n    test_check()\n  File \"/tmp/tmpvwk4sjo4.py\", line 15, in test_check\n    check(cummulative_sum)\n  File \"/tmp/tmpvwk4sjo4.py\", line 10, in check\n    assert candidate([(1, 3), (5, 6, 7), (2, 6)]) == 30\n  File \"/tmp/tmpvwk4sjo4.py\", line 7, in cummulative_sum\n    return sum(test_list)\nTypeError: unsupported operand type(s) for +: 'int' and 'tuple'\n",
      "exit_code": 1,
      "status": "Exception"
    },
    {
      "program": "from typing import List, Tuple\n\ndef cummulative_sum(test_list: List[Tuple[int]]) -> int:\n    \"\"\"\n\tWrite a function to find the cumulative sum of all the values that are present in the given tuple list.\n\t\"\"\"\n    return sum(test_list)\n\ndef check(candidate):\n    assert candidate([(1, 3), (5, 6, 7), (2, 6)]) == 30\n    assert candidate([(2, 4), (6, 7, 8), (3, 7)]) == 37\n    assert candidate([(3, 5), (7, 8, 9), (4, 8)]) == 44\n\ndef test_check():\n    check(cummulative_sum)\n\ntest_check()\n",
      "timestamp": 1665517167,
      "stdout": "",
      "stderr": "Traceback (most recent call last):\n  File \"/tmp/tmpvwk4sjo4.py\", line 17, in <module>\n    test_check()\n  File \"/tmp/tmpvwk4sjo4.py\", line 15, in test_check\n    check(cummulative_sum)\n  File \"/tmp/tmpvwk4sjo4.py\", line 10, in check\n    assert candidate([(1, 3), (5, 6, 7), (2, 6)]) == 30\n  File \"/tmp/tmpvwk4sjo4.py\", line 7, in cummulative_sum\n    return sum(test_list)\nTypeError: unsupported operand type(s) for +: 'int' and 'tuple'\n",
      "exit_code": 1,
      "status": "Exception"
    },
    {
      "program": "from typing import List, Tuple\n\ndef cummulative_sum(test_list: List[Tuple[int]]) -> int:\n    \"\"\"\n\tWrite a function to find the cumulative sum of all the values that are present in the given tuple list.\n\t\"\"\"\n    return sum(test_list)\n\ndef check(candidate):\n    assert candidate([(1, 3), (5, 6, 7), (2, 6)]) == 30\n    assert candidate([(2, 4), (6, 7, 8), (3, 7)]) == 37\n    assert candidate([(3, 5), (7, 8, 9), (4, 8)]) == 44\n\ndef test_check():\n    check(cummulative_sum)\n\ntest_check()\n",
      "timestamp": 1665517167,
      "stdout": "",
      "stderr": "Traceback (most recent call last):\n  File \"/tmp/tmpvwk4sjo4.py\", line 17, in <module>\n    test_check()\n  File \"/tmp/tmpvwk4sjo4.py\", line 15, in test_check\n    check(cummulative_sum)\n  File \"/tmp/tmpvwk4sjo4.py\", line 10, in check\n    assert candidate([(1, 3), (5, 6, 7), (2, 6)]) == 30\n  File \"/tmp/tmpvwk4sjo4.py\", line 7, in cummulative_sum\n    return sum(test_list)\nTypeError: unsupported operand type(s) for +: 'int' and 'tuple'\n",
      "exit_code": 1,
      "status": "Exception"
    },
    {
      "program": "from typing import List, Tuple\n\ndef cummulative_sum(test_list: List[Tuple[int]]) -> int:\n    \"\"\"\n\tWrite a function to find the cumulative sum of all the values that are present in the given tuple list.\n\t\"\"\"\n    return sum(test_list)\n\ndef check(candidate):\n    assert candidate([(1, 3), (5, 6, 7), (2, 6)]) == 30\n    assert candidate([(2, 4), (6, 7, 8), (3, 7)]) == 37\n    assert candidate([(3, 5), (7, 8, 9), (4, 8)]) == 44\n\ndef test_check():\n    check(cummulative_sum)\n\ntest_check()\n",
      "timestamp": 1665517167,
      "stdout": "",
      "stderr": "Traceback (most recent call last):\n  File \"/tmp/tmpvwk4sjo4.py\", line 17, in <module>\n    test_check()\n  File \"/tmp/tmpvwk4sjo4.py\", line 15, in test_check\n    check(cummulative_sum)\n  File \"/tmp/tmpvwk4sjo4.py\", line 10, in check\n    assert candidate([(1, 3), (5, 6, 7), (2, 6)]) == 30\n  File \"/tmp/tmpvwk4sjo4.py\", line 7, in cummulative_sum\n    return sum(test_list)\nTypeError: unsupported operand type(s) for +: 'int' and 'tuple'\n",
      "exit_code": 1,
      "status": "Exception"
    },
    {
      "program": "from typing import List, Tuple\n\ndef cummulative_sum(test_list: List[Tuple[int]]) -> int:\n    \"\"\"\n\tWrite a function to find the cumulative sum of all the values that are present in the given tuple list.\n\t\"\"\"\n    return sum(test_list)\n\ndef check(candidate):\n    assert candidate([(1, 3), (5, 6, 7), (2, 6)]) == 30\n    assert candidate([(2, 4), (6, 7, 8), (3, 7)]) == 37\n    assert candidate([(3, 5), (7, 8, 9), (4, 8)]) == 44\n\ndef test_check():\n    check(cummulative_sum)\n\ntest_check()\n",
      "timestamp": 1665517167,
      "stdout": "",
      "stderr": "Traceback (most recent call last):\n  File \"/tmp/tmpvwk4sjo4.py\", line 17, in <module>\n    test_check()\n  File \"/tmp/tmpvwk4sjo4.py\", line 15, in test_check\n    check(cummulative_sum)\n  File \"/tmp/tmpvwk4sjo4.py\", line 10, in check\n    assert candidate([(1, 3), (5, 6, 7), (2, 6)]) == 30\n  File \"/tmp/tmpvwk4sjo4.py\", line 7, in cummulative_sum\n    return sum(test_list)\nTypeError: unsupported operand type(s) for +: 'int' and 'tuple'\n",
      "exit_code": 1,
      "status": "Exception"
    },
    {
      "program": "from typing import List, Tuple\n\ndef cummulative_sum(test_list: List[Tuple[int]]) -> int:\n    \"\"\"\n\tWrite a function to find the cumulative sum of all the values that are present in the given tuple list.\n\t\"\"\"\n    return sum(test_list)\n\ndef check(candidate):\n    assert candidate([(1, 3), (5, 6, 7), (2, 6)]) == 30\n    assert candidate([(2, 4), (6, 7, 8), (3, 7)]) == 37\n    assert candidate([(3, 5), (7, 8, 9), (4, 8)]) == 44\n\ndef test_check():\n    check(cummulative_sum)\n\ntest_check()\n",
      "timestamp": 1665517167,
      "stdout": "",
      "stderr": "Traceback (most recent call last):\n  File \"/tmp/tmpvwk4sjo4.py\", line 17, in <module>\n    test_check()\n  File \"/tmp/tmpvwk4sjo4.py\", line 15, in test_check\n    check(cummulative_sum)\n  File \"/tmp/tmpvwk4sjo4.py\", line 10, in check\n    assert candidate([(1, 3), (5, 6, 7), (2, 6)]) == 30\n  File \"/tmp/tmpvwk4sjo4.py\", line 7, in cummulative_sum\n    return sum(test_list)\nTypeError: unsupported operand type(s) for +: 'int' and 'tuple'\n",
      "exit_code": 1,
      "status": "Exception"
    },
    {
      "program": "from typing import List, Tuple\n\ndef cummulative_sum(test_list: List[Tuple[int]]) -> int:\n    \"\"\"\n\tWrite a function to find the cumulative sum of all the values that are present in the given tuple list.\n\t\"\"\"\n    return sum(test_list)\n\ndef check(candidate):\n    assert candidate([(1, 3), (5, 6, 7), (2, 6)]) == 30\n    assert candidate([(2, 4), (6, 7, 8), (3, 7)]) == 37\n    assert candidate([(3, 5), (7, 8, 9), (4, 8)]) == 44\n\ndef test_check():\n    check(cummulative_sum)\n\ntest_check()\n",
      "timestamp": 1665517167,
      "stdout": "",
      "stderr": "Traceback (most recent call last):\n  File \"/tmp/tmpvwk4sjo4.py\", line 17, in <module>\n    test_check()\n  File \"/tmp/tmpvwk4sjo4.py\", line 15, in test_check\n    check(cummulative_sum)\n  File \"/tmp/tmpvwk4sjo4.py\", line 10, in check\n    assert candidate([(1, 3), (5, 6, 7), (2, 6)]) == 30\n  File \"/tmp/tmpvwk4sjo4.py\", line 7, in cummulative_sum\n    return sum(test_list)\nTypeError: unsupported operand type(s) for +: 'int' and 'tuple'\n",
      "exit_code": 1,
      "status": "Exception"
    },
    {
      "program": "from typing import List, Tuple\n\ndef cummulative_sum(test_list: List[Tuple[int]]) -> int:\n    \"\"\"\n\tWrite a function to find the cumulative sum of all the values that are present in the given tuple list.\n\t\"\"\"\n    return sum(test_list)\n\ndef check(candidate):\n    assert candidate([(1, 3), (5, 6, 7), (2, 6)]) == 30\n    assert candidate([(2, 4), (6, 7, 8), (3, 7)]) == 37\n    assert candidate([(3, 5), (7, 8, 9), (4, 8)]) == 44\n\ndef test_check():\n    check(cummulative_sum)\n\ntest_check()\n",
      "timestamp": 1665517167,
      "stdout": "",
      "stderr": "Traceback (most recent call last):\n  File \"/tmp/tmpvwk4sjo4.py\", line 17, in <module>\n    test_check()\n  File \"/tmp/tmpvwk4sjo4.py\", line 15, in test_check\n    check(cummulative_sum)\n  File \"/tmp/tmpvwk4sjo4.py\", line 10, in check\n    assert candidate([(1, 3), (5, 6, 7), (2, 6)]) == 30\n  File \"/tmp/tmpvwk4sjo4.py\", line 7, in cummulative_sum\n    return sum(test_list)\nTypeError: unsupported operand type(s) for +: 'int' and 'tuple'\n",
      "exit_code": 1,
      "status": "Exception"
    },
    {
      "program": "from typing import List, Tuple\n\ndef cummulative_sum(test_list: List[Tuple[int]]) -> int:\n    \"\"\"\n\tWrite a function to find the cumulative sum of all the values that are present in the given tuple list.\n\t\"\"\"\n    cummulative_sum = 0\n    for i in test_list:\n        cummulative_sum += i\n    return cummulative_sum\n\ndef check(candidate):\n    assert candidate([(1, 3), (5, 6, 7), (2, 6)]) == 30\n    assert candidate([(2, 4), (6, 7, 8), (3, 7)]) == 37\n    assert candidate([(3, 5), (7, 8, 9), (4, 8)]) == 44\n\ndef test_check():\n    check(cummulative_sum)\n\ntest_check()\n",
      "timestamp": 1666122553,
      "stdout": "",
      "stderr": "Traceback (most recent call last):\n  File \"/tmp/tmp_hpgg0yr.py\", line 20, in <module>\n    test_check()\n  File \"/tmp/tmp_hpgg0yr.py\", line 18, in test_check\n    check(cummulative_sum)\n  File \"/tmp/tmp_hpgg0yr.py\", line 13, in check\n    assert candidate([(1, 3), (5, 6, 7), (2, 6)]) == 30\n  File \"/tmp/tmp_hpgg0yr.py\", line 9, in cummulative_sum\n    cummulative_sum += i\nTypeError: unsupported operand type(s) for +=: 'int' and 'tuple'\n",
      "exit_code": 1,
      "status": "Exception"
    },
    {
      "program": "from typing import List, Tuple\n\ndef cummulative_sum(test_list: List[Tuple[int]]) -> int:\n    \"\"\"\n\tWrite a function to find the cumulative sum of all the values that are present in the given tuple list.\n\t\"\"\"\n    return sum(test_list)\n\ndef check(candidate):\n    assert candidate([(1, 3), (5, 6, 7), (2, 6)]) == 30\n    assert candidate([(2, 4), (6, 7, 8), (3, 7)]) == 37\n    assert candidate([(3, 5), (7, 8, 9), (4, 8)]) == 44\n\ndef test_check():\n    check(cummulative_sum)\n\ntest_check()\n",
      "timestamp": 1665517167,
      "stdout": "",
      "stderr": "Traceback (most recent call last):\n  File \"/tmp/tmpvwk4sjo4.py\", line 17, in <module>\n    test_check()\n  File \"/tmp/tmpvwk4sjo4.py\", line 15, in test_check\n    check(cummulative_sum)\n  File \"/tmp/tmpvwk4sjo4.py\", line 10, in check\n    assert candidate([(1, 3), (5, 6, 7), (2, 6)]) == 30\n  File \"/tmp/tmpvwk4sjo4.py\", line 7, in cummulative_sum\n    return sum(test_list)\nTypeError: unsupported operand type(s) for +: 'int' and 'tuple'\n",
      "exit_code": 1,
      "status": "Exception"
    },
    {
      "program": "from typing import List, Tuple\n\ndef cummulative_sum(test_list: List[Tuple[int]]) -> int:\n    \"\"\"\n\tWrite a function to find the cumulative sum of all the values that are present in the given tuple list.\n\t\"\"\"\n    return sum(test_list)\ndef check(candidate):\n    assert candidate([(1, 3), (5, 6, 7), (2, 6)]) == 30\n    assert candidate([(2, 4), (6, 7, 8), (3, 7)]) == 37\n    assert candidate([(3, 5), (7, 8, 9), (4, 8)]) == 44\n\ndef test_check():\n    check(cummulative_sum)\n\ntest_check()\n",
      "timestamp": 1666122553,
      "stdout": "",
      "stderr": "Traceback (most recent call last):\n  File \"/tmp/tmpnhlhurcy.py\", line 16, in <module>\n    test_check()\n  File \"/tmp/tmpnhlhurcy.py\", line 14, in test_check\n    check(cummulative_sum)\n  File \"/tmp/tmpnhlhurcy.py\", line 9, in check\n    assert candidate([(1, 3), (5, 6, 7), (2, 6)]) == 30\n  File \"/tmp/tmpnhlhurcy.py\", line 7, in cummulative_sum\n    return sum(test_list)\nTypeError: unsupported operand type(s) for +: 'int' and 'tuple'\n",
      "exit_code": 1,
      "status": "Exception"
    },
    {
      "program": "from typing import List, Tuple\n\ndef cummulative_sum(test_list: List[Tuple[int]]) -> int:\n    \"\"\"\n\tWrite a function to find the cumulative sum of all the values that are present in the given tuple list.\n\t\"\"\"\n    return sum(test_list)\n\ndef check(candidate):\n    assert candidate([(1, 3), (5, 6, 7), (2, 6)]) == 30\n    assert candidate([(2, 4), (6, 7, 8), (3, 7)]) == 37\n    assert candidate([(3, 5), (7, 8, 9), (4, 8)]) == 44\n\ndef test_check():\n    check(cummulative_sum)\n\ntest_check()\n",
      "timestamp": 1665517167,
      "stdout": "",
      "stderr": "Traceback (most recent call last):\n  File \"/tmp/tmpvwk4sjo4.py\", line 17, in <module>\n    test_check()\n  File \"/tmp/tmpvwk4sjo4.py\", line 15, in test_check\n    check(cummulative_sum)\n  File \"/tmp/tmpvwk4sjo4.py\", line 10, in check\n    assert candidate([(1, 3), (5, 6, 7), (2, 6)]) == 30\n  File \"/tmp/tmpvwk4sjo4.py\", line 7, in cummulative_sum\n    return sum(test_list)\nTypeError: unsupported operand type(s) for +: 'int' and 'tuple'\n",
      "exit_code": 1,
      "status": "Exception"
    },
    {
      "program": "from typing import List, Tuple\n\ndef cummulative_sum(test_list: List[Tuple[int]]) -> int:\n    \"\"\"\n\tWrite a function to find the cumulative sum of all the values that are present in the given tuple list.\n\t\"\"\"\n    return sum(test_list)\n\ndef check(candidate):\n    assert candidate([(1, 3), (5, 6, 7), (2, 6)]) == 30\n    assert candidate([(2, 4), (6, 7, 8), (3, 7)]) == 37\n    assert candidate([(3, 5), (7, 8, 9), (4, 8)]) == 44\n\ndef test_check():\n    check(cummulative_sum)\n\ntest_check()\n",
      "timestamp": 1665517167,
      "stdout": "",
      "stderr": "Traceback (most recent call last):\n  File \"/tmp/tmpvwk4sjo4.py\", line 17, in <module>\n    test_check()\n  File \"/tmp/tmpvwk4sjo4.py\", line 15, in test_check\n    check(cummulative_sum)\n  File \"/tmp/tmpvwk4sjo4.py\", line 10, in check\n    assert candidate([(1, 3), (5, 6, 7), (2, 6)]) == 30\n  File \"/tmp/tmpvwk4sjo4.py\", line 7, in cummulative_sum\n    return sum(test_list)\nTypeError: unsupported operand type(s) for +: 'int' and 'tuple'\n",
      "exit_code": 1,
      "status": "Exception"
    },
    {
      "program": "from typing import List, Tuple\n\ndef cummulative_sum(test_list: List[Tuple[int]]) -> int:\n    \"\"\"\n\tWrite a function to find the cumulative sum of all the values that are present in the given tuple list.\n\t\"\"\"\n    return sum(test_list)\n\ndef check(candidate):\n    assert candidate([(1, 3), (5, 6, 7), (2, 6)]) == 30\n    assert candidate([(2, 4), (6, 7, 8), (3, 7)]) == 37\n    assert candidate([(3, 5), (7, 8, 9), (4, 8)]) == 44\n\ndef test_check():\n    check(cummulative_sum)\n\ntest_check()\n",
      "timestamp": 1665517167,
      "stdout": "",
      "stderr": "Traceback (most recent call last):\n  File \"/tmp/tmpvwk4sjo4.py\", line 17, in <module>\n    test_check()\n  File \"/tmp/tmpvwk4sjo4.py\", line 15, in test_check\n    check(cummulative_sum)\n  File \"/tmp/tmpvwk4sjo4.py\", line 10, in check\n    assert candidate([(1, 3), (5, 6, 7), (2, 6)]) == 30\n  File \"/tmp/tmpvwk4sjo4.py\", line 7, in cummulative_sum\n    return sum(test_list)\nTypeError: unsupported operand type(s) for +: 'int' and 'tuple'\n",
      "exit_code": 1,
      "status": "Exception"
    },
    {
      "program": "from typing import List, Tuple\n\ndef cummulative_sum(test_list: List[Tuple[int]]) -> int:\n    \"\"\"\n\tWrite a function to find the cumulative sum of all the values that are present in the given tuple list.\n\t\"\"\"\n    return sum(test_list)\n\ndef check(candidate):\n    assert candidate([(1, 3), (5, 6, 7), (2, 6)]) == 30\n    assert candidate([(2, 4), (6, 7, 8), (3, 7)]) == 37\n    assert candidate([(3, 5), (7, 8, 9), (4, 8)]) == 44\n\ndef test_check():\n    check(cummulative_sum)\n\ntest_check()\n",
      "timestamp": 1665517167,
      "stdout": "",
      "stderr": "Traceback (most recent call last):\n  File \"/tmp/tmpvwk4sjo4.py\", line 17, in <module>\n    test_check()\n  File \"/tmp/tmpvwk4sjo4.py\", line 15, in test_check\n    check(cummulative_sum)\n  File \"/tmp/tmpvwk4sjo4.py\", line 10, in check\n    assert candidate([(1, 3), (5, 6, 7), (2, 6)]) == 30\n  File \"/tmp/tmpvwk4sjo4.py\", line 7, in cummulative_sum\n    return sum(test_list)\nTypeError: unsupported operand type(s) for +: 'int' and 'tuple'\n",
      "exit_code": 1,
      "status": "Exception"
    },
    {
      "program": "from typing import List, Tuple\n\ndef cummulative_sum(test_list: List[Tuple[int]]) -> int:\n    \"\"\"\n\tWrite a function to find the cumulative sum of all the values that are present in the given tuple list.\n\t\"\"\"\n    return sum(test_list)\n\nprint(cummulative_sum([(1,2), (3,4), (5,6)]))\ndef check(candidate):\n    assert candidate([(1, 3), (5, 6, 7), (2, 6)]) == 30\n    assert candidate([(2, 4), (6, 7, 8), (3, 7)]) == 37\n    assert candidate([(3, 5), (7, 8, 9), (4, 8)]) == 44\n\ndef test_check():\n    check(cummulative_sum)\n\ntest_check()\n",
      "timestamp": 1666122553,
      "stdout": "",
      "stderr": "Traceback (most recent call last):\n  File \"/tmp/tmpvtd__8ij.py\", line 9, in <module>\n    print(cummulative_sum([(1,2), (3,4), (5,6)]))\n  File \"/tmp/tmpvtd__8ij.py\", line 7, in cummulative_sum\n    return sum(test_list)\nTypeError: unsupported operand type(s) for +: 'int' and 'tuple'\n",
      "exit_code": 1,
      "status": "Exception"
    },
    {
      "program": "from typing import List, Tuple\n\ndef cummulative_sum(test_list: List[Tuple[int]]) -> int:\n    \"\"\"\n\tWrite a function to find the cumulative sum of all the values that are present in the given tuple list.\n\t\"\"\"\n    return sum(test_list)\n\ndef check(candidate):\n    assert candidate([(1, 3), (5, 6, 7), (2, 6)]) == 30\n    assert candidate([(2, 4), (6, 7, 8), (3, 7)]) == 37\n    assert candidate([(3, 5), (7, 8, 9), (4, 8)]) == 44\n\ndef test_check():\n    check(cummulative_sum)\n\ntest_check()\n",
      "timestamp": 1665517167,
      "stdout": "",
      "stderr": "Traceback (most recent call last):\n  File \"/tmp/tmpvwk4sjo4.py\", line 17, in <module>\n    test_check()\n  File \"/tmp/tmpvwk4sjo4.py\", line 15, in test_check\n    check(cummulative_sum)\n  File \"/tmp/tmpvwk4sjo4.py\", line 10, in check\n    assert candidate([(1, 3), (5, 6, 7), (2, 6)]) == 30\n  File \"/tmp/tmpvwk4sjo4.py\", line 7, in cummulative_sum\n    return sum(test_list)\nTypeError: unsupported operand type(s) for +: 'int' and 'tuple'\n",
      "exit_code": 1,
      "status": "Exception"
    },
    {
      "program": "from typing import List, Tuple\n\ndef cummulative_sum(test_list: List[Tuple[int]]) -> int:\n    \"\"\"\n\tWrite a function to find the cumulative sum of all the values that are present in the given tuple list.\n\t\"\"\"\n    return sum(test_list)\n\ndef check(candidate):\n    assert candidate([(1, 3), (5, 6, 7), (2, 6)]) == 30\n    assert candidate([(2, 4), (6, 7, 8), (3, 7)]) == 37\n    assert candidate([(3, 5), (7, 8, 9), (4, 8)]) == 44\n\ndef test_check():\n    check(cummulative_sum)\n\ntest_check()\n",
      "timestamp": 1665517167,
      "stdout": "",
      "stderr": "Traceback (most recent call last):\n  File \"/tmp/tmpvwk4sjo4.py\", line 17, in <module>\n    test_check()\n  File \"/tmp/tmpvwk4sjo4.py\", line 15, in test_check\n    check(cummulative_sum)\n  File \"/tmp/tmpvwk4sjo4.py\", line 10, in check\n    assert candidate([(1, 3), (5, 6, 7), (2, 6)]) == 30\n  File \"/tmp/tmpvwk4sjo4.py\", line 7, in cummulative_sum\n    return sum(test_list)\nTypeError: unsupported operand type(s) for +: 'int' and 'tuple'\n",
      "exit_code": 1,
      "status": "Exception"
    },
    {
      "program": "from typing import List, Tuple\n\ndef cummulative_sum(test_list: List[Tuple[int]]) -> int:\n    \"\"\"\n\tWrite a function to find the cumulative sum of all the values that are present in the given tuple list.\n\t\"\"\"\n    return sum(test_list)\n\ndef check(candidate):\n    assert candidate([(1, 3), (5, 6, 7), (2, 6)]) == 30\n    assert candidate([(2, 4), (6, 7, 8), (3, 7)]) == 37\n    assert candidate([(3, 5), (7, 8, 9), (4, 8)]) == 44\n\ndef test_check():\n    check(cummulative_sum)\n\ntest_check()\n",
      "timestamp": 1665517167,
      "stdout": "",
      "stderr": "Traceback (most recent call last):\n  File \"/tmp/tmpvwk4sjo4.py\", line 17, in <module>\n    test_check()\n  File \"/tmp/tmpvwk4sjo4.py\", line 15, in test_check\n    check(cummulative_sum)\n  File \"/tmp/tmpvwk4sjo4.py\", line 10, in check\n    assert candidate([(1, 3), (5, 6, 7), (2, 6)]) == 30\n  File \"/tmp/tmpvwk4sjo4.py\", line 7, in cummulative_sum\n    return sum(test_list)\nTypeError: unsupported operand type(s) for +: 'int' and 'tuple'\n",
      "exit_code": 1,
      "status": "Exception"
    },
    {
      "program": "from typing import List, Tuple\n\ndef cummulative_sum(test_list: List[Tuple[int]]) -> int:\n    \"\"\"\n\tWrite a function to find the cumulative sum of all the values that are present in the given tuple list.\n\t\"\"\"\n    return sum(test_list)\n\n\ndef check(candidate):\n    assert candidate([(1, 3), (5, 6, 7), (2, 6)]) == 30\n    assert candidate([(2, 4), (6, 7, 8), (3, 7)]) == 37\n    assert candidate([(3, 5), (7, 8, 9), (4, 8)]) == 44\n\ndef test_check():\n    check(cummulative_sum)\n\ntest_check()\n",
      "timestamp": 1665517167,
      "stdout": "",
      "stderr": "Traceback (most recent call last):\n  File \"/tmp/tmplwedr7w4.py\", line 18, in <module>\n    test_check()\n  File \"/tmp/tmplwedr7w4.py\", line 16, in test_check\n    check(cummulative_sum)\n  File \"/tmp/tmplwedr7w4.py\", line 11, in check\n    assert candidate([(1, 3), (5, 6, 7), (2, 6)]) == 30\n  File \"/tmp/tmplwedr7w4.py\", line 7, in cummulative_sum\n    return sum(test_list)\nTypeError: unsupported operand type(s) for +: 'int' and 'tuple'\n",
      "exit_code": 1,
      "status": "Exception"
    },
    {
      "program": "from typing import List, Tuple\n\ndef cummulative_sum(test_list: List[Tuple[int]]) -> int:\n    \"\"\"\n\tWrite a function to find the cumulative sum of all the values that are present in the given tuple list.\n\t\"\"\"\n    return sum(test_list)\n\ndef check(candidate):\n    assert candidate([(1, 3), (5, 6, 7), (2, 6)]) == 30\n    assert candidate([(2, 4), (6, 7, 8), (3, 7)]) == 37\n    assert candidate([(3, 5), (7, 8, 9), (4, 8)]) == 44\n\ndef test_check():\n    check(cummulative_sum)\n\ntest_check()\n",
      "timestamp": 1665517167,
      "stdout": "",
      "stderr": "Traceback (most recent call last):\n  File \"/tmp/tmpvwk4sjo4.py\", line 17, in <module>\n    test_check()\n  File \"/tmp/tmpvwk4sjo4.py\", line 15, in test_check\n    check(cummulative_sum)\n  File \"/tmp/tmpvwk4sjo4.py\", line 10, in check\n    assert candidate([(1, 3), (5, 6, 7), (2, 6)]) == 30\n  File \"/tmp/tmpvwk4sjo4.py\", line 7, in cummulative_sum\n    return sum(test_list)\nTypeError: unsupported operand type(s) for +: 'int' and 'tuple'\n",
      "exit_code": 1,
      "status": "Exception"
    },
    {
      "program": "from typing import List, Tuple\n\ndef cummulative_sum(test_list: List[Tuple[int]]) -> int:\n    \"\"\"\n\tWrite a function to find the cumulative sum of all the values that are present in the given tuple list.\n\t\"\"\"\n    return sum(test_list)\n\ndef check(candidate):\n    assert candidate([(1, 3), (5, 6, 7), (2, 6)]) == 30\n    assert candidate([(2, 4), (6, 7, 8), (3, 7)]) == 37\n    assert candidate([(3, 5), (7, 8, 9), (4, 8)]) == 44\n\ndef test_check():\n    check(cummulative_sum)\n\ntest_check()\n",
      "timestamp": 1665517167,
      "stdout": "",
      "stderr": "Traceback (most recent call last):\n  File \"/tmp/tmpvwk4sjo4.py\", line 17, in <module>\n    test_check()\n  File \"/tmp/tmpvwk4sjo4.py\", line 15, in test_check\n    check(cummulative_sum)\n  File \"/tmp/tmpvwk4sjo4.py\", line 10, in check\n    assert candidate([(1, 3), (5, 6, 7), (2, 6)]) == 30\n  File \"/tmp/tmpvwk4sjo4.py\", line 7, in cummulative_sum\n    return sum(test_list)\nTypeError: unsupported operand type(s) for +: 'int' and 'tuple'\n",
      "exit_code": 1,
      "status": "Exception"
    },
    {
      "program": "from typing import List, Tuple\n\ndef cummulative_sum(test_list: List[Tuple[int]]) -> int:\n    \"\"\"\n\tWrite a function to find the cumulative sum of all the values that are present in the given tuple list.\n\t\"\"\"\n    return sum(test_list)\n\ndef check(candidate):\n    assert candidate([(1, 3), (5, 6, 7), (2, 6)]) == 30\n    assert candidate([(2, 4), (6, 7, 8), (3, 7)]) == 37\n    assert candidate([(3, 5), (7, 8, 9), (4, 8)]) == 44\n\ndef test_check():\n    check(cummulative_sum)\n\ntest_check()\n",
      "timestamp": 1665517167,
      "stdout": "",
      "stderr": "Traceback (most recent call last):\n  File \"/tmp/tmpvwk4sjo4.py\", line 17, in <module>\n    test_check()\n  File \"/tmp/tmpvwk4sjo4.py\", line 15, in test_check\n    check(cummulative_sum)\n  File \"/tmp/tmpvwk4sjo4.py\", line 10, in check\n    assert candidate([(1, 3), (5, 6, 7), (2, 6)]) == 30\n  File \"/tmp/tmpvwk4sjo4.py\", line 7, in cummulative_sum\n    return sum(test_list)\nTypeError: unsupported operand type(s) for +: 'int' and 'tuple'\n",
      "exit_code": 1,
      "status": "Exception"
    },
    {
      "program": "from typing import List, Tuple\n\ndef cummulative_sum(test_list: List[Tuple[int]]) -> int:\n    \"\"\"\n\tWrite a function to find the cumulative sum of all the values that are present in the given tuple list.\n\t\"\"\"\n    return sum(test_list)\n\ndef check(candidate):\n    assert candidate([(1, 3), (5, 6, 7), (2, 6)]) == 30\n    assert candidate([(2, 4), (6, 7, 8), (3, 7)]) == 37\n    assert candidate([(3, 5), (7, 8, 9), (4, 8)]) == 44\n\ndef test_check():\n    check(cummulative_sum)\n\ntest_check()\n",
      "timestamp": 1665517167,
      "stdout": "",
      "stderr": "Traceback (most recent call last):\n  File \"/tmp/tmpvwk4sjo4.py\", line 17, in <module>\n    test_check()\n  File \"/tmp/tmpvwk4sjo4.py\", line 15, in test_check\n    check(cummulative_sum)\n  File \"/tmp/tmpvwk4sjo4.py\", line 10, in check\n    assert candidate([(1, 3), (5, 6, 7), (2, 6)]) == 30\n  File \"/tmp/tmpvwk4sjo4.py\", line 7, in cummulative_sum\n    return sum(test_list)\nTypeError: unsupported operand type(s) for +: 'int' and 'tuple'\n",
      "exit_code": 1,
      "status": "Exception"
    },
    {
      "program": "from typing import List, Tuple\n\ndef cummulative_sum(test_list: List[Tuple[int]]) -> int:\n    \"\"\"\n\tWrite a function to find the cumulative sum of all the values that are present in the given tuple list.\n\t\"\"\"\n    return sum(test_list)\n\ndef check(candidate):\n    assert candidate([(1, 3), (5, 6, 7), (2, 6)]) == 30\n    assert candidate([(2, 4), (6, 7, 8), (3, 7)]) == 37\n    assert candidate([(3, 5), (7, 8, 9), (4, 8)]) == 44\n\ndef test_check():\n    check(cummulative_sum)\n\ntest_check()\n",
      "timestamp": 1665517167,
      "stdout": "",
      "stderr": "Traceback (most recent call last):\n  File \"/tmp/tmpvwk4sjo4.py\", line 17, in <module>\n    test_check()\n  File \"/tmp/tmpvwk4sjo4.py\", line 15, in test_check\n    check(cummulative_sum)\n  File \"/tmp/tmpvwk4sjo4.py\", line 10, in check\n    assert candidate([(1, 3), (5, 6, 7), (2, 6)]) == 30\n  File \"/tmp/tmpvwk4sjo4.py\", line 7, in cummulative_sum\n    return sum(test_list)\nTypeError: unsupported operand type(s) for +: 'int' and 'tuple'\n",
      "exit_code": 1,
      "status": "Exception"
    },
    {
      "program": "from typing import List, Tuple\n\ndef cummulative_sum(test_list: List[Tuple[int]]) -> int:\n    \"\"\"\n\tWrite a function to find the cumulative sum of all the values that are present in the given tuple list.\n\t\"\"\"\n    return sum(test_list)\n\ndef check(candidate):\n    assert candidate([(1, 3), (5, 6, 7), (2, 6)]) == 30\n    assert candidate([(2, 4), (6, 7, 8), (3, 7)]) == 37\n    assert candidate([(3, 5), (7, 8, 9), (4, 8)]) == 44\n\ndef test_check():\n    check(cummulative_sum)\n\ntest_check()\n",
      "timestamp": 1665517167,
      "stdout": "",
      "stderr": "Traceback (most recent call last):\n  File \"/tmp/tmpvwk4sjo4.py\", line 17, in <module>\n    test_check()\n  File \"/tmp/tmpvwk4sjo4.py\", line 15, in test_check\n    check(cummulative_sum)\n  File \"/tmp/tmpvwk4sjo4.py\", line 10, in check\n    assert candidate([(1, 3), (5, 6, 7), (2, 6)]) == 30\n  File \"/tmp/tmpvwk4sjo4.py\", line 7, in cummulative_sum\n    return sum(test_list)\nTypeError: unsupported operand type(s) for +: 'int' and 'tuple'\n",
      "exit_code": 1,
      "status": "Exception"
    },
    {
      "program": "from typing import List, Tuple\n\ndef cummulative_sum(test_list: List[Tuple[int]]) -> int:\n    \"\"\"\n\tWrite a function to find the cumulative sum of all the values that are present in the given tuple list.\n\t\"\"\"\n    return sum(test_list)\n\ndef check(candidate):\n    assert candidate([(1, 3), (5, 6, 7), (2, 6)]) == 30\n    assert candidate([(2, 4), (6, 7, 8), (3, 7)]) == 37\n    assert candidate([(3, 5), (7, 8, 9), (4, 8)]) == 44\n\ndef test_check():\n    check(cummulative_sum)\n\ntest_check()\n",
      "timestamp": 1665517167,
      "stdout": "",
      "stderr": "Traceback (most recent call last):\n  File \"/tmp/tmpvwk4sjo4.py\", line 17, in <module>\n    test_check()\n  File \"/tmp/tmpvwk4sjo4.py\", line 15, in test_check\n    check(cummulative_sum)\n  File \"/tmp/tmpvwk4sjo4.py\", line 10, in check\n    assert candidate([(1, 3), (5, 6, 7), (2, 6)]) == 30\n  File \"/tmp/tmpvwk4sjo4.py\", line 7, in cummulative_sum\n    return sum(test_list)\nTypeError: unsupported operand type(s) for +: 'int' and 'tuple'\n",
      "exit_code": 1,
      "status": "Exception"
    },
    {
      "program": "from typing import List, Tuple\n\ndef cummulative_sum(test_list: List[Tuple[int]]) -> int:\n    \"\"\"\n\tWrite a function to find the cumulative sum of all the values that are present in the given tuple list.\n\t\"\"\"\n    return sum(test_list)\n\ndef check(candidate):\n    assert candidate([(1, 3), (5, 6, 7), (2, 6)]) == 30\n    assert candidate([(2, 4), (6, 7, 8), (3, 7)]) == 37\n    assert candidate([(3, 5), (7, 8, 9), (4, 8)]) == 44\n\ndef test_check():\n    check(cummulative_sum)\n\ntest_check()\n",
      "timestamp": 1665517167,
      "stdout": "",
      "stderr": "Traceback (most recent call last):\n  File \"/tmp/tmpvwk4sjo4.py\", line 17, in <module>\n    test_check()\n  File \"/tmp/tmpvwk4sjo4.py\", line 15, in test_check\n    check(cummulative_sum)\n  File \"/tmp/tmpvwk4sjo4.py\", line 10, in check\n    assert candidate([(1, 3), (5, 6, 7), (2, 6)]) == 30\n  File \"/tmp/tmpvwk4sjo4.py\", line 7, in cummulative_sum\n    return sum(test_list)\nTypeError: unsupported operand type(s) for +: 'int' and 'tuple'\n",
      "exit_code": 1,
      "status": "Exception"
    },
    {
      "program": "from typing import List, Tuple\n\ndef cummulative_sum(test_list: List[Tuple[int]]) -> int:\n    \"\"\"\n\tWrite a function to find the cumulative sum of all the values that are present in the given tuple list.\n\t\"\"\"\n    return sum(test_list)\n\ndef check(candidate):\n    assert candidate([(1, 3), (5, 6, 7), (2, 6)]) == 30\n    assert candidate([(2, 4), (6, 7, 8), (3, 7)]) == 37\n    assert candidate([(3, 5), (7, 8, 9), (4, 8)]) == 44\n\ndef test_check():\n    check(cummulative_sum)\n\ntest_check()\n",
      "timestamp": 1665517167,
      "stdout": "",
      "stderr": "Traceback (most recent call last):\n  File \"/tmp/tmpvwk4sjo4.py\", line 17, in <module>\n    test_check()\n  File \"/tmp/tmpvwk4sjo4.py\", line 15, in test_check\n    check(cummulative_sum)\n  File \"/tmp/tmpvwk4sjo4.py\", line 10, in check\n    assert candidate([(1, 3), (5, 6, 7), (2, 6)]) == 30\n  File \"/tmp/tmpvwk4sjo4.py\", line 7, in cummulative_sum\n    return sum(test_list)\nTypeError: unsupported operand type(s) for +: 'int' and 'tuple'\n",
      "exit_code": 1,
      "status": "Exception"
    },
    {
      "program": "from typing import List, Tuple\n\ndef cummulative_sum(test_list: List[Tuple[int]]) -> int:\n    \"\"\"\n\tWrite a function to find the cumulative sum of all the values that are present in the given tuple list.\n\t\"\"\"\n    return sum(test_list)\ndef check(candidate):\n    assert candidate([(1, 3), (5, 6, 7), (2, 6)]) == 30\n    assert candidate([(2, 4), (6, 7, 8), (3, 7)]) == 37\n    assert candidate([(3, 5), (7, 8, 9), (4, 8)]) == 44\n\ndef test_check():\n    check(cummulative_sum)\n\ntest_check()\n",
      "timestamp": 1666122553,
      "stdout": "",
      "stderr": "Traceback (most recent call last):\n  File \"/tmp/tmpnhlhurcy.py\", line 16, in <module>\n    test_check()\n  File \"/tmp/tmpnhlhurcy.py\", line 14, in test_check\n    check(cummulative_sum)\n  File \"/tmp/tmpnhlhurcy.py\", line 9, in check\n    assert candidate([(1, 3), (5, 6, 7), (2, 6)]) == 30\n  File \"/tmp/tmpnhlhurcy.py\", line 7, in cummulative_sum\n    return sum(test_list)\nTypeError: unsupported operand type(s) for +: 'int' and 'tuple'\n",
      "exit_code": 1,
      "status": "Exception"
    },
    {
      "program": "from typing import List, Tuple\n\ndef cummulative_sum(test_list: List[Tuple[int]]) -> int:\n    \"\"\"\n\tWrite a function to find the cumulative sum of all the values that are present in the given tuple list.\n\t\"\"\"\n    return sum(test_list)\n\ndef check(candidate):\n    assert candidate([(1, 3), (5, 6, 7), (2, 6)]) == 30\n    assert candidate([(2, 4), (6, 7, 8), (3, 7)]) == 37\n    assert candidate([(3, 5), (7, 8, 9), (4, 8)]) == 44\n\ndef test_check():\n    check(cummulative_sum)\n\ntest_check()\n",
      "timestamp": 1665517167,
      "stdout": "",
      "stderr": "Traceback (most recent call last):\n  File \"/tmp/tmpvwk4sjo4.py\", line 17, in <module>\n    test_check()\n  File \"/tmp/tmpvwk4sjo4.py\", line 15, in test_check\n    check(cummulative_sum)\n  File \"/tmp/tmpvwk4sjo4.py\", line 10, in check\n    assert candidate([(1, 3), (5, 6, 7), (2, 6)]) == 30\n  File \"/tmp/tmpvwk4sjo4.py\", line 7, in cummulative_sum\n    return sum(test_list)\nTypeError: unsupported operand type(s) for +: 'int' and 'tuple'\n",
      "exit_code": 1,
      "status": "Exception"
    },
    {
      "program": "from typing import List, Tuple\n\ndef cummulative_sum(test_list: List[Tuple[int]]) -> int:\n    \"\"\"\n\tWrite a function to find the cumulative sum of all the values that are present in the given tuple list.\n\t\"\"\"\n    return sum(test_list)\n\ndef check(candidate):\n    assert candidate([(1, 3), (5, 6, 7), (2, 6)]) == 30\n    assert candidate([(2, 4), (6, 7, 8), (3, 7)]) == 37\n    assert candidate([(3, 5), (7, 8, 9), (4, 8)]) == 44\n\ndef test_check():\n    check(cummulative_sum)\n\ntest_check()\n",
      "timestamp": 1665517167,
      "stdout": "",
      "stderr": "Traceback (most recent call last):\n  File \"/tmp/tmpvwk4sjo4.py\", line 17, in <module>\n    test_check()\n  File \"/tmp/tmpvwk4sjo4.py\", line 15, in test_check\n    check(cummulative_sum)\n  File \"/tmp/tmpvwk4sjo4.py\", line 10, in check\n    assert candidate([(1, 3), (5, 6, 7), (2, 6)]) == 30\n  File \"/tmp/tmpvwk4sjo4.py\", line 7, in cummulative_sum\n    return sum(test_list)\nTypeError: unsupported operand type(s) for +: 'int' and 'tuple'\n",
      "exit_code": 1,
      "status": "Exception"
    },
    {
      "program": "from typing import List, Tuple\n\ndef cummulative_sum(test_list: List[Tuple[int]]) -> int:\n    \"\"\"\n\tWrite a function to find the cumulative sum of all the values that are present in the given tuple list.\n\t\"\"\"\n    return sum(test_list)\n\ndef check(candidate):\n    assert candidate([(1, 3), (5, 6, 7), (2, 6)]) == 30\n    assert candidate([(2, 4), (6, 7, 8), (3, 7)]) == 37\n    assert candidate([(3, 5), (7, 8, 9), (4, 8)]) == 44\n\ndef test_check():\n    check(cummulative_sum)\n\ntest_check()\n",
      "timestamp": 1665517167,
      "stdout": "",
      "stderr": "Traceback (most recent call last):\n  File \"/tmp/tmpvwk4sjo4.py\", line 17, in <module>\n    test_check()\n  File \"/tmp/tmpvwk4sjo4.py\", line 15, in test_check\n    check(cummulative_sum)\n  File \"/tmp/tmpvwk4sjo4.py\", line 10, in check\n    assert candidate([(1, 3), (5, 6, 7), (2, 6)]) == 30\n  File \"/tmp/tmpvwk4sjo4.py\", line 7, in cummulative_sum\n    return sum(test_list)\nTypeError: unsupported operand type(s) for +: 'int' and 'tuple'\n",
      "exit_code": 1,
      "status": "Exception"
    },
    {
      "program": "from typing import List, Tuple\n\ndef cummulative_sum(test_list: List[Tuple[int]]) -> int:\n    \"\"\"\n\tWrite a function to find the cumulative sum of all the values that are present in the given tuple list.\n\t\"\"\"\n    return sum(test_list)\n\ndef check(candidate):\n    assert candidate([(1, 3), (5, 6, 7), (2, 6)]) == 30\n    assert candidate([(2, 4), (6, 7, 8), (3, 7)]) == 37\n    assert candidate([(3, 5), (7, 8, 9), (4, 8)]) == 44\n\ndef test_check():\n    check(cummulative_sum)\n\ntest_check()\n",
      "timestamp": 1665517167,
      "stdout": "",
      "stderr": "Traceback (most recent call last):\n  File \"/tmp/tmpvwk4sjo4.py\", line 17, in <module>\n    test_check()\n  File \"/tmp/tmpvwk4sjo4.py\", line 15, in test_check\n    check(cummulative_sum)\n  File \"/tmp/tmpvwk4sjo4.py\", line 10, in check\n    assert candidate([(1, 3), (5, 6, 7), (2, 6)]) == 30\n  File \"/tmp/tmpvwk4sjo4.py\", line 7, in cummulative_sum\n    return sum(test_list)\nTypeError: unsupported operand type(s) for +: 'int' and 'tuple'\n",
      "exit_code": 1,
      "status": "Exception"
    },
    {
      "program": "from typing import List, Tuple\n\ndef cummulative_sum(test_list: List[Tuple[int]]) -> int:\n    \"\"\"\n\tWrite a function to find the cumulative sum of all the values that are present in the given tuple list.\n\t\"\"\"\n    return sum(test_list)\n\ndef check(candidate):\n    assert candidate([(1, 3), (5, 6, 7), (2, 6)]) == 30\n    assert candidate([(2, 4), (6, 7, 8), (3, 7)]) == 37\n    assert candidate([(3, 5), (7, 8, 9), (4, 8)]) == 44\n\ndef test_check():\n    check(cummulative_sum)\n\ntest_check()\n",
      "timestamp": 1665517167,
      "stdout": "",
      "stderr": "Traceback (most recent call last):\n  File \"/tmp/tmpvwk4sjo4.py\", line 17, in <module>\n    test_check()\n  File \"/tmp/tmpvwk4sjo4.py\", line 15, in test_check\n    check(cummulative_sum)\n  File \"/tmp/tmpvwk4sjo4.py\", line 10, in check\n    assert candidate([(1, 3), (5, 6, 7), (2, 6)]) == 30\n  File \"/tmp/tmpvwk4sjo4.py\", line 7, in cummulative_sum\n    return sum(test_list)\nTypeError: unsupported operand type(s) for +: 'int' and 'tuple'\n",
      "exit_code": 1,
      "status": "Exception"
    },
    {
      "program": "from typing import List, Tuple\n\ndef cummulative_sum(test_list: List[Tuple[int]]) -> int:\n    \"\"\"\n\tWrite a function to find the cumulative sum of all the values that are present in the given tuple list.\n\t\"\"\"\n    return sum(test_list)\n\ndef check(candidate):\n    assert candidate([(1, 3), (5, 6, 7), (2, 6)]) == 30\n    assert candidate([(2, 4), (6, 7, 8), (3, 7)]) == 37\n    assert candidate([(3, 5), (7, 8, 9), (4, 8)]) == 44\n\ndef test_check():\n    check(cummulative_sum)\n\ntest_check()\n",
      "timestamp": 1665517167,
      "stdout": "",
      "stderr": "Traceback (most recent call last):\n  File \"/tmp/tmpvwk4sjo4.py\", line 17, in <module>\n    test_check()\n  File \"/tmp/tmpvwk4sjo4.py\", line 15, in test_check\n    check(cummulative_sum)\n  File \"/tmp/tmpvwk4sjo4.py\", line 10, in check\n    assert candidate([(1, 3), (5, 6, 7), (2, 6)]) == 30\n  File \"/tmp/tmpvwk4sjo4.py\", line 7, in cummulative_sum\n    return sum(test_list)\nTypeError: unsupported operand type(s) for +: 'int' and 'tuple'\n",
      "exit_code": 1,
      "status": "Exception"
    },
    {
      "program": "from typing import List, Tuple\n\ndef cummulative_sum(test_list: List[Tuple[int]]) -> int:\n    \"\"\"\n\tWrite a function to find the cumulative sum of all the values that are present in the given tuple list.\n\t\"\"\"\n    return sum(test_list)\n\ndef check(candidate):\n    assert candidate([(1, 3), (5, 6, 7), (2, 6)]) == 30\n    assert candidate([(2, 4), (6, 7, 8), (3, 7)]) == 37\n    assert candidate([(3, 5), (7, 8, 9), (4, 8)]) == 44\n\ndef test_check():\n    check(cummulative_sum)\n\ntest_check()\n",
      "timestamp": 1665517167,
      "stdout": "",
      "stderr": "Traceback (most recent call last):\n  File \"/tmp/tmpvwk4sjo4.py\", line 17, in <module>\n    test_check()\n  File \"/tmp/tmpvwk4sjo4.py\", line 15, in test_check\n    check(cummulative_sum)\n  File \"/tmp/tmpvwk4sjo4.py\", line 10, in check\n    assert candidate([(1, 3), (5, 6, 7), (2, 6)]) == 30\n  File \"/tmp/tmpvwk4sjo4.py\", line 7, in cummulative_sum\n    return sum(test_list)\nTypeError: unsupported operand type(s) for +: 'int' and 'tuple'\n",
      "exit_code": 1,
      "status": "Exception"
    },
    {
      "program": "from typing import List, Tuple\n\ndef cummulative_sum(test_list: List[Tuple[int]]) -> int:\n    \"\"\"\n\tWrite a function to find the cumulative sum of all the values that are present in the given tuple list.\n\t\"\"\"\n    return sum(test_list)\n\ndef check(candidate):\n    assert candidate([(1, 3), (5, 6, 7), (2, 6)]) == 30\n    assert candidate([(2, 4), (6, 7, 8), (3, 7)]) == 37\n    assert candidate([(3, 5), (7, 8, 9), (4, 8)]) == 44\n\ndef test_check():\n    check(cummulative_sum)\n\ntest_check()\n",
      "timestamp": 1665517167,
      "stdout": "",
      "stderr": "Traceback (most recent call last):\n  File \"/tmp/tmpvwk4sjo4.py\", line 17, in <module>\n    test_check()\n  File \"/tmp/tmpvwk4sjo4.py\", line 15, in test_check\n    check(cummulative_sum)\n  File \"/tmp/tmpvwk4sjo4.py\", line 10, in check\n    assert candidate([(1, 3), (5, 6, 7), (2, 6)]) == 30\n  File \"/tmp/tmpvwk4sjo4.py\", line 7, in cummulative_sum\n    return sum(test_list)\nTypeError: unsupported operand type(s) for +: 'int' and 'tuple'\n",
      "exit_code": 1,
      "status": "Exception"
    },
    {
      "program": "from typing import List, Tuple\n\ndef cummulative_sum(test_list: List[Tuple[int]]) -> int:\n    \"\"\"\n\tWrite a function to find the cumulative sum of all the values that are present in the given tuple list.\n\t\"\"\"\n    return sum(test_list)\n\ndef check(candidate):\n    assert candidate([(1, 3), (5, 6, 7), (2, 6)]) == 30\n    assert candidate([(2, 4), (6, 7, 8), (3, 7)]) == 37\n    assert candidate([(3, 5), (7, 8, 9), (4, 8)]) == 44\n\ndef test_check():\n    check(cummulative_sum)\n\ntest_check()\n",
      "timestamp": 1665517167,
      "stdout": "",
      "stderr": "Traceback (most recent call last):\n  File \"/tmp/tmpvwk4sjo4.py\", line 17, in <module>\n    test_check()\n  File \"/tmp/tmpvwk4sjo4.py\", line 15, in test_check\n    check(cummulative_sum)\n  File \"/tmp/tmpvwk4sjo4.py\", line 10, in check\n    assert candidate([(1, 3), (5, 6, 7), (2, 6)]) == 30\n  File \"/tmp/tmpvwk4sjo4.py\", line 7, in cummulative_sum\n    return sum(test_list)\nTypeError: unsupported operand type(s) for +: 'int' and 'tuple'\n",
      "exit_code": 1,
      "status": "Exception"
    },
    {
      "program": "from typing import List, Tuple\n\ndef cummulative_sum(test_list: List[Tuple[int]]) -> int:\n    \"\"\"\n\tWrite a function to find the cumulative sum of all the values that are present in the given tuple list.\n\t\"\"\"\n    return sum(test_list)\n\ndef check(candidate):\n    assert candidate([(1, 3), (5, 6, 7), (2, 6)]) == 30\n    assert candidate([(2, 4), (6, 7, 8), (3, 7)]) == 37\n    assert candidate([(3, 5), (7, 8, 9), (4, 8)]) == 44\n\ndef test_check():\n    check(cummulative_sum)\n\ntest_check()\n",
      "timestamp": 1665517167,
      "stdout": "",
      "stderr": "Traceback (most recent call last):\n  File \"/tmp/tmpvwk4sjo4.py\", line 17, in <module>\n    test_check()\n  File \"/tmp/tmpvwk4sjo4.py\", line 15, in test_check\n    check(cummulative_sum)\n  File \"/tmp/tmpvwk4sjo4.py\", line 10, in check\n    assert candidate([(1, 3), (5, 6, 7), (2, 6)]) == 30\n  File \"/tmp/tmpvwk4sjo4.py\", line 7, in cummulative_sum\n    return sum(test_list)\nTypeError: unsupported operand type(s) for +: 'int' and 'tuple'\n",
      "exit_code": 1,
      "status": "Exception"
    },
    {
      "program": "from typing import List, Tuple\n\ndef cummulative_sum(test_list: List[Tuple[int]]) -> int:\n    \"\"\"\n\tWrite a function to find the cumulative sum of all the values that are present in the given tuple list.\n\t\"\"\"\n    return sum(test_list)\n\ndef check(candidate):\n    assert candidate([(1, 3), (5, 6, 7), (2, 6)]) == 30\n    assert candidate([(2, 4), (6, 7, 8), (3, 7)]) == 37\n    assert candidate([(3, 5), (7, 8, 9), (4, 8)]) == 44\n\ndef test_check():\n    check(cummulative_sum)\n\ntest_check()\n",
      "timestamp": 1665517167,
      "stdout": "",
      "stderr": "Traceback (most recent call last):\n  File \"/tmp/tmpvwk4sjo4.py\", line 17, in <module>\n    test_check()\n  File \"/tmp/tmpvwk4sjo4.py\", line 15, in test_check\n    check(cummulative_sum)\n  File \"/tmp/tmpvwk4sjo4.py\", line 10, in check\n    assert candidate([(1, 3), (5, 6, 7), (2, 6)]) == 30\n  File \"/tmp/tmpvwk4sjo4.py\", line 7, in cummulative_sum\n    return sum(test_list)\nTypeError: unsupported operand type(s) for +: 'int' and 'tuple'\n",
      "exit_code": 1,
      "status": "Exception"
    },
    {
      "program": "from typing import List, Tuple\n\ndef cummulative_sum(test_list: List[Tuple[int]]) -> int:\n    \"\"\"\n\tWrite a function to find the cumulative sum of all the values that are present in the given tuple list.\n\t\"\"\"\n    return sum(test_list)\n\ndef check(candidate):\n    assert candidate([(1, 3), (5, 6, 7), (2, 6)]) == 30\n    assert candidate([(2, 4), (6, 7, 8), (3, 7)]) == 37\n    assert candidate([(3, 5), (7, 8, 9), (4, 8)]) == 44\n\ndef test_check():\n    check(cummulative_sum)\n\ntest_check()\n",
      "timestamp": 1665517167,
      "stdout": "",
      "stderr": "Traceback (most recent call last):\n  File \"/tmp/tmpvwk4sjo4.py\", line 17, in <module>\n    test_check()\n  File \"/tmp/tmpvwk4sjo4.py\", line 15, in test_check\n    check(cummulative_sum)\n  File \"/tmp/tmpvwk4sjo4.py\", line 10, in check\n    assert candidate([(1, 3), (5, 6, 7), (2, 6)]) == 30\n  File \"/tmp/tmpvwk4sjo4.py\", line 7, in cummulative_sum\n    return sum(test_list)\nTypeError: unsupported operand type(s) for +: 'int' and 'tuple'\n",
      "exit_code": 1,
      "status": "Exception"
    },
    {
      "program": "from typing import List, Tuple\n\ndef cummulative_sum(test_list: List[Tuple[int]]) -> int:\n    \"\"\"\n\tWrite a function to find the cumulative sum of all the values that are present in the given tuple list.\n\t\"\"\"\n    return sum(test_list)\n\ndef check(candidate):\n    assert candidate([(1, 3), (5, 6, 7), (2, 6)]) == 30\n    assert candidate([(2, 4), (6, 7, 8), (3, 7)]) == 37\n    assert candidate([(3, 5), (7, 8, 9), (4, 8)]) == 44\n\ndef test_check():\n    check(cummulative_sum)\n\ntest_check()\n",
      "timestamp": 1665517167,
      "stdout": "",
      "stderr": "Traceback (most recent call last):\n  File \"/tmp/tmpvwk4sjo4.py\", line 17, in <module>\n    test_check()\n  File \"/tmp/tmpvwk4sjo4.py\", line 15, in test_check\n    check(cummulative_sum)\n  File \"/tmp/tmpvwk4sjo4.py\", line 10, in check\n    assert candidate([(1, 3), (5, 6, 7), (2, 6)]) == 30\n  File \"/tmp/tmpvwk4sjo4.py\", line 7, in cummulative_sum\n    return sum(test_list)\nTypeError: unsupported operand type(s) for +: 'int' and 'tuple'\n",
      "exit_code": 1,
      "status": "Exception"
    },
    {
      "program": "from typing import List, Tuple\n\ndef cummulative_sum(test_list: List[Tuple[int]]) -> int:\n    \"\"\"\n\tWrite a function to find the cumulative sum of all the values that are present in the given tuple list.\n\t\"\"\"\n    return sum(test_list)\n\ndef check(candidate):\n    assert candidate([(1, 3), (5, 6, 7), (2, 6)]) == 30\n    assert candidate([(2, 4), (6, 7, 8), (3, 7)]) == 37\n    assert candidate([(3, 5), (7, 8, 9), (4, 8)]) == 44\n\ndef test_check():\n    check(cummulative_sum)\n\ntest_check()\n",
      "timestamp": 1665517167,
      "stdout": "",
      "stderr": "Traceback (most recent call last):\n  File \"/tmp/tmpvwk4sjo4.py\", line 17, in <module>\n    test_check()\n  File \"/tmp/tmpvwk4sjo4.py\", line 15, in test_check\n    check(cummulative_sum)\n  File \"/tmp/tmpvwk4sjo4.py\", line 10, in check\n    assert candidate([(1, 3), (5, 6, 7), (2, 6)]) == 30\n  File \"/tmp/tmpvwk4sjo4.py\", line 7, in cummulative_sum\n    return sum(test_list)\nTypeError: unsupported operand type(s) for +: 'int' and 'tuple'\n",
      "exit_code": 1,
      "status": "Exception"
    },
    {
      "program": "from typing import List, Tuple\n\ndef cummulative_sum(test_list: List[Tuple[int]]) -> int:\n    \"\"\"\n\tWrite a function to find the cumulative sum of all the values that are present in the given tuple list.\n\t\"\"\"\n    return sum(test_list)\n\ndef check(candidate):\n    assert candidate([(1, 3), (5, 6, 7), (2, 6)]) == 30\n    assert candidate([(2, 4), (6, 7, 8), (3, 7)]) == 37\n    assert candidate([(3, 5), (7, 8, 9), (4, 8)]) == 44\n\ndef test_check():\n    check(cummulative_sum)\n\ntest_check()\n",
      "timestamp": 1665517167,
      "stdout": "",
      "stderr": "Traceback (most recent call last):\n  File \"/tmp/tmpvwk4sjo4.py\", line 17, in <module>\n    test_check()\n  File \"/tmp/tmpvwk4sjo4.py\", line 15, in test_check\n    check(cummulative_sum)\n  File \"/tmp/tmpvwk4sjo4.py\", line 10, in check\n    assert candidate([(1, 3), (5, 6, 7), (2, 6)]) == 30\n  File \"/tmp/tmpvwk4sjo4.py\", line 7, in cummulative_sum\n    return sum(test_list)\nTypeError: unsupported operand type(s) for +: 'int' and 'tuple'\n",
      "exit_code": 1,
      "status": "Exception"
    },
    {
      "program": "from typing import List, Tuple\n\ndef cummulative_sum(test_list: List[Tuple[int]]) -> int:\n    \"\"\"\n\tWrite a function to find the cumulative sum of all the values that are present in the given tuple list.\n\t\"\"\"\n    return sum(test_list)\ndef check(candidate):\n    assert candidate([(1, 3), (5, 6, 7), (2, 6)]) == 30\n    assert candidate([(2, 4), (6, 7, 8), (3, 7)]) == 37\n    assert candidate([(3, 5), (7, 8, 9), (4, 8)]) == 44\n\ndef test_check():\n    check(cummulative_sum)\n\ntest_check()\n",
      "timestamp": 1666122553,
      "stdout": "",
      "stderr": "Traceback (most recent call last):\n  File \"/tmp/tmpnhlhurcy.py\", line 16, in <module>\n    test_check()\n  File \"/tmp/tmpnhlhurcy.py\", line 14, in test_check\n    check(cummulative_sum)\n  File \"/tmp/tmpnhlhurcy.py\", line 9, in check\n    assert candidate([(1, 3), (5, 6, 7), (2, 6)]) == 30\n  File \"/tmp/tmpnhlhurcy.py\", line 7, in cummulative_sum\n    return sum(test_list)\nTypeError: unsupported operand type(s) for +: 'int' and 'tuple'\n",
      "exit_code": 1,
      "status": "Exception"
    },
    {
      "program": "from typing import List, Tuple\n\ndef cummulative_sum(test_list: List[Tuple[int]]) -> int:\n    \"\"\"\n\tWrite a function to find the cumulative sum of all the values that are present in the given tuple list.\n\t\"\"\"\n    return sum(test_list)\n\ndef check(candidate):\n    assert candidate([(1, 3), (5, 6, 7), (2, 6)]) == 30\n    assert candidate([(2, 4), (6, 7, 8), (3, 7)]) == 37\n    assert candidate([(3, 5), (7, 8, 9), (4, 8)]) == 44\n\ndef test_check():\n    check(cummulative_sum)\n\ntest_check()\n",
      "timestamp": 1665517167,
      "stdout": "",
      "stderr": "Traceback (most recent call last):\n  File \"/tmp/tmpvwk4sjo4.py\", line 17, in <module>\n    test_check()\n  File \"/tmp/tmpvwk4sjo4.py\", line 15, in test_check\n    check(cummulative_sum)\n  File \"/tmp/tmpvwk4sjo4.py\", line 10, in check\n    assert candidate([(1, 3), (5, 6, 7), (2, 6)]) == 30\n  File \"/tmp/tmpvwk4sjo4.py\", line 7, in cummulative_sum\n    return sum(test_list)\nTypeError: unsupported operand type(s) for +: 'int' and 'tuple'\n",
      "exit_code": 1,
      "status": "Exception"
    },
    {
      "program": "from typing import List, Tuple\n\ndef cummulative_sum(test_list: List[Tuple[int]]) -> int:\n    \"\"\"\n\tWrite a function to find the cumulative sum of all the values that are present in the given tuple list.\n\t\"\"\"\n    return sum(test_list)\ndef check(candidate):\n    assert candidate([(1, 3), (5, 6, 7), (2, 6)]) == 30\n    assert candidate([(2, 4), (6, 7, 8), (3, 7)]) == 37\n    assert candidate([(3, 5), (7, 8, 9), (4, 8)]) == 44\n\ndef test_check():\n    check(cummulative_sum)\n\ntest_check()\n",
      "timestamp": 1666122553,
      "stdout": "",
      "stderr": "Traceback (most recent call last):\n  File \"/tmp/tmpnhlhurcy.py\", line 16, in <module>\n    test_check()\n  File \"/tmp/tmpnhlhurcy.py\", line 14, in test_check\n    check(cummulative_sum)\n  File \"/tmp/tmpnhlhurcy.py\", line 9, in check\n    assert candidate([(1, 3), (5, 6, 7), (2, 6)]) == 30\n  File \"/tmp/tmpnhlhurcy.py\", line 7, in cummulative_sum\n    return sum(test_list)\nTypeError: unsupported operand type(s) for +: 'int' and 'tuple'\n",
      "exit_code": 1,
      "status": "Exception"
    },
    {
      "program": "from typing import List, Tuple\n\ndef cummulative_sum(test_list: List[Tuple[int]]) -> int:\n    \"\"\"\n\tWrite a function to find the cumulative sum of all the values that are present in the given tuple list.\n\t\"\"\"\n    return sum(test_list)\n\n\ndef check(candidate):\n    assert candidate([(1, 3), (5, 6, 7), (2, 6)]) == 30\n    assert candidate([(2, 4), (6, 7, 8), (3, 7)]) == 37\n    assert candidate([(3, 5), (7, 8, 9), (4, 8)]) == 44\n\ndef test_check():\n    check(cummulative_sum)\n\ntest_check()\n",
      "timestamp": 1665517167,
      "stdout": "",
      "stderr": "Traceback (most recent call last):\n  File \"/tmp/tmplwedr7w4.py\", line 18, in <module>\n    test_check()\n  File \"/tmp/tmplwedr7w4.py\", line 16, in test_check\n    check(cummulative_sum)\n  File \"/tmp/tmplwedr7w4.py\", line 11, in check\n    assert candidate([(1, 3), (5, 6, 7), (2, 6)]) == 30\n  File \"/tmp/tmplwedr7w4.py\", line 7, in cummulative_sum\n    return sum(test_list)\nTypeError: unsupported operand type(s) for +: 'int' and 'tuple'\n",
      "exit_code": 1,
      "status": "Exception"
    },
    {
      "program": "from typing import List, Tuple\n\ndef cummulative_sum(test_list: List[Tuple[int]]) -> int:\n    \"\"\"\n\tWrite a function to find the cumulative sum of all the values that are present in the given tuple list.\n\t\"\"\"\n    return sum(test_list)\ndef check(candidate):\n    assert candidate([(1, 3), (5, 6, 7), (2, 6)]) == 30\n    assert candidate([(2, 4), (6, 7, 8), (3, 7)]) == 37\n    assert candidate([(3, 5), (7, 8, 9), (4, 8)]) == 44\n\ndef test_check():\n    check(cummulative_sum)\n\ntest_check()\n",
      "timestamp": 1666122553,
      "stdout": "",
      "stderr": "Traceback (most recent call last):\n  File \"/tmp/tmpnhlhurcy.py\", line 16, in <module>\n    test_check()\n  File \"/tmp/tmpnhlhurcy.py\", line 14, in test_check\n    check(cummulative_sum)\n  File \"/tmp/tmpnhlhurcy.py\", line 9, in check\n    assert candidate([(1, 3), (5, 6, 7), (2, 6)]) == 30\n  File \"/tmp/tmpnhlhurcy.py\", line 7, in cummulative_sum\n    return sum(test_list)\nTypeError: unsupported operand type(s) for +: 'int' and 'tuple'\n",
      "exit_code": 1,
      "status": "Exception"
    },
    {
      "program": "from typing import List, Tuple\n\ndef cummulative_sum(test_list: List[Tuple[int]]) -> int:\n    \"\"\"\n\tWrite a function to find the cumulative sum of all the values that are present in the given tuple list.\n\t\"\"\"\n    return sum(test_list)\n\ndef check(candidate):\n    assert candidate([(1, 3), (5, 6, 7), (2, 6)]) == 30\n    assert candidate([(2, 4), (6, 7, 8), (3, 7)]) == 37\n    assert candidate([(3, 5), (7, 8, 9), (4, 8)]) == 44\n\ndef test_check():\n    check(cummulative_sum)\n\ntest_check()\n",
      "timestamp": 1665517167,
      "stdout": "",
      "stderr": "Traceback (most recent call last):\n  File \"/tmp/tmpvwk4sjo4.py\", line 17, in <module>\n    test_check()\n  File \"/tmp/tmpvwk4sjo4.py\", line 15, in test_check\n    check(cummulative_sum)\n  File \"/tmp/tmpvwk4sjo4.py\", line 10, in check\n    assert candidate([(1, 3), (5, 6, 7), (2, 6)]) == 30\n  File \"/tmp/tmpvwk4sjo4.py\", line 7, in cummulative_sum\n    return sum(test_list)\nTypeError: unsupported operand type(s) for +: 'int' and 'tuple'\n",
      "exit_code": 1,
      "status": "Exception"
    },
    {
      "program": "from typing import List, Tuple\n\ndef cummulative_sum(test_list: List[Tuple[int]]) -> int:\n    \"\"\"\n\tWrite a function to find the cumulative sum of all the values that are present in the given tuple list.\n\t\"\"\"\n    return sum(test_list)\n\ndef check(candidate):\n    assert candidate([(1, 3), (5, 6, 7), (2, 6)]) == 30\n    assert candidate([(2, 4), (6, 7, 8), (3, 7)]) == 37\n    assert candidate([(3, 5), (7, 8, 9), (4, 8)]) == 44\n\ndef test_check():\n    check(cummulative_sum)\n\ntest_check()\n",
      "timestamp": 1665517167,
      "stdout": "",
      "stderr": "Traceback (most recent call last):\n  File \"/tmp/tmpvwk4sjo4.py\", line 17, in <module>\n    test_check()\n  File \"/tmp/tmpvwk4sjo4.py\", line 15, in test_check\n    check(cummulative_sum)\n  File \"/tmp/tmpvwk4sjo4.py\", line 10, in check\n    assert candidate([(1, 3), (5, 6, 7), (2, 6)]) == 30\n  File \"/tmp/tmpvwk4sjo4.py\", line 7, in cummulative_sum\n    return sum(test_list)\nTypeError: unsupported operand type(s) for +: 'int' and 'tuple'\n",
      "exit_code": 1,
      "status": "Exception"
    },
    {
      "program": "from typing import List, Tuple\n\ndef cummulative_sum(test_list: List[Tuple[int]]) -> int:\n    \"\"\"\n\tWrite a function to find the cumulative sum of all the values that are present in the given tuple list.\n\t\"\"\"\n    return sum(test_list)\n\ndef check(candidate):\n    assert candidate([(1, 3), (5, 6, 7), (2, 6)]) == 30\n    assert candidate([(2, 4), (6, 7, 8), (3, 7)]) == 37\n    assert candidate([(3, 5), (7, 8, 9), (4, 8)]) == 44\n\ndef test_check():\n    check(cummulative_sum)\n\ntest_check()\n",
      "timestamp": 1665517167,
      "stdout": "",
      "stderr": "Traceback (most recent call last):\n  File \"/tmp/tmpvwk4sjo4.py\", line 17, in <module>\n    test_check()\n  File \"/tmp/tmpvwk4sjo4.py\", line 15, in test_check\n    check(cummulative_sum)\n  File \"/tmp/tmpvwk4sjo4.py\", line 10, in check\n    assert candidate([(1, 3), (5, 6, 7), (2, 6)]) == 30\n  File \"/tmp/tmpvwk4sjo4.py\", line 7, in cummulative_sum\n    return sum(test_list)\nTypeError: unsupported operand type(s) for +: 'int' and 'tuple'\n",
      "exit_code": 1,
      "status": "Exception"
    },
    {
      "program": "from typing import List, Tuple\n\ndef cummulative_sum(test_list: List[Tuple[int]]) -> int:\n    \"\"\"\n\tWrite a function to find the cumulative sum of all the values that are present in the given tuple list.\n\t\"\"\"\n    return sum(test_list)\n\ndef check(candidate):\n    assert candidate([(1, 3), (5, 6, 7), (2, 6)]) == 30\n    assert candidate([(2, 4), (6, 7, 8), (3, 7)]) == 37\n    assert candidate([(3, 5), (7, 8, 9), (4, 8)]) == 44\n\ndef test_check():\n    check(cummulative_sum)\n\ntest_check()\n",
      "timestamp": 1665517167,
      "stdout": "",
      "stderr": "Traceback (most recent call last):\n  File \"/tmp/tmpvwk4sjo4.py\", line 17, in <module>\n    test_check()\n  File \"/tmp/tmpvwk4sjo4.py\", line 15, in test_check\n    check(cummulative_sum)\n  File \"/tmp/tmpvwk4sjo4.py\", line 10, in check\n    assert candidate([(1, 3), (5, 6, 7), (2, 6)]) == 30\n  File \"/tmp/tmpvwk4sjo4.py\", line 7, in cummulative_sum\n    return sum(test_list)\nTypeError: unsupported operand type(s) for +: 'int' and 'tuple'\n",
      "exit_code": 1,
      "status": "Exception"
    },
    {
      "program": "from typing import List, Tuple\n\ndef cummulative_sum(test_list: List[Tuple[int]]) -> int:\n    \"\"\"\n\tWrite a function to find the cumulative sum of all the values that are present in the given tuple list.\n\t\"\"\"\n    return sum(test_list)\n\ndef check(candidate):\n    assert candidate([(1, 3), (5, 6, 7), (2, 6)]) == 30\n    assert candidate([(2, 4), (6, 7, 8), (3, 7)]) == 37\n    assert candidate([(3, 5), (7, 8, 9), (4, 8)]) == 44\n\ndef test_check():\n    check(cummulative_sum)\n\ntest_check()\n",
      "timestamp": 1665517167,
      "stdout": "",
      "stderr": "Traceback (most recent call last):\n  File \"/tmp/tmpvwk4sjo4.py\", line 17, in <module>\n    test_check()\n  File \"/tmp/tmpvwk4sjo4.py\", line 15, in test_check\n    check(cummulative_sum)\n  File \"/tmp/tmpvwk4sjo4.py\", line 10, in check\n    assert candidate([(1, 3), (5, 6, 7), (2, 6)]) == 30\n  File \"/tmp/tmpvwk4sjo4.py\", line 7, in cummulative_sum\n    return sum(test_list)\nTypeError: unsupported operand type(s) for +: 'int' and 'tuple'\n",
      "exit_code": 1,
      "status": "Exception"
    },
    {
      "program": "from typing import List, Tuple\n\ndef cummulative_sum(test_list: List[Tuple[int]]) -> int:\n    \"\"\"\n\tWrite a function to find the cumulative sum of all the values that are present in the given tuple list.\n\t\"\"\"\n    return sum(test_list)\n\ndef check(candidate):\n    assert candidate([(1, 3), (5, 6, 7), (2, 6)]) == 30\n    assert candidate([(2, 4), (6, 7, 8), (3, 7)]) == 37\n    assert candidate([(3, 5), (7, 8, 9), (4, 8)]) == 44\n\ndef test_check():\n    check(cummulative_sum)\n\ntest_check()\n",
      "timestamp": 1665517167,
      "stdout": "",
      "stderr": "Traceback (most recent call last):\n  File \"/tmp/tmpvwk4sjo4.py\", line 17, in <module>\n    test_check()\n  File \"/tmp/tmpvwk4sjo4.py\", line 15, in test_check\n    check(cummulative_sum)\n  File \"/tmp/tmpvwk4sjo4.py\", line 10, in check\n    assert candidate([(1, 3), (5, 6, 7), (2, 6)]) == 30\n  File \"/tmp/tmpvwk4sjo4.py\", line 7, in cummulative_sum\n    return sum(test_list)\nTypeError: unsupported operand type(s) for +: 'int' and 'tuple'\n",
      "exit_code": 1,
      "status": "Exception"
    },
    {
      "program": "from typing import List, Tuple\n\ndef cummulative_sum(test_list: List[Tuple[int]]) -> int:\n    \"\"\"\n\tWrite a function to find the cumulative sum of all the values that are present in the given tuple list.\n\t\"\"\"\n    return sum(test_list)\n\ndef check(candidate):\n    assert candidate([(1, 3), (5, 6, 7), (2, 6)]) == 30\n    assert candidate([(2, 4), (6, 7, 8), (3, 7)]) == 37\n    assert candidate([(3, 5), (7, 8, 9), (4, 8)]) == 44\n\ndef test_check():\n    check(cummulative_sum)\n\ntest_check()\n",
      "timestamp": 1665517167,
      "stdout": "",
      "stderr": "Traceback (most recent call last):\n  File \"/tmp/tmpvwk4sjo4.py\", line 17, in <module>\n    test_check()\n  File \"/tmp/tmpvwk4sjo4.py\", line 15, in test_check\n    check(cummulative_sum)\n  File \"/tmp/tmpvwk4sjo4.py\", line 10, in check\n    assert candidate([(1, 3), (5, 6, 7), (2, 6)]) == 30\n  File \"/tmp/tmpvwk4sjo4.py\", line 7, in cummulative_sum\n    return sum(test_list)\nTypeError: unsupported operand type(s) for +: 'int' and 'tuple'\n",
      "exit_code": 1,
      "status": "Exception"
    },
    {
      "program": "from typing import List, Tuple\n\ndef cummulative_sum(test_list: List[Tuple[int]]) -> int:\n    \"\"\"\n\tWrite a function to find the cumulative sum of all the values that are present in the given tuple list.\n\t\"\"\"\n    return sum(test_list)\n\ndef check(candidate):\n    assert candidate([(1, 3), (5, 6, 7), (2, 6)]) == 30\n    assert candidate([(2, 4), (6, 7, 8), (3, 7)]) == 37\n    assert candidate([(3, 5), (7, 8, 9), (4, 8)]) == 44\n\ndef test_check():\n    check(cummulative_sum)\n\ntest_check()\n",
      "timestamp": 1665517167,
      "stdout": "",
      "stderr": "Traceback (most recent call last):\n  File \"/tmp/tmpvwk4sjo4.py\", line 17, in <module>\n    test_check()\n  File \"/tmp/tmpvwk4sjo4.py\", line 15, in test_check\n    check(cummulative_sum)\n  File \"/tmp/tmpvwk4sjo4.py\", line 10, in check\n    assert candidate([(1, 3), (5, 6, 7), (2, 6)]) == 30\n  File \"/tmp/tmpvwk4sjo4.py\", line 7, in cummulative_sum\n    return sum(test_list)\nTypeError: unsupported operand type(s) for +: 'int' and 'tuple'\n",
      "exit_code": 1,
      "status": "Exception"
    },
    {
      "program": "from typing import List, Tuple\n\ndef cummulative_sum(test_list: List[Tuple[int]]) -> int:\n    \"\"\"\n\tWrite a function to find the cumulative sum of all the values that are present in the given tuple list.\n\t\"\"\"\n    return sum(test_list)\n\ndef check(candidate):\n    assert candidate([(1, 3), (5, 6, 7), (2, 6)]) == 30\n    assert candidate([(2, 4), (6, 7, 8), (3, 7)]) == 37\n    assert candidate([(3, 5), (7, 8, 9), (4, 8)]) == 44\n\ndef test_check():\n    check(cummulative_sum)\n\ntest_check()\n",
      "timestamp": 1665517167,
      "stdout": "",
      "stderr": "Traceback (most recent call last):\n  File \"/tmp/tmpvwk4sjo4.py\", line 17, in <module>\n    test_check()\n  File \"/tmp/tmpvwk4sjo4.py\", line 15, in test_check\n    check(cummulative_sum)\n  File \"/tmp/tmpvwk4sjo4.py\", line 10, in check\n    assert candidate([(1, 3), (5, 6, 7), (2, 6)]) == 30\n  File \"/tmp/tmpvwk4sjo4.py\", line 7, in cummulative_sum\n    return sum(test_list)\nTypeError: unsupported operand type(s) for +: 'int' and 'tuple'\n",
      "exit_code": 1,
      "status": "Exception"
    },
    {
      "program": "from typing import List, Tuple\n\ndef cummulative_sum(test_list: List[Tuple[int]]) -> int:\n    \"\"\"\n\tWrite a function to find the cumulative sum of all the values that are present in the given tuple list.\n\t\"\"\"\n    return sum(test_list)\n\ndef check(candidate):\n    assert candidate([(1, 3), (5, 6, 7), (2, 6)]) == 30\n    assert candidate([(2, 4), (6, 7, 8), (3, 7)]) == 37\n    assert candidate([(3, 5), (7, 8, 9), (4, 8)]) == 44\n\ndef test_check():\n    check(cummulative_sum)\n\ntest_check()\n",
      "timestamp": 1665517167,
      "stdout": "",
      "stderr": "Traceback (most recent call last):\n  File \"/tmp/tmpvwk4sjo4.py\", line 17, in <module>\n    test_check()\n  File \"/tmp/tmpvwk4sjo4.py\", line 15, in test_check\n    check(cummulative_sum)\n  File \"/tmp/tmpvwk4sjo4.py\", line 10, in check\n    assert candidate([(1, 3), (5, 6, 7), (2, 6)]) == 30\n  File \"/tmp/tmpvwk4sjo4.py\", line 7, in cummulative_sum\n    return sum(test_list)\nTypeError: unsupported operand type(s) for +: 'int' and 'tuple'\n",
      "exit_code": 1,
      "status": "Exception"
    },
    {
      "program": "from typing import List, Tuple\n\ndef cummulative_sum(test_list: List[Tuple[int]]) -> int:\n    \"\"\"\n\tWrite a function to find the cumulative sum of all the values that are present in the given tuple list.\n\t\"\"\"\n    return sum(test_list)\n\ndef check(candidate):\n    assert candidate([(1, 3), (5, 6, 7), (2, 6)]) == 30\n    assert candidate([(2, 4), (6, 7, 8), (3, 7)]) == 37\n    assert candidate([(3, 5), (7, 8, 9), (4, 8)]) == 44\n\ndef test_check():\n    check(cummulative_sum)\n\ntest_check()\n",
      "timestamp": 1665517167,
      "stdout": "",
      "stderr": "Traceback (most recent call last):\n  File \"/tmp/tmpvwk4sjo4.py\", line 17, in <module>\n    test_check()\n  File \"/tmp/tmpvwk4sjo4.py\", line 15, in test_check\n    check(cummulative_sum)\n  File \"/tmp/tmpvwk4sjo4.py\", line 10, in check\n    assert candidate([(1, 3), (5, 6, 7), (2, 6)]) == 30\n  File \"/tmp/tmpvwk4sjo4.py\", line 7, in cummulative_sum\n    return sum(test_list)\nTypeError: unsupported operand type(s) for +: 'int' and 'tuple'\n",
      "exit_code": 1,
      "status": "Exception"
    },
    {
      "program": "from typing import List, Tuple\n\ndef cummulative_sum(test_list: List[Tuple[int]]) -> int:\n    \"\"\"\n\tWrite a function to find the cumulative sum of all the values that are present in the given tuple list.\n\t\"\"\"\n    return sum(test_list)\n\ndef check(candidate):\n    assert candidate([(1, 3), (5, 6, 7), (2, 6)]) == 30\n    assert candidate([(2, 4), (6, 7, 8), (3, 7)]) == 37\n    assert candidate([(3, 5), (7, 8, 9), (4, 8)]) == 44\n\ndef test_check():\n    check(cummulative_sum)\n\ntest_check()\n",
      "timestamp": 1665517167,
      "stdout": "",
      "stderr": "Traceback (most recent call last):\n  File \"/tmp/tmpvwk4sjo4.py\", line 17, in <module>\n    test_check()\n  File \"/tmp/tmpvwk4sjo4.py\", line 15, in test_check\n    check(cummulative_sum)\n  File \"/tmp/tmpvwk4sjo4.py\", line 10, in check\n    assert candidate([(1, 3), (5, 6, 7), (2, 6)]) == 30\n  File \"/tmp/tmpvwk4sjo4.py\", line 7, in cummulative_sum\n    return sum(test_list)\nTypeError: unsupported operand type(s) for +: 'int' and 'tuple'\n",
      "exit_code": 1,
      "status": "Exception"
    },
    {
      "program": "from typing import List, Tuple\n\ndef cummulative_sum(test_list: List[Tuple[int]]) -> int:\n    \"\"\"\n\tWrite a function to find the cumulative sum of all the values that are present in the given tuple list.\n\t\"\"\"\n    return sum(test_list)\n\ndef check(candidate):\n    assert candidate([(1, 3), (5, 6, 7), (2, 6)]) == 30\n    assert candidate([(2, 4), (6, 7, 8), (3, 7)]) == 37\n    assert candidate([(3, 5), (7, 8, 9), (4, 8)]) == 44\n\ndef test_check():\n    check(cummulative_sum)\n\ntest_check()\n",
      "timestamp": 1665517167,
      "stdout": "",
      "stderr": "Traceback (most recent call last):\n  File \"/tmp/tmpvwk4sjo4.py\", line 17, in <module>\n    test_check()\n  File \"/tmp/tmpvwk4sjo4.py\", line 15, in test_check\n    check(cummulative_sum)\n  File \"/tmp/tmpvwk4sjo4.py\", line 10, in check\n    assert candidate([(1, 3), (5, 6, 7), (2, 6)]) == 30\n  File \"/tmp/tmpvwk4sjo4.py\", line 7, in cummulative_sum\n    return sum(test_list)\nTypeError: unsupported operand type(s) for +: 'int' and 'tuple'\n",
      "exit_code": 1,
      "status": "Exception"
    },
    {
      "program": "from typing import List, Tuple\n\ndef cummulative_sum(test_list: List[Tuple[int]]) -> int:\n    \"\"\"\n\tWrite a function to find the cumulative sum of all the values that are present in the given tuple list.\n\t\"\"\"\n    return sum(test_list)\n\n\ndef check(candidate):\n    assert candidate([(1, 3), (5, 6, 7), (2, 6)]) == 30\n    assert candidate([(2, 4), (6, 7, 8), (3, 7)]) == 37\n    assert candidate([(3, 5), (7, 8, 9), (4, 8)]) == 44\n\ndef test_check():\n    check(cummulative_sum)\n\ntest_check()\n",
      "timestamp": 1665517167,
      "stdout": "",
      "stderr": "Traceback (most recent call last):\n  File \"/tmp/tmplwedr7w4.py\", line 18, in <module>\n    test_check()\n  File \"/tmp/tmplwedr7w4.py\", line 16, in test_check\n    check(cummulative_sum)\n  File \"/tmp/tmplwedr7w4.py\", line 11, in check\n    assert candidate([(1, 3), (5, 6, 7), (2, 6)]) == 30\n  File \"/tmp/tmplwedr7w4.py\", line 7, in cummulative_sum\n    return sum(test_list)\nTypeError: unsupported operand type(s) for +: 'int' and 'tuple'\n",
      "exit_code": 1,
      "status": "Exception"
    },
    {
      "program": "from typing import List, Tuple\n\ndef cummulative_sum(test_list: List[Tuple[int]]) -> int:\n    \"\"\"\n\tWrite a function to find the cumulative sum of all the values that are present in the given tuple list.\n\t\"\"\"\n    cummulative_sum = 0\n    for i in test_list:\n        cummulative_sum += i\n    return cummulative_sum\n\ndef check(candidate):\n    assert candidate([(1, 3), (5, 6, 7), (2, 6)]) == 30\n    assert candidate([(2, 4), (6, 7, 8), (3, 7)]) == 37\n    assert candidate([(3, 5), (7, 8, 9), (4, 8)]) == 44\n\ndef test_check():\n    check(cummulative_sum)\n\ntest_check()\n",
      "timestamp": 1666122553,
      "stdout": "",
      "stderr": "Traceback (most recent call last):\n  File \"/tmp/tmp_hpgg0yr.py\", line 20, in <module>\n    test_check()\n  File \"/tmp/tmp_hpgg0yr.py\", line 18, in test_check\n    check(cummulative_sum)\n  File \"/tmp/tmp_hpgg0yr.py\", line 13, in check\n    assert candidate([(1, 3), (5, 6, 7), (2, 6)]) == 30\n  File \"/tmp/tmp_hpgg0yr.py\", line 9, in cummulative_sum\n    cummulative_sum += i\nTypeError: unsupported operand type(s) for +=: 'int' and 'tuple'\n",
      "exit_code": 1,
      "status": "Exception"
    },
    {
      "program": "from typing import List, Tuple\n\ndef cummulative_sum(test_list: List[Tuple[int]]) -> int:\n    \"\"\"\n\tWrite a function to find the cumulative sum of all the values that are present in the given tuple list.\n\t\"\"\"\n    return sum(test_list)\n\ndef check(candidate):\n    assert candidate([(1, 3), (5, 6, 7), (2, 6)]) == 30\n    assert candidate([(2, 4), (6, 7, 8), (3, 7)]) == 37\n    assert candidate([(3, 5), (7, 8, 9), (4, 8)]) == 44\n\ndef test_check():\n    check(cummulative_sum)\n\ntest_check()\n",
      "timestamp": 1665517167,
      "stdout": "",
      "stderr": "Traceback (most recent call last):\n  File \"/tmp/tmpvwk4sjo4.py\", line 17, in <module>\n    test_check()\n  File \"/tmp/tmpvwk4sjo4.py\", line 15, in test_check\n    check(cummulative_sum)\n  File \"/tmp/tmpvwk4sjo4.py\", line 10, in check\n    assert candidate([(1, 3), (5, 6, 7), (2, 6)]) == 30\n  File \"/tmp/tmpvwk4sjo4.py\", line 7, in cummulative_sum\n    return sum(test_list)\nTypeError: unsupported operand type(s) for +: 'int' and 'tuple'\n",
      "exit_code": 1,
      "status": "Exception"
    },
    {
      "program": "from typing import List, Tuple\n\ndef cummulative_sum(test_list: List[Tuple[int]]) -> int:\n    \"\"\"\n\tWrite a function to find the cumulative sum of all the values that are present in the given tuple list.\n\t\"\"\"\n    return sum(test_list)\n\ndef check(candidate):\n    assert candidate([(1, 3), (5, 6, 7), (2, 6)]) == 30\n    assert candidate([(2, 4), (6, 7, 8), (3, 7)]) == 37\n    assert candidate([(3, 5), (7, 8, 9), (4, 8)]) == 44\n\ndef test_check():\n    check(cummulative_sum)\n\ntest_check()\n",
      "timestamp": 1665517167,
      "stdout": "",
      "stderr": "Traceback (most recent call last):\n  File \"/tmp/tmpvwk4sjo4.py\", line 17, in <module>\n    test_check()\n  File \"/tmp/tmpvwk4sjo4.py\", line 15, in test_check\n    check(cummulative_sum)\n  File \"/tmp/tmpvwk4sjo4.py\", line 10, in check\n    assert candidate([(1, 3), (5, 6, 7), (2, 6)]) == 30\n  File \"/tmp/tmpvwk4sjo4.py\", line 7, in cummulative_sum\n    return sum(test_list)\nTypeError: unsupported operand type(s) for +: 'int' and 'tuple'\n",
      "exit_code": 1,
      "status": "Exception"
    },
    {
      "program": "from typing import List, Tuple\n\ndef cummulative_sum(test_list: List[Tuple[int]]) -> int:\n    \"\"\"\n\tWrite a function to find the cumulative sum of all the values that are present in the given tuple list.\n\t\"\"\"\n    return sum(test_list)\n\ndef check(candidate):\n    assert candidate([(1, 3), (5, 6, 7), (2, 6)]) == 30\n    assert candidate([(2, 4), (6, 7, 8), (3, 7)]) == 37\n    assert candidate([(3, 5), (7, 8, 9), (4, 8)]) == 44\n\ndef test_check():\n    check(cummulative_sum)\n\ntest_check()\n",
      "timestamp": 1665517167,
      "stdout": "",
      "stderr": "Traceback (most recent call last):\n  File \"/tmp/tmpvwk4sjo4.py\", line 17, in <module>\n    test_check()\n  File \"/tmp/tmpvwk4sjo4.py\", line 15, in test_check\n    check(cummulative_sum)\n  File \"/tmp/tmpvwk4sjo4.py\", line 10, in check\n    assert candidate([(1, 3), (5, 6, 7), (2, 6)]) == 30\n  File \"/tmp/tmpvwk4sjo4.py\", line 7, in cummulative_sum\n    return sum(test_list)\nTypeError: unsupported operand type(s) for +: 'int' and 'tuple'\n",
      "exit_code": 1,
      "status": "Exception"
    },
    {
      "program": "from typing import List, Tuple\n\ndef cummulative_sum(test_list: List[Tuple[int]]) -> int:\n    \"\"\"\n\tWrite a function to find the cumulative sum of all the values that are present in the given tuple list.\n\t\"\"\"\n    return sum(test_list)\n\ndef check(candidate):\n    assert candidate([(1, 3), (5, 6, 7), (2, 6)]) == 30\n    assert candidate([(2, 4), (6, 7, 8), (3, 7)]) == 37\n    assert candidate([(3, 5), (7, 8, 9), (4, 8)]) == 44\n\ndef test_check():\n    check(cummulative_sum)\n\ntest_check()\n",
      "timestamp": 1665517167,
      "stdout": "",
      "stderr": "Traceback (most recent call last):\n  File \"/tmp/tmpvwk4sjo4.py\", line 17, in <module>\n    test_check()\n  File \"/tmp/tmpvwk4sjo4.py\", line 15, in test_check\n    check(cummulative_sum)\n  File \"/tmp/tmpvwk4sjo4.py\", line 10, in check\n    assert candidate([(1, 3), (5, 6, 7), (2, 6)]) == 30\n  File \"/tmp/tmpvwk4sjo4.py\", line 7, in cummulative_sum\n    return sum(test_list)\nTypeError: unsupported operand type(s) for +: 'int' and 'tuple'\n",
      "exit_code": 1,
      "status": "Exception"
    },
    {
      "program": "from typing import List, Tuple\n\ndef cummulative_sum(test_list: List[Tuple[int]]) -> int:\n    \"\"\"\n\tWrite a function to find the cumulative sum of all the values that are present in the given tuple list.\n\t\"\"\"\n    return sum(test_list)\n\ndef check(candidate):\n    assert candidate([(1, 3), (5, 6, 7), (2, 6)]) == 30\n    assert candidate([(2, 4), (6, 7, 8), (3, 7)]) == 37\n    assert candidate([(3, 5), (7, 8, 9), (4, 8)]) == 44\n\ndef test_check():\n    check(cummulative_sum)\n\ntest_check()\n",
      "timestamp": 1665517167,
      "stdout": "",
      "stderr": "Traceback (most recent call last):\n  File \"/tmp/tmpvwk4sjo4.py\", line 17, in <module>\n    test_check()\n  File \"/tmp/tmpvwk4sjo4.py\", line 15, in test_check\n    check(cummulative_sum)\n  File \"/tmp/tmpvwk4sjo4.py\", line 10, in check\n    assert candidate([(1, 3), (5, 6, 7), (2, 6)]) == 30\n  File \"/tmp/tmpvwk4sjo4.py\", line 7, in cummulative_sum\n    return sum(test_list)\nTypeError: unsupported operand type(s) for +: 'int' and 'tuple'\n",
      "exit_code": 1,
      "status": "Exception"
    },
    {
      "program": "from typing import List, Tuple\n\ndef cummulative_sum(test_list: List[Tuple[int]]) -> int:\n    \"\"\"\n\tWrite a function to find the cumulative sum of all the values that are present in the given tuple list.\n\t\"\"\"\n    return sum(test_list)\n\ndef check(candidate):\n    assert candidate([(1, 3), (5, 6, 7), (2, 6)]) == 30\n    assert candidate([(2, 4), (6, 7, 8), (3, 7)]) == 37\n    assert candidate([(3, 5), (7, 8, 9), (4, 8)]) == 44\n\ndef test_check():\n    check(cummulative_sum)\n\ntest_check()\n",
      "timestamp": 1665517167,
      "stdout": "",
      "stderr": "Traceback (most recent call last):\n  File \"/tmp/tmpvwk4sjo4.py\", line 17, in <module>\n    test_check()\n  File \"/tmp/tmpvwk4sjo4.py\", line 15, in test_check\n    check(cummulative_sum)\n  File \"/tmp/tmpvwk4sjo4.py\", line 10, in check\n    assert candidate([(1, 3), (5, 6, 7), (2, 6)]) == 30\n  File \"/tmp/tmpvwk4sjo4.py\", line 7, in cummulative_sum\n    return sum(test_list)\nTypeError: unsupported operand type(s) for +: 'int' and 'tuple'\n",
      "exit_code": 1,
      "status": "Exception"
    },
    {
      "program": "from typing import List, Tuple\n\ndef cummulative_sum(test_list: List[Tuple[int]]) -> int:\n    \"\"\"\n\tWrite a function to find the cumulative sum of all the values that are present in the given tuple list.\n\t\"\"\"\n    return sum(test_list)\ndef check(candidate):\n    assert candidate([(1, 3), (5, 6, 7), (2, 6)]) == 30\n    assert candidate([(2, 4), (6, 7, 8), (3, 7)]) == 37\n    assert candidate([(3, 5), (7, 8, 9), (4, 8)]) == 44\n\ndef test_check():\n    check(cummulative_sum)\n\ntest_check()\n",
      "timestamp": 1666122553,
      "stdout": "",
      "stderr": "Traceback (most recent call last):\n  File \"/tmp/tmpnhlhurcy.py\", line 16, in <module>\n    test_check()\n  File \"/tmp/tmpnhlhurcy.py\", line 14, in test_check\n    check(cummulative_sum)\n  File \"/tmp/tmpnhlhurcy.py\", line 9, in check\n    assert candidate([(1, 3), (5, 6, 7), (2, 6)]) == 30\n  File \"/tmp/tmpnhlhurcy.py\", line 7, in cummulative_sum\n    return sum(test_list)\nTypeError: unsupported operand type(s) for +: 'int' and 'tuple'\n",
      "exit_code": 1,
      "status": "Exception"
    },
    {
      "program": "from typing import List, Tuple\n\ndef cummulative_sum(test_list: List[Tuple[int]]) -> int:\n    \"\"\"\n\tWrite a function to find the cumulative sum of all the values that are present in the given tuple list.\n\t\"\"\"\n    return sum(test_list)\n\ndef check(candidate):\n    assert candidate([(1, 3), (5, 6, 7), (2, 6)]) == 30\n    assert candidate([(2, 4), (6, 7, 8), (3, 7)]) == 37\n    assert candidate([(3, 5), (7, 8, 9), (4, 8)]) == 44\n\ndef test_check():\n    check(cummulative_sum)\n\ntest_check()\n",
      "timestamp": 1665517167,
      "stdout": "",
      "stderr": "Traceback (most recent call last):\n  File \"/tmp/tmpvwk4sjo4.py\", line 17, in <module>\n    test_check()\n  File \"/tmp/tmpvwk4sjo4.py\", line 15, in test_check\n    check(cummulative_sum)\n  File \"/tmp/tmpvwk4sjo4.py\", line 10, in check\n    assert candidate([(1, 3), (5, 6, 7), (2, 6)]) == 30\n  File \"/tmp/tmpvwk4sjo4.py\", line 7, in cummulative_sum\n    return sum(test_list)\nTypeError: unsupported operand type(s) for +: 'int' and 'tuple'\n",
      "exit_code": 1,
      "status": "Exception"
    },
    {
      "program": "from typing import List, Tuple\n\ndef cummulative_sum(test_list: List[Tuple[int]]) -> int:\n    \"\"\"\n\tWrite a function to find the cumulative sum of all the values that are present in the given tuple list.\n\t\"\"\"\n    return sum(test_list)\n\ndef check(candidate):\n    assert candidate([(1, 3), (5, 6, 7), (2, 6)]) == 30\n    assert candidate([(2, 4), (6, 7, 8), (3, 7)]) == 37\n    assert candidate([(3, 5), (7, 8, 9), (4, 8)]) == 44\n\ndef test_check():\n    check(cummulative_sum)\n\ntest_check()\n",
      "timestamp": 1665517167,
      "stdout": "",
      "stderr": "Traceback (most recent call last):\n  File \"/tmp/tmpvwk4sjo4.py\", line 17, in <module>\n    test_check()\n  File \"/tmp/tmpvwk4sjo4.py\", line 15, in test_check\n    check(cummulative_sum)\n  File \"/tmp/tmpvwk4sjo4.py\", line 10, in check\n    assert candidate([(1, 3), (5, 6, 7), (2, 6)]) == 30\n  File \"/tmp/tmpvwk4sjo4.py\", line 7, in cummulative_sum\n    return sum(test_list)\nTypeError: unsupported operand type(s) for +: 'int' and 'tuple'\n",
      "exit_code": 1,
      "status": "Exception"
    },
    {
      "program": "from typing import List, Tuple\n\ndef cummulative_sum(test_list: List[Tuple[int]]) -> int:\n    \"\"\"\n\tWrite a function to find the cumulative sum of all the values that are present in the given tuple list.\n\t\"\"\"\n    return sum(test_list)\n\n\ndef check(candidate):\n    assert candidate([(1, 3), (5, 6, 7), (2, 6)]) == 30\n    assert candidate([(2, 4), (6, 7, 8), (3, 7)]) == 37\n    assert candidate([(3, 5), (7, 8, 9), (4, 8)]) == 44\n\ndef test_check():\n    check(cummulative_sum)\n\ntest_check()\n",
      "timestamp": 1665517167,
      "stdout": "",
      "stderr": "Traceback (most recent call last):\n  File \"/tmp/tmplwedr7w4.py\", line 18, in <module>\n    test_check()\n  File \"/tmp/tmplwedr7w4.py\", line 16, in test_check\n    check(cummulative_sum)\n  File \"/tmp/tmplwedr7w4.py\", line 11, in check\n    assert candidate([(1, 3), (5, 6, 7), (2, 6)]) == 30\n  File \"/tmp/tmplwedr7w4.py\", line 7, in cummulative_sum\n    return sum(test_list)\nTypeError: unsupported operand type(s) for +: 'int' and 'tuple'\n",
      "exit_code": 1,
      "status": "Exception"
    },
    {
      "program": "from typing import List, Tuple\n\ndef cummulative_sum(test_list: List[Tuple[int]]) -> int:\n    \"\"\"\n\tWrite a function to find the cumulative sum of all the values that are present in the given tuple list.\n\t\"\"\"\n    return sum(test_list)\n\ndef check(candidate):\n    assert candidate([(1, 3), (5, 6, 7), (2, 6)]) == 30\n    assert candidate([(2, 4), (6, 7, 8), (3, 7)]) == 37\n    assert candidate([(3, 5), (7, 8, 9), (4, 8)]) == 44\n\ndef test_check():\n    check(cummulative_sum)\n\ntest_check()\n",
      "timestamp": 1665517167,
      "stdout": "",
      "stderr": "Traceback (most recent call last):\n  File \"/tmp/tmpvwk4sjo4.py\", line 17, in <module>\n    test_check()\n  File \"/tmp/tmpvwk4sjo4.py\", line 15, in test_check\n    check(cummulative_sum)\n  File \"/tmp/tmpvwk4sjo4.py\", line 10, in check\n    assert candidate([(1, 3), (5, 6, 7), (2, 6)]) == 30\n  File \"/tmp/tmpvwk4sjo4.py\", line 7, in cummulative_sum\n    return sum(test_list)\nTypeError: unsupported operand type(s) for +: 'int' and 'tuple'\n",
      "exit_code": 1,
      "status": "Exception"
    },
    {
      "program": "from typing import List, Tuple\n\ndef cummulative_sum(test_list: List[Tuple[int]]) -> int:\n    \"\"\"\n\tWrite a function to find the cumulative sum of all the values that are present in the given tuple list.\n\t\"\"\"\n    return sum(test_list)\n\ndef check(candidate):\n    assert candidate([(1, 3), (5, 6, 7), (2, 6)]) == 30\n    assert candidate([(2, 4), (6, 7, 8), (3, 7)]) == 37\n    assert candidate([(3, 5), (7, 8, 9), (4, 8)]) == 44\n\ndef test_check():\n    check(cummulative_sum)\n\ntest_check()\n",
      "timestamp": 1665517167,
      "stdout": "",
      "stderr": "Traceback (most recent call last):\n  File \"/tmp/tmpvwk4sjo4.py\", line 17, in <module>\n    test_check()\n  File \"/tmp/tmpvwk4sjo4.py\", line 15, in test_check\n    check(cummulative_sum)\n  File \"/tmp/tmpvwk4sjo4.py\", line 10, in check\n    assert candidate([(1, 3), (5, 6, 7), (2, 6)]) == 30\n  File \"/tmp/tmpvwk4sjo4.py\", line 7, in cummulative_sum\n    return sum(test_list)\nTypeError: unsupported operand type(s) for +: 'int' and 'tuple'\n",
      "exit_code": 1,
      "status": "Exception"
    },
    {
      "program": "from typing import List, Tuple\n\ndef cummulative_sum(test_list: List[Tuple[int]]) -> int:\n    \"\"\"\n\tWrite a function to find the cumulative sum of all the values that are present in the given tuple list.\n\t\"\"\"\n    return sum(test_list)\n\ndef check(candidate):\n    assert candidate([(1, 3), (5, 6, 7), (2, 6)]) == 30\n    assert candidate([(2, 4), (6, 7, 8), (3, 7)]) == 37\n    assert candidate([(3, 5), (7, 8, 9), (4, 8)]) == 44\n\ndef test_check():\n    check(cummulative_sum)\n\ntest_check()\n",
      "timestamp": 1665517167,
      "stdout": "",
      "stderr": "Traceback (most recent call last):\n  File \"/tmp/tmpvwk4sjo4.py\", line 17, in <module>\n    test_check()\n  File \"/tmp/tmpvwk4sjo4.py\", line 15, in test_check\n    check(cummulative_sum)\n  File \"/tmp/tmpvwk4sjo4.py\", line 10, in check\n    assert candidate([(1, 3), (5, 6, 7), (2, 6)]) == 30\n  File \"/tmp/tmpvwk4sjo4.py\", line 7, in cummulative_sum\n    return sum(test_list)\nTypeError: unsupported operand type(s) for +: 'int' and 'tuple'\n",
      "exit_code": 1,
      "status": "Exception"
    },
    {
      "program": "from typing import List, Tuple\n\ndef cummulative_sum(test_list: List[Tuple[int]]) -> int:\n    \"\"\"\n\tWrite a function to find the cumulative sum of all the values that are present in the given tuple list.\n\t\"\"\"\n    return sum(test_list)\n\n\ndef check(candidate):\n    assert candidate([(1, 3), (5, 6, 7), (2, 6)]) == 30\n    assert candidate([(2, 4), (6, 7, 8), (3, 7)]) == 37\n    assert candidate([(3, 5), (7, 8, 9), (4, 8)]) == 44\n\ndef test_check():\n    check(cummulative_sum)\n\ntest_check()\n",
      "timestamp": 1665517167,
      "stdout": "",
      "stderr": "Traceback (most recent call last):\n  File \"/tmp/tmplwedr7w4.py\", line 18, in <module>\n    test_check()\n  File \"/tmp/tmplwedr7w4.py\", line 16, in test_check\n    check(cummulative_sum)\n  File \"/tmp/tmplwedr7w4.py\", line 11, in check\n    assert candidate([(1, 3), (5, 6, 7), (2, 6)]) == 30\n  File \"/tmp/tmplwedr7w4.py\", line 7, in cummulative_sum\n    return sum(test_list)\nTypeError: unsupported operand type(s) for +: 'int' and 'tuple'\n",
      "exit_code": 1,
      "status": "Exception"
    },
    {
      "program": "from typing import List, Tuple\n\ndef cummulative_sum(test_list: List[Tuple[int]]) -> int:\n    \"\"\"\n\tWrite a function to find the cumulative sum of all the values that are present in the given tuple list.\n\t\"\"\"\n    return sum(test_list)\n\ndef check(candidate):\n    assert candidate([(1, 3), (5, 6, 7), (2, 6)]) == 30\n    assert candidate([(2, 4), (6, 7, 8), (3, 7)]) == 37\n    assert candidate([(3, 5), (7, 8, 9), (4, 8)]) == 44\n\ndef test_check():\n    check(cummulative_sum)\n\ntest_check()\n",
      "timestamp": 1665517167,
      "stdout": "",
      "stderr": "Traceback (most recent call last):\n  File \"/tmp/tmpvwk4sjo4.py\", line 17, in <module>\n    test_check()\n  File \"/tmp/tmpvwk4sjo4.py\", line 15, in test_check\n    check(cummulative_sum)\n  File \"/tmp/tmpvwk4sjo4.py\", line 10, in check\n    assert candidate([(1, 3), (5, 6, 7), (2, 6)]) == 30\n  File \"/tmp/tmpvwk4sjo4.py\", line 7, in cummulative_sum\n    return sum(test_list)\nTypeError: unsupported operand type(s) for +: 'int' and 'tuple'\n",
      "exit_code": 1,
      "status": "Exception"
    },
    {
      "program": "from typing import List, Tuple\n\ndef cummulative_sum(test_list: List[Tuple[int]]) -> int:\n    \"\"\"\n\tWrite a function to find the cumulative sum of all the values that are present in the given tuple list.\n\t\"\"\"\n    return sum(test_list)\n\ndef check(candidate):\n    assert candidate([(1, 3), (5, 6, 7), (2, 6)]) == 30\n    assert candidate([(2, 4), (6, 7, 8), (3, 7)]) == 37\n    assert candidate([(3, 5), (7, 8, 9), (4, 8)]) == 44\n\ndef test_check():\n    check(cummulative_sum)\n\ntest_check()\n",
      "timestamp": 1665517167,
      "stdout": "",
      "stderr": "Traceback (most recent call last):\n  File \"/tmp/tmpvwk4sjo4.py\", line 17, in <module>\n    test_check()\n  File \"/tmp/tmpvwk4sjo4.py\", line 15, in test_check\n    check(cummulative_sum)\n  File \"/tmp/tmpvwk4sjo4.py\", line 10, in check\n    assert candidate([(1, 3), (5, 6, 7), (2, 6)]) == 30\n  File \"/tmp/tmpvwk4sjo4.py\", line 7, in cummulative_sum\n    return sum(test_list)\nTypeError: unsupported operand type(s) for +: 'int' and 'tuple'\n",
      "exit_code": 1,
      "status": "Exception"
    },
    {
      "program": "from typing import List, Tuple\n\ndef cummulative_sum(test_list: List[Tuple[int]]) -> int:\n    \"\"\"\n\tWrite a function to find the cumulative sum of all the values that are present in the given tuple list.\n\t\"\"\"\n    return sum(test_list)\n\ndef check(candidate):\n    assert candidate([(1, 3), (5, 6, 7), (2, 6)]) == 30\n    assert candidate([(2, 4), (6, 7, 8), (3, 7)]) == 37\n    assert candidate([(3, 5), (7, 8, 9), (4, 8)]) == 44\n\ndef test_check():\n    check(cummulative_sum)\n\ntest_check()\n",
      "timestamp": 1665517167,
      "stdout": "",
      "stderr": "Traceback (most recent call last):\n  File \"/tmp/tmpvwk4sjo4.py\", line 17, in <module>\n    test_check()\n  File \"/tmp/tmpvwk4sjo4.py\", line 15, in test_check\n    check(cummulative_sum)\n  File \"/tmp/tmpvwk4sjo4.py\", line 10, in check\n    assert candidate([(1, 3), (5, 6, 7), (2, 6)]) == 30\n  File \"/tmp/tmpvwk4sjo4.py\", line 7, in cummulative_sum\n    return sum(test_list)\nTypeError: unsupported operand type(s) for +: 'int' and 'tuple'\n",
      "exit_code": 1,
      "status": "Exception"
    },
    {
      "program": "from typing import List, Tuple\n\ndef cummulative_sum(test_list: List[Tuple[int]]) -> int:\n    \"\"\"\n\tWrite a function to find the cumulative sum of all the values that are present in the given tuple list.\n\t\"\"\"\n    return sum(test_list)\ndef check(candidate):\n    assert candidate([(1, 3), (5, 6, 7), (2, 6)]) == 30\n    assert candidate([(2, 4), (6, 7, 8), (3, 7)]) == 37\n    assert candidate([(3, 5), (7, 8, 9), (4, 8)]) == 44\n\ndef test_check():\n    check(cummulative_sum)\n\ntest_check()\n",
      "timestamp": 1666122553,
      "stdout": "",
      "stderr": "Traceback (most recent call last):\n  File \"/tmp/tmpnhlhurcy.py\", line 16, in <module>\n    test_check()\n  File \"/tmp/tmpnhlhurcy.py\", line 14, in test_check\n    check(cummulative_sum)\n  File \"/tmp/tmpnhlhurcy.py\", line 9, in check\n    assert candidate([(1, 3), (5, 6, 7), (2, 6)]) == 30\n  File \"/tmp/tmpnhlhurcy.py\", line 7, in cummulative_sum\n    return sum(test_list)\nTypeError: unsupported operand type(s) for +: 'int' and 'tuple'\n",
      "exit_code": 1,
      "status": "Exception"
    },
    {
      "program": "from typing import List, Tuple\n\ndef cummulative_sum(test_list: List[Tuple[int]]) -> int:\n    \"\"\"\n\tWrite a function to find the cumulative sum of all the values that are present in the given tuple list.\n\t\"\"\"\n    return sum(test_list)\n\ndef check(candidate):\n    assert candidate([(1, 3), (5, 6, 7), (2, 6)]) == 30\n    assert candidate([(2, 4), (6, 7, 8), (3, 7)]) == 37\n    assert candidate([(3, 5), (7, 8, 9), (4, 8)]) == 44\n\ndef test_check():\n    check(cummulative_sum)\n\ntest_check()\n",
      "timestamp": 1665517167,
      "stdout": "",
      "stderr": "Traceback (most recent call last):\n  File \"/tmp/tmpvwk4sjo4.py\", line 17, in <module>\n    test_check()\n  File \"/tmp/tmpvwk4sjo4.py\", line 15, in test_check\n    check(cummulative_sum)\n  File \"/tmp/tmpvwk4sjo4.py\", line 10, in check\n    assert candidate([(1, 3), (5, 6, 7), (2, 6)]) == 30\n  File \"/tmp/tmpvwk4sjo4.py\", line 7, in cummulative_sum\n    return sum(test_list)\nTypeError: unsupported operand type(s) for +: 'int' and 'tuple'\n",
      "exit_code": 1,
      "status": "Exception"
    },
    {
      "program": "from typing import List, Tuple\n\ndef cummulative_sum(test_list: List[Tuple[int]]) -> int:\n    \"\"\"\n\tWrite a function to find the cumulative sum of all the values that are present in the given tuple list.\n\t\"\"\"\n    return sum(test_list)\n\ndef check(candidate):\n    assert candidate([(1, 3), (5, 6, 7), (2, 6)]) == 30\n    assert candidate([(2, 4), (6, 7, 8), (3, 7)]) == 37\n    assert candidate([(3, 5), (7, 8, 9), (4, 8)]) == 44\n\ndef test_check():\n    check(cummulative_sum)\n\ntest_check()\n",
      "timestamp": 1665517167,
      "stdout": "",
      "stderr": "Traceback (most recent call last):\n  File \"/tmp/tmpvwk4sjo4.py\", line 17, in <module>\n    test_check()\n  File \"/tmp/tmpvwk4sjo4.py\", line 15, in test_check\n    check(cummulative_sum)\n  File \"/tmp/tmpvwk4sjo4.py\", line 10, in check\n    assert candidate([(1, 3), (5, 6, 7), (2, 6)]) == 30\n  File \"/tmp/tmpvwk4sjo4.py\", line 7, in cummulative_sum\n    return sum(test_list)\nTypeError: unsupported operand type(s) for +: 'int' and 'tuple'\n",
      "exit_code": 1,
      "status": "Exception"
    },
    {
      "program": "from typing import List, Tuple\n\ndef cummulative_sum(test_list: List[Tuple[int]]) -> int:\n    \"\"\"\n\tWrite a function to find the cumulative sum of all the values that are present in the given tuple list.\n\t\"\"\"\n    return sum(test_list)\n\ndef check(candidate):\n    assert candidate([(1, 3), (5, 6, 7), (2, 6)]) == 30\n    assert candidate([(2, 4), (6, 7, 8), (3, 7)]) == 37\n    assert candidate([(3, 5), (7, 8, 9), (4, 8)]) == 44\n\ndef test_check():\n    check(cummulative_sum)\n\ntest_check()\n",
      "timestamp": 1665517167,
      "stdout": "",
      "stderr": "Traceback (most recent call last):\n  File \"/tmp/tmpvwk4sjo4.py\", line 17, in <module>\n    test_check()\n  File \"/tmp/tmpvwk4sjo4.py\", line 15, in test_check\n    check(cummulative_sum)\n  File \"/tmp/tmpvwk4sjo4.py\", line 10, in check\n    assert candidate([(1, 3), (5, 6, 7), (2, 6)]) == 30\n  File \"/tmp/tmpvwk4sjo4.py\", line 7, in cummulative_sum\n    return sum(test_list)\nTypeError: unsupported operand type(s) for +: 'int' and 'tuple'\n",
      "exit_code": 1,
      "status": "Exception"
    },
    {
      "program": "from typing import List, Tuple\n\ndef cummulative_sum(test_list: List[Tuple[int]]) -> int:\n    \"\"\"\n\tWrite a function to find the cumulative sum of all the values that are present in the given tuple list.\n\t\"\"\"\n    return sum(test_list)\n\ndef check(candidate):\n    assert candidate([(1, 3), (5, 6, 7), (2, 6)]) == 30\n    assert candidate([(2, 4), (6, 7, 8), (3, 7)]) == 37\n    assert candidate([(3, 5), (7, 8, 9), (4, 8)]) == 44\n\ndef test_check():\n    check(cummulative_sum)\n\ntest_check()\n",
      "timestamp": 1665517167,
      "stdout": "",
      "stderr": "Traceback (most recent call last):\n  File \"/tmp/tmpvwk4sjo4.py\", line 17, in <module>\n    test_check()\n  File \"/tmp/tmpvwk4sjo4.py\", line 15, in test_check\n    check(cummulative_sum)\n  File \"/tmp/tmpvwk4sjo4.py\", line 10, in check\n    assert candidate([(1, 3), (5, 6, 7), (2, 6)]) == 30\n  File \"/tmp/tmpvwk4sjo4.py\", line 7, in cummulative_sum\n    return sum(test_list)\nTypeError: unsupported operand type(s) for +: 'int' and 'tuple'\n",
      "exit_code": 1,
      "status": "Exception"
    },
    {
      "program": "from typing import List, Tuple\n\ndef cummulative_sum(test_list: List[Tuple[int]]) -> int:\n    \"\"\"\n\tWrite a function to find the cumulative sum of all the values that are present in the given tuple list.\n\t\"\"\"\n    return sum(test_list)\n\ndef check(candidate):\n    assert candidate([(1, 3), (5, 6, 7), (2, 6)]) == 30\n    assert candidate([(2, 4), (6, 7, 8), (3, 7)]) == 37\n    assert candidate([(3, 5), (7, 8, 9), (4, 8)]) == 44\n\ndef test_check():\n    check(cummulative_sum)\n\ntest_check()\n",
      "timestamp": 1665517167,
      "stdout": "",
      "stderr": "Traceback (most recent call last):\n  File \"/tmp/tmpvwk4sjo4.py\", line 17, in <module>\n    test_check()\n  File \"/tmp/tmpvwk4sjo4.py\", line 15, in test_check\n    check(cummulative_sum)\n  File \"/tmp/tmpvwk4sjo4.py\", line 10, in check\n    assert candidate([(1, 3), (5, 6, 7), (2, 6)]) == 30\n  File \"/tmp/tmpvwk4sjo4.py\", line 7, in cummulative_sum\n    return sum(test_list)\nTypeError: unsupported operand type(s) for +: 'int' and 'tuple'\n",
      "exit_code": 1,
      "status": "Exception"
    },
    {
      "program": "from typing import List, Tuple\n\ndef cummulative_sum(test_list: List[Tuple[int]]) -> int:\n    \"\"\"\n\tWrite a function to find the cumulative sum of all the values that are present in the given tuple list.\n\t\"\"\"\n    return sum(test_list)\n\ndef check(candidate):\n    assert candidate([(1, 3), (5, 6, 7), (2, 6)]) == 30\n    assert candidate([(2, 4), (6, 7, 8), (3, 7)]) == 37\n    assert candidate([(3, 5), (7, 8, 9), (4, 8)]) == 44\n\ndef test_check():\n    check(cummulative_sum)\n\ntest_check()\n",
      "timestamp": 1665517167,
      "stdout": "",
      "stderr": "Traceback (most recent call last):\n  File \"/tmp/tmpvwk4sjo4.py\", line 17, in <module>\n    test_check()\n  File \"/tmp/tmpvwk4sjo4.py\", line 15, in test_check\n    check(cummulative_sum)\n  File \"/tmp/tmpvwk4sjo4.py\", line 10, in check\n    assert candidate([(1, 3), (5, 6, 7), (2, 6)]) == 30\n  File \"/tmp/tmpvwk4sjo4.py\", line 7, in cummulative_sum\n    return sum(test_list)\nTypeError: unsupported operand type(s) for +: 'int' and 'tuple'\n",
      "exit_code": 1,
      "status": "Exception"
    },
    {
      "program": "from typing import List, Tuple\n\ndef cummulative_sum(test_list: List[Tuple[int]]) -> int:\n    \"\"\"\n\tWrite a function to find the cumulative sum of all the values that are present in the given tuple list.\n\t\"\"\"\n    return sum(test_list)\n\ndef check(candidate):\n    assert candidate([(1, 3), (5, 6, 7), (2, 6)]) == 30\n    assert candidate([(2, 4), (6, 7, 8), (3, 7)]) == 37\n    assert candidate([(3, 5), (7, 8, 9), (4, 8)]) == 44\n\ndef test_check():\n    check(cummulative_sum)\n\ntest_check()\n",
      "timestamp": 1665517167,
      "stdout": "",
      "stderr": "Traceback (most recent call last):\n  File \"/tmp/tmpvwk4sjo4.py\", line 17, in <module>\n    test_check()\n  File \"/tmp/tmpvwk4sjo4.py\", line 15, in test_check\n    check(cummulative_sum)\n  File \"/tmp/tmpvwk4sjo4.py\", line 10, in check\n    assert candidate([(1, 3), (5, 6, 7), (2, 6)]) == 30\n  File \"/tmp/tmpvwk4sjo4.py\", line 7, in cummulative_sum\n    return sum(test_list)\nTypeError: unsupported operand type(s) for +: 'int' and 'tuple'\n",
      "exit_code": 1,
      "status": "Exception"
    },
    {
      "program": "from typing import List, Tuple\n\ndef cummulative_sum(test_list: List[Tuple[int]]) -> int:\n    \"\"\"\n\tWrite a function to find the cumulative sum of all the values that are present in the given tuple list.\n\t\"\"\"\n    return sum(test_list)\n\ndef check(candidate):\n    assert candidate([(1, 3), (5, 6, 7), (2, 6)]) == 30\n    assert candidate([(2, 4), (6, 7, 8), (3, 7)]) == 37\n    assert candidate([(3, 5), (7, 8, 9), (4, 8)]) == 44\n\ndef test_check():\n    check(cummulative_sum)\n\ntest_check()\n",
      "timestamp": 1665517167,
      "stdout": "",
      "stderr": "Traceback (most recent call last):\n  File \"/tmp/tmpvwk4sjo4.py\", line 17, in <module>\n    test_check()\n  File \"/tmp/tmpvwk4sjo4.py\", line 15, in test_check\n    check(cummulative_sum)\n  File \"/tmp/tmpvwk4sjo4.py\", line 10, in check\n    assert candidate([(1, 3), (5, 6, 7), (2, 6)]) == 30\n  File \"/tmp/tmpvwk4sjo4.py\", line 7, in cummulative_sum\n    return sum(test_list)\nTypeError: unsupported operand type(s) for +: 'int' and 'tuple'\n",
      "exit_code": 1,
      "status": "Exception"
    },
    {
      "program": "from typing import List, Tuple\n\ndef cummulative_sum(test_list: List[Tuple[int]]) -> int:\n    \"\"\"\n\tWrite a function to find the cumulative sum of all the values that are present in the given tuple list.\n\t\"\"\"\n    return sum(test_list)\n\ndef check(candidate):\n    assert candidate([(1, 3), (5, 6, 7), (2, 6)]) == 30\n    assert candidate([(2, 4), (6, 7, 8), (3, 7)]) == 37\n    assert candidate([(3, 5), (7, 8, 9), (4, 8)]) == 44\n\ndef test_check():\n    check(cummulative_sum)\n\ntest_check()\n",
      "timestamp": 1665517167,
      "stdout": "",
      "stderr": "Traceback (most recent call last):\n  File \"/tmp/tmpvwk4sjo4.py\", line 17, in <module>\n    test_check()\n  File \"/tmp/tmpvwk4sjo4.py\", line 15, in test_check\n    check(cummulative_sum)\n  File \"/tmp/tmpvwk4sjo4.py\", line 10, in check\n    assert candidate([(1, 3), (5, 6, 7), (2, 6)]) == 30\n  File \"/tmp/tmpvwk4sjo4.py\", line 7, in cummulative_sum\n    return sum(test_list)\nTypeError: unsupported operand type(s) for +: 'int' and 'tuple'\n",
      "exit_code": 1,
      "status": "Exception"
    },
    {
      "program": "from typing import List, Tuple\n\ndef cummulative_sum(test_list: List[Tuple[int]]) -> int:\n    \"\"\"\n\tWrite a function to find the cumulative sum of all the values that are present in the given tuple list.\n\t\"\"\"\n    return sum(test_list)\n\ndef check(candidate):\n    assert candidate([(1, 3), (5, 6, 7), (2, 6)]) == 30\n    assert candidate([(2, 4), (6, 7, 8), (3, 7)]) == 37\n    assert candidate([(3, 5), (7, 8, 9), (4, 8)]) == 44\n\ndef test_check():\n    check(cummulative_sum)\n\ntest_check()\n",
      "timestamp": 1665517167,
      "stdout": "",
      "stderr": "Traceback (most recent call last):\n  File \"/tmp/tmpvwk4sjo4.py\", line 17, in <module>\n    test_check()\n  File \"/tmp/tmpvwk4sjo4.py\", line 15, in test_check\n    check(cummulative_sum)\n  File \"/tmp/tmpvwk4sjo4.py\", line 10, in check\n    assert candidate([(1, 3), (5, 6, 7), (2, 6)]) == 30\n  File \"/tmp/tmpvwk4sjo4.py\", line 7, in cummulative_sum\n    return sum(test_list)\nTypeError: unsupported operand type(s) for +: 'int' and 'tuple'\n",
      "exit_code": 1,
      "status": "Exception"
    },
    {
      "program": "from typing import List, Tuple\n\ndef cummulative_sum(test_list: List[Tuple[int]]) -> int:\n    \"\"\"\n\tWrite a function to find the cumulative sum of all the values that are present in the given tuple list.\n\t\"\"\"\n    return sum(test_list)\n\ndef check(candidate):\n    assert candidate([(1, 3), (5, 6, 7), (2, 6)]) == 30\n    assert candidate([(2, 4), (6, 7, 8), (3, 7)]) == 37\n    assert candidate([(3, 5), (7, 8, 9), (4, 8)]) == 44\n\ndef test_check():\n    check(cummulative_sum)\n\ntest_check()\n",
      "timestamp": 1665517167,
      "stdout": "",
      "stderr": "Traceback (most recent call last):\n  File \"/tmp/tmpvwk4sjo4.py\", line 17, in <module>\n    test_check()\n  File \"/tmp/tmpvwk4sjo4.py\", line 15, in test_check\n    check(cummulative_sum)\n  File \"/tmp/tmpvwk4sjo4.py\", line 10, in check\n    assert candidate([(1, 3), (5, 6, 7), (2, 6)]) == 30\n  File \"/tmp/tmpvwk4sjo4.py\", line 7, in cummulative_sum\n    return sum(test_list)\nTypeError: unsupported operand type(s) for +: 'int' and 'tuple'\n",
      "exit_code": 1,
      "status": "Exception"
    },
    {
      "program": "from typing import List, Tuple\n\ndef cummulative_sum(test_list: List[Tuple[int]]) -> int:\n    \"\"\"\n\tWrite a function to find the cumulative sum of all the values that are present in the given tuple list.\n\t\"\"\"\n    return sum(test_list)\n\ndef check(candidate):\n    assert candidate([(1, 3), (5, 6, 7), (2, 6)]) == 30\n    assert candidate([(2, 4), (6, 7, 8), (3, 7)]) == 37\n    assert candidate([(3, 5), (7, 8, 9), (4, 8)]) == 44\n\ndef test_check():\n    check(cummulative_sum)\n\ntest_check()\n",
      "timestamp": 1665517167,
      "stdout": "",
      "stderr": "Traceback (most recent call last):\n  File \"/tmp/tmpvwk4sjo4.py\", line 17, in <module>\n    test_check()\n  File \"/tmp/tmpvwk4sjo4.py\", line 15, in test_check\n    check(cummulative_sum)\n  File \"/tmp/tmpvwk4sjo4.py\", line 10, in check\n    assert candidate([(1, 3), (5, 6, 7), (2, 6)]) == 30\n  File \"/tmp/tmpvwk4sjo4.py\", line 7, in cummulative_sum\n    return sum(test_list)\nTypeError: unsupported operand type(s) for +: 'int' and 'tuple'\n",
      "exit_code": 1,
      "status": "Exception"
    },
    {
      "program": "from typing import List, Tuple\n\ndef cummulative_sum(test_list: List[Tuple[int]]) -> int:\n    \"\"\"\n\tWrite a function to find the cumulative sum of all the values that are present in the given tuple list.\n\t\"\"\"\n    cummulative_sum = 0\n    for i in test_list:\n        cummulative_sum += i\n    return cummulative_sum\n\ndef check(candidate):\n    assert candidate([(1, 3), (5, 6, 7), (2, 6)]) == 30\n    assert candidate([(2, 4), (6, 7, 8), (3, 7)]) == 37\n    assert candidate([(3, 5), (7, 8, 9), (4, 8)]) == 44\n\ndef test_check():\n    check(cummulative_sum)\n\ntest_check()\n",
      "timestamp": 1666122553,
      "stdout": "",
      "stderr": "Traceback (most recent call last):\n  File \"/tmp/tmp_hpgg0yr.py\", line 20, in <module>\n    test_check()\n  File \"/tmp/tmp_hpgg0yr.py\", line 18, in test_check\n    check(cummulative_sum)\n  File \"/tmp/tmp_hpgg0yr.py\", line 13, in check\n    assert candidate([(1, 3), (5, 6, 7), (2, 6)]) == 30\n  File \"/tmp/tmp_hpgg0yr.py\", line 9, in cummulative_sum\n    cummulative_sum += i\nTypeError: unsupported operand type(s) for +=: 'int' and 'tuple'\n",
      "exit_code": 1,
      "status": "Exception"
    },
    {
      "program": "from typing import List, Tuple\n\ndef cummulative_sum(test_list: List[Tuple[int]]) -> int:\n    \"\"\"\n\tWrite a function to find the cumulative sum of all the values that are present in the given tuple list.\n\t\"\"\"\n    return sum(test_list)\n\ntest_list = [(1, 2), (3, 4), (5, 6)]\nprint(cummulative_sum(test_list))\ndef check(candidate):\n    assert candidate([(1, 3), (5, 6, 7), (2, 6)]) == 30\n    assert candidate([(2, 4), (6, 7, 8), (3, 7)]) == 37\n    assert candidate([(3, 5), (7, 8, 9), (4, 8)]) == 44\n\ndef test_check():\n    check(cummulative_sum)\n\ntest_check()\n",
      "timestamp": 1666122553,
      "stdout": "",
      "stderr": "Traceback (most recent call last):\n  File \"/tmp/tmpw8o_dmvy.py\", line 10, in <module>\n    print(cummulative_sum(test_list))\n  File \"/tmp/tmpw8o_dmvy.py\", line 7, in cummulative_sum\n    return sum(test_list)\nTypeError: unsupported operand type(s) for +: 'int' and 'tuple'\n",
      "exit_code": 1,
      "status": "Exception"
    },
    {
      "program": "from typing import List, Tuple\n\ndef cummulative_sum(test_list: List[Tuple[int]]) -> int:\n    \"\"\"\n\tWrite a function to find the cumulative sum of all the values that are present in the given tuple list.\n\t\"\"\"\n    return sum(test_list)\n\ndef check(candidate):\n    assert candidate([(1, 3), (5, 6, 7), (2, 6)]) == 30\n    assert candidate([(2, 4), (6, 7, 8), (3, 7)]) == 37\n    assert candidate([(3, 5), (7, 8, 9), (4, 8)]) == 44\n\ndef test_check():\n    check(cummulative_sum)\n\ntest_check()\n",
      "timestamp": 1665517167,
      "stdout": "",
      "stderr": "Traceback (most recent call last):\n  File \"/tmp/tmpvwk4sjo4.py\", line 17, in <module>\n    test_check()\n  File \"/tmp/tmpvwk4sjo4.py\", line 15, in test_check\n    check(cummulative_sum)\n  File \"/tmp/tmpvwk4sjo4.py\", line 10, in check\n    assert candidate([(1, 3), (5, 6, 7), (2, 6)]) == 30\n  File \"/tmp/tmpvwk4sjo4.py\", line 7, in cummulative_sum\n    return sum(test_list)\nTypeError: unsupported operand type(s) for +: 'int' and 'tuple'\n",
      "exit_code": 1,
      "status": "Exception"
    },
    {
      "program": "from typing import List, Tuple\n\ndef cummulative_sum(test_list: List[Tuple[int]]) -> int:\n    \"\"\"\n\tWrite a function to find the cumulative sum of all the values that are present in the given tuple list.\n\t\"\"\"\n    return sum(test_list)\n\ndef check(candidate):\n    assert candidate([(1, 3), (5, 6, 7), (2, 6)]) == 30\n    assert candidate([(2, 4), (6, 7, 8), (3, 7)]) == 37\n    assert candidate([(3, 5), (7, 8, 9), (4, 8)]) == 44\n\ndef test_check():\n    check(cummulative_sum)\n\ntest_check()\n",
      "timestamp": 1665517167,
      "stdout": "",
      "stderr": "Traceback (most recent call last):\n  File \"/tmp/tmpvwk4sjo4.py\", line 17, in <module>\n    test_check()\n  File \"/tmp/tmpvwk4sjo4.py\", line 15, in test_check\n    check(cummulative_sum)\n  File \"/tmp/tmpvwk4sjo4.py\", line 10, in check\n    assert candidate([(1, 3), (5, 6, 7), (2, 6)]) == 30\n  File \"/tmp/tmpvwk4sjo4.py\", line 7, in cummulative_sum\n    return sum(test_list)\nTypeError: unsupported operand type(s) for +: 'int' and 'tuple'\n",
      "exit_code": 1,
      "status": "Exception"
    },
    {
      "program": "from typing import List, Tuple\n\ndef cummulative_sum(test_list: List[Tuple[int]]) -> int:\n    \"\"\"\n\tWrite a function to find the cumulative sum of all the values that are present in the given tuple list.\n\t\"\"\"\n    return sum(test_list)\ndef check(candidate):\n    assert candidate([(1, 3), (5, 6, 7), (2, 6)]) == 30\n    assert candidate([(2, 4), (6, 7, 8), (3, 7)]) == 37\n    assert candidate([(3, 5), (7, 8, 9), (4, 8)]) == 44\n\ndef test_check():\n    check(cummulative_sum)\n\ntest_check()\n",
      "timestamp": 1666122553,
      "stdout": "",
      "stderr": "Traceback (most recent call last):\n  File \"/tmp/tmpnhlhurcy.py\", line 16, in <module>\n    test_check()\n  File \"/tmp/tmpnhlhurcy.py\", line 14, in test_check\n    check(cummulative_sum)\n  File \"/tmp/tmpnhlhurcy.py\", line 9, in check\n    assert candidate([(1, 3), (5, 6, 7), (2, 6)]) == 30\n  File \"/tmp/tmpnhlhurcy.py\", line 7, in cummulative_sum\n    return sum(test_list)\nTypeError: unsupported operand type(s) for +: 'int' and 'tuple'\n",
      "exit_code": 1,
      "status": "Exception"
    },
    {
      "program": "from typing import List, Tuple\n\ndef cummulative_sum(test_list: List[Tuple[int]]) -> int:\n    \"\"\"\n\tWrite a function to find the cumulative sum of all the values that are present in the given tuple list.\n\t\"\"\"\n    return sum(test_list)\n\ndef check(candidate):\n    assert candidate([(1, 3), (5, 6, 7), (2, 6)]) == 30\n    assert candidate([(2, 4), (6, 7, 8), (3, 7)]) == 37\n    assert candidate([(3, 5), (7, 8, 9), (4, 8)]) == 44\n\ndef test_check():\n    check(cummulative_sum)\n\ntest_check()\n",
      "timestamp": 1665517167,
      "stdout": "",
      "stderr": "Traceback (most recent call last):\n  File \"/tmp/tmpvwk4sjo4.py\", line 17, in <module>\n    test_check()\n  File \"/tmp/tmpvwk4sjo4.py\", line 15, in test_check\n    check(cummulative_sum)\n  File \"/tmp/tmpvwk4sjo4.py\", line 10, in check\n    assert candidate([(1, 3), (5, 6, 7), (2, 6)]) == 30\n  File \"/tmp/tmpvwk4sjo4.py\", line 7, in cummulative_sum\n    return sum(test_list)\nTypeError: unsupported operand type(s) for +: 'int' and 'tuple'\n",
      "exit_code": 1,
      "status": "Exception"
    }
  ]
}