{
  "name": "mbpp_16_text_lowercase_underscore",
  "language": "py",
  "prompt": "def text_lowercase_underscore(text: str) -> bool:\n    \"\"\"\n\tWrite a function to that returns true if the input string contains sequences of lowercase letters joined with an underscore and false otherwise.\n\t\"\"\"\n",
  "doctests": "transform",
  "original": "/home/arjun/repos/MultiPL-E/datasets/../datasets/mbpp-typed/mbpp_16_text_lowercase_underscore.py",
  "prompt_terminology": "reworded",
  "tests": "def check(candidate):\n    assert candidate('aab_cbbbc') == True\n    assert candidate('aab_Abbbc') == False\n    assert candidate('Aaab_abbbc') == False\n\ndef test_check():\n    check(text_lowercase_underscore)\n\ntest_check()\n",
  "stop_tokens": [
    "\ndef",
    "\n#",
    "\nif",
    "\nclass"
  ],
  "results": [
    {
      "program": "def text_lowercase_underscore(text: str) -> bool:\n    \"\"\"\n\tWrite a function to that returns true if the input string contains sequences of lowercase letters joined with an underscore and false otherwise.\n\t\"\"\"\n    return bool(re.search(r\"[a-z]+_[a-z]+\", text))\n\n\ndef check(candidate):\n    assert candidate('aab_cbbbc') == True\n    assert candidate('aab_Abbbc') == False\n    assert candidate('Aaab_abbbc') == False\n\ndef test_check():\n    check(text_lowercase_underscore)\n\ntest_check()\n",
      "timestamp": 1665510546,
      "stdout": "",
      "stderr": "Traceback (most recent call last):\n  File \"/tmp/tmpf_pjg773.py\", line 16, in <module>\n    test_check()\n  File \"/tmp/tmpf_pjg773.py\", line 14, in test_check\n    check(text_lowercase_underscore)\n  File \"/tmp/tmpf_pjg773.py\", line 9, in check\n    assert candidate('aab_cbbbc') == True\n  File \"/tmp/tmpf_pjg773.py\", line 5, in text_lowercase_underscore\n    return bool(re.search(r\"[a-z]+_[a-z]+\", text))\nNameError: name 're' is not defined\n",
      "exit_code": 1,
      "status": "Exception"
    },
    {
      "program": "def text_lowercase_underscore(text: str) -> bool:\n    \"\"\"\n\tWrite a function to that returns true if the input string contains sequences of lowercase letters joined with an underscore and false otherwise.\n\t\"\"\"\n    return bool(re.match(r\"[a-z]+_[a-z]+\", text))\n\n\ndef check(candidate):\n    assert candidate('aab_cbbbc') == True\n    assert candidate('aab_Abbbc') == False\n    assert candidate('Aaab_abbbc') == False\n\ndef test_check():\n    check(text_lowercase_underscore)\n\ntest_check()\n",
      "timestamp": 1665510546,
      "stdout": "",
      "stderr": "Traceback (most recent call last):\n  File \"/tmp/tmpcuecu67i.py\", line 16, in <module>\n    test_check()\n  File \"/tmp/tmpcuecu67i.py\", line 14, in test_check\n    check(text_lowercase_underscore)\n  File \"/tmp/tmpcuecu67i.py\", line 9, in check\n    assert candidate('aab_cbbbc') == True\n  File \"/tmp/tmpcuecu67i.py\", line 5, in text_lowercase_underscore\n    return bool(re.match(r\"[a-z]+_[a-z]+\", text))\nNameError: name 're' is not defined\n",
      "exit_code": 1,
      "status": "Exception"
    },
    {
      "program": "def text_lowercase_underscore(text: str) -> bool:\n    \"\"\"\n\tWrite a function to that returns true if the input string contains sequences of lowercase letters joined with an underscore and false otherwise.\n\t\"\"\"\n    return bool(re.match(r\"^[a-z]+(_[a-z]+)*$\", text))\n\n\ndef check(candidate):\n    assert candidate('aab_cbbbc') == True\n    assert candidate('aab_Abbbc') == False\n    assert candidate('Aaab_abbbc') == False\n\ndef test_check():\n    check(text_lowercase_underscore)\n\ntest_check()\n",
      "timestamp": 1665510546,
      "stdout": "",
      "stderr": "Traceback (most recent call last):\n  File \"/tmp/tmpuzjdy4wu.py\", line 16, in <module>\n    test_check()\n  File \"/tmp/tmpuzjdy4wu.py\", line 14, in test_check\n    check(text_lowercase_underscore)\n  File \"/tmp/tmpuzjdy4wu.py\", line 9, in check\n    assert candidate('aab_cbbbc') == True\n  File \"/tmp/tmpuzjdy4wu.py\", line 5, in text_lowercase_underscore\n    return bool(re.match(r\"^[a-z]+(_[a-z]+)*$\", text))\nNameError: name 're' is not defined\n",
      "exit_code": 1,
      "status": "Exception"
    },
    {
      "program": "def text_lowercase_underscore(text: str) -> bool:\n    \"\"\"\n\tWrite a function to that returns true if the input string contains sequences of lowercase letters joined with an underscore and false otherwise.\n\t\"\"\"\n    return bool(re.match(r\"[a-z]+_[a-z]+\", text))\n\n\ndef check(candidate):\n    assert candidate('aab_cbbbc') == True\n    assert candidate('aab_Abbbc') == False\n    assert candidate('Aaab_abbbc') == False\n\ndef test_check():\n    check(text_lowercase_underscore)\n\ntest_check()\n",
      "timestamp": 1665510546,
      "stdout": "",
      "stderr": "Traceback (most recent call last):\n  File \"/tmp/tmpcuecu67i.py\", line 16, in <module>\n    test_check()\n  File \"/tmp/tmpcuecu67i.py\", line 14, in test_check\n    check(text_lowercase_underscore)\n  File \"/tmp/tmpcuecu67i.py\", line 9, in check\n    assert candidate('aab_cbbbc') == True\n  File \"/tmp/tmpcuecu67i.py\", line 5, in text_lowercase_underscore\n    return bool(re.match(r\"[a-z]+_[a-z]+\", text))\nNameError: name 're' is not defined\n",
      "exit_code": 1,
      "status": "Exception"
    },
    {
      "program": "def text_lowercase_underscore(text: str) -> bool:\n    \"\"\"\n\tWrite a function to that returns true if the input string contains sequences of lowercase letters joined with an underscore and false otherwise.\n\t\"\"\"\n    return bool(re.search(r\"[a-z]+_[a-z]+\", text))\n\n\ndef check(candidate):\n    assert candidate('aab_cbbbc') == True\n    assert candidate('aab_Abbbc') == False\n    assert candidate('Aaab_abbbc') == False\n\ndef test_check():\n    check(text_lowercase_underscore)\n\ntest_check()\n",
      "timestamp": 1665510546,
      "stdout": "",
      "stderr": "Traceback (most recent call last):\n  File \"/tmp/tmpf_pjg773.py\", line 16, in <module>\n    test_check()\n  File \"/tmp/tmpf_pjg773.py\", line 14, in test_check\n    check(text_lowercase_underscore)\n  File \"/tmp/tmpf_pjg773.py\", line 9, in check\n    assert candidate('aab_cbbbc') == True\n  File \"/tmp/tmpf_pjg773.py\", line 5, in text_lowercase_underscore\n    return bool(re.search(r\"[a-z]+_[a-z]+\", text))\nNameError: name 're' is not defined\n",
      "exit_code": 1,
      "status": "Exception"
    },
    {
      "program": "def text_lowercase_underscore(text: str) -> bool:\n    \"\"\"\n\tWrite a function to that returns true if the input string contains sequences of lowercase letters joined with an underscore and false otherwise.\n\t\"\"\"\n    return bool(re.match(r\"^[a-z]+(_[a-z]+)*$\", text))\n\n\ndef check(candidate):\n    assert candidate('aab_cbbbc') == True\n    assert candidate('aab_Abbbc') == False\n    assert candidate('Aaab_abbbc') == False\n\ndef test_check():\n    check(text_lowercase_underscore)\n\ntest_check()\n",
      "timestamp": 1665510546,
      "stdout": "",
      "stderr": "Traceback (most recent call last):\n  File \"/tmp/tmpuzjdy4wu.py\", line 16, in <module>\n    test_check()\n  File \"/tmp/tmpuzjdy4wu.py\", line 14, in test_check\n    check(text_lowercase_underscore)\n  File \"/tmp/tmpuzjdy4wu.py\", line 9, in check\n    assert candidate('aab_cbbbc') == True\n  File \"/tmp/tmpuzjdy4wu.py\", line 5, in text_lowercase_underscore\n    return bool(re.match(r\"^[a-z]+(_[a-z]+)*$\", text))\nNameError: name 're' is not defined\n",
      "exit_code": 1,
      "status": "Exception"
    },
    {
      "program": "def text_lowercase_underscore(text: str) -> bool:\n    \"\"\"\n\tWrite a function to that returns true if the input string contains sequences of lowercase letters joined with an underscore and false otherwise.\n\t\"\"\"\n    return bool(re.search(r\"^[a-z]+(_[a-z]+)*$\", text))\n\n\ndef check(candidate):\n    assert candidate('aab_cbbbc') == True\n    assert candidate('aab_Abbbc') == False\n    assert candidate('Aaab_abbbc') == False\n\ndef test_check():\n    check(text_lowercase_underscore)\n\ntest_check()\n",
      "timestamp": 1665510546,
      "stdout": "",
      "stderr": "Traceback (most recent call last):\n  File \"/tmp/tmpxclvp_et.py\", line 16, in <module>\n    test_check()\n  File \"/tmp/tmpxclvp_et.py\", line 14, in test_check\n    check(text_lowercase_underscore)\n  File \"/tmp/tmpxclvp_et.py\", line 9, in check\n    assert candidate('aab_cbbbc') == True\n  File \"/tmp/tmpxclvp_et.py\", line 5, in text_lowercase_underscore\n    return bool(re.search(r\"^[a-z]+(_[a-z]+)*$\", text))\nNameError: name 're' is not defined\n",
      "exit_code": 1,
      "status": "Exception"
    },
    {
      "program": "def text_lowercase_underscore(text: str) -> bool:\n    \"\"\"\n\tWrite a function to that returns true if the input string contains sequences of lowercase letters joined with an underscore and false otherwise.\n\t\"\"\"\n    return bool(re.search(r\"[a-z]+_[a-z]+\", text))\n\n\ndef check(candidate):\n    assert candidate('aab_cbbbc') == True\n    assert candidate('aab_Abbbc') == False\n    assert candidate('Aaab_abbbc') == False\n\ndef test_check():\n    check(text_lowercase_underscore)\n\ntest_check()\n",
      "timestamp": 1665510546,
      "stdout": "",
      "stderr": "Traceback (most recent call last):\n  File \"/tmp/tmpf_pjg773.py\", line 16, in <module>\n    test_check()\n  File \"/tmp/tmpf_pjg773.py\", line 14, in test_check\n    check(text_lowercase_underscore)\n  File \"/tmp/tmpf_pjg773.py\", line 9, in check\n    assert candidate('aab_cbbbc') == True\n  File \"/tmp/tmpf_pjg773.py\", line 5, in text_lowercase_underscore\n    return bool(re.search(r\"[a-z]+_[a-z]+\", text))\nNameError: name 're' is not defined\n",
      "exit_code": 1,
      "status": "Exception"
    },
    {
      "program": "def text_lowercase_underscore(text: str) -> bool:\n    \"\"\"\n\tWrite a function to that returns true if the input string contains sequences of lowercase letters joined with an underscore and false otherwise.\n\t\"\"\"\n    return bool(re.match(r\"[a-z]+_[a-z]+\", text))\n\n\ndef check(candidate):\n    assert candidate('aab_cbbbc') == True\n    assert candidate('aab_Abbbc') == False\n    assert candidate('Aaab_abbbc') == False\n\ndef test_check():\n    check(text_lowercase_underscore)\n\ntest_check()\n",
      "timestamp": 1665510546,
      "stdout": "",
      "stderr": "Traceback (most recent call last):\n  File \"/tmp/tmpcuecu67i.py\", line 16, in <module>\n    test_check()\n  File \"/tmp/tmpcuecu67i.py\", line 14, in test_check\n    check(text_lowercase_underscore)\n  File \"/tmp/tmpcuecu67i.py\", line 9, in check\n    assert candidate('aab_cbbbc') == True\n  File \"/tmp/tmpcuecu67i.py\", line 5, in text_lowercase_underscore\n    return bool(re.match(r\"[a-z]+_[a-z]+\", text))\nNameError: name 're' is not defined\n",
      "exit_code": 1,
      "status": "Exception"
    },
    {
      "program": "def text_lowercase_underscore(text: str) -> bool:\n    \"\"\"\n\tWrite a function to that returns true if the input string contains sequences of lowercase letters joined with an underscore and false otherwise.\n\t\"\"\"\n    return bool(re.match(r\"^[a-z]+(_[a-z]+)*$\", text))\n\n\ndef check(candidate):\n    assert candidate('aab_cbbbc') == True\n    assert candidate('aab_Abbbc') == False\n    assert candidate('Aaab_abbbc') == False\n\ndef test_check():\n    check(text_lowercase_underscore)\n\ntest_check()\n",
      "timestamp": 1665510546,
      "stdout": "",
      "stderr": "Traceback (most recent call last):\n  File \"/tmp/tmpuzjdy4wu.py\", line 16, in <module>\n    test_check()\n  File \"/tmp/tmpuzjdy4wu.py\", line 14, in test_check\n    check(text_lowercase_underscore)\n  File \"/tmp/tmpuzjdy4wu.py\", line 9, in check\n    assert candidate('aab_cbbbc') == True\n  File \"/tmp/tmpuzjdy4wu.py\", line 5, in text_lowercase_underscore\n    return bool(re.match(r\"^[a-z]+(_[a-z]+)*$\", text))\nNameError: name 're' is not defined\n",
      "exit_code": 1,
      "status": "Exception"
    },
    {
      "program": "def text_lowercase_underscore(text: str) -> bool:\n    \"\"\"\n\tWrite a function to that returns true if the input string contains sequences of lowercase letters joined with an underscore and false otherwise.\n\t\"\"\"\n    return bool(re.search(r\"[a-z]+_[a-z]+\", text))\n\n\ndef check(candidate):\n    assert candidate('aab_cbbbc') == True\n    assert candidate('aab_Abbbc') == False\n    assert candidate('Aaab_abbbc') == False\n\ndef test_check():\n    check(text_lowercase_underscore)\n\ntest_check()\n",
      "timestamp": 1665510546,
      "stdout": "",
      "stderr": "Traceback (most recent call last):\n  File \"/tmp/tmpf_pjg773.py\", line 16, in <module>\n    test_check()\n  File \"/tmp/tmpf_pjg773.py\", line 14, in test_check\n    check(text_lowercase_underscore)\n  File \"/tmp/tmpf_pjg773.py\", line 9, in check\n    assert candidate('aab_cbbbc') == True\n  File \"/tmp/tmpf_pjg773.py\", line 5, in text_lowercase_underscore\n    return bool(re.search(r\"[a-z]+_[a-z]+\", text))\nNameError: name 're' is not defined\n",
      "exit_code": 1,
      "status": "Exception"
    },
    {
      "program": "def text_lowercase_underscore(text: str) -> bool:\n    \"\"\"\n\tWrite a function to that returns true if the input string contains sequences of lowercase letters joined with an underscore and false otherwise.\n\t\"\"\"\n    return bool(re.match(r\"^[a-z]+(_[a-z]+)*$\", text))\n\n\ndef check(candidate):\n    assert candidate('aab_cbbbc') == True\n    assert candidate('aab_Abbbc') == False\n    assert candidate('Aaab_abbbc') == False\n\ndef test_check():\n    check(text_lowercase_underscore)\n\ntest_check()\n",
      "timestamp": 1665510546,
      "stdout": "",
      "stderr": "Traceback (most recent call last):\n  File \"/tmp/tmpuzjdy4wu.py\", line 16, in <module>\n    test_check()\n  File \"/tmp/tmpuzjdy4wu.py\", line 14, in test_check\n    check(text_lowercase_underscore)\n  File \"/tmp/tmpuzjdy4wu.py\", line 9, in check\n    assert candidate('aab_cbbbc') == True\n  File \"/tmp/tmpuzjdy4wu.py\", line 5, in text_lowercase_underscore\n    return bool(re.match(r\"^[a-z]+(_[a-z]+)*$\", text))\nNameError: name 're' is not defined\n",
      "exit_code": 1,
      "status": "Exception"
    },
    {
      "program": "def text_lowercase_underscore(text: str) -> bool:\n    \"\"\"\n\tWrite a function to that returns true if the input string contains sequences of lowercase letters joined with an underscore and false otherwise.\n\t\"\"\"\n    if re.search(r\"[a-z]+_[a-z]+\", text):\n        return True\n    else:\n        return False\n\n\ndef check(candidate):\n    assert candidate('aab_cbbbc') == True\n    assert candidate('aab_Abbbc') == False\n    assert candidate('Aaab_abbbc') == False\n\ndef test_check():\n    check(text_lowercase_underscore)\n\ntest_check()\n",
      "timestamp": 1665510546,
      "stdout": "",
      "stderr": "Traceback (most recent call last):\n  File \"/tmp/tmp5rb5dus8.py\", line 19, in <module>\n    test_check()\n  File \"/tmp/tmp5rb5dus8.py\", line 17, in test_check\n    check(text_lowercase_underscore)\n  File \"/tmp/tmp5rb5dus8.py\", line 12, in check\n    assert candidate('aab_cbbbc') == True\n  File \"/tmp/tmp5rb5dus8.py\", line 5, in text_lowercase_underscore\n    if re.search(r\"[a-z]+_[a-z]+\", text):\nNameError: name 're' is not defined\n",
      "exit_code": 1,
      "status": "Exception"
    },
    {
      "program": "def text_lowercase_underscore(text: str) -> bool:\n    \"\"\"\n\tWrite a function to that returns true if the input string contains sequences of lowercase letters joined with an underscore and false otherwise.\n\t\"\"\"\n    return bool(re.match(r\"[a-z]+_[a-z]+\", text))\n\n\ndef check(candidate):\n    assert candidate('aab_cbbbc') == True\n    assert candidate('aab_Abbbc') == False\n    assert candidate('Aaab_abbbc') == False\n\ndef test_check():\n    check(text_lowercase_underscore)\n\ntest_check()\n",
      "timestamp": 1665510546,
      "stdout": "",
      "stderr": "Traceback (most recent call last):\n  File \"/tmp/tmpcuecu67i.py\", line 16, in <module>\n    test_check()\n  File \"/tmp/tmpcuecu67i.py\", line 14, in test_check\n    check(text_lowercase_underscore)\n  File \"/tmp/tmpcuecu67i.py\", line 9, in check\n    assert candidate('aab_cbbbc') == True\n  File \"/tmp/tmpcuecu67i.py\", line 5, in text_lowercase_underscore\n    return bool(re.match(r\"[a-z]+_[a-z]+\", text))\nNameError: name 're' is not defined\n",
      "exit_code": 1,
      "status": "Exception"
    },
    {
      "program": "def text_lowercase_underscore(text: str) -> bool:\n    \"\"\"\n\tWrite a function to that returns true if the input string contains sequences of lowercase letters joined with an underscore and false otherwise.\n\t\"\"\"\n    return bool(re.match(r\"[a-z]+_[a-z]+\", text))\n\n\ndef check(candidate):\n    assert candidate('aab_cbbbc') == True\n    assert candidate('aab_Abbbc') == False\n    assert candidate('Aaab_abbbc') == False\n\ndef test_check():\n    check(text_lowercase_underscore)\n\ntest_check()\n",
      "timestamp": 1665510546,
      "stdout": "",
      "stderr": "Traceback (most recent call last):\n  File \"/tmp/tmpcuecu67i.py\", line 16, in <module>\n    test_check()\n  File \"/tmp/tmpcuecu67i.py\", line 14, in test_check\n    check(text_lowercase_underscore)\n  File \"/tmp/tmpcuecu67i.py\", line 9, in check\n    assert candidate('aab_cbbbc') == True\n  File \"/tmp/tmpcuecu67i.py\", line 5, in text_lowercase_underscore\n    return bool(re.match(r\"[a-z]+_[a-z]+\", text))\nNameError: name 're' is not defined\n",
      "exit_code": 1,
      "status": "Exception"
    },
    {
      "program": "def text_lowercase_underscore(text: str) -> bool:\n    \"\"\"\n\tWrite a function to that returns true if the input string contains sequences of lowercase letters joined with an underscore and false otherwise.\n\t\"\"\"\n    return bool(re.search(r\"[a-z]+_[a-z]+\", text))\n\n\ndef check(candidate):\n    assert candidate('aab_cbbbc') == True\n    assert candidate('aab_Abbbc') == False\n    assert candidate('Aaab_abbbc') == False\n\ndef test_check():\n    check(text_lowercase_underscore)\n\ntest_check()\n",
      "timestamp": 1665510546,
      "stdout": "",
      "stderr": "Traceback (most recent call last):\n  File \"/tmp/tmpf_pjg773.py\", line 16, in <module>\n    test_check()\n  File \"/tmp/tmpf_pjg773.py\", line 14, in test_check\n    check(text_lowercase_underscore)\n  File \"/tmp/tmpf_pjg773.py\", line 9, in check\n    assert candidate('aab_cbbbc') == True\n  File \"/tmp/tmpf_pjg773.py\", line 5, in text_lowercase_underscore\n    return bool(re.search(r\"[a-z]+_[a-z]+\", text))\nNameError: name 're' is not defined\n",
      "exit_code": 1,
      "status": "Exception"
    },
    {
      "program": "def text_lowercase_underscore(text: str) -> bool:\n    \"\"\"\n\tWrite a function to that returns true if the input string contains sequences of lowercase letters joined with an underscore and false otherwise.\n\t\"\"\"\n    return bool(re.search(r\"[a-z]+_[a-z]+\", text))\n\n\ndef check(candidate):\n    assert candidate('aab_cbbbc') == True\n    assert candidate('aab_Abbbc') == False\n    assert candidate('Aaab_abbbc') == False\n\ndef test_check():\n    check(text_lowercase_underscore)\n\ntest_check()\n",
      "timestamp": 1665510546,
      "stdout": "",
      "stderr": "Traceback (most recent call last):\n  File \"/tmp/tmpf_pjg773.py\", line 16, in <module>\n    test_check()\n  File \"/tmp/tmpf_pjg773.py\", line 14, in test_check\n    check(text_lowercase_underscore)\n  File \"/tmp/tmpf_pjg773.py\", line 9, in check\n    assert candidate('aab_cbbbc') == True\n  File \"/tmp/tmpf_pjg773.py\", line 5, in text_lowercase_underscore\n    return bool(re.search(r\"[a-z]+_[a-z]+\", text))\nNameError: name 're' is not defined\n",
      "exit_code": 1,
      "status": "Exception"
    },
    {
      "program": "def text_lowercase_underscore(text: str) -> bool:\n    \"\"\"\n\tWrite a function to that returns true if the input string contains sequences of lowercase letters joined with an underscore and false otherwise.\n\t\"\"\"\n    return bool(re.match(r\"[a-z]+_[a-z]+\", text))\n\n\ndef check(candidate):\n    assert candidate('aab_cbbbc') == True\n    assert candidate('aab_Abbbc') == False\n    assert candidate('Aaab_abbbc') == False\n\ndef test_check():\n    check(text_lowercase_underscore)\n\ntest_check()\n",
      "timestamp": 1665510546,
      "stdout": "",
      "stderr": "Traceback (most recent call last):\n  File \"/tmp/tmpcuecu67i.py\", line 16, in <module>\n    test_check()\n  File \"/tmp/tmpcuecu67i.py\", line 14, in test_check\n    check(text_lowercase_underscore)\n  File \"/tmp/tmpcuecu67i.py\", line 9, in check\n    assert candidate('aab_cbbbc') == True\n  File \"/tmp/tmpcuecu67i.py\", line 5, in text_lowercase_underscore\n    return bool(re.match(r\"[a-z]+_[a-z]+\", text))\nNameError: name 're' is not defined\n",
      "exit_code": 1,
      "status": "Exception"
    },
    {
      "program": "def text_lowercase_underscore(text: str) -> bool:\n    \"\"\"\n\tWrite a function to that returns true if the input string contains sequences of lowercase letters joined with an underscore and false otherwise.\n\t\"\"\"\n    return bool(re.search(r\"[a-z]+_[a-z]+\", text))\n\n\ndef check(candidate):\n    assert candidate('aab_cbbbc') == True\n    assert candidate('aab_Abbbc') == False\n    assert candidate('Aaab_abbbc') == False\n\ndef test_check():\n    check(text_lowercase_underscore)\n\ntest_check()\n",
      "timestamp": 1665510546,
      "stdout": "",
      "stderr": "Traceback (most recent call last):\n  File \"/tmp/tmpf_pjg773.py\", line 16, in <module>\n    test_check()\n  File \"/tmp/tmpf_pjg773.py\", line 14, in test_check\n    check(text_lowercase_underscore)\n  File \"/tmp/tmpf_pjg773.py\", line 9, in check\n    assert candidate('aab_cbbbc') == True\n  File \"/tmp/tmpf_pjg773.py\", line 5, in text_lowercase_underscore\n    return bool(re.search(r\"[a-z]+_[a-z]+\", text))\nNameError: name 're' is not defined\n",
      "exit_code": 1,
      "status": "Exception"
    },
    {
      "program": "def text_lowercase_underscore(text: str) -> bool:\n    \"\"\"\n\tWrite a function to that returns true if the input string contains sequences of lowercase letters joined with an underscore and false otherwise.\n\t\"\"\"\n    return bool(re.match(r\"^[a-z]+(_[a-z]+)*$\", text))\n\n\ndef check(candidate):\n    assert candidate('aab_cbbbc') == True\n    assert candidate('aab_Abbbc') == False\n    assert candidate('Aaab_abbbc') == False\n\ndef test_check():\n    check(text_lowercase_underscore)\n\ntest_check()\n",
      "timestamp": 1665510546,
      "stdout": "",
      "stderr": "Traceback (most recent call last):\n  File \"/tmp/tmpuzjdy4wu.py\", line 16, in <module>\n    test_check()\n  File \"/tmp/tmpuzjdy4wu.py\", line 14, in test_check\n    check(text_lowercase_underscore)\n  File \"/tmp/tmpuzjdy4wu.py\", line 9, in check\n    assert candidate('aab_cbbbc') == True\n  File \"/tmp/tmpuzjdy4wu.py\", line 5, in text_lowercase_underscore\n    return bool(re.match(r\"^[a-z]+(_[a-z]+)*$\", text))\nNameError: name 're' is not defined\n",
      "exit_code": 1,
      "status": "Exception"
    },
    {
      "program": "def text_lowercase_underscore(text: str) -> bool:\n    \"\"\"\n\tWrite a function to that returns true if the input string contains sequences of lowercase letters joined with an underscore and false otherwise.\n\t\"\"\"\n    return bool(re.search(r\"[a-z]+_[a-z]+\", text))\n\n\ndef check(candidate):\n    assert candidate('aab_cbbbc') == True\n    assert candidate('aab_Abbbc') == False\n    assert candidate('Aaab_abbbc') == False\n\ndef test_check():\n    check(text_lowercase_underscore)\n\ntest_check()\n",
      "timestamp": 1665510546,
      "stdout": "",
      "stderr": "Traceback (most recent call last):\n  File \"/tmp/tmpf_pjg773.py\", line 16, in <module>\n    test_check()\n  File \"/tmp/tmpf_pjg773.py\", line 14, in test_check\n    check(text_lowercase_underscore)\n  File \"/tmp/tmpf_pjg773.py\", line 9, in check\n    assert candidate('aab_cbbbc') == True\n  File \"/tmp/tmpf_pjg773.py\", line 5, in text_lowercase_underscore\n    return bool(re.search(r\"[a-z]+_[a-z]+\", text))\nNameError: name 're' is not defined\n",
      "exit_code": 1,
      "status": "Exception"
    },
    {
      "program": "def text_lowercase_underscore(text: str) -> bool:\n    \"\"\"\n\tWrite a function to that returns true if the input string contains sequences of lowercase letters joined with an underscore and false otherwise.\n\t\"\"\"\n    return bool(re.search(r\"^[a-z]+(_[a-z]+)*$\", text))\n\n\ndef check(candidate):\n    assert candidate('aab_cbbbc') == True\n    assert candidate('aab_Abbbc') == False\n    assert candidate('Aaab_abbbc') == False\n\ndef test_check():\n    check(text_lowercase_underscore)\n\ntest_check()\n",
      "timestamp": 1665510546,
      "stdout": "",
      "stderr": "Traceback (most recent call last):\n  File \"/tmp/tmpxclvp_et.py\", line 16, in <module>\n    test_check()\n  File \"/tmp/tmpxclvp_et.py\", line 14, in test_check\n    check(text_lowercase_underscore)\n  File \"/tmp/tmpxclvp_et.py\", line 9, in check\n    assert candidate('aab_cbbbc') == True\n  File \"/tmp/tmpxclvp_et.py\", line 5, in text_lowercase_underscore\n    return bool(re.search(r\"^[a-z]+(_[a-z]+)*$\", text))\nNameError: name 're' is not defined\n",
      "exit_code": 1,
      "status": "Exception"
    },
    {
      "program": "def text_lowercase_underscore(text: str) -> bool:\n    \"\"\"\n\tWrite a function to that returns true if the input string contains sequences of lowercase letters joined with an underscore and false otherwise.\n\t\"\"\"\n    return bool(re.match(r\"[a-z]+(_[a-z]+)*\", text))\n\n\ndef check(candidate):\n    assert candidate('aab_cbbbc') == True\n    assert candidate('aab_Abbbc') == False\n    assert candidate('Aaab_abbbc') == False\n\ndef test_check():\n    check(text_lowercase_underscore)\n\ntest_check()\n",
      "timestamp": 1666123367,
      "stdout": "",
      "stderr": "Traceback (most recent call last):\n  File \"/tmp/tmpnog9_xkk.py\", line 16, in <module>\n    test_check()\n  File \"/tmp/tmpnog9_xkk.py\", line 14, in test_check\n    check(text_lowercase_underscore)\n  File \"/tmp/tmpnog9_xkk.py\", line 9, in check\n    assert candidate('aab_cbbbc') == True\n  File \"/tmp/tmpnog9_xkk.py\", line 5, in text_lowercase_underscore\n    return bool(re.match(r\"[a-z]+(_[a-z]+)*\", text))\nNameError: name 're' is not defined\n",
      "exit_code": 1,
      "status": "Exception"
    },
    {
      "program": "def text_lowercase_underscore(text: str) -> bool:\n    \"\"\"\n\tWrite a function to that returns true if the input string contains sequences of lowercase letters joined with an underscore and false otherwise.\n\t\"\"\"\n    return bool(re.search(r\"[a-z]+_[a-z]+\", text))\n\n\ndef check(candidate):\n    assert candidate('aab_cbbbc') == True\n    assert candidate('aab_Abbbc') == False\n    assert candidate('Aaab_abbbc') == False\n\ndef test_check():\n    check(text_lowercase_underscore)\n\ntest_check()\n",
      "timestamp": 1665510546,
      "stdout": "",
      "stderr": "Traceback (most recent call last):\n  File \"/tmp/tmpf_pjg773.py\", line 16, in <module>\n    test_check()\n  File \"/tmp/tmpf_pjg773.py\", line 14, in test_check\n    check(text_lowercase_underscore)\n  File \"/tmp/tmpf_pjg773.py\", line 9, in check\n    assert candidate('aab_cbbbc') == True\n  File \"/tmp/tmpf_pjg773.py\", line 5, in text_lowercase_underscore\n    return bool(re.search(r\"[a-z]+_[a-z]+\", text))\nNameError: name 're' is not defined\n",
      "exit_code": 1,
      "status": "Exception"
    },
    {
      "program": "def text_lowercase_underscore(text: str) -> bool:\n    \"\"\"\n\tWrite a function to that returns true if the input string contains sequences of lowercase letters joined with an underscore and false otherwise.\n\t\"\"\"\n    return re.match(r\"[a-z]+_[a-z]+\", text) is not None\n\n\ndef check(candidate):\n    assert candidate('aab_cbbbc') == True\n    assert candidate('aab_Abbbc') == False\n    assert candidate('Aaab_abbbc') == False\n\ndef test_check():\n    check(text_lowercase_underscore)\n\ntest_check()\n",
      "timestamp": 1666123367,
      "stdout": "",
      "stderr": "Traceback (most recent call last):\n  File \"/tmp/tmpe8dhuojq.py\", line 16, in <module>\n    test_check()\n  File \"/tmp/tmpe8dhuojq.py\", line 14, in test_check\n    check(text_lowercase_underscore)\n  File \"/tmp/tmpe8dhuojq.py\", line 9, in check\n    assert candidate('aab_cbbbc') == True\n  File \"/tmp/tmpe8dhuojq.py\", line 5, in text_lowercase_underscore\n    return re.match(r\"[a-z]+_[a-z]+\", text) is not None\nNameError: name 're' is not defined\n",
      "exit_code": 1,
      "status": "Exception"
    },
    {
      "program": "def text_lowercase_underscore(text: str) -> bool:\n    \"\"\"\n\tWrite a function to that returns true if the input string contains sequences of lowercase letters joined with an underscore and false otherwise.\n\t\"\"\"\n    return bool(re.match(r\"^[a-z]+(_[a-z]+)*$\", text))\n\n\ndef check(candidate):\n    assert candidate('aab_cbbbc') == True\n    assert candidate('aab_Abbbc') == False\n    assert candidate('Aaab_abbbc') == False\n\ndef test_check():\n    check(text_lowercase_underscore)\n\ntest_check()\n",
      "timestamp": 1665510546,
      "stdout": "",
      "stderr": "Traceback (most recent call last):\n  File \"/tmp/tmpuzjdy4wu.py\", line 16, in <module>\n    test_check()\n  File \"/tmp/tmpuzjdy4wu.py\", line 14, in test_check\n    check(text_lowercase_underscore)\n  File \"/tmp/tmpuzjdy4wu.py\", line 9, in check\n    assert candidate('aab_cbbbc') == True\n  File \"/tmp/tmpuzjdy4wu.py\", line 5, in text_lowercase_underscore\n    return bool(re.match(r\"^[a-z]+(_[a-z]+)*$\", text))\nNameError: name 're' is not defined\n",
      "exit_code": 1,
      "status": "Exception"
    },
    {
      "program": "def text_lowercase_underscore(text: str) -> bool:\n    \"\"\"\n\tWrite a function to that returns true if the input string contains sequences of lowercase letters joined with an underscore and false otherwise.\n\t\"\"\"\n    return bool(re.match(r\"[a-z]+_[a-z]+\", text))\n\n\ndef check(candidate):\n    assert candidate('aab_cbbbc') == True\n    assert candidate('aab_Abbbc') == False\n    assert candidate('Aaab_abbbc') == False\n\ndef test_check():\n    check(text_lowercase_underscore)\n\ntest_check()\n",
      "timestamp": 1665510546,
      "stdout": "",
      "stderr": "Traceback (most recent call last):\n  File \"/tmp/tmpcuecu67i.py\", line 16, in <module>\n    test_check()\n  File \"/tmp/tmpcuecu67i.py\", line 14, in test_check\n    check(text_lowercase_underscore)\n  File \"/tmp/tmpcuecu67i.py\", line 9, in check\n    assert candidate('aab_cbbbc') == True\n  File \"/tmp/tmpcuecu67i.py\", line 5, in text_lowercase_underscore\n    return bool(re.match(r\"[a-z]+_[a-z]+\", text))\nNameError: name 're' is not defined\n",
      "exit_code": 1,
      "status": "Exception"
    },
    {
      "program": "def text_lowercase_underscore(text: str) -> bool:\n    \"\"\"\n\tWrite a function to that returns true if the input string contains sequences of lowercase letters joined with an underscore and false otherwise.\n\t\"\"\"\n    return bool(re.search(r\"[a-z]+_[a-z]+\", text))\n\n\ndef check(candidate):\n    assert candidate('aab_cbbbc') == True\n    assert candidate('aab_Abbbc') == False\n    assert candidate('Aaab_abbbc') == False\n\ndef test_check():\n    check(text_lowercase_underscore)\n\ntest_check()\n",
      "timestamp": 1665510546,
      "stdout": "",
      "stderr": "Traceback (most recent call last):\n  File \"/tmp/tmpf_pjg773.py\", line 16, in <module>\n    test_check()\n  File \"/tmp/tmpf_pjg773.py\", line 14, in test_check\n    check(text_lowercase_underscore)\n  File \"/tmp/tmpf_pjg773.py\", line 9, in check\n    assert candidate('aab_cbbbc') == True\n  File \"/tmp/tmpf_pjg773.py\", line 5, in text_lowercase_underscore\n    return bool(re.search(r\"[a-z]+_[a-z]+\", text))\nNameError: name 're' is not defined\n",
      "exit_code": 1,
      "status": "Exception"
    },
    {
      "program": "def text_lowercase_underscore(text: str) -> bool:\n    \"\"\"\n\tWrite a function to that returns true if the input string contains sequences of lowercase letters joined with an underscore and false otherwise.\n\t\"\"\"\n    return bool(re.match(r\"[a-z]+_[a-z]+\", text))\n\n\ndef check(candidate):\n    assert candidate('aab_cbbbc') == True\n    assert candidate('aab_Abbbc') == False\n    assert candidate('Aaab_abbbc') == False\n\ndef test_check():\n    check(text_lowercase_underscore)\n\ntest_check()\n",
      "timestamp": 1665510546,
      "stdout": "",
      "stderr": "Traceback (most recent call last):\n  File \"/tmp/tmpcuecu67i.py\", line 16, in <module>\n    test_check()\n  File \"/tmp/tmpcuecu67i.py\", line 14, in test_check\n    check(text_lowercase_underscore)\n  File \"/tmp/tmpcuecu67i.py\", line 9, in check\n    assert candidate('aab_cbbbc') == True\n  File \"/tmp/tmpcuecu67i.py\", line 5, in text_lowercase_underscore\n    return bool(re.match(r\"[a-z]+_[a-z]+\", text))\nNameError: name 're' is not defined\n",
      "exit_code": 1,
      "status": "Exception"
    },
    {
      "program": "def text_lowercase_underscore(text: str) -> bool:\n    \"\"\"\n\tWrite a function to that returns true if the input string contains sequences of lowercase letters joined with an underscore and false otherwise.\n\t\"\"\"\n    return bool(re.match(r\"[a-z]+(_[a-z]+)*\", text))\n\n\ndef check(candidate):\n    assert candidate('aab_cbbbc') == True\n    assert candidate('aab_Abbbc') == False\n    assert candidate('Aaab_abbbc') == False\n\ndef test_check():\n    check(text_lowercase_underscore)\n\ntest_check()\n",
      "timestamp": 1666123367,
      "stdout": "",
      "stderr": "Traceback (most recent call last):\n  File \"/tmp/tmpnog9_xkk.py\", line 16, in <module>\n    test_check()\n  File \"/tmp/tmpnog9_xkk.py\", line 14, in test_check\n    check(text_lowercase_underscore)\n  File \"/tmp/tmpnog9_xkk.py\", line 9, in check\n    assert candidate('aab_cbbbc') == True\n  File \"/tmp/tmpnog9_xkk.py\", line 5, in text_lowercase_underscore\n    return bool(re.match(r\"[a-z]+(_[a-z]+)*\", text))\nNameError: name 're' is not defined\n",
      "exit_code": 1,
      "status": "Exception"
    },
    {
      "program": "def text_lowercase_underscore(text: str) -> bool:\n    \"\"\"\n\tWrite a function to that returns true if the input string contains sequences of lowercase letters joined with an underscore and false otherwise.\n\t\"\"\"\n    return bool(re.search(r\"[a-z]+_[a-z]+\", text))\n\n\ndef check(candidate):\n    assert candidate('aab_cbbbc') == True\n    assert candidate('aab_Abbbc') == False\n    assert candidate('Aaab_abbbc') == False\n\ndef test_check():\n    check(text_lowercase_underscore)\n\ntest_check()\n",
      "timestamp": 1665510546,
      "stdout": "",
      "stderr": "Traceback (most recent call last):\n  File \"/tmp/tmpf_pjg773.py\", line 16, in <module>\n    test_check()\n  File \"/tmp/tmpf_pjg773.py\", line 14, in test_check\n    check(text_lowercase_underscore)\n  File \"/tmp/tmpf_pjg773.py\", line 9, in check\n    assert candidate('aab_cbbbc') == True\n  File \"/tmp/tmpf_pjg773.py\", line 5, in text_lowercase_underscore\n    return bool(re.search(r\"[a-z]+_[a-z]+\", text))\nNameError: name 're' is not defined\n",
      "exit_code": 1,
      "status": "Exception"
    },
    {
      "program": "def text_lowercase_underscore(text: str) -> bool:\n    \"\"\"\n\tWrite a function to that returns true if the input string contains sequences of lowercase letters joined with an underscore and false otherwise.\n\t\"\"\"\n    return bool(re.match(r\"^[a-z]+(_[a-z]+)*$\", text))\n\n\ndef check(candidate):\n    assert candidate('aab_cbbbc') == True\n    assert candidate('aab_Abbbc') == False\n    assert candidate('Aaab_abbbc') == False\n\ndef test_check():\n    check(text_lowercase_underscore)\n\ntest_check()\n",
      "timestamp": 1665510546,
      "stdout": "",
      "stderr": "Traceback (most recent call last):\n  File \"/tmp/tmpuzjdy4wu.py\", line 16, in <module>\n    test_check()\n  File \"/tmp/tmpuzjdy4wu.py\", line 14, in test_check\n    check(text_lowercase_underscore)\n  File \"/tmp/tmpuzjdy4wu.py\", line 9, in check\n    assert candidate('aab_cbbbc') == True\n  File \"/tmp/tmpuzjdy4wu.py\", line 5, in text_lowercase_underscore\n    return bool(re.match(r\"^[a-z]+(_[a-z]+)*$\", text))\nNameError: name 're' is not defined\n",
      "exit_code": 1,
      "status": "Exception"
    },
    {
      "program": "def text_lowercase_underscore(text: str) -> bool:\n    \"\"\"\n\tWrite a function to that returns true if the input string contains sequences of lowercase letters joined with an underscore and false otherwise.\n\t\"\"\"\n    return bool(re.match(r\"^[a-z]+(_[a-z]+)*$\", text))\n\n\ndef check(candidate):\n    assert candidate('aab_cbbbc') == True\n    assert candidate('aab_Abbbc') == False\n    assert candidate('Aaab_abbbc') == False\n\ndef test_check():\n    check(text_lowercase_underscore)\n\ntest_check()\n",
      "timestamp": 1665510546,
      "stdout": "",
      "stderr": "Traceback (most recent call last):\n  File \"/tmp/tmpuzjdy4wu.py\", line 16, in <module>\n    test_check()\n  File \"/tmp/tmpuzjdy4wu.py\", line 14, in test_check\n    check(text_lowercase_underscore)\n  File \"/tmp/tmpuzjdy4wu.py\", line 9, in check\n    assert candidate('aab_cbbbc') == True\n  File \"/tmp/tmpuzjdy4wu.py\", line 5, in text_lowercase_underscore\n    return bool(re.match(r\"^[a-z]+(_[a-z]+)*$\", text))\nNameError: name 're' is not defined\n",
      "exit_code": 1,
      "status": "Exception"
    },
    {
      "program": "def text_lowercase_underscore(text: str) -> bool:\n    \"\"\"\n\tWrite a function to that returns true if the input string contains sequences of lowercase letters joined with an underscore and false otherwise.\n\t\"\"\"\n    return bool(re.match(r\"^[a-z]+(_[a-z]+)*$\", text))\n\n\ndef check(candidate):\n    assert candidate('aab_cbbbc') == True\n    assert candidate('aab_Abbbc') == False\n    assert candidate('Aaab_abbbc') == False\n\ndef test_check():\n    check(text_lowercase_underscore)\n\ntest_check()\n",
      "timestamp": 1665510546,
      "stdout": "",
      "stderr": "Traceback (most recent call last):\n  File \"/tmp/tmpuzjdy4wu.py\", line 16, in <module>\n    test_check()\n  File \"/tmp/tmpuzjdy4wu.py\", line 14, in test_check\n    check(text_lowercase_underscore)\n  File \"/tmp/tmpuzjdy4wu.py\", line 9, in check\n    assert candidate('aab_cbbbc') == True\n  File \"/tmp/tmpuzjdy4wu.py\", line 5, in text_lowercase_underscore\n    return bool(re.match(r\"^[a-z]+(_[a-z]+)*$\", text))\nNameError: name 're' is not defined\n",
      "exit_code": 1,
      "status": "Exception"
    },
    {
      "program": "def text_lowercase_underscore(text: str) -> bool:\n    \"\"\"\n\tWrite a function to that returns true if the input string contains sequences of lowercase letters joined with an underscore and false otherwise.\n\t\"\"\"\n    return bool(re.match(r\"[a-z]+_[a-z]+\", text))\n\n\ndef check(candidate):\n    assert candidate('aab_cbbbc') == True\n    assert candidate('aab_Abbbc') == False\n    assert candidate('Aaab_abbbc') == False\n\ndef test_check():\n    check(text_lowercase_underscore)\n\ntest_check()\n",
      "timestamp": 1665510546,
      "stdout": "",
      "stderr": "Traceback (most recent call last):\n  File \"/tmp/tmpcuecu67i.py\", line 16, in <module>\n    test_check()\n  File \"/tmp/tmpcuecu67i.py\", line 14, in test_check\n    check(text_lowercase_underscore)\n  File \"/tmp/tmpcuecu67i.py\", line 9, in check\n    assert candidate('aab_cbbbc') == True\n  File \"/tmp/tmpcuecu67i.py\", line 5, in text_lowercase_underscore\n    return bool(re.match(r\"[a-z]+_[a-z]+\", text))\nNameError: name 're' is not defined\n",
      "exit_code": 1,
      "status": "Exception"
    },
    {
      "program": "def text_lowercase_underscore(text: str) -> bool:\n    \"\"\"\n\tWrite a function to that returns true if the input string contains sequences of lowercase letters joined with an underscore and false otherwise.\n\t\"\"\"\n    return bool(re.search(r\"[a-z]+_[a-z]+\", text))\n\n\ndef check(candidate):\n    assert candidate('aab_cbbbc') == True\n    assert candidate('aab_Abbbc') == False\n    assert candidate('Aaab_abbbc') == False\n\ndef test_check():\n    check(text_lowercase_underscore)\n\ntest_check()\n",
      "timestamp": 1665510546,
      "stdout": "",
      "stderr": "Traceback (most recent call last):\n  File \"/tmp/tmpf_pjg773.py\", line 16, in <module>\n    test_check()\n  File \"/tmp/tmpf_pjg773.py\", line 14, in test_check\n    check(text_lowercase_underscore)\n  File \"/tmp/tmpf_pjg773.py\", line 9, in check\n    assert candidate('aab_cbbbc') == True\n  File \"/tmp/tmpf_pjg773.py\", line 5, in text_lowercase_underscore\n    return bool(re.search(r\"[a-z]+_[a-z]+\", text))\nNameError: name 're' is not defined\n",
      "exit_code": 1,
      "status": "Exception"
    },
    {
      "program": "def text_lowercase_underscore(text: str) -> bool:\n    \"\"\"\n\tWrite a function to that returns true if the input string contains sequences of lowercase letters joined with an underscore and false otherwise.\n\t\"\"\"\n    return bool(re.match(r\"[a-z]+_[a-z]+\", text))\n\n\ndef check(candidate):\n    assert candidate('aab_cbbbc') == True\n    assert candidate('aab_Abbbc') == False\n    assert candidate('Aaab_abbbc') == False\n\ndef test_check():\n    check(text_lowercase_underscore)\n\ntest_check()\n",
      "timestamp": 1665510546,
      "stdout": "",
      "stderr": "Traceback (most recent call last):\n  File \"/tmp/tmpcuecu67i.py\", line 16, in <module>\n    test_check()\n  File \"/tmp/tmpcuecu67i.py\", line 14, in test_check\n    check(text_lowercase_underscore)\n  File \"/tmp/tmpcuecu67i.py\", line 9, in check\n    assert candidate('aab_cbbbc') == True\n  File \"/tmp/tmpcuecu67i.py\", line 5, in text_lowercase_underscore\n    return bool(re.match(r\"[a-z]+_[a-z]+\", text))\nNameError: name 're' is not defined\n",
      "exit_code": 1,
      "status": "Exception"
    },
    {
      "program": "def text_lowercase_underscore(text: str) -> bool:\n    \"\"\"\n\tWrite a function to that returns true if the input string contains sequences of lowercase letters joined with an underscore and false otherwise.\n\t\"\"\"\n    return bool(re.match(r\"[a-z]+_[a-z]+\", text))\n\n\ndef check(candidate):\n    assert candidate('aab_cbbbc') == True\n    assert candidate('aab_Abbbc') == False\n    assert candidate('Aaab_abbbc') == False\n\ndef test_check():\n    check(text_lowercase_underscore)\n\ntest_check()\n",
      "timestamp": 1665510546,
      "stdout": "",
      "stderr": "Traceback (most recent call last):\n  File \"/tmp/tmpcuecu67i.py\", line 16, in <module>\n    test_check()\n  File \"/tmp/tmpcuecu67i.py\", line 14, in test_check\n    check(text_lowercase_underscore)\n  File \"/tmp/tmpcuecu67i.py\", line 9, in check\n    assert candidate('aab_cbbbc') == True\n  File \"/tmp/tmpcuecu67i.py\", line 5, in text_lowercase_underscore\n    return bool(re.match(r\"[a-z]+_[a-z]+\", text))\nNameError: name 're' is not defined\n",
      "exit_code": 1,
      "status": "Exception"
    },
    {
      "program": "def text_lowercase_underscore(text: str) -> bool:\n    \"\"\"\n\tWrite a function to that returns true if the input string contains sequences of lowercase letters joined with an underscore and false otherwise.\n\t\"\"\"\n    return bool(re.match(r\"^[a-z]+(_[a-z]+)*$\", text))\n\n\ndef check(candidate):\n    assert candidate('aab_cbbbc') == True\n    assert candidate('aab_Abbbc') == False\n    assert candidate('Aaab_abbbc') == False\n\ndef test_check():\n    check(text_lowercase_underscore)\n\ntest_check()\n",
      "timestamp": 1665510546,
      "stdout": "",
      "stderr": "Traceback (most recent call last):\n  File \"/tmp/tmpuzjdy4wu.py\", line 16, in <module>\n    test_check()\n  File \"/tmp/tmpuzjdy4wu.py\", line 14, in test_check\n    check(text_lowercase_underscore)\n  File \"/tmp/tmpuzjdy4wu.py\", line 9, in check\n    assert candidate('aab_cbbbc') == True\n  File \"/tmp/tmpuzjdy4wu.py\", line 5, in text_lowercase_underscore\n    return bool(re.match(r\"^[a-z]+(_[a-z]+)*$\", text))\nNameError: name 're' is not defined\n",
      "exit_code": 1,
      "status": "Exception"
    },
    {
      "program": "def text_lowercase_underscore(text: str) -> bool:\n    \"\"\"\n\tWrite a function to that returns true if the input string contains sequences of lowercase letters joined with an underscore and false otherwise.\n\t\"\"\"\n    return bool(re.match(r\"^[a-z]+(_[a-z]+)*$\", text))\n\n\ndef check(candidate):\n    assert candidate('aab_cbbbc') == True\n    assert candidate('aab_Abbbc') == False\n    assert candidate('Aaab_abbbc') == False\n\ndef test_check():\n    check(text_lowercase_underscore)\n\ntest_check()\n",
      "timestamp": 1665510546,
      "stdout": "",
      "stderr": "Traceback (most recent call last):\n  File \"/tmp/tmpuzjdy4wu.py\", line 16, in <module>\n    test_check()\n  File \"/tmp/tmpuzjdy4wu.py\", line 14, in test_check\n    check(text_lowercase_underscore)\n  File \"/tmp/tmpuzjdy4wu.py\", line 9, in check\n    assert candidate('aab_cbbbc') == True\n  File \"/tmp/tmpuzjdy4wu.py\", line 5, in text_lowercase_underscore\n    return bool(re.match(r\"^[a-z]+(_[a-z]+)*$\", text))\nNameError: name 're' is not defined\n",
      "exit_code": 1,
      "status": "Exception"
    },
    {
      "program": "def text_lowercase_underscore(text: str) -> bool:\n    \"\"\"\n\tWrite a function to that returns true if the input string contains sequences of lowercase letters joined with an underscore and false otherwise.\n\t\"\"\"\n    return bool(re.match(r\"[a-z]+_[a-z]+\", text))\n\n\ndef check(candidate):\n    assert candidate('aab_cbbbc') == True\n    assert candidate('aab_Abbbc') == False\n    assert candidate('Aaab_abbbc') == False\n\ndef test_check():\n    check(text_lowercase_underscore)\n\ntest_check()\n",
      "timestamp": 1665510546,
      "stdout": "",
      "stderr": "Traceback (most recent call last):\n  File \"/tmp/tmpcuecu67i.py\", line 16, in <module>\n    test_check()\n  File \"/tmp/tmpcuecu67i.py\", line 14, in test_check\n    check(text_lowercase_underscore)\n  File \"/tmp/tmpcuecu67i.py\", line 9, in check\n    assert candidate('aab_cbbbc') == True\n  File \"/tmp/tmpcuecu67i.py\", line 5, in text_lowercase_underscore\n    return bool(re.match(r\"[a-z]+_[a-z]+\", text))\nNameError: name 're' is not defined\n",
      "exit_code": 1,
      "status": "Exception"
    },
    {
      "program": "def text_lowercase_underscore(text: str) -> bool:\n    \"\"\"\n\tWrite a function to that returns true if the input string contains sequences of lowercase letters joined with an underscore and false otherwise.\n\t\"\"\"\n    return bool(re.match(r\"^[a-z]+(_[a-z]+)*$\", text))\n\n\ndef check(candidate):\n    assert candidate('aab_cbbbc') == True\n    assert candidate('aab_Abbbc') == False\n    assert candidate('Aaab_abbbc') == False\n\ndef test_check():\n    check(text_lowercase_underscore)\n\ntest_check()\n",
      "timestamp": 1665510546,
      "stdout": "",
      "stderr": "Traceback (most recent call last):\n  File \"/tmp/tmpuzjdy4wu.py\", line 16, in <module>\n    test_check()\n  File \"/tmp/tmpuzjdy4wu.py\", line 14, in test_check\n    check(text_lowercase_underscore)\n  File \"/tmp/tmpuzjdy4wu.py\", line 9, in check\n    assert candidate('aab_cbbbc') == True\n  File \"/tmp/tmpuzjdy4wu.py\", line 5, in text_lowercase_underscore\n    return bool(re.match(r\"^[a-z]+(_[a-z]+)*$\", text))\nNameError: name 're' is not defined\n",
      "exit_code": 1,
      "status": "Exception"
    },
    {
      "program": "def text_lowercase_underscore(text: str) -> bool:\n    \"\"\"\n\tWrite a function to that returns true if the input string contains sequences of lowercase letters joined with an underscore and false otherwise.\n\t\"\"\"\n    return bool(re.search(r\"^[a-z]+(_[a-z]+)*$\", text))\n\n\ndef check(candidate):\n    assert candidate('aab_cbbbc') == True\n    assert candidate('aab_Abbbc') == False\n    assert candidate('Aaab_abbbc') == False\n\ndef test_check():\n    check(text_lowercase_underscore)\n\ntest_check()\n",
      "timestamp": 1665510546,
      "stdout": "",
      "stderr": "Traceback (most recent call last):\n  File \"/tmp/tmpxclvp_et.py\", line 16, in <module>\n    test_check()\n  File \"/tmp/tmpxclvp_et.py\", line 14, in test_check\n    check(text_lowercase_underscore)\n  File \"/tmp/tmpxclvp_et.py\", line 9, in check\n    assert candidate('aab_cbbbc') == True\n  File \"/tmp/tmpxclvp_et.py\", line 5, in text_lowercase_underscore\n    return bool(re.search(r\"^[a-z]+(_[a-z]+)*$\", text))\nNameError: name 're' is not defined\n",
      "exit_code": 1,
      "status": "Exception"
    },
    {
      "program": "def text_lowercase_underscore(text: str) -> bool:\n    \"\"\"\n\tWrite a function to that returns true if the input string contains sequences of lowercase letters joined with an underscore and false otherwise.\n\t\"\"\"\n    return bool(re.match(r\"^[a-z]+(_[a-z]+)*$\", text))\n\n\ndef check(candidate):\n    assert candidate('aab_cbbbc') == True\n    assert candidate('aab_Abbbc') == False\n    assert candidate('Aaab_abbbc') == False\n\ndef test_check():\n    check(text_lowercase_underscore)\n\ntest_check()\n",
      "timestamp": 1665510546,
      "stdout": "",
      "stderr": "Traceback (most recent call last):\n  File \"/tmp/tmpuzjdy4wu.py\", line 16, in <module>\n    test_check()\n  File \"/tmp/tmpuzjdy4wu.py\", line 14, in test_check\n    check(text_lowercase_underscore)\n  File \"/tmp/tmpuzjdy4wu.py\", line 9, in check\n    assert candidate('aab_cbbbc') == True\n  File \"/tmp/tmpuzjdy4wu.py\", line 5, in text_lowercase_underscore\n    return bool(re.match(r\"^[a-z]+(_[a-z]+)*$\", text))\nNameError: name 're' is not defined\n",
      "exit_code": 1,
      "status": "Exception"
    },
    {
      "program": "def text_lowercase_underscore(text: str) -> bool:\n    \"\"\"\n\tWrite a function to that returns true if the input string contains sequences of lowercase letters joined with an underscore and false otherwise.\n\t\"\"\"\n    return bool(re.search(r\"^[a-z]+(_[a-z]+)*$\", text))\n\n\ndef check(candidate):\n    assert candidate('aab_cbbbc') == True\n    assert candidate('aab_Abbbc') == False\n    assert candidate('Aaab_abbbc') == False\n\ndef test_check():\n    check(text_lowercase_underscore)\n\ntest_check()\n",
      "timestamp": 1665510546,
      "stdout": "",
      "stderr": "Traceback (most recent call last):\n  File \"/tmp/tmpxclvp_et.py\", line 16, in <module>\n    test_check()\n  File \"/tmp/tmpxclvp_et.py\", line 14, in test_check\n    check(text_lowercase_underscore)\n  File \"/tmp/tmpxclvp_et.py\", line 9, in check\n    assert candidate('aab_cbbbc') == True\n  File \"/tmp/tmpxclvp_et.py\", line 5, in text_lowercase_underscore\n    return bool(re.search(r\"^[a-z]+(_[a-z]+)*$\", text))\nNameError: name 're' is not defined\n",
      "exit_code": 1,
      "status": "Exception"
    },
    {
      "program": "def text_lowercase_underscore(text: str) -> bool:\n    \"\"\"\n\tWrite a function to that returns true if the input string contains sequences of lowercase letters joined with an underscore and false otherwise.\n\t\"\"\"\n    return bool(re.match(r\"[a-z]+_[a-z]+\", text))\n\n\ndef check(candidate):\n    assert candidate('aab_cbbbc') == True\n    assert candidate('aab_Abbbc') == False\n    assert candidate('Aaab_abbbc') == False\n\ndef test_check():\n    check(text_lowercase_underscore)\n\ntest_check()\n",
      "timestamp": 1665510546,
      "stdout": "",
      "stderr": "Traceback (most recent call last):\n  File \"/tmp/tmpcuecu67i.py\", line 16, in <module>\n    test_check()\n  File \"/tmp/tmpcuecu67i.py\", line 14, in test_check\n    check(text_lowercase_underscore)\n  File \"/tmp/tmpcuecu67i.py\", line 9, in check\n    assert candidate('aab_cbbbc') == True\n  File \"/tmp/tmpcuecu67i.py\", line 5, in text_lowercase_underscore\n    return bool(re.match(r\"[a-z]+_[a-z]+\", text))\nNameError: name 're' is not defined\n",
      "exit_code": 1,
      "status": "Exception"
    },
    {
      "program": "def text_lowercase_underscore(text: str) -> bool:\n    \"\"\"\n\tWrite a function to that returns true if the input string contains sequences of lowercase letters joined with an underscore and false otherwise.\n\t\"\"\"\n    return bool(re.match(r\"[a-z]+(_[a-z]+)*\", text))\n\n\ndef check(candidate):\n    assert candidate('aab_cbbbc') == True\n    assert candidate('aab_Abbbc') == False\n    assert candidate('Aaab_abbbc') == False\n\ndef test_check():\n    check(text_lowercase_underscore)\n\ntest_check()\n",
      "timestamp": 1666123367,
      "stdout": "",
      "stderr": "Traceback (most recent call last):\n  File \"/tmp/tmpnog9_xkk.py\", line 16, in <module>\n    test_check()\n  File \"/tmp/tmpnog9_xkk.py\", line 14, in test_check\n    check(text_lowercase_underscore)\n  File \"/tmp/tmpnog9_xkk.py\", line 9, in check\n    assert candidate('aab_cbbbc') == True\n  File \"/tmp/tmpnog9_xkk.py\", line 5, in text_lowercase_underscore\n    return bool(re.match(r\"[a-z]+(_[a-z]+)*\", text))\nNameError: name 're' is not defined\n",
      "exit_code": 1,
      "status": "Exception"
    },
    {
      "program": "def text_lowercase_underscore(text: str) -> bool:\n    \"\"\"\n\tWrite a function to that returns true if the input string contains sequences of lowercase letters joined with an underscore and false otherwise.\n\t\"\"\"\n    return bool(re.search(r\"[a-z]+_[a-z]+\", text))\n\n\ndef check(candidate):\n    assert candidate('aab_cbbbc') == True\n    assert candidate('aab_Abbbc') == False\n    assert candidate('Aaab_abbbc') == False\n\ndef test_check():\n    check(text_lowercase_underscore)\n\ntest_check()\n",
      "timestamp": 1665510546,
      "stdout": "",
      "stderr": "Traceback (most recent call last):\n  File \"/tmp/tmpf_pjg773.py\", line 16, in <module>\n    test_check()\n  File \"/tmp/tmpf_pjg773.py\", line 14, in test_check\n    check(text_lowercase_underscore)\n  File \"/tmp/tmpf_pjg773.py\", line 9, in check\n    assert candidate('aab_cbbbc') == True\n  File \"/tmp/tmpf_pjg773.py\", line 5, in text_lowercase_underscore\n    return bool(re.search(r\"[a-z]+_[a-z]+\", text))\nNameError: name 're' is not defined\n",
      "exit_code": 1,
      "status": "Exception"
    },
    {
      "program": "def text_lowercase_underscore(text: str) -> bool:\n    \"\"\"\n\tWrite a function to that returns true if the input string contains sequences of lowercase letters joined with an underscore and false otherwise.\n\t\"\"\"\n    return bool(re.match(r\"[a-z]+_[a-z]+\", text))\n\n\ndef check(candidate):\n    assert candidate('aab_cbbbc') == True\n    assert candidate('aab_Abbbc') == False\n    assert candidate('Aaab_abbbc') == False\n\ndef test_check():\n    check(text_lowercase_underscore)\n\ntest_check()\n",
      "timestamp": 1665510546,
      "stdout": "",
      "stderr": "Traceback (most recent call last):\n  File \"/tmp/tmpcuecu67i.py\", line 16, in <module>\n    test_check()\n  File \"/tmp/tmpcuecu67i.py\", line 14, in test_check\n    check(text_lowercase_underscore)\n  File \"/tmp/tmpcuecu67i.py\", line 9, in check\n    assert candidate('aab_cbbbc') == True\n  File \"/tmp/tmpcuecu67i.py\", line 5, in text_lowercase_underscore\n    return bool(re.match(r\"[a-z]+_[a-z]+\", text))\nNameError: name 're' is not defined\n",
      "exit_code": 1,
      "status": "Exception"
    },
    {
      "program": "def text_lowercase_underscore(text: str) -> bool:\n    \"\"\"\n\tWrite a function to that returns true if the input string contains sequences of lowercase letters joined with an underscore and false otherwise.\n\t\"\"\"\n    return bool(re.match(r\"^[a-z]+(_[a-z]+)*$\", text))\n\n\ndef check(candidate):\n    assert candidate('aab_cbbbc') == True\n    assert candidate('aab_Abbbc') == False\n    assert candidate('Aaab_abbbc') == False\n\ndef test_check():\n    check(text_lowercase_underscore)\n\ntest_check()\n",
      "timestamp": 1665510546,
      "stdout": "",
      "stderr": "Traceback (most recent call last):\n  File \"/tmp/tmpuzjdy4wu.py\", line 16, in <module>\n    test_check()\n  File \"/tmp/tmpuzjdy4wu.py\", line 14, in test_check\n    check(text_lowercase_underscore)\n  File \"/tmp/tmpuzjdy4wu.py\", line 9, in check\n    assert candidate('aab_cbbbc') == True\n  File \"/tmp/tmpuzjdy4wu.py\", line 5, in text_lowercase_underscore\n    return bool(re.match(r\"^[a-z]+(_[a-z]+)*$\", text))\nNameError: name 're' is not defined\n",
      "exit_code": 1,
      "status": "Exception"
    },
    {
      "program": "def text_lowercase_underscore(text: str) -> bool:\n    \"\"\"\n\tWrite a function to that returns true if the input string contains sequences of lowercase letters joined with an underscore and false otherwise.\n\t\"\"\"\n    return bool(re.search(r\"[a-z]+_[a-z]+\", text))\n\n\ndef check(candidate):\n    assert candidate('aab_cbbbc') == True\n    assert candidate('aab_Abbbc') == False\n    assert candidate('Aaab_abbbc') == False\n\ndef test_check():\n    check(text_lowercase_underscore)\n\ntest_check()\n",
      "timestamp": 1665510546,
      "stdout": "",
      "stderr": "Traceback (most recent call last):\n  File \"/tmp/tmpf_pjg773.py\", line 16, in <module>\n    test_check()\n  File \"/tmp/tmpf_pjg773.py\", line 14, in test_check\n    check(text_lowercase_underscore)\n  File \"/tmp/tmpf_pjg773.py\", line 9, in check\n    assert candidate('aab_cbbbc') == True\n  File \"/tmp/tmpf_pjg773.py\", line 5, in text_lowercase_underscore\n    return bool(re.search(r\"[a-z]+_[a-z]+\", text))\nNameError: name 're' is not defined\n",
      "exit_code": 1,
      "status": "Exception"
    },
    {
      "program": "def text_lowercase_underscore(text: str) -> bool:\n    \"\"\"\n\tWrite a function to that returns true if the input string contains sequences of lowercase letters joined with an underscore and false otherwise.\n\t\"\"\"\n    return bool(re.match(r\"[a-z]+_[a-z]+\", text))\n\n\ndef check(candidate):\n    assert candidate('aab_cbbbc') == True\n    assert candidate('aab_Abbbc') == False\n    assert candidate('Aaab_abbbc') == False\n\ndef test_check():\n    check(text_lowercase_underscore)\n\ntest_check()\n",
      "timestamp": 1665510546,
      "stdout": "",
      "stderr": "Traceback (most recent call last):\n  File \"/tmp/tmpcuecu67i.py\", line 16, in <module>\n    test_check()\n  File \"/tmp/tmpcuecu67i.py\", line 14, in test_check\n    check(text_lowercase_underscore)\n  File \"/tmp/tmpcuecu67i.py\", line 9, in check\n    assert candidate('aab_cbbbc') == True\n  File \"/tmp/tmpcuecu67i.py\", line 5, in text_lowercase_underscore\n    return bool(re.match(r\"[a-z]+_[a-z]+\", text))\nNameError: name 're' is not defined\n",
      "exit_code": 1,
      "status": "Exception"
    },
    {
      "program": "def text_lowercase_underscore(text: str) -> bool:\n    \"\"\"\n\tWrite a function to that returns true if the input string contains sequences of lowercase letters joined with an underscore and false otherwise.\n\t\"\"\"\n    return bool(re.match(r\"[a-z]+_[a-z]+\", text))\n\n\ndef check(candidate):\n    assert candidate('aab_cbbbc') == True\n    assert candidate('aab_Abbbc') == False\n    assert candidate('Aaab_abbbc') == False\n\ndef test_check():\n    check(text_lowercase_underscore)\n\ntest_check()\n",
      "timestamp": 1665510546,
      "stdout": "",
      "stderr": "Traceback (most recent call last):\n  File \"/tmp/tmpcuecu67i.py\", line 16, in <module>\n    test_check()\n  File \"/tmp/tmpcuecu67i.py\", line 14, in test_check\n    check(text_lowercase_underscore)\n  File \"/tmp/tmpcuecu67i.py\", line 9, in check\n    assert candidate('aab_cbbbc') == True\n  File \"/tmp/tmpcuecu67i.py\", line 5, in text_lowercase_underscore\n    return bool(re.match(r\"[a-z]+_[a-z]+\", text))\nNameError: name 're' is not defined\n",
      "exit_code": 1,
      "status": "Exception"
    },
    {
      "program": "def text_lowercase_underscore(text: str) -> bool:\n    \"\"\"\n\tWrite a function to that returns true if the input string contains sequences of lowercase letters joined with an underscore and false otherwise.\n\t\"\"\"\n    return bool(re.match(r\"^[a-z]+(_[a-z]+)*$\", text))\n\n\ndef check(candidate):\n    assert candidate('aab_cbbbc') == True\n    assert candidate('aab_Abbbc') == False\n    assert candidate('Aaab_abbbc') == False\n\ndef test_check():\n    check(text_lowercase_underscore)\n\ntest_check()\n",
      "timestamp": 1665510546,
      "stdout": "",
      "stderr": "Traceback (most recent call last):\n  File \"/tmp/tmpuzjdy4wu.py\", line 16, in <module>\n    test_check()\n  File \"/tmp/tmpuzjdy4wu.py\", line 14, in test_check\n    check(text_lowercase_underscore)\n  File \"/tmp/tmpuzjdy4wu.py\", line 9, in check\n    assert candidate('aab_cbbbc') == True\n  File \"/tmp/tmpuzjdy4wu.py\", line 5, in text_lowercase_underscore\n    return bool(re.match(r\"^[a-z]+(_[a-z]+)*$\", text))\nNameError: name 're' is not defined\n",
      "exit_code": 1,
      "status": "Exception"
    },
    {
      "program": "def text_lowercase_underscore(text: str) -> bool:\n    \"\"\"\n\tWrite a function to that returns true if the input string contains sequences of lowercase letters joined with an underscore and false otherwise.\n\t\"\"\"\n    return bool(re.match(r\"^[a-z]+(_[a-z]+)*$\", text))\n\n\ndef check(candidate):\n    assert candidate('aab_cbbbc') == True\n    assert candidate('aab_Abbbc') == False\n    assert candidate('Aaab_abbbc') == False\n\ndef test_check():\n    check(text_lowercase_underscore)\n\ntest_check()\n",
      "timestamp": 1665510546,
      "stdout": "",
      "stderr": "Traceback (most recent call last):\n  File \"/tmp/tmpuzjdy4wu.py\", line 16, in <module>\n    test_check()\n  File \"/tmp/tmpuzjdy4wu.py\", line 14, in test_check\n    check(text_lowercase_underscore)\n  File \"/tmp/tmpuzjdy4wu.py\", line 9, in check\n    assert candidate('aab_cbbbc') == True\n  File \"/tmp/tmpuzjdy4wu.py\", line 5, in text_lowercase_underscore\n    return bool(re.match(r\"^[a-z]+(_[a-z]+)*$\", text))\nNameError: name 're' is not defined\n",
      "exit_code": 1,
      "status": "Exception"
    },
    {
      "program": "def text_lowercase_underscore(text: str) -> bool:\n    \"\"\"\n\tWrite a function to that returns true if the input string contains sequences of lowercase letters joined with an underscore and false otherwise.\n\t\"\"\"\n    return bool(re.match(r\"^[a-z]+(_[a-z]+)*$\", text))\n\n\ndef check(candidate):\n    assert candidate('aab_cbbbc') == True\n    assert candidate('aab_Abbbc') == False\n    assert candidate('Aaab_abbbc') == False\n\ndef test_check():\n    check(text_lowercase_underscore)\n\ntest_check()\n",
      "timestamp": 1665510546,
      "stdout": "",
      "stderr": "Traceback (most recent call last):\n  File \"/tmp/tmpuzjdy4wu.py\", line 16, in <module>\n    test_check()\n  File \"/tmp/tmpuzjdy4wu.py\", line 14, in test_check\n    check(text_lowercase_underscore)\n  File \"/tmp/tmpuzjdy4wu.py\", line 9, in check\n    assert candidate('aab_cbbbc') == True\n  File \"/tmp/tmpuzjdy4wu.py\", line 5, in text_lowercase_underscore\n    return bool(re.match(r\"^[a-z]+(_[a-z]+)*$\", text))\nNameError: name 're' is not defined\n",
      "exit_code": 1,
      "status": "Exception"
    },
    {
      "program": "def text_lowercase_underscore(text: str) -> bool:\n    \"\"\"\n\tWrite a function to that returns true if the input string contains sequences of lowercase letters joined with an underscore and false otherwise.\n\t\"\"\"\n    return bool(re.search(r\"[a-z]+_[a-z]+\", text))\n\n\ndef check(candidate):\n    assert candidate('aab_cbbbc') == True\n    assert candidate('aab_Abbbc') == False\n    assert candidate('Aaab_abbbc') == False\n\ndef test_check():\n    check(text_lowercase_underscore)\n\ntest_check()\n",
      "timestamp": 1665510546,
      "stdout": "",
      "stderr": "Traceback (most recent call last):\n  File \"/tmp/tmpf_pjg773.py\", line 16, in <module>\n    test_check()\n  File \"/tmp/tmpf_pjg773.py\", line 14, in test_check\n    check(text_lowercase_underscore)\n  File \"/tmp/tmpf_pjg773.py\", line 9, in check\n    assert candidate('aab_cbbbc') == True\n  File \"/tmp/tmpf_pjg773.py\", line 5, in text_lowercase_underscore\n    return bool(re.search(r\"[a-z]+_[a-z]+\", text))\nNameError: name 're' is not defined\n",
      "exit_code": 1,
      "status": "Exception"
    },
    {
      "program": "def text_lowercase_underscore(text: str) -> bool:\n    \"\"\"\n\tWrite a function to that returns true if the input string contains sequences of lowercase letters joined with an underscore and false otherwise.\n\t\"\"\"\n    return bool(re.match(r\"[a-z]+_[a-z]+\", text))\n\n\ndef check(candidate):\n    assert candidate('aab_cbbbc') == True\n    assert candidate('aab_Abbbc') == False\n    assert candidate('Aaab_abbbc') == False\n\ndef test_check():\n    check(text_lowercase_underscore)\n\ntest_check()\n",
      "timestamp": 1665510546,
      "stdout": "",
      "stderr": "Traceback (most recent call last):\n  File \"/tmp/tmpcuecu67i.py\", line 16, in <module>\n    test_check()\n  File \"/tmp/tmpcuecu67i.py\", line 14, in test_check\n    check(text_lowercase_underscore)\n  File \"/tmp/tmpcuecu67i.py\", line 9, in check\n    assert candidate('aab_cbbbc') == True\n  File \"/tmp/tmpcuecu67i.py\", line 5, in text_lowercase_underscore\n    return bool(re.match(r\"[a-z]+_[a-z]+\", text))\nNameError: name 're' is not defined\n",
      "exit_code": 1,
      "status": "Exception"
    },
    {
      "program": "def text_lowercase_underscore(text: str) -> bool:\n    \"\"\"\n\tWrite a function to that returns true if the input string contains sequences of lowercase letters joined with an underscore and false otherwise.\n\t\"\"\"\n    return bool(re.match(r\"[a-z]+_[a-z]+\", text))\n\n\ndef check(candidate):\n    assert candidate('aab_cbbbc') == True\n    assert candidate('aab_Abbbc') == False\n    assert candidate('Aaab_abbbc') == False\n\ndef test_check():\n    check(text_lowercase_underscore)\n\ntest_check()\n",
      "timestamp": 1665510546,
      "stdout": "",
      "stderr": "Traceback (most recent call last):\n  File \"/tmp/tmpcuecu67i.py\", line 16, in <module>\n    test_check()\n  File \"/tmp/tmpcuecu67i.py\", line 14, in test_check\n    check(text_lowercase_underscore)\n  File \"/tmp/tmpcuecu67i.py\", line 9, in check\n    assert candidate('aab_cbbbc') == True\n  File \"/tmp/tmpcuecu67i.py\", line 5, in text_lowercase_underscore\n    return bool(re.match(r\"[a-z]+_[a-z]+\", text))\nNameError: name 're' is not defined\n",
      "exit_code": 1,
      "status": "Exception"
    },
    {
      "program": "def text_lowercase_underscore(text: str) -> bool:\n    \"\"\"\n\tWrite a function to that returns true if the input string contains sequences of lowercase letters joined with an underscore and false otherwise.\n\t\"\"\"\n    return bool(re.match(r\"[a-z]+(_[a-z]+)*\", text))\n\n\ndef check(candidate):\n    assert candidate('aab_cbbbc') == True\n    assert candidate('aab_Abbbc') == False\n    assert candidate('Aaab_abbbc') == False\n\ndef test_check():\n    check(text_lowercase_underscore)\n\ntest_check()\n",
      "timestamp": 1666123367,
      "stdout": "",
      "stderr": "Traceback (most recent call last):\n  File \"/tmp/tmpnog9_xkk.py\", line 16, in <module>\n    test_check()\n  File \"/tmp/tmpnog9_xkk.py\", line 14, in test_check\n    check(text_lowercase_underscore)\n  File \"/tmp/tmpnog9_xkk.py\", line 9, in check\n    assert candidate('aab_cbbbc') == True\n  File \"/tmp/tmpnog9_xkk.py\", line 5, in text_lowercase_underscore\n    return bool(re.match(r\"[a-z]+(_[a-z]+)*\", text))\nNameError: name 're' is not defined\n",
      "exit_code": 1,
      "status": "Exception"
    },
    {
      "program": "def text_lowercase_underscore(text: str) -> bool:\n    \"\"\"\n\tWrite a function to that returns true if the input string contains sequences of lowercase letters joined with an underscore and false otherwise.\n\t\"\"\"\n    return bool(re.match(r\"[a-z]+_[a-z]+\", text))\n\n\ndef check(candidate):\n    assert candidate('aab_cbbbc') == True\n    assert candidate('aab_Abbbc') == False\n    assert candidate('Aaab_abbbc') == False\n\ndef test_check():\n    check(text_lowercase_underscore)\n\ntest_check()\n",
      "timestamp": 1665510546,
      "stdout": "",
      "stderr": "Traceback (most recent call last):\n  File \"/tmp/tmpcuecu67i.py\", line 16, in <module>\n    test_check()\n  File \"/tmp/tmpcuecu67i.py\", line 14, in test_check\n    check(text_lowercase_underscore)\n  File \"/tmp/tmpcuecu67i.py\", line 9, in check\n    assert candidate('aab_cbbbc') == True\n  File \"/tmp/tmpcuecu67i.py\", line 5, in text_lowercase_underscore\n    return bool(re.match(r\"[a-z]+_[a-z]+\", text))\nNameError: name 're' is not defined\n",
      "exit_code": 1,
      "status": "Exception"
    },
    {
      "program": "def text_lowercase_underscore(text: str) -> bool:\n    \"\"\"\n\tWrite a function to that returns true if the input string contains sequences of lowercase letters joined with an underscore and false otherwise.\n\t\"\"\"\n    return bool(re.match(r\"^[a-z]+(_[a-z]+)*$\", text))\n\n\ndef check(candidate):\n    assert candidate('aab_cbbbc') == True\n    assert candidate('aab_Abbbc') == False\n    assert candidate('Aaab_abbbc') == False\n\ndef test_check():\n    check(text_lowercase_underscore)\n\ntest_check()\n",
      "timestamp": 1665510546,
      "stdout": "",
      "stderr": "Traceback (most recent call last):\n  File \"/tmp/tmpuzjdy4wu.py\", line 16, in <module>\n    test_check()\n  File \"/tmp/tmpuzjdy4wu.py\", line 14, in test_check\n    check(text_lowercase_underscore)\n  File \"/tmp/tmpuzjdy4wu.py\", line 9, in check\n    assert candidate('aab_cbbbc') == True\n  File \"/tmp/tmpuzjdy4wu.py\", line 5, in text_lowercase_underscore\n    return bool(re.match(r\"^[a-z]+(_[a-z]+)*$\", text))\nNameError: name 're' is not defined\n",
      "exit_code": 1,
      "status": "Exception"
    },
    {
      "program": "def text_lowercase_underscore(text: str) -> bool:\n    \"\"\"\n\tWrite a function to that returns true if the input string contains sequences of lowercase letters joined with an underscore and false otherwise.\n\t\"\"\"\n    return bool(re.search(r\"[a-z]+_[a-z]+\", text))\n\n\ndef check(candidate):\n    assert candidate('aab_cbbbc') == True\n    assert candidate('aab_Abbbc') == False\n    assert candidate('Aaab_abbbc') == False\n\ndef test_check():\n    check(text_lowercase_underscore)\n\ntest_check()\n",
      "timestamp": 1665510546,
      "stdout": "",
      "stderr": "Traceback (most recent call last):\n  File \"/tmp/tmpf_pjg773.py\", line 16, in <module>\n    test_check()\n  File \"/tmp/tmpf_pjg773.py\", line 14, in test_check\n    check(text_lowercase_underscore)\n  File \"/tmp/tmpf_pjg773.py\", line 9, in check\n    assert candidate('aab_cbbbc') == True\n  File \"/tmp/tmpf_pjg773.py\", line 5, in text_lowercase_underscore\n    return bool(re.search(r\"[a-z]+_[a-z]+\", text))\nNameError: name 're' is not defined\n",
      "exit_code": 1,
      "status": "Exception"
    },
    {
      "program": "def text_lowercase_underscore(text: str) -> bool:\n    \"\"\"\n\tWrite a function to that returns true if the input string contains sequences of lowercase letters joined with an underscore and false otherwise.\n\t\"\"\"\n    return bool(re.search(r\"[a-z]+_[a-z]+\", text))\n\n\ndef check(candidate):\n    assert candidate('aab_cbbbc') == True\n    assert candidate('aab_Abbbc') == False\n    assert candidate('Aaab_abbbc') == False\n\ndef test_check():\n    check(text_lowercase_underscore)\n\ntest_check()\n",
      "timestamp": 1665510546,
      "stdout": "",
      "stderr": "Traceback (most recent call last):\n  File \"/tmp/tmpf_pjg773.py\", line 16, in <module>\n    test_check()\n  File \"/tmp/tmpf_pjg773.py\", line 14, in test_check\n    check(text_lowercase_underscore)\n  File \"/tmp/tmpf_pjg773.py\", line 9, in check\n    assert candidate('aab_cbbbc') == True\n  File \"/tmp/tmpf_pjg773.py\", line 5, in text_lowercase_underscore\n    return bool(re.search(r\"[a-z]+_[a-z]+\", text))\nNameError: name 're' is not defined\n",
      "exit_code": 1,
      "status": "Exception"
    },
    {
      "program": "def text_lowercase_underscore(text: str) -> bool:\n    \"\"\"\n\tWrite a function to that returns true if the input string contains sequences of lowercase letters joined with an underscore and false otherwise.\n\t\"\"\"\n    return bool(re.search(r\"[a-z]+_[a-z]+\", text))\n\n\ndef check(candidate):\n    assert candidate('aab_cbbbc') == True\n    assert candidate('aab_Abbbc') == False\n    assert candidate('Aaab_abbbc') == False\n\ndef test_check():\n    check(text_lowercase_underscore)\n\ntest_check()\n",
      "timestamp": 1665510546,
      "stdout": "",
      "stderr": "Traceback (most recent call last):\n  File \"/tmp/tmpf_pjg773.py\", line 16, in <module>\n    test_check()\n  File \"/tmp/tmpf_pjg773.py\", line 14, in test_check\n    check(text_lowercase_underscore)\n  File \"/tmp/tmpf_pjg773.py\", line 9, in check\n    assert candidate('aab_cbbbc') == True\n  File \"/tmp/tmpf_pjg773.py\", line 5, in text_lowercase_underscore\n    return bool(re.search(r\"[a-z]+_[a-z]+\", text))\nNameError: name 're' is not defined\n",
      "exit_code": 1,
      "status": "Exception"
    },
    {
      "program": "def text_lowercase_underscore(text: str) -> bool:\n    \"\"\"\n\tWrite a function to that returns true if the input string contains sequences of lowercase letters joined with an underscore and false otherwise.\n\t\"\"\"\n    return bool(re.search(r\"[a-z]+_[a-z]+\", text))\n\n\ndef check(candidate):\n    assert candidate('aab_cbbbc') == True\n    assert candidate('aab_Abbbc') == False\n    assert candidate('Aaab_abbbc') == False\n\ndef test_check():\n    check(text_lowercase_underscore)\n\ntest_check()\n",
      "timestamp": 1665510546,
      "stdout": "",
      "stderr": "Traceback (most recent call last):\n  File \"/tmp/tmpf_pjg773.py\", line 16, in <module>\n    test_check()\n  File \"/tmp/tmpf_pjg773.py\", line 14, in test_check\n    check(text_lowercase_underscore)\n  File \"/tmp/tmpf_pjg773.py\", line 9, in check\n    assert candidate('aab_cbbbc') == True\n  File \"/tmp/tmpf_pjg773.py\", line 5, in text_lowercase_underscore\n    return bool(re.search(r\"[a-z]+_[a-z]+\", text))\nNameError: name 're' is not defined\n",
      "exit_code": 1,
      "status": "Exception"
    },
    {
      "program": "def text_lowercase_underscore(text: str) -> bool:\n    \"\"\"\n\tWrite a function to that returns true if the input string contains sequences of lowercase letters joined with an underscore and false otherwise.\n\t\"\"\"\n    return bool(re.match(r\"^[a-z]+(_[a-z]+)*$\", text))\n\n\ndef check(candidate):\n    assert candidate('aab_cbbbc') == True\n    assert candidate('aab_Abbbc') == False\n    assert candidate('Aaab_abbbc') == False\n\ndef test_check():\n    check(text_lowercase_underscore)\n\ntest_check()\n",
      "timestamp": 1665510546,
      "stdout": "",
      "stderr": "Traceback (most recent call last):\n  File \"/tmp/tmpuzjdy4wu.py\", line 16, in <module>\n    test_check()\n  File \"/tmp/tmpuzjdy4wu.py\", line 14, in test_check\n    check(text_lowercase_underscore)\n  File \"/tmp/tmpuzjdy4wu.py\", line 9, in check\n    assert candidate('aab_cbbbc') == True\n  File \"/tmp/tmpuzjdy4wu.py\", line 5, in text_lowercase_underscore\n    return bool(re.match(r\"^[a-z]+(_[a-z]+)*$\", text))\nNameError: name 're' is not defined\n",
      "exit_code": 1,
      "status": "Exception"
    },
    {
      "program": "def text_lowercase_underscore(text: str) -> bool:\n    \"\"\"\n\tWrite a function to that returns true if the input string contains sequences of lowercase letters joined with an underscore and false otherwise.\n\t\"\"\"\n    return bool(re.search(r\"[a-z]+_[a-z]+\", text))\n\n\ndef check(candidate):\n    assert candidate('aab_cbbbc') == True\n    assert candidate('aab_Abbbc') == False\n    assert candidate('Aaab_abbbc') == False\n\ndef test_check():\n    check(text_lowercase_underscore)\n\ntest_check()\n",
      "timestamp": 1665510546,
      "stdout": "",
      "stderr": "Traceback (most recent call last):\n  File \"/tmp/tmpf_pjg773.py\", line 16, in <module>\n    test_check()\n  File \"/tmp/tmpf_pjg773.py\", line 14, in test_check\n    check(text_lowercase_underscore)\n  File \"/tmp/tmpf_pjg773.py\", line 9, in check\n    assert candidate('aab_cbbbc') == True\n  File \"/tmp/tmpf_pjg773.py\", line 5, in text_lowercase_underscore\n    return bool(re.search(r\"[a-z]+_[a-z]+\", text))\nNameError: name 're' is not defined\n",
      "exit_code": 1,
      "status": "Exception"
    },
    {
      "program": "def text_lowercase_underscore(text: str) -> bool:\n    \"\"\"\n\tWrite a function to that returns true if the input string contains sequences of lowercase letters joined with an underscore and false otherwise.\n\t\"\"\"\n    return bool(re.match(r\"[a-z]+_[a-z]+\", text))\n\n\ndef check(candidate):\n    assert candidate('aab_cbbbc') == True\n    assert candidate('aab_Abbbc') == False\n    assert candidate('Aaab_abbbc') == False\n\ndef test_check():\n    check(text_lowercase_underscore)\n\ntest_check()\n",
      "timestamp": 1665510546,
      "stdout": "",
      "stderr": "Traceback (most recent call last):\n  File \"/tmp/tmpcuecu67i.py\", line 16, in <module>\n    test_check()\n  File \"/tmp/tmpcuecu67i.py\", line 14, in test_check\n    check(text_lowercase_underscore)\n  File \"/tmp/tmpcuecu67i.py\", line 9, in check\n    assert candidate('aab_cbbbc') == True\n  File \"/tmp/tmpcuecu67i.py\", line 5, in text_lowercase_underscore\n    return bool(re.match(r\"[a-z]+_[a-z]+\", text))\nNameError: name 're' is not defined\n",
      "exit_code": 1,
      "status": "Exception"
    },
    {
      "program": "def text_lowercase_underscore(text: str) -> bool:\n    \"\"\"\n\tWrite a function to that returns true if the input string contains sequences of lowercase letters joined with an underscore and false otherwise.\n\t\"\"\"\n    return re.match(r\"[a-z]+(?:_[a-z]+)*\", text) is not None\n\n\ndef check(candidate):\n    assert candidate('aab_cbbbc') == True\n    assert candidate('aab_Abbbc') == False\n    assert candidate('Aaab_abbbc') == False\n\ndef test_check():\n    check(text_lowercase_underscore)\n\ntest_check()\n",
      "timestamp": 1666123367,
      "stdout": "",
      "stderr": "Traceback (most recent call last):\n  File \"/tmp/tmpap_pjebj.py\", line 16, in <module>\n    test_check()\n  File \"/tmp/tmpap_pjebj.py\", line 14, in test_check\n    check(text_lowercase_underscore)\n  File \"/tmp/tmpap_pjebj.py\", line 9, in check\n    assert candidate('aab_cbbbc') == True\n  File \"/tmp/tmpap_pjebj.py\", line 5, in text_lowercase_underscore\n    return re.match(r\"[a-z]+(?:_[a-z]+)*\", text) is not None\nNameError: name 're' is not defined\n",
      "exit_code": 1,
      "status": "Exception"
    },
    {
      "program": "def text_lowercase_underscore(text: str) -> bool:\n    \"\"\"\n\tWrite a function to that returns true if the input string contains sequences of lowercase letters joined with an underscore and false otherwise.\n\t\"\"\"\n    return bool(re.search(r\"[a-z]+_[a-z]+\", text))\n\n\ndef check(candidate):\n    assert candidate('aab_cbbbc') == True\n    assert candidate('aab_Abbbc') == False\n    assert candidate('Aaab_abbbc') == False\n\ndef test_check():\n    check(text_lowercase_underscore)\n\ntest_check()\n",
      "timestamp": 1665510546,
      "stdout": "",
      "stderr": "Traceback (most recent call last):\n  File \"/tmp/tmpf_pjg773.py\", line 16, in <module>\n    test_check()\n  File \"/tmp/tmpf_pjg773.py\", line 14, in test_check\n    check(text_lowercase_underscore)\n  File \"/tmp/tmpf_pjg773.py\", line 9, in check\n    assert candidate('aab_cbbbc') == True\n  File \"/tmp/tmpf_pjg773.py\", line 5, in text_lowercase_underscore\n    return bool(re.search(r\"[a-z]+_[a-z]+\", text))\nNameError: name 're' is not defined\n",
      "exit_code": 1,
      "status": "Exception"
    },
    {
      "program": "def text_lowercase_underscore(text: str) -> bool:\n    \"\"\"\n\tWrite a function to that returns true if the input string contains sequences of lowercase letters joined with an underscore and false otherwise.\n\t\"\"\"\n    return re.match(r\"^[a-z]+(_[a-z]+)*$\", text) is not None\n\n\ndef check(candidate):\n    assert candidate('aab_cbbbc') == True\n    assert candidate('aab_Abbbc') == False\n    assert candidate('Aaab_abbbc') == False\n\ndef test_check():\n    check(text_lowercase_underscore)\n\ntest_check()\n",
      "timestamp": 1666123367,
      "stdout": "",
      "stderr": "Traceback (most recent call last):\n  File \"/tmp/tmp8maz2ow5.py\", line 16, in <module>\n    test_check()\n  File \"/tmp/tmp8maz2ow5.py\", line 14, in test_check\n    check(text_lowercase_underscore)\n  File \"/tmp/tmp8maz2ow5.py\", line 9, in check\n    assert candidate('aab_cbbbc') == True\n  File \"/tmp/tmp8maz2ow5.py\", line 5, in text_lowercase_underscore\n    return re.match(r\"^[a-z]+(_[a-z]+)*$\", text) is not None\nNameError: name 're' is not defined\n",
      "exit_code": 1,
      "status": "Exception"
    },
    {
      "program": "def text_lowercase_underscore(text: str) -> bool:\n    \"\"\"\n\tWrite a function to that returns true if the input string contains sequences of lowercase letters joined with an underscore and false otherwise.\n\t\"\"\"\n    return bool(re.match(r\"[a-z]+_[a-z]+\", text))\n\n\ndef check(candidate):\n    assert candidate('aab_cbbbc') == True\n    assert candidate('aab_Abbbc') == False\n    assert candidate('Aaab_abbbc') == False\n\ndef test_check():\n    check(text_lowercase_underscore)\n\ntest_check()\n",
      "timestamp": 1665510546,
      "stdout": "",
      "stderr": "Traceback (most recent call last):\n  File \"/tmp/tmpcuecu67i.py\", line 16, in <module>\n    test_check()\n  File \"/tmp/tmpcuecu67i.py\", line 14, in test_check\n    check(text_lowercase_underscore)\n  File \"/tmp/tmpcuecu67i.py\", line 9, in check\n    assert candidate('aab_cbbbc') == True\n  File \"/tmp/tmpcuecu67i.py\", line 5, in text_lowercase_underscore\n    return bool(re.match(r\"[a-z]+_[a-z]+\", text))\nNameError: name 're' is not defined\n",
      "exit_code": 1,
      "status": "Exception"
    },
    {
      "program": "def text_lowercase_underscore(text: str) -> bool:\n    \"\"\"\n\tWrite a function to that returns true if the input string contains sequences of lowercase letters joined with an underscore and false otherwise.\n\t\"\"\"\n    return bool(re.match(r\"[a-z]+_[a-z]+\", text))\n\n\ndef check(candidate):\n    assert candidate('aab_cbbbc') == True\n    assert candidate('aab_Abbbc') == False\n    assert candidate('Aaab_abbbc') == False\n\ndef test_check():\n    check(text_lowercase_underscore)\n\ntest_check()\n",
      "timestamp": 1665510546,
      "stdout": "",
      "stderr": "Traceback (most recent call last):\n  File \"/tmp/tmpcuecu67i.py\", line 16, in <module>\n    test_check()\n  File \"/tmp/tmpcuecu67i.py\", line 14, in test_check\n    check(text_lowercase_underscore)\n  File \"/tmp/tmpcuecu67i.py\", line 9, in check\n    assert candidate('aab_cbbbc') == True\n  File \"/tmp/tmpcuecu67i.py\", line 5, in text_lowercase_underscore\n    return bool(re.match(r\"[a-z]+_[a-z]+\", text))\nNameError: name 're' is not defined\n",
      "exit_code": 1,
      "status": "Exception"
    },
    {
      "program": "def text_lowercase_underscore(text: str) -> bool:\n    \"\"\"\n\tWrite a function to that returns true if the input string contains sequences of lowercase letters joined with an underscore and false otherwise.\n\t\"\"\"\n    return bool(re.match(r\"^[a-z]+(_[a-z]+)*$\", text))\n\n\ndef check(candidate):\n    assert candidate('aab_cbbbc') == True\n    assert candidate('aab_Abbbc') == False\n    assert candidate('Aaab_abbbc') == False\n\ndef test_check():\n    check(text_lowercase_underscore)\n\ntest_check()\n",
      "timestamp": 1665510546,
      "stdout": "",
      "stderr": "Traceback (most recent call last):\n  File \"/tmp/tmpuzjdy4wu.py\", line 16, in <module>\n    test_check()\n  File \"/tmp/tmpuzjdy4wu.py\", line 14, in test_check\n    check(text_lowercase_underscore)\n  File \"/tmp/tmpuzjdy4wu.py\", line 9, in check\n    assert candidate('aab_cbbbc') == True\n  File \"/tmp/tmpuzjdy4wu.py\", line 5, in text_lowercase_underscore\n    return bool(re.match(r\"^[a-z]+(_[a-z]+)*$\", text))\nNameError: name 're' is not defined\n",
      "exit_code": 1,
      "status": "Exception"
    },
    {
      "program": "def text_lowercase_underscore(text: str) -> bool:\n    \"\"\"\n\tWrite a function to that returns true if the input string contains sequences of lowercase letters joined with an underscore and false otherwise.\n\t\"\"\"\n    return bool(re.match(r\"^[a-z]+(_[a-z]+)*$\", text))\n\n\ndef check(candidate):\n    assert candidate('aab_cbbbc') == True\n    assert candidate('aab_Abbbc') == False\n    assert candidate('Aaab_abbbc') == False\n\ndef test_check():\n    check(text_lowercase_underscore)\n\ntest_check()\n",
      "timestamp": 1665510546,
      "stdout": "",
      "stderr": "Traceback (most recent call last):\n  File \"/tmp/tmpuzjdy4wu.py\", line 16, in <module>\n    test_check()\n  File \"/tmp/tmpuzjdy4wu.py\", line 14, in test_check\n    check(text_lowercase_underscore)\n  File \"/tmp/tmpuzjdy4wu.py\", line 9, in check\n    assert candidate('aab_cbbbc') == True\n  File \"/tmp/tmpuzjdy4wu.py\", line 5, in text_lowercase_underscore\n    return bool(re.match(r\"^[a-z]+(_[a-z]+)*$\", text))\nNameError: name 're' is not defined\n",
      "exit_code": 1,
      "status": "Exception"
    },
    {
      "program": "def text_lowercase_underscore(text: str) -> bool:\n    \"\"\"\n\tWrite a function to that returns true if the input string contains sequences of lowercase letters joined with an underscore and false otherwise.\n\t\"\"\"\n    return re.match(r\"[a-z]+_[a-z]+\", text) is not None\n\n\ndef check(candidate):\n    assert candidate('aab_cbbbc') == True\n    assert candidate('aab_Abbbc') == False\n    assert candidate('Aaab_abbbc') == False\n\ndef test_check():\n    check(text_lowercase_underscore)\n\ntest_check()\n",
      "timestamp": 1666123367,
      "stdout": "",
      "stderr": "Traceback (most recent call last):\n  File \"/tmp/tmpe8dhuojq.py\", line 16, in <module>\n    test_check()\n  File \"/tmp/tmpe8dhuojq.py\", line 14, in test_check\n    check(text_lowercase_underscore)\n  File \"/tmp/tmpe8dhuojq.py\", line 9, in check\n    assert candidate('aab_cbbbc') == True\n  File \"/tmp/tmpe8dhuojq.py\", line 5, in text_lowercase_underscore\n    return re.match(r\"[a-z]+_[a-z]+\", text) is not None\nNameError: name 're' is not defined\n",
      "exit_code": 1,
      "status": "Exception"
    },
    {
      "program": "def text_lowercase_underscore(text: str) -> bool:\n    \"\"\"\n\tWrite a function to that returns true if the input string contains sequences of lowercase letters joined with an underscore and false otherwise.\n\t\"\"\"\n    return bool(re.match(r\"[a-z]+_[a-z]+\", text))\n\n\ndef check(candidate):\n    assert candidate('aab_cbbbc') == True\n    assert candidate('aab_Abbbc') == False\n    assert candidate('Aaab_abbbc') == False\n\ndef test_check():\n    check(text_lowercase_underscore)\n\ntest_check()\n",
      "timestamp": 1665510546,
      "stdout": "",
      "stderr": "Traceback (most recent call last):\n  File \"/tmp/tmpcuecu67i.py\", line 16, in <module>\n    test_check()\n  File \"/tmp/tmpcuecu67i.py\", line 14, in test_check\n    check(text_lowercase_underscore)\n  File \"/tmp/tmpcuecu67i.py\", line 9, in check\n    assert candidate('aab_cbbbc') == True\n  File \"/tmp/tmpcuecu67i.py\", line 5, in text_lowercase_underscore\n    return bool(re.match(r\"[a-z]+_[a-z]+\", text))\nNameError: name 're' is not defined\n",
      "exit_code": 1,
      "status": "Exception"
    },
    {
      "program": "def text_lowercase_underscore(text: str) -> bool:\n    \"\"\"\n\tWrite a function to that returns true if the input string contains sequences of lowercase letters joined with an underscore and false otherwise.\n\t\"\"\"\n    return bool(re.match(r\"[a-z]+_[a-z]+\", text))\n\n\ndef check(candidate):\n    assert candidate('aab_cbbbc') == True\n    assert candidate('aab_Abbbc') == False\n    assert candidate('Aaab_abbbc') == False\n\ndef test_check():\n    check(text_lowercase_underscore)\n\ntest_check()\n",
      "timestamp": 1665510546,
      "stdout": "",
      "stderr": "Traceback (most recent call last):\n  File \"/tmp/tmpcuecu67i.py\", line 16, in <module>\n    test_check()\n  File \"/tmp/tmpcuecu67i.py\", line 14, in test_check\n    check(text_lowercase_underscore)\n  File \"/tmp/tmpcuecu67i.py\", line 9, in check\n    assert candidate('aab_cbbbc') == True\n  File \"/tmp/tmpcuecu67i.py\", line 5, in text_lowercase_underscore\n    return bool(re.match(r\"[a-z]+_[a-z]+\", text))\nNameError: name 're' is not defined\n",
      "exit_code": 1,
      "status": "Exception"
    },
    {
      "program": "def text_lowercase_underscore(text: str) -> bool:\n    \"\"\"\n\tWrite a function to that returns true if the input string contains sequences of lowercase letters joined with an underscore and false otherwise.\n\t\"\"\"\n    return bool(re.search(r\"[a-z]+_[a-z]+\", text))\n\n\ndef check(candidate):\n    assert candidate('aab_cbbbc') == True\n    assert candidate('aab_Abbbc') == False\n    assert candidate('Aaab_abbbc') == False\n\ndef test_check():\n    check(text_lowercase_underscore)\n\ntest_check()\n",
      "timestamp": 1665510546,
      "stdout": "",
      "stderr": "Traceback (most recent call last):\n  File \"/tmp/tmpf_pjg773.py\", line 16, in <module>\n    test_check()\n  File \"/tmp/tmpf_pjg773.py\", line 14, in test_check\n    check(text_lowercase_underscore)\n  File \"/tmp/tmpf_pjg773.py\", line 9, in check\n    assert candidate('aab_cbbbc') == True\n  File \"/tmp/tmpf_pjg773.py\", line 5, in text_lowercase_underscore\n    return bool(re.search(r\"[a-z]+_[a-z]+\", text))\nNameError: name 're' is not defined\n",
      "exit_code": 1,
      "status": "Exception"
    },
    {
      "program": "def text_lowercase_underscore(text: str) -> bool:\n    \"\"\"\n\tWrite a function to that returns true if the input string contains sequences of lowercase letters joined with an underscore and false otherwise.\n\t\"\"\"\n    return bool(re.search(r\"^[a-z]+(_[a-z]+)*$\", text))\n\n\ndef check(candidate):\n    assert candidate('aab_cbbbc') == True\n    assert candidate('aab_Abbbc') == False\n    assert candidate('Aaab_abbbc') == False\n\ndef test_check():\n    check(text_lowercase_underscore)\n\ntest_check()\n",
      "timestamp": 1665510546,
      "stdout": "",
      "stderr": "Traceback (most recent call last):\n  File \"/tmp/tmpxclvp_et.py\", line 16, in <module>\n    test_check()\n  File \"/tmp/tmpxclvp_et.py\", line 14, in test_check\n    check(text_lowercase_underscore)\n  File \"/tmp/tmpxclvp_et.py\", line 9, in check\n    assert candidate('aab_cbbbc') == True\n  File \"/tmp/tmpxclvp_et.py\", line 5, in text_lowercase_underscore\n    return bool(re.search(r\"^[a-z]+(_[a-z]+)*$\", text))\nNameError: name 're' is not defined\n",
      "exit_code": 1,
      "status": "Exception"
    },
    {
      "program": "def text_lowercase_underscore(text: str) -> bool:\n    \"\"\"\n\tWrite a function to that returns true if the input string contains sequences of lowercase letters joined with an underscore and false otherwise.\n\t\"\"\"\n    return bool(re.search(r\"[a-z]+_[a-z]+\", text))\n\n\nprint(text_lowercase_underscore(\"this_is_a_string\"))\nprint(text_lowercase_underscore(\"thisIsAString\"))\nprint(text_lowercase_underscore(\"thisIsA_String\"))\n\n\ndef check(candidate):\n    assert candidate('aab_cbbbc') == True\n    assert candidate('aab_Abbbc') == False\n    assert candidate('Aaab_abbbc') == False\n\ndef test_check():\n    check(text_lowercase_underscore)\n\ntest_check()\n",
      "timestamp": 1666123367,
      "stdout": "",
      "stderr": "Traceback (most recent call last):\n  File \"/tmp/tmp0xjyqrov.py\", line 8, in <module>\n    print(text_lowercase_underscore(\"this_is_a_string\"))\n  File \"/tmp/tmp0xjyqrov.py\", line 5, in text_lowercase_underscore\n    return bool(re.search(r\"[a-z]+_[a-z]+\", text))\nNameError: name 're' is not defined\n",
      "exit_code": 1,
      "status": "Exception"
    },
    {
      "program": "def text_lowercase_underscore(text: str) -> bool:\n    \"\"\"\n\tWrite a function to that returns true if the input string contains sequences of lowercase letters joined with an underscore and false otherwise.\n\t\"\"\"\n    return bool(re.search(r\"[a-z]+_[a-z]+\", text))\n\n\ndef check(candidate):\n    assert candidate('aab_cbbbc') == True\n    assert candidate('aab_Abbbc') == False\n    assert candidate('Aaab_abbbc') == False\n\ndef test_check():\n    check(text_lowercase_underscore)\n\ntest_check()\n",
      "timestamp": 1665510546,
      "stdout": "",
      "stderr": "Traceback (most recent call last):\n  File \"/tmp/tmpf_pjg773.py\", line 16, in <module>\n    test_check()\n  File \"/tmp/tmpf_pjg773.py\", line 14, in test_check\n    check(text_lowercase_underscore)\n  File \"/tmp/tmpf_pjg773.py\", line 9, in check\n    assert candidate('aab_cbbbc') == True\n  File \"/tmp/tmpf_pjg773.py\", line 5, in text_lowercase_underscore\n    return bool(re.search(r\"[a-z]+_[a-z]+\", text))\nNameError: name 're' is not defined\n",
      "exit_code": 1,
      "status": "Exception"
    },
    {
      "program": "def text_lowercase_underscore(text: str) -> bool:\n    \"\"\"\n\tWrite a function to that returns true if the input string contains sequences of lowercase letters joined with an underscore and false otherwise.\n\t\"\"\"\n    return bool(re.search(r\"[a-z]+_[a-z]+\", text))\n\n\ndef check(candidate):\n    assert candidate('aab_cbbbc') == True\n    assert candidate('aab_Abbbc') == False\n    assert candidate('Aaab_abbbc') == False\n\ndef test_check():\n    check(text_lowercase_underscore)\n\ntest_check()\n",
      "timestamp": 1665510546,
      "stdout": "",
      "stderr": "Traceback (most recent call last):\n  File \"/tmp/tmpf_pjg773.py\", line 16, in <module>\n    test_check()\n  File \"/tmp/tmpf_pjg773.py\", line 14, in test_check\n    check(text_lowercase_underscore)\n  File \"/tmp/tmpf_pjg773.py\", line 9, in check\n    assert candidate('aab_cbbbc') == True\n  File \"/tmp/tmpf_pjg773.py\", line 5, in text_lowercase_underscore\n    return bool(re.search(r\"[a-z]+_[a-z]+\", text))\nNameError: name 're' is not defined\n",
      "exit_code": 1,
      "status": "Exception"
    },
    {
      "program": "def text_lowercase_underscore(text: str) -> bool:\n    \"\"\"\n\tWrite a function to that returns true if the input string contains sequences of lowercase letters joined with an underscore and false otherwise.\n\t\"\"\"\n    return bool(re.match(r\"^[a-z]+(_[a-z]+)*$\", text))\n\n\ndef check(candidate):\n    assert candidate('aab_cbbbc') == True\n    assert candidate('aab_Abbbc') == False\n    assert candidate('Aaab_abbbc') == False\n\ndef test_check():\n    check(text_lowercase_underscore)\n\ntest_check()\n",
      "timestamp": 1665510546,
      "stdout": "",
      "stderr": "Traceback (most recent call last):\n  File \"/tmp/tmpuzjdy4wu.py\", line 16, in <module>\n    test_check()\n  File \"/tmp/tmpuzjdy4wu.py\", line 14, in test_check\n    check(text_lowercase_underscore)\n  File \"/tmp/tmpuzjdy4wu.py\", line 9, in check\n    assert candidate('aab_cbbbc') == True\n  File \"/tmp/tmpuzjdy4wu.py\", line 5, in text_lowercase_underscore\n    return bool(re.match(r\"^[a-z]+(_[a-z]+)*$\", text))\nNameError: name 're' is not defined\n",
      "exit_code": 1,
      "status": "Exception"
    },
    {
      "program": "def text_lowercase_underscore(text: str) -> bool:\n    \"\"\"\n\tWrite a function to that returns true if the input string contains sequences of lowercase letters joined with an underscore and false otherwise.\n\t\"\"\"\n    return bool(re.match(r\"[a-z]+_[a-z]+\", text))\n\n\ndef check(candidate):\n    assert candidate('aab_cbbbc') == True\n    assert candidate('aab_Abbbc') == False\n    assert candidate('Aaab_abbbc') == False\n\ndef test_check():\n    check(text_lowercase_underscore)\n\ntest_check()\n",
      "timestamp": 1665510546,
      "stdout": "",
      "stderr": "Traceback (most recent call last):\n  File \"/tmp/tmpcuecu67i.py\", line 16, in <module>\n    test_check()\n  File \"/tmp/tmpcuecu67i.py\", line 14, in test_check\n    check(text_lowercase_underscore)\n  File \"/tmp/tmpcuecu67i.py\", line 9, in check\n    assert candidate('aab_cbbbc') == True\n  File \"/tmp/tmpcuecu67i.py\", line 5, in text_lowercase_underscore\n    return bool(re.match(r\"[a-z]+_[a-z]+\", text))\nNameError: name 're' is not defined\n",
      "exit_code": 1,
      "status": "Exception"
    },
    {
      "program": "def text_lowercase_underscore(text: str) -> bool:\n    \"\"\"\n\tWrite a function to that returns true if the input string contains sequences of lowercase letters joined with an underscore and false otherwise.\n\t\"\"\"\n    return bool(re.search(r\"[a-z]+_[a-z]+\", text))\n\n\ndef check(candidate):\n    assert candidate('aab_cbbbc') == True\n    assert candidate('aab_Abbbc') == False\n    assert candidate('Aaab_abbbc') == False\n\ndef test_check():\n    check(text_lowercase_underscore)\n\ntest_check()\n",
      "timestamp": 1665510546,
      "stdout": "",
      "stderr": "Traceback (most recent call last):\n  File \"/tmp/tmpf_pjg773.py\", line 16, in <module>\n    test_check()\n  File \"/tmp/tmpf_pjg773.py\", line 14, in test_check\n    check(text_lowercase_underscore)\n  File \"/tmp/tmpf_pjg773.py\", line 9, in check\n    assert candidate('aab_cbbbc') == True\n  File \"/tmp/tmpf_pjg773.py\", line 5, in text_lowercase_underscore\n    return bool(re.search(r\"[a-z]+_[a-z]+\", text))\nNameError: name 're' is not defined\n",
      "exit_code": 1,
      "status": "Exception"
    },
    {
      "program": "def text_lowercase_underscore(text: str) -> bool:\n    \"\"\"\n\tWrite a function to that returns true if the input string contains sequences of lowercase letters joined with an underscore and false otherwise.\n\t\"\"\"\n    return bool(re.match(r\"^[a-z]+(_[a-z]+)*$\", text))\n\n\ndef check(candidate):\n    assert candidate('aab_cbbbc') == True\n    assert candidate('aab_Abbbc') == False\n    assert candidate('Aaab_abbbc') == False\n\ndef test_check():\n    check(text_lowercase_underscore)\n\ntest_check()\n",
      "timestamp": 1665510546,
      "stdout": "",
      "stderr": "Traceback (most recent call last):\n  File \"/tmp/tmpuzjdy4wu.py\", line 16, in <module>\n    test_check()\n  File \"/tmp/tmpuzjdy4wu.py\", line 14, in test_check\n    check(text_lowercase_underscore)\n  File \"/tmp/tmpuzjdy4wu.py\", line 9, in check\n    assert candidate('aab_cbbbc') == True\n  File \"/tmp/tmpuzjdy4wu.py\", line 5, in text_lowercase_underscore\n    return bool(re.match(r\"^[a-z]+(_[a-z]+)*$\", text))\nNameError: name 're' is not defined\n",
      "exit_code": 1,
      "status": "Exception"
    },
    {
      "program": "def text_lowercase_underscore(text: str) -> bool:\n    \"\"\"\n\tWrite a function to that returns true if the input string contains sequences of lowercase letters joined with an underscore and false otherwise.\n\t\"\"\"\n    return bool(re.search(r\"[a-z]+_[a-z]+\", text))\n\n\ndef check(candidate):\n    assert candidate('aab_cbbbc') == True\n    assert candidate('aab_Abbbc') == False\n    assert candidate('Aaab_abbbc') == False\n\ndef test_check():\n    check(text_lowercase_underscore)\n\ntest_check()\n",
      "timestamp": 1665510546,
      "stdout": "",
      "stderr": "Traceback (most recent call last):\n  File \"/tmp/tmpf_pjg773.py\", line 16, in <module>\n    test_check()\n  File \"/tmp/tmpf_pjg773.py\", line 14, in test_check\n    check(text_lowercase_underscore)\n  File \"/tmp/tmpf_pjg773.py\", line 9, in check\n    assert candidate('aab_cbbbc') == True\n  File \"/tmp/tmpf_pjg773.py\", line 5, in text_lowercase_underscore\n    return bool(re.search(r\"[a-z]+_[a-z]+\", text))\nNameError: name 're' is not defined\n",
      "exit_code": 1,
      "status": "Exception"
    },
    {
      "program": "def text_lowercase_underscore(text: str) -> bool:\n    \"\"\"\n\tWrite a function to that returns true if the input string contains sequences of lowercase letters joined with an underscore and false otherwise.\n\t\"\"\"\n    return bool(re.match(r\"[a-z]+(_[a-z]+)*\", text))\n\n\ndef check(candidate):\n    assert candidate('aab_cbbbc') == True\n    assert candidate('aab_Abbbc') == False\n    assert candidate('Aaab_abbbc') == False\n\ndef test_check():\n    check(text_lowercase_underscore)\n\ntest_check()\n",
      "timestamp": 1666123367,
      "stdout": "",
      "stderr": "Traceback (most recent call last):\n  File \"/tmp/tmpnog9_xkk.py\", line 16, in <module>\n    test_check()\n  File \"/tmp/tmpnog9_xkk.py\", line 14, in test_check\n    check(text_lowercase_underscore)\n  File \"/tmp/tmpnog9_xkk.py\", line 9, in check\n    assert candidate('aab_cbbbc') == True\n  File \"/tmp/tmpnog9_xkk.py\", line 5, in text_lowercase_underscore\n    return bool(re.match(r\"[a-z]+(_[a-z]+)*\", text))\nNameError: name 're' is not defined\n",
      "exit_code": 1,
      "status": "Exception"
    },
    {
      "program": "def text_lowercase_underscore(text: str) -> bool:\n    \"\"\"\n\tWrite a function to that returns true if the input string contains sequences of lowercase letters joined with an underscore and false otherwise.\n\t\"\"\"\n    return bool(re.search(r\"[a-z]+_[a-z]+\", text))\n\n\ndef check(candidate):\n    assert candidate('aab_cbbbc') == True\n    assert candidate('aab_Abbbc') == False\n    assert candidate('Aaab_abbbc') == False\n\ndef test_check():\n    check(text_lowercase_underscore)\n\ntest_check()\n",
      "timestamp": 1665510546,
      "stdout": "",
      "stderr": "Traceback (most recent call last):\n  File \"/tmp/tmpf_pjg773.py\", line 16, in <module>\n    test_check()\n  File \"/tmp/tmpf_pjg773.py\", line 14, in test_check\n    check(text_lowercase_underscore)\n  File \"/tmp/tmpf_pjg773.py\", line 9, in check\n    assert candidate('aab_cbbbc') == True\n  File \"/tmp/tmpf_pjg773.py\", line 5, in text_lowercase_underscore\n    return bool(re.search(r\"[a-z]+_[a-z]+\", text))\nNameError: name 're' is not defined\n",
      "exit_code": 1,
      "status": "Exception"
    },
    {
      "program": "def text_lowercase_underscore(text: str) -> bool:\n    \"\"\"\n\tWrite a function to that returns true if the input string contains sequences of lowercase letters joined with an underscore and false otherwise.\n\t\"\"\"\n    return bool(re.search(r\"^[a-z]+(_[a-z]+)*$\", text))\n\n\ndef check(candidate):\n    assert candidate('aab_cbbbc') == True\n    assert candidate('aab_Abbbc') == False\n    assert candidate('Aaab_abbbc') == False\n\ndef test_check():\n    check(text_lowercase_underscore)\n\ntest_check()\n",
      "timestamp": 1665510546,
      "stdout": "",
      "stderr": "Traceback (most recent call last):\n  File \"/tmp/tmpxclvp_et.py\", line 16, in <module>\n    test_check()\n  File \"/tmp/tmpxclvp_et.py\", line 14, in test_check\n    check(text_lowercase_underscore)\n  File \"/tmp/tmpxclvp_et.py\", line 9, in check\n    assert candidate('aab_cbbbc') == True\n  File \"/tmp/tmpxclvp_et.py\", line 5, in text_lowercase_underscore\n    return bool(re.search(r\"^[a-z]+(_[a-z]+)*$\", text))\nNameError: name 're' is not defined\n",
      "exit_code": 1,
      "status": "Exception"
    },
    {
      "program": "def text_lowercase_underscore(text: str) -> bool:\n    \"\"\"\n\tWrite a function to that returns true if the input string contains sequences of lowercase letters joined with an underscore and false otherwise.\n\t\"\"\"\n    return bool(re.match(r\"^[a-z]+(_[a-z]+)*$\", text))\n\n\ndef check(candidate):\n    assert candidate('aab_cbbbc') == True\n    assert candidate('aab_Abbbc') == False\n    assert candidate('Aaab_abbbc') == False\n\ndef test_check():\n    check(text_lowercase_underscore)\n\ntest_check()\n",
      "timestamp": 1665510546,
      "stdout": "",
      "stderr": "Traceback (most recent call last):\n  File \"/tmp/tmpuzjdy4wu.py\", line 16, in <module>\n    test_check()\n  File \"/tmp/tmpuzjdy4wu.py\", line 14, in test_check\n    check(text_lowercase_underscore)\n  File \"/tmp/tmpuzjdy4wu.py\", line 9, in check\n    assert candidate('aab_cbbbc') == True\n  File \"/tmp/tmpuzjdy4wu.py\", line 5, in text_lowercase_underscore\n    return bool(re.match(r\"^[a-z]+(_[a-z]+)*$\", text))\nNameError: name 're' is not defined\n",
      "exit_code": 1,
      "status": "Exception"
    },
    {
      "program": "def text_lowercase_underscore(text: str) -> bool:\n    \"\"\"\n\tWrite a function to that returns true if the input string contains sequences of lowercase letters joined with an underscore and false otherwise.\n\t\"\"\"\n    return bool(re.match(r\"^[a-z]+(_[a-z]+)*$\", text))\n\n\ndef check(candidate):\n    assert candidate('aab_cbbbc') == True\n    assert candidate('aab_Abbbc') == False\n    assert candidate('Aaab_abbbc') == False\n\ndef test_check():\n    check(text_lowercase_underscore)\n\ntest_check()\n",
      "timestamp": 1665510546,
      "stdout": "",
      "stderr": "Traceback (most recent call last):\n  File \"/tmp/tmpuzjdy4wu.py\", line 16, in <module>\n    test_check()\n  File \"/tmp/tmpuzjdy4wu.py\", line 14, in test_check\n    check(text_lowercase_underscore)\n  File \"/tmp/tmpuzjdy4wu.py\", line 9, in check\n    assert candidate('aab_cbbbc') == True\n  File \"/tmp/tmpuzjdy4wu.py\", line 5, in text_lowercase_underscore\n    return bool(re.match(r\"^[a-z]+(_[a-z]+)*$\", text))\nNameError: name 're' is not defined\n",
      "exit_code": 1,
      "status": "Exception"
    },
    {
      "program": "def text_lowercase_underscore(text: str) -> bool:\n    \"\"\"\n\tWrite a function to that returns true if the input string contains sequences of lowercase letters joined with an underscore and false otherwise.\n\t\"\"\"\n    return bool(re.match(r\"^[a-z]+(_[a-z]+)*$\", text))\n\n\ndef check(candidate):\n    assert candidate('aab_cbbbc') == True\n    assert candidate('aab_Abbbc') == False\n    assert candidate('Aaab_abbbc') == False\n\ndef test_check():\n    check(text_lowercase_underscore)\n\ntest_check()\n",
      "timestamp": 1665510546,
      "stdout": "",
      "stderr": "Traceback (most recent call last):\n  File \"/tmp/tmpuzjdy4wu.py\", line 16, in <module>\n    test_check()\n  File \"/tmp/tmpuzjdy4wu.py\", line 14, in test_check\n    check(text_lowercase_underscore)\n  File \"/tmp/tmpuzjdy4wu.py\", line 9, in check\n    assert candidate('aab_cbbbc') == True\n  File \"/tmp/tmpuzjdy4wu.py\", line 5, in text_lowercase_underscore\n    return bool(re.match(r\"^[a-z]+(_[a-z]+)*$\", text))\nNameError: name 're' is not defined\n",
      "exit_code": 1,
      "status": "Exception"
    },
    {
      "program": "def text_lowercase_underscore(text: str) -> bool:\n    \"\"\"\n\tWrite a function to that returns true if the input string contains sequences of lowercase letters joined with an underscore and false otherwise.\n\t\"\"\"\n    return bool(re.match(r\"^[a-z]+(_[a-z]+)*$\", text))\n\n\ndef check(candidate):\n    assert candidate('aab_cbbbc') == True\n    assert candidate('aab_Abbbc') == False\n    assert candidate('Aaab_abbbc') == False\n\ndef test_check():\n    check(text_lowercase_underscore)\n\ntest_check()\n",
      "timestamp": 1665510546,
      "stdout": "",
      "stderr": "Traceback (most recent call last):\n  File \"/tmp/tmpuzjdy4wu.py\", line 16, in <module>\n    test_check()\n  File \"/tmp/tmpuzjdy4wu.py\", line 14, in test_check\n    check(text_lowercase_underscore)\n  File \"/tmp/tmpuzjdy4wu.py\", line 9, in check\n    assert candidate('aab_cbbbc') == True\n  File \"/tmp/tmpuzjdy4wu.py\", line 5, in text_lowercase_underscore\n    return bool(re.match(r\"^[a-z]+(_[a-z]+)*$\", text))\nNameError: name 're' is not defined\n",
      "exit_code": 1,
      "status": "Exception"
    },
    {
      "program": "def text_lowercase_underscore(text: str) -> bool:\n    \"\"\"\n\tWrite a function to that returns true if the input string contains sequences of lowercase letters joined with an underscore and false otherwise.\n\t\"\"\"\n    return bool(re.match(r\"^[a-z]+(_[a-z]+)*$\", text))\n\n\ndef check(candidate):\n    assert candidate('aab_cbbbc') == True\n    assert candidate('aab_Abbbc') == False\n    assert candidate('Aaab_abbbc') == False\n\ndef test_check():\n    check(text_lowercase_underscore)\n\ntest_check()\n",
      "timestamp": 1665510546,
      "stdout": "",
      "stderr": "Traceback (most recent call last):\n  File \"/tmp/tmpuzjdy4wu.py\", line 16, in <module>\n    test_check()\n  File \"/tmp/tmpuzjdy4wu.py\", line 14, in test_check\n    check(text_lowercase_underscore)\n  File \"/tmp/tmpuzjdy4wu.py\", line 9, in check\n    assert candidate('aab_cbbbc') == True\n  File \"/tmp/tmpuzjdy4wu.py\", line 5, in text_lowercase_underscore\n    return bool(re.match(r\"^[a-z]+(_[a-z]+)*$\", text))\nNameError: name 're' is not defined\n",
      "exit_code": 1,
      "status": "Exception"
    },
    {
      "program": "def text_lowercase_underscore(text: str) -> bool:\n    \"\"\"\n\tWrite a function to that returns true if the input string contains sequences of lowercase letters joined with an underscore and false otherwise.\n\t\"\"\"\n    return bool(re.search(r\"[a-z]+_[a-z]+\", text))\n\n\ndef check(candidate):\n    assert candidate('aab_cbbbc') == True\n    assert candidate('aab_Abbbc') == False\n    assert candidate('Aaab_abbbc') == False\n\ndef test_check():\n    check(text_lowercase_underscore)\n\ntest_check()\n",
      "timestamp": 1665510546,
      "stdout": "",
      "stderr": "Traceback (most recent call last):\n  File \"/tmp/tmpf_pjg773.py\", line 16, in <module>\n    test_check()\n  File \"/tmp/tmpf_pjg773.py\", line 14, in test_check\n    check(text_lowercase_underscore)\n  File \"/tmp/tmpf_pjg773.py\", line 9, in check\n    assert candidate('aab_cbbbc') == True\n  File \"/tmp/tmpf_pjg773.py\", line 5, in text_lowercase_underscore\n    return bool(re.search(r\"[a-z]+_[a-z]+\", text))\nNameError: name 're' is not defined\n",
      "exit_code": 1,
      "status": "Exception"
    },
    {
      "program": "def text_lowercase_underscore(text: str) -> bool:\n    \"\"\"\n\tWrite a function to that returns true if the input string contains sequences of lowercase letters joined with an underscore and false otherwise.\n\t\"\"\"\n    return bool(re.match(r\"^[a-z]+(_[a-z]+)*$\", text))\n\n\ndef check(candidate):\n    assert candidate('aab_cbbbc') == True\n    assert candidate('aab_Abbbc') == False\n    assert candidate('Aaab_abbbc') == False\n\ndef test_check():\n    check(text_lowercase_underscore)\n\ntest_check()\n",
      "timestamp": 1665510546,
      "stdout": "",
      "stderr": "Traceback (most recent call last):\n  File \"/tmp/tmpuzjdy4wu.py\", line 16, in <module>\n    test_check()\n  File \"/tmp/tmpuzjdy4wu.py\", line 14, in test_check\n    check(text_lowercase_underscore)\n  File \"/tmp/tmpuzjdy4wu.py\", line 9, in check\n    assert candidate('aab_cbbbc') == True\n  File \"/tmp/tmpuzjdy4wu.py\", line 5, in text_lowercase_underscore\n    return bool(re.match(r\"^[a-z]+(_[a-z]+)*$\", text))\nNameError: name 're' is not defined\n",
      "exit_code": 1,
      "status": "Exception"
    },
    {
      "program": "def text_lowercase_underscore(text: str) -> bool:\n    \"\"\"\n\tWrite a function to that returns true if the input string contains sequences of lowercase letters joined with an underscore and false otherwise.\n\t\"\"\"\n    return bool(re.match(r\"^[a-z]+(_[a-z]+)*$\", text))\n\n\ndef check(candidate):\n    assert candidate('aab_cbbbc') == True\n    assert candidate('aab_Abbbc') == False\n    assert candidate('Aaab_abbbc') == False\n\ndef test_check():\n    check(text_lowercase_underscore)\n\ntest_check()\n",
      "timestamp": 1665510546,
      "stdout": "",
      "stderr": "Traceback (most recent call last):\n  File \"/tmp/tmpuzjdy4wu.py\", line 16, in <module>\n    test_check()\n  File \"/tmp/tmpuzjdy4wu.py\", line 14, in test_check\n    check(text_lowercase_underscore)\n  File \"/tmp/tmpuzjdy4wu.py\", line 9, in check\n    assert candidate('aab_cbbbc') == True\n  File \"/tmp/tmpuzjdy4wu.py\", line 5, in text_lowercase_underscore\n    return bool(re.match(r\"^[a-z]+(_[a-z]+)*$\", text))\nNameError: name 're' is not defined\n",
      "exit_code": 1,
      "status": "Exception"
    },
    {
      "program": "def text_lowercase_underscore(text: str) -> bool:\n    \"\"\"\n\tWrite a function to that returns true if the input string contains sequences of lowercase letters joined with an underscore and false otherwise.\n\t\"\"\"\n    return bool(re.match(r\"[a-z]+_[a-z]+\", text))\n\n\ndef check(candidate):\n    assert candidate('aab_cbbbc') == True\n    assert candidate('aab_Abbbc') == False\n    assert candidate('Aaab_abbbc') == False\n\ndef test_check():\n    check(text_lowercase_underscore)\n\ntest_check()\n",
      "timestamp": 1665510546,
      "stdout": "",
      "stderr": "Traceback (most recent call last):\n  File \"/tmp/tmpcuecu67i.py\", line 16, in <module>\n    test_check()\n  File \"/tmp/tmpcuecu67i.py\", line 14, in test_check\n    check(text_lowercase_underscore)\n  File \"/tmp/tmpcuecu67i.py\", line 9, in check\n    assert candidate('aab_cbbbc') == True\n  File \"/tmp/tmpcuecu67i.py\", line 5, in text_lowercase_underscore\n    return bool(re.match(r\"[a-z]+_[a-z]+\", text))\nNameError: name 're' is not defined\n",
      "exit_code": 1,
      "status": "Exception"
    },
    {
      "program": "def text_lowercase_underscore(text: str) -> bool:\n    \"\"\"\n\tWrite a function to that returns true if the input string contains sequences of lowercase letters joined with an underscore and false otherwise.\n\t\"\"\"\n    return bool(re.search(r\"[a-z]+_[a-z]+\", text))\n\n\ndef check(candidate):\n    assert candidate('aab_cbbbc') == True\n    assert candidate('aab_Abbbc') == False\n    assert candidate('Aaab_abbbc') == False\n\ndef test_check():\n    check(text_lowercase_underscore)\n\ntest_check()\n",
      "timestamp": 1665510546,
      "stdout": "",
      "stderr": "Traceback (most recent call last):\n  File \"/tmp/tmpf_pjg773.py\", line 16, in <module>\n    test_check()\n  File \"/tmp/tmpf_pjg773.py\", line 14, in test_check\n    check(text_lowercase_underscore)\n  File \"/tmp/tmpf_pjg773.py\", line 9, in check\n    assert candidate('aab_cbbbc') == True\n  File \"/tmp/tmpf_pjg773.py\", line 5, in text_lowercase_underscore\n    return bool(re.search(r\"[a-z]+_[a-z]+\", text))\nNameError: name 're' is not defined\n",
      "exit_code": 1,
      "status": "Exception"
    },
    {
      "program": "def text_lowercase_underscore(text: str) -> bool:\n    \"\"\"\n\tWrite a function to that returns true if the input string contains sequences of lowercase letters joined with an underscore and false otherwise.\n\t\"\"\"\n    return bool(re.search(r\"[a-z]+_[a-z]+\", text))\n\n\ndef check(candidate):\n    assert candidate('aab_cbbbc') == True\n    assert candidate('aab_Abbbc') == False\n    assert candidate('Aaab_abbbc') == False\n\ndef test_check():\n    check(text_lowercase_underscore)\n\ntest_check()\n",
      "timestamp": 1665510546,
      "stdout": "",
      "stderr": "Traceback (most recent call last):\n  File \"/tmp/tmpf_pjg773.py\", line 16, in <module>\n    test_check()\n  File \"/tmp/tmpf_pjg773.py\", line 14, in test_check\n    check(text_lowercase_underscore)\n  File \"/tmp/tmpf_pjg773.py\", line 9, in check\n    assert candidate('aab_cbbbc') == True\n  File \"/tmp/tmpf_pjg773.py\", line 5, in text_lowercase_underscore\n    return bool(re.search(r\"[a-z]+_[a-z]+\", text))\nNameError: name 're' is not defined\n",
      "exit_code": 1,
      "status": "Exception"
    },
    {
      "program": "def text_lowercase_underscore(text: str) -> bool:\n    \"\"\"\n\tWrite a function to that returns true if the input string contains sequences of lowercase letters joined with an underscore and false otherwise.\n\t\"\"\"\n    return bool(re.match(r\"[a-z]+_[a-z]+\", text))\n\n\ndef check(candidate):\n    assert candidate('aab_cbbbc') == True\n    assert candidate('aab_Abbbc') == False\n    assert candidate('Aaab_abbbc') == False\n\ndef test_check():\n    check(text_lowercase_underscore)\n\ntest_check()\n",
      "timestamp": 1665510546,
      "stdout": "",
      "stderr": "Traceback (most recent call last):\n  File \"/tmp/tmpcuecu67i.py\", line 16, in <module>\n    test_check()\n  File \"/tmp/tmpcuecu67i.py\", line 14, in test_check\n    check(text_lowercase_underscore)\n  File \"/tmp/tmpcuecu67i.py\", line 9, in check\n    assert candidate('aab_cbbbc') == True\n  File \"/tmp/tmpcuecu67i.py\", line 5, in text_lowercase_underscore\n    return bool(re.match(r\"[a-z]+_[a-z]+\", text))\nNameError: name 're' is not defined\n",
      "exit_code": 1,
      "status": "Exception"
    },
    {
      "program": "def text_lowercase_underscore(text: str) -> bool:\n    \"\"\"\n\tWrite a function to that returns true if the input string contains sequences of lowercase letters joined with an underscore and false otherwise.\n\t\"\"\"\n    return bool(re.search(r\"^[a-z]+(_[a-z]+)*$\", text))\n\n\ndef check(candidate):\n    assert candidate('aab_cbbbc') == True\n    assert candidate('aab_Abbbc') == False\n    assert candidate('Aaab_abbbc') == False\n\ndef test_check():\n    check(text_lowercase_underscore)\n\ntest_check()\n",
      "timestamp": 1665510546,
      "stdout": "",
      "stderr": "Traceback (most recent call last):\n  File \"/tmp/tmpxclvp_et.py\", line 16, in <module>\n    test_check()\n  File \"/tmp/tmpxclvp_et.py\", line 14, in test_check\n    check(text_lowercase_underscore)\n  File \"/tmp/tmpxclvp_et.py\", line 9, in check\n    assert candidate('aab_cbbbc') == True\n  File \"/tmp/tmpxclvp_et.py\", line 5, in text_lowercase_underscore\n    return bool(re.search(r\"^[a-z]+(_[a-z]+)*$\", text))\nNameError: name 're' is not defined\n",
      "exit_code": 1,
      "status": "Exception"
    },
    {
      "program": "def text_lowercase_underscore(text: str) -> bool:\n    \"\"\"\n\tWrite a function to that returns true if the input string contains sequences of lowercase letters joined with an underscore and false otherwise.\n\t\"\"\"\n    return bool(re.search(r\"[a-z]+_[a-z]+\", text))\n\n\ndef check(candidate):\n    assert candidate('aab_cbbbc') == True\n    assert candidate('aab_Abbbc') == False\n    assert candidate('Aaab_abbbc') == False\n\ndef test_check():\n    check(text_lowercase_underscore)\n\ntest_check()\n",
      "timestamp": 1665510546,
      "stdout": "",
      "stderr": "Traceback (most recent call last):\n  File \"/tmp/tmpf_pjg773.py\", line 16, in <module>\n    test_check()\n  File \"/tmp/tmpf_pjg773.py\", line 14, in test_check\n    check(text_lowercase_underscore)\n  File \"/tmp/tmpf_pjg773.py\", line 9, in check\n    assert candidate('aab_cbbbc') == True\n  File \"/tmp/tmpf_pjg773.py\", line 5, in text_lowercase_underscore\n    return bool(re.search(r\"[a-z]+_[a-z]+\", text))\nNameError: name 're' is not defined\n",
      "exit_code": 1,
      "status": "Exception"
    },
    {
      "program": "def text_lowercase_underscore(text: str) -> bool:\n    \"\"\"\n\tWrite a function to that returns true if the input string contains sequences of lowercase letters joined with an underscore and false otherwise.\n\t\"\"\"\n    return bool(re.search(r\"[a-z]+_[a-z]+\", text))\n\n\ndef check(candidate):\n    assert candidate('aab_cbbbc') == True\n    assert candidate('aab_Abbbc') == False\n    assert candidate('Aaab_abbbc') == False\n\ndef test_check():\n    check(text_lowercase_underscore)\n\ntest_check()\n",
      "timestamp": 1665510546,
      "stdout": "",
      "stderr": "Traceback (most recent call last):\n  File \"/tmp/tmpf_pjg773.py\", line 16, in <module>\n    test_check()\n  File \"/tmp/tmpf_pjg773.py\", line 14, in test_check\n    check(text_lowercase_underscore)\n  File \"/tmp/tmpf_pjg773.py\", line 9, in check\n    assert candidate('aab_cbbbc') == True\n  File \"/tmp/tmpf_pjg773.py\", line 5, in text_lowercase_underscore\n    return bool(re.search(r\"[a-z]+_[a-z]+\", text))\nNameError: name 're' is not defined\n",
      "exit_code": 1,
      "status": "Exception"
    },
    {
      "program": "def text_lowercase_underscore(text: str) -> bool:\n    \"\"\"\n\tWrite a function to that returns true if the input string contains sequences of lowercase letters joined with an underscore and false otherwise.\n\t\"\"\"\n    return bool(re.match(r\"^[a-z]+(_[a-z]+)*$\", text))\n\n\ndef check(candidate):\n    assert candidate('aab_cbbbc') == True\n    assert candidate('aab_Abbbc') == False\n    assert candidate('Aaab_abbbc') == False\n\ndef test_check():\n    check(text_lowercase_underscore)\n\ntest_check()\n",
      "timestamp": 1665510546,
      "stdout": "",
      "stderr": "Traceback (most recent call last):\n  File \"/tmp/tmpuzjdy4wu.py\", line 16, in <module>\n    test_check()\n  File \"/tmp/tmpuzjdy4wu.py\", line 14, in test_check\n    check(text_lowercase_underscore)\n  File \"/tmp/tmpuzjdy4wu.py\", line 9, in check\n    assert candidate('aab_cbbbc') == True\n  File \"/tmp/tmpuzjdy4wu.py\", line 5, in text_lowercase_underscore\n    return bool(re.match(r\"^[a-z]+(_[a-z]+)*$\", text))\nNameError: name 're' is not defined\n",
      "exit_code": 1,
      "status": "Exception"
    },
    {
      "program": "def text_lowercase_underscore(text: str) -> bool:\n    \"\"\"\n\tWrite a function to that returns true if the input string contains sequences of lowercase letters joined with an underscore and false otherwise.\n\t\"\"\"\n    return bool(re.search(r\"[a-z]+_[a-z]+\", text))\n\n\ndef check(candidate):\n    assert candidate('aab_cbbbc') == True\n    assert candidate('aab_Abbbc') == False\n    assert candidate('Aaab_abbbc') == False\n\ndef test_check():\n    check(text_lowercase_underscore)\n\ntest_check()\n",
      "timestamp": 1665510546,
      "stdout": "",
      "stderr": "Traceback (most recent call last):\n  File \"/tmp/tmpf_pjg773.py\", line 16, in <module>\n    test_check()\n  File \"/tmp/tmpf_pjg773.py\", line 14, in test_check\n    check(text_lowercase_underscore)\n  File \"/tmp/tmpf_pjg773.py\", line 9, in check\n    assert candidate('aab_cbbbc') == True\n  File \"/tmp/tmpf_pjg773.py\", line 5, in text_lowercase_underscore\n    return bool(re.search(r\"[a-z]+_[a-z]+\", text))\nNameError: name 're' is not defined\n",
      "exit_code": 1,
      "status": "Exception"
    },
    {
      "program": "def text_lowercase_underscore(text: str) -> bool:\n    \"\"\"\n\tWrite a function to that returns true if the input string contains sequences of lowercase letters joined with an underscore and false otherwise.\n\t\"\"\"\n    return bool(re.match(r\"^[a-z]+(_[a-z]+)*$\", text))\n\n\ndef check(candidate):\n    assert candidate('aab_cbbbc') == True\n    assert candidate('aab_Abbbc') == False\n    assert candidate('Aaab_abbbc') == False\n\ndef test_check():\n    check(text_lowercase_underscore)\n\ntest_check()\n",
      "timestamp": 1665510546,
      "stdout": "",
      "stderr": "Traceback (most recent call last):\n  File \"/tmp/tmpuzjdy4wu.py\", line 16, in <module>\n    test_check()\n  File \"/tmp/tmpuzjdy4wu.py\", line 14, in test_check\n    check(text_lowercase_underscore)\n  File \"/tmp/tmpuzjdy4wu.py\", line 9, in check\n    assert candidate('aab_cbbbc') == True\n  File \"/tmp/tmpuzjdy4wu.py\", line 5, in text_lowercase_underscore\n    return bool(re.match(r\"^[a-z]+(_[a-z]+)*$\", text))\nNameError: name 're' is not defined\n",
      "exit_code": 1,
      "status": "Exception"
    },
    {
      "program": "def text_lowercase_underscore(text: str) -> bool:\n    \"\"\"\n\tWrite a function to that returns true if the input string contains sequences of lowercase letters joined with an underscore and false otherwise.\n\t\"\"\"\n    return bool(re.match(r\"[a-z]+_[a-z]+\", text))\n\n\ndef check(candidate):\n    assert candidate('aab_cbbbc') == True\n    assert candidate('aab_Abbbc') == False\n    assert candidate('Aaab_abbbc') == False\n\ndef test_check():\n    check(text_lowercase_underscore)\n\ntest_check()\n",
      "timestamp": 1665510546,
      "stdout": "",
      "stderr": "Traceback (most recent call last):\n  File \"/tmp/tmpcuecu67i.py\", line 16, in <module>\n    test_check()\n  File \"/tmp/tmpcuecu67i.py\", line 14, in test_check\n    check(text_lowercase_underscore)\n  File \"/tmp/tmpcuecu67i.py\", line 9, in check\n    assert candidate('aab_cbbbc') == True\n  File \"/tmp/tmpcuecu67i.py\", line 5, in text_lowercase_underscore\n    return bool(re.match(r\"[a-z]+_[a-z]+\", text))\nNameError: name 're' is not defined\n",
      "exit_code": 1,
      "status": "Exception"
    },
    {
      "program": "def text_lowercase_underscore(text: str) -> bool:\n    \"\"\"\n\tWrite a function to that returns true if the input string contains sequences of lowercase letters joined with an underscore and false otherwise.\n\t\"\"\"\n    return bool(re.match(r\"[a-z]+_[a-z]+\", text))\n\n\ndef check(candidate):\n    assert candidate('aab_cbbbc') == True\n    assert candidate('aab_Abbbc') == False\n    assert candidate('Aaab_abbbc') == False\n\ndef test_check():\n    check(text_lowercase_underscore)\n\ntest_check()\n",
      "timestamp": 1665510546,
      "stdout": "",
      "stderr": "Traceback (most recent call last):\n  File \"/tmp/tmpcuecu67i.py\", line 16, in <module>\n    test_check()\n  File \"/tmp/tmpcuecu67i.py\", line 14, in test_check\n    check(text_lowercase_underscore)\n  File \"/tmp/tmpcuecu67i.py\", line 9, in check\n    assert candidate('aab_cbbbc') == True\n  File \"/tmp/tmpcuecu67i.py\", line 5, in text_lowercase_underscore\n    return bool(re.match(r\"[a-z]+_[a-z]+\", text))\nNameError: name 're' is not defined\n",
      "exit_code": 1,
      "status": "Exception"
    },
    {
      "program": "def text_lowercase_underscore(text: str) -> bool:\n    \"\"\"\n\tWrite a function to that returns true if the input string contains sequences of lowercase letters joined with an underscore and false otherwise.\n\t\"\"\"\n    return bool(re.search(r\"[a-z]+_[a-z]+\", text))\n\n\ndef check(candidate):\n    assert candidate('aab_cbbbc') == True\n    assert candidate('aab_Abbbc') == False\n    assert candidate('Aaab_abbbc') == False\n\ndef test_check():\n    check(text_lowercase_underscore)\n\ntest_check()\n",
      "timestamp": 1665510546,
      "stdout": "",
      "stderr": "Traceback (most recent call last):\n  File \"/tmp/tmpf_pjg773.py\", line 16, in <module>\n    test_check()\n  File \"/tmp/tmpf_pjg773.py\", line 14, in test_check\n    check(text_lowercase_underscore)\n  File \"/tmp/tmpf_pjg773.py\", line 9, in check\n    assert candidate('aab_cbbbc') == True\n  File \"/tmp/tmpf_pjg773.py\", line 5, in text_lowercase_underscore\n    return bool(re.search(r\"[a-z]+_[a-z]+\", text))\nNameError: name 're' is not defined\n",
      "exit_code": 1,
      "status": "Exception"
    },
    {
      "program": "def text_lowercase_underscore(text: str) -> bool:\n    \"\"\"\n\tWrite a function to that returns true if the input string contains sequences of lowercase letters joined with an underscore and false otherwise.\n\t\"\"\"\n    return bool(re.match(r\"^[a-z]+(_[a-z]+)*$\", text))\n\n\ndef check(candidate):\n    assert candidate('aab_cbbbc') == True\n    assert candidate('aab_Abbbc') == False\n    assert candidate('Aaab_abbbc') == False\n\ndef test_check():\n    check(text_lowercase_underscore)\n\ntest_check()\n",
      "timestamp": 1665510546,
      "stdout": "",
      "stderr": "Traceback (most recent call last):\n  File \"/tmp/tmpuzjdy4wu.py\", line 16, in <module>\n    test_check()\n  File \"/tmp/tmpuzjdy4wu.py\", line 14, in test_check\n    check(text_lowercase_underscore)\n  File \"/tmp/tmpuzjdy4wu.py\", line 9, in check\n    assert candidate('aab_cbbbc') == True\n  File \"/tmp/tmpuzjdy4wu.py\", line 5, in text_lowercase_underscore\n    return bool(re.match(r\"^[a-z]+(_[a-z]+)*$\", text))\nNameError: name 're' is not defined\n",
      "exit_code": 1,
      "status": "Exception"
    },
    {
      "program": "def text_lowercase_underscore(text: str) -> bool:\n    \"\"\"\n\tWrite a function to that returns true if the input string contains sequences of lowercase letters joined with an underscore and false otherwise.\n\t\"\"\"\n    return bool(re.search(r\"[a-z]+_[a-z]+\", text))\n\n\ndef check(candidate):\n    assert candidate('aab_cbbbc') == True\n    assert candidate('aab_Abbbc') == False\n    assert candidate('Aaab_abbbc') == False\n\ndef test_check():\n    check(text_lowercase_underscore)\n\ntest_check()\n",
      "timestamp": 1665510546,
      "stdout": "",
      "stderr": "Traceback (most recent call last):\n  File \"/tmp/tmpf_pjg773.py\", line 16, in <module>\n    test_check()\n  File \"/tmp/tmpf_pjg773.py\", line 14, in test_check\n    check(text_lowercase_underscore)\n  File \"/tmp/tmpf_pjg773.py\", line 9, in check\n    assert candidate('aab_cbbbc') == True\n  File \"/tmp/tmpf_pjg773.py\", line 5, in text_lowercase_underscore\n    return bool(re.search(r\"[a-z]+_[a-z]+\", text))\nNameError: name 're' is not defined\n",
      "exit_code": 1,
      "status": "Exception"
    },
    {
      "program": "def text_lowercase_underscore(text: str) -> bool:\n    \"\"\"\n\tWrite a function to that returns true if the input string contains sequences of lowercase letters joined with an underscore and false otherwise.\n\t\"\"\"\n    return bool(re.match(r\"[a-z]+(_[a-z]+)*\", text))\n\n\ndef check(candidate):\n    assert candidate('aab_cbbbc') == True\n    assert candidate('aab_Abbbc') == False\n    assert candidate('Aaab_abbbc') == False\n\ndef test_check():\n    check(text_lowercase_underscore)\n\ntest_check()\n",
      "timestamp": 1666123367,
      "stdout": "",
      "stderr": "Traceback (most recent call last):\n  File \"/tmp/tmpnog9_xkk.py\", line 16, in <module>\n    test_check()\n  File \"/tmp/tmpnog9_xkk.py\", line 14, in test_check\n    check(text_lowercase_underscore)\n  File \"/tmp/tmpnog9_xkk.py\", line 9, in check\n    assert candidate('aab_cbbbc') == True\n  File \"/tmp/tmpnog9_xkk.py\", line 5, in text_lowercase_underscore\n    return bool(re.match(r\"[a-z]+(_[a-z]+)*\", text))\nNameError: name 're' is not defined\n",
      "exit_code": 1,
      "status": "Exception"
    },
    {
      "program": "def text_lowercase_underscore(text: str) -> bool:\n    \"\"\"\n\tWrite a function to that returns true if the input string contains sequences of lowercase letters joined with an underscore and false otherwise.\n\t\"\"\"\n    return bool(re.match(r\"[a-z]+_[a-z]+\", text))\n\n\ndef check(candidate):\n    assert candidate('aab_cbbbc') == True\n    assert candidate('aab_Abbbc') == False\n    assert candidate('Aaab_abbbc') == False\n\ndef test_check():\n    check(text_lowercase_underscore)\n\ntest_check()\n",
      "timestamp": 1665510546,
      "stdout": "",
      "stderr": "Traceback (most recent call last):\n  File \"/tmp/tmpcuecu67i.py\", line 16, in <module>\n    test_check()\n  File \"/tmp/tmpcuecu67i.py\", line 14, in test_check\n    check(text_lowercase_underscore)\n  File \"/tmp/tmpcuecu67i.py\", line 9, in check\n    assert candidate('aab_cbbbc') == True\n  File \"/tmp/tmpcuecu67i.py\", line 5, in text_lowercase_underscore\n    return bool(re.match(r\"[a-z]+_[a-z]+\", text))\nNameError: name 're' is not defined\n",
      "exit_code": 1,
      "status": "Exception"
    },
    {
      "program": "def text_lowercase_underscore(text: str) -> bool:\n    \"\"\"\n\tWrite a function to that returns true if the input string contains sequences of lowercase letters joined with an underscore and false otherwise.\n\t\"\"\"\n    return bool(re.search(r\"[a-z]+_[a-z]+\", text))\n\n\ndef check(candidate):\n    assert candidate('aab_cbbbc') == True\n    assert candidate('aab_Abbbc') == False\n    assert candidate('Aaab_abbbc') == False\n\ndef test_check():\n    check(text_lowercase_underscore)\n\ntest_check()\n",
      "timestamp": 1665510546,
      "stdout": "",
      "stderr": "Traceback (most recent call last):\n  File \"/tmp/tmpf_pjg773.py\", line 16, in <module>\n    test_check()\n  File \"/tmp/tmpf_pjg773.py\", line 14, in test_check\n    check(text_lowercase_underscore)\n  File \"/tmp/tmpf_pjg773.py\", line 9, in check\n    assert candidate('aab_cbbbc') == True\n  File \"/tmp/tmpf_pjg773.py\", line 5, in text_lowercase_underscore\n    return bool(re.search(r\"[a-z]+_[a-z]+\", text))\nNameError: name 're' is not defined\n",
      "exit_code": 1,
      "status": "Exception"
    },
    {
      "program": "def text_lowercase_underscore(text: str) -> bool:\n    \"\"\"\n\tWrite a function to that returns true if the input string contains sequences of lowercase letters joined with an underscore and false otherwise.\n\t\"\"\"\n    return bool(re.match(r\"[a-z]+_[a-z]+\", text))\n\n\ndef check(candidate):\n    assert candidate('aab_cbbbc') == True\n    assert candidate('aab_Abbbc') == False\n    assert candidate('Aaab_abbbc') == False\n\ndef test_check():\n    check(text_lowercase_underscore)\n\ntest_check()\n",
      "timestamp": 1665510546,
      "stdout": "",
      "stderr": "Traceback (most recent call last):\n  File \"/tmp/tmpcuecu67i.py\", line 16, in <module>\n    test_check()\n  File \"/tmp/tmpcuecu67i.py\", line 14, in test_check\n    check(text_lowercase_underscore)\n  File \"/tmp/tmpcuecu67i.py\", line 9, in check\n    assert candidate('aab_cbbbc') == True\n  File \"/tmp/tmpcuecu67i.py\", line 5, in text_lowercase_underscore\n    return bool(re.match(r\"[a-z]+_[a-z]+\", text))\nNameError: name 're' is not defined\n",
      "exit_code": 1,
      "status": "Exception"
    },
    {
      "program": "def text_lowercase_underscore(text: str) -> bool:\n    \"\"\"\n\tWrite a function to that returns true if the input string contains sequences of lowercase letters joined with an underscore and false otherwise.\n\t\"\"\"\n    return bool(re.match(r\"^[a-z]+(_[a-z]+)*$\", text))\n\n\ndef check(candidate):\n    assert candidate('aab_cbbbc') == True\n    assert candidate('aab_Abbbc') == False\n    assert candidate('Aaab_abbbc') == False\n\ndef test_check():\n    check(text_lowercase_underscore)\n\ntest_check()\n",
      "timestamp": 1665510546,
      "stdout": "",
      "stderr": "Traceback (most recent call last):\n  File \"/tmp/tmpuzjdy4wu.py\", line 16, in <module>\n    test_check()\n  File \"/tmp/tmpuzjdy4wu.py\", line 14, in test_check\n    check(text_lowercase_underscore)\n  File \"/tmp/tmpuzjdy4wu.py\", line 9, in check\n    assert candidate('aab_cbbbc') == True\n  File \"/tmp/tmpuzjdy4wu.py\", line 5, in text_lowercase_underscore\n    return bool(re.match(r\"^[a-z]+(_[a-z]+)*$\", text))\nNameError: name 're' is not defined\n",
      "exit_code": 1,
      "status": "Exception"
    },
    {
      "program": "def text_lowercase_underscore(text: str) -> bool:\n    \"\"\"\n\tWrite a function to that returns true if the input string contains sequences of lowercase letters joined with an underscore and false otherwise.\n\t\"\"\"\n    return bool(re.match(r\"^[a-z]+(_[a-z]+)*$\", text))\n\n\ndef check(candidate):\n    assert candidate('aab_cbbbc') == True\n    assert candidate('aab_Abbbc') == False\n    assert candidate('Aaab_abbbc') == False\n\ndef test_check():\n    check(text_lowercase_underscore)\n\ntest_check()\n",
      "timestamp": 1665510546,
      "stdout": "",
      "stderr": "Traceback (most recent call last):\n  File \"/tmp/tmpuzjdy4wu.py\", line 16, in <module>\n    test_check()\n  File \"/tmp/tmpuzjdy4wu.py\", line 14, in test_check\n    check(text_lowercase_underscore)\n  File \"/tmp/tmpuzjdy4wu.py\", line 9, in check\n    assert candidate('aab_cbbbc') == True\n  File \"/tmp/tmpuzjdy4wu.py\", line 5, in text_lowercase_underscore\n    return bool(re.match(r\"^[a-z]+(_[a-z]+)*$\", text))\nNameError: name 're' is not defined\n",
      "exit_code": 1,
      "status": "Exception"
    },
    {
      "program": "def text_lowercase_underscore(text: str) -> bool:\n    \"\"\"\n\tWrite a function to that returns true if the input string contains sequences of lowercase letters joined with an underscore and false otherwise.\n\t\"\"\"\n    return bool(re.search(r\"[a-z]+_[a-z]+\", text))\n\n\ndef check(candidate):\n    assert candidate('aab_cbbbc') == True\n    assert candidate('aab_Abbbc') == False\n    assert candidate('Aaab_abbbc') == False\n\ndef test_check():\n    check(text_lowercase_underscore)\n\ntest_check()\n",
      "timestamp": 1665510546,
      "stdout": "",
      "stderr": "Traceback (most recent call last):\n  File \"/tmp/tmpf_pjg773.py\", line 16, in <module>\n    test_check()\n  File \"/tmp/tmpf_pjg773.py\", line 14, in test_check\n    check(text_lowercase_underscore)\n  File \"/tmp/tmpf_pjg773.py\", line 9, in check\n    assert candidate('aab_cbbbc') == True\n  File \"/tmp/tmpf_pjg773.py\", line 5, in text_lowercase_underscore\n    return bool(re.search(r\"[a-z]+_[a-z]+\", text))\nNameError: name 're' is not defined\n",
      "exit_code": 1,
      "status": "Exception"
    },
    {
      "program": "def text_lowercase_underscore(text: str) -> bool:\n    \"\"\"\n\tWrite a function to that returns true if the input string contains sequences of lowercase letters joined with an underscore and false otherwise.\n\t\"\"\"\n    return bool(re.match(r\"^[a-z]+(_[a-z]+)*$\", text))\n\n\ndef check(candidate):\n    assert candidate('aab_cbbbc') == True\n    assert candidate('aab_Abbbc') == False\n    assert candidate('Aaab_abbbc') == False\n\ndef test_check():\n    check(text_lowercase_underscore)\n\ntest_check()\n",
      "timestamp": 1665510546,
      "stdout": "",
      "stderr": "Traceback (most recent call last):\n  File \"/tmp/tmpuzjdy4wu.py\", line 16, in <module>\n    test_check()\n  File \"/tmp/tmpuzjdy4wu.py\", line 14, in test_check\n    check(text_lowercase_underscore)\n  File \"/tmp/tmpuzjdy4wu.py\", line 9, in check\n    assert candidate('aab_cbbbc') == True\n  File \"/tmp/tmpuzjdy4wu.py\", line 5, in text_lowercase_underscore\n    return bool(re.match(r\"^[a-z]+(_[a-z]+)*$\", text))\nNameError: name 're' is not defined\n",
      "exit_code": 1,
      "status": "Exception"
    },
    {
      "program": "def text_lowercase_underscore(text: str) -> bool:\n    \"\"\"\n\tWrite a function to that returns true if the input string contains sequences of lowercase letters joined with an underscore and false otherwise.\n\t\"\"\"\n    return bool(re.match(r\"[a-z]+_[a-z]+\", text))\n\n\ndef check(candidate):\n    assert candidate('aab_cbbbc') == True\n    assert candidate('aab_Abbbc') == False\n    assert candidate('Aaab_abbbc') == False\n\ndef test_check():\n    check(text_lowercase_underscore)\n\ntest_check()\n",
      "timestamp": 1665510546,
      "stdout": "",
      "stderr": "Traceback (most recent call last):\n  File \"/tmp/tmpcuecu67i.py\", line 16, in <module>\n    test_check()\n  File \"/tmp/tmpcuecu67i.py\", line 14, in test_check\n    check(text_lowercase_underscore)\n  File \"/tmp/tmpcuecu67i.py\", line 9, in check\n    assert candidate('aab_cbbbc') == True\n  File \"/tmp/tmpcuecu67i.py\", line 5, in text_lowercase_underscore\n    return bool(re.match(r\"[a-z]+_[a-z]+\", text))\nNameError: name 're' is not defined\n",
      "exit_code": 1,
      "status": "Exception"
    },
    {
      "program": "def text_lowercase_underscore(text: str) -> bool:\n    \"\"\"\n\tWrite a function to that returns true if the input string contains sequences of lowercase letters joined with an underscore and false otherwise.\n\t\"\"\"\n    return bool(re.search(r\"[a-z]+_[a-z]+\", text))\n\n\ndef check(candidate):\n    assert candidate('aab_cbbbc') == True\n    assert candidate('aab_Abbbc') == False\n    assert candidate('Aaab_abbbc') == False\n\ndef test_check():\n    check(text_lowercase_underscore)\n\ntest_check()\n",
      "timestamp": 1665510546,
      "stdout": "",
      "stderr": "Traceback (most recent call last):\n  File \"/tmp/tmpf_pjg773.py\", line 16, in <module>\n    test_check()\n  File \"/tmp/tmpf_pjg773.py\", line 14, in test_check\n    check(text_lowercase_underscore)\n  File \"/tmp/tmpf_pjg773.py\", line 9, in check\n    assert candidate('aab_cbbbc') == True\n  File \"/tmp/tmpf_pjg773.py\", line 5, in text_lowercase_underscore\n    return bool(re.search(r\"[a-z]+_[a-z]+\", text))\nNameError: name 're' is not defined\n",
      "exit_code": 1,
      "status": "Exception"
    },
    {
      "program": "def text_lowercase_underscore(text: str) -> bool:\n    \"\"\"\n\tWrite a function to that returns true if the input string contains sequences of lowercase letters joined with an underscore and false otherwise.\n\t\"\"\"\n    return bool(re.match(r\"[a-z]+_[a-z]+\", text))\n\n\ndef check(candidate):\n    assert candidate('aab_cbbbc') == True\n    assert candidate('aab_Abbbc') == False\n    assert candidate('Aaab_abbbc') == False\n\ndef test_check():\n    check(text_lowercase_underscore)\n\ntest_check()\n",
      "timestamp": 1665510546,
      "stdout": "",
      "stderr": "Traceback (most recent call last):\n  File \"/tmp/tmpcuecu67i.py\", line 16, in <module>\n    test_check()\n  File \"/tmp/tmpcuecu67i.py\", line 14, in test_check\n    check(text_lowercase_underscore)\n  File \"/tmp/tmpcuecu67i.py\", line 9, in check\n    assert candidate('aab_cbbbc') == True\n  File \"/tmp/tmpcuecu67i.py\", line 5, in text_lowercase_underscore\n    return bool(re.match(r\"[a-z]+_[a-z]+\", text))\nNameError: name 're' is not defined\n",
      "exit_code": 1,
      "status": "Exception"
    },
    {
      "program": "def text_lowercase_underscore(text: str) -> bool:\n    \"\"\"\n\tWrite a function to that returns true if the input string contains sequences of lowercase letters joined with an underscore and false otherwise.\n\t\"\"\"\n    return bool(re.search(r\"[a-z]+_[a-z]+\", text))\n\n\ndef check(candidate):\n    assert candidate('aab_cbbbc') == True\n    assert candidate('aab_Abbbc') == False\n    assert candidate('Aaab_abbbc') == False\n\ndef test_check():\n    check(text_lowercase_underscore)\n\ntest_check()\n",
      "timestamp": 1665510546,
      "stdout": "",
      "stderr": "Traceback (most recent call last):\n  File \"/tmp/tmpf_pjg773.py\", line 16, in <module>\n    test_check()\n  File \"/tmp/tmpf_pjg773.py\", line 14, in test_check\n    check(text_lowercase_underscore)\n  File \"/tmp/tmpf_pjg773.py\", line 9, in check\n    assert candidate('aab_cbbbc') == True\n  File \"/tmp/tmpf_pjg773.py\", line 5, in text_lowercase_underscore\n    return bool(re.search(r\"[a-z]+_[a-z]+\", text))\nNameError: name 're' is not defined\n",
      "exit_code": 1,
      "status": "Exception"
    },
    {
      "program": "def text_lowercase_underscore(text: str) -> bool:\n    \"\"\"\n\tWrite a function to that returns true if the input string contains sequences of lowercase letters joined with an underscore and false otherwise.\n\t\"\"\"\n    return bool(re.search(r\"[a-z]+_[a-z]+\", text))\n\n\ndef check(candidate):\n    assert candidate('aab_cbbbc') == True\n    assert candidate('aab_Abbbc') == False\n    assert candidate('Aaab_abbbc') == False\n\ndef test_check():\n    check(text_lowercase_underscore)\n\ntest_check()\n",
      "timestamp": 1665510546,
      "stdout": "",
      "stderr": "Traceback (most recent call last):\n  File \"/tmp/tmpf_pjg773.py\", line 16, in <module>\n    test_check()\n  File \"/tmp/tmpf_pjg773.py\", line 14, in test_check\n    check(text_lowercase_underscore)\n  File \"/tmp/tmpf_pjg773.py\", line 9, in check\n    assert candidate('aab_cbbbc') == True\n  File \"/tmp/tmpf_pjg773.py\", line 5, in text_lowercase_underscore\n    return bool(re.search(r\"[a-z]+_[a-z]+\", text))\nNameError: name 're' is not defined\n",
      "exit_code": 1,
      "status": "Exception"
    },
    {
      "program": "def text_lowercase_underscore(text: str) -> bool:\n    \"\"\"\n\tWrite a function to that returns true if the input string contains sequences of lowercase letters joined with an underscore and false otherwise.\n\t\"\"\"\n    return bool(re.search(r\"[a-z]+_[a-z]+\", text))\n\n\ndef check(candidate):\n    assert candidate('aab_cbbbc') == True\n    assert candidate('aab_Abbbc') == False\n    assert candidate('Aaab_abbbc') == False\n\ndef test_check():\n    check(text_lowercase_underscore)\n\ntest_check()\n",
      "timestamp": 1665510546,
      "stdout": "",
      "stderr": "Traceback (most recent call last):\n  File \"/tmp/tmpf_pjg773.py\", line 16, in <module>\n    test_check()\n  File \"/tmp/tmpf_pjg773.py\", line 14, in test_check\n    check(text_lowercase_underscore)\n  File \"/tmp/tmpf_pjg773.py\", line 9, in check\n    assert candidate('aab_cbbbc') == True\n  File \"/tmp/tmpf_pjg773.py\", line 5, in text_lowercase_underscore\n    return bool(re.search(r\"[a-z]+_[a-z]+\", text))\nNameError: name 're' is not defined\n",
      "exit_code": 1,
      "status": "Exception"
    },
    {
      "program": "def text_lowercase_underscore(text: str) -> bool:\n    \"\"\"\n\tWrite a function to that returns true if the input string contains sequences of lowercase letters joined with an underscore and false otherwise.\n\t\"\"\"\n    return bool(re.match(r\"[a-z]+_[a-z]+\", text))\n\n\ndef check(candidate):\n    assert candidate('aab_cbbbc') == True\n    assert candidate('aab_Abbbc') == False\n    assert candidate('Aaab_abbbc') == False\n\ndef test_check():\n    check(text_lowercase_underscore)\n\ntest_check()\n",
      "timestamp": 1665510546,
      "stdout": "",
      "stderr": "Traceback (most recent call last):\n  File \"/tmp/tmpcuecu67i.py\", line 16, in <module>\n    test_check()\n  File \"/tmp/tmpcuecu67i.py\", line 14, in test_check\n    check(text_lowercase_underscore)\n  File \"/tmp/tmpcuecu67i.py\", line 9, in check\n    assert candidate('aab_cbbbc') == True\n  File \"/tmp/tmpcuecu67i.py\", line 5, in text_lowercase_underscore\n    return bool(re.match(r\"[a-z]+_[a-z]+\", text))\nNameError: name 're' is not defined\n",
      "exit_code": 1,
      "status": "Exception"
    },
    {
      "program": "def text_lowercase_underscore(text: str) -> bool:\n    \"\"\"\n\tWrite a function to that returns true if the input string contains sequences of lowercase letters joined with an underscore and false otherwise.\n\t\"\"\"\n    return bool(re.match(r\"^[a-z]+(_[a-z]+)*$\", text))\n\n\ndef check(candidate):\n    assert candidate('aab_cbbbc') == True\n    assert candidate('aab_Abbbc') == False\n    assert candidate('Aaab_abbbc') == False\n\ndef test_check():\n    check(text_lowercase_underscore)\n\ntest_check()\n",
      "timestamp": 1665510546,
      "stdout": "",
      "stderr": "Traceback (most recent call last):\n  File \"/tmp/tmpuzjdy4wu.py\", line 16, in <module>\n    test_check()\n  File \"/tmp/tmpuzjdy4wu.py\", line 14, in test_check\n    check(text_lowercase_underscore)\n  File \"/tmp/tmpuzjdy4wu.py\", line 9, in check\n    assert candidate('aab_cbbbc') == True\n  File \"/tmp/tmpuzjdy4wu.py\", line 5, in text_lowercase_underscore\n    return bool(re.match(r\"^[a-z]+(_[a-z]+)*$\", text))\nNameError: name 're' is not defined\n",
      "exit_code": 1,
      "status": "Exception"
    },
    {
      "program": "def text_lowercase_underscore(text: str) -> bool:\n    \"\"\"\n\tWrite a function to that returns true if the input string contains sequences of lowercase letters joined with an underscore and false otherwise.\n\t\"\"\"\n    return bool(re.match(r\"[a-z]+_[a-z]+\", text))\n\n\ndef check(candidate):\n    assert candidate('aab_cbbbc') == True\n    assert candidate('aab_Abbbc') == False\n    assert candidate('Aaab_abbbc') == False\n\ndef test_check():\n    check(text_lowercase_underscore)\n\ntest_check()\n",
      "timestamp": 1665510546,
      "stdout": "",
      "stderr": "Traceback (most recent call last):\n  File \"/tmp/tmpcuecu67i.py\", line 16, in <module>\n    test_check()\n  File \"/tmp/tmpcuecu67i.py\", line 14, in test_check\n    check(text_lowercase_underscore)\n  File \"/tmp/tmpcuecu67i.py\", line 9, in check\n    assert candidate('aab_cbbbc') == True\n  File \"/tmp/tmpcuecu67i.py\", line 5, in text_lowercase_underscore\n    return bool(re.match(r\"[a-z]+_[a-z]+\", text))\nNameError: name 're' is not defined\n",
      "exit_code": 1,
      "status": "Exception"
    },
    {
      "program": "def text_lowercase_underscore(text: str) -> bool:\n    \"\"\"\n\tWrite a function to that returns true if the input string contains sequences of lowercase letters joined with an underscore and false otherwise.\n\t\"\"\"\n    return bool(re.match(r\"[a-z]+(_[a-z]+)*\", text))\n\n\ndef check(candidate):\n    assert candidate('aab_cbbbc') == True\n    assert candidate('aab_Abbbc') == False\n    assert candidate('Aaab_abbbc') == False\n\ndef test_check():\n    check(text_lowercase_underscore)\n\ntest_check()\n",
      "timestamp": 1666123367,
      "stdout": "",
      "stderr": "Traceback (most recent call last):\n  File \"/tmp/tmpnog9_xkk.py\", line 16, in <module>\n    test_check()\n  File \"/tmp/tmpnog9_xkk.py\", line 14, in test_check\n    check(text_lowercase_underscore)\n  File \"/tmp/tmpnog9_xkk.py\", line 9, in check\n    assert candidate('aab_cbbbc') == True\n  File \"/tmp/tmpnog9_xkk.py\", line 5, in text_lowercase_underscore\n    return bool(re.match(r\"[a-z]+(_[a-z]+)*\", text))\nNameError: name 're' is not defined\n",
      "exit_code": 1,
      "status": "Exception"
    },
    {
      "program": "def text_lowercase_underscore(text: str) -> bool:\n    \"\"\"\n\tWrite a function to that returns true if the input string contains sequences of lowercase letters joined with an underscore and false otherwise.\n\t\"\"\"\n    return bool(re.search(r\"[a-z]+_[a-z]+\", text))\n\n\ndef check(candidate):\n    assert candidate('aab_cbbbc') == True\n    assert candidate('aab_Abbbc') == False\n    assert candidate('Aaab_abbbc') == False\n\ndef test_check():\n    check(text_lowercase_underscore)\n\ntest_check()\n",
      "timestamp": 1665510546,
      "stdout": "",
      "stderr": "Traceback (most recent call last):\n  File \"/tmp/tmpf_pjg773.py\", line 16, in <module>\n    test_check()\n  File \"/tmp/tmpf_pjg773.py\", line 14, in test_check\n    check(text_lowercase_underscore)\n  File \"/tmp/tmpf_pjg773.py\", line 9, in check\n    assert candidate('aab_cbbbc') == True\n  File \"/tmp/tmpf_pjg773.py\", line 5, in text_lowercase_underscore\n    return bool(re.search(r\"[a-z]+_[a-z]+\", text))\nNameError: name 're' is not defined\n",
      "exit_code": 1,
      "status": "Exception"
    },
    {
      "program": "def text_lowercase_underscore(text: str) -> bool:\n    \"\"\"\n\tWrite a function to that returns true if the input string contains sequences of lowercase letters joined with an underscore and false otherwise.\n\t\"\"\"\n    return bool(re.match(r\"[a-z]+_[a-z]+\", text))\n\n\ndef check(candidate):\n    assert candidate('aab_cbbbc') == True\n    assert candidate('aab_Abbbc') == False\n    assert candidate('Aaab_abbbc') == False\n\ndef test_check():\n    check(text_lowercase_underscore)\n\ntest_check()\n",
      "timestamp": 1665510546,
      "stdout": "",
      "stderr": "Traceback (most recent call last):\n  File \"/tmp/tmpcuecu67i.py\", line 16, in <module>\n    test_check()\n  File \"/tmp/tmpcuecu67i.py\", line 14, in test_check\n    check(text_lowercase_underscore)\n  File \"/tmp/tmpcuecu67i.py\", line 9, in check\n    assert candidate('aab_cbbbc') == True\n  File \"/tmp/tmpcuecu67i.py\", line 5, in text_lowercase_underscore\n    return bool(re.match(r\"[a-z]+_[a-z]+\", text))\nNameError: name 're' is not defined\n",
      "exit_code": 1,
      "status": "Exception"
    },
    {
      "program": "def text_lowercase_underscore(text: str) -> bool:\n    \"\"\"\n\tWrite a function to that returns true if the input string contains sequences of lowercase letters joined with an underscore and false otherwise.\n\t\"\"\"\n    return bool(re.search(r\"[a-z]+_[a-z]+\", text))\n\n\ndef check(candidate):\n    assert candidate('aab_cbbbc') == True\n    assert candidate('aab_Abbbc') == False\n    assert candidate('Aaab_abbbc') == False\n\ndef test_check():\n    check(text_lowercase_underscore)\n\ntest_check()\n",
      "timestamp": 1665510546,
      "stdout": "",
      "stderr": "Traceback (most recent call last):\n  File \"/tmp/tmpf_pjg773.py\", line 16, in <module>\n    test_check()\n  File \"/tmp/tmpf_pjg773.py\", line 14, in test_check\n    check(text_lowercase_underscore)\n  File \"/tmp/tmpf_pjg773.py\", line 9, in check\n    assert candidate('aab_cbbbc') == True\n  File \"/tmp/tmpf_pjg773.py\", line 5, in text_lowercase_underscore\n    return bool(re.search(r\"[a-z]+_[a-z]+\", text))\nNameError: name 're' is not defined\n",
      "exit_code": 1,
      "status": "Exception"
    },
    {
      "program": "def text_lowercase_underscore(text: str) -> bool:\n    \"\"\"\n\tWrite a function to that returns true if the input string contains sequences of lowercase letters joined with an underscore and false otherwise.\n\t\"\"\"\n    return bool(re.search(r\"[a-z]+_[a-z]+\", text))\n\n\ndef check(candidate):\n    assert candidate('aab_cbbbc') == True\n    assert candidate('aab_Abbbc') == False\n    assert candidate('Aaab_abbbc') == False\n\ndef test_check():\n    check(text_lowercase_underscore)\n\ntest_check()\n",
      "timestamp": 1665510546,
      "stdout": "",
      "stderr": "Traceback (most recent call last):\n  File \"/tmp/tmpf_pjg773.py\", line 16, in <module>\n    test_check()\n  File \"/tmp/tmpf_pjg773.py\", line 14, in test_check\n    check(text_lowercase_underscore)\n  File \"/tmp/tmpf_pjg773.py\", line 9, in check\n    assert candidate('aab_cbbbc') == True\n  File \"/tmp/tmpf_pjg773.py\", line 5, in text_lowercase_underscore\n    return bool(re.search(r\"[a-z]+_[a-z]+\", text))\nNameError: name 're' is not defined\n",
      "exit_code": 1,
      "status": "Exception"
    },
    {
      "program": "def text_lowercase_underscore(text: str) -> bool:\n    \"\"\"\n\tWrite a function to that returns true if the input string contains sequences of lowercase letters joined with an underscore and false otherwise.\n\t\"\"\"\n    return bool(re.match(r\"^[a-z]+(_[a-z]+)*$\", text))\n\n\ndef check(candidate):\n    assert candidate('aab_cbbbc') == True\n    assert candidate('aab_Abbbc') == False\n    assert candidate('Aaab_abbbc') == False\n\ndef test_check():\n    check(text_lowercase_underscore)\n\ntest_check()\n",
      "timestamp": 1665510546,
      "stdout": "",
      "stderr": "Traceback (most recent call last):\n  File \"/tmp/tmpuzjdy4wu.py\", line 16, in <module>\n    test_check()\n  File \"/tmp/tmpuzjdy4wu.py\", line 14, in test_check\n    check(text_lowercase_underscore)\n  File \"/tmp/tmpuzjdy4wu.py\", line 9, in check\n    assert candidate('aab_cbbbc') == True\n  File \"/tmp/tmpuzjdy4wu.py\", line 5, in text_lowercase_underscore\n    return bool(re.match(r\"^[a-z]+(_[a-z]+)*$\", text))\nNameError: name 're' is not defined\n",
      "exit_code": 1,
      "status": "Exception"
    },
    {
      "program": "def text_lowercase_underscore(text: str) -> bool:\n    \"\"\"\n\tWrite a function to that returns true if the input string contains sequences of lowercase letters joined with an underscore and false otherwise.\n\t\"\"\"\n    return bool(re.match(r\"^[a-z]+(_[a-z]+)*$\", text))\n\n\ndef check(candidate):\n    assert candidate('aab_cbbbc') == True\n    assert candidate('aab_Abbbc') == False\n    assert candidate('Aaab_abbbc') == False\n\ndef test_check():\n    check(text_lowercase_underscore)\n\ntest_check()\n",
      "timestamp": 1665510546,
      "stdout": "",
      "stderr": "Traceback (most recent call last):\n  File \"/tmp/tmpuzjdy4wu.py\", line 16, in <module>\n    test_check()\n  File \"/tmp/tmpuzjdy4wu.py\", line 14, in test_check\n    check(text_lowercase_underscore)\n  File \"/tmp/tmpuzjdy4wu.py\", line 9, in check\n    assert candidate('aab_cbbbc') == True\n  File \"/tmp/tmpuzjdy4wu.py\", line 5, in text_lowercase_underscore\n    return bool(re.match(r\"^[a-z]+(_[a-z]+)*$\", text))\nNameError: name 're' is not defined\n",
      "exit_code": 1,
      "status": "Exception"
    },
    {
      "program": "def text_lowercase_underscore(text: str) -> bool:\n    \"\"\"\n\tWrite a function to that returns true if the input string contains sequences of lowercase letters joined with an underscore and false otherwise.\n\t\"\"\"\n    return bool(re.match(r\"^[a-z]+(_[a-z]+)*$\", text))\n\n\ndef check(candidate):\n    assert candidate('aab_cbbbc') == True\n    assert candidate('aab_Abbbc') == False\n    assert candidate('Aaab_abbbc') == False\n\ndef test_check():\n    check(text_lowercase_underscore)\n\ntest_check()\n",
      "timestamp": 1665510546,
      "stdout": "",
      "stderr": "Traceback (most recent call last):\n  File \"/tmp/tmpuzjdy4wu.py\", line 16, in <module>\n    test_check()\n  File \"/tmp/tmpuzjdy4wu.py\", line 14, in test_check\n    check(text_lowercase_underscore)\n  File \"/tmp/tmpuzjdy4wu.py\", line 9, in check\n    assert candidate('aab_cbbbc') == True\n  File \"/tmp/tmpuzjdy4wu.py\", line 5, in text_lowercase_underscore\n    return bool(re.match(r\"^[a-z]+(_[a-z]+)*$\", text))\nNameError: name 're' is not defined\n",
      "exit_code": 1,
      "status": "Exception"
    },
    {
      "program": "def text_lowercase_underscore(text: str) -> bool:\n    \"\"\"\n\tWrite a function to that returns true if the input string contains sequences of lowercase letters joined with an underscore and false otherwise.\n\t\"\"\"\n    return bool(re.match(r\"[a-z]+_[a-z]+\", text))\n\n\ndef check(candidate):\n    assert candidate('aab_cbbbc') == True\n    assert candidate('aab_Abbbc') == False\n    assert candidate('Aaab_abbbc') == False\n\ndef test_check():\n    check(text_lowercase_underscore)\n\ntest_check()\n",
      "timestamp": 1665510546,
      "stdout": "",
      "stderr": "Traceback (most recent call last):\n  File \"/tmp/tmpcuecu67i.py\", line 16, in <module>\n    test_check()\n  File \"/tmp/tmpcuecu67i.py\", line 14, in test_check\n    check(text_lowercase_underscore)\n  File \"/tmp/tmpcuecu67i.py\", line 9, in check\n    assert candidate('aab_cbbbc') == True\n  File \"/tmp/tmpcuecu67i.py\", line 5, in text_lowercase_underscore\n    return bool(re.match(r\"[a-z]+_[a-z]+\", text))\nNameError: name 're' is not defined\n",
      "exit_code": 1,
      "status": "Exception"
    },
    {
      "program": "def text_lowercase_underscore(text: str) -> bool:\n    \"\"\"\n\tWrite a function to that returns true if the input string contains sequences of lowercase letters joined with an underscore and false otherwise.\n\t\"\"\"\n    return bool(re.match(r\"[a-z]+_[a-z]+\", text))\n\n\ndef check(candidate):\n    assert candidate('aab_cbbbc') == True\n    assert candidate('aab_Abbbc') == False\n    assert candidate('Aaab_abbbc') == False\n\ndef test_check():\n    check(text_lowercase_underscore)\n\ntest_check()\n",
      "timestamp": 1665510546,
      "stdout": "",
      "stderr": "Traceback (most recent call last):\n  File \"/tmp/tmpcuecu67i.py\", line 16, in <module>\n    test_check()\n  File \"/tmp/tmpcuecu67i.py\", line 14, in test_check\n    check(text_lowercase_underscore)\n  File \"/tmp/tmpcuecu67i.py\", line 9, in check\n    assert candidate('aab_cbbbc') == True\n  File \"/tmp/tmpcuecu67i.py\", line 5, in text_lowercase_underscore\n    return bool(re.match(r\"[a-z]+_[a-z]+\", text))\nNameError: name 're' is not defined\n",
      "exit_code": 1,
      "status": "Exception"
    },
    {
      "program": "def text_lowercase_underscore(text: str) -> bool:\n    \"\"\"\n\tWrite a function to that returns true if the input string contains sequences of lowercase letters joined with an underscore and false otherwise.\n\t\"\"\"\n    return bool(re.match(r\"^[a-z]+(_[a-z]+)*$\", text))\n\n\ndef check(candidate):\n    assert candidate('aab_cbbbc') == True\n    assert candidate('aab_Abbbc') == False\n    assert candidate('Aaab_abbbc') == False\n\ndef test_check():\n    check(text_lowercase_underscore)\n\ntest_check()\n",
      "timestamp": 1665510546,
      "stdout": "",
      "stderr": "Traceback (most recent call last):\n  File \"/tmp/tmpuzjdy4wu.py\", line 16, in <module>\n    test_check()\n  File \"/tmp/tmpuzjdy4wu.py\", line 14, in test_check\n    check(text_lowercase_underscore)\n  File \"/tmp/tmpuzjdy4wu.py\", line 9, in check\n    assert candidate('aab_cbbbc') == True\n  File \"/tmp/tmpuzjdy4wu.py\", line 5, in text_lowercase_underscore\n    return bool(re.match(r\"^[a-z]+(_[a-z]+)*$\", text))\nNameError: name 're' is not defined\n",
      "exit_code": 1,
      "status": "Exception"
    },
    {
      "program": "def text_lowercase_underscore(text: str) -> bool:\n    \"\"\"\n\tWrite a function to that returns true if the input string contains sequences of lowercase letters joined with an underscore and false otherwise.\n\t\"\"\"\n    return bool(re.match(r\"[a-z]+_[a-z]+\", text))\n\n\ndef check(candidate):\n    assert candidate('aab_cbbbc') == True\n    assert candidate('aab_Abbbc') == False\n    assert candidate('Aaab_abbbc') == False\n\ndef test_check():\n    check(text_lowercase_underscore)\n\ntest_check()\n",
      "timestamp": 1665510546,
      "stdout": "",
      "stderr": "Traceback (most recent call last):\n  File \"/tmp/tmpcuecu67i.py\", line 16, in <module>\n    test_check()\n  File \"/tmp/tmpcuecu67i.py\", line 14, in test_check\n    check(text_lowercase_underscore)\n  File \"/tmp/tmpcuecu67i.py\", line 9, in check\n    assert candidate('aab_cbbbc') == True\n  File \"/tmp/tmpcuecu67i.py\", line 5, in text_lowercase_underscore\n    return bool(re.match(r\"[a-z]+_[a-z]+\", text))\nNameError: name 're' is not defined\n",
      "exit_code": 1,
      "status": "Exception"
    },
    {
      "program": "def text_lowercase_underscore(text: str) -> bool:\n    \"\"\"\n\tWrite a function to that returns true if the input string contains sequences of lowercase letters joined with an underscore and false otherwise.\n\t\"\"\"\n    return bool(re.match(r\"^[a-z]+(_[a-z]+)*$\", text))\n\n\ndef check(candidate):\n    assert candidate('aab_cbbbc') == True\n    assert candidate('aab_Abbbc') == False\n    assert candidate('Aaab_abbbc') == False\n\ndef test_check():\n    check(text_lowercase_underscore)\n\ntest_check()\n",
      "timestamp": 1665510546,
      "stdout": "",
      "stderr": "Traceback (most recent call last):\n  File \"/tmp/tmpuzjdy4wu.py\", line 16, in <module>\n    test_check()\n  File \"/tmp/tmpuzjdy4wu.py\", line 14, in test_check\n    check(text_lowercase_underscore)\n  File \"/tmp/tmpuzjdy4wu.py\", line 9, in check\n    assert candidate('aab_cbbbc') == True\n  File \"/tmp/tmpuzjdy4wu.py\", line 5, in text_lowercase_underscore\n    return bool(re.match(r\"^[a-z]+(_[a-z]+)*$\", text))\nNameError: name 're' is not defined\n",
      "exit_code": 1,
      "status": "Exception"
    },
    {
      "program": "def text_lowercase_underscore(text: str) -> bool:\n    \"\"\"\n\tWrite a function to that returns true if the input string contains sequences of lowercase letters joined with an underscore and false otherwise.\n\t\"\"\"\n    return bool(re.match(r\"^[a-z]+(_[a-z]+)*$\", text))\n\n\ndef check(candidate):\n    assert candidate('aab_cbbbc') == True\n    assert candidate('aab_Abbbc') == False\n    assert candidate('Aaab_abbbc') == False\n\ndef test_check():\n    check(text_lowercase_underscore)\n\ntest_check()\n",
      "timestamp": 1665510546,
      "stdout": "",
      "stderr": "Traceback (most recent call last):\n  File \"/tmp/tmpuzjdy4wu.py\", line 16, in <module>\n    test_check()\n  File \"/tmp/tmpuzjdy4wu.py\", line 14, in test_check\n    check(text_lowercase_underscore)\n  File \"/tmp/tmpuzjdy4wu.py\", line 9, in check\n    assert candidate('aab_cbbbc') == True\n  File \"/tmp/tmpuzjdy4wu.py\", line 5, in text_lowercase_underscore\n    return bool(re.match(r\"^[a-z]+(_[a-z]+)*$\", text))\nNameError: name 're' is not defined\n",
      "exit_code": 1,
      "status": "Exception"
    },
    {
      "program": "def text_lowercase_underscore(text: str) -> bool:\n    \"\"\"\n\tWrite a function to that returns true if the input string contains sequences of lowercase letters joined with an underscore and false otherwise.\n\t\"\"\"\n    return bool(re.search(r\"[a-z]+_[a-z]+\", text))\n\n\ndef check(candidate):\n    assert candidate('aab_cbbbc') == True\n    assert candidate('aab_Abbbc') == False\n    assert candidate('Aaab_abbbc') == False\n\ndef test_check():\n    check(text_lowercase_underscore)\n\ntest_check()\n",
      "timestamp": 1665510546,
      "stdout": "",
      "stderr": "Traceback (most recent call last):\n  File \"/tmp/tmpf_pjg773.py\", line 16, in <module>\n    test_check()\n  File \"/tmp/tmpf_pjg773.py\", line 14, in test_check\n    check(text_lowercase_underscore)\n  File \"/tmp/tmpf_pjg773.py\", line 9, in check\n    assert candidate('aab_cbbbc') == True\n  File \"/tmp/tmpf_pjg773.py\", line 5, in text_lowercase_underscore\n    return bool(re.search(r\"[a-z]+_[a-z]+\", text))\nNameError: name 're' is not defined\n",
      "exit_code": 1,
      "status": "Exception"
    },
    {
      "program": "def text_lowercase_underscore(text: str) -> bool:\n    \"\"\"\n\tWrite a function to that returns true if the input string contains sequences of lowercase letters joined with an underscore and false otherwise.\n\t\"\"\"\n    return bool(re.match(r\"[a-z]+(_[a-z]+)*\", text))\n\n\ndef check(candidate):\n    assert candidate('aab_cbbbc') == True\n    assert candidate('aab_Abbbc') == False\n    assert candidate('Aaab_abbbc') == False\n\ndef test_check():\n    check(text_lowercase_underscore)\n\ntest_check()\n",
      "timestamp": 1666123367,
      "stdout": "",
      "stderr": "Traceback (most recent call last):\n  File \"/tmp/tmpnog9_xkk.py\", line 16, in <module>\n    test_check()\n  File \"/tmp/tmpnog9_xkk.py\", line 14, in test_check\n    check(text_lowercase_underscore)\n  File \"/tmp/tmpnog9_xkk.py\", line 9, in check\n    assert candidate('aab_cbbbc') == True\n  File \"/tmp/tmpnog9_xkk.py\", line 5, in text_lowercase_underscore\n    return bool(re.match(r\"[a-z]+(_[a-z]+)*\", text))\nNameError: name 're' is not defined\n",
      "exit_code": 1,
      "status": "Exception"
    },
    {
      "program": "def text_lowercase_underscore(text: str) -> bool:\n    \"\"\"\n\tWrite a function to that returns true if the input string contains sequences of lowercase letters joined with an underscore and false otherwise.\n\t\"\"\"\n    return bool(re.search(r\"[a-z]+_[a-z]+\", text))\n\n\ndef check(candidate):\n    assert candidate('aab_cbbbc') == True\n    assert candidate('aab_Abbbc') == False\n    assert candidate('Aaab_abbbc') == False\n\ndef test_check():\n    check(text_lowercase_underscore)\n\ntest_check()\n",
      "timestamp": 1665510546,
      "stdout": "",
      "stderr": "Traceback (most recent call last):\n  File \"/tmp/tmpf_pjg773.py\", line 16, in <module>\n    test_check()\n  File \"/tmp/tmpf_pjg773.py\", line 14, in test_check\n    check(text_lowercase_underscore)\n  File \"/tmp/tmpf_pjg773.py\", line 9, in check\n    assert candidate('aab_cbbbc') == True\n  File \"/tmp/tmpf_pjg773.py\", line 5, in text_lowercase_underscore\n    return bool(re.search(r\"[a-z]+_[a-z]+\", text))\nNameError: name 're' is not defined\n",
      "exit_code": 1,
      "status": "Exception"
    },
    {
      "program": "def text_lowercase_underscore(text: str) -> bool:\n    \"\"\"\n\tWrite a function to that returns true if the input string contains sequences of lowercase letters joined with an underscore and false otherwise.\n\t\"\"\"\n    return bool(re.search(r\"[a-z]+_[a-z]+\", text))\n\n\ndef check(candidate):\n    assert candidate('aab_cbbbc') == True\n    assert candidate('aab_Abbbc') == False\n    assert candidate('Aaab_abbbc') == False\n\ndef test_check():\n    check(text_lowercase_underscore)\n\ntest_check()\n",
      "timestamp": 1665510546,
      "stdout": "",
      "stderr": "Traceback (most recent call last):\n  File \"/tmp/tmpf_pjg773.py\", line 16, in <module>\n    test_check()\n  File \"/tmp/tmpf_pjg773.py\", line 14, in test_check\n    check(text_lowercase_underscore)\n  File \"/tmp/tmpf_pjg773.py\", line 9, in check\n    assert candidate('aab_cbbbc') == True\n  File \"/tmp/tmpf_pjg773.py\", line 5, in text_lowercase_underscore\n    return bool(re.search(r\"[a-z]+_[a-z]+\", text))\nNameError: name 're' is not defined\n",
      "exit_code": 1,
      "status": "Exception"
    },
    {
      "program": "def text_lowercase_underscore(text: str) -> bool:\n    \"\"\"\n\tWrite a function to that returns true if the input string contains sequences of lowercase letters joined with an underscore and false otherwise.\n\t\"\"\"\n    return bool(re.search(r\"[a-z]+_[a-z]+\", text))\n\n\ndef check(candidate):\n    assert candidate('aab_cbbbc') == True\n    assert candidate('aab_Abbbc') == False\n    assert candidate('Aaab_abbbc') == False\n\ndef test_check():\n    check(text_lowercase_underscore)\n\ntest_check()\n",
      "timestamp": 1665510546,
      "stdout": "",
      "stderr": "Traceback (most recent call last):\n  File \"/tmp/tmpf_pjg773.py\", line 16, in <module>\n    test_check()\n  File \"/tmp/tmpf_pjg773.py\", line 14, in test_check\n    check(text_lowercase_underscore)\n  File \"/tmp/tmpf_pjg773.py\", line 9, in check\n    assert candidate('aab_cbbbc') == True\n  File \"/tmp/tmpf_pjg773.py\", line 5, in text_lowercase_underscore\n    return bool(re.search(r\"[a-z]+_[a-z]+\", text))\nNameError: name 're' is not defined\n",
      "exit_code": 1,
      "status": "Exception"
    },
    {
      "program": "def text_lowercase_underscore(text: str) -> bool:\n    \"\"\"\n\tWrite a function to that returns true if the input string contains sequences of lowercase letters joined with an underscore and false otherwise.\n\t\"\"\"\n    return bool(re.match(r\"^[a-z]+(_[a-z]+)*$\", text))\n\n\ndef check(candidate):\n    assert candidate('aab_cbbbc') == True\n    assert candidate('aab_Abbbc') == False\n    assert candidate('Aaab_abbbc') == False\n\ndef test_check():\n    check(text_lowercase_underscore)\n\ntest_check()\n",
      "timestamp": 1665510546,
      "stdout": "",
      "stderr": "Traceback (most recent call last):\n  File \"/tmp/tmpuzjdy4wu.py\", line 16, in <module>\n    test_check()\n  File \"/tmp/tmpuzjdy4wu.py\", line 14, in test_check\n    check(text_lowercase_underscore)\n  File \"/tmp/tmpuzjdy4wu.py\", line 9, in check\n    assert candidate('aab_cbbbc') == True\n  File \"/tmp/tmpuzjdy4wu.py\", line 5, in text_lowercase_underscore\n    return bool(re.match(r\"^[a-z]+(_[a-z]+)*$\", text))\nNameError: name 're' is not defined\n",
      "exit_code": 1,
      "status": "Exception"
    },
    {
      "program": "def text_lowercase_underscore(text: str) -> bool:\n    \"\"\"\n\tWrite a function to that returns true if the input string contains sequences of lowercase letters joined with an underscore and false otherwise.\n\t\"\"\"\n    return bool(re.match(r\"[a-z]+_[a-z]+\", text))\n\n\ndef check(candidate):\n    assert candidate('aab_cbbbc') == True\n    assert candidate('aab_Abbbc') == False\n    assert candidate('Aaab_abbbc') == False\n\ndef test_check():\n    check(text_lowercase_underscore)\n\ntest_check()\n",
      "timestamp": 1665510546,
      "stdout": "",
      "stderr": "Traceback (most recent call last):\n  File \"/tmp/tmpcuecu67i.py\", line 16, in <module>\n    test_check()\n  File \"/tmp/tmpcuecu67i.py\", line 14, in test_check\n    check(text_lowercase_underscore)\n  File \"/tmp/tmpcuecu67i.py\", line 9, in check\n    assert candidate('aab_cbbbc') == True\n  File \"/tmp/tmpcuecu67i.py\", line 5, in text_lowercase_underscore\n    return bool(re.match(r\"[a-z]+_[a-z]+\", text))\nNameError: name 're' is not defined\n",
      "exit_code": 1,
      "status": "Exception"
    },
    {
      "program": "def text_lowercase_underscore(text: str) -> bool:\n    \"\"\"\n\tWrite a function to that returns true if the input string contains sequences of lowercase letters joined with an underscore and false otherwise.\n\t\"\"\"\n    return bool(re.search(r\"[a-z]+_[a-z]+\", text))\n\n\ndef check(candidate):\n    assert candidate('aab_cbbbc') == True\n    assert candidate('aab_Abbbc') == False\n    assert candidate('Aaab_abbbc') == False\n\ndef test_check():\n    check(text_lowercase_underscore)\n\ntest_check()\n",
      "timestamp": 1665510546,
      "stdout": "",
      "stderr": "Traceback (most recent call last):\n  File \"/tmp/tmpf_pjg773.py\", line 16, in <module>\n    test_check()\n  File \"/tmp/tmpf_pjg773.py\", line 14, in test_check\n    check(text_lowercase_underscore)\n  File \"/tmp/tmpf_pjg773.py\", line 9, in check\n    assert candidate('aab_cbbbc') == True\n  File \"/tmp/tmpf_pjg773.py\", line 5, in text_lowercase_underscore\n    return bool(re.search(r\"[a-z]+_[a-z]+\", text))\nNameError: name 're' is not defined\n",
      "exit_code": 1,
      "status": "Exception"
    },
    {
      "program": "def text_lowercase_underscore(text: str) -> bool:\n    \"\"\"\n\tWrite a function to that returns true if the input string contains sequences of lowercase letters joined with an underscore and false otherwise.\n\t\"\"\"\n    return bool(re.search(r\"[a-z]+_[a-z]+\", text))\n\n\ndef check(candidate):\n    assert candidate('aab_cbbbc') == True\n    assert candidate('aab_Abbbc') == False\n    assert candidate('Aaab_abbbc') == False\n\ndef test_check():\n    check(text_lowercase_underscore)\n\ntest_check()\n",
      "timestamp": 1665510546,
      "stdout": "",
      "stderr": "Traceback (most recent call last):\n  File \"/tmp/tmpf_pjg773.py\", line 16, in <module>\n    test_check()\n  File \"/tmp/tmpf_pjg773.py\", line 14, in test_check\n    check(text_lowercase_underscore)\n  File \"/tmp/tmpf_pjg773.py\", line 9, in check\n    assert candidate('aab_cbbbc') == True\n  File \"/tmp/tmpf_pjg773.py\", line 5, in text_lowercase_underscore\n    return bool(re.search(r\"[a-z]+_[a-z]+\", text))\nNameError: name 're' is not defined\n",
      "exit_code": 1,
      "status": "Exception"
    },
    {
      "program": "def text_lowercase_underscore(text: str) -> bool:\n    \"\"\"\n\tWrite a function to that returns true if the input string contains sequences of lowercase letters joined with an underscore and false otherwise.\n\t\"\"\"\n    return re.search(r\"[a-z]+_[a-z]+\", text) is not None\n\n\ndef check(candidate):\n    assert candidate('aab_cbbbc') == True\n    assert candidate('aab_Abbbc') == False\n    assert candidate('Aaab_abbbc') == False\n\ndef test_check():\n    check(text_lowercase_underscore)\n\ntest_check()\n",
      "timestamp": 1666123367,
      "stdout": "",
      "stderr": "Traceback (most recent call last):\n  File \"/tmp/tmp15yw53s6.py\", line 16, in <module>\n    test_check()\n  File \"/tmp/tmp15yw53s6.py\", line 14, in test_check\n    check(text_lowercase_underscore)\n  File \"/tmp/tmp15yw53s6.py\", line 9, in check\n    assert candidate('aab_cbbbc') == True\n  File \"/tmp/tmp15yw53s6.py\", line 5, in text_lowercase_underscore\n    return re.search(r\"[a-z]+_[a-z]+\", text) is not None\nNameError: name 're' is not defined\n",
      "exit_code": 1,
      "status": "Exception"
    },
    {
      "program": "def text_lowercase_underscore(text: str) -> bool:\n    \"\"\"\n\tWrite a function to that returns true if the input string contains sequences of lowercase letters joined with an underscore and false otherwise.\n\t\"\"\"\n    return bool(re.match(r\"[a-z]+_[a-z]+\", text))\n\n\ndef check(candidate):\n    assert candidate('aab_cbbbc') == True\n    assert candidate('aab_Abbbc') == False\n    assert candidate('Aaab_abbbc') == False\n\ndef test_check():\n    check(text_lowercase_underscore)\n\ntest_check()\n",
      "timestamp": 1665510546,
      "stdout": "",
      "stderr": "Traceback (most recent call last):\n  File \"/tmp/tmpcuecu67i.py\", line 16, in <module>\n    test_check()\n  File \"/tmp/tmpcuecu67i.py\", line 14, in test_check\n    check(text_lowercase_underscore)\n  File \"/tmp/tmpcuecu67i.py\", line 9, in check\n    assert candidate('aab_cbbbc') == True\n  File \"/tmp/tmpcuecu67i.py\", line 5, in text_lowercase_underscore\n    return bool(re.match(r\"[a-z]+_[a-z]+\", text))\nNameError: name 're' is not defined\n",
      "exit_code": 1,
      "status": "Exception"
    },
    {
      "program": "def text_lowercase_underscore(text: str) -> bool:\n    \"\"\"\n\tWrite a function to that returns true if the input string contains sequences of lowercase letters joined with an underscore and false otherwise.\n\t\"\"\"\n    return bool(re.search(r\"[a-z]+_[a-z]+\", text))\n\n\ndef check(candidate):\n    assert candidate('aab_cbbbc') == True\n    assert candidate('aab_Abbbc') == False\n    assert candidate('Aaab_abbbc') == False\n\ndef test_check():\n    check(text_lowercase_underscore)\n\ntest_check()\n",
      "timestamp": 1665510546,
      "stdout": "",
      "stderr": "Traceback (most recent call last):\n  File \"/tmp/tmpf_pjg773.py\", line 16, in <module>\n    test_check()\n  File \"/tmp/tmpf_pjg773.py\", line 14, in test_check\n    check(text_lowercase_underscore)\n  File \"/tmp/tmpf_pjg773.py\", line 9, in check\n    assert candidate('aab_cbbbc') == True\n  File \"/tmp/tmpf_pjg773.py\", line 5, in text_lowercase_underscore\n    return bool(re.search(r\"[a-z]+_[a-z]+\", text))\nNameError: name 're' is not defined\n",
      "exit_code": 1,
      "status": "Exception"
    },
    {
      "program": "def text_lowercase_underscore(text: str) -> bool:\n    \"\"\"\n\tWrite a function to that returns true if the input string contains sequences of lowercase letters joined with an underscore and false otherwise.\n\t\"\"\"\n    return bool(re.match(r\"[a-z]+_[a-z]+\", text))\n\n\ndef check(candidate):\n    assert candidate('aab_cbbbc') == True\n    assert candidate('aab_Abbbc') == False\n    assert candidate('Aaab_abbbc') == False\n\ndef test_check():\n    check(text_lowercase_underscore)\n\ntest_check()\n",
      "timestamp": 1665510546,
      "stdout": "",
      "stderr": "Traceback (most recent call last):\n  File \"/tmp/tmpcuecu67i.py\", line 16, in <module>\n    test_check()\n  File \"/tmp/tmpcuecu67i.py\", line 14, in test_check\n    check(text_lowercase_underscore)\n  File \"/tmp/tmpcuecu67i.py\", line 9, in check\n    assert candidate('aab_cbbbc') == True\n  File \"/tmp/tmpcuecu67i.py\", line 5, in text_lowercase_underscore\n    return bool(re.match(r\"[a-z]+_[a-z]+\", text))\nNameError: name 're' is not defined\n",
      "exit_code": 1,
      "status": "Exception"
    },
    {
      "program": "def text_lowercase_underscore(text: str) -> bool:\n    \"\"\"\n\tWrite a function to that returns true if the input string contains sequences of lowercase letters joined with an underscore and false otherwise.\n\t\"\"\"\n    return bool(re.match(r\"^[a-z]+(_[a-z]+)*$\", text))\n\n\ndef check(candidate):\n    assert candidate('aab_cbbbc') == True\n    assert candidate('aab_Abbbc') == False\n    assert candidate('Aaab_abbbc') == False\n\ndef test_check():\n    check(text_lowercase_underscore)\n\ntest_check()\n",
      "timestamp": 1665510546,
      "stdout": "",
      "stderr": "Traceback (most recent call last):\n  File \"/tmp/tmpuzjdy4wu.py\", line 16, in <module>\n    test_check()\n  File \"/tmp/tmpuzjdy4wu.py\", line 14, in test_check\n    check(text_lowercase_underscore)\n  File \"/tmp/tmpuzjdy4wu.py\", line 9, in check\n    assert candidate('aab_cbbbc') == True\n  File \"/tmp/tmpuzjdy4wu.py\", line 5, in text_lowercase_underscore\n    return bool(re.match(r\"^[a-z]+(_[a-z]+)*$\", text))\nNameError: name 're' is not defined\n",
      "exit_code": 1,
      "status": "Exception"
    },
    {
      "program": "def text_lowercase_underscore(text: str) -> bool:\n    \"\"\"\n\tWrite a function to that returns true if the input string contains sequences of lowercase letters joined with an underscore and false otherwise.\n\t\"\"\"\n    return bool(re.match(r\"[a-z]+_[a-z]+\", text))\n\n\ndef check(candidate):\n    assert candidate('aab_cbbbc') == True\n    assert candidate('aab_Abbbc') == False\n    assert candidate('Aaab_abbbc') == False\n\ndef test_check():\n    check(text_lowercase_underscore)\n\ntest_check()\n",
      "timestamp": 1665510546,
      "stdout": "",
      "stderr": "Traceback (most recent call last):\n  File \"/tmp/tmpcuecu67i.py\", line 16, in <module>\n    test_check()\n  File \"/tmp/tmpcuecu67i.py\", line 14, in test_check\n    check(text_lowercase_underscore)\n  File \"/tmp/tmpcuecu67i.py\", line 9, in check\n    assert candidate('aab_cbbbc') == True\n  File \"/tmp/tmpcuecu67i.py\", line 5, in text_lowercase_underscore\n    return bool(re.match(r\"[a-z]+_[a-z]+\", text))\nNameError: name 're' is not defined\n",
      "exit_code": 1,
      "status": "Exception"
    },
    {
      "program": "def text_lowercase_underscore(text: str) -> bool:\n    \"\"\"\n\tWrite a function to that returns true if the input string contains sequences of lowercase letters joined with an underscore and false otherwise.\n\t\"\"\"\n    return bool(re.match(r\"^[a-z]+(_[a-z]+)*$\", text))\n\n\ndef check(candidate):\n    assert candidate('aab_cbbbc') == True\n    assert candidate('aab_Abbbc') == False\n    assert candidate('Aaab_abbbc') == False\n\ndef test_check():\n    check(text_lowercase_underscore)\n\ntest_check()\n",
      "timestamp": 1665510546,
      "stdout": "",
      "stderr": "Traceback (most recent call last):\n  File \"/tmp/tmpuzjdy4wu.py\", line 16, in <module>\n    test_check()\n  File \"/tmp/tmpuzjdy4wu.py\", line 14, in test_check\n    check(text_lowercase_underscore)\n  File \"/tmp/tmpuzjdy4wu.py\", line 9, in check\n    assert candidate('aab_cbbbc') == True\n  File \"/tmp/tmpuzjdy4wu.py\", line 5, in text_lowercase_underscore\n    return bool(re.match(r\"^[a-z]+(_[a-z]+)*$\", text))\nNameError: name 're' is not defined\n",
      "exit_code": 1,
      "status": "Exception"
    },
    {
      "program": "def text_lowercase_underscore(text: str) -> bool:\n    \"\"\"\n\tWrite a function to that returns true if the input string contains sequences of lowercase letters joined with an underscore and false otherwise.\n\t\"\"\"\n    return bool(re.search(r\"[a-z]+_[a-z]+\", text))\n\n\ndef check(candidate):\n    assert candidate('aab_cbbbc') == True\n    assert candidate('aab_Abbbc') == False\n    assert candidate('Aaab_abbbc') == False\n\ndef test_check():\n    check(text_lowercase_underscore)\n\ntest_check()\n",
      "timestamp": 1665510546,
      "stdout": "",
      "stderr": "Traceback (most recent call last):\n  File \"/tmp/tmpf_pjg773.py\", line 16, in <module>\n    test_check()\n  File \"/tmp/tmpf_pjg773.py\", line 14, in test_check\n    check(text_lowercase_underscore)\n  File \"/tmp/tmpf_pjg773.py\", line 9, in check\n    assert candidate('aab_cbbbc') == True\n  File \"/tmp/tmpf_pjg773.py\", line 5, in text_lowercase_underscore\n    return bool(re.search(r\"[a-z]+_[a-z]+\", text))\nNameError: name 're' is not defined\n",
      "exit_code": 1,
      "status": "Exception"
    },
    {
      "program": "def text_lowercase_underscore(text: str) -> bool:\n    \"\"\"\n\tWrite a function to that returns true if the input string contains sequences of lowercase letters joined with an underscore and false otherwise.\n\t\"\"\"\n    return bool(re.match(r\"[a-z]+_[a-z]+\", text))\n\n\ndef check(candidate):\n    assert candidate('aab_cbbbc') == True\n    assert candidate('aab_Abbbc') == False\n    assert candidate('Aaab_abbbc') == False\n\ndef test_check():\n    check(text_lowercase_underscore)\n\ntest_check()\n",
      "timestamp": 1665510546,
      "stdout": "",
      "stderr": "Traceback (most recent call last):\n  File \"/tmp/tmpcuecu67i.py\", line 16, in <module>\n    test_check()\n  File \"/tmp/tmpcuecu67i.py\", line 14, in test_check\n    check(text_lowercase_underscore)\n  File \"/tmp/tmpcuecu67i.py\", line 9, in check\n    assert candidate('aab_cbbbc') == True\n  File \"/tmp/tmpcuecu67i.py\", line 5, in text_lowercase_underscore\n    return bool(re.match(r\"[a-z]+_[a-z]+\", text))\nNameError: name 're' is not defined\n",
      "exit_code": 1,
      "status": "Exception"
    },
    {
      "program": "def text_lowercase_underscore(text: str) -> bool:\n    \"\"\"\n\tWrite a function to that returns true if the input string contains sequences of lowercase letters joined with an underscore and false otherwise.\n\t\"\"\"\n    return bool(re.match(r\"^[a-z]+(_[a-z]+)*$\", text))\n\n\ndef check(candidate):\n    assert candidate('aab_cbbbc') == True\n    assert candidate('aab_Abbbc') == False\n    assert candidate('Aaab_abbbc') == False\n\ndef test_check():\n    check(text_lowercase_underscore)\n\ntest_check()\n",
      "timestamp": 1665510546,
      "stdout": "",
      "stderr": "Traceback (most recent call last):\n  File \"/tmp/tmpuzjdy4wu.py\", line 16, in <module>\n    test_check()\n  File \"/tmp/tmpuzjdy4wu.py\", line 14, in test_check\n    check(text_lowercase_underscore)\n  File \"/tmp/tmpuzjdy4wu.py\", line 9, in check\n    assert candidate('aab_cbbbc') == True\n  File \"/tmp/tmpuzjdy4wu.py\", line 5, in text_lowercase_underscore\n    return bool(re.match(r\"^[a-z]+(_[a-z]+)*$\", text))\nNameError: name 're' is not defined\n",
      "exit_code": 1,
      "status": "Exception"
    },
    {
      "program": "def text_lowercase_underscore(text: str) -> bool:\n    \"\"\"\n\tWrite a function to that returns true if the input string contains sequences of lowercase letters joined with an underscore and false otherwise.\n\t\"\"\"\n    return bool(re.search(r\"^[a-z]+(_[a-z]+)*$\", text))\n\n\ndef check(candidate):\n    assert candidate('aab_cbbbc') == True\n    assert candidate('aab_Abbbc') == False\n    assert candidate('Aaab_abbbc') == False\n\ndef test_check():\n    check(text_lowercase_underscore)\n\ntest_check()\n",
      "timestamp": 1665510546,
      "stdout": "",
      "stderr": "Traceback (most recent call last):\n  File \"/tmp/tmpxclvp_et.py\", line 16, in <module>\n    test_check()\n  File \"/tmp/tmpxclvp_et.py\", line 14, in test_check\n    check(text_lowercase_underscore)\n  File \"/tmp/tmpxclvp_et.py\", line 9, in check\n    assert candidate('aab_cbbbc') == True\n  File \"/tmp/tmpxclvp_et.py\", line 5, in text_lowercase_underscore\n    return bool(re.search(r\"^[a-z]+(_[a-z]+)*$\", text))\nNameError: name 're' is not defined\n",
      "exit_code": 1,
      "status": "Exception"
    },
    {
      "program": "def text_lowercase_underscore(text: str) -> bool:\n    \"\"\"\n\tWrite a function to that returns true if the input string contains sequences of lowercase letters joined with an underscore and false otherwise.\n\t\"\"\"\n    return bool(re.match(r\"[a-z]+_[a-z]+\", text))\n\n\ndef check(candidate):\n    assert candidate('aab_cbbbc') == True\n    assert candidate('aab_Abbbc') == False\n    assert candidate('Aaab_abbbc') == False\n\ndef test_check():\n    check(text_lowercase_underscore)\n\ntest_check()\n",
      "timestamp": 1665510546,
      "stdout": "",
      "stderr": "Traceback (most recent call last):\n  File \"/tmp/tmpcuecu67i.py\", line 16, in <module>\n    test_check()\n  File \"/tmp/tmpcuecu67i.py\", line 14, in test_check\n    check(text_lowercase_underscore)\n  File \"/tmp/tmpcuecu67i.py\", line 9, in check\n    assert candidate('aab_cbbbc') == True\n  File \"/tmp/tmpcuecu67i.py\", line 5, in text_lowercase_underscore\n    return bool(re.match(r\"[a-z]+_[a-z]+\", text))\nNameError: name 're' is not defined\n",
      "exit_code": 1,
      "status": "Exception"
    },
    {
      "program": "def text_lowercase_underscore(text: str) -> bool:\n    \"\"\"\n\tWrite a function to that returns true if the input string contains sequences of lowercase letters joined with an underscore and false otherwise.\n\t\"\"\"\n    return bool(re.search(r\"[a-z]+_[a-z]+\", text))\n\n\ndef check(candidate):\n    assert candidate('aab_cbbbc') == True\n    assert candidate('aab_Abbbc') == False\n    assert candidate('Aaab_abbbc') == False\n\ndef test_check():\n    check(text_lowercase_underscore)\n\ntest_check()\n",
      "timestamp": 1665510546,
      "stdout": "",
      "stderr": "Traceback (most recent call last):\n  File \"/tmp/tmpf_pjg773.py\", line 16, in <module>\n    test_check()\n  File \"/tmp/tmpf_pjg773.py\", line 14, in test_check\n    check(text_lowercase_underscore)\n  File \"/tmp/tmpf_pjg773.py\", line 9, in check\n    assert candidate('aab_cbbbc') == True\n  File \"/tmp/tmpf_pjg773.py\", line 5, in text_lowercase_underscore\n    return bool(re.search(r\"[a-z]+_[a-z]+\", text))\nNameError: name 're' is not defined\n",
      "exit_code": 1,
      "status": "Exception"
    },
    {
      "program": "def text_lowercase_underscore(text: str) -> bool:\n    \"\"\"\n\tWrite a function to that returns true if the input string contains sequences of lowercase letters joined with an underscore and false otherwise.\n\t\"\"\"\n    return bool(re.match(r\"[a-z]+_[a-z]+\", text))\n\n\ndef check(candidate):\n    assert candidate('aab_cbbbc') == True\n    assert candidate('aab_Abbbc') == False\n    assert candidate('Aaab_abbbc') == False\n\ndef test_check():\n    check(text_lowercase_underscore)\n\ntest_check()\n",
      "timestamp": 1665510546,
      "stdout": "",
      "stderr": "Traceback (most recent call last):\n  File \"/tmp/tmpcuecu67i.py\", line 16, in <module>\n    test_check()\n  File \"/tmp/tmpcuecu67i.py\", line 14, in test_check\n    check(text_lowercase_underscore)\n  File \"/tmp/tmpcuecu67i.py\", line 9, in check\n    assert candidate('aab_cbbbc') == True\n  File \"/tmp/tmpcuecu67i.py\", line 5, in text_lowercase_underscore\n    return bool(re.match(r\"[a-z]+_[a-z]+\", text))\nNameError: name 're' is not defined\n",
      "exit_code": 1,
      "status": "Exception"
    },
    {
      "program": "def text_lowercase_underscore(text: str) -> bool:\n    \"\"\"\n\tWrite a function to that returns true if the input string contains sequences of lowercase letters joined with an underscore and false otherwise.\n\t\"\"\"\n    return bool(re.match(r\"[a-z]+_[a-z]+\", text))\n\n\ndef check(candidate):\n    assert candidate('aab_cbbbc') == True\n    assert candidate('aab_Abbbc') == False\n    assert candidate('Aaab_abbbc') == False\n\ndef test_check():\n    check(text_lowercase_underscore)\n\ntest_check()\n",
      "timestamp": 1665510546,
      "stdout": "",
      "stderr": "Traceback (most recent call last):\n  File \"/tmp/tmpcuecu67i.py\", line 16, in <module>\n    test_check()\n  File \"/tmp/tmpcuecu67i.py\", line 14, in test_check\n    check(text_lowercase_underscore)\n  File \"/tmp/tmpcuecu67i.py\", line 9, in check\n    assert candidate('aab_cbbbc') == True\n  File \"/tmp/tmpcuecu67i.py\", line 5, in text_lowercase_underscore\n    return bool(re.match(r\"[a-z]+_[a-z]+\", text))\nNameError: name 're' is not defined\n",
      "exit_code": 1,
      "status": "Exception"
    },
    {
      "program": "def text_lowercase_underscore(text: str) -> bool:\n    \"\"\"\n\tWrite a function to that returns true if the input string contains sequences of lowercase letters joined with an underscore and false otherwise.\n\t\"\"\"\n    return bool(re.match(r\"^[a-z]+(_[a-z]+)*$\", text))\n\n\ndef check(candidate):\n    assert candidate('aab_cbbbc') == True\n    assert candidate('aab_Abbbc') == False\n    assert candidate('Aaab_abbbc') == False\n\ndef test_check():\n    check(text_lowercase_underscore)\n\ntest_check()\n",
      "timestamp": 1665510546,
      "stdout": "",
      "stderr": "Traceback (most recent call last):\n  File \"/tmp/tmpuzjdy4wu.py\", line 16, in <module>\n    test_check()\n  File \"/tmp/tmpuzjdy4wu.py\", line 14, in test_check\n    check(text_lowercase_underscore)\n  File \"/tmp/tmpuzjdy4wu.py\", line 9, in check\n    assert candidate('aab_cbbbc') == True\n  File \"/tmp/tmpuzjdy4wu.py\", line 5, in text_lowercase_underscore\n    return bool(re.match(r\"^[a-z]+(_[a-z]+)*$\", text))\nNameError: name 're' is not defined\n",
      "exit_code": 1,
      "status": "Exception"
    },
    {
      "program": "def text_lowercase_underscore(text: str) -> bool:\n    \"\"\"\n\tWrite a function to that returns true if the input string contains sequences of lowercase letters joined with an underscore and false otherwise.\n\t\"\"\"\n    return bool(re.match(r\"^[a-z]+(_[a-z]+)*$\", text))\n\n\ndef check(candidate):\n    assert candidate('aab_cbbbc') == True\n    assert candidate('aab_Abbbc') == False\n    assert candidate('Aaab_abbbc') == False\n\ndef test_check():\n    check(text_lowercase_underscore)\n\ntest_check()\n",
      "timestamp": 1665510546,
      "stdout": "",
      "stderr": "Traceback (most recent call last):\n  File \"/tmp/tmpuzjdy4wu.py\", line 16, in <module>\n    test_check()\n  File \"/tmp/tmpuzjdy4wu.py\", line 14, in test_check\n    check(text_lowercase_underscore)\n  File \"/tmp/tmpuzjdy4wu.py\", line 9, in check\n    assert candidate('aab_cbbbc') == True\n  File \"/tmp/tmpuzjdy4wu.py\", line 5, in text_lowercase_underscore\n    return bool(re.match(r\"^[a-z]+(_[a-z]+)*$\", text))\nNameError: name 're' is not defined\n",
      "exit_code": 1,
      "status": "Exception"
    },
    {
      "program": "def text_lowercase_underscore(text: str) -> bool:\n    \"\"\"\n\tWrite a function to that returns true if the input string contains sequences of lowercase letters joined with an underscore and false otherwise.\n\t\"\"\"\n    return bool(re.match(r\"[a-z]+_[a-z]+\", text))\n\n\ndef check(candidate):\n    assert candidate('aab_cbbbc') == True\n    assert candidate('aab_Abbbc') == False\n    assert candidate('Aaab_abbbc') == False\n\ndef test_check():\n    check(text_lowercase_underscore)\n\ntest_check()\n",
      "timestamp": 1665510546,
      "stdout": "",
      "stderr": "Traceback (most recent call last):\n  File \"/tmp/tmpcuecu67i.py\", line 16, in <module>\n    test_check()\n  File \"/tmp/tmpcuecu67i.py\", line 14, in test_check\n    check(text_lowercase_underscore)\n  File \"/tmp/tmpcuecu67i.py\", line 9, in check\n    assert candidate('aab_cbbbc') == True\n  File \"/tmp/tmpcuecu67i.py\", line 5, in text_lowercase_underscore\n    return bool(re.match(r\"[a-z]+_[a-z]+\", text))\nNameError: name 're' is not defined\n",
      "exit_code": 1,
      "status": "Exception"
    },
    {
      "program": "def text_lowercase_underscore(text: str) -> bool:\n    \"\"\"\n\tWrite a function to that returns true if the input string contains sequences of lowercase letters joined with an underscore and false otherwise.\n\t\"\"\"\n    return bool(re.match(r\"^[a-z]+(_[a-z]+)*$\", text))\n\n\ndef check(candidate):\n    assert candidate('aab_cbbbc') == True\n    assert candidate('aab_Abbbc') == False\n    assert candidate('Aaab_abbbc') == False\n\ndef test_check():\n    check(text_lowercase_underscore)\n\ntest_check()\n",
      "timestamp": 1665510546,
      "stdout": "",
      "stderr": "Traceback (most recent call last):\n  File \"/tmp/tmpuzjdy4wu.py\", line 16, in <module>\n    test_check()\n  File \"/tmp/tmpuzjdy4wu.py\", line 14, in test_check\n    check(text_lowercase_underscore)\n  File \"/tmp/tmpuzjdy4wu.py\", line 9, in check\n    assert candidate('aab_cbbbc') == True\n  File \"/tmp/tmpuzjdy4wu.py\", line 5, in text_lowercase_underscore\n    return bool(re.match(r\"^[a-z]+(_[a-z]+)*$\", text))\nNameError: name 're' is not defined\n",
      "exit_code": 1,
      "status": "Exception"
    },
    {
      "program": "def text_lowercase_underscore(text: str) -> bool:\n    \"\"\"\n\tWrite a function to that returns true if the input string contains sequences of lowercase letters joined with an underscore and false otherwise.\n\t\"\"\"\n    return bool(re.match(r\"[a-z]+_[a-z]+\", text))\n\n\ndef check(candidate):\n    assert candidate('aab_cbbbc') == True\n    assert candidate('aab_Abbbc') == False\n    assert candidate('Aaab_abbbc') == False\n\ndef test_check():\n    check(text_lowercase_underscore)\n\ntest_check()\n",
      "timestamp": 1665510546,
      "stdout": "",
      "stderr": "Traceback (most recent call last):\n  File \"/tmp/tmpcuecu67i.py\", line 16, in <module>\n    test_check()\n  File \"/tmp/tmpcuecu67i.py\", line 14, in test_check\n    check(text_lowercase_underscore)\n  File \"/tmp/tmpcuecu67i.py\", line 9, in check\n    assert candidate('aab_cbbbc') == True\n  File \"/tmp/tmpcuecu67i.py\", line 5, in text_lowercase_underscore\n    return bool(re.match(r\"[a-z]+_[a-z]+\", text))\nNameError: name 're' is not defined\n",
      "exit_code": 1,
      "status": "Exception"
    },
    {
      "program": "def text_lowercase_underscore(text: str) -> bool:\n    \"\"\"\n\tWrite a function to that returns true if the input string contains sequences of lowercase letters joined with an underscore and false otherwise.\n\t\"\"\"\n    return bool(re.match(r\"[a-z]+_[a-z]+\", text))\n\n\ndef check(candidate):\n    assert candidate('aab_cbbbc') == True\n    assert candidate('aab_Abbbc') == False\n    assert candidate('Aaab_abbbc') == False\n\ndef test_check():\n    check(text_lowercase_underscore)\n\ntest_check()\n",
      "timestamp": 1665510546,
      "stdout": "",
      "stderr": "Traceback (most recent call last):\n  File \"/tmp/tmpcuecu67i.py\", line 16, in <module>\n    test_check()\n  File \"/tmp/tmpcuecu67i.py\", line 14, in test_check\n    check(text_lowercase_underscore)\n  File \"/tmp/tmpcuecu67i.py\", line 9, in check\n    assert candidate('aab_cbbbc') == True\n  File \"/tmp/tmpcuecu67i.py\", line 5, in text_lowercase_underscore\n    return bool(re.match(r\"[a-z]+_[a-z]+\", text))\nNameError: name 're' is not defined\n",
      "exit_code": 1,
      "status": "Exception"
    },
    {
      "program": "def text_lowercase_underscore(text: str) -> bool:\n    \"\"\"\n\tWrite a function to that returns true if the input string contains sequences of lowercase letters joined with an underscore and false otherwise.\n\t\"\"\"\n    return bool(re.search(r\"[a-z]+_[a-z]+\", text))\n\n\ndef check(candidate):\n    assert candidate('aab_cbbbc') == True\n    assert candidate('aab_Abbbc') == False\n    assert candidate('Aaab_abbbc') == False\n\ndef test_check():\n    check(text_lowercase_underscore)\n\ntest_check()\n",
      "timestamp": 1665510546,
      "stdout": "",
      "stderr": "Traceback (most recent call last):\n  File \"/tmp/tmpf_pjg773.py\", line 16, in <module>\n    test_check()\n  File \"/tmp/tmpf_pjg773.py\", line 14, in test_check\n    check(text_lowercase_underscore)\n  File \"/tmp/tmpf_pjg773.py\", line 9, in check\n    assert candidate('aab_cbbbc') == True\n  File \"/tmp/tmpf_pjg773.py\", line 5, in text_lowercase_underscore\n    return bool(re.search(r\"[a-z]+_[a-z]+\", text))\nNameError: name 're' is not defined\n",
      "exit_code": 1,
      "status": "Exception"
    },
    {
      "program": "def text_lowercase_underscore(text: str) -> bool:\n    \"\"\"\n\tWrite a function to that returns true if the input string contains sequences of lowercase letters joined with an underscore and false otherwise.\n\t\"\"\"\n    return bool(re.match(r\"[a-z]+_[a-z]+\", text))\n\n\ndef check(candidate):\n    assert candidate('aab_cbbbc') == True\n    assert candidate('aab_Abbbc') == False\n    assert candidate('Aaab_abbbc') == False\n\ndef test_check():\n    check(text_lowercase_underscore)\n\ntest_check()\n",
      "timestamp": 1665510546,
      "stdout": "",
      "stderr": "Traceback (most recent call last):\n  File \"/tmp/tmpcuecu67i.py\", line 16, in <module>\n    test_check()\n  File \"/tmp/tmpcuecu67i.py\", line 14, in test_check\n    check(text_lowercase_underscore)\n  File \"/tmp/tmpcuecu67i.py\", line 9, in check\n    assert candidate('aab_cbbbc') == True\n  File \"/tmp/tmpcuecu67i.py\", line 5, in text_lowercase_underscore\n    return bool(re.match(r\"[a-z]+_[a-z]+\", text))\nNameError: name 're' is not defined\n",
      "exit_code": 1,
      "status": "Exception"
    },
    {
      "program": "def text_lowercase_underscore(text: str) -> bool:\n    \"\"\"\n\tWrite a function to that returns true if the input string contains sequences of lowercase letters joined with an underscore and false otherwise.\n\t\"\"\"\n    return bool(re.match(r\"^[a-z]+(_[a-z]+)*$\", text))\n\n\ndef check(candidate):\n    assert candidate('aab_cbbbc') == True\n    assert candidate('aab_Abbbc') == False\n    assert candidate('Aaab_abbbc') == False\n\ndef test_check():\n    check(text_lowercase_underscore)\n\ntest_check()\n",
      "timestamp": 1665510546,
      "stdout": "",
      "stderr": "Traceback (most recent call last):\n  File \"/tmp/tmpuzjdy4wu.py\", line 16, in <module>\n    test_check()\n  File \"/tmp/tmpuzjdy4wu.py\", line 14, in test_check\n    check(text_lowercase_underscore)\n  File \"/tmp/tmpuzjdy4wu.py\", line 9, in check\n    assert candidate('aab_cbbbc') == True\n  File \"/tmp/tmpuzjdy4wu.py\", line 5, in text_lowercase_underscore\n    return bool(re.match(r\"^[a-z]+(_[a-z]+)*$\", text))\nNameError: name 're' is not defined\n",
      "exit_code": 1,
      "status": "Exception"
    },
    {
      "program": "def text_lowercase_underscore(text: str) -> bool:\n    \"\"\"\n\tWrite a function to that returns true if the input string contains sequences of lowercase letters joined with an underscore and false otherwise.\n\t\"\"\"\n    return bool(re.match(r\"^[a-z]+(_[a-z]+)*$\", text))\n\n\ndef check(candidate):\n    assert candidate('aab_cbbbc') == True\n    assert candidate('aab_Abbbc') == False\n    assert candidate('Aaab_abbbc') == False\n\ndef test_check():\n    check(text_lowercase_underscore)\n\ntest_check()\n",
      "timestamp": 1665510546,
      "stdout": "",
      "stderr": "Traceback (most recent call last):\n  File \"/tmp/tmpuzjdy4wu.py\", line 16, in <module>\n    test_check()\n  File \"/tmp/tmpuzjdy4wu.py\", line 14, in test_check\n    check(text_lowercase_underscore)\n  File \"/tmp/tmpuzjdy4wu.py\", line 9, in check\n    assert candidate('aab_cbbbc') == True\n  File \"/tmp/tmpuzjdy4wu.py\", line 5, in text_lowercase_underscore\n    return bool(re.match(r\"^[a-z]+(_[a-z]+)*$\", text))\nNameError: name 're' is not defined\n",
      "exit_code": 1,
      "status": "Exception"
    },
    {
      "program": "def text_lowercase_underscore(text: str) -> bool:\n    \"\"\"\n\tWrite a function to that returns true if the input string contains sequences of lowercase letters joined with an underscore and false otherwise.\n\t\"\"\"\n    return bool(re.match(r\"[a-z]+(_[a-z]+)*\", text))\n\n\ndef check(candidate):\n    assert candidate('aab_cbbbc') == True\n    assert candidate('aab_Abbbc') == False\n    assert candidate('Aaab_abbbc') == False\n\ndef test_check():\n    check(text_lowercase_underscore)\n\ntest_check()\n",
      "timestamp": 1666123367,
      "stdout": "",
      "stderr": "Traceback (most recent call last):\n  File \"/tmp/tmpnog9_xkk.py\", line 16, in <module>\n    test_check()\n  File \"/tmp/tmpnog9_xkk.py\", line 14, in test_check\n    check(text_lowercase_underscore)\n  File \"/tmp/tmpnog9_xkk.py\", line 9, in check\n    assert candidate('aab_cbbbc') == True\n  File \"/tmp/tmpnog9_xkk.py\", line 5, in text_lowercase_underscore\n    return bool(re.match(r\"[a-z]+(_[a-z]+)*\", text))\nNameError: name 're' is not defined\n",
      "exit_code": 1,
      "status": "Exception"
    },
    {
      "program": "def text_lowercase_underscore(text: str) -> bool:\n    \"\"\"\n\tWrite a function to that returns true if the input string contains sequences of lowercase letters joined with an underscore and false otherwise.\n\t\"\"\"\n    return bool(re.search(r\"[a-z]+_[a-z]+\", text))\n\n\ndef check(candidate):\n    assert candidate('aab_cbbbc') == True\n    assert candidate('aab_Abbbc') == False\n    assert candidate('Aaab_abbbc') == False\n\ndef test_check():\n    check(text_lowercase_underscore)\n\ntest_check()\n",
      "timestamp": 1665510546,
      "stdout": "",
      "stderr": "Traceback (most recent call last):\n  File \"/tmp/tmpf_pjg773.py\", line 16, in <module>\n    test_check()\n  File \"/tmp/tmpf_pjg773.py\", line 14, in test_check\n    check(text_lowercase_underscore)\n  File \"/tmp/tmpf_pjg773.py\", line 9, in check\n    assert candidate('aab_cbbbc') == True\n  File \"/tmp/tmpf_pjg773.py\", line 5, in text_lowercase_underscore\n    return bool(re.search(r\"[a-z]+_[a-z]+\", text))\nNameError: name 're' is not defined\n",
      "exit_code": 1,
      "status": "Exception"
    },
    {
      "program": "def text_lowercase_underscore(text: str) -> bool:\n    \"\"\"\n\tWrite a function to that returns true if the input string contains sequences of lowercase letters joined with an underscore and false otherwise.\n\t\"\"\"\n    return bool(re.match(r\"[a-z]+_[a-z]+\", text))\n\n\ndef check(candidate):\n    assert candidate('aab_cbbbc') == True\n    assert candidate('aab_Abbbc') == False\n    assert candidate('Aaab_abbbc') == False\n\ndef test_check():\n    check(text_lowercase_underscore)\n\ntest_check()\n",
      "timestamp": 1665510546,
      "stdout": "",
      "stderr": "Traceback (most recent call last):\n  File \"/tmp/tmpcuecu67i.py\", line 16, in <module>\n    test_check()\n  File \"/tmp/tmpcuecu67i.py\", line 14, in test_check\n    check(text_lowercase_underscore)\n  File \"/tmp/tmpcuecu67i.py\", line 9, in check\n    assert candidate('aab_cbbbc') == True\n  File \"/tmp/tmpcuecu67i.py\", line 5, in text_lowercase_underscore\n    return bool(re.match(r\"[a-z]+_[a-z]+\", text))\nNameError: name 're' is not defined\n",
      "exit_code": 1,
      "status": "Exception"
    },
    {
      "program": "def text_lowercase_underscore(text: str) -> bool:\n    \"\"\"\n\tWrite a function to that returns true if the input string contains sequences of lowercase letters joined with an underscore and false otherwise.\n\t\"\"\"\n    return bool(re.match(r\"[a-z]+_[a-z]+\", text))\n\n\ndef check(candidate):\n    assert candidate('aab_cbbbc') == True\n    assert candidate('aab_Abbbc') == False\n    assert candidate('Aaab_abbbc') == False\n\ndef test_check():\n    check(text_lowercase_underscore)\n\ntest_check()\n",
      "timestamp": 1665510546,
      "stdout": "",
      "stderr": "Traceback (most recent call last):\n  File \"/tmp/tmpcuecu67i.py\", line 16, in <module>\n    test_check()\n  File \"/tmp/tmpcuecu67i.py\", line 14, in test_check\n    check(text_lowercase_underscore)\n  File \"/tmp/tmpcuecu67i.py\", line 9, in check\n    assert candidate('aab_cbbbc') == True\n  File \"/tmp/tmpcuecu67i.py\", line 5, in text_lowercase_underscore\n    return bool(re.match(r\"[a-z]+_[a-z]+\", text))\nNameError: name 're' is not defined\n",
      "exit_code": 1,
      "status": "Exception"
    },
    {
      "program": "def text_lowercase_underscore(text: str) -> bool:\n    \"\"\"\n\tWrite a function to that returns true if the input string contains sequences of lowercase letters joined with an underscore and false otherwise.\n\t\"\"\"\n    return bool(re.search(r\"[a-z]+_[a-z]+\", text))\n\n\ndef check(candidate):\n    assert candidate('aab_cbbbc') == True\n    assert candidate('aab_Abbbc') == False\n    assert candidate('Aaab_abbbc') == False\n\ndef test_check():\n    check(text_lowercase_underscore)\n\ntest_check()\n",
      "timestamp": 1665510546,
      "stdout": "",
      "stderr": "Traceback (most recent call last):\n  File \"/tmp/tmpf_pjg773.py\", line 16, in <module>\n    test_check()\n  File \"/tmp/tmpf_pjg773.py\", line 14, in test_check\n    check(text_lowercase_underscore)\n  File \"/tmp/tmpf_pjg773.py\", line 9, in check\n    assert candidate('aab_cbbbc') == True\n  File \"/tmp/tmpf_pjg773.py\", line 5, in text_lowercase_underscore\n    return bool(re.search(r\"[a-z]+_[a-z]+\", text))\nNameError: name 're' is not defined\n",
      "exit_code": 1,
      "status": "Exception"
    },
    {
      "program": "def text_lowercase_underscore(text: str) -> bool:\n    \"\"\"\n\tWrite a function to that returns true if the input string contains sequences of lowercase letters joined with an underscore and false otherwise.\n\t\"\"\"\n    return bool(re.match(r\"^[a-z]+(_[a-z]+)*$\", text))\n\n\ndef check(candidate):\n    assert candidate('aab_cbbbc') == True\n    assert candidate('aab_Abbbc') == False\n    assert candidate('Aaab_abbbc') == False\n\ndef test_check():\n    check(text_lowercase_underscore)\n\ntest_check()\n",
      "timestamp": 1665510546,
      "stdout": "",
      "stderr": "Traceback (most recent call last):\n  File \"/tmp/tmpuzjdy4wu.py\", line 16, in <module>\n    test_check()\n  File \"/tmp/tmpuzjdy4wu.py\", line 14, in test_check\n    check(text_lowercase_underscore)\n  File \"/tmp/tmpuzjdy4wu.py\", line 9, in check\n    assert candidate('aab_cbbbc') == True\n  File \"/tmp/tmpuzjdy4wu.py\", line 5, in text_lowercase_underscore\n    return bool(re.match(r\"^[a-z]+(_[a-z]+)*$\", text))\nNameError: name 're' is not defined\n",
      "exit_code": 1,
      "status": "Exception"
    },
    {
      "program": "def text_lowercase_underscore(text: str) -> bool:\n    \"\"\"\n\tWrite a function to that returns true if the input string contains sequences of lowercase letters joined with an underscore and false otherwise.\n\t\"\"\"\n    return bool(re.match(r\"[a-z]+_[a-z]+\", text))\n\n\ndef check(candidate):\n    assert candidate('aab_cbbbc') == True\n    assert candidate('aab_Abbbc') == False\n    assert candidate('Aaab_abbbc') == False\n\ndef test_check():\n    check(text_lowercase_underscore)\n\ntest_check()\n",
      "timestamp": 1665510546,
      "stdout": "",
      "stderr": "Traceback (most recent call last):\n  File \"/tmp/tmpcuecu67i.py\", line 16, in <module>\n    test_check()\n  File \"/tmp/tmpcuecu67i.py\", line 14, in test_check\n    check(text_lowercase_underscore)\n  File \"/tmp/tmpcuecu67i.py\", line 9, in check\n    assert candidate('aab_cbbbc') == True\n  File \"/tmp/tmpcuecu67i.py\", line 5, in text_lowercase_underscore\n    return bool(re.match(r\"[a-z]+_[a-z]+\", text))\nNameError: name 're' is not defined\n",
      "exit_code": 1,
      "status": "Exception"
    },
    {
      "program": "def text_lowercase_underscore(text: str) -> bool:\n    \"\"\"\n\tWrite a function to that returns true if the input string contains sequences of lowercase letters joined with an underscore and false otherwise.\n\t\"\"\"\n    return bool(re.match(r\"[a-z]+_[a-z]+\", text))\n\n\ndef check(candidate):\n    assert candidate('aab_cbbbc') == True\n    assert candidate('aab_Abbbc') == False\n    assert candidate('Aaab_abbbc') == False\n\ndef test_check():\n    check(text_lowercase_underscore)\n\ntest_check()\n",
      "timestamp": 1665510546,
      "stdout": "",
      "stderr": "Traceback (most recent call last):\n  File \"/tmp/tmpcuecu67i.py\", line 16, in <module>\n    test_check()\n  File \"/tmp/tmpcuecu67i.py\", line 14, in test_check\n    check(text_lowercase_underscore)\n  File \"/tmp/tmpcuecu67i.py\", line 9, in check\n    assert candidate('aab_cbbbc') == True\n  File \"/tmp/tmpcuecu67i.py\", line 5, in text_lowercase_underscore\n    return bool(re.match(r\"[a-z]+_[a-z]+\", text))\nNameError: name 're' is not defined\n",
      "exit_code": 1,
      "status": "Exception"
    },
    {
      "program": "def text_lowercase_underscore(text: str) -> bool:\n    \"\"\"\n\tWrite a function to that returns true if the input string contains sequences of lowercase letters joined with an underscore and false otherwise.\n\t\"\"\"\n    return bool(re.search(r\"[a-z]+_[a-z]+\", text))\n\n\ndef check(candidate):\n    assert candidate('aab_cbbbc') == True\n    assert candidate('aab_Abbbc') == False\n    assert candidate('Aaab_abbbc') == False\n\ndef test_check():\n    check(text_lowercase_underscore)\n\ntest_check()\n",
      "timestamp": 1665510546,
      "stdout": "",
      "stderr": "Traceback (most recent call last):\n  File \"/tmp/tmpf_pjg773.py\", line 16, in <module>\n    test_check()\n  File \"/tmp/tmpf_pjg773.py\", line 14, in test_check\n    check(text_lowercase_underscore)\n  File \"/tmp/tmpf_pjg773.py\", line 9, in check\n    assert candidate('aab_cbbbc') == True\n  File \"/tmp/tmpf_pjg773.py\", line 5, in text_lowercase_underscore\n    return bool(re.search(r\"[a-z]+_[a-z]+\", text))\nNameError: name 're' is not defined\n",
      "exit_code": 1,
      "status": "Exception"
    },
    {
      "program": "def text_lowercase_underscore(text: str) -> bool:\n    \"\"\"\n\tWrite a function to that returns true if the input string contains sequences of lowercase letters joined with an underscore and false otherwise.\n\t\"\"\"\n    return bool(re.search(r\"[a-z]+_[a-z]+\", text))\n\n\ndef check(candidate):\n    assert candidate('aab_cbbbc') == True\n    assert candidate('aab_Abbbc') == False\n    assert candidate('Aaab_abbbc') == False\n\ndef test_check():\n    check(text_lowercase_underscore)\n\ntest_check()\n",
      "timestamp": 1665510546,
      "stdout": "",
      "stderr": "Traceback (most recent call last):\n  File \"/tmp/tmpf_pjg773.py\", line 16, in <module>\n    test_check()\n  File \"/tmp/tmpf_pjg773.py\", line 14, in test_check\n    check(text_lowercase_underscore)\n  File \"/tmp/tmpf_pjg773.py\", line 9, in check\n    assert candidate('aab_cbbbc') == True\n  File \"/tmp/tmpf_pjg773.py\", line 5, in text_lowercase_underscore\n    return bool(re.search(r\"[a-z]+_[a-z]+\", text))\nNameError: name 're' is not defined\n",
      "exit_code": 1,
      "status": "Exception"
    },
    {
      "program": "def text_lowercase_underscore(text: str) -> bool:\n    \"\"\"\n\tWrite a function to that returns true if the input string contains sequences of lowercase letters joined with an underscore and false otherwise.\n\t\"\"\"\n    return bool(re.search(r\"[a-z]+_[a-z]+\", text))\n\n\ndef check(candidate):\n    assert candidate('aab_cbbbc') == True\n    assert candidate('aab_Abbbc') == False\n    assert candidate('Aaab_abbbc') == False\n\ndef test_check():\n    check(text_lowercase_underscore)\n\ntest_check()\n",
      "timestamp": 1665510546,
      "stdout": "",
      "stderr": "Traceback (most recent call last):\n  File \"/tmp/tmpf_pjg773.py\", line 16, in <module>\n    test_check()\n  File \"/tmp/tmpf_pjg773.py\", line 14, in test_check\n    check(text_lowercase_underscore)\n  File \"/tmp/tmpf_pjg773.py\", line 9, in check\n    assert candidate('aab_cbbbc') == True\n  File \"/tmp/tmpf_pjg773.py\", line 5, in text_lowercase_underscore\n    return bool(re.search(r\"[a-z]+_[a-z]+\", text))\nNameError: name 're' is not defined\n",
      "exit_code": 1,
      "status": "Exception"
    },
    {
      "program": "def text_lowercase_underscore(text: str) -> bool:\n    \"\"\"\n\tWrite a function to that returns true if the input string contains sequences of lowercase letters joined with an underscore and false otherwise.\n\t\"\"\"\n    return bool(re.match(r\"^[a-z]+(_[a-z]+)*$\", text))\n\n\ndef check(candidate):\n    assert candidate('aab_cbbbc') == True\n    assert candidate('aab_Abbbc') == False\n    assert candidate('Aaab_abbbc') == False\n\ndef test_check():\n    check(text_lowercase_underscore)\n\ntest_check()\n",
      "timestamp": 1665510546,
      "stdout": "",
      "stderr": "Traceback (most recent call last):\n  File \"/tmp/tmpuzjdy4wu.py\", line 16, in <module>\n    test_check()\n  File \"/tmp/tmpuzjdy4wu.py\", line 14, in test_check\n    check(text_lowercase_underscore)\n  File \"/tmp/tmpuzjdy4wu.py\", line 9, in check\n    assert candidate('aab_cbbbc') == True\n  File \"/tmp/tmpuzjdy4wu.py\", line 5, in text_lowercase_underscore\n    return bool(re.match(r\"^[a-z]+(_[a-z]+)*$\", text))\nNameError: name 're' is not defined\n",
      "exit_code": 1,
      "status": "Exception"
    },
    {
      "program": "def text_lowercase_underscore(text: str) -> bool:\n    \"\"\"\n\tWrite a function to that returns true if the input string contains sequences of lowercase letters joined with an underscore and false otherwise.\n\t\"\"\"\n    return bool(re.match(r\"[a-z]+_[a-z]+\", text))\n\n\ndef check(candidate):\n    assert candidate('aab_cbbbc') == True\n    assert candidate('aab_Abbbc') == False\n    assert candidate('Aaab_abbbc') == False\n\ndef test_check():\n    check(text_lowercase_underscore)\n\ntest_check()\n",
      "timestamp": 1665510546,
      "stdout": "",
      "stderr": "Traceback (most recent call last):\n  File \"/tmp/tmpcuecu67i.py\", line 16, in <module>\n    test_check()\n  File \"/tmp/tmpcuecu67i.py\", line 14, in test_check\n    check(text_lowercase_underscore)\n  File \"/tmp/tmpcuecu67i.py\", line 9, in check\n    assert candidate('aab_cbbbc') == True\n  File \"/tmp/tmpcuecu67i.py\", line 5, in text_lowercase_underscore\n    return bool(re.match(r\"[a-z]+_[a-z]+\", text))\nNameError: name 're' is not defined\n",
      "exit_code": 1,
      "status": "Exception"
    },
    {
      "program": "def text_lowercase_underscore(text: str) -> bool:\n    \"\"\"\n\tWrite a function to that returns true if the input string contains sequences of lowercase letters joined with an underscore and false otherwise.\n\t\"\"\"\n    return bool(re.search(r\"[a-z]+_[a-z]+\", text))\n\n\ndef check(candidate):\n    assert candidate('aab_cbbbc') == True\n    assert candidate('aab_Abbbc') == False\n    assert candidate('Aaab_abbbc') == False\n\ndef test_check():\n    check(text_lowercase_underscore)\n\ntest_check()\n",
      "timestamp": 1665510546,
      "stdout": "",
      "stderr": "Traceback (most recent call last):\n  File \"/tmp/tmpf_pjg773.py\", line 16, in <module>\n    test_check()\n  File \"/tmp/tmpf_pjg773.py\", line 14, in test_check\n    check(text_lowercase_underscore)\n  File \"/tmp/tmpf_pjg773.py\", line 9, in check\n    assert candidate('aab_cbbbc') == True\n  File \"/tmp/tmpf_pjg773.py\", line 5, in text_lowercase_underscore\n    return bool(re.search(r\"[a-z]+_[a-z]+\", text))\nNameError: name 're' is not defined\n",
      "exit_code": 1,
      "status": "Exception"
    },
    {
      "program": "def text_lowercase_underscore(text: str) -> bool:\n    \"\"\"\n\tWrite a function to that returns true if the input string contains sequences of lowercase letters joined with an underscore and false otherwise.\n\t\"\"\"\n    return bool(re.match(r\"[a-z]+_[a-z]+\", text))\n\n\ndef check(candidate):\n    assert candidate('aab_cbbbc') == True\n    assert candidate('aab_Abbbc') == False\n    assert candidate('Aaab_abbbc') == False\n\ndef test_check():\n    check(text_lowercase_underscore)\n\ntest_check()\n",
      "timestamp": 1665510546,
      "stdout": "",
      "stderr": "Traceback (most recent call last):\n  File \"/tmp/tmpcuecu67i.py\", line 16, in <module>\n    test_check()\n  File \"/tmp/tmpcuecu67i.py\", line 14, in test_check\n    check(text_lowercase_underscore)\n  File \"/tmp/tmpcuecu67i.py\", line 9, in check\n    assert candidate('aab_cbbbc') == True\n  File \"/tmp/tmpcuecu67i.py\", line 5, in text_lowercase_underscore\n    return bool(re.match(r\"[a-z]+_[a-z]+\", text))\nNameError: name 're' is not defined\n",
      "exit_code": 1,
      "status": "Exception"
    },
    {
      "program": "def text_lowercase_underscore(text: str) -> bool:\n    \"\"\"\n\tWrite a function to that returns true if the input string contains sequences of lowercase letters joined with an underscore and false otherwise.\n\t\"\"\"\n    return bool(re.match(r\"[a-z]+(_[a-z]+)*\", text))\n\n\ndef check(candidate):\n    assert candidate('aab_cbbbc') == True\n    assert candidate('aab_Abbbc') == False\n    assert candidate('Aaab_abbbc') == False\n\ndef test_check():\n    check(text_lowercase_underscore)\n\ntest_check()\n",
      "timestamp": 1666123367,
      "stdout": "",
      "stderr": "Traceback (most recent call last):\n  File \"/tmp/tmpnog9_xkk.py\", line 16, in <module>\n    test_check()\n  File \"/tmp/tmpnog9_xkk.py\", line 14, in test_check\n    check(text_lowercase_underscore)\n  File \"/tmp/tmpnog9_xkk.py\", line 9, in check\n    assert candidate('aab_cbbbc') == True\n  File \"/tmp/tmpnog9_xkk.py\", line 5, in text_lowercase_underscore\n    return bool(re.match(r\"[a-z]+(_[a-z]+)*\", text))\nNameError: name 're' is not defined\n",
      "exit_code": 1,
      "status": "Exception"
    },
    {
      "program": "def text_lowercase_underscore(text: str) -> bool:\n    \"\"\"\n\tWrite a function to that returns true if the input string contains sequences of lowercase letters joined with an underscore and false otherwise.\n\t\"\"\"\n    return bool(re.match(r\"^[a-z]+(_[a-z]+)*$\", text))\n\n\ndef check(candidate):\n    assert candidate('aab_cbbbc') == True\n    assert candidate('aab_Abbbc') == False\n    assert candidate('Aaab_abbbc') == False\n\ndef test_check():\n    check(text_lowercase_underscore)\n\ntest_check()\n",
      "timestamp": 1665510546,
      "stdout": "",
      "stderr": "Traceback (most recent call last):\n  File \"/tmp/tmpuzjdy4wu.py\", line 16, in <module>\n    test_check()\n  File \"/tmp/tmpuzjdy4wu.py\", line 14, in test_check\n    check(text_lowercase_underscore)\n  File \"/tmp/tmpuzjdy4wu.py\", line 9, in check\n    assert candidate('aab_cbbbc') == True\n  File \"/tmp/tmpuzjdy4wu.py\", line 5, in text_lowercase_underscore\n    return bool(re.match(r\"^[a-z]+(_[a-z]+)*$\", text))\nNameError: name 're' is not defined\n",
      "exit_code": 1,
      "status": "Exception"
    },
    {
      "program": "def text_lowercase_underscore(text: str) -> bool:\n    \"\"\"\n\tWrite a function to that returns true if the input string contains sequences of lowercase letters joined with an underscore and false otherwise.\n\t\"\"\"\n    return bool(re.match(r\"^[a-z]+(_[a-z]+)*$\", text))\n\n\ndef check(candidate):\n    assert candidate('aab_cbbbc') == True\n    assert candidate('aab_Abbbc') == False\n    assert candidate('Aaab_abbbc') == False\n\ndef test_check():\n    check(text_lowercase_underscore)\n\ntest_check()\n",
      "timestamp": 1665510546,
      "stdout": "",
      "stderr": "Traceback (most recent call last):\n  File \"/tmp/tmpuzjdy4wu.py\", line 16, in <module>\n    test_check()\n  File \"/tmp/tmpuzjdy4wu.py\", line 14, in test_check\n    check(text_lowercase_underscore)\n  File \"/tmp/tmpuzjdy4wu.py\", line 9, in check\n    assert candidate('aab_cbbbc') == True\n  File \"/tmp/tmpuzjdy4wu.py\", line 5, in text_lowercase_underscore\n    return bool(re.match(r\"^[a-z]+(_[a-z]+)*$\", text))\nNameError: name 're' is not defined\n",
      "exit_code": 1,
      "status": "Exception"
    },
    {
      "program": "def text_lowercase_underscore(text: str) -> bool:\n    \"\"\"\n\tWrite a function to that returns true if the input string contains sequences of lowercase letters joined with an underscore and false otherwise.\n\t\"\"\"\n    return bool(re.match(r\"[a-z]+_[a-z]+\", text))\n\n\ndef check(candidate):\n    assert candidate('aab_cbbbc') == True\n    assert candidate('aab_Abbbc') == False\n    assert candidate('Aaab_abbbc') == False\n\ndef test_check():\n    check(text_lowercase_underscore)\n\ntest_check()\n",
      "timestamp": 1665510546,
      "stdout": "",
      "stderr": "Traceback (most recent call last):\n  File \"/tmp/tmpcuecu67i.py\", line 16, in <module>\n    test_check()\n  File \"/tmp/tmpcuecu67i.py\", line 14, in test_check\n    check(text_lowercase_underscore)\n  File \"/tmp/tmpcuecu67i.py\", line 9, in check\n    assert candidate('aab_cbbbc') == True\n  File \"/tmp/tmpcuecu67i.py\", line 5, in text_lowercase_underscore\n    return bool(re.match(r\"[a-z]+_[a-z]+\", text))\nNameError: name 're' is not defined\n",
      "exit_code": 1,
      "status": "Exception"
    },
    {
      "program": "def text_lowercase_underscore(text: str) -> bool:\n    \"\"\"\n\tWrite a function to that returns true if the input string contains sequences of lowercase letters joined with an underscore and false otherwise.\n\t\"\"\"\n    return bool(re.search(r\"[a-z]+_[a-z]+\", text))\n\n\ndef check(candidate):\n    assert candidate('aab_cbbbc') == True\n    assert candidate('aab_Abbbc') == False\n    assert candidate('Aaab_abbbc') == False\n\ndef test_check():\n    check(text_lowercase_underscore)\n\ntest_check()\n",
      "timestamp": 1665510546,
      "stdout": "",
      "stderr": "Traceback (most recent call last):\n  File \"/tmp/tmpf_pjg773.py\", line 16, in <module>\n    test_check()\n  File \"/tmp/tmpf_pjg773.py\", line 14, in test_check\n    check(text_lowercase_underscore)\n  File \"/tmp/tmpf_pjg773.py\", line 9, in check\n    assert candidate('aab_cbbbc') == True\n  File \"/tmp/tmpf_pjg773.py\", line 5, in text_lowercase_underscore\n    return bool(re.search(r\"[a-z]+_[a-z]+\", text))\nNameError: name 're' is not defined\n",
      "exit_code": 1,
      "status": "Exception"
    }
  ]
}