{
  "name": "mbpp_797_sum_in_range",
  "language": "py",
  "prompt": "def sum_in_range(l: int, r: int) -> int:\n    \"\"\"\n\tWrite a python function to find the sum of all odd natural numbers within the range l and r.\n\t\"\"\"\n",
  "doctests": "transform",
  "original": "/home/arjun/repos/MultiPL-E/datasets/../datasets/mbpp-typed/mbpp_797_sum_in_range.py",
  "prompt_terminology": "reworded",
  "tests": "def check(candidate):\n    assert candidate(2, 5) == 8\n    assert candidate(5, 7) == 12\n    assert candidate(7, 13) == 40\n\ndef test_check():\n    check(sum_in_range)\n\ntest_check()\n",
  "stop_tokens": [
    "\ndef",
    "\n#",
    "\nif",
    "\nclass"
  ],
  "results": [
    {
      "program": "def sum_in_range(l: int, r: int) -> int:\n    \"\"\"\n\tWrite a python function to find the sum of all odd natural numbers within the range l and r.\n\t\"\"\"\n    return sum(range(l, r + 1, 2))\n\n\ndef check(candidate):\n    assert candidate(2, 5) == 8\n    assert candidate(5, 7) == 12\n    assert candidate(7, 13) == 40\n\ndef test_check():\n    check(sum_in_range)\n\ntest_check()\n",
      "timestamp": 1665509806,
      "stdout": "",
      "stderr": "Traceback (most recent call last):\n  File \"/tmp/tmppj9qq5gs.py\", line 16, in <module>\n    test_check()\n  File \"/tmp/tmppj9qq5gs.py\", line 14, in test_check\n    check(sum_in_range)\n  File \"/tmp/tmppj9qq5gs.py\", line 9, in check\n    assert candidate(2, 5) == 8\nAssertionError\n",
      "exit_code": 1,
      "status": "Exception"
    },
    {
      "program": "def sum_in_range(l: int, r: int) -> int:\n    \"\"\"\n\tWrite a python function to find the sum of all odd natural numbers within the range l and r.\n\t\"\"\"\n    return sum(i for i in range(l, r + 1) if i % 2 != 0)\n\n\ndef check(candidate):\n    assert candidate(2, 5) == 8\n    assert candidate(5, 7) == 12\n    assert candidate(7, 13) == 40\n\ndef test_check():\n    check(sum_in_range)\n\ntest_check()\n",
      "timestamp": 1665509806,
      "stdout": "",
      "stderr": "",
      "exit_code": 0,
      "status": "OK"
    },
    {
      "program": "def sum_in_range(l: int, r: int) -> int:\n    \"\"\"\n\tWrite a python function to find the sum of all odd natural numbers within the range l and r.\n\t\"\"\"\n    sum = 0\n    for i in range(l, r + 1):\n        if i % 2 != 0:\n            sum += i\n    return sum\n\n\ndef check(candidate):\n    assert candidate(2, 5) == 8\n    assert candidate(5, 7) == 12\n    assert candidate(7, 13) == 40\n\ndef test_check():\n    check(sum_in_range)\n\ntest_check()\n",
      "timestamp": 1665509806,
      "stdout": "",
      "stderr": "",
      "exit_code": 0,
      "status": "OK"
    },
    {
      "program": "def sum_in_range(l: int, r: int) -> int:\n    \"\"\"\n\tWrite a python function to find the sum of all odd natural numbers within the range l and r.\n\t\"\"\"\n    return sum(range(l, r + 1, 2))\n\n\ndef check(candidate):\n    assert candidate(2, 5) == 8\n    assert candidate(5, 7) == 12\n    assert candidate(7, 13) == 40\n\ndef test_check():\n    check(sum_in_range)\n\ntest_check()\n",
      "timestamp": 1665509806,
      "stdout": "",
      "stderr": "Traceback (most recent call last):\n  File \"/tmp/tmppj9qq5gs.py\", line 16, in <module>\n    test_check()\n  File \"/tmp/tmppj9qq5gs.py\", line 14, in test_check\n    check(sum_in_range)\n  File \"/tmp/tmppj9qq5gs.py\", line 9, in check\n    assert candidate(2, 5) == 8\nAssertionError\n",
      "exit_code": 1,
      "status": "Exception"
    },
    {
      "program": "def sum_in_range(l: int, r: int) -> int:\n    \"\"\"\n\tWrite a python function to find the sum of all odd natural numbers within the range l and r.\n\t\"\"\"\n    return sum(range(l, r + 1, 2))\n\n\ndef check(candidate):\n    assert candidate(2, 5) == 8\n    assert candidate(5, 7) == 12\n    assert candidate(7, 13) == 40\n\ndef test_check():\n    check(sum_in_range)\n\ntest_check()\n",
      "timestamp": 1665509806,
      "stdout": "",
      "stderr": "Traceback (most recent call last):\n  File \"/tmp/tmppj9qq5gs.py\", line 16, in <module>\n    test_check()\n  File \"/tmp/tmppj9qq5gs.py\", line 14, in test_check\n    check(sum_in_range)\n  File \"/tmp/tmppj9qq5gs.py\", line 9, in check\n    assert candidate(2, 5) == 8\nAssertionError\n",
      "exit_code": 1,
      "status": "Exception"
    },
    {
      "program": "def sum_in_range(l: int, r: int) -> int:\n    \"\"\"\n\tWrite a python function to find the sum of all odd natural numbers within the range l and r.\n\t\"\"\"\n    return sum(range(l, r + 1, 2))\n\n\ndef check(candidate):\n    assert candidate(2, 5) == 8\n    assert candidate(5, 7) == 12\n    assert candidate(7, 13) == 40\n\ndef test_check():\n    check(sum_in_range)\n\ntest_check()\n",
      "timestamp": 1665509806,
      "stdout": "",
      "stderr": "Traceback (most recent call last):\n  File \"/tmp/tmppj9qq5gs.py\", line 16, in <module>\n    test_check()\n  File \"/tmp/tmppj9qq5gs.py\", line 14, in test_check\n    check(sum_in_range)\n  File \"/tmp/tmppj9qq5gs.py\", line 9, in check\n    assert candidate(2, 5) == 8\nAssertionError\n",
      "exit_code": 1,
      "status": "Exception"
    },
    {
      "program": "def sum_in_range(l: int, r: int) -> int:\n    \"\"\"\n\tWrite a python function to find the sum of all odd natural numbers within the range l and r.\n\t\"\"\"\n    return sum(filter(lambda x: x % 2 == 1, range(l, r + 1)))\n\n\ndef check(candidate):\n    assert candidate(2, 5) == 8\n    assert candidate(5, 7) == 12\n    assert candidate(7, 13) == 40\n\ndef test_check():\n    check(sum_in_range)\n\ntest_check()\n",
      "timestamp": 1665509806,
      "stdout": "",
      "stderr": "",
      "exit_code": 0,
      "status": "OK"
    },
    {
      "program": "def sum_in_range(l: int, r: int) -> int:\n    \"\"\"\n\tWrite a python function to find the sum of all odd natural numbers within the range l and r.\n\t\"\"\"\n    return sum([x for x in range(l, r + 1) if x % 2 != 0])\n\n\ndef check(candidate):\n    assert candidate(2, 5) == 8\n    assert candidate(5, 7) == 12\n    assert candidate(7, 13) == 40\n\ndef test_check():\n    check(sum_in_range)\n\ntest_check()\n",
      "timestamp": 1665509806,
      "stdout": "",
      "stderr": "",
      "exit_code": 0,
      "status": "OK"
    },
    {
      "program": "def sum_in_range(l: int, r: int) -> int:\n    \"\"\"\n\tWrite a python function to find the sum of all odd natural numbers within the range l and r.\n\t\"\"\"\n    return sum(i for i in range(l, r + 1) if i % 2 == 1)\n\n\ndef check(candidate):\n    assert candidate(2, 5) == 8\n    assert candidate(5, 7) == 12\n    assert candidate(7, 13) == 40\n\ndef test_check():\n    check(sum_in_range)\n\ntest_check()\n",
      "timestamp": 1665509806,
      "stdout": "",
      "stderr": "",
      "exit_code": 0,
      "status": "OK"
    },
    {
      "program": "def sum_in_range(l: int, r: int) -> int:\n    \"\"\"\n\tWrite a python function to find the sum of all odd natural numbers within the range l and r.\n\t\"\"\"\n    return sum(range(l, r + 1, 2))\n\n\ndef check(candidate):\n    assert candidate(2, 5) == 8\n    assert candidate(5, 7) == 12\n    assert candidate(7, 13) == 40\n\ndef test_check():\n    check(sum_in_range)\n\ntest_check()\n",
      "timestamp": 1665509806,
      "stdout": "",
      "stderr": "Traceback (most recent call last):\n  File \"/tmp/tmppj9qq5gs.py\", line 16, in <module>\n    test_check()\n  File \"/tmp/tmppj9qq5gs.py\", line 14, in test_check\n    check(sum_in_range)\n  File \"/tmp/tmppj9qq5gs.py\", line 9, in check\n    assert candidate(2, 5) == 8\nAssertionError\n",
      "exit_code": 1,
      "status": "Exception"
    },
    {
      "program": "def sum_in_range(l: int, r: int) -> int:\n    \"\"\"\n\tWrite a python function to find the sum of all odd natural numbers within the range l and r.\n\t\"\"\"\n    return sum(range(l, r + 1, 2))\n\n\ndef check(candidate):\n    assert candidate(2, 5) == 8\n    assert candidate(5, 7) == 12\n    assert candidate(7, 13) == 40\n\ndef test_check():\n    check(sum_in_range)\n\ntest_check()\n",
      "timestamp": 1665509806,
      "stdout": "",
      "stderr": "Traceback (most recent call last):\n  File \"/tmp/tmppj9qq5gs.py\", line 16, in <module>\n    test_check()\n  File \"/tmp/tmppj9qq5gs.py\", line 14, in test_check\n    check(sum_in_range)\n  File \"/tmp/tmppj9qq5gs.py\", line 9, in check\n    assert candidate(2, 5) == 8\nAssertionError\n",
      "exit_code": 1,
      "status": "Exception"
    },
    {
      "program": "def sum_in_range(l: int, r: int) -> int:\n    \"\"\"\n\tWrite a python function to find the sum of all odd natural numbers within the range l and r.\n\t\"\"\"\n    return sum(range(l, r + 1, 2))\n\n\ndef check(candidate):\n    assert candidate(2, 5) == 8\n    assert candidate(5, 7) == 12\n    assert candidate(7, 13) == 40\n\ndef test_check():\n    check(sum_in_range)\n\ntest_check()\n",
      "timestamp": 1665509806,
      "stdout": "",
      "stderr": "Traceback (most recent call last):\n  File \"/tmp/tmppj9qq5gs.py\", line 16, in <module>\n    test_check()\n  File \"/tmp/tmppj9qq5gs.py\", line 14, in test_check\n    check(sum_in_range)\n  File \"/tmp/tmppj9qq5gs.py\", line 9, in check\n    assert candidate(2, 5) == 8\nAssertionError\n",
      "exit_code": 1,
      "status": "Exception"
    },
    {
      "program": "def sum_in_range(l: int, r: int) -> int:\n    \"\"\"\n\tWrite a python function to find the sum of all odd natural numbers within the range l and r.\n\t\"\"\"\n    return sum(i for i in range(l, r + 1) if i % 2 == 1)\n\n\ndef check(candidate):\n    assert candidate(2, 5) == 8\n    assert candidate(5, 7) == 12\n    assert candidate(7, 13) == 40\n\ndef test_check():\n    check(sum_in_range)\n\ntest_check()\n",
      "timestamp": 1665509806,
      "stdout": "",
      "stderr": "",
      "exit_code": 0,
      "status": "OK"
    },
    {
      "program": "def sum_in_range(l: int, r: int) -> int:\n    \"\"\"\n\tWrite a python function to find the sum of all odd natural numbers within the range l and r.\n\t\"\"\"\n    sum = 0\n    for i in range(l, r + 1):\n        if i % 2 != 0:\n            sum += i\n    return sum\n\n\ndef check(candidate):\n    assert candidate(2, 5) == 8\n    assert candidate(5, 7) == 12\n    assert candidate(7, 13) == 40\n\ndef test_check():\n    check(sum_in_range)\n\ntest_check()\n",
      "timestamp": 1665509806,
      "stdout": "",
      "stderr": "",
      "exit_code": 0,
      "status": "OK"
    },
    {
      "program": "def sum_in_range(l: int, r: int) -> int:\n    \"\"\"\n\tWrite a python function to find the sum of all odd natural numbers within the range l and r.\n\t\"\"\"\n    return sum(i for i in range(l, r + 1) if i % 2 != 0)\n\n\ndef check(candidate):\n    assert candidate(2, 5) == 8\n    assert candidate(5, 7) == 12\n    assert candidate(7, 13) == 40\n\ndef test_check():\n    check(sum_in_range)\n\ntest_check()\n",
      "timestamp": 1665509806,
      "stdout": "",
      "stderr": "",
      "exit_code": 0,
      "status": "OK"
    },
    {
      "program": "def sum_in_range(l: int, r: int) -> int:\n    \"\"\"\n\tWrite a python function to find the sum of all odd natural numbers within the range l and r.\n\t\"\"\"\n    return sum(range(l, r + 1, 2))\n\n\ndef check(candidate):\n    assert candidate(2, 5) == 8\n    assert candidate(5, 7) == 12\n    assert candidate(7, 13) == 40\n\ndef test_check():\n    check(sum_in_range)\n\ntest_check()\n",
      "timestamp": 1665509806,
      "stdout": "",
      "stderr": "Traceback (most recent call last):\n  File \"/tmp/tmppj9qq5gs.py\", line 16, in <module>\n    test_check()\n  File \"/tmp/tmppj9qq5gs.py\", line 14, in test_check\n    check(sum_in_range)\n  File \"/tmp/tmppj9qq5gs.py\", line 9, in check\n    assert candidate(2, 5) == 8\nAssertionError\n",
      "exit_code": 1,
      "status": "Exception"
    },
    {
      "program": "def sum_in_range(l: int, r: int) -> int:\n    \"\"\"\n\tWrite a python function to find the sum of all odd natural numbers within the range l and r.\n\t\"\"\"\n    return sum(range(l, r + 1, 2))\n\n\ndef check(candidate):\n    assert candidate(2, 5) == 8\n    assert candidate(5, 7) == 12\n    assert candidate(7, 13) == 40\n\ndef test_check():\n    check(sum_in_range)\n\ntest_check()\n",
      "timestamp": 1665509806,
      "stdout": "",
      "stderr": "Traceback (most recent call last):\n  File \"/tmp/tmppj9qq5gs.py\", line 16, in <module>\n    test_check()\n  File \"/tmp/tmppj9qq5gs.py\", line 14, in test_check\n    check(sum_in_range)\n  File \"/tmp/tmppj9qq5gs.py\", line 9, in check\n    assert candidate(2, 5) == 8\nAssertionError\n",
      "exit_code": 1,
      "status": "Exception"
    },
    {
      "program": "def sum_in_range(l: int, r: int) -> int:\n    \"\"\"\n\tWrite a python function to find the sum of all odd natural numbers within the range l and r.\n\t\"\"\"\n    return sum(range(l, r + 1, 2))\n\n\ndef check(candidate):\n    assert candidate(2, 5) == 8\n    assert candidate(5, 7) == 12\n    assert candidate(7, 13) == 40\n\ndef test_check():\n    check(sum_in_range)\n\ntest_check()\n",
      "timestamp": 1665509806,
      "stdout": "",
      "stderr": "Traceback (most recent call last):\n  File \"/tmp/tmppj9qq5gs.py\", line 16, in <module>\n    test_check()\n  File \"/tmp/tmppj9qq5gs.py\", line 14, in test_check\n    check(sum_in_range)\n  File \"/tmp/tmppj9qq5gs.py\", line 9, in check\n    assert candidate(2, 5) == 8\nAssertionError\n",
      "exit_code": 1,
      "status": "Exception"
    },
    {
      "program": "def sum_in_range(l: int, r: int) -> int:\n    \"\"\"\n\tWrite a python function to find the sum of all odd natural numbers within the range l and r.\n\t\"\"\"\n    return sum(range(l, r + 1, 2))\n\n\ndef check(candidate):\n    assert candidate(2, 5) == 8\n    assert candidate(5, 7) == 12\n    assert candidate(7, 13) == 40\n\ndef test_check():\n    check(sum_in_range)\n\ntest_check()\n",
      "timestamp": 1665509806,
      "stdout": "",
      "stderr": "Traceback (most recent call last):\n  File \"/tmp/tmppj9qq5gs.py\", line 16, in <module>\n    test_check()\n  File \"/tmp/tmppj9qq5gs.py\", line 14, in test_check\n    check(sum_in_range)\n  File \"/tmp/tmppj9qq5gs.py\", line 9, in check\n    assert candidate(2, 5) == 8\nAssertionError\n",
      "exit_code": 1,
      "status": "Exception"
    },
    {
      "program": "def sum_in_range(l: int, r: int) -> int:\n    \"\"\"\n\tWrite a python function to find the sum of all odd natural numbers within the range l and r.\n\t\"\"\"\n    sum = 0\n    for i in range(l, r + 1):\n        if i % 2 != 0:\n            sum += i\n    return sum\n\n\ndef check(candidate):\n    assert candidate(2, 5) == 8\n    assert candidate(5, 7) == 12\n    assert candidate(7, 13) == 40\n\ndef test_check():\n    check(sum_in_range)\n\ntest_check()\n",
      "timestamp": 1665509806,
      "stdout": "",
      "stderr": "",
      "exit_code": 0,
      "status": "OK"
    },
    {
      "program": "def sum_in_range(l: int, r: int) -> int:\n    \"\"\"\n\tWrite a python function to find the sum of all odd natural numbers within the range l and r.\n\t\"\"\"\n    sum = 0\n    for i in range(l, r + 1):\n        if i % 2 != 0:\n            sum += i\n    return sum\n\n\ndef check(candidate):\n    assert candidate(2, 5) == 8\n    assert candidate(5, 7) == 12\n    assert candidate(7, 13) == 40\n\ndef test_check():\n    check(sum_in_range)\n\ntest_check()\n",
      "timestamp": 1665509806,
      "stdout": "",
      "stderr": "",
      "exit_code": 0,
      "status": "OK"
    },
    {
      "program": "def sum_in_range(l: int, r: int) -> int:\n    \"\"\"\n\tWrite a python function to find the sum of all odd natural numbers within the range l and r.\n\t\"\"\"\n    return sum(range(l, r + 1, 2))\n\n\ndef check(candidate):\n    assert candidate(2, 5) == 8\n    assert candidate(5, 7) == 12\n    assert candidate(7, 13) == 40\n\ndef test_check():\n    check(sum_in_range)\n\ntest_check()\n",
      "timestamp": 1665509806,
      "stdout": "",
      "stderr": "Traceback (most recent call last):\n  File \"/tmp/tmppj9qq5gs.py\", line 16, in <module>\n    test_check()\n  File \"/tmp/tmppj9qq5gs.py\", line 14, in test_check\n    check(sum_in_range)\n  File \"/tmp/tmppj9qq5gs.py\", line 9, in check\n    assert candidate(2, 5) == 8\nAssertionError\n",
      "exit_code": 1,
      "status": "Exception"
    },
    {
      "program": "def sum_in_range(l: int, r: int) -> int:\n    \"\"\"\n\tWrite a python function to find the sum of all odd natural numbers within the range l and r.\n\t\"\"\"\n    return sum([x for x in range(l, r + 1) if x % 2 != 0])\n\n\ndef check(candidate):\n    assert candidate(2, 5) == 8\n    assert candidate(5, 7) == 12\n    assert candidate(7, 13) == 40\n\ndef test_check():\n    check(sum_in_range)\n\ntest_check()\n",
      "timestamp": 1665509806,
      "stdout": "",
      "stderr": "",
      "exit_code": 0,
      "status": "OK"
    },
    {
      "program": "def sum_in_range(l: int, r: int) -> int:\n    \"\"\"\n\tWrite a python function to find the sum of all odd natural numbers within the range l and r.\n\t\"\"\"\n    return sum([i for i in range(l, r + 1) if i % 2 == 1])\n\n\ndef check(candidate):\n    assert candidate(2, 5) == 8\n    assert candidate(5, 7) == 12\n    assert candidate(7, 13) == 40\n\ndef test_check():\n    check(sum_in_range)\n\ntest_check()\n",
      "timestamp": 1666122566,
      "stdout": "",
      "stderr": "",
      "exit_code": 0,
      "status": "OK"
    },
    {
      "program": "def sum_in_range(l: int, r: int) -> int:\n    \"\"\"\n\tWrite a python function to find the sum of all odd natural numbers within the range l and r.\n\t\"\"\"\n    return sum(i for i in range(l, r + 1) if i % 2 != 0)\n\n\ndef check(candidate):\n    assert candidate(2, 5) == 8\n    assert candidate(5, 7) == 12\n    assert candidate(7, 13) == 40\n\ndef test_check():\n    check(sum_in_range)\n\ntest_check()\n",
      "timestamp": 1665509806,
      "stdout": "",
      "stderr": "",
      "exit_code": 0,
      "status": "OK"
    },
    {
      "program": "def sum_in_range(l: int, r: int) -> int:\n    \"\"\"\n\tWrite a python function to find the sum of all odd natural numbers within the range l and r.\n\t\"\"\"\n    sum = 0\n    for i in range(l, r + 1):\n        if i % 2 != 0:\n            sum += i\n    return sum\n\n\ndef check(candidate):\n    assert candidate(2, 5) == 8\n    assert candidate(5, 7) == 12\n    assert candidate(7, 13) == 40\n\ndef test_check():\n    check(sum_in_range)\n\ntest_check()\n",
      "timestamp": 1665509806,
      "stdout": "",
      "stderr": "",
      "exit_code": 0,
      "status": "OK"
    },
    {
      "program": "def sum_in_range(l: int, r: int) -> int:\n    \"\"\"\n\tWrite a python function to find the sum of all odd natural numbers within the range l and r.\n\t\"\"\"\n    return sum(range(l, r + 1, 2))\n\n\ndef check(candidate):\n    assert candidate(2, 5) == 8\n    assert candidate(5, 7) == 12\n    assert candidate(7, 13) == 40\n\ndef test_check():\n    check(sum_in_range)\n\ntest_check()\n",
      "timestamp": 1665509806,
      "stdout": "",
      "stderr": "Traceback (most recent call last):\n  File \"/tmp/tmppj9qq5gs.py\", line 16, in <module>\n    test_check()\n  File \"/tmp/tmppj9qq5gs.py\", line 14, in test_check\n    check(sum_in_range)\n  File \"/tmp/tmppj9qq5gs.py\", line 9, in check\n    assert candidate(2, 5) == 8\nAssertionError\n",
      "exit_code": 1,
      "status": "Exception"
    },
    {
      "program": "def sum_in_range(l: int, r: int) -> int:\n    \"\"\"\n\tWrite a python function to find the sum of all odd natural numbers within the range l and r.\n\t\"\"\"\n    return sum(range(l, r + 1, 2))\n\n\ndef check(candidate):\n    assert candidate(2, 5) == 8\n    assert candidate(5, 7) == 12\n    assert candidate(7, 13) == 40\n\ndef test_check():\n    check(sum_in_range)\n\ntest_check()\n",
      "timestamp": 1665509806,
      "stdout": "",
      "stderr": "Traceback (most recent call last):\n  File \"/tmp/tmppj9qq5gs.py\", line 16, in <module>\n    test_check()\n  File \"/tmp/tmppj9qq5gs.py\", line 14, in test_check\n    check(sum_in_range)\n  File \"/tmp/tmppj9qq5gs.py\", line 9, in check\n    assert candidate(2, 5) == 8\nAssertionError\n",
      "exit_code": 1,
      "status": "Exception"
    },
    {
      "program": "def sum_in_range(l: int, r: int) -> int:\n    \"\"\"\n\tWrite a python function to find the sum of all odd natural numbers within the range l and r.\n\t\"\"\"\n    if l > r:\n        return 0\n    if l % 2 == 0:\n        l += 1\n    return l + sum_in_range(l + 2, r)\n\n\ndef check(candidate):\n    assert candidate(2, 5) == 8\n    assert candidate(5, 7) == 12\n    assert candidate(7, 13) == 40\n\ndef test_check():\n    check(sum_in_range)\n\ntest_check()\n",
      "timestamp": 1666122566,
      "stdout": "",
      "stderr": "",
      "exit_code": 0,
      "status": "OK"
    },
    {
      "program": "def sum_in_range(l: int, r: int) -> int:\n    \"\"\"\n\tWrite a python function to find the sum of all odd natural numbers within the range l and r.\n\t\"\"\"\n    return sum(range(l, r + 1, 2))\n\n\ndef check(candidate):\n    assert candidate(2, 5) == 8\n    assert candidate(5, 7) == 12\n    assert candidate(7, 13) == 40\n\ndef test_check():\n    check(sum_in_range)\n\ntest_check()\n",
      "timestamp": 1665509806,
      "stdout": "",
      "stderr": "Traceback (most recent call last):\n  File \"/tmp/tmppj9qq5gs.py\", line 16, in <module>\n    test_check()\n  File \"/tmp/tmppj9qq5gs.py\", line 14, in test_check\n    check(sum_in_range)\n  File \"/tmp/tmppj9qq5gs.py\", line 9, in check\n    assert candidate(2, 5) == 8\nAssertionError\n",
      "exit_code": 1,
      "status": "Exception"
    },
    {
      "program": "def sum_in_range(l: int, r: int) -> int:\n    \"\"\"\n\tWrite a python function to find the sum of all odd natural numbers within the range l and r.\n\t\"\"\"\n    return sum(i for i in range(l, r + 1) if i % 2 == 1)\n\n\ndef check(candidate):\n    assert candidate(2, 5) == 8\n    assert candidate(5, 7) == 12\n    assert candidate(7, 13) == 40\n\ndef test_check():\n    check(sum_in_range)\n\ntest_check()\n",
      "timestamp": 1665509806,
      "stdout": "",
      "stderr": "",
      "exit_code": 0,
      "status": "OK"
    },
    {
      "program": "def sum_in_range(l: int, r: int) -> int:\n    \"\"\"\n\tWrite a python function to find the sum of all odd natural numbers within the range l and r.\n\t\"\"\"\n    return sum(range(l, r + 1, 2))\n\n\ndef check(candidate):\n    assert candidate(2, 5) == 8\n    assert candidate(5, 7) == 12\n    assert candidate(7, 13) == 40\n\ndef test_check():\n    check(sum_in_range)\n\ntest_check()\n",
      "timestamp": 1665509806,
      "stdout": "",
      "stderr": "Traceback (most recent call last):\n  File \"/tmp/tmppj9qq5gs.py\", line 16, in <module>\n    test_check()\n  File \"/tmp/tmppj9qq5gs.py\", line 14, in test_check\n    check(sum_in_range)\n  File \"/tmp/tmppj9qq5gs.py\", line 9, in check\n    assert candidate(2, 5) == 8\nAssertionError\n",
      "exit_code": 1,
      "status": "Exception"
    },
    {
      "program": "def sum_in_range(l: int, r: int) -> int:\n    \"\"\"\n\tWrite a python function to find the sum of all odd natural numbers within the range l and r.\n\t\"\"\"\n    sum = 0\n    for i in range(l, r + 1):\n        if i % 2 != 0:\n            sum += i\n    return sum\n\n\ndef check(candidate):\n    assert candidate(2, 5) == 8\n    assert candidate(5, 7) == 12\n    assert candidate(7, 13) == 40\n\ndef test_check():\n    check(sum_in_range)\n\ntest_check()\n",
      "timestamp": 1665509806,
      "stdout": "",
      "stderr": "",
      "exit_code": 0,
      "status": "OK"
    },
    {
      "program": "def sum_in_range(l: int, r: int) -> int:\n    \"\"\"\n\tWrite a python function to find the sum of all odd natural numbers within the range l and r.\n\t\"\"\"\n    return sum(i for i in range(l, r + 1) if i % 2 != 0)\n\n\ndef check(candidate):\n    assert candidate(2, 5) == 8\n    assert candidate(5, 7) == 12\n    assert candidate(7, 13) == 40\n\ndef test_check():\n    check(sum_in_range)\n\ntest_check()\n",
      "timestamp": 1665509806,
      "stdout": "",
      "stderr": "",
      "exit_code": 0,
      "status": "OK"
    },
    {
      "program": "def sum_in_range(l: int, r: int) -> int:\n    \"\"\"\n\tWrite a python function to find the sum of all odd natural numbers within the range l and r.\n\t\"\"\"\n    if l > r:\n        return 0\n    return sum(range(l, r + 1, 2))\n\n\ndef check(candidate):\n    assert candidate(2, 5) == 8\n    assert candidate(5, 7) == 12\n    assert candidate(7, 13) == 40\n\ndef test_check():\n    check(sum_in_range)\n\ntest_check()\n",
      "timestamp": 1666122566,
      "stdout": "",
      "stderr": "Traceback (most recent call last):\n  File \"/tmp/tmpkd8dk0mh.py\", line 18, in <module>\n    test_check()\n  File \"/tmp/tmpkd8dk0mh.py\", line 16, in test_check\n    check(sum_in_range)\n  File \"/tmp/tmpkd8dk0mh.py\", line 11, in check\n    assert candidate(2, 5) == 8\nAssertionError\n",
      "exit_code": 1,
      "status": "Exception"
    },
    {
      "program": "def sum_in_range(l: int, r: int) -> int:\n    \"\"\"\n\tWrite a python function to find the sum of all odd natural numbers within the range l and r.\n\t\"\"\"\n    return sum(range(l, r + 1, 2))\n\n\ndef check(candidate):\n    assert candidate(2, 5) == 8\n    assert candidate(5, 7) == 12\n    assert candidate(7, 13) == 40\n\ndef test_check():\n    check(sum_in_range)\n\ntest_check()\n",
      "timestamp": 1665509806,
      "stdout": "",
      "stderr": "Traceback (most recent call last):\n  File \"/tmp/tmppj9qq5gs.py\", line 16, in <module>\n    test_check()\n  File \"/tmp/tmppj9qq5gs.py\", line 14, in test_check\n    check(sum_in_range)\n  File \"/tmp/tmppj9qq5gs.py\", line 9, in check\n    assert candidate(2, 5) == 8\nAssertionError\n",
      "exit_code": 1,
      "status": "Exception"
    },
    {
      "program": "def sum_in_range(l: int, r: int) -> int:\n    \"\"\"\n\tWrite a python function to find the sum of all odd natural numbers within the range l and r.\n\t\"\"\"\n    sum = 0\n    for i in range(l, r + 1):\n        if i % 2 != 0:\n            sum += i\n    return sum\n\n\ndef check(candidate):\n    assert candidate(2, 5) == 8\n    assert candidate(5, 7) == 12\n    assert candidate(7, 13) == 40\n\ndef test_check():\n    check(sum_in_range)\n\ntest_check()\n",
      "timestamp": 1665509806,
      "stdout": "",
      "stderr": "",
      "exit_code": 0,
      "status": "OK"
    },
    {
      "program": "def sum_in_range(l: int, r: int) -> int:\n    \"\"\"\n\tWrite a python function to find the sum of all odd natural numbers within the range l and r.\n\t\"\"\"\n    return sum(i for i in range(l, r + 1) if i % 2 != 0)\n\n\ndef check(candidate):\n    assert candidate(2, 5) == 8\n    assert candidate(5, 7) == 12\n    assert candidate(7, 13) == 40\n\ndef test_check():\n    check(sum_in_range)\n\ntest_check()\n",
      "timestamp": 1665509806,
      "stdout": "",
      "stderr": "",
      "exit_code": 0,
      "status": "OK"
    },
    {
      "program": "def sum_in_range(l: int, r: int) -> int:\n    \"\"\"\n\tWrite a python function to find the sum of all odd natural numbers within the range l and r.\n\t\"\"\"\n    return sum(range(l, r + 1, 2))\n\n\ndef check(candidate):\n    assert candidate(2, 5) == 8\n    assert candidate(5, 7) == 12\n    assert candidate(7, 13) == 40\n\ndef test_check():\n    check(sum_in_range)\n\ntest_check()\n",
      "timestamp": 1665509806,
      "stdout": "",
      "stderr": "Traceback (most recent call last):\n  File \"/tmp/tmppj9qq5gs.py\", line 16, in <module>\n    test_check()\n  File \"/tmp/tmppj9qq5gs.py\", line 14, in test_check\n    check(sum_in_range)\n  File \"/tmp/tmppj9qq5gs.py\", line 9, in check\n    assert candidate(2, 5) == 8\nAssertionError\n",
      "exit_code": 1,
      "status": "Exception"
    },
    {
      "program": "def sum_in_range(l: int, r: int) -> int:\n    \"\"\"\n\tWrite a python function to find the sum of all odd natural numbers within the range l and r.\n\t\"\"\"\n    return sum(range(l, r + 1, 2))\n\n\ndef check(candidate):\n    assert candidate(2, 5) == 8\n    assert candidate(5, 7) == 12\n    assert candidate(7, 13) == 40\n\ndef test_check():\n    check(sum_in_range)\n\ntest_check()\n",
      "timestamp": 1665509806,
      "stdout": "",
      "stderr": "Traceback (most recent call last):\n  File \"/tmp/tmppj9qq5gs.py\", line 16, in <module>\n    test_check()\n  File \"/tmp/tmppj9qq5gs.py\", line 14, in test_check\n    check(sum_in_range)\n  File \"/tmp/tmppj9qq5gs.py\", line 9, in check\n    assert candidate(2, 5) == 8\nAssertionError\n",
      "exit_code": 1,
      "status": "Exception"
    },
    {
      "program": "def sum_in_range(l: int, r: int) -> int:\n    \"\"\"\n\tWrite a python function to find the sum of all odd natural numbers within the range l and r.\n\t\"\"\"\n    if l > r:\n        return 0\n    if l % 2 == 0:\n        l += 1\n    if r % 2 == 0:\n        r -= 1\n    return sum(range(l, r + 1, 2))\n\n\ndef check(candidate):\n    assert candidate(2, 5) == 8\n    assert candidate(5, 7) == 12\n    assert candidate(7, 13) == 40\n\ndef test_check():\n    check(sum_in_range)\n\ntest_check()\n",
      "timestamp": 1666122566,
      "stdout": "",
      "stderr": "",
      "exit_code": 0,
      "status": "OK"
    },
    {
      "program": "def sum_in_range(l: int, r: int) -> int:\n    \"\"\"\n\tWrite a python function to find the sum of all odd natural numbers within the range l and r.\n\t\"\"\"\n    return sum(i for i in range(l, r + 1) if i % 2 == 1)\n\n\ndef check(candidate):\n    assert candidate(2, 5) == 8\n    assert candidate(5, 7) == 12\n    assert candidate(7, 13) == 40\n\ndef test_check():\n    check(sum_in_range)\n\ntest_check()\n",
      "timestamp": 1665509806,
      "stdout": "",
      "stderr": "",
      "exit_code": 0,
      "status": "OK"
    },
    {
      "program": "def sum_in_range(l: int, r: int) -> int:\n    \"\"\"\n\tWrite a python function to find the sum of all odd natural numbers within the range l and r.\n\t\"\"\"\n    return sum(i for i in range(l, r + 1) if i % 2)\n\n\ndef check(candidate):\n    assert candidate(2, 5) == 8\n    assert candidate(5, 7) == 12\n    assert candidate(7, 13) == 40\n\ndef test_check():\n    check(sum_in_range)\n\ntest_check()\n",
      "timestamp": 1666122566,
      "stdout": "",
      "stderr": "",
      "exit_code": 0,
      "status": "OK"
    },
    {
      "program": "def sum_in_range(l: int, r: int) -> int:\n    \"\"\"\n\tWrite a python function to find the sum of all odd natural numbers within the range l and r.\n\t\"\"\"\n    return sum(range(l, r + 1, 2))\n\n\ndef check(candidate):\n    assert candidate(2, 5) == 8\n    assert candidate(5, 7) == 12\n    assert candidate(7, 13) == 40\n\ndef test_check():\n    check(sum_in_range)\n\ntest_check()\n",
      "timestamp": 1665509806,
      "stdout": "",
      "stderr": "Traceback (most recent call last):\n  File \"/tmp/tmppj9qq5gs.py\", line 16, in <module>\n    test_check()\n  File \"/tmp/tmppj9qq5gs.py\", line 14, in test_check\n    check(sum_in_range)\n  File \"/tmp/tmppj9qq5gs.py\", line 9, in check\n    assert candidate(2, 5) == 8\nAssertionError\n",
      "exit_code": 1,
      "status": "Exception"
    },
    {
      "program": "def sum_in_range(l: int, r: int) -> int:\n    \"\"\"\n\tWrite a python function to find the sum of all odd natural numbers within the range l and r.\n\t\"\"\"\n    return sum(x for x in range(l, r + 1) if x % 2 == 1)\n\n\ndef check(candidate):\n    assert candidate(2, 5) == 8\n    assert candidate(5, 7) == 12\n    assert candidate(7, 13) == 40\n\ndef test_check():\n    check(sum_in_range)\n\ntest_check()\n",
      "timestamp": 1666122566,
      "stdout": "",
      "stderr": "",
      "exit_code": 0,
      "status": "OK"
    },
    {
      "program": "def sum_in_range(l: int, r: int) -> int:\n    \"\"\"\n\tWrite a python function to find the sum of all odd natural numbers within the range l and r.\n\t\"\"\"\n    return sum(range(l, r + 1, 2))\n\n\ndef check(candidate):\n    assert candidate(2, 5) == 8\n    assert candidate(5, 7) == 12\n    assert candidate(7, 13) == 40\n\ndef test_check():\n    check(sum_in_range)\n\ntest_check()\n",
      "timestamp": 1665509806,
      "stdout": "",
      "stderr": "Traceback (most recent call last):\n  File \"/tmp/tmppj9qq5gs.py\", line 16, in <module>\n    test_check()\n  File \"/tmp/tmppj9qq5gs.py\", line 14, in test_check\n    check(sum_in_range)\n  File \"/tmp/tmppj9qq5gs.py\", line 9, in check\n    assert candidate(2, 5) == 8\nAssertionError\n",
      "exit_code": 1,
      "status": "Exception"
    },
    {
      "program": "def sum_in_range(l: int, r: int) -> int:\n    \"\"\"\n\tWrite a python function to find the sum of all odd natural numbers within the range l and r.\n\t\"\"\"\n    return sum(range(l, r + 1, 2))\n\n\ndef check(candidate):\n    assert candidate(2, 5) == 8\n    assert candidate(5, 7) == 12\n    assert candidate(7, 13) == 40\n\ndef test_check():\n    check(sum_in_range)\n\ntest_check()\n",
      "timestamp": 1665509806,
      "stdout": "",
      "stderr": "Traceback (most recent call last):\n  File \"/tmp/tmppj9qq5gs.py\", line 16, in <module>\n    test_check()\n  File \"/tmp/tmppj9qq5gs.py\", line 14, in test_check\n    check(sum_in_range)\n  File \"/tmp/tmppj9qq5gs.py\", line 9, in check\n    assert candidate(2, 5) == 8\nAssertionError\n",
      "exit_code": 1,
      "status": "Exception"
    },
    {
      "program": "def sum_in_range(l: int, r: int) -> int:\n    \"\"\"\n\tWrite a python function to find the sum of all odd natural numbers within the range l and r.\n\t\"\"\"\n    return sum(range(l, r + 1, 2))\n\n\ndef check(candidate):\n    assert candidate(2, 5) == 8\n    assert candidate(5, 7) == 12\n    assert candidate(7, 13) == 40\n\ndef test_check():\n    check(sum_in_range)\n\ntest_check()\n",
      "timestamp": 1665509806,
      "stdout": "",
      "stderr": "Traceback (most recent call last):\n  File \"/tmp/tmppj9qq5gs.py\", line 16, in <module>\n    test_check()\n  File \"/tmp/tmppj9qq5gs.py\", line 14, in test_check\n    check(sum_in_range)\n  File \"/tmp/tmppj9qq5gs.py\", line 9, in check\n    assert candidate(2, 5) == 8\nAssertionError\n",
      "exit_code": 1,
      "status": "Exception"
    },
    {
      "program": "def sum_in_range(l: int, r: int) -> int:\n    \"\"\"\n\tWrite a python function to find the sum of all odd natural numbers within the range l and r.\n\t\"\"\"\n    return sum(i for i in range(l, r + 1) if i % 2 == 1)\n\n\ndef check(candidate):\n    assert candidate(2, 5) == 8\n    assert candidate(5, 7) == 12\n    assert candidate(7, 13) == 40\n\ndef test_check():\n    check(sum_in_range)\n\ntest_check()\n",
      "timestamp": 1665509806,
      "stdout": "",
      "stderr": "",
      "exit_code": 0,
      "status": "OK"
    },
    {
      "program": "def sum_in_range(l: int, r: int) -> int:\n    \"\"\"\n\tWrite a python function to find the sum of all odd natural numbers within the range l and r.\n\t\"\"\"\n    sum = 0\n    for i in range(l, r + 1):\n        if i % 2 != 0:\n            sum += i\n    return sum\n\n\ndef check(candidate):\n    assert candidate(2, 5) == 8\n    assert candidate(5, 7) == 12\n    assert candidate(7, 13) == 40\n\ndef test_check():\n    check(sum_in_range)\n\ntest_check()\n",
      "timestamp": 1665509806,
      "stdout": "",
      "stderr": "",
      "exit_code": 0,
      "status": "OK"
    },
    {
      "program": "def sum_in_range(l: int, r: int) -> int:\n    \"\"\"\n\tWrite a python function to find the sum of all odd natural numbers within the range l and r.\n\t\"\"\"\n    return sum(i for i in range(l, r + 1) if i % 2 == 1)\n\n\ndef check(candidate):\n    assert candidate(2, 5) == 8\n    assert candidate(5, 7) == 12\n    assert candidate(7, 13) == 40\n\ndef test_check():\n    check(sum_in_range)\n\ntest_check()\n",
      "timestamp": 1665509806,
      "stdout": "",
      "stderr": "",
      "exit_code": 0,
      "status": "OK"
    },
    {
      "program": "def sum_in_range(l: int, r: int) -> int:\n    \"\"\"\n\tWrite a python function to find the sum of all odd natural numbers within the range l and r.\n\t\"\"\"\n    return sum(i for i in range(l, r + 1) if i % 2 != 0)\n\n\ndef check(candidate):\n    assert candidate(2, 5) == 8\n    assert candidate(5, 7) == 12\n    assert candidate(7, 13) == 40\n\ndef test_check():\n    check(sum_in_range)\n\ntest_check()\n",
      "timestamp": 1665509806,
      "stdout": "",
      "stderr": "",
      "exit_code": 0,
      "status": "OK"
    },
    {
      "program": "def sum_in_range(l: int, r: int) -> int:\n    \"\"\"\n\tWrite a python function to find the sum of all odd natural numbers within the range l and r.\n\t\"\"\"\n    return sum(range(l, r + 1, 2))\n\n\ndef check(candidate):\n    assert candidate(2, 5) == 8\n    assert candidate(5, 7) == 12\n    assert candidate(7, 13) == 40\n\ndef test_check():\n    check(sum_in_range)\n\ntest_check()\n",
      "timestamp": 1665509806,
      "stdout": "",
      "stderr": "Traceback (most recent call last):\n  File \"/tmp/tmppj9qq5gs.py\", line 16, in <module>\n    test_check()\n  File \"/tmp/tmppj9qq5gs.py\", line 14, in test_check\n    check(sum_in_range)\n  File \"/tmp/tmppj9qq5gs.py\", line 9, in check\n    assert candidate(2, 5) == 8\nAssertionError\n",
      "exit_code": 1,
      "status": "Exception"
    },
    {
      "program": "def sum_in_range(l: int, r: int) -> int:\n    \"\"\"\n\tWrite a python function to find the sum of all odd natural numbers within the range l and r.\n\t\"\"\"\n    return sum(range(l, r + 1, 2))\n\n\ndef check(candidate):\n    assert candidate(2, 5) == 8\n    assert candidate(5, 7) == 12\n    assert candidate(7, 13) == 40\n\ndef test_check():\n    check(sum_in_range)\n\ntest_check()\n",
      "timestamp": 1665509806,
      "stdout": "",
      "stderr": "Traceback (most recent call last):\n  File \"/tmp/tmppj9qq5gs.py\", line 16, in <module>\n    test_check()\n  File \"/tmp/tmppj9qq5gs.py\", line 14, in test_check\n    check(sum_in_range)\n  File \"/tmp/tmppj9qq5gs.py\", line 9, in check\n    assert candidate(2, 5) == 8\nAssertionError\n",
      "exit_code": 1,
      "status": "Exception"
    },
    {
      "program": "def sum_in_range(l: int, r: int) -> int:\n    \"\"\"\n\tWrite a python function to find the sum of all odd natural numbers within the range l and r.\n\t\"\"\"\n    return sum(range(l, r + 1, 2))\n\n\ndef check(candidate):\n    assert candidate(2, 5) == 8\n    assert candidate(5, 7) == 12\n    assert candidate(7, 13) == 40\n\ndef test_check():\n    check(sum_in_range)\n\ntest_check()\n",
      "timestamp": 1665509806,
      "stdout": "",
      "stderr": "Traceback (most recent call last):\n  File \"/tmp/tmppj9qq5gs.py\", line 16, in <module>\n    test_check()\n  File \"/tmp/tmppj9qq5gs.py\", line 14, in test_check\n    check(sum_in_range)\n  File \"/tmp/tmppj9qq5gs.py\", line 9, in check\n    assert candidate(2, 5) == 8\nAssertionError\n",
      "exit_code": 1,
      "status": "Exception"
    },
    {
      "program": "def sum_in_range(l: int, r: int) -> int:\n    \"\"\"\n\tWrite a python function to find the sum of all odd natural numbers within the range l and r.\n\t\"\"\"\n    sum = 0\n    for i in range(l, r + 1):\n        if i % 2 != 0:\n            sum += i\n    return sum\n\n\ndef check(candidate):\n    assert candidate(2, 5) == 8\n    assert candidate(5, 7) == 12\n    assert candidate(7, 13) == 40\n\ndef test_check():\n    check(sum_in_range)\n\ntest_check()\n",
      "timestamp": 1665509806,
      "stdout": "",
      "stderr": "",
      "exit_code": 0,
      "status": "OK"
    },
    {
      "program": "def sum_in_range(l: int, r: int) -> int:\n    \"\"\"\n\tWrite a python function to find the sum of all odd natural numbers within the range l and r.\n\t\"\"\"\n    return sum(range(l, r + 1, 2))\n\n\ndef check(candidate):\n    assert candidate(2, 5) == 8\n    assert candidate(5, 7) == 12\n    assert candidate(7, 13) == 40\n\ndef test_check():\n    check(sum_in_range)\n\ntest_check()\n",
      "timestamp": 1665509806,
      "stdout": "",
      "stderr": "Traceback (most recent call last):\n  File \"/tmp/tmppj9qq5gs.py\", line 16, in <module>\n    test_check()\n  File \"/tmp/tmppj9qq5gs.py\", line 14, in test_check\n    check(sum_in_range)\n  File \"/tmp/tmppj9qq5gs.py\", line 9, in check\n    assert candidate(2, 5) == 8\nAssertionError\n",
      "exit_code": 1,
      "status": "Exception"
    },
    {
      "program": "def sum_in_range(l: int, r: int) -> int:\n    \"\"\"\n\tWrite a python function to find the sum of all odd natural numbers within the range l and r.\n\t\"\"\"\n    return sum(i for i in range(l, r + 1) if i % 2 != 0)\n\n\ndef check(candidate):\n    assert candidate(2, 5) == 8\n    assert candidate(5, 7) == 12\n    assert candidate(7, 13) == 40\n\ndef test_check():\n    check(sum_in_range)\n\ntest_check()\n",
      "timestamp": 1665509806,
      "stdout": "",
      "stderr": "",
      "exit_code": 0,
      "status": "OK"
    },
    {
      "program": "def sum_in_range(l: int, r: int) -> int:\n    \"\"\"\n\tWrite a python function to find the sum of all odd natural numbers within the range l and r.\n\t\"\"\"\n    sum = 0\n    for i in range(l, r + 1):\n        if i % 2 != 0:\n            sum += i\n    return sum\n\n\ndef check(candidate):\n    assert candidate(2, 5) == 8\n    assert candidate(5, 7) == 12\n    assert candidate(7, 13) == 40\n\ndef test_check():\n    check(sum_in_range)\n\ntest_check()\n",
      "timestamp": 1665509806,
      "stdout": "",
      "stderr": "",
      "exit_code": 0,
      "status": "OK"
    },
    {
      "program": "def sum_in_range(l: int, r: int) -> int:\n    \"\"\"\n\tWrite a python function to find the sum of all odd natural numbers within the range l and r.\n\t\"\"\"\n    return sum(i for i in range(l, r + 1) if i % 2 != 0)\n\n\ndef check(candidate):\n    assert candidate(2, 5) == 8\n    assert candidate(5, 7) == 12\n    assert candidate(7, 13) == 40\n\ndef test_check():\n    check(sum_in_range)\n\ntest_check()\n",
      "timestamp": 1665509806,
      "stdout": "",
      "stderr": "",
      "exit_code": 0,
      "status": "OK"
    },
    {
      "program": "def sum_in_range(l: int, r: int) -> int:\n    \"\"\"\n\tWrite a python function to find the sum of all odd natural numbers within the range l and r.\n\t\"\"\"\n    sum = 0\n    for i in range(l, r + 1):\n        if i % 2 != 0:\n            sum += i\n    return sum\n\n\ndef check(candidate):\n    assert candidate(2, 5) == 8\n    assert candidate(5, 7) == 12\n    assert candidate(7, 13) == 40\n\ndef test_check():\n    check(sum_in_range)\n\ntest_check()\n",
      "timestamp": 1665509806,
      "stdout": "",
      "stderr": "",
      "exit_code": 0,
      "status": "OK"
    },
    {
      "program": "def sum_in_range(l: int, r: int) -> int:\n    \"\"\"\n\tWrite a python function to find the sum of all odd natural numbers within the range l and r.\n\t\"\"\"\n    return sum(range(l, r + 1, 2))\n\n\ndef check(candidate):\n    assert candidate(2, 5) == 8\n    assert candidate(5, 7) == 12\n    assert candidate(7, 13) == 40\n\ndef test_check():\n    check(sum_in_range)\n\ntest_check()\n",
      "timestamp": 1665509806,
      "stdout": "",
      "stderr": "Traceback (most recent call last):\n  File \"/tmp/tmppj9qq5gs.py\", line 16, in <module>\n    test_check()\n  File \"/tmp/tmppj9qq5gs.py\", line 14, in test_check\n    check(sum_in_range)\n  File \"/tmp/tmppj9qq5gs.py\", line 9, in check\n    assert candidate(2, 5) == 8\nAssertionError\n",
      "exit_code": 1,
      "status": "Exception"
    },
    {
      "program": "def sum_in_range(l: int, r: int) -> int:\n    \"\"\"\n\tWrite a python function to find the sum of all odd natural numbers within the range l and r.\n\t\"\"\"\n    sum = 0\n    for i in range(l, r + 1):\n        if i % 2 != 0:\n            sum += i\n    return sum\n\n\ndef check(candidate):\n    assert candidate(2, 5) == 8\n    assert candidate(5, 7) == 12\n    assert candidate(7, 13) == 40\n\ndef test_check():\n    check(sum_in_range)\n\ntest_check()\n",
      "timestamp": 1665509806,
      "stdout": "",
      "stderr": "",
      "exit_code": 0,
      "status": "OK"
    },
    {
      "program": "def sum_in_range(l: int, r: int) -> int:\n    \"\"\"\n\tWrite a python function to find the sum of all odd natural numbers within the range l and r.\n\t\"\"\"\n    return sum(range(l, r + 1, 2))\n\n\ndef check(candidate):\n    assert candidate(2, 5) == 8\n    assert candidate(5, 7) == 12\n    assert candidate(7, 13) == 40\n\ndef test_check():\n    check(sum_in_range)\n\ntest_check()\n",
      "timestamp": 1665509806,
      "stdout": "",
      "stderr": "Traceback (most recent call last):\n  File \"/tmp/tmppj9qq5gs.py\", line 16, in <module>\n    test_check()\n  File \"/tmp/tmppj9qq5gs.py\", line 14, in test_check\n    check(sum_in_range)\n  File \"/tmp/tmppj9qq5gs.py\", line 9, in check\n    assert candidate(2, 5) == 8\nAssertionError\n",
      "exit_code": 1,
      "status": "Exception"
    },
    {
      "program": "def sum_in_range(l: int, r: int) -> int:\n    \"\"\"\n\tWrite a python function to find the sum of all odd natural numbers within the range l and r.\n\t\"\"\"\n    return sum(range(l, r + 1, 2))\n\n\ndef check(candidate):\n    assert candidate(2, 5) == 8\n    assert candidate(5, 7) == 12\n    assert candidate(7, 13) == 40\n\ndef test_check():\n    check(sum_in_range)\n\ntest_check()\n",
      "timestamp": 1665509806,
      "stdout": "",
      "stderr": "Traceback (most recent call last):\n  File \"/tmp/tmppj9qq5gs.py\", line 16, in <module>\n    test_check()\n  File \"/tmp/tmppj9qq5gs.py\", line 14, in test_check\n    check(sum_in_range)\n  File \"/tmp/tmppj9qq5gs.py\", line 9, in check\n    assert candidate(2, 5) == 8\nAssertionError\n",
      "exit_code": 1,
      "status": "Exception"
    },
    {
      "program": "def sum_in_range(l: int, r: int) -> int:\n    \"\"\"\n\tWrite a python function to find the sum of all odd natural numbers within the range l and r.\n\t\"\"\"\n    return sum(range(l, r + 1, 2))\n\n\ndef check(candidate):\n    assert candidate(2, 5) == 8\n    assert candidate(5, 7) == 12\n    assert candidate(7, 13) == 40\n\ndef test_check():\n    check(sum_in_range)\n\ntest_check()\n",
      "timestamp": 1665509806,
      "stdout": "",
      "stderr": "Traceback (most recent call last):\n  File \"/tmp/tmppj9qq5gs.py\", line 16, in <module>\n    test_check()\n  File \"/tmp/tmppj9qq5gs.py\", line 14, in test_check\n    check(sum_in_range)\n  File \"/tmp/tmppj9qq5gs.py\", line 9, in check\n    assert candidate(2, 5) == 8\nAssertionError\n",
      "exit_code": 1,
      "status": "Exception"
    },
    {
      "program": "def sum_in_range(l: int, r: int) -> int:\n    \"\"\"\n\tWrite a python function to find the sum of all odd natural numbers within the range l and r.\n\t\"\"\"\n    return sum(i for i in range(l, r + 1) if i % 2 == 1)\n\n\ndef check(candidate):\n    assert candidate(2, 5) == 8\n    assert candidate(5, 7) == 12\n    assert candidate(7, 13) == 40\n\ndef test_check():\n    check(sum_in_range)\n\ntest_check()\n",
      "timestamp": 1665509806,
      "stdout": "",
      "stderr": "",
      "exit_code": 0,
      "status": "OK"
    },
    {
      "program": "def sum_in_range(l: int, r: int) -> int:\n    \"\"\"\n\tWrite a python function to find the sum of all odd natural numbers within the range l and r.\n\t\"\"\"\n    return sum(range(l, r + 1, 2))\n\n\ndef check(candidate):\n    assert candidate(2, 5) == 8\n    assert candidate(5, 7) == 12\n    assert candidate(7, 13) == 40\n\ndef test_check():\n    check(sum_in_range)\n\ntest_check()\n",
      "timestamp": 1665509806,
      "stdout": "",
      "stderr": "Traceback (most recent call last):\n  File \"/tmp/tmppj9qq5gs.py\", line 16, in <module>\n    test_check()\n  File \"/tmp/tmppj9qq5gs.py\", line 14, in test_check\n    check(sum_in_range)\n  File \"/tmp/tmppj9qq5gs.py\", line 9, in check\n    assert candidate(2, 5) == 8\nAssertionError\n",
      "exit_code": 1,
      "status": "Exception"
    },
    {
      "program": "def sum_in_range(l: int, r: int) -> int:\n    \"\"\"\n\tWrite a python function to find the sum of all odd natural numbers within the range l and r.\n\t\"\"\"\n    return sum(i for i in range(l, r + 1) if i % 2 == 1)\n\n\ndef check(candidate):\n    assert candidate(2, 5) == 8\n    assert candidate(5, 7) == 12\n    assert candidate(7, 13) == 40\n\ndef test_check():\n    check(sum_in_range)\n\ntest_check()\n",
      "timestamp": 1665509806,
      "stdout": "",
      "stderr": "",
      "exit_code": 0,
      "status": "OK"
    },
    {
      "program": "def sum_in_range(l: int, r: int) -> int:\n    \"\"\"\n\tWrite a python function to find the sum of all odd natural numbers within the range l and r.\n\t\"\"\"\n    return sum(range(l, r + 1, 2))\n\n\ndef check(candidate):\n    assert candidate(2, 5) == 8\n    assert candidate(5, 7) == 12\n    assert candidate(7, 13) == 40\n\ndef test_check():\n    check(sum_in_range)\n\ntest_check()\n",
      "timestamp": 1665509806,
      "stdout": "",
      "stderr": "Traceback (most recent call last):\n  File \"/tmp/tmppj9qq5gs.py\", line 16, in <module>\n    test_check()\n  File \"/tmp/tmppj9qq5gs.py\", line 14, in test_check\n    check(sum_in_range)\n  File \"/tmp/tmppj9qq5gs.py\", line 9, in check\n    assert candidate(2, 5) == 8\nAssertionError\n",
      "exit_code": 1,
      "status": "Exception"
    },
    {
      "program": "def sum_in_range(l: int, r: int) -> int:\n    \"\"\"\n\tWrite a python function to find the sum of all odd natural numbers within the range l and r.\n\t\"\"\"\n    return sum(i for i in range(l, r + 1) if i % 2 == 1)\n\n\ndef check(candidate):\n    assert candidate(2, 5) == 8\n    assert candidate(5, 7) == 12\n    assert candidate(7, 13) == 40\n\ndef test_check():\n    check(sum_in_range)\n\ntest_check()\n",
      "timestamp": 1665509806,
      "stdout": "",
      "stderr": "",
      "exit_code": 0,
      "status": "OK"
    },
    {
      "program": "def sum_in_range(l: int, r: int) -> int:\n    \"\"\"\n\tWrite a python function to find the sum of all odd natural numbers within the range l and r.\n\t\"\"\"\n    sum = 0\n    for i in range(l, r + 1):\n        if i % 2 != 0:\n            sum += i\n    return sum\n\n\ndef check(candidate):\n    assert candidate(2, 5) == 8\n    assert candidate(5, 7) == 12\n    assert candidate(7, 13) == 40\n\ndef test_check():\n    check(sum_in_range)\n\ntest_check()\n",
      "timestamp": 1665509806,
      "stdout": "",
      "stderr": "",
      "exit_code": 0,
      "status": "OK"
    },
    {
      "program": "def sum_in_range(l: int, r: int) -> int:\n    \"\"\"\n\tWrite a python function to find the sum of all odd natural numbers within the range l and r.\n\t\"\"\"\n    return sum(i for i in range(l, r + 1) if i % 2 == 1)\n\n\ndef check(candidate):\n    assert candidate(2, 5) == 8\n    assert candidate(5, 7) == 12\n    assert candidate(7, 13) == 40\n\ndef test_check():\n    check(sum_in_range)\n\ntest_check()\n",
      "timestamp": 1665509806,
      "stdout": "",
      "stderr": "",
      "exit_code": 0,
      "status": "OK"
    },
    {
      "program": "def sum_in_range(l: int, r: int) -> int:\n    \"\"\"\n\tWrite a python function to find the sum of all odd natural numbers within the range l and r.\n\t\"\"\"\n    return sum(i for i in range(l, r + 1) if i % 2 == 1)\n\n\ndef check(candidate):\n    assert candidate(2, 5) == 8\n    assert candidate(5, 7) == 12\n    assert candidate(7, 13) == 40\n\ndef test_check():\n    check(sum_in_range)\n\ntest_check()\n",
      "timestamp": 1665509806,
      "stdout": "",
      "stderr": "",
      "exit_code": 0,
      "status": "OK"
    },
    {
      "program": "def sum_in_range(l: int, r: int) -> int:\n    \"\"\"\n\tWrite a python function to find the sum of all odd natural numbers within the range l and r.\n\t\"\"\"\n    return sum(i for i in range(l, r + 1) if i % 2 != 0)\n\n\ndef check(candidate):\n    assert candidate(2, 5) == 8\n    assert candidate(5, 7) == 12\n    assert candidate(7, 13) == 40\n\ndef test_check():\n    check(sum_in_range)\n\ntest_check()\n",
      "timestamp": 1665509806,
      "stdout": "",
      "stderr": "",
      "exit_code": 0,
      "status": "OK"
    },
    {
      "program": "def sum_in_range(l: int, r: int) -> int:\n    \"\"\"\n\tWrite a python function to find the sum of all odd natural numbers within the range l and r.\n\t\"\"\"\n    return sum(range(l, r + 1, 2))\n\n\ndef check(candidate):\n    assert candidate(2, 5) == 8\n    assert candidate(5, 7) == 12\n    assert candidate(7, 13) == 40\n\ndef test_check():\n    check(sum_in_range)\n\ntest_check()\n",
      "timestamp": 1665509806,
      "stdout": "",
      "stderr": "Traceback (most recent call last):\n  File \"/tmp/tmppj9qq5gs.py\", line 16, in <module>\n    test_check()\n  File \"/tmp/tmppj9qq5gs.py\", line 14, in test_check\n    check(sum_in_range)\n  File \"/tmp/tmppj9qq5gs.py\", line 9, in check\n    assert candidate(2, 5) == 8\nAssertionError\n",
      "exit_code": 1,
      "status": "Exception"
    },
    {
      "program": "def sum_in_range(l: int, r: int) -> int:\n    \"\"\"\n\tWrite a python function to find the sum of all odd natural numbers within the range l and r.\n\t\"\"\"\n    return sum(range(l, r + 1, 2))\n\n\ndef check(candidate):\n    assert candidate(2, 5) == 8\n    assert candidate(5, 7) == 12\n    assert candidate(7, 13) == 40\n\ndef test_check():\n    check(sum_in_range)\n\ntest_check()\n",
      "timestamp": 1665509806,
      "stdout": "",
      "stderr": "Traceback (most recent call last):\n  File \"/tmp/tmppj9qq5gs.py\", line 16, in <module>\n    test_check()\n  File \"/tmp/tmppj9qq5gs.py\", line 14, in test_check\n    check(sum_in_range)\n  File \"/tmp/tmppj9qq5gs.py\", line 9, in check\n    assert candidate(2, 5) == 8\nAssertionError\n",
      "exit_code": 1,
      "status": "Exception"
    },
    {
      "program": "def sum_in_range(l: int, r: int) -> int:\n    \"\"\"\n\tWrite a python function to find the sum of all odd natural numbers within the range l and r.\n\t\"\"\"\n    return sum(i for i in range(l, r + 1) if i % 2 != 0)\n\n\ndef check(candidate):\n    assert candidate(2, 5) == 8\n    assert candidate(5, 7) == 12\n    assert candidate(7, 13) == 40\n\ndef test_check():\n    check(sum_in_range)\n\ntest_check()\n",
      "timestamp": 1665509806,
      "stdout": "",
      "stderr": "",
      "exit_code": 0,
      "status": "OK"
    },
    {
      "program": "def sum_in_range(l: int, r: int) -> int:\n    \"\"\"\n\tWrite a python function to find the sum of all odd natural numbers within the range l and r.\n\t\"\"\"\n    return sum(range(l, r + 1, 2))\n\n\ndef check(candidate):\n    assert candidate(2, 5) == 8\n    assert candidate(5, 7) == 12\n    assert candidate(7, 13) == 40\n\ndef test_check():\n    check(sum_in_range)\n\ntest_check()\n",
      "timestamp": 1665509806,
      "stdout": "",
      "stderr": "Traceback (most recent call last):\n  File \"/tmp/tmppj9qq5gs.py\", line 16, in <module>\n    test_check()\n  File \"/tmp/tmppj9qq5gs.py\", line 14, in test_check\n    check(sum_in_range)\n  File \"/tmp/tmppj9qq5gs.py\", line 9, in check\n    assert candidate(2, 5) == 8\nAssertionError\n",
      "exit_code": 1,
      "status": "Exception"
    },
    {
      "program": "def sum_in_range(l: int, r: int) -> int:\n    \"\"\"\n\tWrite a python function to find the sum of all odd natural numbers within the range l and r.\n\t\"\"\"\n    return sum(i for i in range(l, r + 1) if i % 2 != 0)\n\n\ndef check(candidate):\n    assert candidate(2, 5) == 8\n    assert candidate(5, 7) == 12\n    assert candidate(7, 13) == 40\n\ndef test_check():\n    check(sum_in_range)\n\ntest_check()\n",
      "timestamp": 1665509806,
      "stdout": "",
      "stderr": "",
      "exit_code": 0,
      "status": "OK"
    },
    {
      "program": "def sum_in_range(l: int, r: int) -> int:\n    \"\"\"\n\tWrite a python function to find the sum of all odd natural numbers within the range l and r.\n\t\"\"\"\n    if l > r:\n        return 0\n    if l % 2 == 0:\n        l += 1\n    return l + sum_in_range(l + 2, r)\n\n\ndef check(candidate):\n    assert candidate(2, 5) == 8\n    assert candidate(5, 7) == 12\n    assert candidate(7, 13) == 40\n\ndef test_check():\n    check(sum_in_range)\n\ntest_check()\n",
      "timestamp": 1666122566,
      "stdout": "",
      "stderr": "",
      "exit_code": 0,
      "status": "OK"
    },
    {
      "program": "def sum_in_range(l: int, r: int) -> int:\n    \"\"\"\n\tWrite a python function to find the sum of all odd natural numbers within the range l and r.\n\t\"\"\"\n    return sum(range(l, r + 1, 2))\n\n\ndef check(candidate):\n    assert candidate(2, 5) == 8\n    assert candidate(5, 7) == 12\n    assert candidate(7, 13) == 40\n\ndef test_check():\n    check(sum_in_range)\n\ntest_check()\n",
      "timestamp": 1665509806,
      "stdout": "",
      "stderr": "Traceback (most recent call last):\n  File \"/tmp/tmppj9qq5gs.py\", line 16, in <module>\n    test_check()\n  File \"/tmp/tmppj9qq5gs.py\", line 14, in test_check\n    check(sum_in_range)\n  File \"/tmp/tmppj9qq5gs.py\", line 9, in check\n    assert candidate(2, 5) == 8\nAssertionError\n",
      "exit_code": 1,
      "status": "Exception"
    },
    {
      "program": "def sum_in_range(l: int, r: int) -> int:\n    \"\"\"\n\tWrite a python function to find the sum of all odd natural numbers within the range l and r.\n\t\"\"\"\n    return sum(i for i in range(l, r + 1) if i % 2 == 1)\n\n\ndef check(candidate):\n    assert candidate(2, 5) == 8\n    assert candidate(5, 7) == 12\n    assert candidate(7, 13) == 40\n\ndef test_check():\n    check(sum_in_range)\n\ntest_check()\n",
      "timestamp": 1665509806,
      "stdout": "",
      "stderr": "",
      "exit_code": 0,
      "status": "OK"
    },
    {
      "program": "def sum_in_range(l: int, r: int) -> int:\n    \"\"\"\n\tWrite a python function to find the sum of all odd natural numbers within the range l and r.\n\t\"\"\"\n    return sum(i for i in range(l, r + 1) if i % 2 == 1)\n\n\ndef check(candidate):\n    assert candidate(2, 5) == 8\n    assert candidate(5, 7) == 12\n    assert candidate(7, 13) == 40\n\ndef test_check():\n    check(sum_in_range)\n\ntest_check()\n",
      "timestamp": 1665509806,
      "stdout": "",
      "stderr": "",
      "exit_code": 0,
      "status": "OK"
    },
    {
      "program": "def sum_in_range(l: int, r: int) -> int:\n    \"\"\"\n\tWrite a python function to find the sum of all odd natural numbers within the range l and r.\n\t\"\"\"\n    if l > r:\n        return 0\n    if l % 2 == 0:\n        l += 1\n    if r % 2 == 0:\n        r -= 1\n    if l > r:\n        return 0\n    return sum(range(l, r + 1, 2))\n\n\ndef check(candidate):\n    assert candidate(2, 5) == 8\n    assert candidate(5, 7) == 12\n    assert candidate(7, 13) == 40\n\ndef test_check():\n    check(sum_in_range)\n\ntest_check()\n",
      "timestamp": 1666122566,
      "stdout": "",
      "stderr": "",
      "exit_code": 0,
      "status": "OK"
    },
    {
      "program": "def sum_in_range(l: int, r: int) -> int:\n    \"\"\"\n\tWrite a python function to find the sum of all odd natural numbers within the range l and r.\n\t\"\"\"\n    return sum(i for i in range(l, r + 1) if i % 2 == 1)\n\n\ndef check(candidate):\n    assert candidate(2, 5) == 8\n    assert candidate(5, 7) == 12\n    assert candidate(7, 13) == 40\n\ndef test_check():\n    check(sum_in_range)\n\ntest_check()\n",
      "timestamp": 1665509806,
      "stdout": "",
      "stderr": "",
      "exit_code": 0,
      "status": "OK"
    },
    {
      "program": "def sum_in_range(l: int, r: int) -> int:\n    \"\"\"\n\tWrite a python function to find the sum of all odd natural numbers within the range l and r.\n\t\"\"\"\n    return sum(i for i in range(l, r + 1) if i % 2 != 0)\n\n\ndef check(candidate):\n    assert candidate(2, 5) == 8\n    assert candidate(5, 7) == 12\n    assert candidate(7, 13) == 40\n\ndef test_check():\n    check(sum_in_range)\n\ntest_check()\n",
      "timestamp": 1665509806,
      "stdout": "",
      "stderr": "",
      "exit_code": 0,
      "status": "OK"
    },
    {
      "program": "def sum_in_range(l: int, r: int) -> int:\n    \"\"\"\n\tWrite a python function to find the sum of all odd natural numbers within the range l and r.\n\t\"\"\"\n    if l > r:\n        l, r = r, l\n    return sum(range(l, r + 1, 2))\n\n\ndef check(candidate):\n    assert candidate(2, 5) == 8\n    assert candidate(5, 7) == 12\n    assert candidate(7, 13) == 40\n\ndef test_check():\n    check(sum_in_range)\n\ntest_check()\n",
      "timestamp": 1666122566,
      "stdout": "",
      "stderr": "Traceback (most recent call last):\n  File \"/tmp/tmpkek08i6v.py\", line 18, in <module>\n    test_check()\n  File \"/tmp/tmpkek08i6v.py\", line 16, in test_check\n    check(sum_in_range)\n  File \"/tmp/tmpkek08i6v.py\", line 11, in check\n    assert candidate(2, 5) == 8\nAssertionError\n",
      "exit_code": 1,
      "status": "Exception"
    },
    {
      "program": "def sum_in_range(l: int, r: int) -> int:\n    \"\"\"\n\tWrite a python function to find the sum of all odd natural numbers within the range l and r.\n\t\"\"\"\n    return sum(range(l, r + 1, 2))\n\n\ndef check(candidate):\n    assert candidate(2, 5) == 8\n    assert candidate(5, 7) == 12\n    assert candidate(7, 13) == 40\n\ndef test_check():\n    check(sum_in_range)\n\ntest_check()\n",
      "timestamp": 1665509806,
      "stdout": "",
      "stderr": "Traceback (most recent call last):\n  File \"/tmp/tmppj9qq5gs.py\", line 16, in <module>\n    test_check()\n  File \"/tmp/tmppj9qq5gs.py\", line 14, in test_check\n    check(sum_in_range)\n  File \"/tmp/tmppj9qq5gs.py\", line 9, in check\n    assert candidate(2, 5) == 8\nAssertionError\n",
      "exit_code": 1,
      "status": "Exception"
    },
    {
      "program": "def sum_in_range(l: int, r: int) -> int:\n    \"\"\"\n\tWrite a python function to find the sum of all odd natural numbers within the range l and r.\n\t\"\"\"\n    if l > r:\n        return 0\n    elif l % 2 == 0:\n        return sum_in_range(l + 1, r)\n    else:\n        return l + sum_in_range(l + 2, r)\n\n\ndef check(candidate):\n    assert candidate(2, 5) == 8\n    assert candidate(5, 7) == 12\n    assert candidate(7, 13) == 40\n\ndef test_check():\n    check(sum_in_range)\n\ntest_check()\n",
      "timestamp": 1666122566,
      "stdout": "",
      "stderr": "",
      "exit_code": 0,
      "status": "OK"
    },
    {
      "program": "def sum_in_range(l: int, r: int) -> int:\n    \"\"\"\n\tWrite a python function to find the sum of all odd natural numbers within the range l and r.\n\t\"\"\"\n    return sum(range(l, r + 1, 2))\n\n\ndef check(candidate):\n    assert candidate(2, 5) == 8\n    assert candidate(5, 7) == 12\n    assert candidate(7, 13) == 40\n\ndef test_check():\n    check(sum_in_range)\n\ntest_check()\n",
      "timestamp": 1665509806,
      "stdout": "",
      "stderr": "Traceback (most recent call last):\n  File \"/tmp/tmppj9qq5gs.py\", line 16, in <module>\n    test_check()\n  File \"/tmp/tmppj9qq5gs.py\", line 14, in test_check\n    check(sum_in_range)\n  File \"/tmp/tmppj9qq5gs.py\", line 9, in check\n    assert candidate(2, 5) == 8\nAssertionError\n",
      "exit_code": 1,
      "status": "Exception"
    },
    {
      "program": "def sum_in_range(l: int, r: int) -> int:\n    \"\"\"\n\tWrite a python function to find the sum of all odd natural numbers within the range l and r.\n\t\"\"\"\n    return sum(range(l, r + 1, 2))\n\n\ndef check(candidate):\n    assert candidate(2, 5) == 8\n    assert candidate(5, 7) == 12\n    assert candidate(7, 13) == 40\n\ndef test_check():\n    check(sum_in_range)\n\ntest_check()\n",
      "timestamp": 1665509806,
      "stdout": "",
      "stderr": "Traceback (most recent call last):\n  File \"/tmp/tmppj9qq5gs.py\", line 16, in <module>\n    test_check()\n  File \"/tmp/tmppj9qq5gs.py\", line 14, in test_check\n    check(sum_in_range)\n  File \"/tmp/tmppj9qq5gs.py\", line 9, in check\n    assert candidate(2, 5) == 8\nAssertionError\n",
      "exit_code": 1,
      "status": "Exception"
    },
    {
      "program": "def sum_in_range(l: int, r: int) -> int:\n    \"\"\"\n\tWrite a python function to find the sum of all odd natural numbers within the range l and r.\n\t\"\"\"\n    return sum(range(l, r + 1, 2))\n\n\ndef check(candidate):\n    assert candidate(2, 5) == 8\n    assert candidate(5, 7) == 12\n    assert candidate(7, 13) == 40\n\ndef test_check():\n    check(sum_in_range)\n\ntest_check()\n",
      "timestamp": 1665509806,
      "stdout": "",
      "stderr": "Traceback (most recent call last):\n  File \"/tmp/tmppj9qq5gs.py\", line 16, in <module>\n    test_check()\n  File \"/tmp/tmppj9qq5gs.py\", line 14, in test_check\n    check(sum_in_range)\n  File \"/tmp/tmppj9qq5gs.py\", line 9, in check\n    assert candidate(2, 5) == 8\nAssertionError\n",
      "exit_code": 1,
      "status": "Exception"
    },
    {
      "program": "def sum_in_range(l: int, r: int) -> int:\n    \"\"\"\n\tWrite a python function to find the sum of all odd natural numbers within the range l and r.\n\t\"\"\"\n    sum = 0\n    for i in range(l, r + 1):\n        if i % 2 != 0:\n            sum += i\n    return sum\n\n\ndef check(candidate):\n    assert candidate(2, 5) == 8\n    assert candidate(5, 7) == 12\n    assert candidate(7, 13) == 40\n\ndef test_check():\n    check(sum_in_range)\n\ntest_check()\n",
      "timestamp": 1665509806,
      "stdout": "",
      "stderr": "",
      "exit_code": 0,
      "status": "OK"
    },
    {
      "program": "def sum_in_range(l: int, r: int) -> int:\n    \"\"\"\n\tWrite a python function to find the sum of all odd natural numbers within the range l and r.\n\t\"\"\"\n    return sum(range(l, r + 1, 2))\n\n\ndef check(candidate):\n    assert candidate(2, 5) == 8\n    assert candidate(5, 7) == 12\n    assert candidate(7, 13) == 40\n\ndef test_check():\n    check(sum_in_range)\n\ntest_check()\n",
      "timestamp": 1665509806,
      "stdout": "",
      "stderr": "Traceback (most recent call last):\n  File \"/tmp/tmppj9qq5gs.py\", line 16, in <module>\n    test_check()\n  File \"/tmp/tmppj9qq5gs.py\", line 14, in test_check\n    check(sum_in_range)\n  File \"/tmp/tmppj9qq5gs.py\", line 9, in check\n    assert candidate(2, 5) == 8\nAssertionError\n",
      "exit_code": 1,
      "status": "Exception"
    },
    {
      "program": "def sum_in_range(l: int, r: int) -> int:\n    \"\"\"\n\tWrite a python function to find the sum of all odd natural numbers within the range l and r.\n\t\"\"\"\n    return sum(range(l, r + 1, 2))\n\n\ndef check(candidate):\n    assert candidate(2, 5) == 8\n    assert candidate(5, 7) == 12\n    assert candidate(7, 13) == 40\n\ndef test_check():\n    check(sum_in_range)\n\ntest_check()\n",
      "timestamp": 1665509806,
      "stdout": "",
      "stderr": "Traceback (most recent call last):\n  File \"/tmp/tmppj9qq5gs.py\", line 16, in <module>\n    test_check()\n  File \"/tmp/tmppj9qq5gs.py\", line 14, in test_check\n    check(sum_in_range)\n  File \"/tmp/tmppj9qq5gs.py\", line 9, in check\n    assert candidate(2, 5) == 8\nAssertionError\n",
      "exit_code": 1,
      "status": "Exception"
    },
    {
      "program": "def sum_in_range(l: int, r: int) -> int:\n    \"\"\"\n\tWrite a python function to find the sum of all odd natural numbers within the range l and r.\n\t\"\"\"\n    return sum(range(l, r + 1, 2))\n\n\ndef check(candidate):\n    assert candidate(2, 5) == 8\n    assert candidate(5, 7) == 12\n    assert candidate(7, 13) == 40\n\ndef test_check():\n    check(sum_in_range)\n\ntest_check()\n",
      "timestamp": 1665509806,
      "stdout": "",
      "stderr": "Traceback (most recent call last):\n  File \"/tmp/tmppj9qq5gs.py\", line 16, in <module>\n    test_check()\n  File \"/tmp/tmppj9qq5gs.py\", line 14, in test_check\n    check(sum_in_range)\n  File \"/tmp/tmppj9qq5gs.py\", line 9, in check\n    assert candidate(2, 5) == 8\nAssertionError\n",
      "exit_code": 1,
      "status": "Exception"
    },
    {
      "program": "def sum_in_range(l: int, r: int) -> int:\n    \"\"\"\n\tWrite a python function to find the sum of all odd natural numbers within the range l and r.\n\t\"\"\"\n    sum = 0\n    for i in range(l, r + 1):\n        if i % 2 != 0:\n            sum += i\n    return sum\n\n\ndef check(candidate):\n    assert candidate(2, 5) == 8\n    assert candidate(5, 7) == 12\n    assert candidate(7, 13) == 40\n\ndef test_check():\n    check(sum_in_range)\n\ntest_check()\n",
      "timestamp": 1665509806,
      "stdout": "",
      "stderr": "",
      "exit_code": 0,
      "status": "OK"
    },
    {
      "program": "def sum_in_range(l: int, r: int) -> int:\n    \"\"\"\n\tWrite a python function to find the sum of all odd natural numbers within the range l and r.\n\t\"\"\"\n    return sum(range(l, r + 1, 2))\n\n\ndef check(candidate):\n    assert candidate(2, 5) == 8\n    assert candidate(5, 7) == 12\n    assert candidate(7, 13) == 40\n\ndef test_check():\n    check(sum_in_range)\n\ntest_check()\n",
      "timestamp": 1665509806,
      "stdout": "",
      "stderr": "Traceback (most recent call last):\n  File \"/tmp/tmppj9qq5gs.py\", line 16, in <module>\n    test_check()\n  File \"/tmp/tmppj9qq5gs.py\", line 14, in test_check\n    check(sum_in_range)\n  File \"/tmp/tmppj9qq5gs.py\", line 9, in check\n    assert candidate(2, 5) == 8\nAssertionError\n",
      "exit_code": 1,
      "status": "Exception"
    },
    {
      "program": "def sum_in_range(l: int, r: int) -> int:\n    \"\"\"\n\tWrite a python function to find the sum of all odd natural numbers within the range l and r.\n\t\"\"\"\n    return sum(range(l, r + 1, 2))\n\n\ndef check(candidate):\n    assert candidate(2, 5) == 8\n    assert candidate(5, 7) == 12\n    assert candidate(7, 13) == 40\n\ndef test_check():\n    check(sum_in_range)\n\ntest_check()\n",
      "timestamp": 1665509806,
      "stdout": "",
      "stderr": "Traceback (most recent call last):\n  File \"/tmp/tmppj9qq5gs.py\", line 16, in <module>\n    test_check()\n  File \"/tmp/tmppj9qq5gs.py\", line 14, in test_check\n    check(sum_in_range)\n  File \"/tmp/tmppj9qq5gs.py\", line 9, in check\n    assert candidate(2, 5) == 8\nAssertionError\n",
      "exit_code": 1,
      "status": "Exception"
    },
    {
      "program": "def sum_in_range(l: int, r: int) -> int:\n    \"\"\"\n\tWrite a python function to find the sum of all odd natural numbers within the range l and r.\n\t\"\"\"\n    return sum(range(l, r + 1, 2))\n\n\ndef check(candidate):\n    assert candidate(2, 5) == 8\n    assert candidate(5, 7) == 12\n    assert candidate(7, 13) == 40\n\ndef test_check():\n    check(sum_in_range)\n\ntest_check()\n",
      "timestamp": 1665509806,
      "stdout": "",
      "stderr": "Traceback (most recent call last):\n  File \"/tmp/tmppj9qq5gs.py\", line 16, in <module>\n    test_check()\n  File \"/tmp/tmppj9qq5gs.py\", line 14, in test_check\n    check(sum_in_range)\n  File \"/tmp/tmppj9qq5gs.py\", line 9, in check\n    assert candidate(2, 5) == 8\nAssertionError\n",
      "exit_code": 1,
      "status": "Exception"
    },
    {
      "program": "def sum_in_range(l: int, r: int) -> int:\n    \"\"\"\n\tWrite a python function to find the sum of all odd natural numbers within the range l and r.\n\t\"\"\"\n    return sum(x for x in range(l, r + 1) if x % 2 == 1)\n\n\ndef check(candidate):\n    assert candidate(2, 5) == 8\n    assert candidate(5, 7) == 12\n    assert candidate(7, 13) == 40\n\ndef test_check():\n    check(sum_in_range)\n\ntest_check()\n",
      "timestamp": 1666122566,
      "stdout": "",
      "stderr": "",
      "exit_code": 0,
      "status": "OK"
    },
    {
      "program": "def sum_in_range(l: int, r: int) -> int:\n    \"\"\"\n\tWrite a python function to find the sum of all odd natural numbers within the range l and r.\n\t\"\"\"\n    return sum(range(l, r + 1, 2))\n\n\ndef check(candidate):\n    assert candidate(2, 5) == 8\n    assert candidate(5, 7) == 12\n    assert candidate(7, 13) == 40\n\ndef test_check():\n    check(sum_in_range)\n\ntest_check()\n",
      "timestamp": 1665509806,
      "stdout": "",
      "stderr": "Traceback (most recent call last):\n  File \"/tmp/tmppj9qq5gs.py\", line 16, in <module>\n    test_check()\n  File \"/tmp/tmppj9qq5gs.py\", line 14, in test_check\n    check(sum_in_range)\n  File \"/tmp/tmppj9qq5gs.py\", line 9, in check\n    assert candidate(2, 5) == 8\nAssertionError\n",
      "exit_code": 1,
      "status": "Exception"
    },
    {
      "program": "def sum_in_range(l: int, r: int) -> int:\n    \"\"\"\n\tWrite a python function to find the sum of all odd natural numbers within the range l and r.\n\t\"\"\"\n    return sum([i for i in range(l, r + 1) if i % 2 != 0])\n\n\ndef check(candidate):\n    assert candidate(2, 5) == 8\n    assert candidate(5, 7) == 12\n    assert candidate(7, 13) == 40\n\ndef test_check():\n    check(sum_in_range)\n\ntest_check()\n",
      "timestamp": 1666122566,
      "stdout": "",
      "stderr": "",
      "exit_code": 0,
      "status": "OK"
    },
    {
      "program": "def sum_in_range(l: int, r: int) -> int:\n    \"\"\"\n\tWrite a python function to find the sum of all odd natural numbers within the range l and r.\n\t\"\"\"\n    return sum(range(l, r + 1, 2))\n\n\ndef check(candidate):\n    assert candidate(2, 5) == 8\n    assert candidate(5, 7) == 12\n    assert candidate(7, 13) == 40\n\ndef test_check():\n    check(sum_in_range)\n\ntest_check()\n",
      "timestamp": 1665509806,
      "stdout": "",
      "stderr": "Traceback (most recent call last):\n  File \"/tmp/tmppj9qq5gs.py\", line 16, in <module>\n    test_check()\n  File \"/tmp/tmppj9qq5gs.py\", line 14, in test_check\n    check(sum_in_range)\n  File \"/tmp/tmppj9qq5gs.py\", line 9, in check\n    assert candidate(2, 5) == 8\nAssertionError\n",
      "exit_code": 1,
      "status": "Exception"
    },
    {
      "program": "def sum_in_range(l: int, r: int) -> int:\n    \"\"\"\n\tWrite a python function to find the sum of all odd natural numbers within the range l and r.\n\t\"\"\"\n    sum = 0\n    for i in range(l, r + 1):\n        if i % 2 != 0:\n            sum += i\n    return sum\n\n\ndef check(candidate):\n    assert candidate(2, 5) == 8\n    assert candidate(5, 7) == 12\n    assert candidate(7, 13) == 40\n\ndef test_check():\n    check(sum_in_range)\n\ntest_check()\n",
      "timestamp": 1665509806,
      "stdout": "",
      "stderr": "",
      "exit_code": 0,
      "status": "OK"
    },
    {
      "program": "def sum_in_range(l: int, r: int) -> int:\n    \"\"\"\n\tWrite a python function to find the sum of all odd natural numbers within the range l and r.\n\t\"\"\"\n    return sum(i for i in range(l, r + 1) if i % 2 == 1)\n\n\ndef check(candidate):\n    assert candidate(2, 5) == 8\n    assert candidate(5, 7) == 12\n    assert candidate(7, 13) == 40\n\ndef test_check():\n    check(sum_in_range)\n\ntest_check()\n",
      "timestamp": 1665509806,
      "stdout": "",
      "stderr": "",
      "exit_code": 0,
      "status": "OK"
    },
    {
      "program": "def sum_in_range(l: int, r: int) -> int:\n    \"\"\"\n\tWrite a python function to find the sum of all odd natural numbers within the range l and r.\n\t\"\"\"\n    return sum(range(l, r + 1, 2))\n\n\ndef check(candidate):\n    assert candidate(2, 5) == 8\n    assert candidate(5, 7) == 12\n    assert candidate(7, 13) == 40\n\ndef test_check():\n    check(sum_in_range)\n\ntest_check()\n",
      "timestamp": 1665509806,
      "stdout": "",
      "stderr": "Traceback (most recent call last):\n  File \"/tmp/tmppj9qq5gs.py\", line 16, in <module>\n    test_check()\n  File \"/tmp/tmppj9qq5gs.py\", line 14, in test_check\n    check(sum_in_range)\n  File \"/tmp/tmppj9qq5gs.py\", line 9, in check\n    assert candidate(2, 5) == 8\nAssertionError\n",
      "exit_code": 1,
      "status": "Exception"
    },
    {
      "program": "def sum_in_range(l: int, r: int) -> int:\n    \"\"\"\n\tWrite a python function to find the sum of all odd natural numbers within the range l and r.\n\t\"\"\"\n    return sum(i for i in range(l, r + 1) if i % 2 == 1)\n\n\ndef check(candidate):\n    assert candidate(2, 5) == 8\n    assert candidate(5, 7) == 12\n    assert candidate(7, 13) == 40\n\ndef test_check():\n    check(sum_in_range)\n\ntest_check()\n",
      "timestamp": 1665509806,
      "stdout": "",
      "stderr": "",
      "exit_code": 0,
      "status": "OK"
    },
    {
      "program": "def sum_in_range(l: int, r: int) -> int:\n    \"\"\"\n\tWrite a python function to find the sum of all odd natural numbers within the range l and r.\n\t\"\"\"\n    return sum(range(l, r + 1, 2))\n\n\ndef check(candidate):\n    assert candidate(2, 5) == 8\n    assert candidate(5, 7) == 12\n    assert candidate(7, 13) == 40\n\ndef test_check():\n    check(sum_in_range)\n\ntest_check()\n",
      "timestamp": 1665509806,
      "stdout": "",
      "stderr": "Traceback (most recent call last):\n  File \"/tmp/tmppj9qq5gs.py\", line 16, in <module>\n    test_check()\n  File \"/tmp/tmppj9qq5gs.py\", line 14, in test_check\n    check(sum_in_range)\n  File \"/tmp/tmppj9qq5gs.py\", line 9, in check\n    assert candidate(2, 5) == 8\nAssertionError\n",
      "exit_code": 1,
      "status": "Exception"
    },
    {
      "program": "def sum_in_range(l: int, r: int) -> int:\n    \"\"\"\n\tWrite a python function to find the sum of all odd natural numbers within the range l and r.\n\t\"\"\"\n    if l > r:\n        return 0\n    else:\n        if l % 2 == 0:\n            return sum_in_range(l + 1, r)\n        else:\n            return l + sum_in_range(l + 2, r)\n\n\ndef check(candidate):\n    assert candidate(2, 5) == 8\n    assert candidate(5, 7) == 12\n    assert candidate(7, 13) == 40\n\ndef test_check():\n    check(sum_in_range)\n\ntest_check()\n",
      "timestamp": 1666122566,
      "stdout": "",
      "stderr": "",
      "exit_code": 0,
      "status": "OK"
    },
    {
      "program": "def sum_in_range(l: int, r: int) -> int:\n    \"\"\"\n\tWrite a python function to find the sum of all odd natural numbers within the range l and r.\n\t\"\"\"\n    return sum(range(l, r + 1, 2))\n\n\ndef check(candidate):\n    assert candidate(2, 5) == 8\n    assert candidate(5, 7) == 12\n    assert candidate(7, 13) == 40\n\ndef test_check():\n    check(sum_in_range)\n\ntest_check()\n",
      "timestamp": 1665509806,
      "stdout": "",
      "stderr": "Traceback (most recent call last):\n  File \"/tmp/tmppj9qq5gs.py\", line 16, in <module>\n    test_check()\n  File \"/tmp/tmppj9qq5gs.py\", line 14, in test_check\n    check(sum_in_range)\n  File \"/tmp/tmppj9qq5gs.py\", line 9, in check\n    assert candidate(2, 5) == 8\nAssertionError\n",
      "exit_code": 1,
      "status": "Exception"
    },
    {
      "program": "def sum_in_range(l: int, r: int) -> int:\n    \"\"\"\n\tWrite a python function to find the sum of all odd natural numbers within the range l and r.\n\t\"\"\"\n    return sum(range(l, r + 1, 2))\n\n\ndef check(candidate):\n    assert candidate(2, 5) == 8\n    assert candidate(5, 7) == 12\n    assert candidate(7, 13) == 40\n\ndef test_check():\n    check(sum_in_range)\n\ntest_check()\n",
      "timestamp": 1665509806,
      "stdout": "",
      "stderr": "Traceback (most recent call last):\n  File \"/tmp/tmppj9qq5gs.py\", line 16, in <module>\n    test_check()\n  File \"/tmp/tmppj9qq5gs.py\", line 14, in test_check\n    check(sum_in_range)\n  File \"/tmp/tmppj9qq5gs.py\", line 9, in check\n    assert candidate(2, 5) == 8\nAssertionError\n",
      "exit_code": 1,
      "status": "Exception"
    },
    {
      "program": "def sum_in_range(l: int, r: int) -> int:\n    \"\"\"\n\tWrite a python function to find the sum of all odd natural numbers within the range l and r.\n\t\"\"\"\n    sum = 0\n    for i in range(l, r + 1):\n        if i % 2 != 0:\n            sum += i\n    return sum\n\n\ndef check(candidate):\n    assert candidate(2, 5) == 8\n    assert candidate(5, 7) == 12\n    assert candidate(7, 13) == 40\n\ndef test_check():\n    check(sum_in_range)\n\ntest_check()\n",
      "timestamp": 1665509806,
      "stdout": "",
      "stderr": "",
      "exit_code": 0,
      "status": "OK"
    },
    {
      "program": "def sum_in_range(l: int, r: int) -> int:\n    \"\"\"\n\tWrite a python function to find the sum of all odd natural numbers within the range l and r.\n\t\"\"\"\n    sum = 0\n    for i in range(l, r + 1):\n        if i % 2 != 0:\n            sum += i\n    return sum\n\n\ndef check(candidate):\n    assert candidate(2, 5) == 8\n    assert candidate(5, 7) == 12\n    assert candidate(7, 13) == 40\n\ndef test_check():\n    check(sum_in_range)\n\ntest_check()\n",
      "timestamp": 1665509806,
      "stdout": "",
      "stderr": "",
      "exit_code": 0,
      "status": "OK"
    },
    {
      "program": "def sum_in_range(l: int, r: int) -> int:\n    \"\"\"\n\tWrite a python function to find the sum of all odd natural numbers within the range l and r.\n\t\"\"\"\n    return sum(range(l, r + 1, 2))\n\n\ndef check(candidate):\n    assert candidate(2, 5) == 8\n    assert candidate(5, 7) == 12\n    assert candidate(7, 13) == 40\n\ndef test_check():\n    check(sum_in_range)\n\ntest_check()\n",
      "timestamp": 1665509806,
      "stdout": "",
      "stderr": "Traceback (most recent call last):\n  File \"/tmp/tmppj9qq5gs.py\", line 16, in <module>\n    test_check()\n  File \"/tmp/tmppj9qq5gs.py\", line 14, in test_check\n    check(sum_in_range)\n  File \"/tmp/tmppj9qq5gs.py\", line 9, in check\n    assert candidate(2, 5) == 8\nAssertionError\n",
      "exit_code": 1,
      "status": "Exception"
    },
    {
      "program": "def sum_in_range(l: int, r: int) -> int:\n    \"\"\"\n\tWrite a python function to find the sum of all odd natural numbers within the range l and r.\n\t\"\"\"\n    return sum(range(l, r + 1, 2))\n\n\ndef check(candidate):\n    assert candidate(2, 5) == 8\n    assert candidate(5, 7) == 12\n    assert candidate(7, 13) == 40\n\ndef test_check():\n    check(sum_in_range)\n\ntest_check()\n",
      "timestamp": 1665509806,
      "stdout": "",
      "stderr": "Traceback (most recent call last):\n  File \"/tmp/tmppj9qq5gs.py\", line 16, in <module>\n    test_check()\n  File \"/tmp/tmppj9qq5gs.py\", line 14, in test_check\n    check(sum_in_range)\n  File \"/tmp/tmppj9qq5gs.py\", line 9, in check\n    assert candidate(2, 5) == 8\nAssertionError\n",
      "exit_code": 1,
      "status": "Exception"
    },
    {
      "program": "def sum_in_range(l: int, r: int) -> int:\n    \"\"\"\n\tWrite a python function to find the sum of all odd natural numbers within the range l and r.\n\t\"\"\"\n    return sum(range(l, r + 1, 2))\n\n\ndef check(candidate):\n    assert candidate(2, 5) == 8\n    assert candidate(5, 7) == 12\n    assert candidate(7, 13) == 40\n\ndef test_check():\n    check(sum_in_range)\n\ntest_check()\n",
      "timestamp": 1665509806,
      "stdout": "",
      "stderr": "Traceback (most recent call last):\n  File \"/tmp/tmppj9qq5gs.py\", line 16, in <module>\n    test_check()\n  File \"/tmp/tmppj9qq5gs.py\", line 14, in test_check\n    check(sum_in_range)\n  File \"/tmp/tmppj9qq5gs.py\", line 9, in check\n    assert candidate(2, 5) == 8\nAssertionError\n",
      "exit_code": 1,
      "status": "Exception"
    },
    {
      "program": "def sum_in_range(l: int, r: int) -> int:\n    \"\"\"\n\tWrite a python function to find the sum of all odd natural numbers within the range l and r.\n\t\"\"\"\n    return sum(range(l, r + 1, 2))\n\n\ndef check(candidate):\n    assert candidate(2, 5) == 8\n    assert candidate(5, 7) == 12\n    assert candidate(7, 13) == 40\n\ndef test_check():\n    check(sum_in_range)\n\ntest_check()\n",
      "timestamp": 1665509806,
      "stdout": "",
      "stderr": "Traceback (most recent call last):\n  File \"/tmp/tmppj9qq5gs.py\", line 16, in <module>\n    test_check()\n  File \"/tmp/tmppj9qq5gs.py\", line 14, in test_check\n    check(sum_in_range)\n  File \"/tmp/tmppj9qq5gs.py\", line 9, in check\n    assert candidate(2, 5) == 8\nAssertionError\n",
      "exit_code": 1,
      "status": "Exception"
    },
    {
      "program": "def sum_in_range(l: int, r: int) -> int:\n    \"\"\"\n\tWrite a python function to find the sum of all odd natural numbers within the range l and r.\n\t\"\"\"\n    return sum(i for i in range(l, r + 1) if i % 2 != 0)\n\n\ndef check(candidate):\n    assert candidate(2, 5) == 8\n    assert candidate(5, 7) == 12\n    assert candidate(7, 13) == 40\n\ndef test_check():\n    check(sum_in_range)\n\ntest_check()\n",
      "timestamp": 1665509806,
      "stdout": "",
      "stderr": "",
      "exit_code": 0,
      "status": "OK"
    },
    {
      "program": "def sum_in_range(l: int, r: int) -> int:\n    \"\"\"\n\tWrite a python function to find the sum of all odd natural numbers within the range l and r.\n\t\"\"\"\n    sum = 0\n    for i in range(l, r + 1):\n        if i % 2 != 0:\n            sum += i\n    return sum\n\n\ndef check(candidate):\n    assert candidate(2, 5) == 8\n    assert candidate(5, 7) == 12\n    assert candidate(7, 13) == 40\n\ndef test_check():\n    check(sum_in_range)\n\ntest_check()\n",
      "timestamp": 1665509806,
      "stdout": "",
      "stderr": "",
      "exit_code": 0,
      "status": "OK"
    },
    {
      "program": "def sum_in_range(l: int, r: int) -> int:\n    \"\"\"\n\tWrite a python function to find the sum of all odd natural numbers within the range l and r.\n\t\"\"\"\n    return sum(range(l, r + 1, 2))\n\n\ndef check(candidate):\n    assert candidate(2, 5) == 8\n    assert candidate(5, 7) == 12\n    assert candidate(7, 13) == 40\n\ndef test_check():\n    check(sum_in_range)\n\ntest_check()\n",
      "timestamp": 1665509806,
      "stdout": "",
      "stderr": "Traceback (most recent call last):\n  File \"/tmp/tmppj9qq5gs.py\", line 16, in <module>\n    test_check()\n  File \"/tmp/tmppj9qq5gs.py\", line 14, in test_check\n    check(sum_in_range)\n  File \"/tmp/tmppj9qq5gs.py\", line 9, in check\n    assert candidate(2, 5) == 8\nAssertionError\n",
      "exit_code": 1,
      "status": "Exception"
    },
    {
      "program": "def sum_in_range(l: int, r: int) -> int:\n    \"\"\"\n\tWrite a python function to find the sum of all odd natural numbers within the range l and r.\n\t\"\"\"\n    return sum(range(l, r + 1, 2))\n\n\ndef check(candidate):\n    assert candidate(2, 5) == 8\n    assert candidate(5, 7) == 12\n    assert candidate(7, 13) == 40\n\ndef test_check():\n    check(sum_in_range)\n\ntest_check()\n",
      "timestamp": 1665509806,
      "stdout": "",
      "stderr": "Traceback (most recent call last):\n  File \"/tmp/tmppj9qq5gs.py\", line 16, in <module>\n    test_check()\n  File \"/tmp/tmppj9qq5gs.py\", line 14, in test_check\n    check(sum_in_range)\n  File \"/tmp/tmppj9qq5gs.py\", line 9, in check\n    assert candidate(2, 5) == 8\nAssertionError\n",
      "exit_code": 1,
      "status": "Exception"
    },
    {
      "program": "def sum_in_range(l: int, r: int) -> int:\n    \"\"\"\n\tWrite a python function to find the sum of all odd natural numbers within the range l and r.\n\t\"\"\"\n    return sum(range(l, r + 1, 2))\n\n\ndef check(candidate):\n    assert candidate(2, 5) == 8\n    assert candidate(5, 7) == 12\n    assert candidate(7, 13) == 40\n\ndef test_check():\n    check(sum_in_range)\n\ntest_check()\n",
      "timestamp": 1665509806,
      "stdout": "",
      "stderr": "Traceback (most recent call last):\n  File \"/tmp/tmppj9qq5gs.py\", line 16, in <module>\n    test_check()\n  File \"/tmp/tmppj9qq5gs.py\", line 14, in test_check\n    check(sum_in_range)\n  File \"/tmp/tmppj9qq5gs.py\", line 9, in check\n    assert candidate(2, 5) == 8\nAssertionError\n",
      "exit_code": 1,
      "status": "Exception"
    },
    {
      "program": "def sum_in_range(l: int, r: int) -> int:\n    \"\"\"\n\tWrite a python function to find the sum of all odd natural numbers within the range l and r.\n\t\"\"\"\n    return sum(range(l, r + 1, 2))\n\n\ndef check(candidate):\n    assert candidate(2, 5) == 8\n    assert candidate(5, 7) == 12\n    assert candidate(7, 13) == 40\n\ndef test_check():\n    check(sum_in_range)\n\ntest_check()\n",
      "timestamp": 1665509806,
      "stdout": "",
      "stderr": "Traceback (most recent call last):\n  File \"/tmp/tmppj9qq5gs.py\", line 16, in <module>\n    test_check()\n  File \"/tmp/tmppj9qq5gs.py\", line 14, in test_check\n    check(sum_in_range)\n  File \"/tmp/tmppj9qq5gs.py\", line 9, in check\n    assert candidate(2, 5) == 8\nAssertionError\n",
      "exit_code": 1,
      "status": "Exception"
    },
    {
      "program": "def sum_in_range(l: int, r: int) -> int:\n    \"\"\"\n\tWrite a python function to find the sum of all odd natural numbers within the range l and r.\n\t\"\"\"\n    sum = 0\n    for i in range(l, r + 1):\n        if i % 2 != 0:\n            sum += i\n    return sum\n\n\ndef check(candidate):\n    assert candidate(2, 5) == 8\n    assert candidate(5, 7) == 12\n    assert candidate(7, 13) == 40\n\ndef test_check():\n    check(sum_in_range)\n\ntest_check()\n",
      "timestamp": 1665509806,
      "stdout": "",
      "stderr": "",
      "exit_code": 0,
      "status": "OK"
    },
    {
      "program": "def sum_in_range(l: int, r: int) -> int:\n    \"\"\"\n\tWrite a python function to find the sum of all odd natural numbers within the range l and r.\n\t\"\"\"\n    if l % 2 == 0:\n        l += 1\n    if r % 2 == 0:\n        r -= 1\n    return sum(range(l, r + 1, 2))\n\n\ndef check(candidate):\n    assert candidate(2, 5) == 8\n    assert candidate(5, 7) == 12\n    assert candidate(7, 13) == 40\n\ndef test_check():\n    check(sum_in_range)\n\ntest_check()\n",
      "timestamp": 1666122566,
      "stdout": "",
      "stderr": "",
      "exit_code": 0,
      "status": "OK"
    },
    {
      "program": "def sum_in_range(l: int, r: int) -> int:\n    \"\"\"\n\tWrite a python function to find the sum of all odd natural numbers within the range l and r.\n\t\"\"\"\n    return sum(range(l, r + 1, 2))\n\n\ndef check(candidate):\n    assert candidate(2, 5) == 8\n    assert candidate(5, 7) == 12\n    assert candidate(7, 13) == 40\n\ndef test_check():\n    check(sum_in_range)\n\ntest_check()\n",
      "timestamp": 1665509806,
      "stdout": "",
      "stderr": "Traceback (most recent call last):\n  File \"/tmp/tmppj9qq5gs.py\", line 16, in <module>\n    test_check()\n  File \"/tmp/tmppj9qq5gs.py\", line 14, in test_check\n    check(sum_in_range)\n  File \"/tmp/tmppj9qq5gs.py\", line 9, in check\n    assert candidate(2, 5) == 8\nAssertionError\n",
      "exit_code": 1,
      "status": "Exception"
    },
    {
      "program": "def sum_in_range(l: int, r: int) -> int:\n    \"\"\"\n\tWrite a python function to find the sum of all odd natural numbers within the range l and r.\n\t\"\"\"\n    return sum(range(l, r + 1, 2))\n\n\ndef check(candidate):\n    assert candidate(2, 5) == 8\n    assert candidate(5, 7) == 12\n    assert candidate(7, 13) == 40\n\ndef test_check():\n    check(sum_in_range)\n\ntest_check()\n",
      "timestamp": 1665509806,
      "stdout": "",
      "stderr": "Traceback (most recent call last):\n  File \"/tmp/tmppj9qq5gs.py\", line 16, in <module>\n    test_check()\n  File \"/tmp/tmppj9qq5gs.py\", line 14, in test_check\n    check(sum_in_range)\n  File \"/tmp/tmppj9qq5gs.py\", line 9, in check\n    assert candidate(2, 5) == 8\nAssertionError\n",
      "exit_code": 1,
      "status": "Exception"
    },
    {
      "program": "def sum_in_range(l: int, r: int) -> int:\n    \"\"\"\n\tWrite a python function to find the sum of all odd natural numbers within the range l and r.\n\t\"\"\"\n    sum = 0\n    for i in range(l, r + 1):\n        if i % 2 != 0:\n            sum += i\n    return sum\n\n\ndef check(candidate):\n    assert candidate(2, 5) == 8\n    assert candidate(5, 7) == 12\n    assert candidate(7, 13) == 40\n\ndef test_check():\n    check(sum_in_range)\n\ntest_check()\n",
      "timestamp": 1665509806,
      "stdout": "",
      "stderr": "",
      "exit_code": 0,
      "status": "OK"
    },
    {
      "program": "def sum_in_range(l: int, r: int) -> int:\n    \"\"\"\n\tWrite a python function to find the sum of all odd natural numbers within the range l and r.\n\t\"\"\"\n    return sum(range(l, r + 1, 2))\n\n\ndef check(candidate):\n    assert candidate(2, 5) == 8\n    assert candidate(5, 7) == 12\n    assert candidate(7, 13) == 40\n\ndef test_check():\n    check(sum_in_range)\n\ntest_check()\n",
      "timestamp": 1665509806,
      "stdout": "",
      "stderr": "Traceback (most recent call last):\n  File \"/tmp/tmppj9qq5gs.py\", line 16, in <module>\n    test_check()\n  File \"/tmp/tmppj9qq5gs.py\", line 14, in test_check\n    check(sum_in_range)\n  File \"/tmp/tmppj9qq5gs.py\", line 9, in check\n    assert candidate(2, 5) == 8\nAssertionError\n",
      "exit_code": 1,
      "status": "Exception"
    },
    {
      "program": "def sum_in_range(l: int, r: int) -> int:\n    \"\"\"\n\tWrite a python function to find the sum of all odd natural numbers within the range l and r.\n\t\"\"\"\n    return sum(range(l, r + 1, 2))\n\n\ndef check(candidate):\n    assert candidate(2, 5) == 8\n    assert candidate(5, 7) == 12\n    assert candidate(7, 13) == 40\n\ndef test_check():\n    check(sum_in_range)\n\ntest_check()\n",
      "timestamp": 1665509806,
      "stdout": "",
      "stderr": "Traceback (most recent call last):\n  File \"/tmp/tmppj9qq5gs.py\", line 16, in <module>\n    test_check()\n  File \"/tmp/tmppj9qq5gs.py\", line 14, in test_check\n    check(sum_in_range)\n  File \"/tmp/tmppj9qq5gs.py\", line 9, in check\n    assert candidate(2, 5) == 8\nAssertionError\n",
      "exit_code": 1,
      "status": "Exception"
    },
    {
      "program": "def sum_in_range(l: int, r: int) -> int:\n    \"\"\"\n\tWrite a python function to find the sum of all odd natural numbers within the range l and r.\n\t\"\"\"\n    return sum(range(l, r + 1, 2))\n\n\ndef check(candidate):\n    assert candidate(2, 5) == 8\n    assert candidate(5, 7) == 12\n    assert candidate(7, 13) == 40\n\ndef test_check():\n    check(sum_in_range)\n\ntest_check()\n",
      "timestamp": 1665509806,
      "stdout": "",
      "stderr": "Traceback (most recent call last):\n  File \"/tmp/tmppj9qq5gs.py\", line 16, in <module>\n    test_check()\n  File \"/tmp/tmppj9qq5gs.py\", line 14, in test_check\n    check(sum_in_range)\n  File \"/tmp/tmppj9qq5gs.py\", line 9, in check\n    assert candidate(2, 5) == 8\nAssertionError\n",
      "exit_code": 1,
      "status": "Exception"
    },
    {
      "program": "def sum_in_range(l: int, r: int) -> int:\n    \"\"\"\n\tWrite a python function to find the sum of all odd natural numbers within the range l and r.\n\t\"\"\"\n    if l > r:\n        return 0\n    else:\n        return sum(range(l, r + 1, 2))\n\n\ndef check(candidate):\n    assert candidate(2, 5) == 8\n    assert candidate(5, 7) == 12\n    assert candidate(7, 13) == 40\n\ndef test_check():\n    check(sum_in_range)\n\ntest_check()\n",
      "timestamp": 1666122566,
      "stdout": "",
      "stderr": "Traceback (most recent call last):\n  File \"/tmp/tmp8i1v6ju_.py\", line 19, in <module>\n    test_check()\n  File \"/tmp/tmp8i1v6ju_.py\", line 17, in test_check\n    check(sum_in_range)\n  File \"/tmp/tmp8i1v6ju_.py\", line 12, in check\n    assert candidate(2, 5) == 8\nAssertionError\n",
      "exit_code": 1,
      "status": "Exception"
    },
    {
      "program": "def sum_in_range(l: int, r: int) -> int:\n    \"\"\"\n\tWrite a python function to find the sum of all odd natural numbers within the range l and r.\n\t\"\"\"\n    return sum(i for i in range(l, r + 1) if i % 2 == 1)\n\n\ndef check(candidate):\n    assert candidate(2, 5) == 8\n    assert candidate(5, 7) == 12\n    assert candidate(7, 13) == 40\n\ndef test_check():\n    check(sum_in_range)\n\ntest_check()\n",
      "timestamp": 1665509806,
      "stdout": "",
      "stderr": "",
      "exit_code": 0,
      "status": "OK"
    },
    {
      "program": "def sum_in_range(l: int, r: int) -> int:\n    \"\"\"\n\tWrite a python function to find the sum of all odd natural numbers within the range l and r.\n\t\"\"\"\n    return sum(range(l, r + 1, 2))\n\n\ndef check(candidate):\n    assert candidate(2, 5) == 8\n    assert candidate(5, 7) == 12\n    assert candidate(7, 13) == 40\n\ndef test_check():\n    check(sum_in_range)\n\ntest_check()\n",
      "timestamp": 1665509806,
      "stdout": "",
      "stderr": "Traceback (most recent call last):\n  File \"/tmp/tmppj9qq5gs.py\", line 16, in <module>\n    test_check()\n  File \"/tmp/tmppj9qq5gs.py\", line 14, in test_check\n    check(sum_in_range)\n  File \"/tmp/tmppj9qq5gs.py\", line 9, in check\n    assert candidate(2, 5) == 8\nAssertionError\n",
      "exit_code": 1,
      "status": "Exception"
    },
    {
      "program": "def sum_in_range(l: int, r: int) -> int:\n    \"\"\"\n\tWrite a python function to find the sum of all odd natural numbers within the range l and r.\n\t\"\"\"\n    return sum(i for i in range(l, r + 1) if i % 2 != 0)\n\n\ndef check(candidate):\n    assert candidate(2, 5) == 8\n    assert candidate(5, 7) == 12\n    assert candidate(7, 13) == 40\n\ndef test_check():\n    check(sum_in_range)\n\ntest_check()\n",
      "timestamp": 1665509806,
      "stdout": "",
      "stderr": "",
      "exit_code": 0,
      "status": "OK"
    },
    {
      "program": "def sum_in_range(l: int, r: int) -> int:\n    \"\"\"\n\tWrite a python function to find the sum of all odd natural numbers within the range l and r.\n\t\"\"\"\n    return sum(i for i in range(l, r + 1) if i % 2 != 0)\n\n\ndef check(candidate):\n    assert candidate(2, 5) == 8\n    assert candidate(5, 7) == 12\n    assert candidate(7, 13) == 40\n\ndef test_check():\n    check(sum_in_range)\n\ntest_check()\n",
      "timestamp": 1665509806,
      "stdout": "",
      "stderr": "",
      "exit_code": 0,
      "status": "OK"
    },
    {
      "program": "def sum_in_range(l: int, r: int) -> int:\n    \"\"\"\n\tWrite a python function to find the sum of all odd natural numbers within the range l and r.\n\t\"\"\"\n    return sum(range(l, r + 1, 2))\n\n\ndef check(candidate):\n    assert candidate(2, 5) == 8\n    assert candidate(5, 7) == 12\n    assert candidate(7, 13) == 40\n\ndef test_check():\n    check(sum_in_range)\n\ntest_check()\n",
      "timestamp": 1665509806,
      "stdout": "",
      "stderr": "Traceback (most recent call last):\n  File \"/tmp/tmppj9qq5gs.py\", line 16, in <module>\n    test_check()\n  File \"/tmp/tmppj9qq5gs.py\", line 14, in test_check\n    check(sum_in_range)\n  File \"/tmp/tmppj9qq5gs.py\", line 9, in check\n    assert candidate(2, 5) == 8\nAssertionError\n",
      "exit_code": 1,
      "status": "Exception"
    },
    {
      "program": "def sum_in_range(l: int, r: int) -> int:\n    \"\"\"\n\tWrite a python function to find the sum of all odd natural numbers within the range l and r.\n\t\"\"\"\n    return sum(range(l, r + 1, 2))\n\n\ndef check(candidate):\n    assert candidate(2, 5) == 8\n    assert candidate(5, 7) == 12\n    assert candidate(7, 13) == 40\n\ndef test_check():\n    check(sum_in_range)\n\ntest_check()\n",
      "timestamp": 1665509806,
      "stdout": "",
      "stderr": "Traceback (most recent call last):\n  File \"/tmp/tmppj9qq5gs.py\", line 16, in <module>\n    test_check()\n  File \"/tmp/tmppj9qq5gs.py\", line 14, in test_check\n    check(sum_in_range)\n  File \"/tmp/tmppj9qq5gs.py\", line 9, in check\n    assert candidate(2, 5) == 8\nAssertionError\n",
      "exit_code": 1,
      "status": "Exception"
    },
    {
      "program": "def sum_in_range(l: int, r: int) -> int:\n    \"\"\"\n\tWrite a python function to find the sum of all odd natural numbers within the range l and r.\n\t\"\"\"\n    return sum(range(l, r + 1, 2))\n\n\ndef check(candidate):\n    assert candidate(2, 5) == 8\n    assert candidate(5, 7) == 12\n    assert candidate(7, 13) == 40\n\ndef test_check():\n    check(sum_in_range)\n\ntest_check()\n",
      "timestamp": 1665509806,
      "stdout": "",
      "stderr": "Traceback (most recent call last):\n  File \"/tmp/tmppj9qq5gs.py\", line 16, in <module>\n    test_check()\n  File \"/tmp/tmppj9qq5gs.py\", line 14, in test_check\n    check(sum_in_range)\n  File \"/tmp/tmppj9qq5gs.py\", line 9, in check\n    assert candidate(2, 5) == 8\nAssertionError\n",
      "exit_code": 1,
      "status": "Exception"
    },
    {
      "program": "def sum_in_range(l: int, r: int) -> int:\n    \"\"\"\n\tWrite a python function to find the sum of all odd natural numbers within the range l and r.\n\t\"\"\"\n    return sum(i for i in range(l, r + 1) if i % 2 == 1)\n\n\ndef check(candidate):\n    assert candidate(2, 5) == 8\n    assert candidate(5, 7) == 12\n    assert candidate(7, 13) == 40\n\ndef test_check():\n    check(sum_in_range)\n\ntest_check()\n",
      "timestamp": 1665509806,
      "stdout": "",
      "stderr": "",
      "exit_code": 0,
      "status": "OK"
    },
    {
      "program": "def sum_in_range(l: int, r: int) -> int:\n    \"\"\"\n\tWrite a python function to find the sum of all odd natural numbers within the range l and r.\n\t\"\"\"\n    return sum([i for i in range(l, r + 1) if i % 2 != 0])\n\n\ndef check(candidate):\n    assert candidate(2, 5) == 8\n    assert candidate(5, 7) == 12\n    assert candidate(7, 13) == 40\n\ndef test_check():\n    check(sum_in_range)\n\ntest_check()\n",
      "timestamp": 1666122566,
      "stdout": "",
      "stderr": "",
      "exit_code": 0,
      "status": "OK"
    },
    {
      "program": "def sum_in_range(l: int, r: int) -> int:\n    \"\"\"\n\tWrite a python function to find the sum of all odd natural numbers within the range l and r.\n\t\"\"\"\n    return sum(range(l, r+1, 2))\n\n\ndef check(candidate):\n    assert candidate(2, 5) == 8\n    assert candidate(5, 7) == 12\n    assert candidate(7, 13) == 40\n\ndef test_check():\n    check(sum_in_range)\n\ntest_check()\n",
      "timestamp": 1666122566,
      "stdout": "",
      "stderr": "Traceback (most recent call last):\n  File \"/tmp/tmp12gdfme7.py\", line 16, in <module>\n    test_check()\n  File \"/tmp/tmp12gdfme7.py\", line 14, in test_check\n    check(sum_in_range)\n  File \"/tmp/tmp12gdfme7.py\", line 9, in check\n    assert candidate(2, 5) == 8\nAssertionError\n",
      "exit_code": 1,
      "status": "Exception"
    },
    {
      "program": "def sum_in_range(l: int, r: int) -> int:\n    \"\"\"\n\tWrite a python function to find the sum of all odd natural numbers within the range l and r.\n\t\"\"\"\n    return sum(i for i in range(l, r + 1) if i % 2 != 0)\n\n\ndef check(candidate):\n    assert candidate(2, 5) == 8\n    assert candidate(5, 7) == 12\n    assert candidate(7, 13) == 40\n\ndef test_check():\n    check(sum_in_range)\n\ntest_check()\n",
      "timestamp": 1665509806,
      "stdout": "",
      "stderr": "",
      "exit_code": 0,
      "status": "OK"
    },
    {
      "program": "def sum_in_range(l: int, r: int) -> int:\n    \"\"\"\n\tWrite a python function to find the sum of all odd natural numbers within the range l and r.\n\t\"\"\"\n    return sum(i for i in range(l, r + 1) if i % 2 == 1)\n\n\ndef check(candidate):\n    assert candidate(2, 5) == 8\n    assert candidate(5, 7) == 12\n    assert candidate(7, 13) == 40\n\ndef test_check():\n    check(sum_in_range)\n\ntest_check()\n",
      "timestamp": 1665509806,
      "stdout": "",
      "stderr": "",
      "exit_code": 0,
      "status": "OK"
    },
    {
      "program": "def sum_in_range(l: int, r: int) -> int:\n    \"\"\"\n\tWrite a python function to find the sum of all odd natural numbers within the range l and r.\n\t\"\"\"\n    return sum(range(l, r + 1, 2))\n\n\ndef check(candidate):\n    assert candidate(2, 5) == 8\n    assert candidate(5, 7) == 12\n    assert candidate(7, 13) == 40\n\ndef test_check():\n    check(sum_in_range)\n\ntest_check()\n",
      "timestamp": 1665509806,
      "stdout": "",
      "stderr": "Traceback (most recent call last):\n  File \"/tmp/tmppj9qq5gs.py\", line 16, in <module>\n    test_check()\n  File \"/tmp/tmppj9qq5gs.py\", line 14, in test_check\n    check(sum_in_range)\n  File \"/tmp/tmppj9qq5gs.py\", line 9, in check\n    assert candidate(2, 5) == 8\nAssertionError\n",
      "exit_code": 1,
      "status": "Exception"
    },
    {
      "program": "def sum_in_range(l: int, r: int) -> int:\n    \"\"\"\n\tWrite a python function to find the sum of all odd natural numbers within the range l and r.\n\t\"\"\"\n    sum_odd = 0\n    for i in range(l, r + 1):\n        if i % 2 != 0:\n            sum_odd += i\n    return sum_odd\n\n\ndef check(candidate):\n    assert candidate(2, 5) == 8\n    assert candidate(5, 7) == 12\n    assert candidate(7, 13) == 40\n\ndef test_check():\n    check(sum_in_range)\n\ntest_check()\n",
      "timestamp": 1666122566,
      "stdout": "",
      "stderr": "",
      "exit_code": 0,
      "status": "OK"
    },
    {
      "program": "def sum_in_range(l: int, r: int) -> int:\n    \"\"\"\n\tWrite a python function to find the sum of all odd natural numbers within the range l and r.\n\t\"\"\"\n    return sum(i for i in range(l, r + 1) if i % 2 == 1)\n\n\ndef check(candidate):\n    assert candidate(2, 5) == 8\n    assert candidate(5, 7) == 12\n    assert candidate(7, 13) == 40\n\ndef test_check():\n    check(sum_in_range)\n\ntest_check()\n",
      "timestamp": 1665509806,
      "stdout": "",
      "stderr": "",
      "exit_code": 0,
      "status": "OK"
    },
    {
      "program": "def sum_in_range(l: int, r: int) -> int:\n    \"\"\"\n\tWrite a python function to find the sum of all odd natural numbers within the range l and r.\n\t\"\"\"\n    sum = 0\n    for i in range(l, r + 1):\n        if i % 2 != 0:\n            sum += i\n    return sum\n\n\ndef check(candidate):\n    assert candidate(2, 5) == 8\n    assert candidate(5, 7) == 12\n    assert candidate(7, 13) == 40\n\ndef test_check():\n    check(sum_in_range)\n\ntest_check()\n",
      "timestamp": 1665509806,
      "stdout": "",
      "stderr": "",
      "exit_code": 0,
      "status": "OK"
    },
    {
      "program": "def sum_in_range(l: int, r: int) -> int:\n    \"\"\"\n\tWrite a python function to find the sum of all odd natural numbers within the range l and r.\n\t\"\"\"\n    return sum(range(l, r + 1, 2))\n\n\ndef check(candidate):\n    assert candidate(2, 5) == 8\n    assert candidate(5, 7) == 12\n    assert candidate(7, 13) == 40\n\ndef test_check():\n    check(sum_in_range)\n\ntest_check()\n",
      "timestamp": 1665509806,
      "stdout": "",
      "stderr": "Traceback (most recent call last):\n  File \"/tmp/tmppj9qq5gs.py\", line 16, in <module>\n    test_check()\n  File \"/tmp/tmppj9qq5gs.py\", line 14, in test_check\n    check(sum_in_range)\n  File \"/tmp/tmppj9qq5gs.py\", line 9, in check\n    assert candidate(2, 5) == 8\nAssertionError\n",
      "exit_code": 1,
      "status": "Exception"
    },
    {
      "program": "def sum_in_range(l: int, r: int) -> int:\n    \"\"\"\n\tWrite a python function to find the sum of all odd natural numbers within the range l and r.\n\t\"\"\"\n    sum = 0\n    for i in range(l, r + 1):\n        if i % 2 != 0:\n            sum += i\n    return sum\n\n\ndef check(candidate):\n    assert candidate(2, 5) == 8\n    assert candidate(5, 7) == 12\n    assert candidate(7, 13) == 40\n\ndef test_check():\n    check(sum_in_range)\n\ntest_check()\n",
      "timestamp": 1665509806,
      "stdout": "",
      "stderr": "",
      "exit_code": 0,
      "status": "OK"
    },
    {
      "program": "def sum_in_range(l: int, r: int) -> int:\n    \"\"\"\n\tWrite a python function to find the sum of all odd natural numbers within the range l and r.\n\t\"\"\"\n    sum = 0\n    for i in range(l, r + 1):\n        if i % 2 != 0:\n            sum += i\n    return sum\n\n\ndef check(candidate):\n    assert candidate(2, 5) == 8\n    assert candidate(5, 7) == 12\n    assert candidate(7, 13) == 40\n\ndef test_check():\n    check(sum_in_range)\n\ntest_check()\n",
      "timestamp": 1665509806,
      "stdout": "",
      "stderr": "",
      "exit_code": 0,
      "status": "OK"
    },
    {
      "program": "def sum_in_range(l: int, r: int) -> int:\n    \"\"\"\n\tWrite a python function to find the sum of all odd natural numbers within the range l and r.\n\t\"\"\"\n    return sum(range(l, r + 1, 2))\n\n\ndef check(candidate):\n    assert candidate(2, 5) == 8\n    assert candidate(5, 7) == 12\n    assert candidate(7, 13) == 40\n\ndef test_check():\n    check(sum_in_range)\n\ntest_check()\n",
      "timestamp": 1665509806,
      "stdout": "",
      "stderr": "Traceback (most recent call last):\n  File \"/tmp/tmppj9qq5gs.py\", line 16, in <module>\n    test_check()\n  File \"/tmp/tmppj9qq5gs.py\", line 14, in test_check\n    check(sum_in_range)\n  File \"/tmp/tmppj9qq5gs.py\", line 9, in check\n    assert candidate(2, 5) == 8\nAssertionError\n",
      "exit_code": 1,
      "status": "Exception"
    },
    {
      "program": "def sum_in_range(l: int, r: int) -> int:\n    \"\"\"\n\tWrite a python function to find the sum of all odd natural numbers within the range l and r.\n\t\"\"\"\n    sum = 0\n    for i in range(l, r + 1):\n        if i % 2 != 0:\n            sum += i\n    return sum\n\n\ndef check(candidate):\n    assert candidate(2, 5) == 8\n    assert candidate(5, 7) == 12\n    assert candidate(7, 13) == 40\n\ndef test_check():\n    check(sum_in_range)\n\ntest_check()\n",
      "timestamp": 1665509806,
      "stdout": "",
      "stderr": "",
      "exit_code": 0,
      "status": "OK"
    },
    {
      "program": "def sum_in_range(l: int, r: int) -> int:\n    \"\"\"\n\tWrite a python function to find the sum of all odd natural numbers within the range l and r.\n\t\"\"\"\n    return sum(i for i in range(l, r + 1) if i % 2 == 1)\n\n\ndef check(candidate):\n    assert candidate(2, 5) == 8\n    assert candidate(5, 7) == 12\n    assert candidate(7, 13) == 40\n\ndef test_check():\n    check(sum_in_range)\n\ntest_check()\n",
      "timestamp": 1665509806,
      "stdout": "",
      "stderr": "",
      "exit_code": 0,
      "status": "OK"
    },
    {
      "program": "def sum_in_range(l: int, r: int) -> int:\n    \"\"\"\n\tWrite a python function to find the sum of all odd natural numbers within the range l and r.\n\t\"\"\"\n    return sum(range(l, r + 1, 2))\n\n\ndef check(candidate):\n    assert candidate(2, 5) == 8\n    assert candidate(5, 7) == 12\n    assert candidate(7, 13) == 40\n\ndef test_check():\n    check(sum_in_range)\n\ntest_check()\n",
      "timestamp": 1665509806,
      "stdout": "",
      "stderr": "Traceback (most recent call last):\n  File \"/tmp/tmppj9qq5gs.py\", line 16, in <module>\n    test_check()\n  File \"/tmp/tmppj9qq5gs.py\", line 14, in test_check\n    check(sum_in_range)\n  File \"/tmp/tmppj9qq5gs.py\", line 9, in check\n    assert candidate(2, 5) == 8\nAssertionError\n",
      "exit_code": 1,
      "status": "Exception"
    },
    {
      "program": "def sum_in_range(l: int, r: int) -> int:\n    \"\"\"\n\tWrite a python function to find the sum of all odd natural numbers within the range l and r.\n\t\"\"\"\n    return sum(range(l, r + 1, 2))\n\n\ndef check(candidate):\n    assert candidate(2, 5) == 8\n    assert candidate(5, 7) == 12\n    assert candidate(7, 13) == 40\n\ndef test_check():\n    check(sum_in_range)\n\ntest_check()\n",
      "timestamp": 1665509806,
      "stdout": "",
      "stderr": "Traceback (most recent call last):\n  File \"/tmp/tmppj9qq5gs.py\", line 16, in <module>\n    test_check()\n  File \"/tmp/tmppj9qq5gs.py\", line 14, in test_check\n    check(sum_in_range)\n  File \"/tmp/tmppj9qq5gs.py\", line 9, in check\n    assert candidate(2, 5) == 8\nAssertionError\n",
      "exit_code": 1,
      "status": "Exception"
    },
    {
      "program": "def sum_in_range(l: int, r: int) -> int:\n    \"\"\"\n\tWrite a python function to find the sum of all odd natural numbers within the range l and r.\n\t\"\"\"\n    return sum(range(l, r + 1, 2))\n\n\ndef check(candidate):\n    assert candidate(2, 5) == 8\n    assert candidate(5, 7) == 12\n    assert candidate(7, 13) == 40\n\ndef test_check():\n    check(sum_in_range)\n\ntest_check()\n",
      "timestamp": 1665509806,
      "stdout": "",
      "stderr": "Traceback (most recent call last):\n  File \"/tmp/tmppj9qq5gs.py\", line 16, in <module>\n    test_check()\n  File \"/tmp/tmppj9qq5gs.py\", line 14, in test_check\n    check(sum_in_range)\n  File \"/tmp/tmppj9qq5gs.py\", line 9, in check\n    assert candidate(2, 5) == 8\nAssertionError\n",
      "exit_code": 1,
      "status": "Exception"
    },
    {
      "program": "def sum_in_range(l: int, r: int) -> int:\n    \"\"\"\n\tWrite a python function to find the sum of all odd natural numbers within the range l and r.\n\t\"\"\"\n    return sum([i for i in range(l, r + 1) if i % 2 != 0])\n\n\ndef check(candidate):\n    assert candidate(2, 5) == 8\n    assert candidate(5, 7) == 12\n    assert candidate(7, 13) == 40\n\ndef test_check():\n    check(sum_in_range)\n\ntest_check()\n",
      "timestamp": 1666122566,
      "stdout": "",
      "stderr": "",
      "exit_code": 0,
      "status": "OK"
    },
    {
      "program": "def sum_in_range(l: int, r: int) -> int:\n    \"\"\"\n\tWrite a python function to find the sum of all odd natural numbers within the range l and r.\n\t\"\"\"\n    return sum(range(l, r + 1, 2))\n\n\ndef check(candidate):\n    assert candidate(2, 5) == 8\n    assert candidate(5, 7) == 12\n    assert candidate(7, 13) == 40\n\ndef test_check():\n    check(sum_in_range)\n\ntest_check()\n",
      "timestamp": 1665509806,
      "stdout": "",
      "stderr": "Traceback (most recent call last):\n  File \"/tmp/tmppj9qq5gs.py\", line 16, in <module>\n    test_check()\n  File \"/tmp/tmppj9qq5gs.py\", line 14, in test_check\n    check(sum_in_range)\n  File \"/tmp/tmppj9qq5gs.py\", line 9, in check\n    assert candidate(2, 5) == 8\nAssertionError\n",
      "exit_code": 1,
      "status": "Exception"
    },
    {
      "program": "def sum_in_range(l: int, r: int) -> int:\n    \"\"\"\n\tWrite a python function to find the sum of all odd natural numbers within the range l and r.\n\t\"\"\"\n    sum = 0\n    for i in range(l, r + 1):\n        if i % 2 != 0:\n            sum += i\n    return sum\n\n\ndef check(candidate):\n    assert candidate(2, 5) == 8\n    assert candidate(5, 7) == 12\n    assert candidate(7, 13) == 40\n\ndef test_check():\n    check(sum_in_range)\n\ntest_check()\n",
      "timestamp": 1665509806,
      "stdout": "",
      "stderr": "",
      "exit_code": 0,
      "status": "OK"
    },
    {
      "program": "def sum_in_range(l: int, r: int) -> int:\n    \"\"\"\n\tWrite a python function to find the sum of all odd natural numbers within the range l and r.\n\t\"\"\"\n    return sum(range(l, r + 1, 2))\n\n\ndef check(candidate):\n    assert candidate(2, 5) == 8\n    assert candidate(5, 7) == 12\n    assert candidate(7, 13) == 40\n\ndef test_check():\n    check(sum_in_range)\n\ntest_check()\n",
      "timestamp": 1665509806,
      "stdout": "",
      "stderr": "Traceback (most recent call last):\n  File \"/tmp/tmppj9qq5gs.py\", line 16, in <module>\n    test_check()\n  File \"/tmp/tmppj9qq5gs.py\", line 14, in test_check\n    check(sum_in_range)\n  File \"/tmp/tmppj9qq5gs.py\", line 9, in check\n    assert candidate(2, 5) == 8\nAssertionError\n",
      "exit_code": 1,
      "status": "Exception"
    },
    {
      "program": "def sum_in_range(l: int, r: int) -> int:\n    \"\"\"\n\tWrite a python function to find the sum of all odd natural numbers within the range l and r.\n\t\"\"\"\n    return sum(range(l, r + 1, 2))\n\n\ndef check(candidate):\n    assert candidate(2, 5) == 8\n    assert candidate(5, 7) == 12\n    assert candidate(7, 13) == 40\n\ndef test_check():\n    check(sum_in_range)\n\ntest_check()\n",
      "timestamp": 1665509806,
      "stdout": "",
      "stderr": "Traceback (most recent call last):\n  File \"/tmp/tmppj9qq5gs.py\", line 16, in <module>\n    test_check()\n  File \"/tmp/tmppj9qq5gs.py\", line 14, in test_check\n    check(sum_in_range)\n  File \"/tmp/tmppj9qq5gs.py\", line 9, in check\n    assert candidate(2, 5) == 8\nAssertionError\n",
      "exit_code": 1,
      "status": "Exception"
    },
    {
      "program": "def sum_in_range(l: int, r: int) -> int:\n    \"\"\"\n\tWrite a python function to find the sum of all odd natural numbers within the range l and r.\n\t\"\"\"\n    return sum(range(l, r + 1, 2))\n\n\ndef check(candidate):\n    assert candidate(2, 5) == 8\n    assert candidate(5, 7) == 12\n    assert candidate(7, 13) == 40\n\ndef test_check():\n    check(sum_in_range)\n\ntest_check()\n",
      "timestamp": 1665509806,
      "stdout": "",
      "stderr": "Traceback (most recent call last):\n  File \"/tmp/tmppj9qq5gs.py\", line 16, in <module>\n    test_check()\n  File \"/tmp/tmppj9qq5gs.py\", line 14, in test_check\n    check(sum_in_range)\n  File \"/tmp/tmppj9qq5gs.py\", line 9, in check\n    assert candidate(2, 5) == 8\nAssertionError\n",
      "exit_code": 1,
      "status": "Exception"
    },
    {
      "program": "def sum_in_range(l: int, r: int) -> int:\n    \"\"\"\n\tWrite a python function to find the sum of all odd natural numbers within the range l and r.\n\t\"\"\"\n    return sum(i for i in range(l, r + 1) if i % 2 != 0)\n\n\ndef check(candidate):\n    assert candidate(2, 5) == 8\n    assert candidate(5, 7) == 12\n    assert candidate(7, 13) == 40\n\ndef test_check():\n    check(sum_in_range)\n\ntest_check()\n",
      "timestamp": 1665509806,
      "stdout": "",
      "stderr": "",
      "exit_code": 0,
      "status": "OK"
    },
    {
      "program": "def sum_in_range(l: int, r: int) -> int:\n    \"\"\"\n\tWrite a python function to find the sum of all odd natural numbers within the range l and r.\n\t\"\"\"\n    return sum(range(l, r + 1, 2))\n\n\ndef check(candidate):\n    assert candidate(2, 5) == 8\n    assert candidate(5, 7) == 12\n    assert candidate(7, 13) == 40\n\ndef test_check():\n    check(sum_in_range)\n\ntest_check()\n",
      "timestamp": 1665509806,
      "stdout": "",
      "stderr": "Traceback (most recent call last):\n  File \"/tmp/tmppj9qq5gs.py\", line 16, in <module>\n    test_check()\n  File \"/tmp/tmppj9qq5gs.py\", line 14, in test_check\n    check(sum_in_range)\n  File \"/tmp/tmppj9qq5gs.py\", line 9, in check\n    assert candidate(2, 5) == 8\nAssertionError\n",
      "exit_code": 1,
      "status": "Exception"
    },
    {
      "program": "def sum_in_range(l: int, r: int) -> int:\n    \"\"\"\n\tWrite a python function to find the sum of all odd natural numbers within the range l and r.\n\t\"\"\"\n    return sum(range(l, r + 1, 2))\n\n\ndef check(candidate):\n    assert candidate(2, 5) == 8\n    assert candidate(5, 7) == 12\n    assert candidate(7, 13) == 40\n\ndef test_check():\n    check(sum_in_range)\n\ntest_check()\n",
      "timestamp": 1665509806,
      "stdout": "",
      "stderr": "Traceback (most recent call last):\n  File \"/tmp/tmppj9qq5gs.py\", line 16, in <module>\n    test_check()\n  File \"/tmp/tmppj9qq5gs.py\", line 14, in test_check\n    check(sum_in_range)\n  File \"/tmp/tmppj9qq5gs.py\", line 9, in check\n    assert candidate(2, 5) == 8\nAssertionError\n",
      "exit_code": 1,
      "status": "Exception"
    },
    {
      "program": "def sum_in_range(l: int, r: int) -> int:\n    \"\"\"\n\tWrite a python function to find the sum of all odd natural numbers within the range l and r.\n\t\"\"\"\n    return sum(i for i in range(l, r + 1) if i % 2 != 0)\n\n\ndef check(candidate):\n    assert candidate(2, 5) == 8\n    assert candidate(5, 7) == 12\n    assert candidate(7, 13) == 40\n\ndef test_check():\n    check(sum_in_range)\n\ntest_check()\n",
      "timestamp": 1665509806,
      "stdout": "",
      "stderr": "",
      "exit_code": 0,
      "status": "OK"
    },
    {
      "program": "def sum_in_range(l: int, r: int) -> int:\n    \"\"\"\n\tWrite a python function to find the sum of all odd natural numbers within the range l and r.\n\t\"\"\"\n    sum = 0\n    for i in range(l, r + 1):\n        if i % 2 != 0:\n            sum += i\n    return sum\n\n\ndef check(candidate):\n    assert candidate(2, 5) == 8\n    assert candidate(5, 7) == 12\n    assert candidate(7, 13) == 40\n\ndef test_check():\n    check(sum_in_range)\n\ntest_check()\n",
      "timestamp": 1665509806,
      "stdout": "",
      "stderr": "",
      "exit_code": 0,
      "status": "OK"
    },
    {
      "program": "def sum_in_range(l: int, r: int) -> int:\n    \"\"\"\n\tWrite a python function to find the sum of all odd natural numbers within the range l and r.\n\t\"\"\"\n    return sum(range(l, r + 1, 2))\n\n\ndef check(candidate):\n    assert candidate(2, 5) == 8\n    assert candidate(5, 7) == 12\n    assert candidate(7, 13) == 40\n\ndef test_check():\n    check(sum_in_range)\n\ntest_check()\n",
      "timestamp": 1665509806,
      "stdout": "",
      "stderr": "Traceback (most recent call last):\n  File \"/tmp/tmppj9qq5gs.py\", line 16, in <module>\n    test_check()\n  File \"/tmp/tmppj9qq5gs.py\", line 14, in test_check\n    check(sum_in_range)\n  File \"/tmp/tmppj9qq5gs.py\", line 9, in check\n    assert candidate(2, 5) == 8\nAssertionError\n",
      "exit_code": 1,
      "status": "Exception"
    },
    {
      "program": "def sum_in_range(l: int, r: int) -> int:\n    \"\"\"\n\tWrite a python function to find the sum of all odd natural numbers within the range l and r.\n\t\"\"\"\n    return sum([i for i in range(l, r + 1) if i % 2 == 1])\n\n\ndef check(candidate):\n    assert candidate(2, 5) == 8\n    assert candidate(5, 7) == 12\n    assert candidate(7, 13) == 40\n\ndef test_check():\n    check(sum_in_range)\n\ntest_check()\n",
      "timestamp": 1666122566,
      "stdout": "",
      "stderr": "",
      "exit_code": 0,
      "status": "OK"
    },
    {
      "program": "def sum_in_range(l: int, r: int) -> int:\n    \"\"\"\n\tWrite a python function to find the sum of all odd natural numbers within the range l and r.\n\t\"\"\"\n    return sum(i for i in range(l, r + 1) if i % 2 != 0)\n\n\ndef check(candidate):\n    assert candidate(2, 5) == 8\n    assert candidate(5, 7) == 12\n    assert candidate(7, 13) == 40\n\ndef test_check():\n    check(sum_in_range)\n\ntest_check()\n",
      "timestamp": 1665509806,
      "stdout": "",
      "stderr": "",
      "exit_code": 0,
      "status": "OK"
    },
    {
      "program": "def sum_in_range(l: int, r: int) -> int:\n    \"\"\"\n\tWrite a python function to find the sum of all odd natural numbers within the range l and r.\n\t\"\"\"\n    if l > r:\n        return 0\n    elif l % 2 == 0:\n        return sum_in_range(l + 1, r)\n    else:\n        return l + sum_in_range(l + 2, r)\n\n\ndef check(candidate):\n    assert candidate(2, 5) == 8\n    assert candidate(5, 7) == 12\n    assert candidate(7, 13) == 40\n\ndef test_check():\n    check(sum_in_range)\n\ntest_check()\n",
      "timestamp": 1666122566,
      "stdout": "",
      "stderr": "",
      "exit_code": 0,
      "status": "OK"
    },
    {
      "program": "def sum_in_range(l: int, r: int) -> int:\n    \"\"\"\n\tWrite a python function to find the sum of all odd natural numbers within the range l and r.\n\t\"\"\"\n    return sum(range(l, r + 1, 2))\n\n\ndef check(candidate):\n    assert candidate(2, 5) == 8\n    assert candidate(5, 7) == 12\n    assert candidate(7, 13) == 40\n\ndef test_check():\n    check(sum_in_range)\n\ntest_check()\n",
      "timestamp": 1665509806,
      "stdout": "",
      "stderr": "Traceback (most recent call last):\n  File \"/tmp/tmppj9qq5gs.py\", line 16, in <module>\n    test_check()\n  File \"/tmp/tmppj9qq5gs.py\", line 14, in test_check\n    check(sum_in_range)\n  File \"/tmp/tmppj9qq5gs.py\", line 9, in check\n    assert candidate(2, 5) == 8\nAssertionError\n",
      "exit_code": 1,
      "status": "Exception"
    },
    {
      "program": "def sum_in_range(l: int, r: int) -> int:\n    \"\"\"\n\tWrite a python function to find the sum of all odd natural numbers within the range l and r.\n\t\"\"\"\n    return sum(range(l, r + 1, 2))\n\n\ndef check(candidate):\n    assert candidate(2, 5) == 8\n    assert candidate(5, 7) == 12\n    assert candidate(7, 13) == 40\n\ndef test_check():\n    check(sum_in_range)\n\ntest_check()\n",
      "timestamp": 1665509806,
      "stdout": "",
      "stderr": "Traceback (most recent call last):\n  File \"/tmp/tmppj9qq5gs.py\", line 16, in <module>\n    test_check()\n  File \"/tmp/tmppj9qq5gs.py\", line 14, in test_check\n    check(sum_in_range)\n  File \"/tmp/tmppj9qq5gs.py\", line 9, in check\n    assert candidate(2, 5) == 8\nAssertionError\n",
      "exit_code": 1,
      "status": "Exception"
    },
    {
      "program": "def sum_in_range(l: int, r: int) -> int:\n    \"\"\"\n\tWrite a python function to find the sum of all odd natural numbers within the range l and r.\n\t\"\"\"\n    sum = 0\n    for i in range(l, r + 1):\n        if i % 2 != 0:\n            sum += i\n    return sum\n\n\ndef check(candidate):\n    assert candidate(2, 5) == 8\n    assert candidate(5, 7) == 12\n    assert candidate(7, 13) == 40\n\ndef test_check():\n    check(sum_in_range)\n\ntest_check()\n",
      "timestamp": 1665509806,
      "stdout": "",
      "stderr": "",
      "exit_code": 0,
      "status": "OK"
    },
    {
      "program": "def sum_in_range(l: int, r: int) -> int:\n    \"\"\"\n\tWrite a python function to find the sum of all odd natural numbers within the range l and r.\n\t\"\"\"\n    return sum(i for i in range(l, r + 1) if i % 2 == 1)\n\n\ndef check(candidate):\n    assert candidate(2, 5) == 8\n    assert candidate(5, 7) == 12\n    assert candidate(7, 13) == 40\n\ndef test_check():\n    check(sum_in_range)\n\ntest_check()\n",
      "timestamp": 1665509806,
      "stdout": "",
      "stderr": "",
      "exit_code": 0,
      "status": "OK"
    },
    {
      "program": "def sum_in_range(l: int, r: int) -> int:\n    \"\"\"\n\tWrite a python function to find the sum of all odd natural numbers within the range l and r.\n\t\"\"\"\n    return sum(range(l, r + 1, 2))\n\n\ndef check(candidate):\n    assert candidate(2, 5) == 8\n    assert candidate(5, 7) == 12\n    assert candidate(7, 13) == 40\n\ndef test_check():\n    check(sum_in_range)\n\ntest_check()\n",
      "timestamp": 1665509806,
      "stdout": "",
      "stderr": "Traceback (most recent call last):\n  File \"/tmp/tmppj9qq5gs.py\", line 16, in <module>\n    test_check()\n  File \"/tmp/tmppj9qq5gs.py\", line 14, in test_check\n    check(sum_in_range)\n  File \"/tmp/tmppj9qq5gs.py\", line 9, in check\n    assert candidate(2, 5) == 8\nAssertionError\n",
      "exit_code": 1,
      "status": "Exception"
    },
    {
      "program": "def sum_in_range(l: int, r: int) -> int:\n    \"\"\"\n\tWrite a python function to find the sum of all odd natural numbers within the range l and r.\n\t\"\"\"\n    return sum([i for i in range(l, r + 1) if i % 2 != 0])\n\n\ndef check(candidate):\n    assert candidate(2, 5) == 8\n    assert candidate(5, 7) == 12\n    assert candidate(7, 13) == 40\n\ndef test_check():\n    check(sum_in_range)\n\ntest_check()\n",
      "timestamp": 1666122566,
      "stdout": "",
      "stderr": "",
      "exit_code": 0,
      "status": "OK"
    },
    {
      "program": "def sum_in_range(l: int, r: int) -> int:\n    \"\"\"\n\tWrite a python function to find the sum of all odd natural numbers within the range l and r.\n\t\"\"\"\n    return sum(range(l, r + 1, 2))\n\n\ndef check(candidate):\n    assert candidate(2, 5) == 8\n    assert candidate(5, 7) == 12\n    assert candidate(7, 13) == 40\n\ndef test_check():\n    check(sum_in_range)\n\ntest_check()\n",
      "timestamp": 1665509806,
      "stdout": "",
      "stderr": "Traceback (most recent call last):\n  File \"/tmp/tmppj9qq5gs.py\", line 16, in <module>\n    test_check()\n  File \"/tmp/tmppj9qq5gs.py\", line 14, in test_check\n    check(sum_in_range)\n  File \"/tmp/tmppj9qq5gs.py\", line 9, in check\n    assert candidate(2, 5) == 8\nAssertionError\n",
      "exit_code": 1,
      "status": "Exception"
    },
    {
      "program": "def sum_in_range(l: int, r: int) -> int:\n    \"\"\"\n\tWrite a python function to find the sum of all odd natural numbers within the range l and r.\n\t\"\"\"\n    return sum(range(l, r + 1, 2))\n\n\ndef check(candidate):\n    assert candidate(2, 5) == 8\n    assert candidate(5, 7) == 12\n    assert candidate(7, 13) == 40\n\ndef test_check():\n    check(sum_in_range)\n\ntest_check()\n",
      "timestamp": 1665509806,
      "stdout": "",
      "stderr": "Traceback (most recent call last):\n  File \"/tmp/tmppj9qq5gs.py\", line 16, in <module>\n    test_check()\n  File \"/tmp/tmppj9qq5gs.py\", line 14, in test_check\n    check(sum_in_range)\n  File \"/tmp/tmppj9qq5gs.py\", line 9, in check\n    assert candidate(2, 5) == 8\nAssertionError\n",
      "exit_code": 1,
      "status": "Exception"
    },
    {
      "program": "def sum_in_range(l: int, r: int) -> int:\n    \"\"\"\n\tWrite a python function to find the sum of all odd natural numbers within the range l and r.\n\t\"\"\"\n    return sum(range(l, r + 1, 2))\n\n\ndef check(candidate):\n    assert candidate(2, 5) == 8\n    assert candidate(5, 7) == 12\n    assert candidate(7, 13) == 40\n\ndef test_check():\n    check(sum_in_range)\n\ntest_check()\n",
      "timestamp": 1665509806,
      "stdout": "",
      "stderr": "Traceback (most recent call last):\n  File \"/tmp/tmppj9qq5gs.py\", line 16, in <module>\n    test_check()\n  File \"/tmp/tmppj9qq5gs.py\", line 14, in test_check\n    check(sum_in_range)\n  File \"/tmp/tmppj9qq5gs.py\", line 9, in check\n    assert candidate(2, 5) == 8\nAssertionError\n",
      "exit_code": 1,
      "status": "Exception"
    },
    {
      "program": "def sum_in_range(l: int, r: int) -> int:\n    \"\"\"\n\tWrite a python function to find the sum of all odd natural numbers within the range l and r.\n\t\"\"\"\n    return sum(range(l, r + 1, 2))\n\n\ndef check(candidate):\n    assert candidate(2, 5) == 8\n    assert candidate(5, 7) == 12\n    assert candidate(7, 13) == 40\n\ndef test_check():\n    check(sum_in_range)\n\ntest_check()\n",
      "timestamp": 1665509806,
      "stdout": "",
      "stderr": "Traceback (most recent call last):\n  File \"/tmp/tmppj9qq5gs.py\", line 16, in <module>\n    test_check()\n  File \"/tmp/tmppj9qq5gs.py\", line 14, in test_check\n    check(sum_in_range)\n  File \"/tmp/tmppj9qq5gs.py\", line 9, in check\n    assert candidate(2, 5) == 8\nAssertionError\n",
      "exit_code": 1,
      "status": "Exception"
    },
    {
      "program": "def sum_in_range(l: int, r: int) -> int:\n    \"\"\"\n\tWrite a python function to find the sum of all odd natural numbers within the range l and r.\n\t\"\"\"\n    sum = 0\n    for i in range(l, r + 1):\n        if i % 2 != 0:\n            sum += i\n    return sum\n\n\ndef check(candidate):\n    assert candidate(2, 5) == 8\n    assert candidate(5, 7) == 12\n    assert candidate(7, 13) == 40\n\ndef test_check():\n    check(sum_in_range)\n\ntest_check()\n",
      "timestamp": 1665509806,
      "stdout": "",
      "stderr": "",
      "exit_code": 0,
      "status": "OK"
    },
    {
      "program": "def sum_in_range(l: int, r: int) -> int:\n    \"\"\"\n\tWrite a python function to find the sum of all odd natural numbers within the range l and r.\n\t\"\"\"\n    sum = 0\n    for i in range(l, r + 1):\n        if i % 2 != 0:\n            sum += i\n    return sum\n\n\ndef check(candidate):\n    assert candidate(2, 5) == 8\n    assert candidate(5, 7) == 12\n    assert candidate(7, 13) == 40\n\ndef test_check():\n    check(sum_in_range)\n\ntest_check()\n",
      "timestamp": 1665509806,
      "stdout": "",
      "stderr": "",
      "exit_code": 0,
      "status": "OK"
    },
    {
      "program": "def sum_in_range(l: int, r: int) -> int:\n    \"\"\"\n\tWrite a python function to find the sum of all odd natural numbers within the range l and r.\n\t\"\"\"\n    if l % 2 == 0:\n        l += 1\n    if r % 2 == 0:\n        r -= 1\n    return sum(range(l, r + 1, 2))\n\n\ndef check(candidate):\n    assert candidate(2, 5) == 8\n    assert candidate(5, 7) == 12\n    assert candidate(7, 13) == 40\n\ndef test_check():\n    check(sum_in_range)\n\ntest_check()\n",
      "timestamp": 1666122566,
      "stdout": "",
      "stderr": "",
      "exit_code": 0,
      "status": "OK"
    },
    {
      "program": "def sum_in_range(l: int, r: int) -> int:\n    \"\"\"\n\tWrite a python function to find the sum of all odd natural numbers within the range l and r.\n\t\"\"\"\n    return sum(i for i in range(l, r + 1) if i % 2 == 1)\n\n\ndef check(candidate):\n    assert candidate(2, 5) == 8\n    assert candidate(5, 7) == 12\n    assert candidate(7, 13) == 40\n\ndef test_check():\n    check(sum_in_range)\n\ntest_check()\n",
      "timestamp": 1665509806,
      "stdout": "",
      "stderr": "",
      "exit_code": 0,
      "status": "OK"
    },
    {
      "program": "def sum_in_range(l: int, r: int) -> int:\n    \"\"\"\n\tWrite a python function to find the sum of all odd natural numbers within the range l and r.\n\t\"\"\"\n    return sum(i for i in range(l, r + 1) if i % 2 != 0)\n\n\ndef check(candidate):\n    assert candidate(2, 5) == 8\n    assert candidate(5, 7) == 12\n    assert candidate(7, 13) == 40\n\ndef test_check():\n    check(sum_in_range)\n\ntest_check()\n",
      "timestamp": 1665509806,
      "stdout": "",
      "stderr": "",
      "exit_code": 0,
      "status": "OK"
    },
    {
      "program": "def sum_in_range(l: int, r: int) -> int:\n    \"\"\"\n\tWrite a python function to find the sum of all odd natural numbers within the range l and r.\n\t\"\"\"\n    return sum(i for i in range(l, r + 1) if i % 2 == 1)\n\n\ndef check(candidate):\n    assert candidate(2, 5) == 8\n    assert candidate(5, 7) == 12\n    assert candidate(7, 13) == 40\n\ndef test_check():\n    check(sum_in_range)\n\ntest_check()\n",
      "timestamp": 1665509806,
      "stdout": "",
      "stderr": "",
      "exit_code": 0,
      "status": "OK"
    },
    {
      "program": "def sum_in_range(l: int, r: int) -> int:\n    \"\"\"\n\tWrite a python function to find the sum of all odd natural numbers within the range l and r.\n\t\"\"\"\n    sum = 0\n    for i in range(l, r + 1):\n        if i % 2 != 0:\n            sum += i\n    return sum\n\n\ndef check(candidate):\n    assert candidate(2, 5) == 8\n    assert candidate(5, 7) == 12\n    assert candidate(7, 13) == 40\n\ndef test_check():\n    check(sum_in_range)\n\ntest_check()\n",
      "timestamp": 1665509806,
      "stdout": "",
      "stderr": "",
      "exit_code": 0,
      "status": "OK"
    },
    {
      "program": "def sum_in_range(l: int, r: int) -> int:\n    \"\"\"\n\tWrite a python function to find the sum of all odd natural numbers within the range l and r.\n\t\"\"\"\n    return sum(range(l, r + 1, 2))\n\n\ndef check(candidate):\n    assert candidate(2, 5) == 8\n    assert candidate(5, 7) == 12\n    assert candidate(7, 13) == 40\n\ndef test_check():\n    check(sum_in_range)\n\ntest_check()\n",
      "timestamp": 1665509806,
      "stdout": "",
      "stderr": "Traceback (most recent call last):\n  File \"/tmp/tmppj9qq5gs.py\", line 16, in <module>\n    test_check()\n  File \"/tmp/tmppj9qq5gs.py\", line 14, in test_check\n    check(sum_in_range)\n  File \"/tmp/tmppj9qq5gs.py\", line 9, in check\n    assert candidate(2, 5) == 8\nAssertionError\n",
      "exit_code": 1,
      "status": "Exception"
    },
    {
      "program": "def sum_in_range(l: int, r: int) -> int:\n    \"\"\"\n\tWrite a python function to find the sum of all odd natural numbers within the range l and r.\n\t\"\"\"\n    return sum(range(l, r + 1, 2))\n\n\ndef check(candidate):\n    assert candidate(2, 5) == 8\n    assert candidate(5, 7) == 12\n    assert candidate(7, 13) == 40\n\ndef test_check():\n    check(sum_in_range)\n\ntest_check()\n",
      "timestamp": 1665509806,
      "stdout": "",
      "stderr": "Traceback (most recent call last):\n  File \"/tmp/tmppj9qq5gs.py\", line 16, in <module>\n    test_check()\n  File \"/tmp/tmppj9qq5gs.py\", line 14, in test_check\n    check(sum_in_range)\n  File \"/tmp/tmppj9qq5gs.py\", line 9, in check\n    assert candidate(2, 5) == 8\nAssertionError\n",
      "exit_code": 1,
      "status": "Exception"
    },
    {
      "program": "def sum_in_range(l: int, r: int) -> int:\n    \"\"\"\n\tWrite a python function to find the sum of all odd natural numbers within the range l and r.\n\t\"\"\"\n    return sum(range(l, r + 1, 2))\n\n\ndef check(candidate):\n    assert candidate(2, 5) == 8\n    assert candidate(5, 7) == 12\n    assert candidate(7, 13) == 40\n\ndef test_check():\n    check(sum_in_range)\n\ntest_check()\n",
      "timestamp": 1665509806,
      "stdout": "",
      "stderr": "Traceback (most recent call last):\n  File \"/tmp/tmppj9qq5gs.py\", line 16, in <module>\n    test_check()\n  File \"/tmp/tmppj9qq5gs.py\", line 14, in test_check\n    check(sum_in_range)\n  File \"/tmp/tmppj9qq5gs.py\", line 9, in check\n    assert candidate(2, 5) == 8\nAssertionError\n",
      "exit_code": 1,
      "status": "Exception"
    },
    {
      "program": "def sum_in_range(l: int, r: int) -> int:\n    \"\"\"\n\tWrite a python function to find the sum of all odd natural numbers within the range l and r.\n\t\"\"\"\n    return sum(i for i in range(l, r + 1) if i % 2 != 0)\n\n\ndef check(candidate):\n    assert candidate(2, 5) == 8\n    assert candidate(5, 7) == 12\n    assert candidate(7, 13) == 40\n\ndef test_check():\n    check(sum_in_range)\n\ntest_check()\n",
      "timestamp": 1665509806,
      "stdout": "",
      "stderr": "",
      "exit_code": 0,
      "status": "OK"
    },
    {
      "program": "def sum_in_range(l: int, r: int) -> int:\n    \"\"\"\n\tWrite a python function to find the sum of all odd natural numbers within the range l and r.\n\t\"\"\"\n    return sum(range(l, r + 1, 2))\n\n\ndef check(candidate):\n    assert candidate(2, 5) == 8\n    assert candidate(5, 7) == 12\n    assert candidate(7, 13) == 40\n\ndef test_check():\n    check(sum_in_range)\n\ntest_check()\n",
      "timestamp": 1665509806,
      "stdout": "",
      "stderr": "Traceback (most recent call last):\n  File \"/tmp/tmppj9qq5gs.py\", line 16, in <module>\n    test_check()\n  File \"/tmp/tmppj9qq5gs.py\", line 14, in test_check\n    check(sum_in_range)\n  File \"/tmp/tmppj9qq5gs.py\", line 9, in check\n    assert candidate(2, 5) == 8\nAssertionError\n",
      "exit_code": 1,
      "status": "Exception"
    },
    {
      "program": "def sum_in_range(l: int, r: int) -> int:\n    \"\"\"\n\tWrite a python function to find the sum of all odd natural numbers within the range l and r.\n\t\"\"\"\n    return sum(range(l, r + 1, 2))\n\n\ndef check(candidate):\n    assert candidate(2, 5) == 8\n    assert candidate(5, 7) == 12\n    assert candidate(7, 13) == 40\n\ndef test_check():\n    check(sum_in_range)\n\ntest_check()\n",
      "timestamp": 1665509806,
      "stdout": "",
      "stderr": "Traceback (most recent call last):\n  File \"/tmp/tmppj9qq5gs.py\", line 16, in <module>\n    test_check()\n  File \"/tmp/tmppj9qq5gs.py\", line 14, in test_check\n    check(sum_in_range)\n  File \"/tmp/tmppj9qq5gs.py\", line 9, in check\n    assert candidate(2, 5) == 8\nAssertionError\n",
      "exit_code": 1,
      "status": "Exception"
    },
    {
      "program": "def sum_in_range(l: int, r: int) -> int:\n    \"\"\"\n\tWrite a python function to find the sum of all odd natural numbers within the range l and r.\n\t\"\"\"\n    return sum(range(l, r + 1, 2))\n\n\ndef check(candidate):\n    assert candidate(2, 5) == 8\n    assert candidate(5, 7) == 12\n    assert candidate(7, 13) == 40\n\ndef test_check():\n    check(sum_in_range)\n\ntest_check()\n",
      "timestamp": 1665509806,
      "stdout": "",
      "stderr": "Traceback (most recent call last):\n  File \"/tmp/tmppj9qq5gs.py\", line 16, in <module>\n    test_check()\n  File \"/tmp/tmppj9qq5gs.py\", line 14, in test_check\n    check(sum_in_range)\n  File \"/tmp/tmppj9qq5gs.py\", line 9, in check\n    assert candidate(2, 5) == 8\nAssertionError\n",
      "exit_code": 1,
      "status": "Exception"
    },
    {
      "program": "def sum_in_range(l: int, r: int) -> int:\n    \"\"\"\n\tWrite a python function to find the sum of all odd natural numbers within the range l and r.\n\t\"\"\"\n    return sum(range(l, r + 1, 2))\n\n\ndef check(candidate):\n    assert candidate(2, 5) == 8\n    assert candidate(5, 7) == 12\n    assert candidate(7, 13) == 40\n\ndef test_check():\n    check(sum_in_range)\n\ntest_check()\n",
      "timestamp": 1665509806,
      "stdout": "",
      "stderr": "Traceback (most recent call last):\n  File \"/tmp/tmppj9qq5gs.py\", line 16, in <module>\n    test_check()\n  File \"/tmp/tmppj9qq5gs.py\", line 14, in test_check\n    check(sum_in_range)\n  File \"/tmp/tmppj9qq5gs.py\", line 9, in check\n    assert candidate(2, 5) == 8\nAssertionError\n",
      "exit_code": 1,
      "status": "Exception"
    },
    {
      "program": "def sum_in_range(l: int, r: int) -> int:\n    \"\"\"\n\tWrite a python function to find the sum of all odd natural numbers within the range l and r.\n\t\"\"\"\n    return sum(x for x in range(l, r + 1) if x % 2 != 0)\n\n\ndef check(candidate):\n    assert candidate(2, 5) == 8\n    assert candidate(5, 7) == 12\n    assert candidate(7, 13) == 40\n\ndef test_check():\n    check(sum_in_range)\n\ntest_check()\n",
      "timestamp": 1666122566,
      "stdout": "",
      "stderr": "",
      "exit_code": 0,
      "status": "OK"
    }
  ]
}