{
  "name": "mbpp_592_sum_Of_product",
  "language": "ts",
  "prompt": "//Write a tsthon function to find the sum of the product of consecutive binomial co-efficients.\nfunction sum_Of_product(n: number): number {\n",
  "doctests": "transform",
  "original": "/home/arjun/repos/MultiPL-E/datasets/../datasets/mbpp-typed/mbpp_592_sum_Of_product.py",
  "prompt_terminology": "reworded",
  "tests": "declare var require: any;\nconst assert = require('node:assert');\n\n\nfunction test() {\n  let candidate = sum_Of_product;\n  assert.deepEqual(candidate(3),15);\n  assert.deepEqual(candidate(4),56);\n  assert.deepEqual(candidate(1),1);\n}\n\ntest();",
  "stop_tokens": [
    "\nfunction ",
    "\n/*",
    "\n//",
    "\nclass"
  ],
  "results": [
    {
      "program": "//Write a tsthon function to find the sum of the product of consecutive binomial co-efficients.\nfunction sum_Of_product(n: number): number {\n    let sum: number = 0;\n    for (let i = 0; i <= n; i++) {\n        for (let j = 0; j <= i; j++) {\n            sum = sum + (factorial(i) / (factorial(j) * factorial(i - j)));\n        }\n    }\n    return sum;\n}\nconsole.log(sum_Of_product(4));\n\ndeclare var require: any;\nconst assert = require('node:assert');\n\n\nfunction test() {\n  let candidate = sum_Of_product;\n  assert.deepEqual(candidate(3),15);\n  assert.deepEqual(candidate(4),56);\n  assert.deepEqual(candidate(1),1);\n}\n\ntest();",
      "timestamp": 1665510312,
      "stdout": "../../../../tmp/tmpu36zcm3b.ts(6,26): error TS2304: Cannot find name 'factorial'.\n../../../../tmp/tmpu36zcm3b.ts(6,42): error TS2304: Cannot find name 'factorial'.\n../../../../tmp/tmpu36zcm3b.ts(6,57): error TS2304: Cannot find name 'factorial'.\n",
      "stderr": "",
      "exit_code": 2,
      "status": "SyntaxError"
    },
    {
      "program": "//Write a tsthon function to find the sum of the product of consecutive binomial co-efficients.\nfunction sum_Of_product(n: number): number {\n    let sum = 0;\n    for (let i = 0; i <= n; i++) {\n        for (let j = 0; j <= i; j++) {\n            sum = sum + binomial_coefficient(i, j);\n        }\n    }\n    return sum;\n}\n\nconsole.log(sum_Of_product(5));\n\ndeclare var require: any;\nconst assert = require('node:assert');\n\n\nfunction test() {\n  let candidate = sum_Of_product;\n  assert.deepEqual(candidate(3),15);\n  assert.deepEqual(candidate(4),56);\n  assert.deepEqual(candidate(1),1);\n}\n\ntest();",
      "timestamp": 1665510312,
      "stdout": "../../../../tmp/tmpwu8xt6f7.ts(6,25): error TS2304: Cannot find name 'binomial_coefficient'.\n",
      "stderr": "",
      "exit_code": 2,
      "status": "SyntaxError"
    },
    {
      "program": "//Write a tsthon function to find the sum of the product of consecutive binomial co-efficients.\nfunction sum_Of_product(n: number): number {\n    let sum = 0;\n    for (let i = 0; i <= n; i++) {\n        sum = sum + (factorial(n) / (factorial(i) * factorial(n - i)));\n    }\n    return sum;\n}\nconsole.log(sum_Of_product(5));\n\ndeclare var require: any;\nconst assert = require('node:assert');\n\n\nfunction test() {\n  let candidate = sum_Of_product;\n  assert.deepEqual(candidate(3),15);\n  assert.deepEqual(candidate(4),56);\n  assert.deepEqual(candidate(1),1);\n}\n\ntest();",
      "timestamp": 1665510312,
      "stdout": "../../../../tmp/tmpsepko839.ts(5,22): error TS2304: Cannot find name 'factorial'.\n../../../../tmp/tmpsepko839.ts(5,38): error TS2304: Cannot find name 'factorial'.\n../../../../tmp/tmpsepko839.ts(5,53): error TS2304: Cannot find name 'factorial'.\n",
      "stderr": "",
      "exit_code": 2,
      "status": "SyntaxError"
    },
    {
      "program": "//Write a tsthon function to find the sum of the product of consecutive binomial co-efficients.\nfunction sum_Of_product(n: number): number {\n    let sum: number = 0;\n    for (let i: number = 1; i <= n; i++) {\n        for (let j: number = 1; j <= i; j++) {\n            sum = sum + (factorial(i) / (factorial(j) * factorial(i - j)));\n        }\n    }\n    return sum;\n}\nconsole.log(\"sum of product of consecutive binomial co-efficients is : \" + sum_Of_product(5));\n\ndeclare var require: any;\nconst assert = require('node:assert');\n\n\nfunction test() {\n  let candidate = sum_Of_product;\n  assert.deepEqual(candidate(3),15);\n  assert.deepEqual(candidate(4),56);\n  assert.deepEqual(candidate(1),1);\n}\n\ntest();",
      "timestamp": 1665510312,
      "stdout": "../../../../tmp/tmp67hri0wt.ts(6,26): error TS2304: Cannot find name 'factorial'.\n../../../../tmp/tmp67hri0wt.ts(6,42): error TS2304: Cannot find name 'factorial'.\n../../../../tmp/tmp67hri0wt.ts(6,57): error TS2304: Cannot find name 'factorial'.\n",
      "stderr": "",
      "exit_code": 2,
      "status": "SyntaxError"
    },
    {
      "program": "//Write a tsthon function to find the sum of the product of consecutive binomial co-efficients.\nfunction sum_Of_product(n: number): number {\n    let sum = 0;\n    for (let i = 0; i <= n; i++) {\n        for (let j = 0; j <= i; j++) {\n            sum += binomial_coefficient(i, j);\n        }\n    }\n    return sum;\n}\nconsole.log(sum_Of_product(4));\n\ndeclare var require: any;\nconst assert = require('node:assert');\n\n\nfunction test() {\n  let candidate = sum_Of_product;\n  assert.deepEqual(candidate(3),15);\n  assert.deepEqual(candidate(4),56);\n  assert.deepEqual(candidate(1),1);\n}\n\ntest();",
      "timestamp": 1665510312,
      "stdout": "../../../../tmp/tmp06e0dy3t.ts(6,20): error TS2304: Cannot find name 'binomial_coefficient'.\n",
      "stderr": "",
      "exit_code": 2,
      "status": "SyntaxError"
    },
    {
      "program": "//Write a tsthon function to find the sum of the product of consecutive binomial co-efficients.\nfunction sum_Of_product(n: number): number {\n    let sum: number = 0;\n    for (let i: number = 0; i <= n; i++) {\n        for (let j: number = 0; j <= i; j++) {\n            sum = sum + (factorial(i) / (factorial(j) * factorial(i - j)));\n        }\n    }\n    return sum;\n}\n\ndeclare var require: any;\nconst assert = require('node:assert');\n\n\nfunction test() {\n  let candidate = sum_Of_product;\n  assert.deepEqual(candidate(3),15);\n  assert.deepEqual(candidate(4),56);\n  assert.deepEqual(candidate(1),1);\n}\n\ntest();",
      "timestamp": 1665510312,
      "stdout": "../../../../tmp/tmp_4ag3gpo.ts(6,26): error TS2304: Cannot find name 'factorial'.\n../../../../tmp/tmp_4ag3gpo.ts(6,42): error TS2304: Cannot find name 'factorial'.\n../../../../tmp/tmp_4ag3gpo.ts(6,57): error TS2304: Cannot find name 'factorial'.\n",
      "stderr": "",
      "exit_code": 2,
      "status": "SyntaxError"
    },
    {
      "program": "//Write a tsthon function to find the sum of the product of consecutive binomial co-efficients.\nfunction sum_Of_product(n: number): number {\n    let sum: number = 0;\n    for (let i = 0; i < n; i++) {\n        sum = sum + (factorial(n) / (factorial(i) * factorial(n - i)));\n    }\n    return sum;\n}\nconsole.log(\"Sum of product of consecutive binomial co-efficients is : \" + sum_Of_product(5));\n\ndeclare var require: any;\nconst assert = require('node:assert');\n\n\nfunction test() {\n  let candidate = sum_Of_product;\n  assert.deepEqual(candidate(3),15);\n  assert.deepEqual(candidate(4),56);\n  assert.deepEqual(candidate(1),1);\n}\n\ntest();",
      "timestamp": 1665510312,
      "stdout": "../../../../tmp/tmpt43lljn4.ts(5,22): error TS2304: Cannot find name 'factorial'.\n../../../../tmp/tmpt43lljn4.ts(5,38): error TS2304: Cannot find name 'factorial'.\n../../../../tmp/tmpt43lljn4.ts(5,53): error TS2304: Cannot find name 'factorial'.\n",
      "stderr": "",
      "exit_code": 2,
      "status": "SyntaxError"
    },
    {
      "program": "//Write a tsthon function to find the sum of the product of consecutive binomial co-efficients.\nfunction sum_Of_product(n: number): number {\n    let sum: number = 0;\n    for (let i: number = 0; i <= n; i++) {\n        for (let j: number = 0; j <= i; j++) {\n            sum = sum + (binomialCoefficient(i, j) * binomialCoefficient(i, j));\n        }\n    }\n    return sum;\n}\n\ndeclare var require: any;\nconst assert = require('node:assert');\n\n\nfunction test() {\n  let candidate = sum_Of_product;\n  assert.deepEqual(candidate(3),15);\n  assert.deepEqual(candidate(4),56);\n  assert.deepEqual(candidate(1),1);\n}\n\ntest();",
      "timestamp": 1665510312,
      "stdout": "../../../../tmp/tmp9p2mdc6b.ts(6,26): error TS2304: Cannot find name 'binomialCoefficient'.\n../../../../tmp/tmp9p2mdc6b.ts(6,54): error TS2304: Cannot find name 'binomialCoefficient'.\n",
      "stderr": "",
      "exit_code": 2,
      "status": "SyntaxError"
    },
    {
      "program": "//Write a tsthon function to find the sum of the product of consecutive binomial co-efficients.\nfunction sum_Of_product(n: number): number {\n    let sum: number = 0;\n    for (let i = 0; i < n; i++) {\n        for (let j = 0; j <= i; j++) {\n            sum += binomial_coeff(i, j);\n        }\n    }\n    return sum;\n}\n\ndeclare var require: any;\nconst assert = require('node:assert');\n\n\nfunction test() {\n  let candidate = sum_Of_product;\n  assert.deepEqual(candidate(3),15);\n  assert.deepEqual(candidate(4),56);\n  assert.deepEqual(candidate(1),1);\n}\n\ntest();",
      "timestamp": 1665510312,
      "stdout": "../../../../tmp/tmpy5pfrhv5.ts(6,20): error TS2304: Cannot find name 'binomial_coeff'.\n",
      "stderr": "",
      "exit_code": 2,
      "status": "SyntaxError"
    },
    {
      "program": "//Write a tsthon function to find the sum of the product of consecutive binomial co-efficients.\nfunction sum_Of_product(n: number): number {\n    let sum: number = 0;\n    for (let i = 0; i <= n; i++) {\n        for (let j = 0; j <= i; j++) {\n            sum += binomialCoeff(i, j);\n        }\n    }\n    return sum;\n}\nconsole.log(sum_Of_product(4));\n\ndeclare var require: any;\nconst assert = require('node:assert');\n\n\nfunction test() {\n  let candidate = sum_Of_product;\n  assert.deepEqual(candidate(3),15);\n  assert.deepEqual(candidate(4),56);\n  assert.deepEqual(candidate(1),1);\n}\n\ntest();",
      "timestamp": 1665510312,
      "stdout": "../../../../tmp/tmpdy4s0uzd.ts(6,20): error TS2304: Cannot find name 'binomialCoeff'.\n",
      "stderr": "",
      "exit_code": 2,
      "status": "SyntaxError"
    },
    {
      "program": "//Write a tsthon function to find the sum of the product of consecutive binomial co-efficients.\nfunction sum_Of_product(n: number): number {\n    let sum: number = 0;\n    for (let i = 0; i < n; i++) {\n        sum = sum + (factorial(n) / (factorial(i) * factorial(n - i)));\n    }\n    return sum;\n}\nconsole.log(sum_Of_product(5));\n\ndeclare var require: any;\nconst assert = require('node:assert');\n\n\nfunction test() {\n  let candidate = sum_Of_product;\n  assert.deepEqual(candidate(3),15);\n  assert.deepEqual(candidate(4),56);\n  assert.deepEqual(candidate(1),1);\n}\n\ntest();",
      "timestamp": 1665510312,
      "stdout": "../../../../tmp/tmpvebfkng8.ts(5,22): error TS2304: Cannot find name 'factorial'.\n../../../../tmp/tmpvebfkng8.ts(5,38): error TS2304: Cannot find name 'factorial'.\n../../../../tmp/tmpvebfkng8.ts(5,53): error TS2304: Cannot find name 'factorial'.\n",
      "stderr": "",
      "exit_code": 2,
      "status": "SyntaxError"
    },
    {
      "program": "//Write a tsthon function to find the sum of the product of consecutive binomial co-efficients.\nfunction sum_Of_product(n: number): number {\n    let sum = 0;\n    for (let i = 0; i <= n; i++) {\n        for (let j = 0; j <= i; j++) {\n            sum += binomial_coefficient(i, j);\n        }\n    }\n    return sum;\n}\nconsole.log(sum_Of_product(4));\n\ndeclare var require: any;\nconst assert = require('node:assert');\n\n\nfunction test() {\n  let candidate = sum_Of_product;\n  assert.deepEqual(candidate(3),15);\n  assert.deepEqual(candidate(4),56);\n  assert.deepEqual(candidate(1),1);\n}\n\ntest();",
      "timestamp": 1665510312,
      "stdout": "../../../../tmp/tmp06e0dy3t.ts(6,20): error TS2304: Cannot find name 'binomial_coefficient'.\n",
      "stderr": "",
      "exit_code": 2,
      "status": "SyntaxError"
    },
    {
      "program": "//Write a tsthon function to find the sum of the product of consecutive binomial co-efficients.\nfunction sum_Of_product(n: number): number {\n    let sum: number = 0;\n    for (let i: number = 0; i <= n; i++) {\n        for (let j: number = 0; j <= n; j++) {\n            sum = sum + (binomial_coeff(i, j) * binomial_coeff(i, j));\n        }\n    }\n    return sum;\n}\n\ndeclare var require: any;\nconst assert = require('node:assert');\n\n\nfunction test() {\n  let candidate = sum_Of_product;\n  assert.deepEqual(candidate(3),15);\n  assert.deepEqual(candidate(4),56);\n  assert.deepEqual(candidate(1),1);\n}\n\ntest();",
      "timestamp": 1665510312,
      "stdout": "../../../../tmp/tmpe73e5bof.ts(6,26): error TS2304: Cannot find name 'binomial_coeff'.\n../../../../tmp/tmpe73e5bof.ts(6,49): error TS2304: Cannot find name 'binomial_coeff'.\n",
      "stderr": "",
      "exit_code": 2,
      "status": "SyntaxError"
    },
    {
      "program": "//Write a tsthon function to find the sum of the product of consecutive binomial co-efficients.\nfunction sum_Of_product(n: number): number {\n    let sum: number = 0;\n    for (let i: number = 0; i < n; i++) {\n        sum = sum + (factorial(n) / (factorial(i) * factorial(n - i)));\n    }\n    return sum;\n}\nconsole.log(sum_Of_product(5));\n\ndeclare var require: any;\nconst assert = require('node:assert');\n\n\nfunction test() {\n  let candidate = sum_Of_product;\n  assert.deepEqual(candidate(3),15);\n  assert.deepEqual(candidate(4),56);\n  assert.deepEqual(candidate(1),1);\n}\n\ntest();",
      "timestamp": 1665510312,
      "stdout": "../../../../tmp/tmpxtppoclq.ts(5,22): error TS2304: Cannot find name 'factorial'.\n../../../../tmp/tmpxtppoclq.ts(5,38): error TS2304: Cannot find name 'factorial'.\n../../../../tmp/tmpxtppoclq.ts(5,53): error TS2304: Cannot find name 'factorial'.\n",
      "stderr": "",
      "exit_code": 2,
      "status": "SyntaxError"
    },
    {
      "program": "//Write a tsthon function to find the sum of the product of consecutive binomial co-efficients.\nfunction sum_Of_product(n: number): number {\n    let sum = 0;\n    for (let i = 0; i <= n; i++) {\n        for (let j = 0; j <= i; j++) {\n            sum = sum + binomial_coefficient(i, j);\n        }\n    }\n    return sum;\n}\n\ndeclare var require: any;\nconst assert = require('node:assert');\n\n\nfunction test() {\n  let candidate = sum_Of_product;\n  assert.deepEqual(candidate(3),15);\n  assert.deepEqual(candidate(4),56);\n  assert.deepEqual(candidate(1),1);\n}\n\ntest();",
      "timestamp": 1665510312,
      "stdout": "../../../../tmp/tmpjd0hufct.ts(6,25): error TS2304: Cannot find name 'binomial_coefficient'.\n",
      "stderr": "",
      "exit_code": 2,
      "status": "SyntaxError"
    },
    {
      "program": "//Write a tsthon function to find the sum of the product of consecutive binomial co-efficients.\nfunction sum_Of_product(n: number): number {\n    let sum: number = 0;\n    for (let i: number = 0; i < n; i++) {\n        sum = sum + (factorial(n) / (factorial(i) * factorial(n - i)));\n    }\n    return sum;\n}\n\ndeclare var require: any;\nconst assert = require('node:assert');\n\n\nfunction test() {\n  let candidate = sum_Of_product;\n  assert.deepEqual(candidate(3),15);\n  assert.deepEqual(candidate(4),56);\n  assert.deepEqual(candidate(1),1);\n}\n\ntest();",
      "timestamp": 1665510312,
      "stdout": "../../../../tmp/tmpy874gbhf.ts(5,22): error TS2304: Cannot find name 'factorial'.\n../../../../tmp/tmpy874gbhf.ts(5,38): error TS2304: Cannot find name 'factorial'.\n../../../../tmp/tmpy874gbhf.ts(5,53): error TS2304: Cannot find name 'factorial'.\n",
      "stderr": "",
      "exit_code": 2,
      "status": "SyntaxError"
    },
    {
      "program": "//Write a tsthon function to find the sum of the product of consecutive binomial co-efficients.\nfunction sum_Of_product(n: number): number {\n    let sum: number = 0;\n    for (let i = 0; i <= n; i++) {\n        for (let j = 0; j <= i; j++) {\n            sum = sum + (factorial(i) / (factorial(j) * factorial(i - j)));\n        }\n    }\n    return sum;\n}\nconsole.log(\"sum of product of consecutive binomial co-efficients is : \" + sum_Of_product(4));\n\ndeclare var require: any;\nconst assert = require('node:assert');\n\n\nfunction test() {\n  let candidate = sum_Of_product;\n  assert.deepEqual(candidate(3),15);\n  assert.deepEqual(candidate(4),56);\n  assert.deepEqual(candidate(1),1);\n}\n\ntest();",
      "timestamp": 1665510312,
      "stdout": "../../../../tmp/tmp_hx5rjej.ts(6,26): error TS2304: Cannot find name 'factorial'.\n../../../../tmp/tmp_hx5rjej.ts(6,42): error TS2304: Cannot find name 'factorial'.\n../../../../tmp/tmp_hx5rjej.ts(6,57): error TS2304: Cannot find name 'factorial'.\n",
      "stderr": "",
      "exit_code": 2,
      "status": "SyntaxError"
    },
    {
      "program": "//Write a tsthon function to find the sum of the product of consecutive binomial co-efficients.\nfunction sum_Of_product(n: number): number {\n    let sum: number = 0;\n    for (let i = 0; i <= n; i++) {\n        for (let j = 0; j <= i; j++) {\n            sum = sum + binomial_coefficient(i, j);\n        }\n    }\n    return sum;\n}\nconsole.log(sum_Of_product(4));\n\ndeclare var require: any;\nconst assert = require('node:assert');\n\n\nfunction test() {\n  let candidate = sum_Of_product;\n  assert.deepEqual(candidate(3),15);\n  assert.deepEqual(candidate(4),56);\n  assert.deepEqual(candidate(1),1);\n}\n\ntest();",
      "timestamp": 1665510312,
      "stdout": "../../../../tmp/tmp_7mlz84m.ts(6,25): error TS2304: Cannot find name 'binomial_coefficient'.\n",
      "stderr": "",
      "exit_code": 2,
      "status": "SyntaxError"
    },
    {
      "program": "//Write a tsthon function to find the sum of the product of consecutive binomial co-efficients.\nfunction sum_Of_product(n: number): number {\n    let sum: number = 0;\n    for (let i: number = 0; i < n; i++) {\n        sum = sum + (factorial(n) / (factorial(i) * factorial(n - i)));\n    }\n    return sum;\n}\n\ndeclare var require: any;\nconst assert = require('node:assert');\n\n\nfunction test() {\n  let candidate = sum_Of_product;\n  assert.deepEqual(candidate(3),15);\n  assert.deepEqual(candidate(4),56);\n  assert.deepEqual(candidate(1),1);\n}\n\ntest();",
      "timestamp": 1665510312,
      "stdout": "../../../../tmp/tmpy874gbhf.ts(5,22): error TS2304: Cannot find name 'factorial'.\n../../../../tmp/tmpy874gbhf.ts(5,38): error TS2304: Cannot find name 'factorial'.\n../../../../tmp/tmpy874gbhf.ts(5,53): error TS2304: Cannot find name 'factorial'.\n",
      "stderr": "",
      "exit_code": 2,
      "status": "SyntaxError"
    },
    {
      "program": "//Write a tsthon function to find the sum of the product of consecutive binomial co-efficients.\nfunction sum_Of_product(n: number): number {\n    let sum: number = 0;\n    for (let i = 0; i < n; i++) {\n        sum = sum + (factorial(n) / (factorial(i) * factorial(n - i)));\n    }\n    return sum;\n}\nconsole.log(sum_Of_product(4));\n\ndeclare var require: any;\nconst assert = require('node:assert');\n\n\nfunction test() {\n  let candidate = sum_Of_product;\n  assert.deepEqual(candidate(3),15);\n  assert.deepEqual(candidate(4),56);\n  assert.deepEqual(candidate(1),1);\n}\n\ntest();",
      "timestamp": 1665510312,
      "stdout": "../../../../tmp/tmpu_53qvsp.ts(5,22): error TS2304: Cannot find name 'factorial'.\n../../../../tmp/tmpu_53qvsp.ts(5,38): error TS2304: Cannot find name 'factorial'.\n../../../../tmp/tmpu_53qvsp.ts(5,53): error TS2304: Cannot find name 'factorial'.\n",
      "stderr": "",
      "exit_code": 2,
      "status": "SyntaxError"
    },
    {
      "program": "//Write a tsthon function to find the sum of the product of consecutive binomial co-efficients.\nfunction sum_Of_product(n: number): number {\n    let sum: number = 0;\n    for (let i = 1; i <= n; i++) {\n        for (let j = 1; j <= i; j++) {\n            sum += binomial_coefficient(i, j);\n        }\n    }\n    return sum;\n}\n\ndeclare var require: any;\nconst assert = require('node:assert');\n\n\nfunction test() {\n  let candidate = sum_Of_product;\n  assert.deepEqual(candidate(3),15);\n  assert.deepEqual(candidate(4),56);\n  assert.deepEqual(candidate(1),1);\n}\n\ntest();",
      "timestamp": 1666123416,
      "stdout": "../../../../tmp/tmpkemmls2l.ts(6,20): error TS2304: Cannot find name 'binomial_coefficient'.\n",
      "stderr": "",
      "exit_code": 2,
      "status": "SyntaxError"
    },
    {
      "program": "//Write a tsthon function to find the sum of the product of consecutive binomial co-efficients.\nfunction sum_Of_product(n: number): number {\n    let sum = 0;\n    for (let i = 0; i <= n; i++) {\n        sum = sum + (factorial(n) / (factorial(i) * factorial(n - i)));\n    }\n    return sum;\n}\nconsole.log(sum_Of_product(5));\n\ndeclare var require: any;\nconst assert = require('node:assert');\n\n\nfunction test() {\n  let candidate = sum_Of_product;\n  assert.deepEqual(candidate(3),15);\n  assert.deepEqual(candidate(4),56);\n  assert.deepEqual(candidate(1),1);\n}\n\ntest();",
      "timestamp": 1665510312,
      "stdout": "../../../../tmp/tmpsepko839.ts(5,22): error TS2304: Cannot find name 'factorial'.\n../../../../tmp/tmpsepko839.ts(5,38): error TS2304: Cannot find name 'factorial'.\n../../../../tmp/tmpsepko839.ts(5,53): error TS2304: Cannot find name 'factorial'.\n",
      "stderr": "",
      "exit_code": 2,
      "status": "SyntaxError"
    },
    {
      "program": "//Write a tsthon function to find the sum of the product of consecutive binomial co-efficients.\nfunction sum_Of_product(n: number): number {\n    let sum: number = 0;\n    for (let i: number = 0; i <= n; i++) {\n        for (let j: number = 0; j <= i; j++) {\n            sum = sum + (binomial_co_efficient(i, j) * binomial_co_efficient(i, j));\n        }\n    }\n    return sum;\n}\n\ndeclare var require: any;\nconst assert = require('node:assert');\n\n\nfunction test() {\n  let candidate = sum_Of_product;\n  assert.deepEqual(candidate(3),15);\n  assert.deepEqual(candidate(4),56);\n  assert.deepEqual(candidate(1),1);\n}\n\ntest();",
      "timestamp": 1666123416,
      "stdout": "../../../../tmp/tmpzkj95q3c.ts(6,26): error TS2304: Cannot find name 'binomial_co_efficient'.\n../../../../tmp/tmpzkj95q3c.ts(6,56): error TS2304: Cannot find name 'binomial_co_efficient'.\n",
      "stderr": "",
      "exit_code": 2,
      "status": "SyntaxError"
    },
    {
      "program": "//Write a tsthon function to find the sum of the product of consecutive binomial co-efficients.\nfunction sum_Of_product(n: number): number {\n    let sum = 0;\n    for (let i = 0; i <= n; i++) {\n        for (let j = 0; j <= i; j++) {\n            sum += binomialCoeff(i, j);\n        }\n    }\n    return sum;\n}\nconsole.log(sum_Of_product(4));\n\ndeclare var require: any;\nconst assert = require('node:assert');\n\n\nfunction test() {\n  let candidate = sum_Of_product;\n  assert.deepEqual(candidate(3),15);\n  assert.deepEqual(candidate(4),56);\n  assert.deepEqual(candidate(1),1);\n}\n\ntest();",
      "timestamp": 1666123416,
      "stdout": "../../../../tmp/tmpl66pud4p.ts(6,20): error TS2304: Cannot find name 'binomialCoeff'.\n",
      "stderr": "",
      "exit_code": 2,
      "status": "SyntaxError"
    },
    {
      "program": "//Write a tsthon function to find the sum of the product of consecutive binomial co-efficients.\nfunction sum_Of_product(n: number): number {\n    let sum: number = 0;\n    for (let i = 0; i <= n; i++) {\n        for (let j = 0; j <= n; j++) {\n            sum += binomial_coefficient(i, j);\n        }\n    }\n    return sum;\n}\nconsole.log(sum_Of_product(3));\n\ndeclare var require: any;\nconst assert = require('node:assert');\n\n\nfunction test() {\n  let candidate = sum_Of_product;\n  assert.deepEqual(candidate(3),15);\n  assert.deepEqual(candidate(4),56);\n  assert.deepEqual(candidate(1),1);\n}\n\ntest();",
      "timestamp": 1666123416,
      "stdout": "../../../../tmp/tmp7aj0j854.ts(6,20): error TS2304: Cannot find name 'binomial_coefficient'.\n",
      "stderr": "",
      "exit_code": 2,
      "status": "SyntaxError"
    },
    {
      "program": "//Write a tsthon function to find the sum of the product of consecutive binomial co-efficients.\nfunction sum_Of_product(n: number): number {\n    let sum = 0;\n    for (let i = 0; i <= n; i++) {\n        for (let j = 0; j <= i; j++) {\n            sum = sum + (binomial_coefficient(i, j) * binomial_coefficient(i, j));\n        }\n    }\n    return sum;\n}\n\ndeclare var require: any;\nconst assert = require('node:assert');\n\n\nfunction test() {\n  let candidate = sum_Of_product;\n  assert.deepEqual(candidate(3),15);\n  assert.deepEqual(candidate(4),56);\n  assert.deepEqual(candidate(1),1);\n}\n\ntest();",
      "timestamp": 1666123416,
      "stdout": "../../../../tmp/tmpgll49ic1.ts(6,26): error TS2304: Cannot find name 'binomial_coefficient'.\n../../../../tmp/tmpgll49ic1.ts(6,55): error TS2304: Cannot find name 'binomial_coefficient'.\n",
      "stderr": "",
      "exit_code": 2,
      "status": "SyntaxError"
    },
    {
      "program": "//Write a tsthon function to find the sum of the product of consecutive binomial co-efficients.\nfunction sum_Of_product(n: number): number {\n    let sum = 0;\n    for (let i = 0; i <= n; i++) {\n        for (let j = 0; j <= n; j++) {\n            sum += binomial_coefficient(i, j) * binomial_coefficient(i, j);\n        }\n    }\n    return sum;\n}\nconsole.log(sum_Of_product(4));\n\ndeclare var require: any;\nconst assert = require('node:assert');\n\n\nfunction test() {\n  let candidate = sum_Of_product;\n  assert.deepEqual(candidate(3),15);\n  assert.deepEqual(candidate(4),56);\n  assert.deepEqual(candidate(1),1);\n}\n\ntest();",
      "timestamp": 1666123416,
      "stdout": "../../../../tmp/tmpqjbshfgy.ts(6,20): error TS2304: Cannot find name 'binomial_coefficient'.\n../../../../tmp/tmpqjbshfgy.ts(6,49): error TS2304: Cannot find name 'binomial_coefficient'.\n",
      "stderr": "",
      "exit_code": 2,
      "status": "SyntaxError"
    },
    {
      "program": "//Write a tsthon function to find the sum of the product of consecutive binomial co-efficients.\nfunction sum_Of_product(n: number): number {\n    let sum: number = 0;\n    for (let i = 0; i < n; i++) {\n        sum = sum + (factorial(n) / (factorial(i) * factorial(n - i)));\n    }\n    return sum;\n}\nconsole.log(sum_Of_product(5));\n\ndeclare var require: any;\nconst assert = require('node:assert');\n\n\nfunction test() {\n  let candidate = sum_Of_product;\n  assert.deepEqual(candidate(3),15);\n  assert.deepEqual(candidate(4),56);\n  assert.deepEqual(candidate(1),1);\n}\n\ntest();",
      "timestamp": 1665510312,
      "stdout": "../../../../tmp/tmpvebfkng8.ts(5,22): error TS2304: Cannot find name 'factorial'.\n../../../../tmp/tmpvebfkng8.ts(5,38): error TS2304: Cannot find name 'factorial'.\n../../../../tmp/tmpvebfkng8.ts(5,53): error TS2304: Cannot find name 'factorial'.\n",
      "stderr": "",
      "exit_code": 2,
      "status": "SyntaxError"
    },
    {
      "program": "//Write a tsthon function to find the sum of the product of consecutive binomial co-efficients.\nfunction sum_Of_product(n: number): number {\n    let sum = 0;\n    for (let i = 0; i <= n; i++) {\n        for (let j = 0; j <= i; j++) {\n            sum = sum + (factorial(i) / (factorial(j) * factorial(i - j)));\n        }\n    }\n    return sum;\n}\nconsole.log(sum_Of_product(5));\n\ndeclare var require: any;\nconst assert = require('node:assert');\n\n\nfunction test() {\n  let candidate = sum_Of_product;\n  assert.deepEqual(candidate(3),15);\n  assert.deepEqual(candidate(4),56);\n  assert.deepEqual(candidate(1),1);\n}\n\ntest();",
      "timestamp": 1666123416,
      "stdout": "../../../../tmp/tmpmwd61btd.ts(6,26): error TS2304: Cannot find name 'factorial'.\n../../../../tmp/tmpmwd61btd.ts(6,42): error TS2304: Cannot find name 'factorial'.\n../../../../tmp/tmpmwd61btd.ts(6,57): error TS2304: Cannot find name 'factorial'.\n",
      "stderr": "",
      "exit_code": 2,
      "status": "SyntaxError"
    },
    {
      "program": "//Write a tsthon function to find the sum of the product of consecutive binomial co-efficients.\nfunction sum_Of_product(n: number): number {\n    let sum: number = 0;\n    for (let i = 0; i <= n; i++) {\n        for (let j = 0; j <= i; j++) {\n            sum += (factorial(i) / (factorial(j) * factorial(i - j)));\n        }\n    }\n    return sum;\n}\nconsole.log(sum_Of_product(5));\n\ndeclare var require: any;\nconst assert = require('node:assert');\n\n\nfunction test() {\n  let candidate = sum_Of_product;\n  assert.deepEqual(candidate(3),15);\n  assert.deepEqual(candidate(4),56);\n  assert.deepEqual(candidate(1),1);\n}\n\ntest();",
      "timestamp": 1666123416,
      "stdout": "../../../../tmp/tmpllqnufid.ts(6,21): error TS2304: Cannot find name 'factorial'.\n../../../../tmp/tmpllqnufid.ts(6,37): error TS2304: Cannot find name 'factorial'.\n../../../../tmp/tmpllqnufid.ts(6,52): error TS2304: Cannot find name 'factorial'.\n",
      "stderr": "",
      "exit_code": 2,
      "status": "SyntaxError"
    },
    {
      "program": "//Write a tsthon function to find the sum of the product of consecutive binomial co-efficients.\nfunction sum_Of_product(n: number): number {\n    let sum = 0;\n    for (let i = 0; i < n; i++) {\n        sum += factorial(n) / (factorial(i) * factorial(n - i));\n    }\n    return sum;\n}\n\ndeclare var require: any;\nconst assert = require('node:assert');\n\n\nfunction test() {\n  let candidate = sum_Of_product;\n  assert.deepEqual(candidate(3),15);\n  assert.deepEqual(candidate(4),56);\n  assert.deepEqual(candidate(1),1);\n}\n\ntest();",
      "timestamp": 1666123416,
      "stdout": "../../../../tmp/tmp4zbxchyo.ts(5,16): error TS2304: Cannot find name 'factorial'.\n../../../../tmp/tmp4zbxchyo.ts(5,32): error TS2304: Cannot find name 'factorial'.\n../../../../tmp/tmp4zbxchyo.ts(5,47): error TS2304: Cannot find name 'factorial'.\n",
      "stderr": "",
      "exit_code": 2,
      "status": "SyntaxError"
    },
    {
      "program": "//Write a tsthon function to find the sum of the product of consecutive binomial co-efficients.\nfunction sum_Of_product(n: number): number {\n    let sum: number = 0;\n    for (let i = 1; i <= n; i++) {\n        sum += product_of_binomial_coefficients(n, i);\n    }\n    return sum;\n}\n\ndeclare var require: any;\nconst assert = require('node:assert');\n\n\nfunction test() {\n  let candidate = sum_Of_product;\n  assert.deepEqual(candidate(3),15);\n  assert.deepEqual(candidate(4),56);\n  assert.deepEqual(candidate(1),1);\n}\n\ntest();",
      "timestamp": 1666123416,
      "stdout": "../../../../tmp/tmpggxmvnnr.ts(5,16): error TS2304: Cannot find name 'product_of_binomial_coefficients'.\n",
      "stderr": "",
      "exit_code": 2,
      "status": "SyntaxError"
    },
    {
      "program": "//Write a tsthon function to find the sum of the product of consecutive binomial co-efficients.\nfunction sum_Of_product(n: number): number {\n    let sum = 0;\n    for (let i = 1; i <= n; i++) {\n        for (let j = 1; j <= i; j++) {\n            sum += binomial_coefficient(i, j);\n        }\n    }\n    return sum;\n}\nconsole.log(sum_Of_product(4));\n\ndeclare var require: any;\nconst assert = require('node:assert');\n\n\nfunction test() {\n  let candidate = sum_Of_product;\n  assert.deepEqual(candidate(3),15);\n  assert.deepEqual(candidate(4),56);\n  assert.deepEqual(candidate(1),1);\n}\n\ntest();",
      "timestamp": 1666123416,
      "stdout": "../../../../tmp/tmpymd5a4mt.ts(6,20): error TS2304: Cannot find name 'binomial_coefficient'.\n",
      "stderr": "",
      "exit_code": 2,
      "status": "SyntaxError"
    },
    {
      "program": "//Write a tsthon function to find the sum of the product of consecutive binomial co-efficients.\nfunction sum_Of_product(n: number): number {\n    let sum: number = 0;\n    for (let i: number = 0; i <= n; i++) {\n        sum = sum + (factorial(n) / (factorial(i) * factorial(n - i)));\n    }\n    return sum;\n}\n\ndeclare var require: any;\nconst assert = require('node:assert');\n\n\nfunction test() {\n  let candidate = sum_Of_product;\n  assert.deepEqual(candidate(3),15);\n  assert.deepEqual(candidate(4),56);\n  assert.deepEqual(candidate(1),1);\n}\n\ntest();",
      "timestamp": 1666123416,
      "stdout": "../../../../tmp/tmpk6p45sc6.ts(5,22): error TS2304: Cannot find name 'factorial'.\n../../../../tmp/tmpk6p45sc6.ts(5,38): error TS2304: Cannot find name 'factorial'.\n../../../../tmp/tmpk6p45sc6.ts(5,53): error TS2304: Cannot find name 'factorial'.\n",
      "stderr": "",
      "exit_code": 2,
      "status": "SyntaxError"
    },
    {
      "program": "//Write a tsthon function to find the sum of the product of consecutive binomial co-efficients.\nfunction sum_Of_product(n: number): number {\n    let sum: number = 0;\n    for (let i: number = 0; i <= n; i++) {\n        sum = sum + (factorial(n) / (factorial(i) * factorial(n - i)));\n    }\n    return sum;\n}\n\ndeclare var require: any;\nconst assert = require('node:assert');\n\n\nfunction test() {\n  let candidate = sum_Of_product;\n  assert.deepEqual(candidate(3),15);\n  assert.deepEqual(candidate(4),56);\n  assert.deepEqual(candidate(1),1);\n}\n\ntest();",
      "timestamp": 1666123416,
      "stdout": "../../../../tmp/tmpk6p45sc6.ts(5,22): error TS2304: Cannot find name 'factorial'.\n../../../../tmp/tmpk6p45sc6.ts(5,38): error TS2304: Cannot find name 'factorial'.\n../../../../tmp/tmpk6p45sc6.ts(5,53): error TS2304: Cannot find name 'factorial'.\n",
      "stderr": "",
      "exit_code": 2,
      "status": "SyntaxError"
    },
    {
      "program": "//Write a tsthon function to find the sum of the product of consecutive binomial co-efficients.\nfunction sum_Of_product(n: number): number {\n    let sum = 0;\n    for (let i = 0; i <= n; i++) {\n        for (let j = 0; j <= n; j++) {\n            sum += binomial_coefficient(i, j);\n        }\n    }\n    return sum;\n}\nconsole.log(sum_Of_product(4));\n\ndeclare var require: any;\nconst assert = require('node:assert');\n\n\nfunction test() {\n  let candidate = sum_Of_product;\n  assert.deepEqual(candidate(3),15);\n  assert.deepEqual(candidate(4),56);\n  assert.deepEqual(candidate(1),1);\n}\n\ntest();",
      "timestamp": 1666123416,
      "stdout": "../../../../tmp/tmp753quc31.ts(6,20): error TS2304: Cannot find name 'binomial_coefficient'.\n",
      "stderr": "",
      "exit_code": 2,
      "status": "SyntaxError"
    },
    {
      "program": "//Write a tsthon function to find the sum of the product of consecutive binomial co-efficients.\nfunction sum_Of_product(n: number): number {\n    let sum = 0;\n    for (let i = 1; i <= n; i++) {\n        for (let j = 1; j <= i; j++) {\n            sum += binomial(i, j);\n        }\n    }\n    return sum;\n}\nconsole.log(sum_Of_product(5));\n\ndeclare var require: any;\nconst assert = require('node:assert');\n\n\nfunction test() {\n  let candidate = sum_Of_product;\n  assert.deepEqual(candidate(3),15);\n  assert.deepEqual(candidate(4),56);\n  assert.deepEqual(candidate(1),1);\n}\n\ntest();",
      "timestamp": 1666123416,
      "stdout": "../../../../tmp/tmp5g4asjdp.ts(6,20): error TS2304: Cannot find name 'binomial'.\n",
      "stderr": "",
      "exit_code": 2,
      "status": "SyntaxError"
    },
    {
      "program": "//Write a tsthon function to find the sum of the product of consecutive binomial co-efficients.\nfunction sum_Of_product(n: number): number {\n    let sum = 0;\n    for (let i = 0; i < n; i++) {\n        sum += (factorial(n) / (factorial(i) * factorial(n - i))) * (factorial(n) / (factorial(i) * factorial(n - i)));\n    }\n    return sum;\n}\n\nconsole.log(sum_Of_product(5));\n\ndeclare var require: any;\nconst assert = require('node:assert');\n\n\nfunction test() {\n  let candidate = sum_Of_product;\n  assert.deepEqual(candidate(3),15);\n  assert.deepEqual(candidate(4),56);\n  assert.deepEqual(candidate(1),1);\n}\n\ntest();",
      "timestamp": 1666123416,
      "stdout": "../../../../tmp/tmpttnh2i0i.ts(5,17): error TS2304: Cannot find name 'factorial'.\n../../../../tmp/tmpttnh2i0i.ts(5,33): error TS2304: Cannot find name 'factorial'.\n../../../../tmp/tmpttnh2i0i.ts(5,48): error TS2304: Cannot find name 'factorial'.\n../../../../tmp/tmpttnh2i0i.ts(5,70): error TS2304: Cannot find name 'factorial'.\n../../../../tmp/tmpttnh2i0i.ts(5,86): error TS2304: Cannot find name 'factorial'.\n../../../../tmp/tmpttnh2i0i.ts(5,101): error TS2304: Cannot find name 'factorial'.\n",
      "stderr": "",
      "exit_code": 2,
      "status": "SyntaxError"
    },
    {
      "program": "//Write a tsthon function to find the sum of the product of consecutive binomial co-efficients.\nfunction sum_Of_product(n: number): number {\n    let sum: number = 0;\n    for (let i = 0; i <= n; i++) {\n        for (let j = 0; j <= n; j++) {\n            sum = sum + (factorial(i) / (factorial(j) * factorial(i - j)));\n        }\n    }\n    return sum;\n}\nconsole.log(\"sum of product of consecutive binomial co-efficients is : \" + sum_Of_product(5));\n\ndeclare var require: any;\nconst assert = require('node:assert');\n\n\nfunction test() {\n  let candidate = sum_Of_product;\n  assert.deepEqual(candidate(3),15);\n  assert.deepEqual(candidate(4),56);\n  assert.deepEqual(candidate(1),1);\n}\n\ntest();",
      "timestamp": 1666123416,
      "stdout": "../../../../tmp/tmpqndy0glp.ts(6,26): error TS2304: Cannot find name 'factorial'.\n../../../../tmp/tmpqndy0glp.ts(6,42): error TS2304: Cannot find name 'factorial'.\n../../../../tmp/tmpqndy0glp.ts(6,57): error TS2304: Cannot find name 'factorial'.\n",
      "stderr": "",
      "exit_code": 2,
      "status": "SyntaxError"
    },
    {
      "program": "//Write a tsthon function to find the sum of the product of consecutive binomial co-efficients.\nfunction sum_Of_product(n: number): number {\n    let sum = 0;\n    for (let i = 0; i <= n; i++) {\n        for (let j = 0; j <= i; j++) {\n            sum = sum + binomial_coefficient(i, j);\n        }\n    }\n    return sum;\n}\n\ndeclare var require: any;\nconst assert = require('node:assert');\n\n\nfunction test() {\n  let candidate = sum_Of_product;\n  assert.deepEqual(candidate(3),15);\n  assert.deepEqual(candidate(4),56);\n  assert.deepEqual(candidate(1),1);\n}\n\ntest();",
      "timestamp": 1665510312,
      "stdout": "../../../../tmp/tmpjd0hufct.ts(6,25): error TS2304: Cannot find name 'binomial_coefficient'.\n",
      "stderr": "",
      "exit_code": 2,
      "status": "SyntaxError"
    },
    {
      "program": "//Write a tsthon function to find the sum of the product of consecutive binomial co-efficients.\nfunction sum_Of_product(n: number): number {\n    let sum = 0;\n    for (let i = 0; i <= n; i++) {\n        for (let j = 0; j <= i; j++) {\n            sum += binomial_coefficient(i, j);\n        }\n    }\n    return sum;\n}\nconsole.log(sum_Of_product(4));\n\ndeclare var require: any;\nconst assert = require('node:assert');\n\n\nfunction test() {\n  let candidate = sum_Of_product;\n  assert.deepEqual(candidate(3),15);\n  assert.deepEqual(candidate(4),56);\n  assert.deepEqual(candidate(1),1);\n}\n\ntest();",
      "timestamp": 1665510312,
      "stdout": "../../../../tmp/tmp06e0dy3t.ts(6,20): error TS2304: Cannot find name 'binomial_coefficient'.\n",
      "stderr": "",
      "exit_code": 2,
      "status": "SyntaxError"
    },
    {
      "program": "//Write a tsthon function to find the sum of the product of consecutive binomial co-efficients.\nfunction sum_Of_product(n: number): number {\n    let sum: number = 0;\n    for (let i = 0; i <= n; i++) {\n        for (let j = 0; j <= i; j++) {\n            sum = sum + (factorial(i) / (factorial(j) * factorial(i - j)));\n        }\n    }\n    return sum;\n}\nconsole.log(sum_Of_product(4));\n\ndeclare var require: any;\nconst assert = require('node:assert');\n\n\nfunction test() {\n  let candidate = sum_Of_product;\n  assert.deepEqual(candidate(3),15);\n  assert.deepEqual(candidate(4),56);\n  assert.deepEqual(candidate(1),1);\n}\n\ntest();",
      "timestamp": 1665510312,
      "stdout": "../../../../tmp/tmpu36zcm3b.ts(6,26): error TS2304: Cannot find name 'factorial'.\n../../../../tmp/tmpu36zcm3b.ts(6,42): error TS2304: Cannot find name 'factorial'.\n../../../../tmp/tmpu36zcm3b.ts(6,57): error TS2304: Cannot find name 'factorial'.\n",
      "stderr": "",
      "exit_code": 2,
      "status": "SyntaxError"
    },
    {
      "program": "//Write a tsthon function to find the sum of the product of consecutive binomial co-efficients.\nfunction sum_Of_product(n: number): number {\n    let sum: number = 0;\n    for (let i = 0; i <= n; i++) {\n        for (let j = 0; j <= n; j++) {\n            sum = sum + (factorial(n) / (factorial(i) * factorial(n - i))) * (factorial(n) / (factorial(j) * factorial(n - j)));\n        }\n    }\n    return sum;\n}\nconsole.log(sum_Of_product(5));\n\ndeclare var require: any;\nconst assert = require('node:assert');\n\n\nfunction test() {\n  let candidate = sum_Of_product;\n  assert.deepEqual(candidate(3),15);\n  assert.deepEqual(candidate(4),56);\n  assert.deepEqual(candidate(1),1);\n}\n\ntest();",
      "timestamp": 1666123416,
      "stdout": "../../../../tmp/tmpa6mquj3v.ts(6,26): error TS2304: Cannot find name 'factorial'.\n../../../../tmp/tmpa6mquj3v.ts(6,42): error TS2304: Cannot find name 'factorial'.\n../../../../tmp/tmpa6mquj3v.ts(6,57): error TS2304: Cannot find name 'factorial'.\n../../../../tmp/tmpa6mquj3v.ts(6,79): error TS2304: Cannot find name 'factorial'.\n../../../../tmp/tmpa6mquj3v.ts(6,95): error TS2304: Cannot find name 'factorial'.\n../../../../tmp/tmpa6mquj3v.ts(6,110): error TS2304: Cannot find name 'factorial'.\n",
      "stderr": "",
      "exit_code": 2,
      "status": "SyntaxError"
    },
    {
      "program": "//Write a tsthon function to find the sum of the product of consecutive binomial co-efficients.\nfunction sum_Of_product(n: number): number {\n    let sum: number = 0;\n    for (let i: number = 0; i < n; i++) {\n        sum += factorial(n) / (factorial(i) * factorial(n - i));\n    }\n    return sum;\n}\n\ndeclare var require: any;\nconst assert = require('node:assert');\n\n\nfunction test() {\n  let candidate = sum_Of_product;\n  assert.deepEqual(candidate(3),15);\n  assert.deepEqual(candidate(4),56);\n  assert.deepEqual(candidate(1),1);\n}\n\ntest();",
      "timestamp": 1666123416,
      "stdout": "../../../../tmp/tmpteziq363.ts(5,16): error TS2304: Cannot find name 'factorial'.\n../../../../tmp/tmpteziq363.ts(5,32): error TS2304: Cannot find name 'factorial'.\n../../../../tmp/tmpteziq363.ts(5,47): error TS2304: Cannot find name 'factorial'.\n",
      "stderr": "",
      "exit_code": 2,
      "status": "SyntaxError"
    },
    {
      "program": "//Write a tsthon function to find the sum of the product of consecutive binomial co-efficients.\nfunction sum_Of_product(n: number): number {\n    let sum: number = 0;\n    for (let i = 0; i <= n; i++) {\n        for (let j = 0; j <= i; j++) {\n            sum = sum + (factorial(i) / (factorial(j) * factorial(i - j)));\n        }\n    }\n    return sum;\n}\nconsole.log(sum_Of_product(5));\n\ndeclare var require: any;\nconst assert = require('node:assert');\n\n\nfunction test() {\n  let candidate = sum_Of_product;\n  assert.deepEqual(candidate(3),15);\n  assert.deepEqual(candidate(4),56);\n  assert.deepEqual(candidate(1),1);\n}\n\ntest();",
      "timestamp": 1666123416,
      "stdout": "../../../../tmp/tmp7igg6vas.ts(6,26): error TS2304: Cannot find name 'factorial'.\n../../../../tmp/tmp7igg6vas.ts(6,42): error TS2304: Cannot find name 'factorial'.\n../../../../tmp/tmp7igg6vas.ts(6,57): error TS2304: Cannot find name 'factorial'.\n",
      "stderr": "",
      "exit_code": 2,
      "status": "SyntaxError"
    },
    {
      "program": "//Write a tsthon function to find the sum of the product of consecutive binomial co-efficients.\nfunction sum_Of_product(n: number): number {\n    let sum: number = 0;\n    for (let i = 0; i <= n; i++) {\n        for (let j = 0; j <= i; j++) {\n            sum = sum + (factorial(i) / (factorial(j) * factorial(i - j)));\n        }\n    }\n    return sum;\n}\nconsole.log(sum_Of_product(4));\n\ndeclare var require: any;\nconst assert = require('node:assert');\n\n\nfunction test() {\n  let candidate = sum_Of_product;\n  assert.deepEqual(candidate(3),15);\n  assert.deepEqual(candidate(4),56);\n  assert.deepEqual(candidate(1),1);\n}\n\ntest();",
      "timestamp": 1665510312,
      "stdout": "../../../../tmp/tmpu36zcm3b.ts(6,26): error TS2304: Cannot find name 'factorial'.\n../../../../tmp/tmpu36zcm3b.ts(6,42): error TS2304: Cannot find name 'factorial'.\n../../../../tmp/tmpu36zcm3b.ts(6,57): error TS2304: Cannot find name 'factorial'.\n",
      "stderr": "",
      "exit_code": 2,
      "status": "SyntaxError"
    },
    {
      "program": "//Write a tsthon function to find the sum of the product of consecutive binomial co-efficients.\nfunction sum_Of_product(n: number): number {\n    let sum: number = 0;\n    for (let i = 0; i <= n; i++) {\n        for (let j = 0; j <= i; j++) {\n            sum += binomial_coefficient(i, j);\n        }\n    }\n    return sum;\n}\n\ndeclare var require: any;\nconst assert = require('node:assert');\n\n\nfunction test() {\n  let candidate = sum_Of_product;\n  assert.deepEqual(candidate(3),15);\n  assert.deepEqual(candidate(4),56);\n  assert.deepEqual(candidate(1),1);\n}\n\ntest();",
      "timestamp": 1666123416,
      "stdout": "../../../../tmp/tmppdvbzs3l.ts(6,20): error TS2304: Cannot find name 'binomial_coefficient'.\n",
      "stderr": "",
      "exit_code": 2,
      "status": "SyntaxError"
    },
    {
      "program": "//Write a tsthon function to find the sum of the product of consecutive binomial co-efficients.\nfunction sum_Of_product(n: number): number {\n    let sum = 0;\n    for (let i = 0; i <= n; i++) {\n        sum = sum + (factorial(n) / (factorial(i) * factorial(n - i)));\n    }\n    return sum;\n}\n\ndeclare var require: any;\nconst assert = require('node:assert');\n\n\nfunction test() {\n  let candidate = sum_Of_product;\n  assert.deepEqual(candidate(3),15);\n  assert.deepEqual(candidate(4),56);\n  assert.deepEqual(candidate(1),1);\n}\n\ntest();",
      "timestamp": 1666123416,
      "stdout": "../../../../tmp/tmp1u3mrphy.ts(5,22): error TS2304: Cannot find name 'factorial'.\n../../../../tmp/tmp1u3mrphy.ts(5,38): error TS2304: Cannot find name 'factorial'.\n../../../../tmp/tmp1u3mrphy.ts(5,53): error TS2304: Cannot find name 'factorial'.\n",
      "stderr": "",
      "exit_code": 2,
      "status": "SyntaxError"
    },
    {
      "program": "//Write a tsthon function to find the sum of the product of consecutive binomial co-efficients.\nfunction sum_Of_product(n: number): number {\n    let sum: number = 0;\n    for (let i = 0; i <= n; i++) {\n        for (let j = 0; j <= i; j++) {\n            sum = sum + binomial_coefficient(i, j);\n        }\n    }\n    return sum;\n}\n\ndeclare var require: any;\nconst assert = require('node:assert');\n\n\nfunction test() {\n  let candidate = sum_Of_product;\n  assert.deepEqual(candidate(3),15);\n  assert.deepEqual(candidate(4),56);\n  assert.deepEqual(candidate(1),1);\n}\n\ntest();",
      "timestamp": 1666123416,
      "stdout": "../../../../tmp/tmpziciqh5b.ts(6,25): error TS2304: Cannot find name 'binomial_coefficient'.\n",
      "stderr": "",
      "exit_code": 2,
      "status": "SyntaxError"
    },
    {
      "program": "//Write a tsthon function to find the sum of the product of consecutive binomial co-efficients.\nfunction sum_Of_product(n: number): number {\n    let sum: number = 0;\n    for (let i = 1; i <= n; i++) {\n        for (let j = 1; j <= i; j++) {\n            sum += binomial_coefficient(i, j);\n        }\n    }\n    return sum;\n}\n\ndeclare var require: any;\nconst assert = require('node:assert');\n\n\nfunction test() {\n  let candidate = sum_Of_product;\n  assert.deepEqual(candidate(3),15);\n  assert.deepEqual(candidate(4),56);\n  assert.deepEqual(candidate(1),1);\n}\n\ntest();",
      "timestamp": 1666123416,
      "stdout": "../../../../tmp/tmpkemmls2l.ts(6,20): error TS2304: Cannot find name 'binomial_coefficient'.\n",
      "stderr": "",
      "exit_code": 2,
      "status": "SyntaxError"
    },
    {
      "program": "//Write a tsthon function to find the sum of the product of consecutive binomial co-efficients.\nfunction sum_Of_product(n: number): number {\n    let sum: number = 0;\n    for (let i: number = 0; i <= n; i++) {\n        sum = sum + (factorial(n) / (factorial(i) * factorial(n - i)));\n    }\n    return sum;\n}\n\ndeclare var require: any;\nconst assert = require('node:assert');\n\n\nfunction test() {\n  let candidate = sum_Of_product;\n  assert.deepEqual(candidate(3),15);\n  assert.deepEqual(candidate(4),56);\n  assert.deepEqual(candidate(1),1);\n}\n\ntest();",
      "timestamp": 1666123416,
      "stdout": "../../../../tmp/tmpk6p45sc6.ts(5,22): error TS2304: Cannot find name 'factorial'.\n../../../../tmp/tmpk6p45sc6.ts(5,38): error TS2304: Cannot find name 'factorial'.\n../../../../tmp/tmpk6p45sc6.ts(5,53): error TS2304: Cannot find name 'factorial'.\n",
      "stderr": "",
      "exit_code": 2,
      "status": "SyntaxError"
    },
    {
      "program": "//Write a tsthon function to find the sum of the product of consecutive binomial co-efficients.\nfunction sum_Of_product(n: number): number {\n    let sum: number = 0;\n    for (let i: number = 1; i <= n; i++) {\n        sum = sum + (factorial(n) / (factorial(i) * factorial(n - i)));\n    }\n    return sum;\n}\nconsole.log(sum_Of_product(5));\n\ndeclare var require: any;\nconst assert = require('node:assert');\n\n\nfunction test() {\n  let candidate = sum_Of_product;\n  assert.deepEqual(candidate(3),15);\n  assert.deepEqual(candidate(4),56);\n  assert.deepEqual(candidate(1),1);\n}\n\ntest();",
      "timestamp": 1666123416,
      "stdout": "../../../../tmp/tmp5p4d6trl.ts(5,22): error TS2304: Cannot find name 'factorial'.\n../../../../tmp/tmp5p4d6trl.ts(5,38): error TS2304: Cannot find name 'factorial'.\n../../../../tmp/tmp5p4d6trl.ts(5,53): error TS2304: Cannot find name 'factorial'.\n",
      "stderr": "",
      "exit_code": 2,
      "status": "SyntaxError"
    },
    {
      "program": "//Write a tsthon function to find the sum of the product of consecutive binomial co-efficients.\nfunction sum_Of_product(n: number): number {\n    let sum: number = 0;\n    for (let i: number = 0; i <= n; i++) {\n        for (let j: number = 0; j <= i; j++) {\n            sum = sum + (factorial(i) / (factorial(j) * factorial(i - j)))\n        }\n    }\n    return sum;\n}\nconsole.log(sum_Of_product(5));\n\ndeclare var require: any;\nconst assert = require('node:assert');\n\n\nfunction test() {\n  let candidate = sum_Of_product;\n  assert.deepEqual(candidate(3),15);\n  assert.deepEqual(candidate(4),56);\n  assert.deepEqual(candidate(1),1);\n}\n\ntest();",
      "timestamp": 1666123419,
      "stdout": "../../../../tmp/tmpb1m28phu.ts(6,26): error TS2304: Cannot find name 'factorial'.\n../../../../tmp/tmpb1m28phu.ts(6,42): error TS2304: Cannot find name 'factorial'.\n../../../../tmp/tmpb1m28phu.ts(6,57): error TS2304: Cannot find name 'factorial'.\n",
      "stderr": "",
      "exit_code": 2,
      "status": "SyntaxError"
    },
    {
      "program": "//Write a tsthon function to find the sum of the product of consecutive binomial co-efficients.\nfunction sum_Of_product(n: number): number {\n    let sum: number = 0;\n    for (let i: number = 0; i <= n; i++) {\n        for (let j: number = 0; j <= i; j++) {\n            sum = sum + (factorial(i) / (factorial(j) * factorial(i - j)));\n        }\n    }\n    return sum;\n}\nconsole.log(\"Sum of product of consecutive binomial co-efficients is: \" + sum_Of_product(5));\n\ndeclare var require: any;\nconst assert = require('node:assert');\n\n\nfunction test() {\n  let candidate = sum_Of_product;\n  assert.deepEqual(candidate(3),15);\n  assert.deepEqual(candidate(4),56);\n  assert.deepEqual(candidate(1),1);\n}\n\ntest();",
      "timestamp": 1666123419,
      "stdout": "../../../../tmp/tmpwe9q6ulr.ts(6,26): error TS2304: Cannot find name 'factorial'.\n../../../../tmp/tmpwe9q6ulr.ts(6,42): error TS2304: Cannot find name 'factorial'.\n../../../../tmp/tmpwe9q6ulr.ts(6,57): error TS2304: Cannot find name 'factorial'.\n",
      "stderr": "",
      "exit_code": 2,
      "status": "SyntaxError"
    },
    {
      "program": "//Write a tsthon function to find the sum of the product of consecutive binomial co-efficients.\nfunction sum_Of_product(n: number): number {\n    let sum: number = 0;\n    for (let i: number = 0; i <= n; i++) {\n        for (let j: number = 0; j <= n; j++) {\n            sum = sum + (factorial(i) / (factorial(j) * factorial(i - j)));\n        }\n    }\n    return sum;\n}\n\ndeclare var require: any;\nconst assert = require('node:assert');\n\n\nfunction test() {\n  let candidate = sum_Of_product;\n  assert.deepEqual(candidate(3),15);\n  assert.deepEqual(candidate(4),56);\n  assert.deepEqual(candidate(1),1);\n}\n\ntest();",
      "timestamp": 1666123419,
      "stdout": "../../../../tmp/tmpkvd6q8wj.ts(6,26): error TS2304: Cannot find name 'factorial'.\n../../../../tmp/tmpkvd6q8wj.ts(6,42): error TS2304: Cannot find name 'factorial'.\n../../../../tmp/tmpkvd6q8wj.ts(6,57): error TS2304: Cannot find name 'factorial'.\n",
      "stderr": "",
      "exit_code": 2,
      "status": "SyntaxError"
    },
    {
      "program": "//Write a tsthon function to find the sum of the product of consecutive binomial co-efficients.\nfunction sum_Of_product(n: number): number {\n    let sum: number = 0;\n    for (let i: number = 0; i <= n; i++) {\n        for (let j: number = 0; j <= i; j++) {\n            sum = sum + (binomial(i, j) * binomial(i, j));\n        }\n    }\n    return sum;\n}\n\ndeclare var require: any;\nconst assert = require('node:assert');\n\n\nfunction test() {\n  let candidate = sum_Of_product;\n  assert.deepEqual(candidate(3),15);\n  assert.deepEqual(candidate(4),56);\n  assert.deepEqual(candidate(1),1);\n}\n\ntest();",
      "timestamp": 1666123419,
      "stdout": "../../../../tmp/tmpf88it2zt.ts(6,26): error TS2304: Cannot find name 'binomial'.\n../../../../tmp/tmpf88it2zt.ts(6,43): error TS2304: Cannot find name 'binomial'.\n",
      "stderr": "",
      "exit_code": 2,
      "status": "SyntaxError"
    },
    {
      "program": "//Write a tsthon function to find the sum of the product of consecutive binomial co-efficients.\nfunction sum_Of_product(n: number): number {\n    let sum: number = 0;\n    for (let i = 1; i <= n; i++) {\n        for (let j = 1; j <= i; j++) {\n            sum = sum + binomial_coefficient(i, j);\n        }\n    }\n    return sum;\n}\nconsole.log(sum_Of_product(5));\n\ndeclare var require: any;\nconst assert = require('node:assert');\n\n\nfunction test() {\n  let candidate = sum_Of_product;\n  assert.deepEqual(candidate(3),15);\n  assert.deepEqual(candidate(4),56);\n  assert.deepEqual(candidate(1),1);\n}\n\ntest();",
      "timestamp": 1666123419,
      "stdout": "../../../../tmp/tmpp5mk2bm3.ts(6,25): error TS2304: Cannot find name 'binomial_coefficient'.\n",
      "stderr": "",
      "exit_code": 2,
      "status": "SyntaxError"
    },
    {
      "program": "//Write a tsthon function to find the sum of the product of consecutive binomial co-efficients.\nfunction sum_Of_product(n: number): number {\n    let sum: number = 0;\n    for (let i = 0; i <= n; i++) {\n        for (let j = 0; j <= i; j++) {\n            sum = sum + (factorial(i) / (factorial(j) * factorial(i - j)));\n        }\n    }\n    return sum;\n}\n\ndeclare var require: any;\nconst assert = require('node:assert');\n\n\nfunction test() {\n  let candidate = sum_Of_product;\n  assert.deepEqual(candidate(3),15);\n  assert.deepEqual(candidate(4),56);\n  assert.deepEqual(candidate(1),1);\n}\n\ntest();",
      "timestamp": 1666123419,
      "stdout": "../../../../tmp/tmp6u9muju6.ts(6,26): error TS2304: Cannot find name 'factorial'.\n../../../../tmp/tmp6u9muju6.ts(6,42): error TS2304: Cannot find name 'factorial'.\n../../../../tmp/tmp6u9muju6.ts(6,57): error TS2304: Cannot find name 'factorial'.\n",
      "stderr": "",
      "exit_code": 2,
      "status": "SyntaxError"
    },
    {
      "program": "//Write a tsthon function to find the sum of the product of consecutive binomial co-efficients.\nfunction sum_Of_product(n: number): number {\n    let sum: number = 0;\n    for (let i = 0; i <= n; i++) {\n        for (let j = 0; j <= i; j++) {\n            sum = sum + (factorial(i) / (factorial(j) * factorial(i - j)));\n        }\n    }\n    return sum;\n}\nconsole.log(sum_Of_product(5));\n\ndeclare var require: any;\nconst assert = require('node:assert');\n\n\nfunction test() {\n  let candidate = sum_Of_product;\n  assert.deepEqual(candidate(3),15);\n  assert.deepEqual(candidate(4),56);\n  assert.deepEqual(candidate(1),1);\n}\n\ntest();",
      "timestamp": 1666123416,
      "stdout": "../../../../tmp/tmp7igg6vas.ts(6,26): error TS2304: Cannot find name 'factorial'.\n../../../../tmp/tmp7igg6vas.ts(6,42): error TS2304: Cannot find name 'factorial'.\n../../../../tmp/tmp7igg6vas.ts(6,57): error TS2304: Cannot find name 'factorial'.\n",
      "stderr": "",
      "exit_code": 2,
      "status": "SyntaxError"
    },
    {
      "program": "//Write a tsthon function to find the sum of the product of consecutive binomial co-efficients.\nfunction sum_Of_product(n: number): number {\n    let sum: number = 0;\n    for (let i = 0; i <= n; i++) {\n        for (let j = 0; j <= i; j++) {\n            sum += binomialCoeff(i, j);\n        }\n    }\n    return sum;\n}\n\ndeclare var require: any;\nconst assert = require('node:assert');\n\n\nfunction test() {\n  let candidate = sum_Of_product;\n  assert.deepEqual(candidate(3),15);\n  assert.deepEqual(candidate(4),56);\n  assert.deepEqual(candidate(1),1);\n}\n\ntest();",
      "timestamp": 1666123419,
      "stdout": "../../../../tmp/tmp4ngsw1cj.ts(6,20): error TS2304: Cannot find name 'binomialCoeff'.\n",
      "stderr": "",
      "exit_code": 2,
      "status": "SyntaxError"
    },
    {
      "program": "//Write a tsthon function to find the sum of the product of consecutive binomial co-efficients.\nfunction sum_Of_product(n: number): number {\n    let sum: number = 0;\n    for (let i: number = 0; i <= n; i++) {\n        for (let j: number = 0; j <= i; j++) {\n            sum = sum + (factorial(i) / (factorial(j) * factorial(i - j)));\n        }\n    }\n    return sum;\n}\nconsole.log(\"sum of product of consecutive binomial co-efficients is : \" + sum_Of_product(5));\n\ndeclare var require: any;\nconst assert = require('node:assert');\n\n\nfunction test() {\n  let candidate = sum_Of_product;\n  assert.deepEqual(candidate(3),15);\n  assert.deepEqual(candidate(4),56);\n  assert.deepEqual(candidate(1),1);\n}\n\ntest();",
      "timestamp": 1666123419,
      "stdout": "../../../../tmp/tmpujwdr6rs.ts(6,26): error TS2304: Cannot find name 'factorial'.\n../../../../tmp/tmpujwdr6rs.ts(6,42): error TS2304: Cannot find name 'factorial'.\n../../../../tmp/tmpujwdr6rs.ts(6,57): error TS2304: Cannot find name 'factorial'.\n",
      "stderr": "",
      "exit_code": 2,
      "status": "SyntaxError"
    },
    {
      "program": "//Write a tsthon function to find the sum of the product of consecutive binomial co-efficients.\nfunction sum_Of_product(n: number): number {\n    let sum: number = 0;\n    for (let i = 0; i <= n; i++) {\n        for (let j = 0; j <= i; j++) {\n            sum = sum + binomial_coefficient(i, j);\n        }\n    }\n    return sum;\n}\n\ndeclare var require: any;\nconst assert = require('node:assert');\n\n\nfunction test() {\n  let candidate = sum_Of_product;\n  assert.deepEqual(candidate(3),15);\n  assert.deepEqual(candidate(4),56);\n  assert.deepEqual(candidate(1),1);\n}\n\ntest();",
      "timestamp": 1666123416,
      "stdout": "../../../../tmp/tmpziciqh5b.ts(6,25): error TS2304: Cannot find name 'binomial_coefficient'.\n",
      "stderr": "",
      "exit_code": 2,
      "status": "SyntaxError"
    },
    {
      "program": "//Write a tsthon function to find the sum of the product of consecutive binomial co-efficients.\nfunction sum_Of_product(n: number): number {\n    let sum = 0;\n    for (let i = 1; i <= n; i++) {\n        sum = sum + (factorial(n) / (factorial(i) * factorial(n - i)));\n    }\n    return sum;\n}\nconsole.log(sum_Of_product(5));\n\ndeclare var require: any;\nconst assert = require('node:assert');\n\n\nfunction test() {\n  let candidate = sum_Of_product;\n  assert.deepEqual(candidate(3),15);\n  assert.deepEqual(candidate(4),56);\n  assert.deepEqual(candidate(1),1);\n}\n\ntest();",
      "timestamp": 1666123419,
      "stdout": "../../../../tmp/tmp8bdr_9uo.ts(5,22): error TS2304: Cannot find name 'factorial'.\n../../../../tmp/tmp8bdr_9uo.ts(5,38): error TS2304: Cannot find name 'factorial'.\n../../../../tmp/tmp8bdr_9uo.ts(5,53): error TS2304: Cannot find name 'factorial'.\n",
      "stderr": "",
      "exit_code": 2,
      "status": "SyntaxError"
    },
    {
      "program": "//Write a tsthon function to find the sum of the product of consecutive binomial co-efficients.\nfunction sum_Of_product(n: number): number {\n    let sum: number = 0;\n    for (let i: number = 1; i <= n; i++) {\n        sum += (factorial(n) / (factorial(i) * factorial(n - i)));\n    }\n    return sum;\n}\nconsole.log(sum_Of_product(5));\n\ndeclare var require: any;\nconst assert = require('node:assert');\n\n\nfunction test() {\n  let candidate = sum_Of_product;\n  assert.deepEqual(candidate(3),15);\n  assert.deepEqual(candidate(4),56);\n  assert.deepEqual(candidate(1),1);\n}\n\ntest();",
      "timestamp": 1666123419,
      "stdout": "../../../../tmp/tmpkc2mw6vh.ts(5,17): error TS2304: Cannot find name 'factorial'.\n../../../../tmp/tmpkc2mw6vh.ts(5,33): error TS2304: Cannot find name 'factorial'.\n../../../../tmp/tmpkc2mw6vh.ts(5,48): error TS2304: Cannot find name 'factorial'.\n",
      "stderr": "",
      "exit_code": 2,
      "status": "SyntaxError"
    },
    {
      "program": "//Write a tsthon function to find the sum of the product of consecutive binomial co-efficients.\nfunction sum_Of_product(n: number): number {\n    let sum = 0;\n    for (let i = 0; i <= n; i++) {\n        for (let j = 0; j <= i; j++) {\n            sum += binomial_coefficient(i, j);\n        }\n    }\n    return sum;\n}\n\ndeclare var require: any;\nconst assert = require('node:assert');\n\n\nfunction test() {\n  let candidate = sum_Of_product;\n  assert.deepEqual(candidate(3),15);\n  assert.deepEqual(candidate(4),56);\n  assert.deepEqual(candidate(1),1);\n}\n\ntest();",
      "timestamp": 1666123419,
      "stdout": "../../../../tmp/tmphv7is429.ts(6,20): error TS2304: Cannot find name 'binomial_coefficient'.\n",
      "stderr": "",
      "exit_code": 2,
      "status": "SyntaxError"
    },
    {
      "program": "//Write a tsthon function to find the sum of the product of consecutive binomial co-efficients.\nfunction sum_Of_product(n: number): number {\n    let sum: number = 0;\n    for (let i: number = 0; i <= n; i++) {\n        sum = sum + (factorial(n) / (factorial(i) * factorial(n - i)));\n    }\n    return sum;\n}\n\ndeclare var require: any;\nconst assert = require('node:assert');\n\n\nfunction test() {\n  let candidate = sum_Of_product;\n  assert.deepEqual(candidate(3),15);\n  assert.deepEqual(candidate(4),56);\n  assert.deepEqual(candidate(1),1);\n}\n\ntest();",
      "timestamp": 1666123416,
      "stdout": "../../../../tmp/tmpk6p45sc6.ts(5,22): error TS2304: Cannot find name 'factorial'.\n../../../../tmp/tmpk6p45sc6.ts(5,38): error TS2304: Cannot find name 'factorial'.\n../../../../tmp/tmpk6p45sc6.ts(5,53): error TS2304: Cannot find name 'factorial'.\n",
      "stderr": "",
      "exit_code": 2,
      "status": "SyntaxError"
    },
    {
      "program": "//Write a tsthon function to find the sum of the product of consecutive binomial co-efficients.\nfunction sum_Of_product(n: number): number {\n    let sum = 0;\n    for (let i = 0; i <= n; i++) {\n        for (let j = 0; j <= i; j++) {\n            sum = sum + (factorial(i) / (factorial(j) * factorial(i - j)));\n        }\n    }\n    return sum;\n}\nconsole.log(sum_Of_product(5));\n\ndeclare var require: any;\nconst assert = require('node:assert');\n\n\nfunction test() {\n  let candidate = sum_Of_product;\n  assert.deepEqual(candidate(3),15);\n  assert.deepEqual(candidate(4),56);\n  assert.deepEqual(candidate(1),1);\n}\n\ntest();",
      "timestamp": 1666123416,
      "stdout": "../../../../tmp/tmpmwd61btd.ts(6,26): error TS2304: Cannot find name 'factorial'.\n../../../../tmp/tmpmwd61btd.ts(6,42): error TS2304: Cannot find name 'factorial'.\n../../../../tmp/tmpmwd61btd.ts(6,57): error TS2304: Cannot find name 'factorial'.\n",
      "stderr": "",
      "exit_code": 2,
      "status": "SyntaxError"
    },
    {
      "program": "//Write a tsthon function to find the sum of the product of consecutive binomial co-efficients.\nfunction sum_Of_product(n: number): number {\n    let sum = 0;\n    for (let i = 0; i <= n; i++) {\n        sum = sum + (factorial(n) / (factorial(i) * factorial(n - i)));\n    }\n    return sum;\n}\nconsole.log(sum_Of_product(5));\n\ndeclare var require: any;\nconst assert = require('node:assert');\n\n\nfunction test() {\n  let candidate = sum_Of_product;\n  assert.deepEqual(candidate(3),15);\n  assert.deepEqual(candidate(4),56);\n  assert.deepEqual(candidate(1),1);\n}\n\ntest();",
      "timestamp": 1665510312,
      "stdout": "../../../../tmp/tmpsepko839.ts(5,22): error TS2304: Cannot find name 'factorial'.\n../../../../tmp/tmpsepko839.ts(5,38): error TS2304: Cannot find name 'factorial'.\n../../../../tmp/tmpsepko839.ts(5,53): error TS2304: Cannot find name 'factorial'.\n",
      "stderr": "",
      "exit_code": 2,
      "status": "SyntaxError"
    },
    {
      "program": "//Write a tsthon function to find the sum of the product of consecutive binomial co-efficients.\nfunction sum_Of_product(n: number): number {\n    let sum = 0;\n    for (let i = 0; i <= n; i++) {\n        for (let j = 0; j <= i; j++) {\n            sum += binomialCoefficient(i, j);\n        }\n    }\n    return sum;\n}\n\ndeclare var require: any;\nconst assert = require('node:assert');\n\n\nfunction test() {\n  let candidate = sum_Of_product;\n  assert.deepEqual(candidate(3),15);\n  assert.deepEqual(candidate(4),56);\n  assert.deepEqual(candidate(1),1);\n}\n\ntest();",
      "timestamp": 1666123419,
      "stdout": "../../../../tmp/tmprhtti29b.ts(6,20): error TS2304: Cannot find name 'binomialCoefficient'.\n",
      "stderr": "",
      "exit_code": 2,
      "status": "SyntaxError"
    },
    {
      "program": "//Write a tsthon function to find the sum of the product of consecutive binomial co-efficients.\nfunction sum_Of_product(n: number): number {\n    let sum: number = 0;\n    for (let i: number = 0; i <= n; i++) {\n        for (let j: number = 0; j <= i; j++) {\n            sum = sum + (binomialCoeff(i, j) * binomialCoeff(i, j));\n        }\n    }\n    return sum;\n}\nconsole.log(sum_Of_product(4));\n\ndeclare var require: any;\nconst assert = require('node:assert');\n\n\nfunction test() {\n  let candidate = sum_Of_product;\n  assert.deepEqual(candidate(3),15);\n  assert.deepEqual(candidate(4),56);\n  assert.deepEqual(candidate(1),1);\n}\n\ntest();",
      "timestamp": 1666123419,
      "stdout": "../../../../tmp/tmpe4ju8wny.ts(6,26): error TS2304: Cannot find name 'binomialCoeff'.\n../../../../tmp/tmpe4ju8wny.ts(6,48): error TS2304: Cannot find name 'binomialCoeff'.\n",
      "stderr": "",
      "exit_code": 2,
      "status": "SyntaxError"
    },
    {
      "program": "//Write a tsthon function to find the sum of the product of consecutive binomial co-efficients.\nfunction sum_Of_product(n: number): number {\n    let sum: number = 0;\n    for (let i = 0; i < n; i++) {\n        sum += factorial(n) / (factorial(i) * factorial(n - i));\n    }\n    return sum;\n}\n\ndeclare var require: any;\nconst assert = require('node:assert');\n\n\nfunction test() {\n  let candidate = sum_Of_product;\n  assert.deepEqual(candidate(3),15);\n  assert.deepEqual(candidate(4),56);\n  assert.deepEqual(candidate(1),1);\n}\n\ntest();",
      "timestamp": 1666123419,
      "stdout": "../../../../tmp/tmppwr4y38z.ts(5,16): error TS2304: Cannot find name 'factorial'.\n../../../../tmp/tmppwr4y38z.ts(5,32): error TS2304: Cannot find name 'factorial'.\n../../../../tmp/tmppwr4y38z.ts(5,47): error TS2304: Cannot find name 'factorial'.\n",
      "stderr": "",
      "exit_code": 2,
      "status": "SyntaxError"
    },
    {
      "program": "//Write a tsthon function to find the sum of the product of consecutive binomial co-efficients.\nfunction sum_Of_product(n: number): number {\n    let sum = 0;\n    for (let i = 0; i <= n; i++) {\n        for (let j = 0; j <= i; j++) {\n            sum += binomialCoeff(i, j);\n        }\n    }\n    return sum;\n}\nconsole.log(sum_Of_product(4));\n\ndeclare var require: any;\nconst assert = require('node:assert');\n\n\nfunction test() {\n  let candidate = sum_Of_product;\n  assert.deepEqual(candidate(3),15);\n  assert.deepEqual(candidate(4),56);\n  assert.deepEqual(candidate(1),1);\n}\n\ntest();",
      "timestamp": 1666123416,
      "stdout": "../../../../tmp/tmpl66pud4p.ts(6,20): error TS2304: Cannot find name 'binomialCoeff'.\n",
      "stderr": "",
      "exit_code": 2,
      "status": "SyntaxError"
    },
    {
      "program": "//Write a tsthon function to find the sum of the product of consecutive binomial co-efficients.\nfunction sum_Of_product(n: number): number {\n    let sum: number = 0;\n    for (let i = 0; i <= n; i++) {\n        for (let j = 0; j <= n; j++) {\n            sum = sum + (factorial(n) / (factorial(i) * factorial(n - i)) * (factorial(n) / (factorial(j) * factorial(n - j))));\n        }\n    }\n    return sum;\n}\n\ndeclare var require: any;\nconst assert = require('node:assert');\n\n\nfunction test() {\n  let candidate = sum_Of_product;\n  assert.deepEqual(candidate(3),15);\n  assert.deepEqual(candidate(4),56);\n  assert.deepEqual(candidate(1),1);\n}\n\ntest();",
      "timestamp": 1666123419,
      "stdout": "../../../../tmp/tmpgtji1_4y.ts(6,26): error TS2304: Cannot find name 'factorial'.\n../../../../tmp/tmpgtji1_4y.ts(6,42): error TS2304: Cannot find name 'factorial'.\n../../../../tmp/tmpgtji1_4y.ts(6,57): error TS2304: Cannot find name 'factorial'.\n../../../../tmp/tmpgtji1_4y.ts(6,78): error TS2304: Cannot find name 'factorial'.\n../../../../tmp/tmpgtji1_4y.ts(6,94): error TS2304: Cannot find name 'factorial'.\n../../../../tmp/tmpgtji1_4y.ts(6,109): error TS2304: Cannot find name 'factorial'.\n",
      "stderr": "",
      "exit_code": 2,
      "status": "SyntaxError"
    },
    {
      "program": "//Write a tsthon function to find the sum of the product of consecutive binomial co-efficients.\nfunction sum_Of_product(n: number): number {\n    let sum = 0;\n    for (let i = 0; i <= n; i++) {\n        sum = sum + (factorial(n) / (factorial(i) * factorial(n - i)));\n    }\n    return sum;\n}\nconsole.log(sum_Of_product(5));\n\ndeclare var require: any;\nconst assert = require('node:assert');\n\n\nfunction test() {\n  let candidate = sum_Of_product;\n  assert.deepEqual(candidate(3),15);\n  assert.deepEqual(candidate(4),56);\n  assert.deepEqual(candidate(1),1);\n}\n\ntest();",
      "timestamp": 1665510312,
      "stdout": "../../../../tmp/tmpsepko839.ts(5,22): error TS2304: Cannot find name 'factorial'.\n../../../../tmp/tmpsepko839.ts(5,38): error TS2304: Cannot find name 'factorial'.\n../../../../tmp/tmpsepko839.ts(5,53): error TS2304: Cannot find name 'factorial'.\n",
      "stderr": "",
      "exit_code": 2,
      "status": "SyntaxError"
    },
    {
      "program": "//Write a tsthon function to find the sum of the product of consecutive binomial co-efficients.\nfunction sum_Of_product(n: number): number {\n    let sum: number = 0;\n    for (let i: number = 0; i <= n; i++) {\n        for (let j: number = 0; j <= i; j++) {\n            sum = sum + (binomialCoeff(i, j) * binomialCoeff(i, j));\n        }\n    }\n    return sum;\n}\n\ndeclare var require: any;\nconst assert = require('node:assert');\n\n\nfunction test() {\n  let candidate = sum_Of_product;\n  assert.deepEqual(candidate(3),15);\n  assert.deepEqual(candidate(4),56);\n  assert.deepEqual(candidate(1),1);\n}\n\ntest();",
      "timestamp": 1666123419,
      "stdout": "../../../../tmp/tmp3nd8vi3x.ts(6,26): error TS2304: Cannot find name 'binomialCoeff'.\n../../../../tmp/tmp3nd8vi3x.ts(6,48): error TS2304: Cannot find name 'binomialCoeff'.\n",
      "stderr": "",
      "exit_code": 2,
      "status": "SyntaxError"
    },
    {
      "program": "//Write a tsthon function to find the sum of the product of consecutive binomial co-efficients.\nfunction sum_Of_product(n: number): number {\n    let sum: number = 0;\n    for (let i: number = 1; i <= n; i++) {\n        for (let j: number = 1; j <= i; j++) {\n            sum = sum + binomialCoeff(i, j);\n        }\n    }\n    return sum;\n}\nconsole.log(sum_Of_product(5));\n\ndeclare var require: any;\nconst assert = require('node:assert');\n\n\nfunction test() {\n  let candidate = sum_Of_product;\n  assert.deepEqual(candidate(3),15);\n  assert.deepEqual(candidate(4),56);\n  assert.deepEqual(candidate(1),1);\n}\n\ntest();",
      "timestamp": 1666123419,
      "stdout": "../../../../tmp/tmp6_lcvj6b.ts(6,25): error TS2304: Cannot find name 'binomialCoeff'.\n",
      "stderr": "",
      "exit_code": 2,
      "status": "SyntaxError"
    },
    {
      "program": "//Write a tsthon function to find the sum of the product of consecutive binomial co-efficients.\nfunction sum_Of_product(n: number): number {\n    let sum = 0;\n    for (let i = 0; i <= n; i++) {\n        for (let j = 0; j <= n; j++) {\n            sum += binomial_coefficient(i, j);\n        }\n    }\n    return sum;\n}\n\nconsole.log(sum_Of_product(4));\n\ndeclare var require: any;\nconst assert = require('node:assert');\n\n\nfunction test() {\n  let candidate = sum_Of_product;\n  assert.deepEqual(candidate(3),15);\n  assert.deepEqual(candidate(4),56);\n  assert.deepEqual(candidate(1),1);\n}\n\ntest();",
      "timestamp": 1666123419,
      "stdout": "../../../../tmp/tmpprcasg26.ts(6,20): error TS2304: Cannot find name 'binomial_coefficient'.\n",
      "stderr": "",
      "exit_code": 2,
      "status": "SyntaxError"
    },
    {
      "program": "//Write a tsthon function to find the sum of the product of consecutive binomial co-efficients.\nfunction sum_Of_product(n: number): number {\n    let sum: number = 0;\n    for (let i = 0; i <= n; i++) {\n        for (let j = 0; j <= n; j++) {\n            sum = sum + (factorial(n) / (factorial(i) * factorial(n - i))) * (factorial(n) / (factorial(j) * factorial(n - j)));\n        }\n    }\n    return sum;\n}\n\ndeclare var require: any;\nconst assert = require('node:assert');\n\n\nfunction test() {\n  let candidate = sum_Of_product;\n  assert.deepEqual(candidate(3),15);\n  assert.deepEqual(candidate(4),56);\n  assert.deepEqual(candidate(1),1);\n}\n\ntest();",
      "timestamp": 1666123419,
      "stdout": "../../../../tmp/tmp6_6gw__w.ts(6,26): error TS2304: Cannot find name 'factorial'.\n../../../../tmp/tmp6_6gw__w.ts(6,42): error TS2304: Cannot find name 'factorial'.\n../../../../tmp/tmp6_6gw__w.ts(6,57): error TS2304: Cannot find name 'factorial'.\n../../../../tmp/tmp6_6gw__w.ts(6,79): error TS2304: Cannot find name 'factorial'.\n../../../../tmp/tmp6_6gw__w.ts(6,95): error TS2304: Cannot find name 'factorial'.\n../../../../tmp/tmp6_6gw__w.ts(6,110): error TS2304: Cannot find name 'factorial'.\n",
      "stderr": "",
      "exit_code": 2,
      "status": "SyntaxError"
    },
    {
      "program": "//Write a tsthon function to find the sum of the product of consecutive binomial co-efficients.\nfunction sum_Of_product(n: number): number {\n    let sum: number = 0;\n    for (let i = 1; i <= n; i++) {\n        for (let j = 1; j <= i; j++) {\n            sum = sum + (binomial_coefficient(i, j) * binomial_coefficient(i, j));\n        }\n    }\n    return sum;\n}\nconsole.log(sum_Of_product(4));\n\ndeclare var require: any;\nconst assert = require('node:assert');\n\n\nfunction test() {\n  let candidate = sum_Of_product;\n  assert.deepEqual(candidate(3),15);\n  assert.deepEqual(candidate(4),56);\n  assert.deepEqual(candidate(1),1);\n}\n\ntest();",
      "timestamp": 1666123419,
      "stdout": "../../../../tmp/tmp2rzwcs6c.ts(6,26): error TS2304: Cannot find name 'binomial_coefficient'.\n../../../../tmp/tmp2rzwcs6c.ts(6,55): error TS2304: Cannot find name 'binomial_coefficient'.\n",
      "stderr": "",
      "exit_code": 2,
      "status": "SyntaxError"
    },
    {
      "program": "//Write a tsthon function to find the sum of the product of consecutive binomial co-efficients.\nfunction sum_Of_product(n: number): number {\n    let sum: number = 0;\n    for (let i = 0; i <= n; i++) {\n        for (let j = 0; j <= i; j++) {\n            sum = sum + (binomial_coefficient(i, j) * binomial_coefficient(i, j));\n        }\n    }\n    return sum;\n}\n\ndeclare var require: any;\nconst assert = require('node:assert');\n\n\nfunction test() {\n  let candidate = sum_Of_product;\n  assert.deepEqual(candidate(3),15);\n  assert.deepEqual(candidate(4),56);\n  assert.deepEqual(candidate(1),1);\n}\n\ntest();",
      "timestamp": 1666123419,
      "stdout": "../../../../tmp/tmpt0sqblv0.ts(6,26): error TS2304: Cannot find name 'binomial_coefficient'.\n../../../../tmp/tmpt0sqblv0.ts(6,55): error TS2304: Cannot find name 'binomial_coefficient'.\n",
      "stderr": "",
      "exit_code": 2,
      "status": "SyntaxError"
    },
    {
      "program": "//Write a tsthon function to find the sum of the product of consecutive binomial co-efficients.\nfunction sum_Of_product(n: number): number {\n    let sum: number = 0;\n    for (let i = 1; i <= n; i++) {\n        sum += (factorial(n) / (factorial(i) * factorial(n - i)));\n    }\n    return sum;\n}\n\ndeclare var require: any;\nconst assert = require('node:assert');\n\n\nfunction test() {\n  let candidate = sum_Of_product;\n  assert.deepEqual(candidate(3),15);\n  assert.deepEqual(candidate(4),56);\n  assert.deepEqual(candidate(1),1);\n}\n\ntest();",
      "timestamp": 1666123419,
      "stdout": "../../../../tmp/tmp9sjcm19_.ts(5,17): error TS2304: Cannot find name 'factorial'.\n../../../../tmp/tmp9sjcm19_.ts(5,33): error TS2304: Cannot find name 'factorial'.\n../../../../tmp/tmp9sjcm19_.ts(5,48): error TS2304: Cannot find name 'factorial'.\n",
      "stderr": "",
      "exit_code": 2,
      "status": "SyntaxError"
    },
    {
      "program": "//Write a tsthon function to find the sum of the product of consecutive binomial co-efficients.\nfunction sum_Of_product(n: number): number {\n    let sum: number = 0;\n    for (let i = 0; i <= n; i++) {\n        for (let j = 0; j <= n; j++) {\n            sum = sum + (fact(n) / (fact(i) * fact(n - i))) * (fact(n) / (fact(j) * fact(n - j)));\n        }\n    }\n    return sum;\n}\nconsole.log(sum_Of_product(4));\n\ndeclare var require: any;\nconst assert = require('node:assert');\n\n\nfunction test() {\n  let candidate = sum_Of_product;\n  assert.deepEqual(candidate(3),15);\n  assert.deepEqual(candidate(4),56);\n  assert.deepEqual(candidate(1),1);\n}\n\ntest();",
      "timestamp": 1666123419,
      "stdout": "../../../../tmp/tmpttlozw5y.ts(6,26): error TS2304: Cannot find name 'fact'.\n../../../../tmp/tmpttlozw5y.ts(6,37): error TS2304: Cannot find name 'fact'.\n../../../../tmp/tmpttlozw5y.ts(6,47): error TS2304: Cannot find name 'fact'.\n../../../../tmp/tmpttlozw5y.ts(6,64): error TS2304: Cannot find name 'fact'.\n../../../../tmp/tmpttlozw5y.ts(6,75): error TS2304: Cannot find name 'fact'.\n../../../../tmp/tmpttlozw5y.ts(6,85): error TS2304: Cannot find name 'fact'.\n",
      "stderr": "",
      "exit_code": 2,
      "status": "SyntaxError"
    },
    {
      "program": "//Write a tsthon function to find the sum of the product of consecutive binomial co-efficients.\nfunction sum_Of_product(n: number): number {\n    let sum: number = 0;\n    for (let i: number = 0; i <= n; i++) {\n        sum = sum + (factorial(n) / (factorial(i) * factorial(n - i)));\n    }\n    return sum;\n}\n\ndeclare var require: any;\nconst assert = require('node:assert');\n\n\nfunction test() {\n  let candidate = sum_Of_product;\n  assert.deepEqual(candidate(3),15);\n  assert.deepEqual(candidate(4),56);\n  assert.deepEqual(candidate(1),1);\n}\n\ntest();",
      "timestamp": 1666123416,
      "stdout": "../../../../tmp/tmpk6p45sc6.ts(5,22): error TS2304: Cannot find name 'factorial'.\n../../../../tmp/tmpk6p45sc6.ts(5,38): error TS2304: Cannot find name 'factorial'.\n../../../../tmp/tmpk6p45sc6.ts(5,53): error TS2304: Cannot find name 'factorial'.\n",
      "stderr": "",
      "exit_code": 2,
      "status": "SyntaxError"
    },
    {
      "program": "//Write a tsthon function to find the sum of the product of consecutive binomial co-efficients.\nfunction sum_Of_product(n: number): number {\n    let sum: number = 0;\n    for (let i = 0; i <= n; i++) {\n        for (let j = 0; j <= i; j++) {\n            sum = sum + (binomial(i, j) * binomial(i, j));\n        }\n    }\n    return sum;\n}\nconsole.log(\"Sum of product of consecutive binomial coefficients is \" + sum_Of_product(5));\n\ndeclare var require: any;\nconst assert = require('node:assert');\n\n\nfunction test() {\n  let candidate = sum_Of_product;\n  assert.deepEqual(candidate(3),15);\n  assert.deepEqual(candidate(4),56);\n  assert.deepEqual(candidate(1),1);\n}\n\ntest();",
      "timestamp": 1666123421,
      "stdout": "../../../../tmp/tmpxelqx49j.ts(6,26): error TS2304: Cannot find name 'binomial'.\n../../../../tmp/tmpxelqx49j.ts(6,43): error TS2304: Cannot find name 'binomial'.\n",
      "stderr": "",
      "exit_code": 2,
      "status": "SyntaxError"
    },
    {
      "program": "//Write a tsthon function to find the sum of the product of consecutive binomial co-efficients.\nfunction sum_Of_product(n: number): number {\n    let sum: number = 0;\n    for (let i = 0; i <= n; i++) {\n        for (let j = 0; j <= i; j++) {\n            sum = sum + (factorial(i) / (factorial(j) * factorial(i - j)));\n        }\n    }\n    return sum;\n}\nconsole.log(\"sum of product of consecutive binomial co-efficients is : \" + sum_Of_product(5));\n\ndeclare var require: any;\nconst assert = require('node:assert');\n\n\nfunction test() {\n  let candidate = sum_Of_product;\n  assert.deepEqual(candidate(3),15);\n  assert.deepEqual(candidate(4),56);\n  assert.deepEqual(candidate(1),1);\n}\n\ntest();",
      "timestamp": 1666123421,
      "stdout": "../../../../tmp/tmp9vxhumtp.ts(6,26): error TS2304: Cannot find name 'factorial'.\n../../../../tmp/tmp9vxhumtp.ts(6,42): error TS2304: Cannot find name 'factorial'.\n../../../../tmp/tmp9vxhumtp.ts(6,57): error TS2304: Cannot find name 'factorial'.\n",
      "stderr": "",
      "exit_code": 2,
      "status": "SyntaxError"
    },
    {
      "program": "//Write a tsthon function to find the sum of the product of consecutive binomial co-efficients.\nfunction sum_Of_product(n: number): number {\n    let sum: number = 0;\n    for (let i = 0; i <= n; i++) {\n        for (let j = 0; j <= i; j++) {\n            sum = sum + binomial(i, j);\n        }\n    }\n    return sum;\n}\nconsole.log(sum_Of_product(5));\n\ndeclare var require: any;\nconst assert = require('node:assert');\n\n\nfunction test() {\n  let candidate = sum_Of_product;\n  assert.deepEqual(candidate(3),15);\n  assert.deepEqual(candidate(4),56);\n  assert.deepEqual(candidate(1),1);\n}\n\ntest();",
      "timestamp": 1666123421,
      "stdout": "../../../../tmp/tmpd25zjzta.ts(6,25): error TS2304: Cannot find name 'binomial'.\n",
      "stderr": "",
      "exit_code": 2,
      "status": "SyntaxError"
    },
    {
      "program": "//Write a tsthon function to find the sum of the product of consecutive binomial co-efficients.\nfunction sum_Of_product(n: number): number {\n    let sum: number = 0;\n    for (let i: number = 1; i <= n; i++) {\n        for (let j: number = 1; j <= i; j++) {\n            sum += binomialCoeff(i, j);\n        }\n    }\n    return sum;\n}\n\ndeclare var require: any;\nconst assert = require('node:assert');\n\n\nfunction test() {\n  let candidate = sum_Of_product;\n  assert.deepEqual(candidate(3),15);\n  assert.deepEqual(candidate(4),56);\n  assert.deepEqual(candidate(1),1);\n}\n\ntest();",
      "timestamp": 1666123421,
      "stdout": "../../../../tmp/tmp2koi3q43.ts(6,20): error TS2304: Cannot find name 'binomialCoeff'.\n",
      "stderr": "",
      "exit_code": 2,
      "status": "SyntaxError"
    },
    {
      "program": "//Write a tsthon function to find the sum of the product of consecutive binomial co-efficients.\nfunction sum_Of_product(n: number): number {\n    let sum: number = 0;\n    for (let i: number = 0; i <= n; i++) {\n        for (let j: number = 0; j <= i; j++) {\n            sum = sum + binomialCoeff(i, j);\n        }\n    }\n    return sum;\n}\n\ndeclare var require: any;\nconst assert = require('node:assert');\n\n\nfunction test() {\n  let candidate = sum_Of_product;\n  assert.deepEqual(candidate(3),15);\n  assert.deepEqual(candidate(4),56);\n  assert.deepEqual(candidate(1),1);\n}\n\ntest();",
      "timestamp": 1666123422,
      "stdout": "../../../../tmp/tmp4jv11626.ts(6,25): error TS2304: Cannot find name 'binomialCoeff'.\n",
      "stderr": "",
      "exit_code": 2,
      "status": "SyntaxError"
    },
    {
      "program": "//Write a tsthon function to find the sum of the product of consecutive binomial co-efficients.\nfunction sum_Of_product(n: number): number {\n    let sum: number = 0;\n    for (let i = 1; i <= n; i++) {\n        for (let j = 1; j <= i; j++) {\n            sum = sum + (factorial(i) / (factorial(j) * factorial(i - j)));\n        }\n    }\n    return sum;\n}\nconsole.log(sum_Of_product(5));\n\ndeclare var require: any;\nconst assert = require('node:assert');\n\n\nfunction test() {\n  let candidate = sum_Of_product;\n  assert.deepEqual(candidate(3),15);\n  assert.deepEqual(candidate(4),56);\n  assert.deepEqual(candidate(1),1);\n}\n\ntest();",
      "timestamp": 1666123422,
      "stdout": "../../../../tmp/tmpnlj9eljh.ts(6,26): error TS2304: Cannot find name 'factorial'.\n../../../../tmp/tmpnlj9eljh.ts(6,42): error TS2304: Cannot find name 'factorial'.\n../../../../tmp/tmpnlj9eljh.ts(6,57): error TS2304: Cannot find name 'factorial'.\n",
      "stderr": "",
      "exit_code": 2,
      "status": "SyntaxError"
    },
    {
      "program": "//Write a tsthon function to find the sum of the product of consecutive binomial co-efficients.\nfunction sum_Of_product(n: number): number {\n    let sum = 0;\n    for (let i = 0; i <= n; i++) {\n        for (let j = 0; j <= i; j++) {\n            sum += binomial_coefficient(i, j);\n        }\n    }\n    return sum;\n}\nconsole.log(sum_Of_product(4));\n\ndeclare var require: any;\nconst assert = require('node:assert');\n\n\nfunction test() {\n  let candidate = sum_Of_product;\n  assert.deepEqual(candidate(3),15);\n  assert.deepEqual(candidate(4),56);\n  assert.deepEqual(candidate(1),1);\n}\n\ntest();",
      "timestamp": 1665510312,
      "stdout": "../../../../tmp/tmp06e0dy3t.ts(6,20): error TS2304: Cannot find name 'binomial_coefficient'.\n",
      "stderr": "",
      "exit_code": 2,
      "status": "SyntaxError"
    },
    {
      "program": "//Write a tsthon function to find the sum of the product of consecutive binomial co-efficients.\nfunction sum_Of_product(n: number): number {\n    let sum = 0;\n    for (let i = 1; i <= n; i++) {\n        sum = sum + (factorial(n) / (factorial(i) * factorial(n - i)));\n    }\n    return sum;\n}\nconsole.log(sum_Of_product(5));\n\ndeclare var require: any;\nconst assert = require('node:assert');\n\n\nfunction test() {\n  let candidate = sum_Of_product;\n  assert.deepEqual(candidate(3),15);\n  assert.deepEqual(candidate(4),56);\n  assert.deepEqual(candidate(1),1);\n}\n\ntest();",
      "timestamp": 1666123419,
      "stdout": "../../../../tmp/tmp8bdr_9uo.ts(5,22): error TS2304: Cannot find name 'factorial'.\n../../../../tmp/tmp8bdr_9uo.ts(5,38): error TS2304: Cannot find name 'factorial'.\n../../../../tmp/tmp8bdr_9uo.ts(5,53): error TS2304: Cannot find name 'factorial'.\n",
      "stderr": "",
      "exit_code": 2,
      "status": "SyntaxError"
    },
    {
      "program": "//Write a tsthon function to find the sum of the product of consecutive binomial co-efficients.\nfunction sum_Of_product(n: number): number {\n    let sum: number = 0;\n    for (let i = 0; i <= n; i++) {\n        for (let j = 0; j <= i; j++) {\n            sum = sum + (factorial(i) / (factorial(j) * factorial(i - j)));\n        }\n    }\n    return sum;\n}\nconsole.log(sum_Of_product(4));\n\ndeclare var require: any;\nconst assert = require('node:assert');\n\n\nfunction test() {\n  let candidate = sum_Of_product;\n  assert.deepEqual(candidate(3),15);\n  assert.deepEqual(candidate(4),56);\n  assert.deepEqual(candidate(1),1);\n}\n\ntest();",
      "timestamp": 1665510312,
      "stdout": "../../../../tmp/tmpu36zcm3b.ts(6,26): error TS2304: Cannot find name 'factorial'.\n../../../../tmp/tmpu36zcm3b.ts(6,42): error TS2304: Cannot find name 'factorial'.\n../../../../tmp/tmpu36zcm3b.ts(6,57): error TS2304: Cannot find name 'factorial'.\n",
      "stderr": "",
      "exit_code": 2,
      "status": "SyntaxError"
    },
    {
      "program": "//Write a tsthon function to find the sum of the product of consecutive binomial co-efficients.\nfunction sum_Of_product(n: number): number {\n    let sum = 0;\n    for (let i = 0; i <= n; i++) {\n        for (let j = 0; j <= i; j++) {\n            sum += binomialCoeff(i, j);\n        }\n    }\n    return sum;\n}\n\ndeclare var require: any;\nconst assert = require('node:assert');\n\n\nfunction test() {\n  let candidate = sum_Of_product;\n  assert.deepEqual(candidate(3),15);\n  assert.deepEqual(candidate(4),56);\n  assert.deepEqual(candidate(1),1);\n}\n\ntest();",
      "timestamp": 1666123422,
      "stdout": "../../../../tmp/tmp_yizuij7.ts(6,20): error TS2304: Cannot find name 'binomialCoeff'.\n",
      "stderr": "",
      "exit_code": 2,
      "status": "SyntaxError"
    },
    {
      "program": "//Write a tsthon function to find the sum of the product of consecutive binomial co-efficients.\nfunction sum_Of_product(n: number): number {\n    let sum: number = 0;\n    for (let i = 0; i <= n; i++) {\n        for (let j = 0; j <= n; j++) {\n            sum = sum + (factorial(i) / (factorial(j) * factorial(i - j)));\n        }\n    }\n    return sum;\n}\nconsole.log(sum_Of_product(4));\n\ndeclare var require: any;\nconst assert = require('node:assert');\n\n\nfunction test() {\n  let candidate = sum_Of_product;\n  assert.deepEqual(candidate(3),15);\n  assert.deepEqual(candidate(4),56);\n  assert.deepEqual(candidate(1),1);\n}\n\ntest();",
      "timestamp": 1666123421,
      "stdout": "../../../../tmp/tmprbgdooew.ts(6,26): error TS2304: Cannot find name 'factorial'.\n../../../../tmp/tmprbgdooew.ts(6,42): error TS2304: Cannot find name 'factorial'.\n../../../../tmp/tmprbgdooew.ts(6,57): error TS2304: Cannot find name 'factorial'.\n",
      "stderr": "",
      "exit_code": 2,
      "status": "SyntaxError"
    },
    {
      "program": "//Write a tsthon function to find the sum of the product of consecutive binomial co-efficients.\nfunction sum_Of_product(n: number): number {\n    let sum: number = 0;\n    for (let i: number = 0; i < n; i++) {\n        for (let j: number = 0; j < n; j++) {\n            sum = sum + (factorial(i) / (factorial(j) * factorial(i - j)));\n        }\n    }\n    return sum;\n}\n\ndeclare var require: any;\nconst assert = require('node:assert');\n\n\nfunction test() {\n  let candidate = sum_Of_product;\n  assert.deepEqual(candidate(3),15);\n  assert.deepEqual(candidate(4),56);\n  assert.deepEqual(candidate(1),1);\n}\n\ntest();",
      "timestamp": 1666123421,
      "stdout": "../../../../tmp/tmphk5cmci_.ts(6,26): error TS2304: Cannot find name 'factorial'.\n../../../../tmp/tmphk5cmci_.ts(6,42): error TS2304: Cannot find name 'factorial'.\n../../../../tmp/tmphk5cmci_.ts(6,57): error TS2304: Cannot find name 'factorial'.\n",
      "stderr": "",
      "exit_code": 2,
      "status": "SyntaxError"
    },
    {
      "program": "//Write a tsthon function to find the sum of the product of consecutive binomial co-efficients.\nfunction sum_Of_product(n: number): number {\n    let sum: number = 0;\n    for (let i = 0; i <= n; i++) {\n        for (let j = 0; j <= i; j++) {\n            sum = sum + binomial(i, j);\n        }\n    }\n    return sum;\n}\nconsole.log(sum_Of_product(5));\n\ndeclare var require: any;\nconst assert = require('node:assert');\n\n\nfunction test() {\n  let candidate = sum_Of_product;\n  assert.deepEqual(candidate(3),15);\n  assert.deepEqual(candidate(4),56);\n  assert.deepEqual(candidate(1),1);\n}\n\ntest();",
      "timestamp": 1666123421,
      "stdout": "../../../../tmp/tmpd25zjzta.ts(6,25): error TS2304: Cannot find name 'binomial'.\n",
      "stderr": "",
      "exit_code": 2,
      "status": "SyntaxError"
    },
    {
      "program": "//Write a tsthon function to find the sum of the product of consecutive binomial co-efficients.\nfunction sum_Of_product(n: number): number {\n    let sum: number = 0;\n    for (let i = 0; i <= n; i++) {\n        for (let j = 0; j <= i; j++) {\n            sum = sum + (factorial(i) / (factorial(j) * factorial(i - j)));\n        }\n    }\n    return sum;\n}\nconsole.log(sum_Of_product(3));\n\ndeclare var require: any;\nconst assert = require('node:assert');\n\n\nfunction test() {\n  let candidate = sum_Of_product;\n  assert.deepEqual(candidate(3),15);\n  assert.deepEqual(candidate(4),56);\n  assert.deepEqual(candidate(1),1);\n}\n\ntest();",
      "timestamp": 1666123421,
      "stdout": "../../../../tmp/tmpmewtobh3.ts(6,26): error TS2304: Cannot find name 'factorial'.\n../../../../tmp/tmpmewtobh3.ts(6,42): error TS2304: Cannot find name 'factorial'.\n../../../../tmp/tmpmewtobh3.ts(6,57): error TS2304: Cannot find name 'factorial'.\n",
      "stderr": "",
      "exit_code": 2,
      "status": "SyntaxError"
    },
    {
      "program": "//Write a tsthon function to find the sum of the product of consecutive binomial co-efficients.\nfunction sum_Of_product(n: number): number {\n    let sum: number = 0;\n    for (let i: number = 0; i <= n; i++) {\n        sum = sum + (factorial(n) / (factorial(i) * factorial(n - i)));\n    }\n    return sum;\n}\n\ndeclare var require: any;\nconst assert = require('node:assert');\n\n\nfunction test() {\n  let candidate = sum_Of_product;\n  assert.deepEqual(candidate(3),15);\n  assert.deepEqual(candidate(4),56);\n  assert.deepEqual(candidate(1),1);\n}\n\ntest();",
      "timestamp": 1666123416,
      "stdout": "../../../../tmp/tmpk6p45sc6.ts(5,22): error TS2304: Cannot find name 'factorial'.\n../../../../tmp/tmpk6p45sc6.ts(5,38): error TS2304: Cannot find name 'factorial'.\n../../../../tmp/tmpk6p45sc6.ts(5,53): error TS2304: Cannot find name 'factorial'.\n",
      "stderr": "",
      "exit_code": 2,
      "status": "SyntaxError"
    },
    {
      "program": "//Write a tsthon function to find the sum of the product of consecutive binomial co-efficients.\nfunction sum_Of_product(n: number): number {\n    let sum: number = 0;\n    for (let i: number = 0; i <= n; i++) {\n        for (let j: number = 0; j <= i; j++) {\n            sum = sum + (binomialCoefficient(i, j) * binomialCoefficient(i, j));\n        }\n    }\n    return sum;\n}\n\ndeclare var require: any;\nconst assert = require('node:assert');\n\n\nfunction test() {\n  let candidate = sum_Of_product;\n  assert.deepEqual(candidate(3),15);\n  assert.deepEqual(candidate(4),56);\n  assert.deepEqual(candidate(1),1);\n}\n\ntest();",
      "timestamp": 1665510312,
      "stdout": "../../../../tmp/tmp9p2mdc6b.ts(6,26): error TS2304: Cannot find name 'binomialCoefficient'.\n../../../../tmp/tmp9p2mdc6b.ts(6,54): error TS2304: Cannot find name 'binomialCoefficient'.\n",
      "stderr": "",
      "exit_code": 2,
      "status": "SyntaxError"
    },
    {
      "program": "//Write a tsthon function to find the sum of the product of consecutive binomial co-efficients.\nfunction sum_Of_product(n: number): number {\n    let sum: number = 0;\n    for (let i: number = 0; i < n; i++) {\n        sum += factorial(n) / (factorial(i) * factorial(n - i));\n    }\n    return sum;\n}\nconsole.log(sum_Of_product(5));\n\ndeclare var require: any;\nconst assert = require('node:assert');\n\n\nfunction test() {\n  let candidate = sum_Of_product;\n  assert.deepEqual(candidate(3),15);\n  assert.deepEqual(candidate(4),56);\n  assert.deepEqual(candidate(1),1);\n}\n\ntest();",
      "timestamp": 1666123422,
      "stdout": "../../../../tmp/tmpbtffa6jk.ts(5,16): error TS2304: Cannot find name 'factorial'.\n../../../../tmp/tmpbtffa6jk.ts(5,32): error TS2304: Cannot find name 'factorial'.\n../../../../tmp/tmpbtffa6jk.ts(5,47): error TS2304: Cannot find name 'factorial'.\n",
      "stderr": "",
      "exit_code": 2,
      "status": "SyntaxError"
    },
    {
      "program": "//Write a tsthon function to find the sum of the product of consecutive binomial co-efficients.\nfunction sum_Of_product(n: number): number {\n    let sum: number = 0;\n    for (let i = 0; i <= n; i++) {\n        for (let j = 0; j <= i; j++) {\n            sum = sum + (factorial(i) / (factorial(j) * factorial(i - j)));\n        }\n    }\n    return sum;\n}\n\ndeclare var require: any;\nconst assert = require('node:assert');\n\n\nfunction test() {\n  let candidate = sum_Of_product;\n  assert.deepEqual(candidate(3),15);\n  assert.deepEqual(candidate(4),56);\n  assert.deepEqual(candidate(1),1);\n}\n\ntest();",
      "timestamp": 1666123419,
      "stdout": "../../../../tmp/tmp6u9muju6.ts(6,26): error TS2304: Cannot find name 'factorial'.\n../../../../tmp/tmp6u9muju6.ts(6,42): error TS2304: Cannot find name 'factorial'.\n../../../../tmp/tmp6u9muju6.ts(6,57): error TS2304: Cannot find name 'factorial'.\n",
      "stderr": "",
      "exit_code": 2,
      "status": "SyntaxError"
    },
    {
      "program": "//Write a tsthon function to find the sum of the product of consecutive binomial co-efficients.\nfunction sum_Of_product(n: number): number {\n    let sum: number = 0;\n    for (let i: number = 0; i <= n; i++) {\n        sum = sum + (factorial(n) / (factorial(i) * factorial(n - i)));\n    }\n    return sum;\n}\n\ndeclare var require: any;\nconst assert = require('node:assert');\n\n\nfunction test() {\n  let candidate = sum_Of_product;\n  assert.deepEqual(candidate(3),15);\n  assert.deepEqual(candidate(4),56);\n  assert.deepEqual(candidate(1),1);\n}\n\ntest();",
      "timestamp": 1666123416,
      "stdout": "../../../../tmp/tmpk6p45sc6.ts(5,22): error TS2304: Cannot find name 'factorial'.\n../../../../tmp/tmpk6p45sc6.ts(5,38): error TS2304: Cannot find name 'factorial'.\n../../../../tmp/tmpk6p45sc6.ts(5,53): error TS2304: Cannot find name 'factorial'.\n",
      "stderr": "",
      "exit_code": 2,
      "status": "SyntaxError"
    },
    {
      "program": "//Write a tsthon function to find the sum of the product of consecutive binomial co-efficients.\nfunction sum_Of_product(n: number): number {\n    let sum = 0;\n    for (let i = 0; i <= n; i++) {\n        for (let j = 0; j <= i; j++) {\n            sum += binomial_coefficient(i, j);\n        }\n    }\n    return sum;\n}\nconsole.log(sum_Of_product(4));\n\ndeclare var require: any;\nconst assert = require('node:assert');\n\n\nfunction test() {\n  let candidate = sum_Of_product;\n  assert.deepEqual(candidate(3),15);\n  assert.deepEqual(candidate(4),56);\n  assert.deepEqual(candidate(1),1);\n}\n\ntest();",
      "timestamp": 1665510312,
      "stdout": "../../../../tmp/tmp06e0dy3t.ts(6,20): error TS2304: Cannot find name 'binomial_coefficient'.\n",
      "stderr": "",
      "exit_code": 2,
      "status": "SyntaxError"
    },
    {
      "program": "//Write a tsthon function to find the sum of the product of consecutive binomial co-efficients.\nfunction sum_Of_product(n: number): number {\n    let sum = 0;\n    for (let i = 0; i <= n; i++) {\n        for (let j = 0; j <= i; j++) {\n            sum += binomial_coefficient(i, j);\n        }\n    }\n    return sum;\n}\n\ndeclare var require: any;\nconst assert = require('node:assert');\n\n\nfunction test() {\n  let candidate = sum_Of_product;\n  assert.deepEqual(candidate(3),15);\n  assert.deepEqual(candidate(4),56);\n  assert.deepEqual(candidate(1),1);\n}\n\ntest();",
      "timestamp": 1666123419,
      "stdout": "../../../../tmp/tmphv7is429.ts(6,20): error TS2304: Cannot find name 'binomial_coefficient'.\n",
      "stderr": "",
      "exit_code": 2,
      "status": "SyntaxError"
    },
    {
      "program": "//Write a tsthon function to find the sum of the product of consecutive binomial co-efficients.\nfunction sum_Of_product(n: number): number {\n    let sum: number = 0;\n    for (let i = 0; i < n; i++) {\n        sum += factorial(n) / (factorial(i) * factorial(n - i));\n    }\n    return sum;\n}\nconsole.log(sum_Of_product(5));\n\ndeclare var require: any;\nconst assert = require('node:assert');\n\n\nfunction test() {\n  let candidate = sum_Of_product;\n  assert.deepEqual(candidate(3),15);\n  assert.deepEqual(candidate(4),56);\n  assert.deepEqual(candidate(1),1);\n}\n\ntest();",
      "timestamp": 1666123422,
      "stdout": "../../../../tmp/tmpayq_szw5.ts(5,16): error TS2304: Cannot find name 'factorial'.\n../../../../tmp/tmpayq_szw5.ts(5,32): error TS2304: Cannot find name 'factorial'.\n../../../../tmp/tmpayq_szw5.ts(5,47): error TS2304: Cannot find name 'factorial'.\n",
      "stderr": "",
      "exit_code": 2,
      "status": "SyntaxError"
    },
    {
      "program": "//Write a tsthon function to find the sum of the product of consecutive binomial co-efficients.\nfunction sum_Of_product(n: number): number {\n    let sum: number = 0;\n    for (let i = 0; i <= n; i++) {\n        for (let j = 0; j <= i; j++) {\n            sum = sum + (factorial(i) / (factorial(j) * factorial(i - j)));\n        }\n    }\n    return sum;\n}\nconsole.log(sum_Of_product(5));\ndeclare var require: any;\nconst assert = require('node:assert');\n\n\nfunction test() {\n  let candidate = sum_Of_product;\n  assert.deepEqual(candidate(3),15);\n  assert.deepEqual(candidate(4),56);\n  assert.deepEqual(candidate(1),1);\n}\n\ntest();",
      "timestamp": 1666123422,
      "stdout": "../../../../tmp/tmp3hfe49kx.ts(6,26): error TS2304: Cannot find name 'factorial'.\n../../../../tmp/tmp3hfe49kx.ts(6,42): error TS2304: Cannot find name 'factorial'.\n../../../../tmp/tmp3hfe49kx.ts(6,57): error TS2304: Cannot find name 'factorial'.\n",
      "stderr": "",
      "exit_code": 2,
      "status": "SyntaxError"
    },
    {
      "program": "//Write a tsthon function to find the sum of the product of consecutive binomial co-efficients.\nfunction sum_Of_product(n: number): number {\n    let sum: number = 0;\n    for (let i = 0; i <= n; i++) {\n        for (let j = 0; j <= n; j++) {\n            sum += (factorial(n) / (factorial(i) * factorial(j)))\n        }\n    }\n    return sum;\n}\nconsole.log(sum_Of_product(4));\n\ndeclare var require: any;\nconst assert = require('node:assert');\n\n\nfunction test() {\n  let candidate = sum_Of_product;\n  assert.deepEqual(candidate(3),15);\n  assert.deepEqual(candidate(4),56);\n  assert.deepEqual(candidate(1),1);\n}\n\ntest();",
      "timestamp": 1666123421,
      "stdout": "../../../../tmp/tmpu4jlcjxs.ts(6,21): error TS2304: Cannot find name 'factorial'.\n../../../../tmp/tmpu4jlcjxs.ts(6,37): error TS2304: Cannot find name 'factorial'.\n../../../../tmp/tmpu4jlcjxs.ts(6,52): error TS2304: Cannot find name 'factorial'.\n",
      "stderr": "",
      "exit_code": 2,
      "status": "SyntaxError"
    },
    {
      "program": "//Write a tsthon function to find the sum of the product of consecutive binomial co-efficients.\nfunction sum_Of_product(n: number): number {\n    let sum: number = 0;\n    for (let i = 1; i <= n; i++) {\n        sum += (factorial(n) / (factorial(i) * factorial(n - i)));\n    }\n    return sum;\n}\n\ndeclare var require: any;\nconst assert = require('node:assert');\n\n\nfunction test() {\n  let candidate = sum_Of_product;\n  assert.deepEqual(candidate(3),15);\n  assert.deepEqual(candidate(4),56);\n  assert.deepEqual(candidate(1),1);\n}\n\ntest();",
      "timestamp": 1666123419,
      "stdout": "../../../../tmp/tmp9sjcm19_.ts(5,17): error TS2304: Cannot find name 'factorial'.\n../../../../tmp/tmp9sjcm19_.ts(5,33): error TS2304: Cannot find name 'factorial'.\n../../../../tmp/tmp9sjcm19_.ts(5,48): error TS2304: Cannot find name 'factorial'.\n",
      "stderr": "",
      "exit_code": 2,
      "status": "SyntaxError"
    },
    {
      "program": "//Write a tsthon function to find the sum of the product of consecutive binomial co-efficients.\nfunction sum_Of_product(n: number): number {\n    let sum = 0;\n    for (let i = 0; i <= n; i++) {\n        for (let j = 0; j <= i; j++) {\n            sum += binomial_coefficient(i, j);\n        }\n    }\n    return sum;\n}\n\ndeclare var require: any;\nconst assert = require('node:assert');\n\n\nfunction test() {\n  let candidate = sum_Of_product;\n  assert.deepEqual(candidate(3),15);\n  assert.deepEqual(candidate(4),56);\n  assert.deepEqual(candidate(1),1);\n}\n\ntest();",
      "timestamp": 1666123419,
      "stdout": "../../../../tmp/tmphv7is429.ts(6,20): error TS2304: Cannot find name 'binomial_coefficient'.\n",
      "stderr": "",
      "exit_code": 2,
      "status": "SyntaxError"
    },
    {
      "program": "//Write a tsthon function to find the sum of the product of consecutive binomial co-efficients.\nfunction sum_Of_product(n: number): number {\n    let sum: number = 0;\n    for (let i = 0; i <= n; i++) {\n        for (let j = 0; j <= i; j++) {\n            sum += binomial_coefficient(i, j);\n        }\n    }\n    return sum;\n}\n\nconsole.log(sum_Of_product(3));\ndeclare var require: any;\nconst assert = require('node:assert');\n\n\nfunction test() {\n  let candidate = sum_Of_product;\n  assert.deepEqual(candidate(3),15);\n  assert.deepEqual(candidate(4),56);\n  assert.deepEqual(candidate(1),1);\n}\n\ntest();",
      "timestamp": 1666123422,
      "stdout": "../../../../tmp/tmp9kf2npww.ts(6,20): error TS2304: Cannot find name 'binomial_coefficient'.\n",
      "stderr": "",
      "exit_code": 2,
      "status": "SyntaxError"
    },
    {
      "program": "//Write a tsthon function to find the sum of the product of consecutive binomial co-efficients.\nfunction sum_Of_product(n: number): number {\n    let sum: number = 0;\n    for (let i = 0; i <= n; i++) {\n        for (let j = 0; j <= i; j++) {\n            sum += binomialCoeff(i, j) * binomialCoeff(i, j);\n        }\n    }\n    return sum;\n}\n\ndeclare var require: any;\nconst assert = require('node:assert');\n\n\nfunction test() {\n  let candidate = sum_Of_product;\n  assert.deepEqual(candidate(3),15);\n  assert.deepEqual(candidate(4),56);\n  assert.deepEqual(candidate(1),1);\n}\n\ntest();",
      "timestamp": 1666123422,
      "stdout": "../../../../tmp/tmph_fpex74.ts(6,20): error TS2304: Cannot find name 'binomialCoeff'.\n../../../../tmp/tmph_fpex74.ts(6,42): error TS2304: Cannot find name 'binomialCoeff'.\n",
      "stderr": "",
      "exit_code": 2,
      "status": "SyntaxError"
    },
    {
      "program": "//Write a tsthon function to find the sum of the product of consecutive binomial co-efficients.\nfunction sum_Of_product(n: number): number {\n    let sum: number = 0;\n    for (let i: number = 0; i < n; i++) {\n        for (let j: number = 0; j <= i; j++) {\n            sum = sum + (factorial(i) / (factorial(j) * factorial(i - j)));\n        }\n    }\n    return sum;\n}\nconsole.log(\"Sum of product of consecutive binomial co-efficients is \" + sum_Of_product(4));\n\ndeclare var require: any;\nconst assert = require('node:assert');\n\n\nfunction test() {\n  let candidate = sum_Of_product;\n  assert.deepEqual(candidate(3),15);\n  assert.deepEqual(candidate(4),56);\n  assert.deepEqual(candidate(1),1);\n}\n\ntest();",
      "timestamp": 1666123422,
      "stdout": "../../../../tmp/tmpxl5t1p1l.ts(6,26): error TS2304: Cannot find name 'factorial'.\n../../../../tmp/tmpxl5t1p1l.ts(6,42): error TS2304: Cannot find name 'factorial'.\n../../../../tmp/tmpxl5t1p1l.ts(6,57): error TS2304: Cannot find name 'factorial'.\n",
      "stderr": "",
      "exit_code": 2,
      "status": "SyntaxError"
    },
    {
      "program": "//Write a tsthon function to find the sum of the product of consecutive binomial co-efficients.\nfunction sum_Of_product(n: number): number {\n    let sum: number = 0;\n    for (let i = 0; i <= n; i++) {\n        sum = sum + (factorial(n) / (factorial(i) * factorial(n - i)));\n    }\n    return sum;\n}\nconsole.log(sum_Of_product(5));\n\ndeclare var require: any;\nconst assert = require('node:assert');\n\n\nfunction test() {\n  let candidate = sum_Of_product;\n  assert.deepEqual(candidate(3),15);\n  assert.deepEqual(candidate(4),56);\n  assert.deepEqual(candidate(1),1);\n}\n\ntest();",
      "timestamp": 1666123422,
      "stdout": "../../../../tmp/tmpmdkwqz0c.ts(5,22): error TS2304: Cannot find name 'factorial'.\n../../../../tmp/tmpmdkwqz0c.ts(5,38): error TS2304: Cannot find name 'factorial'.\n../../../../tmp/tmpmdkwqz0c.ts(5,53): error TS2304: Cannot find name 'factorial'.\n",
      "stderr": "",
      "exit_code": 2,
      "status": "SyntaxError"
    },
    {
      "program": "//Write a tsthon function to find the sum of the product of consecutive binomial co-efficients.\nfunction sum_Of_product(n: number): number {\n    let sum: number = 0;\n    for (let i = 0; i <= n; i++) {\n        for (let j = 0; j <= n; j++) {\n            sum = sum + (factorial(i) / (factorial(j) * factorial(i - j)));\n        }\n    }\n    return sum;\n}\nconsole.log(\"sum of product of consecutive binomial co-efficients is: \" + sum_Of_product(4));\n\ndeclare var require: any;\nconst assert = require('node:assert');\n\n\nfunction test() {\n  let candidate = sum_Of_product;\n  assert.deepEqual(candidate(3),15);\n  assert.deepEqual(candidate(4),56);\n  assert.deepEqual(candidate(1),1);\n}\n\ntest();",
      "timestamp": 1666123422,
      "stdout": "../../../../tmp/tmp5aelciga.ts(6,26): error TS2304: Cannot find name 'factorial'.\n../../../../tmp/tmp5aelciga.ts(6,42): error TS2304: Cannot find name 'factorial'.\n../../../../tmp/tmp5aelciga.ts(6,57): error TS2304: Cannot find name 'factorial'.\n",
      "stderr": "",
      "exit_code": 2,
      "status": "SyntaxError"
    },
    {
      "program": "//Write a tsthon function to find the sum of the product of consecutive binomial co-efficients.\nfunction sum_Of_product(n: number): number {\n    let sum = 0;\n    for (let i = 0; i <= n; i++) {\n        for (let j = 0; j <= i; j++) {\n            sum = sum + binomial_coefficient(i, j);\n        }\n    }\n    return sum;\n}\nconsole.log(sum_Of_product(4));\n\ndeclare var require: any;\nconst assert = require('node:assert');\n\n\nfunction test() {\n  let candidate = sum_Of_product;\n  assert.deepEqual(candidate(3),15);\n  assert.deepEqual(candidate(4),56);\n  assert.deepEqual(candidate(1),1);\n}\n\ntest();",
      "timestamp": 1666123422,
      "stdout": "../../../../tmp/tmpl4v0idn_.ts(6,25): error TS2304: Cannot find name 'binomial_coefficient'.\n",
      "stderr": "",
      "exit_code": 2,
      "status": "SyntaxError"
    },
    {
      "program": "//Write a tsthon function to find the sum of the product of consecutive binomial co-efficients.\nfunction sum_Of_product(n: number): number {\n    let sum: number = 0;\n    for (let i: number = 0; i <= n; i++) {\n        sum = sum + (factorial(n) / (factorial(i) * factorial(n - i)));\n    }\n    return sum;\n}\nconsole.log(sum_Of_product(5));\n\ndeclare var require: any;\nconst assert = require('node:assert');\n\n\nfunction test() {\n  let candidate = sum_Of_product;\n  assert.deepEqual(candidate(3),15);\n  assert.deepEqual(candidate(4),56);\n  assert.deepEqual(candidate(1),1);\n}\n\ntest();",
      "timestamp": 1666123422,
      "stdout": "../../../../tmp/tmp3o946iep.ts(5,22): error TS2304: Cannot find name 'factorial'.\n../../../../tmp/tmp3o946iep.ts(5,38): error TS2304: Cannot find name 'factorial'.\n../../../../tmp/tmp3o946iep.ts(5,53): error TS2304: Cannot find name 'factorial'.\n",
      "stderr": "",
      "exit_code": 2,
      "status": "SyntaxError"
    },
    {
      "program": "//Write a tsthon function to find the sum of the product of consecutive binomial co-efficients.\nfunction sum_Of_product(n: number): number {\n    let sum: number = 0;\n    for (let i = 0; i <= n; i++) {\n        for (let j = 0; j <= n; j++) {\n            sum = sum + (factorial(n) / (factorial(i) * factorial(n - i))) * (factorial(n) / (factorial(j) * factorial(n - j)));\n        }\n    }\n    return sum;\n}\nconsole.log(sum_Of_product(5));\n\ndeclare var require: any;\nconst assert = require('node:assert');\n\n\nfunction test() {\n  let candidate = sum_Of_product;\n  assert.deepEqual(candidate(3),15);\n  assert.deepEqual(candidate(4),56);\n  assert.deepEqual(candidate(1),1);\n}\n\ntest();",
      "timestamp": 1666123416,
      "stdout": "../../../../tmp/tmpa6mquj3v.ts(6,26): error TS2304: Cannot find name 'factorial'.\n../../../../tmp/tmpa6mquj3v.ts(6,42): error TS2304: Cannot find name 'factorial'.\n../../../../tmp/tmpa6mquj3v.ts(6,57): error TS2304: Cannot find name 'factorial'.\n../../../../tmp/tmpa6mquj3v.ts(6,79): error TS2304: Cannot find name 'factorial'.\n../../../../tmp/tmpa6mquj3v.ts(6,95): error TS2304: Cannot find name 'factorial'.\n../../../../tmp/tmpa6mquj3v.ts(6,110): error TS2304: Cannot find name 'factorial'.\n",
      "stderr": "",
      "exit_code": 2,
      "status": "SyntaxError"
    },
    {
      "program": "//Write a tsthon function to find the sum of the product of consecutive binomial co-efficients.\nfunction sum_Of_product(n: number): number {\n    let sum: number = 0;\n    for (let i: number = 0; i <= n; i++) {\n        sum = sum + (factorial(n) / (factorial(i) * factorial(n - i)));\n    }\n    return sum;\n}\n\ndeclare var require: any;\nconst assert = require('node:assert');\n\n\nfunction test() {\n  let candidate = sum_Of_product;\n  assert.deepEqual(candidate(3),15);\n  assert.deepEqual(candidate(4),56);\n  assert.deepEqual(candidate(1),1);\n}\n\ntest();",
      "timestamp": 1666123416,
      "stdout": "../../../../tmp/tmpk6p45sc6.ts(5,22): error TS2304: Cannot find name 'factorial'.\n../../../../tmp/tmpk6p45sc6.ts(5,38): error TS2304: Cannot find name 'factorial'.\n../../../../tmp/tmpk6p45sc6.ts(5,53): error TS2304: Cannot find name 'factorial'.\n",
      "stderr": "",
      "exit_code": 2,
      "status": "SyntaxError"
    },
    {
      "program": "//Write a tsthon function to find the sum of the product of consecutive binomial co-efficients.\nfunction sum_Of_product(n: number): number {\n    let sum: number = 0;\n    for (let i = 0; i <= n; i++) {\n        for (let j = 0; j <= i; j++) {\n            sum = sum + (factorial(i) / (factorial(j) * factorial(i - j)));\n        }\n    }\n    return sum;\n}\nconsole.log(\"Sum of the product of consecutive binomial co-efficients is: \" + sum_Of_product(5));\n\ndeclare var require: any;\nconst assert = require('node:assert');\n\n\nfunction test() {\n  let candidate = sum_Of_product;\n  assert.deepEqual(candidate(3),15);\n  assert.deepEqual(candidate(4),56);\n  assert.deepEqual(candidate(1),1);\n}\n\ntest();",
      "timestamp": 1666123422,
      "stdout": "../../../../tmp/tmpk92tsjcr.ts(6,26): error TS2304: Cannot find name 'factorial'.\n../../../../tmp/tmpk92tsjcr.ts(6,42): error TS2304: Cannot find name 'factorial'.\n../../../../tmp/tmpk92tsjcr.ts(6,57): error TS2304: Cannot find name 'factorial'.\n",
      "stderr": "",
      "exit_code": 2,
      "status": "SyntaxError"
    },
    {
      "program": "//Write a tsthon function to find the sum of the product of consecutive binomial co-efficients.\nfunction sum_Of_product(n: number): number {\n    let sum: number = 0;\n    for (let i = 0; i <= n; i++) {\n        for (let j = 0; j <= i; j++) {\n            sum += binomial_coefficient(i, j);\n        }\n    }\n    return sum;\n}\n\ndeclare var require: any;\nconst assert = require('node:assert');\n\n\nfunction test() {\n  let candidate = sum_Of_product;\n  assert.deepEqual(candidate(3),15);\n  assert.deepEqual(candidate(4),56);\n  assert.deepEqual(candidate(1),1);\n}\n\ntest();",
      "timestamp": 1666123416,
      "stdout": "../../../../tmp/tmppdvbzs3l.ts(6,20): error TS2304: Cannot find name 'binomial_coefficient'.\n",
      "stderr": "",
      "exit_code": 2,
      "status": "SyntaxError"
    },
    {
      "program": "//Write a tsthon function to find the sum of the product of consecutive binomial co-efficients.\nfunction sum_Of_product(n: number): number {\n    let sum: number = 0;\n    for (let i: number = 1; i <= n; i++) {\n        for (let j: number = 1; j <= i; j++) {\n            sum += binomial_coefficient(i, j);\n        }\n    }\n    return sum;\n}\nconsole.log(sum_Of_product(4));\n\ndeclare var require: any;\nconst assert = require('node:assert');\n\n\nfunction test() {\n  let candidate = sum_Of_product;\n  assert.deepEqual(candidate(3),15);\n  assert.deepEqual(candidate(4),56);\n  assert.deepEqual(candidate(1),1);\n}\n\ntest();",
      "timestamp": 1666123422,
      "stdout": "../../../../tmp/tmp3sqgebme.ts(6,20): error TS2304: Cannot find name 'binomial_coefficient'.\n",
      "stderr": "",
      "exit_code": 2,
      "status": "SyntaxError"
    },
    {
      "program": "//Write a tsthon function to find the sum of the product of consecutive binomial co-efficients.\nfunction sum_Of_product(n: number): number {\n    let sum: number = 0;\n    for (let i: number = 0; i <= n; i++) {\n        for (let j: number = 0; j <= i; j++) {\n            sum = sum + (factorial(i) / (factorial(j) * factorial(i - j)));\n        }\n    }\n    return sum;\n}\n\ndeclare var require: any;\nconst assert = require('node:assert');\n\n\nfunction test() {\n  let candidate = sum_Of_product;\n  assert.deepEqual(candidate(3),15);\n  assert.deepEqual(candidate(4),56);\n  assert.deepEqual(candidate(1),1);\n}\n\ntest();",
      "timestamp": 1665510312,
      "stdout": "../../../../tmp/tmp_4ag3gpo.ts(6,26): error TS2304: Cannot find name 'factorial'.\n../../../../tmp/tmp_4ag3gpo.ts(6,42): error TS2304: Cannot find name 'factorial'.\n../../../../tmp/tmp_4ag3gpo.ts(6,57): error TS2304: Cannot find name 'factorial'.\n",
      "stderr": "",
      "exit_code": 2,
      "status": "SyntaxError"
    },
    {
      "program": "//Write a tsthon function to find the sum of the product of consecutive binomial co-efficients.\nfunction sum_Of_product(n: number): number {\n    let sum: number = 0;\n    for (let i: number = 0; i <= n; i++) {\n        for (let j: number = 0; j <= i; j++) {\n            sum = sum + binomial(i, j);\n        }\n    }\n    return sum;\n}\n\ndeclare var require: any;\nconst assert = require('node:assert');\n\n\nfunction test() {\n  let candidate = sum_Of_product;\n  assert.deepEqual(candidate(3),15);\n  assert.deepEqual(candidate(4),56);\n  assert.deepEqual(candidate(1),1);\n}\n\ntest();",
      "timestamp": 1666123424,
      "stdout": "../../../../tmp/tmp2t8szru_.ts(6,25): error TS2304: Cannot find name 'binomial'.\n",
      "stderr": "",
      "exit_code": 2,
      "status": "SyntaxError"
    },
    {
      "program": "//Write a tsthon function to find the sum of the product of consecutive binomial co-efficients.\nfunction sum_Of_product(n: number): number {\n    let sum = 0;\n    for (let i = 0; i <= n; i++) {\n        for (let j = 0; j <= i; j++) {\n            sum = sum + (factorial(i) / (factorial(j) * factorial(i - j)));\n        }\n    }\n    return sum;\n}\n\ndeclare var require: any;\nconst assert = require('node:assert');\n\n\nfunction test() {\n  let candidate = sum_Of_product;\n  assert.deepEqual(candidate(3),15);\n  assert.deepEqual(candidate(4),56);\n  assert.deepEqual(candidate(1),1);\n}\n\ntest();",
      "timestamp": 1666123424,
      "stdout": "../../../../tmp/tmpusutml2l.ts(6,26): error TS2304: Cannot find name 'factorial'.\n../../../../tmp/tmpusutml2l.ts(6,42): error TS2304: Cannot find name 'factorial'.\n../../../../tmp/tmpusutml2l.ts(6,57): error TS2304: Cannot find name 'factorial'.\n",
      "stderr": "",
      "exit_code": 2,
      "status": "SyntaxError"
    },
    {
      "program": "//Write a tsthon function to find the sum of the product of consecutive binomial co-efficients.\nfunction sum_Of_product(n: number): number {\n    let sum: number = 0;\n    for (let i: number = 0; i <= n; i++) {\n        for (let j: number = 0; j <= i; j++) {\n            sum = sum + (binomialCoeff(i, j) * binomialCoeff(i, j));\n        }\n    }\n    return sum;\n}\n\ndeclare var require: any;\nconst assert = require('node:assert');\n\n\nfunction test() {\n  let candidate = sum_Of_product;\n  assert.deepEqual(candidate(3),15);\n  assert.deepEqual(candidate(4),56);\n  assert.deepEqual(candidate(1),1);\n}\n\ntest();",
      "timestamp": 1666123419,
      "stdout": "../../../../tmp/tmp3nd8vi3x.ts(6,26): error TS2304: Cannot find name 'binomialCoeff'.\n../../../../tmp/tmp3nd8vi3x.ts(6,48): error TS2304: Cannot find name 'binomialCoeff'.\n",
      "stderr": "",
      "exit_code": 2,
      "status": "SyntaxError"
    },
    {
      "program": "//Write a tsthon function to find the sum of the product of consecutive binomial co-efficients.\nfunction sum_Of_product(n: number): number {\n    let sum: number = 0;\n    for (let i = 0; i <= n; i++) {\n        for (let j = 0; j <= n; j++) {\n            sum = sum + binomial_coefficient(i, j);\n        }\n    }\n    return sum;\n}\n\ndeclare var require: any;\nconst assert = require('node:assert');\n\n\nfunction test() {\n  let candidate = sum_Of_product;\n  assert.deepEqual(candidate(3),15);\n  assert.deepEqual(candidate(4),56);\n  assert.deepEqual(candidate(1),1);\n}\n\ntest();",
      "timestamp": 1666123424,
      "stdout": "../../../../tmp/tmpt4bp_ayy.ts(6,25): error TS2304: Cannot find name 'binomial_coefficient'.\n",
      "stderr": "",
      "exit_code": 2,
      "status": "SyntaxError"
    },
    {
      "program": "//Write a tsthon function to find the sum of the product of consecutive binomial co-efficients.\nfunction sum_Of_product(n: number): number {\n    let sum: number = 0;\n    for (let i: number = 1; i <= n; i++) {\n        for (let j: number = 1; j <= i; j++) {\n            sum = sum + (factorial(i) / (factorial(j) * factorial(i - j)));\n        }\n    }\n    return sum;\n}\nconsole.log(sum_Of_product(4));\n\ndeclare var require: any;\nconst assert = require('node:assert');\n\n\nfunction test() {\n  let candidate = sum_Of_product;\n  assert.deepEqual(candidate(3),15);\n  assert.deepEqual(candidate(4),56);\n  assert.deepEqual(candidate(1),1);\n}\n\ntest();",
      "timestamp": 1666123424,
      "stdout": "../../../../tmp/tmpdsznjakm.ts(6,26): error TS2304: Cannot find name 'factorial'.\n../../../../tmp/tmpdsznjakm.ts(6,42): error TS2304: Cannot find name 'factorial'.\n../../../../tmp/tmpdsznjakm.ts(6,57): error TS2304: Cannot find name 'factorial'.\n",
      "stderr": "",
      "exit_code": 2,
      "status": "SyntaxError"
    },
    {
      "program": "//Write a tsthon function to find the sum of the product of consecutive binomial co-efficients.\nfunction sum_Of_product(n: number): number {\n    let sum = 0;\n    for (let i = 1; i <= n; i++) {\n        sum += factorial(n) / (factorial(i) * factorial(n - i));\n    }\n    return sum;\n}\nconsole.log(sum_Of_product(5));\n\ndeclare var require: any;\nconst assert = require('node:assert');\n\n\nfunction test() {\n  let candidate = sum_Of_product;\n  assert.deepEqual(candidate(3),15);\n  assert.deepEqual(candidate(4),56);\n  assert.deepEqual(candidate(1),1);\n}\n\ntest();",
      "timestamp": 1666123424,
      "stdout": "../../../../tmp/tmp3s53xzt1.ts(5,16): error TS2304: Cannot find name 'factorial'.\n../../../../tmp/tmp3s53xzt1.ts(5,32): error TS2304: Cannot find name 'factorial'.\n../../../../tmp/tmp3s53xzt1.ts(5,47): error TS2304: Cannot find name 'factorial'.\n",
      "stderr": "",
      "exit_code": 2,
      "status": "SyntaxError"
    },
    {
      "program": "//Write a tsthon function to find the sum of the product of consecutive binomial co-efficients.\nfunction sum_Of_product(n: number): number {\n    let sum = 0;\n    for (let i = 0; i <= n; i++) {\n        for (let j = 0; j <= i; j++) {\n            sum = sum + (factorial(i) / (factorial(j) * factorial(i - j)));\n        }\n    }\n    return sum;\n}\nconsole.log(sum_Of_product(5));\n\ndeclare var require: any;\nconst assert = require('node:assert');\n\n\nfunction test() {\n  let candidate = sum_Of_product;\n  assert.deepEqual(candidate(3),15);\n  assert.deepEqual(candidate(4),56);\n  assert.deepEqual(candidate(1),1);\n}\n\ntest();",
      "timestamp": 1666123416,
      "stdout": "../../../../tmp/tmpmwd61btd.ts(6,26): error TS2304: Cannot find name 'factorial'.\n../../../../tmp/tmpmwd61btd.ts(6,42): error TS2304: Cannot find name 'factorial'.\n../../../../tmp/tmpmwd61btd.ts(6,57): error TS2304: Cannot find name 'factorial'.\n",
      "stderr": "",
      "exit_code": 2,
      "status": "SyntaxError"
    },
    {
      "program": "//Write a tsthon function to find the sum of the product of consecutive binomial co-efficients.\nfunction sum_Of_product(n: number): number {\n    let sum = 0;\n    for (let i = 0; i <= n; i++) {\n        for (let j = 0; j <= i; j++) {\n            sum += binomial_coefficient(i, j);\n        }\n    }\n    return sum;\n}\n\ndeclare var require: any;\nconst assert = require('node:assert');\n\n\nfunction test() {\n  let candidate = sum_Of_product;\n  assert.deepEqual(candidate(3),15);\n  assert.deepEqual(candidate(4),56);\n  assert.deepEqual(candidate(1),1);\n}\n\ntest();",
      "timestamp": 1666123419,
      "stdout": "../../../../tmp/tmphv7is429.ts(6,20): error TS2304: Cannot find name 'binomial_coefficient'.\n",
      "stderr": "",
      "exit_code": 2,
      "status": "SyntaxError"
    },
    {
      "program": "//Write a tsthon function to find the sum of the product of consecutive binomial co-efficients.\nfunction sum_Of_product(n: number): number {\n    let sum = 0;\n    for (let i = 0; i <= n; i++) {\n        for (let j = 0; j <= i; j++) {\n            sum = sum + (factorial(i) / (factorial(j) * factorial(i - j)));\n        }\n    }\n    return sum;\n}\nconsole.log(sum_Of_product(5));\n\ndeclare var require: any;\nconst assert = require('node:assert');\n\n\nfunction test() {\n  let candidate = sum_Of_product;\n  assert.deepEqual(candidate(3),15);\n  assert.deepEqual(candidate(4),56);\n  assert.deepEqual(candidate(1),1);\n}\n\ntest();",
      "timestamp": 1666123416,
      "stdout": "../../../../tmp/tmpmwd61btd.ts(6,26): error TS2304: Cannot find name 'factorial'.\n../../../../tmp/tmpmwd61btd.ts(6,42): error TS2304: Cannot find name 'factorial'.\n../../../../tmp/tmpmwd61btd.ts(6,57): error TS2304: Cannot find name 'factorial'.\n",
      "stderr": "",
      "exit_code": 2,
      "status": "SyntaxError"
    },
    {
      "program": "//Write a tsthon function to find the sum of the product of consecutive binomial co-efficients.\nfunction sum_Of_product(n: number): number {\n    let sum = 0;\n    for (let i = 0; i <= n; i++) {\n        for (let j = 0; j <= i; j++) {\n            sum += binomial_coefficient(i, j);\n        }\n    }\n    return sum;\n}\nconsole.log(sum_Of_product(4));\n\ndeclare var require: any;\nconst assert = require('node:assert');\n\n\nfunction test() {\n  let candidate = sum_Of_product;\n  assert.deepEqual(candidate(3),15);\n  assert.deepEqual(candidate(4),56);\n  assert.deepEqual(candidate(1),1);\n}\n\ntest();",
      "timestamp": 1665510312,
      "stdout": "../../../../tmp/tmp06e0dy3t.ts(6,20): error TS2304: Cannot find name 'binomial_coefficient'.\n",
      "stderr": "",
      "exit_code": 2,
      "status": "SyntaxError"
    },
    {
      "program": "//Write a tsthon function to find the sum of the product of consecutive binomial co-efficients.\nfunction sum_Of_product(n: number): number {\n    let sum = 0;\n    for (let i = 0; i <= n; i++) {\n        for (let j = 0; j <= i; j++) {\n            sum = sum + (factorial(i) / (factorial(j) * factorial(i - j)));\n        }\n    }\n    return sum;\n}\nconsole.log(sum_Of_product(4));\n\ndeclare var require: any;\nconst assert = require('node:assert');\n\n\nfunction test() {\n  let candidate = sum_Of_product;\n  assert.deepEqual(candidate(3),15);\n  assert.deepEqual(candidate(4),56);\n  assert.deepEqual(candidate(1),1);\n}\n\ntest();",
      "timestamp": 1666123424,
      "stdout": "../../../../tmp/tmp8_dj5ssg.ts(6,26): error TS2304: Cannot find name 'factorial'.\n../../../../tmp/tmp8_dj5ssg.ts(6,42): error TS2304: Cannot find name 'factorial'.\n../../../../tmp/tmp8_dj5ssg.ts(6,57): error TS2304: Cannot find name 'factorial'.\n",
      "stderr": "",
      "exit_code": 2,
      "status": "SyntaxError"
    },
    {
      "program": "//Write a tsthon function to find the sum of the product of consecutive binomial co-efficients.\nfunction sum_Of_product(n: number): number {\n    let sum = 0;\n    for (let i = 0; i <= n; i++) {\n        for (let j = 0; j <= i; j++) {\n            sum = sum + (factorial(i) / (factorial(j) * factorial(i - j)));\n        }\n    }\n    return sum;\n}\n\ndeclare var require: any;\nconst assert = require('node:assert');\n\n\nfunction test() {\n  let candidate = sum_Of_product;\n  assert.deepEqual(candidate(3),15);\n  assert.deepEqual(candidate(4),56);\n  assert.deepEqual(candidate(1),1);\n}\n\ntest();",
      "timestamp": 1666123424,
      "stdout": "../../../../tmp/tmpusutml2l.ts(6,26): error TS2304: Cannot find name 'factorial'.\n../../../../tmp/tmpusutml2l.ts(6,42): error TS2304: Cannot find name 'factorial'.\n../../../../tmp/tmpusutml2l.ts(6,57): error TS2304: Cannot find name 'factorial'.\n",
      "stderr": "",
      "exit_code": 2,
      "status": "SyntaxError"
    },
    {
      "program": "//Write a tsthon function to find the sum of the product of consecutive binomial co-efficients.\nfunction sum_Of_product(n: number): number {\n    let sum = 0;\n    for (let i = 0; i <= n; i++) {\n        sum += factorial(n) / (factorial(i) * factorial(n - i));\n    }\n    return sum;\n}\nconsole.log(sum_Of_product(5));\n\ndeclare var require: any;\nconst assert = require('node:assert');\n\n\nfunction test() {\n  let candidate = sum_Of_product;\n  assert.deepEqual(candidate(3),15);\n  assert.deepEqual(candidate(4),56);\n  assert.deepEqual(candidate(1),1);\n}\n\ntest();",
      "timestamp": 1666123424,
      "stdout": "../../../../tmp/tmptxv2hiq2.ts(5,16): error TS2304: Cannot find name 'factorial'.\n../../../../tmp/tmptxv2hiq2.ts(5,32): error TS2304: Cannot find name 'factorial'.\n../../../../tmp/tmptxv2hiq2.ts(5,47): error TS2304: Cannot find name 'factorial'.\n",
      "stderr": "",
      "exit_code": 2,
      "status": "SyntaxError"
    },
    {
      "program": "//Write a tsthon function to find the sum of the product of consecutive binomial co-efficients.\nfunction sum_Of_product(n: number): number {\n    let sum = 0;\n    for (let i = 1; i <= n; i++) {\n        sum += (factorial(n) / (factorial(i) * factorial(n - i)));\n    }\n    return sum;\n}\nconsole.log(sum_Of_product(5));\n\ndeclare var require: any;\nconst assert = require('node:assert');\n\n\nfunction test() {\n  let candidate = sum_Of_product;\n  assert.deepEqual(candidate(3),15);\n  assert.deepEqual(candidate(4),56);\n  assert.deepEqual(candidate(1),1);\n}\n\ntest();",
      "timestamp": 1666123424,
      "stdout": "../../../../tmp/tmp9qklpmme.ts(5,17): error TS2304: Cannot find name 'factorial'.\n../../../../tmp/tmp9qklpmme.ts(5,33): error TS2304: Cannot find name 'factorial'.\n../../../../tmp/tmp9qklpmme.ts(5,48): error TS2304: Cannot find name 'factorial'.\n",
      "stderr": "",
      "exit_code": 2,
      "status": "SyntaxError"
    },
    {
      "program": "//Write a tsthon function to find the sum of the product of consecutive binomial co-efficients.\nfunction sum_Of_product(n: number): number {\n    let sum: number = 0;\n    for (let i = 0; i <= n; i++) {\n        for (let j = 0; j <= n; j++) {\n            sum = sum + (factorial(n) / (factorial(i) * factorial(n - i))) * (factorial(n) / (factorial(j) * factorial(n - j)));\n        }\n    }\n    return sum;\n}\nconsole.log(sum_Of_product(4));\n\ndeclare var require: any;\nconst assert = require('node:assert');\n\n\nfunction test() {\n  let candidate = sum_Of_product;\n  assert.deepEqual(candidate(3),15);\n  assert.deepEqual(candidate(4),56);\n  assert.deepEqual(candidate(1),1);\n}\n\ntest();",
      "timestamp": 1666123424,
      "stdout": "../../../../tmp/tmp4rua3t6t.ts(6,26): error TS2304: Cannot find name 'factorial'.\n../../../../tmp/tmp4rua3t6t.ts(6,42): error TS2304: Cannot find name 'factorial'.\n../../../../tmp/tmp4rua3t6t.ts(6,57): error TS2304: Cannot find name 'factorial'.\n../../../../tmp/tmp4rua3t6t.ts(6,79): error TS2304: Cannot find name 'factorial'.\n../../../../tmp/tmp4rua3t6t.ts(6,95): error TS2304: Cannot find name 'factorial'.\n../../../../tmp/tmp4rua3t6t.ts(6,110): error TS2304: Cannot find name 'factorial'.\n",
      "stderr": "",
      "exit_code": 2,
      "status": "SyntaxError"
    },
    {
      "program": "//Write a tsthon function to find the sum of the product of consecutive binomial co-efficients.\nfunction sum_Of_product(n: number): number {\n    let sum: number = 0;\n    for (let i = 0; i <= n; i++) {\n        for (let j = 0; j <= i; j++) {\n            sum = sum + (factorial(i) / (factorial(j) * factorial(i - j)));\n        }\n    }\n    return sum;\n}\n\nconsole.log(sum_Of_product(5));\n\ndeclare var require: any;\nconst assert = require('node:assert');\n\n\nfunction test() {\n  let candidate = sum_Of_product;\n  assert.deepEqual(candidate(3),15);\n  assert.deepEqual(candidate(4),56);\n  assert.deepEqual(candidate(1),1);\n}\n\ntest();",
      "timestamp": 1666123424,
      "stdout": "../../../../tmp/tmpwmgtur6e.ts(6,26): error TS2304: Cannot find name 'factorial'.\n../../../../tmp/tmpwmgtur6e.ts(6,42): error TS2304: Cannot find name 'factorial'.\n../../../../tmp/tmpwmgtur6e.ts(6,57): error TS2304: Cannot find name 'factorial'.\n",
      "stderr": "",
      "exit_code": 2,
      "status": "SyntaxError"
    },
    {
      "program": "//Write a tsthon function to find the sum of the product of consecutive binomial co-efficients.\nfunction sum_Of_product(n: number): number {\n    let sum: number = 0;\n    for (let i = 0; i < n; i++) {\n        sum = sum + (factorial(n) / (factorial(i) * factorial(n - i)));\n    }\n    return sum;\n}\nconsole.log(sum_Of_product(5));\n\ndeclare var require: any;\nconst assert = require('node:assert');\n\n\nfunction test() {\n  let candidate = sum_Of_product;\n  assert.deepEqual(candidate(3),15);\n  assert.deepEqual(candidate(4),56);\n  assert.deepEqual(candidate(1),1);\n}\n\ntest();",
      "timestamp": 1665510312,
      "stdout": "../../../../tmp/tmpvebfkng8.ts(5,22): error TS2304: Cannot find name 'factorial'.\n../../../../tmp/tmpvebfkng8.ts(5,38): error TS2304: Cannot find name 'factorial'.\n../../../../tmp/tmpvebfkng8.ts(5,53): error TS2304: Cannot find name 'factorial'.\n",
      "stderr": "",
      "exit_code": 2,
      "status": "SyntaxError"
    },
    {
      "program": "//Write a tsthon function to find the sum of the product of consecutive binomial co-efficients.\nfunction sum_Of_product(n: number): number {\n    let sum: number = 0;\n    for (let i = 0; i <= n; i++) {\n        for (let j = 0; j <= n; j++) {\n            sum += binomial_coefficient(i, j);\n        }\n    }\n    return sum;\n}\nconsole.log(sum_Of_product(5));\n\ndeclare var require: any;\nconst assert = require('node:assert');\n\n\nfunction test() {\n  let candidate = sum_Of_product;\n  assert.deepEqual(candidate(3),15);\n  assert.deepEqual(candidate(4),56);\n  assert.deepEqual(candidate(1),1);\n}\n\ntest();",
      "timestamp": 1666123424,
      "stdout": "../../../../tmp/tmpr6af0fg5.ts(6,20): error TS2304: Cannot find name 'binomial_coefficient'.\n",
      "stderr": "",
      "exit_code": 2,
      "status": "SyntaxError"
    },
    {
      "program": "//Write a tsthon function to find the sum of the product of consecutive binomial co-efficients.\nfunction sum_Of_product(n: number): number {\n    let sum: number = 0;\n    for (let i = 0; i <= n; i++) {\n        for (let j = 0; j <= i; j++) {\n            sum += binomial_coefficient(i, j);\n        }\n    }\n    return sum;\n}\n\ndeclare var require: any;\nconst assert = require('node:assert');\n\n\nfunction test() {\n  let candidate = sum_Of_product;\n  assert.deepEqual(candidate(3),15);\n  assert.deepEqual(candidate(4),56);\n  assert.deepEqual(candidate(1),1);\n}\n\ntest();",
      "timestamp": 1666123416,
      "stdout": "../../../../tmp/tmppdvbzs3l.ts(6,20): error TS2304: Cannot find name 'binomial_coefficient'.\n",
      "stderr": "",
      "exit_code": 2,
      "status": "SyntaxError"
    },
    {
      "program": "//Write a tsthon function to find the sum of the product of consecutive binomial co-efficients.\nfunction sum_Of_product(n: number): number {\n    let sum: number = 0;\n    for (let i: number = 0; i <= n; i++) {\n        for (let j: number = 0; j <= i; j++) {\n            sum = sum + (binomialCoeff(i, j) * binomialCoeff(i, j));\n        }\n    }\n    return sum;\n}\n\ndeclare var require: any;\nconst assert = require('node:assert');\n\n\nfunction test() {\n  let candidate = sum_Of_product;\n  assert.deepEqual(candidate(3),15);\n  assert.deepEqual(candidate(4),56);\n  assert.deepEqual(candidate(1),1);\n}\n\ntest();",
      "timestamp": 1666123419,
      "stdout": "../../../../tmp/tmp3nd8vi3x.ts(6,26): error TS2304: Cannot find name 'binomialCoeff'.\n../../../../tmp/tmp3nd8vi3x.ts(6,48): error TS2304: Cannot find name 'binomialCoeff'.\n",
      "stderr": "",
      "exit_code": 2,
      "status": "SyntaxError"
    },
    {
      "program": "//Write a tsthon function to find the sum of the product of consecutive binomial co-efficients.\nfunction sum_Of_product(n: number): number {\n    let sum = 0;\n    for (let i = 0; i <= n; i++) {\n        sum = sum + factorial(n) / (factorial(i) * factorial(n - i));\n    }\n    return sum;\n}\nconsole.log(sum_Of_product(4));\n\ndeclare var require: any;\nconst assert = require('node:assert');\n\n\nfunction test() {\n  let candidate = sum_Of_product;\n  assert.deepEqual(candidate(3),15);\n  assert.deepEqual(candidate(4),56);\n  assert.deepEqual(candidate(1),1);\n}\n\ntest();",
      "timestamp": 1666123424,
      "stdout": "../../../../tmp/tmpf94bji87.ts(5,21): error TS2304: Cannot find name 'factorial'.\n../../../../tmp/tmpf94bji87.ts(5,37): error TS2304: Cannot find name 'factorial'.\n../../../../tmp/tmpf94bji87.ts(5,52): error TS2304: Cannot find name 'factorial'.\n",
      "stderr": "",
      "exit_code": 2,
      "status": "SyntaxError"
    },
    {
      "program": "//Write a tsthon function to find the sum of the product of consecutive binomial co-efficients.\nfunction sum_Of_product(n: number): number {\n    let sum: number = 0;\n    for (let i = 0; i <= n; i++) {\n        for (let j = 0; j <= i; j++) {\n            sum = sum + binomial_coefficient(i, j);\n        }\n    }\n    return sum;\n}\n\ndeclare var require: any;\nconst assert = require('node:assert');\n\n\nfunction test() {\n  let candidate = sum_Of_product;\n  assert.deepEqual(candidate(3),15);\n  assert.deepEqual(candidate(4),56);\n  assert.deepEqual(candidate(1),1);\n}\n\ntest();",
      "timestamp": 1666123416,
      "stdout": "../../../../tmp/tmpziciqh5b.ts(6,25): error TS2304: Cannot find name 'binomial_coefficient'.\n",
      "stderr": "",
      "exit_code": 2,
      "status": "SyntaxError"
    },
    {
      "program": "//Write a tsthon function to find the sum of the product of consecutive binomial co-efficients.\nfunction sum_Of_product(n: number): number {\n    let sum = 0;\n    for (let i = 1; i <= n; i++) {\n        sum = sum + (factorial(n) / (factorial(i) * factorial(n - i)));\n    }\n    return sum;\n}\nconsole.log(sum_Of_product(5));\n\ndeclare var require: any;\nconst assert = require('node:assert');\n\n\nfunction test() {\n  let candidate = sum_Of_product;\n  assert.deepEqual(candidate(3),15);\n  assert.deepEqual(candidate(4),56);\n  assert.deepEqual(candidate(1),1);\n}\n\ntest();",
      "timestamp": 1666123419,
      "stdout": "../../../../tmp/tmp8bdr_9uo.ts(5,22): error TS2304: Cannot find name 'factorial'.\n../../../../tmp/tmp8bdr_9uo.ts(5,38): error TS2304: Cannot find name 'factorial'.\n../../../../tmp/tmp8bdr_9uo.ts(5,53): error TS2304: Cannot find name 'factorial'.\n",
      "stderr": "",
      "exit_code": 2,
      "status": "SyntaxError"
    },
    {
      "program": "//Write a tsthon function to find the sum of the product of consecutive binomial co-efficients.\nfunction sum_Of_product(n: number): number {\n    let sum: number = 0;\n    for (let i: number = 1; i <= n; i++) {\n        sum = sum + (factorial(n) / (factorial(i) * factorial(n - i)));\n    }\n    return sum;\n}\nconsole.log(sum_Of_product(5));\n\ndeclare var require: any;\nconst assert = require('node:assert');\n\n\nfunction test() {\n  let candidate = sum_Of_product;\n  assert.deepEqual(candidate(3),15);\n  assert.deepEqual(candidate(4),56);\n  assert.deepEqual(candidate(1),1);\n}\n\ntest();",
      "timestamp": 1666123416,
      "stdout": "../../../../tmp/tmp5p4d6trl.ts(5,22): error TS2304: Cannot find name 'factorial'.\n../../../../tmp/tmp5p4d6trl.ts(5,38): error TS2304: Cannot find name 'factorial'.\n../../../../tmp/tmp5p4d6trl.ts(5,53): error TS2304: Cannot find name 'factorial'.\n",
      "stderr": "",
      "exit_code": 2,
      "status": "SyntaxError"
    },
    {
      "program": "//Write a tsthon function to find the sum of the product of consecutive binomial co-efficients.\nfunction sum_Of_product(n: number): number {\n    let sum: number = 0;\n    for (let i = 0; i <= n; i++) {\n        sum = sum + (factorial(n) / (factorial(i) * factorial(n - i)));\n    }\n    return sum;\n}\nconsole.log(\"sum of product of consecutive binomial co-efficients is: \" + sum_Of_product(5));\n\ndeclare var require: any;\nconst assert = require('node:assert');\n\n\nfunction test() {\n  let candidate = sum_Of_product;\n  assert.deepEqual(candidate(3),15);\n  assert.deepEqual(candidate(4),56);\n  assert.deepEqual(candidate(1),1);\n}\n\ntest();",
      "timestamp": 1666123424,
      "stdout": "../../../../tmp/tmp0bfpubpt.ts(5,22): error TS2304: Cannot find name 'factorial'.\n../../../../tmp/tmp0bfpubpt.ts(5,38): error TS2304: Cannot find name 'factorial'.\n../../../../tmp/tmp0bfpubpt.ts(5,53): error TS2304: Cannot find name 'factorial'.\n",
      "stderr": "",
      "exit_code": 2,
      "status": "SyntaxError"
    },
    {
      "program": "//Write a tsthon function to find the sum of the product of consecutive binomial co-efficients.\nfunction sum_Of_product(n: number): number {\n    let sum = 0;\n    for (let i = 0; i <= n; i++) {\n        for (let j = 0; j <= i; j++) {\n            sum += binomial_coefficient(i, j);\n        }\n    }\n    return sum;\n}\n\nconsole.log(sum_Of_product(4));\n\ndeclare var require: any;\nconst assert = require('node:assert');\n\n\nfunction test() {\n  let candidate = sum_Of_product;\n  assert.deepEqual(candidate(3),15);\n  assert.deepEqual(candidate(4),56);\n  assert.deepEqual(candidate(1),1);\n}\n\ntest();",
      "timestamp": 1666123424,
      "stdout": "../../../../tmp/tmp16qb_fxo.ts(6,20): error TS2304: Cannot find name 'binomial_coefficient'.\n",
      "stderr": "",
      "exit_code": 2,
      "status": "SyntaxError"
    },
    {
      "program": "//Write a tsthon function to find the sum of the product of consecutive binomial co-efficients.\nfunction sum_Of_product(n: number): number {\n    let sum = 0;\n    for (let i = 0; i <= n; i++) {\n        for (let j = 0; j <= n; j++) {\n            sum += binomial_coefficient(i, j);\n        }\n    }\n    return sum;\n}\nconsole.log(sum_Of_product(5));\n\ndeclare var require: any;\nconst assert = require('node:assert');\n\n\nfunction test() {\n  let candidate = sum_Of_product;\n  assert.deepEqual(candidate(3),15);\n  assert.deepEqual(candidate(4),56);\n  assert.deepEqual(candidate(1),1);\n}\n\ntest();",
      "timestamp": 1666123424,
      "stdout": "../../../../tmp/tmp4kr3xqp5.ts(6,20): error TS2304: Cannot find name 'binomial_coefficient'.\n",
      "stderr": "",
      "exit_code": 2,
      "status": "SyntaxError"
    },
    {
      "program": "//Write a tsthon function to find the sum of the product of consecutive binomial co-efficients.\nfunction sum_Of_product(n: number): number {\n    let sum: number = 0;\n    for (let i: number = 0; i <= n; i++) {\n        for (let j: number = 0; j <= i; j++) {\n            sum = sum + (factorial(i) / (factorial(j) * factorial(i - j)));\n        }\n    }\n    return sum;\n}\nconsole.log(sum_Of_product(4));\n\ndeclare var require: any;\nconst assert = require('node:assert');\n\n\nfunction test() {\n  let candidate = sum_Of_product;\n  assert.deepEqual(candidate(3),15);\n  assert.deepEqual(candidate(4),56);\n  assert.deepEqual(candidate(1),1);\n}\n\ntest();",
      "timestamp": 1666123424,
      "stdout": "../../../../tmp/tmp83yqz8q6.ts(6,26): error TS2304: Cannot find name 'factorial'.\n../../../../tmp/tmp83yqz8q6.ts(6,42): error TS2304: Cannot find name 'factorial'.\n../../../../tmp/tmp83yqz8q6.ts(6,57): error TS2304: Cannot find name 'factorial'.\n",
      "stderr": "",
      "exit_code": 2,
      "status": "SyntaxError"
    },
    {
      "program": "//Write a tsthon function to find the sum of the product of consecutive binomial co-efficients.\nfunction sum_Of_product(n: number): number {\n    let sum = 0;\n    for (let i = 0; i <= n; i++) {\n        for (let j = 0; j <= i; j++) {\n            sum += binomialCoeff(i, j);\n        }\n    }\n    return sum;\n}\nconsole.log(sum_Of_product(4));\n\ndeclare var require: any;\nconst assert = require('node:assert');\n\n\nfunction test() {\n  let candidate = sum_Of_product;\n  assert.deepEqual(candidate(3),15);\n  assert.deepEqual(candidate(4),56);\n  assert.deepEqual(candidate(1),1);\n}\n\ntest();",
      "timestamp": 1666123416,
      "stdout": "../../../../tmp/tmpl66pud4p.ts(6,20): error TS2304: Cannot find name 'binomialCoeff'.\n",
      "stderr": "",
      "exit_code": 2,
      "status": "SyntaxError"
    },
    {
      "program": "//Write a tsthon function to find the sum of the product of consecutive binomial co-efficients.\nfunction sum_Of_product(n: number): number {\n    let sum = 0;\n    for (let i = 0; i <= n; i++) {\n        for (let j = 0; j <= i; j++) {\n            sum += binomialCoeff(i, j);\n        }\n    }\n    return sum;\n}\n\ndeclare var require: any;\nconst assert = require('node:assert');\n\n\nfunction test() {\n  let candidate = sum_Of_product;\n  assert.deepEqual(candidate(3),15);\n  assert.deepEqual(candidate(4),56);\n  assert.deepEqual(candidate(1),1);\n}\n\ntest();",
      "timestamp": 1666123422,
      "stdout": "../../../../tmp/tmp_yizuij7.ts(6,20): error TS2304: Cannot find name 'binomialCoeff'.\n",
      "stderr": "",
      "exit_code": 2,
      "status": "SyntaxError"
    },
    {
      "program": "//Write a tsthon function to find the sum of the product of consecutive binomial co-efficients.\nfunction sum_Of_product(n: number): number {\n    let sum: number = 0;\n    for (let i: number = 1; i <= n; i++) {\n        for (let j: number = 1; j <= i; j++) {\n            sum = sum + (factorial(i) / (factorial(j) * factorial(i - j)));\n        }\n    }\n    return sum;\n}\n\ndeclare var require: any;\nconst assert = require('node:assert');\n\n\nfunction test() {\n  let candidate = sum_Of_product;\n  assert.deepEqual(candidate(3),15);\n  assert.deepEqual(candidate(4),56);\n  assert.deepEqual(candidate(1),1);\n}\n\ntest();",
      "timestamp": 1666123424,
      "stdout": "../../../../tmp/tmpp41km1q4.ts(6,26): error TS2304: Cannot find name 'factorial'.\n../../../../tmp/tmpp41km1q4.ts(6,42): error TS2304: Cannot find name 'factorial'.\n../../../../tmp/tmpp41km1q4.ts(6,57): error TS2304: Cannot find name 'factorial'.\n",
      "stderr": "",
      "exit_code": 2,
      "status": "SyntaxError"
    },
    {
      "program": "//Write a tsthon function to find the sum of the product of consecutive binomial co-efficients.\nfunction sum_Of_product(n: number): number {\n    var sum: number = 0;\n    for (var i = 0; i <= n; i++) {\n        for (var j = 0; j <= i; j++) {\n            sum = sum + (factorial(i) / (factorial(j) * factorial(i - j)));\n        }\n    }\n    return sum;\n}\n\ndeclare var require: any;\nconst assert = require('node:assert');\n\n\nfunction test() {\n  let candidate = sum_Of_product;\n  assert.deepEqual(candidate(3),15);\n  assert.deepEqual(candidate(4),56);\n  assert.deepEqual(candidate(1),1);\n}\n\ntest();",
      "timestamp": 1666123424,
      "stdout": "../../../../tmp/tmp0urpzi6z.ts(6,26): error TS2304: Cannot find name 'factorial'.\n../../../../tmp/tmp0urpzi6z.ts(6,42): error TS2304: Cannot find name 'factorial'.\n../../../../tmp/tmp0urpzi6z.ts(6,57): error TS2304: Cannot find name 'factorial'.\n",
      "stderr": "",
      "exit_code": 2,
      "status": "SyntaxError"
    },
    {
      "program": "//Write a tsthon function to find the sum of the product of consecutive binomial co-efficients.\nfunction sum_Of_product(n: number): number {\n    let sum: number = 0;\n    for (let i = 0; i < n; i++) {\n        sum += factorial(n) / (factorial(i) * factorial(n - i));\n    }\n    return sum;\n}\nconsole.log(sum_Of_product(5));\n\ndeclare var require: any;\nconst assert = require('node:assert');\n\n\nfunction test() {\n  let candidate = sum_Of_product;\n  assert.deepEqual(candidate(3),15);\n  assert.deepEqual(candidate(4),56);\n  assert.deepEqual(candidate(1),1);\n}\n\ntest();",
      "timestamp": 1666123422,
      "stdout": "../../../../tmp/tmpayq_szw5.ts(5,16): error TS2304: Cannot find name 'factorial'.\n../../../../tmp/tmpayq_szw5.ts(5,32): error TS2304: Cannot find name 'factorial'.\n../../../../tmp/tmpayq_szw5.ts(5,47): error TS2304: Cannot find name 'factorial'.\n",
      "stderr": "",
      "exit_code": 2,
      "status": "SyntaxError"
    },
    {
      "program": "//Write a tsthon function to find the sum of the product of consecutive binomial co-efficients.\nfunction sum_Of_product(n: number): number {\n    let sum: number = 0;\n    for (let i = 0; i <= n; i++) {\n        sum = sum + (factorial(n) / (factorial(i) * factorial(n - i)));\n    }\n    return sum;\n}\nconsole.log(sum_Of_product(4));\n\ndeclare var require: any;\nconst assert = require('node:assert');\n\n\nfunction test() {\n  let candidate = sum_Of_product;\n  assert.deepEqual(candidate(3),15);\n  assert.deepEqual(candidate(4),56);\n  assert.deepEqual(candidate(1),1);\n}\n\ntest();",
      "timestamp": 1666123424,
      "stdout": "../../../../tmp/tmp9vwa69i6.ts(5,22): error TS2304: Cannot find name 'factorial'.\n../../../../tmp/tmp9vwa69i6.ts(5,38): error TS2304: Cannot find name 'factorial'.\n../../../../tmp/tmp9vwa69i6.ts(5,53): error TS2304: Cannot find name 'factorial'.\n",
      "stderr": "",
      "exit_code": 2,
      "status": "SyntaxError"
    },
    {
      "program": "//Write a tsthon function to find the sum of the product of consecutive binomial co-efficients.\nfunction sum_Of_product(n: number): number {\n    let sum = 0;\n    for (let i = 0; i <= n; i++) {\n        for (let j = 0; j <= i; j++) {\n            sum += binomialCoeff(i, j);\n        }\n    }\n    return sum;\n}\nconsole.log(sum_Of_product(4));\n\ndeclare var require: any;\nconst assert = require('node:assert');\n\n\nfunction test() {\n  let candidate = sum_Of_product;\n  assert.deepEqual(candidate(3),15);\n  assert.deepEqual(candidate(4),56);\n  assert.deepEqual(candidate(1),1);\n}\n\ntest();",
      "timestamp": 1666123416,
      "stdout": "../../../../tmp/tmpl66pud4p.ts(6,20): error TS2304: Cannot find name 'binomialCoeff'.\n",
      "stderr": "",
      "exit_code": 2,
      "status": "SyntaxError"
    },
    {
      "program": "//Write a tsthon function to find the sum of the product of consecutive binomial co-efficients.\nfunction sum_Of_product(n: number): number {\n    let sum = 0;\n    for (let i = 0; i <= n; i++) {\n        for (let j = 0; j <= i; j++) {\n            sum += binomial_coefficient(i, j);\n        }\n    }\n    return sum;\n}\nconsole.log(sum_Of_product(4));\n\ndeclare var require: any;\nconst assert = require('node:assert');\n\n\nfunction test() {\n  let candidate = sum_Of_product;\n  assert.deepEqual(candidate(3),15);\n  assert.deepEqual(candidate(4),56);\n  assert.deepEqual(candidate(1),1);\n}\n\ntest();",
      "timestamp": 1665510312,
      "stdout": "../../../../tmp/tmp06e0dy3t.ts(6,20): error TS2304: Cannot find name 'binomial_coefficient'.\n",
      "stderr": "",
      "exit_code": 2,
      "status": "SyntaxError"
    },
    {
      "program": "//Write a tsthon function to find the sum of the product of consecutive binomial co-efficients.\nfunction sum_Of_product(n: number): number {\n    let sum: number = 0;\n    for (let i = 1; i <= n; i++) {\n        sum += i * (n - i + 1);\n    }\n    return sum;\n}\nconsole.log(sum_Of_product(5));\n\ndeclare var require: any;\nconst assert = require('node:assert');\n\n\nfunction test() {\n  let candidate = sum_Of_product;\n  assert.deepEqual(candidate(3),15);\n  assert.deepEqual(candidate(4),56);\n  assert.deepEqual(candidate(1),1);\n}\n\ntest();",
      "timestamp": 1666123425,
      "stdout": "35\n",
      "stderr": "node:assert:124\n  throw new AssertionError(obj);\n  ^\n\nAssertionError [ERR_ASSERTION]: Expected values to be loosely deep-equal:\n\n10\n\nshould loosely deep-equal\n\n15\n    at test (/tmp/tmp2p1hstvz.js:13:12)\n    at Object.<anonymous> (/tmp/tmp2p1hstvz.js:17:1)\n    at Module._compile (node:internal/modules/cjs/loader:1120:14)\n    at Module._extensions..js (node:internal/modules/cjs/loader:1174:10)\n    at Module.load (node:internal/modules/cjs/loader:998:32)\n    at Module._load (node:internal/modules/cjs/loader:839:12)\n    at Function.executeUserEntryPoint [as runMain] (node:internal/modules/run_main:81:12)\n    at node:internal/main/run_main_module:17:47 {\n  generatedMessage: true,\n  code: 'ERR_ASSERTION',\n  actual: 10,\n  expected: 15,\n  operator: 'deepEqual'\n}\n\nNode.js v18.7.0\n",
      "exit_code": 1,
      "status": "AssertionError"
    },
    {
      "program": "//Write a tsthon function to find the sum of the product of consecutive binomial co-efficients.\nfunction sum_Of_product(n: number): number {\n    let sum: number = 0;\n    for (let i: number = 0; i <= n; i++) {\n        for (let j: number = 0; j <= n; j++) {\n            sum = sum + (factorial(i) / (factorial(j) * factorial(i - j)));\n        }\n    }\n    return sum;\n}\nconsole.log(sum_Of_product(5));\n\ndeclare var require: any;\nconst assert = require('node:assert');\n\n\nfunction test() {\n  let candidate = sum_Of_product;\n  assert.deepEqual(candidate(3),15);\n  assert.deepEqual(candidate(4),56);\n  assert.deepEqual(candidate(1),1);\n}\n\ntest();",
      "timestamp": 1666123424,
      "stdout": "../../../../tmp/tmp36kjn99h.ts(6,26): error TS2304: Cannot find name 'factorial'.\n../../../../tmp/tmp36kjn99h.ts(6,42): error TS2304: Cannot find name 'factorial'.\n../../../../tmp/tmp36kjn99h.ts(6,57): error TS2304: Cannot find name 'factorial'.\n",
      "stderr": "",
      "exit_code": 2,
      "status": "SyntaxError"
    },
    {
      "program": "//Write a tsthon function to find the sum of the product of consecutive binomial co-efficients.\nfunction sum_Of_product(n: number): number {\n    let sum: number = 0;\n    for (let i = 0; i <= n; i++) {\n        for (let j = 0; j <= n; j++) {\n            sum += binomialCoeff(i, j);\n        }\n    }\n    return sum;\n}\nconsole.log(sum_Of_product(4));\n\ndeclare var require: any;\nconst assert = require('node:assert');\n\n\nfunction test() {\n  let candidate = sum_Of_product;\n  assert.deepEqual(candidate(3),15);\n  assert.deepEqual(candidate(4),56);\n  assert.deepEqual(candidate(1),1);\n}\n\ntest();",
      "timestamp": 1666123424,
      "stdout": "../../../../tmp/tmppxwkkcsz.ts(6,20): error TS2304: Cannot find name 'binomialCoeff'.\n",
      "stderr": "",
      "exit_code": 2,
      "status": "SyntaxError"
    },
    {
      "program": "//Write a tsthon function to find the sum of the product of consecutive binomial co-efficients.\nfunction sum_Of_product(n: number): number {\n    let sum: number = 0;\n    for (let i: number = 0; i < n; i++) {\n        let product: number = 1;\n        for (let j: number = 0; j <= i; j++) {\n            product = product * (n - j) / (j + 1);\n        }\n        sum = sum + product;\n    }\n    return sum;\n}\n\ndeclare var require: any;\nconst assert = require('node:assert');\n\n\nfunction test() {\n  let candidate = sum_Of_product;\n  assert.deepEqual(candidate(3),15);\n  assert.deepEqual(candidate(4),56);\n  assert.deepEqual(candidate(1),1);\n}\n\ntest();",
      "timestamp": 1666123425,
      "stdout": "",
      "stderr": "node:assert:124\n  throw new AssertionError(obj);\n  ^\n\nAssertionError [ERR_ASSERTION]: Expected values to be loosely deep-equal:\n\n7\n\nshould loosely deep-equal\n\n15\n    at test (/tmp/tmps29aaxdh.js:16:12)\n    at Object.<anonymous> (/tmp/tmps29aaxdh.js:20:1)\n    at Module._compile (node:internal/modules/cjs/loader:1120:14)\n    at Module._extensions..js (node:internal/modules/cjs/loader:1174:10)\n    at Module.load (node:internal/modules/cjs/loader:998:32)\n    at Module._load (node:internal/modules/cjs/loader:839:12)\n    at Function.executeUserEntryPoint [as runMain] (node:internal/modules/run_main:81:12)\n    at node:internal/main/run_main_module:17:47 {\n  generatedMessage: true,\n  code: 'ERR_ASSERTION',\n  actual: 7,\n  expected: 15,\n  operator: 'deepEqual'\n}\n\nNode.js v18.7.0\n",
      "exit_code": 1,
      "status": "AssertionError"
    },
    {
      "program": "//Write a tsthon function to find the sum of the product of consecutive binomial co-efficients.\nfunction sum_Of_product(n: number): number {\n    let sum: number = 0;\n    for (let i: number = 0; i <= n; i++) {\n        for (let j: number = 0; j <= i; j++) {\n            sum = sum + (binomial_coefficient(i, j) * binomial_coefficient(i, j));\n        }\n    }\n    return sum;\n}\n\ndeclare var require: any;\nconst assert = require('node:assert');\n\n\nfunction test() {\n  let candidate = sum_Of_product;\n  assert.deepEqual(candidate(3),15);\n  assert.deepEqual(candidate(4),56);\n  assert.deepEqual(candidate(1),1);\n}\n\ntest();",
      "timestamp": 1666123426,
      "stdout": "../../../../tmp/tmpth033ah8.ts(6,26): error TS2304: Cannot find name 'binomial_coefficient'.\n../../../../tmp/tmpth033ah8.ts(6,55): error TS2304: Cannot find name 'binomial_coefficient'.\n",
      "stderr": "",
      "exit_code": 2,
      "status": "SyntaxError"
    },
    {
      "program": "//Write a tsthon function to find the sum of the product of consecutive binomial co-efficients.\nfunction sum_Of_product(n: number): number {\n    let sum = 0;\n    for (let i = 0; i <= n; i++) {\n        sum = sum + (factorial(n) / (factorial(i) * factorial(n - i)));\n    }\n    return sum;\n}\nconsole.log(sum_Of_product(5));\n\ndeclare var require: any;\nconst assert = require('node:assert');\n\n\nfunction test() {\n  let candidate = sum_Of_product;\n  assert.deepEqual(candidate(3),15);\n  assert.deepEqual(candidate(4),56);\n  assert.deepEqual(candidate(1),1);\n}\n\ntest();",
      "timestamp": 1665510312,
      "stdout": "../../../../tmp/tmpsepko839.ts(5,22): error TS2304: Cannot find name 'factorial'.\n../../../../tmp/tmpsepko839.ts(5,38): error TS2304: Cannot find name 'factorial'.\n../../../../tmp/tmpsepko839.ts(5,53): error TS2304: Cannot find name 'factorial'.\n",
      "stderr": "",
      "exit_code": 2,
      "status": "SyntaxError"
    },
    {
      "program": "//Write a tsthon function to find the sum of the product of consecutive binomial co-efficients.\nfunction sum_Of_product(n: number): number {\n    let sum: number = 0;\n    for (let i: number = 0; i <= n; i++) {\n        for (let j: number = 0; j <= i; j++) {\n            sum = sum + (factorial(i) / (factorial(j) * factorial(i - j)));\n        }\n    }\n    return sum;\n}\n\ndeclare var require: any;\nconst assert = require('node:assert');\n\n\nfunction test() {\n  let candidate = sum_Of_product;\n  assert.deepEqual(candidate(3),15);\n  assert.deepEqual(candidate(4),56);\n  assert.deepEqual(candidate(1),1);\n}\n\ntest();",
      "timestamp": 1665510312,
      "stdout": "../../../../tmp/tmp_4ag3gpo.ts(6,26): error TS2304: Cannot find name 'factorial'.\n../../../../tmp/tmp_4ag3gpo.ts(6,42): error TS2304: Cannot find name 'factorial'.\n../../../../tmp/tmp_4ag3gpo.ts(6,57): error TS2304: Cannot find name 'factorial'.\n",
      "stderr": "",
      "exit_code": 2,
      "status": "SyntaxError"
    },
    {
      "program": "//Write a tsthon function to find the sum of the product of consecutive binomial co-efficients.\nfunction sum_Of_product(n: number): number {\n    let sum: number = 0;\n    for (let i = 0; i < n; i++) {\n        sum += factorial(n) / (factorial(i) * factorial(n - i));\n    }\n    return sum;\n}\nconsole.log(sum_Of_product(5));\n\ndeclare var require: any;\nconst assert = require('node:assert');\n\n\nfunction test() {\n  let candidate = sum_Of_product;\n  assert.deepEqual(candidate(3),15);\n  assert.deepEqual(candidate(4),56);\n  assert.deepEqual(candidate(1),1);\n}\n\ntest();",
      "timestamp": 1666123422,
      "stdout": "../../../../tmp/tmpayq_szw5.ts(5,16): error TS2304: Cannot find name 'factorial'.\n../../../../tmp/tmpayq_szw5.ts(5,32): error TS2304: Cannot find name 'factorial'.\n../../../../tmp/tmpayq_szw5.ts(5,47): error TS2304: Cannot find name 'factorial'.\n",
      "stderr": "",
      "exit_code": 2,
      "status": "SyntaxError"
    },
    {
      "program": "//Write a tsthon function to find the sum of the product of consecutive binomial co-efficients.\nfunction sum_Of_product(n: number): number {\n    let sum: number = 0;\n    for (let i = 0; i <= n; i++) {\n        sum = sum + (factorial(n) / (factorial(i) * factorial(n - i)));\n    }\n    return sum;\n}\n\ndeclare var require: any;\nconst assert = require('node:assert');\n\n\nfunction test() {\n  let candidate = sum_Of_product;\n  assert.deepEqual(candidate(3),15);\n  assert.deepEqual(candidate(4),56);\n  assert.deepEqual(candidate(1),1);\n}\n\ntest();",
      "timestamp": 1666123426,
      "stdout": "../../../../tmp/tmphcgktdpb.ts(5,22): error TS2304: Cannot find name 'factorial'.\n../../../../tmp/tmphcgktdpb.ts(5,38): error TS2304: Cannot find name 'factorial'.\n../../../../tmp/tmphcgktdpb.ts(5,53): error TS2304: Cannot find name 'factorial'.\n",
      "stderr": "",
      "exit_code": 2,
      "status": "SyntaxError"
    },
    {
      "program": "//Write a tsthon function to find the sum of the product of consecutive binomial co-efficients.\nfunction sum_Of_product(n: number): number {\n    let sum = 0;\n    for (let i = 0; i <= n; i++) {\n        for (let j = 0; j <= i; j++) {\n            sum += binomial_coefficient(i, j);\n        }\n    }\n    return sum;\n}\n\nconsole.log(sum_Of_product(4));\n\ndeclare var require: any;\nconst assert = require('node:assert');\n\n\nfunction test() {\n  let candidate = sum_Of_product;\n  assert.deepEqual(candidate(3),15);\n  assert.deepEqual(candidate(4),56);\n  assert.deepEqual(candidate(1),1);\n}\n\ntest();",
      "timestamp": 1666123424,
      "stdout": "../../../../tmp/tmp16qb_fxo.ts(6,20): error TS2304: Cannot find name 'binomial_coefficient'.\n",
      "stderr": "",
      "exit_code": 2,
      "status": "SyntaxError"
    },
    {
      "program": "//Write a tsthon function to find the sum of the product of consecutive binomial co-efficients.\nfunction sum_Of_product(n: number): number {\n    let sum: number = 0;\n    for (let i = 0; i <= n; i++) {\n        for (let j = 0; j <= n; j++) {\n            sum += binomialCoeff(i, j);\n        }\n    }\n    return sum;\n}\n\ndeclare var require: any;\nconst assert = require('node:assert');\n\n\nfunction test() {\n  let candidate = sum_Of_product;\n  assert.deepEqual(candidate(3),15);\n  assert.deepEqual(candidate(4),56);\n  assert.deepEqual(candidate(1),1);\n}\n\ntest();",
      "timestamp": 1666123426,
      "stdout": "../../../../tmp/tmpcq95be2t.ts(6,20): error TS2304: Cannot find name 'binomialCoeff'.\n",
      "stderr": "",
      "exit_code": 2,
      "status": "SyntaxError"
    },
    {
      "program": "//Write a tsthon function to find the sum of the product of consecutive binomial co-efficients.\nfunction sum_Of_product(n: number): number {\n    let sum: number = 0;\n    for (let i = 1; i <= n; i++) {\n        for (let j = 1; j <= i; j++) {\n            sum += binomialCoeff(i, j);\n        }\n    }\n    return sum;\n}\n\ndeclare var require: any;\nconst assert = require('node:assert');\n\n\nfunction test() {\n  let candidate = sum_Of_product;\n  assert.deepEqual(candidate(3),15);\n  assert.deepEqual(candidate(4),56);\n  assert.deepEqual(candidate(1),1);\n}\n\ntest();",
      "timestamp": 1666123427,
      "stdout": "../../../../tmp/tmpeiu7gk9j.ts(6,20): error TS2304: Cannot find name 'binomialCoeff'.\n",
      "stderr": "",
      "exit_code": 2,
      "status": "SyntaxError"
    },
    {
      "program": "//Write a tsthon function to find the sum of the product of consecutive binomial co-efficients.\nfunction sum_Of_product(n: number): number {\n    let sum: number = 0;\n    for (let i: number = 0; i <= n; i++) {\n        for (let j: number = 0; j <= n; j++) {\n            sum = sum + (factorial(i) / (factorial(j) * factorial(i - j)));\n        }\n    }\n    return sum;\n}\nconsole.log(sum_Of_product(5));\n\ndeclare var require: any;\nconst assert = require('node:assert');\n\n\nfunction test() {\n  let candidate = sum_Of_product;\n  assert.deepEqual(candidate(3),15);\n  assert.deepEqual(candidate(4),56);\n  assert.deepEqual(candidate(1),1);\n}\n\ntest();",
      "timestamp": 1666123424,
      "stdout": "../../../../tmp/tmp36kjn99h.ts(6,26): error TS2304: Cannot find name 'factorial'.\n../../../../tmp/tmp36kjn99h.ts(6,42): error TS2304: Cannot find name 'factorial'.\n../../../../tmp/tmp36kjn99h.ts(6,57): error TS2304: Cannot find name 'factorial'.\n",
      "stderr": "",
      "exit_code": 2,
      "status": "SyntaxError"
    },
    {
      "program": "//Write a tsthon function to find the sum of the product of consecutive binomial co-efficients.\nfunction sum_Of_product(n: number): number {\n    let sum = 0;\n    for (let i = 0; i < n; i++) {\n        sum = sum + (factorial(n) / (factorial(i) * factorial(n - i)));\n    }\n    return sum;\n}\nconsole.log(sum_Of_product(5));\n\ndeclare var require: any;\nconst assert = require('node:assert');\n\n\nfunction test() {\n  let candidate = sum_Of_product;\n  assert.deepEqual(candidate(3),15);\n  assert.deepEqual(candidate(4),56);\n  assert.deepEqual(candidate(1),1);\n}\n\ntest();",
      "timestamp": 1666123426,
      "stdout": "../../../../tmp/tmpdv6lzsqk.ts(5,22): error TS2304: Cannot find name 'factorial'.\n../../../../tmp/tmpdv6lzsqk.ts(5,38): error TS2304: Cannot find name 'factorial'.\n../../../../tmp/tmpdv6lzsqk.ts(5,53): error TS2304: Cannot find name 'factorial'.\n",
      "stderr": "",
      "exit_code": 2,
      "status": "SyntaxError"
    },
    {
      "program": "//Write a tsthon function to find the sum of the product of consecutive binomial co-efficients.\nfunction sum_Of_product(n: number): number {\n    let sum: number = 0;\n    for (let i = 0; i <= n; i++) {\n        sum = sum + (factorial(n) / (factorial(i) * factorial(n - i)));\n    }\n    return sum;\n}\n\ndeclare var require: any;\nconst assert = require('node:assert');\n\n\nfunction test() {\n  let candidate = sum_Of_product;\n  assert.deepEqual(candidate(3),15);\n  assert.deepEqual(candidate(4),56);\n  assert.deepEqual(candidate(1),1);\n}\n\ntest();",
      "timestamp": 1666123426,
      "stdout": "../../../../tmp/tmphcgktdpb.ts(5,22): error TS2304: Cannot find name 'factorial'.\n../../../../tmp/tmphcgktdpb.ts(5,38): error TS2304: Cannot find name 'factorial'.\n../../../../tmp/tmphcgktdpb.ts(5,53): error TS2304: Cannot find name 'factorial'.\n",
      "stderr": "",
      "exit_code": 2,
      "status": "SyntaxError"
    },
    {
      "program": "//Write a tsthon function to find the sum of the product of consecutive binomial co-efficients.\nfunction sum_Of_product(n: number): number {\n    let sum: number = 0;\n    for (let i = 1; i <= n; i++) {\n        sum += (factorial(n) / (factorial(i) * factorial(n - i)));\n    }\n    return sum;\n}\nconsole.log(sum_Of_product(5));\n\ndeclare var require: any;\nconst assert = require('node:assert');\n\n\nfunction test() {\n  let candidate = sum_Of_product;\n  assert.deepEqual(candidate(3),15);\n  assert.deepEqual(candidate(4),56);\n  assert.deepEqual(candidate(1),1);\n}\n\ntest();",
      "timestamp": 1666123427,
      "stdout": "../../../../tmp/tmp3pmj5z6e.ts(5,17): error TS2304: Cannot find name 'factorial'.\n../../../../tmp/tmp3pmj5z6e.ts(5,33): error TS2304: Cannot find name 'factorial'.\n../../../../tmp/tmp3pmj5z6e.ts(5,48): error TS2304: Cannot find name 'factorial'.\n",
      "stderr": "",
      "exit_code": 2,
      "status": "SyntaxError"
    },
    {
      "program": "//Write a tsthon function to find the sum of the product of consecutive binomial co-efficients.\nfunction sum_Of_product(n: number): number {\n    let sum: number = 0;\n    for (let i: number = 0; i < n; i++) {\n        for (let j: number = 0; j <= i; j++) {\n            sum = sum + (factorial(i) / (factorial(j) * factorial(i - j)));\n        }\n    }\n    return sum;\n}\n\ndeclare var require: any;\nconst assert = require('node:assert');\n\n\nfunction test() {\n  let candidate = sum_Of_product;\n  assert.deepEqual(candidate(3),15);\n  assert.deepEqual(candidate(4),56);\n  assert.deepEqual(candidate(1),1);\n}\n\ntest();",
      "timestamp": 1666123427,
      "stdout": "../../../../tmp/tmp1oor451u.ts(6,26): error TS2304: Cannot find name 'factorial'.\n../../../../tmp/tmp1oor451u.ts(6,42): error TS2304: Cannot find name 'factorial'.\n../../../../tmp/tmp1oor451u.ts(6,57): error TS2304: Cannot find name 'factorial'.\n",
      "stderr": "",
      "exit_code": 2,
      "status": "SyntaxError"
    },
    {
      "program": "//Write a tsthon function to find the sum of the product of consecutive binomial co-efficients.\nfunction sum_Of_product(n: number): number {\n    let sum: number = 0;\n    for (let i = 0; i <= n; i++) {\n        for (let j = 0; j <= n; j++) {\n            sum += binomialCoeff(i, j);\n        }\n    }\n    return sum;\n}\n\ndeclare var require: any;\nconst assert = require('node:assert');\n\n\nfunction test() {\n  let candidate = sum_Of_product;\n  assert.deepEqual(candidate(3),15);\n  assert.deepEqual(candidate(4),56);\n  assert.deepEqual(candidate(1),1);\n}\n\ntest();",
      "timestamp": 1666123426,
      "stdout": "../../../../tmp/tmpcq95be2t.ts(6,20): error TS2304: Cannot find name 'binomialCoeff'.\n",
      "stderr": "",
      "exit_code": 2,
      "status": "SyntaxError"
    },
    {
      "program": "//Write a tsthon function to find the sum of the product of consecutive binomial co-efficients.\nfunction sum_Of_product(n: number): number {\n    let sum = 0;\n    for (let i = 0; i <= n; i++) {\n        for (let j = 0; j <= i; j++) {\n            sum += binomial_coefficient(i, j);\n        }\n    }\n    return sum;\n}\nconsole.log(sum_Of_product(5));\n\ndeclare var require: any;\nconst assert = require('node:assert');\n\n\nfunction test() {\n  let candidate = sum_Of_product;\n  assert.deepEqual(candidate(3),15);\n  assert.deepEqual(candidate(4),56);\n  assert.deepEqual(candidate(1),1);\n}\n\ntest();",
      "timestamp": 1666123426,
      "stdout": "../../../../tmp/tmp26azhc9e.ts(6,20): error TS2304: Cannot find name 'binomial_coefficient'.\n",
      "stderr": "",
      "exit_code": 2,
      "status": "SyntaxError"
    },
    {
      "program": "//Write a tsthon function to find the sum of the product of consecutive binomial co-efficients.\nfunction sum_Of_product(n: number): number {\n    let sum: number = 0;\n    for (let i: number = 0; i <= n; i++) {\n        for (let j: number = 0; j <= i; j++) {\n            sum = sum + (factorial(i) / (factorial(j) * factorial(i - j)));\n        }\n    }\n    return sum;\n}\nconsole.log(sum_Of_product(5));\n\ndeclare var require: any;\nconst assert = require('node:assert');\n\n\nfunction test() {\n  let candidate = sum_Of_product;\n  assert.deepEqual(candidate(3),15);\n  assert.deepEqual(candidate(4),56);\n  assert.deepEqual(candidate(1),1);\n}\n\ntest();",
      "timestamp": 1666123426,
      "stdout": "../../../../tmp/tmpzaokl789.ts(6,26): error TS2304: Cannot find name 'factorial'.\n../../../../tmp/tmpzaokl789.ts(6,42): error TS2304: Cannot find name 'factorial'.\n../../../../tmp/tmpzaokl789.ts(6,57): error TS2304: Cannot find name 'factorial'.\n",
      "stderr": "",
      "exit_code": 2,
      "status": "SyntaxError"
    },
    {
      "program": "//Write a tsthon function to find the sum of the product of consecutive binomial co-efficients.\nfunction sum_Of_product(n: number): number {\n    let sum: number = 0;\n    for (let i: number = 0; i <= n; i++) {\n        for (let j: number = 0; j <= i; j++) {\n            sum = sum + (binomialCoeff(i, j) * binomialCoeff(i, j));\n        }\n    }\n    return sum;\n}\n\ndeclare var require: any;\nconst assert = require('node:assert');\n\n\nfunction test() {\n  let candidate = sum_Of_product;\n  assert.deepEqual(candidate(3),15);\n  assert.deepEqual(candidate(4),56);\n  assert.deepEqual(candidate(1),1);\n}\n\ntest();",
      "timestamp": 1666123419,
      "stdout": "../../../../tmp/tmp3nd8vi3x.ts(6,26): error TS2304: Cannot find name 'binomialCoeff'.\n../../../../tmp/tmp3nd8vi3x.ts(6,48): error TS2304: Cannot find name 'binomialCoeff'.\n",
      "stderr": "",
      "exit_code": 2,
      "status": "SyntaxError"
    },
    {
      "program": "//Write a tsthon function to find the sum of the product of consecutive binomial co-efficients.\nfunction sum_Of_product(n: number): number {\n    let sum: number = 0;\n    for (let i = 1; i <= n; i++) {\n        for (let j = 1; j <= i; j++) {\n            sum += binomial_coefficient(i, j);\n        }\n    }\n    return sum;\n}\n\ndeclare var require: any;\nconst assert = require('node:assert');\n\n\nfunction test() {\n  let candidate = sum_Of_product;\n  assert.deepEqual(candidate(3),15);\n  assert.deepEqual(candidate(4),56);\n  assert.deepEqual(candidate(1),1);\n}\n\ntest();",
      "timestamp": 1666123416,
      "stdout": "../../../../tmp/tmpkemmls2l.ts(6,20): error TS2304: Cannot find name 'binomial_coefficient'.\n",
      "stderr": "",
      "exit_code": 2,
      "status": "SyntaxError"
    },
    {
      "program": "//Write a tsthon function to find the sum of the product of consecutive binomial co-efficients.\nfunction sum_Of_product(n: number): number {\n    let sum: number = 0;\n    for (let i: number = 0; i <= n; i++) {\n        sum = sum + (factorial(n) / (factorial(i) * factorial(n - i)));\n    }\n    return sum;\n}\n\ndeclare var require: any;\nconst assert = require('node:assert');\n\n\nfunction test() {\n  let candidate = sum_Of_product;\n  assert.deepEqual(candidate(3),15);\n  assert.deepEqual(candidate(4),56);\n  assert.deepEqual(candidate(1),1);\n}\n\ntest();",
      "timestamp": 1666123416,
      "stdout": "../../../../tmp/tmpk6p45sc6.ts(5,22): error TS2304: Cannot find name 'factorial'.\n../../../../tmp/tmpk6p45sc6.ts(5,38): error TS2304: Cannot find name 'factorial'.\n../../../../tmp/tmpk6p45sc6.ts(5,53): error TS2304: Cannot find name 'factorial'.\n",
      "stderr": "",
      "exit_code": 2,
      "status": "SyntaxError"
    },
    {
      "program": "//Write a tsthon function to find the sum of the product of consecutive binomial co-efficients.\nfunction sum_Of_product(n: number): number {\n    let sum: number = 0;\n    for (let i = 0; i <= n; i++) {\n        for (let j = 0; j <= n; j++) {\n            sum = sum + (factorial(i) / (factorial(j) * factorial(i - j)));\n        }\n    }\n    return sum;\n}\nconsole.log(sum_Of_product(5));\n\ndeclare var require: any;\nconst assert = require('node:assert');\n\n\nfunction test() {\n  let candidate = sum_Of_product;\n  assert.deepEqual(candidate(3),15);\n  assert.deepEqual(candidate(4),56);\n  assert.deepEqual(candidate(1),1);\n}\n\ntest();",
      "timestamp": 1666123427,
      "stdout": "../../../../tmp/tmp2hjs9zwk.ts(6,26): error TS2304: Cannot find name 'factorial'.\n../../../../tmp/tmp2hjs9zwk.ts(6,42): error TS2304: Cannot find name 'factorial'.\n../../../../tmp/tmp2hjs9zwk.ts(6,57): error TS2304: Cannot find name 'factorial'.\n",
      "stderr": "",
      "exit_code": 2,
      "status": "SyntaxError"
    },
    {
      "program": "//Write a tsthon function to find the sum of the product of consecutive binomial co-efficients.\nfunction sum_Of_product(n: number): number {\n    let sum: number = 0;\n    for (let i = 1; i <= n; i++) {\n        sum += factorial(n) / (factorial(i) * factorial(n - i));\n    }\n    return sum;\n}\nconsole.log(sum_Of_product(5));\n\ndeclare var require: any;\nconst assert = require('node:assert');\n\n\nfunction test() {\n  let candidate = sum_Of_product;\n  assert.deepEqual(candidate(3),15);\n  assert.deepEqual(candidate(4),56);\n  assert.deepEqual(candidate(1),1);\n}\n\ntest();",
      "timestamp": 1666123427,
      "stdout": "../../../../tmp/tmpfcvosqy_.ts(5,16): error TS2304: Cannot find name 'factorial'.\n../../../../tmp/tmpfcvosqy_.ts(5,32): error TS2304: Cannot find name 'factorial'.\n../../../../tmp/tmpfcvosqy_.ts(5,47): error TS2304: Cannot find name 'factorial'.\n",
      "stderr": "",
      "exit_code": 2,
      "status": "SyntaxError"
    },
    {
      "program": "//Write a tsthon function to find the sum of the product of consecutive binomial co-efficients.\nfunction sum_Of_product(n: number): number {\n    let sum = 0;\n    for (let i = 1; i <= n; i++) {\n        sum += i * (n - i + 1);\n    }\n    return sum;\n}\n\ndeclare var require: any;\nconst assert = require('node:assert');\n\n\nfunction test() {\n  let candidate = sum_Of_product;\n  assert.deepEqual(candidate(3),15);\n  assert.deepEqual(candidate(4),56);\n  assert.deepEqual(candidate(1),1);\n}\n\ntest();",
      "timestamp": 1666123427,
      "stdout": "",
      "stderr": "node:assert:124\n  throw new AssertionError(obj);\n  ^\n\nAssertionError [ERR_ASSERTION]: Expected values to be loosely deep-equal:\n\n10\n\nshould loosely deep-equal\n\n15\n    at test (/tmp/tmppa085tr2.js:12:12)\n    at Object.<anonymous> (/tmp/tmppa085tr2.js:16:1)\n    at Module._compile (node:internal/modules/cjs/loader:1120:14)\n    at Module._extensions..js (node:internal/modules/cjs/loader:1174:10)\n    at Module.load (node:internal/modules/cjs/loader:998:32)\n    at Module._load (node:internal/modules/cjs/loader:839:12)\n    at Function.executeUserEntryPoint [as runMain] (node:internal/modules/run_main:81:12)\n    at node:internal/main/run_main_module:17:47 {\n  generatedMessage: true,\n  code: 'ERR_ASSERTION',\n  actual: 10,\n  expected: 15,\n  operator: 'deepEqual'\n}\n\nNode.js v18.7.0\n",
      "exit_code": 1,
      "status": "AssertionError"
    },
    {
      "program": "//Write a tsthon function to find the sum of the product of consecutive binomial co-efficients.\nfunction sum_Of_product(n: number): number {\n    let sum: number = 0;\n    for (let i: number = 0; i <= n; i++) {\n        for (let j: number = 0; j <= i; j++) {\n            sum = sum + (factorial(i) / (factorial(j) * factorial(i - j)));\n        }\n    }\n    return sum;\n}\nconsole.log(sum_Of_product(4));\n\ndeclare var require: any;\nconst assert = require('node:assert');\n\n\nfunction test() {\n  let candidate = sum_Of_product;\n  assert.deepEqual(candidate(3),15);\n  assert.deepEqual(candidate(4),56);\n  assert.deepEqual(candidate(1),1);\n}\n\ntest();",
      "timestamp": 1666123424,
      "stdout": "../../../../tmp/tmp83yqz8q6.ts(6,26): error TS2304: Cannot find name 'factorial'.\n../../../../tmp/tmp83yqz8q6.ts(6,42): error TS2304: Cannot find name 'factorial'.\n../../../../tmp/tmp83yqz8q6.ts(6,57): error TS2304: Cannot find name 'factorial'.\n",
      "stderr": "",
      "exit_code": 2,
      "status": "SyntaxError"
    },
    {
      "program": "//Write a tsthon function to find the sum of the product of consecutive binomial co-efficients.\nfunction sum_Of_product(n: number): number {\n    let sum: number = 0;\n    for (let i: number = 0; i <= n; i++) {\n        for (let j: number = 0; j <= i; j++) {\n            sum = sum + (factorial(i) / (factorial(j) * factorial(i - j)));\n        }\n    }\n    return sum;\n}\n\ndeclare var require: any;\nconst assert = require('node:assert');\n\n\nfunction test() {\n  let candidate = sum_Of_product;\n  assert.deepEqual(candidate(3),15);\n  assert.deepEqual(candidate(4),56);\n  assert.deepEqual(candidate(1),1);\n}\n\ntest();",
      "timestamp": 1665510312,
      "stdout": "../../../../tmp/tmp_4ag3gpo.ts(6,26): error TS2304: Cannot find name 'factorial'.\n../../../../tmp/tmp_4ag3gpo.ts(6,42): error TS2304: Cannot find name 'factorial'.\n../../../../tmp/tmp_4ag3gpo.ts(6,57): error TS2304: Cannot find name 'factorial'.\n",
      "stderr": "",
      "exit_code": 2,
      "status": "SyntaxError"
    },
    {
      "program": "//Write a tsthon function to find the sum of the product of consecutive binomial co-efficients.\nfunction sum_Of_product(n: number): number {\n    let sum: number = 0;\n    for (let i: number = 1; i <= n; i++) {\n        for (let j: number = 1; j <= i; j++) {\n            sum += binomial_coefficient(i, j);\n        }\n    }\n    return sum;\n}\n\ndeclare var require: any;\nconst assert = require('node:assert');\n\n\nfunction test() {\n  let candidate = sum_Of_product;\n  assert.deepEqual(candidate(3),15);\n  assert.deepEqual(candidate(4),56);\n  assert.deepEqual(candidate(1),1);\n}\n\ntest();",
      "timestamp": 1666123427,
      "stdout": "../../../../tmp/tmpg330dcny.ts(6,20): error TS2304: Cannot find name 'binomial_coefficient'.\n",
      "stderr": "",
      "exit_code": 2,
      "status": "SyntaxError"
    },
    {
      "program": "//Write a tsthon function to find the sum of the product of consecutive binomial co-efficients.\nfunction sum_Of_product(n: number): number {\n    let sum: number = 0;\n    for (let i: number = 0; i <= n; i++) {\n        for (let j: number = 0; j <= i; j++) {\n            sum = sum + (factorial(i) / (factorial(j) * factorial(i - j)));\n        }\n    }\n    return sum;\n}\n\ndeclare var require: any;\nconst assert = require('node:assert');\n\n\nfunction test() {\n  let candidate = sum_Of_product;\n  assert.deepEqual(candidate(3),15);\n  assert.deepEqual(candidate(4),56);\n  assert.deepEqual(candidate(1),1);\n}\n\ntest();",
      "timestamp": 1665510312,
      "stdout": "../../../../tmp/tmp_4ag3gpo.ts(6,26): error TS2304: Cannot find name 'factorial'.\n../../../../tmp/tmp_4ag3gpo.ts(6,42): error TS2304: Cannot find name 'factorial'.\n../../../../tmp/tmp_4ag3gpo.ts(6,57): error TS2304: Cannot find name 'factorial'.\n",
      "stderr": "",
      "exit_code": 2,
      "status": "SyntaxError"
    },
    {
      "program": "//Write a tsthon function to find the sum of the product of consecutive binomial co-efficients.\nfunction sum_Of_product(n: number): number {\n    let sum: number = 0;\n    for (let i: number = 0; i < n; i++) {\n        sum = sum + (factorial(n) / (factorial(i) * factorial(n - i)));\n    }\n    return sum;\n}\n\ndeclare var require: any;\nconst assert = require('node:assert');\n\n\nfunction test() {\n  let candidate = sum_Of_product;\n  assert.deepEqual(candidate(3),15);\n  assert.deepEqual(candidate(4),56);\n  assert.deepEqual(candidate(1),1);\n}\n\ntest();",
      "timestamp": 1665510312,
      "stdout": "../../../../tmp/tmpy874gbhf.ts(5,22): error TS2304: Cannot find name 'factorial'.\n../../../../tmp/tmpy874gbhf.ts(5,38): error TS2304: Cannot find name 'factorial'.\n../../../../tmp/tmpy874gbhf.ts(5,53): error TS2304: Cannot find name 'factorial'.\n",
      "stderr": "",
      "exit_code": 2,
      "status": "SyntaxError"
    },
    {
      "program": "//Write a tsthon function to find the sum of the product of consecutive binomial co-efficients.\nfunction sum_Of_product(n: number): number {\n    let sum: number = 0;\n    for (let i: number = 0; i <= n; i++) {\n        sum = sum + (factorial(n) / (factorial(i) * factorial(n - i)));\n    }\n    return sum;\n}\n\ndeclare var require: any;\nconst assert = require('node:assert');\n\n\nfunction test() {\n  let candidate = sum_Of_product;\n  assert.deepEqual(candidate(3),15);\n  assert.deepEqual(candidate(4),56);\n  assert.deepEqual(candidate(1),1);\n}\n\ntest();",
      "timestamp": 1666123416,
      "stdout": "../../../../tmp/tmpk6p45sc6.ts(5,22): error TS2304: Cannot find name 'factorial'.\n../../../../tmp/tmpk6p45sc6.ts(5,38): error TS2304: Cannot find name 'factorial'.\n../../../../tmp/tmpk6p45sc6.ts(5,53): error TS2304: Cannot find name 'factorial'.\n",
      "stderr": "",
      "exit_code": 2,
      "status": "SyntaxError"
    },
    {
      "program": "//Write a tsthon function to find the sum of the product of consecutive binomial co-efficients.\nfunction sum_Of_product(n: number): number {\n    let sum: number = 0;\n    for (let i: number = 0; i <= n; i++) {\n        for (let j: number = 0; j <= i; j++) {\n            sum += binomial_coefficient(i, j);\n        }\n    }\n    return sum;\n}\nconsole.log(sum_Of_product(5));\n\ndeclare var require: any;\nconst assert = require('node:assert');\n\n\nfunction test() {\n  let candidate = sum_Of_product;\n  assert.deepEqual(candidate(3),15);\n  assert.deepEqual(candidate(4),56);\n  assert.deepEqual(candidate(1),1);\n}\n\ntest();",
      "timestamp": 1666123426,
      "stdout": "../../../../tmp/tmpbc7885vy.ts(6,20): error TS2304: Cannot find name 'binomial_coefficient'.\n",
      "stderr": "",
      "exit_code": 2,
      "status": "SyntaxError"
    },
    {
      "program": "//Write a tsthon function to find the sum of the product of consecutive binomial co-efficients.\nfunction sum_Of_product(n: number): number {\n    let sum: number = 0;\n    for (let i = 0; i <= n; i++) {\n        for (let j = 0; j <= i; j++) {\n            sum = sum + (factorial(i) / (factorial(j) * factorial(i - j)));\n        }\n    }\n    return sum;\n}\nconsole.log(\"sum of product of consecutive binomial co-efficients is \" + sum_Of_product(5));\n\ndeclare var require: any;\nconst assert = require('node:assert');\n\n\nfunction test() {\n  let candidate = sum_Of_product;\n  assert.deepEqual(candidate(3),15);\n  assert.deepEqual(candidate(4),56);\n  assert.deepEqual(candidate(1),1);\n}\n\ntest();",
      "timestamp": 1666123427,
      "stdout": "../../../../tmp/tmpgfipq64r.ts(6,26): error TS2304: Cannot find name 'factorial'.\n../../../../tmp/tmpgfipq64r.ts(6,42): error TS2304: Cannot find name 'factorial'.\n../../../../tmp/tmpgfipq64r.ts(6,57): error TS2304: Cannot find name 'factorial'.\n",
      "stderr": "",
      "exit_code": 2,
      "status": "SyntaxError"
    },
    {
      "program": "//Write a tsthon function to find the sum of the product of consecutive binomial co-efficients.\nfunction sum_Of_product(n: number): number {\n    let sum = 0;\n    for (let i = 0; i <= n; i++) {\n        for (let j = 0; j <= i; j++) {\n            sum += binomial_coefficient(i, j);\n        }\n    }\n    return sum;\n}\nconsole.log(sum_Of_product(5));\n\ndeclare var require: any;\nconst assert = require('node:assert');\n\n\nfunction test() {\n  let candidate = sum_Of_product;\n  assert.deepEqual(candidate(3),15);\n  assert.deepEqual(candidate(4),56);\n  assert.deepEqual(candidate(1),1);\n}\n\ntest();",
      "timestamp": 1666123426,
      "stdout": "../../../../tmp/tmp26azhc9e.ts(6,20): error TS2304: Cannot find name 'binomial_coefficient'.\n",
      "stderr": "",
      "exit_code": 2,
      "status": "SyntaxError"
    },
    {
      "program": "//Write a tsthon function to find the sum of the product of consecutive binomial co-efficients.\nfunction sum_Of_product(n: number): number {\n    let sum: number = 0;\n    for (let i: number = 1; i <= n; i++) {\n        sum += factorial(n) / (factorial(i) * factorial(n - i));\n    }\n    return sum;\n}\nconsole.log(sum_Of_product(5));\n\ndeclare var require: any;\nconst assert = require('node:assert');\n\n\nfunction test() {\n  let candidate = sum_Of_product;\n  assert.deepEqual(candidate(3),15);\n  assert.deepEqual(candidate(4),56);\n  assert.deepEqual(candidate(1),1);\n}\n\ntest();",
      "timestamp": 1666123427,
      "stdout": "../../../../tmp/tmpqr1twmtw.ts(5,16): error TS2304: Cannot find name 'factorial'.\n../../../../tmp/tmpqr1twmtw.ts(5,32): error TS2304: Cannot find name 'factorial'.\n../../../../tmp/tmpqr1twmtw.ts(5,47): error TS2304: Cannot find name 'factorial'.\n",
      "stderr": "",
      "exit_code": 2,
      "status": "SyntaxError"
    },
    {
      "program": "//Write a tsthon function to find the sum of the product of consecutive binomial co-efficients.\nfunction sum_Of_product(n: number): number {\n    let sum: number = 0;\n    for (let i = 0; i <= n; i++) {\n        for (let j = 0; j <= i; j++) {\n            sum += binomial_coefficient(i, j);\n        }\n    }\n    return sum;\n}\nconsole.log(sum_Of_product(5));\n\ndeclare var require: any;\nconst assert = require('node:assert');\n\n\nfunction test() {\n  let candidate = sum_Of_product;\n  assert.deepEqual(candidate(3),15);\n  assert.deepEqual(candidate(4),56);\n  assert.deepEqual(candidate(1),1);\n}\n\ntest();",
      "timestamp": 1666123427,
      "stdout": "../../../../tmp/tmpnlyn1p6b.ts(6,20): error TS2304: Cannot find name 'binomial_coefficient'.\n",
      "stderr": "",
      "exit_code": 2,
      "status": "SyntaxError"
    },
    {
      "program": "//Write a tsthon function to find the sum of the product of consecutive binomial co-efficients.\nfunction sum_Of_product(n: number): number {\n    let sum: number = 0;\n    for (let i: number = 0; i <= n; i++) {\n        for (let j: number = 0; j <= n; j++) {\n            sum = sum + (factorial(i) / (factorial(j) * factorial(i - j)));\n        }\n    }\n    return sum;\n}\n\ndeclare var require: any;\nconst assert = require('node:assert');\n\n\nfunction test() {\n  let candidate = sum_Of_product;\n  assert.deepEqual(candidate(3),15);\n  assert.deepEqual(candidate(4),56);\n  assert.deepEqual(candidate(1),1);\n}\n\ntest();",
      "timestamp": 1666123419,
      "stdout": "../../../../tmp/tmpkvd6q8wj.ts(6,26): error TS2304: Cannot find name 'factorial'.\n../../../../tmp/tmpkvd6q8wj.ts(6,42): error TS2304: Cannot find name 'factorial'.\n../../../../tmp/tmpkvd6q8wj.ts(6,57): error TS2304: Cannot find name 'factorial'.\n",
      "stderr": "",
      "exit_code": 2,
      "status": "SyntaxError"
    },
    {
      "program": "//Write a tsthon function to find the sum of the product of consecutive binomial co-efficients.\nfunction sum_Of_product(n: number): number {\n    let sum: number = 0;\n    for (let i = 0; i <= n; i++) {\n        for (let j = 0; j <= i; j++) {\n            sum = sum + (factorial(i) / (factorial(j) * factorial(i - j)));\n        }\n    }\n    return sum;\n}\nconsole.log(sum_Of_product(4));\n\ndeclare var require: any;\nconst assert = require('node:assert');\n\n\nfunction test() {\n  let candidate = sum_Of_product;\n  assert.deepEqual(candidate(3),15);\n  assert.deepEqual(candidate(4),56);\n  assert.deepEqual(candidate(1),1);\n}\n\ntest();",
      "timestamp": 1665510312,
      "stdout": "../../../../tmp/tmpu36zcm3b.ts(6,26): error TS2304: Cannot find name 'factorial'.\n../../../../tmp/tmpu36zcm3b.ts(6,42): error TS2304: Cannot find name 'factorial'.\n../../../../tmp/tmpu36zcm3b.ts(6,57): error TS2304: Cannot find name 'factorial'.\n",
      "stderr": "",
      "exit_code": 2,
      "status": "SyntaxError"
    },
    {
      "program": "//Write a tsthon function to find the sum of the product of consecutive binomial co-efficients.\nfunction sum_Of_product(n: number): number {\n    let sum: number = 0;\n    for (let i = 0; i <= n; i++) {\n        for (let j = 0; j <= i; j++) {\n            sum = sum + binomialCoeff(i, j);\n        }\n    }\n    return sum;\n}\n\ndeclare var require: any;\nconst assert = require('node:assert');\n\n\nfunction test() {\n  let candidate = sum_Of_product;\n  assert.deepEqual(candidate(3),15);\n  assert.deepEqual(candidate(4),56);\n  assert.deepEqual(candidate(1),1);\n}\n\ntest();",
      "timestamp": 1666123427,
      "stdout": "../../../../tmp/tmp_afmeo3g.ts(6,25): error TS2304: Cannot find name 'binomialCoeff'.\n",
      "stderr": "",
      "exit_code": 2,
      "status": "SyntaxError"
    },
    {
      "program": "//Write a tsthon function to find the sum of the product of consecutive binomial co-efficients.\nfunction sum_Of_product(n: number): number {\n    let sum = 0;\n    for (let i = 0; i <= n; i++) {\n        sum = sum + (factorial(n) / (factorial(i) * factorial(n - i)));\n    }\n    return sum;\n}\nconsole.log(sum_Of_product(5));\n\ndeclare var require: any;\nconst assert = require('node:assert');\n\n\nfunction test() {\n  let candidate = sum_Of_product;\n  assert.deepEqual(candidate(3),15);\n  assert.deepEqual(candidate(4),56);\n  assert.deepEqual(candidate(1),1);\n}\n\ntest();",
      "timestamp": 1665510312,
      "stdout": "../../../../tmp/tmpsepko839.ts(5,22): error TS2304: Cannot find name 'factorial'.\n../../../../tmp/tmpsepko839.ts(5,38): error TS2304: Cannot find name 'factorial'.\n../../../../tmp/tmpsepko839.ts(5,53): error TS2304: Cannot find name 'factorial'.\n",
      "stderr": "",
      "exit_code": 2,
      "status": "SyntaxError"
    },
    {
      "program": "//Write a tsthon function to find the sum of the product of consecutive binomial co-efficients.\nfunction sum_Of_product(n: number): number {\n    let sum = 0;\n    for (let i = 0; i <= n; i++) {\n        for (let j = 0; j <= i; j++) {\n            sum += binomial_coefficient(i, j);\n        }\n    }\n    return sum;\n}\n\nconsole.log(sum_Of_product(5));\n\ndeclare var require: any;\nconst assert = require('node:assert');\n\n\nfunction test() {\n  let candidate = sum_Of_product;\n  assert.deepEqual(candidate(3),15);\n  assert.deepEqual(candidate(4),56);\n  assert.deepEqual(candidate(1),1);\n}\n\ntest();",
      "timestamp": 1666123427,
      "stdout": "../../../../tmp/tmp8bk89ues.ts(6,20): error TS2304: Cannot find name 'binomial_coefficient'.\n",
      "stderr": "",
      "exit_code": 2,
      "status": "SyntaxError"
    }
  ]
}