{
  "name": "mbpp_448_cal_sum",
  "language": "ts",
  "prompt": "//Write a function to calculate the sum of perrin numbers.\nfunction cal_sum(n: number): number {\n",
  "doctests": "transform",
  "original": "/home/arjun/repos/MultiPL-E/datasets/../datasets/mbpp-typed/mbpp_448_cal_sum.py",
  "prompt_terminology": "reworded",
  "tests": "declare var require: any;\nconst assert = require('node:assert');\n\n\nfunction test() {\n  let candidate = cal_sum;\n  assert.deepEqual(candidate(9),49);\n  assert.deepEqual(candidate(10),66);\n  assert.deepEqual(candidate(11),88);\n}\n\ntest();",
  "stop_tokens": [
    "\nfunction ",
    "\n/*",
    "\n//",
    "\nclass"
  ],
  "results": [
    {
      "program": "//Write a function to calculate the sum of perrin numbers.\nfunction cal_sum(n: number): number {\n    let sum = 0;\n    let perrin = [3, 0, 2];\n    for (let i = 3; i < n; i++) {\n        perrin[i] = perrin[i - 2] + perrin[i - 3];\n    }\n    for (let i = 0; i < n; i++) {\n        sum += perrin[i];\n    }\n    return sum;\n}\n\ndeclare var require: any;\nconst assert = require('node:assert');\n\n\nfunction test() {\n  let candidate = cal_sum;\n  assert.deepEqual(candidate(9),49);\n  assert.deepEqual(candidate(10),66);\n  assert.deepEqual(candidate(11),88);\n}\n\ntest();",
      "timestamp": 1665510092,
      "stdout": "",
      "stderr": "node:assert:124\n  throw new AssertionError(obj);\n  ^\n\nAssertionError [ERR_ASSERTION]: Expected values to be loosely deep-equal:\n\n37\n\nshould loosely deep-equal\n\n49\n    at test (/tmp/tmp71b5gxsh.js:16:12)\n    at Object.<anonymous> (/tmp/tmp71b5gxsh.js:20:1)\n    at Module._compile (node:internal/modules/cjs/loader:1120:14)\n    at Module._extensions..js (node:internal/modules/cjs/loader:1174:10)\n    at Module.load (node:internal/modules/cjs/loader:998:32)\n    at Module._load (node:internal/modules/cjs/loader:839:12)\n    at Function.executeUserEntryPoint [as runMain] (node:internal/modules/run_main:81:12)\n    at node:internal/main/run_main_module:17:47 {\n  generatedMessage: true,\n  code: 'ERR_ASSERTION',\n  actual: 37,\n  expected: 49,\n  operator: 'deepEqual'\n}\n\nNode.js v18.7.0\n",
      "exit_code": 1,
      "status": "AssertionError"
    },
    {
      "program": "//Write a function to calculate the sum of perrin numbers.\nfunction cal_sum(n: number): number {\n    let sum = 0;\n    for (let i = 0; i <= n; i++) {\n        sum += perrin(i);\n    }\n    return sum;\n}\n\ndeclare var require: any;\nconst assert = require('node:assert');\n\n\nfunction test() {\n  let candidate = cal_sum;\n  assert.deepEqual(candidate(9),49);\n  assert.deepEqual(candidate(10),66);\n  assert.deepEqual(candidate(11),88);\n}\n\ntest();",
      "timestamp": 1665510092,
      "stdout": "../../../../tmp/tmpkjd1szgu.ts(5,16): error TS2304: Cannot find name 'perrin'.\n",
      "stderr": "",
      "exit_code": 2,
      "status": "SyntaxError"
    },
    {
      "program": "//Write a function to calculate the sum of perrin numbers.\nfunction cal_sum(n: number): number {\n    let sum = 0;\n    for (let i = 0; i < n; i++) {\n        sum += perrin(i);\n    }\n    return sum;\n}\n\ndeclare var require: any;\nconst assert = require('node:assert');\n\n\nfunction test() {\n  let candidate = cal_sum;\n  assert.deepEqual(candidate(9),49);\n  assert.deepEqual(candidate(10),66);\n  assert.deepEqual(candidate(11),88);\n}\n\ntest();",
      "timestamp": 1665510092,
      "stdout": "../../../../tmp/tmpqwpcvi0c.ts(5,16): error TS2304: Cannot find name 'perrin'.\n",
      "stderr": "",
      "exit_code": 2,
      "status": "SyntaxError"
    },
    {
      "program": "//Write a function to calculate the sum of perrin numbers.\nfunction cal_sum(n: number): number {\n    let sum = 0;\n    for (let i = 0; i < n; i++) {\n        sum += perrin(i);\n    }\n    return sum;\n}\n\ndeclare var require: any;\nconst assert = require('node:assert');\n\n\nfunction test() {\n  let candidate = cal_sum;\n  assert.deepEqual(candidate(9),49);\n  assert.deepEqual(candidate(10),66);\n  assert.deepEqual(candidate(11),88);\n}\n\ntest();",
      "timestamp": 1665510092,
      "stdout": "../../../../tmp/tmpqwpcvi0c.ts(5,16): error TS2304: Cannot find name 'perrin'.\n",
      "stderr": "",
      "exit_code": 2,
      "status": "SyntaxError"
    },
    {
      "program": "//Write a function to calculate the sum of perrin numbers.\nfunction cal_sum(n: number): number {\n    let sum: number = 0;\n    for (let i = 0; i < n; i++) {\n        sum += perrin(i);\n    }\n    return sum;\n}\n\ndeclare var require: any;\nconst assert = require('node:assert');\n\n\nfunction test() {\n  let candidate = cal_sum;\n  assert.deepEqual(candidate(9),49);\n  assert.deepEqual(candidate(10),66);\n  assert.deepEqual(candidate(11),88);\n}\n\ntest();",
      "timestamp": 1665510092,
      "stdout": "../../../../tmp/tmpcauj1717.ts(5,16): error TS2304: Cannot find name 'perrin'.\n",
      "stderr": "",
      "exit_code": 2,
      "status": "SyntaxError"
    },
    {
      "program": "//Write a function to calculate the sum of perrin numbers.\nfunction cal_sum(n: number): number {\n    let sum: number = 0;\n    for (let i = 0; i < n; i++) {\n        sum += perrin(i);\n    }\n    return sum;\n}\n\ndeclare var require: any;\nconst assert = require('node:assert');\n\n\nfunction test() {\n  let candidate = cal_sum;\n  assert.deepEqual(candidate(9),49);\n  assert.deepEqual(candidate(10),66);\n  assert.deepEqual(candidate(11),88);\n}\n\ntest();",
      "timestamp": 1665510092,
      "stdout": "../../../../tmp/tmpcauj1717.ts(5,16): error TS2304: Cannot find name 'perrin'.\n",
      "stderr": "",
      "exit_code": 2,
      "status": "SyntaxError"
    },
    {
      "program": "//Write a function to calculate the sum of perrin numbers.\nfunction cal_sum(n: number): number {\n    let sum = 0;\n    for (let i = 0; i <= n; i++) {\n        sum += perrin(i);\n    }\n    return sum;\n}\n\ndeclare var require: any;\nconst assert = require('node:assert');\n\n\nfunction test() {\n  let candidate = cal_sum;\n  assert.deepEqual(candidate(9),49);\n  assert.deepEqual(candidate(10),66);\n  assert.deepEqual(candidate(11),88);\n}\n\ntest();",
      "timestamp": 1665510092,
      "stdout": "../../../../tmp/tmpkjd1szgu.ts(5,16): error TS2304: Cannot find name 'perrin'.\n",
      "stderr": "",
      "exit_code": 2,
      "status": "SyntaxError"
    },
    {
      "program": "//Write a function to calculate the sum of perrin numbers.\nfunction cal_sum(n: number): number {\n    let sum: number = 0;\n    for (let i: number = 0; i <= n; i++) {\n        sum += perrin(i);\n    }\n    return sum;\n}\n\ndeclare var require: any;\nconst assert = require('node:assert');\n\n\nfunction test() {\n  let candidate = cal_sum;\n  assert.deepEqual(candidate(9),49);\n  assert.deepEqual(candidate(10),66);\n  assert.deepEqual(candidate(11),88);\n}\n\ntest();",
      "timestamp": 1665510092,
      "stdout": "../../../../tmp/tmpl0s8e99k.ts(5,16): error TS2304: Cannot find name 'perrin'.\n",
      "stderr": "",
      "exit_code": 2,
      "status": "SyntaxError"
    },
    {
      "program": "//Write a function to calculate the sum of perrin numbers.\nfunction cal_sum(n: number): number {\n    let sum: number = 0;\n    let perrin: number[] = [3, 0, 2];\n    for (let i: number = 0; i < n; i++) {\n        perrin.push(perrin[i] + perrin[i + 1]);\n        sum += perrin[i];\n    }\n    return sum;\n}\n\ndeclare var require: any;\nconst assert = require('node:assert');\n\n\nfunction test() {\n  let candidate = cal_sum;\n  assert.deepEqual(candidate(9),49);\n  assert.deepEqual(candidate(10),66);\n  assert.deepEqual(candidate(11),88);\n}\n\ntest();",
      "timestamp": 1665510092,
      "stdout": "",
      "stderr": "node:assert:124\n  throw new AssertionError(obj);\n  ^\n\nAssertionError [ERR_ASSERTION]: Expected values to be loosely deep-equal:\n\n37\n\nshould loosely deep-equal\n\n49\n    at test (/tmp/tmp6tj71312.js:14:12)\n    at Object.<anonymous> (/tmp/tmp6tj71312.js:18:1)\n    at Module._compile (node:internal/modules/cjs/loader:1120:14)\n    at Module._extensions..js (node:internal/modules/cjs/loader:1174:10)\n    at Module.load (node:internal/modules/cjs/loader:998:32)\n    at Module._load (node:internal/modules/cjs/loader:839:12)\n    at Function.executeUserEntryPoint [as runMain] (node:internal/modules/run_main:81:12)\n    at node:internal/main/run_main_module:17:47 {\n  generatedMessage: true,\n  code: 'ERR_ASSERTION',\n  actual: 37,\n  expected: 49,\n  operator: 'deepEqual'\n}\n\nNode.js v18.7.0\n",
      "exit_code": 1,
      "status": "AssertionError"
    },
    {
      "program": "//Write a function to calculate the sum of perrin numbers.\nfunction cal_sum(n: number): number {\n    let sum = 0;\n    for (let i = 0; i < n; i++) {\n        sum += perrin(i);\n    }\n    return sum;\n}\n\ndeclare var require: any;\nconst assert = require('node:assert');\n\n\nfunction test() {\n  let candidate = cal_sum;\n  assert.deepEqual(candidate(9),49);\n  assert.deepEqual(candidate(10),66);\n  assert.deepEqual(candidate(11),88);\n}\n\ntest();",
      "timestamp": 1665510092,
      "stdout": "../../../../tmp/tmpqwpcvi0c.ts(5,16): error TS2304: Cannot find name 'perrin'.\n",
      "stderr": "",
      "exit_code": 2,
      "status": "SyntaxError"
    },
    {
      "program": "//Write a function to calculate the sum of perrin numbers.\nfunction cal_sum(n: number): number {\n    let sum: number = 0;\n    for (let i = 0; i <= n; i++) {\n        sum += perrin(i);\n    }\n    return sum;\n}\n\nconsole.log(cal_sum(10));\ndeclare var require: any;\nconst assert = require('node:assert');\n\n\nfunction test() {\n  let candidate = cal_sum;\n  assert.deepEqual(candidate(9),49);\n  assert.deepEqual(candidate(10),66);\n  assert.deepEqual(candidate(11),88);\n}\n\ntest();",
      "timestamp": 1665510092,
      "stdout": "../../../../tmp/tmpxbqevfw3.ts(5,16): error TS2304: Cannot find name 'perrin'.\n",
      "stderr": "",
      "exit_code": 2,
      "status": "SyntaxError"
    },
    {
      "program": "//Write a function to calculate the sum of perrin numbers.\nfunction cal_sum(n: number): number {\n    let sum: number = 0;\n    for (let i = 0; i <= n; i++) {\n        sum += perrin(i);\n    }\n    return sum;\n}\n\ndeclare var require: any;\nconst assert = require('node:assert');\n\n\nfunction test() {\n  let candidate = cal_sum;\n  assert.deepEqual(candidate(9),49);\n  assert.deepEqual(candidate(10),66);\n  assert.deepEqual(candidate(11),88);\n}\n\ntest();",
      "timestamp": 1665510092,
      "stdout": "../../../../tmp/tmpr2xz9z5y.ts(5,16): error TS2304: Cannot find name 'perrin'.\n",
      "stderr": "",
      "exit_code": 2,
      "status": "SyntaxError"
    },
    {
      "program": "//Write a function to calculate the sum of perrin numbers.\nfunction cal_sum(n: number): number {\n    let sum = 0;\n    for (let i = 0; i <= n; i++) {\n        sum += perrin(i);\n    }\n    return sum;\n}\n\ndeclare var require: any;\nconst assert = require('node:assert');\n\n\nfunction test() {\n  let candidate = cal_sum;\n  assert.deepEqual(candidate(9),49);\n  assert.deepEqual(candidate(10),66);\n  assert.deepEqual(candidate(11),88);\n}\n\ntest();",
      "timestamp": 1665510092,
      "stdout": "../../../../tmp/tmpkjd1szgu.ts(5,16): error TS2304: Cannot find name 'perrin'.\n",
      "stderr": "",
      "exit_code": 2,
      "status": "SyntaxError"
    },
    {
      "program": "//Write a function to calculate the sum of perrin numbers.\nfunction cal_sum(n: number): number {\n    let sum = 0;\n    let perrin = [3, 0, 2];\n    for (let i = 3; i < n; i++) {\n        perrin[i] = perrin[i - 2] + perrin[i - 3];\n        sum += perrin[i];\n    }\n    return sum;\n}\n\ndeclare var require: any;\nconst assert = require('node:assert');\n\n\nfunction test() {\n  let candidate = cal_sum;\n  assert.deepEqual(candidate(9),49);\n  assert.deepEqual(candidate(10),66);\n  assert.deepEqual(candidate(11),88);\n}\n\ntest();",
      "timestamp": 1665510092,
      "stdout": "",
      "stderr": "node:assert:124\n  throw new AssertionError(obj);\n  ^\n\nAssertionError [ERR_ASSERTION]: Expected values to be loosely deep-equal:\n\n32\n\nshould loosely deep-equal\n\n49\n    at test (/tmp/tmp_qcw1mel.js:14:12)\n    at Object.<anonymous> (/tmp/tmp_qcw1mel.js:18:1)\n    at Module._compile (node:internal/modules/cjs/loader:1120:14)\n    at Module._extensions..js (node:internal/modules/cjs/loader:1174:10)\n    at Module.load (node:internal/modules/cjs/loader:998:32)\n    at Module._load (node:internal/modules/cjs/loader:839:12)\n    at Function.executeUserEntryPoint [as runMain] (node:internal/modules/run_main:81:12)\n    at node:internal/main/run_main_module:17:47 {\n  generatedMessage: true,\n  code: 'ERR_ASSERTION',\n  actual: 32,\n  expected: 49,\n  operator: 'deepEqual'\n}\n\nNode.js v18.7.0\n",
      "exit_code": 1,
      "status": "AssertionError"
    },
    {
      "program": "//Write a function to calculate the sum of perrin numbers.\nfunction cal_sum(n: number): number {\n    let sum: number = 0;\n    let perrin: number[] = [3, 0, 2];\n    for (let i: number = 0; i < n; i++) {\n        sum += perrin[2];\n        perrin[0] = perrin[1];\n        perrin[1] = perrin[2];\n        perrin[2] = perrin[0] + perrin[1];\n    }\n    return sum;\n}\n\ndeclare var require: any;\nconst assert = require('node:assert');\n\n\nfunction test() {\n  let candidate = cal_sum;\n  assert.deepEqual(candidate(9),49);\n  assert.deepEqual(candidate(10),66);\n  assert.deepEqual(candidate(11),88);\n}\n\ntest();",
      "timestamp": 1665510092,
      "stdout": "",
      "stderr": "node:assert:124\n  throw new AssertionError(obj);\n  ^\n\nAssertionError [ERR_ASSERTION]: Expected values to be loosely deep-equal:\n\n176\n\nshould loosely deep-equal\n\n49\n    at test (/tmp/tmpici54uwb.js:16:12)\n    at Object.<anonymous> (/tmp/tmpici54uwb.js:20:1)\n    at Module._compile (node:internal/modules/cjs/loader:1120:14)\n    at Module._extensions..js (node:internal/modules/cjs/loader:1174:10)\n    at Module.load (node:internal/modules/cjs/loader:998:32)\n    at Module._load (node:internal/modules/cjs/loader:839:12)\n    at Function.executeUserEntryPoint [as runMain] (node:internal/modules/run_main:81:12)\n    at node:internal/main/run_main_module:17:47 {\n  generatedMessage: true,\n  code: 'ERR_ASSERTION',\n  actual: 176,\n  expected: 49,\n  operator: 'deepEqual'\n}\n\nNode.js v18.7.0\n",
      "exit_code": 1,
      "status": "AssertionError"
    },
    {
      "program": "//Write a function to calculate the sum of perrin numbers.\nfunction cal_sum(n: number): number {\n    let sum = 0;\n    for (let i = 0; i <= n; i++) {\n        sum += perrin(i);\n    }\n    return sum;\n}\n\ndeclare var require: any;\nconst assert = require('node:assert');\n\n\nfunction test() {\n  let candidate = cal_sum;\n  assert.deepEqual(candidate(9),49);\n  assert.deepEqual(candidate(10),66);\n  assert.deepEqual(candidate(11),88);\n}\n\ntest();",
      "timestamp": 1665510092,
      "stdout": "../../../../tmp/tmpkjd1szgu.ts(5,16): error TS2304: Cannot find name 'perrin'.\n",
      "stderr": "",
      "exit_code": 2,
      "status": "SyntaxError"
    },
    {
      "program": "//Write a function to calculate the sum of perrin numbers.\nfunction cal_sum(n: number): number {\n    let sum = 0;\n    for (let i = 0; i <= n; i++) {\n        sum += perrin(i);\n    }\n    return sum;\n}\n\ndeclare var require: any;\nconst assert = require('node:assert');\n\n\nfunction test() {\n  let candidate = cal_sum;\n  assert.deepEqual(candidate(9),49);\n  assert.deepEqual(candidate(10),66);\n  assert.deepEqual(candidate(11),88);\n}\n\ntest();",
      "timestamp": 1665510092,
      "stdout": "../../../../tmp/tmpkjd1szgu.ts(5,16): error TS2304: Cannot find name 'perrin'.\n",
      "stderr": "",
      "exit_code": 2,
      "status": "SyntaxError"
    },
    {
      "program": "//Write a function to calculate the sum of perrin numbers.\nfunction cal_sum(n: number): number {\n    let sum = 0;\n    for (let i = 0; i < n; i++) {\n        sum += perrin(i);\n    }\n    return sum;\n}\n\ndeclare var require: any;\nconst assert = require('node:assert');\n\n\nfunction test() {\n  let candidate = cal_sum;\n  assert.deepEqual(candidate(9),49);\n  assert.deepEqual(candidate(10),66);\n  assert.deepEqual(candidate(11),88);\n}\n\ntest();",
      "timestamp": 1665510092,
      "stdout": "../../../../tmp/tmpqwpcvi0c.ts(5,16): error TS2304: Cannot find name 'perrin'.\n",
      "stderr": "",
      "exit_code": 2,
      "status": "SyntaxError"
    },
    {
      "program": "//Write a function to calculate the sum of perrin numbers.\nfunction cal_sum(n: number): number {\n    let sum: number = 0;\n    for (let i: number = 0; i < n; i++) {\n        sum += perrin(i);\n    }\n    return sum;\n}\n\ndeclare var require: any;\nconst assert = require('node:assert');\n\n\nfunction test() {\n  let candidate = cal_sum;\n  assert.deepEqual(candidate(9),49);\n  assert.deepEqual(candidate(10),66);\n  assert.deepEqual(candidate(11),88);\n}\n\ntest();",
      "timestamp": 1665510092,
      "stdout": "../../../../tmp/tmpdv1br3id.ts(5,16): error TS2304: Cannot find name 'perrin'.\n",
      "stderr": "",
      "exit_code": 2,
      "status": "SyntaxError"
    },
    {
      "program": "//Write a function to calculate the sum of perrin numbers.\nfunction cal_sum(n: number): number {\n    let sum = 0;\n    for (let i = 0; i <= n; i++) {\n        sum += perrin(i);\n    }\n    return sum;\n}\n\ndeclare var require: any;\nconst assert = require('node:assert');\n\n\nfunction test() {\n  let candidate = cal_sum;\n  assert.deepEqual(candidate(9),49);\n  assert.deepEqual(candidate(10),66);\n  assert.deepEqual(candidate(11),88);\n}\n\ntest();",
      "timestamp": 1665510092,
      "stdout": "../../../../tmp/tmpkjd1szgu.ts(5,16): error TS2304: Cannot find name 'perrin'.\n",
      "stderr": "",
      "exit_code": 2,
      "status": "SyntaxError"
    },
    {
      "program": "//Write a function to calculate the sum of perrin numbers.\nfunction cal_sum(n: number): number {\n    let sum = 0;\n    for (let i = 0; i < n; i++) {\n        sum += perrin(i);\n    }\n    return sum;\n}\n\nconsole.log(cal_sum(10));\n\ndeclare var require: any;\nconst assert = require('node:assert');\n\n\nfunction test() {\n  let candidate = cal_sum;\n  assert.deepEqual(candidate(9),49);\n  assert.deepEqual(candidate(10),66);\n  assert.deepEqual(candidate(11),88);\n}\n\ntest();",
      "timestamp": 1666123392,
      "stdout": "../../../../tmp/tmpvgd7scga.ts(5,16): error TS2304: Cannot find name 'perrin'.\n",
      "stderr": "",
      "exit_code": 2,
      "status": "SyntaxError"
    },
    {
      "program": "//Write a function to calculate the sum of perrin numbers.\nfunction cal_sum(n: number): number {\n    let sum = 0;\n    for (let i = 1; i <= n; i++) {\n        sum += perrin(i);\n    }\n    return sum;\n}\n\ndeclare var require: any;\nconst assert = require('node:assert');\n\n\nfunction test() {\n  let candidate = cal_sum;\n  assert.deepEqual(candidate(9),49);\n  assert.deepEqual(candidate(10),66);\n  assert.deepEqual(candidate(11),88);\n}\n\ntest();",
      "timestamp": 1666123392,
      "stdout": "../../../../tmp/tmpbb89snw3.ts(5,16): error TS2304: Cannot find name 'perrin'.\n",
      "stderr": "",
      "exit_code": 2,
      "status": "SyntaxError"
    },
    {
      "program": "//Write a function to calculate the sum of perrin numbers.\nfunction cal_sum(n: number): number {\n    let sum: number = 0;\n    for (let i = 0; i < n; i++) {\n        sum += perrin(i);\n    }\n    return sum;\n}\n\ndeclare var require: any;\nconst assert = require('node:assert');\n\n\nfunction test() {\n  let candidate = cal_sum;\n  assert.deepEqual(candidate(9),49);\n  assert.deepEqual(candidate(10),66);\n  assert.deepEqual(candidate(11),88);\n}\n\ntest();",
      "timestamp": 1665510092,
      "stdout": "../../../../tmp/tmpcauj1717.ts(5,16): error TS2304: Cannot find name 'perrin'.\n",
      "stderr": "",
      "exit_code": 2,
      "status": "SyntaxError"
    },
    {
      "program": "//Write a function to calculate the sum of perrin numbers.\nfunction cal_sum(n: number): number {\n    let sum = 0;\n    for (let i = 0; i <= n; i++) {\n        sum += perrin(i);\n    }\n    return sum;\n}\n\ndeclare var require: any;\nconst assert = require('node:assert');\n\n\nfunction test() {\n  let candidate = cal_sum;\n  assert.deepEqual(candidate(9),49);\n  assert.deepEqual(candidate(10),66);\n  assert.deepEqual(candidate(11),88);\n}\n\ntest();",
      "timestamp": 1665510092,
      "stdout": "../../../../tmp/tmpkjd1szgu.ts(5,16): error TS2304: Cannot find name 'perrin'.\n",
      "stderr": "",
      "exit_code": 2,
      "status": "SyntaxError"
    },
    {
      "program": "//Write a function to calculate the sum of perrin numbers.\nfunction cal_sum(n: number): number {\n    let sum = 0;\n    let perrin = [3, 0, 2];\n    if (n < 3) {\n        return perrin[n];\n    }\n    for (let i = 3; i <= n; i++) {\n        perrin[i] = perrin[i - 2] + perrin[i - 3];\n        sum += perrin[i];\n    }\n    return sum;\n}\n\ndeclare var require: any;\nconst assert = require('node:assert');\n\n\nfunction test() {\n  let candidate = cal_sum;\n  assert.deepEqual(candidate(9),49);\n  assert.deepEqual(candidate(10),66);\n  assert.deepEqual(candidate(11),88);\n}\n\ntest();",
      "timestamp": 1666123392,
      "stdout": "",
      "stderr": "node:assert:124\n  throw new AssertionError(obj);\n  ^\n\nAssertionError [ERR_ASSERTION]: Expected values to be loosely deep-equal:\n\n44\n\nshould loosely deep-equal\n\n49\n    at test (/tmp/tmp3uwzr2cc.js:17:12)\n    at Object.<anonymous> (/tmp/tmp3uwzr2cc.js:21:1)\n    at Module._compile (node:internal/modules/cjs/loader:1120:14)\n    at Module._extensions..js (node:internal/modules/cjs/loader:1174:10)\n    at Module.load (node:internal/modules/cjs/loader:998:32)\n    at Module._load (node:internal/modules/cjs/loader:839:12)\n    at Function.executeUserEntryPoint [as runMain] (node:internal/modules/run_main:81:12)\n    at node:internal/main/run_main_module:17:47 {\n  generatedMessage: true,\n  code: 'ERR_ASSERTION',\n  actual: 44,\n  expected: 49,\n  operator: 'deepEqual'\n}\n\nNode.js v18.7.0\n",
      "exit_code": 1,
      "status": "AssertionError"
    },
    {
      "program": "//Write a function to calculate the sum of perrin numbers.\nfunction cal_sum(n: number): number {\n    let sum = 0;\n    for (let i = 0; i <= n; i++) {\n        sum += perrin(i);\n    }\n    return sum;\n}\n\ndeclare var require: any;\nconst assert = require('node:assert');\n\n\nfunction test() {\n  let candidate = cal_sum;\n  assert.deepEqual(candidate(9),49);\n  assert.deepEqual(candidate(10),66);\n  assert.deepEqual(candidate(11),88);\n}\n\ntest();",
      "timestamp": 1665510092,
      "stdout": "../../../../tmp/tmpkjd1szgu.ts(5,16): error TS2304: Cannot find name 'perrin'.\n",
      "stderr": "",
      "exit_code": 2,
      "status": "SyntaxError"
    },
    {
      "program": "//Write a function to calculate the sum of perrin numbers.\nfunction cal_sum(n: number): number {\n    let sum: number = 0;\n    for (let i: number = 0; i <= n; i++) {\n        sum += perrin(i);\n    }\n    return sum;\n}\n\ndeclare var require: any;\nconst assert = require('node:assert');\n\n\nfunction test() {\n  let candidate = cal_sum;\n  assert.deepEqual(candidate(9),49);\n  assert.deepEqual(candidate(10),66);\n  assert.deepEqual(candidate(11),88);\n}\n\ntest();",
      "timestamp": 1665510092,
      "stdout": "../../../../tmp/tmpl0s8e99k.ts(5,16): error TS2304: Cannot find name 'perrin'.\n",
      "stderr": "",
      "exit_code": 2,
      "status": "SyntaxError"
    },
    {
      "program": "//Write a function to calculate the sum of perrin numbers.\nfunction cal_sum(n: number): number {\n    let perrin: number[] = [3, 0, 2];\n    let sum: number = 0;\n    for (let i: number = 0; i < n; i++) {\n        if (i > 2) {\n            perrin[i] = perrin[i - 2] + perrin[i - 3];\n        }\n        sum += perrin[i];\n    }\n    return sum;\n}\n\nconsole.log(cal_sum(10));\n\ndeclare var require: any;\nconst assert = require('node:assert');\n\n\nfunction test() {\n  let candidate = cal_sum;\n  assert.deepEqual(candidate(9),49);\n  assert.deepEqual(candidate(10),66);\n  assert.deepEqual(candidate(11),88);\n}\n\ntest();",
      "timestamp": 1666123392,
      "stdout": "49\n",
      "stderr": "node:assert:124\n  throw new AssertionError(obj);\n  ^\n\nAssertionError [ERR_ASSERTION]: Expected values to be loosely deep-equal:\n\n37\n\nshould loosely deep-equal\n\n49\n    at test (/tmp/tmp618voi9u.js:17:12)\n    at Object.<anonymous> (/tmp/tmp618voi9u.js:21:1)\n    at Module._compile (node:internal/modules/cjs/loader:1120:14)\n    at Module._extensions..js (node:internal/modules/cjs/loader:1174:10)\n    at Module.load (node:internal/modules/cjs/loader:998:32)\n    at Module._load (node:internal/modules/cjs/loader:839:12)\n    at Function.executeUserEntryPoint [as runMain] (node:internal/modules/run_main:81:12)\n    at node:internal/main/run_main_module:17:47 {\n  generatedMessage: true,\n  code: 'ERR_ASSERTION',\n  actual: 37,\n  expected: 49,\n  operator: 'deepEqual'\n}\n\nNode.js v18.7.0\n",
      "exit_code": 1,
      "status": "AssertionError"
    },
    {
      "program": "//Write a function to calculate the sum of perrin numbers.\nfunction cal_sum(n: number): number {\n    let sum = 0;\n    for (let i = 0; i <= n; i++) {\n        sum += perrin(i);\n    }\n    return sum;\n}\n\ndeclare var require: any;\nconst assert = require('node:assert');\n\n\nfunction test() {\n  let candidate = cal_sum;\n  assert.deepEqual(candidate(9),49);\n  assert.deepEqual(candidate(10),66);\n  assert.deepEqual(candidate(11),88);\n}\n\ntest();",
      "timestamp": 1665510092,
      "stdout": "../../../../tmp/tmpkjd1szgu.ts(5,16): error TS2304: Cannot find name 'perrin'.\n",
      "stderr": "",
      "exit_code": 2,
      "status": "SyntaxError"
    },
    {
      "program": "//Write a function to calculate the sum of perrin numbers.\nfunction cal_sum(n: number): number {\n    let sum = 0;\n    for (let i = 0; i <= n; i++) {\n        sum += perrin(i);\n    }\n    return sum;\n}\n\ndeclare var require: any;\nconst assert = require('node:assert');\n\n\nfunction test() {\n  let candidate = cal_sum;\n  assert.deepEqual(candidate(9),49);\n  assert.deepEqual(candidate(10),66);\n  assert.deepEqual(candidate(11),88);\n}\n\ntest();",
      "timestamp": 1665510092,
      "stdout": "../../../../tmp/tmpkjd1szgu.ts(5,16): error TS2304: Cannot find name 'perrin'.\n",
      "stderr": "",
      "exit_code": 2,
      "status": "SyntaxError"
    },
    {
      "program": "//Write a function to calculate the sum of perrin numbers.\nfunction cal_sum(n: number): number {\n    let sum = 0;\n    for (let i = 0; i <= n; i++) {\n        sum += perrin(i);\n    }\n    return sum;\n}\n\ndeclare var require: any;\nconst assert = require('node:assert');\n\n\nfunction test() {\n  let candidate = cal_sum;\n  assert.deepEqual(candidate(9),49);\n  assert.deepEqual(candidate(10),66);\n  assert.deepEqual(candidate(11),88);\n}\n\ntest();",
      "timestamp": 1665510092,
      "stdout": "../../../../tmp/tmpkjd1szgu.ts(5,16): error TS2304: Cannot find name 'perrin'.\n",
      "stderr": "",
      "exit_code": 2,
      "status": "SyntaxError"
    },
    {
      "program": "//Write a function to calculate the sum of perrin numbers.\nfunction cal_sum(n: number): number {\n    let perrin: number[] = [3, 0, 2];\n    let sum: number = 0;\n    for (let i: number = 3; i <= n; i++) {\n        perrin[i] = perrin[i - 2] + perrin[i - 3];\n    }\n    for (let i: number = 0; i <= n; i++) {\n        sum += perrin[i];\n    }\n    return sum;\n}\nconsole.log(cal_sum(10));\n\ndeclare var require: any;\nconst assert = require('node:assert');\n\n\nfunction test() {\n  let candidate = cal_sum;\n  assert.deepEqual(candidate(9),49);\n  assert.deepEqual(candidate(10),66);\n  assert.deepEqual(candidate(11),88);\n}\n\ntest();",
      "timestamp": 1666123392,
      "stdout": "66\n",
      "stderr": "",
      "exit_code": 0,
      "status": "OK"
    },
    {
      "program": "//Write a function to calculate the sum of perrin numbers.\nfunction cal_sum(n: number): number {\n    let sum = 0;\n    let perrin = [3, 0, 2];\n    for (let i = 3; i <= n; i++) {\n        perrin[i] = perrin[i - 2] + perrin[i - 3];\n        sum += perrin[i];\n    }\n    return sum;\n}\n\ndeclare var require: any;\nconst assert = require('node:assert');\n\n\nfunction test() {\n  let candidate = cal_sum;\n  assert.deepEqual(candidate(9),49);\n  assert.deepEqual(candidate(10),66);\n  assert.deepEqual(candidate(11),88);\n}\n\ntest();",
      "timestamp": 1666123392,
      "stdout": "",
      "stderr": "node:assert:124\n  throw new AssertionError(obj);\n  ^\n\nAssertionError [ERR_ASSERTION]: Expected values to be loosely deep-equal:\n\n44\n\nshould loosely deep-equal\n\n49\n    at test (/tmp/tmpxg12twhc.js:14:12)\n    at Object.<anonymous> (/tmp/tmpxg12twhc.js:18:1)\n    at Module._compile (node:internal/modules/cjs/loader:1120:14)\n    at Module._extensions..js (node:internal/modules/cjs/loader:1174:10)\n    at Module.load (node:internal/modules/cjs/loader:998:32)\n    at Module._load (node:internal/modules/cjs/loader:839:12)\n    at Function.executeUserEntryPoint [as runMain] (node:internal/modules/run_main:81:12)\n    at node:internal/main/run_main_module:17:47 {\n  generatedMessage: true,\n  code: 'ERR_ASSERTION',\n  actual: 44,\n  expected: 49,\n  operator: 'deepEqual'\n}\n\nNode.js v18.7.0\n",
      "exit_code": 1,
      "status": "AssertionError"
    },
    {
      "program": "//Write a function to calculate the sum of perrin numbers.\nfunction cal_sum(n: number): number {\n    let sum: number = 0;\n    let perrin: number[] = [3, 0, 2];\n    for (let i: number = 3; i < n; i++) {\n        perrin[i] = perrin[i - 2] + perrin[i - 3];\n    }\n    for (let i: number = 0; i < n; i++) {\n        sum += perrin[i];\n    }\n    return sum;\n}\n\ndeclare var require: any;\nconst assert = require('node:assert');\n\n\nfunction test() {\n  let candidate = cal_sum;\n  assert.deepEqual(candidate(9),49);\n  assert.deepEqual(candidate(10),66);\n  assert.deepEqual(candidate(11),88);\n}\n\ntest();",
      "timestamp": 1666123392,
      "stdout": "",
      "stderr": "node:assert:124\n  throw new AssertionError(obj);\n  ^\n\nAssertionError [ERR_ASSERTION]: Expected values to be loosely deep-equal:\n\n37\n\nshould loosely deep-equal\n\n49\n    at test (/tmp/tmpopk4lv14.js:16:12)\n    at Object.<anonymous> (/tmp/tmpopk4lv14.js:20:1)\n    at Module._compile (node:internal/modules/cjs/loader:1120:14)\n    at Module._extensions..js (node:internal/modules/cjs/loader:1174:10)\n    at Module.load (node:internal/modules/cjs/loader:998:32)\n    at Module._load (node:internal/modules/cjs/loader:839:12)\n    at Function.executeUserEntryPoint [as runMain] (node:internal/modules/run_main:81:12)\n    at node:internal/main/run_main_module:17:47 {\n  generatedMessage: true,\n  code: 'ERR_ASSERTION',\n  actual: 37,\n  expected: 49,\n  operator: 'deepEqual'\n}\n\nNode.js v18.7.0\n",
      "exit_code": 1,
      "status": "AssertionError"
    },
    {
      "program": "//Write a function to calculate the sum of perrin numbers.\nfunction cal_sum(n: number): number {\n    let sum = 0;\n    for (let i = 0; i < n; i++) {\n        sum += perrin(i);\n    }\n    return sum;\n}\n\ndeclare var require: any;\nconst assert = require('node:assert');\n\n\nfunction test() {\n  let candidate = cal_sum;\n  assert.deepEqual(candidate(9),49);\n  assert.deepEqual(candidate(10),66);\n  assert.deepEqual(candidate(11),88);\n}\n\ntest();",
      "timestamp": 1665510092,
      "stdout": "../../../../tmp/tmpqwpcvi0c.ts(5,16): error TS2304: Cannot find name 'perrin'.\n",
      "stderr": "",
      "exit_code": 2,
      "status": "SyntaxError"
    },
    {
      "program": "//Write a function to calculate the sum of perrin numbers.\nfunction cal_sum(n: number): number {\n    let sum = 0;\n    for (let i = 0; i <= n; i++) {\n        sum += perrin(i);\n    }\n    return sum;\n}\n\ndeclare var require: any;\nconst assert = require('node:assert');\n\n\nfunction test() {\n  let candidate = cal_sum;\n  assert.deepEqual(candidate(9),49);\n  assert.deepEqual(candidate(10),66);\n  assert.deepEqual(candidate(11),88);\n}\n\ntest();",
      "timestamp": 1665510092,
      "stdout": "../../../../tmp/tmpkjd1szgu.ts(5,16): error TS2304: Cannot find name 'perrin'.\n",
      "stderr": "",
      "exit_code": 2,
      "status": "SyntaxError"
    },
    {
      "program": "//Write a function to calculate the sum of perrin numbers.\nfunction cal_sum(n: number): number {\n    let sum = 0;\n    for (let i = 0; i <= n; i++) {\n        sum += perrin(i);\n    }\n    return sum;\n}\n\ndeclare var require: any;\nconst assert = require('node:assert');\n\n\nfunction test() {\n  let candidate = cal_sum;\n  assert.deepEqual(candidate(9),49);\n  assert.deepEqual(candidate(10),66);\n  assert.deepEqual(candidate(11),88);\n}\n\ntest();",
      "timestamp": 1665510092,
      "stdout": "../../../../tmp/tmpkjd1szgu.ts(5,16): error TS2304: Cannot find name 'perrin'.\n",
      "stderr": "",
      "exit_code": 2,
      "status": "SyntaxError"
    },
    {
      "program": "//Write a function to calculate the sum of perrin numbers.\nfunction cal_sum(n: number): number {\n    let sum = 0;\n    for (let i = 0; i <= n; i++) {\n        sum += perrin(i);\n    }\n    return sum;\n}\n\ndeclare var require: any;\nconst assert = require('node:assert');\n\n\nfunction test() {\n  let candidate = cal_sum;\n  assert.deepEqual(candidate(9),49);\n  assert.deepEqual(candidate(10),66);\n  assert.deepEqual(candidate(11),88);\n}\n\ntest();",
      "timestamp": 1665510092,
      "stdout": "../../../../tmp/tmpkjd1szgu.ts(5,16): error TS2304: Cannot find name 'perrin'.\n",
      "stderr": "",
      "exit_code": 2,
      "status": "SyntaxError"
    },
    {
      "program": "//Write a function to calculate the sum of perrin numbers.\nfunction cal_sum(n: number): number {\n    let sum: number = 0;\n    for (let i = 0; i <= n; i++) {\n        sum += perrin(i);\n    }\n    return sum;\n}\n\ndeclare var require: any;\nconst assert = require('node:assert');\n\n\nfunction test() {\n  let candidate = cal_sum;\n  assert.deepEqual(candidate(9),49);\n  assert.deepEqual(candidate(10),66);\n  assert.deepEqual(candidate(11),88);\n}\n\ntest();",
      "timestamp": 1665510092,
      "stdout": "../../../../tmp/tmpr2xz9z5y.ts(5,16): error TS2304: Cannot find name 'perrin'.\n",
      "stderr": "",
      "exit_code": 2,
      "status": "SyntaxError"
    },
    {
      "program": "//Write a function to calculate the sum of perrin numbers.\nfunction cal_sum(n: number): number {\n  let sum = 0;\n  for (let i = 0; i <= n; i++) {\n    sum += perrin(i);\n  }\n  return sum;\n}\n\ndeclare var require: any;\nconst assert = require('node:assert');\n\n\nfunction test() {\n  let candidate = cal_sum;\n  assert.deepEqual(candidate(9),49);\n  assert.deepEqual(candidate(10),66);\n  assert.deepEqual(candidate(11),88);\n}\n\ntest();",
      "timestamp": 1666123392,
      "stdout": "../../../../tmp/tmpzz4mgtol.ts(5,12): error TS2304: Cannot find name 'perrin'.\n",
      "stderr": "",
      "exit_code": 2,
      "status": "SyntaxError"
    },
    {
      "program": "//Write a function to calculate the sum of perrin numbers.\nfunction cal_sum(n: number): number {\n    let sum = 0;\n    let perrin = [3, 0, 2];\n    for (let i = 0; i < n; i++) {\n        sum += perrin[2];\n        perrin[0] = perrin[1];\n        perrin[1] = perrin[2];\n        perrin[2] = perrin[0] + perrin[1];\n    }\n    return sum;\n}\n\ndeclare var require: any;\nconst assert = require('node:assert');\n\n\nfunction test() {\n  let candidate = cal_sum;\n  assert.deepEqual(candidate(9),49);\n  assert.deepEqual(candidate(10),66);\n  assert.deepEqual(candidate(11),88);\n}\n\ntest();",
      "timestamp": 1666123392,
      "stdout": "",
      "stderr": "node:assert:124\n  throw new AssertionError(obj);\n  ^\n\nAssertionError [ERR_ASSERTION]: Expected values to be loosely deep-equal:\n\n176\n\nshould loosely deep-equal\n\n49\n    at test (/tmp/tmpgddaedee.js:16:12)\n    at Object.<anonymous> (/tmp/tmpgddaedee.js:20:1)\n    at Module._compile (node:internal/modules/cjs/loader:1120:14)\n    at Module._extensions..js (node:internal/modules/cjs/loader:1174:10)\n    at Module.load (node:internal/modules/cjs/loader:998:32)\n    at Module._load (node:internal/modules/cjs/loader:839:12)\n    at Function.executeUserEntryPoint [as runMain] (node:internal/modules/run_main:81:12)\n    at node:internal/main/run_main_module:17:47 {\n  generatedMessage: true,\n  code: 'ERR_ASSERTION',\n  actual: 176,\n  expected: 49,\n  operator: 'deepEqual'\n}\n\nNode.js v18.7.0\n",
      "exit_code": 1,
      "status": "AssertionError"
    },
    {
      "program": "//Write a function to calculate the sum of perrin numbers.\nfunction cal_sum(n: number): number {\n    let sum = 0;\n    for (let i = 0; i < n; i++) {\n        sum += perrin(i);\n    }\n    return sum;\n}\n\ndeclare var require: any;\nconst assert = require('node:assert');\n\n\nfunction test() {\n  let candidate = cal_sum;\n  assert.deepEqual(candidate(9),49);\n  assert.deepEqual(candidate(10),66);\n  assert.deepEqual(candidate(11),88);\n}\n\ntest();",
      "timestamp": 1665510092,
      "stdout": "../../../../tmp/tmpqwpcvi0c.ts(5,16): error TS2304: Cannot find name 'perrin'.\n",
      "stderr": "",
      "exit_code": 2,
      "status": "SyntaxError"
    },
    {
      "program": "//Write a function to calculate the sum of perrin numbers.\nfunction cal_sum(n: number): number {\n    let sum: number = 0;\n    for (let i = 0; i <= n; i++) {\n        sum += perrin(i);\n    }\n    return sum;\n}\n\ndeclare var require: any;\nconst assert = require('node:assert');\n\n\nfunction test() {\n  let candidate = cal_sum;\n  assert.deepEqual(candidate(9),49);\n  assert.deepEqual(candidate(10),66);\n  assert.deepEqual(candidate(11),88);\n}\n\ntest();",
      "timestamp": 1665510092,
      "stdout": "../../../../tmp/tmpr2xz9z5y.ts(5,16): error TS2304: Cannot find name 'perrin'.\n",
      "stderr": "",
      "exit_code": 2,
      "status": "SyntaxError"
    },
    {
      "program": "//Write a function to calculate the sum of perrin numbers.\nfunction cal_sum(n: number): number {\n    let sum = 0;\n    for (let i = 0; i < n; i++) {\n        sum += perrin(i);\n    }\n    return sum;\n}\n\ndeclare var require: any;\nconst assert = require('node:assert');\n\n\nfunction test() {\n  let candidate = cal_sum;\n  assert.deepEqual(candidate(9),49);\n  assert.deepEqual(candidate(10),66);\n  assert.deepEqual(candidate(11),88);\n}\n\ntest();",
      "timestamp": 1665510092,
      "stdout": "../../../../tmp/tmpqwpcvi0c.ts(5,16): error TS2304: Cannot find name 'perrin'.\n",
      "stderr": "",
      "exit_code": 2,
      "status": "SyntaxError"
    },
    {
      "program": "//Write a function to calculate the sum of perrin numbers.\nfunction cal_sum(n: number): number {\n    let sum = 0;\n    let perrin = [3, 0, 2];\n    for (let i = 0; i < n; i++) {\n        sum += perrin[2];\n        perrin[0] = perrin[1];\n        perrin[1] = perrin[2];\n        perrin[2] = perrin[0] + perrin[1];\n    }\n    return sum;\n}\n\ndeclare var require: any;\nconst assert = require('node:assert');\n\n\nfunction test() {\n  let candidate = cal_sum;\n  assert.deepEqual(candidate(9),49);\n  assert.deepEqual(candidate(10),66);\n  assert.deepEqual(candidate(11),88);\n}\n\ntest();",
      "timestamp": 1666123392,
      "stdout": "",
      "stderr": "node:assert:124\n  throw new AssertionError(obj);\n  ^\n\nAssertionError [ERR_ASSERTION]: Expected values to be loosely deep-equal:\n\n176\n\nshould loosely deep-equal\n\n49\n    at test (/tmp/tmpgddaedee.js:16:12)\n    at Object.<anonymous> (/tmp/tmpgddaedee.js:20:1)\n    at Module._compile (node:internal/modules/cjs/loader:1120:14)\n    at Module._extensions..js (node:internal/modules/cjs/loader:1174:10)\n    at Module.load (node:internal/modules/cjs/loader:998:32)\n    at Module._load (node:internal/modules/cjs/loader:839:12)\n    at Function.executeUserEntryPoint [as runMain] (node:internal/modules/run_main:81:12)\n    at node:internal/main/run_main_module:17:47 {\n  generatedMessage: true,\n  code: 'ERR_ASSERTION',\n  actual: 176,\n  expected: 49,\n  operator: 'deepEqual'\n}\n\nNode.js v18.7.0\n",
      "exit_code": 1,
      "status": "AssertionError"
    },
    {
      "program": "//Write a function to calculate the sum of perrin numbers.\nfunction cal_sum(n: number): number {\n    let sum: number = 0;\n    for (let i: number = 0; i <= n; i++) {\n        sum += perrin(i);\n    }\n    return sum;\n}\n\ndeclare var require: any;\nconst assert = require('node:assert');\n\n\nfunction test() {\n  let candidate = cal_sum;\n  assert.deepEqual(candidate(9),49);\n  assert.deepEqual(candidate(10),66);\n  assert.deepEqual(candidate(11),88);\n}\n\ntest();",
      "timestamp": 1665510092,
      "stdout": "../../../../tmp/tmpl0s8e99k.ts(5,16): error TS2304: Cannot find name 'perrin'.\n",
      "stderr": "",
      "exit_code": 2,
      "status": "SyntaxError"
    },
    {
      "program": "//Write a function to calculate the sum of perrin numbers.\nfunction cal_sum(n: number): number {\n    let sum = 0;\n    let perrin_num = perrin_numbers(n);\n    for (let i = 0; i < perrin_num.length; i++) {\n        sum += perrin_num[i];\n    }\n    return sum;\n}\n\ndeclare var require: any;\nconst assert = require('node:assert');\n\n\nfunction test() {\n  let candidate = cal_sum;\n  assert.deepEqual(candidate(9),49);\n  assert.deepEqual(candidate(10),66);\n  assert.deepEqual(candidate(11),88);\n}\n\ntest();",
      "timestamp": 1666123392,
      "stdout": "../../../../tmp/tmp4s_2aa_s.ts(4,22): error TS2304: Cannot find name 'perrin_numbers'.\n",
      "stderr": "",
      "exit_code": 2,
      "status": "SyntaxError"
    },
    {
      "program": "//Write a function to calculate the sum of perrin numbers.\nfunction cal_sum(n: number): number {\n  let sum = 0;\n  for (let i = 0; i <= n; i++) {\n    sum += perrin(i);\n  }\n  return sum;\n}\n\ndeclare var require: any;\nconst assert = require('node:assert');\n\n\nfunction test() {\n  let candidate = cal_sum;\n  assert.deepEqual(candidate(9),49);\n  assert.deepEqual(candidate(10),66);\n  assert.deepEqual(candidate(11),88);\n}\n\ntest();",
      "timestamp": 1666123392,
      "stdout": "../../../../tmp/tmpzz4mgtol.ts(5,12): error TS2304: Cannot find name 'perrin'.\n",
      "stderr": "",
      "exit_code": 2,
      "status": "SyntaxError"
    },
    {
      "program": "//Write a function to calculate the sum of perrin numbers.\nfunction cal_sum(n: number): number {\n    let sum = 0;\n    for (let i = 0; i < n; i++) {\n        sum += perrin(i);\n    }\n    return sum;\n}\n\ndeclare var require: any;\nconst assert = require('node:assert');\n\n\nfunction test() {\n  let candidate = cal_sum;\n  assert.deepEqual(candidate(9),49);\n  assert.deepEqual(candidate(10),66);\n  assert.deepEqual(candidate(11),88);\n}\n\ntest();",
      "timestamp": 1665510092,
      "stdout": "../../../../tmp/tmpqwpcvi0c.ts(5,16): error TS2304: Cannot find name 'perrin'.\n",
      "stderr": "",
      "exit_code": 2,
      "status": "SyntaxError"
    },
    {
      "program": "//Write a function to calculate the sum of perrin numbers.\nfunction cal_sum(n: number): number {\n    let sum = 0;\n    for (let i = 0; i < n; i++) {\n        sum += perrin(i);\n    }\n    return sum;\n}\n\ndeclare var require: any;\nconst assert = require('node:assert');\n\n\nfunction test() {\n  let candidate = cal_sum;\n  assert.deepEqual(candidate(9),49);\n  assert.deepEqual(candidate(10),66);\n  assert.deepEqual(candidate(11),88);\n}\n\ntest();",
      "timestamp": 1665510092,
      "stdout": "../../../../tmp/tmpqwpcvi0c.ts(5,16): error TS2304: Cannot find name 'perrin'.\n",
      "stderr": "",
      "exit_code": 2,
      "status": "SyntaxError"
    },
    {
      "program": "//Write a function to calculate the sum of perrin numbers.\nfunction cal_sum(n: number): number {\n    let sum = 0;\n    for (let i = 0; i <= n; i++) {\n        sum += perrin(i);\n    }\n    return sum;\n}\n\ndeclare var require: any;\nconst assert = require('node:assert');\n\n\nfunction test() {\n  let candidate = cal_sum;\n  assert.deepEqual(candidate(9),49);\n  assert.deepEqual(candidate(10),66);\n  assert.deepEqual(candidate(11),88);\n}\n\ntest();",
      "timestamp": 1665510092,
      "stdout": "../../../../tmp/tmpkjd1szgu.ts(5,16): error TS2304: Cannot find name 'perrin'.\n",
      "stderr": "",
      "exit_code": 2,
      "status": "SyntaxError"
    },
    {
      "program": "//Write a function to calculate the sum of perrin numbers.\nfunction cal_sum(n: number): number {\n    let sum: number = 0;\n    for (let i = 0; i <= n; i++) {\n        sum += perrin(i);\n    }\n    return sum;\n}\n\ndeclare var require: any;\nconst assert = require('node:assert');\n\n\nfunction test() {\n  let candidate = cal_sum;\n  assert.deepEqual(candidate(9),49);\n  assert.deepEqual(candidate(10),66);\n  assert.deepEqual(candidate(11),88);\n}\n\ntest();",
      "timestamp": 1665510092,
      "stdout": "../../../../tmp/tmpr2xz9z5y.ts(5,16): error TS2304: Cannot find name 'perrin'.\n",
      "stderr": "",
      "exit_code": 2,
      "status": "SyntaxError"
    },
    {
      "program": "//Write a function to calculate the sum of perrin numbers.\nfunction cal_sum(n: number): number {\n    let sum = 0;\n    for (let i = 0; i <= n; i++) {\n        sum += perrin(i);\n    }\n    return sum;\n}\n\ndeclare var require: any;\nconst assert = require('node:assert');\n\n\nfunction test() {\n  let candidate = cal_sum;\n  assert.deepEqual(candidate(9),49);\n  assert.deepEqual(candidate(10),66);\n  assert.deepEqual(candidate(11),88);\n}\n\ntest();",
      "timestamp": 1665510092,
      "stdout": "../../../../tmp/tmpkjd1szgu.ts(5,16): error TS2304: Cannot find name 'perrin'.\n",
      "stderr": "",
      "exit_code": 2,
      "status": "SyntaxError"
    },
    {
      "program": "//Write a function to calculate the sum of perrin numbers.\nfunction cal_sum(n: number): number {\n    if (n < 3) {\n        return 0;\n    }\n    let sum = 0;\n    let a = 0;\n    let b = 1;\n    let c = 2;\n    for (let i = 3; i <= n; i++) {\n        sum = a + b + c;\n        a = b;\n        b = c;\n        c = sum;\n    }\n    return sum;\n}\nconsole.log(cal_sum(10));\n\ndeclare var require: any;\nconst assert = require('node:assert');\n\n\nfunction test() {\n  let candidate = cal_sum;\n  assert.deepEqual(candidate(9),49);\n  assert.deepEqual(candidate(10),66);\n  assert.deepEqual(candidate(11),88);\n}\n\ntest();",
      "timestamp": 1666123392,
      "stdout": "230\n",
      "stderr": "node:assert:124\n  throw new AssertionError(obj);\n  ^\n\nAssertionError [ERR_ASSERTION]: Expected values to be loosely deep-equal:\n\n125\n\nshould loosely deep-equal\n\n49\n    at test (/tmp/tmpy1y8u8z4.js:22:12)\n    at Object.<anonymous> (/tmp/tmpy1y8u8z4.js:26:1)\n    at Module._compile (node:internal/modules/cjs/loader:1120:14)\n    at Module._extensions..js (node:internal/modules/cjs/loader:1174:10)\n    at Module.load (node:internal/modules/cjs/loader:998:32)\n    at Module._load (node:internal/modules/cjs/loader:839:12)\n    at Function.executeUserEntryPoint [as runMain] (node:internal/modules/run_main:81:12)\n    at node:internal/main/run_main_module:17:47 {\n  generatedMessage: true,\n  code: 'ERR_ASSERTION',\n  actual: 125,\n  expected: 49,\n  operator: 'deepEqual'\n}\n\nNode.js v18.7.0\n",
      "exit_code": 1,
      "status": "AssertionError"
    },
    {
      "program": "//Write a function to calculate the sum of perrin numbers.\nfunction cal_sum(n: number): number {\n    let sum = 0;\n    for (let i = 0; i < n; i++) {\n        sum += perrin(i);\n    }\n    return sum;\n}\n\ndeclare var require: any;\nconst assert = require('node:assert');\n\n\nfunction test() {\n  let candidate = cal_sum;\n  assert.deepEqual(candidate(9),49);\n  assert.deepEqual(candidate(10),66);\n  assert.deepEqual(candidate(11),88);\n}\n\ntest();",
      "timestamp": 1665510092,
      "stdout": "../../../../tmp/tmpqwpcvi0c.ts(5,16): error TS2304: Cannot find name 'perrin'.\n",
      "stderr": "",
      "exit_code": 2,
      "status": "SyntaxError"
    },
    {
      "program": "//Write a function to calculate the sum of perrin numbers.\nfunction cal_sum(n: number): number {\n    let sum = 0;\n    for (let i = 0; i < n; i++) {\n        sum += perrin(i);\n    }\n    return sum;\n}\n\ndeclare var require: any;\nconst assert = require('node:assert');\n\n\nfunction test() {\n  let candidate = cal_sum;\n  assert.deepEqual(candidate(9),49);\n  assert.deepEqual(candidate(10),66);\n  assert.deepEqual(candidate(11),88);\n}\n\ntest();",
      "timestamp": 1665510092,
      "stdout": "../../../../tmp/tmpqwpcvi0c.ts(5,16): error TS2304: Cannot find name 'perrin'.\n",
      "stderr": "",
      "exit_code": 2,
      "status": "SyntaxError"
    },
    {
      "program": "//Write a function to calculate the sum of perrin numbers.\nfunction cal_sum(n: number): number {\n    let sum = 0;\n    for (let i = 0; i < n; i++) {\n        sum += perrin(i);\n    }\n    return sum;\n}\n\ndeclare var require: any;\nconst assert = require('node:assert');\n\n\nfunction test() {\n  let candidate = cal_sum;\n  assert.deepEqual(candidate(9),49);\n  assert.deepEqual(candidate(10),66);\n  assert.deepEqual(candidate(11),88);\n}\n\ntest();",
      "timestamp": 1665510092,
      "stdout": "../../../../tmp/tmpqwpcvi0c.ts(5,16): error TS2304: Cannot find name 'perrin'.\n",
      "stderr": "",
      "exit_code": 2,
      "status": "SyntaxError"
    },
    {
      "program": "//Write a function to calculate the sum of perrin numbers.\nfunction cal_sum(n: number): number {\n    let sum = 0;\n    for (let i = 0; i <= n; i++) {\n        sum += perrin(i);\n    }\n    return sum;\n}\n\ndeclare var require: any;\nconst assert = require('node:assert');\n\n\nfunction test() {\n  let candidate = cal_sum;\n  assert.deepEqual(candidate(9),49);\n  assert.deepEqual(candidate(10),66);\n  assert.deepEqual(candidate(11),88);\n}\n\ntest();",
      "timestamp": 1665510092,
      "stdout": "../../../../tmp/tmpkjd1szgu.ts(5,16): error TS2304: Cannot find name 'perrin'.\n",
      "stderr": "",
      "exit_code": 2,
      "status": "SyntaxError"
    },
    {
      "program": "//Write a function to calculate the sum of perrin numbers.\nfunction cal_sum(n: number): number {\n    let sum = 0;\n    for (let i = 0; i < n; i++) {\n        sum += perrin(i);\n    }\n    return sum;\n}\n\ndeclare var require: any;\nconst assert = require('node:assert');\n\n\nfunction test() {\n  let candidate = cal_sum;\n  assert.deepEqual(candidate(9),49);\n  assert.deepEqual(candidate(10),66);\n  assert.deepEqual(candidate(11),88);\n}\n\ntest();",
      "timestamp": 1665510092,
      "stdout": "../../../../tmp/tmpqwpcvi0c.ts(5,16): error TS2304: Cannot find name 'perrin'.\n",
      "stderr": "",
      "exit_code": 2,
      "status": "SyntaxError"
    },
    {
      "program": "//Write a function to calculate the sum of perrin numbers.\nfunction cal_sum(n: number): number {\n  let sum = 0;\n  for (let i = 0; i < n; i++) {\n    sum += perrin(i);\n  }\n  return sum;\n}\n\ndeclare var require: any;\nconst assert = require('node:assert');\n\n\nfunction test() {\n  let candidate = cal_sum;\n  assert.deepEqual(candidate(9),49);\n  assert.deepEqual(candidate(10),66);\n  assert.deepEqual(candidate(11),88);\n}\n\ntest();",
      "timestamp": 1666123392,
      "stdout": "../../../../tmp/tmpqo3lj_9h.ts(5,12): error TS2304: Cannot find name 'perrin'.\n",
      "stderr": "",
      "exit_code": 2,
      "status": "SyntaxError"
    },
    {
      "program": "//Write a function to calculate the sum of perrin numbers.\nfunction cal_sum(n: number): number {\n  let sum = 0;\n  for (let i = 0; i < n; i++) {\n    sum += perrin(i);\n  }\n  return sum;\n}\n\ndeclare var require: any;\nconst assert = require('node:assert');\n\n\nfunction test() {\n  let candidate = cal_sum;\n  assert.deepEqual(candidate(9),49);\n  assert.deepEqual(candidate(10),66);\n  assert.deepEqual(candidate(11),88);\n}\n\ntest();",
      "timestamp": 1666123392,
      "stdout": "../../../../tmp/tmpqo3lj_9h.ts(5,12): error TS2304: Cannot find name 'perrin'.\n",
      "stderr": "",
      "exit_code": 2,
      "status": "SyntaxError"
    },
    {
      "program": "//Write a function to calculate the sum of perrin numbers.\nfunction cal_sum(n: number): number {\n    let sum: number = 0;\n    for (let i = 0; i < n; i++) {\n        sum += perrin(i);\n    }\n    return sum;\n}\n\ndeclare var require: any;\nconst assert = require('node:assert');\n\n\nfunction test() {\n  let candidate = cal_sum;\n  assert.deepEqual(candidate(9),49);\n  assert.deepEqual(candidate(10),66);\n  assert.deepEqual(candidate(11),88);\n}\n\ntest();",
      "timestamp": 1665510092,
      "stdout": "../../../../tmp/tmpcauj1717.ts(5,16): error TS2304: Cannot find name 'perrin'.\n",
      "stderr": "",
      "exit_code": 2,
      "status": "SyntaxError"
    },
    {
      "program": "//Write a function to calculate the sum of perrin numbers.\nfunction cal_sum(n: number): number {\n    let sum = 0;\n    for (let i = 0; i < n; i++) {\n        sum += perrin(i);\n    }\n    return sum;\n}\n\ndeclare var require: any;\nconst assert = require('node:assert');\n\n\nfunction test() {\n  let candidate = cal_sum;\n  assert.deepEqual(candidate(9),49);\n  assert.deepEqual(candidate(10),66);\n  assert.deepEqual(candidate(11),88);\n}\n\ntest();",
      "timestamp": 1665510092,
      "stdout": "../../../../tmp/tmpqwpcvi0c.ts(5,16): error TS2304: Cannot find name 'perrin'.\n",
      "stderr": "",
      "exit_code": 2,
      "status": "SyntaxError"
    },
    {
      "program": "//Write a function to calculate the sum of perrin numbers.\nfunction cal_sum(n: number): number {\n    let sum: number = 0;\n    let perrin: number[] = [3, 0, 2];\n    for (let i: number = 3; i <= n; i++) {\n        perrin[i] = perrin[i - 2] + perrin[i - 3];\n    }\n    for (let i: number = 0; i <= n; i++) {\n        sum += perrin[i];\n    }\n    return sum;\n}\n\ndeclare var require: any;\nconst assert = require('node:assert');\n\n\nfunction test() {\n  let candidate = cal_sum;\n  assert.deepEqual(candidate(9),49);\n  assert.deepEqual(candidate(10),66);\n  assert.deepEqual(candidate(11),88);\n}\n\ntest();",
      "timestamp": 1666123392,
      "stdout": "",
      "stderr": "",
      "exit_code": 0,
      "status": "OK"
    },
    {
      "program": "//Write a function to calculate the sum of perrin numbers.\nfunction cal_sum(n: number): number {\n  let sum = 0;\n  let perrin = [3, 0, 2];\n  for (let i = 3; i <= n; i++) {\n    perrin[i] = perrin[i - 2] + perrin[i - 3];\n    sum += perrin[i];\n  }\n  return sum;\n}\n\ndeclare var require: any;\nconst assert = require('node:assert');\n\n\nfunction test() {\n  let candidate = cal_sum;\n  assert.deepEqual(candidate(9),49);\n  assert.deepEqual(candidate(10),66);\n  assert.deepEqual(candidate(11),88);\n}\n\ntest();",
      "timestamp": 1666123392,
      "stdout": "",
      "stderr": "node:assert:124\n  throw new AssertionError(obj);\n  ^\n\nAssertionError [ERR_ASSERTION]: Expected values to be loosely deep-equal:\n\n44\n\nshould loosely deep-equal\n\n49\n    at test (/tmp/tmpqluw2pv_.js:14:12)\n    at Object.<anonymous> (/tmp/tmpqluw2pv_.js:18:1)\n    at Module._compile (node:internal/modules/cjs/loader:1120:14)\n    at Module._extensions..js (node:internal/modules/cjs/loader:1174:10)\n    at Module.load (node:internal/modules/cjs/loader:998:32)\n    at Module._load (node:internal/modules/cjs/loader:839:12)\n    at Function.executeUserEntryPoint [as runMain] (node:internal/modules/run_main:81:12)\n    at node:internal/main/run_main_module:17:47 {\n  generatedMessage: true,\n  code: 'ERR_ASSERTION',\n  actual: 44,\n  expected: 49,\n  operator: 'deepEqual'\n}\n\nNode.js v18.7.0\n",
      "exit_code": 1,
      "status": "AssertionError"
    },
    {
      "program": "//Write a function to calculate the sum of perrin numbers.\nfunction cal_sum(n: number): number {\n    let sum = 0;\n    for (let i = 0; i <= n; i++) {\n        sum += perrin(i);\n    }\n    return sum;\n}\n\ndeclare var require: any;\nconst assert = require('node:assert');\n\n\nfunction test() {\n  let candidate = cal_sum;\n  assert.deepEqual(candidate(9),49);\n  assert.deepEqual(candidate(10),66);\n  assert.deepEqual(candidate(11),88);\n}\n\ntest();",
      "timestamp": 1665510092,
      "stdout": "../../../../tmp/tmpkjd1szgu.ts(5,16): error TS2304: Cannot find name 'perrin'.\n",
      "stderr": "",
      "exit_code": 2,
      "status": "SyntaxError"
    },
    {
      "program": "//Write a function to calculate the sum of perrin numbers.\nfunction cal_sum(n: number): number {\n  let sum = 0;\n  for (let i = 0; i <= n; i++) {\n    sum += perrin(i);\n  }\n  return sum;\n}\n\nconsole.log(cal_sum(10));\n\ndeclare var require: any;\nconst assert = require('node:assert');\n\n\nfunction test() {\n  let candidate = cal_sum;\n  assert.deepEqual(candidate(9),49);\n  assert.deepEqual(candidate(10),66);\n  assert.deepEqual(candidate(11),88);\n}\n\ntest();",
      "timestamp": 1666123392,
      "stdout": "../../../../tmp/tmpwzwluyao.ts(5,12): error TS2304: Cannot find name 'perrin'.\n",
      "stderr": "",
      "exit_code": 2,
      "status": "SyntaxError"
    },
    {
      "program": "//Write a function to calculate the sum of perrin numbers.\nfunction cal_sum(n: number): number {\n    let sum: number = 0;\n    for (let i = 0; i <= n; i++) {\n        sum += perrin(i);\n    }\n    return sum;\n}\n\ndeclare var require: any;\nconst assert = require('node:assert');\n\n\nfunction test() {\n  let candidate = cal_sum;\n  assert.deepEqual(candidate(9),49);\n  assert.deepEqual(candidate(10),66);\n  assert.deepEqual(candidate(11),88);\n}\n\ntest();",
      "timestamp": 1665510092,
      "stdout": "../../../../tmp/tmpr2xz9z5y.ts(5,16): error TS2304: Cannot find name 'perrin'.\n",
      "stderr": "",
      "exit_code": 2,
      "status": "SyntaxError"
    },
    {
      "program": "//Write a function to calculate the sum of perrin numbers.\nfunction cal_sum(n: number): number {\n    let sum = 0;\n    let perrin_arr = perrin(n);\n    for (let i = 0; i < perrin_arr.length; i++) {\n        sum += perrin_arr[i];\n    }\n    return sum;\n}\n\ndeclare var require: any;\nconst assert = require('node:assert');\n\n\nfunction test() {\n  let candidate = cal_sum;\n  assert.deepEqual(candidate(9),49);\n  assert.deepEqual(candidate(10),66);\n  assert.deepEqual(candidate(11),88);\n}\n\ntest();",
      "timestamp": 1666123392,
      "stdout": "../../../../tmp/tmpflqyurkg.ts(4,22): error TS2304: Cannot find name 'perrin'.\n",
      "stderr": "",
      "exit_code": 2,
      "status": "SyntaxError"
    },
    {
      "program": "//Write a function to calculate the sum of perrin numbers.\nfunction cal_sum(n: number): number {\n    let sum = 0;\n    for (let i = 1; i <= n; i++) {\n        sum += perrin(i);\n    }\n    return sum;\n}\n\ndeclare var require: any;\nconst assert = require('node:assert');\n\n\nfunction test() {\n  let candidate = cal_sum;\n  assert.deepEqual(candidate(9),49);\n  assert.deepEqual(candidate(10),66);\n  assert.deepEqual(candidate(11),88);\n}\n\ntest();",
      "timestamp": 1666123392,
      "stdout": "../../../../tmp/tmpbb89snw3.ts(5,16): error TS2304: Cannot find name 'perrin'.\n",
      "stderr": "",
      "exit_code": 2,
      "status": "SyntaxError"
    },
    {
      "program": "//Write a function to calculate the sum of perrin numbers.\nfunction cal_sum(n: number): number {\n    let sum = 0;\n    for (let i = 0; i <= n; i++) {\n        sum += perrin(i);\n    }\n    return sum;\n}\n\ndeclare var require: any;\nconst assert = require('node:assert');\n\n\nfunction test() {\n  let candidate = cal_sum;\n  assert.deepEqual(candidate(9),49);\n  assert.deepEqual(candidate(10),66);\n  assert.deepEqual(candidate(11),88);\n}\n\ntest();",
      "timestamp": 1665510092,
      "stdout": "../../../../tmp/tmpkjd1szgu.ts(5,16): error TS2304: Cannot find name 'perrin'.\n",
      "stderr": "",
      "exit_code": 2,
      "status": "SyntaxError"
    },
    {
      "program": "//Write a function to calculate the sum of perrin numbers.\nfunction cal_sum(n: number): number {\n    let a = 0, b = 0, c = 1, sum = 0;\n    for (let i = 0; i < n; i++) {\n        a = b;\n        b = c;\n        c = a + b;\n        sum += c;\n    }\n    return sum;\n}\n\ndeclare var require: any;\nconst assert = require('node:assert');\n\n\nfunction test() {\n  let candidate = cal_sum;\n  assert.deepEqual(candidate(9),49);\n  assert.deepEqual(candidate(10),66);\n  assert.deepEqual(candidate(11),88);\n}\n\ntest();",
      "timestamp": 1666123392,
      "stdout": "",
      "stderr": "node:assert:124\n  throw new AssertionError(obj);\n  ^\n\nAssertionError [ERR_ASSERTION]: Expected values to be loosely deep-equal:\n\n142\n\nshould loosely deep-equal\n\n49\n    at test (/tmp/tmp1yswnlwy.js:15:12)\n    at Object.<anonymous> (/tmp/tmp1yswnlwy.js:19:1)\n    at Module._compile (node:internal/modules/cjs/loader:1120:14)\n    at Module._extensions..js (node:internal/modules/cjs/loader:1174:10)\n    at Module.load (node:internal/modules/cjs/loader:998:32)\n    at Module._load (node:internal/modules/cjs/loader:839:12)\n    at Function.executeUserEntryPoint [as runMain] (node:internal/modules/run_main:81:12)\n    at node:internal/main/run_main_module:17:47 {\n  generatedMessage: true,\n  code: 'ERR_ASSERTION',\n  actual: 142,\n  expected: 49,\n  operator: 'deepEqual'\n}\n\nNode.js v18.7.0\n",
      "exit_code": 1,
      "status": "AssertionError"
    },
    {
      "program": "//Write a function to calculate the sum of perrin numbers.\nfunction cal_sum(n: number): number {\n    let sum = 0;\n    let perrin = [3, 0, 2];\n    for (let i = 3; i < n; i++) {\n        perrin[i] = perrin[i - 2] + perrin[i - 3];\n        sum += perrin[i];\n    }\n    return sum;\n}\n\nconsole.log(cal_sum(10));\n\ndeclare var require: any;\nconst assert = require('node:assert');\n\n\nfunction test() {\n  let candidate = cal_sum;\n  assert.deepEqual(candidate(9),49);\n  assert.deepEqual(candidate(10),66);\n  assert.deepEqual(candidate(11),88);\n}\n\ntest();",
      "timestamp": 1666123392,
      "stdout": "44\n",
      "stderr": "node:assert:124\n  throw new AssertionError(obj);\n  ^\n\nAssertionError [ERR_ASSERTION]: Expected values to be loosely deep-equal:\n\n32\n\nshould loosely deep-equal\n\n49\n    at test (/tmp/tmpx5fvuqae.js:15:12)\n    at Object.<anonymous> (/tmp/tmpx5fvuqae.js:19:1)\n    at Module._compile (node:internal/modules/cjs/loader:1120:14)\n    at Module._extensions..js (node:internal/modules/cjs/loader:1174:10)\n    at Module.load (node:internal/modules/cjs/loader:998:32)\n    at Module._load (node:internal/modules/cjs/loader:839:12)\n    at Function.executeUserEntryPoint [as runMain] (node:internal/modules/run_main:81:12)\n    at node:internal/main/run_main_module:17:47 {\n  generatedMessage: true,\n  code: 'ERR_ASSERTION',\n  actual: 32,\n  expected: 49,\n  operator: 'deepEqual'\n}\n\nNode.js v18.7.0\n",
      "exit_code": 1,
      "status": "AssertionError"
    },
    {
      "program": "//Write a function to calculate the sum of perrin numbers.\nfunction cal_sum(n: number): number {\n    let sum = 0;\n    for (let i = 0; i < n; i++) {\n        sum += perrin(i);\n    }\n    return sum;\n}\n\ndeclare var require: any;\nconst assert = require('node:assert');\n\n\nfunction test() {\n  let candidate = cal_sum;\n  assert.deepEqual(candidate(9),49);\n  assert.deepEqual(candidate(10),66);\n  assert.deepEqual(candidate(11),88);\n}\n\ntest();",
      "timestamp": 1665510092,
      "stdout": "../../../../tmp/tmpqwpcvi0c.ts(5,16): error TS2304: Cannot find name 'perrin'.\n",
      "stderr": "",
      "exit_code": 2,
      "status": "SyntaxError"
    },
    {
      "program": "//Write a function to calculate the sum of perrin numbers.\nfunction cal_sum(n: number): number {\n    let sum: number = 0;\n    for (let i = 0; i <= n; i++) {\n        sum += perrin(i);\n    }\n    return sum;\n}\n\ndeclare var require: any;\nconst assert = require('node:assert');\n\n\nfunction test() {\n  let candidate = cal_sum;\n  assert.deepEqual(candidate(9),49);\n  assert.deepEqual(candidate(10),66);\n  assert.deepEqual(candidate(11),88);\n}\n\ntest();",
      "timestamp": 1665510092,
      "stdout": "../../../../tmp/tmpr2xz9z5y.ts(5,16): error TS2304: Cannot find name 'perrin'.\n",
      "stderr": "",
      "exit_code": 2,
      "status": "SyntaxError"
    },
    {
      "program": "//Write a function to calculate the sum of perrin numbers.\nfunction cal_sum(n: number): number {\n  let sum: number = 0;\n  for (let i = 0; i <= n; i++) {\n    sum += perrin(i);\n  }\n  return sum;\n}\n\nconsole.log(cal_sum(10));\n\ndeclare var require: any;\nconst assert = require('node:assert');\n\n\nfunction test() {\n  let candidate = cal_sum;\n  assert.deepEqual(candidate(9),49);\n  assert.deepEqual(candidate(10),66);\n  assert.deepEqual(candidate(11),88);\n}\n\ntest();",
      "timestamp": 1666123392,
      "stdout": "../../../../tmp/tmpiot_9opx.ts(5,12): error TS2304: Cannot find name 'perrin'.\n",
      "stderr": "",
      "exit_code": 2,
      "status": "SyntaxError"
    },
    {
      "program": "//Write a function to calculate the sum of perrin numbers.\nfunction cal_sum(n: number): number {\n    let sum = 0;\n    for (let i = 0; i < n; i++) {\n        sum += perrin(i);\n    }\n    return sum;\n}\n\ndeclare var require: any;\nconst assert = require('node:assert');\n\n\nfunction test() {\n  let candidate = cal_sum;\n  assert.deepEqual(candidate(9),49);\n  assert.deepEqual(candidate(10),66);\n  assert.deepEqual(candidate(11),88);\n}\n\ntest();",
      "timestamp": 1665510092,
      "stdout": "../../../../tmp/tmpqwpcvi0c.ts(5,16): error TS2304: Cannot find name 'perrin'.\n",
      "stderr": "",
      "exit_code": 2,
      "status": "SyntaxError"
    },
    {
      "program": "//Write a function to calculate the sum of perrin numbers.\nfunction cal_sum(n: number): number {\n    let sum: number = 0;\n    for (let i: number = 0; i <= n; i++) {\n        sum += perrin(i);\n    }\n    return sum;\n}\n\ndeclare var require: any;\nconst assert = require('node:assert');\n\n\nfunction test() {\n  let candidate = cal_sum;\n  assert.deepEqual(candidate(9),49);\n  assert.deepEqual(candidate(10),66);\n  assert.deepEqual(candidate(11),88);\n}\n\ntest();",
      "timestamp": 1665510092,
      "stdout": "../../../../tmp/tmpl0s8e99k.ts(5,16): error TS2304: Cannot find name 'perrin'.\n",
      "stderr": "",
      "exit_code": 2,
      "status": "SyntaxError"
    },
    {
      "program": "//Write a function to calculate the sum of perrin numbers.\nfunction cal_sum(n: number): number {\n    let sum: number = 0;\n    for (let i = 0; i <= n; i++) {\n        sum += perrin(i);\n    }\n    return sum;\n}\n\ndeclare var require: any;\nconst assert = require('node:assert');\n\n\nfunction test() {\n  let candidate = cal_sum;\n  assert.deepEqual(candidate(9),49);\n  assert.deepEqual(candidate(10),66);\n  assert.deepEqual(candidate(11),88);\n}\n\ntest();",
      "timestamp": 1665510092,
      "stdout": "../../../../tmp/tmpr2xz9z5y.ts(5,16): error TS2304: Cannot find name 'perrin'.\n",
      "stderr": "",
      "exit_code": 2,
      "status": "SyntaxError"
    },
    {
      "program": "//Write a function to calculate the sum of perrin numbers.\nfunction cal_sum(n: number): number {\n    let sum = 0;\n    for (let i = 0; i < n; i++) {\n        sum += perrin(i);\n    }\n    return sum;\n}\n\ndeclare var require: any;\nconst assert = require('node:assert');\n\n\nfunction test() {\n  let candidate = cal_sum;\n  assert.deepEqual(candidate(9),49);\n  assert.deepEqual(candidate(10),66);\n  assert.deepEqual(candidate(11),88);\n}\n\ntest();",
      "timestamp": 1665510092,
      "stdout": "../../../../tmp/tmpqwpcvi0c.ts(5,16): error TS2304: Cannot find name 'perrin'.\n",
      "stderr": "",
      "exit_code": 2,
      "status": "SyntaxError"
    },
    {
      "program": "//Write a function to calculate the sum of perrin numbers.\nfunction cal_sum(n: number): number {\n    let sum: number = 0;\n    for (let i = 0; i < n; i++) {\n        sum += perrin(i);\n    }\n    return sum;\n}\n\ndeclare var require: any;\nconst assert = require('node:assert');\n\n\nfunction test() {\n  let candidate = cal_sum;\n  assert.deepEqual(candidate(9),49);\n  assert.deepEqual(candidate(10),66);\n  assert.deepEqual(candidate(11),88);\n}\n\ntest();",
      "timestamp": 1665510092,
      "stdout": "../../../../tmp/tmpcauj1717.ts(5,16): error TS2304: Cannot find name 'perrin'.\n",
      "stderr": "",
      "exit_code": 2,
      "status": "SyntaxError"
    },
    {
      "program": "//Write a function to calculate the sum of perrin numbers.\nfunction cal_sum(n: number): number {\n    let sum: number = 0;\n    for (let i: number = 0; i <= n; i++) {\n        sum += perrin(i);\n    }\n    return sum;\n}\n\ndeclare var require: any;\nconst assert = require('node:assert');\n\n\nfunction test() {\n  let candidate = cal_sum;\n  assert.deepEqual(candidate(9),49);\n  assert.deepEqual(candidate(10),66);\n  assert.deepEqual(candidate(11),88);\n}\n\ntest();",
      "timestamp": 1665510092,
      "stdout": "../../../../tmp/tmpl0s8e99k.ts(5,16): error TS2304: Cannot find name 'perrin'.\n",
      "stderr": "",
      "exit_code": 2,
      "status": "SyntaxError"
    },
    {
      "program": "//Write a function to calculate the sum of perrin numbers.\nfunction cal_sum(n: number): number {\n    let sum = 0;\n    for (let i = 0; i <= n; i++) {\n        sum += perrin(i);\n    }\n    return sum;\n}\n\ndeclare var require: any;\nconst assert = require('node:assert');\n\n\nfunction test() {\n  let candidate = cal_sum;\n  assert.deepEqual(candidate(9),49);\n  assert.deepEqual(candidate(10),66);\n  assert.deepEqual(candidate(11),88);\n}\n\ntest();",
      "timestamp": 1665510092,
      "stdout": "../../../../tmp/tmpkjd1szgu.ts(5,16): error TS2304: Cannot find name 'perrin'.\n",
      "stderr": "",
      "exit_code": 2,
      "status": "SyntaxError"
    },
    {
      "program": "//Write a function to calculate the sum of perrin numbers.\nfunction cal_sum(n: number): number {\n    let sum = 0;\n    for (let i = 0; i < n; i++) {\n        sum += perrin(i);\n    }\n    return sum;\n}\n\ndeclare var require: any;\nconst assert = require('node:assert');\n\n\nfunction test() {\n  let candidate = cal_sum;\n  assert.deepEqual(candidate(9),49);\n  assert.deepEqual(candidate(10),66);\n  assert.deepEqual(candidate(11),88);\n}\n\ntest();",
      "timestamp": 1665510092,
      "stdout": "../../../../tmp/tmpqwpcvi0c.ts(5,16): error TS2304: Cannot find name 'perrin'.\n",
      "stderr": "",
      "exit_code": 2,
      "status": "SyntaxError"
    },
    {
      "program": "//Write a function to calculate the sum of perrin numbers.\nfunction cal_sum(n: number): number {\n    let sum: number = 0;\n    for (let i: number = 0; i < n; i++) {\n        sum += perrin(i);\n    }\n    return sum;\n}\n\ndeclare var require: any;\nconst assert = require('node:assert');\n\n\nfunction test() {\n  let candidate = cal_sum;\n  assert.deepEqual(candidate(9),49);\n  assert.deepEqual(candidate(10),66);\n  assert.deepEqual(candidate(11),88);\n}\n\ntest();",
      "timestamp": 1665510092,
      "stdout": "../../../../tmp/tmpdv1br3id.ts(5,16): error TS2304: Cannot find name 'perrin'.\n",
      "stderr": "",
      "exit_code": 2,
      "status": "SyntaxError"
    },
    {
      "program": "//Write a function to calculate the sum of perrin numbers.\nfunction cal_sum(n: number): number {\n    let sum = 0;\n    for (let i = 0; i <= n; i++) {\n        sum += perrin(i);\n    }\n    return sum;\n}\n\ndeclare var require: any;\nconst assert = require('node:assert');\n\n\nfunction test() {\n  let candidate = cal_sum;\n  assert.deepEqual(candidate(9),49);\n  assert.deepEqual(candidate(10),66);\n  assert.deepEqual(candidate(11),88);\n}\n\ntest();",
      "timestamp": 1665510092,
      "stdout": "../../../../tmp/tmpkjd1szgu.ts(5,16): error TS2304: Cannot find name 'perrin'.\n",
      "stderr": "",
      "exit_code": 2,
      "status": "SyntaxError"
    },
    {
      "program": "//Write a function to calculate the sum of perrin numbers.\nfunction cal_sum(n: number): number {\n    let sum = 0;\n    for (let i = 0; i <= n; i++) {\n        sum += perrin(i);\n    }\n    return sum;\n}\n\ndeclare var require: any;\nconst assert = require('node:assert');\n\n\nfunction test() {\n  let candidate = cal_sum;\n  assert.deepEqual(candidate(9),49);\n  assert.deepEqual(candidate(10),66);\n  assert.deepEqual(candidate(11),88);\n}\n\ntest();",
      "timestamp": 1665510092,
      "stdout": "../../../../tmp/tmpkjd1szgu.ts(5,16): error TS2304: Cannot find name 'perrin'.\n",
      "stderr": "",
      "exit_code": 2,
      "status": "SyntaxError"
    },
    {
      "program": "//Write a function to calculate the sum of perrin numbers.\nfunction cal_sum(n: number): number {\n    let sum = 0;\n    for (let i = 0; i <= n; i++) {\n        sum += perrin(i);\n    }\n    return sum;\n}\n\ndeclare var require: any;\nconst assert = require('node:assert');\n\n\nfunction test() {\n  let candidate = cal_sum;\n  assert.deepEqual(candidate(9),49);\n  assert.deepEqual(candidate(10),66);\n  assert.deepEqual(candidate(11),88);\n}\n\ntest();",
      "timestamp": 1665510092,
      "stdout": "../../../../tmp/tmpkjd1szgu.ts(5,16): error TS2304: Cannot find name 'perrin'.\n",
      "stderr": "",
      "exit_code": 2,
      "status": "SyntaxError"
    },
    {
      "program": "//Write a function to calculate the sum of perrin numbers.\nfunction cal_sum(n: number): number {\n    let sum: number = 0;\n    for (let i = 0; i <= n; i++) {\n        sum += perrin(i);\n    }\n    return sum;\n}\n\ndeclare var require: any;\nconst assert = require('node:assert');\n\n\nfunction test() {\n  let candidate = cal_sum;\n  assert.deepEqual(candidate(9),49);\n  assert.deepEqual(candidate(10),66);\n  assert.deepEqual(candidate(11),88);\n}\n\ntest();",
      "timestamp": 1665510092,
      "stdout": "../../../../tmp/tmpr2xz9z5y.ts(5,16): error TS2304: Cannot find name 'perrin'.\n",
      "stderr": "",
      "exit_code": 2,
      "status": "SyntaxError"
    },
    {
      "program": "//Write a function to calculate the sum of perrin numbers.\nfunction cal_sum(n: number): number {\n    let sum = 0;\n    for (let i = 0; i < n; i++) {\n        sum += perrin(i);\n    }\n    return sum;\n}\n\ndeclare var require: any;\nconst assert = require('node:assert');\n\n\nfunction test() {\n  let candidate = cal_sum;\n  assert.deepEqual(candidate(9),49);\n  assert.deepEqual(candidate(10),66);\n  assert.deepEqual(candidate(11),88);\n}\n\ntest();",
      "timestamp": 1665510092,
      "stdout": "../../../../tmp/tmpqwpcvi0c.ts(5,16): error TS2304: Cannot find name 'perrin'.\n",
      "stderr": "",
      "exit_code": 2,
      "status": "SyntaxError"
    },
    {
      "program": "//Write a function to calculate the sum of perrin numbers.\nfunction cal_sum(n: number): number {\n    let sum = 0;\n    for (let i = 0; i < n; i++) {\n        sum += perrin_number(i);\n    }\n    return sum;\n}\n\ndeclare var require: any;\nconst assert = require('node:assert');\n\n\nfunction test() {\n  let candidate = cal_sum;\n  assert.deepEqual(candidate(9),49);\n  assert.deepEqual(candidate(10),66);\n  assert.deepEqual(candidate(11),88);\n}\n\ntest();",
      "timestamp": 1666123392,
      "stdout": "../../../../tmp/tmp4firr2d3.ts(5,16): error TS2304: Cannot find name 'perrin_number'.\n",
      "stderr": "",
      "exit_code": 2,
      "status": "SyntaxError"
    },
    {
      "program": "//Write a function to calculate the sum of perrin numbers.\nfunction cal_sum(n: number): number {\n    let sum = 0;\n    for (let i = 0; i < n; i++) {\n        sum += perrin(i);\n    }\n    return sum;\n}\n\ndeclare var require: any;\nconst assert = require('node:assert');\n\n\nfunction test() {\n  let candidate = cal_sum;\n  assert.deepEqual(candidate(9),49);\n  assert.deepEqual(candidate(10),66);\n  assert.deepEqual(candidate(11),88);\n}\n\ntest();",
      "timestamp": 1665510092,
      "stdout": "../../../../tmp/tmpqwpcvi0c.ts(5,16): error TS2304: Cannot find name 'perrin'.\n",
      "stderr": "",
      "exit_code": 2,
      "status": "SyntaxError"
    },
    {
      "program": "//Write a function to calculate the sum of perrin numbers.\nfunction cal_sum(n: number): number {\n    let sum = 0;\n    for (let i = 0; i <= n; i++) {\n        sum += perrin(i);\n    }\n    return sum;\n}\n\ndeclare var require: any;\nconst assert = require('node:assert');\n\n\nfunction test() {\n  let candidate = cal_sum;\n  assert.deepEqual(candidate(9),49);\n  assert.deepEqual(candidate(10),66);\n  assert.deepEqual(candidate(11),88);\n}\n\ntest();",
      "timestamp": 1665510092,
      "stdout": "../../../../tmp/tmpkjd1szgu.ts(5,16): error TS2304: Cannot find name 'perrin'.\n",
      "stderr": "",
      "exit_code": 2,
      "status": "SyntaxError"
    },
    {
      "program": "//Write a function to calculate the sum of perrin numbers.\nfunction cal_sum(n: number): number {\n  let sum = 0;\n  for (let i = 0; i < n; i++) {\n    sum += perrin(i);\n  }\n  return sum;\n}\n\ndeclare var require: any;\nconst assert = require('node:assert');\n\n\nfunction test() {\n  let candidate = cal_sum;\n  assert.deepEqual(candidate(9),49);\n  assert.deepEqual(candidate(10),66);\n  assert.deepEqual(candidate(11),88);\n}\n\ntest();",
      "timestamp": 1666123392,
      "stdout": "../../../../tmp/tmpqo3lj_9h.ts(5,12): error TS2304: Cannot find name 'perrin'.\n",
      "stderr": "",
      "exit_code": 2,
      "status": "SyntaxError"
    },
    {
      "program": "//Write a function to calculate the sum of perrin numbers.\nfunction cal_sum(n: number): number {\n  let sum = 0;\n  let perrin = [3, 0, 2];\n  for (let i = 3; i <= n; i++) {\n    perrin[i] = perrin[i - 2] + perrin[i - 3];\n    sum += perrin[i];\n  }\n  return sum;\n}\n\ndeclare var require: any;\nconst assert = require('node:assert');\n\n\nfunction test() {\n  let candidate = cal_sum;\n  assert.deepEqual(candidate(9),49);\n  assert.deepEqual(candidate(10),66);\n  assert.deepEqual(candidate(11),88);\n}\n\ntest();",
      "timestamp": 1666123392,
      "stdout": "",
      "stderr": "node:assert:124\n  throw new AssertionError(obj);\n  ^\n\nAssertionError [ERR_ASSERTION]: Expected values to be loosely deep-equal:\n\n44\n\nshould loosely deep-equal\n\n49\n    at test (/tmp/tmpqluw2pv_.js:14:12)\n    at Object.<anonymous> (/tmp/tmpqluw2pv_.js:18:1)\n    at Module._compile (node:internal/modules/cjs/loader:1120:14)\n    at Module._extensions..js (node:internal/modules/cjs/loader:1174:10)\n    at Module.load (node:internal/modules/cjs/loader:998:32)\n    at Module._load (node:internal/modules/cjs/loader:839:12)\n    at Function.executeUserEntryPoint [as runMain] (node:internal/modules/run_main:81:12)\n    at node:internal/main/run_main_module:17:47 {\n  generatedMessage: true,\n  code: 'ERR_ASSERTION',\n  actual: 44,\n  expected: 49,\n  operator: 'deepEqual'\n}\n\nNode.js v18.7.0\n",
      "exit_code": 1,
      "status": "AssertionError"
    },
    {
      "program": "//Write a function to calculate the sum of perrin numbers.\nfunction cal_sum(n: number): number {\n  let sum = 0;\n  for (let i = 0; i <= n; i++) {\n    sum += perrin(i);\n  }\n  return sum;\n}\n\ndeclare var require: any;\nconst assert = require('node:assert');\n\n\nfunction test() {\n  let candidate = cal_sum;\n  assert.deepEqual(candidate(9),49);\n  assert.deepEqual(candidate(10),66);\n  assert.deepEqual(candidate(11),88);\n}\n\ntest();",
      "timestamp": 1666123392,
      "stdout": "../../../../tmp/tmpzz4mgtol.ts(5,12): error TS2304: Cannot find name 'perrin'.\n",
      "stderr": "",
      "exit_code": 2,
      "status": "SyntaxError"
    },
    {
      "program": "//Write a function to calculate the sum of perrin numbers.\nfunction cal_sum(n: number): number {\n    let sum = 0;\n    for (let i = 0; i < n; i++) {\n        sum += perrin(i);\n    }\n    return sum;\n}\n\ndeclare var require: any;\nconst assert = require('node:assert');\n\n\nfunction test() {\n  let candidate = cal_sum;\n  assert.deepEqual(candidate(9),49);\n  assert.deepEqual(candidate(10),66);\n  assert.deepEqual(candidate(11),88);\n}\n\ntest();",
      "timestamp": 1665510092,
      "stdout": "../../../../tmp/tmpqwpcvi0c.ts(5,16): error TS2304: Cannot find name 'perrin'.\n",
      "stderr": "",
      "exit_code": 2,
      "status": "SyntaxError"
    },
    {
      "program": "//Write a function to calculate the sum of perrin numbers.\nfunction cal_sum(n: number): number {\n    let sum = 0;\n    for (let i = 0; i < n; i++) {\n        sum += perrin(i);\n    }\n    return sum;\n}\n\nconsole.log(cal_sum(10));\n\ndeclare var require: any;\nconst assert = require('node:assert');\n\n\nfunction test() {\n  let candidate = cal_sum;\n  assert.deepEqual(candidate(9),49);\n  assert.deepEqual(candidate(10),66);\n  assert.deepEqual(candidate(11),88);\n}\n\ntest();",
      "timestamp": 1666123392,
      "stdout": "../../../../tmp/tmpvgd7scga.ts(5,16): error TS2304: Cannot find name 'perrin'.\n",
      "stderr": "",
      "exit_code": 2,
      "status": "SyntaxError"
    },
    {
      "program": "//Write a function to calculate the sum of perrin numbers.\nfunction cal_sum(n: number): number {\n    let sum = 0;\n    for (let i = 0; i <= n; i++) {\n        sum += perrin(i);\n    }\n    return sum;\n}\n\ndeclare var require: any;\nconst assert = require('node:assert');\n\n\nfunction test() {\n  let candidate = cal_sum;\n  assert.deepEqual(candidate(9),49);\n  assert.deepEqual(candidate(10),66);\n  assert.deepEqual(candidate(11),88);\n}\n\ntest();",
      "timestamp": 1665510092,
      "stdout": "../../../../tmp/tmpkjd1szgu.ts(5,16): error TS2304: Cannot find name 'perrin'.\n",
      "stderr": "",
      "exit_code": 2,
      "status": "SyntaxError"
    },
    {
      "program": "//Write a function to calculate the sum of perrin numbers.\nfunction cal_sum(n: number): number {\n    let sum: number = 0;\n    for (let i = 0; i < n; i++) {\n        sum += perrin(i);\n    }\n    return sum;\n}\n\ndeclare var require: any;\nconst assert = require('node:assert');\n\n\nfunction test() {\n  let candidate = cal_sum;\n  assert.deepEqual(candidate(9),49);\n  assert.deepEqual(candidate(10),66);\n  assert.deepEqual(candidate(11),88);\n}\n\ntest();",
      "timestamp": 1665510092,
      "stdout": "../../../../tmp/tmpcauj1717.ts(5,16): error TS2304: Cannot find name 'perrin'.\n",
      "stderr": "",
      "exit_code": 2,
      "status": "SyntaxError"
    },
    {
      "program": "//Write a function to calculate the sum of perrin numbers.\nfunction cal_sum(n: number): number {\n    let sum = 0;\n    for (let i = 0; i <= n; i++) {\n        sum += perrin(i);\n    }\n    return sum;\n}\n\ndeclare var require: any;\nconst assert = require('node:assert');\n\n\nfunction test() {\n  let candidate = cal_sum;\n  assert.deepEqual(candidate(9),49);\n  assert.deepEqual(candidate(10),66);\n  assert.deepEqual(candidate(11),88);\n}\n\ntest();",
      "timestamp": 1665510092,
      "stdout": "../../../../tmp/tmpkjd1szgu.ts(5,16): error TS2304: Cannot find name 'perrin'.\n",
      "stderr": "",
      "exit_code": 2,
      "status": "SyntaxError"
    },
    {
      "program": "//Write a function to calculate the sum of perrin numbers.\nfunction cal_sum(n: number): number {\n    let sum = 0;\n    for (let i = 0; i <= n; i++) {\n        sum += perrin(i);\n    }\n    return sum;\n}\n\ndeclare var require: any;\nconst assert = require('node:assert');\n\n\nfunction test() {\n  let candidate = cal_sum;\n  assert.deepEqual(candidate(9),49);\n  assert.deepEqual(candidate(10),66);\n  assert.deepEqual(candidate(11),88);\n}\n\ntest();",
      "timestamp": 1665510092,
      "stdout": "../../../../tmp/tmpkjd1szgu.ts(5,16): error TS2304: Cannot find name 'perrin'.\n",
      "stderr": "",
      "exit_code": 2,
      "status": "SyntaxError"
    },
    {
      "program": "//Write a function to calculate the sum of perrin numbers.\nfunction cal_sum(n: number): number {\n    let sum = 0;\n    for (let i = 0; i <= n; i++) {\n        sum += perrin(i);\n    }\n    return sum;\n}\n\ndeclare var require: any;\nconst assert = require('node:assert');\n\n\nfunction test() {\n  let candidate = cal_sum;\n  assert.deepEqual(candidate(9),49);\n  assert.deepEqual(candidate(10),66);\n  assert.deepEqual(candidate(11),88);\n}\n\ntest();",
      "timestamp": 1665510092,
      "stdout": "../../../../tmp/tmpkjd1szgu.ts(5,16): error TS2304: Cannot find name 'perrin'.\n",
      "stderr": "",
      "exit_code": 2,
      "status": "SyntaxError"
    },
    {
      "program": "//Write a function to calculate the sum of perrin numbers.\nfunction cal_sum(n: number): number {\n    let sum = 0;\n    for (let i = 0; i < n; i++) {\n        sum += perrin(i);\n    }\n    return sum;\n}\n\ndeclare var require: any;\nconst assert = require('node:assert');\n\n\nfunction test() {\n  let candidate = cal_sum;\n  assert.deepEqual(candidate(9),49);\n  assert.deepEqual(candidate(10),66);\n  assert.deepEqual(candidate(11),88);\n}\n\ntest();",
      "timestamp": 1665510092,
      "stdout": "../../../../tmp/tmpqwpcvi0c.ts(5,16): error TS2304: Cannot find name 'perrin'.\n",
      "stderr": "",
      "exit_code": 2,
      "status": "SyntaxError"
    },
    {
      "program": "//Write a function to calculate the sum of perrin numbers.\nfunction cal_sum(n: number): number {\n    let sum = 0;\n    let perrin = [3, 0, 2];\n    for (let i = 3; i <= n; i++) {\n        perrin[i] = perrin[i - 2] + perrin[i - 3];\n        sum += perrin[i];\n    }\n    return sum;\n}\n\ndeclare var require: any;\nconst assert = require('node:assert');\n\n\nfunction test() {\n  let candidate = cal_sum;\n  assert.deepEqual(candidate(9),49);\n  assert.deepEqual(candidate(10),66);\n  assert.deepEqual(candidate(11),88);\n}\n\ntest();",
      "timestamp": 1666123392,
      "stdout": "",
      "stderr": "node:assert:124\n  throw new AssertionError(obj);\n  ^\n\nAssertionError [ERR_ASSERTION]: Expected values to be loosely deep-equal:\n\n44\n\nshould loosely deep-equal\n\n49\n    at test (/tmp/tmpxg12twhc.js:14:12)\n    at Object.<anonymous> (/tmp/tmpxg12twhc.js:18:1)\n    at Module._compile (node:internal/modules/cjs/loader:1120:14)\n    at Module._extensions..js (node:internal/modules/cjs/loader:1174:10)\n    at Module.load (node:internal/modules/cjs/loader:998:32)\n    at Module._load (node:internal/modules/cjs/loader:839:12)\n    at Function.executeUserEntryPoint [as runMain] (node:internal/modules/run_main:81:12)\n    at node:internal/main/run_main_module:17:47 {\n  generatedMessage: true,\n  code: 'ERR_ASSERTION',\n  actual: 44,\n  expected: 49,\n  operator: 'deepEqual'\n}\n\nNode.js v18.7.0\n",
      "exit_code": 1,
      "status": "AssertionError"
    },
    {
      "program": "//Write a function to calculate the sum of perrin numbers.\nfunction cal_sum(n: number): number {\n    let sum = 0;\n    let arr = [3, 0, 2];\n    for (let i = 3; i < n; i++) {\n        arr[i] = arr[i - 2] + arr[i - 3];\n    }\n    for (let i = 0; i < arr.length; i++) {\n        sum += arr[i];\n    }\n    return sum;\n}\nconsole.log(cal_sum(10));\n\ndeclare var require: any;\nconst assert = require('node:assert');\n\n\nfunction test() {\n  let candidate = cal_sum;\n  assert.deepEqual(candidate(9),49);\n  assert.deepEqual(candidate(10),66);\n  assert.deepEqual(candidate(11),88);\n}\n\ntest();",
      "timestamp": 1666123392,
      "stdout": "49\n",
      "stderr": "node:assert:124\n  throw new AssertionError(obj);\n  ^\n\nAssertionError [ERR_ASSERTION]: Expected values to be loosely deep-equal:\n\n37\n\nshould loosely deep-equal\n\n49\n    at test (/tmp/tmp65g035zd.js:17:12)\n    at Object.<anonymous> (/tmp/tmp65g035zd.js:21:1)\n    at Module._compile (node:internal/modules/cjs/loader:1120:14)\n    at Module._extensions..js (node:internal/modules/cjs/loader:1174:10)\n    at Module.load (node:internal/modules/cjs/loader:998:32)\n    at Module._load (node:internal/modules/cjs/loader:839:12)\n    at Function.executeUserEntryPoint [as runMain] (node:internal/modules/run_main:81:12)\n    at node:internal/main/run_main_module:17:47 {\n  generatedMessage: true,\n  code: 'ERR_ASSERTION',\n  actual: 37,\n  expected: 49,\n  operator: 'deepEqual'\n}\n\nNode.js v18.7.0\n",
      "exit_code": 1,
      "status": "AssertionError"
    },
    {
      "program": "//Write a function to calculate the sum of perrin numbers.\nfunction cal_sum(n: number): number {\n  let sum = 0;\n  for (let i = 0; i < n; i++) {\n    sum += perrin(i);\n  }\n  return sum;\n}\n\ndeclare var require: any;\nconst assert = require('node:assert');\n\n\nfunction test() {\n  let candidate = cal_sum;\n  assert.deepEqual(candidate(9),49);\n  assert.deepEqual(candidate(10),66);\n  assert.deepEqual(candidate(11),88);\n}\n\ntest();",
      "timestamp": 1666123392,
      "stdout": "../../../../tmp/tmpqo3lj_9h.ts(5,12): error TS2304: Cannot find name 'perrin'.\n",
      "stderr": "",
      "exit_code": 2,
      "status": "SyntaxError"
    },
    {
      "program": "//Write a function to calculate the sum of perrin numbers.\nfunction cal_sum(n: number): number {\n    let sum = 0;\n    for (let i = 0; i <= n; i++) {\n        sum += perrin(i);\n    }\n    return sum;\n}\n\ndeclare var require: any;\nconst assert = require('node:assert');\n\n\nfunction test() {\n  let candidate = cal_sum;\n  assert.deepEqual(candidate(9),49);\n  assert.deepEqual(candidate(10),66);\n  assert.deepEqual(candidate(11),88);\n}\n\ntest();",
      "timestamp": 1665510092,
      "stdout": "../../../../tmp/tmpkjd1szgu.ts(5,16): error TS2304: Cannot find name 'perrin'.\n",
      "stderr": "",
      "exit_code": 2,
      "status": "SyntaxError"
    },
    {
      "program": "//Write a function to calculate the sum of perrin numbers.\nfunction cal_sum(n: number): number {\n    let sum = 0;\n    for (let i = 0; i <= n; i++) {\n        sum += perrin(i);\n    }\n    return sum;\n}\n\ndeclare var require: any;\nconst assert = require('node:assert');\n\n\nfunction test() {\n  let candidate = cal_sum;\n  assert.deepEqual(candidate(9),49);\n  assert.deepEqual(candidate(10),66);\n  assert.deepEqual(candidate(11),88);\n}\n\ntest();",
      "timestamp": 1665510092,
      "stdout": "../../../../tmp/tmpkjd1szgu.ts(5,16): error TS2304: Cannot find name 'perrin'.\n",
      "stderr": "",
      "exit_code": 2,
      "status": "SyntaxError"
    },
    {
      "program": "//Write a function to calculate the sum of perrin numbers.\nfunction cal_sum(n: number): number {\n    let sum = 0;\n    let perrin = [3, 0, 2];\n    for (let i = 3; i < n; i++) {\n        perrin[i] = perrin[i - 2] + perrin[i - 3];\n    }\n    for (let i = 0; i < n; i++) {\n        sum += perrin[i];\n    }\n    return sum;\n}\nconsole.log(cal_sum(10));\n\ndeclare var require: any;\nconst assert = require('node:assert');\n\n\nfunction test() {\n  let candidate = cal_sum;\n  assert.deepEqual(candidate(9),49);\n  assert.deepEqual(candidate(10),66);\n  assert.deepEqual(candidate(11),88);\n}\n\ntest();",
      "timestamp": 1666123392,
      "stdout": "49\n",
      "stderr": "node:assert:124\n  throw new AssertionError(obj);\n  ^\n\nAssertionError [ERR_ASSERTION]: Expected values to be loosely deep-equal:\n\n37\n\nshould loosely deep-equal\n\n49\n    at test (/tmp/tmp0kgisugw.js:17:12)\n    at Object.<anonymous> (/tmp/tmp0kgisugw.js:21:1)\n    at Module._compile (node:internal/modules/cjs/loader:1120:14)\n    at Module._extensions..js (node:internal/modules/cjs/loader:1174:10)\n    at Module.load (node:internal/modules/cjs/loader:998:32)\n    at Module._load (node:internal/modules/cjs/loader:839:12)\n    at Function.executeUserEntryPoint [as runMain] (node:internal/modules/run_main:81:12)\n    at node:internal/main/run_main_module:17:47 {\n  generatedMessage: true,\n  code: 'ERR_ASSERTION',\n  actual: 37,\n  expected: 49,\n  operator: 'deepEqual'\n}\n\nNode.js v18.7.0\n",
      "exit_code": 1,
      "status": "AssertionError"
    },
    {
      "program": "//Write a function to calculate the sum of perrin numbers.\nfunction cal_sum(n: number): number {\n    let sum = 0;\n    for (let i = 1; i <= n; i++) {\n        sum += perrin(i);\n    }\n    return sum;\n}\n\ndeclare var require: any;\nconst assert = require('node:assert');\n\n\nfunction test() {\n  let candidate = cal_sum;\n  assert.deepEqual(candidate(9),49);\n  assert.deepEqual(candidate(10),66);\n  assert.deepEqual(candidate(11),88);\n}\n\ntest();",
      "timestamp": 1666123392,
      "stdout": "../../../../tmp/tmpbb89snw3.ts(5,16): error TS2304: Cannot find name 'perrin'.\n",
      "stderr": "",
      "exit_code": 2,
      "status": "SyntaxError"
    },
    {
      "program": "//Write a function to calculate the sum of perrin numbers.\nfunction cal_sum(n: number): number {\n    let sum: number = 0;\n    for (let i = 0; i <= n; i++) {\n        sum += perrin(i);\n    }\n    return sum;\n}\n\ndeclare var require: any;\nconst assert = require('node:assert');\n\n\nfunction test() {\n  let candidate = cal_sum;\n  assert.deepEqual(candidate(9),49);\n  assert.deepEqual(candidate(10),66);\n  assert.deepEqual(candidate(11),88);\n}\n\ntest();",
      "timestamp": 1665510092,
      "stdout": "../../../../tmp/tmpr2xz9z5y.ts(5,16): error TS2304: Cannot find name 'perrin'.\n",
      "stderr": "",
      "exit_code": 2,
      "status": "SyntaxError"
    },
    {
      "program": "//Write a function to calculate the sum of perrin numbers.\nfunction cal_sum(n: number): number {\n    let sum = 0;\n    for (let i = 0; i <= n; i++) {\n        sum += perrin(i);\n    }\n    return sum;\n}\n\ndeclare var require: any;\nconst assert = require('node:assert');\n\n\nfunction test() {\n  let candidate = cal_sum;\n  assert.deepEqual(candidate(9),49);\n  assert.deepEqual(candidate(10),66);\n  assert.deepEqual(candidate(11),88);\n}\n\ntest();",
      "timestamp": 1665510092,
      "stdout": "../../../../tmp/tmpkjd1szgu.ts(5,16): error TS2304: Cannot find name 'perrin'.\n",
      "stderr": "",
      "exit_code": 2,
      "status": "SyntaxError"
    },
    {
      "program": "//Write a function to calculate the sum of perrin numbers.\nfunction cal_sum(n: number): number {\n    let sum = 0;\n    for (let i = 0; i < n; i++) {\n        sum += perrin(i);\n    }\n    return sum;\n}\n\ndeclare var require: any;\nconst assert = require('node:assert');\n\n\nfunction test() {\n  let candidate = cal_sum;\n  assert.deepEqual(candidate(9),49);\n  assert.deepEqual(candidate(10),66);\n  assert.deepEqual(candidate(11),88);\n}\n\ntest();",
      "timestamp": 1665510092,
      "stdout": "../../../../tmp/tmpqwpcvi0c.ts(5,16): error TS2304: Cannot find name 'perrin'.\n",
      "stderr": "",
      "exit_code": 2,
      "status": "SyntaxError"
    },
    {
      "program": "//Write a function to calculate the sum of perrin numbers.\nfunction cal_sum(n: number): number {\n    let sum: number = 0;\n    for (let i = 0; i <= n; i++) {\n        sum += perrin(i);\n    }\n    return sum;\n}\n\ndeclare var require: any;\nconst assert = require('node:assert');\n\n\nfunction test() {\n  let candidate = cal_sum;\n  assert.deepEqual(candidate(9),49);\n  assert.deepEqual(candidate(10),66);\n  assert.deepEqual(candidate(11),88);\n}\n\ntest();",
      "timestamp": 1665510092,
      "stdout": "../../../../tmp/tmpr2xz9z5y.ts(5,16): error TS2304: Cannot find name 'perrin'.\n",
      "stderr": "",
      "exit_code": 2,
      "status": "SyntaxError"
    },
    {
      "program": "//Write a function to calculate the sum of perrin numbers.\nfunction cal_sum(n: number): number {\n    let sum = 0;\n    let perrin = [3, 0, 2];\n    for (let i = 0; i < n; i++) {\n        sum += perrin[2];\n        perrin[0] = perrin[1];\n        perrin[1] = perrin[2];\n        perrin[2] = perrin[0] + perrin[1];\n    }\n    return sum;\n}\n\ndeclare var require: any;\nconst assert = require('node:assert');\n\n\nfunction test() {\n  let candidate = cal_sum;\n  assert.deepEqual(candidate(9),49);\n  assert.deepEqual(candidate(10),66);\n  assert.deepEqual(candidate(11),88);\n}\n\ntest();",
      "timestamp": 1666123392,
      "stdout": "",
      "stderr": "node:assert:124\n  throw new AssertionError(obj);\n  ^\n\nAssertionError [ERR_ASSERTION]: Expected values to be loosely deep-equal:\n\n176\n\nshould loosely deep-equal\n\n49\n    at test (/tmp/tmpgddaedee.js:16:12)\n    at Object.<anonymous> (/tmp/tmpgddaedee.js:20:1)\n    at Module._compile (node:internal/modules/cjs/loader:1120:14)\n    at Module._extensions..js (node:internal/modules/cjs/loader:1174:10)\n    at Module.load (node:internal/modules/cjs/loader:998:32)\n    at Module._load (node:internal/modules/cjs/loader:839:12)\n    at Function.executeUserEntryPoint [as runMain] (node:internal/modules/run_main:81:12)\n    at node:internal/main/run_main_module:17:47 {\n  generatedMessage: true,\n  code: 'ERR_ASSERTION',\n  actual: 176,\n  expected: 49,\n  operator: 'deepEqual'\n}\n\nNode.js v18.7.0\n",
      "exit_code": 1,
      "status": "AssertionError"
    },
    {
      "program": "//Write a function to calculate the sum of perrin numbers.\nfunction cal_sum(n: number): number {\n    let sum = 0;\n    for (let i = 0; i <= n; i++) {\n        sum += perrin(i);\n    }\n    return sum;\n}\n\ndeclare var require: any;\nconst assert = require('node:assert');\n\n\nfunction test() {\n  let candidate = cal_sum;\n  assert.deepEqual(candidate(9),49);\n  assert.deepEqual(candidate(10),66);\n  assert.deepEqual(candidate(11),88);\n}\n\ntest();",
      "timestamp": 1665510092,
      "stdout": "../../../../tmp/tmpkjd1szgu.ts(5,16): error TS2304: Cannot find name 'perrin'.\n",
      "stderr": "",
      "exit_code": 2,
      "status": "SyntaxError"
    },
    {
      "program": "//Write a function to calculate the sum of perrin numbers.\nfunction cal_sum(n: number): number {\n    let result = 0;\n    let perrin = [3, 0, 2];\n    for (let i = 3; i < n; i++) {\n        perrin[i] = perrin[i - 2] + perrin[i - 3];\n    }\n    for (let i = 0; i < n; i++) {\n        result += perrin[i];\n    }\n    return result;\n}\n\ndeclare var require: any;\nconst assert = require('node:assert');\n\n\nfunction test() {\n  let candidate = cal_sum;\n  assert.deepEqual(candidate(9),49);\n  assert.deepEqual(candidate(10),66);\n  assert.deepEqual(candidate(11),88);\n}\n\ntest();",
      "timestamp": 1666123392,
      "stdout": "",
      "stderr": "node:assert:124\n  throw new AssertionError(obj);\n  ^\n\nAssertionError [ERR_ASSERTION]: Expected values to be loosely deep-equal:\n\n37\n\nshould loosely deep-equal\n\n49\n    at test (/tmp/tmpuidadckj.js:16:12)\n    at Object.<anonymous> (/tmp/tmpuidadckj.js:20:1)\n    at Module._compile (node:internal/modules/cjs/loader:1120:14)\n    at Module._extensions..js (node:internal/modules/cjs/loader:1174:10)\n    at Module.load (node:internal/modules/cjs/loader:998:32)\n    at Module._load (node:internal/modules/cjs/loader:839:12)\n    at Function.executeUserEntryPoint [as runMain] (node:internal/modules/run_main:81:12)\n    at node:internal/main/run_main_module:17:47 {\n  generatedMessage: true,\n  code: 'ERR_ASSERTION',\n  actual: 37,\n  expected: 49,\n  operator: 'deepEqual'\n}\n\nNode.js v18.7.0\n",
      "exit_code": 1,
      "status": "AssertionError"
    },
    {
      "program": "//Write a function to calculate the sum of perrin numbers.\nfunction cal_sum(n: number): number {\n    let sum = 0;\n    for (let i = 0; i <= n; i++) {\n        sum += perrin(i);\n    }\n    return sum;\n}\n\ndeclare var require: any;\nconst assert = require('node:assert');\n\n\nfunction test() {\n  let candidate = cal_sum;\n  assert.deepEqual(candidate(9),49);\n  assert.deepEqual(candidate(10),66);\n  assert.deepEqual(candidate(11),88);\n}\n\ntest();",
      "timestamp": 1665510092,
      "stdout": "../../../../tmp/tmpkjd1szgu.ts(5,16): error TS2304: Cannot find name 'perrin'.\n",
      "stderr": "",
      "exit_code": 2,
      "status": "SyntaxError"
    },
    {
      "program": "//Write a function to calculate the sum of perrin numbers.\nfunction cal_sum(n: number): number {\n    let sum = 0;\n    for (let i = 0; i < n; i++) {\n        sum += perrin(i);\n    }\n    return sum;\n}\n\ndeclare var require: any;\nconst assert = require('node:assert');\n\n\nfunction test() {\n  let candidate = cal_sum;\n  assert.deepEqual(candidate(9),49);\n  assert.deepEqual(candidate(10),66);\n  assert.deepEqual(candidate(11),88);\n}\n\ntest();",
      "timestamp": 1665510092,
      "stdout": "../../../../tmp/tmpqwpcvi0c.ts(5,16): error TS2304: Cannot find name 'perrin'.\n",
      "stderr": "",
      "exit_code": 2,
      "status": "SyntaxError"
    },
    {
      "program": "//Write a function to calculate the sum of perrin numbers.\nfunction cal_sum(n: number): number {\n    let sum = 0;\n    let perrin = [3, 0, 2];\n    for (let i = 0; i < n; i++) {\n        sum += perrin[2];\n        perrin[0] = perrin[1];\n        perrin[1] = perrin[2];\n        perrin[2] = perrin[0] + perrin[1];\n    }\n    return sum;\n}\n\ndeclare var require: any;\nconst assert = require('node:assert');\n\n\nfunction test() {\n  let candidate = cal_sum;\n  assert.deepEqual(candidate(9),49);\n  assert.deepEqual(candidate(10),66);\n  assert.deepEqual(candidate(11),88);\n}\n\ntest();",
      "timestamp": 1666123392,
      "stdout": "",
      "stderr": "node:assert:124\n  throw new AssertionError(obj);\n  ^\n\nAssertionError [ERR_ASSERTION]: Expected values to be loosely deep-equal:\n\n176\n\nshould loosely deep-equal\n\n49\n    at test (/tmp/tmpgddaedee.js:16:12)\n    at Object.<anonymous> (/tmp/tmpgddaedee.js:20:1)\n    at Module._compile (node:internal/modules/cjs/loader:1120:14)\n    at Module._extensions..js (node:internal/modules/cjs/loader:1174:10)\n    at Module.load (node:internal/modules/cjs/loader:998:32)\n    at Module._load (node:internal/modules/cjs/loader:839:12)\n    at Function.executeUserEntryPoint [as runMain] (node:internal/modules/run_main:81:12)\n    at node:internal/main/run_main_module:17:47 {\n  generatedMessage: true,\n  code: 'ERR_ASSERTION',\n  actual: 176,\n  expected: 49,\n  operator: 'deepEqual'\n}\n\nNode.js v18.7.0\n",
      "exit_code": 1,
      "status": "AssertionError"
    },
    {
      "program": "//Write a function to calculate the sum of perrin numbers.\nfunction cal_sum(n: number): number {\n    let sum = 0;\n    for (let i = 0; i <= n; i++) {\n        sum += perrin(i);\n    }\n    return sum;\n}\n\ndeclare var require: any;\nconst assert = require('node:assert');\n\n\nfunction test() {\n  let candidate = cal_sum;\n  assert.deepEqual(candidate(9),49);\n  assert.deepEqual(candidate(10),66);\n  assert.deepEqual(candidate(11),88);\n}\n\ntest();",
      "timestamp": 1665510092,
      "stdout": "../../../../tmp/tmpkjd1szgu.ts(5,16): error TS2304: Cannot find name 'perrin'.\n",
      "stderr": "",
      "exit_code": 2,
      "status": "SyntaxError"
    },
    {
      "program": "//Write a function to calculate the sum of perrin numbers.\nfunction cal_sum(n: number): number {\n    let sum = 0;\n    for (let i = 0; i < n; i++) {\n        sum += perrin(i);\n    }\n    return sum;\n}\n\ndeclare var require: any;\nconst assert = require('node:assert');\n\n\nfunction test() {\n  let candidate = cal_sum;\n  assert.deepEqual(candidate(9),49);\n  assert.deepEqual(candidate(10),66);\n  assert.deepEqual(candidate(11),88);\n}\n\ntest();",
      "timestamp": 1665510092,
      "stdout": "../../../../tmp/tmpqwpcvi0c.ts(5,16): error TS2304: Cannot find name 'perrin'.\n",
      "stderr": "",
      "exit_code": 2,
      "status": "SyntaxError"
    },
    {
      "program": "//Write a function to calculate the sum of perrin numbers.\nfunction cal_sum(n: number): number {\n    let sum = 0;\n    for (let i = 0; i <= n; i++) {\n        sum += perrin(i);\n    }\n    return sum;\n}\n\ndeclare var require: any;\nconst assert = require('node:assert');\n\n\nfunction test() {\n  let candidate = cal_sum;\n  assert.deepEqual(candidate(9),49);\n  assert.deepEqual(candidate(10),66);\n  assert.deepEqual(candidate(11),88);\n}\n\ntest();",
      "timestamp": 1665510092,
      "stdout": "../../../../tmp/tmpkjd1szgu.ts(5,16): error TS2304: Cannot find name 'perrin'.\n",
      "stderr": "",
      "exit_code": 2,
      "status": "SyntaxError"
    },
    {
      "program": "//Write a function to calculate the sum of perrin numbers.\nfunction cal_sum(n: number): number {\n    let sum = 0;\n    for (let i = 0; i <= n; i++) {\n        sum += perrin(i);\n    }\n    return sum;\n}\n\ndeclare var require: any;\nconst assert = require('node:assert');\n\n\nfunction test() {\n  let candidate = cal_sum;\n  assert.deepEqual(candidate(9),49);\n  assert.deepEqual(candidate(10),66);\n  assert.deepEqual(candidate(11),88);\n}\n\ntest();",
      "timestamp": 1665510092,
      "stdout": "../../../../tmp/tmpkjd1szgu.ts(5,16): error TS2304: Cannot find name 'perrin'.\n",
      "stderr": "",
      "exit_code": 2,
      "status": "SyntaxError"
    },
    {
      "program": "//Write a function to calculate the sum of perrin numbers.\nfunction cal_sum(n: number): number {\n    let sum = 0;\n    for (let i = 0; i < n; i++) {\n        sum += perrin(i);\n    }\n    return sum;\n}\n\ndeclare var require: any;\nconst assert = require('node:assert');\n\n\nfunction test() {\n  let candidate = cal_sum;\n  assert.deepEqual(candidate(9),49);\n  assert.deepEqual(candidate(10),66);\n  assert.deepEqual(candidate(11),88);\n}\n\ntest();",
      "timestamp": 1665510092,
      "stdout": "../../../../tmp/tmpqwpcvi0c.ts(5,16): error TS2304: Cannot find name 'perrin'.\n",
      "stderr": "",
      "exit_code": 2,
      "status": "SyntaxError"
    },
    {
      "program": "//Write a function to calculate the sum of perrin numbers.\nfunction cal_sum(n: number): number {\n    let sum = 0;\n    for (let i = 0; i < n; i++) {\n        sum += perrin(i);\n    }\n    return sum;\n}\n\ndeclare var require: any;\nconst assert = require('node:assert');\n\n\nfunction test() {\n  let candidate = cal_sum;\n  assert.deepEqual(candidate(9),49);\n  assert.deepEqual(candidate(10),66);\n  assert.deepEqual(candidate(11),88);\n}\n\ntest();",
      "timestamp": 1665510092,
      "stdout": "../../../../tmp/tmpqwpcvi0c.ts(5,16): error TS2304: Cannot find name 'perrin'.\n",
      "stderr": "",
      "exit_code": 2,
      "status": "SyntaxError"
    },
    {
      "program": "//Write a function to calculate the sum of perrin numbers.\nfunction cal_sum(n: number): number {\n    let sum = 0;\n    let perrin = [3, 0, 2];\n    for (let i = 3; i < n; i++) {\n        perrin[i] = perrin[i - 2] + perrin[i - 3];\n    }\n    for (let i = 0; i < n; i++) {\n        sum += perrin[i];\n    }\n    return sum;\n}\n\ndeclare var require: any;\nconst assert = require('node:assert');\n\n\nfunction test() {\n  let candidate = cal_sum;\n  assert.deepEqual(candidate(9),49);\n  assert.deepEqual(candidate(10),66);\n  assert.deepEqual(candidate(11),88);\n}\n\ntest();",
      "timestamp": 1665510092,
      "stdout": "",
      "stderr": "node:assert:124\n  throw new AssertionError(obj);\n  ^\n\nAssertionError [ERR_ASSERTION]: Expected values to be loosely deep-equal:\n\n37\n\nshould loosely deep-equal\n\n49\n    at test (/tmp/tmp71b5gxsh.js:16:12)\n    at Object.<anonymous> (/tmp/tmp71b5gxsh.js:20:1)\n    at Module._compile (node:internal/modules/cjs/loader:1120:14)\n    at Module._extensions..js (node:internal/modules/cjs/loader:1174:10)\n    at Module.load (node:internal/modules/cjs/loader:998:32)\n    at Module._load (node:internal/modules/cjs/loader:839:12)\n    at Function.executeUserEntryPoint [as runMain] (node:internal/modules/run_main:81:12)\n    at node:internal/main/run_main_module:17:47 {\n  generatedMessage: true,\n  code: 'ERR_ASSERTION',\n  actual: 37,\n  expected: 49,\n  operator: 'deepEqual'\n}\n\nNode.js v18.7.0\n",
      "exit_code": 1,
      "status": "AssertionError"
    },
    {
      "program": "//Write a function to calculate the sum of perrin numbers.\nfunction cal_sum(n: number): number {\n    let sum = 0;\n    for (let i = 0; i <= n; i++) {\n        sum += perrin(i);\n    }\n    return sum;\n}\n\ndeclare var require: any;\nconst assert = require('node:assert');\n\n\nfunction test() {\n  let candidate = cal_sum;\n  assert.deepEqual(candidate(9),49);\n  assert.deepEqual(candidate(10),66);\n  assert.deepEqual(candidate(11),88);\n}\n\ntest();",
      "timestamp": 1665510092,
      "stdout": "../../../../tmp/tmpkjd1szgu.ts(5,16): error TS2304: Cannot find name 'perrin'.\n",
      "stderr": "",
      "exit_code": 2,
      "status": "SyntaxError"
    },
    {
      "program": "//Write a function to calculate the sum of perrin numbers.\nfunction cal_sum(n: number): number {\n  let sum = 0;\n  for (let i = 0; i <= n; i++) {\n    sum += perrin(i);\n  }\n  return sum;\n}\n\ndeclare var require: any;\nconst assert = require('node:assert');\n\n\nfunction test() {\n  let candidate = cal_sum;\n  assert.deepEqual(candidate(9),49);\n  assert.deepEqual(candidate(10),66);\n  assert.deepEqual(candidate(11),88);\n}\n\ntest();",
      "timestamp": 1666123392,
      "stdout": "../../../../tmp/tmpzz4mgtol.ts(5,12): error TS2304: Cannot find name 'perrin'.\n",
      "stderr": "",
      "exit_code": 2,
      "status": "SyntaxError"
    },
    {
      "program": "//Write a function to calculate the sum of perrin numbers.\nfunction cal_sum(n: number): number {\n  let sum = 0;\n  for (let i = 0; i <= n; i++) {\n    sum += perrin(i);\n  }\n  return sum;\n}\n\ndeclare var require: any;\nconst assert = require('node:assert');\n\n\nfunction test() {\n  let candidate = cal_sum;\n  assert.deepEqual(candidate(9),49);\n  assert.deepEqual(candidate(10),66);\n  assert.deepEqual(candidate(11),88);\n}\n\ntest();",
      "timestamp": 1666123392,
      "stdout": "../../../../tmp/tmpzz4mgtol.ts(5,12): error TS2304: Cannot find name 'perrin'.\n",
      "stderr": "",
      "exit_code": 2,
      "status": "SyntaxError"
    },
    {
      "program": "//Write a function to calculate the sum of perrin numbers.\nfunction cal_sum(n: number): number {\n  let sum = 0;\n  for (let i = 0; i <= n; i++) {\n    sum += perrin(i);\n  }\n  return sum;\n}\n\ndeclare var require: any;\nconst assert = require('node:assert');\n\n\nfunction test() {\n  let candidate = cal_sum;\n  assert.deepEqual(candidate(9),49);\n  assert.deepEqual(candidate(10),66);\n  assert.deepEqual(candidate(11),88);\n}\n\ntest();",
      "timestamp": 1666123392,
      "stdout": "../../../../tmp/tmpzz4mgtol.ts(5,12): error TS2304: Cannot find name 'perrin'.\n",
      "stderr": "",
      "exit_code": 2,
      "status": "SyntaxError"
    },
    {
      "program": "//Write a function to calculate the sum of perrin numbers.\nfunction cal_sum(n: number): number {\n    let sum: number = 0;\n    for (let i = 0; i <= n; i++) {\n        sum += perrin(i);\n    }\n    return sum;\n}\n\ndeclare var require: any;\nconst assert = require('node:assert');\n\n\nfunction test() {\n  let candidate = cal_sum;\n  assert.deepEqual(candidate(9),49);\n  assert.deepEqual(candidate(10),66);\n  assert.deepEqual(candidate(11),88);\n}\n\ntest();",
      "timestamp": 1665510092,
      "stdout": "../../../../tmp/tmpr2xz9z5y.ts(5,16): error TS2304: Cannot find name 'perrin'.\n",
      "stderr": "",
      "exit_code": 2,
      "status": "SyntaxError"
    },
    {
      "program": "//Write a function to calculate the sum of perrin numbers.\nfunction cal_sum(n: number): number {\n    let sum = 0;\n    for (let i = 0; i <= n; i++) {\n        sum += perrin(i);\n    }\n    return sum;\n}\n\ndeclare var require: any;\nconst assert = require('node:assert');\n\n\nfunction test() {\n  let candidate = cal_sum;\n  assert.deepEqual(candidate(9),49);\n  assert.deepEqual(candidate(10),66);\n  assert.deepEqual(candidate(11),88);\n}\n\ntest();",
      "timestamp": 1665510092,
      "stdout": "../../../../tmp/tmpkjd1szgu.ts(5,16): error TS2304: Cannot find name 'perrin'.\n",
      "stderr": "",
      "exit_code": 2,
      "status": "SyntaxError"
    },
    {
      "program": "//Write a function to calculate the sum of perrin numbers.\nfunction cal_sum(n: number): number {\n    let a = 3, b = 0, c = 2, sum = 2;\n    for (let i = 3; i <= n; i++) {\n        a = b;\n        b = c;\n        c = a + b;\n        sum += c;\n    }\n    return sum;\n}\n\ndeclare var require: any;\nconst assert = require('node:assert');\n\n\nfunction test() {\n  let candidate = cal_sum;\n  assert.deepEqual(candidate(9),49);\n  assert.deepEqual(candidate(10),66);\n  assert.deepEqual(candidate(11),88);\n}\n\ntest();",
      "timestamp": 1666123394,
      "stdout": "",
      "stderr": "node:assert:124\n  throw new AssertionError(obj);\n  ^\n\nAssertionError [ERR_ASSERTION]: Expected values to be loosely deep-equal:\n\n108\n\nshould loosely deep-equal\n\n49\n    at test (/tmp/tmpc2aadeo7.js:15:12)\n    at Object.<anonymous> (/tmp/tmpc2aadeo7.js:19:1)\n    at Module._compile (node:internal/modules/cjs/loader:1120:14)\n    at Module._extensions..js (node:internal/modules/cjs/loader:1174:10)\n    at Module.load (node:internal/modules/cjs/loader:998:32)\n    at Module._load (node:internal/modules/cjs/loader:839:12)\n    at Function.executeUserEntryPoint [as runMain] (node:internal/modules/run_main:81:12)\n    at node:internal/main/run_main_module:17:47 {\n  generatedMessage: true,\n  code: 'ERR_ASSERTION',\n  actual: 108,\n  expected: 49,\n  operator: 'deepEqual'\n}\n\nNode.js v18.7.0\n",
      "exit_code": 1,
      "status": "AssertionError"
    },
    {
      "program": "//Write a function to calculate the sum of perrin numbers.\nfunction cal_sum(n: number): number {\n    let sum = 0;\n    for (let i = 0; i < n; i++) {\n        sum += perrin(i);\n    }\n    return sum;\n}\n\ndeclare var require: any;\nconst assert = require('node:assert');\n\n\nfunction test() {\n  let candidate = cal_sum;\n  assert.deepEqual(candidate(9),49);\n  assert.deepEqual(candidate(10),66);\n  assert.deepEqual(candidate(11),88);\n}\n\ntest();",
      "timestamp": 1665510092,
      "stdout": "../../../../tmp/tmpqwpcvi0c.ts(5,16): error TS2304: Cannot find name 'perrin'.\n",
      "stderr": "",
      "exit_code": 2,
      "status": "SyntaxError"
    },
    {
      "program": "//Write a function to calculate the sum of perrin numbers.\nfunction cal_sum(n: number): number {\n    let sum = 0;\n    for (let i = 0; i < n; i++) {\n        sum += perrin(i);\n    }\n    return sum;\n}\n\ndeclare var require: any;\nconst assert = require('node:assert');\n\n\nfunction test() {\n  let candidate = cal_sum;\n  assert.deepEqual(candidate(9),49);\n  assert.deepEqual(candidate(10),66);\n  assert.deepEqual(candidate(11),88);\n}\n\ntest();",
      "timestamp": 1665510092,
      "stdout": "../../../../tmp/tmpqwpcvi0c.ts(5,16): error TS2304: Cannot find name 'perrin'.\n",
      "stderr": "",
      "exit_code": 2,
      "status": "SyntaxError"
    },
    {
      "program": "//Write a function to calculate the sum of perrin numbers.\nfunction cal_sum(n: number): number {\n    let sum = 0;\n    for (let i = 0; i <= n; i++) {\n        sum += perrin(i);\n    }\n    return sum;\n}\nconsole.log(cal_sum(5));\n\ndeclare var require: any;\nconst assert = require('node:assert');\n\n\nfunction test() {\n  let candidate = cal_sum;\n  assert.deepEqual(candidate(9),49);\n  assert.deepEqual(candidate(10),66);\n  assert.deepEqual(candidate(11),88);\n}\n\ntest();",
      "timestamp": 1666123394,
      "stdout": "../../../../tmp/tmpema2_xr5.ts(5,16): error TS2304: Cannot find name 'perrin'.\n",
      "stderr": "",
      "exit_code": 2,
      "status": "SyntaxError"
    },
    {
      "program": "//Write a function to calculate the sum of perrin numbers.\nfunction cal_sum(n: number): number {\n    let sum = 0;\n    for (let i = 0; i < n; i++) {\n        sum += perrin(i);\n    }\n    return sum;\n}\n\ndeclare var require: any;\nconst assert = require('node:assert');\n\n\nfunction test() {\n  let candidate = cal_sum;\n  assert.deepEqual(candidate(9),49);\n  assert.deepEqual(candidate(10),66);\n  assert.deepEqual(candidate(11),88);\n}\n\ntest();",
      "timestamp": 1665510092,
      "stdout": "../../../../tmp/tmpqwpcvi0c.ts(5,16): error TS2304: Cannot find name 'perrin'.\n",
      "stderr": "",
      "exit_code": 2,
      "status": "SyntaxError"
    },
    {
      "program": "//Write a function to calculate the sum of perrin numbers.\nfunction cal_sum(n: number): number {\n    let sum = 0;\n    for (let i = 1; i <= n; i++) {\n        sum += perrin(i);\n    }\n    return sum;\n}\n\ndeclare var require: any;\nconst assert = require('node:assert');\n\n\nfunction test() {\n  let candidate = cal_sum;\n  assert.deepEqual(candidate(9),49);\n  assert.deepEqual(candidate(10),66);\n  assert.deepEqual(candidate(11),88);\n}\n\ntest();",
      "timestamp": 1666123392,
      "stdout": "../../../../tmp/tmpbb89snw3.ts(5,16): error TS2304: Cannot find name 'perrin'.\n",
      "stderr": "",
      "exit_code": 2,
      "status": "SyntaxError"
    },
    {
      "program": "//Write a function to calculate the sum of perrin numbers.\nfunction cal_sum(n: number): number {\n    let sum = 0;\n    for (let i = 0; i <= n; i++) {\n        sum += perrin(i);\n    }\n    return sum;\n}\n\ndeclare var require: any;\nconst assert = require('node:assert');\n\n\nfunction test() {\n  let candidate = cal_sum;\n  assert.deepEqual(candidate(9),49);\n  assert.deepEqual(candidate(10),66);\n  assert.deepEqual(candidate(11),88);\n}\n\ntest();",
      "timestamp": 1665510092,
      "stdout": "../../../../tmp/tmpkjd1szgu.ts(5,16): error TS2304: Cannot find name 'perrin'.\n",
      "stderr": "",
      "exit_code": 2,
      "status": "SyntaxError"
    },
    {
      "program": "//Write a function to calculate the sum of perrin numbers.\nfunction cal_sum(n: number): number {\n    let sum = 0;\n    for (let i = 0; i < n; i++) {\n        sum += perrin(i);\n    }\n    return sum;\n}\n\ndeclare var require: any;\nconst assert = require('node:assert');\n\n\nfunction test() {\n  let candidate = cal_sum;\n  assert.deepEqual(candidate(9),49);\n  assert.deepEqual(candidate(10),66);\n  assert.deepEqual(candidate(11),88);\n}\n\ntest();",
      "timestamp": 1665510092,
      "stdout": "../../../../tmp/tmpqwpcvi0c.ts(5,16): error TS2304: Cannot find name 'perrin'.\n",
      "stderr": "",
      "exit_code": 2,
      "status": "SyntaxError"
    },
    {
      "program": "//Write a function to calculate the sum of perrin numbers.\nfunction cal_sum(n: number): number {\n    let sum = 0;\n    let perrin = [3, 0, 2];\n    for (let i = 0; i < n; i++) {\n        sum += perrin[2];\n        perrin[0] = perrin[1];\n        perrin[1] = perrin[2];\n        perrin[2] = perrin[0] + perrin[1];\n    }\n    return sum;\n}\n\ndeclare var require: any;\nconst assert = require('node:assert');\n\n\nfunction test() {\n  let candidate = cal_sum;\n  assert.deepEqual(candidate(9),49);\n  assert.deepEqual(candidate(10),66);\n  assert.deepEqual(candidate(11),88);\n}\n\ntest();",
      "timestamp": 1666123392,
      "stdout": "",
      "stderr": "node:assert:124\n  throw new AssertionError(obj);\n  ^\n\nAssertionError [ERR_ASSERTION]: Expected values to be loosely deep-equal:\n\n176\n\nshould loosely deep-equal\n\n49\n    at test (/tmp/tmpgddaedee.js:16:12)\n    at Object.<anonymous> (/tmp/tmpgddaedee.js:20:1)\n    at Module._compile (node:internal/modules/cjs/loader:1120:14)\n    at Module._extensions..js (node:internal/modules/cjs/loader:1174:10)\n    at Module.load (node:internal/modules/cjs/loader:998:32)\n    at Module._load (node:internal/modules/cjs/loader:839:12)\n    at Function.executeUserEntryPoint [as runMain] (node:internal/modules/run_main:81:12)\n    at node:internal/main/run_main_module:17:47 {\n  generatedMessage: true,\n  code: 'ERR_ASSERTION',\n  actual: 176,\n  expected: 49,\n  operator: 'deepEqual'\n}\n\nNode.js v18.7.0\n",
      "exit_code": 1,
      "status": "AssertionError"
    },
    {
      "program": "//Write a function to calculate the sum of perrin numbers.\nfunction cal_sum(n: number): number {\n    let sum = 0;\n    for (let i = 1; i <= n; i++) {\n        sum += perrin(i);\n    }\n    return sum;\n}\n\ndeclare var require: any;\nconst assert = require('node:assert');\n\n\nfunction test() {\n  let candidate = cal_sum;\n  assert.deepEqual(candidate(9),49);\n  assert.deepEqual(candidate(10),66);\n  assert.deepEqual(candidate(11),88);\n}\n\ntest();",
      "timestamp": 1666123392,
      "stdout": "../../../../tmp/tmpbb89snw3.ts(5,16): error TS2304: Cannot find name 'perrin'.\n",
      "stderr": "",
      "exit_code": 2,
      "status": "SyntaxError"
    },
    {
      "program": "//Write a function to calculate the sum of perrin numbers.\nfunction cal_sum(n: number): number {\n    let sum: number = 0;\n    for (let i = 0; i <= n; i++) {\n        sum += perrin(i);\n    }\n    return sum;\n}\n\ndeclare var require: any;\nconst assert = require('node:assert');\n\n\nfunction test() {\n  let candidate = cal_sum;\n  assert.deepEqual(candidate(9),49);\n  assert.deepEqual(candidate(10),66);\n  assert.deepEqual(candidate(11),88);\n}\n\ntest();",
      "timestamp": 1665510092,
      "stdout": "../../../../tmp/tmpr2xz9z5y.ts(5,16): error TS2304: Cannot find name 'perrin'.\n",
      "stderr": "",
      "exit_code": 2,
      "status": "SyntaxError"
    },
    {
      "program": "//Write a function to calculate the sum of perrin numbers.\nfunction cal_sum(n: number): number {\n    let sum = 0;\n    for (let i = 0; i < n; i++) {\n        sum += perrin(i);\n    }\n    return sum;\n}\n\ndeclare var require: any;\nconst assert = require('node:assert');\n\n\nfunction test() {\n  let candidate = cal_sum;\n  assert.deepEqual(candidate(9),49);\n  assert.deepEqual(candidate(10),66);\n  assert.deepEqual(candidate(11),88);\n}\n\ntest();",
      "timestamp": 1665510092,
      "stdout": "../../../../tmp/tmpqwpcvi0c.ts(5,16): error TS2304: Cannot find name 'perrin'.\n",
      "stderr": "",
      "exit_code": 2,
      "status": "SyntaxError"
    },
    {
      "program": "//Write a function to calculate the sum of perrin numbers.\nfunction cal_sum(n: number): number {\n    let sum = 0;\n    let perrin = [3, 0, 2];\n    for (let i = 3; i < n; i++) {\n        perrin[i] = perrin[i - 2] + perrin[i - 3];\n    }\n    for (let i = 0; i < n; i++) {\n        sum += perrin[i];\n    }\n    return sum;\n}\n\ndeclare var require: any;\nconst assert = require('node:assert');\n\n\nfunction test() {\n  let candidate = cal_sum;\n  assert.deepEqual(candidate(9),49);\n  assert.deepEqual(candidate(10),66);\n  assert.deepEqual(candidate(11),88);\n}\n\ntest();",
      "timestamp": 1665510092,
      "stdout": "",
      "stderr": "node:assert:124\n  throw new AssertionError(obj);\n  ^\n\nAssertionError [ERR_ASSERTION]: Expected values to be loosely deep-equal:\n\n37\n\nshould loosely deep-equal\n\n49\n    at test (/tmp/tmp71b5gxsh.js:16:12)\n    at Object.<anonymous> (/tmp/tmp71b5gxsh.js:20:1)\n    at Module._compile (node:internal/modules/cjs/loader:1120:14)\n    at Module._extensions..js (node:internal/modules/cjs/loader:1174:10)\n    at Module.load (node:internal/modules/cjs/loader:998:32)\n    at Module._load (node:internal/modules/cjs/loader:839:12)\n    at Function.executeUserEntryPoint [as runMain] (node:internal/modules/run_main:81:12)\n    at node:internal/main/run_main_module:17:47 {\n  generatedMessage: true,\n  code: 'ERR_ASSERTION',\n  actual: 37,\n  expected: 49,\n  operator: 'deepEqual'\n}\n\nNode.js v18.7.0\n",
      "exit_code": 1,
      "status": "AssertionError"
    },
    {
      "program": "//Write a function to calculate the sum of perrin numbers.\nfunction cal_sum(n: number): number {\n    let sum: number = 0;\n    let perrin: number[] = [3, 0, 2];\n    for (let i: number = 3; i <= n; i++) {\n        perrin[i] = perrin[i - 2] + perrin[i - 3];\n        sum += perrin[i];\n    }\n    return sum;\n}\n\ndeclare var require: any;\nconst assert = require('node:assert');\n\n\nfunction test() {\n  let candidate = cal_sum;\n  assert.deepEqual(candidate(9),49);\n  assert.deepEqual(candidate(10),66);\n  assert.deepEqual(candidate(11),88);\n}\n\ntest();",
      "timestamp": 1666123394,
      "stdout": "",
      "stderr": "node:assert:124\n  throw new AssertionError(obj);\n  ^\n\nAssertionError [ERR_ASSERTION]: Expected values to be loosely deep-equal:\n\n44\n\nshould loosely deep-equal\n\n49\n    at test (/tmp/tmp5v_v0hyf.js:14:12)\n    at Object.<anonymous> (/tmp/tmp5v_v0hyf.js:18:1)\n    at Module._compile (node:internal/modules/cjs/loader:1120:14)\n    at Module._extensions..js (node:internal/modules/cjs/loader:1174:10)\n    at Module.load (node:internal/modules/cjs/loader:998:32)\n    at Module._load (node:internal/modules/cjs/loader:839:12)\n    at Function.executeUserEntryPoint [as runMain] (node:internal/modules/run_main:81:12)\n    at node:internal/main/run_main_module:17:47 {\n  generatedMessage: true,\n  code: 'ERR_ASSERTION',\n  actual: 44,\n  expected: 49,\n  operator: 'deepEqual'\n}\n\nNode.js v18.7.0\n",
      "exit_code": 1,
      "status": "AssertionError"
    },
    {
      "program": "//Write a function to calculate the sum of perrin numbers.\nfunction cal_sum(n: number): number {\n    let sum = 0;\n    for (let i = 0; i <= n; i++) {\n        sum += perrin(i);\n    }\n    return sum;\n}\n\ndeclare var require: any;\nconst assert = require('node:assert');\n\n\nfunction test() {\n  let candidate = cal_sum;\n  assert.deepEqual(candidate(9),49);\n  assert.deepEqual(candidate(10),66);\n  assert.deepEqual(candidate(11),88);\n}\n\ntest();",
      "timestamp": 1665510092,
      "stdout": "../../../../tmp/tmpkjd1szgu.ts(5,16): error TS2304: Cannot find name 'perrin'.\n",
      "stderr": "",
      "exit_code": 2,
      "status": "SyntaxError"
    },
    {
      "program": "//Write a function to calculate the sum of perrin numbers.\nfunction cal_sum(n: number): number {\n    let sum = 0;\n    for (let i = 0; i < n; i++) {\n        sum += perrin(i);\n    }\n    return sum;\n}\n\ndeclare var require: any;\nconst assert = require('node:assert');\n\n\nfunction test() {\n  let candidate = cal_sum;\n  assert.deepEqual(candidate(9),49);\n  assert.deepEqual(candidate(10),66);\n  assert.deepEqual(candidate(11),88);\n}\n\ntest();",
      "timestamp": 1665510092,
      "stdout": "../../../../tmp/tmpqwpcvi0c.ts(5,16): error TS2304: Cannot find name 'perrin'.\n",
      "stderr": "",
      "exit_code": 2,
      "status": "SyntaxError"
    },
    {
      "program": "//Write a function to calculate the sum of perrin numbers.\nfunction cal_sum(n: number): number {\n    let sum = 0;\n    for (let i = 0; i <= n; i++) {\n        sum += perrin(i);\n    }\n    return sum;\n}\n\ndeclare var require: any;\nconst assert = require('node:assert');\n\n\nfunction test() {\n  let candidate = cal_sum;\n  assert.deepEqual(candidate(9),49);\n  assert.deepEqual(candidate(10),66);\n  assert.deepEqual(candidate(11),88);\n}\n\ntest();",
      "timestamp": 1665510092,
      "stdout": "../../../../tmp/tmpkjd1szgu.ts(5,16): error TS2304: Cannot find name 'perrin'.\n",
      "stderr": "",
      "exit_code": 2,
      "status": "SyntaxError"
    },
    {
      "program": "//Write a function to calculate the sum of perrin numbers.\nfunction cal_sum(n: number): number {\n    let sum = 0;\n    for (let i = 0; i < n; i++) {\n        sum += perrin(i);\n    }\n    return sum;\n}\n\ndeclare var require: any;\nconst assert = require('node:assert');\n\n\nfunction test() {\n  let candidate = cal_sum;\n  assert.deepEqual(candidate(9),49);\n  assert.deepEqual(candidate(10),66);\n  assert.deepEqual(candidate(11),88);\n}\n\ntest();",
      "timestamp": 1665510092,
      "stdout": "../../../../tmp/tmpqwpcvi0c.ts(5,16): error TS2304: Cannot find name 'perrin'.\n",
      "stderr": "",
      "exit_code": 2,
      "status": "SyntaxError"
    },
    {
      "program": "//Write a function to calculate the sum of perrin numbers.\nfunction cal_sum(n: number): number {\n    let a: number = 3;\n    let b: number = 0;\n    let c: number = 2;\n    let sum: number = 2;\n    for (let i: number = 3; i <= n; i++) {\n        a = b;\n        b = c;\n        c = a + b;\n        sum += c;\n    }\n    return sum;\n}\n\ndeclare var require: any;\nconst assert = require('node:assert');\n\n\nfunction test() {\n  let candidate = cal_sum;\n  assert.deepEqual(candidate(9),49);\n  assert.deepEqual(candidate(10),66);\n  assert.deepEqual(candidate(11),88);\n}\n\ntest();",
      "timestamp": 1666123394,
      "stdout": "",
      "stderr": "node:assert:124\n  throw new AssertionError(obj);\n  ^\n\nAssertionError [ERR_ASSERTION]: Expected values to be loosely deep-equal:\n\n108\n\nshould loosely deep-equal\n\n49\n    at test (/tmp/tmp0b0e6wgw.js:18:12)\n    at Object.<anonymous> (/tmp/tmp0b0e6wgw.js:22:1)\n    at Module._compile (node:internal/modules/cjs/loader:1120:14)\n    at Module._extensions..js (node:internal/modules/cjs/loader:1174:10)\n    at Module.load (node:internal/modules/cjs/loader:998:32)\n    at Module._load (node:internal/modules/cjs/loader:839:12)\n    at Function.executeUserEntryPoint [as runMain] (node:internal/modules/run_main:81:12)\n    at node:internal/main/run_main_module:17:47 {\n  generatedMessage: true,\n  code: 'ERR_ASSERTION',\n  actual: 108,\n  expected: 49,\n  operator: 'deepEqual'\n}\n\nNode.js v18.7.0\n",
      "exit_code": 1,
      "status": "AssertionError"
    },
    {
      "program": "//Write a function to calculate the sum of perrin numbers.\nfunction cal_sum(n: number): number {\n    let sum = 0;\n    for (let i = 0; i < n; i++) {\n        sum += perrin(i);\n    }\n    return sum;\n}\n\ndeclare var require: any;\nconst assert = require('node:assert');\n\n\nfunction test() {\n  let candidate = cal_sum;\n  assert.deepEqual(candidate(9),49);\n  assert.deepEqual(candidate(10),66);\n  assert.deepEqual(candidate(11),88);\n}\n\ntest();",
      "timestamp": 1665510092,
      "stdout": "../../../../tmp/tmpqwpcvi0c.ts(5,16): error TS2304: Cannot find name 'perrin'.\n",
      "stderr": "",
      "exit_code": 2,
      "status": "SyntaxError"
    },
    {
      "program": "//Write a function to calculate the sum of perrin numbers.\nfunction cal_sum(n: number): number {\n  let sum = 0;\n  for (let i = 0; i <= n; i++) {\n    sum += perrin(i);\n  }\n  return sum;\n}\n\ndeclare var require: any;\nconst assert = require('node:assert');\n\n\nfunction test() {\n  let candidate = cal_sum;\n  assert.deepEqual(candidate(9),49);\n  assert.deepEqual(candidate(10),66);\n  assert.deepEqual(candidate(11),88);\n}\n\ntest();",
      "timestamp": 1666123392,
      "stdout": "../../../../tmp/tmpzz4mgtol.ts(5,12): error TS2304: Cannot find name 'perrin'.\n",
      "stderr": "",
      "exit_code": 2,
      "status": "SyntaxError"
    },
    {
      "program": "//Write a function to calculate the sum of perrin numbers.\nfunction cal_sum(n: number): number {\n    let sum = 0;\n    for (let i = 0; i < n; i++) {\n        sum += perrin(i);\n    }\n    return sum;\n}\n\ndeclare var require: any;\nconst assert = require('node:assert');\n\n\nfunction test() {\n  let candidate = cal_sum;\n  assert.deepEqual(candidate(9),49);\n  assert.deepEqual(candidate(10),66);\n  assert.deepEqual(candidate(11),88);\n}\n\ntest();",
      "timestamp": 1665510092,
      "stdout": "../../../../tmp/tmpqwpcvi0c.ts(5,16): error TS2304: Cannot find name 'perrin'.\n",
      "stderr": "",
      "exit_code": 2,
      "status": "SyntaxError"
    },
    {
      "program": "//Write a function to calculate the sum of perrin numbers.\nfunction cal_sum(n: number): number {\n    let sum: number = 0;\n    for (let i = 0; i < n; i++) {\n        sum += perrin(i);\n    }\n    return sum;\n}\n\ndeclare var require: any;\nconst assert = require('node:assert');\n\n\nfunction test() {\n  let candidate = cal_sum;\n  assert.deepEqual(candidate(9),49);\n  assert.deepEqual(candidate(10),66);\n  assert.deepEqual(candidate(11),88);\n}\n\ntest();",
      "timestamp": 1665510092,
      "stdout": "../../../../tmp/tmpcauj1717.ts(5,16): error TS2304: Cannot find name 'perrin'.\n",
      "stderr": "",
      "exit_code": 2,
      "status": "SyntaxError"
    },
    {
      "program": "//Write a function to calculate the sum of perrin numbers.\nfunction cal_sum(n: number): number {\n    let sum = 0;\n    for (let i = 0; i < n; i++) {\n        sum += perrin(i);\n    }\n    return sum;\n}\n\ndeclare var require: any;\nconst assert = require('node:assert');\n\n\nfunction test() {\n  let candidate = cal_sum;\n  assert.deepEqual(candidate(9),49);\n  assert.deepEqual(candidate(10),66);\n  assert.deepEqual(candidate(11),88);\n}\n\ntest();",
      "timestamp": 1665510092,
      "stdout": "../../../../tmp/tmpqwpcvi0c.ts(5,16): error TS2304: Cannot find name 'perrin'.\n",
      "stderr": "",
      "exit_code": 2,
      "status": "SyntaxError"
    },
    {
      "program": "//Write a function to calculate the sum of perrin numbers.\nfunction cal_sum(n: number): number {\n    let sum: number = 0;\n    for (let i: number = 0; i <= n; i++) {\n        sum += perrin(i);\n    }\n    return sum;\n}\n\ndeclare var require: any;\nconst assert = require('node:assert');\n\n\nfunction test() {\n  let candidate = cal_sum;\n  assert.deepEqual(candidate(9),49);\n  assert.deepEqual(candidate(10),66);\n  assert.deepEqual(candidate(11),88);\n}\n\ntest();",
      "timestamp": 1665510092,
      "stdout": "../../../../tmp/tmpl0s8e99k.ts(5,16): error TS2304: Cannot find name 'perrin'.\n",
      "stderr": "",
      "exit_code": 2,
      "status": "SyntaxError"
    },
    {
      "program": "//Write a function to calculate the sum of perrin numbers.\nfunction cal_sum(n: number): number {\n    let sum: number = 0;\n    for (let i = 0; i < n; i++) {\n        sum += perrin(i);\n    }\n    return sum;\n}\n\ndeclare var require: any;\nconst assert = require('node:assert');\n\n\nfunction test() {\n  let candidate = cal_sum;\n  assert.deepEqual(candidate(9),49);\n  assert.deepEqual(candidate(10),66);\n  assert.deepEqual(candidate(11),88);\n}\n\ntest();",
      "timestamp": 1665510092,
      "stdout": "../../../../tmp/tmpcauj1717.ts(5,16): error TS2304: Cannot find name 'perrin'.\n",
      "stderr": "",
      "exit_code": 2,
      "status": "SyntaxError"
    },
    {
      "program": "//Write a function to calculate the sum of perrin numbers.\nfunction cal_sum(n: number): number {\n    let sum: number = 0;\n    for (let i = 0; i <= n; i++) {\n        sum += perrin(i);\n    }\n    return sum;\n}\n\ndeclare var require: any;\nconst assert = require('node:assert');\n\n\nfunction test() {\n  let candidate = cal_sum;\n  assert.deepEqual(candidate(9),49);\n  assert.deepEqual(candidate(10),66);\n  assert.deepEqual(candidate(11),88);\n}\n\ntest();",
      "timestamp": 1665510092,
      "stdout": "../../../../tmp/tmpr2xz9z5y.ts(5,16): error TS2304: Cannot find name 'perrin'.\n",
      "stderr": "",
      "exit_code": 2,
      "status": "SyntaxError"
    },
    {
      "program": "//Write a function to calculate the sum of perrin numbers.\nfunction cal_sum(n: number): number {\n    let sum = 0;\n    for (let i = 0; i <= n; i++) {\n        sum += perrin(i);\n    }\n    return sum;\n}\n\ndeclare var require: any;\nconst assert = require('node:assert');\n\n\nfunction test() {\n  let candidate = cal_sum;\n  assert.deepEqual(candidate(9),49);\n  assert.deepEqual(candidate(10),66);\n  assert.deepEqual(candidate(11),88);\n}\n\ntest();",
      "timestamp": 1665510092,
      "stdout": "../../../../tmp/tmpkjd1szgu.ts(5,16): error TS2304: Cannot find name 'perrin'.\n",
      "stderr": "",
      "exit_code": 2,
      "status": "SyntaxError"
    },
    {
      "program": "//Write a function to calculate the sum of perrin numbers.\nfunction cal_sum(n: number): number {\n    let sum = 0;\n    for (let i = 0; i < n; i++) {\n        sum += perrin(i);\n    }\n    return sum;\n}\n\ndeclare var require: any;\nconst assert = require('node:assert');\n\n\nfunction test() {\n  let candidate = cal_sum;\n  assert.deepEqual(candidate(9),49);\n  assert.deepEqual(candidate(10),66);\n  assert.deepEqual(candidate(11),88);\n}\n\ntest();",
      "timestamp": 1665510092,
      "stdout": "../../../../tmp/tmpqwpcvi0c.ts(5,16): error TS2304: Cannot find name 'perrin'.\n",
      "stderr": "",
      "exit_code": 2,
      "status": "SyntaxError"
    },
    {
      "program": "//Write a function to calculate the sum of perrin numbers.\nfunction cal_sum(n: number): number {\n    let sum: number = 0;\n    for (let i = 0; i <= n; i++) {\n        sum += perrin(i);\n    }\n    return sum;\n}\n\ndeclare var require: any;\nconst assert = require('node:assert');\n\n\nfunction test() {\n  let candidate = cal_sum;\n  assert.deepEqual(candidate(9),49);\n  assert.deepEqual(candidate(10),66);\n  assert.deepEqual(candidate(11),88);\n}\n\ntest();",
      "timestamp": 1665510092,
      "stdout": "../../../../tmp/tmpr2xz9z5y.ts(5,16): error TS2304: Cannot find name 'perrin'.\n",
      "stderr": "",
      "exit_code": 2,
      "status": "SyntaxError"
    },
    {
      "program": "//Write a function to calculate the sum of perrin numbers.\nfunction cal_sum(n: number): number {\n    let sum: number = 0;\n    for (let i = 0; i <= n; i++) {\n        sum += perrin(i);\n    }\n    return sum;\n}\n\ndeclare var require: any;\nconst assert = require('node:assert');\n\n\nfunction test() {\n  let candidate = cal_sum;\n  assert.deepEqual(candidate(9),49);\n  assert.deepEqual(candidate(10),66);\n  assert.deepEqual(candidate(11),88);\n}\n\ntest();",
      "timestamp": 1665510092,
      "stdout": "../../../../tmp/tmpr2xz9z5y.ts(5,16): error TS2304: Cannot find name 'perrin'.\n",
      "stderr": "",
      "exit_code": 2,
      "status": "SyntaxError"
    },
    {
      "program": "//Write a function to calculate the sum of perrin numbers.\nfunction cal_sum(n: number): number {\n    let sum = 0;\n    for (let i = 0; i <= n; i++) {\n        sum += perrin(i);\n    }\n    return sum;\n}\n\ndeclare var require: any;\nconst assert = require('node:assert');\n\n\nfunction test() {\n  let candidate = cal_sum;\n  assert.deepEqual(candidate(9),49);\n  assert.deepEqual(candidate(10),66);\n  assert.deepEqual(candidate(11),88);\n}\n\ntest();",
      "timestamp": 1665510092,
      "stdout": "../../../../tmp/tmpkjd1szgu.ts(5,16): error TS2304: Cannot find name 'perrin'.\n",
      "stderr": "",
      "exit_code": 2,
      "status": "SyntaxError"
    },
    {
      "program": "//Write a function to calculate the sum of perrin numbers.\nfunction cal_sum(n: number): number {\n    let sum: number = 0;\n    for (let i = 0; i < n; i++) {\n        sum += perrin(i);\n    }\n    return sum;\n}\n\ndeclare var require: any;\nconst assert = require('node:assert');\n\n\nfunction test() {\n  let candidate = cal_sum;\n  assert.deepEqual(candidate(9),49);\n  assert.deepEqual(candidate(10),66);\n  assert.deepEqual(candidate(11),88);\n}\n\ntest();",
      "timestamp": 1665510092,
      "stdout": "../../../../tmp/tmpcauj1717.ts(5,16): error TS2304: Cannot find name 'perrin'.\n",
      "stderr": "",
      "exit_code": 2,
      "status": "SyntaxError"
    },
    {
      "program": "//Write a function to calculate the sum of perrin numbers.\nfunction cal_sum(n: number): number {\n  let sum = 0;\n  let perrin = [3, 0, 2];\n  for (let i = 3; i < n; i++) {\n    perrin[i] = perrin[i - 2] + perrin[i - 3];\n    sum += perrin[i];\n  }\n  return sum;\n}\n\ndeclare var require: any;\nconst assert = require('node:assert');\n\n\nfunction test() {\n  let candidate = cal_sum;\n  assert.deepEqual(candidate(9),49);\n  assert.deepEqual(candidate(10),66);\n  assert.deepEqual(candidate(11),88);\n}\n\ntest();",
      "timestamp": 1666123394,
      "stdout": "",
      "stderr": "node:assert:124\n  throw new AssertionError(obj);\n  ^\n\nAssertionError [ERR_ASSERTION]: Expected values to be loosely deep-equal:\n\n32\n\nshould loosely deep-equal\n\n49\n    at test (/tmp/tmpj4x3s7cb.js:14:12)\n    at Object.<anonymous> (/tmp/tmpj4x3s7cb.js:18:1)\n    at Module._compile (node:internal/modules/cjs/loader:1120:14)\n    at Module._extensions..js (node:internal/modules/cjs/loader:1174:10)\n    at Module.load (node:internal/modules/cjs/loader:998:32)\n    at Module._load (node:internal/modules/cjs/loader:839:12)\n    at Function.executeUserEntryPoint [as runMain] (node:internal/modules/run_main:81:12)\n    at node:internal/main/run_main_module:17:47 {\n  generatedMessage: true,\n  code: 'ERR_ASSERTION',\n  actual: 32,\n  expected: 49,\n  operator: 'deepEqual'\n}\n\nNode.js v18.7.0\n",
      "exit_code": 1,
      "status": "AssertionError"
    },
    {
      "program": "//Write a function to calculate the sum of perrin numbers.\nfunction cal_sum(n: number): number {\n    let sum = 0;\n    for (let i = 0; i <= n; i++) {\n        sum += perrin(i);\n    }\n    return sum;\n}\n\ndeclare var require: any;\nconst assert = require('node:assert');\n\n\nfunction test() {\n  let candidate = cal_sum;\n  assert.deepEqual(candidate(9),49);\n  assert.deepEqual(candidate(10),66);\n  assert.deepEqual(candidate(11),88);\n}\n\ntest();",
      "timestamp": 1665510092,
      "stdout": "../../../../tmp/tmpkjd1szgu.ts(5,16): error TS2304: Cannot find name 'perrin'.\n",
      "stderr": "",
      "exit_code": 2,
      "status": "SyntaxError"
    },
    {
      "program": "//Write a function to calculate the sum of perrin numbers.\nfunction cal_sum(n: number): number {\n    let sum = 0;\n    for (let i = 0; i <= n; i++) {\n        sum += perrin(i);\n    }\n    return sum;\n}\n\ndeclare var require: any;\nconst assert = require('node:assert');\n\n\nfunction test() {\n  let candidate = cal_sum;\n  assert.deepEqual(candidate(9),49);\n  assert.deepEqual(candidate(10),66);\n  assert.deepEqual(candidate(11),88);\n}\n\ntest();",
      "timestamp": 1665510092,
      "stdout": "../../../../tmp/tmpkjd1szgu.ts(5,16): error TS2304: Cannot find name 'perrin'.\n",
      "stderr": "",
      "exit_code": 2,
      "status": "SyntaxError"
    },
    {
      "program": "//Write a function to calculate the sum of perrin numbers.\nfunction cal_sum(n: number): number {\n    let sum = 0;\n    for (let i = 0; i <= n; i++) {\n        sum += perrin(i);\n    }\n    return sum;\n}\n\ndeclare var require: any;\nconst assert = require('node:assert');\n\n\nfunction test() {\n  let candidate = cal_sum;\n  assert.deepEqual(candidate(9),49);\n  assert.deepEqual(candidate(10),66);\n  assert.deepEqual(candidate(11),88);\n}\n\ntest();",
      "timestamp": 1665510092,
      "stdout": "../../../../tmp/tmpkjd1szgu.ts(5,16): error TS2304: Cannot find name 'perrin'.\n",
      "stderr": "",
      "exit_code": 2,
      "status": "SyntaxError"
    },
    {
      "program": "//Write a function to calculate the sum of perrin numbers.\nfunction cal_sum(n: number): number {\n    let sum = 0;\n    for (let i = 0; i <= n; i++) {\n        sum += perrin(i);\n    }\n    return sum;\n}\n\ndeclare var require: any;\nconst assert = require('node:assert');\n\n\nfunction test() {\n  let candidate = cal_sum;\n  assert.deepEqual(candidate(9),49);\n  assert.deepEqual(candidate(10),66);\n  assert.deepEqual(candidate(11),88);\n}\n\ntest();",
      "timestamp": 1665510092,
      "stdout": "../../../../tmp/tmpkjd1szgu.ts(5,16): error TS2304: Cannot find name 'perrin'.\n",
      "stderr": "",
      "exit_code": 2,
      "status": "SyntaxError"
    },
    {
      "program": "//Write a function to calculate the sum of perrin numbers.\nfunction cal_sum(n: number): number {\n    let sum = 0;\n    let perrin = [3, 0, 2];\n    for (let i = 3; i < n; i++) {\n        perrin[i] = perrin[i - 2] + perrin[i - 3];\n    }\n    for (let i = 0; i < n; i++) {\n        sum += perrin[i];\n    }\n    return sum;\n}\n\ndeclare var require: any;\nconst assert = require('node:assert');\n\n\nfunction test() {\n  let candidate = cal_sum;\n  assert.deepEqual(candidate(9),49);\n  assert.deepEqual(candidate(10),66);\n  assert.deepEqual(candidate(11),88);\n}\n\ntest();",
      "timestamp": 1665510092,
      "stdout": "",
      "stderr": "node:assert:124\n  throw new AssertionError(obj);\n  ^\n\nAssertionError [ERR_ASSERTION]: Expected values to be loosely deep-equal:\n\n37\n\nshould loosely deep-equal\n\n49\n    at test (/tmp/tmp71b5gxsh.js:16:12)\n    at Object.<anonymous> (/tmp/tmp71b5gxsh.js:20:1)\n    at Module._compile (node:internal/modules/cjs/loader:1120:14)\n    at Module._extensions..js (node:internal/modules/cjs/loader:1174:10)\n    at Module.load (node:internal/modules/cjs/loader:998:32)\n    at Module._load (node:internal/modules/cjs/loader:839:12)\n    at Function.executeUserEntryPoint [as runMain] (node:internal/modules/run_main:81:12)\n    at node:internal/main/run_main_module:17:47 {\n  generatedMessage: true,\n  code: 'ERR_ASSERTION',\n  actual: 37,\n  expected: 49,\n  operator: 'deepEqual'\n}\n\nNode.js v18.7.0\n",
      "exit_code": 1,
      "status": "AssertionError"
    },
    {
      "program": "//Write a function to calculate the sum of perrin numbers.\nfunction cal_sum(n: number): number {\n    let sum = 0;\n    for (let i = 0; i < n; i++) {\n        sum += perrin(i);\n    }\n    return sum;\n}\n\ndeclare var require: any;\nconst assert = require('node:assert');\n\n\nfunction test() {\n  let candidate = cal_sum;\n  assert.deepEqual(candidate(9),49);\n  assert.deepEqual(candidate(10),66);\n  assert.deepEqual(candidate(11),88);\n}\n\ntest();",
      "timestamp": 1665510092,
      "stdout": "../../../../tmp/tmpqwpcvi0c.ts(5,16): error TS2304: Cannot find name 'perrin'.\n",
      "stderr": "",
      "exit_code": 2,
      "status": "SyntaxError"
    },
    {
      "program": "//Write a function to calculate the sum of perrin numbers.\nfunction cal_sum(n: number): number {\n    let sum: number = 0;\n    for (let i = 1; i <= n; i++) {\n        sum += perrin(i);\n    }\n    return sum;\n}\n\ndeclare var require: any;\nconst assert = require('node:assert');\n\n\nfunction test() {\n  let candidate = cal_sum;\n  assert.deepEqual(candidate(9),49);\n  assert.deepEqual(candidate(10),66);\n  assert.deepEqual(candidate(11),88);\n}\n\ntest();",
      "timestamp": 1666123394,
      "stdout": "../../../../tmp/tmpegt624kd.ts(5,16): error TS2304: Cannot find name 'perrin'.\n",
      "stderr": "",
      "exit_code": 2,
      "status": "SyntaxError"
    },
    {
      "program": "//Write a function to calculate the sum of perrin numbers.\nfunction cal_sum(n: number): number {\n    let sum = 0;\n    for (let i = 0; i <= n; i++) {\n        sum += perrin(i);\n    }\n    return sum;\n}\n\ndeclare var require: any;\nconst assert = require('node:assert');\n\n\nfunction test() {\n  let candidate = cal_sum;\n  assert.deepEqual(candidate(9),49);\n  assert.deepEqual(candidate(10),66);\n  assert.deepEqual(candidate(11),88);\n}\n\ntest();",
      "timestamp": 1665510092,
      "stdout": "../../../../tmp/tmpkjd1szgu.ts(5,16): error TS2304: Cannot find name 'perrin'.\n",
      "stderr": "",
      "exit_code": 2,
      "status": "SyntaxError"
    },
    {
      "program": "//Write a function to calculate the sum of perrin numbers.\nfunction cal_sum(n: number): number {\n    let sum: number = 0;\n    let perrin: number[] = [3, 0, 2];\n    for (let i: number = 0; i < n; i++) {\n        sum += perrin[2];\n        perrin[0] = perrin[1];\n        perrin[1] = perrin[2];\n        perrin[2] = perrin[0] + perrin[1];\n    }\n    return sum;\n}\n\ndeclare var require: any;\nconst assert = require('node:assert');\n\n\nfunction test() {\n  let candidate = cal_sum;\n  assert.deepEqual(candidate(9),49);\n  assert.deepEqual(candidate(10),66);\n  assert.deepEqual(candidate(11),88);\n}\n\ntest();",
      "timestamp": 1665510092,
      "stdout": "",
      "stderr": "node:assert:124\n  throw new AssertionError(obj);\n  ^\n\nAssertionError [ERR_ASSERTION]: Expected values to be loosely deep-equal:\n\n176\n\nshould loosely deep-equal\n\n49\n    at test (/tmp/tmpici54uwb.js:16:12)\n    at Object.<anonymous> (/tmp/tmpici54uwb.js:20:1)\n    at Module._compile (node:internal/modules/cjs/loader:1120:14)\n    at Module._extensions..js (node:internal/modules/cjs/loader:1174:10)\n    at Module.load (node:internal/modules/cjs/loader:998:32)\n    at Module._load (node:internal/modules/cjs/loader:839:12)\n    at Function.executeUserEntryPoint [as runMain] (node:internal/modules/run_main:81:12)\n    at node:internal/main/run_main_module:17:47 {\n  generatedMessage: true,\n  code: 'ERR_ASSERTION',\n  actual: 176,\n  expected: 49,\n  operator: 'deepEqual'\n}\n\nNode.js v18.7.0\n",
      "exit_code": 1,
      "status": "AssertionError"
    },
    {
      "program": "//Write a function to calculate the sum of perrin numbers.\nfunction cal_sum(n: number): number {\n    let sum = 0;\n    for (let i = 0; i <= n; i++) {\n        sum += perrin(i);\n    }\n    return sum;\n}\n\ndeclare var require: any;\nconst assert = require('node:assert');\n\n\nfunction test() {\n  let candidate = cal_sum;\n  assert.deepEqual(candidate(9),49);\n  assert.deepEqual(candidate(10),66);\n  assert.deepEqual(candidate(11),88);\n}\n\ntest();",
      "timestamp": 1665510092,
      "stdout": "../../../../tmp/tmpkjd1szgu.ts(5,16): error TS2304: Cannot find name 'perrin'.\n",
      "stderr": "",
      "exit_code": 2,
      "status": "SyntaxError"
    },
    {
      "program": "//Write a function to calculate the sum of perrin numbers.\nfunction cal_sum(n: number): number {\n    let sum = 0;\n    for (let i = 0; i < n; i++) {\n        sum += perrin(i);\n    }\n    return sum;\n}\n\ndeclare var require: any;\nconst assert = require('node:assert');\n\n\nfunction test() {\n  let candidate = cal_sum;\n  assert.deepEqual(candidate(9),49);\n  assert.deepEqual(candidate(10),66);\n  assert.deepEqual(candidate(11),88);\n}\n\ntest();",
      "timestamp": 1665510092,
      "stdout": "../../../../tmp/tmpqwpcvi0c.ts(5,16): error TS2304: Cannot find name 'perrin'.\n",
      "stderr": "",
      "exit_code": 2,
      "status": "SyntaxError"
    },
    {
      "program": "//Write a function to calculate the sum of perrin numbers.\nfunction cal_sum(n: number): number {\n    let sum = 0;\n    for (let i = 0; i < n; i++) {\n        sum += perrin(i);\n    }\n    return sum;\n}\nconsole.log(cal_sum(10));\n\ndeclare var require: any;\nconst assert = require('node:assert');\n\n\nfunction test() {\n  let candidate = cal_sum;\n  assert.deepEqual(candidate(9),49);\n  assert.deepEqual(candidate(10),66);\n  assert.deepEqual(candidate(11),88);\n}\n\ntest();",
      "timestamp": 1666123394,
      "stdout": "../../../../tmp/tmp3cp1prfg.ts(5,16): error TS2304: Cannot find name 'perrin'.\n",
      "stderr": "",
      "exit_code": 2,
      "status": "SyntaxError"
    },
    {
      "program": "//Write a function to calculate the sum of perrin numbers.\nfunction cal_sum(n: number): number {\n    let sum = 0;\n    for (let i = 0; i <= n; i++) {\n        sum += perrin(i);\n    }\n    return sum;\n}\n\ndeclare var require: any;\nconst assert = require('node:assert');\n\n\nfunction test() {\n  let candidate = cal_sum;\n  assert.deepEqual(candidate(9),49);\n  assert.deepEqual(candidate(10),66);\n  assert.deepEqual(candidate(11),88);\n}\n\ntest();",
      "timestamp": 1665510092,
      "stdout": "../../../../tmp/tmpkjd1szgu.ts(5,16): error TS2304: Cannot find name 'perrin'.\n",
      "stderr": "",
      "exit_code": 2,
      "status": "SyntaxError"
    },
    {
      "program": "//Write a function to calculate the sum of perrin numbers.\nfunction cal_sum(n: number): number {\n    let sum = 0;\n    for (let i = 0; i < n; i++) {\n        sum += perrin(i);\n    }\n    return sum;\n}\n\ndeclare var require: any;\nconst assert = require('node:assert');\n\n\nfunction test() {\n  let candidate = cal_sum;\n  assert.deepEqual(candidate(9),49);\n  assert.deepEqual(candidate(10),66);\n  assert.deepEqual(candidate(11),88);\n}\n\ntest();",
      "timestamp": 1665510092,
      "stdout": "../../../../tmp/tmpqwpcvi0c.ts(5,16): error TS2304: Cannot find name 'perrin'.\n",
      "stderr": "",
      "exit_code": 2,
      "status": "SyntaxError"
    },
    {
      "program": "//Write a function to calculate the sum of perrin numbers.\nfunction cal_sum(n: number): number {\n    let sum: number = 0;\n    for (let i = 0; i < n; i++) {\n        sum += perrin(i);\n    }\n    return sum;\n}\n\ndeclare var require: any;\nconst assert = require('node:assert');\n\n\nfunction test() {\n  let candidate = cal_sum;\n  assert.deepEqual(candidate(9),49);\n  assert.deepEqual(candidate(10),66);\n  assert.deepEqual(candidate(11),88);\n}\n\ntest();",
      "timestamp": 1665510092,
      "stdout": "../../../../tmp/tmpcauj1717.ts(5,16): error TS2304: Cannot find name 'perrin'.\n",
      "stderr": "",
      "exit_code": 2,
      "status": "SyntaxError"
    },
    {
      "program": "//Write a function to calculate the sum of perrin numbers.\nfunction cal_sum(n: number): number {\n    let sum = 0;\n    for (let i = 0; i <= n; i++) {\n        sum += perrin(i);\n    }\n    return sum;\n}\n\ndeclare var require: any;\nconst assert = require('node:assert');\n\n\nfunction test() {\n  let candidate = cal_sum;\n  assert.deepEqual(candidate(9),49);\n  assert.deepEqual(candidate(10),66);\n  assert.deepEqual(candidate(11),88);\n}\n\ntest();",
      "timestamp": 1665510092,
      "stdout": "../../../../tmp/tmpkjd1szgu.ts(5,16): error TS2304: Cannot find name 'perrin'.\n",
      "stderr": "",
      "exit_code": 2,
      "status": "SyntaxError"
    },
    {
      "program": "//Write a function to calculate the sum of perrin numbers.\nfunction cal_sum(n: number): number {\n    let sum = 0;\n    for (let i = 0; i < n; i++) {\n        sum += perrin(i);\n    }\n    return sum;\n}\n\ndeclare var require: any;\nconst assert = require('node:assert');\n\n\nfunction test() {\n  let candidate = cal_sum;\n  assert.deepEqual(candidate(9),49);\n  assert.deepEqual(candidate(10),66);\n  assert.deepEqual(candidate(11),88);\n}\n\ntest();",
      "timestamp": 1665510092,
      "stdout": "../../../../tmp/tmpqwpcvi0c.ts(5,16): error TS2304: Cannot find name 'perrin'.\n",
      "stderr": "",
      "exit_code": 2,
      "status": "SyntaxError"
    },
    {
      "program": "//Write a function to calculate the sum of perrin numbers.\nfunction cal_sum(n: number): number {\n  let sum = 0;\n  for (let i = 0; i < n; i++) {\n    sum += perrin(i);\n  }\n  return sum;\n}\n\ndeclare var require: any;\nconst assert = require('node:assert');\n\n\nfunction test() {\n  let candidate = cal_sum;\n  assert.deepEqual(candidate(9),49);\n  assert.deepEqual(candidate(10),66);\n  assert.deepEqual(candidate(11),88);\n}\n\ntest();",
      "timestamp": 1666123392,
      "stdout": "../../../../tmp/tmpqo3lj_9h.ts(5,12): error TS2304: Cannot find name 'perrin'.\n",
      "stderr": "",
      "exit_code": 2,
      "status": "SyntaxError"
    },
    {
      "program": "//Write a function to calculate the sum of perrin numbers.\nfunction cal_sum(n: number): number {\n    let sum: number = 0;\n    for (let i = 0; i < n; i++) {\n        sum += perrin(i);\n    }\n    return sum;\n}\n\ndeclare var require: any;\nconst assert = require('node:assert');\n\n\nfunction test() {\n  let candidate = cal_sum;\n  assert.deepEqual(candidate(9),49);\n  assert.deepEqual(candidate(10),66);\n  assert.deepEqual(candidate(11),88);\n}\n\ntest();",
      "timestamp": 1665510092,
      "stdout": "../../../../tmp/tmpcauj1717.ts(5,16): error TS2304: Cannot find name 'perrin'.\n",
      "stderr": "",
      "exit_code": 2,
      "status": "SyntaxError"
    },
    {
      "program": "//Write a function to calculate the sum of perrin numbers.\nfunction cal_sum(n: number): number {\n    let sum = 0;\n    for (let i = 0; i < n; i++) {\n        sum += perrin(i);\n    }\n    return sum;\n}\n\ndeclare var require: any;\nconst assert = require('node:assert');\n\n\nfunction test() {\n  let candidate = cal_sum;\n  assert.deepEqual(candidate(9),49);\n  assert.deepEqual(candidate(10),66);\n  assert.deepEqual(candidate(11),88);\n}\n\ntest();",
      "timestamp": 1665510092,
      "stdout": "../../../../tmp/tmpqwpcvi0c.ts(5,16): error TS2304: Cannot find name 'perrin'.\n",
      "stderr": "",
      "exit_code": 2,
      "status": "SyntaxError"
    },
    {
      "program": "//Write a function to calculate the sum of perrin numbers.\nfunction cal_sum(n: number): number {\n    let sum = 0;\n    for (let i = 0; i <= n; i++) {\n        sum += perrin(i);\n    }\n    return sum;\n}\n\ndeclare var require: any;\nconst assert = require('node:assert');\n\n\nfunction test() {\n  let candidate = cal_sum;\n  assert.deepEqual(candidate(9),49);\n  assert.deepEqual(candidate(10),66);\n  assert.deepEqual(candidate(11),88);\n}\n\ntest();",
      "timestamp": 1665510092,
      "stdout": "../../../../tmp/tmpkjd1szgu.ts(5,16): error TS2304: Cannot find name 'perrin'.\n",
      "stderr": "",
      "exit_code": 2,
      "status": "SyntaxError"
    },
    {
      "program": "//Write a function to calculate the sum of perrin numbers.\nfunction cal_sum(n: number): number {\n    let sum = 0;\n    for (let i = 0; i < n; i++) {\n        sum += perrin(i);\n    }\n    return sum;\n}\n\ndeclare var require: any;\nconst assert = require('node:assert');\n\n\nfunction test() {\n  let candidate = cal_sum;\n  assert.deepEqual(candidate(9),49);\n  assert.deepEqual(candidate(10),66);\n  assert.deepEqual(candidate(11),88);\n}\n\ntest();",
      "timestamp": 1665510092,
      "stdout": "../../../../tmp/tmpqwpcvi0c.ts(5,16): error TS2304: Cannot find name 'perrin'.\n",
      "stderr": "",
      "exit_code": 2,
      "status": "SyntaxError"
    },
    {
      "program": "//Write a function to calculate the sum of perrin numbers.\nfunction cal_sum(n: number): number {\n    let sum = 0;\n    for (let i = 0; i <= n; i++) {\n        sum += perrin(i);\n    }\n    return sum;\n}\n\ndeclare var require: any;\nconst assert = require('node:assert');\n\n\nfunction test() {\n  let candidate = cal_sum;\n  assert.deepEqual(candidate(9),49);\n  assert.deepEqual(candidate(10),66);\n  assert.deepEqual(candidate(11),88);\n}\n\ntest();",
      "timestamp": 1665510092,
      "stdout": "../../../../tmp/tmpkjd1szgu.ts(5,16): error TS2304: Cannot find name 'perrin'.\n",
      "stderr": "",
      "exit_code": 2,
      "status": "SyntaxError"
    },
    {
      "program": "//Write a function to calculate the sum of perrin numbers.\nfunction cal_sum(n: number): number {\n    let sum: number = 0;\n    for (let i = 0; i < n; i++) {\n        sum += perrin(i);\n    }\n    return sum;\n}\n\ndeclare var require: any;\nconst assert = require('node:assert');\n\n\nfunction test() {\n  let candidate = cal_sum;\n  assert.deepEqual(candidate(9),49);\n  assert.deepEqual(candidate(10),66);\n  assert.deepEqual(candidate(11),88);\n}\n\ntest();",
      "timestamp": 1665510092,
      "stdout": "../../../../tmp/tmpcauj1717.ts(5,16): error TS2304: Cannot find name 'perrin'.\n",
      "stderr": "",
      "exit_code": 2,
      "status": "SyntaxError"
    },
    {
      "program": "//Write a function to calculate the sum of perrin numbers.\nfunction cal_sum(n: number): number {\n    let sum = 0;\n    let perrin = [3, 0, 2];\n    for (let i = 3; i < n; i++) {\n        perrin[i] = perrin[i - 2] + perrin[i - 3];\n    }\n    for (let i = 0; i < n; i++) {\n        sum += perrin[i];\n    }\n    return sum;\n}\n\ndeclare var require: any;\nconst assert = require('node:assert');\n\n\nfunction test() {\n  let candidate = cal_sum;\n  assert.deepEqual(candidate(9),49);\n  assert.deepEqual(candidate(10),66);\n  assert.deepEqual(candidate(11),88);\n}\n\ntest();",
      "timestamp": 1665510092,
      "stdout": "",
      "stderr": "node:assert:124\n  throw new AssertionError(obj);\n  ^\n\nAssertionError [ERR_ASSERTION]: Expected values to be loosely deep-equal:\n\n37\n\nshould loosely deep-equal\n\n49\n    at test (/tmp/tmp71b5gxsh.js:16:12)\n    at Object.<anonymous> (/tmp/tmp71b5gxsh.js:20:1)\n    at Module._compile (node:internal/modules/cjs/loader:1120:14)\n    at Module._extensions..js (node:internal/modules/cjs/loader:1174:10)\n    at Module.load (node:internal/modules/cjs/loader:998:32)\n    at Module._load (node:internal/modules/cjs/loader:839:12)\n    at Function.executeUserEntryPoint [as runMain] (node:internal/modules/run_main:81:12)\n    at node:internal/main/run_main_module:17:47 {\n  generatedMessage: true,\n  code: 'ERR_ASSERTION',\n  actual: 37,\n  expected: 49,\n  operator: 'deepEqual'\n}\n\nNode.js v18.7.0\n",
      "exit_code": 1,
      "status": "AssertionError"
    },
    {
      "program": "//Write a function to calculate the sum of perrin numbers.\nfunction cal_sum(n: number): number {\n    let sum = 0;\n    for (let i = 0; i < n; i++) {\n        sum += perrin(i);\n    }\n    return sum;\n}\n\ndeclare var require: any;\nconst assert = require('node:assert');\n\n\nfunction test() {\n  let candidate = cal_sum;\n  assert.deepEqual(candidate(9),49);\n  assert.deepEqual(candidate(10),66);\n  assert.deepEqual(candidate(11),88);\n}\n\ntest();",
      "timestamp": 1665510092,
      "stdout": "../../../../tmp/tmpqwpcvi0c.ts(5,16): error TS2304: Cannot find name 'perrin'.\n",
      "stderr": "",
      "exit_code": 2,
      "status": "SyntaxError"
    },
    {
      "program": "//Write a function to calculate the sum of perrin numbers.\nfunction cal_sum(n: number): number {\n    let sum = 0;\n    for (let i = 0; i < n; i++) {\n        sum += perrin(i);\n    }\n    return sum;\n}\n\ndeclare var require: any;\nconst assert = require('node:assert');\n\n\nfunction test() {\n  let candidate = cal_sum;\n  assert.deepEqual(candidate(9),49);\n  assert.deepEqual(candidate(10),66);\n  assert.deepEqual(candidate(11),88);\n}\n\ntest();",
      "timestamp": 1665510092,
      "stdout": "../../../../tmp/tmpqwpcvi0c.ts(5,16): error TS2304: Cannot find name 'perrin'.\n",
      "stderr": "",
      "exit_code": 2,
      "status": "SyntaxError"
    },
    {
      "program": "//Write a function to calculate the sum of perrin numbers.\nfunction cal_sum(n: number): number {\n    let sum = 0;\n    for (let i = 0; i < n; i++) {\n        sum += perrin(i);\n    }\n    return sum;\n}\n\ndeclare var require: any;\nconst assert = require('node:assert');\n\n\nfunction test() {\n  let candidate = cal_sum;\n  assert.deepEqual(candidate(9),49);\n  assert.deepEqual(candidate(10),66);\n  assert.deepEqual(candidate(11),88);\n}\n\ntest();",
      "timestamp": 1665510092,
      "stdout": "../../../../tmp/tmpqwpcvi0c.ts(5,16): error TS2304: Cannot find name 'perrin'.\n",
      "stderr": "",
      "exit_code": 2,
      "status": "SyntaxError"
    },
    {
      "program": "//Write a function to calculate the sum of perrin numbers.\nfunction cal_sum(n: number): number {\n    let sum: number = 0;\n    for (let i = 0; i < n; i++) {\n        sum += perrin(i);\n    }\n    return sum;\n}\n\ndeclare var require: any;\nconst assert = require('node:assert');\n\n\nfunction test() {\n  let candidate = cal_sum;\n  assert.deepEqual(candidate(9),49);\n  assert.deepEqual(candidate(10),66);\n  assert.deepEqual(candidate(11),88);\n}\n\ntest();",
      "timestamp": 1665510092,
      "stdout": "../../../../tmp/tmpcauj1717.ts(5,16): error TS2304: Cannot find name 'perrin'.\n",
      "stderr": "",
      "exit_code": 2,
      "status": "SyntaxError"
    },
    {
      "program": "//Write a function to calculate the sum of perrin numbers.\nfunction cal_sum(n: number): number {\n    let sum = 0;\n    for (let i = 0; i <= n; i++) {\n        sum += perrin(i);\n    }\n    return sum;\n}\n\ndeclare var require: any;\nconst assert = require('node:assert');\n\n\nfunction test() {\n  let candidate = cal_sum;\n  assert.deepEqual(candidate(9),49);\n  assert.deepEqual(candidate(10),66);\n  assert.deepEqual(candidate(11),88);\n}\n\ntest();",
      "timestamp": 1665510092,
      "stdout": "../../../../tmp/tmpkjd1szgu.ts(5,16): error TS2304: Cannot find name 'perrin'.\n",
      "stderr": "",
      "exit_code": 2,
      "status": "SyntaxError"
    },
    {
      "program": "//Write a function to calculate the sum of perrin numbers.\nfunction cal_sum(n: number): number {\n    let sum = 0;\n    for (let i = 0; i <= n; i++) {\n        sum += perrin(i);\n    }\n    return sum;\n}\n\ndeclare var require: any;\nconst assert = require('node:assert');\n\n\nfunction test() {\n  let candidate = cal_sum;\n  assert.deepEqual(candidate(9),49);\n  assert.deepEqual(candidate(10),66);\n  assert.deepEqual(candidate(11),88);\n}\n\ntest();",
      "timestamp": 1665510092,
      "stdout": "../../../../tmp/tmpkjd1szgu.ts(5,16): error TS2304: Cannot find name 'perrin'.\n",
      "stderr": "",
      "exit_code": 2,
      "status": "SyntaxError"
    },
    {
      "program": "//Write a function to calculate the sum of perrin numbers.\nfunction cal_sum(n: number): number {\n    let sum = 0;\n    for (let i = 0; i < n; i++) {\n        sum += perrin(i);\n    }\n    return sum;\n}\n\ndeclare var require: any;\nconst assert = require('node:assert');\n\n\nfunction test() {\n  let candidate = cal_sum;\n  assert.deepEqual(candidate(9),49);\n  assert.deepEqual(candidate(10),66);\n  assert.deepEqual(candidate(11),88);\n}\n\ntest();",
      "timestamp": 1665510092,
      "stdout": "../../../../tmp/tmpqwpcvi0c.ts(5,16): error TS2304: Cannot find name 'perrin'.\n",
      "stderr": "",
      "exit_code": 2,
      "status": "SyntaxError"
    }
  ]
}