{
  "name": "mbpp_274_even_binomial_Coeff_Sum",
  "language": "ts",
  "prompt": "//Write a tsthon function that takes in a positive integer n and finds the sum of even index binomial coefficients.\nfunction even_binomial_Coeff_Sum(n: number): number {\n",
  "doctests": "transform",
  "original": "/home/arjun/repos/MultiPL-E/datasets/../datasets/mbpp-typed/mbpp_274_even_binomial_Coeff_Sum.py",
  "prompt_terminology": "reworded",
  "tests": "declare var require: any;\nconst assert = require('node:assert');\n\n\nfunction test() {\n  let candidate = even_binomial_Coeff_Sum;\n  assert.deepEqual(candidate(4),8);\n  assert.deepEqual(candidate(6),32);\n  assert.deepEqual(candidate(2),2);\n}\n\ntest();",
  "stop_tokens": [
    "\nfunction ",
    "\n/*",
    "\n//",
    "\nclass"
  ],
  "results": [
    {
      "program": "//Write a tsthon function that takes in a positive integer n and finds the sum of even index binomial coefficients.\nfunction even_binomial_Coeff_Sum(n: number): number {\n  let sum = 0;\n  for (let i = 0; i < n; i++) {\n    if (i % 2 === 0) {\n      sum += binomial_Coeff(n, i);\n    }\n  }\n  return sum;\n}\n\ndeclare var require: any;\nconst assert = require('node:assert');\n\n\nfunction test() {\n  let candidate = even_binomial_Coeff_Sum;\n  assert.deepEqual(candidate(4),8);\n  assert.deepEqual(candidate(6),32);\n  assert.deepEqual(candidate(2),2);\n}\n\ntest();",
      "timestamp": 1665510130,
      "stdout": "../../../../tmp/tmp26mdt1j3.ts(6,14): error TS2304: Cannot find name 'binomial_Coeff'.\n",
      "stderr": "",
      "exit_code": 2,
      "status": "SyntaxError"
    },
    {
      "program": "//Write a tsthon function that takes in a positive integer n and finds the sum of even index binomial coefficients.\nfunction even_binomial_Coeff_Sum(n: number): number {\n    let sum: number = 0;\n    for (let i = 0; i <= n; i += 2) {\n        sum += binomial_Coeff(n, i);\n    }\n    return sum;\n}\n\ndeclare var require: any;\nconst assert = require('node:assert');\n\n\nfunction test() {\n  let candidate = even_binomial_Coeff_Sum;\n  assert.deepEqual(candidate(4),8);\n  assert.deepEqual(candidate(6),32);\n  assert.deepEqual(candidate(2),2);\n}\n\ntest();",
      "timestamp": 1665510130,
      "stdout": "../../../../tmp/tmp5uvbcmpo.ts(5,16): error TS2304: Cannot find name 'binomial_Coeff'.\n",
      "stderr": "",
      "exit_code": 2,
      "status": "SyntaxError"
    },
    {
      "program": "//Write a tsthon function that takes in a positive integer n and finds the sum of even index binomial coefficients.\nfunction even_binomial_Coeff_Sum(n: number): number {\n  let sum = 0;\n  for (let i = 0; i <= n; i += 2) {\n    sum += binomial_Coeff(n, i);\n  }\n  return sum;\n}\n\ndeclare var require: any;\nconst assert = require('node:assert');\n\n\nfunction test() {\n  let candidate = even_binomial_Coeff_Sum;\n  assert.deepEqual(candidate(4),8);\n  assert.deepEqual(candidate(6),32);\n  assert.deepEqual(candidate(2),2);\n}\n\ntest();",
      "timestamp": 1665510130,
      "stdout": "../../../../tmp/tmpqb2b_csh.ts(5,12): error TS2304: Cannot find name 'binomial_Coeff'.\n",
      "stderr": "",
      "exit_code": 2,
      "status": "SyntaxError"
    },
    {
      "program": "//Write a tsthon function that takes in a positive integer n and finds the sum of even index binomial coefficients.\nfunction even_binomial_Coeff_Sum(n: number): number {\n    let sum = 0;\n    for (let i = 0; i < n; i++) {\n        if (i % 2 == 0) {\n            sum += binomial_Coeff(n, i);\n        }\n    }\n    return sum;\n}\n\ndeclare var require: any;\nconst assert = require('node:assert');\n\n\nfunction test() {\n  let candidate = even_binomial_Coeff_Sum;\n  assert.deepEqual(candidate(4),8);\n  assert.deepEqual(candidate(6),32);\n  assert.deepEqual(candidate(2),2);\n}\n\ntest();",
      "timestamp": 1665510130,
      "stdout": "../../../../tmp/tmp_3vub0ur.ts(6,20): error TS2304: Cannot find name 'binomial_Coeff'.\n",
      "stderr": "",
      "exit_code": 2,
      "status": "SyntaxError"
    },
    {
      "program": "//Write a tsthon function that takes in a positive integer n and finds the sum of even index binomial coefficients.\nfunction even_binomial_Coeff_Sum(n: number): number {\n  let sum = 0;\n  for (let i = 0; i < n; i++) {\n    if (i % 2 === 0) {\n      sum += binomial_Coeff(n, i);\n    }\n  }\n  return sum;\n}\n\ndeclare var require: any;\nconst assert = require('node:assert');\n\n\nfunction test() {\n  let candidate = even_binomial_Coeff_Sum;\n  assert.deepEqual(candidate(4),8);\n  assert.deepEqual(candidate(6),32);\n  assert.deepEqual(candidate(2),2);\n}\n\ntest();",
      "timestamp": 1665510130,
      "stdout": "../../../../tmp/tmp26mdt1j3.ts(6,14): error TS2304: Cannot find name 'binomial_Coeff'.\n",
      "stderr": "",
      "exit_code": 2,
      "status": "SyntaxError"
    },
    {
      "program": "//Write a tsthon function that takes in a positive integer n and finds the sum of even index binomial coefficients.\nfunction even_binomial_Coeff_Sum(n: number): number {\n    let sum = 0;\n    for (let i = 0; i <= n; i += 2) {\n        sum += binomial_Coeff(n, i);\n    }\n    return sum;\n}\n\ndeclare var require: any;\nconst assert = require('node:assert');\n\n\nfunction test() {\n  let candidate = even_binomial_Coeff_Sum;\n  assert.deepEqual(candidate(4),8);\n  assert.deepEqual(candidate(6),32);\n  assert.deepEqual(candidate(2),2);\n}\n\ntest();",
      "timestamp": 1665510130,
      "stdout": "../../../../tmp/tmps8wihopb.ts(5,16): error TS2304: Cannot find name 'binomial_Coeff'.\n",
      "stderr": "",
      "exit_code": 2,
      "status": "SyntaxError"
    },
    {
      "program": "//Write a tsthon function that takes in a positive integer n and finds the sum of even index binomial coefficients.\nfunction even_binomial_Coeff_Sum(n: number): number {\n    let sum = 0;\n    for (let i = 0; i < n; i++) {\n        if (i % 2 === 0) {\n            sum += binomial_Coeff(n, i);\n        }\n    }\n    return sum;\n}\n\ndeclare var require: any;\nconst assert = require('node:assert');\n\n\nfunction test() {\n  let candidate = even_binomial_Coeff_Sum;\n  assert.deepEqual(candidate(4),8);\n  assert.deepEqual(candidate(6),32);\n  assert.deepEqual(candidate(2),2);\n}\n\ntest();",
      "timestamp": 1665510130,
      "stdout": "../../../../tmp/tmpf8o567to.ts(6,20): error TS2304: Cannot find name 'binomial_Coeff'.\n",
      "stderr": "",
      "exit_code": 2,
      "status": "SyntaxError"
    },
    {
      "program": "//Write a tsthon function that takes in a positive integer n and finds the sum of even index binomial coefficients.\nfunction even_binomial_Coeff_Sum(n: number): number {\n    let sum = 0;\n    for (let i = 0; i <= n; i += 2) {\n        sum += binomial_Coeff(n, i);\n    }\n    return sum;\n}\n\ndeclare var require: any;\nconst assert = require('node:assert');\n\n\nfunction test() {\n  let candidate = even_binomial_Coeff_Sum;\n  assert.deepEqual(candidate(4),8);\n  assert.deepEqual(candidate(6),32);\n  assert.deepEqual(candidate(2),2);\n}\n\ntest();",
      "timestamp": 1665510130,
      "stdout": "../../../../tmp/tmps8wihopb.ts(5,16): error TS2304: Cannot find name 'binomial_Coeff'.\n",
      "stderr": "",
      "exit_code": 2,
      "status": "SyntaxError"
    },
    {
      "program": "//Write a tsthon function that takes in a positive integer n and finds the sum of even index binomial coefficients.\nfunction even_binomial_Coeff_Sum(n: number): number {\n    let sum = 0;\n    for (let i = 0; i < n; i++) {\n        if (i % 2 === 0) {\n            sum += binomial_Coeff(n, i);\n        }\n    }\n    return sum;\n}\n\ndeclare var require: any;\nconst assert = require('node:assert');\n\n\nfunction test() {\n  let candidate = even_binomial_Coeff_Sum;\n  assert.deepEqual(candidate(4),8);\n  assert.deepEqual(candidate(6),32);\n  assert.deepEqual(candidate(2),2);\n}\n\ntest();",
      "timestamp": 1665510130,
      "stdout": "../../../../tmp/tmpf8o567to.ts(6,20): error TS2304: Cannot find name 'binomial_Coeff'.\n",
      "stderr": "",
      "exit_code": 2,
      "status": "SyntaxError"
    },
    {
      "program": "//Write a tsthon function that takes in a positive integer n and finds the sum of even index binomial coefficients.\nfunction even_binomial_Coeff_Sum(n: number): number {\n  let sum = 0;\n  for (let i = 0; i < n; i++) {\n    if (i % 2 === 0) {\n      sum += binomialCoeff(n, i);\n    }\n  }\n  return sum;\n}\n\ndeclare var require: any;\nconst assert = require('node:assert');\n\n\nfunction test() {\n  let candidate = even_binomial_Coeff_Sum;\n  assert.deepEqual(candidate(4),8);\n  assert.deepEqual(candidate(6),32);\n  assert.deepEqual(candidate(2),2);\n}\n\ntest();",
      "timestamp": 1665510130,
      "stdout": "../../../../tmp/tmpe20prr85.ts(6,14): error TS2304: Cannot find name 'binomialCoeff'.\n",
      "stderr": "",
      "exit_code": 2,
      "status": "SyntaxError"
    },
    {
      "program": "//Write a tsthon function that takes in a positive integer n and finds the sum of even index binomial coefficients.\nfunction even_binomial_Coeff_Sum(n: number): number {\n    let sum = 0;\n    for (let i = 0; i <= n; i++) {\n        if (i % 2 === 0) {\n            sum += binomial_Coeff(n, i);\n        }\n    }\n    return sum;\n}\n\ndeclare var require: any;\nconst assert = require('node:assert');\n\n\nfunction test() {\n  let candidate = even_binomial_Coeff_Sum;\n  assert.deepEqual(candidate(4),8);\n  assert.deepEqual(candidate(6),32);\n  assert.deepEqual(candidate(2),2);\n}\n\ntest();",
      "timestamp": 1665510130,
      "stdout": "../../../../tmp/tmprql_ovzc.ts(6,20): error TS2304: Cannot find name 'binomial_Coeff'.\n",
      "stderr": "",
      "exit_code": 2,
      "status": "SyntaxError"
    },
    {
      "program": "//Write a tsthon function that takes in a positive integer n and finds the sum of even index binomial coefficients.\nfunction even_binomial_Coeff_Sum(n: number): number {\n    let sum: number = 0;\n    for (let i = 0; i <= n; i++) {\n        if (i % 2 == 0) {\n            sum += binomial_Coeff(n, i);\n        }\n    }\n    return sum;\n}\n\ndeclare var require: any;\nconst assert = require('node:assert');\n\n\nfunction test() {\n  let candidate = even_binomial_Coeff_Sum;\n  assert.deepEqual(candidate(4),8);\n  assert.deepEqual(candidate(6),32);\n  assert.deepEqual(candidate(2),2);\n}\n\ntest();",
      "timestamp": 1665510130,
      "stdout": "../../../../tmp/tmpvuyjr2dp.ts(6,20): error TS2304: Cannot find name 'binomial_Coeff'.\n",
      "stderr": "",
      "exit_code": 2,
      "status": "SyntaxError"
    },
    {
      "program": "//Write a tsthon function that takes in a positive integer n and finds the sum of even index binomial coefficients.\nfunction even_binomial_Coeff_Sum(n: number): number {\n  let sum = 0;\n  for (let i = 0; i <= n; i += 2) {\n    sum += binomial_Coeff(n, i);\n  }\n  return sum;\n}\n\ndeclare var require: any;\nconst assert = require('node:assert');\n\n\nfunction test() {\n  let candidate = even_binomial_Coeff_Sum;\n  assert.deepEqual(candidate(4),8);\n  assert.deepEqual(candidate(6),32);\n  assert.deepEqual(candidate(2),2);\n}\n\ntest();",
      "timestamp": 1665510130,
      "stdout": "../../../../tmp/tmpqb2b_csh.ts(5,12): error TS2304: Cannot find name 'binomial_Coeff'.\n",
      "stderr": "",
      "exit_code": 2,
      "status": "SyntaxError"
    },
    {
      "program": "//Write a tsthon function that takes in a positive integer n and finds the sum of even index binomial coefficients.\nfunction even_binomial_Coeff_Sum(n: number): number {\n  let sum = 0;\n  for (let i = 0; i < n; i++) {\n    if (i % 2 === 0) {\n      sum += binomial_Coeff(n, i);\n    }\n  }\n  return sum;\n}\n\ndeclare var require: any;\nconst assert = require('node:assert');\n\n\nfunction test() {\n  let candidate = even_binomial_Coeff_Sum;\n  assert.deepEqual(candidate(4),8);\n  assert.deepEqual(candidate(6),32);\n  assert.deepEqual(candidate(2),2);\n}\n\ntest();",
      "timestamp": 1665510130,
      "stdout": "../../../../tmp/tmp26mdt1j3.ts(6,14): error TS2304: Cannot find name 'binomial_Coeff'.\n",
      "stderr": "",
      "exit_code": 2,
      "status": "SyntaxError"
    },
    {
      "program": "//Write a tsthon function that takes in a positive integer n and finds the sum of even index binomial coefficients.\nfunction even_binomial_Coeff_Sum(n: number): number {\n    let sum = 0;\n    for (let i = 0; i <= n; i += 2) {\n        sum += binomialCoeff(n, i);\n    }\n    return sum;\n}\n\ndeclare var require: any;\nconst assert = require('node:assert');\n\n\nfunction test() {\n  let candidate = even_binomial_Coeff_Sum;\n  assert.deepEqual(candidate(4),8);\n  assert.deepEqual(candidate(6),32);\n  assert.deepEqual(candidate(2),2);\n}\n\ntest();",
      "timestamp": 1665510130,
      "stdout": "../../../../tmp/tmpur2yv225.ts(5,16): error TS2304: Cannot find name 'binomialCoeff'.\n",
      "stderr": "",
      "exit_code": 2,
      "status": "SyntaxError"
    },
    {
      "program": "//Write a tsthon function that takes in a positive integer n and finds the sum of even index binomial coefficients.\nfunction even_binomial_Coeff_Sum(n: number): number {\n    let sum = 0;\n    for (let i = 0; i <= n; i += 2) {\n        sum += binomial_Coeff(n, i);\n    }\n    return sum;\n}\n\ndeclare var require: any;\nconst assert = require('node:assert');\n\n\nfunction test() {\n  let candidate = even_binomial_Coeff_Sum;\n  assert.deepEqual(candidate(4),8);\n  assert.deepEqual(candidate(6),32);\n  assert.deepEqual(candidate(2),2);\n}\n\ntest();",
      "timestamp": 1665510130,
      "stdout": "../../../../tmp/tmps8wihopb.ts(5,16): error TS2304: Cannot find name 'binomial_Coeff'.\n",
      "stderr": "",
      "exit_code": 2,
      "status": "SyntaxError"
    },
    {
      "program": "//Write a tsthon function that takes in a positive integer n and finds the sum of even index binomial coefficients.\nfunction even_binomial_Coeff_Sum(n: number): number {\n    let sum: number = 0;\n    for (let i = 0; i <= n; i += 2) {\n        sum += binomial_Coeff(n, i);\n    }\n    return sum;\n}\n\ndeclare var require: any;\nconst assert = require('node:assert');\n\n\nfunction test() {\n  let candidate = even_binomial_Coeff_Sum;\n  assert.deepEqual(candidate(4),8);\n  assert.deepEqual(candidate(6),32);\n  assert.deepEqual(candidate(2),2);\n}\n\ntest();",
      "timestamp": 1665510130,
      "stdout": "../../../../tmp/tmp5uvbcmpo.ts(5,16): error TS2304: Cannot find name 'binomial_Coeff'.\n",
      "stderr": "",
      "exit_code": 2,
      "status": "SyntaxError"
    },
    {
      "program": "//Write a tsthon function that takes in a positive integer n and finds the sum of even index binomial coefficients.\nfunction even_binomial_Coeff_Sum(n: number): number {\n    let sum = 0;\n    for (let i = 0; i < n; i += 2) {\n        sum += binomial_Coeff(n, i);\n    }\n    return sum;\n}\n\ndeclare var require: any;\nconst assert = require('node:assert');\n\n\nfunction test() {\n  let candidate = even_binomial_Coeff_Sum;\n  assert.deepEqual(candidate(4),8);\n  assert.deepEqual(candidate(6),32);\n  assert.deepEqual(candidate(2),2);\n}\n\ntest();",
      "timestamp": 1665510130,
      "stdout": "../../../../tmp/tmp1srjz_rl.ts(5,16): error TS2304: Cannot find name 'binomial_Coeff'.\n",
      "stderr": "",
      "exit_code": 2,
      "status": "SyntaxError"
    },
    {
      "program": "//Write a tsthon function that takes in a positive integer n and finds the sum of even index binomial coefficients.\nfunction even_binomial_Coeff_Sum(n: number): number {\n  let sum = 0;\n  for (let i = 0; i <= n; i += 2) {\n    sum += binomialCoeff(n, i);\n  }\n  return sum;\n}\n\ndeclare var require: any;\nconst assert = require('node:assert');\n\n\nfunction test() {\n  let candidate = even_binomial_Coeff_Sum;\n  assert.deepEqual(candidate(4),8);\n  assert.deepEqual(candidate(6),32);\n  assert.deepEqual(candidate(2),2);\n}\n\ntest();",
      "timestamp": 1665510130,
      "stdout": "../../../../tmp/tmpmnmbrz_7.ts(5,12): error TS2304: Cannot find name 'binomialCoeff'.\n",
      "stderr": "",
      "exit_code": 2,
      "status": "SyntaxError"
    },
    {
      "program": "//Write a tsthon function that takes in a positive integer n and finds the sum of even index binomial coefficients.\nfunction even_binomial_Coeff_Sum(n: number): number {\n  let sum = 0;\n  for (let i = 0; i <= n; i++) {\n    if (i % 2 === 0) {\n      sum += binomialCoeff(n, i);\n    }\n  }\n  return sum;\n}\n\ndeclare var require: any;\nconst assert = require('node:assert');\n\n\nfunction test() {\n  let candidate = even_binomial_Coeff_Sum;\n  assert.deepEqual(candidate(4),8);\n  assert.deepEqual(candidate(6),32);\n  assert.deepEqual(candidate(2),2);\n}\n\ntest();",
      "timestamp": 1665510130,
      "stdout": "../../../../tmp/tmpc7kx90xi.ts(6,14): error TS2304: Cannot find name 'binomialCoeff'.\n",
      "stderr": "",
      "exit_code": 2,
      "status": "SyntaxError"
    },
    {
      "program": "//Write a tsthon function that takes in a positive integer n and finds the sum of even index binomial coefficients.\nfunction even_binomial_Coeff_Sum(n: number): number {\n  let sum = 0;\n  for (let i = 0; i <= n; i += 2) {\n    sum += binomialCoeff(n, i);\n  }\n  return sum;\n}\n\ndeclare var require: any;\nconst assert = require('node:assert');\n\n\nfunction test() {\n  let candidate = even_binomial_Coeff_Sum;\n  assert.deepEqual(candidate(4),8);\n  assert.deepEqual(candidate(6),32);\n  assert.deepEqual(candidate(2),2);\n}\n\ntest();",
      "timestamp": 1665510130,
      "stdout": "../../../../tmp/tmpmnmbrz_7.ts(5,12): error TS2304: Cannot find name 'binomialCoeff'.\n",
      "stderr": "",
      "exit_code": 2,
      "status": "SyntaxError"
    },
    {
      "program": "//Write a tsthon function that takes in a positive integer n and finds the sum of even index binomial coefficients.\nfunction even_binomial_Coeff_Sum(n: number): number {\n  let sum = 0;\n  for (let i = 0; i < n; i++) {\n    if (i % 2 === 0) {\n      sum += binomialCoeff(n, i);\n    }\n  }\n  return sum;\n}\n\ndeclare var require: any;\nconst assert = require('node:assert');\n\n\nfunction test() {\n  let candidate = even_binomial_Coeff_Sum;\n  assert.deepEqual(candidate(4),8);\n  assert.deepEqual(candidate(6),32);\n  assert.deepEqual(candidate(2),2);\n}\n\ntest();",
      "timestamp": 1665510130,
      "stdout": "../../../../tmp/tmpe20prr85.ts(6,14): error TS2304: Cannot find name 'binomialCoeff'.\n",
      "stderr": "",
      "exit_code": 2,
      "status": "SyntaxError"
    },
    {
      "program": "//Write a tsthon function that takes in a positive integer n and finds the sum of even index binomial coefficients.\nfunction even_binomial_Coeff_Sum(n: number): number {\n    let sum = 0;\n    for (let i = 0; i <= n; i++) {\n        if (i % 2 === 0) {\n            sum += binomial_Coeff(n, i);\n        }\n    }\n    return sum;\n}\nconsole.log(even_binomial_Coeff_Sum(5));\n\ndeclare var require: any;\nconst assert = require('node:assert');\n\n\nfunction test() {\n  let candidate = even_binomial_Coeff_Sum;\n  assert.deepEqual(candidate(4),8);\n  assert.deepEqual(candidate(6),32);\n  assert.deepEqual(candidate(2),2);\n}\n\ntest();",
      "timestamp": 1666122828,
      "stdout": "../../../../tmp/tmpwxnor0m4.ts(6,20): error TS2304: Cannot find name 'binomial_Coeff'.\n",
      "stderr": "",
      "exit_code": 2,
      "status": "SyntaxError"
    },
    {
      "program": "//Write a tsthon function that takes in a positive integer n and finds the sum of even index binomial coefficients.\nfunction even_binomial_Coeff_Sum(n: number): number {\n    let sum = 0;\n    for (let i = 0; i < n; i++) {\n        if (i % 2 === 0) {\n            sum += binomial_Coeff(n, i);\n        }\n    }\n    return sum;\n}\nconsole.log(even_binomial_Coeff_Sum(5));\n\ndeclare var require: any;\nconst assert = require('node:assert');\n\n\nfunction test() {\n  let candidate = even_binomial_Coeff_Sum;\n  assert.deepEqual(candidate(4),8);\n  assert.deepEqual(candidate(6),32);\n  assert.deepEqual(candidate(2),2);\n}\n\ntest();",
      "timestamp": 1666122828,
      "stdout": "../../../../tmp/tmpstrwrgh6.ts(6,20): error TS2304: Cannot find name 'binomial_Coeff'.\n",
      "stderr": "",
      "exit_code": 2,
      "status": "SyntaxError"
    },
    {
      "program": "//Write a tsthon function that takes in a positive integer n and finds the sum of even index binomial coefficients.\nfunction even_binomial_Coeff_Sum(n: number): number {\n    let sum: number = 0;\n    for (let i = 0; i <= n; i += 2) {\n        sum += binomial_Coeff(n, i);\n    }\n    return sum;\n}\n\ndeclare var require: any;\nconst assert = require('node:assert');\n\n\nfunction test() {\n  let candidate = even_binomial_Coeff_Sum;\n  assert.deepEqual(candidate(4),8);\n  assert.deepEqual(candidate(6),32);\n  assert.deepEqual(candidate(2),2);\n}\n\ntest();",
      "timestamp": 1665510130,
      "stdout": "../../../../tmp/tmp5uvbcmpo.ts(5,16): error TS2304: Cannot find name 'binomial_Coeff'.\n",
      "stderr": "",
      "exit_code": 2,
      "status": "SyntaxError"
    },
    {
      "program": "//Write a tsthon function that takes in a positive integer n and finds the sum of even index binomial coefficients.\nfunction even_binomial_Coeff_Sum(n: number): number {\n  let sum = 0;\n  for (let i = 0; i < n; i++) {\n    if (i % 2 === 0) {\n      sum += binomial_Coeff(n, i);\n    }\n  }\n  return sum;\n}\n\ndeclare var require: any;\nconst assert = require('node:assert');\n\n\nfunction test() {\n  let candidate = even_binomial_Coeff_Sum;\n  assert.deepEqual(candidate(4),8);\n  assert.deepEqual(candidate(6),32);\n  assert.deepEqual(candidate(2),2);\n}\n\ntest();",
      "timestamp": 1665510130,
      "stdout": "../../../../tmp/tmp26mdt1j3.ts(6,14): error TS2304: Cannot find name 'binomial_Coeff'.\n",
      "stderr": "",
      "exit_code": 2,
      "status": "SyntaxError"
    },
    {
      "program": "//Write a tsthon function that takes in a positive integer n and finds the sum of even index binomial coefficients.\nfunction even_binomial_Coeff_Sum(n: number): number {\n    let sum = 0;\n    for (let i = 0; i <= n; i += 2) {\n        sum += binomial_Coeff(n, i);\n    }\n    return sum;\n}\n\ndeclare var require: any;\nconst assert = require('node:assert');\n\n\nfunction test() {\n  let candidate = even_binomial_Coeff_Sum;\n  assert.deepEqual(candidate(4),8);\n  assert.deepEqual(candidate(6),32);\n  assert.deepEqual(candidate(2),2);\n}\n\ntest();",
      "timestamp": 1665510130,
      "stdout": "../../../../tmp/tmps8wihopb.ts(5,16): error TS2304: Cannot find name 'binomial_Coeff'.\n",
      "stderr": "",
      "exit_code": 2,
      "status": "SyntaxError"
    },
    {
      "program": "//Write a tsthon function that takes in a positive integer n and finds the sum of even index binomial coefficients.\nfunction even_binomial_Coeff_Sum(n: number): number {\n    let sum = 0;\n    for (let i = 0; i <= n; i += 2) {\n        sum += binomial_Coeff(n, i);\n    }\n    return sum;\n}\n\ndeclare var require: any;\nconst assert = require('node:assert');\n\n\nfunction test() {\n  let candidate = even_binomial_Coeff_Sum;\n  assert.deepEqual(candidate(4),8);\n  assert.deepEqual(candidate(6),32);\n  assert.deepEqual(candidate(2),2);\n}\n\ntest();",
      "timestamp": 1665510130,
      "stdout": "../../../../tmp/tmps8wihopb.ts(5,16): error TS2304: Cannot find name 'binomial_Coeff'.\n",
      "stderr": "",
      "exit_code": 2,
      "status": "SyntaxError"
    },
    {
      "program": "//Write a tsthon function that takes in a positive integer n and finds the sum of even index binomial coefficients.\nfunction even_binomial_Coeff_Sum(n: number): number {\n    let sum = 0;\n    for (let i = 0; i <= n; i++) {\n        if (i % 2 === 0) {\n            sum += binomial_Coeff(n, i);\n        }\n    }\n    return sum;\n}\n\ndeclare var require: any;\nconst assert = require('node:assert');\n\n\nfunction test() {\n  let candidate = even_binomial_Coeff_Sum;\n  assert.deepEqual(candidate(4),8);\n  assert.deepEqual(candidate(6),32);\n  assert.deepEqual(candidate(2),2);\n}\n\ntest();",
      "timestamp": 1665510130,
      "stdout": "../../../../tmp/tmprql_ovzc.ts(6,20): error TS2304: Cannot find name 'binomial_Coeff'.\n",
      "stderr": "",
      "exit_code": 2,
      "status": "SyntaxError"
    },
    {
      "program": "//Write a tsthon function that takes in a positive integer n and finds the sum of even index binomial coefficients.\nfunction even_binomial_Coeff_Sum(n: number): number {\n    let sum = 0;\n    for (let i = 0; i <= n; i++) {\n        if (i % 2 === 0) {\n            sum += binomial_Coeff(n, i);\n        }\n    }\n    return sum;\n}\n\ndeclare var require: any;\nconst assert = require('node:assert');\n\n\nfunction test() {\n  let candidate = even_binomial_Coeff_Sum;\n  assert.deepEqual(candidate(4),8);\n  assert.deepEqual(candidate(6),32);\n  assert.deepEqual(candidate(2),2);\n}\n\ntest();",
      "timestamp": 1665510130,
      "stdout": "../../../../tmp/tmprql_ovzc.ts(6,20): error TS2304: Cannot find name 'binomial_Coeff'.\n",
      "stderr": "",
      "exit_code": 2,
      "status": "SyntaxError"
    },
    {
      "program": "//Write a tsthon function that takes in a positive integer n and finds the sum of even index binomial coefficients.\nfunction even_binomial_Coeff_Sum(n: number): number {\n  let sum = 0;\n  for (let i = 0; i < n; i++) {\n    if (i % 2 === 0) {\n      sum += binomial_Coeff(n, i);\n    }\n  }\n  return sum;\n}\n\ndeclare var require: any;\nconst assert = require('node:assert');\n\n\nfunction test() {\n  let candidate = even_binomial_Coeff_Sum;\n  assert.deepEqual(candidate(4),8);\n  assert.deepEqual(candidate(6),32);\n  assert.deepEqual(candidate(2),2);\n}\n\ntest();",
      "timestamp": 1665510130,
      "stdout": "../../../../tmp/tmp26mdt1j3.ts(6,14): error TS2304: Cannot find name 'binomial_Coeff'.\n",
      "stderr": "",
      "exit_code": 2,
      "status": "SyntaxError"
    },
    {
      "program": "//Write a tsthon function that takes in a positive integer n and finds the sum of even index binomial coefficients.\nfunction even_binomial_Coeff_Sum(n: number): number {\n    let sum = 0;\n    for (let i = 0; i < n; i++) {\n        if (i % 2 === 0) {\n            sum += binomial_Coeff(n, i);\n        }\n    }\n    return sum;\n}\n\ndeclare var require: any;\nconst assert = require('node:assert');\n\n\nfunction test() {\n  let candidate = even_binomial_Coeff_Sum;\n  assert.deepEqual(candidate(4),8);\n  assert.deepEqual(candidate(6),32);\n  assert.deepEqual(candidate(2),2);\n}\n\ntest();",
      "timestamp": 1665510130,
      "stdout": "../../../../tmp/tmpf8o567to.ts(6,20): error TS2304: Cannot find name 'binomial_Coeff'.\n",
      "stderr": "",
      "exit_code": 2,
      "status": "SyntaxError"
    },
    {
      "program": "//Write a tsthon function that takes in a positive integer n and finds the sum of even index binomial coefficients.\nfunction even_binomial_Coeff_Sum(n: number): number {\n  let sum = 0;\n  for (let i = 0; i < n; i++) {\n    if (i % 2 === 0) {\n      sum += binomial_Coeff(n, i);\n    }\n  }\n  return sum;\n}\n\ndeclare var require: any;\nconst assert = require('node:assert');\n\n\nfunction test() {\n  let candidate = even_binomial_Coeff_Sum;\n  assert.deepEqual(candidate(4),8);\n  assert.deepEqual(candidate(6),32);\n  assert.deepEqual(candidate(2),2);\n}\n\ntest();",
      "timestamp": 1665510130,
      "stdout": "../../../../tmp/tmp26mdt1j3.ts(6,14): error TS2304: Cannot find name 'binomial_Coeff'.\n",
      "stderr": "",
      "exit_code": 2,
      "status": "SyntaxError"
    },
    {
      "program": "//Write a tsthon function that takes in a positive integer n and finds the sum of even index binomial coefficients.\nfunction even_binomial_Coeff_Sum(n: number): number {\n  let sum = 0;\n  for (let i = 0; i <= n; i += 2) {\n    sum += binomial_Coeff(n, i);\n  }\n  return sum;\n}\n\ndeclare var require: any;\nconst assert = require('node:assert');\n\n\nfunction test() {\n  let candidate = even_binomial_Coeff_Sum;\n  assert.deepEqual(candidate(4),8);\n  assert.deepEqual(candidate(6),32);\n  assert.deepEqual(candidate(2),2);\n}\n\ntest();",
      "timestamp": 1665510130,
      "stdout": "../../../../tmp/tmpqb2b_csh.ts(5,12): error TS2304: Cannot find name 'binomial_Coeff'.\n",
      "stderr": "",
      "exit_code": 2,
      "status": "SyntaxError"
    },
    {
      "program": "//Write a tsthon function that takes in a positive integer n and finds the sum of even index binomial coefficients.\nfunction even_binomial_Coeff_Sum(n: number): number {\n  let sum = 0;\n  for (let i = 0; i < n; i++) {\n    if (i % 2 === 0) {\n      sum += binomial_Coeff(n, i);\n    }\n  }\n  return sum;\n}\n\ndeclare var require: any;\nconst assert = require('node:assert');\n\n\nfunction test() {\n  let candidate = even_binomial_Coeff_Sum;\n  assert.deepEqual(candidate(4),8);\n  assert.deepEqual(candidate(6),32);\n  assert.deepEqual(candidate(2),2);\n}\n\ntest();",
      "timestamp": 1665510130,
      "stdout": "../../../../tmp/tmp26mdt1j3.ts(6,14): error TS2304: Cannot find name 'binomial_Coeff'.\n",
      "stderr": "",
      "exit_code": 2,
      "status": "SyntaxError"
    },
    {
      "program": "//Write a tsthon function that takes in a positive integer n and finds the sum of even index binomial coefficients.\nfunction even_binomial_Coeff_Sum(n: number): number {\n    let sum = 0;\n    for (let i = 0; i < n; i++) {\n        if (i % 2 === 0) {\n            sum += binomial_Coeff(n, i);\n        }\n    }\n    return sum;\n}\n\ndeclare var require: any;\nconst assert = require('node:assert');\n\n\nfunction test() {\n  let candidate = even_binomial_Coeff_Sum;\n  assert.deepEqual(candidate(4),8);\n  assert.deepEqual(candidate(6),32);\n  assert.deepEqual(candidate(2),2);\n}\n\ntest();",
      "timestamp": 1665510130,
      "stdout": "../../../../tmp/tmpf8o567to.ts(6,20): error TS2304: Cannot find name 'binomial_Coeff'.\n",
      "stderr": "",
      "exit_code": 2,
      "status": "SyntaxError"
    },
    {
      "program": "//Write a tsthon function that takes in a positive integer n and finds the sum of even index binomial coefficients.\nfunction even_binomial_Coeff_Sum(n: number): number {\n  let sum = 0;\n  for (let i = 0; i < n; i++) {\n    if (i % 2 === 0) {\n      sum += binomialCoeff(n, i);\n    }\n  }\n  return sum;\n}\n\ndeclare var require: any;\nconst assert = require('node:assert');\n\n\nfunction test() {\n  let candidate = even_binomial_Coeff_Sum;\n  assert.deepEqual(candidate(4),8);\n  assert.deepEqual(candidate(6),32);\n  assert.deepEqual(candidate(2),2);\n}\n\ntest();",
      "timestamp": 1665510130,
      "stdout": "../../../../tmp/tmpe20prr85.ts(6,14): error TS2304: Cannot find name 'binomialCoeff'.\n",
      "stderr": "",
      "exit_code": 2,
      "status": "SyntaxError"
    },
    {
      "program": "//Write a tsthon function that takes in a positive integer n and finds the sum of even index binomial coefficients.\nfunction even_binomial_Coeff_Sum(n: number): number {\n  let sum = 0;\n  for (let i = 0; i <= n; i += 2) {\n    sum += binomial_Coeff(n, i);\n  }\n  return sum;\n}\n\ndeclare var require: any;\nconst assert = require('node:assert');\n\n\nfunction test() {\n  let candidate = even_binomial_Coeff_Sum;\n  assert.deepEqual(candidate(4),8);\n  assert.deepEqual(candidate(6),32);\n  assert.deepEqual(candidate(2),2);\n}\n\ntest();",
      "timestamp": 1665510130,
      "stdout": "../../../../tmp/tmpqb2b_csh.ts(5,12): error TS2304: Cannot find name 'binomial_Coeff'.\n",
      "stderr": "",
      "exit_code": 2,
      "status": "SyntaxError"
    },
    {
      "program": "//Write a tsthon function that takes in a positive integer n and finds the sum of even index binomial coefficients.\nfunction even_binomial_Coeff_Sum(n: number): number {\n    let sum = 0;\n    for (let i = 0; i < n; i++) {\n        if (i % 2 === 0) {\n            sum += binomial_Coeff(n, i);\n        }\n    }\n    return sum;\n}\n\ndeclare var require: any;\nconst assert = require('node:assert');\n\n\nfunction test() {\n  let candidate = even_binomial_Coeff_Sum;\n  assert.deepEqual(candidate(4),8);\n  assert.deepEqual(candidate(6),32);\n  assert.deepEqual(candidate(2),2);\n}\n\ntest();",
      "timestamp": 1665510130,
      "stdout": "../../../../tmp/tmpf8o567to.ts(6,20): error TS2304: Cannot find name 'binomial_Coeff'.\n",
      "stderr": "",
      "exit_code": 2,
      "status": "SyntaxError"
    },
    {
      "program": "//Write a tsthon function that takes in a positive integer n and finds the sum of even index binomial coefficients.\nfunction even_binomial_Coeff_Sum(n: number): number {\n  let sum = 0;\n  for (let i = 0; i < n; i++) {\n    if (i % 2 === 0) {\n      sum += binomialCoeff(n, i);\n    }\n  }\n  return sum;\n}\n\nconsole.log(even_binomial_Coeff_Sum(5));\n\ndeclare var require: any;\nconst assert = require('node:assert');\n\n\nfunction test() {\n  let candidate = even_binomial_Coeff_Sum;\n  assert.deepEqual(candidate(4),8);\n  assert.deepEqual(candidate(6),32);\n  assert.deepEqual(candidate(2),2);\n}\n\ntest();",
      "timestamp": 1666122828,
      "stdout": "../../../../tmp/tmp65awmebw.ts(6,14): error TS2304: Cannot find name 'binomialCoeff'.\n",
      "stderr": "",
      "exit_code": 2,
      "status": "SyntaxError"
    },
    {
      "program": "//Write a tsthon function that takes in a positive integer n and finds the sum of even index binomial coefficients.\nfunction even_binomial_Coeff_Sum(n: number): number {\n  let sum = 0;\n  for (let i = 0; i < n; i++) {\n    if (i % 2 === 0) {\n      sum += binomial_Coeff(n, i);\n    }\n  }\n  return sum;\n}\n\ndeclare var require: any;\nconst assert = require('node:assert');\n\n\nfunction test() {\n  let candidate = even_binomial_Coeff_Sum;\n  assert.deepEqual(candidate(4),8);\n  assert.deepEqual(candidate(6),32);\n  assert.deepEqual(candidate(2),2);\n}\n\ntest();",
      "timestamp": 1665510130,
      "stdout": "../../../../tmp/tmp26mdt1j3.ts(6,14): error TS2304: Cannot find name 'binomial_Coeff'.\n",
      "stderr": "",
      "exit_code": 2,
      "status": "SyntaxError"
    },
    {
      "program": "//Write a tsthon function that takes in a positive integer n and finds the sum of even index binomial coefficients.\nfunction even_binomial_Coeff_Sum(n: number): number {\n  let sum = 0;\n  for (let i = 0; i < n; i++) {\n    if (i % 2 === 0) {\n      sum += binomial_Coeff(n, i);\n    }\n  }\n  return sum;\n}\n\ndeclare var require: any;\nconst assert = require('node:assert');\n\n\nfunction test() {\n  let candidate = even_binomial_Coeff_Sum;\n  assert.deepEqual(candidate(4),8);\n  assert.deepEqual(candidate(6),32);\n  assert.deepEqual(candidate(2),2);\n}\n\ntest();",
      "timestamp": 1665510130,
      "stdout": "../../../../tmp/tmp26mdt1j3.ts(6,14): error TS2304: Cannot find name 'binomial_Coeff'.\n",
      "stderr": "",
      "exit_code": 2,
      "status": "SyntaxError"
    },
    {
      "program": "//Write a tsthon function that takes in a positive integer n and finds the sum of even index binomial coefficients.\nfunction even_binomial_Coeff_Sum(n: number): number {\n  let sum = 0;\n  for (let i = 0; i < n; i++) {\n    if (i % 2 === 0) {\n      sum += binomial_Coeff(n, i);\n    }\n  }\n  return sum;\n}\n\ndeclare var require: any;\nconst assert = require('node:assert');\n\n\nfunction test() {\n  let candidate = even_binomial_Coeff_Sum;\n  assert.deepEqual(candidate(4),8);\n  assert.deepEqual(candidate(6),32);\n  assert.deepEqual(candidate(2),2);\n}\n\ntest();",
      "timestamp": 1665510130,
      "stdout": "../../../../tmp/tmp26mdt1j3.ts(6,14): error TS2304: Cannot find name 'binomial_Coeff'.\n",
      "stderr": "",
      "exit_code": 2,
      "status": "SyntaxError"
    },
    {
      "program": "//Write a tsthon function that takes in a positive integer n and finds the sum of even index binomial coefficients.\nfunction even_binomial_Coeff_Sum(n: number): number {\n    let sum = 0;\n    for (let i = 0; i < n; i += 2) {\n        sum += binomial_Coeff(n, i);\n    }\n    return sum;\n}\n\ndeclare var require: any;\nconst assert = require('node:assert');\n\n\nfunction test() {\n  let candidate = even_binomial_Coeff_Sum;\n  assert.deepEqual(candidate(4),8);\n  assert.deepEqual(candidate(6),32);\n  assert.deepEqual(candidate(2),2);\n}\n\ntest();",
      "timestamp": 1665510130,
      "stdout": "../../../../tmp/tmp1srjz_rl.ts(5,16): error TS2304: Cannot find name 'binomial_Coeff'.\n",
      "stderr": "",
      "exit_code": 2,
      "status": "SyntaxError"
    },
    {
      "program": "//Write a tsthon function that takes in a positive integer n and finds the sum of even index binomial coefficients.\nfunction even_binomial_Coeff_Sum(n: number): number {\n  let sum = 0;\n  for (let i = 0; i < n; i++) {\n    if (i % 2 === 0) {\n      sum += binomial_Coeff(n, i);\n    }\n  }\n  return sum;\n}\n\ndeclare var require: any;\nconst assert = require('node:assert');\n\n\nfunction test() {\n  let candidate = even_binomial_Coeff_Sum;\n  assert.deepEqual(candidate(4),8);\n  assert.deepEqual(candidate(6),32);\n  assert.deepEqual(candidate(2),2);\n}\n\ntest();",
      "timestamp": 1665510130,
      "stdout": "../../../../tmp/tmp26mdt1j3.ts(6,14): error TS2304: Cannot find name 'binomial_Coeff'.\n",
      "stderr": "",
      "exit_code": 2,
      "status": "SyntaxError"
    },
    {
      "program": "//Write a tsthon function that takes in a positive integer n and finds the sum of even index binomial coefficients.\nfunction even_binomial_Coeff_Sum(n: number): number {\n    let sum = 0;\n    for (let i = 0; i <= n; i++) {\n        if (i % 2 === 0) {\n            sum += binomial_Coeff(n, i);\n        }\n    }\n    return sum;\n}\n\ndeclare var require: any;\nconst assert = require('node:assert');\n\n\nfunction test() {\n  let candidate = even_binomial_Coeff_Sum;\n  assert.deepEqual(candidate(4),8);\n  assert.deepEqual(candidate(6),32);\n  assert.deepEqual(candidate(2),2);\n}\n\ntest();",
      "timestamp": 1665510130,
      "stdout": "../../../../tmp/tmprql_ovzc.ts(6,20): error TS2304: Cannot find name 'binomial_Coeff'.\n",
      "stderr": "",
      "exit_code": 2,
      "status": "SyntaxError"
    },
    {
      "program": "//Write a tsthon function that takes in a positive integer n and finds the sum of even index binomial coefficients.\nfunction even_binomial_Coeff_Sum(n: number): number {\n    let sum = 0;\n    for (let i = 0; i <= n; i++) {\n        if (i % 2 == 0) {\n            sum += binomial_Coeff(n, i);\n        }\n    }\n    return sum;\n}\n\ndeclare var require: any;\nconst assert = require('node:assert');\n\n\nfunction test() {\n  let candidate = even_binomial_Coeff_Sum;\n  assert.deepEqual(candidate(4),8);\n  assert.deepEqual(candidate(6),32);\n  assert.deepEqual(candidate(2),2);\n}\n\ntest();",
      "timestamp": 1666122828,
      "stdout": "../../../../tmp/tmp9yiyyh4p.ts(6,20): error TS2304: Cannot find name 'binomial_Coeff'.\n",
      "stderr": "",
      "exit_code": 2,
      "status": "SyntaxError"
    },
    {
      "program": "//Write a tsthon function that takes in a positive integer n and finds the sum of even index binomial coefficients.\nfunction even_binomial_Coeff_Sum(n: number): number {\n    let sum = 0;\n    for (let i = 0; i <= n; i += 2) {\n        sum += binomial_Coeff(n, i);\n    }\n    return sum;\n}\n\ndeclare var require: any;\nconst assert = require('node:assert');\n\n\nfunction test() {\n  let candidate = even_binomial_Coeff_Sum;\n  assert.deepEqual(candidate(4),8);\n  assert.deepEqual(candidate(6),32);\n  assert.deepEqual(candidate(2),2);\n}\n\ntest();",
      "timestamp": 1665510130,
      "stdout": "../../../../tmp/tmps8wihopb.ts(5,16): error TS2304: Cannot find name 'binomial_Coeff'.\n",
      "stderr": "",
      "exit_code": 2,
      "status": "SyntaxError"
    },
    {
      "program": "//Write a tsthon function that takes in a positive integer n and finds the sum of even index binomial coefficients.\nfunction even_binomial_Coeff_Sum(n: number): number {\n  let sum = 0;\n  for (let i = 0; i < n; i++) {\n    if (i % 2 === 0) {\n      sum += binomialCoeff(n, i);\n    }\n  }\n  return sum;\n}\n\ndeclare var require: any;\nconst assert = require('node:assert');\n\n\nfunction test() {\n  let candidate = even_binomial_Coeff_Sum;\n  assert.deepEqual(candidate(4),8);\n  assert.deepEqual(candidate(6),32);\n  assert.deepEqual(candidate(2),2);\n}\n\ntest();",
      "timestamp": 1665510130,
      "stdout": "../../../../tmp/tmpe20prr85.ts(6,14): error TS2304: Cannot find name 'binomialCoeff'.\n",
      "stderr": "",
      "exit_code": 2,
      "status": "SyntaxError"
    },
    {
      "program": "//Write a tsthon function that takes in a positive integer n and finds the sum of even index binomial coefficients.\nfunction even_binomial_Coeff_Sum(n: number): number {\n    let sum = 0;\n    for (let i = 0; i <= n; i++) {\n        if (i % 2 === 0) {\n            sum += binomial_Coeff(n, i);\n        }\n    }\n    return sum;\n}\n\ndeclare var require: any;\nconst assert = require('node:assert');\n\n\nfunction test() {\n  let candidate = even_binomial_Coeff_Sum;\n  assert.deepEqual(candidate(4),8);\n  assert.deepEqual(candidate(6),32);\n  assert.deepEqual(candidate(2),2);\n}\n\ntest();",
      "timestamp": 1665510130,
      "stdout": "../../../../tmp/tmprql_ovzc.ts(6,20): error TS2304: Cannot find name 'binomial_Coeff'.\n",
      "stderr": "",
      "exit_code": 2,
      "status": "SyntaxError"
    },
    {
      "program": "//Write a tsthon function that takes in a positive integer n and finds the sum of even index binomial coefficients.\nfunction even_binomial_Coeff_Sum(n: number): number {\n  let sum = 0;\n  for (let i = 0; i <= n; i++) {\n    if (i % 2 === 0) {\n      sum += binomial_Coeff(n, i);\n    }\n  }\n  return sum;\n}\n\ndeclare var require: any;\nconst assert = require('node:assert');\n\n\nfunction test() {\n  let candidate = even_binomial_Coeff_Sum;\n  assert.deepEqual(candidate(4),8);\n  assert.deepEqual(candidate(6),32);\n  assert.deepEqual(candidate(2),2);\n}\n\ntest();",
      "timestamp": 1666122828,
      "stdout": "../../../../tmp/tmppa1bf5dp.ts(6,14): error TS2304: Cannot find name 'binomial_Coeff'.\n",
      "stderr": "",
      "exit_code": 2,
      "status": "SyntaxError"
    },
    {
      "program": "//Write a tsthon function that takes in a positive integer n and finds the sum of even index binomial coefficients.\nfunction even_binomial_Coeff_Sum(n: number): number {\n    let sum = 0;\n    for (let i = 0; i <= n; i++) {\n        if (i % 2 === 0) {\n            sum += binomial_Coeff(n, i);\n        }\n    }\n    return sum;\n}\n\ndeclare var require: any;\nconst assert = require('node:assert');\n\n\nfunction test() {\n  let candidate = even_binomial_Coeff_Sum;\n  assert.deepEqual(candidate(4),8);\n  assert.deepEqual(candidate(6),32);\n  assert.deepEqual(candidate(2),2);\n}\n\ntest();",
      "timestamp": 1665510130,
      "stdout": "../../../../tmp/tmprql_ovzc.ts(6,20): error TS2304: Cannot find name 'binomial_Coeff'.\n",
      "stderr": "",
      "exit_code": 2,
      "status": "SyntaxError"
    },
    {
      "program": "//Write a tsthon function that takes in a positive integer n and finds the sum of even index binomial coefficients.\nfunction even_binomial_Coeff_Sum(n: number): number {\n    let sum: number = 0;\n    for (let i = 0; i <= n; i = i + 2) {\n        sum = sum + binomial_Coeff(n, i);\n    }\n    return sum;\n}\n\ndeclare var require: any;\nconst assert = require('node:assert');\n\n\nfunction test() {\n  let candidate = even_binomial_Coeff_Sum;\n  assert.deepEqual(candidate(4),8);\n  assert.deepEqual(candidate(6),32);\n  assert.deepEqual(candidate(2),2);\n}\n\ntest();",
      "timestamp": 1666122828,
      "stdout": "../../../../tmp/tmppqjwrjs2.ts(5,21): error TS2304: Cannot find name 'binomial_Coeff'.\n",
      "stderr": "",
      "exit_code": 2,
      "status": "SyntaxError"
    },
    {
      "program": "//Write a tsthon function that takes in a positive integer n and finds the sum of even index binomial coefficients.\nfunction even_binomial_Coeff_Sum(n: number): number {\n  let sum = 0;\n  for (let i = 0; i < n; i++) {\n    if (i % 2 === 0) {\n      sum += binomial_Coeff(n, i);\n    }\n  }\n  return sum;\n}\n\ndeclare var require: any;\nconst assert = require('node:assert');\n\n\nfunction test() {\n  let candidate = even_binomial_Coeff_Sum;\n  assert.deepEqual(candidate(4),8);\n  assert.deepEqual(candidate(6),32);\n  assert.deepEqual(candidate(2),2);\n}\n\ntest();",
      "timestamp": 1665510130,
      "stdout": "../../../../tmp/tmp26mdt1j3.ts(6,14): error TS2304: Cannot find name 'binomial_Coeff'.\n",
      "stderr": "",
      "exit_code": 2,
      "status": "SyntaxError"
    },
    {
      "program": "//Write a tsthon function that takes in a positive integer n and finds the sum of even index binomial coefficients.\nfunction even_binomial_Coeff_Sum(n: number): number {\n    let sum = 0;\n    for (let i = 0; i < n; i++) {\n        if (i % 2 === 0) {\n            sum += binomial_Coeff(n, i);\n        }\n    }\n    return sum;\n}\n\ndeclare var require: any;\nconst assert = require('node:assert');\n\n\nfunction test() {\n  let candidate = even_binomial_Coeff_Sum;\n  assert.deepEqual(candidate(4),8);\n  assert.deepEqual(candidate(6),32);\n  assert.deepEqual(candidate(2),2);\n}\n\ntest();",
      "timestamp": 1665510130,
      "stdout": "../../../../tmp/tmpf8o567to.ts(6,20): error TS2304: Cannot find name 'binomial_Coeff'.\n",
      "stderr": "",
      "exit_code": 2,
      "status": "SyntaxError"
    },
    {
      "program": "//Write a tsthon function that takes in a positive integer n and finds the sum of even index binomial coefficients.\nfunction even_binomial_Coeff_Sum(n: number): number {\n  let sum = 0;\n  for (let i = 0; i <= n; i++) {\n    if (i % 2 === 0) {\n      sum += binomial_Coeff(n, i);\n    }\n  }\n  return sum;\n}\n\ndeclare var require: any;\nconst assert = require('node:assert');\n\n\nfunction test() {\n  let candidate = even_binomial_Coeff_Sum;\n  assert.deepEqual(candidate(4),8);\n  assert.deepEqual(candidate(6),32);\n  assert.deepEqual(candidate(2),2);\n}\n\ntest();",
      "timestamp": 1666122828,
      "stdout": "../../../../tmp/tmppa1bf5dp.ts(6,14): error TS2304: Cannot find name 'binomial_Coeff'.\n",
      "stderr": "",
      "exit_code": 2,
      "status": "SyntaxError"
    },
    {
      "program": "//Write a tsthon function that takes in a positive integer n and finds the sum of even index binomial coefficients.\nfunction even_binomial_Coeff_Sum(n: number): number {\n    let sum = 0;\n    for (let i = 0; i <= n; i += 2) {\n        sum += binomial_Coeff(n, i);\n    }\n    return sum;\n}\n\ndeclare var require: any;\nconst assert = require('node:assert');\n\n\nfunction test() {\n  let candidate = even_binomial_Coeff_Sum;\n  assert.deepEqual(candidate(4),8);\n  assert.deepEqual(candidate(6),32);\n  assert.deepEqual(candidate(2),2);\n}\n\ntest();",
      "timestamp": 1665510130,
      "stdout": "../../../../tmp/tmps8wihopb.ts(5,16): error TS2304: Cannot find name 'binomial_Coeff'.\n",
      "stderr": "",
      "exit_code": 2,
      "status": "SyntaxError"
    },
    {
      "program": "//Write a tsthon function that takes in a positive integer n and finds the sum of even index binomial coefficients.\nfunction even_binomial_Coeff_Sum(n: number): number {\n  let sum = 0;\n  for (let i = 0; i < n; i++) {\n    if (i % 2 === 0) {\n      sum += binomial_Coeff(n, i);\n    }\n  }\n  return sum;\n}\n\ndeclare var require: any;\nconst assert = require('node:assert');\n\n\nfunction test() {\n  let candidate = even_binomial_Coeff_Sum;\n  assert.deepEqual(candidate(4),8);\n  assert.deepEqual(candidate(6),32);\n  assert.deepEqual(candidate(2),2);\n}\n\ntest();",
      "timestamp": 1665510130,
      "stdout": "../../../../tmp/tmp26mdt1j3.ts(6,14): error TS2304: Cannot find name 'binomial_Coeff'.\n",
      "stderr": "",
      "exit_code": 2,
      "status": "SyntaxError"
    },
    {
      "program": "//Write a tsthon function that takes in a positive integer n and finds the sum of even index binomial coefficients.\nfunction even_binomial_Coeff_Sum(n: number): number {\n    let sum = 0;\n    for (let i = 0; i <= n; i += 2) {\n        sum += binomial_Coeff(n, i);\n    }\n    return sum;\n}\n\ndeclare var require: any;\nconst assert = require('node:assert');\n\n\nfunction test() {\n  let candidate = even_binomial_Coeff_Sum;\n  assert.deepEqual(candidate(4),8);\n  assert.deepEqual(candidate(6),32);\n  assert.deepEqual(candidate(2),2);\n}\n\ntest();",
      "timestamp": 1665510130,
      "stdout": "../../../../tmp/tmps8wihopb.ts(5,16): error TS2304: Cannot find name 'binomial_Coeff'.\n",
      "stderr": "",
      "exit_code": 2,
      "status": "SyntaxError"
    },
    {
      "program": "//Write a tsthon function that takes in a positive integer n and finds the sum of even index binomial coefficients.\nfunction even_binomial_Coeff_Sum(n: number): number {\n    let sum = 0;\n    for (let i = 0; i <= n; i++) {\n        if (i % 2 == 0) {\n            sum += binomial_Coeff(n, i);\n        }\n    }\n    return sum;\n}\n\ndeclare var require: any;\nconst assert = require('node:assert');\n\n\nfunction test() {\n  let candidate = even_binomial_Coeff_Sum;\n  assert.deepEqual(candidate(4),8);\n  assert.deepEqual(candidate(6),32);\n  assert.deepEqual(candidate(2),2);\n}\n\ntest();",
      "timestamp": 1666122828,
      "stdout": "../../../../tmp/tmp9yiyyh4p.ts(6,20): error TS2304: Cannot find name 'binomial_Coeff'.\n",
      "stderr": "",
      "exit_code": 2,
      "status": "SyntaxError"
    },
    {
      "program": "//Write a tsthon function that takes in a positive integer n and finds the sum of even index binomial coefficients.\nfunction even_binomial_Coeff_Sum(n: number): number {\n  let sum = 0;\n  for (let i = 0; i <= n; i += 2) {\n    sum += binomial_Coeff(n, i);\n  }\n  return sum;\n}\n\ndeclare var require: any;\nconst assert = require('node:assert');\n\n\nfunction test() {\n  let candidate = even_binomial_Coeff_Sum;\n  assert.deepEqual(candidate(4),8);\n  assert.deepEqual(candidate(6),32);\n  assert.deepEqual(candidate(2),2);\n}\n\ntest();",
      "timestamp": 1665510130,
      "stdout": "../../../../tmp/tmpqb2b_csh.ts(5,12): error TS2304: Cannot find name 'binomial_Coeff'.\n",
      "stderr": "",
      "exit_code": 2,
      "status": "SyntaxError"
    },
    {
      "program": "//Write a tsthon function that takes in a positive integer n and finds the sum of even index binomial coefficients.\nfunction even_binomial_Coeff_Sum(n: number): number {\n    let sum = 0;\n    for (let i = 0; i < n; i++) {\n        if (i % 2 === 0) {\n            sum += binomial_Coeff(n, i);\n        }\n    }\n    return sum;\n}\n\ndeclare var require: any;\nconst assert = require('node:assert');\n\n\nfunction test() {\n  let candidate = even_binomial_Coeff_Sum;\n  assert.deepEqual(candidate(4),8);\n  assert.deepEqual(candidate(6),32);\n  assert.deepEqual(candidate(2),2);\n}\n\ntest();",
      "timestamp": 1665510130,
      "stdout": "../../../../tmp/tmpf8o567to.ts(6,20): error TS2304: Cannot find name 'binomial_Coeff'.\n",
      "stderr": "",
      "exit_code": 2,
      "status": "SyntaxError"
    },
    {
      "program": "//Write a tsthon function that takes in a positive integer n and finds the sum of even index binomial coefficients.\nfunction even_binomial_Coeff_Sum(n: number): number {\n  let sum = 0;\n  for (let i = 0; i < n; i++) {\n    if (i % 2 === 0) {\n      sum += binomial_Coeff(n, i);\n    }\n  }\n  return sum;\n}\n\ndeclare var require: any;\nconst assert = require('node:assert');\n\n\nfunction test() {\n  let candidate = even_binomial_Coeff_Sum;\n  assert.deepEqual(candidate(4),8);\n  assert.deepEqual(candidate(6),32);\n  assert.deepEqual(candidate(2),2);\n}\n\ntest();",
      "timestamp": 1665510130,
      "stdout": "../../../../tmp/tmp26mdt1j3.ts(6,14): error TS2304: Cannot find name 'binomial_Coeff'.\n",
      "stderr": "",
      "exit_code": 2,
      "status": "SyntaxError"
    },
    {
      "program": "//Write a tsthon function that takes in a positive integer n and finds the sum of even index binomial coefficients.\nfunction even_binomial_Coeff_Sum(n: number): number {\n  let sum = 0;\n  for (let i = 0; i <= n; i += 2) {\n    sum += binomial_Coeff(n, i);\n  }\n  return sum;\n}\n\ndeclare var require: any;\nconst assert = require('node:assert');\n\n\nfunction test() {\n  let candidate = even_binomial_Coeff_Sum;\n  assert.deepEqual(candidate(4),8);\n  assert.deepEqual(candidate(6),32);\n  assert.deepEqual(candidate(2),2);\n}\n\ntest();",
      "timestamp": 1665510130,
      "stdout": "../../../../tmp/tmpqb2b_csh.ts(5,12): error TS2304: Cannot find name 'binomial_Coeff'.\n",
      "stderr": "",
      "exit_code": 2,
      "status": "SyntaxError"
    },
    {
      "program": "//Write a tsthon function that takes in a positive integer n and finds the sum of even index binomial coefficients.\nfunction even_binomial_Coeff_Sum(n: number): number {\n    let sum = 0;\n    for (let i = 0; i <= n; i += 2) {\n        sum += binomial_Coeff(n, i);\n    }\n    return sum;\n}\n\ndeclare var require: any;\nconst assert = require('node:assert');\n\n\nfunction test() {\n  let candidate = even_binomial_Coeff_Sum;\n  assert.deepEqual(candidate(4),8);\n  assert.deepEqual(candidate(6),32);\n  assert.deepEqual(candidate(2),2);\n}\n\ntest();",
      "timestamp": 1665510130,
      "stdout": "../../../../tmp/tmps8wihopb.ts(5,16): error TS2304: Cannot find name 'binomial_Coeff'.\n",
      "stderr": "",
      "exit_code": 2,
      "status": "SyntaxError"
    },
    {
      "program": "//Write a tsthon function that takes in a positive integer n and finds the sum of even index binomial coefficients.\nfunction even_binomial_Coeff_Sum(n: number): number {\n    let sum = 0;\n    for (let i = 0; i < n; i++) {\n        if (i % 2 === 0) {\n            sum += binomial_Coeff(n, i);\n        }\n    }\n    return sum;\n}\n\ndeclare var require: any;\nconst assert = require('node:assert');\n\n\nfunction test() {\n  let candidate = even_binomial_Coeff_Sum;\n  assert.deepEqual(candidate(4),8);\n  assert.deepEqual(candidate(6),32);\n  assert.deepEqual(candidate(2),2);\n}\n\ntest();",
      "timestamp": 1665510130,
      "stdout": "../../../../tmp/tmpf8o567to.ts(6,20): error TS2304: Cannot find name 'binomial_Coeff'.\n",
      "stderr": "",
      "exit_code": 2,
      "status": "SyntaxError"
    },
    {
      "program": "//Write a tsthon function that takes in a positive integer n and finds the sum of even index binomial coefficients.\nfunction even_binomial_Coeff_Sum(n: number): number {\n  let sum = 0;\n  for (let i = 0; i <= n; i += 2) {\n    sum += binomialCoeff(n, i);\n  }\n  return sum;\n}\n\ndeclare var require: any;\nconst assert = require('node:assert');\n\n\nfunction test() {\n  let candidate = even_binomial_Coeff_Sum;\n  assert.deepEqual(candidate(4),8);\n  assert.deepEqual(candidate(6),32);\n  assert.deepEqual(candidate(2),2);\n}\n\ntest();",
      "timestamp": 1665510130,
      "stdout": "../../../../tmp/tmpmnmbrz_7.ts(5,12): error TS2304: Cannot find name 'binomialCoeff'.\n",
      "stderr": "",
      "exit_code": 2,
      "status": "SyntaxError"
    },
    {
      "program": "//Write a tsthon function that takes in a positive integer n and finds the sum of even index binomial coefficients.\nfunction even_binomial_Coeff_Sum(n: number): number {\n    let sum = 0;\n    for (let i = 0; i <= n; i += 2) {\n        sum += binomial_Coeff(n, i);\n    }\n    return sum;\n}\n\ndeclare var require: any;\nconst assert = require('node:assert');\n\n\nfunction test() {\n  let candidate = even_binomial_Coeff_Sum;\n  assert.deepEqual(candidate(4),8);\n  assert.deepEqual(candidate(6),32);\n  assert.deepEqual(candidate(2),2);\n}\n\ntest();",
      "timestamp": 1665510130,
      "stdout": "../../../../tmp/tmps8wihopb.ts(5,16): error TS2304: Cannot find name 'binomial_Coeff'.\n",
      "stderr": "",
      "exit_code": 2,
      "status": "SyntaxError"
    },
    {
      "program": "//Write a tsthon function that takes in a positive integer n and finds the sum of even index binomial coefficients.\nfunction even_binomial_Coeff_Sum(n: number): number {\n  let sum = 0;\n  for (let i = 0; i < n; i++) {\n    if (i % 2 === 0) {\n      sum += binomialCoeff(n, i);\n    }\n  }\n  return sum;\n}\n\nconsole.log(even_binomial_Coeff_Sum(4));\n\ndeclare var require: any;\nconst assert = require('node:assert');\n\n\nfunction test() {\n  let candidate = even_binomial_Coeff_Sum;\n  assert.deepEqual(candidate(4),8);\n  assert.deepEqual(candidate(6),32);\n  assert.deepEqual(candidate(2),2);\n}\n\ntest();",
      "timestamp": 1666122828,
      "stdout": "../../../../tmp/tmpeyayh0xy.ts(6,14): error TS2304: Cannot find name 'binomialCoeff'.\n",
      "stderr": "",
      "exit_code": 2,
      "status": "SyntaxError"
    },
    {
      "program": "//Write a tsthon function that takes in a positive integer n and finds the sum of even index binomial coefficients.\nfunction even_binomial_Coeff_Sum(n: number): number {\n  let sum = 0;\n  for (let i = 0; i <= n; i++) {\n    if (i % 2 === 0) {\n      sum += binomialCoeff(n, i);\n    }\n  }\n  return sum;\n}\n\ndeclare var require: any;\nconst assert = require('node:assert');\n\n\nfunction test() {\n  let candidate = even_binomial_Coeff_Sum;\n  assert.deepEqual(candidate(4),8);\n  assert.deepEqual(candidate(6),32);\n  assert.deepEqual(candidate(2),2);\n}\n\ntest();",
      "timestamp": 1665510130,
      "stdout": "../../../../tmp/tmpc7kx90xi.ts(6,14): error TS2304: Cannot find name 'binomialCoeff'.\n",
      "stderr": "",
      "exit_code": 2,
      "status": "SyntaxError"
    },
    {
      "program": "//Write a tsthon function that takes in a positive integer n and finds the sum of even index binomial coefficients.\nfunction even_binomial_Coeff_Sum(n: number): number {\n    let sum = 0;\n    for (let i = 0; i <= n; i += 2) {\n        sum += binomial_Coeff(n, i);\n    }\n    return sum;\n}\n\ndeclare var require: any;\nconst assert = require('node:assert');\n\n\nfunction test() {\n  let candidate = even_binomial_Coeff_Sum;\n  assert.deepEqual(candidate(4),8);\n  assert.deepEqual(candidate(6),32);\n  assert.deepEqual(candidate(2),2);\n}\n\ntest();",
      "timestamp": 1665510130,
      "stdout": "../../../../tmp/tmps8wihopb.ts(5,16): error TS2304: Cannot find name 'binomial_Coeff'.\n",
      "stderr": "",
      "exit_code": 2,
      "status": "SyntaxError"
    },
    {
      "program": "//Write a tsthon function that takes in a positive integer n and finds the sum of even index binomial coefficients.\nfunction even_binomial_Coeff_Sum(n: number): number {\n    let sum = 0;\n    for (let i = 0; i < n; i++) {\n        if (i % 2 === 0) {\n            sum += binomial_Coeff(n, i);\n        }\n    }\n    return sum;\n}\n\ndeclare var require: any;\nconst assert = require('node:assert');\n\n\nfunction test() {\n  let candidate = even_binomial_Coeff_Sum;\n  assert.deepEqual(candidate(4),8);\n  assert.deepEqual(candidate(6),32);\n  assert.deepEqual(candidate(2),2);\n}\n\ntest();",
      "timestamp": 1665510130,
      "stdout": "../../../../tmp/tmpf8o567to.ts(6,20): error TS2304: Cannot find name 'binomial_Coeff'.\n",
      "stderr": "",
      "exit_code": 2,
      "status": "SyntaxError"
    },
    {
      "program": "//Write a tsthon function that takes in a positive integer n and finds the sum of even index binomial coefficients.\nfunction even_binomial_Coeff_Sum(n: number): number {\n  let sum = 0;\n  for (let i = 0; i < n; i++) {\n    if (i % 2 === 0) {\n      sum += binomial_Coeff(n, i);\n    }\n  }\n  return sum;\n}\n\ndeclare var require: any;\nconst assert = require('node:assert');\n\n\nfunction test() {\n  let candidate = even_binomial_Coeff_Sum;\n  assert.deepEqual(candidate(4),8);\n  assert.deepEqual(candidate(6),32);\n  assert.deepEqual(candidate(2),2);\n}\n\ntest();",
      "timestamp": 1665510130,
      "stdout": "../../../../tmp/tmp26mdt1j3.ts(6,14): error TS2304: Cannot find name 'binomial_Coeff'.\n",
      "stderr": "",
      "exit_code": 2,
      "status": "SyntaxError"
    },
    {
      "program": "//Write a tsthon function that takes in a positive integer n and finds the sum of even index binomial coefficients.\nfunction even_binomial_Coeff_Sum(n: number): number {\n  let sum = 0;\n  for (let i = 0; i < n; i++) {\n    if (i % 2 === 0) {\n      sum += binomialCoeff(n, i);\n    }\n  }\n  return sum;\n}\n\ndeclare var require: any;\nconst assert = require('node:assert');\n\n\nfunction test() {\n  let candidate = even_binomial_Coeff_Sum;\n  assert.deepEqual(candidate(4),8);\n  assert.deepEqual(candidate(6),32);\n  assert.deepEqual(candidate(2),2);\n}\n\ntest();",
      "timestamp": 1665510130,
      "stdout": "../../../../tmp/tmpe20prr85.ts(6,14): error TS2304: Cannot find name 'binomialCoeff'.\n",
      "stderr": "",
      "exit_code": 2,
      "status": "SyntaxError"
    },
    {
      "program": "//Write a tsthon function that takes in a positive integer n and finds the sum of even index binomial coefficients.\nfunction even_binomial_Coeff_Sum(n: number): number {\n    let sum = 0;\n    for (let i = 0; i <= n; i += 2) {\n        sum += binomial_Coeff(n, i);\n    }\n    return sum;\n}\n\ndeclare var require: any;\nconst assert = require('node:assert');\n\n\nfunction test() {\n  let candidate = even_binomial_Coeff_Sum;\n  assert.deepEqual(candidate(4),8);\n  assert.deepEqual(candidate(6),32);\n  assert.deepEqual(candidate(2),2);\n}\n\ntest();",
      "timestamp": 1665510130,
      "stdout": "../../../../tmp/tmps8wihopb.ts(5,16): error TS2304: Cannot find name 'binomial_Coeff'.\n",
      "stderr": "",
      "exit_code": 2,
      "status": "SyntaxError"
    },
    {
      "program": "//Write a tsthon function that takes in a positive integer n and finds the sum of even index binomial coefficients.\nfunction even_binomial_Coeff_Sum(n: number): number {\n  let sum = 0;\n  for (let i = 0; i < n; i++) {\n    if (i % 2 === 0) {\n      sum += binomial_Coeff(n, i);\n    }\n  }\n  return sum;\n}\n\ndeclare var require: any;\nconst assert = require('node:assert');\n\n\nfunction test() {\n  let candidate = even_binomial_Coeff_Sum;\n  assert.deepEqual(candidate(4),8);\n  assert.deepEqual(candidate(6),32);\n  assert.deepEqual(candidate(2),2);\n}\n\ntest();",
      "timestamp": 1665510130,
      "stdout": "../../../../tmp/tmp26mdt1j3.ts(6,14): error TS2304: Cannot find name 'binomial_Coeff'.\n",
      "stderr": "",
      "exit_code": 2,
      "status": "SyntaxError"
    },
    {
      "program": "//Write a tsthon function that takes in a positive integer n and finds the sum of even index binomial coefficients.\nfunction even_binomial_Coeff_Sum(n: number): number {\n  let sum = 0;\n  for (let i = 0; i < n; i++) {\n    if (i % 2 === 0) {\n      sum += binomial_Coeff(n, i);\n    }\n  }\n  return sum;\n}\n\ndeclare var require: any;\nconst assert = require('node:assert');\n\n\nfunction test() {\n  let candidate = even_binomial_Coeff_Sum;\n  assert.deepEqual(candidate(4),8);\n  assert.deepEqual(candidate(6),32);\n  assert.deepEqual(candidate(2),2);\n}\n\ntest();",
      "timestamp": 1665510130,
      "stdout": "../../../../tmp/tmp26mdt1j3.ts(6,14): error TS2304: Cannot find name 'binomial_Coeff'.\n",
      "stderr": "",
      "exit_code": 2,
      "status": "SyntaxError"
    },
    {
      "program": "//Write a tsthon function that takes in a positive integer n and finds the sum of even index binomial coefficients.\nfunction even_binomial_Coeff_Sum(n: number): number {\n  let sum = 0;\n  for (let i = 0; i < n; i++) {\n    if (i % 2 === 0) {\n      sum += binomialCoeff(n, i);\n    }\n  }\n  return sum;\n}\n\ndeclare var require: any;\nconst assert = require('node:assert');\n\n\nfunction test() {\n  let candidate = even_binomial_Coeff_Sum;\n  assert.deepEqual(candidate(4),8);\n  assert.deepEqual(candidate(6),32);\n  assert.deepEqual(candidate(2),2);\n}\n\ntest();",
      "timestamp": 1665510130,
      "stdout": "../../../../tmp/tmpe20prr85.ts(6,14): error TS2304: Cannot find name 'binomialCoeff'.\n",
      "stderr": "",
      "exit_code": 2,
      "status": "SyntaxError"
    },
    {
      "program": "//Write a tsthon function that takes in a positive integer n and finds the sum of even index binomial coefficients.\nfunction even_binomial_Coeff_Sum(n: number): number {\n  let sum = 0;\n  for (let i = 0; i < n; i += 2) {\n    sum += binomial_Coeff(n, i);\n  }\n  return sum;\n}\n\ndeclare var require: any;\nconst assert = require('node:assert');\n\n\nfunction test() {\n  let candidate = even_binomial_Coeff_Sum;\n  assert.deepEqual(candidate(4),8);\n  assert.deepEqual(candidate(6),32);\n  assert.deepEqual(candidate(2),2);\n}\n\ntest();",
      "timestamp": 1666122828,
      "stdout": "../../../../tmp/tmpwz1xi5t1.ts(5,12): error TS2304: Cannot find name 'binomial_Coeff'.\n",
      "stderr": "",
      "exit_code": 2,
      "status": "SyntaxError"
    },
    {
      "program": "//Write a tsthon function that takes in a positive integer n and finds the sum of even index binomial coefficients.\nfunction even_binomial_Coeff_Sum(n: number): number {\n    let sum = 0;\n    for (let i = 0; i < n; i++) {\n        if (i % 2 === 0) {\n            sum += binomial_Coeff(n, i);\n        }\n    }\n    return sum;\n}\n\ndeclare var require: any;\nconst assert = require('node:assert');\n\n\nfunction test() {\n  let candidate = even_binomial_Coeff_Sum;\n  assert.deepEqual(candidate(4),8);\n  assert.deepEqual(candidate(6),32);\n  assert.deepEqual(candidate(2),2);\n}\n\ntest();",
      "timestamp": 1665510130,
      "stdout": "../../../../tmp/tmpf8o567to.ts(6,20): error TS2304: Cannot find name 'binomial_Coeff'.\n",
      "stderr": "",
      "exit_code": 2,
      "status": "SyntaxError"
    },
    {
      "program": "//Write a tsthon function that takes in a positive integer n and finds the sum of even index binomial coefficients.\nfunction even_binomial_Coeff_Sum(n: number): number {\n  let sum = 0;\n  for (let i = 0; i < n; i += 2) {\n    sum += binomial_Coeff(n, i);\n  }\n  return sum;\n}\n\ndeclare var require: any;\nconst assert = require('node:assert');\n\n\nfunction test() {\n  let candidate = even_binomial_Coeff_Sum;\n  assert.deepEqual(candidate(4),8);\n  assert.deepEqual(candidate(6),32);\n  assert.deepEqual(candidate(2),2);\n}\n\ntest();",
      "timestamp": 1666122828,
      "stdout": "../../../../tmp/tmpwz1xi5t1.ts(5,12): error TS2304: Cannot find name 'binomial_Coeff'.\n",
      "stderr": "",
      "exit_code": 2,
      "status": "SyntaxError"
    },
    {
      "program": "//Write a tsthon function that takes in a positive integer n and finds the sum of even index binomial coefficients.\nfunction even_binomial_Coeff_Sum(n: number): number {\n  let sum = 0;\n  for (let i = 0; i < n; i += 2) {\n    sum += binomialCoeff(n, i);\n  }\n  return sum;\n}\n\ndeclare var require: any;\nconst assert = require('node:assert');\n\n\nfunction test() {\n  let candidate = even_binomial_Coeff_Sum;\n  assert.deepEqual(candidate(4),8);\n  assert.deepEqual(candidate(6),32);\n  assert.deepEqual(candidate(2),2);\n}\n\ntest();",
      "timestamp": 1666122828,
      "stdout": "../../../../tmp/tmpxs3o7m64.ts(5,12): error TS2304: Cannot find name 'binomialCoeff'.\n",
      "stderr": "",
      "exit_code": 2,
      "status": "SyntaxError"
    },
    {
      "program": "//Write a tsthon function that takes in a positive integer n and finds the sum of even index binomial coefficients.\nfunction even_binomial_Coeff_Sum(n: number): number {\n    let sum = 0;\n    for (let i = 0; i <= n; i += 2) {\n        sum += binomial_Coeff(n, i);\n    }\n    return sum;\n}\n\ndeclare var require: any;\nconst assert = require('node:assert');\n\n\nfunction test() {\n  let candidate = even_binomial_Coeff_Sum;\n  assert.deepEqual(candidate(4),8);\n  assert.deepEqual(candidate(6),32);\n  assert.deepEqual(candidate(2),2);\n}\n\ntest();",
      "timestamp": 1665510130,
      "stdout": "../../../../tmp/tmps8wihopb.ts(5,16): error TS2304: Cannot find name 'binomial_Coeff'.\n",
      "stderr": "",
      "exit_code": 2,
      "status": "SyntaxError"
    },
    {
      "program": "//Write a tsthon function that takes in a positive integer n and finds the sum of even index binomial coefficients.\nfunction even_binomial_Coeff_Sum(n: number): number {\n  let sum = 0;\n  for (let i = 0; i < n; i += 2) {\n    sum += binomialCoeff(n, i);\n  }\n  return sum;\n}\n\ndeclare var require: any;\nconst assert = require('node:assert');\n\n\nfunction test() {\n  let candidate = even_binomial_Coeff_Sum;\n  assert.deepEqual(candidate(4),8);\n  assert.deepEqual(candidate(6),32);\n  assert.deepEqual(candidate(2),2);\n}\n\ntest();",
      "timestamp": 1666122828,
      "stdout": "../../../../tmp/tmpxs3o7m64.ts(5,12): error TS2304: Cannot find name 'binomialCoeff'.\n",
      "stderr": "",
      "exit_code": 2,
      "status": "SyntaxError"
    },
    {
      "program": "//Write a tsthon function that takes in a positive integer n and finds the sum of even index binomial coefficients.\nfunction even_binomial_Coeff_Sum(n: number): number {\n  let sum = 0;\n  for (let i = 0; i < n; i++) {\n    if (i % 2 === 0) {\n      sum += binomial_Coeff(n, i);\n    }\n  }\n  return sum;\n}\n\ndeclare var require: any;\nconst assert = require('node:assert');\n\n\nfunction test() {\n  let candidate = even_binomial_Coeff_Sum;\n  assert.deepEqual(candidate(4),8);\n  assert.deepEqual(candidate(6),32);\n  assert.deepEqual(candidate(2),2);\n}\n\ntest();",
      "timestamp": 1665510130,
      "stdout": "../../../../tmp/tmp26mdt1j3.ts(6,14): error TS2304: Cannot find name 'binomial_Coeff'.\n",
      "stderr": "",
      "exit_code": 2,
      "status": "SyntaxError"
    },
    {
      "program": "//Write a tsthon function that takes in a positive integer n and finds the sum of even index binomial coefficients.\nfunction even_binomial_Coeff_Sum(n: number): number {\n    let sum: number = 0;\n    for (let i: number = 0; i <= n; i++) {\n        if (i % 2 === 0) {\n            sum += binomial_Coeff(n, i);\n        }\n    }\n    return sum;\n}\n\ndeclare var require: any;\nconst assert = require('node:assert');\n\n\nfunction test() {\n  let candidate = even_binomial_Coeff_Sum;\n  assert.deepEqual(candidate(4),8);\n  assert.deepEqual(candidate(6),32);\n  assert.deepEqual(candidate(2),2);\n}\n\ntest();",
      "timestamp": 1666122828,
      "stdout": "../../../../tmp/tmp4oetcr3w.ts(6,20): error TS2304: Cannot find name 'binomial_Coeff'.\n",
      "stderr": "",
      "exit_code": 2,
      "status": "SyntaxError"
    },
    {
      "program": "//Write a tsthon function that takes in a positive integer n and finds the sum of even index binomial coefficients.\nfunction even_binomial_Coeff_Sum(n: number): number {\n    let sum = 0;\n    for (let i = 0; i <= n; i++) {\n        if (i % 2 === 0) {\n            sum += binomial_Coeff(n, i);\n        }\n    }\n    return sum;\n}\n\ndeclare var require: any;\nconst assert = require('node:assert');\n\n\nfunction test() {\n  let candidate = even_binomial_Coeff_Sum;\n  assert.deepEqual(candidate(4),8);\n  assert.deepEqual(candidate(6),32);\n  assert.deepEqual(candidate(2),2);\n}\n\ntest();",
      "timestamp": 1665510130,
      "stdout": "../../../../tmp/tmprql_ovzc.ts(6,20): error TS2304: Cannot find name 'binomial_Coeff'.\n",
      "stderr": "",
      "exit_code": 2,
      "status": "SyntaxError"
    },
    {
      "program": "//Write a tsthon function that takes in a positive integer n and finds the sum of even index binomial coefficients.\nfunction even_binomial_Coeff_Sum(n: number): number {\n  let sum = 0;\n  for (let i = 0; i < n; i += 2) {\n    sum += binomial_Coeff(n, i);\n  }\n  return sum;\n}\n\ndeclare var require: any;\nconst assert = require('node:assert');\n\n\nfunction test() {\n  let candidate = even_binomial_Coeff_Sum;\n  assert.deepEqual(candidate(4),8);\n  assert.deepEqual(candidate(6),32);\n  assert.deepEqual(candidate(2),2);\n}\n\ntest();",
      "timestamp": 1666122828,
      "stdout": "../../../../tmp/tmpwz1xi5t1.ts(5,12): error TS2304: Cannot find name 'binomial_Coeff'.\n",
      "stderr": "",
      "exit_code": 2,
      "status": "SyntaxError"
    },
    {
      "program": "//Write a tsthon function that takes in a positive integer n and finds the sum of even index binomial coefficients.\nfunction even_binomial_Coeff_Sum(n: number): number {\n    let sum = 0;\n    for (let i = 0; i <= n; i += 2) {\n        sum += binomial_Coeff(n, i);\n    }\n    return sum;\n}\n\ndeclare var require: any;\nconst assert = require('node:assert');\n\n\nfunction test() {\n  let candidate = even_binomial_Coeff_Sum;\n  assert.deepEqual(candidate(4),8);\n  assert.deepEqual(candidate(6),32);\n  assert.deepEqual(candidate(2),2);\n}\n\ntest();",
      "timestamp": 1665510130,
      "stdout": "../../../../tmp/tmps8wihopb.ts(5,16): error TS2304: Cannot find name 'binomial_Coeff'.\n",
      "stderr": "",
      "exit_code": 2,
      "status": "SyntaxError"
    },
    {
      "program": "//Write a tsthon function that takes in a positive integer n and finds the sum of even index binomial coefficients.\nfunction even_binomial_Coeff_Sum(n: number): number {\n  let sum = 0;\n  for (let i = 0; i < n; i++) {\n    if (i % 2 === 0) {\n      sum += binomial_Coeff(n, i);\n    }\n  }\n  return sum;\n}\n\ndeclare var require: any;\nconst assert = require('node:assert');\n\n\nfunction test() {\n  let candidate = even_binomial_Coeff_Sum;\n  assert.deepEqual(candidate(4),8);\n  assert.deepEqual(candidate(6),32);\n  assert.deepEqual(candidate(2),2);\n}\n\ntest();",
      "timestamp": 1665510130,
      "stdout": "../../../../tmp/tmp26mdt1j3.ts(6,14): error TS2304: Cannot find name 'binomial_Coeff'.\n",
      "stderr": "",
      "exit_code": 2,
      "status": "SyntaxError"
    },
    {
      "program": "//Write a tsthon function that takes in a positive integer n and finds the sum of even index binomial coefficients.\nfunction even_binomial_Coeff_Sum(n: number): number {\n  let sum = 0;\n  for (let i = 0; i <= n; i += 2) {\n    sum += binomial_Coeff(n, i);\n  }\n  return sum;\n}\n\ndeclare var require: any;\nconst assert = require('node:assert');\n\n\nfunction test() {\n  let candidate = even_binomial_Coeff_Sum;\n  assert.deepEqual(candidate(4),8);\n  assert.deepEqual(candidate(6),32);\n  assert.deepEqual(candidate(2),2);\n}\n\ntest();",
      "timestamp": 1665510130,
      "stdout": "../../../../tmp/tmpqb2b_csh.ts(5,12): error TS2304: Cannot find name 'binomial_Coeff'.\n",
      "stderr": "",
      "exit_code": 2,
      "status": "SyntaxError"
    },
    {
      "program": "//Write a tsthon function that takes in a positive integer n and finds the sum of even index binomial coefficients.\nfunction even_binomial_Coeff_Sum(n: number): number {\n    let sum = 0;\n    for (let i = 0; i <= n; i++) {\n        if (i % 2 === 0) {\n            sum += binomialCoeff(n, i);\n        }\n    }\n    return sum;\n}\n\ndeclare var require: any;\nconst assert = require('node:assert');\n\n\nfunction test() {\n  let candidate = even_binomial_Coeff_Sum;\n  assert.deepEqual(candidate(4),8);\n  assert.deepEqual(candidate(6),32);\n  assert.deepEqual(candidate(2),2);\n}\n\ntest();",
      "timestamp": 1666122828,
      "stdout": "../../../../tmp/tmpwes_xpkk.ts(6,20): error TS2304: Cannot find name 'binomialCoeff'.\n",
      "stderr": "",
      "exit_code": 2,
      "status": "SyntaxError"
    },
    {
      "program": "//Write a tsthon function that takes in a positive integer n and finds the sum of even index binomial coefficients.\nfunction even_binomial_Coeff_Sum(n: number): number {\n  let sum = 0;\n  for (let i = 0; i <= n; i += 2) {\n    sum += binomialCoeff(n, i);\n  }\n  return sum;\n}\n\ndeclare var require: any;\nconst assert = require('node:assert');\n\n\nfunction test() {\n  let candidate = even_binomial_Coeff_Sum;\n  assert.deepEqual(candidate(4),8);\n  assert.deepEqual(candidate(6),32);\n  assert.deepEqual(candidate(2),2);\n}\n\ntest();",
      "timestamp": 1665510130,
      "stdout": "../../../../tmp/tmpmnmbrz_7.ts(5,12): error TS2304: Cannot find name 'binomialCoeff'.\n",
      "stderr": "",
      "exit_code": 2,
      "status": "SyntaxError"
    },
    {
      "program": "//Write a tsthon function that takes in a positive integer n and finds the sum of even index binomial coefficients.\nfunction even_binomial_Coeff_Sum(n: number): number {\n    let sum = 0;\n    for (let i = 0; i <= n; i++) {\n        if (i % 2 === 0) {\n            sum += binomial_Coeff(n, i);\n        }\n    }\n    return sum;\n}\n\ndeclare var require: any;\nconst assert = require('node:assert');\n\n\nfunction test() {\n  let candidate = even_binomial_Coeff_Sum;\n  assert.deepEqual(candidate(4),8);\n  assert.deepEqual(candidate(6),32);\n  assert.deepEqual(candidate(2),2);\n}\n\ntest();",
      "timestamp": 1665510130,
      "stdout": "../../../../tmp/tmprql_ovzc.ts(6,20): error TS2304: Cannot find name 'binomial_Coeff'.\n",
      "stderr": "",
      "exit_code": 2,
      "status": "SyntaxError"
    },
    {
      "program": "//Write a tsthon function that takes in a positive integer n and finds the sum of even index binomial coefficients.\nfunction even_binomial_Coeff_Sum(n: number): number {\n    let sum = 0;\n    for (let i = 0; i < n; i++) {\n        if (i % 2 === 0) {\n            sum += binomial_Coeff(n, i);\n        }\n    }\n    return sum;\n}\n\ndeclare var require: any;\nconst assert = require('node:assert');\n\n\nfunction test() {\n  let candidate = even_binomial_Coeff_Sum;\n  assert.deepEqual(candidate(4),8);\n  assert.deepEqual(candidate(6),32);\n  assert.deepEqual(candidate(2),2);\n}\n\ntest();",
      "timestamp": 1665510130,
      "stdout": "../../../../tmp/tmpf8o567to.ts(6,20): error TS2304: Cannot find name 'binomial_Coeff'.\n",
      "stderr": "",
      "exit_code": 2,
      "status": "SyntaxError"
    },
    {
      "program": "//Write a tsthon function that takes in a positive integer n and finds the sum of even index binomial coefficients.\nfunction even_binomial_Coeff_Sum(n: number): number {\n    let sum = 0;\n    for (let i = 0; i <= n; i += 2) {\n        sum += binomial_Coeff(n, i);\n    }\n    return sum;\n}\n\ndeclare var require: any;\nconst assert = require('node:assert');\n\n\nfunction test() {\n  let candidate = even_binomial_Coeff_Sum;\n  assert.deepEqual(candidate(4),8);\n  assert.deepEqual(candidate(6),32);\n  assert.deepEqual(candidate(2),2);\n}\n\ntest();",
      "timestamp": 1665510130,
      "stdout": "../../../../tmp/tmps8wihopb.ts(5,16): error TS2304: Cannot find name 'binomial_Coeff'.\n",
      "stderr": "",
      "exit_code": 2,
      "status": "SyntaxError"
    },
    {
      "program": "//Write a tsthon function that takes in a positive integer n and finds the sum of even index binomial coefficients.\nfunction even_binomial_Coeff_Sum(n: number): number {\n    let sum = 0;\n    for (let i = 0; i <= n; i += 2) {\n        sum += binomial_Coeff(n, i);\n    }\n    return sum;\n}\n\ndeclare var require: any;\nconst assert = require('node:assert');\n\n\nfunction test() {\n  let candidate = even_binomial_Coeff_Sum;\n  assert.deepEqual(candidate(4),8);\n  assert.deepEqual(candidate(6),32);\n  assert.deepEqual(candidate(2),2);\n}\n\ntest();",
      "timestamp": 1665510130,
      "stdout": "../../../../tmp/tmps8wihopb.ts(5,16): error TS2304: Cannot find name 'binomial_Coeff'.\n",
      "stderr": "",
      "exit_code": 2,
      "status": "SyntaxError"
    },
    {
      "program": "//Write a tsthon function that takes in a positive integer n and finds the sum of even index binomial coefficients.\nfunction even_binomial_Coeff_Sum(n: number): number {\n  let sum = 0;\n  for (let i = 0; i < n; i++) {\n    if (i % 2 === 0) {\n      sum += binomial_Coeff(n, i);\n    }\n  }\n  return sum;\n}\n\nconsole.log(even_binomial_Coeff_Sum(5));\n\ndeclare var require: any;\nconst assert = require('node:assert');\n\n\nfunction test() {\n  let candidate = even_binomial_Coeff_Sum;\n  assert.deepEqual(candidate(4),8);\n  assert.deepEqual(candidate(6),32);\n  assert.deepEqual(candidate(2),2);\n}\n\ntest();",
      "timestamp": 1666122828,
      "stdout": "../../../../tmp/tmp0pvae1su.ts(6,14): error TS2304: Cannot find name 'binomial_Coeff'.\n",
      "stderr": "",
      "exit_code": 2,
      "status": "SyntaxError"
    },
    {
      "program": "//Write a tsthon function that takes in a positive integer n and finds the sum of even index binomial coefficients.\nfunction even_binomial_Coeff_Sum(n: number): number {\n  let sum = 0;\n  for (let i = 0; i < n; i++) {\n    if (i % 2 === 0) {\n      sum += binomialCoeff(n, i);\n    }\n  }\n  return sum;\n}\n\ndeclare var require: any;\nconst assert = require('node:assert');\n\n\nfunction test() {\n  let candidate = even_binomial_Coeff_Sum;\n  assert.deepEqual(candidate(4),8);\n  assert.deepEqual(candidate(6),32);\n  assert.deepEqual(candidate(2),2);\n}\n\ntest();",
      "timestamp": 1665510130,
      "stdout": "../../../../tmp/tmpe20prr85.ts(6,14): error TS2304: Cannot find name 'binomialCoeff'.\n",
      "stderr": "",
      "exit_code": 2,
      "status": "SyntaxError"
    },
    {
      "program": "//Write a tsthon function that takes in a positive integer n and finds the sum of even index binomial coefficients.\nfunction even_binomial_Coeff_Sum(n: number): number {\n  let sum = 0;\n  for (let i = 0; i <= n; i += 2) {\n    sum += binomial_Coeff(n, i);\n  }\n  return sum;\n}\n\ndeclare var require: any;\nconst assert = require('node:assert');\n\n\nfunction test() {\n  let candidate = even_binomial_Coeff_Sum;\n  assert.deepEqual(candidate(4),8);\n  assert.deepEqual(candidate(6),32);\n  assert.deepEqual(candidate(2),2);\n}\n\ntest();",
      "timestamp": 1665510130,
      "stdout": "../../../../tmp/tmpqb2b_csh.ts(5,12): error TS2304: Cannot find name 'binomial_Coeff'.\n",
      "stderr": "",
      "exit_code": 2,
      "status": "SyntaxError"
    },
    {
      "program": "//Write a tsthon function that takes in a positive integer n and finds the sum of even index binomial coefficients.\nfunction even_binomial_Coeff_Sum(n: number): number {\n  let sum = 0;\n  for (let i = 0; i <= n; i++) {\n    if (i % 2 === 0) {\n      sum += binomialCoeff(n, i);\n    }\n  }\n  return sum;\n}\n\ndeclare var require: any;\nconst assert = require('node:assert');\n\n\nfunction test() {\n  let candidate = even_binomial_Coeff_Sum;\n  assert.deepEqual(candidate(4),8);\n  assert.deepEqual(candidate(6),32);\n  assert.deepEqual(candidate(2),2);\n}\n\ntest();",
      "timestamp": 1665510130,
      "stdout": "../../../../tmp/tmpc7kx90xi.ts(6,14): error TS2304: Cannot find name 'binomialCoeff'.\n",
      "stderr": "",
      "exit_code": 2,
      "status": "SyntaxError"
    },
    {
      "program": "//Write a tsthon function that takes in a positive integer n and finds the sum of even index binomial coefficients.\nfunction even_binomial_Coeff_Sum(n: number): number {\n  let sum = 0;\n  for (let i = 0; i < n; i++) {\n    if (i % 2 === 0) {\n      sum += binomial_Coeff(n, i);\n    }\n  }\n  return sum;\n}\n\ndeclare var require: any;\nconst assert = require('node:assert');\n\n\nfunction test() {\n  let candidate = even_binomial_Coeff_Sum;\n  assert.deepEqual(candidate(4),8);\n  assert.deepEqual(candidate(6),32);\n  assert.deepEqual(candidate(2),2);\n}\n\ntest();",
      "timestamp": 1665510130,
      "stdout": "../../../../tmp/tmp26mdt1j3.ts(6,14): error TS2304: Cannot find name 'binomial_Coeff'.\n",
      "stderr": "",
      "exit_code": 2,
      "status": "SyntaxError"
    },
    {
      "program": "//Write a tsthon function that takes in a positive integer n and finds the sum of even index binomial coefficients.\nfunction even_binomial_Coeff_Sum(n: number): number {\n  let sum = 0;\n  for (let i = 0; i < n; i++) {\n    if (i % 2 === 0) {\n      sum += binomialCoeff(n, i);\n    }\n  }\n  return sum;\n}\n\ndeclare var require: any;\nconst assert = require('node:assert');\n\n\nfunction test() {\n  let candidate = even_binomial_Coeff_Sum;\n  assert.deepEqual(candidate(4),8);\n  assert.deepEqual(candidate(6),32);\n  assert.deepEqual(candidate(2),2);\n}\n\ntest();",
      "timestamp": 1665510130,
      "stdout": "../../../../tmp/tmpe20prr85.ts(6,14): error TS2304: Cannot find name 'binomialCoeff'.\n",
      "stderr": "",
      "exit_code": 2,
      "status": "SyntaxError"
    },
    {
      "program": "//Write a tsthon function that takes in a positive integer n and finds the sum of even index binomial coefficients.\nfunction even_binomial_Coeff_Sum(n: number): number {\n    let sum = 0;\n    for (let i = 0; i <= n; i += 2) {\n        sum += binomial_Coeff(n, i);\n    }\n    return sum;\n}\n\ndeclare var require: any;\nconst assert = require('node:assert');\n\n\nfunction test() {\n  let candidate = even_binomial_Coeff_Sum;\n  assert.deepEqual(candidate(4),8);\n  assert.deepEqual(candidate(6),32);\n  assert.deepEqual(candidate(2),2);\n}\n\ntest();",
      "timestamp": 1665510130,
      "stdout": "../../../../tmp/tmps8wihopb.ts(5,16): error TS2304: Cannot find name 'binomial_Coeff'.\n",
      "stderr": "",
      "exit_code": 2,
      "status": "SyntaxError"
    },
    {
      "program": "//Write a tsthon function that takes in a positive integer n and finds the sum of even index binomial coefficients.\nfunction even_binomial_Coeff_Sum(n: number): number {\n  let sum = 0;\n  for (let i = 0; i < n; i += 2) {\n    sum += binomial_Coeff(n, i);\n  }\n  return sum;\n}\n\ndeclare var require: any;\nconst assert = require('node:assert');\n\n\nfunction test() {\n  let candidate = even_binomial_Coeff_Sum;\n  assert.deepEqual(candidate(4),8);\n  assert.deepEqual(candidate(6),32);\n  assert.deepEqual(candidate(2),2);\n}\n\ntest();",
      "timestamp": 1666122828,
      "stdout": "../../../../tmp/tmpwz1xi5t1.ts(5,12): error TS2304: Cannot find name 'binomial_Coeff'.\n",
      "stderr": "",
      "exit_code": 2,
      "status": "SyntaxError"
    },
    {
      "program": "//Write a tsthon function that takes in a positive integer n and finds the sum of even index binomial coefficients.\nfunction even_binomial_Coeff_Sum(n: number): number {\n    let sum = 0;\n    for (let i = 0; i < n; i++) {\n        if (i % 2 === 0) {\n            sum += binomial_Coeff(n, i);\n        }\n    }\n    return sum;\n}\n\ndeclare var require: any;\nconst assert = require('node:assert');\n\n\nfunction test() {\n  let candidate = even_binomial_Coeff_Sum;\n  assert.deepEqual(candidate(4),8);\n  assert.deepEqual(candidate(6),32);\n  assert.deepEqual(candidate(2),2);\n}\n\ntest();",
      "timestamp": 1665510130,
      "stdout": "../../../../tmp/tmpf8o567to.ts(6,20): error TS2304: Cannot find name 'binomial_Coeff'.\n",
      "stderr": "",
      "exit_code": 2,
      "status": "SyntaxError"
    },
    {
      "program": "//Write a tsthon function that takes in a positive integer n and finds the sum of even index binomial coefficients.\nfunction even_binomial_Coeff_Sum(n: number): number {\n    let sum = 0;\n    for (let i = 0; i <= n; i++) {\n        if (i % 2 === 0) {\n            sum += binomial_Coeff(n, i);\n        }\n    }\n    return sum;\n}\n\ndeclare var require: any;\nconst assert = require('node:assert');\n\n\nfunction test() {\n  let candidate = even_binomial_Coeff_Sum;\n  assert.deepEqual(candidate(4),8);\n  assert.deepEqual(candidate(6),32);\n  assert.deepEqual(candidate(2),2);\n}\n\ntest();",
      "timestamp": 1665510130,
      "stdout": "../../../../tmp/tmprql_ovzc.ts(6,20): error TS2304: Cannot find name 'binomial_Coeff'.\n",
      "stderr": "",
      "exit_code": 2,
      "status": "SyntaxError"
    },
    {
      "program": "//Write a tsthon function that takes in a positive integer n and finds the sum of even index binomial coefficients.\nfunction even_binomial_Coeff_Sum(n: number): number {\n    let sum = 0;\n    for (let i = 0; i <= n; i += 2) {\n        sum += binomial_Coeff(n, i);\n    }\n    return sum;\n}\n\ndeclare var require: any;\nconst assert = require('node:assert');\n\n\nfunction test() {\n  let candidate = even_binomial_Coeff_Sum;\n  assert.deepEqual(candidate(4),8);\n  assert.deepEqual(candidate(6),32);\n  assert.deepEqual(candidate(2),2);\n}\n\ntest();",
      "timestamp": 1665510130,
      "stdout": "../../../../tmp/tmps8wihopb.ts(5,16): error TS2304: Cannot find name 'binomial_Coeff'.\n",
      "stderr": "",
      "exit_code": 2,
      "status": "SyntaxError"
    },
    {
      "program": "//Write a tsthon function that takes in a positive integer n and finds the sum of even index binomial coefficients.\nfunction even_binomial_Coeff_Sum(n: number): number {\n  let sum = 0;\n  let binomialCoeff = 1;\n  for (let i = 0; i <= n; i++) {\n    if (i % 2 == 0) {\n      sum += binomialCoeff;\n    }\n    binomialCoeff = binomialCoeff * (n - i) / (i + 1);\n  }\n  return sum;\n}\n\nconsole.log(even_binomial_Coeff_Sum(6));\n\ndeclare var require: any;\nconst assert = require('node:assert');\n\n\nfunction test() {\n  let candidate = even_binomial_Coeff_Sum;\n  assert.deepEqual(candidate(4),8);\n  assert.deepEqual(candidate(6),32);\n  assert.deepEqual(candidate(2),2);\n}\n\ntest();",
      "timestamp": 1666122828,
      "stdout": "32\n",
      "stderr": "",
      "exit_code": 0,
      "status": "OK"
    },
    {
      "program": "//Write a tsthon function that takes in a positive integer n and finds the sum of even index binomial coefficients.\nfunction even_binomial_Coeff_Sum(n: number): number {\n  let sum = 0;\n  for (let i = 0; i < n; i++) {\n    if (i % 2 === 0) {\n      sum += binomial_Coeff(n, i);\n    }\n  }\n  return sum;\n}\n\ndeclare var require: any;\nconst assert = require('node:assert');\n\n\nfunction test() {\n  let candidate = even_binomial_Coeff_Sum;\n  assert.deepEqual(candidate(4),8);\n  assert.deepEqual(candidate(6),32);\n  assert.deepEqual(candidate(2),2);\n}\n\ntest();",
      "timestamp": 1665510130,
      "stdout": "../../../../tmp/tmp26mdt1j3.ts(6,14): error TS2304: Cannot find name 'binomial_Coeff'.\n",
      "stderr": "",
      "exit_code": 2,
      "status": "SyntaxError"
    },
    {
      "program": "//Write a tsthon function that takes in a positive integer n and finds the sum of even index binomial coefficients.\nfunction even_binomial_Coeff_Sum(n: number): number {\n  let sum = 0;\n  for (let i = 0; i < n; i++) {\n    if (i % 2 === 0) {\n      sum += binomial_Coeff(n, i);\n    }\n  }\n  return sum;\n}\n\ndeclare var require: any;\nconst assert = require('node:assert');\n\n\nfunction test() {\n  let candidate = even_binomial_Coeff_Sum;\n  assert.deepEqual(candidate(4),8);\n  assert.deepEqual(candidate(6),32);\n  assert.deepEqual(candidate(2),2);\n}\n\ntest();",
      "timestamp": 1665510130,
      "stdout": "../../../../tmp/tmp26mdt1j3.ts(6,14): error TS2304: Cannot find name 'binomial_Coeff'.\n",
      "stderr": "",
      "exit_code": 2,
      "status": "SyntaxError"
    },
    {
      "program": "//Write a tsthon function that takes in a positive integer n and finds the sum of even index binomial coefficients.\nfunction even_binomial_Coeff_Sum(n: number): number {\n  let sum = 0;\n  for (let i = 0; i < n; i++) {\n    if (i % 2 === 0) {\n      sum += binomial_Coeff(n, i);\n    }\n  }\n  return sum;\n}\n\ndeclare var require: any;\nconst assert = require('node:assert');\n\n\nfunction test() {\n  let candidate = even_binomial_Coeff_Sum;\n  assert.deepEqual(candidate(4),8);\n  assert.deepEqual(candidate(6),32);\n  assert.deepEqual(candidate(2),2);\n}\n\ntest();",
      "timestamp": 1665510130,
      "stdout": "../../../../tmp/tmp26mdt1j3.ts(6,14): error TS2304: Cannot find name 'binomial_Coeff'.\n",
      "stderr": "",
      "exit_code": 2,
      "status": "SyntaxError"
    },
    {
      "program": "//Write a tsthon function that takes in a positive integer n and finds the sum of even index binomial coefficients.\nfunction even_binomial_Coeff_Sum(n: number): number {\n  let sum = 0;\n  for (let i = 0; i <= n; i += 2) {\n    sum += binomial_Coeff(n, i);\n  }\n  return sum;\n}\n\ndeclare var require: any;\nconst assert = require('node:assert');\n\n\nfunction test() {\n  let candidate = even_binomial_Coeff_Sum;\n  assert.deepEqual(candidate(4),8);\n  assert.deepEqual(candidate(6),32);\n  assert.deepEqual(candidate(2),2);\n}\n\ntest();",
      "timestamp": 1665510130,
      "stdout": "../../../../tmp/tmpqb2b_csh.ts(5,12): error TS2304: Cannot find name 'binomial_Coeff'.\n",
      "stderr": "",
      "exit_code": 2,
      "status": "SyntaxError"
    },
    {
      "program": "//Write a tsthon function that takes in a positive integer n and finds the sum of even index binomial coefficients.\nfunction even_binomial_Coeff_Sum(n: number): number {\n    let sum = 0;\n    for (let i = 0; i < n; i++) {\n        if (i % 2 === 0) {\n            sum += binomial_Coeff(n, i);\n        }\n    }\n    return sum;\n}\n\ndeclare var require: any;\nconst assert = require('node:assert');\n\n\nfunction test() {\n  let candidate = even_binomial_Coeff_Sum;\n  assert.deepEqual(candidate(4),8);\n  assert.deepEqual(candidate(6),32);\n  assert.deepEqual(candidate(2),2);\n}\n\ntest();",
      "timestamp": 1665510130,
      "stdout": "../../../../tmp/tmpf8o567to.ts(6,20): error TS2304: Cannot find name 'binomial_Coeff'.\n",
      "stderr": "",
      "exit_code": 2,
      "status": "SyntaxError"
    },
    {
      "program": "//Write a tsthon function that takes in a positive integer n and finds the sum of even index binomial coefficients.\nfunction even_binomial_Coeff_Sum(n: number): number {\n  let sum = 0;\n  for (let i = 0; i <= n; i++) {\n    if (i % 2 === 0) {\n      sum += binomialCoeff(n, i);\n    }\n  }\n  return sum;\n}\n\ndeclare var require: any;\nconst assert = require('node:assert');\n\n\nfunction test() {\n  let candidate = even_binomial_Coeff_Sum;\n  assert.deepEqual(candidate(4),8);\n  assert.deepEqual(candidate(6),32);\n  assert.deepEqual(candidate(2),2);\n}\n\ntest();",
      "timestamp": 1665510130,
      "stdout": "../../../../tmp/tmpc7kx90xi.ts(6,14): error TS2304: Cannot find name 'binomialCoeff'.\n",
      "stderr": "",
      "exit_code": 2,
      "status": "SyntaxError"
    },
    {
      "program": "//Write a tsthon function that takes in a positive integer n and finds the sum of even index binomial coefficients.\nfunction even_binomial_Coeff_Sum(n: number): number {\n    let sum = 0;\n    for (let i = 0; i < n; i++) {\n        if (i % 2 === 0) {\n            sum += binomialCoeff(n, i);\n        }\n    }\n    return sum;\n}\n\ndeclare var require: any;\nconst assert = require('node:assert');\n\n\nfunction test() {\n  let candidate = even_binomial_Coeff_Sum;\n  assert.deepEqual(candidate(4),8);\n  assert.deepEqual(candidate(6),32);\n  assert.deepEqual(candidate(2),2);\n}\n\ntest();",
      "timestamp": 1666122828,
      "stdout": "../../../../tmp/tmpxxj69sy7.ts(6,20): error TS2304: Cannot find name 'binomialCoeff'.\n",
      "stderr": "",
      "exit_code": 2,
      "status": "SyntaxError"
    },
    {
      "program": "//Write a tsthon function that takes in a positive integer n and finds the sum of even index binomial coefficients.\nfunction even_binomial_Coeff_Sum(n: number): number {\n    let sum = 0;\n    for (let i = 0; i <= n; i += 2) {\n        sum += binomial_Coeff(n, i);\n    }\n    return sum;\n}\n\ndeclare var require: any;\nconst assert = require('node:assert');\n\n\nfunction test() {\n  let candidate = even_binomial_Coeff_Sum;\n  assert.deepEqual(candidate(4),8);\n  assert.deepEqual(candidate(6),32);\n  assert.deepEqual(candidate(2),2);\n}\n\ntest();",
      "timestamp": 1665510130,
      "stdout": "../../../../tmp/tmps8wihopb.ts(5,16): error TS2304: Cannot find name 'binomial_Coeff'.\n",
      "stderr": "",
      "exit_code": 2,
      "status": "SyntaxError"
    },
    {
      "program": "//Write a tsthon function that takes in a positive integer n and finds the sum of even index binomial coefficients.\nfunction even_binomial_Coeff_Sum(n: number): number {\n    let sum = 0;\n    for (let i = 0; i <= n; i++) {\n        if (i % 2 === 0) {\n            sum += binomial_Coeff(n, i);\n        }\n    }\n    return sum;\n}\n\ndeclare var require: any;\nconst assert = require('node:assert');\n\n\nfunction test() {\n  let candidate = even_binomial_Coeff_Sum;\n  assert.deepEqual(candidate(4),8);\n  assert.deepEqual(candidate(6),32);\n  assert.deepEqual(candidate(2),2);\n}\n\ntest();",
      "timestamp": 1665510130,
      "stdout": "../../../../tmp/tmprql_ovzc.ts(6,20): error TS2304: Cannot find name 'binomial_Coeff'.\n",
      "stderr": "",
      "exit_code": 2,
      "status": "SyntaxError"
    },
    {
      "program": "//Write a tsthon function that takes in a positive integer n and finds the sum of even index binomial coefficients.\nfunction even_binomial_Coeff_Sum(n: number): number {\n    let sum = 0;\n    for (let i = 0; i <= n; i += 2) {\n        sum += binomial_Coeff(n, i);\n    }\n    return sum;\n}\n\ndeclare var require: any;\nconst assert = require('node:assert');\n\n\nfunction test() {\n  let candidate = even_binomial_Coeff_Sum;\n  assert.deepEqual(candidate(4),8);\n  assert.deepEqual(candidate(6),32);\n  assert.deepEqual(candidate(2),2);\n}\n\ntest();",
      "timestamp": 1665510130,
      "stdout": "../../../../tmp/tmps8wihopb.ts(5,16): error TS2304: Cannot find name 'binomial_Coeff'.\n",
      "stderr": "",
      "exit_code": 2,
      "status": "SyntaxError"
    },
    {
      "program": "//Write a tsthon function that takes in a positive integer n and finds the sum of even index binomial coefficients.\nfunction even_binomial_Coeff_Sum(n: number): number {\n    let sum = 0;\n    for (let i = 0; i <= n; i += 2) {\n        sum += binomial_Coeff(n, i);\n    }\n    return sum;\n}\n\ndeclare var require: any;\nconst assert = require('node:assert');\n\n\nfunction test() {\n  let candidate = even_binomial_Coeff_Sum;\n  assert.deepEqual(candidate(4),8);\n  assert.deepEqual(candidate(6),32);\n  assert.deepEqual(candidate(2),2);\n}\n\ntest();",
      "timestamp": 1665510130,
      "stdout": "../../../../tmp/tmps8wihopb.ts(5,16): error TS2304: Cannot find name 'binomial_Coeff'.\n",
      "stderr": "",
      "exit_code": 2,
      "status": "SyntaxError"
    },
    {
      "program": "//Write a tsthon function that takes in a positive integer n and finds the sum of even index binomial coefficients.\nfunction even_binomial_Coeff_Sum(n: number): number {\n  let sum = 0;\n  for (let i = 0; i <= n; i += 2) {\n    sum += binomial_Coeff(n, i);\n  }\n  return sum;\n}\n\ndeclare var require: any;\nconst assert = require('node:assert');\n\n\nfunction test() {\n  let candidate = even_binomial_Coeff_Sum;\n  assert.deepEqual(candidate(4),8);\n  assert.deepEqual(candidate(6),32);\n  assert.deepEqual(candidate(2),2);\n}\n\ntest();",
      "timestamp": 1665510130,
      "stdout": "../../../../tmp/tmpqb2b_csh.ts(5,12): error TS2304: Cannot find name 'binomial_Coeff'.\n",
      "stderr": "",
      "exit_code": 2,
      "status": "SyntaxError"
    },
    {
      "program": "//Write a tsthon function that takes in a positive integer n and finds the sum of even index binomial coefficients.\nfunction even_binomial_Coeff_Sum(n: number): number {\n  let sum = 0;\n  for (let i = 0; i < n; i++) {\n    if (i % 2 === 0) {\n      sum += binomial_Coeff(n, i);\n    }\n  }\n  return sum;\n}\n\ndeclare var require: any;\nconst assert = require('node:assert');\n\n\nfunction test() {\n  let candidate = even_binomial_Coeff_Sum;\n  assert.deepEqual(candidate(4),8);\n  assert.deepEqual(candidate(6),32);\n  assert.deepEqual(candidate(2),2);\n}\n\ntest();",
      "timestamp": 1665510130,
      "stdout": "../../../../tmp/tmp26mdt1j3.ts(6,14): error TS2304: Cannot find name 'binomial_Coeff'.\n",
      "stderr": "",
      "exit_code": 2,
      "status": "SyntaxError"
    },
    {
      "program": "//Write a tsthon function that takes in a positive integer n and finds the sum of even index binomial coefficients.\nfunction even_binomial_Coeff_Sum(n: number): number {\n  let sum = 0;\n  for (let i = 0; i <= n; i++) {\n    if (i % 2 === 0) {\n      sum += binomial_Coeff(n, i);\n    }\n  }\n  return sum;\n}\n\ndeclare var require: any;\nconst assert = require('node:assert');\n\n\nfunction test() {\n  let candidate = even_binomial_Coeff_Sum;\n  assert.deepEqual(candidate(4),8);\n  assert.deepEqual(candidate(6),32);\n  assert.deepEqual(candidate(2),2);\n}\n\ntest();",
      "timestamp": 1666122828,
      "stdout": "../../../../tmp/tmppa1bf5dp.ts(6,14): error TS2304: Cannot find name 'binomial_Coeff'.\n",
      "stderr": "",
      "exit_code": 2,
      "status": "SyntaxError"
    },
    {
      "program": "//Write a tsthon function that takes in a positive integer n and finds the sum of even index binomial coefficients.\nfunction even_binomial_Coeff_Sum(n: number): number {\n  let sum: number = 0;\n  for (let i = 0; i <= n; i++) {\n    if (i % 2 === 0) {\n      sum += binomial_Coeff(n, i);\n    }\n  }\n  return sum;\n}\n\nconsole.log(even_binomial_Coeff_Sum(6));\n\ndeclare var require: any;\nconst assert = require('node:assert');\n\n\nfunction test() {\n  let candidate = even_binomial_Coeff_Sum;\n  assert.deepEqual(candidate(4),8);\n  assert.deepEqual(candidate(6),32);\n  assert.deepEqual(candidate(2),2);\n}\n\ntest();",
      "timestamp": 1666122828,
      "stdout": "../../../../tmp/tmpcsjydegc.ts(6,14): error TS2304: Cannot find name 'binomial_Coeff'.\n",
      "stderr": "",
      "exit_code": 2,
      "status": "SyntaxError"
    },
    {
      "program": "//Write a tsthon function that takes in a positive integer n and finds the sum of even index binomial coefficients.\nfunction even_binomial_Coeff_Sum(n: number): number {\n    let sum = 0;\n    for (let i = 0; i <= n; i += 2) {\n        sum += binomialCoeff(n, i);\n    }\n    return sum;\n}\n\ndeclare var require: any;\nconst assert = require('node:assert');\n\n\nfunction test() {\n  let candidate = even_binomial_Coeff_Sum;\n  assert.deepEqual(candidate(4),8);\n  assert.deepEqual(candidate(6),32);\n  assert.deepEqual(candidate(2),2);\n}\n\ntest();",
      "timestamp": 1665510130,
      "stdout": "../../../../tmp/tmpur2yv225.ts(5,16): error TS2304: Cannot find name 'binomialCoeff'.\n",
      "stderr": "",
      "exit_code": 2,
      "status": "SyntaxError"
    },
    {
      "program": "//Write a tsthon function that takes in a positive integer n and finds the sum of even index binomial coefficients.\nfunction even_binomial_Coeff_Sum(n: number): number {\n    let sum: number = 0;\n    for (let i = 0; i <= n; i++) {\n        if (i % 2 == 0) {\n            sum += binomial_Coeff(n, i);\n        }\n    }\n    return sum;\n}\n\ndeclare var require: any;\nconst assert = require('node:assert');\n\n\nfunction test() {\n  let candidate = even_binomial_Coeff_Sum;\n  assert.deepEqual(candidate(4),8);\n  assert.deepEqual(candidate(6),32);\n  assert.deepEqual(candidate(2),2);\n}\n\ntest();",
      "timestamp": 1665510130,
      "stdout": "../../../../tmp/tmpvuyjr2dp.ts(6,20): error TS2304: Cannot find name 'binomial_Coeff'.\n",
      "stderr": "",
      "exit_code": 2,
      "status": "SyntaxError"
    },
    {
      "program": "//Write a tsthon function that takes in a positive integer n and finds the sum of even index binomial coefficients.\nfunction even_binomial_Coeff_Sum(n: number): number {\n    let sum = 0;\n    for (let i = 0; i < n; i++) {\n        if (i % 2 === 0) {\n            sum += binomial_Coeff(n, i);\n        }\n    }\n    return sum;\n}\n\ndeclare var require: any;\nconst assert = require('node:assert');\n\n\nfunction test() {\n  let candidate = even_binomial_Coeff_Sum;\n  assert.deepEqual(candidate(4),8);\n  assert.deepEqual(candidate(6),32);\n  assert.deepEqual(candidate(2),2);\n}\n\ntest();",
      "timestamp": 1665510130,
      "stdout": "../../../../tmp/tmpf8o567to.ts(6,20): error TS2304: Cannot find name 'binomial_Coeff'.\n",
      "stderr": "",
      "exit_code": 2,
      "status": "SyntaxError"
    },
    {
      "program": "//Write a tsthon function that takes in a positive integer n and finds the sum of even index binomial coefficients.\nfunction even_binomial_Coeff_Sum(n: number): number {\n    let sum = 0;\n    for (let i = 0; i <= n; i += 2) {\n        sum += binomial_Coeff(n, i);\n    }\n    return sum;\n}\n\ndeclare var require: any;\nconst assert = require('node:assert');\n\n\nfunction test() {\n  let candidate = even_binomial_Coeff_Sum;\n  assert.deepEqual(candidate(4),8);\n  assert.deepEqual(candidate(6),32);\n  assert.deepEqual(candidate(2),2);\n}\n\ntest();",
      "timestamp": 1665510130,
      "stdout": "../../../../tmp/tmps8wihopb.ts(5,16): error TS2304: Cannot find name 'binomial_Coeff'.\n",
      "stderr": "",
      "exit_code": 2,
      "status": "SyntaxError"
    },
    {
      "program": "//Write a tsthon function that takes in a positive integer n and finds the sum of even index binomial coefficients.\nfunction even_binomial_Coeff_Sum(n: number): number {\n  let sum = 0;\n  for (let i = 0; i < n; i++) {\n    if (i % 2 === 0) {\n      sum += binomialCoeff(n, i);\n    }\n  }\n  return sum;\n}\n\ndeclare var require: any;\nconst assert = require('node:assert');\n\n\nfunction test() {\n  let candidate = even_binomial_Coeff_Sum;\n  assert.deepEqual(candidate(4),8);\n  assert.deepEqual(candidate(6),32);\n  assert.deepEqual(candidate(2),2);\n}\n\ntest();",
      "timestamp": 1665510130,
      "stdout": "../../../../tmp/tmpe20prr85.ts(6,14): error TS2304: Cannot find name 'binomialCoeff'.\n",
      "stderr": "",
      "exit_code": 2,
      "status": "SyntaxError"
    },
    {
      "program": "//Write a tsthon function that takes in a positive integer n and finds the sum of even index binomial coefficients.\nfunction even_binomial_Coeff_Sum(n: number): number {\n    let sum = 0;\n    for (let i = 0; i < n; i++) {\n        if (i % 2 === 0) {\n            sum += binomial_Coeff(n, i);\n        }\n    }\n    return sum;\n}\n\ndeclare var require: any;\nconst assert = require('node:assert');\n\n\nfunction test() {\n  let candidate = even_binomial_Coeff_Sum;\n  assert.deepEqual(candidate(4),8);\n  assert.deepEqual(candidate(6),32);\n  assert.deepEqual(candidate(2),2);\n}\n\ntest();",
      "timestamp": 1665510130,
      "stdout": "../../../../tmp/tmpf8o567to.ts(6,20): error TS2304: Cannot find name 'binomial_Coeff'.\n",
      "stderr": "",
      "exit_code": 2,
      "status": "SyntaxError"
    },
    {
      "program": "//Write a tsthon function that takes in a positive integer n and finds the sum of even index binomial coefficients.\nfunction even_binomial_Coeff_Sum(n: number): number {\n    let sum = 0;\n    for (let i = 0; i <= n; i += 2) {\n        sum += binomial_Coeff(n, i);\n    }\n    return sum;\n}\n\ndeclare var require: any;\nconst assert = require('node:assert');\n\n\nfunction test() {\n  let candidate = even_binomial_Coeff_Sum;\n  assert.deepEqual(candidate(4),8);\n  assert.deepEqual(candidate(6),32);\n  assert.deepEqual(candidate(2),2);\n}\n\ntest();",
      "timestamp": 1665510130,
      "stdout": "../../../../tmp/tmps8wihopb.ts(5,16): error TS2304: Cannot find name 'binomial_Coeff'.\n",
      "stderr": "",
      "exit_code": 2,
      "status": "SyntaxError"
    },
    {
      "program": "//Write a tsthon function that takes in a positive integer n and finds the sum of even index binomial coefficients.\nfunction even_binomial_Coeff_Sum(n: number): number {\n    let sum = 0;\n    for (let i = 0; i < n; i += 2) {\n        sum += binomial_Coeff(n, i);\n    }\n    return sum;\n}\n\ndeclare var require: any;\nconst assert = require('node:assert');\n\n\nfunction test() {\n  let candidate = even_binomial_Coeff_Sum;\n  assert.deepEqual(candidate(4),8);\n  assert.deepEqual(candidate(6),32);\n  assert.deepEqual(candidate(2),2);\n}\n\ntest();",
      "timestamp": 1665510130,
      "stdout": "../../../../tmp/tmp1srjz_rl.ts(5,16): error TS2304: Cannot find name 'binomial_Coeff'.\n",
      "stderr": "",
      "exit_code": 2,
      "status": "SyntaxError"
    },
    {
      "program": "//Write a tsthon function that takes in a positive integer n and finds the sum of even index binomial coefficients.\nfunction even_binomial_Coeff_Sum(n: number): number {\n  let sum = 0;\n  for (let i = 0; i < n; i++) {\n    if (i % 2 === 0) {\n      sum += binomialCoeff(n, i);\n    }\n  }\n  return sum;\n}\n\ndeclare var require: any;\nconst assert = require('node:assert');\n\n\nfunction test() {\n  let candidate = even_binomial_Coeff_Sum;\n  assert.deepEqual(candidate(4),8);\n  assert.deepEqual(candidate(6),32);\n  assert.deepEqual(candidate(2),2);\n}\n\ntest();",
      "timestamp": 1665510130,
      "stdout": "../../../../tmp/tmpe20prr85.ts(6,14): error TS2304: Cannot find name 'binomialCoeff'.\n",
      "stderr": "",
      "exit_code": 2,
      "status": "SyntaxError"
    },
    {
      "program": "//Write a tsthon function that takes in a positive integer n and finds the sum of even index binomial coefficients.\nfunction even_binomial_Coeff_Sum(n: number): number {\n    let sum = 0;\n    for (let i = 0; i < n; i++) {\n        if (i % 2 === 0) {\n            sum += binomial_Coeff(n, i);\n        }\n    }\n    return sum;\n}\n\ndeclare var require: any;\nconst assert = require('node:assert');\n\n\nfunction test() {\n  let candidate = even_binomial_Coeff_Sum;\n  assert.deepEqual(candidate(4),8);\n  assert.deepEqual(candidate(6),32);\n  assert.deepEqual(candidate(2),2);\n}\n\ntest();",
      "timestamp": 1665510130,
      "stdout": "../../../../tmp/tmpf8o567to.ts(6,20): error TS2304: Cannot find name 'binomial_Coeff'.\n",
      "stderr": "",
      "exit_code": 2,
      "status": "SyntaxError"
    },
    {
      "program": "//Write a tsthon function that takes in a positive integer n and finds the sum of even index binomial coefficients.\nfunction even_binomial_Coeff_Sum(n: number): number {\n    let sum = 0;\n    for (let i = 0; i <= n; i += 2) {\n        sum += binomial_Coeff(n, i);\n    }\n    return sum;\n}\n\ndeclare var require: any;\nconst assert = require('node:assert');\n\n\nfunction test() {\n  let candidate = even_binomial_Coeff_Sum;\n  assert.deepEqual(candidate(4),8);\n  assert.deepEqual(candidate(6),32);\n  assert.deepEqual(candidate(2),2);\n}\n\ntest();",
      "timestamp": 1665510130,
      "stdout": "../../../../tmp/tmps8wihopb.ts(5,16): error TS2304: Cannot find name 'binomial_Coeff'.\n",
      "stderr": "",
      "exit_code": 2,
      "status": "SyntaxError"
    },
    {
      "program": "//Write a tsthon function that takes in a positive integer n and finds the sum of even index binomial coefficients.\nfunction even_binomial_Coeff_Sum(n: number): number {\n    let sum = 0;\n    for (let i = 0; i < n; i++) {\n        if (i % 2 === 0) {\n            sum += binomialCoeff(n, i);\n        }\n    }\n    return sum;\n}\n\ndeclare var require: any;\nconst assert = require('node:assert');\n\n\nfunction test() {\n  let candidate = even_binomial_Coeff_Sum;\n  assert.deepEqual(candidate(4),8);\n  assert.deepEqual(candidate(6),32);\n  assert.deepEqual(candidate(2),2);\n}\n\ntest();",
      "timestamp": 1666122828,
      "stdout": "../../../../tmp/tmpxxj69sy7.ts(6,20): error TS2304: Cannot find name 'binomialCoeff'.\n",
      "stderr": "",
      "exit_code": 2,
      "status": "SyntaxError"
    },
    {
      "program": "//Write a tsthon function that takes in a positive integer n and finds the sum of even index binomial coefficients.\nfunction even_binomial_Coeff_Sum(n: number): number {\n    let sum = 0;\n    for (let i = 0; i <= n; i++) {\n        if (i % 2 === 0) {\n            sum += binomial_Coeff(n, i);\n        }\n    }\n    return sum;\n}\n\ndeclare var require: any;\nconst assert = require('node:assert');\n\n\nfunction test() {\n  let candidate = even_binomial_Coeff_Sum;\n  assert.deepEqual(candidate(4),8);\n  assert.deepEqual(candidate(6),32);\n  assert.deepEqual(candidate(2),2);\n}\n\ntest();",
      "timestamp": 1665510130,
      "stdout": "../../../../tmp/tmprql_ovzc.ts(6,20): error TS2304: Cannot find name 'binomial_Coeff'.\n",
      "stderr": "",
      "exit_code": 2,
      "status": "SyntaxError"
    },
    {
      "program": "//Write a tsthon function that takes in a positive integer n and finds the sum of even index binomial coefficients.\nfunction even_binomial_Coeff_Sum(n: number): number {\n  let sum = 0;\n  for (let i = 0; i < n; i++) {\n    if (i % 2 === 0) {\n      sum += binomialCoeff(n, i);\n    }\n  }\n  return sum;\n}\n\ndeclare var require: any;\nconst assert = require('node:assert');\n\n\nfunction test() {\n  let candidate = even_binomial_Coeff_Sum;\n  assert.deepEqual(candidate(4),8);\n  assert.deepEqual(candidate(6),32);\n  assert.deepEqual(candidate(2),2);\n}\n\ntest();",
      "timestamp": 1665510130,
      "stdout": "../../../../tmp/tmpe20prr85.ts(6,14): error TS2304: Cannot find name 'binomialCoeff'.\n",
      "stderr": "",
      "exit_code": 2,
      "status": "SyntaxError"
    },
    {
      "program": "//Write a tsthon function that takes in a positive integer n and finds the sum of even index binomial coefficients.\nfunction even_binomial_Coeff_Sum(n: number): number {\n    let sum = 0;\n    for (let i = 0; i <= n; i++) {\n        if (i % 2 == 0) {\n            sum += binomial_Coeff(n, i);\n        }\n    }\n    return sum;\n}\n\ndeclare var require: any;\nconst assert = require('node:assert');\n\n\nfunction test() {\n  let candidate = even_binomial_Coeff_Sum;\n  assert.deepEqual(candidate(4),8);\n  assert.deepEqual(candidate(6),32);\n  assert.deepEqual(candidate(2),2);\n}\n\ntest();",
      "timestamp": 1666122828,
      "stdout": "../../../../tmp/tmp9yiyyh4p.ts(6,20): error TS2304: Cannot find name 'binomial_Coeff'.\n",
      "stderr": "",
      "exit_code": 2,
      "status": "SyntaxError"
    },
    {
      "program": "//Write a tsthon function that takes in a positive integer n and finds the sum of even index binomial coefficients.\nfunction even_binomial_Coeff_Sum(n: number): number {\n  let sum = 0;\n  for (let i = 0; i <= n; i += 2) {\n    sum += binomialCoeff(n, i);\n  }\n  return sum;\n}\n\ndeclare var require: any;\nconst assert = require('node:assert');\n\n\nfunction test() {\n  let candidate = even_binomial_Coeff_Sum;\n  assert.deepEqual(candidate(4),8);\n  assert.deepEqual(candidate(6),32);\n  assert.deepEqual(candidate(2),2);\n}\n\ntest();",
      "timestamp": 1665510130,
      "stdout": "../../../../tmp/tmpmnmbrz_7.ts(5,12): error TS2304: Cannot find name 'binomialCoeff'.\n",
      "stderr": "",
      "exit_code": 2,
      "status": "SyntaxError"
    },
    {
      "program": "//Write a tsthon function that takes in a positive integer n and finds the sum of even index binomial coefficients.\nfunction even_binomial_Coeff_Sum(n: number): number {\n  let sum = 0;\n  for (let i = 0; i <= n; i += 2) {\n    sum += binomial_Coeff(n, i);\n  }\n  return sum;\n}\n\ndeclare var require: any;\nconst assert = require('node:assert');\n\n\nfunction test() {\n  let candidate = even_binomial_Coeff_Sum;\n  assert.deepEqual(candidate(4),8);\n  assert.deepEqual(candidate(6),32);\n  assert.deepEqual(candidate(2),2);\n}\n\ntest();",
      "timestamp": 1665510130,
      "stdout": "../../../../tmp/tmpqb2b_csh.ts(5,12): error TS2304: Cannot find name 'binomial_Coeff'.\n",
      "stderr": "",
      "exit_code": 2,
      "status": "SyntaxError"
    },
    {
      "program": "//Write a tsthon function that takes in a positive integer n and finds the sum of even index binomial coefficients.\nfunction even_binomial_Coeff_Sum(n: number): number {\n  let sum = 0;\n  for (let i = 0; i < n; i++) {\n    if (i % 2 === 0) {\n      sum += binomial_Coeff(n, i);\n    }\n  }\n  return sum;\n}\n\ndeclare var require: any;\nconst assert = require('node:assert');\n\n\nfunction test() {\n  let candidate = even_binomial_Coeff_Sum;\n  assert.deepEqual(candidate(4),8);\n  assert.deepEqual(candidate(6),32);\n  assert.deepEqual(candidate(2),2);\n}\n\ntest();",
      "timestamp": 1665510130,
      "stdout": "../../../../tmp/tmp26mdt1j3.ts(6,14): error TS2304: Cannot find name 'binomial_Coeff'.\n",
      "stderr": "",
      "exit_code": 2,
      "status": "SyntaxError"
    },
    {
      "program": "//Write a tsthon function that takes in a positive integer n and finds the sum of even index binomial coefficients.\nfunction even_binomial_Coeff_Sum(n: number): number {\n  let sum = 0;\n  for (let i = 0; i < n; i++) {\n    if (i % 2 === 0) {\n      sum += binomial_Coeff(n, i);\n    }\n  }\n  return sum;\n}\n\nconsole.log(even_binomial_Coeff_Sum(4));\n\ndeclare var require: any;\nconst assert = require('node:assert');\n\n\nfunction test() {\n  let candidate = even_binomial_Coeff_Sum;\n  assert.deepEqual(candidate(4),8);\n  assert.deepEqual(candidate(6),32);\n  assert.deepEqual(candidate(2),2);\n}\n\ntest();",
      "timestamp": 1666122828,
      "stdout": "../../../../tmp/tmp81x77rf9.ts(6,14): error TS2304: Cannot find name 'binomial_Coeff'.\n",
      "stderr": "",
      "exit_code": 2,
      "status": "SyntaxError"
    },
    {
      "program": "//Write a tsthon function that takes in a positive integer n and finds the sum of even index binomial coefficients.\nfunction even_binomial_Coeff_Sum(n: number): number {\n    let sum = 0;\n    for (let i = 0; i <= n; i++) {\n        if (i % 2 === 0) {\n            sum += binomial_Coeff(n, i);\n        }\n    }\n    return sum;\n}\n\ndeclare var require: any;\nconst assert = require('node:assert');\n\n\nfunction test() {\n  let candidate = even_binomial_Coeff_Sum;\n  assert.deepEqual(candidate(4),8);\n  assert.deepEqual(candidate(6),32);\n  assert.deepEqual(candidate(2),2);\n}\n\ntest();",
      "timestamp": 1665510130,
      "stdout": "../../../../tmp/tmprql_ovzc.ts(6,20): error TS2304: Cannot find name 'binomial_Coeff'.\n",
      "stderr": "",
      "exit_code": 2,
      "status": "SyntaxError"
    },
    {
      "program": "//Write a tsthon function that takes in a positive integer n and finds the sum of even index binomial coefficients.\nfunction even_binomial_Coeff_Sum(n: number): number {\n    let sum = 0;\n    for (let i = 0; i <= n; i++) {\n        if (i % 2 === 0) {\n            sum += binomial_Coeff(n, i);\n        }\n    }\n    return sum;\n}\n\ndeclare var require: any;\nconst assert = require('node:assert');\n\n\nfunction test() {\n  let candidate = even_binomial_Coeff_Sum;\n  assert.deepEqual(candidate(4),8);\n  assert.deepEqual(candidate(6),32);\n  assert.deepEqual(candidate(2),2);\n}\n\ntest();",
      "timestamp": 1665510130,
      "stdout": "../../../../tmp/tmprql_ovzc.ts(6,20): error TS2304: Cannot find name 'binomial_Coeff'.\n",
      "stderr": "",
      "exit_code": 2,
      "status": "SyntaxError"
    },
    {
      "program": "//Write a tsthon function that takes in a positive integer n and finds the sum of even index binomial coefficients.\nfunction even_binomial_Coeff_Sum(n: number): number {\n    let sum = 0;\n    for (let i = 0; i < n; i++) {\n        if (i % 2 === 0) {\n            sum += binomial_Coeff(n, i);\n        }\n    }\n    return sum;\n}\n\ndeclare var require: any;\nconst assert = require('node:assert');\n\n\nfunction test() {\n  let candidate = even_binomial_Coeff_Sum;\n  assert.deepEqual(candidate(4),8);\n  assert.deepEqual(candidate(6),32);\n  assert.deepEqual(candidate(2),2);\n}\n\ntest();",
      "timestamp": 1665510130,
      "stdout": "../../../../tmp/tmpf8o567to.ts(6,20): error TS2304: Cannot find name 'binomial_Coeff'.\n",
      "stderr": "",
      "exit_code": 2,
      "status": "SyntaxError"
    },
    {
      "program": "//Write a tsthon function that takes in a positive integer n and finds the sum of even index binomial coefficients.\nfunction even_binomial_Coeff_Sum(n: number): number {\n  let sum: number = 0;\n  for (let i = 0; i < n; i++) {\n    if (i % 2 === 0) {\n      sum += binomial_Coeff(n, i);\n    }\n  }\n  return sum;\n}\n\ndeclare var require: any;\nconst assert = require('node:assert');\n\n\nfunction test() {\n  let candidate = even_binomial_Coeff_Sum;\n  assert.deepEqual(candidate(4),8);\n  assert.deepEqual(candidate(6),32);\n  assert.deepEqual(candidate(2),2);\n}\n\ntest();",
      "timestamp": 1666122828,
      "stdout": "../../../../tmp/tmphsg6gz8a.ts(6,14): error TS2304: Cannot find name 'binomial_Coeff'.\n",
      "stderr": "",
      "exit_code": 2,
      "status": "SyntaxError"
    },
    {
      "program": "//Write a tsthon function that takes in a positive integer n and finds the sum of even index binomial coefficients.\nfunction even_binomial_Coeff_Sum(n: number): number {\n  let sum = 0;\n  for (let i = 0; i < n; i++) {\n    if (i % 2 === 0) {\n      sum += binomial_Coeff(n, i);\n    }\n  }\n  return sum;\n}\n\ndeclare var require: any;\nconst assert = require('node:assert');\n\n\nfunction test() {\n  let candidate = even_binomial_Coeff_Sum;\n  assert.deepEqual(candidate(4),8);\n  assert.deepEqual(candidate(6),32);\n  assert.deepEqual(candidate(2),2);\n}\n\ntest();",
      "timestamp": 1665510130,
      "stdout": "../../../../tmp/tmp26mdt1j3.ts(6,14): error TS2304: Cannot find name 'binomial_Coeff'.\n",
      "stderr": "",
      "exit_code": 2,
      "status": "SyntaxError"
    },
    {
      "program": "//Write a tsthon function that takes in a positive integer n and finds the sum of even index binomial coefficients.\nfunction even_binomial_Coeff_Sum(n: number): number {\n    let sum: number = 0;\n    for (let i = 0; i <= n; i += 2) {\n        sum += binomial_Coeff(n, i);\n    }\n    return sum;\n}\n\ndeclare var require: any;\nconst assert = require('node:assert');\n\n\nfunction test() {\n  let candidate = even_binomial_Coeff_Sum;\n  assert.deepEqual(candidate(4),8);\n  assert.deepEqual(candidate(6),32);\n  assert.deepEqual(candidate(2),2);\n}\n\ntest();",
      "timestamp": 1665510130,
      "stdout": "../../../../tmp/tmp5uvbcmpo.ts(5,16): error TS2304: Cannot find name 'binomial_Coeff'.\n",
      "stderr": "",
      "exit_code": 2,
      "status": "SyntaxError"
    },
    {
      "program": "//Write a tsthon function that takes in a positive integer n and finds the sum of even index binomial coefficients.\nfunction even_binomial_Coeff_Sum(n: number): number {\n  let sum = 0;\n  for (let i = 0; i < n; i += 2) {\n    sum += binomial_Coeff(n, i);\n  }\n  return sum;\n}\n\ndeclare var require: any;\nconst assert = require('node:assert');\n\n\nfunction test() {\n  let candidate = even_binomial_Coeff_Sum;\n  assert.deepEqual(candidate(4),8);\n  assert.deepEqual(candidate(6),32);\n  assert.deepEqual(candidate(2),2);\n}\n\ntest();",
      "timestamp": 1666122828,
      "stdout": "../../../../tmp/tmpwz1xi5t1.ts(5,12): error TS2304: Cannot find name 'binomial_Coeff'.\n",
      "stderr": "",
      "exit_code": 2,
      "status": "SyntaxError"
    },
    {
      "program": "//Write a tsthon function that takes in a positive integer n and finds the sum of even index binomial coefficients.\nfunction even_binomial_Coeff_Sum(n: number): number {\n  let sum = 0;\n  for (let i = 0; i <= n; i++) {\n    if (i % 2 === 0) {\n      sum += binomial_Coeff(n, i);\n    }\n  }\n  return sum;\n}\n\ndeclare var require: any;\nconst assert = require('node:assert');\n\n\nfunction test() {\n  let candidate = even_binomial_Coeff_Sum;\n  assert.deepEqual(candidate(4),8);\n  assert.deepEqual(candidate(6),32);\n  assert.deepEqual(candidate(2),2);\n}\n\ntest();",
      "timestamp": 1666122828,
      "stdout": "../../../../tmp/tmppa1bf5dp.ts(6,14): error TS2304: Cannot find name 'binomial_Coeff'.\n",
      "stderr": "",
      "exit_code": 2,
      "status": "SyntaxError"
    },
    {
      "program": "//Write a tsthon function that takes in a positive integer n and finds the sum of even index binomial coefficients.\nfunction even_binomial_Coeff_Sum(n: number): number {\n  let sum = 0;\n  for (let i = 0; i < n; i++) {\n    if (i % 2 === 0) {\n      sum += binomialCoeff(n, i);\n    }\n  }\n  return sum;\n}\n\ndeclare var require: any;\nconst assert = require('node:assert');\n\n\nfunction test() {\n  let candidate = even_binomial_Coeff_Sum;\n  assert.deepEqual(candidate(4),8);\n  assert.deepEqual(candidate(6),32);\n  assert.deepEqual(candidate(2),2);\n}\n\ntest();",
      "timestamp": 1665510130,
      "stdout": "../../../../tmp/tmpe20prr85.ts(6,14): error TS2304: Cannot find name 'binomialCoeff'.\n",
      "stderr": "",
      "exit_code": 2,
      "status": "SyntaxError"
    },
    {
      "program": "//Write a tsthon function that takes in a positive integer n and finds the sum of even index binomial coefficients.\nfunction even_binomial_Coeff_Sum(n: number): number {\n  let sum = 0;\n  for (let i = 0; i <= n; i += 2) {\n    sum += binomialCoeff(n, i);\n  }\n  return sum;\n}\n\ndeclare var require: any;\nconst assert = require('node:assert');\n\n\nfunction test() {\n  let candidate = even_binomial_Coeff_Sum;\n  assert.deepEqual(candidate(4),8);\n  assert.deepEqual(candidate(6),32);\n  assert.deepEqual(candidate(2),2);\n}\n\ntest();",
      "timestamp": 1665510130,
      "stdout": "../../../../tmp/tmpmnmbrz_7.ts(5,12): error TS2304: Cannot find name 'binomialCoeff'.\n",
      "stderr": "",
      "exit_code": 2,
      "status": "SyntaxError"
    },
    {
      "program": "//Write a tsthon function that takes in a positive integer n and finds the sum of even index binomial coefficients.\nfunction even_binomial_Coeff_Sum(n: number): number {\n    let sum = 0;\n    for (let i = 0; i <= n; i += 2) {\n        sum += binomial_Coeff(n, i);\n    }\n    return sum;\n}\n\ndeclare var require: any;\nconst assert = require('node:assert');\n\n\nfunction test() {\n  let candidate = even_binomial_Coeff_Sum;\n  assert.deepEqual(candidate(4),8);\n  assert.deepEqual(candidate(6),32);\n  assert.deepEqual(candidate(2),2);\n}\n\ntest();",
      "timestamp": 1665510130,
      "stdout": "../../../../tmp/tmps8wihopb.ts(5,16): error TS2304: Cannot find name 'binomial_Coeff'.\n",
      "stderr": "",
      "exit_code": 2,
      "status": "SyntaxError"
    },
    {
      "program": "//Write a tsthon function that takes in a positive integer n and finds the sum of even index binomial coefficients.\nfunction even_binomial_Coeff_Sum(n: number): number {\n  let sum = 0;\n  for (let i = 0; i < n; i++) {\n    if (i % 2 === 0) {\n      sum += binomialCoeff(n, i);\n    }\n  }\n  return sum;\n}\n\ndeclare var require: any;\nconst assert = require('node:assert');\n\n\nfunction test() {\n  let candidate = even_binomial_Coeff_Sum;\n  assert.deepEqual(candidate(4),8);\n  assert.deepEqual(candidate(6),32);\n  assert.deepEqual(candidate(2),2);\n}\n\ntest();",
      "timestamp": 1665510130,
      "stdout": "../../../../tmp/tmpe20prr85.ts(6,14): error TS2304: Cannot find name 'binomialCoeff'.\n",
      "stderr": "",
      "exit_code": 2,
      "status": "SyntaxError"
    },
    {
      "program": "//Write a tsthon function that takes in a positive integer n and finds the sum of even index binomial coefficients.\nfunction even_binomial_Coeff_Sum(n: number): number {\n  let sum = 0;\n  for (let i = 0; i <= n; i++) {\n    if (i % 2 === 0) {\n      sum += binomial_Coeff(n, i);\n    }\n  }\n  return sum;\n}\n\ndeclare var require: any;\nconst assert = require('node:assert');\n\n\nfunction test() {\n  let candidate = even_binomial_Coeff_Sum;\n  assert.deepEqual(candidate(4),8);\n  assert.deepEqual(candidate(6),32);\n  assert.deepEqual(candidate(2),2);\n}\n\ntest();",
      "timestamp": 1666122828,
      "stdout": "../../../../tmp/tmppa1bf5dp.ts(6,14): error TS2304: Cannot find name 'binomial_Coeff'.\n",
      "stderr": "",
      "exit_code": 2,
      "status": "SyntaxError"
    },
    {
      "program": "//Write a tsthon function that takes in a positive integer n and finds the sum of even index binomial coefficients.\nfunction even_binomial_Coeff_Sum(n: number): number {\n  let sum = 0;\n  for (let i = 0; i < n; i++) {\n    if (i % 2 === 0) {\n      sum += binomialCoeff(n, i);\n    }\n  }\n  return sum;\n}\n\ndeclare var require: any;\nconst assert = require('node:assert');\n\n\nfunction test() {\n  let candidate = even_binomial_Coeff_Sum;\n  assert.deepEqual(candidate(4),8);\n  assert.deepEqual(candidate(6),32);\n  assert.deepEqual(candidate(2),2);\n}\n\ntest();",
      "timestamp": 1665510130,
      "stdout": "../../../../tmp/tmpe20prr85.ts(6,14): error TS2304: Cannot find name 'binomialCoeff'.\n",
      "stderr": "",
      "exit_code": 2,
      "status": "SyntaxError"
    },
    {
      "program": "//Write a tsthon function that takes in a positive integer n and finds the sum of even index binomial coefficients.\nfunction even_binomial_Coeff_Sum(n: number): number {\n  let sum = 0;\n  for (let i = 0; i < n; i++) {\n    if (i % 2 === 0) {\n      sum += binomialCoeff(n, i);\n    }\n  }\n  return sum;\n}\n\ndeclare var require: any;\nconst assert = require('node:assert');\n\n\nfunction test() {\n  let candidate = even_binomial_Coeff_Sum;\n  assert.deepEqual(candidate(4),8);\n  assert.deepEqual(candidate(6),32);\n  assert.deepEqual(candidate(2),2);\n}\n\ntest();",
      "timestamp": 1665510130,
      "stdout": "../../../../tmp/tmpe20prr85.ts(6,14): error TS2304: Cannot find name 'binomialCoeff'.\n",
      "stderr": "",
      "exit_code": 2,
      "status": "SyntaxError"
    },
    {
      "program": "//Write a tsthon function that takes in a positive integer n and finds the sum of even index binomial coefficients.\nfunction even_binomial_Coeff_Sum(n: number): number {\n    let sum = 0;\n    for (let i = 0; i <= n; i++) {\n        if (i % 2 === 0) {\n            sum += binomial_Coeff(n, i);\n        }\n    }\n    return sum;\n}\n\ndeclare var require: any;\nconst assert = require('node:assert');\n\n\nfunction test() {\n  let candidate = even_binomial_Coeff_Sum;\n  assert.deepEqual(candidate(4),8);\n  assert.deepEqual(candidate(6),32);\n  assert.deepEqual(candidate(2),2);\n}\n\ntest();",
      "timestamp": 1665510130,
      "stdout": "../../../../tmp/tmprql_ovzc.ts(6,20): error TS2304: Cannot find name 'binomial_Coeff'.\n",
      "stderr": "",
      "exit_code": 2,
      "status": "SyntaxError"
    },
    {
      "program": "//Write a tsthon function that takes in a positive integer n and finds the sum of even index binomial coefficients.\nfunction even_binomial_Coeff_Sum(n: number): number {\n    let sum: number = 0;\n    for (let i = 0; i <= n; i++) {\n        if (i % 2 == 0) {\n            sum += binomialCoeff(n, i);\n        }\n    }\n    return sum;\n}\n\ndeclare var require: any;\nconst assert = require('node:assert');\n\n\nfunction test() {\n  let candidate = even_binomial_Coeff_Sum;\n  assert.deepEqual(candidate(4),8);\n  assert.deepEqual(candidate(6),32);\n  assert.deepEqual(candidate(2),2);\n}\n\ntest();",
      "timestamp": 1666122828,
      "stdout": "../../../../tmp/tmpk4q3jgkh.ts(6,20): error TS2304: Cannot find name 'binomialCoeff'.\n",
      "stderr": "",
      "exit_code": 2,
      "status": "SyntaxError"
    },
    {
      "program": "//Write a tsthon function that takes in a positive integer n and finds the sum of even index binomial coefficients.\nfunction even_binomial_Coeff_Sum(n: number): number {\n    let sum: number = 0;\n    for (let i: number = 0; i <= n; i++) {\n        if (i % 2 == 0) {\n            sum += binomialCoeff(n, i);\n        }\n    }\n    return sum;\n}\n\ndeclare var require: any;\nconst assert = require('node:assert');\n\n\nfunction test() {\n  let candidate = even_binomial_Coeff_Sum;\n  assert.deepEqual(candidate(4),8);\n  assert.deepEqual(candidate(6),32);\n  assert.deepEqual(candidate(2),2);\n}\n\ntest();",
      "timestamp": 1666122828,
      "stdout": "../../../../tmp/tmplbq39pbg.ts(6,20): error TS2304: Cannot find name 'binomialCoeff'.\n",
      "stderr": "",
      "exit_code": 2,
      "status": "SyntaxError"
    },
    {
      "program": "//Write a tsthon function that takes in a positive integer n and finds the sum of even index binomial coefficients.\nfunction even_binomial_Coeff_Sum(n: number): number {\n  let sum = 0;\n  for (let i = 0; i <= n; i++) {\n    if (i % 2 === 0) {\n      sum += binomial_Coeff(n, i);\n    }\n  }\n  return sum;\n}\n\ndeclare var require: any;\nconst assert = require('node:assert');\n\n\nfunction test() {\n  let candidate = even_binomial_Coeff_Sum;\n  assert.deepEqual(candidate(4),8);\n  assert.deepEqual(candidate(6),32);\n  assert.deepEqual(candidate(2),2);\n}\n\ntest();",
      "timestamp": 1666122828,
      "stdout": "../../../../tmp/tmppa1bf5dp.ts(6,14): error TS2304: Cannot find name 'binomial_Coeff'.\n",
      "stderr": "",
      "exit_code": 2,
      "status": "SyntaxError"
    },
    {
      "program": "//Write a tsthon function that takes in a positive integer n and finds the sum of even index binomial coefficients.\nfunction even_binomial_Coeff_Sum(n: number): number {\n    let sum: number = 0;\n    let binomial: number = 0;\n    for (let i: number = 0; i <= n; i++) {\n        binomial = binomial_Coeff(n, i);\n        if (i % 2 == 0) {\n            sum += binomial;\n        }\n    }\n    return sum;\n}\n\ndeclare var require: any;\nconst assert = require('node:assert');\n\n\nfunction test() {\n  let candidate = even_binomial_Coeff_Sum;\n  assert.deepEqual(candidate(4),8);\n  assert.deepEqual(candidate(6),32);\n  assert.deepEqual(candidate(2),2);\n}\n\ntest();",
      "timestamp": 1666122828,
      "stdout": "../../../../tmp/tmpf7att1re.ts(6,20): error TS2304: Cannot find name 'binomial_Coeff'.\n",
      "stderr": "",
      "exit_code": 2,
      "status": "SyntaxError"
    },
    {
      "program": "//Write a tsthon function that takes in a positive integer n and finds the sum of even index binomial coefficients.\nfunction even_binomial_Coeff_Sum(n: number): number {\n  let sum = 0;\n  for (let i = 0; i < n; i++) {\n    if (i % 2 === 0) {\n      sum += binomial_Coeff(n, i);\n    }\n  }\n  return sum;\n}\n\ndeclare var require: any;\nconst assert = require('node:assert');\n\n\nfunction test() {\n  let candidate = even_binomial_Coeff_Sum;\n  assert.deepEqual(candidate(4),8);\n  assert.deepEqual(candidate(6),32);\n  assert.deepEqual(candidate(2),2);\n}\n\ntest();",
      "timestamp": 1665510130,
      "stdout": "../../../../tmp/tmp26mdt1j3.ts(6,14): error TS2304: Cannot find name 'binomial_Coeff'.\n",
      "stderr": "",
      "exit_code": 2,
      "status": "SyntaxError"
    },
    {
      "program": "//Write a tsthon function that takes in a positive integer n and finds the sum of even index binomial coefficients.\nfunction even_binomial_Coeff_Sum(n: number): number {\n  let sum = 0;\n  for (let i = 0; i < n; i++) {\n    if (i % 2 === 0) {\n      sum += binomialCoeff(n, i);\n    }\n  }\n  return sum;\n}\n\nconsole.log(even_binomial_Coeff_Sum(5));\n\ndeclare var require: any;\nconst assert = require('node:assert');\n\n\nfunction test() {\n  let candidate = even_binomial_Coeff_Sum;\n  assert.deepEqual(candidate(4),8);\n  assert.deepEqual(candidate(6),32);\n  assert.deepEqual(candidate(2),2);\n}\n\ntest();",
      "timestamp": 1666122828,
      "stdout": "../../../../tmp/tmp65awmebw.ts(6,14): error TS2304: Cannot find name 'binomialCoeff'.\n",
      "stderr": "",
      "exit_code": 2,
      "status": "SyntaxError"
    },
    {
      "program": "//Write a tsthon function that takes in a positive integer n and finds the sum of even index binomial coefficients.\nfunction even_binomial_Coeff_Sum(n: number): number {\n  let sum = 0;\n  for (let i = 0; i < n; i++) {\n    if (i % 2 === 0) {\n      sum += binomial_Coeff(n, i);\n    }\n  }\n  return sum;\n}\n\ndeclare var require: any;\nconst assert = require('node:assert');\n\n\nfunction test() {\n  let candidate = even_binomial_Coeff_Sum;\n  assert.deepEqual(candidate(4),8);\n  assert.deepEqual(candidate(6),32);\n  assert.deepEqual(candidate(2),2);\n}\n\ntest();",
      "timestamp": 1665510130,
      "stdout": "../../../../tmp/tmp26mdt1j3.ts(6,14): error TS2304: Cannot find name 'binomial_Coeff'.\n",
      "stderr": "",
      "exit_code": 2,
      "status": "SyntaxError"
    },
    {
      "program": "//Write a tsthon function that takes in a positive integer n and finds the sum of even index binomial coefficients.\nfunction even_binomial_Coeff_Sum(n: number): number {\n    let sum: number = 0;\n    for (let i = 0; i <= n; i++) {\n        if (i % 2 == 0) {\n            sum += binomial_Coeff(n, i);\n        }\n    }\n    return sum;\n}\n\ndeclare var require: any;\nconst assert = require('node:assert');\n\n\nfunction test() {\n  let candidate = even_binomial_Coeff_Sum;\n  assert.deepEqual(candidate(4),8);\n  assert.deepEqual(candidate(6),32);\n  assert.deepEqual(candidate(2),2);\n}\n\ntest();",
      "timestamp": 1665510130,
      "stdout": "../../../../tmp/tmpvuyjr2dp.ts(6,20): error TS2304: Cannot find name 'binomial_Coeff'.\n",
      "stderr": "",
      "exit_code": 2,
      "status": "SyntaxError"
    },
    {
      "program": "//Write a tsthon function that takes in a positive integer n and finds the sum of even index binomial coefficients.\nfunction even_binomial_Coeff_Sum(n: number): number {\n    let sum = 0;\n    for (let i = 0; i <= n; i += 2) {\n        sum += binomial_Coeff(n, i);\n    }\n    return sum;\n}\n\ndeclare var require: any;\nconst assert = require('node:assert');\n\n\nfunction test() {\n  let candidate = even_binomial_Coeff_Sum;\n  assert.deepEqual(candidate(4),8);\n  assert.deepEqual(candidate(6),32);\n  assert.deepEqual(candidate(2),2);\n}\n\ntest();",
      "timestamp": 1665510130,
      "stdout": "../../../../tmp/tmps8wihopb.ts(5,16): error TS2304: Cannot find name 'binomial_Coeff'.\n",
      "stderr": "",
      "exit_code": 2,
      "status": "SyntaxError"
    },
    {
      "program": "//Write a tsthon function that takes in a positive integer n and finds the sum of even index binomial coefficients.\nfunction even_binomial_Coeff_Sum(n: number): number {\n  let sum = 0;\n  for (let i = 0; i <= n; i++) {\n    if (i % 2 === 0) {\n      sum += binomialCoeff(n, i);\n    }\n  }\n  return sum;\n}\n\ndeclare var require: any;\nconst assert = require('node:assert');\n\n\nfunction test() {\n  let candidate = even_binomial_Coeff_Sum;\n  assert.deepEqual(candidate(4),8);\n  assert.deepEqual(candidate(6),32);\n  assert.deepEqual(candidate(2),2);\n}\n\ntest();",
      "timestamp": 1665510130,
      "stdout": "../../../../tmp/tmpc7kx90xi.ts(6,14): error TS2304: Cannot find name 'binomialCoeff'.\n",
      "stderr": "",
      "exit_code": 2,
      "status": "SyntaxError"
    },
    {
      "program": "//Write a tsthon function that takes in a positive integer n and finds the sum of even index binomial coefficients.\nfunction even_binomial_Coeff_Sum(n: number): number {\n    let sum = 0;\n    for (let i = 0; i < n; i++) {\n        if (i % 2 === 0) {\n            sum += binomial_Coeff(n, i);\n        }\n    }\n    return sum;\n}\n\ndeclare var require: any;\nconst assert = require('node:assert');\n\n\nfunction test() {\n  let candidate = even_binomial_Coeff_Sum;\n  assert.deepEqual(candidate(4),8);\n  assert.deepEqual(candidate(6),32);\n  assert.deepEqual(candidate(2),2);\n}\n\ntest();",
      "timestamp": 1665510130,
      "stdout": "../../../../tmp/tmpf8o567to.ts(6,20): error TS2304: Cannot find name 'binomial_Coeff'.\n",
      "stderr": "",
      "exit_code": 2,
      "status": "SyntaxError"
    },
    {
      "program": "//Write a tsthon function that takes in a positive integer n and finds the sum of even index binomial coefficients.\nfunction even_binomial_Coeff_Sum(n: number): number {\n    let sum = 0;\n    for (let i = 0; i <= n; i += 2) {\n        sum += binomial_Coeff(n, i);\n    }\n    return sum;\n}\n\ndeclare var require: any;\nconst assert = require('node:assert');\n\n\nfunction test() {\n  let candidate = even_binomial_Coeff_Sum;\n  assert.deepEqual(candidate(4),8);\n  assert.deepEqual(candidate(6),32);\n  assert.deepEqual(candidate(2),2);\n}\n\ntest();",
      "timestamp": 1665510130,
      "stdout": "../../../../tmp/tmps8wihopb.ts(5,16): error TS2304: Cannot find name 'binomial_Coeff'.\n",
      "stderr": "",
      "exit_code": 2,
      "status": "SyntaxError"
    },
    {
      "program": "//Write a tsthon function that takes in a positive integer n and finds the sum of even index binomial coefficients.\nfunction even_binomial_Coeff_Sum(n: number): number {\n    let sum: number = 0;\n    for (let i: number = 0; i < n; i++) {\n        if (i % 2 === 0) {\n            sum += binomial_Coeff(n, i);\n        }\n    }\n    return sum;\n}\n\ndeclare var require: any;\nconst assert = require('node:assert');\n\n\nfunction test() {\n  let candidate = even_binomial_Coeff_Sum;\n  assert.deepEqual(candidate(4),8);\n  assert.deepEqual(candidate(6),32);\n  assert.deepEqual(candidate(2),2);\n}\n\ntest();",
      "timestamp": 1666122828,
      "stdout": "../../../../tmp/tmp8yikglv1.ts(6,20): error TS2304: Cannot find name 'binomial_Coeff'.\n",
      "stderr": "",
      "exit_code": 2,
      "status": "SyntaxError"
    },
    {
      "program": "//Write a tsthon function that takes in a positive integer n and finds the sum of even index binomial coefficients.\nfunction even_binomial_Coeff_Sum(n: number): number {\n    let sum = 0;\n    for (let i = 0; i <= n; i += 2) {\n        sum += binomial_Coeff(n, i);\n    }\n    return sum;\n}\n\ndeclare var require: any;\nconst assert = require('node:assert');\n\n\nfunction test() {\n  let candidate = even_binomial_Coeff_Sum;\n  assert.deepEqual(candidate(4),8);\n  assert.deepEqual(candidate(6),32);\n  assert.deepEqual(candidate(2),2);\n}\n\ntest();",
      "timestamp": 1665510130,
      "stdout": "../../../../tmp/tmps8wihopb.ts(5,16): error TS2304: Cannot find name 'binomial_Coeff'.\n",
      "stderr": "",
      "exit_code": 2,
      "status": "SyntaxError"
    },
    {
      "program": "//Write a tsthon function that takes in a positive integer n and finds the sum of even index binomial coefficients.\nfunction even_binomial_Coeff_Sum(n: number): number {\n  let sum = 0;\n  for (let i = 0; i < n; i++) {\n    if (i % 2 === 0) {\n      sum += binomialCoeff(n, i);\n    }\n  }\n  return sum;\n}\n\ndeclare var require: any;\nconst assert = require('node:assert');\n\n\nfunction test() {\n  let candidate = even_binomial_Coeff_Sum;\n  assert.deepEqual(candidate(4),8);\n  assert.deepEqual(candidate(6),32);\n  assert.deepEqual(candidate(2),2);\n}\n\ntest();",
      "timestamp": 1665510130,
      "stdout": "../../../../tmp/tmpe20prr85.ts(6,14): error TS2304: Cannot find name 'binomialCoeff'.\n",
      "stderr": "",
      "exit_code": 2,
      "status": "SyntaxError"
    },
    {
      "program": "//Write a tsthon function that takes in a positive integer n and finds the sum of even index binomial coefficients.\nfunction even_binomial_Coeff_Sum(n: number): number {\n  let sum = 0;\n  for (let i = 0; i < n; i += 2) {\n    sum += binomial_Coeff(n, i);\n  }\n  return sum;\n}\n\nconsole.log(even_binomial_Coeff_Sum(4));\nconsole.log(even_binomial_Coeff_Sum(5));\nconsole.log(even_binomial_Coeff_Sum(6));\n\ndeclare var require: any;\nconst assert = require('node:assert');\n\n\nfunction test() {\n  let candidate = even_binomial_Coeff_Sum;\n  assert.deepEqual(candidate(4),8);\n  assert.deepEqual(candidate(6),32);\n  assert.deepEqual(candidate(2),2);\n}\n\ntest();",
      "timestamp": 1666122828,
      "stdout": "../../../../tmp/tmph83dh_ni.ts(5,12): error TS2304: Cannot find name 'binomial_Coeff'.\n",
      "stderr": "",
      "exit_code": 2,
      "status": "SyntaxError"
    },
    {
      "program": "//Write a tsthon function that takes in a positive integer n and finds the sum of even index binomial coefficients.\nfunction even_binomial_Coeff_Sum(n: number): number {\n    let sum = 0;\n    for (let i = 0; i < n; i++) {\n        if (i % 2 === 0) {\n            sum += binomialCoeff(n, i);\n        }\n    }\n    return sum;\n}\n\ndeclare var require: any;\nconst assert = require('node:assert');\n\n\nfunction test() {\n  let candidate = even_binomial_Coeff_Sum;\n  assert.deepEqual(candidate(4),8);\n  assert.deepEqual(candidate(6),32);\n  assert.deepEqual(candidate(2),2);\n}\n\ntest();",
      "timestamp": 1666122828,
      "stdout": "../../../../tmp/tmpxxj69sy7.ts(6,20): error TS2304: Cannot find name 'binomialCoeff'.\n",
      "stderr": "",
      "exit_code": 2,
      "status": "SyntaxError"
    },
    {
      "program": "//Write a tsthon function that takes in a positive integer n and finds the sum of even index binomial coefficients.\nfunction even_binomial_Coeff_Sum(n: number): number {\n    let sum = 0;\n    for (let i = 0; i <= n; i++) {\n        if (i % 2 == 0) {\n            sum += binomial_Coeff(n, i);\n        }\n    }\n    return sum;\n}\n\ndeclare var require: any;\nconst assert = require('node:assert');\n\n\nfunction test() {\n  let candidate = even_binomial_Coeff_Sum;\n  assert.deepEqual(candidate(4),8);\n  assert.deepEqual(candidate(6),32);\n  assert.deepEqual(candidate(2),2);\n}\n\ntest();",
      "timestamp": 1666122828,
      "stdout": "../../../../tmp/tmp9yiyyh4p.ts(6,20): error TS2304: Cannot find name 'binomial_Coeff'.\n",
      "stderr": "",
      "exit_code": 2,
      "status": "SyntaxError"
    },
    {
      "program": "//Write a tsthon function that takes in a positive integer n and finds the sum of even index binomial coefficients.\nfunction even_binomial_Coeff_Sum(n: number): number {\n  let sum = 0;\n  for (let i = 0; i < n; i++) {\n    if (i % 2 === 0) {\n      sum += binomialCoeff(n, i);\n    }\n  }\n  return sum;\n}\n\nconsole.log(even_binomial_Coeff_Sum(5));\n\ndeclare var require: any;\nconst assert = require('node:assert');\n\n\nfunction test() {\n  let candidate = even_binomial_Coeff_Sum;\n  assert.deepEqual(candidate(4),8);\n  assert.deepEqual(candidate(6),32);\n  assert.deepEqual(candidate(2),2);\n}\n\ntest();",
      "timestamp": 1666122828,
      "stdout": "../../../../tmp/tmp65awmebw.ts(6,14): error TS2304: Cannot find name 'binomialCoeff'.\n",
      "stderr": "",
      "exit_code": 2,
      "status": "SyntaxError"
    },
    {
      "program": "//Write a tsthon function that takes in a positive integer n and finds the sum of even index binomial coefficients.\nfunction even_binomial_Coeff_Sum(n: number): number {\n    let sum = 0;\n    for (let i = 0; i <= n; i += 2) {\n        sum += binomial_Coeff(n, i);\n    }\n    return sum;\n}\n\ndeclare var require: any;\nconst assert = require('node:assert');\n\n\nfunction test() {\n  let candidate = even_binomial_Coeff_Sum;\n  assert.deepEqual(candidate(4),8);\n  assert.deepEqual(candidate(6),32);\n  assert.deepEqual(candidate(2),2);\n}\n\ntest();",
      "timestamp": 1665510130,
      "stdout": "../../../../tmp/tmps8wihopb.ts(5,16): error TS2304: Cannot find name 'binomial_Coeff'.\n",
      "stderr": "",
      "exit_code": 2,
      "status": "SyntaxError"
    },
    {
      "program": "//Write a tsthon function that takes in a positive integer n and finds the sum of even index binomial coefficients.\nfunction even_binomial_Coeff_Sum(n: number): number {\n    let sum = 0;\n    for (let i = 0; i <= n; i += 2) {\n        sum += binomial_Coeff(n, i);\n    }\n    return sum;\n}\n\ndeclare var require: any;\nconst assert = require('node:assert');\n\n\nfunction test() {\n  let candidate = even_binomial_Coeff_Sum;\n  assert.deepEqual(candidate(4),8);\n  assert.deepEqual(candidate(6),32);\n  assert.deepEqual(candidate(2),2);\n}\n\ntest();",
      "timestamp": 1665510130,
      "stdout": "../../../../tmp/tmps8wihopb.ts(5,16): error TS2304: Cannot find name 'binomial_Coeff'.\n",
      "stderr": "",
      "exit_code": 2,
      "status": "SyntaxError"
    },
    {
      "program": "//Write a tsthon function that takes in a positive integer n and finds the sum of even index binomial coefficients.\nfunction even_binomial_Coeff_Sum(n: number): number {\n    let sum = 0;\n    for (let i = 0; i <= n; i += 2) {\n        sum += binomial_Coeff(n, i);\n    }\n    return sum;\n}\n\ndeclare var require: any;\nconst assert = require('node:assert');\n\n\nfunction test() {\n  let candidate = even_binomial_Coeff_Sum;\n  assert.deepEqual(candidate(4),8);\n  assert.deepEqual(candidate(6),32);\n  assert.deepEqual(candidate(2),2);\n}\n\ntest();",
      "timestamp": 1665510130,
      "stdout": "../../../../tmp/tmps8wihopb.ts(5,16): error TS2304: Cannot find name 'binomial_Coeff'.\n",
      "stderr": "",
      "exit_code": 2,
      "status": "SyntaxError"
    },
    {
      "program": "//Write a tsthon function that takes in a positive integer n and finds the sum of even index binomial coefficients.\nfunction even_binomial_Coeff_Sum(n: number): number {\n  let sum = 0;\n  for (let i = 0; i < n; i++) {\n    if (i % 2 === 0) {\n      sum += binomial_Coeff(n, i);\n    }\n  }\n  return sum;\n}\n\ndeclare var require: any;\nconst assert = require('node:assert');\n\n\nfunction test() {\n  let candidate = even_binomial_Coeff_Sum;\n  assert.deepEqual(candidate(4),8);\n  assert.deepEqual(candidate(6),32);\n  assert.deepEqual(candidate(2),2);\n}\n\ntest();",
      "timestamp": 1665510130,
      "stdout": "../../../../tmp/tmp26mdt1j3.ts(6,14): error TS2304: Cannot find name 'binomial_Coeff'.\n",
      "stderr": "",
      "exit_code": 2,
      "status": "SyntaxError"
    },
    {
      "program": "//Write a tsthon function that takes in a positive integer n and finds the sum of even index binomial coefficients.\nfunction even_binomial_Coeff_Sum(n: number): number {\n  let sum = 0;\n  for (let i = 0; i < n; i++) {\n    if (i % 2 === 0) {\n      sum += binomial_Coeff(n, i);\n    }\n  }\n  return sum;\n}\n\ndeclare var require: any;\nconst assert = require('node:assert');\n\n\nfunction test() {\n  let candidate = even_binomial_Coeff_Sum;\n  assert.deepEqual(candidate(4),8);\n  assert.deepEqual(candidate(6),32);\n  assert.deepEqual(candidate(2),2);\n}\n\ntest();",
      "timestamp": 1665510130,
      "stdout": "../../../../tmp/tmp26mdt1j3.ts(6,14): error TS2304: Cannot find name 'binomial_Coeff'.\n",
      "stderr": "",
      "exit_code": 2,
      "status": "SyntaxError"
    },
    {
      "program": "//Write a tsthon function that takes in a positive integer n and finds the sum of even index binomial coefficients.\nfunction even_binomial_Coeff_Sum(n: number): number {\n  let sum = 0;\n  for (let i = 0; i < n; i++) {\n    if (i % 2 === 0) {\n      sum += binomialCoeff(n, i);\n    }\n  }\n  return sum;\n}\n\ndeclare var require: any;\nconst assert = require('node:assert');\n\n\nfunction test() {\n  let candidate = even_binomial_Coeff_Sum;\n  assert.deepEqual(candidate(4),8);\n  assert.deepEqual(candidate(6),32);\n  assert.deepEqual(candidate(2),2);\n}\n\ntest();",
      "timestamp": 1665510130,
      "stdout": "../../../../tmp/tmpe20prr85.ts(6,14): error TS2304: Cannot find name 'binomialCoeff'.\n",
      "stderr": "",
      "exit_code": 2,
      "status": "SyntaxError"
    },
    {
      "program": "//Write a tsthon function that takes in a positive integer n and finds the sum of even index binomial coefficients.\nfunction even_binomial_Coeff_Sum(n: number): number {\n    let sum = 0;\n    for (let i = 0; i <= n; i++) {\n        if (i % 2 === 0) {\n            sum += binomial_Coeff(n, i);\n        }\n    }\n    return sum;\n}\n\ndeclare var require: any;\nconst assert = require('node:assert');\n\n\nfunction test() {\n  let candidate = even_binomial_Coeff_Sum;\n  assert.deepEqual(candidate(4),8);\n  assert.deepEqual(candidate(6),32);\n  assert.deepEqual(candidate(2),2);\n}\n\ntest();",
      "timestamp": 1665510130,
      "stdout": "../../../../tmp/tmprql_ovzc.ts(6,20): error TS2304: Cannot find name 'binomial_Coeff'.\n",
      "stderr": "",
      "exit_code": 2,
      "status": "SyntaxError"
    },
    {
      "program": "//Write a tsthon function that takes in a positive integer n and finds the sum of even index binomial coefficients.\nfunction even_binomial_Coeff_Sum(n: number): number {\n    let sum = 0;\n    for (let i = 0; i <= n; i += 2) {\n        sum += binomial_Coeff(n, i);\n    }\n    return sum;\n}\n\ndeclare var require: any;\nconst assert = require('node:assert');\n\n\nfunction test() {\n  let candidate = even_binomial_Coeff_Sum;\n  assert.deepEqual(candidate(4),8);\n  assert.deepEqual(candidate(6),32);\n  assert.deepEqual(candidate(2),2);\n}\n\ntest();",
      "timestamp": 1665510130,
      "stdout": "../../../../tmp/tmps8wihopb.ts(5,16): error TS2304: Cannot find name 'binomial_Coeff'.\n",
      "stderr": "",
      "exit_code": 2,
      "status": "SyntaxError"
    },
    {
      "program": "//Write a tsthon function that takes in a positive integer n and finds the sum of even index binomial coefficients.\nfunction even_binomial_Coeff_Sum(n: number): number {\n  let sum: number = 0;\n  for (let i = 0; i <= n; i++) {\n    if (i % 2 === 0) {\n      sum += binomial_Coeff(n, i);\n    }\n  }\n  return sum;\n}\n\ndeclare var require: any;\nconst assert = require('node:assert');\n\n\nfunction test() {\n  let candidate = even_binomial_Coeff_Sum;\n  assert.deepEqual(candidate(4),8);\n  assert.deepEqual(candidate(6),32);\n  assert.deepEqual(candidate(2),2);\n}\n\ntest();",
      "timestamp": 1666122828,
      "stdout": "../../../../tmp/tmpdpmxs6es.ts(6,14): error TS2304: Cannot find name 'binomial_Coeff'.\n",
      "stderr": "",
      "exit_code": 2,
      "status": "SyntaxError"
    },
    {
      "program": "//Write a tsthon function that takes in a positive integer n and finds the sum of even index binomial coefficients.\nfunction even_binomial_Coeff_Sum(n: number): number {\n    let sum: number = 0;\n    for (let i: number = 0; i <= n; i++) {\n        if (i % 2 == 0) {\n            sum += binomial_Coeff(n, i);\n        }\n    }\n    return sum;\n}\n\ndeclare var require: any;\nconst assert = require('node:assert');\n\n\nfunction test() {\n  let candidate = even_binomial_Coeff_Sum;\n  assert.deepEqual(candidate(4),8);\n  assert.deepEqual(candidate(6),32);\n  assert.deepEqual(candidate(2),2);\n}\n\ntest();",
      "timestamp": 1666122829,
      "stdout": "../../../../tmp/tmpu4ykyp1x.ts(6,20): error TS2304: Cannot find name 'binomial_Coeff'.\n",
      "stderr": "",
      "exit_code": 2,
      "status": "SyntaxError"
    },
    {
      "program": "//Write a tsthon function that takes in a positive integer n and finds the sum of even index binomial coefficients.\nfunction even_binomial_Coeff_Sum(n: number): number {\n  let sum = 0;\n  for (let i = 0; i <= n; i++) {\n    if (i % 2 === 0) {\n      sum += binomial_Coeff(n, i);\n    }\n  }\n  return sum;\n}\ndeclare var require: any;\nconst assert = require('node:assert');\n\n\nfunction test() {\n  let candidate = even_binomial_Coeff_Sum;\n  assert.deepEqual(candidate(4),8);\n  assert.deepEqual(candidate(6),32);\n  assert.deepEqual(candidate(2),2);\n}\n\ntest();",
      "timestamp": 1666122829,
      "stdout": "../../../../tmp/tmpn6dbo_pf.ts(6,14): error TS2304: Cannot find name 'binomial_Coeff'.\n",
      "stderr": "",
      "exit_code": 2,
      "status": "SyntaxError"
    },
    {
      "program": "//Write a tsthon function that takes in a positive integer n and finds the sum of even index binomial coefficients.\nfunction even_binomial_Coeff_Sum(n: number): number {\n  let sum = 0;\n  for (let i = 0; i <= n; i += 2) {\n    sum += binomialCoeff(n, i);\n  }\n  return sum;\n}\n\ndeclare var require: any;\nconst assert = require('node:assert');\n\n\nfunction test() {\n  let candidate = even_binomial_Coeff_Sum;\n  assert.deepEqual(candidate(4),8);\n  assert.deepEqual(candidate(6),32);\n  assert.deepEqual(candidate(2),2);\n}\n\ntest();",
      "timestamp": 1665510130,
      "stdout": "../../../../tmp/tmpmnmbrz_7.ts(5,12): error TS2304: Cannot find name 'binomialCoeff'.\n",
      "stderr": "",
      "exit_code": 2,
      "status": "SyntaxError"
    },
    {
      "program": "//Write a tsthon function that takes in a positive integer n and finds the sum of even index binomial coefficients.\nfunction even_binomial_Coeff_Sum(n: number): number {\n  let sum = 0;\n  for (let i = 0; i < n; i++) {\n    if (i % 2 === 0) {\n      sum += binomialCoeff(n, i);\n    }\n  }\n  return sum;\n}\n\nconsole.log(even_binomial_Coeff_Sum(5));\n\ndeclare var require: any;\nconst assert = require('node:assert');\n\n\nfunction test() {\n  let candidate = even_binomial_Coeff_Sum;\n  assert.deepEqual(candidate(4),8);\n  assert.deepEqual(candidate(6),32);\n  assert.deepEqual(candidate(2),2);\n}\n\ntest();",
      "timestamp": 1666122828,
      "stdout": "../../../../tmp/tmp65awmebw.ts(6,14): error TS2304: Cannot find name 'binomialCoeff'.\n",
      "stderr": "",
      "exit_code": 2,
      "status": "SyntaxError"
    },
    {
      "program": "//Write a tsthon function that takes in a positive integer n and finds the sum of even index binomial coefficients.\nfunction even_binomial_Coeff_Sum(n: number): number {\n  let sum = 0;\n  for (let i = 0; i < n; i++) {\n    if (i % 2 === 0) {\n      sum += binomial_Coeff(n, i);\n    }\n  }\n  return sum;\n}\n\ndeclare var require: any;\nconst assert = require('node:assert');\n\n\nfunction test() {\n  let candidate = even_binomial_Coeff_Sum;\n  assert.deepEqual(candidate(4),8);\n  assert.deepEqual(candidate(6),32);\n  assert.deepEqual(candidate(2),2);\n}\n\ntest();",
      "timestamp": 1665510130,
      "stdout": "../../../../tmp/tmp26mdt1j3.ts(6,14): error TS2304: Cannot find name 'binomial_Coeff'.\n",
      "stderr": "",
      "exit_code": 2,
      "status": "SyntaxError"
    },
    {
      "program": "//Write a tsthon function that takes in a positive integer n and finds the sum of even index binomial coefficients.\nfunction even_binomial_Coeff_Sum(n: number): number {\n  let sum = 0;\n  for (let i = 0; i < n; i++) {\n    if (i % 2 === 0) {\n      sum += binomial_Coeff(n, i);\n    }\n  }\n  return sum;\n}\n\ndeclare var require: any;\nconst assert = require('node:assert');\n\n\nfunction test() {\n  let candidate = even_binomial_Coeff_Sum;\n  assert.deepEqual(candidate(4),8);\n  assert.deepEqual(candidate(6),32);\n  assert.deepEqual(candidate(2),2);\n}\n\ntest();",
      "timestamp": 1665510130,
      "stdout": "../../../../tmp/tmp26mdt1j3.ts(6,14): error TS2304: Cannot find name 'binomial_Coeff'.\n",
      "stderr": "",
      "exit_code": 2,
      "status": "SyntaxError"
    },
    {
      "program": "//Write a tsthon function that takes in a positive integer n and finds the sum of even index binomial coefficients.\nfunction even_binomial_Coeff_Sum(n: number): number {\n  let sum = 0;\n  for (let i = 0; i < n; i += 2) {\n    sum += binomial_Coeff(n, i);\n  }\n  return sum;\n}\n\ndeclare var require: any;\nconst assert = require('node:assert');\n\n\nfunction test() {\n  let candidate = even_binomial_Coeff_Sum;\n  assert.deepEqual(candidate(4),8);\n  assert.deepEqual(candidate(6),32);\n  assert.deepEqual(candidate(2),2);\n}\n\ntest();",
      "timestamp": 1666122828,
      "stdout": "../../../../tmp/tmpwz1xi5t1.ts(5,12): error TS2304: Cannot find name 'binomial_Coeff'.\n",
      "stderr": "",
      "exit_code": 2,
      "status": "SyntaxError"
    },
    {
      "program": "//Write a tsthon function that takes in a positive integer n and finds the sum of even index binomial coefficients.\nfunction even_binomial_Coeff_Sum(n: number): number {\n    let sum = 0;\n    for (let i = 0; i <= n; i += 2) {\n        sum += binomial_Coeff(n, i);\n    }\n    return sum;\n}\n\ndeclare var require: any;\nconst assert = require('node:assert');\n\n\nfunction test() {\n  let candidate = even_binomial_Coeff_Sum;\n  assert.deepEqual(candidate(4),8);\n  assert.deepEqual(candidate(6),32);\n  assert.deepEqual(candidate(2),2);\n}\n\ntest();",
      "timestamp": 1665510130,
      "stdout": "../../../../tmp/tmps8wihopb.ts(5,16): error TS2304: Cannot find name 'binomial_Coeff'.\n",
      "stderr": "",
      "exit_code": 2,
      "status": "SyntaxError"
    },
    {
      "program": "//Write a tsthon function that takes in a positive integer n and finds the sum of even index binomial coefficients.\nfunction even_binomial_Coeff_Sum(n: number): number {\n    let sum = 0;\n    for (let i = 0; i < n; i++) {\n        if (i % 2 == 0) {\n            sum += binomial_Coeff(n, i);\n        }\n    }\n    return sum;\n}\n\ndeclare var require: any;\nconst assert = require('node:assert');\n\n\nfunction test() {\n  let candidate = even_binomial_Coeff_Sum;\n  assert.deepEqual(candidate(4),8);\n  assert.deepEqual(candidate(6),32);\n  assert.deepEqual(candidate(2),2);\n}\n\ntest();",
      "timestamp": 1665510130,
      "stdout": "../../../../tmp/tmp_3vub0ur.ts(6,20): error TS2304: Cannot find name 'binomial_Coeff'.\n",
      "stderr": "",
      "exit_code": 2,
      "status": "SyntaxError"
    },
    {
      "program": "//Write a tsthon function that takes in a positive integer n and finds the sum of even index binomial coefficients.\nfunction even_binomial_Coeff_Sum(n: number): number {\n  let sum = 0;\n  for (let i = 0; i <= n; i++) {\n    if (i % 2 === 0) {\n      sum += binomialCoeff(n, i);\n    }\n  }\n  return sum;\n}\n\ndeclare var require: any;\nconst assert = require('node:assert');\n\n\nfunction test() {\n  let candidate = even_binomial_Coeff_Sum;\n  assert.deepEqual(candidate(4),8);\n  assert.deepEqual(candidate(6),32);\n  assert.deepEqual(candidate(2),2);\n}\n\ntest();",
      "timestamp": 1665510130,
      "stdout": "../../../../tmp/tmpc7kx90xi.ts(6,14): error TS2304: Cannot find name 'binomialCoeff'.\n",
      "stderr": "",
      "exit_code": 2,
      "status": "SyntaxError"
    },
    {
      "program": "//Write a tsthon function that takes in a positive integer n and finds the sum of even index binomial coefficients.\nfunction even_binomial_Coeff_Sum(n: number): number {\n    let sum = 0;\n    for (let i = 0; i <= n; i += 2) {\n        sum += binomial_Coeff(n, i);\n    }\n    return sum;\n}\n\ndeclare var require: any;\nconst assert = require('node:assert');\n\n\nfunction test() {\n  let candidate = even_binomial_Coeff_Sum;\n  assert.deepEqual(candidate(4),8);\n  assert.deepEqual(candidate(6),32);\n  assert.deepEqual(candidate(2),2);\n}\n\ntest();",
      "timestamp": 1665510130,
      "stdout": "../../../../tmp/tmps8wihopb.ts(5,16): error TS2304: Cannot find name 'binomial_Coeff'.\n",
      "stderr": "",
      "exit_code": 2,
      "status": "SyntaxError"
    },
    {
      "program": "//Write a tsthon function that takes in a positive integer n and finds the sum of even index binomial coefficients.\nfunction even_binomial_Coeff_Sum(n: number): number {\n  let sum = 0;\n  for (let i = 0; i <= n; i += 2) {\n    sum += binomial_Coeff(n, i);\n  }\n  return sum;\n}\n\ndeclare var require: any;\nconst assert = require('node:assert');\n\n\nfunction test() {\n  let candidate = even_binomial_Coeff_Sum;\n  assert.deepEqual(candidate(4),8);\n  assert.deepEqual(candidate(6),32);\n  assert.deepEqual(candidate(2),2);\n}\n\ntest();",
      "timestamp": 1665510130,
      "stdout": "../../../../tmp/tmpqb2b_csh.ts(5,12): error TS2304: Cannot find name 'binomial_Coeff'.\n",
      "stderr": "",
      "exit_code": 2,
      "status": "SyntaxError"
    },
    {
      "program": "//Write a tsthon function that takes in a positive integer n and finds the sum of even index binomial coefficients.\nfunction even_binomial_Coeff_Sum(n: number): number {\n  let sum = 0;\n  for (let i = 0; i < n; i++) {\n    if (i % 2 === 0) {\n      sum += binomial_Coeff(n, i);\n    }\n  }\n  return sum;\n}\n\nconsole.log(even_binomial_Coeff_Sum(5));\n\ndeclare var require: any;\nconst assert = require('node:assert');\n\n\nfunction test() {\n  let candidate = even_binomial_Coeff_Sum;\n  assert.deepEqual(candidate(4),8);\n  assert.deepEqual(candidate(6),32);\n  assert.deepEqual(candidate(2),2);\n}\n\ntest();",
      "timestamp": 1666122828,
      "stdout": "../../../../tmp/tmp0pvae1su.ts(6,14): error TS2304: Cannot find name 'binomial_Coeff'.\n",
      "stderr": "",
      "exit_code": 2,
      "status": "SyntaxError"
    }
  ]
}