{
  "name": "mbpp_434_text_match_one",
  "language": "rs",
  "prompt": "/// Write a function that matches a string that has an a followed by one or more b's.\nfn text_match_one(text: String) -> bool {\n",
  "doctests": "keep",
  "original": "/home/arjun/repos/MultiPL-E/datasets/../datasets/mbpp-typed/mbpp_434_text_match_one.py",
  "prompt_terminology": "verbatim",
  "tests": "}\n\nfn main() {\n    let candidate = text_match_one;\n    assert_eq!(candidate(String::from(\"ac\")), false);\n    assert_eq!(candidate(String::from(\"dc\")), false);\n    assert_eq!(candidate(String::from(\"abba\")), true);\n}\n",
  "stop_tokens": [
    "\n}"
  ],
  "results": [
    {
      "program": "/// Write a function that matches a string that has an a followed by one or more b's.\nfn text_match_one(text: String) -> bool {\n    let re = Regex::new(r\"ab+\").unwrap();\n    re.is_match(&text)\n}\n\nfn main() {\n    let candidate = text_match_one;\n    assert_eq!(candidate(String::from(\"ac\")), false);\n    assert_eq!(candidate(String::from(\"dc\")), false);\n    assert_eq!(candidate(String::from(\"abba\")), true);\n}\n",
      "timestamp": 1665509794,
      "stdout": "",
      "stderr": "error[E0433]: failed to resolve: use of undeclared type `Regex`\n --> /tmp/tmp1efr54rj.rs:3:14\n  |\n3 |     let re = Regex::new(r\"ab+\").unwrap();\n  |              ^^^^^ use of undeclared type `Regex`\n\nerror: aborting due to previous error\n\nFor more information about this error, try `rustc --explain E0433`.\n",
      "exit_code": 1,
      "status": "SyntaxError"
    },
    {
      "program": "/// Write a function that matches a string that has an a followed by one or more b's.\nfn text_match_one(text: String) -> bool {\n    let re = Regex::new(r\"ab+\").unwrap();\n    re.is_match(&text)\n}\n\nfn main() {\n    let candidate = text_match_one;\n    assert_eq!(candidate(String::from(\"ac\")), false);\n    assert_eq!(candidate(String::from(\"dc\")), false);\n    assert_eq!(candidate(String::from(\"abba\")), true);\n}\n",
      "timestamp": 1665509794,
      "stdout": "",
      "stderr": "error[E0433]: failed to resolve: use of undeclared type `Regex`\n --> /tmp/tmp1efr54rj.rs:3:14\n  |\n3 |     let re = Regex::new(r\"ab+\").unwrap();\n  |              ^^^^^ use of undeclared type `Regex`\n\nerror: aborting due to previous error\n\nFor more information about this error, try `rustc --explain E0433`.\n",
      "exit_code": 1,
      "status": "SyntaxError"
    },
    {
      "program": "/// Write a function that matches a string that has an a followed by one or more b's.\nfn text_match_one(text: String) -> bool {\n    let re = Regex::new(r\"ab+\").unwrap();\n    re.is_match(&text)\n}\n\nfn main() {\n    let candidate = text_match_one;\n    assert_eq!(candidate(String::from(\"ac\")), false);\n    assert_eq!(candidate(String::from(\"dc\")), false);\n    assert_eq!(candidate(String::from(\"abba\")), true);\n}\n",
      "timestamp": 1665509794,
      "stdout": "",
      "stderr": "error[E0433]: failed to resolve: use of undeclared type `Regex`\n --> /tmp/tmp1efr54rj.rs:3:14\n  |\n3 |     let re = Regex::new(r\"ab+\").unwrap();\n  |              ^^^^^ use of undeclared type `Regex`\n\nerror: aborting due to previous error\n\nFor more information about this error, try `rustc --explain E0433`.\n",
      "exit_code": 1,
      "status": "SyntaxError"
    },
    {
      "program": "/// Write a function that matches a string that has an a followed by one or more b's.\nfn text_match_one(text: String) -> bool {\n    let re = Regex::new(r\"ab+\").unwrap();\n    re.is_match(&text)\n}\n\nfn main() {\n    let candidate = text_match_one;\n    assert_eq!(candidate(String::from(\"ac\")), false);\n    assert_eq!(candidate(String::from(\"dc\")), false);\n    assert_eq!(candidate(String::from(\"abba\")), true);\n}\n",
      "timestamp": 1665509794,
      "stdout": "",
      "stderr": "error[E0433]: failed to resolve: use of undeclared type `Regex`\n --> /tmp/tmp1efr54rj.rs:3:14\n  |\n3 |     let re = Regex::new(r\"ab+\").unwrap();\n  |              ^^^^^ use of undeclared type `Regex`\n\nerror: aborting due to previous error\n\nFor more information about this error, try `rustc --explain E0433`.\n",
      "exit_code": 1,
      "status": "SyntaxError"
    },
    {
      "program": "/// Write a function that matches a string that has an a followed by one or more b's.\nfn text_match_one(text: String) -> bool {\n    lazy_static! {\n        static ref RE: Regex = Regex::new(r\"^ab+$\").unwrap();\n    }\n    RE.is_match(&text)\n}\n\nfn main() {\n    let candidate = text_match_one;\n    assert_eq!(candidate(String::from(\"ac\")), false);\n    assert_eq!(candidate(String::from(\"dc\")), false);\n    assert_eq!(candidate(String::from(\"abba\")), true);\n}\n",
      "timestamp": 1665509794,
      "stdout": "",
      "stderr": "error: cannot find macro `lazy_static` in this scope\n --> /tmp/tmp2htbr94o.rs:3:5\n  |\n3 |     lazy_static! {\n  |     ^^^^^^^^^^^\n\nerror[E0425]: cannot find value `RE` in this scope\n --> /tmp/tmp2htbr94o.rs:6:5\n  |\n6 |     RE.is_match(&text)\n  |     ^^ not found in this scope\n\nerror: aborting due to 2 previous errors\n\nFor more information about this error, try `rustc --explain E0425`.\n",
      "exit_code": 1,
      "status": "SyntaxError"
    },
    {
      "program": "/// Write a function that matches a string that has an a followed by one or more b's.\nfn text_match_one(text: String) -> bool {\n    lazy_static! {\n        static ref RE: Regex = Regex::new(r\"^ab+$\").unwrap();\n    }\n    RE.is_match(&text)\n}\n\nfn main() {\n    let candidate = text_match_one;\n    assert_eq!(candidate(String::from(\"ac\")), false);\n    assert_eq!(candidate(String::from(\"dc\")), false);\n    assert_eq!(candidate(String::from(\"abba\")), true);\n}\n",
      "timestamp": 1665509794,
      "stdout": "",
      "stderr": "error: cannot find macro `lazy_static` in this scope\n --> /tmp/tmp2htbr94o.rs:3:5\n  |\n3 |     lazy_static! {\n  |     ^^^^^^^^^^^\n\nerror[E0425]: cannot find value `RE` in this scope\n --> /tmp/tmp2htbr94o.rs:6:5\n  |\n6 |     RE.is_match(&text)\n  |     ^^ not found in this scope\n\nerror: aborting due to 2 previous errors\n\nFor more information about this error, try `rustc --explain E0425`.\n",
      "exit_code": 1,
      "status": "SyntaxError"
    },
    {
      "program": "/// Write a function that matches a string that has an a followed by one or more b's.\nfn text_match_one(text: String) -> bool {\n    let re = Regex::new(r\"ab+\").unwrap();\n    re.is_match(&text)\n}\n\nfn main() {\n    let candidate = text_match_one;\n    assert_eq!(candidate(String::from(\"ac\")), false);\n    assert_eq!(candidate(String::from(\"dc\")), false);\n    assert_eq!(candidate(String::from(\"abba\")), true);\n}\n",
      "timestamp": 1665509794,
      "stdout": "",
      "stderr": "error[E0433]: failed to resolve: use of undeclared type `Regex`\n --> /tmp/tmp1efr54rj.rs:3:14\n  |\n3 |     let re = Regex::new(r\"ab+\").unwrap();\n  |              ^^^^^ use of undeclared type `Regex`\n\nerror: aborting due to previous error\n\nFor more information about this error, try `rustc --explain E0433`.\n",
      "exit_code": 1,
      "status": "SyntaxError"
    },
    {
      "program": "/// Write a function that matches a string that has an a followed by one or more b's.\nfn text_match_one(text: String) -> bool {\n    let re = Regex::new(r\"ab+\").unwrap();\n    re.is_match(&text)\n}\n\nfn main() {\n    let candidate = text_match_one;\n    assert_eq!(candidate(String::from(\"ac\")), false);\n    assert_eq!(candidate(String::from(\"dc\")), false);\n    assert_eq!(candidate(String::from(\"abba\")), true);\n}\n",
      "timestamp": 1665509794,
      "stdout": "",
      "stderr": "error[E0433]: failed to resolve: use of undeclared type `Regex`\n --> /tmp/tmp1efr54rj.rs:3:14\n  |\n3 |     let re = Regex::new(r\"ab+\").unwrap();\n  |              ^^^^^ use of undeclared type `Regex`\n\nerror: aborting due to previous error\n\nFor more information about this error, try `rustc --explain E0433`.\n",
      "exit_code": 1,
      "status": "SyntaxError"
    },
    {
      "program": "/// Write a function that matches a string that has an a followed by one or more b's.\nfn text_match_one(text: String) -> bool {\n    lazy_static! {\n        static ref RE: Regex = Regex::new(r\"^ab+$\").unwrap();\n    }\n    RE.is_match(&text)\n}\n\nfn main() {\n    let candidate = text_match_one;\n    assert_eq!(candidate(String::from(\"ac\")), false);\n    assert_eq!(candidate(String::from(\"dc\")), false);\n    assert_eq!(candidate(String::from(\"abba\")), true);\n}\n",
      "timestamp": 1665509794,
      "stdout": "",
      "stderr": "error: cannot find macro `lazy_static` in this scope\n --> /tmp/tmp2htbr94o.rs:3:5\n  |\n3 |     lazy_static! {\n  |     ^^^^^^^^^^^\n\nerror[E0425]: cannot find value `RE` in this scope\n --> /tmp/tmp2htbr94o.rs:6:5\n  |\n6 |     RE.is_match(&text)\n  |     ^^ not found in this scope\n\nerror: aborting due to 2 previous errors\n\nFor more information about this error, try `rustc --explain E0425`.\n",
      "exit_code": 1,
      "status": "SyntaxError"
    },
    {
      "program": "/// Write a function that matches a string that has an a followed by one or more b's.\nfn text_match_one(text: String) -> bool {\n    lazy_static! {\n        static ref RE: Regex = Regex::new(r\"^ab+$\").unwrap();\n    }\n    RE.is_match(&text)\n}\n\nfn main() {\n    let candidate = text_match_one;\n    assert_eq!(candidate(String::from(\"ac\")), false);\n    assert_eq!(candidate(String::from(\"dc\")), false);\n    assert_eq!(candidate(String::from(\"abba\")), true);\n}\n",
      "timestamp": 1665509794,
      "stdout": "",
      "stderr": "error: cannot find macro `lazy_static` in this scope\n --> /tmp/tmp2htbr94o.rs:3:5\n  |\n3 |     lazy_static! {\n  |     ^^^^^^^^^^^\n\nerror[E0425]: cannot find value `RE` in this scope\n --> /tmp/tmp2htbr94o.rs:6:5\n  |\n6 |     RE.is_match(&text)\n  |     ^^ not found in this scope\n\nerror: aborting due to 2 previous errors\n\nFor more information about this error, try `rustc --explain E0425`.\n",
      "exit_code": 1,
      "status": "SyntaxError"
    },
    {
      "program": "/// Write a function that matches a string that has an a followed by one or more b's.\nfn text_match_one(text: String) -> bool {\n    let re = Regex::new(r\"ab+\").unwrap();\n    re.is_match(&text)\n}\n\nfn main() {\n    let candidate = text_match_one;\n    assert_eq!(candidate(String::from(\"ac\")), false);\n    assert_eq!(candidate(String::from(\"dc\")), false);\n    assert_eq!(candidate(String::from(\"abba\")), true);\n}\n",
      "timestamp": 1665509794,
      "stdout": "",
      "stderr": "error[E0433]: failed to resolve: use of undeclared type `Regex`\n --> /tmp/tmp1efr54rj.rs:3:14\n  |\n3 |     let re = Regex::new(r\"ab+\").unwrap();\n  |              ^^^^^ use of undeclared type `Regex`\n\nerror: aborting due to previous error\n\nFor more information about this error, try `rustc --explain E0433`.\n",
      "exit_code": 1,
      "status": "SyntaxError"
    },
    {
      "program": "/// Write a function that matches a string that has an a followed by one or more b's.\nfn text_match_one(text: String) -> bool {\n    let re = Regex::new(r\"ab+\").unwrap();\n    re.is_match(&text)\n}\n\nfn main() {\n    let candidate = text_match_one;\n    assert_eq!(candidate(String::from(\"ac\")), false);\n    assert_eq!(candidate(String::from(\"dc\")), false);\n    assert_eq!(candidate(String::from(\"abba\")), true);\n}\n",
      "timestamp": 1665509794,
      "stdout": "",
      "stderr": "error[E0433]: failed to resolve: use of undeclared type `Regex`\n --> /tmp/tmp1efr54rj.rs:3:14\n  |\n3 |     let re = Regex::new(r\"ab+\").unwrap();\n  |              ^^^^^ use of undeclared type `Regex`\n\nerror: aborting due to previous error\n\nFor more information about this error, try `rustc --explain E0433`.\n",
      "exit_code": 1,
      "status": "SyntaxError"
    },
    {
      "program": "/// Write a function that matches a string that has an a followed by one or more b's.\nfn text_match_one(text: String) -> bool {\n    let re = Regex::new(r\"ab+\").unwrap();\n    re.is_match(&text)\n}\n\nfn main() {\n    let candidate = text_match_one;\n    assert_eq!(candidate(String::from(\"ac\")), false);\n    assert_eq!(candidate(String::from(\"dc\")), false);\n    assert_eq!(candidate(String::from(\"abba\")), true);\n}\n",
      "timestamp": 1665509794,
      "stdout": "",
      "stderr": "error[E0433]: failed to resolve: use of undeclared type `Regex`\n --> /tmp/tmp1efr54rj.rs:3:14\n  |\n3 |     let re = Regex::new(r\"ab+\").unwrap();\n  |              ^^^^^ use of undeclared type `Regex`\n\nerror: aborting due to previous error\n\nFor more information about this error, try `rustc --explain E0433`.\n",
      "exit_code": 1,
      "status": "SyntaxError"
    },
    {
      "program": "/// Write a function that matches a string that has an a followed by one or more b's.\nfn text_match_one(text: String) -> bool {\n    let re = Regex::new(r\"ab+\").unwrap();\n    re.is_match(&text)\n}\n\nfn main() {\n    let candidate = text_match_one;\n    assert_eq!(candidate(String::from(\"ac\")), false);\n    assert_eq!(candidate(String::from(\"dc\")), false);\n    assert_eq!(candidate(String::from(\"abba\")), true);\n}\n",
      "timestamp": 1665509794,
      "stdout": "",
      "stderr": "error[E0433]: failed to resolve: use of undeclared type `Regex`\n --> /tmp/tmp1efr54rj.rs:3:14\n  |\n3 |     let re = Regex::new(r\"ab+\").unwrap();\n  |              ^^^^^ use of undeclared type `Regex`\n\nerror: aborting due to previous error\n\nFor more information about this error, try `rustc --explain E0433`.\n",
      "exit_code": 1,
      "status": "SyntaxError"
    },
    {
      "program": "/// Write a function that matches a string that has an a followed by one or more b's.\nfn text_match_one(text: String) -> bool {\n    let re = Regex::new(r\"ab+\").unwrap();\n    re.is_match(&text)\n}\n\nfn main() {\n    let candidate = text_match_one;\n    assert_eq!(candidate(String::from(\"ac\")), false);\n    assert_eq!(candidate(String::from(\"dc\")), false);\n    assert_eq!(candidate(String::from(\"abba\")), true);\n}\n",
      "timestamp": 1665509794,
      "stdout": "",
      "stderr": "error[E0433]: failed to resolve: use of undeclared type `Regex`\n --> /tmp/tmp1efr54rj.rs:3:14\n  |\n3 |     let re = Regex::new(r\"ab+\").unwrap();\n  |              ^^^^^ use of undeclared type `Regex`\n\nerror: aborting due to previous error\n\nFor more information about this error, try `rustc --explain E0433`.\n",
      "exit_code": 1,
      "status": "SyntaxError"
    },
    {
      "program": "/// Write a function that matches a string that has an a followed by one or more b's.\nfn text_match_one(text: String) -> bool {\n    let re = Regex::new(r\"ab+\").unwrap();\n    re.is_match(&text)\n}\n\nfn main() {\n    let candidate = text_match_one;\n    assert_eq!(candidate(String::from(\"ac\")), false);\n    assert_eq!(candidate(String::from(\"dc\")), false);\n    assert_eq!(candidate(String::from(\"abba\")), true);\n}\n",
      "timestamp": 1665509794,
      "stdout": "",
      "stderr": "error[E0433]: failed to resolve: use of undeclared type `Regex`\n --> /tmp/tmp1efr54rj.rs:3:14\n  |\n3 |     let re = Regex::new(r\"ab+\").unwrap();\n  |              ^^^^^ use of undeclared type `Regex`\n\nerror: aborting due to previous error\n\nFor more information about this error, try `rustc --explain E0433`.\n",
      "exit_code": 1,
      "status": "SyntaxError"
    },
    {
      "program": "/// Write a function that matches a string that has an a followed by one or more b's.\nfn text_match_one(text: String) -> bool {\n    let re = Regex::new(r\"ab+\").unwrap();\n    re.is_match(&text)\n}\n\nfn main() {\n    let candidate = text_match_one;\n    assert_eq!(candidate(String::from(\"ac\")), false);\n    assert_eq!(candidate(String::from(\"dc\")), false);\n    assert_eq!(candidate(String::from(\"abba\")), true);\n}\n",
      "timestamp": 1665509794,
      "stdout": "",
      "stderr": "error[E0433]: failed to resolve: use of undeclared type `Regex`\n --> /tmp/tmp1efr54rj.rs:3:14\n  |\n3 |     let re = Regex::new(r\"ab+\").unwrap();\n  |              ^^^^^ use of undeclared type `Regex`\n\nerror: aborting due to previous error\n\nFor more information about this error, try `rustc --explain E0433`.\n",
      "exit_code": 1,
      "status": "SyntaxError"
    },
    {
      "program": "/// Write a function that matches a string that has an a followed by one or more b's.\nfn text_match_one(text: String) -> bool {\n    lazy_static! {\n        static ref RE: Regex = Regex::new(r\"^ab+$\").unwrap();\n    }\n    RE.is_match(&text)\n}\n\nfn main() {\n    let candidate = text_match_one;\n    assert_eq!(candidate(String::from(\"ac\")), false);\n    assert_eq!(candidate(String::from(\"dc\")), false);\n    assert_eq!(candidate(String::from(\"abba\")), true);\n}\n",
      "timestamp": 1665509794,
      "stdout": "",
      "stderr": "error: cannot find macro `lazy_static` in this scope\n --> /tmp/tmp2htbr94o.rs:3:5\n  |\n3 |     lazy_static! {\n  |     ^^^^^^^^^^^\n\nerror[E0425]: cannot find value `RE` in this scope\n --> /tmp/tmp2htbr94o.rs:6:5\n  |\n6 |     RE.is_match(&text)\n  |     ^^ not found in this scope\n\nerror: aborting due to 2 previous errors\n\nFor more information about this error, try `rustc --explain E0425`.\n",
      "exit_code": 1,
      "status": "SyntaxError"
    },
    {
      "program": "/// Write a function that matches a string that has an a followed by one or more b's.\nfn text_match_one(text: String) -> bool {\n    let re = Regex::new(r\"ab+\").unwrap();\n    re.is_match(&text)\n}\n\nfn main() {\n    let candidate = text_match_one;\n    assert_eq!(candidate(String::from(\"ac\")), false);\n    assert_eq!(candidate(String::from(\"dc\")), false);\n    assert_eq!(candidate(String::from(\"abba\")), true);\n}\n",
      "timestamp": 1665509794,
      "stdout": "",
      "stderr": "error[E0433]: failed to resolve: use of undeclared type `Regex`\n --> /tmp/tmp1efr54rj.rs:3:14\n  |\n3 |     let re = Regex::new(r\"ab+\").unwrap();\n  |              ^^^^^ use of undeclared type `Regex`\n\nerror: aborting due to previous error\n\nFor more information about this error, try `rustc --explain E0433`.\n",
      "exit_code": 1,
      "status": "SyntaxError"
    },
    {
      "program": "/// Write a function that matches a string that has an a followed by one or more b's.\nfn text_match_one(text: String) -> bool {\n    let re = Regex::new(r\"ab+\").unwrap();\n    re.is_match(&text)\n}\n\nfn main() {\n    let candidate = text_match_one;\n    assert_eq!(candidate(String::from(\"ac\")), false);\n    assert_eq!(candidate(String::from(\"dc\")), false);\n    assert_eq!(candidate(String::from(\"abba\")), true);\n}\n",
      "timestamp": 1665509794,
      "stdout": "",
      "stderr": "error[E0433]: failed to resolve: use of undeclared type `Regex`\n --> /tmp/tmp1efr54rj.rs:3:14\n  |\n3 |     let re = Regex::new(r\"ab+\").unwrap();\n  |              ^^^^^ use of undeclared type `Regex`\n\nerror: aborting due to previous error\n\nFor more information about this error, try `rustc --explain E0433`.\n",
      "exit_code": 1,
      "status": "SyntaxError"
    },
    {
      "program": "/// Write a function that matches a string that has an a followed by one or more b's.\nfn text_match_one(text: String) -> bool {\n    lazy_static! {\n        static ref RE: Regex = Regex::new(r\"ab+\").unwrap();\n    }\n    RE.is_match(&text)\n}\n\nfn main() {\n    let candidate = text_match_one;\n    assert_eq!(candidate(String::from(\"ac\")), false);\n    assert_eq!(candidate(String::from(\"dc\")), false);\n    assert_eq!(candidate(String::from(\"abba\")), true);\n}\n",
      "timestamp": 1666123975,
      "stdout": "",
      "stderr": "error: cannot find macro `lazy_static` in this scope\n --> /tmp/tmpx4jawz0w.rs:3:5\n  |\n3 |     lazy_static! {\n  |     ^^^^^^^^^^^\n\nerror[E0425]: cannot find value `RE` in this scope\n --> /tmp/tmpx4jawz0w.rs:6:5\n  |\n6 |     RE.is_match(&text)\n  |     ^^ not found in this scope\n\nerror: aborting due to 2 previous errors\n\nFor more information about this error, try `rustc --explain E0425`.\n",
      "exit_code": 1,
      "status": "SyntaxError"
    },
    {
      "program": "/// Write a function that matches a string that has an a followed by one or more b's.\nfn text_match_one(text: String) -> bool {\n    lazy_static! {\n        static ref RE: Regex = Regex::new(r\"^ab+$\").unwrap();\n    }\n    RE.is_match(&text)\n}\n\nfn main() {\n    let candidate = text_match_one;\n    assert_eq!(candidate(String::from(\"ac\")), false);\n    assert_eq!(candidate(String::from(\"dc\")), false);\n    assert_eq!(candidate(String::from(\"abba\")), true);\n}\n",
      "timestamp": 1665509794,
      "stdout": "",
      "stderr": "error: cannot find macro `lazy_static` in this scope\n --> /tmp/tmp2htbr94o.rs:3:5\n  |\n3 |     lazy_static! {\n  |     ^^^^^^^^^^^\n\nerror[E0425]: cannot find value `RE` in this scope\n --> /tmp/tmp2htbr94o.rs:6:5\n  |\n6 |     RE.is_match(&text)\n  |     ^^ not found in this scope\n\nerror: aborting due to 2 previous errors\n\nFor more information about this error, try `rustc --explain E0425`.\n",
      "exit_code": 1,
      "status": "SyntaxError"
    },
    {
      "program": "/// Write a function that matches a string that has an a followed by one or more b's.\nfn text_match_one(text: String) -> bool {\n    lazy_static! {\n        static ref RE: Regex = Regex::new(r\"^ab+$\").unwrap();\n    }\n    RE.is_match(&text)\n}\n\nfn main() {\n    let candidate = text_match_one;\n    assert_eq!(candidate(String::from(\"ac\")), false);\n    assert_eq!(candidate(String::from(\"dc\")), false);\n    assert_eq!(candidate(String::from(\"abba\")), true);\n}\n",
      "timestamp": 1665509794,
      "stdout": "",
      "stderr": "error: cannot find macro `lazy_static` in this scope\n --> /tmp/tmp2htbr94o.rs:3:5\n  |\n3 |     lazy_static! {\n  |     ^^^^^^^^^^^\n\nerror[E0425]: cannot find value `RE` in this scope\n --> /tmp/tmp2htbr94o.rs:6:5\n  |\n6 |     RE.is_match(&text)\n  |     ^^ not found in this scope\n\nerror: aborting due to 2 previous errors\n\nFor more information about this error, try `rustc --explain E0425`.\n",
      "exit_code": 1,
      "status": "SyntaxError"
    },
    {
      "program": "/// Write a function that matches a string that has an a followed by one or more b's.\nfn text_match_one(text: String) -> bool {\n    lazy_static! {\n        static ref RE: Regex = Regex::new(r\"^ab+$\").unwrap();\n    }\n    RE.is_match(&text)\n}\n\nfn main() {\n    let candidate = text_match_one;\n    assert_eq!(candidate(String::from(\"ac\")), false);\n    assert_eq!(candidate(String::from(\"dc\")), false);\n    assert_eq!(candidate(String::from(\"abba\")), true);\n}\n",
      "timestamp": 1665509794,
      "stdout": "",
      "stderr": "error: cannot find macro `lazy_static` in this scope\n --> /tmp/tmp2htbr94o.rs:3:5\n  |\n3 |     lazy_static! {\n  |     ^^^^^^^^^^^\n\nerror[E0425]: cannot find value `RE` in this scope\n --> /tmp/tmp2htbr94o.rs:6:5\n  |\n6 |     RE.is_match(&text)\n  |     ^^ not found in this scope\n\nerror: aborting due to 2 previous errors\n\nFor more information about this error, try `rustc --explain E0425`.\n",
      "exit_code": 1,
      "status": "SyntaxError"
    },
    {
      "program": "/// Write a function that matches a string that has an a followed by one or more b's.\nfn text_match_one(text: String) -> bool {\n    let re = Regex::new(r\"ab+\").unwrap();\n    re.is_match(&text)\n}\n\nfn main() {\n    let candidate = text_match_one;\n    assert_eq!(candidate(String::from(\"ac\")), false);\n    assert_eq!(candidate(String::from(\"dc\")), false);\n    assert_eq!(candidate(String::from(\"abba\")), true);\n}\n",
      "timestamp": 1665509794,
      "stdout": "",
      "stderr": "error[E0433]: failed to resolve: use of undeclared type `Regex`\n --> /tmp/tmp1efr54rj.rs:3:14\n  |\n3 |     let re = Regex::new(r\"ab+\").unwrap();\n  |              ^^^^^ use of undeclared type `Regex`\n\nerror: aborting due to previous error\n\nFor more information about this error, try `rustc --explain E0433`.\n",
      "exit_code": 1,
      "status": "SyntaxError"
    },
    {
      "program": "/// Write a function that matches a string that has an a followed by one or more b's.\nfn text_match_one(text: String) -> bool {\n    let re = Regex::new(r\"ab+\").unwrap();\n    re.is_match(&text)\n}\n\nfn main() {\n    let candidate = text_match_one;\n    assert_eq!(candidate(String::from(\"ac\")), false);\n    assert_eq!(candidate(String::from(\"dc\")), false);\n    assert_eq!(candidate(String::from(\"abba\")), true);\n}\n",
      "timestamp": 1665509794,
      "stdout": "",
      "stderr": "error[E0433]: failed to resolve: use of undeclared type `Regex`\n --> /tmp/tmp1efr54rj.rs:3:14\n  |\n3 |     let re = Regex::new(r\"ab+\").unwrap();\n  |              ^^^^^ use of undeclared type `Regex`\n\nerror: aborting due to previous error\n\nFor more information about this error, try `rustc --explain E0433`.\n",
      "exit_code": 1,
      "status": "SyntaxError"
    },
    {
      "program": "/// Write a function that matches a string that has an a followed by one or more b's.\nfn text_match_one(text: String) -> bool {\n    lazy_static! {\n        static ref RE: Regex = Regex::new(r\"^ab+$\").unwrap();\n    }\n    RE.is_match(&text)\n}\n\nfn main() {\n    let candidate = text_match_one;\n    assert_eq!(candidate(String::from(\"ac\")), false);\n    assert_eq!(candidate(String::from(\"dc\")), false);\n    assert_eq!(candidate(String::from(\"abba\")), true);\n}\n",
      "timestamp": 1665509794,
      "stdout": "",
      "stderr": "error: cannot find macro `lazy_static` in this scope\n --> /tmp/tmp2htbr94o.rs:3:5\n  |\n3 |     lazy_static! {\n  |     ^^^^^^^^^^^\n\nerror[E0425]: cannot find value `RE` in this scope\n --> /tmp/tmp2htbr94o.rs:6:5\n  |\n6 |     RE.is_match(&text)\n  |     ^^ not found in this scope\n\nerror: aborting due to 2 previous errors\n\nFor more information about this error, try `rustc --explain E0425`.\n",
      "exit_code": 1,
      "status": "SyntaxError"
    },
    {
      "program": "/// Write a function that matches a string that has an a followed by one or more b's.\nfn text_match_one(text: String) -> bool {\n    let re = Regex::new(r\"ab+\").unwrap();\n    re.is_match(&text)\n}\n\nfn main() {\n    let candidate = text_match_one;\n    assert_eq!(candidate(String::from(\"ac\")), false);\n    assert_eq!(candidate(String::from(\"dc\")), false);\n    assert_eq!(candidate(String::from(\"abba\")), true);\n}\n",
      "timestamp": 1665509794,
      "stdout": "",
      "stderr": "error[E0433]: failed to resolve: use of undeclared type `Regex`\n --> /tmp/tmp1efr54rj.rs:3:14\n  |\n3 |     let re = Regex::new(r\"ab+\").unwrap();\n  |              ^^^^^ use of undeclared type `Regex`\n\nerror: aborting due to previous error\n\nFor more information about this error, try `rustc --explain E0433`.\n",
      "exit_code": 1,
      "status": "SyntaxError"
    },
    {
      "program": "/// Write a function that matches a string that has an a followed by one or more b's.\nfn text_match_one(text: String) -> bool {\n    let re = Regex::new(r\"ab+\").unwrap();\n    re.is_match(&text)\n}\n\nfn main() {\n    let candidate = text_match_one;\n    assert_eq!(candidate(String::from(\"ac\")), false);\n    assert_eq!(candidate(String::from(\"dc\")), false);\n    assert_eq!(candidate(String::from(\"abba\")), true);\n}\n",
      "timestamp": 1665509794,
      "stdout": "",
      "stderr": "error[E0433]: failed to resolve: use of undeclared type `Regex`\n --> /tmp/tmp1efr54rj.rs:3:14\n  |\n3 |     let re = Regex::new(r\"ab+\").unwrap();\n  |              ^^^^^ use of undeclared type `Regex`\n\nerror: aborting due to previous error\n\nFor more information about this error, try `rustc --explain E0433`.\n",
      "exit_code": 1,
      "status": "SyntaxError"
    },
    {
      "program": "/// Write a function that matches a string that has an a followed by one or more b's.\nfn text_match_one(text: String) -> bool {\n    lazy_static! {\n        static ref RE: Regex = Regex::new(r\"ab+\").unwrap();\n    }\n    RE.is_match(&text)\n}\n\nfn main() {\n    let candidate = text_match_one;\n    assert_eq!(candidate(String::from(\"ac\")), false);\n    assert_eq!(candidate(String::from(\"dc\")), false);\n    assert_eq!(candidate(String::from(\"abba\")), true);\n}\n",
      "timestamp": 1666123975,
      "stdout": "",
      "stderr": "error: cannot find macro `lazy_static` in this scope\n --> /tmp/tmpx4jawz0w.rs:3:5\n  |\n3 |     lazy_static! {\n  |     ^^^^^^^^^^^\n\nerror[E0425]: cannot find value `RE` in this scope\n --> /tmp/tmpx4jawz0w.rs:6:5\n  |\n6 |     RE.is_match(&text)\n  |     ^^ not found in this scope\n\nerror: aborting due to 2 previous errors\n\nFor more information about this error, try `rustc --explain E0425`.\n",
      "exit_code": 1,
      "status": "SyntaxError"
    },
    {
      "program": "/// Write a function that matches a string that has an a followed by one or more b's.\nfn text_match_one(text: String) -> bool {\n    let re = Regex::new(r\"ab+\").unwrap();\n    re.is_match(&text)\n}\n\nfn main() {\n    let candidate = text_match_one;\n    assert_eq!(candidate(String::from(\"ac\")), false);\n    assert_eq!(candidate(String::from(\"dc\")), false);\n    assert_eq!(candidate(String::from(\"abba\")), true);\n}\n",
      "timestamp": 1665509794,
      "stdout": "",
      "stderr": "error[E0433]: failed to resolve: use of undeclared type `Regex`\n --> /tmp/tmp1efr54rj.rs:3:14\n  |\n3 |     let re = Regex::new(r\"ab+\").unwrap();\n  |              ^^^^^ use of undeclared type `Regex`\n\nerror: aborting due to previous error\n\nFor more information about this error, try `rustc --explain E0433`.\n",
      "exit_code": 1,
      "status": "SyntaxError"
    },
    {
      "program": "/// Write a function that matches a string that has an a followed by one or more b's.\nfn text_match_one(text: String) -> bool {\n    let re = Regex::new(r\"ab+\").unwrap();\n    re.is_match(&text)\n}\n\nfn main() {\n    let candidate = text_match_one;\n    assert_eq!(candidate(String::from(\"ac\")), false);\n    assert_eq!(candidate(String::from(\"dc\")), false);\n    assert_eq!(candidate(String::from(\"abba\")), true);\n}\n",
      "timestamp": 1665509794,
      "stdout": "",
      "stderr": "error[E0433]: failed to resolve: use of undeclared type `Regex`\n --> /tmp/tmp1efr54rj.rs:3:14\n  |\n3 |     let re = Regex::new(r\"ab+\").unwrap();\n  |              ^^^^^ use of undeclared type `Regex`\n\nerror: aborting due to previous error\n\nFor more information about this error, try `rustc --explain E0433`.\n",
      "exit_code": 1,
      "status": "SyntaxError"
    },
    {
      "program": "/// Write a function that matches a string that has an a followed by one or more b's.\nfn text_match_one(text: String) -> bool {\n    let re = Regex::new(r\"ab+\").unwrap();\n    re.is_match(&text)\n}\n\nfn main() {\n    let candidate = text_match_one;\n    assert_eq!(candidate(String::from(\"ac\")), false);\n    assert_eq!(candidate(String::from(\"dc\")), false);\n    assert_eq!(candidate(String::from(\"abba\")), true);\n}\n",
      "timestamp": 1665509794,
      "stdout": "",
      "stderr": "error[E0433]: failed to resolve: use of undeclared type `Regex`\n --> /tmp/tmp1efr54rj.rs:3:14\n  |\n3 |     let re = Regex::new(r\"ab+\").unwrap();\n  |              ^^^^^ use of undeclared type `Regex`\n\nerror: aborting due to previous error\n\nFor more information about this error, try `rustc --explain E0433`.\n",
      "exit_code": 1,
      "status": "SyntaxError"
    },
    {
      "program": "/// Write a function that matches a string that has an a followed by one or more b's.\nfn text_match_one(text: String) -> bool {\n    lazy_static! {\n        static ref RE: Regex = Regex::new(r\"^ab+$\").unwrap();\n    }\n    RE.is_match(&text)\n}\n\nfn main() {\n    let candidate = text_match_one;\n    assert_eq!(candidate(String::from(\"ac\")), false);\n    assert_eq!(candidate(String::from(\"dc\")), false);\n    assert_eq!(candidate(String::from(\"abba\")), true);\n}\n",
      "timestamp": 1665509794,
      "stdout": "",
      "stderr": "error: cannot find macro `lazy_static` in this scope\n --> /tmp/tmp2htbr94o.rs:3:5\n  |\n3 |     lazy_static! {\n  |     ^^^^^^^^^^^\n\nerror[E0425]: cannot find value `RE` in this scope\n --> /tmp/tmp2htbr94o.rs:6:5\n  |\n6 |     RE.is_match(&text)\n  |     ^^ not found in this scope\n\nerror: aborting due to 2 previous errors\n\nFor more information about this error, try `rustc --explain E0425`.\n",
      "exit_code": 1,
      "status": "SyntaxError"
    },
    {
      "program": "/// Write a function that matches a string that has an a followed by one or more b's.\nfn text_match_one(text: String) -> bool {\n    let re = Regex::new(r\"ab+\").unwrap();\n    re.is_match(&text)\n}\n\nfn main() {\n    let candidate = text_match_one;\n    assert_eq!(candidate(String::from(\"ac\")), false);\n    assert_eq!(candidate(String::from(\"dc\")), false);\n    assert_eq!(candidate(String::from(\"abba\")), true);\n}\n",
      "timestamp": 1665509794,
      "stdout": "",
      "stderr": "error[E0433]: failed to resolve: use of undeclared type `Regex`\n --> /tmp/tmp1efr54rj.rs:3:14\n  |\n3 |     let re = Regex::new(r\"ab+\").unwrap();\n  |              ^^^^^ use of undeclared type `Regex`\n\nerror: aborting due to previous error\n\nFor more information about this error, try `rustc --explain E0433`.\n",
      "exit_code": 1,
      "status": "SyntaxError"
    },
    {
      "program": "/// Write a function that matches a string that has an a followed by one or more b's.\nfn text_match_one(text: String) -> bool {\n    lazy_static! {\n        static ref RE: Regex = Regex::new(r\"^ab+$\").unwrap();\n    }\n    RE.is_match(&text)\n}\n\nfn main() {\n    let candidate = text_match_one;\n    assert_eq!(candidate(String::from(\"ac\")), false);\n    assert_eq!(candidate(String::from(\"dc\")), false);\n    assert_eq!(candidate(String::from(\"abba\")), true);\n}\n",
      "timestamp": 1665509794,
      "stdout": "",
      "stderr": "error: cannot find macro `lazy_static` in this scope\n --> /tmp/tmp2htbr94o.rs:3:5\n  |\n3 |     lazy_static! {\n  |     ^^^^^^^^^^^\n\nerror[E0425]: cannot find value `RE` in this scope\n --> /tmp/tmp2htbr94o.rs:6:5\n  |\n6 |     RE.is_match(&text)\n  |     ^^ not found in this scope\n\nerror: aborting due to 2 previous errors\n\nFor more information about this error, try `rustc --explain E0425`.\n",
      "exit_code": 1,
      "status": "SyntaxError"
    },
    {
      "program": "/// Write a function that matches a string that has an a followed by one or more b's.\nfn text_match_one(text: String) -> bool {\n    let re = Regex::new(r\"ab+\").unwrap();\n    re.is_match(&text)\n}\n\nfn main() {\n    let candidate = text_match_one;\n    assert_eq!(candidate(String::from(\"ac\")), false);\n    assert_eq!(candidate(String::from(\"dc\")), false);\n    assert_eq!(candidate(String::from(\"abba\")), true);\n}\n",
      "timestamp": 1665509794,
      "stdout": "",
      "stderr": "error[E0433]: failed to resolve: use of undeclared type `Regex`\n --> /tmp/tmp1efr54rj.rs:3:14\n  |\n3 |     let re = Regex::new(r\"ab+\").unwrap();\n  |              ^^^^^ use of undeclared type `Regex`\n\nerror: aborting due to previous error\n\nFor more information about this error, try `rustc --explain E0433`.\n",
      "exit_code": 1,
      "status": "SyntaxError"
    },
    {
      "program": "/// Write a function that matches a string that has an a followed by one or more b's.\nfn text_match_one(text: String) -> bool {\n    let re = Regex::new(r\"ab+\").unwrap();\n    re.is_match(&text)\n}\n\nfn main() {\n    let candidate = text_match_one;\n    assert_eq!(candidate(String::from(\"ac\")), false);\n    assert_eq!(candidate(String::from(\"dc\")), false);\n    assert_eq!(candidate(String::from(\"abba\")), true);\n}\n",
      "timestamp": 1665509794,
      "stdout": "",
      "stderr": "error[E0433]: failed to resolve: use of undeclared type `Regex`\n --> /tmp/tmp1efr54rj.rs:3:14\n  |\n3 |     let re = Regex::new(r\"ab+\").unwrap();\n  |              ^^^^^ use of undeclared type `Regex`\n\nerror: aborting due to previous error\n\nFor more information about this error, try `rustc --explain E0433`.\n",
      "exit_code": 1,
      "status": "SyntaxError"
    },
    {
      "program": "/// Write a function that matches a string that has an a followed by one or more b's.\nfn text_match_one(text: String) -> bool {\n    lazy_static! {\n        static ref RE: Regex = Regex::new(r\"^ab+$\").unwrap();\n    }\n    RE.is_match(&text)\n}\n\nfn main() {\n    let candidate = text_match_one;\n    assert_eq!(candidate(String::from(\"ac\")), false);\n    assert_eq!(candidate(String::from(\"dc\")), false);\n    assert_eq!(candidate(String::from(\"abba\")), true);\n}\n",
      "timestamp": 1665509794,
      "stdout": "",
      "stderr": "error: cannot find macro `lazy_static` in this scope\n --> /tmp/tmp2htbr94o.rs:3:5\n  |\n3 |     lazy_static! {\n  |     ^^^^^^^^^^^\n\nerror[E0425]: cannot find value `RE` in this scope\n --> /tmp/tmp2htbr94o.rs:6:5\n  |\n6 |     RE.is_match(&text)\n  |     ^^ not found in this scope\n\nerror: aborting due to 2 previous errors\n\nFor more information about this error, try `rustc --explain E0425`.\n",
      "exit_code": 1,
      "status": "SyntaxError"
    },
    {
      "program": "/// Write a function that matches a string that has an a followed by one or more b's.\nfn text_match_one(text: String) -> bool {\n    let re = Regex::new(r\"ab+\").unwrap();\n    re.is_match(&text)\n}\n\nfn main() {\n    let candidate = text_match_one;\n    assert_eq!(candidate(String::from(\"ac\")), false);\n    assert_eq!(candidate(String::from(\"dc\")), false);\n    assert_eq!(candidate(String::from(\"abba\")), true);\n}\n",
      "timestamp": 1665509794,
      "stdout": "",
      "stderr": "error[E0433]: failed to resolve: use of undeclared type `Regex`\n --> /tmp/tmp1efr54rj.rs:3:14\n  |\n3 |     let re = Regex::new(r\"ab+\").unwrap();\n  |              ^^^^^ use of undeclared type `Regex`\n\nerror: aborting due to previous error\n\nFor more information about this error, try `rustc --explain E0433`.\n",
      "exit_code": 1,
      "status": "SyntaxError"
    },
    {
      "program": "/// Write a function that matches a string that has an a followed by one or more b's.\nfn text_match_one(text: String) -> bool {\n    let re = Regex::new(r\"ab+\").unwrap();\n    re.is_match(&text)\n}\n\nfn main() {\n    let candidate = text_match_one;\n    assert_eq!(candidate(String::from(\"ac\")), false);\n    assert_eq!(candidate(String::from(\"dc\")), false);\n    assert_eq!(candidate(String::from(\"abba\")), true);\n}\n",
      "timestamp": 1665509794,
      "stdout": "",
      "stderr": "error[E0433]: failed to resolve: use of undeclared type `Regex`\n --> /tmp/tmp1efr54rj.rs:3:14\n  |\n3 |     let re = Regex::new(r\"ab+\").unwrap();\n  |              ^^^^^ use of undeclared type `Regex`\n\nerror: aborting due to previous error\n\nFor more information about this error, try `rustc --explain E0433`.\n",
      "exit_code": 1,
      "status": "SyntaxError"
    },
    {
      "program": "/// Write a function that matches a string that has an a followed by one or more b's.\nfn text_match_one(text: String) -> bool {\n    let re = Regex::new(r\"ab+\").unwrap();\n    re.is_match(&text)\n}\n\nfn main() {\n    let candidate = text_match_one;\n    assert_eq!(candidate(String::from(\"ac\")), false);\n    assert_eq!(candidate(String::from(\"dc\")), false);\n    assert_eq!(candidate(String::from(\"abba\")), true);\n}\n",
      "timestamp": 1665509794,
      "stdout": "",
      "stderr": "error[E0433]: failed to resolve: use of undeclared type `Regex`\n --> /tmp/tmp1efr54rj.rs:3:14\n  |\n3 |     let re = Regex::new(r\"ab+\").unwrap();\n  |              ^^^^^ use of undeclared type `Regex`\n\nerror: aborting due to previous error\n\nFor more information about this error, try `rustc --explain E0433`.\n",
      "exit_code": 1,
      "status": "SyntaxError"
    },
    {
      "program": "/// Write a function that matches a string that has an a followed by one or more b's.\nfn text_match_one(text: String) -> bool {\n    lazy_static! {\n        static ref RE: Regex = Regex::new(r\"^ab+$\").unwrap();\n    }\n    RE.is_match(&text)\n}\n\nfn main() {\n    let candidate = text_match_one;\n    assert_eq!(candidate(String::from(\"ac\")), false);\n    assert_eq!(candidate(String::from(\"dc\")), false);\n    assert_eq!(candidate(String::from(\"abba\")), true);\n}\n",
      "timestamp": 1665509794,
      "stdout": "",
      "stderr": "error: cannot find macro `lazy_static` in this scope\n --> /tmp/tmp2htbr94o.rs:3:5\n  |\n3 |     lazy_static! {\n  |     ^^^^^^^^^^^\n\nerror[E0425]: cannot find value `RE` in this scope\n --> /tmp/tmp2htbr94o.rs:6:5\n  |\n6 |     RE.is_match(&text)\n  |     ^^ not found in this scope\n\nerror: aborting due to 2 previous errors\n\nFor more information about this error, try `rustc --explain E0425`.\n",
      "exit_code": 1,
      "status": "SyntaxError"
    },
    {
      "program": "/// Write a function that matches a string that has an a followed by one or more b's.\nfn text_match_one(text: String) -> bool {\n    let re = Regex::new(r\"ab+\").unwrap();\n    re.is_match(&text)\n}\n\nfn main() {\n    let candidate = text_match_one;\n    assert_eq!(candidate(String::from(\"ac\")), false);\n    assert_eq!(candidate(String::from(\"dc\")), false);\n    assert_eq!(candidate(String::from(\"abba\")), true);\n}\n",
      "timestamp": 1665509794,
      "stdout": "",
      "stderr": "error[E0433]: failed to resolve: use of undeclared type `Regex`\n --> /tmp/tmp1efr54rj.rs:3:14\n  |\n3 |     let re = Regex::new(r\"ab+\").unwrap();\n  |              ^^^^^ use of undeclared type `Regex`\n\nerror: aborting due to previous error\n\nFor more information about this error, try `rustc --explain E0433`.\n",
      "exit_code": 1,
      "status": "SyntaxError"
    },
    {
      "program": "/// Write a function that matches a string that has an a followed by one or more b's.\nfn text_match_one(text: String) -> bool {\n    let re = Regex::new(r\"ab+\").unwrap();\n    re.is_match(&text)\n}\n\nfn main() {\n    let candidate = text_match_one;\n    assert_eq!(candidate(String::from(\"ac\")), false);\n    assert_eq!(candidate(String::from(\"dc\")), false);\n    assert_eq!(candidate(String::from(\"abba\")), true);\n}\n",
      "timestamp": 1665509794,
      "stdout": "",
      "stderr": "error[E0433]: failed to resolve: use of undeclared type `Regex`\n --> /tmp/tmp1efr54rj.rs:3:14\n  |\n3 |     let re = Regex::new(r\"ab+\").unwrap();\n  |              ^^^^^ use of undeclared type `Regex`\n\nerror: aborting due to previous error\n\nFor more information about this error, try `rustc --explain E0433`.\n",
      "exit_code": 1,
      "status": "SyntaxError"
    },
    {
      "program": "/// Write a function that matches a string that has an a followed by one or more b's.\nfn text_match_one(text: String) -> bool {\n    let re = Regex::new(r\"ab+\").unwrap();\n    re.is_match(&text)\n}\n\nfn main() {\n    let candidate = text_match_one;\n    assert_eq!(candidate(String::from(\"ac\")), false);\n    assert_eq!(candidate(String::from(\"dc\")), false);\n    assert_eq!(candidate(String::from(\"abba\")), true);\n}\n",
      "timestamp": 1665509794,
      "stdout": "",
      "stderr": "error[E0433]: failed to resolve: use of undeclared type `Regex`\n --> /tmp/tmp1efr54rj.rs:3:14\n  |\n3 |     let re = Regex::new(r\"ab+\").unwrap();\n  |              ^^^^^ use of undeclared type `Regex`\n\nerror: aborting due to previous error\n\nFor more information about this error, try `rustc --explain E0433`.\n",
      "exit_code": 1,
      "status": "SyntaxError"
    },
    {
      "program": "/// Write a function that matches a string that has an a followed by one or more b's.\nfn text_match_one(text: String) -> bool {\n    lazy_static! {\n        static ref RE: Regex = Regex::new(r\"ab+\").unwrap();\n    }\n    RE.is_match(&text)\n}\n\nfn main() {\n    let candidate = text_match_one;\n    assert_eq!(candidate(String::from(\"ac\")), false);\n    assert_eq!(candidate(String::from(\"dc\")), false);\n    assert_eq!(candidate(String::from(\"abba\")), true);\n}\n",
      "timestamp": 1666123975,
      "stdout": "",
      "stderr": "error: cannot find macro `lazy_static` in this scope\n --> /tmp/tmpx4jawz0w.rs:3:5\n  |\n3 |     lazy_static! {\n  |     ^^^^^^^^^^^\n\nerror[E0425]: cannot find value `RE` in this scope\n --> /tmp/tmpx4jawz0w.rs:6:5\n  |\n6 |     RE.is_match(&text)\n  |     ^^ not found in this scope\n\nerror: aborting due to 2 previous errors\n\nFor more information about this error, try `rustc --explain E0425`.\n",
      "exit_code": 1,
      "status": "SyntaxError"
    },
    {
      "program": "/// Write a function that matches a string that has an a followed by one or more b's.\nfn text_match_one(text: String) -> bool {\n    let re = Regex::new(r\"ab+\").unwrap();\n    re.is_match(&text)\n}\n\nfn main() {\n    let candidate = text_match_one;\n    assert_eq!(candidate(String::from(\"ac\")), false);\n    assert_eq!(candidate(String::from(\"dc\")), false);\n    assert_eq!(candidate(String::from(\"abba\")), true);\n}\n",
      "timestamp": 1665509794,
      "stdout": "",
      "stderr": "error[E0433]: failed to resolve: use of undeclared type `Regex`\n --> /tmp/tmp1efr54rj.rs:3:14\n  |\n3 |     let re = Regex::new(r\"ab+\").unwrap();\n  |              ^^^^^ use of undeclared type `Regex`\n\nerror: aborting due to previous error\n\nFor more information about this error, try `rustc --explain E0433`.\n",
      "exit_code": 1,
      "status": "SyntaxError"
    },
    {
      "program": "/// Write a function that matches a string that has an a followed by one or more b's.\nfn text_match_one(text: String) -> bool {\n    lazy_static! {\n        static ref RE: Regex = Regex::new(r\"^ab+$\").unwrap();\n    }\n    RE.is_match(&text)\n}\n\nfn main() {\n    let candidate = text_match_one;\n    assert_eq!(candidate(String::from(\"ac\")), false);\n    assert_eq!(candidate(String::from(\"dc\")), false);\n    assert_eq!(candidate(String::from(\"abba\")), true);\n}\n",
      "timestamp": 1665509794,
      "stdout": "",
      "stderr": "error: cannot find macro `lazy_static` in this scope\n --> /tmp/tmp2htbr94o.rs:3:5\n  |\n3 |     lazy_static! {\n  |     ^^^^^^^^^^^\n\nerror[E0425]: cannot find value `RE` in this scope\n --> /tmp/tmp2htbr94o.rs:6:5\n  |\n6 |     RE.is_match(&text)\n  |     ^^ not found in this scope\n\nerror: aborting due to 2 previous errors\n\nFor more information about this error, try `rustc --explain E0425`.\n",
      "exit_code": 1,
      "status": "SyntaxError"
    },
    {
      "program": "/// Write a function that matches a string that has an a followed by one or more b's.\nfn text_match_one(text: String) -> bool {\n    lazy_static! {\n        static ref RE: Regex = Regex::new(r\"^ab+$\").unwrap();\n    }\n    RE.is_match(&text)\n}\n\nfn main() {\n    let candidate = text_match_one;\n    assert_eq!(candidate(String::from(\"ac\")), false);\n    assert_eq!(candidate(String::from(\"dc\")), false);\n    assert_eq!(candidate(String::from(\"abba\")), true);\n}\n",
      "timestamp": 1665509794,
      "stdout": "",
      "stderr": "error: cannot find macro `lazy_static` in this scope\n --> /tmp/tmp2htbr94o.rs:3:5\n  |\n3 |     lazy_static! {\n  |     ^^^^^^^^^^^\n\nerror[E0425]: cannot find value `RE` in this scope\n --> /tmp/tmp2htbr94o.rs:6:5\n  |\n6 |     RE.is_match(&text)\n  |     ^^ not found in this scope\n\nerror: aborting due to 2 previous errors\n\nFor more information about this error, try `rustc --explain E0425`.\n",
      "exit_code": 1,
      "status": "SyntaxError"
    },
    {
      "program": "/// Write a function that matches a string that has an a followed by one or more b's.\nfn text_match_one(text: String) -> bool {\n    let re = Regex::new(r\"ab+\").unwrap();\n    re.is_match(&text)\n}\n\nfn main() {\n    let candidate = text_match_one;\n    assert_eq!(candidate(String::from(\"ac\")), false);\n    assert_eq!(candidate(String::from(\"dc\")), false);\n    assert_eq!(candidate(String::from(\"abba\")), true);\n}\n",
      "timestamp": 1665509794,
      "stdout": "",
      "stderr": "error[E0433]: failed to resolve: use of undeclared type `Regex`\n --> /tmp/tmp1efr54rj.rs:3:14\n  |\n3 |     let re = Regex::new(r\"ab+\").unwrap();\n  |              ^^^^^ use of undeclared type `Regex`\n\nerror: aborting due to previous error\n\nFor more information about this error, try `rustc --explain E0433`.\n",
      "exit_code": 1,
      "status": "SyntaxError"
    },
    {
      "program": "/// Write a function that matches a string that has an a followed by one or more b's.\nfn text_match_one(text: String) -> bool {\n    let re = Regex::new(r\"ab+\").unwrap();\n    re.is_match(&text)\n}\n\nfn main() {\n    let candidate = text_match_one;\n    assert_eq!(candidate(String::from(\"ac\")), false);\n    assert_eq!(candidate(String::from(\"dc\")), false);\n    assert_eq!(candidate(String::from(\"abba\")), true);\n}\n",
      "timestamp": 1665509794,
      "stdout": "",
      "stderr": "error[E0433]: failed to resolve: use of undeclared type `Regex`\n --> /tmp/tmp1efr54rj.rs:3:14\n  |\n3 |     let re = Regex::new(r\"ab+\").unwrap();\n  |              ^^^^^ use of undeclared type `Regex`\n\nerror: aborting due to previous error\n\nFor more information about this error, try `rustc --explain E0433`.\n",
      "exit_code": 1,
      "status": "SyntaxError"
    },
    {
      "program": "/// Write a function that matches a string that has an a followed by one or more b's.\nfn text_match_one(text: String) -> bool {\n    let re = Regex::new(r\"ab+\").unwrap();\n    re.is_match(&text)\n}\n\nfn main() {\n    let candidate = text_match_one;\n    assert_eq!(candidate(String::from(\"ac\")), false);\n    assert_eq!(candidate(String::from(\"dc\")), false);\n    assert_eq!(candidate(String::from(\"abba\")), true);\n}\n",
      "timestamp": 1665509794,
      "stdout": "",
      "stderr": "error[E0433]: failed to resolve: use of undeclared type `Regex`\n --> /tmp/tmp1efr54rj.rs:3:14\n  |\n3 |     let re = Regex::new(r\"ab+\").unwrap();\n  |              ^^^^^ use of undeclared type `Regex`\n\nerror: aborting due to previous error\n\nFor more information about this error, try `rustc --explain E0433`.\n",
      "exit_code": 1,
      "status": "SyntaxError"
    },
    {
      "program": "/// Write a function that matches a string that has an a followed by one or more b's.\nfn text_match_one(text: String) -> bool {\n    lazy_static! {\n        static ref RE: Regex = Regex::new(r\"^ab+$\").unwrap();\n    }\n    RE.is_match(&text)\n}\n\nfn main() {\n    let candidate = text_match_one;\n    assert_eq!(candidate(String::from(\"ac\")), false);\n    assert_eq!(candidate(String::from(\"dc\")), false);\n    assert_eq!(candidate(String::from(\"abba\")), true);\n}\n",
      "timestamp": 1665509794,
      "stdout": "",
      "stderr": "error: cannot find macro `lazy_static` in this scope\n --> /tmp/tmp2htbr94o.rs:3:5\n  |\n3 |     lazy_static! {\n  |     ^^^^^^^^^^^\n\nerror[E0425]: cannot find value `RE` in this scope\n --> /tmp/tmp2htbr94o.rs:6:5\n  |\n6 |     RE.is_match(&text)\n  |     ^^ not found in this scope\n\nerror: aborting due to 2 previous errors\n\nFor more information about this error, try `rustc --explain E0425`.\n",
      "exit_code": 1,
      "status": "SyntaxError"
    },
    {
      "program": "/// Write a function that matches a string that has an a followed by one or more b's.\nfn text_match_one(text: String) -> bool {\n    text.contains(\"a\") && text.contains(\"b\")\n}\n\nfn main() {\n    let candidate = text_match_one;\n    assert_eq!(candidate(String::from(\"ac\")), false);\n    assert_eq!(candidate(String::from(\"dc\")), false);\n    assert_eq!(candidate(String::from(\"abba\")), true);\n}\n",
      "timestamp": 1666123975,
      "stdout": "",
      "stderr": "",
      "exit_code": 0,
      "status": "OK"
    },
    {
      "program": "/// Write a function that matches a string that has an a followed by one or more b's.\nfn text_match_one(text: String) -> bool {\n    let re = Regex::new(r\"ab+\").unwrap();\n    re.is_match(&text)\n}\n\nfn main() {\n    let candidate = text_match_one;\n    assert_eq!(candidate(String::from(\"ac\")), false);\n    assert_eq!(candidate(String::from(\"dc\")), false);\n    assert_eq!(candidate(String::from(\"abba\")), true);\n}\n",
      "timestamp": 1665509794,
      "stdout": "",
      "stderr": "error[E0433]: failed to resolve: use of undeclared type `Regex`\n --> /tmp/tmp1efr54rj.rs:3:14\n  |\n3 |     let re = Regex::new(r\"ab+\").unwrap();\n  |              ^^^^^ use of undeclared type `Regex`\n\nerror: aborting due to previous error\n\nFor more information about this error, try `rustc --explain E0433`.\n",
      "exit_code": 1,
      "status": "SyntaxError"
    },
    {
      "program": "/// Write a function that matches a string that has an a followed by one or more b's.\nfn text_match_one(text: String) -> bool {\n    lazy_static! {\n        static ref RE: Regex = Regex::new(r\"^ab+$\").unwrap();\n    }\n    RE.is_match(&text)\n}\n\nfn main() {\n    let candidate = text_match_one;\n    assert_eq!(candidate(String::from(\"ac\")), false);\n    assert_eq!(candidate(String::from(\"dc\")), false);\n    assert_eq!(candidate(String::from(\"abba\")), true);\n}\n",
      "timestamp": 1665509794,
      "stdout": "",
      "stderr": "error: cannot find macro `lazy_static` in this scope\n --> /tmp/tmp2htbr94o.rs:3:5\n  |\n3 |     lazy_static! {\n  |     ^^^^^^^^^^^\n\nerror[E0425]: cannot find value `RE` in this scope\n --> /tmp/tmp2htbr94o.rs:6:5\n  |\n6 |     RE.is_match(&text)\n  |     ^^ not found in this scope\n\nerror: aborting due to 2 previous errors\n\nFor more information about this error, try `rustc --explain E0425`.\n",
      "exit_code": 1,
      "status": "SyntaxError"
    },
    {
      "program": "/// Write a function that matches a string that has an a followed by one or more b's.\nfn text_match_one(text: String) -> bool {\n    let re = Regex::new(r\"ab+\").unwrap();\n    re.is_match(&text)\n}\n\nfn main() {\n    let candidate = text_match_one;\n    assert_eq!(candidate(String::from(\"ac\")), false);\n    assert_eq!(candidate(String::from(\"dc\")), false);\n    assert_eq!(candidate(String::from(\"abba\")), true);\n}\n",
      "timestamp": 1665509794,
      "stdout": "",
      "stderr": "error[E0433]: failed to resolve: use of undeclared type `Regex`\n --> /tmp/tmp1efr54rj.rs:3:14\n  |\n3 |     let re = Regex::new(r\"ab+\").unwrap();\n  |              ^^^^^ use of undeclared type `Regex`\n\nerror: aborting due to previous error\n\nFor more information about this error, try `rustc --explain E0433`.\n",
      "exit_code": 1,
      "status": "SyntaxError"
    },
    {
      "program": "/// Write a function that matches a string that has an a followed by one or more b's.\nfn text_match_one(text: String) -> bool {\n    let re = Regex::new(r\"ab+\").unwrap();\n    re.is_match(&text)\n}\n\nfn main() {\n    let candidate = text_match_one;\n    assert_eq!(candidate(String::from(\"ac\")), false);\n    assert_eq!(candidate(String::from(\"dc\")), false);\n    assert_eq!(candidate(String::from(\"abba\")), true);\n}\n",
      "timestamp": 1665509794,
      "stdout": "",
      "stderr": "error[E0433]: failed to resolve: use of undeclared type `Regex`\n --> /tmp/tmp1efr54rj.rs:3:14\n  |\n3 |     let re = Regex::new(r\"ab+\").unwrap();\n  |              ^^^^^ use of undeclared type `Regex`\n\nerror: aborting due to previous error\n\nFor more information about this error, try `rustc --explain E0433`.\n",
      "exit_code": 1,
      "status": "SyntaxError"
    },
    {
      "program": "/// Write a function that matches a string that has an a followed by one or more b's.\nfn text_match_one(text: String) -> bool {\n    let re = Regex::new(r\"ab+\").unwrap();\n    re.is_match(&text)\n}\n\nfn main() {\n    let candidate = text_match_one;\n    assert_eq!(candidate(String::from(\"ac\")), false);\n    assert_eq!(candidate(String::from(\"dc\")), false);\n    assert_eq!(candidate(String::from(\"abba\")), true);\n}\n",
      "timestamp": 1665509794,
      "stdout": "",
      "stderr": "error[E0433]: failed to resolve: use of undeclared type `Regex`\n --> /tmp/tmp1efr54rj.rs:3:14\n  |\n3 |     let re = Regex::new(r\"ab+\").unwrap();\n  |              ^^^^^ use of undeclared type `Regex`\n\nerror: aborting due to previous error\n\nFor more information about this error, try `rustc --explain E0433`.\n",
      "exit_code": 1,
      "status": "SyntaxError"
    },
    {
      "program": "/// Write a function that matches a string that has an a followed by one or more b's.\nfn text_match_one(text: String) -> bool {\n    lazy_static! {\n        static ref RE: Regex = Regex::new(r\"^ab+$\").unwrap();\n    }\n    RE.is_match(&text)\n}\n\nfn main() {\n    let candidate = text_match_one;\n    assert_eq!(candidate(String::from(\"ac\")), false);\n    assert_eq!(candidate(String::from(\"dc\")), false);\n    assert_eq!(candidate(String::from(\"abba\")), true);\n}\n",
      "timestamp": 1665509794,
      "stdout": "",
      "stderr": "error: cannot find macro `lazy_static` in this scope\n --> /tmp/tmp2htbr94o.rs:3:5\n  |\n3 |     lazy_static! {\n  |     ^^^^^^^^^^^\n\nerror[E0425]: cannot find value `RE` in this scope\n --> /tmp/tmp2htbr94o.rs:6:5\n  |\n6 |     RE.is_match(&text)\n  |     ^^ not found in this scope\n\nerror: aborting due to 2 previous errors\n\nFor more information about this error, try `rustc --explain E0425`.\n",
      "exit_code": 1,
      "status": "SyntaxError"
    },
    {
      "program": "/// Write a function that matches a string that has an a followed by one or more b's.\nfn text_match_one(text: String) -> bool {\n    let re = Regex::new(r\"ab+\").unwrap();\n    re.is_match(&text)\n}\n\nfn main() {\n    let candidate = text_match_one;\n    assert_eq!(candidate(String::from(\"ac\")), false);\n    assert_eq!(candidate(String::from(\"dc\")), false);\n    assert_eq!(candidate(String::from(\"abba\")), true);\n}\n",
      "timestamp": 1665509794,
      "stdout": "",
      "stderr": "error[E0433]: failed to resolve: use of undeclared type `Regex`\n --> /tmp/tmp1efr54rj.rs:3:14\n  |\n3 |     let re = Regex::new(r\"ab+\").unwrap();\n  |              ^^^^^ use of undeclared type `Regex`\n\nerror: aborting due to previous error\n\nFor more information about this error, try `rustc --explain E0433`.\n",
      "exit_code": 1,
      "status": "SyntaxError"
    },
    {
      "program": "/// Write a function that matches a string that has an a followed by one or more b's.\nfn text_match_one(text: String) -> bool {\n    let re = Regex::new(r\"ab+\").unwrap();\n    re.is_match(&text)\n}\n\nfn main() {\n    let candidate = text_match_one;\n    assert_eq!(candidate(String::from(\"ac\")), false);\n    assert_eq!(candidate(String::from(\"dc\")), false);\n    assert_eq!(candidate(String::from(\"abba\")), true);\n}\n",
      "timestamp": 1665509794,
      "stdout": "",
      "stderr": "error[E0433]: failed to resolve: use of undeclared type `Regex`\n --> /tmp/tmp1efr54rj.rs:3:14\n  |\n3 |     let re = Regex::new(r\"ab+\").unwrap();\n  |              ^^^^^ use of undeclared type `Regex`\n\nerror: aborting due to previous error\n\nFor more information about this error, try `rustc --explain E0433`.\n",
      "exit_code": 1,
      "status": "SyntaxError"
    },
    {
      "program": "/// Write a function that matches a string that has an a followed by one or more b's.\nfn text_match_one(text: String) -> bool {\n    lazy_static! {\n        static ref RE: Regex = Regex::new(r\"^ab+$\").unwrap();\n    }\n\n    RE.is_match(&text)\n}\n\nfn main() {\n    let candidate = text_match_one;\n    assert_eq!(candidate(String::from(\"ac\")), false);\n    assert_eq!(candidate(String::from(\"dc\")), false);\n    assert_eq!(candidate(String::from(\"abba\")), true);\n}\n",
      "timestamp": 1666123976,
      "stdout": "",
      "stderr": "error: cannot find macro `lazy_static` in this scope\n --> /tmp/tmph40qktmq.rs:3:5\n  |\n3 |     lazy_static! {\n  |     ^^^^^^^^^^^\n\nerror[E0425]: cannot find value `RE` in this scope\n --> /tmp/tmph40qktmq.rs:7:5\n  |\n7 |     RE.is_match(&text)\n  |     ^^ not found in this scope\n\nerror: aborting due to 2 previous errors\n\nFor more information about this error, try `rustc --explain E0425`.\n",
      "exit_code": 1,
      "status": "SyntaxError"
    },
    {
      "program": "/// Write a function that matches a string that has an a followed by one or more b's.\nfn text_match_one(text: String) -> bool {\n    let re = Regex::new(r\"ab+\").unwrap();\n    re.is_match(&text)\n}\n\nfn main() {\n    let candidate = text_match_one;\n    assert_eq!(candidate(String::from(\"ac\")), false);\n    assert_eq!(candidate(String::from(\"dc\")), false);\n    assert_eq!(candidate(String::from(\"abba\")), true);\n}\n",
      "timestamp": 1665509794,
      "stdout": "",
      "stderr": "error[E0433]: failed to resolve: use of undeclared type `Regex`\n --> /tmp/tmp1efr54rj.rs:3:14\n  |\n3 |     let re = Regex::new(r\"ab+\").unwrap();\n  |              ^^^^^ use of undeclared type `Regex`\n\nerror: aborting due to previous error\n\nFor more information about this error, try `rustc --explain E0433`.\n",
      "exit_code": 1,
      "status": "SyntaxError"
    },
    {
      "program": "/// Write a function that matches a string that has an a followed by one or more b's.\nfn text_match_one(text: String) -> bool {\n    lazy_static! {\n        static ref RE: Regex = Regex::new(r\"^ab+\").unwrap();\n    }\n    RE.is_match(&text)\n}\n\nfn main() {\n    let candidate = text_match_one;\n    assert_eq!(candidate(String::from(\"ac\")), false);\n    assert_eq!(candidate(String::from(\"dc\")), false);\n    assert_eq!(candidate(String::from(\"abba\")), true);\n}\n",
      "timestamp": 1666123975,
      "stdout": "",
      "stderr": "error: cannot find macro `lazy_static` in this scope\n --> /tmp/tmpluu2r2__.rs:3:5\n  |\n3 |     lazy_static! {\n  |     ^^^^^^^^^^^\n\nerror[E0425]: cannot find value `RE` in this scope\n --> /tmp/tmpluu2r2__.rs:6:5\n  |\n6 |     RE.is_match(&text)\n  |     ^^ not found in this scope\n\nerror: aborting due to 2 previous errors\n\nFor more information about this error, try `rustc --explain E0425`.\n",
      "exit_code": 1,
      "status": "SyntaxError"
    },
    {
      "program": "/// Write a function that matches a string that has an a followed by one or more b's.\nfn text_match_one(text: String) -> bool {\n    let re = Regex::new(r\"ab+\").unwrap();\n    re.is_match(&text)\n}\n\nfn main() {\n    let candidate = text_match_one;\n    assert_eq!(candidate(String::from(\"ac\")), false);\n    assert_eq!(candidate(String::from(\"dc\")), false);\n    assert_eq!(candidate(String::from(\"abba\")), true);\n}\n",
      "timestamp": 1665509794,
      "stdout": "",
      "stderr": "error[E0433]: failed to resolve: use of undeclared type `Regex`\n --> /tmp/tmp1efr54rj.rs:3:14\n  |\n3 |     let re = Regex::new(r\"ab+\").unwrap();\n  |              ^^^^^ use of undeclared type `Regex`\n\nerror: aborting due to previous error\n\nFor more information about this error, try `rustc --explain E0433`.\n",
      "exit_code": 1,
      "status": "SyntaxError"
    },
    {
      "program": "/// Write a function that matches a string that has an a followed by one or more b's.\nfn text_match_one(text: String) -> bool {\n    lazy_static! {\n        static ref RE: Regex = Regex::new(r\"^ab+$\").unwrap();\n    }\n    RE.is_match(&text)\n}\n\nfn main() {\n    let candidate = text_match_one;\n    assert_eq!(candidate(String::from(\"ac\")), false);\n    assert_eq!(candidate(String::from(\"dc\")), false);\n    assert_eq!(candidate(String::from(\"abba\")), true);\n}\n",
      "timestamp": 1665509794,
      "stdout": "",
      "stderr": "error: cannot find macro `lazy_static` in this scope\n --> /tmp/tmp2htbr94o.rs:3:5\n  |\n3 |     lazy_static! {\n  |     ^^^^^^^^^^^\n\nerror[E0425]: cannot find value `RE` in this scope\n --> /tmp/tmp2htbr94o.rs:6:5\n  |\n6 |     RE.is_match(&text)\n  |     ^^ not found in this scope\n\nerror: aborting due to 2 previous errors\n\nFor more information about this error, try `rustc --explain E0425`.\n",
      "exit_code": 1,
      "status": "SyntaxError"
    },
    {
      "program": "/// Write a function that matches a string that has an a followed by one or more b's.\nfn text_match_one(text: String) -> bool {\n    lazy_static! {\n        static ref RE: Regex = Regex::new(r\"^ab+$\").unwrap();\n    }\n    RE.is_match(&text)\n}\n\nfn main() {\n    let candidate = text_match_one;\n    assert_eq!(candidate(String::from(\"ac\")), false);\n    assert_eq!(candidate(String::from(\"dc\")), false);\n    assert_eq!(candidate(String::from(\"abba\")), true);\n}\n",
      "timestamp": 1665509794,
      "stdout": "",
      "stderr": "error: cannot find macro `lazy_static` in this scope\n --> /tmp/tmp2htbr94o.rs:3:5\n  |\n3 |     lazy_static! {\n  |     ^^^^^^^^^^^\n\nerror[E0425]: cannot find value `RE` in this scope\n --> /tmp/tmp2htbr94o.rs:6:5\n  |\n6 |     RE.is_match(&text)\n  |     ^^ not found in this scope\n\nerror: aborting due to 2 previous errors\n\nFor more information about this error, try `rustc --explain E0425`.\n",
      "exit_code": 1,
      "status": "SyntaxError"
    },
    {
      "program": "/// Write a function that matches a string that has an a followed by one or more b's.\nfn text_match_one(text: String) -> bool {\n    lazy_static! {\n        static ref RE: Regex = Regex::new(r\"^ab+$\").unwrap();\n    }\n    RE.is_match(&text)\n}\n\nfn main() {\n    let candidate = text_match_one;\n    assert_eq!(candidate(String::from(\"ac\")), false);\n    assert_eq!(candidate(String::from(\"dc\")), false);\n    assert_eq!(candidate(String::from(\"abba\")), true);\n}\n",
      "timestamp": 1665509794,
      "stdout": "",
      "stderr": "error: cannot find macro `lazy_static` in this scope\n --> /tmp/tmp2htbr94o.rs:3:5\n  |\n3 |     lazy_static! {\n  |     ^^^^^^^^^^^\n\nerror[E0425]: cannot find value `RE` in this scope\n --> /tmp/tmp2htbr94o.rs:6:5\n  |\n6 |     RE.is_match(&text)\n  |     ^^ not found in this scope\n\nerror: aborting due to 2 previous errors\n\nFor more information about this error, try `rustc --explain E0425`.\n",
      "exit_code": 1,
      "status": "SyntaxError"
    },
    {
      "program": "/// Write a function that matches a string that has an a followed by one or more b's.\nfn text_match_one(text: String) -> bool {\n    lazy_static! {\n        static ref RE: Regex = Regex::new(r\"ab+\").unwrap();\n    }\n    RE.is_match(&text)\n}\n\nfn main() {\n    let candidate = text_match_one;\n    assert_eq!(candidate(String::from(\"ac\")), false);\n    assert_eq!(candidate(String::from(\"dc\")), false);\n    assert_eq!(candidate(String::from(\"abba\")), true);\n}\n",
      "timestamp": 1666123975,
      "stdout": "",
      "stderr": "error: cannot find macro `lazy_static` in this scope\n --> /tmp/tmpx4jawz0w.rs:3:5\n  |\n3 |     lazy_static! {\n  |     ^^^^^^^^^^^\n\nerror[E0425]: cannot find value `RE` in this scope\n --> /tmp/tmpx4jawz0w.rs:6:5\n  |\n6 |     RE.is_match(&text)\n  |     ^^ not found in this scope\n\nerror: aborting due to 2 previous errors\n\nFor more information about this error, try `rustc --explain E0425`.\n",
      "exit_code": 1,
      "status": "SyntaxError"
    },
    {
      "program": "/// Write a function that matches a string that has an a followed by one or more b's.\nfn text_match_one(text: String) -> bool {\n    let re = Regex::new(r\"ab+\").unwrap();\n    re.is_match(&text)\n}\n\nfn main() {\n    let candidate = text_match_one;\n    assert_eq!(candidate(String::from(\"ac\")), false);\n    assert_eq!(candidate(String::from(\"dc\")), false);\n    assert_eq!(candidate(String::from(\"abba\")), true);\n}\n",
      "timestamp": 1665509794,
      "stdout": "",
      "stderr": "error[E0433]: failed to resolve: use of undeclared type `Regex`\n --> /tmp/tmp1efr54rj.rs:3:14\n  |\n3 |     let re = Regex::new(r\"ab+\").unwrap();\n  |              ^^^^^ use of undeclared type `Regex`\n\nerror: aborting due to previous error\n\nFor more information about this error, try `rustc --explain E0433`.\n",
      "exit_code": 1,
      "status": "SyntaxError"
    },
    {
      "program": "/// Write a function that matches a string that has an a followed by one or more b's.\nfn text_match_one(text: String) -> bool {\n    let re = Regex::new(r\"ab+\").unwrap();\n    re.is_match(&text)\n}\n\nfn main() {\n    let candidate = text_match_one;\n    assert_eq!(candidate(String::from(\"ac\")), false);\n    assert_eq!(candidate(String::from(\"dc\")), false);\n    assert_eq!(candidate(String::from(\"abba\")), true);\n}\n",
      "timestamp": 1665509794,
      "stdout": "",
      "stderr": "error[E0433]: failed to resolve: use of undeclared type `Regex`\n --> /tmp/tmp1efr54rj.rs:3:14\n  |\n3 |     let re = Regex::new(r\"ab+\").unwrap();\n  |              ^^^^^ use of undeclared type `Regex`\n\nerror: aborting due to previous error\n\nFor more information about this error, try `rustc --explain E0433`.\n",
      "exit_code": 1,
      "status": "SyntaxError"
    },
    {
      "program": "/// Write a function that matches a string that has an a followed by one or more b's.\nfn text_match_one(text: String) -> bool {\n    let re = Regex::new(r\"ab+\").unwrap();\n    re.is_match(&text)\n}\n\nfn main() {\n    let candidate = text_match_one;\n    assert_eq!(candidate(String::from(\"ac\")), false);\n    assert_eq!(candidate(String::from(\"dc\")), false);\n    assert_eq!(candidate(String::from(\"abba\")), true);\n}\n",
      "timestamp": 1665509794,
      "stdout": "",
      "stderr": "error[E0433]: failed to resolve: use of undeclared type `Regex`\n --> /tmp/tmp1efr54rj.rs:3:14\n  |\n3 |     let re = Regex::new(r\"ab+\").unwrap();\n  |              ^^^^^ use of undeclared type `Regex`\n\nerror: aborting due to previous error\n\nFor more information about this error, try `rustc --explain E0433`.\n",
      "exit_code": 1,
      "status": "SyntaxError"
    },
    {
      "program": "/// Write a function that matches a string that has an a followed by one or more b's.\nfn text_match_one(text: String) -> bool {\n    let re = Regex::new(r\"ab+\").unwrap();\n    re.is_match(&text)\n}\n\nfn main() {\n    let candidate = text_match_one;\n    assert_eq!(candidate(String::from(\"ac\")), false);\n    assert_eq!(candidate(String::from(\"dc\")), false);\n    assert_eq!(candidate(String::from(\"abba\")), true);\n}\n",
      "timestamp": 1665509794,
      "stdout": "",
      "stderr": "error[E0433]: failed to resolve: use of undeclared type `Regex`\n --> /tmp/tmp1efr54rj.rs:3:14\n  |\n3 |     let re = Regex::new(r\"ab+\").unwrap();\n  |              ^^^^^ use of undeclared type `Regex`\n\nerror: aborting due to previous error\n\nFor more information about this error, try `rustc --explain E0433`.\n",
      "exit_code": 1,
      "status": "SyntaxError"
    },
    {
      "program": "/// Write a function that matches a string that has an a followed by one or more b's.\nfn text_match_one(text: String) -> bool {\n    lazy_static! {\n        static ref RE: Regex = Regex::new(r\"^ab+$\").unwrap();\n    }\n\n    RE.is_match(&text)\n}\n\nfn main() {\n    let candidate = text_match_one;\n    assert_eq!(candidate(String::from(\"ac\")), false);\n    assert_eq!(candidate(String::from(\"dc\")), false);\n    assert_eq!(candidate(String::from(\"abba\")), true);\n}\n",
      "timestamp": 1666123976,
      "stdout": "",
      "stderr": "error: cannot find macro `lazy_static` in this scope\n --> /tmp/tmph40qktmq.rs:3:5\n  |\n3 |     lazy_static! {\n  |     ^^^^^^^^^^^\n\nerror[E0425]: cannot find value `RE` in this scope\n --> /tmp/tmph40qktmq.rs:7:5\n  |\n7 |     RE.is_match(&text)\n  |     ^^ not found in this scope\n\nerror: aborting due to 2 previous errors\n\nFor more information about this error, try `rustc --explain E0425`.\n",
      "exit_code": 1,
      "status": "SyntaxError"
    },
    {
      "program": "/// Write a function that matches a string that has an a followed by one or more b's.\nfn text_match_one(text: String) -> bool {\n    let re = Regex::new(r\"ab+\").unwrap();\n    re.is_match(&text)\n}\n\nfn main() {\n    let candidate = text_match_one;\n    assert_eq!(candidate(String::from(\"ac\")), false);\n    assert_eq!(candidate(String::from(\"dc\")), false);\n    assert_eq!(candidate(String::from(\"abba\")), true);\n}\n",
      "timestamp": 1665509794,
      "stdout": "",
      "stderr": "error[E0433]: failed to resolve: use of undeclared type `Regex`\n --> /tmp/tmp1efr54rj.rs:3:14\n  |\n3 |     let re = Regex::new(r\"ab+\").unwrap();\n  |              ^^^^^ use of undeclared type `Regex`\n\nerror: aborting due to previous error\n\nFor more information about this error, try `rustc --explain E0433`.\n",
      "exit_code": 1,
      "status": "SyntaxError"
    },
    {
      "program": "/// Write a function that matches a string that has an a followed by one or more b's.\nfn text_match_one(text: String) -> bool {\n    let re = Regex::new(r\"ab+\").unwrap();\n    re.is_match(&text)\n}\n\nfn main() {\n    let candidate = text_match_one;\n    assert_eq!(candidate(String::from(\"ac\")), false);\n    assert_eq!(candidate(String::from(\"dc\")), false);\n    assert_eq!(candidate(String::from(\"abba\")), true);\n}\n",
      "timestamp": 1665509794,
      "stdout": "",
      "stderr": "error[E0433]: failed to resolve: use of undeclared type `Regex`\n --> /tmp/tmp1efr54rj.rs:3:14\n  |\n3 |     let re = Regex::new(r\"ab+\").unwrap();\n  |              ^^^^^ use of undeclared type `Regex`\n\nerror: aborting due to previous error\n\nFor more information about this error, try `rustc --explain E0433`.\n",
      "exit_code": 1,
      "status": "SyntaxError"
    },
    {
      "program": "/// Write a function that matches a string that has an a followed by one or more b's.\nfn text_match_one(text: String) -> bool {\n    lazy_static! {\n        static ref RE: Regex = Regex::new(r\"^ab+$\").unwrap();\n    }\n    RE.is_match(&text)\n}\n\nfn main() {\n    let candidate = text_match_one;\n    assert_eq!(candidate(String::from(\"ac\")), false);\n    assert_eq!(candidate(String::from(\"dc\")), false);\n    assert_eq!(candidate(String::from(\"abba\")), true);\n}\n",
      "timestamp": 1665509794,
      "stdout": "",
      "stderr": "error: cannot find macro `lazy_static` in this scope\n --> /tmp/tmp2htbr94o.rs:3:5\n  |\n3 |     lazy_static! {\n  |     ^^^^^^^^^^^\n\nerror[E0425]: cannot find value `RE` in this scope\n --> /tmp/tmp2htbr94o.rs:6:5\n  |\n6 |     RE.is_match(&text)\n  |     ^^ not found in this scope\n\nerror: aborting due to 2 previous errors\n\nFor more information about this error, try `rustc --explain E0425`.\n",
      "exit_code": 1,
      "status": "SyntaxError"
    },
    {
      "program": "/// Write a function that matches a string that has an a followed by one or more b's.\nfn text_match_one(text: String) -> bool {\n    let re = Regex::new(r\"^ab+$\").unwrap();\n    re.is_match(&text)\n}\n\nfn main() {\n    let candidate = text_match_one;\n    assert_eq!(candidate(String::from(\"ac\")), false);\n    assert_eq!(candidate(String::from(\"dc\")), false);\n    assert_eq!(candidate(String::from(\"abba\")), true);\n}\n",
      "timestamp": 1666123976,
      "stdout": "",
      "stderr": "error[E0433]: failed to resolve: use of undeclared type `Regex`\n --> /tmp/tmpkb3_6voz.rs:3:14\n  |\n3 |     let re = Regex::new(r\"^ab+$\").unwrap();\n  |              ^^^^^ use of undeclared type `Regex`\n\nerror: aborting due to previous error\n\nFor more information about this error, try `rustc --explain E0433`.\n",
      "exit_code": 1,
      "status": "SyntaxError"
    },
    {
      "program": "/// Write a function that matches a string that has an a followed by one or more b's.\nfn text_match_one(text: String) -> bool {\n    lazy_static! {\n        static ref RE: Regex = Regex::new(r\"^ab+$\").unwrap();\n    }\n    RE.is_match(&text)\n}\n\nfn main() {\n    let candidate = text_match_one;\n    assert_eq!(candidate(String::from(\"ac\")), false);\n    assert_eq!(candidate(String::from(\"dc\")), false);\n    assert_eq!(candidate(String::from(\"abba\")), true);\n}\n",
      "timestamp": 1665509794,
      "stdout": "",
      "stderr": "error: cannot find macro `lazy_static` in this scope\n --> /tmp/tmp2htbr94o.rs:3:5\n  |\n3 |     lazy_static! {\n  |     ^^^^^^^^^^^\n\nerror[E0425]: cannot find value `RE` in this scope\n --> /tmp/tmp2htbr94o.rs:6:5\n  |\n6 |     RE.is_match(&text)\n  |     ^^ not found in this scope\n\nerror: aborting due to 2 previous errors\n\nFor more information about this error, try `rustc --explain E0425`.\n",
      "exit_code": 1,
      "status": "SyntaxError"
    },
    {
      "program": "/// Write a function that matches a string that has an a followed by one or more b's.\nfn text_match_one(text: String) -> bool {\n    let re = Regex::new(r\"ab+\").unwrap();\n    re.is_match(&text)\n}\n\nfn main() {\n    let candidate = text_match_one;\n    assert_eq!(candidate(String::from(\"ac\")), false);\n    assert_eq!(candidate(String::from(\"dc\")), false);\n    assert_eq!(candidate(String::from(\"abba\")), true);\n}\n",
      "timestamp": 1665509794,
      "stdout": "",
      "stderr": "error[E0433]: failed to resolve: use of undeclared type `Regex`\n --> /tmp/tmp1efr54rj.rs:3:14\n  |\n3 |     let re = Regex::new(r\"ab+\").unwrap();\n  |              ^^^^^ use of undeclared type `Regex`\n\nerror: aborting due to previous error\n\nFor more information about this error, try `rustc --explain E0433`.\n",
      "exit_code": 1,
      "status": "SyntaxError"
    },
    {
      "program": "/// Write a function that matches a string that has an a followed by one or more b's.\nfn text_match_one(text: String) -> bool {\n    lazy_static! {\n        static ref RE: Regex = Regex::new(r\"^ab+$\").unwrap();\n    }\n    RE.is_match(&text)\n}\n\nfn main() {\n    let candidate = text_match_one;\n    assert_eq!(candidate(String::from(\"ac\")), false);\n    assert_eq!(candidate(String::from(\"dc\")), false);\n    assert_eq!(candidate(String::from(\"abba\")), true);\n}\n",
      "timestamp": 1665509794,
      "stdout": "",
      "stderr": "error: cannot find macro `lazy_static` in this scope\n --> /tmp/tmp2htbr94o.rs:3:5\n  |\n3 |     lazy_static! {\n  |     ^^^^^^^^^^^\n\nerror[E0425]: cannot find value `RE` in this scope\n --> /tmp/tmp2htbr94o.rs:6:5\n  |\n6 |     RE.is_match(&text)\n  |     ^^ not found in this scope\n\nerror: aborting due to 2 previous errors\n\nFor more information about this error, try `rustc --explain E0425`.\n",
      "exit_code": 1,
      "status": "SyntaxError"
    },
    {
      "program": "/// Write a function that matches a string that has an a followed by one or more b's.\nfn text_match_one(text: String) -> bool {\n    let re = Regex::new(r\"ab+\").unwrap();\n    re.is_match(&text)\n}\n\nfn main() {\n    let candidate = text_match_one;\n    assert_eq!(candidate(String::from(\"ac\")), false);\n    assert_eq!(candidate(String::from(\"dc\")), false);\n    assert_eq!(candidate(String::from(\"abba\")), true);\n}\n",
      "timestamp": 1665509794,
      "stdout": "",
      "stderr": "error[E0433]: failed to resolve: use of undeclared type `Regex`\n --> /tmp/tmp1efr54rj.rs:3:14\n  |\n3 |     let re = Regex::new(r\"ab+\").unwrap();\n  |              ^^^^^ use of undeclared type `Regex`\n\nerror: aborting due to previous error\n\nFor more information about this error, try `rustc --explain E0433`.\n",
      "exit_code": 1,
      "status": "SyntaxError"
    },
    {
      "program": "/// Write a function that matches a string that has an a followed by one or more b's.\nfn text_match_one(text: String) -> bool {\n    lazy_static! {\n        static ref RE: Regex = Regex::new(r\"^ab+$\").unwrap();\n    }\n    RE.is_match(&text)\n}\n\nfn main() {\n    let candidate = text_match_one;\n    assert_eq!(candidate(String::from(\"ac\")), false);\n    assert_eq!(candidate(String::from(\"dc\")), false);\n    assert_eq!(candidate(String::from(\"abba\")), true);\n}\n",
      "timestamp": 1665509794,
      "stdout": "",
      "stderr": "error: cannot find macro `lazy_static` in this scope\n --> /tmp/tmp2htbr94o.rs:3:5\n  |\n3 |     lazy_static! {\n  |     ^^^^^^^^^^^\n\nerror[E0425]: cannot find value `RE` in this scope\n --> /tmp/tmp2htbr94o.rs:6:5\n  |\n6 |     RE.is_match(&text)\n  |     ^^ not found in this scope\n\nerror: aborting due to 2 previous errors\n\nFor more information about this error, try `rustc --explain E0425`.\n",
      "exit_code": 1,
      "status": "SyntaxError"
    },
    {
      "program": "/// Write a function that matches a string that has an a followed by one or more b's.\nfn text_match_one(text: String) -> bool {\n    lazy_static! {\n        static ref RE: Regex = Regex::new(r\"^ab+$\").unwrap();\n    }\n    RE.is_match(&text)\n}\n\nfn main() {\n    let candidate = text_match_one;\n    assert_eq!(candidate(String::from(\"ac\")), false);\n    assert_eq!(candidate(String::from(\"dc\")), false);\n    assert_eq!(candidate(String::from(\"abba\")), true);\n}\n",
      "timestamp": 1665509794,
      "stdout": "",
      "stderr": "error: cannot find macro `lazy_static` in this scope\n --> /tmp/tmp2htbr94o.rs:3:5\n  |\n3 |     lazy_static! {\n  |     ^^^^^^^^^^^\n\nerror[E0425]: cannot find value `RE` in this scope\n --> /tmp/tmp2htbr94o.rs:6:5\n  |\n6 |     RE.is_match(&text)\n  |     ^^ not found in this scope\n\nerror: aborting due to 2 previous errors\n\nFor more information about this error, try `rustc --explain E0425`.\n",
      "exit_code": 1,
      "status": "SyntaxError"
    },
    {
      "program": "/// Write a function that matches a string that has an a followed by one or more b's.\nfn text_match_one(text: String) -> bool {\n    let re = Regex::new(r\"ab+\").unwrap();\n    re.is_match(&text)\n}\n\nfn main() {\n    let candidate = text_match_one;\n    assert_eq!(candidate(String::from(\"ac\")), false);\n    assert_eq!(candidate(String::from(\"dc\")), false);\n    assert_eq!(candidate(String::from(\"abba\")), true);\n}\n",
      "timestamp": 1665509794,
      "stdout": "",
      "stderr": "error[E0433]: failed to resolve: use of undeclared type `Regex`\n --> /tmp/tmp1efr54rj.rs:3:14\n  |\n3 |     let re = Regex::new(r\"ab+\").unwrap();\n  |              ^^^^^ use of undeclared type `Regex`\n\nerror: aborting due to previous error\n\nFor more information about this error, try `rustc --explain E0433`.\n",
      "exit_code": 1,
      "status": "SyntaxError"
    },
    {
      "program": "/// Write a function that matches a string that has an a followed by one or more b's.\nfn text_match_one(text: String) -> bool {\n    let re = Regex::new(r\"ab+\").unwrap();\n    re.is_match(&text)\n}\n\nfn main() {\n    let candidate = text_match_one;\n    assert_eq!(candidate(String::from(\"ac\")), false);\n    assert_eq!(candidate(String::from(\"dc\")), false);\n    assert_eq!(candidate(String::from(\"abba\")), true);\n}\n",
      "timestamp": 1665509794,
      "stdout": "",
      "stderr": "error[E0433]: failed to resolve: use of undeclared type `Regex`\n --> /tmp/tmp1efr54rj.rs:3:14\n  |\n3 |     let re = Regex::new(r\"ab+\").unwrap();\n  |              ^^^^^ use of undeclared type `Regex`\n\nerror: aborting due to previous error\n\nFor more information about this error, try `rustc --explain E0433`.\n",
      "exit_code": 1,
      "status": "SyntaxError"
    },
    {
      "program": "/// Write a function that matches a string that has an a followed by one or more b's.\nfn text_match_one(text: String) -> bool {\n    let re = Regex::new(r\"ab+\").unwrap();\n    re.is_match(&text)\n}\n\nfn main() {\n    let candidate = text_match_one;\n    assert_eq!(candidate(String::from(\"ac\")), false);\n    assert_eq!(candidate(String::from(\"dc\")), false);\n    assert_eq!(candidate(String::from(\"abba\")), true);\n}\n",
      "timestamp": 1665509794,
      "stdout": "",
      "stderr": "error[E0433]: failed to resolve: use of undeclared type `Regex`\n --> /tmp/tmp1efr54rj.rs:3:14\n  |\n3 |     let re = Regex::new(r\"ab+\").unwrap();\n  |              ^^^^^ use of undeclared type `Regex`\n\nerror: aborting due to previous error\n\nFor more information about this error, try `rustc --explain E0433`.\n",
      "exit_code": 1,
      "status": "SyntaxError"
    },
    {
      "program": "/// Write a function that matches a string that has an a followed by one or more b's.\nfn text_match_one(text: String) -> bool {\n    lazy_static! {\n        static ref RE: Regex = Regex::new(r\"^ab+$\").unwrap();\n    }\n    RE.is_match(&text)\n}\n\nfn main() {\n    let candidate = text_match_one;\n    assert_eq!(candidate(String::from(\"ac\")), false);\n    assert_eq!(candidate(String::from(\"dc\")), false);\n    assert_eq!(candidate(String::from(\"abba\")), true);\n}\n",
      "timestamp": 1665509794,
      "stdout": "",
      "stderr": "error: cannot find macro `lazy_static` in this scope\n --> /tmp/tmp2htbr94o.rs:3:5\n  |\n3 |     lazy_static! {\n  |     ^^^^^^^^^^^\n\nerror[E0425]: cannot find value `RE` in this scope\n --> /tmp/tmp2htbr94o.rs:6:5\n  |\n6 |     RE.is_match(&text)\n  |     ^^ not found in this scope\n\nerror: aborting due to 2 previous errors\n\nFor more information about this error, try `rustc --explain E0425`.\n",
      "exit_code": 1,
      "status": "SyntaxError"
    },
    {
      "program": "/// Write a function that matches a string that has an a followed by one or more b's.\nfn text_match_one(text: String) -> bool {\n    lazy_static! {\n        static ref RE: Regex = Regex::new(r\"^ab+$\").unwrap();\n    }\n    RE.is_match(&text)\n}\n\nfn main() {\n    let candidate = text_match_one;\n    assert_eq!(candidate(String::from(\"ac\")), false);\n    assert_eq!(candidate(String::from(\"dc\")), false);\n    assert_eq!(candidate(String::from(\"abba\")), true);\n}\n",
      "timestamp": 1665509794,
      "stdout": "",
      "stderr": "error: cannot find macro `lazy_static` in this scope\n --> /tmp/tmp2htbr94o.rs:3:5\n  |\n3 |     lazy_static! {\n  |     ^^^^^^^^^^^\n\nerror[E0425]: cannot find value `RE` in this scope\n --> /tmp/tmp2htbr94o.rs:6:5\n  |\n6 |     RE.is_match(&text)\n  |     ^^ not found in this scope\n\nerror: aborting due to 2 previous errors\n\nFor more information about this error, try `rustc --explain E0425`.\n",
      "exit_code": 1,
      "status": "SyntaxError"
    },
    {
      "program": "/// Write a function that matches a string that has an a followed by one or more b's.\nfn text_match_one(text: String) -> bool {\n    let re = Regex::new(r\"ab+\").unwrap();\n    re.is_match(&text)\n}\n\nfn main() {\n    let candidate = text_match_one;\n    assert_eq!(candidate(String::from(\"ac\")), false);\n    assert_eq!(candidate(String::from(\"dc\")), false);\n    assert_eq!(candidate(String::from(\"abba\")), true);\n}\n",
      "timestamp": 1665509794,
      "stdout": "",
      "stderr": "error[E0433]: failed to resolve: use of undeclared type `Regex`\n --> /tmp/tmp1efr54rj.rs:3:14\n  |\n3 |     let re = Regex::new(r\"ab+\").unwrap();\n  |              ^^^^^ use of undeclared type `Regex`\n\nerror: aborting due to previous error\n\nFor more information about this error, try `rustc --explain E0433`.\n",
      "exit_code": 1,
      "status": "SyntaxError"
    },
    {
      "program": "/// Write a function that matches a string that has an a followed by one or more b's.\nfn text_match_one(text: String) -> bool {\n    text.contains(\"ab\")\n}\n\nfn main() {\n    let candidate = text_match_one;\n    assert_eq!(candidate(String::from(\"ac\")), false);\n    assert_eq!(candidate(String::from(\"dc\")), false);\n    assert_eq!(candidate(String::from(\"abba\")), true);\n}\n",
      "timestamp": 1666123975,
      "stdout": "",
      "stderr": "",
      "exit_code": 0,
      "status": "OK"
    },
    {
      "program": "/// Write a function that matches a string that has an a followed by one or more b's.\nfn text_match_one(text: String) -> bool {\n    lazy_static! {\n        static ref RE: Regex = Regex::new(r\"^ab+$\").unwrap();\n    }\n    RE.is_match(&text)\n}\n\nfn main() {\n    let candidate = text_match_one;\n    assert_eq!(candidate(String::from(\"ac\")), false);\n    assert_eq!(candidate(String::from(\"dc\")), false);\n    assert_eq!(candidate(String::from(\"abba\")), true);\n}\n",
      "timestamp": 1665509794,
      "stdout": "",
      "stderr": "error: cannot find macro `lazy_static` in this scope\n --> /tmp/tmp2htbr94o.rs:3:5\n  |\n3 |     lazy_static! {\n  |     ^^^^^^^^^^^\n\nerror[E0425]: cannot find value `RE` in this scope\n --> /tmp/tmp2htbr94o.rs:6:5\n  |\n6 |     RE.is_match(&text)\n  |     ^^ not found in this scope\n\nerror: aborting due to 2 previous errors\n\nFor more information about this error, try `rustc --explain E0425`.\n",
      "exit_code": 1,
      "status": "SyntaxError"
    },
    {
      "program": "/// Write a function that matches a string that has an a followed by one or more b's.\nfn text_match_one(text: String) -> bool {\n    let re = Regex::new(r\"ab+\").unwrap();\n    re.is_match(&text)\n}\n\nfn main() {\n    let candidate = text_match_one;\n    assert_eq!(candidate(String::from(\"ac\")), false);\n    assert_eq!(candidate(String::from(\"dc\")), false);\n    assert_eq!(candidate(String::from(\"abba\")), true);\n}\n",
      "timestamp": 1665509794,
      "stdout": "",
      "stderr": "error[E0433]: failed to resolve: use of undeclared type `Regex`\n --> /tmp/tmp1efr54rj.rs:3:14\n  |\n3 |     let re = Regex::new(r\"ab+\").unwrap();\n  |              ^^^^^ use of undeclared type `Regex`\n\nerror: aborting due to previous error\n\nFor more information about this error, try `rustc --explain E0433`.\n",
      "exit_code": 1,
      "status": "SyntaxError"
    },
    {
      "program": "/// Write a function that matches a string that has an a followed by one or more b's.\nfn text_match_one(text: String) -> bool {\n    let re = Regex::new(r\"ab+\").unwrap();\n    re.is_match(&text)\n}\n\nfn main() {\n    let candidate = text_match_one;\n    assert_eq!(candidate(String::from(\"ac\")), false);\n    assert_eq!(candidate(String::from(\"dc\")), false);\n    assert_eq!(candidate(String::from(\"abba\")), true);\n}\n",
      "timestamp": 1665509794,
      "stdout": "",
      "stderr": "error[E0433]: failed to resolve: use of undeclared type `Regex`\n --> /tmp/tmp1efr54rj.rs:3:14\n  |\n3 |     let re = Regex::new(r\"ab+\").unwrap();\n  |              ^^^^^ use of undeclared type `Regex`\n\nerror: aborting due to previous error\n\nFor more information about this error, try `rustc --explain E0433`.\n",
      "exit_code": 1,
      "status": "SyntaxError"
    },
    {
      "program": "/// Write a function that matches a string that has an a followed by one or more b's.\nfn text_match_one(text: String) -> bool {\n    let re = Regex::new(r\"ab+\").unwrap();\n    re.is_match(&text)\n}\n\nfn main() {\n    let candidate = text_match_one;\n    assert_eq!(candidate(String::from(\"ac\")), false);\n    assert_eq!(candidate(String::from(\"dc\")), false);\n    assert_eq!(candidate(String::from(\"abba\")), true);\n}\n",
      "timestamp": 1665509794,
      "stdout": "",
      "stderr": "error[E0433]: failed to resolve: use of undeclared type `Regex`\n --> /tmp/tmp1efr54rj.rs:3:14\n  |\n3 |     let re = Regex::new(r\"ab+\").unwrap();\n  |              ^^^^^ use of undeclared type `Regex`\n\nerror: aborting due to previous error\n\nFor more information about this error, try `rustc --explain E0433`.\n",
      "exit_code": 1,
      "status": "SyntaxError"
    },
    {
      "program": "/// Write a function that matches a string that has an a followed by one or more b's.\nfn text_match_one(text: String) -> bool {\n    lazy_static! {\n        static ref RE: Regex = Regex::new(r\"^ab+$\").unwrap();\n    }\n    RE.is_match(&text)\n}\n\nfn main() {\n    let candidate = text_match_one;\n    assert_eq!(candidate(String::from(\"ac\")), false);\n    assert_eq!(candidate(String::from(\"dc\")), false);\n    assert_eq!(candidate(String::from(\"abba\")), true);\n}\n",
      "timestamp": 1665509794,
      "stdout": "",
      "stderr": "error: cannot find macro `lazy_static` in this scope\n --> /tmp/tmp2htbr94o.rs:3:5\n  |\n3 |     lazy_static! {\n  |     ^^^^^^^^^^^\n\nerror[E0425]: cannot find value `RE` in this scope\n --> /tmp/tmp2htbr94o.rs:6:5\n  |\n6 |     RE.is_match(&text)\n  |     ^^ not found in this scope\n\nerror: aborting due to 2 previous errors\n\nFor more information about this error, try `rustc --explain E0425`.\n",
      "exit_code": 1,
      "status": "SyntaxError"
    },
    {
      "program": "/// Write a function that matches a string that has an a followed by one or more b's.\nfn text_match_one(text: String) -> bool {\n    lazy_static! {\n        static ref RE: Regex = Regex::new(r\"^ab+$\").unwrap();\n    }\n    RE.is_match(&text)\n}\n\nfn main() {\n    let candidate = text_match_one;\n    assert_eq!(candidate(String::from(\"ac\")), false);\n    assert_eq!(candidate(String::from(\"dc\")), false);\n    assert_eq!(candidate(String::from(\"abba\")), true);\n}\n",
      "timestamp": 1665509794,
      "stdout": "",
      "stderr": "error: cannot find macro `lazy_static` in this scope\n --> /tmp/tmp2htbr94o.rs:3:5\n  |\n3 |     lazy_static! {\n  |     ^^^^^^^^^^^\n\nerror[E0425]: cannot find value `RE` in this scope\n --> /tmp/tmp2htbr94o.rs:6:5\n  |\n6 |     RE.is_match(&text)\n  |     ^^ not found in this scope\n\nerror: aborting due to 2 previous errors\n\nFor more information about this error, try `rustc --explain E0425`.\n",
      "exit_code": 1,
      "status": "SyntaxError"
    },
    {
      "program": "/// Write a function that matches a string that has an a followed by one or more b's.\nfn text_match_one(text: String) -> bool {\n    lazy_static! {\n        static ref RE: Regex = Regex::new(r\"^ab+$\").unwrap();\n    }\n    RE.is_match(&text)\n}\n\nfn main() {\n    let candidate = text_match_one;\n    assert_eq!(candidate(String::from(\"ac\")), false);\n    assert_eq!(candidate(String::from(\"dc\")), false);\n    assert_eq!(candidate(String::from(\"abba\")), true);\n}\n",
      "timestamp": 1665509794,
      "stdout": "",
      "stderr": "error: cannot find macro `lazy_static` in this scope\n --> /tmp/tmp2htbr94o.rs:3:5\n  |\n3 |     lazy_static! {\n  |     ^^^^^^^^^^^\n\nerror[E0425]: cannot find value `RE` in this scope\n --> /tmp/tmp2htbr94o.rs:6:5\n  |\n6 |     RE.is_match(&text)\n  |     ^^ not found in this scope\n\nerror: aborting due to 2 previous errors\n\nFor more information about this error, try `rustc --explain E0425`.\n",
      "exit_code": 1,
      "status": "SyntaxError"
    },
    {
      "program": "/// Write a function that matches a string that has an a followed by one or more b's.\nfn text_match_one(text: String) -> bool {\n    lazy_static! {\n        static ref RE: Regex = Regex::new(r\"^ab+$\").unwrap();\n    }\n    RE.is_match(&text)\n}\n\nfn main() {\n    let candidate = text_match_one;\n    assert_eq!(candidate(String::from(\"ac\")), false);\n    assert_eq!(candidate(String::from(\"dc\")), false);\n    assert_eq!(candidate(String::from(\"abba\")), true);\n}\n",
      "timestamp": 1665509794,
      "stdout": "",
      "stderr": "error: cannot find macro `lazy_static` in this scope\n --> /tmp/tmp2htbr94o.rs:3:5\n  |\n3 |     lazy_static! {\n  |     ^^^^^^^^^^^\n\nerror[E0425]: cannot find value `RE` in this scope\n --> /tmp/tmp2htbr94o.rs:6:5\n  |\n6 |     RE.is_match(&text)\n  |     ^^ not found in this scope\n\nerror: aborting due to 2 previous errors\n\nFor more information about this error, try `rustc --explain E0425`.\n",
      "exit_code": 1,
      "status": "SyntaxError"
    },
    {
      "program": "/// Write a function that matches a string that has an a followed by one or more b's.\nfn text_match_one(text: String) -> bool {\n    let re = Regex::new(r\"ab+\").unwrap();\n    re.is_match(&text)\n}\n\nfn main() {\n    let candidate = text_match_one;\n    assert_eq!(candidate(String::from(\"ac\")), false);\n    assert_eq!(candidate(String::from(\"dc\")), false);\n    assert_eq!(candidate(String::from(\"abba\")), true);\n}\n",
      "timestamp": 1665509794,
      "stdout": "",
      "stderr": "error[E0433]: failed to resolve: use of undeclared type `Regex`\n --> /tmp/tmp1efr54rj.rs:3:14\n  |\n3 |     let re = Regex::new(r\"ab+\").unwrap();\n  |              ^^^^^ use of undeclared type `Regex`\n\nerror: aborting due to previous error\n\nFor more information about this error, try `rustc --explain E0433`.\n",
      "exit_code": 1,
      "status": "SyntaxError"
    },
    {
      "program": "/// Write a function that matches a string that has an a followed by one or more b's.\nfn text_match_one(text: String) -> bool {\n    lazy_static! {\n        static ref RE: Regex = Regex::new(r\"^ab+$\").unwrap();\n    }\n    RE.is_match(&text)\n}\n\nfn main() {\n    let candidate = text_match_one;\n    assert_eq!(candidate(String::from(\"ac\")), false);\n    assert_eq!(candidate(String::from(\"dc\")), false);\n    assert_eq!(candidate(String::from(\"abba\")), true);\n}\n",
      "timestamp": 1665509794,
      "stdout": "",
      "stderr": "error: cannot find macro `lazy_static` in this scope\n --> /tmp/tmp2htbr94o.rs:3:5\n  |\n3 |     lazy_static! {\n  |     ^^^^^^^^^^^\n\nerror[E0425]: cannot find value `RE` in this scope\n --> /tmp/tmp2htbr94o.rs:6:5\n  |\n6 |     RE.is_match(&text)\n  |     ^^ not found in this scope\n\nerror: aborting due to 2 previous errors\n\nFor more information about this error, try `rustc --explain E0425`.\n",
      "exit_code": 1,
      "status": "SyntaxError"
    },
    {
      "program": "/// Write a function that matches a string that has an a followed by one or more b's.\nfn text_match_one(text: String) -> bool {\n    let re = Regex::new(r\"ab+\").unwrap();\n    re.is_match(&text)\n}\n\nfn main() {\n    let candidate = text_match_one;\n    assert_eq!(candidate(String::from(\"ac\")), false);\n    assert_eq!(candidate(String::from(\"dc\")), false);\n    assert_eq!(candidate(String::from(\"abba\")), true);\n}\n",
      "timestamp": 1665509794,
      "stdout": "",
      "stderr": "error[E0433]: failed to resolve: use of undeclared type `Regex`\n --> /tmp/tmp1efr54rj.rs:3:14\n  |\n3 |     let re = Regex::new(r\"ab+\").unwrap();\n  |              ^^^^^ use of undeclared type `Regex`\n\nerror: aborting due to previous error\n\nFor more information about this error, try `rustc --explain E0433`.\n",
      "exit_code": 1,
      "status": "SyntaxError"
    },
    {
      "program": "/// Write a function that matches a string that has an a followed by one or more b's.\nfn text_match_one(text: String) -> bool {\n    lazy_static! {\n        static ref RE: Regex = Regex::new(r\"^ab+$\").unwrap();\n    }\n    RE.is_match(&text)\n}\n\nfn main() {\n    let candidate = text_match_one;\n    assert_eq!(candidate(String::from(\"ac\")), false);\n    assert_eq!(candidate(String::from(\"dc\")), false);\n    assert_eq!(candidate(String::from(\"abba\")), true);\n}\n",
      "timestamp": 1665509794,
      "stdout": "",
      "stderr": "error: cannot find macro `lazy_static` in this scope\n --> /tmp/tmp2htbr94o.rs:3:5\n  |\n3 |     lazy_static! {\n  |     ^^^^^^^^^^^\n\nerror[E0425]: cannot find value `RE` in this scope\n --> /tmp/tmp2htbr94o.rs:6:5\n  |\n6 |     RE.is_match(&text)\n  |     ^^ not found in this scope\n\nerror: aborting due to 2 previous errors\n\nFor more information about this error, try `rustc --explain E0425`.\n",
      "exit_code": 1,
      "status": "SyntaxError"
    },
    {
      "program": "/// Write a function that matches a string that has an a followed by one or more b's.\nfn text_match_one(text: String) -> bool {\n    let re = Regex::new(r\"ab+\").unwrap();\n    re.is_match(&text)\n}\n\nfn main() {\n    let candidate = text_match_one;\n    assert_eq!(candidate(String::from(\"ac\")), false);\n    assert_eq!(candidate(String::from(\"dc\")), false);\n    assert_eq!(candidate(String::from(\"abba\")), true);\n}\n",
      "timestamp": 1665509794,
      "stdout": "",
      "stderr": "error[E0433]: failed to resolve: use of undeclared type `Regex`\n --> /tmp/tmp1efr54rj.rs:3:14\n  |\n3 |     let re = Regex::new(r\"ab+\").unwrap();\n  |              ^^^^^ use of undeclared type `Regex`\n\nerror: aborting due to previous error\n\nFor more information about this error, try `rustc --explain E0433`.\n",
      "exit_code": 1,
      "status": "SyntaxError"
    },
    {
      "program": "/// Write a function that matches a string that has an a followed by one or more b's.\nfn text_match_one(text: String) -> bool {\n    lazy_static! {\n        static ref RE: Regex = Regex::new(r\"^ab+$\").unwrap();\n    }\n    RE.is_match(&text)\n}\n\nfn main() {\n    let candidate = text_match_one;\n    assert_eq!(candidate(String::from(\"ac\")), false);\n    assert_eq!(candidate(String::from(\"dc\")), false);\n    assert_eq!(candidate(String::from(\"abba\")), true);\n}\n",
      "timestamp": 1665509794,
      "stdout": "",
      "stderr": "error: cannot find macro `lazy_static` in this scope\n --> /tmp/tmp2htbr94o.rs:3:5\n  |\n3 |     lazy_static! {\n  |     ^^^^^^^^^^^\n\nerror[E0425]: cannot find value `RE` in this scope\n --> /tmp/tmp2htbr94o.rs:6:5\n  |\n6 |     RE.is_match(&text)\n  |     ^^ not found in this scope\n\nerror: aborting due to 2 previous errors\n\nFor more information about this error, try `rustc --explain E0425`.\n",
      "exit_code": 1,
      "status": "SyntaxError"
    },
    {
      "program": "/// Write a function that matches a string that has an a followed by one or more b's.\nfn text_match_one(text: String) -> bool {\n    lazy_static! {\n        static ref RE: Regex = Regex::new(r\"^ab+$\").unwrap();\n    }\n    RE.is_match(&text)\n}\n\nfn main() {\n    let candidate = text_match_one;\n    assert_eq!(candidate(String::from(\"ac\")), false);\n    assert_eq!(candidate(String::from(\"dc\")), false);\n    assert_eq!(candidate(String::from(\"abba\")), true);\n}\n",
      "timestamp": 1665509794,
      "stdout": "",
      "stderr": "error: cannot find macro `lazy_static` in this scope\n --> /tmp/tmp2htbr94o.rs:3:5\n  |\n3 |     lazy_static! {\n  |     ^^^^^^^^^^^\n\nerror[E0425]: cannot find value `RE` in this scope\n --> /tmp/tmp2htbr94o.rs:6:5\n  |\n6 |     RE.is_match(&text)\n  |     ^^ not found in this scope\n\nerror: aborting due to 2 previous errors\n\nFor more information about this error, try `rustc --explain E0425`.\n",
      "exit_code": 1,
      "status": "SyntaxError"
    },
    {
      "program": "/// Write a function that matches a string that has an a followed by one or more b's.\nfn text_match_one(text: String) -> bool {\n    lazy_static! {\n        static ref RE: Regex = Regex::new(r\"ab+\").unwrap();\n    }\n    RE.is_match(&text)\n}\n\nfn main() {\n    let candidate = text_match_one;\n    assert_eq!(candidate(String::from(\"ac\")), false);\n    assert_eq!(candidate(String::from(\"dc\")), false);\n    assert_eq!(candidate(String::from(\"abba\")), true);\n}\n",
      "timestamp": 1666123975,
      "stdout": "",
      "stderr": "error: cannot find macro `lazy_static` in this scope\n --> /tmp/tmpx4jawz0w.rs:3:5\n  |\n3 |     lazy_static! {\n  |     ^^^^^^^^^^^\n\nerror[E0425]: cannot find value `RE` in this scope\n --> /tmp/tmpx4jawz0w.rs:6:5\n  |\n6 |     RE.is_match(&text)\n  |     ^^ not found in this scope\n\nerror: aborting due to 2 previous errors\n\nFor more information about this error, try `rustc --explain E0425`.\n",
      "exit_code": 1,
      "status": "SyntaxError"
    },
    {
      "program": "/// Write a function that matches a string that has an a followed by one or more b's.\nfn text_match_one(text: String) -> bool {\n    let re = Regex::new(r\"ab+\").unwrap();\n    re.is_match(&text)\n}\n\nfn main() {\n    let candidate = text_match_one;\n    assert_eq!(candidate(String::from(\"ac\")), false);\n    assert_eq!(candidate(String::from(\"dc\")), false);\n    assert_eq!(candidate(String::from(\"abba\")), true);\n}\n",
      "timestamp": 1665509794,
      "stdout": "",
      "stderr": "error[E0433]: failed to resolve: use of undeclared type `Regex`\n --> /tmp/tmp1efr54rj.rs:3:14\n  |\n3 |     let re = Regex::new(r\"ab+\").unwrap();\n  |              ^^^^^ use of undeclared type `Regex`\n\nerror: aborting due to previous error\n\nFor more information about this error, try `rustc --explain E0433`.\n",
      "exit_code": 1,
      "status": "SyntaxError"
    },
    {
      "program": "/// Write a function that matches a string that has an a followed by one or more b's.\nfn text_match_one(text: String) -> bool {\n    let re = Regex::new(r\"ab+\").unwrap();\n    re.is_match(&text)\n}\n\nfn main() {\n    let candidate = text_match_one;\n    assert_eq!(candidate(String::from(\"ac\")), false);\n    assert_eq!(candidate(String::from(\"dc\")), false);\n    assert_eq!(candidate(String::from(\"abba\")), true);\n}\n",
      "timestamp": 1665509794,
      "stdout": "",
      "stderr": "error[E0433]: failed to resolve: use of undeclared type `Regex`\n --> /tmp/tmp1efr54rj.rs:3:14\n  |\n3 |     let re = Regex::new(r\"ab+\").unwrap();\n  |              ^^^^^ use of undeclared type `Regex`\n\nerror: aborting due to previous error\n\nFor more information about this error, try `rustc --explain E0433`.\n",
      "exit_code": 1,
      "status": "SyntaxError"
    },
    {
      "program": "/// Write a function that matches a string that has an a followed by one or more b's.\nfn text_match_one(text: String) -> bool {\n    let re = Regex::new(r\"ab+\").unwrap();\n    re.is_match(&text)\n}\n\nfn main() {\n    let candidate = text_match_one;\n    assert_eq!(candidate(String::from(\"ac\")), false);\n    assert_eq!(candidate(String::from(\"dc\")), false);\n    assert_eq!(candidate(String::from(\"abba\")), true);\n}\n",
      "timestamp": 1665509794,
      "stdout": "",
      "stderr": "error[E0433]: failed to resolve: use of undeclared type `Regex`\n --> /tmp/tmp1efr54rj.rs:3:14\n  |\n3 |     let re = Regex::new(r\"ab+\").unwrap();\n  |              ^^^^^ use of undeclared type `Regex`\n\nerror: aborting due to previous error\n\nFor more information about this error, try `rustc --explain E0433`.\n",
      "exit_code": 1,
      "status": "SyntaxError"
    },
    {
      "program": "/// Write a function that matches a string that has an a followed by one or more b's.\nfn text_match_one(text: String) -> bool {\n    let re = Regex::new(r\"ab+\").unwrap();\n    re.is_match(&text)\n}\n\nfn main() {\n    let candidate = text_match_one;\n    assert_eq!(candidate(String::from(\"ac\")), false);\n    assert_eq!(candidate(String::from(\"dc\")), false);\n    assert_eq!(candidate(String::from(\"abba\")), true);\n}\n",
      "timestamp": 1665509794,
      "stdout": "",
      "stderr": "error[E0433]: failed to resolve: use of undeclared type `Regex`\n --> /tmp/tmp1efr54rj.rs:3:14\n  |\n3 |     let re = Regex::new(r\"ab+\").unwrap();\n  |              ^^^^^ use of undeclared type `Regex`\n\nerror: aborting due to previous error\n\nFor more information about this error, try `rustc --explain E0433`.\n",
      "exit_code": 1,
      "status": "SyntaxError"
    },
    {
      "program": "/// Write a function that matches a string that has an a followed by one or more b's.\nfn text_match_one(text: String) -> bool {\n    lazy_static! {\n        static ref RE: Regex = Regex::new(r\"^ab+$\").unwrap();\n    }\n    RE.is_match(&text)\n}\n\nfn main() {\n    let candidate = text_match_one;\n    assert_eq!(candidate(String::from(\"ac\")), false);\n    assert_eq!(candidate(String::from(\"dc\")), false);\n    assert_eq!(candidate(String::from(\"abba\")), true);\n}\n",
      "timestamp": 1665509794,
      "stdout": "",
      "stderr": "error: cannot find macro `lazy_static` in this scope\n --> /tmp/tmp2htbr94o.rs:3:5\n  |\n3 |     lazy_static! {\n  |     ^^^^^^^^^^^\n\nerror[E0425]: cannot find value `RE` in this scope\n --> /tmp/tmp2htbr94o.rs:6:5\n  |\n6 |     RE.is_match(&text)\n  |     ^^ not found in this scope\n\nerror: aborting due to 2 previous errors\n\nFor more information about this error, try `rustc --explain E0425`.\n",
      "exit_code": 1,
      "status": "SyntaxError"
    },
    {
      "program": "/// Write a function that matches a string that has an a followed by one or more b's.\nfn text_match_one(text: String) -> bool {\n    let re = Regex::new(r\"ab+\").unwrap();\n    re.is_match(&text)\n}\n\nfn main() {\n    let candidate = text_match_one;\n    assert_eq!(candidate(String::from(\"ac\")), false);\n    assert_eq!(candidate(String::from(\"dc\")), false);\n    assert_eq!(candidate(String::from(\"abba\")), true);\n}\n",
      "timestamp": 1665509794,
      "stdout": "",
      "stderr": "error[E0433]: failed to resolve: use of undeclared type `Regex`\n --> /tmp/tmp1efr54rj.rs:3:14\n  |\n3 |     let re = Regex::new(r\"ab+\").unwrap();\n  |              ^^^^^ use of undeclared type `Regex`\n\nerror: aborting due to previous error\n\nFor more information about this error, try `rustc --explain E0433`.\n",
      "exit_code": 1,
      "status": "SyntaxError"
    },
    {
      "program": "/// Write a function that matches a string that has an a followed by one or more b's.\nfn text_match_one(text: String) -> bool {\n    lazy_static! {\n        static ref RE: Regex = Regex::new(r\"^ab+$\").unwrap();\n    }\n    RE.is_match(&text)\n}\n\nfn main() {\n    let candidate = text_match_one;\n    assert_eq!(candidate(String::from(\"ac\")), false);\n    assert_eq!(candidate(String::from(\"dc\")), false);\n    assert_eq!(candidate(String::from(\"abba\")), true);\n}\n",
      "timestamp": 1665509794,
      "stdout": "",
      "stderr": "error: cannot find macro `lazy_static` in this scope\n --> /tmp/tmp2htbr94o.rs:3:5\n  |\n3 |     lazy_static! {\n  |     ^^^^^^^^^^^\n\nerror[E0425]: cannot find value `RE` in this scope\n --> /tmp/tmp2htbr94o.rs:6:5\n  |\n6 |     RE.is_match(&text)\n  |     ^^ not found in this scope\n\nerror: aborting due to 2 previous errors\n\nFor more information about this error, try `rustc --explain E0425`.\n",
      "exit_code": 1,
      "status": "SyntaxError"
    },
    {
      "program": "/// Write a function that matches a string that has an a followed by one or more b's.\nfn text_match_one(text: String) -> bool {\n    lazy_static! {\n        static ref RE: Regex = Regex::new(r\"^ab+$\").unwrap();\n    }\n    RE.is_match(&text)\n}\n\nfn main() {\n    let candidate = text_match_one;\n    assert_eq!(candidate(String::from(\"ac\")), false);\n    assert_eq!(candidate(String::from(\"dc\")), false);\n    assert_eq!(candidate(String::from(\"abba\")), true);\n}\n",
      "timestamp": 1665509794,
      "stdout": "",
      "stderr": "error: cannot find macro `lazy_static` in this scope\n --> /tmp/tmp2htbr94o.rs:3:5\n  |\n3 |     lazy_static! {\n  |     ^^^^^^^^^^^\n\nerror[E0425]: cannot find value `RE` in this scope\n --> /tmp/tmp2htbr94o.rs:6:5\n  |\n6 |     RE.is_match(&text)\n  |     ^^ not found in this scope\n\nerror: aborting due to 2 previous errors\n\nFor more information about this error, try `rustc --explain E0425`.\n",
      "exit_code": 1,
      "status": "SyntaxError"
    },
    {
      "program": "/// Write a function that matches a string that has an a followed by one or more b's.\nfn text_match_one(text: String) -> bool {\n    let re = Regex::new(r\"ab+\").unwrap();\n    re.is_match(&text)\n}\n\nfn main() {\n    let candidate = text_match_one;\n    assert_eq!(candidate(String::from(\"ac\")), false);\n    assert_eq!(candidate(String::from(\"dc\")), false);\n    assert_eq!(candidate(String::from(\"abba\")), true);\n}\n",
      "timestamp": 1665509794,
      "stdout": "",
      "stderr": "error[E0433]: failed to resolve: use of undeclared type `Regex`\n --> /tmp/tmp1efr54rj.rs:3:14\n  |\n3 |     let re = Regex::new(r\"ab+\").unwrap();\n  |              ^^^^^ use of undeclared type `Regex`\n\nerror: aborting due to previous error\n\nFor more information about this error, try `rustc --explain E0433`.\n",
      "exit_code": 1,
      "status": "SyntaxError"
    },
    {
      "program": "/// Write a function that matches a string that has an a followed by one or more b's.\nfn text_match_one(text: String) -> bool {\n    let re = Regex::new(r\"ab+\").unwrap();\n    re.is_match(&text)\n}\n\nfn main() {\n    let candidate = text_match_one;\n    assert_eq!(candidate(String::from(\"ac\")), false);\n    assert_eq!(candidate(String::from(\"dc\")), false);\n    assert_eq!(candidate(String::from(\"abba\")), true);\n}\n",
      "timestamp": 1665509794,
      "stdout": "",
      "stderr": "error[E0433]: failed to resolve: use of undeclared type `Regex`\n --> /tmp/tmp1efr54rj.rs:3:14\n  |\n3 |     let re = Regex::new(r\"ab+\").unwrap();\n  |              ^^^^^ use of undeclared type `Regex`\n\nerror: aborting due to previous error\n\nFor more information about this error, try `rustc --explain E0433`.\n",
      "exit_code": 1,
      "status": "SyntaxError"
    },
    {
      "program": "/// Write a function that matches a string that has an a followed by one or more b's.\nfn text_match_one(text: String) -> bool {\n    lazy_static! {\n        static ref RE: Regex = Regex::new(r\"^ab+$\").unwrap();\n    }\n    RE.is_match(&text)\n}\n\nfn main() {\n    let candidate = text_match_one;\n    assert_eq!(candidate(String::from(\"ac\")), false);\n    assert_eq!(candidate(String::from(\"dc\")), false);\n    assert_eq!(candidate(String::from(\"abba\")), true);\n}\n",
      "timestamp": 1665509794,
      "stdout": "",
      "stderr": "error: cannot find macro `lazy_static` in this scope\n --> /tmp/tmp2htbr94o.rs:3:5\n  |\n3 |     lazy_static! {\n  |     ^^^^^^^^^^^\n\nerror[E0425]: cannot find value `RE` in this scope\n --> /tmp/tmp2htbr94o.rs:6:5\n  |\n6 |     RE.is_match(&text)\n  |     ^^ not found in this scope\n\nerror: aborting due to 2 previous errors\n\nFor more information about this error, try `rustc --explain E0425`.\n",
      "exit_code": 1,
      "status": "SyntaxError"
    },
    {
      "program": "/// Write a function that matches a string that has an a followed by one or more b's.\nfn text_match_one(text: String) -> bool {\n    lazy_static! {\n        static ref RE: Regex = Regex::new(r\"^ab+$\").unwrap();\n    }\n    RE.is_match(&text)\n}\n\nfn main() {\n    let candidate = text_match_one;\n    assert_eq!(candidate(String::from(\"ac\")), false);\n    assert_eq!(candidate(String::from(\"dc\")), false);\n    assert_eq!(candidate(String::from(\"abba\")), true);\n}\n",
      "timestamp": 1665509794,
      "stdout": "",
      "stderr": "error: cannot find macro `lazy_static` in this scope\n --> /tmp/tmp2htbr94o.rs:3:5\n  |\n3 |     lazy_static! {\n  |     ^^^^^^^^^^^\n\nerror[E0425]: cannot find value `RE` in this scope\n --> /tmp/tmp2htbr94o.rs:6:5\n  |\n6 |     RE.is_match(&text)\n  |     ^^ not found in this scope\n\nerror: aborting due to 2 previous errors\n\nFor more information about this error, try `rustc --explain E0425`.\n",
      "exit_code": 1,
      "status": "SyntaxError"
    },
    {
      "program": "/// Write a function that matches a string that has an a followed by one or more b's.\nfn text_match_one(text: String) -> bool {\n    let re = Regex::new(r\"ab+\").unwrap();\n    re.is_match(&text)\n}\n\nfn main() {\n    let candidate = text_match_one;\n    assert_eq!(candidate(String::from(\"ac\")), false);\n    assert_eq!(candidate(String::from(\"dc\")), false);\n    assert_eq!(candidate(String::from(\"abba\")), true);\n}\n",
      "timestamp": 1665509794,
      "stdout": "",
      "stderr": "error[E0433]: failed to resolve: use of undeclared type `Regex`\n --> /tmp/tmp1efr54rj.rs:3:14\n  |\n3 |     let re = Regex::new(r\"ab+\").unwrap();\n  |              ^^^^^ use of undeclared type `Regex`\n\nerror: aborting due to previous error\n\nFor more information about this error, try `rustc --explain E0433`.\n",
      "exit_code": 1,
      "status": "SyntaxError"
    },
    {
      "program": "/// Write a function that matches a string that has an a followed by one or more b's.\nfn text_match_one(text: String) -> bool {\n    lazy_static! {\n        static ref RE: Regex = Regex::new(r\"^ab+$\").unwrap();\n    }\n    RE.is_match(&text)\n}\n\nfn main() {\n    let candidate = text_match_one;\n    assert_eq!(candidate(String::from(\"ac\")), false);\n    assert_eq!(candidate(String::from(\"dc\")), false);\n    assert_eq!(candidate(String::from(\"abba\")), true);\n}\n",
      "timestamp": 1665509794,
      "stdout": "",
      "stderr": "error: cannot find macro `lazy_static` in this scope\n --> /tmp/tmp2htbr94o.rs:3:5\n  |\n3 |     lazy_static! {\n  |     ^^^^^^^^^^^\n\nerror[E0425]: cannot find value `RE` in this scope\n --> /tmp/tmp2htbr94o.rs:6:5\n  |\n6 |     RE.is_match(&text)\n  |     ^^ not found in this scope\n\nerror: aborting due to 2 previous errors\n\nFor more information about this error, try `rustc --explain E0425`.\n",
      "exit_code": 1,
      "status": "SyntaxError"
    },
    {
      "program": "/// Write a function that matches a string that has an a followed by one or more b's.\nfn text_match_one(text: String) -> bool {\n    let re = Regex::new(r\"ab+\").unwrap();\n    re.is_match(&text)\n}\n\nfn main() {\n    let candidate = text_match_one;\n    assert_eq!(candidate(String::from(\"ac\")), false);\n    assert_eq!(candidate(String::from(\"dc\")), false);\n    assert_eq!(candidate(String::from(\"abba\")), true);\n}\n",
      "timestamp": 1665509794,
      "stdout": "",
      "stderr": "error[E0433]: failed to resolve: use of undeclared type `Regex`\n --> /tmp/tmp1efr54rj.rs:3:14\n  |\n3 |     let re = Regex::new(r\"ab+\").unwrap();\n  |              ^^^^^ use of undeclared type `Regex`\n\nerror: aborting due to previous error\n\nFor more information about this error, try `rustc --explain E0433`.\n",
      "exit_code": 1,
      "status": "SyntaxError"
    },
    {
      "program": "/// Write a function that matches a string that has an a followed by one or more b's.\nfn text_match_one(text: String) -> bool {\n    let re = Regex::new(r\"ab+\").unwrap();\n    re.is_match(&text)\n}\n\nfn main() {\n    let candidate = text_match_one;\n    assert_eq!(candidate(String::from(\"ac\")), false);\n    assert_eq!(candidate(String::from(\"dc\")), false);\n    assert_eq!(candidate(String::from(\"abba\")), true);\n}\n",
      "timestamp": 1665509794,
      "stdout": "",
      "stderr": "error[E0433]: failed to resolve: use of undeclared type `Regex`\n --> /tmp/tmp1efr54rj.rs:3:14\n  |\n3 |     let re = Regex::new(r\"ab+\").unwrap();\n  |              ^^^^^ use of undeclared type `Regex`\n\nerror: aborting due to previous error\n\nFor more information about this error, try `rustc --explain E0433`.\n",
      "exit_code": 1,
      "status": "SyntaxError"
    },
    {
      "program": "/// Write a function that matches a string that has an a followed by one or more b's.\nfn text_match_one(text: String) -> bool {\n    let re = Regex::new(r\"ab+\").unwrap();\n    re.is_match(&text)\n}\n\nfn main() {\n    let candidate = text_match_one;\n    assert_eq!(candidate(String::from(\"ac\")), false);\n    assert_eq!(candidate(String::from(\"dc\")), false);\n    assert_eq!(candidate(String::from(\"abba\")), true);\n}\n",
      "timestamp": 1665509794,
      "stdout": "",
      "stderr": "error[E0433]: failed to resolve: use of undeclared type `Regex`\n --> /tmp/tmp1efr54rj.rs:3:14\n  |\n3 |     let re = Regex::new(r\"ab+\").unwrap();\n  |              ^^^^^ use of undeclared type `Regex`\n\nerror: aborting due to previous error\n\nFor more information about this error, try `rustc --explain E0433`.\n",
      "exit_code": 1,
      "status": "SyntaxError"
    },
    {
      "program": "/// Write a function that matches a string that has an a followed by one or more b's.\nfn text_match_one(text: String) -> bool {\n    lazy_static! {\n        static ref RE: Regex = Regex::new(r\"^ab+$\").unwrap();\n    }\n    RE.is_match(&text)\n}\n\nfn main() {\n    let candidate = text_match_one;\n    assert_eq!(candidate(String::from(\"ac\")), false);\n    assert_eq!(candidate(String::from(\"dc\")), false);\n    assert_eq!(candidate(String::from(\"abba\")), true);\n}\n",
      "timestamp": 1665509794,
      "stdout": "",
      "stderr": "error: cannot find macro `lazy_static` in this scope\n --> /tmp/tmp2htbr94o.rs:3:5\n  |\n3 |     lazy_static! {\n  |     ^^^^^^^^^^^\n\nerror[E0425]: cannot find value `RE` in this scope\n --> /tmp/tmp2htbr94o.rs:6:5\n  |\n6 |     RE.is_match(&text)\n  |     ^^ not found in this scope\n\nerror: aborting due to 2 previous errors\n\nFor more information about this error, try `rustc --explain E0425`.\n",
      "exit_code": 1,
      "status": "SyntaxError"
    },
    {
      "program": "/// Write a function that matches a string that has an a followed by one or more b's.\nfn text_match_one(text: String) -> bool {\n    let re = Regex::new(r\"ab+\").unwrap();\n    re.is_match(&text)\n}\n\nfn main() {\n    let candidate = text_match_one;\n    assert_eq!(candidate(String::from(\"ac\")), false);\n    assert_eq!(candidate(String::from(\"dc\")), false);\n    assert_eq!(candidate(String::from(\"abba\")), true);\n}\n",
      "timestamp": 1665509794,
      "stdout": "",
      "stderr": "error[E0433]: failed to resolve: use of undeclared type `Regex`\n --> /tmp/tmp1efr54rj.rs:3:14\n  |\n3 |     let re = Regex::new(r\"ab+\").unwrap();\n  |              ^^^^^ use of undeclared type `Regex`\n\nerror: aborting due to previous error\n\nFor more information about this error, try `rustc --explain E0433`.\n",
      "exit_code": 1,
      "status": "SyntaxError"
    },
    {
      "program": "/// Write a function that matches a string that has an a followed by one or more b's.\nfn text_match_one(text: String) -> bool {\n    let re = Regex::new(r\"ab+\").unwrap();\n    re.is_match(&text)\n}\n\nfn main() {\n    let candidate = text_match_one;\n    assert_eq!(candidate(String::from(\"ac\")), false);\n    assert_eq!(candidate(String::from(\"dc\")), false);\n    assert_eq!(candidate(String::from(\"abba\")), true);\n}\n",
      "timestamp": 1665509794,
      "stdout": "",
      "stderr": "error[E0433]: failed to resolve: use of undeclared type `Regex`\n --> /tmp/tmp1efr54rj.rs:3:14\n  |\n3 |     let re = Regex::new(r\"ab+\").unwrap();\n  |              ^^^^^ use of undeclared type `Regex`\n\nerror: aborting due to previous error\n\nFor more information about this error, try `rustc --explain E0433`.\n",
      "exit_code": 1,
      "status": "SyntaxError"
    },
    {
      "program": "/// Write a function that matches a string that has an a followed by one or more b's.\nfn text_match_one(text: String) -> bool {\n    let re = Regex::new(r\"ab+\").unwrap();\n    re.is_match(&text)\n}\n\nfn main() {\n    let candidate = text_match_one;\n    assert_eq!(candidate(String::from(\"ac\")), false);\n    assert_eq!(candidate(String::from(\"dc\")), false);\n    assert_eq!(candidate(String::from(\"abba\")), true);\n}\n",
      "timestamp": 1665509794,
      "stdout": "",
      "stderr": "error[E0433]: failed to resolve: use of undeclared type `Regex`\n --> /tmp/tmp1efr54rj.rs:3:14\n  |\n3 |     let re = Regex::new(r\"ab+\").unwrap();\n  |              ^^^^^ use of undeclared type `Regex`\n\nerror: aborting due to previous error\n\nFor more information about this error, try `rustc --explain E0433`.\n",
      "exit_code": 1,
      "status": "SyntaxError"
    },
    {
      "program": "/// Write a function that matches a string that has an a followed by one or more b's.\nfn text_match_one(text: String) -> bool {\n    lazy_static! {\n        static ref RE: Regex = Regex::new(r\"^ab+$\").unwrap();\n    }\n    RE.is_match(&text)\n}\n\nfn main() {\n    let candidate = text_match_one;\n    assert_eq!(candidate(String::from(\"ac\")), false);\n    assert_eq!(candidate(String::from(\"dc\")), false);\n    assert_eq!(candidate(String::from(\"abba\")), true);\n}\n",
      "timestamp": 1665509794,
      "stdout": "",
      "stderr": "error: cannot find macro `lazy_static` in this scope\n --> /tmp/tmp2htbr94o.rs:3:5\n  |\n3 |     lazy_static! {\n  |     ^^^^^^^^^^^\n\nerror[E0425]: cannot find value `RE` in this scope\n --> /tmp/tmp2htbr94o.rs:6:5\n  |\n6 |     RE.is_match(&text)\n  |     ^^ not found in this scope\n\nerror: aborting due to 2 previous errors\n\nFor more information about this error, try `rustc --explain E0425`.\n",
      "exit_code": 1,
      "status": "SyntaxError"
    },
    {
      "program": "/// Write a function that matches a string that has an a followed by one or more b's.\nfn text_match_one(text: String) -> bool {\n    let re = Regex::new(r\"ab+\").unwrap();\n    re.is_match(&text)\n}\n\nfn main() {\n    let candidate = text_match_one;\n    assert_eq!(candidate(String::from(\"ac\")), false);\n    assert_eq!(candidate(String::from(\"dc\")), false);\n    assert_eq!(candidate(String::from(\"abba\")), true);\n}\n",
      "timestamp": 1665509794,
      "stdout": "",
      "stderr": "error[E0433]: failed to resolve: use of undeclared type `Regex`\n --> /tmp/tmp1efr54rj.rs:3:14\n  |\n3 |     let re = Regex::new(r\"ab+\").unwrap();\n  |              ^^^^^ use of undeclared type `Regex`\n\nerror: aborting due to previous error\n\nFor more information about this error, try `rustc --explain E0433`.\n",
      "exit_code": 1,
      "status": "SyntaxError"
    },
    {
      "program": "/// Write a function that matches a string that has an a followed by one or more b's.\nfn text_match_one(text: String) -> bool {\n    let re = Regex::new(r\"ab+\").unwrap();\n    re.is_match(&text)\n}\n\nfn main() {\n    let candidate = text_match_one;\n    assert_eq!(candidate(String::from(\"ac\")), false);\n    assert_eq!(candidate(String::from(\"dc\")), false);\n    assert_eq!(candidate(String::from(\"abba\")), true);\n}\n",
      "timestamp": 1665509794,
      "stdout": "",
      "stderr": "error[E0433]: failed to resolve: use of undeclared type `Regex`\n --> /tmp/tmp1efr54rj.rs:3:14\n  |\n3 |     let re = Regex::new(r\"ab+\").unwrap();\n  |              ^^^^^ use of undeclared type `Regex`\n\nerror: aborting due to previous error\n\nFor more information about this error, try `rustc --explain E0433`.\n",
      "exit_code": 1,
      "status": "SyntaxError"
    },
    {
      "program": "/// Write a function that matches a string that has an a followed by one or more b's.\nfn text_match_one(text: String) -> bool {\n    let re = Regex::new(r\"ab+\").unwrap();\n    re.is_match(&text)\n}\n\nfn main() {\n    let candidate = text_match_one;\n    assert_eq!(candidate(String::from(\"ac\")), false);\n    assert_eq!(candidate(String::from(\"dc\")), false);\n    assert_eq!(candidate(String::from(\"abba\")), true);\n}\n",
      "timestamp": 1665509794,
      "stdout": "",
      "stderr": "error[E0433]: failed to resolve: use of undeclared type `Regex`\n --> /tmp/tmp1efr54rj.rs:3:14\n  |\n3 |     let re = Regex::new(r\"ab+\").unwrap();\n  |              ^^^^^ use of undeclared type `Regex`\n\nerror: aborting due to previous error\n\nFor more information about this error, try `rustc --explain E0433`.\n",
      "exit_code": 1,
      "status": "SyntaxError"
    },
    {
      "program": "/// Write a function that matches a string that has an a followed by one or more b's.\nfn text_match_one(text: String) -> bool {\n    lazy_static! {\n        static ref RE: Regex = Regex::new(r\"^ab+$\").unwrap();\n    }\n    RE.is_match(&text)\n}\n\nfn main() {\n    let candidate = text_match_one;\n    assert_eq!(candidate(String::from(\"ac\")), false);\n    assert_eq!(candidate(String::from(\"dc\")), false);\n    assert_eq!(candidate(String::from(\"abba\")), true);\n}\n",
      "timestamp": 1665509794,
      "stdout": "",
      "stderr": "error: cannot find macro `lazy_static` in this scope\n --> /tmp/tmp2htbr94o.rs:3:5\n  |\n3 |     lazy_static! {\n  |     ^^^^^^^^^^^\n\nerror[E0425]: cannot find value `RE` in this scope\n --> /tmp/tmp2htbr94o.rs:6:5\n  |\n6 |     RE.is_match(&text)\n  |     ^^ not found in this scope\n\nerror: aborting due to 2 previous errors\n\nFor more information about this error, try `rustc --explain E0425`.\n",
      "exit_code": 1,
      "status": "SyntaxError"
    },
    {
      "program": "/// Write a function that matches a string that has an a followed by one or more b's.\nfn text_match_one(text: String) -> bool {\n    let re = Regex::new(r\"ab+\").unwrap();\n    re.is_match(&text)\n}\n\nfn main() {\n    let candidate = text_match_one;\n    assert_eq!(candidate(String::from(\"ac\")), false);\n    assert_eq!(candidate(String::from(\"dc\")), false);\n    assert_eq!(candidate(String::from(\"abba\")), true);\n}\n",
      "timestamp": 1665509794,
      "stdout": "",
      "stderr": "error[E0433]: failed to resolve: use of undeclared type `Regex`\n --> /tmp/tmp1efr54rj.rs:3:14\n  |\n3 |     let re = Regex::new(r\"ab+\").unwrap();\n  |              ^^^^^ use of undeclared type `Regex`\n\nerror: aborting due to previous error\n\nFor more information about this error, try `rustc --explain E0433`.\n",
      "exit_code": 1,
      "status": "SyntaxError"
    },
    {
      "program": "/// Write a function that matches a string that has an a followed by one or more b's.\nfn text_match_one(text: String) -> bool {\n    let re = Regex::new(r\"ab+\").unwrap();\n    re.is_match(&text)\n}\n\nfn main() {\n    let candidate = text_match_one;\n    assert_eq!(candidate(String::from(\"ac\")), false);\n    assert_eq!(candidate(String::from(\"dc\")), false);\n    assert_eq!(candidate(String::from(\"abba\")), true);\n}\n",
      "timestamp": 1665509794,
      "stdout": "",
      "stderr": "error[E0433]: failed to resolve: use of undeclared type `Regex`\n --> /tmp/tmp1efr54rj.rs:3:14\n  |\n3 |     let re = Regex::new(r\"ab+\").unwrap();\n  |              ^^^^^ use of undeclared type `Regex`\n\nerror: aborting due to previous error\n\nFor more information about this error, try `rustc --explain E0433`.\n",
      "exit_code": 1,
      "status": "SyntaxError"
    },
    {
      "program": "/// Write a function that matches a string that has an a followed by one or more b's.\nfn text_match_one(text: String) -> bool {\n    let re = Regex::new(r\"ab+\").unwrap();\n    re.is_match(&text)\n}\n\nfn main() {\n    let candidate = text_match_one;\n    assert_eq!(candidate(String::from(\"ac\")), false);\n    assert_eq!(candidate(String::from(\"dc\")), false);\n    assert_eq!(candidate(String::from(\"abba\")), true);\n}\n",
      "timestamp": 1665509794,
      "stdout": "",
      "stderr": "error[E0433]: failed to resolve: use of undeclared type `Regex`\n --> /tmp/tmp1efr54rj.rs:3:14\n  |\n3 |     let re = Regex::new(r\"ab+\").unwrap();\n  |              ^^^^^ use of undeclared type `Regex`\n\nerror: aborting due to previous error\n\nFor more information about this error, try `rustc --explain E0433`.\n",
      "exit_code": 1,
      "status": "SyntaxError"
    },
    {
      "program": "/// Write a function that matches a string that has an a followed by one or more b's.\nfn text_match_one(text: String) -> bool {\n    let re = Regex::new(r\"ab+\").unwrap();\n    re.is_match(&text)\n}\n\nfn main() {\n    let candidate = text_match_one;\n    assert_eq!(candidate(String::from(\"ac\")), false);\n    assert_eq!(candidate(String::from(\"dc\")), false);\n    assert_eq!(candidate(String::from(\"abba\")), true);\n}\n",
      "timestamp": 1665509794,
      "stdout": "",
      "stderr": "error[E0433]: failed to resolve: use of undeclared type `Regex`\n --> /tmp/tmp1efr54rj.rs:3:14\n  |\n3 |     let re = Regex::new(r\"ab+\").unwrap();\n  |              ^^^^^ use of undeclared type `Regex`\n\nerror: aborting due to previous error\n\nFor more information about this error, try `rustc --explain E0433`.\n",
      "exit_code": 1,
      "status": "SyntaxError"
    },
    {
      "program": "/// Write a function that matches a string that has an a followed by one or more b's.\nfn text_match_one(text: String) -> bool {\n    let re = Regex::new(r\"ab+\").unwrap();\n    re.is_match(&text)\n}\n\nfn main() {\n    let candidate = text_match_one;\n    assert_eq!(candidate(String::from(\"ac\")), false);\n    assert_eq!(candidate(String::from(\"dc\")), false);\n    assert_eq!(candidate(String::from(\"abba\")), true);\n}\n",
      "timestamp": 1665509794,
      "stdout": "",
      "stderr": "error[E0433]: failed to resolve: use of undeclared type `Regex`\n --> /tmp/tmp1efr54rj.rs:3:14\n  |\n3 |     let re = Regex::new(r\"ab+\").unwrap();\n  |              ^^^^^ use of undeclared type `Regex`\n\nerror: aborting due to previous error\n\nFor more information about this error, try `rustc --explain E0433`.\n",
      "exit_code": 1,
      "status": "SyntaxError"
    },
    {
      "program": "/// Write a function that matches a string that has an a followed by one or more b's.\nfn text_match_one(text: String) -> bool {\n    lazy_static! {\n        static ref RE: Regex = Regex::new(r\"^ab+$\").unwrap();\n    }\n    RE.is_match(&text)\n}\n\nfn main() {\n    let candidate = text_match_one;\n    assert_eq!(candidate(String::from(\"ac\")), false);\n    assert_eq!(candidate(String::from(\"dc\")), false);\n    assert_eq!(candidate(String::from(\"abba\")), true);\n}\n",
      "timestamp": 1665509794,
      "stdout": "",
      "stderr": "error: cannot find macro `lazy_static` in this scope\n --> /tmp/tmp2htbr94o.rs:3:5\n  |\n3 |     lazy_static! {\n  |     ^^^^^^^^^^^\n\nerror[E0425]: cannot find value `RE` in this scope\n --> /tmp/tmp2htbr94o.rs:6:5\n  |\n6 |     RE.is_match(&text)\n  |     ^^ not found in this scope\n\nerror: aborting due to 2 previous errors\n\nFor more information about this error, try `rustc --explain E0425`.\n",
      "exit_code": 1,
      "status": "SyntaxError"
    },
    {
      "program": "/// Write a function that matches a string that has an a followed by one or more b's.\nfn text_match_one(text: String) -> bool {\n    let re = Regex::new(r\"ab+\").unwrap();\n    re.is_match(&text)\n}\n\nfn main() {\n    let candidate = text_match_one;\n    assert_eq!(candidate(String::from(\"ac\")), false);\n    assert_eq!(candidate(String::from(\"dc\")), false);\n    assert_eq!(candidate(String::from(\"abba\")), true);\n}\n",
      "timestamp": 1665509794,
      "stdout": "",
      "stderr": "error[E0433]: failed to resolve: use of undeclared type `Regex`\n --> /tmp/tmp1efr54rj.rs:3:14\n  |\n3 |     let re = Regex::new(r\"ab+\").unwrap();\n  |              ^^^^^ use of undeclared type `Regex`\n\nerror: aborting due to previous error\n\nFor more information about this error, try `rustc --explain E0433`.\n",
      "exit_code": 1,
      "status": "SyntaxError"
    },
    {
      "program": "/// Write a function that matches a string that has an a followed by one or more b's.\nfn text_match_one(text: String) -> bool {\n    let re = Regex::new(r\"ab+\").unwrap();\n    re.is_match(&text)\n}\n\nfn main() {\n    let candidate = text_match_one;\n    assert_eq!(candidate(String::from(\"ac\")), false);\n    assert_eq!(candidate(String::from(\"dc\")), false);\n    assert_eq!(candidate(String::from(\"abba\")), true);\n}\n",
      "timestamp": 1665509794,
      "stdout": "",
      "stderr": "error[E0433]: failed to resolve: use of undeclared type `Regex`\n --> /tmp/tmp1efr54rj.rs:3:14\n  |\n3 |     let re = Regex::new(r\"ab+\").unwrap();\n  |              ^^^^^ use of undeclared type `Regex`\n\nerror: aborting due to previous error\n\nFor more information about this error, try `rustc --explain E0433`.\n",
      "exit_code": 1,
      "status": "SyntaxError"
    },
    {
      "program": "/// Write a function that matches a string that has an a followed by one or more b's.\nfn text_match_one(text: String) -> bool {\n    lazy_static! {\n        static ref RE: Regex = Regex::new(r\"^ab+$\").unwrap();\n    }\n    RE.is_match(&text)\n}\n\nfn main() {\n    let candidate = text_match_one;\n    assert_eq!(candidate(String::from(\"ac\")), false);\n    assert_eq!(candidate(String::from(\"dc\")), false);\n    assert_eq!(candidate(String::from(\"abba\")), true);\n}\n",
      "timestamp": 1665509794,
      "stdout": "",
      "stderr": "error: cannot find macro `lazy_static` in this scope\n --> /tmp/tmp2htbr94o.rs:3:5\n  |\n3 |     lazy_static! {\n  |     ^^^^^^^^^^^\n\nerror[E0425]: cannot find value `RE` in this scope\n --> /tmp/tmp2htbr94o.rs:6:5\n  |\n6 |     RE.is_match(&text)\n  |     ^^ not found in this scope\n\nerror: aborting due to 2 previous errors\n\nFor more information about this error, try `rustc --explain E0425`.\n",
      "exit_code": 1,
      "status": "SyntaxError"
    },
    {
      "program": "/// Write a function that matches a string that has an a followed by one or more b's.\nfn text_match_one(text: String) -> bool {\n    text.contains(\"ab\")\n}\n\nfn main() {\n    let candidate = text_match_one;\n    assert_eq!(candidate(String::from(\"ac\")), false);\n    assert_eq!(candidate(String::from(\"dc\")), false);\n    assert_eq!(candidate(String::from(\"abba\")), true);\n}\n",
      "timestamp": 1666123975,
      "stdout": "",
      "stderr": "",
      "exit_code": 0,
      "status": "OK"
    },
    {
      "program": "/// Write a function that matches a string that has an a followed by one or more b's.\nfn text_match_one(text: String) -> bool {\n    lazy_static! {\n        static ref RE: Regex = Regex::new(r\"^ab+\").unwrap();\n    }\n\n    RE.is_match(&text)\n}\n\nfn main() {\n    let candidate = text_match_one;\n    assert_eq!(candidate(String::from(\"ac\")), false);\n    assert_eq!(candidate(String::from(\"dc\")), false);\n    assert_eq!(candidate(String::from(\"abba\")), true);\n}\n",
      "timestamp": 1666123975,
      "stdout": "",
      "stderr": "error: cannot find macro `lazy_static` in this scope\n --> /tmp/tmpytrxarzd.rs:3:5\n  |\n3 |     lazy_static! {\n  |     ^^^^^^^^^^^\n\nerror[E0425]: cannot find value `RE` in this scope\n --> /tmp/tmpytrxarzd.rs:7:5\n  |\n7 |     RE.is_match(&text)\n  |     ^^ not found in this scope\n\nerror: aborting due to 2 previous errors\n\nFor more information about this error, try `rustc --explain E0425`.\n",
      "exit_code": 1,
      "status": "SyntaxError"
    },
    {
      "program": "/// Write a function that matches a string that has an a followed by one or more b's.\nfn text_match_one(text: String) -> bool {\n    lazy_static! {\n        static ref RE: Regex = Regex::new(r\"^ab+$\").unwrap();\n    }\n    RE.is_match(&text)\n}\n\nfn main() {\n    let candidate = text_match_one;\n    assert_eq!(candidate(String::from(\"ac\")), false);\n    assert_eq!(candidate(String::from(\"dc\")), false);\n    assert_eq!(candidate(String::from(\"abba\")), true);\n}\n",
      "timestamp": 1665509794,
      "stdout": "",
      "stderr": "error: cannot find macro `lazy_static` in this scope\n --> /tmp/tmp2htbr94o.rs:3:5\n  |\n3 |     lazy_static! {\n  |     ^^^^^^^^^^^\n\nerror[E0425]: cannot find value `RE` in this scope\n --> /tmp/tmp2htbr94o.rs:6:5\n  |\n6 |     RE.is_match(&text)\n  |     ^^ not found in this scope\n\nerror: aborting due to 2 previous errors\n\nFor more information about this error, try `rustc --explain E0425`.\n",
      "exit_code": 1,
      "status": "SyntaxError"
    },
    {
      "program": "/// Write a function that matches a string that has an a followed by one or more b's.\nfn text_match_one(text: String) -> bool {\n    let re = Regex::new(r\"ab+\").unwrap();\n    re.is_match(&text)\n}\n\nfn main() {\n    let candidate = text_match_one;\n    assert_eq!(candidate(String::from(\"ac\")), false);\n    assert_eq!(candidate(String::from(\"dc\")), false);\n    assert_eq!(candidate(String::from(\"abba\")), true);\n}\n",
      "timestamp": 1665509794,
      "stdout": "",
      "stderr": "error[E0433]: failed to resolve: use of undeclared type `Regex`\n --> /tmp/tmp1efr54rj.rs:3:14\n  |\n3 |     let re = Regex::new(r\"ab+\").unwrap();\n  |              ^^^^^ use of undeclared type `Regex`\n\nerror: aborting due to previous error\n\nFor more information about this error, try `rustc --explain E0433`.\n",
      "exit_code": 1,
      "status": "SyntaxError"
    },
    {
      "program": "/// Write a function that matches a string that has an a followed by one or more b's.\nfn text_match_one(text: String) -> bool {\n    lazy_static! {\n        static ref RE: Regex = Regex::new(r\"ab+\").unwrap();\n    }\n    RE.is_match(&text)\n}\n\nfn main() {\n    let candidate = text_match_one;\n    assert_eq!(candidate(String::from(\"ac\")), false);\n    assert_eq!(candidate(String::from(\"dc\")), false);\n    assert_eq!(candidate(String::from(\"abba\")), true);\n}\n",
      "timestamp": 1666123975,
      "stdout": "",
      "stderr": "error: cannot find macro `lazy_static` in this scope\n --> /tmp/tmpx4jawz0w.rs:3:5\n  |\n3 |     lazy_static! {\n  |     ^^^^^^^^^^^\n\nerror[E0425]: cannot find value `RE` in this scope\n --> /tmp/tmpx4jawz0w.rs:6:5\n  |\n6 |     RE.is_match(&text)\n  |     ^^ not found in this scope\n\nerror: aborting due to 2 previous errors\n\nFor more information about this error, try `rustc --explain E0425`.\n",
      "exit_code": 1,
      "status": "SyntaxError"
    },
    {
      "program": "/// Write a function that matches a string that has an a followed by one or more b's.\nfn text_match_one(text: String) -> bool {\n    let re = Regex::new(r\"ab+\").unwrap();\n    re.is_match(&text)\n}\n\nfn main() {\n    let candidate = text_match_one;\n    assert_eq!(candidate(String::from(\"ac\")), false);\n    assert_eq!(candidate(String::from(\"dc\")), false);\n    assert_eq!(candidate(String::from(\"abba\")), true);\n}\n",
      "timestamp": 1665509794,
      "stdout": "",
      "stderr": "error[E0433]: failed to resolve: use of undeclared type `Regex`\n --> /tmp/tmp1efr54rj.rs:3:14\n  |\n3 |     let re = Regex::new(r\"ab+\").unwrap();\n  |              ^^^^^ use of undeclared type `Regex`\n\nerror: aborting due to previous error\n\nFor more information about this error, try `rustc --explain E0433`.\n",
      "exit_code": 1,
      "status": "SyntaxError"
    },
    {
      "program": "/// Write a function that matches a string that has an a followed by one or more b's.\nfn text_match_one(text: String) -> bool {\n    text.chars().nth(0) == Some('a') && text.chars().skip(1).all(|c| c == 'b')\n}\n\nfn main() {\n    let candidate = text_match_one;\n    assert_eq!(candidate(String::from(\"ac\")), false);\n    assert_eq!(candidate(String::from(\"dc\")), false);\n    assert_eq!(candidate(String::from(\"abba\")), true);\n}\n",
      "timestamp": 1666123975,
      "stdout": "",
      "stderr": "thread 'main' panicked at 'assertion failed: `(left == right)`\n  left: `false`,\n right: `true`', /tmp/tmp91pok1wc.rs:10:5\nnote: run with `RUST_BACKTRACE=1` environment variable to display a backtrace\n",
      "exit_code": 101,
      "status": "Exception"
    },
    {
      "program": "/// Write a function that matches a string that has an a followed by one or more b's.\nfn text_match_one(text: String) -> bool {\n    let re = Regex::new(r\"ab+\").unwrap();\n    re.is_match(&text)\n}\n\nfn main() {\n    let candidate = text_match_one;\n    assert_eq!(candidate(String::from(\"ac\")), false);\n    assert_eq!(candidate(String::from(\"dc\")), false);\n    assert_eq!(candidate(String::from(\"abba\")), true);\n}\n",
      "timestamp": 1665509794,
      "stdout": "",
      "stderr": "error[E0433]: failed to resolve: use of undeclared type `Regex`\n --> /tmp/tmp1efr54rj.rs:3:14\n  |\n3 |     let re = Regex::new(r\"ab+\").unwrap();\n  |              ^^^^^ use of undeclared type `Regex`\n\nerror: aborting due to previous error\n\nFor more information about this error, try `rustc --explain E0433`.\n",
      "exit_code": 1,
      "status": "SyntaxError"
    },
    {
      "program": "/// Write a function that matches a string that has an a followed by one or more b's.\nfn text_match_one(text: String) -> bool {\n    lazy_static! {\n        static ref RE: Regex = Regex::new(r\"^ab+$\").unwrap();\n    }\n    RE.is_match(&text)\n}\n\nfn main() {\n    let candidate = text_match_one;\n    assert_eq!(candidate(String::from(\"ac\")), false);\n    assert_eq!(candidate(String::from(\"dc\")), false);\n    assert_eq!(candidate(String::from(\"abba\")), true);\n}\n",
      "timestamp": 1665509794,
      "stdout": "",
      "stderr": "error: cannot find macro `lazy_static` in this scope\n --> /tmp/tmp2htbr94o.rs:3:5\n  |\n3 |     lazy_static! {\n  |     ^^^^^^^^^^^\n\nerror[E0425]: cannot find value `RE` in this scope\n --> /tmp/tmp2htbr94o.rs:6:5\n  |\n6 |     RE.is_match(&text)\n  |     ^^ not found in this scope\n\nerror: aborting due to 2 previous errors\n\nFor more information about this error, try `rustc --explain E0425`.\n",
      "exit_code": 1,
      "status": "SyntaxError"
    },
    {
      "program": "/// Write a function that matches a string that has an a followed by one or more b's.\nfn text_match_one(text: String) -> bool {\n    let re = Regex::new(r\"ab+\").unwrap();\n    re.is_match(&text)\n}\n\nfn main() {\n    let candidate = text_match_one;\n    assert_eq!(candidate(String::from(\"ac\")), false);\n    assert_eq!(candidate(String::from(\"dc\")), false);\n    assert_eq!(candidate(String::from(\"abba\")), true);\n}\n",
      "timestamp": 1665509794,
      "stdout": "",
      "stderr": "error[E0433]: failed to resolve: use of undeclared type `Regex`\n --> /tmp/tmp1efr54rj.rs:3:14\n  |\n3 |     let re = Regex::new(r\"ab+\").unwrap();\n  |              ^^^^^ use of undeclared type `Regex`\n\nerror: aborting due to previous error\n\nFor more information about this error, try `rustc --explain E0433`.\n",
      "exit_code": 1,
      "status": "SyntaxError"
    },
    {
      "program": "/// Write a function that matches a string that has an a followed by one or more b's.\nfn text_match_one(text: String) -> bool {\n    let re = Regex::new(r\"ab+\").unwrap();\n    re.is_match(&text)\n}\n\nfn main() {\n    let candidate = text_match_one;\n    assert_eq!(candidate(String::from(\"ac\")), false);\n    assert_eq!(candidate(String::from(\"dc\")), false);\n    assert_eq!(candidate(String::from(\"abba\")), true);\n}\n",
      "timestamp": 1665509794,
      "stdout": "",
      "stderr": "error[E0433]: failed to resolve: use of undeclared type `Regex`\n --> /tmp/tmp1efr54rj.rs:3:14\n  |\n3 |     let re = Regex::new(r\"ab+\").unwrap();\n  |              ^^^^^ use of undeclared type `Regex`\n\nerror: aborting due to previous error\n\nFor more information about this error, try `rustc --explain E0433`.\n",
      "exit_code": 1,
      "status": "SyntaxError"
    },
    {
      "program": "/// Write a function that matches a string that has an a followed by one or more b's.\nfn text_match_one(text: String) -> bool {\n    let re = Regex::new(r\"ab+\").unwrap();\n    re.is_match(&text)\n}\n\nfn main() {\n    let candidate = text_match_one;\n    assert_eq!(candidate(String::from(\"ac\")), false);\n    assert_eq!(candidate(String::from(\"dc\")), false);\n    assert_eq!(candidate(String::from(\"abba\")), true);\n}\n",
      "timestamp": 1665509794,
      "stdout": "",
      "stderr": "error[E0433]: failed to resolve: use of undeclared type `Regex`\n --> /tmp/tmp1efr54rj.rs:3:14\n  |\n3 |     let re = Regex::new(r\"ab+\").unwrap();\n  |              ^^^^^ use of undeclared type `Regex`\n\nerror: aborting due to previous error\n\nFor more information about this error, try `rustc --explain E0433`.\n",
      "exit_code": 1,
      "status": "SyntaxError"
    },
    {
      "program": "/// Write a function that matches a string that has an a followed by one or more b's.\nfn text_match_one(text: String) -> bool {\n    text.contains(\"ab\")\n}\n\nfn main() {\n    let candidate = text_match_one;\n    assert_eq!(candidate(String::from(\"ac\")), false);\n    assert_eq!(candidate(String::from(\"dc\")), false);\n    assert_eq!(candidate(String::from(\"abba\")), true);\n}\n",
      "timestamp": 1666123975,
      "stdout": "",
      "stderr": "",
      "exit_code": 0,
      "status": "OK"
    },
    {
      "program": "/// Write a function that matches a string that has an a followed by one or more b's.\nfn text_match_one(text: String) -> bool {\n    let re = Regex::new(r\"ab+\").unwrap();\n    re.is_match(&text)\n}\n\nfn main() {\n    let candidate = text_match_one;\n    assert_eq!(candidate(String::from(\"ac\")), false);\n    assert_eq!(candidate(String::from(\"dc\")), false);\n    assert_eq!(candidate(String::from(\"abba\")), true);\n}\n",
      "timestamp": 1665509794,
      "stdout": "",
      "stderr": "error[E0433]: failed to resolve: use of undeclared type `Regex`\n --> /tmp/tmp1efr54rj.rs:3:14\n  |\n3 |     let re = Regex::new(r\"ab+\").unwrap();\n  |              ^^^^^ use of undeclared type `Regex`\n\nerror: aborting due to previous error\n\nFor more information about this error, try `rustc --explain E0433`.\n",
      "exit_code": 1,
      "status": "SyntaxError"
    },
    {
      "program": "/// Write a function that matches a string that has an a followed by one or more b's.\nfn text_match_one(text: String) -> bool {\n    let re = Regex::new(r\"ab+\").unwrap();\n    re.is_match(&text)\n}\n\nfn main() {\n    let candidate = text_match_one;\n    assert_eq!(candidate(String::from(\"ac\")), false);\n    assert_eq!(candidate(String::from(\"dc\")), false);\n    assert_eq!(candidate(String::from(\"abba\")), true);\n}\n",
      "timestamp": 1665509794,
      "stdout": "",
      "stderr": "error[E0433]: failed to resolve: use of undeclared type `Regex`\n --> /tmp/tmp1efr54rj.rs:3:14\n  |\n3 |     let re = Regex::new(r\"ab+\").unwrap();\n  |              ^^^^^ use of undeclared type `Regex`\n\nerror: aborting due to previous error\n\nFor more information about this error, try `rustc --explain E0433`.\n",
      "exit_code": 1,
      "status": "SyntaxError"
    },
    {
      "program": "/// Write a function that matches a string that has an a followed by one or more b's.\nfn text_match_one(text: String) -> bool {\n    lazy_static! {\n        static ref RE: Regex = Regex::new(r\"^ab+$\").unwrap();\n    }\n    RE.is_match(&text)\n}\n\nfn main() {\n    let candidate = text_match_one;\n    assert_eq!(candidate(String::from(\"ac\")), false);\n    assert_eq!(candidate(String::from(\"dc\")), false);\n    assert_eq!(candidate(String::from(\"abba\")), true);\n}\n",
      "timestamp": 1665509794,
      "stdout": "",
      "stderr": "error: cannot find macro `lazy_static` in this scope\n --> /tmp/tmp2htbr94o.rs:3:5\n  |\n3 |     lazy_static! {\n  |     ^^^^^^^^^^^\n\nerror[E0425]: cannot find value `RE` in this scope\n --> /tmp/tmp2htbr94o.rs:6:5\n  |\n6 |     RE.is_match(&text)\n  |     ^^ not found in this scope\n\nerror: aborting due to 2 previous errors\n\nFor more information about this error, try `rustc --explain E0425`.\n",
      "exit_code": 1,
      "status": "SyntaxError"
    },
    {
      "program": "/// Write a function that matches a string that has an a followed by one or more b's.\nfn text_match_one(text: String) -> bool {\n    let re = Regex::new(r\"ab+\").unwrap();\n    re.is_match(&text)\n}\n\nfn main() {\n    let candidate = text_match_one;\n    assert_eq!(candidate(String::from(\"ac\")), false);\n    assert_eq!(candidate(String::from(\"dc\")), false);\n    assert_eq!(candidate(String::from(\"abba\")), true);\n}\n",
      "timestamp": 1665509794,
      "stdout": "",
      "stderr": "error[E0433]: failed to resolve: use of undeclared type `Regex`\n --> /tmp/tmp1efr54rj.rs:3:14\n  |\n3 |     let re = Regex::new(r\"ab+\").unwrap();\n  |              ^^^^^ use of undeclared type `Regex`\n\nerror: aborting due to previous error\n\nFor more information about this error, try `rustc --explain E0433`.\n",
      "exit_code": 1,
      "status": "SyntaxError"
    },
    {
      "program": "/// Write a function that matches a string that has an a followed by one or more b's.\nfn text_match_one(text: String) -> bool {\n    let re = Regex::new(r\"ab+\").unwrap();\n    re.is_match(&text)\n}\n\nfn main() {\n    let candidate = text_match_one;\n    assert_eq!(candidate(String::from(\"ac\")), false);\n    assert_eq!(candidate(String::from(\"dc\")), false);\n    assert_eq!(candidate(String::from(\"abba\")), true);\n}\n",
      "timestamp": 1665509794,
      "stdout": "",
      "stderr": "error[E0433]: failed to resolve: use of undeclared type `Regex`\n --> /tmp/tmp1efr54rj.rs:3:14\n  |\n3 |     let re = Regex::new(r\"ab+\").unwrap();\n  |              ^^^^^ use of undeclared type `Regex`\n\nerror: aborting due to previous error\n\nFor more information about this error, try `rustc --explain E0433`.\n",
      "exit_code": 1,
      "status": "SyntaxError"
    },
    {
      "program": "/// Write a function that matches a string that has an a followed by one or more b's.\nfn text_match_one(text: String) -> bool {\n    let re = Regex::new(r\"ab+\").unwrap();\n    re.is_match(&text)\n}\n\nfn main() {\n    let candidate = text_match_one;\n    assert_eq!(candidate(String::from(\"ac\")), false);\n    assert_eq!(candidate(String::from(\"dc\")), false);\n    assert_eq!(candidate(String::from(\"abba\")), true);\n}\n",
      "timestamp": 1665509794,
      "stdout": "",
      "stderr": "error[E0433]: failed to resolve: use of undeclared type `Regex`\n --> /tmp/tmp1efr54rj.rs:3:14\n  |\n3 |     let re = Regex::new(r\"ab+\").unwrap();\n  |              ^^^^^ use of undeclared type `Regex`\n\nerror: aborting due to previous error\n\nFor more information about this error, try `rustc --explain E0433`.\n",
      "exit_code": 1,
      "status": "SyntaxError"
    },
    {
      "program": "/// Write a function that matches a string that has an a followed by one or more b's.\nfn text_match_one(text: String) -> bool {\n    let re = Regex::new(r\"ab+\").unwrap();\n    re.is_match(&text)\n}\n\nfn main() {\n    let candidate = text_match_one;\n    assert_eq!(candidate(String::from(\"ac\")), false);\n    assert_eq!(candidate(String::from(\"dc\")), false);\n    assert_eq!(candidate(String::from(\"abba\")), true);\n}\n",
      "timestamp": 1665509794,
      "stdout": "",
      "stderr": "error[E0433]: failed to resolve: use of undeclared type `Regex`\n --> /tmp/tmp1efr54rj.rs:3:14\n  |\n3 |     let re = Regex::new(r\"ab+\").unwrap();\n  |              ^^^^^ use of undeclared type `Regex`\n\nerror: aborting due to previous error\n\nFor more information about this error, try `rustc --explain E0433`.\n",
      "exit_code": 1,
      "status": "SyntaxError"
    },
    {
      "program": "/// Write a function that matches a string that has an a followed by one or more b's.\nfn text_match_one(text: String) -> bool {\n    let re = Regex::new(r\"ab+\").unwrap();\n    re.is_match(&text)\n}\n\nfn main() {\n    let candidate = text_match_one;\n    assert_eq!(candidate(String::from(\"ac\")), false);\n    assert_eq!(candidate(String::from(\"dc\")), false);\n    assert_eq!(candidate(String::from(\"abba\")), true);\n}\n",
      "timestamp": 1665509794,
      "stdout": "",
      "stderr": "error[E0433]: failed to resolve: use of undeclared type `Regex`\n --> /tmp/tmp1efr54rj.rs:3:14\n  |\n3 |     let re = Regex::new(r\"ab+\").unwrap();\n  |              ^^^^^ use of undeclared type `Regex`\n\nerror: aborting due to previous error\n\nFor more information about this error, try `rustc --explain E0433`.\n",
      "exit_code": 1,
      "status": "SyntaxError"
    },
    {
      "program": "/// Write a function that matches a string that has an a followed by one or more b's.\nfn text_match_one(text: String) -> bool {\n    let re = Regex::new(r\"ab+\").unwrap();\n    re.is_match(&text)\n}\n\nfn main() {\n    let candidate = text_match_one;\n    assert_eq!(candidate(String::from(\"ac\")), false);\n    assert_eq!(candidate(String::from(\"dc\")), false);\n    assert_eq!(candidate(String::from(\"abba\")), true);\n}\n",
      "timestamp": 1665509794,
      "stdout": "",
      "stderr": "error[E0433]: failed to resolve: use of undeclared type `Regex`\n --> /tmp/tmp1efr54rj.rs:3:14\n  |\n3 |     let re = Regex::new(r\"ab+\").unwrap();\n  |              ^^^^^ use of undeclared type `Regex`\n\nerror: aborting due to previous error\n\nFor more information about this error, try `rustc --explain E0433`.\n",
      "exit_code": 1,
      "status": "SyntaxError"
    },
    {
      "program": "/// Write a function that matches a string that has an a followed by one or more b's.\nfn text_match_one(text: String) -> bool {\n    let re = Regex::new(r\"ab+\").unwrap();\n    re.is_match(&text)\n}\n\nfn main() {\n    let candidate = text_match_one;\n    assert_eq!(candidate(String::from(\"ac\")), false);\n    assert_eq!(candidate(String::from(\"dc\")), false);\n    assert_eq!(candidate(String::from(\"abba\")), true);\n}\n",
      "timestamp": 1665509794,
      "stdout": "",
      "stderr": "error[E0433]: failed to resolve: use of undeclared type `Regex`\n --> /tmp/tmp1efr54rj.rs:3:14\n  |\n3 |     let re = Regex::new(r\"ab+\").unwrap();\n  |              ^^^^^ use of undeclared type `Regex`\n\nerror: aborting due to previous error\n\nFor more information about this error, try `rustc --explain E0433`.\n",
      "exit_code": 1,
      "status": "SyntaxError"
    },
    {
      "program": "/// Write a function that matches a string that has an a followed by one or more b's.\nfn text_match_one(text: String) -> bool {\n    let re = Regex::new(r\"ab+\").unwrap();\n    re.is_match(&text)\n}\n\nfn main() {\n    let candidate = text_match_one;\n    assert_eq!(candidate(String::from(\"ac\")), false);\n    assert_eq!(candidate(String::from(\"dc\")), false);\n    assert_eq!(candidate(String::from(\"abba\")), true);\n}\n",
      "timestamp": 1665509794,
      "stdout": "",
      "stderr": "error[E0433]: failed to resolve: use of undeclared type `Regex`\n --> /tmp/tmp1efr54rj.rs:3:14\n  |\n3 |     let re = Regex::new(r\"ab+\").unwrap();\n  |              ^^^^^ use of undeclared type `Regex`\n\nerror: aborting due to previous error\n\nFor more information about this error, try `rustc --explain E0433`.\n",
      "exit_code": 1,
      "status": "SyntaxError"
    },
    {
      "program": "/// Write a function that matches a string that has an a followed by one or more b's.\nfn text_match_one(text: String) -> bool {\n    lazy_static! {\n        static ref RE: Regex = Regex::new(r\"^ab+$\").unwrap();\n    }\n    RE.is_match(&text)\n}\n\nfn main() {\n    let candidate = text_match_one;\n    assert_eq!(candidate(String::from(\"ac\")), false);\n    assert_eq!(candidate(String::from(\"dc\")), false);\n    assert_eq!(candidate(String::from(\"abba\")), true);\n}\n",
      "timestamp": 1665509794,
      "stdout": "",
      "stderr": "error: cannot find macro `lazy_static` in this scope\n --> /tmp/tmp2htbr94o.rs:3:5\n  |\n3 |     lazy_static! {\n  |     ^^^^^^^^^^^\n\nerror[E0425]: cannot find value `RE` in this scope\n --> /tmp/tmp2htbr94o.rs:6:5\n  |\n6 |     RE.is_match(&text)\n  |     ^^ not found in this scope\n\nerror: aborting due to 2 previous errors\n\nFor more information about this error, try `rustc --explain E0425`.\n",
      "exit_code": 1,
      "status": "SyntaxError"
    },
    {
      "program": "/// Write a function that matches a string that has an a followed by one or more b's.\nfn text_match_one(text: String) -> bool {\n    let re = Regex::new(r\"ab+\").unwrap();\n    re.is_match(&text)\n}\n\nfn main() {\n    let candidate = text_match_one;\n    assert_eq!(candidate(String::from(\"ac\")), false);\n    assert_eq!(candidate(String::from(\"dc\")), false);\n    assert_eq!(candidate(String::from(\"abba\")), true);\n}\n",
      "timestamp": 1665509794,
      "stdout": "",
      "stderr": "error[E0433]: failed to resolve: use of undeclared type `Regex`\n --> /tmp/tmp1efr54rj.rs:3:14\n  |\n3 |     let re = Regex::new(r\"ab+\").unwrap();\n  |              ^^^^^ use of undeclared type `Regex`\n\nerror: aborting due to previous error\n\nFor more information about this error, try `rustc --explain E0433`.\n",
      "exit_code": 1,
      "status": "SyntaxError"
    },
    {
      "program": "/// Write a function that matches a string that has an a followed by one or more b's.\nfn text_match_one(text: String) -> bool {\n    let re = Regex::new(r\"ab+\").unwrap();\n    re.is_match(&text)\n}\n\nfn main() {\n    let candidate = text_match_one;\n    assert_eq!(candidate(String::from(\"ac\")), false);\n    assert_eq!(candidate(String::from(\"dc\")), false);\n    assert_eq!(candidate(String::from(\"abba\")), true);\n}\n",
      "timestamp": 1665509794,
      "stdout": "",
      "stderr": "error[E0433]: failed to resolve: use of undeclared type `Regex`\n --> /tmp/tmp1efr54rj.rs:3:14\n  |\n3 |     let re = Regex::new(r\"ab+\").unwrap();\n  |              ^^^^^ use of undeclared type `Regex`\n\nerror: aborting due to previous error\n\nFor more information about this error, try `rustc --explain E0433`.\n",
      "exit_code": 1,
      "status": "SyntaxError"
    },
    {
      "program": "/// Write a function that matches a string that has an a followed by one or more b's.\nfn text_match_one(text: String) -> bool {\n    let re = Regex::new(r\"ab+\").unwrap();\n    re.is_match(&text)\n}\n\nfn main() {\n    let candidate = text_match_one;\n    assert_eq!(candidate(String::from(\"ac\")), false);\n    assert_eq!(candidate(String::from(\"dc\")), false);\n    assert_eq!(candidate(String::from(\"abba\")), true);\n}\n",
      "timestamp": 1665509794,
      "stdout": "",
      "stderr": "error[E0433]: failed to resolve: use of undeclared type `Regex`\n --> /tmp/tmp1efr54rj.rs:3:14\n  |\n3 |     let re = Regex::new(r\"ab+\").unwrap();\n  |              ^^^^^ use of undeclared type `Regex`\n\nerror: aborting due to previous error\n\nFor more information about this error, try `rustc --explain E0433`.\n",
      "exit_code": 1,
      "status": "SyntaxError"
    },
    {
      "program": "/// Write a function that matches a string that has an a followed by one or more b's.\nfn text_match_one(text: String) -> bool {\n    let re = Regex::new(r\"ab+\").unwrap();\n    re.is_match(&text)\n}\n\nfn main() {\n    let candidate = text_match_one;\n    assert_eq!(candidate(String::from(\"ac\")), false);\n    assert_eq!(candidate(String::from(\"dc\")), false);\n    assert_eq!(candidate(String::from(\"abba\")), true);\n}\n",
      "timestamp": 1665509794,
      "stdout": "",
      "stderr": "error[E0433]: failed to resolve: use of undeclared type `Regex`\n --> /tmp/tmp1efr54rj.rs:3:14\n  |\n3 |     let re = Regex::new(r\"ab+\").unwrap();\n  |              ^^^^^ use of undeclared type `Regex`\n\nerror: aborting due to previous error\n\nFor more information about this error, try `rustc --explain E0433`.\n",
      "exit_code": 1,
      "status": "SyntaxError"
    },
    {
      "program": "/// Write a function that matches a string that has an a followed by one or more b's.\nfn text_match_one(text: String) -> bool {\n    let re = Regex::new(r\"ab+\").unwrap();\n    re.is_match(&text)\n}\n\nfn main() {\n    let candidate = text_match_one;\n    assert_eq!(candidate(String::from(\"ac\")), false);\n    assert_eq!(candidate(String::from(\"dc\")), false);\n    assert_eq!(candidate(String::from(\"abba\")), true);\n}\n",
      "timestamp": 1665509794,
      "stdout": "",
      "stderr": "error[E0433]: failed to resolve: use of undeclared type `Regex`\n --> /tmp/tmp1efr54rj.rs:3:14\n  |\n3 |     let re = Regex::new(r\"ab+\").unwrap();\n  |              ^^^^^ use of undeclared type `Regex`\n\nerror: aborting due to previous error\n\nFor more information about this error, try `rustc --explain E0433`.\n",
      "exit_code": 1,
      "status": "SyntaxError"
    },
    {
      "program": "/// Write a function that matches a string that has an a followed by one or more b's.\nfn text_match_one(text: String) -> bool {\n    let re = Regex::new(r\"ab+\").unwrap();\n    re.is_match(&text)\n}\n\nfn main() {\n    let candidate = text_match_one;\n    assert_eq!(candidate(String::from(\"ac\")), false);\n    assert_eq!(candidate(String::from(\"dc\")), false);\n    assert_eq!(candidate(String::from(\"abba\")), true);\n}\n",
      "timestamp": 1665509794,
      "stdout": "",
      "stderr": "error[E0433]: failed to resolve: use of undeclared type `Regex`\n --> /tmp/tmp1efr54rj.rs:3:14\n  |\n3 |     let re = Regex::new(r\"ab+\").unwrap();\n  |              ^^^^^ use of undeclared type `Regex`\n\nerror: aborting due to previous error\n\nFor more information about this error, try `rustc --explain E0433`.\n",
      "exit_code": 1,
      "status": "SyntaxError"
    },
    {
      "program": "/// Write a function that matches a string that has an a followed by one or more b's.\nfn text_match_one(text: String) -> bool {\n    let re = Regex::new(r\"ab+\").unwrap();\n    re.is_match(&text)\n}\n\nfn main() {\n    let candidate = text_match_one;\n    assert_eq!(candidate(String::from(\"ac\")), false);\n    assert_eq!(candidate(String::from(\"dc\")), false);\n    assert_eq!(candidate(String::from(\"abba\")), true);\n}\n",
      "timestamp": 1665509794,
      "stdout": "",
      "stderr": "error[E0433]: failed to resolve: use of undeclared type `Regex`\n --> /tmp/tmp1efr54rj.rs:3:14\n  |\n3 |     let re = Regex::new(r\"ab+\").unwrap();\n  |              ^^^^^ use of undeclared type `Regex`\n\nerror: aborting due to previous error\n\nFor more information about this error, try `rustc --explain E0433`.\n",
      "exit_code": 1,
      "status": "SyntaxError"
    },
    {
      "program": "/// Write a function that matches a string that has an a followed by one or more b's.\nfn text_match_one(text: String) -> bool {\n    lazy_static! {\n        static ref RE: Regex = Regex::new(r\"^ab+$\").unwrap();\n    }\n    RE.is_match(&text)\n}\n\nfn main() {\n    let candidate = text_match_one;\n    assert_eq!(candidate(String::from(\"ac\")), false);\n    assert_eq!(candidate(String::from(\"dc\")), false);\n    assert_eq!(candidate(String::from(\"abba\")), true);\n}\n",
      "timestamp": 1665509794,
      "stdout": "",
      "stderr": "error: cannot find macro `lazy_static` in this scope\n --> /tmp/tmp2htbr94o.rs:3:5\n  |\n3 |     lazy_static! {\n  |     ^^^^^^^^^^^\n\nerror[E0425]: cannot find value `RE` in this scope\n --> /tmp/tmp2htbr94o.rs:6:5\n  |\n6 |     RE.is_match(&text)\n  |     ^^ not found in this scope\n\nerror: aborting due to 2 previous errors\n\nFor more information about this error, try `rustc --explain E0425`.\n",
      "exit_code": 1,
      "status": "SyntaxError"
    },
    {
      "program": "/// Write a function that matches a string that has an a followed by one or more b's.\nfn text_match_one(text: String) -> bool {\n    let re = Regex::new(r\"ab+\").unwrap();\n    re.is_match(&text)\n}\n\nfn main() {\n    let candidate = text_match_one;\n    assert_eq!(candidate(String::from(\"ac\")), false);\n    assert_eq!(candidate(String::from(\"dc\")), false);\n    assert_eq!(candidate(String::from(\"abba\")), true);\n}\n",
      "timestamp": 1665509794,
      "stdout": "",
      "stderr": "error[E0433]: failed to resolve: use of undeclared type `Regex`\n --> /tmp/tmp1efr54rj.rs:3:14\n  |\n3 |     let re = Regex::new(r\"ab+\").unwrap();\n  |              ^^^^^ use of undeclared type `Regex`\n\nerror: aborting due to previous error\n\nFor more information about this error, try `rustc --explain E0433`.\n",
      "exit_code": 1,
      "status": "SyntaxError"
    },
    {
      "program": "/// Write a function that matches a string that has an a followed by one or more b's.\nfn text_match_one(text: String) -> bool {\n    let re = Regex::new(r\"ab+\").unwrap();\n    re.is_match(&text)\n}\n\nfn main() {\n    let candidate = text_match_one;\n    assert_eq!(candidate(String::from(\"ac\")), false);\n    assert_eq!(candidate(String::from(\"dc\")), false);\n    assert_eq!(candidate(String::from(\"abba\")), true);\n}\n",
      "timestamp": 1665509794,
      "stdout": "",
      "stderr": "error[E0433]: failed to resolve: use of undeclared type `Regex`\n --> /tmp/tmp1efr54rj.rs:3:14\n  |\n3 |     let re = Regex::new(r\"ab+\").unwrap();\n  |              ^^^^^ use of undeclared type `Regex`\n\nerror: aborting due to previous error\n\nFor more information about this error, try `rustc --explain E0433`.\n",
      "exit_code": 1,
      "status": "SyntaxError"
    },
    {
      "program": "/// Write a function that matches a string that has an a followed by one or more b's.\nfn text_match_one(text: String) -> bool {\n    let re = Regex::new(r\"ab+\").unwrap();\n    re.is_match(&text)\n}\n\nfn main() {\n    let candidate = text_match_one;\n    assert_eq!(candidate(String::from(\"ac\")), false);\n    assert_eq!(candidate(String::from(\"dc\")), false);\n    assert_eq!(candidate(String::from(\"abba\")), true);\n}\n",
      "timestamp": 1665509794,
      "stdout": "",
      "stderr": "error[E0433]: failed to resolve: use of undeclared type `Regex`\n --> /tmp/tmp1efr54rj.rs:3:14\n  |\n3 |     let re = Regex::new(r\"ab+\").unwrap();\n  |              ^^^^^ use of undeclared type `Regex`\n\nerror: aborting due to previous error\n\nFor more information about this error, try `rustc --explain E0433`.\n",
      "exit_code": 1,
      "status": "SyntaxError"
    },
    {
      "program": "/// Write a function that matches a string that has an a followed by one or more b's.\nfn text_match_one(text: String) -> bool {\n    let re = Regex::new(r\"ab+\").unwrap();\n    re.is_match(&text)\n}\n\nfn main() {\n    let candidate = text_match_one;\n    assert_eq!(candidate(String::from(\"ac\")), false);\n    assert_eq!(candidate(String::from(\"dc\")), false);\n    assert_eq!(candidate(String::from(\"abba\")), true);\n}\n",
      "timestamp": 1665509794,
      "stdout": "",
      "stderr": "error[E0433]: failed to resolve: use of undeclared type `Regex`\n --> /tmp/tmp1efr54rj.rs:3:14\n  |\n3 |     let re = Regex::new(r\"ab+\").unwrap();\n  |              ^^^^^ use of undeclared type `Regex`\n\nerror: aborting due to previous error\n\nFor more information about this error, try `rustc --explain E0433`.\n",
      "exit_code": 1,
      "status": "SyntaxError"
    },
    {
      "program": "/// Write a function that matches a string that has an a followed by one or more b's.\nfn text_match_one(text: String) -> bool {\n    let re = Regex::new(r\"ab+\").unwrap();\n    re.is_match(&text)\n}\n\nfn main() {\n    let candidate = text_match_one;\n    assert_eq!(candidate(String::from(\"ac\")), false);\n    assert_eq!(candidate(String::from(\"dc\")), false);\n    assert_eq!(candidate(String::from(\"abba\")), true);\n}\n",
      "timestamp": 1665509794,
      "stdout": "",
      "stderr": "error[E0433]: failed to resolve: use of undeclared type `Regex`\n --> /tmp/tmp1efr54rj.rs:3:14\n  |\n3 |     let re = Regex::new(r\"ab+\").unwrap();\n  |              ^^^^^ use of undeclared type `Regex`\n\nerror: aborting due to previous error\n\nFor more information about this error, try `rustc --explain E0433`.\n",
      "exit_code": 1,
      "status": "SyntaxError"
    },
    {
      "program": "/// Write a function that matches a string that has an a followed by one or more b's.\nfn text_match_one(text: String) -> bool {\n    lazy_static! {\n        static ref RE: Regex = Regex::new(r\"^ab+$\").unwrap();\n    }\n    RE.is_match(&text)\n}\n\nfn main() {\n    let candidate = text_match_one;\n    assert_eq!(candidate(String::from(\"ac\")), false);\n    assert_eq!(candidate(String::from(\"dc\")), false);\n    assert_eq!(candidate(String::from(\"abba\")), true);\n}\n",
      "timestamp": 1665509794,
      "stdout": "",
      "stderr": "error: cannot find macro `lazy_static` in this scope\n --> /tmp/tmp2htbr94o.rs:3:5\n  |\n3 |     lazy_static! {\n  |     ^^^^^^^^^^^\n\nerror[E0425]: cannot find value `RE` in this scope\n --> /tmp/tmp2htbr94o.rs:6:5\n  |\n6 |     RE.is_match(&text)\n  |     ^^ not found in this scope\n\nerror: aborting due to 2 previous errors\n\nFor more information about this error, try `rustc --explain E0425`.\n",
      "exit_code": 1,
      "status": "SyntaxError"
    },
    {
      "program": "/// Write a function that matches a string that has an a followed by one or more b's.\nfn text_match_one(text: String) -> bool {\n    let re = Regex::new(r\"ab+\").unwrap();\n    re.is_match(&text)\n}\n\nfn main() {\n    let candidate = text_match_one;\n    assert_eq!(candidate(String::from(\"ac\")), false);\n    assert_eq!(candidate(String::from(\"dc\")), false);\n    assert_eq!(candidate(String::from(\"abba\")), true);\n}\n",
      "timestamp": 1665509794,
      "stdout": "",
      "stderr": "error[E0433]: failed to resolve: use of undeclared type `Regex`\n --> /tmp/tmp1efr54rj.rs:3:14\n  |\n3 |     let re = Regex::new(r\"ab+\").unwrap();\n  |              ^^^^^ use of undeclared type `Regex`\n\nerror: aborting due to previous error\n\nFor more information about this error, try `rustc --explain E0433`.\n",
      "exit_code": 1,
      "status": "SyntaxError"
    },
    {
      "program": "/// Write a function that matches a string that has an a followed by one or more b's.\nfn text_match_one(text: String) -> bool {\n    let re = Regex::new(r\"ab+\").unwrap();\n    re.is_match(&text)\n}\n\nfn main() {\n    let candidate = text_match_one;\n    assert_eq!(candidate(String::from(\"ac\")), false);\n    assert_eq!(candidate(String::from(\"dc\")), false);\n    assert_eq!(candidate(String::from(\"abba\")), true);\n}\n",
      "timestamp": 1665509794,
      "stdout": "",
      "stderr": "error[E0433]: failed to resolve: use of undeclared type `Regex`\n --> /tmp/tmp1efr54rj.rs:3:14\n  |\n3 |     let re = Regex::new(r\"ab+\").unwrap();\n  |              ^^^^^ use of undeclared type `Regex`\n\nerror: aborting due to previous error\n\nFor more information about this error, try `rustc --explain E0433`.\n",
      "exit_code": 1,
      "status": "SyntaxError"
    },
    {
      "program": "/// Write a function that matches a string that has an a followed by one or more b's.\nfn text_match_one(text: String) -> bool {\n    let re = Regex::new(r\"ab+\").unwrap();\n    re.is_match(&text)\n}\n\nfn main() {\n    let candidate = text_match_one;\n    assert_eq!(candidate(String::from(\"ac\")), false);\n    assert_eq!(candidate(String::from(\"dc\")), false);\n    assert_eq!(candidate(String::from(\"abba\")), true);\n}\n",
      "timestamp": 1665509794,
      "stdout": "",
      "stderr": "error[E0433]: failed to resolve: use of undeclared type `Regex`\n --> /tmp/tmp1efr54rj.rs:3:14\n  |\n3 |     let re = Regex::new(r\"ab+\").unwrap();\n  |              ^^^^^ use of undeclared type `Regex`\n\nerror: aborting due to previous error\n\nFor more information about this error, try `rustc --explain E0433`.\n",
      "exit_code": 1,
      "status": "SyntaxError"
    },
    {
      "program": "/// Write a function that matches a string that has an a followed by one or more b's.\nfn text_match_one(text: String) -> bool {\n    lazy_static! {\n        static ref RE: Regex = Regex::new(r\"^ab+$\").unwrap();\n    }\n    RE.is_match(&text)\n}\n\nfn main() {\n    let candidate = text_match_one;\n    assert_eq!(candidate(String::from(\"ac\")), false);\n    assert_eq!(candidate(String::from(\"dc\")), false);\n    assert_eq!(candidate(String::from(\"abba\")), true);\n}\n",
      "timestamp": 1665509794,
      "stdout": "",
      "stderr": "error: cannot find macro `lazy_static` in this scope\n --> /tmp/tmp2htbr94o.rs:3:5\n  |\n3 |     lazy_static! {\n  |     ^^^^^^^^^^^\n\nerror[E0425]: cannot find value `RE` in this scope\n --> /tmp/tmp2htbr94o.rs:6:5\n  |\n6 |     RE.is_match(&text)\n  |     ^^ not found in this scope\n\nerror: aborting due to 2 previous errors\n\nFor more information about this error, try `rustc --explain E0425`.\n",
      "exit_code": 1,
      "status": "SyntaxError"
    },
    {
      "program": "/// Write a function that matches a string that has an a followed by one or more b's.\nfn text_match_one(text: String) -> bool {\n    let re = Regex::new(r\"ab+\").unwrap();\n    re.is_match(&text)\n}\n\nfn main() {\n    let candidate = text_match_one;\n    assert_eq!(candidate(String::from(\"ac\")), false);\n    assert_eq!(candidate(String::from(\"dc\")), false);\n    assert_eq!(candidate(String::from(\"abba\")), true);\n}\n",
      "timestamp": 1665509794,
      "stdout": "",
      "stderr": "error[E0433]: failed to resolve: use of undeclared type `Regex`\n --> /tmp/tmp1efr54rj.rs:3:14\n  |\n3 |     let re = Regex::new(r\"ab+\").unwrap();\n  |              ^^^^^ use of undeclared type `Regex`\n\nerror: aborting due to previous error\n\nFor more information about this error, try `rustc --explain E0433`.\n",
      "exit_code": 1,
      "status": "SyntaxError"
    },
    {
      "program": "/// Write a function that matches a string that has an a followed by one or more b's.\nfn text_match_one(text: String) -> bool {\n    let re = Regex::new(r\"ab+\").unwrap();\n    re.is_match(&text)\n}\n\nfn main() {\n    let candidate = text_match_one;\n    assert_eq!(candidate(String::from(\"ac\")), false);\n    assert_eq!(candidate(String::from(\"dc\")), false);\n    assert_eq!(candidate(String::from(\"abba\")), true);\n}\n",
      "timestamp": 1665509794,
      "stdout": "",
      "stderr": "error[E0433]: failed to resolve: use of undeclared type `Regex`\n --> /tmp/tmp1efr54rj.rs:3:14\n  |\n3 |     let re = Regex::new(r\"ab+\").unwrap();\n  |              ^^^^^ use of undeclared type `Regex`\n\nerror: aborting due to previous error\n\nFor more information about this error, try `rustc --explain E0433`.\n",
      "exit_code": 1,
      "status": "SyntaxError"
    },
    {
      "program": "/// Write a function that matches a string that has an a followed by one or more b's.\nfn text_match_one(text: String) -> bool {\n    let re = Regex::new(r\"ab+\").unwrap();\n    re.is_match(&text)\n}\n\nfn main() {\n    let candidate = text_match_one;\n    assert_eq!(candidate(String::from(\"ac\")), false);\n    assert_eq!(candidate(String::from(\"dc\")), false);\n    assert_eq!(candidate(String::from(\"abba\")), true);\n}\n",
      "timestamp": 1665509794,
      "stdout": "",
      "stderr": "error[E0433]: failed to resolve: use of undeclared type `Regex`\n --> /tmp/tmp1efr54rj.rs:3:14\n  |\n3 |     let re = Regex::new(r\"ab+\").unwrap();\n  |              ^^^^^ use of undeclared type `Regex`\n\nerror: aborting due to previous error\n\nFor more information about this error, try `rustc --explain E0433`.\n",
      "exit_code": 1,
      "status": "SyntaxError"
    },
    {
      "program": "/// Write a function that matches a string that has an a followed by one or more b's.\nfn text_match_one(text: String) -> bool {\n    let re = Regex::new(r\"ab+\").unwrap();\n    re.is_match(&text)\n}\n\nfn main() {\n    let candidate = text_match_one;\n    assert_eq!(candidate(String::from(\"ac\")), false);\n    assert_eq!(candidate(String::from(\"dc\")), false);\n    assert_eq!(candidate(String::from(\"abba\")), true);\n}\n",
      "timestamp": 1665509794,
      "stdout": "",
      "stderr": "error[E0433]: failed to resolve: use of undeclared type `Regex`\n --> /tmp/tmp1efr54rj.rs:3:14\n  |\n3 |     let re = Regex::new(r\"ab+\").unwrap();\n  |              ^^^^^ use of undeclared type `Regex`\n\nerror: aborting due to previous error\n\nFor more information about this error, try `rustc --explain E0433`.\n",
      "exit_code": 1,
      "status": "SyntaxError"
    },
    {
      "program": "/// Write a function that matches a string that has an a followed by one or more b's.\nfn text_match_one(text: String) -> bool {\n    let re = Regex::new(r\"ab+\").unwrap();\n    re.is_match(&text)\n}\n\nfn main() {\n    let candidate = text_match_one;\n    assert_eq!(candidate(String::from(\"ac\")), false);\n    assert_eq!(candidate(String::from(\"dc\")), false);\n    assert_eq!(candidate(String::from(\"abba\")), true);\n}\n",
      "timestamp": 1665509794,
      "stdout": "",
      "stderr": "error[E0433]: failed to resolve: use of undeclared type `Regex`\n --> /tmp/tmp1efr54rj.rs:3:14\n  |\n3 |     let re = Regex::new(r\"ab+\").unwrap();\n  |              ^^^^^ use of undeclared type `Regex`\n\nerror: aborting due to previous error\n\nFor more information about this error, try `rustc --explain E0433`.\n",
      "exit_code": 1,
      "status": "SyntaxError"
    },
    {
      "program": "/// Write a function that matches a string that has an a followed by one or more b's.\nfn text_match_one(text: String) -> bool {\n    let re = Regex::new(r\"ab+\").unwrap();\n    re.is_match(&text)\n}\n\nfn main() {\n    let candidate = text_match_one;\n    assert_eq!(candidate(String::from(\"ac\")), false);\n    assert_eq!(candidate(String::from(\"dc\")), false);\n    assert_eq!(candidate(String::from(\"abba\")), true);\n}\n",
      "timestamp": 1665509794,
      "stdout": "",
      "stderr": "error[E0433]: failed to resolve: use of undeclared type `Regex`\n --> /tmp/tmp1efr54rj.rs:3:14\n  |\n3 |     let re = Regex::new(r\"ab+\").unwrap();\n  |              ^^^^^ use of undeclared type `Regex`\n\nerror: aborting due to previous error\n\nFor more information about this error, try `rustc --explain E0433`.\n",
      "exit_code": 1,
      "status": "SyntaxError"
    },
    {
      "program": "/// Write a function that matches a string that has an a followed by one or more b's.\nfn text_match_one(text: String) -> bool {\n    let re = Regex::new(r\"ab+\").unwrap();\n    re.is_match(&text)\n}\n\nfn main() {\n    let candidate = text_match_one;\n    assert_eq!(candidate(String::from(\"ac\")), false);\n    assert_eq!(candidate(String::from(\"dc\")), false);\n    assert_eq!(candidate(String::from(\"abba\")), true);\n}\n",
      "timestamp": 1665509794,
      "stdout": "",
      "stderr": "error[E0433]: failed to resolve: use of undeclared type `Regex`\n --> /tmp/tmp1efr54rj.rs:3:14\n  |\n3 |     let re = Regex::new(r\"ab+\").unwrap();\n  |              ^^^^^ use of undeclared type `Regex`\n\nerror: aborting due to previous error\n\nFor more information about this error, try `rustc --explain E0433`.\n",
      "exit_code": 1,
      "status": "SyntaxError"
    },
    {
      "program": "/// Write a function that matches a string that has an a followed by one or more b's.\nfn text_match_one(text: String) -> bool {\n    let re = Regex::new(r\"ab+\").unwrap();\n    re.is_match(&text)\n}\n\nfn main() {\n    let candidate = text_match_one;\n    assert_eq!(candidate(String::from(\"ac\")), false);\n    assert_eq!(candidate(String::from(\"dc\")), false);\n    assert_eq!(candidate(String::from(\"abba\")), true);\n}\n",
      "timestamp": 1665509794,
      "stdout": "",
      "stderr": "error[E0433]: failed to resolve: use of undeclared type `Regex`\n --> /tmp/tmp1efr54rj.rs:3:14\n  |\n3 |     let re = Regex::new(r\"ab+\").unwrap();\n  |              ^^^^^ use of undeclared type `Regex`\n\nerror: aborting due to previous error\n\nFor more information about this error, try `rustc --explain E0433`.\n",
      "exit_code": 1,
      "status": "SyntaxError"
    },
    {
      "program": "/// Write a function that matches a string that has an a followed by one or more b's.\nfn text_match_one(text: String) -> bool {\n    lazy_static! {\n        static ref RE: Regex = Regex::new(r\"^ab+$\").unwrap();\n    }\n    RE.is_match(&text)\n}\n\nfn main() {\n    let candidate = text_match_one;\n    assert_eq!(candidate(String::from(\"ac\")), false);\n    assert_eq!(candidate(String::from(\"dc\")), false);\n    assert_eq!(candidate(String::from(\"abba\")), true);\n}\n",
      "timestamp": 1665509794,
      "stdout": "",
      "stderr": "error: cannot find macro `lazy_static` in this scope\n --> /tmp/tmp2htbr94o.rs:3:5\n  |\n3 |     lazy_static! {\n  |     ^^^^^^^^^^^\n\nerror[E0425]: cannot find value `RE` in this scope\n --> /tmp/tmp2htbr94o.rs:6:5\n  |\n6 |     RE.is_match(&text)\n  |     ^^ not found in this scope\n\nerror: aborting due to 2 previous errors\n\nFor more information about this error, try `rustc --explain E0425`.\n",
      "exit_code": 1,
      "status": "SyntaxError"
    },
    {
      "program": "/// Write a function that matches a string that has an a followed by one or more b's.\nfn text_match_one(text: String) -> bool {\n    let re = Regex::new(r\"ab+\").unwrap();\n    re.is_match(&text)\n}\n\nfn main() {\n    let candidate = text_match_one;\n    assert_eq!(candidate(String::from(\"ac\")), false);\n    assert_eq!(candidate(String::from(\"dc\")), false);\n    assert_eq!(candidate(String::from(\"abba\")), true);\n}\n",
      "timestamp": 1665509794,
      "stdout": "",
      "stderr": "error[E0433]: failed to resolve: use of undeclared type `Regex`\n --> /tmp/tmp1efr54rj.rs:3:14\n  |\n3 |     let re = Regex::new(r\"ab+\").unwrap();\n  |              ^^^^^ use of undeclared type `Regex`\n\nerror: aborting due to previous error\n\nFor more information about this error, try `rustc --explain E0433`.\n",
      "exit_code": 1,
      "status": "SyntaxError"
    },
    {
      "program": "/// Write a function that matches a string that has an a followed by one or more b's.\nfn text_match_one(text: String) -> bool {\n    let re = Regex::new(r\"ab+\").unwrap();\n    re.is_match(&text)\n}\n\nfn main() {\n    let candidate = text_match_one;\n    assert_eq!(candidate(String::from(\"ac\")), false);\n    assert_eq!(candidate(String::from(\"dc\")), false);\n    assert_eq!(candidate(String::from(\"abba\")), true);\n}\n",
      "timestamp": 1665509794,
      "stdout": "",
      "stderr": "error[E0433]: failed to resolve: use of undeclared type `Regex`\n --> /tmp/tmp1efr54rj.rs:3:14\n  |\n3 |     let re = Regex::new(r\"ab+\").unwrap();\n  |              ^^^^^ use of undeclared type `Regex`\n\nerror: aborting due to previous error\n\nFor more information about this error, try `rustc --explain E0433`.\n",
      "exit_code": 1,
      "status": "SyntaxError"
    },
    {
      "program": "/// Write a function that matches a string that has an a followed by one or more b's.\nfn text_match_one(text: String) -> bool {\n    let re = Regex::new(r\"ab+\").unwrap();\n    re.is_match(&text)\n}\n\nfn main() {\n    let candidate = text_match_one;\n    assert_eq!(candidate(String::from(\"ac\")), false);\n    assert_eq!(candidate(String::from(\"dc\")), false);\n    assert_eq!(candidate(String::from(\"abba\")), true);\n}\n",
      "timestamp": 1665509794,
      "stdout": "",
      "stderr": "error[E0433]: failed to resolve: use of undeclared type `Regex`\n --> /tmp/tmp1efr54rj.rs:3:14\n  |\n3 |     let re = Regex::new(r\"ab+\").unwrap();\n  |              ^^^^^ use of undeclared type `Regex`\n\nerror: aborting due to previous error\n\nFor more information about this error, try `rustc --explain E0433`.\n",
      "exit_code": 1,
      "status": "SyntaxError"
    },
    {
      "program": "/// Write a function that matches a string that has an a followed by one or more b's.\nfn text_match_one(text: String) -> bool {\n    let re = Regex::new(r\"ab+\").unwrap();\n    re.is_match(&text)\n}\n\nfn main() {\n    let candidate = text_match_one;\n    assert_eq!(candidate(String::from(\"ac\")), false);\n    assert_eq!(candidate(String::from(\"dc\")), false);\n    assert_eq!(candidate(String::from(\"abba\")), true);\n}\n",
      "timestamp": 1665509794,
      "stdout": "",
      "stderr": "error[E0433]: failed to resolve: use of undeclared type `Regex`\n --> /tmp/tmp1efr54rj.rs:3:14\n  |\n3 |     let re = Regex::new(r\"ab+\").unwrap();\n  |              ^^^^^ use of undeclared type `Regex`\n\nerror: aborting due to previous error\n\nFor more information about this error, try `rustc --explain E0433`.\n",
      "exit_code": 1,
      "status": "SyntaxError"
    }
  ]
}