{
  "name": "mbpp_123_amicable_numbers_sum",
  "language": "rs",
  "prompt": "/// Write a function to sum all amicable numbers from 1 to a specified number.\nfn amicable_numbers_sum(limit: isize) -> isize {\n",
  "doctests": "keep",
  "original": "/home/arjun/repos/MultiPL-E/datasets/../datasets/mbpp-typed/mbpp_123_amicable_numbers_sum.py",
  "prompt_terminology": "verbatim",
  "tests": "}\n\nfn main() {\n    let candidate = amicable_numbers_sum;\n    assert_eq!(candidate(999), 504);\n    assert_eq!(candidate(9999), 31626);\n    assert_eq!(candidate(99), 0);\n}\n",
  "stop_tokens": [
    "\n}"
  ],
  "results": [
    {
      "program": "/// Write a function to sum all amicable numbers from 1 to a specified number.\nfn amicable_numbers_sum(limit: isize) -> isize {\n    let mut sum = 0;\n    for i in 1..limit {\n        let a = sum_proper_divisors(i);\n        if a > i && sum_proper_divisors(a) == i {\n            sum += i + a;\n        }\n    }\n    sum\n}\n\nfn main() {\n    let candidate = amicable_numbers_sum;\n    assert_eq!(candidate(999), 504);\n    assert_eq!(candidate(9999), 31626);\n    assert_eq!(candidate(99), 0);\n}\n",
      "timestamp": 1665517254,
      "stdout": "",
      "stderr": "error[E0425]: cannot find function `sum_proper_divisors` in this scope\n --> /tmp/tmpy8ne8g7e.rs:5:17\n  |\n5 |         let a = sum_proper_divisors(i);\n  |                 ^^^^^^^^^^^^^^^^^^^ not found in this scope\n\nerror[E0425]: cannot find function `sum_proper_divisors` in this scope\n --> /tmp/tmpy8ne8g7e.rs:6:21\n  |\n6 |         if a > i && sum_proper_divisors(a) == i {\n  |                     ^^^^^^^^^^^^^^^^^^^ not found in this scope\n\nerror: aborting due to 2 previous errors\n\nFor more information about this error, try `rustc --explain E0425`.\n",
      "exit_code": 1,
      "status": "SyntaxError"
    },
    {
      "program": "/// Write a function to sum all amicable numbers from 1 to a specified number.\nfn amicable_numbers_sum(limit: isize) -> isize {\n    let mut sum = 0;\n    for i in 1..limit {\n        let a = sum_of_divisors(i);\n        if a > i && sum_of_divisors(a) == i {\n            sum += a + i;\n        }\n    }\n    sum\n}\n\nfn main() {\n    let candidate = amicable_numbers_sum;\n    assert_eq!(candidate(999), 504);\n    assert_eq!(candidate(9999), 31626);\n    assert_eq!(candidate(99), 0);\n}\n",
      "timestamp": 1665517254,
      "stdout": "",
      "stderr": "error[E0425]: cannot find function `sum_of_divisors` in this scope\n --> /tmp/tmp6pu2i3_1.rs:5:17\n  |\n5 |         let a = sum_of_divisors(i);\n  |                 ^^^^^^^^^^^^^^^ not found in this scope\n\nerror[E0425]: cannot find function `sum_of_divisors` in this scope\n --> /tmp/tmp6pu2i3_1.rs:6:21\n  |\n6 |         if a > i && sum_of_divisors(a) == i {\n  |                     ^^^^^^^^^^^^^^^ not found in this scope\n\nerror: aborting due to 2 previous errors\n\nFor more information about this error, try `rustc --explain E0425`.\n",
      "exit_code": 1,
      "status": "SyntaxError"
    },
    {
      "program": "/// Write a function to sum all amicable numbers from 1 to a specified number.\nfn amicable_numbers_sum(limit: isize) -> isize {\n    let mut sum = 0;\n    for i in 1..limit {\n        let a = sum_divisors(i);\n        if a > i && sum_divisors(a) == i {\n            sum += a + i;\n        }\n    }\n    sum\n}\n\nfn main() {\n    let candidate = amicable_numbers_sum;\n    assert_eq!(candidate(999), 504);\n    assert_eq!(candidate(9999), 31626);\n    assert_eq!(candidate(99), 0);\n}\n",
      "timestamp": 1665517254,
      "stdout": "",
      "stderr": "error[E0425]: cannot find function `sum_divisors` in this scope\n --> /tmp/tmppyzpz4t5.rs:5:17\n  |\n5 |         let a = sum_divisors(i);\n  |                 ^^^^^^^^^^^^ not found in this scope\n\nerror[E0425]: cannot find function `sum_divisors` in this scope\n --> /tmp/tmppyzpz4t5.rs:6:21\n  |\n6 |         if a > i && sum_divisors(a) == i {\n  |                     ^^^^^^^^^^^^ not found in this scope\n\nerror: aborting due to 2 previous errors\n\nFor more information about this error, try `rustc --explain E0425`.\n",
      "exit_code": 1,
      "status": "SyntaxError"
    },
    {
      "program": "/// Write a function to sum all amicable numbers from 1 to a specified number.\nfn amicable_numbers_sum(limit: isize) -> isize {\n    let mut sum = 0;\n    for n in 1..limit {\n        let m = sum_of_divisors(n);\n        if n != m && sum_of_divisors(m) == n {\n            sum += n;\n        }\n    }\n    sum\n}\n\nfn main() {\n    let candidate = amicable_numbers_sum;\n    assert_eq!(candidate(999), 504);\n    assert_eq!(candidate(9999), 31626);\n    assert_eq!(candidate(99), 0);\n}\n",
      "timestamp": 1665517254,
      "stdout": "",
      "stderr": "error[E0425]: cannot find function `sum_of_divisors` in this scope\n --> /tmp/tmpftxevr1r.rs:5:17\n  |\n5 |         let m = sum_of_divisors(n);\n  |                 ^^^^^^^^^^^^^^^ not found in this scope\n\nerror[E0425]: cannot find function `sum_of_divisors` in this scope\n --> /tmp/tmpftxevr1r.rs:6:22\n  |\n6 |         if n != m && sum_of_divisors(m) == n {\n  |                      ^^^^^^^^^^^^^^^ not found in this scope\n\nerror: aborting due to 2 previous errors\n\nFor more information about this error, try `rustc --explain E0425`.\n",
      "exit_code": 1,
      "status": "SyntaxError"
    },
    {
      "program": "/// Write a function to sum all amicable numbers from 1 to a specified number.\nfn amicable_numbers_sum(limit: isize) -> isize {\n    let mut sum = 0;\n    for i in 1..limit {\n        let a = sum_proper_divisors(i);\n        if a > i && sum_proper_divisors(a) == i {\n            sum += i + a;\n        }\n    }\n    sum\n}\n\nfn main() {\n    let candidate = amicable_numbers_sum;\n    assert_eq!(candidate(999), 504);\n    assert_eq!(candidate(9999), 31626);\n    assert_eq!(candidate(99), 0);\n}\n",
      "timestamp": 1665517254,
      "stdout": "",
      "stderr": "error[E0425]: cannot find function `sum_proper_divisors` in this scope\n --> /tmp/tmpy8ne8g7e.rs:5:17\n  |\n5 |         let a = sum_proper_divisors(i);\n  |                 ^^^^^^^^^^^^^^^^^^^ not found in this scope\n\nerror[E0425]: cannot find function `sum_proper_divisors` in this scope\n --> /tmp/tmpy8ne8g7e.rs:6:21\n  |\n6 |         if a > i && sum_proper_divisors(a) == i {\n  |                     ^^^^^^^^^^^^^^^^^^^ not found in this scope\n\nerror: aborting due to 2 previous errors\n\nFor more information about this error, try `rustc --explain E0425`.\n",
      "exit_code": 1,
      "status": "SyntaxError"
    },
    {
      "program": "/// Write a function to sum all amicable numbers from 1 to a specified number.\nfn amicable_numbers_sum(limit: isize) -> isize {\n    let mut sum = 0;\n    for i in 1..limit {\n        let a = sum_of_divisors(i);\n        let b = sum_of_divisors(a);\n        if i == b && a != b {\n            sum += i;\n        }\n    }\n    sum\n}\n\nfn main() {\n    let candidate = amicable_numbers_sum;\n    assert_eq!(candidate(999), 504);\n    assert_eq!(candidate(9999), 31626);\n    assert_eq!(candidate(99), 0);\n}\n",
      "timestamp": 1665517254,
      "stdout": "",
      "stderr": "error[E0425]: cannot find function `sum_of_divisors` in this scope\n --> /tmp/tmpcky027nn.rs:5:17\n  |\n5 |         let a = sum_of_divisors(i);\n  |                 ^^^^^^^^^^^^^^^ not found in this scope\n\nerror[E0425]: cannot find function `sum_of_divisors` in this scope\n --> /tmp/tmpcky027nn.rs:6:17\n  |\n6 |         let b = sum_of_divisors(a);\n  |                 ^^^^^^^^^^^^^^^ not found in this scope\n\nerror: aborting due to 2 previous errors\n\nFor more information about this error, try `rustc --explain E0425`.\n",
      "exit_code": 1,
      "status": "SyntaxError"
    },
    {
      "program": "/// Write a function to sum all amicable numbers from 1 to a specified number.\nfn amicable_numbers_sum(limit: isize) -> isize {\n    let mut sum = 0;\n    for i in 1..limit {\n        let a = sum_divisors(i);\n        if a != i && sum_divisors(a) == i {\n            sum += i;\n        }\n    }\n    sum\n}\n\nfn main() {\n    let candidate = amicable_numbers_sum;\n    assert_eq!(candidate(999), 504);\n    assert_eq!(candidate(9999), 31626);\n    assert_eq!(candidate(99), 0);\n}\n",
      "timestamp": 1665517254,
      "stdout": "",
      "stderr": "error[E0425]: cannot find function `sum_divisors` in this scope\n --> /tmp/tmpbep1ngoq.rs:5:17\n  |\n5 |         let a = sum_divisors(i);\n  |                 ^^^^^^^^^^^^ not found in this scope\n\nerror[E0425]: cannot find function `sum_divisors` in this scope\n --> /tmp/tmpbep1ngoq.rs:6:22\n  |\n6 |         if a != i && sum_divisors(a) == i {\n  |                      ^^^^^^^^^^^^ not found in this scope\n\nerror: aborting due to 2 previous errors\n\nFor more information about this error, try `rustc --explain E0425`.\n",
      "exit_code": 1,
      "status": "SyntaxError"
    },
    {
      "program": "/// Write a function to sum all amicable numbers from 1 to a specified number.\nfn amicable_numbers_sum(limit: isize) -> isize {\n    let mut sum = 0;\n    for i in 1..limit {\n        let a = sum_divisors(i);\n        if a > i && sum_divisors(a) == i {\n            sum += i + a;\n        }\n    }\n    sum\n}\n\nfn main() {\n    let candidate = amicable_numbers_sum;\n    assert_eq!(candidate(999), 504);\n    assert_eq!(candidate(9999), 31626);\n    assert_eq!(candidate(99), 0);\n}\n",
      "timestamp": 1665517254,
      "stdout": "",
      "stderr": "error[E0425]: cannot find function `sum_divisors` in this scope\n --> /tmp/tmpcldzq3ke.rs:5:17\n  |\n5 |         let a = sum_divisors(i);\n  |                 ^^^^^^^^^^^^ not found in this scope\n\nerror[E0425]: cannot find function `sum_divisors` in this scope\n --> /tmp/tmpcldzq3ke.rs:6:21\n  |\n6 |         if a > i && sum_divisors(a) == i {\n  |                     ^^^^^^^^^^^^ not found in this scope\n\nerror: aborting due to 2 previous errors\n\nFor more information about this error, try `rustc --explain E0425`.\n",
      "exit_code": 1,
      "status": "SyntaxError"
    },
    {
      "program": "/// Write a function to sum all amicable numbers from 1 to a specified number.\nfn amicable_numbers_sum(limit: isize) -> isize {\n    let mut sum = 0;\n    for i in 1..limit {\n        let a = sum_of_divisors(i);\n        if a > i && sum_of_divisors(a) == i {\n            sum += i + a;\n        }\n    }\n    sum\n}\n\nfn main() {\n    let candidate = amicable_numbers_sum;\n    assert_eq!(candidate(999), 504);\n    assert_eq!(candidate(9999), 31626);\n    assert_eq!(candidate(99), 0);\n}\n",
      "timestamp": 1665517254,
      "stdout": "",
      "stderr": "error[E0425]: cannot find function `sum_of_divisors` in this scope\n --> /tmp/tmpbklirzsq.rs:5:17\n  |\n5 |         let a = sum_of_divisors(i);\n  |                 ^^^^^^^^^^^^^^^ not found in this scope\n\nerror[E0425]: cannot find function `sum_of_divisors` in this scope\n --> /tmp/tmpbklirzsq.rs:6:21\n  |\n6 |         if a > i && sum_of_divisors(a) == i {\n  |                     ^^^^^^^^^^^^^^^ not found in this scope\n\nerror: aborting due to 2 previous errors\n\nFor more information about this error, try `rustc --explain E0425`.\n",
      "exit_code": 1,
      "status": "SyntaxError"
    },
    {
      "program": "/// Write a function to sum all amicable numbers from 1 to a specified number.\nfn amicable_numbers_sum(limit: isize) -> isize {\n    let mut sum = 0;\n    for i in 1..limit {\n        let a = sum_proper_divisors(i);\n        if a != i && sum_proper_divisors(a) == i {\n            sum += i;\n        }\n    }\n    sum\n}\n\nfn main() {\n    let candidate = amicable_numbers_sum;\n    assert_eq!(candidate(999), 504);\n    assert_eq!(candidate(9999), 31626);\n    assert_eq!(candidate(99), 0);\n}\n",
      "timestamp": 1665517254,
      "stdout": "",
      "stderr": "error[E0425]: cannot find function `sum_proper_divisors` in this scope\n --> /tmp/tmp340n1vm4.rs:5:17\n  |\n5 |         let a = sum_proper_divisors(i);\n  |                 ^^^^^^^^^^^^^^^^^^^ not found in this scope\n\nerror[E0425]: cannot find function `sum_proper_divisors` in this scope\n --> /tmp/tmp340n1vm4.rs:6:22\n  |\n6 |         if a != i && sum_proper_divisors(a) == i {\n  |                      ^^^^^^^^^^^^^^^^^^^ not found in this scope\n\nerror: aborting due to 2 previous errors\n\nFor more information about this error, try `rustc --explain E0425`.\n",
      "exit_code": 1,
      "status": "SyntaxError"
    },
    {
      "program": "/// Write a function to sum all amicable numbers from 1 to a specified number.\nfn amicable_numbers_sum(limit: isize) -> isize {\n    let mut sum = 0;\n    for i in 1..limit {\n        let a = sum_of_divisors(i);\n        if a > i && sum_of_divisors(a) == i {\n            sum += i + a;\n        }\n    }\n    sum\n}\n\nfn main() {\n    let candidate = amicable_numbers_sum;\n    assert_eq!(candidate(999), 504);\n    assert_eq!(candidate(9999), 31626);\n    assert_eq!(candidate(99), 0);\n}\n",
      "timestamp": 1665517254,
      "stdout": "",
      "stderr": "error[E0425]: cannot find function `sum_of_divisors` in this scope\n --> /tmp/tmpbklirzsq.rs:5:17\n  |\n5 |         let a = sum_of_divisors(i);\n  |                 ^^^^^^^^^^^^^^^ not found in this scope\n\nerror[E0425]: cannot find function `sum_of_divisors` in this scope\n --> /tmp/tmpbklirzsq.rs:6:21\n  |\n6 |         if a > i && sum_of_divisors(a) == i {\n  |                     ^^^^^^^^^^^^^^^ not found in this scope\n\nerror: aborting due to 2 previous errors\n\nFor more information about this error, try `rustc --explain E0425`.\n",
      "exit_code": 1,
      "status": "SyntaxError"
    },
    {
      "program": "/// Write a function to sum all amicable numbers from 1 to a specified number.\nfn amicable_numbers_sum(limit: isize) -> isize {\n    let mut sum = 0;\n    for i in 1..limit {\n        let a = sum_of_divisors(i);\n        if a > i && sum_of_divisors(a) == i {\n            sum += i + a;\n        }\n    }\n    sum\n}\n\nfn main() {\n    let candidate = amicable_numbers_sum;\n    assert_eq!(candidate(999), 504);\n    assert_eq!(candidate(9999), 31626);\n    assert_eq!(candidate(99), 0);\n}\n",
      "timestamp": 1665517254,
      "stdout": "",
      "stderr": "error[E0425]: cannot find function `sum_of_divisors` in this scope\n --> /tmp/tmpbklirzsq.rs:5:17\n  |\n5 |         let a = sum_of_divisors(i);\n  |                 ^^^^^^^^^^^^^^^ not found in this scope\n\nerror[E0425]: cannot find function `sum_of_divisors` in this scope\n --> /tmp/tmpbklirzsq.rs:6:21\n  |\n6 |         if a > i && sum_of_divisors(a) == i {\n  |                     ^^^^^^^^^^^^^^^ not found in this scope\n\nerror: aborting due to 2 previous errors\n\nFor more information about this error, try `rustc --explain E0425`.\n",
      "exit_code": 1,
      "status": "SyntaxError"
    },
    {
      "program": "/// Write a function to sum all amicable numbers from 1 to a specified number.\nfn amicable_numbers_sum(limit: isize) -> isize {\n    let mut sum = 0;\n    for i in 1..limit {\n        let a = sum_of_divisors(i);\n        if a > i && sum_of_divisors(a) == i {\n            sum += i + a;\n        }\n    }\n    sum\n}\n\nfn main() {\n    let candidate = amicable_numbers_sum;\n    assert_eq!(candidate(999), 504);\n    assert_eq!(candidate(9999), 31626);\n    assert_eq!(candidate(99), 0);\n}\n",
      "timestamp": 1665517254,
      "stdout": "",
      "stderr": "error[E0425]: cannot find function `sum_of_divisors` in this scope\n --> /tmp/tmpbklirzsq.rs:5:17\n  |\n5 |         let a = sum_of_divisors(i);\n  |                 ^^^^^^^^^^^^^^^ not found in this scope\n\nerror[E0425]: cannot find function `sum_of_divisors` in this scope\n --> /tmp/tmpbklirzsq.rs:6:21\n  |\n6 |         if a > i && sum_of_divisors(a) == i {\n  |                     ^^^^^^^^^^^^^^^ not found in this scope\n\nerror: aborting due to 2 previous errors\n\nFor more information about this error, try `rustc --explain E0425`.\n",
      "exit_code": 1,
      "status": "SyntaxError"
    },
    {
      "program": "/// Write a function to sum all amicable numbers from 1 to a specified number.\nfn amicable_numbers_sum(limit: isize) -> isize {\n    let mut sum = 0;\n    for i in 1..limit {\n        let a = sum_divisors(i);\n        if a > i && sum_divisors(a) == i {\n            sum += a + i;\n        }\n    }\n    sum\n}\n\nfn main() {\n    let candidate = amicable_numbers_sum;\n    assert_eq!(candidate(999), 504);\n    assert_eq!(candidate(9999), 31626);\n    assert_eq!(candidate(99), 0);\n}\n",
      "timestamp": 1665517254,
      "stdout": "",
      "stderr": "error[E0425]: cannot find function `sum_divisors` in this scope\n --> /tmp/tmppyzpz4t5.rs:5:17\n  |\n5 |         let a = sum_divisors(i);\n  |                 ^^^^^^^^^^^^ not found in this scope\n\nerror[E0425]: cannot find function `sum_divisors` in this scope\n --> /tmp/tmppyzpz4t5.rs:6:21\n  |\n6 |         if a > i && sum_divisors(a) == i {\n  |                     ^^^^^^^^^^^^ not found in this scope\n\nerror: aborting due to 2 previous errors\n\nFor more information about this error, try `rustc --explain E0425`.\n",
      "exit_code": 1,
      "status": "SyntaxError"
    },
    {
      "program": "/// Write a function to sum all amicable numbers from 1 to a specified number.\nfn amicable_numbers_sum(limit: isize) -> isize {\n    let mut sum = 0;\n    for i in 1..limit {\n        let divisors_sum = divisors_sum(i);\n        if divisors_sum > i && divisors_sum < limit && divisors_sum == divisors_sum(divisors_sum) {\n            sum += i;\n        }\n    }\n    sum\n}\n\nfn main() {\n    let candidate = amicable_numbers_sum;\n    assert_eq!(candidate(999), 504);\n    assert_eq!(candidate(9999), 31626);\n    assert_eq!(candidate(99), 0);\n}\n",
      "timestamp": 1665517254,
      "stdout": "",
      "stderr": "error[E0425]: cannot find function `divisors_sum` in this scope\n --> /tmp/tmpu7fnb8b1.rs:5:28\n  |\n5 |         let divisors_sum = divisors_sum(i);\n  |                            ^^^^^^^^^^^^ not found in this scope\n\nerror: aborting due to previous error\n\nFor more information about this error, try `rustc --explain E0425`.\n",
      "exit_code": 1,
      "status": "SyntaxError"
    },
    {
      "program": "/// Write a function to sum all amicable numbers from 1 to a specified number.\nfn amicable_numbers_sum(limit: isize) -> isize {\n    let mut sum = 0;\n    for i in 1..limit {\n        let a = sum_divisors(i);\n        if a > i && sum_divisors(a) == i {\n            sum += a + i;\n        }\n    }\n    sum\n}\n\nfn main() {\n    let candidate = amicable_numbers_sum;\n    assert_eq!(candidate(999), 504);\n    assert_eq!(candidate(9999), 31626);\n    assert_eq!(candidate(99), 0);\n}\n",
      "timestamp": 1665517254,
      "stdout": "",
      "stderr": "error[E0425]: cannot find function `sum_divisors` in this scope\n --> /tmp/tmppyzpz4t5.rs:5:17\n  |\n5 |         let a = sum_divisors(i);\n  |                 ^^^^^^^^^^^^ not found in this scope\n\nerror[E0425]: cannot find function `sum_divisors` in this scope\n --> /tmp/tmppyzpz4t5.rs:6:21\n  |\n6 |         if a > i && sum_divisors(a) == i {\n  |                     ^^^^^^^^^^^^ not found in this scope\n\nerror: aborting due to 2 previous errors\n\nFor more information about this error, try `rustc --explain E0425`.\n",
      "exit_code": 1,
      "status": "SyntaxError"
    },
    {
      "program": "/// Write a function to sum all amicable numbers from 1 to a specified number.\nfn amicable_numbers_sum(limit: isize) -> isize {\n    let mut sum = 0;\n    for i in 1..limit {\n        let j = sum_divisors(i);\n        if i != j && sum_divisors(j) == i {\n            sum += i;\n        }\n    }\n    sum\n}\n\nfn main() {\n    let candidate = amicable_numbers_sum;\n    assert_eq!(candidate(999), 504);\n    assert_eq!(candidate(9999), 31626);\n    assert_eq!(candidate(99), 0);\n}\n",
      "timestamp": 1665517254,
      "stdout": "",
      "stderr": "error[E0425]: cannot find function `sum_divisors` in this scope\n --> /tmp/tmp6_qph7wc.rs:5:17\n  |\n5 |         let j = sum_divisors(i);\n  |                 ^^^^^^^^^^^^ not found in this scope\n\nerror[E0425]: cannot find function `sum_divisors` in this scope\n --> /tmp/tmp6_qph7wc.rs:6:22\n  |\n6 |         if i != j && sum_divisors(j) == i {\n  |                      ^^^^^^^^^^^^ not found in this scope\n\nerror: aborting due to 2 previous errors\n\nFor more information about this error, try `rustc --explain E0425`.\n",
      "exit_code": 1,
      "status": "SyntaxError"
    },
    {
      "program": "/// Write a function to sum all amicable numbers from 1 to a specified number.\nfn amicable_numbers_sum(limit: isize) -> isize {\n    let mut sum = 0;\n    for i in 1..limit {\n        let a = sum_of_divisors(i);\n        if a > i && sum_of_divisors(a) == i {\n            sum += i + a;\n        }\n    }\n    sum\n}\n\nfn main() {\n    let candidate = amicable_numbers_sum;\n    assert_eq!(candidate(999), 504);\n    assert_eq!(candidate(9999), 31626);\n    assert_eq!(candidate(99), 0);\n}\n",
      "timestamp": 1665517254,
      "stdout": "",
      "stderr": "error[E0425]: cannot find function `sum_of_divisors` in this scope\n --> /tmp/tmpbklirzsq.rs:5:17\n  |\n5 |         let a = sum_of_divisors(i);\n  |                 ^^^^^^^^^^^^^^^ not found in this scope\n\nerror[E0425]: cannot find function `sum_of_divisors` in this scope\n --> /tmp/tmpbklirzsq.rs:6:21\n  |\n6 |         if a > i && sum_of_divisors(a) == i {\n  |                     ^^^^^^^^^^^^^^^ not found in this scope\n\nerror: aborting due to 2 previous errors\n\nFor more information about this error, try `rustc --explain E0425`.\n",
      "exit_code": 1,
      "status": "SyntaxError"
    },
    {
      "program": "/// Write a function to sum all amicable numbers from 1 to a specified number.\nfn amicable_numbers_sum(limit: isize) -> isize {\n    let mut sum = 0;\n    for i in 1..limit {\n        let a = sum_of_divisors(i);\n        if a > i && sum_of_divisors(a) == i {\n            sum += i + a;\n        }\n    }\n    sum\n}\n\nfn main() {\n    let candidate = amicable_numbers_sum;\n    assert_eq!(candidate(999), 504);\n    assert_eq!(candidate(9999), 31626);\n    assert_eq!(candidate(99), 0);\n}\n",
      "timestamp": 1665517254,
      "stdout": "",
      "stderr": "error[E0425]: cannot find function `sum_of_divisors` in this scope\n --> /tmp/tmpbklirzsq.rs:5:17\n  |\n5 |         let a = sum_of_divisors(i);\n  |                 ^^^^^^^^^^^^^^^ not found in this scope\n\nerror[E0425]: cannot find function `sum_of_divisors` in this scope\n --> /tmp/tmpbklirzsq.rs:6:21\n  |\n6 |         if a > i && sum_of_divisors(a) == i {\n  |                     ^^^^^^^^^^^^^^^ not found in this scope\n\nerror: aborting due to 2 previous errors\n\nFor more information about this error, try `rustc --explain E0425`.\n",
      "exit_code": 1,
      "status": "SyntaxError"
    },
    {
      "program": "/// Write a function to sum all amicable numbers from 1 to a specified number.\nfn amicable_numbers_sum(limit: isize) -> isize {\n    let mut sum = 0;\n    for i in 1..limit {\n        let a = sum_of_divisors(i);\n        if a > i && sum_of_divisors(a) == i {\n            sum += i + a;\n        }\n    }\n    sum\n}\n\nfn main() {\n    let candidate = amicable_numbers_sum;\n    assert_eq!(candidate(999), 504);\n    assert_eq!(candidate(9999), 31626);\n    assert_eq!(candidate(99), 0);\n}\n",
      "timestamp": 1665517254,
      "stdout": "",
      "stderr": "error[E0425]: cannot find function `sum_of_divisors` in this scope\n --> /tmp/tmpbklirzsq.rs:5:17\n  |\n5 |         let a = sum_of_divisors(i);\n  |                 ^^^^^^^^^^^^^^^ not found in this scope\n\nerror[E0425]: cannot find function `sum_of_divisors` in this scope\n --> /tmp/tmpbklirzsq.rs:6:21\n  |\n6 |         if a > i && sum_of_divisors(a) == i {\n  |                     ^^^^^^^^^^^^^^^ not found in this scope\n\nerror: aborting due to 2 previous errors\n\nFor more information about this error, try `rustc --explain E0425`.\n",
      "exit_code": 1,
      "status": "SyntaxError"
    },
    {
      "program": "/// Write a function to sum all amicable numbers from 1 to a specified number.\nfn amicable_numbers_sum(limit: isize) -> isize {\n    let mut sum = 0;\n    for i in 1..limit {\n        let a = sum_of_divisors(i);\n        if a != i && sum_of_divisors(a) == i {\n            sum += i;\n        }\n    }\n    sum\n}\n\nfn main() {\n    let candidate = amicable_numbers_sum;\n    assert_eq!(candidate(999), 504);\n    assert_eq!(candidate(9999), 31626);\n    assert_eq!(candidate(99), 0);\n}\n",
      "timestamp": 1665517254,
      "stdout": "",
      "stderr": "error[E0425]: cannot find function `sum_of_divisors` in this scope\n --> /tmp/tmpbkukonmr.rs:5:17\n  |\n5 |         let a = sum_of_divisors(i);\n  |                 ^^^^^^^^^^^^^^^ not found in this scope\n\nerror[E0425]: cannot find function `sum_of_divisors` in this scope\n --> /tmp/tmpbkukonmr.rs:6:22\n  |\n6 |         if a != i && sum_of_divisors(a) == i {\n  |                      ^^^^^^^^^^^^^^^ not found in this scope\n\nerror: aborting due to 2 previous errors\n\nFor more information about this error, try `rustc --explain E0425`.\n",
      "exit_code": 1,
      "status": "SyntaxError"
    },
    {
      "program": "/// Write a function to sum all amicable numbers from 1 to a specified number.\nfn amicable_numbers_sum(limit: isize) -> isize {\n    let mut sum = 0;\n    for i in 1..limit {\n        let a = sum_divisors(i);\n        if a > i && sum_divisors(a) == i {\n            sum += i + a;\n        }\n    }\n    sum\n}\n\nfn main() {\n    let candidate = amicable_numbers_sum;\n    assert_eq!(candidate(999), 504);\n    assert_eq!(candidate(9999), 31626);\n    assert_eq!(candidate(99), 0);\n}\n",
      "timestamp": 1665517254,
      "stdout": "",
      "stderr": "error[E0425]: cannot find function `sum_divisors` in this scope\n --> /tmp/tmpcldzq3ke.rs:5:17\n  |\n5 |         let a = sum_divisors(i);\n  |                 ^^^^^^^^^^^^ not found in this scope\n\nerror[E0425]: cannot find function `sum_divisors` in this scope\n --> /tmp/tmpcldzq3ke.rs:6:21\n  |\n6 |         if a > i && sum_divisors(a) == i {\n  |                     ^^^^^^^^^^^^ not found in this scope\n\nerror: aborting due to 2 previous errors\n\nFor more information about this error, try `rustc --explain E0425`.\n",
      "exit_code": 1,
      "status": "SyntaxError"
    },
    {
      "program": "/// Write a function to sum all amicable numbers from 1 to a specified number.\nfn amicable_numbers_sum(limit: isize) -> isize {\n    let mut sum = 0;\n    for i in 1..limit {\n        let a = sum_proper_divisors(i);\n        let b = sum_proper_divisors(a);\n        if i == b && i != a {\n            sum += i;\n        }\n    }\n    sum\n}\n\nfn main() {\n    let candidate = amicable_numbers_sum;\n    assert_eq!(candidate(999), 504);\n    assert_eq!(candidate(9999), 31626);\n    assert_eq!(candidate(99), 0);\n}\n",
      "timestamp": 1665517254,
      "stdout": "",
      "stderr": "error[E0425]: cannot find function `sum_proper_divisors` in this scope\n --> /tmp/tmp64uga_pc.rs:5:17\n  |\n5 |         let a = sum_proper_divisors(i);\n  |                 ^^^^^^^^^^^^^^^^^^^ not found in this scope\n\nerror[E0425]: cannot find function `sum_proper_divisors` in this scope\n --> /tmp/tmp64uga_pc.rs:6:17\n  |\n6 |         let b = sum_proper_divisors(a);\n  |                 ^^^^^^^^^^^^^^^^^^^ not found in this scope\n\nerror: aborting due to 2 previous errors\n\nFor more information about this error, try `rustc --explain E0425`.\n",
      "exit_code": 1,
      "status": "SyntaxError"
    },
    {
      "program": "/// Write a function to sum all amicable numbers from 1 to a specified number.\nfn amicable_numbers_sum(limit: isize) -> isize {\n    let mut sum = 0;\n    for i in 1..limit {\n        let a = sum_of_divisors(i);\n        let b = sum_of_divisors(a);\n        if i == b && a != b {\n            sum += i;\n        }\n    }\n    sum\n}\n\nfn main() {\n    let candidate = amicable_numbers_sum;\n    assert_eq!(candidate(999), 504);\n    assert_eq!(candidate(9999), 31626);\n    assert_eq!(candidate(99), 0);\n}\n",
      "timestamp": 1665517254,
      "stdout": "",
      "stderr": "error[E0425]: cannot find function `sum_of_divisors` in this scope\n --> /tmp/tmpcky027nn.rs:5:17\n  |\n5 |         let a = sum_of_divisors(i);\n  |                 ^^^^^^^^^^^^^^^ not found in this scope\n\nerror[E0425]: cannot find function `sum_of_divisors` in this scope\n --> /tmp/tmpcky027nn.rs:6:17\n  |\n6 |         let b = sum_of_divisors(a);\n  |                 ^^^^^^^^^^^^^^^ not found in this scope\n\nerror: aborting due to 2 previous errors\n\nFor more information about this error, try `rustc --explain E0425`.\n",
      "exit_code": 1,
      "status": "SyntaxError"
    },
    {
      "program": "/// Write a function to sum all amicable numbers from 1 to a specified number.\nfn amicable_numbers_sum(limit: isize) -> isize {\n    let mut sum = 0;\n    for i in 1..limit {\n        let a = sum_proper_divisors(i);\n        if a != i && sum_proper_divisors(a) == i {\n            sum += i;\n        }\n    }\n    sum\n}\n\nfn main() {\n    let candidate = amicable_numbers_sum;\n    assert_eq!(candidate(999), 504);\n    assert_eq!(candidate(9999), 31626);\n    assert_eq!(candidate(99), 0);\n}\n",
      "timestamp": 1665517254,
      "stdout": "",
      "stderr": "error[E0425]: cannot find function `sum_proper_divisors` in this scope\n --> /tmp/tmp340n1vm4.rs:5:17\n  |\n5 |         let a = sum_proper_divisors(i);\n  |                 ^^^^^^^^^^^^^^^^^^^ not found in this scope\n\nerror[E0425]: cannot find function `sum_proper_divisors` in this scope\n --> /tmp/tmp340n1vm4.rs:6:22\n  |\n6 |         if a != i && sum_proper_divisors(a) == i {\n  |                      ^^^^^^^^^^^^^^^^^^^ not found in this scope\n\nerror: aborting due to 2 previous errors\n\nFor more information about this error, try `rustc --explain E0425`.\n",
      "exit_code": 1,
      "status": "SyntaxError"
    },
    {
      "program": "/// Write a function to sum all amicable numbers from 1 to a specified number.\nfn amicable_numbers_sum(limit: isize) -> isize {\n    let mut sum = 0;\n    for i in 1..limit {\n        let a = sum_divisors(i);\n        if a > i && sum_divisors(a) == i {\n            sum += i + a;\n        }\n    }\n    sum\n}\n\nfn main() {\n    let candidate = amicable_numbers_sum;\n    assert_eq!(candidate(999), 504);\n    assert_eq!(candidate(9999), 31626);\n    assert_eq!(candidate(99), 0);\n}\n",
      "timestamp": 1665517254,
      "stdout": "",
      "stderr": "error[E0425]: cannot find function `sum_divisors` in this scope\n --> /tmp/tmpcldzq3ke.rs:5:17\n  |\n5 |         let a = sum_divisors(i);\n  |                 ^^^^^^^^^^^^ not found in this scope\n\nerror[E0425]: cannot find function `sum_divisors` in this scope\n --> /tmp/tmpcldzq3ke.rs:6:21\n  |\n6 |         if a > i && sum_divisors(a) == i {\n  |                     ^^^^^^^^^^^^ not found in this scope\n\nerror: aborting due to 2 previous errors\n\nFor more information about this error, try `rustc --explain E0425`.\n",
      "exit_code": 1,
      "status": "SyntaxError"
    },
    {
      "program": "/// Write a function to sum all amicable numbers from 1 to a specified number.\nfn amicable_numbers_sum(limit: isize) -> isize {\n    let mut sum = 0;\n    for i in 1..limit {\n        let a = sum_divisors(i);\n        if a == i {\n            continue;\n        }\n        if sum_divisors(a) == i {\n            sum += i;\n        }\n    }\n    sum\n}\n\nfn main() {\n    let candidate = amicable_numbers_sum;\n    assert_eq!(candidate(999), 504);\n    assert_eq!(candidate(9999), 31626);\n    assert_eq!(candidate(99), 0);\n}\n",
      "timestamp": 1666122694,
      "stdout": "",
      "stderr": "error[E0425]: cannot find function `sum_divisors` in this scope\n --> /tmp/tmp2ecp07rw.rs:5:17\n  |\n5 |         let a = sum_divisors(i);\n  |                 ^^^^^^^^^^^^ not found in this scope\n\nerror[E0425]: cannot find function `sum_divisors` in this scope\n --> /tmp/tmp2ecp07rw.rs:9:12\n  |\n9 |         if sum_divisors(a) == i {\n  |            ^^^^^^^^^^^^ not found in this scope\n\nerror: aborting due to 2 previous errors\n\nFor more information about this error, try `rustc --explain E0425`.\n",
      "exit_code": 1,
      "status": "SyntaxError"
    },
    {
      "program": "/// Write a function to sum all amicable numbers from 1 to a specified number.\nfn amicable_numbers_sum(limit: isize) -> isize {\n    let mut sum = 0;\n    for i in 1..limit {\n        let a = sum_divisors(i);\n        if a > i && sum_divisors(a) == i {\n            sum += i + a;\n        }\n    }\n    sum\n}\n\nfn main() {\n    let candidate = amicable_numbers_sum;\n    assert_eq!(candidate(999), 504);\n    assert_eq!(candidate(9999), 31626);\n    assert_eq!(candidate(99), 0);\n}\n",
      "timestamp": 1665517254,
      "stdout": "",
      "stderr": "error[E0425]: cannot find function `sum_divisors` in this scope\n --> /tmp/tmpcldzq3ke.rs:5:17\n  |\n5 |         let a = sum_divisors(i);\n  |                 ^^^^^^^^^^^^ not found in this scope\n\nerror[E0425]: cannot find function `sum_divisors` in this scope\n --> /tmp/tmpcldzq3ke.rs:6:21\n  |\n6 |         if a > i && sum_divisors(a) == i {\n  |                     ^^^^^^^^^^^^ not found in this scope\n\nerror: aborting due to 2 previous errors\n\nFor more information about this error, try `rustc --explain E0425`.\n",
      "exit_code": 1,
      "status": "SyntaxError"
    },
    {
      "program": "/// Write a function to sum all amicable numbers from 1 to a specified number.\nfn amicable_numbers_sum(limit: isize) -> isize {\n    let mut sum = 0;\n    for i in 1..limit {\n        let a = sum_of_divisors(i);\n        let b = sum_of_divisors(a);\n        if i == b && i != a {\n            sum += i;\n        }\n    }\n    sum\n}\n\nfn main() {\n    let candidate = amicable_numbers_sum;\n    assert_eq!(candidate(999), 504);\n    assert_eq!(candidate(9999), 31626);\n    assert_eq!(candidate(99), 0);\n}\n",
      "timestamp": 1665517254,
      "stdout": "",
      "stderr": "error[E0425]: cannot find function `sum_of_divisors` in this scope\n --> /tmp/tmpfwi6hjuj.rs:5:17\n  |\n5 |         let a = sum_of_divisors(i);\n  |                 ^^^^^^^^^^^^^^^ not found in this scope\n\nerror[E0425]: cannot find function `sum_of_divisors` in this scope\n --> /tmp/tmpfwi6hjuj.rs:6:17\n  |\n6 |         let b = sum_of_divisors(a);\n  |                 ^^^^^^^^^^^^^^^ not found in this scope\n\nerror: aborting due to 2 previous errors\n\nFor more information about this error, try `rustc --explain E0425`.\n",
      "exit_code": 1,
      "status": "SyntaxError"
    },
    {
      "program": "/// Write a function to sum all amicable numbers from 1 to a specified number.\nfn amicable_numbers_sum(limit: isize) -> isize {\n    let mut sum = 0;\n    for i in 1..limit {\n        let a = sum_of_divisors(i);\n        if a != i && sum_of_divisors(a) == i {\n            sum += i;\n        }\n    }\n    sum\n}\n\nfn main() {\n    let candidate = amicable_numbers_sum;\n    assert_eq!(candidate(999), 504);\n    assert_eq!(candidate(9999), 31626);\n    assert_eq!(candidate(99), 0);\n}\n",
      "timestamp": 1665517254,
      "stdout": "",
      "stderr": "error[E0425]: cannot find function `sum_of_divisors` in this scope\n --> /tmp/tmpbkukonmr.rs:5:17\n  |\n5 |         let a = sum_of_divisors(i);\n  |                 ^^^^^^^^^^^^^^^ not found in this scope\n\nerror[E0425]: cannot find function `sum_of_divisors` in this scope\n --> /tmp/tmpbkukonmr.rs:6:22\n  |\n6 |         if a != i && sum_of_divisors(a) == i {\n  |                      ^^^^^^^^^^^^^^^ not found in this scope\n\nerror: aborting due to 2 previous errors\n\nFor more information about this error, try `rustc --explain E0425`.\n",
      "exit_code": 1,
      "status": "SyntaxError"
    },
    {
      "program": "/// Write a function to sum all amicable numbers from 1 to a specified number.\nfn amicable_numbers_sum(limit: isize) -> isize {\n    let mut sum = 0;\n    for i in 1..limit {\n        let a = sum_divisors(i);\n        if a != i && sum_divisors(a) == i {\n            sum += i;\n        }\n    }\n    sum\n}\n\nfn main() {\n    let candidate = amicable_numbers_sum;\n    assert_eq!(candidate(999), 504);\n    assert_eq!(candidate(9999), 31626);\n    assert_eq!(candidate(99), 0);\n}\n",
      "timestamp": 1665517254,
      "stdout": "",
      "stderr": "error[E0425]: cannot find function `sum_divisors` in this scope\n --> /tmp/tmpbep1ngoq.rs:5:17\n  |\n5 |         let a = sum_divisors(i);\n  |                 ^^^^^^^^^^^^ not found in this scope\n\nerror[E0425]: cannot find function `sum_divisors` in this scope\n --> /tmp/tmpbep1ngoq.rs:6:22\n  |\n6 |         if a != i && sum_divisors(a) == i {\n  |                      ^^^^^^^^^^^^ not found in this scope\n\nerror: aborting due to 2 previous errors\n\nFor more information about this error, try `rustc --explain E0425`.\n",
      "exit_code": 1,
      "status": "SyntaxError"
    },
    {
      "program": "/// Write a function to sum all amicable numbers from 1 to a specified number.\nfn amicable_numbers_sum(limit: isize) -> isize {\n    let mut sum = 0;\n    for i in 1..limit {\n        let j = sum_divisors(i);\n        if i != j && sum_divisors(j) == i {\n            sum += i;\n        }\n    }\n    sum\n}\n\nfn main() {\n    let candidate = amicable_numbers_sum;\n    assert_eq!(candidate(999), 504);\n    assert_eq!(candidate(9999), 31626);\n    assert_eq!(candidate(99), 0);\n}\n",
      "timestamp": 1665517254,
      "stdout": "",
      "stderr": "error[E0425]: cannot find function `sum_divisors` in this scope\n --> /tmp/tmp6_qph7wc.rs:5:17\n  |\n5 |         let j = sum_divisors(i);\n  |                 ^^^^^^^^^^^^ not found in this scope\n\nerror[E0425]: cannot find function `sum_divisors` in this scope\n --> /tmp/tmp6_qph7wc.rs:6:22\n  |\n6 |         if i != j && sum_divisors(j) == i {\n  |                      ^^^^^^^^^^^^ not found in this scope\n\nerror: aborting due to 2 previous errors\n\nFor more information about this error, try `rustc --explain E0425`.\n",
      "exit_code": 1,
      "status": "SyntaxError"
    },
    {
      "program": "/// Write a function to sum all amicable numbers from 1 to a specified number.\nfn amicable_numbers_sum(limit: isize) -> isize {\n    let mut sum = 0;\n    for i in 1..limit {\n        let a = sum_divisors(i);\n        if a > i && sum_divisors(a) == i {\n            sum += i + a;\n        }\n    }\n    sum\n}\n\nfn main() {\n    let candidate = amicable_numbers_sum;\n    assert_eq!(candidate(999), 504);\n    assert_eq!(candidate(9999), 31626);\n    assert_eq!(candidate(99), 0);\n}\n",
      "timestamp": 1665517254,
      "stdout": "",
      "stderr": "error[E0425]: cannot find function `sum_divisors` in this scope\n --> /tmp/tmpcldzq3ke.rs:5:17\n  |\n5 |         let a = sum_divisors(i);\n  |                 ^^^^^^^^^^^^ not found in this scope\n\nerror[E0425]: cannot find function `sum_divisors` in this scope\n --> /tmp/tmpcldzq3ke.rs:6:21\n  |\n6 |         if a > i && sum_divisors(a) == i {\n  |                     ^^^^^^^^^^^^ not found in this scope\n\nerror: aborting due to 2 previous errors\n\nFor more information about this error, try `rustc --explain E0425`.\n",
      "exit_code": 1,
      "status": "SyntaxError"
    },
    {
      "program": "/// Write a function to sum all amicable numbers from 1 to a specified number.\nfn amicable_numbers_sum(limit: isize) -> isize {\n    let mut sum = 0;\n    for i in 1..limit {\n        let a = sum_divisors(i);\n        if a > i && sum_divisors(a) == i {\n            sum += i + a;\n        }\n    }\n    sum\n}\n\nfn main() {\n    let candidate = amicable_numbers_sum;\n    assert_eq!(candidate(999), 504);\n    assert_eq!(candidate(9999), 31626);\n    assert_eq!(candidate(99), 0);\n}\n",
      "timestamp": 1665517254,
      "stdout": "",
      "stderr": "error[E0425]: cannot find function `sum_divisors` in this scope\n --> /tmp/tmpcldzq3ke.rs:5:17\n  |\n5 |         let a = sum_divisors(i);\n  |                 ^^^^^^^^^^^^ not found in this scope\n\nerror[E0425]: cannot find function `sum_divisors` in this scope\n --> /tmp/tmpcldzq3ke.rs:6:21\n  |\n6 |         if a > i && sum_divisors(a) == i {\n  |                     ^^^^^^^^^^^^ not found in this scope\n\nerror: aborting due to 2 previous errors\n\nFor more information about this error, try `rustc --explain E0425`.\n",
      "exit_code": 1,
      "status": "SyntaxError"
    },
    {
      "program": "/// Write a function to sum all amicable numbers from 1 to a specified number.\nfn amicable_numbers_sum(limit: isize) -> isize {\n    let mut sum = 0;\n    for i in 1..limit {\n        let a = sum_proper_divisors(i);\n        if a > i && sum_proper_divisors(a) == i {\n            sum += i + a;\n        }\n    }\n    sum\n}\n\nfn main() {\n    let candidate = amicable_numbers_sum;\n    assert_eq!(candidate(999), 504);\n    assert_eq!(candidate(9999), 31626);\n    assert_eq!(candidate(99), 0);\n}\n",
      "timestamp": 1665517254,
      "stdout": "",
      "stderr": "error[E0425]: cannot find function `sum_proper_divisors` in this scope\n --> /tmp/tmpy8ne8g7e.rs:5:17\n  |\n5 |         let a = sum_proper_divisors(i);\n  |                 ^^^^^^^^^^^^^^^^^^^ not found in this scope\n\nerror[E0425]: cannot find function `sum_proper_divisors` in this scope\n --> /tmp/tmpy8ne8g7e.rs:6:21\n  |\n6 |         if a > i && sum_proper_divisors(a) == i {\n  |                     ^^^^^^^^^^^^^^^^^^^ not found in this scope\n\nerror: aborting due to 2 previous errors\n\nFor more information about this error, try `rustc --explain E0425`.\n",
      "exit_code": 1,
      "status": "SyntaxError"
    },
    {
      "program": "/// Write a function to sum all amicable numbers from 1 to a specified number.\nfn amicable_numbers_sum(limit: isize) -> isize {\n    let mut sum = 0;\n    for i in 1..limit {\n        let a = sum_proper_divisors(i);\n        let b = sum_proper_divisors(a);\n        if i == b && i != a {\n            sum += i;\n        }\n    }\n    sum\n}\n\nfn main() {\n    let candidate = amicable_numbers_sum;\n    assert_eq!(candidate(999), 504);\n    assert_eq!(candidate(9999), 31626);\n    assert_eq!(candidate(99), 0);\n}\n",
      "timestamp": 1665517254,
      "stdout": "",
      "stderr": "error[E0425]: cannot find function `sum_proper_divisors` in this scope\n --> /tmp/tmp64uga_pc.rs:5:17\n  |\n5 |         let a = sum_proper_divisors(i);\n  |                 ^^^^^^^^^^^^^^^^^^^ not found in this scope\n\nerror[E0425]: cannot find function `sum_proper_divisors` in this scope\n --> /tmp/tmp64uga_pc.rs:6:17\n  |\n6 |         let b = sum_proper_divisors(a);\n  |                 ^^^^^^^^^^^^^^^^^^^ not found in this scope\n\nerror: aborting due to 2 previous errors\n\nFor more information about this error, try `rustc --explain E0425`.\n",
      "exit_code": 1,
      "status": "SyntaxError"
    },
    {
      "program": "/// Write a function to sum all amicable numbers from 1 to a specified number.\nfn amicable_numbers_sum(limit: isize) -> isize {\n    let mut sum = 0;\n    for i in 1..limit {\n        let a = sum_of_proper_divisors(i);\n        if a != i && sum_of_proper_divisors(a) == i {\n            sum += i;\n        }\n    }\n    sum\n}\n\nfn main() {\n    let candidate = amicable_numbers_sum;\n    assert_eq!(candidate(999), 504);\n    assert_eq!(candidate(9999), 31626);\n    assert_eq!(candidate(99), 0);\n}\n",
      "timestamp": 1666122693,
      "stdout": "",
      "stderr": "error[E0425]: cannot find function `sum_of_proper_divisors` in this scope\n --> /tmp/tmpykw08k5y.rs:5:17\n  |\n5 |         let a = sum_of_proper_divisors(i);\n  |                 ^^^^^^^^^^^^^^^^^^^^^^ not found in this scope\n\nerror[E0425]: cannot find function `sum_of_proper_divisors` in this scope\n --> /tmp/tmpykw08k5y.rs:6:22\n  |\n6 |         if a != i && sum_of_proper_divisors(a) == i {\n  |                      ^^^^^^^^^^^^^^^^^^^^^^ not found in this scope\n\nerror: aborting due to 2 previous errors\n\nFor more information about this error, try `rustc --explain E0425`.\n",
      "exit_code": 1,
      "status": "SyntaxError"
    },
    {
      "program": "/// Write a function to sum all amicable numbers from 1 to a specified number.\nfn amicable_numbers_sum(limit: isize) -> isize {\n    let mut sum = 0;\n    for n in 1..limit {\n        let m = sum_divisors(n);\n        if m > n && sum_divisors(m) == n {\n            sum += n + m;\n        }\n    }\n    sum\n}\n\nfn main() {\n    let candidate = amicable_numbers_sum;\n    assert_eq!(candidate(999), 504);\n    assert_eq!(candidate(9999), 31626);\n    assert_eq!(candidate(99), 0);\n}\n",
      "timestamp": 1666122694,
      "stdout": "",
      "stderr": "error[E0425]: cannot find function `sum_divisors` in this scope\n --> /tmp/tmpbw1nxe_e.rs:5:17\n  |\n5 |         let m = sum_divisors(n);\n  |                 ^^^^^^^^^^^^ not found in this scope\n\nerror[E0425]: cannot find function `sum_divisors` in this scope\n --> /tmp/tmpbw1nxe_e.rs:6:21\n  |\n6 |         if m > n && sum_divisors(m) == n {\n  |                     ^^^^^^^^^^^^ not found in this scope\n\nerror: aborting due to 2 previous errors\n\nFor more information about this error, try `rustc --explain E0425`.\n",
      "exit_code": 1,
      "status": "SyntaxError"
    },
    {
      "program": "/// Write a function to sum all amicable numbers from 1 to a specified number.\nfn amicable_numbers_sum(limit: isize) -> isize {\n    let mut amicable_numbers = Vec::new();\n    for i in 1..limit {\n        let sum_divisors = sum_of_divisors(i);\n        if sum_divisors > i && sum_of_divisors(sum_divisors) == i {\n            amicable_numbers.push(i);\n            amicable_numbers.push(sum_divisors);\n        }\n    }\n    amicable_numbers.sort();\n    amicable_numbers.dedup();\n    amicable_numbers.iter().sum()\n}\n\nfn main() {\n    let candidate = amicable_numbers_sum;\n    assert_eq!(candidate(999), 504);\n    assert_eq!(candidate(9999), 31626);\n    assert_eq!(candidate(99), 0);\n}\n",
      "timestamp": 1666122694,
      "stdout": "",
      "stderr": "error[E0425]: cannot find function `sum_of_divisors` in this scope\n --> /tmp/tmpfy__57z4.rs:5:28\n  |\n5 |         let sum_divisors = sum_of_divisors(i);\n  |                            ^^^^^^^^^^^^^^^ not found in this scope\n\nerror[E0425]: cannot find function `sum_of_divisors` in this scope\n --> /tmp/tmpfy__57z4.rs:6:32\n  |\n6 |         if sum_divisors > i && sum_of_divisors(sum_divisors) == i {\n  |                                ^^^^^^^^^^^^^^^ help: a local variable with a similar name exists: `sum_divisors`\n\nerror: aborting due to 2 previous errors\n\nFor more information about this error, try `rustc --explain E0425`.\n",
      "exit_code": 1,
      "status": "SyntaxError"
    },
    {
      "program": "/// Write a function to sum all amicable numbers from 1 to a specified number.\nfn amicable_numbers_sum(limit: isize) -> isize {\n    let mut sum = 0;\n    for i in 1..limit {\n        let a = sum_of_divisors(i);\n        if a > i && sum_of_divisors(a) == i {\n            sum += i;\n        }\n    }\n    sum\n}\n\nfn main() {\n    let candidate = amicable_numbers_sum;\n    assert_eq!(candidate(999), 504);\n    assert_eq!(candidate(9999), 31626);\n    assert_eq!(candidate(99), 0);\n}\n",
      "timestamp": 1665517254,
      "stdout": "",
      "stderr": "error[E0425]: cannot find function `sum_of_divisors` in this scope\n --> /tmp/tmp7cdxi8em.rs:5:17\n  |\n5 |         let a = sum_of_divisors(i);\n  |                 ^^^^^^^^^^^^^^^ not found in this scope\n\nerror[E0425]: cannot find function `sum_of_divisors` in this scope\n --> /tmp/tmp7cdxi8em.rs:6:21\n  |\n6 |         if a > i && sum_of_divisors(a) == i {\n  |                     ^^^^^^^^^^^^^^^ not found in this scope\n\nerror: aborting due to 2 previous errors\n\nFor more information about this error, try `rustc --explain E0425`.\n",
      "exit_code": 1,
      "status": "SyntaxError"
    },
    {
      "program": "/// Write a function to sum all amicable numbers from 1 to a specified number.\nfn amicable_numbers_sum(limit: isize) -> isize {\n    let mut sum = 0;\n    for i in 1..limit {\n        let a = sum_of_divisors(i);\n        if a > i && sum_of_divisors(a) == i {\n            sum += i + a;\n        }\n    }\n    sum\n}\n\nfn main() {\n    let candidate = amicable_numbers_sum;\n    assert_eq!(candidate(999), 504);\n    assert_eq!(candidate(9999), 31626);\n    assert_eq!(candidate(99), 0);\n}\n",
      "timestamp": 1665517254,
      "stdout": "",
      "stderr": "error[E0425]: cannot find function `sum_of_divisors` in this scope\n --> /tmp/tmpbklirzsq.rs:5:17\n  |\n5 |         let a = sum_of_divisors(i);\n  |                 ^^^^^^^^^^^^^^^ not found in this scope\n\nerror[E0425]: cannot find function `sum_of_divisors` in this scope\n --> /tmp/tmpbklirzsq.rs:6:21\n  |\n6 |         if a > i && sum_of_divisors(a) == i {\n  |                     ^^^^^^^^^^^^^^^ not found in this scope\n\nerror: aborting due to 2 previous errors\n\nFor more information about this error, try `rustc --explain E0425`.\n",
      "exit_code": 1,
      "status": "SyntaxError"
    },
    {
      "program": "/// Write a function to sum all amicable numbers from 1 to a specified number.\nfn amicable_numbers_sum(limit: isize) -> isize {\n    let mut sum = 0;\n    for i in 1..limit {\n        let a = sum_of_divisors(i);\n        if a > i && sum_of_divisors(a) == i {\n            sum += i;\n        }\n    }\n    sum\n}\n\nfn main() {\n    let candidate = amicable_numbers_sum;\n    assert_eq!(candidate(999), 504);\n    assert_eq!(candidate(9999), 31626);\n    assert_eq!(candidate(99), 0);\n}\n",
      "timestamp": 1665517254,
      "stdout": "",
      "stderr": "error[E0425]: cannot find function `sum_of_divisors` in this scope\n --> /tmp/tmp7cdxi8em.rs:5:17\n  |\n5 |         let a = sum_of_divisors(i);\n  |                 ^^^^^^^^^^^^^^^ not found in this scope\n\nerror[E0425]: cannot find function `sum_of_divisors` in this scope\n --> /tmp/tmp7cdxi8em.rs:6:21\n  |\n6 |         if a > i && sum_of_divisors(a) == i {\n  |                     ^^^^^^^^^^^^^^^ not found in this scope\n\nerror: aborting due to 2 previous errors\n\nFor more information about this error, try `rustc --explain E0425`.\n",
      "exit_code": 1,
      "status": "SyntaxError"
    },
    {
      "program": "/// Write a function to sum all amicable numbers from 1 to a specified number.\nfn amicable_numbers_sum(limit: isize) -> isize {\n    let mut sum = 0;\n    for i in 1..limit {\n        if let Some(j) = amicable_number(i) {\n            if j < limit {\n                sum += i + j;\n            }\n        }\n    }\n    sum\n}\n\nfn main() {\n    let candidate = amicable_numbers_sum;\n    assert_eq!(candidate(999), 504);\n    assert_eq!(candidate(9999), 31626);\n    assert_eq!(candidate(99), 0);\n}\n",
      "timestamp": 1666122694,
      "stdout": "",
      "stderr": "error[E0425]: cannot find function `amicable_number` in this scope\n --> /tmp/tmpu7na0c_8.rs:5:26\n  |\n5 |         if let Some(j) = amicable_number(i) {\n  |                          ^^^^^^^^^^^^^^^ not found in this scope\n\nerror: aborting due to previous error\n\nFor more information about this error, try `rustc --explain E0425`.\n",
      "exit_code": 1,
      "status": "SyntaxError"
    },
    {
      "program": "/// Write a function to sum all amicable numbers from 1 to a specified number.\nfn amicable_numbers_sum(limit: isize) -> isize {\n    let mut sum = 0;\n    for i in 1..limit {\n        let a = sum_of_divisors(i);\n        if a > i && sum_of_divisors(a) == i {\n            sum += i + a;\n        }\n    }\n    sum\n}\n\nfn main() {\n    let candidate = amicable_numbers_sum;\n    assert_eq!(candidate(999), 504);\n    assert_eq!(candidate(9999), 31626);\n    assert_eq!(candidate(99), 0);\n}\n",
      "timestamp": 1665517254,
      "stdout": "",
      "stderr": "error[E0425]: cannot find function `sum_of_divisors` in this scope\n --> /tmp/tmpbklirzsq.rs:5:17\n  |\n5 |         let a = sum_of_divisors(i);\n  |                 ^^^^^^^^^^^^^^^ not found in this scope\n\nerror[E0425]: cannot find function `sum_of_divisors` in this scope\n --> /tmp/tmpbklirzsq.rs:6:21\n  |\n6 |         if a > i && sum_of_divisors(a) == i {\n  |                     ^^^^^^^^^^^^^^^ not found in this scope\n\nerror: aborting due to 2 previous errors\n\nFor more information about this error, try `rustc --explain E0425`.\n",
      "exit_code": 1,
      "status": "SyntaxError"
    },
    {
      "program": "/// Write a function to sum all amicable numbers from 1 to a specified number.\nfn amicable_numbers_sum(limit: isize) -> isize {\n    let mut sum = 0;\n    for i in 1..limit {\n        let a = sum_divisors(i);\n        if a > i && sum_divisors(a) == i {\n            sum += a + i;\n        }\n    }\n    sum\n}\n\nfn main() {\n    let candidate = amicable_numbers_sum;\n    assert_eq!(candidate(999), 504);\n    assert_eq!(candidate(9999), 31626);\n    assert_eq!(candidate(99), 0);\n}\n",
      "timestamp": 1665517254,
      "stdout": "",
      "stderr": "error[E0425]: cannot find function `sum_divisors` in this scope\n --> /tmp/tmppyzpz4t5.rs:5:17\n  |\n5 |         let a = sum_divisors(i);\n  |                 ^^^^^^^^^^^^ not found in this scope\n\nerror[E0425]: cannot find function `sum_divisors` in this scope\n --> /tmp/tmppyzpz4t5.rs:6:21\n  |\n6 |         if a > i && sum_divisors(a) == i {\n  |                     ^^^^^^^^^^^^ not found in this scope\n\nerror: aborting due to 2 previous errors\n\nFor more information about this error, try `rustc --explain E0425`.\n",
      "exit_code": 1,
      "status": "SyntaxError"
    },
    {
      "program": "/// Write a function to sum all amicable numbers from 1 to a specified number.\nfn amicable_numbers_sum(limit: isize) -> isize {\n    let mut sum = 0;\n    for i in 1..limit {\n        let a = sum_of_divisors(i);\n        if a > i && sum_of_divisors(a) == i {\n            sum += i + a;\n        }\n    }\n    sum\n}\n\nfn main() {\n    let candidate = amicable_numbers_sum;\n    assert_eq!(candidate(999), 504);\n    assert_eq!(candidate(9999), 31626);\n    assert_eq!(candidate(99), 0);\n}\n",
      "timestamp": 1665517254,
      "stdout": "",
      "stderr": "error[E0425]: cannot find function `sum_of_divisors` in this scope\n --> /tmp/tmpbklirzsq.rs:5:17\n  |\n5 |         let a = sum_of_divisors(i);\n  |                 ^^^^^^^^^^^^^^^ not found in this scope\n\nerror[E0425]: cannot find function `sum_of_divisors` in this scope\n --> /tmp/tmpbklirzsq.rs:6:21\n  |\n6 |         if a > i && sum_of_divisors(a) == i {\n  |                     ^^^^^^^^^^^^^^^ not found in this scope\n\nerror: aborting due to 2 previous errors\n\nFor more information about this error, try `rustc --explain E0425`.\n",
      "exit_code": 1,
      "status": "SyntaxError"
    },
    {
      "program": "/// Write a function to sum all amicable numbers from 1 to a specified number.\nfn amicable_numbers_sum(limit: isize) -> isize {\n    let mut sum = 0;\n    for i in 1..limit {\n        let a = divisors_sum(i);\n        let b = divisors_sum(a);\n        if i == b && i != a {\n            sum += i;\n        }\n    }\n    sum\n}\n\nfn main() {\n    let candidate = amicable_numbers_sum;\n    assert_eq!(candidate(999), 504);\n    assert_eq!(candidate(9999), 31626);\n    assert_eq!(candidate(99), 0);\n}\n",
      "timestamp": 1666122694,
      "stdout": "",
      "stderr": "error[E0425]: cannot find function `divisors_sum` in this scope\n --> /tmp/tmp3vfczo1r.rs:5:17\n  |\n5 |         let a = divisors_sum(i);\n  |                 ^^^^^^^^^^^^ not found in this scope\n\nerror[E0425]: cannot find function `divisors_sum` in this scope\n --> /tmp/tmp3vfczo1r.rs:6:17\n  |\n6 |         let b = divisors_sum(a);\n  |                 ^^^^^^^^^^^^ not found in this scope\n\nerror: aborting due to 2 previous errors\n\nFor more information about this error, try `rustc --explain E0425`.\n",
      "exit_code": 1,
      "status": "SyntaxError"
    },
    {
      "program": "/// Write a function to sum all amicable numbers from 1 to a specified number.\nfn amicable_numbers_sum(limit: isize) -> isize {\n    let mut sum = 0;\n    for i in 1..limit {\n        let a = sum_of_divisors(i);\n        if a > i && sum_of_divisors(a) == i {\n            sum += a + i;\n        }\n    }\n    sum\n}\n\nfn main() {\n    let candidate = amicable_numbers_sum;\n    assert_eq!(candidate(999), 504);\n    assert_eq!(candidate(9999), 31626);\n    assert_eq!(candidate(99), 0);\n}\n",
      "timestamp": 1665517254,
      "stdout": "",
      "stderr": "error[E0425]: cannot find function `sum_of_divisors` in this scope\n --> /tmp/tmp6pu2i3_1.rs:5:17\n  |\n5 |         let a = sum_of_divisors(i);\n  |                 ^^^^^^^^^^^^^^^ not found in this scope\n\nerror[E0425]: cannot find function `sum_of_divisors` in this scope\n --> /tmp/tmp6pu2i3_1.rs:6:21\n  |\n6 |         if a > i && sum_of_divisors(a) == i {\n  |                     ^^^^^^^^^^^^^^^ not found in this scope\n\nerror: aborting due to 2 previous errors\n\nFor more information about this error, try `rustc --explain E0425`.\n",
      "exit_code": 1,
      "status": "SyntaxError"
    },
    {
      "program": "/// Write a function to sum all amicable numbers from 1 to a specified number.\nfn amicable_numbers_sum(limit: isize) -> isize {\n    let mut sum = 0;\n    for i in 1..limit {\n        let a = sum_of_divisors(i);\n        if a > i && sum_of_divisors(a) == i {\n            sum += i + a;\n        }\n    }\n    sum\n}\n\nfn main() {\n    let candidate = amicable_numbers_sum;\n    assert_eq!(candidate(999), 504);\n    assert_eq!(candidate(9999), 31626);\n    assert_eq!(candidate(99), 0);\n}\n",
      "timestamp": 1665517254,
      "stdout": "",
      "stderr": "error[E0425]: cannot find function `sum_of_divisors` in this scope\n --> /tmp/tmpbklirzsq.rs:5:17\n  |\n5 |         let a = sum_of_divisors(i);\n  |                 ^^^^^^^^^^^^^^^ not found in this scope\n\nerror[E0425]: cannot find function `sum_of_divisors` in this scope\n --> /tmp/tmpbklirzsq.rs:6:21\n  |\n6 |         if a > i && sum_of_divisors(a) == i {\n  |                     ^^^^^^^^^^^^^^^ not found in this scope\n\nerror: aborting due to 2 previous errors\n\nFor more information about this error, try `rustc --explain E0425`.\n",
      "exit_code": 1,
      "status": "SyntaxError"
    },
    {
      "program": "/// Write a function to sum all amicable numbers from 1 to a specified number.\nfn amicable_numbers_sum(limit: isize) -> isize {\n    let mut sum = 0;\n    for i in 1..limit {\n        let a = sum_proper_divisors(i);\n        let b = sum_proper_divisors(a);\n        if i == b && i != a {\n            sum += i;\n        }\n    }\n    sum\n}\n\nfn main() {\n    let candidate = amicable_numbers_sum;\n    assert_eq!(candidate(999), 504);\n    assert_eq!(candidate(9999), 31626);\n    assert_eq!(candidate(99), 0);\n}\n",
      "timestamp": 1665517254,
      "stdout": "",
      "stderr": "error[E0425]: cannot find function `sum_proper_divisors` in this scope\n --> /tmp/tmp64uga_pc.rs:5:17\n  |\n5 |         let a = sum_proper_divisors(i);\n  |                 ^^^^^^^^^^^^^^^^^^^ not found in this scope\n\nerror[E0425]: cannot find function `sum_proper_divisors` in this scope\n --> /tmp/tmp64uga_pc.rs:6:17\n  |\n6 |         let b = sum_proper_divisors(a);\n  |                 ^^^^^^^^^^^^^^^^^^^ not found in this scope\n\nerror: aborting due to 2 previous errors\n\nFor more information about this error, try `rustc --explain E0425`.\n",
      "exit_code": 1,
      "status": "SyntaxError"
    },
    {
      "program": "/// Write a function to sum all amicable numbers from 1 to a specified number.\nfn amicable_numbers_sum(limit: isize) -> isize {\n    let mut sum = 0;\n    for i in 1..limit {\n        let j = sum_proper_divisors(i);\n        if i != j && sum_proper_divisors(j) == i {\n            sum += i;\n        }\n    }\n    sum\n}\n\nfn main() {\n    let candidate = amicable_numbers_sum;\n    assert_eq!(candidate(999), 504);\n    assert_eq!(candidate(9999), 31626);\n    assert_eq!(candidate(99), 0);\n}\n",
      "timestamp": 1666122693,
      "stdout": "",
      "stderr": "error[E0425]: cannot find function `sum_proper_divisors` in this scope\n --> /tmp/tmp6zqcp8zu.rs:5:17\n  |\n5 |         let j = sum_proper_divisors(i);\n  |                 ^^^^^^^^^^^^^^^^^^^ not found in this scope\n\nerror[E0425]: cannot find function `sum_proper_divisors` in this scope\n --> /tmp/tmp6zqcp8zu.rs:6:22\n  |\n6 |         if i != j && sum_proper_divisors(j) == i {\n  |                      ^^^^^^^^^^^^^^^^^^^ not found in this scope\n\nerror: aborting due to 2 previous errors\n\nFor more information about this error, try `rustc --explain E0425`.\n",
      "exit_code": 1,
      "status": "SyntaxError"
    },
    {
      "program": "/// Write a function to sum all amicable numbers from 1 to a specified number.\nfn amicable_numbers_sum(limit: isize) -> isize {\n    let mut sum = 0;\n    for i in 1..limit {\n        let j = sum_of_divisors(i);\n        if i != j && sum_of_divisors(j) == i {\n            sum += i;\n        }\n    }\n    sum\n}\n\nfn main() {\n    let candidate = amicable_numbers_sum;\n    assert_eq!(candidate(999), 504);\n    assert_eq!(candidate(9999), 31626);\n    assert_eq!(candidate(99), 0);\n}\n",
      "timestamp": 1665517254,
      "stdout": "",
      "stderr": "error[E0425]: cannot find function `sum_of_divisors` in this scope\n --> /tmp/tmpp9vtgvb3.rs:5:17\n  |\n5 |         let j = sum_of_divisors(i);\n  |                 ^^^^^^^^^^^^^^^ not found in this scope\n\nerror[E0425]: cannot find function `sum_of_divisors` in this scope\n --> /tmp/tmpp9vtgvb3.rs:6:22\n  |\n6 |         if i != j && sum_of_divisors(j) == i {\n  |                      ^^^^^^^^^^^^^^^ not found in this scope\n\nerror: aborting due to 2 previous errors\n\nFor more information about this error, try `rustc --explain E0425`.\n",
      "exit_code": 1,
      "status": "SyntaxError"
    },
    {
      "program": "/// Write a function to sum all amicable numbers from 1 to a specified number.\nfn amicable_numbers_sum(limit: isize) -> isize {\n    let mut sum = 0;\n    for i in 1..limit {\n        let a = sum_divisors(i);\n        if a > i && sum_divisors(a) == i {\n            sum += a + i;\n        }\n    }\n    sum\n}\n\nfn main() {\n    let candidate = amicable_numbers_sum;\n    assert_eq!(candidate(999), 504);\n    assert_eq!(candidate(9999), 31626);\n    assert_eq!(candidate(99), 0);\n}\n",
      "timestamp": 1665517254,
      "stdout": "",
      "stderr": "error[E0425]: cannot find function `sum_divisors` in this scope\n --> /tmp/tmppyzpz4t5.rs:5:17\n  |\n5 |         let a = sum_divisors(i);\n  |                 ^^^^^^^^^^^^ not found in this scope\n\nerror[E0425]: cannot find function `sum_divisors` in this scope\n --> /tmp/tmppyzpz4t5.rs:6:21\n  |\n6 |         if a > i && sum_divisors(a) == i {\n  |                     ^^^^^^^^^^^^ not found in this scope\n\nerror: aborting due to 2 previous errors\n\nFor more information about this error, try `rustc --explain E0425`.\n",
      "exit_code": 1,
      "status": "SyntaxError"
    },
    {
      "program": "/// Write a function to sum all amicable numbers from 1 to a specified number.\nfn amicable_numbers_sum(limit: isize) -> isize {\n    let mut sum = 0;\n    for i in 1..limit {\n        let a = sum_of_proper_divisors(i);\n        if a != i && sum_of_proper_divisors(a) == i {\n            sum += i;\n        }\n    }\n    sum\n}\n\nfn main() {\n    let candidate = amicable_numbers_sum;\n    assert_eq!(candidate(999), 504);\n    assert_eq!(candidate(9999), 31626);\n    assert_eq!(candidate(99), 0);\n}\n",
      "timestamp": 1666122693,
      "stdout": "",
      "stderr": "error[E0425]: cannot find function `sum_of_proper_divisors` in this scope\n --> /tmp/tmpykw08k5y.rs:5:17\n  |\n5 |         let a = sum_of_proper_divisors(i);\n  |                 ^^^^^^^^^^^^^^^^^^^^^^ not found in this scope\n\nerror[E0425]: cannot find function `sum_of_proper_divisors` in this scope\n --> /tmp/tmpykw08k5y.rs:6:22\n  |\n6 |         if a != i && sum_of_proper_divisors(a) == i {\n  |                      ^^^^^^^^^^^^^^^^^^^^^^ not found in this scope\n\nerror: aborting due to 2 previous errors\n\nFor more information about this error, try `rustc --explain E0425`.\n",
      "exit_code": 1,
      "status": "SyntaxError"
    },
    {
      "program": "/// Write a function to sum all amicable numbers from 1 to a specified number.\nfn amicable_numbers_sum(limit: isize) -> isize {\n    let mut sum = 0;\n    for i in 1..limit {\n        let divisors_sum = divisors_sum(i);\n        if divisors_sum > i && divisors_sum < limit && divisors_sum == divisors_sum(divisors_sum) {\n            sum += i + divisors_sum;\n        }\n    }\n    sum\n}\n\nfn main() {\n    let candidate = amicable_numbers_sum;\n    assert_eq!(candidate(999), 504);\n    assert_eq!(candidate(9999), 31626);\n    assert_eq!(candidate(99), 0);\n}\n",
      "timestamp": 1666122694,
      "stdout": "",
      "stderr": "error[E0425]: cannot find function `divisors_sum` in this scope\n --> /tmp/tmpwk07faay.rs:5:28\n  |\n5 |         let divisors_sum = divisors_sum(i);\n  |                            ^^^^^^^^^^^^ not found in this scope\n\nerror: aborting due to previous error\n\nFor more information about this error, try `rustc --explain E0425`.\n",
      "exit_code": 1,
      "status": "SyntaxError"
    },
    {
      "program": "/// Write a function to sum all amicable numbers from 1 to a specified number.\nfn amicable_numbers_sum(limit: isize) -> isize {\n    let mut sum = 0;\n    for i in 1..limit {\n        let j = sum_of_divisors(i);\n        if i != j && sum_of_divisors(j) == i {\n            sum += i;\n        }\n    }\n    sum\n}\n\nfn main() {\n    let candidate = amicable_numbers_sum;\n    assert_eq!(candidate(999), 504);\n    assert_eq!(candidate(9999), 31626);\n    assert_eq!(candidate(99), 0);\n}\n",
      "timestamp": 1665517254,
      "stdout": "",
      "stderr": "error[E0425]: cannot find function `sum_of_divisors` in this scope\n --> /tmp/tmpp9vtgvb3.rs:5:17\n  |\n5 |         let j = sum_of_divisors(i);\n  |                 ^^^^^^^^^^^^^^^ not found in this scope\n\nerror[E0425]: cannot find function `sum_of_divisors` in this scope\n --> /tmp/tmpp9vtgvb3.rs:6:22\n  |\n6 |         if i != j && sum_of_divisors(j) == i {\n  |                      ^^^^^^^^^^^^^^^ not found in this scope\n\nerror: aborting due to 2 previous errors\n\nFor more information about this error, try `rustc --explain E0425`.\n",
      "exit_code": 1,
      "status": "SyntaxError"
    },
    {
      "program": "/// Write a function to sum all amicable numbers from 1 to a specified number.\nfn amicable_numbers_sum(limit: isize) -> isize {\n    let mut sum = 0;\n    for i in 1..limit {\n        let a = sum_of_divisors(i);\n        if a > i && sum_of_divisors(a) == i {\n            sum += i + a;\n        }\n    }\n    sum\n}\n\nfn main() {\n    let candidate = amicable_numbers_sum;\n    assert_eq!(candidate(999), 504);\n    assert_eq!(candidate(9999), 31626);\n    assert_eq!(candidate(99), 0);\n}\n",
      "timestamp": 1665517254,
      "stdout": "",
      "stderr": "error[E0425]: cannot find function `sum_of_divisors` in this scope\n --> /tmp/tmpbklirzsq.rs:5:17\n  |\n5 |         let a = sum_of_divisors(i);\n  |                 ^^^^^^^^^^^^^^^ not found in this scope\n\nerror[E0425]: cannot find function `sum_of_divisors` in this scope\n --> /tmp/tmpbklirzsq.rs:6:21\n  |\n6 |         if a > i && sum_of_divisors(a) == i {\n  |                     ^^^^^^^^^^^^^^^ not found in this scope\n\nerror: aborting due to 2 previous errors\n\nFor more information about this error, try `rustc --explain E0425`.\n",
      "exit_code": 1,
      "status": "SyntaxError"
    },
    {
      "program": "/// Write a function to sum all amicable numbers from 1 to a specified number.\nfn amicable_numbers_sum(limit: isize) -> isize {\n    let mut sum = 0;\n    for i in 1..limit {\n        let j = sum_of_divisors(i);\n        if i != j && sum_of_divisors(j) == i {\n            sum += i;\n        }\n    }\n    sum\n}\n\nfn main() {\n    let candidate = amicable_numbers_sum;\n    assert_eq!(candidate(999), 504);\n    assert_eq!(candidate(9999), 31626);\n    assert_eq!(candidate(99), 0);\n}\n",
      "timestamp": 1665517254,
      "stdout": "",
      "stderr": "error[E0425]: cannot find function `sum_of_divisors` in this scope\n --> /tmp/tmpp9vtgvb3.rs:5:17\n  |\n5 |         let j = sum_of_divisors(i);\n  |                 ^^^^^^^^^^^^^^^ not found in this scope\n\nerror[E0425]: cannot find function `sum_of_divisors` in this scope\n --> /tmp/tmpp9vtgvb3.rs:6:22\n  |\n6 |         if i != j && sum_of_divisors(j) == i {\n  |                      ^^^^^^^^^^^^^^^ not found in this scope\n\nerror: aborting due to 2 previous errors\n\nFor more information about this error, try `rustc --explain E0425`.\n",
      "exit_code": 1,
      "status": "SyntaxError"
    },
    {
      "program": "/// Write a function to sum all amicable numbers from 1 to a specified number.\nfn amicable_numbers_sum(limit: isize) -> isize {\n    let mut sum = 0;\n    for i in 1..limit {\n        let a = sum_of_divisors(i);\n        if a > i && sum_of_divisors(a) == i {\n            sum += i + a;\n        }\n    }\n    sum\n}\n\nfn main() {\n    let candidate = amicable_numbers_sum;\n    assert_eq!(candidate(999), 504);\n    assert_eq!(candidate(9999), 31626);\n    assert_eq!(candidate(99), 0);\n}\n",
      "timestamp": 1665517254,
      "stdout": "",
      "stderr": "error[E0425]: cannot find function `sum_of_divisors` in this scope\n --> /tmp/tmpbklirzsq.rs:5:17\n  |\n5 |         let a = sum_of_divisors(i);\n  |                 ^^^^^^^^^^^^^^^ not found in this scope\n\nerror[E0425]: cannot find function `sum_of_divisors` in this scope\n --> /tmp/tmpbklirzsq.rs:6:21\n  |\n6 |         if a > i && sum_of_divisors(a) == i {\n  |                     ^^^^^^^^^^^^^^^ not found in this scope\n\nerror: aborting due to 2 previous errors\n\nFor more information about this error, try `rustc --explain E0425`.\n",
      "exit_code": 1,
      "status": "SyntaxError"
    },
    {
      "program": "/// Write a function to sum all amicable numbers from 1 to a specified number.\nfn amicable_numbers_sum(limit: isize) -> isize {\n    let mut sum = 0;\n    for i in 1..limit {\n        let a = sum_of_divisors(i);\n        if a > i && sum_of_divisors(a) == i {\n            sum += i + a;\n        }\n    }\n    sum\n}\n\nfn main() {\n    let candidate = amicable_numbers_sum;\n    assert_eq!(candidate(999), 504);\n    assert_eq!(candidate(9999), 31626);\n    assert_eq!(candidate(99), 0);\n}\n",
      "timestamp": 1665517254,
      "stdout": "",
      "stderr": "error[E0425]: cannot find function `sum_of_divisors` in this scope\n --> /tmp/tmpbklirzsq.rs:5:17\n  |\n5 |         let a = sum_of_divisors(i);\n  |                 ^^^^^^^^^^^^^^^ not found in this scope\n\nerror[E0425]: cannot find function `sum_of_divisors` in this scope\n --> /tmp/tmpbklirzsq.rs:6:21\n  |\n6 |         if a > i && sum_of_divisors(a) == i {\n  |                     ^^^^^^^^^^^^^^^ not found in this scope\n\nerror: aborting due to 2 previous errors\n\nFor more information about this error, try `rustc --explain E0425`.\n",
      "exit_code": 1,
      "status": "SyntaxError"
    },
    {
      "program": "/// Write a function to sum all amicable numbers from 1 to a specified number.\nfn amicable_numbers_sum(limit: isize) -> isize {\n    let mut sum = 0;\n    for i in 1..limit {\n        let j = sum_of_divisors(i);\n        if i != j && sum_of_divisors(j) == i {\n            sum += i;\n        }\n    }\n    sum\n}\n\nfn main() {\n    let candidate = amicable_numbers_sum;\n    assert_eq!(candidate(999), 504);\n    assert_eq!(candidate(9999), 31626);\n    assert_eq!(candidate(99), 0);\n}\n",
      "timestamp": 1665517254,
      "stdout": "",
      "stderr": "error[E0425]: cannot find function `sum_of_divisors` in this scope\n --> /tmp/tmpp9vtgvb3.rs:5:17\n  |\n5 |         let j = sum_of_divisors(i);\n  |                 ^^^^^^^^^^^^^^^ not found in this scope\n\nerror[E0425]: cannot find function `sum_of_divisors` in this scope\n --> /tmp/tmpp9vtgvb3.rs:6:22\n  |\n6 |         if i != j && sum_of_divisors(j) == i {\n  |                      ^^^^^^^^^^^^^^^ not found in this scope\n\nerror: aborting due to 2 previous errors\n\nFor more information about this error, try `rustc --explain E0425`.\n",
      "exit_code": 1,
      "status": "SyntaxError"
    },
    {
      "program": "/// Write a function to sum all amicable numbers from 1 to a specified number.\nfn amicable_numbers_sum(limit: isize) -> isize {\n    let mut sum = 0;\n    for i in 1..limit {\n        let a = sum_of_divisors(i);\n        if a != i && sum_of_divisors(a) == i {\n            sum += i;\n        }\n    }\n    sum\n}\n\nfn main() {\n    let candidate = amicable_numbers_sum;\n    assert_eq!(candidate(999), 504);\n    assert_eq!(candidate(9999), 31626);\n    assert_eq!(candidate(99), 0);\n}\n",
      "timestamp": 1665517254,
      "stdout": "",
      "stderr": "error[E0425]: cannot find function `sum_of_divisors` in this scope\n --> /tmp/tmpbkukonmr.rs:5:17\n  |\n5 |         let a = sum_of_divisors(i);\n  |                 ^^^^^^^^^^^^^^^ not found in this scope\n\nerror[E0425]: cannot find function `sum_of_divisors` in this scope\n --> /tmp/tmpbkukonmr.rs:6:22\n  |\n6 |         if a != i && sum_of_divisors(a) == i {\n  |                      ^^^^^^^^^^^^^^^ not found in this scope\n\nerror: aborting due to 2 previous errors\n\nFor more information about this error, try `rustc --explain E0425`.\n",
      "exit_code": 1,
      "status": "SyntaxError"
    },
    {
      "program": "/// Write a function to sum all amicable numbers from 1 to a specified number.\nfn amicable_numbers_sum(limit: isize) -> isize {\n    let mut sum = 0;\n    for i in 1..limit {\n        let a = sum_of_divisors(i);\n        if a != i && sum_of_divisors(a) == i {\n            sum += i;\n        }\n    }\n    sum\n}\n\nfn main() {\n    let candidate = amicable_numbers_sum;\n    assert_eq!(candidate(999), 504);\n    assert_eq!(candidate(9999), 31626);\n    assert_eq!(candidate(99), 0);\n}\n",
      "timestamp": 1665517254,
      "stdout": "",
      "stderr": "error[E0425]: cannot find function `sum_of_divisors` in this scope\n --> /tmp/tmpbkukonmr.rs:5:17\n  |\n5 |         let a = sum_of_divisors(i);\n  |                 ^^^^^^^^^^^^^^^ not found in this scope\n\nerror[E0425]: cannot find function `sum_of_divisors` in this scope\n --> /tmp/tmpbkukonmr.rs:6:22\n  |\n6 |         if a != i && sum_of_divisors(a) == i {\n  |                      ^^^^^^^^^^^^^^^ not found in this scope\n\nerror: aborting due to 2 previous errors\n\nFor more information about this error, try `rustc --explain E0425`.\n",
      "exit_code": 1,
      "status": "SyntaxError"
    },
    {
      "program": "/// Write a function to sum all amicable numbers from 1 to a specified number.\nfn amicable_numbers_sum(limit: isize) -> isize {\n    let mut sum = 0;\n    for i in 1..limit {\n        let a = sum_of_divisors(i);\n        if a > i && sum_of_divisors(a) == i {\n            sum += i + a;\n        }\n    }\n    sum\n}\n\nfn main() {\n    let candidate = amicable_numbers_sum;\n    assert_eq!(candidate(999), 504);\n    assert_eq!(candidate(9999), 31626);\n    assert_eq!(candidate(99), 0);\n}\n",
      "timestamp": 1665517254,
      "stdout": "",
      "stderr": "error[E0425]: cannot find function `sum_of_divisors` in this scope\n --> /tmp/tmpbklirzsq.rs:5:17\n  |\n5 |         let a = sum_of_divisors(i);\n  |                 ^^^^^^^^^^^^^^^ not found in this scope\n\nerror[E0425]: cannot find function `sum_of_divisors` in this scope\n --> /tmp/tmpbklirzsq.rs:6:21\n  |\n6 |         if a > i && sum_of_divisors(a) == i {\n  |                     ^^^^^^^^^^^^^^^ not found in this scope\n\nerror: aborting due to 2 previous errors\n\nFor more information about this error, try `rustc --explain E0425`.\n",
      "exit_code": 1,
      "status": "SyntaxError"
    },
    {
      "program": "/// Write a function to sum all amicable numbers from 1 to a specified number.\nfn amicable_numbers_sum(limit: isize) -> isize {\n    let mut sum = 0;\n    for i in 1..limit {\n        let a = sum_proper_divisors(i);\n        if a > i {\n            let b = sum_proper_divisors(a);\n            if b == i {\n                sum += i + a;\n            }\n        }\n    }\n    sum\n}\n\nfn main() {\n    let candidate = amicable_numbers_sum;\n    assert_eq!(candidate(999), 504);\n    assert_eq!(candidate(9999), 31626);\n    assert_eq!(candidate(99), 0);\n}\n",
      "timestamp": 1666122694,
      "stdout": "",
      "stderr": "error[E0425]: cannot find function `sum_proper_divisors` in this scope\n --> /tmp/tmpg7es4o_1.rs:5:17\n  |\n5 |         let a = sum_proper_divisors(i);\n  |                 ^^^^^^^^^^^^^^^^^^^ not found in this scope\n\nerror[E0425]: cannot find function `sum_proper_divisors` in this scope\n --> /tmp/tmpg7es4o_1.rs:7:21\n  |\n7 |             let b = sum_proper_divisors(a);\n  |                     ^^^^^^^^^^^^^^^^^^^ not found in this scope\n\nerror: aborting due to 2 previous errors\n\nFor more information about this error, try `rustc --explain E0425`.\n",
      "exit_code": 1,
      "status": "SyntaxError"
    },
    {
      "program": "/// Write a function to sum all amicable numbers from 1 to a specified number.\nfn amicable_numbers_sum(limit: isize) -> isize {\n    let mut sum = 0;\n    for i in 1..limit {\n        let a = sum_of_divisors(i);\n        if a > i && sum_of_divisors(a) == i {\n            sum += i + a;\n        }\n    }\n    sum\n}\n\nfn main() {\n    let candidate = amicable_numbers_sum;\n    assert_eq!(candidate(999), 504);\n    assert_eq!(candidate(9999), 31626);\n    assert_eq!(candidate(99), 0);\n}\n",
      "timestamp": 1665517254,
      "stdout": "",
      "stderr": "error[E0425]: cannot find function `sum_of_divisors` in this scope\n --> /tmp/tmpbklirzsq.rs:5:17\n  |\n5 |         let a = sum_of_divisors(i);\n  |                 ^^^^^^^^^^^^^^^ not found in this scope\n\nerror[E0425]: cannot find function `sum_of_divisors` in this scope\n --> /tmp/tmpbklirzsq.rs:6:21\n  |\n6 |         if a > i && sum_of_divisors(a) == i {\n  |                     ^^^^^^^^^^^^^^^ not found in this scope\n\nerror: aborting due to 2 previous errors\n\nFor more information about this error, try `rustc --explain E0425`.\n",
      "exit_code": 1,
      "status": "SyntaxError"
    },
    {
      "program": "/// Write a function to sum all amicable numbers from 1 to a specified number.\nfn amicable_numbers_sum(limit: isize) -> isize {\n    let mut sum = 0;\n    for i in 1..limit {\n        let a = sum_divisors(i);\n        if a > i && sum_divisors(a) == i {\n            sum += i + a;\n        }\n    }\n    sum\n}\n\nfn main() {\n    let candidate = amicable_numbers_sum;\n    assert_eq!(candidate(999), 504);\n    assert_eq!(candidate(9999), 31626);\n    assert_eq!(candidate(99), 0);\n}\n",
      "timestamp": 1665517254,
      "stdout": "",
      "stderr": "error[E0425]: cannot find function `sum_divisors` in this scope\n --> /tmp/tmpcldzq3ke.rs:5:17\n  |\n5 |         let a = sum_divisors(i);\n  |                 ^^^^^^^^^^^^ not found in this scope\n\nerror[E0425]: cannot find function `sum_divisors` in this scope\n --> /tmp/tmpcldzq3ke.rs:6:21\n  |\n6 |         if a > i && sum_divisors(a) == i {\n  |                     ^^^^^^^^^^^^ not found in this scope\n\nerror: aborting due to 2 previous errors\n\nFor more information about this error, try `rustc --explain E0425`.\n",
      "exit_code": 1,
      "status": "SyntaxError"
    },
    {
      "program": "/// Write a function to sum all amicable numbers from 1 to a specified number.\nfn amicable_numbers_sum(limit: isize) -> isize {\n    let mut sum = 0;\n    for i in 1..limit {\n        let a = sum_of_divisors(i);\n        if a > i && sum_of_divisors(a) == i {\n            sum += i + a;\n        }\n    }\n    sum\n}\n\nfn main() {\n    let candidate = amicable_numbers_sum;\n    assert_eq!(candidate(999), 504);\n    assert_eq!(candidate(9999), 31626);\n    assert_eq!(candidate(99), 0);\n}\n",
      "timestamp": 1665517254,
      "stdout": "",
      "stderr": "error[E0425]: cannot find function `sum_of_divisors` in this scope\n --> /tmp/tmpbklirzsq.rs:5:17\n  |\n5 |         let a = sum_of_divisors(i);\n  |                 ^^^^^^^^^^^^^^^ not found in this scope\n\nerror[E0425]: cannot find function `sum_of_divisors` in this scope\n --> /tmp/tmpbklirzsq.rs:6:21\n  |\n6 |         if a > i && sum_of_divisors(a) == i {\n  |                     ^^^^^^^^^^^^^^^ not found in this scope\n\nerror: aborting due to 2 previous errors\n\nFor more information about this error, try `rustc --explain E0425`.\n",
      "exit_code": 1,
      "status": "SyntaxError"
    },
    {
      "program": "/// Write a function to sum all amicable numbers from 1 to a specified number.\nfn amicable_numbers_sum(limit: isize) -> isize {\n    let mut sum = 0;\n    for i in 1..limit {\n        let a = sum_divisors(i);\n        let b = sum_divisors(a);\n        if i == b && i != a {\n            sum += i;\n        }\n    }\n    sum\n}\n\nfn main() {\n    let candidate = amicable_numbers_sum;\n    assert_eq!(candidate(999), 504);\n    assert_eq!(candidate(9999), 31626);\n    assert_eq!(candidate(99), 0);\n}\n",
      "timestamp": 1666122694,
      "stdout": "",
      "stderr": "error[E0425]: cannot find function `sum_divisors` in this scope\n --> /tmp/tmpiarzo5rz.rs:5:17\n  |\n5 |         let a = sum_divisors(i);\n  |                 ^^^^^^^^^^^^ not found in this scope\n\nerror[E0425]: cannot find function `sum_divisors` in this scope\n --> /tmp/tmpiarzo5rz.rs:6:17\n  |\n6 |         let b = sum_divisors(a);\n  |                 ^^^^^^^^^^^^ not found in this scope\n\nerror: aborting due to 2 previous errors\n\nFor more information about this error, try `rustc --explain E0425`.\n",
      "exit_code": 1,
      "status": "SyntaxError"
    },
    {
      "program": "/// Write a function to sum all amicable numbers from 1 to a specified number.\nfn amicable_numbers_sum(limit: isize) -> isize {\n    let mut sum = 0;\n    for i in 1..limit {\n        let a = sum_of_proper_divisors(i);\n        let b = sum_of_proper_divisors(a);\n        if i == b && i != a {\n            sum += i;\n        }\n    }\n    sum\n}\n\nfn main() {\n    let candidate = amicable_numbers_sum;\n    assert_eq!(candidate(999), 504);\n    assert_eq!(candidate(9999), 31626);\n    assert_eq!(candidate(99), 0);\n}\n",
      "timestamp": 1666122694,
      "stdout": "",
      "stderr": "error[E0425]: cannot find function `sum_of_proper_divisors` in this scope\n --> /tmp/tmpjejxqj7w.rs:5:17\n  |\n5 |         let a = sum_of_proper_divisors(i);\n  |                 ^^^^^^^^^^^^^^^^^^^^^^ not found in this scope\n\nerror[E0425]: cannot find function `sum_of_proper_divisors` in this scope\n --> /tmp/tmpjejxqj7w.rs:6:17\n  |\n6 |         let b = sum_of_proper_divisors(a);\n  |                 ^^^^^^^^^^^^^^^^^^^^^^ not found in this scope\n\nerror: aborting due to 2 previous errors\n\nFor more information about this error, try `rustc --explain E0425`.\n",
      "exit_code": 1,
      "status": "SyntaxError"
    },
    {
      "program": "/// Write a function to sum all amicable numbers from 1 to a specified number.\nfn amicable_numbers_sum(limit: isize) -> isize {\n    let mut sum = 0;\n    for i in 1..limit {\n        let a = sum_of_divisors(i);\n        if a != i && sum_of_divisors(a) == i {\n            sum += i;\n        }\n    }\n    sum\n}\n\nfn main() {\n    let candidate = amicable_numbers_sum;\n    assert_eq!(candidate(999), 504);\n    assert_eq!(candidate(9999), 31626);\n    assert_eq!(candidate(99), 0);\n}\n",
      "timestamp": 1665517254,
      "stdout": "",
      "stderr": "error[E0425]: cannot find function `sum_of_divisors` in this scope\n --> /tmp/tmpbkukonmr.rs:5:17\n  |\n5 |         let a = sum_of_divisors(i);\n  |                 ^^^^^^^^^^^^^^^ not found in this scope\n\nerror[E0425]: cannot find function `sum_of_divisors` in this scope\n --> /tmp/tmpbkukonmr.rs:6:22\n  |\n6 |         if a != i && sum_of_divisors(a) == i {\n  |                      ^^^^^^^^^^^^^^^ not found in this scope\n\nerror: aborting due to 2 previous errors\n\nFor more information about this error, try `rustc --explain E0425`.\n",
      "exit_code": 1,
      "status": "SyntaxError"
    },
    {
      "program": "/// Write a function to sum all amicable numbers from 1 to a specified number.\nfn amicable_numbers_sum(limit: isize) -> isize {\n    let mut sum = 0;\n    for i in 1..limit {\n        let a = sum_of_proper_divisors(i);\n        let b = sum_of_proper_divisors(a);\n        if i == b && i != a {\n            sum += i;\n        }\n    }\n    sum\n}\n\nfn main() {\n    let candidate = amicable_numbers_sum;\n    assert_eq!(candidate(999), 504);\n    assert_eq!(candidate(9999), 31626);\n    assert_eq!(candidate(99), 0);\n}\n",
      "timestamp": 1666122694,
      "stdout": "",
      "stderr": "error[E0425]: cannot find function `sum_of_proper_divisors` in this scope\n --> /tmp/tmpjejxqj7w.rs:5:17\n  |\n5 |         let a = sum_of_proper_divisors(i);\n  |                 ^^^^^^^^^^^^^^^^^^^^^^ not found in this scope\n\nerror[E0425]: cannot find function `sum_of_proper_divisors` in this scope\n --> /tmp/tmpjejxqj7w.rs:6:17\n  |\n6 |         let b = sum_of_proper_divisors(a);\n  |                 ^^^^^^^^^^^^^^^^^^^^^^ not found in this scope\n\nerror: aborting due to 2 previous errors\n\nFor more information about this error, try `rustc --explain E0425`.\n",
      "exit_code": 1,
      "status": "SyntaxError"
    },
    {
      "program": "/// Write a function to sum all amicable numbers from 1 to a specified number.\nfn amicable_numbers_sum(limit: isize) -> isize {\n    let mut sum = 0;\n    for i in 1..limit {\n        let a = sum_of_divisors(i);\n        if a > i && sum_of_divisors(a) == i {\n            sum += i + a;\n        }\n    }\n    sum\n}\n\nfn main() {\n    let candidate = amicable_numbers_sum;\n    assert_eq!(candidate(999), 504);\n    assert_eq!(candidate(9999), 31626);\n    assert_eq!(candidate(99), 0);\n}\n",
      "timestamp": 1665517254,
      "stdout": "",
      "stderr": "error[E0425]: cannot find function `sum_of_divisors` in this scope\n --> /tmp/tmpbklirzsq.rs:5:17\n  |\n5 |         let a = sum_of_divisors(i);\n  |                 ^^^^^^^^^^^^^^^ not found in this scope\n\nerror[E0425]: cannot find function `sum_of_divisors` in this scope\n --> /tmp/tmpbklirzsq.rs:6:21\n  |\n6 |         if a > i && sum_of_divisors(a) == i {\n  |                     ^^^^^^^^^^^^^^^ not found in this scope\n\nerror: aborting due to 2 previous errors\n\nFor more information about this error, try `rustc --explain E0425`.\n",
      "exit_code": 1,
      "status": "SyntaxError"
    },
    {
      "program": "/// Write a function to sum all amicable numbers from 1 to a specified number.\nfn amicable_numbers_sum(limit: isize) -> isize {\n    let mut sum = 0;\n    for i in 1..limit {\n        let a = sum_of_divisors(i);\n        if a > i && sum_of_divisors(a) == i {\n            sum += i + a;\n        }\n    }\n    sum\n}\n\nfn main() {\n    let candidate = amicable_numbers_sum;\n    assert_eq!(candidate(999), 504);\n    assert_eq!(candidate(9999), 31626);\n    assert_eq!(candidate(99), 0);\n}\n",
      "timestamp": 1665517254,
      "stdout": "",
      "stderr": "error[E0425]: cannot find function `sum_of_divisors` in this scope\n --> /tmp/tmpbklirzsq.rs:5:17\n  |\n5 |         let a = sum_of_divisors(i);\n  |                 ^^^^^^^^^^^^^^^ not found in this scope\n\nerror[E0425]: cannot find function `sum_of_divisors` in this scope\n --> /tmp/tmpbklirzsq.rs:6:21\n  |\n6 |         if a > i && sum_of_divisors(a) == i {\n  |                     ^^^^^^^^^^^^^^^ not found in this scope\n\nerror: aborting due to 2 previous errors\n\nFor more information about this error, try `rustc --explain E0425`.\n",
      "exit_code": 1,
      "status": "SyntaxError"
    },
    {
      "program": "/// Write a function to sum all amicable numbers from 1 to a specified number.\nfn amicable_numbers_sum(limit: isize) -> isize {\n    let mut sum = 0;\n    for i in 1..limit {\n        let a = sum_of_proper_divisors(i);\n        let b = sum_of_proper_divisors(a);\n        if b == i && a != b {\n            sum += i;\n        }\n    }\n    sum\n}\n\nfn main() {\n    let candidate = amicable_numbers_sum;\n    assert_eq!(candidate(999), 504);\n    assert_eq!(candidate(9999), 31626);\n    assert_eq!(candidate(99), 0);\n}\n",
      "timestamp": 1666122694,
      "stdout": "",
      "stderr": "error[E0425]: cannot find function `sum_of_proper_divisors` in this scope\n --> /tmp/tmpzy0w_fct.rs:5:17\n  |\n5 |         let a = sum_of_proper_divisors(i);\n  |                 ^^^^^^^^^^^^^^^^^^^^^^ not found in this scope\n\nerror[E0425]: cannot find function `sum_of_proper_divisors` in this scope\n --> /tmp/tmpzy0w_fct.rs:6:17\n  |\n6 |         let b = sum_of_proper_divisors(a);\n  |                 ^^^^^^^^^^^^^^^^^^^^^^ not found in this scope\n\nerror: aborting due to 2 previous errors\n\nFor more information about this error, try `rustc --explain E0425`.\n",
      "exit_code": 1,
      "status": "SyntaxError"
    },
    {
      "program": "/// Write a function to sum all amicable numbers from 1 to a specified number.\nfn amicable_numbers_sum(limit: isize) -> isize {\n    let mut sum = 0;\n    for i in 1..limit {\n        let j = sum_proper_divisors(i);\n        if i != j && sum_proper_divisors(j) == i {\n            sum += i;\n        }\n    }\n    sum\n}\n\nfn main() {\n    let candidate = amicable_numbers_sum;\n    assert_eq!(candidate(999), 504);\n    assert_eq!(candidate(9999), 31626);\n    assert_eq!(candidate(99), 0);\n}\n",
      "timestamp": 1666122693,
      "stdout": "",
      "stderr": "error[E0425]: cannot find function `sum_proper_divisors` in this scope\n --> /tmp/tmp6zqcp8zu.rs:5:17\n  |\n5 |         let j = sum_proper_divisors(i);\n  |                 ^^^^^^^^^^^^^^^^^^^ not found in this scope\n\nerror[E0425]: cannot find function `sum_proper_divisors` in this scope\n --> /tmp/tmp6zqcp8zu.rs:6:22\n  |\n6 |         if i != j && sum_proper_divisors(j) == i {\n  |                      ^^^^^^^^^^^^^^^^^^^ not found in this scope\n\nerror: aborting due to 2 previous errors\n\nFor more information about this error, try `rustc --explain E0425`.\n",
      "exit_code": 1,
      "status": "SyntaxError"
    },
    {
      "program": "/// Write a function to sum all amicable numbers from 1 to a specified number.\nfn amicable_numbers_sum(limit: isize) -> isize {\n    let mut sum = 0;\n    for i in 1..limit {\n        let d = divisors_sum(i);\n        if d > i && divisors_sum(d) == i {\n            sum += i;\n        }\n    }\n    sum\n}\n\nfn main() {\n    let candidate = amicable_numbers_sum;\n    assert_eq!(candidate(999), 504);\n    assert_eq!(candidate(9999), 31626);\n    assert_eq!(candidate(99), 0);\n}\n",
      "timestamp": 1666122694,
      "stdout": "",
      "stderr": "error[E0425]: cannot find function `divisors_sum` in this scope\n --> /tmp/tmpivbxg00h.rs:5:17\n  |\n5 |         let d = divisors_sum(i);\n  |                 ^^^^^^^^^^^^ not found in this scope\n\nerror[E0425]: cannot find function `divisors_sum` in this scope\n --> /tmp/tmpivbxg00h.rs:6:21\n  |\n6 |         if d > i && divisors_sum(d) == i {\n  |                     ^^^^^^^^^^^^ not found in this scope\n\nerror: aborting due to 2 previous errors\n\nFor more information about this error, try `rustc --explain E0425`.\n",
      "exit_code": 1,
      "status": "SyntaxError"
    },
    {
      "program": "/// Write a function to sum all amicable numbers from 1 to a specified number.\nfn amicable_numbers_sum(limit: isize) -> isize {\n    let mut sum = 0;\n    for i in 1..limit {\n        let j = sum_proper_divisors(i);\n        if i != j && sum_proper_divisors(j) == i {\n            sum += i;\n        }\n    }\n    sum\n}\n\nfn main() {\n    let candidate = amicable_numbers_sum;\n    assert_eq!(candidate(999), 504);\n    assert_eq!(candidate(9999), 31626);\n    assert_eq!(candidate(99), 0);\n}\n",
      "timestamp": 1666122693,
      "stdout": "",
      "stderr": "error[E0425]: cannot find function `sum_proper_divisors` in this scope\n --> /tmp/tmp6zqcp8zu.rs:5:17\n  |\n5 |         let j = sum_proper_divisors(i);\n  |                 ^^^^^^^^^^^^^^^^^^^ not found in this scope\n\nerror[E0425]: cannot find function `sum_proper_divisors` in this scope\n --> /tmp/tmp6zqcp8zu.rs:6:22\n  |\n6 |         if i != j && sum_proper_divisors(j) == i {\n  |                      ^^^^^^^^^^^^^^^^^^^ not found in this scope\n\nerror: aborting due to 2 previous errors\n\nFor more information about this error, try `rustc --explain E0425`.\n",
      "exit_code": 1,
      "status": "SyntaxError"
    },
    {
      "program": "/// Write a function to sum all amicable numbers from 1 to a specified number.\nfn amicable_numbers_sum(limit: isize) -> isize {\n    let mut sum = 0;\n    for i in 1..limit {\n        let a = sum_of_divisors(i);\n        if a > i && sum_of_divisors(a) == i {\n            sum += i + a;\n        }\n    }\n    sum\n}\n\nfn main() {\n    let candidate = amicable_numbers_sum;\n    assert_eq!(candidate(999), 504);\n    assert_eq!(candidate(9999), 31626);\n    assert_eq!(candidate(99), 0);\n}\n",
      "timestamp": 1665517254,
      "stdout": "",
      "stderr": "error[E0425]: cannot find function `sum_of_divisors` in this scope\n --> /tmp/tmpbklirzsq.rs:5:17\n  |\n5 |         let a = sum_of_divisors(i);\n  |                 ^^^^^^^^^^^^^^^ not found in this scope\n\nerror[E0425]: cannot find function `sum_of_divisors` in this scope\n --> /tmp/tmpbklirzsq.rs:6:21\n  |\n6 |         if a > i && sum_of_divisors(a) == i {\n  |                     ^^^^^^^^^^^^^^^ not found in this scope\n\nerror: aborting due to 2 previous errors\n\nFor more information about this error, try `rustc --explain E0425`.\n",
      "exit_code": 1,
      "status": "SyntaxError"
    },
    {
      "program": "/// Write a function to sum all amicable numbers from 1 to a specified number.\nfn amicable_numbers_sum(limit: isize) -> isize {\n    let mut sum = 0;\n    for i in 1..limit {\n        let a = sum_of_divisors(i);\n        if a != i && sum_of_divisors(a) == i {\n            sum += i;\n        }\n    }\n    sum\n}\n\nfn main() {\n    let candidate = amicable_numbers_sum;\n    assert_eq!(candidate(999), 504);\n    assert_eq!(candidate(9999), 31626);\n    assert_eq!(candidate(99), 0);\n}\n",
      "timestamp": 1665517254,
      "stdout": "",
      "stderr": "error[E0425]: cannot find function `sum_of_divisors` in this scope\n --> /tmp/tmpbkukonmr.rs:5:17\n  |\n5 |         let a = sum_of_divisors(i);\n  |                 ^^^^^^^^^^^^^^^ not found in this scope\n\nerror[E0425]: cannot find function `sum_of_divisors` in this scope\n --> /tmp/tmpbkukonmr.rs:6:22\n  |\n6 |         if a != i && sum_of_divisors(a) == i {\n  |                      ^^^^^^^^^^^^^^^ not found in this scope\n\nerror: aborting due to 2 previous errors\n\nFor more information about this error, try `rustc --explain E0425`.\n",
      "exit_code": 1,
      "status": "SyntaxError"
    },
    {
      "program": "/// Write a function to sum all amicable numbers from 1 to a specified number.\nfn amicable_numbers_sum(limit: isize) -> isize {\n    let mut sum = 0;\n    for i in 1..limit {\n        let a = divisors_sum(i);\n        if a > i && divisors_sum(a) == i {\n            sum += i;\n        }\n    }\n    sum\n}\n\nfn main() {\n    let candidate = amicable_numbers_sum;\n    assert_eq!(candidate(999), 504);\n    assert_eq!(candidate(9999), 31626);\n    assert_eq!(candidate(99), 0);\n}\n",
      "timestamp": 1666122693,
      "stdout": "",
      "stderr": "error[E0425]: cannot find function `divisors_sum` in this scope\n --> /tmp/tmpgabfs0ta.rs:5:17\n  |\n5 |         let a = divisors_sum(i);\n  |                 ^^^^^^^^^^^^ not found in this scope\n\nerror[E0425]: cannot find function `divisors_sum` in this scope\n --> /tmp/tmpgabfs0ta.rs:6:21\n  |\n6 |         if a > i && divisors_sum(a) == i {\n  |                     ^^^^^^^^^^^^ not found in this scope\n\nerror: aborting due to 2 previous errors\n\nFor more information about this error, try `rustc --explain E0425`.\n",
      "exit_code": 1,
      "status": "SyntaxError"
    },
    {
      "program": "/// Write a function to sum all amicable numbers from 1 to a specified number.\nfn amicable_numbers_sum(limit: isize) -> isize {\n    let mut sum = 0;\n    for i in 1..limit {\n        let j = sum_of_divisors(i);\n        if i != j && sum_of_divisors(j) == i {\n            sum += i;\n        }\n    }\n    sum\n}\n\nfn main() {\n    let candidate = amicable_numbers_sum;\n    assert_eq!(candidate(999), 504);\n    assert_eq!(candidate(9999), 31626);\n    assert_eq!(candidate(99), 0);\n}\n",
      "timestamp": 1665517254,
      "stdout": "",
      "stderr": "error[E0425]: cannot find function `sum_of_divisors` in this scope\n --> /tmp/tmpp9vtgvb3.rs:5:17\n  |\n5 |         let j = sum_of_divisors(i);\n  |                 ^^^^^^^^^^^^^^^ not found in this scope\n\nerror[E0425]: cannot find function `sum_of_divisors` in this scope\n --> /tmp/tmpp9vtgvb3.rs:6:22\n  |\n6 |         if i != j && sum_of_divisors(j) == i {\n  |                      ^^^^^^^^^^^^^^^ not found in this scope\n\nerror: aborting due to 2 previous errors\n\nFor more information about this error, try `rustc --explain E0425`.\n",
      "exit_code": 1,
      "status": "SyntaxError"
    },
    {
      "program": "/// Write a function to sum all amicable numbers from 1 to a specified number.\nfn amicable_numbers_sum(limit: isize) -> isize {\n    let mut sum = 0;\n    for i in 1..limit {\n        let a = sum_proper_divisors(i);\n        let b = sum_proper_divisors(a);\n        if i == b && a != b {\n            sum += i;\n        }\n    }\n    sum\n}\n\nfn main() {\n    let candidate = amicable_numbers_sum;\n    assert_eq!(candidate(999), 504);\n    assert_eq!(candidate(9999), 31626);\n    assert_eq!(candidate(99), 0);\n}\n",
      "timestamp": 1666122693,
      "stdout": "",
      "stderr": "error[E0425]: cannot find function `sum_proper_divisors` in this scope\n --> /tmp/tmp0yy2lclf.rs:5:17\n  |\n5 |         let a = sum_proper_divisors(i);\n  |                 ^^^^^^^^^^^^^^^^^^^ not found in this scope\n\nerror[E0425]: cannot find function `sum_proper_divisors` in this scope\n --> /tmp/tmp0yy2lclf.rs:6:17\n  |\n6 |         let b = sum_proper_divisors(a);\n  |                 ^^^^^^^^^^^^^^^^^^^ not found in this scope\n\nerror: aborting due to 2 previous errors\n\nFor more information about this error, try `rustc --explain E0425`.\n",
      "exit_code": 1,
      "status": "SyntaxError"
    },
    {
      "program": "/// Write a function to sum all amicable numbers from 1 to a specified number.\nfn amicable_numbers_sum(limit: isize) -> isize {\n    let mut sum = 0;\n    for i in 1..limit {\n        let a = sum_of_divisors(i);\n        if a > i && sum_of_divisors(a) == i {\n            sum += i + a;\n        }\n    }\n    sum\n}\n\nfn main() {\n    let candidate = amicable_numbers_sum;\n    assert_eq!(candidate(999), 504);\n    assert_eq!(candidate(9999), 31626);\n    assert_eq!(candidate(99), 0);\n}\n",
      "timestamp": 1665517254,
      "stdout": "",
      "stderr": "error[E0425]: cannot find function `sum_of_divisors` in this scope\n --> /tmp/tmpbklirzsq.rs:5:17\n  |\n5 |         let a = sum_of_divisors(i);\n  |                 ^^^^^^^^^^^^^^^ not found in this scope\n\nerror[E0425]: cannot find function `sum_of_divisors` in this scope\n --> /tmp/tmpbklirzsq.rs:6:21\n  |\n6 |         if a > i && sum_of_divisors(a) == i {\n  |                     ^^^^^^^^^^^^^^^ not found in this scope\n\nerror: aborting due to 2 previous errors\n\nFor more information about this error, try `rustc --explain E0425`.\n",
      "exit_code": 1,
      "status": "SyntaxError"
    },
    {
      "program": "/// Write a function to sum all amicable numbers from 1 to a specified number.\nfn amicable_numbers_sum(limit: isize) -> isize {\n    let mut sum = 0;\n    for i in 1..limit {\n        let a = sum_of_divisors(i);\n        if a != i && sum_of_divisors(a) == i {\n            sum += i;\n        }\n    }\n    sum\n}\n\nfn main() {\n    let candidate = amicable_numbers_sum;\n    assert_eq!(candidate(999), 504);\n    assert_eq!(candidate(9999), 31626);\n    assert_eq!(candidate(99), 0);\n}\n",
      "timestamp": 1665517254,
      "stdout": "",
      "stderr": "error[E0425]: cannot find function `sum_of_divisors` in this scope\n --> /tmp/tmpbkukonmr.rs:5:17\n  |\n5 |         let a = sum_of_divisors(i);\n  |                 ^^^^^^^^^^^^^^^ not found in this scope\n\nerror[E0425]: cannot find function `sum_of_divisors` in this scope\n --> /tmp/tmpbkukonmr.rs:6:22\n  |\n6 |         if a != i && sum_of_divisors(a) == i {\n  |                      ^^^^^^^^^^^^^^^ not found in this scope\n\nerror: aborting due to 2 previous errors\n\nFor more information about this error, try `rustc --explain E0425`.\n",
      "exit_code": 1,
      "status": "SyntaxError"
    },
    {
      "program": "/// Write a function to sum all amicable numbers from 1 to a specified number.\nfn amicable_numbers_sum(limit: isize) -> isize {\n    let mut sum = 0;\n    for i in 1..limit {\n        let a = sum_divisors(i);\n        if a == i {\n            continue;\n        }\n        if sum_divisors(a) == i {\n            sum += i;\n        }\n    }\n    sum\n}\n\nfn main() {\n    let candidate = amicable_numbers_sum;\n    assert_eq!(candidate(999), 504);\n    assert_eq!(candidate(9999), 31626);\n    assert_eq!(candidate(99), 0);\n}\n",
      "timestamp": 1666122694,
      "stdout": "",
      "stderr": "error[E0425]: cannot find function `sum_divisors` in this scope\n --> /tmp/tmp2ecp07rw.rs:5:17\n  |\n5 |         let a = sum_divisors(i);\n  |                 ^^^^^^^^^^^^ not found in this scope\n\nerror[E0425]: cannot find function `sum_divisors` in this scope\n --> /tmp/tmp2ecp07rw.rs:9:12\n  |\n9 |         if sum_divisors(a) == i {\n  |            ^^^^^^^^^^^^ not found in this scope\n\nerror: aborting due to 2 previous errors\n\nFor more information about this error, try `rustc --explain E0425`.\n",
      "exit_code": 1,
      "status": "SyntaxError"
    },
    {
      "program": "/// Write a function to sum all amicable numbers from 1 to a specified number.\nfn amicable_numbers_sum(limit: isize) -> isize {\n    let mut sum = 0;\n    for i in 1..limit {\n        let a = sum_of_divisors(i);\n        if a > i && sum_of_divisors(a) == i {\n            sum += i + a;\n        }\n    }\n    sum\n}\n\nfn main() {\n    let candidate = amicable_numbers_sum;\n    assert_eq!(candidate(999), 504);\n    assert_eq!(candidate(9999), 31626);\n    assert_eq!(candidate(99), 0);\n}\n",
      "timestamp": 1665517254,
      "stdout": "",
      "stderr": "error[E0425]: cannot find function `sum_of_divisors` in this scope\n --> /tmp/tmpbklirzsq.rs:5:17\n  |\n5 |         let a = sum_of_divisors(i);\n  |                 ^^^^^^^^^^^^^^^ not found in this scope\n\nerror[E0425]: cannot find function `sum_of_divisors` in this scope\n --> /tmp/tmpbklirzsq.rs:6:21\n  |\n6 |         if a > i && sum_of_divisors(a) == i {\n  |                     ^^^^^^^^^^^^^^^ not found in this scope\n\nerror: aborting due to 2 previous errors\n\nFor more information about this error, try `rustc --explain E0425`.\n",
      "exit_code": 1,
      "status": "SyntaxError"
    },
    {
      "program": "/// Write a function to sum all amicable numbers from 1 to a specified number.\nfn amicable_numbers_sum(limit: isize) -> isize {\n    let mut sum = 0;\n    for i in 1..limit {\n        let a = sum_of_divisors(i);\n        if a > i && sum_of_divisors(a) == i {\n            sum += a + i;\n        }\n    }\n    sum\n}\n\nfn main() {\n    let candidate = amicable_numbers_sum;\n    assert_eq!(candidate(999), 504);\n    assert_eq!(candidate(9999), 31626);\n    assert_eq!(candidate(99), 0);\n}\n",
      "timestamp": 1665517254,
      "stdout": "",
      "stderr": "error[E0425]: cannot find function `sum_of_divisors` in this scope\n --> /tmp/tmp6pu2i3_1.rs:5:17\n  |\n5 |         let a = sum_of_divisors(i);\n  |                 ^^^^^^^^^^^^^^^ not found in this scope\n\nerror[E0425]: cannot find function `sum_of_divisors` in this scope\n --> /tmp/tmp6pu2i3_1.rs:6:21\n  |\n6 |         if a > i && sum_of_divisors(a) == i {\n  |                     ^^^^^^^^^^^^^^^ not found in this scope\n\nerror: aborting due to 2 previous errors\n\nFor more information about this error, try `rustc --explain E0425`.\n",
      "exit_code": 1,
      "status": "SyntaxError"
    },
    {
      "program": "/// Write a function to sum all amicable numbers from 1 to a specified number.\nfn amicable_numbers_sum(limit: isize) -> isize {\n    let mut sum = 0;\n    for n in 1..limit {\n        let m = sum_of_divisors(n);\n        if m > n && sum_of_divisors(m) == n {\n            sum += n + m;\n        }\n    }\n    sum\n}\n\nfn main() {\n    let candidate = amicable_numbers_sum;\n    assert_eq!(candidate(999), 504);\n    assert_eq!(candidate(9999), 31626);\n    assert_eq!(candidate(99), 0);\n}\n",
      "timestamp": 1666122693,
      "stdout": "",
      "stderr": "error[E0425]: cannot find function `sum_of_divisors` in this scope\n --> /tmp/tmpm5agueng.rs:5:17\n  |\n5 |         let m = sum_of_divisors(n);\n  |                 ^^^^^^^^^^^^^^^ not found in this scope\n\nerror[E0425]: cannot find function `sum_of_divisors` in this scope\n --> /tmp/tmpm5agueng.rs:6:21\n  |\n6 |         if m > n && sum_of_divisors(m) == n {\n  |                     ^^^^^^^^^^^^^^^ not found in this scope\n\nerror: aborting due to 2 previous errors\n\nFor more information about this error, try `rustc --explain E0425`.\n",
      "exit_code": 1,
      "status": "SyntaxError"
    },
    {
      "program": "/// Write a function to sum all amicable numbers from 1 to a specified number.\nfn amicable_numbers_sum(limit: isize) -> isize {\n    let mut sum = 0;\n    for i in 1..limit {\n        let a = sum_divisors(i);\n        if a > i && sum_divisors(a) == i {\n            sum += i + a;\n        }\n    }\n    sum\n}\n\nfn main() {\n    let candidate = amicable_numbers_sum;\n    assert_eq!(candidate(999), 504);\n    assert_eq!(candidate(9999), 31626);\n    assert_eq!(candidate(99), 0);\n}\n",
      "timestamp": 1665517254,
      "stdout": "",
      "stderr": "error[E0425]: cannot find function `sum_divisors` in this scope\n --> /tmp/tmpcldzq3ke.rs:5:17\n  |\n5 |         let a = sum_divisors(i);\n  |                 ^^^^^^^^^^^^ not found in this scope\n\nerror[E0425]: cannot find function `sum_divisors` in this scope\n --> /tmp/tmpcldzq3ke.rs:6:21\n  |\n6 |         if a > i && sum_divisors(a) == i {\n  |                     ^^^^^^^^^^^^ not found in this scope\n\nerror: aborting due to 2 previous errors\n\nFor more information about this error, try `rustc --explain E0425`.\n",
      "exit_code": 1,
      "status": "SyntaxError"
    },
    {
      "program": "/// Write a function to sum all amicable numbers from 1 to a specified number.\nfn amicable_numbers_sum(limit: isize) -> isize {\n    let mut sum = 0;\n    for i in 1..limit {\n        let a = sum_divisors(i);\n        if a > i && sum_divisors(a) == i {\n            sum += i + a;\n        }\n    }\n    sum\n}\n\nfn main() {\n    let candidate = amicable_numbers_sum;\n    assert_eq!(candidate(999), 504);\n    assert_eq!(candidate(9999), 31626);\n    assert_eq!(candidate(99), 0);\n}\n",
      "timestamp": 1665517254,
      "stdout": "",
      "stderr": "error[E0425]: cannot find function `sum_divisors` in this scope\n --> /tmp/tmpcldzq3ke.rs:5:17\n  |\n5 |         let a = sum_divisors(i);\n  |                 ^^^^^^^^^^^^ not found in this scope\n\nerror[E0425]: cannot find function `sum_divisors` in this scope\n --> /tmp/tmpcldzq3ke.rs:6:21\n  |\n6 |         if a > i && sum_divisors(a) == i {\n  |                     ^^^^^^^^^^^^ not found in this scope\n\nerror: aborting due to 2 previous errors\n\nFor more information about this error, try `rustc --explain E0425`.\n",
      "exit_code": 1,
      "status": "SyntaxError"
    },
    {
      "program": "/// Write a function to sum all amicable numbers from 1 to a specified number.\nfn amicable_numbers_sum(limit: isize) -> isize {\n    let mut sum = 0;\n    for i in 1..limit {\n        let a = sum_of_divisors(i);\n        let b = sum_of_divisors(a);\n        if i == b && i != a {\n            sum += i;\n        }\n    }\n    sum\n}\n\nfn main() {\n    let candidate = amicable_numbers_sum;\n    assert_eq!(candidate(999), 504);\n    assert_eq!(candidate(9999), 31626);\n    assert_eq!(candidate(99), 0);\n}\n",
      "timestamp": 1665517254,
      "stdout": "",
      "stderr": "error[E0425]: cannot find function `sum_of_divisors` in this scope\n --> /tmp/tmpfwi6hjuj.rs:5:17\n  |\n5 |         let a = sum_of_divisors(i);\n  |                 ^^^^^^^^^^^^^^^ not found in this scope\n\nerror[E0425]: cannot find function `sum_of_divisors` in this scope\n --> /tmp/tmpfwi6hjuj.rs:6:17\n  |\n6 |         let b = sum_of_divisors(a);\n  |                 ^^^^^^^^^^^^^^^ not found in this scope\n\nerror: aborting due to 2 previous errors\n\nFor more information about this error, try `rustc --explain E0425`.\n",
      "exit_code": 1,
      "status": "SyntaxError"
    },
    {
      "program": "/// Write a function to sum all amicable numbers from 1 to a specified number.\nfn amicable_numbers_sum(limit: isize) -> isize {\n    let mut sum = 0;\n    for i in 1..limit {\n        let a = sum_of_divisors(i);\n        if a > i && sum_of_divisors(a) == i {\n            sum += i;\n        }\n    }\n    sum\n}\n\nfn main() {\n    let candidate = amicable_numbers_sum;\n    assert_eq!(candidate(999), 504);\n    assert_eq!(candidate(9999), 31626);\n    assert_eq!(candidate(99), 0);\n}\n",
      "timestamp": 1665517254,
      "stdout": "",
      "stderr": "error[E0425]: cannot find function `sum_of_divisors` in this scope\n --> /tmp/tmp7cdxi8em.rs:5:17\n  |\n5 |         let a = sum_of_divisors(i);\n  |                 ^^^^^^^^^^^^^^^ not found in this scope\n\nerror[E0425]: cannot find function `sum_of_divisors` in this scope\n --> /tmp/tmp7cdxi8em.rs:6:21\n  |\n6 |         if a > i && sum_of_divisors(a) == i {\n  |                     ^^^^^^^^^^^^^^^ not found in this scope\n\nerror: aborting due to 2 previous errors\n\nFor more information about this error, try `rustc --explain E0425`.\n",
      "exit_code": 1,
      "status": "SyntaxError"
    },
    {
      "program": "/// Write a function to sum all amicable numbers from 1 to a specified number.\nfn amicable_numbers_sum(limit: isize) -> isize {\n    let mut sum = 0;\n    for i in 1..limit {\n        let a = sum_divisors(i);\n        if i != a && sum_divisors(a) == i {\n            sum += i;\n        }\n    }\n    sum\n}\n\nfn main() {\n    let candidate = amicable_numbers_sum;\n    assert_eq!(candidate(999), 504);\n    assert_eq!(candidate(9999), 31626);\n    assert_eq!(candidate(99), 0);\n}\n",
      "timestamp": 1666122694,
      "stdout": "",
      "stderr": "error[E0425]: cannot find function `sum_divisors` in this scope\n --> /tmp/tmpugpmvuib.rs:5:17\n  |\n5 |         let a = sum_divisors(i);\n  |                 ^^^^^^^^^^^^ not found in this scope\n\nerror[E0425]: cannot find function `sum_divisors` in this scope\n --> /tmp/tmpugpmvuib.rs:6:22\n  |\n6 |         if i != a && sum_divisors(a) == i {\n  |                      ^^^^^^^^^^^^ not found in this scope\n\nerror: aborting due to 2 previous errors\n\nFor more information about this error, try `rustc --explain E0425`.\n",
      "exit_code": 1,
      "status": "SyntaxError"
    },
    {
      "program": "/// Write a function to sum all amicable numbers from 1 to a specified number.\nfn amicable_numbers_sum(limit: isize) -> isize {\n    let mut sum = 0;\n    for i in 1..limit {\n        let a = sum_proper_divisors(i);\n        if a > i && sum_proper_divisors(a) == i {\n            sum += i + a;\n        }\n    }\n    sum\n}\n\nfn main() {\n    let candidate = amicable_numbers_sum;\n    assert_eq!(candidate(999), 504);\n    assert_eq!(candidate(9999), 31626);\n    assert_eq!(candidate(99), 0);\n}\n",
      "timestamp": 1665517254,
      "stdout": "",
      "stderr": "error[E0425]: cannot find function `sum_proper_divisors` in this scope\n --> /tmp/tmpy8ne8g7e.rs:5:17\n  |\n5 |         let a = sum_proper_divisors(i);\n  |                 ^^^^^^^^^^^^^^^^^^^ not found in this scope\n\nerror[E0425]: cannot find function `sum_proper_divisors` in this scope\n --> /tmp/tmpy8ne8g7e.rs:6:21\n  |\n6 |         if a > i && sum_proper_divisors(a) == i {\n  |                     ^^^^^^^^^^^^^^^^^^^ not found in this scope\n\nerror: aborting due to 2 previous errors\n\nFor more information about this error, try `rustc --explain E0425`.\n",
      "exit_code": 1,
      "status": "SyntaxError"
    },
    {
      "program": "/// Write a function to sum all amicable numbers from 1 to a specified number.\nfn amicable_numbers_sum(limit: isize) -> isize {\n    let mut sum = 0;\n    for i in 1..limit {\n        let a = sum_of_divisors(i);\n        let b = sum_of_divisors(a);\n        if i == b && i != a {\n            sum += i;\n        }\n    }\n    sum\n}\n\nfn main() {\n    let candidate = amicable_numbers_sum;\n    assert_eq!(candidate(999), 504);\n    assert_eq!(candidate(9999), 31626);\n    assert_eq!(candidate(99), 0);\n}\n",
      "timestamp": 1665517254,
      "stdout": "",
      "stderr": "error[E0425]: cannot find function `sum_of_divisors` in this scope\n --> /tmp/tmpfwi6hjuj.rs:5:17\n  |\n5 |         let a = sum_of_divisors(i);\n  |                 ^^^^^^^^^^^^^^^ not found in this scope\n\nerror[E0425]: cannot find function `sum_of_divisors` in this scope\n --> /tmp/tmpfwi6hjuj.rs:6:17\n  |\n6 |         let b = sum_of_divisors(a);\n  |                 ^^^^^^^^^^^^^^^ not found in this scope\n\nerror: aborting due to 2 previous errors\n\nFor more information about this error, try `rustc --explain E0425`.\n",
      "exit_code": 1,
      "status": "SyntaxError"
    },
    {
      "program": "/// Write a function to sum all amicable numbers from 1 to a specified number.\nfn amicable_numbers_sum(limit: isize) -> isize {\n    let mut sum = 0;\n    for i in 1..limit {\n        let j = sum_of_divisors(i);\n        if i != j && sum_of_divisors(j) == i {\n            sum += i;\n        }\n    }\n    sum\n}\n\nfn main() {\n    let candidate = amicable_numbers_sum;\n    assert_eq!(candidate(999), 504);\n    assert_eq!(candidate(9999), 31626);\n    assert_eq!(candidate(99), 0);\n}\n",
      "timestamp": 1665517254,
      "stdout": "",
      "stderr": "error[E0425]: cannot find function `sum_of_divisors` in this scope\n --> /tmp/tmpp9vtgvb3.rs:5:17\n  |\n5 |         let j = sum_of_divisors(i);\n  |                 ^^^^^^^^^^^^^^^ not found in this scope\n\nerror[E0425]: cannot find function `sum_of_divisors` in this scope\n --> /tmp/tmpp9vtgvb3.rs:6:22\n  |\n6 |         if i != j && sum_of_divisors(j) == i {\n  |                      ^^^^^^^^^^^^^^^ not found in this scope\n\nerror: aborting due to 2 previous errors\n\nFor more information about this error, try `rustc --explain E0425`.\n",
      "exit_code": 1,
      "status": "SyntaxError"
    },
    {
      "program": "/// Write a function to sum all amicable numbers from 1 to a specified number.\nfn amicable_numbers_sum(limit: isize) -> isize {\n    let mut sum = 0;\n    for i in 1..limit {\n        let a = sum_of_proper_divisors(i);\n        if a != i && sum_of_proper_divisors(a) == i {\n            sum += i;\n        }\n    }\n    sum\n}\n\nfn main() {\n    let candidate = amicable_numbers_sum;\n    assert_eq!(candidate(999), 504);\n    assert_eq!(candidate(9999), 31626);\n    assert_eq!(candidate(99), 0);\n}\n",
      "timestamp": 1666122693,
      "stdout": "",
      "stderr": "error[E0425]: cannot find function `sum_of_proper_divisors` in this scope\n --> /tmp/tmpykw08k5y.rs:5:17\n  |\n5 |         let a = sum_of_proper_divisors(i);\n  |                 ^^^^^^^^^^^^^^^^^^^^^^ not found in this scope\n\nerror[E0425]: cannot find function `sum_of_proper_divisors` in this scope\n --> /tmp/tmpykw08k5y.rs:6:22\n  |\n6 |         if a != i && sum_of_proper_divisors(a) == i {\n  |                      ^^^^^^^^^^^^^^^^^^^^^^ not found in this scope\n\nerror: aborting due to 2 previous errors\n\nFor more information about this error, try `rustc --explain E0425`.\n",
      "exit_code": 1,
      "status": "SyntaxError"
    },
    {
      "program": "/// Write a function to sum all amicable numbers from 1 to a specified number.\nfn amicable_numbers_sum(limit: isize) -> isize {\n    let mut sum = 0;\n    for i in 1..limit {\n        let a = sum_divisors(i);\n        if a == i {\n            continue;\n        }\n        let b = sum_divisors(a);\n        if b == i {\n            sum += i;\n        }\n    }\n    sum\n}\n\nfn main() {\n    let candidate = amicable_numbers_sum;\n    assert_eq!(candidate(999), 504);\n    assert_eq!(candidate(9999), 31626);\n    assert_eq!(candidate(99), 0);\n}\n",
      "timestamp": 1666122694,
      "stdout": "",
      "stderr": "error[E0425]: cannot find function `sum_divisors` in this scope\n --> /tmp/tmp_yhkuhzs.rs:5:17\n  |\n5 |         let a = sum_divisors(i);\n  |                 ^^^^^^^^^^^^ not found in this scope\n\nerror[E0425]: cannot find function `sum_divisors` in this scope\n --> /tmp/tmp_yhkuhzs.rs:9:17\n  |\n9 |         let b = sum_divisors(a);\n  |                 ^^^^^^^^^^^^ not found in this scope\n\nerror: aborting due to 2 previous errors\n\nFor more information about this error, try `rustc --explain E0425`.\n",
      "exit_code": 1,
      "status": "SyntaxError"
    },
    {
      "program": "/// Write a function to sum all amicable numbers from 1 to a specified number.\nfn amicable_numbers_sum(limit: isize) -> isize {\n    let mut sum = 0;\n    for i in 1..limit {\n        let a = sum_divisors(i);\n        if a > i && sum_divisors(a) == i {\n            sum += i + a;\n        }\n    }\n    sum\n}\n\nfn main() {\n    let candidate = amicable_numbers_sum;\n    assert_eq!(candidate(999), 504);\n    assert_eq!(candidate(9999), 31626);\n    assert_eq!(candidate(99), 0);\n}\n",
      "timestamp": 1665517254,
      "stdout": "",
      "stderr": "error[E0425]: cannot find function `sum_divisors` in this scope\n --> /tmp/tmpcldzq3ke.rs:5:17\n  |\n5 |         let a = sum_divisors(i);\n  |                 ^^^^^^^^^^^^ not found in this scope\n\nerror[E0425]: cannot find function `sum_divisors` in this scope\n --> /tmp/tmpcldzq3ke.rs:6:21\n  |\n6 |         if a > i && sum_divisors(a) == i {\n  |                     ^^^^^^^^^^^^ not found in this scope\n\nerror: aborting due to 2 previous errors\n\nFor more information about this error, try `rustc --explain E0425`.\n",
      "exit_code": 1,
      "status": "SyntaxError"
    },
    {
      "program": "/// Write a function to sum all amicable numbers from 1 to a specified number.\nfn amicable_numbers_sum(limit: isize) -> isize {\n    let mut sum = 0;\n    for i in 1..limit {\n        let a = sum_divisors(i);\n        if a > i && a < limit && sum_divisors(a) == i {\n            sum += a + i;\n        }\n    }\n    sum\n}\n\nfn main() {\n    let candidate = amicable_numbers_sum;\n    assert_eq!(candidate(999), 504);\n    assert_eq!(candidate(9999), 31626);\n    assert_eq!(candidate(99), 0);\n}\n",
      "timestamp": 1666122694,
      "stdout": "",
      "stderr": "error[E0425]: cannot find function `sum_divisors` in this scope\n --> /tmp/tmpo0f_33zf.rs:5:17\n  |\n5 |         let a = sum_divisors(i);\n  |                 ^^^^^^^^^^^^ not found in this scope\n\nerror[E0425]: cannot find function `sum_divisors` in this scope\n --> /tmp/tmpo0f_33zf.rs:6:34\n  |\n6 |         if a > i && a < limit && sum_divisors(a) == i {\n  |                                  ^^^^^^^^^^^^ not found in this scope\n\nerror: aborting due to 2 previous errors\n\nFor more information about this error, try `rustc --explain E0425`.\n",
      "exit_code": 1,
      "status": "SyntaxError"
    },
    {
      "program": "/// Write a function to sum all amicable numbers from 1 to a specified number.\nfn amicable_numbers_sum(limit: isize) -> isize {\n    let mut sum = 0;\n    for i in 1..limit {\n        let j = sum_proper_divisors(i);\n        if i == sum_proper_divisors(j) && i != j {\n            sum += i;\n        }\n    }\n    sum\n}\n\nfn main() {\n    let candidate = amicable_numbers_sum;\n    assert_eq!(candidate(999), 504);\n    assert_eq!(candidate(9999), 31626);\n    assert_eq!(candidate(99), 0);\n}\n",
      "timestamp": 1666122693,
      "stdout": "",
      "stderr": "error[E0425]: cannot find function `sum_proper_divisors` in this scope\n --> /tmp/tmpn59ljkco.rs:5:17\n  |\n5 |         let j = sum_proper_divisors(i);\n  |                 ^^^^^^^^^^^^^^^^^^^ not found in this scope\n\nerror[E0425]: cannot find function `sum_proper_divisors` in this scope\n --> /tmp/tmpn59ljkco.rs:6:17\n  |\n6 |         if i == sum_proper_divisors(j) && i != j {\n  |                 ^^^^^^^^^^^^^^^^^^^ not found in this scope\n\nerror: aborting due to 2 previous errors\n\nFor more information about this error, try `rustc --explain E0425`.\n",
      "exit_code": 1,
      "status": "SyntaxError"
    },
    {
      "program": "/// Write a function to sum all amicable numbers from 1 to a specified number.\nfn amicable_numbers_sum(limit: isize) -> isize {\n    let mut sum = 0;\n    for i in 1..limit {\n        let a = sum_of_divisors(i);\n        if a > i && sum_of_divisors(a) == i {\n            sum += a + i;\n        }\n    }\n    sum\n}\n\nfn main() {\n    let candidate = amicable_numbers_sum;\n    assert_eq!(candidate(999), 504);\n    assert_eq!(candidate(9999), 31626);\n    assert_eq!(candidate(99), 0);\n}\n",
      "timestamp": 1665517254,
      "stdout": "",
      "stderr": "error[E0425]: cannot find function `sum_of_divisors` in this scope\n --> /tmp/tmp6pu2i3_1.rs:5:17\n  |\n5 |         let a = sum_of_divisors(i);\n  |                 ^^^^^^^^^^^^^^^ not found in this scope\n\nerror[E0425]: cannot find function `sum_of_divisors` in this scope\n --> /tmp/tmp6pu2i3_1.rs:6:21\n  |\n6 |         if a > i && sum_of_divisors(a) == i {\n  |                     ^^^^^^^^^^^^^^^ not found in this scope\n\nerror: aborting due to 2 previous errors\n\nFor more information about this error, try `rustc --explain E0425`.\n",
      "exit_code": 1,
      "status": "SyntaxError"
    },
    {
      "program": "/// Write a function to sum all amicable numbers from 1 to a specified number.\nfn amicable_numbers_sum(limit: isize) -> isize {\n    let mut sum = 0;\n    for i in 1..limit {\n        let a = sum_of_divisors(i);\n        if a > i && sum_of_divisors(a) == i {\n            sum += i + a;\n        }\n    }\n    sum\n}\n\nfn main() {\n    let candidate = amicable_numbers_sum;\n    assert_eq!(candidate(999), 504);\n    assert_eq!(candidate(9999), 31626);\n    assert_eq!(candidate(99), 0);\n}\n",
      "timestamp": 1665517254,
      "stdout": "",
      "stderr": "error[E0425]: cannot find function `sum_of_divisors` in this scope\n --> /tmp/tmpbklirzsq.rs:5:17\n  |\n5 |         let a = sum_of_divisors(i);\n  |                 ^^^^^^^^^^^^^^^ not found in this scope\n\nerror[E0425]: cannot find function `sum_of_divisors` in this scope\n --> /tmp/tmpbklirzsq.rs:6:21\n  |\n6 |         if a > i && sum_of_divisors(a) == i {\n  |                     ^^^^^^^^^^^^^^^ not found in this scope\n\nerror: aborting due to 2 previous errors\n\nFor more information about this error, try `rustc --explain E0425`.\n",
      "exit_code": 1,
      "status": "SyntaxError"
    },
    {
      "program": "/// Write a function to sum all amicable numbers from 1 to a specified number.\nfn amicable_numbers_sum(limit: isize) -> isize {\n    let mut sum = 0;\n    for i in 1..limit {\n        let j = sum_of_divisors(i);\n        if i == sum_of_divisors(j) && i != j {\n            sum += i;\n        }\n    }\n    sum\n}\n\nfn main() {\n    let candidate = amicable_numbers_sum;\n    assert_eq!(candidate(999), 504);\n    assert_eq!(candidate(9999), 31626);\n    assert_eq!(candidate(99), 0);\n}\n",
      "timestamp": 1666122693,
      "stdout": "",
      "stderr": "error[E0425]: cannot find function `sum_of_divisors` in this scope\n --> /tmp/tmpd8dsh9w2.rs:5:17\n  |\n5 |         let j = sum_of_divisors(i);\n  |                 ^^^^^^^^^^^^^^^ not found in this scope\n\nerror[E0425]: cannot find function `sum_of_divisors` in this scope\n --> /tmp/tmpd8dsh9w2.rs:6:17\n  |\n6 |         if i == sum_of_divisors(j) && i != j {\n  |                 ^^^^^^^^^^^^^^^ not found in this scope\n\nerror: aborting due to 2 previous errors\n\nFor more information about this error, try `rustc --explain E0425`.\n",
      "exit_code": 1,
      "status": "SyntaxError"
    },
    {
      "program": "/// Write a function to sum all amicable numbers from 1 to a specified number.\nfn amicable_numbers_sum(limit: isize) -> isize {\n    let mut sum = 0;\n    for i in 1..limit {\n        let a = sum_of_divisors(i);\n        if a > i && sum_of_divisors(a) == i {\n            sum += i + a;\n        }\n    }\n    sum\n}\n\nfn main() {\n    let candidate = amicable_numbers_sum;\n    assert_eq!(candidate(999), 504);\n    assert_eq!(candidate(9999), 31626);\n    assert_eq!(candidate(99), 0);\n}\n",
      "timestamp": 1665517254,
      "stdout": "",
      "stderr": "error[E0425]: cannot find function `sum_of_divisors` in this scope\n --> /tmp/tmpbklirzsq.rs:5:17\n  |\n5 |         let a = sum_of_divisors(i);\n  |                 ^^^^^^^^^^^^^^^ not found in this scope\n\nerror[E0425]: cannot find function `sum_of_divisors` in this scope\n --> /tmp/tmpbklirzsq.rs:6:21\n  |\n6 |         if a > i && sum_of_divisors(a) == i {\n  |                     ^^^^^^^^^^^^^^^ not found in this scope\n\nerror: aborting due to 2 previous errors\n\nFor more information about this error, try `rustc --explain E0425`.\n",
      "exit_code": 1,
      "status": "SyntaxError"
    },
    {
      "program": "/// Write a function to sum all amicable numbers from 1 to a specified number.\nfn amicable_numbers_sum(limit: isize) -> isize {\n    let mut sum = 0;\n    for i in 1..limit {\n        let a = sum_divisors(i);\n        if a == i {\n            continue;\n        }\n        let b = sum_divisors(a);\n        if b == i {\n            sum += i;\n        }\n    }\n    sum\n}\n\nfn main() {\n    let candidate = amicable_numbers_sum;\n    assert_eq!(candidate(999), 504);\n    assert_eq!(candidate(9999), 31626);\n    assert_eq!(candidate(99), 0);\n}\n",
      "timestamp": 1666122694,
      "stdout": "",
      "stderr": "error[E0425]: cannot find function `sum_divisors` in this scope\n --> /tmp/tmp_yhkuhzs.rs:5:17\n  |\n5 |         let a = sum_divisors(i);\n  |                 ^^^^^^^^^^^^ not found in this scope\n\nerror[E0425]: cannot find function `sum_divisors` in this scope\n --> /tmp/tmp_yhkuhzs.rs:9:17\n  |\n9 |         let b = sum_divisors(a);\n  |                 ^^^^^^^^^^^^ not found in this scope\n\nerror: aborting due to 2 previous errors\n\nFor more information about this error, try `rustc --explain E0425`.\n",
      "exit_code": 1,
      "status": "SyntaxError"
    },
    {
      "program": "/// Write a function to sum all amicable numbers from 1 to a specified number.\nfn amicable_numbers_sum(limit: isize) -> isize {\n    let mut sum = 0;\n    for i in 1..limit {\n        let j = proper_divisors_sum(i);\n        if j != i && proper_divisors_sum(j) == i {\n            sum += i;\n        }\n    }\n    sum\n}\n\nfn main() {\n    let candidate = amicable_numbers_sum;\n    assert_eq!(candidate(999), 504);\n    assert_eq!(candidate(9999), 31626);\n    assert_eq!(candidate(99), 0);\n}\n",
      "timestamp": 1666122694,
      "stdout": "",
      "stderr": "error[E0425]: cannot find function `proper_divisors_sum` in this scope\n --> /tmp/tmpbc7z2piv.rs:5:17\n  |\n5 |         let j = proper_divisors_sum(i);\n  |                 ^^^^^^^^^^^^^^^^^^^ not found in this scope\n\nerror[E0425]: cannot find function `proper_divisors_sum` in this scope\n --> /tmp/tmpbc7z2piv.rs:6:22\n  |\n6 |         if j != i && proper_divisors_sum(j) == i {\n  |                      ^^^^^^^^^^^^^^^^^^^ not found in this scope\n\nerror: aborting due to 2 previous errors\n\nFor more information about this error, try `rustc --explain E0425`.\n",
      "exit_code": 1,
      "status": "SyntaxError"
    },
    {
      "program": "/// Write a function to sum all amicable numbers from 1 to a specified number.\nfn amicable_numbers_sum(limit: isize) -> isize {\n    let mut sum = 0;\n    for i in 1..limit {\n        let a = sum_proper_divisors(i);\n        let b = sum_proper_divisors(a);\n        if i == b && i != a {\n            sum += i;\n        }\n    }\n    sum\n}\n\nfn main() {\n    let candidate = amicable_numbers_sum;\n    assert_eq!(candidate(999), 504);\n    assert_eq!(candidate(9999), 31626);\n    assert_eq!(candidate(99), 0);\n}\n",
      "timestamp": 1665517254,
      "stdout": "",
      "stderr": "error[E0425]: cannot find function `sum_proper_divisors` in this scope\n --> /tmp/tmp64uga_pc.rs:5:17\n  |\n5 |         let a = sum_proper_divisors(i);\n  |                 ^^^^^^^^^^^^^^^^^^^ not found in this scope\n\nerror[E0425]: cannot find function `sum_proper_divisors` in this scope\n --> /tmp/tmp64uga_pc.rs:6:17\n  |\n6 |         let b = sum_proper_divisors(a);\n  |                 ^^^^^^^^^^^^^^^^^^^ not found in this scope\n\nerror: aborting due to 2 previous errors\n\nFor more information about this error, try `rustc --explain E0425`.\n",
      "exit_code": 1,
      "status": "SyntaxError"
    },
    {
      "program": "/// Write a function to sum all amicable numbers from 1 to a specified number.\nfn amicable_numbers_sum(limit: isize) -> isize {\n    let mut sum = 0;\n    for i in 1..limit {\n        let a = sum_of_divisors(i);\n        if a > i && sum_of_divisors(a) == i {\n            sum += i + a;\n        }\n    }\n    sum\n}\n\nfn main() {\n    let candidate = amicable_numbers_sum;\n    assert_eq!(candidate(999), 504);\n    assert_eq!(candidate(9999), 31626);\n    assert_eq!(candidate(99), 0);\n}\n",
      "timestamp": 1665517254,
      "stdout": "",
      "stderr": "error[E0425]: cannot find function `sum_of_divisors` in this scope\n --> /tmp/tmpbklirzsq.rs:5:17\n  |\n5 |         let a = sum_of_divisors(i);\n  |                 ^^^^^^^^^^^^^^^ not found in this scope\n\nerror[E0425]: cannot find function `sum_of_divisors` in this scope\n --> /tmp/tmpbklirzsq.rs:6:21\n  |\n6 |         if a > i && sum_of_divisors(a) == i {\n  |                     ^^^^^^^^^^^^^^^ not found in this scope\n\nerror: aborting due to 2 previous errors\n\nFor more information about this error, try `rustc --explain E0425`.\n",
      "exit_code": 1,
      "status": "SyntaxError"
    },
    {
      "program": "/// Write a function to sum all amicable numbers from 1 to a specified number.\nfn amicable_numbers_sum(limit: isize) -> isize {\n    let mut sum = 0;\n    for i in 1..limit {\n        let a = sum_proper_divisors(i);\n        if a > i && sum_proper_divisors(a) == i {\n            sum += i + a;\n        }\n    }\n    sum\n}\n\nfn main() {\n    let candidate = amicable_numbers_sum;\n    assert_eq!(candidate(999), 504);\n    assert_eq!(candidate(9999), 31626);\n    assert_eq!(candidate(99), 0);\n}\n",
      "timestamp": 1665517254,
      "stdout": "",
      "stderr": "error[E0425]: cannot find function `sum_proper_divisors` in this scope\n --> /tmp/tmpy8ne8g7e.rs:5:17\n  |\n5 |         let a = sum_proper_divisors(i);\n  |                 ^^^^^^^^^^^^^^^^^^^ not found in this scope\n\nerror[E0425]: cannot find function `sum_proper_divisors` in this scope\n --> /tmp/tmpy8ne8g7e.rs:6:21\n  |\n6 |         if a > i && sum_proper_divisors(a) == i {\n  |                     ^^^^^^^^^^^^^^^^^^^ not found in this scope\n\nerror: aborting due to 2 previous errors\n\nFor more information about this error, try `rustc --explain E0425`.\n",
      "exit_code": 1,
      "status": "SyntaxError"
    },
    {
      "program": "/// Write a function to sum all amicable numbers from 1 to a specified number.\nfn amicable_numbers_sum(limit: isize) -> isize {\n    let mut sum = 0;\n    for n in 1..limit {\n        let m = sum_of_divisors(n);\n        if n != m && sum_of_divisors(m) == n {\n            sum += n;\n        }\n    }\n    sum\n}\n\nfn main() {\n    let candidate = amicable_numbers_sum;\n    assert_eq!(candidate(999), 504);\n    assert_eq!(candidate(9999), 31626);\n    assert_eq!(candidate(99), 0);\n}\n",
      "timestamp": 1665517254,
      "stdout": "",
      "stderr": "error[E0425]: cannot find function `sum_of_divisors` in this scope\n --> /tmp/tmpftxevr1r.rs:5:17\n  |\n5 |         let m = sum_of_divisors(n);\n  |                 ^^^^^^^^^^^^^^^ not found in this scope\n\nerror[E0425]: cannot find function `sum_of_divisors` in this scope\n --> /tmp/tmpftxevr1r.rs:6:22\n  |\n6 |         if n != m && sum_of_divisors(m) == n {\n  |                      ^^^^^^^^^^^^^^^ not found in this scope\n\nerror: aborting due to 2 previous errors\n\nFor more information about this error, try `rustc --explain E0425`.\n",
      "exit_code": 1,
      "status": "SyntaxError"
    },
    {
      "program": "/// Write a function to sum all amicable numbers from 1 to a specified number.\nfn amicable_numbers_sum(limit: isize) -> isize {\n    let mut sum = 0;\n    let mut divisors_sums: Vec<isize> = vec![0; (limit + 1) as usize];\n\n    for i in 1..limit {\n        let mut sum_divisors = 0;\n        for j in 1..i {\n            if i % j == 0 {\n                sum_divisors += j;\n            }\n        }\n        divisors_sums[i as usize] = sum_divisors;\n    }\n\n    for i in 1..limit {\n        let sum_divisors = divisors_sums[i as usize];\n        if sum_divisors > i && divisors_sums[sum_divisors as usize] == i {\n            sum += i;\n        }\n    }\n\n    sum\n}\n\nfn main() {\n    let candidate = amicable_numbers_sum;\n    assert_eq!(candidate(999), 504);\n    assert_eq!(candidate(9999), 31626);\n    assert_eq!(candidate(99), 0);\n}\n",
      "timestamp": 1666122694,
      "stdout": "",
      "stderr": "thread 'main' panicked at 'index out of bounds: the len is 1000 but the index is 1032', /tmp/tmp6n5dcrzw.rs:18:32\nnote: run with `RUST_BACKTRACE=1` environment variable to display a backtrace\n",
      "exit_code": 101,
      "status": "Exception"
    },
    {
      "program": "/// Write a function to sum all amicable numbers from 1 to a specified number.\nfn amicable_numbers_sum(limit: isize) -> isize {\n    let mut sum = 0;\n    for i in 1..limit {\n        let a = sum_of_divisors(i);\n        if a > i && sum_of_divisors(a) == i {\n            sum += i + a;\n        }\n    }\n    sum\n}\n\nfn main() {\n    let candidate = amicable_numbers_sum;\n    assert_eq!(candidate(999), 504);\n    assert_eq!(candidate(9999), 31626);\n    assert_eq!(candidate(99), 0);\n}\n",
      "timestamp": 1665517254,
      "stdout": "",
      "stderr": "error[E0425]: cannot find function `sum_of_divisors` in this scope\n --> /tmp/tmpbklirzsq.rs:5:17\n  |\n5 |         let a = sum_of_divisors(i);\n  |                 ^^^^^^^^^^^^^^^ not found in this scope\n\nerror[E0425]: cannot find function `sum_of_divisors` in this scope\n --> /tmp/tmpbklirzsq.rs:6:21\n  |\n6 |         if a > i && sum_of_divisors(a) == i {\n  |                     ^^^^^^^^^^^^^^^ not found in this scope\n\nerror: aborting due to 2 previous errors\n\nFor more information about this error, try `rustc --explain E0425`.\n",
      "exit_code": 1,
      "status": "SyntaxError"
    },
    {
      "program": "/// Write a function to sum all amicable numbers from 1 to a specified number.\nfn amicable_numbers_sum(limit: isize) -> isize {\n    let mut sum = 0;\n    for i in 1..limit {\n        let a = sum_of_divisors(i);\n        if a > i && sum_of_divisors(a) == i {\n            sum += i;\n        }\n    }\n    sum\n}\n\nfn main() {\n    let candidate = amicable_numbers_sum;\n    assert_eq!(candidate(999), 504);\n    assert_eq!(candidate(9999), 31626);\n    assert_eq!(candidate(99), 0);\n}\n",
      "timestamp": 1665517254,
      "stdout": "",
      "stderr": "error[E0425]: cannot find function `sum_of_divisors` in this scope\n --> /tmp/tmp7cdxi8em.rs:5:17\n  |\n5 |         let a = sum_of_divisors(i);\n  |                 ^^^^^^^^^^^^^^^ not found in this scope\n\nerror[E0425]: cannot find function `sum_of_divisors` in this scope\n --> /tmp/tmp7cdxi8em.rs:6:21\n  |\n6 |         if a > i && sum_of_divisors(a) == i {\n  |                     ^^^^^^^^^^^^^^^ not found in this scope\n\nerror: aborting due to 2 previous errors\n\nFor more information about this error, try `rustc --explain E0425`.\n",
      "exit_code": 1,
      "status": "SyntaxError"
    },
    {
      "program": "/// Write a function to sum all amicable numbers from 1 to a specified number.\nfn amicable_numbers_sum(limit: isize) -> isize {\n    let mut sum = 0;\n    for i in 1..limit {\n        let j = sum_of_divisors(i);\n        if i != j && sum_of_divisors(j) == i {\n            sum += i;\n        }\n    }\n    sum\n}\n\nfn main() {\n    let candidate = amicable_numbers_sum;\n    assert_eq!(candidate(999), 504);\n    assert_eq!(candidate(9999), 31626);\n    assert_eq!(candidate(99), 0);\n}\n",
      "timestamp": 1665517254,
      "stdout": "",
      "stderr": "error[E0425]: cannot find function `sum_of_divisors` in this scope\n --> /tmp/tmpp9vtgvb3.rs:5:17\n  |\n5 |         let j = sum_of_divisors(i);\n  |                 ^^^^^^^^^^^^^^^ not found in this scope\n\nerror[E0425]: cannot find function `sum_of_divisors` in this scope\n --> /tmp/tmpp9vtgvb3.rs:6:22\n  |\n6 |         if i != j && sum_of_divisors(j) == i {\n  |                      ^^^^^^^^^^^^^^^ not found in this scope\n\nerror: aborting due to 2 previous errors\n\nFor more information about this error, try `rustc --explain E0425`.\n",
      "exit_code": 1,
      "status": "SyntaxError"
    },
    {
      "program": "/// Write a function to sum all amicable numbers from 1 to a specified number.\nfn amicable_numbers_sum(limit: isize) -> isize {\n    let mut sum = 0;\n    for i in 1..limit {\n        let a = sum_of_divisors(i);\n        if a > i && sum_of_divisors(a) == i {\n            sum += i + a;\n        }\n    }\n    sum\n}\n\nfn main() {\n    let candidate = amicable_numbers_sum;\n    assert_eq!(candidate(999), 504);\n    assert_eq!(candidate(9999), 31626);\n    assert_eq!(candidate(99), 0);\n}\n",
      "timestamp": 1665517254,
      "stdout": "",
      "stderr": "error[E0425]: cannot find function `sum_of_divisors` in this scope\n --> /tmp/tmpbklirzsq.rs:5:17\n  |\n5 |         let a = sum_of_divisors(i);\n  |                 ^^^^^^^^^^^^^^^ not found in this scope\n\nerror[E0425]: cannot find function `sum_of_divisors` in this scope\n --> /tmp/tmpbklirzsq.rs:6:21\n  |\n6 |         if a > i && sum_of_divisors(a) == i {\n  |                     ^^^^^^^^^^^^^^^ not found in this scope\n\nerror: aborting due to 2 previous errors\n\nFor more information about this error, try `rustc --explain E0425`.\n",
      "exit_code": 1,
      "status": "SyntaxError"
    },
    {
      "program": "/// Write a function to sum all amicable numbers from 1 to a specified number.\nfn amicable_numbers_sum(limit: isize) -> isize {\n    let mut sum = 0;\n    for i in 1..limit {\n        let a = sum_of_divisors(i);\n        if a > i && sum_of_divisors(a) == i {\n            sum += i + a;\n        }\n    }\n    sum\n}\n\nfn main() {\n    let candidate = amicable_numbers_sum;\n    assert_eq!(candidate(999), 504);\n    assert_eq!(candidate(9999), 31626);\n    assert_eq!(candidate(99), 0);\n}\n",
      "timestamp": 1665517254,
      "stdout": "",
      "stderr": "error[E0425]: cannot find function `sum_of_divisors` in this scope\n --> /tmp/tmpbklirzsq.rs:5:17\n  |\n5 |         let a = sum_of_divisors(i);\n  |                 ^^^^^^^^^^^^^^^ not found in this scope\n\nerror[E0425]: cannot find function `sum_of_divisors` in this scope\n --> /tmp/tmpbklirzsq.rs:6:21\n  |\n6 |         if a > i && sum_of_divisors(a) == i {\n  |                     ^^^^^^^^^^^^^^^ not found in this scope\n\nerror: aborting due to 2 previous errors\n\nFor more information about this error, try `rustc --explain E0425`.\n",
      "exit_code": 1,
      "status": "SyntaxError"
    },
    {
      "program": "/// Write a function to sum all amicable numbers from 1 to a specified number.\nfn amicable_numbers_sum(limit: isize) -> isize {\n    let mut sum = 0;\n    for i in 1..limit {\n        let a = sum_divisors(i);\n        let b = sum_divisors(a);\n        if i == b && i != a {\n            sum += i;\n        }\n    }\n    sum\n}\n\nfn main() {\n    let candidate = amicable_numbers_sum;\n    assert_eq!(candidate(999), 504);\n    assert_eq!(candidate(9999), 31626);\n    assert_eq!(candidate(99), 0);\n}\n",
      "timestamp": 1666122694,
      "stdout": "",
      "stderr": "error[E0425]: cannot find function `sum_divisors` in this scope\n --> /tmp/tmpiarzo5rz.rs:5:17\n  |\n5 |         let a = sum_divisors(i);\n  |                 ^^^^^^^^^^^^ not found in this scope\n\nerror[E0425]: cannot find function `sum_divisors` in this scope\n --> /tmp/tmpiarzo5rz.rs:6:17\n  |\n6 |         let b = sum_divisors(a);\n  |                 ^^^^^^^^^^^^ not found in this scope\n\nerror: aborting due to 2 previous errors\n\nFor more information about this error, try `rustc --explain E0425`.\n",
      "exit_code": 1,
      "status": "SyntaxError"
    },
    {
      "program": "/// Write a function to sum all amicable numbers from 1 to a specified number.\nfn amicable_numbers_sum(limit: isize) -> isize {\n    let mut sum = 0;\n    for i in 1..limit {\n        let a = sum_of_divisors(i);\n        if a > i && sum_of_divisors(a) == i {\n            sum += i + a;\n        }\n    }\n    sum\n}\n\nfn main() {\n    let candidate = amicable_numbers_sum;\n    assert_eq!(candidate(999), 504);\n    assert_eq!(candidate(9999), 31626);\n    assert_eq!(candidate(99), 0);\n}\n",
      "timestamp": 1665517254,
      "stdout": "",
      "stderr": "error[E0425]: cannot find function `sum_of_divisors` in this scope\n --> /tmp/tmpbklirzsq.rs:5:17\n  |\n5 |         let a = sum_of_divisors(i);\n  |                 ^^^^^^^^^^^^^^^ not found in this scope\n\nerror[E0425]: cannot find function `sum_of_divisors` in this scope\n --> /tmp/tmpbklirzsq.rs:6:21\n  |\n6 |         if a > i && sum_of_divisors(a) == i {\n  |                     ^^^^^^^^^^^^^^^ not found in this scope\n\nerror: aborting due to 2 previous errors\n\nFor more information about this error, try `rustc --explain E0425`.\n",
      "exit_code": 1,
      "status": "SyntaxError"
    },
    {
      "program": "/// Write a function to sum all amicable numbers from 1 to a specified number.\nfn amicable_numbers_sum(limit: isize) -> isize {\n    let mut sum = 0;\n    for i in 1..limit {\n        let mut divisors_sum = 0;\n        for j in 1..i {\n            if i % j == 0 {\n                divisors_sum += j;\n            }\n        }\n        let mut divisors_sum_2 = 0;\n        for j in 1..divisors_sum {\n            if divisors_sum % j == 0 {\n                divisors_sum_2 += j;\n            }\n        }\n        if divisors_sum_2 == i && i != divisors_sum {\n            sum += i;\n        }\n    }\n    sum\n}\n\nfn main() {\n    let candidate = amicable_numbers_sum;\n    assert_eq!(candidate(999), 504);\n    assert_eq!(candidate(9999), 31626);\n    assert_eq!(candidate(99), 0);\n}\n",
      "timestamp": 1666122696,
      "stdout": "",
      "stderr": "",
      "exit_code": 0,
      "status": "OK"
    },
    {
      "program": "/// Write a function to sum all amicable numbers from 1 to a specified number.\nfn amicable_numbers_sum(limit: isize) -> isize {\n    let mut sum = 0;\n    for i in 1..limit {\n        let a = sum_proper_divisors(i);\n        let b = sum_proper_divisors(a);\n        if i == b && i != a {\n            sum += i;\n        }\n    }\n    sum\n}\n\nfn main() {\n    let candidate = amicable_numbers_sum;\n    assert_eq!(candidate(999), 504);\n    assert_eq!(candidate(9999), 31626);\n    assert_eq!(candidate(99), 0);\n}\n",
      "timestamp": 1665517254,
      "stdout": "",
      "stderr": "error[E0425]: cannot find function `sum_proper_divisors` in this scope\n --> /tmp/tmp64uga_pc.rs:5:17\n  |\n5 |         let a = sum_proper_divisors(i);\n  |                 ^^^^^^^^^^^^^^^^^^^ not found in this scope\n\nerror[E0425]: cannot find function `sum_proper_divisors` in this scope\n --> /tmp/tmp64uga_pc.rs:6:17\n  |\n6 |         let b = sum_proper_divisors(a);\n  |                 ^^^^^^^^^^^^^^^^^^^ not found in this scope\n\nerror: aborting due to 2 previous errors\n\nFor more information about this error, try `rustc --explain E0425`.\n",
      "exit_code": 1,
      "status": "SyntaxError"
    },
    {
      "program": "/// Write a function to sum all amicable numbers from 1 to a specified number.\nfn amicable_numbers_sum(limit: isize) -> isize {\n    let mut sum = 0;\n    for i in 1..limit {\n        let a = sum_divisors(i);\n        if a > i && sum_divisors(a) == i {\n            sum += i + a;\n        }\n    }\n    sum\n}\n\nfn main() {\n    let candidate = amicable_numbers_sum;\n    assert_eq!(candidate(999), 504);\n    assert_eq!(candidate(9999), 31626);\n    assert_eq!(candidate(99), 0);\n}\n",
      "timestamp": 1665517254,
      "stdout": "",
      "stderr": "error[E0425]: cannot find function `sum_divisors` in this scope\n --> /tmp/tmpcldzq3ke.rs:5:17\n  |\n5 |         let a = sum_divisors(i);\n  |                 ^^^^^^^^^^^^ not found in this scope\n\nerror[E0425]: cannot find function `sum_divisors` in this scope\n --> /tmp/tmpcldzq3ke.rs:6:21\n  |\n6 |         if a > i && sum_divisors(a) == i {\n  |                     ^^^^^^^^^^^^ not found in this scope\n\nerror: aborting due to 2 previous errors\n\nFor more information about this error, try `rustc --explain E0425`.\n",
      "exit_code": 1,
      "status": "SyntaxError"
    },
    {
      "program": "/// Write a function to sum all amicable numbers from 1 to a specified number.\nfn amicable_numbers_sum(limit: isize) -> isize {\n    let mut sum = 0;\n    for i in 1..limit {\n        let a = sum_divisors(i);\n        if a > i && sum_divisors(a) == i {\n            sum += a + i;\n        }\n    }\n    sum\n}\n\nfn main() {\n    let candidate = amicable_numbers_sum;\n    assert_eq!(candidate(999), 504);\n    assert_eq!(candidate(9999), 31626);\n    assert_eq!(candidate(99), 0);\n}\n",
      "timestamp": 1665517254,
      "stdout": "",
      "stderr": "error[E0425]: cannot find function `sum_divisors` in this scope\n --> /tmp/tmppyzpz4t5.rs:5:17\n  |\n5 |         let a = sum_divisors(i);\n  |                 ^^^^^^^^^^^^ not found in this scope\n\nerror[E0425]: cannot find function `sum_divisors` in this scope\n --> /tmp/tmppyzpz4t5.rs:6:21\n  |\n6 |         if a > i && sum_divisors(a) == i {\n  |                     ^^^^^^^^^^^^ not found in this scope\n\nerror: aborting due to 2 previous errors\n\nFor more information about this error, try `rustc --explain E0425`.\n",
      "exit_code": 1,
      "status": "SyntaxError"
    },
    {
      "program": "/// Write a function to sum all amicable numbers from 1 to a specified number.\nfn amicable_numbers_sum(limit: isize) -> isize {\n    let mut sum = 0;\n    for i in 1..limit {\n        let a = sum_proper_divisors(i);\n        let b = sum_proper_divisors(a);\n        if b == i && a != b {\n            sum += i;\n        }\n    }\n    sum\n}\n\nfn main() {\n    let candidate = amicable_numbers_sum;\n    assert_eq!(candidate(999), 504);\n    assert_eq!(candidate(9999), 31626);\n    assert_eq!(candidate(99), 0);\n}\n",
      "timestamp": 1666122693,
      "stdout": "",
      "stderr": "error[E0425]: cannot find function `sum_proper_divisors` in this scope\n --> /tmp/tmphox3l3ne.rs:5:17\n  |\n5 |         let a = sum_proper_divisors(i);\n  |                 ^^^^^^^^^^^^^^^^^^^ not found in this scope\n\nerror[E0425]: cannot find function `sum_proper_divisors` in this scope\n --> /tmp/tmphox3l3ne.rs:6:17\n  |\n6 |         let b = sum_proper_divisors(a);\n  |                 ^^^^^^^^^^^^^^^^^^^ not found in this scope\n\nerror: aborting due to 2 previous errors\n\nFor more information about this error, try `rustc --explain E0425`.\n",
      "exit_code": 1,
      "status": "SyntaxError"
    },
    {
      "program": "/// Write a function to sum all amicable numbers from 1 to a specified number.\nfn amicable_numbers_sum(limit: isize) -> isize {\n    let mut sum = 0;\n    for i in 1..limit {\n        let j = sum_of_divisors(i);\n        if i != j && sum_of_divisors(j) == i {\n            sum += i;\n        }\n    }\n    sum\n}\n\nfn main() {\n    let candidate = amicable_numbers_sum;\n    assert_eq!(candidate(999), 504);\n    assert_eq!(candidate(9999), 31626);\n    assert_eq!(candidate(99), 0);\n}\n",
      "timestamp": 1665517254,
      "stdout": "",
      "stderr": "error[E0425]: cannot find function `sum_of_divisors` in this scope\n --> /tmp/tmpp9vtgvb3.rs:5:17\n  |\n5 |         let j = sum_of_divisors(i);\n  |                 ^^^^^^^^^^^^^^^ not found in this scope\n\nerror[E0425]: cannot find function `sum_of_divisors` in this scope\n --> /tmp/tmpp9vtgvb3.rs:6:22\n  |\n6 |         if i != j && sum_of_divisors(j) == i {\n  |                      ^^^^^^^^^^^^^^^ not found in this scope\n\nerror: aborting due to 2 previous errors\n\nFor more information about this error, try `rustc --explain E0425`.\n",
      "exit_code": 1,
      "status": "SyntaxError"
    },
    {
      "program": "/// Write a function to sum all amicable numbers from 1 to a specified number.\nfn amicable_numbers_sum(limit: isize) -> isize {\n    let mut sum = 0;\n    for i in 1..limit {\n        let a = sum_of_divisors(i);\n        if a > i && sum_of_divisors(a) == i {\n            sum += i;\n        }\n    }\n    sum\n}\n\nfn main() {\n    let candidate = amicable_numbers_sum;\n    assert_eq!(candidate(999), 504);\n    assert_eq!(candidate(9999), 31626);\n    assert_eq!(candidate(99), 0);\n}\n",
      "timestamp": 1665517254,
      "stdout": "",
      "stderr": "error[E0425]: cannot find function `sum_of_divisors` in this scope\n --> /tmp/tmp7cdxi8em.rs:5:17\n  |\n5 |         let a = sum_of_divisors(i);\n  |                 ^^^^^^^^^^^^^^^ not found in this scope\n\nerror[E0425]: cannot find function `sum_of_divisors` in this scope\n --> /tmp/tmp7cdxi8em.rs:6:21\n  |\n6 |         if a > i && sum_of_divisors(a) == i {\n  |                     ^^^^^^^^^^^^^^^ not found in this scope\n\nerror: aborting due to 2 previous errors\n\nFor more information about this error, try `rustc --explain E0425`.\n",
      "exit_code": 1,
      "status": "SyntaxError"
    },
    {
      "program": "/// Write a function to sum all amicable numbers from 1 to a specified number.\nfn amicable_numbers_sum(limit: isize) -> isize {\n    let mut sum = 0;\n    for i in 1..limit {\n        let a = sum_of_divisors(i);\n        if a != i && sum_of_divisors(a) == i {\n            sum += i;\n        }\n    }\n    sum\n}\n\nfn main() {\n    let candidate = amicable_numbers_sum;\n    assert_eq!(candidate(999), 504);\n    assert_eq!(candidate(9999), 31626);\n    assert_eq!(candidate(99), 0);\n}\n",
      "timestamp": 1665517254,
      "stdout": "",
      "stderr": "error[E0425]: cannot find function `sum_of_divisors` in this scope\n --> /tmp/tmpbkukonmr.rs:5:17\n  |\n5 |         let a = sum_of_divisors(i);\n  |                 ^^^^^^^^^^^^^^^ not found in this scope\n\nerror[E0425]: cannot find function `sum_of_divisors` in this scope\n --> /tmp/tmpbkukonmr.rs:6:22\n  |\n6 |         if a != i && sum_of_divisors(a) == i {\n  |                      ^^^^^^^^^^^^^^^ not found in this scope\n\nerror: aborting due to 2 previous errors\n\nFor more information about this error, try `rustc --explain E0425`.\n",
      "exit_code": 1,
      "status": "SyntaxError"
    },
    {
      "program": "/// Write a function to sum all amicable numbers from 1 to a specified number.\nfn amicable_numbers_sum(limit: isize) -> isize {\n    let mut sum = 0;\n    for i in 1..limit {\n        let a = sum_of_divisors(i);\n        let b = sum_of_divisors(a);\n        if i == b && i != a {\n            sum += i;\n        }\n    }\n    sum\n}\n\nfn main() {\n    let candidate = amicable_numbers_sum;\n    assert_eq!(candidate(999), 504);\n    assert_eq!(candidate(9999), 31626);\n    assert_eq!(candidate(99), 0);\n}\n",
      "timestamp": 1665517254,
      "stdout": "",
      "stderr": "error[E0425]: cannot find function `sum_of_divisors` in this scope\n --> /tmp/tmpfwi6hjuj.rs:5:17\n  |\n5 |         let a = sum_of_divisors(i);\n  |                 ^^^^^^^^^^^^^^^ not found in this scope\n\nerror[E0425]: cannot find function `sum_of_divisors` in this scope\n --> /tmp/tmpfwi6hjuj.rs:6:17\n  |\n6 |         let b = sum_of_divisors(a);\n  |                 ^^^^^^^^^^^^^^^ not found in this scope\n\nerror: aborting due to 2 previous errors\n\nFor more information about this error, try `rustc --explain E0425`.\n",
      "exit_code": 1,
      "status": "SyntaxError"
    },
    {
      "program": "/// Write a function to sum all amicable numbers from 1 to a specified number.\nfn amicable_numbers_sum(limit: isize) -> isize {\n    let mut sum = 0;\n    for i in 1..limit {\n        let j = sum_of_proper_divisors(i);\n        if i != j && sum_of_proper_divisors(j) == i {\n            sum += i;\n        }\n    }\n    sum\n}\n\nfn main() {\n    let candidate = amicable_numbers_sum;\n    assert_eq!(candidate(999), 504);\n    assert_eq!(candidate(9999), 31626);\n    assert_eq!(candidate(99), 0);\n}\n",
      "timestamp": 1666122694,
      "stdout": "",
      "stderr": "error[E0425]: cannot find function `sum_of_proper_divisors` in this scope\n --> /tmp/tmpwo44lv6j.rs:5:17\n  |\n5 |         let j = sum_of_proper_divisors(i);\n  |                 ^^^^^^^^^^^^^^^^^^^^^^ not found in this scope\n\nerror[E0425]: cannot find function `sum_of_proper_divisors` in this scope\n --> /tmp/tmpwo44lv6j.rs:6:22\n  |\n6 |         if i != j && sum_of_proper_divisors(j) == i {\n  |                      ^^^^^^^^^^^^^^^^^^^^^^ not found in this scope\n\nerror: aborting due to 2 previous errors\n\nFor more information about this error, try `rustc --explain E0425`.\n",
      "exit_code": 1,
      "status": "SyntaxError"
    },
    {
      "program": "/// Write a function to sum all amicable numbers from 1 to a specified number.\nfn amicable_numbers_sum(limit: isize) -> isize {\n    let mut sum = 0;\n    for i in 1..limit {\n        let a = sum_of_divisors(i);\n        if a > i && sum_of_divisors(a) == i {\n            sum += i + a;\n        }\n    }\n    sum\n}\n\nfn main() {\n    let candidate = amicable_numbers_sum;\n    assert_eq!(candidate(999), 504);\n    assert_eq!(candidate(9999), 31626);\n    assert_eq!(candidate(99), 0);\n}\n",
      "timestamp": 1665517254,
      "stdout": "",
      "stderr": "error[E0425]: cannot find function `sum_of_divisors` in this scope\n --> /tmp/tmpbklirzsq.rs:5:17\n  |\n5 |         let a = sum_of_divisors(i);\n  |                 ^^^^^^^^^^^^^^^ not found in this scope\n\nerror[E0425]: cannot find function `sum_of_divisors` in this scope\n --> /tmp/tmpbklirzsq.rs:6:21\n  |\n6 |         if a > i && sum_of_divisors(a) == i {\n  |                     ^^^^^^^^^^^^^^^ not found in this scope\n\nerror: aborting due to 2 previous errors\n\nFor more information about this error, try `rustc --explain E0425`.\n",
      "exit_code": 1,
      "status": "SyntaxError"
    },
    {
      "program": "/// Write a function to sum all amicable numbers from 1 to a specified number.\nfn amicable_numbers_sum(limit: isize) -> isize {\n    let mut sum = 0;\n    for i in 1..limit {\n        let a = sum_of_divisors(i);\n        if a > i && sum_of_divisors(a) == i {\n            sum += i + a;\n        }\n    }\n    sum\n}\n\nfn main() {\n    let candidate = amicable_numbers_sum;\n    assert_eq!(candidate(999), 504);\n    assert_eq!(candidate(9999), 31626);\n    assert_eq!(candidate(99), 0);\n}\n",
      "timestamp": 1665517254,
      "stdout": "",
      "stderr": "error[E0425]: cannot find function `sum_of_divisors` in this scope\n --> /tmp/tmpbklirzsq.rs:5:17\n  |\n5 |         let a = sum_of_divisors(i);\n  |                 ^^^^^^^^^^^^^^^ not found in this scope\n\nerror[E0425]: cannot find function `sum_of_divisors` in this scope\n --> /tmp/tmpbklirzsq.rs:6:21\n  |\n6 |         if a > i && sum_of_divisors(a) == i {\n  |                     ^^^^^^^^^^^^^^^ not found in this scope\n\nerror: aborting due to 2 previous errors\n\nFor more information about this error, try `rustc --explain E0425`.\n",
      "exit_code": 1,
      "status": "SyntaxError"
    },
    {
      "program": "/// Write a function to sum all amicable numbers from 1 to a specified number.\nfn amicable_numbers_sum(limit: isize) -> isize {\n    let mut sum = 0;\n    for i in 1..limit {\n        let a = sum_of_divisors(i);\n        if a > i && sum_of_divisors(a) == i {\n            sum += a + i;\n        }\n    }\n    sum\n}\n\nfn main() {\n    let candidate = amicable_numbers_sum;\n    assert_eq!(candidate(999), 504);\n    assert_eq!(candidate(9999), 31626);\n    assert_eq!(candidate(99), 0);\n}\n",
      "timestamp": 1665517254,
      "stdout": "",
      "stderr": "error[E0425]: cannot find function `sum_of_divisors` in this scope\n --> /tmp/tmp6pu2i3_1.rs:5:17\n  |\n5 |         let a = sum_of_divisors(i);\n  |                 ^^^^^^^^^^^^^^^ not found in this scope\n\nerror[E0425]: cannot find function `sum_of_divisors` in this scope\n --> /tmp/tmp6pu2i3_1.rs:6:21\n  |\n6 |         if a > i && sum_of_divisors(a) == i {\n  |                     ^^^^^^^^^^^^^^^ not found in this scope\n\nerror: aborting due to 2 previous errors\n\nFor more information about this error, try `rustc --explain E0425`.\n",
      "exit_code": 1,
      "status": "SyntaxError"
    },
    {
      "program": "/// Write a function to sum all amicable numbers from 1 to a specified number.\nfn amicable_numbers_sum(limit: isize) -> isize {\n    let mut sum = 0;\n    for n in 1..limit {\n        let m = sum_of_divisors(n);\n        if m != n && sum_of_divisors(m) == n {\n            sum += n;\n        }\n    }\n    sum\n}\n\nfn main() {\n    let candidate = amicable_numbers_sum;\n    assert_eq!(candidate(999), 504);\n    assert_eq!(candidate(9999), 31626);\n    assert_eq!(candidate(99), 0);\n}\n",
      "timestamp": 1666122693,
      "stdout": "",
      "stderr": "error[E0425]: cannot find function `sum_of_divisors` in this scope\n --> /tmp/tmpccfucp2g.rs:5:17\n  |\n5 |         let m = sum_of_divisors(n);\n  |                 ^^^^^^^^^^^^^^^ not found in this scope\n\nerror[E0425]: cannot find function `sum_of_divisors` in this scope\n --> /tmp/tmpccfucp2g.rs:6:22\n  |\n6 |         if m != n && sum_of_divisors(m) == n {\n  |                      ^^^^^^^^^^^^^^^ not found in this scope\n\nerror: aborting due to 2 previous errors\n\nFor more information about this error, try `rustc --explain E0425`.\n",
      "exit_code": 1,
      "status": "SyntaxError"
    },
    {
      "program": "/// Write a function to sum all amicable numbers from 1 to a specified number.\nfn amicable_numbers_sum(limit: isize) -> isize {\n    let mut sum = 0;\n    for i in 1..limit {\n        let a = sum_of_divisors(i);\n        if a > i && sum_of_divisors(a) == i {\n            sum += i + a;\n        }\n    }\n    sum\n}\n\nfn main() {\n    let candidate = amicable_numbers_sum;\n    assert_eq!(candidate(999), 504);\n    assert_eq!(candidate(9999), 31626);\n    assert_eq!(candidate(99), 0);\n}\n",
      "timestamp": 1665517254,
      "stdout": "",
      "stderr": "error[E0425]: cannot find function `sum_of_divisors` in this scope\n --> /tmp/tmpbklirzsq.rs:5:17\n  |\n5 |         let a = sum_of_divisors(i);\n  |                 ^^^^^^^^^^^^^^^ not found in this scope\n\nerror[E0425]: cannot find function `sum_of_divisors` in this scope\n --> /tmp/tmpbklirzsq.rs:6:21\n  |\n6 |         if a > i && sum_of_divisors(a) == i {\n  |                     ^^^^^^^^^^^^^^^ not found in this scope\n\nerror: aborting due to 2 previous errors\n\nFor more information about this error, try `rustc --explain E0425`.\n",
      "exit_code": 1,
      "status": "SyntaxError"
    },
    {
      "program": "/// Write a function to sum all amicable numbers from 1 to a specified number.\nfn amicable_numbers_sum(limit: isize) -> isize {\n    let mut sum = 0;\n    for i in 1..limit {\n        let a = sum_divisors(i);\n        if a > i && sum_divisors(a) == i {\n            sum += i + a;\n        }\n    }\n    sum\n}\n\nfn main() {\n    let candidate = amicable_numbers_sum;\n    assert_eq!(candidate(999), 504);\n    assert_eq!(candidate(9999), 31626);\n    assert_eq!(candidate(99), 0);\n}\n",
      "timestamp": 1665517254,
      "stdout": "",
      "stderr": "error[E0425]: cannot find function `sum_divisors` in this scope\n --> /tmp/tmpcldzq3ke.rs:5:17\n  |\n5 |         let a = sum_divisors(i);\n  |                 ^^^^^^^^^^^^ not found in this scope\n\nerror[E0425]: cannot find function `sum_divisors` in this scope\n --> /tmp/tmpcldzq3ke.rs:6:21\n  |\n6 |         if a > i && sum_divisors(a) == i {\n  |                     ^^^^^^^^^^^^ not found in this scope\n\nerror: aborting due to 2 previous errors\n\nFor more information about this error, try `rustc --explain E0425`.\n",
      "exit_code": 1,
      "status": "SyntaxError"
    },
    {
      "program": "/// Write a function to sum all amicable numbers from 1 to a specified number.\nfn amicable_numbers_sum(limit: isize) -> isize {\n    (1..limit)\n        .filter(|&n| {\n            let m = sum_of_divisors(n);\n            n != m && sum_of_divisors(m) == n\n        })\n        .sum()\n}\n\nfn main() {\n    let candidate = amicable_numbers_sum;\n    assert_eq!(candidate(999), 504);\n    assert_eq!(candidate(9999), 31626);\n    assert_eq!(candidate(99), 0);\n}\n",
      "timestamp": 1666122694,
      "stdout": "",
      "stderr": "error[E0425]: cannot find function `sum_of_divisors` in this scope\n --> /tmp/tmpqcn9hzr2.rs:5:21\n  |\n5 |             let m = sum_of_divisors(n);\n  |                     ^^^^^^^^^^^^^^^ not found in this scope\n\nerror[E0425]: cannot find function `sum_of_divisors` in this scope\n --> /tmp/tmpqcn9hzr2.rs:6:23\n  |\n6 |             n != m && sum_of_divisors(m) == n\n  |                       ^^^^^^^^^^^^^^^ not found in this scope\n\nerror: aborting due to 2 previous errors\n\nFor more information about this error, try `rustc --explain E0425`.\n",
      "exit_code": 1,
      "status": "SyntaxError"
    },
    {
      "program": "/// Write a function to sum all amicable numbers from 1 to a specified number.\nfn amicable_numbers_sum(limit: isize) -> isize {\n    let mut sum = 0;\n    for i in 1..limit {\n        let a = sum_of_divisors(i);\n        if a > i && sum_of_divisors(a) == i {\n            sum += i + a;\n        }\n    }\n    sum\n}\n\nfn main() {\n    let candidate = amicable_numbers_sum;\n    assert_eq!(candidate(999), 504);\n    assert_eq!(candidate(9999), 31626);\n    assert_eq!(candidate(99), 0);\n}\n",
      "timestamp": 1665517254,
      "stdout": "",
      "stderr": "error[E0425]: cannot find function `sum_of_divisors` in this scope\n --> /tmp/tmpbklirzsq.rs:5:17\n  |\n5 |         let a = sum_of_divisors(i);\n  |                 ^^^^^^^^^^^^^^^ not found in this scope\n\nerror[E0425]: cannot find function `sum_of_divisors` in this scope\n --> /tmp/tmpbklirzsq.rs:6:21\n  |\n6 |         if a > i && sum_of_divisors(a) == i {\n  |                     ^^^^^^^^^^^^^^^ not found in this scope\n\nerror: aborting due to 2 previous errors\n\nFor more information about this error, try `rustc --explain E0425`.\n",
      "exit_code": 1,
      "status": "SyntaxError"
    },
    {
      "program": "/// Write a function to sum all amicable numbers from 1 to a specified number.\nfn amicable_numbers_sum(limit: isize) -> isize {\n    let mut sum = 0;\n    for n in 1..limit {\n        let m = sum_of_divisors(n);\n        if n != m && sum_of_divisors(m) == n {\n            sum += n;\n        }\n    }\n    sum\n}\n\nfn main() {\n    let candidate = amicable_numbers_sum;\n    assert_eq!(candidate(999), 504);\n    assert_eq!(candidate(9999), 31626);\n    assert_eq!(candidate(99), 0);\n}\n",
      "timestamp": 1665517254,
      "stdout": "",
      "stderr": "error[E0425]: cannot find function `sum_of_divisors` in this scope\n --> /tmp/tmpftxevr1r.rs:5:17\n  |\n5 |         let m = sum_of_divisors(n);\n  |                 ^^^^^^^^^^^^^^^ not found in this scope\n\nerror[E0425]: cannot find function `sum_of_divisors` in this scope\n --> /tmp/tmpftxevr1r.rs:6:22\n  |\n6 |         if n != m && sum_of_divisors(m) == n {\n  |                      ^^^^^^^^^^^^^^^ not found in this scope\n\nerror: aborting due to 2 previous errors\n\nFor more information about this error, try `rustc --explain E0425`.\n",
      "exit_code": 1,
      "status": "SyntaxError"
    },
    {
      "program": "/// Write a function to sum all amicable numbers from 1 to a specified number.\nfn amicable_numbers_sum(limit: isize) -> isize {\n    let mut sum = 0;\n    for i in 1..limit {\n        let a = sum_of_divisors(i);\n        if a > i && sum_of_divisors(a) == i {\n            sum += i + a;\n        }\n    }\n    sum\n}\n\nfn main() {\n    let candidate = amicable_numbers_sum;\n    assert_eq!(candidate(999), 504);\n    assert_eq!(candidate(9999), 31626);\n    assert_eq!(candidate(99), 0);\n}\n",
      "timestamp": 1665517254,
      "stdout": "",
      "stderr": "error[E0425]: cannot find function `sum_of_divisors` in this scope\n --> /tmp/tmpbklirzsq.rs:5:17\n  |\n5 |         let a = sum_of_divisors(i);\n  |                 ^^^^^^^^^^^^^^^ not found in this scope\n\nerror[E0425]: cannot find function `sum_of_divisors` in this scope\n --> /tmp/tmpbklirzsq.rs:6:21\n  |\n6 |         if a > i && sum_of_divisors(a) == i {\n  |                     ^^^^^^^^^^^^^^^ not found in this scope\n\nerror: aborting due to 2 previous errors\n\nFor more information about this error, try `rustc --explain E0425`.\n",
      "exit_code": 1,
      "status": "SyntaxError"
    },
    {
      "program": "/// Write a function to sum all amicable numbers from 1 to a specified number.\nfn amicable_numbers_sum(limit: isize) -> isize {\n    let mut sum = 0;\n    for i in 1..limit {\n        let a = sum_of_divisors(i);\n        if a > i && sum_of_divisors(a) == i {\n            sum += i + a;\n        }\n    }\n    sum\n}\n\nfn main() {\n    let candidate = amicable_numbers_sum;\n    assert_eq!(candidate(999), 504);\n    assert_eq!(candidate(9999), 31626);\n    assert_eq!(candidate(99), 0);\n}\n",
      "timestamp": 1665517254,
      "stdout": "",
      "stderr": "error[E0425]: cannot find function `sum_of_divisors` in this scope\n --> /tmp/tmpbklirzsq.rs:5:17\n  |\n5 |         let a = sum_of_divisors(i);\n  |                 ^^^^^^^^^^^^^^^ not found in this scope\n\nerror[E0425]: cannot find function `sum_of_divisors` in this scope\n --> /tmp/tmpbklirzsq.rs:6:21\n  |\n6 |         if a > i && sum_of_divisors(a) == i {\n  |                     ^^^^^^^^^^^^^^^ not found in this scope\n\nerror: aborting due to 2 previous errors\n\nFor more information about this error, try `rustc --explain E0425`.\n",
      "exit_code": 1,
      "status": "SyntaxError"
    },
    {
      "program": "/// Write a function to sum all amicable numbers from 1 to a specified number.\nfn amicable_numbers_sum(limit: isize) -> isize {\n    let mut sum = 0;\n    for i in 1..limit {\n        let j = sum_divisors(i);\n        if i != j && sum_divisors(j) == i {\n            sum += i;\n        }\n    }\n    sum\n}\n\nfn main() {\n    let candidate = amicable_numbers_sum;\n    assert_eq!(candidate(999), 504);\n    assert_eq!(candidate(9999), 31626);\n    assert_eq!(candidate(99), 0);\n}\n",
      "timestamp": 1665517254,
      "stdout": "",
      "stderr": "error[E0425]: cannot find function `sum_divisors` in this scope\n --> /tmp/tmp6_qph7wc.rs:5:17\n  |\n5 |         let j = sum_divisors(i);\n  |                 ^^^^^^^^^^^^ not found in this scope\n\nerror[E0425]: cannot find function `sum_divisors` in this scope\n --> /tmp/tmp6_qph7wc.rs:6:22\n  |\n6 |         if i != j && sum_divisors(j) == i {\n  |                      ^^^^^^^^^^^^ not found in this scope\n\nerror: aborting due to 2 previous errors\n\nFor more information about this error, try `rustc --explain E0425`.\n",
      "exit_code": 1,
      "status": "SyntaxError"
    },
    {
      "program": "/// Write a function to sum all amicable numbers from 1 to a specified number.\nfn amicable_numbers_sum(limit: isize) -> isize {\n    let mut sum = 0;\n    for i in 1..limit {\n        let a = sum_of_divisors(i);\n        if a != i && sum_of_divisors(a) == i {\n            sum += i;\n        }\n    }\n    sum\n}\n\nfn main() {\n    let candidate = amicable_numbers_sum;\n    assert_eq!(candidate(999), 504);\n    assert_eq!(candidate(9999), 31626);\n    assert_eq!(candidate(99), 0);\n}\n",
      "timestamp": 1665517254,
      "stdout": "",
      "stderr": "error[E0425]: cannot find function `sum_of_divisors` in this scope\n --> /tmp/tmpbkukonmr.rs:5:17\n  |\n5 |         let a = sum_of_divisors(i);\n  |                 ^^^^^^^^^^^^^^^ not found in this scope\n\nerror[E0425]: cannot find function `sum_of_divisors` in this scope\n --> /tmp/tmpbkukonmr.rs:6:22\n  |\n6 |         if a != i && sum_of_divisors(a) == i {\n  |                      ^^^^^^^^^^^^^^^ not found in this scope\n\nerror: aborting due to 2 previous errors\n\nFor more information about this error, try `rustc --explain E0425`.\n",
      "exit_code": 1,
      "status": "SyntaxError"
    },
    {
      "program": "/// Write a function to sum all amicable numbers from 1 to a specified number.\nfn amicable_numbers_sum(limit: isize) -> isize {\n    let mut sum = 0;\n    for i in 1..limit {\n        let a = sum_divisors(i);\n        let b = sum_divisors(a);\n        if i == b && i != a {\n            sum += i;\n        }\n    }\n    sum\n}\n\nfn main() {\n    let candidate = amicable_numbers_sum;\n    assert_eq!(candidate(999), 504);\n    assert_eq!(candidate(9999), 31626);\n    assert_eq!(candidate(99), 0);\n}\n",
      "timestamp": 1666122694,
      "stdout": "",
      "stderr": "error[E0425]: cannot find function `sum_divisors` in this scope\n --> /tmp/tmpiarzo5rz.rs:5:17\n  |\n5 |         let a = sum_divisors(i);\n  |                 ^^^^^^^^^^^^ not found in this scope\n\nerror[E0425]: cannot find function `sum_divisors` in this scope\n --> /tmp/tmpiarzo5rz.rs:6:17\n  |\n6 |         let b = sum_divisors(a);\n  |                 ^^^^^^^^^^^^ not found in this scope\n\nerror: aborting due to 2 previous errors\n\nFor more information about this error, try `rustc --explain E0425`.\n",
      "exit_code": 1,
      "status": "SyntaxError"
    },
    {
      "program": "/// Write a function to sum all amicable numbers from 1 to a specified number.\nfn amicable_numbers_sum(limit: isize) -> isize {\n    let mut sum = 0;\n    for i in 1..limit {\n        let a = sum_of_divisors(i);\n        if a > i && sum_of_divisors(a) == i {\n            sum += i + a;\n        }\n    }\n    sum\n}\n\nfn main() {\n    let candidate = amicable_numbers_sum;\n    assert_eq!(candidate(999), 504);\n    assert_eq!(candidate(9999), 31626);\n    assert_eq!(candidate(99), 0);\n}\n",
      "timestamp": 1665517254,
      "stdout": "",
      "stderr": "error[E0425]: cannot find function `sum_of_divisors` in this scope\n --> /tmp/tmpbklirzsq.rs:5:17\n  |\n5 |         let a = sum_of_divisors(i);\n  |                 ^^^^^^^^^^^^^^^ not found in this scope\n\nerror[E0425]: cannot find function `sum_of_divisors` in this scope\n --> /tmp/tmpbklirzsq.rs:6:21\n  |\n6 |         if a > i && sum_of_divisors(a) == i {\n  |                     ^^^^^^^^^^^^^^^ not found in this scope\n\nerror: aborting due to 2 previous errors\n\nFor more information about this error, try `rustc --explain E0425`.\n",
      "exit_code": 1,
      "status": "SyntaxError"
    },
    {
      "program": "/// Write a function to sum all amicable numbers from 1 to a specified number.\nfn amicable_numbers_sum(limit: isize) -> isize {\n    let mut sum = 0;\n    for i in 1..limit {\n        let a = sum_of_divisors(i);\n        if a > i && sum_of_divisors(a) == i {\n            sum += i;\n        }\n    }\n    sum\n}\n\nfn main() {\n    let candidate = amicable_numbers_sum;\n    assert_eq!(candidate(999), 504);\n    assert_eq!(candidate(9999), 31626);\n    assert_eq!(candidate(99), 0);\n}\n",
      "timestamp": 1665517254,
      "stdout": "",
      "stderr": "error[E0425]: cannot find function `sum_of_divisors` in this scope\n --> /tmp/tmp7cdxi8em.rs:5:17\n  |\n5 |         let a = sum_of_divisors(i);\n  |                 ^^^^^^^^^^^^^^^ not found in this scope\n\nerror[E0425]: cannot find function `sum_of_divisors` in this scope\n --> /tmp/tmp7cdxi8em.rs:6:21\n  |\n6 |         if a > i && sum_of_divisors(a) == i {\n  |                     ^^^^^^^^^^^^^^^ not found in this scope\n\nerror: aborting due to 2 previous errors\n\nFor more information about this error, try `rustc --explain E0425`.\n",
      "exit_code": 1,
      "status": "SyntaxError"
    },
    {
      "program": "/// Write a function to sum all amicable numbers from 1 to a specified number.\nfn amicable_numbers_sum(limit: isize) -> isize {\n    let mut amicable_numbers = Vec::new();\n    for i in 1..limit {\n        let sum_of_divisors = sum_of_divisors(i);\n        if sum_of_divisors != i && sum_of_divisors < limit && sum_of_divisors == sum_of_divisors(sum_of_divisors) {\n            amicable_numbers.push(i);\n        }\n    }\n    amicable_numbers.iter().sum()\n}\n\nfn main() {\n    let candidate = amicable_numbers_sum;\n    assert_eq!(candidate(999), 504);\n    assert_eq!(candidate(9999), 31626);\n    assert_eq!(candidate(99), 0);\n}\n",
      "timestamp": 1666122694,
      "stdout": "",
      "stderr": "error[E0425]: cannot find function `sum_of_divisors` in this scope\n --> /tmp/tmpdrrhjdhq.rs:5:31\n  |\n5 |         let sum_of_divisors = sum_of_divisors(i);\n  |                               ^^^^^^^^^^^^^^^ not found in this scope\n\nerror: aborting due to previous error\n\nFor more information about this error, try `rustc --explain E0425`.\n",
      "exit_code": 1,
      "status": "SyntaxError"
    },
    {
      "program": "/// Write a function to sum all amicable numbers from 1 to a specified number.\nfn amicable_numbers_sum(limit: isize) -> isize {\n    let mut sum = 0;\n    for i in 1..limit {\n        let a = sum_of_divisors(i);\n        let b = sum_of_divisors(a);\n        if i == b && i != a {\n            sum += i;\n        }\n    }\n    sum\n}\n\nfn main() {\n    let candidate = amicable_numbers_sum;\n    assert_eq!(candidate(999), 504);\n    assert_eq!(candidate(9999), 31626);\n    assert_eq!(candidate(99), 0);\n}\n",
      "timestamp": 1665517254,
      "stdout": "",
      "stderr": "error[E0425]: cannot find function `sum_of_divisors` in this scope\n --> /tmp/tmpfwi6hjuj.rs:5:17\n  |\n5 |         let a = sum_of_divisors(i);\n  |                 ^^^^^^^^^^^^^^^ not found in this scope\n\nerror[E0425]: cannot find function `sum_of_divisors` in this scope\n --> /tmp/tmpfwi6hjuj.rs:6:17\n  |\n6 |         let b = sum_of_divisors(a);\n  |                 ^^^^^^^^^^^^^^^ not found in this scope\n\nerror: aborting due to 2 previous errors\n\nFor more information about this error, try `rustc --explain E0425`.\n",
      "exit_code": 1,
      "status": "SyntaxError"
    },
    {
      "program": "/// Write a function to sum all amicable numbers from 1 to a specified number.\nfn amicable_numbers_sum(limit: isize) -> isize {\n    let mut sum = 0;\n    for i in 1..limit {\n        let a = sum_of_divisors(i);\n        if a > i && sum_of_divisors(a) == i {\n            sum += i + a;\n        }\n    }\n    sum\n}\n\nfn main() {\n    let candidate = amicable_numbers_sum;\n    assert_eq!(candidate(999), 504);\n    assert_eq!(candidate(9999), 31626);\n    assert_eq!(candidate(99), 0);\n}\n",
      "timestamp": 1665517254,
      "stdout": "",
      "stderr": "error[E0425]: cannot find function `sum_of_divisors` in this scope\n --> /tmp/tmpbklirzsq.rs:5:17\n  |\n5 |         let a = sum_of_divisors(i);\n  |                 ^^^^^^^^^^^^^^^ not found in this scope\n\nerror[E0425]: cannot find function `sum_of_divisors` in this scope\n --> /tmp/tmpbklirzsq.rs:6:21\n  |\n6 |         if a > i && sum_of_divisors(a) == i {\n  |                     ^^^^^^^^^^^^^^^ not found in this scope\n\nerror: aborting due to 2 previous errors\n\nFor more information about this error, try `rustc --explain E0425`.\n",
      "exit_code": 1,
      "status": "SyntaxError"
    },
    {
      "program": "/// Write a function to sum all amicable numbers from 1 to a specified number.\nfn amicable_numbers_sum(limit: isize) -> isize {\n    let mut sum = 0;\n    for i in 1..limit {\n        let j = sum_divisors(i);\n        if j > i && sum_divisors(j) == i {\n            sum += i + j;\n        }\n    }\n    sum\n}\n\nfn main() {\n    let candidate = amicable_numbers_sum;\n    assert_eq!(candidate(999), 504);\n    assert_eq!(candidate(9999), 31626);\n    assert_eq!(candidate(99), 0);\n}\n",
      "timestamp": 1666122694,
      "stdout": "",
      "stderr": "error[E0425]: cannot find function `sum_divisors` in this scope\n --> /tmp/tmpetbq0vrk.rs:5:17\n  |\n5 |         let j = sum_divisors(i);\n  |                 ^^^^^^^^^^^^ not found in this scope\n\nerror[E0425]: cannot find function `sum_divisors` in this scope\n --> /tmp/tmpetbq0vrk.rs:6:21\n  |\n6 |         if j > i && sum_divisors(j) == i {\n  |                     ^^^^^^^^^^^^ not found in this scope\n\nerror: aborting due to 2 previous errors\n\nFor more information about this error, try `rustc --explain E0425`.\n",
      "exit_code": 1,
      "status": "SyntaxError"
    },
    {
      "program": "/// Write a function to sum all amicable numbers from 1 to a specified number.\nfn amicable_numbers_sum(limit: isize) -> isize {\n    let mut sum = 0;\n    for i in 1..limit {\n        let a = proper_divisors_sum(i);\n        if a > i && proper_divisors_sum(a) == i {\n            sum += i;\n        }\n    }\n    sum\n}\n\nfn main() {\n    let candidate = amicable_numbers_sum;\n    assert_eq!(candidate(999), 504);\n    assert_eq!(candidate(9999), 31626);\n    assert_eq!(candidate(99), 0);\n}\n",
      "timestamp": 1666122694,
      "stdout": "",
      "stderr": "error[E0425]: cannot find function `proper_divisors_sum` in this scope\n --> /tmp/tmp3wq0wspi.rs:5:17\n  |\n5 |         let a = proper_divisors_sum(i);\n  |                 ^^^^^^^^^^^^^^^^^^^ not found in this scope\n\nerror[E0425]: cannot find function `proper_divisors_sum` in this scope\n --> /tmp/tmp3wq0wspi.rs:6:21\n  |\n6 |         if a > i && proper_divisors_sum(a) == i {\n  |                     ^^^^^^^^^^^^^^^^^^^ not found in this scope\n\nerror: aborting due to 2 previous errors\n\nFor more information about this error, try `rustc --explain E0425`.\n",
      "exit_code": 1,
      "status": "SyntaxError"
    },
    {
      "program": "/// Write a function to sum all amicable numbers from 1 to a specified number.\nfn amicable_numbers_sum(limit: isize) -> isize {\n    let mut sum = 0;\n    for i in 1..limit {\n        let a = sum_divisors(i);\n        let b = sum_divisors(a);\n        if i == b && i != a {\n            sum += i;\n        }\n    }\n    sum\n}\n\nfn main() {\n    let candidate = amicable_numbers_sum;\n    assert_eq!(candidate(999), 504);\n    assert_eq!(candidate(9999), 31626);\n    assert_eq!(candidate(99), 0);\n}\n",
      "timestamp": 1666122694,
      "stdout": "",
      "stderr": "error[E0425]: cannot find function `sum_divisors` in this scope\n --> /tmp/tmpiarzo5rz.rs:5:17\n  |\n5 |         let a = sum_divisors(i);\n  |                 ^^^^^^^^^^^^ not found in this scope\n\nerror[E0425]: cannot find function `sum_divisors` in this scope\n --> /tmp/tmpiarzo5rz.rs:6:17\n  |\n6 |         let b = sum_divisors(a);\n  |                 ^^^^^^^^^^^^ not found in this scope\n\nerror: aborting due to 2 previous errors\n\nFor more information about this error, try `rustc --explain E0425`.\n",
      "exit_code": 1,
      "status": "SyntaxError"
    },
    {
      "program": "/// Write a function to sum all amicable numbers from 1 to a specified number.\nfn amicable_numbers_sum(limit: isize) -> isize {\n    let mut sum = 0;\n    for i in 1..limit {\n        let j = sum_divisors(i);\n        if i == sum_divisors(j) && i != j {\n            sum += i;\n        }\n    }\n    sum\n}\n\nfn main() {\n    let candidate = amicable_numbers_sum;\n    assert_eq!(candidate(999), 504);\n    assert_eq!(candidate(9999), 31626);\n    assert_eq!(candidate(99), 0);\n}\n",
      "timestamp": 1666122694,
      "stdout": "",
      "stderr": "error[E0425]: cannot find function `sum_divisors` in this scope\n --> /tmp/tmpjwsrqt_k.rs:5:17\n  |\n5 |         let j = sum_divisors(i);\n  |                 ^^^^^^^^^^^^ not found in this scope\n\nerror[E0425]: cannot find function `sum_divisors` in this scope\n --> /tmp/tmpjwsrqt_k.rs:6:17\n  |\n6 |         if i == sum_divisors(j) && i != j {\n  |                 ^^^^^^^^^^^^ not found in this scope\n\nerror: aborting due to 2 previous errors\n\nFor more information about this error, try `rustc --explain E0425`.\n",
      "exit_code": 1,
      "status": "SyntaxError"
    },
    {
      "program": "/// Write a function to sum all amicable numbers from 1 to a specified number.\nfn amicable_numbers_sum(limit: isize) -> isize {\n    let mut sum = 0;\n    for i in 1..limit {\n        let a = sum_divisors(i);\n        if i != a && sum_divisors(a) == i {\n            sum += i;\n        }\n    }\n    sum\n}\n\nfn main() {\n    let candidate = amicable_numbers_sum;\n    assert_eq!(candidate(999), 504);\n    assert_eq!(candidate(9999), 31626);\n    assert_eq!(candidate(99), 0);\n}\n",
      "timestamp": 1666122694,
      "stdout": "",
      "stderr": "error[E0425]: cannot find function `sum_divisors` in this scope\n --> /tmp/tmpugpmvuib.rs:5:17\n  |\n5 |         let a = sum_divisors(i);\n  |                 ^^^^^^^^^^^^ not found in this scope\n\nerror[E0425]: cannot find function `sum_divisors` in this scope\n --> /tmp/tmpugpmvuib.rs:6:22\n  |\n6 |         if i != a && sum_divisors(a) == i {\n  |                      ^^^^^^^^^^^^ not found in this scope\n\nerror: aborting due to 2 previous errors\n\nFor more information about this error, try `rustc --explain E0425`.\n",
      "exit_code": 1,
      "status": "SyntaxError"
    },
    {
      "program": "/// Write a function to sum all amicable numbers from 1 to a specified number.\nfn amicable_numbers_sum(limit: isize) -> isize {\n    let mut sum = 0;\n    for i in 1..limit {\n        let a = sum_of_divisors(i);\n        if a > i && sum_of_divisors(a) == i {\n            sum += a + i;\n        }\n    }\n    sum\n}\n\nfn main() {\n    let candidate = amicable_numbers_sum;\n    assert_eq!(candidate(999), 504);\n    assert_eq!(candidate(9999), 31626);\n    assert_eq!(candidate(99), 0);\n}\n",
      "timestamp": 1665517254,
      "stdout": "",
      "stderr": "error[E0425]: cannot find function `sum_of_divisors` in this scope\n --> /tmp/tmp6pu2i3_1.rs:5:17\n  |\n5 |         let a = sum_of_divisors(i);\n  |                 ^^^^^^^^^^^^^^^ not found in this scope\n\nerror[E0425]: cannot find function `sum_of_divisors` in this scope\n --> /tmp/tmp6pu2i3_1.rs:6:21\n  |\n6 |         if a > i && sum_of_divisors(a) == i {\n  |                     ^^^^^^^^^^^^^^^ not found in this scope\n\nerror: aborting due to 2 previous errors\n\nFor more information about this error, try `rustc --explain E0425`.\n",
      "exit_code": 1,
      "status": "SyntaxError"
    },
    {
      "program": "/// Write a function to sum all amicable numbers from 1 to a specified number.\nfn amicable_numbers_sum(limit: isize) -> isize {\n    let mut sum = 0;\n    for i in 1..limit {\n        let a = sum_of_divisors(i);\n        if a > i && sum_of_divisors(a) == i {\n            sum += i + a;\n        }\n    }\n    sum\n}\n\nfn main() {\n    let candidate = amicable_numbers_sum;\n    assert_eq!(candidate(999), 504);\n    assert_eq!(candidate(9999), 31626);\n    assert_eq!(candidate(99), 0);\n}\n",
      "timestamp": 1665517254,
      "stdout": "",
      "stderr": "error[E0425]: cannot find function `sum_of_divisors` in this scope\n --> /tmp/tmpbklirzsq.rs:5:17\n  |\n5 |         let a = sum_of_divisors(i);\n  |                 ^^^^^^^^^^^^^^^ not found in this scope\n\nerror[E0425]: cannot find function `sum_of_divisors` in this scope\n --> /tmp/tmpbklirzsq.rs:6:21\n  |\n6 |         if a > i && sum_of_divisors(a) == i {\n  |                     ^^^^^^^^^^^^^^^ not found in this scope\n\nerror: aborting due to 2 previous errors\n\nFor more information about this error, try `rustc --explain E0425`.\n",
      "exit_code": 1,
      "status": "SyntaxError"
    },
    {
      "program": "/// Write a function to sum all amicable numbers from 1 to a specified number.\nfn amicable_numbers_sum(limit: isize) -> isize {\n    let mut sum = 0;\n    for i in 2..limit {\n        let a = sum_of_divisors(i);\n        if a > i && sum_of_divisors(a) == i {\n            sum += i + a;\n        }\n    }\n    sum\n}\n\nfn main() {\n    let candidate = amicable_numbers_sum;\n    assert_eq!(candidate(999), 504);\n    assert_eq!(candidate(9999), 31626);\n    assert_eq!(candidate(99), 0);\n}\n",
      "timestamp": 1666122694,
      "stdout": "",
      "stderr": "error[E0425]: cannot find function `sum_of_divisors` in this scope\n --> /tmp/tmp9n5mbqb4.rs:5:17\n  |\n5 |         let a = sum_of_divisors(i);\n  |                 ^^^^^^^^^^^^^^^ not found in this scope\n\nerror[E0425]: cannot find function `sum_of_divisors` in this scope\n --> /tmp/tmp9n5mbqb4.rs:6:21\n  |\n6 |         if a > i && sum_of_divisors(a) == i {\n  |                     ^^^^^^^^^^^^^^^ not found in this scope\n\nerror: aborting due to 2 previous errors\n\nFor more information about this error, try `rustc --explain E0425`.\n",
      "exit_code": 1,
      "status": "SyntaxError"
    },
    {
      "program": "/// Write a function to sum all amicable numbers from 1 to a specified number.\nfn amicable_numbers_sum(limit: isize) -> isize {\n    let mut sum = 0;\n    for i in 1..limit {\n        let a = sum_of_divisors(i);\n        if a > i && sum_of_divisors(a) == i {\n            sum += i + a;\n        }\n    }\n    sum\n}\n\nfn main() {\n    let candidate = amicable_numbers_sum;\n    assert_eq!(candidate(999), 504);\n    assert_eq!(candidate(9999), 31626);\n    assert_eq!(candidate(99), 0);\n}\n",
      "timestamp": 1665517254,
      "stdout": "",
      "stderr": "error[E0425]: cannot find function `sum_of_divisors` in this scope\n --> /tmp/tmpbklirzsq.rs:5:17\n  |\n5 |         let a = sum_of_divisors(i);\n  |                 ^^^^^^^^^^^^^^^ not found in this scope\n\nerror[E0425]: cannot find function `sum_of_divisors` in this scope\n --> /tmp/tmpbklirzsq.rs:6:21\n  |\n6 |         if a > i && sum_of_divisors(a) == i {\n  |                     ^^^^^^^^^^^^^^^ not found in this scope\n\nerror: aborting due to 2 previous errors\n\nFor more information about this error, try `rustc --explain E0425`.\n",
      "exit_code": 1,
      "status": "SyntaxError"
    },
    {
      "program": "/// Write a function to sum all amicable numbers from 1 to a specified number.\nfn amicable_numbers_sum(limit: isize) -> isize {\n    let mut sum = 0;\n    for i in 1..limit {\n        let a = sum_proper_divisors(i);\n        let b = sum_proper_divisors(a);\n        if i == b && i != a {\n            sum += i;\n        }\n    }\n    sum\n}\n\nfn main() {\n    let candidate = amicable_numbers_sum;\n    assert_eq!(candidate(999), 504);\n    assert_eq!(candidate(9999), 31626);\n    assert_eq!(candidate(99), 0);\n}\n",
      "timestamp": 1665517254,
      "stdout": "",
      "stderr": "error[E0425]: cannot find function `sum_proper_divisors` in this scope\n --> /tmp/tmp64uga_pc.rs:5:17\n  |\n5 |         let a = sum_proper_divisors(i);\n  |                 ^^^^^^^^^^^^^^^^^^^ not found in this scope\n\nerror[E0425]: cannot find function `sum_proper_divisors` in this scope\n --> /tmp/tmp64uga_pc.rs:6:17\n  |\n6 |         let b = sum_proper_divisors(a);\n  |                 ^^^^^^^^^^^^^^^^^^^ not found in this scope\n\nerror: aborting due to 2 previous errors\n\nFor more information about this error, try `rustc --explain E0425`.\n",
      "exit_code": 1,
      "status": "SyntaxError"
    },
    {
      "program": "/// Write a function to sum all amicable numbers from 1 to a specified number.\nfn amicable_numbers_sum(limit: isize) -> isize {\n    let mut sum = 0;\n    for i in 1..limit {\n        let a = sum_of_divisors(i);\n        if a > i && sum_of_divisors(a) == i {\n            sum += i + a;\n        }\n    }\n    sum\n}\n\nfn main() {\n    let candidate = amicable_numbers_sum;\n    assert_eq!(candidate(999), 504);\n    assert_eq!(candidate(9999), 31626);\n    assert_eq!(candidate(99), 0);\n}\n",
      "timestamp": 1665517254,
      "stdout": "",
      "stderr": "error[E0425]: cannot find function `sum_of_divisors` in this scope\n --> /tmp/tmpbklirzsq.rs:5:17\n  |\n5 |         let a = sum_of_divisors(i);\n  |                 ^^^^^^^^^^^^^^^ not found in this scope\n\nerror[E0425]: cannot find function `sum_of_divisors` in this scope\n --> /tmp/tmpbklirzsq.rs:6:21\n  |\n6 |         if a > i && sum_of_divisors(a) == i {\n  |                     ^^^^^^^^^^^^^^^ not found in this scope\n\nerror: aborting due to 2 previous errors\n\nFor more information about this error, try `rustc --explain E0425`.\n",
      "exit_code": 1,
      "status": "SyntaxError"
    },
    {
      "program": "/// Write a function to sum all amicable numbers from 1 to a specified number.\nfn amicable_numbers_sum(limit: isize) -> isize {\n    let mut sum = 0;\n    for i in 1..limit {\n        let a = sum_of_divisors(i);\n        if a != i && sum_of_divisors(a) == i {\n            sum += i;\n        }\n    }\n    sum\n}\n\nfn main() {\n    let candidate = amicable_numbers_sum;\n    assert_eq!(candidate(999), 504);\n    assert_eq!(candidate(9999), 31626);\n    assert_eq!(candidate(99), 0);\n}\n",
      "timestamp": 1665517254,
      "stdout": "",
      "stderr": "error[E0425]: cannot find function `sum_of_divisors` in this scope\n --> /tmp/tmpbkukonmr.rs:5:17\n  |\n5 |         let a = sum_of_divisors(i);\n  |                 ^^^^^^^^^^^^^^^ not found in this scope\n\nerror[E0425]: cannot find function `sum_of_divisors` in this scope\n --> /tmp/tmpbkukonmr.rs:6:22\n  |\n6 |         if a != i && sum_of_divisors(a) == i {\n  |                      ^^^^^^^^^^^^^^^ not found in this scope\n\nerror: aborting due to 2 previous errors\n\nFor more information about this error, try `rustc --explain E0425`.\n",
      "exit_code": 1,
      "status": "SyntaxError"
    },
    {
      "program": "/// Write a function to sum all amicable numbers from 1 to a specified number.\nfn amicable_numbers_sum(limit: isize) -> isize {\n    let mut sum = 0;\n    for i in 1..limit {\n        let a = sum_proper_divisors(i);\n        if a == i {\n            continue;\n        }\n        let b = sum_proper_divisors(a);\n        if b == i {\n            sum += i;\n        }\n    }\n    sum\n}\n\nfn main() {\n    let candidate = amicable_numbers_sum;\n    assert_eq!(candidate(999), 504);\n    assert_eq!(candidate(9999), 31626);\n    assert_eq!(candidate(99), 0);\n}\n",
      "timestamp": 1666122693,
      "stdout": "",
      "stderr": "error[E0425]: cannot find function `sum_proper_divisors` in this scope\n --> /tmp/tmpgow7zcp3.rs:5:17\n  |\n5 |         let a = sum_proper_divisors(i);\n  |                 ^^^^^^^^^^^^^^^^^^^ not found in this scope\n\nerror[E0425]: cannot find function `sum_proper_divisors` in this scope\n --> /tmp/tmpgow7zcp3.rs:9:17\n  |\n9 |         let b = sum_proper_divisors(a);\n  |                 ^^^^^^^^^^^^^^^^^^^ not found in this scope\n\nerror: aborting due to 2 previous errors\n\nFor more information about this error, try `rustc --explain E0425`.\n",
      "exit_code": 1,
      "status": "SyntaxError"
    },
    {
      "program": "/// Write a function to sum all amicable numbers from 1 to a specified number.\nfn amicable_numbers_sum(limit: isize) -> isize {\n    let mut sum = 0;\n    for i in 1..limit {\n        let a = sum_of_proper_divisors(i);\n        if a > i && sum_of_proper_divisors(a) == i {\n            sum += i + a;\n        }\n    }\n    sum\n}\n\nfn main() {\n    let candidate = amicable_numbers_sum;\n    assert_eq!(candidate(999), 504);\n    assert_eq!(candidate(9999), 31626);\n    assert_eq!(candidate(99), 0);\n}\n",
      "timestamp": 1665517254,
      "stdout": "",
      "stderr": "error[E0425]: cannot find function `sum_of_proper_divisors` in this scope\n --> /tmp/tmpdk6061ll.rs:5:17\n  |\n5 |         let a = sum_of_proper_divisors(i);\n  |                 ^^^^^^^^^^^^^^^^^^^^^^ not found in this scope\n\nerror[E0425]: cannot find function `sum_of_proper_divisors` in this scope\n --> /tmp/tmpdk6061ll.rs:6:21\n  |\n6 |         if a > i && sum_of_proper_divisors(a) == i {\n  |                     ^^^^^^^^^^^^^^^^^^^^^^ not found in this scope\n\nerror: aborting due to 2 previous errors\n\nFor more information about this error, try `rustc --explain E0425`.\n",
      "exit_code": 1,
      "status": "SyntaxError"
    },
    {
      "program": "/// Write a function to sum all amicable numbers from 1 to a specified number.\nfn amicable_numbers_sum(limit: isize) -> isize {\n    let mut sum = 0;\n    for i in 1..limit {\n        let a = sum_of_divisors(i);\n        if i == sum_of_divisors(a) && i != a {\n            sum += i;\n        }\n    }\n    sum\n}\n\nfn main() {\n    let candidate = amicable_numbers_sum;\n    assert_eq!(candidate(999), 504);\n    assert_eq!(candidate(9999), 31626);\n    assert_eq!(candidate(99), 0);\n}\n",
      "timestamp": 1666122694,
      "stdout": "",
      "stderr": "error[E0425]: cannot find function `sum_of_divisors` in this scope\n --> /tmp/tmp95elqlwc.rs:5:17\n  |\n5 |         let a = sum_of_divisors(i);\n  |                 ^^^^^^^^^^^^^^^ not found in this scope\n\nerror[E0425]: cannot find function `sum_of_divisors` in this scope\n --> /tmp/tmp95elqlwc.rs:6:17\n  |\n6 |         if i == sum_of_divisors(a) && i != a {\n  |                 ^^^^^^^^^^^^^^^ not found in this scope\n\nerror: aborting due to 2 previous errors\n\nFor more information about this error, try `rustc --explain E0425`.\n",
      "exit_code": 1,
      "status": "SyntaxError"
    },
    {
      "program": "/// Write a function to sum all amicable numbers from 1 to a specified number.\nfn amicable_numbers_sum(limit: isize) -> isize {\n    let mut sum = 0;\n    for i in 1..limit {\n        let a = sum_of_divisors(i);\n        if a > i && sum_of_divisors(a) == i {\n            sum += i + a;\n        }\n    }\n    sum\n}\n\nfn main() {\n    let candidate = amicable_numbers_sum;\n    assert_eq!(candidate(999), 504);\n    assert_eq!(candidate(9999), 31626);\n    assert_eq!(candidate(99), 0);\n}\n",
      "timestamp": 1665517254,
      "stdout": "",
      "stderr": "error[E0425]: cannot find function `sum_of_divisors` in this scope\n --> /tmp/tmpbklirzsq.rs:5:17\n  |\n5 |         let a = sum_of_divisors(i);\n  |                 ^^^^^^^^^^^^^^^ not found in this scope\n\nerror[E0425]: cannot find function `sum_of_divisors` in this scope\n --> /tmp/tmpbklirzsq.rs:6:21\n  |\n6 |         if a > i && sum_of_divisors(a) == i {\n  |                     ^^^^^^^^^^^^^^^ not found in this scope\n\nerror: aborting due to 2 previous errors\n\nFor more information about this error, try `rustc --explain E0425`.\n",
      "exit_code": 1,
      "status": "SyntaxError"
    },
    {
      "program": "/// Write a function to sum all amicable numbers from 1 to a specified number.\nfn amicable_numbers_sum(limit: isize) -> isize {\n    let mut sum = 0;\n    for i in 1..limit {\n        let a = sum_of_divisors(i);\n        if a > i && sum_of_divisors(a) == i {\n            sum += i + a;\n        }\n    }\n    sum\n}\n\nfn main() {\n    let candidate = amicable_numbers_sum;\n    assert_eq!(candidate(999), 504);\n    assert_eq!(candidate(9999), 31626);\n    assert_eq!(candidate(99), 0);\n}\n",
      "timestamp": 1665517254,
      "stdout": "",
      "stderr": "error[E0425]: cannot find function `sum_of_divisors` in this scope\n --> /tmp/tmpbklirzsq.rs:5:17\n  |\n5 |         let a = sum_of_divisors(i);\n  |                 ^^^^^^^^^^^^^^^ not found in this scope\n\nerror[E0425]: cannot find function `sum_of_divisors` in this scope\n --> /tmp/tmpbklirzsq.rs:6:21\n  |\n6 |         if a > i && sum_of_divisors(a) == i {\n  |                     ^^^^^^^^^^^^^^^ not found in this scope\n\nerror: aborting due to 2 previous errors\n\nFor more information about this error, try `rustc --explain E0425`.\n",
      "exit_code": 1,
      "status": "SyntaxError"
    },
    {
      "program": "/// Write a function to sum all amicable numbers from 1 to a specified number.\nfn amicable_numbers_sum(limit: isize) -> isize {\n    let mut sum = 0;\n    for i in 1..limit {\n        let a = sum_of_divisors(i);\n        if a != i && sum_of_divisors(a) == i {\n            sum += i;\n        }\n    }\n    sum\n}\n\nfn main() {\n    let candidate = amicable_numbers_sum;\n    assert_eq!(candidate(999), 504);\n    assert_eq!(candidate(9999), 31626);\n    assert_eq!(candidate(99), 0);\n}\n",
      "timestamp": 1665517254,
      "stdout": "",
      "stderr": "error[E0425]: cannot find function `sum_of_divisors` in this scope\n --> /tmp/tmpbkukonmr.rs:5:17\n  |\n5 |         let a = sum_of_divisors(i);\n  |                 ^^^^^^^^^^^^^^^ not found in this scope\n\nerror[E0425]: cannot find function `sum_of_divisors` in this scope\n --> /tmp/tmpbkukonmr.rs:6:22\n  |\n6 |         if a != i && sum_of_divisors(a) == i {\n  |                      ^^^^^^^^^^^^^^^ not found in this scope\n\nerror: aborting due to 2 previous errors\n\nFor more information about this error, try `rustc --explain E0425`.\n",
      "exit_code": 1,
      "status": "SyntaxError"
    },
    {
      "program": "/// Write a function to sum all amicable numbers from 1 to a specified number.\nfn amicable_numbers_sum(limit: isize) -> isize {\n    let mut sum = 0;\n    for i in 1..limit {\n        let a = sum_of_divisors(i);\n        if a == i {\n            continue;\n        }\n        let b = sum_of_divisors(a);\n        if b == i {\n            sum += a + b;\n        }\n    }\n    sum\n}\n\nfn main() {\n    let candidate = amicable_numbers_sum;\n    assert_eq!(candidate(999), 504);\n    assert_eq!(candidate(9999), 31626);\n    assert_eq!(candidate(99), 0);\n}\n",
      "timestamp": 1666122694,
      "stdout": "",
      "stderr": "error[E0425]: cannot find function `sum_of_divisors` in this scope\n --> /tmp/tmp0gxtcxod.rs:5:17\n  |\n5 |         let a = sum_of_divisors(i);\n  |                 ^^^^^^^^^^^^^^^ not found in this scope\n\nerror[E0425]: cannot find function `sum_of_divisors` in this scope\n --> /tmp/tmp0gxtcxod.rs:9:17\n  |\n9 |         let b = sum_of_divisors(a);\n  |                 ^^^^^^^^^^^^^^^ not found in this scope\n\nerror: aborting due to 2 previous errors\n\nFor more information about this error, try `rustc --explain E0425`.\n",
      "exit_code": 1,
      "status": "SyntaxError"
    },
    {
      "program": "/// Write a function to sum all amicable numbers from 1 to a specified number.\nfn amicable_numbers_sum(limit: isize) -> isize {\n    let mut sum = 0;\n    for i in 1..limit {\n        let a = sum_of_divisors(i);\n        if a == i {\n            continue;\n        }\n        let b = sum_of_divisors(a);\n        if b == i {\n            sum += i;\n        }\n    }\n    sum\n}\n\nfn main() {\n    let candidate = amicable_numbers_sum;\n    assert_eq!(candidate(999), 504);\n    assert_eq!(candidate(9999), 31626);\n    assert_eq!(candidate(99), 0);\n}\n",
      "timestamp": 1666122693,
      "stdout": "",
      "stderr": "error[E0425]: cannot find function `sum_of_divisors` in this scope\n --> /tmp/tmpqu15k1yq.rs:5:17\n  |\n5 |         let a = sum_of_divisors(i);\n  |                 ^^^^^^^^^^^^^^^ not found in this scope\n\nerror[E0425]: cannot find function `sum_of_divisors` in this scope\n --> /tmp/tmpqu15k1yq.rs:9:17\n  |\n9 |         let b = sum_of_divisors(a);\n  |                 ^^^^^^^^^^^^^^^ not found in this scope\n\nerror: aborting due to 2 previous errors\n\nFor more information about this error, try `rustc --explain E0425`.\n",
      "exit_code": 1,
      "status": "SyntaxError"
    },
    {
      "program": "/// Write a function to sum all amicable numbers from 1 to a specified number.\nfn amicable_numbers_sum(limit: isize) -> isize {\n    let mut sum = 0;\n    for n in 1..limit {\n        let m = sum_of_divisors(n);\n        if n != m && sum_of_divisors(m) == n {\n            sum += n;\n        }\n    }\n    sum\n}\n\nfn main() {\n    let candidate = amicable_numbers_sum;\n    assert_eq!(candidate(999), 504);\n    assert_eq!(candidate(9999), 31626);\n    assert_eq!(candidate(99), 0);\n}\n",
      "timestamp": 1665517254,
      "stdout": "",
      "stderr": "error[E0425]: cannot find function `sum_of_divisors` in this scope\n --> /tmp/tmpftxevr1r.rs:5:17\n  |\n5 |         let m = sum_of_divisors(n);\n  |                 ^^^^^^^^^^^^^^^ not found in this scope\n\nerror[E0425]: cannot find function `sum_of_divisors` in this scope\n --> /tmp/tmpftxevr1r.rs:6:22\n  |\n6 |         if n != m && sum_of_divisors(m) == n {\n  |                      ^^^^^^^^^^^^^^^ not found in this scope\n\nerror: aborting due to 2 previous errors\n\nFor more information about this error, try `rustc --explain E0425`.\n",
      "exit_code": 1,
      "status": "SyntaxError"
    },
    {
      "program": "/// Write a function to sum all amicable numbers from 1 to a specified number.\nfn amicable_numbers_sum(limit: isize) -> isize {\n    let mut sum = 0;\n    for i in 1..limit {\n        let a = sum_divisors(i);\n        if a != i && sum_divisors(a) == i {\n            sum += i;\n        }\n    }\n    sum\n}\n\nfn main() {\n    let candidate = amicable_numbers_sum;\n    assert_eq!(candidate(999), 504);\n    assert_eq!(candidate(9999), 31626);\n    assert_eq!(candidate(99), 0);\n}\n",
      "timestamp": 1665517254,
      "stdout": "",
      "stderr": "error[E0425]: cannot find function `sum_divisors` in this scope\n --> /tmp/tmpbep1ngoq.rs:5:17\n  |\n5 |         let a = sum_divisors(i);\n  |                 ^^^^^^^^^^^^ not found in this scope\n\nerror[E0425]: cannot find function `sum_divisors` in this scope\n --> /tmp/tmpbep1ngoq.rs:6:22\n  |\n6 |         if a != i && sum_divisors(a) == i {\n  |                      ^^^^^^^^^^^^ not found in this scope\n\nerror: aborting due to 2 previous errors\n\nFor more information about this error, try `rustc --explain E0425`.\n",
      "exit_code": 1,
      "status": "SyntaxError"
    },
    {
      "program": "/// Write a function to sum all amicable numbers from 1 to a specified number.\nfn amicable_numbers_sum(limit: isize) -> isize {\n    let mut sum = 0;\n    for i in 1..limit {\n        let d1 = sum_of_divisors(i);\n        if d1 > i && sum_of_divisors(d1) == i {\n            sum += i + d1;\n        }\n    }\n    sum\n}\n\nfn main() {\n    let candidate = amicable_numbers_sum;\n    assert_eq!(candidate(999), 504);\n    assert_eq!(candidate(9999), 31626);\n    assert_eq!(candidate(99), 0);\n}\n",
      "timestamp": 1666122694,
      "stdout": "",
      "stderr": "error[E0425]: cannot find function `sum_of_divisors` in this scope\n --> /tmp/tmp17ll2fuh.rs:5:18\n  |\n5 |         let d1 = sum_of_divisors(i);\n  |                  ^^^^^^^^^^^^^^^ not found in this scope\n\nerror[E0425]: cannot find function `sum_of_divisors` in this scope\n --> /tmp/tmp17ll2fuh.rs:6:22\n  |\n6 |         if d1 > i && sum_of_divisors(d1) == i {\n  |                      ^^^^^^^^^^^^^^^ not found in this scope\n\nerror: aborting due to 2 previous errors\n\nFor more information about this error, try `rustc --explain E0425`.\n",
      "exit_code": 1,
      "status": "SyntaxError"
    },
    {
      "program": "/// Write a function to sum all amicable numbers from 1 to a specified number.\nfn amicable_numbers_sum(limit: isize) -> isize {\n    let mut sum = 0;\n    for i in 1..limit {\n        let a = sum_of_divisors(i);\n        if a > i && sum_of_divisors(a) == i {\n            sum += i + a;\n        }\n    }\n    sum\n}\n\nfn main() {\n    let candidate = amicable_numbers_sum;\n    assert_eq!(candidate(999), 504);\n    assert_eq!(candidate(9999), 31626);\n    assert_eq!(candidate(99), 0);\n}\n",
      "timestamp": 1665517254,
      "stdout": "",
      "stderr": "error[E0425]: cannot find function `sum_of_divisors` in this scope\n --> /tmp/tmpbklirzsq.rs:5:17\n  |\n5 |         let a = sum_of_divisors(i);\n  |                 ^^^^^^^^^^^^^^^ not found in this scope\n\nerror[E0425]: cannot find function `sum_of_divisors` in this scope\n --> /tmp/tmpbklirzsq.rs:6:21\n  |\n6 |         if a > i && sum_of_divisors(a) == i {\n  |                     ^^^^^^^^^^^^^^^ not found in this scope\n\nerror: aborting due to 2 previous errors\n\nFor more information about this error, try `rustc --explain E0425`.\n",
      "exit_code": 1,
      "status": "SyntaxError"
    },
    {
      "program": "/// Write a function to sum all amicable numbers from 1 to a specified number.\nfn amicable_numbers_sum(limit: isize) -> isize {\n    let mut sum = 0;\n    for i in 1..limit {\n        let a = sum_of_divisors(i);\n        if a > i && sum_of_divisors(a) == i {\n            sum += i + a;\n        }\n    }\n    sum\n}\n\nfn main() {\n    let candidate = amicable_numbers_sum;\n    assert_eq!(candidate(999), 504);\n    assert_eq!(candidate(9999), 31626);\n    assert_eq!(candidate(99), 0);\n}\n",
      "timestamp": 1665517254,
      "stdout": "",
      "stderr": "error[E0425]: cannot find function `sum_of_divisors` in this scope\n --> /tmp/tmpbklirzsq.rs:5:17\n  |\n5 |         let a = sum_of_divisors(i);\n  |                 ^^^^^^^^^^^^^^^ not found in this scope\n\nerror[E0425]: cannot find function `sum_of_divisors` in this scope\n --> /tmp/tmpbklirzsq.rs:6:21\n  |\n6 |         if a > i && sum_of_divisors(a) == i {\n  |                     ^^^^^^^^^^^^^^^ not found in this scope\n\nerror: aborting due to 2 previous errors\n\nFor more information about this error, try `rustc --explain E0425`.\n",
      "exit_code": 1,
      "status": "SyntaxError"
    },
    {
      "program": "/// Write a function to sum all amicable numbers from 1 to a specified number.\nfn amicable_numbers_sum(limit: isize) -> isize {\n    let mut sum = 0;\n    for i in 1..limit {\n        let a = sum_of_divisors(i);\n        if a == i {\n            continue;\n        }\n        let b = sum_of_divisors(a);\n        if b == i {\n            sum += i;\n        }\n    }\n    sum\n}\n\nfn main() {\n    let candidate = amicable_numbers_sum;\n    assert_eq!(candidate(999), 504);\n    assert_eq!(candidate(9999), 31626);\n    assert_eq!(candidate(99), 0);\n}\n",
      "timestamp": 1666122693,
      "stdout": "",
      "stderr": "error[E0425]: cannot find function `sum_of_divisors` in this scope\n --> /tmp/tmpqu15k1yq.rs:5:17\n  |\n5 |         let a = sum_of_divisors(i);\n  |                 ^^^^^^^^^^^^^^^ not found in this scope\n\nerror[E0425]: cannot find function `sum_of_divisors` in this scope\n --> /tmp/tmpqu15k1yq.rs:9:17\n  |\n9 |         let b = sum_of_divisors(a);\n  |                 ^^^^^^^^^^^^^^^ not found in this scope\n\nerror: aborting due to 2 previous errors\n\nFor more information about this error, try `rustc --explain E0425`.\n",
      "exit_code": 1,
      "status": "SyntaxError"
    },
    {
      "program": "/// Write a function to sum all amicable numbers from 1 to a specified number.\nfn amicable_numbers_sum(limit: isize) -> isize {\n    let mut sum = 0;\n    for i in 1..limit {\n        let a = divisors_sum(i);\n        if a > i && divisors_sum(a) == i {\n            sum += i;\n        }\n    }\n    sum\n}\n\nfn main() {\n    let candidate = amicable_numbers_sum;\n    assert_eq!(candidate(999), 504);\n    assert_eq!(candidate(9999), 31626);\n    assert_eq!(candidate(99), 0);\n}\n",
      "timestamp": 1666122693,
      "stdout": "",
      "stderr": "error[E0425]: cannot find function `divisors_sum` in this scope\n --> /tmp/tmpgabfs0ta.rs:5:17\n  |\n5 |         let a = divisors_sum(i);\n  |                 ^^^^^^^^^^^^ not found in this scope\n\nerror[E0425]: cannot find function `divisors_sum` in this scope\n --> /tmp/tmpgabfs0ta.rs:6:21\n  |\n6 |         if a > i && divisors_sum(a) == i {\n  |                     ^^^^^^^^^^^^ not found in this scope\n\nerror: aborting due to 2 previous errors\n\nFor more information about this error, try `rustc --explain E0425`.\n",
      "exit_code": 1,
      "status": "SyntaxError"
    },
    {
      "program": "/// Write a function to sum all amicable numbers from 1 to a specified number.\nfn amicable_numbers_sum(limit: isize) -> isize {\n    let mut sum = 0;\n    for i in 1..limit {\n        let a = sum_proper_divisors(i);\n        let b = sum_proper_divisors(a);\n        if b == i && a != b {\n            sum += i;\n        }\n    }\n    sum\n}\n\nfn main() {\n    let candidate = amicable_numbers_sum;\n    assert_eq!(candidate(999), 504);\n    assert_eq!(candidate(9999), 31626);\n    assert_eq!(candidate(99), 0);\n}\n",
      "timestamp": 1666122693,
      "stdout": "",
      "stderr": "error[E0425]: cannot find function `sum_proper_divisors` in this scope\n --> /tmp/tmphox3l3ne.rs:5:17\n  |\n5 |         let a = sum_proper_divisors(i);\n  |                 ^^^^^^^^^^^^^^^^^^^ not found in this scope\n\nerror[E0425]: cannot find function `sum_proper_divisors` in this scope\n --> /tmp/tmphox3l3ne.rs:6:17\n  |\n6 |         let b = sum_proper_divisors(a);\n  |                 ^^^^^^^^^^^^^^^^^^^ not found in this scope\n\nerror: aborting due to 2 previous errors\n\nFor more information about this error, try `rustc --explain E0425`.\n",
      "exit_code": 1,
      "status": "SyntaxError"
    },
    {
      "program": "/// Write a function to sum all amicable numbers from 1 to a specified number.\nfn amicable_numbers_sum(limit: isize) -> isize {\n    let mut sum = 0;\n    for i in 1..limit {\n        let j = sum_of_divisors(i);\n        if i != j && sum_of_divisors(j) == i {\n            sum += i;\n        }\n    }\n    sum\n}\n\nfn main() {\n    let candidate = amicable_numbers_sum;\n    assert_eq!(candidate(999), 504);\n    assert_eq!(candidate(9999), 31626);\n    assert_eq!(candidate(99), 0);\n}\n",
      "timestamp": 1665517254,
      "stdout": "",
      "stderr": "error[E0425]: cannot find function `sum_of_divisors` in this scope\n --> /tmp/tmpp9vtgvb3.rs:5:17\n  |\n5 |         let j = sum_of_divisors(i);\n  |                 ^^^^^^^^^^^^^^^ not found in this scope\n\nerror[E0425]: cannot find function `sum_of_divisors` in this scope\n --> /tmp/tmpp9vtgvb3.rs:6:22\n  |\n6 |         if i != j && sum_of_divisors(j) == i {\n  |                      ^^^^^^^^^^^^^^^ not found in this scope\n\nerror: aborting due to 2 previous errors\n\nFor more information about this error, try `rustc --explain E0425`.\n",
      "exit_code": 1,
      "status": "SyntaxError"
    },
    {
      "program": "/// Write a function to sum all amicable numbers from 1 to a specified number.\nfn amicable_numbers_sum(limit: isize) -> isize {\n    let mut sum = 0;\n    for i in 1..limit {\n        let a = sum_proper_divisors(i);\n        if a > i && sum_proper_divisors(a) == i {\n            sum += i + a;\n        }\n    }\n    sum\n}\n\nfn main() {\n    let candidate = amicable_numbers_sum;\n    assert_eq!(candidate(999), 504);\n    assert_eq!(candidate(9999), 31626);\n    assert_eq!(candidate(99), 0);\n}\n",
      "timestamp": 1665517254,
      "stdout": "",
      "stderr": "error[E0425]: cannot find function `sum_proper_divisors` in this scope\n --> /tmp/tmpy8ne8g7e.rs:5:17\n  |\n5 |         let a = sum_proper_divisors(i);\n  |                 ^^^^^^^^^^^^^^^^^^^ not found in this scope\n\nerror[E0425]: cannot find function `sum_proper_divisors` in this scope\n --> /tmp/tmpy8ne8g7e.rs:6:21\n  |\n6 |         if a > i && sum_proper_divisors(a) == i {\n  |                     ^^^^^^^^^^^^^^^^^^^ not found in this scope\n\nerror: aborting due to 2 previous errors\n\nFor more information about this error, try `rustc --explain E0425`.\n",
      "exit_code": 1,
      "status": "SyntaxError"
    },
    {
      "program": "/// Write a function to sum all amicable numbers from 1 to a specified number.\nfn amicable_numbers_sum(limit: isize) -> isize {\n    let mut sum = 0;\n    for n in 1..limit {\n        let m = sum_of_proper_divisors(n);\n        if n != m && sum_of_proper_divisors(m) == n {\n            sum += n;\n        }\n    }\n    sum\n}\n\nfn main() {\n    let candidate = amicable_numbers_sum;\n    assert_eq!(candidate(999), 504);\n    assert_eq!(candidate(9999), 31626);\n    assert_eq!(candidate(99), 0);\n}\n",
      "timestamp": 1666122694,
      "stdout": "",
      "stderr": "error[E0425]: cannot find function `sum_of_proper_divisors` in this scope\n --> /tmp/tmpfz4o6fyw.rs:5:17\n  |\n5 |         let m = sum_of_proper_divisors(n);\n  |                 ^^^^^^^^^^^^^^^^^^^^^^ not found in this scope\n\nerror[E0425]: cannot find function `sum_of_proper_divisors` in this scope\n --> /tmp/tmpfz4o6fyw.rs:6:22\n  |\n6 |         if n != m && sum_of_proper_divisors(m) == n {\n  |                      ^^^^^^^^^^^^^^^^^^^^^^ not found in this scope\n\nerror: aborting due to 2 previous errors\n\nFor more information about this error, try `rustc --explain E0425`.\n",
      "exit_code": 1,
      "status": "SyntaxError"
    },
    {
      "program": "/// Write a function to sum all amicable numbers from 1 to a specified number.\nfn amicable_numbers_sum(limit: isize) -> isize {\n    let mut sum = 0;\n    for i in 1..limit {\n        let d = sum_of_divisors(i);\n        if d != i && sum_of_divisors(d) == i {\n            sum += i;\n        }\n    }\n    sum\n}\n\nfn main() {\n    let candidate = amicable_numbers_sum;\n    assert_eq!(candidate(999), 504);\n    assert_eq!(candidate(9999), 31626);\n    assert_eq!(candidate(99), 0);\n}\n",
      "timestamp": 1666122693,
      "stdout": "",
      "stderr": "error[E0425]: cannot find function `sum_of_divisors` in this scope\n --> /tmp/tmpyrdb_5x_.rs:5:17\n  |\n5 |         let d = sum_of_divisors(i);\n  |                 ^^^^^^^^^^^^^^^ not found in this scope\n\nerror[E0425]: cannot find function `sum_of_divisors` in this scope\n --> /tmp/tmpyrdb_5x_.rs:6:22\n  |\n6 |         if d != i && sum_of_divisors(d) == i {\n  |                      ^^^^^^^^^^^^^^^ not found in this scope\n\nerror: aborting due to 2 previous errors\n\nFor more information about this error, try `rustc --explain E0425`.\n",
      "exit_code": 1,
      "status": "SyntaxError"
    },
    {
      "program": "/// Write a function to sum all amicable numbers from 1 to a specified number.\nfn amicable_numbers_sum(limit: isize) -> isize {\n    let mut sum = 0;\n    for i in 1..limit {\n        let divisors_sum = divisors_sum(i);\n        if divisors_sum > i && divisors_sum < limit && divisors_sum == divisors_sum(divisors_sum) {\n            sum += i;\n        }\n    }\n    sum\n}\n\nfn main() {\n    let candidate = amicable_numbers_sum;\n    assert_eq!(candidate(999), 504);\n    assert_eq!(candidate(9999), 31626);\n    assert_eq!(candidate(99), 0);\n}\n",
      "timestamp": 1665517254,
      "stdout": "",
      "stderr": "error[E0425]: cannot find function `divisors_sum` in this scope\n --> /tmp/tmpu7fnb8b1.rs:5:28\n  |\n5 |         let divisors_sum = divisors_sum(i);\n  |                            ^^^^^^^^^^^^ not found in this scope\n\nerror: aborting due to previous error\n\nFor more information about this error, try `rustc --explain E0425`.\n",
      "exit_code": 1,
      "status": "SyntaxError"
    },
    {
      "program": "/// Write a function to sum all amicable numbers from 1 to a specified number.\nfn amicable_numbers_sum(limit: isize) -> isize {\n    let mut sum = 0;\n    for i in 1..limit {\n        let a = sum_of_divisors(i);\n        if a > i && sum_of_divisors(a) == i {\n            sum += i + a;\n        }\n    }\n    sum\n}\n\nfn main() {\n    let candidate = amicable_numbers_sum;\n    assert_eq!(candidate(999), 504);\n    assert_eq!(candidate(9999), 31626);\n    assert_eq!(candidate(99), 0);\n}\n",
      "timestamp": 1665517254,
      "stdout": "",
      "stderr": "error[E0425]: cannot find function `sum_of_divisors` in this scope\n --> /tmp/tmpbklirzsq.rs:5:17\n  |\n5 |         let a = sum_of_divisors(i);\n  |                 ^^^^^^^^^^^^^^^ not found in this scope\n\nerror[E0425]: cannot find function `sum_of_divisors` in this scope\n --> /tmp/tmpbklirzsq.rs:6:21\n  |\n6 |         if a > i && sum_of_divisors(a) == i {\n  |                     ^^^^^^^^^^^^^^^ not found in this scope\n\nerror: aborting due to 2 previous errors\n\nFor more information about this error, try `rustc --explain E0425`.\n",
      "exit_code": 1,
      "status": "SyntaxError"
    },
    {
      "program": "/// Write a function to sum all amicable numbers from 1 to a specified number.\nfn amicable_numbers_sum(limit: isize) -> isize {\n    let mut sum = 0;\n    for n in 1..limit {\n        let m = sum_of_proper_divisors(n);\n        if n != m && sum_of_proper_divisors(m) == n {\n            sum += n;\n        }\n    }\n    sum\n}\n\nfn main() {\n    let candidate = amicable_numbers_sum;\n    assert_eq!(candidate(999), 504);\n    assert_eq!(candidate(9999), 31626);\n    assert_eq!(candidate(99), 0);\n}\n",
      "timestamp": 1666122694,
      "stdout": "",
      "stderr": "error[E0425]: cannot find function `sum_of_proper_divisors` in this scope\n --> /tmp/tmpfz4o6fyw.rs:5:17\n  |\n5 |         let m = sum_of_proper_divisors(n);\n  |                 ^^^^^^^^^^^^^^^^^^^^^^ not found in this scope\n\nerror[E0425]: cannot find function `sum_of_proper_divisors` in this scope\n --> /tmp/tmpfz4o6fyw.rs:6:22\n  |\n6 |         if n != m && sum_of_proper_divisors(m) == n {\n  |                      ^^^^^^^^^^^^^^^^^^^^^^ not found in this scope\n\nerror: aborting due to 2 previous errors\n\nFor more information about this error, try `rustc --explain E0425`.\n",
      "exit_code": 1,
      "status": "SyntaxError"
    },
    {
      "program": "/// Write a function to sum all amicable numbers from 1 to a specified number.\nfn amicable_numbers_sum(limit: isize) -> isize {\n    let mut sum = 0;\n    for i in 1..limit {\n        let a = sum_divisors(i);\n        if a > i && sum_divisors(a) == i {\n            sum += i + a;\n        }\n    }\n    sum\n}\n\nfn main() {\n    let candidate = amicable_numbers_sum;\n    assert_eq!(candidate(999), 504);\n    assert_eq!(candidate(9999), 31626);\n    assert_eq!(candidate(99), 0);\n}\n",
      "timestamp": 1665517254,
      "stdout": "",
      "stderr": "error[E0425]: cannot find function `sum_divisors` in this scope\n --> /tmp/tmpcldzq3ke.rs:5:17\n  |\n5 |         let a = sum_divisors(i);\n  |                 ^^^^^^^^^^^^ not found in this scope\n\nerror[E0425]: cannot find function `sum_divisors` in this scope\n --> /tmp/tmpcldzq3ke.rs:6:21\n  |\n6 |         if a > i && sum_divisors(a) == i {\n  |                     ^^^^^^^^^^^^ not found in this scope\n\nerror: aborting due to 2 previous errors\n\nFor more information about this error, try `rustc --explain E0425`.\n",
      "exit_code": 1,
      "status": "SyntaxError"
    },
    {
      "program": "/// Write a function to sum all amicable numbers from 1 to a specified number.\nfn amicable_numbers_sum(limit: isize) -> isize {\n    let mut sum = 0;\n    for i in 1..limit {\n        let a = sum_of_divisors(i);\n        if a > i && sum_of_divisors(a) == i {\n            sum += i + a;\n        }\n    }\n    sum\n}\n\nfn main() {\n    let candidate = amicable_numbers_sum;\n    assert_eq!(candidate(999), 504);\n    assert_eq!(candidate(9999), 31626);\n    assert_eq!(candidate(99), 0);\n}\n",
      "timestamp": 1665517254,
      "stdout": "",
      "stderr": "error[E0425]: cannot find function `sum_of_divisors` in this scope\n --> /tmp/tmpbklirzsq.rs:5:17\n  |\n5 |         let a = sum_of_divisors(i);\n  |                 ^^^^^^^^^^^^^^^ not found in this scope\n\nerror[E0425]: cannot find function `sum_of_divisors` in this scope\n --> /tmp/tmpbklirzsq.rs:6:21\n  |\n6 |         if a > i && sum_of_divisors(a) == i {\n  |                     ^^^^^^^^^^^^^^^ not found in this scope\n\nerror: aborting due to 2 previous errors\n\nFor more information about this error, try `rustc --explain E0425`.\n",
      "exit_code": 1,
      "status": "SyntaxError"
    },
    {
      "program": "/// Write a function to sum all amicable numbers from 1 to a specified number.\nfn amicable_numbers_sum(limit: isize) -> isize {\n    let mut sum = 0;\n    for i in 1..limit {\n        let a = sum_of_divisors(i);\n        if a > i && sum_of_divisors(a) == i {\n            sum += a + i;\n        }\n    }\n    sum\n}\n\nfn main() {\n    let candidate = amicable_numbers_sum;\n    assert_eq!(candidate(999), 504);\n    assert_eq!(candidate(9999), 31626);\n    assert_eq!(candidate(99), 0);\n}\n",
      "timestamp": 1665517254,
      "stdout": "",
      "stderr": "error[E0425]: cannot find function `sum_of_divisors` in this scope\n --> /tmp/tmp6pu2i3_1.rs:5:17\n  |\n5 |         let a = sum_of_divisors(i);\n  |                 ^^^^^^^^^^^^^^^ not found in this scope\n\nerror[E0425]: cannot find function `sum_of_divisors` in this scope\n --> /tmp/tmp6pu2i3_1.rs:6:21\n  |\n6 |         if a > i && sum_of_divisors(a) == i {\n  |                     ^^^^^^^^^^^^^^^ not found in this scope\n\nerror: aborting due to 2 previous errors\n\nFor more information about this error, try `rustc --explain E0425`.\n",
      "exit_code": 1,
      "status": "SyntaxError"
    },
    {
      "program": "/// Write a function to sum all amicable numbers from 1 to a specified number.\nfn amicable_numbers_sum(limit: isize) -> isize {\n    let mut sum = 0;\n    for i in 1..limit {\n        let a = sum_of_divisors(i);\n        let b = sum_of_divisors(a);\n        if i == b && i != a {\n            sum += i;\n        }\n    }\n    sum\n}\n\nfn main() {\n    let candidate = amicable_numbers_sum;\n    assert_eq!(candidate(999), 504);\n    assert_eq!(candidate(9999), 31626);\n    assert_eq!(candidate(99), 0);\n}\n",
      "timestamp": 1665517254,
      "stdout": "",
      "stderr": "error[E0425]: cannot find function `sum_of_divisors` in this scope\n --> /tmp/tmpfwi6hjuj.rs:5:17\n  |\n5 |         let a = sum_of_divisors(i);\n  |                 ^^^^^^^^^^^^^^^ not found in this scope\n\nerror[E0425]: cannot find function `sum_of_divisors` in this scope\n --> /tmp/tmpfwi6hjuj.rs:6:17\n  |\n6 |         let b = sum_of_divisors(a);\n  |                 ^^^^^^^^^^^^^^^ not found in this scope\n\nerror: aborting due to 2 previous errors\n\nFor more information about this error, try `rustc --explain E0425`.\n",
      "exit_code": 1,
      "status": "SyntaxError"
    },
    {
      "program": "/// Write a function to sum all amicable numbers from 1 to a specified number.\nfn amicable_numbers_sum(limit: isize) -> isize {\n    let mut sum = 0;\n    for i in 1..limit {\n        let a = sum_of_divisors(i);\n        if a > i && sum_of_divisors(a) == i {\n            sum += i + a;\n        }\n    }\n    sum\n}\n\nfn main() {\n    let candidate = amicable_numbers_sum;\n    assert_eq!(candidate(999), 504);\n    assert_eq!(candidate(9999), 31626);\n    assert_eq!(candidate(99), 0);\n}\n",
      "timestamp": 1665517254,
      "stdout": "",
      "stderr": "error[E0425]: cannot find function `sum_of_divisors` in this scope\n --> /tmp/tmpbklirzsq.rs:5:17\n  |\n5 |         let a = sum_of_divisors(i);\n  |                 ^^^^^^^^^^^^^^^ not found in this scope\n\nerror[E0425]: cannot find function `sum_of_divisors` in this scope\n --> /tmp/tmpbklirzsq.rs:6:21\n  |\n6 |         if a > i && sum_of_divisors(a) == i {\n  |                     ^^^^^^^^^^^^^^^ not found in this scope\n\nerror: aborting due to 2 previous errors\n\nFor more information about this error, try `rustc --explain E0425`.\n",
      "exit_code": 1,
      "status": "SyntaxError"
    },
    {
      "program": "/// Write a function to sum all amicable numbers from 1 to a specified number.\nfn amicable_numbers_sum(limit: isize) -> isize {\n    let mut sum = 0;\n    for i in 1..limit {\n        let a = proper_divisors_sum(i);\n        if a != i && proper_divisors_sum(a) == i {\n            sum += i;\n        }\n    }\n    sum\n}\n\nfn main() {\n    let candidate = amicable_numbers_sum;\n    assert_eq!(candidate(999), 504);\n    assert_eq!(candidate(9999), 31626);\n    assert_eq!(candidate(99), 0);\n}\n",
      "timestamp": 1666122693,
      "stdout": "",
      "stderr": "error[E0425]: cannot find function `proper_divisors_sum` in this scope\n --> /tmp/tmp1i2am7yf.rs:5:17\n  |\n5 |         let a = proper_divisors_sum(i);\n  |                 ^^^^^^^^^^^^^^^^^^^ not found in this scope\n\nerror[E0425]: cannot find function `proper_divisors_sum` in this scope\n --> /tmp/tmp1i2am7yf.rs:6:22\n  |\n6 |         if a != i && proper_divisors_sum(a) == i {\n  |                      ^^^^^^^^^^^^^^^^^^^ not found in this scope\n\nerror: aborting due to 2 previous errors\n\nFor more information about this error, try `rustc --explain E0425`.\n",
      "exit_code": 1,
      "status": "SyntaxError"
    },
    {
      "program": "/// Write a function to sum all amicable numbers from 1 to a specified number.\nfn amicable_numbers_sum(limit: isize) -> isize {\n    let mut sum = 0;\n    for i in 1..limit {\n        let a = sum_of_divisors(i);\n        if a != i && sum_of_divisors(a) == i {\n            sum += a;\n        }\n    }\n    sum\n}\n\nfn main() {\n    let candidate = amicable_numbers_sum;\n    assert_eq!(candidate(999), 504);\n    assert_eq!(candidate(9999), 31626);\n    assert_eq!(candidate(99), 0);\n}\n",
      "timestamp": 1666122694,
      "stdout": "",
      "stderr": "error[E0425]: cannot find function `sum_of_divisors` in this scope\n --> /tmp/tmpuaev660_.rs:5:17\n  |\n5 |         let a = sum_of_divisors(i);\n  |                 ^^^^^^^^^^^^^^^ not found in this scope\n\nerror[E0425]: cannot find function `sum_of_divisors` in this scope\n --> /tmp/tmpuaev660_.rs:6:22\n  |\n6 |         if a != i && sum_of_divisors(a) == i {\n  |                      ^^^^^^^^^^^^^^^ not found in this scope\n\nerror: aborting due to 2 previous errors\n\nFor more information about this error, try `rustc --explain E0425`.\n",
      "exit_code": 1,
      "status": "SyntaxError"
    },
    {
      "program": "/// Write a function to sum all amicable numbers from 1 to a specified number.\nfn amicable_numbers_sum(limit: isize) -> isize {\n    let mut sum = 0;\n    for i in 1..limit {\n        let a = sum_of_divisors(i);\n        if a > i && sum_of_divisors(a) == i {\n            sum += a + i;\n        }\n    }\n    sum\n}\n\nfn main() {\n    let candidate = amicable_numbers_sum;\n    assert_eq!(candidate(999), 504);\n    assert_eq!(candidate(9999), 31626);\n    assert_eq!(candidate(99), 0);\n}\n",
      "timestamp": 1665517254,
      "stdout": "",
      "stderr": "error[E0425]: cannot find function `sum_of_divisors` in this scope\n --> /tmp/tmp6pu2i3_1.rs:5:17\n  |\n5 |         let a = sum_of_divisors(i);\n  |                 ^^^^^^^^^^^^^^^ not found in this scope\n\nerror[E0425]: cannot find function `sum_of_divisors` in this scope\n --> /tmp/tmp6pu2i3_1.rs:6:21\n  |\n6 |         if a > i && sum_of_divisors(a) == i {\n  |                     ^^^^^^^^^^^^^^^ not found in this scope\n\nerror: aborting due to 2 previous errors\n\nFor more information about this error, try `rustc --explain E0425`.\n",
      "exit_code": 1,
      "status": "SyntaxError"
    },
    {
      "program": "/// Write a function to sum all amicable numbers from 1 to a specified number.\nfn amicable_numbers_sum(limit: isize) -> isize {\n    let mut sum = 0;\n    for i in 1..limit {\n        let a = sum_of_divisors(i);\n        if a > i && sum_of_divisors(a) == i {\n            sum += i + a;\n        }\n    }\n    sum\n}\n\nfn main() {\n    let candidate = amicable_numbers_sum;\n    assert_eq!(candidate(999), 504);\n    assert_eq!(candidate(9999), 31626);\n    assert_eq!(candidate(99), 0);\n}\n",
      "timestamp": 1665517254,
      "stdout": "",
      "stderr": "error[E0425]: cannot find function `sum_of_divisors` in this scope\n --> /tmp/tmpbklirzsq.rs:5:17\n  |\n5 |         let a = sum_of_divisors(i);\n  |                 ^^^^^^^^^^^^^^^ not found in this scope\n\nerror[E0425]: cannot find function `sum_of_divisors` in this scope\n --> /tmp/tmpbklirzsq.rs:6:21\n  |\n6 |         if a > i && sum_of_divisors(a) == i {\n  |                     ^^^^^^^^^^^^^^^ not found in this scope\n\nerror: aborting due to 2 previous errors\n\nFor more information about this error, try `rustc --explain E0425`.\n",
      "exit_code": 1,
      "status": "SyntaxError"
    },
    {
      "program": "/// Write a function to sum all amicable numbers from 1 to a specified number.\nfn amicable_numbers_sum(limit: isize) -> isize {\n    let mut sum = 0;\n    for i in 1..limit {\n        let a = sum_of_divisors(i);\n        if a > i && sum_of_divisors(a) == i {\n            sum += i + a;\n        }\n    }\n    sum\n}\n\nfn main() {\n    let candidate = amicable_numbers_sum;\n    assert_eq!(candidate(999), 504);\n    assert_eq!(candidate(9999), 31626);\n    assert_eq!(candidate(99), 0);\n}\n",
      "timestamp": 1665517254,
      "stdout": "",
      "stderr": "error[E0425]: cannot find function `sum_of_divisors` in this scope\n --> /tmp/tmpbklirzsq.rs:5:17\n  |\n5 |         let a = sum_of_divisors(i);\n  |                 ^^^^^^^^^^^^^^^ not found in this scope\n\nerror[E0425]: cannot find function `sum_of_divisors` in this scope\n --> /tmp/tmpbklirzsq.rs:6:21\n  |\n6 |         if a > i && sum_of_divisors(a) == i {\n  |                     ^^^^^^^^^^^^^^^ not found in this scope\n\nerror: aborting due to 2 previous errors\n\nFor more information about this error, try `rustc --explain E0425`.\n",
      "exit_code": 1,
      "status": "SyntaxError"
    },
    {
      "program": "/// Write a function to sum all amicable numbers from 1 to a specified number.\nfn amicable_numbers_sum(limit: isize) -> isize {\n    let mut sum = 0;\n    for n in 1..limit {\n        let m = sum_proper_divisors(n);\n        if m != n && sum_proper_divisors(m) == n {\n            sum += n;\n        }\n    }\n    sum\n}\n\nfn main() {\n    let candidate = amicable_numbers_sum;\n    assert_eq!(candidate(999), 504);\n    assert_eq!(candidate(9999), 31626);\n    assert_eq!(candidate(99), 0);\n}\n",
      "timestamp": 1666122693,
      "stdout": "",
      "stderr": "error[E0425]: cannot find function `sum_proper_divisors` in this scope\n --> /tmp/tmptmgh0q87.rs:5:17\n  |\n5 |         let m = sum_proper_divisors(n);\n  |                 ^^^^^^^^^^^^^^^^^^^ not found in this scope\n\nerror[E0425]: cannot find function `sum_proper_divisors` in this scope\n --> /tmp/tmptmgh0q87.rs:6:22\n  |\n6 |         if m != n && sum_proper_divisors(m) == n {\n  |                      ^^^^^^^^^^^^^^^^^^^ not found in this scope\n\nerror: aborting due to 2 previous errors\n\nFor more information about this error, try `rustc --explain E0425`.\n",
      "exit_code": 1,
      "status": "SyntaxError"
    },
    {
      "program": "/// Write a function to sum all amicable numbers from 1 to a specified number.\nfn amicable_numbers_sum(limit: isize) -> isize {\n    let mut sum = 0;\n    for i in 1..limit {\n        let j = sum_proper_divisors(i);\n        if i != j && sum_proper_divisors(j) == i {\n            sum += i;\n        }\n    }\n    sum\n}\n\nfn main() {\n    let candidate = amicable_numbers_sum;\n    assert_eq!(candidate(999), 504);\n    assert_eq!(candidate(9999), 31626);\n    assert_eq!(candidate(99), 0);\n}\n",
      "timestamp": 1666122693,
      "stdout": "",
      "stderr": "error[E0425]: cannot find function `sum_proper_divisors` in this scope\n --> /tmp/tmp6zqcp8zu.rs:5:17\n  |\n5 |         let j = sum_proper_divisors(i);\n  |                 ^^^^^^^^^^^^^^^^^^^ not found in this scope\n\nerror[E0425]: cannot find function `sum_proper_divisors` in this scope\n --> /tmp/tmp6zqcp8zu.rs:6:22\n  |\n6 |         if i != j && sum_proper_divisors(j) == i {\n  |                      ^^^^^^^^^^^^^^^^^^^ not found in this scope\n\nerror: aborting due to 2 previous errors\n\nFor more information about this error, try `rustc --explain E0425`.\n",
      "exit_code": 1,
      "status": "SyntaxError"
    },
    {
      "program": "/// Write a function to sum all amicable numbers from 1 to a specified number.\nfn amicable_numbers_sum(limit: isize) -> isize {\n    let mut sum = 0;\n    for i in 1..limit {\n        let sum_divisors = sum_divisors(i);\n        if sum_divisors != i && sum_divisors < limit && sum_divisors == sum_divisors(sum_divisors) {\n            sum += i;\n        }\n    }\n    sum\n}\n\nfn main() {\n    let candidate = amicable_numbers_sum;\n    assert_eq!(candidate(999), 504);\n    assert_eq!(candidate(9999), 31626);\n    assert_eq!(candidate(99), 0);\n}\n",
      "timestamp": 1665517254,
      "stdout": "",
      "stderr": "error[E0425]: cannot find function `sum_divisors` in this scope\n --> /tmp/tmpp0p3oagl.rs:5:28\n  |\n5 |         let sum_divisors = sum_divisors(i);\n  |                            ^^^^^^^^^^^^ not found in this scope\n\nerror: aborting due to previous error\n\nFor more information about this error, try `rustc --explain E0425`.\n",
      "exit_code": 1,
      "status": "SyntaxError"
    },
    {
      "program": "/// Write a function to sum all amicable numbers from 1 to a specified number.\nfn amicable_numbers_sum(limit: isize) -> isize {\n    let mut sum = 0;\n    for i in 1..limit {\n        let a = sum_of_divisors(i);\n        if a != i && sum_of_divisors(a) == i {\n            sum += i;\n        }\n    }\n    sum\n}\n\nfn main() {\n    let candidate = amicable_numbers_sum;\n    assert_eq!(candidate(999), 504);\n    assert_eq!(candidate(9999), 31626);\n    assert_eq!(candidate(99), 0);\n}\n",
      "timestamp": 1665517254,
      "stdout": "",
      "stderr": "error[E0425]: cannot find function `sum_of_divisors` in this scope\n --> /tmp/tmpbkukonmr.rs:5:17\n  |\n5 |         let a = sum_of_divisors(i);\n  |                 ^^^^^^^^^^^^^^^ not found in this scope\n\nerror[E0425]: cannot find function `sum_of_divisors` in this scope\n --> /tmp/tmpbkukonmr.rs:6:22\n  |\n6 |         if a != i && sum_of_divisors(a) == i {\n  |                      ^^^^^^^^^^^^^^^ not found in this scope\n\nerror: aborting due to 2 previous errors\n\nFor more information about this error, try `rustc --explain E0425`.\n",
      "exit_code": 1,
      "status": "SyntaxError"
    },
    {
      "program": "/// Write a function to sum all amicable numbers from 1 to a specified number.\nfn amicable_numbers_sum(limit: isize) -> isize {\n    (1..limit)\n        .filter(|&n| {\n            let m = sum_of_divisors(n);\n            n != m && sum_of_divisors(m) == n\n        })\n        .sum()\n}\n\nfn main() {\n    let candidate = amicable_numbers_sum;\n    assert_eq!(candidate(999), 504);\n    assert_eq!(candidate(9999), 31626);\n    assert_eq!(candidate(99), 0);\n}\n",
      "timestamp": 1666122694,
      "stdout": "",
      "stderr": "error[E0425]: cannot find function `sum_of_divisors` in this scope\n --> /tmp/tmpqcn9hzr2.rs:5:21\n  |\n5 |             let m = sum_of_divisors(n);\n  |                     ^^^^^^^^^^^^^^^ not found in this scope\n\nerror[E0425]: cannot find function `sum_of_divisors` in this scope\n --> /tmp/tmpqcn9hzr2.rs:6:23\n  |\n6 |             n != m && sum_of_divisors(m) == n\n  |                       ^^^^^^^^^^^^^^^ not found in this scope\n\nerror: aborting due to 2 previous errors\n\nFor more information about this error, try `rustc --explain E0425`.\n",
      "exit_code": 1,
      "status": "SyntaxError"
    },
    {
      "program": "/// Write a function to sum all amicable numbers from 1 to a specified number.\nfn amicable_numbers_sum(limit: isize) -> isize {\n    let mut sum = 0;\n    for i in 1..limit {\n        let a = sum_of_divisors(i);\n        if a > i && sum_of_divisors(a) == i {\n            sum += i + a;\n        }\n    }\n    sum\n}\n\nfn main() {\n    let candidate = amicable_numbers_sum;\n    assert_eq!(candidate(999), 504);\n    assert_eq!(candidate(9999), 31626);\n    assert_eq!(candidate(99), 0);\n}\n",
      "timestamp": 1665517254,
      "stdout": "",
      "stderr": "error[E0425]: cannot find function `sum_of_divisors` in this scope\n --> /tmp/tmpbklirzsq.rs:5:17\n  |\n5 |         let a = sum_of_divisors(i);\n  |                 ^^^^^^^^^^^^^^^ not found in this scope\n\nerror[E0425]: cannot find function `sum_of_divisors` in this scope\n --> /tmp/tmpbklirzsq.rs:6:21\n  |\n6 |         if a > i && sum_of_divisors(a) == i {\n  |                     ^^^^^^^^^^^^^^^ not found in this scope\n\nerror: aborting due to 2 previous errors\n\nFor more information about this error, try `rustc --explain E0425`.\n",
      "exit_code": 1,
      "status": "SyntaxError"
    }
  ]
}